<anim ver="netanim-3.108" filetype="animation" >
<node id="0" sysId="0" locX="754.0583257" locY="943.6416149" />
<node id="1" sysId="0" locX="655.309044" locY="821.0231012" />
<node id="2" sysId="0" locX="64" locY="58" />
<node id="3" sysId="0" locX="887.7687732" locY="617.0184149" />
<node id="4" sysId="0" locX="1000" locY="1000" />
<node id="5" sysId="0" locX="1257.316703" locY="1248.86917" />
<node id="6" sysId="0" locX="1182.114163" locY="1388.760535" />
<node id="7" sysId="0" locX="755.1453472" locY="639.5413778" />
<nu p="c" t="0" id="0" r="255" g="0" b="0" />
<nu p="c" t="0" id="1" r="255" g="0" b="0" />
<nu p="c" t="0" id="2" r="255" g="0" b="0" />
<nu p="c" t="0" id="3" r="255" g="0" b="0" />
<nu p="c" t="0" id="4" r="255" g="0" b="0" />
<nu p="c" t="0" id="5" r="255" g="0" b="0" />
<nu p="c" t="0" id="6" r="255" g="0" b="0" />
<nu p="c" t="0" id="7" r="255" g="0" b="0" />
<nonp2plinkproperties id="0" ipAddress="127.0.0.1~00:00:00:00:00:00" channelType="Unknown channel" />
<nonp2plinkproperties id="0" ipAddress="7.0.0.1~00:00:00:00:00:01" channelType="Unknown channel" />
<link fromId="0" toId="1" fd="14.0.0.5~00:00:00:00:00:02" td="14.0.0.6~00:00:00:00:00:03" ld="" />
<link fromId="0" toId="3" fd="1.0.0.1~00:00:00:00:00:06" td="1.0.0.2~00:00:00:00:00:07" ld="" />
<link fromId="0" toId="7" fd="2.0.0.1~00:00:00:00:00:08" td="2.0.0.2~00:00:00:00:00:09" ld="" />
<nonp2plinkproperties id="1" ipAddress="127.0.0.1~00:00:00:00:00:00" channelType="Unknown channel" />
<link fromId="1" toId="2" fd="13.0.0.6~00:00:00:00:00:05" td="13.0.0.5~00:00:00:00:00:04" ld="" />
<link fromId="1" toId="4" fd="10.0.0.6~00:00:00:00:00:0b" td="10.0.0.5~00:00:00:00:00:0a" ld="" />
<nonp2plinkproperties id="2" ipAddress="127.0.0.1~00:00:00:00:00:00" channelType="Unknown channel" />
<nonp2plinkproperties id="3" ipAddress="127.0.0.1~00:00:00:00:00:00" channelType="Unknown channel" />
<nonp2plinkproperties id="4" ipAddress="127.0.0.1~00:00:00:00:00:00" channelType="Unknown channel" />
<nonp2plinkproperties id="5" ipAddress="7.0.0.2~00:00:00:00:00:00:00:01" channelType="Unknown channel" />
<nonp2plinkproperties id="5" ipAddress="127.0.0.1~00:00:00:00:00:00" channelType="Unknown channel" />
<nonp2plinkproperties id="6" ipAddress="7.0.0.3~00:00:00:00:00:00:00:02" channelType="Unknown channel" />
<nonp2plinkproperties id="6" ipAddress="127.0.0.1~00:00:00:00:00:00" channelType="Unknown channel" />
<nonp2plinkproperties id="7" ipAddress="127.0.0.1~00:00:00:00:00:00" channelType="Unknown channel" />
<ip n="0" >
<address >127.0.0.1</address>

<address >7.0.0.1</address>

<address >14.0.0.5</address>

<address >1.0.0.1</address>

<address >2.0.0.1</address>

</ip>
<ip n="0" >
<address >127.0.0.1</address>

<address >7.0.0.1</address>

<address >14.0.0.5</address>

<address >1.0.0.1</address>

<address >2.0.0.1</address>

</ip>
<ip n="0" >
<address >127.0.0.1</address>

<address >7.0.0.1</address>

<address >14.0.0.5</address>

<address >1.0.0.1</address>

<address >2.0.0.1</address>

</ip>
<ip n="0" >
<address >127.0.0.1</address>

<address >7.0.0.1</address>

<address >14.0.0.5</address>

<address >1.0.0.1</address>

<address >2.0.0.1</address>

</ip>
<ip n="0" >
<address >127.0.0.1</address>

<address >7.0.0.1</address>

<address >14.0.0.5</address>

<address >1.0.0.1</address>

<address >2.0.0.1</address>

</ip>
<ip n="1" >
<address >14.0.0.6</address>

<address >127.0.0.1</address>

<address >13.0.0.6</address>

<address >10.0.0.6</address>

</ip>
<ip n="1" >
<address >14.0.0.6</address>

<address >127.0.0.1</address>

<address >13.0.0.6</address>

<address >10.0.0.6</address>

</ip>
<ip n="1" >
<address >14.0.0.6</address>

<address >127.0.0.1</address>

<address >13.0.0.6</address>

<address >10.0.0.6</address>

</ip>
<ip n="1" >
<address >14.0.0.6</address>

<address >127.0.0.1</address>

<address >13.0.0.6</address>

<address >10.0.0.6</address>

</ip>
<ip n="2" >
<address >13.0.0.5</address>

<address >127.0.0.1</address>

</ip>
<ip n="2" >
<address >13.0.0.5</address>

<address >127.0.0.1</address>

</ip>
<ip n="3" >
<address >1.0.0.2</address>

<address >127.0.0.1</address>

</ip>
<ip n="3" >
<address >1.0.0.2</address>

<address >127.0.0.1</address>

</ip>
<ip n="4" >
<address >10.0.0.5</address>

<address >127.0.0.1</address>

</ip>
<ip n="4" >
<address >10.0.0.5</address>

<address >127.0.0.1</address>

</ip>
<ip n="5" >
<address >7.0.0.2</address>

<address >127.0.0.1</address>

</ip>
<ip n="5" >
<address >7.0.0.2</address>

<address >127.0.0.1</address>

</ip>
<ip n="6" >
<address >7.0.0.3</address>

<address >127.0.0.1</address>

</ip>
<ip n="6" >
<address >7.0.0.3</address>

<address >127.0.0.1</address>

</ip>
<ip n="7" >
<address >2.0.0.2</address>

<address >127.0.0.1</address>

</ip>
<ip n="7" >
<address >2.0.0.2</address>

<address >127.0.0.1</address>

</ip>
<ipv6 n="0" >
<address >::1</address>

<address >fe80::200:ff:fe00:1</address>

<address >7777:f00d::200:ff:fe00:1</address>

</ipv6>
<ipv6 n="1" >
<address >::1</address>

</ipv6>
<ipv6 n="2" >
<address >::1</address>

</ipv6>
<ipv6 n="3" >
<address >::1</address>

</ipv6>
<ipv6 n="4" >
<address >::1</address>

</ipv6>
<ipv6 n="5" >
<address >::1</address>

</ipv6>
<ipv6 n="6" >
<address >::1</address>

</ipv6>
<ipv6 n="7" >
<address >::1</address>

</ipv6>
<nu p="s" t="0" id="0" w="1" h="1" />
<nu p="s" t="0" id="1" w="1" h="1" />
<nu p="s" t="0" id="2" w="1" h="1" />
<nu p="s" t="0" id="3" w="1" h="1" />
<nu p="s" t="0" id="4" w="1" h="1" />
<nu p="s" t="0" id="5" w="1" h="1" />
<nu p="s" t="0" id="6" w="1" h="1" />
<nu p="s" t="0" id="7" w="1" h="1" />
<ncs ncId="0" n="RemainingEnergy" t="DOUBLE" />
<p fId="3" fbTx="0.007882096" lbTx="0.00788218" tId="0" fbRx="0.017882096" lbRx="0.01788218" />
<p fId="3" fbTx="0.007982096" lbTx="0.00798218" tId="0" fbRx="0.017982096" lbRx="0.01798218" />
<p fId="3" fbTx="0.008082096" lbTx="0.00808218" tId="0" fbRx="0.018082096" lbRx="0.01808218" />
<p fId="3" fbTx="0.008182096" lbTx="0.00818218" tId="0" fbRx="0.018182096" lbRx="0.01818218" />
<p fId="3" fbTx="0.008282096" lbTx="0.00828218" tId="0" fbRx="0.018282096" lbRx="0.01828218" />
<p fId="3" fbTx="0.008382096" lbTx="0.00838218" tId="0" fbRx="0.018382096" lbRx="0.01838218" />
<p fId="3" fbTx="0.008482096" lbTx="0.00848218" tId="0" fbRx="0.018482096" lbRx="0.01848218" />
<p fId="3" fbTx="0.008582096" lbTx="0.00858218" tId="0" fbRx="0.018582096" lbRx="0.01858218" />
<p fId="3" fbTx="0.008682096" lbTx="0.00868218" tId="0" fbRx="0.018682096" lbRx="0.01868218" />
<p fId="3" fbTx="0.008782096" lbTx="0.00878218" tId="0" fbRx="0.018782096" lbRx="0.01878218" />
<p fId="3" fbTx="0.008882096" lbTx="0.00888218" tId="0" fbRx="0.018882096" lbRx="0.01888218" />
<p fId="3" fbTx="0.008982096" lbTx="0.00898218" tId="0" fbRx="0.018982096" lbRx="0.01898218" />
<p fId="3" fbTx="0.009082096" lbTx="0.00908218" tId="0" fbRx="0.019082096" lbRx="0.01908218" />
<p fId="3" fbTx="0.009182096" lbTx="0.00918218" tId="0" fbRx="0.019182096" lbRx="0.01918218" />
<p fId="3" fbTx="0.009282096" lbTx="0.00928218" tId="0" fbRx="0.019282096" lbRx="0.01928218" />
<p fId="3" fbTx="0.009382096" lbTx="0.00938218" tId="0" fbRx="0.019382096" lbRx="0.01938218" />
<p fId="3" fbTx="0.009482096" lbTx="0.00948218" tId="0" fbRx="0.019482096" lbRx="0.01948218" />
<p fId="3" fbTx="0.009582096" lbTx="0.00958218" tId="0" fbRx="0.019582096" lbRx="0.01958218" />
<p fId="3" fbTx="0.009682096" lbTx="0.00968218" tId="0" fbRx="0.019682096" lbRx="0.01968218" />
<p fId="3" fbTx="0.009782096" lbTx="0.00978218" tId="0" fbRx="0.019782096" lbRx="0.01978218" />
<p fId="3" fbTx="0.009882096" lbTx="0.00988218" tId="0" fbRx="0.019882096" lbRx="0.01988218" />
<p fId="3" fbTx="0.009982096" lbTx="0.00998218" tId="0" fbRx="0.019982096" lbRx="0.01998218" />
<p fId="3" fbTx="0.010082096" lbTx="0.01008218" tId="0" fbRx="0.020082096" lbRx="0.02008218" />
<p fId="3" fbTx="0.010182096" lbTx="0.01018218" tId="0" fbRx="0.020182096" lbRx="0.02018218" />
<p fId="3" fbTx="0.010282096" lbTx="0.01028218" tId="0" fbRx="0.020282096" lbRx="0.02028218" />
<p fId="3" fbTx="0.010382096" lbTx="0.01038218" tId="0" fbRx="0.020382096" lbRx="0.02038218" />
<p fId="3" fbTx="0.010482096" lbTx="0.01048218" tId="0" fbRx="0.020482096" lbRx="0.02048218" />
<p fId="3" fbTx="0.010582096" lbTx="0.01058218" tId="0" fbRx="0.020582096" lbRx="0.02058218" />
<p fId="3" fbTx="0.010682096" lbTx="0.01068218" tId="0" fbRx="0.020682096" lbRx="0.02068218" />
<p fId="3" fbTx="0.010782096" lbTx="0.01078218" tId="0" fbRx="0.020782096" lbRx="0.02078218" />
<p fId="3" fbTx="0.010882096" lbTx="0.01088218" tId="0" fbRx="0.020882096" lbRx="0.02088218" />
<p fId="3" fbTx="0.010982096" lbTx="0.01098218" tId="0" fbRx="0.020982096" lbRx="0.02098218" />
<p fId="3" fbTx="0.011082096" lbTx="0.01108218" tId="0" fbRx="0.021082096" lbRx="0.02108218" />
<p fId="3" fbTx="0.011182096" lbTx="0.01118218" tId="0" fbRx="0.021182096" lbRx="0.02118218" />
<p fId="3" fbTx="0.011282096" lbTx="0.01128218" tId="0" fbRx="0.021282096" lbRx="0.02128218" />
<p fId="3" fbTx="0.011382096" lbTx="0.01138218" tId="0" fbRx="0.021382096" lbRx="0.02138218" />
<p fId="3" fbTx="0.011482096" lbTx="0.01148218" tId="0" fbRx="0.021482096" lbRx="0.02148218" />
<p fId="3" fbTx="0.011582096" lbTx="0.01158218" tId="0" fbRx="0.021582096" lbRx="0.02158218" />
<p fId="3" fbTx="0.011682096" lbTx="0.01168218" tId="0" fbRx="0.021682096" lbRx="0.02168218" />
<p fId="3" fbTx="0.011782096" lbTx="0.01178218" tId="0" fbRx="0.021782096" lbRx="0.02178218" />
<p fId="3" fbTx="0.011882096" lbTx="0.01188218" tId="0" fbRx="0.021882096" lbRx="0.02188218" />
<p fId="3" fbTx="0.011982096" lbTx="0.01198218" tId="0" fbRx="0.021982096" lbRx="0.02198218" />
<p fId="3" fbTx="0.012082096" lbTx="0.01208218" tId="0" fbRx="0.022082096" lbRx="0.02208218" />
<p fId="3" fbTx="0.012182096" lbTx="0.01218218" tId="0" fbRx="0.022182096" lbRx="0.02218218" />
<p fId="3" fbTx="0.012282096" lbTx="0.01228218" tId="0" fbRx="0.022282096" lbRx="0.02228218" />
<p fId="3" fbTx="0.012382096" lbTx="0.01238218" tId="0" fbRx="0.022382096" lbRx="0.02238218" />
<p fId="3" fbTx="0.012482096" lbTx="0.01248218" tId="0" fbRx="0.022482096" lbRx="0.02248218" />
<p fId="3" fbTx="0.012582096" lbTx="0.01258218" tId="0" fbRx="0.022582096" lbRx="0.02258218" />
<p fId="3" fbTx="0.012682096" lbTx="0.01268218" tId="0" fbRx="0.022682096" lbRx="0.02268218" />
<p fId="3" fbTx="0.012782096" lbTx="0.01278218" tId="0" fbRx="0.022782096" lbRx="0.02278218" />
<p fId="3" fbTx="0.012882096" lbTx="0.01288218" tId="0" fbRx="0.022882096" lbRx="0.02288218" />
<p fId="3" fbTx="0.012982096" lbTx="0.01298218" tId="0" fbRx="0.022982096" lbRx="0.02298218" />
<p fId="3" fbTx="0.013082096" lbTx="0.01308218" tId="0" fbRx="0.023082096" lbRx="0.02308218" />
<p fId="3" fbTx="0.013182096" lbTx="0.01318218" tId="0" fbRx="0.023182096" lbRx="0.02318218" />
<p fId="3" fbTx="0.013282096" lbTx="0.01328218" tId="0" fbRx="0.023282096" lbRx="0.02328218" />
<p fId="3" fbTx="0.013382096" lbTx="0.01338218" tId="0" fbRx="0.023382096" lbRx="0.02338218" />
<p fId="3" fbTx="0.013482096" lbTx="0.01348218" tId="0" fbRx="0.023482096" lbRx="0.02348218" />
<p fId="3" fbTx="0.013582096" lbTx="0.01358218" tId="0" fbRx="0.023582096" lbRx="0.02358218" />
<p fId="3" fbTx="0.013682096" lbTx="0.01368218" tId="0" fbRx="0.023682096" lbRx="0.02368218" />
<p fId="3" fbTx="0.013782096" lbTx="0.01378218" tId="0" fbRx="0.023782096" lbRx="0.02378218" />
<p fId="3" fbTx="0.013882096" lbTx="0.01388218" tId="0" fbRx="0.023882096" lbRx="0.02388218" />
<p fId="3" fbTx="0.013982096" lbTx="0.01398218" tId="0" fbRx="0.023982096" lbRx="0.02398218" />
<p fId="3" fbTx="0.014082096" lbTx="0.01408218" tId="0" fbRx="0.024082096" lbRx="0.02408218" />
<p fId="3" fbTx="0.014182096" lbTx="0.01418218" tId="0" fbRx="0.024182096" lbRx="0.02418218" />
<p fId="3" fbTx="0.014282096" lbTx="0.01428218" tId="0" fbRx="0.024282096" lbRx="0.02428218" />
<p fId="3" fbTx="0.014382096" lbTx="0.01438218" tId="0" fbRx="0.024382096" lbRx="0.02438218" />
<p fId="3" fbTx="0.014482096" lbTx="0.01448218" tId="0" fbRx="0.024482096" lbRx="0.02448218" />
<p fId="3" fbTx="0.014582096" lbTx="0.01458218" tId="0" fbRx="0.024582096" lbRx="0.02458218" />
<p fId="3" fbTx="0.014682096" lbTx="0.01468218" tId="0" fbRx="0.024682096" lbRx="0.02468218" />
<p fId="3" fbTx="0.014782096" lbTx="0.01478218" tId="0" fbRx="0.024782096" lbRx="0.02478218" />
<p fId="3" fbTx="0.014882096" lbTx="0.01488218" tId="0" fbRx="0.024882096" lbRx="0.02488218" />
<p fId="3" fbTx="0.014982096" lbTx="0.01498218" tId="0" fbRx="0.024982096" lbRx="0.02498218" />
<p fId="3" fbTx="0.015082096" lbTx="0.01508218" tId="0" fbRx="0.025082096" lbRx="0.02508218" />
<p fId="3" fbTx="0.015182096" lbTx="0.01518218" tId="0" fbRx="0.025182096" lbRx="0.02518218" />
<p fId="3" fbTx="0.015282096" lbTx="0.01528218" tId="0" fbRx="0.025282096" lbRx="0.02528218" />
<p fId="3" fbTx="0.015382096" lbTx="0.01538218" tId="0" fbRx="0.025382096" lbRx="0.02538218" />
<p fId="3" fbTx="0.015482096" lbTx="0.01548218" tId="0" fbRx="0.025482096" lbRx="0.02548218" />
<p fId="3" fbTx="0.015582096" lbTx="0.01558218" tId="0" fbRx="0.025582096" lbRx="0.02558218" />
<p fId="3" fbTx="0.015682096" lbTx="0.01568218" tId="0" fbRx="0.025682096" lbRx="0.02568218" />
<p fId="3" fbTx="0.015782096" lbTx="0.01578218" tId="0" fbRx="0.025782096" lbRx="0.02578218" />
<p fId="3" fbTx="0.015882096" lbTx="0.01588218" tId="0" fbRx="0.025882096" lbRx="0.02588218" />
<p fId="3" fbTx="0.015982096" lbTx="0.01598218" tId="0" fbRx="0.025982096" lbRx="0.02598218" />
<p fId="3" fbTx="0.016082096" lbTx="0.01608218" tId="0" fbRx="0.026082096" lbRx="0.02608218" />
<p fId="3" fbTx="0.016182096" lbTx="0.01618218" tId="0" fbRx="0.026182096" lbRx="0.02618218" />
<p fId="3" fbTx="0.016282096" lbTx="0.01628218" tId="0" fbRx="0.026282096" lbRx="0.02628218" />
<p fId="3" fbTx="0.016382096" lbTx="0.01638218" tId="0" fbRx="0.026382096" lbRx="0.02638218" />
<p fId="3" fbTx="0.016482096" lbTx="0.01648218" tId="0" fbRx="0.026482096" lbRx="0.02648218" />
<p fId="3" fbTx="0.016582096" lbTx="0.01658218" tId="0" fbRx="0.026582096" lbRx="0.02658218" />
<p fId="3" fbTx="0.016682096" lbTx="0.01668218" tId="0" fbRx="0.026682096" lbRx="0.02668218" />
<p fId="3" fbTx="0.016782096" lbTx="0.01678218" tId="0" fbRx="0.026782096" lbRx="0.02678218" />
<p fId="3" fbTx="0.016882096" lbTx="0.01688218" tId="0" fbRx="0.026882096" lbRx="0.02688218" />
<p fId="3" fbTx="0.016982096" lbTx="0.01698218" tId="0" fbRx="0.026982096" lbRx="0.02698218" />
<p fId="3" fbTx="0.017082096" lbTx="0.01708218" tId="0" fbRx="0.027082096" lbRx="0.02708218" />
<p fId="3" fbTx="0.017182096" lbTx="0.01718218" tId="0" fbRx="0.027182096" lbRx="0.02718218" />
<p fId="3" fbTx="0.017282096" lbTx="0.01728218" tId="0" fbRx="0.027282096" lbRx="0.02728218" />
<p fId="3" fbTx="0.017382096" lbTx="0.01738218" tId="0" fbRx="0.027382096" lbRx="0.02738218" />
<p fId="3" fbTx="0.017482096" lbTx="0.01748218" tId="0" fbRx="0.027482096" lbRx="0.02748218" />
<p fId="3" fbTx="0.017582096" lbTx="0.01758218" tId="0" fbRx="0.027582096" lbRx="0.02758218" />
<p fId="3" fbTx="0.017682096" lbTx="0.01768218" tId="0" fbRx="0.027682096" lbRx="0.02768218" />
<p fId="3" fbTx="0.017782096" lbTx="0.01778218" tId="0" fbRx="0.027782096" lbRx="0.02778218" />
<p fId="3" fbTx="0.017882096" lbTx="0.01788218" tId="0" fbRx="0.027882096" lbRx="0.02788218" />
<p fId="3" fbTx="0.017982096" lbTx="0.01798218" tId="0" fbRx="0.027982096" lbRx="0.02798218" />
<p fId="3" fbTx="0.018082096" lbTx="0.01808218" tId="0" fbRx="0.028082096" lbRx="0.02808218" />
<p fId="3" fbTx="0.018182096" lbTx="0.01818218" tId="0" fbRx="0.028182096" lbRx="0.02818218" />
<p fId="3" fbTx="0.018282096" lbTx="0.01828218" tId="0" fbRx="0.028282096" lbRx="0.02828218" />
<p fId="3" fbTx="0.018382096" lbTx="0.01838218" tId="0" fbRx="0.028382096" lbRx="0.02838218" />
<p fId="3" fbTx="0.018482096" lbTx="0.01848218" tId="0" fbRx="0.028482096" lbRx="0.02848218" />
<p fId="3" fbTx="0.018582096" lbTx="0.01858218" tId="0" fbRx="0.028582096" lbRx="0.02858218" />
<p fId="3" fbTx="0.018682096" lbTx="0.01868218" tId="0" fbRx="0.028682096" lbRx="0.02868218" />
<p fId="3" fbTx="0.018782096" lbTx="0.01878218" tId="0" fbRx="0.028782096" lbRx="0.02878218" />
<p fId="3" fbTx="0.018882096" lbTx="0.01888218" tId="0" fbRx="0.028882096" lbRx="0.02888218" />
<p fId="3" fbTx="0.018982096" lbTx="0.01898218" tId="0" fbRx="0.028982096" lbRx="0.02898218" />
<p fId="3" fbTx="0.019082096" lbTx="0.01908218" tId="0" fbRx="0.029082096" lbRx="0.02908218" />
<p fId="3" fbTx="0.019182096" lbTx="0.01918218" tId="0" fbRx="0.029182096" lbRx="0.02918218" />
<p fId="3" fbTx="0.019282096" lbTx="0.01928218" tId="0" fbRx="0.029282096" lbRx="0.02928218" />
<p fId="3" fbTx="0.019382096" lbTx="0.01938218" tId="0" fbRx="0.029382096" lbRx="0.02938218" />
<p fId="3" fbTx="0.019482096" lbTx="0.01948218" tId="0" fbRx="0.029482096" lbRx="0.02948218" />
<p fId="3" fbTx="0.019582096" lbTx="0.01958218" tId="0" fbRx="0.029582096" lbRx="0.02958218" />
<p fId="3" fbTx="0.019682096" lbTx="0.01968218" tId="0" fbRx="0.029682096" lbRx="0.02968218" />
<p fId="3" fbTx="0.019782096" lbTx="0.01978218" tId="0" fbRx="0.029782096" lbRx="0.02978218" />
<p fId="3" fbTx="0.019882096" lbTx="0.01988218" tId="0" fbRx="0.029882096" lbRx="0.02988218" />
<p fId="3" fbTx="0.019982096" lbTx="0.01998218" tId="0" fbRx="0.029982096" lbRx="0.02998218" />
<p fId="3" fbTx="0.020082096" lbTx="0.02008218" tId="0" fbRx="0.030082096" lbRx="0.03008218" />
<p fId="3" fbTx="0.020182096" lbTx="0.02018218" tId="0" fbRx="0.030182096" lbRx="0.03018218" />
<p fId="2" fbTx="0.020214285" lbTx="0.020214417" tId="1" fbRx="0.020214285" lbRx="0.020214417" />
<p fId="2" fbTx="0.020214417" lbTx="0.020214549" tId="1" fbRx="0.020214417" lbRx="0.020214549" />
<p fId="1" fbTx="0.020214417" lbTx="0.020214549" tId="0" fbRx="0.020214417" lbRx="0.020214549" />
<p fId="1" fbTx="0.020214549" lbTx="0.020214681" tId="0" fbRx="0.020214549" lbRx="0.020214681" />
<p fId="0" fbTx="0.020214549" lbTx="0.020214667" tId="1" fbRx="0.020214549" lbRx="0.020214667" />
<p fId="1" fbTx="0.020214667" lbTx="0.020214785" tId="2" fbRx="0.020214667" lbRx="0.020214785" />
<p fId="0" fbTx="0.020214681" lbTx="0.020214799" tId="1" fbRx="0.020214681" lbRx="0.020214799" />
<p fId="1" fbTx="0.020214799" lbTx="0.020214917" tId="2" fbRx="0.020214799" lbRx="0.020214917" />
<p fId="3" fbTx="0.020282096" lbTx="0.02028218" tId="0" fbRx="0.030282096" lbRx="0.03028218" />
<p fId="0" fbTx="0.02028218" lbTx="0.020283055" tId="1" fbRx="0.02028218" lbRx="0.020283055" />
<p fId="1" fbTx="0.020283055" lbTx="0.02028393" tId="4" fbRx="0.020283055" lbRx="0.02028393" />
<p fId="3" fbTx="0.020382096" lbTx="0.02038218" tId="0" fbRx="0.030382096" lbRx="0.03038218" />
<p fId="0" fbTx="0.02038218" lbTx="0.020383055" tId="1" fbRx="0.02038218" lbRx="0.020383055" />
<p fId="1" fbTx="0.020383055" lbTx="0.02038393" tId="4" fbRx="0.020383055" lbRx="0.02038393" />
<p fId="3" fbTx="0.020482096" lbTx="0.02048218" tId="0" fbRx="0.030482096" lbRx="0.03048218" />
<p fId="0" fbTx="0.02048218" lbTx="0.020483055" tId="1" fbRx="0.02048218" lbRx="0.020483055" />
<p fId="1" fbTx="0.020483055" lbTx="0.02048393" tId="4" fbRx="0.020483055" lbRx="0.02048393" />
<p fId="3" fbTx="0.020582096" lbTx="0.02058218" tId="0" fbRx="0.030582096" lbRx="0.03058218" />
<p fId="0" fbTx="0.02058218" lbTx="0.020583055" tId="1" fbRx="0.02058218" lbRx="0.020583055" />
<p fId="1" fbTx="0.020583055" lbTx="0.02058393" tId="4" fbRx="0.020583055" lbRx="0.02058393" />
<p fId="3" fbTx="0.020682096" lbTx="0.02068218" tId="0" fbRx="0.030682096" lbRx="0.03068218" />
<p fId="0" fbTx="0.02068218" lbTx="0.020683055" tId="1" fbRx="0.02068218" lbRx="0.020683055" />
<p fId="1" fbTx="0.020683055" lbTx="0.02068393" tId="4" fbRx="0.020683055" lbRx="0.02068393" />
<p fId="3" fbTx="0.020782096" lbTx="0.02078218" tId="0" fbRx="0.030782096" lbRx="0.03078218" />
<p fId="0" fbTx="0.02078218" lbTx="0.020783055" tId="1" fbRx="0.02078218" lbRx="0.020783055" />
<p fId="1" fbTx="0.020783055" lbTx="0.02078393" tId="4" fbRx="0.020783055" lbRx="0.02078393" />
<p fId="3" fbTx="0.020882096" lbTx="0.02088218" tId="0" fbRx="0.030882096" lbRx="0.03088218" />
<p fId="0" fbTx="0.02088218" lbTx="0.020883055" tId="1" fbRx="0.02088218" lbRx="0.020883055" />
<p fId="1" fbTx="0.020883055" lbTx="0.02088393" tId="4" fbRx="0.020883055" lbRx="0.02088393" />
<p fId="3" fbTx="0.020982096" lbTx="0.02098218" tId="0" fbRx="0.030982096" lbRx="0.03098218" />
<p fId="0" fbTx="0.02098218" lbTx="0.020983055" tId="1" fbRx="0.02098218" lbRx="0.020983055" />
<p fId="1" fbTx="0.020983055" lbTx="0.02098393" tId="4" fbRx="0.020983055" lbRx="0.02098393" />
<p fId="3" fbTx="0.021082096" lbTx="0.02108218" tId="0" fbRx="0.031082096" lbRx="0.03108218" />
<p fId="0" fbTx="0.02108218" lbTx="0.021083055" tId="1" fbRx="0.02108218" lbRx="0.021083055" />
<p fId="1" fbTx="0.021083055" lbTx="0.02108393" tId="4" fbRx="0.021083055" lbRx="0.02108393" />
<p fId="3" fbTx="0.021182096" lbTx="0.02118218" tId="0" fbRx="0.031182096" lbRx="0.03118218" />
<p fId="0" fbTx="0.02118218" lbTx="0.021183055" tId="1" fbRx="0.02118218" lbRx="0.021183055" />
<p fId="1" fbTx="0.021183055" lbTx="0.02118393" tId="4" fbRx="0.021183055" lbRx="0.02118393" />
<p fId="3" fbTx="0.021282096" lbTx="0.02128218" tId="0" fbRx="0.031282096" lbRx="0.03128218" />
<p fId="0" fbTx="0.02128218" lbTx="0.021283055" tId="1" fbRx="0.02128218" lbRx="0.021283055" />
<p fId="1" fbTx="0.021283055" lbTx="0.02128393" tId="4" fbRx="0.021283055" lbRx="0.02128393" />
<p fId="3" fbTx="0.021382096" lbTx="0.02138218" tId="0" fbRx="0.031382096" lbRx="0.03138218" />
<p fId="0" fbTx="0.02138218" lbTx="0.021383055" tId="1" fbRx="0.02138218" lbRx="0.021383055" />
<p fId="1" fbTx="0.021383055" lbTx="0.02138393" tId="4" fbRx="0.021383055" lbRx="0.02138393" />
<p fId="3" fbTx="0.021482096" lbTx="0.02148218" tId="0" fbRx="0.031482096" lbRx="0.03148218" />
<p fId="0" fbTx="0.02148218" lbTx="0.021483055" tId="1" fbRx="0.02148218" lbRx="0.021483055" />
<p fId="1" fbTx="0.021483055" lbTx="0.02148393" tId="4" fbRx="0.021483055" lbRx="0.02148393" />
<p fId="3" fbTx="0.021582096" lbTx="0.02158218" tId="0" fbRx="0.031582096" lbRx="0.03158218" />
<p fId="0" fbTx="0.02158218" lbTx="0.021583055" tId="1" fbRx="0.02158218" lbRx="0.021583055" />
<p fId="1" fbTx="0.021583055" lbTx="0.02158393" tId="4" fbRx="0.021583055" lbRx="0.02158393" />
<p fId="3" fbTx="0.021682096" lbTx="0.02168218" tId="0" fbRx="0.031682096" lbRx="0.03168218" />
<p fId="0" fbTx="0.02168218" lbTx="0.021683055" tId="1" fbRx="0.02168218" lbRx="0.021683055" />
<p fId="1" fbTx="0.021683055" lbTx="0.02168393" tId="4" fbRx="0.021683055" lbRx="0.02168393" />
<p fId="3" fbTx="0.021782096" lbTx="0.02178218" tId="0" fbRx="0.031782096" lbRx="0.03178218" />
<p fId="0" fbTx="0.02178218" lbTx="0.021783055" tId="1" fbRx="0.02178218" lbRx="0.021783055" />
<p fId="1" fbTx="0.021783055" lbTx="0.02178393" tId="4" fbRx="0.021783055" lbRx="0.02178393" />
<p fId="3" fbTx="0.021882096" lbTx="0.02188218" tId="0" fbRx="0.031882096" lbRx="0.03188218" />
<p fId="0" fbTx="0.02188218" lbTx="0.021883055" tId="1" fbRx="0.02188218" lbRx="0.021883055" />
<p fId="1" fbTx="0.021883055" lbTx="0.02188393" tId="4" fbRx="0.021883055" lbRx="0.02188393" />
<p fId="3" fbTx="0.021982096" lbTx="0.02198218" tId="0" fbRx="0.031982096" lbRx="0.03198218" />
<p fId="0" fbTx="0.02198218" lbTx="0.021983055" tId="1" fbRx="0.02198218" lbRx="0.021983055" />
<p fId="1" fbTx="0.021983055" lbTx="0.02198393" tId="4" fbRx="0.021983055" lbRx="0.02198393" />
<p fId="3" fbTx="0.022082096" lbTx="0.02208218" tId="0" fbRx="0.032082096" lbRx="0.03208218" />
<p fId="0" fbTx="0.02208218" lbTx="0.022083055" tId="1" fbRx="0.02208218" lbRx="0.022083055" />
<p fId="1" fbTx="0.022083055" lbTx="0.02208393" tId="4" fbRx="0.022083055" lbRx="0.02208393" />
<p fId="3" fbTx="0.022182096" lbTx="0.02218218" tId="0" fbRx="0.032182096" lbRx="0.03218218" />
<p fId="0" fbTx="0.02218218" lbTx="0.022183055" tId="1" fbRx="0.02218218" lbRx="0.022183055" />
<p fId="1" fbTx="0.022183055" lbTx="0.02218393" tId="4" fbRx="0.022183055" lbRx="0.02218393" />
<p fId="3" fbTx="0.022282096" lbTx="0.02228218" tId="0" fbRx="0.032282096" lbRx="0.03228218" />
<p fId="0" fbTx="0.02228218" lbTx="0.022283055" tId="1" fbRx="0.02228218" lbRx="0.022283055" />
<p fId="1" fbTx="0.022283055" lbTx="0.02228393" tId="4" fbRx="0.022283055" lbRx="0.02228393" />
<p fId="3" fbTx="0.022382096" lbTx="0.02238218" tId="0" fbRx="0.032382096" lbRx="0.03238218" />
<p fId="0" fbTx="0.02238218" lbTx="0.022383055" tId="1" fbRx="0.02238218" lbRx="0.022383055" />
<p fId="1" fbTx="0.022383055" lbTx="0.02238393" tId="4" fbRx="0.022383055" lbRx="0.02238393" />
<p fId="3" fbTx="0.022482096" lbTx="0.02248218" tId="0" fbRx="0.032482096" lbRx="0.03248218" />
<p fId="0" fbTx="0.02248218" lbTx="0.022483055" tId="1" fbRx="0.02248218" lbRx="0.022483055" />
<p fId="1" fbTx="0.022483055" lbTx="0.02248393" tId="4" fbRx="0.022483055" lbRx="0.02248393" />
<p fId="3" fbTx="0.022582096" lbTx="0.02258218" tId="0" fbRx="0.032582096" lbRx="0.03258218" />
<p fId="0" fbTx="0.02258218" lbTx="0.022583055" tId="1" fbRx="0.02258218" lbRx="0.022583055" />
<p fId="1" fbTx="0.022583055" lbTx="0.02258393" tId="4" fbRx="0.022583055" lbRx="0.02258393" />
<p fId="3" fbTx="0.022682096" lbTx="0.02268218" tId="0" fbRx="0.032682096" lbRx="0.03268218" />
<p fId="0" fbTx="0.02268218" lbTx="0.022683055" tId="1" fbRx="0.02268218" lbRx="0.022683055" />
<p fId="1" fbTx="0.022683055" lbTx="0.02268393" tId="4" fbRx="0.022683055" lbRx="0.02268393" />
<p fId="3" fbTx="0.022782096" lbTx="0.02278218" tId="0" fbRx="0.032782096" lbRx="0.03278218" />
<p fId="0" fbTx="0.02278218" lbTx="0.022783055" tId="1" fbRx="0.02278218" lbRx="0.022783055" />
<p fId="1" fbTx="0.022783055" lbTx="0.02278393" tId="4" fbRx="0.022783055" lbRx="0.02278393" />
<p fId="3" fbTx="0.022882096" lbTx="0.02288218" tId="0" fbRx="0.032882096" lbRx="0.03288218" />
<p fId="0" fbTx="0.02288218" lbTx="0.022883055" tId="1" fbRx="0.02288218" lbRx="0.022883055" />
<p fId="1" fbTx="0.022883055" lbTx="0.02288393" tId="4" fbRx="0.022883055" lbRx="0.02288393" />
<p fId="3" fbTx="0.022982096" lbTx="0.02298218" tId="0" fbRx="0.032982096" lbRx="0.03298218" />
<p fId="0" fbTx="0.02298218" lbTx="0.022983055" tId="1" fbRx="0.02298218" lbRx="0.022983055" />
<p fId="1" fbTx="0.022983055" lbTx="0.02298393" tId="4" fbRx="0.022983055" lbRx="0.02298393" />
<p fId="3" fbTx="0.023082096" lbTx="0.02308218" tId="0" fbRx="0.033082096" lbRx="0.03308218" />
<p fId="0" fbTx="0.02308218" lbTx="0.023083055" tId="1" fbRx="0.02308218" lbRx="0.023083055" />
<p fId="1" fbTx="0.023083055" lbTx="0.02308393" tId="4" fbRx="0.023083055" lbRx="0.02308393" />
<p fId="3" fbTx="0.023182096" lbTx="0.02318218" tId="0" fbRx="0.033182096" lbRx="0.03318218" />
<p fId="0" fbTx="0.02318218" lbTx="0.023183055" tId="1" fbRx="0.02318218" lbRx="0.023183055" />
<p fId="1" fbTx="0.023183055" lbTx="0.02318393" tId="4" fbRx="0.023183055" lbRx="0.02318393" />
<pr uId="1" fId="4" fbTx="0.023214286" />
<wpr uId="1" tId="5" fbRx="0.023214286" lbRx="0" />
<wpr uId="1" tId="6" fbRx="0.023214286" lbRx="0" />
<p fId="3" fbTx="0.023282096" lbTx="0.02328218" tId="0" fbRx="0.033282096" lbRx="0.03328218" />
<p fId="0" fbTx="0.02328218" lbTx="0.023283055" tId="1" fbRx="0.02328218" lbRx="0.023283055" />
<p fId="1" fbTx="0.023283055" lbTx="0.02328393" tId="4" fbRx="0.023283055" lbRx="0.02328393" />
<p fId="3" fbTx="0.023382096" lbTx="0.02338218" tId="0" fbRx="0.033382096" lbRx="0.03338218" />
<p fId="0" fbTx="0.02338218" lbTx="0.023383055" tId="1" fbRx="0.02338218" lbRx="0.023383055" />
<p fId="1" fbTx="0.023383055" lbTx="0.02338393" tId="4" fbRx="0.023383055" lbRx="0.02338393" />
<p fId="3" fbTx="0.023482096" lbTx="0.02348218" tId="0" fbRx="0.033482096" lbRx="0.03348218" />
<p fId="0" fbTx="0.02348218" lbTx="0.023483055" tId="1" fbRx="0.02348218" lbRx="0.023483055" />
<p fId="1" fbTx="0.023483055" lbTx="0.02348393" tId="4" fbRx="0.023483055" lbRx="0.02348393" />
<p fId="3" fbTx="0.023582096" lbTx="0.02358218" tId="0" fbRx="0.033582096" lbRx="0.03358218" />
<p fId="0" fbTx="0.02358218" lbTx="0.023583055" tId="1" fbRx="0.02358218" lbRx="0.023583055" />
<p fId="1" fbTx="0.023583055" lbTx="0.02358393" tId="4" fbRx="0.023583055" lbRx="0.02358393" />
<p fId="3" fbTx="0.023682096" lbTx="0.02368218" tId="0" fbRx="0.033682096" lbRx="0.03368218" />
<p fId="0" fbTx="0.02368218" lbTx="0.023683055" tId="1" fbRx="0.02368218" lbRx="0.023683055" />
<p fId="1" fbTx="0.023683055" lbTx="0.02368393" tId="4" fbRx="0.023683055" lbRx="0.02368393" />
<p fId="3" fbTx="0.023782096" lbTx="0.02378218" tId="0" fbRx="0.033782096" lbRx="0.03378218" />
<p fId="0" fbTx="0.02378218" lbTx="0.023783055" tId="1" fbRx="0.02378218" lbRx="0.023783055" />
<p fId="1" fbTx="0.023783055" lbTx="0.02378393" tId="4" fbRx="0.023783055" lbRx="0.02378393" />
<p fId="3" fbTx="0.023882096" lbTx="0.02388218" tId="0" fbRx="0.033882096" lbRx="0.03388218" />
<p fId="0" fbTx="0.02388218" lbTx="0.023883055" tId="1" fbRx="0.02388218" lbRx="0.023883055" />
<p fId="1" fbTx="0.023883055" lbTx="0.02388393" tId="4" fbRx="0.023883055" lbRx="0.02388393" />
<p fId="3" fbTx="0.023982096" lbTx="0.02398218" tId="0" fbRx="0.033982096" lbRx="0.03398218" />
<p fId="0" fbTx="0.02398218" lbTx="0.023983055" tId="1" fbRx="0.02398218" lbRx="0.023983055" />
<p fId="1" fbTx="0.023983055" lbTx="0.02398393" tId="4" fbRx="0.023983055" lbRx="0.02398393" />
<p fId="3" fbTx="0.024082096" lbTx="0.02408218" tId="0" fbRx="0.034082096" lbRx="0.03408218" />
<p fId="0" fbTx="0.02408218" lbTx="0.024083055" tId="1" fbRx="0.02408218" lbRx="0.024083055" />
<p fId="1" fbTx="0.024083055" lbTx="0.02408393" tId="4" fbRx="0.024083055" lbRx="0.02408393" />
<p fId="3" fbTx="0.024182096" lbTx="0.02418218" tId="0" fbRx="0.034182096" lbRx="0.03418218" />
<p fId="0" fbTx="0.02418218" lbTx="0.024183055" tId="1" fbRx="0.02418218" lbRx="0.024183055" />
<p fId="1" fbTx="0.024183055" lbTx="0.02418393" tId="4" fbRx="0.024183055" lbRx="0.02418393" />
<pr uId="2" fId="4" fbTx="0.024214286" />
<wpr uId="2" tId="5" fbRx="0.024214286" lbRx="0" />
<wpr uId="2" tId="6" fbRx="0.024214286" lbRx="0" />
<p fId="3" fbTx="0.024282096" lbTx="0.02428218" tId="0" fbRx="0.034282096" lbRx="0.03428218" />
<p fId="0" fbTx="0.02428218" lbTx="0.024283055" tId="1" fbRx="0.02428218" lbRx="0.024283055" />
<p fId="1" fbTx="0.024283055" lbTx="0.02428393" tId="4" fbRx="0.024283055" lbRx="0.02428393" />
<p fId="3" fbTx="0.024382096" lbTx="0.02438218" tId="0" fbRx="0.034382096" lbRx="0.03438218" />
<p fId="0" fbTx="0.02438218" lbTx="0.024383055" tId="1" fbRx="0.02438218" lbRx="0.024383055" />
<p fId="1" fbTx="0.024383055" lbTx="0.02438393" tId="4" fbRx="0.024383055" lbRx="0.02438393" />
<p fId="3" fbTx="0.024482096" lbTx="0.02448218" tId="0" fbRx="0.034482096" lbRx="0.03448218" />
<p fId="0" fbTx="0.02448218" lbTx="0.024483055" tId="1" fbRx="0.02448218" lbRx="0.024483055" />
<p fId="1" fbTx="0.024483055" lbTx="0.02448393" tId="4" fbRx="0.024483055" lbRx="0.02448393" />
<p fId="3" fbTx="0.024582096" lbTx="0.02458218" tId="0" fbRx="0.034582096" lbRx="0.03458218" />
<p fId="0" fbTx="0.02458218" lbTx="0.024583055" tId="1" fbRx="0.02458218" lbRx="0.024583055" />
<p fId="1" fbTx="0.024583055" lbTx="0.02458393" tId="4" fbRx="0.024583055" lbRx="0.02458393" />
<p fId="3" fbTx="0.024682096" lbTx="0.02468218" tId="0" fbRx="0.034682096" lbRx="0.03468218" />
<p fId="0" fbTx="0.02468218" lbTx="0.024683055" tId="1" fbRx="0.02468218" lbRx="0.024683055" />
<p fId="1" fbTx="0.024683055" lbTx="0.02468393" tId="4" fbRx="0.024683055" lbRx="0.02468393" />
<p fId="3" fbTx="0.024782096" lbTx="0.02478218" tId="0" fbRx="0.034782096" lbRx="0.03478218" />
<p fId="0" fbTx="0.02478218" lbTx="0.024783055" tId="1" fbRx="0.02478218" lbRx="0.024783055" />
<p fId="1" fbTx="0.024783055" lbTx="0.02478393" tId="4" fbRx="0.024783055" lbRx="0.02478393" />
<p fId="3" fbTx="0.024882096" lbTx="0.02488218" tId="0" fbRx="0.034882096" lbRx="0.03488218" />
<p fId="0" fbTx="0.02488218" lbTx="0.024883055" tId="1" fbRx="0.02488218" lbRx="0.024883055" />
<p fId="1" fbTx="0.024883055" lbTx="0.02488393" tId="4" fbRx="0.024883055" lbRx="0.02488393" />
<p fId="3" fbTx="0.024982096" lbTx="0.02498218" tId="0" fbRx="0.034982096" lbRx="0.03498218" />
<p fId="0" fbTx="0.02498218" lbTx="0.024983055" tId="1" fbRx="0.02498218" lbRx="0.024983055" />
<p fId="1" fbTx="0.024983055" lbTx="0.02498393" tId="4" fbRx="0.024983055" lbRx="0.02498393" />
<p fId="3" fbTx="0.025082096" lbTx="0.02508218" tId="0" fbRx="0.035082096" lbRx="0.03508218" />
<p fId="0" fbTx="0.02508218" lbTx="0.025083055" tId="1" fbRx="0.02508218" lbRx="0.025083055" />
<p fId="1" fbTx="0.025083055" lbTx="0.02508393" tId="4" fbRx="0.025083055" lbRx="0.02508393" />
<p fId="3" fbTx="0.025182096" lbTx="0.02518218" tId="0" fbRx="0.035182096" lbRx="0.03518218" />
<p fId="0" fbTx="0.02518218" lbTx="0.025183055" tId="1" fbRx="0.02518218" lbRx="0.025183055" />
<p fId="1" fbTx="0.025183055" lbTx="0.02518393" tId="4" fbRx="0.025183055" lbRx="0.02518393" />
<pr uId="3" fId="4" fbTx="0.025214286" />
<wpr uId="3" tId="5" fbRx="0.025214286" lbRx="0" />
<wpr uId="3" tId="6" fbRx="0.025214286" lbRx="0" />
<p fId="3" fbTx="0.025282096" lbTx="0.02528218" tId="0" fbRx="0.035282096" lbRx="0.03528218" />
<p fId="0" fbTx="0.02528218" lbTx="0.025283055" tId="1" fbRx="0.02528218" lbRx="0.025283055" />
<p fId="1" fbTx="0.025283055" lbTx="0.02528393" tId="4" fbRx="0.025283055" lbRx="0.02528393" />
<p fId="3" fbTx="0.025382096" lbTx="0.02538218" tId="0" fbRx="0.035382096" lbRx="0.03538218" />
<p fId="0" fbTx="0.02538218" lbTx="0.025383055" tId="1" fbRx="0.02538218" lbRx="0.025383055" />
<p fId="1" fbTx="0.025383055" lbTx="0.02538393" tId="4" fbRx="0.025383055" lbRx="0.02538393" />
<p fId="3" fbTx="0.025482096" lbTx="0.02548218" tId="0" fbRx="0.035482096" lbRx="0.03548218" />
<p fId="0" fbTx="0.02548218" lbTx="0.025483055" tId="1" fbRx="0.02548218" lbRx="0.025483055" />
<p fId="1" fbTx="0.025483055" lbTx="0.02548393" tId="4" fbRx="0.025483055" lbRx="0.02548393" />
<p fId="3" fbTx="0.025582096" lbTx="0.02558218" tId="0" fbRx="0.035582096" lbRx="0.03558218" />
<p fId="0" fbTx="0.02558218" lbTx="0.025583055" tId="1" fbRx="0.02558218" lbRx="0.025583055" />
<p fId="1" fbTx="0.025583055" lbTx="0.02558393" tId="4" fbRx="0.025583055" lbRx="0.02558393" />
<p fId="3" fbTx="0.025682096" lbTx="0.02568218" tId="0" fbRx="0.035682096" lbRx="0.03568218" />
<p fId="0" fbTx="0.02568218" lbTx="0.025683055" tId="1" fbRx="0.02568218" lbRx="0.025683055" />
<p fId="1" fbTx="0.025683055" lbTx="0.02568393" tId="4" fbRx="0.025683055" lbRx="0.02568393" />
<p fId="3" fbTx="0.025782096" lbTx="0.02578218" tId="0" fbRx="0.035782096" lbRx="0.03578218" />
<p fId="0" fbTx="0.02578218" lbTx="0.025783055" tId="1" fbRx="0.02578218" lbRx="0.025783055" />
<p fId="1" fbTx="0.025783055" lbTx="0.02578393" tId="4" fbRx="0.025783055" lbRx="0.02578393" />
<p fId="3" fbTx="0.025882096" lbTx="0.02588218" tId="0" fbRx="0.035882096" lbRx="0.03588218" />
<p fId="0" fbTx="0.02588218" lbTx="0.025883055" tId="1" fbRx="0.02588218" lbRx="0.025883055" />
<p fId="1" fbTx="0.025883055" lbTx="0.02588393" tId="4" fbRx="0.025883055" lbRx="0.02588393" />
<p fId="3" fbTx="0.025982096" lbTx="0.02598218" tId="0" fbRx="0.035982096" lbRx="0.03598218" />
<p fId="0" fbTx="0.02598218" lbTx="0.025983055" tId="1" fbRx="0.02598218" lbRx="0.025983055" />
<p fId="1" fbTx="0.025983055" lbTx="0.02598393" tId="4" fbRx="0.025983055" lbRx="0.02598393" />
<p fId="3" fbTx="0.026082096" lbTx="0.02608218" tId="0" fbRx="0.036082096" lbRx="0.03608218" />
<p fId="0" fbTx="0.02608218" lbTx="0.026083055" tId="1" fbRx="0.02608218" lbRx="0.026083055" />
<p fId="1" fbTx="0.026083055" lbTx="0.02608393" tId="4" fbRx="0.026083055" lbRx="0.02608393" />
<p fId="3" fbTx="0.026182096" lbTx="0.02618218" tId="0" fbRx="0.036182096" lbRx="0.03618218" />
<p fId="0" fbTx="0.02618218" lbTx="0.026183055" tId="1" fbRx="0.02618218" lbRx="0.026183055" />
<p fId="1" fbTx="0.026183055" lbTx="0.02618393" tId="4" fbRx="0.026183055" lbRx="0.02618393" />
<pr uId="4" fId="4" fbTx="0.026214286" />
<wpr uId="4" tId="5" fbRx="0.026214286" lbRx="0" />
<wpr uId="4" tId="6" fbRx="0.026214286" lbRx="0" />
<p fId="3" fbTx="0.026282096" lbTx="0.02628218" tId="0" fbRx="0.036282096" lbRx="0.03628218" />
<p fId="0" fbTx="0.02628218" lbTx="0.026283055" tId="1" fbRx="0.02628218" lbRx="0.026283055" />
<p fId="1" fbTx="0.026283055" lbTx="0.02628393" tId="4" fbRx="0.026283055" lbRx="0.02628393" />
<p fId="3" fbTx="0.026382096" lbTx="0.02638218" tId="0" fbRx="0.036382096" lbRx="0.03638218" />
<p fId="0" fbTx="0.02638218" lbTx="0.026383055" tId="1" fbRx="0.02638218" lbRx="0.026383055" />
<p fId="1" fbTx="0.026383055" lbTx="0.02638393" tId="4" fbRx="0.026383055" lbRx="0.02638393" />
<p fId="3" fbTx="0.026482096" lbTx="0.02648218" tId="0" fbRx="0.036482096" lbRx="0.03648218" />
<p fId="0" fbTx="0.02648218" lbTx="0.026483055" tId="1" fbRx="0.02648218" lbRx="0.026483055" />
<p fId="1" fbTx="0.026483055" lbTx="0.02648393" tId="4" fbRx="0.026483055" lbRx="0.02648393" />
<p fId="3" fbTx="0.026582096" lbTx="0.02658218" tId="0" fbRx="0.036582096" lbRx="0.03658218" />
<p fId="0" fbTx="0.02658218" lbTx="0.026583055" tId="1" fbRx="0.02658218" lbRx="0.026583055" />
<p fId="1" fbTx="0.026583055" lbTx="0.02658393" tId="4" fbRx="0.026583055" lbRx="0.02658393" />
<p fId="3" fbTx="0.026682096" lbTx="0.02668218" tId="0" fbRx="0.036682096" lbRx="0.03668218" />
<p fId="0" fbTx="0.02668218" lbTx="0.026683055" tId="1" fbRx="0.02668218" lbRx="0.026683055" />
<p fId="1" fbTx="0.026683055" lbTx="0.02668393" tId="4" fbRx="0.026683055" lbRx="0.02668393" />
<p fId="3" fbTx="0.026782096" lbTx="0.02678218" tId="0" fbRx="0.036782096" lbRx="0.03678218" />
<p fId="0" fbTx="0.02678218" lbTx="0.026783055" tId="1" fbRx="0.02678218" lbRx="0.026783055" />
<p fId="1" fbTx="0.026783055" lbTx="0.02678393" tId="4" fbRx="0.026783055" lbRx="0.02678393" />
<p fId="3" fbTx="0.026882096" lbTx="0.02688218" tId="0" fbRx="0.036882096" lbRx="0.03688218" />
<p fId="0" fbTx="0.02688218" lbTx="0.026883055" tId="1" fbRx="0.02688218" lbRx="0.026883055" />
<p fId="1" fbTx="0.026883055" lbTx="0.02688393" tId="4" fbRx="0.026883055" lbRx="0.02688393" />
<p fId="3" fbTx="0.026982096" lbTx="0.02698218" tId="0" fbRx="0.036982096" lbRx="0.03698218" />
<p fId="0" fbTx="0.02698218" lbTx="0.026983055" tId="1" fbRx="0.02698218" lbRx="0.026983055" />
<p fId="1" fbTx="0.026983055" lbTx="0.02698393" tId="4" fbRx="0.026983055" lbRx="0.02698393" />
<p fId="3" fbTx="0.027082096" lbTx="0.02708218" tId="0" fbRx="0.037082096" lbRx="0.03708218" />
<p fId="0" fbTx="0.02708218" lbTx="0.027083055" tId="1" fbRx="0.02708218" lbRx="0.027083055" />
<p fId="1" fbTx="0.027083055" lbTx="0.02708393" tId="4" fbRx="0.027083055" lbRx="0.02708393" />
<p fId="3" fbTx="0.027182096" lbTx="0.02718218" tId="0" fbRx="0.037182096" lbRx="0.03718218" />
<p fId="0" fbTx="0.02718218" lbTx="0.027183055" tId="1" fbRx="0.02718218" lbRx="0.027183055" />
<p fId="1" fbTx="0.027183055" lbTx="0.02718393" tId="4" fbRx="0.027183055" lbRx="0.02718393" />
<pr uId="5" fId="4" fbTx="0.027214286" />
<wpr uId="5" tId="5" fbRx="0.027214286" lbRx="0" />
<wpr uId="5" tId="6" fbRx="0.027214286" lbRx="0" />
<p fId="3" fbTx="0.027282096" lbTx="0.02728218" tId="0" fbRx="0.037282096" lbRx="0.03728218" />
<p fId="0" fbTx="0.02728218" lbTx="0.027283055" tId="1" fbRx="0.02728218" lbRx="0.027283055" />
<p fId="1" fbTx="0.027283055" lbTx="0.02728393" tId="4" fbRx="0.027283055" lbRx="0.02728393" />
<p fId="3" fbTx="0.027382096" lbTx="0.02738218" tId="0" fbRx="0.037382096" lbRx="0.03738218" />
<p fId="0" fbTx="0.02738218" lbTx="0.027383055" tId="1" fbRx="0.02738218" lbRx="0.027383055" />
<p fId="1" fbTx="0.027383055" lbTx="0.02738393" tId="4" fbRx="0.027383055" lbRx="0.02738393" />
<p fId="3" fbTx="0.027482096" lbTx="0.02748218" tId="0" fbRx="0.037482096" lbRx="0.03748218" />
<p fId="0" fbTx="0.02748218" lbTx="0.027483055" tId="1" fbRx="0.02748218" lbRx="0.027483055" />
<p fId="1" fbTx="0.027483055" lbTx="0.02748393" tId="4" fbRx="0.027483055" lbRx="0.02748393" />
<p fId="3" fbTx="0.027582096" lbTx="0.02758218" tId="0" fbRx="0.037582096" lbRx="0.03758218" />
<p fId="0" fbTx="0.02758218" lbTx="0.027583055" tId="1" fbRx="0.02758218" lbRx="0.027583055" />
<p fId="1" fbTx="0.027583055" lbTx="0.02758393" tId="4" fbRx="0.027583055" lbRx="0.02758393" />
<p fId="3" fbTx="0.027682096" lbTx="0.02768218" tId="0" fbRx="0.037682096" lbRx="0.03768218" />
<p fId="0" fbTx="0.02768218" lbTx="0.027683055" tId="1" fbRx="0.02768218" lbRx="0.027683055" />
<p fId="1" fbTx="0.027683055" lbTx="0.02768393" tId="4" fbRx="0.027683055" lbRx="0.02768393" />
<p fId="3" fbTx="0.027782096" lbTx="0.02778218" tId="0" fbRx="0.037782096" lbRx="0.03778218" />
<p fId="0" fbTx="0.02778218" lbTx="0.027783055" tId="1" fbRx="0.02778218" lbRx="0.027783055" />
<p fId="1" fbTx="0.027783055" lbTx="0.02778393" tId="4" fbRx="0.027783055" lbRx="0.02778393" />
<p fId="3" fbTx="0.027882096" lbTx="0.02788218" tId="0" fbRx="0.037882096" lbRx="0.03788218" />
<p fId="0" fbTx="0.02788218" lbTx="0.027883055" tId="1" fbRx="0.02788218" lbRx="0.027883055" />
<p fId="1" fbTx="0.027883055" lbTx="0.02788393" tId="4" fbRx="0.027883055" lbRx="0.02788393" />
<p fId="3" fbTx="0.027982096" lbTx="0.02798218" tId="0" fbRx="0.037982096" lbRx="0.03798218" />
<p fId="0" fbTx="0.02798218" lbTx="0.027983055" tId="1" fbRx="0.02798218" lbRx="0.027983055" />
<p fId="1" fbTx="0.027983055" lbTx="0.02798393" tId="4" fbRx="0.027983055" lbRx="0.02798393" />
<p fId="3" fbTx="0.028082096" lbTx="0.02808218" tId="0" fbRx="0.038082096" lbRx="0.03808218" />
<p fId="0" fbTx="0.02808218" lbTx="0.028083055" tId="1" fbRx="0.02808218" lbRx="0.028083055" />
<p fId="1" fbTx="0.028083055" lbTx="0.02808393" tId="4" fbRx="0.028083055" lbRx="0.02808393" />
<p fId="3" fbTx="0.028182096" lbTx="0.02818218" tId="0" fbRx="0.038182096" lbRx="0.03818218" />
<p fId="0" fbTx="0.02818218" lbTx="0.028183055" tId="1" fbRx="0.02818218" lbRx="0.028183055" />
<p fId="1" fbTx="0.028183055" lbTx="0.02818393" tId="4" fbRx="0.028183055" lbRx="0.02818393" />
<pr uId="6" fId="4" fbTx="0.028214286" />
<wpr uId="6" tId="5" fbRx="0.028214286" lbRx="0" />
<wpr uId="6" tId="6" fbRx="0.028214286" lbRx="0" />
<p fId="3" fbTx="0.028282096" lbTx="0.02828218" tId="0" fbRx="0.038282096" lbRx="0.03828218" />
<p fId="0" fbTx="0.02828218" lbTx="0.028283055" tId="1" fbRx="0.02828218" lbRx="0.028283055" />
<p fId="1" fbTx="0.028283055" lbTx="0.02828393" tId="4" fbRx="0.028283055" lbRx="0.02828393" />
<p fId="3" fbTx="0.028382096" lbTx="0.02838218" tId="0" fbRx="0.038382096" lbRx="0.03838218" />
<p fId="0" fbTx="0.02838218" lbTx="0.028383055" tId="1" fbRx="0.02838218" lbRx="0.028383055" />
<p fId="1" fbTx="0.028383055" lbTx="0.02838393" tId="4" fbRx="0.028383055" lbRx="0.02838393" />
<p fId="3" fbTx="0.028482096" lbTx="0.02848218" tId="0" fbRx="0.038482096" lbRx="0.03848218" />
<p fId="0" fbTx="0.02848218" lbTx="0.028483055" tId="1" fbRx="0.02848218" lbRx="0.028483055" />
<p fId="1" fbTx="0.028483055" lbTx="0.02848393" tId="4" fbRx="0.028483055" lbRx="0.02848393" />
<p fId="3" fbTx="0.028582096" lbTx="0.02858218" tId="0" fbRx="0.038582096" lbRx="0.03858218" />
<p fId="0" fbTx="0.02858218" lbTx="0.028583055" tId="1" fbRx="0.02858218" lbRx="0.028583055" />
<p fId="1" fbTx="0.028583055" lbTx="0.02858393" tId="4" fbRx="0.028583055" lbRx="0.02858393" />
<p fId="3" fbTx="0.028682096" lbTx="0.02868218" tId="0" fbRx="0.038682096" lbRx="0.03868218" />
<p fId="0" fbTx="0.02868218" lbTx="0.028683055" tId="1" fbRx="0.02868218" lbRx="0.028683055" />
<p fId="1" fbTx="0.028683055" lbTx="0.02868393" tId="4" fbRx="0.028683055" lbRx="0.02868393" />
<p fId="3" fbTx="0.028782096" lbTx="0.02878218" tId="0" fbRx="0.038782096" lbRx="0.03878218" />
<p fId="0" fbTx="0.02878218" lbTx="0.028783055" tId="1" fbRx="0.02878218" lbRx="0.028783055" />
<p fId="1" fbTx="0.028783055" lbTx="0.02878393" tId="4" fbRx="0.028783055" lbRx="0.02878393" />
<p fId="3" fbTx="0.028882096" lbTx="0.02888218" tId="0" fbRx="0.038882096" lbRx="0.03888218" />
<p fId="0" fbTx="0.02888218" lbTx="0.028883055" tId="1" fbRx="0.02888218" lbRx="0.028883055" />
<p fId="1" fbTx="0.028883055" lbTx="0.02888393" tId="4" fbRx="0.028883055" lbRx="0.02888393" />
<p fId="3" fbTx="0.028982096" lbTx="0.02898218" tId="0" fbRx="0.038982096" lbRx="0.03898218" />
<p fId="0" fbTx="0.02898218" lbTx="0.028983055" tId="1" fbRx="0.02898218" lbRx="0.028983055" />
<p fId="1" fbTx="0.028983055" lbTx="0.02898393" tId="4" fbRx="0.028983055" lbRx="0.02898393" />
<p fId="3" fbTx="0.029082096" lbTx="0.02908218" tId="0" fbRx="0.039082096" lbRx="0.03908218" />
<p fId="0" fbTx="0.02908218" lbTx="0.029083055" tId="1" fbRx="0.02908218" lbRx="0.029083055" />
<p fId="1" fbTx="0.029083055" lbTx="0.02908393" tId="4" fbRx="0.029083055" lbRx="0.02908393" />
<p fId="3" fbTx="0.029182096" lbTx="0.02918218" tId="0" fbRx="0.039182096" lbRx="0.03918218" />
<p fId="0" fbTx="0.02918218" lbTx="0.029183055" tId="1" fbRx="0.02918218" lbRx="0.029183055" />
<p fId="1" fbTx="0.029183055" lbTx="0.02918393" tId="4" fbRx="0.029183055" lbRx="0.02918393" />
<pr uId="7" fId="4" fbTx="0.029214286" />
<wpr uId="7" tId="5" fbRx="0.029214286" lbRx="0" />
<wpr uId="7" tId="6" fbRx="0.029214286" lbRx="0" />
<p fId="3" fbTx="0.029282096" lbTx="0.02928218" tId="0" fbRx="0.039282096" lbRx="0.03928218" />
<p fId="0" fbTx="0.02928218" lbTx="0.029283055" tId="1" fbRx="0.02928218" lbRx="0.029283055" />
<p fId="1" fbTx="0.029283055" lbTx="0.02928393" tId="4" fbRx="0.029283055" lbRx="0.02928393" />
<p fId="3" fbTx="0.029382096" lbTx="0.02938218" tId="0" fbRx="0.039382096" lbRx="0.03938218" />
<p fId="0" fbTx="0.02938218" lbTx="0.029383055" tId="1" fbRx="0.02938218" lbRx="0.029383055" />
<p fId="1" fbTx="0.029383055" lbTx="0.02938393" tId="4" fbRx="0.029383055" lbRx="0.02938393" />
<p fId="3" fbTx="0.029482096" lbTx="0.02948218" tId="0" fbRx="0.039482096" lbRx="0.03948218" />
<p fId="0" fbTx="0.02948218" lbTx="0.029483055" tId="1" fbRx="0.02948218" lbRx="0.029483055" />
<p fId="1" fbTx="0.029483055" lbTx="0.02948393" tId="4" fbRx="0.029483055" lbRx="0.02948393" />
<p fId="3" fbTx="0.029582096" lbTx="0.02958218" tId="0" fbRx="0.039582096" lbRx="0.03958218" />
<p fId="0" fbTx="0.02958218" lbTx="0.029583055" tId="1" fbRx="0.02958218" lbRx="0.029583055" />
<p fId="1" fbTx="0.029583055" lbTx="0.02958393" tId="4" fbRx="0.029583055" lbRx="0.02958393" />
<p fId="3" fbTx="0.029682096" lbTx="0.02968218" tId="0" fbRx="0.039682096" lbRx="0.03968218" />
<p fId="0" fbTx="0.02968218" lbTx="0.029683055" tId="1" fbRx="0.02968218" lbRx="0.029683055" />
<p fId="1" fbTx="0.029683055" lbTx="0.02968393" tId="4" fbRx="0.029683055" lbRx="0.02968393" />
<p fId="3" fbTx="0.029782096" lbTx="0.02978218" tId="0" fbRx="0.039782096" lbRx="0.03978218" />
<p fId="0" fbTx="0.02978218" lbTx="0.029783055" tId="1" fbRx="0.02978218" lbRx="0.029783055" />
<p fId="1" fbTx="0.029783055" lbTx="0.02978393" tId="4" fbRx="0.029783055" lbRx="0.02978393" />
<p fId="3" fbTx="0.029882096" lbTx="0.02988218" tId="0" fbRx="0.039882096" lbRx="0.03988218" />
<p fId="0" fbTx="0.02988218" lbTx="0.029883055" tId="1" fbRx="0.02988218" lbRx="0.029883055" />
<p fId="1" fbTx="0.029883055" lbTx="0.02988393" tId="4" fbRx="0.029883055" lbRx="0.02988393" />
<p fId="3" fbTx="0.029982096" lbTx="0.02998218" tId="0" fbRx="0.039982096" lbRx="0.03998218" />
<p fId="0" fbTx="0.02998218" lbTx="0.029983055" tId="1" fbRx="0.02998218" lbRx="0.029983055" />
<p fId="1" fbTx="0.029983055" lbTx="0.02998393" tId="4" fbRx="0.029983055" lbRx="0.02998393" />
<p fId="3" fbTx="0.030082096" lbTx="0.03008218" tId="0" fbRx="0.040082096" lbRx="0.04008218" />
<p fId="0" fbTx="0.03008218" lbTx="0.030083055" tId="1" fbRx="0.03008218" lbRx="0.030083055" />
<p fId="1" fbTx="0.030083055" lbTx="0.03008393" tId="4" fbRx="0.030083055" lbRx="0.03008393" />
<p fId="3" fbTx="0.030182096" lbTx="0.03018218" tId="0" fbRx="0.040182096" lbRx="0.04018218" />
<p fId="0" fbTx="0.03018218" lbTx="0.030183055" tId="1" fbRx="0.03018218" lbRx="0.030183055" />
<p fId="1" fbTx="0.030183055" lbTx="0.03018393" tId="4" fbRx="0.030183055" lbRx="0.03018393" />
<pr uId="8" fId="4" fbTx="0.030214286" />
<wpr uId="8" tId="5" fbRx="0.030214286" lbRx="0" />
<wpr uId="8" tId="6" fbRx="0.030214286" lbRx="0" />
<p fId="3" fbTx="0.030282096" lbTx="0.03028218" tId="0" fbRx="0.040282096" lbRx="0.04028218" />
<p fId="0" fbTx="0.03028218" lbTx="0.030283055" tId="1" fbRx="0.03028218" lbRx="0.030283055" />
<p fId="1" fbTx="0.030283055" lbTx="0.03028393" tId="4" fbRx="0.030283055" lbRx="0.03028393" />
<p fId="3" fbTx="0.030382096" lbTx="0.03038218" tId="0" fbRx="0.040382096" lbRx="0.04038218" />
<p fId="0" fbTx="0.03038218" lbTx="0.030383055" tId="1" fbRx="0.03038218" lbRx="0.030383055" />
<p fId="1" fbTx="0.030383055" lbTx="0.03038393" tId="4" fbRx="0.030383055" lbRx="0.03038393" />
<p fId="3" fbTx="0.030482096" lbTx="0.03048218" tId="0" fbRx="0.040482096" lbRx="0.04048218" />
<p fId="0" fbTx="0.03048218" lbTx="0.030483055" tId="1" fbRx="0.03048218" lbRx="0.030483055" />
<p fId="1" fbTx="0.030483055" lbTx="0.03048393" tId="4" fbRx="0.030483055" lbRx="0.03048393" />
<p fId="3" fbTx="0.030582096" lbTx="0.03058218" tId="0" fbRx="0.040582096" lbRx="0.04058218" />
<p fId="0" fbTx="0.03058218" lbTx="0.030583055" tId="1" fbRx="0.03058218" lbRx="0.030583055" />
<p fId="1" fbTx="0.030583055" lbTx="0.03058393" tId="4" fbRx="0.030583055" lbRx="0.03058393" />
<p fId="3" fbTx="0.030682096" lbTx="0.03068218" tId="0" fbRx="0.040682096" lbRx="0.04068218" />
<p fId="0" fbTx="0.03068218" lbTx="0.030683055" tId="1" fbRx="0.03068218" lbRx="0.030683055" />
<p fId="1" fbTx="0.030683055" lbTx="0.03068393" tId="4" fbRx="0.030683055" lbRx="0.03068393" />
<p fId="3" fbTx="0.030782096" lbTx="0.03078218" tId="0" fbRx="0.040782096" lbRx="0.04078218" />
<p fId="0" fbTx="0.03078218" lbTx="0.030783055" tId="1" fbRx="0.03078218" lbRx="0.030783055" />
<p fId="1" fbTx="0.030783055" lbTx="0.03078393" tId="4" fbRx="0.030783055" lbRx="0.03078393" />
<p fId="3" fbTx="0.030882096" lbTx="0.03088218" tId="0" fbRx="0.040882096" lbRx="0.04088218" />
<p fId="0" fbTx="0.03088218" lbTx="0.030883055" tId="1" fbRx="0.03088218" lbRx="0.030883055" />
<p fId="1" fbTx="0.030883055" lbTx="0.03088393" tId="4" fbRx="0.030883055" lbRx="0.03088393" />
<p fId="3" fbTx="0.030982096" lbTx="0.03098218" tId="0" fbRx="0.040982096" lbRx="0.04098218" />
<p fId="0" fbTx="0.03098218" lbTx="0.030983055" tId="1" fbRx="0.03098218" lbRx="0.030983055" />
<p fId="1" fbTx="0.030983055" lbTx="0.03098393" tId="4" fbRx="0.030983055" lbRx="0.03098393" />
<p fId="3" fbTx="0.031082096" lbTx="0.03108218" tId="0" fbRx="0.041082096" lbRx="0.04108218" />
<p fId="0" fbTx="0.03108218" lbTx="0.031083055" tId="1" fbRx="0.03108218" lbRx="0.031083055" />
<p fId="1" fbTx="0.031083055" lbTx="0.03108393" tId="4" fbRx="0.031083055" lbRx="0.03108393" />
<p fId="3" fbTx="0.031182096" lbTx="0.03118218" tId="0" fbRx="0.041182096" lbRx="0.04118218" />
<p fId="0" fbTx="0.03118218" lbTx="0.031183055" tId="1" fbRx="0.03118218" lbRx="0.031183055" />
<p fId="1" fbTx="0.031183055" lbTx="0.03118393" tId="4" fbRx="0.031183055" lbRx="0.03118393" />
<pr uId="9" fId="4" fbTx="0.031214286" />
<wpr uId="9" tId="5" fbRx="0.031214286" lbRx="0" />
<wpr uId="9" tId="6" fbRx="0.031214286" lbRx="0" />
<p fId="3" fbTx="0.031282096" lbTx="0.03128218" tId="0" fbRx="0.041282096" lbRx="0.04128218" />
<p fId="0" fbTx="0.03128218" lbTx="0.031283055" tId="1" fbRx="0.03128218" lbRx="0.031283055" />
<p fId="1" fbTx="0.031283055" lbTx="0.03128393" tId="4" fbRx="0.031283055" lbRx="0.03128393" />
<p fId="3" fbTx="0.031382096" lbTx="0.03138218" tId="0" fbRx="0.041382096" lbRx="0.04138218" />
<p fId="0" fbTx="0.03138218" lbTx="0.031383055" tId="1" fbRx="0.03138218" lbRx="0.031383055" />
<p fId="1" fbTx="0.031383055" lbTx="0.03138393" tId="4" fbRx="0.031383055" lbRx="0.03138393" />
<p fId="3" fbTx="0.031482096" lbTx="0.03148218" tId="0" fbRx="0.041482096" lbRx="0.04148218" />
<p fId="0" fbTx="0.03148218" lbTx="0.031483055" tId="1" fbRx="0.03148218" lbRx="0.031483055" />
<p fId="1" fbTx="0.031483055" lbTx="0.03148393" tId="4" fbRx="0.031483055" lbRx="0.03148393" />
<p fId="3" fbTx="0.031582096" lbTx="0.03158218" tId="0" fbRx="0.041582096" lbRx="0.04158218" />
<p fId="0" fbTx="0.03158218" lbTx="0.031583055" tId="1" fbRx="0.03158218" lbRx="0.031583055" />
<p fId="1" fbTx="0.031583055" lbTx="0.03158393" tId="4" fbRx="0.031583055" lbRx="0.03158393" />
<p fId="3" fbTx="0.031682096" lbTx="0.03168218" tId="0" fbRx="0.041682096" lbRx="0.04168218" />
<p fId="0" fbTx="0.03168218" lbTx="0.031683055" tId="1" fbRx="0.03168218" lbRx="0.031683055" />
<p fId="1" fbTx="0.031683055" lbTx="0.03168393" tId="4" fbRx="0.031683055" lbRx="0.03168393" />
<p fId="3" fbTx="0.031782096" lbTx="0.03178218" tId="0" fbRx="0.041782096" lbRx="0.04178218" />
<p fId="0" fbTx="0.03178218" lbTx="0.031783055" tId="1" fbRx="0.03178218" lbRx="0.031783055" />
<p fId="1" fbTx="0.031783055" lbTx="0.03178393" tId="4" fbRx="0.031783055" lbRx="0.03178393" />
<p fId="3" fbTx="0.031882096" lbTx="0.03188218" tId="0" fbRx="0.041882096" lbRx="0.04188218" />
<p fId="0" fbTx="0.03188218" lbTx="0.031883055" tId="1" fbRx="0.03188218" lbRx="0.031883055" />
<p fId="1" fbTx="0.031883055" lbTx="0.03188393" tId="4" fbRx="0.031883055" lbRx="0.03188393" />
<p fId="3" fbTx="0.031982096" lbTx="0.03198218" tId="0" fbRx="0.041982096" lbRx="0.04198218" />
<p fId="0" fbTx="0.03198218" lbTx="0.031983055" tId="1" fbRx="0.03198218" lbRx="0.031983055" />
<p fId="1" fbTx="0.031983055" lbTx="0.03198393" tId="4" fbRx="0.031983055" lbRx="0.03198393" />
<p fId="3" fbTx="0.032082096" lbTx="0.03208218" tId="0" fbRx="0.042082096" lbRx="0.04208218" />
<p fId="0" fbTx="0.03208218" lbTx="0.032083055" tId="1" fbRx="0.03208218" lbRx="0.032083055" />
<p fId="1" fbTx="0.032083055" lbTx="0.03208393" tId="4" fbRx="0.032083055" lbRx="0.03208393" />
<p fId="3" fbTx="0.032182096" lbTx="0.03218218" tId="0" fbRx="0.042182096" lbRx="0.04218218" />
<p fId="0" fbTx="0.03218218" lbTx="0.032183055" tId="1" fbRx="0.03218218" lbRx="0.032183055" />
<p fId="1" fbTx="0.032183055" lbTx="0.03218393" tId="4" fbRx="0.032183055" lbRx="0.03218393" />
<pr uId="10" fId="4" fbTx="0.032214286" />
<wpr uId="10" tId="5" fbRx="0.032214286" lbRx="0" />
<wpr uId="10" tId="6" fbRx="0.032214286" lbRx="0" />
<p fId="3" fbTx="0.032282096" lbTx="0.03228218" tId="0" fbRx="0.042282096" lbRx="0.04228218" />
<p fId="0" fbTx="0.03228218" lbTx="0.032283055" tId="1" fbRx="0.03228218" lbRx="0.032283055" />
<p fId="1" fbTx="0.032283055" lbTx="0.03228393" tId="4" fbRx="0.032283055" lbRx="0.03228393" />
<p fId="3" fbTx="0.032382096" lbTx="0.03238218" tId="0" fbRx="0.042382096" lbRx="0.04238218" />
<p fId="0" fbTx="0.03238218" lbTx="0.032383055" tId="1" fbRx="0.03238218" lbRx="0.032383055" />
<p fId="1" fbTx="0.032383055" lbTx="0.03238393" tId="4" fbRx="0.032383055" lbRx="0.03238393" />
<p fId="3" fbTx="0.032482096" lbTx="0.03248218" tId="0" fbRx="0.042482096" lbRx="0.04248218" />
<p fId="0" fbTx="0.03248218" lbTx="0.032483055" tId="1" fbRx="0.03248218" lbRx="0.032483055" />
<p fId="1" fbTx="0.032483055" lbTx="0.03248393" tId="4" fbRx="0.032483055" lbRx="0.03248393" />
<p fId="3" fbTx="0.032582096" lbTx="0.03258218" tId="0" fbRx="0.042582096" lbRx="0.04258218" />
<p fId="0" fbTx="0.03258218" lbTx="0.032583055" tId="1" fbRx="0.03258218" lbRx="0.032583055" />
<p fId="1" fbTx="0.032583055" lbTx="0.03258393" tId="4" fbRx="0.032583055" lbRx="0.03258393" />
<p fId="3" fbTx="0.032682096" lbTx="0.03268218" tId="0" fbRx="0.042682096" lbRx="0.04268218" />
<p fId="0" fbTx="0.03268218" lbTx="0.032683055" tId="1" fbRx="0.03268218" lbRx="0.032683055" />
<p fId="1" fbTx="0.032683055" lbTx="0.03268393" tId="4" fbRx="0.032683055" lbRx="0.03268393" />
<p fId="3" fbTx="0.032782096" lbTx="0.03278218" tId="0" fbRx="0.042782096" lbRx="0.04278218" />
<p fId="0" fbTx="0.03278218" lbTx="0.032783055" tId="1" fbRx="0.03278218" lbRx="0.032783055" />
<p fId="1" fbTx="0.032783055" lbTx="0.03278393" tId="4" fbRx="0.032783055" lbRx="0.03278393" />
<p fId="3" fbTx="0.032882096" lbTx="0.03288218" tId="0" fbRx="0.042882096" lbRx="0.04288218" />
<p fId="0" fbTx="0.03288218" lbTx="0.032883055" tId="1" fbRx="0.03288218" lbRx="0.032883055" />
<p fId="1" fbTx="0.032883055" lbTx="0.03288393" tId="4" fbRx="0.032883055" lbRx="0.03288393" />
<p fId="3" fbTx="0.032982096" lbTx="0.03298218" tId="0" fbRx="0.042982096" lbRx="0.04298218" />
<p fId="0" fbTx="0.03298218" lbTx="0.032983055" tId="1" fbRx="0.03298218" lbRx="0.032983055" />
<p fId="1" fbTx="0.032983055" lbTx="0.03298393" tId="4" fbRx="0.032983055" lbRx="0.03298393" />
<p fId="3" fbTx="0.033082096" lbTx="0.03308218" tId="0" fbRx="0.043082096" lbRx="0.04308218" />
<p fId="0" fbTx="0.03308218" lbTx="0.033083055" tId="1" fbRx="0.03308218" lbRx="0.033083055" />
<p fId="1" fbTx="0.033083055" lbTx="0.03308393" tId="4" fbRx="0.033083055" lbRx="0.03308393" />
<p fId="3" fbTx="0.033182096" lbTx="0.03318218" tId="0" fbRx="0.043182096" lbRx="0.04318218" />
<p fId="0" fbTx="0.03318218" lbTx="0.033183055" tId="1" fbRx="0.03318218" lbRx="0.033183055" />
<p fId="1" fbTx="0.033183055" lbTx="0.03318393" tId="4" fbRx="0.033183055" lbRx="0.03318393" />
<pr uId="11" fId="4" fbTx="0.033214286" />
<wpr uId="11" tId="5" fbRx="0.033214286" lbRx="0" />
<wpr uId="11" tId="6" fbRx="0.033214286" lbRx="0" />
<p fId="3" fbTx="0.033282096" lbTx="0.03328218" tId="0" fbRx="0.043282096" lbRx="0.04328218" />
<p fId="0" fbTx="0.03328218" lbTx="0.033283055" tId="1" fbRx="0.03328218" lbRx="0.033283055" />
<p fId="1" fbTx="0.033283055" lbTx="0.03328393" tId="4" fbRx="0.033283055" lbRx="0.03328393" />
<p fId="3" fbTx="0.033382096" lbTx="0.03338218" tId="0" fbRx="0.043382096" lbRx="0.04338218" />
<p fId="0" fbTx="0.03338218" lbTx="0.033383055" tId="1" fbRx="0.03338218" lbRx="0.033383055" />
<p fId="1" fbTx="0.033383055" lbTx="0.03338393" tId="4" fbRx="0.033383055" lbRx="0.03338393" />
<p fId="3" fbTx="0.033482096" lbTx="0.03348218" tId="0" fbRx="0.043482096" lbRx="0.04348218" />
<p fId="0" fbTx="0.03348218" lbTx="0.033483055" tId="1" fbRx="0.03348218" lbRx="0.033483055" />
<p fId="1" fbTx="0.033483055" lbTx="0.03348393" tId="4" fbRx="0.033483055" lbRx="0.03348393" />
<p fId="3" fbTx="0.033582096" lbTx="0.03358218" tId="0" fbRx="0.043582096" lbRx="0.04358218" />
<p fId="0" fbTx="0.03358218" lbTx="0.033583055" tId="1" fbRx="0.03358218" lbRx="0.033583055" />
<p fId="1" fbTx="0.033583055" lbTx="0.03358393" tId="4" fbRx="0.033583055" lbRx="0.03358393" />
<p fId="3" fbTx="0.033682096" lbTx="0.03368218" tId="0" fbRx="0.043682096" lbRx="0.04368218" />
<p fId="0" fbTx="0.03368218" lbTx="0.033683055" tId="1" fbRx="0.03368218" lbRx="0.033683055" />
<p fId="1" fbTx="0.033683055" lbTx="0.03368393" tId="4" fbRx="0.033683055" lbRx="0.03368393" />
<p fId="3" fbTx="0.033782096" lbTx="0.03378218" tId="0" fbRx="0.043782096" lbRx="0.04378218" />
<p fId="0" fbTx="0.03378218" lbTx="0.033783055" tId="1" fbRx="0.03378218" lbRx="0.033783055" />
<p fId="1" fbTx="0.033783055" lbTx="0.03378393" tId="4" fbRx="0.033783055" lbRx="0.03378393" />
<p fId="3" fbTx="0.033882096" lbTx="0.03388218" tId="0" fbRx="0.043882096" lbRx="0.04388218" />
<p fId="0" fbTx="0.03388218" lbTx="0.033883055" tId="1" fbRx="0.03388218" lbRx="0.033883055" />
<p fId="1" fbTx="0.033883055" lbTx="0.03388393" tId="4" fbRx="0.033883055" lbRx="0.03388393" />
<p fId="3" fbTx="0.033982096" lbTx="0.03398218" tId="0" fbRx="0.043982096" lbRx="0.04398218" />
<p fId="0" fbTx="0.03398218" lbTx="0.033983055" tId="1" fbRx="0.03398218" lbRx="0.033983055" />
<p fId="1" fbTx="0.033983055" lbTx="0.03398393" tId="4" fbRx="0.033983055" lbRx="0.03398393" />
<p fId="3" fbTx="0.034082096" lbTx="0.03408218" tId="0" fbRx="0.044082096" lbRx="0.04408218" />
<p fId="0" fbTx="0.03408218" lbTx="0.034083055" tId="1" fbRx="0.03408218" lbRx="0.034083055" />
<p fId="1" fbTx="0.034083055" lbTx="0.03408393" tId="4" fbRx="0.034083055" lbRx="0.03408393" />
<p fId="3" fbTx="0.034182096" lbTx="0.03418218" tId="0" fbRx="0.044182096" lbRx="0.04418218" />
<p fId="0" fbTx="0.03418218" lbTx="0.034183055" tId="1" fbRx="0.03418218" lbRx="0.034183055" />
<p fId="1" fbTx="0.034183055" lbTx="0.03418393" tId="4" fbRx="0.034183055" lbRx="0.03418393" />
<pr uId="12" fId="4" fbTx="0.034214286" />
<wpr uId="12" tId="5" fbRx="0.034214286" lbRx="0" />
<wpr uId="12" tId="6" fbRx="0.034214286" lbRx="0" />
<p fId="3" fbTx="0.034282096" lbTx="0.03428218" tId="0" fbRx="0.044282096" lbRx="0.04428218" />
<p fId="0" fbTx="0.03428218" lbTx="0.034283055" tId="1" fbRx="0.03428218" lbRx="0.034283055" />
<p fId="1" fbTx="0.034283055" lbTx="0.03428393" tId="4" fbRx="0.034283055" lbRx="0.03428393" />
<p fId="3" fbTx="0.034382096" lbTx="0.03438218" tId="0" fbRx="0.044382096" lbRx="0.04438218" />
<p fId="0" fbTx="0.03438218" lbTx="0.034383055" tId="1" fbRx="0.03438218" lbRx="0.034383055" />
<p fId="1" fbTx="0.034383055" lbTx="0.03438393" tId="4" fbRx="0.034383055" lbRx="0.03438393" />
<p fId="3" fbTx="0.034482096" lbTx="0.03448218" tId="0" fbRx="0.044482096" lbRx="0.04448218" />
<p fId="0" fbTx="0.03448218" lbTx="0.034483055" tId="1" fbRx="0.03448218" lbRx="0.034483055" />
<p fId="1" fbTx="0.034483055" lbTx="0.03448393" tId="4" fbRx="0.034483055" lbRx="0.03448393" />
<p fId="3" fbTx="0.034582096" lbTx="0.03458218" tId="0" fbRx="0.044582096" lbRx="0.04458218" />
<p fId="0" fbTx="0.03458218" lbTx="0.034583055" tId="1" fbRx="0.03458218" lbRx="0.034583055" />
<p fId="1" fbTx="0.034583055" lbTx="0.03458393" tId="4" fbRx="0.034583055" lbRx="0.03458393" />
<p fId="3" fbTx="0.034682096" lbTx="0.03468218" tId="0" fbRx="0.044682096" lbRx="0.04468218" />
<p fId="0" fbTx="0.03468218" lbTx="0.034683055" tId="1" fbRx="0.03468218" lbRx="0.034683055" />
<p fId="1" fbTx="0.034683055" lbTx="0.03468393" tId="4" fbRx="0.034683055" lbRx="0.03468393" />
<p fId="3" fbTx="0.034782096" lbTx="0.03478218" tId="0" fbRx="0.044782096" lbRx="0.04478218" />
<p fId="0" fbTx="0.03478218" lbTx="0.034783055" tId="1" fbRx="0.03478218" lbRx="0.034783055" />
<p fId="1" fbTx="0.034783055" lbTx="0.03478393" tId="4" fbRx="0.034783055" lbRx="0.03478393" />
<p fId="3" fbTx="0.034882096" lbTx="0.03488218" tId="0" fbRx="0.044882096" lbRx="0.04488218" />
<p fId="0" fbTx="0.03488218" lbTx="0.034883055" tId="1" fbRx="0.03488218" lbRx="0.034883055" />
<p fId="1" fbTx="0.034883055" lbTx="0.03488393" tId="4" fbRx="0.034883055" lbRx="0.03488393" />
<p fId="3" fbTx="0.034982096" lbTx="0.03498218" tId="0" fbRx="0.044982096" lbRx="0.04498218" />
<p fId="0" fbTx="0.03498218" lbTx="0.034983055" tId="1" fbRx="0.03498218" lbRx="0.034983055" />
<p fId="1" fbTx="0.034983055" lbTx="0.03498393" tId="4" fbRx="0.034983055" lbRx="0.03498393" />
<p fId="3" fbTx="0.035082096" lbTx="0.03508218" tId="0" fbRx="0.045082096" lbRx="0.04508218" />
<p fId="0" fbTx="0.03508218" lbTx="0.035083055" tId="1" fbRx="0.03508218" lbRx="0.035083055" />
<p fId="1" fbTx="0.035083055" lbTx="0.03508393" tId="4" fbRx="0.035083055" lbRx="0.03508393" />
<p fId="3" fbTx="0.035182096" lbTx="0.03518218" tId="0" fbRx="0.045182096" lbRx="0.04518218" />
<p fId="0" fbTx="0.03518218" lbTx="0.035183055" tId="1" fbRx="0.03518218" lbRx="0.035183055" />
<p fId="1" fbTx="0.035183055" lbTx="0.03518393" tId="4" fbRx="0.035183055" lbRx="0.03518393" />
<pr uId="13" fId="4" fbTx="0.035214286" />
<wpr uId="13" tId="5" fbRx="0.035214286" lbRx="0" />
<wpr uId="13" tId="6" fbRx="0.035214286" lbRx="0" />
<p fId="3" fbTx="0.035282096" lbTx="0.03528218" tId="0" fbRx="0.045282096" lbRx="0.04528218" />
<p fId="0" fbTx="0.03528218" lbTx="0.035283055" tId="1" fbRx="0.03528218" lbRx="0.035283055" />
<p fId="1" fbTx="0.035283055" lbTx="0.03528393" tId="4" fbRx="0.035283055" lbRx="0.03528393" />
<p fId="3" fbTx="0.035382096" lbTx="0.03538218" tId="0" fbRx="0.045382096" lbRx="0.04538218" />
<p fId="0" fbTx="0.03538218" lbTx="0.035383055" tId="1" fbRx="0.03538218" lbRx="0.035383055" />
<p fId="1" fbTx="0.035383055" lbTx="0.03538393" tId="4" fbRx="0.035383055" lbRx="0.03538393" />
<p fId="3" fbTx="0.035482096" lbTx="0.03548218" tId="0" fbRx="0.045482096" lbRx="0.04548218" />
<p fId="0" fbTx="0.03548218" lbTx="0.035483055" tId="1" fbRx="0.03548218" lbRx="0.035483055" />
<p fId="1" fbTx="0.035483055" lbTx="0.03548393" tId="4" fbRx="0.035483055" lbRx="0.03548393" />
<p fId="3" fbTx="0.035582096" lbTx="0.03558218" tId="0" fbRx="0.045582096" lbRx="0.04558218" />
<p fId="0" fbTx="0.03558218" lbTx="0.035583055" tId="1" fbRx="0.03558218" lbRx="0.035583055" />
<p fId="1" fbTx="0.035583055" lbTx="0.03558393" tId="4" fbRx="0.035583055" lbRx="0.03558393" />
<p fId="3" fbTx="0.035682096" lbTx="0.03568218" tId="0" fbRx="0.045682096" lbRx="0.04568218" />
<p fId="0" fbTx="0.03568218" lbTx="0.035683055" tId="1" fbRx="0.03568218" lbRx="0.035683055" />
<p fId="1" fbTx="0.035683055" lbTx="0.03568393" tId="4" fbRx="0.035683055" lbRx="0.03568393" />
<p fId="3" fbTx="0.035782096" lbTx="0.03578218" tId="0" fbRx="0.045782096" lbRx="0.04578218" />
<p fId="0" fbTx="0.03578218" lbTx="0.035783055" tId="1" fbRx="0.03578218" lbRx="0.035783055" />
<p fId="1" fbTx="0.035783055" lbTx="0.03578393" tId="4" fbRx="0.035783055" lbRx="0.03578393" />
<p fId="3" fbTx="0.035882096" lbTx="0.03588218" tId="0" fbRx="0.045882096" lbRx="0.04588218" />
<p fId="0" fbTx="0.03588218" lbTx="0.035883055" tId="1" fbRx="0.03588218" lbRx="0.035883055" />
<p fId="1" fbTx="0.035883055" lbTx="0.03588393" tId="4" fbRx="0.035883055" lbRx="0.03588393" />
<p fId="3" fbTx="0.035982096" lbTx="0.03598218" tId="0" fbRx="0.045982096" lbRx="0.04598218" />
<p fId="0" fbTx="0.03598218" lbTx="0.035983055" tId="1" fbRx="0.03598218" lbRx="0.035983055" />
<p fId="1" fbTx="0.035983055" lbTx="0.03598393" tId="4" fbRx="0.035983055" lbRx="0.03598393" />
<p fId="3" fbTx="0.036082096" lbTx="0.03608218" tId="0" fbRx="0.046082096" lbRx="0.04608218" />
<p fId="0" fbTx="0.03608218" lbTx="0.036083055" tId="1" fbRx="0.03608218" lbRx="0.036083055" />
<p fId="1" fbTx="0.036083055" lbTx="0.03608393" tId="4" fbRx="0.036083055" lbRx="0.03608393" />
<p fId="3" fbTx="0.036182096" lbTx="0.03618218" tId="0" fbRx="0.046182096" lbRx="0.04618218" />
<p fId="0" fbTx="0.03618218" lbTx="0.036183055" tId="1" fbRx="0.03618218" lbRx="0.036183055" />
<p fId="1" fbTx="0.036183055" lbTx="0.03618393" tId="4" fbRx="0.036183055" lbRx="0.03618393" />
<pr uId="14" fId="4" fbTx="0.036214286" />
<wpr uId="14" tId="5" fbRx="0.036214286" lbRx="0" />
<wpr uId="14" tId="6" fbRx="0.036214286" lbRx="0" />
<p fId="3" fbTx="0.036282096" lbTx="0.03628218" tId="0" fbRx="0.046282096" lbRx="0.04628218" />
<p fId="0" fbTx="0.03628218" lbTx="0.036283055" tId="1" fbRx="0.03628218" lbRx="0.036283055" />
<p fId="1" fbTx="0.036283055" lbTx="0.03628393" tId="4" fbRx="0.036283055" lbRx="0.03628393" />
<p fId="3" fbTx="0.036382096" lbTx="0.03638218" tId="0" fbRx="0.046382096" lbRx="0.04638218" />
<p fId="0" fbTx="0.03638218" lbTx="0.036383055" tId="1" fbRx="0.03638218" lbRx="0.036383055" />
<p fId="1" fbTx="0.036383055" lbTx="0.03638393" tId="4" fbRx="0.036383055" lbRx="0.03638393" />
<p fId="3" fbTx="0.036482096" lbTx="0.03648218" tId="0" fbRx="0.046482096" lbRx="0.04648218" />
<p fId="0" fbTx="0.03648218" lbTx="0.036483055" tId="1" fbRx="0.03648218" lbRx="0.036483055" />
<p fId="1" fbTx="0.036483055" lbTx="0.03648393" tId="4" fbRx="0.036483055" lbRx="0.03648393" />
<p fId="3" fbTx="0.036582096" lbTx="0.03658218" tId="0" fbRx="0.046582096" lbRx="0.04658218" />
<p fId="0" fbTx="0.03658218" lbTx="0.036583055" tId="1" fbRx="0.03658218" lbRx="0.036583055" />
<p fId="1" fbTx="0.036583055" lbTx="0.03658393" tId="4" fbRx="0.036583055" lbRx="0.03658393" />
<p fId="3" fbTx="0.036682096" lbTx="0.03668218" tId="0" fbRx="0.046682096" lbRx="0.04668218" />
<p fId="0" fbTx="0.03668218" lbTx="0.036683055" tId="1" fbRx="0.03668218" lbRx="0.036683055" />
<p fId="1" fbTx="0.036683055" lbTx="0.03668393" tId="4" fbRx="0.036683055" lbRx="0.03668393" />
<p fId="3" fbTx="0.036782096" lbTx="0.03678218" tId="0" fbRx="0.046782096" lbRx="0.04678218" />
<p fId="0" fbTx="0.03678218" lbTx="0.036783055" tId="1" fbRx="0.03678218" lbRx="0.036783055" />
<p fId="1" fbTx="0.036783055" lbTx="0.03678393" tId="4" fbRx="0.036783055" lbRx="0.03678393" />
<p fId="3" fbTx="0.036882096" lbTx="0.03688218" tId="0" fbRx="0.046882096" lbRx="0.04688218" />
<p fId="0" fbTx="0.03688218" lbTx="0.036883055" tId="1" fbRx="0.03688218" lbRx="0.036883055" />
<p fId="1" fbTx="0.036883055" lbTx="0.03688393" tId="4" fbRx="0.036883055" lbRx="0.03688393" />
<p fId="3" fbTx="0.036982096" lbTx="0.03698218" tId="0" fbRx="0.046982096" lbRx="0.04698218" />
<p fId="0" fbTx="0.03698218" lbTx="0.036983055" tId="1" fbRx="0.03698218" lbRx="0.036983055" />
<p fId="1" fbTx="0.036983055" lbTx="0.03698393" tId="4" fbRx="0.036983055" lbRx="0.03698393" />
<p fId="3" fbTx="0.037082096" lbTx="0.03708218" tId="0" fbRx="0.047082096" lbRx="0.04708218" />
<p fId="0" fbTx="0.03708218" lbTx="0.037083055" tId="1" fbRx="0.03708218" lbRx="0.037083055" />
<p fId="1" fbTx="0.037083055" lbTx="0.03708393" tId="4" fbRx="0.037083055" lbRx="0.03708393" />
<p fId="3" fbTx="0.037182096" lbTx="0.03718218" tId="0" fbRx="0.047182096" lbRx="0.04718218" />
<p fId="0" fbTx="0.03718218" lbTx="0.037183055" tId="1" fbRx="0.03718218" lbRx="0.037183055" />
<p fId="1" fbTx="0.037183055" lbTx="0.03718393" tId="4" fbRx="0.037183055" lbRx="0.03718393" />
<pr uId="15" fId="4" fbTx="0.037214286" />
<wpr uId="15" tId="5" fbRx="0.037214286" lbRx="0" />
<wpr uId="15" tId="6" fbRx="0.037214286" lbRx="0" />
<p fId="3" fbTx="0.037282096" lbTx="0.03728218" tId="0" fbRx="0.047282096" lbRx="0.04728218" />
<p fId="0" fbTx="0.03728218" lbTx="0.037283055" tId="1" fbRx="0.03728218" lbRx="0.037283055" />
<p fId="1" fbTx="0.037283055" lbTx="0.03728393" tId="4" fbRx="0.037283055" lbRx="0.03728393" />
<p fId="3" fbTx="0.037382096" lbTx="0.03738218" tId="0" fbRx="0.047382096" lbRx="0.04738218" />
<p fId="0" fbTx="0.03738218" lbTx="0.037383055" tId="1" fbRx="0.03738218" lbRx="0.037383055" />
<p fId="1" fbTx="0.037383055" lbTx="0.03738393" tId="4" fbRx="0.037383055" lbRx="0.03738393" />
<p fId="3" fbTx="0.037482096" lbTx="0.03748218" tId="0" fbRx="0.047482096" lbRx="0.04748218" />
<p fId="0" fbTx="0.03748218" lbTx="0.037483055" tId="1" fbRx="0.03748218" lbRx="0.037483055" />
<p fId="1" fbTx="0.037483055" lbTx="0.03748393" tId="4" fbRx="0.037483055" lbRx="0.03748393" />
<p fId="3" fbTx="0.037582096" lbTx="0.03758218" tId="0" fbRx="0.047582096" lbRx="0.04758218" />
<p fId="0" fbTx="0.03758218" lbTx="0.037583055" tId="1" fbRx="0.03758218" lbRx="0.037583055" />
<p fId="1" fbTx="0.037583055" lbTx="0.03758393" tId="4" fbRx="0.037583055" lbRx="0.03758393" />
<p fId="3" fbTx="0.037682096" lbTx="0.03768218" tId="0" fbRx="0.047682096" lbRx="0.04768218" />
<p fId="0" fbTx="0.03768218" lbTx="0.037683055" tId="1" fbRx="0.03768218" lbRx="0.037683055" />
<p fId="1" fbTx="0.037683055" lbTx="0.03768393" tId="4" fbRx="0.037683055" lbRx="0.03768393" />
<p fId="3" fbTx="0.037782096" lbTx="0.03778218" tId="0" fbRx="0.047782096" lbRx="0.04778218" />
<p fId="0" fbTx="0.03778218" lbTx="0.037783055" tId="1" fbRx="0.03778218" lbRx="0.037783055" />
<p fId="1" fbTx="0.037783055" lbTx="0.03778393" tId="4" fbRx="0.037783055" lbRx="0.03778393" />
<p fId="3" fbTx="0.037882096" lbTx="0.03788218" tId="0" fbRx="0.047882096" lbRx="0.04788218" />
<p fId="0" fbTx="0.03788218" lbTx="0.037883055" tId="1" fbRx="0.03788218" lbRx="0.037883055" />
<p fId="1" fbTx="0.037883055" lbTx="0.03788393" tId="4" fbRx="0.037883055" lbRx="0.03788393" />
<p fId="3" fbTx="0.037982096" lbTx="0.03798218" tId="0" fbRx="0.047982096" lbRx="0.04798218" />
<p fId="0" fbTx="0.03798218" lbTx="0.037983055" tId="1" fbRx="0.03798218" lbRx="0.037983055" />
<p fId="1" fbTx="0.037983055" lbTx="0.03798393" tId="4" fbRx="0.037983055" lbRx="0.03798393" />
<p fId="3" fbTx="0.038082096" lbTx="0.03808218" tId="0" fbRx="0.048082096" lbRx="0.04808218" />
<p fId="0" fbTx="0.03808218" lbTx="0.038083055" tId="1" fbRx="0.03808218" lbRx="0.038083055" />
<p fId="1" fbTx="0.038083055" lbTx="0.03808393" tId="4" fbRx="0.038083055" lbRx="0.03808393" />
<p fId="3" fbTx="0.038182096" lbTx="0.03818218" tId="0" fbRx="0.048182096" lbRx="0.04818218" />
<p fId="0" fbTx="0.03818218" lbTx="0.038183055" tId="1" fbRx="0.03818218" lbRx="0.038183055" />
<p fId="1" fbTx="0.038183055" lbTx="0.03818393" tId="4" fbRx="0.038183055" lbRx="0.03818393" />
<pr uId="16" fId="4" fbTx="0.038214286" />
<wpr uId="16" tId="5" fbRx="0.038214286" lbRx="0" />
<wpr uId="16" tId="6" fbRx="0.038214286" lbRx="0" />
<p fId="3" fbTx="0.038282096" lbTx="0.03828218" tId="0" fbRx="0.048282096" lbRx="0.04828218" />
<p fId="0" fbTx="0.03828218" lbTx="0.038283055" tId="1" fbRx="0.03828218" lbRx="0.038283055" />
<p fId="1" fbTx="0.038283055" lbTx="0.03828393" tId="4" fbRx="0.038283055" lbRx="0.03828393" />
<p fId="3" fbTx="0.038382096" lbTx="0.03838218" tId="0" fbRx="0.048382096" lbRx="0.04838218" />
<p fId="0" fbTx="0.03838218" lbTx="0.038383055" tId="1" fbRx="0.03838218" lbRx="0.038383055" />
<p fId="1" fbTx="0.038383055" lbTx="0.03838393" tId="4" fbRx="0.038383055" lbRx="0.03838393" />
<p fId="3" fbTx="0.038482096" lbTx="0.03848218" tId="0" fbRx="0.048482096" lbRx="0.04848218" />
<p fId="0" fbTx="0.03848218" lbTx="0.038483055" tId="1" fbRx="0.03848218" lbRx="0.038483055" />
<p fId="1" fbTx="0.038483055" lbTx="0.03848393" tId="4" fbRx="0.038483055" lbRx="0.03848393" />
<p fId="3" fbTx="0.038582096" lbTx="0.03858218" tId="0" fbRx="0.048582096" lbRx="0.04858218" />
<p fId="0" fbTx="0.03858218" lbTx="0.038583055" tId="1" fbRx="0.03858218" lbRx="0.038583055" />
<p fId="1" fbTx="0.038583055" lbTx="0.03858393" tId="4" fbRx="0.038583055" lbRx="0.03858393" />
<p fId="3" fbTx="0.038682096" lbTx="0.03868218" tId="0" fbRx="0.048682096" lbRx="0.04868218" />
<p fId="0" fbTx="0.03868218" lbTx="0.038683055" tId="1" fbRx="0.03868218" lbRx="0.038683055" />
<p fId="1" fbTx="0.038683055" lbTx="0.03868393" tId="4" fbRx="0.038683055" lbRx="0.03868393" />
<p fId="3" fbTx="0.038782096" lbTx="0.03878218" tId="0" fbRx="0.048782096" lbRx="0.04878218" />
<p fId="0" fbTx="0.03878218" lbTx="0.038783055" tId="1" fbRx="0.03878218" lbRx="0.038783055" />
<p fId="1" fbTx="0.038783055" lbTx="0.03878393" tId="4" fbRx="0.038783055" lbRx="0.03878393" />
<p fId="3" fbTx="0.038882096" lbTx="0.03888218" tId="0" fbRx="0.048882096" lbRx="0.04888218" />
<p fId="0" fbTx="0.03888218" lbTx="0.038883055" tId="1" fbRx="0.03888218" lbRx="0.038883055" />
<p fId="1" fbTx="0.038883055" lbTx="0.03888393" tId="4" fbRx="0.038883055" lbRx="0.03888393" />
<p fId="3" fbTx="0.038982096" lbTx="0.03898218" tId="0" fbRx="0.048982096" lbRx="0.04898218" />
<p fId="0" fbTx="0.03898218" lbTx="0.038983055" tId="1" fbRx="0.03898218" lbRx="0.038983055" />
<p fId="1" fbTx="0.038983055" lbTx="0.03898393" tId="4" fbRx="0.038983055" lbRx="0.03898393" />
<p fId="3" fbTx="0.039082096" lbTx="0.03908218" tId="0" fbRx="0.049082096" lbRx="0.04908218" />
<p fId="0" fbTx="0.03908218" lbTx="0.039083055" tId="1" fbRx="0.03908218" lbRx="0.039083055" />
<p fId="1" fbTx="0.039083055" lbTx="0.03908393" tId="4" fbRx="0.039083055" lbRx="0.03908393" />
<p fId="3" fbTx="0.039182096" lbTx="0.03918218" tId="0" fbRx="0.049182096" lbRx="0.04918218" />
<p fId="0" fbTx="0.03918218" lbTx="0.039183055" tId="1" fbRx="0.03918218" lbRx="0.039183055" />
<p fId="1" fbTx="0.039183055" lbTx="0.03918393" tId="4" fbRx="0.039183055" lbRx="0.03918393" />
<pr uId="17" fId="4" fbTx="0.039214286" />
<wpr uId="17" tId="5" fbRx="0.039214286" lbRx="0" />
<wpr uId="17" tId="6" fbRx="0.039214286" lbRx="0" />
<p fId="3" fbTx="0.039282096" lbTx="0.03928218" tId="0" fbRx="0.049282096" lbRx="0.04928218" />
<p fId="0" fbTx="0.03928218" lbTx="0.039283055" tId="1" fbRx="0.03928218" lbRx="0.039283055" />
<p fId="1" fbTx="0.039283055" lbTx="0.03928393" tId="4" fbRx="0.039283055" lbRx="0.03928393" />
<p fId="3" fbTx="0.039382096" lbTx="0.03938218" tId="0" fbRx="0.049382096" lbRx="0.04938218" />
<p fId="0" fbTx="0.03938218" lbTx="0.039383055" tId="1" fbRx="0.03938218" lbRx="0.039383055" />
<p fId="1" fbTx="0.039383055" lbTx="0.03938393" tId="4" fbRx="0.039383055" lbRx="0.03938393" />
<p fId="3" fbTx="0.039482096" lbTx="0.03948218" tId="0" fbRx="0.049482096" lbRx="0.04948218" />
<p fId="0" fbTx="0.03948218" lbTx="0.039483055" tId="1" fbRx="0.03948218" lbRx="0.039483055" />
<p fId="1" fbTx="0.039483055" lbTx="0.03948393" tId="4" fbRx="0.039483055" lbRx="0.03948393" />
<p fId="3" fbTx="0.039582096" lbTx="0.03958218" tId="0" fbRx="0.049582096" lbRx="0.04958218" />
<p fId="0" fbTx="0.03958218" lbTx="0.039583055" tId="1" fbRx="0.03958218" lbRx="0.039583055" />
<p fId="1" fbTx="0.039583055" lbTx="0.03958393" tId="4" fbRx="0.039583055" lbRx="0.03958393" />
<p fId="3" fbTx="0.039682096" lbTx="0.03968218" tId="0" fbRx="0.049682096" lbRx="0.04968218" />
<p fId="0" fbTx="0.03968218" lbTx="0.039683055" tId="1" fbRx="0.03968218" lbRx="0.039683055" />
<p fId="1" fbTx="0.039683055" lbTx="0.03968393" tId="4" fbRx="0.039683055" lbRx="0.03968393" />
<p fId="3" fbTx="0.039782096" lbTx="0.03978218" tId="0" fbRx="0.049782096" lbRx="0.04978218" />
<p fId="0" fbTx="0.03978218" lbTx="0.039783055" tId="1" fbRx="0.03978218" lbRx="0.039783055" />
<p fId="1" fbTx="0.039783055" lbTx="0.03978393" tId="4" fbRx="0.039783055" lbRx="0.03978393" />
<p fId="3" fbTx="0.039882096" lbTx="0.03988218" tId="0" fbRx="0.049882096" lbRx="0.04988218" />
<p fId="0" fbTx="0.03988218" lbTx="0.039883055" tId="1" fbRx="0.03988218" lbRx="0.039883055" />
<p fId="1" fbTx="0.039883055" lbTx="0.03988393" tId="4" fbRx="0.039883055" lbRx="0.03988393" />
<p fId="3" fbTx="0.039982096" lbTx="0.03998218" tId="0" fbRx="0.049982096" lbRx="0.04998218" />
<p fId="0" fbTx="0.03998218" lbTx="0.039983055" tId="1" fbRx="0.03998218" lbRx="0.039983055" />
<p fId="1" fbTx="0.039983055" lbTx="0.03998393" tId="4" fbRx="0.039983055" lbRx="0.03998393" />
<p fId="3" fbTx="0.040082096" lbTx="0.04008218" tId="0" fbRx="0.050082096" lbRx="0.05008218" />
<p fId="0" fbTx="0.04008218" lbTx="0.040083055" tId="1" fbRx="0.04008218" lbRx="0.040083055" />
<p fId="1" fbTx="0.040083055" lbTx="0.04008393" tId="4" fbRx="0.040083055" lbRx="0.04008393" />
<p fId="3" fbTx="0.040182096" lbTx="0.04018218" tId="0" fbRx="0.050182096" lbRx="0.05018218" />
<p fId="0" fbTx="0.04018218" lbTx="0.040183055" tId="1" fbRx="0.04018218" lbRx="0.040183055" />
<p fId="1" fbTx="0.040183055" lbTx="0.04018393" tId="4" fbRx="0.040183055" lbRx="0.04018393" />
<pr uId="18" fId="4" fbTx="0.040214286" />
<wpr uId="18" tId="5" fbRx="0.040214286" lbRx="0" />
<wpr uId="18" tId="6" fbRx="0.040214286" lbRx="0" />
<p fId="3" fbTx="0.040282096" lbTx="0.04028218" tId="0" fbRx="0.050282096" lbRx="0.05028218" />
<p fId="0" fbTx="0.04028218" lbTx="0.040283055" tId="1" fbRx="0.04028218" lbRx="0.040283055" />
<p fId="1" fbTx="0.040283055" lbTx="0.04028393" tId="4" fbRx="0.040283055" lbRx="0.04028393" />
<p fId="3" fbTx="0.040382096" lbTx="0.04038218" tId="0" fbRx="0.050382096" lbRx="0.05038218" />
<p fId="0" fbTx="0.04038218" lbTx="0.040383055" tId="1" fbRx="0.04038218" lbRx="0.040383055" />
<p fId="1" fbTx="0.040383055" lbTx="0.04038393" tId="4" fbRx="0.040383055" lbRx="0.04038393" />
<p fId="3" fbTx="0.040482096" lbTx="0.04048218" tId="0" fbRx="0.050482096" lbRx="0.05048218" />
<p fId="0" fbTx="0.04048218" lbTx="0.040483055" tId="1" fbRx="0.04048218" lbRx="0.040483055" />
<p fId="1" fbTx="0.040483055" lbTx="0.04048393" tId="4" fbRx="0.040483055" lbRx="0.04048393" />
<p fId="3" fbTx="0.040582096" lbTx="0.04058218" tId="0" fbRx="0.050582096" lbRx="0.05058218" />
<p fId="0" fbTx="0.04058218" lbTx="0.040583055" tId="1" fbRx="0.04058218" lbRx="0.040583055" />
<p fId="1" fbTx="0.040583055" lbTx="0.04058393" tId="4" fbRx="0.040583055" lbRx="0.04058393" />
<p fId="3" fbTx="0.040682096" lbTx="0.04068218" tId="0" fbRx="0.050682096" lbRx="0.05068218" />
<p fId="0" fbTx="0.04068218" lbTx="0.040683055" tId="1" fbRx="0.04068218" lbRx="0.040683055" />
<p fId="1" fbTx="0.040683055" lbTx="0.04068393" tId="4" fbRx="0.040683055" lbRx="0.04068393" />
<p fId="3" fbTx="0.040782096" lbTx="0.04078218" tId="0" fbRx="0.050782096" lbRx="0.05078218" />
<p fId="0" fbTx="0.04078218" lbTx="0.040783055" tId="1" fbRx="0.04078218" lbRx="0.040783055" />
<p fId="1" fbTx="0.040783055" lbTx="0.04078393" tId="4" fbRx="0.040783055" lbRx="0.04078393" />
<p fId="3" fbTx="0.040882096" lbTx="0.04088218" tId="0" fbRx="0.050882096" lbRx="0.05088218" />
<p fId="0" fbTx="0.04088218" lbTx="0.040883055" tId="1" fbRx="0.04088218" lbRx="0.040883055" />
<p fId="1" fbTx="0.040883055" lbTx="0.04088393" tId="4" fbRx="0.040883055" lbRx="0.04088393" />
<p fId="3" fbTx="0.040982096" lbTx="0.04098218" tId="0" fbRx="0.050982096" lbRx="0.05098218" />
<p fId="0" fbTx="0.04098218" lbTx="0.040983055" tId="1" fbRx="0.04098218" lbRx="0.040983055" />
<p fId="1" fbTx="0.040983055" lbTx="0.04098393" tId="4" fbRx="0.040983055" lbRx="0.04098393" />
<p fId="3" fbTx="0.041082096" lbTx="0.04108218" tId="0" fbRx="0.051082096" lbRx="0.05108218" />
<p fId="0" fbTx="0.04108218" lbTx="0.041083055" tId="1" fbRx="0.04108218" lbRx="0.041083055" />
<p fId="1" fbTx="0.041083055" lbTx="0.04108393" tId="4" fbRx="0.041083055" lbRx="0.04108393" />
<p fId="3" fbTx="0.041182096" lbTx="0.04118218" tId="0" fbRx="0.051182096" lbRx="0.05118218" />
<p fId="0" fbTx="0.04118218" lbTx="0.041183055" tId="1" fbRx="0.04118218" lbRx="0.041183055" />
<p fId="1" fbTx="0.041183055" lbTx="0.04118393" tId="4" fbRx="0.041183055" lbRx="0.04118393" />
<pr uId="19" fId="4" fbTx="0.041214286" />
<wpr uId="19" tId="5" fbRx="0.041214286" lbRx="0" />
<wpr uId="19" tId="6" fbRx="0.041214286" lbRx="0" />
<p fId="3" fbTx="0.041282096" lbTx="0.04128218" tId="0" fbRx="0.051282096" lbRx="0.05128218" />
<p fId="0" fbTx="0.04128218" lbTx="0.041283055" tId="1" fbRx="0.04128218" lbRx="0.041283055" />
<p fId="1" fbTx="0.041283055" lbTx="0.04128393" tId="4" fbRx="0.041283055" lbRx="0.04128393" />
<p fId="3" fbTx="0.041382096" lbTx="0.04138218" tId="0" fbRx="0.051382096" lbRx="0.05138218" />
<p fId="0" fbTx="0.04138218" lbTx="0.041383055" tId="1" fbRx="0.04138218" lbRx="0.041383055" />
<p fId="1" fbTx="0.041383055" lbTx="0.04138393" tId="4" fbRx="0.041383055" lbRx="0.04138393" />
<p fId="3" fbTx="0.041482096" lbTx="0.04148218" tId="0" fbRx="0.051482096" lbRx="0.05148218" />
<p fId="0" fbTx="0.04148218" lbTx="0.041483055" tId="1" fbRx="0.04148218" lbRx="0.041483055" />
<p fId="1" fbTx="0.041483055" lbTx="0.04148393" tId="4" fbRx="0.041483055" lbRx="0.04148393" />
<p fId="3" fbTx="0.041582096" lbTx="0.04158218" tId="0" fbRx="0.051582096" lbRx="0.05158218" />
<p fId="0" fbTx="0.04158218" lbTx="0.041583055" tId="1" fbRx="0.04158218" lbRx="0.041583055" />
<p fId="1" fbTx="0.041583055" lbTx="0.04158393" tId="4" fbRx="0.041583055" lbRx="0.04158393" />
<p fId="3" fbTx="0.041682096" lbTx="0.04168218" tId="0" fbRx="0.051682096" lbRx="0.05168218" />
<p fId="0" fbTx="0.04168218" lbTx="0.041683055" tId="1" fbRx="0.04168218" lbRx="0.041683055" />
<p fId="1" fbTx="0.041683055" lbTx="0.04168393" tId="4" fbRx="0.041683055" lbRx="0.04168393" />
<p fId="3" fbTx="0.041782096" lbTx="0.04178218" tId="0" fbRx="0.051782096" lbRx="0.05178218" />
<p fId="0" fbTx="0.04178218" lbTx="0.041783055" tId="1" fbRx="0.04178218" lbRx="0.041783055" />
<p fId="1" fbTx="0.041783055" lbTx="0.04178393" tId="4" fbRx="0.041783055" lbRx="0.04178393" />
<p fId="3" fbTx="0.041882096" lbTx="0.04188218" tId="0" fbRx="0.051882096" lbRx="0.05188218" />
<p fId="0" fbTx="0.04188218" lbTx="0.041883055" tId="1" fbRx="0.04188218" lbRx="0.041883055" />
<p fId="1" fbTx="0.041883055" lbTx="0.04188393" tId="4" fbRx="0.041883055" lbRx="0.04188393" />
<p fId="3" fbTx="0.041982096" lbTx="0.04198218" tId="0" fbRx="0.051982096" lbRx="0.05198218" />
<p fId="0" fbTx="0.04198218" lbTx="0.041983055" tId="1" fbRx="0.04198218" lbRx="0.041983055" />
<p fId="1" fbTx="0.041983055" lbTx="0.04198393" tId="4" fbRx="0.041983055" lbRx="0.04198393" />
<p fId="3" fbTx="0.042082096" lbTx="0.04208218" tId="0" fbRx="0.052082096" lbRx="0.05208218" />
<p fId="0" fbTx="0.04208218" lbTx="0.042083055" tId="1" fbRx="0.04208218" lbRx="0.042083055" />
<p fId="1" fbTx="0.042083055" lbTx="0.04208393" tId="4" fbRx="0.042083055" lbRx="0.04208393" />
<p fId="3" fbTx="0.042182096" lbTx="0.04218218" tId="0" fbRx="0.052182096" lbRx="0.05218218" />
<p fId="0" fbTx="0.04218218" lbTx="0.042183055" tId="1" fbRx="0.04218218" lbRx="0.042183055" />
<p fId="1" fbTx="0.042183055" lbTx="0.04218393" tId="4" fbRx="0.042183055" lbRx="0.04218393" />
<pr uId="20" fId="4" fbTx="0.042214286" />
<wpr uId="20" tId="5" fbRx="0.042214286" lbRx="0" />
<wpr uId="20" tId="6" fbRx="0.042214286" lbRx="0" />
<p fId="3" fbTx="0.042282096" lbTx="0.04228218" tId="0" fbRx="0.052282096" lbRx="0.05228218" />
<p fId="0" fbTx="0.04228218" lbTx="0.042283055" tId="1" fbRx="0.04228218" lbRx="0.042283055" />
<p fId="1" fbTx="0.042283055" lbTx="0.04228393" tId="4" fbRx="0.042283055" lbRx="0.04228393" />
<p fId="3" fbTx="0.042382096" lbTx="0.04238218" tId="0" fbRx="0.052382096" lbRx="0.05238218" />
<p fId="0" fbTx="0.04238218" lbTx="0.042383055" tId="1" fbRx="0.04238218" lbRx="0.042383055" />
<p fId="1" fbTx="0.042383055" lbTx="0.04238393" tId="4" fbRx="0.042383055" lbRx="0.04238393" />
<p fId="3" fbTx="0.042482096" lbTx="0.04248218" tId="0" fbRx="0.052482096" lbRx="0.05248218" />
<p fId="0" fbTx="0.04248218" lbTx="0.042483055" tId="1" fbRx="0.04248218" lbRx="0.042483055" />
<p fId="1" fbTx="0.042483055" lbTx="0.04248393" tId="4" fbRx="0.042483055" lbRx="0.04248393" />
<p fId="3" fbTx="0.042582096" lbTx="0.04258218" tId="0" fbRx="0.052582096" lbRx="0.05258218" />
<p fId="0" fbTx="0.04258218" lbTx="0.042583055" tId="1" fbRx="0.04258218" lbRx="0.042583055" />
<p fId="1" fbTx="0.042583055" lbTx="0.04258393" tId="4" fbRx="0.042583055" lbRx="0.04258393" />
<p fId="3" fbTx="0.042682096" lbTx="0.04268218" tId="0" fbRx="0.052682096" lbRx="0.05268218" />
<p fId="0" fbTx="0.04268218" lbTx="0.042683055" tId="1" fbRx="0.04268218" lbRx="0.042683055" />
<p fId="1" fbTx="0.042683055" lbTx="0.04268393" tId="4" fbRx="0.042683055" lbRx="0.04268393" />
<p fId="3" fbTx="0.042782096" lbTx="0.04278218" tId="0" fbRx="0.052782096" lbRx="0.05278218" />
<p fId="0" fbTx="0.04278218" lbTx="0.042783055" tId="1" fbRx="0.04278218" lbRx="0.042783055" />
<p fId="1" fbTx="0.042783055" lbTx="0.04278393" tId="4" fbRx="0.042783055" lbRx="0.04278393" />
<p fId="3" fbTx="0.042882096" lbTx="0.04288218" tId="0" fbRx="0.052882096" lbRx="0.05288218" />
<p fId="0" fbTx="0.04288218" lbTx="0.042883055" tId="1" fbRx="0.04288218" lbRx="0.042883055" />
<p fId="1" fbTx="0.042883055" lbTx="0.04288393" tId="4" fbRx="0.042883055" lbRx="0.04288393" />
<p fId="3" fbTx="0.042982096" lbTx="0.04298218" tId="0" fbRx="0.052982096" lbRx="0.05298218" />
<p fId="0" fbTx="0.04298218" lbTx="0.042983055" tId="1" fbRx="0.04298218" lbRx="0.042983055" />
<p fId="1" fbTx="0.042983055" lbTx="0.04298393" tId="4" fbRx="0.042983055" lbRx="0.04298393" />
<p fId="3" fbTx="0.043082096" lbTx="0.04308218" tId="0" fbRx="0.053082096" lbRx="0.05308218" />
<p fId="0" fbTx="0.04308218" lbTx="0.043083055" tId="1" fbRx="0.04308218" lbRx="0.043083055" />
<p fId="1" fbTx="0.043083055" lbTx="0.04308393" tId="4" fbRx="0.043083055" lbRx="0.04308393" />
<p fId="3" fbTx="0.043182096" lbTx="0.04318218" tId="0" fbRx="0.053182096" lbRx="0.05318218" />
<p fId="0" fbTx="0.04318218" lbTx="0.043183055" tId="1" fbRx="0.04318218" lbRx="0.043183055" />
<p fId="1" fbTx="0.043183055" lbTx="0.04318393" tId="4" fbRx="0.043183055" lbRx="0.04318393" />
<pr uId="21" fId="4" fbTx="0.043214286" />
<wpr uId="21" tId="5" fbRx="0.043214286" lbRx="0" />
<wpr uId="21" tId="6" fbRx="0.043214286" lbRx="0" />
<p fId="3" fbTx="0.043282096" lbTx="0.04328218" tId="0" fbRx="0.053282096" lbRx="0.05328218" />
<p fId="0" fbTx="0.04328218" lbTx="0.043283055" tId="1" fbRx="0.04328218" lbRx="0.043283055" />
<p fId="1" fbTx="0.043283055" lbTx="0.04328393" tId="4" fbRx="0.043283055" lbRx="0.04328393" />
<p fId="3" fbTx="0.043382096" lbTx="0.04338218" tId="0" fbRx="0.053382096" lbRx="0.05338218" />
<p fId="0" fbTx="0.04338218" lbTx="0.043383055" tId="1" fbRx="0.04338218" lbRx="0.043383055" />
<p fId="1" fbTx="0.043383055" lbTx="0.04338393" tId="4" fbRx="0.043383055" lbRx="0.04338393" />
<p fId="3" fbTx="0.043482096" lbTx="0.04348218" tId="0" fbRx="0.053482096" lbRx="0.05348218" />
<p fId="0" fbTx="0.04348218" lbTx="0.043483055" tId="1" fbRx="0.04348218" lbRx="0.043483055" />
<p fId="1" fbTx="0.043483055" lbTx="0.04348393" tId="4" fbRx="0.043483055" lbRx="0.04348393" />
<p fId="3" fbTx="0.043582096" lbTx="0.04358218" tId="0" fbRx="0.053582096" lbRx="0.05358218" />
<p fId="0" fbTx="0.04358218" lbTx="0.043583055" tId="1" fbRx="0.04358218" lbRx="0.043583055" />
<p fId="1" fbTx="0.043583055" lbTx="0.04358393" tId="4" fbRx="0.043583055" lbRx="0.04358393" />
<p fId="3" fbTx="0.043682096" lbTx="0.04368218" tId="0" fbRx="0.053682096" lbRx="0.05368218" />
<p fId="0" fbTx="0.04368218" lbTx="0.043683055" tId="1" fbRx="0.04368218" lbRx="0.043683055" />
<p fId="1" fbTx="0.043683055" lbTx="0.04368393" tId="4" fbRx="0.043683055" lbRx="0.04368393" />
<p fId="3" fbTx="0.043782096" lbTx="0.04378218" tId="0" fbRx="0.053782096" lbRx="0.05378218" />
<p fId="0" fbTx="0.04378218" lbTx="0.043783055" tId="1" fbRx="0.04378218" lbRx="0.043783055" />
<p fId="1" fbTx="0.043783055" lbTx="0.04378393" tId="4" fbRx="0.043783055" lbRx="0.04378393" />
<p fId="3" fbTx="0.043882096" lbTx="0.04388218" tId="0" fbRx="0.053882096" lbRx="0.05388218" />
<p fId="0" fbTx="0.04388218" lbTx="0.043883055" tId="1" fbRx="0.04388218" lbRx="0.043883055" />
<p fId="1" fbTx="0.043883055" lbTx="0.04388393" tId="4" fbRx="0.043883055" lbRx="0.04388393" />
<p fId="3" fbTx="0.043982096" lbTx="0.04398218" tId="0" fbRx="0.053982096" lbRx="0.05398218" />
<p fId="0" fbTx="0.04398218" lbTx="0.043983055" tId="1" fbRx="0.04398218" lbRx="0.043983055" />
<p fId="1" fbTx="0.043983055" lbTx="0.04398393" tId="4" fbRx="0.043983055" lbRx="0.04398393" />
<p fId="3" fbTx="0.044082096" lbTx="0.04408218" tId="0" fbRx="0.054082096" lbRx="0.05408218" />
<p fId="0" fbTx="0.04408218" lbTx="0.044083055" tId="1" fbRx="0.04408218" lbRx="0.044083055" />
<p fId="1" fbTx="0.044083055" lbTx="0.04408393" tId="4" fbRx="0.044083055" lbRx="0.04408393" />
<p fId="3" fbTx="0.044182096" lbTx="0.04418218" tId="0" fbRx="0.054182096" lbRx="0.05418218" />
<p fId="0" fbTx="0.04418218" lbTx="0.044183055" tId="1" fbRx="0.04418218" lbRx="0.044183055" />
<p fId="1" fbTx="0.044183055" lbTx="0.04418393" tId="4" fbRx="0.044183055" lbRx="0.04418393" />
<pr uId="22" fId="4" fbTx="0.044214286" />
<wpr uId="22" tId="5" fbRx="0.044214286" lbRx="0" />
<wpr uId="22" tId="6" fbRx="0.044214286" lbRx="0" />
<p fId="3" fbTx="0.044282096" lbTx="0.04428218" tId="0" fbRx="0.054282096" lbRx="0.05428218" />
<p fId="0" fbTx="0.04428218" lbTx="0.044283055" tId="1" fbRx="0.04428218" lbRx="0.044283055" />
<p fId="1" fbTx="0.044283055" lbTx="0.04428393" tId="4" fbRx="0.044283055" lbRx="0.04428393" />
<p fId="3" fbTx="0.044382096" lbTx="0.04438218" tId="0" fbRx="0.054382096" lbRx="0.05438218" />
<p fId="0" fbTx="0.04438218" lbTx="0.044383055" tId="1" fbRx="0.04438218" lbRx="0.044383055" />
<p fId="1" fbTx="0.044383055" lbTx="0.04438393" tId="4" fbRx="0.044383055" lbRx="0.04438393" />
<p fId="3" fbTx="0.044482096" lbTx="0.04448218" tId="0" fbRx="0.054482096" lbRx="0.05448218" />
<p fId="0" fbTx="0.04448218" lbTx="0.044483055" tId="1" fbRx="0.04448218" lbRx="0.044483055" />
<p fId="1" fbTx="0.044483055" lbTx="0.04448393" tId="4" fbRx="0.044483055" lbRx="0.04448393" />
<p fId="3" fbTx="0.044582096" lbTx="0.04458218" tId="0" fbRx="0.054582096" lbRx="0.05458218" />
<p fId="0" fbTx="0.04458218" lbTx="0.044583055" tId="1" fbRx="0.04458218" lbRx="0.044583055" />
<p fId="1" fbTx="0.044583055" lbTx="0.04458393" tId="4" fbRx="0.044583055" lbRx="0.04458393" />
<p fId="3" fbTx="0.044682096" lbTx="0.04468218" tId="0" fbRx="0.054682096" lbRx="0.05468218" />
<p fId="0" fbTx="0.04468218" lbTx="0.044683055" tId="1" fbRx="0.04468218" lbRx="0.044683055" />
<p fId="1" fbTx="0.044683055" lbTx="0.04468393" tId="4" fbRx="0.044683055" lbRx="0.04468393" />
<p fId="3" fbTx="0.044782096" lbTx="0.04478218" tId="0" fbRx="0.054782096" lbRx="0.05478218" />
<p fId="0" fbTx="0.04478218" lbTx="0.044783055" tId="1" fbRx="0.04478218" lbRx="0.044783055" />
<p fId="1" fbTx="0.044783055" lbTx="0.04478393" tId="4" fbRx="0.044783055" lbRx="0.04478393" />
<p fId="3" fbTx="0.044882096" lbTx="0.04488218" tId="0" fbRx="0.054882096" lbRx="0.05488218" />
<p fId="0" fbTx="0.04488218" lbTx="0.044883055" tId="1" fbRx="0.04488218" lbRx="0.044883055" />
<p fId="1" fbTx="0.044883055" lbTx="0.04488393" tId="4" fbRx="0.044883055" lbRx="0.04488393" />
<p fId="3" fbTx="0.044982096" lbTx="0.04498218" tId="0" fbRx="0.054982096" lbRx="0.05498218" />
<p fId="0" fbTx="0.04498218" lbTx="0.044983055" tId="1" fbRx="0.04498218" lbRx="0.044983055" />
<p fId="1" fbTx="0.044983055" lbTx="0.04498393" tId="4" fbRx="0.044983055" lbRx="0.04498393" />
<p fId="3" fbTx="0.045082096" lbTx="0.04508218" tId="0" fbRx="0.055082096" lbRx="0.05508218" />
<p fId="0" fbTx="0.04508218" lbTx="0.045083055" tId="1" fbRx="0.04508218" lbRx="0.045083055" />
<p fId="1" fbTx="0.045083055" lbTx="0.04508393" tId="4" fbRx="0.045083055" lbRx="0.04508393" />
<p fId="3" fbTx="0.045182096" lbTx="0.04518218" tId="0" fbRx="0.055182096" lbRx="0.05518218" />
<p fId="0" fbTx="0.04518218" lbTx="0.045183055" tId="1" fbRx="0.04518218" lbRx="0.045183055" />
<p fId="1" fbTx="0.045183055" lbTx="0.04518393" tId="4" fbRx="0.045183055" lbRx="0.04518393" />
<pr uId="23" fId="4" fbTx="0.045214286" />
<wpr uId="23" tId="5" fbRx="0.045214286" lbRx="0" />
<wpr uId="23" tId="6" fbRx="0.045214286" lbRx="0" />
<p fId="3" fbTx="0.045282096" lbTx="0.04528218" tId="0" fbRx="0.055282096" lbRx="0.05528218" />
<p fId="0" fbTx="0.04528218" lbTx="0.045283055" tId="1" fbRx="0.04528218" lbRx="0.045283055" />
<p fId="1" fbTx="0.045283055" lbTx="0.04528393" tId="4" fbRx="0.045283055" lbRx="0.04528393" />
<p fId="3" fbTx="0.045382096" lbTx="0.04538218" tId="0" fbRx="0.055382096" lbRx="0.05538218" />
<p fId="0" fbTx="0.04538218" lbTx="0.045383055" tId="1" fbRx="0.04538218" lbRx="0.045383055" />
<p fId="1" fbTx="0.045383055" lbTx="0.04538393" tId="4" fbRx="0.045383055" lbRx="0.04538393" />
<p fId="3" fbTx="0.045482096" lbTx="0.04548218" tId="0" fbRx="0.055482096" lbRx="0.05548218" />
<p fId="0" fbTx="0.04548218" lbTx="0.045483055" tId="1" fbRx="0.04548218" lbRx="0.045483055" />
<p fId="1" fbTx="0.045483055" lbTx="0.04548393" tId="4" fbRx="0.045483055" lbRx="0.04548393" />
<p fId="3" fbTx="0.045582096" lbTx="0.04558218" tId="0" fbRx="0.055582096" lbRx="0.05558218" />
<p fId="0" fbTx="0.04558218" lbTx="0.045583055" tId="1" fbRx="0.04558218" lbRx="0.045583055" />
<p fId="1" fbTx="0.045583055" lbTx="0.04558393" tId="4" fbRx="0.045583055" lbRx="0.04558393" />
<p fId="3" fbTx="0.045682096" lbTx="0.04568218" tId="0" fbRx="0.055682096" lbRx="0.05568218" />
<p fId="0" fbTx="0.04568218" lbTx="0.045683055" tId="1" fbRx="0.04568218" lbRx="0.045683055" />
<p fId="1" fbTx="0.045683055" lbTx="0.04568393" tId="4" fbRx="0.045683055" lbRx="0.04568393" />
<p fId="3" fbTx="0.045782096" lbTx="0.04578218" tId="0" fbRx="0.055782096" lbRx="0.05578218" />
<p fId="0" fbTx="0.04578218" lbTx="0.045783055" tId="1" fbRx="0.04578218" lbRx="0.045783055" />
<p fId="1" fbTx="0.045783055" lbTx="0.04578393" tId="4" fbRx="0.045783055" lbRx="0.04578393" />
<p fId="3" fbTx="0.045882096" lbTx="0.04588218" tId="0" fbRx="0.055882096" lbRx="0.05588218" />
<p fId="0" fbTx="0.04588218" lbTx="0.045883055" tId="1" fbRx="0.04588218" lbRx="0.045883055" />
<p fId="1" fbTx="0.045883055" lbTx="0.04588393" tId="4" fbRx="0.045883055" lbRx="0.04588393" />
<p fId="3" fbTx="0.045982096" lbTx="0.04598218" tId="0" fbRx="0.055982096" lbRx="0.05598218" />
<p fId="0" fbTx="0.04598218" lbTx="0.045983055" tId="1" fbRx="0.04598218" lbRx="0.045983055" />
<p fId="1" fbTx="0.045983055" lbTx="0.04598393" tId="4" fbRx="0.045983055" lbRx="0.04598393" />
<p fId="3" fbTx="0.046082096" lbTx="0.04608218" tId="0" fbRx="0.056082096" lbRx="0.05608218" />
<p fId="0" fbTx="0.04608218" lbTx="0.046083055" tId="1" fbRx="0.04608218" lbRx="0.046083055" />
<p fId="1" fbTx="0.046083055" lbTx="0.04608393" tId="4" fbRx="0.046083055" lbRx="0.04608393" />
<p fId="3" fbTx="0.046182096" lbTx="0.04618218" tId="0" fbRx="0.056182096" lbRx="0.05618218" />
<p fId="0" fbTx="0.04618218" lbTx="0.046183055" tId="1" fbRx="0.04618218" lbRx="0.046183055" />
<p fId="1" fbTx="0.046183055" lbTx="0.04618393" tId="4" fbRx="0.046183055" lbRx="0.04618393" />
<pr uId="24" fId="4" fbTx="0.046214286" />
<wpr uId="24" tId="5" fbRx="0.046214286" lbRx="0" />
<wpr uId="24" tId="6" fbRx="0.046214286" lbRx="0" />
<p fId="3" fbTx="0.046282096" lbTx="0.04628218" tId="0" fbRx="0.056282096" lbRx="0.05628218" />
<p fId="0" fbTx="0.04628218" lbTx="0.046283055" tId="1" fbRx="0.04628218" lbRx="0.046283055" />
<p fId="1" fbTx="0.046283055" lbTx="0.04628393" tId="4" fbRx="0.046283055" lbRx="0.04628393" />
<p fId="3" fbTx="0.046382096" lbTx="0.04638218" tId="0" fbRx="0.056382096" lbRx="0.05638218" />
<p fId="0" fbTx="0.04638218" lbTx="0.046383055" tId="1" fbRx="0.04638218" lbRx="0.046383055" />
<p fId="1" fbTx="0.046383055" lbTx="0.04638393" tId="4" fbRx="0.046383055" lbRx="0.04638393" />
<p fId="3" fbTx="0.046482096" lbTx="0.04648218" tId="0" fbRx="0.056482096" lbRx="0.05648218" />
<p fId="0" fbTx="0.04648218" lbTx="0.046483055" tId="1" fbRx="0.04648218" lbRx="0.046483055" />
<p fId="1" fbTx="0.046483055" lbTx="0.04648393" tId="4" fbRx="0.046483055" lbRx="0.04648393" />
<p fId="3" fbTx="0.046582096" lbTx="0.04658218" tId="0" fbRx="0.056582096" lbRx="0.05658218" />
<p fId="0" fbTx="0.04658218" lbTx="0.046583055" tId="1" fbRx="0.04658218" lbRx="0.046583055" />
<p fId="1" fbTx="0.046583055" lbTx="0.04658393" tId="4" fbRx="0.046583055" lbRx="0.04658393" />
<p fId="3" fbTx="0.046682096" lbTx="0.04668218" tId="0" fbRx="0.056682096" lbRx="0.05668218" />
<p fId="0" fbTx="0.04668218" lbTx="0.046683055" tId="1" fbRx="0.04668218" lbRx="0.046683055" />
<p fId="1" fbTx="0.046683055" lbTx="0.04668393" tId="4" fbRx="0.046683055" lbRx="0.04668393" />
<p fId="3" fbTx="0.046782096" lbTx="0.04678218" tId="0" fbRx="0.056782096" lbRx="0.05678218" />
<p fId="0" fbTx="0.04678218" lbTx="0.046783055" tId="1" fbRx="0.04678218" lbRx="0.046783055" />
<p fId="1" fbTx="0.046783055" lbTx="0.04678393" tId="4" fbRx="0.046783055" lbRx="0.04678393" />
<p fId="3" fbTx="0.046882096" lbTx="0.04688218" tId="0" fbRx="0.056882096" lbRx="0.05688218" />
<p fId="0" fbTx="0.04688218" lbTx="0.046883055" tId="1" fbRx="0.04688218" lbRx="0.046883055" />
<p fId="1" fbTx="0.046883055" lbTx="0.04688393" tId="4" fbRx="0.046883055" lbRx="0.04688393" />
<p fId="3" fbTx="0.046982096" lbTx="0.04698218" tId="0" fbRx="0.056982096" lbRx="0.05698218" />
<p fId="0" fbTx="0.04698218" lbTx="0.046983055" tId="1" fbRx="0.04698218" lbRx="0.046983055" />
<p fId="1" fbTx="0.046983055" lbTx="0.04698393" tId="4" fbRx="0.046983055" lbRx="0.04698393" />
<p fId="3" fbTx="0.047082096" lbTx="0.04708218" tId="0" fbRx="0.057082096" lbRx="0.05708218" />
<p fId="0" fbTx="0.04708218" lbTx="0.047083055" tId="1" fbRx="0.04708218" lbRx="0.047083055" />
<p fId="1" fbTx="0.047083055" lbTx="0.04708393" tId="4" fbRx="0.047083055" lbRx="0.04708393" />
<p fId="3" fbTx="0.047182096" lbTx="0.04718218" tId="0" fbRx="0.057182096" lbRx="0.05718218" />
<p fId="0" fbTx="0.04718218" lbTx="0.047183055" tId="1" fbRx="0.04718218" lbRx="0.047183055" />
<p fId="1" fbTx="0.047183055" lbTx="0.04718393" tId="4" fbRx="0.047183055" lbRx="0.04718393" />
<pr uId="25" fId="4" fbTx="0.047214286" />
<wpr uId="25" tId="5" fbRx="0.047214286" lbRx="0" />
<wpr uId="25" tId="6" fbRx="0.047214286" lbRx="0" />
<p fId="3" fbTx="0.047282096" lbTx="0.04728218" tId="0" fbRx="0.057282096" lbRx="0.05728218" />
<p fId="0" fbTx="0.04728218" lbTx="0.047283055" tId="1" fbRx="0.04728218" lbRx="0.047283055" />
<p fId="1" fbTx="0.047283055" lbTx="0.04728393" tId="4" fbRx="0.047283055" lbRx="0.04728393" />
<p fId="3" fbTx="0.047382096" lbTx="0.04738218" tId="0" fbRx="0.057382096" lbRx="0.05738218" />
<p fId="0" fbTx="0.04738218" lbTx="0.047383055" tId="1" fbRx="0.04738218" lbRx="0.047383055" />
<p fId="1" fbTx="0.047383055" lbTx="0.04738393" tId="4" fbRx="0.047383055" lbRx="0.04738393" />
<p fId="3" fbTx="0.047482096" lbTx="0.04748218" tId="0" fbRx="0.057482096" lbRx="0.05748218" />
<p fId="0" fbTx="0.04748218" lbTx="0.047483055" tId="1" fbRx="0.04748218" lbRx="0.047483055" />
<p fId="1" fbTx="0.047483055" lbTx="0.04748393" tId="4" fbRx="0.047483055" lbRx="0.04748393" />
<p fId="3" fbTx="0.047582096" lbTx="0.04758218" tId="0" fbRx="0.057582096" lbRx="0.05758218" />
<p fId="0" fbTx="0.04758218" lbTx="0.047583055" tId="1" fbRx="0.04758218" lbRx="0.047583055" />
<p fId="1" fbTx="0.047583055" lbTx="0.04758393" tId="4" fbRx="0.047583055" lbRx="0.04758393" />
<p fId="3" fbTx="0.047682096" lbTx="0.04768218" tId="0" fbRx="0.057682096" lbRx="0.05768218" />
<p fId="0" fbTx="0.04768218" lbTx="0.047683055" tId="1" fbRx="0.04768218" lbRx="0.047683055" />
<p fId="1" fbTx="0.047683055" lbTx="0.04768393" tId="4" fbRx="0.047683055" lbRx="0.04768393" />
<p fId="3" fbTx="0.047782096" lbTx="0.04778218" tId="0" fbRx="0.057782096" lbRx="0.05778218" />
<p fId="0" fbTx="0.04778218" lbTx="0.047783055" tId="1" fbRx="0.04778218" lbRx="0.047783055" />
<p fId="1" fbTx="0.047783055" lbTx="0.04778393" tId="4" fbRx="0.047783055" lbRx="0.04778393" />
<p fId="3" fbTx="0.047882096" lbTx="0.04788218" tId="0" fbRx="0.057882096" lbRx="0.05788218" />
<p fId="0" fbTx="0.04788218" lbTx="0.047883055" tId="1" fbRx="0.04788218" lbRx="0.047883055" />
<p fId="1" fbTx="0.047883055" lbTx="0.04788393" tId="4" fbRx="0.047883055" lbRx="0.04788393" />
<p fId="3" fbTx="0.047982096" lbTx="0.04798218" tId="0" fbRx="0.057982096" lbRx="0.05798218" />
<p fId="0" fbTx="0.04798218" lbTx="0.047983055" tId="1" fbRx="0.04798218" lbRx="0.047983055" />
<p fId="1" fbTx="0.047983055" lbTx="0.04798393" tId="4" fbRx="0.047983055" lbRx="0.04798393" />
<p fId="3" fbTx="0.048082096" lbTx="0.04808218" tId="0" fbRx="0.058082096" lbRx="0.05808218" />
<p fId="0" fbTx="0.04808218" lbTx="0.048083055" tId="1" fbRx="0.04808218" lbRx="0.048083055" />
<p fId="1" fbTx="0.048083055" lbTx="0.04808393" tId="4" fbRx="0.048083055" lbRx="0.04808393" />
<p fId="3" fbTx="0.048182096" lbTx="0.04818218" tId="0" fbRx="0.058182096" lbRx="0.05818218" />
<p fId="0" fbTx="0.04818218" lbTx="0.048183055" tId="1" fbRx="0.04818218" lbRx="0.048183055" />
<p fId="1" fbTx="0.048183055" lbTx="0.04818393" tId="4" fbRx="0.048183055" lbRx="0.04818393" />
<pr uId="26" fId="4" fbTx="0.048214286" />
<wpr uId="26" tId="5" fbRx="0.048214286" lbRx="0" />
<wpr uId="26" tId="6" fbRx="0.048214286" lbRx="0" />
<p fId="3" fbTx="0.048282096" lbTx="0.04828218" tId="0" fbRx="0.058282096" lbRx="0.05828218" />
<p fId="0" fbTx="0.04828218" lbTx="0.048283055" tId="1" fbRx="0.04828218" lbRx="0.048283055" />
<p fId="1" fbTx="0.048283055" lbTx="0.04828393" tId="4" fbRx="0.048283055" lbRx="0.04828393" />
<p fId="3" fbTx="0.048382096" lbTx="0.04838218" tId="0" fbRx="0.058382096" lbRx="0.05838218" />
<p fId="0" fbTx="0.04838218" lbTx="0.048383055" tId="1" fbRx="0.04838218" lbRx="0.048383055" />
<p fId="1" fbTx="0.048383055" lbTx="0.04838393" tId="4" fbRx="0.048383055" lbRx="0.04838393" />
<p fId="3" fbTx="0.048482096" lbTx="0.04848218" tId="0" fbRx="0.058482096" lbRx="0.05848218" />
<p fId="0" fbTx="0.04848218" lbTx="0.048483055" tId="1" fbRx="0.04848218" lbRx="0.048483055" />
<p fId="1" fbTx="0.048483055" lbTx="0.04848393" tId="4" fbRx="0.048483055" lbRx="0.04848393" />
<p fId="3" fbTx="0.048582096" lbTx="0.04858218" tId="0" fbRx="0.058582096" lbRx="0.05858218" />
<p fId="0" fbTx="0.04858218" lbTx="0.048583055" tId="1" fbRx="0.04858218" lbRx="0.048583055" />
<p fId="1" fbTx="0.048583055" lbTx="0.04858393" tId="4" fbRx="0.048583055" lbRx="0.04858393" />
<p fId="3" fbTx="0.048682096" lbTx="0.04868218" tId="0" fbRx="0.058682096" lbRx="0.05868218" />
<p fId="0" fbTx="0.04868218" lbTx="0.048683055" tId="1" fbRx="0.04868218" lbRx="0.048683055" />
<p fId="1" fbTx="0.048683055" lbTx="0.04868393" tId="4" fbRx="0.048683055" lbRx="0.04868393" />
<p fId="3" fbTx="0.048782096" lbTx="0.04878218" tId="0" fbRx="0.058782096" lbRx="0.05878218" />
<p fId="0" fbTx="0.04878218" lbTx="0.048783055" tId="1" fbRx="0.04878218" lbRx="0.048783055" />
<p fId="1" fbTx="0.048783055" lbTx="0.04878393" tId="4" fbRx="0.048783055" lbRx="0.04878393" />
<p fId="3" fbTx="0.048882096" lbTx="0.04888218" tId="0" fbRx="0.058882096" lbRx="0.05888218" />
<p fId="0" fbTx="0.04888218" lbTx="0.048883055" tId="1" fbRx="0.04888218" lbRx="0.048883055" />
<p fId="1" fbTx="0.048883055" lbTx="0.04888393" tId="4" fbRx="0.048883055" lbRx="0.04888393" />
<p fId="3" fbTx="0.048982096" lbTx="0.04898218" tId="0" fbRx="0.058982096" lbRx="0.05898218" />
<p fId="0" fbTx="0.04898218" lbTx="0.048983055" tId="1" fbRx="0.04898218" lbRx="0.048983055" />
<p fId="1" fbTx="0.048983055" lbTx="0.04898393" tId="4" fbRx="0.048983055" lbRx="0.04898393" />
<p fId="3" fbTx="0.049082096" lbTx="0.04908218" tId="0" fbRx="0.059082096" lbRx="0.05908218" />
<p fId="0" fbTx="0.04908218" lbTx="0.049083055" tId="1" fbRx="0.04908218" lbRx="0.049083055" />
<p fId="1" fbTx="0.049083055" lbTx="0.04908393" tId="4" fbRx="0.049083055" lbRx="0.04908393" />
<p fId="3" fbTx="0.049182096" lbTx="0.04918218" tId="0" fbRx="0.059182096" lbRx="0.05918218" />
<p fId="0" fbTx="0.04918218" lbTx="0.049183055" tId="1" fbRx="0.04918218" lbRx="0.049183055" />
<p fId="1" fbTx="0.049183055" lbTx="0.04918393" tId="4" fbRx="0.049183055" lbRx="0.04918393" />
<pr uId="27" fId="4" fbTx="0.049214286" />
<wpr uId="27" tId="5" fbRx="0.049214286" lbRx="0" />
<wpr uId="27" tId="6" fbRx="0.049214286" lbRx="0" />
<p fId="3" fbTx="0.049282096" lbTx="0.04928218" tId="0" fbRx="0.059282096" lbRx="0.05928218" />
<p fId="0" fbTx="0.04928218" lbTx="0.049283055" tId="1" fbRx="0.04928218" lbRx="0.049283055" />
<p fId="1" fbTx="0.049283055" lbTx="0.04928393" tId="4" fbRx="0.049283055" lbRx="0.04928393" />
<p fId="3" fbTx="0.049382096" lbTx="0.04938218" tId="0" fbRx="0.059382096" lbRx="0.05938218" />
<p fId="0" fbTx="0.04938218" lbTx="0.049383055" tId="1" fbRx="0.04938218" lbRx="0.049383055" />
<p fId="1" fbTx="0.049383055" lbTx="0.04938393" tId="4" fbRx="0.049383055" lbRx="0.04938393" />
<p fId="3" fbTx="0.049482096" lbTx="0.04948218" tId="0" fbRx="0.059482096" lbRx="0.05948218" />
<p fId="0" fbTx="0.04948218" lbTx="0.049483055" tId="1" fbRx="0.04948218" lbRx="0.049483055" />
<p fId="1" fbTx="0.049483055" lbTx="0.04948393" tId="4" fbRx="0.049483055" lbRx="0.04948393" />
<p fId="3" fbTx="0.049582096" lbTx="0.04958218" tId="0" fbRx="0.059582096" lbRx="0.05958218" />
<p fId="0" fbTx="0.04958218" lbTx="0.049583055" tId="1" fbRx="0.04958218" lbRx="0.049583055" />
<p fId="1" fbTx="0.049583055" lbTx="0.04958393" tId="4" fbRx="0.049583055" lbRx="0.04958393" />
<p fId="3" fbTx="0.049682096" lbTx="0.04968218" tId="0" fbRx="0.059682096" lbRx="0.05968218" />
<p fId="0" fbTx="0.04968218" lbTx="0.049683055" tId="1" fbRx="0.04968218" lbRx="0.049683055" />
<p fId="1" fbTx="0.049683055" lbTx="0.04968393" tId="4" fbRx="0.049683055" lbRx="0.04968393" />
<p fId="3" fbTx="0.049782096" lbTx="0.04978218" tId="0" fbRx="0.059782096" lbRx="0.05978218" />
<p fId="0" fbTx="0.04978218" lbTx="0.049783055" tId="1" fbRx="0.04978218" lbRx="0.049783055" />
<p fId="1" fbTx="0.049783055" lbTx="0.04978393" tId="4" fbRx="0.049783055" lbRx="0.04978393" />
<p fId="3" fbTx="0.049882096" lbTx="0.04988218" tId="0" fbRx="0.059882096" lbRx="0.05988218" />
<p fId="0" fbTx="0.04988218" lbTx="0.049883055" tId="1" fbRx="0.04988218" lbRx="0.049883055" />
<p fId="1" fbTx="0.049883055" lbTx="0.04988393" tId="4" fbRx="0.049883055" lbRx="0.04988393" />
<p fId="3" fbTx="0.049982096" lbTx="0.04998218" tId="0" fbRx="0.059982096" lbRx="0.05998218" />
<p fId="0" fbTx="0.04998218" lbTx="0.049983055" tId="1" fbRx="0.04998218" lbRx="0.049983055" />
<p fId="1" fbTx="0.049983055" lbTx="0.04998393" tId="4" fbRx="0.049983055" lbRx="0.04998393" />
<p fId="3" fbTx="0.050082096" lbTx="0.05008218" tId="0" fbRx="0.060082096" lbRx="0.06008218" />
<p fId="0" fbTx="0.05008218" lbTx="0.050083055" tId="1" fbRx="0.05008218" lbRx="0.050083055" />
<p fId="1" fbTx="0.050083055" lbTx="0.05008393" tId="4" fbRx="0.050083055" lbRx="0.05008393" />
<p fId="3" fbTx="0.050182096" lbTx="0.05018218" tId="0" fbRx="0.060182096" lbRx="0.06018218" />
<p fId="0" fbTx="0.05018218" lbTx="0.050183055" tId="1" fbRx="0.05018218" lbRx="0.050183055" />
<p fId="1" fbTx="0.050183055" lbTx="0.05018393" tId="4" fbRx="0.050183055" lbRx="0.05018393" />
<pr uId="28" fId="4" fbTx="0.050214286" />
<wpr uId="28" tId="5" fbRx="0.050214286" lbRx="0" />
<wpr uId="28" tId="6" fbRx="0.050214286" lbRx="0" />
<p fId="3" fbTx="0.050282096" lbTx="0.05028218" tId="0" fbRx="0.060282096" lbRx="0.06028218" />
<p fId="0" fbTx="0.05028218" lbTx="0.050283055" tId="1" fbRx="0.05028218" lbRx="0.050283055" />
<p fId="1" fbTx="0.050283055" lbTx="0.05028393" tId="4" fbRx="0.050283055" lbRx="0.05028393" />
<p fId="3" fbTx="0.050382096" lbTx="0.05038218" tId="0" fbRx="0.060382096" lbRx="0.06038218" />
<p fId="0" fbTx="0.05038218" lbTx="0.050383055" tId="1" fbRx="0.05038218" lbRx="0.050383055" />
<p fId="1" fbTx="0.050383055" lbTx="0.05038393" tId="4" fbRx="0.050383055" lbRx="0.05038393" />
<p fId="3" fbTx="0.050482096" lbTx="0.05048218" tId="0" fbRx="0.060482096" lbRx="0.06048218" />
<p fId="0" fbTx="0.05048218" lbTx="0.050483055" tId="1" fbRx="0.05048218" lbRx="0.050483055" />
<p fId="1" fbTx="0.050483055" lbTx="0.05048393" tId="4" fbRx="0.050483055" lbRx="0.05048393" />
<p fId="3" fbTx="0.050582096" lbTx="0.05058218" tId="0" fbRx="0.060582096" lbRx="0.06058218" />
<p fId="0" fbTx="0.05058218" lbTx="0.050583055" tId="1" fbRx="0.05058218" lbRx="0.050583055" />
<p fId="1" fbTx="0.050583055" lbTx="0.05058393" tId="4" fbRx="0.050583055" lbRx="0.05058393" />
<p fId="3" fbTx="0.050682096" lbTx="0.05068218" tId="0" fbRx="0.060682096" lbRx="0.06068218" />
<p fId="0" fbTx="0.05068218" lbTx="0.050683055" tId="1" fbRx="0.05068218" lbRx="0.050683055" />
<p fId="1" fbTx="0.050683055" lbTx="0.05068393" tId="4" fbRx="0.050683055" lbRx="0.05068393" />
<p fId="3" fbTx="0.050782096" lbTx="0.05078218" tId="0" fbRx="0.060782096" lbRx="0.06078218" />
<p fId="0" fbTx="0.05078218" lbTx="0.050783055" tId="1" fbRx="0.05078218" lbRx="0.050783055" />
<p fId="1" fbTx="0.050783055" lbTx="0.05078393" tId="4" fbRx="0.050783055" lbRx="0.05078393" />
<p fId="3" fbTx="0.050882096" lbTx="0.05088218" tId="0" fbRx="0.060882096" lbRx="0.06088218" />
<p fId="0" fbTx="0.05088218" lbTx="0.050883055" tId="1" fbRx="0.05088218" lbRx="0.050883055" />
<p fId="1" fbTx="0.050883055" lbTx="0.05088393" tId="4" fbRx="0.050883055" lbRx="0.05088393" />
<p fId="3" fbTx="0.050982096" lbTx="0.05098218" tId="0" fbRx="0.060982096" lbRx="0.06098218" />
<p fId="0" fbTx="0.05098218" lbTx="0.050983055" tId="1" fbRx="0.05098218" lbRx="0.050983055" />
<p fId="1" fbTx="0.050983055" lbTx="0.05098393" tId="4" fbRx="0.050983055" lbRx="0.05098393" />
<p fId="3" fbTx="0.051082096" lbTx="0.05108218" tId="0" fbRx="0.061082096" lbRx="0.06108218" />
<p fId="0" fbTx="0.05108218" lbTx="0.051083055" tId="1" fbRx="0.05108218" lbRx="0.051083055" />
<p fId="1" fbTx="0.051083055" lbTx="0.05108393" tId="4" fbRx="0.051083055" lbRx="0.05108393" />
<p fId="3" fbTx="0.051182096" lbTx="0.05118218" tId="0" fbRx="0.061182096" lbRx="0.06118218" />
<p fId="0" fbTx="0.05118218" lbTx="0.051183055" tId="1" fbRx="0.05118218" lbRx="0.051183055" />
<p fId="1" fbTx="0.051183055" lbTx="0.05118393" tId="4" fbRx="0.051183055" lbRx="0.05118393" />
<pr uId="29" fId="4" fbTx="0.051214286" />
<wpr uId="29" tId="5" fbRx="0.051214286" lbRx="0" />
<wpr uId="29" tId="6" fbRx="0.051214286" lbRx="0" />
<p fId="3" fbTx="0.051282096" lbTx="0.05128218" tId="0" fbRx="0.061282096" lbRx="0.06128218" />
<p fId="0" fbTx="0.05128218" lbTx="0.051283055" tId="1" fbRx="0.05128218" lbRx="0.051283055" />
<p fId="1" fbTx="0.051283055" lbTx="0.05128393" tId="4" fbRx="0.051283055" lbRx="0.05128393" />
<p fId="3" fbTx="0.051382096" lbTx="0.05138218" tId="0" fbRx="0.061382096" lbRx="0.06138218" />
<p fId="0" fbTx="0.05138218" lbTx="0.051383055" tId="1" fbRx="0.05138218" lbRx="0.051383055" />
<p fId="1" fbTx="0.051383055" lbTx="0.05138393" tId="4" fbRx="0.051383055" lbRx="0.05138393" />
<p fId="3" fbTx="0.051482096" lbTx="0.05148218" tId="0" fbRx="0.061482096" lbRx="0.06148218" />
<p fId="0" fbTx="0.05148218" lbTx="0.051483055" tId="1" fbRx="0.05148218" lbRx="0.051483055" />
<p fId="1" fbTx="0.051483055" lbTx="0.05148393" tId="4" fbRx="0.051483055" lbRx="0.05148393" />
<p fId="3" fbTx="0.051582096" lbTx="0.05158218" tId="0" fbRx="0.061582096" lbRx="0.06158218" />
<p fId="0" fbTx="0.05158218" lbTx="0.051583055" tId="1" fbRx="0.05158218" lbRx="0.051583055" />
<p fId="1" fbTx="0.051583055" lbTx="0.05158393" tId="4" fbRx="0.051583055" lbRx="0.05158393" />
<p fId="3" fbTx="0.051682096" lbTx="0.05168218" tId="0" fbRx="0.061682096" lbRx="0.06168218" />
<p fId="0" fbTx="0.05168218" lbTx="0.051683055" tId="1" fbRx="0.05168218" lbRx="0.051683055" />
<p fId="1" fbTx="0.051683055" lbTx="0.05168393" tId="4" fbRx="0.051683055" lbRx="0.05168393" />
<p fId="3" fbTx="0.051782096" lbTx="0.05178218" tId="0" fbRx="0.061782096" lbRx="0.06178218" />
<p fId="0" fbTx="0.05178218" lbTx="0.051783055" tId="1" fbRx="0.05178218" lbRx="0.051783055" />
<p fId="1" fbTx="0.051783055" lbTx="0.05178393" tId="4" fbRx="0.051783055" lbRx="0.05178393" />
<p fId="3" fbTx="0.051882096" lbTx="0.05188218" tId="0" fbRx="0.061882096" lbRx="0.06188218" />
<p fId="0" fbTx="0.05188218" lbTx="0.051883055" tId="1" fbRx="0.05188218" lbRx="0.051883055" />
<p fId="1" fbTx="0.051883055" lbTx="0.05188393" tId="4" fbRx="0.051883055" lbRx="0.05188393" />
<p fId="3" fbTx="0.051982096" lbTx="0.05198218" tId="0" fbRx="0.061982096" lbRx="0.06198218" />
<p fId="0" fbTx="0.05198218" lbTx="0.051983055" tId="1" fbRx="0.05198218" lbRx="0.051983055" />
<p fId="1" fbTx="0.051983055" lbTx="0.05198393" tId="4" fbRx="0.051983055" lbRx="0.05198393" />
<p fId="3" fbTx="0.052082096" lbTx="0.05208218" tId="0" fbRx="0.062082096" lbRx="0.06208218" />
<p fId="0" fbTx="0.05208218" lbTx="0.052083055" tId="1" fbRx="0.05208218" lbRx="0.052083055" />
<p fId="1" fbTx="0.052083055" lbTx="0.05208393" tId="4" fbRx="0.052083055" lbRx="0.05208393" />
<p fId="3" fbTx="0.052182096" lbTx="0.05218218" tId="0" fbRx="0.062182096" lbRx="0.06218218" />
<p fId="0" fbTx="0.05218218" lbTx="0.052183055" tId="1" fbRx="0.05218218" lbRx="0.052183055" />
<p fId="1" fbTx="0.052183055" lbTx="0.05218393" tId="4" fbRx="0.052183055" lbRx="0.05218393" />
<pr uId="30" fId="4" fbTx="0.052214286" />
<wpr uId="30" tId="5" fbRx="0.052214286" lbRx="0" />
<wpr uId="30" tId="6" fbRx="0.052214286" lbRx="0" />
<p fId="3" fbTx="0.052282096" lbTx="0.05228218" tId="0" fbRx="0.062282096" lbRx="0.06228218" />
<p fId="0" fbTx="0.05228218" lbTx="0.052283055" tId="1" fbRx="0.05228218" lbRx="0.052283055" />
<p fId="1" fbTx="0.052283055" lbTx="0.05228393" tId="4" fbRx="0.052283055" lbRx="0.05228393" />
<p fId="3" fbTx="0.052382096" lbTx="0.05238218" tId="0" fbRx="0.062382096" lbRx="0.06238218" />
<p fId="0" fbTx="0.05238218" lbTx="0.052383055" tId="1" fbRx="0.05238218" lbRx="0.052383055" />
<p fId="1" fbTx="0.052383055" lbTx="0.05238393" tId="4" fbRx="0.052383055" lbRx="0.05238393" />
<p fId="3" fbTx="0.052482096" lbTx="0.05248218" tId="0" fbRx="0.062482096" lbRx="0.06248218" />
<p fId="0" fbTx="0.05248218" lbTx="0.052483055" tId="1" fbRx="0.05248218" lbRx="0.052483055" />
<p fId="1" fbTx="0.052483055" lbTx="0.05248393" tId="4" fbRx="0.052483055" lbRx="0.05248393" />
<p fId="3" fbTx="0.052582096" lbTx="0.05258218" tId="0" fbRx="0.062582096" lbRx="0.06258218" />
<p fId="0" fbTx="0.05258218" lbTx="0.052583055" tId="1" fbRx="0.05258218" lbRx="0.052583055" />
<p fId="1" fbTx="0.052583055" lbTx="0.05258393" tId="4" fbRx="0.052583055" lbRx="0.05258393" />
<p fId="3" fbTx="0.052682096" lbTx="0.05268218" tId="0" fbRx="0.062682096" lbRx="0.06268218" />
<p fId="0" fbTx="0.05268218" lbTx="0.052683055" tId="1" fbRx="0.05268218" lbRx="0.052683055" />
<p fId="1" fbTx="0.052683055" lbTx="0.05268393" tId="4" fbRx="0.052683055" lbRx="0.05268393" />
<p fId="3" fbTx="0.052782096" lbTx="0.05278218" tId="0" fbRx="0.062782096" lbRx="0.06278218" />
<p fId="0" fbTx="0.05278218" lbTx="0.052783055" tId="1" fbRx="0.05278218" lbRx="0.052783055" />
<p fId="1" fbTx="0.052783055" lbTx="0.05278393" tId="4" fbRx="0.052783055" lbRx="0.05278393" />
<p fId="3" fbTx="0.052882096" lbTx="0.05288218" tId="0" fbRx="0.062882096" lbRx="0.06288218" />
<p fId="0" fbTx="0.05288218" lbTx="0.052883055" tId="1" fbRx="0.05288218" lbRx="0.052883055" />
<p fId="1" fbTx="0.052883055" lbTx="0.05288393" tId="4" fbRx="0.052883055" lbRx="0.05288393" />
<p fId="3" fbTx="0.052982096" lbTx="0.05298218" tId="0" fbRx="0.062982096" lbRx="0.06298218" />
<p fId="0" fbTx="0.05298218" lbTx="0.052983055" tId="1" fbRx="0.05298218" lbRx="0.052983055" />
<p fId="1" fbTx="0.052983055" lbTx="0.05298393" tId="4" fbRx="0.052983055" lbRx="0.05298393" />
<p fId="3" fbTx="0.053082096" lbTx="0.05308218" tId="0" fbRx="0.063082096" lbRx="0.06308218" />
<p fId="0" fbTx="0.05308218" lbTx="0.053083055" tId="1" fbRx="0.05308218" lbRx="0.053083055" />
<p fId="1" fbTx="0.053083055" lbTx="0.05308393" tId="4" fbRx="0.053083055" lbRx="0.05308393" />
<p fId="3" fbTx="0.053182096" lbTx="0.05318218" tId="0" fbRx="0.063182096" lbRx="0.06318218" />
<p fId="0" fbTx="0.05318218" lbTx="0.053183055" tId="1" fbRx="0.05318218" lbRx="0.053183055" />
<p fId="1" fbTx="0.053183055" lbTx="0.05318393" tId="4" fbRx="0.053183055" lbRx="0.05318393" />
<pr uId="31" fId="4" fbTx="0.053214286" />
<wpr uId="31" tId="5" fbRx="0.053214286" lbRx="0" />
<wpr uId="31" tId="6" fbRx="0.053214286" lbRx="0" />
<p fId="3" fbTx="0.053282096" lbTx="0.05328218" tId="0" fbRx="0.063282096" lbRx="0.06328218" />
<p fId="0" fbTx="0.05328218" lbTx="0.053283055" tId="1" fbRx="0.05328218" lbRx="0.053283055" />
<p fId="1" fbTx="0.053283055" lbTx="0.05328393" tId="4" fbRx="0.053283055" lbRx="0.05328393" />
<p fId="3" fbTx="0.053382096" lbTx="0.05338218" tId="0" fbRx="0.063382096" lbRx="0.06338218" />
<p fId="0" fbTx="0.05338218" lbTx="0.053383055" tId="1" fbRx="0.05338218" lbRx="0.053383055" />
<p fId="1" fbTx="0.053383055" lbTx="0.05338393" tId="4" fbRx="0.053383055" lbRx="0.05338393" />
<p fId="3" fbTx="0.053482096" lbTx="0.05348218" tId="0" fbRx="0.063482096" lbRx="0.06348218" />
<p fId="0" fbTx="0.05348218" lbTx="0.053483055" tId="1" fbRx="0.05348218" lbRx="0.053483055" />
<p fId="1" fbTx="0.053483055" lbTx="0.05348393" tId="4" fbRx="0.053483055" lbRx="0.05348393" />
<p fId="3" fbTx="0.053582096" lbTx="0.05358218" tId="0" fbRx="0.063582096" lbRx="0.06358218" />
<p fId="0" fbTx="0.05358218" lbTx="0.053583055" tId="1" fbRx="0.05358218" lbRx="0.053583055" />
<p fId="1" fbTx="0.053583055" lbTx="0.05358393" tId="4" fbRx="0.053583055" lbRx="0.05358393" />
<p fId="3" fbTx="0.053682096" lbTx="0.05368218" tId="0" fbRx="0.063682096" lbRx="0.06368218" />
<p fId="0" fbTx="0.05368218" lbTx="0.053683055" tId="1" fbRx="0.05368218" lbRx="0.053683055" />
<p fId="1" fbTx="0.053683055" lbTx="0.05368393" tId="4" fbRx="0.053683055" lbRx="0.05368393" />
<p fId="3" fbTx="0.053782096" lbTx="0.05378218" tId="0" fbRx="0.063782096" lbRx="0.06378218" />
<p fId="0" fbTx="0.05378218" lbTx="0.053783055" tId="1" fbRx="0.05378218" lbRx="0.053783055" />
<p fId="1" fbTx="0.053783055" lbTx="0.05378393" tId="4" fbRx="0.053783055" lbRx="0.05378393" />
<p fId="3" fbTx="0.053882096" lbTx="0.05388218" tId="0" fbRx="0.063882096" lbRx="0.06388218" />
<p fId="0" fbTx="0.05388218" lbTx="0.053883055" tId="1" fbRx="0.05388218" lbRx="0.053883055" />
<p fId="1" fbTx="0.053883055" lbTx="0.05388393" tId="4" fbRx="0.053883055" lbRx="0.05388393" />
<p fId="3" fbTx="0.053982096" lbTx="0.05398218" tId="0" fbRx="0.063982096" lbRx="0.06398218" />
<p fId="0" fbTx="0.05398218" lbTx="0.053983055" tId="1" fbRx="0.05398218" lbRx="0.053983055" />
<p fId="1" fbTx="0.053983055" lbTx="0.05398393" tId="4" fbRx="0.053983055" lbRx="0.05398393" />
<p fId="3" fbTx="0.054082096" lbTx="0.05408218" tId="0" fbRx="0.064082096" lbRx="0.06408218" />
<p fId="0" fbTx="0.05408218" lbTx="0.054083055" tId="1" fbRx="0.05408218" lbRx="0.054083055" />
<p fId="1" fbTx="0.054083055" lbTx="0.05408393" tId="4" fbRx="0.054083055" lbRx="0.05408393" />
<p fId="3" fbTx="0.054182096" lbTx="0.05418218" tId="0" fbRx="0.064182096" lbRx="0.06418218" />
<p fId="0" fbTx="0.05418218" lbTx="0.054183055" tId="1" fbRx="0.05418218" lbRx="0.054183055" />
<p fId="1" fbTx="0.054183055" lbTx="0.05418393" tId="4" fbRx="0.054183055" lbRx="0.05418393" />
<pr uId="32" fId="4" fbTx="0.054214286" />
<wpr uId="32" tId="5" fbRx="0.054214286" lbRx="0" />
<wpr uId="32" tId="6" fbRx="0.054214286" lbRx="0" />
<p fId="3" fbTx="0.054282096" lbTx="0.05428218" tId="0" fbRx="0.064282096" lbRx="0.06428218" />
<p fId="0" fbTx="0.05428218" lbTx="0.054283055" tId="1" fbRx="0.05428218" lbRx="0.054283055" />
<p fId="1" fbTx="0.054283055" lbTx="0.05428393" tId="4" fbRx="0.054283055" lbRx="0.05428393" />
<p fId="3" fbTx="0.054382096" lbTx="0.05438218" tId="0" fbRx="0.064382096" lbRx="0.06438218" />
<p fId="0" fbTx="0.05438218" lbTx="0.054383055" tId="1" fbRx="0.05438218" lbRx="0.054383055" />
<p fId="1" fbTx="0.054383055" lbTx="0.05438393" tId="4" fbRx="0.054383055" lbRx="0.05438393" />
<p fId="3" fbTx="0.054482096" lbTx="0.05448218" tId="0" fbRx="0.064482096" lbRx="0.06448218" />
<p fId="0" fbTx="0.05448218" lbTx="0.054483055" tId="1" fbRx="0.05448218" lbRx="0.054483055" />
<p fId="1" fbTx="0.054483055" lbTx="0.05448393" tId="4" fbRx="0.054483055" lbRx="0.05448393" />
<p fId="3" fbTx="0.054582096" lbTx="0.05458218" tId="0" fbRx="0.064582096" lbRx="0.06458218" />
<p fId="0" fbTx="0.05458218" lbTx="0.054583055" tId="1" fbRx="0.05458218" lbRx="0.054583055" />
<p fId="1" fbTx="0.054583055" lbTx="0.05458393" tId="4" fbRx="0.054583055" lbRx="0.05458393" />
<p fId="3" fbTx="0.054682096" lbTx="0.05468218" tId="0" fbRx="0.064682096" lbRx="0.06468218" />
<p fId="0" fbTx="0.05468218" lbTx="0.054683055" tId="1" fbRx="0.05468218" lbRx="0.054683055" />
<p fId="1" fbTx="0.054683055" lbTx="0.05468393" tId="4" fbRx="0.054683055" lbRx="0.05468393" />
<p fId="3" fbTx="0.054782096" lbTx="0.05478218" tId="0" fbRx="0.064782096" lbRx="0.06478218" />
<p fId="0" fbTx="0.05478218" lbTx="0.054783055" tId="1" fbRx="0.05478218" lbRx="0.054783055" />
<p fId="1" fbTx="0.054783055" lbTx="0.05478393" tId="4" fbRx="0.054783055" lbRx="0.05478393" />
<p fId="3" fbTx="0.054882096" lbTx="0.05488218" tId="0" fbRx="0.064882096" lbRx="0.06488218" />
<p fId="0" fbTx="0.05488218" lbTx="0.054883055" tId="1" fbRx="0.05488218" lbRx="0.054883055" />
<p fId="1" fbTx="0.054883055" lbTx="0.05488393" tId="4" fbRx="0.054883055" lbRx="0.05488393" />
<p fId="3" fbTx="0.054982096" lbTx="0.05498218" tId="0" fbRx="0.064982096" lbRx="0.06498218" />
<p fId="0" fbTx="0.05498218" lbTx="0.054983055" tId="1" fbRx="0.05498218" lbRx="0.054983055" />
<p fId="1" fbTx="0.054983055" lbTx="0.05498393" tId="4" fbRx="0.054983055" lbRx="0.05498393" />
<p fId="3" fbTx="0.055082096" lbTx="0.05508218" tId="0" fbRx="0.065082096" lbRx="0.06508218" />
<p fId="0" fbTx="0.05508218" lbTx="0.055083055" tId="1" fbRx="0.05508218" lbRx="0.055083055" />
<p fId="1" fbTx="0.055083055" lbTx="0.05508393" tId="4" fbRx="0.055083055" lbRx="0.05508393" />
<p fId="3" fbTx="0.055182096" lbTx="0.05518218" tId="0" fbRx="0.065182096" lbRx="0.06518218" />
<p fId="0" fbTx="0.05518218" lbTx="0.055183055" tId="1" fbRx="0.05518218" lbRx="0.055183055" />
<p fId="1" fbTx="0.055183055" lbTx="0.05518393" tId="4" fbRx="0.055183055" lbRx="0.05518393" />
<pr uId="33" fId="4" fbTx="0.055214286" />
<wpr uId="33" tId="5" fbRx="0.055214286" lbRx="0" />
<wpr uId="33" tId="6" fbRx="0.055214286" lbRx="0" />
<p fId="3" fbTx="0.055282096" lbTx="0.05528218" tId="0" fbRx="0.065282096" lbRx="0.06528218" />
<p fId="0" fbTx="0.05528218" lbTx="0.055283055" tId="1" fbRx="0.05528218" lbRx="0.055283055" />
<p fId="1" fbTx="0.055283055" lbTx="0.05528393" tId="4" fbRx="0.055283055" lbRx="0.05528393" />
<p fId="3" fbTx="0.055382096" lbTx="0.05538218" tId="0" fbRx="0.065382096" lbRx="0.06538218" />
<p fId="0" fbTx="0.05538218" lbTx="0.055383055" tId="1" fbRx="0.05538218" lbRx="0.055383055" />
<p fId="1" fbTx="0.055383055" lbTx="0.05538393" tId="4" fbRx="0.055383055" lbRx="0.05538393" />
<p fId="3" fbTx="0.055482096" lbTx="0.05548218" tId="0" fbRx="0.065482096" lbRx="0.06548218" />
<p fId="0" fbTx="0.05548218" lbTx="0.055483055" tId="1" fbRx="0.05548218" lbRx="0.055483055" />
<p fId="1" fbTx="0.055483055" lbTx="0.05548393" tId="4" fbRx="0.055483055" lbRx="0.05548393" />
<p fId="3" fbTx="0.055582096" lbTx="0.05558218" tId="0" fbRx="0.065582096" lbRx="0.06558218" />
<p fId="0" fbTx="0.05558218" lbTx="0.055583055" tId="1" fbRx="0.05558218" lbRx="0.055583055" />
<p fId="1" fbTx="0.055583055" lbTx="0.05558393" tId="4" fbRx="0.055583055" lbRx="0.05558393" />
<p fId="3" fbTx="0.055682096" lbTx="0.05568218" tId="0" fbRx="0.065682096" lbRx="0.06568218" />
<p fId="0" fbTx="0.05568218" lbTx="0.055683055" tId="1" fbRx="0.05568218" lbRx="0.055683055" />
<p fId="1" fbTx="0.055683055" lbTx="0.05568393" tId="4" fbRx="0.055683055" lbRx="0.05568393" />
<p fId="3" fbTx="0.055782096" lbTx="0.05578218" tId="0" fbRx="0.065782096" lbRx="0.06578218" />
<p fId="0" fbTx="0.05578218" lbTx="0.055783055" tId="1" fbRx="0.05578218" lbRx="0.055783055" />
<p fId="1" fbTx="0.055783055" lbTx="0.05578393" tId="4" fbRx="0.055783055" lbRx="0.05578393" />
<p fId="3" fbTx="0.055882096" lbTx="0.05588218" tId="0" fbRx="0.065882096" lbRx="0.06588218" />
<p fId="0" fbTx="0.05588218" lbTx="0.055883055" tId="1" fbRx="0.05588218" lbRx="0.055883055" />
<p fId="1" fbTx="0.055883055" lbTx="0.05588393" tId="4" fbRx="0.055883055" lbRx="0.05588393" />
<p fId="3" fbTx="0.055982096" lbTx="0.05598218" tId="0" fbRx="0.065982096" lbRx="0.06598218" />
<p fId="0" fbTx="0.05598218" lbTx="0.055983055" tId="1" fbRx="0.05598218" lbRx="0.055983055" />
<p fId="1" fbTx="0.055983055" lbTx="0.05598393" tId="4" fbRx="0.055983055" lbRx="0.05598393" />
<p fId="3" fbTx="0.056082096" lbTx="0.05608218" tId="0" fbRx="0.066082096" lbRx="0.06608218" />
<p fId="0" fbTx="0.05608218" lbTx="0.056083055" tId="1" fbRx="0.05608218" lbRx="0.056083055" />
<p fId="1" fbTx="0.056083055" lbTx="0.05608393" tId="4" fbRx="0.056083055" lbRx="0.05608393" />
<p fId="3" fbTx="0.056182096" lbTx="0.05618218" tId="0" fbRx="0.066182096" lbRx="0.06618218" />
<p fId="0" fbTx="0.05618218" lbTx="0.056183055" tId="1" fbRx="0.05618218" lbRx="0.056183055" />
<p fId="1" fbTx="0.056183055" lbTx="0.05618393" tId="4" fbRx="0.056183055" lbRx="0.05618393" />
<pr uId="34" fId="4" fbTx="0.056214286" />
<wpr uId="34" tId="5" fbRx="0.056214286" lbRx="0" />
<wpr uId="34" tId="6" fbRx="0.056214286" lbRx="0" />
<p fId="3" fbTx="0.056282096" lbTx="0.05628218" tId="0" fbRx="0.066282096" lbRx="0.06628218" />
<p fId="0" fbTx="0.05628218" lbTx="0.056283055" tId="1" fbRx="0.05628218" lbRx="0.056283055" />
<p fId="1" fbTx="0.056283055" lbTx="0.05628393" tId="4" fbRx="0.056283055" lbRx="0.05628393" />
<p fId="3" fbTx="0.056382096" lbTx="0.05638218" tId="0" fbRx="0.066382096" lbRx="0.06638218" />
<p fId="0" fbTx="0.05638218" lbTx="0.056383055" tId="1" fbRx="0.05638218" lbRx="0.056383055" />
<p fId="1" fbTx="0.056383055" lbTx="0.05638393" tId="4" fbRx="0.056383055" lbRx="0.05638393" />
<p fId="3" fbTx="0.056482096" lbTx="0.05648218" tId="0" fbRx="0.066482096" lbRx="0.06648218" />
<p fId="0" fbTx="0.05648218" lbTx="0.056483055" tId="1" fbRx="0.05648218" lbRx="0.056483055" />
<p fId="1" fbTx="0.056483055" lbTx="0.05648393" tId="4" fbRx="0.056483055" lbRx="0.05648393" />
<p fId="3" fbTx="0.056582096" lbTx="0.05658218" tId="0" fbRx="0.066582096" lbRx="0.06658218" />
<p fId="0" fbTx="0.05658218" lbTx="0.056583055" tId="1" fbRx="0.05658218" lbRx="0.056583055" />
<p fId="1" fbTx="0.056583055" lbTx="0.05658393" tId="4" fbRx="0.056583055" lbRx="0.05658393" />
<p fId="3" fbTx="0.056682096" lbTx="0.05668218" tId="0" fbRx="0.066682096" lbRx="0.06668218" />
<p fId="0" fbTx="0.05668218" lbTx="0.056683055" tId="1" fbRx="0.05668218" lbRx="0.056683055" />
<p fId="1" fbTx="0.056683055" lbTx="0.05668393" tId="4" fbRx="0.056683055" lbRx="0.05668393" />
<p fId="3" fbTx="0.056782096" lbTx="0.05678218" tId="0" fbRx="0.066782096" lbRx="0.06678218" />
<p fId="0" fbTx="0.05678218" lbTx="0.056783055" tId="1" fbRx="0.05678218" lbRx="0.056783055" />
<p fId="1" fbTx="0.056783055" lbTx="0.05678393" tId="4" fbRx="0.056783055" lbRx="0.05678393" />
<p fId="3" fbTx="0.056882096" lbTx="0.05688218" tId="0" fbRx="0.066882096" lbRx="0.06688218" />
<p fId="0" fbTx="0.05688218" lbTx="0.056883055" tId="1" fbRx="0.05688218" lbRx="0.056883055" />
<p fId="1" fbTx="0.056883055" lbTx="0.05688393" tId="4" fbRx="0.056883055" lbRx="0.05688393" />
<p fId="3" fbTx="0.056982096" lbTx="0.05698218" tId="0" fbRx="0.066982096" lbRx="0.06698218" />
<p fId="0" fbTx="0.05698218" lbTx="0.056983055" tId="1" fbRx="0.05698218" lbRx="0.056983055" />
<p fId="1" fbTx="0.056983055" lbTx="0.05698393" tId="4" fbRx="0.056983055" lbRx="0.05698393" />
<p fId="3" fbTx="0.057082096" lbTx="0.05708218" tId="0" fbRx="0.067082096" lbRx="0.06708218" />
<p fId="0" fbTx="0.05708218" lbTx="0.057083055" tId="1" fbRx="0.05708218" lbRx="0.057083055" />
<p fId="1" fbTx="0.057083055" lbTx="0.05708393" tId="4" fbRx="0.057083055" lbRx="0.05708393" />
<p fId="3" fbTx="0.057182096" lbTx="0.05718218" tId="0" fbRx="0.067182096" lbRx="0.06718218" />
<p fId="0" fbTx="0.05718218" lbTx="0.057183055" tId="1" fbRx="0.05718218" lbRx="0.057183055" />
<p fId="1" fbTx="0.057183055" lbTx="0.05718393" tId="4" fbRx="0.057183055" lbRx="0.05718393" />
<pr uId="35" fId="4" fbTx="0.057214286" />
<wpr uId="35" tId="5" fbRx="0.057214286" lbRx="0" />
<wpr uId="35" tId="6" fbRx="0.057214286" lbRx="0" />
<p fId="3" fbTx="0.057282096" lbTx="0.05728218" tId="0" fbRx="0.067282096" lbRx="0.06728218" />
<p fId="0" fbTx="0.05728218" lbTx="0.057283055" tId="1" fbRx="0.05728218" lbRx="0.057283055" />
<p fId="1" fbTx="0.057283055" lbTx="0.05728393" tId="4" fbRx="0.057283055" lbRx="0.05728393" />
<p fId="3" fbTx="0.057382096" lbTx="0.05738218" tId="0" fbRx="0.067382096" lbRx="0.06738218" />
<p fId="0" fbTx="0.05738218" lbTx="0.057383055" tId="1" fbRx="0.05738218" lbRx="0.057383055" />
<p fId="1" fbTx="0.057383055" lbTx="0.05738393" tId="4" fbRx="0.057383055" lbRx="0.05738393" />
<p fId="3" fbTx="0.057482096" lbTx="0.05748218" tId="0" fbRx="0.067482096" lbRx="0.06748218" />
<p fId="0" fbTx="0.05748218" lbTx="0.057483055" tId="1" fbRx="0.05748218" lbRx="0.057483055" />
<p fId="1" fbTx="0.057483055" lbTx="0.05748393" tId="4" fbRx="0.057483055" lbRx="0.05748393" />
<p fId="3" fbTx="0.057582096" lbTx="0.05758218" tId="0" fbRx="0.067582096" lbRx="0.06758218" />
<p fId="0" fbTx="0.05758218" lbTx="0.057583055" tId="1" fbRx="0.05758218" lbRx="0.057583055" />
<p fId="1" fbTx="0.057583055" lbTx="0.05758393" tId="4" fbRx="0.057583055" lbRx="0.05758393" />
<p fId="3" fbTx="0.057682096" lbTx="0.05768218" tId="0" fbRx="0.067682096" lbRx="0.06768218" />
<p fId="0" fbTx="0.05768218" lbTx="0.057683055" tId="1" fbRx="0.05768218" lbRx="0.057683055" />
<p fId="1" fbTx="0.057683055" lbTx="0.05768393" tId="4" fbRx="0.057683055" lbRx="0.05768393" />
<p fId="3" fbTx="0.057782096" lbTx="0.05778218" tId="0" fbRx="0.067782096" lbRx="0.06778218" />
<p fId="0" fbTx="0.05778218" lbTx="0.057783055" tId="1" fbRx="0.05778218" lbRx="0.057783055" />
<p fId="1" fbTx="0.057783055" lbTx="0.05778393" tId="4" fbRx="0.057783055" lbRx="0.05778393" />
<p fId="3" fbTx="0.057882096" lbTx="0.05788218" tId="0" fbRx="0.067882096" lbRx="0.06788218" />
<p fId="0" fbTx="0.05788218" lbTx="0.057883055" tId="1" fbRx="0.05788218" lbRx="0.057883055" />
<p fId="1" fbTx="0.057883055" lbTx="0.05788393" tId="4" fbRx="0.057883055" lbRx="0.05788393" />
<p fId="3" fbTx="0.057982096" lbTx="0.05798218" tId="0" fbRx="0.067982096" lbRx="0.06798218" />
<p fId="0" fbTx="0.05798218" lbTx="0.057983055" tId="1" fbRx="0.05798218" lbRx="0.057983055" />
<p fId="1" fbTx="0.057983055" lbTx="0.05798393" tId="4" fbRx="0.057983055" lbRx="0.05798393" />
<p fId="3" fbTx="0.058082096" lbTx="0.05808218" tId="0" fbRx="0.068082096" lbRx="0.06808218" />
<p fId="0" fbTx="0.05808218" lbTx="0.058083055" tId="1" fbRx="0.05808218" lbRx="0.058083055" />
<p fId="1" fbTx="0.058083055" lbTx="0.05808393" tId="4" fbRx="0.058083055" lbRx="0.05808393" />
<p fId="3" fbTx="0.058182096" lbTx="0.05818218" tId="0" fbRx="0.068182096" lbRx="0.06818218" />
<p fId="0" fbTx="0.05818218" lbTx="0.058183055" tId="1" fbRx="0.05818218" lbRx="0.058183055" />
<p fId="1" fbTx="0.058183055" lbTx="0.05818393" tId="4" fbRx="0.058183055" lbRx="0.05818393" />
<pr uId="36" fId="4" fbTx="0.058214286" />
<wpr uId="36" tId="5" fbRx="0.058214286" lbRx="0" />
<wpr uId="36" tId="6" fbRx="0.058214286" lbRx="0" />
<p fId="3" fbTx="0.058282096" lbTx="0.05828218" tId="0" fbRx="0.068282096" lbRx="0.06828218" />
<p fId="0" fbTx="0.05828218" lbTx="0.058283055" tId="1" fbRx="0.05828218" lbRx="0.058283055" />
<p fId="1" fbTx="0.058283055" lbTx="0.05828393" tId="4" fbRx="0.058283055" lbRx="0.05828393" />
<p fId="3" fbTx="0.058382096" lbTx="0.05838218" tId="0" fbRx="0.068382096" lbRx="0.06838218" />
<p fId="0" fbTx="0.05838218" lbTx="0.058383055" tId="1" fbRx="0.05838218" lbRx="0.058383055" />
<p fId="1" fbTx="0.058383055" lbTx="0.05838393" tId="4" fbRx="0.058383055" lbRx="0.05838393" />
<p fId="3" fbTx="0.058482096" lbTx="0.05848218" tId="0" fbRx="0.068482096" lbRx="0.06848218" />
<p fId="0" fbTx="0.05848218" lbTx="0.058483055" tId="1" fbRx="0.05848218" lbRx="0.058483055" />
<p fId="1" fbTx="0.058483055" lbTx="0.05848393" tId="4" fbRx="0.058483055" lbRx="0.05848393" />
<p fId="3" fbTx="0.058582096" lbTx="0.05858218" tId="0" fbRx="0.068582096" lbRx="0.06858218" />
<p fId="0" fbTx="0.05858218" lbTx="0.058583055" tId="1" fbRx="0.05858218" lbRx="0.058583055" />
<p fId="1" fbTx="0.058583055" lbTx="0.05858393" tId="4" fbRx="0.058583055" lbRx="0.05858393" />
<p fId="3" fbTx="0.058682096" lbTx="0.05868218" tId="0" fbRx="0.068682096" lbRx="0.06868218" />
<p fId="0" fbTx="0.05868218" lbTx="0.058683055" tId="1" fbRx="0.05868218" lbRx="0.058683055" />
<p fId="1" fbTx="0.058683055" lbTx="0.05868393" tId="4" fbRx="0.058683055" lbRx="0.05868393" />
<p fId="3" fbTx="0.058782096" lbTx="0.05878218" tId="0" fbRx="0.068782096" lbRx="0.06878218" />
<p fId="0" fbTx="0.05878218" lbTx="0.058783055" tId="1" fbRx="0.05878218" lbRx="0.058783055" />
<p fId="1" fbTx="0.058783055" lbTx="0.05878393" tId="4" fbRx="0.058783055" lbRx="0.05878393" />
<p fId="3" fbTx="0.058882096" lbTx="0.05888218" tId="0" fbRx="0.068882096" lbRx="0.06888218" />
<p fId="0" fbTx="0.05888218" lbTx="0.058883055" tId="1" fbRx="0.05888218" lbRx="0.058883055" />
<p fId="1" fbTx="0.058883055" lbTx="0.05888393" tId="4" fbRx="0.058883055" lbRx="0.05888393" />
<p fId="3" fbTx="0.058982096" lbTx="0.05898218" tId="0" fbRx="0.068982096" lbRx="0.06898218" />
<p fId="0" fbTx="0.05898218" lbTx="0.058983055" tId="1" fbRx="0.05898218" lbRx="0.058983055" />
<p fId="1" fbTx="0.058983055" lbTx="0.05898393" tId="4" fbRx="0.058983055" lbRx="0.05898393" />
<p fId="3" fbTx="0.059082096" lbTx="0.05908218" tId="0" fbRx="0.069082096" lbRx="0.06908218" />
<p fId="0" fbTx="0.05908218" lbTx="0.059083055" tId="1" fbRx="0.05908218" lbRx="0.059083055" />
<p fId="1" fbTx="0.059083055" lbTx="0.05908393" tId="4" fbRx="0.059083055" lbRx="0.05908393" />
<p fId="3" fbTx="0.059182096" lbTx="0.05918218" tId="0" fbRx="0.069182096" lbRx="0.06918218" />
<p fId="0" fbTx="0.05918218" lbTx="0.059183055" tId="1" fbRx="0.05918218" lbRx="0.059183055" />
<p fId="1" fbTx="0.059183055" lbTx="0.05918393" tId="4" fbRx="0.059183055" lbRx="0.05918393" />
<pr uId="37" fId="4" fbTx="0.059214286" />
<wpr uId="37" tId="5" fbRx="0.059214286" lbRx="0" />
<wpr uId="37" tId="6" fbRx="0.059214286" lbRx="0" />
<p fId="3" fbTx="0.059282096" lbTx="0.05928218" tId="0" fbRx="0.069282096" lbRx="0.06928218" />
<p fId="0" fbTx="0.05928218" lbTx="0.059283055" tId="1" fbRx="0.05928218" lbRx="0.059283055" />
<p fId="1" fbTx="0.059283055" lbTx="0.05928393" tId="4" fbRx="0.059283055" lbRx="0.05928393" />
<p fId="3" fbTx="0.059382096" lbTx="0.05938218" tId="0" fbRx="0.069382096" lbRx="0.06938218" />
<p fId="0" fbTx="0.05938218" lbTx="0.059383055" tId="1" fbRx="0.05938218" lbRx="0.059383055" />
<p fId="1" fbTx="0.059383055" lbTx="0.05938393" tId="4" fbRx="0.059383055" lbRx="0.05938393" />
<p fId="3" fbTx="0.059482096" lbTx="0.05948218" tId="0" fbRx="0.069482096" lbRx="0.06948218" />
<p fId="0" fbTx="0.05948218" lbTx="0.059483055" tId="1" fbRx="0.05948218" lbRx="0.059483055" />
<p fId="1" fbTx="0.059483055" lbTx="0.05948393" tId="4" fbRx="0.059483055" lbRx="0.05948393" />
<p fId="3" fbTx="0.059582096" lbTx="0.05958218" tId="0" fbRx="0.069582096" lbRx="0.06958218" />
<p fId="0" fbTx="0.05958218" lbTx="0.059583055" tId="1" fbRx="0.05958218" lbRx="0.059583055" />
<p fId="1" fbTx="0.059583055" lbTx="0.05958393" tId="4" fbRx="0.059583055" lbRx="0.05958393" />
<p fId="3" fbTx="0.059682096" lbTx="0.05968218" tId="0" fbRx="0.069682096" lbRx="0.06968218" />
<p fId="0" fbTx="0.05968218" lbTx="0.059683055" tId="1" fbRx="0.05968218" lbRx="0.059683055" />
<p fId="1" fbTx="0.059683055" lbTx="0.05968393" tId="4" fbRx="0.059683055" lbRx="0.05968393" />
<p fId="3" fbTx="0.059782096" lbTx="0.05978218" tId="0" fbRx="0.069782096" lbRx="0.06978218" />
<p fId="0" fbTx="0.05978218" lbTx="0.059783055" tId="1" fbRx="0.05978218" lbRx="0.059783055" />
<p fId="1" fbTx="0.059783055" lbTx="0.05978393" tId="4" fbRx="0.059783055" lbRx="0.05978393" />
<p fId="3" fbTx="0.059882096" lbTx="0.05988218" tId="0" fbRx="0.069882096" lbRx="0.06988218" />
<p fId="0" fbTx="0.05988218" lbTx="0.059883055" tId="1" fbRx="0.05988218" lbRx="0.059883055" />
<p fId="1" fbTx="0.059883055" lbTx="0.05988393" tId="4" fbRx="0.059883055" lbRx="0.05988393" />
<p fId="3" fbTx="0.059982096" lbTx="0.05998218" tId="0" fbRx="0.069982096" lbRx="0.06998218" />
<p fId="0" fbTx="0.05998218" lbTx="0.059983055" tId="1" fbRx="0.05998218" lbRx="0.059983055" />
<p fId="1" fbTx="0.059983055" lbTx="0.05998393" tId="4" fbRx="0.059983055" lbRx="0.05998393" />
<p fId="3" fbTx="0.060082096" lbTx="0.06008218" tId="0" fbRx="0.070082096" lbRx="0.07008218" />
<p fId="0" fbTx="0.06008218" lbTx="0.060083055" tId="1" fbRx="0.06008218" lbRx="0.060083055" />
<p fId="1" fbTx="0.060083055" lbTx="0.06008393" tId="4" fbRx="0.060083055" lbRx="0.06008393" />
<p fId="3" fbTx="0.060182096" lbTx="0.06018218" tId="0" fbRx="0.070182096" lbRx="0.07018218" />
<p fId="0" fbTx="0.06018218" lbTx="0.060183055" tId="1" fbRx="0.06018218" lbRx="0.060183055" />
<p fId="1" fbTx="0.060183055" lbTx="0.06018393" tId="4" fbRx="0.060183055" lbRx="0.06018393" />
<pr uId="38" fId="4" fbTx="0.060214286" />
<wpr uId="38" tId="5" fbRx="0.060214286" lbRx="0" />
<wpr uId="38" tId="6" fbRx="0.060214286" lbRx="0" />
<p fId="3" fbTx="0.060282096" lbTx="0.06028218" tId="0" fbRx="0.070282096" lbRx="0.07028218" />
<p fId="0" fbTx="0.06028218" lbTx="0.060283055" tId="1" fbRx="0.06028218" lbRx="0.060283055" />
<p fId="1" fbTx="0.060283055" lbTx="0.06028393" tId="4" fbRx="0.060283055" lbRx="0.06028393" />
<p fId="3" fbTx="0.060382096" lbTx="0.06038218" tId="0" fbRx="0.070382096" lbRx="0.07038218" />
<p fId="0" fbTx="0.06038218" lbTx="0.060383055" tId="1" fbRx="0.06038218" lbRx="0.060383055" />
<p fId="1" fbTx="0.060383055" lbTx="0.06038393" tId="4" fbRx="0.060383055" lbRx="0.06038393" />
<p fId="3" fbTx="0.060482096" lbTx="0.06048218" tId="0" fbRx="0.070482096" lbRx="0.07048218" />
<p fId="0" fbTx="0.06048218" lbTx="0.060483055" tId="1" fbRx="0.06048218" lbRx="0.060483055" />
<p fId="1" fbTx="0.060483055" lbTx="0.06048393" tId="4" fbRx="0.060483055" lbRx="0.06048393" />
<p fId="3" fbTx="0.060582096" lbTx="0.06058218" tId="0" fbRx="0.070582096" lbRx="0.07058218" />
<p fId="0" fbTx="0.06058218" lbTx="0.060583055" tId="1" fbRx="0.06058218" lbRx="0.060583055" />
<p fId="1" fbTx="0.060583055" lbTx="0.06058393" tId="4" fbRx="0.060583055" lbRx="0.06058393" />
<p fId="3" fbTx="0.060682096" lbTx="0.06068218" tId="0" fbRx="0.070682096" lbRx="0.07068218" />
<p fId="0" fbTx="0.06068218" lbTx="0.060683055" tId="1" fbRx="0.06068218" lbRx="0.060683055" />
<p fId="1" fbTx="0.060683055" lbTx="0.06068393" tId="4" fbRx="0.060683055" lbRx="0.06068393" />
<p fId="3" fbTx="0.060782096" lbTx="0.06078218" tId="0" fbRx="0.070782096" lbRx="0.07078218" />
<p fId="0" fbTx="0.06078218" lbTx="0.060783055" tId="1" fbRx="0.06078218" lbRx="0.060783055" />
<p fId="1" fbTx="0.060783055" lbTx="0.06078393" tId="4" fbRx="0.060783055" lbRx="0.06078393" />
<p fId="3" fbTx="0.060882096" lbTx="0.06088218" tId="0" fbRx="0.070882096" lbRx="0.07088218" />
<p fId="0" fbTx="0.06088218" lbTx="0.060883055" tId="1" fbRx="0.06088218" lbRx="0.060883055" />
<p fId="1" fbTx="0.060883055" lbTx="0.06088393" tId="4" fbRx="0.060883055" lbRx="0.06088393" />
<p fId="3" fbTx="0.060982096" lbTx="0.06098218" tId="0" fbRx="0.070982096" lbRx="0.07098218" />
<p fId="0" fbTx="0.06098218" lbTx="0.060983055" tId="1" fbRx="0.06098218" lbRx="0.060983055" />
<p fId="1" fbTx="0.060983055" lbTx="0.06098393" tId="4" fbRx="0.060983055" lbRx="0.06098393" />
<p fId="3" fbTx="0.061082096" lbTx="0.06108218" tId="0" fbRx="0.071082096" lbRx="0.07108218" />
<p fId="0" fbTx="0.06108218" lbTx="0.061083055" tId="1" fbRx="0.06108218" lbRx="0.061083055" />
<p fId="1" fbTx="0.061083055" lbTx="0.06108393" tId="4" fbRx="0.061083055" lbRx="0.06108393" />
<p fId="3" fbTx="0.061182096" lbTx="0.06118218" tId="0" fbRx="0.071182096" lbRx="0.07118218" />
<p fId="0" fbTx="0.06118218" lbTx="0.061183055" tId="1" fbRx="0.06118218" lbRx="0.061183055" />
<p fId="1" fbTx="0.061183055" lbTx="0.06118393" tId="4" fbRx="0.061183055" lbRx="0.06118393" />
<pr uId="39" fId="4" fbTx="0.061214286" />
<wpr uId="39" tId="5" fbRx="0.061214286" lbRx="0" />
<wpr uId="39" tId="6" fbRx="0.061214286" lbRx="0" />
<p fId="3" fbTx="0.061282096" lbTx="0.06128218" tId="0" fbRx="0.071282096" lbRx="0.07128218" />
<p fId="0" fbTx="0.06128218" lbTx="0.061283055" tId="1" fbRx="0.06128218" lbRx="0.061283055" />
<p fId="1" fbTx="0.061283055" lbTx="0.06128393" tId="4" fbRx="0.061283055" lbRx="0.06128393" />
<p fId="3" fbTx="0.061382096" lbTx="0.06138218" tId="0" fbRx="0.071382096" lbRx="0.07138218" />
<p fId="0" fbTx="0.06138218" lbTx="0.061383055" tId="1" fbRx="0.06138218" lbRx="0.061383055" />
<p fId="1" fbTx="0.061383055" lbTx="0.06138393" tId="4" fbRx="0.061383055" lbRx="0.06138393" />
<p fId="3" fbTx="0.061482096" lbTx="0.06148218" tId="0" fbRx="0.071482096" lbRx="0.07148218" />
<p fId="0" fbTx="0.06148218" lbTx="0.061483055" tId="1" fbRx="0.06148218" lbRx="0.061483055" />
<p fId="1" fbTx="0.061483055" lbTx="0.06148393" tId="4" fbRx="0.061483055" lbRx="0.06148393" />
<p fId="3" fbTx="0.061582096" lbTx="0.06158218" tId="0" fbRx="0.071582096" lbRx="0.07158218" />
<p fId="0" fbTx="0.06158218" lbTx="0.061583055" tId="1" fbRx="0.06158218" lbRx="0.061583055" />
<p fId="1" fbTx="0.061583055" lbTx="0.06158393" tId="4" fbRx="0.061583055" lbRx="0.06158393" />
<p fId="3" fbTx="0.061682096" lbTx="0.06168218" tId="0" fbRx="0.071682096" lbRx="0.07168218" />
<p fId="0" fbTx="0.06168218" lbTx="0.061683055" tId="1" fbRx="0.06168218" lbRx="0.061683055" />
<p fId="1" fbTx="0.061683055" lbTx="0.06168393" tId="4" fbRx="0.061683055" lbRx="0.06168393" />
<p fId="3" fbTx="0.061782096" lbTx="0.06178218" tId="0" fbRx="0.071782096" lbRx="0.07178218" />
<p fId="0" fbTx="0.06178218" lbTx="0.061783055" tId="1" fbRx="0.06178218" lbRx="0.061783055" />
<p fId="1" fbTx="0.061783055" lbTx="0.06178393" tId="4" fbRx="0.061783055" lbRx="0.06178393" />
<p fId="3" fbTx="0.061882096" lbTx="0.06188218" tId="0" fbRx="0.071882096" lbRx="0.07188218" />
<p fId="0" fbTx="0.06188218" lbTx="0.061883055" tId="1" fbRx="0.06188218" lbRx="0.061883055" />
<p fId="1" fbTx="0.061883055" lbTx="0.06188393" tId="4" fbRx="0.061883055" lbRx="0.06188393" />
<p fId="3" fbTx="0.061982096" lbTx="0.06198218" tId="0" fbRx="0.071982096" lbRx="0.07198218" />
<p fId="0" fbTx="0.06198218" lbTx="0.061983055" tId="1" fbRx="0.06198218" lbRx="0.061983055" />
<p fId="1" fbTx="0.061983055" lbTx="0.06198393" tId="4" fbRx="0.061983055" lbRx="0.06198393" />
<p fId="3" fbTx="0.062082096" lbTx="0.06208218" tId="0" fbRx="0.072082096" lbRx="0.07208218" />
<p fId="0" fbTx="0.06208218" lbTx="0.062083055" tId="1" fbRx="0.06208218" lbRx="0.062083055" />
<p fId="1" fbTx="0.062083055" lbTx="0.06208393" tId="4" fbRx="0.062083055" lbRx="0.06208393" />
<p fId="3" fbTx="0.062182096" lbTx="0.06218218" tId="0" fbRx="0.072182096" lbRx="0.07218218" />
<p fId="0" fbTx="0.06218218" lbTx="0.062183055" tId="1" fbRx="0.06218218" lbRx="0.062183055" />
<p fId="1" fbTx="0.062183055" lbTx="0.06218393" tId="4" fbRx="0.062183055" lbRx="0.06218393" />
<pr uId="40" fId="4" fbTx="0.062214286" />
<wpr uId="40" tId="5" fbRx="0.062214286" lbRx="0" />
<wpr uId="40" tId="6" fbRx="0.062214286" lbRx="0" />
<p fId="3" fbTx="0.062282096" lbTx="0.06228218" tId="0" fbRx="0.072282096" lbRx="0.07228218" />
<p fId="0" fbTx="0.06228218" lbTx="0.062283055" tId="1" fbRx="0.06228218" lbRx="0.062283055" />
<p fId="1" fbTx="0.062283055" lbTx="0.06228393" tId="4" fbRx="0.062283055" lbRx="0.06228393" />
<p fId="3" fbTx="0.062382096" lbTx="0.06238218" tId="0" fbRx="0.072382096" lbRx="0.07238218" />
<p fId="0" fbTx="0.06238218" lbTx="0.062383055" tId="1" fbRx="0.06238218" lbRx="0.062383055" />
<p fId="1" fbTx="0.062383055" lbTx="0.06238393" tId="4" fbRx="0.062383055" lbRx="0.06238393" />
<p fId="3" fbTx="0.062482096" lbTx="0.06248218" tId="0" fbRx="0.072482096" lbRx="0.07248218" />
<p fId="0" fbTx="0.06248218" lbTx="0.062483055" tId="1" fbRx="0.06248218" lbRx="0.062483055" />
<p fId="1" fbTx="0.062483055" lbTx="0.06248393" tId="4" fbRx="0.062483055" lbRx="0.06248393" />
<p fId="3" fbTx="0.062582096" lbTx="0.06258218" tId="0" fbRx="0.072582096" lbRx="0.07258218" />
<p fId="0" fbTx="0.06258218" lbTx="0.062583055" tId="1" fbRx="0.06258218" lbRx="0.062583055" />
<p fId="1" fbTx="0.062583055" lbTx="0.06258393" tId="4" fbRx="0.062583055" lbRx="0.06258393" />
<p fId="3" fbTx="0.062682096" lbTx="0.06268218" tId="0" fbRx="0.072682096" lbRx="0.07268218" />
<p fId="0" fbTx="0.06268218" lbTx="0.062683055" tId="1" fbRx="0.06268218" lbRx="0.062683055" />
<p fId="1" fbTx="0.062683055" lbTx="0.06268393" tId="4" fbRx="0.062683055" lbRx="0.06268393" />
<p fId="3" fbTx="0.062782096" lbTx="0.06278218" tId="0" fbRx="0.072782096" lbRx="0.07278218" />
<p fId="0" fbTx="0.06278218" lbTx="0.062783055" tId="1" fbRx="0.06278218" lbRx="0.062783055" />
<p fId="1" fbTx="0.062783055" lbTx="0.06278393" tId="4" fbRx="0.062783055" lbRx="0.06278393" />
<p fId="3" fbTx="0.062882096" lbTx="0.06288218" tId="0" fbRx="0.072882096" lbRx="0.07288218" />
<p fId="0" fbTx="0.06288218" lbTx="0.062883055" tId="1" fbRx="0.06288218" lbRx="0.062883055" />
<p fId="1" fbTx="0.062883055" lbTx="0.06288393" tId="4" fbRx="0.062883055" lbRx="0.06288393" />
<p fId="3" fbTx="0.062982096" lbTx="0.06298218" tId="0" fbRx="0.072982096" lbRx="0.07298218" />
<p fId="0" fbTx="0.06298218" lbTx="0.062983055" tId="1" fbRx="0.06298218" lbRx="0.062983055" />
<p fId="1" fbTx="0.062983055" lbTx="0.06298393" tId="4" fbRx="0.062983055" lbRx="0.06298393" />
<p fId="3" fbTx="0.063082096" lbTx="0.06308218" tId="0" fbRx="0.073082096" lbRx="0.07308218" />
<p fId="0" fbTx="0.06308218" lbTx="0.063083055" tId="1" fbRx="0.06308218" lbRx="0.063083055" />
<p fId="1" fbTx="0.063083055" lbTx="0.06308393" tId="4" fbRx="0.063083055" lbRx="0.06308393" />
<p fId="3" fbTx="0.063182096" lbTx="0.06318218" tId="0" fbRx="0.073182096" lbRx="0.07318218" />
<p fId="0" fbTx="0.06318218" lbTx="0.063183055" tId="1" fbRx="0.06318218" lbRx="0.063183055" />
<p fId="1" fbTx="0.063183055" lbTx="0.06318393" tId="4" fbRx="0.063183055" lbRx="0.06318393" />
<pr uId="41" fId="4" fbTx="0.063214286" />
<wpr uId="41" tId="5" fbRx="0.063214286" lbRx="0" />
<wpr uId="41" tId="6" fbRx="0.063214286" lbRx="0" />
<p fId="3" fbTx="0.063282096" lbTx="0.06328218" tId="0" fbRx="0.073282096" lbRx="0.07328218" />
<p fId="0" fbTx="0.06328218" lbTx="0.063283055" tId="1" fbRx="0.06328218" lbRx="0.063283055" />
<p fId="1" fbTx="0.063283055" lbTx="0.06328393" tId="4" fbRx="0.063283055" lbRx="0.06328393" />
<p fId="3" fbTx="0.063382096" lbTx="0.06338218" tId="0" fbRx="0.073382096" lbRx="0.07338218" />
<p fId="0" fbTx="0.06338218" lbTx="0.063383055" tId="1" fbRx="0.06338218" lbRx="0.063383055" />
<p fId="1" fbTx="0.063383055" lbTx="0.06338393" tId="4" fbRx="0.063383055" lbRx="0.06338393" />
<p fId="3" fbTx="0.063482096" lbTx="0.06348218" tId="0" fbRx="0.073482096" lbRx="0.07348218" />
<p fId="0" fbTx="0.06348218" lbTx="0.063483055" tId="1" fbRx="0.06348218" lbRx="0.063483055" />
<p fId="1" fbTx="0.063483055" lbTx="0.06348393" tId="4" fbRx="0.063483055" lbRx="0.06348393" />
<p fId="3" fbTx="0.063582096" lbTx="0.06358218" tId="0" fbRx="0.073582096" lbRx="0.07358218" />
<p fId="0" fbTx="0.06358218" lbTx="0.063583055" tId="1" fbRx="0.06358218" lbRx="0.063583055" />
<p fId="1" fbTx="0.063583055" lbTx="0.06358393" tId="4" fbRx="0.063583055" lbRx="0.06358393" />
<p fId="3" fbTx="0.063682096" lbTx="0.06368218" tId="0" fbRx="0.073682096" lbRx="0.07368218" />
<p fId="0" fbTx="0.06368218" lbTx="0.063683055" tId="1" fbRx="0.06368218" lbRx="0.063683055" />
<p fId="1" fbTx="0.063683055" lbTx="0.06368393" tId="4" fbRx="0.063683055" lbRx="0.06368393" />
<p fId="3" fbTx="0.063782096" lbTx="0.06378218" tId="0" fbRx="0.073782096" lbRx="0.07378218" />
<p fId="0" fbTx="0.06378218" lbTx="0.063783055" tId="1" fbRx="0.06378218" lbRx="0.063783055" />
<p fId="1" fbTx="0.063783055" lbTx="0.06378393" tId="4" fbRx="0.063783055" lbRx="0.06378393" />
<p fId="3" fbTx="0.063882096" lbTx="0.06388218" tId="0" fbRx="0.073882096" lbRx="0.07388218" />
<p fId="0" fbTx="0.06388218" lbTx="0.063883055" tId="1" fbRx="0.06388218" lbRx="0.063883055" />
<p fId="1" fbTx="0.063883055" lbTx="0.06388393" tId="4" fbRx="0.063883055" lbRx="0.06388393" />
<p fId="3" fbTx="0.063982096" lbTx="0.06398218" tId="0" fbRx="0.073982096" lbRx="0.07398218" />
<p fId="0" fbTx="0.06398218" lbTx="0.063983055" tId="1" fbRx="0.06398218" lbRx="0.063983055" />
<p fId="1" fbTx="0.063983055" lbTx="0.06398393" tId="4" fbRx="0.063983055" lbRx="0.06398393" />
<p fId="3" fbTx="0.064082096" lbTx="0.06408218" tId="0" fbRx="0.074082096" lbRx="0.07408218" />
<p fId="0" fbTx="0.06408218" lbTx="0.064083055" tId="1" fbRx="0.06408218" lbRx="0.064083055" />
<p fId="1" fbTx="0.064083055" lbTx="0.06408393" tId="4" fbRx="0.064083055" lbRx="0.06408393" />
<p fId="3" fbTx="0.064182096" lbTx="0.06418218" tId="0" fbRx="0.074182096" lbRx="0.07418218" />
<p fId="0" fbTx="0.06418218" lbTx="0.064183055" tId="1" fbRx="0.06418218" lbRx="0.064183055" />
<p fId="1" fbTx="0.064183055" lbTx="0.06418393" tId="4" fbRx="0.064183055" lbRx="0.06418393" />
<pr uId="42" fId="4" fbTx="0.064214286" />
<wpr uId="42" tId="5" fbRx="0.064214286" lbRx="0" />
<wpr uId="42" tId="6" fbRx="0.064214286" lbRx="0" />
<p fId="3" fbTx="0.064282096" lbTx="0.06428218" tId="0" fbRx="0.074282096" lbRx="0.07428218" />
<p fId="0" fbTx="0.06428218" lbTx="0.064283055" tId="1" fbRx="0.06428218" lbRx="0.064283055" />
<p fId="1" fbTx="0.064283055" lbTx="0.06428393" tId="4" fbRx="0.064283055" lbRx="0.06428393" />
<p fId="3" fbTx="0.064382096" lbTx="0.06438218" tId="0" fbRx="0.074382096" lbRx="0.07438218" />
<p fId="0" fbTx="0.06438218" lbTx="0.064383055" tId="1" fbRx="0.06438218" lbRx="0.064383055" />
<p fId="1" fbTx="0.064383055" lbTx="0.06438393" tId="4" fbRx="0.064383055" lbRx="0.06438393" />
<p fId="3" fbTx="0.064482096" lbTx="0.06448218" tId="0" fbRx="0.074482096" lbRx="0.07448218" />
<p fId="0" fbTx="0.06448218" lbTx="0.064483055" tId="1" fbRx="0.06448218" lbRx="0.064483055" />
<p fId="1" fbTx="0.064483055" lbTx="0.06448393" tId="4" fbRx="0.064483055" lbRx="0.06448393" />
<p fId="3" fbTx="0.064582096" lbTx="0.06458218" tId="0" fbRx="0.074582096" lbRx="0.07458218" />
<p fId="0" fbTx="0.06458218" lbTx="0.064583055" tId="1" fbRx="0.06458218" lbRx="0.064583055" />
<p fId="1" fbTx="0.064583055" lbTx="0.06458393" tId="4" fbRx="0.064583055" lbRx="0.06458393" />
<p fId="3" fbTx="0.064682096" lbTx="0.06468218" tId="0" fbRx="0.074682096" lbRx="0.07468218" />
<p fId="0" fbTx="0.06468218" lbTx="0.064683055" tId="1" fbRx="0.06468218" lbRx="0.064683055" />
<p fId="1" fbTx="0.064683055" lbTx="0.06468393" tId="4" fbRx="0.064683055" lbRx="0.06468393" />
<p fId="3" fbTx="0.064782096" lbTx="0.06478218" tId="0" fbRx="0.074782096" lbRx="0.07478218" />
<p fId="0" fbTx="0.06478218" lbTx="0.064783055" tId="1" fbRx="0.06478218" lbRx="0.064783055" />
<p fId="1" fbTx="0.064783055" lbTx="0.06478393" tId="4" fbRx="0.064783055" lbRx="0.06478393" />
<p fId="3" fbTx="0.064882096" lbTx="0.06488218" tId="0" fbRx="0.074882096" lbRx="0.07488218" />
<p fId="0" fbTx="0.06488218" lbTx="0.064883055" tId="1" fbRx="0.06488218" lbRx="0.064883055" />
<p fId="1" fbTx="0.064883055" lbTx="0.06488393" tId="4" fbRx="0.064883055" lbRx="0.06488393" />
<p fId="3" fbTx="0.064982096" lbTx="0.06498218" tId="0" fbRx="0.074982096" lbRx="0.07498218" />
<p fId="0" fbTx="0.06498218" lbTx="0.064983055" tId="1" fbRx="0.06498218" lbRx="0.064983055" />
<p fId="1" fbTx="0.064983055" lbTx="0.06498393" tId="4" fbRx="0.064983055" lbRx="0.06498393" />
<p fId="3" fbTx="0.065082096" lbTx="0.06508218" tId="0" fbRx="0.075082096" lbRx="0.07508218" />
<p fId="0" fbTx="0.06508218" lbTx="0.065083055" tId="1" fbRx="0.06508218" lbRx="0.065083055" />
<p fId="1" fbTx="0.065083055" lbTx="0.06508393" tId="4" fbRx="0.065083055" lbRx="0.06508393" />
<p fId="3" fbTx="0.065182096" lbTx="0.06518218" tId="0" fbRx="0.075182096" lbRx="0.07518218" />
<p fId="0" fbTx="0.06518218" lbTx="0.065183055" tId="1" fbRx="0.06518218" lbRx="0.065183055" />
<p fId="1" fbTx="0.065183055" lbTx="0.06518393" tId="4" fbRx="0.065183055" lbRx="0.06518393" />
<pr uId="43" fId="4" fbTx="0.065214286" />
<wpr uId="43" tId="5" fbRx="0.065214286" lbRx="0" />
<wpr uId="43" tId="6" fbRx="0.065214286" lbRx="0" />
<p fId="3" fbTx="0.065282096" lbTx="0.06528218" tId="0" fbRx="0.075282096" lbRx="0.07528218" />
<p fId="0" fbTx="0.06528218" lbTx="0.065283055" tId="1" fbRx="0.06528218" lbRx="0.065283055" />
<p fId="1" fbTx="0.065283055" lbTx="0.06528393" tId="4" fbRx="0.065283055" lbRx="0.06528393" />
<p fId="3" fbTx="0.065382096" lbTx="0.06538218" tId="0" fbRx="0.075382096" lbRx="0.07538218" />
<p fId="0" fbTx="0.06538218" lbTx="0.065383055" tId="1" fbRx="0.06538218" lbRx="0.065383055" />
<p fId="1" fbTx="0.065383055" lbTx="0.06538393" tId="4" fbRx="0.065383055" lbRx="0.06538393" />
<p fId="3" fbTx="0.065482096" lbTx="0.06548218" tId="0" fbRx="0.075482096" lbRx="0.07548218" />
<p fId="0" fbTx="0.06548218" lbTx="0.065483055" tId="1" fbRx="0.06548218" lbRx="0.065483055" />
<p fId="1" fbTx="0.065483055" lbTx="0.06548393" tId="4" fbRx="0.065483055" lbRx="0.06548393" />
<p fId="3" fbTx="0.065582096" lbTx="0.06558218" tId="0" fbRx="0.075582096" lbRx="0.07558218" />
<p fId="0" fbTx="0.06558218" lbTx="0.065583055" tId="1" fbRx="0.06558218" lbRx="0.065583055" />
<p fId="1" fbTx="0.065583055" lbTx="0.06558393" tId="4" fbRx="0.065583055" lbRx="0.06558393" />
<p fId="3" fbTx="0.065682096" lbTx="0.06568218" tId="0" fbRx="0.075682096" lbRx="0.07568218" />
<p fId="0" fbTx="0.06568218" lbTx="0.065683055" tId="1" fbRx="0.06568218" lbRx="0.065683055" />
<p fId="1" fbTx="0.065683055" lbTx="0.06568393" tId="4" fbRx="0.065683055" lbRx="0.06568393" />
<p fId="3" fbTx="0.065782096" lbTx="0.06578218" tId="0" fbRx="0.075782096" lbRx="0.07578218" />
<p fId="0" fbTx="0.06578218" lbTx="0.065783055" tId="1" fbRx="0.06578218" lbRx="0.065783055" />
<p fId="1" fbTx="0.065783055" lbTx="0.06578393" tId="4" fbRx="0.065783055" lbRx="0.06578393" />
<p fId="3" fbTx="0.065882096" lbTx="0.06588218" tId="0" fbRx="0.075882096" lbRx="0.07588218" />
<p fId="0" fbTx="0.06588218" lbTx="0.065883055" tId="1" fbRx="0.06588218" lbRx="0.065883055" />
<p fId="1" fbTx="0.065883055" lbTx="0.06588393" tId="4" fbRx="0.065883055" lbRx="0.06588393" />
<p fId="3" fbTx="0.065982096" lbTx="0.06598218" tId="0" fbRx="0.075982096" lbRx="0.07598218" />
<p fId="0" fbTx="0.06598218" lbTx="0.065983055" tId="1" fbRx="0.06598218" lbRx="0.065983055" />
<p fId="1" fbTx="0.065983055" lbTx="0.06598393" tId="4" fbRx="0.065983055" lbRx="0.06598393" />
<p fId="3" fbTx="0.066082096" lbTx="0.06608218" tId="0" fbRx="0.076082096" lbRx="0.07608218" />
<p fId="0" fbTx="0.06608218" lbTx="0.066083055" tId="1" fbRx="0.06608218" lbRx="0.066083055" />
<p fId="1" fbTx="0.066083055" lbTx="0.06608393" tId="4" fbRx="0.066083055" lbRx="0.06608393" />
<p fId="3" fbTx="0.066182096" lbTx="0.06618218" tId="0" fbRx="0.076182096" lbRx="0.07618218" />
<p fId="0" fbTx="0.06618218" lbTx="0.066183055" tId="1" fbRx="0.06618218" lbRx="0.066183055" />
<p fId="1" fbTx="0.066183055" lbTx="0.06618393" tId="4" fbRx="0.066183055" lbRx="0.06618393" />
<pr uId="44" fId="4" fbTx="0.066214286" />
<wpr uId="44" tId="5" fbRx="0.066214286" lbRx="0" />
<wpr uId="44" tId="6" fbRx="0.066214286" lbRx="0" />
<p fId="3" fbTx="0.066282096" lbTx="0.06628218" tId="0" fbRx="0.076282096" lbRx="0.07628218" />
<p fId="0" fbTx="0.06628218" lbTx="0.066283055" tId="1" fbRx="0.06628218" lbRx="0.066283055" />
<p fId="1" fbTx="0.066283055" lbTx="0.06628393" tId="4" fbRx="0.066283055" lbRx="0.06628393" />
<p fId="3" fbTx="0.066382096" lbTx="0.06638218" tId="0" fbRx="0.076382096" lbRx="0.07638218" />
<p fId="0" fbTx="0.06638218" lbTx="0.066383055" tId="1" fbRx="0.06638218" lbRx="0.066383055" />
<p fId="1" fbTx="0.066383055" lbTx="0.06638393" tId="4" fbRx="0.066383055" lbRx="0.06638393" />
<p fId="3" fbTx="0.066482096" lbTx="0.06648218" tId="0" fbRx="0.076482096" lbRx="0.07648218" />
<p fId="0" fbTx="0.06648218" lbTx="0.066483055" tId="1" fbRx="0.06648218" lbRx="0.066483055" />
<p fId="1" fbTx="0.066483055" lbTx="0.06648393" tId="4" fbRx="0.066483055" lbRx="0.06648393" />
<p fId="3" fbTx="0.066582096" lbTx="0.06658218" tId="0" fbRx="0.076582096" lbRx="0.07658218" />
<p fId="0" fbTx="0.06658218" lbTx="0.066583055" tId="1" fbRx="0.06658218" lbRx="0.066583055" />
<p fId="1" fbTx="0.066583055" lbTx="0.06658393" tId="4" fbRx="0.066583055" lbRx="0.06658393" />
<p fId="3" fbTx="0.066682096" lbTx="0.06668218" tId="0" fbRx="0.076682096" lbRx="0.07668218" />
<p fId="0" fbTx="0.06668218" lbTx="0.066683055" tId="1" fbRx="0.06668218" lbRx="0.066683055" />
<p fId="1" fbTx="0.066683055" lbTx="0.06668393" tId="4" fbRx="0.066683055" lbRx="0.06668393" />
<p fId="3" fbTx="0.066782096" lbTx="0.06678218" tId="0" fbRx="0.076782096" lbRx="0.07678218" />
<p fId="0" fbTx="0.06678218" lbTx="0.066783055" tId="1" fbRx="0.06678218" lbRx="0.066783055" />
<p fId="1" fbTx="0.066783055" lbTx="0.06678393" tId="4" fbRx="0.066783055" lbRx="0.06678393" />
<p fId="3" fbTx="0.066882096" lbTx="0.06688218" tId="0" fbRx="0.076882096" lbRx="0.07688218" />
<p fId="0" fbTx="0.06688218" lbTx="0.066883055" tId="1" fbRx="0.06688218" lbRx="0.066883055" />
<p fId="1" fbTx="0.066883055" lbTx="0.06688393" tId="4" fbRx="0.066883055" lbRx="0.06688393" />
<p fId="3" fbTx="0.066982096" lbTx="0.06698218" tId="0" fbRx="0.076982096" lbRx="0.07698218" />
<p fId="0" fbTx="0.06698218" lbTx="0.066983055" tId="1" fbRx="0.06698218" lbRx="0.066983055" />
<p fId="1" fbTx="0.066983055" lbTx="0.06698393" tId="4" fbRx="0.066983055" lbRx="0.06698393" />
<p fId="3" fbTx="0.067082096" lbTx="0.06708218" tId="0" fbRx="0.077082096" lbRx="0.07708218" />
<p fId="0" fbTx="0.06708218" lbTx="0.067083055" tId="1" fbRx="0.06708218" lbRx="0.067083055" />
<p fId="1" fbTx="0.067083055" lbTx="0.06708393" tId="4" fbRx="0.067083055" lbRx="0.06708393" />
<p fId="3" fbTx="0.067182096" lbTx="0.06718218" tId="0" fbRx="0.077182096" lbRx="0.07718218" />
<p fId="0" fbTx="0.06718218" lbTx="0.067183055" tId="1" fbRx="0.06718218" lbRx="0.067183055" />
<p fId="1" fbTx="0.067183055" lbTx="0.06718393" tId="4" fbRx="0.067183055" lbRx="0.06718393" />
<pr uId="45" fId="4" fbTx="0.067214286" />
<wpr uId="45" tId="5" fbRx="0.067214286" lbRx="0" />
<wpr uId="45" tId="6" fbRx="0.067214286" lbRx="0" />
<p fId="3" fbTx="0.067282096" lbTx="0.06728218" tId="0" fbRx="0.077282096" lbRx="0.07728218" />
<p fId="0" fbTx="0.06728218" lbTx="0.067283055" tId="1" fbRx="0.06728218" lbRx="0.067283055" />
<p fId="1" fbTx="0.067283055" lbTx="0.06728393" tId="4" fbRx="0.067283055" lbRx="0.06728393" />
<p fId="3" fbTx="0.067382096" lbTx="0.06738218" tId="0" fbRx="0.077382096" lbRx="0.07738218" />
<p fId="0" fbTx="0.06738218" lbTx="0.067383055" tId="1" fbRx="0.06738218" lbRx="0.067383055" />
<p fId="1" fbTx="0.067383055" lbTx="0.06738393" tId="4" fbRx="0.067383055" lbRx="0.06738393" />
<p fId="3" fbTx="0.067482096" lbTx="0.06748218" tId="0" fbRx="0.077482096" lbRx="0.07748218" />
<p fId="0" fbTx="0.06748218" lbTx="0.067483055" tId="1" fbRx="0.06748218" lbRx="0.067483055" />
<p fId="1" fbTx="0.067483055" lbTx="0.06748393" tId="4" fbRx="0.067483055" lbRx="0.06748393" />
<p fId="3" fbTx="0.067582096" lbTx="0.06758218" tId="0" fbRx="0.077582096" lbRx="0.07758218" />
<p fId="0" fbTx="0.06758218" lbTx="0.067583055" tId="1" fbRx="0.06758218" lbRx="0.067583055" />
<p fId="1" fbTx="0.067583055" lbTx="0.06758393" tId="4" fbRx="0.067583055" lbRx="0.06758393" />
<p fId="3" fbTx="0.067682096" lbTx="0.06768218" tId="0" fbRx="0.077682096" lbRx="0.07768218" />
<p fId="0" fbTx="0.06768218" lbTx="0.067683055" tId="1" fbRx="0.06768218" lbRx="0.067683055" />
<p fId="1" fbTx="0.067683055" lbTx="0.06768393" tId="4" fbRx="0.067683055" lbRx="0.06768393" />
<p fId="3" fbTx="0.067782096" lbTx="0.06778218" tId="0" fbRx="0.077782096" lbRx="0.07778218" />
<p fId="0" fbTx="0.06778218" lbTx="0.067783055" tId="1" fbRx="0.06778218" lbRx="0.067783055" />
<p fId="1" fbTx="0.067783055" lbTx="0.06778393" tId="4" fbRx="0.067783055" lbRx="0.06778393" />
<p fId="3" fbTx="0.067882096" lbTx="0.06788218" tId="0" fbRx="0.077882096" lbRx="0.07788218" />
<p fId="0" fbTx="0.06788218" lbTx="0.067883055" tId="1" fbRx="0.06788218" lbRx="0.067883055" />
<p fId="1" fbTx="0.067883055" lbTx="0.06788393" tId="4" fbRx="0.067883055" lbRx="0.06788393" />
<p fId="3" fbTx="0.067982096" lbTx="0.06798218" tId="0" fbRx="0.077982096" lbRx="0.07798218" />
<p fId="0" fbTx="0.06798218" lbTx="0.067983055" tId="1" fbRx="0.06798218" lbRx="0.067983055" />
<p fId="1" fbTx="0.067983055" lbTx="0.06798393" tId="4" fbRx="0.067983055" lbRx="0.06798393" />
<p fId="3" fbTx="0.068082096" lbTx="0.06808218" tId="0" fbRx="0.078082096" lbRx="0.07808218" />
<p fId="0" fbTx="0.06808218" lbTx="0.068083055" tId="1" fbRx="0.06808218" lbRx="0.068083055" />
<p fId="1" fbTx="0.068083055" lbTx="0.06808393" tId="4" fbRx="0.068083055" lbRx="0.06808393" />
<p fId="3" fbTx="0.068182096" lbTx="0.06818218" tId="0" fbRx="0.078182096" lbRx="0.07818218" />
<p fId="0" fbTx="0.06818218" lbTx="0.068183055" tId="1" fbRx="0.06818218" lbRx="0.068183055" />
<p fId="1" fbTx="0.068183055" lbTx="0.06818393" tId="4" fbRx="0.068183055" lbRx="0.06818393" />
<pr uId="46" fId="4" fbTx="0.068214286" />
<wpr uId="46" tId="5" fbRx="0.068214286" lbRx="0" />
<wpr uId="46" tId="6" fbRx="0.068214286" lbRx="0" />
<p fId="3" fbTx="0.068282096" lbTx="0.06828218" tId="0" fbRx="0.078282096" lbRx="0.07828218" />
<p fId="0" fbTx="0.06828218" lbTx="0.068283055" tId="1" fbRx="0.06828218" lbRx="0.068283055" />
<p fId="1" fbTx="0.068283055" lbTx="0.06828393" tId="4" fbRx="0.068283055" lbRx="0.06828393" />
<p fId="3" fbTx="0.068382096" lbTx="0.06838218" tId="0" fbRx="0.078382096" lbRx="0.07838218" />
<p fId="0" fbTx="0.06838218" lbTx="0.068383055" tId="1" fbRx="0.06838218" lbRx="0.068383055" />
<p fId="1" fbTx="0.068383055" lbTx="0.06838393" tId="4" fbRx="0.068383055" lbRx="0.06838393" />
<p fId="3" fbTx="0.068482096" lbTx="0.06848218" tId="0" fbRx="0.078482096" lbRx="0.07848218" />
<p fId="0" fbTx="0.06848218" lbTx="0.068483055" tId="1" fbRx="0.06848218" lbRx="0.068483055" />
<p fId="1" fbTx="0.068483055" lbTx="0.06848393" tId="4" fbRx="0.068483055" lbRx="0.06848393" />
<p fId="3" fbTx="0.068582096" lbTx="0.06858218" tId="0" fbRx="0.078582096" lbRx="0.07858218" />
<p fId="0" fbTx="0.06858218" lbTx="0.068583055" tId="1" fbRx="0.06858218" lbRx="0.068583055" />
<p fId="1" fbTx="0.068583055" lbTx="0.06858393" tId="4" fbRx="0.068583055" lbRx="0.06858393" />
<p fId="3" fbTx="0.068682096" lbTx="0.06868218" tId="0" fbRx="0.078682096" lbRx="0.07868218" />
<p fId="0" fbTx="0.06868218" lbTx="0.068683055" tId="1" fbRx="0.06868218" lbRx="0.068683055" />
<p fId="1" fbTx="0.068683055" lbTx="0.06868393" tId="4" fbRx="0.068683055" lbRx="0.06868393" />
<p fId="3" fbTx="0.068782096" lbTx="0.06878218" tId="0" fbRx="0.078782096" lbRx="0.07878218" />
<p fId="0" fbTx="0.06878218" lbTx="0.068783055" tId="1" fbRx="0.06878218" lbRx="0.068783055" />
<p fId="1" fbTx="0.068783055" lbTx="0.06878393" tId="4" fbRx="0.068783055" lbRx="0.06878393" />
<p fId="3" fbTx="0.068882096" lbTx="0.06888218" tId="0" fbRx="0.078882096" lbRx="0.07888218" />
<p fId="0" fbTx="0.06888218" lbTx="0.068883055" tId="1" fbRx="0.06888218" lbRx="0.068883055" />
<p fId="1" fbTx="0.068883055" lbTx="0.06888393" tId="4" fbRx="0.068883055" lbRx="0.06888393" />
<p fId="3" fbTx="0.068982096" lbTx="0.06898218" tId="0" fbRx="0.078982096" lbRx="0.07898218" />
<p fId="0" fbTx="0.06898218" lbTx="0.068983055" tId="1" fbRx="0.06898218" lbRx="0.068983055" />
<p fId="1" fbTx="0.068983055" lbTx="0.06898393" tId="4" fbRx="0.068983055" lbRx="0.06898393" />
<p fId="3" fbTx="0.069082096" lbTx="0.06908218" tId="0" fbRx="0.079082096" lbRx="0.07908218" />
<p fId="0" fbTx="0.06908218" lbTx="0.069083055" tId="1" fbRx="0.06908218" lbRx="0.069083055" />
<p fId="1" fbTx="0.069083055" lbTx="0.06908393" tId="4" fbRx="0.069083055" lbRx="0.06908393" />
<p fId="3" fbTx="0.069182096" lbTx="0.06918218" tId="0" fbRx="0.079182096" lbRx="0.07918218" />
<p fId="0" fbTx="0.06918218" lbTx="0.069183055" tId="1" fbRx="0.06918218" lbRx="0.069183055" />
<p fId="1" fbTx="0.069183055" lbTx="0.06918393" tId="4" fbRx="0.069183055" lbRx="0.06918393" />
<pr uId="47" fId="4" fbTx="0.069214286" />
<wpr uId="47" tId="5" fbRx="0.069214286" lbRx="0" />
<wpr uId="47" tId="6" fbRx="0.069214286" lbRx="0" />
<p fId="3" fbTx="0.069282096" lbTx="0.06928218" tId="0" fbRx="0.079282096" lbRx="0.07928218" />
<p fId="0" fbTx="0.06928218" lbTx="0.069283055" tId="1" fbRx="0.06928218" lbRx="0.069283055" />
<p fId="1" fbTx="0.069283055" lbTx="0.06928393" tId="4" fbRx="0.069283055" lbRx="0.06928393" />
<p fId="3" fbTx="0.069382096" lbTx="0.06938218" tId="0" fbRx="0.079382096" lbRx="0.07938218" />
<p fId="0" fbTx="0.06938218" lbTx="0.069383055" tId="1" fbRx="0.06938218" lbRx="0.069383055" />
<p fId="1" fbTx="0.069383055" lbTx="0.06938393" tId="4" fbRx="0.069383055" lbRx="0.06938393" />
<p fId="3" fbTx="0.069482096" lbTx="0.06948218" tId="0" fbRx="0.079482096" lbRx="0.07948218" />
<p fId="0" fbTx="0.06948218" lbTx="0.069483055" tId="1" fbRx="0.06948218" lbRx="0.069483055" />
<p fId="1" fbTx="0.069483055" lbTx="0.06948393" tId="4" fbRx="0.069483055" lbRx="0.06948393" />
<p fId="3" fbTx="0.069582096" lbTx="0.06958218" tId="0" fbRx="0.079582096" lbRx="0.07958218" />
<p fId="0" fbTx="0.06958218" lbTx="0.069583055" tId="1" fbRx="0.06958218" lbRx="0.069583055" />
<p fId="1" fbTx="0.069583055" lbTx="0.06958393" tId="4" fbRx="0.069583055" lbRx="0.06958393" />
<p fId="3" fbTx="0.069682096" lbTx="0.06968218" tId="0" fbRx="0.079682096" lbRx="0.07968218" />
<p fId="0" fbTx="0.06968218" lbTx="0.069683055" tId="1" fbRx="0.06968218" lbRx="0.069683055" />
<p fId="1" fbTx="0.069683055" lbTx="0.06968393" tId="4" fbRx="0.069683055" lbRx="0.06968393" />
<p fId="3" fbTx="0.069782096" lbTx="0.06978218" tId="0" fbRx="0.079782096" lbRx="0.07978218" />
<p fId="0" fbTx="0.06978218" lbTx="0.069783055" tId="1" fbRx="0.06978218" lbRx="0.069783055" />
<p fId="1" fbTx="0.069783055" lbTx="0.06978393" tId="4" fbRx="0.069783055" lbRx="0.06978393" />
<p fId="3" fbTx="0.069882096" lbTx="0.06988218" tId="0" fbRx="0.079882096" lbRx="0.07988218" />
<p fId="0" fbTx="0.06988218" lbTx="0.069883055" tId="1" fbRx="0.06988218" lbRx="0.069883055" />
<p fId="1" fbTx="0.069883055" lbTx="0.06988393" tId="4" fbRx="0.069883055" lbRx="0.06988393" />
<p fId="3" fbTx="0.069982096" lbTx="0.06998218" tId="0" fbRx="0.079982096" lbRx="0.07998218" />
<p fId="0" fbTx="0.06998218" lbTx="0.069983055" tId="1" fbRx="0.06998218" lbRx="0.069983055" />
<p fId="1" fbTx="0.069983055" lbTx="0.06998393" tId="4" fbRx="0.069983055" lbRx="0.06998393" />
<p fId="3" fbTx="0.070082096" lbTx="0.07008218" tId="0" fbRx="0.080082096" lbRx="0.08008218" />
<p fId="0" fbTx="0.07008218" lbTx="0.070083055" tId="1" fbRx="0.07008218" lbRx="0.070083055" />
<p fId="1" fbTx="0.070083055" lbTx="0.07008393" tId="4" fbRx="0.070083055" lbRx="0.07008393" />
<p fId="3" fbTx="0.070182096" lbTx="0.07018218" tId="0" fbRx="0.080182096" lbRx="0.08018218" />
<p fId="0" fbTx="0.07018218" lbTx="0.070183055" tId="1" fbRx="0.07018218" lbRx="0.070183055" />
<p fId="1" fbTx="0.070183055" lbTx="0.07018393" tId="4" fbRx="0.070183055" lbRx="0.07018393" />
<pr uId="48" fId="4" fbTx="0.070214286" />
<wpr uId="48" tId="5" fbRx="0.070214286" lbRx="0" />
<wpr uId="48" tId="6" fbRx="0.070214286" lbRx="0" />
<p fId="3" fbTx="0.070282096" lbTx="0.07028218" tId="0" fbRx="0.080282096" lbRx="0.08028218" />
<p fId="0" fbTx="0.07028218" lbTx="0.070283055" tId="1" fbRx="0.07028218" lbRx="0.070283055" />
<p fId="1" fbTx="0.070283055" lbTx="0.07028393" tId="4" fbRx="0.070283055" lbRx="0.07028393" />
<p fId="3" fbTx="0.070382096" lbTx="0.07038218" tId="0" fbRx="0.080382096" lbRx="0.08038218" />
<p fId="0" fbTx="0.07038218" lbTx="0.070383055" tId="1" fbRx="0.07038218" lbRx="0.070383055" />
<p fId="1" fbTx="0.070383055" lbTx="0.07038393" tId="4" fbRx="0.070383055" lbRx="0.07038393" />
<p fId="3" fbTx="0.070482096" lbTx="0.07048218" tId="0" fbRx="0.080482096" lbRx="0.08048218" />
<p fId="0" fbTx="0.07048218" lbTx="0.070483055" tId="1" fbRx="0.07048218" lbRx="0.070483055" />
<p fId="1" fbTx="0.070483055" lbTx="0.07048393" tId="4" fbRx="0.070483055" lbRx="0.07048393" />
<p fId="3" fbTx="0.070582096" lbTx="0.07058218" tId="0" fbRx="0.080582096" lbRx="0.08058218" />
<p fId="0" fbTx="0.07058218" lbTx="0.070583055" tId="1" fbRx="0.07058218" lbRx="0.070583055" />
<p fId="1" fbTx="0.070583055" lbTx="0.07058393" tId="4" fbRx="0.070583055" lbRx="0.07058393" />
<p fId="3" fbTx="0.070682096" lbTx="0.07068218" tId="0" fbRx="0.080682096" lbRx="0.08068218" />
<p fId="0" fbTx="0.07068218" lbTx="0.070683055" tId="1" fbRx="0.07068218" lbRx="0.070683055" />
<p fId="1" fbTx="0.070683055" lbTx="0.07068393" tId="4" fbRx="0.070683055" lbRx="0.07068393" />
<p fId="3" fbTx="0.070782096" lbTx="0.07078218" tId="0" fbRx="0.080782096" lbRx="0.08078218" />
<p fId="0" fbTx="0.07078218" lbTx="0.070783055" tId="1" fbRx="0.07078218" lbRx="0.070783055" />
<p fId="1" fbTx="0.070783055" lbTx="0.07078393" tId="4" fbRx="0.070783055" lbRx="0.07078393" />
<p fId="3" fbTx="0.070882096" lbTx="0.07088218" tId="0" fbRx="0.080882096" lbRx="0.08088218" />
<p fId="0" fbTx="0.07088218" lbTx="0.070883055" tId="1" fbRx="0.07088218" lbRx="0.070883055" />
<p fId="1" fbTx="0.070883055" lbTx="0.07088393" tId="4" fbRx="0.070883055" lbRx="0.07088393" />
<p fId="3" fbTx="0.070982096" lbTx="0.07098218" tId="0" fbRx="0.080982096" lbRx="0.08098218" />
<p fId="0" fbTx="0.07098218" lbTx="0.070983055" tId="1" fbRx="0.07098218" lbRx="0.070983055" />
<p fId="1" fbTx="0.070983055" lbTx="0.07098393" tId="4" fbRx="0.070983055" lbRx="0.07098393" />
<p fId="3" fbTx="0.071082096" lbTx="0.07108218" tId="0" fbRx="0.081082096" lbRx="0.08108218" />
<p fId="0" fbTx="0.07108218" lbTx="0.071083055" tId="1" fbRx="0.07108218" lbRx="0.071083055" />
<p fId="1" fbTx="0.071083055" lbTx="0.07108393" tId="4" fbRx="0.071083055" lbRx="0.07108393" />
<p fId="3" fbTx="0.071182096" lbTx="0.07118218" tId="0" fbRx="0.081182096" lbRx="0.08118218" />
<p fId="0" fbTx="0.07118218" lbTx="0.071183055" tId="1" fbRx="0.07118218" lbRx="0.071183055" />
<p fId="1" fbTx="0.071183055" lbTx="0.07118393" tId="4" fbRx="0.071183055" lbRx="0.07118393" />
<pr uId="49" fId="4" fbTx="0.071214286" />
<wpr uId="49" tId="5" fbRx="0.071214286" lbRx="0" />
<wpr uId="49" tId="6" fbRx="0.071214286" lbRx="0" />
<p fId="3" fbTx="0.071282096" lbTx="0.07128218" tId="0" fbRx="0.081282096" lbRx="0.08128218" />
<p fId="0" fbTx="0.07128218" lbTx="0.071283055" tId="1" fbRx="0.07128218" lbRx="0.071283055" />
<p fId="1" fbTx="0.071283055" lbTx="0.07128393" tId="4" fbRx="0.071283055" lbRx="0.07128393" />
<p fId="3" fbTx="0.071382096" lbTx="0.07138218" tId="0" fbRx="0.081382096" lbRx="0.08138218" />
<p fId="0" fbTx="0.07138218" lbTx="0.071383055" tId="1" fbRx="0.07138218" lbRx="0.071383055" />
<p fId="1" fbTx="0.071383055" lbTx="0.07138393" tId="4" fbRx="0.071383055" lbRx="0.07138393" />
<p fId="3" fbTx="0.071482096" lbTx="0.07148218" tId="0" fbRx="0.081482096" lbRx="0.08148218" />
<p fId="0" fbTx="0.07148218" lbTx="0.071483055" tId="1" fbRx="0.07148218" lbRx="0.071483055" />
<p fId="1" fbTx="0.071483055" lbTx="0.07148393" tId="4" fbRx="0.071483055" lbRx="0.07148393" />
<p fId="3" fbTx="0.071582096" lbTx="0.07158218" tId="0" fbRx="0.081582096" lbRx="0.08158218" />
<p fId="0" fbTx="0.07158218" lbTx="0.071583055" tId="1" fbRx="0.07158218" lbRx="0.071583055" />
<p fId="1" fbTx="0.071583055" lbTx="0.07158393" tId="4" fbRx="0.071583055" lbRx="0.07158393" />
<p fId="3" fbTx="0.071682096" lbTx="0.07168218" tId="0" fbRx="0.081682096" lbRx="0.08168218" />
<p fId="0" fbTx="0.07168218" lbTx="0.071683055" tId="1" fbRx="0.07168218" lbRx="0.071683055" />
<p fId="1" fbTx="0.071683055" lbTx="0.07168393" tId="4" fbRx="0.071683055" lbRx="0.07168393" />
<p fId="3" fbTx="0.071782096" lbTx="0.07178218" tId="0" fbRx="0.081782096" lbRx="0.08178218" />
<p fId="0" fbTx="0.07178218" lbTx="0.071783055" tId="1" fbRx="0.07178218" lbRx="0.071783055" />
<p fId="1" fbTx="0.071783055" lbTx="0.07178393" tId="4" fbRx="0.071783055" lbRx="0.07178393" />
<p fId="3" fbTx="0.071882096" lbTx="0.07188218" tId="0" fbRx="0.081882096" lbRx="0.08188218" />
<p fId="0" fbTx="0.07188218" lbTx="0.071883055" tId="1" fbRx="0.07188218" lbRx="0.071883055" />
<p fId="1" fbTx="0.071883055" lbTx="0.07188393" tId="4" fbRx="0.071883055" lbRx="0.07188393" />
<p fId="3" fbTx="0.071982096" lbTx="0.07198218" tId="0" fbRx="0.081982096" lbRx="0.08198218" />
<p fId="0" fbTx="0.07198218" lbTx="0.071983055" tId="1" fbRx="0.07198218" lbRx="0.071983055" />
<p fId="1" fbTx="0.071983055" lbTx="0.07198393" tId="4" fbRx="0.071983055" lbRx="0.07198393" />
<p fId="3" fbTx="0.072082096" lbTx="0.07208218" tId="0" fbRx="0.082082096" lbRx="0.08208218" />
<p fId="0" fbTx="0.07208218" lbTx="0.072083055" tId="1" fbRx="0.07208218" lbRx="0.072083055" />
<p fId="1" fbTx="0.072083055" lbTx="0.07208393" tId="4" fbRx="0.072083055" lbRx="0.07208393" />
<p fId="3" fbTx="0.072182096" lbTx="0.07218218" tId="0" fbRx="0.082182096" lbRx="0.08218218" />
<p fId="0" fbTx="0.07218218" lbTx="0.072183055" tId="1" fbRx="0.07218218" lbRx="0.072183055" />
<p fId="1" fbTx="0.072183055" lbTx="0.07218393" tId="4" fbRx="0.072183055" lbRx="0.07218393" />
<pr uId="50" fId="4" fbTx="0.072214286" />
<wpr uId="50" tId="5" fbRx="0.072214286" lbRx="0" />
<wpr uId="50" tId="6" fbRx="0.072214286" lbRx="0" />
<p fId="3" fbTx="0.072282096" lbTx="0.07228218" tId="0" fbRx="0.082282096" lbRx="0.08228218" />
<p fId="0" fbTx="0.07228218" lbTx="0.072283055" tId="1" fbRx="0.07228218" lbRx="0.072283055" />
<p fId="1" fbTx="0.072283055" lbTx="0.07228393" tId="4" fbRx="0.072283055" lbRx="0.07228393" />
<p fId="3" fbTx="0.072382096" lbTx="0.07238218" tId="0" fbRx="0.082382096" lbRx="0.08238218" />
<p fId="0" fbTx="0.07238218" lbTx="0.072383055" tId="1" fbRx="0.07238218" lbRx="0.072383055" />
<p fId="1" fbTx="0.072383055" lbTx="0.07238393" tId="4" fbRx="0.072383055" lbRx="0.07238393" />
<p fId="3" fbTx="0.072482096" lbTx="0.07248218" tId="0" fbRx="0.082482096" lbRx="0.08248218" />
<p fId="0" fbTx="0.07248218" lbTx="0.072483055" tId="1" fbRx="0.07248218" lbRx="0.072483055" />
<p fId="1" fbTx="0.072483055" lbTx="0.07248393" tId="4" fbRx="0.072483055" lbRx="0.07248393" />
<p fId="3" fbTx="0.072582096" lbTx="0.07258218" tId="0" fbRx="0.082582096" lbRx="0.08258218" />
<p fId="0" fbTx="0.07258218" lbTx="0.072583055" tId="1" fbRx="0.07258218" lbRx="0.072583055" />
<p fId="1" fbTx="0.072583055" lbTx="0.07258393" tId="4" fbRx="0.072583055" lbRx="0.07258393" />
<p fId="3" fbTx="0.072682096" lbTx="0.07268218" tId="0" fbRx="0.082682096" lbRx="0.08268218" />
<p fId="0" fbTx="0.07268218" lbTx="0.072683055" tId="1" fbRx="0.07268218" lbRx="0.072683055" />
<p fId="1" fbTx="0.072683055" lbTx="0.07268393" tId="4" fbRx="0.072683055" lbRx="0.07268393" />
<p fId="3" fbTx="0.072782096" lbTx="0.07278218" tId="0" fbRx="0.082782096" lbRx="0.08278218" />
<p fId="0" fbTx="0.07278218" lbTx="0.072783055" tId="1" fbRx="0.07278218" lbRx="0.072783055" />
<p fId="1" fbTx="0.072783055" lbTx="0.07278393" tId="4" fbRx="0.072783055" lbRx="0.07278393" />
<p fId="3" fbTx="0.072882096" lbTx="0.07288218" tId="0" fbRx="0.082882096" lbRx="0.08288218" />
<p fId="0" fbTx="0.07288218" lbTx="0.072883055" tId="1" fbRx="0.07288218" lbRx="0.072883055" />
<p fId="1" fbTx="0.072883055" lbTx="0.07288393" tId="4" fbRx="0.072883055" lbRx="0.07288393" />
<p fId="3" fbTx="0.072982096" lbTx="0.07298218" tId="0" fbRx="0.082982096" lbRx="0.08298218" />
<p fId="0" fbTx="0.07298218" lbTx="0.072983055" tId="1" fbRx="0.07298218" lbRx="0.072983055" />
<p fId="1" fbTx="0.072983055" lbTx="0.07298393" tId="4" fbRx="0.072983055" lbRx="0.07298393" />
<p fId="3" fbTx="0.073082096" lbTx="0.07308218" tId="0" fbRx="0.083082096" lbRx="0.08308218" />
<p fId="0" fbTx="0.07308218" lbTx="0.073083055" tId="1" fbRx="0.07308218" lbRx="0.073083055" />
<p fId="1" fbTx="0.073083055" lbTx="0.07308393" tId="4" fbRx="0.073083055" lbRx="0.07308393" />
<p fId="3" fbTx="0.073182096" lbTx="0.07318218" tId="0" fbRx="0.083182096" lbRx="0.08318218" />
<p fId="0" fbTx="0.07318218" lbTx="0.073183055" tId="1" fbRx="0.07318218" lbRx="0.073183055" />
<p fId="1" fbTx="0.073183055" lbTx="0.07318393" tId="4" fbRx="0.073183055" lbRx="0.07318393" />
<pr uId="51" fId="4" fbTx="0.073214286" />
<wpr uId="51" tId="5" fbRx="0.073214286" lbRx="0" />
<wpr uId="51" tId="6" fbRx="0.073214286" lbRx="0" />
<p fId="3" fbTx="0.073282096" lbTx="0.07328218" tId="0" fbRx="0.083282096" lbRx="0.08328218" />
<p fId="0" fbTx="0.07328218" lbTx="0.073283055" tId="1" fbRx="0.07328218" lbRx="0.073283055" />
<p fId="1" fbTx="0.073283055" lbTx="0.07328393" tId="4" fbRx="0.073283055" lbRx="0.07328393" />
<p fId="3" fbTx="0.073382096" lbTx="0.07338218" tId="0" fbRx="0.083382096" lbRx="0.08338218" />
<p fId="0" fbTx="0.07338218" lbTx="0.073383055" tId="1" fbRx="0.07338218" lbRx="0.073383055" />
<p fId="1" fbTx="0.073383055" lbTx="0.07338393" tId="4" fbRx="0.073383055" lbRx="0.07338393" />
<p fId="3" fbTx="0.073482096" lbTx="0.07348218" tId="0" fbRx="0.083482096" lbRx="0.08348218" />
<p fId="0" fbTx="0.07348218" lbTx="0.073483055" tId="1" fbRx="0.07348218" lbRx="0.073483055" />
<p fId="1" fbTx="0.073483055" lbTx="0.07348393" tId="4" fbRx="0.073483055" lbRx="0.07348393" />
<p fId="3" fbTx="0.073582096" lbTx="0.07358218" tId="0" fbRx="0.083582096" lbRx="0.08358218" />
<p fId="0" fbTx="0.07358218" lbTx="0.073583055" tId="1" fbRx="0.07358218" lbRx="0.073583055" />
<p fId="1" fbTx="0.073583055" lbTx="0.07358393" tId="4" fbRx="0.073583055" lbRx="0.07358393" />
<p fId="3" fbTx="0.073682096" lbTx="0.07368218" tId="0" fbRx="0.083682096" lbRx="0.08368218" />
<p fId="0" fbTx="0.07368218" lbTx="0.073683055" tId="1" fbRx="0.07368218" lbRx="0.073683055" />
<p fId="1" fbTx="0.073683055" lbTx="0.07368393" tId="4" fbRx="0.073683055" lbRx="0.07368393" />
<p fId="3" fbTx="0.073782096" lbTx="0.07378218" tId="0" fbRx="0.083782096" lbRx="0.08378218" />
<p fId="0" fbTx="0.07378218" lbTx="0.073783055" tId="1" fbRx="0.07378218" lbRx="0.073783055" />
<p fId="1" fbTx="0.073783055" lbTx="0.07378393" tId="4" fbRx="0.073783055" lbRx="0.07378393" />
<p fId="3" fbTx="0.073882096" lbTx="0.07388218" tId="0" fbRx="0.083882096" lbRx="0.08388218" />
<p fId="0" fbTx="0.07388218" lbTx="0.073883055" tId="1" fbRx="0.07388218" lbRx="0.073883055" />
<p fId="1" fbTx="0.073883055" lbTx="0.07388393" tId="4" fbRx="0.073883055" lbRx="0.07388393" />
<p fId="3" fbTx="0.073982096" lbTx="0.07398218" tId="0" fbRx="0.083982096" lbRx="0.08398218" />
<p fId="0" fbTx="0.07398218" lbTx="0.073983055" tId="1" fbRx="0.07398218" lbRx="0.073983055" />
<p fId="1" fbTx="0.073983055" lbTx="0.07398393" tId="4" fbRx="0.073983055" lbRx="0.07398393" />
<p fId="3" fbTx="0.074082096" lbTx="0.07408218" tId="0" fbRx="0.084082096" lbRx="0.08408218" />
<p fId="0" fbTx="0.07408218" lbTx="0.074083055" tId="1" fbRx="0.07408218" lbRx="0.074083055" />
<p fId="1" fbTx="0.074083055" lbTx="0.07408393" tId="4" fbRx="0.074083055" lbRx="0.07408393" />
<p fId="3" fbTx="0.074182096" lbTx="0.07418218" tId="0" fbRx="0.084182096" lbRx="0.08418218" />
<p fId="0" fbTx="0.07418218" lbTx="0.074183055" tId="1" fbRx="0.07418218" lbRx="0.074183055" />
<p fId="1" fbTx="0.074183055" lbTx="0.07418393" tId="4" fbRx="0.074183055" lbRx="0.07418393" />
<pr uId="52" fId="4" fbTx="0.074214286" />
<wpr uId="52" tId="5" fbRx="0.074214286" lbRx="0" />
<wpr uId="52" tId="6" fbRx="0.074214286" lbRx="0" />
<p fId="3" fbTx="0.074282096" lbTx="0.07428218" tId="0" fbRx="0.084282096" lbRx="0.08428218" />
<p fId="0" fbTx="0.07428218" lbTx="0.074283055" tId="1" fbRx="0.07428218" lbRx="0.074283055" />
<p fId="1" fbTx="0.074283055" lbTx="0.07428393" tId="4" fbRx="0.074283055" lbRx="0.07428393" />
<p fId="3" fbTx="0.074382096" lbTx="0.07438218" tId="0" fbRx="0.084382096" lbRx="0.08438218" />
<p fId="0" fbTx="0.07438218" lbTx="0.074383055" tId="1" fbRx="0.07438218" lbRx="0.074383055" />
<p fId="1" fbTx="0.074383055" lbTx="0.07438393" tId="4" fbRx="0.074383055" lbRx="0.07438393" />
<p fId="3" fbTx="0.074482096" lbTx="0.07448218" tId="0" fbRx="0.084482096" lbRx="0.08448218" />
<p fId="0" fbTx="0.07448218" lbTx="0.074483055" tId="1" fbRx="0.07448218" lbRx="0.074483055" />
<p fId="1" fbTx="0.074483055" lbTx="0.07448393" tId="4" fbRx="0.074483055" lbRx="0.07448393" />
<p fId="3" fbTx="0.074582096" lbTx="0.07458218" tId="0" fbRx="0.084582096" lbRx="0.08458218" />
<p fId="0" fbTx="0.07458218" lbTx="0.074583055" tId="1" fbRx="0.07458218" lbRx="0.074583055" />
<p fId="1" fbTx="0.074583055" lbTx="0.07458393" tId="4" fbRx="0.074583055" lbRx="0.07458393" />
<p fId="3" fbTx="0.074682096" lbTx="0.07468218" tId="0" fbRx="0.084682096" lbRx="0.08468218" />
<p fId="0" fbTx="0.07468218" lbTx="0.074683055" tId="1" fbRx="0.07468218" lbRx="0.074683055" />
<p fId="1" fbTx="0.074683055" lbTx="0.07468393" tId="4" fbRx="0.074683055" lbRx="0.07468393" />
<p fId="3" fbTx="0.074782096" lbTx="0.07478218" tId="0" fbRx="0.084782096" lbRx="0.08478218" />
<p fId="0" fbTx="0.07478218" lbTx="0.074783055" tId="1" fbRx="0.07478218" lbRx="0.074783055" />
<p fId="1" fbTx="0.074783055" lbTx="0.07478393" tId="4" fbRx="0.074783055" lbRx="0.07478393" />
<p fId="3" fbTx="0.074882096" lbTx="0.07488218" tId="0" fbRx="0.084882096" lbRx="0.08488218" />
<p fId="0" fbTx="0.07488218" lbTx="0.074883055" tId="1" fbRx="0.07488218" lbRx="0.074883055" />
<p fId="1" fbTx="0.074883055" lbTx="0.07488393" tId="4" fbRx="0.074883055" lbRx="0.07488393" />
<p fId="3" fbTx="0.074982096" lbTx="0.07498218" tId="0" fbRx="0.084982096" lbRx="0.08498218" />
<p fId="0" fbTx="0.07498218" lbTx="0.074983055" tId="1" fbRx="0.07498218" lbRx="0.074983055" />
<p fId="1" fbTx="0.074983055" lbTx="0.07498393" tId="4" fbRx="0.074983055" lbRx="0.07498393" />
<p fId="3" fbTx="0.075082096" lbTx="0.07508218" tId="0" fbRx="0.085082096" lbRx="0.08508218" />
<p fId="0" fbTx="0.07508218" lbTx="0.075083055" tId="1" fbRx="0.07508218" lbRx="0.075083055" />
<p fId="1" fbTx="0.075083055" lbTx="0.07508393" tId="4" fbRx="0.075083055" lbRx="0.07508393" />
<p fId="3" fbTx="0.075182096" lbTx="0.07518218" tId="0" fbRx="0.085182096" lbRx="0.08518218" />
<p fId="0" fbTx="0.07518218" lbTx="0.075183055" tId="1" fbRx="0.07518218" lbRx="0.075183055" />
<p fId="1" fbTx="0.075183055" lbTx="0.07518393" tId="4" fbRx="0.075183055" lbRx="0.07518393" />
<pr uId="53" fId="4" fbTx="0.075214286" />
<wpr uId="53" tId="5" fbRx="0.075214286" lbRx="0" />
<wpr uId="53" tId="6" fbRx="0.075214286" lbRx="0" />
<p fId="3" fbTx="0.075282096" lbTx="0.07528218" tId="0" fbRx="0.085282096" lbRx="0.08528218" />
<p fId="0" fbTx="0.07528218" lbTx="0.075283055" tId="1" fbRx="0.07528218" lbRx="0.075283055" />
<p fId="1" fbTx="0.075283055" lbTx="0.07528393" tId="4" fbRx="0.075283055" lbRx="0.07528393" />
<p fId="3" fbTx="0.075382096" lbTx="0.07538218" tId="0" fbRx="0.085382096" lbRx="0.08538218" />
<p fId="0" fbTx="0.07538218" lbTx="0.075383055" tId="1" fbRx="0.07538218" lbRx="0.075383055" />
<p fId="1" fbTx="0.075383055" lbTx="0.07538393" tId="4" fbRx="0.075383055" lbRx="0.07538393" />
<p fId="3" fbTx="0.075482096" lbTx="0.07548218" tId="0" fbRx="0.085482096" lbRx="0.08548218" />
<p fId="0" fbTx="0.07548218" lbTx="0.075483055" tId="1" fbRx="0.07548218" lbRx="0.075483055" />
<p fId="1" fbTx="0.075483055" lbTx="0.07548393" tId="4" fbRx="0.075483055" lbRx="0.07548393" />
<p fId="3" fbTx="0.075582096" lbTx="0.07558218" tId="0" fbRx="0.085582096" lbRx="0.08558218" />
<p fId="0" fbTx="0.07558218" lbTx="0.075583055" tId="1" fbRx="0.07558218" lbRx="0.075583055" />
<p fId="1" fbTx="0.075583055" lbTx="0.07558393" tId="4" fbRx="0.075583055" lbRx="0.07558393" />
<p fId="3" fbTx="0.075682096" lbTx="0.07568218" tId="0" fbRx="0.085682096" lbRx="0.08568218" />
<p fId="0" fbTx="0.07568218" lbTx="0.075683055" tId="1" fbRx="0.07568218" lbRx="0.075683055" />
<p fId="1" fbTx="0.075683055" lbTx="0.07568393" tId="4" fbRx="0.075683055" lbRx="0.07568393" />
<p fId="3" fbTx="0.075782096" lbTx="0.07578218" tId="0" fbRx="0.085782096" lbRx="0.08578218" />
<p fId="0" fbTx="0.07578218" lbTx="0.075783055" tId="1" fbRx="0.07578218" lbRx="0.075783055" />
<p fId="1" fbTx="0.075783055" lbTx="0.07578393" tId="4" fbRx="0.075783055" lbRx="0.07578393" />
<p fId="3" fbTx="0.075882096" lbTx="0.07588218" tId="0" fbRx="0.085882096" lbRx="0.08588218" />
<p fId="0" fbTx="0.07588218" lbTx="0.075883055" tId="1" fbRx="0.07588218" lbRx="0.075883055" />
<p fId="1" fbTx="0.075883055" lbTx="0.07588393" tId="4" fbRx="0.075883055" lbRx="0.07588393" />
<p fId="3" fbTx="0.075982096" lbTx="0.07598218" tId="0" fbRx="0.085982096" lbRx="0.08598218" />
<p fId="0" fbTx="0.07598218" lbTx="0.075983055" tId="1" fbRx="0.07598218" lbRx="0.075983055" />
<p fId="1" fbTx="0.075983055" lbTx="0.07598393" tId="4" fbRx="0.075983055" lbRx="0.07598393" />
<p fId="3" fbTx="0.076082096" lbTx="0.07608218" tId="0" fbRx="0.086082096" lbRx="0.08608218" />
<p fId="0" fbTx="0.07608218" lbTx="0.076083055" tId="1" fbRx="0.07608218" lbRx="0.076083055" />
<p fId="1" fbTx="0.076083055" lbTx="0.07608393" tId="4" fbRx="0.076083055" lbRx="0.07608393" />
<p fId="3" fbTx="0.076182096" lbTx="0.07618218" tId="0" fbRx="0.086182096" lbRx="0.08618218" />
<p fId="0" fbTx="0.07618218" lbTx="0.076183055" tId="1" fbRx="0.07618218" lbRx="0.076183055" />
<p fId="1" fbTx="0.076183055" lbTx="0.07618393" tId="4" fbRx="0.076183055" lbRx="0.07618393" />
<pr uId="54" fId="4" fbTx="0.076214286" />
<wpr uId="54" tId="5" fbRx="0.076214286" lbRx="0" />
<wpr uId="54" tId="6" fbRx="0.076214286" lbRx="0" />
<p fId="3" fbTx="0.076282096" lbTx="0.07628218" tId="0" fbRx="0.086282096" lbRx="0.08628218" />
<p fId="0" fbTx="0.07628218" lbTx="0.076283055" tId="1" fbRx="0.07628218" lbRx="0.076283055" />
<p fId="1" fbTx="0.076283055" lbTx="0.07628393" tId="4" fbRx="0.076283055" lbRx="0.07628393" />
<p fId="3" fbTx="0.076382096" lbTx="0.07638218" tId="0" fbRx="0.086382096" lbRx="0.08638218" />
<p fId="0" fbTx="0.07638218" lbTx="0.076383055" tId="1" fbRx="0.07638218" lbRx="0.076383055" />
<p fId="1" fbTx="0.076383055" lbTx="0.07638393" tId="4" fbRx="0.076383055" lbRx="0.07638393" />
<p fId="3" fbTx="0.076482096" lbTx="0.07648218" tId="0" fbRx="0.086482096" lbRx="0.08648218" />
<p fId="0" fbTx="0.07648218" lbTx="0.076483055" tId="1" fbRx="0.07648218" lbRx="0.076483055" />
<p fId="1" fbTx="0.076483055" lbTx="0.07648393" tId="4" fbRx="0.076483055" lbRx="0.07648393" />
<p fId="3" fbTx="0.076582096" lbTx="0.07658218" tId="0" fbRx="0.086582096" lbRx="0.08658218" />
<p fId="0" fbTx="0.07658218" lbTx="0.076583055" tId="1" fbRx="0.07658218" lbRx="0.076583055" />
<p fId="1" fbTx="0.076583055" lbTx="0.07658393" tId="4" fbRx="0.076583055" lbRx="0.07658393" />
<p fId="3" fbTx="0.076682096" lbTx="0.07668218" tId="0" fbRx="0.086682096" lbRx="0.08668218" />
<p fId="0" fbTx="0.07668218" lbTx="0.076683055" tId="1" fbRx="0.07668218" lbRx="0.076683055" />
<p fId="1" fbTx="0.076683055" lbTx="0.07668393" tId="4" fbRx="0.076683055" lbRx="0.07668393" />
<p fId="3" fbTx="0.076782096" lbTx="0.07678218" tId="0" fbRx="0.086782096" lbRx="0.08678218" />
<p fId="0" fbTx="0.07678218" lbTx="0.076783055" tId="1" fbRx="0.07678218" lbRx="0.076783055" />
<p fId="1" fbTx="0.076783055" lbTx="0.07678393" tId="4" fbRx="0.076783055" lbRx="0.07678393" />
<p fId="3" fbTx="0.076882096" lbTx="0.07688218" tId="0" fbRx="0.086882096" lbRx="0.08688218" />
<p fId="0" fbTx="0.07688218" lbTx="0.076883055" tId="1" fbRx="0.07688218" lbRx="0.076883055" />
<p fId="1" fbTx="0.076883055" lbTx="0.07688393" tId="4" fbRx="0.076883055" lbRx="0.07688393" />
<p fId="3" fbTx="0.076982096" lbTx="0.07698218" tId="0" fbRx="0.086982096" lbRx="0.08698218" />
<p fId="0" fbTx="0.07698218" lbTx="0.076983055" tId="1" fbRx="0.07698218" lbRx="0.076983055" />
<p fId="1" fbTx="0.076983055" lbTx="0.07698393" tId="4" fbRx="0.076983055" lbRx="0.07698393" />
<p fId="3" fbTx="0.077082096" lbTx="0.07708218" tId="0" fbRx="0.087082096" lbRx="0.08708218" />
<p fId="0" fbTx="0.07708218" lbTx="0.077083055" tId="1" fbRx="0.07708218" lbRx="0.077083055" />
<p fId="1" fbTx="0.077083055" lbTx="0.07708393" tId="4" fbRx="0.077083055" lbRx="0.07708393" />
<p fId="3" fbTx="0.077182096" lbTx="0.07718218" tId="0" fbRx="0.087182096" lbRx="0.08718218" />
<p fId="0" fbTx="0.07718218" lbTx="0.077183055" tId="1" fbRx="0.07718218" lbRx="0.077183055" />
<p fId="1" fbTx="0.077183055" lbTx="0.07718393" tId="4" fbRx="0.077183055" lbRx="0.07718393" />
<pr uId="55" fId="4" fbTx="0.077214286" />
<wpr uId="55" tId="5" fbRx="0.077214286" lbRx="0" />
<wpr uId="55" tId="6" fbRx="0.077214286" lbRx="0" />
<p fId="3" fbTx="0.077282096" lbTx="0.07728218" tId="0" fbRx="0.087282096" lbRx="0.08728218" />
<p fId="0" fbTx="0.07728218" lbTx="0.077283055" tId="1" fbRx="0.07728218" lbRx="0.077283055" />
<p fId="1" fbTx="0.077283055" lbTx="0.07728393" tId="4" fbRx="0.077283055" lbRx="0.07728393" />
<p fId="3" fbTx="0.077382096" lbTx="0.07738218" tId="0" fbRx="0.087382096" lbRx="0.08738218" />
<p fId="0" fbTx="0.07738218" lbTx="0.077383055" tId="1" fbRx="0.07738218" lbRx="0.077383055" />
<p fId="1" fbTx="0.077383055" lbTx="0.07738393" tId="4" fbRx="0.077383055" lbRx="0.07738393" />
<p fId="3" fbTx="0.077482096" lbTx="0.07748218" tId="0" fbRx="0.087482096" lbRx="0.08748218" />
<p fId="0" fbTx="0.07748218" lbTx="0.077483055" tId="1" fbRx="0.07748218" lbRx="0.077483055" />
<p fId="1" fbTx="0.077483055" lbTx="0.07748393" tId="4" fbRx="0.077483055" lbRx="0.07748393" />
<p fId="3" fbTx="0.077582096" lbTx="0.07758218" tId="0" fbRx="0.087582096" lbRx="0.08758218" />
<p fId="0" fbTx="0.07758218" lbTx="0.077583055" tId="1" fbRx="0.07758218" lbRx="0.077583055" />
<p fId="1" fbTx="0.077583055" lbTx="0.07758393" tId="4" fbRx="0.077583055" lbRx="0.07758393" />
<p fId="3" fbTx="0.077682096" lbTx="0.07768218" tId="0" fbRx="0.087682096" lbRx="0.08768218" />
<p fId="0" fbTx="0.07768218" lbTx="0.077683055" tId="1" fbRx="0.07768218" lbRx="0.077683055" />
<p fId="1" fbTx="0.077683055" lbTx="0.07768393" tId="4" fbRx="0.077683055" lbRx="0.07768393" />
<p fId="3" fbTx="0.077782096" lbTx="0.07778218" tId="0" fbRx="0.087782096" lbRx="0.08778218" />
<p fId="0" fbTx="0.07778218" lbTx="0.077783055" tId="1" fbRx="0.07778218" lbRx="0.077783055" />
<p fId="1" fbTx="0.077783055" lbTx="0.07778393" tId="4" fbRx="0.077783055" lbRx="0.07778393" />
<p fId="3" fbTx="0.077882096" lbTx="0.07788218" tId="0" fbRx="0.087882096" lbRx="0.08788218" />
<p fId="0" fbTx="0.07788218" lbTx="0.077883055" tId="1" fbRx="0.07788218" lbRx="0.077883055" />
<p fId="1" fbTx="0.077883055" lbTx="0.07788393" tId="4" fbRx="0.077883055" lbRx="0.07788393" />
<p fId="3" fbTx="0.077982096" lbTx="0.07798218" tId="0" fbRx="0.087982096" lbRx="0.08798218" />
<p fId="0" fbTx="0.07798218" lbTx="0.077983055" tId="1" fbRx="0.07798218" lbRx="0.077983055" />
<p fId="1" fbTx="0.077983055" lbTx="0.07798393" tId="4" fbRx="0.077983055" lbRx="0.07798393" />
<p fId="3" fbTx="0.078082096" lbTx="0.07808218" tId="0" fbRx="0.088082096" lbRx="0.08808218" />
<p fId="0" fbTx="0.07808218" lbTx="0.078083055" tId="1" fbRx="0.07808218" lbRx="0.078083055" />
<p fId="1" fbTx="0.078083055" lbTx="0.07808393" tId="4" fbRx="0.078083055" lbRx="0.07808393" />
<p fId="3" fbTx="0.078182096" lbTx="0.07818218" tId="0" fbRx="0.088182096" lbRx="0.08818218" />
<p fId="0" fbTx="0.07818218" lbTx="0.078183055" tId="1" fbRx="0.07818218" lbRx="0.078183055" />
<p fId="1" fbTx="0.078183055" lbTx="0.07818393" tId="4" fbRx="0.078183055" lbRx="0.07818393" />
<pr uId="56" fId="4" fbTx="0.078214286" />
<wpr uId="56" tId="5" fbRx="0.078214286" lbRx="0" />
<wpr uId="56" tId="6" fbRx="0.078214286" lbRx="0" />
<p fId="3" fbTx="0.078282096" lbTx="0.07828218" tId="0" fbRx="0.088282096" lbRx="0.08828218" />
<p fId="0" fbTx="0.07828218" lbTx="0.078283055" tId="1" fbRx="0.07828218" lbRx="0.078283055" />
<p fId="1" fbTx="0.078283055" lbTx="0.07828393" tId="4" fbRx="0.078283055" lbRx="0.07828393" />
<p fId="3" fbTx="0.078382096" lbTx="0.07838218" tId="0" fbRx="0.088382096" lbRx="0.08838218" />
<p fId="0" fbTx="0.07838218" lbTx="0.078383055" tId="1" fbRx="0.07838218" lbRx="0.078383055" />
<p fId="1" fbTx="0.078383055" lbTx="0.07838393" tId="4" fbRx="0.078383055" lbRx="0.07838393" />
<p fId="3" fbTx="0.078482096" lbTx="0.07848218" tId="0" fbRx="0.088482096" lbRx="0.08848218" />
<p fId="0" fbTx="0.07848218" lbTx="0.078483055" tId="1" fbRx="0.07848218" lbRx="0.078483055" />
<p fId="1" fbTx="0.078483055" lbTx="0.07848393" tId="4" fbRx="0.078483055" lbRx="0.07848393" />
<p fId="3" fbTx="0.078582096" lbTx="0.07858218" tId="0" fbRx="0.088582096" lbRx="0.08858218" />
<p fId="0" fbTx="0.07858218" lbTx="0.078583055" tId="1" fbRx="0.07858218" lbRx="0.078583055" />
<p fId="1" fbTx="0.078583055" lbTx="0.07858393" tId="4" fbRx="0.078583055" lbRx="0.07858393" />
<p fId="3" fbTx="0.078682096" lbTx="0.07868218" tId="0" fbRx="0.088682096" lbRx="0.08868218" />
<p fId="0" fbTx="0.07868218" lbTx="0.078683055" tId="1" fbRx="0.07868218" lbRx="0.078683055" />
<p fId="1" fbTx="0.078683055" lbTx="0.07868393" tId="4" fbRx="0.078683055" lbRx="0.07868393" />
<p fId="3" fbTx="0.078782096" lbTx="0.07878218" tId="0" fbRx="0.088782096" lbRx="0.08878218" />
<p fId="0" fbTx="0.07878218" lbTx="0.078783055" tId="1" fbRx="0.07878218" lbRx="0.078783055" />
<p fId="1" fbTx="0.078783055" lbTx="0.07878393" tId="4" fbRx="0.078783055" lbRx="0.07878393" />
<p fId="3" fbTx="0.078882096" lbTx="0.07888218" tId="0" fbRx="0.088882096" lbRx="0.08888218" />
<p fId="0" fbTx="0.07888218" lbTx="0.078883055" tId="1" fbRx="0.07888218" lbRx="0.078883055" />
<p fId="1" fbTx="0.078883055" lbTx="0.07888393" tId="4" fbRx="0.078883055" lbRx="0.07888393" />
<p fId="3" fbTx="0.078982096" lbTx="0.07898218" tId="0" fbRx="0.088982096" lbRx="0.08898218" />
<p fId="0" fbTx="0.07898218" lbTx="0.078983055" tId="1" fbRx="0.07898218" lbRx="0.078983055" />
<p fId="1" fbTx="0.078983055" lbTx="0.07898393" tId="4" fbRx="0.078983055" lbRx="0.07898393" />
<p fId="3" fbTx="0.079082096" lbTx="0.07908218" tId="0" fbRx="0.089082096" lbRx="0.08908218" />
<p fId="0" fbTx="0.07908218" lbTx="0.079083055" tId="1" fbRx="0.07908218" lbRx="0.079083055" />
<p fId="1" fbTx="0.079083055" lbTx="0.07908393" tId="4" fbRx="0.079083055" lbRx="0.07908393" />
<p fId="3" fbTx="0.079182096" lbTx="0.07918218" tId="0" fbRx="0.089182096" lbRx="0.08918218" />
<p fId="0" fbTx="0.07918218" lbTx="0.079183055" tId="1" fbRx="0.07918218" lbRx="0.079183055" />
<p fId="1" fbTx="0.079183055" lbTx="0.07918393" tId="4" fbRx="0.079183055" lbRx="0.07918393" />
<pr uId="57" fId="4" fbTx="0.079214286" />
<wpr uId="57" tId="5" fbRx="0.079214286" lbRx="0" />
<wpr uId="57" tId="6" fbRx="0.079214286" lbRx="0" />
<p fId="3" fbTx="0.079282096" lbTx="0.07928218" tId="0" fbRx="0.089282096" lbRx="0.08928218" />
<p fId="0" fbTx="0.07928218" lbTx="0.079283055" tId="1" fbRx="0.07928218" lbRx="0.079283055" />
<p fId="1" fbTx="0.079283055" lbTx="0.07928393" tId="4" fbRx="0.079283055" lbRx="0.07928393" />
<p fId="3" fbTx="0.079382096" lbTx="0.07938218" tId="0" fbRx="0.089382096" lbRx="0.08938218" />
<p fId="0" fbTx="0.07938218" lbTx="0.079383055" tId="1" fbRx="0.07938218" lbRx="0.079383055" />
<p fId="1" fbTx="0.079383055" lbTx="0.07938393" tId="4" fbRx="0.079383055" lbRx="0.07938393" />
<p fId="3" fbTx="0.079482096" lbTx="0.07948218" tId="0" fbRx="0.089482096" lbRx="0.08948218" />
<p fId="0" fbTx="0.07948218" lbTx="0.079483055" tId="1" fbRx="0.07948218" lbRx="0.079483055" />
<p fId="1" fbTx="0.079483055" lbTx="0.07948393" tId="4" fbRx="0.079483055" lbRx="0.07948393" />
<p fId="3" fbTx="0.079582096" lbTx="0.07958218" tId="0" fbRx="0.089582096" lbRx="0.08958218" />
<p fId="0" fbTx="0.07958218" lbTx="0.079583055" tId="1" fbRx="0.07958218" lbRx="0.079583055" />
<p fId="1" fbTx="0.079583055" lbTx="0.07958393" tId="4" fbRx="0.079583055" lbRx="0.07958393" />
<p fId="3" fbTx="0.079682096" lbTx="0.07968218" tId="0" fbRx="0.089682096" lbRx="0.08968218" />
<p fId="0" fbTx="0.07968218" lbTx="0.079683055" tId="1" fbRx="0.07968218" lbRx="0.079683055" />
<p fId="1" fbTx="0.079683055" lbTx="0.07968393" tId="4" fbRx="0.079683055" lbRx="0.07968393" />
<p fId="3" fbTx="0.079782096" lbTx="0.07978218" tId="0" fbRx="0.089782096" lbRx="0.08978218" />
<p fId="0" fbTx="0.07978218" lbTx="0.079783055" tId="1" fbRx="0.07978218" lbRx="0.079783055" />
<p fId="1" fbTx="0.079783055" lbTx="0.07978393" tId="4" fbRx="0.079783055" lbRx="0.07978393" />
<p fId="3" fbTx="0.079882096" lbTx="0.07988218" tId="0" fbRx="0.089882096" lbRx="0.08988218" />
<p fId="0" fbTx="0.07988218" lbTx="0.079883055" tId="1" fbRx="0.07988218" lbRx="0.079883055" />
<p fId="1" fbTx="0.079883055" lbTx="0.07988393" tId="4" fbRx="0.079883055" lbRx="0.07988393" />
<p fId="3" fbTx="0.079982096" lbTx="0.07998218" tId="0" fbRx="0.089982096" lbRx="0.08998218" />
<p fId="0" fbTx="0.07998218" lbTx="0.079983055" tId="1" fbRx="0.07998218" lbRx="0.079983055" />
<p fId="1" fbTx="0.079983055" lbTx="0.07998393" tId="4" fbRx="0.079983055" lbRx="0.07998393" />
<p fId="3" fbTx="0.080082096" lbTx="0.08008218" tId="0" fbRx="0.090082096" lbRx="0.09008218" />
<p fId="0" fbTx="0.08008218" lbTx="0.080083055" tId="1" fbRx="0.08008218" lbRx="0.080083055" />
<p fId="1" fbTx="0.080083055" lbTx="0.08008393" tId="4" fbRx="0.080083055" lbRx="0.08008393" />
<p fId="3" fbTx="0.080182096" lbTx="0.08018218" tId="0" fbRx="0.090182096" lbRx="0.09018218" />
<p fId="0" fbTx="0.08018218" lbTx="0.080183055" tId="1" fbRx="0.08018218" lbRx="0.080183055" />
<p fId="1" fbTx="0.080183055" lbTx="0.08018393" tId="4" fbRx="0.080183055" lbRx="0.08018393" />
<pr uId="58" fId="4" fbTx="0.080214286" />
<wpr uId="58" tId="5" fbRx="0.080214286" lbRx="0" />
<wpr uId="58" tId="6" fbRx="0.080214286" lbRx="0" />
<p fId="3" fbTx="0.080282096" lbTx="0.08028218" tId="0" fbRx="0.090282096" lbRx="0.09028218" />
<p fId="0" fbTx="0.08028218" lbTx="0.080283055" tId="1" fbRx="0.08028218" lbRx="0.080283055" />
<p fId="1" fbTx="0.080283055" lbTx="0.08028393" tId="4" fbRx="0.080283055" lbRx="0.08028393" />
<p fId="3" fbTx="0.080382096" lbTx="0.08038218" tId="0" fbRx="0.090382096" lbRx="0.09038218" />
<p fId="0" fbTx="0.08038218" lbTx="0.080383055" tId="1" fbRx="0.08038218" lbRx="0.080383055" />
<p fId="1" fbTx="0.080383055" lbTx="0.08038393" tId="4" fbRx="0.080383055" lbRx="0.08038393" />
<p fId="3" fbTx="0.080482096" lbTx="0.08048218" tId="0" fbRx="0.090482096" lbRx="0.09048218" />
<p fId="0" fbTx="0.08048218" lbTx="0.080483055" tId="1" fbRx="0.08048218" lbRx="0.080483055" />
<p fId="1" fbTx="0.080483055" lbTx="0.08048393" tId="4" fbRx="0.080483055" lbRx="0.08048393" />
<p fId="3" fbTx="0.080582096" lbTx="0.08058218" tId="0" fbRx="0.090582096" lbRx="0.09058218" />
<p fId="0" fbTx="0.08058218" lbTx="0.080583055" tId="1" fbRx="0.08058218" lbRx="0.080583055" />
<p fId="1" fbTx="0.080583055" lbTx="0.08058393" tId="4" fbRx="0.080583055" lbRx="0.08058393" />
<p fId="3" fbTx="0.080682096" lbTx="0.08068218" tId="0" fbRx="0.090682096" lbRx="0.09068218" />
<p fId="0" fbTx="0.08068218" lbTx="0.080683055" tId="1" fbRx="0.08068218" lbRx="0.080683055" />
<p fId="1" fbTx="0.080683055" lbTx="0.08068393" tId="4" fbRx="0.080683055" lbRx="0.08068393" />
<p fId="3" fbTx="0.080782096" lbTx="0.08078218" tId="0" fbRx="0.090782096" lbRx="0.09078218" />
<p fId="0" fbTx="0.08078218" lbTx="0.080783055" tId="1" fbRx="0.08078218" lbRx="0.080783055" />
<p fId="1" fbTx="0.080783055" lbTx="0.08078393" tId="4" fbRx="0.080783055" lbRx="0.08078393" />
<p fId="3" fbTx="0.080882096" lbTx="0.08088218" tId="0" fbRx="0.090882096" lbRx="0.09088218" />
<p fId="0" fbTx="0.08088218" lbTx="0.080883055" tId="1" fbRx="0.08088218" lbRx="0.080883055" />
<p fId="1" fbTx="0.080883055" lbTx="0.08088393" tId="4" fbRx="0.080883055" lbRx="0.08088393" />
<p fId="3" fbTx="0.080982096" lbTx="0.08098218" tId="0" fbRx="0.090982096" lbRx="0.09098218" />
<p fId="0" fbTx="0.08098218" lbTx="0.080983055" tId="1" fbRx="0.08098218" lbRx="0.080983055" />
<p fId="1" fbTx="0.080983055" lbTx="0.08098393" tId="4" fbRx="0.080983055" lbRx="0.08098393" />
<p fId="3" fbTx="0.081082096" lbTx="0.08108218" tId="0" fbRx="0.091082096" lbRx="0.09108218" />
<p fId="0" fbTx="0.08108218" lbTx="0.081083055" tId="1" fbRx="0.08108218" lbRx="0.081083055" />
<p fId="1" fbTx="0.081083055" lbTx="0.08108393" tId="4" fbRx="0.081083055" lbRx="0.08108393" />
<p fId="3" fbTx="0.081182096" lbTx="0.08118218" tId="0" fbRx="0.091182096" lbRx="0.09118218" />
<p fId="0" fbTx="0.08118218" lbTx="0.081183055" tId="1" fbRx="0.08118218" lbRx="0.081183055" />
<p fId="1" fbTx="0.081183055" lbTx="0.08118393" tId="4" fbRx="0.081183055" lbRx="0.08118393" />
<pr uId="59" fId="4" fbTx="0.081214286" />
<wpr uId="59" tId="5" fbRx="0.081214286" lbRx="0" />
<wpr uId="59" tId="6" fbRx="0.081214286" lbRx="0" />
<p fId="3" fbTx="0.081282096" lbTx="0.08128218" tId="0" fbRx="0.091282096" lbRx="0.09128218" />
<p fId="0" fbTx="0.08128218" lbTx="0.081283055" tId="1" fbRx="0.08128218" lbRx="0.081283055" />
<p fId="1" fbTx="0.081283055" lbTx="0.08128393" tId="4" fbRx="0.081283055" lbRx="0.08128393" />
<p fId="3" fbTx="0.081382096" lbTx="0.08138218" tId="0" fbRx="0.091382096" lbRx="0.09138218" />
<p fId="0" fbTx="0.08138218" lbTx="0.081383055" tId="1" fbRx="0.08138218" lbRx="0.081383055" />
<p fId="1" fbTx="0.081383055" lbTx="0.08138393" tId="4" fbRx="0.081383055" lbRx="0.08138393" />
<p fId="3" fbTx="0.081482096" lbTx="0.08148218" tId="0" fbRx="0.091482096" lbRx="0.09148218" />
<p fId="0" fbTx="0.08148218" lbTx="0.081483055" tId="1" fbRx="0.08148218" lbRx="0.081483055" />
<p fId="1" fbTx="0.081483055" lbTx="0.08148393" tId="4" fbRx="0.081483055" lbRx="0.08148393" />
<p fId="3" fbTx="0.081582096" lbTx="0.08158218" tId="0" fbRx="0.091582096" lbRx="0.09158218" />
<p fId="0" fbTx="0.08158218" lbTx="0.081583055" tId="1" fbRx="0.08158218" lbRx="0.081583055" />
<p fId="1" fbTx="0.081583055" lbTx="0.08158393" tId="4" fbRx="0.081583055" lbRx="0.08158393" />
<p fId="3" fbTx="0.081682096" lbTx="0.08168218" tId="0" fbRx="0.091682096" lbRx="0.09168218" />
<p fId="0" fbTx="0.08168218" lbTx="0.081683055" tId="1" fbRx="0.08168218" lbRx="0.081683055" />
<p fId="1" fbTx="0.081683055" lbTx="0.08168393" tId="4" fbRx="0.081683055" lbRx="0.08168393" />
<p fId="3" fbTx="0.081782096" lbTx="0.08178218" tId="0" fbRx="0.091782096" lbRx="0.09178218" />
<p fId="0" fbTx="0.08178218" lbTx="0.081783055" tId="1" fbRx="0.08178218" lbRx="0.081783055" />
<p fId="1" fbTx="0.081783055" lbTx="0.08178393" tId="4" fbRx="0.081783055" lbRx="0.08178393" />
<p fId="3" fbTx="0.081882096" lbTx="0.08188218" tId="0" fbRx="0.091882096" lbRx="0.09188218" />
<p fId="0" fbTx="0.08188218" lbTx="0.081883055" tId="1" fbRx="0.08188218" lbRx="0.081883055" />
<p fId="1" fbTx="0.081883055" lbTx="0.08188393" tId="4" fbRx="0.081883055" lbRx="0.08188393" />
<p fId="3" fbTx="0.081982096" lbTx="0.08198218" tId="0" fbRx="0.091982096" lbRx="0.09198218" />
<p fId="0" fbTx="0.08198218" lbTx="0.081983055" tId="1" fbRx="0.08198218" lbRx="0.081983055" />
<p fId="1" fbTx="0.081983055" lbTx="0.08198393" tId="4" fbRx="0.081983055" lbRx="0.08198393" />
<p fId="3" fbTx="0.082082096" lbTx="0.08208218" tId="0" fbRx="0.092082096" lbRx="0.09208218" />
<p fId="0" fbTx="0.08208218" lbTx="0.082083055" tId="1" fbRx="0.08208218" lbRx="0.082083055" />
<p fId="1" fbTx="0.082083055" lbTx="0.08208393" tId="4" fbRx="0.082083055" lbRx="0.08208393" />
<p fId="3" fbTx="0.082182096" lbTx="0.08218218" tId="0" fbRx="0.092182096" lbRx="0.09218218" />
<p fId="0" fbTx="0.08218218" lbTx="0.082183055" tId="1" fbRx="0.08218218" lbRx="0.082183055" />
<p fId="1" fbTx="0.082183055" lbTx="0.08218393" tId="4" fbRx="0.082183055" lbRx="0.08218393" />
<pr uId="60" fId="4" fbTx="0.082214286" />
<wpr uId="60" tId="5" fbRx="0.082214286" lbRx="0" />
<wpr uId="60" tId="6" fbRx="0.082214286" lbRx="0" />
<p fId="3" fbTx="0.082282096" lbTx="0.08228218" tId="0" fbRx="0.092282096" lbRx="0.09228218" />
<p fId="0" fbTx="0.08228218" lbTx="0.082283055" tId="1" fbRx="0.08228218" lbRx="0.082283055" />
<p fId="1" fbTx="0.082283055" lbTx="0.08228393" tId="4" fbRx="0.082283055" lbRx="0.08228393" />
<p fId="3" fbTx="0.082382096" lbTx="0.08238218" tId="0" fbRx="0.092382096" lbRx="0.09238218" />
<p fId="0" fbTx="0.08238218" lbTx="0.082383055" tId="1" fbRx="0.08238218" lbRx="0.082383055" />
<p fId="1" fbTx="0.082383055" lbTx="0.08238393" tId="4" fbRx="0.082383055" lbRx="0.08238393" />
<p fId="3" fbTx="0.082482096" lbTx="0.08248218" tId="0" fbRx="0.092482096" lbRx="0.09248218" />
<p fId="0" fbTx="0.08248218" lbTx="0.082483055" tId="1" fbRx="0.08248218" lbRx="0.082483055" />
<p fId="1" fbTx="0.082483055" lbTx="0.08248393" tId="4" fbRx="0.082483055" lbRx="0.08248393" />
<p fId="3" fbTx="0.082582096" lbTx="0.08258218" tId="0" fbRx="0.092582096" lbRx="0.09258218" />
<p fId="0" fbTx="0.08258218" lbTx="0.082583055" tId="1" fbRx="0.08258218" lbRx="0.082583055" />
<p fId="1" fbTx="0.082583055" lbTx="0.08258393" tId="4" fbRx="0.082583055" lbRx="0.08258393" />
<p fId="3" fbTx="0.082682096" lbTx="0.08268218" tId="0" fbRx="0.092682096" lbRx="0.09268218" />
<p fId="0" fbTx="0.08268218" lbTx="0.082683055" tId="1" fbRx="0.08268218" lbRx="0.082683055" />
<p fId="1" fbTx="0.082683055" lbTx="0.08268393" tId="4" fbRx="0.082683055" lbRx="0.08268393" />
<p fId="3" fbTx="0.082782096" lbTx="0.08278218" tId="0" fbRx="0.092782096" lbRx="0.09278218" />
<p fId="0" fbTx="0.08278218" lbTx="0.082783055" tId="1" fbRx="0.08278218" lbRx="0.082783055" />
<p fId="1" fbTx="0.082783055" lbTx="0.08278393" tId="4" fbRx="0.082783055" lbRx="0.08278393" />
<p fId="3" fbTx="0.082882096" lbTx="0.08288218" tId="0" fbRx="0.092882096" lbRx="0.09288218" />
<p fId="0" fbTx="0.08288218" lbTx="0.082883055" tId="1" fbRx="0.08288218" lbRx="0.082883055" />
<p fId="1" fbTx="0.082883055" lbTx="0.08288393" tId="4" fbRx="0.082883055" lbRx="0.08288393" />
<p fId="3" fbTx="0.082982096" lbTx="0.08298218" tId="0" fbRx="0.092982096" lbRx="0.09298218" />
<p fId="0" fbTx="0.08298218" lbTx="0.082983055" tId="1" fbRx="0.08298218" lbRx="0.082983055" />
<p fId="1" fbTx="0.082983055" lbTx="0.08298393" tId="4" fbRx="0.082983055" lbRx="0.08298393" />
<p fId="3" fbTx="0.083082096" lbTx="0.08308218" tId="0" fbRx="0.093082096" lbRx="0.09308218" />
<p fId="0" fbTx="0.08308218" lbTx="0.083083055" tId="1" fbRx="0.08308218" lbRx="0.083083055" />
<p fId="1" fbTx="0.083083055" lbTx="0.08308393" tId="4" fbRx="0.083083055" lbRx="0.08308393" />
<p fId="3" fbTx="0.083182096" lbTx="0.08318218" tId="0" fbRx="0.093182096" lbRx="0.09318218" />
<p fId="0" fbTx="0.08318218" lbTx="0.083183055" tId="1" fbRx="0.08318218" lbRx="0.083183055" />
<p fId="1" fbTx="0.083183055" lbTx="0.08318393" tId="4" fbRx="0.083183055" lbRx="0.08318393" />
<pr uId="61" fId="4" fbTx="0.083214286" />
<wpr uId="61" tId="5" fbRx="0.083214286" lbRx="0" />
<wpr uId="61" tId="6" fbRx="0.083214286" lbRx="0" />
<p fId="3" fbTx="0.083282096" lbTx="0.08328218" tId="0" fbRx="0.093282096" lbRx="0.09328218" />
<p fId="0" fbTx="0.08328218" lbTx="0.083283055" tId="1" fbRx="0.08328218" lbRx="0.083283055" />
<p fId="1" fbTx="0.083283055" lbTx="0.08328393" tId="4" fbRx="0.083283055" lbRx="0.08328393" />
<p fId="3" fbTx="0.083382096" lbTx="0.08338218" tId="0" fbRx="0.093382096" lbRx="0.09338218" />
<p fId="0" fbTx="0.08338218" lbTx="0.083383055" tId="1" fbRx="0.08338218" lbRx="0.083383055" />
<p fId="1" fbTx="0.083383055" lbTx="0.08338393" tId="4" fbRx="0.083383055" lbRx="0.08338393" />
<p fId="3" fbTx="0.083482096" lbTx="0.08348218" tId="0" fbRx="0.093482096" lbRx="0.09348218" />
<p fId="0" fbTx="0.08348218" lbTx="0.083483055" tId="1" fbRx="0.08348218" lbRx="0.083483055" />
<p fId="1" fbTx="0.083483055" lbTx="0.08348393" tId="4" fbRx="0.083483055" lbRx="0.08348393" />
<p fId="3" fbTx="0.083582096" lbTx="0.08358218" tId="0" fbRx="0.093582096" lbRx="0.09358218" />
<p fId="0" fbTx="0.08358218" lbTx="0.083583055" tId="1" fbRx="0.08358218" lbRx="0.083583055" />
<p fId="1" fbTx="0.083583055" lbTx="0.08358393" tId="4" fbRx="0.083583055" lbRx="0.08358393" />
<p fId="3" fbTx="0.083682096" lbTx="0.08368218" tId="0" fbRx="0.093682096" lbRx="0.09368218" />
<p fId="0" fbTx="0.08368218" lbTx="0.083683055" tId="1" fbRx="0.08368218" lbRx="0.083683055" />
<p fId="1" fbTx="0.083683055" lbTx="0.08368393" tId="4" fbRx="0.083683055" lbRx="0.08368393" />
<p fId="3" fbTx="0.083782096" lbTx="0.08378218" tId="0" fbRx="0.093782096" lbRx="0.09378218" />
<p fId="0" fbTx="0.08378218" lbTx="0.083783055" tId="1" fbRx="0.08378218" lbRx="0.083783055" />
<p fId="1" fbTx="0.083783055" lbTx="0.08378393" tId="4" fbRx="0.083783055" lbRx="0.08378393" />
<p fId="3" fbTx="0.083882096" lbTx="0.08388218" tId="0" fbRx="0.093882096" lbRx="0.09388218" />
<p fId="0" fbTx="0.08388218" lbTx="0.083883055" tId="1" fbRx="0.08388218" lbRx="0.083883055" />
<p fId="1" fbTx="0.083883055" lbTx="0.08388393" tId="4" fbRx="0.083883055" lbRx="0.08388393" />
<p fId="3" fbTx="0.083982096" lbTx="0.08398218" tId="0" fbRx="0.093982096" lbRx="0.09398218" />
<p fId="0" fbTx="0.08398218" lbTx="0.083983055" tId="1" fbRx="0.08398218" lbRx="0.083983055" />
<p fId="1" fbTx="0.083983055" lbTx="0.08398393" tId="4" fbRx="0.083983055" lbRx="0.08398393" />
<p fId="3" fbTx="0.084082096" lbTx="0.08408218" tId="0" fbRx="0.094082096" lbRx="0.09408218" />
<p fId="0" fbTx="0.08408218" lbTx="0.084083055" tId="1" fbRx="0.08408218" lbRx="0.084083055" />
<p fId="1" fbTx="0.084083055" lbTx="0.08408393" tId="4" fbRx="0.084083055" lbRx="0.08408393" />
<p fId="3" fbTx="0.084182096" lbTx="0.08418218" tId="0" fbRx="0.094182096" lbRx="0.09418218" />
<p fId="0" fbTx="0.08418218" lbTx="0.084183055" tId="1" fbRx="0.08418218" lbRx="0.084183055" />
<p fId="1" fbTx="0.084183055" lbTx="0.08418393" tId="4" fbRx="0.084183055" lbRx="0.08418393" />
<pr uId="62" fId="4" fbTx="0.084214286" />
<wpr uId="62" tId="5" fbRx="0.084214286" lbRx="0" />
<wpr uId="62" tId="6" fbRx="0.084214286" lbRx="0" />
<p fId="3" fbTx="0.084282096" lbTx="0.08428218" tId="0" fbRx="0.094282096" lbRx="0.09428218" />
<p fId="0" fbTx="0.08428218" lbTx="0.084283055" tId="1" fbRx="0.08428218" lbRx="0.084283055" />
<p fId="1" fbTx="0.084283055" lbTx="0.08428393" tId="4" fbRx="0.084283055" lbRx="0.08428393" />
<p fId="3" fbTx="0.084382096" lbTx="0.08438218" tId="0" fbRx="0.094382096" lbRx="0.09438218" />
<p fId="0" fbTx="0.08438218" lbTx="0.084383055" tId="1" fbRx="0.08438218" lbRx="0.084383055" />
<p fId="1" fbTx="0.084383055" lbTx="0.08438393" tId="4" fbRx="0.084383055" lbRx="0.08438393" />
<p fId="3" fbTx="0.084482096" lbTx="0.08448218" tId="0" fbRx="0.094482096" lbRx="0.09448218" />
<p fId="0" fbTx="0.08448218" lbTx="0.084483055" tId="1" fbRx="0.08448218" lbRx="0.084483055" />
<p fId="1" fbTx="0.084483055" lbTx="0.08448393" tId="4" fbRx="0.084483055" lbRx="0.08448393" />
<p fId="3" fbTx="0.084582096" lbTx="0.08458218" tId="0" fbRx="0.094582096" lbRx="0.09458218" />
<p fId="0" fbTx="0.08458218" lbTx="0.084583055" tId="1" fbRx="0.08458218" lbRx="0.084583055" />
<p fId="1" fbTx="0.084583055" lbTx="0.08458393" tId="4" fbRx="0.084583055" lbRx="0.08458393" />
<p fId="3" fbTx="0.084682096" lbTx="0.08468218" tId="0" fbRx="0.094682096" lbRx="0.09468218" />
<p fId="0" fbTx="0.08468218" lbTx="0.084683055" tId="1" fbRx="0.08468218" lbRx="0.084683055" />
<p fId="1" fbTx="0.084683055" lbTx="0.08468393" tId="4" fbRx="0.084683055" lbRx="0.08468393" />
<p fId="3" fbTx="0.084782096" lbTx="0.08478218" tId="0" fbRx="0.094782096" lbRx="0.09478218" />
<p fId="0" fbTx="0.08478218" lbTx="0.084783055" tId="1" fbRx="0.08478218" lbRx="0.084783055" />
<p fId="1" fbTx="0.084783055" lbTx="0.08478393" tId="4" fbRx="0.084783055" lbRx="0.08478393" />
<p fId="3" fbTx="0.084882096" lbTx="0.08488218" tId="0" fbRx="0.094882096" lbRx="0.09488218" />
<p fId="0" fbTx="0.08488218" lbTx="0.084883055" tId="1" fbRx="0.08488218" lbRx="0.084883055" />
<p fId="1" fbTx="0.084883055" lbTx="0.08488393" tId="4" fbRx="0.084883055" lbRx="0.08488393" />
<p fId="3" fbTx="0.084982096" lbTx="0.08498218" tId="0" fbRx="0.094982096" lbRx="0.09498218" />
<p fId="0" fbTx="0.08498218" lbTx="0.084983055" tId="1" fbRx="0.08498218" lbRx="0.084983055" />
<p fId="1" fbTx="0.084983055" lbTx="0.08498393" tId="4" fbRx="0.084983055" lbRx="0.08498393" />
<p fId="3" fbTx="0.085082096" lbTx="0.08508218" tId="0" fbRx="0.095082096" lbRx="0.09508218" />
<p fId="0" fbTx="0.08508218" lbTx="0.085083055" tId="1" fbRx="0.08508218" lbRx="0.085083055" />
<p fId="1" fbTx="0.085083055" lbTx="0.08508393" tId="4" fbRx="0.085083055" lbRx="0.08508393" />
<p fId="3" fbTx="0.085182096" lbTx="0.08518218" tId="0" fbRx="0.095182096" lbRx="0.09518218" />
<p fId="0" fbTx="0.08518218" lbTx="0.085183055" tId="1" fbRx="0.08518218" lbRx="0.085183055" />
<p fId="1" fbTx="0.085183055" lbTx="0.08518393" tId="4" fbRx="0.085183055" lbRx="0.08518393" />
<pr uId="63" fId="4" fbTx="0.085214286" />
<wpr uId="63" tId="5" fbRx="0.085214286" lbRx="0" />
<wpr uId="63" tId="6" fbRx="0.085214286" lbRx="0" />
<p fId="3" fbTx="0.085282096" lbTx="0.08528218" tId="0" fbRx="0.095282096" lbRx="0.09528218" />
<p fId="0" fbTx="0.08528218" lbTx="0.085283055" tId="1" fbRx="0.08528218" lbRx="0.085283055" />
<p fId="1" fbTx="0.085283055" lbTx="0.08528393" tId="4" fbRx="0.085283055" lbRx="0.08528393" />
<p fId="3" fbTx="0.085382096" lbTx="0.08538218" tId="0" fbRx="0.095382096" lbRx="0.09538218" />
<p fId="0" fbTx="0.08538218" lbTx="0.085383055" tId="1" fbRx="0.08538218" lbRx="0.085383055" />
<p fId="1" fbTx="0.085383055" lbTx="0.08538393" tId="4" fbRx="0.085383055" lbRx="0.08538393" />
<p fId="3" fbTx="0.085482096" lbTx="0.08548218" tId="0" fbRx="0.095482096" lbRx="0.09548218" />
<p fId="0" fbTx="0.08548218" lbTx="0.085483055" tId="1" fbRx="0.08548218" lbRx="0.085483055" />
<p fId="1" fbTx="0.085483055" lbTx="0.08548393" tId="4" fbRx="0.085483055" lbRx="0.08548393" />
<p fId="3" fbTx="0.085582096" lbTx="0.08558218" tId="0" fbRx="0.095582096" lbRx="0.09558218" />
<p fId="0" fbTx="0.08558218" lbTx="0.085583055" tId="1" fbRx="0.08558218" lbRx="0.085583055" />
<p fId="1" fbTx="0.085583055" lbTx="0.08558393" tId="4" fbRx="0.085583055" lbRx="0.08558393" />
<p fId="3" fbTx="0.085682096" lbTx="0.08568218" tId="0" fbRx="0.095682096" lbRx="0.09568218" />
<p fId="0" fbTx="0.08568218" lbTx="0.085683055" tId="1" fbRx="0.08568218" lbRx="0.085683055" />
<p fId="1" fbTx="0.085683055" lbTx="0.08568393" tId="4" fbRx="0.085683055" lbRx="0.08568393" />
<p fId="3" fbTx="0.085782096" lbTx="0.08578218" tId="0" fbRx="0.095782096" lbRx="0.09578218" />
<p fId="0" fbTx="0.08578218" lbTx="0.085783055" tId="1" fbRx="0.08578218" lbRx="0.085783055" />
<p fId="1" fbTx="0.085783055" lbTx="0.08578393" tId="4" fbRx="0.085783055" lbRx="0.08578393" />
<p fId="3" fbTx="0.085882096" lbTx="0.08588218" tId="0" fbRx="0.095882096" lbRx="0.09588218" />
<p fId="0" fbTx="0.08588218" lbTx="0.085883055" tId="1" fbRx="0.08588218" lbRx="0.085883055" />
<p fId="1" fbTx="0.085883055" lbTx="0.08588393" tId="4" fbRx="0.085883055" lbRx="0.08588393" />
<p fId="3" fbTx="0.085982096" lbTx="0.08598218" tId="0" fbRx="0.095982096" lbRx="0.09598218" />
<p fId="0" fbTx="0.08598218" lbTx="0.085983055" tId="1" fbRx="0.08598218" lbRx="0.085983055" />
<p fId="1" fbTx="0.085983055" lbTx="0.08598393" tId="4" fbRx="0.085983055" lbRx="0.08598393" />
<p fId="3" fbTx="0.086082096" lbTx="0.08608218" tId="0" fbRx="0.096082096" lbRx="0.09608218" />
<p fId="0" fbTx="0.08608218" lbTx="0.086083055" tId="1" fbRx="0.08608218" lbRx="0.086083055" />
<p fId="1" fbTx="0.086083055" lbTx="0.08608393" tId="4" fbRx="0.086083055" lbRx="0.08608393" />
<p fId="3" fbTx="0.086182096" lbTx="0.08618218" tId="0" fbRx="0.096182096" lbRx="0.09618218" />
<p fId="0" fbTx="0.08618218" lbTx="0.086183055" tId="1" fbRx="0.08618218" lbRx="0.086183055" />
<p fId="1" fbTx="0.086183055" lbTx="0.08618393" tId="4" fbRx="0.086183055" lbRx="0.08618393" />
<pr uId="64" fId="4" fbTx="0.086214286" />
<wpr uId="64" tId="5" fbRx="0.086214286" lbRx="0" />
<wpr uId="64" tId="6" fbRx="0.086214286" lbRx="0" />
<p fId="3" fbTx="0.086282096" lbTx="0.08628218" tId="0" fbRx="0.096282096" lbRx="0.09628218" />
<p fId="0" fbTx="0.08628218" lbTx="0.086283055" tId="1" fbRx="0.08628218" lbRx="0.086283055" />
<p fId="1" fbTx="0.086283055" lbTx="0.08628393" tId="4" fbRx="0.086283055" lbRx="0.08628393" />
<p fId="3" fbTx="0.086382096" lbTx="0.08638218" tId="0" fbRx="0.096382096" lbRx="0.09638218" />
<p fId="0" fbTx="0.08638218" lbTx="0.086383055" tId="1" fbRx="0.08638218" lbRx="0.086383055" />
<p fId="1" fbTx="0.086383055" lbTx="0.08638393" tId="4" fbRx="0.086383055" lbRx="0.08638393" />
<p fId="3" fbTx="0.086482096" lbTx="0.08648218" tId="0" fbRx="0.096482096" lbRx="0.09648218" />
<p fId="0" fbTx="0.08648218" lbTx="0.086483055" tId="1" fbRx="0.08648218" lbRx="0.086483055" />
<p fId="1" fbTx="0.086483055" lbTx="0.08648393" tId="4" fbRx="0.086483055" lbRx="0.08648393" />
<p fId="3" fbTx="0.086582096" lbTx="0.08658218" tId="0" fbRx="0.096582096" lbRx="0.09658218" />
<p fId="0" fbTx="0.08658218" lbTx="0.086583055" tId="1" fbRx="0.08658218" lbRx="0.086583055" />
<p fId="1" fbTx="0.086583055" lbTx="0.08658393" tId="4" fbRx="0.086583055" lbRx="0.08658393" />
<p fId="3" fbTx="0.086682096" lbTx="0.08668218" tId="0" fbRx="0.096682096" lbRx="0.09668218" />
<p fId="0" fbTx="0.08668218" lbTx="0.086683055" tId="1" fbRx="0.08668218" lbRx="0.086683055" />
<p fId="1" fbTx="0.086683055" lbTx="0.08668393" tId="4" fbRx="0.086683055" lbRx="0.08668393" />
<p fId="3" fbTx="0.086782096" lbTx="0.08678218" tId="0" fbRx="0.096782096" lbRx="0.09678218" />
<p fId="0" fbTx="0.08678218" lbTx="0.086783055" tId="1" fbRx="0.08678218" lbRx="0.086783055" />
<p fId="1" fbTx="0.086783055" lbTx="0.08678393" tId="4" fbRx="0.086783055" lbRx="0.08678393" />
<p fId="3" fbTx="0.086882096" lbTx="0.08688218" tId="0" fbRx="0.096882096" lbRx="0.09688218" />
<p fId="0" fbTx="0.08688218" lbTx="0.086883055" tId="1" fbRx="0.08688218" lbRx="0.086883055" />
<p fId="1" fbTx="0.086883055" lbTx="0.08688393" tId="4" fbRx="0.086883055" lbRx="0.08688393" />
<p fId="3" fbTx="0.086982096" lbTx="0.08698218" tId="0" fbRx="0.096982096" lbRx="0.09698218" />
<p fId="0" fbTx="0.08698218" lbTx="0.086983055" tId="1" fbRx="0.08698218" lbRx="0.086983055" />
<p fId="1" fbTx="0.086983055" lbTx="0.08698393" tId="4" fbRx="0.086983055" lbRx="0.08698393" />
<p fId="3" fbTx="0.087082096" lbTx="0.08708218" tId="0" fbRx="0.097082096" lbRx="0.09708218" />
<p fId="0" fbTx="0.08708218" lbTx="0.087083055" tId="1" fbRx="0.08708218" lbRx="0.087083055" />
<p fId="1" fbTx="0.087083055" lbTx="0.08708393" tId="4" fbRx="0.087083055" lbRx="0.08708393" />
<p fId="3" fbTx="0.087182096" lbTx="0.08718218" tId="0" fbRx="0.097182096" lbRx="0.09718218" />
<p fId="0" fbTx="0.08718218" lbTx="0.087183055" tId="1" fbRx="0.08718218" lbRx="0.087183055" />
<p fId="1" fbTx="0.087183055" lbTx="0.08718393" tId="4" fbRx="0.087183055" lbRx="0.08718393" />
<pr uId="65" fId="4" fbTx="0.087214286" />
<wpr uId="65" tId="5" fbRx="0.087214286" lbRx="0" />
<wpr uId="65" tId="6" fbRx="0.087214286" lbRx="0" />
<p fId="3" fbTx="0.087282096" lbTx="0.08728218" tId="0" fbRx="0.097282096" lbRx="0.09728218" />
<p fId="0" fbTx="0.08728218" lbTx="0.087283055" tId="1" fbRx="0.08728218" lbRx="0.087283055" />
<p fId="1" fbTx="0.087283055" lbTx="0.08728393" tId="4" fbRx="0.087283055" lbRx="0.08728393" />
<p fId="3" fbTx="0.087382096" lbTx="0.08738218" tId="0" fbRx="0.097382096" lbRx="0.09738218" />
<p fId="0" fbTx="0.08738218" lbTx="0.087383055" tId="1" fbRx="0.08738218" lbRx="0.087383055" />
<p fId="1" fbTx="0.087383055" lbTx="0.08738393" tId="4" fbRx="0.087383055" lbRx="0.08738393" />
<p fId="3" fbTx="0.087482096" lbTx="0.08748218" tId="0" fbRx="0.097482096" lbRx="0.09748218" />
<p fId="0" fbTx="0.08748218" lbTx="0.087483055" tId="1" fbRx="0.08748218" lbRx="0.087483055" />
<p fId="1" fbTx="0.087483055" lbTx="0.08748393" tId="4" fbRx="0.087483055" lbRx="0.08748393" />
<p fId="3" fbTx="0.087582096" lbTx="0.08758218" tId="0" fbRx="0.097582096" lbRx="0.09758218" />
<p fId="0" fbTx="0.08758218" lbTx="0.087583055" tId="1" fbRx="0.08758218" lbRx="0.087583055" />
<p fId="1" fbTx="0.087583055" lbTx="0.08758393" tId="4" fbRx="0.087583055" lbRx="0.08758393" />
<p fId="3" fbTx="0.087682096" lbTx="0.08768218" tId="0" fbRx="0.097682096" lbRx="0.09768218" />
<p fId="0" fbTx="0.08768218" lbTx="0.087683055" tId="1" fbRx="0.08768218" lbRx="0.087683055" />
<p fId="1" fbTx="0.087683055" lbTx="0.08768393" tId="4" fbRx="0.087683055" lbRx="0.08768393" />
<p fId="3" fbTx="0.087782096" lbTx="0.08778218" tId="0" fbRx="0.097782096" lbRx="0.09778218" />
<p fId="0" fbTx="0.08778218" lbTx="0.087783055" tId="1" fbRx="0.08778218" lbRx="0.087783055" />
<p fId="1" fbTx="0.087783055" lbTx="0.08778393" tId="4" fbRx="0.087783055" lbRx="0.08778393" />
<p fId="3" fbTx="0.087882096" lbTx="0.08788218" tId="0" fbRx="0.097882096" lbRx="0.09788218" />
<p fId="0" fbTx="0.08788218" lbTx="0.087883055" tId="1" fbRx="0.08788218" lbRx="0.087883055" />
<p fId="1" fbTx="0.087883055" lbTx="0.08788393" tId="4" fbRx="0.087883055" lbRx="0.08788393" />
<p fId="3" fbTx="0.087982096" lbTx="0.08798218" tId="0" fbRx="0.097982096" lbRx="0.09798218" />
<p fId="0" fbTx="0.08798218" lbTx="0.087983055" tId="1" fbRx="0.08798218" lbRx="0.087983055" />
<p fId="1" fbTx="0.087983055" lbTx="0.08798393" tId="4" fbRx="0.087983055" lbRx="0.08798393" />
<p fId="3" fbTx="0.088082096" lbTx="0.08808218" tId="0" fbRx="0.098082096" lbRx="0.09808218" />
<p fId="0" fbTx="0.08808218" lbTx="0.088083055" tId="1" fbRx="0.08808218" lbRx="0.088083055" />
<p fId="1" fbTx="0.088083055" lbTx="0.08808393" tId="4" fbRx="0.088083055" lbRx="0.08808393" />
<p fId="3" fbTx="0.088182096" lbTx="0.08818218" tId="0" fbRx="0.098182096" lbRx="0.09818218" />
<p fId="0" fbTx="0.08818218" lbTx="0.088183055" tId="1" fbRx="0.08818218" lbRx="0.088183055" />
<p fId="1" fbTx="0.088183055" lbTx="0.08818393" tId="4" fbRx="0.088183055" lbRx="0.08818393" />
<pr uId="66" fId="4" fbTx="0.088214286" />
<wpr uId="66" tId="5" fbRx="0.088214286" lbRx="0" />
<wpr uId="66" tId="6" fbRx="0.088214286" lbRx="0" />
<p fId="3" fbTx="0.088282096" lbTx="0.08828218" tId="0" fbRx="0.098282096" lbRx="0.09828218" />
<p fId="0" fbTx="0.08828218" lbTx="0.088283055" tId="1" fbRx="0.08828218" lbRx="0.088283055" />
<p fId="1" fbTx="0.088283055" lbTx="0.08828393" tId="4" fbRx="0.088283055" lbRx="0.08828393" />
<p fId="3" fbTx="0.088382096" lbTx="0.08838218" tId="0" fbRx="0.098382096" lbRx="0.09838218" />
<p fId="0" fbTx="0.08838218" lbTx="0.088383055" tId="1" fbRx="0.08838218" lbRx="0.088383055" />
<p fId="1" fbTx="0.088383055" lbTx="0.08838393" tId="4" fbRx="0.088383055" lbRx="0.08838393" />
<p fId="3" fbTx="0.088482096" lbTx="0.08848218" tId="0" fbRx="0.098482096" lbRx="0.09848218" />
<p fId="0" fbTx="0.08848218" lbTx="0.088483055" tId="1" fbRx="0.08848218" lbRx="0.088483055" />
<p fId="1" fbTx="0.088483055" lbTx="0.08848393" tId="4" fbRx="0.088483055" lbRx="0.08848393" />
<p fId="3" fbTx="0.088582096" lbTx="0.08858218" tId="0" fbRx="0.098582096" lbRx="0.09858218" />
<p fId="0" fbTx="0.08858218" lbTx="0.088583055" tId="1" fbRx="0.08858218" lbRx="0.088583055" />
<p fId="1" fbTx="0.088583055" lbTx="0.08858393" tId="4" fbRx="0.088583055" lbRx="0.08858393" />
<p fId="3" fbTx="0.088682096" lbTx="0.08868218" tId="0" fbRx="0.098682096" lbRx="0.09868218" />
<p fId="0" fbTx="0.08868218" lbTx="0.088683055" tId="1" fbRx="0.08868218" lbRx="0.088683055" />
<p fId="1" fbTx="0.088683055" lbTx="0.08868393" tId="4" fbRx="0.088683055" lbRx="0.08868393" />
<p fId="3" fbTx="0.088782096" lbTx="0.08878218" tId="0" fbRx="0.098782096" lbRx="0.09878218" />
<p fId="0" fbTx="0.08878218" lbTx="0.088783055" tId="1" fbRx="0.08878218" lbRx="0.088783055" />
<p fId="1" fbTx="0.088783055" lbTx="0.08878393" tId="4" fbRx="0.088783055" lbRx="0.08878393" />
<p fId="3" fbTx="0.088882096" lbTx="0.08888218" tId="0" fbRx="0.098882096" lbRx="0.09888218" />
<p fId="0" fbTx="0.08888218" lbTx="0.088883055" tId="1" fbRx="0.08888218" lbRx="0.088883055" />
<p fId="1" fbTx="0.088883055" lbTx="0.08888393" tId="4" fbRx="0.088883055" lbRx="0.08888393" />
<p fId="3" fbTx="0.088982096" lbTx="0.08898218" tId="0" fbRx="0.098982096" lbRx="0.09898218" />
<p fId="0" fbTx="0.08898218" lbTx="0.088983055" tId="1" fbRx="0.08898218" lbRx="0.088983055" />
<p fId="1" fbTx="0.088983055" lbTx="0.08898393" tId="4" fbRx="0.088983055" lbRx="0.08898393" />
<p fId="3" fbTx="0.089082096" lbTx="0.08908218" tId="0" fbRx="0.099082096" lbRx="0.09908218" />
<p fId="0" fbTx="0.08908218" lbTx="0.089083055" tId="1" fbRx="0.08908218" lbRx="0.089083055" />
<p fId="1" fbTx="0.089083055" lbTx="0.08908393" tId="4" fbRx="0.089083055" lbRx="0.08908393" />
<p fId="3" fbTx="0.089182096" lbTx="0.08918218" tId="0" fbRx="0.099182096" lbRx="0.09918218" />
<p fId="0" fbTx="0.08918218" lbTx="0.089183055" tId="1" fbRx="0.08918218" lbRx="0.089183055" />
<p fId="1" fbTx="0.089183055" lbTx="0.08918393" tId="4" fbRx="0.089183055" lbRx="0.08918393" />
<pr uId="67" fId="4" fbTx="0.089214286" />
<wpr uId="67" tId="5" fbRx="0.089214286" lbRx="0" />
<wpr uId="67" tId="6" fbRx="0.089214286" lbRx="0" />
<p fId="3" fbTx="0.089282096" lbTx="0.08928218" tId="0" fbRx="0.099282096" lbRx="0.09928218" />
<p fId="0" fbTx="0.08928218" lbTx="0.089283055" tId="1" fbRx="0.08928218" lbRx="0.089283055" />
<p fId="1" fbTx="0.089283055" lbTx="0.08928393" tId="4" fbRx="0.089283055" lbRx="0.08928393" />
<p fId="3" fbTx="0.089382096" lbTx="0.08938218" tId="0" fbRx="0.099382096" lbRx="0.09938218" />
<p fId="0" fbTx="0.08938218" lbTx="0.089383055" tId="1" fbRx="0.08938218" lbRx="0.089383055" />
<p fId="1" fbTx="0.089383055" lbTx="0.08938393" tId="4" fbRx="0.089383055" lbRx="0.08938393" />
<p fId="3" fbTx="0.089482096" lbTx="0.08948218" tId="0" fbRx="0.099482096" lbRx="0.09948218" />
<p fId="0" fbTx="0.08948218" lbTx="0.089483055" tId="1" fbRx="0.08948218" lbRx="0.089483055" />
<p fId="1" fbTx="0.089483055" lbTx="0.08948393" tId="4" fbRx="0.089483055" lbRx="0.08948393" />
<p fId="3" fbTx="0.089582096" lbTx="0.08958218" tId="0" fbRx="0.099582096" lbRx="0.09958218" />
<p fId="0" fbTx="0.08958218" lbTx="0.089583055" tId="1" fbRx="0.08958218" lbRx="0.089583055" />
<p fId="1" fbTx="0.089583055" lbTx="0.08958393" tId="4" fbRx="0.089583055" lbRx="0.08958393" />
<p fId="3" fbTx="0.089682096" lbTx="0.08968218" tId="0" fbRx="0.099682096" lbRx="0.09968218" />
<p fId="0" fbTx="0.08968218" lbTx="0.089683055" tId="1" fbRx="0.08968218" lbRx="0.089683055" />
<p fId="1" fbTx="0.089683055" lbTx="0.08968393" tId="4" fbRx="0.089683055" lbRx="0.08968393" />
<p fId="3" fbTx="0.089782096" lbTx="0.08978218" tId="0" fbRx="0.099782096" lbRx="0.09978218" />
<p fId="0" fbTx="0.08978218" lbTx="0.089783055" tId="1" fbRx="0.08978218" lbRx="0.089783055" />
<p fId="1" fbTx="0.089783055" lbTx="0.08978393" tId="4" fbRx="0.089783055" lbRx="0.08978393" />
<p fId="3" fbTx="0.089882096" lbTx="0.08988218" tId="0" fbRx="0.099882096" lbRx="0.09988218" />
<p fId="0" fbTx="0.08988218" lbTx="0.089883055" tId="1" fbRx="0.08988218" lbRx="0.089883055" />
<p fId="1" fbTx="0.089883055" lbTx="0.08988393" tId="4" fbRx="0.089883055" lbRx="0.08988393" />
<p fId="3" fbTx="0.089982096" lbTx="0.08998218" tId="0" fbRx="0.099982096" lbRx="0.09998218" />
<p fId="0" fbTx="0.08998218" lbTx="0.089983055" tId="1" fbRx="0.08998218" lbRx="0.089983055" />
<p fId="1" fbTx="0.089983055" lbTx="0.08998393" tId="4" fbRx="0.089983055" lbRx="0.08998393" />
<p fId="3" fbTx="0.090082096" lbTx="0.09008218" tId="0" fbRx="0.100082096" lbRx="0.10008218" />
<p fId="0" fbTx="0.09008218" lbTx="0.090083055" tId="1" fbRx="0.09008218" lbRx="0.090083055" />
<p fId="1" fbTx="0.090083055" lbTx="0.09008393" tId="4" fbRx="0.090083055" lbRx="0.09008393" />
<p fId="3" fbTx="0.090182096" lbTx="0.09018218" tId="0" fbRx="0.100182096" lbRx="0.10018218" />
<p fId="0" fbTx="0.09018218" lbTx="0.090183055" tId="1" fbRx="0.09018218" lbRx="0.090183055" />
<p fId="1" fbTx="0.090183055" lbTx="0.09018393" tId="4" fbRx="0.090183055" lbRx="0.09018393" />
<pr uId="68" fId="4" fbTx="0.090214286" />
<wpr uId="68" tId="5" fbRx="0.090214286" lbRx="0" />
<wpr uId="68" tId="6" fbRx="0.090214286" lbRx="0" />
<p fId="3" fbTx="0.090282096" lbTx="0.09028218" tId="0" fbRx="0.100282096" lbRx="0.10028218" />
<p fId="0" fbTx="0.09028218" lbTx="0.090283055" tId="1" fbRx="0.09028218" lbRx="0.090283055" />
<p fId="1" fbTx="0.090283055" lbTx="0.09028393" tId="4" fbRx="0.090283055" lbRx="0.09028393" />
<p fId="3" fbTx="0.090382096" lbTx="0.09038218" tId="0" fbRx="0.100382096" lbRx="0.10038218" />
<p fId="0" fbTx="0.09038218" lbTx="0.090383055" tId="1" fbRx="0.09038218" lbRx="0.090383055" />
<p fId="1" fbTx="0.090383055" lbTx="0.09038393" tId="4" fbRx="0.090383055" lbRx="0.09038393" />
<p fId="3" fbTx="0.090482096" lbTx="0.09048218" tId="0" fbRx="0.100482096" lbRx="0.10048218" />
<p fId="0" fbTx="0.09048218" lbTx="0.090483055" tId="1" fbRx="0.09048218" lbRx="0.090483055" />
<p fId="1" fbTx="0.090483055" lbTx="0.09048393" tId="4" fbRx="0.090483055" lbRx="0.09048393" />
<p fId="3" fbTx="0.090582096" lbTx="0.09058218" tId="0" fbRx="0.100582096" lbRx="0.10058218" />
<p fId="0" fbTx="0.09058218" lbTx="0.090583055" tId="1" fbRx="0.09058218" lbRx="0.090583055" />
<p fId="1" fbTx="0.090583055" lbTx="0.09058393" tId="4" fbRx="0.090583055" lbRx="0.09058393" />
<p fId="3" fbTx="0.090682096" lbTx="0.09068218" tId="0" fbRx="0.100682096" lbRx="0.10068218" />
<p fId="0" fbTx="0.09068218" lbTx="0.090683055" tId="1" fbRx="0.09068218" lbRx="0.090683055" />
<p fId="1" fbTx="0.090683055" lbTx="0.09068393" tId="4" fbRx="0.090683055" lbRx="0.09068393" />
<p fId="3" fbTx="0.090782096" lbTx="0.09078218" tId="0" fbRx="0.100782096" lbRx="0.10078218" />
<p fId="0" fbTx="0.09078218" lbTx="0.090783055" tId="1" fbRx="0.09078218" lbRx="0.090783055" />
<p fId="1" fbTx="0.090783055" lbTx="0.09078393" tId="4" fbRx="0.090783055" lbRx="0.09078393" />
<p fId="3" fbTx="0.090882096" lbTx="0.09088218" tId="0" fbRx="0.100882096" lbRx="0.10088218" />
<p fId="0" fbTx="0.09088218" lbTx="0.090883055" tId="1" fbRx="0.09088218" lbRx="0.090883055" />
<p fId="1" fbTx="0.090883055" lbTx="0.09088393" tId="4" fbRx="0.090883055" lbRx="0.09088393" />
<p fId="3" fbTx="0.090982096" lbTx="0.09098218" tId="0" fbRx="0.100982096" lbRx="0.10098218" />
<p fId="0" fbTx="0.09098218" lbTx="0.090983055" tId="1" fbRx="0.09098218" lbRx="0.090983055" />
<p fId="1" fbTx="0.090983055" lbTx="0.09098393" tId="4" fbRx="0.090983055" lbRx="0.09098393" />
<p fId="3" fbTx="0.091082096" lbTx="0.09108218" tId="0" fbRx="0.101082096" lbRx="0.10108218" />
<p fId="0" fbTx="0.09108218" lbTx="0.091083055" tId="1" fbRx="0.09108218" lbRx="0.091083055" />
<p fId="1" fbTx="0.091083055" lbTx="0.09108393" tId="4" fbRx="0.091083055" lbRx="0.09108393" />
<p fId="3" fbTx="0.091182096" lbTx="0.09118218" tId="0" fbRx="0.101182096" lbRx="0.10118218" />
<p fId="0" fbTx="0.09118218" lbTx="0.091183055" tId="1" fbRx="0.09118218" lbRx="0.091183055" />
<p fId="1" fbTx="0.091183055" lbTx="0.09118393" tId="4" fbRx="0.091183055" lbRx="0.09118393" />
<pr uId="69" fId="4" fbTx="0.091214286" />
<wpr uId="69" tId="5" fbRx="0.091214286" lbRx="0" />
<wpr uId="69" tId="6" fbRx="0.091214286" lbRx="0" />
<p fId="3" fbTx="0.091282096" lbTx="0.09128218" tId="0" fbRx="0.101282096" lbRx="0.10128218" />
<p fId="0" fbTx="0.09128218" lbTx="0.091283055" tId="1" fbRx="0.09128218" lbRx="0.091283055" />
<p fId="1" fbTx="0.091283055" lbTx="0.09128393" tId="4" fbRx="0.091283055" lbRx="0.09128393" />
<p fId="3" fbTx="0.091382096" lbTx="0.09138218" tId="0" fbRx="0.101382096" lbRx="0.10138218" />
<p fId="0" fbTx="0.09138218" lbTx="0.091383055" tId="1" fbRx="0.09138218" lbRx="0.091383055" />
<p fId="1" fbTx="0.091383055" lbTx="0.09138393" tId="4" fbRx="0.091383055" lbRx="0.09138393" />
<p fId="3" fbTx="0.091482096" lbTx="0.09148218" tId="0" fbRx="0.101482096" lbRx="0.10148218" />
<p fId="0" fbTx="0.09148218" lbTx="0.091483055" tId="1" fbRx="0.09148218" lbRx="0.091483055" />
<p fId="1" fbTx="0.091483055" lbTx="0.09148393" tId="4" fbRx="0.091483055" lbRx="0.09148393" />
<p fId="3" fbTx="0.091582096" lbTx="0.09158218" tId="0" fbRx="0.101582096" lbRx="0.10158218" />
<p fId="0" fbTx="0.09158218" lbTx="0.091583055" tId="1" fbRx="0.09158218" lbRx="0.091583055" />
<p fId="1" fbTx="0.091583055" lbTx="0.09158393" tId="4" fbRx="0.091583055" lbRx="0.09158393" />
<p fId="3" fbTx="0.091682096" lbTx="0.09168218" tId="0" fbRx="0.101682096" lbRx="0.10168218" />
<p fId="0" fbTx="0.09168218" lbTx="0.091683055" tId="1" fbRx="0.09168218" lbRx="0.091683055" />
<p fId="1" fbTx="0.091683055" lbTx="0.09168393" tId="4" fbRx="0.091683055" lbRx="0.09168393" />
<p fId="3" fbTx="0.091782096" lbTx="0.09178218" tId="0" fbRx="0.101782096" lbRx="0.10178218" />
<p fId="0" fbTx="0.09178218" lbTx="0.091783055" tId="1" fbRx="0.09178218" lbRx="0.091783055" />
<p fId="1" fbTx="0.091783055" lbTx="0.09178393" tId="4" fbRx="0.091783055" lbRx="0.09178393" />
<p fId="3" fbTx="0.091882096" lbTx="0.09188218" tId="0" fbRx="0.101882096" lbRx="0.10188218" />
<p fId="0" fbTx="0.09188218" lbTx="0.091883055" tId="1" fbRx="0.09188218" lbRx="0.091883055" />
<p fId="1" fbTx="0.091883055" lbTx="0.09188393" tId="4" fbRx="0.091883055" lbRx="0.09188393" />
<p fId="3" fbTx="0.091982096" lbTx="0.09198218" tId="0" fbRx="0.101982096" lbRx="0.10198218" />
<p fId="0" fbTx="0.09198218" lbTx="0.091983055" tId="1" fbRx="0.09198218" lbRx="0.091983055" />
<p fId="1" fbTx="0.091983055" lbTx="0.09198393" tId="4" fbRx="0.091983055" lbRx="0.09198393" />
<p fId="3" fbTx="0.092082096" lbTx="0.09208218" tId="0" fbRx="0.102082096" lbRx="0.10208218" />
<p fId="0" fbTx="0.09208218" lbTx="0.092083055" tId="1" fbRx="0.09208218" lbRx="0.092083055" />
<p fId="1" fbTx="0.092083055" lbTx="0.09208393" tId="4" fbRx="0.092083055" lbRx="0.09208393" />
<p fId="3" fbTx="0.092182096" lbTx="0.09218218" tId="0" fbRx="0.102182096" lbRx="0.10218218" />
<p fId="0" fbTx="0.09218218" lbTx="0.092183055" tId="1" fbRx="0.09218218" lbRx="0.092183055" />
<p fId="1" fbTx="0.092183055" lbTx="0.09218393" tId="4" fbRx="0.092183055" lbRx="0.09218393" />
<pr uId="70" fId="4" fbTx="0.092214286" />
<wpr uId="70" tId="5" fbRx="0.092214286" lbRx="0" />
<wpr uId="70" tId="6" fbRx="0.092214286" lbRx="0" />
<p fId="3" fbTx="0.092282096" lbTx="0.09228218" tId="0" fbRx="0.102282096" lbRx="0.10228218" />
<p fId="0" fbTx="0.09228218" lbTx="0.092283055" tId="1" fbRx="0.09228218" lbRx="0.092283055" />
<p fId="1" fbTx="0.092283055" lbTx="0.09228393" tId="4" fbRx="0.092283055" lbRx="0.09228393" />
<p fId="3" fbTx="0.092382096" lbTx="0.09238218" tId="0" fbRx="0.102382096" lbRx="0.10238218" />
<p fId="0" fbTx="0.09238218" lbTx="0.092383055" tId="1" fbRx="0.09238218" lbRx="0.092383055" />
<p fId="1" fbTx="0.092383055" lbTx="0.09238393" tId="4" fbRx="0.092383055" lbRx="0.09238393" />
<p fId="3" fbTx="0.092482096" lbTx="0.09248218" tId="0" fbRx="0.102482096" lbRx="0.10248218" />
<p fId="0" fbTx="0.09248218" lbTx="0.092483055" tId="1" fbRx="0.09248218" lbRx="0.092483055" />
<p fId="1" fbTx="0.092483055" lbTx="0.09248393" tId="4" fbRx="0.092483055" lbRx="0.09248393" />
<p fId="3" fbTx="0.092582096" lbTx="0.09258218" tId="0" fbRx="0.102582096" lbRx="0.10258218" />
<p fId="0" fbTx="0.09258218" lbTx="0.092583055" tId="1" fbRx="0.09258218" lbRx="0.092583055" />
<p fId="1" fbTx="0.092583055" lbTx="0.09258393" tId="4" fbRx="0.092583055" lbRx="0.09258393" />
<p fId="3" fbTx="0.092682096" lbTx="0.09268218" tId="0" fbRx="0.102682096" lbRx="0.10268218" />
<p fId="0" fbTx="0.09268218" lbTx="0.092683055" tId="1" fbRx="0.09268218" lbRx="0.092683055" />
<p fId="1" fbTx="0.092683055" lbTx="0.09268393" tId="4" fbRx="0.092683055" lbRx="0.09268393" />
<p fId="3" fbTx="0.092782096" lbTx="0.09278218" tId="0" fbRx="0.102782096" lbRx="0.10278218" />
<p fId="0" fbTx="0.09278218" lbTx="0.092783055" tId="1" fbRx="0.09278218" lbRx="0.092783055" />
<p fId="1" fbTx="0.092783055" lbTx="0.09278393" tId="4" fbRx="0.092783055" lbRx="0.09278393" />
<p fId="3" fbTx="0.092882096" lbTx="0.09288218" tId="0" fbRx="0.102882096" lbRx="0.10288218" />
<p fId="0" fbTx="0.09288218" lbTx="0.092883055" tId="1" fbRx="0.09288218" lbRx="0.092883055" />
<p fId="1" fbTx="0.092883055" lbTx="0.09288393" tId="4" fbRx="0.092883055" lbRx="0.09288393" />
<p fId="3" fbTx="0.092982096" lbTx="0.09298218" tId="0" fbRx="0.102982096" lbRx="0.10298218" />
<p fId="0" fbTx="0.09298218" lbTx="0.092983055" tId="1" fbRx="0.09298218" lbRx="0.092983055" />
<p fId="1" fbTx="0.092983055" lbTx="0.09298393" tId="4" fbRx="0.092983055" lbRx="0.09298393" />
<p fId="3" fbTx="0.093082096" lbTx="0.09308218" tId="0" fbRx="0.103082096" lbRx="0.10308218" />
<p fId="0" fbTx="0.09308218" lbTx="0.093083055" tId="1" fbRx="0.09308218" lbRx="0.093083055" />
<p fId="1" fbTx="0.093083055" lbTx="0.09308393" tId="4" fbRx="0.093083055" lbRx="0.09308393" />
<p fId="3" fbTx="0.093182096" lbTx="0.09318218" tId="0" fbRx="0.103182096" lbRx="0.10318218" />
<p fId="0" fbTx="0.09318218" lbTx="0.093183055" tId="1" fbRx="0.09318218" lbRx="0.093183055" />
<p fId="1" fbTx="0.093183055" lbTx="0.09318393" tId="4" fbRx="0.093183055" lbRx="0.09318393" />
<pr uId="71" fId="4" fbTx="0.093214286" />
<wpr uId="71" tId="5" fbRx="0.093214286" lbRx="0" />
<wpr uId="71" tId="6" fbRx="0.093214286" lbRx="0" />
<p fId="3" fbTx="0.093282096" lbTx="0.09328218" tId="0" fbRx="0.103282096" lbRx="0.10328218" />
<p fId="0" fbTx="0.09328218" lbTx="0.093283055" tId="1" fbRx="0.09328218" lbRx="0.093283055" />
<p fId="1" fbTx="0.093283055" lbTx="0.09328393" tId="4" fbRx="0.093283055" lbRx="0.09328393" />
<p fId="3" fbTx="0.093382096" lbTx="0.09338218" tId="0" fbRx="0.103382096" lbRx="0.10338218" />
<p fId="0" fbTx="0.09338218" lbTx="0.093383055" tId="1" fbRx="0.09338218" lbRx="0.093383055" />
<p fId="1" fbTx="0.093383055" lbTx="0.09338393" tId="4" fbRx="0.093383055" lbRx="0.09338393" />
<p fId="3" fbTx="0.093482096" lbTx="0.09348218" tId="0" fbRx="0.103482096" lbRx="0.10348218" />
<p fId="0" fbTx="0.09348218" lbTx="0.093483055" tId="1" fbRx="0.09348218" lbRx="0.093483055" />
<p fId="1" fbTx="0.093483055" lbTx="0.09348393" tId="4" fbRx="0.093483055" lbRx="0.09348393" />
<p fId="3" fbTx="0.093582096" lbTx="0.09358218" tId="0" fbRx="0.103582096" lbRx="0.10358218" />
<p fId="0" fbTx="0.09358218" lbTx="0.093583055" tId="1" fbRx="0.09358218" lbRx="0.093583055" />
<p fId="1" fbTx="0.093583055" lbTx="0.09358393" tId="4" fbRx="0.093583055" lbRx="0.09358393" />
<p fId="3" fbTx="0.093682096" lbTx="0.09368218" tId="0" fbRx="0.103682096" lbRx="0.10368218" />
<p fId="0" fbTx="0.09368218" lbTx="0.093683055" tId="1" fbRx="0.09368218" lbRx="0.093683055" />
<p fId="1" fbTx="0.093683055" lbTx="0.09368393" tId="4" fbRx="0.093683055" lbRx="0.09368393" />
<p fId="3" fbTx="0.093782096" lbTx="0.09378218" tId="0" fbRx="0.103782096" lbRx="0.10378218" />
<p fId="0" fbTx="0.09378218" lbTx="0.093783055" tId="1" fbRx="0.09378218" lbRx="0.093783055" />
<p fId="1" fbTx="0.093783055" lbTx="0.09378393" tId="4" fbRx="0.093783055" lbRx="0.09378393" />
<p fId="3" fbTx="0.093882096" lbTx="0.09388218" tId="0" fbRx="0.103882096" lbRx="0.10388218" />
<p fId="0" fbTx="0.09388218" lbTx="0.093883055" tId="1" fbRx="0.09388218" lbRx="0.093883055" />
<p fId="1" fbTx="0.093883055" lbTx="0.09388393" tId="4" fbRx="0.093883055" lbRx="0.09388393" />
<p fId="3" fbTx="0.093982096" lbTx="0.09398218" tId="0" fbRx="0.103982096" lbRx="0.10398218" />
<p fId="0" fbTx="0.09398218" lbTx="0.093983055" tId="1" fbRx="0.09398218" lbRx="0.093983055" />
<p fId="1" fbTx="0.093983055" lbTx="0.09398393" tId="4" fbRx="0.093983055" lbRx="0.09398393" />
<p fId="3" fbTx="0.094082096" lbTx="0.09408218" tId="0" fbRx="0.104082096" lbRx="0.10408218" />
<p fId="0" fbTx="0.09408218" lbTx="0.094083055" tId="1" fbRx="0.09408218" lbRx="0.094083055" />
<p fId="1" fbTx="0.094083055" lbTx="0.09408393" tId="4" fbRx="0.094083055" lbRx="0.09408393" />
<p fId="3" fbTx="0.094182096" lbTx="0.09418218" tId="0" fbRx="0.104182096" lbRx="0.10418218" />
<p fId="0" fbTx="0.09418218" lbTx="0.094183055" tId="1" fbRx="0.09418218" lbRx="0.094183055" />
<p fId="1" fbTx="0.094183055" lbTx="0.09418393" tId="4" fbRx="0.094183055" lbRx="0.09418393" />
<pr uId="72" fId="4" fbTx="0.094214286" />
<wpr uId="72" tId="5" fbRx="0.094214286" lbRx="0" />
<wpr uId="72" tId="6" fbRx="0.094214286" lbRx="0" />
<p fId="3" fbTx="0.094282096" lbTx="0.09428218" tId="0" fbRx="0.104282096" lbRx="0.10428218" />
<p fId="0" fbTx="0.09428218" lbTx="0.094283055" tId="1" fbRx="0.09428218" lbRx="0.094283055" />
<p fId="1" fbTx="0.094283055" lbTx="0.09428393" tId="4" fbRx="0.094283055" lbRx="0.09428393" />
<p fId="3" fbTx="0.094382096" lbTx="0.09438218" tId="0" fbRx="0.104382096" lbRx="0.10438218" />
<p fId="0" fbTx="0.09438218" lbTx="0.094383055" tId="1" fbRx="0.09438218" lbRx="0.094383055" />
<p fId="1" fbTx="0.094383055" lbTx="0.09438393" tId="4" fbRx="0.094383055" lbRx="0.09438393" />
<p fId="3" fbTx="0.094482096" lbTx="0.09448218" tId="0" fbRx="0.104482096" lbRx="0.10448218" />
<p fId="0" fbTx="0.09448218" lbTx="0.094483055" tId="1" fbRx="0.09448218" lbRx="0.094483055" />
<p fId="1" fbTx="0.094483055" lbTx="0.09448393" tId="4" fbRx="0.094483055" lbRx="0.09448393" />
<p fId="3" fbTx="0.094582096" lbTx="0.09458218" tId="0" fbRx="0.104582096" lbRx="0.10458218" />
<p fId="0" fbTx="0.09458218" lbTx="0.094583055" tId="1" fbRx="0.09458218" lbRx="0.094583055" />
<p fId="1" fbTx="0.094583055" lbTx="0.09458393" tId="4" fbRx="0.094583055" lbRx="0.09458393" />
<p fId="3" fbTx="0.094682096" lbTx="0.09468218" tId="0" fbRx="0.104682096" lbRx="0.10468218" />
<p fId="0" fbTx="0.09468218" lbTx="0.094683055" tId="1" fbRx="0.09468218" lbRx="0.094683055" />
<p fId="1" fbTx="0.094683055" lbTx="0.09468393" tId="4" fbRx="0.094683055" lbRx="0.09468393" />
<p fId="3" fbTx="0.094782096" lbTx="0.09478218" tId="0" fbRx="0.104782096" lbRx="0.10478218" />
<p fId="0" fbTx="0.09478218" lbTx="0.094783055" tId="1" fbRx="0.09478218" lbRx="0.094783055" />
<p fId="1" fbTx="0.094783055" lbTx="0.09478393" tId="4" fbRx="0.094783055" lbRx="0.09478393" />
<p fId="3" fbTx="0.094882096" lbTx="0.09488218" tId="0" fbRx="0.104882096" lbRx="0.10488218" />
<p fId="0" fbTx="0.09488218" lbTx="0.094883055" tId="1" fbRx="0.09488218" lbRx="0.094883055" />
<p fId="1" fbTx="0.094883055" lbTx="0.09488393" tId="4" fbRx="0.094883055" lbRx="0.09488393" />
<p fId="3" fbTx="0.094982096" lbTx="0.09498218" tId="0" fbRx="0.104982096" lbRx="0.10498218" />
<p fId="0" fbTx="0.09498218" lbTx="0.094983055" tId="1" fbRx="0.09498218" lbRx="0.094983055" />
<p fId="1" fbTx="0.094983055" lbTx="0.09498393" tId="4" fbRx="0.094983055" lbRx="0.09498393" />
<p fId="3" fbTx="0.095082096" lbTx="0.09508218" tId="0" fbRx="0.105082096" lbRx="0.10508218" />
<p fId="0" fbTx="0.09508218" lbTx="0.095083055" tId="1" fbRx="0.09508218" lbRx="0.095083055" />
<p fId="1" fbTx="0.095083055" lbTx="0.09508393" tId="4" fbRx="0.095083055" lbRx="0.09508393" />
<p fId="3" fbTx="0.095182096" lbTx="0.09518218" tId="0" fbRx="0.105182096" lbRx="0.10518218" />
<p fId="0" fbTx="0.09518218" lbTx="0.095183055" tId="1" fbRx="0.09518218" lbRx="0.095183055" />
<p fId="1" fbTx="0.095183055" lbTx="0.09518393" tId="4" fbRx="0.095183055" lbRx="0.09518393" />
<pr uId="73" fId="4" fbTx="0.095214286" />
<wpr uId="73" tId="5" fbRx="0.095214286" lbRx="0" />
<wpr uId="73" tId="6" fbRx="0.095214286" lbRx="0" />
<p fId="3" fbTx="0.095282096" lbTx="0.09528218" tId="0" fbRx="0.105282096" lbRx="0.10528218" />
<p fId="0" fbTx="0.09528218" lbTx="0.095283055" tId="1" fbRx="0.09528218" lbRx="0.095283055" />
<p fId="1" fbTx="0.095283055" lbTx="0.09528393" tId="4" fbRx="0.095283055" lbRx="0.09528393" />
<p fId="3" fbTx="0.095382096" lbTx="0.09538218" tId="0" fbRx="0.105382096" lbRx="0.10538218" />
<p fId="0" fbTx="0.09538218" lbTx="0.095383055" tId="1" fbRx="0.09538218" lbRx="0.095383055" />
<p fId="1" fbTx="0.095383055" lbTx="0.09538393" tId="4" fbRx="0.095383055" lbRx="0.09538393" />
<p fId="3" fbTx="0.095482096" lbTx="0.09548218" tId="0" fbRx="0.105482096" lbRx="0.10548218" />
<p fId="0" fbTx="0.09548218" lbTx="0.095483055" tId="1" fbRx="0.09548218" lbRx="0.095483055" />
<p fId="1" fbTx="0.095483055" lbTx="0.09548393" tId="4" fbRx="0.095483055" lbRx="0.09548393" />
<p fId="3" fbTx="0.095582096" lbTx="0.09558218" tId="0" fbRx="0.105582096" lbRx="0.10558218" />
<p fId="0" fbTx="0.09558218" lbTx="0.095583055" tId="1" fbRx="0.09558218" lbRx="0.095583055" />
<p fId="1" fbTx="0.095583055" lbTx="0.09558393" tId="4" fbRx="0.095583055" lbRx="0.09558393" />
<p fId="3" fbTx="0.095682096" lbTx="0.09568218" tId="0" fbRx="0.105682096" lbRx="0.10568218" />
<p fId="0" fbTx="0.09568218" lbTx="0.095683055" tId="1" fbRx="0.09568218" lbRx="0.095683055" />
<p fId="1" fbTx="0.095683055" lbTx="0.09568393" tId="4" fbRx="0.095683055" lbRx="0.09568393" />
<p fId="3" fbTx="0.095782096" lbTx="0.09578218" tId="0" fbRx="0.105782096" lbRx="0.10578218" />
<p fId="0" fbTx="0.09578218" lbTx="0.095783055" tId="1" fbRx="0.09578218" lbRx="0.095783055" />
<p fId="1" fbTx="0.095783055" lbTx="0.09578393" tId="4" fbRx="0.095783055" lbRx="0.09578393" />
<p fId="3" fbTx="0.095882096" lbTx="0.09588218" tId="0" fbRx="0.105882096" lbRx="0.10588218" />
<p fId="0" fbTx="0.09588218" lbTx="0.095883055" tId="1" fbRx="0.09588218" lbRx="0.095883055" />
<p fId="1" fbTx="0.095883055" lbTx="0.09588393" tId="4" fbRx="0.095883055" lbRx="0.09588393" />
<p fId="3" fbTx="0.095982096" lbTx="0.09598218" tId="0" fbRx="0.105982096" lbRx="0.10598218" />
<p fId="0" fbTx="0.09598218" lbTx="0.095983055" tId="1" fbRx="0.09598218" lbRx="0.095983055" />
<p fId="1" fbTx="0.095983055" lbTx="0.09598393" tId="4" fbRx="0.095983055" lbRx="0.09598393" />
<p fId="3" fbTx="0.096082096" lbTx="0.09608218" tId="0" fbRx="0.106082096" lbRx="0.10608218" />
<p fId="0" fbTx="0.09608218" lbTx="0.096083055" tId="1" fbRx="0.09608218" lbRx="0.096083055" />
<p fId="1" fbTx="0.096083055" lbTx="0.09608393" tId="4" fbRx="0.096083055" lbRx="0.09608393" />
<p fId="3" fbTx="0.096182096" lbTx="0.09618218" tId="0" fbRx="0.106182096" lbRx="0.10618218" />
<p fId="0" fbTx="0.09618218" lbTx="0.096183055" tId="1" fbRx="0.09618218" lbRx="0.096183055" />
<p fId="1" fbTx="0.096183055" lbTx="0.09618393" tId="4" fbRx="0.096183055" lbRx="0.09618393" />
<pr uId="74" fId="4" fbTx="0.096214286" />
<wpr uId="74" tId="5" fbRx="0.096214286" lbRx="0" />
<wpr uId="74" tId="6" fbRx="0.096214286" lbRx="0" />
<p fId="3" fbTx="0.096282096" lbTx="0.09628218" tId="0" fbRx="0.106282096" lbRx="0.10628218" />
<p fId="0" fbTx="0.09628218" lbTx="0.096283055" tId="1" fbRx="0.09628218" lbRx="0.096283055" />
<p fId="1" fbTx="0.096283055" lbTx="0.09628393" tId="4" fbRx="0.096283055" lbRx="0.09628393" />
<p fId="3" fbTx="0.096382096" lbTx="0.09638218" tId="0" fbRx="0.106382096" lbRx="0.10638218" />
<p fId="0" fbTx="0.09638218" lbTx="0.096383055" tId="1" fbRx="0.09638218" lbRx="0.096383055" />
<p fId="1" fbTx="0.096383055" lbTx="0.09638393" tId="4" fbRx="0.096383055" lbRx="0.09638393" />
<p fId="3" fbTx="0.096482096" lbTx="0.09648218" tId="0" fbRx="0.106482096" lbRx="0.10648218" />
<p fId="0" fbTx="0.09648218" lbTx="0.096483055" tId="1" fbRx="0.09648218" lbRx="0.096483055" />
<p fId="1" fbTx="0.096483055" lbTx="0.09648393" tId="4" fbRx="0.096483055" lbRx="0.09648393" />
<p fId="3" fbTx="0.096582096" lbTx="0.09658218" tId="0" fbRx="0.106582096" lbRx="0.10658218" />
<p fId="0" fbTx="0.09658218" lbTx="0.096583055" tId="1" fbRx="0.09658218" lbRx="0.096583055" />
<p fId="1" fbTx="0.096583055" lbTx="0.09658393" tId="4" fbRx="0.096583055" lbRx="0.09658393" />
<p fId="3" fbTx="0.096682096" lbTx="0.09668218" tId="0" fbRx="0.106682096" lbRx="0.10668218" />
<p fId="0" fbTx="0.09668218" lbTx="0.096683055" tId="1" fbRx="0.09668218" lbRx="0.096683055" />
<p fId="1" fbTx="0.096683055" lbTx="0.09668393" tId="4" fbRx="0.096683055" lbRx="0.09668393" />
<p fId="3" fbTx="0.096782096" lbTx="0.09678218" tId="0" fbRx="0.106782096" lbRx="0.10678218" />
<p fId="0" fbTx="0.09678218" lbTx="0.096783055" tId="1" fbRx="0.09678218" lbRx="0.096783055" />
<p fId="1" fbTx="0.096783055" lbTx="0.09678393" tId="4" fbRx="0.096783055" lbRx="0.09678393" />
<p fId="3" fbTx="0.096882096" lbTx="0.09688218" tId="0" fbRx="0.106882096" lbRx="0.10688218" />
<p fId="0" fbTx="0.09688218" lbTx="0.096883055" tId="1" fbRx="0.09688218" lbRx="0.096883055" />
<p fId="1" fbTx="0.096883055" lbTx="0.09688393" tId="4" fbRx="0.096883055" lbRx="0.09688393" />
<p fId="3" fbTx="0.096982096" lbTx="0.09698218" tId="0" fbRx="0.106982096" lbRx="0.10698218" />
<p fId="0" fbTx="0.09698218" lbTx="0.096983055" tId="1" fbRx="0.09698218" lbRx="0.096983055" />
<p fId="1" fbTx="0.096983055" lbTx="0.09698393" tId="4" fbRx="0.096983055" lbRx="0.09698393" />
<p fId="3" fbTx="0.097082096" lbTx="0.09708218" tId="0" fbRx="0.107082096" lbRx="0.10708218" />
<p fId="0" fbTx="0.09708218" lbTx="0.097083055" tId="1" fbRx="0.09708218" lbRx="0.097083055" />
<p fId="1" fbTx="0.097083055" lbTx="0.09708393" tId="4" fbRx="0.097083055" lbRx="0.09708393" />
<p fId="3" fbTx="0.097182096" lbTx="0.09718218" tId="0" fbRx="0.107182096" lbRx="0.10718218" />
<p fId="0" fbTx="0.09718218" lbTx="0.097183055" tId="1" fbRx="0.09718218" lbRx="0.097183055" />
<p fId="1" fbTx="0.097183055" lbTx="0.09718393" tId="4" fbRx="0.097183055" lbRx="0.09718393" />
<pr uId="75" fId="4" fbTx="0.097214286" />
<wpr uId="75" tId="5" fbRx="0.097214286" lbRx="0" />
<wpr uId="75" tId="6" fbRx="0.097214286" lbRx="0" />
<p fId="3" fbTx="0.097282096" lbTx="0.09728218" tId="0" fbRx="0.107282096" lbRx="0.10728218" />
<p fId="0" fbTx="0.09728218" lbTx="0.097283055" tId="1" fbRx="0.09728218" lbRx="0.097283055" />
<p fId="1" fbTx="0.097283055" lbTx="0.09728393" tId="4" fbRx="0.097283055" lbRx="0.09728393" />
<p fId="3" fbTx="0.097382096" lbTx="0.09738218" tId="0" fbRx="0.107382096" lbRx="0.10738218" />
<p fId="0" fbTx="0.09738218" lbTx="0.097383055" tId="1" fbRx="0.09738218" lbRx="0.097383055" />
<p fId="1" fbTx="0.097383055" lbTx="0.09738393" tId="4" fbRx="0.097383055" lbRx="0.09738393" />
<p fId="3" fbTx="0.097482096" lbTx="0.09748218" tId="0" fbRx="0.107482096" lbRx="0.10748218" />
<p fId="0" fbTx="0.09748218" lbTx="0.097483055" tId="1" fbRx="0.09748218" lbRx="0.097483055" />
<p fId="1" fbTx="0.097483055" lbTx="0.09748393" tId="4" fbRx="0.097483055" lbRx="0.09748393" />
<p fId="3" fbTx="0.097582096" lbTx="0.09758218" tId="0" fbRx="0.107582096" lbRx="0.10758218" />
<p fId="0" fbTx="0.09758218" lbTx="0.097583055" tId="1" fbRx="0.09758218" lbRx="0.097583055" />
<p fId="1" fbTx="0.097583055" lbTx="0.09758393" tId="4" fbRx="0.097583055" lbRx="0.09758393" />
<p fId="3" fbTx="0.097682096" lbTx="0.09768218" tId="0" fbRx="0.107682096" lbRx="0.10768218" />
<p fId="0" fbTx="0.09768218" lbTx="0.097683055" tId="1" fbRx="0.09768218" lbRx="0.097683055" />
<p fId="1" fbTx="0.097683055" lbTx="0.09768393" tId="4" fbRx="0.097683055" lbRx="0.09768393" />
<p fId="3" fbTx="0.097782096" lbTx="0.09778218" tId="0" fbRx="0.107782096" lbRx="0.10778218" />
<p fId="0" fbTx="0.09778218" lbTx="0.097783055" tId="1" fbRx="0.09778218" lbRx="0.097783055" />
<p fId="1" fbTx="0.097783055" lbTx="0.09778393" tId="4" fbRx="0.097783055" lbRx="0.09778393" />
<p fId="3" fbTx="0.097882096" lbTx="0.09788218" tId="0" fbRx="0.107882096" lbRx="0.10788218" />
<p fId="0" fbTx="0.09788218" lbTx="0.097883055" tId="1" fbRx="0.09788218" lbRx="0.097883055" />
<p fId="1" fbTx="0.097883055" lbTx="0.09788393" tId="4" fbRx="0.097883055" lbRx="0.09788393" />
<p fId="3" fbTx="0.097982096" lbTx="0.09798218" tId="0" fbRx="0.107982096" lbRx="0.10798218" />
<p fId="0" fbTx="0.09798218" lbTx="0.097983055" tId="1" fbRx="0.09798218" lbRx="0.097983055" />
<p fId="1" fbTx="0.097983055" lbTx="0.09798393" tId="4" fbRx="0.097983055" lbRx="0.09798393" />
<p fId="3" fbTx="0.098082096" lbTx="0.09808218" tId="0" fbRx="0.108082096" lbRx="0.10808218" />
<p fId="0" fbTx="0.09808218" lbTx="0.098083055" tId="1" fbRx="0.09808218" lbRx="0.098083055" />
<p fId="1" fbTx="0.098083055" lbTx="0.09808393" tId="4" fbRx="0.098083055" lbRx="0.09808393" />
<p fId="3" fbTx="0.098182096" lbTx="0.09818218" tId="0" fbRx="0.108182096" lbRx="0.10818218" />
<p fId="0" fbTx="0.09818218" lbTx="0.098183055" tId="1" fbRx="0.09818218" lbRx="0.098183055" />
<p fId="1" fbTx="0.098183055" lbTx="0.09818393" tId="4" fbRx="0.098183055" lbRx="0.09818393" />
<pr uId="76" fId="4" fbTx="0.098214286" />
<wpr uId="76" tId="5" fbRx="0.098214286" lbRx="0" />
<wpr uId="76" tId="6" fbRx="0.098214286" lbRx="0" />
<p fId="3" fbTx="0.098282096" lbTx="0.09828218" tId="0" fbRx="0.108282096" lbRx="0.10828218" />
<p fId="0" fbTx="0.09828218" lbTx="0.098283055" tId="1" fbRx="0.09828218" lbRx="0.098283055" />
<p fId="1" fbTx="0.098283055" lbTx="0.09828393" tId="4" fbRx="0.098283055" lbRx="0.09828393" />
<p fId="3" fbTx="0.098382096" lbTx="0.09838218" tId="0" fbRx="0.108382096" lbRx="0.10838218" />
<p fId="0" fbTx="0.09838218" lbTx="0.098383055" tId="1" fbRx="0.09838218" lbRx="0.098383055" />
<p fId="1" fbTx="0.098383055" lbTx="0.09838393" tId="4" fbRx="0.098383055" lbRx="0.09838393" />
<p fId="3" fbTx="0.098482096" lbTx="0.09848218" tId="0" fbRx="0.108482096" lbRx="0.10848218" />
<p fId="0" fbTx="0.09848218" lbTx="0.098483055" tId="1" fbRx="0.09848218" lbRx="0.098483055" />
<p fId="1" fbTx="0.098483055" lbTx="0.09848393" tId="4" fbRx="0.098483055" lbRx="0.09848393" />
<p fId="3" fbTx="0.098582096" lbTx="0.09858218" tId="0" fbRx="0.108582096" lbRx="0.10858218" />
<p fId="0" fbTx="0.09858218" lbTx="0.098583055" tId="1" fbRx="0.09858218" lbRx="0.098583055" />
<p fId="1" fbTx="0.098583055" lbTx="0.09858393" tId="4" fbRx="0.098583055" lbRx="0.09858393" />
<p fId="3" fbTx="0.098682096" lbTx="0.09868218" tId="0" fbRx="0.108682096" lbRx="0.10868218" />
<p fId="0" fbTx="0.09868218" lbTx="0.098683055" tId="1" fbRx="0.09868218" lbRx="0.098683055" />
<p fId="1" fbTx="0.098683055" lbTx="0.09868393" tId="4" fbRx="0.098683055" lbRx="0.09868393" />
<p fId="3" fbTx="0.098782096" lbTx="0.09878218" tId="0" fbRx="0.108782096" lbRx="0.10878218" />
<p fId="0" fbTx="0.09878218" lbTx="0.098783055" tId="1" fbRx="0.09878218" lbRx="0.098783055" />
<p fId="1" fbTx="0.098783055" lbTx="0.09878393" tId="4" fbRx="0.098783055" lbRx="0.09878393" />
<p fId="3" fbTx="0.098882096" lbTx="0.09888218" tId="0" fbRx="0.108882096" lbRx="0.10888218" />
<p fId="0" fbTx="0.09888218" lbTx="0.098883055" tId="1" fbRx="0.09888218" lbRx="0.098883055" />
<p fId="1" fbTx="0.098883055" lbTx="0.09888393" tId="4" fbRx="0.098883055" lbRx="0.09888393" />
<p fId="3" fbTx="0.098982096" lbTx="0.09898218" tId="0" fbRx="0.108982096" lbRx="0.10898218" />
<p fId="0" fbTx="0.09898218" lbTx="0.098983055" tId="1" fbRx="0.09898218" lbRx="0.098983055" />
<p fId="1" fbTx="0.098983055" lbTx="0.09898393" tId="4" fbRx="0.098983055" lbRx="0.09898393" />
<p fId="3" fbTx="0.099082096" lbTx="0.09908218" tId="0" fbRx="0.109082096" lbRx="0.10908218" />
<p fId="0" fbTx="0.09908218" lbTx="0.099083055" tId="1" fbRx="0.09908218" lbRx="0.099083055" />
<p fId="1" fbTx="0.099083055" lbTx="0.09908393" tId="4" fbRx="0.099083055" lbRx="0.09908393" />
<p fId="3" fbTx="0.099182096" lbTx="0.09918218" tId="0" fbRx="0.109182096" lbRx="0.10918218" />
<p fId="0" fbTx="0.09918218" lbTx="0.099183055" tId="1" fbRx="0.09918218" lbRx="0.099183055" />
<p fId="1" fbTx="0.099183055" lbTx="0.09918393" tId="4" fbRx="0.099183055" lbRx="0.09918393" />
<pr uId="77" fId="4" fbTx="0.099214286" />
<wpr uId="77" tId="5" fbRx="0.099214286" lbRx="0" />
<wpr uId="77" tId="6" fbRx="0.099214286" lbRx="0" />
<p fId="3" fbTx="0.099282096" lbTx="0.09928218" tId="0" fbRx="0.109282096" lbRx="0.10928218" />
<p fId="0" fbTx="0.09928218" lbTx="0.099283055" tId="1" fbRx="0.09928218" lbRx="0.099283055" />
<p fId="1" fbTx="0.099283055" lbTx="0.09928393" tId="4" fbRx="0.099283055" lbRx="0.09928393" />
<p fId="3" fbTx="0.099382096" lbTx="0.09938218" tId="0" fbRx="0.109382096" lbRx="0.10938218" />
<p fId="0" fbTx="0.09938218" lbTx="0.099383055" tId="1" fbRx="0.09938218" lbRx="0.099383055" />
<p fId="1" fbTx="0.099383055" lbTx="0.09938393" tId="4" fbRx="0.099383055" lbRx="0.09938393" />
<p fId="3" fbTx="0.099482096" lbTx="0.09948218" tId="0" fbRx="0.109482096" lbRx="0.10948218" />
<p fId="0" fbTx="0.09948218" lbTx="0.099483055" tId="1" fbRx="0.09948218" lbRx="0.099483055" />
<p fId="1" fbTx="0.099483055" lbTx="0.09948393" tId="4" fbRx="0.099483055" lbRx="0.09948393" />
<p fId="3" fbTx="0.099582096" lbTx="0.09958218" tId="0" fbRx="0.109582096" lbRx="0.10958218" />
<p fId="0" fbTx="0.09958218" lbTx="0.099583055" tId="1" fbRx="0.09958218" lbRx="0.099583055" />
<p fId="1" fbTx="0.099583055" lbTx="0.09958393" tId="4" fbRx="0.099583055" lbRx="0.09958393" />
<p fId="3" fbTx="0.099682096" lbTx="0.09968218" tId="0" fbRx="0.109682096" lbRx="0.10968218" />
<p fId="0" fbTx="0.09968218" lbTx="0.099683055" tId="1" fbRx="0.09968218" lbRx="0.099683055" />
<p fId="1" fbTx="0.099683055" lbTx="0.09968393" tId="4" fbRx="0.099683055" lbRx="0.09968393" />
<p fId="3" fbTx="0.099782096" lbTx="0.09978218" tId="0" fbRx="0.109782096" lbRx="0.10978218" />
<p fId="0" fbTx="0.09978218" lbTx="0.099783055" tId="1" fbRx="0.09978218" lbRx="0.099783055" />
<p fId="1" fbTx="0.099783055" lbTx="0.09978393" tId="4" fbRx="0.099783055" lbRx="0.09978393" />
<p fId="3" fbTx="0.099882096" lbTx="0.09988218" tId="0" fbRx="0.109882096" lbRx="0.10988218" />
<p fId="0" fbTx="0.09988218" lbTx="0.099883055" tId="1" fbRx="0.09988218" lbRx="0.099883055" />
<p fId="1" fbTx="0.099883055" lbTx="0.09988393" tId="4" fbRx="0.099883055" lbRx="0.09988393" />
<p fId="3" fbTx="0.099982096" lbTx="0.09998218" tId="0" fbRx="0.109982096" lbRx="0.10998218" />
<p fId="0" fbTx="0.09998218" lbTx="0.099983055" tId="1" fbRx="0.09998218" lbRx="0.099983055" />
<p fId="1" fbTx="0.099983055" lbTx="0.09998393" tId="4" fbRx="0.099983055" lbRx="0.09998393" />
<p fId="3" fbTx="0.100082096" lbTx="0.10008218" tId="0" fbRx="0.110082096" lbRx="0.11008218" />
<p fId="0" fbTx="0.10008218" lbTx="0.100083055" tId="1" fbRx="0.10008218" lbRx="0.100083055" />
<p fId="1" fbTx="0.100083055" lbTx="0.10008393" tId="4" fbRx="0.100083055" lbRx="0.10008393" />
<p fId="3" fbTx="0.100182096" lbTx="0.10018218" tId="0" fbRx="0.110182096" lbRx="0.11018218" />
<p fId="0" fbTx="0.10018218" lbTx="0.100183055" tId="1" fbRx="0.10018218" lbRx="0.100183055" />
<p fId="1" fbTx="0.100183055" lbTx="0.10018393" tId="4" fbRx="0.100183055" lbRx="0.10018393" />
<pr uId="78" fId="4" fbTx="0.100214286" />
<wpr uId="78" tId="5" fbRx="0.100214286" lbRx="0" />
<wpr uId="78" tId="6" fbRx="0.100214286" lbRx="0" />
<p fId="3" fbTx="0.100282096" lbTx="0.10028218" tId="0" fbRx="0.110282096" lbRx="0.11028218" />
<p fId="0" fbTx="0.10028218" lbTx="0.100283055" tId="1" fbRx="0.10028218" lbRx="0.100283055" />
<p fId="1" fbTx="0.100283055" lbTx="0.10028393" tId="4" fbRx="0.100283055" lbRx="0.10028393" />
<p fId="3" fbTx="0.100382096" lbTx="0.10038218" tId="0" fbRx="0.110382096" lbRx="0.11038218" />
<p fId="0" fbTx="0.10038218" lbTx="0.100383055" tId="1" fbRx="0.10038218" lbRx="0.100383055" />
<p fId="1" fbTx="0.100383055" lbTx="0.10038393" tId="4" fbRx="0.100383055" lbRx="0.10038393" />
<p fId="3" fbTx="0.100482096" lbTx="0.10048218" tId="0" fbRx="0.110482096" lbRx="0.11048218" />
<p fId="0" fbTx="0.10048218" lbTx="0.100483055" tId="1" fbRx="0.10048218" lbRx="0.100483055" />
<p fId="1" fbTx="0.100483055" lbTx="0.10048393" tId="4" fbRx="0.100483055" lbRx="0.10048393" />
<p fId="3" fbTx="0.100582096" lbTx="0.10058218" tId="0" fbRx="0.110582096" lbRx="0.11058218" />
<p fId="0" fbTx="0.10058218" lbTx="0.100583055" tId="1" fbRx="0.10058218" lbRx="0.100583055" />
<p fId="1" fbTx="0.100583055" lbTx="0.10058393" tId="4" fbRx="0.100583055" lbRx="0.10058393" />
<p fId="3" fbTx="0.100682096" lbTx="0.10068218" tId="0" fbRx="0.110682096" lbRx="0.11068218" />
<p fId="0" fbTx="0.10068218" lbTx="0.100683055" tId="1" fbRx="0.10068218" lbRx="0.100683055" />
<p fId="1" fbTx="0.100683055" lbTx="0.10068393" tId="4" fbRx="0.100683055" lbRx="0.10068393" />
<p fId="3" fbTx="0.100782096" lbTx="0.10078218" tId="0" fbRx="0.110782096" lbRx="0.11078218" />
<p fId="0" fbTx="0.10078218" lbTx="0.100783055" tId="1" fbRx="0.10078218" lbRx="0.100783055" />
<p fId="1" fbTx="0.100783055" lbTx="0.10078393" tId="4" fbRx="0.100783055" lbRx="0.10078393" />
<p fId="3" fbTx="0.100882096" lbTx="0.10088218" tId="0" fbRx="0.110882096" lbRx="0.11088218" />
<p fId="0" fbTx="0.10088218" lbTx="0.100883055" tId="1" fbRx="0.10088218" lbRx="0.100883055" />
<p fId="1" fbTx="0.100883055" lbTx="0.10088393" tId="4" fbRx="0.100883055" lbRx="0.10088393" />
<p fId="3" fbTx="0.100982096" lbTx="0.10098218" tId="0" fbRx="0.110982096" lbRx="0.11098218" />
<p fId="0" fbTx="0.10098218" lbTx="0.100983055" tId="1" fbRx="0.10098218" lbRx="0.100983055" />
<p fId="1" fbTx="0.100983055" lbTx="0.10098393" tId="4" fbRx="0.100983055" lbRx="0.10098393" />
<p fId="3" fbTx="0.101082096" lbTx="0.10108218" tId="0" fbRx="0.111082096" lbRx="0.11108218" />
<p fId="0" fbTx="0.10108218" lbTx="0.101083055" tId="1" fbRx="0.10108218" lbRx="0.101083055" />
<p fId="1" fbTx="0.101083055" lbTx="0.10108393" tId="4" fbRx="0.101083055" lbRx="0.10108393" />
<p fId="3" fbTx="0.101182096" lbTx="0.10118218" tId="0" fbRx="0.111182096" lbRx="0.11118218" />
<p fId="0" fbTx="0.10118218" lbTx="0.101183055" tId="1" fbRx="0.10118218" lbRx="0.101183055" />
<p fId="1" fbTx="0.101183055" lbTx="0.10118393" tId="4" fbRx="0.101183055" lbRx="0.10118393" />
<pr uId="79" fId="4" fbTx="0.101214286" />
<wpr uId="79" tId="5" fbRx="0.101214286" lbRx="0" />
<wpr uId="79" tId="6" fbRx="0.101214286" lbRx="0" />
<p fId="3" fbTx="0.101282096" lbTx="0.10128218" tId="0" fbRx="0.111282096" lbRx="0.11128218" />
<p fId="0" fbTx="0.10128218" lbTx="0.101283055" tId="1" fbRx="0.10128218" lbRx="0.101283055" />
<p fId="1" fbTx="0.101283055" lbTx="0.10128393" tId="4" fbRx="0.101283055" lbRx="0.10128393" />
<p fId="3" fbTx="0.101382096" lbTx="0.10138218" tId="0" fbRx="0.111382096" lbRx="0.11138218" />
<p fId="0" fbTx="0.10138218" lbTx="0.101383055" tId="1" fbRx="0.10138218" lbRx="0.101383055" />
<p fId="1" fbTx="0.101383055" lbTx="0.10138393" tId="4" fbRx="0.101383055" lbRx="0.10138393" />
<p fId="3" fbTx="0.101482096" lbTx="0.10148218" tId="0" fbRx="0.111482096" lbRx="0.11148218" />
<p fId="0" fbTx="0.10148218" lbTx="0.101483055" tId="1" fbRx="0.10148218" lbRx="0.101483055" />
<p fId="1" fbTx="0.101483055" lbTx="0.10148393" tId="4" fbRx="0.101483055" lbRx="0.10148393" />
<p fId="3" fbTx="0.101582096" lbTx="0.10158218" tId="0" fbRx="0.111582096" lbRx="0.11158218" />
<p fId="0" fbTx="0.10158218" lbTx="0.101583055" tId="1" fbRx="0.10158218" lbRx="0.101583055" />
<p fId="1" fbTx="0.101583055" lbTx="0.10158393" tId="4" fbRx="0.101583055" lbRx="0.10158393" />
<p fId="3" fbTx="0.101682096" lbTx="0.10168218" tId="0" fbRx="0.111682096" lbRx="0.11168218" />
<p fId="0" fbTx="0.10168218" lbTx="0.101683055" tId="1" fbRx="0.10168218" lbRx="0.101683055" />
<p fId="1" fbTx="0.101683055" lbTx="0.10168393" tId="4" fbRx="0.101683055" lbRx="0.10168393" />
<p fId="3" fbTx="0.101782096" lbTx="0.10178218" tId="0" fbRx="0.111782096" lbRx="0.11178218" />
<p fId="0" fbTx="0.10178218" lbTx="0.101783055" tId="1" fbRx="0.10178218" lbRx="0.101783055" />
<p fId="1" fbTx="0.101783055" lbTx="0.10178393" tId="4" fbRx="0.101783055" lbRx="0.10178393" />
<p fId="3" fbTx="0.101882096" lbTx="0.10188218" tId="0" fbRx="0.111882096" lbRx="0.11188218" />
<p fId="0" fbTx="0.10188218" lbTx="0.101883055" tId="1" fbRx="0.10188218" lbRx="0.101883055" />
<p fId="1" fbTx="0.101883055" lbTx="0.10188393" tId="4" fbRx="0.101883055" lbRx="0.10188393" />
<p fId="3" fbTx="0.101982096" lbTx="0.10198218" tId="0" fbRx="0.111982096" lbRx="0.11198218" />
<p fId="0" fbTx="0.10198218" lbTx="0.101983055" tId="1" fbRx="0.10198218" lbRx="0.101983055" />
<p fId="1" fbTx="0.101983055" lbTx="0.10198393" tId="4" fbRx="0.101983055" lbRx="0.10198393" />
<p fId="3" fbTx="0.102082096" lbTx="0.10208218" tId="0" fbRx="0.112082096" lbRx="0.11208218" />
<p fId="0" fbTx="0.10208218" lbTx="0.102083055" tId="1" fbRx="0.10208218" lbRx="0.102083055" />
<p fId="1" fbTx="0.102083055" lbTx="0.10208393" tId="4" fbRx="0.102083055" lbRx="0.10208393" />
<p fId="3" fbTx="0.102182096" lbTx="0.10218218" tId="0" fbRx="0.112182096" lbRx="0.11218218" />
<p fId="0" fbTx="0.10218218" lbTx="0.102183055" tId="1" fbRx="0.10218218" lbRx="0.102183055" />
<p fId="1" fbTx="0.102183055" lbTx="0.10218393" tId="4" fbRx="0.102183055" lbRx="0.10218393" />
<pr uId="80" fId="4" fbTx="0.102214286" />
<wpr uId="80" tId="5" fbRx="0.102214286" lbRx="0" />
<wpr uId="80" tId="6" fbRx="0.102214286" lbRx="0" />
<p fId="3" fbTx="0.102282096" lbTx="0.10228218" tId="0" fbRx="0.112282096" lbRx="0.11228218" />
<p fId="0" fbTx="0.10228218" lbTx="0.102283055" tId="1" fbRx="0.10228218" lbRx="0.102283055" />
<p fId="1" fbTx="0.102283055" lbTx="0.10228393" tId="4" fbRx="0.102283055" lbRx="0.10228393" />
<p fId="3" fbTx="0.102382096" lbTx="0.10238218" tId="0" fbRx="0.112382096" lbRx="0.11238218" />
<p fId="0" fbTx="0.10238218" lbTx="0.102383055" tId="1" fbRx="0.10238218" lbRx="0.102383055" />
<p fId="1" fbTx="0.102383055" lbTx="0.10238393" tId="4" fbRx="0.102383055" lbRx="0.10238393" />
<p fId="3" fbTx="0.102482096" lbTx="0.10248218" tId="0" fbRx="0.112482096" lbRx="0.11248218" />
<p fId="0" fbTx="0.10248218" lbTx="0.102483055" tId="1" fbRx="0.10248218" lbRx="0.102483055" />
<p fId="1" fbTx="0.102483055" lbTx="0.10248393" tId="4" fbRx="0.102483055" lbRx="0.10248393" />
<p fId="3" fbTx="0.102582096" lbTx="0.10258218" tId="0" fbRx="0.112582096" lbRx="0.11258218" />
<p fId="0" fbTx="0.10258218" lbTx="0.102583055" tId="1" fbRx="0.10258218" lbRx="0.102583055" />
<p fId="1" fbTx="0.102583055" lbTx="0.10258393" tId="4" fbRx="0.102583055" lbRx="0.10258393" />
<p fId="3" fbTx="0.102682096" lbTx="0.10268218" tId="0" fbRx="0.112682096" lbRx="0.11268218" />
<p fId="0" fbTx="0.10268218" lbTx="0.102683055" tId="1" fbRx="0.10268218" lbRx="0.102683055" />
<p fId="1" fbTx="0.102683055" lbTx="0.10268393" tId="4" fbRx="0.102683055" lbRx="0.10268393" />
<p fId="3" fbTx="0.102782096" lbTx="0.10278218" tId="0" fbRx="0.112782096" lbRx="0.11278218" />
<p fId="0" fbTx="0.10278218" lbTx="0.102783055" tId="1" fbRx="0.10278218" lbRx="0.102783055" />
<p fId="1" fbTx="0.102783055" lbTx="0.10278393" tId="4" fbRx="0.102783055" lbRx="0.10278393" />
<p fId="3" fbTx="0.102882096" lbTx="0.10288218" tId="0" fbRx="0.112882096" lbRx="0.11288218" />
<p fId="0" fbTx="0.10288218" lbTx="0.102883055" tId="1" fbRx="0.10288218" lbRx="0.102883055" />
<p fId="1" fbTx="0.102883055" lbTx="0.10288393" tId="4" fbRx="0.102883055" lbRx="0.10288393" />
<p fId="3" fbTx="0.102982096" lbTx="0.10298218" tId="0" fbRx="0.112982096" lbRx="0.11298218" />
<p fId="0" fbTx="0.10298218" lbTx="0.102983055" tId="1" fbRx="0.10298218" lbRx="0.102983055" />
<p fId="1" fbTx="0.102983055" lbTx="0.10298393" tId="4" fbRx="0.102983055" lbRx="0.10298393" />
<p fId="3" fbTx="0.103082096" lbTx="0.10308218" tId="0" fbRx="0.113082096" lbRx="0.11308218" />
<p fId="0" fbTx="0.10308218" lbTx="0.103083055" tId="1" fbRx="0.10308218" lbRx="0.103083055" />
<p fId="1" fbTx="0.103083055" lbTx="0.10308393" tId="4" fbRx="0.103083055" lbRx="0.10308393" />
<p fId="3" fbTx="0.103182096" lbTx="0.10318218" tId="0" fbRx="0.113182096" lbRx="0.11318218" />
<p fId="0" fbTx="0.10318218" lbTx="0.103183055" tId="1" fbRx="0.10318218" lbRx="0.103183055" />
<p fId="1" fbTx="0.103183055" lbTx="0.10318393" tId="4" fbRx="0.103183055" lbRx="0.10318393" />
<pr uId="81" fId="4" fbTx="0.103214286" />
<wpr uId="81" tId="5" fbRx="0.103214286" lbRx="0" />
<wpr uId="81" tId="6" fbRx="0.103214286" lbRx="0" />
<p fId="3" fbTx="0.103282096" lbTx="0.10328218" tId="0" fbRx="0.113282096" lbRx="0.11328218" />
<p fId="0" fbTx="0.10328218" lbTx="0.103283055" tId="1" fbRx="0.10328218" lbRx="0.103283055" />
<p fId="1" fbTx="0.103283055" lbTx="0.10328393" tId="4" fbRx="0.103283055" lbRx="0.10328393" />
<p fId="3" fbTx="0.103382096" lbTx="0.10338218" tId="0" fbRx="0.113382096" lbRx="0.11338218" />
<p fId="0" fbTx="0.10338218" lbTx="0.103383055" tId="1" fbRx="0.10338218" lbRx="0.103383055" />
<p fId="1" fbTx="0.103383055" lbTx="0.10338393" tId="4" fbRx="0.103383055" lbRx="0.10338393" />
<p fId="3" fbTx="0.103482096" lbTx="0.10348218" tId="0" fbRx="0.113482096" lbRx="0.11348218" />
<p fId="0" fbTx="0.10348218" lbTx="0.103483055" tId="1" fbRx="0.10348218" lbRx="0.103483055" />
<p fId="1" fbTx="0.103483055" lbTx="0.10348393" tId="4" fbRx="0.103483055" lbRx="0.10348393" />
<p fId="3" fbTx="0.103582096" lbTx="0.10358218" tId="0" fbRx="0.113582096" lbRx="0.11358218" />
<p fId="0" fbTx="0.10358218" lbTx="0.103583055" tId="1" fbRx="0.10358218" lbRx="0.103583055" />
<p fId="1" fbTx="0.103583055" lbTx="0.10358393" tId="4" fbRx="0.103583055" lbRx="0.10358393" />
<p fId="3" fbTx="0.103682096" lbTx="0.10368218" tId="0" fbRx="0.113682096" lbRx="0.11368218" />
<p fId="0" fbTx="0.10368218" lbTx="0.103683055" tId="1" fbRx="0.10368218" lbRx="0.103683055" />
<p fId="1" fbTx="0.103683055" lbTx="0.10368393" tId="4" fbRx="0.103683055" lbRx="0.10368393" />
<p fId="3" fbTx="0.103782096" lbTx="0.10378218" tId="0" fbRx="0.113782096" lbRx="0.11378218" />
<p fId="0" fbTx="0.10378218" lbTx="0.103783055" tId="1" fbRx="0.10378218" lbRx="0.103783055" />
<p fId="1" fbTx="0.103783055" lbTx="0.10378393" tId="4" fbRx="0.103783055" lbRx="0.10378393" />
<p fId="3" fbTx="0.103882096" lbTx="0.10388218" tId="0" fbRx="0.113882096" lbRx="0.11388218" />
<p fId="0" fbTx="0.10388218" lbTx="0.103883055" tId="1" fbRx="0.10388218" lbRx="0.103883055" />
<p fId="1" fbTx="0.103883055" lbTx="0.10388393" tId="4" fbRx="0.103883055" lbRx="0.10388393" />
<p fId="3" fbTx="0.103982096" lbTx="0.10398218" tId="0" fbRx="0.113982096" lbRx="0.11398218" />
<p fId="0" fbTx="0.10398218" lbTx="0.103983055" tId="1" fbRx="0.10398218" lbRx="0.103983055" />
<p fId="1" fbTx="0.103983055" lbTx="0.10398393" tId="4" fbRx="0.103983055" lbRx="0.10398393" />
<p fId="3" fbTx="0.104082096" lbTx="0.10408218" tId="0" fbRx="0.114082096" lbRx="0.11408218" />
<p fId="0" fbTx="0.10408218" lbTx="0.104083055" tId="1" fbRx="0.10408218" lbRx="0.104083055" />
<p fId="1" fbTx="0.104083055" lbTx="0.10408393" tId="4" fbRx="0.104083055" lbRx="0.10408393" />
<p fId="3" fbTx="0.104182096" lbTx="0.10418218" tId="0" fbRx="0.114182096" lbRx="0.11418218" />
<p fId="0" fbTx="0.10418218" lbTx="0.104183055" tId="1" fbRx="0.10418218" lbRx="0.104183055" />
<p fId="1" fbTx="0.104183055" lbTx="0.10418393" tId="4" fbRx="0.104183055" lbRx="0.10418393" />
<pr uId="82" fId="4" fbTx="0.104214286" />
<wpr uId="82" tId="5" fbRx="0.104214286" lbRx="0" />
<wpr uId="82" tId="6" fbRx="0.104214286" lbRx="0" />
<p fId="3" fbTx="0.104282096" lbTx="0.10428218" tId="0" fbRx="0.114282096" lbRx="0.11428218" />
<p fId="0" fbTx="0.10428218" lbTx="0.104283055" tId="1" fbRx="0.10428218" lbRx="0.104283055" />
<p fId="1" fbTx="0.104283055" lbTx="0.10428393" tId="4" fbRx="0.104283055" lbRx="0.10428393" />
<p fId="3" fbTx="0.104382096" lbTx="0.10438218" tId="0" fbRx="0.114382096" lbRx="0.11438218" />
<p fId="0" fbTx="0.10438218" lbTx="0.104383055" tId="1" fbRx="0.10438218" lbRx="0.104383055" />
<p fId="1" fbTx="0.104383055" lbTx="0.10438393" tId="4" fbRx="0.104383055" lbRx="0.10438393" />
<p fId="3" fbTx="0.104482096" lbTx="0.10448218" tId="0" fbRx="0.114482096" lbRx="0.11448218" />
<p fId="0" fbTx="0.10448218" lbTx="0.104483055" tId="1" fbRx="0.10448218" lbRx="0.104483055" />
<p fId="1" fbTx="0.104483055" lbTx="0.10448393" tId="4" fbRx="0.104483055" lbRx="0.10448393" />
<p fId="3" fbTx="0.104582096" lbTx="0.10458218" tId="0" fbRx="0.114582096" lbRx="0.11458218" />
<p fId="0" fbTx="0.10458218" lbTx="0.104583055" tId="1" fbRx="0.10458218" lbRx="0.104583055" />
<p fId="1" fbTx="0.104583055" lbTx="0.10458393" tId="4" fbRx="0.104583055" lbRx="0.10458393" />
<p fId="3" fbTx="0.104682096" lbTx="0.10468218" tId="0" fbRx="0.114682096" lbRx="0.11468218" />
<p fId="0" fbTx="0.10468218" lbTx="0.104683055" tId="1" fbRx="0.10468218" lbRx="0.104683055" />
<p fId="1" fbTx="0.104683055" lbTx="0.10468393" tId="4" fbRx="0.104683055" lbRx="0.10468393" />
<p fId="3" fbTx="0.104782096" lbTx="0.10478218" tId="0" fbRx="0.114782096" lbRx="0.11478218" />
<p fId="0" fbTx="0.10478218" lbTx="0.104783055" tId="1" fbRx="0.10478218" lbRx="0.104783055" />
<p fId="1" fbTx="0.104783055" lbTx="0.10478393" tId="4" fbRx="0.104783055" lbRx="0.10478393" />
<p fId="3" fbTx="0.104882096" lbTx="0.10488218" tId="0" fbRx="0.114882096" lbRx="0.11488218" />
<p fId="0" fbTx="0.10488218" lbTx="0.104883055" tId="1" fbRx="0.10488218" lbRx="0.104883055" />
<p fId="1" fbTx="0.104883055" lbTx="0.10488393" tId="4" fbRx="0.104883055" lbRx="0.10488393" />
<p fId="3" fbTx="0.104982096" lbTx="0.10498218" tId="0" fbRx="0.114982096" lbRx="0.11498218" />
<p fId="0" fbTx="0.10498218" lbTx="0.104983055" tId="1" fbRx="0.10498218" lbRx="0.104983055" />
<p fId="1" fbTx="0.104983055" lbTx="0.10498393" tId="4" fbRx="0.104983055" lbRx="0.10498393" />
<p fId="3" fbTx="0.105082096" lbTx="0.10508218" tId="0" fbRx="0.115082096" lbRx="0.11508218" />
<p fId="0" fbTx="0.10508218" lbTx="0.105083055" tId="1" fbRx="0.10508218" lbRx="0.105083055" />
<p fId="1" fbTx="0.105083055" lbTx="0.10508393" tId="4" fbRx="0.105083055" lbRx="0.10508393" />
<p fId="3" fbTx="0.105182096" lbTx="0.10518218" tId="0" fbRx="0.115182096" lbRx="0.11518218" />
<p fId="0" fbTx="0.10518218" lbTx="0.105183055" tId="1" fbRx="0.10518218" lbRx="0.105183055" />
<p fId="1" fbTx="0.105183055" lbTx="0.10518393" tId="4" fbRx="0.105183055" lbRx="0.10518393" />
<pr uId="83" fId="4" fbTx="0.105214286" />
<wpr uId="83" tId="5" fbRx="0.105214286" lbRx="0" />
<wpr uId="83" tId="6" fbRx="0.105214286" lbRx="0" />
<p fId="3" fbTx="0.105282096" lbTx="0.10528218" tId="0" fbRx="0.115282096" lbRx="0.11528218" />
<p fId="0" fbTx="0.10528218" lbTx="0.105283055" tId="1" fbRx="0.10528218" lbRx="0.105283055" />
<p fId="1" fbTx="0.105283055" lbTx="0.10528393" tId="4" fbRx="0.105283055" lbRx="0.10528393" />
<p fId="3" fbTx="0.105382096" lbTx="0.10538218" tId="0" fbRx="0.115382096" lbRx="0.11538218" />
<p fId="0" fbTx="0.10538218" lbTx="0.105383055" tId="1" fbRx="0.10538218" lbRx="0.105383055" />
<p fId="1" fbTx="0.105383055" lbTx="0.10538393" tId="4" fbRx="0.105383055" lbRx="0.10538393" />
<p fId="3" fbTx="0.105482096" lbTx="0.10548218" tId="0" fbRx="0.115482096" lbRx="0.11548218" />
<p fId="0" fbTx="0.10548218" lbTx="0.105483055" tId="1" fbRx="0.10548218" lbRx="0.105483055" />
<p fId="1" fbTx="0.105483055" lbTx="0.10548393" tId="4" fbRx="0.105483055" lbRx="0.10548393" />
<p fId="3" fbTx="0.105582096" lbTx="0.10558218" tId="0" fbRx="0.115582096" lbRx="0.11558218" />
<p fId="0" fbTx="0.10558218" lbTx="0.105583055" tId="1" fbRx="0.10558218" lbRx="0.105583055" />
<p fId="1" fbTx="0.105583055" lbTx="0.10558393" tId="4" fbRx="0.105583055" lbRx="0.10558393" />
<p fId="3" fbTx="0.105682096" lbTx="0.10568218" tId="0" fbRx="0.115682096" lbRx="0.11568218" />
<p fId="0" fbTx="0.10568218" lbTx="0.105683055" tId="1" fbRx="0.10568218" lbRx="0.105683055" />
<p fId="1" fbTx="0.105683055" lbTx="0.10568393" tId="4" fbRx="0.105683055" lbRx="0.10568393" />
<p fId="3" fbTx="0.105782096" lbTx="0.10578218" tId="0" fbRx="0.115782096" lbRx="0.11578218" />
<p fId="0" fbTx="0.10578218" lbTx="0.105783055" tId="1" fbRx="0.10578218" lbRx="0.105783055" />
<p fId="1" fbTx="0.105783055" lbTx="0.10578393" tId="4" fbRx="0.105783055" lbRx="0.10578393" />
<p fId="3" fbTx="0.105882096" lbTx="0.10588218" tId="0" fbRx="0.115882096" lbRx="0.11588218" />
<p fId="0" fbTx="0.10588218" lbTx="0.105883055" tId="1" fbRx="0.10588218" lbRx="0.105883055" />
<p fId="1" fbTx="0.105883055" lbTx="0.10588393" tId="4" fbRx="0.105883055" lbRx="0.10588393" />
<p fId="3" fbTx="0.105982096" lbTx="0.10598218" tId="0" fbRx="0.115982096" lbRx="0.11598218" />
<p fId="0" fbTx="0.10598218" lbTx="0.105983055" tId="1" fbRx="0.10598218" lbRx="0.105983055" />
<p fId="1" fbTx="0.105983055" lbTx="0.10598393" tId="4" fbRx="0.105983055" lbRx="0.10598393" />
<p fId="3" fbTx="0.106082096" lbTx="0.10608218" tId="0" fbRx="0.116082096" lbRx="0.11608218" />
<p fId="0" fbTx="0.10608218" lbTx="0.106083055" tId="1" fbRx="0.10608218" lbRx="0.106083055" />
<p fId="1" fbTx="0.106083055" lbTx="0.10608393" tId="4" fbRx="0.106083055" lbRx="0.10608393" />
<p fId="3" fbTx="0.106182096" lbTx="0.10618218" tId="0" fbRx="0.116182096" lbRx="0.11618218" />
<p fId="0" fbTx="0.10618218" lbTx="0.106183055" tId="1" fbRx="0.10618218" lbRx="0.106183055" />
<p fId="1" fbTx="0.106183055" lbTx="0.10618393" tId="4" fbRx="0.106183055" lbRx="0.10618393" />
<pr uId="84" fId="4" fbTx="0.106214286" />
<wpr uId="84" tId="5" fbRx="0.106214286" lbRx="0" />
<wpr uId="84" tId="6" fbRx="0.106214286" lbRx="0" />
<p fId="3" fbTx="0.106282096" lbTx="0.10628218" tId="0" fbRx="0.116282096" lbRx="0.11628218" />
<p fId="0" fbTx="0.10628218" lbTx="0.106283055" tId="1" fbRx="0.10628218" lbRx="0.106283055" />
<p fId="1" fbTx="0.106283055" lbTx="0.10628393" tId="4" fbRx="0.106283055" lbRx="0.10628393" />
<p fId="3" fbTx="0.106382096" lbTx="0.10638218" tId="0" fbRx="0.116382096" lbRx="0.11638218" />
<p fId="0" fbTx="0.10638218" lbTx="0.106383055" tId="1" fbRx="0.10638218" lbRx="0.106383055" />
<p fId="1" fbTx="0.106383055" lbTx="0.10638393" tId="4" fbRx="0.106383055" lbRx="0.10638393" />
<p fId="3" fbTx="0.106482096" lbTx="0.10648218" tId="0" fbRx="0.116482096" lbRx="0.11648218" />
<p fId="0" fbTx="0.10648218" lbTx="0.106483055" tId="1" fbRx="0.10648218" lbRx="0.106483055" />
<p fId="1" fbTx="0.106483055" lbTx="0.10648393" tId="4" fbRx="0.106483055" lbRx="0.10648393" />
<p fId="3" fbTx="0.106582096" lbTx="0.10658218" tId="0" fbRx="0.116582096" lbRx="0.11658218" />
<p fId="0" fbTx="0.10658218" lbTx="0.106583055" tId="1" fbRx="0.10658218" lbRx="0.106583055" />
<p fId="1" fbTx="0.106583055" lbTx="0.10658393" tId="4" fbRx="0.106583055" lbRx="0.10658393" />
<p fId="3" fbTx="0.106682096" lbTx="0.10668218" tId="0" fbRx="0.116682096" lbRx="0.11668218" />
<p fId="0" fbTx="0.10668218" lbTx="0.106683055" tId="1" fbRx="0.10668218" lbRx="0.106683055" />
<p fId="1" fbTx="0.106683055" lbTx="0.10668393" tId="4" fbRx="0.106683055" lbRx="0.10668393" />
<p fId="3" fbTx="0.106782096" lbTx="0.10678218" tId="0" fbRx="0.116782096" lbRx="0.11678218" />
<p fId="0" fbTx="0.10678218" lbTx="0.106783055" tId="1" fbRx="0.10678218" lbRx="0.106783055" />
<p fId="1" fbTx="0.106783055" lbTx="0.10678393" tId="4" fbRx="0.106783055" lbRx="0.10678393" />
<p fId="3" fbTx="0.106882096" lbTx="0.10688218" tId="0" fbRx="0.116882096" lbRx="0.11688218" />
<p fId="0" fbTx="0.10688218" lbTx="0.106883055" tId="1" fbRx="0.10688218" lbRx="0.106883055" />
<p fId="1" fbTx="0.106883055" lbTx="0.10688393" tId="4" fbRx="0.106883055" lbRx="0.10688393" />
<p fId="3" fbTx="0.106982096" lbTx="0.10698218" tId="0" fbRx="0.116982096" lbRx="0.11698218" />
<p fId="0" fbTx="0.10698218" lbTx="0.106983055" tId="1" fbRx="0.10698218" lbRx="0.106983055" />
<p fId="1" fbTx="0.106983055" lbTx="0.10698393" tId="4" fbRx="0.106983055" lbRx="0.10698393" />
<p fId="3" fbTx="0.107082096" lbTx="0.10708218" tId="0" fbRx="0.117082096" lbRx="0.11708218" />
<p fId="0" fbTx="0.10708218" lbTx="0.107083055" tId="1" fbRx="0.10708218" lbRx="0.107083055" />
<p fId="1" fbTx="0.107083055" lbTx="0.10708393" tId="4" fbRx="0.107083055" lbRx="0.10708393" />
<p fId="3" fbTx="0.107182096" lbTx="0.10718218" tId="0" fbRx="0.117182096" lbRx="0.11718218" />
<p fId="0" fbTx="0.10718218" lbTx="0.107183055" tId="1" fbRx="0.10718218" lbRx="0.107183055" />
<p fId="1" fbTx="0.107183055" lbTx="0.10718393" tId="4" fbRx="0.107183055" lbRx="0.10718393" />
<pr uId="85" fId="4" fbTx="0.107214286" />
<wpr uId="85" tId="5" fbRx="0.107214286" lbRx="0" />
<wpr uId="85" tId="6" fbRx="0.107214286" lbRx="0" />
<p fId="3" fbTx="0.107282096" lbTx="0.10728218" tId="0" fbRx="0.117282096" lbRx="0.11728218" />
<p fId="0" fbTx="0.10728218" lbTx="0.107283055" tId="1" fbRx="0.10728218" lbRx="0.107283055" />
<p fId="1" fbTx="0.107283055" lbTx="0.10728393" tId="4" fbRx="0.107283055" lbRx="0.10728393" />
<p fId="3" fbTx="0.107382096" lbTx="0.10738218" tId="0" fbRx="0.117382096" lbRx="0.11738218" />
<p fId="0" fbTx="0.10738218" lbTx="0.107383055" tId="1" fbRx="0.10738218" lbRx="0.107383055" />
<p fId="1" fbTx="0.107383055" lbTx="0.10738393" tId="4" fbRx="0.107383055" lbRx="0.10738393" />
<p fId="3" fbTx="0.107482096" lbTx="0.10748218" tId="0" fbRx="0.117482096" lbRx="0.11748218" />
<p fId="0" fbTx="0.10748218" lbTx="0.107483055" tId="1" fbRx="0.10748218" lbRx="0.107483055" />
<p fId="1" fbTx="0.107483055" lbTx="0.10748393" tId="4" fbRx="0.107483055" lbRx="0.10748393" />
<p fId="3" fbTx="0.107582096" lbTx="0.10758218" tId="0" fbRx="0.117582096" lbRx="0.11758218" />
<p fId="0" fbTx="0.10758218" lbTx="0.107583055" tId="1" fbRx="0.10758218" lbRx="0.107583055" />
<p fId="1" fbTx="0.107583055" lbTx="0.10758393" tId="4" fbRx="0.107583055" lbRx="0.10758393" />
<p fId="3" fbTx="0.107682096" lbTx="0.10768218" tId="0" fbRx="0.117682096" lbRx="0.11768218" />
<p fId="0" fbTx="0.10768218" lbTx="0.107683055" tId="1" fbRx="0.10768218" lbRx="0.107683055" />
<p fId="1" fbTx="0.107683055" lbTx="0.10768393" tId="4" fbRx="0.107683055" lbRx="0.10768393" />
<p fId="3" fbTx="0.107782096" lbTx="0.10778218" tId="0" fbRx="0.117782096" lbRx="0.11778218" />
<p fId="0" fbTx="0.10778218" lbTx="0.107783055" tId="1" fbRx="0.10778218" lbRx="0.107783055" />
<p fId="1" fbTx="0.107783055" lbTx="0.10778393" tId="4" fbRx="0.107783055" lbRx="0.10778393" />
<p fId="3" fbTx="0.107882096" lbTx="0.10788218" tId="0" fbRx="0.117882096" lbRx="0.11788218" />
<p fId="0" fbTx="0.10788218" lbTx="0.107883055" tId="1" fbRx="0.10788218" lbRx="0.107883055" />
<p fId="1" fbTx="0.107883055" lbTx="0.10788393" tId="4" fbRx="0.107883055" lbRx="0.10788393" />
<p fId="3" fbTx="0.107982096" lbTx="0.10798218" tId="0" fbRx="0.117982096" lbRx="0.11798218" />
<p fId="0" fbTx="0.10798218" lbTx="0.107983055" tId="1" fbRx="0.10798218" lbRx="0.107983055" />
<p fId="1" fbTx="0.107983055" lbTx="0.10798393" tId="4" fbRx="0.107983055" lbRx="0.10798393" />
<p fId="3" fbTx="0.108082096" lbTx="0.10808218" tId="0" fbRx="0.118082096" lbRx="0.11808218" />
<p fId="0" fbTx="0.10808218" lbTx="0.108083055" tId="1" fbRx="0.10808218" lbRx="0.108083055" />
<p fId="1" fbTx="0.108083055" lbTx="0.10808393" tId="4" fbRx="0.108083055" lbRx="0.10808393" />
<p fId="3" fbTx="0.108182096" lbTx="0.10818218" tId="0" fbRx="0.118182096" lbRx="0.11818218" />
<p fId="0" fbTx="0.10818218" lbTx="0.108183055" tId="1" fbRx="0.10818218" lbRx="0.108183055" />
<p fId="1" fbTx="0.108183055" lbTx="0.10818393" tId="4" fbRx="0.108183055" lbRx="0.10818393" />
<pr uId="86" fId="4" fbTx="0.108214286" />
<wpr uId="86" tId="5" fbRx="0.108214286" lbRx="0" />
<wpr uId="86" tId="6" fbRx="0.108214286" lbRx="0" />
<p fId="3" fbTx="0.108282096" lbTx="0.10828218" tId="0" fbRx="0.118282096" lbRx="0.11828218" />
<p fId="0" fbTx="0.10828218" lbTx="0.108283055" tId="1" fbRx="0.10828218" lbRx="0.108283055" />
<p fId="1" fbTx="0.108283055" lbTx="0.10828393" tId="4" fbRx="0.108283055" lbRx="0.10828393" />
<p fId="3" fbTx="0.108382096" lbTx="0.10838218" tId="0" fbRx="0.118382096" lbRx="0.11838218" />
<p fId="0" fbTx="0.10838218" lbTx="0.108383055" tId="1" fbRx="0.10838218" lbRx="0.108383055" />
<p fId="1" fbTx="0.108383055" lbTx="0.10838393" tId="4" fbRx="0.108383055" lbRx="0.10838393" />
<p fId="3" fbTx="0.108482096" lbTx="0.10848218" tId="0" fbRx="0.118482096" lbRx="0.11848218" />
<p fId="0" fbTx="0.10848218" lbTx="0.108483055" tId="1" fbRx="0.10848218" lbRx="0.108483055" />
<p fId="1" fbTx="0.108483055" lbTx="0.10848393" tId="4" fbRx="0.108483055" lbRx="0.10848393" />
<p fId="3" fbTx="0.108582096" lbTx="0.10858218" tId="0" fbRx="0.118582096" lbRx="0.11858218" />
<p fId="0" fbTx="0.10858218" lbTx="0.108583055" tId="1" fbRx="0.10858218" lbRx="0.108583055" />
<p fId="1" fbTx="0.108583055" lbTx="0.10858393" tId="4" fbRx="0.108583055" lbRx="0.10858393" />
<p fId="3" fbTx="0.108682096" lbTx="0.10868218" tId="0" fbRx="0.118682096" lbRx="0.11868218" />
<p fId="0" fbTx="0.10868218" lbTx="0.108683055" tId="1" fbRx="0.10868218" lbRx="0.108683055" />
<p fId="1" fbTx="0.108683055" lbTx="0.10868393" tId="4" fbRx="0.108683055" lbRx="0.10868393" />
<p fId="3" fbTx="0.108782096" lbTx="0.10878218" tId="0" fbRx="0.118782096" lbRx="0.11878218" />
<p fId="0" fbTx="0.10878218" lbTx="0.108783055" tId="1" fbRx="0.10878218" lbRx="0.108783055" />
<p fId="1" fbTx="0.108783055" lbTx="0.10878393" tId="4" fbRx="0.108783055" lbRx="0.10878393" />
<p fId="3" fbTx="0.108882096" lbTx="0.10888218" tId="0" fbRx="0.118882096" lbRx="0.11888218" />
<p fId="0" fbTx="0.10888218" lbTx="0.108883055" tId="1" fbRx="0.10888218" lbRx="0.108883055" />
<p fId="1" fbTx="0.108883055" lbTx="0.10888393" tId="4" fbRx="0.108883055" lbRx="0.10888393" />
<p fId="3" fbTx="0.108982096" lbTx="0.10898218" tId="0" fbRx="0.118982096" lbRx="0.11898218" />
<p fId="0" fbTx="0.10898218" lbTx="0.108983055" tId="1" fbRx="0.10898218" lbRx="0.108983055" />
<p fId="1" fbTx="0.108983055" lbTx="0.10898393" tId="4" fbRx="0.108983055" lbRx="0.10898393" />
<p fId="3" fbTx="0.109082096" lbTx="0.10908218" tId="0" fbRx="0.119082096" lbRx="0.11908218" />
<p fId="0" fbTx="0.10908218" lbTx="0.109083055" tId="1" fbRx="0.10908218" lbRx="0.109083055" />
<p fId="1" fbTx="0.109083055" lbTx="0.10908393" tId="4" fbRx="0.109083055" lbRx="0.10908393" />
<p fId="3" fbTx="0.109182096" lbTx="0.10918218" tId="0" fbRx="0.119182096" lbRx="0.11918218" />
<p fId="0" fbTx="0.10918218" lbTx="0.109183055" tId="1" fbRx="0.10918218" lbRx="0.109183055" />
<p fId="1" fbTx="0.109183055" lbTx="0.10918393" tId="4" fbRx="0.109183055" lbRx="0.10918393" />
<pr uId="87" fId="4" fbTx="0.109214286" />
<wpr uId="87" tId="5" fbRx="0.109214286" lbRx="0" />
<wpr uId="87" tId="6" fbRx="0.109214286" lbRx="0" />
<p fId="3" fbTx="0.109282096" lbTx="0.10928218" tId="0" fbRx="0.119282096" lbRx="0.11928218" />
<p fId="0" fbTx="0.10928218" lbTx="0.109283055" tId="1" fbRx="0.10928218" lbRx="0.109283055" />
<p fId="1" fbTx="0.109283055" lbTx="0.10928393" tId="4" fbRx="0.109283055" lbRx="0.10928393" />
<p fId="3" fbTx="0.109382096" lbTx="0.10938218" tId="0" fbRx="0.119382096" lbRx="0.11938218" />
<p fId="0" fbTx="0.10938218" lbTx="0.109383055" tId="1" fbRx="0.10938218" lbRx="0.109383055" />
<p fId="1" fbTx="0.109383055" lbTx="0.10938393" tId="4" fbRx="0.109383055" lbRx="0.10938393" />
<p fId="3" fbTx="0.109482096" lbTx="0.10948218" tId="0" fbRx="0.119482096" lbRx="0.11948218" />
<p fId="0" fbTx="0.10948218" lbTx="0.109483055" tId="1" fbRx="0.10948218" lbRx="0.109483055" />
<p fId="1" fbTx="0.109483055" lbTx="0.10948393" tId="4" fbRx="0.109483055" lbRx="0.10948393" />
<p fId="3" fbTx="0.109582096" lbTx="0.10958218" tId="0" fbRx="0.119582096" lbRx="0.11958218" />
<p fId="0" fbTx="0.10958218" lbTx="0.109583055" tId="1" fbRx="0.10958218" lbRx="0.109583055" />
<p fId="1" fbTx="0.109583055" lbTx="0.10958393" tId="4" fbRx="0.109583055" lbRx="0.10958393" />
<p fId="3" fbTx="0.109682096" lbTx="0.10968218" tId="0" fbRx="0.119682096" lbRx="0.11968218" />
<p fId="0" fbTx="0.10968218" lbTx="0.109683055" tId="1" fbRx="0.10968218" lbRx="0.109683055" />
<p fId="1" fbTx="0.109683055" lbTx="0.10968393" tId="4" fbRx="0.109683055" lbRx="0.10968393" />
<p fId="3" fbTx="0.109782096" lbTx="0.10978218" tId="0" fbRx="0.119782096" lbRx="0.11978218" />
<p fId="0" fbTx="0.10978218" lbTx="0.109783055" tId="1" fbRx="0.10978218" lbRx="0.109783055" />
<p fId="1" fbTx="0.109783055" lbTx="0.10978393" tId="4" fbRx="0.109783055" lbRx="0.10978393" />
<p fId="3" fbTx="0.109882096" lbTx="0.10988218" tId="0" fbRx="0.119882096" lbRx="0.11988218" />
<p fId="0" fbTx="0.10988218" lbTx="0.109883055" tId="1" fbRx="0.10988218" lbRx="0.109883055" />
<p fId="1" fbTx="0.109883055" lbTx="0.10988393" tId="4" fbRx="0.109883055" lbRx="0.10988393" />
<p fId="3" fbTx="0.109982096" lbTx="0.10998218" tId="0" fbRx="0.119982096" lbRx="0.11998218" />
<p fId="0" fbTx="0.10998218" lbTx="0.109983055" tId="1" fbRx="0.10998218" lbRx="0.109983055" />
<p fId="1" fbTx="0.109983055" lbTx="0.10998393" tId="4" fbRx="0.109983055" lbRx="0.10998393" />
<p fId="3" fbTx="0.110082096" lbTx="0.11008218" tId="0" fbRx="0.120082096" lbRx="0.12008218" />
<p fId="0" fbTx="0.11008218" lbTx="0.110083055" tId="1" fbRx="0.11008218" lbRx="0.110083055" />
<p fId="1" fbTx="0.110083055" lbTx="0.11008393" tId="4" fbRx="0.110083055" lbRx="0.11008393" />
<p fId="3" fbTx="0.110182096" lbTx="0.11018218" tId="0" fbRx="0.120182096" lbRx="0.12018218" />
<p fId="0" fbTx="0.11018218" lbTx="0.110183055" tId="1" fbRx="0.11018218" lbRx="0.110183055" />
<p fId="1" fbTx="0.110183055" lbTx="0.11018393" tId="4" fbRx="0.110183055" lbRx="0.11018393" />
<pr uId="88" fId="4" fbTx="0.110214286" />
<wpr uId="88" tId="5" fbRx="0.110214286" lbRx="0" />
<wpr uId="88" tId="6" fbRx="0.110214286" lbRx="0" />
<p fId="3" fbTx="0.110282096" lbTx="0.11028218" tId="0" fbRx="0.120282096" lbRx="0.12028218" />
<p fId="0" fbTx="0.11028218" lbTx="0.110283055" tId="1" fbRx="0.11028218" lbRx="0.110283055" />
<p fId="1" fbTx="0.110283055" lbTx="0.11028393" tId="4" fbRx="0.110283055" lbRx="0.11028393" />
<p fId="3" fbTx="0.110382096" lbTx="0.11038218" tId="0" fbRx="0.120382096" lbRx="0.12038218" />
<p fId="0" fbTx="0.11038218" lbTx="0.110383055" tId="1" fbRx="0.11038218" lbRx="0.110383055" />
<p fId="1" fbTx="0.110383055" lbTx="0.11038393" tId="4" fbRx="0.110383055" lbRx="0.11038393" />
<p fId="3" fbTx="0.110482096" lbTx="0.11048218" tId="0" fbRx="0.120482096" lbRx="0.12048218" />
<p fId="0" fbTx="0.11048218" lbTx="0.110483055" tId="1" fbRx="0.11048218" lbRx="0.110483055" />
<p fId="1" fbTx="0.110483055" lbTx="0.11048393" tId="4" fbRx="0.110483055" lbRx="0.11048393" />
<p fId="3" fbTx="0.110582096" lbTx="0.11058218" tId="0" fbRx="0.120582096" lbRx="0.12058218" />
<p fId="0" fbTx="0.11058218" lbTx="0.110583055" tId="1" fbRx="0.11058218" lbRx="0.110583055" />
<p fId="1" fbTx="0.110583055" lbTx="0.11058393" tId="4" fbRx="0.110583055" lbRx="0.11058393" />
<p fId="3" fbTx="0.110682096" lbTx="0.11068218" tId="0" fbRx="0.120682096" lbRx="0.12068218" />
<p fId="0" fbTx="0.11068218" lbTx="0.110683055" tId="1" fbRx="0.11068218" lbRx="0.110683055" />
<p fId="1" fbTx="0.110683055" lbTx="0.11068393" tId="4" fbRx="0.110683055" lbRx="0.11068393" />
<p fId="3" fbTx="0.110782096" lbTx="0.11078218" tId="0" fbRx="0.120782096" lbRx="0.12078218" />
<p fId="0" fbTx="0.11078218" lbTx="0.110783055" tId="1" fbRx="0.11078218" lbRx="0.110783055" />
<p fId="1" fbTx="0.110783055" lbTx="0.11078393" tId="4" fbRx="0.110783055" lbRx="0.11078393" />
<p fId="3" fbTx="0.110882096" lbTx="0.11088218" tId="0" fbRx="0.120882096" lbRx="0.12088218" />
<p fId="0" fbTx="0.11088218" lbTx="0.110883055" tId="1" fbRx="0.11088218" lbRx="0.110883055" />
<p fId="1" fbTx="0.110883055" lbTx="0.11088393" tId="4" fbRx="0.110883055" lbRx="0.11088393" />
<p fId="3" fbTx="0.110982096" lbTx="0.11098218" tId="0" fbRx="0.120982096" lbRx="0.12098218" />
<p fId="0" fbTx="0.11098218" lbTx="0.110983055" tId="1" fbRx="0.11098218" lbRx="0.110983055" />
<p fId="1" fbTx="0.110983055" lbTx="0.11098393" tId="4" fbRx="0.110983055" lbRx="0.11098393" />
<p fId="3" fbTx="0.111082096" lbTx="0.11108218" tId="0" fbRx="0.121082096" lbRx="0.12108218" />
<p fId="0" fbTx="0.11108218" lbTx="0.111083055" tId="1" fbRx="0.11108218" lbRx="0.111083055" />
<p fId="1" fbTx="0.111083055" lbTx="0.11108393" tId="4" fbRx="0.111083055" lbRx="0.11108393" />
<p fId="3" fbTx="0.111182096" lbTx="0.11118218" tId="0" fbRx="0.121182096" lbRx="0.12118218" />
<p fId="0" fbTx="0.11118218" lbTx="0.111183055" tId="1" fbRx="0.11118218" lbRx="0.111183055" />
<p fId="1" fbTx="0.111183055" lbTx="0.11118393" tId="4" fbRx="0.111183055" lbRx="0.11118393" />
<pr uId="89" fId="4" fbTx="0.111214286" />
<wpr uId="89" tId="5" fbRx="0.111214286" lbRx="0" />
<wpr uId="89" tId="6" fbRx="0.111214286" lbRx="0" />
<p fId="3" fbTx="0.111282096" lbTx="0.11128218" tId="0" fbRx="0.121282096" lbRx="0.12128218" />
<p fId="0" fbTx="0.11128218" lbTx="0.111283055" tId="1" fbRx="0.11128218" lbRx="0.111283055" />
<p fId="1" fbTx="0.111283055" lbTx="0.11128393" tId="4" fbRx="0.111283055" lbRx="0.11128393" />
<p fId="3" fbTx="0.111382096" lbTx="0.11138218" tId="0" fbRx="0.121382096" lbRx="0.12138218" />
<p fId="0" fbTx="0.11138218" lbTx="0.111383055" tId="1" fbRx="0.11138218" lbRx="0.111383055" />
<p fId="1" fbTx="0.111383055" lbTx="0.11138393" tId="4" fbRx="0.111383055" lbRx="0.11138393" />
<p fId="3" fbTx="0.111482096" lbTx="0.11148218" tId="0" fbRx="0.121482096" lbRx="0.12148218" />
<p fId="0" fbTx="0.11148218" lbTx="0.111483055" tId="1" fbRx="0.11148218" lbRx="0.111483055" />
<p fId="1" fbTx="0.111483055" lbTx="0.11148393" tId="4" fbRx="0.111483055" lbRx="0.11148393" />
<p fId="3" fbTx="0.111582096" lbTx="0.11158218" tId="0" fbRx="0.121582096" lbRx="0.12158218" />
<p fId="0" fbTx="0.11158218" lbTx="0.111583055" tId="1" fbRx="0.11158218" lbRx="0.111583055" />
<p fId="1" fbTx="0.111583055" lbTx="0.11158393" tId="4" fbRx="0.111583055" lbRx="0.11158393" />
<p fId="3" fbTx="0.111682096" lbTx="0.11168218" tId="0" fbRx="0.121682096" lbRx="0.12168218" />
<p fId="0" fbTx="0.11168218" lbTx="0.111683055" tId="1" fbRx="0.11168218" lbRx="0.111683055" />
<p fId="1" fbTx="0.111683055" lbTx="0.11168393" tId="4" fbRx="0.111683055" lbRx="0.11168393" />
<p fId="3" fbTx="0.111782096" lbTx="0.11178218" tId="0" fbRx="0.121782096" lbRx="0.12178218" />
<p fId="0" fbTx="0.11178218" lbTx="0.111783055" tId="1" fbRx="0.11178218" lbRx="0.111783055" />
<p fId="1" fbTx="0.111783055" lbTx="0.11178393" tId="4" fbRx="0.111783055" lbRx="0.11178393" />
<p fId="3" fbTx="0.111882096" lbTx="0.11188218" tId="0" fbRx="0.121882096" lbRx="0.12188218" />
<p fId="0" fbTx="0.11188218" lbTx="0.111883055" tId="1" fbRx="0.11188218" lbRx="0.111883055" />
<p fId="1" fbTx="0.111883055" lbTx="0.11188393" tId="4" fbRx="0.111883055" lbRx="0.11188393" />
<p fId="3" fbTx="0.111982096" lbTx="0.11198218" tId="0" fbRx="0.121982096" lbRx="0.12198218" />
<p fId="0" fbTx="0.11198218" lbTx="0.111983055" tId="1" fbRx="0.11198218" lbRx="0.111983055" />
<p fId="1" fbTx="0.111983055" lbTx="0.11198393" tId="4" fbRx="0.111983055" lbRx="0.11198393" />
<p fId="3" fbTx="0.112082096" lbTx="0.11208218" tId="0" fbRx="0.122082096" lbRx="0.12208218" />
<p fId="0" fbTx="0.11208218" lbTx="0.112083055" tId="1" fbRx="0.11208218" lbRx="0.112083055" />
<p fId="1" fbTx="0.112083055" lbTx="0.11208393" tId="4" fbRx="0.112083055" lbRx="0.11208393" />
<p fId="3" fbTx="0.112182096" lbTx="0.11218218" tId="0" fbRx="0.122182096" lbRx="0.12218218" />
<p fId="0" fbTx="0.11218218" lbTx="0.112183055" tId="1" fbRx="0.11218218" lbRx="0.112183055" />
<p fId="1" fbTx="0.112183055" lbTx="0.11218393" tId="4" fbRx="0.112183055" lbRx="0.11218393" />
<pr uId="90" fId="4" fbTx="0.112214286" />
<wpr uId="90" tId="5" fbRx="0.112214286" lbRx="0" />
<wpr uId="90" tId="6" fbRx="0.112214286" lbRx="0" />
<p fId="3" fbTx="0.112282096" lbTx="0.11228218" tId="0" fbRx="0.122282096" lbRx="0.12228218" />
<p fId="0" fbTx="0.11228218" lbTx="0.112283055" tId="1" fbRx="0.11228218" lbRx="0.112283055" />
<p fId="1" fbTx="0.112283055" lbTx="0.11228393" tId="4" fbRx="0.112283055" lbRx="0.11228393" />
<p fId="3" fbTx="0.112382096" lbTx="0.11238218" tId="0" fbRx="0.122382096" lbRx="0.12238218" />
<p fId="0" fbTx="0.11238218" lbTx="0.112383055" tId="1" fbRx="0.11238218" lbRx="0.112383055" />
<p fId="1" fbTx="0.112383055" lbTx="0.11238393" tId="4" fbRx="0.112383055" lbRx="0.11238393" />
<p fId="3" fbTx="0.112482096" lbTx="0.11248218" tId="0" fbRx="0.122482096" lbRx="0.12248218" />
<p fId="0" fbTx="0.11248218" lbTx="0.112483055" tId="1" fbRx="0.11248218" lbRx="0.112483055" />
<p fId="1" fbTx="0.112483055" lbTx="0.11248393" tId="4" fbRx="0.112483055" lbRx="0.11248393" />
<p fId="3" fbTx="0.112582096" lbTx="0.11258218" tId="0" fbRx="0.122582096" lbRx="0.12258218" />
<p fId="0" fbTx="0.11258218" lbTx="0.112583055" tId="1" fbRx="0.11258218" lbRx="0.112583055" />
<p fId="1" fbTx="0.112583055" lbTx="0.11258393" tId="4" fbRx="0.112583055" lbRx="0.11258393" />
<p fId="3" fbTx="0.112682096" lbTx="0.11268218" tId="0" fbRx="0.122682096" lbRx="0.12268218" />
<p fId="0" fbTx="0.11268218" lbTx="0.112683055" tId="1" fbRx="0.11268218" lbRx="0.112683055" />
<p fId="1" fbTx="0.112683055" lbTx="0.11268393" tId="4" fbRx="0.112683055" lbRx="0.11268393" />
<p fId="3" fbTx="0.112782096" lbTx="0.11278218" tId="0" fbRx="0.122782096" lbRx="0.12278218" />
<p fId="0" fbTx="0.11278218" lbTx="0.112783055" tId="1" fbRx="0.11278218" lbRx="0.112783055" />
<p fId="1" fbTx="0.112783055" lbTx="0.11278393" tId="4" fbRx="0.112783055" lbRx="0.11278393" />
<p fId="3" fbTx="0.112882096" lbTx="0.11288218" tId="0" fbRx="0.122882096" lbRx="0.12288218" />
<p fId="0" fbTx="0.11288218" lbTx="0.112883055" tId="1" fbRx="0.11288218" lbRx="0.112883055" />
<p fId="1" fbTx="0.112883055" lbTx="0.11288393" tId="4" fbRx="0.112883055" lbRx="0.11288393" />
<p fId="3" fbTx="0.112982096" lbTx="0.11298218" tId="0" fbRx="0.122982096" lbRx="0.12298218" />
<p fId="0" fbTx="0.11298218" lbTx="0.112983055" tId="1" fbRx="0.11298218" lbRx="0.112983055" />
<p fId="1" fbTx="0.112983055" lbTx="0.11298393" tId="4" fbRx="0.112983055" lbRx="0.11298393" />
<p fId="3" fbTx="0.113082096" lbTx="0.11308218" tId="0" fbRx="0.123082096" lbRx="0.12308218" />
<p fId="0" fbTx="0.11308218" lbTx="0.113083055" tId="1" fbRx="0.11308218" lbRx="0.113083055" />
<p fId="1" fbTx="0.113083055" lbTx="0.11308393" tId="4" fbRx="0.113083055" lbRx="0.11308393" />
<p fId="3" fbTx="0.113182096" lbTx="0.11318218" tId="0" fbRx="0.123182096" lbRx="0.12318218" />
<p fId="0" fbTx="0.11318218" lbTx="0.113183055" tId="1" fbRx="0.11318218" lbRx="0.113183055" />
<p fId="1" fbTx="0.113183055" lbTx="0.11318393" tId="4" fbRx="0.113183055" lbRx="0.11318393" />
<pr uId="91" fId="4" fbTx="0.113214286" />
<wpr uId="91" tId="5" fbRx="0.113214286" lbRx="0" />
<wpr uId="91" tId="6" fbRx="0.113214286" lbRx="0" />
<p fId="3" fbTx="0.113282096" lbTx="0.11328218" tId="0" fbRx="0.123282096" lbRx="0.12328218" />
<p fId="0" fbTx="0.11328218" lbTx="0.113283055" tId="1" fbRx="0.11328218" lbRx="0.113283055" />
<p fId="1" fbTx="0.113283055" lbTx="0.11328393" tId="4" fbRx="0.113283055" lbRx="0.11328393" />
<p fId="3" fbTx="0.113382096" lbTx="0.11338218" tId="0" fbRx="0.123382096" lbRx="0.12338218" />
<p fId="0" fbTx="0.11338218" lbTx="0.113383055" tId="1" fbRx="0.11338218" lbRx="0.113383055" />
<p fId="1" fbTx="0.113383055" lbTx="0.11338393" tId="4" fbRx="0.113383055" lbRx="0.11338393" />
<p fId="3" fbTx="0.113482096" lbTx="0.11348218" tId="0" fbRx="0.123482096" lbRx="0.12348218" />
<p fId="0" fbTx="0.11348218" lbTx="0.113483055" tId="1" fbRx="0.11348218" lbRx="0.113483055" />
<p fId="1" fbTx="0.113483055" lbTx="0.11348393" tId="4" fbRx="0.113483055" lbRx="0.11348393" />
<p fId="3" fbTx="0.113582096" lbTx="0.11358218" tId="0" fbRx="0.123582096" lbRx="0.12358218" />
<p fId="0" fbTx="0.11358218" lbTx="0.113583055" tId="1" fbRx="0.11358218" lbRx="0.113583055" />
<p fId="1" fbTx="0.113583055" lbTx="0.11358393" tId="4" fbRx="0.113583055" lbRx="0.11358393" />
<p fId="3" fbTx="0.113682096" lbTx="0.11368218" tId="0" fbRx="0.123682096" lbRx="0.12368218" />
<p fId="0" fbTx="0.11368218" lbTx="0.113683055" tId="1" fbRx="0.11368218" lbRx="0.113683055" />
<p fId="1" fbTx="0.113683055" lbTx="0.11368393" tId="4" fbRx="0.113683055" lbRx="0.11368393" />
<p fId="3" fbTx="0.113782096" lbTx="0.11378218" tId="0" fbRx="0.123782096" lbRx="0.12378218" />
<p fId="0" fbTx="0.11378218" lbTx="0.113783055" tId="1" fbRx="0.11378218" lbRx="0.113783055" />
<p fId="1" fbTx="0.113783055" lbTx="0.11378393" tId="4" fbRx="0.113783055" lbRx="0.11378393" />
<p fId="3" fbTx="0.113882096" lbTx="0.11388218" tId="0" fbRx="0.123882096" lbRx="0.12388218" />
<p fId="0" fbTx="0.11388218" lbTx="0.113883055" tId="1" fbRx="0.11388218" lbRx="0.113883055" />
<p fId="1" fbTx="0.113883055" lbTx="0.11388393" tId="4" fbRx="0.113883055" lbRx="0.11388393" />
<p fId="3" fbTx="0.113982096" lbTx="0.11398218" tId="0" fbRx="0.123982096" lbRx="0.12398218" />
<p fId="0" fbTx="0.11398218" lbTx="0.113983055" tId="1" fbRx="0.11398218" lbRx="0.113983055" />
<p fId="1" fbTx="0.113983055" lbTx="0.11398393" tId="4" fbRx="0.113983055" lbRx="0.11398393" />
<p fId="3" fbTx="0.114082096" lbTx="0.11408218" tId="0" fbRx="0.124082096" lbRx="0.12408218" />
<p fId="0" fbTx="0.11408218" lbTx="0.114083055" tId="1" fbRx="0.11408218" lbRx="0.114083055" />
<p fId="1" fbTx="0.114083055" lbTx="0.11408393" tId="4" fbRx="0.114083055" lbRx="0.11408393" />
<p fId="3" fbTx="0.114182096" lbTx="0.11418218" tId="0" fbRx="0.124182096" lbRx="0.12418218" />
<p fId="0" fbTx="0.11418218" lbTx="0.114183055" tId="1" fbRx="0.11418218" lbRx="0.114183055" />
<p fId="1" fbTx="0.114183055" lbTx="0.11418393" tId="4" fbRx="0.114183055" lbRx="0.11418393" />
<pr uId="92" fId="4" fbTx="0.114214286" />
<wpr uId="92" tId="5" fbRx="0.114214286" lbRx="0" />
<wpr uId="92" tId="6" fbRx="0.114214286" lbRx="0" />
<p fId="3" fbTx="0.114282096" lbTx="0.11428218" tId="0" fbRx="0.124282096" lbRx="0.12428218" />
<p fId="0" fbTx="0.11428218" lbTx="0.114283055" tId="1" fbRx="0.11428218" lbRx="0.114283055" />
<p fId="1" fbTx="0.114283055" lbTx="0.11428393" tId="4" fbRx="0.114283055" lbRx="0.11428393" />
<p fId="3" fbTx="0.114382096" lbTx="0.11438218" tId="0" fbRx="0.124382096" lbRx="0.12438218" />
<p fId="0" fbTx="0.11438218" lbTx="0.114383055" tId="1" fbRx="0.11438218" lbRx="0.114383055" />
<p fId="1" fbTx="0.114383055" lbTx="0.11438393" tId="4" fbRx="0.114383055" lbRx="0.11438393" />
<p fId="3" fbTx="0.114482096" lbTx="0.11448218" tId="0" fbRx="0.124482096" lbRx="0.12448218" />
<p fId="0" fbTx="0.11448218" lbTx="0.114483055" tId="1" fbRx="0.11448218" lbRx="0.114483055" />
<p fId="1" fbTx="0.114483055" lbTx="0.11448393" tId="4" fbRx="0.114483055" lbRx="0.11448393" />
<p fId="3" fbTx="0.114582096" lbTx="0.11458218" tId="0" fbRx="0.124582096" lbRx="0.12458218" />
<p fId="0" fbTx="0.11458218" lbTx="0.114583055" tId="1" fbRx="0.11458218" lbRx="0.114583055" />
<p fId="1" fbTx="0.114583055" lbTx="0.11458393" tId="4" fbRx="0.114583055" lbRx="0.11458393" />
<p fId="3" fbTx="0.114682096" lbTx="0.11468218" tId="0" fbRx="0.124682096" lbRx="0.12468218" />
<p fId="0" fbTx="0.11468218" lbTx="0.114683055" tId="1" fbRx="0.11468218" lbRx="0.114683055" />
<p fId="1" fbTx="0.114683055" lbTx="0.11468393" tId="4" fbRx="0.114683055" lbRx="0.11468393" />
<p fId="3" fbTx="0.114782096" lbTx="0.11478218" tId="0" fbRx="0.124782096" lbRx="0.12478218" />
<p fId="0" fbTx="0.11478218" lbTx="0.114783055" tId="1" fbRx="0.11478218" lbRx="0.114783055" />
<p fId="1" fbTx="0.114783055" lbTx="0.11478393" tId="4" fbRx="0.114783055" lbRx="0.11478393" />
<p fId="3" fbTx="0.114882096" lbTx="0.11488218" tId="0" fbRx="0.124882096" lbRx="0.12488218" />
<p fId="0" fbTx="0.11488218" lbTx="0.114883055" tId="1" fbRx="0.11488218" lbRx="0.114883055" />
<p fId="1" fbTx="0.114883055" lbTx="0.11488393" tId="4" fbRx="0.114883055" lbRx="0.11488393" />
<p fId="3" fbTx="0.114982096" lbTx="0.11498218" tId="0" fbRx="0.124982096" lbRx="0.12498218" />
<p fId="0" fbTx="0.11498218" lbTx="0.114983055" tId="1" fbRx="0.11498218" lbRx="0.114983055" />
<p fId="1" fbTx="0.114983055" lbTx="0.11498393" tId="4" fbRx="0.114983055" lbRx="0.11498393" />
<p fId="3" fbTx="0.115082096" lbTx="0.11508218" tId="0" fbRx="0.125082096" lbRx="0.12508218" />
<p fId="0" fbTx="0.11508218" lbTx="0.115083055" tId="1" fbRx="0.11508218" lbRx="0.115083055" />
<p fId="1" fbTx="0.115083055" lbTx="0.11508393" tId="4" fbRx="0.115083055" lbRx="0.11508393" />
<p fId="3" fbTx="0.115182096" lbTx="0.11518218" tId="0" fbRx="0.125182096" lbRx="0.12518218" />
<p fId="0" fbTx="0.11518218" lbTx="0.115183055" tId="1" fbRx="0.11518218" lbRx="0.115183055" />
<p fId="1" fbTx="0.115183055" lbTx="0.11518393" tId="4" fbRx="0.115183055" lbRx="0.11518393" />
<pr uId="93" fId="4" fbTx="0.115214286" />
<wpr uId="93" tId="5" fbRx="0.115214286" lbRx="0" />
<wpr uId="93" tId="6" fbRx="0.115214286" lbRx="0" />
<p fId="3" fbTx="0.115282096" lbTx="0.11528218" tId="0" fbRx="0.125282096" lbRx="0.12528218" />
<p fId="0" fbTx="0.11528218" lbTx="0.115283055" tId="1" fbRx="0.11528218" lbRx="0.115283055" />
<p fId="1" fbTx="0.115283055" lbTx="0.11528393" tId="4" fbRx="0.115283055" lbRx="0.11528393" />
<p fId="3" fbTx="0.115382096" lbTx="0.11538218" tId="0" fbRx="0.125382096" lbRx="0.12538218" />
<p fId="0" fbTx="0.11538218" lbTx="0.115383055" tId="1" fbRx="0.11538218" lbRx="0.115383055" />
<p fId="1" fbTx="0.115383055" lbTx="0.11538393" tId="4" fbRx="0.115383055" lbRx="0.11538393" />
<p fId="3" fbTx="0.115482096" lbTx="0.11548218" tId="0" fbRx="0.125482096" lbRx="0.12548218" />
<p fId="0" fbTx="0.11548218" lbTx="0.115483055" tId="1" fbRx="0.11548218" lbRx="0.115483055" />
<p fId="1" fbTx="0.115483055" lbTx="0.11548393" tId="4" fbRx="0.115483055" lbRx="0.11548393" />
<p fId="3" fbTx="0.115582096" lbTx="0.11558218" tId="0" fbRx="0.125582096" lbRx="0.12558218" />
<p fId="0" fbTx="0.11558218" lbTx="0.115583055" tId="1" fbRx="0.11558218" lbRx="0.115583055" />
<p fId="1" fbTx="0.115583055" lbTx="0.11558393" tId="4" fbRx="0.115583055" lbRx="0.11558393" />
<p fId="3" fbTx="0.115682096" lbTx="0.11568218" tId="0" fbRx="0.125682096" lbRx="0.12568218" />
<p fId="0" fbTx="0.11568218" lbTx="0.115683055" tId="1" fbRx="0.11568218" lbRx="0.115683055" />
<p fId="1" fbTx="0.115683055" lbTx="0.11568393" tId="4" fbRx="0.115683055" lbRx="0.11568393" />
<p fId="3" fbTx="0.115782096" lbTx="0.11578218" tId="0" fbRx="0.125782096" lbRx="0.12578218" />
<p fId="0" fbTx="0.11578218" lbTx="0.115783055" tId="1" fbRx="0.11578218" lbRx="0.115783055" />
<p fId="1" fbTx="0.115783055" lbTx="0.11578393" tId="4" fbRx="0.115783055" lbRx="0.11578393" />
<p fId="3" fbTx="0.115882096" lbTx="0.11588218" tId="0" fbRx="0.125882096" lbRx="0.12588218" />
<p fId="0" fbTx="0.11588218" lbTx="0.115883055" tId="1" fbRx="0.11588218" lbRx="0.115883055" />
<p fId="1" fbTx="0.115883055" lbTx="0.11588393" tId="4" fbRx="0.115883055" lbRx="0.11588393" />
<p fId="3" fbTx="0.115982096" lbTx="0.11598218" tId="0" fbRx="0.125982096" lbRx="0.12598218" />
<p fId="0" fbTx="0.11598218" lbTx="0.115983055" tId="1" fbRx="0.11598218" lbRx="0.115983055" />
<p fId="1" fbTx="0.115983055" lbTx="0.11598393" tId="4" fbRx="0.115983055" lbRx="0.11598393" />
<p fId="3" fbTx="0.116082096" lbTx="0.11608218" tId="0" fbRx="0.126082096" lbRx="0.12608218" />
<p fId="0" fbTx="0.11608218" lbTx="0.116083055" tId="1" fbRx="0.11608218" lbRx="0.116083055" />
<p fId="1" fbTx="0.116083055" lbTx="0.11608393" tId="4" fbRx="0.116083055" lbRx="0.11608393" />
<p fId="3" fbTx="0.116182096" lbTx="0.11618218" tId="0" fbRx="0.126182096" lbRx="0.12618218" />
<p fId="0" fbTx="0.11618218" lbTx="0.116183055" tId="1" fbRx="0.11618218" lbRx="0.116183055" />
<p fId="1" fbTx="0.116183055" lbTx="0.11618393" tId="4" fbRx="0.116183055" lbRx="0.11618393" />
<pr uId="94" fId="4" fbTx="0.116214286" />
<wpr uId="94" tId="5" fbRx="0.116214286" lbRx="0" />
<wpr uId="94" tId="6" fbRx="0.116214286" lbRx="0" />
<p fId="3" fbTx="0.116282096" lbTx="0.11628218" tId="0" fbRx="0.126282096" lbRx="0.12628218" />
<p fId="0" fbTx="0.11628218" lbTx="0.116283055" tId="1" fbRx="0.11628218" lbRx="0.116283055" />
<p fId="1" fbTx="0.116283055" lbTx="0.11628393" tId="4" fbRx="0.116283055" lbRx="0.11628393" />
<p fId="3" fbTx="0.116382096" lbTx="0.11638218" tId="0" fbRx="0.126382096" lbRx="0.12638218" />
<p fId="0" fbTx="0.11638218" lbTx="0.116383055" tId="1" fbRx="0.11638218" lbRx="0.116383055" />
<p fId="1" fbTx="0.116383055" lbTx="0.11638393" tId="4" fbRx="0.116383055" lbRx="0.11638393" />
<p fId="3" fbTx="0.116482096" lbTx="0.11648218" tId="0" fbRx="0.126482096" lbRx="0.12648218" />
<p fId="0" fbTx="0.11648218" lbTx="0.116483055" tId="1" fbRx="0.11648218" lbRx="0.116483055" />
<p fId="1" fbTx="0.116483055" lbTx="0.11648393" tId="4" fbRx="0.116483055" lbRx="0.11648393" />
<p fId="3" fbTx="0.116582096" lbTx="0.11658218" tId="0" fbRx="0.126582096" lbRx="0.12658218" />
<p fId="0" fbTx="0.11658218" lbTx="0.116583055" tId="1" fbRx="0.11658218" lbRx="0.116583055" />
<p fId="1" fbTx="0.116583055" lbTx="0.11658393" tId="4" fbRx="0.116583055" lbRx="0.11658393" />
<p fId="3" fbTx="0.116682096" lbTx="0.11668218" tId="0" fbRx="0.126682096" lbRx="0.12668218" />
<p fId="0" fbTx="0.11668218" lbTx="0.116683055" tId="1" fbRx="0.11668218" lbRx="0.116683055" />
<p fId="1" fbTx="0.116683055" lbTx="0.11668393" tId="4" fbRx="0.116683055" lbRx="0.11668393" />
<p fId="3" fbTx="0.116782096" lbTx="0.11678218" tId="0" fbRx="0.126782096" lbRx="0.12678218" />
<p fId="0" fbTx="0.11678218" lbTx="0.116783055" tId="1" fbRx="0.11678218" lbRx="0.116783055" />
<p fId="1" fbTx="0.116783055" lbTx="0.11678393" tId="4" fbRx="0.116783055" lbRx="0.11678393" />
<p fId="3" fbTx="0.116882096" lbTx="0.11688218" tId="0" fbRx="0.126882096" lbRx="0.12688218" />
<p fId="0" fbTx="0.11688218" lbTx="0.116883055" tId="1" fbRx="0.11688218" lbRx="0.116883055" />
<p fId="1" fbTx="0.116883055" lbTx="0.11688393" tId="4" fbRx="0.116883055" lbRx="0.11688393" />
<p fId="3" fbTx="0.116982096" lbTx="0.11698218" tId="0" fbRx="0.126982096" lbRx="0.12698218" />
<p fId="0" fbTx="0.11698218" lbTx="0.116983055" tId="1" fbRx="0.11698218" lbRx="0.116983055" />
<p fId="1" fbTx="0.116983055" lbTx="0.11698393" tId="4" fbRx="0.116983055" lbRx="0.11698393" />
<p fId="3" fbTx="0.117082096" lbTx="0.11708218" tId="0" fbRx="0.127082096" lbRx="0.12708218" />
<p fId="0" fbTx="0.11708218" lbTx="0.117083055" tId="1" fbRx="0.11708218" lbRx="0.117083055" />
<p fId="1" fbTx="0.117083055" lbTx="0.11708393" tId="4" fbRx="0.117083055" lbRx="0.11708393" />
<p fId="3" fbTx="0.117182096" lbTx="0.11718218" tId="0" fbRx="0.127182096" lbRx="0.12718218" />
<p fId="0" fbTx="0.11718218" lbTx="0.117183055" tId="1" fbRx="0.11718218" lbRx="0.117183055" />
<p fId="1" fbTx="0.117183055" lbTx="0.11718393" tId="4" fbRx="0.117183055" lbRx="0.11718393" />
<pr uId="95" fId="4" fbTx="0.117214286" />
<wpr uId="95" tId="5" fbRx="0.117214286" lbRx="0" />
<wpr uId="95" tId="6" fbRx="0.117214286" lbRx="0" />
<p fId="3" fbTx="0.117282096" lbTx="0.11728218" tId="0" fbRx="0.127282096" lbRx="0.12728218" />
<p fId="0" fbTx="0.11728218" lbTx="0.117283055" tId="1" fbRx="0.11728218" lbRx="0.117283055" />
<p fId="1" fbTx="0.117283055" lbTx="0.11728393" tId="4" fbRx="0.117283055" lbRx="0.11728393" />
<p fId="3" fbTx="0.117382096" lbTx="0.11738218" tId="0" fbRx="0.127382096" lbRx="0.12738218" />
<p fId="0" fbTx="0.11738218" lbTx="0.117383055" tId="1" fbRx="0.11738218" lbRx="0.117383055" />
<p fId="1" fbTx="0.117383055" lbTx="0.11738393" tId="4" fbRx="0.117383055" lbRx="0.11738393" />
<p fId="3" fbTx="0.117482096" lbTx="0.11748218" tId="0" fbRx="0.127482096" lbRx="0.12748218" />
<p fId="0" fbTx="0.11748218" lbTx="0.117483055" tId="1" fbRx="0.11748218" lbRx="0.117483055" />
<p fId="1" fbTx="0.117483055" lbTx="0.11748393" tId="4" fbRx="0.117483055" lbRx="0.11748393" />
<p fId="3" fbTx="0.117582096" lbTx="0.11758218" tId="0" fbRx="0.127582096" lbRx="0.12758218" />
<p fId="0" fbTx="0.11758218" lbTx="0.117583055" tId="1" fbRx="0.11758218" lbRx="0.117583055" />
<p fId="1" fbTx="0.117583055" lbTx="0.11758393" tId="4" fbRx="0.117583055" lbRx="0.11758393" />
<p fId="3" fbTx="0.117682096" lbTx="0.11768218" tId="0" fbRx="0.127682096" lbRx="0.12768218" />
<p fId="0" fbTx="0.11768218" lbTx="0.117683055" tId="1" fbRx="0.11768218" lbRx="0.117683055" />
<p fId="1" fbTx="0.117683055" lbTx="0.11768393" tId="4" fbRx="0.117683055" lbRx="0.11768393" />
<p fId="3" fbTx="0.117782096" lbTx="0.11778218" tId="0" fbRx="0.127782096" lbRx="0.12778218" />
<p fId="0" fbTx="0.11778218" lbTx="0.117783055" tId="1" fbRx="0.11778218" lbRx="0.117783055" />
<p fId="1" fbTx="0.117783055" lbTx="0.11778393" tId="4" fbRx="0.117783055" lbRx="0.11778393" />
<p fId="3" fbTx="0.117882096" lbTx="0.11788218" tId="0" fbRx="0.127882096" lbRx="0.12788218" />
<p fId="0" fbTx="0.11788218" lbTx="0.117883055" tId="1" fbRx="0.11788218" lbRx="0.117883055" />
<p fId="1" fbTx="0.117883055" lbTx="0.11788393" tId="4" fbRx="0.117883055" lbRx="0.11788393" />
<p fId="3" fbTx="0.117982096" lbTx="0.11798218" tId="0" fbRx="0.127982096" lbRx="0.12798218" />
<p fId="0" fbTx="0.11798218" lbTx="0.117983055" tId="1" fbRx="0.11798218" lbRx="0.117983055" />
<p fId="1" fbTx="0.117983055" lbTx="0.11798393" tId="4" fbRx="0.117983055" lbRx="0.11798393" />
<p fId="3" fbTx="0.118082096" lbTx="0.11808218" tId="0" fbRx="0.128082096" lbRx="0.12808218" />
<p fId="0" fbTx="0.11808218" lbTx="0.118083055" tId="1" fbRx="0.11808218" lbRx="0.118083055" />
<p fId="1" fbTx="0.118083055" lbTx="0.11808393" tId="4" fbRx="0.118083055" lbRx="0.11808393" />
<p fId="3" fbTx="0.118182096" lbTx="0.11818218" tId="0" fbRx="0.128182096" lbRx="0.12818218" />
<p fId="0" fbTx="0.11818218" lbTx="0.118183055" tId="1" fbRx="0.11818218" lbRx="0.118183055" />
<p fId="1" fbTx="0.118183055" lbTx="0.11818393" tId="4" fbRx="0.118183055" lbRx="0.11818393" />
<pr uId="96" fId="4" fbTx="0.118214286" />
<wpr uId="96" tId="5" fbRx="0.118214286" lbRx="0" />
<wpr uId="96" tId="6" fbRx="0.118214286" lbRx="0" />
<p fId="3" fbTx="0.118282096" lbTx="0.11828218" tId="0" fbRx="0.128282096" lbRx="0.12828218" />
<p fId="0" fbTx="0.11828218" lbTx="0.118283055" tId="1" fbRx="0.11828218" lbRx="0.118283055" />
<p fId="1" fbTx="0.118283055" lbTx="0.11828393" tId="4" fbRx="0.118283055" lbRx="0.11828393" />
<p fId="3" fbTx="0.118382096" lbTx="0.11838218" tId="0" fbRx="0.128382096" lbRx="0.12838218" />
<p fId="0" fbTx="0.11838218" lbTx="0.118383055" tId="1" fbRx="0.11838218" lbRx="0.118383055" />
<p fId="1" fbTx="0.118383055" lbTx="0.11838393" tId="4" fbRx="0.118383055" lbRx="0.11838393" />
<p fId="3" fbTx="0.118482096" lbTx="0.11848218" tId="0" fbRx="0.128482096" lbRx="0.12848218" />
<p fId="0" fbTx="0.11848218" lbTx="0.118483055" tId="1" fbRx="0.11848218" lbRx="0.118483055" />
<p fId="1" fbTx="0.118483055" lbTx="0.11848393" tId="4" fbRx="0.118483055" lbRx="0.11848393" />
<p fId="3" fbTx="0.118582096" lbTx="0.11858218" tId="0" fbRx="0.128582096" lbRx="0.12858218" />
<p fId="0" fbTx="0.11858218" lbTx="0.118583055" tId="1" fbRx="0.11858218" lbRx="0.118583055" />
<p fId="1" fbTx="0.118583055" lbTx="0.11858393" tId="4" fbRx="0.118583055" lbRx="0.11858393" />
<p fId="3" fbTx="0.118682096" lbTx="0.11868218" tId="0" fbRx="0.128682096" lbRx="0.12868218" />
<p fId="0" fbTx="0.11868218" lbTx="0.118683055" tId="1" fbRx="0.11868218" lbRx="0.118683055" />
<p fId="1" fbTx="0.118683055" lbTx="0.11868393" tId="4" fbRx="0.118683055" lbRx="0.11868393" />
<p fId="3" fbTx="0.118782096" lbTx="0.11878218" tId="0" fbRx="0.128782096" lbRx="0.12878218" />
<p fId="0" fbTx="0.11878218" lbTx="0.118783055" tId="1" fbRx="0.11878218" lbRx="0.118783055" />
<p fId="1" fbTx="0.118783055" lbTx="0.11878393" tId="4" fbRx="0.118783055" lbRx="0.11878393" />
<p fId="3" fbTx="0.118882096" lbTx="0.11888218" tId="0" fbRx="0.128882096" lbRx="0.12888218" />
<p fId="0" fbTx="0.11888218" lbTx="0.118883055" tId="1" fbRx="0.11888218" lbRx="0.118883055" />
<p fId="1" fbTx="0.118883055" lbTx="0.11888393" tId="4" fbRx="0.118883055" lbRx="0.11888393" />
<p fId="3" fbTx="0.118982096" lbTx="0.11898218" tId="0" fbRx="0.128982096" lbRx="0.12898218" />
<p fId="0" fbTx="0.11898218" lbTx="0.118983055" tId="1" fbRx="0.11898218" lbRx="0.118983055" />
<p fId="1" fbTx="0.118983055" lbTx="0.11898393" tId="4" fbRx="0.118983055" lbRx="0.11898393" />
<p fId="3" fbTx="0.119082096" lbTx="0.11908218" tId="0" fbRx="0.129082096" lbRx="0.12908218" />
<p fId="0" fbTx="0.11908218" lbTx="0.119083055" tId="1" fbRx="0.11908218" lbRx="0.119083055" />
<p fId="1" fbTx="0.119083055" lbTx="0.11908393" tId="4" fbRx="0.119083055" lbRx="0.11908393" />
<p fId="3" fbTx="0.119182096" lbTx="0.11918218" tId="0" fbRx="0.129182096" lbRx="0.12918218" />
<p fId="0" fbTx="0.11918218" lbTx="0.119183055" tId="1" fbRx="0.11918218" lbRx="0.119183055" />
<p fId="1" fbTx="0.119183055" lbTx="0.11918393" tId="4" fbRx="0.119183055" lbRx="0.11918393" />
<pr uId="97" fId="4" fbTx="0.119214286" />
<wpr uId="97" tId="5" fbRx="0.119214286" lbRx="0" />
<wpr uId="97" tId="6" fbRx="0.119214286" lbRx="0" />
<p fId="3" fbTx="0.119282096" lbTx="0.11928218" tId="0" fbRx="0.129282096" lbRx="0.12928218" />
<p fId="0" fbTx="0.11928218" lbTx="0.119283055" tId="1" fbRx="0.11928218" lbRx="0.119283055" />
<p fId="1" fbTx="0.119283055" lbTx="0.11928393" tId="4" fbRx="0.119283055" lbRx="0.11928393" />
<p fId="3" fbTx="0.119382096" lbTx="0.11938218" tId="0" fbRx="0.129382096" lbRx="0.12938218" />
<p fId="0" fbTx="0.11938218" lbTx="0.119383055" tId="1" fbRx="0.11938218" lbRx="0.119383055" />
<p fId="1" fbTx="0.119383055" lbTx="0.11938393" tId="4" fbRx="0.119383055" lbRx="0.11938393" />
<p fId="3" fbTx="0.119482096" lbTx="0.11948218" tId="0" fbRx="0.129482096" lbRx="0.12948218" />
<p fId="0" fbTx="0.11948218" lbTx="0.119483055" tId="1" fbRx="0.11948218" lbRx="0.119483055" />
<p fId="1" fbTx="0.119483055" lbTx="0.11948393" tId="4" fbRx="0.119483055" lbRx="0.11948393" />
<p fId="3" fbTx="0.119582096" lbTx="0.11958218" tId="0" fbRx="0.129582096" lbRx="0.12958218" />
<p fId="0" fbTx="0.11958218" lbTx="0.119583055" tId="1" fbRx="0.11958218" lbRx="0.119583055" />
<p fId="1" fbTx="0.119583055" lbTx="0.11958393" tId="4" fbRx="0.119583055" lbRx="0.11958393" />
<p fId="3" fbTx="0.119682096" lbTx="0.11968218" tId="0" fbRx="0.129682096" lbRx="0.12968218" />
<p fId="0" fbTx="0.11968218" lbTx="0.119683055" tId="1" fbRx="0.11968218" lbRx="0.119683055" />
<p fId="1" fbTx="0.119683055" lbTx="0.11968393" tId="4" fbRx="0.119683055" lbRx="0.11968393" />
<p fId="3" fbTx="0.119782096" lbTx="0.11978218" tId="0" fbRx="0.129782096" lbRx="0.12978218" />
<p fId="0" fbTx="0.11978218" lbTx="0.119783055" tId="1" fbRx="0.11978218" lbRx="0.119783055" />
<p fId="1" fbTx="0.119783055" lbTx="0.11978393" tId="4" fbRx="0.119783055" lbRx="0.11978393" />
<p fId="3" fbTx="0.119882096" lbTx="0.11988218" tId="0" fbRx="0.129882096" lbRx="0.12988218" />
<p fId="0" fbTx="0.11988218" lbTx="0.119883055" tId="1" fbRx="0.11988218" lbRx="0.119883055" />
<p fId="1" fbTx="0.119883055" lbTx="0.11988393" tId="4" fbRx="0.119883055" lbRx="0.11988393" />
<p fId="3" fbTx="0.119982096" lbTx="0.11998218" tId="0" fbRx="0.129982096" lbRx="0.12998218" />
<p fId="0" fbTx="0.11998218" lbTx="0.119983055" tId="1" fbRx="0.11998218" lbRx="0.119983055" />
<p fId="1" fbTx="0.119983055" lbTx="0.11998393" tId="4" fbRx="0.119983055" lbRx="0.11998393" />
<p fId="3" fbTx="0.120082096" lbTx="0.12008218" tId="0" fbRx="0.130082096" lbRx="0.13008218" />
<p fId="0" fbTx="0.12008218" lbTx="0.120083055" tId="1" fbRx="0.12008218" lbRx="0.120083055" />
<p fId="1" fbTx="0.120083055" lbTx="0.12008393" tId="4" fbRx="0.120083055" lbRx="0.12008393" />
<p fId="3" fbTx="0.120182096" lbTx="0.12018218" tId="0" fbRx="0.130182096" lbRx="0.13018218" />
<p fId="0" fbTx="0.12018218" lbTx="0.120183055" tId="1" fbRx="0.12018218" lbRx="0.120183055" />
<p fId="1" fbTx="0.120183055" lbTx="0.12018393" tId="4" fbRx="0.120183055" lbRx="0.12018393" />
<pr uId="98" fId="4" fbTx="0.120214286" />
<wpr uId="98" tId="5" fbRx="0.120214286" lbRx="0" />
<wpr uId="98" tId="6" fbRx="0.120214286" lbRx="0" />
<p fId="3" fbTx="0.120282096" lbTx="0.12028218" tId="0" fbRx="0.130282096" lbRx="0.13028218" />
<p fId="0" fbTx="0.12028218" lbTx="0.120283055" tId="1" fbRx="0.12028218" lbRx="0.120283055" />
<p fId="1" fbTx="0.120283055" lbTx="0.12028393" tId="4" fbRx="0.120283055" lbRx="0.12028393" />
<p fId="3" fbTx="0.120382096" lbTx="0.12038218" tId="0" fbRx="0.130382096" lbRx="0.13038218" />
<p fId="0" fbTx="0.12038218" lbTx="0.120383055" tId="1" fbRx="0.12038218" lbRx="0.120383055" />
<p fId="1" fbTx="0.120383055" lbTx="0.12038393" tId="4" fbRx="0.120383055" lbRx="0.12038393" />
<p fId="3" fbTx="0.120482096" lbTx="0.12048218" tId="0" fbRx="0.130482096" lbRx="0.13048218" />
<p fId="0" fbTx="0.12048218" lbTx="0.120483055" tId="1" fbRx="0.12048218" lbRx="0.120483055" />
<p fId="1" fbTx="0.120483055" lbTx="0.12048393" tId="4" fbRx="0.120483055" lbRx="0.12048393" />
<p fId="3" fbTx="0.120582096" lbTx="0.12058218" tId="0" fbRx="0.130582096" lbRx="0.13058218" />
<p fId="0" fbTx="0.12058218" lbTx="0.120583055" tId="1" fbRx="0.12058218" lbRx="0.120583055" />
<p fId="1" fbTx="0.120583055" lbTx="0.12058393" tId="4" fbRx="0.120583055" lbRx="0.12058393" />
<p fId="3" fbTx="0.120682096" lbTx="0.12068218" tId="0" fbRx="0.130682096" lbRx="0.13068218" />
<p fId="0" fbTx="0.12068218" lbTx="0.120683055" tId="1" fbRx="0.12068218" lbRx="0.120683055" />
<p fId="1" fbTx="0.120683055" lbTx="0.12068393" tId="4" fbRx="0.120683055" lbRx="0.12068393" />
<p fId="3" fbTx="0.120782096" lbTx="0.12078218" tId="0" fbRx="0.130782096" lbRx="0.13078218" />
<p fId="0" fbTx="0.12078218" lbTx="0.120783055" tId="1" fbRx="0.12078218" lbRx="0.120783055" />
<p fId="1" fbTx="0.120783055" lbTx="0.12078393" tId="4" fbRx="0.120783055" lbRx="0.12078393" />
<p fId="3" fbTx="0.120882096" lbTx="0.12088218" tId="0" fbRx="0.130882096" lbRx="0.13088218" />
<p fId="0" fbTx="0.12088218" lbTx="0.120883055" tId="1" fbRx="0.12088218" lbRx="0.120883055" />
<p fId="1" fbTx="0.120883055" lbTx="0.12088393" tId="4" fbRx="0.120883055" lbRx="0.12088393" />
<p fId="3" fbTx="0.120982096" lbTx="0.12098218" tId="0" fbRx="0.130982096" lbRx="0.13098218" />
<p fId="0" fbTx="0.12098218" lbTx="0.120983055" tId="1" fbRx="0.12098218" lbRx="0.120983055" />
<p fId="1" fbTx="0.120983055" lbTx="0.12098393" tId="4" fbRx="0.120983055" lbRx="0.12098393" />
<p fId="3" fbTx="0.121082096" lbTx="0.12108218" tId="0" fbRx="0.131082096" lbRx="0.13108218" />
<p fId="0" fbTx="0.12108218" lbTx="0.121083055" tId="1" fbRx="0.12108218" lbRx="0.121083055" />
<p fId="1" fbTx="0.121083055" lbTx="0.12108393" tId="4" fbRx="0.121083055" lbRx="0.12108393" />
<p fId="3" fbTx="0.121182096" lbTx="0.12118218" tId="0" fbRx="0.131182096" lbRx="0.13118218" />
<p fId="0" fbTx="0.12118218" lbTx="0.121183055" tId="1" fbRx="0.12118218" lbRx="0.121183055" />
<p fId="1" fbTx="0.121183055" lbTx="0.12118393" tId="4" fbRx="0.121183055" lbRx="0.12118393" />
<pr uId="99" fId="4" fbTx="0.121214286" />
<wpr uId="99" tId="5" fbRx="0.121214286" lbRx="0" />
<wpr uId="99" tId="6" fbRx="0.121214286" lbRx="0" />
<p fId="3" fbTx="0.121282096" lbTx="0.12128218" tId="0" fbRx="0.131282096" lbRx="0.13128218" />
<p fId="0" fbTx="0.12128218" lbTx="0.121283055" tId="1" fbRx="0.12128218" lbRx="0.121283055" />
<p fId="1" fbTx="0.121283055" lbTx="0.12128393" tId="4" fbRx="0.121283055" lbRx="0.12128393" />
<p fId="3" fbTx="0.121382096" lbTx="0.12138218" tId="0" fbRx="0.131382096" lbRx="0.13138218" />
<p fId="0" fbTx="0.12138218" lbTx="0.121383055" tId="1" fbRx="0.12138218" lbRx="0.121383055" />
<p fId="1" fbTx="0.121383055" lbTx="0.12138393" tId="4" fbRx="0.121383055" lbRx="0.12138393" />
<p fId="3" fbTx="0.121482096" lbTx="0.12148218" tId="0" fbRx="0.131482096" lbRx="0.13148218" />
<p fId="0" fbTx="0.12148218" lbTx="0.121483055" tId="1" fbRx="0.12148218" lbRx="0.121483055" />
<p fId="1" fbTx="0.121483055" lbTx="0.12148393" tId="4" fbRx="0.121483055" lbRx="0.12148393" />
<p fId="3" fbTx="0.121582096" lbTx="0.12158218" tId="0" fbRx="0.131582096" lbRx="0.13158218" />
<p fId="0" fbTx="0.12158218" lbTx="0.121583055" tId="1" fbRx="0.12158218" lbRx="0.121583055" />
<p fId="1" fbTx="0.121583055" lbTx="0.12158393" tId="4" fbRx="0.121583055" lbRx="0.12158393" />
<p fId="3" fbTx="0.121682096" lbTx="0.12168218" tId="0" fbRx="0.131682096" lbRx="0.13168218" />
<p fId="0" fbTx="0.12168218" lbTx="0.121683055" tId="1" fbRx="0.12168218" lbRx="0.121683055" />
<p fId="1" fbTx="0.121683055" lbTx="0.12168393" tId="4" fbRx="0.121683055" lbRx="0.12168393" />
<p fId="3" fbTx="0.121782096" lbTx="0.12178218" tId="0" fbRx="0.131782096" lbRx="0.13178218" />
<p fId="0" fbTx="0.12178218" lbTx="0.121783055" tId="1" fbRx="0.12178218" lbRx="0.121783055" />
<p fId="1" fbTx="0.121783055" lbTx="0.12178393" tId="4" fbRx="0.121783055" lbRx="0.12178393" />
<p fId="3" fbTx="0.121882096" lbTx="0.12188218" tId="0" fbRx="0.131882096" lbRx="0.13188218" />
<p fId="0" fbTx="0.12188218" lbTx="0.121883055" tId="1" fbRx="0.12188218" lbRx="0.121883055" />
<p fId="1" fbTx="0.121883055" lbTx="0.12188393" tId="4" fbRx="0.121883055" lbRx="0.12188393" />
<p fId="3" fbTx="0.121982096" lbTx="0.12198218" tId="0" fbRx="0.131982096" lbRx="0.13198218" />
<p fId="0" fbTx="0.12198218" lbTx="0.121983055" tId="1" fbRx="0.12198218" lbRx="0.121983055" />
<p fId="1" fbTx="0.121983055" lbTx="0.12198393" tId="4" fbRx="0.121983055" lbRx="0.12198393" />
<p fId="3" fbTx="0.122082096" lbTx="0.12208218" tId="0" fbRx="0.132082096" lbRx="0.13208218" />
<p fId="0" fbTx="0.12208218" lbTx="0.122083055" tId="1" fbRx="0.12208218" lbRx="0.122083055" />
<p fId="1" fbTx="0.122083055" lbTx="0.12208393" tId="4" fbRx="0.122083055" lbRx="0.12208393" />
<p fId="3" fbTx="0.122182096" lbTx="0.12218218" tId="0" fbRx="0.132182096" lbRx="0.13218218" />
<p fId="0" fbTx="0.12218218" lbTx="0.122183055" tId="1" fbRx="0.12218218" lbRx="0.122183055" />
<p fId="1" fbTx="0.122183055" lbTx="0.12218393" tId="4" fbRx="0.122183055" lbRx="0.12218393" />
<pr uId="100" fId="4" fbTx="0.122214286" />
<wpr uId="100" tId="5" fbRx="0.122214286" lbRx="0" />
<wpr uId="100" tId="6" fbRx="0.122214286" lbRx="0" />
<p fId="3" fbTx="0.122282096" lbTx="0.12228218" tId="0" fbRx="0.132282096" lbRx="0.13228218" />
<p fId="0" fbTx="0.12228218" lbTx="0.122283055" tId="1" fbRx="0.12228218" lbRx="0.122283055" />
<p fId="1" fbTx="0.122283055" lbTx="0.12228393" tId="4" fbRx="0.122283055" lbRx="0.12228393" />
<p fId="3" fbTx="0.122382096" lbTx="0.12238218" tId="0" fbRx="0.132382096" lbRx="0.13238218" />
<p fId="0" fbTx="0.12238218" lbTx="0.122383055" tId="1" fbRx="0.12238218" lbRx="0.122383055" />
<p fId="1" fbTx="0.122383055" lbTx="0.12238393" tId="4" fbRx="0.122383055" lbRx="0.12238393" />
<p fId="3" fbTx="0.122482096" lbTx="0.12248218" tId="0" fbRx="0.132482096" lbRx="0.13248218" />
<p fId="0" fbTx="0.12248218" lbTx="0.122483055" tId="1" fbRx="0.12248218" lbRx="0.122483055" />
<p fId="1" fbTx="0.122483055" lbTx="0.12248393" tId="4" fbRx="0.122483055" lbRx="0.12248393" />
<p fId="3" fbTx="0.122582096" lbTx="0.12258218" tId="0" fbRx="0.132582096" lbRx="0.13258218" />
<p fId="0" fbTx="0.12258218" lbTx="0.122583055" tId="1" fbRx="0.12258218" lbRx="0.122583055" />
<p fId="1" fbTx="0.122583055" lbTx="0.12258393" tId="4" fbRx="0.122583055" lbRx="0.12258393" />
<p fId="3" fbTx="0.122682096" lbTx="0.12268218" tId="0" fbRx="0.132682096" lbRx="0.13268218" />
<p fId="0" fbTx="0.12268218" lbTx="0.122683055" tId="1" fbRx="0.12268218" lbRx="0.122683055" />
<p fId="1" fbTx="0.122683055" lbTx="0.12268393" tId="4" fbRx="0.122683055" lbRx="0.12268393" />
<p fId="3" fbTx="0.122782096" lbTx="0.12278218" tId="0" fbRx="0.132782096" lbRx="0.13278218" />
<p fId="0" fbTx="0.12278218" lbTx="0.122783055" tId="1" fbRx="0.12278218" lbRx="0.122783055" />
<p fId="1" fbTx="0.122783055" lbTx="0.12278393" tId="4" fbRx="0.122783055" lbRx="0.12278393" />
<p fId="3" fbTx="0.122882096" lbTx="0.12288218" tId="0" fbRx="0.132882096" lbRx="0.13288218" />
<p fId="0" fbTx="0.12288218" lbTx="0.122883055" tId="1" fbRx="0.12288218" lbRx="0.122883055" />
<p fId="1" fbTx="0.122883055" lbTx="0.12288393" tId="4" fbRx="0.122883055" lbRx="0.12288393" />
<p fId="3" fbTx="0.122982096" lbTx="0.12298218" tId="0" fbRx="0.132982096" lbRx="0.13298218" />
<p fId="0" fbTx="0.12298218" lbTx="0.122983055" tId="1" fbRx="0.12298218" lbRx="0.122983055" />
<p fId="1" fbTx="0.122983055" lbTx="0.12298393" tId="4" fbRx="0.122983055" lbRx="0.12298393" />
<p fId="3" fbTx="0.123082096" lbTx="0.12308218" tId="0" fbRx="0.133082096" lbRx="0.13308218" />
<p fId="0" fbTx="0.12308218" lbTx="0.123083055" tId="1" fbRx="0.12308218" lbRx="0.123083055" />
<p fId="1" fbTx="0.123083055" lbTx="0.12308393" tId="4" fbRx="0.123083055" lbRx="0.12308393" />
<p fId="3" fbTx="0.123182096" lbTx="0.12318218" tId="0" fbRx="0.133182096" lbRx="0.13318218" />
<p fId="0" fbTx="0.12318218" lbTx="0.123183055" tId="1" fbRx="0.12318218" lbRx="0.123183055" />
<p fId="1" fbTx="0.123183055" lbTx="0.12318393" tId="4" fbRx="0.123183055" lbRx="0.12318393" />
<pr uId="101" fId="4" fbTx="0.123214286" />
<wpr uId="101" tId="5" fbRx="0.123214286" lbRx="0" />
<wpr uId="101" tId="6" fbRx="0.123214286" lbRx="0" />
<p fId="3" fbTx="0.123282096" lbTx="0.12328218" tId="0" fbRx="0.133282096" lbRx="0.13328218" />
<p fId="0" fbTx="0.12328218" lbTx="0.123283055" tId="1" fbRx="0.12328218" lbRx="0.123283055" />
<p fId="1" fbTx="0.123283055" lbTx="0.12328393" tId="4" fbRx="0.123283055" lbRx="0.12328393" />
<p fId="3" fbTx="0.123382096" lbTx="0.12338218" tId="0" fbRx="0.133382096" lbRx="0.13338218" />
<p fId="0" fbTx="0.12338218" lbTx="0.123383055" tId="1" fbRx="0.12338218" lbRx="0.123383055" />
<p fId="1" fbTx="0.123383055" lbTx="0.12338393" tId="4" fbRx="0.123383055" lbRx="0.12338393" />
<p fId="3" fbTx="0.123482096" lbTx="0.12348218" tId="0" fbRx="0.133482096" lbRx="0.13348218" />
<p fId="0" fbTx="0.12348218" lbTx="0.123483055" tId="1" fbRx="0.12348218" lbRx="0.123483055" />
<p fId="1" fbTx="0.123483055" lbTx="0.12348393" tId="4" fbRx="0.123483055" lbRx="0.12348393" />
<p fId="3" fbTx="0.123582096" lbTx="0.12358218" tId="0" fbRx="0.133582096" lbRx="0.13358218" />
<p fId="0" fbTx="0.12358218" lbTx="0.123583055" tId="1" fbRx="0.12358218" lbRx="0.123583055" />
<p fId="1" fbTx="0.123583055" lbTx="0.12358393" tId="4" fbRx="0.123583055" lbRx="0.12358393" />
<p fId="3" fbTx="0.123682096" lbTx="0.12368218" tId="0" fbRx="0.133682096" lbRx="0.13368218" />
<p fId="0" fbTx="0.12368218" lbTx="0.123683055" tId="1" fbRx="0.12368218" lbRx="0.123683055" />
<p fId="1" fbTx="0.123683055" lbTx="0.12368393" tId="4" fbRx="0.123683055" lbRx="0.12368393" />
<p fId="3" fbTx="0.123782096" lbTx="0.12378218" tId="0" fbRx="0.133782096" lbRx="0.13378218" />
<p fId="0" fbTx="0.12378218" lbTx="0.123783055" tId="1" fbRx="0.12378218" lbRx="0.123783055" />
<p fId="1" fbTx="0.123783055" lbTx="0.12378393" tId="4" fbRx="0.123783055" lbRx="0.12378393" />
<p fId="3" fbTx="0.123882096" lbTx="0.12388218" tId="0" fbRx="0.133882096" lbRx="0.13388218" />
<p fId="0" fbTx="0.12388218" lbTx="0.123883055" tId="1" fbRx="0.12388218" lbRx="0.123883055" />
<p fId="1" fbTx="0.123883055" lbTx="0.12388393" tId="4" fbRx="0.123883055" lbRx="0.12388393" />
<p fId="3" fbTx="0.123982096" lbTx="0.12398218" tId="0" fbRx="0.133982096" lbRx="0.13398218" />
<p fId="0" fbTx="0.12398218" lbTx="0.123983055" tId="1" fbRx="0.12398218" lbRx="0.123983055" />
<p fId="1" fbTx="0.123983055" lbTx="0.12398393" tId="4" fbRx="0.123983055" lbRx="0.12398393" />
<p fId="3" fbTx="0.124082096" lbTx="0.12408218" tId="0" fbRx="0.134082096" lbRx="0.13408218" />
<p fId="0" fbTx="0.12408218" lbTx="0.124083055" tId="1" fbRx="0.12408218" lbRx="0.124083055" />
<p fId="1" fbTx="0.124083055" lbTx="0.12408393" tId="4" fbRx="0.124083055" lbRx="0.12408393" />
<p fId="3" fbTx="0.124182096" lbTx="0.12418218" tId="0" fbRx="0.134182096" lbRx="0.13418218" />
<p fId="0" fbTx="0.12418218" lbTx="0.124183055" tId="1" fbRx="0.12418218" lbRx="0.124183055" />
<p fId="1" fbTx="0.124183055" lbTx="0.12418393" tId="4" fbRx="0.124183055" lbRx="0.12418393" />
<pr uId="102" fId="4" fbTx="0.124214286" />
<wpr uId="102" tId="5" fbRx="0.124214286" lbRx="0" />
<wpr uId="102" tId="6" fbRx="0.124214286" lbRx="0" />
<p fId="3" fbTx="0.124282096" lbTx="0.12428218" tId="0" fbRx="0.134282096" lbRx="0.13428218" />
<p fId="0" fbTx="0.12428218" lbTx="0.124283055" tId="1" fbRx="0.12428218" lbRx="0.124283055" />
<p fId="1" fbTx="0.124283055" lbTx="0.12428393" tId="4" fbRx="0.124283055" lbRx="0.12428393" />
<p fId="3" fbTx="0.124382096" lbTx="0.12438218" tId="0" fbRx="0.134382096" lbRx="0.13438218" />
<p fId="0" fbTx="0.12438218" lbTx="0.124383055" tId="1" fbRx="0.12438218" lbRx="0.124383055" />
<p fId="1" fbTx="0.124383055" lbTx="0.12438393" tId="4" fbRx="0.124383055" lbRx="0.12438393" />
<p fId="3" fbTx="0.124482096" lbTx="0.12448218" tId="0" fbRx="0.134482096" lbRx="0.13448218" />
<p fId="0" fbTx="0.12448218" lbTx="0.124483055" tId="1" fbRx="0.12448218" lbRx="0.124483055" />
<p fId="1" fbTx="0.124483055" lbTx="0.12448393" tId="4" fbRx="0.124483055" lbRx="0.12448393" />
<p fId="3" fbTx="0.124582096" lbTx="0.12458218" tId="0" fbRx="0.134582096" lbRx="0.13458218" />
<p fId="0" fbTx="0.12458218" lbTx="0.124583055" tId="1" fbRx="0.12458218" lbRx="0.124583055" />
<p fId="1" fbTx="0.124583055" lbTx="0.12458393" tId="4" fbRx="0.124583055" lbRx="0.12458393" />
<p fId="3" fbTx="0.124682096" lbTx="0.12468218" tId="0" fbRx="0.134682096" lbRx="0.13468218" />
<p fId="0" fbTx="0.12468218" lbTx="0.124683055" tId="1" fbRx="0.12468218" lbRx="0.124683055" />
<p fId="1" fbTx="0.124683055" lbTx="0.12468393" tId="4" fbRx="0.124683055" lbRx="0.12468393" />
<p fId="3" fbTx="0.124782096" lbTx="0.12478218" tId="0" fbRx="0.134782096" lbRx="0.13478218" />
<p fId="0" fbTx="0.12478218" lbTx="0.124783055" tId="1" fbRx="0.12478218" lbRx="0.124783055" />
<p fId="1" fbTx="0.124783055" lbTx="0.12478393" tId="4" fbRx="0.124783055" lbRx="0.12478393" />
<p fId="3" fbTx="0.124882096" lbTx="0.12488218" tId="0" fbRx="0.134882096" lbRx="0.13488218" />
<p fId="0" fbTx="0.12488218" lbTx="0.124883055" tId="1" fbRx="0.12488218" lbRx="0.124883055" />
<p fId="1" fbTx="0.124883055" lbTx="0.12488393" tId="4" fbRx="0.124883055" lbRx="0.12488393" />
<p fId="3" fbTx="0.124982096" lbTx="0.12498218" tId="0" fbRx="0.134982096" lbRx="0.13498218" />
<p fId="0" fbTx="0.12498218" lbTx="0.124983055" tId="1" fbRx="0.12498218" lbRx="0.124983055" />
<p fId="1" fbTx="0.124983055" lbTx="0.12498393" tId="4" fbRx="0.124983055" lbRx="0.12498393" />
<p fId="3" fbTx="0.125082096" lbTx="0.12508218" tId="0" fbRx="0.135082096" lbRx="0.13508218" />
<p fId="0" fbTx="0.12508218" lbTx="0.125083055" tId="1" fbRx="0.12508218" lbRx="0.125083055" />
<p fId="1" fbTx="0.125083055" lbTx="0.12508393" tId="4" fbRx="0.125083055" lbRx="0.12508393" />
<p fId="3" fbTx="0.125182096" lbTx="0.12518218" tId="0" fbRx="0.135182096" lbRx="0.13518218" />
<p fId="0" fbTx="0.12518218" lbTx="0.125183055" tId="1" fbRx="0.12518218" lbRx="0.125183055" />
<p fId="1" fbTx="0.125183055" lbTx="0.12518393" tId="4" fbRx="0.125183055" lbRx="0.12518393" />
<pr uId="103" fId="4" fbTx="0.125214286" />
<wpr uId="103" tId="5" fbRx="0.125214286" lbRx="0" />
<wpr uId="103" tId="6" fbRx="0.125214286" lbRx="0" />
<p fId="3" fbTx="0.125282096" lbTx="0.12528218" tId="0" fbRx="0.135282096" lbRx="0.13528218" />
<p fId="0" fbTx="0.12528218" lbTx="0.125283055" tId="1" fbRx="0.12528218" lbRx="0.125283055" />
<p fId="1" fbTx="0.125283055" lbTx="0.12528393" tId="4" fbRx="0.125283055" lbRx="0.12528393" />
<p fId="3" fbTx="0.125382096" lbTx="0.12538218" tId="0" fbRx="0.135382096" lbRx="0.13538218" />
<p fId="0" fbTx="0.12538218" lbTx="0.125383055" tId="1" fbRx="0.12538218" lbRx="0.125383055" />
<p fId="1" fbTx="0.125383055" lbTx="0.12538393" tId="4" fbRx="0.125383055" lbRx="0.12538393" />
<p fId="3" fbTx="0.125482096" lbTx="0.12548218" tId="0" fbRx="0.135482096" lbRx="0.13548218" />
<p fId="0" fbTx="0.12548218" lbTx="0.125483055" tId="1" fbRx="0.12548218" lbRx="0.125483055" />
<p fId="1" fbTx="0.125483055" lbTx="0.12548393" tId="4" fbRx="0.125483055" lbRx="0.12548393" />
<p fId="3" fbTx="0.125582096" lbTx="0.12558218" tId="0" fbRx="0.135582096" lbRx="0.13558218" />
<p fId="0" fbTx="0.12558218" lbTx="0.125583055" tId="1" fbRx="0.12558218" lbRx="0.125583055" />
<p fId="1" fbTx="0.125583055" lbTx="0.12558393" tId="4" fbRx="0.125583055" lbRx="0.12558393" />
<p fId="3" fbTx="0.125682096" lbTx="0.12568218" tId="0" fbRx="0.135682096" lbRx="0.13568218" />
<p fId="0" fbTx="0.12568218" lbTx="0.125683055" tId="1" fbRx="0.12568218" lbRx="0.125683055" />
<p fId="1" fbTx="0.125683055" lbTx="0.12568393" tId="4" fbRx="0.125683055" lbRx="0.12568393" />
<p fId="3" fbTx="0.125782096" lbTx="0.12578218" tId="0" fbRx="0.135782096" lbRx="0.13578218" />
<p fId="0" fbTx="0.12578218" lbTx="0.125783055" tId="1" fbRx="0.12578218" lbRx="0.125783055" />
<p fId="1" fbTx="0.125783055" lbTx="0.12578393" tId="4" fbRx="0.125783055" lbRx="0.12578393" />
<p fId="3" fbTx="0.125882096" lbTx="0.12588218" tId="0" fbRx="0.135882096" lbRx="0.13588218" />
<p fId="0" fbTx="0.12588218" lbTx="0.125883055" tId="1" fbRx="0.12588218" lbRx="0.125883055" />
<p fId="1" fbTx="0.125883055" lbTx="0.12588393" tId="4" fbRx="0.125883055" lbRx="0.12588393" />
<p fId="3" fbTx="0.125982096" lbTx="0.12598218" tId="0" fbRx="0.135982096" lbRx="0.13598218" />
<p fId="0" fbTx="0.12598218" lbTx="0.125983055" tId="1" fbRx="0.12598218" lbRx="0.125983055" />
<p fId="1" fbTx="0.125983055" lbTx="0.12598393" tId="4" fbRx="0.125983055" lbRx="0.12598393" />
<p fId="3" fbTx="0.126082096" lbTx="0.12608218" tId="0" fbRx="0.136082096" lbRx="0.13608218" />
<p fId="0" fbTx="0.12608218" lbTx="0.126083055" tId="1" fbRx="0.12608218" lbRx="0.126083055" />
<p fId="1" fbTx="0.126083055" lbTx="0.12608393" tId="4" fbRx="0.126083055" lbRx="0.12608393" />
<p fId="3" fbTx="0.126182096" lbTx="0.12618218" tId="0" fbRx="0.136182096" lbRx="0.13618218" />
<p fId="0" fbTx="0.12618218" lbTx="0.126183055" tId="1" fbRx="0.12618218" lbRx="0.126183055" />
<p fId="1" fbTx="0.126183055" lbTx="0.12618393" tId="4" fbRx="0.126183055" lbRx="0.12618393" />
<pr uId="104" fId="4" fbTx="0.126214286" />
<wpr uId="104" tId="5" fbRx="0.126214286" lbRx="0" />
<wpr uId="104" tId="6" fbRx="0.126214286" lbRx="0" />
<p fId="3" fbTx="0.126282096" lbTx="0.12628218" tId="0" fbRx="0.136282096" lbRx="0.13628218" />
<p fId="0" fbTx="0.12628218" lbTx="0.126283055" tId="1" fbRx="0.12628218" lbRx="0.126283055" />
<p fId="1" fbTx="0.126283055" lbTx="0.12628393" tId="4" fbRx="0.126283055" lbRx="0.12628393" />
<p fId="3" fbTx="0.126382096" lbTx="0.12638218" tId="0" fbRx="0.136382096" lbRx="0.13638218" />
<p fId="0" fbTx="0.12638218" lbTx="0.126383055" tId="1" fbRx="0.12638218" lbRx="0.126383055" />
<p fId="1" fbTx="0.126383055" lbTx="0.12638393" tId="4" fbRx="0.126383055" lbRx="0.12638393" />
<p fId="3" fbTx="0.126482096" lbTx="0.12648218" tId="0" fbRx="0.136482096" lbRx="0.13648218" />
<p fId="0" fbTx="0.12648218" lbTx="0.126483055" tId="1" fbRx="0.12648218" lbRx="0.126483055" />
<p fId="1" fbTx="0.126483055" lbTx="0.12648393" tId="4" fbRx="0.126483055" lbRx="0.12648393" />
<p fId="3" fbTx="0.126582096" lbTx="0.12658218" tId="0" fbRx="0.136582096" lbRx="0.13658218" />
<p fId="0" fbTx="0.12658218" lbTx="0.126583055" tId="1" fbRx="0.12658218" lbRx="0.126583055" />
<p fId="1" fbTx="0.126583055" lbTx="0.12658393" tId="4" fbRx="0.126583055" lbRx="0.12658393" />
<p fId="3" fbTx="0.126682096" lbTx="0.12668218" tId="0" fbRx="0.136682096" lbRx="0.13668218" />
<p fId="0" fbTx="0.12668218" lbTx="0.126683055" tId="1" fbRx="0.12668218" lbRx="0.126683055" />
<p fId="1" fbTx="0.126683055" lbTx="0.12668393" tId="4" fbRx="0.126683055" lbRx="0.12668393" />
<p fId="3" fbTx="0.126782096" lbTx="0.12678218" tId="0" fbRx="0.136782096" lbRx="0.13678218" />
<p fId="0" fbTx="0.12678218" lbTx="0.126783055" tId="1" fbRx="0.12678218" lbRx="0.126783055" />
<p fId="1" fbTx="0.126783055" lbTx="0.12678393" tId="4" fbRx="0.126783055" lbRx="0.12678393" />
<p fId="3" fbTx="0.126882096" lbTx="0.12688218" tId="0" fbRx="0.136882096" lbRx="0.13688218" />
<p fId="0" fbTx="0.12688218" lbTx="0.126883055" tId="1" fbRx="0.12688218" lbRx="0.126883055" />
<p fId="1" fbTx="0.126883055" lbTx="0.12688393" tId="4" fbRx="0.126883055" lbRx="0.12688393" />
<p fId="3" fbTx="0.126982096" lbTx="0.12698218" tId="0" fbRx="0.136982096" lbRx="0.13698218" />
<p fId="0" fbTx="0.12698218" lbTx="0.126983055" tId="1" fbRx="0.12698218" lbRx="0.126983055" />
<p fId="1" fbTx="0.126983055" lbTx="0.12698393" tId="4" fbRx="0.126983055" lbRx="0.12698393" />
<p fId="3" fbTx="0.127082096" lbTx="0.12708218" tId="0" fbRx="0.137082096" lbRx="0.13708218" />
<p fId="0" fbTx="0.12708218" lbTx="0.127083055" tId="1" fbRx="0.12708218" lbRx="0.127083055" />
<p fId="1" fbTx="0.127083055" lbTx="0.12708393" tId="4" fbRx="0.127083055" lbRx="0.12708393" />
<p fId="3" fbTx="0.127182096" lbTx="0.12718218" tId="0" fbRx="0.137182096" lbRx="0.13718218" />
<p fId="0" fbTx="0.12718218" lbTx="0.127183055" tId="1" fbRx="0.12718218" lbRx="0.127183055" />
<p fId="1" fbTx="0.127183055" lbTx="0.12718393" tId="4" fbRx="0.127183055" lbRx="0.12718393" />
<pr uId="105" fId="4" fbTx="0.127214286" />
<wpr uId="105" tId="5" fbRx="0.127214286" lbRx="0" />
<wpr uId="105" tId="6" fbRx="0.127214286" lbRx="0" />
<p fId="3" fbTx="0.127282096" lbTx="0.12728218" tId="0" fbRx="0.137282096" lbRx="0.13728218" />
<p fId="0" fbTx="0.12728218" lbTx="0.127283055" tId="1" fbRx="0.12728218" lbRx="0.127283055" />
<p fId="1" fbTx="0.127283055" lbTx="0.12728393" tId="4" fbRx="0.127283055" lbRx="0.12728393" />
<p fId="3" fbTx="0.127382096" lbTx="0.12738218" tId="0" fbRx="0.137382096" lbRx="0.13738218" />
<p fId="0" fbTx="0.12738218" lbTx="0.127383055" tId="1" fbRx="0.12738218" lbRx="0.127383055" />
<p fId="1" fbTx="0.127383055" lbTx="0.12738393" tId="4" fbRx="0.127383055" lbRx="0.12738393" />
<p fId="3" fbTx="0.127482096" lbTx="0.12748218" tId="0" fbRx="0.137482096" lbRx="0.13748218" />
<p fId="0" fbTx="0.12748218" lbTx="0.127483055" tId="1" fbRx="0.12748218" lbRx="0.127483055" />
<p fId="1" fbTx="0.127483055" lbTx="0.12748393" tId="4" fbRx="0.127483055" lbRx="0.12748393" />
<p fId="3" fbTx="0.127582096" lbTx="0.12758218" tId="0" fbRx="0.137582096" lbRx="0.13758218" />
<p fId="0" fbTx="0.12758218" lbTx="0.127583055" tId="1" fbRx="0.12758218" lbRx="0.127583055" />
<p fId="1" fbTx="0.127583055" lbTx="0.12758393" tId="4" fbRx="0.127583055" lbRx="0.12758393" />
<p fId="3" fbTx="0.127682096" lbTx="0.12768218" tId="0" fbRx="0.137682096" lbRx="0.13768218" />
<p fId="0" fbTx="0.12768218" lbTx="0.127683055" tId="1" fbRx="0.12768218" lbRx="0.127683055" />
<p fId="1" fbTx="0.127683055" lbTx="0.12768393" tId="4" fbRx="0.127683055" lbRx="0.12768393" />
<p fId="3" fbTx="0.127782096" lbTx="0.12778218" tId="0" fbRx="0.137782096" lbRx="0.13778218" />
<p fId="0" fbTx="0.12778218" lbTx="0.127783055" tId="1" fbRx="0.12778218" lbRx="0.127783055" />
<p fId="1" fbTx="0.127783055" lbTx="0.12778393" tId="4" fbRx="0.127783055" lbRx="0.12778393" />
<p fId="3" fbTx="0.127882096" lbTx="0.12788218" tId="0" fbRx="0.137882096" lbRx="0.13788218" />
<p fId="0" fbTx="0.12788218" lbTx="0.127883055" tId="1" fbRx="0.12788218" lbRx="0.127883055" />
<p fId="1" fbTx="0.127883055" lbTx="0.12788393" tId="4" fbRx="0.127883055" lbRx="0.12788393" />
<p fId="3" fbTx="0.127982096" lbTx="0.12798218" tId="0" fbRx="0.137982096" lbRx="0.13798218" />
<p fId="0" fbTx="0.12798218" lbTx="0.127983055" tId="1" fbRx="0.12798218" lbRx="0.127983055" />
<p fId="1" fbTx="0.127983055" lbTx="0.12798393" tId="4" fbRx="0.127983055" lbRx="0.12798393" />
<p fId="3" fbTx="0.128082096" lbTx="0.12808218" tId="0" fbRx="0.138082096" lbRx="0.13808218" />
<p fId="0" fbTx="0.12808218" lbTx="0.128083055" tId="1" fbRx="0.12808218" lbRx="0.128083055" />
<p fId="1" fbTx="0.128083055" lbTx="0.12808393" tId="4" fbRx="0.128083055" lbRx="0.12808393" />
<p fId="3" fbTx="0.128182096" lbTx="0.12818218" tId="0" fbRx="0.138182096" lbRx="0.13818218" />
<p fId="0" fbTx="0.12818218" lbTx="0.128183055" tId="1" fbRx="0.12818218" lbRx="0.128183055" />
<p fId="1" fbTx="0.128183055" lbTx="0.12818393" tId="4" fbRx="0.128183055" lbRx="0.12818393" />
<pr uId="106" fId="4" fbTx="0.128214286" />
<wpr uId="106" tId="5" fbRx="0.128214286" lbRx="0" />
<wpr uId="106" tId="6" fbRx="0.128214286" lbRx="0" />
<p fId="3" fbTx="0.128282096" lbTx="0.12828218" tId="0" fbRx="0.138282096" lbRx="0.13828218" />
<p fId="0" fbTx="0.12828218" lbTx="0.128283055" tId="1" fbRx="0.12828218" lbRx="0.128283055" />
<p fId="1" fbTx="0.128283055" lbTx="0.12828393" tId="4" fbRx="0.128283055" lbRx="0.12828393" />
<p fId="3" fbTx="0.128382096" lbTx="0.12838218" tId="0" fbRx="0.138382096" lbRx="0.13838218" />
<p fId="0" fbTx="0.12838218" lbTx="0.128383055" tId="1" fbRx="0.12838218" lbRx="0.128383055" />
<p fId="1" fbTx="0.128383055" lbTx="0.12838393" tId="4" fbRx="0.128383055" lbRx="0.12838393" />
<p fId="3" fbTx="0.128482096" lbTx="0.12848218" tId="0" fbRx="0.138482096" lbRx="0.13848218" />
<p fId="0" fbTx="0.12848218" lbTx="0.128483055" tId="1" fbRx="0.12848218" lbRx="0.128483055" />
<p fId="1" fbTx="0.128483055" lbTx="0.12848393" tId="4" fbRx="0.128483055" lbRx="0.12848393" />
<p fId="3" fbTx="0.128582096" lbTx="0.12858218" tId="0" fbRx="0.138582096" lbRx="0.13858218" />
<p fId="0" fbTx="0.12858218" lbTx="0.128583055" tId="1" fbRx="0.12858218" lbRx="0.128583055" />
<p fId="1" fbTx="0.128583055" lbTx="0.12858393" tId="4" fbRx="0.128583055" lbRx="0.12858393" />
<p fId="3" fbTx="0.128682096" lbTx="0.12868218" tId="0" fbRx="0.138682096" lbRx="0.13868218" />
<p fId="0" fbTx="0.12868218" lbTx="0.128683055" tId="1" fbRx="0.12868218" lbRx="0.128683055" />
<p fId="1" fbTx="0.128683055" lbTx="0.12868393" tId="4" fbRx="0.128683055" lbRx="0.12868393" />
<p fId="3" fbTx="0.128782096" lbTx="0.12878218" tId="0" fbRx="0.138782096" lbRx="0.13878218" />
<p fId="0" fbTx="0.12878218" lbTx="0.128783055" tId="1" fbRx="0.12878218" lbRx="0.128783055" />
<p fId="1" fbTx="0.128783055" lbTx="0.12878393" tId="4" fbRx="0.128783055" lbRx="0.12878393" />
<p fId="3" fbTx="0.128882096" lbTx="0.12888218" tId="0" fbRx="0.138882096" lbRx="0.13888218" />
<p fId="0" fbTx="0.12888218" lbTx="0.128883055" tId="1" fbRx="0.12888218" lbRx="0.128883055" />
<p fId="1" fbTx="0.128883055" lbTx="0.12888393" tId="4" fbRx="0.128883055" lbRx="0.12888393" />
<p fId="3" fbTx="0.128982096" lbTx="0.12898218" tId="0" fbRx="0.138982096" lbRx="0.13898218" />
<p fId="0" fbTx="0.12898218" lbTx="0.128983055" tId="1" fbRx="0.12898218" lbRx="0.128983055" />
<p fId="1" fbTx="0.128983055" lbTx="0.12898393" tId="4" fbRx="0.128983055" lbRx="0.12898393" />
<p fId="3" fbTx="0.129082096" lbTx="0.12908218" tId="0" fbRx="0.139082096" lbRx="0.13908218" />
<p fId="0" fbTx="0.12908218" lbTx="0.129083055" tId="1" fbRx="0.12908218" lbRx="0.129083055" />
<p fId="1" fbTx="0.129083055" lbTx="0.12908393" tId="4" fbRx="0.129083055" lbRx="0.12908393" />
<p fId="3" fbTx="0.129182096" lbTx="0.12918218" tId="0" fbRx="0.139182096" lbRx="0.13918218" />
<p fId="0" fbTx="0.12918218" lbTx="0.129183055" tId="1" fbRx="0.12918218" lbRx="0.129183055" />
<p fId="1" fbTx="0.129183055" lbTx="0.12918393" tId="4" fbRx="0.129183055" lbRx="0.12918393" />
<pr uId="107" fId="4" fbTx="0.129214286" />
<wpr uId="107" tId="5" fbRx="0.129214286" lbRx="0" />
<wpr uId="107" tId="6" fbRx="0.129214286" lbRx="0" />
<p fId="3" fbTx="0.129282096" lbTx="0.12928218" tId="0" fbRx="0.139282096" lbRx="0.13928218" />
<p fId="0" fbTx="0.12928218" lbTx="0.129283055" tId="1" fbRx="0.12928218" lbRx="0.129283055" />
<p fId="1" fbTx="0.129283055" lbTx="0.12928393" tId="4" fbRx="0.129283055" lbRx="0.12928393" />
<p fId="3" fbTx="0.129382096" lbTx="0.12938218" tId="0" fbRx="0.139382096" lbRx="0.13938218" />
<p fId="0" fbTx="0.12938218" lbTx="0.129383055" tId="1" fbRx="0.12938218" lbRx="0.129383055" />
<p fId="1" fbTx="0.129383055" lbTx="0.12938393" tId="4" fbRx="0.129383055" lbRx="0.12938393" />
<p fId="3" fbTx="0.129482096" lbTx="0.12948218" tId="0" fbRx="0.139482096" lbRx="0.13948218" />
<p fId="0" fbTx="0.12948218" lbTx="0.129483055" tId="1" fbRx="0.12948218" lbRx="0.129483055" />
<p fId="1" fbTx="0.129483055" lbTx="0.12948393" tId="4" fbRx="0.129483055" lbRx="0.12948393" />
<p fId="3" fbTx="0.129582096" lbTx="0.12958218" tId="0" fbRx="0.139582096" lbRx="0.13958218" />
<p fId="0" fbTx="0.12958218" lbTx="0.129583055" tId="1" fbRx="0.12958218" lbRx="0.129583055" />
<p fId="1" fbTx="0.129583055" lbTx="0.12958393" tId="4" fbRx="0.129583055" lbRx="0.12958393" />
<p fId="3" fbTx="0.129682096" lbTx="0.12968218" tId="0" fbRx="0.139682096" lbRx="0.13968218" />
<p fId="0" fbTx="0.12968218" lbTx="0.129683055" tId="1" fbRx="0.12968218" lbRx="0.129683055" />
<p fId="1" fbTx="0.129683055" lbTx="0.12968393" tId="4" fbRx="0.129683055" lbRx="0.12968393" />
<p fId="3" fbTx="0.129782096" lbTx="0.12978218" tId="0" fbRx="0.139782096" lbRx="0.13978218" />
<p fId="0" fbTx="0.12978218" lbTx="0.129783055" tId="1" fbRx="0.12978218" lbRx="0.129783055" />
<p fId="1" fbTx="0.129783055" lbTx="0.12978393" tId="4" fbRx="0.129783055" lbRx="0.12978393" />
<p fId="3" fbTx="0.129882096" lbTx="0.12988218" tId="0" fbRx="0.139882096" lbRx="0.13988218" />
<p fId="0" fbTx="0.12988218" lbTx="0.129883055" tId="1" fbRx="0.12988218" lbRx="0.129883055" />
<p fId="1" fbTx="0.129883055" lbTx="0.12988393" tId="4" fbRx="0.129883055" lbRx="0.12988393" />
<p fId="3" fbTx="0.129982096" lbTx="0.12998218" tId="0" fbRx="0.139982096" lbRx="0.13998218" />
<p fId="0" fbTx="0.12998218" lbTx="0.129983055" tId="1" fbRx="0.12998218" lbRx="0.129983055" />
<p fId="1" fbTx="0.129983055" lbTx="0.12998393" tId="4" fbRx="0.129983055" lbRx="0.12998393" />
<p fId="3" fbTx="0.130082096" lbTx="0.13008218" tId="0" fbRx="0.140082096" lbRx="0.14008218" />
<p fId="0" fbTx="0.13008218" lbTx="0.130083055" tId="1" fbRx="0.13008218" lbRx="0.130083055" />
<p fId="1" fbTx="0.130083055" lbTx="0.13008393" tId="4" fbRx="0.130083055" lbRx="0.13008393" />
<p fId="3" fbTx="0.130182096" lbTx="0.13018218" tId="0" fbRx="0.140182096" lbRx="0.14018218" />
<p fId="0" fbTx="0.13018218" lbTx="0.130183055" tId="1" fbRx="0.13018218" lbRx="0.130183055" />
<p fId="1" fbTx="0.130183055" lbTx="0.13018393" tId="4" fbRx="0.130183055" lbRx="0.13018393" />
<pr uId="108" fId="4" fbTx="0.130214286" />
<wpr uId="108" tId="5" fbRx="0.130214286" lbRx="0" />
<wpr uId="108" tId="6" fbRx="0.130214286" lbRx="0" />
<p fId="3" fbTx="0.130282096" lbTx="0.13028218" tId="0" fbRx="0.140282096" lbRx="0.14028218" />
<p fId="0" fbTx="0.13028218" lbTx="0.130283055" tId="1" fbRx="0.13028218" lbRx="0.130283055" />
<p fId="1" fbTx="0.130283055" lbTx="0.13028393" tId="4" fbRx="0.130283055" lbRx="0.13028393" />
<p fId="3" fbTx="0.130382096" lbTx="0.13038218" tId="0" fbRx="0.140382096" lbRx="0.14038218" />
<p fId="0" fbTx="0.13038218" lbTx="0.130383055" tId="1" fbRx="0.13038218" lbRx="0.130383055" />
<p fId="1" fbTx="0.130383055" lbTx="0.13038393" tId="4" fbRx="0.130383055" lbRx="0.13038393" />
<p fId="3" fbTx="0.130482096" lbTx="0.13048218" tId="0" fbRx="0.140482096" lbRx="0.14048218" />
<p fId="0" fbTx="0.13048218" lbTx="0.130483055" tId="1" fbRx="0.13048218" lbRx="0.130483055" />
<p fId="1" fbTx="0.130483055" lbTx="0.13048393" tId="4" fbRx="0.130483055" lbRx="0.13048393" />
<p fId="3" fbTx="0.130582096" lbTx="0.13058218" tId="0" fbRx="0.140582096" lbRx="0.14058218" />
<p fId="0" fbTx="0.13058218" lbTx="0.130583055" tId="1" fbRx="0.13058218" lbRx="0.130583055" />
<p fId="1" fbTx="0.130583055" lbTx="0.13058393" tId="4" fbRx="0.130583055" lbRx="0.13058393" />
<p fId="3" fbTx="0.130682096" lbTx="0.13068218" tId="0" fbRx="0.140682096" lbRx="0.14068218" />
<p fId="0" fbTx="0.13068218" lbTx="0.130683055" tId="1" fbRx="0.13068218" lbRx="0.130683055" />
<p fId="1" fbTx="0.130683055" lbTx="0.13068393" tId="4" fbRx="0.130683055" lbRx="0.13068393" />
<p fId="3" fbTx="0.130782096" lbTx="0.13078218" tId="0" fbRx="0.140782096" lbRx="0.14078218" />
<p fId="0" fbTx="0.13078218" lbTx="0.130783055" tId="1" fbRx="0.13078218" lbRx="0.130783055" />
<p fId="1" fbTx="0.130783055" lbTx="0.13078393" tId="4" fbRx="0.130783055" lbRx="0.13078393" />
<p fId="3" fbTx="0.130882096" lbTx="0.13088218" tId="0" fbRx="0.140882096" lbRx="0.14088218" />
<p fId="0" fbTx="0.13088218" lbTx="0.130883055" tId="1" fbRx="0.13088218" lbRx="0.130883055" />
<p fId="1" fbTx="0.130883055" lbTx="0.13088393" tId="4" fbRx="0.130883055" lbRx="0.13088393" />
<p fId="3" fbTx="0.130982096" lbTx="0.13098218" tId="0" fbRx="0.140982096" lbRx="0.14098218" />
<p fId="0" fbTx="0.13098218" lbTx="0.130983055" tId="1" fbRx="0.13098218" lbRx="0.130983055" />
<p fId="1" fbTx="0.130983055" lbTx="0.13098393" tId="4" fbRx="0.130983055" lbRx="0.13098393" />
<p fId="3" fbTx="0.131082096" lbTx="0.13108218" tId="0" fbRx="0.141082096" lbRx="0.14108218" />
<p fId="0" fbTx="0.13108218" lbTx="0.131083055" tId="1" fbRx="0.13108218" lbRx="0.131083055" />
<p fId="1" fbTx="0.131083055" lbTx="0.13108393" tId="4" fbRx="0.131083055" lbRx="0.13108393" />
<p fId="3" fbTx="0.131182096" lbTx="0.13118218" tId="0" fbRx="0.141182096" lbRx="0.14118218" />
<p fId="0" fbTx="0.13118218" lbTx="0.131183055" tId="1" fbRx="0.13118218" lbRx="0.131183055" />
<p fId="1" fbTx="0.131183055" lbTx="0.13118393" tId="4" fbRx="0.131183055" lbRx="0.13118393" />
<pr uId="109" fId="4" fbTx="0.131214286" />
<wpr uId="109" tId="5" fbRx="0.131214286" lbRx="0" />
<wpr uId="109" tId="6" fbRx="0.131214286" lbRx="0" />
<p fId="3" fbTx="0.131282096" lbTx="0.13128218" tId="0" fbRx="0.141282096" lbRx="0.14128218" />
<p fId="0" fbTx="0.13128218" lbTx="0.131283055" tId="1" fbRx="0.13128218" lbRx="0.131283055" />
<p fId="1" fbTx="0.131283055" lbTx="0.13128393" tId="4" fbRx="0.131283055" lbRx="0.13128393" />
<p fId="3" fbTx="0.131382096" lbTx="0.13138218" tId="0" fbRx="0.141382096" lbRx="0.14138218" />
<p fId="0" fbTx="0.13138218" lbTx="0.131383055" tId="1" fbRx="0.13138218" lbRx="0.131383055" />
<p fId="1" fbTx="0.131383055" lbTx="0.13138393" tId="4" fbRx="0.131383055" lbRx="0.13138393" />
<p fId="3" fbTx="0.131482096" lbTx="0.13148218" tId="0" fbRx="0.141482096" lbRx="0.14148218" />
<p fId="0" fbTx="0.13148218" lbTx="0.131483055" tId="1" fbRx="0.13148218" lbRx="0.131483055" />
<p fId="1" fbTx="0.131483055" lbTx="0.13148393" tId="4" fbRx="0.131483055" lbRx="0.13148393" />
<p fId="3" fbTx="0.131582096" lbTx="0.13158218" tId="0" fbRx="0.141582096" lbRx="0.14158218" />
<p fId="0" fbTx="0.13158218" lbTx="0.131583055" tId="1" fbRx="0.13158218" lbRx="0.131583055" />
<p fId="1" fbTx="0.131583055" lbTx="0.13158393" tId="4" fbRx="0.131583055" lbRx="0.13158393" />
<p fId="3" fbTx="0.131682096" lbTx="0.13168218" tId="0" fbRx="0.141682096" lbRx="0.14168218" />
<p fId="0" fbTx="0.13168218" lbTx="0.131683055" tId="1" fbRx="0.13168218" lbRx="0.131683055" />
<p fId="1" fbTx="0.131683055" lbTx="0.13168393" tId="4" fbRx="0.131683055" lbRx="0.13168393" />
<p fId="3" fbTx="0.131782096" lbTx="0.13178218" tId="0" fbRx="0.141782096" lbRx="0.14178218" />
<p fId="0" fbTx="0.13178218" lbTx="0.131783055" tId="1" fbRx="0.13178218" lbRx="0.131783055" />
<p fId="1" fbTx="0.131783055" lbTx="0.13178393" tId="4" fbRx="0.131783055" lbRx="0.13178393" />
<p fId="3" fbTx="0.131882096" lbTx="0.13188218" tId="0" fbRx="0.141882096" lbRx="0.14188218" />
<p fId="0" fbTx="0.13188218" lbTx="0.131883055" tId="1" fbRx="0.13188218" lbRx="0.131883055" />
<p fId="1" fbTx="0.131883055" lbTx="0.13188393" tId="4" fbRx="0.131883055" lbRx="0.13188393" />
<p fId="3" fbTx="0.131982096" lbTx="0.13198218" tId="0" fbRx="0.141982096" lbRx="0.14198218" />
<p fId="0" fbTx="0.13198218" lbTx="0.131983055" tId="1" fbRx="0.13198218" lbRx="0.131983055" />
<p fId="1" fbTx="0.131983055" lbTx="0.13198393" tId="4" fbRx="0.131983055" lbRx="0.13198393" />
<p fId="3" fbTx="0.132082096" lbTx="0.13208218" tId="0" fbRx="0.142082096" lbRx="0.14208218" />
<p fId="0" fbTx="0.13208218" lbTx="0.132083055" tId="1" fbRx="0.13208218" lbRx="0.132083055" />
<p fId="1" fbTx="0.132083055" lbTx="0.13208393" tId="4" fbRx="0.132083055" lbRx="0.13208393" />
<p fId="3" fbTx="0.132182096" lbTx="0.13218218" tId="0" fbRx="0.142182096" lbRx="0.14218218" />
<p fId="0" fbTx="0.13218218" lbTx="0.132183055" tId="1" fbRx="0.13218218" lbRx="0.132183055" />
<p fId="1" fbTx="0.132183055" lbTx="0.13218393" tId="4" fbRx="0.132183055" lbRx="0.13218393" />
<pr uId="110" fId="4" fbTx="0.132214286" />
<wpr uId="110" tId="5" fbRx="0.132214286" lbRx="0" />
<wpr uId="110" tId="6" fbRx="0.132214286" lbRx="0" />
<p fId="3" fbTx="0.132282096" lbTx="0.13228218" tId="0" fbRx="0.142282096" lbRx="0.14228218" />
<p fId="0" fbTx="0.13228218" lbTx="0.132283055" tId="1" fbRx="0.13228218" lbRx="0.132283055" />
<p fId="1" fbTx="0.132283055" lbTx="0.13228393" tId="4" fbRx="0.132283055" lbRx="0.13228393" />
<p fId="3" fbTx="0.132382096" lbTx="0.13238218" tId="0" fbRx="0.142382096" lbRx="0.14238218" />
<p fId="0" fbTx="0.13238218" lbTx="0.132383055" tId="1" fbRx="0.13238218" lbRx="0.132383055" />
<p fId="1" fbTx="0.132383055" lbTx="0.13238393" tId="4" fbRx="0.132383055" lbRx="0.13238393" />
<p fId="3" fbTx="0.132482096" lbTx="0.13248218" tId="0" fbRx="0.142482096" lbRx="0.14248218" />
<p fId="0" fbTx="0.13248218" lbTx="0.132483055" tId="1" fbRx="0.13248218" lbRx="0.132483055" />
<p fId="1" fbTx="0.132483055" lbTx="0.13248393" tId="4" fbRx="0.132483055" lbRx="0.13248393" />
<p fId="3" fbTx="0.132582096" lbTx="0.13258218" tId="0" fbRx="0.142582096" lbRx="0.14258218" />
<p fId="0" fbTx="0.13258218" lbTx="0.132583055" tId="1" fbRx="0.13258218" lbRx="0.132583055" />
<p fId="1" fbTx="0.132583055" lbTx="0.13258393" tId="4" fbRx="0.132583055" lbRx="0.13258393" />
<p fId="3" fbTx="0.132682096" lbTx="0.13268218" tId="0" fbRx="0.142682096" lbRx="0.14268218" />
<p fId="0" fbTx="0.13268218" lbTx="0.132683055" tId="1" fbRx="0.13268218" lbRx="0.132683055" />
<p fId="1" fbTx="0.132683055" lbTx="0.13268393" tId="4" fbRx="0.132683055" lbRx="0.13268393" />
<p fId="3" fbTx="0.132782096" lbTx="0.13278218" tId="0" fbRx="0.142782096" lbRx="0.14278218" />
<p fId="0" fbTx="0.13278218" lbTx="0.132783055" tId="1" fbRx="0.13278218" lbRx="0.132783055" />
<p fId="1" fbTx="0.132783055" lbTx="0.13278393" tId="4" fbRx="0.132783055" lbRx="0.13278393" />
<p fId="3" fbTx="0.132882096" lbTx="0.13288218" tId="0" fbRx="0.142882096" lbRx="0.14288218" />
<p fId="0" fbTx="0.13288218" lbTx="0.132883055" tId="1" fbRx="0.13288218" lbRx="0.132883055" />
<p fId="1" fbTx="0.132883055" lbTx="0.13288393" tId="4" fbRx="0.132883055" lbRx="0.13288393" />
<p fId="3" fbTx="0.132982096" lbTx="0.13298218" tId="0" fbRx="0.142982096" lbRx="0.14298218" />
<p fId="0" fbTx="0.13298218" lbTx="0.132983055" tId="1" fbRx="0.13298218" lbRx="0.132983055" />
<p fId="1" fbTx="0.132983055" lbTx="0.13298393" tId="4" fbRx="0.132983055" lbRx="0.13298393" />
<p fId="3" fbTx="0.133082096" lbTx="0.13308218" tId="0" fbRx="0.143082096" lbRx="0.14308218" />
<p fId="0" fbTx="0.13308218" lbTx="0.133083055" tId="1" fbRx="0.13308218" lbRx="0.133083055" />
<p fId="1" fbTx="0.133083055" lbTx="0.13308393" tId="4" fbRx="0.133083055" lbRx="0.13308393" />
<p fId="3" fbTx="0.133182096" lbTx="0.13318218" tId="0" fbRx="0.143182096" lbRx="0.14318218" />
<p fId="0" fbTx="0.13318218" lbTx="0.133183055" tId="1" fbRx="0.13318218" lbRx="0.133183055" />
<p fId="1" fbTx="0.133183055" lbTx="0.13318393" tId="4" fbRx="0.133183055" lbRx="0.13318393" />
<pr uId="111" fId="4" fbTx="0.133214286" />
<wpr uId="111" tId="5" fbRx="0.133214286" lbRx="0" />
<wpr uId="111" tId="6" fbRx="0.133214286" lbRx="0" />
<p fId="3" fbTx="0.133282096" lbTx="0.13328218" tId="0" fbRx="0.143282096" lbRx="0.14328218" />
<p fId="0" fbTx="0.13328218" lbTx="0.133283055" tId="1" fbRx="0.13328218" lbRx="0.133283055" />
<p fId="1" fbTx="0.133283055" lbTx="0.13328393" tId="4" fbRx="0.133283055" lbRx="0.13328393" />
<p fId="3" fbTx="0.133382096" lbTx="0.13338218" tId="0" fbRx="0.143382096" lbRx="0.14338218" />
<p fId="0" fbTx="0.13338218" lbTx="0.133383055" tId="1" fbRx="0.13338218" lbRx="0.133383055" />
<p fId="1" fbTx="0.133383055" lbTx="0.13338393" tId="4" fbRx="0.133383055" lbRx="0.13338393" />
<p fId="3" fbTx="0.133482096" lbTx="0.13348218" tId="0" fbRx="0.143482096" lbRx="0.14348218" />
<p fId="0" fbTx="0.13348218" lbTx="0.133483055" tId="1" fbRx="0.13348218" lbRx="0.133483055" />
<p fId="1" fbTx="0.133483055" lbTx="0.13348393" tId="4" fbRx="0.133483055" lbRx="0.13348393" />
<p fId="3" fbTx="0.133582096" lbTx="0.13358218" tId="0" fbRx="0.143582096" lbRx="0.14358218" />
<p fId="0" fbTx="0.13358218" lbTx="0.133583055" tId="1" fbRx="0.13358218" lbRx="0.133583055" />
<p fId="1" fbTx="0.133583055" lbTx="0.13358393" tId="4" fbRx="0.133583055" lbRx="0.13358393" />
<p fId="3" fbTx="0.133682096" lbTx="0.13368218" tId="0" fbRx="0.143682096" lbRx="0.14368218" />
<p fId="0" fbTx="0.13368218" lbTx="0.133683055" tId="1" fbRx="0.13368218" lbRx="0.133683055" />
<p fId="1" fbTx="0.133683055" lbTx="0.13368393" tId="4" fbRx="0.133683055" lbRx="0.13368393" />
<p fId="3" fbTx="0.133782096" lbTx="0.13378218" tId="0" fbRx="0.143782096" lbRx="0.14378218" />
<p fId="0" fbTx="0.13378218" lbTx="0.133783055" tId="1" fbRx="0.13378218" lbRx="0.133783055" />
<p fId="1" fbTx="0.133783055" lbTx="0.13378393" tId="4" fbRx="0.133783055" lbRx="0.13378393" />
<p fId="3" fbTx="0.133882096" lbTx="0.13388218" tId="0" fbRx="0.143882096" lbRx="0.14388218" />
<p fId="0" fbTx="0.13388218" lbTx="0.133883055" tId="1" fbRx="0.13388218" lbRx="0.133883055" />
<p fId="1" fbTx="0.133883055" lbTx="0.13388393" tId="4" fbRx="0.133883055" lbRx="0.13388393" />
<p fId="3" fbTx="0.133982096" lbTx="0.13398218" tId="0" fbRx="0.143982096" lbRx="0.14398218" />
<p fId="0" fbTx="0.13398218" lbTx="0.133983055" tId="1" fbRx="0.13398218" lbRx="0.133983055" />
<p fId="1" fbTx="0.133983055" lbTx="0.13398393" tId="4" fbRx="0.133983055" lbRx="0.13398393" />
<p fId="3" fbTx="0.134082096" lbTx="0.13408218" tId="0" fbRx="0.144082096" lbRx="0.14408218" />
<p fId="0" fbTx="0.13408218" lbTx="0.134083055" tId="1" fbRx="0.13408218" lbRx="0.134083055" />
<p fId="1" fbTx="0.134083055" lbTx="0.13408393" tId="4" fbRx="0.134083055" lbRx="0.13408393" />
<p fId="3" fbTx="0.134182096" lbTx="0.13418218" tId="0" fbRx="0.144182096" lbRx="0.14418218" />
<p fId="0" fbTx="0.13418218" lbTx="0.134183055" tId="1" fbRx="0.13418218" lbRx="0.134183055" />
<p fId="1" fbTx="0.134183055" lbTx="0.13418393" tId="4" fbRx="0.134183055" lbRx="0.13418393" />
<pr uId="112" fId="4" fbTx="0.134214286" />
<wpr uId="112" tId="5" fbRx="0.134214286" lbRx="0" />
<wpr uId="112" tId="6" fbRx="0.134214286" lbRx="0" />
<p fId="3" fbTx="0.134282096" lbTx="0.13428218" tId="0" fbRx="0.144282096" lbRx="0.14428218" />
<p fId="0" fbTx="0.13428218" lbTx="0.134283055" tId="1" fbRx="0.13428218" lbRx="0.134283055" />
<p fId="1" fbTx="0.134283055" lbTx="0.13428393" tId="4" fbRx="0.134283055" lbRx="0.13428393" />
<p fId="3" fbTx="0.134382096" lbTx="0.13438218" tId="0" fbRx="0.144382096" lbRx="0.14438218" />
<p fId="0" fbTx="0.13438218" lbTx="0.134383055" tId="1" fbRx="0.13438218" lbRx="0.134383055" />
<p fId="1" fbTx="0.134383055" lbTx="0.13438393" tId="4" fbRx="0.134383055" lbRx="0.13438393" />
<p fId="3" fbTx="0.134482096" lbTx="0.13448218" tId="0" fbRx="0.144482096" lbRx="0.14448218" />
<p fId="0" fbTx="0.13448218" lbTx="0.134483055" tId="1" fbRx="0.13448218" lbRx="0.134483055" />
<p fId="1" fbTx="0.134483055" lbTx="0.13448393" tId="4" fbRx="0.134483055" lbRx="0.13448393" />
<p fId="3" fbTx="0.134582096" lbTx="0.13458218" tId="0" fbRx="0.144582096" lbRx="0.14458218" />
<p fId="0" fbTx="0.13458218" lbTx="0.134583055" tId="1" fbRx="0.13458218" lbRx="0.134583055" />
<p fId="1" fbTx="0.134583055" lbTx="0.13458393" tId="4" fbRx="0.134583055" lbRx="0.13458393" />
<p fId="3" fbTx="0.134682096" lbTx="0.13468218" tId="0" fbRx="0.144682096" lbRx="0.14468218" />
<p fId="0" fbTx="0.13468218" lbTx="0.134683055" tId="1" fbRx="0.13468218" lbRx="0.134683055" />
<p fId="1" fbTx="0.134683055" lbTx="0.13468393" tId="4" fbRx="0.134683055" lbRx="0.13468393" />
<p fId="3" fbTx="0.134782096" lbTx="0.13478218" tId="0" fbRx="0.144782096" lbRx="0.14478218" />
<p fId="0" fbTx="0.13478218" lbTx="0.134783055" tId="1" fbRx="0.13478218" lbRx="0.134783055" />
<p fId="1" fbTx="0.134783055" lbTx="0.13478393" tId="4" fbRx="0.134783055" lbRx="0.13478393" />
<p fId="3" fbTx="0.134882096" lbTx="0.13488218" tId="0" fbRx="0.144882096" lbRx="0.14488218" />
<p fId="0" fbTx="0.13488218" lbTx="0.134883055" tId="1" fbRx="0.13488218" lbRx="0.134883055" />
<p fId="1" fbTx="0.134883055" lbTx="0.13488393" tId="4" fbRx="0.134883055" lbRx="0.13488393" />
<p fId="3" fbTx="0.134982096" lbTx="0.13498218" tId="0" fbRx="0.144982096" lbRx="0.14498218" />
<p fId="0" fbTx="0.13498218" lbTx="0.134983055" tId="1" fbRx="0.13498218" lbRx="0.134983055" />
<p fId="1" fbTx="0.134983055" lbTx="0.13498393" tId="4" fbRx="0.134983055" lbRx="0.13498393" />
<p fId="3" fbTx="0.135082096" lbTx="0.13508218" tId="0" fbRx="0.145082096" lbRx="0.14508218" />
<p fId="0" fbTx="0.13508218" lbTx="0.135083055" tId="1" fbRx="0.13508218" lbRx="0.135083055" />
<p fId="1" fbTx="0.135083055" lbTx="0.13508393" tId="4" fbRx="0.135083055" lbRx="0.13508393" />
<p fId="3" fbTx="0.135182096" lbTx="0.13518218" tId="0" fbRx="0.145182096" lbRx="0.14518218" />
<p fId="0" fbTx="0.13518218" lbTx="0.135183055" tId="1" fbRx="0.13518218" lbRx="0.135183055" />
<p fId="1" fbTx="0.135183055" lbTx="0.13518393" tId="4" fbRx="0.135183055" lbRx="0.13518393" />
<pr uId="113" fId="4" fbTx="0.135214286" />
<wpr uId="113" tId="5" fbRx="0.135214286" lbRx="0" />
<wpr uId="113" tId="6" fbRx="0.135214286" lbRx="0" />
<p fId="3" fbTx="0.135282096" lbTx="0.13528218" tId="0" fbRx="0.145282096" lbRx="0.14528218" />
<p fId="0" fbTx="0.13528218" lbTx="0.135283055" tId="1" fbRx="0.13528218" lbRx="0.135283055" />
<p fId="1" fbTx="0.135283055" lbTx="0.13528393" tId="4" fbRx="0.135283055" lbRx="0.13528393" />
<p fId="3" fbTx="0.135382096" lbTx="0.13538218" tId="0" fbRx="0.145382096" lbRx="0.14538218" />
<p fId="0" fbTx="0.13538218" lbTx="0.135383055" tId="1" fbRx="0.13538218" lbRx="0.135383055" />
<p fId="1" fbTx="0.135383055" lbTx="0.13538393" tId="4" fbRx="0.135383055" lbRx="0.13538393" />
<p fId="3" fbTx="0.135482096" lbTx="0.13548218" tId="0" fbRx="0.145482096" lbRx="0.14548218" />
<p fId="0" fbTx="0.13548218" lbTx="0.135483055" tId="1" fbRx="0.13548218" lbRx="0.135483055" />
<p fId="1" fbTx="0.135483055" lbTx="0.13548393" tId="4" fbRx="0.135483055" lbRx="0.13548393" />
<p fId="3" fbTx="0.135582096" lbTx="0.13558218" tId="0" fbRx="0.145582096" lbRx="0.14558218" />
<p fId="0" fbTx="0.13558218" lbTx="0.135583055" tId="1" fbRx="0.13558218" lbRx="0.135583055" />
<p fId="1" fbTx="0.135583055" lbTx="0.13558393" tId="4" fbRx="0.135583055" lbRx="0.13558393" />
<p fId="3" fbTx="0.135682096" lbTx="0.13568218" tId="0" fbRx="0.145682096" lbRx="0.14568218" />
<p fId="0" fbTx="0.13568218" lbTx="0.135683055" tId="1" fbRx="0.13568218" lbRx="0.135683055" />
<p fId="1" fbTx="0.135683055" lbTx="0.13568393" tId="4" fbRx="0.135683055" lbRx="0.13568393" />
<p fId="3" fbTx="0.135782096" lbTx="0.13578218" tId="0" fbRx="0.145782096" lbRx="0.14578218" />
<p fId="0" fbTx="0.13578218" lbTx="0.135783055" tId="1" fbRx="0.13578218" lbRx="0.135783055" />
<p fId="1" fbTx="0.135783055" lbTx="0.13578393" tId="4" fbRx="0.135783055" lbRx="0.13578393" />
<p fId="3" fbTx="0.135882096" lbTx="0.13588218" tId="0" fbRx="0.145882096" lbRx="0.14588218" />
<p fId="0" fbTx="0.13588218" lbTx="0.135883055" tId="1" fbRx="0.13588218" lbRx="0.135883055" />
<p fId="1" fbTx="0.135883055" lbTx="0.13588393" tId="4" fbRx="0.135883055" lbRx="0.13588393" />
<p fId="3" fbTx="0.135982096" lbTx="0.13598218" tId="0" fbRx="0.145982096" lbRx="0.14598218" />
<p fId="0" fbTx="0.13598218" lbTx="0.135983055" tId="1" fbRx="0.13598218" lbRx="0.135983055" />
<p fId="1" fbTx="0.135983055" lbTx="0.13598393" tId="4" fbRx="0.135983055" lbRx="0.13598393" />
<p fId="3" fbTx="0.136082096" lbTx="0.13608218" tId="0" fbRx="0.146082096" lbRx="0.14608218" />
<p fId="0" fbTx="0.13608218" lbTx="0.136083055" tId="1" fbRx="0.13608218" lbRx="0.136083055" />
<p fId="1" fbTx="0.136083055" lbTx="0.13608393" tId="4" fbRx="0.136083055" lbRx="0.13608393" />
<p fId="3" fbTx="0.136182096" lbTx="0.13618218" tId="0" fbRx="0.146182096" lbRx="0.14618218" />
<p fId="0" fbTx="0.13618218" lbTx="0.136183055" tId="1" fbRx="0.13618218" lbRx="0.136183055" />
<p fId="1" fbTx="0.136183055" lbTx="0.13618393" tId="4" fbRx="0.136183055" lbRx="0.13618393" />
<pr uId="114" fId="4" fbTx="0.136214286" />
<wpr uId="114" tId="5" fbRx="0.136214286" lbRx="0" />
<wpr uId="114" tId="6" fbRx="0.136214286" lbRx="0" />
<p fId="3" fbTx="0.136282096" lbTx="0.13628218" tId="0" fbRx="0.146282096" lbRx="0.14628218" />
<p fId="0" fbTx="0.13628218" lbTx="0.136283055" tId="1" fbRx="0.13628218" lbRx="0.136283055" />
<p fId="1" fbTx="0.136283055" lbTx="0.13628393" tId="4" fbRx="0.136283055" lbRx="0.13628393" />
<p fId="3" fbTx="0.136382096" lbTx="0.13638218" tId="0" fbRx="0.146382096" lbRx="0.14638218" />
<p fId="0" fbTx="0.13638218" lbTx="0.136383055" tId="1" fbRx="0.13638218" lbRx="0.136383055" />
<p fId="1" fbTx="0.136383055" lbTx="0.13638393" tId="4" fbRx="0.136383055" lbRx="0.13638393" />
<p fId="3" fbTx="0.136482096" lbTx="0.13648218" tId="0" fbRx="0.146482096" lbRx="0.14648218" />
<p fId="0" fbTx="0.13648218" lbTx="0.136483055" tId="1" fbRx="0.13648218" lbRx="0.136483055" />
<p fId="1" fbTx="0.136483055" lbTx="0.13648393" tId="4" fbRx="0.136483055" lbRx="0.13648393" />
<p fId="3" fbTx="0.136582096" lbTx="0.13658218" tId="0" fbRx="0.146582096" lbRx="0.14658218" />
<p fId="0" fbTx="0.13658218" lbTx="0.136583055" tId="1" fbRx="0.13658218" lbRx="0.136583055" />
<p fId="1" fbTx="0.136583055" lbTx="0.13658393" tId="4" fbRx="0.136583055" lbRx="0.13658393" />
<p fId="3" fbTx="0.136682096" lbTx="0.13668218" tId="0" fbRx="0.146682096" lbRx="0.14668218" />
<p fId="0" fbTx="0.13668218" lbTx="0.136683055" tId="1" fbRx="0.13668218" lbRx="0.136683055" />
<p fId="1" fbTx="0.136683055" lbTx="0.13668393" tId="4" fbRx="0.136683055" lbRx="0.13668393" />
<p fId="3" fbTx="0.136782096" lbTx="0.13678218" tId="0" fbRx="0.146782096" lbRx="0.14678218" />
<p fId="0" fbTx="0.13678218" lbTx="0.136783055" tId="1" fbRx="0.13678218" lbRx="0.136783055" />
<p fId="1" fbTx="0.136783055" lbTx="0.13678393" tId="4" fbRx="0.136783055" lbRx="0.13678393" />
<p fId="3" fbTx="0.136882096" lbTx="0.13688218" tId="0" fbRx="0.146882096" lbRx="0.14688218" />
<p fId="0" fbTx="0.13688218" lbTx="0.136883055" tId="1" fbRx="0.13688218" lbRx="0.136883055" />
<p fId="1" fbTx="0.136883055" lbTx="0.13688393" tId="4" fbRx="0.136883055" lbRx="0.13688393" />
<p fId="3" fbTx="0.136982096" lbTx="0.13698218" tId="0" fbRx="0.146982096" lbRx="0.14698218" />
<p fId="0" fbTx="0.13698218" lbTx="0.136983055" tId="1" fbRx="0.13698218" lbRx="0.136983055" />
<p fId="1" fbTx="0.136983055" lbTx="0.13698393" tId="4" fbRx="0.136983055" lbRx="0.13698393" />
<p fId="3" fbTx="0.137082096" lbTx="0.13708218" tId="0" fbRx="0.147082096" lbRx="0.14708218" />
<p fId="0" fbTx="0.13708218" lbTx="0.137083055" tId="1" fbRx="0.13708218" lbRx="0.137083055" />
<p fId="1" fbTx="0.137083055" lbTx="0.13708393" tId="4" fbRx="0.137083055" lbRx="0.13708393" />
<p fId="3" fbTx="0.137182096" lbTx="0.13718218" tId="0" fbRx="0.147182096" lbRx="0.14718218" />
<p fId="0" fbTx="0.13718218" lbTx="0.137183055" tId="1" fbRx="0.13718218" lbRx="0.137183055" />
<p fId="1" fbTx="0.137183055" lbTx="0.13718393" tId="4" fbRx="0.137183055" lbRx="0.13718393" />
<pr uId="115" fId="4" fbTx="0.137214286" />
<wpr uId="115" tId="5" fbRx="0.137214286" lbRx="0" />
<wpr uId="115" tId="6" fbRx="0.137214286" lbRx="0" />
<p fId="3" fbTx="0.137282096" lbTx="0.13728218" tId="0" fbRx="0.147282096" lbRx="0.14728218" />
<p fId="0" fbTx="0.13728218" lbTx="0.137283055" tId="1" fbRx="0.13728218" lbRx="0.137283055" />
<p fId="1" fbTx="0.137283055" lbTx="0.13728393" tId="4" fbRx="0.137283055" lbRx="0.13728393" />
<p fId="3" fbTx="0.137382096" lbTx="0.13738218" tId="0" fbRx="0.147382096" lbRx="0.14738218" />
<p fId="0" fbTx="0.13738218" lbTx="0.137383055" tId="1" fbRx="0.13738218" lbRx="0.137383055" />
<p fId="1" fbTx="0.137383055" lbTx="0.13738393" tId="4" fbRx="0.137383055" lbRx="0.13738393" />
<p fId="3" fbTx="0.137482096" lbTx="0.13748218" tId="0" fbRx="0.147482096" lbRx="0.14748218" />
<p fId="0" fbTx="0.13748218" lbTx="0.137483055" tId="1" fbRx="0.13748218" lbRx="0.137483055" />
<p fId="1" fbTx="0.137483055" lbTx="0.13748393" tId="4" fbRx="0.137483055" lbRx="0.13748393" />
<p fId="3" fbTx="0.137582096" lbTx="0.13758218" tId="0" fbRx="0.147582096" lbRx="0.14758218" />
<p fId="0" fbTx="0.13758218" lbTx="0.137583055" tId="1" fbRx="0.13758218" lbRx="0.137583055" />
<p fId="1" fbTx="0.137583055" lbTx="0.13758393" tId="4" fbRx="0.137583055" lbRx="0.13758393" />
<p fId="3" fbTx="0.137682096" lbTx="0.13768218" tId="0" fbRx="0.147682096" lbRx="0.14768218" />
<p fId="0" fbTx="0.13768218" lbTx="0.137683055" tId="1" fbRx="0.13768218" lbRx="0.137683055" />
<p fId="1" fbTx="0.137683055" lbTx="0.13768393" tId="4" fbRx="0.137683055" lbRx="0.13768393" />
<p fId="3" fbTx="0.137782096" lbTx="0.13778218" tId="0" fbRx="0.147782096" lbRx="0.14778218" />
<p fId="0" fbTx="0.13778218" lbTx="0.137783055" tId="1" fbRx="0.13778218" lbRx="0.137783055" />
<p fId="1" fbTx="0.137783055" lbTx="0.13778393" tId="4" fbRx="0.137783055" lbRx="0.13778393" />
<p fId="3" fbTx="0.137882096" lbTx="0.13788218" tId="0" fbRx="0.147882096" lbRx="0.14788218" />
<p fId="0" fbTx="0.13788218" lbTx="0.137883055" tId="1" fbRx="0.13788218" lbRx="0.137883055" />
<p fId="1" fbTx="0.137883055" lbTx="0.13788393" tId="4" fbRx="0.137883055" lbRx="0.13788393" />
<p fId="3" fbTx="0.137982096" lbTx="0.13798218" tId="0" fbRx="0.147982096" lbRx="0.14798218" />
<p fId="0" fbTx="0.13798218" lbTx="0.137983055" tId="1" fbRx="0.13798218" lbRx="0.137983055" />
<p fId="1" fbTx="0.137983055" lbTx="0.13798393" tId="4" fbRx="0.137983055" lbRx="0.13798393" />
<p fId="3" fbTx="0.138082096" lbTx="0.13808218" tId="0" fbRx="0.148082096" lbRx="0.14808218" />
<p fId="0" fbTx="0.13808218" lbTx="0.138083055" tId="1" fbRx="0.13808218" lbRx="0.138083055" />
<p fId="1" fbTx="0.138083055" lbTx="0.13808393" tId="4" fbRx="0.138083055" lbRx="0.13808393" />
<p fId="3" fbTx="0.138182096" lbTx="0.13818218" tId="0" fbRx="0.148182096" lbRx="0.14818218" />
<p fId="0" fbTx="0.13818218" lbTx="0.138183055" tId="1" fbRx="0.13818218" lbRx="0.138183055" />
<p fId="1" fbTx="0.138183055" lbTx="0.13818393" tId="4" fbRx="0.138183055" lbRx="0.13818393" />
<pr uId="116" fId="4" fbTx="0.138214286" />
<wpr uId="116" tId="5" fbRx="0.138214286" lbRx="0" />
<wpr uId="116" tId="6" fbRx="0.138214286" lbRx="0" />
<p fId="3" fbTx="0.138282096" lbTx="0.13828218" tId="0" fbRx="0.148282096" lbRx="0.14828218" />
<p fId="0" fbTx="0.13828218" lbTx="0.138283055" tId="1" fbRx="0.13828218" lbRx="0.138283055" />
<p fId="1" fbTx="0.138283055" lbTx="0.13828393" tId="4" fbRx="0.138283055" lbRx="0.13828393" />
<p fId="3" fbTx="0.138382096" lbTx="0.13838218" tId="0" fbRx="0.148382096" lbRx="0.14838218" />
<p fId="0" fbTx="0.13838218" lbTx="0.138383055" tId="1" fbRx="0.13838218" lbRx="0.138383055" />
<p fId="1" fbTx="0.138383055" lbTx="0.13838393" tId="4" fbRx="0.138383055" lbRx="0.13838393" />
<p fId="3" fbTx="0.138482096" lbTx="0.13848218" tId="0" fbRx="0.148482096" lbRx="0.14848218" />
<p fId="0" fbTx="0.13848218" lbTx="0.138483055" tId="1" fbRx="0.13848218" lbRx="0.138483055" />
<p fId="1" fbTx="0.138483055" lbTx="0.13848393" tId="4" fbRx="0.138483055" lbRx="0.13848393" />
<p fId="3" fbTx="0.138582096" lbTx="0.13858218" tId="0" fbRx="0.148582096" lbRx="0.14858218" />
<p fId="0" fbTx="0.13858218" lbTx="0.138583055" tId="1" fbRx="0.13858218" lbRx="0.138583055" />
<p fId="1" fbTx="0.138583055" lbTx="0.13858393" tId="4" fbRx="0.138583055" lbRx="0.13858393" />
<p fId="3" fbTx="0.138682096" lbTx="0.13868218" tId="0" fbRx="0.148682096" lbRx="0.14868218" />
<p fId="0" fbTx="0.13868218" lbTx="0.138683055" tId="1" fbRx="0.13868218" lbRx="0.138683055" />
<p fId="1" fbTx="0.138683055" lbTx="0.13868393" tId="4" fbRx="0.138683055" lbRx="0.13868393" />
<p fId="3" fbTx="0.138782096" lbTx="0.13878218" tId="0" fbRx="0.148782096" lbRx="0.14878218" />
<p fId="0" fbTx="0.13878218" lbTx="0.138783055" tId="1" fbRx="0.13878218" lbRx="0.138783055" />
<p fId="1" fbTx="0.138783055" lbTx="0.13878393" tId="4" fbRx="0.138783055" lbRx="0.13878393" />
<p fId="3" fbTx="0.138882096" lbTx="0.13888218" tId="0" fbRx="0.148882096" lbRx="0.14888218" />
<p fId="0" fbTx="0.13888218" lbTx="0.138883055" tId="1" fbRx="0.13888218" lbRx="0.138883055" />
<p fId="1" fbTx="0.138883055" lbTx="0.13888393" tId="4" fbRx="0.138883055" lbRx="0.13888393" />
<p fId="3" fbTx="0.138982096" lbTx="0.13898218" tId="0" fbRx="0.148982096" lbRx="0.14898218" />
<p fId="0" fbTx="0.13898218" lbTx="0.138983055" tId="1" fbRx="0.13898218" lbRx="0.138983055" />
<p fId="1" fbTx="0.138983055" lbTx="0.13898393" tId="4" fbRx="0.138983055" lbRx="0.13898393" />
<p fId="3" fbTx="0.139082096" lbTx="0.13908218" tId="0" fbRx="0.149082096" lbRx="0.14908218" />
<p fId="0" fbTx="0.13908218" lbTx="0.139083055" tId="1" fbRx="0.13908218" lbRx="0.139083055" />
<p fId="1" fbTx="0.139083055" lbTx="0.13908393" tId="4" fbRx="0.139083055" lbRx="0.13908393" />
<p fId="3" fbTx="0.139182096" lbTx="0.13918218" tId="0" fbRx="0.149182096" lbRx="0.14918218" />
<p fId="0" fbTx="0.13918218" lbTx="0.139183055" tId="1" fbRx="0.13918218" lbRx="0.139183055" />
<p fId="1" fbTx="0.139183055" lbTx="0.13918393" tId="4" fbRx="0.139183055" lbRx="0.13918393" />
<pr uId="117" fId="4" fbTx="0.139214286" />
<wpr uId="117" tId="5" fbRx="0.139214286" lbRx="0" />
<wpr uId="117" tId="6" fbRx="0.139214286" lbRx="0" />
<p fId="3" fbTx="0.139282096" lbTx="0.13928218" tId="0" fbRx="0.149282096" lbRx="0.14928218" />
<p fId="0" fbTx="0.13928218" lbTx="0.139283055" tId="1" fbRx="0.13928218" lbRx="0.139283055" />
<p fId="1" fbTx="0.139283055" lbTx="0.13928393" tId="4" fbRx="0.139283055" lbRx="0.13928393" />
<p fId="3" fbTx="0.139382096" lbTx="0.13938218" tId="0" fbRx="0.149382096" lbRx="0.14938218" />
<p fId="0" fbTx="0.13938218" lbTx="0.139383055" tId="1" fbRx="0.13938218" lbRx="0.139383055" />
<p fId="1" fbTx="0.139383055" lbTx="0.13938393" tId="4" fbRx="0.139383055" lbRx="0.13938393" />
<p fId="3" fbTx="0.139482096" lbTx="0.13948218" tId="0" fbRx="0.149482096" lbRx="0.14948218" />
<p fId="0" fbTx="0.13948218" lbTx="0.139483055" tId="1" fbRx="0.13948218" lbRx="0.139483055" />
<p fId="1" fbTx="0.139483055" lbTx="0.13948393" tId="4" fbRx="0.139483055" lbRx="0.13948393" />
<p fId="3" fbTx="0.139582096" lbTx="0.13958218" tId="0" fbRx="0.149582096" lbRx="0.14958218" />
<p fId="0" fbTx="0.13958218" lbTx="0.139583055" tId="1" fbRx="0.13958218" lbRx="0.139583055" />
<p fId="1" fbTx="0.139583055" lbTx="0.13958393" tId="4" fbRx="0.139583055" lbRx="0.13958393" />
<p fId="3" fbTx="0.139682096" lbTx="0.13968218" tId="0" fbRx="0.149682096" lbRx="0.14968218" />
<p fId="0" fbTx="0.13968218" lbTx="0.139683055" tId="1" fbRx="0.13968218" lbRx="0.139683055" />
<p fId="1" fbTx="0.139683055" lbTx="0.13968393" tId="4" fbRx="0.139683055" lbRx="0.13968393" />
<p fId="3" fbTx="0.139782096" lbTx="0.13978218" tId="0" fbRx="0.149782096" lbRx="0.14978218" />
<p fId="0" fbTx="0.13978218" lbTx="0.139783055" tId="1" fbRx="0.13978218" lbRx="0.139783055" />
<p fId="1" fbTx="0.139783055" lbTx="0.13978393" tId="4" fbRx="0.139783055" lbRx="0.13978393" />
<p fId="3" fbTx="0.139882096" lbTx="0.13988218" tId="0" fbRx="0.149882096" lbRx="0.14988218" />
<p fId="0" fbTx="0.13988218" lbTx="0.139883055" tId="1" fbRx="0.13988218" lbRx="0.139883055" />
<p fId="1" fbTx="0.139883055" lbTx="0.13988393" tId="4" fbRx="0.139883055" lbRx="0.13988393" />
<p fId="3" fbTx="0.139982096" lbTx="0.13998218" tId="0" fbRx="0.149982096" lbRx="0.14998218" />
<p fId="0" fbTx="0.13998218" lbTx="0.139983055" tId="1" fbRx="0.13998218" lbRx="0.139983055" />
<p fId="1" fbTx="0.139983055" lbTx="0.13998393" tId="4" fbRx="0.139983055" lbRx="0.13998393" />
<p fId="3" fbTx="0.140082096" lbTx="0.14008218" tId="0" fbRx="0.150082096" lbRx="0.15008218" />
<p fId="0" fbTx="0.14008218" lbTx="0.140083055" tId="1" fbRx="0.14008218" lbRx="0.140083055" />
<p fId="1" fbTx="0.140083055" lbTx="0.14008393" tId="4" fbRx="0.140083055" lbRx="0.14008393" />
<p fId="3" fbTx="0.140182096" lbTx="0.14018218" tId="0" fbRx="0.150182096" lbRx="0.15018218" />
<p fId="0" fbTx="0.14018218" lbTx="0.140183055" tId="1" fbRx="0.14018218" lbRx="0.140183055" />
<p fId="1" fbTx="0.140183055" lbTx="0.14018393" tId="4" fbRx="0.140183055" lbRx="0.14018393" />
<pr uId="118" fId="4" fbTx="0.140214286" />
<wpr uId="118" tId="5" fbRx="0.140214286" lbRx="0" />
<wpr uId="118" tId="6" fbRx="0.140214286" lbRx="0" />
<p fId="3" fbTx="0.140282096" lbTx="0.14028218" tId="0" fbRx="0.150282096" lbRx="0.15028218" />
<p fId="0" fbTx="0.14028218" lbTx="0.140283055" tId="1" fbRx="0.14028218" lbRx="0.140283055" />
<p fId="1" fbTx="0.140283055" lbTx="0.14028393" tId="4" fbRx="0.140283055" lbRx="0.14028393" />
<p fId="3" fbTx="0.140382096" lbTx="0.14038218" tId="0" fbRx="0.150382096" lbRx="0.15038218" />
<p fId="0" fbTx="0.14038218" lbTx="0.140383055" tId="1" fbRx="0.14038218" lbRx="0.140383055" />
<p fId="1" fbTx="0.140383055" lbTx="0.14038393" tId="4" fbRx="0.140383055" lbRx="0.14038393" />
<p fId="3" fbTx="0.140482096" lbTx="0.14048218" tId="0" fbRx="0.150482096" lbRx="0.15048218" />
<p fId="0" fbTx="0.14048218" lbTx="0.140483055" tId="1" fbRx="0.14048218" lbRx="0.140483055" />
<p fId="1" fbTx="0.140483055" lbTx="0.14048393" tId="4" fbRx="0.140483055" lbRx="0.14048393" />
<p fId="3" fbTx="0.140582096" lbTx="0.14058218" tId="0" fbRx="0.150582096" lbRx="0.15058218" />
<p fId="0" fbTx="0.14058218" lbTx="0.140583055" tId="1" fbRx="0.14058218" lbRx="0.140583055" />
<p fId="1" fbTx="0.140583055" lbTx="0.14058393" tId="4" fbRx="0.140583055" lbRx="0.14058393" />
<p fId="3" fbTx="0.140682096" lbTx="0.14068218" tId="0" fbRx="0.150682096" lbRx="0.15068218" />
<p fId="0" fbTx="0.14068218" lbTx="0.140683055" tId="1" fbRx="0.14068218" lbRx="0.140683055" />
<p fId="1" fbTx="0.140683055" lbTx="0.14068393" tId="4" fbRx="0.140683055" lbRx="0.14068393" />
<p fId="3" fbTx="0.140782096" lbTx="0.14078218" tId="0" fbRx="0.150782096" lbRx="0.15078218" />
<p fId="0" fbTx="0.14078218" lbTx="0.140783055" tId="1" fbRx="0.14078218" lbRx="0.140783055" />
<p fId="1" fbTx="0.140783055" lbTx="0.14078393" tId="4" fbRx="0.140783055" lbRx="0.14078393" />
<p fId="3" fbTx="0.140882096" lbTx="0.14088218" tId="0" fbRx="0.150882096" lbRx="0.15088218" />
<p fId="0" fbTx="0.14088218" lbTx="0.140883055" tId="1" fbRx="0.14088218" lbRx="0.140883055" />
<p fId="1" fbTx="0.140883055" lbTx="0.14088393" tId="4" fbRx="0.140883055" lbRx="0.14088393" />
<p fId="3" fbTx="0.140982096" lbTx="0.14098218" tId="0" fbRx="0.150982096" lbRx="0.15098218" />
<p fId="0" fbTx="0.14098218" lbTx="0.140983055" tId="1" fbRx="0.14098218" lbRx="0.140983055" />
<p fId="1" fbTx="0.140983055" lbTx="0.14098393" tId="4" fbRx="0.140983055" lbRx="0.14098393" />
<p fId="3" fbTx="0.141082096" lbTx="0.14108218" tId="0" fbRx="0.151082096" lbRx="0.15108218" />
<p fId="0" fbTx="0.14108218" lbTx="0.141083055" tId="1" fbRx="0.14108218" lbRx="0.141083055" />
<p fId="1" fbTx="0.141083055" lbTx="0.14108393" tId="4" fbRx="0.141083055" lbRx="0.14108393" />
<p fId="3" fbTx="0.141182096" lbTx="0.14118218" tId="0" fbRx="0.151182096" lbRx="0.15118218" />
<p fId="0" fbTx="0.14118218" lbTx="0.141183055" tId="1" fbRx="0.14118218" lbRx="0.141183055" />
<p fId="1" fbTx="0.141183055" lbTx="0.14118393" tId="4" fbRx="0.141183055" lbRx="0.14118393" />
<pr uId="119" fId="4" fbTx="0.141214286" />
<wpr uId="119" tId="5" fbRx="0.141214286" lbRx="0" />
<wpr uId="119" tId="6" fbRx="0.141214286" lbRx="0" />
<p fId="3" fbTx="0.141282096" lbTx="0.14128218" tId="0" fbRx="0.151282096" lbRx="0.15128218" />
<p fId="0" fbTx="0.14128218" lbTx="0.141283055" tId="1" fbRx="0.14128218" lbRx="0.141283055" />
<p fId="1" fbTx="0.141283055" lbTx="0.14128393" tId="4" fbRx="0.141283055" lbRx="0.14128393" />
<p fId="3" fbTx="0.141382096" lbTx="0.14138218" tId="0" fbRx="0.151382096" lbRx="0.15138218" />
<p fId="0" fbTx="0.14138218" lbTx="0.141383055" tId="1" fbRx="0.14138218" lbRx="0.141383055" />
<p fId="1" fbTx="0.141383055" lbTx="0.14138393" tId="4" fbRx="0.141383055" lbRx="0.14138393" />
<p fId="3" fbTx="0.141482096" lbTx="0.14148218" tId="0" fbRx="0.151482096" lbRx="0.15148218" />
<p fId="0" fbTx="0.14148218" lbTx="0.141483055" tId="1" fbRx="0.14148218" lbRx="0.141483055" />
<p fId="1" fbTx="0.141483055" lbTx="0.14148393" tId="4" fbRx="0.141483055" lbRx="0.14148393" />
<p fId="3" fbTx="0.141582096" lbTx="0.14158218" tId="0" fbRx="0.151582096" lbRx="0.15158218" />
<p fId="0" fbTx="0.14158218" lbTx="0.141583055" tId="1" fbRx="0.14158218" lbRx="0.141583055" />
<p fId="1" fbTx="0.141583055" lbTx="0.14158393" tId="4" fbRx="0.141583055" lbRx="0.14158393" />
<p fId="3" fbTx="0.141682096" lbTx="0.14168218" tId="0" fbRx="0.151682096" lbRx="0.15168218" />
<p fId="0" fbTx="0.14168218" lbTx="0.141683055" tId="1" fbRx="0.14168218" lbRx="0.141683055" />
<p fId="1" fbTx="0.141683055" lbTx="0.14168393" tId="4" fbRx="0.141683055" lbRx="0.14168393" />
<p fId="3" fbTx="0.141782096" lbTx="0.14178218" tId="0" fbRx="0.151782096" lbRx="0.15178218" />
<p fId="0" fbTx="0.14178218" lbTx="0.141783055" tId="1" fbRx="0.14178218" lbRx="0.141783055" />
<p fId="1" fbTx="0.141783055" lbTx="0.14178393" tId="4" fbRx="0.141783055" lbRx="0.14178393" />
<p fId="3" fbTx="0.141882096" lbTx="0.14188218" tId="0" fbRx="0.151882096" lbRx="0.15188218" />
<p fId="0" fbTx="0.14188218" lbTx="0.141883055" tId="1" fbRx="0.14188218" lbRx="0.141883055" />
<p fId="1" fbTx="0.141883055" lbTx="0.14188393" tId="4" fbRx="0.141883055" lbRx="0.14188393" />
<p fId="3" fbTx="0.141982096" lbTx="0.14198218" tId="0" fbRx="0.151982096" lbRx="0.15198218" />
<p fId="0" fbTx="0.14198218" lbTx="0.141983055" tId="1" fbRx="0.14198218" lbRx="0.141983055" />
<p fId="1" fbTx="0.141983055" lbTx="0.14198393" tId="4" fbRx="0.141983055" lbRx="0.14198393" />
<p fId="3" fbTx="0.142082096" lbTx="0.14208218" tId="0" fbRx="0.152082096" lbRx="0.15208218" />
<p fId="0" fbTx="0.14208218" lbTx="0.142083055" tId="1" fbRx="0.14208218" lbRx="0.142083055" />
<p fId="1" fbTx="0.142083055" lbTx="0.14208393" tId="4" fbRx="0.142083055" lbRx="0.14208393" />
<p fId="3" fbTx="0.142182096" lbTx="0.14218218" tId="0" fbRx="0.152182096" lbRx="0.15218218" />
<p fId="0" fbTx="0.14218218" lbTx="0.142183055" tId="1" fbRx="0.14218218" lbRx="0.142183055" />
<p fId="1" fbTx="0.142183055" lbTx="0.14218393" tId="4" fbRx="0.142183055" lbRx="0.14218393" />
<pr uId="120" fId="4" fbTx="0.142214286" />
<wpr uId="120" tId="5" fbRx="0.142214286" lbRx="0" />
<wpr uId="120" tId="6" fbRx="0.142214286" lbRx="0" />
<p fId="3" fbTx="0.142282096" lbTx="0.14228218" tId="0" fbRx="0.152282096" lbRx="0.15228218" />
<p fId="0" fbTx="0.14228218" lbTx="0.142283055" tId="1" fbRx="0.14228218" lbRx="0.142283055" />
<p fId="1" fbTx="0.142283055" lbTx="0.14228393" tId="4" fbRx="0.142283055" lbRx="0.14228393" />
<p fId="3" fbTx="0.142382096" lbTx="0.14238218" tId="0" fbRx="0.152382096" lbRx="0.15238218" />
<p fId="0" fbTx="0.14238218" lbTx="0.142383055" tId="1" fbRx="0.14238218" lbRx="0.142383055" />
<p fId="1" fbTx="0.142383055" lbTx="0.14238393" tId="4" fbRx="0.142383055" lbRx="0.14238393" />
<p fId="3" fbTx="0.142482096" lbTx="0.14248218" tId="0" fbRx="0.152482096" lbRx="0.15248218" />
<p fId="0" fbTx="0.14248218" lbTx="0.142483055" tId="1" fbRx="0.14248218" lbRx="0.142483055" />
<p fId="1" fbTx="0.142483055" lbTx="0.14248393" tId="4" fbRx="0.142483055" lbRx="0.14248393" />
<p fId="3" fbTx="0.142582096" lbTx="0.14258218" tId="0" fbRx="0.152582096" lbRx="0.15258218" />
<p fId="0" fbTx="0.14258218" lbTx="0.142583055" tId="1" fbRx="0.14258218" lbRx="0.142583055" />
<p fId="1" fbTx="0.142583055" lbTx="0.14258393" tId="4" fbRx="0.142583055" lbRx="0.14258393" />
<p fId="3" fbTx="0.142682096" lbTx="0.14268218" tId="0" fbRx="0.152682096" lbRx="0.15268218" />
<p fId="0" fbTx="0.14268218" lbTx="0.142683055" tId="1" fbRx="0.14268218" lbRx="0.142683055" />
<p fId="1" fbTx="0.142683055" lbTx="0.14268393" tId="4" fbRx="0.142683055" lbRx="0.14268393" />
<p fId="3" fbTx="0.142782096" lbTx="0.14278218" tId="0" fbRx="0.152782096" lbRx="0.15278218" />
<p fId="0" fbTx="0.14278218" lbTx="0.142783055" tId="1" fbRx="0.14278218" lbRx="0.142783055" />
<p fId="1" fbTx="0.142783055" lbTx="0.14278393" tId="4" fbRx="0.142783055" lbRx="0.14278393" />
<p fId="3" fbTx="0.142882096" lbTx="0.14288218" tId="0" fbRx="0.152882096" lbRx="0.15288218" />
<p fId="0" fbTx="0.14288218" lbTx="0.142883055" tId="1" fbRx="0.14288218" lbRx="0.142883055" />
<p fId="1" fbTx="0.142883055" lbTx="0.14288393" tId="4" fbRx="0.142883055" lbRx="0.14288393" />
<p fId="3" fbTx="0.142982096" lbTx="0.14298218" tId="0" fbRx="0.152982096" lbRx="0.15298218" />
<p fId="0" fbTx="0.14298218" lbTx="0.142983055" tId="1" fbRx="0.14298218" lbRx="0.142983055" />
<p fId="1" fbTx="0.142983055" lbTx="0.14298393" tId="4" fbRx="0.142983055" lbRx="0.14298393" />
<p fId="3" fbTx="0.143082096" lbTx="0.14308218" tId="0" fbRx="0.153082096" lbRx="0.15308218" />
<p fId="0" fbTx="0.14308218" lbTx="0.143083055" tId="1" fbRx="0.14308218" lbRx="0.143083055" />
<p fId="1" fbTx="0.143083055" lbTx="0.14308393" tId="4" fbRx="0.143083055" lbRx="0.14308393" />
<p fId="3" fbTx="0.143182096" lbTx="0.14318218" tId="0" fbRx="0.153182096" lbRx="0.15318218" />
<p fId="0" fbTx="0.14318218" lbTx="0.143183055" tId="1" fbRx="0.14318218" lbRx="0.143183055" />
<p fId="1" fbTx="0.143183055" lbTx="0.14318393" tId="4" fbRx="0.143183055" lbRx="0.14318393" />
<pr uId="121" fId="4" fbTx="0.143214286" />
<wpr uId="121" tId="5" fbRx="0.143214286" lbRx="0" />
<wpr uId="121" tId="6" fbRx="0.143214286" lbRx="0" />
<p fId="3" fbTx="0.143282096" lbTx="0.14328218" tId="0" fbRx="0.153282096" lbRx="0.15328218" />
<p fId="0" fbTx="0.14328218" lbTx="0.143283055" tId="1" fbRx="0.14328218" lbRx="0.143283055" />
<p fId="1" fbTx="0.143283055" lbTx="0.14328393" tId="4" fbRx="0.143283055" lbRx="0.14328393" />
<p fId="3" fbTx="0.143382096" lbTx="0.14338218" tId="0" fbRx="0.153382096" lbRx="0.15338218" />
<p fId="0" fbTx="0.14338218" lbTx="0.143383055" tId="1" fbRx="0.14338218" lbRx="0.143383055" />
<p fId="1" fbTx="0.143383055" lbTx="0.14338393" tId="4" fbRx="0.143383055" lbRx="0.14338393" />
<p fId="3" fbTx="0.143482096" lbTx="0.14348218" tId="0" fbRx="0.153482096" lbRx="0.15348218" />
<p fId="0" fbTx="0.14348218" lbTx="0.143483055" tId="1" fbRx="0.14348218" lbRx="0.143483055" />
<p fId="1" fbTx="0.143483055" lbTx="0.14348393" tId="4" fbRx="0.143483055" lbRx="0.14348393" />
<p fId="3" fbTx="0.143582096" lbTx="0.14358218" tId="0" fbRx="0.153582096" lbRx="0.15358218" />
<p fId="0" fbTx="0.14358218" lbTx="0.143583055" tId="1" fbRx="0.14358218" lbRx="0.143583055" />
<p fId="1" fbTx="0.143583055" lbTx="0.14358393" tId="4" fbRx="0.143583055" lbRx="0.14358393" />
<p fId="3" fbTx="0.143682096" lbTx="0.14368218" tId="0" fbRx="0.153682096" lbRx="0.15368218" />
<p fId="0" fbTx="0.14368218" lbTx="0.143683055" tId="1" fbRx="0.14368218" lbRx="0.143683055" />
<p fId="1" fbTx="0.143683055" lbTx="0.14368393" tId="4" fbRx="0.143683055" lbRx="0.14368393" />
<p fId="3" fbTx="0.143782096" lbTx="0.14378218" tId="0" fbRx="0.153782096" lbRx="0.15378218" />
<p fId="0" fbTx="0.14378218" lbTx="0.143783055" tId="1" fbRx="0.14378218" lbRx="0.143783055" />
<p fId="1" fbTx="0.143783055" lbTx="0.14378393" tId="4" fbRx="0.143783055" lbRx="0.14378393" />
<p fId="3" fbTx="0.143882096" lbTx="0.14388218" tId="0" fbRx="0.153882096" lbRx="0.15388218" />
<p fId="0" fbTx="0.14388218" lbTx="0.143883055" tId="1" fbRx="0.14388218" lbRx="0.143883055" />
<p fId="1" fbTx="0.143883055" lbTx="0.14388393" tId="4" fbRx="0.143883055" lbRx="0.14388393" />
<p fId="3" fbTx="0.143982096" lbTx="0.14398218" tId="0" fbRx="0.153982096" lbRx="0.15398218" />
<p fId="0" fbTx="0.14398218" lbTx="0.143983055" tId="1" fbRx="0.14398218" lbRx="0.143983055" />
<p fId="1" fbTx="0.143983055" lbTx="0.14398393" tId="4" fbRx="0.143983055" lbRx="0.14398393" />
<p fId="3" fbTx="0.144082096" lbTx="0.14408218" tId="0" fbRx="0.154082096" lbRx="0.15408218" />
<p fId="0" fbTx="0.14408218" lbTx="0.144083055" tId="1" fbRx="0.14408218" lbRx="0.144083055" />
<p fId="1" fbTx="0.144083055" lbTx="0.14408393" tId="4" fbRx="0.144083055" lbRx="0.14408393" />
<p fId="3" fbTx="0.144182096" lbTx="0.14418218" tId="0" fbRx="0.154182096" lbRx="0.15418218" />
<p fId="0" fbTx="0.14418218" lbTx="0.144183055" tId="1" fbRx="0.14418218" lbRx="0.144183055" />
<p fId="1" fbTx="0.144183055" lbTx="0.14418393" tId="4" fbRx="0.144183055" lbRx="0.14418393" />
<pr uId="122" fId="4" fbTx="0.144214286" />
<wpr uId="122" tId="5" fbRx="0.144214286" lbRx="0" />
<wpr uId="122" tId="6" fbRx="0.144214286" lbRx="0" />
<p fId="3" fbTx="0.144282096" lbTx="0.14428218" tId="0" fbRx="0.154282096" lbRx="0.15428218" />
<p fId="0" fbTx="0.14428218" lbTx="0.144283055" tId="1" fbRx="0.14428218" lbRx="0.144283055" />
<p fId="1" fbTx="0.144283055" lbTx="0.14428393" tId="4" fbRx="0.144283055" lbRx="0.14428393" />
<p fId="3" fbTx="0.144382096" lbTx="0.14438218" tId="0" fbRx="0.154382096" lbRx="0.15438218" />
<p fId="0" fbTx="0.14438218" lbTx="0.144383055" tId="1" fbRx="0.14438218" lbRx="0.144383055" />
<p fId="1" fbTx="0.144383055" lbTx="0.14438393" tId="4" fbRx="0.144383055" lbRx="0.14438393" />
<p fId="3" fbTx="0.144482096" lbTx="0.14448218" tId="0" fbRx="0.154482096" lbRx="0.15448218" />
<p fId="0" fbTx="0.14448218" lbTx="0.144483055" tId="1" fbRx="0.14448218" lbRx="0.144483055" />
<p fId="1" fbTx="0.144483055" lbTx="0.14448393" tId="4" fbRx="0.144483055" lbRx="0.14448393" />
<p fId="3" fbTx="0.144582096" lbTx="0.14458218" tId="0" fbRx="0.154582096" lbRx="0.15458218" />
<p fId="0" fbTx="0.14458218" lbTx="0.144583055" tId="1" fbRx="0.14458218" lbRx="0.144583055" />
<p fId="1" fbTx="0.144583055" lbTx="0.14458393" tId="4" fbRx="0.144583055" lbRx="0.14458393" />
<p fId="3" fbTx="0.144682096" lbTx="0.14468218" tId="0" fbRx="0.154682096" lbRx="0.15468218" />
<p fId="0" fbTx="0.14468218" lbTx="0.144683055" tId="1" fbRx="0.14468218" lbRx="0.144683055" />
<p fId="1" fbTx="0.144683055" lbTx="0.14468393" tId="4" fbRx="0.144683055" lbRx="0.14468393" />
<p fId="3" fbTx="0.144782096" lbTx="0.14478218" tId="0" fbRx="0.154782096" lbRx="0.15478218" />
<p fId="0" fbTx="0.14478218" lbTx="0.144783055" tId="1" fbRx="0.14478218" lbRx="0.144783055" />
<p fId="1" fbTx="0.144783055" lbTx="0.14478393" tId="4" fbRx="0.144783055" lbRx="0.14478393" />
<p fId="3" fbTx="0.144882096" lbTx="0.14488218" tId="0" fbRx="0.154882096" lbRx="0.15488218" />
<p fId="0" fbTx="0.14488218" lbTx="0.144883055" tId="1" fbRx="0.14488218" lbRx="0.144883055" />
<p fId="1" fbTx="0.144883055" lbTx="0.14488393" tId="4" fbRx="0.144883055" lbRx="0.14488393" />
<p fId="3" fbTx="0.144982096" lbTx="0.14498218" tId="0" fbRx="0.154982096" lbRx="0.15498218" />
<p fId="0" fbTx="0.14498218" lbTx="0.144983055" tId="1" fbRx="0.14498218" lbRx="0.144983055" />
<p fId="1" fbTx="0.144983055" lbTx="0.14498393" tId="4" fbRx="0.144983055" lbRx="0.14498393" />
<p fId="3" fbTx="0.145082096" lbTx="0.14508218" tId="0" fbRx="0.155082096" lbRx="0.15508218" />
<p fId="0" fbTx="0.14508218" lbTx="0.145083055" tId="1" fbRx="0.14508218" lbRx="0.145083055" />
<p fId="1" fbTx="0.145083055" lbTx="0.14508393" tId="4" fbRx="0.145083055" lbRx="0.14508393" />
<p fId="3" fbTx="0.145182096" lbTx="0.14518218" tId="0" fbRx="0.155182096" lbRx="0.15518218" />
<p fId="0" fbTx="0.14518218" lbTx="0.145183055" tId="1" fbRx="0.14518218" lbRx="0.145183055" />
<p fId="1" fbTx="0.145183055" lbTx="0.14518393" tId="4" fbRx="0.145183055" lbRx="0.14518393" />
<pr uId="123" fId="4" fbTx="0.145214286" />
<wpr uId="123" tId="5" fbRx="0.145214286" lbRx="0" />
<wpr uId="123" tId="6" fbRx="0.145214286" lbRx="0" />
<p fId="3" fbTx="0.145282096" lbTx="0.14528218" tId="0" fbRx="0.155282096" lbRx="0.15528218" />
<p fId="0" fbTx="0.14528218" lbTx="0.145283055" tId="1" fbRx="0.14528218" lbRx="0.145283055" />
<p fId="1" fbTx="0.145283055" lbTx="0.14528393" tId="4" fbRx="0.145283055" lbRx="0.14528393" />
<p fId="3" fbTx="0.145382096" lbTx="0.14538218" tId="0" fbRx="0.155382096" lbRx="0.15538218" />
<p fId="0" fbTx="0.14538218" lbTx="0.145383055" tId="1" fbRx="0.14538218" lbRx="0.145383055" />
<p fId="1" fbTx="0.145383055" lbTx="0.14538393" tId="4" fbRx="0.145383055" lbRx="0.14538393" />
<p fId="3" fbTx="0.145482096" lbTx="0.14548218" tId="0" fbRx="0.155482096" lbRx="0.15548218" />
<p fId="0" fbTx="0.14548218" lbTx="0.145483055" tId="1" fbRx="0.14548218" lbRx="0.145483055" />
<p fId="1" fbTx="0.145483055" lbTx="0.14548393" tId="4" fbRx="0.145483055" lbRx="0.14548393" />
<p fId="3" fbTx="0.145582096" lbTx="0.14558218" tId="0" fbRx="0.155582096" lbRx="0.15558218" />
<p fId="0" fbTx="0.14558218" lbTx="0.145583055" tId="1" fbRx="0.14558218" lbRx="0.145583055" />
<p fId="1" fbTx="0.145583055" lbTx="0.14558393" tId="4" fbRx="0.145583055" lbRx="0.14558393" />
<p fId="3" fbTx="0.145682096" lbTx="0.14568218" tId="0" fbRx="0.155682096" lbRx="0.15568218" />
<p fId="0" fbTx="0.14568218" lbTx="0.145683055" tId="1" fbRx="0.14568218" lbRx="0.145683055" />
<p fId="1" fbTx="0.145683055" lbTx="0.14568393" tId="4" fbRx="0.145683055" lbRx="0.14568393" />
<p fId="3" fbTx="0.145782096" lbTx="0.14578218" tId="0" fbRx="0.155782096" lbRx="0.15578218" />
<p fId="0" fbTx="0.14578218" lbTx="0.145783055" tId="1" fbRx="0.14578218" lbRx="0.145783055" />
<p fId="1" fbTx="0.145783055" lbTx="0.14578393" tId="4" fbRx="0.145783055" lbRx="0.14578393" />
<p fId="3" fbTx="0.145882096" lbTx="0.14588218" tId="0" fbRx="0.155882096" lbRx="0.15588218" />
<p fId="0" fbTx="0.14588218" lbTx="0.145883055" tId="1" fbRx="0.14588218" lbRx="0.145883055" />
<p fId="1" fbTx="0.145883055" lbTx="0.14588393" tId="4" fbRx="0.145883055" lbRx="0.14588393" />
<p fId="3" fbTx="0.145982096" lbTx="0.14598218" tId="0" fbRx="0.155982096" lbRx="0.15598218" />
<p fId="0" fbTx="0.14598218" lbTx="0.145983055" tId="1" fbRx="0.14598218" lbRx="0.145983055" />
<p fId="1" fbTx="0.145983055" lbTx="0.14598393" tId="4" fbRx="0.145983055" lbRx="0.14598393" />
<p fId="3" fbTx="0.146082096" lbTx="0.14608218" tId="0" fbRx="0.156082096" lbRx="0.15608218" />
<p fId="0" fbTx="0.14608218" lbTx="0.146083055" tId="1" fbRx="0.14608218" lbRx="0.146083055" />
<p fId="1" fbTx="0.146083055" lbTx="0.14608393" tId="4" fbRx="0.146083055" lbRx="0.14608393" />
<p fId="3" fbTx="0.146182096" lbTx="0.14618218" tId="0" fbRx="0.156182096" lbRx="0.15618218" />
<p fId="0" fbTx="0.14618218" lbTx="0.146183055" tId="1" fbRx="0.14618218" lbRx="0.146183055" />
<p fId="1" fbTx="0.146183055" lbTx="0.14618393" tId="4" fbRx="0.146183055" lbRx="0.14618393" />
<pr uId="124" fId="4" fbTx="0.146214286" />
<wpr uId="124" tId="5" fbRx="0.146214286" lbRx="0" />
<wpr uId="124" tId="6" fbRx="0.146214286" lbRx="0" />
<p fId="3" fbTx="0.146282096" lbTx="0.14628218" tId="0" fbRx="0.156282096" lbRx="0.15628218" />
<p fId="0" fbTx="0.14628218" lbTx="0.146283055" tId="1" fbRx="0.14628218" lbRx="0.146283055" />
<p fId="1" fbTx="0.146283055" lbTx="0.14628393" tId="4" fbRx="0.146283055" lbRx="0.14628393" />
<p fId="3" fbTx="0.146382096" lbTx="0.14638218" tId="0" fbRx="0.156382096" lbRx="0.15638218" />
<p fId="0" fbTx="0.14638218" lbTx="0.146383055" tId="1" fbRx="0.14638218" lbRx="0.146383055" />
<p fId="1" fbTx="0.146383055" lbTx="0.14638393" tId="4" fbRx="0.146383055" lbRx="0.14638393" />
<p fId="3" fbTx="0.146482096" lbTx="0.14648218" tId="0" fbRx="0.156482096" lbRx="0.15648218" />
<p fId="0" fbTx="0.14648218" lbTx="0.146483055" tId="1" fbRx="0.14648218" lbRx="0.146483055" />
<p fId="1" fbTx="0.146483055" lbTx="0.14648393" tId="4" fbRx="0.146483055" lbRx="0.14648393" />
<p fId="3" fbTx="0.146582096" lbTx="0.14658218" tId="0" fbRx="0.156582096" lbRx="0.15658218" />
<p fId="0" fbTx="0.14658218" lbTx="0.146583055" tId="1" fbRx="0.14658218" lbRx="0.146583055" />
<p fId="1" fbTx="0.146583055" lbTx="0.14658393" tId="4" fbRx="0.146583055" lbRx="0.14658393" />
<p fId="3" fbTx="0.146682096" lbTx="0.14668218" tId="0" fbRx="0.156682096" lbRx="0.15668218" />
<p fId="0" fbTx="0.14668218" lbTx="0.146683055" tId="1" fbRx="0.14668218" lbRx="0.146683055" />
<p fId="1" fbTx="0.146683055" lbTx="0.14668393" tId="4" fbRx="0.146683055" lbRx="0.14668393" />
<p fId="3" fbTx="0.146782096" lbTx="0.14678218" tId="0" fbRx="0.156782096" lbRx="0.15678218" />
<p fId="0" fbTx="0.14678218" lbTx="0.146783055" tId="1" fbRx="0.14678218" lbRx="0.146783055" />
<p fId="1" fbTx="0.146783055" lbTx="0.14678393" tId="4" fbRx="0.146783055" lbRx="0.14678393" />
<p fId="3" fbTx="0.146882096" lbTx="0.14688218" tId="0" fbRx="0.156882096" lbRx="0.15688218" />
<p fId="0" fbTx="0.14688218" lbTx="0.146883055" tId="1" fbRx="0.14688218" lbRx="0.146883055" />
<p fId="1" fbTx="0.146883055" lbTx="0.14688393" tId="4" fbRx="0.146883055" lbRx="0.14688393" />
<p fId="3" fbTx="0.146982096" lbTx="0.14698218" tId="0" fbRx="0.156982096" lbRx="0.15698218" />
<p fId="0" fbTx="0.14698218" lbTx="0.146983055" tId="1" fbRx="0.14698218" lbRx="0.146983055" />
<p fId="1" fbTx="0.146983055" lbTx="0.14698393" tId="4" fbRx="0.146983055" lbRx="0.14698393" />
<p fId="3" fbTx="0.147082096" lbTx="0.14708218" tId="0" fbRx="0.157082096" lbRx="0.15708218" />
<p fId="0" fbTx="0.14708218" lbTx="0.147083055" tId="1" fbRx="0.14708218" lbRx="0.147083055" />
<p fId="1" fbTx="0.147083055" lbTx="0.14708393" tId="4" fbRx="0.147083055" lbRx="0.14708393" />
<p fId="3" fbTx="0.147182096" lbTx="0.14718218" tId="0" fbRx="0.157182096" lbRx="0.15718218" />
<p fId="0" fbTx="0.14718218" lbTx="0.147183055" tId="1" fbRx="0.14718218" lbRx="0.147183055" />
<p fId="1" fbTx="0.147183055" lbTx="0.14718393" tId="4" fbRx="0.147183055" lbRx="0.14718393" />
<pr uId="125" fId="4" fbTx="0.147214286" />
<wpr uId="125" tId="5" fbRx="0.147214286" lbRx="0" />
<wpr uId="125" tId="6" fbRx="0.147214286" lbRx="0" />
<p fId="3" fbTx="0.147282096" lbTx="0.14728218" tId="0" fbRx="0.157282096" lbRx="0.15728218" />
<p fId="0" fbTx="0.14728218" lbTx="0.147283055" tId="1" fbRx="0.14728218" lbRx="0.147283055" />
<p fId="1" fbTx="0.147283055" lbTx="0.14728393" tId="4" fbRx="0.147283055" lbRx="0.14728393" />
<p fId="3" fbTx="0.147382096" lbTx="0.14738218" tId="0" fbRx="0.157382096" lbRx="0.15738218" />
<p fId="0" fbTx="0.14738218" lbTx="0.147383055" tId="1" fbRx="0.14738218" lbRx="0.147383055" />
<p fId="1" fbTx="0.147383055" lbTx="0.14738393" tId="4" fbRx="0.147383055" lbRx="0.14738393" />
<p fId="3" fbTx="0.147482096" lbTx="0.14748218" tId="0" fbRx="0.157482096" lbRx="0.15748218" />
<p fId="0" fbTx="0.14748218" lbTx="0.147483055" tId="1" fbRx="0.14748218" lbRx="0.147483055" />
<p fId="1" fbTx="0.147483055" lbTx="0.14748393" tId="4" fbRx="0.147483055" lbRx="0.14748393" />
<p fId="3" fbTx="0.147582096" lbTx="0.14758218" tId="0" fbRx="0.157582096" lbRx="0.15758218" />
<p fId="0" fbTx="0.14758218" lbTx="0.147583055" tId="1" fbRx="0.14758218" lbRx="0.147583055" />
<p fId="1" fbTx="0.147583055" lbTx="0.14758393" tId="4" fbRx="0.147583055" lbRx="0.14758393" />
<p fId="3" fbTx="0.147682096" lbTx="0.14768218" tId="0" fbRx="0.157682096" lbRx="0.15768218" />
<p fId="0" fbTx="0.14768218" lbTx="0.147683055" tId="1" fbRx="0.14768218" lbRx="0.147683055" />
<p fId="1" fbTx="0.147683055" lbTx="0.14768393" tId="4" fbRx="0.147683055" lbRx="0.14768393" />
<p fId="3" fbTx="0.147782096" lbTx="0.14778218" tId="0" fbRx="0.157782096" lbRx="0.15778218" />
<p fId="0" fbTx="0.14778218" lbTx="0.147783055" tId="1" fbRx="0.14778218" lbRx="0.147783055" />
<p fId="1" fbTx="0.147783055" lbTx="0.14778393" tId="4" fbRx="0.147783055" lbRx="0.14778393" />
<p fId="3" fbTx="0.147882096" lbTx="0.14788218" tId="0" fbRx="0.157882096" lbRx="0.15788218" />
<p fId="0" fbTx="0.14788218" lbTx="0.147883055" tId="1" fbRx="0.14788218" lbRx="0.147883055" />
<p fId="1" fbTx="0.147883055" lbTx="0.14788393" tId="4" fbRx="0.147883055" lbRx="0.14788393" />
<p fId="3" fbTx="0.147982096" lbTx="0.14798218" tId="0" fbRx="0.157982096" lbRx="0.15798218" />
<p fId="0" fbTx="0.14798218" lbTx="0.147983055" tId="1" fbRx="0.14798218" lbRx="0.147983055" />
<p fId="1" fbTx="0.147983055" lbTx="0.14798393" tId="4" fbRx="0.147983055" lbRx="0.14798393" />
<p fId="3" fbTx="0.148082096" lbTx="0.14808218" tId="0" fbRx="0.158082096" lbRx="0.15808218" />
<p fId="0" fbTx="0.14808218" lbTx="0.148083055" tId="1" fbRx="0.14808218" lbRx="0.148083055" />
<p fId="1" fbTx="0.148083055" lbTx="0.14808393" tId="4" fbRx="0.148083055" lbRx="0.14808393" />
<p fId="3" fbTx="0.148182096" lbTx="0.14818218" tId="0" fbRx="0.158182096" lbRx="0.15818218" />
<p fId="0" fbTx="0.14818218" lbTx="0.148183055" tId="1" fbRx="0.14818218" lbRx="0.148183055" />
<p fId="1" fbTx="0.148183055" lbTx="0.14818393" tId="4" fbRx="0.148183055" lbRx="0.14818393" />
<pr uId="126" fId="4" fbTx="0.148214286" />
<wpr uId="126" tId="5" fbRx="0.148214286" lbRx="0" />
<wpr uId="126" tId="6" fbRx="0.148214286" lbRx="0" />
<p fId="3" fbTx="0.148282096" lbTx="0.14828218" tId="0" fbRx="0.158282096" lbRx="0.15828218" />
<p fId="0" fbTx="0.14828218" lbTx="0.148283055" tId="1" fbRx="0.14828218" lbRx="0.148283055" />
<p fId="1" fbTx="0.148283055" lbTx="0.14828393" tId="4" fbRx="0.148283055" lbRx="0.14828393" />
<p fId="3" fbTx="0.148382096" lbTx="0.14838218" tId="0" fbRx="0.158382096" lbRx="0.15838218" />
<p fId="0" fbTx="0.14838218" lbTx="0.148383055" tId="1" fbRx="0.14838218" lbRx="0.148383055" />
<p fId="1" fbTx="0.148383055" lbTx="0.14838393" tId="4" fbRx="0.148383055" lbRx="0.14838393" />
<p fId="3" fbTx="0.148482096" lbTx="0.14848218" tId="0" fbRx="0.158482096" lbRx="0.15848218" />
<p fId="0" fbTx="0.14848218" lbTx="0.148483055" tId="1" fbRx="0.14848218" lbRx="0.148483055" />
<p fId="1" fbTx="0.148483055" lbTx="0.14848393" tId="4" fbRx="0.148483055" lbRx="0.14848393" />
<p fId="3" fbTx="0.148582096" lbTx="0.14858218" tId="0" fbRx="0.158582096" lbRx="0.15858218" />
<p fId="0" fbTx="0.14858218" lbTx="0.148583055" tId="1" fbRx="0.14858218" lbRx="0.148583055" />
<p fId="1" fbTx="0.148583055" lbTx="0.14858393" tId="4" fbRx="0.148583055" lbRx="0.14858393" />
<p fId="3" fbTx="0.148682096" lbTx="0.14868218" tId="0" fbRx="0.158682096" lbRx="0.15868218" />
<p fId="0" fbTx="0.14868218" lbTx="0.148683055" tId="1" fbRx="0.14868218" lbRx="0.148683055" />
<p fId="1" fbTx="0.148683055" lbTx="0.14868393" tId="4" fbRx="0.148683055" lbRx="0.14868393" />
<p fId="3" fbTx="0.148782096" lbTx="0.14878218" tId="0" fbRx="0.158782096" lbRx="0.15878218" />
<p fId="0" fbTx="0.14878218" lbTx="0.148783055" tId="1" fbRx="0.14878218" lbRx="0.148783055" />
<p fId="1" fbTx="0.148783055" lbTx="0.14878393" tId="4" fbRx="0.148783055" lbRx="0.14878393" />
<p fId="3" fbTx="0.148882096" lbTx="0.14888218" tId="0" fbRx="0.158882096" lbRx="0.15888218" />
<p fId="0" fbTx="0.14888218" lbTx="0.148883055" tId="1" fbRx="0.14888218" lbRx="0.148883055" />
<p fId="1" fbTx="0.148883055" lbTx="0.14888393" tId="4" fbRx="0.148883055" lbRx="0.14888393" />
<p fId="3" fbTx="0.148982096" lbTx="0.14898218" tId="0" fbRx="0.158982096" lbRx="0.15898218" />
<p fId="0" fbTx="0.14898218" lbTx="0.148983055" tId="1" fbRx="0.14898218" lbRx="0.148983055" />
<p fId="1" fbTx="0.148983055" lbTx="0.14898393" tId="4" fbRx="0.148983055" lbRx="0.14898393" />
<p fId="3" fbTx="0.149082096" lbTx="0.14908218" tId="0" fbRx="0.159082096" lbRx="0.15908218" />
<p fId="0" fbTx="0.14908218" lbTx="0.149083055" tId="1" fbRx="0.14908218" lbRx="0.149083055" />
<p fId="1" fbTx="0.149083055" lbTx="0.14908393" tId="4" fbRx="0.149083055" lbRx="0.14908393" />
<p fId="3" fbTx="0.149182096" lbTx="0.14918218" tId="0" fbRx="0.159182096" lbRx="0.15918218" />
<p fId="0" fbTx="0.14918218" lbTx="0.149183055" tId="1" fbRx="0.14918218" lbRx="0.149183055" />
<p fId="1" fbTx="0.149183055" lbTx="0.14918393" tId="4" fbRx="0.149183055" lbRx="0.14918393" />
<pr uId="127" fId="4" fbTx="0.149214286" />
<wpr uId="127" tId="5" fbRx="0.149214286" lbRx="0" />
<wpr uId="127" tId="6" fbRx="0.149214286" lbRx="0" />
<p fId="3" fbTx="0.149282096" lbTx="0.14928218" tId="0" fbRx="0.159282096" lbRx="0.15928218" />
<p fId="0" fbTx="0.14928218" lbTx="0.149283055" tId="1" fbRx="0.14928218" lbRx="0.149283055" />
<p fId="1" fbTx="0.149283055" lbTx="0.14928393" tId="4" fbRx="0.149283055" lbRx="0.14928393" />
<p fId="3" fbTx="0.149382096" lbTx="0.14938218" tId="0" fbRx="0.159382096" lbRx="0.15938218" />
<p fId="0" fbTx="0.14938218" lbTx="0.149383055" tId="1" fbRx="0.14938218" lbRx="0.149383055" />
<p fId="1" fbTx="0.149383055" lbTx="0.14938393" tId="4" fbRx="0.149383055" lbRx="0.14938393" />
<p fId="3" fbTx="0.149482096" lbTx="0.14948218" tId="0" fbRx="0.159482096" lbRx="0.15948218" />
<p fId="0" fbTx="0.14948218" lbTx="0.149483055" tId="1" fbRx="0.14948218" lbRx="0.149483055" />
<p fId="1" fbTx="0.149483055" lbTx="0.14948393" tId="4" fbRx="0.149483055" lbRx="0.14948393" />
<p fId="3" fbTx="0.149582096" lbTx="0.14958218" tId="0" fbRx="0.159582096" lbRx="0.15958218" />
<p fId="0" fbTx="0.14958218" lbTx="0.149583055" tId="1" fbRx="0.14958218" lbRx="0.149583055" />
<p fId="1" fbTx="0.149583055" lbTx="0.14958393" tId="4" fbRx="0.149583055" lbRx="0.14958393" />
<p fId="3" fbTx="0.149682096" lbTx="0.14968218" tId="0" fbRx="0.159682096" lbRx="0.15968218" />
<p fId="0" fbTx="0.14968218" lbTx="0.149683055" tId="1" fbRx="0.14968218" lbRx="0.149683055" />
<p fId="1" fbTx="0.149683055" lbTx="0.14968393" tId="4" fbRx="0.149683055" lbRx="0.14968393" />
<p fId="3" fbTx="0.149782096" lbTx="0.14978218" tId="0" fbRx="0.159782096" lbRx="0.15978218" />
<p fId="0" fbTx="0.14978218" lbTx="0.149783055" tId="1" fbRx="0.14978218" lbRx="0.149783055" />
<p fId="1" fbTx="0.149783055" lbTx="0.14978393" tId="4" fbRx="0.149783055" lbRx="0.14978393" />
<p fId="3" fbTx="0.149882096" lbTx="0.14988218" tId="0" fbRx="0.159882096" lbRx="0.15988218" />
<p fId="0" fbTx="0.14988218" lbTx="0.149883055" tId="1" fbRx="0.14988218" lbRx="0.149883055" />
<p fId="1" fbTx="0.149883055" lbTx="0.14988393" tId="4" fbRx="0.149883055" lbRx="0.14988393" />
<p fId="3" fbTx="0.149982096" lbTx="0.14998218" tId="0" fbRx="0.159982096" lbRx="0.15998218" />
<p fId="0" fbTx="0.14998218" lbTx="0.149983055" tId="1" fbRx="0.14998218" lbRx="0.149983055" />
<p fId="1" fbTx="0.149983055" lbTx="0.14998393" tId="4" fbRx="0.149983055" lbRx="0.14998393" />
<p fId="3" fbTx="0.150082096" lbTx="0.15008218" tId="0" fbRx="0.160082096" lbRx="0.16008218" />
<p fId="0" fbTx="0.15008218" lbTx="0.150083055" tId="1" fbRx="0.15008218" lbRx="0.150083055" />
<p fId="1" fbTx="0.150083055" lbTx="0.15008393" tId="4" fbRx="0.150083055" lbRx="0.15008393" />
<p fId="3" fbTx="0.150182096" lbTx="0.15018218" tId="0" fbRx="0.160182096" lbRx="0.16018218" />
<p fId="0" fbTx="0.15018218" lbTx="0.150183055" tId="1" fbRx="0.15018218" lbRx="0.150183055" />
<p fId="1" fbTx="0.150183055" lbTx="0.15018393" tId="4" fbRx="0.150183055" lbRx="0.15018393" />
<pr uId="128" fId="4" fbTx="0.150214286" />
<wpr uId="128" tId="5" fbRx="0.150214286" lbRx="0" />
<wpr uId="128" tId="6" fbRx="0.150214286" lbRx="0" />
<p fId="3" fbTx="0.150282096" lbTx="0.15028218" tId="0" fbRx="0.160282096" lbRx="0.16028218" />
<p fId="0" fbTx="0.15028218" lbTx="0.150283055" tId="1" fbRx="0.15028218" lbRx="0.150283055" />
<p fId="1" fbTx="0.150283055" lbTx="0.15028393" tId="4" fbRx="0.150283055" lbRx="0.15028393" />
<p fId="3" fbTx="0.150382096" lbTx="0.15038218" tId="0" fbRx="0.160382096" lbRx="0.16038218" />
<p fId="0" fbTx="0.15038218" lbTx="0.150383055" tId="1" fbRx="0.15038218" lbRx="0.150383055" />
<p fId="1" fbTx="0.150383055" lbTx="0.15038393" tId="4" fbRx="0.150383055" lbRx="0.15038393" />
<p fId="3" fbTx="0.150482096" lbTx="0.15048218" tId="0" fbRx="0.160482096" lbRx="0.16048218" />
<p fId="0" fbTx="0.15048218" lbTx="0.150483055" tId="1" fbRx="0.15048218" lbRx="0.150483055" />
<p fId="1" fbTx="0.150483055" lbTx="0.15048393" tId="4" fbRx="0.150483055" lbRx="0.15048393" />
<p fId="3" fbTx="0.150582096" lbTx="0.15058218" tId="0" fbRx="0.160582096" lbRx="0.16058218" />
<p fId="0" fbTx="0.15058218" lbTx="0.150583055" tId="1" fbRx="0.15058218" lbRx="0.150583055" />
<p fId="1" fbTx="0.150583055" lbTx="0.15058393" tId="4" fbRx="0.150583055" lbRx="0.15058393" />
<p fId="3" fbTx="0.150682096" lbTx="0.15068218" tId="0" fbRx="0.160682096" lbRx="0.16068218" />
<p fId="0" fbTx="0.15068218" lbTx="0.150683055" tId="1" fbRx="0.15068218" lbRx="0.150683055" />
<p fId="1" fbTx="0.150683055" lbTx="0.15068393" tId="4" fbRx="0.150683055" lbRx="0.15068393" />
<p fId="3" fbTx="0.150782096" lbTx="0.15078218" tId="0" fbRx="0.160782096" lbRx="0.16078218" />
<p fId="0" fbTx="0.15078218" lbTx="0.150783055" tId="1" fbRx="0.15078218" lbRx="0.150783055" />
<p fId="1" fbTx="0.150783055" lbTx="0.15078393" tId="4" fbRx="0.150783055" lbRx="0.15078393" />
<p fId="3" fbTx="0.150882096" lbTx="0.15088218" tId="0" fbRx="0.160882096" lbRx="0.16088218" />
<p fId="0" fbTx="0.15088218" lbTx="0.150883055" tId="1" fbRx="0.15088218" lbRx="0.150883055" />
<p fId="1" fbTx="0.150883055" lbTx="0.15088393" tId="4" fbRx="0.150883055" lbRx="0.15088393" />
<p fId="3" fbTx="0.150982096" lbTx="0.15098218" tId="0" fbRx="0.160982096" lbRx="0.16098218" />
<p fId="0" fbTx="0.15098218" lbTx="0.150983055" tId="1" fbRx="0.15098218" lbRx="0.150983055" />
<p fId="1" fbTx="0.150983055" lbTx="0.15098393" tId="4" fbRx="0.150983055" lbRx="0.15098393" />
<p fId="3" fbTx="0.151082096" lbTx="0.15108218" tId="0" fbRx="0.161082096" lbRx="0.16108218" />
<p fId="0" fbTx="0.15108218" lbTx="0.151083055" tId="1" fbRx="0.15108218" lbRx="0.151083055" />
<p fId="1" fbTx="0.151083055" lbTx="0.15108393" tId="4" fbRx="0.151083055" lbRx="0.15108393" />
<p fId="3" fbTx="0.151182096" lbTx="0.15118218" tId="0" fbRx="0.161182096" lbRx="0.16118218" />
<p fId="0" fbTx="0.15118218" lbTx="0.151183055" tId="1" fbRx="0.15118218" lbRx="0.151183055" />
<p fId="1" fbTx="0.151183055" lbTx="0.15118393" tId="4" fbRx="0.151183055" lbRx="0.15118393" />
<pr uId="129" fId="4" fbTx="0.151214286" />
<wpr uId="129" tId="5" fbRx="0.151214286" lbRx="0" />
<wpr uId="129" tId="6" fbRx="0.151214286" lbRx="0" />
<p fId="3" fbTx="0.151282096" lbTx="0.15128218" tId="0" fbRx="0.161282096" lbRx="0.16128218" />
<p fId="0" fbTx="0.15128218" lbTx="0.151283055" tId="1" fbRx="0.15128218" lbRx="0.151283055" />
<p fId="1" fbTx="0.151283055" lbTx="0.15128393" tId="4" fbRx="0.151283055" lbRx="0.15128393" />
<p fId="3" fbTx="0.151382096" lbTx="0.15138218" tId="0" fbRx="0.161382096" lbRx="0.16138218" />
<p fId="0" fbTx="0.15138218" lbTx="0.151383055" tId="1" fbRx="0.15138218" lbRx="0.151383055" />
<p fId="1" fbTx="0.151383055" lbTx="0.15138393" tId="4" fbRx="0.151383055" lbRx="0.15138393" />
<p fId="3" fbTx="0.151482096" lbTx="0.15148218" tId="0" fbRx="0.161482096" lbRx="0.16148218" />
<p fId="0" fbTx="0.15148218" lbTx="0.151483055" tId="1" fbRx="0.15148218" lbRx="0.151483055" />
<p fId="1" fbTx="0.151483055" lbTx="0.15148393" tId="4" fbRx="0.151483055" lbRx="0.15148393" />
<p fId="3" fbTx="0.151582096" lbTx="0.15158218" tId="0" fbRx="0.161582096" lbRx="0.16158218" />
<p fId="0" fbTx="0.15158218" lbTx="0.151583055" tId="1" fbRx="0.15158218" lbRx="0.151583055" />
<p fId="1" fbTx="0.151583055" lbTx="0.15158393" tId="4" fbRx="0.151583055" lbRx="0.15158393" />
<p fId="3" fbTx="0.151682096" lbTx="0.15168218" tId="0" fbRx="0.161682096" lbRx="0.16168218" />
<p fId="0" fbTx="0.15168218" lbTx="0.151683055" tId="1" fbRx="0.15168218" lbRx="0.151683055" />
<p fId="1" fbTx="0.151683055" lbTx="0.15168393" tId="4" fbRx="0.151683055" lbRx="0.15168393" />
<p fId="3" fbTx="0.151782096" lbTx="0.15178218" tId="0" fbRx="0.161782096" lbRx="0.16178218" />
<p fId="0" fbTx="0.15178218" lbTx="0.151783055" tId="1" fbRx="0.15178218" lbRx="0.151783055" />
<p fId="1" fbTx="0.151783055" lbTx="0.15178393" tId="4" fbRx="0.151783055" lbRx="0.15178393" />
<p fId="3" fbTx="0.151882096" lbTx="0.15188218" tId="0" fbRx="0.161882096" lbRx="0.16188218" />
<p fId="0" fbTx="0.15188218" lbTx="0.151883055" tId="1" fbRx="0.15188218" lbRx="0.151883055" />
<p fId="1" fbTx="0.151883055" lbTx="0.15188393" tId="4" fbRx="0.151883055" lbRx="0.15188393" />
<p fId="3" fbTx="0.151982096" lbTx="0.15198218" tId="0" fbRx="0.161982096" lbRx="0.16198218" />
<p fId="0" fbTx="0.15198218" lbTx="0.151983055" tId="1" fbRx="0.15198218" lbRx="0.151983055" />
<p fId="1" fbTx="0.151983055" lbTx="0.15198393" tId="4" fbRx="0.151983055" lbRx="0.15198393" />
<p fId="3" fbTx="0.152082096" lbTx="0.15208218" tId="0" fbRx="0.162082096" lbRx="0.16208218" />
<p fId="0" fbTx="0.15208218" lbTx="0.152083055" tId="1" fbRx="0.15208218" lbRx="0.152083055" />
<p fId="1" fbTx="0.152083055" lbTx="0.15208393" tId="4" fbRx="0.152083055" lbRx="0.15208393" />
<p fId="3" fbTx="0.152182096" lbTx="0.15218218" tId="0" fbRx="0.162182096" lbRx="0.16218218" />
<p fId="0" fbTx="0.15218218" lbTx="0.152183055" tId="1" fbRx="0.15218218" lbRx="0.152183055" />
<p fId="1" fbTx="0.152183055" lbTx="0.15218393" tId="4" fbRx="0.152183055" lbRx="0.15218393" />
<pr uId="130" fId="4" fbTx="0.152214286" />
<wpr uId="130" tId="5" fbRx="0.152214286" lbRx="0" />
<wpr uId="130" tId="6" fbRx="0.152214286" lbRx="0" />
<p fId="3" fbTx="0.152282096" lbTx="0.15228218" tId="0" fbRx="0.162282096" lbRx="0.16228218" />
<p fId="0" fbTx="0.15228218" lbTx="0.152283055" tId="1" fbRx="0.15228218" lbRx="0.152283055" />
<p fId="1" fbTx="0.152283055" lbTx="0.15228393" tId="4" fbRx="0.152283055" lbRx="0.15228393" />
<p fId="3" fbTx="0.152382096" lbTx="0.15238218" tId="0" fbRx="0.162382096" lbRx="0.16238218" />
<p fId="0" fbTx="0.15238218" lbTx="0.152383055" tId="1" fbRx="0.15238218" lbRx="0.152383055" />
<p fId="1" fbTx="0.152383055" lbTx="0.15238393" tId="4" fbRx="0.152383055" lbRx="0.15238393" />
<p fId="3" fbTx="0.152482096" lbTx="0.15248218" tId="0" fbRx="0.162482096" lbRx="0.16248218" />
<p fId="0" fbTx="0.15248218" lbTx="0.152483055" tId="1" fbRx="0.15248218" lbRx="0.152483055" />
<p fId="1" fbTx="0.152483055" lbTx="0.15248393" tId="4" fbRx="0.152483055" lbRx="0.15248393" />
<p fId="3" fbTx="0.152582096" lbTx="0.15258218" tId="0" fbRx="0.162582096" lbRx="0.16258218" />
<p fId="0" fbTx="0.15258218" lbTx="0.152583055" tId="1" fbRx="0.15258218" lbRx="0.152583055" />
<p fId="1" fbTx="0.152583055" lbTx="0.15258393" tId="4" fbRx="0.152583055" lbRx="0.15258393" />
<p fId="3" fbTx="0.152682096" lbTx="0.15268218" tId="0" fbRx="0.162682096" lbRx="0.16268218" />
<p fId="0" fbTx="0.15268218" lbTx="0.152683055" tId="1" fbRx="0.15268218" lbRx="0.152683055" />
<p fId="1" fbTx="0.152683055" lbTx="0.15268393" tId="4" fbRx="0.152683055" lbRx="0.15268393" />
<p fId="3" fbTx="0.152782096" lbTx="0.15278218" tId="0" fbRx="0.162782096" lbRx="0.16278218" />
<p fId="0" fbTx="0.15278218" lbTx="0.152783055" tId="1" fbRx="0.15278218" lbRx="0.152783055" />
<p fId="1" fbTx="0.152783055" lbTx="0.15278393" tId="4" fbRx="0.152783055" lbRx="0.15278393" />
<p fId="3" fbTx="0.152882096" lbTx="0.15288218" tId="0" fbRx="0.162882096" lbRx="0.16288218" />
<p fId="0" fbTx="0.15288218" lbTx="0.152883055" tId="1" fbRx="0.15288218" lbRx="0.152883055" />
<p fId="1" fbTx="0.152883055" lbTx="0.15288393" tId="4" fbRx="0.152883055" lbRx="0.15288393" />
<p fId="3" fbTx="0.152982096" lbTx="0.15298218" tId="0" fbRx="0.162982096" lbRx="0.16298218" />
<p fId="0" fbTx="0.15298218" lbTx="0.152983055" tId="1" fbRx="0.15298218" lbRx="0.152983055" />
<p fId="1" fbTx="0.152983055" lbTx="0.15298393" tId="4" fbRx="0.152983055" lbRx="0.15298393" />
<p fId="3" fbTx="0.153082096" lbTx="0.15308218" tId="0" fbRx="0.163082096" lbRx="0.16308218" />
<p fId="0" fbTx="0.15308218" lbTx="0.153083055" tId="1" fbRx="0.15308218" lbRx="0.153083055" />
<p fId="1" fbTx="0.153083055" lbTx="0.15308393" tId="4" fbRx="0.153083055" lbRx="0.15308393" />
<p fId="3" fbTx="0.153182096" lbTx="0.15318218" tId="0" fbRx="0.163182096" lbRx="0.16318218" />
<p fId="0" fbTx="0.15318218" lbTx="0.153183055" tId="1" fbRx="0.15318218" lbRx="0.153183055" />
<p fId="1" fbTx="0.153183055" lbTx="0.15318393" tId="4" fbRx="0.153183055" lbRx="0.15318393" />
<pr uId="131" fId="4" fbTx="0.153214286" />
<wpr uId="131" tId="5" fbRx="0.153214286" lbRx="0" />
<wpr uId="131" tId="6" fbRx="0.153214286" lbRx="0" />
<p fId="3" fbTx="0.153282096" lbTx="0.15328218" tId="0" fbRx="0.163282096" lbRx="0.16328218" />
<p fId="0" fbTx="0.15328218" lbTx="0.153283055" tId="1" fbRx="0.15328218" lbRx="0.153283055" />
<p fId="1" fbTx="0.153283055" lbTx="0.15328393" tId="4" fbRx="0.153283055" lbRx="0.15328393" />
<p fId="3" fbTx="0.153382096" lbTx="0.15338218" tId="0" fbRx="0.163382096" lbRx="0.16338218" />
<p fId="0" fbTx="0.15338218" lbTx="0.153383055" tId="1" fbRx="0.15338218" lbRx="0.153383055" />
<p fId="1" fbTx="0.153383055" lbTx="0.15338393" tId="4" fbRx="0.153383055" lbRx="0.15338393" />
<p fId="3" fbTx="0.153482096" lbTx="0.15348218" tId="0" fbRx="0.163482096" lbRx="0.16348218" />
<p fId="0" fbTx="0.15348218" lbTx="0.153483055" tId="1" fbRx="0.15348218" lbRx="0.153483055" />
<p fId="1" fbTx="0.153483055" lbTx="0.15348393" tId="4" fbRx="0.153483055" lbRx="0.15348393" />
<p fId="3" fbTx="0.153582096" lbTx="0.15358218" tId="0" fbRx="0.163582096" lbRx="0.16358218" />
<p fId="0" fbTx="0.15358218" lbTx="0.153583055" tId="1" fbRx="0.15358218" lbRx="0.153583055" />
<p fId="1" fbTx="0.153583055" lbTx="0.15358393" tId="4" fbRx="0.153583055" lbRx="0.15358393" />
<p fId="3" fbTx="0.153682096" lbTx="0.15368218" tId="0" fbRx="0.163682096" lbRx="0.16368218" />
<p fId="0" fbTx="0.15368218" lbTx="0.153683055" tId="1" fbRx="0.15368218" lbRx="0.153683055" />
<p fId="1" fbTx="0.153683055" lbTx="0.15368393" tId="4" fbRx="0.153683055" lbRx="0.15368393" />
<p fId="3" fbTx="0.153782096" lbTx="0.15378218" tId="0" fbRx="0.163782096" lbRx="0.16378218" />
<p fId="0" fbTx="0.15378218" lbTx="0.153783055" tId="1" fbRx="0.15378218" lbRx="0.153783055" />
<p fId="1" fbTx="0.153783055" lbTx="0.15378393" tId="4" fbRx="0.153783055" lbRx="0.15378393" />
<p fId="3" fbTx="0.153882096" lbTx="0.15388218" tId="0" fbRx="0.163882096" lbRx="0.16388218" />
<p fId="0" fbTx="0.15388218" lbTx="0.153883055" tId="1" fbRx="0.15388218" lbRx="0.153883055" />
<p fId="1" fbTx="0.153883055" lbTx="0.15388393" tId="4" fbRx="0.153883055" lbRx="0.15388393" />
<p fId="3" fbTx="0.153982096" lbTx="0.15398218" tId="0" fbRx="0.163982096" lbRx="0.16398218" />
<p fId="0" fbTx="0.15398218" lbTx="0.153983055" tId="1" fbRx="0.15398218" lbRx="0.153983055" />
<p fId="1" fbTx="0.153983055" lbTx="0.15398393" tId="4" fbRx="0.153983055" lbRx="0.15398393" />
<p fId="3" fbTx="0.154082096" lbTx="0.15408218" tId="0" fbRx="0.164082096" lbRx="0.16408218" />
<p fId="0" fbTx="0.15408218" lbTx="0.154083055" tId="1" fbRx="0.15408218" lbRx="0.154083055" />
<p fId="1" fbTx="0.154083055" lbTx="0.15408393" tId="4" fbRx="0.154083055" lbRx="0.15408393" />
<p fId="3" fbTx="0.154182096" lbTx="0.15418218" tId="0" fbRx="0.164182096" lbRx="0.16418218" />
<p fId="0" fbTx="0.15418218" lbTx="0.154183055" tId="1" fbRx="0.15418218" lbRx="0.154183055" />
<p fId="1" fbTx="0.154183055" lbTx="0.15418393" tId="4" fbRx="0.154183055" lbRx="0.15418393" />
<pr uId="132" fId="4" fbTx="0.154214286" />
<wpr uId="132" tId="5" fbRx="0.154214286" lbRx="0" />
<wpr uId="132" tId="6" fbRx="0.154214286" lbRx="0" />
<p fId="3" fbTx="0.154282096" lbTx="0.15428218" tId="0" fbRx="0.164282096" lbRx="0.16428218" />
<p fId="0" fbTx="0.15428218" lbTx="0.154283055" tId="1" fbRx="0.15428218" lbRx="0.154283055" />
<p fId="1" fbTx="0.154283055" lbTx="0.15428393" tId="4" fbRx="0.154283055" lbRx="0.15428393" />
<p fId="3" fbTx="0.154382096" lbTx="0.15438218" tId="0" fbRx="0.164382096" lbRx="0.16438218" />
<p fId="0" fbTx="0.15438218" lbTx="0.154383055" tId="1" fbRx="0.15438218" lbRx="0.154383055" />
<p fId="1" fbTx="0.154383055" lbTx="0.15438393" tId="4" fbRx="0.154383055" lbRx="0.15438393" />
<p fId="3" fbTx="0.154482096" lbTx="0.15448218" tId="0" fbRx="0.164482096" lbRx="0.16448218" />
<p fId="0" fbTx="0.15448218" lbTx="0.154483055" tId="1" fbRx="0.15448218" lbRx="0.154483055" />
<p fId="1" fbTx="0.154483055" lbTx="0.15448393" tId="4" fbRx="0.154483055" lbRx="0.15448393" />
<p fId="3" fbTx="0.154582096" lbTx="0.15458218" tId="0" fbRx="0.164582096" lbRx="0.16458218" />
<p fId="0" fbTx="0.15458218" lbTx="0.154583055" tId="1" fbRx="0.15458218" lbRx="0.154583055" />
<p fId="1" fbTx="0.154583055" lbTx="0.15458393" tId="4" fbRx="0.154583055" lbRx="0.15458393" />
<p fId="3" fbTx="0.154682096" lbTx="0.15468218" tId="0" fbRx="0.164682096" lbRx="0.16468218" />
<p fId="0" fbTx="0.15468218" lbTx="0.154683055" tId="1" fbRx="0.15468218" lbRx="0.154683055" />
<p fId="1" fbTx="0.154683055" lbTx="0.15468393" tId="4" fbRx="0.154683055" lbRx="0.15468393" />
<p fId="3" fbTx="0.154782096" lbTx="0.15478218" tId="0" fbRx="0.164782096" lbRx="0.16478218" />
<p fId="0" fbTx="0.15478218" lbTx="0.154783055" tId="1" fbRx="0.15478218" lbRx="0.154783055" />
<p fId="1" fbTx="0.154783055" lbTx="0.15478393" tId="4" fbRx="0.154783055" lbRx="0.15478393" />
<p fId="3" fbTx="0.154882096" lbTx="0.15488218" tId="0" fbRx="0.164882096" lbRx="0.16488218" />
<p fId="0" fbTx="0.15488218" lbTx="0.154883055" tId="1" fbRx="0.15488218" lbRx="0.154883055" />
<p fId="1" fbTx="0.154883055" lbTx="0.15488393" tId="4" fbRx="0.154883055" lbRx="0.15488393" />
<p fId="3" fbTx="0.154982096" lbTx="0.15498218" tId="0" fbRx="0.164982096" lbRx="0.16498218" />
<p fId="0" fbTx="0.15498218" lbTx="0.154983055" tId="1" fbRx="0.15498218" lbRx="0.154983055" />
<p fId="1" fbTx="0.154983055" lbTx="0.15498393" tId="4" fbRx="0.154983055" lbRx="0.15498393" />
<p fId="3" fbTx="0.155082096" lbTx="0.15508218" tId="0" fbRx="0.165082096" lbRx="0.16508218" />
<p fId="0" fbTx="0.15508218" lbTx="0.155083055" tId="1" fbRx="0.15508218" lbRx="0.155083055" />
<p fId="1" fbTx="0.155083055" lbTx="0.15508393" tId="4" fbRx="0.155083055" lbRx="0.15508393" />
<p fId="3" fbTx="0.155182096" lbTx="0.15518218" tId="0" fbRx="0.165182096" lbRx="0.16518218" />
<p fId="0" fbTx="0.15518218" lbTx="0.155183055" tId="1" fbRx="0.15518218" lbRx="0.155183055" />
<p fId="1" fbTx="0.155183055" lbTx="0.15518393" tId="4" fbRx="0.155183055" lbRx="0.15518393" />
<pr uId="133" fId="4" fbTx="0.155214286" />
<wpr uId="133" tId="5" fbRx="0.155214286" lbRx="0" />
<wpr uId="133" tId="6" fbRx="0.155214286" lbRx="0" />
<p fId="3" fbTx="0.155282096" lbTx="0.15528218" tId="0" fbRx="0.165282096" lbRx="0.16528218" />
<p fId="0" fbTx="0.15528218" lbTx="0.155283055" tId="1" fbRx="0.15528218" lbRx="0.155283055" />
<p fId="1" fbTx="0.155283055" lbTx="0.15528393" tId="4" fbRx="0.155283055" lbRx="0.15528393" />
<p fId="3" fbTx="0.155382096" lbTx="0.15538218" tId="0" fbRx="0.165382096" lbRx="0.16538218" />
<p fId="0" fbTx="0.15538218" lbTx="0.155383055" tId="1" fbRx="0.15538218" lbRx="0.155383055" />
<p fId="1" fbTx="0.155383055" lbTx="0.15538393" tId="4" fbRx="0.155383055" lbRx="0.15538393" />
<p fId="3" fbTx="0.155482096" lbTx="0.15548218" tId="0" fbRx="0.165482096" lbRx="0.16548218" />
<p fId="0" fbTx="0.15548218" lbTx="0.155483055" tId="1" fbRx="0.15548218" lbRx="0.155483055" />
<p fId="1" fbTx="0.155483055" lbTx="0.15548393" tId="4" fbRx="0.155483055" lbRx="0.15548393" />
<p fId="3" fbTx="0.155582096" lbTx="0.15558218" tId="0" fbRx="0.165582096" lbRx="0.16558218" />
<p fId="0" fbTx="0.15558218" lbTx="0.155583055" tId="1" fbRx="0.15558218" lbRx="0.155583055" />
<p fId="1" fbTx="0.155583055" lbTx="0.15558393" tId="4" fbRx="0.155583055" lbRx="0.15558393" />
<p fId="3" fbTx="0.155682096" lbTx="0.15568218" tId="0" fbRx="0.165682096" lbRx="0.16568218" />
<p fId="0" fbTx="0.15568218" lbTx="0.155683055" tId="1" fbRx="0.15568218" lbRx="0.155683055" />
<p fId="1" fbTx="0.155683055" lbTx="0.15568393" tId="4" fbRx="0.155683055" lbRx="0.15568393" />
<p fId="3" fbTx="0.155782096" lbTx="0.15578218" tId="0" fbRx="0.165782096" lbRx="0.16578218" />
<p fId="0" fbTx="0.15578218" lbTx="0.155783055" tId="1" fbRx="0.15578218" lbRx="0.155783055" />
<p fId="1" fbTx="0.155783055" lbTx="0.15578393" tId="4" fbRx="0.155783055" lbRx="0.15578393" />
<p fId="3" fbTx="0.155882096" lbTx="0.15588218" tId="0" fbRx="0.165882096" lbRx="0.16588218" />
<p fId="0" fbTx="0.15588218" lbTx="0.155883055" tId="1" fbRx="0.15588218" lbRx="0.155883055" />
<p fId="1" fbTx="0.155883055" lbTx="0.15588393" tId="4" fbRx="0.155883055" lbRx="0.15588393" />
<p fId="3" fbTx="0.155982096" lbTx="0.15598218" tId="0" fbRx="0.165982096" lbRx="0.16598218" />
<p fId="0" fbTx="0.15598218" lbTx="0.155983055" tId="1" fbRx="0.15598218" lbRx="0.155983055" />
<p fId="1" fbTx="0.155983055" lbTx="0.15598393" tId="4" fbRx="0.155983055" lbRx="0.15598393" />
<p fId="3" fbTx="0.156082096" lbTx="0.15608218" tId="0" fbRx="0.166082096" lbRx="0.16608218" />
<p fId="0" fbTx="0.15608218" lbTx="0.156083055" tId="1" fbRx="0.15608218" lbRx="0.156083055" />
<p fId="1" fbTx="0.156083055" lbTx="0.15608393" tId="4" fbRx="0.156083055" lbRx="0.15608393" />
<p fId="3" fbTx="0.156182096" lbTx="0.15618218" tId="0" fbRx="0.166182096" lbRx="0.16618218" />
<p fId="0" fbTx="0.15618218" lbTx="0.156183055" tId="1" fbRx="0.15618218" lbRx="0.156183055" />
<p fId="1" fbTx="0.156183055" lbTx="0.15618393" tId="4" fbRx="0.156183055" lbRx="0.15618393" />
<pr uId="134" fId="4" fbTx="0.156214286" />
<wpr uId="134" tId="5" fbRx="0.156214286" lbRx="0" />
<wpr uId="134" tId="6" fbRx="0.156214286" lbRx="0" />
<p fId="3" fbTx="0.156282096" lbTx="0.15628218" tId="0" fbRx="0.166282096" lbRx="0.16628218" />
<p fId="0" fbTx="0.15628218" lbTx="0.156283055" tId="1" fbRx="0.15628218" lbRx="0.156283055" />
<p fId="1" fbTx="0.156283055" lbTx="0.15628393" tId="4" fbRx="0.156283055" lbRx="0.15628393" />
<p fId="3" fbTx="0.156382096" lbTx="0.15638218" tId="0" fbRx="0.166382096" lbRx="0.16638218" />
<p fId="0" fbTx="0.15638218" lbTx="0.156383055" tId="1" fbRx="0.15638218" lbRx="0.156383055" />
<p fId="1" fbTx="0.156383055" lbTx="0.15638393" tId="4" fbRx="0.156383055" lbRx="0.15638393" />
<p fId="3" fbTx="0.156482096" lbTx="0.15648218" tId="0" fbRx="0.166482096" lbRx="0.16648218" />
<p fId="0" fbTx="0.15648218" lbTx="0.156483055" tId="1" fbRx="0.15648218" lbRx="0.156483055" />
<p fId="1" fbTx="0.156483055" lbTx="0.15648393" tId="4" fbRx="0.156483055" lbRx="0.15648393" />
<p fId="3" fbTx="0.156582096" lbTx="0.15658218" tId="0" fbRx="0.166582096" lbRx="0.16658218" />
<p fId="0" fbTx="0.15658218" lbTx="0.156583055" tId="1" fbRx="0.15658218" lbRx="0.156583055" />
<p fId="1" fbTx="0.156583055" lbTx="0.15658393" tId="4" fbRx="0.156583055" lbRx="0.15658393" />
<p fId="3" fbTx="0.156682096" lbTx="0.15668218" tId="0" fbRx="0.166682096" lbRx="0.16668218" />
<p fId="0" fbTx="0.15668218" lbTx="0.156683055" tId="1" fbRx="0.15668218" lbRx="0.156683055" />
<p fId="1" fbTx="0.156683055" lbTx="0.15668393" tId="4" fbRx="0.156683055" lbRx="0.15668393" />
<p fId="3" fbTx="0.156782096" lbTx="0.15678218" tId="0" fbRx="0.166782096" lbRx="0.16678218" />
<p fId="0" fbTx="0.15678218" lbTx="0.156783055" tId="1" fbRx="0.15678218" lbRx="0.156783055" />
<p fId="1" fbTx="0.156783055" lbTx="0.15678393" tId="4" fbRx="0.156783055" lbRx="0.15678393" />
<p fId="3" fbTx="0.156882096" lbTx="0.15688218" tId="0" fbRx="0.166882096" lbRx="0.16688218" />
<p fId="0" fbTx="0.15688218" lbTx="0.156883055" tId="1" fbRx="0.15688218" lbRx="0.156883055" />
<p fId="1" fbTx="0.156883055" lbTx="0.15688393" tId="4" fbRx="0.156883055" lbRx="0.15688393" />
<p fId="3" fbTx="0.156982096" lbTx="0.15698218" tId="0" fbRx="0.166982096" lbRx="0.16698218" />
<p fId="0" fbTx="0.15698218" lbTx="0.156983055" tId="1" fbRx="0.15698218" lbRx="0.156983055" />
<p fId="1" fbTx="0.156983055" lbTx="0.15698393" tId="4" fbRx="0.156983055" lbRx="0.15698393" />
<p fId="3" fbTx="0.157082096" lbTx="0.15708218" tId="0" fbRx="0.167082096" lbRx="0.16708218" />
<p fId="0" fbTx="0.15708218" lbTx="0.157083055" tId="1" fbRx="0.15708218" lbRx="0.157083055" />
<p fId="1" fbTx="0.157083055" lbTx="0.15708393" tId="4" fbRx="0.157083055" lbRx="0.15708393" />
<p fId="3" fbTx="0.157182096" lbTx="0.15718218" tId="0" fbRx="0.167182096" lbRx="0.16718218" />
<p fId="0" fbTx="0.15718218" lbTx="0.157183055" tId="1" fbRx="0.15718218" lbRx="0.157183055" />
<p fId="1" fbTx="0.157183055" lbTx="0.15718393" tId="4" fbRx="0.157183055" lbRx="0.15718393" />
<pr uId="135" fId="4" fbTx="0.157214286" />
<wpr uId="135" tId="5" fbRx="0.157214286" lbRx="0" />
<wpr uId="135" tId="6" fbRx="0.157214286" lbRx="0" />
<p fId="3" fbTx="0.157282096" lbTx="0.15728218" tId="0" fbRx="0.167282096" lbRx="0.16728218" />
<p fId="0" fbTx="0.15728218" lbTx="0.157283055" tId="1" fbRx="0.15728218" lbRx="0.157283055" />
<p fId="1" fbTx="0.157283055" lbTx="0.15728393" tId="4" fbRx="0.157283055" lbRx="0.15728393" />
<p fId="3" fbTx="0.157382096" lbTx="0.15738218" tId="0" fbRx="0.167382096" lbRx="0.16738218" />
<p fId="0" fbTx="0.15738218" lbTx="0.157383055" tId="1" fbRx="0.15738218" lbRx="0.157383055" />
<p fId="1" fbTx="0.157383055" lbTx="0.15738393" tId="4" fbRx="0.157383055" lbRx="0.15738393" />
<p fId="3" fbTx="0.157482096" lbTx="0.15748218" tId="0" fbRx="0.167482096" lbRx="0.16748218" />
<p fId="0" fbTx="0.15748218" lbTx="0.157483055" tId="1" fbRx="0.15748218" lbRx="0.157483055" />
<p fId="1" fbTx="0.157483055" lbTx="0.15748393" tId="4" fbRx="0.157483055" lbRx="0.15748393" />
<p fId="3" fbTx="0.157582096" lbTx="0.15758218" tId="0" fbRx="0.167582096" lbRx="0.16758218" />
<p fId="0" fbTx="0.15758218" lbTx="0.157583055" tId="1" fbRx="0.15758218" lbRx="0.157583055" />
<p fId="1" fbTx="0.157583055" lbTx="0.15758393" tId="4" fbRx="0.157583055" lbRx="0.15758393" />
<p fId="3" fbTx="0.157682096" lbTx="0.15768218" tId="0" fbRx="0.167682096" lbRx="0.16768218" />
<p fId="0" fbTx="0.15768218" lbTx="0.157683055" tId="1" fbRx="0.15768218" lbRx="0.157683055" />
<p fId="1" fbTx="0.157683055" lbTx="0.15768393" tId="4" fbRx="0.157683055" lbRx="0.15768393" />
<p fId="3" fbTx="0.157782096" lbTx="0.15778218" tId="0" fbRx="0.167782096" lbRx="0.16778218" />
<p fId="0" fbTx="0.15778218" lbTx="0.157783055" tId="1" fbRx="0.15778218" lbRx="0.157783055" />
<p fId="1" fbTx="0.157783055" lbTx="0.15778393" tId="4" fbRx="0.157783055" lbRx="0.15778393" />
<p fId="3" fbTx="0.157882096" lbTx="0.15788218" tId="0" fbRx="0.167882096" lbRx="0.16788218" />
<p fId="0" fbTx="0.15788218" lbTx="0.157883055" tId="1" fbRx="0.15788218" lbRx="0.157883055" />
<p fId="1" fbTx="0.157883055" lbTx="0.15788393" tId="4" fbRx="0.157883055" lbRx="0.15788393" />
<p fId="3" fbTx="0.157982096" lbTx="0.15798218" tId="0" fbRx="0.167982096" lbRx="0.16798218" />
<p fId="0" fbTx="0.15798218" lbTx="0.157983055" tId="1" fbRx="0.15798218" lbRx="0.157983055" />
<p fId="1" fbTx="0.157983055" lbTx="0.15798393" tId="4" fbRx="0.157983055" lbRx="0.15798393" />
<p fId="3" fbTx="0.158082096" lbTx="0.15808218" tId="0" fbRx="0.168082096" lbRx="0.16808218" />
<p fId="0" fbTx="0.15808218" lbTx="0.158083055" tId="1" fbRx="0.15808218" lbRx="0.158083055" />
<p fId="1" fbTx="0.158083055" lbTx="0.15808393" tId="4" fbRx="0.158083055" lbRx="0.15808393" />
<p fId="3" fbTx="0.158182096" lbTx="0.15818218" tId="0" fbRx="0.168182096" lbRx="0.16818218" />
<p fId="0" fbTx="0.15818218" lbTx="0.158183055" tId="1" fbRx="0.15818218" lbRx="0.158183055" />
<p fId="1" fbTx="0.158183055" lbTx="0.15818393" tId="4" fbRx="0.158183055" lbRx="0.15818393" />
<pr uId="136" fId="4" fbTx="0.158214286" />
<wpr uId="136" tId="5" fbRx="0.158214286" lbRx="0" />
<wpr uId="136" tId="6" fbRx="0.158214286" lbRx="0" />
<p fId="3" fbTx="0.158282096" lbTx="0.15828218" tId="0" fbRx="0.168282096" lbRx="0.16828218" />
<p fId="0" fbTx="0.15828218" lbTx="0.158283055" tId="1" fbRx="0.15828218" lbRx="0.158283055" />
<p fId="1" fbTx="0.158283055" lbTx="0.15828393" tId="4" fbRx="0.158283055" lbRx="0.15828393" />
<p fId="3" fbTx="0.158382096" lbTx="0.15838218" tId="0" fbRx="0.168382096" lbRx="0.16838218" />
<p fId="0" fbTx="0.15838218" lbTx="0.158383055" tId="1" fbRx="0.15838218" lbRx="0.158383055" />
<p fId="1" fbTx="0.158383055" lbTx="0.15838393" tId="4" fbRx="0.158383055" lbRx="0.15838393" />
<p fId="3" fbTx="0.158482096" lbTx="0.15848218" tId="0" fbRx="0.168482096" lbRx="0.16848218" />
<p fId="0" fbTx="0.15848218" lbTx="0.158483055" tId="1" fbRx="0.15848218" lbRx="0.158483055" />
<p fId="1" fbTx="0.158483055" lbTx="0.15848393" tId="4" fbRx="0.158483055" lbRx="0.15848393" />
<p fId="3" fbTx="0.158582096" lbTx="0.15858218" tId="0" fbRx="0.168582096" lbRx="0.16858218" />
<p fId="0" fbTx="0.15858218" lbTx="0.158583055" tId="1" fbRx="0.15858218" lbRx="0.158583055" />
<p fId="1" fbTx="0.158583055" lbTx="0.15858393" tId="4" fbRx="0.158583055" lbRx="0.15858393" />
<p fId="3" fbTx="0.158682096" lbTx="0.15868218" tId="0" fbRx="0.168682096" lbRx="0.16868218" />
<p fId="0" fbTx="0.15868218" lbTx="0.158683055" tId="1" fbRx="0.15868218" lbRx="0.158683055" />
<p fId="1" fbTx="0.158683055" lbTx="0.15868393" tId="4" fbRx="0.158683055" lbRx="0.15868393" />
<p fId="3" fbTx="0.158782096" lbTx="0.15878218" tId="0" fbRx="0.168782096" lbRx="0.16878218" />
<p fId="0" fbTx="0.15878218" lbTx="0.158783055" tId="1" fbRx="0.15878218" lbRx="0.158783055" />
<p fId="1" fbTx="0.158783055" lbTx="0.15878393" tId="4" fbRx="0.158783055" lbRx="0.15878393" />
<p fId="3" fbTx="0.158882096" lbTx="0.15888218" tId="0" fbRx="0.168882096" lbRx="0.16888218" />
<p fId="0" fbTx="0.15888218" lbTx="0.158883055" tId="1" fbRx="0.15888218" lbRx="0.158883055" />
<p fId="1" fbTx="0.158883055" lbTx="0.15888393" tId="4" fbRx="0.158883055" lbRx="0.15888393" />
<p fId="3" fbTx="0.158982096" lbTx="0.15898218" tId="0" fbRx="0.168982096" lbRx="0.16898218" />
<p fId="0" fbTx="0.15898218" lbTx="0.158983055" tId="1" fbRx="0.15898218" lbRx="0.158983055" />
<p fId="1" fbTx="0.158983055" lbTx="0.15898393" tId="4" fbRx="0.158983055" lbRx="0.15898393" />
<p fId="3" fbTx="0.159082096" lbTx="0.15908218" tId="0" fbRx="0.169082096" lbRx="0.16908218" />
<p fId="0" fbTx="0.15908218" lbTx="0.159083055" tId="1" fbRx="0.15908218" lbRx="0.159083055" />
<p fId="1" fbTx="0.159083055" lbTx="0.15908393" tId="4" fbRx="0.159083055" lbRx="0.15908393" />
<p fId="3" fbTx="0.159182096" lbTx="0.15918218" tId="0" fbRx="0.169182096" lbRx="0.16918218" />
<p fId="0" fbTx="0.15918218" lbTx="0.159183055" tId="1" fbRx="0.15918218" lbRx="0.159183055" />
<p fId="1" fbTx="0.159183055" lbTx="0.15918393" tId="4" fbRx="0.159183055" lbRx="0.15918393" />
<pr uId="137" fId="4" fbTx="0.159214286" />
<wpr uId="137" tId="5" fbRx="0.159214286" lbRx="0" />
<wpr uId="137" tId="6" fbRx="0.159214286" lbRx="0" />
<p fId="3" fbTx="0.159282096" lbTx="0.15928218" tId="0" fbRx="0.169282096" lbRx="0.16928218" />
<p fId="0" fbTx="0.15928218" lbTx="0.159283055" tId="1" fbRx="0.15928218" lbRx="0.159283055" />
<p fId="1" fbTx="0.159283055" lbTx="0.15928393" tId="4" fbRx="0.159283055" lbRx="0.15928393" />
<p fId="3" fbTx="0.159382096" lbTx="0.15938218" tId="0" fbRx="0.169382096" lbRx="0.16938218" />
<p fId="0" fbTx="0.15938218" lbTx="0.159383055" tId="1" fbRx="0.15938218" lbRx="0.159383055" />
<p fId="1" fbTx="0.159383055" lbTx="0.15938393" tId="4" fbRx="0.159383055" lbRx="0.15938393" />
<p fId="3" fbTx="0.159482096" lbTx="0.15948218" tId="0" fbRx="0.169482096" lbRx="0.16948218" />
<p fId="0" fbTx="0.15948218" lbTx="0.159483055" tId="1" fbRx="0.15948218" lbRx="0.159483055" />
<p fId="1" fbTx="0.159483055" lbTx="0.15948393" tId="4" fbRx="0.159483055" lbRx="0.15948393" />
<p fId="3" fbTx="0.159582096" lbTx="0.15958218" tId="0" fbRx="0.169582096" lbRx="0.16958218" />
<p fId="0" fbTx="0.15958218" lbTx="0.159583055" tId="1" fbRx="0.15958218" lbRx="0.159583055" />
<p fId="1" fbTx="0.159583055" lbTx="0.15958393" tId="4" fbRx="0.159583055" lbRx="0.15958393" />
<p fId="3" fbTx="0.159682096" lbTx="0.15968218" tId="0" fbRx="0.169682096" lbRx="0.16968218" />
<p fId="0" fbTx="0.15968218" lbTx="0.159683055" tId="1" fbRx="0.15968218" lbRx="0.159683055" />
<p fId="1" fbTx="0.159683055" lbTx="0.15968393" tId="4" fbRx="0.159683055" lbRx="0.15968393" />
<p fId="3" fbTx="0.159782096" lbTx="0.15978218" tId="0" fbRx="0.169782096" lbRx="0.16978218" />
<p fId="0" fbTx="0.15978218" lbTx="0.159783055" tId="1" fbRx="0.15978218" lbRx="0.159783055" />
<p fId="1" fbTx="0.159783055" lbTx="0.15978393" tId="4" fbRx="0.159783055" lbRx="0.15978393" />
<p fId="3" fbTx="0.159882096" lbTx="0.15988218" tId="0" fbRx="0.169882096" lbRx="0.16988218" />
<p fId="0" fbTx="0.15988218" lbTx="0.159883055" tId="1" fbRx="0.15988218" lbRx="0.159883055" />
<p fId="1" fbTx="0.159883055" lbTx="0.15988393" tId="4" fbRx="0.159883055" lbRx="0.15988393" />
<p fId="3" fbTx="0.159982096" lbTx="0.15998218" tId="0" fbRx="0.169982096" lbRx="0.16998218" />
<p fId="0" fbTx="0.15998218" lbTx="0.159983055" tId="1" fbRx="0.15998218" lbRx="0.159983055" />
<p fId="1" fbTx="0.159983055" lbTx="0.15998393" tId="4" fbRx="0.159983055" lbRx="0.15998393" />
<p fId="3" fbTx="0.160082096" lbTx="0.16008218" tId="0" fbRx="0.170082096" lbRx="0.17008218" />
<p fId="0" fbTx="0.16008218" lbTx="0.160083055" tId="1" fbRx="0.16008218" lbRx="0.160083055" />
<p fId="1" fbTx="0.160083055" lbTx="0.16008393" tId="4" fbRx="0.160083055" lbRx="0.16008393" />
<p fId="3" fbTx="0.160182096" lbTx="0.16018218" tId="0" fbRx="0.170182096" lbRx="0.17018218" />
<p fId="0" fbTx="0.16018218" lbTx="0.160183055" tId="1" fbRx="0.16018218" lbRx="0.160183055" />
<p fId="1" fbTx="0.160183055" lbTx="0.16018393" tId="4" fbRx="0.160183055" lbRx="0.16018393" />
<pr uId="138" fId="4" fbTx="0.160214286" />
<wpr uId="138" tId="5" fbRx="0.160214286" lbRx="0" />
<wpr uId="138" tId="6" fbRx="0.160214286" lbRx="0" />
<p fId="3" fbTx="0.160282096" lbTx="0.16028218" tId="0" fbRx="0.170282096" lbRx="0.17028218" />
<p fId="0" fbTx="0.16028218" lbTx="0.160283055" tId="1" fbRx="0.16028218" lbRx="0.160283055" />
<p fId="1" fbTx="0.160283055" lbTx="0.16028393" tId="4" fbRx="0.160283055" lbRx="0.16028393" />
<p fId="3" fbTx="0.160382096" lbTx="0.16038218" tId="0" fbRx="0.170382096" lbRx="0.17038218" />
<p fId="0" fbTx="0.16038218" lbTx="0.160383055" tId="1" fbRx="0.16038218" lbRx="0.160383055" />
<p fId="1" fbTx="0.160383055" lbTx="0.16038393" tId="4" fbRx="0.160383055" lbRx="0.16038393" />
<p fId="3" fbTx="0.160482096" lbTx="0.16048218" tId="0" fbRx="0.170482096" lbRx="0.17048218" />
<p fId="0" fbTx="0.16048218" lbTx="0.160483055" tId="1" fbRx="0.16048218" lbRx="0.160483055" />
<p fId="1" fbTx="0.160483055" lbTx="0.16048393" tId="4" fbRx="0.160483055" lbRx="0.16048393" />
<p fId="3" fbTx="0.160582096" lbTx="0.16058218" tId="0" fbRx="0.170582096" lbRx="0.17058218" />
<p fId="0" fbTx="0.16058218" lbTx="0.160583055" tId="1" fbRx="0.16058218" lbRx="0.160583055" />
<p fId="1" fbTx="0.160583055" lbTx="0.16058393" tId="4" fbRx="0.160583055" lbRx="0.16058393" />
<p fId="3" fbTx="0.160682096" lbTx="0.16068218" tId="0" fbRx="0.170682096" lbRx="0.17068218" />
<p fId="0" fbTx="0.16068218" lbTx="0.160683055" tId="1" fbRx="0.16068218" lbRx="0.160683055" />
<p fId="1" fbTx="0.160683055" lbTx="0.16068393" tId="4" fbRx="0.160683055" lbRx="0.16068393" />
<p fId="3" fbTx="0.160782096" lbTx="0.16078218" tId="0" fbRx="0.170782096" lbRx="0.17078218" />
<p fId="0" fbTx="0.16078218" lbTx="0.160783055" tId="1" fbRx="0.16078218" lbRx="0.160783055" />
<p fId="1" fbTx="0.160783055" lbTx="0.16078393" tId="4" fbRx="0.160783055" lbRx="0.16078393" />
<p fId="3" fbTx="0.160882096" lbTx="0.16088218" tId="0" fbRx="0.170882096" lbRx="0.17088218" />
<p fId="0" fbTx="0.16088218" lbTx="0.160883055" tId="1" fbRx="0.16088218" lbRx="0.160883055" />
<p fId="1" fbTx="0.160883055" lbTx="0.16088393" tId="4" fbRx="0.160883055" lbRx="0.16088393" />
<p fId="3" fbTx="0.160982096" lbTx="0.16098218" tId="0" fbRx="0.170982096" lbRx="0.17098218" />
<p fId="0" fbTx="0.16098218" lbTx="0.160983055" tId="1" fbRx="0.16098218" lbRx="0.160983055" />
<p fId="1" fbTx="0.160983055" lbTx="0.16098393" tId="4" fbRx="0.160983055" lbRx="0.16098393" />
<p fId="3" fbTx="0.161082096" lbTx="0.16108218" tId="0" fbRx="0.171082096" lbRx="0.17108218" />
<p fId="0" fbTx="0.16108218" lbTx="0.161083055" tId="1" fbRx="0.16108218" lbRx="0.161083055" />
<p fId="1" fbTx="0.161083055" lbTx="0.16108393" tId="4" fbRx="0.161083055" lbRx="0.16108393" />
<p fId="3" fbTx="0.161182096" lbTx="0.16118218" tId="0" fbRx="0.171182096" lbRx="0.17118218" />
<p fId="0" fbTx="0.16118218" lbTx="0.161183055" tId="1" fbRx="0.16118218" lbRx="0.161183055" />
<p fId="1" fbTx="0.161183055" lbTx="0.16118393" tId="4" fbRx="0.161183055" lbRx="0.16118393" />
<pr uId="139" fId="4" fbTx="0.161214286" />
<wpr uId="139" tId="5" fbRx="0.161214286" lbRx="0" />
<wpr uId="139" tId="6" fbRx="0.161214286" lbRx="0" />
<p fId="3" fbTx="0.161282096" lbTx="0.16128218" tId="0" fbRx="0.171282096" lbRx="0.17128218" />
<p fId="0" fbTx="0.16128218" lbTx="0.161283055" tId="1" fbRx="0.16128218" lbRx="0.161283055" />
<p fId="1" fbTx="0.161283055" lbTx="0.16128393" tId="4" fbRx="0.161283055" lbRx="0.16128393" />
<p fId="3" fbTx="0.161382096" lbTx="0.16138218" tId="0" fbRx="0.171382096" lbRx="0.17138218" />
<p fId="0" fbTx="0.16138218" lbTx="0.161383055" tId="1" fbRx="0.16138218" lbRx="0.161383055" />
<p fId="1" fbTx="0.161383055" lbTx="0.16138393" tId="4" fbRx="0.161383055" lbRx="0.16138393" />
<p fId="3" fbTx="0.161482096" lbTx="0.16148218" tId="0" fbRx="0.171482096" lbRx="0.17148218" />
<p fId="0" fbTx="0.16148218" lbTx="0.161483055" tId="1" fbRx="0.16148218" lbRx="0.161483055" />
<p fId="1" fbTx="0.161483055" lbTx="0.16148393" tId="4" fbRx="0.161483055" lbRx="0.16148393" />
<p fId="3" fbTx="0.161582096" lbTx="0.16158218" tId="0" fbRx="0.171582096" lbRx="0.17158218" />
<p fId="0" fbTx="0.16158218" lbTx="0.161583055" tId="1" fbRx="0.16158218" lbRx="0.161583055" />
<p fId="1" fbTx="0.161583055" lbTx="0.16158393" tId="4" fbRx="0.161583055" lbRx="0.16158393" />
<p fId="3" fbTx="0.161682096" lbTx="0.16168218" tId="0" fbRx="0.171682096" lbRx="0.17168218" />
<p fId="0" fbTx="0.16168218" lbTx="0.161683055" tId="1" fbRx="0.16168218" lbRx="0.161683055" />
<p fId="1" fbTx="0.161683055" lbTx="0.16168393" tId="4" fbRx="0.161683055" lbRx="0.16168393" />
<p fId="3" fbTx="0.161782096" lbTx="0.16178218" tId="0" fbRx="0.171782096" lbRx="0.17178218" />
<p fId="0" fbTx="0.16178218" lbTx="0.161783055" tId="1" fbRx="0.16178218" lbRx="0.161783055" />
<p fId="1" fbTx="0.161783055" lbTx="0.16178393" tId="4" fbRx="0.161783055" lbRx="0.16178393" />
<p fId="3" fbTx="0.161882096" lbTx="0.16188218" tId="0" fbRx="0.171882096" lbRx="0.17188218" />
<p fId="0" fbTx="0.16188218" lbTx="0.161883055" tId="1" fbRx="0.16188218" lbRx="0.161883055" />
<p fId="1" fbTx="0.161883055" lbTx="0.16188393" tId="4" fbRx="0.161883055" lbRx="0.16188393" />
<p fId="3" fbTx="0.161982096" lbTx="0.16198218" tId="0" fbRx="0.171982096" lbRx="0.17198218" />
<p fId="0" fbTx="0.16198218" lbTx="0.161983055" tId="1" fbRx="0.16198218" lbRx="0.161983055" />
<p fId="1" fbTx="0.161983055" lbTx="0.16198393" tId="4" fbRx="0.161983055" lbRx="0.16198393" />
<p fId="3" fbTx="0.162082096" lbTx="0.16208218" tId="0" fbRx="0.172082096" lbRx="0.17208218" />
<p fId="0" fbTx="0.16208218" lbTx="0.162083055" tId="1" fbRx="0.16208218" lbRx="0.162083055" />
<p fId="1" fbTx="0.162083055" lbTx="0.16208393" tId="4" fbRx="0.162083055" lbRx="0.16208393" />
<p fId="3" fbTx="0.162182096" lbTx="0.16218218" tId="0" fbRx="0.172182096" lbRx="0.17218218" />
<p fId="0" fbTx="0.16218218" lbTx="0.162183055" tId="1" fbRx="0.16218218" lbRx="0.162183055" />
<p fId="1" fbTx="0.162183055" lbTx="0.16218393" tId="4" fbRx="0.162183055" lbRx="0.16218393" />
<pr uId="140" fId="4" fbTx="0.162214286" />
<wpr uId="140" tId="5" fbRx="0.162214286" lbRx="0" />
<wpr uId="140" tId="6" fbRx="0.162214286" lbRx="0" />
<p fId="3" fbTx="0.162282096" lbTx="0.16228218" tId="0" fbRx="0.172282096" lbRx="0.17228218" />
<p fId="0" fbTx="0.16228218" lbTx="0.162283055" tId="1" fbRx="0.16228218" lbRx="0.162283055" />
<p fId="1" fbTx="0.162283055" lbTx="0.16228393" tId="4" fbRx="0.162283055" lbRx="0.16228393" />
<p fId="3" fbTx="0.162382096" lbTx="0.16238218" tId="0" fbRx="0.172382096" lbRx="0.17238218" />
<p fId="0" fbTx="0.16238218" lbTx="0.162383055" tId="1" fbRx="0.16238218" lbRx="0.162383055" />
<p fId="1" fbTx="0.162383055" lbTx="0.16238393" tId="4" fbRx="0.162383055" lbRx="0.16238393" />
<p fId="3" fbTx="0.162482096" lbTx="0.16248218" tId="0" fbRx="0.172482096" lbRx="0.17248218" />
<p fId="0" fbTx="0.16248218" lbTx="0.162483055" tId="1" fbRx="0.16248218" lbRx="0.162483055" />
<p fId="1" fbTx="0.162483055" lbTx="0.16248393" tId="4" fbRx="0.162483055" lbRx="0.16248393" />
<p fId="3" fbTx="0.162582096" lbTx="0.16258218" tId="0" fbRx="0.172582096" lbRx="0.17258218" />
<p fId="0" fbTx="0.16258218" lbTx="0.162583055" tId="1" fbRx="0.16258218" lbRx="0.162583055" />
<p fId="1" fbTx="0.162583055" lbTx="0.16258393" tId="4" fbRx="0.162583055" lbRx="0.16258393" />
<p fId="3" fbTx="0.162682096" lbTx="0.16268218" tId="0" fbRx="0.172682096" lbRx="0.17268218" />
<p fId="0" fbTx="0.16268218" lbTx="0.162683055" tId="1" fbRx="0.16268218" lbRx="0.162683055" />
<p fId="1" fbTx="0.162683055" lbTx="0.16268393" tId="4" fbRx="0.162683055" lbRx="0.16268393" />
<p fId="3" fbTx="0.162782096" lbTx="0.16278218" tId="0" fbRx="0.172782096" lbRx="0.17278218" />
<p fId="0" fbTx="0.16278218" lbTx="0.162783055" tId="1" fbRx="0.16278218" lbRx="0.162783055" />
<p fId="1" fbTx="0.162783055" lbTx="0.16278393" tId="4" fbRx="0.162783055" lbRx="0.16278393" />
<p fId="3" fbTx="0.162882096" lbTx="0.16288218" tId="0" fbRx="0.172882096" lbRx="0.17288218" />
<p fId="0" fbTx="0.16288218" lbTx="0.162883055" tId="1" fbRx="0.16288218" lbRx="0.162883055" />
<p fId="1" fbTx="0.162883055" lbTx="0.16288393" tId="4" fbRx="0.162883055" lbRx="0.16288393" />
<p fId="3" fbTx="0.162982096" lbTx="0.16298218" tId="0" fbRx="0.172982096" lbRx="0.17298218" />
<p fId="0" fbTx="0.16298218" lbTx="0.162983055" tId="1" fbRx="0.16298218" lbRx="0.162983055" />
<p fId="1" fbTx="0.162983055" lbTx="0.16298393" tId="4" fbRx="0.162983055" lbRx="0.16298393" />
<p fId="3" fbTx="0.163082096" lbTx="0.16308218" tId="0" fbRx="0.173082096" lbRx="0.17308218" />
<p fId="0" fbTx="0.16308218" lbTx="0.163083055" tId="1" fbRx="0.16308218" lbRx="0.163083055" />
<p fId="1" fbTx="0.163083055" lbTx="0.16308393" tId="4" fbRx="0.163083055" lbRx="0.16308393" />
<p fId="3" fbTx="0.163182096" lbTx="0.16318218" tId="0" fbRx="0.173182096" lbRx="0.17318218" />
<p fId="0" fbTx="0.16318218" lbTx="0.163183055" tId="1" fbRx="0.16318218" lbRx="0.163183055" />
<p fId="1" fbTx="0.163183055" lbTx="0.16318393" tId="4" fbRx="0.163183055" lbRx="0.16318393" />
<pr uId="141" fId="4" fbTx="0.163214286" />
<wpr uId="141" tId="5" fbRx="0.163214286" lbRx="0" />
<wpr uId="141" tId="6" fbRx="0.163214286" lbRx="0" />
<p fId="3" fbTx="0.163282096" lbTx="0.16328218" tId="0" fbRx="0.173282096" lbRx="0.17328218" />
<p fId="0" fbTx="0.16328218" lbTx="0.163283055" tId="1" fbRx="0.16328218" lbRx="0.163283055" />
<p fId="1" fbTx="0.163283055" lbTx="0.16328393" tId="4" fbRx="0.163283055" lbRx="0.16328393" />
<p fId="3" fbTx="0.163382096" lbTx="0.16338218" tId="0" fbRx="0.173382096" lbRx="0.17338218" />
<p fId="0" fbTx="0.16338218" lbTx="0.163383055" tId="1" fbRx="0.16338218" lbRx="0.163383055" />
<p fId="1" fbTx="0.163383055" lbTx="0.16338393" tId="4" fbRx="0.163383055" lbRx="0.16338393" />
<p fId="3" fbTx="0.163482096" lbTx="0.16348218" tId="0" fbRx="0.173482096" lbRx="0.17348218" />
<p fId="0" fbTx="0.16348218" lbTx="0.163483055" tId="1" fbRx="0.16348218" lbRx="0.163483055" />
<p fId="1" fbTx="0.163483055" lbTx="0.16348393" tId="4" fbRx="0.163483055" lbRx="0.16348393" />
<p fId="3" fbTx="0.163582096" lbTx="0.16358218" tId="0" fbRx="0.173582096" lbRx="0.17358218" />
<p fId="0" fbTx="0.16358218" lbTx="0.163583055" tId="1" fbRx="0.16358218" lbRx="0.163583055" />
<p fId="1" fbTx="0.163583055" lbTx="0.16358393" tId="4" fbRx="0.163583055" lbRx="0.16358393" />
<p fId="3" fbTx="0.163682096" lbTx="0.16368218" tId="0" fbRx="0.173682096" lbRx="0.17368218" />
<p fId="0" fbTx="0.16368218" lbTx="0.163683055" tId="1" fbRx="0.16368218" lbRx="0.163683055" />
<p fId="1" fbTx="0.163683055" lbTx="0.16368393" tId="4" fbRx="0.163683055" lbRx="0.16368393" />
<p fId="3" fbTx="0.163782096" lbTx="0.16378218" tId="0" fbRx="0.173782096" lbRx="0.17378218" />
<p fId="0" fbTx="0.16378218" lbTx="0.163783055" tId="1" fbRx="0.16378218" lbRx="0.163783055" />
<p fId="1" fbTx="0.163783055" lbTx="0.16378393" tId="4" fbRx="0.163783055" lbRx="0.16378393" />
<p fId="3" fbTx="0.163882096" lbTx="0.16388218" tId="0" fbRx="0.173882096" lbRx="0.17388218" />
<p fId="0" fbTx="0.16388218" lbTx="0.163883055" tId="1" fbRx="0.16388218" lbRx="0.163883055" />
<p fId="1" fbTx="0.163883055" lbTx="0.16388393" tId="4" fbRx="0.163883055" lbRx="0.16388393" />
<p fId="3" fbTx="0.163982096" lbTx="0.16398218" tId="0" fbRx="0.173982096" lbRx="0.17398218" />
<p fId="0" fbTx="0.16398218" lbTx="0.163983055" tId="1" fbRx="0.16398218" lbRx="0.163983055" />
<p fId="1" fbTx="0.163983055" lbTx="0.16398393" tId="4" fbRx="0.163983055" lbRx="0.16398393" />
<p fId="3" fbTx="0.164082096" lbTx="0.16408218" tId="0" fbRx="0.174082096" lbRx="0.17408218" />
<p fId="0" fbTx="0.16408218" lbTx="0.164083055" tId="1" fbRx="0.16408218" lbRx="0.164083055" />
<p fId="1" fbTx="0.164083055" lbTx="0.16408393" tId="4" fbRx="0.164083055" lbRx="0.16408393" />
<p fId="3" fbTx="0.164182096" lbTx="0.16418218" tId="0" fbRx="0.174182096" lbRx="0.17418218" />
<p fId="0" fbTx="0.16418218" lbTx="0.164183055" tId="1" fbRx="0.16418218" lbRx="0.164183055" />
<p fId="1" fbTx="0.164183055" lbTx="0.16418393" tId="4" fbRx="0.164183055" lbRx="0.16418393" />
<pr uId="142" fId="4" fbTx="0.164214286" />
<wpr uId="142" tId="5" fbRx="0.164214286" lbRx="0" />
<wpr uId="142" tId="6" fbRx="0.164214286" lbRx="0" />
<p fId="3" fbTx="0.164282096" lbTx="0.16428218" tId="0" fbRx="0.174282096" lbRx="0.17428218" />
<p fId="0" fbTx="0.16428218" lbTx="0.164283055" tId="1" fbRx="0.16428218" lbRx="0.164283055" />
<p fId="1" fbTx="0.164283055" lbTx="0.16428393" tId="4" fbRx="0.164283055" lbRx="0.16428393" />
<p fId="3" fbTx="0.164382096" lbTx="0.16438218" tId="0" fbRx="0.174382096" lbRx="0.17438218" />
<p fId="0" fbTx="0.16438218" lbTx="0.164383055" tId="1" fbRx="0.16438218" lbRx="0.164383055" />
<p fId="1" fbTx="0.164383055" lbTx="0.16438393" tId="4" fbRx="0.164383055" lbRx="0.16438393" />
<p fId="3" fbTx="0.164482096" lbTx="0.16448218" tId="0" fbRx="0.174482096" lbRx="0.17448218" />
<p fId="0" fbTx="0.16448218" lbTx="0.164483055" tId="1" fbRx="0.16448218" lbRx="0.164483055" />
<p fId="1" fbTx="0.164483055" lbTx="0.16448393" tId="4" fbRx="0.164483055" lbRx="0.16448393" />
<p fId="3" fbTx="0.164582096" lbTx="0.16458218" tId="0" fbRx="0.174582096" lbRx="0.17458218" />
<p fId="0" fbTx="0.16458218" lbTx="0.164583055" tId="1" fbRx="0.16458218" lbRx="0.164583055" />
<p fId="1" fbTx="0.164583055" lbTx="0.16458393" tId="4" fbRx="0.164583055" lbRx="0.16458393" />
<p fId="3" fbTx="0.164682096" lbTx="0.16468218" tId="0" fbRx="0.174682096" lbRx="0.17468218" />
<p fId="0" fbTx="0.16468218" lbTx="0.164683055" tId="1" fbRx="0.16468218" lbRx="0.164683055" />
<p fId="1" fbTx="0.164683055" lbTx="0.16468393" tId="4" fbRx="0.164683055" lbRx="0.16468393" />
<p fId="3" fbTx="0.164782096" lbTx="0.16478218" tId="0" fbRx="0.174782096" lbRx="0.17478218" />
<p fId="0" fbTx="0.16478218" lbTx="0.164783055" tId="1" fbRx="0.16478218" lbRx="0.164783055" />
<p fId="1" fbTx="0.164783055" lbTx="0.16478393" tId="4" fbRx="0.164783055" lbRx="0.16478393" />
<p fId="3" fbTx="0.164882096" lbTx="0.16488218" tId="0" fbRx="0.174882096" lbRx="0.17488218" />
<p fId="0" fbTx="0.16488218" lbTx="0.164883055" tId="1" fbRx="0.16488218" lbRx="0.164883055" />
<p fId="1" fbTx="0.164883055" lbTx="0.16488393" tId="4" fbRx="0.164883055" lbRx="0.16488393" />
<p fId="3" fbTx="0.164982096" lbTx="0.16498218" tId="0" fbRx="0.174982096" lbRx="0.17498218" />
<p fId="0" fbTx="0.16498218" lbTx="0.164983055" tId="1" fbRx="0.16498218" lbRx="0.164983055" />
<p fId="1" fbTx="0.164983055" lbTx="0.16498393" tId="4" fbRx="0.164983055" lbRx="0.16498393" />
<p fId="3" fbTx="0.165082096" lbTx="0.16508218" tId="0" fbRx="0.175082096" lbRx="0.17508218" />
<p fId="0" fbTx="0.16508218" lbTx="0.165083055" tId="1" fbRx="0.16508218" lbRx="0.165083055" />
<p fId="1" fbTx="0.165083055" lbTx="0.16508393" tId="4" fbRx="0.165083055" lbRx="0.16508393" />
<p fId="3" fbTx="0.165182096" lbTx="0.16518218" tId="0" fbRx="0.175182096" lbRx="0.17518218" />
<p fId="0" fbTx="0.16518218" lbTx="0.165183055" tId="1" fbRx="0.16518218" lbRx="0.165183055" />
<p fId="1" fbTx="0.165183055" lbTx="0.16518393" tId="4" fbRx="0.165183055" lbRx="0.16518393" />
<pr uId="143" fId="4" fbTx="0.165214286" />
<wpr uId="143" tId="5" fbRx="0.165214286" lbRx="0" />
<wpr uId="143" tId="6" fbRx="0.165214286" lbRx="0" />
<p fId="3" fbTx="0.165282096" lbTx="0.16528218" tId="0" fbRx="0.175282096" lbRx="0.17528218" />
<p fId="0" fbTx="0.16528218" lbTx="0.165283055" tId="1" fbRx="0.16528218" lbRx="0.165283055" />
<p fId="1" fbTx="0.165283055" lbTx="0.16528393" tId="4" fbRx="0.165283055" lbRx="0.16528393" />
<p fId="3" fbTx="0.165382096" lbTx="0.16538218" tId="0" fbRx="0.175382096" lbRx="0.17538218" />
<p fId="0" fbTx="0.16538218" lbTx="0.165383055" tId="1" fbRx="0.16538218" lbRx="0.165383055" />
<p fId="1" fbTx="0.165383055" lbTx="0.16538393" tId="4" fbRx="0.165383055" lbRx="0.16538393" />
<p fId="3" fbTx="0.165482096" lbTx="0.16548218" tId="0" fbRx="0.175482096" lbRx="0.17548218" />
<p fId="0" fbTx="0.16548218" lbTx="0.165483055" tId="1" fbRx="0.16548218" lbRx="0.165483055" />
<p fId="1" fbTx="0.165483055" lbTx="0.16548393" tId="4" fbRx="0.165483055" lbRx="0.16548393" />
<p fId="3" fbTx="0.165582096" lbTx="0.16558218" tId="0" fbRx="0.175582096" lbRx="0.17558218" />
<p fId="0" fbTx="0.16558218" lbTx="0.165583055" tId="1" fbRx="0.16558218" lbRx="0.165583055" />
<p fId="1" fbTx="0.165583055" lbTx="0.16558393" tId="4" fbRx="0.165583055" lbRx="0.16558393" />
<p fId="3" fbTx="0.165682096" lbTx="0.16568218" tId="0" fbRx="0.175682096" lbRx="0.17568218" />
<p fId="0" fbTx="0.16568218" lbTx="0.165683055" tId="1" fbRx="0.16568218" lbRx="0.165683055" />
<p fId="1" fbTx="0.165683055" lbTx="0.16568393" tId="4" fbRx="0.165683055" lbRx="0.16568393" />
<p fId="3" fbTx="0.165782096" lbTx="0.16578218" tId="0" fbRx="0.175782096" lbRx="0.17578218" />
<p fId="0" fbTx="0.16578218" lbTx="0.165783055" tId="1" fbRx="0.16578218" lbRx="0.165783055" />
<p fId="1" fbTx="0.165783055" lbTx="0.16578393" tId="4" fbRx="0.165783055" lbRx="0.16578393" />
<p fId="3" fbTx="0.165882096" lbTx="0.16588218" tId="0" fbRx="0.175882096" lbRx="0.17588218" />
<p fId="0" fbTx="0.16588218" lbTx="0.165883055" tId="1" fbRx="0.16588218" lbRx="0.165883055" />
<p fId="1" fbTx="0.165883055" lbTx="0.16588393" tId="4" fbRx="0.165883055" lbRx="0.16588393" />
<p fId="3" fbTx="0.165982096" lbTx="0.16598218" tId="0" fbRx="0.175982096" lbRx="0.17598218" />
<p fId="0" fbTx="0.16598218" lbTx="0.165983055" tId="1" fbRx="0.16598218" lbRx="0.165983055" />
<p fId="1" fbTx="0.165983055" lbTx="0.16598393" tId="4" fbRx="0.165983055" lbRx="0.16598393" />
<p fId="3" fbTx="0.166082096" lbTx="0.16608218" tId="0" fbRx="0.176082096" lbRx="0.17608218" />
<p fId="0" fbTx="0.16608218" lbTx="0.166083055" tId="1" fbRx="0.16608218" lbRx="0.166083055" />
<p fId="1" fbTx="0.166083055" lbTx="0.16608393" tId="4" fbRx="0.166083055" lbRx="0.16608393" />
<p fId="3" fbTx="0.166182096" lbTx="0.16618218" tId="0" fbRx="0.176182096" lbRx="0.17618218" />
<p fId="0" fbTx="0.16618218" lbTx="0.166183055" tId="1" fbRx="0.16618218" lbRx="0.166183055" />
<p fId="1" fbTx="0.166183055" lbTx="0.16618393" tId="4" fbRx="0.166183055" lbRx="0.16618393" />
<pr uId="144" fId="4" fbTx="0.166214286" />
<wpr uId="144" tId="5" fbRx="0.166214286" lbRx="0" />
<wpr uId="144" tId="6" fbRx="0.166214286" lbRx="0" />
<p fId="3" fbTx="0.166282096" lbTx="0.16628218" tId="0" fbRx="0.176282096" lbRx="0.17628218" />
<p fId="0" fbTx="0.16628218" lbTx="0.166283055" tId="1" fbRx="0.16628218" lbRx="0.166283055" />
<p fId="1" fbTx="0.166283055" lbTx="0.16628393" tId="4" fbRx="0.166283055" lbRx="0.16628393" />
<p fId="3" fbTx="0.166382096" lbTx="0.16638218" tId="0" fbRx="0.176382096" lbRx="0.17638218" />
<p fId="0" fbTx="0.16638218" lbTx="0.166383055" tId="1" fbRx="0.16638218" lbRx="0.166383055" />
<p fId="1" fbTx="0.166383055" lbTx="0.16638393" tId="4" fbRx="0.166383055" lbRx="0.16638393" />
<p fId="3" fbTx="0.166482096" lbTx="0.16648218" tId="0" fbRx="0.176482096" lbRx="0.17648218" />
<p fId="0" fbTx="0.16648218" lbTx="0.166483055" tId="1" fbRx="0.16648218" lbRx="0.166483055" />
<p fId="1" fbTx="0.166483055" lbTx="0.16648393" tId="4" fbRx="0.166483055" lbRx="0.16648393" />
<p fId="3" fbTx="0.166582096" lbTx="0.16658218" tId="0" fbRx="0.176582096" lbRx="0.17658218" />
<p fId="0" fbTx="0.16658218" lbTx="0.166583055" tId="1" fbRx="0.16658218" lbRx="0.166583055" />
<p fId="1" fbTx="0.166583055" lbTx="0.16658393" tId="4" fbRx="0.166583055" lbRx="0.16658393" />
<p fId="3" fbTx="0.166682096" lbTx="0.16668218" tId="0" fbRx="0.176682096" lbRx="0.17668218" />
<p fId="0" fbTx="0.16668218" lbTx="0.166683055" tId="1" fbRx="0.16668218" lbRx="0.166683055" />
<p fId="1" fbTx="0.166683055" lbTx="0.16668393" tId="4" fbRx="0.166683055" lbRx="0.16668393" />
<p fId="3" fbTx="0.166782096" lbTx="0.16678218" tId="0" fbRx="0.176782096" lbRx="0.17678218" />
<p fId="0" fbTx="0.16678218" lbTx="0.166783055" tId="1" fbRx="0.16678218" lbRx="0.166783055" />
<p fId="1" fbTx="0.166783055" lbTx="0.16678393" tId="4" fbRx="0.166783055" lbRx="0.16678393" />
<p fId="3" fbTx="0.166882096" lbTx="0.16688218" tId="0" fbRx="0.176882096" lbRx="0.17688218" />
<p fId="0" fbTx="0.16688218" lbTx="0.166883055" tId="1" fbRx="0.16688218" lbRx="0.166883055" />
<p fId="1" fbTx="0.166883055" lbTx="0.16688393" tId="4" fbRx="0.166883055" lbRx="0.16688393" />
<p fId="3" fbTx="0.166982096" lbTx="0.16698218" tId="0" fbRx="0.176982096" lbRx="0.17698218" />
<p fId="0" fbTx="0.16698218" lbTx="0.166983055" tId="1" fbRx="0.16698218" lbRx="0.166983055" />
<p fId="1" fbTx="0.166983055" lbTx="0.16698393" tId="4" fbRx="0.166983055" lbRx="0.16698393" />
<p fId="3" fbTx="0.167082096" lbTx="0.16708218" tId="0" fbRx="0.177082096" lbRx="0.17708218" />
<p fId="0" fbTx="0.16708218" lbTx="0.167083055" tId="1" fbRx="0.16708218" lbRx="0.167083055" />
<p fId="1" fbTx="0.167083055" lbTx="0.16708393" tId="4" fbRx="0.167083055" lbRx="0.16708393" />
<p fId="3" fbTx="0.167182096" lbTx="0.16718218" tId="0" fbRx="0.177182096" lbRx="0.17718218" />
<p fId="0" fbTx="0.16718218" lbTx="0.167183055" tId="1" fbRx="0.16718218" lbRx="0.167183055" />
<p fId="1" fbTx="0.167183055" lbTx="0.16718393" tId="4" fbRx="0.167183055" lbRx="0.16718393" />
<pr uId="145" fId="4" fbTx="0.167214286" />
<wpr uId="145" tId="5" fbRx="0.167214286" lbRx="0" />
<wpr uId="145" tId="6" fbRx="0.167214286" lbRx="0" />
<p fId="3" fbTx="0.167282096" lbTx="0.16728218" tId="0" fbRx="0.177282096" lbRx="0.17728218" />
<p fId="0" fbTx="0.16728218" lbTx="0.167283055" tId="1" fbRx="0.16728218" lbRx="0.167283055" />
<p fId="1" fbTx="0.167283055" lbTx="0.16728393" tId="4" fbRx="0.167283055" lbRx="0.16728393" />
<p fId="3" fbTx="0.167382096" lbTx="0.16738218" tId="0" fbRx="0.177382096" lbRx="0.17738218" />
<p fId="0" fbTx="0.16738218" lbTx="0.167383055" tId="1" fbRx="0.16738218" lbRx="0.167383055" />
<p fId="1" fbTx="0.167383055" lbTx="0.16738393" tId="4" fbRx="0.167383055" lbRx="0.16738393" />
<p fId="3" fbTx="0.167482096" lbTx="0.16748218" tId="0" fbRx="0.177482096" lbRx="0.17748218" />
<p fId="0" fbTx="0.16748218" lbTx="0.167483055" tId="1" fbRx="0.16748218" lbRx="0.167483055" />
<p fId="1" fbTx="0.167483055" lbTx="0.16748393" tId="4" fbRx="0.167483055" lbRx="0.16748393" />
<p fId="3" fbTx="0.167582096" lbTx="0.16758218" tId="0" fbRx="0.177582096" lbRx="0.17758218" />
<p fId="0" fbTx="0.16758218" lbTx="0.167583055" tId="1" fbRx="0.16758218" lbRx="0.167583055" />
<p fId="1" fbTx="0.167583055" lbTx="0.16758393" tId="4" fbRx="0.167583055" lbRx="0.16758393" />
<p fId="3" fbTx="0.167682096" lbTx="0.16768218" tId="0" fbRx="0.177682096" lbRx="0.17768218" />
<p fId="0" fbTx="0.16768218" lbTx="0.167683055" tId="1" fbRx="0.16768218" lbRx="0.167683055" />
<p fId="1" fbTx="0.167683055" lbTx="0.16768393" tId="4" fbRx="0.167683055" lbRx="0.16768393" />
<p fId="3" fbTx="0.167782096" lbTx="0.16778218" tId="0" fbRx="0.177782096" lbRx="0.17778218" />
<p fId="0" fbTx="0.16778218" lbTx="0.167783055" tId="1" fbRx="0.16778218" lbRx="0.167783055" />
<p fId="1" fbTx="0.167783055" lbTx="0.16778393" tId="4" fbRx="0.167783055" lbRx="0.16778393" />
<p fId="3" fbTx="0.167882096" lbTx="0.16788218" tId="0" fbRx="0.177882096" lbRx="0.17788218" />
<p fId="0" fbTx="0.16788218" lbTx="0.167883055" tId="1" fbRx="0.16788218" lbRx="0.167883055" />
<p fId="1" fbTx="0.167883055" lbTx="0.16788393" tId="4" fbRx="0.167883055" lbRx="0.16788393" />
<p fId="3" fbTx="0.167982096" lbTx="0.16798218" tId="0" fbRx="0.177982096" lbRx="0.17798218" />
<p fId="0" fbTx="0.16798218" lbTx="0.167983055" tId="1" fbRx="0.16798218" lbRx="0.167983055" />
<p fId="1" fbTx="0.167983055" lbTx="0.16798393" tId="4" fbRx="0.167983055" lbRx="0.16798393" />
<p fId="3" fbTx="0.168082096" lbTx="0.16808218" tId="0" fbRx="0.178082096" lbRx="0.17808218" />
<p fId="0" fbTx="0.16808218" lbTx="0.168083055" tId="1" fbRx="0.16808218" lbRx="0.168083055" />
<p fId="1" fbTx="0.168083055" lbTx="0.16808393" tId="4" fbRx="0.168083055" lbRx="0.16808393" />
<p fId="3" fbTx="0.168182096" lbTx="0.16818218" tId="0" fbRx="0.178182096" lbRx="0.17818218" />
<p fId="0" fbTx="0.16818218" lbTx="0.168183055" tId="1" fbRx="0.16818218" lbRx="0.168183055" />
<p fId="1" fbTx="0.168183055" lbTx="0.16818393" tId="4" fbRx="0.168183055" lbRx="0.16818393" />
<pr uId="146" fId="4" fbTx="0.168214286" />
<wpr uId="146" tId="5" fbRx="0.168214286" lbRx="0" />
<wpr uId="146" tId="6" fbRx="0.168214286" lbRx="0" />
<p fId="3" fbTx="0.168282096" lbTx="0.16828218" tId="0" fbRx="0.178282096" lbRx="0.17828218" />
<p fId="0" fbTx="0.16828218" lbTx="0.168283055" tId="1" fbRx="0.16828218" lbRx="0.168283055" />
<p fId="1" fbTx="0.168283055" lbTx="0.16828393" tId="4" fbRx="0.168283055" lbRx="0.16828393" />
<p fId="3" fbTx="0.168382096" lbTx="0.16838218" tId="0" fbRx="0.178382096" lbRx="0.17838218" />
<p fId="0" fbTx="0.16838218" lbTx="0.168383055" tId="1" fbRx="0.16838218" lbRx="0.168383055" />
<p fId="1" fbTx="0.168383055" lbTx="0.16838393" tId="4" fbRx="0.168383055" lbRx="0.16838393" />
<p fId="3" fbTx="0.168482096" lbTx="0.16848218" tId="0" fbRx="0.178482096" lbRx="0.17848218" />
<p fId="0" fbTx="0.16848218" lbTx="0.168483055" tId="1" fbRx="0.16848218" lbRx="0.168483055" />
<p fId="1" fbTx="0.168483055" lbTx="0.16848393" tId="4" fbRx="0.168483055" lbRx="0.16848393" />
<p fId="3" fbTx="0.168582096" lbTx="0.16858218" tId="0" fbRx="0.178582096" lbRx="0.17858218" />
<p fId="0" fbTx="0.16858218" lbTx="0.168583055" tId="1" fbRx="0.16858218" lbRx="0.168583055" />
<p fId="1" fbTx="0.168583055" lbTx="0.16858393" tId="4" fbRx="0.168583055" lbRx="0.16858393" />
<p fId="3" fbTx="0.168682096" lbTx="0.16868218" tId="0" fbRx="0.178682096" lbRx="0.17868218" />
<p fId="0" fbTx="0.16868218" lbTx="0.168683055" tId="1" fbRx="0.16868218" lbRx="0.168683055" />
<p fId="1" fbTx="0.168683055" lbTx="0.16868393" tId="4" fbRx="0.168683055" lbRx="0.16868393" />
<p fId="3" fbTx="0.168782096" lbTx="0.16878218" tId="0" fbRx="0.178782096" lbRx="0.17878218" />
<p fId="0" fbTx="0.16878218" lbTx="0.168783055" tId="1" fbRx="0.16878218" lbRx="0.168783055" />
<p fId="1" fbTx="0.168783055" lbTx="0.16878393" tId="4" fbRx="0.168783055" lbRx="0.16878393" />
<p fId="3" fbTx="0.168882096" lbTx="0.16888218" tId="0" fbRx="0.178882096" lbRx="0.17888218" />
<p fId="0" fbTx="0.16888218" lbTx="0.168883055" tId="1" fbRx="0.16888218" lbRx="0.168883055" />
<p fId="1" fbTx="0.168883055" lbTx="0.16888393" tId="4" fbRx="0.168883055" lbRx="0.16888393" />
<p fId="3" fbTx="0.168982096" lbTx="0.16898218" tId="0" fbRx="0.178982096" lbRx="0.17898218" />
<p fId="0" fbTx="0.16898218" lbTx="0.168983055" tId="1" fbRx="0.16898218" lbRx="0.168983055" />
<p fId="1" fbTx="0.168983055" lbTx="0.16898393" tId="4" fbRx="0.168983055" lbRx="0.16898393" />
<p fId="3" fbTx="0.169082096" lbTx="0.16908218" tId="0" fbRx="0.179082096" lbRx="0.17908218" />
<p fId="0" fbTx="0.16908218" lbTx="0.169083055" tId="1" fbRx="0.16908218" lbRx="0.169083055" />
<p fId="1" fbTx="0.169083055" lbTx="0.16908393" tId="4" fbRx="0.169083055" lbRx="0.16908393" />
<p fId="3" fbTx="0.169182096" lbTx="0.16918218" tId="0" fbRx="0.179182096" lbRx="0.17918218" />
<p fId="0" fbTx="0.16918218" lbTx="0.169183055" tId="1" fbRx="0.16918218" lbRx="0.169183055" />
<p fId="1" fbTx="0.169183055" lbTx="0.16918393" tId="4" fbRx="0.169183055" lbRx="0.16918393" />
<pr uId="147" fId="4" fbTx="0.169214286" />
<wpr uId="147" tId="5" fbRx="0.169214286" lbRx="0" />
<wpr uId="147" tId="6" fbRx="0.169214286" lbRx="0" />
<p fId="3" fbTx="0.169282096" lbTx="0.16928218" tId="0" fbRx="0.179282096" lbRx="0.17928218" />
<p fId="0" fbTx="0.16928218" lbTx="0.169283055" tId="1" fbRx="0.16928218" lbRx="0.169283055" />
<p fId="1" fbTx="0.169283055" lbTx="0.16928393" tId="4" fbRx="0.169283055" lbRx="0.16928393" />
<p fId="3" fbTx="0.169382096" lbTx="0.16938218" tId="0" fbRx="0.179382096" lbRx="0.17938218" />
<p fId="0" fbTx="0.16938218" lbTx="0.169383055" tId="1" fbRx="0.16938218" lbRx="0.169383055" />
<p fId="1" fbTx="0.169383055" lbTx="0.16938393" tId="4" fbRx="0.169383055" lbRx="0.16938393" />
<p fId="3" fbTx="0.169482096" lbTx="0.16948218" tId="0" fbRx="0.179482096" lbRx="0.17948218" />
<p fId="0" fbTx="0.16948218" lbTx="0.169483055" tId="1" fbRx="0.16948218" lbRx="0.169483055" />
<p fId="1" fbTx="0.169483055" lbTx="0.16948393" tId="4" fbRx="0.169483055" lbRx="0.16948393" />
<p fId="3" fbTx="0.169582096" lbTx="0.16958218" tId="0" fbRx="0.179582096" lbRx="0.17958218" />
<p fId="0" fbTx="0.16958218" lbTx="0.169583055" tId="1" fbRx="0.16958218" lbRx="0.169583055" />
<p fId="1" fbTx="0.169583055" lbTx="0.16958393" tId="4" fbRx="0.169583055" lbRx="0.16958393" />
<p fId="3" fbTx="0.169682096" lbTx="0.16968218" tId="0" fbRx="0.179682096" lbRx="0.17968218" />
<p fId="0" fbTx="0.16968218" lbTx="0.169683055" tId="1" fbRx="0.16968218" lbRx="0.169683055" />
<p fId="1" fbTx="0.169683055" lbTx="0.16968393" tId="4" fbRx="0.169683055" lbRx="0.16968393" />
<p fId="3" fbTx="0.169782096" lbTx="0.16978218" tId="0" fbRx="0.179782096" lbRx="0.17978218" />
<p fId="0" fbTx="0.16978218" lbTx="0.169783055" tId="1" fbRx="0.16978218" lbRx="0.169783055" />
<p fId="1" fbTx="0.169783055" lbTx="0.16978393" tId="4" fbRx="0.169783055" lbRx="0.16978393" />
<p fId="3" fbTx="0.169882096" lbTx="0.16988218" tId="0" fbRx="0.179882096" lbRx="0.17988218" />
<p fId="0" fbTx="0.16988218" lbTx="0.169883055" tId="1" fbRx="0.16988218" lbRx="0.169883055" />
<p fId="1" fbTx="0.169883055" lbTx="0.16988393" tId="4" fbRx="0.169883055" lbRx="0.16988393" />
<p fId="3" fbTx="0.169982096" lbTx="0.16998218" tId="0" fbRx="0.179982096" lbRx="0.17998218" />
<p fId="0" fbTx="0.16998218" lbTx="0.169983055" tId="1" fbRx="0.16998218" lbRx="0.169983055" />
<p fId="1" fbTx="0.169983055" lbTx="0.16998393" tId="4" fbRx="0.169983055" lbRx="0.16998393" />
<p fId="3" fbTx="0.170082096" lbTx="0.17008218" tId="0" fbRx="0.180082096" lbRx="0.18008218" />
<p fId="0" fbTx="0.17008218" lbTx="0.170083055" tId="1" fbRx="0.17008218" lbRx="0.170083055" />
<p fId="1" fbTx="0.170083055" lbTx="0.17008393" tId="4" fbRx="0.170083055" lbRx="0.17008393" />
<p fId="3" fbTx="0.170182096" lbTx="0.17018218" tId="0" fbRx="0.180182096" lbRx="0.18018218" />
<p fId="0" fbTx="0.17018218" lbTx="0.170183055" tId="1" fbRx="0.17018218" lbRx="0.170183055" />
<p fId="1" fbTx="0.170183055" lbTx="0.17018393" tId="4" fbRx="0.170183055" lbRx="0.17018393" />
<pr uId="148" fId="4" fbTx="0.170214286" />
<wpr uId="148" tId="5" fbRx="0.170214286" lbRx="0" />
<wpr uId="148" tId="6" fbRx="0.170214286" lbRx="0" />
<p fId="3" fbTx="0.170282096" lbTx="0.17028218" tId="0" fbRx="0.180282096" lbRx="0.18028218" />
<p fId="0" fbTx="0.17028218" lbTx="0.170283055" tId="1" fbRx="0.17028218" lbRx="0.170283055" />
<p fId="1" fbTx="0.170283055" lbTx="0.17028393" tId="4" fbRx="0.170283055" lbRx="0.17028393" />
<p fId="3" fbTx="0.170382096" lbTx="0.17038218" tId="0" fbRx="0.180382096" lbRx="0.18038218" />
<p fId="0" fbTx="0.17038218" lbTx="0.170383055" tId="1" fbRx="0.17038218" lbRx="0.170383055" />
<p fId="1" fbTx="0.170383055" lbTx="0.17038393" tId="4" fbRx="0.170383055" lbRx="0.17038393" />
<p fId="3" fbTx="0.170482096" lbTx="0.17048218" tId="0" fbRx="0.180482096" lbRx="0.18048218" />
<p fId="0" fbTx="0.17048218" lbTx="0.170483055" tId="1" fbRx="0.17048218" lbRx="0.170483055" />
<p fId="1" fbTx="0.170483055" lbTx="0.17048393" tId="4" fbRx="0.170483055" lbRx="0.17048393" />
<p fId="3" fbTx="0.170582096" lbTx="0.17058218" tId="0" fbRx="0.180582096" lbRx="0.18058218" />
<p fId="0" fbTx="0.17058218" lbTx="0.170583055" tId="1" fbRx="0.17058218" lbRx="0.170583055" />
<p fId="1" fbTx="0.170583055" lbTx="0.17058393" tId="4" fbRx="0.170583055" lbRx="0.17058393" />
<p fId="3" fbTx="0.170682096" lbTx="0.17068218" tId="0" fbRx="0.180682096" lbRx="0.18068218" />
<p fId="0" fbTx="0.17068218" lbTx="0.170683055" tId="1" fbRx="0.17068218" lbRx="0.170683055" />
<p fId="1" fbTx="0.170683055" lbTx="0.17068393" tId="4" fbRx="0.170683055" lbRx="0.17068393" />
<p fId="3" fbTx="0.170782096" lbTx="0.17078218" tId="0" fbRx="0.180782096" lbRx="0.18078218" />
<p fId="0" fbTx="0.17078218" lbTx="0.170783055" tId="1" fbRx="0.17078218" lbRx="0.170783055" />
<p fId="1" fbTx="0.170783055" lbTx="0.17078393" tId="4" fbRx="0.170783055" lbRx="0.17078393" />
<p fId="3" fbTx="0.170882096" lbTx="0.17088218" tId="0" fbRx="0.180882096" lbRx="0.18088218" />
<p fId="0" fbTx="0.17088218" lbTx="0.170883055" tId="1" fbRx="0.17088218" lbRx="0.170883055" />
<p fId="1" fbTx="0.170883055" lbTx="0.17088393" tId="4" fbRx="0.170883055" lbRx="0.17088393" />
<p fId="3" fbTx="0.170982096" lbTx="0.17098218" tId="0" fbRx="0.180982096" lbRx="0.18098218" />
<p fId="0" fbTx="0.17098218" lbTx="0.170983055" tId="1" fbRx="0.17098218" lbRx="0.170983055" />
<p fId="1" fbTx="0.170983055" lbTx="0.17098393" tId="4" fbRx="0.170983055" lbRx="0.17098393" />
<p fId="3" fbTx="0.171082096" lbTx="0.17108218" tId="0" fbRx="0.181082096" lbRx="0.18108218" />
<p fId="0" fbTx="0.17108218" lbTx="0.171083055" tId="1" fbRx="0.17108218" lbRx="0.171083055" />
<p fId="1" fbTx="0.171083055" lbTx="0.17108393" tId="4" fbRx="0.171083055" lbRx="0.17108393" />
<p fId="3" fbTx="0.171182096" lbTx="0.17118218" tId="0" fbRx="0.181182096" lbRx="0.18118218" />
<p fId="0" fbTx="0.17118218" lbTx="0.171183055" tId="1" fbRx="0.17118218" lbRx="0.171183055" />
<p fId="1" fbTx="0.171183055" lbTx="0.17118393" tId="4" fbRx="0.171183055" lbRx="0.17118393" />
<pr uId="149" fId="4" fbTx="0.171214286" />
<wpr uId="149" tId="5" fbRx="0.171214286" lbRx="0" />
<wpr uId="149" tId="6" fbRx="0.171214286" lbRx="0" />
<p fId="3" fbTx="0.171282096" lbTx="0.17128218" tId="0" fbRx="0.181282096" lbRx="0.18128218" />
<p fId="0" fbTx="0.17128218" lbTx="0.171283055" tId="1" fbRx="0.17128218" lbRx="0.171283055" />
<p fId="1" fbTx="0.171283055" lbTx="0.17128393" tId="4" fbRx="0.171283055" lbRx="0.17128393" />
<p fId="3" fbTx="0.171382096" lbTx="0.17138218" tId="0" fbRx="0.181382096" lbRx="0.18138218" />
<p fId="0" fbTx="0.17138218" lbTx="0.171383055" tId="1" fbRx="0.17138218" lbRx="0.171383055" />
<p fId="1" fbTx="0.171383055" lbTx="0.17138393" tId="4" fbRx="0.171383055" lbRx="0.17138393" />
<p fId="3" fbTx="0.171482096" lbTx="0.17148218" tId="0" fbRx="0.181482096" lbRx="0.18148218" />
<p fId="0" fbTx="0.17148218" lbTx="0.171483055" tId="1" fbRx="0.17148218" lbRx="0.171483055" />
<p fId="1" fbTx="0.171483055" lbTx="0.17148393" tId="4" fbRx="0.171483055" lbRx="0.17148393" />
<p fId="3" fbTx="0.171582096" lbTx="0.17158218" tId="0" fbRx="0.181582096" lbRx="0.18158218" />
<p fId="0" fbTx="0.17158218" lbTx="0.171583055" tId="1" fbRx="0.17158218" lbRx="0.171583055" />
<p fId="1" fbTx="0.171583055" lbTx="0.17158393" tId="4" fbRx="0.171583055" lbRx="0.17158393" />
<p fId="3" fbTx="0.171682096" lbTx="0.17168218" tId="0" fbRx="0.181682096" lbRx="0.18168218" />
<p fId="0" fbTx="0.17168218" lbTx="0.171683055" tId="1" fbRx="0.17168218" lbRx="0.171683055" />
<p fId="1" fbTx="0.171683055" lbTx="0.17168393" tId="4" fbRx="0.171683055" lbRx="0.17168393" />
<p fId="3" fbTx="0.171782096" lbTx="0.17178218" tId="0" fbRx="0.181782096" lbRx="0.18178218" />
<p fId="0" fbTx="0.17178218" lbTx="0.171783055" tId="1" fbRx="0.17178218" lbRx="0.171783055" />
<p fId="1" fbTx="0.171783055" lbTx="0.17178393" tId="4" fbRx="0.171783055" lbRx="0.17178393" />
<p fId="3" fbTx="0.171882096" lbTx="0.17188218" tId="0" fbRx="0.181882096" lbRx="0.18188218" />
<p fId="0" fbTx="0.17188218" lbTx="0.171883055" tId="1" fbRx="0.17188218" lbRx="0.171883055" />
<p fId="1" fbTx="0.171883055" lbTx="0.17188393" tId="4" fbRx="0.171883055" lbRx="0.17188393" />
<p fId="3" fbTx="0.171982096" lbTx="0.17198218" tId="0" fbRx="0.181982096" lbRx="0.18198218" />
<p fId="0" fbTx="0.17198218" lbTx="0.171983055" tId="1" fbRx="0.17198218" lbRx="0.171983055" />
<p fId="1" fbTx="0.171983055" lbTx="0.17198393" tId="4" fbRx="0.171983055" lbRx="0.17198393" />
<p fId="3" fbTx="0.172082096" lbTx="0.17208218" tId="0" fbRx="0.182082096" lbRx="0.18208218" />
<p fId="0" fbTx="0.17208218" lbTx="0.172083055" tId="1" fbRx="0.17208218" lbRx="0.172083055" />
<p fId="1" fbTx="0.172083055" lbTx="0.17208393" tId="4" fbRx="0.172083055" lbRx="0.17208393" />
<p fId="3" fbTx="0.172182096" lbTx="0.17218218" tId="0" fbRx="0.182182096" lbRx="0.18218218" />
<p fId="0" fbTx="0.17218218" lbTx="0.172183055" tId="1" fbRx="0.17218218" lbRx="0.172183055" />
<p fId="1" fbTx="0.172183055" lbTx="0.17218393" tId="4" fbRx="0.172183055" lbRx="0.17218393" />
<pr uId="150" fId="4" fbTx="0.172214286" />
<wpr uId="150" tId="5" fbRx="0.172214286" lbRx="0" />
<wpr uId="150" tId="6" fbRx="0.172214286" lbRx="0" />
<p fId="3" fbTx="0.172282096" lbTx="0.17228218" tId="0" fbRx="0.182282096" lbRx="0.18228218" />
<p fId="0" fbTx="0.17228218" lbTx="0.172283055" tId="1" fbRx="0.17228218" lbRx="0.172283055" />
<p fId="1" fbTx="0.172283055" lbTx="0.17228393" tId="4" fbRx="0.172283055" lbRx="0.17228393" />
<p fId="3" fbTx="0.172382096" lbTx="0.17238218" tId="0" fbRx="0.182382096" lbRx="0.18238218" />
<p fId="0" fbTx="0.17238218" lbTx="0.172383055" tId="1" fbRx="0.17238218" lbRx="0.172383055" />
<p fId="1" fbTx="0.172383055" lbTx="0.17238393" tId="4" fbRx="0.172383055" lbRx="0.17238393" />
<p fId="3" fbTx="0.172482096" lbTx="0.17248218" tId="0" fbRx="0.182482096" lbRx="0.18248218" />
<p fId="0" fbTx="0.17248218" lbTx="0.172483055" tId="1" fbRx="0.17248218" lbRx="0.172483055" />
<p fId="1" fbTx="0.172483055" lbTx="0.17248393" tId="4" fbRx="0.172483055" lbRx="0.17248393" />
<p fId="3" fbTx="0.172582096" lbTx="0.17258218" tId="0" fbRx="0.182582096" lbRx="0.18258218" />
<p fId="0" fbTx="0.17258218" lbTx="0.172583055" tId="1" fbRx="0.17258218" lbRx="0.172583055" />
<p fId="1" fbTx="0.172583055" lbTx="0.17258393" tId="4" fbRx="0.172583055" lbRx="0.17258393" />
<p fId="3" fbTx="0.172682096" lbTx="0.17268218" tId="0" fbRx="0.182682096" lbRx="0.18268218" />
<p fId="0" fbTx="0.17268218" lbTx="0.172683055" tId="1" fbRx="0.17268218" lbRx="0.172683055" />
<p fId="1" fbTx="0.172683055" lbTx="0.17268393" tId="4" fbRx="0.172683055" lbRx="0.17268393" />
<p fId="3" fbTx="0.172782096" lbTx="0.17278218" tId="0" fbRx="0.182782096" lbRx="0.18278218" />
<p fId="0" fbTx="0.17278218" lbTx="0.172783055" tId="1" fbRx="0.17278218" lbRx="0.172783055" />
<p fId="1" fbTx="0.172783055" lbTx="0.17278393" tId="4" fbRx="0.172783055" lbRx="0.17278393" />
<p fId="3" fbTx="0.172882096" lbTx="0.17288218" tId="0" fbRx="0.182882096" lbRx="0.18288218" />
<p fId="0" fbTx="0.17288218" lbTx="0.172883055" tId="1" fbRx="0.17288218" lbRx="0.172883055" />
<p fId="1" fbTx="0.172883055" lbTx="0.17288393" tId="4" fbRx="0.172883055" lbRx="0.17288393" />
<p fId="3" fbTx="0.172982096" lbTx="0.17298218" tId="0" fbRx="0.182982096" lbRx="0.18298218" />
<p fId="0" fbTx="0.17298218" lbTx="0.172983055" tId="1" fbRx="0.17298218" lbRx="0.172983055" />
<p fId="1" fbTx="0.172983055" lbTx="0.17298393" tId="4" fbRx="0.172983055" lbRx="0.17298393" />
<p fId="3" fbTx="0.173082096" lbTx="0.17308218" tId="0" fbRx="0.183082096" lbRx="0.18308218" />
<p fId="0" fbTx="0.17308218" lbTx="0.173083055" tId="1" fbRx="0.17308218" lbRx="0.173083055" />
<p fId="1" fbTx="0.173083055" lbTx="0.17308393" tId="4" fbRx="0.173083055" lbRx="0.17308393" />
<p fId="3" fbTx="0.173182096" lbTx="0.17318218" tId="0" fbRx="0.183182096" lbRx="0.18318218" />
<p fId="0" fbTx="0.17318218" lbTx="0.173183055" tId="1" fbRx="0.17318218" lbRx="0.173183055" />
<p fId="1" fbTx="0.173183055" lbTx="0.17318393" tId="4" fbRx="0.173183055" lbRx="0.17318393" />
<pr uId="151" fId="4" fbTx="0.173214286" />
<wpr uId="151" tId="5" fbRx="0.173214286" lbRx="0" />
<wpr uId="151" tId="6" fbRx="0.173214286" lbRx="0" />
<p fId="3" fbTx="0.173282096" lbTx="0.17328218" tId="0" fbRx="0.183282096" lbRx="0.18328218" />
<p fId="0" fbTx="0.17328218" lbTx="0.173283055" tId="1" fbRx="0.17328218" lbRx="0.173283055" />
<p fId="1" fbTx="0.173283055" lbTx="0.17328393" tId="4" fbRx="0.173283055" lbRx="0.17328393" />
<p fId="3" fbTx="0.173382096" lbTx="0.17338218" tId="0" fbRx="0.183382096" lbRx="0.18338218" />
<p fId="0" fbTx="0.17338218" lbTx="0.173383055" tId="1" fbRx="0.17338218" lbRx="0.173383055" />
<p fId="1" fbTx="0.173383055" lbTx="0.17338393" tId="4" fbRx="0.173383055" lbRx="0.17338393" />
<p fId="3" fbTx="0.173482096" lbTx="0.17348218" tId="0" fbRx="0.183482096" lbRx="0.18348218" />
<p fId="0" fbTx="0.17348218" lbTx="0.173483055" tId="1" fbRx="0.17348218" lbRx="0.173483055" />
<p fId="1" fbTx="0.173483055" lbTx="0.17348393" tId="4" fbRx="0.173483055" lbRx="0.17348393" />
<p fId="3" fbTx="0.173582096" lbTx="0.17358218" tId="0" fbRx="0.183582096" lbRx="0.18358218" />
<p fId="0" fbTx="0.17358218" lbTx="0.173583055" tId="1" fbRx="0.17358218" lbRx="0.173583055" />
<p fId="1" fbTx="0.173583055" lbTx="0.17358393" tId="4" fbRx="0.173583055" lbRx="0.17358393" />
<p fId="3" fbTx="0.173682096" lbTx="0.17368218" tId="0" fbRx="0.183682096" lbRx="0.18368218" />
<p fId="0" fbTx="0.17368218" lbTx="0.173683055" tId="1" fbRx="0.17368218" lbRx="0.173683055" />
<p fId="1" fbTx="0.173683055" lbTx="0.17368393" tId="4" fbRx="0.173683055" lbRx="0.17368393" />
<p fId="3" fbTx="0.173782096" lbTx="0.17378218" tId="0" fbRx="0.183782096" lbRx="0.18378218" />
<p fId="0" fbTx="0.17378218" lbTx="0.173783055" tId="1" fbRx="0.17378218" lbRx="0.173783055" />
<p fId="1" fbTx="0.173783055" lbTx="0.17378393" tId="4" fbRx="0.173783055" lbRx="0.17378393" />
<p fId="3" fbTx="0.173882096" lbTx="0.17388218" tId="0" fbRx="0.183882096" lbRx="0.18388218" />
<p fId="0" fbTx="0.17388218" lbTx="0.173883055" tId="1" fbRx="0.17388218" lbRx="0.173883055" />
<p fId="1" fbTx="0.173883055" lbTx="0.17388393" tId="4" fbRx="0.173883055" lbRx="0.17388393" />
<p fId="3" fbTx="0.173982096" lbTx="0.17398218" tId="0" fbRx="0.183982096" lbRx="0.18398218" />
<p fId="0" fbTx="0.17398218" lbTx="0.173983055" tId="1" fbRx="0.17398218" lbRx="0.173983055" />
<p fId="1" fbTx="0.173983055" lbTx="0.17398393" tId="4" fbRx="0.173983055" lbRx="0.17398393" />
<p fId="3" fbTx="0.174082096" lbTx="0.17408218" tId="0" fbRx="0.184082096" lbRx="0.18408218" />
<p fId="0" fbTx="0.17408218" lbTx="0.174083055" tId="1" fbRx="0.17408218" lbRx="0.174083055" />
<p fId="1" fbTx="0.174083055" lbTx="0.17408393" tId="4" fbRx="0.174083055" lbRx="0.17408393" />
<p fId="3" fbTx="0.174182096" lbTx="0.17418218" tId="0" fbRx="0.184182096" lbRx="0.18418218" />
<p fId="0" fbTx="0.17418218" lbTx="0.174183055" tId="1" fbRx="0.17418218" lbRx="0.174183055" />
<p fId="1" fbTx="0.174183055" lbTx="0.17418393" tId="4" fbRx="0.174183055" lbRx="0.17418393" />
<pr uId="152" fId="4" fbTx="0.174214286" />
<wpr uId="152" tId="5" fbRx="0.174214286" lbRx="0" />
<wpr uId="152" tId="6" fbRx="0.174214286" lbRx="0" />
<p fId="3" fbTx="0.174282096" lbTx="0.17428218" tId="0" fbRx="0.184282096" lbRx="0.18428218" />
<p fId="0" fbTx="0.17428218" lbTx="0.174283055" tId="1" fbRx="0.17428218" lbRx="0.174283055" />
<p fId="1" fbTx="0.174283055" lbTx="0.17428393" tId="4" fbRx="0.174283055" lbRx="0.17428393" />
<p fId="3" fbTx="0.174382096" lbTx="0.17438218" tId="0" fbRx="0.184382096" lbRx="0.18438218" />
<p fId="0" fbTx="0.17438218" lbTx="0.174383055" tId="1" fbRx="0.17438218" lbRx="0.174383055" />
<p fId="1" fbTx="0.174383055" lbTx="0.17438393" tId="4" fbRx="0.174383055" lbRx="0.17438393" />
<p fId="3" fbTx="0.174482096" lbTx="0.17448218" tId="0" fbRx="0.184482096" lbRx="0.18448218" />
<p fId="0" fbTx="0.17448218" lbTx="0.174483055" tId="1" fbRx="0.17448218" lbRx="0.174483055" />
<p fId="1" fbTx="0.174483055" lbTx="0.17448393" tId="4" fbRx="0.174483055" lbRx="0.17448393" />
<p fId="3" fbTx="0.174582096" lbTx="0.17458218" tId="0" fbRx="0.184582096" lbRx="0.18458218" />
<p fId="0" fbTx="0.17458218" lbTx="0.174583055" tId="1" fbRx="0.17458218" lbRx="0.174583055" />
<p fId="1" fbTx="0.174583055" lbTx="0.17458393" tId="4" fbRx="0.174583055" lbRx="0.17458393" />
<p fId="3" fbTx="0.174682096" lbTx="0.17468218" tId="0" fbRx="0.184682096" lbRx="0.18468218" />
<p fId="0" fbTx="0.17468218" lbTx="0.174683055" tId="1" fbRx="0.17468218" lbRx="0.174683055" />
<p fId="1" fbTx="0.174683055" lbTx="0.17468393" tId="4" fbRx="0.174683055" lbRx="0.17468393" />
<p fId="3" fbTx="0.174782096" lbTx="0.17478218" tId="0" fbRx="0.184782096" lbRx="0.18478218" />
<p fId="0" fbTx="0.17478218" lbTx="0.174783055" tId="1" fbRx="0.17478218" lbRx="0.174783055" />
<p fId="1" fbTx="0.174783055" lbTx="0.17478393" tId="4" fbRx="0.174783055" lbRx="0.17478393" />
<p fId="3" fbTx="0.174882096" lbTx="0.17488218" tId="0" fbRx="0.184882096" lbRx="0.18488218" />
<p fId="0" fbTx="0.17488218" lbTx="0.174883055" tId="1" fbRx="0.17488218" lbRx="0.174883055" />
<p fId="1" fbTx="0.174883055" lbTx="0.17488393" tId="4" fbRx="0.174883055" lbRx="0.17488393" />
<p fId="3" fbTx="0.174982096" lbTx="0.17498218" tId="0" fbRx="0.184982096" lbRx="0.18498218" />
<p fId="0" fbTx="0.17498218" lbTx="0.174983055" tId="1" fbRx="0.17498218" lbRx="0.174983055" />
<p fId="1" fbTx="0.174983055" lbTx="0.17498393" tId="4" fbRx="0.174983055" lbRx="0.17498393" />
<p fId="3" fbTx="0.175082096" lbTx="0.17508218" tId="0" fbRx="0.185082096" lbRx="0.18508218" />
<p fId="0" fbTx="0.17508218" lbTx="0.175083055" tId="1" fbRx="0.17508218" lbRx="0.175083055" />
<p fId="1" fbTx="0.175083055" lbTx="0.17508393" tId="4" fbRx="0.175083055" lbRx="0.17508393" />
<p fId="3" fbTx="0.175182096" lbTx="0.17518218" tId="0" fbRx="0.185182096" lbRx="0.18518218" />
<p fId="0" fbTx="0.17518218" lbTx="0.175183055" tId="1" fbRx="0.17518218" lbRx="0.175183055" />
<p fId="1" fbTx="0.175183055" lbTx="0.17518393" tId="4" fbRx="0.175183055" lbRx="0.17518393" />
<pr uId="153" fId="4" fbTx="0.175214286" />
<wpr uId="153" tId="5" fbRx="0.175214286" lbRx="0" />
<wpr uId="153" tId="6" fbRx="0.175214286" lbRx="0" />
<p fId="3" fbTx="0.175282096" lbTx="0.17528218" tId="0" fbRx="0.185282096" lbRx="0.18528218" />
<p fId="0" fbTx="0.17528218" lbTx="0.175283055" tId="1" fbRx="0.17528218" lbRx="0.175283055" />
<p fId="1" fbTx="0.175283055" lbTx="0.17528393" tId="4" fbRx="0.175283055" lbRx="0.17528393" />
<p fId="3" fbTx="0.175382096" lbTx="0.17538218" tId="0" fbRx="0.185382096" lbRx="0.18538218" />
<p fId="0" fbTx="0.17538218" lbTx="0.175383055" tId="1" fbRx="0.17538218" lbRx="0.175383055" />
<p fId="1" fbTx="0.175383055" lbTx="0.17538393" tId="4" fbRx="0.175383055" lbRx="0.17538393" />
<p fId="3" fbTx="0.175482096" lbTx="0.17548218" tId="0" fbRx="0.185482096" lbRx="0.18548218" />
<p fId="0" fbTx="0.17548218" lbTx="0.175483055" tId="1" fbRx="0.17548218" lbRx="0.175483055" />
<p fId="1" fbTx="0.175483055" lbTx="0.17548393" tId="4" fbRx="0.175483055" lbRx="0.17548393" />
<p fId="3" fbTx="0.175582096" lbTx="0.17558218" tId="0" fbRx="0.185582096" lbRx="0.18558218" />
<p fId="0" fbTx="0.17558218" lbTx="0.175583055" tId="1" fbRx="0.17558218" lbRx="0.175583055" />
<p fId="1" fbTx="0.175583055" lbTx="0.17558393" tId="4" fbRx="0.175583055" lbRx="0.17558393" />
<p fId="3" fbTx="0.175682096" lbTx="0.17568218" tId="0" fbRx="0.185682096" lbRx="0.18568218" />
<p fId="0" fbTx="0.17568218" lbTx="0.175683055" tId="1" fbRx="0.17568218" lbRx="0.175683055" />
<p fId="1" fbTx="0.175683055" lbTx="0.17568393" tId="4" fbRx="0.175683055" lbRx="0.17568393" />
<p fId="3" fbTx="0.175782096" lbTx="0.17578218" tId="0" fbRx="0.185782096" lbRx="0.18578218" />
<p fId="0" fbTx="0.17578218" lbTx="0.175783055" tId="1" fbRx="0.17578218" lbRx="0.175783055" />
<p fId="1" fbTx="0.175783055" lbTx="0.17578393" tId="4" fbRx="0.175783055" lbRx="0.17578393" />
<p fId="3" fbTx="0.175882096" lbTx="0.17588218" tId="0" fbRx="0.185882096" lbRx="0.18588218" />
<p fId="0" fbTx="0.17588218" lbTx="0.175883055" tId="1" fbRx="0.17588218" lbRx="0.175883055" />
<p fId="1" fbTx="0.175883055" lbTx="0.17588393" tId="4" fbRx="0.175883055" lbRx="0.17588393" />
<p fId="3" fbTx="0.175982096" lbTx="0.17598218" tId="0" fbRx="0.185982096" lbRx="0.18598218" />
<p fId="0" fbTx="0.17598218" lbTx="0.175983055" tId="1" fbRx="0.17598218" lbRx="0.175983055" />
<p fId="1" fbTx="0.175983055" lbTx="0.17598393" tId="4" fbRx="0.175983055" lbRx="0.17598393" />
<p fId="3" fbTx="0.176082096" lbTx="0.17608218" tId="0" fbRx="0.186082096" lbRx="0.18608218" />
<p fId="0" fbTx="0.17608218" lbTx="0.176083055" tId="1" fbRx="0.17608218" lbRx="0.176083055" />
<p fId="1" fbTx="0.176083055" lbTx="0.17608393" tId="4" fbRx="0.176083055" lbRx="0.17608393" />
<p fId="3" fbTx="0.176182096" lbTx="0.17618218" tId="0" fbRx="0.186182096" lbRx="0.18618218" />
<p fId="0" fbTx="0.17618218" lbTx="0.176183055" tId="1" fbRx="0.17618218" lbRx="0.176183055" />
<p fId="1" fbTx="0.176183055" lbTx="0.17618393" tId="4" fbRx="0.176183055" lbRx="0.17618393" />
<pr uId="154" fId="4" fbTx="0.176214286" />
<wpr uId="154" tId="5" fbRx="0.176214286" lbRx="0" />
<wpr uId="154" tId="6" fbRx="0.176214286" lbRx="0" />
<p fId="3" fbTx="0.176282096" lbTx="0.17628218" tId="0" fbRx="0.186282096" lbRx="0.18628218" />
<p fId="0" fbTx="0.17628218" lbTx="0.176283055" tId="1" fbRx="0.17628218" lbRx="0.176283055" />
<p fId="1" fbTx="0.176283055" lbTx="0.17628393" tId="4" fbRx="0.176283055" lbRx="0.17628393" />
<p fId="3" fbTx="0.176382096" lbTx="0.17638218" tId="0" fbRx="0.186382096" lbRx="0.18638218" />
<p fId="0" fbTx="0.17638218" lbTx="0.176383055" tId="1" fbRx="0.17638218" lbRx="0.176383055" />
<p fId="1" fbTx="0.176383055" lbTx="0.17638393" tId="4" fbRx="0.176383055" lbRx="0.17638393" />
<p fId="3" fbTx="0.176482096" lbTx="0.17648218" tId="0" fbRx="0.186482096" lbRx="0.18648218" />
<p fId="0" fbTx="0.17648218" lbTx="0.176483055" tId="1" fbRx="0.17648218" lbRx="0.176483055" />
<p fId="1" fbTx="0.176483055" lbTx="0.17648393" tId="4" fbRx="0.176483055" lbRx="0.17648393" />
<p fId="3" fbTx="0.176582096" lbTx="0.17658218" tId="0" fbRx="0.186582096" lbRx="0.18658218" />
<p fId="0" fbTx="0.17658218" lbTx="0.176583055" tId="1" fbRx="0.17658218" lbRx="0.176583055" />
<p fId="1" fbTx="0.176583055" lbTx="0.17658393" tId="4" fbRx="0.176583055" lbRx="0.17658393" />
<p fId="3" fbTx="0.176682096" lbTx="0.17668218" tId="0" fbRx="0.186682096" lbRx="0.18668218" />
<p fId="0" fbTx="0.17668218" lbTx="0.176683055" tId="1" fbRx="0.17668218" lbRx="0.176683055" />
<p fId="1" fbTx="0.176683055" lbTx="0.17668393" tId="4" fbRx="0.176683055" lbRx="0.17668393" />
<p fId="3" fbTx="0.176782096" lbTx="0.17678218" tId="0" fbRx="0.186782096" lbRx="0.18678218" />
<p fId="0" fbTx="0.17678218" lbTx="0.176783055" tId="1" fbRx="0.17678218" lbRx="0.176783055" />
<p fId="1" fbTx="0.176783055" lbTx="0.17678393" tId="4" fbRx="0.176783055" lbRx="0.17678393" />
<p fId="3" fbTx="0.176882096" lbTx="0.17688218" tId="0" fbRx="0.186882096" lbRx="0.18688218" />
<p fId="0" fbTx="0.17688218" lbTx="0.176883055" tId="1" fbRx="0.17688218" lbRx="0.176883055" />
<p fId="1" fbTx="0.176883055" lbTx="0.17688393" tId="4" fbRx="0.176883055" lbRx="0.17688393" />
<p fId="3" fbTx="0.176982096" lbTx="0.17698218" tId="0" fbRx="0.186982096" lbRx="0.18698218" />
<p fId="0" fbTx="0.17698218" lbTx="0.176983055" tId="1" fbRx="0.17698218" lbRx="0.176983055" />
<p fId="1" fbTx="0.176983055" lbTx="0.17698393" tId="4" fbRx="0.176983055" lbRx="0.17698393" />
<p fId="3" fbTx="0.177082096" lbTx="0.17708218" tId="0" fbRx="0.187082096" lbRx="0.18708218" />
<p fId="0" fbTx="0.17708218" lbTx="0.177083055" tId="1" fbRx="0.17708218" lbRx="0.177083055" />
<p fId="1" fbTx="0.177083055" lbTx="0.17708393" tId="4" fbRx="0.177083055" lbRx="0.17708393" />
<p fId="3" fbTx="0.177182096" lbTx="0.17718218" tId="0" fbRx="0.187182096" lbRx="0.18718218" />
<p fId="0" fbTx="0.17718218" lbTx="0.177183055" tId="1" fbRx="0.17718218" lbRx="0.177183055" />
<p fId="1" fbTx="0.177183055" lbTx="0.17718393" tId="4" fbRx="0.177183055" lbRx="0.17718393" />
<pr uId="155" fId="4" fbTx="0.177214286" />
<wpr uId="155" tId="5" fbRx="0.177214286" lbRx="0" />
<wpr uId="155" tId="6" fbRx="0.177214286" lbRx="0" />
<p fId="3" fbTx="0.177282096" lbTx="0.17728218" tId="0" fbRx="0.187282096" lbRx="0.18728218" />
<p fId="0" fbTx="0.17728218" lbTx="0.177283055" tId="1" fbRx="0.17728218" lbRx="0.177283055" />
<p fId="1" fbTx="0.177283055" lbTx="0.17728393" tId="4" fbRx="0.177283055" lbRx="0.17728393" />
<p fId="3" fbTx="0.177382096" lbTx="0.17738218" tId="0" fbRx="0.187382096" lbRx="0.18738218" />
<p fId="0" fbTx="0.17738218" lbTx="0.177383055" tId="1" fbRx="0.17738218" lbRx="0.177383055" />
<p fId="1" fbTx="0.177383055" lbTx="0.17738393" tId="4" fbRx="0.177383055" lbRx="0.17738393" />
<p fId="3" fbTx="0.177482096" lbTx="0.17748218" tId="0" fbRx="0.187482096" lbRx="0.18748218" />
<p fId="0" fbTx="0.17748218" lbTx="0.177483055" tId="1" fbRx="0.17748218" lbRx="0.177483055" />
<p fId="1" fbTx="0.177483055" lbTx="0.17748393" tId="4" fbRx="0.177483055" lbRx="0.17748393" />
<p fId="3" fbTx="0.177582096" lbTx="0.17758218" tId="0" fbRx="0.187582096" lbRx="0.18758218" />
<p fId="0" fbTx="0.17758218" lbTx="0.177583055" tId="1" fbRx="0.17758218" lbRx="0.177583055" />
<p fId="1" fbTx="0.177583055" lbTx="0.17758393" tId="4" fbRx="0.177583055" lbRx="0.17758393" />
<p fId="3" fbTx="0.177682096" lbTx="0.17768218" tId="0" fbRx="0.187682096" lbRx="0.18768218" />
<p fId="0" fbTx="0.17768218" lbTx="0.177683055" tId="1" fbRx="0.17768218" lbRx="0.177683055" />
<p fId="1" fbTx="0.177683055" lbTx="0.17768393" tId="4" fbRx="0.177683055" lbRx="0.17768393" />
<p fId="3" fbTx="0.177782096" lbTx="0.17778218" tId="0" fbRx="0.187782096" lbRx="0.18778218" />
<p fId="0" fbTx="0.17778218" lbTx="0.177783055" tId="1" fbRx="0.17778218" lbRx="0.177783055" />
<p fId="1" fbTx="0.177783055" lbTx="0.17778393" tId="4" fbRx="0.177783055" lbRx="0.17778393" />
<p fId="3" fbTx="0.177882096" lbTx="0.17788218" tId="0" fbRx="0.187882096" lbRx="0.18788218" />
<p fId="0" fbTx="0.17788218" lbTx="0.177883055" tId="1" fbRx="0.17788218" lbRx="0.177883055" />
<p fId="1" fbTx="0.177883055" lbTx="0.17788393" tId="4" fbRx="0.177883055" lbRx="0.17788393" />
<p fId="3" fbTx="0.177982096" lbTx="0.17798218" tId="0" fbRx="0.187982096" lbRx="0.18798218" />
<p fId="0" fbTx="0.17798218" lbTx="0.177983055" tId="1" fbRx="0.17798218" lbRx="0.177983055" />
<p fId="1" fbTx="0.177983055" lbTx="0.17798393" tId="4" fbRx="0.177983055" lbRx="0.17798393" />
<p fId="3" fbTx="0.178082096" lbTx="0.17808218" tId="0" fbRx="0.188082096" lbRx="0.18808218" />
<p fId="0" fbTx="0.17808218" lbTx="0.178083055" tId="1" fbRx="0.17808218" lbRx="0.178083055" />
<p fId="1" fbTx="0.178083055" lbTx="0.17808393" tId="4" fbRx="0.178083055" lbRx="0.17808393" />
<p fId="3" fbTx="0.178182096" lbTx="0.17818218" tId="0" fbRx="0.188182096" lbRx="0.18818218" />
<p fId="0" fbTx="0.17818218" lbTx="0.178183055" tId="1" fbRx="0.17818218" lbRx="0.178183055" />
<p fId="1" fbTx="0.178183055" lbTx="0.17818393" tId="4" fbRx="0.178183055" lbRx="0.17818393" />
<pr uId="156" fId="4" fbTx="0.178214286" />
<wpr uId="156" tId="5" fbRx="0.178214286" lbRx="0" />
<wpr uId="156" tId="6" fbRx="0.178214286" lbRx="0" />
<p fId="3" fbTx="0.178282096" lbTx="0.17828218" tId="0" fbRx="0.188282096" lbRx="0.18828218" />
<p fId="0" fbTx="0.17828218" lbTx="0.178283055" tId="1" fbRx="0.17828218" lbRx="0.178283055" />
<p fId="1" fbTx="0.178283055" lbTx="0.17828393" tId="4" fbRx="0.178283055" lbRx="0.17828393" />
<p fId="3" fbTx="0.178382096" lbTx="0.17838218" tId="0" fbRx="0.188382096" lbRx="0.18838218" />
<p fId="0" fbTx="0.17838218" lbTx="0.178383055" tId="1" fbRx="0.17838218" lbRx="0.178383055" />
<p fId="1" fbTx="0.178383055" lbTx="0.17838393" tId="4" fbRx="0.178383055" lbRx="0.17838393" />
<p fId="3" fbTx="0.178482096" lbTx="0.17848218" tId="0" fbRx="0.188482096" lbRx="0.18848218" />
<p fId="0" fbTx="0.17848218" lbTx="0.178483055" tId="1" fbRx="0.17848218" lbRx="0.178483055" />
<p fId="1" fbTx="0.178483055" lbTx="0.17848393" tId="4" fbRx="0.178483055" lbRx="0.17848393" />
<p fId="3" fbTx="0.178582096" lbTx="0.17858218" tId="0" fbRx="0.188582096" lbRx="0.18858218" />
<p fId="0" fbTx="0.17858218" lbTx="0.178583055" tId="1" fbRx="0.17858218" lbRx="0.178583055" />
<p fId="1" fbTx="0.178583055" lbTx="0.17858393" tId="4" fbRx="0.178583055" lbRx="0.17858393" />
<p fId="3" fbTx="0.178682096" lbTx="0.17868218" tId="0" fbRx="0.188682096" lbRx="0.18868218" />
<p fId="0" fbTx="0.17868218" lbTx="0.178683055" tId="1" fbRx="0.17868218" lbRx="0.178683055" />
<p fId="1" fbTx="0.178683055" lbTx="0.17868393" tId="4" fbRx="0.178683055" lbRx="0.17868393" />
<p fId="3" fbTx="0.178782096" lbTx="0.17878218" tId="0" fbRx="0.188782096" lbRx="0.18878218" />
<p fId="0" fbTx="0.17878218" lbTx="0.178783055" tId="1" fbRx="0.17878218" lbRx="0.178783055" />
<p fId="1" fbTx="0.178783055" lbTx="0.17878393" tId="4" fbRx="0.178783055" lbRx="0.17878393" />
<p fId="3" fbTx="0.178882096" lbTx="0.17888218" tId="0" fbRx="0.188882096" lbRx="0.18888218" />
<p fId="0" fbTx="0.17888218" lbTx="0.178883055" tId="1" fbRx="0.17888218" lbRx="0.178883055" />
<p fId="1" fbTx="0.178883055" lbTx="0.17888393" tId="4" fbRx="0.178883055" lbRx="0.17888393" />
<p fId="3" fbTx="0.178982096" lbTx="0.17898218" tId="0" fbRx="0.188982096" lbRx="0.18898218" />
<p fId="0" fbTx="0.17898218" lbTx="0.178983055" tId="1" fbRx="0.17898218" lbRx="0.178983055" />
<p fId="1" fbTx="0.178983055" lbTx="0.17898393" tId="4" fbRx="0.178983055" lbRx="0.17898393" />
<p fId="3" fbTx="0.179082096" lbTx="0.17908218" tId="0" fbRx="0.189082096" lbRx="0.18908218" />
<p fId="0" fbTx="0.17908218" lbTx="0.179083055" tId="1" fbRx="0.17908218" lbRx="0.179083055" />
<p fId="1" fbTx="0.179083055" lbTx="0.17908393" tId="4" fbRx="0.179083055" lbRx="0.17908393" />
<p fId="3" fbTx="0.179182096" lbTx="0.17918218" tId="0" fbRx="0.189182096" lbRx="0.18918218" />
<p fId="0" fbTx="0.17918218" lbTx="0.179183055" tId="1" fbRx="0.17918218" lbRx="0.179183055" />
<p fId="1" fbTx="0.179183055" lbTx="0.17918393" tId="4" fbRx="0.179183055" lbRx="0.17918393" />
<pr uId="157" fId="4" fbTx="0.179214286" />
<wpr uId="157" tId="5" fbRx="0.179214286" lbRx="0" />
<wpr uId="157" tId="6" fbRx="0.179214286" lbRx="0" />
<p fId="3" fbTx="0.179282096" lbTx="0.17928218" tId="0" fbRx="0.189282096" lbRx="0.18928218" />
<p fId="0" fbTx="0.17928218" lbTx="0.179283055" tId="1" fbRx="0.17928218" lbRx="0.179283055" />
<p fId="1" fbTx="0.179283055" lbTx="0.17928393" tId="4" fbRx="0.179283055" lbRx="0.17928393" />
<p fId="3" fbTx="0.179382096" lbTx="0.17938218" tId="0" fbRx="0.189382096" lbRx="0.18938218" />
<p fId="0" fbTx="0.17938218" lbTx="0.179383055" tId="1" fbRx="0.17938218" lbRx="0.179383055" />
<p fId="1" fbTx="0.179383055" lbTx="0.17938393" tId="4" fbRx="0.179383055" lbRx="0.17938393" />
<p fId="3" fbTx="0.179482096" lbTx="0.17948218" tId="0" fbRx="0.189482096" lbRx="0.18948218" />
<p fId="0" fbTx="0.17948218" lbTx="0.179483055" tId="1" fbRx="0.17948218" lbRx="0.179483055" />
<p fId="1" fbTx="0.179483055" lbTx="0.17948393" tId="4" fbRx="0.179483055" lbRx="0.17948393" />
<p fId="3" fbTx="0.179582096" lbTx="0.17958218" tId="0" fbRx="0.189582096" lbRx="0.18958218" />
<p fId="0" fbTx="0.17958218" lbTx="0.179583055" tId="1" fbRx="0.17958218" lbRx="0.179583055" />
<p fId="1" fbTx="0.179583055" lbTx="0.17958393" tId="4" fbRx="0.179583055" lbRx="0.17958393" />
<p fId="3" fbTx="0.179682096" lbTx="0.17968218" tId="0" fbRx="0.189682096" lbRx="0.18968218" />
<p fId="0" fbTx="0.17968218" lbTx="0.179683055" tId="1" fbRx="0.17968218" lbRx="0.179683055" />
<p fId="1" fbTx="0.179683055" lbTx="0.17968393" tId="4" fbRx="0.179683055" lbRx="0.17968393" />
<p fId="3" fbTx="0.179782096" lbTx="0.17978218" tId="0" fbRx="0.189782096" lbRx="0.18978218" />
<p fId="0" fbTx="0.17978218" lbTx="0.179783055" tId="1" fbRx="0.17978218" lbRx="0.179783055" />
<p fId="1" fbTx="0.179783055" lbTx="0.17978393" tId="4" fbRx="0.179783055" lbRx="0.17978393" />
<p fId="3" fbTx="0.179882096" lbTx="0.17988218" tId="0" fbRx="0.189882096" lbRx="0.18988218" />
<p fId="0" fbTx="0.17988218" lbTx="0.179883055" tId="1" fbRx="0.17988218" lbRx="0.179883055" />
<p fId="1" fbTx="0.179883055" lbTx="0.17988393" tId="4" fbRx="0.179883055" lbRx="0.17988393" />
<p fId="3" fbTx="0.179982096" lbTx="0.17998218" tId="0" fbRx="0.189982096" lbRx="0.18998218" />
<p fId="0" fbTx="0.17998218" lbTx="0.179983055" tId="1" fbRx="0.17998218" lbRx="0.179983055" />
<p fId="1" fbTx="0.179983055" lbTx="0.17998393" tId="4" fbRx="0.179983055" lbRx="0.17998393" />
<p fId="3" fbTx="0.180082096" lbTx="0.18008218" tId="0" fbRx="0.190082096" lbRx="0.19008218" />
<p fId="0" fbTx="0.18008218" lbTx="0.180083055" tId="1" fbRx="0.18008218" lbRx="0.180083055" />
<p fId="1" fbTx="0.180083055" lbTx="0.18008393" tId="4" fbRx="0.180083055" lbRx="0.18008393" />
<p fId="3" fbTx="0.180182096" lbTx="0.18018218" tId="0" fbRx="0.190182096" lbRx="0.19018218" />
<p fId="0" fbTx="0.18018218" lbTx="0.180183055" tId="1" fbRx="0.18018218" lbRx="0.180183055" />
<p fId="1" fbTx="0.180183055" lbTx="0.18018393" tId="4" fbRx="0.180183055" lbRx="0.18018393" />
<pr uId="158" fId="4" fbTx="0.180214286" />
<wpr uId="158" tId="5" fbRx="0.180214286" lbRx="0" />
<wpr uId="158" tId="6" fbRx="0.180214286" lbRx="0" />
<p fId="3" fbTx="0.180282096" lbTx="0.18028218" tId="0" fbRx="0.190282096" lbRx="0.19028218" />
<p fId="0" fbTx="0.18028218" lbTx="0.180283055" tId="1" fbRx="0.18028218" lbRx="0.180283055" />
<p fId="1" fbTx="0.180283055" lbTx="0.18028393" tId="4" fbRx="0.180283055" lbRx="0.18028393" />
<p fId="3" fbTx="0.180382096" lbTx="0.18038218" tId="0" fbRx="0.190382096" lbRx="0.19038218" />
<p fId="0" fbTx="0.18038218" lbTx="0.180383055" tId="1" fbRx="0.18038218" lbRx="0.180383055" />
<p fId="1" fbTx="0.180383055" lbTx="0.18038393" tId="4" fbRx="0.180383055" lbRx="0.18038393" />
<p fId="3" fbTx="0.180482096" lbTx="0.18048218" tId="0" fbRx="0.190482096" lbRx="0.19048218" />
<p fId="0" fbTx="0.18048218" lbTx="0.180483055" tId="1" fbRx="0.18048218" lbRx="0.180483055" />
<p fId="1" fbTx="0.180483055" lbTx="0.18048393" tId="4" fbRx="0.180483055" lbRx="0.18048393" />
<p fId="3" fbTx="0.180582096" lbTx="0.18058218" tId="0" fbRx="0.190582096" lbRx="0.19058218" />
<p fId="0" fbTx="0.18058218" lbTx="0.180583055" tId="1" fbRx="0.18058218" lbRx="0.180583055" />
<p fId="1" fbTx="0.180583055" lbTx="0.18058393" tId="4" fbRx="0.180583055" lbRx="0.18058393" />
<p fId="3" fbTx="0.180682096" lbTx="0.18068218" tId="0" fbRx="0.190682096" lbRx="0.19068218" />
<p fId="0" fbTx="0.18068218" lbTx="0.180683055" tId="1" fbRx="0.18068218" lbRx="0.180683055" />
<p fId="1" fbTx="0.180683055" lbTx="0.18068393" tId="4" fbRx="0.180683055" lbRx="0.18068393" />
<p fId="3" fbTx="0.180782096" lbTx="0.18078218" tId="0" fbRx="0.190782096" lbRx="0.19078218" />
<p fId="0" fbTx="0.18078218" lbTx="0.180783055" tId="1" fbRx="0.18078218" lbRx="0.180783055" />
<p fId="1" fbTx="0.180783055" lbTx="0.18078393" tId="4" fbRx="0.180783055" lbRx="0.18078393" />
<p fId="3" fbTx="0.180882096" lbTx="0.18088218" tId="0" fbRx="0.190882096" lbRx="0.19088218" />
<p fId="0" fbTx="0.18088218" lbTx="0.180883055" tId="1" fbRx="0.18088218" lbRx="0.180883055" />
<p fId="1" fbTx="0.180883055" lbTx="0.18088393" tId="4" fbRx="0.180883055" lbRx="0.18088393" />
<p fId="3" fbTx="0.180982096" lbTx="0.18098218" tId="0" fbRx="0.190982096" lbRx="0.19098218" />
<p fId="0" fbTx="0.18098218" lbTx="0.180983055" tId="1" fbRx="0.18098218" lbRx="0.180983055" />
<p fId="1" fbTx="0.180983055" lbTx="0.18098393" tId="4" fbRx="0.180983055" lbRx="0.18098393" />
<p fId="3" fbTx="0.181082096" lbTx="0.18108218" tId="0" fbRx="0.191082096" lbRx="0.19108218" />
<p fId="0" fbTx="0.18108218" lbTx="0.181083055" tId="1" fbRx="0.18108218" lbRx="0.181083055" />
<p fId="1" fbTx="0.181083055" lbTx="0.18108393" tId="4" fbRx="0.181083055" lbRx="0.18108393" />
<p fId="3" fbTx="0.181182096" lbTx="0.18118218" tId="0" fbRx="0.191182096" lbRx="0.19118218" />
<p fId="0" fbTx="0.18118218" lbTx="0.181183055" tId="1" fbRx="0.18118218" lbRx="0.181183055" />
<p fId="1" fbTx="0.181183055" lbTx="0.18118393" tId="4" fbRx="0.181183055" lbRx="0.18118393" />
<pr uId="159" fId="4" fbTx="0.181214286" />
<wpr uId="159" tId="5" fbRx="0.181214286" lbRx="0" />
<wpr uId="159" tId="6" fbRx="0.181214286" lbRx="0" />
<p fId="3" fbTx="0.181282096" lbTx="0.18128218" tId="0" fbRx="0.191282096" lbRx="0.19128218" />
<p fId="0" fbTx="0.18128218" lbTx="0.181283055" tId="1" fbRx="0.18128218" lbRx="0.181283055" />
<p fId="1" fbTx="0.181283055" lbTx="0.18128393" tId="4" fbRx="0.181283055" lbRx="0.18128393" />
<p fId="3" fbTx="0.181382096" lbTx="0.18138218" tId="0" fbRx="0.191382096" lbRx="0.19138218" />
<p fId="0" fbTx="0.18138218" lbTx="0.181383055" tId="1" fbRx="0.18138218" lbRx="0.181383055" />
<p fId="1" fbTx="0.181383055" lbTx="0.18138393" tId="4" fbRx="0.181383055" lbRx="0.18138393" />
<p fId="3" fbTx="0.181482096" lbTx="0.18148218" tId="0" fbRx="0.191482096" lbRx="0.19148218" />
<p fId="0" fbTx="0.18148218" lbTx="0.181483055" tId="1" fbRx="0.18148218" lbRx="0.181483055" />
<p fId="1" fbTx="0.181483055" lbTx="0.18148393" tId="4" fbRx="0.181483055" lbRx="0.18148393" />
<p fId="3" fbTx="0.181582096" lbTx="0.18158218" tId="0" fbRx="0.191582096" lbRx="0.19158218" />
<p fId="0" fbTx="0.18158218" lbTx="0.181583055" tId="1" fbRx="0.18158218" lbRx="0.181583055" />
<p fId="1" fbTx="0.181583055" lbTx="0.18158393" tId="4" fbRx="0.181583055" lbRx="0.18158393" />
<p fId="3" fbTx="0.181682096" lbTx="0.18168218" tId="0" fbRx="0.191682096" lbRx="0.19168218" />
<p fId="0" fbTx="0.18168218" lbTx="0.181683055" tId="1" fbRx="0.18168218" lbRx="0.181683055" />
<p fId="1" fbTx="0.181683055" lbTx="0.18168393" tId="4" fbRx="0.181683055" lbRx="0.18168393" />
<p fId="3" fbTx="0.181782096" lbTx="0.18178218" tId="0" fbRx="0.191782096" lbRx="0.19178218" />
<p fId="0" fbTx="0.18178218" lbTx="0.181783055" tId="1" fbRx="0.18178218" lbRx="0.181783055" />
<p fId="1" fbTx="0.181783055" lbTx="0.18178393" tId="4" fbRx="0.181783055" lbRx="0.18178393" />
<p fId="3" fbTx="0.181882096" lbTx="0.18188218" tId="0" fbRx="0.191882096" lbRx="0.19188218" />
<p fId="0" fbTx="0.18188218" lbTx="0.181883055" tId="1" fbRx="0.18188218" lbRx="0.181883055" />
<p fId="1" fbTx="0.181883055" lbTx="0.18188393" tId="4" fbRx="0.181883055" lbRx="0.18188393" />
<p fId="3" fbTx="0.181982096" lbTx="0.18198218" tId="0" fbRx="0.191982096" lbRx="0.19198218" />
<p fId="0" fbTx="0.18198218" lbTx="0.181983055" tId="1" fbRx="0.18198218" lbRx="0.181983055" />
<p fId="1" fbTx="0.181983055" lbTx="0.18198393" tId="4" fbRx="0.181983055" lbRx="0.18198393" />
<p fId="3" fbTx="0.182082096" lbTx="0.18208218" tId="0" fbRx="0.192082096" lbRx="0.19208218" />
<p fId="0" fbTx="0.18208218" lbTx="0.182083055" tId="1" fbRx="0.18208218" lbRx="0.182083055" />
<p fId="1" fbTx="0.182083055" lbTx="0.18208393" tId="4" fbRx="0.182083055" lbRx="0.18208393" />
<p fId="3" fbTx="0.182182096" lbTx="0.18218218" tId="0" fbRx="0.192182096" lbRx="0.19218218" />
<p fId="0" fbTx="0.18218218" lbTx="0.182183055" tId="1" fbRx="0.18218218" lbRx="0.182183055" />
<p fId="1" fbTx="0.182183055" lbTx="0.18218393" tId="4" fbRx="0.182183055" lbRx="0.18218393" />
<pr uId="160" fId="4" fbTx="0.182214286" />
<wpr uId="160" tId="5" fbRx="0.182214286" lbRx="0" />
<wpr uId="160" tId="6" fbRx="0.182214286" lbRx="0" />
<p fId="3" fbTx="0.182282096" lbTx="0.18228218" tId="0" fbRx="0.192282096" lbRx="0.19228218" />
<p fId="0" fbTx="0.18228218" lbTx="0.182283055" tId="1" fbRx="0.18228218" lbRx="0.182283055" />
<p fId="1" fbTx="0.182283055" lbTx="0.18228393" tId="4" fbRx="0.182283055" lbRx="0.18228393" />
<p fId="3" fbTx="0.182382096" lbTx="0.18238218" tId="0" fbRx="0.192382096" lbRx="0.19238218" />
<p fId="0" fbTx="0.18238218" lbTx="0.182383055" tId="1" fbRx="0.18238218" lbRx="0.182383055" />
<p fId="1" fbTx="0.182383055" lbTx="0.18238393" tId="4" fbRx="0.182383055" lbRx="0.18238393" />
<p fId="3" fbTx="0.182482096" lbTx="0.18248218" tId="0" fbRx="0.192482096" lbRx="0.19248218" />
<p fId="0" fbTx="0.18248218" lbTx="0.182483055" tId="1" fbRx="0.18248218" lbRx="0.182483055" />
<p fId="1" fbTx="0.182483055" lbTx="0.18248393" tId="4" fbRx="0.182483055" lbRx="0.18248393" />
<p fId="3" fbTx="0.182582096" lbTx="0.18258218" tId="0" fbRx="0.192582096" lbRx="0.19258218" />
<p fId="0" fbTx="0.18258218" lbTx="0.182583055" tId="1" fbRx="0.18258218" lbRx="0.182583055" />
<p fId="1" fbTx="0.182583055" lbTx="0.18258393" tId="4" fbRx="0.182583055" lbRx="0.18258393" />
<p fId="3" fbTx="0.182682096" lbTx="0.18268218" tId="0" fbRx="0.192682096" lbRx="0.19268218" />
<p fId="0" fbTx="0.18268218" lbTx="0.182683055" tId="1" fbRx="0.18268218" lbRx="0.182683055" />
<p fId="1" fbTx="0.182683055" lbTx="0.18268393" tId="4" fbRx="0.182683055" lbRx="0.18268393" />
<p fId="3" fbTx="0.182782096" lbTx="0.18278218" tId="0" fbRx="0.192782096" lbRx="0.19278218" />
<p fId="0" fbTx="0.18278218" lbTx="0.182783055" tId="1" fbRx="0.18278218" lbRx="0.182783055" />
<p fId="1" fbTx="0.182783055" lbTx="0.18278393" tId="4" fbRx="0.182783055" lbRx="0.18278393" />
<p fId="3" fbTx="0.182882096" lbTx="0.18288218" tId="0" fbRx="0.192882096" lbRx="0.19288218" />
<p fId="0" fbTx="0.18288218" lbTx="0.182883055" tId="1" fbRx="0.18288218" lbRx="0.182883055" />
<p fId="1" fbTx="0.182883055" lbTx="0.18288393" tId="4" fbRx="0.182883055" lbRx="0.18288393" />
<p fId="3" fbTx="0.182982096" lbTx="0.18298218" tId="0" fbRx="0.192982096" lbRx="0.19298218" />
<p fId="0" fbTx="0.18298218" lbTx="0.182983055" tId="1" fbRx="0.18298218" lbRx="0.182983055" />
<p fId="1" fbTx="0.182983055" lbTx="0.18298393" tId="4" fbRx="0.182983055" lbRx="0.18298393" />
<p fId="3" fbTx="0.183082096" lbTx="0.18308218" tId="0" fbRx="0.193082096" lbRx="0.19308218" />
<p fId="0" fbTx="0.18308218" lbTx="0.183083055" tId="1" fbRx="0.18308218" lbRx="0.183083055" />
<p fId="1" fbTx="0.183083055" lbTx="0.18308393" tId="4" fbRx="0.183083055" lbRx="0.18308393" />
<p fId="3" fbTx="0.183182096" lbTx="0.18318218" tId="0" fbRx="0.193182096" lbRx="0.19318218" />
<p fId="0" fbTx="0.18318218" lbTx="0.183183055" tId="1" fbRx="0.18318218" lbRx="0.183183055" />
<p fId="1" fbTx="0.183183055" lbTx="0.18318393" tId="4" fbRx="0.183183055" lbRx="0.18318393" />
<pr uId="161" fId="4" fbTx="0.183214286" />
<wpr uId="161" tId="5" fbRx="0.183214286" lbRx="0" />
<wpr uId="161" tId="6" fbRx="0.183214286" lbRx="0" />
<p fId="3" fbTx="0.183282096" lbTx="0.18328218" tId="0" fbRx="0.193282096" lbRx="0.19328218" />
<p fId="0" fbTx="0.18328218" lbTx="0.183283055" tId="1" fbRx="0.18328218" lbRx="0.183283055" />
<p fId="1" fbTx="0.183283055" lbTx="0.18328393" tId="4" fbRx="0.183283055" lbRx="0.18328393" />
<p fId="3" fbTx="0.183382096" lbTx="0.18338218" tId="0" fbRx="0.193382096" lbRx="0.19338218" />
<p fId="0" fbTx="0.18338218" lbTx="0.183383055" tId="1" fbRx="0.18338218" lbRx="0.183383055" />
<p fId="1" fbTx="0.183383055" lbTx="0.18338393" tId="4" fbRx="0.183383055" lbRx="0.18338393" />
<p fId="3" fbTx="0.183482096" lbTx="0.18348218" tId="0" fbRx="0.193482096" lbRx="0.19348218" />
<p fId="0" fbTx="0.18348218" lbTx="0.183483055" tId="1" fbRx="0.18348218" lbRx="0.183483055" />
<p fId="1" fbTx="0.183483055" lbTx="0.18348393" tId="4" fbRx="0.183483055" lbRx="0.18348393" />
<p fId="3" fbTx="0.183582096" lbTx="0.18358218" tId="0" fbRx="0.193582096" lbRx="0.19358218" />
<p fId="0" fbTx="0.18358218" lbTx="0.183583055" tId="1" fbRx="0.18358218" lbRx="0.183583055" />
<p fId="1" fbTx="0.183583055" lbTx="0.18358393" tId="4" fbRx="0.183583055" lbRx="0.18358393" />
<p fId="3" fbTx="0.183682096" lbTx="0.18368218" tId="0" fbRx="0.193682096" lbRx="0.19368218" />
<p fId="0" fbTx="0.18368218" lbTx="0.183683055" tId="1" fbRx="0.18368218" lbRx="0.183683055" />
<p fId="1" fbTx="0.183683055" lbTx="0.18368393" tId="4" fbRx="0.183683055" lbRx="0.18368393" />
<p fId="3" fbTx="0.183782096" lbTx="0.18378218" tId="0" fbRx="0.193782096" lbRx="0.19378218" />
<p fId="0" fbTx="0.18378218" lbTx="0.183783055" tId="1" fbRx="0.18378218" lbRx="0.183783055" />
<p fId="1" fbTx="0.183783055" lbTx="0.18378393" tId="4" fbRx="0.183783055" lbRx="0.18378393" />
<p fId="3" fbTx="0.183882096" lbTx="0.18388218" tId="0" fbRx="0.193882096" lbRx="0.19388218" />
<p fId="0" fbTx="0.18388218" lbTx="0.183883055" tId="1" fbRx="0.18388218" lbRx="0.183883055" />
<p fId="1" fbTx="0.183883055" lbTx="0.18388393" tId="4" fbRx="0.183883055" lbRx="0.18388393" />
<p fId="3" fbTx="0.183982096" lbTx="0.18398218" tId="0" fbRx="0.193982096" lbRx="0.19398218" />
<p fId="0" fbTx="0.18398218" lbTx="0.183983055" tId="1" fbRx="0.18398218" lbRx="0.183983055" />
<p fId="1" fbTx="0.183983055" lbTx="0.18398393" tId="4" fbRx="0.183983055" lbRx="0.18398393" />
<p fId="3" fbTx="0.184082096" lbTx="0.18408218" tId="0" fbRx="0.194082096" lbRx="0.19408218" />
<p fId="0" fbTx="0.18408218" lbTx="0.184083055" tId="1" fbRx="0.18408218" lbRx="0.184083055" />
<p fId="1" fbTx="0.184083055" lbTx="0.18408393" tId="4" fbRx="0.184083055" lbRx="0.18408393" />
<p fId="3" fbTx="0.184182096" lbTx="0.18418218" tId="0" fbRx="0.194182096" lbRx="0.19418218" />
<p fId="0" fbTx="0.18418218" lbTx="0.184183055" tId="1" fbRx="0.18418218" lbRx="0.184183055" />
<p fId="1" fbTx="0.184183055" lbTx="0.18418393" tId="4" fbRx="0.184183055" lbRx="0.18418393" />
<pr uId="162" fId="4" fbTx="0.184214286" />
<wpr uId="162" tId="5" fbRx="0.184214286" lbRx="0" />
<wpr uId="162" tId="6" fbRx="0.184214286" lbRx="0" />
<p fId="3" fbTx="0.184282096" lbTx="0.18428218" tId="0" fbRx="0.194282096" lbRx="0.19428218" />
<p fId="0" fbTx="0.18428218" lbTx="0.184283055" tId="1" fbRx="0.18428218" lbRx="0.184283055" />
<p fId="1" fbTx="0.184283055" lbTx="0.18428393" tId="4" fbRx="0.184283055" lbRx="0.18428393" />
<p fId="3" fbTx="0.184382096" lbTx="0.18438218" tId="0" fbRx="0.194382096" lbRx="0.19438218" />
<p fId="0" fbTx="0.18438218" lbTx="0.184383055" tId="1" fbRx="0.18438218" lbRx="0.184383055" />
<p fId="1" fbTx="0.184383055" lbTx="0.18438393" tId="4" fbRx="0.184383055" lbRx="0.18438393" />
<p fId="3" fbTx="0.184482096" lbTx="0.18448218" tId="0" fbRx="0.194482096" lbRx="0.19448218" />
<p fId="0" fbTx="0.18448218" lbTx="0.184483055" tId="1" fbRx="0.18448218" lbRx="0.184483055" />
<p fId="1" fbTx="0.184483055" lbTx="0.18448393" tId="4" fbRx="0.184483055" lbRx="0.18448393" />
<p fId="3" fbTx="0.184582096" lbTx="0.18458218" tId="0" fbRx="0.194582096" lbRx="0.19458218" />
<p fId="0" fbTx="0.18458218" lbTx="0.184583055" tId="1" fbRx="0.18458218" lbRx="0.184583055" />
<p fId="1" fbTx="0.184583055" lbTx="0.18458393" tId="4" fbRx="0.184583055" lbRx="0.18458393" />
<p fId="3" fbTx="0.184682096" lbTx="0.18468218" tId="0" fbRx="0.194682096" lbRx="0.19468218" />
<p fId="0" fbTx="0.18468218" lbTx="0.184683055" tId="1" fbRx="0.18468218" lbRx="0.184683055" />
<p fId="1" fbTx="0.184683055" lbTx="0.18468393" tId="4" fbRx="0.184683055" lbRx="0.18468393" />
<p fId="3" fbTx="0.184782096" lbTx="0.18478218" tId="0" fbRx="0.194782096" lbRx="0.19478218" />
<p fId="0" fbTx="0.18478218" lbTx="0.184783055" tId="1" fbRx="0.18478218" lbRx="0.184783055" />
<p fId="1" fbTx="0.184783055" lbTx="0.18478393" tId="4" fbRx="0.184783055" lbRx="0.18478393" />
<p fId="3" fbTx="0.184882096" lbTx="0.18488218" tId="0" fbRx="0.194882096" lbRx="0.19488218" />
<p fId="0" fbTx="0.18488218" lbTx="0.184883055" tId="1" fbRx="0.18488218" lbRx="0.184883055" />
<p fId="1" fbTx="0.184883055" lbTx="0.18488393" tId="4" fbRx="0.184883055" lbRx="0.18488393" />
<p fId="3" fbTx="0.184982096" lbTx="0.18498218" tId="0" fbRx="0.194982096" lbRx="0.19498218" />
<p fId="0" fbTx="0.18498218" lbTx="0.184983055" tId="1" fbRx="0.18498218" lbRx="0.184983055" />
<p fId="1" fbTx="0.184983055" lbTx="0.18498393" tId="4" fbRx="0.184983055" lbRx="0.18498393" />
<p fId="3" fbTx="0.185082096" lbTx="0.18508218" tId="0" fbRx="0.195082096" lbRx="0.19508218" />
<p fId="0" fbTx="0.18508218" lbTx="0.185083055" tId="1" fbRx="0.18508218" lbRx="0.185083055" />
<p fId="1" fbTx="0.185083055" lbTx="0.18508393" tId="4" fbRx="0.185083055" lbRx="0.18508393" />
<p fId="3" fbTx="0.185182096" lbTx="0.18518218" tId="0" fbRx="0.195182096" lbRx="0.19518218" />
<p fId="0" fbTx="0.18518218" lbTx="0.185183055" tId="1" fbRx="0.18518218" lbRx="0.185183055" />
<p fId="1" fbTx="0.185183055" lbTx="0.18518393" tId="4" fbRx="0.185183055" lbRx="0.18518393" />
<pr uId="163" fId="4" fbTx="0.185214286" />
<wpr uId="163" tId="5" fbRx="0.185214286" lbRx="0" />
<wpr uId="163" tId="6" fbRx="0.185214286" lbRx="0" />
<p fId="3" fbTx="0.185282096" lbTx="0.18528218" tId="0" fbRx="0.195282096" lbRx="0.19528218" />
<p fId="0" fbTx="0.18528218" lbTx="0.185283055" tId="1" fbRx="0.18528218" lbRx="0.185283055" />
<p fId="1" fbTx="0.185283055" lbTx="0.18528393" tId="4" fbRx="0.185283055" lbRx="0.18528393" />
<p fId="3" fbTx="0.185382096" lbTx="0.18538218" tId="0" fbRx="0.195382096" lbRx="0.19538218" />
<p fId="0" fbTx="0.18538218" lbTx="0.185383055" tId="1" fbRx="0.18538218" lbRx="0.185383055" />
<p fId="1" fbTx="0.185383055" lbTx="0.18538393" tId="4" fbRx="0.185383055" lbRx="0.18538393" />
<p fId="3" fbTx="0.185482096" lbTx="0.18548218" tId="0" fbRx="0.195482096" lbRx="0.19548218" />
<p fId="0" fbTx="0.18548218" lbTx="0.185483055" tId="1" fbRx="0.18548218" lbRx="0.185483055" />
<p fId="1" fbTx="0.185483055" lbTx="0.18548393" tId="4" fbRx="0.185483055" lbRx="0.18548393" />
<p fId="3" fbTx="0.185582096" lbTx="0.18558218" tId="0" fbRx="0.195582096" lbRx="0.19558218" />
<p fId="0" fbTx="0.18558218" lbTx="0.185583055" tId="1" fbRx="0.18558218" lbRx="0.185583055" />
<p fId="1" fbTx="0.185583055" lbTx="0.18558393" tId="4" fbRx="0.185583055" lbRx="0.18558393" />
<p fId="3" fbTx="0.185682096" lbTx="0.18568218" tId="0" fbRx="0.195682096" lbRx="0.19568218" />
<p fId="0" fbTx="0.18568218" lbTx="0.185683055" tId="1" fbRx="0.18568218" lbRx="0.185683055" />
<p fId="1" fbTx="0.185683055" lbTx="0.18568393" tId="4" fbRx="0.185683055" lbRx="0.18568393" />
<p fId="3" fbTx="0.185782096" lbTx="0.18578218" tId="0" fbRx="0.195782096" lbRx="0.19578218" />
<p fId="0" fbTx="0.18578218" lbTx="0.185783055" tId="1" fbRx="0.18578218" lbRx="0.185783055" />
<p fId="1" fbTx="0.185783055" lbTx="0.18578393" tId="4" fbRx="0.185783055" lbRx="0.18578393" />
<p fId="3" fbTx="0.185882096" lbTx="0.18588218" tId="0" fbRx="0.195882096" lbRx="0.19588218" />
<p fId="0" fbTx="0.18588218" lbTx="0.185883055" tId="1" fbRx="0.18588218" lbRx="0.185883055" />
<p fId="1" fbTx="0.185883055" lbTx="0.18588393" tId="4" fbRx="0.185883055" lbRx="0.18588393" />
<p fId="3" fbTx="0.185982096" lbTx="0.18598218" tId="0" fbRx="0.195982096" lbRx="0.19598218" />
<p fId="0" fbTx="0.18598218" lbTx="0.185983055" tId="1" fbRx="0.18598218" lbRx="0.185983055" />
<p fId="1" fbTx="0.185983055" lbTx="0.18598393" tId="4" fbRx="0.185983055" lbRx="0.18598393" />
<p fId="3" fbTx="0.186082096" lbTx="0.18608218" tId="0" fbRx="0.196082096" lbRx="0.19608218" />
<p fId="0" fbTx="0.18608218" lbTx="0.186083055" tId="1" fbRx="0.18608218" lbRx="0.186083055" />
<p fId="1" fbTx="0.186083055" lbTx="0.18608393" tId="4" fbRx="0.186083055" lbRx="0.18608393" />
<p fId="3" fbTx="0.186182096" lbTx="0.18618218" tId="0" fbRx="0.196182096" lbRx="0.19618218" />
<p fId="0" fbTx="0.18618218" lbTx="0.186183055" tId="1" fbRx="0.18618218" lbRx="0.186183055" />
<p fId="1" fbTx="0.186183055" lbTx="0.18618393" tId="4" fbRx="0.186183055" lbRx="0.18618393" />
<pr uId="164" fId="4" fbTx="0.186214286" />
<wpr uId="164" tId="5" fbRx="0.186214286" lbRx="0" />
<wpr uId="164" tId="6" fbRx="0.186214286" lbRx="0" />
<p fId="3" fbTx="0.186282096" lbTx="0.18628218" tId="0" fbRx="0.196282096" lbRx="0.19628218" />
<p fId="0" fbTx="0.18628218" lbTx="0.186283055" tId="1" fbRx="0.18628218" lbRx="0.186283055" />
<p fId="1" fbTx="0.186283055" lbTx="0.18628393" tId="4" fbRx="0.186283055" lbRx="0.18628393" />
<p fId="3" fbTx="0.186382096" lbTx="0.18638218" tId="0" fbRx="0.196382096" lbRx="0.19638218" />
<p fId="0" fbTx="0.18638218" lbTx="0.186383055" tId="1" fbRx="0.18638218" lbRx="0.186383055" />
<p fId="1" fbTx="0.186383055" lbTx="0.18638393" tId="4" fbRx="0.186383055" lbRx="0.18638393" />
<p fId="3" fbTx="0.186482096" lbTx="0.18648218" tId="0" fbRx="0.196482096" lbRx="0.19648218" />
<p fId="0" fbTx="0.18648218" lbTx="0.186483055" tId="1" fbRx="0.18648218" lbRx="0.186483055" />
<p fId="1" fbTx="0.186483055" lbTx="0.18648393" tId="4" fbRx="0.186483055" lbRx="0.18648393" />
<p fId="3" fbTx="0.186582096" lbTx="0.18658218" tId="0" fbRx="0.196582096" lbRx="0.19658218" />
<p fId="0" fbTx="0.18658218" lbTx="0.186583055" tId="1" fbRx="0.18658218" lbRx="0.186583055" />
<p fId="1" fbTx="0.186583055" lbTx="0.18658393" tId="4" fbRx="0.186583055" lbRx="0.18658393" />
<p fId="3" fbTx="0.186682096" lbTx="0.18668218" tId="0" fbRx="0.196682096" lbRx="0.19668218" />
<p fId="0" fbTx="0.18668218" lbTx="0.186683055" tId="1" fbRx="0.18668218" lbRx="0.186683055" />
<p fId="1" fbTx="0.186683055" lbTx="0.18668393" tId="4" fbRx="0.186683055" lbRx="0.18668393" />
<p fId="3" fbTx="0.186782096" lbTx="0.18678218" tId="0" fbRx="0.196782096" lbRx="0.19678218" />
<p fId="0" fbTx="0.18678218" lbTx="0.186783055" tId="1" fbRx="0.18678218" lbRx="0.186783055" />
<p fId="1" fbTx="0.186783055" lbTx="0.18678393" tId="4" fbRx="0.186783055" lbRx="0.18678393" />
<p fId="3" fbTx="0.186882096" lbTx="0.18688218" tId="0" fbRx="0.196882096" lbRx="0.19688218" />
<p fId="0" fbTx="0.18688218" lbTx="0.186883055" tId="1" fbRx="0.18688218" lbRx="0.186883055" />
<p fId="1" fbTx="0.186883055" lbTx="0.18688393" tId="4" fbRx="0.186883055" lbRx="0.18688393" />
<p fId="3" fbTx="0.186982096" lbTx="0.18698218" tId="0" fbRx="0.196982096" lbRx="0.19698218" />
<p fId="0" fbTx="0.18698218" lbTx="0.186983055" tId="1" fbRx="0.18698218" lbRx="0.186983055" />
<p fId="1" fbTx="0.186983055" lbTx="0.18698393" tId="4" fbRx="0.186983055" lbRx="0.18698393" />
<p fId="3" fbTx="0.187082096" lbTx="0.18708218" tId="0" fbRx="0.197082096" lbRx="0.19708218" />
<p fId="0" fbTx="0.18708218" lbTx="0.187083055" tId="1" fbRx="0.18708218" lbRx="0.187083055" />
<p fId="1" fbTx="0.187083055" lbTx="0.18708393" tId="4" fbRx="0.187083055" lbRx="0.18708393" />
<p fId="3" fbTx="0.187182096" lbTx="0.18718218" tId="0" fbRx="0.197182096" lbRx="0.19718218" />
<p fId="0" fbTx="0.18718218" lbTx="0.187183055" tId="1" fbRx="0.18718218" lbRx="0.187183055" />
<p fId="1" fbTx="0.187183055" lbTx="0.18718393" tId="4" fbRx="0.187183055" lbRx="0.18718393" />
<pr uId="165" fId="4" fbTx="0.187214286" />
<wpr uId="165" tId="5" fbRx="0.187214286" lbRx="0" />
<wpr uId="165" tId="6" fbRx="0.187214286" lbRx="0" />
<p fId="3" fbTx="0.187282096" lbTx="0.18728218" tId="0" fbRx="0.197282096" lbRx="0.19728218" />
<p fId="0" fbTx="0.18728218" lbTx="0.187283055" tId="1" fbRx="0.18728218" lbRx="0.187283055" />
<p fId="1" fbTx="0.187283055" lbTx="0.18728393" tId="4" fbRx="0.187283055" lbRx="0.18728393" />
<p fId="3" fbTx="0.187382096" lbTx="0.18738218" tId="0" fbRx="0.197382096" lbRx="0.19738218" />
<p fId="0" fbTx="0.18738218" lbTx="0.187383055" tId="1" fbRx="0.18738218" lbRx="0.187383055" />
<p fId="1" fbTx="0.187383055" lbTx="0.18738393" tId="4" fbRx="0.187383055" lbRx="0.18738393" />
<p fId="3" fbTx="0.187482096" lbTx="0.18748218" tId="0" fbRx="0.197482096" lbRx="0.19748218" />
<p fId="0" fbTx="0.18748218" lbTx="0.187483055" tId="1" fbRx="0.18748218" lbRx="0.187483055" />
<p fId="1" fbTx="0.187483055" lbTx="0.18748393" tId="4" fbRx="0.187483055" lbRx="0.18748393" />
<p fId="3" fbTx="0.187582096" lbTx="0.18758218" tId="0" fbRx="0.197582096" lbRx="0.19758218" />
<p fId="0" fbTx="0.18758218" lbTx="0.187583055" tId="1" fbRx="0.18758218" lbRx="0.187583055" />
<p fId="1" fbTx="0.187583055" lbTx="0.18758393" tId="4" fbRx="0.187583055" lbRx="0.18758393" />
<p fId="3" fbTx="0.187682096" lbTx="0.18768218" tId="0" fbRx="0.197682096" lbRx="0.19768218" />
<p fId="0" fbTx="0.18768218" lbTx="0.187683055" tId="1" fbRx="0.18768218" lbRx="0.187683055" />
<p fId="1" fbTx="0.187683055" lbTx="0.18768393" tId="4" fbRx="0.187683055" lbRx="0.18768393" />
<p fId="3" fbTx="0.187782096" lbTx="0.18778218" tId="0" fbRx="0.197782096" lbRx="0.19778218" />
<p fId="0" fbTx="0.18778218" lbTx="0.187783055" tId="1" fbRx="0.18778218" lbRx="0.187783055" />
<p fId="1" fbTx="0.187783055" lbTx="0.18778393" tId="4" fbRx="0.187783055" lbRx="0.18778393" />
<p fId="3" fbTx="0.187882096" lbTx="0.18788218" tId="0" fbRx="0.197882096" lbRx="0.19788218" />
<p fId="0" fbTx="0.18788218" lbTx="0.187883055" tId="1" fbRx="0.18788218" lbRx="0.187883055" />
<p fId="1" fbTx="0.187883055" lbTx="0.18788393" tId="4" fbRx="0.187883055" lbRx="0.18788393" />
<p fId="3" fbTx="0.187982096" lbTx="0.18798218" tId="0" fbRx="0.197982096" lbRx="0.19798218" />
<p fId="0" fbTx="0.18798218" lbTx="0.187983055" tId="1" fbRx="0.18798218" lbRx="0.187983055" />
<p fId="1" fbTx="0.187983055" lbTx="0.18798393" tId="4" fbRx="0.187983055" lbRx="0.18798393" />
<p fId="3" fbTx="0.188082096" lbTx="0.18808218" tId="0" fbRx="0.198082096" lbRx="0.19808218" />
<p fId="0" fbTx="0.18808218" lbTx="0.188083055" tId="1" fbRx="0.18808218" lbRx="0.188083055" />
<p fId="1" fbTx="0.188083055" lbTx="0.18808393" tId="4" fbRx="0.188083055" lbRx="0.18808393" />
<p fId="3" fbTx="0.188182096" lbTx="0.18818218" tId="0" fbRx="0.198182096" lbRx="0.19818218" />
<p fId="0" fbTx="0.18818218" lbTx="0.188183055" tId="1" fbRx="0.18818218" lbRx="0.188183055" />
<p fId="1" fbTx="0.188183055" lbTx="0.18818393" tId="4" fbRx="0.188183055" lbRx="0.18818393" />
<pr uId="166" fId="4" fbTx="0.188214286" />
<wpr uId="166" tId="5" fbRx="0.188214286" lbRx="0" />
<wpr uId="166" tId="6" fbRx="0.188214286" lbRx="0" />
<p fId="3" fbTx="0.188282096" lbTx="0.18828218" tId="0" fbRx="0.198282096" lbRx="0.19828218" />
<p fId="0" fbTx="0.18828218" lbTx="0.188283055" tId="1" fbRx="0.18828218" lbRx="0.188283055" />
<p fId="1" fbTx="0.188283055" lbTx="0.18828393" tId="4" fbRx="0.188283055" lbRx="0.18828393" />
<p fId="3" fbTx="0.188382096" lbTx="0.18838218" tId="0" fbRx="0.198382096" lbRx="0.19838218" />
<p fId="0" fbTx="0.18838218" lbTx="0.188383055" tId="1" fbRx="0.18838218" lbRx="0.188383055" />
<p fId="1" fbTx="0.188383055" lbTx="0.18838393" tId="4" fbRx="0.188383055" lbRx="0.18838393" />
<p fId="3" fbTx="0.188482096" lbTx="0.18848218" tId="0" fbRx="0.198482096" lbRx="0.19848218" />
<p fId="0" fbTx="0.18848218" lbTx="0.188483055" tId="1" fbRx="0.18848218" lbRx="0.188483055" />
<p fId="1" fbTx="0.188483055" lbTx="0.18848393" tId="4" fbRx="0.188483055" lbRx="0.18848393" />
<p fId="3" fbTx="0.188582096" lbTx="0.18858218" tId="0" fbRx="0.198582096" lbRx="0.19858218" />
<p fId="0" fbTx="0.18858218" lbTx="0.188583055" tId="1" fbRx="0.18858218" lbRx="0.188583055" />
<p fId="1" fbTx="0.188583055" lbTx="0.18858393" tId="4" fbRx="0.188583055" lbRx="0.18858393" />
<p fId="3" fbTx="0.188682096" lbTx="0.18868218" tId="0" fbRx="0.198682096" lbRx="0.19868218" />
<p fId="0" fbTx="0.18868218" lbTx="0.188683055" tId="1" fbRx="0.18868218" lbRx="0.188683055" />
<p fId="1" fbTx="0.188683055" lbTx="0.18868393" tId="4" fbRx="0.188683055" lbRx="0.18868393" />
<p fId="3" fbTx="0.188782096" lbTx="0.18878218" tId="0" fbRx="0.198782096" lbRx="0.19878218" />
<p fId="0" fbTx="0.18878218" lbTx="0.188783055" tId="1" fbRx="0.18878218" lbRx="0.188783055" />
<p fId="1" fbTx="0.188783055" lbTx="0.18878393" tId="4" fbRx="0.188783055" lbRx="0.18878393" />
<p fId="3" fbTx="0.188882096" lbTx="0.18888218" tId="0" fbRx="0.198882096" lbRx="0.19888218" />
<p fId="0" fbTx="0.18888218" lbTx="0.188883055" tId="1" fbRx="0.18888218" lbRx="0.188883055" />
<p fId="1" fbTx="0.188883055" lbTx="0.18888393" tId="4" fbRx="0.188883055" lbRx="0.18888393" />
<p fId="3" fbTx="0.188982096" lbTx="0.18898218" tId="0" fbRx="0.198982096" lbRx="0.19898218" />
<p fId="0" fbTx="0.18898218" lbTx="0.188983055" tId="1" fbRx="0.18898218" lbRx="0.188983055" />
<p fId="1" fbTx="0.188983055" lbTx="0.18898393" tId="4" fbRx="0.188983055" lbRx="0.18898393" />
<p fId="3" fbTx="0.189082096" lbTx="0.18908218" tId="0" fbRx="0.199082096" lbRx="0.19908218" />
<p fId="0" fbTx="0.18908218" lbTx="0.189083055" tId="1" fbRx="0.18908218" lbRx="0.189083055" />
<p fId="1" fbTx="0.189083055" lbTx="0.18908393" tId="4" fbRx="0.189083055" lbRx="0.18908393" />
<p fId="3" fbTx="0.189182096" lbTx="0.18918218" tId="0" fbRx="0.199182096" lbRx="0.19918218" />
<p fId="0" fbTx="0.18918218" lbTx="0.189183055" tId="1" fbRx="0.18918218" lbRx="0.189183055" />
<p fId="1" fbTx="0.189183055" lbTx="0.18918393" tId="4" fbRx="0.189183055" lbRx="0.18918393" />
<pr uId="167" fId="4" fbTx="0.189214286" />
<wpr uId="167" tId="5" fbRx="0.189214286" lbRx="0" />
<wpr uId="167" tId="6" fbRx="0.189214286" lbRx="0" />
<p fId="3" fbTx="0.189282096" lbTx="0.18928218" tId="0" fbRx="0.199282096" lbRx="0.19928218" />
<p fId="0" fbTx="0.18928218" lbTx="0.189283055" tId="1" fbRx="0.18928218" lbRx="0.189283055" />
<p fId="1" fbTx="0.189283055" lbTx="0.18928393" tId="4" fbRx="0.189283055" lbRx="0.18928393" />
<p fId="3" fbTx="0.189382096" lbTx="0.18938218" tId="0" fbRx="0.199382096" lbRx="0.19938218" />
<p fId="0" fbTx="0.18938218" lbTx="0.189383055" tId="1" fbRx="0.18938218" lbRx="0.189383055" />
<p fId="1" fbTx="0.189383055" lbTx="0.18938393" tId="4" fbRx="0.189383055" lbRx="0.18938393" />
<p fId="3" fbTx="0.189482096" lbTx="0.18948218" tId="0" fbRx="0.199482096" lbRx="0.19948218" />
<p fId="0" fbTx="0.18948218" lbTx="0.189483055" tId="1" fbRx="0.18948218" lbRx="0.189483055" />
<p fId="1" fbTx="0.189483055" lbTx="0.18948393" tId="4" fbRx="0.189483055" lbRx="0.18948393" />
<p fId="3" fbTx="0.189582096" lbTx="0.18958218" tId="0" fbRx="0.199582096" lbRx="0.19958218" />
<p fId="0" fbTx="0.18958218" lbTx="0.189583055" tId="1" fbRx="0.18958218" lbRx="0.189583055" />
<p fId="1" fbTx="0.189583055" lbTx="0.18958393" tId="4" fbRx="0.189583055" lbRx="0.18958393" />
<p fId="3" fbTx="0.189682096" lbTx="0.18968218" tId="0" fbRx="0.199682096" lbRx="0.19968218" />
<p fId="0" fbTx="0.18968218" lbTx="0.189683055" tId="1" fbRx="0.18968218" lbRx="0.189683055" />
<p fId="1" fbTx="0.189683055" lbTx="0.18968393" tId="4" fbRx="0.189683055" lbRx="0.18968393" />
<p fId="3" fbTx="0.189782096" lbTx="0.18978218" tId="0" fbRx="0.199782096" lbRx="0.19978218" />
<p fId="0" fbTx="0.18978218" lbTx="0.189783055" tId="1" fbRx="0.18978218" lbRx="0.189783055" />
<p fId="1" fbTx="0.189783055" lbTx="0.18978393" tId="4" fbRx="0.189783055" lbRx="0.18978393" />
<p fId="3" fbTx="0.189882096" lbTx="0.18988218" tId="0" fbRx="0.199882096" lbRx="0.19988218" />
<p fId="0" fbTx="0.18988218" lbTx="0.189883055" tId="1" fbRx="0.18988218" lbRx="0.189883055" />
<p fId="1" fbTx="0.189883055" lbTx="0.18988393" tId="4" fbRx="0.189883055" lbRx="0.18988393" />
<p fId="3" fbTx="0.189982096" lbTx="0.18998218" tId="0" fbRx="0.199982096" lbRx="0.19998218" />
<p fId="0" fbTx="0.18998218" lbTx="0.189983055" tId="1" fbRx="0.18998218" lbRx="0.189983055" />
<p fId="1" fbTx="0.189983055" lbTx="0.18998393" tId="4" fbRx="0.189983055" lbRx="0.18998393" />
<p fId="3" fbTx="0.190082096" lbTx="0.19008218" tId="0" fbRx="0.200082096" lbRx="0.20008218" />
<p fId="0" fbTx="0.19008218" lbTx="0.190083055" tId="1" fbRx="0.19008218" lbRx="0.190083055" />
<p fId="1" fbTx="0.190083055" lbTx="0.19008393" tId="4" fbRx="0.190083055" lbRx="0.19008393" />
<p fId="3" fbTx="0.190182096" lbTx="0.19018218" tId="0" fbRx="0.200182096" lbRx="0.20018218" />
<p fId="0" fbTx="0.19018218" lbTx="0.190183055" tId="1" fbRx="0.19018218" lbRx="0.190183055" />
<p fId="1" fbTx="0.190183055" lbTx="0.19018393" tId="4" fbRx="0.190183055" lbRx="0.19018393" />
<pr uId="168" fId="4" fbTx="0.190214286" />
<wpr uId="168" tId="5" fbRx="0.190214286" lbRx="0" />
<wpr uId="168" tId="6" fbRx="0.190214286" lbRx="0" />
<p fId="3" fbTx="0.190282096" lbTx="0.19028218" tId="0" fbRx="0.200282096" lbRx="0.20028218" />
<p fId="0" fbTx="0.19028218" lbTx="0.190283055" tId="1" fbRx="0.19028218" lbRx="0.190283055" />
<p fId="1" fbTx="0.190283055" lbTx="0.19028393" tId="4" fbRx="0.190283055" lbRx="0.19028393" />
<p fId="3" fbTx="0.190382096" lbTx="0.19038218" tId="0" fbRx="0.200382096" lbRx="0.20038218" />
<p fId="0" fbTx="0.19038218" lbTx="0.190383055" tId="1" fbRx="0.19038218" lbRx="0.190383055" />
<p fId="1" fbTx="0.190383055" lbTx="0.19038393" tId="4" fbRx="0.190383055" lbRx="0.19038393" />
<p fId="3" fbTx="0.190482096" lbTx="0.19048218" tId="0" fbRx="0.200482096" lbRx="0.20048218" />
<p fId="0" fbTx="0.19048218" lbTx="0.190483055" tId="1" fbRx="0.19048218" lbRx="0.190483055" />
<p fId="1" fbTx="0.190483055" lbTx="0.19048393" tId="4" fbRx="0.190483055" lbRx="0.19048393" />
<p fId="3" fbTx="0.190582096" lbTx="0.19058218" tId="0" fbRx="0.200582096" lbRx="0.20058218" />
<p fId="0" fbTx="0.19058218" lbTx="0.190583055" tId="1" fbRx="0.19058218" lbRx="0.190583055" />
<p fId="1" fbTx="0.190583055" lbTx="0.19058393" tId="4" fbRx="0.190583055" lbRx="0.19058393" />
<p fId="3" fbTx="0.190682096" lbTx="0.19068218" tId="0" fbRx="0.200682096" lbRx="0.20068218" />
<p fId="0" fbTx="0.19068218" lbTx="0.190683055" tId="1" fbRx="0.19068218" lbRx="0.190683055" />
<p fId="1" fbTx="0.190683055" lbTx="0.19068393" tId="4" fbRx="0.190683055" lbRx="0.19068393" />
<p fId="3" fbTx="0.190782096" lbTx="0.19078218" tId="0" fbRx="0.200782096" lbRx="0.20078218" />
<p fId="0" fbTx="0.19078218" lbTx="0.190783055" tId="1" fbRx="0.19078218" lbRx="0.190783055" />
<p fId="1" fbTx="0.190783055" lbTx="0.19078393" tId="4" fbRx="0.190783055" lbRx="0.19078393" />
<p fId="3" fbTx="0.190882096" lbTx="0.19088218" tId="0" fbRx="0.200882096" lbRx="0.20088218" />
<p fId="0" fbTx="0.19088218" lbTx="0.190883055" tId="1" fbRx="0.19088218" lbRx="0.190883055" />
<p fId="1" fbTx="0.190883055" lbTx="0.19088393" tId="4" fbRx="0.190883055" lbRx="0.19088393" />
<p fId="3" fbTx="0.190982096" lbTx="0.19098218" tId="0" fbRx="0.200982096" lbRx="0.20098218" />
<p fId="0" fbTx="0.19098218" lbTx="0.190983055" tId="1" fbRx="0.19098218" lbRx="0.190983055" />
<p fId="1" fbTx="0.190983055" lbTx="0.19098393" tId="4" fbRx="0.190983055" lbRx="0.19098393" />
<p fId="3" fbTx="0.191082096" lbTx="0.19108218" tId="0" fbRx="0.201082096" lbRx="0.20108218" />
<p fId="0" fbTx="0.19108218" lbTx="0.191083055" tId="1" fbRx="0.19108218" lbRx="0.191083055" />
<p fId="1" fbTx="0.191083055" lbTx="0.19108393" tId="4" fbRx="0.191083055" lbRx="0.19108393" />
<p fId="3" fbTx="0.191182096" lbTx="0.19118218" tId="0" fbRx="0.201182096" lbRx="0.20118218" />
<p fId="0" fbTx="0.19118218" lbTx="0.191183055" tId="1" fbRx="0.19118218" lbRx="0.191183055" />
<p fId="1" fbTx="0.191183055" lbTx="0.19118393" tId="4" fbRx="0.191183055" lbRx="0.19118393" />
<pr uId="169" fId="4" fbTx="0.191214286" />
<wpr uId="169" tId="5" fbRx="0.191214286" lbRx="0" />
<wpr uId="169" tId="6" fbRx="0.191214286" lbRx="0" />
<p fId="3" fbTx="0.191282096" lbTx="0.19128218" tId="0" fbRx="0.201282096" lbRx="0.20128218" />
<p fId="0" fbTx="0.19128218" lbTx="0.191283055" tId="1" fbRx="0.19128218" lbRx="0.191283055" />
<p fId="1" fbTx="0.191283055" lbTx="0.19128393" tId="4" fbRx="0.191283055" lbRx="0.19128393" />
<p fId="3" fbTx="0.191382096" lbTx="0.19138218" tId="0" fbRx="0.201382096" lbRx="0.20138218" />
<p fId="0" fbTx="0.19138218" lbTx="0.191383055" tId="1" fbRx="0.19138218" lbRx="0.191383055" />
<p fId="1" fbTx="0.191383055" lbTx="0.19138393" tId="4" fbRx="0.191383055" lbRx="0.19138393" />
<p fId="3" fbTx="0.191482096" lbTx="0.19148218" tId="0" fbRx="0.201482096" lbRx="0.20148218" />
<p fId="0" fbTx="0.19148218" lbTx="0.191483055" tId="1" fbRx="0.19148218" lbRx="0.191483055" />
<p fId="1" fbTx="0.191483055" lbTx="0.19148393" tId="4" fbRx="0.191483055" lbRx="0.19148393" />
<p fId="3" fbTx="0.191582096" lbTx="0.19158218" tId="0" fbRx="0.201582096" lbRx="0.20158218" />
<p fId="0" fbTx="0.19158218" lbTx="0.191583055" tId="1" fbRx="0.19158218" lbRx="0.191583055" />
<p fId="1" fbTx="0.191583055" lbTx="0.19158393" tId="4" fbRx="0.191583055" lbRx="0.19158393" />
<p fId="3" fbTx="0.191682096" lbTx="0.19168218" tId="0" fbRx="0.201682096" lbRx="0.20168218" />
<p fId="0" fbTx="0.19168218" lbTx="0.191683055" tId="1" fbRx="0.19168218" lbRx="0.191683055" />
<p fId="1" fbTx="0.191683055" lbTx="0.19168393" tId="4" fbRx="0.191683055" lbRx="0.19168393" />
<p fId="3" fbTx="0.191782096" lbTx="0.19178218" tId="0" fbRx="0.201782096" lbRx="0.20178218" />
<p fId="0" fbTx="0.19178218" lbTx="0.191783055" tId="1" fbRx="0.19178218" lbRx="0.191783055" />
<p fId="1" fbTx="0.191783055" lbTx="0.19178393" tId="4" fbRx="0.191783055" lbRx="0.19178393" />
<p fId="3" fbTx="0.191882096" lbTx="0.19188218" tId="0" fbRx="0.201882096" lbRx="0.20188218" />
<p fId="0" fbTx="0.19188218" lbTx="0.191883055" tId="1" fbRx="0.19188218" lbRx="0.191883055" />
<p fId="1" fbTx="0.191883055" lbTx="0.19188393" tId="4" fbRx="0.191883055" lbRx="0.19188393" />
<p fId="3" fbTx="0.191982096" lbTx="0.19198218" tId="0" fbRx="0.201982096" lbRx="0.20198218" />
<p fId="0" fbTx="0.19198218" lbTx="0.191983055" tId="1" fbRx="0.19198218" lbRx="0.191983055" />
<p fId="1" fbTx="0.191983055" lbTx="0.19198393" tId="4" fbRx="0.191983055" lbRx="0.19198393" />
<p fId="3" fbTx="0.192082096" lbTx="0.19208218" tId="0" fbRx="0.202082096" lbRx="0.20208218" />
<p fId="0" fbTx="0.19208218" lbTx="0.192083055" tId="1" fbRx="0.19208218" lbRx="0.192083055" />
<p fId="1" fbTx="0.192083055" lbTx="0.19208393" tId="4" fbRx="0.192083055" lbRx="0.19208393" />
<p fId="3" fbTx="0.192182096" lbTx="0.19218218" tId="0" fbRx="0.202182096" lbRx="0.20218218" />
<p fId="0" fbTx="0.19218218" lbTx="0.192183055" tId="1" fbRx="0.19218218" lbRx="0.192183055" />
<p fId="1" fbTx="0.192183055" lbTx="0.19218393" tId="4" fbRx="0.192183055" lbRx="0.19218393" />
<pr uId="170" fId="4" fbTx="0.192214286" />
<wpr uId="170" tId="5" fbRx="0.192214286" lbRx="0" />
<wpr uId="170" tId="6" fbRx="0.192214286" lbRx="0" />
<p fId="3" fbTx="0.192282096" lbTx="0.19228218" tId="0" fbRx="0.202282096" lbRx="0.20228218" />
<p fId="0" fbTx="0.19228218" lbTx="0.192283055" tId="1" fbRx="0.19228218" lbRx="0.192283055" />
<p fId="1" fbTx="0.192283055" lbTx="0.19228393" tId="4" fbRx="0.192283055" lbRx="0.19228393" />
<p fId="3" fbTx="0.192382096" lbTx="0.19238218" tId="0" fbRx="0.202382096" lbRx="0.20238218" />
<p fId="0" fbTx="0.19238218" lbTx="0.192383055" tId="1" fbRx="0.19238218" lbRx="0.192383055" />
<p fId="1" fbTx="0.192383055" lbTx="0.19238393" tId="4" fbRx="0.192383055" lbRx="0.19238393" />
<p fId="3" fbTx="0.192482096" lbTx="0.19248218" tId="0" fbRx="0.202482096" lbRx="0.20248218" />
<p fId="0" fbTx="0.19248218" lbTx="0.192483055" tId="1" fbRx="0.19248218" lbRx="0.192483055" />
<p fId="1" fbTx="0.192483055" lbTx="0.19248393" tId="4" fbRx="0.192483055" lbRx="0.19248393" />
<p fId="3" fbTx="0.192582096" lbTx="0.19258218" tId="0" fbRx="0.202582096" lbRx="0.20258218" />
<p fId="0" fbTx="0.19258218" lbTx="0.192583055" tId="1" fbRx="0.19258218" lbRx="0.192583055" />
<p fId="1" fbTx="0.192583055" lbTx="0.19258393" tId="4" fbRx="0.192583055" lbRx="0.19258393" />
<p fId="3" fbTx="0.192682096" lbTx="0.19268218" tId="0" fbRx="0.202682096" lbRx="0.20268218" />
<p fId="0" fbTx="0.19268218" lbTx="0.192683055" tId="1" fbRx="0.19268218" lbRx="0.192683055" />
<p fId="1" fbTx="0.192683055" lbTx="0.19268393" tId="4" fbRx="0.192683055" lbRx="0.19268393" />
<p fId="3" fbTx="0.192782096" lbTx="0.19278218" tId="0" fbRx="0.202782096" lbRx="0.20278218" />
<p fId="0" fbTx="0.19278218" lbTx="0.192783055" tId="1" fbRx="0.19278218" lbRx="0.192783055" />
<p fId="1" fbTx="0.192783055" lbTx="0.19278393" tId="4" fbRx="0.192783055" lbRx="0.19278393" />
<p fId="3" fbTx="0.192882096" lbTx="0.19288218" tId="0" fbRx="0.202882096" lbRx="0.20288218" />
<p fId="0" fbTx="0.19288218" lbTx="0.192883055" tId="1" fbRx="0.19288218" lbRx="0.192883055" />
<p fId="1" fbTx="0.192883055" lbTx="0.19288393" tId="4" fbRx="0.192883055" lbRx="0.19288393" />
<p fId="3" fbTx="0.192982096" lbTx="0.19298218" tId="0" fbRx="0.202982096" lbRx="0.20298218" />
<p fId="0" fbTx="0.19298218" lbTx="0.192983055" tId="1" fbRx="0.19298218" lbRx="0.192983055" />
<p fId="1" fbTx="0.192983055" lbTx="0.19298393" tId="4" fbRx="0.192983055" lbRx="0.19298393" />
<p fId="3" fbTx="0.193082096" lbTx="0.19308218" tId="0" fbRx="0.203082096" lbRx="0.20308218" />
<p fId="0" fbTx="0.19308218" lbTx="0.193083055" tId="1" fbRx="0.19308218" lbRx="0.193083055" />
<p fId="1" fbTx="0.193083055" lbTx="0.19308393" tId="4" fbRx="0.193083055" lbRx="0.19308393" />
<p fId="3" fbTx="0.193182096" lbTx="0.19318218" tId="0" fbRx="0.203182096" lbRx="0.20318218" />
<p fId="0" fbTx="0.19318218" lbTx="0.193183055" tId="1" fbRx="0.19318218" lbRx="0.193183055" />
<p fId="1" fbTx="0.193183055" lbTx="0.19318393" tId="4" fbRx="0.193183055" lbRx="0.19318393" />
<pr uId="171" fId="4" fbTx="0.193214286" />
<wpr uId="171" tId="5" fbRx="0.193214286" lbRx="0" />
<wpr uId="171" tId="6" fbRx="0.193214286" lbRx="0" />
<p fId="3" fbTx="0.193282096" lbTx="0.19328218" tId="0" fbRx="0.203282096" lbRx="0.20328218" />
<p fId="0" fbTx="0.19328218" lbTx="0.193283055" tId="1" fbRx="0.19328218" lbRx="0.193283055" />
<p fId="1" fbTx="0.193283055" lbTx="0.19328393" tId="4" fbRx="0.193283055" lbRx="0.19328393" />
<p fId="3" fbTx="0.193382096" lbTx="0.19338218" tId="0" fbRx="0.203382096" lbRx="0.20338218" />
<p fId="0" fbTx="0.19338218" lbTx="0.193383055" tId="1" fbRx="0.19338218" lbRx="0.193383055" />
<p fId="1" fbTx="0.193383055" lbTx="0.19338393" tId="4" fbRx="0.193383055" lbRx="0.19338393" />
<p fId="3" fbTx="0.193482096" lbTx="0.19348218" tId="0" fbRx="0.203482096" lbRx="0.20348218" />
<p fId="0" fbTx="0.19348218" lbTx="0.193483055" tId="1" fbRx="0.19348218" lbRx="0.193483055" />
<p fId="1" fbTx="0.193483055" lbTx="0.19348393" tId="4" fbRx="0.193483055" lbRx="0.19348393" />
<p fId="3" fbTx="0.193582096" lbTx="0.19358218" tId="0" fbRx="0.203582096" lbRx="0.20358218" />
<p fId="0" fbTx="0.19358218" lbTx="0.193583055" tId="1" fbRx="0.19358218" lbRx="0.193583055" />
<p fId="1" fbTx="0.193583055" lbTx="0.19358393" tId="4" fbRx="0.193583055" lbRx="0.19358393" />
<p fId="3" fbTx="0.193682096" lbTx="0.19368218" tId="0" fbRx="0.203682096" lbRx="0.20368218" />
<p fId="0" fbTx="0.19368218" lbTx="0.193683055" tId="1" fbRx="0.19368218" lbRx="0.193683055" />
<p fId="1" fbTx="0.193683055" lbTx="0.19368393" tId="4" fbRx="0.193683055" lbRx="0.19368393" />
<p fId="3" fbTx="0.193782096" lbTx="0.19378218" tId="0" fbRx="0.203782096" lbRx="0.20378218" />
<p fId="0" fbTx="0.19378218" lbTx="0.193783055" tId="1" fbRx="0.19378218" lbRx="0.193783055" />
<p fId="1" fbTx="0.193783055" lbTx="0.19378393" tId="4" fbRx="0.193783055" lbRx="0.19378393" />
<p fId="3" fbTx="0.193882096" lbTx="0.19388218" tId="0" fbRx="0.203882096" lbRx="0.20388218" />
<p fId="0" fbTx="0.19388218" lbTx="0.193883055" tId="1" fbRx="0.19388218" lbRx="0.193883055" />
<p fId="1" fbTx="0.193883055" lbTx="0.19388393" tId="4" fbRx="0.193883055" lbRx="0.19388393" />
<p fId="3" fbTx="0.193982096" lbTx="0.19398218" tId="0" fbRx="0.203982096" lbRx="0.20398218" />
<p fId="0" fbTx="0.19398218" lbTx="0.193983055" tId="1" fbRx="0.19398218" lbRx="0.193983055" />
<p fId="1" fbTx="0.193983055" lbTx="0.19398393" tId="4" fbRx="0.193983055" lbRx="0.19398393" />
<p fId="3" fbTx="0.194082096" lbTx="0.19408218" tId="0" fbRx="0.204082096" lbRx="0.20408218" />
<p fId="0" fbTx="0.19408218" lbTx="0.194083055" tId="1" fbRx="0.19408218" lbRx="0.194083055" />
<p fId="1" fbTx="0.194083055" lbTx="0.19408393" tId="4" fbRx="0.194083055" lbRx="0.19408393" />
<p fId="3" fbTx="0.194182096" lbTx="0.19418218" tId="0" fbRx="0.204182096" lbRx="0.20418218" />
<p fId="0" fbTx="0.19418218" lbTx="0.194183055" tId="1" fbRx="0.19418218" lbRx="0.194183055" />
<p fId="1" fbTx="0.194183055" lbTx="0.19418393" tId="4" fbRx="0.194183055" lbRx="0.19418393" />
<pr uId="172" fId="4" fbTx="0.194214286" />
<wpr uId="172" tId="5" fbRx="0.194214286" lbRx="0" />
<wpr uId="172" tId="6" fbRx="0.194214286" lbRx="0" />
<p fId="3" fbTx="0.194282096" lbTx="0.19428218" tId="0" fbRx="0.204282096" lbRx="0.20428218" />
<p fId="0" fbTx="0.19428218" lbTx="0.194283055" tId="1" fbRx="0.19428218" lbRx="0.194283055" />
<p fId="1" fbTx="0.194283055" lbTx="0.19428393" tId="4" fbRx="0.194283055" lbRx="0.19428393" />
<p fId="3" fbTx="0.194382096" lbTx="0.19438218" tId="0" fbRx="0.204382096" lbRx="0.20438218" />
<p fId="0" fbTx="0.19438218" lbTx="0.194383055" tId="1" fbRx="0.19438218" lbRx="0.194383055" />
<p fId="1" fbTx="0.194383055" lbTx="0.19438393" tId="4" fbRx="0.194383055" lbRx="0.19438393" />
<p fId="3" fbTx="0.194482096" lbTx="0.19448218" tId="0" fbRx="0.204482096" lbRx="0.20448218" />
<p fId="0" fbTx="0.19448218" lbTx="0.194483055" tId="1" fbRx="0.19448218" lbRx="0.194483055" />
<p fId="1" fbTx="0.194483055" lbTx="0.19448393" tId="4" fbRx="0.194483055" lbRx="0.19448393" />
<p fId="3" fbTx="0.194582096" lbTx="0.19458218" tId="0" fbRx="0.204582096" lbRx="0.20458218" />
<p fId="0" fbTx="0.19458218" lbTx="0.194583055" tId="1" fbRx="0.19458218" lbRx="0.194583055" />
<p fId="1" fbTx="0.194583055" lbTx="0.19458393" tId="4" fbRx="0.194583055" lbRx="0.19458393" />
<p fId="3" fbTx="0.194682096" lbTx="0.19468218" tId="0" fbRx="0.204682096" lbRx="0.20468218" />
<p fId="0" fbTx="0.19468218" lbTx="0.194683055" tId="1" fbRx="0.19468218" lbRx="0.194683055" />
<p fId="1" fbTx="0.194683055" lbTx="0.19468393" tId="4" fbRx="0.194683055" lbRx="0.19468393" />
<p fId="3" fbTx="0.194782096" lbTx="0.19478218" tId="0" fbRx="0.204782096" lbRx="0.20478218" />
<p fId="0" fbTx="0.19478218" lbTx="0.194783055" tId="1" fbRx="0.19478218" lbRx="0.194783055" />
<p fId="1" fbTx="0.194783055" lbTx="0.19478393" tId="4" fbRx="0.194783055" lbRx="0.19478393" />
<p fId="3" fbTx="0.194882096" lbTx="0.19488218" tId="0" fbRx="0.204882096" lbRx="0.20488218" />
<p fId="0" fbTx="0.19488218" lbTx="0.194883055" tId="1" fbRx="0.19488218" lbRx="0.194883055" />
<p fId="1" fbTx="0.194883055" lbTx="0.19488393" tId="4" fbRx="0.194883055" lbRx="0.19488393" />
<p fId="3" fbTx="0.194982096" lbTx="0.19498218" tId="0" fbRx="0.204982096" lbRx="0.20498218" />
<p fId="0" fbTx="0.19498218" lbTx="0.194983055" tId="1" fbRx="0.19498218" lbRx="0.194983055" />
<p fId="1" fbTx="0.194983055" lbTx="0.19498393" tId="4" fbRx="0.194983055" lbRx="0.19498393" />
<p fId="3" fbTx="0.195082096" lbTx="0.19508218" tId="0" fbRx="0.205082096" lbRx="0.20508218" />
<p fId="0" fbTx="0.19508218" lbTx="0.195083055" tId="1" fbRx="0.19508218" lbRx="0.195083055" />
<p fId="1" fbTx="0.195083055" lbTx="0.19508393" tId="4" fbRx="0.195083055" lbRx="0.19508393" />
<p fId="3" fbTx="0.195182096" lbTx="0.19518218" tId="0" fbRx="0.205182096" lbRx="0.20518218" />
<p fId="0" fbTx="0.19518218" lbTx="0.195183055" tId="1" fbRx="0.19518218" lbRx="0.195183055" />
<p fId="1" fbTx="0.195183055" lbTx="0.19518393" tId="4" fbRx="0.195183055" lbRx="0.19518393" />
<pr uId="173" fId="4" fbTx="0.195214286" />
<wpr uId="173" tId="5" fbRx="0.195214286" lbRx="0" />
<wpr uId="173" tId="6" fbRx="0.195214286" lbRx="0" />
<p fId="3" fbTx="0.195282096" lbTx="0.19528218" tId="0" fbRx="0.205282096" lbRx="0.20528218" />
<p fId="0" fbTx="0.19528218" lbTx="0.195283055" tId="1" fbRx="0.19528218" lbRx="0.195283055" />
<p fId="1" fbTx="0.195283055" lbTx="0.19528393" tId="4" fbRx="0.195283055" lbRx="0.19528393" />
<p fId="3" fbTx="0.195382096" lbTx="0.19538218" tId="0" fbRx="0.205382096" lbRx="0.20538218" />
<p fId="0" fbTx="0.19538218" lbTx="0.195383055" tId="1" fbRx="0.19538218" lbRx="0.195383055" />
<p fId="1" fbTx="0.195383055" lbTx="0.19538393" tId="4" fbRx="0.195383055" lbRx="0.19538393" />
<p fId="3" fbTx="0.195482096" lbTx="0.19548218" tId="0" fbRx="0.205482096" lbRx="0.20548218" />
<p fId="0" fbTx="0.19548218" lbTx="0.195483055" tId="1" fbRx="0.19548218" lbRx="0.195483055" />
<p fId="1" fbTx="0.195483055" lbTx="0.19548393" tId="4" fbRx="0.195483055" lbRx="0.19548393" />
<p fId="3" fbTx="0.195582096" lbTx="0.19558218" tId="0" fbRx="0.205582096" lbRx="0.20558218" />
<p fId="0" fbTx="0.19558218" lbTx="0.195583055" tId="1" fbRx="0.19558218" lbRx="0.195583055" />
<p fId="1" fbTx="0.195583055" lbTx="0.19558393" tId="4" fbRx="0.195583055" lbRx="0.19558393" />
<p fId="3" fbTx="0.195682096" lbTx="0.19568218" tId="0" fbRx="0.205682096" lbRx="0.20568218" />
<p fId="0" fbTx="0.19568218" lbTx="0.195683055" tId="1" fbRx="0.19568218" lbRx="0.195683055" />
<p fId="1" fbTx="0.195683055" lbTx="0.19568393" tId="4" fbRx="0.195683055" lbRx="0.19568393" />
<p fId="3" fbTx="0.195782096" lbTx="0.19578218" tId="0" fbRx="0.205782096" lbRx="0.20578218" />
<p fId="0" fbTx="0.19578218" lbTx="0.195783055" tId="1" fbRx="0.19578218" lbRx="0.195783055" />
<p fId="1" fbTx="0.195783055" lbTx="0.19578393" tId="4" fbRx="0.195783055" lbRx="0.19578393" />
<p fId="3" fbTx="0.195882096" lbTx="0.19588218" tId="0" fbRx="0.205882096" lbRx="0.20588218" />
<p fId="0" fbTx="0.19588218" lbTx="0.195883055" tId="1" fbRx="0.19588218" lbRx="0.195883055" />
<p fId="1" fbTx="0.195883055" lbTx="0.19588393" tId="4" fbRx="0.195883055" lbRx="0.19588393" />
<p fId="3" fbTx="0.195982096" lbTx="0.19598218" tId="0" fbRx="0.205982096" lbRx="0.20598218" />
<p fId="0" fbTx="0.19598218" lbTx="0.195983055" tId="1" fbRx="0.19598218" lbRx="0.195983055" />
<p fId="1" fbTx="0.195983055" lbTx="0.19598393" tId="4" fbRx="0.195983055" lbRx="0.19598393" />
<p fId="3" fbTx="0.196082096" lbTx="0.19608218" tId="0" fbRx="0.206082096" lbRx="0.20608218" />
<p fId="0" fbTx="0.19608218" lbTx="0.196083055" tId="1" fbRx="0.19608218" lbRx="0.196083055" />
<p fId="1" fbTx="0.196083055" lbTx="0.19608393" tId="4" fbRx="0.196083055" lbRx="0.19608393" />
<p fId="3" fbTx="0.196182096" lbTx="0.19618218" tId="0" fbRx="0.206182096" lbRx="0.20618218" />
<p fId="0" fbTx="0.19618218" lbTx="0.196183055" tId="1" fbRx="0.19618218" lbRx="0.196183055" />
<p fId="1" fbTx="0.196183055" lbTx="0.19618393" tId="4" fbRx="0.196183055" lbRx="0.19618393" />
<pr uId="174" fId="4" fbTx="0.196214286" />
<wpr uId="174" tId="5" fbRx="0.196214286" lbRx="0" />
<wpr uId="174" tId="6" fbRx="0.196214286" lbRx="0" />
<p fId="3" fbTx="0.196282096" lbTx="0.19628218" tId="0" fbRx="0.206282096" lbRx="0.20628218" />
<p fId="0" fbTx="0.19628218" lbTx="0.196283055" tId="1" fbRx="0.19628218" lbRx="0.196283055" />
<p fId="1" fbTx="0.196283055" lbTx="0.19628393" tId="4" fbRx="0.196283055" lbRx="0.19628393" />
<p fId="3" fbTx="0.196382096" lbTx="0.19638218" tId="0" fbRx="0.206382096" lbRx="0.20638218" />
<p fId="0" fbTx="0.19638218" lbTx="0.196383055" tId="1" fbRx="0.19638218" lbRx="0.196383055" />
<p fId="1" fbTx="0.196383055" lbTx="0.19638393" tId="4" fbRx="0.196383055" lbRx="0.19638393" />
<p fId="3" fbTx="0.196482096" lbTx="0.19648218" tId="0" fbRx="0.206482096" lbRx="0.20648218" />
<p fId="0" fbTx="0.19648218" lbTx="0.196483055" tId="1" fbRx="0.19648218" lbRx="0.196483055" />
<p fId="1" fbTx="0.196483055" lbTx="0.19648393" tId="4" fbRx="0.196483055" lbRx="0.19648393" />
<p fId="3" fbTx="0.196582096" lbTx="0.19658218" tId="0" fbRx="0.206582096" lbRx="0.20658218" />
<p fId="0" fbTx="0.19658218" lbTx="0.196583055" tId="1" fbRx="0.19658218" lbRx="0.196583055" />
<p fId="1" fbTx="0.196583055" lbTx="0.19658393" tId="4" fbRx="0.196583055" lbRx="0.19658393" />
<p fId="3" fbTx="0.196682096" lbTx="0.19668218" tId="0" fbRx="0.206682096" lbRx="0.20668218" />
<p fId="0" fbTx="0.19668218" lbTx="0.196683055" tId="1" fbRx="0.19668218" lbRx="0.196683055" />
<p fId="1" fbTx="0.196683055" lbTx="0.19668393" tId="4" fbRx="0.196683055" lbRx="0.19668393" />
<p fId="3" fbTx="0.196782096" lbTx="0.19678218" tId="0" fbRx="0.206782096" lbRx="0.20678218" />
<p fId="0" fbTx="0.19678218" lbTx="0.196783055" tId="1" fbRx="0.19678218" lbRx="0.196783055" />
<p fId="1" fbTx="0.196783055" lbTx="0.19678393" tId="4" fbRx="0.196783055" lbRx="0.19678393" />
<p fId="3" fbTx="0.196882096" lbTx="0.19688218" tId="0" fbRx="0.206882096" lbRx="0.20688218" />
<p fId="0" fbTx="0.19688218" lbTx="0.196883055" tId="1" fbRx="0.19688218" lbRx="0.196883055" />
<p fId="1" fbTx="0.196883055" lbTx="0.19688393" tId="4" fbRx="0.196883055" lbRx="0.19688393" />
<p fId="3" fbTx="0.196982096" lbTx="0.19698218" tId="0" fbRx="0.206982096" lbRx="0.20698218" />
<p fId="0" fbTx="0.19698218" lbTx="0.196983055" tId="1" fbRx="0.19698218" lbRx="0.196983055" />
<p fId="1" fbTx="0.196983055" lbTx="0.19698393" tId="4" fbRx="0.196983055" lbRx="0.19698393" />
<p fId="3" fbTx="0.197082096" lbTx="0.19708218" tId="0" fbRx="0.207082096" lbRx="0.20708218" />
<p fId="0" fbTx="0.19708218" lbTx="0.197083055" tId="1" fbRx="0.19708218" lbRx="0.197083055" />
<p fId="1" fbTx="0.197083055" lbTx="0.19708393" tId="4" fbRx="0.197083055" lbRx="0.19708393" />
<p fId="3" fbTx="0.197182096" lbTx="0.19718218" tId="0" fbRx="0.207182096" lbRx="0.20718218" />
<p fId="0" fbTx="0.19718218" lbTx="0.197183055" tId="1" fbRx="0.19718218" lbRx="0.197183055" />
<p fId="1" fbTx="0.197183055" lbTx="0.19718393" tId="4" fbRx="0.197183055" lbRx="0.19718393" />
<pr uId="175" fId="4" fbTx="0.197214286" />
<wpr uId="175" tId="5" fbRx="0.197214286" lbRx="0" />
<wpr uId="175" tId="6" fbRx="0.197214286" lbRx="0" />
<p fId="3" fbTx="0.197282096" lbTx="0.19728218" tId="0" fbRx="0.207282096" lbRx="0.20728218" />
<p fId="0" fbTx="0.19728218" lbTx="0.197283055" tId="1" fbRx="0.19728218" lbRx="0.197283055" />
<p fId="1" fbTx="0.197283055" lbTx="0.19728393" tId="4" fbRx="0.197283055" lbRx="0.19728393" />
<p fId="3" fbTx="0.197382096" lbTx="0.19738218" tId="0" fbRx="0.207382096" lbRx="0.20738218" />
<p fId="0" fbTx="0.19738218" lbTx="0.197383055" tId="1" fbRx="0.19738218" lbRx="0.197383055" />
<p fId="1" fbTx="0.197383055" lbTx="0.19738393" tId="4" fbRx="0.197383055" lbRx="0.19738393" />
<p fId="3" fbTx="0.197482096" lbTx="0.19748218" tId="0" fbRx="0.207482096" lbRx="0.20748218" />
<p fId="0" fbTx="0.19748218" lbTx="0.197483055" tId="1" fbRx="0.19748218" lbRx="0.197483055" />
<p fId="1" fbTx="0.197483055" lbTx="0.19748393" tId="4" fbRx="0.197483055" lbRx="0.19748393" />
<p fId="3" fbTx="0.197582096" lbTx="0.19758218" tId="0" fbRx="0.207582096" lbRx="0.20758218" />
<p fId="0" fbTx="0.19758218" lbTx="0.197583055" tId="1" fbRx="0.19758218" lbRx="0.197583055" />
<p fId="1" fbTx="0.197583055" lbTx="0.19758393" tId="4" fbRx="0.197583055" lbRx="0.19758393" />
<p fId="3" fbTx="0.197682096" lbTx="0.19768218" tId="0" fbRx="0.207682096" lbRx="0.20768218" />
<p fId="0" fbTx="0.19768218" lbTx="0.197683055" tId="1" fbRx="0.19768218" lbRx="0.197683055" />
<p fId="1" fbTx="0.197683055" lbTx="0.19768393" tId="4" fbRx="0.197683055" lbRx="0.19768393" />
<p fId="3" fbTx="0.197782096" lbTx="0.19778218" tId="0" fbRx="0.207782096" lbRx="0.20778218" />
<p fId="0" fbTx="0.19778218" lbTx="0.197783055" tId="1" fbRx="0.19778218" lbRx="0.197783055" />
<p fId="1" fbTx="0.197783055" lbTx="0.19778393" tId="4" fbRx="0.197783055" lbRx="0.19778393" />
<p fId="3" fbTx="0.197882096" lbTx="0.19788218" tId="0" fbRx="0.207882096" lbRx="0.20788218" />
<p fId="0" fbTx="0.19788218" lbTx="0.197883055" tId="1" fbRx="0.19788218" lbRx="0.197883055" />
<p fId="1" fbTx="0.197883055" lbTx="0.19788393" tId="4" fbRx="0.197883055" lbRx="0.19788393" />
<p fId="3" fbTx="0.197982096" lbTx="0.19798218" tId="0" fbRx="0.207982096" lbRx="0.20798218" />
<p fId="0" fbTx="0.19798218" lbTx="0.197983055" tId="1" fbRx="0.19798218" lbRx="0.197983055" />
<p fId="1" fbTx="0.197983055" lbTx="0.19798393" tId="4" fbRx="0.197983055" lbRx="0.19798393" />
<p fId="3" fbTx="0.198082096" lbTx="0.19808218" tId="0" fbRx="0.208082096" lbRx="0.20808218" />
<p fId="0" fbTx="0.19808218" lbTx="0.198083055" tId="1" fbRx="0.19808218" lbRx="0.198083055" />
<p fId="1" fbTx="0.198083055" lbTx="0.19808393" tId="4" fbRx="0.198083055" lbRx="0.19808393" />
<p fId="3" fbTx="0.198182096" lbTx="0.19818218" tId="0" fbRx="0.208182096" lbRx="0.20818218" />
<p fId="0" fbTx="0.19818218" lbTx="0.198183055" tId="1" fbRx="0.19818218" lbRx="0.198183055" />
<p fId="1" fbTx="0.198183055" lbTx="0.19818393" tId="4" fbRx="0.198183055" lbRx="0.19818393" />
<pr uId="176" fId="4" fbTx="0.198214286" />
<wpr uId="176" tId="5" fbRx="0.198214286" lbRx="0" />
<wpr uId="176" tId="6" fbRx="0.198214286" lbRx="0" />
<p fId="3" fbTx="0.198282096" lbTx="0.19828218" tId="0" fbRx="0.208282096" lbRx="0.20828218" />
<p fId="0" fbTx="0.19828218" lbTx="0.198283055" tId="1" fbRx="0.19828218" lbRx="0.198283055" />
<p fId="1" fbTx="0.198283055" lbTx="0.19828393" tId="4" fbRx="0.198283055" lbRx="0.19828393" />
<p fId="3" fbTx="0.198382096" lbTx="0.19838218" tId="0" fbRx="0.208382096" lbRx="0.20838218" />
<p fId="0" fbTx="0.19838218" lbTx="0.198383055" tId="1" fbRx="0.19838218" lbRx="0.198383055" />
<p fId="1" fbTx="0.198383055" lbTx="0.19838393" tId="4" fbRx="0.198383055" lbRx="0.19838393" />
<p fId="3" fbTx="0.198482096" lbTx="0.19848218" tId="0" fbRx="0.208482096" lbRx="0.20848218" />
<p fId="0" fbTx="0.19848218" lbTx="0.198483055" tId="1" fbRx="0.19848218" lbRx="0.198483055" />
<p fId="1" fbTx="0.198483055" lbTx="0.19848393" tId="4" fbRx="0.198483055" lbRx="0.19848393" />
<p fId="3" fbTx="0.198582096" lbTx="0.19858218" tId="0" fbRx="0.208582096" lbRx="0.20858218" />
<p fId="0" fbTx="0.19858218" lbTx="0.198583055" tId="1" fbRx="0.19858218" lbRx="0.198583055" />
<p fId="1" fbTx="0.198583055" lbTx="0.19858393" tId="4" fbRx="0.198583055" lbRx="0.19858393" />
<p fId="3" fbTx="0.198682096" lbTx="0.19868218" tId="0" fbRx="0.208682096" lbRx="0.20868218" />
<p fId="0" fbTx="0.19868218" lbTx="0.198683055" tId="1" fbRx="0.19868218" lbRx="0.198683055" />
<p fId="1" fbTx="0.198683055" lbTx="0.19868393" tId="4" fbRx="0.198683055" lbRx="0.19868393" />
<p fId="3" fbTx="0.198782096" lbTx="0.19878218" tId="0" fbRx="0.208782096" lbRx="0.20878218" />
<p fId="0" fbTx="0.19878218" lbTx="0.198783055" tId="1" fbRx="0.19878218" lbRx="0.198783055" />
<p fId="1" fbTx="0.198783055" lbTx="0.19878393" tId="4" fbRx="0.198783055" lbRx="0.19878393" />
<p fId="3" fbTx="0.198882096" lbTx="0.19888218" tId="0" fbRx="0.208882096" lbRx="0.20888218" />
<p fId="0" fbTx="0.19888218" lbTx="0.198883055" tId="1" fbRx="0.19888218" lbRx="0.198883055" />
<p fId="1" fbTx="0.198883055" lbTx="0.19888393" tId="4" fbRx="0.198883055" lbRx="0.19888393" />
<p fId="3" fbTx="0.198982096" lbTx="0.19898218" tId="0" fbRx="0.208982096" lbRx="0.20898218" />
<p fId="0" fbTx="0.19898218" lbTx="0.198983055" tId="1" fbRx="0.19898218" lbRx="0.198983055" />
<p fId="1" fbTx="0.198983055" lbTx="0.19898393" tId="4" fbRx="0.198983055" lbRx="0.19898393" />
<p fId="3" fbTx="0.199082096" lbTx="0.19908218" tId="0" fbRx="0.209082096" lbRx="0.20908218" />
<p fId="0" fbTx="0.19908218" lbTx="0.199083055" tId="1" fbRx="0.19908218" lbRx="0.199083055" />
<p fId="1" fbTx="0.199083055" lbTx="0.19908393" tId="4" fbRx="0.199083055" lbRx="0.19908393" />
<p fId="3" fbTx="0.199182096" lbTx="0.19918218" tId="0" fbRx="0.209182096" lbRx="0.20918218" />
<p fId="0" fbTx="0.19918218" lbTx="0.199183055" tId="1" fbRx="0.19918218" lbRx="0.199183055" />
<p fId="1" fbTx="0.199183055" lbTx="0.19918393" tId="4" fbRx="0.199183055" lbRx="0.19918393" />
<pr uId="177" fId="4" fbTx="0.199214286" />
<wpr uId="177" tId="5" fbRx="0.199214286" lbRx="0" />
<wpr uId="177" tId="6" fbRx="0.199214286" lbRx="0" />
<p fId="3" fbTx="0.199282096" lbTx="0.19928218" tId="0" fbRx="0.209282096" lbRx="0.20928218" />
<p fId="0" fbTx="0.19928218" lbTx="0.199283055" tId="1" fbRx="0.19928218" lbRx="0.199283055" />
<p fId="1" fbTx="0.199283055" lbTx="0.19928393" tId="4" fbRx="0.199283055" lbRx="0.19928393" />
<p fId="3" fbTx="0.199382096" lbTx="0.19938218" tId="0" fbRx="0.209382096" lbRx="0.20938218" />
<p fId="0" fbTx="0.19938218" lbTx="0.199383055" tId="1" fbRx="0.19938218" lbRx="0.199383055" />
<p fId="1" fbTx="0.199383055" lbTx="0.19938393" tId="4" fbRx="0.199383055" lbRx="0.19938393" />
<p fId="3" fbTx="0.199482096" lbTx="0.19948218" tId="0" fbRx="0.209482096" lbRx="0.20948218" />
<p fId="0" fbTx="0.19948218" lbTx="0.199483055" tId="1" fbRx="0.19948218" lbRx="0.199483055" />
<p fId="1" fbTx="0.199483055" lbTx="0.19948393" tId="4" fbRx="0.199483055" lbRx="0.19948393" />
<p fId="3" fbTx="0.199582096" lbTx="0.19958218" tId="0" fbRx="0.209582096" lbRx="0.20958218" />
<p fId="0" fbTx="0.19958218" lbTx="0.199583055" tId="1" fbRx="0.19958218" lbRx="0.199583055" />
<p fId="1" fbTx="0.199583055" lbTx="0.19958393" tId="4" fbRx="0.199583055" lbRx="0.19958393" />
<p fId="3" fbTx="0.199682096" lbTx="0.19968218" tId="0" fbRx="0.209682096" lbRx="0.20968218" />
<p fId="0" fbTx="0.19968218" lbTx="0.199683055" tId="1" fbRx="0.19968218" lbRx="0.199683055" />
<p fId="1" fbTx="0.199683055" lbTx="0.19968393" tId="4" fbRx="0.199683055" lbRx="0.19968393" />
<p fId="3" fbTx="0.199782096" lbTx="0.19978218" tId="0" fbRx="0.209782096" lbRx="0.20978218" />
<p fId="0" fbTx="0.19978218" lbTx="0.199783055" tId="1" fbRx="0.19978218" lbRx="0.199783055" />
<p fId="1" fbTx="0.199783055" lbTx="0.19978393" tId="4" fbRx="0.199783055" lbRx="0.19978393" />
<p fId="3" fbTx="0.199882096" lbTx="0.19988218" tId="0" fbRx="0.209882096" lbRx="0.20988218" />
<p fId="0" fbTx="0.19988218" lbTx="0.199883055" tId="1" fbRx="0.19988218" lbRx="0.199883055" />
<p fId="1" fbTx="0.199883055" lbTx="0.19988393" tId="4" fbRx="0.199883055" lbRx="0.19988393" />
<p fId="3" fbTx="0.199982096" lbTx="0.19998218" tId="0" fbRx="0.209982096" lbRx="0.20998218" />
<p fId="0" fbTx="0.19998218" lbTx="0.199983055" tId="1" fbRx="0.19998218" lbRx="0.199983055" />
<p fId="1" fbTx="0.199983055" lbTx="0.19998393" tId="4" fbRx="0.199983055" lbRx="0.19998393" />
<p fId="3" fbTx="0.200082096" lbTx="0.20008218" tId="0" fbRx="0.210082096" lbRx="0.21008218" />
<p fId="0" fbTx="0.20008218" lbTx="0.200083055" tId="1" fbRx="0.20008218" lbRx="0.200083055" />
<p fId="1" fbTx="0.200083055" lbTx="0.20008393" tId="4" fbRx="0.200083055" lbRx="0.20008393" />
<p fId="3" fbTx="0.200182096" lbTx="0.20018218" tId="0" fbRx="0.210182096" lbRx="0.21018218" />
<p fId="0" fbTx="0.20018218" lbTx="0.200183055" tId="1" fbRx="0.20018218" lbRx="0.200183055" />
<p fId="1" fbTx="0.200183055" lbTx="0.20018393" tId="4" fbRx="0.200183055" lbRx="0.20018393" />
<pr uId="178" fId="4" fbTx="0.200214286" />
<wpr uId="178" tId="5" fbRx="0.200214286" lbRx="0" />
<wpr uId="178" tId="6" fbRx="0.200214286" lbRx="0" />
<p fId="3" fbTx="0.200282096" lbTx="0.20028218" tId="0" fbRx="0.210282096" lbRx="0.21028218" />
<p fId="0" fbTx="0.20028218" lbTx="0.200283055" tId="1" fbRx="0.20028218" lbRx="0.200283055" />
<p fId="1" fbTx="0.200283055" lbTx="0.20028393" tId="4" fbRx="0.200283055" lbRx="0.20028393" />
<p fId="3" fbTx="0.200382096" lbTx="0.20038218" tId="0" fbRx="0.210382096" lbRx="0.21038218" />
<p fId="0" fbTx="0.20038218" lbTx="0.200383055" tId="1" fbRx="0.20038218" lbRx="0.200383055" />
<p fId="1" fbTx="0.200383055" lbTx="0.20038393" tId="4" fbRx="0.200383055" lbRx="0.20038393" />
<p fId="3" fbTx="0.200482096" lbTx="0.20048218" tId="0" fbRx="0.210482096" lbRx="0.21048218" />
<p fId="0" fbTx="0.20048218" lbTx="0.200483055" tId="1" fbRx="0.20048218" lbRx="0.200483055" />
<p fId="1" fbTx="0.200483055" lbTx="0.20048393" tId="4" fbRx="0.200483055" lbRx="0.20048393" />
<p fId="3" fbTx="0.200582096" lbTx="0.20058218" tId="0" fbRx="0.210582096" lbRx="0.21058218" />
<p fId="0" fbTx="0.20058218" lbTx="0.200583055" tId="1" fbRx="0.20058218" lbRx="0.200583055" />
<p fId="1" fbTx="0.200583055" lbTx="0.20058393" tId="4" fbRx="0.200583055" lbRx="0.20058393" />
<p fId="3" fbTx="0.200682096" lbTx="0.20068218" tId="0" fbRx="0.210682096" lbRx="0.21068218" />
<p fId="0" fbTx="0.20068218" lbTx="0.200683055" tId="1" fbRx="0.20068218" lbRx="0.200683055" />
<p fId="1" fbTx="0.200683055" lbTx="0.20068393" tId="4" fbRx="0.200683055" lbRx="0.20068393" />
<p fId="3" fbTx="0.200782096" lbTx="0.20078218" tId="0" fbRx="0.210782096" lbRx="0.21078218" />
<p fId="0" fbTx="0.20078218" lbTx="0.200783055" tId="1" fbRx="0.20078218" lbRx="0.200783055" />
<p fId="1" fbTx="0.200783055" lbTx="0.20078393" tId="4" fbRx="0.200783055" lbRx="0.20078393" />
<p fId="3" fbTx="0.200882096" lbTx="0.20088218" tId="0" fbRx="0.210882096" lbRx="0.21088218" />
<p fId="0" fbTx="0.20088218" lbTx="0.200883055" tId="1" fbRx="0.20088218" lbRx="0.200883055" />
<p fId="1" fbTx="0.200883055" lbTx="0.20088393" tId="4" fbRx="0.200883055" lbRx="0.20088393" />
<p fId="3" fbTx="0.200982096" lbTx="0.20098218" tId="0" fbRx="0.210982096" lbRx="0.21098218" />
<p fId="0" fbTx="0.20098218" lbTx="0.200983055" tId="1" fbRx="0.20098218" lbRx="0.200983055" />
<p fId="1" fbTx="0.200983055" lbTx="0.20098393" tId="4" fbRx="0.200983055" lbRx="0.20098393" />
<p fId="3" fbTx="0.201082096" lbTx="0.20108218" tId="0" fbRx="0.211082096" lbRx="0.21108218" />
<p fId="0" fbTx="0.20108218" lbTx="0.201083055" tId="1" fbRx="0.20108218" lbRx="0.201083055" />
<p fId="1" fbTx="0.201083055" lbTx="0.20108393" tId="4" fbRx="0.201083055" lbRx="0.20108393" />
<p fId="3" fbTx="0.201182096" lbTx="0.20118218" tId="0" fbRx="0.211182096" lbRx="0.21118218" />
<p fId="0" fbTx="0.20118218" lbTx="0.201183055" tId="1" fbRx="0.20118218" lbRx="0.201183055" />
<p fId="1" fbTx="0.201183055" lbTx="0.20118393" tId="4" fbRx="0.201183055" lbRx="0.20118393" />
<pr uId="179" fId="4" fbTx="0.201214286" />
<wpr uId="179" tId="5" fbRx="0.201214286" lbRx="0" />
<wpr uId="179" tId="6" fbRx="0.201214286" lbRx="0" />
<p fId="3" fbTx="0.201282096" lbTx="0.20128218" tId="0" fbRx="0.211282096" lbRx="0.21128218" />
<p fId="0" fbTx="0.20128218" lbTx="0.201283055" tId="1" fbRx="0.20128218" lbRx="0.201283055" />
<p fId="1" fbTx="0.201283055" lbTx="0.20128393" tId="4" fbRx="0.201283055" lbRx="0.20128393" />
<p fId="3" fbTx="0.201382096" lbTx="0.20138218" tId="0" fbRx="0.211382096" lbRx="0.21138218" />
<p fId="0" fbTx="0.20138218" lbTx="0.201383055" tId="1" fbRx="0.20138218" lbRx="0.201383055" />
<p fId="1" fbTx="0.201383055" lbTx="0.20138393" tId="4" fbRx="0.201383055" lbRx="0.20138393" />
<p fId="3" fbTx="0.201482096" lbTx="0.20148218" tId="0" fbRx="0.211482096" lbRx="0.21148218" />
<p fId="0" fbTx="0.20148218" lbTx="0.201483055" tId="1" fbRx="0.20148218" lbRx="0.201483055" />
<p fId="1" fbTx="0.201483055" lbTx="0.20148393" tId="4" fbRx="0.201483055" lbRx="0.20148393" />
<p fId="3" fbTx="0.201582096" lbTx="0.20158218" tId="0" fbRx="0.211582096" lbRx="0.21158218" />
<p fId="0" fbTx="0.20158218" lbTx="0.201583055" tId="1" fbRx="0.20158218" lbRx="0.201583055" />
<p fId="1" fbTx="0.201583055" lbTx="0.20158393" tId="4" fbRx="0.201583055" lbRx="0.20158393" />
<p fId="3" fbTx="0.201682096" lbTx="0.20168218" tId="0" fbRx="0.211682096" lbRx="0.21168218" />
<p fId="0" fbTx="0.20168218" lbTx="0.201683055" tId="1" fbRx="0.20168218" lbRx="0.201683055" />
<p fId="1" fbTx="0.201683055" lbTx="0.20168393" tId="4" fbRx="0.201683055" lbRx="0.20168393" />
<p fId="3" fbTx="0.201782096" lbTx="0.20178218" tId="0" fbRx="0.211782096" lbRx="0.21178218" />
<p fId="0" fbTx="0.20178218" lbTx="0.201783055" tId="1" fbRx="0.20178218" lbRx="0.201783055" />
<p fId="1" fbTx="0.201783055" lbTx="0.20178393" tId="4" fbRx="0.201783055" lbRx="0.20178393" />
<p fId="3" fbTx="0.201882096" lbTx="0.20188218" tId="0" fbRx="0.211882096" lbRx="0.21188218" />
<p fId="0" fbTx="0.20188218" lbTx="0.201883055" tId="1" fbRx="0.20188218" lbRx="0.201883055" />
<p fId="1" fbTx="0.201883055" lbTx="0.20188393" tId="4" fbRx="0.201883055" lbRx="0.20188393" />
<p fId="3" fbTx="0.201982096" lbTx="0.20198218" tId="0" fbRx="0.211982096" lbRx="0.21198218" />
<p fId="0" fbTx="0.20198218" lbTx="0.201983055" tId="1" fbRx="0.20198218" lbRx="0.201983055" />
<p fId="1" fbTx="0.201983055" lbTx="0.20198393" tId="4" fbRx="0.201983055" lbRx="0.20198393" />
<p fId="3" fbTx="0.202082096" lbTx="0.20208218" tId="0" fbRx="0.212082096" lbRx="0.21208218" />
<p fId="0" fbTx="0.20208218" lbTx="0.202083055" tId="1" fbRx="0.20208218" lbRx="0.202083055" />
<p fId="1" fbTx="0.202083055" lbTx="0.20208393" tId="4" fbRx="0.202083055" lbRx="0.20208393" />
<p fId="3" fbTx="0.202182096" lbTx="0.20218218" tId="0" fbRx="0.212182096" lbRx="0.21218218" />
<p fId="0" fbTx="0.20218218" lbTx="0.202183055" tId="1" fbRx="0.20218218" lbRx="0.202183055" />
<p fId="1" fbTx="0.202183055" lbTx="0.20218393" tId="4" fbRx="0.202183055" lbRx="0.20218393" />
<pr uId="180" fId="4" fbTx="0.202214286" />
<wpr uId="180" tId="5" fbRx="0.202214286" lbRx="0" />
<wpr uId="180" tId="6" fbRx="0.202214286" lbRx="0" />
<p fId="3" fbTx="0.202282096" lbTx="0.20228218" tId="0" fbRx="0.212282096" lbRx="0.21228218" />
<p fId="0" fbTx="0.20228218" lbTx="0.202283055" tId="1" fbRx="0.20228218" lbRx="0.202283055" />
<p fId="1" fbTx="0.202283055" lbTx="0.20228393" tId="4" fbRx="0.202283055" lbRx="0.20228393" />
<p fId="3" fbTx="0.202382096" lbTx="0.20238218" tId="0" fbRx="0.212382096" lbRx="0.21238218" />
<p fId="0" fbTx="0.20238218" lbTx="0.202383055" tId="1" fbRx="0.20238218" lbRx="0.202383055" />
<p fId="1" fbTx="0.202383055" lbTx="0.20238393" tId="4" fbRx="0.202383055" lbRx="0.20238393" />
<p fId="3" fbTx="0.202482096" lbTx="0.20248218" tId="0" fbRx="0.212482096" lbRx="0.21248218" />
<p fId="0" fbTx="0.20248218" lbTx="0.202483055" tId="1" fbRx="0.20248218" lbRx="0.202483055" />
<p fId="1" fbTx="0.202483055" lbTx="0.20248393" tId="4" fbRx="0.202483055" lbRx="0.20248393" />
<p fId="3" fbTx="0.202582096" lbTx="0.20258218" tId="0" fbRx="0.212582096" lbRx="0.21258218" />
<p fId="0" fbTx="0.20258218" lbTx="0.202583055" tId="1" fbRx="0.20258218" lbRx="0.202583055" />
<p fId="1" fbTx="0.202583055" lbTx="0.20258393" tId="4" fbRx="0.202583055" lbRx="0.20258393" />
<p fId="3" fbTx="0.202682096" lbTx="0.20268218" tId="0" fbRx="0.212682096" lbRx="0.21268218" />
<p fId="0" fbTx="0.20268218" lbTx="0.202683055" tId="1" fbRx="0.20268218" lbRx="0.202683055" />
<p fId="1" fbTx="0.202683055" lbTx="0.20268393" tId="4" fbRx="0.202683055" lbRx="0.20268393" />
<p fId="3" fbTx="0.202782096" lbTx="0.20278218" tId="0" fbRx="0.212782096" lbRx="0.21278218" />
<p fId="0" fbTx="0.20278218" lbTx="0.202783055" tId="1" fbRx="0.20278218" lbRx="0.202783055" />
<p fId="1" fbTx="0.202783055" lbTx="0.20278393" tId="4" fbRx="0.202783055" lbRx="0.20278393" />
<p fId="3" fbTx="0.202882096" lbTx="0.20288218" tId="0" fbRx="0.212882096" lbRx="0.21288218" />
<p fId="0" fbTx="0.20288218" lbTx="0.202883055" tId="1" fbRx="0.20288218" lbRx="0.202883055" />
<p fId="1" fbTx="0.202883055" lbTx="0.20288393" tId="4" fbRx="0.202883055" lbRx="0.20288393" />
<p fId="3" fbTx="0.202982096" lbTx="0.20298218" tId="0" fbRx="0.212982096" lbRx="0.21298218" />
<p fId="0" fbTx="0.20298218" lbTx="0.202983055" tId="1" fbRx="0.20298218" lbRx="0.202983055" />
<p fId="1" fbTx="0.202983055" lbTx="0.20298393" tId="4" fbRx="0.202983055" lbRx="0.20298393" />
<p fId="3" fbTx="0.203082096" lbTx="0.20308218" tId="0" fbRx="0.213082096" lbRx="0.21308218" />
<p fId="0" fbTx="0.20308218" lbTx="0.203083055" tId="1" fbRx="0.20308218" lbRx="0.203083055" />
<p fId="1" fbTx="0.203083055" lbTx="0.20308393" tId="4" fbRx="0.203083055" lbRx="0.20308393" />
<p fId="3" fbTx="0.203182096" lbTx="0.20318218" tId="0" fbRx="0.213182096" lbRx="0.21318218" />
<p fId="0" fbTx="0.20318218" lbTx="0.203183055" tId="1" fbRx="0.20318218" lbRx="0.203183055" />
<p fId="1" fbTx="0.203183055" lbTx="0.20318393" tId="4" fbRx="0.203183055" lbRx="0.20318393" />
<pr uId="181" fId="4" fbTx="0.203214286" />
<wpr uId="181" tId="5" fbRx="0.203214286" lbRx="0" />
<wpr uId="181" tId="6" fbRx="0.203214286" lbRx="0" />
<p fId="3" fbTx="0.203282096" lbTx="0.20328218" tId="0" fbRx="0.213282096" lbRx="0.21328218" />
<p fId="0" fbTx="0.20328218" lbTx="0.203283055" tId="1" fbRx="0.20328218" lbRx="0.203283055" />
<p fId="1" fbTx="0.203283055" lbTx="0.20328393" tId="4" fbRx="0.203283055" lbRx="0.20328393" />
<p fId="3" fbTx="0.203382096" lbTx="0.20338218" tId="0" fbRx="0.213382096" lbRx="0.21338218" />
<p fId="0" fbTx="0.20338218" lbTx="0.203383055" tId="1" fbRx="0.20338218" lbRx="0.203383055" />
<p fId="1" fbTx="0.203383055" lbTx="0.20338393" tId="4" fbRx="0.203383055" lbRx="0.20338393" />
<p fId="3" fbTx="0.203482096" lbTx="0.20348218" tId="0" fbRx="0.213482096" lbRx="0.21348218" />
<p fId="0" fbTx="0.20348218" lbTx="0.203483055" tId="1" fbRx="0.20348218" lbRx="0.203483055" />
<p fId="1" fbTx="0.203483055" lbTx="0.20348393" tId="4" fbRx="0.203483055" lbRx="0.20348393" />
<p fId="3" fbTx="0.203582096" lbTx="0.20358218" tId="0" fbRx="0.213582096" lbRx="0.21358218" />
<p fId="0" fbTx="0.20358218" lbTx="0.203583055" tId="1" fbRx="0.20358218" lbRx="0.203583055" />
<p fId="1" fbTx="0.203583055" lbTx="0.20358393" tId="4" fbRx="0.203583055" lbRx="0.20358393" />
<p fId="3" fbTx="0.203682096" lbTx="0.20368218" tId="0" fbRx="0.213682096" lbRx="0.21368218" />
<p fId="0" fbTx="0.20368218" lbTx="0.203683055" tId="1" fbRx="0.20368218" lbRx="0.203683055" />
<p fId="1" fbTx="0.203683055" lbTx="0.20368393" tId="4" fbRx="0.203683055" lbRx="0.20368393" />
<p fId="3" fbTx="0.203782096" lbTx="0.20378218" tId="0" fbRx="0.213782096" lbRx="0.21378218" />
<p fId="0" fbTx="0.20378218" lbTx="0.203783055" tId="1" fbRx="0.20378218" lbRx="0.203783055" />
<p fId="1" fbTx="0.203783055" lbTx="0.20378393" tId="4" fbRx="0.203783055" lbRx="0.20378393" />
<p fId="3" fbTx="0.203882096" lbTx="0.20388218" tId="0" fbRx="0.213882096" lbRx="0.21388218" />
<p fId="0" fbTx="0.20388218" lbTx="0.203883055" tId="1" fbRx="0.20388218" lbRx="0.203883055" />
<p fId="1" fbTx="0.203883055" lbTx="0.20388393" tId="4" fbRx="0.203883055" lbRx="0.20388393" />
<p fId="3" fbTx="0.203982096" lbTx="0.20398218" tId="0" fbRx="0.213982096" lbRx="0.21398218" />
<p fId="0" fbTx="0.20398218" lbTx="0.203983055" tId="1" fbRx="0.20398218" lbRx="0.203983055" />
<p fId="1" fbTx="0.203983055" lbTx="0.20398393" tId="4" fbRx="0.203983055" lbRx="0.20398393" />
<p fId="3" fbTx="0.204082096" lbTx="0.20408218" tId="0" fbRx="0.214082096" lbRx="0.21408218" />
<p fId="0" fbTx="0.20408218" lbTx="0.204083055" tId="1" fbRx="0.20408218" lbRx="0.204083055" />
<p fId="1" fbTx="0.204083055" lbTx="0.20408393" tId="4" fbRx="0.204083055" lbRx="0.20408393" />
<p fId="3" fbTx="0.204182096" lbTx="0.20418218" tId="0" fbRx="0.214182096" lbRx="0.21418218" />
<p fId="0" fbTx="0.20418218" lbTx="0.204183055" tId="1" fbRx="0.20418218" lbRx="0.204183055" />
<p fId="1" fbTx="0.204183055" lbTx="0.20418393" tId="4" fbRx="0.204183055" lbRx="0.20418393" />
<pr uId="182" fId="4" fbTx="0.204214286" />
<wpr uId="182" tId="5" fbRx="0.204214286" lbRx="0" />
<wpr uId="182" tId="6" fbRx="0.204214286" lbRx="0" />
<p fId="3" fbTx="0.204282096" lbTx="0.20428218" tId="0" fbRx="0.214282096" lbRx="0.21428218" />
<p fId="0" fbTx="0.20428218" lbTx="0.204283055" tId="1" fbRx="0.20428218" lbRx="0.204283055" />
<p fId="1" fbTx="0.204283055" lbTx="0.20428393" tId="4" fbRx="0.204283055" lbRx="0.20428393" />
<p fId="3" fbTx="0.204382096" lbTx="0.20438218" tId="0" fbRx="0.214382096" lbRx="0.21438218" />
<p fId="0" fbTx="0.20438218" lbTx="0.204383055" tId="1" fbRx="0.20438218" lbRx="0.204383055" />
<p fId="1" fbTx="0.204383055" lbTx="0.20438393" tId="4" fbRx="0.204383055" lbRx="0.20438393" />
<p fId="3" fbTx="0.204482096" lbTx="0.20448218" tId="0" fbRx="0.214482096" lbRx="0.21448218" />
<p fId="0" fbTx="0.20448218" lbTx="0.204483055" tId="1" fbRx="0.20448218" lbRx="0.204483055" />
<p fId="1" fbTx="0.204483055" lbTx="0.20448393" tId="4" fbRx="0.204483055" lbRx="0.20448393" />
<p fId="3" fbTx="0.204582096" lbTx="0.20458218" tId="0" fbRx="0.214582096" lbRx="0.21458218" />
<p fId="0" fbTx="0.20458218" lbTx="0.204583055" tId="1" fbRx="0.20458218" lbRx="0.204583055" />
<p fId="1" fbTx="0.204583055" lbTx="0.20458393" tId="4" fbRx="0.204583055" lbRx="0.20458393" />
<p fId="3" fbTx="0.204682096" lbTx="0.20468218" tId="0" fbRx="0.214682096" lbRx="0.21468218" />
<p fId="0" fbTx="0.20468218" lbTx="0.204683055" tId="1" fbRx="0.20468218" lbRx="0.204683055" />
<p fId="1" fbTx="0.204683055" lbTx="0.20468393" tId="4" fbRx="0.204683055" lbRx="0.20468393" />
<p fId="3" fbTx="0.204782096" lbTx="0.20478218" tId="0" fbRx="0.214782096" lbRx="0.21478218" />
<p fId="0" fbTx="0.20478218" lbTx="0.204783055" tId="1" fbRx="0.20478218" lbRx="0.204783055" />
<p fId="1" fbTx="0.204783055" lbTx="0.20478393" tId="4" fbRx="0.204783055" lbRx="0.20478393" />
<p fId="3" fbTx="0.204882096" lbTx="0.20488218" tId="0" fbRx="0.214882096" lbRx="0.21488218" />
<p fId="0" fbTx="0.20488218" lbTx="0.204883055" tId="1" fbRx="0.20488218" lbRx="0.204883055" />
<p fId="1" fbTx="0.204883055" lbTx="0.20488393" tId="4" fbRx="0.204883055" lbRx="0.20488393" />
<p fId="3" fbTx="0.204982096" lbTx="0.20498218" tId="0" fbRx="0.214982096" lbRx="0.21498218" />
<p fId="0" fbTx="0.20498218" lbTx="0.204983055" tId="1" fbRx="0.20498218" lbRx="0.204983055" />
<p fId="1" fbTx="0.204983055" lbTx="0.20498393" tId="4" fbRx="0.204983055" lbRx="0.20498393" />
<p fId="3" fbTx="0.205082096" lbTx="0.20508218" tId="0" fbRx="0.215082096" lbRx="0.21508218" />
<p fId="0" fbTx="0.20508218" lbTx="0.205083055" tId="1" fbRx="0.20508218" lbRx="0.205083055" />
<p fId="1" fbTx="0.205083055" lbTx="0.20508393" tId="4" fbRx="0.205083055" lbRx="0.20508393" />
<p fId="3" fbTx="0.205182096" lbTx="0.20518218" tId="0" fbRx="0.215182096" lbRx="0.21518218" />
<p fId="0" fbTx="0.20518218" lbTx="0.205183055" tId="1" fbRx="0.20518218" lbRx="0.205183055" />
<p fId="1" fbTx="0.205183055" lbTx="0.20518393" tId="4" fbRx="0.205183055" lbRx="0.20518393" />
<pr uId="183" fId="4" fbTx="0.205214286" />
<wpr uId="183" tId="5" fbRx="0.205214286" lbRx="0" />
<wpr uId="183" tId="6" fbRx="0.205214286" lbRx="0" />
<p fId="3" fbTx="0.205282096" lbTx="0.20528218" tId="0" fbRx="0.215282096" lbRx="0.21528218" />
<p fId="0" fbTx="0.20528218" lbTx="0.205283055" tId="1" fbRx="0.20528218" lbRx="0.205283055" />
<p fId="1" fbTx="0.205283055" lbTx="0.20528393" tId="4" fbRx="0.205283055" lbRx="0.20528393" />
<p fId="3" fbTx="0.205382096" lbTx="0.20538218" tId="0" fbRx="0.215382096" lbRx="0.21538218" />
<p fId="0" fbTx="0.20538218" lbTx="0.205383055" tId="1" fbRx="0.20538218" lbRx="0.205383055" />
<p fId="1" fbTx="0.205383055" lbTx="0.20538393" tId="4" fbRx="0.205383055" lbRx="0.20538393" />
<p fId="3" fbTx="0.205482096" lbTx="0.20548218" tId="0" fbRx="0.215482096" lbRx="0.21548218" />
<p fId="0" fbTx="0.20548218" lbTx="0.205483055" tId="1" fbRx="0.20548218" lbRx="0.205483055" />
<p fId="1" fbTx="0.205483055" lbTx="0.20548393" tId="4" fbRx="0.205483055" lbRx="0.20548393" />
<p fId="3" fbTx="0.205582096" lbTx="0.20558218" tId="0" fbRx="0.215582096" lbRx="0.21558218" />
<p fId="0" fbTx="0.20558218" lbTx="0.205583055" tId="1" fbRx="0.20558218" lbRx="0.205583055" />
<p fId="1" fbTx="0.205583055" lbTx="0.20558393" tId="4" fbRx="0.205583055" lbRx="0.20558393" />
<p fId="3" fbTx="0.205682096" lbTx="0.20568218" tId="0" fbRx="0.215682096" lbRx="0.21568218" />
<p fId="0" fbTx="0.20568218" lbTx="0.205683055" tId="1" fbRx="0.20568218" lbRx="0.205683055" />
<p fId="1" fbTx="0.205683055" lbTx="0.20568393" tId="4" fbRx="0.205683055" lbRx="0.20568393" />
<p fId="3" fbTx="0.205782096" lbTx="0.20578218" tId="0" fbRx="0.215782096" lbRx="0.21578218" />
<p fId="0" fbTx="0.20578218" lbTx="0.205783055" tId="1" fbRx="0.20578218" lbRx="0.205783055" />
<p fId="1" fbTx="0.205783055" lbTx="0.20578393" tId="4" fbRx="0.205783055" lbRx="0.20578393" />
<p fId="3" fbTx="0.205882096" lbTx="0.20588218" tId="0" fbRx="0.215882096" lbRx="0.21588218" />
<p fId="0" fbTx="0.20588218" lbTx="0.205883055" tId="1" fbRx="0.20588218" lbRx="0.205883055" />
<p fId="1" fbTx="0.205883055" lbTx="0.20588393" tId="4" fbRx="0.205883055" lbRx="0.20588393" />
<p fId="3" fbTx="0.205982096" lbTx="0.20598218" tId="0" fbRx="0.215982096" lbRx="0.21598218" />
<p fId="0" fbTx="0.20598218" lbTx="0.205983055" tId="1" fbRx="0.20598218" lbRx="0.205983055" />
<p fId="1" fbTx="0.205983055" lbTx="0.20598393" tId="4" fbRx="0.205983055" lbRx="0.20598393" />
<p fId="3" fbTx="0.206082096" lbTx="0.20608218" tId="0" fbRx="0.216082096" lbRx="0.21608218" />
<p fId="0" fbTx="0.20608218" lbTx="0.206083055" tId="1" fbRx="0.20608218" lbRx="0.206083055" />
<p fId="1" fbTx="0.206083055" lbTx="0.20608393" tId="4" fbRx="0.206083055" lbRx="0.20608393" />
<p fId="3" fbTx="0.206182096" lbTx="0.20618218" tId="0" fbRx="0.216182096" lbRx="0.21618218" />
<p fId="0" fbTx="0.20618218" lbTx="0.206183055" tId="1" fbRx="0.20618218" lbRx="0.206183055" />
<p fId="1" fbTx="0.206183055" lbTx="0.20618393" tId="4" fbRx="0.206183055" lbRx="0.20618393" />
<pr uId="184" fId="4" fbTx="0.206214286" />
<wpr uId="184" tId="5" fbRx="0.206214286" lbRx="0" />
<wpr uId="184" tId="6" fbRx="0.206214286" lbRx="0" />
<p fId="3" fbTx="0.206282096" lbTx="0.20628218" tId="0" fbRx="0.216282096" lbRx="0.21628218" />
<p fId="0" fbTx="0.20628218" lbTx="0.206283055" tId="1" fbRx="0.20628218" lbRx="0.206283055" />
<p fId="1" fbTx="0.206283055" lbTx="0.20628393" tId="4" fbRx="0.206283055" lbRx="0.20628393" />
<p fId="3" fbTx="0.206382096" lbTx="0.20638218" tId="0" fbRx="0.216382096" lbRx="0.21638218" />
<p fId="0" fbTx="0.20638218" lbTx="0.206383055" tId="1" fbRx="0.20638218" lbRx="0.206383055" />
<p fId="1" fbTx="0.206383055" lbTx="0.20638393" tId="4" fbRx="0.206383055" lbRx="0.20638393" />
<p fId="3" fbTx="0.206482096" lbTx="0.20648218" tId="0" fbRx="0.216482096" lbRx="0.21648218" />
<p fId="0" fbTx="0.20648218" lbTx="0.206483055" tId="1" fbRx="0.20648218" lbRx="0.206483055" />
<p fId="1" fbTx="0.206483055" lbTx="0.20648393" tId="4" fbRx="0.206483055" lbRx="0.20648393" />
<p fId="3" fbTx="0.206582096" lbTx="0.20658218" tId="0" fbRx="0.216582096" lbRx="0.21658218" />
<p fId="0" fbTx="0.20658218" lbTx="0.206583055" tId="1" fbRx="0.20658218" lbRx="0.206583055" />
<p fId="1" fbTx="0.206583055" lbTx="0.20658393" tId="4" fbRx="0.206583055" lbRx="0.20658393" />
<p fId="3" fbTx="0.206682096" lbTx="0.20668218" tId="0" fbRx="0.216682096" lbRx="0.21668218" />
<p fId="0" fbTx="0.20668218" lbTx="0.206683055" tId="1" fbRx="0.20668218" lbRx="0.206683055" />
<p fId="1" fbTx="0.206683055" lbTx="0.20668393" tId="4" fbRx="0.206683055" lbRx="0.20668393" />
<p fId="3" fbTx="0.206782096" lbTx="0.20678218" tId="0" fbRx="0.216782096" lbRx="0.21678218" />
<p fId="0" fbTx="0.20678218" lbTx="0.206783055" tId="1" fbRx="0.20678218" lbRx="0.206783055" />
<p fId="1" fbTx="0.206783055" lbTx="0.20678393" tId="4" fbRx="0.206783055" lbRx="0.20678393" />
<p fId="3" fbTx="0.206882096" lbTx="0.20688218" tId="0" fbRx="0.216882096" lbRx="0.21688218" />
<p fId="0" fbTx="0.20688218" lbTx="0.206883055" tId="1" fbRx="0.20688218" lbRx="0.206883055" />
<p fId="1" fbTx="0.206883055" lbTx="0.20688393" tId="4" fbRx="0.206883055" lbRx="0.20688393" />
<p fId="3" fbTx="0.206982096" lbTx="0.20698218" tId="0" fbRx="0.216982096" lbRx="0.21698218" />
<p fId="0" fbTx="0.20698218" lbTx="0.206983055" tId="1" fbRx="0.20698218" lbRx="0.206983055" />
<p fId="1" fbTx="0.206983055" lbTx="0.20698393" tId="4" fbRx="0.206983055" lbRx="0.20698393" />
<p fId="3" fbTx="0.207082096" lbTx="0.20708218" tId="0" fbRx="0.217082096" lbRx="0.21708218" />
<p fId="0" fbTx="0.20708218" lbTx="0.207083055" tId="1" fbRx="0.20708218" lbRx="0.207083055" />
<p fId="1" fbTx="0.207083055" lbTx="0.20708393" tId="4" fbRx="0.207083055" lbRx="0.20708393" />
<p fId="3" fbTx="0.207182096" lbTx="0.20718218" tId="0" fbRx="0.217182096" lbRx="0.21718218" />
<p fId="0" fbTx="0.20718218" lbTx="0.207183055" tId="1" fbRx="0.20718218" lbRx="0.207183055" />
<p fId="1" fbTx="0.207183055" lbTx="0.20718393" tId="4" fbRx="0.207183055" lbRx="0.20718393" />
<pr uId="185" fId="4" fbTx="0.207214286" />
<wpr uId="185" tId="5" fbRx="0.207214286" lbRx="0" />
<wpr uId="185" tId="6" fbRx="0.207214286" lbRx="0" />
<p fId="3" fbTx="0.207282096" lbTx="0.20728218" tId="0" fbRx="0.217282096" lbRx="0.21728218" />
<p fId="0" fbTx="0.20728218" lbTx="0.207283055" tId="1" fbRx="0.20728218" lbRx="0.207283055" />
<p fId="1" fbTx="0.207283055" lbTx="0.20728393" tId="4" fbRx="0.207283055" lbRx="0.20728393" />
<p fId="3" fbTx="0.207382096" lbTx="0.20738218" tId="0" fbRx="0.217382096" lbRx="0.21738218" />
<p fId="0" fbTx="0.20738218" lbTx="0.207383055" tId="1" fbRx="0.20738218" lbRx="0.207383055" />
<p fId="1" fbTx="0.207383055" lbTx="0.20738393" tId="4" fbRx="0.207383055" lbRx="0.20738393" />
<p fId="3" fbTx="0.207482096" lbTx="0.20748218" tId="0" fbRx="0.217482096" lbRx="0.21748218" />
<p fId="0" fbTx="0.20748218" lbTx="0.207483055" tId="1" fbRx="0.20748218" lbRx="0.207483055" />
<p fId="1" fbTx="0.207483055" lbTx="0.20748393" tId="4" fbRx="0.207483055" lbRx="0.20748393" />
<p fId="3" fbTx="0.207582096" lbTx="0.20758218" tId="0" fbRx="0.217582096" lbRx="0.21758218" />
<p fId="0" fbTx="0.20758218" lbTx="0.207583055" tId="1" fbRx="0.20758218" lbRx="0.207583055" />
<p fId="1" fbTx="0.207583055" lbTx="0.20758393" tId="4" fbRx="0.207583055" lbRx="0.20758393" />
<p fId="3" fbTx="0.207682096" lbTx="0.20768218" tId="0" fbRx="0.217682096" lbRx="0.21768218" />
<p fId="0" fbTx="0.20768218" lbTx="0.207683055" tId="1" fbRx="0.20768218" lbRx="0.207683055" />
<p fId="1" fbTx="0.207683055" lbTx="0.20768393" tId="4" fbRx="0.207683055" lbRx="0.20768393" />
<p fId="3" fbTx="0.207782096" lbTx="0.20778218" tId="0" fbRx="0.217782096" lbRx="0.21778218" />
<p fId="0" fbTx="0.20778218" lbTx="0.207783055" tId="1" fbRx="0.20778218" lbRx="0.207783055" />
<p fId="1" fbTx="0.207783055" lbTx="0.20778393" tId="4" fbRx="0.207783055" lbRx="0.20778393" />
<p fId="3" fbTx="0.207882096" lbTx="0.20788218" tId="0" fbRx="0.217882096" lbRx="0.21788218" />
<p fId="0" fbTx="0.20788218" lbTx="0.207883055" tId="1" fbRx="0.20788218" lbRx="0.207883055" />
<p fId="1" fbTx="0.207883055" lbTx="0.20788393" tId="4" fbRx="0.207883055" lbRx="0.20788393" />
<p fId="3" fbTx="0.207982096" lbTx="0.20798218" tId="0" fbRx="0.217982096" lbRx="0.21798218" />
<p fId="0" fbTx="0.20798218" lbTx="0.207983055" tId="1" fbRx="0.20798218" lbRx="0.207983055" />
<p fId="1" fbTx="0.207983055" lbTx="0.20798393" tId="4" fbRx="0.207983055" lbRx="0.20798393" />
<p fId="3" fbTx="0.208082096" lbTx="0.20808218" tId="0" fbRx="0.218082096" lbRx="0.21808218" />
<p fId="0" fbTx="0.20808218" lbTx="0.208083055" tId="1" fbRx="0.20808218" lbRx="0.208083055" />
<p fId="1" fbTx="0.208083055" lbTx="0.20808393" tId="4" fbRx="0.208083055" lbRx="0.20808393" />
<p fId="3" fbTx="0.208182096" lbTx="0.20818218" tId="0" fbRx="0.218182096" lbRx="0.21818218" />
<p fId="0" fbTx="0.20818218" lbTx="0.208183055" tId="1" fbRx="0.20818218" lbRx="0.208183055" />
<p fId="1" fbTx="0.208183055" lbTx="0.20818393" tId="4" fbRx="0.208183055" lbRx="0.20818393" />
<pr uId="186" fId="4" fbTx="0.208214286" />
<wpr uId="186" tId="5" fbRx="0.208214286" lbRx="0" />
<wpr uId="186" tId="6" fbRx="0.208214286" lbRx="0" />
<p fId="3" fbTx="0.208282096" lbTx="0.20828218" tId="0" fbRx="0.218282096" lbRx="0.21828218" />
<p fId="0" fbTx="0.20828218" lbTx="0.208283055" tId="1" fbRx="0.20828218" lbRx="0.208283055" />
<p fId="1" fbTx="0.208283055" lbTx="0.20828393" tId="4" fbRx="0.208283055" lbRx="0.20828393" />
<p fId="3" fbTx="0.208382096" lbTx="0.20838218" tId="0" fbRx="0.218382096" lbRx="0.21838218" />
<p fId="0" fbTx="0.20838218" lbTx="0.208383055" tId="1" fbRx="0.20838218" lbRx="0.208383055" />
<p fId="1" fbTx="0.208383055" lbTx="0.20838393" tId="4" fbRx="0.208383055" lbRx="0.20838393" />
<p fId="3" fbTx="0.208482096" lbTx="0.20848218" tId="0" fbRx="0.218482096" lbRx="0.21848218" />
<p fId="0" fbTx="0.20848218" lbTx="0.208483055" tId="1" fbRx="0.20848218" lbRx="0.208483055" />
<p fId="1" fbTx="0.208483055" lbTx="0.20848393" tId="4" fbRx="0.208483055" lbRx="0.20848393" />
<p fId="3" fbTx="0.208582096" lbTx="0.20858218" tId="0" fbRx="0.218582096" lbRx="0.21858218" />
<p fId="0" fbTx="0.20858218" lbTx="0.208583055" tId="1" fbRx="0.20858218" lbRx="0.208583055" />
<p fId="1" fbTx="0.208583055" lbTx="0.20858393" tId="4" fbRx="0.208583055" lbRx="0.20858393" />
<p fId="3" fbTx="0.208682096" lbTx="0.20868218" tId="0" fbRx="0.218682096" lbRx="0.21868218" />
<p fId="0" fbTx="0.20868218" lbTx="0.208683055" tId="1" fbRx="0.20868218" lbRx="0.208683055" />
<p fId="1" fbTx="0.208683055" lbTx="0.20868393" tId="4" fbRx="0.208683055" lbRx="0.20868393" />
<p fId="3" fbTx="0.208782096" lbTx="0.20878218" tId="0" fbRx="0.218782096" lbRx="0.21878218" />
<p fId="0" fbTx="0.20878218" lbTx="0.208783055" tId="1" fbRx="0.20878218" lbRx="0.208783055" />
<p fId="1" fbTx="0.208783055" lbTx="0.20878393" tId="4" fbRx="0.208783055" lbRx="0.20878393" />
<p fId="3" fbTx="0.208882096" lbTx="0.20888218" tId="0" fbRx="0.218882096" lbRx="0.21888218" />
<p fId="0" fbTx="0.20888218" lbTx="0.208883055" tId="1" fbRx="0.20888218" lbRx="0.208883055" />
<p fId="1" fbTx="0.208883055" lbTx="0.20888393" tId="4" fbRx="0.208883055" lbRx="0.20888393" />
<p fId="3" fbTx="0.208982096" lbTx="0.20898218" tId="0" fbRx="0.218982096" lbRx="0.21898218" />
<p fId="0" fbTx="0.20898218" lbTx="0.208983055" tId="1" fbRx="0.20898218" lbRx="0.208983055" />
<p fId="1" fbTx="0.208983055" lbTx="0.20898393" tId="4" fbRx="0.208983055" lbRx="0.20898393" />
<p fId="3" fbTx="0.209082096" lbTx="0.20908218" tId="0" fbRx="0.219082096" lbRx="0.21908218" />
<p fId="0" fbTx="0.20908218" lbTx="0.209083055" tId="1" fbRx="0.20908218" lbRx="0.209083055" />
<p fId="1" fbTx="0.209083055" lbTx="0.20908393" tId="4" fbRx="0.209083055" lbRx="0.20908393" />
<p fId="3" fbTx="0.209182096" lbTx="0.20918218" tId="0" fbRx="0.219182096" lbRx="0.21918218" />
<p fId="0" fbTx="0.20918218" lbTx="0.209183055" tId="1" fbRx="0.20918218" lbRx="0.209183055" />
<p fId="1" fbTx="0.209183055" lbTx="0.20918393" tId="4" fbRx="0.209183055" lbRx="0.20918393" />
<pr uId="187" fId="4" fbTx="0.209214286" />
<wpr uId="187" tId="5" fbRx="0.209214286" lbRx="0" />
<wpr uId="187" tId="6" fbRx="0.209214286" lbRx="0" />
<p fId="3" fbTx="0.209282096" lbTx="0.20928218" tId="0" fbRx="0.219282096" lbRx="0.21928218" />
<p fId="0" fbTx="0.20928218" lbTx="0.209283055" tId="1" fbRx="0.20928218" lbRx="0.209283055" />
<p fId="1" fbTx="0.209283055" lbTx="0.20928393" tId="4" fbRx="0.209283055" lbRx="0.20928393" />
<p fId="3" fbTx="0.209382096" lbTx="0.20938218" tId="0" fbRx="0.219382096" lbRx="0.21938218" />
<p fId="0" fbTx="0.20938218" lbTx="0.209383055" tId="1" fbRx="0.20938218" lbRx="0.209383055" />
<p fId="1" fbTx="0.209383055" lbTx="0.20938393" tId="4" fbRx="0.209383055" lbRx="0.20938393" />
<p fId="3" fbTx="0.209482096" lbTx="0.20948218" tId="0" fbRx="0.219482096" lbRx="0.21948218" />
<p fId="0" fbTx="0.20948218" lbTx="0.209483055" tId="1" fbRx="0.20948218" lbRx="0.209483055" />
<p fId="1" fbTx="0.209483055" lbTx="0.20948393" tId="4" fbRx="0.209483055" lbRx="0.20948393" />
<p fId="3" fbTx="0.209582096" lbTx="0.20958218" tId="0" fbRx="0.219582096" lbRx="0.21958218" />
<p fId="0" fbTx="0.20958218" lbTx="0.209583055" tId="1" fbRx="0.20958218" lbRx="0.209583055" />
<p fId="1" fbTx="0.209583055" lbTx="0.20958393" tId="4" fbRx="0.209583055" lbRx="0.20958393" />
<p fId="3" fbTx="0.209682096" lbTx="0.20968218" tId="0" fbRx="0.219682096" lbRx="0.21968218" />
<p fId="0" fbTx="0.20968218" lbTx="0.209683055" tId="1" fbRx="0.20968218" lbRx="0.209683055" />
<p fId="1" fbTx="0.209683055" lbTx="0.20968393" tId="4" fbRx="0.209683055" lbRx="0.20968393" />
<p fId="3" fbTx="0.209782096" lbTx="0.20978218" tId="0" fbRx="0.219782096" lbRx="0.21978218" />
<p fId="0" fbTx="0.20978218" lbTx="0.209783055" tId="1" fbRx="0.20978218" lbRx="0.209783055" />
<p fId="1" fbTx="0.209783055" lbTx="0.20978393" tId="4" fbRx="0.209783055" lbRx="0.20978393" />
<p fId="3" fbTx="0.209882096" lbTx="0.20988218" tId="0" fbRx="0.219882096" lbRx="0.21988218" />
<p fId="0" fbTx="0.20988218" lbTx="0.209883055" tId="1" fbRx="0.20988218" lbRx="0.209883055" />
<p fId="1" fbTx="0.209883055" lbTx="0.20988393" tId="4" fbRx="0.209883055" lbRx="0.20988393" />
<p fId="3" fbTx="0.209982096" lbTx="0.20998218" tId="0" fbRx="0.219982096" lbRx="0.21998218" />
<p fId="0" fbTx="0.20998218" lbTx="0.209983055" tId="1" fbRx="0.20998218" lbRx="0.209983055" />
<p fId="1" fbTx="0.209983055" lbTx="0.20998393" tId="4" fbRx="0.209983055" lbRx="0.20998393" />
<p fId="3" fbTx="0.210082096" lbTx="0.21008218" tId="0" fbRx="0.220082096" lbRx="0.22008218" />
<p fId="0" fbTx="0.21008218" lbTx="0.210083055" tId="1" fbRx="0.21008218" lbRx="0.210083055" />
<p fId="1" fbTx="0.210083055" lbTx="0.21008393" tId="4" fbRx="0.210083055" lbRx="0.21008393" />
<p fId="3" fbTx="0.210182096" lbTx="0.21018218" tId="0" fbRx="0.220182096" lbRx="0.22018218" />
<p fId="0" fbTx="0.21018218" lbTx="0.210183055" tId="1" fbRx="0.21018218" lbRx="0.210183055" />
<p fId="1" fbTx="0.210183055" lbTx="0.21018393" tId="4" fbRx="0.210183055" lbRx="0.21018393" />
<pr uId="188" fId="4" fbTx="0.210214286" />
<wpr uId="188" tId="5" fbRx="0.210214286" lbRx="0" />
<wpr uId="188" tId="6" fbRx="0.210214286" lbRx="0" />
<p fId="3" fbTx="0.210282096" lbTx="0.21028218" tId="0" fbRx="0.220282096" lbRx="0.22028218" />
<p fId="0" fbTx="0.21028218" lbTx="0.210283055" tId="1" fbRx="0.21028218" lbRx="0.210283055" />
<p fId="1" fbTx="0.210283055" lbTx="0.21028393" tId="4" fbRx="0.210283055" lbRx="0.21028393" />
<p fId="3" fbTx="0.210382096" lbTx="0.21038218" tId="0" fbRx="0.220382096" lbRx="0.22038218" />
<p fId="0" fbTx="0.21038218" lbTx="0.210383055" tId="1" fbRx="0.21038218" lbRx="0.210383055" />
<p fId="1" fbTx="0.210383055" lbTx="0.21038393" tId="4" fbRx="0.210383055" lbRx="0.21038393" />
<p fId="3" fbTx="0.210482096" lbTx="0.21048218" tId="0" fbRx="0.220482096" lbRx="0.22048218" />
<p fId="0" fbTx="0.21048218" lbTx="0.210483055" tId="1" fbRx="0.21048218" lbRx="0.210483055" />
<p fId="1" fbTx="0.210483055" lbTx="0.21048393" tId="4" fbRx="0.210483055" lbRx="0.21048393" />
<p fId="3" fbTx="0.210582096" lbTx="0.21058218" tId="0" fbRx="0.220582096" lbRx="0.22058218" />
<p fId="0" fbTx="0.21058218" lbTx="0.210583055" tId="1" fbRx="0.21058218" lbRx="0.210583055" />
<p fId="1" fbTx="0.210583055" lbTx="0.21058393" tId="4" fbRx="0.210583055" lbRx="0.21058393" />
<p fId="3" fbTx="0.210682096" lbTx="0.21068218" tId="0" fbRx="0.220682096" lbRx="0.22068218" />
<p fId="0" fbTx="0.21068218" lbTx="0.210683055" tId="1" fbRx="0.21068218" lbRx="0.210683055" />
<p fId="1" fbTx="0.210683055" lbTx="0.21068393" tId="4" fbRx="0.210683055" lbRx="0.21068393" />
<p fId="3" fbTx="0.210782096" lbTx="0.21078218" tId="0" fbRx="0.220782096" lbRx="0.22078218" />
<p fId="0" fbTx="0.21078218" lbTx="0.210783055" tId="1" fbRx="0.21078218" lbRx="0.210783055" />
<p fId="1" fbTx="0.210783055" lbTx="0.21078393" tId="4" fbRx="0.210783055" lbRx="0.21078393" />
<p fId="3" fbTx="0.210882096" lbTx="0.21088218" tId="0" fbRx="0.220882096" lbRx="0.22088218" />
<p fId="0" fbTx="0.21088218" lbTx="0.210883055" tId="1" fbRx="0.21088218" lbRx="0.210883055" />
<p fId="1" fbTx="0.210883055" lbTx="0.21088393" tId="4" fbRx="0.210883055" lbRx="0.21088393" />
<p fId="3" fbTx="0.210982096" lbTx="0.21098218" tId="0" fbRx="0.220982096" lbRx="0.22098218" />
<p fId="0" fbTx="0.21098218" lbTx="0.210983055" tId="1" fbRx="0.21098218" lbRx="0.210983055" />
<p fId="1" fbTx="0.210983055" lbTx="0.21098393" tId="4" fbRx="0.210983055" lbRx="0.21098393" />
<p fId="3" fbTx="0.211082096" lbTx="0.21108218" tId="0" fbRx="0.221082096" lbRx="0.22108218" />
<p fId="0" fbTx="0.21108218" lbTx="0.211083055" tId="1" fbRx="0.21108218" lbRx="0.211083055" />
<p fId="1" fbTx="0.211083055" lbTx="0.21108393" tId="4" fbRx="0.211083055" lbRx="0.21108393" />
<p fId="3" fbTx="0.211182096" lbTx="0.21118218" tId="0" fbRx="0.221182096" lbRx="0.22118218" />
<p fId="0" fbTx="0.21118218" lbTx="0.211183055" tId="1" fbRx="0.21118218" lbRx="0.211183055" />
<p fId="1" fbTx="0.211183055" lbTx="0.21118393" tId="4" fbRx="0.211183055" lbRx="0.21118393" />
<pr uId="189" fId="4" fbTx="0.211214286" />
<wpr uId="189" tId="5" fbRx="0.211214286" lbRx="0" />
<wpr uId="189" tId="6" fbRx="0.211214286" lbRx="0" />
<p fId="3" fbTx="0.211282096" lbTx="0.21128218" tId="0" fbRx="0.221282096" lbRx="0.22128218" />
<p fId="0" fbTx="0.21128218" lbTx="0.211283055" tId="1" fbRx="0.21128218" lbRx="0.211283055" />
<p fId="1" fbTx="0.211283055" lbTx="0.21128393" tId="4" fbRx="0.211283055" lbRx="0.21128393" />
<p fId="3" fbTx="0.211382096" lbTx="0.21138218" tId="0" fbRx="0.221382096" lbRx="0.22138218" />
<p fId="0" fbTx="0.21138218" lbTx="0.211383055" tId="1" fbRx="0.21138218" lbRx="0.211383055" />
<p fId="1" fbTx="0.211383055" lbTx="0.21138393" tId="4" fbRx="0.211383055" lbRx="0.21138393" />
<p fId="3" fbTx="0.211482096" lbTx="0.21148218" tId="0" fbRx="0.221482096" lbRx="0.22148218" />
<p fId="0" fbTx="0.21148218" lbTx="0.211483055" tId="1" fbRx="0.21148218" lbRx="0.211483055" />
<p fId="1" fbTx="0.211483055" lbTx="0.21148393" tId="4" fbRx="0.211483055" lbRx="0.21148393" />
<p fId="3" fbTx="0.211582096" lbTx="0.21158218" tId="0" fbRx="0.221582096" lbRx="0.22158218" />
<p fId="0" fbTx="0.21158218" lbTx="0.211583055" tId="1" fbRx="0.21158218" lbRx="0.211583055" />
<p fId="1" fbTx="0.211583055" lbTx="0.21158393" tId="4" fbRx="0.211583055" lbRx="0.21158393" />
<p fId="3" fbTx="0.211682096" lbTx="0.21168218" tId="0" fbRx="0.221682096" lbRx="0.22168218" />
<p fId="0" fbTx="0.21168218" lbTx="0.211683055" tId="1" fbRx="0.21168218" lbRx="0.211683055" />
<p fId="1" fbTx="0.211683055" lbTx="0.21168393" tId="4" fbRx="0.211683055" lbRx="0.21168393" />
<p fId="3" fbTx="0.211782096" lbTx="0.21178218" tId="0" fbRx="0.221782096" lbRx="0.22178218" />
<p fId="0" fbTx="0.21178218" lbTx="0.211783055" tId="1" fbRx="0.21178218" lbRx="0.211783055" />
<p fId="1" fbTx="0.211783055" lbTx="0.21178393" tId="4" fbRx="0.211783055" lbRx="0.21178393" />
<p fId="3" fbTx="0.211882096" lbTx="0.21188218" tId="0" fbRx="0.221882096" lbRx="0.22188218" />
<p fId="0" fbTx="0.21188218" lbTx="0.211883055" tId="1" fbRx="0.21188218" lbRx="0.211883055" />
<p fId="1" fbTx="0.211883055" lbTx="0.21188393" tId="4" fbRx="0.211883055" lbRx="0.21188393" />
<p fId="3" fbTx="0.211982096" lbTx="0.21198218" tId="0" fbRx="0.221982096" lbRx="0.22198218" />
<p fId="0" fbTx="0.21198218" lbTx="0.211983055" tId="1" fbRx="0.21198218" lbRx="0.211983055" />
<p fId="1" fbTx="0.211983055" lbTx="0.21198393" tId="4" fbRx="0.211983055" lbRx="0.21198393" />
<p fId="3" fbTx="0.212082096" lbTx="0.21208218" tId="0" fbRx="0.222082096" lbRx="0.22208218" />
<p fId="0" fbTx="0.21208218" lbTx="0.212083055" tId="1" fbRx="0.21208218" lbRx="0.212083055" />
<p fId="1" fbTx="0.212083055" lbTx="0.21208393" tId="4" fbRx="0.212083055" lbRx="0.21208393" />
<p fId="3" fbTx="0.212182096" lbTx="0.21218218" tId="0" fbRx="0.222182096" lbRx="0.22218218" />
<p fId="0" fbTx="0.21218218" lbTx="0.212183055" tId="1" fbRx="0.21218218" lbRx="0.212183055" />
<p fId="1" fbTx="0.212183055" lbTx="0.21218393" tId="4" fbRx="0.212183055" lbRx="0.21218393" />
<pr uId="190" fId="4" fbTx="0.212214286" />
<wpr uId="190" tId="5" fbRx="0.212214286" lbRx="0" />
<wpr uId="190" tId="6" fbRx="0.212214286" lbRx="0" />
<p fId="3" fbTx="0.212282096" lbTx="0.21228218" tId="0" fbRx="0.222282096" lbRx="0.22228218" />
<p fId="0" fbTx="0.21228218" lbTx="0.212283055" tId="1" fbRx="0.21228218" lbRx="0.212283055" />
<p fId="1" fbTx="0.212283055" lbTx="0.21228393" tId="4" fbRx="0.212283055" lbRx="0.21228393" />
<p fId="3" fbTx="0.212382096" lbTx="0.21238218" tId="0" fbRx="0.222382096" lbRx="0.22238218" />
<p fId="0" fbTx="0.21238218" lbTx="0.212383055" tId="1" fbRx="0.21238218" lbRx="0.212383055" />
<p fId="1" fbTx="0.212383055" lbTx="0.21238393" tId="4" fbRx="0.212383055" lbRx="0.21238393" />
<p fId="3" fbTx="0.212482096" lbTx="0.21248218" tId="0" fbRx="0.222482096" lbRx="0.22248218" />
<p fId="0" fbTx="0.21248218" lbTx="0.212483055" tId="1" fbRx="0.21248218" lbRx="0.212483055" />
<p fId="1" fbTx="0.212483055" lbTx="0.21248393" tId="4" fbRx="0.212483055" lbRx="0.21248393" />
<p fId="3" fbTx="0.212582096" lbTx="0.21258218" tId="0" fbRx="0.222582096" lbRx="0.22258218" />
<p fId="0" fbTx="0.21258218" lbTx="0.212583055" tId="1" fbRx="0.21258218" lbRx="0.212583055" />
<p fId="1" fbTx="0.212583055" lbTx="0.21258393" tId="4" fbRx="0.212583055" lbRx="0.21258393" />
<p fId="3" fbTx="0.212682096" lbTx="0.21268218" tId="0" fbRx="0.222682096" lbRx="0.22268218" />
<p fId="0" fbTx="0.21268218" lbTx="0.212683055" tId="1" fbRx="0.21268218" lbRx="0.212683055" />
<p fId="1" fbTx="0.212683055" lbTx="0.21268393" tId="4" fbRx="0.212683055" lbRx="0.21268393" />
<p fId="3" fbTx="0.212782096" lbTx="0.21278218" tId="0" fbRx="0.222782096" lbRx="0.22278218" />
<p fId="0" fbTx="0.21278218" lbTx="0.212783055" tId="1" fbRx="0.21278218" lbRx="0.212783055" />
<p fId="1" fbTx="0.212783055" lbTx="0.21278393" tId="4" fbRx="0.212783055" lbRx="0.21278393" />
<p fId="3" fbTx="0.212882096" lbTx="0.21288218" tId="0" fbRx="0.222882096" lbRx="0.22288218" />
<p fId="0" fbTx="0.21288218" lbTx="0.212883055" tId="1" fbRx="0.21288218" lbRx="0.212883055" />
<p fId="1" fbTx="0.212883055" lbTx="0.21288393" tId="4" fbRx="0.212883055" lbRx="0.21288393" />
<p fId="3" fbTx="0.212982096" lbTx="0.21298218" tId="0" fbRx="0.222982096" lbRx="0.22298218" />
<p fId="0" fbTx="0.21298218" lbTx="0.212983055" tId="1" fbRx="0.21298218" lbRx="0.212983055" />
<p fId="1" fbTx="0.212983055" lbTx="0.21298393" tId="4" fbRx="0.212983055" lbRx="0.21298393" />
<p fId="3" fbTx="0.213082096" lbTx="0.21308218" tId="0" fbRx="0.223082096" lbRx="0.22308218" />
<p fId="0" fbTx="0.21308218" lbTx="0.213083055" tId="1" fbRx="0.21308218" lbRx="0.213083055" />
<p fId="1" fbTx="0.213083055" lbTx="0.21308393" tId="4" fbRx="0.213083055" lbRx="0.21308393" />
<p fId="3" fbTx="0.213182096" lbTx="0.21318218" tId="0" fbRx="0.223182096" lbRx="0.22318218" />
<p fId="0" fbTx="0.21318218" lbTx="0.213183055" tId="1" fbRx="0.21318218" lbRx="0.213183055" />
<p fId="1" fbTx="0.213183055" lbTx="0.21318393" tId="4" fbRx="0.213183055" lbRx="0.21318393" />
<pr uId="191" fId="4" fbTx="0.213214286" />
<wpr uId="191" tId="5" fbRx="0.213214286" lbRx="0" />
<wpr uId="191" tId="6" fbRx="0.213214286" lbRx="0" />
<p fId="3" fbTx="0.213282096" lbTx="0.21328218" tId="0" fbRx="0.223282096" lbRx="0.22328218" />
<p fId="0" fbTx="0.21328218" lbTx="0.213283055" tId="1" fbRx="0.21328218" lbRx="0.213283055" />
<p fId="1" fbTx="0.213283055" lbTx="0.21328393" tId="4" fbRx="0.213283055" lbRx="0.21328393" />
<p fId="3" fbTx="0.213382096" lbTx="0.21338218" tId="0" fbRx="0.223382096" lbRx="0.22338218" />
<p fId="0" fbTx="0.21338218" lbTx="0.213383055" tId="1" fbRx="0.21338218" lbRx="0.213383055" />
<p fId="1" fbTx="0.213383055" lbTx="0.21338393" tId="4" fbRx="0.213383055" lbRx="0.21338393" />
<p fId="3" fbTx="0.213482096" lbTx="0.21348218" tId="0" fbRx="0.223482096" lbRx="0.22348218" />
<p fId="0" fbTx="0.21348218" lbTx="0.213483055" tId="1" fbRx="0.21348218" lbRx="0.213483055" />
<p fId="1" fbTx="0.213483055" lbTx="0.21348393" tId="4" fbRx="0.213483055" lbRx="0.21348393" />
<p fId="3" fbTx="0.213582096" lbTx="0.21358218" tId="0" fbRx="0.223582096" lbRx="0.22358218" />
<p fId="0" fbTx="0.21358218" lbTx="0.213583055" tId="1" fbRx="0.21358218" lbRx="0.213583055" />
<p fId="1" fbTx="0.213583055" lbTx="0.21358393" tId="4" fbRx="0.213583055" lbRx="0.21358393" />
<p fId="3" fbTx="0.213682096" lbTx="0.21368218" tId="0" fbRx="0.223682096" lbRx="0.22368218" />
<p fId="0" fbTx="0.21368218" lbTx="0.213683055" tId="1" fbRx="0.21368218" lbRx="0.213683055" />
<p fId="1" fbTx="0.213683055" lbTx="0.21368393" tId="4" fbRx="0.213683055" lbRx="0.21368393" />
<p fId="3" fbTx="0.213782096" lbTx="0.21378218" tId="0" fbRx="0.223782096" lbRx="0.22378218" />
<p fId="0" fbTx="0.21378218" lbTx="0.213783055" tId="1" fbRx="0.21378218" lbRx="0.213783055" />
<p fId="1" fbTx="0.213783055" lbTx="0.21378393" tId="4" fbRx="0.213783055" lbRx="0.21378393" />
<p fId="3" fbTx="0.213882096" lbTx="0.21388218" tId="0" fbRx="0.223882096" lbRx="0.22388218" />
<p fId="0" fbTx="0.21388218" lbTx="0.213883055" tId="1" fbRx="0.21388218" lbRx="0.213883055" />
<p fId="1" fbTx="0.213883055" lbTx="0.21388393" tId="4" fbRx="0.213883055" lbRx="0.21388393" />
<p fId="3" fbTx="0.213982096" lbTx="0.21398218" tId="0" fbRx="0.223982096" lbRx="0.22398218" />
<p fId="0" fbTx="0.21398218" lbTx="0.213983055" tId="1" fbRx="0.21398218" lbRx="0.213983055" />
<p fId="1" fbTx="0.213983055" lbTx="0.21398393" tId="4" fbRx="0.213983055" lbRx="0.21398393" />
<p fId="3" fbTx="0.214082096" lbTx="0.21408218" tId="0" fbRx="0.224082096" lbRx="0.22408218" />
<p fId="0" fbTx="0.21408218" lbTx="0.214083055" tId="1" fbRx="0.21408218" lbRx="0.214083055" />
<p fId="1" fbTx="0.214083055" lbTx="0.21408393" tId="4" fbRx="0.214083055" lbRx="0.21408393" />
<p fId="3" fbTx="0.214182096" lbTx="0.21418218" tId="0" fbRx="0.224182096" lbRx="0.22418218" />
<p fId="0" fbTx="0.21418218" lbTx="0.214183055" tId="1" fbRx="0.21418218" lbRx="0.214183055" />
<p fId="1" fbTx="0.214183055" lbTx="0.21418393" tId="4" fbRx="0.214183055" lbRx="0.21418393" />
<pr uId="192" fId="4" fbTx="0.214214286" />
<wpr uId="192" tId="5" fbRx="0.214214286" lbRx="0" />
<wpr uId="192" tId="6" fbRx="0.214214286" lbRx="0" />
<p fId="3" fbTx="0.214282096" lbTx="0.21428218" tId="0" fbRx="0.224282096" lbRx="0.22428218" />
<p fId="0" fbTx="0.21428218" lbTx="0.214283055" tId="1" fbRx="0.21428218" lbRx="0.214283055" />
<p fId="1" fbTx="0.214283055" lbTx="0.21428393" tId="4" fbRx="0.214283055" lbRx="0.21428393" />
<p fId="3" fbTx="0.214382096" lbTx="0.21438218" tId="0" fbRx="0.224382096" lbRx="0.22438218" />
<p fId="0" fbTx="0.21438218" lbTx="0.214383055" tId="1" fbRx="0.21438218" lbRx="0.214383055" />
<p fId="1" fbTx="0.214383055" lbTx="0.21438393" tId="4" fbRx="0.214383055" lbRx="0.21438393" />
<p fId="3" fbTx="0.214482096" lbTx="0.21448218" tId="0" fbRx="0.224482096" lbRx="0.22448218" />
<p fId="0" fbTx="0.21448218" lbTx="0.214483055" tId="1" fbRx="0.21448218" lbRx="0.214483055" />
<p fId="1" fbTx="0.214483055" lbTx="0.21448393" tId="4" fbRx="0.214483055" lbRx="0.21448393" />
<p fId="3" fbTx="0.214582096" lbTx="0.21458218" tId="0" fbRx="0.224582096" lbRx="0.22458218" />
<p fId="0" fbTx="0.21458218" lbTx="0.214583055" tId="1" fbRx="0.21458218" lbRx="0.214583055" />
<p fId="1" fbTx="0.214583055" lbTx="0.21458393" tId="4" fbRx="0.214583055" lbRx="0.21458393" />
<p fId="3" fbTx="0.214682096" lbTx="0.21468218" tId="0" fbRx="0.224682096" lbRx="0.22468218" />
<p fId="0" fbTx="0.21468218" lbTx="0.214683055" tId="1" fbRx="0.21468218" lbRx="0.214683055" />
<p fId="1" fbTx="0.214683055" lbTx="0.21468393" tId="4" fbRx="0.214683055" lbRx="0.21468393" />
<p fId="3" fbTx="0.214782096" lbTx="0.21478218" tId="0" fbRx="0.224782096" lbRx="0.22478218" />
<p fId="0" fbTx="0.21478218" lbTx="0.214783055" tId="1" fbRx="0.21478218" lbRx="0.214783055" />
<p fId="1" fbTx="0.214783055" lbTx="0.21478393" tId="4" fbRx="0.214783055" lbRx="0.21478393" />
<p fId="3" fbTx="0.214882096" lbTx="0.21488218" tId="0" fbRx="0.224882096" lbRx="0.22488218" />
<p fId="0" fbTx="0.21488218" lbTx="0.214883055" tId="1" fbRx="0.21488218" lbRx="0.214883055" />
<p fId="1" fbTx="0.214883055" lbTx="0.21488393" tId="4" fbRx="0.214883055" lbRx="0.21488393" />
<p fId="3" fbTx="0.214982096" lbTx="0.21498218" tId="0" fbRx="0.224982096" lbRx="0.22498218" />
<p fId="0" fbTx="0.21498218" lbTx="0.214983055" tId="1" fbRx="0.21498218" lbRx="0.214983055" />
<p fId="1" fbTx="0.214983055" lbTx="0.21498393" tId="4" fbRx="0.214983055" lbRx="0.21498393" />
<p fId="3" fbTx="0.215082096" lbTx="0.21508218" tId="0" fbRx="0.225082096" lbRx="0.22508218" />
<p fId="0" fbTx="0.21508218" lbTx="0.215083055" tId="1" fbRx="0.21508218" lbRx="0.215083055" />
<p fId="1" fbTx="0.215083055" lbTx="0.21508393" tId="4" fbRx="0.215083055" lbRx="0.21508393" />
<p fId="3" fbTx="0.215182096" lbTx="0.21518218" tId="0" fbRx="0.225182096" lbRx="0.22518218" />
<p fId="0" fbTx="0.21518218" lbTx="0.215183055" tId="1" fbRx="0.21518218" lbRx="0.215183055" />
<p fId="1" fbTx="0.215183055" lbTx="0.21518393" tId="4" fbRx="0.215183055" lbRx="0.21518393" />
<pr uId="193" fId="4" fbTx="0.215214286" />
<wpr uId="193" tId="5" fbRx="0.215214286" lbRx="0" />
<wpr uId="193" tId="6" fbRx="0.215214286" lbRx="0" />
<p fId="3" fbTx="0.215282096" lbTx="0.21528218" tId="0" fbRx="0.225282096" lbRx="0.22528218" />
<p fId="0" fbTx="0.21528218" lbTx="0.215283055" tId="1" fbRx="0.21528218" lbRx="0.215283055" />
<p fId="1" fbTx="0.215283055" lbTx="0.21528393" tId="4" fbRx="0.215283055" lbRx="0.21528393" />
<p fId="3" fbTx="0.215382096" lbTx="0.21538218" tId="0" fbRx="0.225382096" lbRx="0.22538218" />
<p fId="0" fbTx="0.21538218" lbTx="0.215383055" tId="1" fbRx="0.21538218" lbRx="0.215383055" />
<p fId="1" fbTx="0.215383055" lbTx="0.21538393" tId="4" fbRx="0.215383055" lbRx="0.21538393" />
<p fId="3" fbTx="0.215482096" lbTx="0.21548218" tId="0" fbRx="0.225482096" lbRx="0.22548218" />
<p fId="0" fbTx="0.21548218" lbTx="0.215483055" tId="1" fbRx="0.21548218" lbRx="0.215483055" />
<p fId="1" fbTx="0.215483055" lbTx="0.21548393" tId="4" fbRx="0.215483055" lbRx="0.21548393" />
<p fId="3" fbTx="0.215582096" lbTx="0.21558218" tId="0" fbRx="0.225582096" lbRx="0.22558218" />
<p fId="0" fbTx="0.21558218" lbTx="0.215583055" tId="1" fbRx="0.21558218" lbRx="0.215583055" />
<p fId="1" fbTx="0.215583055" lbTx="0.21558393" tId="4" fbRx="0.215583055" lbRx="0.21558393" />
<p fId="3" fbTx="0.215682096" lbTx="0.21568218" tId="0" fbRx="0.225682096" lbRx="0.22568218" />
<p fId="0" fbTx="0.21568218" lbTx="0.215683055" tId="1" fbRx="0.21568218" lbRx="0.215683055" />
<p fId="1" fbTx="0.215683055" lbTx="0.21568393" tId="4" fbRx="0.215683055" lbRx="0.21568393" />
<p fId="3" fbTx="0.215782096" lbTx="0.21578218" tId="0" fbRx="0.225782096" lbRx="0.22578218" />
<p fId="0" fbTx="0.21578218" lbTx="0.215783055" tId="1" fbRx="0.21578218" lbRx="0.215783055" />
<p fId="1" fbTx="0.215783055" lbTx="0.21578393" tId="4" fbRx="0.215783055" lbRx="0.21578393" />
<p fId="3" fbTx="0.215882096" lbTx="0.21588218" tId="0" fbRx="0.225882096" lbRx="0.22588218" />
<p fId="0" fbTx="0.21588218" lbTx="0.215883055" tId="1" fbRx="0.21588218" lbRx="0.215883055" />
<p fId="1" fbTx="0.215883055" lbTx="0.21588393" tId="4" fbRx="0.215883055" lbRx="0.21588393" />
<p fId="3" fbTx="0.215982096" lbTx="0.21598218" tId="0" fbRx="0.225982096" lbRx="0.22598218" />
<p fId="0" fbTx="0.21598218" lbTx="0.215983055" tId="1" fbRx="0.21598218" lbRx="0.215983055" />
<p fId="1" fbTx="0.215983055" lbTx="0.21598393" tId="4" fbRx="0.215983055" lbRx="0.21598393" />
<p fId="3" fbTx="0.216082096" lbTx="0.21608218" tId="0" fbRx="0.226082096" lbRx="0.22608218" />
<p fId="0" fbTx="0.21608218" lbTx="0.216083055" tId="1" fbRx="0.21608218" lbRx="0.216083055" />
<p fId="1" fbTx="0.216083055" lbTx="0.21608393" tId="4" fbRx="0.216083055" lbRx="0.21608393" />
<p fId="3" fbTx="0.216182096" lbTx="0.21618218" tId="0" fbRx="0.226182096" lbRx="0.22618218" />
<p fId="0" fbTx="0.21618218" lbTx="0.216183055" tId="1" fbRx="0.21618218" lbRx="0.216183055" />
<p fId="1" fbTx="0.216183055" lbTx="0.21618393" tId="4" fbRx="0.216183055" lbRx="0.21618393" />
<pr uId="194" fId="4" fbTx="0.216214286" />
<wpr uId="194" tId="5" fbRx="0.216214286" lbRx="0" />
<wpr uId="194" tId="6" fbRx="0.216214286" lbRx="0" />
<p fId="3" fbTx="0.216282096" lbTx="0.21628218" tId="0" fbRx="0.226282096" lbRx="0.22628218" />
<p fId="0" fbTx="0.21628218" lbTx="0.216283055" tId="1" fbRx="0.21628218" lbRx="0.216283055" />
<p fId="1" fbTx="0.216283055" lbTx="0.21628393" tId="4" fbRx="0.216283055" lbRx="0.21628393" />
<p fId="3" fbTx="0.216382096" lbTx="0.21638218" tId="0" fbRx="0.226382096" lbRx="0.22638218" />
<p fId="0" fbTx="0.21638218" lbTx="0.216383055" tId="1" fbRx="0.21638218" lbRx="0.216383055" />
<p fId="1" fbTx="0.216383055" lbTx="0.21638393" tId="4" fbRx="0.216383055" lbRx="0.21638393" />
<p fId="3" fbTx="0.216482096" lbTx="0.21648218" tId="0" fbRx="0.226482096" lbRx="0.22648218" />
<p fId="0" fbTx="0.21648218" lbTx="0.216483055" tId="1" fbRx="0.21648218" lbRx="0.216483055" />
<p fId="1" fbTx="0.216483055" lbTx="0.21648393" tId="4" fbRx="0.216483055" lbRx="0.21648393" />
<p fId="3" fbTx="0.216582096" lbTx="0.21658218" tId="0" fbRx="0.226582096" lbRx="0.22658218" />
<p fId="0" fbTx="0.21658218" lbTx="0.216583055" tId="1" fbRx="0.21658218" lbRx="0.216583055" />
<p fId="1" fbTx="0.216583055" lbTx="0.21658393" tId="4" fbRx="0.216583055" lbRx="0.21658393" />
<p fId="3" fbTx="0.216682096" lbTx="0.21668218" tId="0" fbRx="0.226682096" lbRx="0.22668218" />
<p fId="0" fbTx="0.21668218" lbTx="0.216683055" tId="1" fbRx="0.21668218" lbRx="0.216683055" />
<p fId="1" fbTx="0.216683055" lbTx="0.21668393" tId="4" fbRx="0.216683055" lbRx="0.21668393" />
<p fId="3" fbTx="0.216782096" lbTx="0.21678218" tId="0" fbRx="0.226782096" lbRx="0.22678218" />
<p fId="0" fbTx="0.21678218" lbTx="0.216783055" tId="1" fbRx="0.21678218" lbRx="0.216783055" />
<p fId="1" fbTx="0.216783055" lbTx="0.21678393" tId="4" fbRx="0.216783055" lbRx="0.21678393" />
<p fId="3" fbTx="0.216882096" lbTx="0.21688218" tId="0" fbRx="0.226882096" lbRx="0.22688218" />
<p fId="0" fbTx="0.21688218" lbTx="0.216883055" tId="1" fbRx="0.21688218" lbRx="0.216883055" />
<p fId="1" fbTx="0.216883055" lbTx="0.21688393" tId="4" fbRx="0.216883055" lbRx="0.21688393" />
<p fId="3" fbTx="0.216982096" lbTx="0.21698218" tId="0" fbRx="0.226982096" lbRx="0.22698218" />
<p fId="0" fbTx="0.21698218" lbTx="0.216983055" tId="1" fbRx="0.21698218" lbRx="0.216983055" />
<p fId="1" fbTx="0.216983055" lbTx="0.21698393" tId="4" fbRx="0.216983055" lbRx="0.21698393" />
<p fId="3" fbTx="0.217082096" lbTx="0.21708218" tId="0" fbRx="0.227082096" lbRx="0.22708218" />
<p fId="0" fbTx="0.21708218" lbTx="0.217083055" tId="1" fbRx="0.21708218" lbRx="0.217083055" />
<p fId="1" fbTx="0.217083055" lbTx="0.21708393" tId="4" fbRx="0.217083055" lbRx="0.21708393" />
<p fId="3" fbTx="0.217182096" lbTx="0.21718218" tId="0" fbRx="0.227182096" lbRx="0.22718218" />
<p fId="0" fbTx="0.21718218" lbTx="0.217183055" tId="1" fbRx="0.21718218" lbRx="0.217183055" />
<p fId="1" fbTx="0.217183055" lbTx="0.21718393" tId="4" fbRx="0.217183055" lbRx="0.21718393" />
<pr uId="195" fId="4" fbTx="0.217214286" />
<wpr uId="195" tId="5" fbRx="0.217214286" lbRx="0" />
<wpr uId="195" tId="6" fbRx="0.217214286" lbRx="0" />
<p fId="3" fbTx="0.217282096" lbTx="0.21728218" tId="0" fbRx="0.227282096" lbRx="0.22728218" />
<p fId="0" fbTx="0.21728218" lbTx="0.217283055" tId="1" fbRx="0.21728218" lbRx="0.217283055" />
<p fId="1" fbTx="0.217283055" lbTx="0.21728393" tId="4" fbRx="0.217283055" lbRx="0.21728393" />
<p fId="3" fbTx="0.217382096" lbTx="0.21738218" tId="0" fbRx="0.227382096" lbRx="0.22738218" />
<p fId="0" fbTx="0.21738218" lbTx="0.217383055" tId="1" fbRx="0.21738218" lbRx="0.217383055" />
<p fId="1" fbTx="0.217383055" lbTx="0.21738393" tId="4" fbRx="0.217383055" lbRx="0.21738393" />
<p fId="3" fbTx="0.217482096" lbTx="0.21748218" tId="0" fbRx="0.227482096" lbRx="0.22748218" />
<p fId="0" fbTx="0.21748218" lbTx="0.217483055" tId="1" fbRx="0.21748218" lbRx="0.217483055" />
<p fId="1" fbTx="0.217483055" lbTx="0.21748393" tId="4" fbRx="0.217483055" lbRx="0.21748393" />
<p fId="3" fbTx="0.217582096" lbTx="0.21758218" tId="0" fbRx="0.227582096" lbRx="0.22758218" />
<p fId="0" fbTx="0.21758218" lbTx="0.217583055" tId="1" fbRx="0.21758218" lbRx="0.217583055" />
<p fId="1" fbTx="0.217583055" lbTx="0.21758393" tId="4" fbRx="0.217583055" lbRx="0.21758393" />
<p fId="3" fbTx="0.217682096" lbTx="0.21768218" tId="0" fbRx="0.227682096" lbRx="0.22768218" />
<p fId="0" fbTx="0.21768218" lbTx="0.217683055" tId="1" fbRx="0.21768218" lbRx="0.217683055" />
<p fId="1" fbTx="0.217683055" lbTx="0.21768393" tId="4" fbRx="0.217683055" lbRx="0.21768393" />
<p fId="3" fbTx="0.217782096" lbTx="0.21778218" tId="0" fbRx="0.227782096" lbRx="0.22778218" />
<p fId="0" fbTx="0.21778218" lbTx="0.217783055" tId="1" fbRx="0.21778218" lbRx="0.217783055" />
<p fId="1" fbTx="0.217783055" lbTx="0.21778393" tId="4" fbRx="0.217783055" lbRx="0.21778393" />
<p fId="3" fbTx="0.217882096" lbTx="0.21788218" tId="0" fbRx="0.227882096" lbRx="0.22788218" />
<p fId="0" fbTx="0.21788218" lbTx="0.217883055" tId="1" fbRx="0.21788218" lbRx="0.217883055" />
<p fId="1" fbTx="0.217883055" lbTx="0.21788393" tId="4" fbRx="0.217883055" lbRx="0.21788393" />
<p fId="3" fbTx="0.217982096" lbTx="0.21798218" tId="0" fbRx="0.227982096" lbRx="0.22798218" />
<p fId="0" fbTx="0.21798218" lbTx="0.217983055" tId="1" fbRx="0.21798218" lbRx="0.217983055" />
<p fId="1" fbTx="0.217983055" lbTx="0.21798393" tId="4" fbRx="0.217983055" lbRx="0.21798393" />
<p fId="3" fbTx="0.218082096" lbTx="0.21808218" tId="0" fbRx="0.228082096" lbRx="0.22808218" />
<p fId="0" fbTx="0.21808218" lbTx="0.218083055" tId="1" fbRx="0.21808218" lbRx="0.218083055" />
<p fId="1" fbTx="0.218083055" lbTx="0.21808393" tId="4" fbRx="0.218083055" lbRx="0.21808393" />
<p fId="3" fbTx="0.218182096" lbTx="0.21818218" tId="0" fbRx="0.228182096" lbRx="0.22818218" />
<p fId="0" fbTx="0.21818218" lbTx="0.218183055" tId="1" fbRx="0.21818218" lbRx="0.218183055" />
<p fId="1" fbTx="0.218183055" lbTx="0.21818393" tId="4" fbRx="0.218183055" lbRx="0.21818393" />
<pr uId="196" fId="4" fbTx="0.218214286" />
<wpr uId="196" tId="5" fbRx="0.218214286" lbRx="0" />
<wpr uId="196" tId="6" fbRx="0.218214286" lbRx="0" />
<p fId="3" fbTx="0.218282096" lbTx="0.21828218" tId="0" fbRx="0.228282096" lbRx="0.22828218" />
<p fId="0" fbTx="0.21828218" lbTx="0.218283055" tId="1" fbRx="0.21828218" lbRx="0.218283055" />
<p fId="1" fbTx="0.218283055" lbTx="0.21828393" tId="4" fbRx="0.218283055" lbRx="0.21828393" />
<p fId="3" fbTx="0.218382096" lbTx="0.21838218" tId="0" fbRx="0.228382096" lbRx="0.22838218" />
<p fId="0" fbTx="0.21838218" lbTx="0.218383055" tId="1" fbRx="0.21838218" lbRx="0.218383055" />
<p fId="1" fbTx="0.218383055" lbTx="0.21838393" tId="4" fbRx="0.218383055" lbRx="0.21838393" />
<p fId="3" fbTx="0.218482096" lbTx="0.21848218" tId="0" fbRx="0.228482096" lbRx="0.22848218" />
<p fId="0" fbTx="0.21848218" lbTx="0.218483055" tId="1" fbRx="0.21848218" lbRx="0.218483055" />
<p fId="1" fbTx="0.218483055" lbTx="0.21848393" tId="4" fbRx="0.218483055" lbRx="0.21848393" />
<p fId="3" fbTx="0.218582096" lbTx="0.21858218" tId="0" fbRx="0.228582096" lbRx="0.22858218" />
<p fId="0" fbTx="0.21858218" lbTx="0.218583055" tId="1" fbRx="0.21858218" lbRx="0.218583055" />
<p fId="1" fbTx="0.218583055" lbTx="0.21858393" tId="4" fbRx="0.218583055" lbRx="0.21858393" />
<p fId="3" fbTx="0.218682096" lbTx="0.21868218" tId="0" fbRx="0.228682096" lbRx="0.22868218" />
<p fId="0" fbTx="0.21868218" lbTx="0.218683055" tId="1" fbRx="0.21868218" lbRx="0.218683055" />
<p fId="1" fbTx="0.218683055" lbTx="0.21868393" tId="4" fbRx="0.218683055" lbRx="0.21868393" />
<p fId="3" fbTx="0.218782096" lbTx="0.21878218" tId="0" fbRx="0.228782096" lbRx="0.22878218" />
<p fId="0" fbTx="0.21878218" lbTx="0.218783055" tId="1" fbRx="0.21878218" lbRx="0.218783055" />
<p fId="1" fbTx="0.218783055" lbTx="0.21878393" tId="4" fbRx="0.218783055" lbRx="0.21878393" />
<p fId="3" fbTx="0.218882096" lbTx="0.21888218" tId="0" fbRx="0.228882096" lbRx="0.22888218" />
<p fId="0" fbTx="0.21888218" lbTx="0.218883055" tId="1" fbRx="0.21888218" lbRx="0.218883055" />
<p fId="1" fbTx="0.218883055" lbTx="0.21888393" tId="4" fbRx="0.218883055" lbRx="0.21888393" />
<p fId="3" fbTx="0.218982096" lbTx="0.21898218" tId="0" fbRx="0.228982096" lbRx="0.22898218" />
<p fId="0" fbTx="0.21898218" lbTx="0.218983055" tId="1" fbRx="0.21898218" lbRx="0.218983055" />
<p fId="1" fbTx="0.218983055" lbTx="0.21898393" tId="4" fbRx="0.218983055" lbRx="0.21898393" />
<p fId="3" fbTx="0.219082096" lbTx="0.21908218" tId="0" fbRx="0.229082096" lbRx="0.22908218" />
<p fId="0" fbTx="0.21908218" lbTx="0.219083055" tId="1" fbRx="0.21908218" lbRx="0.219083055" />
<p fId="1" fbTx="0.219083055" lbTx="0.21908393" tId="4" fbRx="0.219083055" lbRx="0.21908393" />
<p fId="3" fbTx="0.219182096" lbTx="0.21918218" tId="0" fbRx="0.229182096" lbRx="0.22918218" />
<p fId="0" fbTx="0.21918218" lbTx="0.219183055" tId="1" fbRx="0.21918218" lbRx="0.219183055" />
<p fId="1" fbTx="0.219183055" lbTx="0.21918393" tId="4" fbRx="0.219183055" lbRx="0.21918393" />
<pr uId="197" fId="4" fbTx="0.219214286" />
<wpr uId="197" tId="5" fbRx="0.219214286" lbRx="0" />
<wpr uId="197" tId="6" fbRx="0.219214286" lbRx="0" />
<p fId="3" fbTx="0.219282096" lbTx="0.21928218" tId="0" fbRx="0.229282096" lbRx="0.22928218" />
<p fId="0" fbTx="0.21928218" lbTx="0.219283055" tId="1" fbRx="0.21928218" lbRx="0.219283055" />
<p fId="1" fbTx="0.219283055" lbTx="0.21928393" tId="4" fbRx="0.219283055" lbRx="0.21928393" />
<p fId="3" fbTx="0.219382096" lbTx="0.21938218" tId="0" fbRx="0.229382096" lbRx="0.22938218" />
<p fId="0" fbTx="0.21938218" lbTx="0.219383055" tId="1" fbRx="0.21938218" lbRx="0.219383055" />
<p fId="1" fbTx="0.219383055" lbTx="0.21938393" tId="4" fbRx="0.219383055" lbRx="0.21938393" />
<p fId="3" fbTx="0.219482096" lbTx="0.21948218" tId="0" fbRx="0.229482096" lbRx="0.22948218" />
<p fId="0" fbTx="0.21948218" lbTx="0.219483055" tId="1" fbRx="0.21948218" lbRx="0.219483055" />
<p fId="1" fbTx="0.219483055" lbTx="0.21948393" tId="4" fbRx="0.219483055" lbRx="0.21948393" />
<p fId="3" fbTx="0.219582096" lbTx="0.21958218" tId="0" fbRx="0.229582096" lbRx="0.22958218" />
<p fId="0" fbTx="0.21958218" lbTx="0.219583055" tId="1" fbRx="0.21958218" lbRx="0.219583055" />
<p fId="1" fbTx="0.219583055" lbTx="0.21958393" tId="4" fbRx="0.219583055" lbRx="0.21958393" />
<p fId="3" fbTx="0.219682096" lbTx="0.21968218" tId="0" fbRx="0.229682096" lbRx="0.22968218" />
<p fId="0" fbTx="0.21968218" lbTx="0.219683055" tId="1" fbRx="0.21968218" lbRx="0.219683055" />
<p fId="1" fbTx="0.219683055" lbTx="0.21968393" tId="4" fbRx="0.219683055" lbRx="0.21968393" />
<p fId="3" fbTx="0.219782096" lbTx="0.21978218" tId="0" fbRx="0.229782096" lbRx="0.22978218" />
<p fId="0" fbTx="0.21978218" lbTx="0.219783055" tId="1" fbRx="0.21978218" lbRx="0.219783055" />
<p fId="1" fbTx="0.219783055" lbTx="0.21978393" tId="4" fbRx="0.219783055" lbRx="0.21978393" />
<p fId="3" fbTx="0.219882096" lbTx="0.21988218" tId="0" fbRx="0.229882096" lbRx="0.22988218" />
<p fId="0" fbTx="0.21988218" lbTx="0.219883055" tId="1" fbRx="0.21988218" lbRx="0.219883055" />
<p fId="1" fbTx="0.219883055" lbTx="0.21988393" tId="4" fbRx="0.219883055" lbRx="0.21988393" />
<p fId="3" fbTx="0.219982096" lbTx="0.21998218" tId="0" fbRx="0.229982096" lbRx="0.22998218" />
<p fId="0" fbTx="0.21998218" lbTx="0.219983055" tId="1" fbRx="0.21998218" lbRx="0.219983055" />
<p fId="1" fbTx="0.219983055" lbTx="0.21998393" tId="4" fbRx="0.219983055" lbRx="0.21998393" />
<p fId="3" fbTx="0.220082096" lbTx="0.22008218" tId="0" fbRx="0.230082096" lbRx="0.23008218" />
<p fId="0" fbTx="0.22008218" lbTx="0.220083055" tId="1" fbRx="0.22008218" lbRx="0.220083055" />
<p fId="1" fbTx="0.220083055" lbTx="0.22008393" tId="4" fbRx="0.220083055" lbRx="0.22008393" />
<p fId="3" fbTx="0.220182096" lbTx="0.22018218" tId="0" fbRx="0.230182096" lbRx="0.23018218" />
<p fId="0" fbTx="0.22018218" lbTx="0.220183055" tId="1" fbRx="0.22018218" lbRx="0.220183055" />
<p fId="1" fbTx="0.220183055" lbTx="0.22018393" tId="4" fbRx="0.220183055" lbRx="0.22018393" />
<pr uId="198" fId="4" fbTx="0.220214286" />
<wpr uId="198" tId="5" fbRx="0.220214286" lbRx="0" />
<wpr uId="198" tId="6" fbRx="0.220214286" lbRx="0" />
<p fId="3" fbTx="0.220282096" lbTx="0.22028218" tId="0" fbRx="0.230282096" lbRx="0.23028218" />
<p fId="0" fbTx="0.22028218" lbTx="0.220283055" tId="1" fbRx="0.22028218" lbRx="0.220283055" />
<p fId="1" fbTx="0.220283055" lbTx="0.22028393" tId="4" fbRx="0.220283055" lbRx="0.22028393" />
<p fId="3" fbTx="0.220382096" lbTx="0.22038218" tId="0" fbRx="0.230382096" lbRx="0.23038218" />
<p fId="0" fbTx="0.22038218" lbTx="0.220383055" tId="1" fbRx="0.22038218" lbRx="0.220383055" />
<p fId="1" fbTx="0.220383055" lbTx="0.22038393" tId="4" fbRx="0.220383055" lbRx="0.22038393" />
<p fId="3" fbTx="0.220482096" lbTx="0.22048218" tId="0" fbRx="0.230482096" lbRx="0.23048218" />
<p fId="0" fbTx="0.22048218" lbTx="0.220483055" tId="1" fbRx="0.22048218" lbRx="0.220483055" />
<p fId="1" fbTx="0.220483055" lbTx="0.22048393" tId="4" fbRx="0.220483055" lbRx="0.22048393" />
<p fId="3" fbTx="0.220582096" lbTx="0.22058218" tId="0" fbRx="0.230582096" lbRx="0.23058218" />
<p fId="0" fbTx="0.22058218" lbTx="0.220583055" tId="1" fbRx="0.22058218" lbRx="0.220583055" />
<p fId="1" fbTx="0.220583055" lbTx="0.22058393" tId="4" fbRx="0.220583055" lbRx="0.22058393" />
<p fId="3" fbTx="0.220682096" lbTx="0.22068218" tId="0" fbRx="0.230682096" lbRx="0.23068218" />
<p fId="0" fbTx="0.22068218" lbTx="0.220683055" tId="1" fbRx="0.22068218" lbRx="0.220683055" />
<p fId="1" fbTx="0.220683055" lbTx="0.22068393" tId="4" fbRx="0.220683055" lbRx="0.22068393" />
<p fId="3" fbTx="0.220782096" lbTx="0.22078218" tId="0" fbRx="0.230782096" lbRx="0.23078218" />
<p fId="0" fbTx="0.22078218" lbTx="0.220783055" tId="1" fbRx="0.22078218" lbRx="0.220783055" />
<p fId="1" fbTx="0.220783055" lbTx="0.22078393" tId="4" fbRx="0.220783055" lbRx="0.22078393" />
<p fId="3" fbTx="0.220882096" lbTx="0.22088218" tId="0" fbRx="0.230882096" lbRx="0.23088218" />
<p fId="0" fbTx="0.22088218" lbTx="0.220883055" tId="1" fbRx="0.22088218" lbRx="0.220883055" />
<p fId="1" fbTx="0.220883055" lbTx="0.22088393" tId="4" fbRx="0.220883055" lbRx="0.22088393" />
<p fId="3" fbTx="0.220982096" lbTx="0.22098218" tId="0" fbRx="0.230982096" lbRx="0.23098218" />
<p fId="0" fbTx="0.22098218" lbTx="0.220983055" tId="1" fbRx="0.22098218" lbRx="0.220983055" />
<p fId="1" fbTx="0.220983055" lbTx="0.22098393" tId="4" fbRx="0.220983055" lbRx="0.22098393" />
<p fId="3" fbTx="0.221082096" lbTx="0.22108218" tId="0" fbRx="0.231082096" lbRx="0.23108218" />
<p fId="0" fbTx="0.22108218" lbTx="0.221083055" tId="1" fbRx="0.22108218" lbRx="0.221083055" />
<p fId="1" fbTx="0.221083055" lbTx="0.22108393" tId="4" fbRx="0.221083055" lbRx="0.22108393" />
<p fId="3" fbTx="0.221182096" lbTx="0.22118218" tId="0" fbRx="0.231182096" lbRx="0.23118218" />
<p fId="0" fbTx="0.22118218" lbTx="0.221183055" tId="1" fbRx="0.22118218" lbRx="0.221183055" />
<p fId="1" fbTx="0.221183055" lbTx="0.22118393" tId="4" fbRx="0.221183055" lbRx="0.22118393" />
<pr uId="199" fId="4" fbTx="0.221214286" />
<wpr uId="199" tId="5" fbRx="0.221214286" lbRx="0" />
<wpr uId="199" tId="6" fbRx="0.221214286" lbRx="0" />
<p fId="3" fbTx="0.221282096" lbTx="0.22128218" tId="0" fbRx="0.231282096" lbRx="0.23128218" />
<p fId="0" fbTx="0.22128218" lbTx="0.221283055" tId="1" fbRx="0.22128218" lbRx="0.221283055" />
<p fId="1" fbTx="0.221283055" lbTx="0.22128393" tId="4" fbRx="0.221283055" lbRx="0.22128393" />
<p fId="3" fbTx="0.221382096" lbTx="0.22138218" tId="0" fbRx="0.231382096" lbRx="0.23138218" />
<p fId="0" fbTx="0.22138218" lbTx="0.221383055" tId="1" fbRx="0.22138218" lbRx="0.221383055" />
<p fId="1" fbTx="0.221383055" lbTx="0.22138393" tId="4" fbRx="0.221383055" lbRx="0.22138393" />
<p fId="3" fbTx="0.221482096" lbTx="0.22148218" tId="0" fbRx="0.231482096" lbRx="0.23148218" />
<p fId="0" fbTx="0.22148218" lbTx="0.221483055" tId="1" fbRx="0.22148218" lbRx="0.221483055" />
<p fId="1" fbTx="0.221483055" lbTx="0.22148393" tId="4" fbRx="0.221483055" lbRx="0.22148393" />
<p fId="3" fbTx="0.221582096" lbTx="0.22158218" tId="0" fbRx="0.231582096" lbRx="0.23158218" />
<p fId="0" fbTx="0.22158218" lbTx="0.221583055" tId="1" fbRx="0.22158218" lbRx="0.221583055" />
<p fId="1" fbTx="0.221583055" lbTx="0.22158393" tId="4" fbRx="0.221583055" lbRx="0.22158393" />
<p fId="3" fbTx="0.221682096" lbTx="0.22168218" tId="0" fbRx="0.231682096" lbRx="0.23168218" />
<p fId="0" fbTx="0.22168218" lbTx="0.221683055" tId="1" fbRx="0.22168218" lbRx="0.221683055" />
<p fId="1" fbTx="0.221683055" lbTx="0.22168393" tId="4" fbRx="0.221683055" lbRx="0.22168393" />
<p fId="3" fbTx="0.221782096" lbTx="0.22178218" tId="0" fbRx="0.231782096" lbRx="0.23178218" />
<p fId="0" fbTx="0.22178218" lbTx="0.221783055" tId="1" fbRx="0.22178218" lbRx="0.221783055" />
<p fId="1" fbTx="0.221783055" lbTx="0.22178393" tId="4" fbRx="0.221783055" lbRx="0.22178393" />
<p fId="3" fbTx="0.221882096" lbTx="0.22188218" tId="0" fbRx="0.231882096" lbRx="0.23188218" />
<p fId="0" fbTx="0.22188218" lbTx="0.221883055" tId="1" fbRx="0.22188218" lbRx="0.221883055" />
<p fId="1" fbTx="0.221883055" lbTx="0.22188393" tId="4" fbRx="0.221883055" lbRx="0.22188393" />
<p fId="3" fbTx="0.221982096" lbTx="0.22198218" tId="0" fbRx="0.231982096" lbRx="0.23198218" />
<p fId="0" fbTx="0.22198218" lbTx="0.221983055" tId="1" fbRx="0.22198218" lbRx="0.221983055" />
<p fId="1" fbTx="0.221983055" lbTx="0.22198393" tId="4" fbRx="0.221983055" lbRx="0.22198393" />
<p fId="3" fbTx="0.222082096" lbTx="0.22208218" tId="0" fbRx="0.232082096" lbRx="0.23208218" />
<p fId="0" fbTx="0.22208218" lbTx="0.222083055" tId="1" fbRx="0.22208218" lbRx="0.222083055" />
<p fId="1" fbTx="0.222083055" lbTx="0.22208393" tId="4" fbRx="0.222083055" lbRx="0.22208393" />
<p fId="3" fbTx="0.222182096" lbTx="0.22218218" tId="0" fbRx="0.232182096" lbRx="0.23218218" />
<p fId="0" fbTx="0.22218218" lbTx="0.222183055" tId="1" fbRx="0.22218218" lbRx="0.222183055" />
<p fId="1" fbTx="0.222183055" lbTx="0.22218393" tId="4" fbRx="0.222183055" lbRx="0.22218393" />
<pr uId="200" fId="4" fbTx="0.222214286" />
<wpr uId="200" tId="5" fbRx="0.222214286" lbRx="0" />
<wpr uId="200" tId="6" fbRx="0.222214286" lbRx="0" />
<p fId="3" fbTx="0.222282096" lbTx="0.22228218" tId="0" fbRx="0.232282096" lbRx="0.23228218" />
<p fId="0" fbTx="0.22228218" lbTx="0.222283055" tId="1" fbRx="0.22228218" lbRx="0.222283055" />
<p fId="1" fbTx="0.222283055" lbTx="0.22228393" tId="4" fbRx="0.222283055" lbRx="0.22228393" />
<p fId="3" fbTx="0.222382096" lbTx="0.22238218" tId="0" fbRx="0.232382096" lbRx="0.23238218" />
<p fId="0" fbTx="0.22238218" lbTx="0.222383055" tId="1" fbRx="0.22238218" lbRx="0.222383055" />
<p fId="1" fbTx="0.222383055" lbTx="0.22238393" tId="4" fbRx="0.222383055" lbRx="0.22238393" />
<p fId="3" fbTx="0.222482096" lbTx="0.22248218" tId="0" fbRx="0.232482096" lbRx="0.23248218" />
<p fId="0" fbTx="0.22248218" lbTx="0.222483055" tId="1" fbRx="0.22248218" lbRx="0.222483055" />
<p fId="1" fbTx="0.222483055" lbTx="0.22248393" tId="4" fbRx="0.222483055" lbRx="0.22248393" />
<p fId="3" fbTx="0.222582096" lbTx="0.22258218" tId="0" fbRx="0.232582096" lbRx="0.23258218" />
<p fId="0" fbTx="0.22258218" lbTx="0.222583055" tId="1" fbRx="0.22258218" lbRx="0.222583055" />
<p fId="1" fbTx="0.222583055" lbTx="0.22258393" tId="4" fbRx="0.222583055" lbRx="0.22258393" />
<p fId="3" fbTx="0.222682096" lbTx="0.22268218" tId="0" fbRx="0.232682096" lbRx="0.23268218" />
<p fId="0" fbTx="0.22268218" lbTx="0.222683055" tId="1" fbRx="0.22268218" lbRx="0.222683055" />
<p fId="1" fbTx="0.222683055" lbTx="0.22268393" tId="4" fbRx="0.222683055" lbRx="0.22268393" />
<p fId="3" fbTx="0.222782096" lbTx="0.22278218" tId="0" fbRx="0.232782096" lbRx="0.23278218" />
<p fId="0" fbTx="0.22278218" lbTx="0.222783055" tId="1" fbRx="0.22278218" lbRx="0.222783055" />
<p fId="1" fbTx="0.222783055" lbTx="0.22278393" tId="4" fbRx="0.222783055" lbRx="0.22278393" />
<p fId="3" fbTx="0.222882096" lbTx="0.22288218" tId="0" fbRx="0.232882096" lbRx="0.23288218" />
<p fId="0" fbTx="0.22288218" lbTx="0.222883055" tId="1" fbRx="0.22288218" lbRx="0.222883055" />
<p fId="1" fbTx="0.222883055" lbTx="0.22288393" tId="4" fbRx="0.222883055" lbRx="0.22288393" />
<p fId="3" fbTx="0.222982096" lbTx="0.22298218" tId="0" fbRx="0.232982096" lbRx="0.23298218" />
<p fId="0" fbTx="0.22298218" lbTx="0.222983055" tId="1" fbRx="0.22298218" lbRx="0.222983055" />
<p fId="1" fbTx="0.222983055" lbTx="0.22298393" tId="4" fbRx="0.222983055" lbRx="0.22298393" />
<p fId="3" fbTx="0.223082096" lbTx="0.22308218" tId="0" fbRx="0.233082096" lbRx="0.23308218" />
<p fId="0" fbTx="0.22308218" lbTx="0.223083055" tId="1" fbRx="0.22308218" lbRx="0.223083055" />
<p fId="1" fbTx="0.223083055" lbTx="0.22308393" tId="4" fbRx="0.223083055" lbRx="0.22308393" />
<p fId="3" fbTx="0.223182096" lbTx="0.22318218" tId="0" fbRx="0.233182096" lbRx="0.23318218" />
<p fId="0" fbTx="0.22318218" lbTx="0.223183055" tId="1" fbRx="0.22318218" lbRx="0.223183055" />
<p fId="1" fbTx="0.223183055" lbTx="0.22318393" tId="4" fbRx="0.223183055" lbRx="0.22318393" />
<pr uId="201" fId="4" fbTx="0.223214286" />
<wpr uId="201" tId="5" fbRx="0.223214286" lbRx="0" />
<wpr uId="201" tId="6" fbRx="0.223214286" lbRx="0" />
<p fId="3" fbTx="0.223282096" lbTx="0.22328218" tId="0" fbRx="0.233282096" lbRx="0.23328218" />
<p fId="0" fbTx="0.22328218" lbTx="0.223283055" tId="1" fbRx="0.22328218" lbRx="0.223283055" />
<p fId="1" fbTx="0.223283055" lbTx="0.22328393" tId="4" fbRx="0.223283055" lbRx="0.22328393" />
<p fId="3" fbTx="0.223382096" lbTx="0.22338218" tId="0" fbRx="0.233382096" lbRx="0.23338218" />
<p fId="0" fbTx="0.22338218" lbTx="0.223383055" tId="1" fbRx="0.22338218" lbRx="0.223383055" />
<p fId="1" fbTx="0.223383055" lbTx="0.22338393" tId="4" fbRx="0.223383055" lbRx="0.22338393" />
<p fId="3" fbTx="0.223482096" lbTx="0.22348218" tId="0" fbRx="0.233482096" lbRx="0.23348218" />
<p fId="0" fbTx="0.22348218" lbTx="0.223483055" tId="1" fbRx="0.22348218" lbRx="0.223483055" />
<p fId="1" fbTx="0.223483055" lbTx="0.22348393" tId="4" fbRx="0.223483055" lbRx="0.22348393" />
<p fId="3" fbTx="0.223582096" lbTx="0.22358218" tId="0" fbRx="0.233582096" lbRx="0.23358218" />
<p fId="0" fbTx="0.22358218" lbTx="0.223583055" tId="1" fbRx="0.22358218" lbRx="0.223583055" />
<p fId="1" fbTx="0.223583055" lbTx="0.22358393" tId="4" fbRx="0.223583055" lbRx="0.22358393" />
<p fId="3" fbTx="0.223682096" lbTx="0.22368218" tId="0" fbRx="0.233682096" lbRx="0.23368218" />
<p fId="0" fbTx="0.22368218" lbTx="0.223683055" tId="1" fbRx="0.22368218" lbRx="0.223683055" />
<p fId="1" fbTx="0.223683055" lbTx="0.22368393" tId="4" fbRx="0.223683055" lbRx="0.22368393" />
<p fId="3" fbTx="0.223782096" lbTx="0.22378218" tId="0" fbRx="0.233782096" lbRx="0.23378218" />
<p fId="0" fbTx="0.22378218" lbTx="0.223783055" tId="1" fbRx="0.22378218" lbRx="0.223783055" />
<p fId="1" fbTx="0.223783055" lbTx="0.22378393" tId="4" fbRx="0.223783055" lbRx="0.22378393" />
<p fId="3" fbTx="0.223882096" lbTx="0.22388218" tId="0" fbRx="0.233882096" lbRx="0.23388218" />
<p fId="0" fbTx="0.22388218" lbTx="0.223883055" tId="1" fbRx="0.22388218" lbRx="0.223883055" />
<p fId="1" fbTx="0.223883055" lbTx="0.22388393" tId="4" fbRx="0.223883055" lbRx="0.22388393" />
<p fId="3" fbTx="0.223982096" lbTx="0.22398218" tId="0" fbRx="0.233982096" lbRx="0.23398218" />
<p fId="0" fbTx="0.22398218" lbTx="0.223983055" tId="1" fbRx="0.22398218" lbRx="0.223983055" />
<p fId="1" fbTx="0.223983055" lbTx="0.22398393" tId="4" fbRx="0.223983055" lbRx="0.22398393" />
<p fId="3" fbTx="0.224082096" lbTx="0.22408218" tId="0" fbRx="0.234082096" lbRx="0.23408218" />
<p fId="0" fbTx="0.22408218" lbTx="0.224083055" tId="1" fbRx="0.22408218" lbRx="0.224083055" />
<p fId="1" fbTx="0.224083055" lbTx="0.22408393" tId="4" fbRx="0.224083055" lbRx="0.22408393" />
<p fId="3" fbTx="0.224182096" lbTx="0.22418218" tId="0" fbRx="0.234182096" lbRx="0.23418218" />
<p fId="0" fbTx="0.22418218" lbTx="0.224183055" tId="1" fbRx="0.22418218" lbRx="0.224183055" />
<p fId="1" fbTx="0.224183055" lbTx="0.22418393" tId="4" fbRx="0.224183055" lbRx="0.22418393" />
<pr uId="202" fId="4" fbTx="0.224214286" />
<wpr uId="202" tId="5" fbRx="0.224214286" lbRx="0" />
<wpr uId="202" tId="6" fbRx="0.224214286" lbRx="0" />
<p fId="3" fbTx="0.224282096" lbTx="0.22428218" tId="0" fbRx="0.234282096" lbRx="0.23428218" />
<p fId="0" fbTx="0.22428218" lbTx="0.224283055" tId="1" fbRx="0.22428218" lbRx="0.224283055" />
<p fId="1" fbTx="0.224283055" lbTx="0.22428393" tId="4" fbRx="0.224283055" lbRx="0.22428393" />
<p fId="3" fbTx="0.224382096" lbTx="0.22438218" tId="0" fbRx="0.234382096" lbRx="0.23438218" />
<p fId="0" fbTx="0.22438218" lbTx="0.224383055" tId="1" fbRx="0.22438218" lbRx="0.224383055" />
<p fId="1" fbTx="0.224383055" lbTx="0.22438393" tId="4" fbRx="0.224383055" lbRx="0.22438393" />
<p fId="3" fbTx="0.224482096" lbTx="0.22448218" tId="0" fbRx="0.234482096" lbRx="0.23448218" />
<p fId="0" fbTx="0.22448218" lbTx="0.224483055" tId="1" fbRx="0.22448218" lbRx="0.224483055" />
<p fId="1" fbTx="0.224483055" lbTx="0.22448393" tId="4" fbRx="0.224483055" lbRx="0.22448393" />
<p fId="3" fbTx="0.224582096" lbTx="0.22458218" tId="0" fbRx="0.234582096" lbRx="0.23458218" />
<p fId="0" fbTx="0.22458218" lbTx="0.224583055" tId="1" fbRx="0.22458218" lbRx="0.224583055" />
<p fId="1" fbTx="0.224583055" lbTx="0.22458393" tId="4" fbRx="0.224583055" lbRx="0.22458393" />
<p fId="3" fbTx="0.224682096" lbTx="0.22468218" tId="0" fbRx="0.234682096" lbRx="0.23468218" />
<p fId="0" fbTx="0.22468218" lbTx="0.224683055" tId="1" fbRx="0.22468218" lbRx="0.224683055" />
<p fId="1" fbTx="0.224683055" lbTx="0.22468393" tId="4" fbRx="0.224683055" lbRx="0.22468393" />
<p fId="3" fbTx="0.224782096" lbTx="0.22478218" tId="0" fbRx="0.234782096" lbRx="0.23478218" />
<p fId="0" fbTx="0.22478218" lbTx="0.224783055" tId="1" fbRx="0.22478218" lbRx="0.224783055" />
<p fId="1" fbTx="0.224783055" lbTx="0.22478393" tId="4" fbRx="0.224783055" lbRx="0.22478393" />
<p fId="3" fbTx="0.224882096" lbTx="0.22488218" tId="0" fbRx="0.234882096" lbRx="0.23488218" />
<p fId="0" fbTx="0.22488218" lbTx="0.224883055" tId="1" fbRx="0.22488218" lbRx="0.224883055" />
<p fId="1" fbTx="0.224883055" lbTx="0.22488393" tId="4" fbRx="0.224883055" lbRx="0.22488393" />
<p fId="3" fbTx="0.224982096" lbTx="0.22498218" tId="0" fbRx="0.234982096" lbRx="0.23498218" />
<p fId="0" fbTx="0.22498218" lbTx="0.224983055" tId="1" fbRx="0.22498218" lbRx="0.224983055" />
<p fId="1" fbTx="0.224983055" lbTx="0.22498393" tId="4" fbRx="0.224983055" lbRx="0.22498393" />
<p fId="3" fbTx="0.225082096" lbTx="0.22508218" tId="0" fbRx="0.235082096" lbRx="0.23508218" />
<p fId="0" fbTx="0.22508218" lbTx="0.225083055" tId="1" fbRx="0.22508218" lbRx="0.225083055" />
<p fId="1" fbTx="0.225083055" lbTx="0.22508393" tId="4" fbRx="0.225083055" lbRx="0.22508393" />
<p fId="3" fbTx="0.225182096" lbTx="0.22518218" tId="0" fbRx="0.235182096" lbRx="0.23518218" />
<p fId="0" fbTx="0.22518218" lbTx="0.225183055" tId="1" fbRx="0.22518218" lbRx="0.225183055" />
<p fId="1" fbTx="0.225183055" lbTx="0.22518393" tId="4" fbRx="0.225183055" lbRx="0.22518393" />
<pr uId="203" fId="4" fbTx="0.225214286" />
<wpr uId="203" tId="5" fbRx="0.225214286" lbRx="0" />
<wpr uId="203" tId="6" fbRx="0.225214286" lbRx="0" />
<p fId="3" fbTx="0.225282096" lbTx="0.22528218" tId="0" fbRx="0.235282096" lbRx="0.23528218" />
<p fId="0" fbTx="0.22528218" lbTx="0.225283055" tId="1" fbRx="0.22528218" lbRx="0.225283055" />
<p fId="1" fbTx="0.225283055" lbTx="0.22528393" tId="4" fbRx="0.225283055" lbRx="0.22528393" />
<p fId="3" fbTx="0.225382096" lbTx="0.22538218" tId="0" fbRx="0.235382096" lbRx="0.23538218" />
<p fId="0" fbTx="0.22538218" lbTx="0.225383055" tId="1" fbRx="0.22538218" lbRx="0.225383055" />
<p fId="1" fbTx="0.225383055" lbTx="0.22538393" tId="4" fbRx="0.225383055" lbRx="0.22538393" />
<p fId="3" fbTx="0.225482096" lbTx="0.22548218" tId="0" fbRx="0.235482096" lbRx="0.23548218" />
<p fId="0" fbTx="0.22548218" lbTx="0.225483055" tId="1" fbRx="0.22548218" lbRx="0.225483055" />
<p fId="1" fbTx="0.225483055" lbTx="0.22548393" tId="4" fbRx="0.225483055" lbRx="0.22548393" />
<p fId="3" fbTx="0.225582096" lbTx="0.22558218" tId="0" fbRx="0.235582096" lbRx="0.23558218" />
<p fId="0" fbTx="0.22558218" lbTx="0.225583055" tId="1" fbRx="0.22558218" lbRx="0.225583055" />
<p fId="1" fbTx="0.225583055" lbTx="0.22558393" tId="4" fbRx="0.225583055" lbRx="0.22558393" />
<p fId="3" fbTx="0.225682096" lbTx="0.22568218" tId="0" fbRx="0.235682096" lbRx="0.23568218" />
<p fId="0" fbTx="0.22568218" lbTx="0.225683055" tId="1" fbRx="0.22568218" lbRx="0.225683055" />
<p fId="1" fbTx="0.225683055" lbTx="0.22568393" tId="4" fbRx="0.225683055" lbRx="0.22568393" />
<p fId="3" fbTx="0.225782096" lbTx="0.22578218" tId="0" fbRx="0.235782096" lbRx="0.23578218" />
<p fId="0" fbTx="0.22578218" lbTx="0.225783055" tId="1" fbRx="0.22578218" lbRx="0.225783055" />
<p fId="1" fbTx="0.225783055" lbTx="0.22578393" tId="4" fbRx="0.225783055" lbRx="0.22578393" />
<p fId="3" fbTx="0.225882096" lbTx="0.22588218" tId="0" fbRx="0.235882096" lbRx="0.23588218" />
<p fId="0" fbTx="0.22588218" lbTx="0.225883055" tId="1" fbRx="0.22588218" lbRx="0.225883055" />
<p fId="1" fbTx="0.225883055" lbTx="0.22588393" tId="4" fbRx="0.225883055" lbRx="0.22588393" />
<p fId="3" fbTx="0.225982096" lbTx="0.22598218" tId="0" fbRx="0.235982096" lbRx="0.23598218" />
<p fId="0" fbTx="0.22598218" lbTx="0.225983055" tId="1" fbRx="0.22598218" lbRx="0.225983055" />
<p fId="1" fbTx="0.225983055" lbTx="0.22598393" tId="4" fbRx="0.225983055" lbRx="0.22598393" />
<p fId="3" fbTx="0.226082096" lbTx="0.22608218" tId="0" fbRx="0.236082096" lbRx="0.23608218" />
<p fId="0" fbTx="0.22608218" lbTx="0.226083055" tId="1" fbRx="0.22608218" lbRx="0.226083055" />
<p fId="1" fbTx="0.226083055" lbTx="0.22608393" tId="4" fbRx="0.226083055" lbRx="0.22608393" />
<p fId="3" fbTx="0.226182096" lbTx="0.22618218" tId="0" fbRx="0.236182096" lbRx="0.23618218" />
<p fId="0" fbTx="0.22618218" lbTx="0.226183055" tId="1" fbRx="0.22618218" lbRx="0.226183055" />
<p fId="1" fbTx="0.226183055" lbTx="0.22618393" tId="4" fbRx="0.226183055" lbRx="0.22618393" />
<pr uId="204" fId="4" fbTx="0.226214286" />
<wpr uId="204" tId="5" fbRx="0.226214286" lbRx="0" />
<wpr uId="204" tId="6" fbRx="0.226214286" lbRx="0" />
<p fId="3" fbTx="0.226282096" lbTx="0.22628218" tId="0" fbRx="0.236282096" lbRx="0.23628218" />
<p fId="0" fbTx="0.22628218" lbTx="0.226283055" tId="1" fbRx="0.22628218" lbRx="0.226283055" />
<p fId="1" fbTx="0.226283055" lbTx="0.22628393" tId="4" fbRx="0.226283055" lbRx="0.22628393" />
<p fId="3" fbTx="0.226382096" lbTx="0.22638218" tId="0" fbRx="0.236382096" lbRx="0.23638218" />
<p fId="0" fbTx="0.22638218" lbTx="0.226383055" tId="1" fbRx="0.22638218" lbRx="0.226383055" />
<p fId="1" fbTx="0.226383055" lbTx="0.22638393" tId="4" fbRx="0.226383055" lbRx="0.22638393" />
<p fId="3" fbTx="0.226482096" lbTx="0.22648218" tId="0" fbRx="0.236482096" lbRx="0.23648218" />
<p fId="0" fbTx="0.22648218" lbTx="0.226483055" tId="1" fbRx="0.22648218" lbRx="0.226483055" />
<p fId="1" fbTx="0.226483055" lbTx="0.22648393" tId="4" fbRx="0.226483055" lbRx="0.22648393" />
<p fId="3" fbTx="0.226582096" lbTx="0.22658218" tId="0" fbRx="0.236582096" lbRx="0.23658218" />
<p fId="0" fbTx="0.22658218" lbTx="0.226583055" tId="1" fbRx="0.22658218" lbRx="0.226583055" />
<p fId="1" fbTx="0.226583055" lbTx="0.22658393" tId="4" fbRx="0.226583055" lbRx="0.22658393" />
<p fId="3" fbTx="0.226682096" lbTx="0.22668218" tId="0" fbRx="0.236682096" lbRx="0.23668218" />
<p fId="0" fbTx="0.22668218" lbTx="0.226683055" tId="1" fbRx="0.22668218" lbRx="0.226683055" />
<p fId="1" fbTx="0.226683055" lbTx="0.22668393" tId="4" fbRx="0.226683055" lbRx="0.22668393" />
<p fId="3" fbTx="0.226782096" lbTx="0.22678218" tId="0" fbRx="0.236782096" lbRx="0.23678218" />
<p fId="0" fbTx="0.22678218" lbTx="0.226783055" tId="1" fbRx="0.22678218" lbRx="0.226783055" />
<p fId="1" fbTx="0.226783055" lbTx="0.22678393" tId="4" fbRx="0.226783055" lbRx="0.22678393" />
<p fId="3" fbTx="0.226882096" lbTx="0.22688218" tId="0" fbRx="0.236882096" lbRx="0.23688218" />
<p fId="0" fbTx="0.22688218" lbTx="0.226883055" tId="1" fbRx="0.22688218" lbRx="0.226883055" />
<p fId="1" fbTx="0.226883055" lbTx="0.22688393" tId="4" fbRx="0.226883055" lbRx="0.22688393" />
<p fId="3" fbTx="0.226982096" lbTx="0.22698218" tId="0" fbRx="0.236982096" lbRx="0.23698218" />
<p fId="0" fbTx="0.22698218" lbTx="0.226983055" tId="1" fbRx="0.22698218" lbRx="0.226983055" />
<p fId="1" fbTx="0.226983055" lbTx="0.22698393" tId="4" fbRx="0.226983055" lbRx="0.22698393" />
<p fId="3" fbTx="0.227082096" lbTx="0.22708218" tId="0" fbRx="0.237082096" lbRx="0.23708218" />
<p fId="0" fbTx="0.22708218" lbTx="0.227083055" tId="1" fbRx="0.22708218" lbRx="0.227083055" />
<p fId="1" fbTx="0.227083055" lbTx="0.22708393" tId="4" fbRx="0.227083055" lbRx="0.22708393" />
<p fId="3" fbTx="0.227182096" lbTx="0.22718218" tId="0" fbRx="0.237182096" lbRx="0.23718218" />
<p fId="0" fbTx="0.22718218" lbTx="0.227183055" tId="1" fbRx="0.22718218" lbRx="0.227183055" />
<p fId="1" fbTx="0.227183055" lbTx="0.22718393" tId="4" fbRx="0.227183055" lbRx="0.22718393" />
<pr uId="205" fId="4" fbTx="0.227214286" />
<wpr uId="205" tId="5" fbRx="0.227214286" lbRx="0" />
<wpr uId="205" tId="6" fbRx="0.227214286" lbRx="0" />
<p fId="3" fbTx="0.227282096" lbTx="0.22728218" tId="0" fbRx="0.237282096" lbRx="0.23728218" />
<p fId="0" fbTx="0.22728218" lbTx="0.227283055" tId="1" fbRx="0.22728218" lbRx="0.227283055" />
<p fId="1" fbTx="0.227283055" lbTx="0.22728393" tId="4" fbRx="0.227283055" lbRx="0.22728393" />
<p fId="3" fbTx="0.227382096" lbTx="0.22738218" tId="0" fbRx="0.237382096" lbRx="0.23738218" />
<p fId="0" fbTx="0.22738218" lbTx="0.227383055" tId="1" fbRx="0.22738218" lbRx="0.227383055" />
<p fId="1" fbTx="0.227383055" lbTx="0.22738393" tId="4" fbRx="0.227383055" lbRx="0.22738393" />
<p fId="3" fbTx="0.227482096" lbTx="0.22748218" tId="0" fbRx="0.237482096" lbRx="0.23748218" />
<p fId="0" fbTx="0.22748218" lbTx="0.227483055" tId="1" fbRx="0.22748218" lbRx="0.227483055" />
<p fId="1" fbTx="0.227483055" lbTx="0.22748393" tId="4" fbRx="0.227483055" lbRx="0.22748393" />
<p fId="3" fbTx="0.227582096" lbTx="0.22758218" tId="0" fbRx="0.237582096" lbRx="0.23758218" />
<p fId="0" fbTx="0.22758218" lbTx="0.227583055" tId="1" fbRx="0.22758218" lbRx="0.227583055" />
<p fId="1" fbTx="0.227583055" lbTx="0.22758393" tId="4" fbRx="0.227583055" lbRx="0.22758393" />
<p fId="3" fbTx="0.227682096" lbTx="0.22768218" tId="0" fbRx="0.237682096" lbRx="0.23768218" />
<p fId="0" fbTx="0.22768218" lbTx="0.227683055" tId="1" fbRx="0.22768218" lbRx="0.227683055" />
<p fId="1" fbTx="0.227683055" lbTx="0.22768393" tId="4" fbRx="0.227683055" lbRx="0.22768393" />
<p fId="3" fbTx="0.227782096" lbTx="0.22778218" tId="0" fbRx="0.237782096" lbRx="0.23778218" />
<p fId="0" fbTx="0.22778218" lbTx="0.227783055" tId="1" fbRx="0.22778218" lbRx="0.227783055" />
<p fId="1" fbTx="0.227783055" lbTx="0.22778393" tId="4" fbRx="0.227783055" lbRx="0.22778393" />
<p fId="3" fbTx="0.227882096" lbTx="0.22788218" tId="0" fbRx="0.237882096" lbRx="0.23788218" />
<p fId="0" fbTx="0.22788218" lbTx="0.227883055" tId="1" fbRx="0.22788218" lbRx="0.227883055" />
<p fId="1" fbTx="0.227883055" lbTx="0.22788393" tId="4" fbRx="0.227883055" lbRx="0.22788393" />
<p fId="3" fbTx="0.227982096" lbTx="0.22798218" tId="0" fbRx="0.237982096" lbRx="0.23798218" />
<p fId="0" fbTx="0.22798218" lbTx="0.227983055" tId="1" fbRx="0.22798218" lbRx="0.227983055" />
<p fId="1" fbTx="0.227983055" lbTx="0.22798393" tId="4" fbRx="0.227983055" lbRx="0.22798393" />
<p fId="3" fbTx="0.228082096" lbTx="0.22808218" tId="0" fbRx="0.238082096" lbRx="0.23808218" />
<p fId="0" fbTx="0.22808218" lbTx="0.228083055" tId="1" fbRx="0.22808218" lbRx="0.228083055" />
<p fId="1" fbTx="0.228083055" lbTx="0.22808393" tId="4" fbRx="0.228083055" lbRx="0.22808393" />
<p fId="3" fbTx="0.228182096" lbTx="0.22818218" tId="0" fbRx="0.238182096" lbRx="0.23818218" />
<p fId="0" fbTx="0.22818218" lbTx="0.228183055" tId="1" fbRx="0.22818218" lbRx="0.228183055" />
<p fId="1" fbTx="0.228183055" lbTx="0.22818393" tId="4" fbRx="0.228183055" lbRx="0.22818393" />
<pr uId="206" fId="4" fbTx="0.228214286" />
<wpr uId="206" tId="5" fbRx="0.228214286" lbRx="0" />
<wpr uId="206" tId="6" fbRx="0.228214286" lbRx="0" />
<p fId="3" fbTx="0.228282096" lbTx="0.22828218" tId="0" fbRx="0.238282096" lbRx="0.23828218" />
<p fId="0" fbTx="0.22828218" lbTx="0.228283055" tId="1" fbRx="0.22828218" lbRx="0.228283055" />
<p fId="1" fbTx="0.228283055" lbTx="0.22828393" tId="4" fbRx="0.228283055" lbRx="0.22828393" />
<p fId="3" fbTx="0.228382096" lbTx="0.22838218" tId="0" fbRx="0.238382096" lbRx="0.23838218" />
<p fId="0" fbTx="0.22838218" lbTx="0.228383055" tId="1" fbRx="0.22838218" lbRx="0.228383055" />
<p fId="1" fbTx="0.228383055" lbTx="0.22838393" tId="4" fbRx="0.228383055" lbRx="0.22838393" />
<p fId="3" fbTx="0.228482096" lbTx="0.22848218" tId="0" fbRx="0.238482096" lbRx="0.23848218" />
<p fId="0" fbTx="0.22848218" lbTx="0.228483055" tId="1" fbRx="0.22848218" lbRx="0.228483055" />
<p fId="1" fbTx="0.228483055" lbTx="0.22848393" tId="4" fbRx="0.228483055" lbRx="0.22848393" />
<p fId="3" fbTx="0.228582096" lbTx="0.22858218" tId="0" fbRx="0.238582096" lbRx="0.23858218" />
<p fId="0" fbTx="0.22858218" lbTx="0.228583055" tId="1" fbRx="0.22858218" lbRx="0.228583055" />
<p fId="1" fbTx="0.228583055" lbTx="0.22858393" tId="4" fbRx="0.228583055" lbRx="0.22858393" />
<p fId="3" fbTx="0.228682096" lbTx="0.22868218" tId="0" fbRx="0.238682096" lbRx="0.23868218" />
<p fId="0" fbTx="0.22868218" lbTx="0.228683055" tId="1" fbRx="0.22868218" lbRx="0.228683055" />
<p fId="1" fbTx="0.228683055" lbTx="0.22868393" tId="4" fbRx="0.228683055" lbRx="0.22868393" />
<p fId="3" fbTx="0.228782096" lbTx="0.22878218" tId="0" fbRx="0.238782096" lbRx="0.23878218" />
<p fId="0" fbTx="0.22878218" lbTx="0.228783055" tId="1" fbRx="0.22878218" lbRx="0.228783055" />
<p fId="1" fbTx="0.228783055" lbTx="0.22878393" tId="4" fbRx="0.228783055" lbRx="0.22878393" />
<p fId="3" fbTx="0.228882096" lbTx="0.22888218" tId="0" fbRx="0.238882096" lbRx="0.23888218" />
<p fId="0" fbTx="0.22888218" lbTx="0.228883055" tId="1" fbRx="0.22888218" lbRx="0.228883055" />
<p fId="1" fbTx="0.228883055" lbTx="0.22888393" tId="4" fbRx="0.228883055" lbRx="0.22888393" />
<p fId="3" fbTx="0.228982096" lbTx="0.22898218" tId="0" fbRx="0.238982096" lbRx="0.23898218" />
<p fId="0" fbTx="0.22898218" lbTx="0.228983055" tId="1" fbRx="0.22898218" lbRx="0.228983055" />
<p fId="1" fbTx="0.228983055" lbTx="0.22898393" tId="4" fbRx="0.228983055" lbRx="0.22898393" />
<p fId="3" fbTx="0.229082096" lbTx="0.22908218" tId="0" fbRx="0.239082096" lbRx="0.23908218" />
<p fId="0" fbTx="0.22908218" lbTx="0.229083055" tId="1" fbRx="0.22908218" lbRx="0.229083055" />
<p fId="1" fbTx="0.229083055" lbTx="0.22908393" tId="4" fbRx="0.229083055" lbRx="0.22908393" />
<p fId="3" fbTx="0.229182096" lbTx="0.22918218" tId="0" fbRx="0.239182096" lbRx="0.23918218" />
<p fId="0" fbTx="0.22918218" lbTx="0.229183055" tId="1" fbRx="0.22918218" lbRx="0.229183055" />
<p fId="1" fbTx="0.229183055" lbTx="0.22918393" tId="4" fbRx="0.229183055" lbRx="0.22918393" />
<pr uId="207" fId="4" fbTx="0.229214286" />
<wpr uId="207" tId="5" fbRx="0.229214286" lbRx="0" />
<wpr uId="207" tId="6" fbRx="0.229214286" lbRx="0" />
<p fId="3" fbTx="0.229282096" lbTx="0.22928218" tId="0" fbRx="0.239282096" lbRx="0.23928218" />
<p fId="0" fbTx="0.22928218" lbTx="0.229283055" tId="1" fbRx="0.22928218" lbRx="0.229283055" />
<p fId="1" fbTx="0.229283055" lbTx="0.22928393" tId="4" fbRx="0.229283055" lbRx="0.22928393" />
<p fId="3" fbTx="0.229382096" lbTx="0.22938218" tId="0" fbRx="0.239382096" lbRx="0.23938218" />
<p fId="0" fbTx="0.22938218" lbTx="0.229383055" tId="1" fbRx="0.22938218" lbRx="0.229383055" />
<p fId="1" fbTx="0.229383055" lbTx="0.22938393" tId="4" fbRx="0.229383055" lbRx="0.22938393" />
<p fId="3" fbTx="0.229482096" lbTx="0.22948218" tId="0" fbRx="0.239482096" lbRx="0.23948218" />
<p fId="0" fbTx="0.22948218" lbTx="0.229483055" tId="1" fbRx="0.22948218" lbRx="0.229483055" />
<p fId="1" fbTx="0.229483055" lbTx="0.22948393" tId="4" fbRx="0.229483055" lbRx="0.22948393" />
<p fId="3" fbTx="0.229582096" lbTx="0.22958218" tId="0" fbRx="0.239582096" lbRx="0.23958218" />
<p fId="0" fbTx="0.22958218" lbTx="0.229583055" tId="1" fbRx="0.22958218" lbRx="0.229583055" />
<p fId="1" fbTx="0.229583055" lbTx="0.22958393" tId="4" fbRx="0.229583055" lbRx="0.22958393" />
<p fId="3" fbTx="0.229682096" lbTx="0.22968218" tId="0" fbRx="0.239682096" lbRx="0.23968218" />
<p fId="0" fbTx="0.22968218" lbTx="0.229683055" tId="1" fbRx="0.22968218" lbRx="0.229683055" />
<p fId="1" fbTx="0.229683055" lbTx="0.22968393" tId="4" fbRx="0.229683055" lbRx="0.22968393" />
<p fId="3" fbTx="0.229782096" lbTx="0.22978218" tId="0" fbRx="0.239782096" lbRx="0.23978218" />
<p fId="0" fbTx="0.22978218" lbTx="0.229783055" tId="1" fbRx="0.22978218" lbRx="0.229783055" />
<p fId="1" fbTx="0.229783055" lbTx="0.22978393" tId="4" fbRx="0.229783055" lbRx="0.22978393" />
<p fId="3" fbTx="0.229882096" lbTx="0.22988218" tId="0" fbRx="0.239882096" lbRx="0.23988218" />
<p fId="0" fbTx="0.22988218" lbTx="0.229883055" tId="1" fbRx="0.22988218" lbRx="0.229883055" />
<p fId="1" fbTx="0.229883055" lbTx="0.22988393" tId="4" fbRx="0.229883055" lbRx="0.22988393" />
<p fId="3" fbTx="0.229982096" lbTx="0.22998218" tId="0" fbRx="0.239982096" lbRx="0.23998218" />
<p fId="0" fbTx="0.22998218" lbTx="0.229983055" tId="1" fbRx="0.22998218" lbRx="0.229983055" />
<p fId="1" fbTx="0.229983055" lbTx="0.22998393" tId="4" fbRx="0.229983055" lbRx="0.22998393" />
<p fId="3" fbTx="0.230082096" lbTx="0.23008218" tId="0" fbRx="0.240082096" lbRx="0.24008218" />
<p fId="0" fbTx="0.23008218" lbTx="0.230083055" tId="1" fbRx="0.23008218" lbRx="0.230083055" />
<p fId="1" fbTx="0.230083055" lbTx="0.23008393" tId="4" fbRx="0.230083055" lbRx="0.23008393" />
<p fId="3" fbTx="0.230182096" lbTx="0.23018218" tId="0" fbRx="0.240182096" lbRx="0.24018218" />
<p fId="0" fbTx="0.23018218" lbTx="0.230183055" tId="1" fbRx="0.23018218" lbRx="0.230183055" />
<p fId="1" fbTx="0.230183055" lbTx="0.23018393" tId="4" fbRx="0.230183055" lbRx="0.23018393" />
<pr uId="208" fId="4" fbTx="0.230214286" />
<wpr uId="208" tId="5" fbRx="0.230214286" lbRx="0" />
<wpr uId="208" tId="6" fbRx="0.230214286" lbRx="0" />
<p fId="3" fbTx="0.230282096" lbTx="0.23028218" tId="0" fbRx="0.240282096" lbRx="0.24028218" />
<p fId="0" fbTx="0.23028218" lbTx="0.230283055" tId="1" fbRx="0.23028218" lbRx="0.230283055" />
<p fId="1" fbTx="0.230283055" lbTx="0.23028393" tId="4" fbRx="0.230283055" lbRx="0.23028393" />
<p fId="3" fbTx="0.230382096" lbTx="0.23038218" tId="0" fbRx="0.240382096" lbRx="0.24038218" />
<p fId="0" fbTx="0.23038218" lbTx="0.230383055" tId="1" fbRx="0.23038218" lbRx="0.230383055" />
<p fId="1" fbTx="0.230383055" lbTx="0.23038393" tId="4" fbRx="0.230383055" lbRx="0.23038393" />
<p fId="3" fbTx="0.230482096" lbTx="0.23048218" tId="0" fbRx="0.240482096" lbRx="0.24048218" />
<p fId="0" fbTx="0.23048218" lbTx="0.230483055" tId="1" fbRx="0.23048218" lbRx="0.230483055" />
<p fId="1" fbTx="0.230483055" lbTx="0.23048393" tId="4" fbRx="0.230483055" lbRx="0.23048393" />
<p fId="3" fbTx="0.230582096" lbTx="0.23058218" tId="0" fbRx="0.240582096" lbRx="0.24058218" />
<p fId="0" fbTx="0.23058218" lbTx="0.230583055" tId="1" fbRx="0.23058218" lbRx="0.230583055" />
<p fId="1" fbTx="0.230583055" lbTx="0.23058393" tId="4" fbRx="0.230583055" lbRx="0.23058393" />
<p fId="3" fbTx="0.230682096" lbTx="0.23068218" tId="0" fbRx="0.240682096" lbRx="0.24068218" />
<p fId="0" fbTx="0.23068218" lbTx="0.230683055" tId="1" fbRx="0.23068218" lbRx="0.230683055" />
<p fId="1" fbTx="0.230683055" lbTx="0.23068393" tId="4" fbRx="0.230683055" lbRx="0.23068393" />
<p fId="3" fbTx="0.230782096" lbTx="0.23078218" tId="0" fbRx="0.240782096" lbRx="0.24078218" />
<p fId="0" fbTx="0.23078218" lbTx="0.230783055" tId="1" fbRx="0.23078218" lbRx="0.230783055" />
<p fId="1" fbTx="0.230783055" lbTx="0.23078393" tId="4" fbRx="0.230783055" lbRx="0.23078393" />
<p fId="3" fbTx="0.230882096" lbTx="0.23088218" tId="0" fbRx="0.240882096" lbRx="0.24088218" />
<p fId="0" fbTx="0.23088218" lbTx="0.230883055" tId="1" fbRx="0.23088218" lbRx="0.230883055" />
<p fId="1" fbTx="0.230883055" lbTx="0.23088393" tId="4" fbRx="0.230883055" lbRx="0.23088393" />
<p fId="3" fbTx="0.230982096" lbTx="0.23098218" tId="0" fbRx="0.240982096" lbRx="0.24098218" />
<p fId="0" fbTx="0.23098218" lbTx="0.230983055" tId="1" fbRx="0.23098218" lbRx="0.230983055" />
<p fId="1" fbTx="0.230983055" lbTx="0.23098393" tId="4" fbRx="0.230983055" lbRx="0.23098393" />
<p fId="3" fbTx="0.231082096" lbTx="0.23108218" tId="0" fbRx="0.241082096" lbRx="0.24108218" />
<p fId="0" fbTx="0.23108218" lbTx="0.231083055" tId="1" fbRx="0.23108218" lbRx="0.231083055" />
<p fId="1" fbTx="0.231083055" lbTx="0.23108393" tId="4" fbRx="0.231083055" lbRx="0.23108393" />
<p fId="3" fbTx="0.231182096" lbTx="0.23118218" tId="0" fbRx="0.241182096" lbRx="0.24118218" />
<p fId="0" fbTx="0.23118218" lbTx="0.231183055" tId="1" fbRx="0.23118218" lbRx="0.231183055" />
<p fId="1" fbTx="0.231183055" lbTx="0.23118393" tId="4" fbRx="0.231183055" lbRx="0.23118393" />
<pr uId="209" fId="4" fbTx="0.231214286" />
<wpr uId="209" tId="5" fbRx="0.231214286" lbRx="0" />
<wpr uId="209" tId="6" fbRx="0.231214286" lbRx="0" />
<p fId="3" fbTx="0.231282096" lbTx="0.23128218" tId="0" fbRx="0.241282096" lbRx="0.24128218" />
<p fId="0" fbTx="0.23128218" lbTx="0.231283055" tId="1" fbRx="0.23128218" lbRx="0.231283055" />
<p fId="1" fbTx="0.231283055" lbTx="0.23128393" tId="4" fbRx="0.231283055" lbRx="0.23128393" />
<p fId="3" fbTx="0.231382096" lbTx="0.23138218" tId="0" fbRx="0.241382096" lbRx="0.24138218" />
<p fId="0" fbTx="0.23138218" lbTx="0.231383055" tId="1" fbRx="0.23138218" lbRx="0.231383055" />
<p fId="1" fbTx="0.231383055" lbTx="0.23138393" tId="4" fbRx="0.231383055" lbRx="0.23138393" />
<p fId="3" fbTx="0.231482096" lbTx="0.23148218" tId="0" fbRx="0.241482096" lbRx="0.24148218" />
<p fId="0" fbTx="0.23148218" lbTx="0.231483055" tId="1" fbRx="0.23148218" lbRx="0.231483055" />
<p fId="1" fbTx="0.231483055" lbTx="0.23148393" tId="4" fbRx="0.231483055" lbRx="0.23148393" />
<p fId="3" fbTx="0.231582096" lbTx="0.23158218" tId="0" fbRx="0.241582096" lbRx="0.24158218" />
<p fId="0" fbTx="0.23158218" lbTx="0.231583055" tId="1" fbRx="0.23158218" lbRx="0.231583055" />
<p fId="1" fbTx="0.231583055" lbTx="0.23158393" tId="4" fbRx="0.231583055" lbRx="0.23158393" />
<p fId="3" fbTx="0.231682096" lbTx="0.23168218" tId="0" fbRx="0.241682096" lbRx="0.24168218" />
<p fId="0" fbTx="0.23168218" lbTx="0.231683055" tId="1" fbRx="0.23168218" lbRx="0.231683055" />
<p fId="1" fbTx="0.231683055" lbTx="0.23168393" tId="4" fbRx="0.231683055" lbRx="0.23168393" />
<p fId="3" fbTx="0.231782096" lbTx="0.23178218" tId="0" fbRx="0.241782096" lbRx="0.24178218" />
<p fId="0" fbTx="0.23178218" lbTx="0.231783055" tId="1" fbRx="0.23178218" lbRx="0.231783055" />
<p fId="1" fbTx="0.231783055" lbTx="0.23178393" tId="4" fbRx="0.231783055" lbRx="0.23178393" />
<p fId="3" fbTx="0.231882096" lbTx="0.23188218" tId="0" fbRx="0.241882096" lbRx="0.24188218" />
<p fId="0" fbTx="0.23188218" lbTx="0.231883055" tId="1" fbRx="0.23188218" lbRx="0.231883055" />
<p fId="1" fbTx="0.231883055" lbTx="0.23188393" tId="4" fbRx="0.231883055" lbRx="0.23188393" />
<p fId="3" fbTx="0.231982096" lbTx="0.23198218" tId="0" fbRx="0.241982096" lbRx="0.24198218" />
<p fId="0" fbTx="0.23198218" lbTx="0.231983055" tId="1" fbRx="0.23198218" lbRx="0.231983055" />
<p fId="1" fbTx="0.231983055" lbTx="0.23198393" tId="4" fbRx="0.231983055" lbRx="0.23198393" />
<p fId="3" fbTx="0.232082096" lbTx="0.23208218" tId="0" fbRx="0.242082096" lbRx="0.24208218" />
<p fId="0" fbTx="0.23208218" lbTx="0.232083055" tId="1" fbRx="0.23208218" lbRx="0.232083055" />
<p fId="1" fbTx="0.232083055" lbTx="0.23208393" tId="4" fbRx="0.232083055" lbRx="0.23208393" />
<p fId="3" fbTx="0.232182096" lbTx="0.23218218" tId="0" fbRx="0.242182096" lbRx="0.24218218" />
<p fId="0" fbTx="0.23218218" lbTx="0.232183055" tId="1" fbRx="0.23218218" lbRx="0.232183055" />
<p fId="1" fbTx="0.232183055" lbTx="0.23218393" tId="4" fbRx="0.232183055" lbRx="0.23218393" />
<pr uId="210" fId="4" fbTx="0.232214286" />
<wpr uId="210" tId="5" fbRx="0.232214286" lbRx="0" />
<wpr uId="210" tId="6" fbRx="0.232214286" lbRx="0" />
<p fId="3" fbTx="0.232282096" lbTx="0.23228218" tId="0" fbRx="0.242282096" lbRx="0.24228218" />
<p fId="0" fbTx="0.23228218" lbTx="0.232283055" tId="1" fbRx="0.23228218" lbRx="0.232283055" />
<p fId="1" fbTx="0.232283055" lbTx="0.23228393" tId="4" fbRx="0.232283055" lbRx="0.23228393" />
<p fId="3" fbTx="0.232382096" lbTx="0.23238218" tId="0" fbRx="0.242382096" lbRx="0.24238218" />
<p fId="0" fbTx="0.23238218" lbTx="0.232383055" tId="1" fbRx="0.23238218" lbRx="0.232383055" />
<p fId="1" fbTx="0.232383055" lbTx="0.23238393" tId="4" fbRx="0.232383055" lbRx="0.23238393" />
<p fId="3" fbTx="0.232482096" lbTx="0.23248218" tId="0" fbRx="0.242482096" lbRx="0.24248218" />
<p fId="0" fbTx="0.23248218" lbTx="0.232483055" tId="1" fbRx="0.23248218" lbRx="0.232483055" />
<p fId="1" fbTx="0.232483055" lbTx="0.23248393" tId="4" fbRx="0.232483055" lbRx="0.23248393" />
<p fId="3" fbTx="0.232582096" lbTx="0.23258218" tId="0" fbRx="0.242582096" lbRx="0.24258218" />
<p fId="0" fbTx="0.23258218" lbTx="0.232583055" tId="1" fbRx="0.23258218" lbRx="0.232583055" />
<p fId="1" fbTx="0.232583055" lbTx="0.23258393" tId="4" fbRx="0.232583055" lbRx="0.23258393" />
<p fId="3" fbTx="0.232682096" lbTx="0.23268218" tId="0" fbRx="0.242682096" lbRx="0.24268218" />
<p fId="0" fbTx="0.23268218" lbTx="0.232683055" tId="1" fbRx="0.23268218" lbRx="0.232683055" />
<p fId="1" fbTx="0.232683055" lbTx="0.23268393" tId="4" fbRx="0.232683055" lbRx="0.23268393" />
<p fId="3" fbTx="0.232782096" lbTx="0.23278218" tId="0" fbRx="0.242782096" lbRx="0.24278218" />
<p fId="0" fbTx="0.23278218" lbTx="0.232783055" tId="1" fbRx="0.23278218" lbRx="0.232783055" />
<p fId="1" fbTx="0.232783055" lbTx="0.23278393" tId="4" fbRx="0.232783055" lbRx="0.23278393" />
<p fId="3" fbTx="0.232882096" lbTx="0.23288218" tId="0" fbRx="0.242882096" lbRx="0.24288218" />
<p fId="0" fbTx="0.23288218" lbTx="0.232883055" tId="1" fbRx="0.23288218" lbRx="0.232883055" />
<p fId="1" fbTx="0.232883055" lbTx="0.23288393" tId="4" fbRx="0.232883055" lbRx="0.23288393" />
<p fId="3" fbTx="0.232982096" lbTx="0.23298218" tId="0" fbRx="0.242982096" lbRx="0.24298218" />
<p fId="0" fbTx="0.23298218" lbTx="0.232983055" tId="1" fbRx="0.23298218" lbRx="0.232983055" />
<p fId="1" fbTx="0.232983055" lbTx="0.23298393" tId="4" fbRx="0.232983055" lbRx="0.23298393" />
<p fId="3" fbTx="0.233082096" lbTx="0.23308218" tId="0" fbRx="0.243082096" lbRx="0.24308218" />
<p fId="0" fbTx="0.23308218" lbTx="0.233083055" tId="1" fbRx="0.23308218" lbRx="0.233083055" />
<p fId="1" fbTx="0.233083055" lbTx="0.23308393" tId="4" fbRx="0.233083055" lbRx="0.23308393" />
<p fId="3" fbTx="0.233182096" lbTx="0.23318218" tId="0" fbRx="0.243182096" lbRx="0.24318218" />
<p fId="0" fbTx="0.23318218" lbTx="0.233183055" tId="1" fbRx="0.23318218" lbRx="0.233183055" />
<p fId="1" fbTx="0.233183055" lbTx="0.23318393" tId="4" fbRx="0.233183055" lbRx="0.23318393" />
<pr uId="211" fId="4" fbTx="0.233214286" />
<wpr uId="211" tId="5" fbRx="0.233214286" lbRx="0" />
<wpr uId="211" tId="6" fbRx="0.233214286" lbRx="0" />
<p fId="3" fbTx="0.233282096" lbTx="0.23328218" tId="0" fbRx="0.243282096" lbRx="0.24328218" />
<p fId="0" fbTx="0.23328218" lbTx="0.233283055" tId="1" fbRx="0.23328218" lbRx="0.233283055" />
<p fId="1" fbTx="0.233283055" lbTx="0.23328393" tId="4" fbRx="0.233283055" lbRx="0.23328393" />
<p fId="3" fbTx="0.233382096" lbTx="0.23338218" tId="0" fbRx="0.243382096" lbRx="0.24338218" />
<p fId="0" fbTx="0.23338218" lbTx="0.233383055" tId="1" fbRx="0.23338218" lbRx="0.233383055" />
<p fId="1" fbTx="0.233383055" lbTx="0.23338393" tId="4" fbRx="0.233383055" lbRx="0.23338393" />
<p fId="3" fbTx="0.233482096" lbTx="0.23348218" tId="0" fbRx="0.243482096" lbRx="0.24348218" />
<p fId="0" fbTx="0.23348218" lbTx="0.233483055" tId="1" fbRx="0.23348218" lbRx="0.233483055" />
<p fId="1" fbTx="0.233483055" lbTx="0.23348393" tId="4" fbRx="0.233483055" lbRx="0.23348393" />
<p fId="3" fbTx="0.233582096" lbTx="0.23358218" tId="0" fbRx="0.243582096" lbRx="0.24358218" />
<p fId="0" fbTx="0.23358218" lbTx="0.233583055" tId="1" fbRx="0.23358218" lbRx="0.233583055" />
<p fId="1" fbTx="0.233583055" lbTx="0.23358393" tId="4" fbRx="0.233583055" lbRx="0.23358393" />
<p fId="3" fbTx="0.233682096" lbTx="0.23368218" tId="0" fbRx="0.243682096" lbRx="0.24368218" />
<p fId="0" fbTx="0.23368218" lbTx="0.233683055" tId="1" fbRx="0.23368218" lbRx="0.233683055" />
<p fId="1" fbTx="0.233683055" lbTx="0.23368393" tId="4" fbRx="0.233683055" lbRx="0.23368393" />
<p fId="3" fbTx="0.233782096" lbTx="0.23378218" tId="0" fbRx="0.243782096" lbRx="0.24378218" />
<p fId="0" fbTx="0.23378218" lbTx="0.233783055" tId="1" fbRx="0.23378218" lbRx="0.233783055" />
<p fId="1" fbTx="0.233783055" lbTx="0.23378393" tId="4" fbRx="0.233783055" lbRx="0.23378393" />
<p fId="3" fbTx="0.233882096" lbTx="0.23388218" tId="0" fbRx="0.243882096" lbRx="0.24388218" />
<p fId="0" fbTx="0.23388218" lbTx="0.233883055" tId="1" fbRx="0.23388218" lbRx="0.233883055" />
<p fId="1" fbTx="0.233883055" lbTx="0.23388393" tId="4" fbRx="0.233883055" lbRx="0.23388393" />
<p fId="3" fbTx="0.233982096" lbTx="0.23398218" tId="0" fbRx="0.243982096" lbRx="0.24398218" />
<p fId="0" fbTx="0.23398218" lbTx="0.233983055" tId="1" fbRx="0.23398218" lbRx="0.233983055" />
<p fId="1" fbTx="0.233983055" lbTx="0.23398393" tId="4" fbRx="0.233983055" lbRx="0.23398393" />
<p fId="3" fbTx="0.234082096" lbTx="0.23408218" tId="0" fbRx="0.244082096" lbRx="0.24408218" />
<p fId="0" fbTx="0.23408218" lbTx="0.234083055" tId="1" fbRx="0.23408218" lbRx="0.234083055" />
<p fId="1" fbTx="0.234083055" lbTx="0.23408393" tId="4" fbRx="0.234083055" lbRx="0.23408393" />
<p fId="3" fbTx="0.234182096" lbTx="0.23418218" tId="0" fbRx="0.244182096" lbRx="0.24418218" />
<p fId="0" fbTx="0.23418218" lbTx="0.234183055" tId="1" fbRx="0.23418218" lbRx="0.234183055" />
<p fId="1" fbTx="0.234183055" lbTx="0.23418393" tId="4" fbRx="0.234183055" lbRx="0.23418393" />
<pr uId="212" fId="4" fbTx="0.234214286" />
<wpr uId="212" tId="5" fbRx="0.234214286" lbRx="0" />
<wpr uId="212" tId="6" fbRx="0.234214286" lbRx="0" />
<p fId="3" fbTx="0.234282096" lbTx="0.23428218" tId="0" fbRx="0.244282096" lbRx="0.24428218" />
<p fId="0" fbTx="0.23428218" lbTx="0.234283055" tId="1" fbRx="0.23428218" lbRx="0.234283055" />
<p fId="1" fbTx="0.234283055" lbTx="0.23428393" tId="4" fbRx="0.234283055" lbRx="0.23428393" />
<p fId="3" fbTx="0.234382096" lbTx="0.23438218" tId="0" fbRx="0.244382096" lbRx="0.24438218" />
<p fId="0" fbTx="0.23438218" lbTx="0.234383055" tId="1" fbRx="0.23438218" lbRx="0.234383055" />
<p fId="1" fbTx="0.234383055" lbTx="0.23438393" tId="4" fbRx="0.234383055" lbRx="0.23438393" />
<p fId="3" fbTx="0.234482096" lbTx="0.23448218" tId="0" fbRx="0.244482096" lbRx="0.24448218" />
<p fId="0" fbTx="0.23448218" lbTx="0.234483055" tId="1" fbRx="0.23448218" lbRx="0.234483055" />
<p fId="1" fbTx="0.234483055" lbTx="0.23448393" tId="4" fbRx="0.234483055" lbRx="0.23448393" />
<p fId="3" fbTx="0.234582096" lbTx="0.23458218" tId="0" fbRx="0.244582096" lbRx="0.24458218" />
<p fId="0" fbTx="0.23458218" lbTx="0.234583055" tId="1" fbRx="0.23458218" lbRx="0.234583055" />
<p fId="1" fbTx="0.234583055" lbTx="0.23458393" tId="4" fbRx="0.234583055" lbRx="0.23458393" />
<p fId="3" fbTx="0.234682096" lbTx="0.23468218" tId="0" fbRx="0.244682096" lbRx="0.24468218" />
<p fId="0" fbTx="0.23468218" lbTx="0.234683055" tId="1" fbRx="0.23468218" lbRx="0.234683055" />
<p fId="1" fbTx="0.234683055" lbTx="0.23468393" tId="4" fbRx="0.234683055" lbRx="0.23468393" />
<p fId="3" fbTx="0.234782096" lbTx="0.23478218" tId="0" fbRx="0.244782096" lbRx="0.24478218" />
<p fId="0" fbTx="0.23478218" lbTx="0.234783055" tId="1" fbRx="0.23478218" lbRx="0.234783055" />
<p fId="1" fbTx="0.234783055" lbTx="0.23478393" tId="4" fbRx="0.234783055" lbRx="0.23478393" />
<p fId="3" fbTx="0.234882096" lbTx="0.23488218" tId="0" fbRx="0.244882096" lbRx="0.24488218" />
<p fId="0" fbTx="0.23488218" lbTx="0.234883055" tId="1" fbRx="0.23488218" lbRx="0.234883055" />
<p fId="1" fbTx="0.234883055" lbTx="0.23488393" tId="4" fbRx="0.234883055" lbRx="0.23488393" />
<p fId="3" fbTx="0.234982096" lbTx="0.23498218" tId="0" fbRx="0.244982096" lbRx="0.24498218" />
<p fId="0" fbTx="0.23498218" lbTx="0.234983055" tId="1" fbRx="0.23498218" lbRx="0.234983055" />
<p fId="1" fbTx="0.234983055" lbTx="0.23498393" tId="4" fbRx="0.234983055" lbRx="0.23498393" />
<p fId="3" fbTx="0.235082096" lbTx="0.23508218" tId="0" fbRx="0.245082096" lbRx="0.24508218" />
<p fId="0" fbTx="0.23508218" lbTx="0.235083055" tId="1" fbRx="0.23508218" lbRx="0.235083055" />
<p fId="1" fbTx="0.235083055" lbTx="0.23508393" tId="4" fbRx="0.235083055" lbRx="0.23508393" />
<p fId="3" fbTx="0.235182096" lbTx="0.23518218" tId="0" fbRx="0.245182096" lbRx="0.24518218" />
<p fId="0" fbTx="0.23518218" lbTx="0.235183055" tId="1" fbRx="0.23518218" lbRx="0.235183055" />
<p fId="1" fbTx="0.235183055" lbTx="0.23518393" tId="4" fbRx="0.235183055" lbRx="0.23518393" />
<pr uId="213" fId="4" fbTx="0.235214286" />
<wpr uId="213" tId="5" fbRx="0.235214286" lbRx="0" />
<wpr uId="213" tId="6" fbRx="0.235214286" lbRx="0" />
<p fId="3" fbTx="0.235282096" lbTx="0.23528218" tId="0" fbRx="0.245282096" lbRx="0.24528218" />
<p fId="0" fbTx="0.23528218" lbTx="0.235283055" tId="1" fbRx="0.23528218" lbRx="0.235283055" />
<p fId="1" fbTx="0.235283055" lbTx="0.23528393" tId="4" fbRx="0.235283055" lbRx="0.23528393" />
<p fId="3" fbTx="0.235382096" lbTx="0.23538218" tId="0" fbRx="0.245382096" lbRx="0.24538218" />
<p fId="0" fbTx="0.23538218" lbTx="0.235383055" tId="1" fbRx="0.23538218" lbRx="0.235383055" />
<p fId="1" fbTx="0.235383055" lbTx="0.23538393" tId="4" fbRx="0.235383055" lbRx="0.23538393" />
<p fId="3" fbTx="0.235482096" lbTx="0.23548218" tId="0" fbRx="0.245482096" lbRx="0.24548218" />
<p fId="0" fbTx="0.23548218" lbTx="0.235483055" tId="1" fbRx="0.23548218" lbRx="0.235483055" />
<p fId="1" fbTx="0.235483055" lbTx="0.23548393" tId="4" fbRx="0.235483055" lbRx="0.23548393" />
<p fId="3" fbTx="0.235582096" lbTx="0.23558218" tId="0" fbRx="0.245582096" lbRx="0.24558218" />
<p fId="0" fbTx="0.23558218" lbTx="0.235583055" tId="1" fbRx="0.23558218" lbRx="0.235583055" />
<p fId="1" fbTx="0.235583055" lbTx="0.23558393" tId="4" fbRx="0.235583055" lbRx="0.23558393" />
<p fId="3" fbTx="0.235682096" lbTx="0.23568218" tId="0" fbRx="0.245682096" lbRx="0.24568218" />
<p fId="0" fbTx="0.23568218" lbTx="0.235683055" tId="1" fbRx="0.23568218" lbRx="0.235683055" />
<p fId="1" fbTx="0.235683055" lbTx="0.23568393" tId="4" fbRx="0.235683055" lbRx="0.23568393" />
<p fId="3" fbTx="0.235782096" lbTx="0.23578218" tId="0" fbRx="0.245782096" lbRx="0.24578218" />
<p fId="0" fbTx="0.23578218" lbTx="0.235783055" tId="1" fbRx="0.23578218" lbRx="0.235783055" />
<p fId="1" fbTx="0.235783055" lbTx="0.23578393" tId="4" fbRx="0.235783055" lbRx="0.23578393" />
<p fId="3" fbTx="0.235882096" lbTx="0.23588218" tId="0" fbRx="0.245882096" lbRx="0.24588218" />
<p fId="0" fbTx="0.23588218" lbTx="0.235883055" tId="1" fbRx="0.23588218" lbRx="0.235883055" />
<p fId="1" fbTx="0.235883055" lbTx="0.23588393" tId="4" fbRx="0.235883055" lbRx="0.23588393" />
<p fId="3" fbTx="0.235982096" lbTx="0.23598218" tId="0" fbRx="0.245982096" lbRx="0.24598218" />
<p fId="0" fbTx="0.23598218" lbTx="0.235983055" tId="1" fbRx="0.23598218" lbRx="0.235983055" />
<p fId="1" fbTx="0.235983055" lbTx="0.23598393" tId="4" fbRx="0.235983055" lbRx="0.23598393" />
<p fId="3" fbTx="0.236082096" lbTx="0.23608218" tId="0" fbRx="0.246082096" lbRx="0.24608218" />
<p fId="0" fbTx="0.23608218" lbTx="0.236083055" tId="1" fbRx="0.23608218" lbRx="0.236083055" />
<p fId="1" fbTx="0.236083055" lbTx="0.23608393" tId="4" fbRx="0.236083055" lbRx="0.23608393" />
<p fId="3" fbTx="0.236182096" lbTx="0.23618218" tId="0" fbRx="0.246182096" lbRx="0.24618218" />
<p fId="0" fbTx="0.23618218" lbTx="0.236183055" tId="1" fbRx="0.23618218" lbRx="0.236183055" />
<p fId="1" fbTx="0.236183055" lbTx="0.23618393" tId="4" fbRx="0.236183055" lbRx="0.23618393" />
<pr uId="214" fId="4" fbTx="0.236214286" />
<wpr uId="214" tId="5" fbRx="0.236214286" lbRx="0" />
<wpr uId="214" tId="6" fbRx="0.236214286" lbRx="0" />
<p fId="3" fbTx="0.236282096" lbTx="0.23628218" tId="0" fbRx="0.246282096" lbRx="0.24628218" />
<p fId="0" fbTx="0.23628218" lbTx="0.236283055" tId="1" fbRx="0.23628218" lbRx="0.236283055" />
<p fId="1" fbTx="0.236283055" lbTx="0.23628393" tId="4" fbRx="0.236283055" lbRx="0.23628393" />
<p fId="3" fbTx="0.236382096" lbTx="0.23638218" tId="0" fbRx="0.246382096" lbRx="0.24638218" />
<p fId="0" fbTx="0.23638218" lbTx="0.236383055" tId="1" fbRx="0.23638218" lbRx="0.236383055" />
<p fId="1" fbTx="0.236383055" lbTx="0.23638393" tId="4" fbRx="0.236383055" lbRx="0.23638393" />
<p fId="3" fbTx="0.236482096" lbTx="0.23648218" tId="0" fbRx="0.246482096" lbRx="0.24648218" />
<p fId="0" fbTx="0.23648218" lbTx="0.236483055" tId="1" fbRx="0.23648218" lbRx="0.236483055" />
<p fId="1" fbTx="0.236483055" lbTx="0.23648393" tId="4" fbRx="0.236483055" lbRx="0.23648393" />
<p fId="3" fbTx="0.236582096" lbTx="0.23658218" tId="0" fbRx="0.246582096" lbRx="0.24658218" />
<p fId="0" fbTx="0.23658218" lbTx="0.236583055" tId="1" fbRx="0.23658218" lbRx="0.236583055" />
<p fId="1" fbTx="0.236583055" lbTx="0.23658393" tId="4" fbRx="0.236583055" lbRx="0.23658393" />
<p fId="3" fbTx="0.236682096" lbTx="0.23668218" tId="0" fbRx="0.246682096" lbRx="0.24668218" />
<p fId="0" fbTx="0.23668218" lbTx="0.236683055" tId="1" fbRx="0.23668218" lbRx="0.236683055" />
<p fId="1" fbTx="0.236683055" lbTx="0.23668393" tId="4" fbRx="0.236683055" lbRx="0.23668393" />
<p fId="3" fbTx="0.236782096" lbTx="0.23678218" tId="0" fbRx="0.246782096" lbRx="0.24678218" />
<p fId="0" fbTx="0.23678218" lbTx="0.236783055" tId="1" fbRx="0.23678218" lbRx="0.236783055" />
<p fId="1" fbTx="0.236783055" lbTx="0.23678393" tId="4" fbRx="0.236783055" lbRx="0.23678393" />
<p fId="3" fbTx="0.236882096" lbTx="0.23688218" tId="0" fbRx="0.246882096" lbRx="0.24688218" />
<p fId="0" fbTx="0.23688218" lbTx="0.236883055" tId="1" fbRx="0.23688218" lbRx="0.236883055" />
<p fId="1" fbTx="0.236883055" lbTx="0.23688393" tId="4" fbRx="0.236883055" lbRx="0.23688393" />
<p fId="3" fbTx="0.236982096" lbTx="0.23698218" tId="0" fbRx="0.246982096" lbRx="0.24698218" />
<p fId="0" fbTx="0.23698218" lbTx="0.236983055" tId="1" fbRx="0.23698218" lbRx="0.236983055" />
<p fId="1" fbTx="0.236983055" lbTx="0.23698393" tId="4" fbRx="0.236983055" lbRx="0.23698393" />
<p fId="3" fbTx="0.237082096" lbTx="0.23708218" tId="0" fbRx="0.247082096" lbRx="0.24708218" />
<p fId="0" fbTx="0.23708218" lbTx="0.237083055" tId="1" fbRx="0.23708218" lbRx="0.237083055" />
<p fId="1" fbTx="0.237083055" lbTx="0.23708393" tId="4" fbRx="0.237083055" lbRx="0.23708393" />
<p fId="3" fbTx="0.237182096" lbTx="0.23718218" tId="0" fbRx="0.247182096" lbRx="0.24718218" />
<p fId="0" fbTx="0.23718218" lbTx="0.237183055" tId="1" fbRx="0.23718218" lbRx="0.237183055" />
<p fId="1" fbTx="0.237183055" lbTx="0.23718393" tId="4" fbRx="0.237183055" lbRx="0.23718393" />
<pr uId="215" fId="4" fbTx="0.237214286" />
<wpr uId="215" tId="5" fbRx="0.237214286" lbRx="0" />
<wpr uId="215" tId="6" fbRx="0.237214286" lbRx="0" />
<p fId="3" fbTx="0.237282096" lbTx="0.23728218" tId="0" fbRx="0.247282096" lbRx="0.24728218" />
<p fId="0" fbTx="0.23728218" lbTx="0.237283055" tId="1" fbRx="0.23728218" lbRx="0.237283055" />
<p fId="1" fbTx="0.237283055" lbTx="0.23728393" tId="4" fbRx="0.237283055" lbRx="0.23728393" />
<p fId="3" fbTx="0.237382096" lbTx="0.23738218" tId="0" fbRx="0.247382096" lbRx="0.24738218" />
<p fId="0" fbTx="0.23738218" lbTx="0.237383055" tId="1" fbRx="0.23738218" lbRx="0.237383055" />
<p fId="1" fbTx="0.237383055" lbTx="0.23738393" tId="4" fbRx="0.237383055" lbRx="0.23738393" />
<p fId="3" fbTx="0.237482096" lbTx="0.23748218" tId="0" fbRx="0.247482096" lbRx="0.24748218" />
<p fId="0" fbTx="0.23748218" lbTx="0.237483055" tId="1" fbRx="0.23748218" lbRx="0.237483055" />
<p fId="1" fbTx="0.237483055" lbTx="0.23748393" tId="4" fbRx="0.237483055" lbRx="0.23748393" />
<p fId="3" fbTx="0.237582096" lbTx="0.23758218" tId="0" fbRx="0.247582096" lbRx="0.24758218" />
<p fId="0" fbTx="0.23758218" lbTx="0.237583055" tId="1" fbRx="0.23758218" lbRx="0.237583055" />
<p fId="1" fbTx="0.237583055" lbTx="0.23758393" tId="4" fbRx="0.237583055" lbRx="0.23758393" />
<p fId="3" fbTx="0.237682096" lbTx="0.23768218" tId="0" fbRx="0.247682096" lbRx="0.24768218" />
<p fId="0" fbTx="0.23768218" lbTx="0.237683055" tId="1" fbRx="0.23768218" lbRx="0.237683055" />
<p fId="1" fbTx="0.237683055" lbTx="0.23768393" tId="4" fbRx="0.237683055" lbRx="0.23768393" />
<p fId="3" fbTx="0.237782096" lbTx="0.23778218" tId="0" fbRx="0.247782096" lbRx="0.24778218" />
<p fId="0" fbTx="0.23778218" lbTx="0.237783055" tId="1" fbRx="0.23778218" lbRx="0.237783055" />
<p fId="1" fbTx="0.237783055" lbTx="0.23778393" tId="4" fbRx="0.237783055" lbRx="0.23778393" />
<p fId="3" fbTx="0.237882096" lbTx="0.23788218" tId="0" fbRx="0.247882096" lbRx="0.24788218" />
<p fId="0" fbTx="0.23788218" lbTx="0.237883055" tId="1" fbRx="0.23788218" lbRx="0.237883055" />
<p fId="1" fbTx="0.237883055" lbTx="0.23788393" tId="4" fbRx="0.237883055" lbRx="0.23788393" />
<p fId="3" fbTx="0.237982096" lbTx="0.23798218" tId="0" fbRx="0.247982096" lbRx="0.24798218" />
<p fId="0" fbTx="0.23798218" lbTx="0.237983055" tId="1" fbRx="0.23798218" lbRx="0.237983055" />
<p fId="1" fbTx="0.237983055" lbTx="0.23798393" tId="4" fbRx="0.237983055" lbRx="0.23798393" />
<p fId="3" fbTx="0.238082096" lbTx="0.23808218" tId="0" fbRx="0.248082096" lbRx="0.24808218" />
<p fId="0" fbTx="0.23808218" lbTx="0.238083055" tId="1" fbRx="0.23808218" lbRx="0.238083055" />
<p fId="1" fbTx="0.238083055" lbTx="0.23808393" tId="4" fbRx="0.238083055" lbRx="0.23808393" />
<p fId="3" fbTx="0.238182096" lbTx="0.23818218" tId="0" fbRx="0.248182096" lbRx="0.24818218" />
<p fId="0" fbTx="0.23818218" lbTx="0.238183055" tId="1" fbRx="0.23818218" lbRx="0.238183055" />
<p fId="1" fbTx="0.238183055" lbTx="0.23818393" tId="4" fbRx="0.238183055" lbRx="0.23818393" />
<pr uId="216" fId="4" fbTx="0.238214286" />
<wpr uId="216" tId="5" fbRx="0.238214286" lbRx="0" />
<wpr uId="216" tId="6" fbRx="0.238214286" lbRx="0" />
<p fId="3" fbTx="0.238282096" lbTx="0.23828218" tId="0" fbRx="0.248282096" lbRx="0.24828218" />
<p fId="0" fbTx="0.23828218" lbTx="0.238283055" tId="1" fbRx="0.23828218" lbRx="0.238283055" />
<p fId="1" fbTx="0.238283055" lbTx="0.23828393" tId="4" fbRx="0.238283055" lbRx="0.23828393" />
<p fId="3" fbTx="0.238382096" lbTx="0.23838218" tId="0" fbRx="0.248382096" lbRx="0.24838218" />
<p fId="0" fbTx="0.23838218" lbTx="0.238383055" tId="1" fbRx="0.23838218" lbRx="0.238383055" />
<p fId="1" fbTx="0.238383055" lbTx="0.23838393" tId="4" fbRx="0.238383055" lbRx="0.23838393" />
<p fId="3" fbTx="0.238482096" lbTx="0.23848218" tId="0" fbRx="0.248482096" lbRx="0.24848218" />
<p fId="0" fbTx="0.23848218" lbTx="0.238483055" tId="1" fbRx="0.23848218" lbRx="0.238483055" />
<p fId="1" fbTx="0.238483055" lbTx="0.23848393" tId="4" fbRx="0.238483055" lbRx="0.23848393" />
<p fId="3" fbTx="0.238582096" lbTx="0.23858218" tId="0" fbRx="0.248582096" lbRx="0.24858218" />
<p fId="0" fbTx="0.23858218" lbTx="0.238583055" tId="1" fbRx="0.23858218" lbRx="0.238583055" />
<p fId="1" fbTx="0.238583055" lbTx="0.23858393" tId="4" fbRx="0.238583055" lbRx="0.23858393" />
<p fId="3" fbTx="0.238682096" lbTx="0.23868218" tId="0" fbRx="0.248682096" lbRx="0.24868218" />
<p fId="0" fbTx="0.23868218" lbTx="0.238683055" tId="1" fbRx="0.23868218" lbRx="0.238683055" />
<p fId="1" fbTx="0.238683055" lbTx="0.23868393" tId="4" fbRx="0.238683055" lbRx="0.23868393" />
<p fId="3" fbTx="0.238782096" lbTx="0.23878218" tId="0" fbRx="0.248782096" lbRx="0.24878218" />
<p fId="0" fbTx="0.23878218" lbTx="0.238783055" tId="1" fbRx="0.23878218" lbRx="0.238783055" />
<p fId="1" fbTx="0.238783055" lbTx="0.23878393" tId="4" fbRx="0.238783055" lbRx="0.23878393" />
<p fId="3" fbTx="0.238882096" lbTx="0.23888218" tId="0" fbRx="0.248882096" lbRx="0.24888218" />
<p fId="0" fbTx="0.23888218" lbTx="0.238883055" tId="1" fbRx="0.23888218" lbRx="0.238883055" />
<p fId="1" fbTx="0.238883055" lbTx="0.23888393" tId="4" fbRx="0.238883055" lbRx="0.23888393" />
<p fId="3" fbTx="0.238982096" lbTx="0.23898218" tId="0" fbRx="0.248982096" lbRx="0.24898218" />
<p fId="0" fbTx="0.23898218" lbTx="0.238983055" tId="1" fbRx="0.23898218" lbRx="0.238983055" />
<p fId="1" fbTx="0.238983055" lbTx="0.23898393" tId="4" fbRx="0.238983055" lbRx="0.23898393" />
<p fId="3" fbTx="0.239082096" lbTx="0.23908218" tId="0" fbRx="0.249082096" lbRx="0.24908218" />
<p fId="0" fbTx="0.23908218" lbTx="0.239083055" tId="1" fbRx="0.23908218" lbRx="0.239083055" />
<p fId="1" fbTx="0.239083055" lbTx="0.23908393" tId="4" fbRx="0.239083055" lbRx="0.23908393" />
<p fId="3" fbTx="0.239182096" lbTx="0.23918218" tId="0" fbRx="0.249182096" lbRx="0.24918218" />
<p fId="0" fbTx="0.23918218" lbTx="0.239183055" tId="1" fbRx="0.23918218" lbRx="0.239183055" />
<p fId="1" fbTx="0.239183055" lbTx="0.23918393" tId="4" fbRx="0.239183055" lbRx="0.23918393" />
<pr uId="217" fId="4" fbTx="0.239214286" />
<wpr uId="217" tId="5" fbRx="0.239214286" lbRx="0" />
<wpr uId="217" tId="6" fbRx="0.239214286" lbRx="0" />
<p fId="3" fbTx="0.239282096" lbTx="0.23928218" tId="0" fbRx="0.249282096" lbRx="0.24928218" />
<p fId="0" fbTx="0.23928218" lbTx="0.239283055" tId="1" fbRx="0.23928218" lbRx="0.239283055" />
<p fId="1" fbTx="0.239283055" lbTx="0.23928393" tId="4" fbRx="0.239283055" lbRx="0.23928393" />
<p fId="3" fbTx="0.239382096" lbTx="0.23938218" tId="0" fbRx="0.249382096" lbRx="0.24938218" />
<p fId="0" fbTx="0.23938218" lbTx="0.239383055" tId="1" fbRx="0.23938218" lbRx="0.239383055" />
<p fId="1" fbTx="0.239383055" lbTx="0.23938393" tId="4" fbRx="0.239383055" lbRx="0.23938393" />
<p fId="3" fbTx="0.239482096" lbTx="0.23948218" tId="0" fbRx="0.249482096" lbRx="0.24948218" />
<p fId="0" fbTx="0.23948218" lbTx="0.239483055" tId="1" fbRx="0.23948218" lbRx="0.239483055" />
<p fId="1" fbTx="0.239483055" lbTx="0.23948393" tId="4" fbRx="0.239483055" lbRx="0.23948393" />
<p fId="3" fbTx="0.239582096" lbTx="0.23958218" tId="0" fbRx="0.249582096" lbRx="0.24958218" />
<p fId="0" fbTx="0.23958218" lbTx="0.239583055" tId="1" fbRx="0.23958218" lbRx="0.239583055" />
<p fId="1" fbTx="0.239583055" lbTx="0.23958393" tId="4" fbRx="0.239583055" lbRx="0.23958393" />
<p fId="3" fbTx="0.239682096" lbTx="0.23968218" tId="0" fbRx="0.249682096" lbRx="0.24968218" />
<p fId="0" fbTx="0.23968218" lbTx="0.239683055" tId="1" fbRx="0.23968218" lbRx="0.239683055" />
<p fId="1" fbTx="0.239683055" lbTx="0.23968393" tId="4" fbRx="0.239683055" lbRx="0.23968393" />
<p fId="3" fbTx="0.239782096" lbTx="0.23978218" tId="0" fbRx="0.249782096" lbRx="0.24978218" />
<p fId="0" fbTx="0.23978218" lbTx="0.239783055" tId="1" fbRx="0.23978218" lbRx="0.239783055" />
<p fId="1" fbTx="0.239783055" lbTx="0.23978393" tId="4" fbRx="0.239783055" lbRx="0.23978393" />
<p fId="3" fbTx="0.239882096" lbTx="0.23988218" tId="0" fbRx="0.249882096" lbRx="0.24988218" />
<p fId="0" fbTx="0.23988218" lbTx="0.239883055" tId="1" fbRx="0.23988218" lbRx="0.239883055" />
<p fId="1" fbTx="0.239883055" lbTx="0.23988393" tId="4" fbRx="0.239883055" lbRx="0.23988393" />
<p fId="3" fbTx="0.239982096" lbTx="0.23998218" tId="0" fbRx="0.249982096" lbRx="0.24998218" />
<p fId="0" fbTx="0.23998218" lbTx="0.239983055" tId="1" fbRx="0.23998218" lbRx="0.239983055" />
<p fId="1" fbTx="0.239983055" lbTx="0.23998393" tId="4" fbRx="0.239983055" lbRx="0.23998393" />
<p fId="3" fbTx="0.240082096" lbTx="0.24008218" tId="0" fbRx="0.250082096" lbRx="0.25008218" />
<p fId="0" fbTx="0.24008218" lbTx="0.240083055" tId="1" fbRx="0.24008218" lbRx="0.240083055" />
<p fId="1" fbTx="0.240083055" lbTx="0.24008393" tId="4" fbRx="0.240083055" lbRx="0.24008393" />
<p fId="3" fbTx="0.240182096" lbTx="0.24018218" tId="0" fbRx="0.250182096" lbRx="0.25018218" />
<p fId="0" fbTx="0.24018218" lbTx="0.240183055" tId="1" fbRx="0.24018218" lbRx="0.240183055" />
<p fId="1" fbTx="0.240183055" lbTx="0.24018393" tId="4" fbRx="0.240183055" lbRx="0.24018393" />
<pr uId="218" fId="4" fbTx="0.240214286" />
<wpr uId="218" tId="5" fbRx="0.240214286" lbRx="0" />
<wpr uId="218" tId="6" fbRx="0.240214286" lbRx="0" />
<p fId="3" fbTx="0.240282096" lbTx="0.24028218" tId="0" fbRx="0.250282096" lbRx="0.25028218" />
<p fId="0" fbTx="0.24028218" lbTx="0.240283055" tId="1" fbRx="0.24028218" lbRx="0.240283055" />
<p fId="1" fbTx="0.240283055" lbTx="0.24028393" tId="4" fbRx="0.240283055" lbRx="0.24028393" />
<p fId="3" fbTx="0.240382096" lbTx="0.24038218" tId="0" fbRx="0.250382096" lbRx="0.25038218" />
<p fId="0" fbTx="0.24038218" lbTx="0.240383055" tId="1" fbRx="0.24038218" lbRx="0.240383055" />
<p fId="1" fbTx="0.240383055" lbTx="0.24038393" tId="4" fbRx="0.240383055" lbRx="0.24038393" />
<p fId="3" fbTx="0.240482096" lbTx="0.24048218" tId="0" fbRx="0.250482096" lbRx="0.25048218" />
<p fId="0" fbTx="0.24048218" lbTx="0.240483055" tId="1" fbRx="0.24048218" lbRx="0.240483055" />
<p fId="1" fbTx="0.240483055" lbTx="0.24048393" tId="4" fbRx="0.240483055" lbRx="0.24048393" />
<p fId="3" fbTx="0.240582096" lbTx="0.24058218" tId="0" fbRx="0.250582096" lbRx="0.25058218" />
<p fId="0" fbTx="0.24058218" lbTx="0.240583055" tId="1" fbRx="0.24058218" lbRx="0.240583055" />
<p fId="1" fbTx="0.240583055" lbTx="0.24058393" tId="4" fbRx="0.240583055" lbRx="0.24058393" />
<p fId="3" fbTx="0.240682096" lbTx="0.24068218" tId="0" fbRx="0.250682096" lbRx="0.25068218" />
<p fId="0" fbTx="0.24068218" lbTx="0.240683055" tId="1" fbRx="0.24068218" lbRx="0.240683055" />
<p fId="1" fbTx="0.240683055" lbTx="0.24068393" tId="4" fbRx="0.240683055" lbRx="0.24068393" />
<p fId="3" fbTx="0.240782096" lbTx="0.24078218" tId="0" fbRx="0.250782096" lbRx="0.25078218" />
<p fId="0" fbTx="0.24078218" lbTx="0.240783055" tId="1" fbRx="0.24078218" lbRx="0.240783055" />
<p fId="1" fbTx="0.240783055" lbTx="0.24078393" tId="4" fbRx="0.240783055" lbRx="0.24078393" />
<p fId="3" fbTx="0.240882096" lbTx="0.24088218" tId="0" fbRx="0.250882096" lbRx="0.25088218" />
<p fId="0" fbTx="0.24088218" lbTx="0.240883055" tId="1" fbRx="0.24088218" lbRx="0.240883055" />
<p fId="1" fbTx="0.240883055" lbTx="0.24088393" tId="4" fbRx="0.240883055" lbRx="0.24088393" />
<p fId="3" fbTx="0.240982096" lbTx="0.24098218" tId="0" fbRx="0.250982096" lbRx="0.25098218" />
<p fId="0" fbTx="0.24098218" lbTx="0.240983055" tId="1" fbRx="0.24098218" lbRx="0.240983055" />
<p fId="1" fbTx="0.240983055" lbTx="0.24098393" tId="4" fbRx="0.240983055" lbRx="0.24098393" />
<p fId="3" fbTx="0.241082096" lbTx="0.24108218" tId="0" fbRx="0.251082096" lbRx="0.25108218" />
<p fId="0" fbTx="0.24108218" lbTx="0.241083055" tId="1" fbRx="0.24108218" lbRx="0.241083055" />
<p fId="1" fbTx="0.241083055" lbTx="0.24108393" tId="4" fbRx="0.241083055" lbRx="0.24108393" />
<p fId="3" fbTx="0.241182096" lbTx="0.24118218" tId="0" fbRx="0.251182096" lbRx="0.25118218" />
<p fId="0" fbTx="0.24118218" lbTx="0.241183055" tId="1" fbRx="0.24118218" lbRx="0.241183055" />
<p fId="1" fbTx="0.241183055" lbTx="0.24118393" tId="4" fbRx="0.241183055" lbRx="0.24118393" />
<pr uId="219" fId="4" fbTx="0.241214286" />
<wpr uId="219" tId="5" fbRx="0.241214286" lbRx="0" />
<wpr uId="219" tId="6" fbRx="0.241214286" lbRx="0" />
<p fId="3" fbTx="0.241282096" lbTx="0.24128218" tId="0" fbRx="0.251282096" lbRx="0.25128218" />
<p fId="0" fbTx="0.24128218" lbTx="0.241283055" tId="1" fbRx="0.24128218" lbRx="0.241283055" />
<p fId="1" fbTx="0.241283055" lbTx="0.24128393" tId="4" fbRx="0.241283055" lbRx="0.24128393" />
<p fId="3" fbTx="0.241382096" lbTx="0.24138218" tId="0" fbRx="0.251382096" lbRx="0.25138218" />
<p fId="0" fbTx="0.24138218" lbTx="0.241383055" tId="1" fbRx="0.24138218" lbRx="0.241383055" />
<p fId="1" fbTx="0.241383055" lbTx="0.24138393" tId="4" fbRx="0.241383055" lbRx="0.24138393" />
<p fId="3" fbTx="0.241482096" lbTx="0.24148218" tId="0" fbRx="0.251482096" lbRx="0.25148218" />
<p fId="0" fbTx="0.24148218" lbTx="0.241483055" tId="1" fbRx="0.24148218" lbRx="0.241483055" />
<p fId="1" fbTx="0.241483055" lbTx="0.24148393" tId="4" fbRx="0.241483055" lbRx="0.24148393" />
<p fId="3" fbTx="0.241582096" lbTx="0.24158218" tId="0" fbRx="0.251582096" lbRx="0.25158218" />
<p fId="0" fbTx="0.24158218" lbTx="0.241583055" tId="1" fbRx="0.24158218" lbRx="0.241583055" />
<p fId="1" fbTx="0.241583055" lbTx="0.24158393" tId="4" fbRx="0.241583055" lbRx="0.24158393" />
<p fId="3" fbTx="0.241682096" lbTx="0.24168218" tId="0" fbRx="0.251682096" lbRx="0.25168218" />
<p fId="0" fbTx="0.24168218" lbTx="0.241683055" tId="1" fbRx="0.24168218" lbRx="0.241683055" />
<p fId="1" fbTx="0.241683055" lbTx="0.24168393" tId="4" fbRx="0.241683055" lbRx="0.24168393" />
<p fId="3" fbTx="0.241782096" lbTx="0.24178218" tId="0" fbRx="0.251782096" lbRx="0.25178218" />
<p fId="0" fbTx="0.24178218" lbTx="0.241783055" tId="1" fbRx="0.24178218" lbRx="0.241783055" />
<p fId="1" fbTx="0.241783055" lbTx="0.24178393" tId="4" fbRx="0.241783055" lbRx="0.24178393" />
<p fId="3" fbTx="0.241882096" lbTx="0.24188218" tId="0" fbRx="0.251882096" lbRx="0.25188218" />
<p fId="0" fbTx="0.24188218" lbTx="0.241883055" tId="1" fbRx="0.24188218" lbRx="0.241883055" />
<p fId="1" fbTx="0.241883055" lbTx="0.24188393" tId="4" fbRx="0.241883055" lbRx="0.24188393" />
<p fId="3" fbTx="0.241982096" lbTx="0.24198218" tId="0" fbRx="0.251982096" lbRx="0.25198218" />
<p fId="0" fbTx="0.24198218" lbTx="0.241983055" tId="1" fbRx="0.24198218" lbRx="0.241983055" />
<p fId="1" fbTx="0.241983055" lbTx="0.24198393" tId="4" fbRx="0.241983055" lbRx="0.24198393" />
<p fId="3" fbTx="0.242082096" lbTx="0.24208218" tId="0" fbRx="0.252082096" lbRx="0.25208218" />
<p fId="0" fbTx="0.24208218" lbTx="0.242083055" tId="1" fbRx="0.24208218" lbRx="0.242083055" />
<p fId="1" fbTx="0.242083055" lbTx="0.24208393" tId="4" fbRx="0.242083055" lbRx="0.24208393" />
<p fId="3" fbTx="0.242182096" lbTx="0.24218218" tId="0" fbRx="0.252182096" lbRx="0.25218218" />
<p fId="0" fbTx="0.24218218" lbTx="0.242183055" tId="1" fbRx="0.24218218" lbRx="0.242183055" />
<p fId="1" fbTx="0.242183055" lbTx="0.24218393" tId="4" fbRx="0.242183055" lbRx="0.24218393" />
<pr uId="220" fId="4" fbTx="0.242214286" />
<wpr uId="220" tId="5" fbRx="0.242214286" lbRx="0" />
<wpr uId="220" tId="6" fbRx="0.242214286" lbRx="0" />
<p fId="3" fbTx="0.242282096" lbTx="0.24228218" tId="0" fbRx="0.252282096" lbRx="0.25228218" />
<p fId="0" fbTx="0.24228218" lbTx="0.242283055" tId="1" fbRx="0.24228218" lbRx="0.242283055" />
<p fId="1" fbTx="0.242283055" lbTx="0.24228393" tId="4" fbRx="0.242283055" lbRx="0.24228393" />
<p fId="3" fbTx="0.242382096" lbTx="0.24238218" tId="0" fbRx="0.252382096" lbRx="0.25238218" />
<p fId="0" fbTx="0.24238218" lbTx="0.242383055" tId="1" fbRx="0.24238218" lbRx="0.242383055" />
<p fId="1" fbTx="0.242383055" lbTx="0.24238393" tId="4" fbRx="0.242383055" lbRx="0.24238393" />
<p fId="3" fbTx="0.242482096" lbTx="0.24248218" tId="0" fbRx="0.252482096" lbRx="0.25248218" />
<p fId="0" fbTx="0.24248218" lbTx="0.242483055" tId="1" fbRx="0.24248218" lbRx="0.242483055" />
<p fId="1" fbTx="0.242483055" lbTx="0.24248393" tId="4" fbRx="0.242483055" lbRx="0.24248393" />
<p fId="3" fbTx="0.242582096" lbTx="0.24258218" tId="0" fbRx="0.252582096" lbRx="0.25258218" />
<p fId="0" fbTx="0.24258218" lbTx="0.242583055" tId="1" fbRx="0.24258218" lbRx="0.242583055" />
<p fId="1" fbTx="0.242583055" lbTx="0.24258393" tId="4" fbRx="0.242583055" lbRx="0.24258393" />
<p fId="3" fbTx="0.242682096" lbTx="0.24268218" tId="0" fbRx="0.252682096" lbRx="0.25268218" />
<p fId="0" fbTx="0.24268218" lbTx="0.242683055" tId="1" fbRx="0.24268218" lbRx="0.242683055" />
<p fId="1" fbTx="0.242683055" lbTx="0.24268393" tId="4" fbRx="0.242683055" lbRx="0.24268393" />
<p fId="3" fbTx="0.242782096" lbTx="0.24278218" tId="0" fbRx="0.252782096" lbRx="0.25278218" />
<p fId="0" fbTx="0.24278218" lbTx="0.242783055" tId="1" fbRx="0.24278218" lbRx="0.242783055" />
<p fId="1" fbTx="0.242783055" lbTx="0.24278393" tId="4" fbRx="0.242783055" lbRx="0.24278393" />
<p fId="3" fbTx="0.242882096" lbTx="0.24288218" tId="0" fbRx="0.252882096" lbRx="0.25288218" />
<p fId="0" fbTx="0.24288218" lbTx="0.242883055" tId="1" fbRx="0.24288218" lbRx="0.242883055" />
<p fId="1" fbTx="0.242883055" lbTx="0.24288393" tId="4" fbRx="0.242883055" lbRx="0.24288393" />
<p fId="3" fbTx="0.242982096" lbTx="0.24298218" tId="0" fbRx="0.252982096" lbRx="0.25298218" />
<p fId="0" fbTx="0.24298218" lbTx="0.242983055" tId="1" fbRx="0.24298218" lbRx="0.242983055" />
<p fId="1" fbTx="0.242983055" lbTx="0.24298393" tId="4" fbRx="0.242983055" lbRx="0.24298393" />
<p fId="3" fbTx="0.243082096" lbTx="0.24308218" tId="0" fbRx="0.253082096" lbRx="0.25308218" />
<p fId="0" fbTx="0.24308218" lbTx="0.243083055" tId="1" fbRx="0.24308218" lbRx="0.243083055" />
<p fId="1" fbTx="0.243083055" lbTx="0.24308393" tId="4" fbRx="0.243083055" lbRx="0.24308393" />
<p fId="3" fbTx="0.243182096" lbTx="0.24318218" tId="0" fbRx="0.253182096" lbRx="0.25318218" />
<p fId="0" fbTx="0.24318218" lbTx="0.243183055" tId="1" fbRx="0.24318218" lbRx="0.243183055" />
<p fId="1" fbTx="0.243183055" lbTx="0.24318393" tId="4" fbRx="0.243183055" lbRx="0.24318393" />
<pr uId="221" fId="4" fbTx="0.243214286" />
<wpr uId="221" tId="5" fbRx="0.243214286" lbRx="0" />
<wpr uId="221" tId="6" fbRx="0.243214286" lbRx="0" />
<p fId="3" fbTx="0.243282096" lbTx="0.24328218" tId="0" fbRx="0.253282096" lbRx="0.25328218" />
<p fId="0" fbTx="0.24328218" lbTx="0.243283055" tId="1" fbRx="0.24328218" lbRx="0.243283055" />
<p fId="1" fbTx="0.243283055" lbTx="0.24328393" tId="4" fbRx="0.243283055" lbRx="0.24328393" />
<p fId="3" fbTx="0.243382096" lbTx="0.24338218" tId="0" fbRx="0.253382096" lbRx="0.25338218" />
<p fId="0" fbTx="0.24338218" lbTx="0.243383055" tId="1" fbRx="0.24338218" lbRx="0.243383055" />
<p fId="1" fbTx="0.243383055" lbTx="0.24338393" tId="4" fbRx="0.243383055" lbRx="0.24338393" />
<p fId="3" fbTx="0.243482096" lbTx="0.24348218" tId="0" fbRx="0.253482096" lbRx="0.25348218" />
<p fId="0" fbTx="0.24348218" lbTx="0.243483055" tId="1" fbRx="0.24348218" lbRx="0.243483055" />
<p fId="1" fbTx="0.243483055" lbTx="0.24348393" tId="4" fbRx="0.243483055" lbRx="0.24348393" />
<p fId="3" fbTx="0.243582096" lbTx="0.24358218" tId="0" fbRx="0.253582096" lbRx="0.25358218" />
<p fId="0" fbTx="0.24358218" lbTx="0.243583055" tId="1" fbRx="0.24358218" lbRx="0.243583055" />
<p fId="1" fbTx="0.243583055" lbTx="0.24358393" tId="4" fbRx="0.243583055" lbRx="0.24358393" />
<p fId="3" fbTx="0.243682096" lbTx="0.24368218" tId="0" fbRx="0.253682096" lbRx="0.25368218" />
<p fId="0" fbTx="0.24368218" lbTx="0.243683055" tId="1" fbRx="0.24368218" lbRx="0.243683055" />
<p fId="1" fbTx="0.243683055" lbTx="0.24368393" tId="4" fbRx="0.243683055" lbRx="0.24368393" />
<p fId="3" fbTx="0.243782096" lbTx="0.24378218" tId="0" fbRx="0.253782096" lbRx="0.25378218" />
<p fId="0" fbTx="0.24378218" lbTx="0.243783055" tId="1" fbRx="0.24378218" lbRx="0.243783055" />
<p fId="1" fbTx="0.243783055" lbTx="0.24378393" tId="4" fbRx="0.243783055" lbRx="0.24378393" />
<p fId="3" fbTx="0.243882096" lbTx="0.24388218" tId="0" fbRx="0.253882096" lbRx="0.25388218" />
<p fId="0" fbTx="0.24388218" lbTx="0.243883055" tId="1" fbRx="0.24388218" lbRx="0.243883055" />
<p fId="1" fbTx="0.243883055" lbTx="0.24388393" tId="4" fbRx="0.243883055" lbRx="0.24388393" />
<p fId="3" fbTx="0.243982096" lbTx="0.24398218" tId="0" fbRx="0.253982096" lbRx="0.25398218" />
<p fId="0" fbTx="0.24398218" lbTx="0.243983055" tId="1" fbRx="0.24398218" lbRx="0.243983055" />
<p fId="1" fbTx="0.243983055" lbTx="0.24398393" tId="4" fbRx="0.243983055" lbRx="0.24398393" />
<p fId="3" fbTx="0.244082096" lbTx="0.24408218" tId="0" fbRx="0.254082096" lbRx="0.25408218" />
<p fId="0" fbTx="0.24408218" lbTx="0.244083055" tId="1" fbRx="0.24408218" lbRx="0.244083055" />
<p fId="1" fbTx="0.244083055" lbTx="0.24408393" tId="4" fbRx="0.244083055" lbRx="0.24408393" />
<p fId="3" fbTx="0.244182096" lbTx="0.24418218" tId="0" fbRx="0.254182096" lbRx="0.25418218" />
<p fId="0" fbTx="0.24418218" lbTx="0.244183055" tId="1" fbRx="0.24418218" lbRx="0.244183055" />
<p fId="1" fbTx="0.244183055" lbTx="0.24418393" tId="4" fbRx="0.244183055" lbRx="0.24418393" />
<pr uId="222" fId="4" fbTx="0.244214286" />
<wpr uId="222" tId="5" fbRx="0.244214286" lbRx="0" />
<wpr uId="222" tId="6" fbRx="0.244214286" lbRx="0" />
<p fId="3" fbTx="0.244282096" lbTx="0.24428218" tId="0" fbRx="0.254282096" lbRx="0.25428218" />
<p fId="0" fbTx="0.24428218" lbTx="0.244283055" tId="1" fbRx="0.24428218" lbRx="0.244283055" />
<p fId="1" fbTx="0.244283055" lbTx="0.24428393" tId="4" fbRx="0.244283055" lbRx="0.24428393" />
<p fId="3" fbTx="0.244382096" lbTx="0.24438218" tId="0" fbRx="0.254382096" lbRx="0.25438218" />
<p fId="0" fbTx="0.24438218" lbTx="0.244383055" tId="1" fbRx="0.24438218" lbRx="0.244383055" />
<p fId="1" fbTx="0.244383055" lbTx="0.24438393" tId="4" fbRx="0.244383055" lbRx="0.24438393" />
<p fId="3" fbTx="0.244482096" lbTx="0.24448218" tId="0" fbRx="0.254482096" lbRx="0.25448218" />
<p fId="0" fbTx="0.24448218" lbTx="0.244483055" tId="1" fbRx="0.24448218" lbRx="0.244483055" />
<p fId="1" fbTx="0.244483055" lbTx="0.24448393" tId="4" fbRx="0.244483055" lbRx="0.24448393" />
<p fId="3" fbTx="0.244582096" lbTx="0.24458218" tId="0" fbRx="0.254582096" lbRx="0.25458218" />
<p fId="0" fbTx="0.24458218" lbTx="0.244583055" tId="1" fbRx="0.24458218" lbRx="0.244583055" />
<p fId="1" fbTx="0.244583055" lbTx="0.24458393" tId="4" fbRx="0.244583055" lbRx="0.24458393" />
<p fId="3" fbTx="0.244682096" lbTx="0.24468218" tId="0" fbRx="0.254682096" lbRx="0.25468218" />
<p fId="0" fbTx="0.24468218" lbTx="0.244683055" tId="1" fbRx="0.24468218" lbRx="0.244683055" />
<p fId="1" fbTx="0.244683055" lbTx="0.24468393" tId="4" fbRx="0.244683055" lbRx="0.24468393" />
<p fId="3" fbTx="0.244782096" lbTx="0.24478218" tId="0" fbRx="0.254782096" lbRx="0.25478218" />
<p fId="0" fbTx="0.24478218" lbTx="0.244783055" tId="1" fbRx="0.24478218" lbRx="0.244783055" />
<p fId="1" fbTx="0.244783055" lbTx="0.24478393" tId="4" fbRx="0.244783055" lbRx="0.24478393" />
<p fId="3" fbTx="0.244882096" lbTx="0.24488218" tId="0" fbRx="0.254882096" lbRx="0.25488218" />
<p fId="0" fbTx="0.24488218" lbTx="0.244883055" tId="1" fbRx="0.24488218" lbRx="0.244883055" />
<p fId="1" fbTx="0.244883055" lbTx="0.24488393" tId="4" fbRx="0.244883055" lbRx="0.24488393" />
<p fId="3" fbTx="0.244982096" lbTx="0.24498218" tId="0" fbRx="0.254982096" lbRx="0.25498218" />
<p fId="0" fbTx="0.24498218" lbTx="0.244983055" tId="1" fbRx="0.24498218" lbRx="0.244983055" />
<p fId="1" fbTx="0.244983055" lbTx="0.24498393" tId="4" fbRx="0.244983055" lbRx="0.24498393" />
<p fId="3" fbTx="0.245082096" lbTx="0.24508218" tId="0" fbRx="0.255082096" lbRx="0.25508218" />
<p fId="0" fbTx="0.24508218" lbTx="0.245083055" tId="1" fbRx="0.24508218" lbRx="0.245083055" />
<p fId="1" fbTx="0.245083055" lbTx="0.24508393" tId="4" fbRx="0.245083055" lbRx="0.24508393" />
<p fId="3" fbTx="0.245182096" lbTx="0.24518218" tId="0" fbRx="0.255182096" lbRx="0.25518218" />
<p fId="0" fbTx="0.24518218" lbTx="0.245183055" tId="1" fbRx="0.24518218" lbRx="0.245183055" />
<p fId="1" fbTx="0.245183055" lbTx="0.24518393" tId="4" fbRx="0.245183055" lbRx="0.24518393" />
<pr uId="223" fId="4" fbTx="0.245214286" />
<wpr uId="223" tId="5" fbRx="0.245214286" lbRx="0" />
<wpr uId="223" tId="6" fbRx="0.245214286" lbRx="0" />
<p fId="3" fbTx="0.245282096" lbTx="0.24528218" tId="0" fbRx="0.255282096" lbRx="0.25528218" />
<p fId="0" fbTx="0.24528218" lbTx="0.245283055" tId="1" fbRx="0.24528218" lbRx="0.245283055" />
<p fId="1" fbTx="0.245283055" lbTx="0.24528393" tId="4" fbRx="0.245283055" lbRx="0.24528393" />
<p fId="3" fbTx="0.245382096" lbTx="0.24538218" tId="0" fbRx="0.255382096" lbRx="0.25538218" />
<p fId="0" fbTx="0.24538218" lbTx="0.245383055" tId="1" fbRx="0.24538218" lbRx="0.245383055" />
<p fId="1" fbTx="0.245383055" lbTx="0.24538393" tId="4" fbRx="0.245383055" lbRx="0.24538393" />
<p fId="3" fbTx="0.245482096" lbTx="0.24548218" tId="0" fbRx="0.255482096" lbRx="0.25548218" />
<p fId="0" fbTx="0.24548218" lbTx="0.245483055" tId="1" fbRx="0.24548218" lbRx="0.245483055" />
<p fId="1" fbTx="0.245483055" lbTx="0.24548393" tId="4" fbRx="0.245483055" lbRx="0.24548393" />
<p fId="3" fbTx="0.245582096" lbTx="0.24558218" tId="0" fbRx="0.255582096" lbRx="0.25558218" />
<p fId="0" fbTx="0.24558218" lbTx="0.245583055" tId="1" fbRx="0.24558218" lbRx="0.245583055" />
<p fId="1" fbTx="0.245583055" lbTx="0.24558393" tId="4" fbRx="0.245583055" lbRx="0.24558393" />
<p fId="3" fbTx="0.245682096" lbTx="0.24568218" tId="0" fbRx="0.255682096" lbRx="0.25568218" />
<p fId="0" fbTx="0.24568218" lbTx="0.245683055" tId="1" fbRx="0.24568218" lbRx="0.245683055" />
<p fId="1" fbTx="0.245683055" lbTx="0.24568393" tId="4" fbRx="0.245683055" lbRx="0.24568393" />
<p fId="3" fbTx="0.245782096" lbTx="0.24578218" tId="0" fbRx="0.255782096" lbRx="0.25578218" />
<p fId="0" fbTx="0.24578218" lbTx="0.245783055" tId="1" fbRx="0.24578218" lbRx="0.245783055" />
<p fId="1" fbTx="0.245783055" lbTx="0.24578393" tId="4" fbRx="0.245783055" lbRx="0.24578393" />
<p fId="3" fbTx="0.245882096" lbTx="0.24588218" tId="0" fbRx="0.255882096" lbRx="0.25588218" />
<p fId="0" fbTx="0.24588218" lbTx="0.245883055" tId="1" fbRx="0.24588218" lbRx="0.245883055" />
<p fId="1" fbTx="0.245883055" lbTx="0.24588393" tId="4" fbRx="0.245883055" lbRx="0.24588393" />
<p fId="3" fbTx="0.245982096" lbTx="0.24598218" tId="0" fbRx="0.255982096" lbRx="0.25598218" />
<p fId="0" fbTx="0.24598218" lbTx="0.245983055" tId="1" fbRx="0.24598218" lbRx="0.245983055" />
<p fId="1" fbTx="0.245983055" lbTx="0.24598393" tId="4" fbRx="0.245983055" lbRx="0.24598393" />
<p fId="3" fbTx="0.246082096" lbTx="0.24608218" tId="0" fbRx="0.256082096" lbRx="0.25608218" />
<p fId="0" fbTx="0.24608218" lbTx="0.246083055" tId="1" fbRx="0.24608218" lbRx="0.246083055" />
<p fId="1" fbTx="0.246083055" lbTx="0.24608393" tId="4" fbRx="0.246083055" lbRx="0.24608393" />
<p fId="3" fbTx="0.246182096" lbTx="0.24618218" tId="0" fbRx="0.256182096" lbRx="0.25618218" />
<p fId="0" fbTx="0.24618218" lbTx="0.246183055" tId="1" fbRx="0.24618218" lbRx="0.246183055" />
<p fId="1" fbTx="0.246183055" lbTx="0.24618393" tId="4" fbRx="0.246183055" lbRx="0.24618393" />
<pr uId="224" fId="4" fbTx="0.246214286" />
<wpr uId="224" tId="5" fbRx="0.246214286" lbRx="0" />
<wpr uId="224" tId="6" fbRx="0.246214286" lbRx="0" />
<p fId="3" fbTx="0.246282096" lbTx="0.24628218" tId="0" fbRx="0.256282096" lbRx="0.25628218" />
<p fId="0" fbTx="0.24628218" lbTx="0.246283055" tId="1" fbRx="0.24628218" lbRx="0.246283055" />
<p fId="1" fbTx="0.246283055" lbTx="0.24628393" tId="4" fbRx="0.246283055" lbRx="0.24628393" />
<p fId="3" fbTx="0.246382096" lbTx="0.24638218" tId="0" fbRx="0.256382096" lbRx="0.25638218" />
<p fId="0" fbTx="0.24638218" lbTx="0.246383055" tId="1" fbRx="0.24638218" lbRx="0.246383055" />
<p fId="1" fbTx="0.246383055" lbTx="0.24638393" tId="4" fbRx="0.246383055" lbRx="0.24638393" />
<p fId="3" fbTx="0.246482096" lbTx="0.24648218" tId="0" fbRx="0.256482096" lbRx="0.25648218" />
<p fId="0" fbTx="0.24648218" lbTx="0.246483055" tId="1" fbRx="0.24648218" lbRx="0.246483055" />
<p fId="1" fbTx="0.246483055" lbTx="0.24648393" tId="4" fbRx="0.246483055" lbRx="0.24648393" />
<p fId="3" fbTx="0.246582096" lbTx="0.24658218" tId="0" fbRx="0.256582096" lbRx="0.25658218" />
<p fId="0" fbTx="0.24658218" lbTx="0.246583055" tId="1" fbRx="0.24658218" lbRx="0.246583055" />
<p fId="1" fbTx="0.246583055" lbTx="0.24658393" tId="4" fbRx="0.246583055" lbRx="0.24658393" />
<p fId="3" fbTx="0.246682096" lbTx="0.24668218" tId="0" fbRx="0.256682096" lbRx="0.25668218" />
<p fId="0" fbTx="0.24668218" lbTx="0.246683055" tId="1" fbRx="0.24668218" lbRx="0.246683055" />
<p fId="1" fbTx="0.246683055" lbTx="0.24668393" tId="4" fbRx="0.246683055" lbRx="0.24668393" />
<p fId="3" fbTx="0.246782096" lbTx="0.24678218" tId="0" fbRx="0.256782096" lbRx="0.25678218" />
<p fId="0" fbTx="0.24678218" lbTx="0.246783055" tId="1" fbRx="0.24678218" lbRx="0.246783055" />
<p fId="1" fbTx="0.246783055" lbTx="0.24678393" tId="4" fbRx="0.246783055" lbRx="0.24678393" />
<p fId="3" fbTx="0.246882096" lbTx="0.24688218" tId="0" fbRx="0.256882096" lbRx="0.25688218" />
<p fId="0" fbTx="0.24688218" lbTx="0.246883055" tId="1" fbRx="0.24688218" lbRx="0.246883055" />
<p fId="1" fbTx="0.246883055" lbTx="0.24688393" tId="4" fbRx="0.246883055" lbRx="0.24688393" />
<p fId="3" fbTx="0.246982096" lbTx="0.24698218" tId="0" fbRx="0.256982096" lbRx="0.25698218" />
<p fId="0" fbTx="0.24698218" lbTx="0.246983055" tId="1" fbRx="0.24698218" lbRx="0.246983055" />
<p fId="1" fbTx="0.246983055" lbTx="0.24698393" tId="4" fbRx="0.246983055" lbRx="0.24698393" />
<p fId="3" fbTx="0.247082096" lbTx="0.24708218" tId="0" fbRx="0.257082096" lbRx="0.25708218" />
<p fId="0" fbTx="0.24708218" lbTx="0.247083055" tId="1" fbRx="0.24708218" lbRx="0.247083055" />
<p fId="1" fbTx="0.247083055" lbTx="0.24708393" tId="4" fbRx="0.247083055" lbRx="0.24708393" />
<p fId="3" fbTx="0.247182096" lbTx="0.24718218" tId="0" fbRx="0.257182096" lbRx="0.25718218" />
<p fId="0" fbTx="0.24718218" lbTx="0.247183055" tId="1" fbRx="0.24718218" lbRx="0.247183055" />
<p fId="1" fbTx="0.247183055" lbTx="0.24718393" tId="4" fbRx="0.247183055" lbRx="0.24718393" />
<pr uId="225" fId="4" fbTx="0.247214286" />
<wpr uId="225" tId="5" fbRx="0.247214286" lbRx="0" />
<wpr uId="225" tId="6" fbRx="0.247214286" lbRx="0" />
<p fId="3" fbTx="0.247282096" lbTx="0.24728218" tId="0" fbRx="0.257282096" lbRx="0.25728218" />
<p fId="0" fbTx="0.24728218" lbTx="0.247283055" tId="1" fbRx="0.24728218" lbRx="0.247283055" />
<p fId="1" fbTx="0.247283055" lbTx="0.24728393" tId="4" fbRx="0.247283055" lbRx="0.24728393" />
<p fId="3" fbTx="0.247382096" lbTx="0.24738218" tId="0" fbRx="0.257382096" lbRx="0.25738218" />
<p fId="0" fbTx="0.24738218" lbTx="0.247383055" tId="1" fbRx="0.24738218" lbRx="0.247383055" />
<p fId="1" fbTx="0.247383055" lbTx="0.24738393" tId="4" fbRx="0.247383055" lbRx="0.24738393" />
<p fId="3" fbTx="0.247482096" lbTx="0.24748218" tId="0" fbRx="0.257482096" lbRx="0.25748218" />
<p fId="0" fbTx="0.24748218" lbTx="0.247483055" tId="1" fbRx="0.24748218" lbRx="0.247483055" />
<p fId="1" fbTx="0.247483055" lbTx="0.24748393" tId="4" fbRx="0.247483055" lbRx="0.24748393" />
<p fId="3" fbTx="0.247582096" lbTx="0.24758218" tId="0" fbRx="0.257582096" lbRx="0.25758218" />
<p fId="0" fbTx="0.24758218" lbTx="0.247583055" tId="1" fbRx="0.24758218" lbRx="0.247583055" />
<p fId="1" fbTx="0.247583055" lbTx="0.24758393" tId="4" fbRx="0.247583055" lbRx="0.24758393" />
<p fId="3" fbTx="0.247682096" lbTx="0.24768218" tId="0" fbRx="0.257682096" lbRx="0.25768218" />
<p fId="0" fbTx="0.24768218" lbTx="0.247683055" tId="1" fbRx="0.24768218" lbRx="0.247683055" />
<p fId="1" fbTx="0.247683055" lbTx="0.24768393" tId="4" fbRx="0.247683055" lbRx="0.24768393" />
<p fId="3" fbTx="0.247782096" lbTx="0.24778218" tId="0" fbRx="0.257782096" lbRx="0.25778218" />
<p fId="0" fbTx="0.24778218" lbTx="0.247783055" tId="1" fbRx="0.24778218" lbRx="0.247783055" />
<p fId="1" fbTx="0.247783055" lbTx="0.24778393" tId="4" fbRx="0.247783055" lbRx="0.24778393" />
<p fId="3" fbTx="0.247882096" lbTx="0.24788218" tId="0" fbRx="0.257882096" lbRx="0.25788218" />
<p fId="0" fbTx="0.24788218" lbTx="0.247883055" tId="1" fbRx="0.24788218" lbRx="0.247883055" />
<p fId="1" fbTx="0.247883055" lbTx="0.24788393" tId="4" fbRx="0.247883055" lbRx="0.24788393" />
<p fId="3" fbTx="0.247982096" lbTx="0.24798218" tId="0" fbRx="0.257982096" lbRx="0.25798218" />
<p fId="0" fbTx="0.24798218" lbTx="0.247983055" tId="1" fbRx="0.24798218" lbRx="0.247983055" />
<p fId="1" fbTx="0.247983055" lbTx="0.24798393" tId="4" fbRx="0.247983055" lbRx="0.24798393" />
<p fId="3" fbTx="0.248082096" lbTx="0.24808218" tId="0" fbRx="0.258082096" lbRx="0.25808218" />
<p fId="0" fbTx="0.24808218" lbTx="0.248083055" tId="1" fbRx="0.24808218" lbRx="0.248083055" />
<p fId="1" fbTx="0.248083055" lbTx="0.24808393" tId="4" fbRx="0.248083055" lbRx="0.24808393" />
<p fId="3" fbTx="0.248182096" lbTx="0.24818218" tId="0" fbRx="0.258182096" lbRx="0.25818218" />
<p fId="0" fbTx="0.24818218" lbTx="0.248183055" tId="1" fbRx="0.24818218" lbRx="0.248183055" />
<p fId="1" fbTx="0.248183055" lbTx="0.24818393" tId="4" fbRx="0.248183055" lbRx="0.24818393" />
<pr uId="226" fId="4" fbTx="0.248214286" />
<wpr uId="226" tId="5" fbRx="0.248214286" lbRx="0" />
<wpr uId="226" tId="6" fbRx="0.248214286" lbRx="0" />
<p fId="3" fbTx="0.248282096" lbTx="0.24828218" tId="0" fbRx="0.258282096" lbRx="0.25828218" />
<p fId="0" fbTx="0.24828218" lbTx="0.248283055" tId="1" fbRx="0.24828218" lbRx="0.248283055" />
<p fId="1" fbTx="0.248283055" lbTx="0.24828393" tId="4" fbRx="0.248283055" lbRx="0.24828393" />
<p fId="3" fbTx="0.248382096" lbTx="0.24838218" tId="0" fbRx="0.258382096" lbRx="0.25838218" />
<p fId="0" fbTx="0.24838218" lbTx="0.248383055" tId="1" fbRx="0.24838218" lbRx="0.248383055" />
<p fId="1" fbTx="0.248383055" lbTx="0.24838393" tId="4" fbRx="0.248383055" lbRx="0.24838393" />
<p fId="3" fbTx="0.248482096" lbTx="0.24848218" tId="0" fbRx="0.258482096" lbRx="0.25848218" />
<p fId="0" fbTx="0.24848218" lbTx="0.248483055" tId="1" fbRx="0.24848218" lbRx="0.248483055" />
<p fId="1" fbTx="0.248483055" lbTx="0.24848393" tId="4" fbRx="0.248483055" lbRx="0.24848393" />
<p fId="3" fbTx="0.248582096" lbTx="0.24858218" tId="0" fbRx="0.258582096" lbRx="0.25858218" />
<p fId="0" fbTx="0.24858218" lbTx="0.248583055" tId="1" fbRx="0.24858218" lbRx="0.248583055" />
<p fId="1" fbTx="0.248583055" lbTx="0.24858393" tId="4" fbRx="0.248583055" lbRx="0.24858393" />
<p fId="3" fbTx="0.248682096" lbTx="0.24868218" tId="0" fbRx="0.258682096" lbRx="0.25868218" />
<p fId="0" fbTx="0.24868218" lbTx="0.248683055" tId="1" fbRx="0.24868218" lbRx="0.248683055" />
<p fId="1" fbTx="0.248683055" lbTx="0.24868393" tId="4" fbRx="0.248683055" lbRx="0.24868393" />
<p fId="3" fbTx="0.248782096" lbTx="0.24878218" tId="0" fbRx="0.258782096" lbRx="0.25878218" />
<p fId="0" fbTx="0.24878218" lbTx="0.248783055" tId="1" fbRx="0.24878218" lbRx="0.248783055" />
<p fId="1" fbTx="0.248783055" lbTx="0.24878393" tId="4" fbRx="0.248783055" lbRx="0.24878393" />
<p fId="3" fbTx="0.248882096" lbTx="0.24888218" tId="0" fbRx="0.258882096" lbRx="0.25888218" />
<p fId="0" fbTx="0.24888218" lbTx="0.248883055" tId="1" fbRx="0.24888218" lbRx="0.248883055" />
<p fId="1" fbTx="0.248883055" lbTx="0.24888393" tId="4" fbRx="0.248883055" lbRx="0.24888393" />
<p fId="3" fbTx="0.248982096" lbTx="0.24898218" tId="0" fbRx="0.258982096" lbRx="0.25898218" />
<p fId="0" fbTx="0.24898218" lbTx="0.248983055" tId="1" fbRx="0.24898218" lbRx="0.248983055" />
<p fId="1" fbTx="0.248983055" lbTx="0.24898393" tId="4" fbRx="0.248983055" lbRx="0.24898393" />
<p fId="3" fbTx="0.249082096" lbTx="0.24908218" tId="0" fbRx="0.259082096" lbRx="0.25908218" />
<p fId="0" fbTx="0.24908218" lbTx="0.249083055" tId="1" fbRx="0.24908218" lbRx="0.249083055" />
<p fId="1" fbTx="0.249083055" lbTx="0.24908393" tId="4" fbRx="0.249083055" lbRx="0.24908393" />
<p fId="3" fbTx="0.249182096" lbTx="0.24918218" tId="0" fbRx="0.259182096" lbRx="0.25918218" />
<p fId="0" fbTx="0.24918218" lbTx="0.249183055" tId="1" fbRx="0.24918218" lbRx="0.249183055" />
<p fId="1" fbTx="0.249183055" lbTx="0.24918393" tId="4" fbRx="0.249183055" lbRx="0.24918393" />
<pr uId="227" fId="4" fbTx="0.249214286" />
<wpr uId="227" tId="5" fbRx="0.249214286" lbRx="0" />
<wpr uId="227" tId="6" fbRx="0.249214286" lbRx="0" />
<p fId="3" fbTx="0.249282096" lbTx="0.24928218" tId="0" fbRx="0.259282096" lbRx="0.25928218" />
<p fId="0" fbTx="0.24928218" lbTx="0.249283055" tId="1" fbRx="0.24928218" lbRx="0.249283055" />
<p fId="1" fbTx="0.249283055" lbTx="0.24928393" tId="4" fbRx="0.249283055" lbRx="0.24928393" />
<p fId="3" fbTx="0.249382096" lbTx="0.24938218" tId="0" fbRx="0.259382096" lbRx="0.25938218" />
<p fId="0" fbTx="0.24938218" lbTx="0.249383055" tId="1" fbRx="0.24938218" lbRx="0.249383055" />
<p fId="1" fbTx="0.249383055" lbTx="0.24938393" tId="4" fbRx="0.249383055" lbRx="0.24938393" />
<p fId="3" fbTx="0.249482096" lbTx="0.24948218" tId="0" fbRx="0.259482096" lbRx="0.25948218" />
<p fId="0" fbTx="0.24948218" lbTx="0.249483055" tId="1" fbRx="0.24948218" lbRx="0.249483055" />
<p fId="1" fbTx="0.249483055" lbTx="0.24948393" tId="4" fbRx="0.249483055" lbRx="0.24948393" />
<p fId="3" fbTx="0.249582096" lbTx="0.24958218" tId="0" fbRx="0.259582096" lbRx="0.25958218" />
<p fId="0" fbTx="0.24958218" lbTx="0.249583055" tId="1" fbRx="0.24958218" lbRx="0.249583055" />
<p fId="1" fbTx="0.249583055" lbTx="0.24958393" tId="4" fbRx="0.249583055" lbRx="0.24958393" />
<p fId="3" fbTx="0.249682096" lbTx="0.24968218" tId="0" fbRx="0.259682096" lbRx="0.25968218" />
<p fId="0" fbTx="0.24968218" lbTx="0.249683055" tId="1" fbRx="0.24968218" lbRx="0.249683055" />
<p fId="1" fbTx="0.249683055" lbTx="0.24968393" tId="4" fbRx="0.249683055" lbRx="0.24968393" />
<p fId="3" fbTx="0.249782096" lbTx="0.24978218" tId="0" fbRx="0.259782096" lbRx="0.25978218" />
<p fId="0" fbTx="0.24978218" lbTx="0.249783055" tId="1" fbRx="0.24978218" lbRx="0.249783055" />
<p fId="1" fbTx="0.249783055" lbTx="0.24978393" tId="4" fbRx="0.249783055" lbRx="0.24978393" />
<p fId="3" fbTx="0.249882096" lbTx="0.24988218" tId="0" fbRx="0.259882096" lbRx="0.25988218" />
<p fId="0" fbTx="0.24988218" lbTx="0.249883055" tId="1" fbRx="0.24988218" lbRx="0.249883055" />
<p fId="1" fbTx="0.249883055" lbTx="0.24988393" tId="4" fbRx="0.249883055" lbRx="0.24988393" />
<p fId="3" fbTx="0.249982096" lbTx="0.24998218" tId="0" fbRx="0.259982096" lbRx="0.25998218" />
<p fId="0" fbTx="0.24998218" lbTx="0.249983055" tId="1" fbRx="0.24998218" lbRx="0.249983055" />
<p fId="1" fbTx="0.249983055" lbTx="0.24998393" tId="4" fbRx="0.249983055" lbRx="0.24998393" />
<p fId="3" fbTx="0.250082096" lbTx="0.25008218" tId="0" fbRx="0.260082096" lbRx="0.26008218" />
<p fId="0" fbTx="0.25008218" lbTx="0.250083055" tId="1" fbRx="0.25008218" lbRx="0.250083055" />
<p fId="1" fbTx="0.250083055" lbTx="0.25008393" tId="4" fbRx="0.250083055" lbRx="0.25008393" />
<p fId="3" fbTx="0.250182096" lbTx="0.25018218" tId="0" fbRx="0.260182096" lbRx="0.26018218" />
<p fId="0" fbTx="0.25018218" lbTx="0.250183055" tId="1" fbRx="0.25018218" lbRx="0.250183055" />
<p fId="1" fbTx="0.250183055" lbTx="0.25018393" tId="4" fbRx="0.250183055" lbRx="0.25018393" />
<pr uId="228" fId="4" fbTx="0.250214286" />
<wpr uId="228" tId="5" fbRx="0.250214286" lbRx="0" />
<wpr uId="228" tId="6" fbRx="0.250214286" lbRx="0" />
<p fId="3" fbTx="0.250282096" lbTx="0.25028218" tId="0" fbRx="0.260282096" lbRx="0.26028218" />
<p fId="0" fbTx="0.25028218" lbTx="0.250283055" tId="1" fbRx="0.25028218" lbRx="0.250283055" />
<p fId="1" fbTx="0.250283055" lbTx="0.25028393" tId="4" fbRx="0.250283055" lbRx="0.25028393" />
<p fId="3" fbTx="0.250382096" lbTx="0.25038218" tId="0" fbRx="0.260382096" lbRx="0.26038218" />
<p fId="0" fbTx="0.25038218" lbTx="0.250383055" tId="1" fbRx="0.25038218" lbRx="0.250383055" />
<p fId="1" fbTx="0.250383055" lbTx="0.25038393" tId="4" fbRx="0.250383055" lbRx="0.25038393" />
<p fId="3" fbTx="0.250482096" lbTx="0.25048218" tId="0" fbRx="0.260482096" lbRx="0.26048218" />
<p fId="0" fbTx="0.25048218" lbTx="0.250483055" tId="1" fbRx="0.25048218" lbRx="0.250483055" />
<p fId="1" fbTx="0.250483055" lbTx="0.25048393" tId="4" fbRx="0.250483055" lbRx="0.25048393" />
<p fId="3" fbTx="0.250582096" lbTx="0.25058218" tId="0" fbRx="0.260582096" lbRx="0.26058218" />
<p fId="0" fbTx="0.25058218" lbTx="0.250583055" tId="1" fbRx="0.25058218" lbRx="0.250583055" />
<p fId="1" fbTx="0.250583055" lbTx="0.25058393" tId="4" fbRx="0.250583055" lbRx="0.25058393" />
<p fId="3" fbTx="0.250682096" lbTx="0.25068218" tId="0" fbRx="0.260682096" lbRx="0.26068218" />
<p fId="0" fbTx="0.25068218" lbTx="0.250683055" tId="1" fbRx="0.25068218" lbRx="0.250683055" />
<p fId="1" fbTx="0.250683055" lbTx="0.25068393" tId="4" fbRx="0.250683055" lbRx="0.25068393" />
<p fId="3" fbTx="0.250782096" lbTx="0.25078218" tId="0" fbRx="0.260782096" lbRx="0.26078218" />
<p fId="0" fbTx="0.25078218" lbTx="0.250783055" tId="1" fbRx="0.25078218" lbRx="0.250783055" />
<p fId="1" fbTx="0.250783055" lbTx="0.25078393" tId="4" fbRx="0.250783055" lbRx="0.25078393" />
<p fId="3" fbTx="0.250882096" lbTx="0.25088218" tId="0" fbRx="0.260882096" lbRx="0.26088218" />
<p fId="0" fbTx="0.25088218" lbTx="0.250883055" tId="1" fbRx="0.25088218" lbRx="0.250883055" />
<p fId="1" fbTx="0.250883055" lbTx="0.25088393" tId="4" fbRx="0.250883055" lbRx="0.25088393" />
<p fId="3" fbTx="0.250982096" lbTx="0.25098218" tId="0" fbRx="0.260982096" lbRx="0.26098218" />
<p fId="0" fbTx="0.25098218" lbTx="0.250983055" tId="1" fbRx="0.25098218" lbRx="0.250983055" />
<p fId="1" fbTx="0.250983055" lbTx="0.25098393" tId="4" fbRx="0.250983055" lbRx="0.25098393" />
<p fId="3" fbTx="0.251082096" lbTx="0.25108218" tId="0" fbRx="0.261082096" lbRx="0.26108218" />
<p fId="0" fbTx="0.25108218" lbTx="0.251083055" tId="1" fbRx="0.25108218" lbRx="0.251083055" />
<p fId="1" fbTx="0.251083055" lbTx="0.25108393" tId="4" fbRx="0.251083055" lbRx="0.25108393" />
<p fId="3" fbTx="0.251182096" lbTx="0.25118218" tId="0" fbRx="0.261182096" lbRx="0.26118218" />
<p fId="0" fbTx="0.25118218" lbTx="0.251183055" tId="1" fbRx="0.25118218" lbRx="0.251183055" />
<p fId="1" fbTx="0.251183055" lbTx="0.25118393" tId="4" fbRx="0.251183055" lbRx="0.25118393" />
<pr uId="229" fId="4" fbTx="0.251214286" />
<wpr uId="229" tId="5" fbRx="0.251214286" lbRx="0" />
<wpr uId="229" tId="6" fbRx="0.251214286" lbRx="0" />
<p fId="3" fbTx="0.251282096" lbTx="0.25128218" tId="0" fbRx="0.261282096" lbRx="0.26128218" />
<p fId="0" fbTx="0.25128218" lbTx="0.251283055" tId="1" fbRx="0.25128218" lbRx="0.251283055" />
<p fId="1" fbTx="0.251283055" lbTx="0.25128393" tId="4" fbRx="0.251283055" lbRx="0.25128393" />
<p fId="3" fbTx="0.251382096" lbTx="0.25138218" tId="0" fbRx="0.261382096" lbRx="0.26138218" />
<p fId="0" fbTx="0.25138218" lbTx="0.251383055" tId="1" fbRx="0.25138218" lbRx="0.251383055" />
<p fId="1" fbTx="0.251383055" lbTx="0.25138393" tId="4" fbRx="0.251383055" lbRx="0.25138393" />
<p fId="3" fbTx="0.251482096" lbTx="0.25148218" tId="0" fbRx="0.261482096" lbRx="0.26148218" />
<p fId="0" fbTx="0.25148218" lbTx="0.251483055" tId="1" fbRx="0.25148218" lbRx="0.251483055" />
<p fId="1" fbTx="0.251483055" lbTx="0.25148393" tId="4" fbRx="0.251483055" lbRx="0.25148393" />
<p fId="3" fbTx="0.251582096" lbTx="0.25158218" tId="0" fbRx="0.261582096" lbRx="0.26158218" />
<p fId="0" fbTx="0.25158218" lbTx="0.251583055" tId="1" fbRx="0.25158218" lbRx="0.251583055" />
<p fId="1" fbTx="0.251583055" lbTx="0.25158393" tId="4" fbRx="0.251583055" lbRx="0.25158393" />
<p fId="3" fbTx="0.251682096" lbTx="0.25168218" tId="0" fbRx="0.261682096" lbRx="0.26168218" />
<p fId="0" fbTx="0.25168218" lbTx="0.251683055" tId="1" fbRx="0.25168218" lbRx="0.251683055" />
<p fId="1" fbTx="0.251683055" lbTx="0.25168393" tId="4" fbRx="0.251683055" lbRx="0.25168393" />
<p fId="3" fbTx="0.251782096" lbTx="0.25178218" tId="0" fbRx="0.261782096" lbRx="0.26178218" />
<p fId="0" fbTx="0.25178218" lbTx="0.251783055" tId="1" fbRx="0.25178218" lbRx="0.251783055" />
<p fId="1" fbTx="0.251783055" lbTx="0.25178393" tId="4" fbRx="0.251783055" lbRx="0.25178393" />
<p fId="3" fbTx="0.251882096" lbTx="0.25188218" tId="0" fbRx="0.261882096" lbRx="0.26188218" />
<p fId="0" fbTx="0.25188218" lbTx="0.251883055" tId="1" fbRx="0.25188218" lbRx="0.251883055" />
<p fId="1" fbTx="0.251883055" lbTx="0.25188393" tId="4" fbRx="0.251883055" lbRx="0.25188393" />
<p fId="3" fbTx="0.251982096" lbTx="0.25198218" tId="0" fbRx="0.261982096" lbRx="0.26198218" />
<p fId="0" fbTx="0.25198218" lbTx="0.251983055" tId="1" fbRx="0.25198218" lbRx="0.251983055" />
<p fId="1" fbTx="0.251983055" lbTx="0.25198393" tId="4" fbRx="0.251983055" lbRx="0.25198393" />
<p fId="3" fbTx="0.252082096" lbTx="0.25208218" tId="0" fbRx="0.262082096" lbRx="0.26208218" />
<p fId="0" fbTx="0.25208218" lbTx="0.252083055" tId="1" fbRx="0.25208218" lbRx="0.252083055" />
<p fId="1" fbTx="0.252083055" lbTx="0.25208393" tId="4" fbRx="0.252083055" lbRx="0.25208393" />
<p fId="3" fbTx="0.252182096" lbTx="0.25218218" tId="0" fbRx="0.262182096" lbRx="0.26218218" />
<p fId="0" fbTx="0.25218218" lbTx="0.252183055" tId="1" fbRx="0.25218218" lbRx="0.252183055" />
<p fId="1" fbTx="0.252183055" lbTx="0.25218393" tId="4" fbRx="0.252183055" lbRx="0.25218393" />
<pr uId="230" fId="4" fbTx="0.252214286" />
<wpr uId="230" tId="5" fbRx="0.252214286" lbRx="0" />
<wpr uId="230" tId="6" fbRx="0.252214286" lbRx="0" />
<p fId="3" fbTx="0.252282096" lbTx="0.25228218" tId="0" fbRx="0.262282096" lbRx="0.26228218" />
<p fId="0" fbTx="0.25228218" lbTx="0.252283055" tId="1" fbRx="0.25228218" lbRx="0.252283055" />
<p fId="1" fbTx="0.252283055" lbTx="0.25228393" tId="4" fbRx="0.252283055" lbRx="0.25228393" />
<p fId="3" fbTx="0.252382096" lbTx="0.25238218" tId="0" fbRx="0.262382096" lbRx="0.26238218" />
<p fId="0" fbTx="0.25238218" lbTx="0.252383055" tId="1" fbRx="0.25238218" lbRx="0.252383055" />
<p fId="1" fbTx="0.252383055" lbTx="0.25238393" tId="4" fbRx="0.252383055" lbRx="0.25238393" />
<p fId="3" fbTx="0.252482096" lbTx="0.25248218" tId="0" fbRx="0.262482096" lbRx="0.26248218" />
<p fId="0" fbTx="0.25248218" lbTx="0.252483055" tId="1" fbRx="0.25248218" lbRx="0.252483055" />
<p fId="1" fbTx="0.252483055" lbTx="0.25248393" tId="4" fbRx="0.252483055" lbRx="0.25248393" />
<p fId="3" fbTx="0.252582096" lbTx="0.25258218" tId="0" fbRx="0.262582096" lbRx="0.26258218" />
<p fId="0" fbTx="0.25258218" lbTx="0.252583055" tId="1" fbRx="0.25258218" lbRx="0.252583055" />
<p fId="1" fbTx="0.252583055" lbTx="0.25258393" tId="4" fbRx="0.252583055" lbRx="0.25258393" />
<p fId="3" fbTx="0.252682096" lbTx="0.25268218" tId="0" fbRx="0.262682096" lbRx="0.26268218" />
<p fId="0" fbTx="0.25268218" lbTx="0.252683055" tId="1" fbRx="0.25268218" lbRx="0.252683055" />
<p fId="1" fbTx="0.252683055" lbTx="0.25268393" tId="4" fbRx="0.252683055" lbRx="0.25268393" />
<p fId="3" fbTx="0.252782096" lbTx="0.25278218" tId="0" fbRx="0.262782096" lbRx="0.26278218" />
<p fId="0" fbTx="0.25278218" lbTx="0.252783055" tId="1" fbRx="0.25278218" lbRx="0.252783055" />
<p fId="1" fbTx="0.252783055" lbTx="0.25278393" tId="4" fbRx="0.252783055" lbRx="0.25278393" />
<p fId="3" fbTx="0.252882096" lbTx="0.25288218" tId="0" fbRx="0.262882096" lbRx="0.26288218" />
<p fId="0" fbTx="0.25288218" lbTx="0.252883055" tId="1" fbRx="0.25288218" lbRx="0.252883055" />
<p fId="1" fbTx="0.252883055" lbTx="0.25288393" tId="4" fbRx="0.252883055" lbRx="0.25288393" />
<p fId="3" fbTx="0.252982096" lbTx="0.25298218" tId="0" fbRx="0.262982096" lbRx="0.26298218" />
<p fId="0" fbTx="0.25298218" lbTx="0.252983055" tId="1" fbRx="0.25298218" lbRx="0.252983055" />
<p fId="1" fbTx="0.252983055" lbTx="0.25298393" tId="4" fbRx="0.252983055" lbRx="0.25298393" />
<p fId="3" fbTx="0.253082096" lbTx="0.25308218" tId="0" fbRx="0.263082096" lbRx="0.26308218" />
<p fId="0" fbTx="0.25308218" lbTx="0.253083055" tId="1" fbRx="0.25308218" lbRx="0.253083055" />
<p fId="1" fbTx="0.253083055" lbTx="0.25308393" tId="4" fbRx="0.253083055" lbRx="0.25308393" />
<p fId="3" fbTx="0.253182096" lbTx="0.25318218" tId="0" fbRx="0.263182096" lbRx="0.26318218" />
<p fId="0" fbTx="0.25318218" lbTx="0.253183055" tId="1" fbRx="0.25318218" lbRx="0.253183055" />
<p fId="1" fbTx="0.253183055" lbTx="0.25318393" tId="4" fbRx="0.253183055" lbRx="0.25318393" />
<pr uId="231" fId="4" fbTx="0.253214286" />
<wpr uId="231" tId="5" fbRx="0.253214286" lbRx="0" />
<wpr uId="231" tId="6" fbRx="0.253214286" lbRx="0" />
<p fId="3" fbTx="0.253282096" lbTx="0.25328218" tId="0" fbRx="0.263282096" lbRx="0.26328218" />
<p fId="0" fbTx="0.25328218" lbTx="0.253283055" tId="1" fbRx="0.25328218" lbRx="0.253283055" />
<p fId="1" fbTx="0.253283055" lbTx="0.25328393" tId="4" fbRx="0.253283055" lbRx="0.25328393" />
<p fId="3" fbTx="0.253382096" lbTx="0.25338218" tId="0" fbRx="0.263382096" lbRx="0.26338218" />
<p fId="0" fbTx="0.25338218" lbTx="0.253383055" tId="1" fbRx="0.25338218" lbRx="0.253383055" />
<p fId="1" fbTx="0.253383055" lbTx="0.25338393" tId="4" fbRx="0.253383055" lbRx="0.25338393" />
<p fId="3" fbTx="0.253482096" lbTx="0.25348218" tId="0" fbRx="0.263482096" lbRx="0.26348218" />
<p fId="0" fbTx="0.25348218" lbTx="0.253483055" tId="1" fbRx="0.25348218" lbRx="0.253483055" />
<p fId="1" fbTx="0.253483055" lbTx="0.25348393" tId="4" fbRx="0.253483055" lbRx="0.25348393" />
<p fId="3" fbTx="0.253582096" lbTx="0.25358218" tId="0" fbRx="0.263582096" lbRx="0.26358218" />
<p fId="0" fbTx="0.25358218" lbTx="0.253583055" tId="1" fbRx="0.25358218" lbRx="0.253583055" />
<p fId="1" fbTx="0.253583055" lbTx="0.25358393" tId="4" fbRx="0.253583055" lbRx="0.25358393" />
<p fId="3" fbTx="0.253682096" lbTx="0.25368218" tId="0" fbRx="0.263682096" lbRx="0.26368218" />
<p fId="0" fbTx="0.25368218" lbTx="0.253683055" tId="1" fbRx="0.25368218" lbRx="0.253683055" />
<p fId="1" fbTx="0.253683055" lbTx="0.25368393" tId="4" fbRx="0.253683055" lbRx="0.25368393" />
<p fId="3" fbTx="0.253782096" lbTx="0.25378218" tId="0" fbRx="0.263782096" lbRx="0.26378218" />
<p fId="0" fbTx="0.25378218" lbTx="0.253783055" tId="1" fbRx="0.25378218" lbRx="0.253783055" />
<p fId="1" fbTx="0.253783055" lbTx="0.25378393" tId="4" fbRx="0.253783055" lbRx="0.25378393" />
<p fId="3" fbTx="0.253882096" lbTx="0.25388218" tId="0" fbRx="0.263882096" lbRx="0.26388218" />
<p fId="0" fbTx="0.25388218" lbTx="0.253883055" tId="1" fbRx="0.25388218" lbRx="0.253883055" />
<p fId="1" fbTx="0.253883055" lbTx="0.25388393" tId="4" fbRx="0.253883055" lbRx="0.25388393" />
<p fId="3" fbTx="0.253982096" lbTx="0.25398218" tId="0" fbRx="0.263982096" lbRx="0.26398218" />
<p fId="0" fbTx="0.25398218" lbTx="0.253983055" tId="1" fbRx="0.25398218" lbRx="0.253983055" />
<p fId="1" fbTx="0.253983055" lbTx="0.25398393" tId="4" fbRx="0.253983055" lbRx="0.25398393" />
<p fId="3" fbTx="0.254082096" lbTx="0.25408218" tId="0" fbRx="0.264082096" lbRx="0.26408218" />
<p fId="0" fbTx="0.25408218" lbTx="0.254083055" tId="1" fbRx="0.25408218" lbRx="0.254083055" />
<p fId="1" fbTx="0.254083055" lbTx="0.25408393" tId="4" fbRx="0.254083055" lbRx="0.25408393" />
<p fId="3" fbTx="0.254182096" lbTx="0.25418218" tId="0" fbRx="0.264182096" lbRx="0.26418218" />
<p fId="0" fbTx="0.25418218" lbTx="0.254183055" tId="1" fbRx="0.25418218" lbRx="0.254183055" />
<p fId="1" fbTx="0.254183055" lbTx="0.25418393" tId="4" fbRx="0.254183055" lbRx="0.25418393" />
<pr uId="232" fId="4" fbTx="0.254214286" />
<wpr uId="232" tId="5" fbRx="0.254214286" lbRx="0" />
<wpr uId="232" tId="6" fbRx="0.254214286" lbRx="0" />
<p fId="3" fbTx="0.254282096" lbTx="0.25428218" tId="0" fbRx="0.264282096" lbRx="0.26428218" />
<p fId="0" fbTx="0.25428218" lbTx="0.254283055" tId="1" fbRx="0.25428218" lbRx="0.254283055" />
<p fId="1" fbTx="0.254283055" lbTx="0.25428393" tId="4" fbRx="0.254283055" lbRx="0.25428393" />
<p fId="3" fbTx="0.254382096" lbTx="0.25438218" tId="0" fbRx="0.264382096" lbRx="0.26438218" />
<p fId="0" fbTx="0.25438218" lbTx="0.254383055" tId="1" fbRx="0.25438218" lbRx="0.254383055" />
<p fId="1" fbTx="0.254383055" lbTx="0.25438393" tId="4" fbRx="0.254383055" lbRx="0.25438393" />
<p fId="3" fbTx="0.254482096" lbTx="0.25448218" tId="0" fbRx="0.264482096" lbRx="0.26448218" />
<p fId="0" fbTx="0.25448218" lbTx="0.254483055" tId="1" fbRx="0.25448218" lbRx="0.254483055" />
<p fId="1" fbTx="0.254483055" lbTx="0.25448393" tId="4" fbRx="0.254483055" lbRx="0.25448393" />
<p fId="3" fbTx="0.254582096" lbTx="0.25458218" tId="0" fbRx="0.264582096" lbRx="0.26458218" />
<p fId="0" fbTx="0.25458218" lbTx="0.254583055" tId="1" fbRx="0.25458218" lbRx="0.254583055" />
<p fId="1" fbTx="0.254583055" lbTx="0.25458393" tId="4" fbRx="0.254583055" lbRx="0.25458393" />
<p fId="3" fbTx="0.254682096" lbTx="0.25468218" tId="0" fbRx="0.264682096" lbRx="0.26468218" />
<p fId="0" fbTx="0.25468218" lbTx="0.254683055" tId="1" fbRx="0.25468218" lbRx="0.254683055" />
<p fId="1" fbTx="0.254683055" lbTx="0.25468393" tId="4" fbRx="0.254683055" lbRx="0.25468393" />
<p fId="3" fbTx="0.254782096" lbTx="0.25478218" tId="0" fbRx="0.264782096" lbRx="0.26478218" />
<p fId="0" fbTx="0.25478218" lbTx="0.254783055" tId="1" fbRx="0.25478218" lbRx="0.254783055" />
<p fId="1" fbTx="0.254783055" lbTx="0.25478393" tId="4" fbRx="0.254783055" lbRx="0.25478393" />
<p fId="3" fbTx="0.254882096" lbTx="0.25488218" tId="0" fbRx="0.264882096" lbRx="0.26488218" />
<p fId="0" fbTx="0.25488218" lbTx="0.254883055" tId="1" fbRx="0.25488218" lbRx="0.254883055" />
<p fId="1" fbTx="0.254883055" lbTx="0.25488393" tId="4" fbRx="0.254883055" lbRx="0.25488393" />
<p fId="3" fbTx="0.254982096" lbTx="0.25498218" tId="0" fbRx="0.264982096" lbRx="0.26498218" />
<p fId="0" fbTx="0.25498218" lbTx="0.254983055" tId="1" fbRx="0.25498218" lbRx="0.254983055" />
<p fId="1" fbTx="0.254983055" lbTx="0.25498393" tId="4" fbRx="0.254983055" lbRx="0.25498393" />
<p fId="3" fbTx="0.255082096" lbTx="0.25508218" tId="0" fbRx="0.265082096" lbRx="0.26508218" />
<p fId="0" fbTx="0.25508218" lbTx="0.255083055" tId="1" fbRx="0.25508218" lbRx="0.255083055" />
<p fId="1" fbTx="0.255083055" lbTx="0.25508393" tId="4" fbRx="0.255083055" lbRx="0.25508393" />
<p fId="3" fbTx="0.255182096" lbTx="0.25518218" tId="0" fbRx="0.265182096" lbRx="0.26518218" />
<p fId="0" fbTx="0.25518218" lbTx="0.255183055" tId="1" fbRx="0.25518218" lbRx="0.255183055" />
<p fId="1" fbTx="0.255183055" lbTx="0.25518393" tId="4" fbRx="0.255183055" lbRx="0.25518393" />
<pr uId="233" fId="4" fbTx="0.255214286" />
<wpr uId="233" tId="5" fbRx="0.255214286" lbRx="0" />
<wpr uId="233" tId="6" fbRx="0.255214286" lbRx="0" />
<p fId="3" fbTx="0.255282096" lbTx="0.25528218" tId="0" fbRx="0.265282096" lbRx="0.26528218" />
<p fId="0" fbTx="0.25528218" lbTx="0.255283055" tId="1" fbRx="0.25528218" lbRx="0.255283055" />
<p fId="1" fbTx="0.255283055" lbTx="0.25528393" tId="4" fbRx="0.255283055" lbRx="0.25528393" />
<p fId="3" fbTx="0.255382096" lbTx="0.25538218" tId="0" fbRx="0.265382096" lbRx="0.26538218" />
<p fId="0" fbTx="0.25538218" lbTx="0.255383055" tId="1" fbRx="0.25538218" lbRx="0.255383055" />
<p fId="1" fbTx="0.255383055" lbTx="0.25538393" tId="4" fbRx="0.255383055" lbRx="0.25538393" />
<p fId="3" fbTx="0.255482096" lbTx="0.25548218" tId="0" fbRx="0.265482096" lbRx="0.26548218" />
<p fId="0" fbTx="0.25548218" lbTx="0.255483055" tId="1" fbRx="0.25548218" lbRx="0.255483055" />
<p fId="1" fbTx="0.255483055" lbTx="0.25548393" tId="4" fbRx="0.255483055" lbRx="0.25548393" />
<p fId="3" fbTx="0.255582096" lbTx="0.25558218" tId="0" fbRx="0.265582096" lbRx="0.26558218" />
<p fId="0" fbTx="0.25558218" lbTx="0.255583055" tId="1" fbRx="0.25558218" lbRx="0.255583055" />
<p fId="1" fbTx="0.255583055" lbTx="0.25558393" tId="4" fbRx="0.255583055" lbRx="0.25558393" />
<p fId="3" fbTx="0.255682096" lbTx="0.25568218" tId="0" fbRx="0.265682096" lbRx="0.26568218" />
<p fId="0" fbTx="0.25568218" lbTx="0.255683055" tId="1" fbRx="0.25568218" lbRx="0.255683055" />
<p fId="1" fbTx="0.255683055" lbTx="0.25568393" tId="4" fbRx="0.255683055" lbRx="0.25568393" />
<p fId="3" fbTx="0.255782096" lbTx="0.25578218" tId="0" fbRx="0.265782096" lbRx="0.26578218" />
<p fId="0" fbTx="0.25578218" lbTx="0.255783055" tId="1" fbRx="0.25578218" lbRx="0.255783055" />
<p fId="1" fbTx="0.255783055" lbTx="0.25578393" tId="4" fbRx="0.255783055" lbRx="0.25578393" />
<p fId="3" fbTx="0.255882096" lbTx="0.25588218" tId="0" fbRx="0.265882096" lbRx="0.26588218" />
<p fId="0" fbTx="0.25588218" lbTx="0.255883055" tId="1" fbRx="0.25588218" lbRx="0.255883055" />
<p fId="1" fbTx="0.255883055" lbTx="0.25588393" tId="4" fbRx="0.255883055" lbRx="0.25588393" />
<p fId="3" fbTx="0.255982096" lbTx="0.25598218" tId="0" fbRx="0.265982096" lbRx="0.26598218" />
<p fId="0" fbTx="0.25598218" lbTx="0.255983055" tId="1" fbRx="0.25598218" lbRx="0.255983055" />
<p fId="1" fbTx="0.255983055" lbTx="0.25598393" tId="4" fbRx="0.255983055" lbRx="0.25598393" />
<p fId="3" fbTx="0.256082096" lbTx="0.25608218" tId="0" fbRx="0.266082096" lbRx="0.26608218" />
<p fId="0" fbTx="0.25608218" lbTx="0.256083055" tId="1" fbRx="0.25608218" lbRx="0.256083055" />
<p fId="1" fbTx="0.256083055" lbTx="0.25608393" tId="4" fbRx="0.256083055" lbRx="0.25608393" />
<p fId="3" fbTx="0.256182096" lbTx="0.25618218" tId="0" fbRx="0.266182096" lbRx="0.26618218" />
<p fId="0" fbTx="0.25618218" lbTx="0.256183055" tId="1" fbRx="0.25618218" lbRx="0.256183055" />
<p fId="1" fbTx="0.256183055" lbTx="0.25618393" tId="4" fbRx="0.256183055" lbRx="0.25618393" />
<pr uId="234" fId="4" fbTx="0.256214286" />
<wpr uId="234" tId="5" fbRx="0.256214286" lbRx="0" />
<wpr uId="234" tId="6" fbRx="0.256214286" lbRx="0" />
<p fId="3" fbTx="0.256282096" lbTx="0.25628218" tId="0" fbRx="0.266282096" lbRx="0.26628218" />
<p fId="0" fbTx="0.25628218" lbTx="0.256283055" tId="1" fbRx="0.25628218" lbRx="0.256283055" />
<p fId="1" fbTx="0.256283055" lbTx="0.25628393" tId="4" fbRx="0.256283055" lbRx="0.25628393" />
<p fId="3" fbTx="0.256382096" lbTx="0.25638218" tId="0" fbRx="0.266382096" lbRx="0.26638218" />
<p fId="0" fbTx="0.25638218" lbTx="0.256383055" tId="1" fbRx="0.25638218" lbRx="0.256383055" />
<p fId="1" fbTx="0.256383055" lbTx="0.25638393" tId="4" fbRx="0.256383055" lbRx="0.25638393" />
<p fId="3" fbTx="0.256482096" lbTx="0.25648218" tId="0" fbRx="0.266482096" lbRx="0.26648218" />
<p fId="0" fbTx="0.25648218" lbTx="0.256483055" tId="1" fbRx="0.25648218" lbRx="0.256483055" />
<p fId="1" fbTx="0.256483055" lbTx="0.25648393" tId="4" fbRx="0.256483055" lbRx="0.25648393" />
<p fId="3" fbTx="0.256582096" lbTx="0.25658218" tId="0" fbRx="0.266582096" lbRx="0.26658218" />
<p fId="0" fbTx="0.25658218" lbTx="0.256583055" tId="1" fbRx="0.25658218" lbRx="0.256583055" />
<p fId="1" fbTx="0.256583055" lbTx="0.25658393" tId="4" fbRx="0.256583055" lbRx="0.25658393" />
<p fId="3" fbTx="0.256682096" lbTx="0.25668218" tId="0" fbRx="0.266682096" lbRx="0.26668218" />
<p fId="0" fbTx="0.25668218" lbTx="0.256683055" tId="1" fbRx="0.25668218" lbRx="0.256683055" />
<p fId="1" fbTx="0.256683055" lbTx="0.25668393" tId="4" fbRx="0.256683055" lbRx="0.25668393" />
<p fId="3" fbTx="0.256782096" lbTx="0.25678218" tId="0" fbRx="0.266782096" lbRx="0.26678218" />
<p fId="0" fbTx="0.25678218" lbTx="0.256783055" tId="1" fbRx="0.25678218" lbRx="0.256783055" />
<p fId="1" fbTx="0.256783055" lbTx="0.25678393" tId="4" fbRx="0.256783055" lbRx="0.25678393" />
<p fId="3" fbTx="0.256882096" lbTx="0.25688218" tId="0" fbRx="0.266882096" lbRx="0.26688218" />
<p fId="0" fbTx="0.25688218" lbTx="0.256883055" tId="1" fbRx="0.25688218" lbRx="0.256883055" />
<p fId="1" fbTx="0.256883055" lbTx="0.25688393" tId="4" fbRx="0.256883055" lbRx="0.25688393" />
<p fId="3" fbTx="0.256982096" lbTx="0.25698218" tId="0" fbRx="0.266982096" lbRx="0.26698218" />
<p fId="0" fbTx="0.25698218" lbTx="0.256983055" tId="1" fbRx="0.25698218" lbRx="0.256983055" />
<p fId="1" fbTx="0.256983055" lbTx="0.25698393" tId="4" fbRx="0.256983055" lbRx="0.25698393" />
<p fId="3" fbTx="0.257082096" lbTx="0.25708218" tId="0" fbRx="0.267082096" lbRx="0.26708218" />
<p fId="0" fbTx="0.25708218" lbTx="0.257083055" tId="1" fbRx="0.25708218" lbRx="0.257083055" />
<p fId="1" fbTx="0.257083055" lbTx="0.25708393" tId="4" fbRx="0.257083055" lbRx="0.25708393" />
<p fId="3" fbTx="0.257182096" lbTx="0.25718218" tId="0" fbRx="0.267182096" lbRx="0.26718218" />
<p fId="0" fbTx="0.25718218" lbTx="0.257183055" tId="1" fbRx="0.25718218" lbRx="0.257183055" />
<p fId="1" fbTx="0.257183055" lbTx="0.25718393" tId="4" fbRx="0.257183055" lbRx="0.25718393" />
<pr uId="235" fId="4" fbTx="0.257214286" />
<wpr uId="235" tId="5" fbRx="0.257214286" lbRx="0" />
<wpr uId="235" tId="6" fbRx="0.257214286" lbRx="0" />
<p fId="3" fbTx="0.257282096" lbTx="0.25728218" tId="0" fbRx="0.267282096" lbRx="0.26728218" />
<p fId="0" fbTx="0.25728218" lbTx="0.257283055" tId="1" fbRx="0.25728218" lbRx="0.257283055" />
<p fId="1" fbTx="0.257283055" lbTx="0.25728393" tId="4" fbRx="0.257283055" lbRx="0.25728393" />
<p fId="3" fbTx="0.257382096" lbTx="0.25738218" tId="0" fbRx="0.267382096" lbRx="0.26738218" />
<p fId="0" fbTx="0.25738218" lbTx="0.257383055" tId="1" fbRx="0.25738218" lbRx="0.257383055" />
<p fId="1" fbTx="0.257383055" lbTx="0.25738393" tId="4" fbRx="0.257383055" lbRx="0.25738393" />
<p fId="3" fbTx="0.257482096" lbTx="0.25748218" tId="0" fbRx="0.267482096" lbRx="0.26748218" />
<p fId="0" fbTx="0.25748218" lbTx="0.257483055" tId="1" fbRx="0.25748218" lbRx="0.257483055" />
<p fId="1" fbTx="0.257483055" lbTx="0.25748393" tId="4" fbRx="0.257483055" lbRx="0.25748393" />
<p fId="3" fbTx="0.257582096" lbTx="0.25758218" tId="0" fbRx="0.267582096" lbRx="0.26758218" />
<p fId="0" fbTx="0.25758218" lbTx="0.257583055" tId="1" fbRx="0.25758218" lbRx="0.257583055" />
<p fId="1" fbTx="0.257583055" lbTx="0.25758393" tId="4" fbRx="0.257583055" lbRx="0.25758393" />
<p fId="3" fbTx="0.257682096" lbTx="0.25768218" tId="0" fbRx="0.267682096" lbRx="0.26768218" />
<p fId="0" fbTx="0.25768218" lbTx="0.257683055" tId="1" fbRx="0.25768218" lbRx="0.257683055" />
<p fId="1" fbTx="0.257683055" lbTx="0.25768393" tId="4" fbRx="0.257683055" lbRx="0.25768393" />
<p fId="3" fbTx="0.257782096" lbTx="0.25778218" tId="0" fbRx="0.267782096" lbRx="0.26778218" />
<p fId="0" fbTx="0.25778218" lbTx="0.257783055" tId="1" fbRx="0.25778218" lbRx="0.257783055" />
<p fId="1" fbTx="0.257783055" lbTx="0.25778393" tId="4" fbRx="0.257783055" lbRx="0.25778393" />
<p fId="3" fbTx="0.257882096" lbTx="0.25788218" tId="0" fbRx="0.267882096" lbRx="0.26788218" />
<p fId="0" fbTx="0.25788218" lbTx="0.257883055" tId="1" fbRx="0.25788218" lbRx="0.257883055" />
<p fId="1" fbTx="0.257883055" lbTx="0.25788393" tId="4" fbRx="0.257883055" lbRx="0.25788393" />
<p fId="3" fbTx="0.257982096" lbTx="0.25798218" tId="0" fbRx="0.267982096" lbRx="0.26798218" />
<p fId="0" fbTx="0.25798218" lbTx="0.257983055" tId="1" fbRx="0.25798218" lbRx="0.257983055" />
<p fId="1" fbTx="0.257983055" lbTx="0.25798393" tId="4" fbRx="0.257983055" lbRx="0.25798393" />
<p fId="3" fbTx="0.258082096" lbTx="0.25808218" tId="0" fbRx="0.268082096" lbRx="0.26808218" />
<p fId="0" fbTx="0.25808218" lbTx="0.258083055" tId="1" fbRx="0.25808218" lbRx="0.258083055" />
<p fId="1" fbTx="0.258083055" lbTx="0.25808393" tId="4" fbRx="0.258083055" lbRx="0.25808393" />
<p fId="3" fbTx="0.258182096" lbTx="0.25818218" tId="0" fbRx="0.268182096" lbRx="0.26818218" />
<p fId="0" fbTx="0.25818218" lbTx="0.258183055" tId="1" fbRx="0.25818218" lbRx="0.258183055" />
<p fId="1" fbTx="0.258183055" lbTx="0.25818393" tId="4" fbRx="0.258183055" lbRx="0.25818393" />
<pr uId="236" fId="4" fbTx="0.258214286" />
<wpr uId="236" tId="5" fbRx="0.258214286" lbRx="0" />
<wpr uId="236" tId="6" fbRx="0.258214286" lbRx="0" />
<p fId="3" fbTx="0.258282096" lbTx="0.25828218" tId="0" fbRx="0.268282096" lbRx="0.26828218" />
<p fId="0" fbTx="0.25828218" lbTx="0.258283055" tId="1" fbRx="0.25828218" lbRx="0.258283055" />
<p fId="1" fbTx="0.258283055" lbTx="0.25828393" tId="4" fbRx="0.258283055" lbRx="0.25828393" />
<p fId="3" fbTx="0.258382096" lbTx="0.25838218" tId="0" fbRx="0.268382096" lbRx="0.26838218" />
<p fId="0" fbTx="0.25838218" lbTx="0.258383055" tId="1" fbRx="0.25838218" lbRx="0.258383055" />
<p fId="1" fbTx="0.258383055" lbTx="0.25838393" tId="4" fbRx="0.258383055" lbRx="0.25838393" />
<p fId="3" fbTx="0.258482096" lbTx="0.25848218" tId="0" fbRx="0.268482096" lbRx="0.26848218" />
<p fId="0" fbTx="0.25848218" lbTx="0.258483055" tId="1" fbRx="0.25848218" lbRx="0.258483055" />
<p fId="1" fbTx="0.258483055" lbTx="0.25848393" tId="4" fbRx="0.258483055" lbRx="0.25848393" />
<p fId="3" fbTx="0.258582096" lbTx="0.25858218" tId="0" fbRx="0.268582096" lbRx="0.26858218" />
<p fId="0" fbTx="0.25858218" lbTx="0.258583055" tId="1" fbRx="0.25858218" lbRx="0.258583055" />
<p fId="1" fbTx="0.258583055" lbTx="0.25858393" tId="4" fbRx="0.258583055" lbRx="0.25858393" />
<p fId="3" fbTx="0.258682096" lbTx="0.25868218" tId="0" fbRx="0.268682096" lbRx="0.26868218" />
<p fId="0" fbTx="0.25868218" lbTx="0.258683055" tId="1" fbRx="0.25868218" lbRx="0.258683055" />
<p fId="1" fbTx="0.258683055" lbTx="0.25868393" tId="4" fbRx="0.258683055" lbRx="0.25868393" />
<p fId="3" fbTx="0.258782096" lbTx="0.25878218" tId="0" fbRx="0.268782096" lbRx="0.26878218" />
<p fId="0" fbTx="0.25878218" lbTx="0.258783055" tId="1" fbRx="0.25878218" lbRx="0.258783055" />
<p fId="1" fbTx="0.258783055" lbTx="0.25878393" tId="4" fbRx="0.258783055" lbRx="0.25878393" />
<p fId="3" fbTx="0.258882096" lbTx="0.25888218" tId="0" fbRx="0.268882096" lbRx="0.26888218" />
<p fId="0" fbTx="0.25888218" lbTx="0.258883055" tId="1" fbRx="0.25888218" lbRx="0.258883055" />
<p fId="1" fbTx="0.258883055" lbTx="0.25888393" tId="4" fbRx="0.258883055" lbRx="0.25888393" />
<p fId="3" fbTx="0.258982096" lbTx="0.25898218" tId="0" fbRx="0.268982096" lbRx="0.26898218" />
<p fId="0" fbTx="0.25898218" lbTx="0.258983055" tId="1" fbRx="0.25898218" lbRx="0.258983055" />
<p fId="1" fbTx="0.258983055" lbTx="0.25898393" tId="4" fbRx="0.258983055" lbRx="0.25898393" />
<p fId="3" fbTx="0.259082096" lbTx="0.25908218" tId="0" fbRx="0.269082096" lbRx="0.26908218" />
<p fId="0" fbTx="0.25908218" lbTx="0.259083055" tId="1" fbRx="0.25908218" lbRx="0.259083055" />
<p fId="1" fbTx="0.259083055" lbTx="0.25908393" tId="4" fbRx="0.259083055" lbRx="0.25908393" />
<p fId="3" fbTx="0.259182096" lbTx="0.25918218" tId="0" fbRx="0.269182096" lbRx="0.26918218" />
<p fId="0" fbTx="0.25918218" lbTx="0.259183055" tId="1" fbRx="0.25918218" lbRx="0.259183055" />
<p fId="1" fbTx="0.259183055" lbTx="0.25918393" tId="4" fbRx="0.259183055" lbRx="0.25918393" />
<pr uId="237" fId="4" fbTx="0.259214286" />
<wpr uId="237" tId="5" fbRx="0.259214286" lbRx="0" />
<wpr uId="237" tId="6" fbRx="0.259214286" lbRx="0" />
<p fId="3" fbTx="0.259282096" lbTx="0.25928218" tId="0" fbRx="0.269282096" lbRx="0.26928218" />
<p fId="0" fbTx="0.25928218" lbTx="0.259283055" tId="1" fbRx="0.25928218" lbRx="0.259283055" />
<p fId="1" fbTx="0.259283055" lbTx="0.25928393" tId="4" fbRx="0.259283055" lbRx="0.25928393" />
<p fId="3" fbTx="0.259382096" lbTx="0.25938218" tId="0" fbRx="0.269382096" lbRx="0.26938218" />
<p fId="0" fbTx="0.25938218" lbTx="0.259383055" tId="1" fbRx="0.25938218" lbRx="0.259383055" />
<p fId="1" fbTx="0.259383055" lbTx="0.25938393" tId="4" fbRx="0.259383055" lbRx="0.25938393" />
<p fId="3" fbTx="0.259482096" lbTx="0.25948218" tId="0" fbRx="0.269482096" lbRx="0.26948218" />
<p fId="0" fbTx="0.25948218" lbTx="0.259483055" tId="1" fbRx="0.25948218" lbRx="0.259483055" />
<p fId="1" fbTx="0.259483055" lbTx="0.25948393" tId="4" fbRx="0.259483055" lbRx="0.25948393" />
<p fId="3" fbTx="0.259582096" lbTx="0.25958218" tId="0" fbRx="0.269582096" lbRx="0.26958218" />
<p fId="0" fbTx="0.25958218" lbTx="0.259583055" tId="1" fbRx="0.25958218" lbRx="0.259583055" />
<p fId="1" fbTx="0.259583055" lbTx="0.25958393" tId="4" fbRx="0.259583055" lbRx="0.25958393" />
<p fId="3" fbTx="0.259682096" lbTx="0.25968218" tId="0" fbRx="0.269682096" lbRx="0.26968218" />
<p fId="0" fbTx="0.25968218" lbTx="0.259683055" tId="1" fbRx="0.25968218" lbRx="0.259683055" />
<p fId="1" fbTx="0.259683055" lbTx="0.25968393" tId="4" fbRx="0.259683055" lbRx="0.25968393" />
<p fId="3" fbTx="0.259782096" lbTx="0.25978218" tId="0" fbRx="0.269782096" lbRx="0.26978218" />
<p fId="0" fbTx="0.25978218" lbTx="0.259783055" tId="1" fbRx="0.25978218" lbRx="0.259783055" />
<p fId="1" fbTx="0.259783055" lbTx="0.25978393" tId="4" fbRx="0.259783055" lbRx="0.25978393" />
<p fId="3" fbTx="0.259882096" lbTx="0.25988218" tId="0" fbRx="0.269882096" lbRx="0.26988218" />
<p fId="0" fbTx="0.25988218" lbTx="0.259883055" tId="1" fbRx="0.25988218" lbRx="0.259883055" />
<p fId="1" fbTx="0.259883055" lbTx="0.25988393" tId="4" fbRx="0.259883055" lbRx="0.25988393" />
<p fId="3" fbTx="0.259982096" lbTx="0.25998218" tId="0" fbRx="0.269982096" lbRx="0.26998218" />
<p fId="0" fbTx="0.25998218" lbTx="0.259983055" tId="1" fbRx="0.25998218" lbRx="0.259983055" />
<p fId="1" fbTx="0.259983055" lbTx="0.25998393" tId="4" fbRx="0.259983055" lbRx="0.25998393" />
<p fId="3" fbTx="0.260082096" lbTx="0.26008218" tId="0" fbRx="0.270082096" lbRx="0.27008218" />
<p fId="0" fbTx="0.26008218" lbTx="0.260083055" tId="1" fbRx="0.26008218" lbRx="0.260083055" />
<p fId="1" fbTx="0.260083055" lbTx="0.26008393" tId="4" fbRx="0.260083055" lbRx="0.26008393" />
<p fId="3" fbTx="0.260182096" lbTx="0.26018218" tId="0" fbRx="0.270182096" lbRx="0.27018218" />
<p fId="0" fbTx="0.26018218" lbTx="0.260183055" tId="1" fbRx="0.26018218" lbRx="0.260183055" />
<p fId="1" fbTx="0.260183055" lbTx="0.26018393" tId="4" fbRx="0.260183055" lbRx="0.26018393" />
<pr uId="238" fId="4" fbTx="0.260214286" />
<wpr uId="238" tId="5" fbRx="0.260214286" lbRx="0" />
<wpr uId="238" tId="6" fbRx="0.260214286" lbRx="0" />
<p fId="3" fbTx="0.260282096" lbTx="0.26028218" tId="0" fbRx="0.270282096" lbRx="0.27028218" />
<p fId="0" fbTx="0.26028218" lbTx="0.260283055" tId="1" fbRx="0.26028218" lbRx="0.260283055" />
<p fId="1" fbTx="0.260283055" lbTx="0.26028393" tId="4" fbRx="0.260283055" lbRx="0.26028393" />
<p fId="3" fbTx="0.260382096" lbTx="0.26038218" tId="0" fbRx="0.270382096" lbRx="0.27038218" />
<p fId="0" fbTx="0.26038218" lbTx="0.260383055" tId="1" fbRx="0.26038218" lbRx="0.260383055" />
<p fId="1" fbTx="0.260383055" lbTx="0.26038393" tId="4" fbRx="0.260383055" lbRx="0.26038393" />
<p fId="3" fbTx="0.260482096" lbTx="0.26048218" tId="0" fbRx="0.270482096" lbRx="0.27048218" />
<p fId="0" fbTx="0.26048218" lbTx="0.260483055" tId="1" fbRx="0.26048218" lbRx="0.260483055" />
<p fId="1" fbTx="0.260483055" lbTx="0.26048393" tId="4" fbRx="0.260483055" lbRx="0.26048393" />
<p fId="3" fbTx="0.260582096" lbTx="0.26058218" tId="0" fbRx="0.270582096" lbRx="0.27058218" />
<p fId="0" fbTx="0.26058218" lbTx="0.260583055" tId="1" fbRx="0.26058218" lbRx="0.260583055" />
<p fId="1" fbTx="0.260583055" lbTx="0.26058393" tId="4" fbRx="0.260583055" lbRx="0.26058393" />
<p fId="3" fbTx="0.260682096" lbTx="0.26068218" tId="0" fbRx="0.270682096" lbRx="0.27068218" />
<p fId="0" fbTx="0.26068218" lbTx="0.260683055" tId="1" fbRx="0.26068218" lbRx="0.260683055" />
<p fId="1" fbTx="0.260683055" lbTx="0.26068393" tId="4" fbRx="0.260683055" lbRx="0.26068393" />
<p fId="3" fbTx="0.260782096" lbTx="0.26078218" tId="0" fbRx="0.270782096" lbRx="0.27078218" />
<p fId="0" fbTx="0.26078218" lbTx="0.260783055" tId="1" fbRx="0.26078218" lbRx="0.260783055" />
<p fId="1" fbTx="0.260783055" lbTx="0.26078393" tId="4" fbRx="0.260783055" lbRx="0.26078393" />
<p fId="3" fbTx="0.260882096" lbTx="0.26088218" tId="0" fbRx="0.270882096" lbRx="0.27088218" />
<p fId="0" fbTx="0.26088218" lbTx="0.260883055" tId="1" fbRx="0.26088218" lbRx="0.260883055" />
<p fId="1" fbTx="0.260883055" lbTx="0.26088393" tId="4" fbRx="0.260883055" lbRx="0.26088393" />
<p fId="3" fbTx="0.260982096" lbTx="0.26098218" tId="0" fbRx="0.270982096" lbRx="0.27098218" />
<p fId="0" fbTx="0.26098218" lbTx="0.260983055" tId="1" fbRx="0.26098218" lbRx="0.260983055" />
<p fId="1" fbTx="0.260983055" lbTx="0.26098393" tId="4" fbRx="0.260983055" lbRx="0.26098393" />
<p fId="3" fbTx="0.261082096" lbTx="0.26108218" tId="0" fbRx="0.271082096" lbRx="0.27108218" />
<p fId="0" fbTx="0.26108218" lbTx="0.261083055" tId="1" fbRx="0.26108218" lbRx="0.261083055" />
<p fId="1" fbTx="0.261083055" lbTx="0.26108393" tId="4" fbRx="0.261083055" lbRx="0.26108393" />
<p fId="3" fbTx="0.261182096" lbTx="0.26118218" tId="0" fbRx="0.271182096" lbRx="0.27118218" />
<p fId="0" fbTx="0.26118218" lbTx="0.261183055" tId="1" fbRx="0.26118218" lbRx="0.261183055" />
<p fId="1" fbTx="0.261183055" lbTx="0.26118393" tId="4" fbRx="0.261183055" lbRx="0.26118393" />
<pr uId="239" fId="4" fbTx="0.261214286" />
<wpr uId="239" tId="5" fbRx="0.261214286" lbRx="0" />
<wpr uId="239" tId="6" fbRx="0.261214286" lbRx="0" />
<p fId="3" fbTx="0.261282096" lbTx="0.26128218" tId="0" fbRx="0.271282096" lbRx="0.27128218" />
<p fId="0" fbTx="0.26128218" lbTx="0.261283055" tId="1" fbRx="0.26128218" lbRx="0.261283055" />
<p fId="1" fbTx="0.261283055" lbTx="0.26128393" tId="4" fbRx="0.261283055" lbRx="0.26128393" />
<p fId="3" fbTx="0.261382096" lbTx="0.26138218" tId="0" fbRx="0.271382096" lbRx="0.27138218" />
<p fId="0" fbTx="0.26138218" lbTx="0.261383055" tId="1" fbRx="0.26138218" lbRx="0.261383055" />
<p fId="1" fbTx="0.261383055" lbTx="0.26138393" tId="4" fbRx="0.261383055" lbRx="0.26138393" />
<p fId="3" fbTx="0.261482096" lbTx="0.26148218" tId="0" fbRx="0.271482096" lbRx="0.27148218" />
<p fId="0" fbTx="0.26148218" lbTx="0.261483055" tId="1" fbRx="0.26148218" lbRx="0.261483055" />
<p fId="1" fbTx="0.261483055" lbTx="0.26148393" tId="4" fbRx="0.261483055" lbRx="0.26148393" />
<p fId="3" fbTx="0.261582096" lbTx="0.26158218" tId="0" fbRx="0.271582096" lbRx="0.27158218" />
<p fId="0" fbTx="0.26158218" lbTx="0.261583055" tId="1" fbRx="0.26158218" lbRx="0.261583055" />
<p fId="1" fbTx="0.261583055" lbTx="0.26158393" tId="4" fbRx="0.261583055" lbRx="0.26158393" />
<p fId="3" fbTx="0.261682096" lbTx="0.26168218" tId="0" fbRx="0.271682096" lbRx="0.27168218" />
<p fId="0" fbTx="0.26168218" lbTx="0.261683055" tId="1" fbRx="0.26168218" lbRx="0.261683055" />
<p fId="1" fbTx="0.261683055" lbTx="0.26168393" tId="4" fbRx="0.261683055" lbRx="0.26168393" />
<p fId="3" fbTx="0.261782096" lbTx="0.26178218" tId="0" fbRx="0.271782096" lbRx="0.27178218" />
<p fId="0" fbTx="0.26178218" lbTx="0.261783055" tId="1" fbRx="0.26178218" lbRx="0.261783055" />
<p fId="1" fbTx="0.261783055" lbTx="0.26178393" tId="4" fbRx="0.261783055" lbRx="0.26178393" />
<p fId="3" fbTx="0.261882096" lbTx="0.26188218" tId="0" fbRx="0.271882096" lbRx="0.27188218" />
<p fId="0" fbTx="0.26188218" lbTx="0.261883055" tId="1" fbRx="0.26188218" lbRx="0.261883055" />
<p fId="1" fbTx="0.261883055" lbTx="0.26188393" tId="4" fbRx="0.261883055" lbRx="0.26188393" />
<p fId="3" fbTx="0.261982096" lbTx="0.26198218" tId="0" fbRx="0.271982096" lbRx="0.27198218" />
<p fId="0" fbTx="0.26198218" lbTx="0.261983055" tId="1" fbRx="0.26198218" lbRx="0.261983055" />
<p fId="1" fbTx="0.261983055" lbTx="0.26198393" tId="4" fbRx="0.261983055" lbRx="0.26198393" />
<p fId="3" fbTx="0.262082096" lbTx="0.26208218" tId="0" fbRx="0.272082096" lbRx="0.27208218" />
<p fId="0" fbTx="0.26208218" lbTx="0.262083055" tId="1" fbRx="0.26208218" lbRx="0.262083055" />
<p fId="1" fbTx="0.262083055" lbTx="0.26208393" tId="4" fbRx="0.262083055" lbRx="0.26208393" />
<p fId="3" fbTx="0.262182096" lbTx="0.26218218" tId="0" fbRx="0.272182096" lbRx="0.27218218" />
<p fId="0" fbTx="0.26218218" lbTx="0.262183055" tId="1" fbRx="0.26218218" lbRx="0.262183055" />
<p fId="1" fbTx="0.262183055" lbTx="0.26218393" tId="4" fbRx="0.262183055" lbRx="0.26218393" />
<pr uId="240" fId="4" fbTx="0.262214286" />
<wpr uId="240" tId="5" fbRx="0.262214286" lbRx="0" />
<wpr uId="240" tId="6" fbRx="0.262214286" lbRx="0" />
<p fId="3" fbTx="0.262282096" lbTx="0.26228218" tId="0" fbRx="0.272282096" lbRx="0.27228218" />
<p fId="0" fbTx="0.26228218" lbTx="0.262283055" tId="1" fbRx="0.26228218" lbRx="0.262283055" />
<p fId="1" fbTx="0.262283055" lbTx="0.26228393" tId="4" fbRx="0.262283055" lbRx="0.26228393" />
<p fId="3" fbTx="0.262382096" lbTx="0.26238218" tId="0" fbRx="0.272382096" lbRx="0.27238218" />
<p fId="0" fbTx="0.26238218" lbTx="0.262383055" tId="1" fbRx="0.26238218" lbRx="0.262383055" />
<p fId="1" fbTx="0.262383055" lbTx="0.26238393" tId="4" fbRx="0.262383055" lbRx="0.26238393" />
<p fId="3" fbTx="0.262482096" lbTx="0.26248218" tId="0" fbRx="0.272482096" lbRx="0.27248218" />
<p fId="0" fbTx="0.26248218" lbTx="0.262483055" tId="1" fbRx="0.26248218" lbRx="0.262483055" />
<p fId="1" fbTx="0.262483055" lbTx="0.26248393" tId="4" fbRx="0.262483055" lbRx="0.26248393" />
<p fId="3" fbTx="0.262582096" lbTx="0.26258218" tId="0" fbRx="0.272582096" lbRx="0.27258218" />
<p fId="0" fbTx="0.26258218" lbTx="0.262583055" tId="1" fbRx="0.26258218" lbRx="0.262583055" />
<p fId="1" fbTx="0.262583055" lbTx="0.26258393" tId="4" fbRx="0.262583055" lbRx="0.26258393" />
<p fId="3" fbTx="0.262682096" lbTx="0.26268218" tId="0" fbRx="0.272682096" lbRx="0.27268218" />
<p fId="0" fbTx="0.26268218" lbTx="0.262683055" tId="1" fbRx="0.26268218" lbRx="0.262683055" />
<p fId="1" fbTx="0.262683055" lbTx="0.26268393" tId="4" fbRx="0.262683055" lbRx="0.26268393" />
<p fId="3" fbTx="0.262782096" lbTx="0.26278218" tId="0" fbRx="0.272782096" lbRx="0.27278218" />
<p fId="0" fbTx="0.26278218" lbTx="0.262783055" tId="1" fbRx="0.26278218" lbRx="0.262783055" />
<p fId="1" fbTx="0.262783055" lbTx="0.26278393" tId="4" fbRx="0.262783055" lbRx="0.26278393" />
<p fId="3" fbTx="0.262882096" lbTx="0.26288218" tId="0" fbRx="0.272882096" lbRx="0.27288218" />
<p fId="0" fbTx="0.26288218" lbTx="0.262883055" tId="1" fbRx="0.26288218" lbRx="0.262883055" />
<p fId="1" fbTx="0.262883055" lbTx="0.26288393" tId="4" fbRx="0.262883055" lbRx="0.26288393" />
<p fId="3" fbTx="0.262982096" lbTx="0.26298218" tId="0" fbRx="0.272982096" lbRx="0.27298218" />
<p fId="0" fbTx="0.26298218" lbTx="0.262983055" tId="1" fbRx="0.26298218" lbRx="0.262983055" />
<p fId="1" fbTx="0.262983055" lbTx="0.26298393" tId="4" fbRx="0.262983055" lbRx="0.26298393" />
<p fId="3" fbTx="0.263082096" lbTx="0.26308218" tId="0" fbRx="0.273082096" lbRx="0.27308218" />
<p fId="0" fbTx="0.26308218" lbTx="0.263083055" tId="1" fbRx="0.26308218" lbRx="0.263083055" />
<p fId="1" fbTx="0.263083055" lbTx="0.26308393" tId="4" fbRx="0.263083055" lbRx="0.26308393" />
<p fId="3" fbTx="0.263182096" lbTx="0.26318218" tId="0" fbRx="0.273182096" lbRx="0.27318218" />
<p fId="0" fbTx="0.26318218" lbTx="0.263183055" tId="1" fbRx="0.26318218" lbRx="0.263183055" />
<p fId="1" fbTx="0.263183055" lbTx="0.26318393" tId="4" fbRx="0.263183055" lbRx="0.26318393" />
<pr uId="241" fId="4" fbTx="0.263214286" />
<wpr uId="241" tId="5" fbRx="0.263214286" lbRx="0" />
<wpr uId="241" tId="6" fbRx="0.263214286" lbRx="0" />
<p fId="3" fbTx="0.263282096" lbTx="0.26328218" tId="0" fbRx="0.273282096" lbRx="0.27328218" />
<p fId="0" fbTx="0.26328218" lbTx="0.263283055" tId="1" fbRx="0.26328218" lbRx="0.263283055" />
<p fId="1" fbTx="0.263283055" lbTx="0.26328393" tId="4" fbRx="0.263283055" lbRx="0.26328393" />
<p fId="3" fbTx="0.263382096" lbTx="0.26338218" tId="0" fbRx="0.273382096" lbRx="0.27338218" />
<p fId="0" fbTx="0.26338218" lbTx="0.263383055" tId="1" fbRx="0.26338218" lbRx="0.263383055" />
<p fId="1" fbTx="0.263383055" lbTx="0.26338393" tId="4" fbRx="0.263383055" lbRx="0.26338393" />
<p fId="3" fbTx="0.263482096" lbTx="0.26348218" tId="0" fbRx="0.273482096" lbRx="0.27348218" />
<p fId="0" fbTx="0.26348218" lbTx="0.263483055" tId="1" fbRx="0.26348218" lbRx="0.263483055" />
<p fId="1" fbTx="0.263483055" lbTx="0.26348393" tId="4" fbRx="0.263483055" lbRx="0.26348393" />
<p fId="3" fbTx="0.263582096" lbTx="0.26358218" tId="0" fbRx="0.273582096" lbRx="0.27358218" />
<p fId="0" fbTx="0.26358218" lbTx="0.263583055" tId="1" fbRx="0.26358218" lbRx="0.263583055" />
<p fId="1" fbTx="0.263583055" lbTx="0.26358393" tId="4" fbRx="0.263583055" lbRx="0.26358393" />
<p fId="3" fbTx="0.263682096" lbTx="0.26368218" tId="0" fbRx="0.273682096" lbRx="0.27368218" />
<p fId="0" fbTx="0.26368218" lbTx="0.263683055" tId="1" fbRx="0.26368218" lbRx="0.263683055" />
<p fId="1" fbTx="0.263683055" lbTx="0.26368393" tId="4" fbRx="0.263683055" lbRx="0.26368393" />
<p fId="3" fbTx="0.263782096" lbTx="0.26378218" tId="0" fbRx="0.273782096" lbRx="0.27378218" />
<p fId="0" fbTx="0.26378218" lbTx="0.263783055" tId="1" fbRx="0.26378218" lbRx="0.263783055" />
<p fId="1" fbTx="0.263783055" lbTx="0.26378393" tId="4" fbRx="0.263783055" lbRx="0.26378393" />
<p fId="3" fbTx="0.263882096" lbTx="0.26388218" tId="0" fbRx="0.273882096" lbRx="0.27388218" />
<p fId="0" fbTx="0.26388218" lbTx="0.263883055" tId="1" fbRx="0.26388218" lbRx="0.263883055" />
<p fId="1" fbTx="0.263883055" lbTx="0.26388393" tId="4" fbRx="0.263883055" lbRx="0.26388393" />
<p fId="3" fbTx="0.263982096" lbTx="0.26398218" tId="0" fbRx="0.273982096" lbRx="0.27398218" />
<p fId="0" fbTx="0.26398218" lbTx="0.263983055" tId="1" fbRx="0.26398218" lbRx="0.263983055" />
<p fId="1" fbTx="0.263983055" lbTx="0.26398393" tId="4" fbRx="0.263983055" lbRx="0.26398393" />
<p fId="3" fbTx="0.264082096" lbTx="0.26408218" tId="0" fbRx="0.274082096" lbRx="0.27408218" />
<p fId="0" fbTx="0.26408218" lbTx="0.264083055" tId="1" fbRx="0.26408218" lbRx="0.264083055" />
<p fId="1" fbTx="0.264083055" lbTx="0.26408393" tId="4" fbRx="0.264083055" lbRx="0.26408393" />
<p fId="3" fbTx="0.264182096" lbTx="0.26418218" tId="0" fbRx="0.274182096" lbRx="0.27418218" />
<p fId="0" fbTx="0.26418218" lbTx="0.264183055" tId="1" fbRx="0.26418218" lbRx="0.264183055" />
<p fId="1" fbTx="0.264183055" lbTx="0.26418393" tId="4" fbRx="0.264183055" lbRx="0.26418393" />
<pr uId="242" fId="4" fbTx="0.264214286" />
<wpr uId="242" tId="5" fbRx="0.264214286" lbRx="0" />
<wpr uId="242" tId="6" fbRx="0.264214286" lbRx="0" />
<p fId="3" fbTx="0.264282096" lbTx="0.26428218" tId="0" fbRx="0.274282096" lbRx="0.27428218" />
<p fId="0" fbTx="0.26428218" lbTx="0.264283055" tId="1" fbRx="0.26428218" lbRx="0.264283055" />
<p fId="1" fbTx="0.264283055" lbTx="0.26428393" tId="4" fbRx="0.264283055" lbRx="0.26428393" />
<p fId="3" fbTx="0.264382096" lbTx="0.26438218" tId="0" fbRx="0.274382096" lbRx="0.27438218" />
<p fId="0" fbTx="0.26438218" lbTx="0.264383055" tId="1" fbRx="0.26438218" lbRx="0.264383055" />
<p fId="1" fbTx="0.264383055" lbTx="0.26438393" tId="4" fbRx="0.264383055" lbRx="0.26438393" />
<p fId="3" fbTx="0.264482096" lbTx="0.26448218" tId="0" fbRx="0.274482096" lbRx="0.27448218" />
<p fId="0" fbTx="0.26448218" lbTx="0.264483055" tId="1" fbRx="0.26448218" lbRx="0.264483055" />
<p fId="1" fbTx="0.264483055" lbTx="0.26448393" tId="4" fbRx="0.264483055" lbRx="0.26448393" />
<p fId="3" fbTx="0.264582096" lbTx="0.26458218" tId="0" fbRx="0.274582096" lbRx="0.27458218" />
<p fId="0" fbTx="0.26458218" lbTx="0.264583055" tId="1" fbRx="0.26458218" lbRx="0.264583055" />
<p fId="1" fbTx="0.264583055" lbTx="0.26458393" tId="4" fbRx="0.264583055" lbRx="0.26458393" />
<p fId="3" fbTx="0.264682096" lbTx="0.26468218" tId="0" fbRx="0.274682096" lbRx="0.27468218" />
<p fId="0" fbTx="0.26468218" lbTx="0.264683055" tId="1" fbRx="0.26468218" lbRx="0.264683055" />
<p fId="1" fbTx="0.264683055" lbTx="0.26468393" tId="4" fbRx="0.264683055" lbRx="0.26468393" />
<p fId="3" fbTx="0.264782096" lbTx="0.26478218" tId="0" fbRx="0.274782096" lbRx="0.27478218" />
<p fId="0" fbTx="0.26478218" lbTx="0.264783055" tId="1" fbRx="0.26478218" lbRx="0.264783055" />
<p fId="1" fbTx="0.264783055" lbTx="0.26478393" tId="4" fbRx="0.264783055" lbRx="0.26478393" />
<p fId="3" fbTx="0.264882096" lbTx="0.26488218" tId="0" fbRx="0.274882096" lbRx="0.27488218" />
<p fId="0" fbTx="0.26488218" lbTx="0.264883055" tId="1" fbRx="0.26488218" lbRx="0.264883055" />
<p fId="1" fbTx="0.264883055" lbTx="0.26488393" tId="4" fbRx="0.264883055" lbRx="0.26488393" />
<p fId="3" fbTx="0.264982096" lbTx="0.26498218" tId="0" fbRx="0.274982096" lbRx="0.27498218" />
<p fId="0" fbTx="0.26498218" lbTx="0.264983055" tId="1" fbRx="0.26498218" lbRx="0.264983055" />
<p fId="1" fbTx="0.264983055" lbTx="0.26498393" tId="4" fbRx="0.264983055" lbRx="0.26498393" />
<p fId="3" fbTx="0.265082096" lbTx="0.26508218" tId="0" fbRx="0.275082096" lbRx="0.27508218" />
<p fId="0" fbTx="0.26508218" lbTx="0.265083055" tId="1" fbRx="0.26508218" lbRx="0.265083055" />
<p fId="1" fbTx="0.265083055" lbTx="0.26508393" tId="4" fbRx="0.265083055" lbRx="0.26508393" />
<p fId="3" fbTx="0.265182096" lbTx="0.26518218" tId="0" fbRx="0.275182096" lbRx="0.27518218" />
<p fId="0" fbTx="0.26518218" lbTx="0.265183055" tId="1" fbRx="0.26518218" lbRx="0.265183055" />
<p fId="1" fbTx="0.265183055" lbTx="0.26518393" tId="4" fbRx="0.265183055" lbRx="0.26518393" />
<pr uId="243" fId="4" fbTx="0.265214286" />
<wpr uId="243" tId="5" fbRx="0.265214286" lbRx="0" />
<wpr uId="243" tId="6" fbRx="0.265214286" lbRx="0" />
<p fId="3" fbTx="0.265282096" lbTx="0.26528218" tId="0" fbRx="0.275282096" lbRx="0.27528218" />
<p fId="0" fbTx="0.26528218" lbTx="0.265283055" tId="1" fbRx="0.26528218" lbRx="0.265283055" />
<p fId="1" fbTx="0.265283055" lbTx="0.26528393" tId="4" fbRx="0.265283055" lbRx="0.26528393" />
<p fId="3" fbTx="0.265382096" lbTx="0.26538218" tId="0" fbRx="0.275382096" lbRx="0.27538218" />
<p fId="0" fbTx="0.26538218" lbTx="0.265383055" tId="1" fbRx="0.26538218" lbRx="0.265383055" />
<p fId="1" fbTx="0.265383055" lbTx="0.26538393" tId="4" fbRx="0.265383055" lbRx="0.26538393" />
<p fId="3" fbTx="0.265482096" lbTx="0.26548218" tId="0" fbRx="0.275482096" lbRx="0.27548218" />
<p fId="0" fbTx="0.26548218" lbTx="0.265483055" tId="1" fbRx="0.26548218" lbRx="0.265483055" />
<p fId="1" fbTx="0.265483055" lbTx="0.26548393" tId="4" fbRx="0.265483055" lbRx="0.26548393" />
<p fId="3" fbTx="0.265582096" lbTx="0.26558218" tId="0" fbRx="0.275582096" lbRx="0.27558218" />
<p fId="0" fbTx="0.26558218" lbTx="0.265583055" tId="1" fbRx="0.26558218" lbRx="0.265583055" />
<p fId="1" fbTx="0.265583055" lbTx="0.26558393" tId="4" fbRx="0.265583055" lbRx="0.26558393" />
<p fId="3" fbTx="0.265682096" lbTx="0.26568218" tId="0" fbRx="0.275682096" lbRx="0.27568218" />
<p fId="0" fbTx="0.26568218" lbTx="0.265683055" tId="1" fbRx="0.26568218" lbRx="0.265683055" />
<p fId="1" fbTx="0.265683055" lbTx="0.26568393" tId="4" fbRx="0.265683055" lbRx="0.26568393" />
<p fId="3" fbTx="0.265782096" lbTx="0.26578218" tId="0" fbRx="0.275782096" lbRx="0.27578218" />
<p fId="0" fbTx="0.26578218" lbTx="0.265783055" tId="1" fbRx="0.26578218" lbRx="0.265783055" />
<p fId="1" fbTx="0.265783055" lbTx="0.26578393" tId="4" fbRx="0.265783055" lbRx="0.26578393" />
<p fId="3" fbTx="0.265882096" lbTx="0.26588218" tId="0" fbRx="0.275882096" lbRx="0.27588218" />
<p fId="0" fbTx="0.26588218" lbTx="0.265883055" tId="1" fbRx="0.26588218" lbRx="0.265883055" />
<p fId="1" fbTx="0.265883055" lbTx="0.26588393" tId="4" fbRx="0.265883055" lbRx="0.26588393" />
<p fId="3" fbTx="0.265982096" lbTx="0.26598218" tId="0" fbRx="0.275982096" lbRx="0.27598218" />
<p fId="0" fbTx="0.26598218" lbTx="0.265983055" tId="1" fbRx="0.26598218" lbRx="0.265983055" />
<p fId="1" fbTx="0.265983055" lbTx="0.26598393" tId="4" fbRx="0.265983055" lbRx="0.26598393" />
<p fId="3" fbTx="0.266082096" lbTx="0.26608218" tId="0" fbRx="0.276082096" lbRx="0.27608218" />
<p fId="0" fbTx="0.26608218" lbTx="0.266083055" tId="1" fbRx="0.26608218" lbRx="0.266083055" />
<p fId="1" fbTx="0.266083055" lbTx="0.26608393" tId="4" fbRx="0.266083055" lbRx="0.26608393" />
<p fId="3" fbTx="0.266182096" lbTx="0.26618218" tId="0" fbRx="0.276182096" lbRx="0.27618218" />
<p fId="0" fbTx="0.26618218" lbTx="0.266183055" tId="1" fbRx="0.26618218" lbRx="0.266183055" />
<p fId="1" fbTx="0.266183055" lbTx="0.26618393" tId="4" fbRx="0.266183055" lbRx="0.26618393" />
<pr uId="244" fId="4" fbTx="0.266214286" />
<wpr uId="244" tId="5" fbRx="0.266214286" lbRx="0" />
<wpr uId="244" tId="6" fbRx="0.266214286" lbRx="0" />
<p fId="3" fbTx="0.266282096" lbTx="0.26628218" tId="0" fbRx="0.276282096" lbRx="0.27628218" />
<p fId="0" fbTx="0.26628218" lbTx="0.266283055" tId="1" fbRx="0.26628218" lbRx="0.266283055" />
<p fId="1" fbTx="0.266283055" lbTx="0.26628393" tId="4" fbRx="0.266283055" lbRx="0.26628393" />
<p fId="3" fbTx="0.266382096" lbTx="0.26638218" tId="0" fbRx="0.276382096" lbRx="0.27638218" />
<p fId="0" fbTx="0.26638218" lbTx="0.266383055" tId="1" fbRx="0.26638218" lbRx="0.266383055" />
<p fId="1" fbTx="0.266383055" lbTx="0.26638393" tId="4" fbRx="0.266383055" lbRx="0.26638393" />
<p fId="3" fbTx="0.266482096" lbTx="0.26648218" tId="0" fbRx="0.276482096" lbRx="0.27648218" />
<p fId="0" fbTx="0.26648218" lbTx="0.266483055" tId="1" fbRx="0.26648218" lbRx="0.266483055" />
<p fId="1" fbTx="0.266483055" lbTx="0.26648393" tId="4" fbRx="0.266483055" lbRx="0.26648393" />
<p fId="3" fbTx="0.266582096" lbTx="0.26658218" tId="0" fbRx="0.276582096" lbRx="0.27658218" />
<p fId="0" fbTx="0.26658218" lbTx="0.266583055" tId="1" fbRx="0.26658218" lbRx="0.266583055" />
<p fId="1" fbTx="0.266583055" lbTx="0.26658393" tId="4" fbRx="0.266583055" lbRx="0.26658393" />
<p fId="3" fbTx="0.266682096" lbTx="0.26668218" tId="0" fbRx="0.276682096" lbRx="0.27668218" />
<p fId="0" fbTx="0.26668218" lbTx="0.266683055" tId="1" fbRx="0.26668218" lbRx="0.266683055" />
<p fId="1" fbTx="0.266683055" lbTx="0.26668393" tId="4" fbRx="0.266683055" lbRx="0.26668393" />
<p fId="3" fbTx="0.266782096" lbTx="0.26678218" tId="0" fbRx="0.276782096" lbRx="0.27678218" />
<p fId="0" fbTx="0.26678218" lbTx="0.266783055" tId="1" fbRx="0.26678218" lbRx="0.266783055" />
<p fId="1" fbTx="0.266783055" lbTx="0.26678393" tId="4" fbRx="0.266783055" lbRx="0.26678393" />
<p fId="3" fbTx="0.266882096" lbTx="0.26688218" tId="0" fbRx="0.276882096" lbRx="0.27688218" />
<p fId="0" fbTx="0.26688218" lbTx="0.266883055" tId="1" fbRx="0.26688218" lbRx="0.266883055" />
<p fId="1" fbTx="0.266883055" lbTx="0.26688393" tId="4" fbRx="0.266883055" lbRx="0.26688393" />
<p fId="3" fbTx="0.266982096" lbTx="0.26698218" tId="0" fbRx="0.276982096" lbRx="0.27698218" />
<p fId="0" fbTx="0.26698218" lbTx="0.266983055" tId="1" fbRx="0.26698218" lbRx="0.266983055" />
<p fId="1" fbTx="0.266983055" lbTx="0.26698393" tId="4" fbRx="0.266983055" lbRx="0.26698393" />
<p fId="3" fbTx="0.267082096" lbTx="0.26708218" tId="0" fbRx="0.277082096" lbRx="0.27708218" />
<p fId="0" fbTx="0.26708218" lbTx="0.267083055" tId="1" fbRx="0.26708218" lbRx="0.267083055" />
<p fId="1" fbTx="0.267083055" lbTx="0.26708393" tId="4" fbRx="0.267083055" lbRx="0.26708393" />
<p fId="3" fbTx="0.267182096" lbTx="0.26718218" tId="0" fbRx="0.277182096" lbRx="0.27718218" />
<p fId="0" fbTx="0.26718218" lbTx="0.267183055" tId="1" fbRx="0.26718218" lbRx="0.267183055" />
<p fId="1" fbTx="0.267183055" lbTx="0.26718393" tId="4" fbRx="0.267183055" lbRx="0.26718393" />
<pr uId="245" fId="4" fbTx="0.267214286" />
<wpr uId="245" tId="5" fbRx="0.267214286" lbRx="0" />
<wpr uId="245" tId="6" fbRx="0.267214286" lbRx="0" />
<p fId="3" fbTx="0.267282096" lbTx="0.26728218" tId="0" fbRx="0.277282096" lbRx="0.27728218" />
<p fId="0" fbTx="0.26728218" lbTx="0.267283055" tId="1" fbRx="0.26728218" lbRx="0.267283055" />
<p fId="1" fbTx="0.267283055" lbTx="0.26728393" tId="4" fbRx="0.267283055" lbRx="0.26728393" />
<p fId="3" fbTx="0.267382096" lbTx="0.26738218" tId="0" fbRx="0.277382096" lbRx="0.27738218" />
<p fId="0" fbTx="0.26738218" lbTx="0.267383055" tId="1" fbRx="0.26738218" lbRx="0.267383055" />
<p fId="1" fbTx="0.267383055" lbTx="0.26738393" tId="4" fbRx="0.267383055" lbRx="0.26738393" />
<p fId="3" fbTx="0.267482096" lbTx="0.26748218" tId="0" fbRx="0.277482096" lbRx="0.27748218" />
<p fId="0" fbTx="0.26748218" lbTx="0.267483055" tId="1" fbRx="0.26748218" lbRx="0.267483055" />
<p fId="1" fbTx="0.267483055" lbTx="0.26748393" tId="4" fbRx="0.267483055" lbRx="0.26748393" />
<p fId="3" fbTx="0.267582096" lbTx="0.26758218" tId="0" fbRx="0.277582096" lbRx="0.27758218" />
<p fId="0" fbTx="0.26758218" lbTx="0.267583055" tId="1" fbRx="0.26758218" lbRx="0.267583055" />
<p fId="1" fbTx="0.267583055" lbTx="0.26758393" tId="4" fbRx="0.267583055" lbRx="0.26758393" />
<p fId="3" fbTx="0.267682096" lbTx="0.26768218" tId="0" fbRx="0.277682096" lbRx="0.27768218" />
<p fId="0" fbTx="0.26768218" lbTx="0.267683055" tId="1" fbRx="0.26768218" lbRx="0.267683055" />
<p fId="1" fbTx="0.267683055" lbTx="0.26768393" tId="4" fbRx="0.267683055" lbRx="0.26768393" />
<p fId="3" fbTx="0.267782096" lbTx="0.26778218" tId="0" fbRx="0.277782096" lbRx="0.27778218" />
<p fId="0" fbTx="0.26778218" lbTx="0.267783055" tId="1" fbRx="0.26778218" lbRx="0.267783055" />
<p fId="1" fbTx="0.267783055" lbTx="0.26778393" tId="4" fbRx="0.267783055" lbRx="0.26778393" />
<p fId="3" fbTx="0.267882096" lbTx="0.26788218" tId="0" fbRx="0.277882096" lbRx="0.27788218" />
<p fId="0" fbTx="0.26788218" lbTx="0.267883055" tId="1" fbRx="0.26788218" lbRx="0.267883055" />
<p fId="1" fbTx="0.267883055" lbTx="0.26788393" tId="4" fbRx="0.267883055" lbRx="0.26788393" />
<p fId="3" fbTx="0.267982096" lbTx="0.26798218" tId="0" fbRx="0.277982096" lbRx="0.27798218" />
<p fId="0" fbTx="0.26798218" lbTx="0.267983055" tId="1" fbRx="0.26798218" lbRx="0.267983055" />
<p fId="1" fbTx="0.267983055" lbTx="0.26798393" tId="4" fbRx="0.267983055" lbRx="0.26798393" />
<p fId="3" fbTx="0.268082096" lbTx="0.26808218" tId="0" fbRx="0.278082096" lbRx="0.27808218" />
<p fId="0" fbTx="0.26808218" lbTx="0.268083055" tId="1" fbRx="0.26808218" lbRx="0.268083055" />
<p fId="1" fbTx="0.268083055" lbTx="0.26808393" tId="4" fbRx="0.268083055" lbRx="0.26808393" />
<p fId="3" fbTx="0.268182096" lbTx="0.26818218" tId="0" fbRx="0.278182096" lbRx="0.27818218" />
<p fId="0" fbTx="0.26818218" lbTx="0.268183055" tId="1" fbRx="0.26818218" lbRx="0.268183055" />
<p fId="1" fbTx="0.268183055" lbTx="0.26818393" tId="4" fbRx="0.268183055" lbRx="0.26818393" />
<pr uId="246" fId="4" fbTx="0.268214286" />
<wpr uId="246" tId="5" fbRx="0.268214286" lbRx="0" />
<wpr uId="246" tId="6" fbRx="0.268214286" lbRx="0" />
<p fId="3" fbTx="0.268282096" lbTx="0.26828218" tId="0" fbRx="0.278282096" lbRx="0.27828218" />
<p fId="0" fbTx="0.26828218" lbTx="0.268283055" tId="1" fbRx="0.26828218" lbRx="0.268283055" />
<p fId="1" fbTx="0.268283055" lbTx="0.26828393" tId="4" fbRx="0.268283055" lbRx="0.26828393" />
<p fId="3" fbTx="0.268382096" lbTx="0.26838218" tId="0" fbRx="0.278382096" lbRx="0.27838218" />
<p fId="0" fbTx="0.26838218" lbTx="0.268383055" tId="1" fbRx="0.26838218" lbRx="0.268383055" />
<p fId="1" fbTx="0.268383055" lbTx="0.26838393" tId="4" fbRx="0.268383055" lbRx="0.26838393" />
<p fId="3" fbTx="0.268482096" lbTx="0.26848218" tId="0" fbRx="0.278482096" lbRx="0.27848218" />
<p fId="0" fbTx="0.26848218" lbTx="0.268483055" tId="1" fbRx="0.26848218" lbRx="0.268483055" />
<p fId="1" fbTx="0.268483055" lbTx="0.26848393" tId="4" fbRx="0.268483055" lbRx="0.26848393" />
<p fId="3" fbTx="0.268582096" lbTx="0.26858218" tId="0" fbRx="0.278582096" lbRx="0.27858218" />
<p fId="0" fbTx="0.26858218" lbTx="0.268583055" tId="1" fbRx="0.26858218" lbRx="0.268583055" />
<p fId="1" fbTx="0.268583055" lbTx="0.26858393" tId="4" fbRx="0.268583055" lbRx="0.26858393" />
<p fId="3" fbTx="0.268682096" lbTx="0.26868218" tId="0" fbRx="0.278682096" lbRx="0.27868218" />
<p fId="0" fbTx="0.26868218" lbTx="0.268683055" tId="1" fbRx="0.26868218" lbRx="0.268683055" />
<p fId="1" fbTx="0.268683055" lbTx="0.26868393" tId="4" fbRx="0.268683055" lbRx="0.26868393" />
<p fId="3" fbTx="0.268782096" lbTx="0.26878218" tId="0" fbRx="0.278782096" lbRx="0.27878218" />
<p fId="0" fbTx="0.26878218" lbTx="0.268783055" tId="1" fbRx="0.26878218" lbRx="0.268783055" />
<p fId="1" fbTx="0.268783055" lbTx="0.26878393" tId="4" fbRx="0.268783055" lbRx="0.26878393" />
<p fId="3" fbTx="0.268882096" lbTx="0.26888218" tId="0" fbRx="0.278882096" lbRx="0.27888218" />
<p fId="0" fbTx="0.26888218" lbTx="0.268883055" tId="1" fbRx="0.26888218" lbRx="0.268883055" />
<p fId="1" fbTx="0.268883055" lbTx="0.26888393" tId="4" fbRx="0.268883055" lbRx="0.26888393" />
<p fId="3" fbTx="0.268982096" lbTx="0.26898218" tId="0" fbRx="0.278982096" lbRx="0.27898218" />
<p fId="0" fbTx="0.26898218" lbTx="0.268983055" tId="1" fbRx="0.26898218" lbRx="0.268983055" />
<p fId="1" fbTx="0.268983055" lbTx="0.26898393" tId="4" fbRx="0.268983055" lbRx="0.26898393" />
<p fId="3" fbTx="0.269082096" lbTx="0.26908218" tId="0" fbRx="0.279082096" lbRx="0.27908218" />
<p fId="0" fbTx="0.26908218" lbTx="0.269083055" tId="1" fbRx="0.26908218" lbRx="0.269083055" />
<p fId="1" fbTx="0.269083055" lbTx="0.26908393" tId="4" fbRx="0.269083055" lbRx="0.26908393" />
<p fId="3" fbTx="0.269182096" lbTx="0.26918218" tId="0" fbRx="0.279182096" lbRx="0.27918218" />
<p fId="0" fbTx="0.26918218" lbTx="0.269183055" tId="1" fbRx="0.26918218" lbRx="0.269183055" />
<p fId="1" fbTx="0.269183055" lbTx="0.26918393" tId="4" fbRx="0.269183055" lbRx="0.26918393" />
<pr uId="247" fId="4" fbTx="0.269214286" />
<wpr uId="247" tId="5" fbRx="0.269214286" lbRx="0" />
<wpr uId="247" tId="6" fbRx="0.269214286" lbRx="0" />
<p fId="3" fbTx="0.269282096" lbTx="0.26928218" tId="0" fbRx="0.279282096" lbRx="0.27928218" />
<p fId="0" fbTx="0.26928218" lbTx="0.269283055" tId="1" fbRx="0.26928218" lbRx="0.269283055" />
<p fId="1" fbTx="0.269283055" lbTx="0.26928393" tId="4" fbRx="0.269283055" lbRx="0.26928393" />
<p fId="3" fbTx="0.269382096" lbTx="0.26938218" tId="0" fbRx="0.279382096" lbRx="0.27938218" />
<p fId="0" fbTx="0.26938218" lbTx="0.269383055" tId="1" fbRx="0.26938218" lbRx="0.269383055" />
<p fId="1" fbTx="0.269383055" lbTx="0.26938393" tId="4" fbRx="0.269383055" lbRx="0.26938393" />
<p fId="3" fbTx="0.269482096" lbTx="0.26948218" tId="0" fbRx="0.279482096" lbRx="0.27948218" />
<p fId="0" fbTx="0.26948218" lbTx="0.269483055" tId="1" fbRx="0.26948218" lbRx="0.269483055" />
<p fId="1" fbTx="0.269483055" lbTx="0.26948393" tId="4" fbRx="0.269483055" lbRx="0.26948393" />
<p fId="3" fbTx="0.269582096" lbTx="0.26958218" tId="0" fbRx="0.279582096" lbRx="0.27958218" />
<p fId="0" fbTx="0.26958218" lbTx="0.269583055" tId="1" fbRx="0.26958218" lbRx="0.269583055" />
<p fId="1" fbTx="0.269583055" lbTx="0.26958393" tId="4" fbRx="0.269583055" lbRx="0.26958393" />
<p fId="3" fbTx="0.269682096" lbTx="0.26968218" tId="0" fbRx="0.279682096" lbRx="0.27968218" />
<p fId="0" fbTx="0.26968218" lbTx="0.269683055" tId="1" fbRx="0.26968218" lbRx="0.269683055" />
<p fId="1" fbTx="0.269683055" lbTx="0.26968393" tId="4" fbRx="0.269683055" lbRx="0.26968393" />
<p fId="3" fbTx="0.269782096" lbTx="0.26978218" tId="0" fbRx="0.279782096" lbRx="0.27978218" />
<p fId="0" fbTx="0.26978218" lbTx="0.269783055" tId="1" fbRx="0.26978218" lbRx="0.269783055" />
<p fId="1" fbTx="0.269783055" lbTx="0.26978393" tId="4" fbRx="0.269783055" lbRx="0.26978393" />
<p fId="3" fbTx="0.269882096" lbTx="0.26988218" tId="0" fbRx="0.279882096" lbRx="0.27988218" />
<p fId="0" fbTx="0.26988218" lbTx="0.269883055" tId="1" fbRx="0.26988218" lbRx="0.269883055" />
<p fId="1" fbTx="0.269883055" lbTx="0.26988393" tId="4" fbRx="0.269883055" lbRx="0.26988393" />
<p fId="3" fbTx="0.269982096" lbTx="0.26998218" tId="0" fbRx="0.279982096" lbRx="0.27998218" />
<p fId="0" fbTx="0.26998218" lbTx="0.269983055" tId="1" fbRx="0.26998218" lbRx="0.269983055" />
<p fId="1" fbTx="0.269983055" lbTx="0.26998393" tId="4" fbRx="0.269983055" lbRx="0.26998393" />
<p fId="3" fbTx="0.270082096" lbTx="0.27008218" tId="0" fbRx="0.280082096" lbRx="0.28008218" />
<p fId="0" fbTx="0.27008218" lbTx="0.270083055" tId="1" fbRx="0.27008218" lbRx="0.270083055" />
<p fId="1" fbTx="0.270083055" lbTx="0.27008393" tId="4" fbRx="0.270083055" lbRx="0.27008393" />
<p fId="3" fbTx="0.270182096" lbTx="0.27018218" tId="0" fbRx="0.280182096" lbRx="0.28018218" />
<p fId="0" fbTx="0.27018218" lbTx="0.270183055" tId="1" fbRx="0.27018218" lbRx="0.270183055" />
<p fId="1" fbTx="0.270183055" lbTx="0.27018393" tId="4" fbRx="0.270183055" lbRx="0.27018393" />
<pr uId="248" fId="4" fbTx="0.270214286" />
<wpr uId="248" tId="5" fbRx="0.270214286" lbRx="0" />
<wpr uId="248" tId="6" fbRx="0.270214286" lbRx="0" />
<p fId="3" fbTx="0.270282096" lbTx="0.27028218" tId="0" fbRx="0.280282096" lbRx="0.28028218" />
<p fId="0" fbTx="0.27028218" lbTx="0.270283055" tId="1" fbRx="0.27028218" lbRx="0.270283055" />
<p fId="1" fbTx="0.270283055" lbTx="0.27028393" tId="4" fbRx="0.270283055" lbRx="0.27028393" />
<p fId="3" fbTx="0.270382096" lbTx="0.27038218" tId="0" fbRx="0.280382096" lbRx="0.28038218" />
<p fId="0" fbTx="0.27038218" lbTx="0.270383055" tId="1" fbRx="0.27038218" lbRx="0.270383055" />
<p fId="1" fbTx="0.270383055" lbTx="0.27038393" tId="4" fbRx="0.270383055" lbRx="0.27038393" />
<p fId="3" fbTx="0.270482096" lbTx="0.27048218" tId="0" fbRx="0.280482096" lbRx="0.28048218" />
<p fId="0" fbTx="0.27048218" lbTx="0.270483055" tId="1" fbRx="0.27048218" lbRx="0.270483055" />
<p fId="1" fbTx="0.270483055" lbTx="0.27048393" tId="4" fbRx="0.270483055" lbRx="0.27048393" />
<p fId="3" fbTx="0.270582096" lbTx="0.27058218" tId="0" fbRx="0.280582096" lbRx="0.28058218" />
<p fId="0" fbTx="0.27058218" lbTx="0.270583055" tId="1" fbRx="0.27058218" lbRx="0.270583055" />
<p fId="1" fbTx="0.270583055" lbTx="0.27058393" tId="4" fbRx="0.270583055" lbRx="0.27058393" />
<p fId="3" fbTx="0.270682096" lbTx="0.27068218" tId="0" fbRx="0.280682096" lbRx="0.28068218" />
<p fId="0" fbTx="0.27068218" lbTx="0.270683055" tId="1" fbRx="0.27068218" lbRx="0.270683055" />
<p fId="1" fbTx="0.270683055" lbTx="0.27068393" tId="4" fbRx="0.270683055" lbRx="0.27068393" />
<p fId="3" fbTx="0.270782096" lbTx="0.27078218" tId="0" fbRx="0.280782096" lbRx="0.28078218" />
<p fId="0" fbTx="0.27078218" lbTx="0.270783055" tId="1" fbRx="0.27078218" lbRx="0.270783055" />
<p fId="1" fbTx="0.270783055" lbTx="0.27078393" tId="4" fbRx="0.270783055" lbRx="0.27078393" />
<p fId="3" fbTx="0.270882096" lbTx="0.27088218" tId="0" fbRx="0.280882096" lbRx="0.28088218" />
<p fId="0" fbTx="0.27088218" lbTx="0.270883055" tId="1" fbRx="0.27088218" lbRx="0.270883055" />
<p fId="1" fbTx="0.270883055" lbTx="0.27088393" tId="4" fbRx="0.270883055" lbRx="0.27088393" />
<p fId="3" fbTx="0.270982096" lbTx="0.27098218" tId="0" fbRx="0.280982096" lbRx="0.28098218" />
<p fId="0" fbTx="0.27098218" lbTx="0.270983055" tId="1" fbRx="0.27098218" lbRx="0.270983055" />
<p fId="1" fbTx="0.270983055" lbTx="0.27098393" tId="4" fbRx="0.270983055" lbRx="0.27098393" />
<p fId="3" fbTx="0.271082096" lbTx="0.27108218" tId="0" fbRx="0.281082096" lbRx="0.28108218" />
<p fId="0" fbTx="0.27108218" lbTx="0.271083055" tId="1" fbRx="0.27108218" lbRx="0.271083055" />
<p fId="1" fbTx="0.271083055" lbTx="0.27108393" tId="4" fbRx="0.271083055" lbRx="0.27108393" />
<p fId="3" fbTx="0.271182096" lbTx="0.27118218" tId="0" fbRx="0.281182096" lbRx="0.28118218" />
<p fId="0" fbTx="0.27118218" lbTx="0.271183055" tId="1" fbRx="0.27118218" lbRx="0.271183055" />
<p fId="1" fbTx="0.271183055" lbTx="0.27118393" tId="4" fbRx="0.271183055" lbRx="0.27118393" />
<pr uId="249" fId="4" fbTx="0.271214286" />
<wpr uId="249" tId="5" fbRx="0.271214286" lbRx="0" />
<wpr uId="249" tId="6" fbRx="0.271214286" lbRx="0" />
<p fId="3" fbTx="0.271282096" lbTx="0.27128218" tId="0" fbRx="0.281282096" lbRx="0.28128218" />
<p fId="0" fbTx="0.27128218" lbTx="0.271283055" tId="1" fbRx="0.27128218" lbRx="0.271283055" />
<p fId="1" fbTx="0.271283055" lbTx="0.27128393" tId="4" fbRx="0.271283055" lbRx="0.27128393" />
<p fId="3" fbTx="0.271382096" lbTx="0.27138218" tId="0" fbRx="0.281382096" lbRx="0.28138218" />
<p fId="0" fbTx="0.27138218" lbTx="0.271383055" tId="1" fbRx="0.27138218" lbRx="0.271383055" />
<p fId="1" fbTx="0.271383055" lbTx="0.27138393" tId="4" fbRx="0.271383055" lbRx="0.27138393" />
<p fId="3" fbTx="0.271482096" lbTx="0.27148218" tId="0" fbRx="0.281482096" lbRx="0.28148218" />
<p fId="0" fbTx="0.27148218" lbTx="0.271483055" tId="1" fbRx="0.27148218" lbRx="0.271483055" />
<p fId="1" fbTx="0.271483055" lbTx="0.27148393" tId="4" fbRx="0.271483055" lbRx="0.27148393" />
<p fId="3" fbTx="0.271582096" lbTx="0.27158218" tId="0" fbRx="0.281582096" lbRx="0.28158218" />
<p fId="0" fbTx="0.27158218" lbTx="0.271583055" tId="1" fbRx="0.27158218" lbRx="0.271583055" />
<p fId="1" fbTx="0.271583055" lbTx="0.27158393" tId="4" fbRx="0.271583055" lbRx="0.27158393" />
<p fId="3" fbTx="0.271682096" lbTx="0.27168218" tId="0" fbRx="0.281682096" lbRx="0.28168218" />
<p fId="0" fbTx="0.27168218" lbTx="0.271683055" tId="1" fbRx="0.27168218" lbRx="0.271683055" />
<p fId="1" fbTx="0.271683055" lbTx="0.27168393" tId="4" fbRx="0.271683055" lbRx="0.27168393" />
<p fId="3" fbTx="0.271782096" lbTx="0.27178218" tId="0" fbRx="0.281782096" lbRx="0.28178218" />
<p fId="0" fbTx="0.27178218" lbTx="0.271783055" tId="1" fbRx="0.27178218" lbRx="0.271783055" />
<p fId="1" fbTx="0.271783055" lbTx="0.27178393" tId="4" fbRx="0.271783055" lbRx="0.27178393" />
<p fId="3" fbTx="0.271882096" lbTx="0.27188218" tId="0" fbRx="0.281882096" lbRx="0.28188218" />
<p fId="0" fbTx="0.27188218" lbTx="0.271883055" tId="1" fbRx="0.27188218" lbRx="0.271883055" />
<p fId="1" fbTx="0.271883055" lbTx="0.27188393" tId="4" fbRx="0.271883055" lbRx="0.27188393" />
<p fId="3" fbTx="0.271982096" lbTx="0.27198218" tId="0" fbRx="0.281982096" lbRx="0.28198218" />
<p fId="0" fbTx="0.27198218" lbTx="0.271983055" tId="1" fbRx="0.27198218" lbRx="0.271983055" />
<p fId="1" fbTx="0.271983055" lbTx="0.27198393" tId="4" fbRx="0.271983055" lbRx="0.27198393" />
<p fId="3" fbTx="0.272082096" lbTx="0.27208218" tId="0" fbRx="0.282082096" lbRx="0.28208218" />
<p fId="0" fbTx="0.27208218" lbTx="0.272083055" tId="1" fbRx="0.27208218" lbRx="0.272083055" />
<p fId="1" fbTx="0.272083055" lbTx="0.27208393" tId="4" fbRx="0.272083055" lbRx="0.27208393" />
<p fId="3" fbTx="0.272182096" lbTx="0.27218218" tId="0" fbRx="0.282182096" lbRx="0.28218218" />
<p fId="0" fbTx="0.27218218" lbTx="0.272183055" tId="1" fbRx="0.27218218" lbRx="0.272183055" />
<p fId="1" fbTx="0.272183055" lbTx="0.27218393" tId="4" fbRx="0.272183055" lbRx="0.27218393" />
<pr uId="250" fId="4" fbTx="0.272214286" />
<wpr uId="250" tId="5" fbRx="0.272214286" lbRx="0" />
<wpr uId="250" tId="6" fbRx="0.272214286" lbRx="0" />
<p fId="3" fbTx="0.272282096" lbTx="0.27228218" tId="0" fbRx="0.282282096" lbRx="0.28228218" />
<p fId="0" fbTx="0.27228218" lbTx="0.272283055" tId="1" fbRx="0.27228218" lbRx="0.272283055" />
<p fId="1" fbTx="0.272283055" lbTx="0.27228393" tId="4" fbRx="0.272283055" lbRx="0.27228393" />
<p fId="3" fbTx="0.272382096" lbTx="0.27238218" tId="0" fbRx="0.282382096" lbRx="0.28238218" />
<p fId="0" fbTx="0.27238218" lbTx="0.272383055" tId="1" fbRx="0.27238218" lbRx="0.272383055" />
<p fId="1" fbTx="0.272383055" lbTx="0.27238393" tId="4" fbRx="0.272383055" lbRx="0.27238393" />
<p fId="3" fbTx="0.272482096" lbTx="0.27248218" tId="0" fbRx="0.282482096" lbRx="0.28248218" />
<p fId="0" fbTx="0.27248218" lbTx="0.272483055" tId="1" fbRx="0.27248218" lbRx="0.272483055" />
<p fId="1" fbTx="0.272483055" lbTx="0.27248393" tId="4" fbRx="0.272483055" lbRx="0.27248393" />
<p fId="3" fbTx="0.272582096" lbTx="0.27258218" tId="0" fbRx="0.282582096" lbRx="0.28258218" />
<p fId="0" fbTx="0.27258218" lbTx="0.272583055" tId="1" fbRx="0.27258218" lbRx="0.272583055" />
<p fId="1" fbTx="0.272583055" lbTx="0.27258393" tId="4" fbRx="0.272583055" lbRx="0.27258393" />
<p fId="3" fbTx="0.272682096" lbTx="0.27268218" tId="0" fbRx="0.282682096" lbRx="0.28268218" />
<p fId="0" fbTx="0.27268218" lbTx="0.272683055" tId="1" fbRx="0.27268218" lbRx="0.272683055" />
<p fId="1" fbTx="0.272683055" lbTx="0.27268393" tId="4" fbRx="0.272683055" lbRx="0.27268393" />
<p fId="3" fbTx="0.272782096" lbTx="0.27278218" tId="0" fbRx="0.282782096" lbRx="0.28278218" />
<p fId="0" fbTx="0.27278218" lbTx="0.272783055" tId="1" fbRx="0.27278218" lbRx="0.272783055" />
<p fId="1" fbTx="0.272783055" lbTx="0.27278393" tId="4" fbRx="0.272783055" lbRx="0.27278393" />
<p fId="3" fbTx="0.272882096" lbTx="0.27288218" tId="0" fbRx="0.282882096" lbRx="0.28288218" />
<p fId="0" fbTx="0.27288218" lbTx="0.272883055" tId="1" fbRx="0.27288218" lbRx="0.272883055" />
<p fId="1" fbTx="0.272883055" lbTx="0.27288393" tId="4" fbRx="0.272883055" lbRx="0.27288393" />
<p fId="3" fbTx="0.272982096" lbTx="0.27298218" tId="0" fbRx="0.282982096" lbRx="0.28298218" />
<p fId="0" fbTx="0.27298218" lbTx="0.272983055" tId="1" fbRx="0.27298218" lbRx="0.272983055" />
<p fId="1" fbTx="0.272983055" lbTx="0.27298393" tId="4" fbRx="0.272983055" lbRx="0.27298393" />
<p fId="3" fbTx="0.273082096" lbTx="0.27308218" tId="0" fbRx="0.283082096" lbRx="0.28308218" />
<p fId="0" fbTx="0.27308218" lbTx="0.273083055" tId="1" fbRx="0.27308218" lbRx="0.273083055" />
<p fId="1" fbTx="0.273083055" lbTx="0.27308393" tId="4" fbRx="0.273083055" lbRx="0.27308393" />
<p fId="3" fbTx="0.273182096" lbTx="0.27318218" tId="0" fbRx="0.283182096" lbRx="0.28318218" />
<p fId="0" fbTx="0.27318218" lbTx="0.273183055" tId="1" fbRx="0.27318218" lbRx="0.273183055" />
<p fId="1" fbTx="0.273183055" lbTx="0.27318393" tId="4" fbRx="0.273183055" lbRx="0.27318393" />
<pr uId="251" fId="4" fbTx="0.273214286" />
<wpr uId="251" tId="5" fbRx="0.273214286" lbRx="0" />
<wpr uId="251" tId="6" fbRx="0.273214286" lbRx="0" />
<p fId="3" fbTx="0.273282096" lbTx="0.27328218" tId="0" fbRx="0.283282096" lbRx="0.28328218" />
<p fId="0" fbTx="0.27328218" lbTx="0.273283055" tId="1" fbRx="0.27328218" lbRx="0.273283055" />
<p fId="1" fbTx="0.273283055" lbTx="0.27328393" tId="4" fbRx="0.273283055" lbRx="0.27328393" />
<p fId="3" fbTx="0.273382096" lbTx="0.27338218" tId="0" fbRx="0.283382096" lbRx="0.28338218" />
<p fId="0" fbTx="0.27338218" lbTx="0.273383055" tId="1" fbRx="0.27338218" lbRx="0.273383055" />
<p fId="1" fbTx="0.273383055" lbTx="0.27338393" tId="4" fbRx="0.273383055" lbRx="0.27338393" />
<p fId="3" fbTx="0.273482096" lbTx="0.27348218" tId="0" fbRx="0.283482096" lbRx="0.28348218" />
<p fId="0" fbTx="0.27348218" lbTx="0.273483055" tId="1" fbRx="0.27348218" lbRx="0.273483055" />
<p fId="1" fbTx="0.273483055" lbTx="0.27348393" tId="4" fbRx="0.273483055" lbRx="0.27348393" />
<p fId="3" fbTx="0.273582096" lbTx="0.27358218" tId="0" fbRx="0.283582096" lbRx="0.28358218" />
<p fId="0" fbTx="0.27358218" lbTx="0.273583055" tId="1" fbRx="0.27358218" lbRx="0.273583055" />
<p fId="1" fbTx="0.273583055" lbTx="0.27358393" tId="4" fbRx="0.273583055" lbRx="0.27358393" />
<p fId="3" fbTx="0.273682096" lbTx="0.27368218" tId="0" fbRx="0.283682096" lbRx="0.28368218" />
<p fId="0" fbTx="0.27368218" lbTx="0.273683055" tId="1" fbRx="0.27368218" lbRx="0.273683055" />
<p fId="1" fbTx="0.273683055" lbTx="0.27368393" tId="4" fbRx="0.273683055" lbRx="0.27368393" />
<p fId="3" fbTx="0.273782096" lbTx="0.27378218" tId="0" fbRx="0.283782096" lbRx="0.28378218" />
<p fId="0" fbTx="0.27378218" lbTx="0.273783055" tId="1" fbRx="0.27378218" lbRx="0.273783055" />
<p fId="1" fbTx="0.273783055" lbTx="0.27378393" tId="4" fbRx="0.273783055" lbRx="0.27378393" />
<p fId="3" fbTx="0.273882096" lbTx="0.27388218" tId="0" fbRx="0.283882096" lbRx="0.28388218" />
<p fId="0" fbTx="0.27388218" lbTx="0.273883055" tId="1" fbRx="0.27388218" lbRx="0.273883055" />
<p fId="1" fbTx="0.273883055" lbTx="0.27388393" tId="4" fbRx="0.273883055" lbRx="0.27388393" />
<p fId="3" fbTx="0.273982096" lbTx="0.27398218" tId="0" fbRx="0.283982096" lbRx="0.28398218" />
<p fId="0" fbTx="0.27398218" lbTx="0.273983055" tId="1" fbRx="0.27398218" lbRx="0.273983055" />
<p fId="1" fbTx="0.273983055" lbTx="0.27398393" tId="4" fbRx="0.273983055" lbRx="0.27398393" />
<p fId="3" fbTx="0.274082096" lbTx="0.27408218" tId="0" fbRx="0.284082096" lbRx="0.28408218" />
<p fId="0" fbTx="0.27408218" lbTx="0.274083055" tId="1" fbRx="0.27408218" lbRx="0.274083055" />
<p fId="1" fbTx="0.274083055" lbTx="0.27408393" tId="4" fbRx="0.274083055" lbRx="0.27408393" />
<p fId="3" fbTx="0.274182096" lbTx="0.27418218" tId="0" fbRx="0.284182096" lbRx="0.28418218" />
<p fId="0" fbTx="0.27418218" lbTx="0.274183055" tId="1" fbRx="0.27418218" lbRx="0.274183055" />
<p fId="1" fbTx="0.274183055" lbTx="0.27418393" tId="4" fbRx="0.274183055" lbRx="0.27418393" />
<pr uId="252" fId="4" fbTx="0.274214286" />
<wpr uId="252" tId="5" fbRx="0.274214286" lbRx="0" />
<wpr uId="252" tId="6" fbRx="0.274214286" lbRx="0" />
<p fId="3" fbTx="0.274282096" lbTx="0.27428218" tId="0" fbRx="0.284282096" lbRx="0.28428218" />
<p fId="0" fbTx="0.27428218" lbTx="0.274283055" tId="1" fbRx="0.27428218" lbRx="0.274283055" />
<p fId="1" fbTx="0.274283055" lbTx="0.27428393" tId="4" fbRx="0.274283055" lbRx="0.27428393" />
<p fId="3" fbTx="0.274382096" lbTx="0.27438218" tId="0" fbRx="0.284382096" lbRx="0.28438218" />
<p fId="0" fbTx="0.27438218" lbTx="0.274383055" tId="1" fbRx="0.27438218" lbRx="0.274383055" />
<p fId="1" fbTx="0.274383055" lbTx="0.27438393" tId="4" fbRx="0.274383055" lbRx="0.27438393" />
<p fId="3" fbTx="0.274482096" lbTx="0.27448218" tId="0" fbRx="0.284482096" lbRx="0.28448218" />
<p fId="0" fbTx="0.27448218" lbTx="0.274483055" tId="1" fbRx="0.27448218" lbRx="0.274483055" />
<p fId="1" fbTx="0.274483055" lbTx="0.27448393" tId="4" fbRx="0.274483055" lbRx="0.27448393" />
<p fId="3" fbTx="0.274582096" lbTx="0.27458218" tId="0" fbRx="0.284582096" lbRx="0.28458218" />
<p fId="0" fbTx="0.27458218" lbTx="0.274583055" tId="1" fbRx="0.27458218" lbRx="0.274583055" />
<p fId="1" fbTx="0.274583055" lbTx="0.27458393" tId="4" fbRx="0.274583055" lbRx="0.27458393" />
<p fId="3" fbTx="0.274682096" lbTx="0.27468218" tId="0" fbRx="0.284682096" lbRx="0.28468218" />
<p fId="0" fbTx="0.27468218" lbTx="0.274683055" tId="1" fbRx="0.27468218" lbRx="0.274683055" />
<p fId="1" fbTx="0.274683055" lbTx="0.27468393" tId="4" fbRx="0.274683055" lbRx="0.27468393" />
<p fId="3" fbTx="0.274782096" lbTx="0.27478218" tId="0" fbRx="0.284782096" lbRx="0.28478218" />
<p fId="0" fbTx="0.27478218" lbTx="0.274783055" tId="1" fbRx="0.27478218" lbRx="0.274783055" />
<p fId="1" fbTx="0.274783055" lbTx="0.27478393" tId="4" fbRx="0.274783055" lbRx="0.27478393" />
<p fId="3" fbTx="0.274882096" lbTx="0.27488218" tId="0" fbRx="0.284882096" lbRx="0.28488218" />
<p fId="0" fbTx="0.27488218" lbTx="0.274883055" tId="1" fbRx="0.27488218" lbRx="0.274883055" />
<p fId="1" fbTx="0.274883055" lbTx="0.27488393" tId="4" fbRx="0.274883055" lbRx="0.27488393" />
<p fId="3" fbTx="0.274982096" lbTx="0.27498218" tId="0" fbRx="0.284982096" lbRx="0.28498218" />
<p fId="0" fbTx="0.27498218" lbTx="0.274983055" tId="1" fbRx="0.27498218" lbRx="0.274983055" />
<p fId="1" fbTx="0.274983055" lbTx="0.27498393" tId="4" fbRx="0.274983055" lbRx="0.27498393" />
<p fId="3" fbTx="0.275082096" lbTx="0.27508218" tId="0" fbRx="0.285082096" lbRx="0.28508218" />
<p fId="0" fbTx="0.27508218" lbTx="0.275083055" tId="1" fbRx="0.27508218" lbRx="0.275083055" />
<p fId="1" fbTx="0.275083055" lbTx="0.27508393" tId="4" fbRx="0.275083055" lbRx="0.27508393" />
<p fId="3" fbTx="0.275182096" lbTx="0.27518218" tId="0" fbRx="0.285182096" lbRx="0.28518218" />
<p fId="0" fbTx="0.27518218" lbTx="0.275183055" tId="1" fbRx="0.27518218" lbRx="0.275183055" />
<p fId="1" fbTx="0.275183055" lbTx="0.27518393" tId="4" fbRx="0.275183055" lbRx="0.27518393" />
<pr uId="253" fId="4" fbTx="0.275214286" />
<wpr uId="253" tId="5" fbRx="0.275214286" lbRx="0" />
<wpr uId="253" tId="6" fbRx="0.275214286" lbRx="0" />
<p fId="3" fbTx="0.275282096" lbTx="0.27528218" tId="0" fbRx="0.285282096" lbRx="0.28528218" />
<p fId="0" fbTx="0.27528218" lbTx="0.275283055" tId="1" fbRx="0.27528218" lbRx="0.275283055" />
<p fId="1" fbTx="0.275283055" lbTx="0.27528393" tId="4" fbRx="0.275283055" lbRx="0.27528393" />
<p fId="3" fbTx="0.275382096" lbTx="0.27538218" tId="0" fbRx="0.285382096" lbRx="0.28538218" />
<p fId="0" fbTx="0.27538218" lbTx="0.275383055" tId="1" fbRx="0.27538218" lbRx="0.275383055" />
<p fId="1" fbTx="0.275383055" lbTx="0.27538393" tId="4" fbRx="0.275383055" lbRx="0.27538393" />
<p fId="3" fbTx="0.275482096" lbTx="0.27548218" tId="0" fbRx="0.285482096" lbRx="0.28548218" />
<p fId="0" fbTx="0.27548218" lbTx="0.275483055" tId="1" fbRx="0.27548218" lbRx="0.275483055" />
<p fId="1" fbTx="0.275483055" lbTx="0.27548393" tId="4" fbRx="0.275483055" lbRx="0.27548393" />
<p fId="3" fbTx="0.275582096" lbTx="0.27558218" tId="0" fbRx="0.285582096" lbRx="0.28558218" />
<p fId="0" fbTx="0.27558218" lbTx="0.275583055" tId="1" fbRx="0.27558218" lbRx="0.275583055" />
<p fId="1" fbTx="0.275583055" lbTx="0.27558393" tId="4" fbRx="0.275583055" lbRx="0.27558393" />
<p fId="3" fbTx="0.275682096" lbTx="0.27568218" tId="0" fbRx="0.285682096" lbRx="0.28568218" />
<p fId="0" fbTx="0.27568218" lbTx="0.275683055" tId="1" fbRx="0.27568218" lbRx="0.275683055" />
<p fId="1" fbTx="0.275683055" lbTx="0.27568393" tId="4" fbRx="0.275683055" lbRx="0.27568393" />
<p fId="3" fbTx="0.275782096" lbTx="0.27578218" tId="0" fbRx="0.285782096" lbRx="0.28578218" />
<p fId="0" fbTx="0.27578218" lbTx="0.275783055" tId="1" fbRx="0.27578218" lbRx="0.275783055" />
<p fId="1" fbTx="0.275783055" lbTx="0.27578393" tId="4" fbRx="0.275783055" lbRx="0.27578393" />
<p fId="3" fbTx="0.275882096" lbTx="0.27588218" tId="0" fbRx="0.285882096" lbRx="0.28588218" />
<p fId="0" fbTx="0.27588218" lbTx="0.275883055" tId="1" fbRx="0.27588218" lbRx="0.275883055" />
<p fId="1" fbTx="0.275883055" lbTx="0.27588393" tId="4" fbRx="0.275883055" lbRx="0.27588393" />
<p fId="3" fbTx="0.275982096" lbTx="0.27598218" tId="0" fbRx="0.285982096" lbRx="0.28598218" />
<p fId="0" fbTx="0.27598218" lbTx="0.275983055" tId="1" fbRx="0.27598218" lbRx="0.275983055" />
<p fId="1" fbTx="0.275983055" lbTx="0.27598393" tId="4" fbRx="0.275983055" lbRx="0.27598393" />
<p fId="3" fbTx="0.276082096" lbTx="0.27608218" tId="0" fbRx="0.286082096" lbRx="0.28608218" />
<p fId="0" fbTx="0.27608218" lbTx="0.276083055" tId="1" fbRx="0.27608218" lbRx="0.276083055" />
<p fId="1" fbTx="0.276083055" lbTx="0.27608393" tId="4" fbRx="0.276083055" lbRx="0.27608393" />
<p fId="3" fbTx="0.276182096" lbTx="0.27618218" tId="0" fbRx="0.286182096" lbRx="0.28618218" />
<p fId="0" fbTx="0.27618218" lbTx="0.276183055" tId="1" fbRx="0.27618218" lbRx="0.276183055" />
<p fId="1" fbTx="0.276183055" lbTx="0.27618393" tId="4" fbRx="0.276183055" lbRx="0.27618393" />
<pr uId="254" fId="4" fbTx="0.276214286" />
<wpr uId="254" tId="5" fbRx="0.276214286" lbRx="0" />
<wpr uId="254" tId="6" fbRx="0.276214286" lbRx="0" />
<p fId="3" fbTx="0.276282096" lbTx="0.27628218" tId="0" fbRx="0.286282096" lbRx="0.28628218" />
<p fId="0" fbTx="0.27628218" lbTx="0.276283055" tId="1" fbRx="0.27628218" lbRx="0.276283055" />
<p fId="1" fbTx="0.276283055" lbTx="0.27628393" tId="4" fbRx="0.276283055" lbRx="0.27628393" />
<p fId="3" fbTx="0.276382096" lbTx="0.27638218" tId="0" fbRx="0.286382096" lbRx="0.28638218" />
<p fId="0" fbTx="0.27638218" lbTx="0.276383055" tId="1" fbRx="0.27638218" lbRx="0.276383055" />
<p fId="1" fbTx="0.276383055" lbTx="0.27638393" tId="4" fbRx="0.276383055" lbRx="0.27638393" />
<p fId="3" fbTx="0.276482096" lbTx="0.27648218" tId="0" fbRx="0.286482096" lbRx="0.28648218" />
<p fId="0" fbTx="0.27648218" lbTx="0.276483055" tId="1" fbRx="0.27648218" lbRx="0.276483055" />
<p fId="1" fbTx="0.276483055" lbTx="0.27648393" tId="4" fbRx="0.276483055" lbRx="0.27648393" />
<p fId="3" fbTx="0.276582096" lbTx="0.27658218" tId="0" fbRx="0.286582096" lbRx="0.28658218" />
<p fId="0" fbTx="0.27658218" lbTx="0.276583055" tId="1" fbRx="0.27658218" lbRx="0.276583055" />
<p fId="1" fbTx="0.276583055" lbTx="0.27658393" tId="4" fbRx="0.276583055" lbRx="0.27658393" />
<p fId="3" fbTx="0.276682096" lbTx="0.27668218" tId="0" fbRx="0.286682096" lbRx="0.28668218" />
<p fId="0" fbTx="0.27668218" lbTx="0.276683055" tId="1" fbRx="0.27668218" lbRx="0.276683055" />
<p fId="1" fbTx="0.276683055" lbTx="0.27668393" tId="4" fbRx="0.276683055" lbRx="0.27668393" />
<p fId="3" fbTx="0.276782096" lbTx="0.27678218" tId="0" fbRx="0.286782096" lbRx="0.28678218" />
<p fId="0" fbTx="0.27678218" lbTx="0.276783055" tId="1" fbRx="0.27678218" lbRx="0.276783055" />
<p fId="1" fbTx="0.276783055" lbTx="0.27678393" tId="4" fbRx="0.276783055" lbRx="0.27678393" />
<p fId="3" fbTx="0.276882096" lbTx="0.27688218" tId="0" fbRx="0.286882096" lbRx="0.28688218" />
<p fId="0" fbTx="0.27688218" lbTx="0.276883055" tId="1" fbRx="0.27688218" lbRx="0.276883055" />
<p fId="1" fbTx="0.276883055" lbTx="0.27688393" tId="4" fbRx="0.276883055" lbRx="0.27688393" />
<p fId="3" fbTx="0.276982096" lbTx="0.27698218" tId="0" fbRx="0.286982096" lbRx="0.28698218" />
<p fId="0" fbTx="0.27698218" lbTx="0.276983055" tId="1" fbRx="0.27698218" lbRx="0.276983055" />
<p fId="1" fbTx="0.276983055" lbTx="0.27698393" tId="4" fbRx="0.276983055" lbRx="0.27698393" />
<p fId="3" fbTx="0.277082096" lbTx="0.27708218" tId="0" fbRx="0.287082096" lbRx="0.28708218" />
<p fId="0" fbTx="0.27708218" lbTx="0.277083055" tId="1" fbRx="0.27708218" lbRx="0.277083055" />
<p fId="1" fbTx="0.277083055" lbTx="0.27708393" tId="4" fbRx="0.277083055" lbRx="0.27708393" />
<p fId="3" fbTx="0.277182096" lbTx="0.27718218" tId="0" fbRx="0.287182096" lbRx="0.28718218" />
<p fId="0" fbTx="0.27718218" lbTx="0.277183055" tId="1" fbRx="0.27718218" lbRx="0.277183055" />
<p fId="1" fbTx="0.277183055" lbTx="0.27718393" tId="4" fbRx="0.277183055" lbRx="0.27718393" />
<pr uId="255" fId="4" fbTx="0.277214286" />
<wpr uId="255" tId="5" fbRx="0.277214286" lbRx="0" />
<wpr uId="255" tId="6" fbRx="0.277214286" lbRx="0" />
<p fId="3" fbTx="0.277282096" lbTx="0.27728218" tId="0" fbRx="0.287282096" lbRx="0.28728218" />
<p fId="0" fbTx="0.27728218" lbTx="0.277283055" tId="1" fbRx="0.27728218" lbRx="0.277283055" />
<p fId="1" fbTx="0.277283055" lbTx="0.27728393" tId="4" fbRx="0.277283055" lbRx="0.27728393" />
<p fId="3" fbTx="0.277382096" lbTx="0.27738218" tId="0" fbRx="0.287382096" lbRx="0.28738218" />
<p fId="0" fbTx="0.27738218" lbTx="0.277383055" tId="1" fbRx="0.27738218" lbRx="0.277383055" />
<p fId="1" fbTx="0.277383055" lbTx="0.27738393" tId="4" fbRx="0.277383055" lbRx="0.27738393" />
<p fId="3" fbTx="0.277482096" lbTx="0.27748218" tId="0" fbRx="0.287482096" lbRx="0.28748218" />
<p fId="0" fbTx="0.27748218" lbTx="0.277483055" tId="1" fbRx="0.27748218" lbRx="0.277483055" />
<p fId="1" fbTx="0.277483055" lbTx="0.27748393" tId="4" fbRx="0.277483055" lbRx="0.27748393" />
<p fId="3" fbTx="0.277582096" lbTx="0.27758218" tId="0" fbRx="0.287582096" lbRx="0.28758218" />
<p fId="0" fbTx="0.27758218" lbTx="0.277583055" tId="1" fbRx="0.27758218" lbRx="0.277583055" />
<p fId="1" fbTx="0.277583055" lbTx="0.27758393" tId="4" fbRx="0.277583055" lbRx="0.27758393" />
<p fId="3" fbTx="0.277682096" lbTx="0.27768218" tId="0" fbRx="0.287682096" lbRx="0.28768218" />
<p fId="0" fbTx="0.27768218" lbTx="0.277683055" tId="1" fbRx="0.27768218" lbRx="0.277683055" />
<p fId="1" fbTx="0.277683055" lbTx="0.27768393" tId="4" fbRx="0.277683055" lbRx="0.27768393" />
<p fId="3" fbTx="0.277782096" lbTx="0.27778218" tId="0" fbRx="0.287782096" lbRx="0.28778218" />
<p fId="0" fbTx="0.27778218" lbTx="0.277783055" tId="1" fbRx="0.27778218" lbRx="0.277783055" />
<p fId="1" fbTx="0.277783055" lbTx="0.27778393" tId="4" fbRx="0.277783055" lbRx="0.27778393" />
<p fId="3" fbTx="0.277882096" lbTx="0.27788218" tId="0" fbRx="0.287882096" lbRx="0.28788218" />
<p fId="0" fbTx="0.27788218" lbTx="0.277883055" tId="1" fbRx="0.27788218" lbRx="0.277883055" />
<p fId="1" fbTx="0.277883055" lbTx="0.27788393" tId="4" fbRx="0.277883055" lbRx="0.27788393" />
<p fId="3" fbTx="0.277982096" lbTx="0.27798218" tId="0" fbRx="0.287982096" lbRx="0.28798218" />
<p fId="0" fbTx="0.27798218" lbTx="0.277983055" tId="1" fbRx="0.27798218" lbRx="0.277983055" />
<p fId="1" fbTx="0.277983055" lbTx="0.27798393" tId="4" fbRx="0.277983055" lbRx="0.27798393" />
<p fId="3" fbTx="0.278082096" lbTx="0.27808218" tId="0" fbRx="0.288082096" lbRx="0.28808218" />
<p fId="0" fbTx="0.27808218" lbTx="0.278083055" tId="1" fbRx="0.27808218" lbRx="0.278083055" />
<p fId="1" fbTx="0.278083055" lbTx="0.27808393" tId="4" fbRx="0.278083055" lbRx="0.27808393" />
<p fId="3" fbTx="0.278182096" lbTx="0.27818218" tId="0" fbRx="0.288182096" lbRx="0.28818218" />
<p fId="0" fbTx="0.27818218" lbTx="0.278183055" tId="1" fbRx="0.27818218" lbRx="0.278183055" />
<p fId="1" fbTx="0.278183055" lbTx="0.27818393" tId="4" fbRx="0.278183055" lbRx="0.27818393" />
<pr uId="256" fId="4" fbTx="0.278214286" />
<wpr uId="256" tId="5" fbRx="0.278214286" lbRx="0" />
<wpr uId="256" tId="6" fbRx="0.278214286" lbRx="0" />
<p fId="3" fbTx="0.278282096" lbTx="0.27828218" tId="0" fbRx="0.288282096" lbRx="0.28828218" />
<p fId="0" fbTx="0.27828218" lbTx="0.278283055" tId="1" fbRx="0.27828218" lbRx="0.278283055" />
<p fId="1" fbTx="0.278283055" lbTx="0.27828393" tId="4" fbRx="0.278283055" lbRx="0.27828393" />
<p fId="3" fbTx="0.278382096" lbTx="0.27838218" tId="0" fbRx="0.288382096" lbRx="0.28838218" />
<p fId="0" fbTx="0.27838218" lbTx="0.278383055" tId="1" fbRx="0.27838218" lbRx="0.278383055" />
<p fId="1" fbTx="0.278383055" lbTx="0.27838393" tId="4" fbRx="0.278383055" lbRx="0.27838393" />
<p fId="3" fbTx="0.278482096" lbTx="0.27848218" tId="0" fbRx="0.288482096" lbRx="0.28848218" />
<p fId="0" fbTx="0.27848218" lbTx="0.278483055" tId="1" fbRx="0.27848218" lbRx="0.278483055" />
<p fId="1" fbTx="0.278483055" lbTx="0.27848393" tId="4" fbRx="0.278483055" lbRx="0.27848393" />
<p fId="3" fbTx="0.278582096" lbTx="0.27858218" tId="0" fbRx="0.288582096" lbRx="0.28858218" />
<p fId="0" fbTx="0.27858218" lbTx="0.278583055" tId="1" fbRx="0.27858218" lbRx="0.278583055" />
<p fId="1" fbTx="0.278583055" lbTx="0.27858393" tId="4" fbRx="0.278583055" lbRx="0.27858393" />
<p fId="3" fbTx="0.278682096" lbTx="0.27868218" tId="0" fbRx="0.288682096" lbRx="0.28868218" />
<p fId="0" fbTx="0.27868218" lbTx="0.278683055" tId="1" fbRx="0.27868218" lbRx="0.278683055" />
<p fId="1" fbTx="0.278683055" lbTx="0.27868393" tId="4" fbRx="0.278683055" lbRx="0.27868393" />
<p fId="3" fbTx="0.278782096" lbTx="0.27878218" tId="0" fbRx="0.288782096" lbRx="0.28878218" />
<p fId="0" fbTx="0.27878218" lbTx="0.278783055" tId="1" fbRx="0.27878218" lbRx="0.278783055" />
<p fId="1" fbTx="0.278783055" lbTx="0.27878393" tId="4" fbRx="0.278783055" lbRx="0.27878393" />
<p fId="3" fbTx="0.278882096" lbTx="0.27888218" tId="0" fbRx="0.288882096" lbRx="0.28888218" />
<p fId="0" fbTx="0.27888218" lbTx="0.278883055" tId="1" fbRx="0.27888218" lbRx="0.278883055" />
<p fId="1" fbTx="0.278883055" lbTx="0.27888393" tId="4" fbRx="0.278883055" lbRx="0.27888393" />
<p fId="3" fbTx="0.278982096" lbTx="0.27898218" tId="0" fbRx="0.288982096" lbRx="0.28898218" />
<p fId="0" fbTx="0.27898218" lbTx="0.278983055" tId="1" fbRx="0.27898218" lbRx="0.278983055" />
<p fId="1" fbTx="0.278983055" lbTx="0.27898393" tId="4" fbRx="0.278983055" lbRx="0.27898393" />
<p fId="3" fbTx="0.279082096" lbTx="0.27908218" tId="0" fbRx="0.289082096" lbRx="0.28908218" />
<p fId="0" fbTx="0.27908218" lbTx="0.279083055" tId="1" fbRx="0.27908218" lbRx="0.279083055" />
<p fId="1" fbTx="0.279083055" lbTx="0.27908393" tId="4" fbRx="0.279083055" lbRx="0.27908393" />
<p fId="3" fbTx="0.279182096" lbTx="0.27918218" tId="0" fbRx="0.289182096" lbRx="0.28918218" />
<p fId="0" fbTx="0.27918218" lbTx="0.279183055" tId="1" fbRx="0.27918218" lbRx="0.279183055" />
<p fId="1" fbTx="0.279183055" lbTx="0.27918393" tId="4" fbRx="0.279183055" lbRx="0.27918393" />
<pr uId="257" fId="4" fbTx="0.279214286" />
<wpr uId="257" tId="5" fbRx="0.279214286" lbRx="0" />
<wpr uId="257" tId="6" fbRx="0.279214286" lbRx="0" />
<p fId="3" fbTx="0.279282096" lbTx="0.27928218" tId="0" fbRx="0.289282096" lbRx="0.28928218" />
<p fId="0" fbTx="0.27928218" lbTx="0.279283055" tId="1" fbRx="0.27928218" lbRx="0.279283055" />
<p fId="1" fbTx="0.279283055" lbTx="0.27928393" tId="4" fbRx="0.279283055" lbRx="0.27928393" />
<p fId="3" fbTx="0.279382096" lbTx="0.27938218" tId="0" fbRx="0.289382096" lbRx="0.28938218" />
<p fId="0" fbTx="0.27938218" lbTx="0.279383055" tId="1" fbRx="0.27938218" lbRx="0.279383055" />
<p fId="1" fbTx="0.279383055" lbTx="0.27938393" tId="4" fbRx="0.279383055" lbRx="0.27938393" />
<p fId="3" fbTx="0.279482096" lbTx="0.27948218" tId="0" fbRx="0.289482096" lbRx="0.28948218" />
<p fId="0" fbTx="0.27948218" lbTx="0.279483055" tId="1" fbRx="0.27948218" lbRx="0.279483055" />
<p fId="1" fbTx="0.279483055" lbTx="0.27948393" tId="4" fbRx="0.279483055" lbRx="0.27948393" />
<p fId="3" fbTx="0.279582096" lbTx="0.27958218" tId="0" fbRx="0.289582096" lbRx="0.28958218" />
<p fId="0" fbTx="0.27958218" lbTx="0.279583055" tId="1" fbRx="0.27958218" lbRx="0.279583055" />
<p fId="1" fbTx="0.279583055" lbTx="0.27958393" tId="4" fbRx="0.279583055" lbRx="0.27958393" />
<p fId="3" fbTx="0.279682096" lbTx="0.27968218" tId="0" fbRx="0.289682096" lbRx="0.28968218" />
<p fId="0" fbTx="0.27968218" lbTx="0.279683055" tId="1" fbRx="0.27968218" lbRx="0.279683055" />
<p fId="1" fbTx="0.279683055" lbTx="0.27968393" tId="4" fbRx="0.279683055" lbRx="0.27968393" />
<p fId="3" fbTx="0.279782096" lbTx="0.27978218" tId="0" fbRx="0.289782096" lbRx="0.28978218" />
<p fId="0" fbTx="0.27978218" lbTx="0.279783055" tId="1" fbRx="0.27978218" lbRx="0.279783055" />
<p fId="1" fbTx="0.279783055" lbTx="0.27978393" tId="4" fbRx="0.279783055" lbRx="0.27978393" />
<p fId="3" fbTx="0.279882096" lbTx="0.27988218" tId="0" fbRx="0.289882096" lbRx="0.28988218" />
<p fId="0" fbTx="0.27988218" lbTx="0.279883055" tId="1" fbRx="0.27988218" lbRx="0.279883055" />
<p fId="1" fbTx="0.279883055" lbTx="0.27988393" tId="4" fbRx="0.279883055" lbRx="0.27988393" />
<p fId="3" fbTx="0.279982096" lbTx="0.27998218" tId="0" fbRx="0.289982096" lbRx="0.28998218" />
<p fId="0" fbTx="0.27998218" lbTx="0.279983055" tId="1" fbRx="0.27998218" lbRx="0.279983055" />
<p fId="1" fbTx="0.279983055" lbTx="0.27998393" tId="4" fbRx="0.279983055" lbRx="0.27998393" />
<p fId="3" fbTx="0.280082096" lbTx="0.28008218" tId="0" fbRx="0.290082096" lbRx="0.29008218" />
<p fId="0" fbTx="0.28008218" lbTx="0.280083055" tId="1" fbRx="0.28008218" lbRx="0.280083055" />
<p fId="1" fbTx="0.280083055" lbTx="0.28008393" tId="4" fbRx="0.280083055" lbRx="0.28008393" />
<p fId="3" fbTx="0.280182096" lbTx="0.28018218" tId="0" fbRx="0.290182096" lbRx="0.29018218" />
<p fId="0" fbTx="0.28018218" lbTx="0.280183055" tId="1" fbRx="0.28018218" lbRx="0.280183055" />
<p fId="1" fbTx="0.280183055" lbTx="0.28018393" tId="4" fbRx="0.280183055" lbRx="0.28018393" />
<pr uId="258" fId="4" fbTx="0.280214286" />
<wpr uId="258" tId="5" fbRx="0.280214286" lbRx="0" />
<wpr uId="258" tId="6" fbRx="0.280214286" lbRx="0" />
<p fId="3" fbTx="0.280282096" lbTx="0.28028218" tId="0" fbRx="0.290282096" lbRx="0.29028218" />
<p fId="0" fbTx="0.28028218" lbTx="0.280283055" tId="1" fbRx="0.28028218" lbRx="0.280283055" />
<p fId="1" fbTx="0.280283055" lbTx="0.28028393" tId="4" fbRx="0.280283055" lbRx="0.28028393" />
<p fId="3" fbTx="0.280382096" lbTx="0.28038218" tId="0" fbRx="0.290382096" lbRx="0.29038218" />
<p fId="0" fbTx="0.28038218" lbTx="0.280383055" tId="1" fbRx="0.28038218" lbRx="0.280383055" />
<p fId="1" fbTx="0.280383055" lbTx="0.28038393" tId="4" fbRx="0.280383055" lbRx="0.28038393" />
<p fId="3" fbTx="0.280482096" lbTx="0.28048218" tId="0" fbRx="0.290482096" lbRx="0.29048218" />
<p fId="0" fbTx="0.28048218" lbTx="0.280483055" tId="1" fbRx="0.28048218" lbRx="0.280483055" />
<p fId="1" fbTx="0.280483055" lbTx="0.28048393" tId="4" fbRx="0.280483055" lbRx="0.28048393" />
<p fId="3" fbTx="0.280582096" lbTx="0.28058218" tId="0" fbRx="0.290582096" lbRx="0.29058218" />
<p fId="0" fbTx="0.28058218" lbTx="0.280583055" tId="1" fbRx="0.28058218" lbRx="0.280583055" />
<p fId="1" fbTx="0.280583055" lbTx="0.28058393" tId="4" fbRx="0.280583055" lbRx="0.28058393" />
<p fId="3" fbTx="0.280682096" lbTx="0.28068218" tId="0" fbRx="0.290682096" lbRx="0.29068218" />
<p fId="0" fbTx="0.28068218" lbTx="0.280683055" tId="1" fbRx="0.28068218" lbRx="0.280683055" />
<p fId="1" fbTx="0.280683055" lbTx="0.28068393" tId="4" fbRx="0.280683055" lbRx="0.28068393" />
<p fId="3" fbTx="0.280782096" lbTx="0.28078218" tId="0" fbRx="0.290782096" lbRx="0.29078218" />
<p fId="0" fbTx="0.28078218" lbTx="0.280783055" tId="1" fbRx="0.28078218" lbRx="0.280783055" />
<p fId="1" fbTx="0.280783055" lbTx="0.28078393" tId="4" fbRx="0.280783055" lbRx="0.28078393" />
<p fId="3" fbTx="0.280882096" lbTx="0.28088218" tId="0" fbRx="0.290882096" lbRx="0.29088218" />
<p fId="0" fbTx="0.28088218" lbTx="0.280883055" tId="1" fbRx="0.28088218" lbRx="0.280883055" />
<p fId="1" fbTx="0.280883055" lbTx="0.28088393" tId="4" fbRx="0.280883055" lbRx="0.28088393" />
<p fId="3" fbTx="0.280982096" lbTx="0.28098218" tId="0" fbRx="0.290982096" lbRx="0.29098218" />
<p fId="0" fbTx="0.28098218" lbTx="0.280983055" tId="1" fbRx="0.28098218" lbRx="0.280983055" />
<p fId="1" fbTx="0.280983055" lbTx="0.28098393" tId="4" fbRx="0.280983055" lbRx="0.28098393" />
<p fId="3" fbTx="0.281082096" lbTx="0.28108218" tId="0" fbRx="0.291082096" lbRx="0.29108218" />
<p fId="0" fbTx="0.28108218" lbTx="0.281083055" tId="1" fbRx="0.28108218" lbRx="0.281083055" />
<p fId="1" fbTx="0.281083055" lbTx="0.28108393" tId="4" fbRx="0.281083055" lbRx="0.28108393" />
<p fId="3" fbTx="0.281182096" lbTx="0.28118218" tId="0" fbRx="0.291182096" lbRx="0.29118218" />
<p fId="0" fbTx="0.28118218" lbTx="0.281183055" tId="1" fbRx="0.28118218" lbRx="0.281183055" />
<p fId="1" fbTx="0.281183055" lbTx="0.28118393" tId="4" fbRx="0.281183055" lbRx="0.28118393" />
<pr uId="259" fId="4" fbTx="0.281214286" />
<wpr uId="259" tId="5" fbRx="0.281214286" lbRx="0" />
<wpr uId="259" tId="6" fbRx="0.281214286" lbRx="0" />
<p fId="3" fbTx="0.281282096" lbTx="0.28128218" tId="0" fbRx="0.291282096" lbRx="0.29128218" />
<p fId="0" fbTx="0.28128218" lbTx="0.281283055" tId="1" fbRx="0.28128218" lbRx="0.281283055" />
<p fId="1" fbTx="0.281283055" lbTx="0.28128393" tId="4" fbRx="0.281283055" lbRx="0.28128393" />
<p fId="3" fbTx="0.281382096" lbTx="0.28138218" tId="0" fbRx="0.291382096" lbRx="0.29138218" />
<p fId="0" fbTx="0.28138218" lbTx="0.281383055" tId="1" fbRx="0.28138218" lbRx="0.281383055" />
<p fId="1" fbTx="0.281383055" lbTx="0.28138393" tId="4" fbRx="0.281383055" lbRx="0.28138393" />
<p fId="3" fbTx="0.281482096" lbTx="0.28148218" tId="0" fbRx="0.291482096" lbRx="0.29148218" />
<p fId="0" fbTx="0.28148218" lbTx="0.281483055" tId="1" fbRx="0.28148218" lbRx="0.281483055" />
<p fId="1" fbTx="0.281483055" lbTx="0.28148393" tId="4" fbRx="0.281483055" lbRx="0.28148393" />
<p fId="3" fbTx="0.281582096" lbTx="0.28158218" tId="0" fbRx="0.291582096" lbRx="0.29158218" />
<p fId="0" fbTx="0.28158218" lbTx="0.281583055" tId="1" fbRx="0.28158218" lbRx="0.281583055" />
<p fId="1" fbTx="0.281583055" lbTx="0.28158393" tId="4" fbRx="0.281583055" lbRx="0.28158393" />
<p fId="3" fbTx="0.281682096" lbTx="0.28168218" tId="0" fbRx="0.291682096" lbRx="0.29168218" />
<p fId="0" fbTx="0.28168218" lbTx="0.281683055" tId="1" fbRx="0.28168218" lbRx="0.281683055" />
<p fId="1" fbTx="0.281683055" lbTx="0.28168393" tId="4" fbRx="0.281683055" lbRx="0.28168393" />
<p fId="3" fbTx="0.281782096" lbTx="0.28178218" tId="0" fbRx="0.291782096" lbRx="0.29178218" />
<p fId="0" fbTx="0.28178218" lbTx="0.281783055" tId="1" fbRx="0.28178218" lbRx="0.281783055" />
<p fId="1" fbTx="0.281783055" lbTx="0.28178393" tId="4" fbRx="0.281783055" lbRx="0.28178393" />
<p fId="3" fbTx="0.281882096" lbTx="0.28188218" tId="0" fbRx="0.291882096" lbRx="0.29188218" />
<p fId="0" fbTx="0.28188218" lbTx="0.281883055" tId="1" fbRx="0.28188218" lbRx="0.281883055" />
<p fId="1" fbTx="0.281883055" lbTx="0.28188393" tId="4" fbRx="0.281883055" lbRx="0.28188393" />
<p fId="3" fbTx="0.281982096" lbTx="0.28198218" tId="0" fbRx="0.291982096" lbRx="0.29198218" />
<p fId="0" fbTx="0.28198218" lbTx="0.281983055" tId="1" fbRx="0.28198218" lbRx="0.281983055" />
<p fId="1" fbTx="0.281983055" lbTx="0.28198393" tId="4" fbRx="0.281983055" lbRx="0.28198393" />
<p fId="3" fbTx="0.282082096" lbTx="0.28208218" tId="0" fbRx="0.292082096" lbRx="0.29208218" />
<p fId="0" fbTx="0.28208218" lbTx="0.282083055" tId="1" fbRx="0.28208218" lbRx="0.282083055" />
<p fId="1" fbTx="0.282083055" lbTx="0.28208393" tId="4" fbRx="0.282083055" lbRx="0.28208393" />
<p fId="3" fbTx="0.282182096" lbTx="0.28218218" tId="0" fbRx="0.292182096" lbRx="0.29218218" />
<p fId="0" fbTx="0.28218218" lbTx="0.282183055" tId="1" fbRx="0.28218218" lbRx="0.282183055" />
<p fId="1" fbTx="0.282183055" lbTx="0.28218393" tId="4" fbRx="0.282183055" lbRx="0.28218393" />
<pr uId="260" fId="4" fbTx="0.282214286" />
<wpr uId="260" tId="5" fbRx="0.282214286" lbRx="0" />
<wpr uId="260" tId="6" fbRx="0.282214286" lbRx="0" />
<p fId="3" fbTx="0.282282096" lbTx="0.28228218" tId="0" fbRx="0.292282096" lbRx="0.29228218" />
<p fId="0" fbTx="0.28228218" lbTx="0.282283055" tId="1" fbRx="0.28228218" lbRx="0.282283055" />
<p fId="1" fbTx="0.282283055" lbTx="0.28228393" tId="4" fbRx="0.282283055" lbRx="0.28228393" />
<p fId="3" fbTx="0.282382096" lbTx="0.28238218" tId="0" fbRx="0.292382096" lbRx="0.29238218" />
<p fId="0" fbTx="0.28238218" lbTx="0.282383055" tId="1" fbRx="0.28238218" lbRx="0.282383055" />
<p fId="1" fbTx="0.282383055" lbTx="0.28238393" tId="4" fbRx="0.282383055" lbRx="0.28238393" />
<p fId="3" fbTx="0.282482096" lbTx="0.28248218" tId="0" fbRx="0.292482096" lbRx="0.29248218" />
<p fId="0" fbTx="0.28248218" lbTx="0.282483055" tId="1" fbRx="0.28248218" lbRx="0.282483055" />
<p fId="1" fbTx="0.282483055" lbTx="0.28248393" tId="4" fbRx="0.282483055" lbRx="0.28248393" />
<p fId="3" fbTx="0.282582096" lbTx="0.28258218" tId="0" fbRx="0.292582096" lbRx="0.29258218" />
<p fId="0" fbTx="0.28258218" lbTx="0.282583055" tId="1" fbRx="0.28258218" lbRx="0.282583055" />
<p fId="1" fbTx="0.282583055" lbTx="0.28258393" tId="4" fbRx="0.282583055" lbRx="0.28258393" />
<p fId="3" fbTx="0.282682096" lbTx="0.28268218" tId="0" fbRx="0.292682096" lbRx="0.29268218" />
<p fId="0" fbTx="0.28268218" lbTx="0.282683055" tId="1" fbRx="0.28268218" lbRx="0.282683055" />
<p fId="1" fbTx="0.282683055" lbTx="0.28268393" tId="4" fbRx="0.282683055" lbRx="0.28268393" />
<p fId="3" fbTx="0.282782096" lbTx="0.28278218" tId="0" fbRx="0.292782096" lbRx="0.29278218" />
<p fId="0" fbTx="0.28278218" lbTx="0.282783055" tId="1" fbRx="0.28278218" lbRx="0.282783055" />
<p fId="1" fbTx="0.282783055" lbTx="0.28278393" tId="4" fbRx="0.282783055" lbRx="0.28278393" />
<p fId="3" fbTx="0.282882096" lbTx="0.28288218" tId="0" fbRx="0.292882096" lbRx="0.29288218" />
<p fId="0" fbTx="0.28288218" lbTx="0.282883055" tId="1" fbRx="0.28288218" lbRx="0.282883055" />
<p fId="1" fbTx="0.282883055" lbTx="0.28288393" tId="4" fbRx="0.282883055" lbRx="0.28288393" />
<p fId="3" fbTx="0.282982096" lbTx="0.28298218" tId="0" fbRx="0.292982096" lbRx="0.29298218" />
<p fId="0" fbTx="0.28298218" lbTx="0.282983055" tId="1" fbRx="0.28298218" lbRx="0.282983055" />
<p fId="1" fbTx="0.282983055" lbTx="0.28298393" tId="4" fbRx="0.282983055" lbRx="0.28298393" />
<p fId="3" fbTx="0.283082096" lbTx="0.28308218" tId="0" fbRx="0.293082096" lbRx="0.29308218" />
<p fId="0" fbTx="0.28308218" lbTx="0.283083055" tId="1" fbRx="0.28308218" lbRx="0.283083055" />
<p fId="1" fbTx="0.283083055" lbTx="0.28308393" tId="4" fbRx="0.283083055" lbRx="0.28308393" />
<p fId="3" fbTx="0.283182096" lbTx="0.28318218" tId="0" fbRx="0.293182096" lbRx="0.29318218" />
<p fId="0" fbTx="0.28318218" lbTx="0.283183055" tId="1" fbRx="0.28318218" lbRx="0.283183055" />
<p fId="1" fbTx="0.283183055" lbTx="0.28318393" tId="4" fbRx="0.283183055" lbRx="0.28318393" />
<pr uId="261" fId="4" fbTx="0.283214286" />
<wpr uId="261" tId="5" fbRx="0.283214286" lbRx="0" />
<wpr uId="261" tId="6" fbRx="0.283214286" lbRx="0" />
<p fId="3" fbTx="0.283282096" lbTx="0.28328218" tId="0" fbRx="0.293282096" lbRx="0.29328218" />
<p fId="0" fbTx="0.28328218" lbTx="0.283283055" tId="1" fbRx="0.28328218" lbRx="0.283283055" />
<p fId="1" fbTx="0.283283055" lbTx="0.28328393" tId="4" fbRx="0.283283055" lbRx="0.28328393" />
<p fId="3" fbTx="0.283382096" lbTx="0.28338218" tId="0" fbRx="0.293382096" lbRx="0.29338218" />
<p fId="0" fbTx="0.28338218" lbTx="0.283383055" tId="1" fbRx="0.28338218" lbRx="0.283383055" />
<p fId="1" fbTx="0.283383055" lbTx="0.28338393" tId="4" fbRx="0.283383055" lbRx="0.28338393" />
<p fId="3" fbTx="0.283482096" lbTx="0.28348218" tId="0" fbRx="0.293482096" lbRx="0.29348218" />
<p fId="0" fbTx="0.28348218" lbTx="0.283483055" tId="1" fbRx="0.28348218" lbRx="0.283483055" />
<p fId="1" fbTx="0.283483055" lbTx="0.28348393" tId="4" fbRx="0.283483055" lbRx="0.28348393" />
<p fId="3" fbTx="0.283582096" lbTx="0.28358218" tId="0" fbRx="0.293582096" lbRx="0.29358218" />
<p fId="0" fbTx="0.28358218" lbTx="0.283583055" tId="1" fbRx="0.28358218" lbRx="0.283583055" />
<p fId="1" fbTx="0.283583055" lbTx="0.28358393" tId="4" fbRx="0.283583055" lbRx="0.28358393" />
<p fId="3" fbTx="0.283682096" lbTx="0.28368218" tId="0" fbRx="0.293682096" lbRx="0.29368218" />
<p fId="0" fbTx="0.28368218" lbTx="0.283683055" tId="1" fbRx="0.28368218" lbRx="0.283683055" />
<p fId="1" fbTx="0.283683055" lbTx="0.28368393" tId="4" fbRx="0.283683055" lbRx="0.28368393" />
<p fId="3" fbTx="0.283782096" lbTx="0.28378218" tId="0" fbRx="0.293782096" lbRx="0.29378218" />
<p fId="0" fbTx="0.28378218" lbTx="0.283783055" tId="1" fbRx="0.28378218" lbRx="0.283783055" />
<p fId="1" fbTx="0.283783055" lbTx="0.28378393" tId="4" fbRx="0.283783055" lbRx="0.28378393" />
<p fId="3" fbTx="0.283882096" lbTx="0.28388218" tId="0" fbRx="0.293882096" lbRx="0.29388218" />
<p fId="0" fbTx="0.28388218" lbTx="0.283883055" tId="1" fbRx="0.28388218" lbRx="0.283883055" />
<p fId="1" fbTx="0.283883055" lbTx="0.28388393" tId="4" fbRx="0.283883055" lbRx="0.28388393" />
<p fId="3" fbTx="0.283982096" lbTx="0.28398218" tId="0" fbRx="0.293982096" lbRx="0.29398218" />
<p fId="0" fbTx="0.28398218" lbTx="0.283983055" tId="1" fbRx="0.28398218" lbRx="0.283983055" />
<p fId="1" fbTx="0.283983055" lbTx="0.28398393" tId="4" fbRx="0.283983055" lbRx="0.28398393" />
<p fId="3" fbTx="0.284082096" lbTx="0.28408218" tId="0" fbRx="0.294082096" lbRx="0.29408218" />
<p fId="0" fbTx="0.28408218" lbTx="0.284083055" tId="1" fbRx="0.28408218" lbRx="0.284083055" />
<p fId="1" fbTx="0.284083055" lbTx="0.28408393" tId="4" fbRx="0.284083055" lbRx="0.28408393" />
<p fId="3" fbTx="0.284182096" lbTx="0.28418218" tId="0" fbRx="0.294182096" lbRx="0.29418218" />
<p fId="0" fbTx="0.28418218" lbTx="0.284183055" tId="1" fbRx="0.28418218" lbRx="0.284183055" />
<p fId="1" fbTx="0.284183055" lbTx="0.28418393" tId="4" fbRx="0.284183055" lbRx="0.28418393" />
<pr uId="262" fId="4" fbTx="0.284214286" />
<wpr uId="262" tId="5" fbRx="0.284214286" lbRx="0" />
<wpr uId="262" tId="6" fbRx="0.284214286" lbRx="0" />
<p fId="3" fbTx="0.284282096" lbTx="0.28428218" tId="0" fbRx="0.294282096" lbRx="0.29428218" />
<p fId="0" fbTx="0.28428218" lbTx="0.284283055" tId="1" fbRx="0.28428218" lbRx="0.284283055" />
<p fId="1" fbTx="0.284283055" lbTx="0.28428393" tId="4" fbRx="0.284283055" lbRx="0.28428393" />
<p fId="3" fbTx="0.284382096" lbTx="0.28438218" tId="0" fbRx="0.294382096" lbRx="0.29438218" />
<p fId="0" fbTx="0.28438218" lbTx="0.284383055" tId="1" fbRx="0.28438218" lbRx="0.284383055" />
<p fId="1" fbTx="0.284383055" lbTx="0.28438393" tId="4" fbRx="0.284383055" lbRx="0.28438393" />
<p fId="3" fbTx="0.284482096" lbTx="0.28448218" tId="0" fbRx="0.294482096" lbRx="0.29448218" />
<p fId="0" fbTx="0.28448218" lbTx="0.284483055" tId="1" fbRx="0.28448218" lbRx="0.284483055" />
<p fId="1" fbTx="0.284483055" lbTx="0.28448393" tId="4" fbRx="0.284483055" lbRx="0.28448393" />
<p fId="3" fbTx="0.284582096" lbTx="0.28458218" tId="0" fbRx="0.294582096" lbRx="0.29458218" />
<p fId="0" fbTx="0.28458218" lbTx="0.284583055" tId="1" fbRx="0.28458218" lbRx="0.284583055" />
<p fId="1" fbTx="0.284583055" lbTx="0.28458393" tId="4" fbRx="0.284583055" lbRx="0.28458393" />
<p fId="3" fbTx="0.284682096" lbTx="0.28468218" tId="0" fbRx="0.294682096" lbRx="0.29468218" />
<p fId="0" fbTx="0.28468218" lbTx="0.284683055" tId="1" fbRx="0.28468218" lbRx="0.284683055" />
<p fId="1" fbTx="0.284683055" lbTx="0.28468393" tId="4" fbRx="0.284683055" lbRx="0.28468393" />
<p fId="3" fbTx="0.284782096" lbTx="0.28478218" tId="0" fbRx="0.294782096" lbRx="0.29478218" />
<p fId="0" fbTx="0.28478218" lbTx="0.284783055" tId="1" fbRx="0.28478218" lbRx="0.284783055" />
<p fId="1" fbTx="0.284783055" lbTx="0.28478393" tId="4" fbRx="0.284783055" lbRx="0.28478393" />
<p fId="3" fbTx="0.284882096" lbTx="0.28488218" tId="0" fbRx="0.294882096" lbRx="0.29488218" />
<p fId="0" fbTx="0.28488218" lbTx="0.284883055" tId="1" fbRx="0.28488218" lbRx="0.284883055" />
<p fId="1" fbTx="0.284883055" lbTx="0.28488393" tId="4" fbRx="0.284883055" lbRx="0.28488393" />
<p fId="3" fbTx="0.284982096" lbTx="0.28498218" tId="0" fbRx="0.294982096" lbRx="0.29498218" />
<p fId="0" fbTx="0.28498218" lbTx="0.284983055" tId="1" fbRx="0.28498218" lbRx="0.284983055" />
<p fId="1" fbTx="0.284983055" lbTx="0.28498393" tId="4" fbRx="0.284983055" lbRx="0.28498393" />
<p fId="3" fbTx="0.285082096" lbTx="0.28508218" tId="0" fbRx="0.295082096" lbRx="0.29508218" />
<p fId="0" fbTx="0.28508218" lbTx="0.285083055" tId="1" fbRx="0.28508218" lbRx="0.285083055" />
<p fId="1" fbTx="0.285083055" lbTx="0.28508393" tId="4" fbRx="0.285083055" lbRx="0.28508393" />
<p fId="3" fbTx="0.285182096" lbTx="0.28518218" tId="0" fbRx="0.295182096" lbRx="0.29518218" />
<p fId="0" fbTx="0.28518218" lbTx="0.285183055" tId="1" fbRx="0.28518218" lbRx="0.285183055" />
<p fId="1" fbTx="0.285183055" lbTx="0.28518393" tId="4" fbRx="0.285183055" lbRx="0.28518393" />
<pr uId="263" fId="4" fbTx="0.285214286" />
<wpr uId="263" tId="5" fbRx="0.285214286" lbRx="0" />
<wpr uId="263" tId="6" fbRx="0.285214286" lbRx="0" />
<p fId="3" fbTx="0.285282096" lbTx="0.28528218" tId="0" fbRx="0.295282096" lbRx="0.29528218" />
<p fId="0" fbTx="0.28528218" lbTx="0.285283055" tId="1" fbRx="0.28528218" lbRx="0.285283055" />
<p fId="1" fbTx="0.285283055" lbTx="0.28528393" tId="4" fbRx="0.285283055" lbRx="0.28528393" />
<p fId="3" fbTx="0.285382096" lbTx="0.28538218" tId="0" fbRx="0.295382096" lbRx="0.29538218" />
<p fId="0" fbTx="0.28538218" lbTx="0.285383055" tId="1" fbRx="0.28538218" lbRx="0.285383055" />
<p fId="1" fbTx="0.285383055" lbTx="0.28538393" tId="4" fbRx="0.285383055" lbRx="0.28538393" />
<p fId="3" fbTx="0.285482096" lbTx="0.28548218" tId="0" fbRx="0.295482096" lbRx="0.29548218" />
<p fId="0" fbTx="0.28548218" lbTx="0.285483055" tId="1" fbRx="0.28548218" lbRx="0.285483055" />
<p fId="1" fbTx="0.285483055" lbTx="0.28548393" tId="4" fbRx="0.285483055" lbRx="0.28548393" />
<p fId="3" fbTx="0.285582096" lbTx="0.28558218" tId="0" fbRx="0.295582096" lbRx="0.29558218" />
<p fId="0" fbTx="0.28558218" lbTx="0.285583055" tId="1" fbRx="0.28558218" lbRx="0.285583055" />
<p fId="1" fbTx="0.285583055" lbTx="0.28558393" tId="4" fbRx="0.285583055" lbRx="0.28558393" />
<p fId="3" fbTx="0.285682096" lbTx="0.28568218" tId="0" fbRx="0.295682096" lbRx="0.29568218" />
<p fId="0" fbTx="0.28568218" lbTx="0.285683055" tId="1" fbRx="0.28568218" lbRx="0.285683055" />
<p fId="1" fbTx="0.285683055" lbTx="0.28568393" tId="4" fbRx="0.285683055" lbRx="0.28568393" />
<p fId="3" fbTx="0.285782096" lbTx="0.28578218" tId="0" fbRx="0.295782096" lbRx="0.29578218" />
<p fId="0" fbTx="0.28578218" lbTx="0.285783055" tId="1" fbRx="0.28578218" lbRx="0.285783055" />
<p fId="1" fbTx="0.285783055" lbTx="0.28578393" tId="4" fbRx="0.285783055" lbRx="0.28578393" />
<p fId="3" fbTx="0.285882096" lbTx="0.28588218" tId="0" fbRx="0.295882096" lbRx="0.29588218" />
<p fId="0" fbTx="0.28588218" lbTx="0.285883055" tId="1" fbRx="0.28588218" lbRx="0.285883055" />
<p fId="1" fbTx="0.285883055" lbTx="0.28588393" tId="4" fbRx="0.285883055" lbRx="0.28588393" />
<p fId="3" fbTx="0.285982096" lbTx="0.28598218" tId="0" fbRx="0.295982096" lbRx="0.29598218" />
<p fId="0" fbTx="0.28598218" lbTx="0.285983055" tId="1" fbRx="0.28598218" lbRx="0.285983055" />
<p fId="1" fbTx="0.285983055" lbTx="0.28598393" tId="4" fbRx="0.285983055" lbRx="0.28598393" />
<p fId="3" fbTx="0.286082096" lbTx="0.28608218" tId="0" fbRx="0.296082096" lbRx="0.29608218" />
<p fId="0" fbTx="0.28608218" lbTx="0.286083055" tId="1" fbRx="0.28608218" lbRx="0.286083055" />
<p fId="1" fbTx="0.286083055" lbTx="0.28608393" tId="4" fbRx="0.286083055" lbRx="0.28608393" />
<p fId="3" fbTx="0.286182096" lbTx="0.28618218" tId="0" fbRx="0.296182096" lbRx="0.29618218" />
<p fId="0" fbTx="0.28618218" lbTx="0.286183055" tId="1" fbRx="0.28618218" lbRx="0.286183055" />
<p fId="1" fbTx="0.286183055" lbTx="0.28618393" tId="4" fbRx="0.286183055" lbRx="0.28618393" />
<pr uId="264" fId="4" fbTx="0.286214286" />
<wpr uId="264" tId="5" fbRx="0.286214286" lbRx="0" />
<wpr uId="264" tId="6" fbRx="0.286214286" lbRx="0" />
<p fId="3" fbTx="0.286282096" lbTx="0.28628218" tId="0" fbRx="0.296282096" lbRx="0.29628218" />
<p fId="0" fbTx="0.28628218" lbTx="0.286283055" tId="1" fbRx="0.28628218" lbRx="0.286283055" />
<p fId="1" fbTx="0.286283055" lbTx="0.28628393" tId="4" fbRx="0.286283055" lbRx="0.28628393" />
<p fId="3" fbTx="0.286382096" lbTx="0.28638218" tId="0" fbRx="0.296382096" lbRx="0.29638218" />
<p fId="0" fbTx="0.28638218" lbTx="0.286383055" tId="1" fbRx="0.28638218" lbRx="0.286383055" />
<p fId="1" fbTx="0.286383055" lbTx="0.28638393" tId="4" fbRx="0.286383055" lbRx="0.28638393" />
<p fId="3" fbTx="0.286482096" lbTx="0.28648218" tId="0" fbRx="0.296482096" lbRx="0.29648218" />
<p fId="0" fbTx="0.28648218" lbTx="0.286483055" tId="1" fbRx="0.28648218" lbRx="0.286483055" />
<p fId="1" fbTx="0.286483055" lbTx="0.28648393" tId="4" fbRx="0.286483055" lbRx="0.28648393" />
<p fId="3" fbTx="0.286582096" lbTx="0.28658218" tId="0" fbRx="0.296582096" lbRx="0.29658218" />
<p fId="0" fbTx="0.28658218" lbTx="0.286583055" tId="1" fbRx="0.28658218" lbRx="0.286583055" />
<p fId="1" fbTx="0.286583055" lbTx="0.28658393" tId="4" fbRx="0.286583055" lbRx="0.28658393" />
<p fId="3" fbTx="0.286682096" lbTx="0.28668218" tId="0" fbRx="0.296682096" lbRx="0.29668218" />
<p fId="0" fbTx="0.28668218" lbTx="0.286683055" tId="1" fbRx="0.28668218" lbRx="0.286683055" />
<p fId="1" fbTx="0.286683055" lbTx="0.28668393" tId="4" fbRx="0.286683055" lbRx="0.28668393" />
<p fId="3" fbTx="0.286782096" lbTx="0.28678218" tId="0" fbRx="0.296782096" lbRx="0.29678218" />
<p fId="0" fbTx="0.28678218" lbTx="0.286783055" tId="1" fbRx="0.28678218" lbRx="0.286783055" />
<p fId="1" fbTx="0.286783055" lbTx="0.28678393" tId="4" fbRx="0.286783055" lbRx="0.28678393" />
<p fId="3" fbTx="0.286882096" lbTx="0.28688218" tId="0" fbRx="0.296882096" lbRx="0.29688218" />
<p fId="0" fbTx="0.28688218" lbTx="0.286883055" tId="1" fbRx="0.28688218" lbRx="0.286883055" />
<p fId="1" fbTx="0.286883055" lbTx="0.28688393" tId="4" fbRx="0.286883055" lbRx="0.28688393" />
<p fId="3" fbTx="0.286982096" lbTx="0.28698218" tId="0" fbRx="0.296982096" lbRx="0.29698218" />
<p fId="0" fbTx="0.28698218" lbTx="0.286983055" tId="1" fbRx="0.28698218" lbRx="0.286983055" />
<p fId="1" fbTx="0.286983055" lbTx="0.28698393" tId="4" fbRx="0.286983055" lbRx="0.28698393" />
<p fId="3" fbTx="0.287082096" lbTx="0.28708218" tId="0" fbRx="0.297082096" lbRx="0.29708218" />
<p fId="0" fbTx="0.28708218" lbTx="0.287083055" tId="1" fbRx="0.28708218" lbRx="0.287083055" />
<p fId="1" fbTx="0.287083055" lbTx="0.28708393" tId="4" fbRx="0.287083055" lbRx="0.28708393" />
<p fId="3" fbTx="0.287182096" lbTx="0.28718218" tId="0" fbRx="0.297182096" lbRx="0.29718218" />
<p fId="0" fbTx="0.28718218" lbTx="0.287183055" tId="1" fbRx="0.28718218" lbRx="0.287183055" />
<p fId="1" fbTx="0.287183055" lbTx="0.28718393" tId="4" fbRx="0.287183055" lbRx="0.28718393" />
<pr uId="265" fId="4" fbTx="0.287214286" />
<wpr uId="265" tId="5" fbRx="0.287214286" lbRx="0" />
<wpr uId="265" tId="6" fbRx="0.287214286" lbRx="0" />
<p fId="3" fbTx="0.287282096" lbTx="0.28728218" tId="0" fbRx="0.297282096" lbRx="0.29728218" />
<p fId="0" fbTx="0.28728218" lbTx="0.287283055" tId="1" fbRx="0.28728218" lbRx="0.287283055" />
<p fId="1" fbTx="0.287283055" lbTx="0.28728393" tId="4" fbRx="0.287283055" lbRx="0.28728393" />
<p fId="3" fbTx="0.287382096" lbTx="0.28738218" tId="0" fbRx="0.297382096" lbRx="0.29738218" />
<p fId="0" fbTx="0.28738218" lbTx="0.287383055" tId="1" fbRx="0.28738218" lbRx="0.287383055" />
<p fId="1" fbTx="0.287383055" lbTx="0.28738393" tId="4" fbRx="0.287383055" lbRx="0.28738393" />
<p fId="3" fbTx="0.287482096" lbTx="0.28748218" tId="0" fbRx="0.297482096" lbRx="0.29748218" />
<p fId="0" fbTx="0.28748218" lbTx="0.287483055" tId="1" fbRx="0.28748218" lbRx="0.287483055" />
<p fId="1" fbTx="0.287483055" lbTx="0.28748393" tId="4" fbRx="0.287483055" lbRx="0.28748393" />
<p fId="3" fbTx="0.287582096" lbTx="0.28758218" tId="0" fbRx="0.297582096" lbRx="0.29758218" />
<p fId="0" fbTx="0.28758218" lbTx="0.287583055" tId="1" fbRx="0.28758218" lbRx="0.287583055" />
<p fId="1" fbTx="0.287583055" lbTx="0.28758393" tId="4" fbRx="0.287583055" lbRx="0.28758393" />
<p fId="3" fbTx="0.287682096" lbTx="0.28768218" tId="0" fbRx="0.297682096" lbRx="0.29768218" />
<p fId="0" fbTx="0.28768218" lbTx="0.287683055" tId="1" fbRx="0.28768218" lbRx="0.287683055" />
<p fId="1" fbTx="0.287683055" lbTx="0.28768393" tId="4" fbRx="0.287683055" lbRx="0.28768393" />
<p fId="3" fbTx="0.287782096" lbTx="0.28778218" tId="0" fbRx="0.297782096" lbRx="0.29778218" />
<p fId="0" fbTx="0.28778218" lbTx="0.287783055" tId="1" fbRx="0.28778218" lbRx="0.287783055" />
<p fId="1" fbTx="0.287783055" lbTx="0.28778393" tId="4" fbRx="0.287783055" lbRx="0.28778393" />
<p fId="3" fbTx="0.287882096" lbTx="0.28788218" tId="0" fbRx="0.297882096" lbRx="0.29788218" />
<p fId="0" fbTx="0.28788218" lbTx="0.287883055" tId="1" fbRx="0.28788218" lbRx="0.287883055" />
<p fId="1" fbTx="0.287883055" lbTx="0.28788393" tId="4" fbRx="0.287883055" lbRx="0.28788393" />
<p fId="3" fbTx="0.287982096" lbTx="0.28798218" tId="0" fbRx="0.297982096" lbRx="0.29798218" />
<p fId="0" fbTx="0.28798218" lbTx="0.287983055" tId="1" fbRx="0.28798218" lbRx="0.287983055" />
<p fId="1" fbTx="0.287983055" lbTx="0.28798393" tId="4" fbRx="0.287983055" lbRx="0.28798393" />
<p fId="3" fbTx="0.288082096" lbTx="0.28808218" tId="0" fbRx="0.298082096" lbRx="0.29808218" />
<p fId="0" fbTx="0.28808218" lbTx="0.288083055" tId="1" fbRx="0.28808218" lbRx="0.288083055" />
<p fId="1" fbTx="0.288083055" lbTx="0.28808393" tId="4" fbRx="0.288083055" lbRx="0.28808393" />
<p fId="3" fbTx="0.288182096" lbTx="0.28818218" tId="0" fbRx="0.298182096" lbRx="0.29818218" />
<p fId="0" fbTx="0.28818218" lbTx="0.288183055" tId="1" fbRx="0.28818218" lbRx="0.288183055" />
<p fId="1" fbTx="0.288183055" lbTx="0.28818393" tId="4" fbRx="0.288183055" lbRx="0.28818393" />
<pr uId="266" fId="4" fbTx="0.288214286" />
<wpr uId="266" tId="5" fbRx="0.288214286" lbRx="0" />
<wpr uId="266" tId="6" fbRx="0.288214286" lbRx="0" />
<p fId="3" fbTx="0.288282096" lbTx="0.28828218" tId="0" fbRx="0.298282096" lbRx="0.29828218" />
<p fId="0" fbTx="0.28828218" lbTx="0.288283055" tId="1" fbRx="0.28828218" lbRx="0.288283055" />
<p fId="1" fbTx="0.288283055" lbTx="0.28828393" tId="4" fbRx="0.288283055" lbRx="0.28828393" />
<p fId="3" fbTx="0.288382096" lbTx="0.28838218" tId="0" fbRx="0.298382096" lbRx="0.29838218" />
<p fId="0" fbTx="0.28838218" lbTx="0.288383055" tId="1" fbRx="0.28838218" lbRx="0.288383055" />
<p fId="1" fbTx="0.288383055" lbTx="0.28838393" tId="4" fbRx="0.288383055" lbRx="0.28838393" />
<p fId="3" fbTx="0.288482096" lbTx="0.28848218" tId="0" fbRx="0.298482096" lbRx="0.29848218" />
<p fId="0" fbTx="0.28848218" lbTx="0.288483055" tId="1" fbRx="0.28848218" lbRx="0.288483055" />
<p fId="1" fbTx="0.288483055" lbTx="0.28848393" tId="4" fbRx="0.288483055" lbRx="0.28848393" />
<p fId="3" fbTx="0.288582096" lbTx="0.28858218" tId="0" fbRx="0.298582096" lbRx="0.29858218" />
<p fId="0" fbTx="0.28858218" lbTx="0.288583055" tId="1" fbRx="0.28858218" lbRx="0.288583055" />
<p fId="1" fbTx="0.288583055" lbTx="0.28858393" tId="4" fbRx="0.288583055" lbRx="0.28858393" />
<p fId="3" fbTx="0.288682096" lbTx="0.28868218" tId="0" fbRx="0.298682096" lbRx="0.29868218" />
<p fId="0" fbTx="0.28868218" lbTx="0.288683055" tId="1" fbRx="0.28868218" lbRx="0.288683055" />
<p fId="1" fbTx="0.288683055" lbTx="0.28868393" tId="4" fbRx="0.288683055" lbRx="0.28868393" />
<p fId="3" fbTx="0.288782096" lbTx="0.28878218" tId="0" fbRx="0.298782096" lbRx="0.29878218" />
<p fId="0" fbTx="0.28878218" lbTx="0.288783055" tId="1" fbRx="0.28878218" lbRx="0.288783055" />
<p fId="1" fbTx="0.288783055" lbTx="0.28878393" tId="4" fbRx="0.288783055" lbRx="0.28878393" />
<p fId="3" fbTx="0.288882096" lbTx="0.28888218" tId="0" fbRx="0.298882096" lbRx="0.29888218" />
<p fId="0" fbTx="0.28888218" lbTx="0.288883055" tId="1" fbRx="0.28888218" lbRx="0.288883055" />
<p fId="1" fbTx="0.288883055" lbTx="0.28888393" tId="4" fbRx="0.288883055" lbRx="0.28888393" />
<p fId="3" fbTx="0.288982096" lbTx="0.28898218" tId="0" fbRx="0.298982096" lbRx="0.29898218" />
<p fId="0" fbTx="0.28898218" lbTx="0.288983055" tId="1" fbRx="0.28898218" lbRx="0.288983055" />
<p fId="1" fbTx="0.288983055" lbTx="0.28898393" tId="4" fbRx="0.288983055" lbRx="0.28898393" />
<p fId="3" fbTx="0.289082096" lbTx="0.28908218" tId="0" fbRx="0.299082096" lbRx="0.29908218" />
<p fId="0" fbTx="0.28908218" lbTx="0.289083055" tId="1" fbRx="0.28908218" lbRx="0.289083055" />
<p fId="1" fbTx="0.289083055" lbTx="0.28908393" tId="4" fbRx="0.289083055" lbRx="0.28908393" />
<p fId="3" fbTx="0.289182096" lbTx="0.28918218" tId="0" fbRx="0.299182096" lbRx="0.29918218" />
<p fId="0" fbTx="0.28918218" lbTx="0.289183055" tId="1" fbRx="0.28918218" lbRx="0.289183055" />
<p fId="1" fbTx="0.289183055" lbTx="0.28918393" tId="4" fbRx="0.289183055" lbRx="0.28918393" />
<pr uId="267" fId="4" fbTx="0.289214286" />
<wpr uId="267" tId="5" fbRx="0.289214286" lbRx="0" />
<wpr uId="267" tId="6" fbRx="0.289214286" lbRx="0" />
<p fId="3" fbTx="0.289282096" lbTx="0.28928218" tId="0" fbRx="0.299282096" lbRx="0.29928218" />
<p fId="0" fbTx="0.28928218" lbTx="0.289283055" tId="1" fbRx="0.28928218" lbRx="0.289283055" />
<p fId="1" fbTx="0.289283055" lbTx="0.28928393" tId="4" fbRx="0.289283055" lbRx="0.28928393" />
<p fId="3" fbTx="0.289382096" lbTx="0.28938218" tId="0" fbRx="0.299382096" lbRx="0.29938218" />
<p fId="0" fbTx="0.28938218" lbTx="0.289383055" tId="1" fbRx="0.28938218" lbRx="0.289383055" />
<p fId="1" fbTx="0.289383055" lbTx="0.28938393" tId="4" fbRx="0.289383055" lbRx="0.28938393" />
<p fId="3" fbTx="0.289482096" lbTx="0.28948218" tId="0" fbRx="0.299482096" lbRx="0.29948218" />
<p fId="0" fbTx="0.28948218" lbTx="0.289483055" tId="1" fbRx="0.28948218" lbRx="0.289483055" />
<p fId="1" fbTx="0.289483055" lbTx="0.28948393" tId="4" fbRx="0.289483055" lbRx="0.28948393" />
<p fId="3" fbTx="0.289582096" lbTx="0.28958218" tId="0" fbRx="0.299582096" lbRx="0.29958218" />
<p fId="0" fbTx="0.28958218" lbTx="0.289583055" tId="1" fbRx="0.28958218" lbRx="0.289583055" />
<p fId="1" fbTx="0.289583055" lbTx="0.28958393" tId="4" fbRx="0.289583055" lbRx="0.28958393" />
<p fId="3" fbTx="0.289682096" lbTx="0.28968218" tId="0" fbRx="0.299682096" lbRx="0.29968218" />
<p fId="0" fbTx="0.28968218" lbTx="0.289683055" tId="1" fbRx="0.28968218" lbRx="0.289683055" />
<p fId="1" fbTx="0.289683055" lbTx="0.28968393" tId="4" fbRx="0.289683055" lbRx="0.28968393" />
<p fId="3" fbTx="0.289782096" lbTx="0.28978218" tId="0" fbRx="0.299782096" lbRx="0.29978218" />
<p fId="0" fbTx="0.28978218" lbTx="0.289783055" tId="1" fbRx="0.28978218" lbRx="0.289783055" />
<p fId="1" fbTx="0.289783055" lbTx="0.28978393" tId="4" fbRx="0.289783055" lbRx="0.28978393" />
<p fId="3" fbTx="0.289882096" lbTx="0.28988218" tId="0" fbRx="0.299882096" lbRx="0.29988218" />
<p fId="0" fbTx="0.28988218" lbTx="0.289883055" tId="1" fbRx="0.28988218" lbRx="0.289883055" />
<p fId="1" fbTx="0.289883055" lbTx="0.28988393" tId="4" fbRx="0.289883055" lbRx="0.28988393" />
<p fId="3" fbTx="0.289982096" lbTx="0.28998218" tId="0" fbRx="0.299982096" lbRx="0.29998218" />
<p fId="0" fbTx="0.28998218" lbTx="0.289983055" tId="1" fbRx="0.28998218" lbRx="0.289983055" />
<p fId="1" fbTx="0.289983055" lbTx="0.28998393" tId="4" fbRx="0.289983055" lbRx="0.28998393" />
<p fId="3" fbTx="0.290082096" lbTx="0.29008218" tId="0" fbRx="0.300082096" lbRx="0.30008218" />
<p fId="0" fbTx="0.29008218" lbTx="0.290083055" tId="1" fbRx="0.29008218" lbRx="0.290083055" />
<p fId="1" fbTx="0.290083055" lbTx="0.29008393" tId="4" fbRx="0.290083055" lbRx="0.29008393" />
<p fId="3" fbTx="0.290182096" lbTx="0.29018218" tId="0" fbRx="0.300182096" lbRx="0.30018218" />
<p fId="0" fbTx="0.29018218" lbTx="0.290183055" tId="1" fbRx="0.29018218" lbRx="0.290183055" />
<p fId="1" fbTx="0.290183055" lbTx="0.29018393" tId="4" fbRx="0.290183055" lbRx="0.29018393" />
<pr uId="268" fId="4" fbTx="0.290214286" />
<wpr uId="268" tId="5" fbRx="0.290214286" lbRx="0" />
<wpr uId="268" tId="6" fbRx="0.290214286" lbRx="0" />
<p fId="3" fbTx="0.290282096" lbTx="0.29028218" tId="0" fbRx="0.300282096" lbRx="0.30028218" />
<p fId="0" fbTx="0.29028218" lbTx="0.290283055" tId="1" fbRx="0.29028218" lbRx="0.290283055" />
<p fId="1" fbTx="0.290283055" lbTx="0.29028393" tId="4" fbRx="0.290283055" lbRx="0.29028393" />
<p fId="3" fbTx="0.290382096" lbTx="0.29038218" tId="0" fbRx="0.300382096" lbRx="0.30038218" />
<p fId="0" fbTx="0.29038218" lbTx="0.290383055" tId="1" fbRx="0.29038218" lbRx="0.290383055" />
<p fId="1" fbTx="0.290383055" lbTx="0.29038393" tId="4" fbRx="0.290383055" lbRx="0.29038393" />
<p fId="3" fbTx="0.290482096" lbTx="0.29048218" tId="0" fbRx="0.300482096" lbRx="0.30048218" />
<p fId="0" fbTx="0.29048218" lbTx="0.290483055" tId="1" fbRx="0.29048218" lbRx="0.290483055" />
<p fId="1" fbTx="0.290483055" lbTx="0.29048393" tId="4" fbRx="0.290483055" lbRx="0.29048393" />
<p fId="3" fbTx="0.290582096" lbTx="0.29058218" tId="0" fbRx="0.300582096" lbRx="0.30058218" />
<p fId="0" fbTx="0.29058218" lbTx="0.290583055" tId="1" fbRx="0.29058218" lbRx="0.290583055" />
<p fId="1" fbTx="0.290583055" lbTx="0.29058393" tId="4" fbRx="0.290583055" lbRx="0.29058393" />
<p fId="3" fbTx="0.290682096" lbTx="0.29068218" tId="0" fbRx="0.300682096" lbRx="0.30068218" />
<p fId="0" fbTx="0.29068218" lbTx="0.290683055" tId="1" fbRx="0.29068218" lbRx="0.290683055" />
<p fId="1" fbTx="0.290683055" lbTx="0.29068393" tId="4" fbRx="0.290683055" lbRx="0.29068393" />
<p fId="3" fbTx="0.290782096" lbTx="0.29078218" tId="0" fbRx="0.300782096" lbRx="0.30078218" />
<p fId="0" fbTx="0.29078218" lbTx="0.290783055" tId="1" fbRx="0.29078218" lbRx="0.290783055" />
<p fId="1" fbTx="0.290783055" lbTx="0.29078393" tId="4" fbRx="0.290783055" lbRx="0.29078393" />
<p fId="3" fbTx="0.290882096" lbTx="0.29088218" tId="0" fbRx="0.300882096" lbRx="0.30088218" />
<p fId="0" fbTx="0.29088218" lbTx="0.290883055" tId="1" fbRx="0.29088218" lbRx="0.290883055" />
<p fId="1" fbTx="0.290883055" lbTx="0.29088393" tId="4" fbRx="0.290883055" lbRx="0.29088393" />
<p fId="3" fbTx="0.290982096" lbTx="0.29098218" tId="0" fbRx="0.300982096" lbRx="0.30098218" />
<p fId="0" fbTx="0.29098218" lbTx="0.290983055" tId="1" fbRx="0.29098218" lbRx="0.290983055" />
<p fId="1" fbTx="0.290983055" lbTx="0.29098393" tId="4" fbRx="0.290983055" lbRx="0.29098393" />
<p fId="3" fbTx="0.291082096" lbTx="0.29108218" tId="0" fbRx="0.301082096" lbRx="0.30108218" />
<p fId="0" fbTx="0.29108218" lbTx="0.291083055" tId="1" fbRx="0.29108218" lbRx="0.291083055" />
<p fId="1" fbTx="0.291083055" lbTx="0.29108393" tId="4" fbRx="0.291083055" lbRx="0.29108393" />
<p fId="3" fbTx="0.291182096" lbTx="0.29118218" tId="0" fbRx="0.301182096" lbRx="0.30118218" />
<p fId="0" fbTx="0.29118218" lbTx="0.291183055" tId="1" fbRx="0.29118218" lbRx="0.291183055" />
<p fId="1" fbTx="0.291183055" lbTx="0.29118393" tId="4" fbRx="0.291183055" lbRx="0.29118393" />
<pr uId="269" fId="4" fbTx="0.291214286" />
<wpr uId="269" tId="5" fbRx="0.291214286" lbRx="0" />
<wpr uId="269" tId="6" fbRx="0.291214286" lbRx="0" />
<p fId="3" fbTx="0.291282096" lbTx="0.29128218" tId="0" fbRx="0.301282096" lbRx="0.30128218" />
<p fId="0" fbTx="0.29128218" lbTx="0.291283055" tId="1" fbRx="0.29128218" lbRx="0.291283055" />
<p fId="1" fbTx="0.291283055" lbTx="0.29128393" tId="4" fbRx="0.291283055" lbRx="0.29128393" />
<p fId="3" fbTx="0.291382096" lbTx="0.29138218" tId="0" fbRx="0.301382096" lbRx="0.30138218" />
<p fId="0" fbTx="0.29138218" lbTx="0.291383055" tId="1" fbRx="0.29138218" lbRx="0.291383055" />
<p fId="1" fbTx="0.291383055" lbTx="0.29138393" tId="4" fbRx="0.291383055" lbRx="0.29138393" />
<p fId="3" fbTx="0.291482096" lbTx="0.29148218" tId="0" fbRx="0.301482096" lbRx="0.30148218" />
<p fId="0" fbTx="0.29148218" lbTx="0.291483055" tId="1" fbRx="0.29148218" lbRx="0.291483055" />
<p fId="1" fbTx="0.291483055" lbTx="0.29148393" tId="4" fbRx="0.291483055" lbRx="0.29148393" />
<p fId="3" fbTx="0.291582096" lbTx="0.29158218" tId="0" fbRx="0.301582096" lbRx="0.30158218" />
<p fId="0" fbTx="0.29158218" lbTx="0.291583055" tId="1" fbRx="0.29158218" lbRx="0.291583055" />
<p fId="1" fbTx="0.291583055" lbTx="0.29158393" tId="4" fbRx="0.291583055" lbRx="0.29158393" />
<p fId="3" fbTx="0.291682096" lbTx="0.29168218" tId="0" fbRx="0.301682096" lbRx="0.30168218" />
<p fId="0" fbTx="0.29168218" lbTx="0.291683055" tId="1" fbRx="0.29168218" lbRx="0.291683055" />
<p fId="1" fbTx="0.291683055" lbTx="0.29168393" tId="4" fbRx="0.291683055" lbRx="0.29168393" />
<p fId="3" fbTx="0.291782096" lbTx="0.29178218" tId="0" fbRx="0.301782096" lbRx="0.30178218" />
<p fId="0" fbTx="0.29178218" lbTx="0.291783055" tId="1" fbRx="0.29178218" lbRx="0.291783055" />
<p fId="1" fbTx="0.291783055" lbTx="0.29178393" tId="4" fbRx="0.291783055" lbRx="0.29178393" />
<p fId="3" fbTx="0.291882096" lbTx="0.29188218" tId="0" fbRx="0.301882096" lbRx="0.30188218" />
<p fId="0" fbTx="0.29188218" lbTx="0.291883055" tId="1" fbRx="0.29188218" lbRx="0.291883055" />
<p fId="1" fbTx="0.291883055" lbTx="0.29188393" tId="4" fbRx="0.291883055" lbRx="0.29188393" />
<p fId="3" fbTx="0.291982096" lbTx="0.29198218" tId="0" fbRx="0.301982096" lbRx="0.30198218" />
<p fId="0" fbTx="0.29198218" lbTx="0.291983055" tId="1" fbRx="0.29198218" lbRx="0.291983055" />
<p fId="1" fbTx="0.291983055" lbTx="0.29198393" tId="4" fbRx="0.291983055" lbRx="0.29198393" />
<p fId="3" fbTx="0.292082096" lbTx="0.29208218" tId="0" fbRx="0.302082096" lbRx="0.30208218" />
<p fId="0" fbTx="0.29208218" lbTx="0.292083055" tId="1" fbRx="0.29208218" lbRx="0.292083055" />
<p fId="1" fbTx="0.292083055" lbTx="0.29208393" tId="4" fbRx="0.292083055" lbRx="0.29208393" />
<p fId="3" fbTx="0.292182096" lbTx="0.29218218" tId="0" fbRx="0.302182096" lbRx="0.30218218" />
<p fId="0" fbTx="0.29218218" lbTx="0.292183055" tId="1" fbRx="0.29218218" lbRx="0.292183055" />
<p fId="1" fbTx="0.292183055" lbTx="0.29218393" tId="4" fbRx="0.292183055" lbRx="0.29218393" />
<pr uId="270" fId="4" fbTx="0.292214286" />
<wpr uId="270" tId="5" fbRx="0.292214286" lbRx="0" />
<wpr uId="270" tId="6" fbRx="0.292214286" lbRx="0" />
<p fId="3" fbTx="0.292282096" lbTx="0.29228218" tId="0" fbRx="0.302282096" lbRx="0.30228218" />
<p fId="0" fbTx="0.29228218" lbTx="0.292283055" tId="1" fbRx="0.29228218" lbRx="0.292283055" />
<p fId="1" fbTx="0.292283055" lbTx="0.29228393" tId="4" fbRx="0.292283055" lbRx="0.29228393" />
<p fId="3" fbTx="0.292382096" lbTx="0.29238218" tId="0" fbRx="0.302382096" lbRx="0.30238218" />
<p fId="0" fbTx="0.29238218" lbTx="0.292383055" tId="1" fbRx="0.29238218" lbRx="0.292383055" />
<p fId="1" fbTx="0.292383055" lbTx="0.29238393" tId="4" fbRx="0.292383055" lbRx="0.29238393" />
<p fId="3" fbTx="0.292482096" lbTx="0.29248218" tId="0" fbRx="0.302482096" lbRx="0.30248218" />
<p fId="0" fbTx="0.29248218" lbTx="0.292483055" tId="1" fbRx="0.29248218" lbRx="0.292483055" />
<p fId="1" fbTx="0.292483055" lbTx="0.29248393" tId="4" fbRx="0.292483055" lbRx="0.29248393" />
<p fId="3" fbTx="0.292582096" lbTx="0.29258218" tId="0" fbRx="0.302582096" lbRx="0.30258218" />
<p fId="0" fbTx="0.29258218" lbTx="0.292583055" tId="1" fbRx="0.29258218" lbRx="0.292583055" />
<p fId="1" fbTx="0.292583055" lbTx="0.29258393" tId="4" fbRx="0.292583055" lbRx="0.29258393" />
<p fId="3" fbTx="0.292682096" lbTx="0.29268218" tId="0" fbRx="0.302682096" lbRx="0.30268218" />
<p fId="0" fbTx="0.29268218" lbTx="0.292683055" tId="1" fbRx="0.29268218" lbRx="0.292683055" />
<p fId="1" fbTx="0.292683055" lbTx="0.29268393" tId="4" fbRx="0.292683055" lbRx="0.29268393" />
<p fId="3" fbTx="0.292782096" lbTx="0.29278218" tId="0" fbRx="0.302782096" lbRx="0.30278218" />
<p fId="0" fbTx="0.29278218" lbTx="0.292783055" tId="1" fbRx="0.29278218" lbRx="0.292783055" />
<p fId="1" fbTx="0.292783055" lbTx="0.29278393" tId="4" fbRx="0.292783055" lbRx="0.29278393" />
<p fId="3" fbTx="0.292882096" lbTx="0.29288218" tId="0" fbRx="0.302882096" lbRx="0.30288218" />
<p fId="0" fbTx="0.29288218" lbTx="0.292883055" tId="1" fbRx="0.29288218" lbRx="0.292883055" />
<p fId="1" fbTx="0.292883055" lbTx="0.29288393" tId="4" fbRx="0.292883055" lbRx="0.29288393" />
<p fId="3" fbTx="0.292982096" lbTx="0.29298218" tId="0" fbRx="0.302982096" lbRx="0.30298218" />
<p fId="0" fbTx="0.29298218" lbTx="0.292983055" tId="1" fbRx="0.29298218" lbRx="0.292983055" />
<p fId="1" fbTx="0.292983055" lbTx="0.29298393" tId="4" fbRx="0.292983055" lbRx="0.29298393" />
<p fId="3" fbTx="0.293082096" lbTx="0.29308218" tId="0" fbRx="0.303082096" lbRx="0.30308218" />
<p fId="0" fbTx="0.29308218" lbTx="0.293083055" tId="1" fbRx="0.29308218" lbRx="0.293083055" />
<p fId="1" fbTx="0.293083055" lbTx="0.29308393" tId="4" fbRx="0.293083055" lbRx="0.29308393" />
<p fId="3" fbTx="0.293182096" lbTx="0.29318218" tId="0" fbRx="0.303182096" lbRx="0.30318218" />
<p fId="0" fbTx="0.29318218" lbTx="0.293183055" tId="1" fbRx="0.29318218" lbRx="0.293183055" />
<p fId="1" fbTx="0.293183055" lbTx="0.29318393" tId="4" fbRx="0.293183055" lbRx="0.29318393" />
<pr uId="271" fId="4" fbTx="0.293214286" />
<wpr uId="271" tId="5" fbRx="0.293214286" lbRx="0" />
<wpr uId="271" tId="6" fbRx="0.293214286" lbRx="0" />
<p fId="3" fbTx="0.293282096" lbTx="0.29328218" tId="0" fbRx="0.303282096" lbRx="0.30328218" />
<p fId="0" fbTx="0.29328218" lbTx="0.293283055" tId="1" fbRx="0.29328218" lbRx="0.293283055" />
<p fId="1" fbTx="0.293283055" lbTx="0.29328393" tId="4" fbRx="0.293283055" lbRx="0.29328393" />
<p fId="3" fbTx="0.293382096" lbTx="0.29338218" tId="0" fbRx="0.303382096" lbRx="0.30338218" />
<p fId="0" fbTx="0.29338218" lbTx="0.293383055" tId="1" fbRx="0.29338218" lbRx="0.293383055" />
<p fId="1" fbTx="0.293383055" lbTx="0.29338393" tId="4" fbRx="0.293383055" lbRx="0.29338393" />
<p fId="3" fbTx="0.293482096" lbTx="0.29348218" tId="0" fbRx="0.303482096" lbRx="0.30348218" />
<p fId="0" fbTx="0.29348218" lbTx="0.293483055" tId="1" fbRx="0.29348218" lbRx="0.293483055" />
<p fId="1" fbTx="0.293483055" lbTx="0.29348393" tId="4" fbRx="0.293483055" lbRx="0.29348393" />
<p fId="3" fbTx="0.293582096" lbTx="0.29358218" tId="0" fbRx="0.303582096" lbRx="0.30358218" />
<p fId="0" fbTx="0.29358218" lbTx="0.293583055" tId="1" fbRx="0.29358218" lbRx="0.293583055" />
<p fId="1" fbTx="0.293583055" lbTx="0.29358393" tId="4" fbRx="0.293583055" lbRx="0.29358393" />
<p fId="3" fbTx="0.293682096" lbTx="0.29368218" tId="0" fbRx="0.303682096" lbRx="0.30368218" />
<p fId="0" fbTx="0.29368218" lbTx="0.293683055" tId="1" fbRx="0.29368218" lbRx="0.293683055" />
<p fId="1" fbTx="0.293683055" lbTx="0.29368393" tId="4" fbRx="0.293683055" lbRx="0.29368393" />
<p fId="3" fbTx="0.293782096" lbTx="0.29378218" tId="0" fbRx="0.303782096" lbRx="0.30378218" />
<p fId="0" fbTx="0.29378218" lbTx="0.293783055" tId="1" fbRx="0.29378218" lbRx="0.293783055" />
<p fId="1" fbTx="0.293783055" lbTx="0.29378393" tId="4" fbRx="0.293783055" lbRx="0.29378393" />
<p fId="3" fbTx="0.293882096" lbTx="0.29388218" tId="0" fbRx="0.303882096" lbRx="0.30388218" />
<p fId="0" fbTx="0.29388218" lbTx="0.293883055" tId="1" fbRx="0.29388218" lbRx="0.293883055" />
<p fId="1" fbTx="0.293883055" lbTx="0.29388393" tId="4" fbRx="0.293883055" lbRx="0.29388393" />
<p fId="3" fbTx="0.293982096" lbTx="0.29398218" tId="0" fbRx="0.303982096" lbRx="0.30398218" />
<p fId="0" fbTx="0.29398218" lbTx="0.293983055" tId="1" fbRx="0.29398218" lbRx="0.293983055" />
<p fId="1" fbTx="0.293983055" lbTx="0.29398393" tId="4" fbRx="0.293983055" lbRx="0.29398393" />
<p fId="3" fbTx="0.294082096" lbTx="0.29408218" tId="0" fbRx="0.304082096" lbRx="0.30408218" />
<p fId="0" fbTx="0.29408218" lbTx="0.294083055" tId="1" fbRx="0.29408218" lbRx="0.294083055" />
<p fId="1" fbTx="0.294083055" lbTx="0.29408393" tId="4" fbRx="0.294083055" lbRx="0.29408393" />
<p fId="3" fbTx="0.294182096" lbTx="0.29418218" tId="0" fbRx="0.304182096" lbRx="0.30418218" />
<p fId="0" fbTx="0.29418218" lbTx="0.294183055" tId="1" fbRx="0.29418218" lbRx="0.294183055" />
<p fId="1" fbTx="0.294183055" lbTx="0.29418393" tId="4" fbRx="0.294183055" lbRx="0.29418393" />
<pr uId="272" fId="4" fbTx="0.294214286" />
<wpr uId="272" tId="5" fbRx="0.294214286" lbRx="0" />
<wpr uId="272" tId="6" fbRx="0.294214286" lbRx="0" />
<p fId="3" fbTx="0.294282096" lbTx="0.29428218" tId="0" fbRx="0.304282096" lbRx="0.30428218" />
<p fId="0" fbTx="0.29428218" lbTx="0.294283055" tId="1" fbRx="0.29428218" lbRx="0.294283055" />
<p fId="1" fbTx="0.294283055" lbTx="0.29428393" tId="4" fbRx="0.294283055" lbRx="0.29428393" />
<p fId="3" fbTx="0.294382096" lbTx="0.29438218" tId="0" fbRx="0.304382096" lbRx="0.30438218" />
<p fId="0" fbTx="0.29438218" lbTx="0.294383055" tId="1" fbRx="0.29438218" lbRx="0.294383055" />
<p fId="1" fbTx="0.294383055" lbTx="0.29438393" tId="4" fbRx="0.294383055" lbRx="0.29438393" />
<p fId="3" fbTx="0.294482096" lbTx="0.29448218" tId="0" fbRx="0.304482096" lbRx="0.30448218" />
<p fId="0" fbTx="0.29448218" lbTx="0.294483055" tId="1" fbRx="0.29448218" lbRx="0.294483055" />
<p fId="1" fbTx="0.294483055" lbTx="0.29448393" tId="4" fbRx="0.294483055" lbRx="0.29448393" />
<p fId="3" fbTx="0.294582096" lbTx="0.29458218" tId="0" fbRx="0.304582096" lbRx="0.30458218" />
<p fId="0" fbTx="0.29458218" lbTx="0.294583055" tId="1" fbRx="0.29458218" lbRx="0.294583055" />
<p fId="1" fbTx="0.294583055" lbTx="0.29458393" tId="4" fbRx="0.294583055" lbRx="0.29458393" />
<p fId="3" fbTx="0.294682096" lbTx="0.29468218" tId="0" fbRx="0.304682096" lbRx="0.30468218" />
<p fId="0" fbTx="0.29468218" lbTx="0.294683055" tId="1" fbRx="0.29468218" lbRx="0.294683055" />
<p fId="1" fbTx="0.294683055" lbTx="0.29468393" tId="4" fbRx="0.294683055" lbRx="0.29468393" />
<p fId="3" fbTx="0.294782096" lbTx="0.29478218" tId="0" fbRx="0.304782096" lbRx="0.30478218" />
<p fId="0" fbTx="0.29478218" lbTx="0.294783055" tId="1" fbRx="0.29478218" lbRx="0.294783055" />
<p fId="1" fbTx="0.294783055" lbTx="0.29478393" tId="4" fbRx="0.294783055" lbRx="0.29478393" />
<p fId="3" fbTx="0.294882096" lbTx="0.29488218" tId="0" fbRx="0.304882096" lbRx="0.30488218" />
<p fId="0" fbTx="0.29488218" lbTx="0.294883055" tId="1" fbRx="0.29488218" lbRx="0.294883055" />
<p fId="1" fbTx="0.294883055" lbTx="0.29488393" tId="4" fbRx="0.294883055" lbRx="0.29488393" />
<p fId="3" fbTx="0.294982096" lbTx="0.29498218" tId="0" fbRx="0.304982096" lbRx="0.30498218" />
<p fId="0" fbTx="0.29498218" lbTx="0.294983055" tId="1" fbRx="0.29498218" lbRx="0.294983055" />
<p fId="1" fbTx="0.294983055" lbTx="0.29498393" tId="4" fbRx="0.294983055" lbRx="0.29498393" />
<p fId="3" fbTx="0.295082096" lbTx="0.29508218" tId="0" fbRx="0.305082096" lbRx="0.30508218" />
<p fId="0" fbTx="0.29508218" lbTx="0.295083055" tId="1" fbRx="0.29508218" lbRx="0.295083055" />
<p fId="1" fbTx="0.295083055" lbTx="0.29508393" tId="4" fbRx="0.295083055" lbRx="0.29508393" />
<p fId="3" fbTx="0.295182096" lbTx="0.29518218" tId="0" fbRx="0.305182096" lbRx="0.30518218" />
<p fId="0" fbTx="0.29518218" lbTx="0.295183055" tId="1" fbRx="0.29518218" lbRx="0.295183055" />
<p fId="1" fbTx="0.295183055" lbTx="0.29518393" tId="4" fbRx="0.295183055" lbRx="0.29518393" />
<pr uId="273" fId="4" fbTx="0.295214286" />
<wpr uId="273" tId="5" fbRx="0.295214286" lbRx="0" />
<wpr uId="273" tId="6" fbRx="0.295214286" lbRx="0" />
<p fId="3" fbTx="0.295282096" lbTx="0.29528218" tId="0" fbRx="0.305282096" lbRx="0.30528218" />
<p fId="0" fbTx="0.29528218" lbTx="0.295283055" tId="1" fbRx="0.29528218" lbRx="0.295283055" />
<p fId="1" fbTx="0.295283055" lbTx="0.29528393" tId="4" fbRx="0.295283055" lbRx="0.29528393" />
<p fId="3" fbTx="0.295382096" lbTx="0.29538218" tId="0" fbRx="0.305382096" lbRx="0.30538218" />
<p fId="0" fbTx="0.29538218" lbTx="0.295383055" tId="1" fbRx="0.29538218" lbRx="0.295383055" />
<p fId="1" fbTx="0.295383055" lbTx="0.29538393" tId="4" fbRx="0.295383055" lbRx="0.29538393" />
<p fId="3" fbTx="0.295482096" lbTx="0.29548218" tId="0" fbRx="0.305482096" lbRx="0.30548218" />
<p fId="0" fbTx="0.29548218" lbTx="0.295483055" tId="1" fbRx="0.29548218" lbRx="0.295483055" />
<p fId="1" fbTx="0.295483055" lbTx="0.29548393" tId="4" fbRx="0.295483055" lbRx="0.29548393" />
<p fId="3" fbTx="0.295582096" lbTx="0.29558218" tId="0" fbRx="0.305582096" lbRx="0.30558218" />
<p fId="0" fbTx="0.29558218" lbTx="0.295583055" tId="1" fbRx="0.29558218" lbRx="0.295583055" />
<p fId="1" fbTx="0.295583055" lbTx="0.29558393" tId="4" fbRx="0.295583055" lbRx="0.29558393" />
<p fId="3" fbTx="0.295682096" lbTx="0.29568218" tId="0" fbRx="0.305682096" lbRx="0.30568218" />
<p fId="0" fbTx="0.29568218" lbTx="0.295683055" tId="1" fbRx="0.29568218" lbRx="0.295683055" />
<p fId="1" fbTx="0.295683055" lbTx="0.29568393" tId="4" fbRx="0.295683055" lbRx="0.29568393" />
<p fId="3" fbTx="0.295782096" lbTx="0.29578218" tId="0" fbRx="0.305782096" lbRx="0.30578218" />
<p fId="0" fbTx="0.29578218" lbTx="0.295783055" tId="1" fbRx="0.29578218" lbRx="0.295783055" />
<p fId="1" fbTx="0.295783055" lbTx="0.29578393" tId="4" fbRx="0.295783055" lbRx="0.29578393" />
<p fId="3" fbTx="0.295882096" lbTx="0.29588218" tId="0" fbRx="0.305882096" lbRx="0.30588218" />
<p fId="0" fbTx="0.29588218" lbTx="0.295883055" tId="1" fbRx="0.29588218" lbRx="0.295883055" />
<p fId="1" fbTx="0.295883055" lbTx="0.29588393" tId="4" fbRx="0.295883055" lbRx="0.29588393" />
<p fId="3" fbTx="0.295982096" lbTx="0.29598218" tId="0" fbRx="0.305982096" lbRx="0.30598218" />
<p fId="0" fbTx="0.29598218" lbTx="0.295983055" tId="1" fbRx="0.29598218" lbRx="0.295983055" />
<p fId="1" fbTx="0.295983055" lbTx="0.29598393" tId="4" fbRx="0.295983055" lbRx="0.29598393" />
<p fId="3" fbTx="0.296082096" lbTx="0.29608218" tId="0" fbRx="0.306082096" lbRx="0.30608218" />
<p fId="0" fbTx="0.29608218" lbTx="0.296083055" tId="1" fbRx="0.29608218" lbRx="0.296083055" />
<p fId="1" fbTx="0.296083055" lbTx="0.29608393" tId="4" fbRx="0.296083055" lbRx="0.29608393" />
<p fId="3" fbTx="0.296182096" lbTx="0.29618218" tId="0" fbRx="0.306182096" lbRx="0.30618218" />
<p fId="0" fbTx="0.29618218" lbTx="0.296183055" tId="1" fbRx="0.29618218" lbRx="0.296183055" />
<p fId="1" fbTx="0.296183055" lbTx="0.29618393" tId="4" fbRx="0.296183055" lbRx="0.29618393" />
<pr uId="274" fId="4" fbTx="0.296214286" />
<wpr uId="274" tId="5" fbRx="0.296214286" lbRx="0" />
<wpr uId="274" tId="6" fbRx="0.296214286" lbRx="0" />
<p fId="3" fbTx="0.296282096" lbTx="0.29628218" tId="0" fbRx="0.306282096" lbRx="0.30628218" />
<p fId="0" fbTx="0.29628218" lbTx="0.296283055" tId="1" fbRx="0.29628218" lbRx="0.296283055" />
<p fId="1" fbTx="0.296283055" lbTx="0.29628393" tId="4" fbRx="0.296283055" lbRx="0.29628393" />
<p fId="3" fbTx="0.296382096" lbTx="0.29638218" tId="0" fbRx="0.306382096" lbRx="0.30638218" />
<p fId="0" fbTx="0.29638218" lbTx="0.296383055" tId="1" fbRx="0.29638218" lbRx="0.296383055" />
<p fId="1" fbTx="0.296383055" lbTx="0.29638393" tId="4" fbRx="0.296383055" lbRx="0.29638393" />
<p fId="3" fbTx="0.296482096" lbTx="0.29648218" tId="0" fbRx="0.306482096" lbRx="0.30648218" />
<p fId="0" fbTx="0.29648218" lbTx="0.296483055" tId="1" fbRx="0.29648218" lbRx="0.296483055" />
<p fId="1" fbTx="0.296483055" lbTx="0.29648393" tId="4" fbRx="0.296483055" lbRx="0.29648393" />
<p fId="3" fbTx="0.296582096" lbTx="0.29658218" tId="0" fbRx="0.306582096" lbRx="0.30658218" />
<p fId="0" fbTx="0.29658218" lbTx="0.296583055" tId="1" fbRx="0.29658218" lbRx="0.296583055" />
<p fId="1" fbTx="0.296583055" lbTx="0.29658393" tId="4" fbRx="0.296583055" lbRx="0.29658393" />
<p fId="3" fbTx="0.296682096" lbTx="0.29668218" tId="0" fbRx="0.306682096" lbRx="0.30668218" />
<p fId="0" fbTx="0.29668218" lbTx="0.296683055" tId="1" fbRx="0.29668218" lbRx="0.296683055" />
<p fId="1" fbTx="0.296683055" lbTx="0.29668393" tId="4" fbRx="0.296683055" lbRx="0.29668393" />
<p fId="3" fbTx="0.296782096" lbTx="0.29678218" tId="0" fbRx="0.306782096" lbRx="0.30678218" />
<p fId="0" fbTx="0.29678218" lbTx="0.296783055" tId="1" fbRx="0.29678218" lbRx="0.296783055" />
<p fId="1" fbTx="0.296783055" lbTx="0.29678393" tId="4" fbRx="0.296783055" lbRx="0.29678393" />
<p fId="3" fbTx="0.296882096" lbTx="0.29688218" tId="0" fbRx="0.306882096" lbRx="0.30688218" />
<p fId="0" fbTx="0.29688218" lbTx="0.296883055" tId="1" fbRx="0.29688218" lbRx="0.296883055" />
<p fId="1" fbTx="0.296883055" lbTx="0.29688393" tId="4" fbRx="0.296883055" lbRx="0.29688393" />
<p fId="3" fbTx="0.296982096" lbTx="0.29698218" tId="0" fbRx="0.306982096" lbRx="0.30698218" />
<p fId="0" fbTx="0.29698218" lbTx="0.296983055" tId="1" fbRx="0.29698218" lbRx="0.296983055" />
<p fId="1" fbTx="0.296983055" lbTx="0.29698393" tId="4" fbRx="0.296983055" lbRx="0.29698393" />
<p fId="3" fbTx="0.297082096" lbTx="0.29708218" tId="0" fbRx="0.307082096" lbRx="0.30708218" />
<p fId="0" fbTx="0.29708218" lbTx="0.297083055" tId="1" fbRx="0.29708218" lbRx="0.297083055" />
<p fId="1" fbTx="0.297083055" lbTx="0.29708393" tId="4" fbRx="0.297083055" lbRx="0.29708393" />
<p fId="3" fbTx="0.297182096" lbTx="0.29718218" tId="0" fbRx="0.307182096" lbRx="0.30718218" />
<p fId="0" fbTx="0.29718218" lbTx="0.297183055" tId="1" fbRx="0.29718218" lbRx="0.297183055" />
<p fId="1" fbTx="0.297183055" lbTx="0.29718393" tId="4" fbRx="0.297183055" lbRx="0.29718393" />
<pr uId="275" fId="4" fbTx="0.297214286" />
<wpr uId="275" tId="5" fbRx="0.297214286" lbRx="0" />
<wpr uId="275" tId="6" fbRx="0.297214286" lbRx="0" />
<p fId="3" fbTx="0.297282096" lbTx="0.29728218" tId="0" fbRx="0.307282096" lbRx="0.30728218" />
<p fId="0" fbTx="0.29728218" lbTx="0.297283055" tId="1" fbRx="0.29728218" lbRx="0.297283055" />
<p fId="1" fbTx="0.297283055" lbTx="0.29728393" tId="4" fbRx="0.297283055" lbRx="0.29728393" />
<p fId="3" fbTx="0.297382096" lbTx="0.29738218" tId="0" fbRx="0.307382096" lbRx="0.30738218" />
<p fId="0" fbTx="0.29738218" lbTx="0.297383055" tId="1" fbRx="0.29738218" lbRx="0.297383055" />
<p fId="1" fbTx="0.297383055" lbTx="0.29738393" tId="4" fbRx="0.297383055" lbRx="0.29738393" />
<p fId="3" fbTx="0.297482096" lbTx="0.29748218" tId="0" fbRx="0.307482096" lbRx="0.30748218" />
<p fId="0" fbTx="0.29748218" lbTx="0.297483055" tId="1" fbRx="0.29748218" lbRx="0.297483055" />
<p fId="1" fbTx="0.297483055" lbTx="0.29748393" tId="4" fbRx="0.297483055" lbRx="0.29748393" />
<p fId="3" fbTx="0.297582096" lbTx="0.29758218" tId="0" fbRx="0.307582096" lbRx="0.30758218" />
<p fId="0" fbTx="0.29758218" lbTx="0.297583055" tId="1" fbRx="0.29758218" lbRx="0.297583055" />
<p fId="1" fbTx="0.297583055" lbTx="0.29758393" tId="4" fbRx="0.297583055" lbRx="0.29758393" />
<p fId="3" fbTx="0.297682096" lbTx="0.29768218" tId="0" fbRx="0.307682096" lbRx="0.30768218" />
<p fId="0" fbTx="0.29768218" lbTx="0.297683055" tId="1" fbRx="0.29768218" lbRx="0.297683055" />
<p fId="1" fbTx="0.297683055" lbTx="0.29768393" tId="4" fbRx="0.297683055" lbRx="0.29768393" />
<p fId="3" fbTx="0.297782096" lbTx="0.29778218" tId="0" fbRx="0.307782096" lbRx="0.30778218" />
<p fId="0" fbTx="0.29778218" lbTx="0.297783055" tId="1" fbRx="0.29778218" lbRx="0.297783055" />
<p fId="1" fbTx="0.297783055" lbTx="0.29778393" tId="4" fbRx="0.297783055" lbRx="0.29778393" />
<p fId="3" fbTx="0.297882096" lbTx="0.29788218" tId="0" fbRx="0.307882096" lbRx="0.30788218" />
<p fId="0" fbTx="0.29788218" lbTx="0.297883055" tId="1" fbRx="0.29788218" lbRx="0.297883055" />
<p fId="1" fbTx="0.297883055" lbTx="0.29788393" tId="4" fbRx="0.297883055" lbRx="0.29788393" />
<p fId="3" fbTx="0.297982096" lbTx="0.29798218" tId="0" fbRx="0.307982096" lbRx="0.30798218" />
<p fId="0" fbTx="0.29798218" lbTx="0.297983055" tId="1" fbRx="0.29798218" lbRx="0.297983055" />
<p fId="1" fbTx="0.297983055" lbTx="0.29798393" tId="4" fbRx="0.297983055" lbRx="0.29798393" />
<p fId="3" fbTx="0.298082096" lbTx="0.29808218" tId="0" fbRx="0.308082096" lbRx="0.30808218" />
<p fId="0" fbTx="0.29808218" lbTx="0.298083055" tId="1" fbRx="0.29808218" lbRx="0.298083055" />
<p fId="1" fbTx="0.298083055" lbTx="0.29808393" tId="4" fbRx="0.298083055" lbRx="0.29808393" />
<p fId="3" fbTx="0.298182096" lbTx="0.29818218" tId="0" fbRx="0.308182096" lbRx="0.30818218" />
<p fId="0" fbTx="0.29818218" lbTx="0.298183055" tId="1" fbRx="0.29818218" lbRx="0.298183055" />
<p fId="1" fbTx="0.298183055" lbTx="0.29818393" tId="4" fbRx="0.298183055" lbRx="0.29818393" />
<pr uId="276" fId="4" fbTx="0.298214286" />
<wpr uId="276" tId="5" fbRx="0.298214286" lbRx="0" />
<wpr uId="276" tId="6" fbRx="0.298214286" lbRx="0" />
<p fId="3" fbTx="0.298282096" lbTx="0.29828218" tId="0" fbRx="0.308282096" lbRx="0.30828218" />
<p fId="0" fbTx="0.29828218" lbTx="0.298283055" tId="1" fbRx="0.29828218" lbRx="0.298283055" />
<p fId="1" fbTx="0.298283055" lbTx="0.29828393" tId="4" fbRx="0.298283055" lbRx="0.29828393" />
<p fId="3" fbTx="0.298382096" lbTx="0.29838218" tId="0" fbRx="0.308382096" lbRx="0.30838218" />
<p fId="0" fbTx="0.29838218" lbTx="0.298383055" tId="1" fbRx="0.29838218" lbRx="0.298383055" />
<p fId="1" fbTx="0.298383055" lbTx="0.29838393" tId="4" fbRx="0.298383055" lbRx="0.29838393" />
<p fId="3" fbTx="0.298482096" lbTx="0.29848218" tId="0" fbRx="0.308482096" lbRx="0.30848218" />
<p fId="0" fbTx="0.29848218" lbTx="0.298483055" tId="1" fbRx="0.29848218" lbRx="0.298483055" />
<p fId="1" fbTx="0.298483055" lbTx="0.29848393" tId="4" fbRx="0.298483055" lbRx="0.29848393" />
<p fId="3" fbTx="0.298582096" lbTx="0.29858218" tId="0" fbRx="0.308582096" lbRx="0.30858218" />
<p fId="0" fbTx="0.29858218" lbTx="0.298583055" tId="1" fbRx="0.29858218" lbRx="0.298583055" />
<p fId="1" fbTx="0.298583055" lbTx="0.29858393" tId="4" fbRx="0.298583055" lbRx="0.29858393" />
<p fId="3" fbTx="0.298682096" lbTx="0.29868218" tId="0" fbRx="0.308682096" lbRx="0.30868218" />
<p fId="0" fbTx="0.29868218" lbTx="0.298683055" tId="1" fbRx="0.29868218" lbRx="0.298683055" />
<p fId="1" fbTx="0.298683055" lbTx="0.29868393" tId="4" fbRx="0.298683055" lbRx="0.29868393" />
<p fId="3" fbTx="0.298782096" lbTx="0.29878218" tId="0" fbRx="0.308782096" lbRx="0.30878218" />
<p fId="0" fbTx="0.29878218" lbTx="0.298783055" tId="1" fbRx="0.29878218" lbRx="0.298783055" />
<p fId="1" fbTx="0.298783055" lbTx="0.29878393" tId="4" fbRx="0.298783055" lbRx="0.29878393" />
<p fId="3" fbTx="0.298882096" lbTx="0.29888218" tId="0" fbRx="0.308882096" lbRx="0.30888218" />
<p fId="0" fbTx="0.29888218" lbTx="0.298883055" tId="1" fbRx="0.29888218" lbRx="0.298883055" />
<p fId="1" fbTx="0.298883055" lbTx="0.29888393" tId="4" fbRx="0.298883055" lbRx="0.29888393" />
<p fId="3" fbTx="0.298982096" lbTx="0.29898218" tId="0" fbRx="0.308982096" lbRx="0.30898218" />
<p fId="0" fbTx="0.29898218" lbTx="0.298983055" tId="1" fbRx="0.29898218" lbRx="0.298983055" />
<p fId="1" fbTx="0.298983055" lbTx="0.29898393" tId="4" fbRx="0.298983055" lbRx="0.29898393" />
<p fId="3" fbTx="0.299082096" lbTx="0.29908218" tId="0" fbRx="0.309082096" lbRx="0.30908218" />
<p fId="0" fbTx="0.29908218" lbTx="0.299083055" tId="1" fbRx="0.29908218" lbRx="0.299083055" />
<p fId="1" fbTx="0.299083055" lbTx="0.29908393" tId="4" fbRx="0.299083055" lbRx="0.29908393" />
<p fId="3" fbTx="0.299182096" lbTx="0.29918218" tId="0" fbRx="0.309182096" lbRx="0.30918218" />
<p fId="0" fbTx="0.29918218" lbTx="0.299183055" tId="1" fbRx="0.29918218" lbRx="0.299183055" />
<p fId="1" fbTx="0.299183055" lbTx="0.29918393" tId="4" fbRx="0.299183055" lbRx="0.29918393" />
<pr uId="277" fId="4" fbTx="0.299214286" />
<wpr uId="277" tId="5" fbRx="0.299214286" lbRx="0" />
<wpr uId="277" tId="6" fbRx="0.299214286" lbRx="0" />
<p fId="3" fbTx="0.299282096" lbTx="0.29928218" tId="0" fbRx="0.309282096" lbRx="0.30928218" />
<p fId="0" fbTx="0.29928218" lbTx="0.299283055" tId="1" fbRx="0.29928218" lbRx="0.299283055" />
<p fId="1" fbTx="0.299283055" lbTx="0.29928393" tId="4" fbRx="0.299283055" lbRx="0.29928393" />
<p fId="3" fbTx="0.299382096" lbTx="0.29938218" tId="0" fbRx="0.309382096" lbRx="0.30938218" />
<p fId="0" fbTx="0.29938218" lbTx="0.299383055" tId="1" fbRx="0.29938218" lbRx="0.299383055" />
<p fId="1" fbTx="0.299383055" lbTx="0.29938393" tId="4" fbRx="0.299383055" lbRx="0.29938393" />
<p fId="3" fbTx="0.299482096" lbTx="0.29948218" tId="0" fbRx="0.309482096" lbRx="0.30948218" />
<p fId="0" fbTx="0.29948218" lbTx="0.299483055" tId="1" fbRx="0.29948218" lbRx="0.299483055" />
<p fId="1" fbTx="0.299483055" lbTx="0.29948393" tId="4" fbRx="0.299483055" lbRx="0.29948393" />
<p fId="3" fbTx="0.299582096" lbTx="0.29958218" tId="0" fbRx="0.309582096" lbRx="0.30958218" />
<p fId="0" fbTx="0.29958218" lbTx="0.299583055" tId="1" fbRx="0.29958218" lbRx="0.299583055" />
<p fId="1" fbTx="0.299583055" lbTx="0.29958393" tId="4" fbRx="0.299583055" lbRx="0.29958393" />
<p fId="3" fbTx="0.299682096" lbTx="0.29968218" tId="0" fbRx="0.309682096" lbRx="0.30968218" />
<p fId="0" fbTx="0.29968218" lbTx="0.299683055" tId="1" fbRx="0.29968218" lbRx="0.299683055" />
<p fId="1" fbTx="0.299683055" lbTx="0.29968393" tId="4" fbRx="0.299683055" lbRx="0.29968393" />
<p fId="3" fbTx="0.299782096" lbTx="0.29978218" tId="0" fbRx="0.309782096" lbRx="0.30978218" />
<p fId="0" fbTx="0.29978218" lbTx="0.299783055" tId="1" fbRx="0.29978218" lbRx="0.299783055" />
<p fId="1" fbTx="0.299783055" lbTx="0.29978393" tId="4" fbRx="0.299783055" lbRx="0.29978393" />
<p fId="3" fbTx="0.299882096" lbTx="0.29988218" tId="0" fbRx="0.309882096" lbRx="0.30988218" />
<p fId="0" fbTx="0.29988218" lbTx="0.299883055" tId="1" fbRx="0.29988218" lbRx="0.299883055" />
<p fId="1" fbTx="0.299883055" lbTx="0.29988393" tId="4" fbRx="0.299883055" lbRx="0.29988393" />
<p fId="3" fbTx="0.299982096" lbTx="0.29998218" tId="0" fbRx="0.309982096" lbRx="0.30998218" />
<p fId="0" fbTx="0.29998218" lbTx="0.299983055" tId="1" fbRx="0.29998218" lbRx="0.299983055" />
<p fId="1" fbTx="0.299983055" lbTx="0.29998393" tId="4" fbRx="0.299983055" lbRx="0.29998393" />
<p fId="3" fbTx="0.300082096" lbTx="0.30008218" tId="0" fbRx="0.310082096" lbRx="0.31008218" />
<p fId="0" fbTx="0.30008218" lbTx="0.300083055" tId="1" fbRx="0.30008218" lbRx="0.300083055" />
<p fId="1" fbTx="0.300083055" lbTx="0.30008393" tId="4" fbRx="0.300083055" lbRx="0.30008393" />
<p fId="3" fbTx="0.300182096" lbTx="0.30018218" tId="0" fbRx="0.310182096" lbRx="0.31018218" />
<p fId="0" fbTx="0.30018218" lbTx="0.300183055" tId="1" fbRx="0.30018218" lbRx="0.300183055" />
<p fId="1" fbTx="0.300183055" lbTx="0.30018393" tId="4" fbRx="0.300183055" lbRx="0.30018393" />
<pr uId="278" fId="4" fbTx="0.300214286" />
<wpr uId="278" tId="5" fbRx="0.300214286" lbRx="0" />
<wpr uId="278" tId="6" fbRx="0.300214286" lbRx="0" />
<p fId="3" fbTx="0.300282096" lbTx="0.30028218" tId="0" fbRx="0.310282096" lbRx="0.31028218" />
<p fId="0" fbTx="0.30028218" lbTx="0.300283055" tId="1" fbRx="0.30028218" lbRx="0.300283055" />
<p fId="1" fbTx="0.300283055" lbTx="0.30028393" tId="4" fbRx="0.300283055" lbRx="0.30028393" />
<p fId="3" fbTx="0.300382096" lbTx="0.30038218" tId="0" fbRx="0.310382096" lbRx="0.31038218" />
<p fId="0" fbTx="0.30038218" lbTx="0.300383055" tId="1" fbRx="0.30038218" lbRx="0.300383055" />
<p fId="1" fbTx="0.300383055" lbTx="0.30038393" tId="4" fbRx="0.300383055" lbRx="0.30038393" />
<p fId="3" fbTx="0.300482096" lbTx="0.30048218" tId="0" fbRx="0.310482096" lbRx="0.31048218" />
<p fId="0" fbTx="0.30048218" lbTx="0.300483055" tId="1" fbRx="0.30048218" lbRx="0.300483055" />
<p fId="1" fbTx="0.300483055" lbTx="0.30048393" tId="4" fbRx="0.300483055" lbRx="0.30048393" />
<p fId="3" fbTx="0.300582096" lbTx="0.30058218" tId="0" fbRx="0.310582096" lbRx="0.31058218" />
<p fId="0" fbTx="0.30058218" lbTx="0.300583055" tId="1" fbRx="0.30058218" lbRx="0.300583055" />
<p fId="1" fbTx="0.300583055" lbTx="0.30058393" tId="4" fbRx="0.300583055" lbRx="0.30058393" />
<p fId="3" fbTx="0.300682096" lbTx="0.30068218" tId="0" fbRx="0.310682096" lbRx="0.31068218" />
<p fId="0" fbTx="0.30068218" lbTx="0.300683055" tId="1" fbRx="0.30068218" lbRx="0.300683055" />
<p fId="1" fbTx="0.300683055" lbTx="0.30068393" tId="4" fbRx="0.300683055" lbRx="0.30068393" />
<p fId="3" fbTx="0.300782096" lbTx="0.30078218" tId="0" fbRx="0.310782096" lbRx="0.31078218" />
<p fId="0" fbTx="0.30078218" lbTx="0.300783055" tId="1" fbRx="0.30078218" lbRx="0.300783055" />
<p fId="1" fbTx="0.300783055" lbTx="0.30078393" tId="4" fbRx="0.300783055" lbRx="0.30078393" />
<p fId="3" fbTx="0.300882096" lbTx="0.30088218" tId="0" fbRx="0.310882096" lbRx="0.31088218" />
<p fId="0" fbTx="0.30088218" lbTx="0.300883055" tId="1" fbRx="0.30088218" lbRx="0.300883055" />
<p fId="1" fbTx="0.300883055" lbTx="0.30088393" tId="4" fbRx="0.300883055" lbRx="0.30088393" />
<p fId="3" fbTx="0.300982096" lbTx="0.30098218" tId="0" fbRx="0.310982096" lbRx="0.31098218" />
<p fId="0" fbTx="0.30098218" lbTx="0.300983055" tId="1" fbRx="0.30098218" lbRx="0.300983055" />
<p fId="1" fbTx="0.300983055" lbTx="0.30098393" tId="4" fbRx="0.300983055" lbRx="0.30098393" />
<p fId="3" fbTx="0.301082096" lbTx="0.30108218" tId="0" fbRx="0.311082096" lbRx="0.31108218" />
<p fId="0" fbTx="0.30108218" lbTx="0.301083055" tId="1" fbRx="0.30108218" lbRx="0.301083055" />
<p fId="1" fbTx="0.301083055" lbTx="0.30108393" tId="4" fbRx="0.301083055" lbRx="0.30108393" />
<p fId="3" fbTx="0.301182096" lbTx="0.30118218" tId="0" fbRx="0.311182096" lbRx="0.31118218" />
<p fId="0" fbTx="0.30118218" lbTx="0.301183055" tId="1" fbRx="0.30118218" lbRx="0.301183055" />
<p fId="1" fbTx="0.301183055" lbTx="0.30118393" tId="4" fbRx="0.301183055" lbRx="0.30118393" />
<pr uId="279" fId="4" fbTx="0.301214286" />
<wpr uId="279" tId="5" fbRx="0.301214286" lbRx="0" />
<wpr uId="279" tId="6" fbRx="0.301214286" lbRx="0" />
<p fId="3" fbTx="0.301282096" lbTx="0.30128218" tId="0" fbRx="0.311282096" lbRx="0.31128218" />
<p fId="0" fbTx="0.30128218" lbTx="0.301283055" tId="1" fbRx="0.30128218" lbRx="0.301283055" />
<p fId="1" fbTx="0.301283055" lbTx="0.30128393" tId="4" fbRx="0.301283055" lbRx="0.30128393" />
<p fId="3" fbTx="0.301382096" lbTx="0.30138218" tId="0" fbRx="0.311382096" lbRx="0.31138218" />
<p fId="0" fbTx="0.30138218" lbTx="0.301383055" tId="1" fbRx="0.30138218" lbRx="0.301383055" />
<p fId="1" fbTx="0.301383055" lbTx="0.30138393" tId="4" fbRx="0.301383055" lbRx="0.30138393" />
<p fId="3" fbTx="0.301482096" lbTx="0.30148218" tId="0" fbRx="0.311482096" lbRx="0.31148218" />
<p fId="0" fbTx="0.30148218" lbTx="0.301483055" tId="1" fbRx="0.30148218" lbRx="0.301483055" />
<p fId="1" fbTx="0.301483055" lbTx="0.30148393" tId="4" fbRx="0.301483055" lbRx="0.30148393" />
<p fId="3" fbTx="0.301582096" lbTx="0.30158218" tId="0" fbRx="0.311582096" lbRx="0.31158218" />
<p fId="0" fbTx="0.30158218" lbTx="0.301583055" tId="1" fbRx="0.30158218" lbRx="0.301583055" />
<p fId="1" fbTx="0.301583055" lbTx="0.30158393" tId="4" fbRx="0.301583055" lbRx="0.30158393" />
<p fId="3" fbTx="0.301682096" lbTx="0.30168218" tId="0" fbRx="0.311682096" lbRx="0.31168218" />
<p fId="0" fbTx="0.30168218" lbTx="0.301683055" tId="1" fbRx="0.30168218" lbRx="0.301683055" />
<p fId="1" fbTx="0.301683055" lbTx="0.30168393" tId="4" fbRx="0.301683055" lbRx="0.30168393" />
<p fId="3" fbTx="0.301782096" lbTx="0.30178218" tId="0" fbRx="0.311782096" lbRx="0.31178218" />
<p fId="0" fbTx="0.30178218" lbTx="0.301783055" tId="1" fbRx="0.30178218" lbRx="0.301783055" />
<p fId="1" fbTx="0.301783055" lbTx="0.30178393" tId="4" fbRx="0.301783055" lbRx="0.30178393" />
<p fId="3" fbTx="0.301882096" lbTx="0.30188218" tId="0" fbRx="0.311882096" lbRx="0.31188218" />
<p fId="0" fbTx="0.30188218" lbTx="0.301883055" tId="1" fbRx="0.30188218" lbRx="0.301883055" />
<p fId="1" fbTx="0.301883055" lbTx="0.30188393" tId="4" fbRx="0.301883055" lbRx="0.30188393" />
<p fId="3" fbTx="0.301982096" lbTx="0.30198218" tId="0" fbRx="0.311982096" lbRx="0.31198218" />
<p fId="0" fbTx="0.30198218" lbTx="0.301983055" tId="1" fbRx="0.30198218" lbRx="0.301983055" />
<p fId="1" fbTx="0.301983055" lbTx="0.30198393" tId="4" fbRx="0.301983055" lbRx="0.30198393" />
<p fId="3" fbTx="0.302082096" lbTx="0.30208218" tId="0" fbRx="0.312082096" lbRx="0.31208218" />
<p fId="0" fbTx="0.30208218" lbTx="0.302083055" tId="1" fbRx="0.30208218" lbRx="0.302083055" />
<p fId="1" fbTx="0.302083055" lbTx="0.30208393" tId="4" fbRx="0.302083055" lbRx="0.30208393" />
<p fId="3" fbTx="0.302182096" lbTx="0.30218218" tId="0" fbRx="0.312182096" lbRx="0.31218218" />
<p fId="0" fbTx="0.30218218" lbTx="0.302183055" tId="1" fbRx="0.30218218" lbRx="0.302183055" />
<p fId="1" fbTx="0.302183055" lbTx="0.30218393" tId="4" fbRx="0.302183055" lbRx="0.30218393" />
<pr uId="280" fId="4" fbTx="0.302214286" />
<wpr uId="280" tId="5" fbRx="0.302214286" lbRx="0" />
<wpr uId="280" tId="6" fbRx="0.302214286" lbRx="0" />
<p fId="3" fbTx="0.302282096" lbTx="0.30228218" tId="0" fbRx="0.312282096" lbRx="0.31228218" />
<p fId="0" fbTx="0.30228218" lbTx="0.302283055" tId="1" fbRx="0.30228218" lbRx="0.302283055" />
<p fId="1" fbTx="0.302283055" lbTx="0.30228393" tId="4" fbRx="0.302283055" lbRx="0.30228393" />
<p fId="3" fbTx="0.302382096" lbTx="0.30238218" tId="0" fbRx="0.312382096" lbRx="0.31238218" />
<p fId="0" fbTx="0.30238218" lbTx="0.302383055" tId="1" fbRx="0.30238218" lbRx="0.302383055" />
<p fId="1" fbTx="0.302383055" lbTx="0.30238393" tId="4" fbRx="0.302383055" lbRx="0.30238393" />
<p fId="3" fbTx="0.302482096" lbTx="0.30248218" tId="0" fbRx="0.312482096" lbRx="0.31248218" />
<p fId="0" fbTx="0.30248218" lbTx="0.302483055" tId="1" fbRx="0.30248218" lbRx="0.302483055" />
<p fId="1" fbTx="0.302483055" lbTx="0.30248393" tId="4" fbRx="0.302483055" lbRx="0.30248393" />
<p fId="3" fbTx="0.302582096" lbTx="0.30258218" tId="0" fbRx="0.312582096" lbRx="0.31258218" />
<p fId="0" fbTx="0.30258218" lbTx="0.302583055" tId="1" fbRx="0.30258218" lbRx="0.302583055" />
<p fId="1" fbTx="0.302583055" lbTx="0.30258393" tId="4" fbRx="0.302583055" lbRx="0.30258393" />
<p fId="3" fbTx="0.302682096" lbTx="0.30268218" tId="0" fbRx="0.312682096" lbRx="0.31268218" />
<p fId="0" fbTx="0.30268218" lbTx="0.302683055" tId="1" fbRx="0.30268218" lbRx="0.302683055" />
<p fId="1" fbTx="0.302683055" lbTx="0.30268393" tId="4" fbRx="0.302683055" lbRx="0.30268393" />
<p fId="3" fbTx="0.302782096" lbTx="0.30278218" tId="0" fbRx="0.312782096" lbRx="0.31278218" />
<p fId="0" fbTx="0.30278218" lbTx="0.302783055" tId="1" fbRx="0.30278218" lbRx="0.302783055" />
<p fId="1" fbTx="0.302783055" lbTx="0.30278393" tId="4" fbRx="0.302783055" lbRx="0.30278393" />
<p fId="3" fbTx="0.302882096" lbTx="0.30288218" tId="0" fbRx="0.312882096" lbRx="0.31288218" />
<p fId="0" fbTx="0.30288218" lbTx="0.302883055" tId="1" fbRx="0.30288218" lbRx="0.302883055" />
<p fId="1" fbTx="0.302883055" lbTx="0.30288393" tId="4" fbRx="0.302883055" lbRx="0.30288393" />
<p fId="3" fbTx="0.302982096" lbTx="0.30298218" tId="0" fbRx="0.312982096" lbRx="0.31298218" />
<p fId="0" fbTx="0.30298218" lbTx="0.302983055" tId="1" fbRx="0.30298218" lbRx="0.302983055" />
<p fId="1" fbTx="0.302983055" lbTx="0.30298393" tId="4" fbRx="0.302983055" lbRx="0.30298393" />
<p fId="3" fbTx="0.303082096" lbTx="0.30308218" tId="0" fbRx="0.313082096" lbRx="0.31308218" />
<p fId="0" fbTx="0.30308218" lbTx="0.303083055" tId="1" fbRx="0.30308218" lbRx="0.303083055" />
<p fId="1" fbTx="0.303083055" lbTx="0.30308393" tId="4" fbRx="0.303083055" lbRx="0.30308393" />
<p fId="3" fbTx="0.303182096" lbTx="0.30318218" tId="0" fbRx="0.313182096" lbRx="0.31318218" />
<p fId="0" fbTx="0.30318218" lbTx="0.303183055" tId="1" fbRx="0.30318218" lbRx="0.303183055" />
<p fId="1" fbTx="0.303183055" lbTx="0.30318393" tId="4" fbRx="0.303183055" lbRx="0.30318393" />
<pr uId="281" fId="4" fbTx="0.303214286" />
<wpr uId="281" tId="5" fbRx="0.303214286" lbRx="0" />
<wpr uId="281" tId="6" fbRx="0.303214286" lbRx="0" />
<p fId="3" fbTx="0.303282096" lbTx="0.30328218" tId="0" fbRx="0.313282096" lbRx="0.31328218" />
<p fId="0" fbTx="0.30328218" lbTx="0.303283055" tId="1" fbRx="0.30328218" lbRx="0.303283055" />
<p fId="1" fbTx="0.303283055" lbTx="0.30328393" tId="4" fbRx="0.303283055" lbRx="0.30328393" />
<p fId="3" fbTx="0.303382096" lbTx="0.30338218" tId="0" fbRx="0.313382096" lbRx="0.31338218" />
<p fId="0" fbTx="0.30338218" lbTx="0.303383055" tId="1" fbRx="0.30338218" lbRx="0.303383055" />
<p fId="1" fbTx="0.303383055" lbTx="0.30338393" tId="4" fbRx="0.303383055" lbRx="0.30338393" />
<p fId="3" fbTx="0.303482096" lbTx="0.30348218" tId="0" fbRx="0.313482096" lbRx="0.31348218" />
<p fId="0" fbTx="0.30348218" lbTx="0.303483055" tId="1" fbRx="0.30348218" lbRx="0.303483055" />
<p fId="1" fbTx="0.303483055" lbTx="0.30348393" tId="4" fbRx="0.303483055" lbRx="0.30348393" />
<p fId="3" fbTx="0.303582096" lbTx="0.30358218" tId="0" fbRx="0.313582096" lbRx="0.31358218" />
<p fId="0" fbTx="0.30358218" lbTx="0.303583055" tId="1" fbRx="0.30358218" lbRx="0.303583055" />
<p fId="1" fbTx="0.303583055" lbTx="0.30358393" tId="4" fbRx="0.303583055" lbRx="0.30358393" />
<p fId="3" fbTx="0.303682096" lbTx="0.30368218" tId="0" fbRx="0.313682096" lbRx="0.31368218" />
<p fId="0" fbTx="0.30368218" lbTx="0.303683055" tId="1" fbRx="0.30368218" lbRx="0.303683055" />
<p fId="1" fbTx="0.303683055" lbTx="0.30368393" tId="4" fbRx="0.303683055" lbRx="0.30368393" />
<p fId="3" fbTx="0.303782096" lbTx="0.30378218" tId="0" fbRx="0.313782096" lbRx="0.31378218" />
<p fId="0" fbTx="0.30378218" lbTx="0.303783055" tId="1" fbRx="0.30378218" lbRx="0.303783055" />
<p fId="1" fbTx="0.303783055" lbTx="0.30378393" tId="4" fbRx="0.303783055" lbRx="0.30378393" />
<p fId="3" fbTx="0.303882096" lbTx="0.30388218" tId="0" fbRx="0.313882096" lbRx="0.31388218" />
<p fId="0" fbTx="0.30388218" lbTx="0.303883055" tId="1" fbRx="0.30388218" lbRx="0.303883055" />
<p fId="1" fbTx="0.303883055" lbTx="0.30388393" tId="4" fbRx="0.303883055" lbRx="0.30388393" />
<p fId="3" fbTx="0.303982096" lbTx="0.30398218" tId="0" fbRx="0.313982096" lbRx="0.31398218" />
<p fId="0" fbTx="0.30398218" lbTx="0.303983055" tId="1" fbRx="0.30398218" lbRx="0.303983055" />
<p fId="1" fbTx="0.303983055" lbTx="0.30398393" tId="4" fbRx="0.303983055" lbRx="0.30398393" />
<p fId="3" fbTx="0.304082096" lbTx="0.30408218" tId="0" fbRx="0.314082096" lbRx="0.31408218" />
<p fId="0" fbTx="0.30408218" lbTx="0.304083055" tId="1" fbRx="0.30408218" lbRx="0.304083055" />
<p fId="1" fbTx="0.304083055" lbTx="0.30408393" tId="4" fbRx="0.304083055" lbRx="0.30408393" />
<p fId="3" fbTx="0.304182096" lbTx="0.30418218" tId="0" fbRx="0.314182096" lbRx="0.31418218" />
<p fId="0" fbTx="0.30418218" lbTx="0.304183055" tId="1" fbRx="0.30418218" lbRx="0.304183055" />
<p fId="1" fbTx="0.304183055" lbTx="0.30418393" tId="4" fbRx="0.304183055" lbRx="0.30418393" />
<pr uId="282" fId="4" fbTx="0.304214286" />
<wpr uId="282" tId="5" fbRx="0.304214286" lbRx="0" />
<wpr uId="282" tId="6" fbRx="0.304214286" lbRx="0" />
<p fId="3" fbTx="0.304282096" lbTx="0.30428218" tId="0" fbRx="0.314282096" lbRx="0.31428218" />
<p fId="0" fbTx="0.30428218" lbTx="0.304283055" tId="1" fbRx="0.30428218" lbRx="0.304283055" />
<p fId="1" fbTx="0.304283055" lbTx="0.30428393" tId="4" fbRx="0.304283055" lbRx="0.30428393" />
<p fId="3" fbTx="0.304382096" lbTx="0.30438218" tId="0" fbRx="0.314382096" lbRx="0.31438218" />
<p fId="0" fbTx="0.30438218" lbTx="0.304383055" tId="1" fbRx="0.30438218" lbRx="0.304383055" />
<p fId="1" fbTx="0.304383055" lbTx="0.30438393" tId="4" fbRx="0.304383055" lbRx="0.30438393" />
<p fId="3" fbTx="0.304482096" lbTx="0.30448218" tId="0" fbRx="0.314482096" lbRx="0.31448218" />
<p fId="0" fbTx="0.30448218" lbTx="0.304483055" tId="1" fbRx="0.30448218" lbRx="0.304483055" />
<p fId="1" fbTx="0.304483055" lbTx="0.30448393" tId="4" fbRx="0.304483055" lbRx="0.30448393" />
<p fId="3" fbTx="0.304582096" lbTx="0.30458218" tId="0" fbRx="0.314582096" lbRx="0.31458218" />
<p fId="0" fbTx="0.30458218" lbTx="0.304583055" tId="1" fbRx="0.30458218" lbRx="0.304583055" />
<p fId="1" fbTx="0.304583055" lbTx="0.30458393" tId="4" fbRx="0.304583055" lbRx="0.30458393" />
<p fId="3" fbTx="0.304682096" lbTx="0.30468218" tId="0" fbRx="0.314682096" lbRx="0.31468218" />
<p fId="0" fbTx="0.30468218" lbTx="0.304683055" tId="1" fbRx="0.30468218" lbRx="0.304683055" />
<p fId="1" fbTx="0.304683055" lbTx="0.30468393" tId="4" fbRx="0.304683055" lbRx="0.30468393" />
<p fId="3" fbTx="0.304782096" lbTx="0.30478218" tId="0" fbRx="0.314782096" lbRx="0.31478218" />
<p fId="0" fbTx="0.30478218" lbTx="0.304783055" tId="1" fbRx="0.30478218" lbRx="0.304783055" />
<p fId="1" fbTx="0.304783055" lbTx="0.30478393" tId="4" fbRx="0.304783055" lbRx="0.30478393" />
<p fId="3" fbTx="0.304882096" lbTx="0.30488218" tId="0" fbRx="0.314882096" lbRx="0.31488218" />
<p fId="0" fbTx="0.30488218" lbTx="0.304883055" tId="1" fbRx="0.30488218" lbRx="0.304883055" />
<p fId="1" fbTx="0.304883055" lbTx="0.30488393" tId="4" fbRx="0.304883055" lbRx="0.30488393" />
<p fId="3" fbTx="0.304982096" lbTx="0.30498218" tId="0" fbRx="0.314982096" lbRx="0.31498218" />
<p fId="0" fbTx="0.30498218" lbTx="0.304983055" tId="1" fbRx="0.30498218" lbRx="0.304983055" />
<p fId="1" fbTx="0.304983055" lbTx="0.30498393" tId="4" fbRx="0.304983055" lbRx="0.30498393" />
<p fId="3" fbTx="0.305082096" lbTx="0.30508218" tId="0" fbRx="0.315082096" lbRx="0.31508218" />
<p fId="0" fbTx="0.30508218" lbTx="0.305083055" tId="1" fbRx="0.30508218" lbRx="0.305083055" />
<p fId="1" fbTx="0.305083055" lbTx="0.30508393" tId="4" fbRx="0.305083055" lbRx="0.30508393" />
<p fId="3" fbTx="0.305182096" lbTx="0.30518218" tId="0" fbRx="0.315182096" lbRx="0.31518218" />
<p fId="0" fbTx="0.30518218" lbTx="0.305183055" tId="1" fbRx="0.30518218" lbRx="0.305183055" />
<p fId="1" fbTx="0.305183055" lbTx="0.30518393" tId="4" fbRx="0.305183055" lbRx="0.30518393" />
<pr uId="283" fId="4" fbTx="0.305214286" />
<wpr uId="283" tId="5" fbRx="0.305214286" lbRx="0" />
<wpr uId="283" tId="6" fbRx="0.305214286" lbRx="0" />
<p fId="3" fbTx="0.305282096" lbTx="0.30528218" tId="0" fbRx="0.315282096" lbRx="0.31528218" />
<p fId="0" fbTx="0.30528218" lbTx="0.305283055" tId="1" fbRx="0.30528218" lbRx="0.305283055" />
<p fId="1" fbTx="0.305283055" lbTx="0.30528393" tId="4" fbRx="0.305283055" lbRx="0.30528393" />
<p fId="3" fbTx="0.305382096" lbTx="0.30538218" tId="0" fbRx="0.315382096" lbRx="0.31538218" />
<p fId="0" fbTx="0.30538218" lbTx="0.305383055" tId="1" fbRx="0.30538218" lbRx="0.305383055" />
<p fId="1" fbTx="0.305383055" lbTx="0.30538393" tId="4" fbRx="0.305383055" lbRx="0.30538393" />
<p fId="3" fbTx="0.305482096" lbTx="0.30548218" tId="0" fbRx="0.315482096" lbRx="0.31548218" />
<p fId="0" fbTx="0.30548218" lbTx="0.305483055" tId="1" fbRx="0.30548218" lbRx="0.305483055" />
<p fId="1" fbTx="0.305483055" lbTx="0.30548393" tId="4" fbRx="0.305483055" lbRx="0.30548393" />
<p fId="3" fbTx="0.305582096" lbTx="0.30558218" tId="0" fbRx="0.315582096" lbRx="0.31558218" />
<p fId="0" fbTx="0.30558218" lbTx="0.305583055" tId="1" fbRx="0.30558218" lbRx="0.305583055" />
<p fId="1" fbTx="0.305583055" lbTx="0.30558393" tId="4" fbRx="0.305583055" lbRx="0.30558393" />
<p fId="3" fbTx="0.305682096" lbTx="0.30568218" tId="0" fbRx="0.315682096" lbRx="0.31568218" />
<p fId="0" fbTx="0.30568218" lbTx="0.305683055" tId="1" fbRx="0.30568218" lbRx="0.305683055" />
<p fId="1" fbTx="0.305683055" lbTx="0.30568393" tId="4" fbRx="0.305683055" lbRx="0.30568393" />
<p fId="3" fbTx="0.305782096" lbTx="0.30578218" tId="0" fbRx="0.315782096" lbRx="0.31578218" />
<p fId="0" fbTx="0.30578218" lbTx="0.305783055" tId="1" fbRx="0.30578218" lbRx="0.305783055" />
<p fId="1" fbTx="0.305783055" lbTx="0.30578393" tId="4" fbRx="0.305783055" lbRx="0.30578393" />
<p fId="3" fbTx="0.305882096" lbTx="0.30588218" tId="0" fbRx="0.315882096" lbRx="0.31588218" />
<p fId="0" fbTx="0.30588218" lbTx="0.305883055" tId="1" fbRx="0.30588218" lbRx="0.305883055" />
<p fId="1" fbTx="0.305883055" lbTx="0.30588393" tId="4" fbRx="0.305883055" lbRx="0.30588393" />
<p fId="3" fbTx="0.305982096" lbTx="0.30598218" tId="0" fbRx="0.315982096" lbRx="0.31598218" />
<p fId="0" fbTx="0.30598218" lbTx="0.305983055" tId="1" fbRx="0.30598218" lbRx="0.305983055" />
<p fId="1" fbTx="0.305983055" lbTx="0.30598393" tId="4" fbRx="0.305983055" lbRx="0.30598393" />
<p fId="3" fbTx="0.306082096" lbTx="0.30608218" tId="0" fbRx="0.316082096" lbRx="0.31608218" />
<p fId="0" fbTx="0.30608218" lbTx="0.306083055" tId="1" fbRx="0.30608218" lbRx="0.306083055" />
<p fId="1" fbTx="0.306083055" lbTx="0.30608393" tId="4" fbRx="0.306083055" lbRx="0.30608393" />
<p fId="3" fbTx="0.306182096" lbTx="0.30618218" tId="0" fbRx="0.316182096" lbRx="0.31618218" />
<p fId="0" fbTx="0.30618218" lbTx="0.306183055" tId="1" fbRx="0.30618218" lbRx="0.306183055" />
<p fId="1" fbTx="0.306183055" lbTx="0.30618393" tId="4" fbRx="0.306183055" lbRx="0.30618393" />
<pr uId="284" fId="4" fbTx="0.306214286" />
<wpr uId="284" tId="5" fbRx="0.306214286" lbRx="0" />
<wpr uId="284" tId="6" fbRx="0.306214286" lbRx="0" />
<p fId="3" fbTx="0.306282096" lbTx="0.30628218" tId="0" fbRx="0.316282096" lbRx="0.31628218" />
<p fId="0" fbTx="0.30628218" lbTx="0.306283055" tId="1" fbRx="0.30628218" lbRx="0.306283055" />
<p fId="1" fbTx="0.306283055" lbTx="0.30628393" tId="4" fbRx="0.306283055" lbRx="0.30628393" />
<p fId="3" fbTx="0.306382096" lbTx="0.30638218" tId="0" fbRx="0.316382096" lbRx="0.31638218" />
<p fId="0" fbTx="0.30638218" lbTx="0.306383055" tId="1" fbRx="0.30638218" lbRx="0.306383055" />
<p fId="1" fbTx="0.306383055" lbTx="0.30638393" tId="4" fbRx="0.306383055" lbRx="0.30638393" />
<p fId="3" fbTx="0.306482096" lbTx="0.30648218" tId="0" fbRx="0.316482096" lbRx="0.31648218" />
<p fId="0" fbTx="0.30648218" lbTx="0.306483055" tId="1" fbRx="0.30648218" lbRx="0.306483055" />
<p fId="1" fbTx="0.306483055" lbTx="0.30648393" tId="4" fbRx="0.306483055" lbRx="0.30648393" />
<p fId="3" fbTx="0.306582096" lbTx="0.30658218" tId="0" fbRx="0.316582096" lbRx="0.31658218" />
<p fId="0" fbTx="0.30658218" lbTx="0.306583055" tId="1" fbRx="0.30658218" lbRx="0.306583055" />
<p fId="1" fbTx="0.306583055" lbTx="0.30658393" tId="4" fbRx="0.306583055" lbRx="0.30658393" />
<p fId="3" fbTx="0.306682096" lbTx="0.30668218" tId="0" fbRx="0.316682096" lbRx="0.31668218" />
<p fId="0" fbTx="0.30668218" lbTx="0.306683055" tId="1" fbRx="0.30668218" lbRx="0.306683055" />
<p fId="1" fbTx="0.306683055" lbTx="0.30668393" tId="4" fbRx="0.306683055" lbRx="0.30668393" />
<p fId="3" fbTx="0.306782096" lbTx="0.30678218" tId="0" fbRx="0.316782096" lbRx="0.31678218" />
<p fId="0" fbTx="0.30678218" lbTx="0.306783055" tId="1" fbRx="0.30678218" lbRx="0.306783055" />
<p fId="1" fbTx="0.306783055" lbTx="0.30678393" tId="4" fbRx="0.306783055" lbRx="0.30678393" />
<p fId="3" fbTx="0.306882096" lbTx="0.30688218" tId="0" fbRx="0.316882096" lbRx="0.31688218" />
<p fId="0" fbTx="0.30688218" lbTx="0.306883055" tId="1" fbRx="0.30688218" lbRx="0.306883055" />
<p fId="1" fbTx="0.306883055" lbTx="0.30688393" tId="4" fbRx="0.306883055" lbRx="0.30688393" />
<p fId="3" fbTx="0.306982096" lbTx="0.30698218" tId="0" fbRx="0.316982096" lbRx="0.31698218" />
<p fId="0" fbTx="0.30698218" lbTx="0.306983055" tId="1" fbRx="0.30698218" lbRx="0.306983055" />
<p fId="1" fbTx="0.306983055" lbTx="0.30698393" tId="4" fbRx="0.306983055" lbRx="0.30698393" />
<p fId="3" fbTx="0.307082096" lbTx="0.30708218" tId="0" fbRx="0.317082096" lbRx="0.31708218" />
<p fId="0" fbTx="0.30708218" lbTx="0.307083055" tId="1" fbRx="0.30708218" lbRx="0.307083055" />
<p fId="1" fbTx="0.307083055" lbTx="0.30708393" tId="4" fbRx="0.307083055" lbRx="0.30708393" />
<p fId="3" fbTx="0.307182096" lbTx="0.30718218" tId="0" fbRx="0.317182096" lbRx="0.31718218" />
<p fId="0" fbTx="0.30718218" lbTx="0.307183055" tId="1" fbRx="0.30718218" lbRx="0.307183055" />
<p fId="1" fbTx="0.307183055" lbTx="0.30718393" tId="4" fbRx="0.307183055" lbRx="0.30718393" />
<pr uId="285" fId="4" fbTx="0.307214286" />
<wpr uId="285" tId="5" fbRx="0.307214286" lbRx="0" />
<wpr uId="285" tId="6" fbRx="0.307214286" lbRx="0" />
<p fId="3" fbTx="0.307282096" lbTx="0.30728218" tId="0" fbRx="0.317282096" lbRx="0.31728218" />
<p fId="0" fbTx="0.30728218" lbTx="0.307283055" tId="1" fbRx="0.30728218" lbRx="0.307283055" />
<p fId="1" fbTx="0.307283055" lbTx="0.30728393" tId="4" fbRx="0.307283055" lbRx="0.30728393" />
<p fId="3" fbTx="0.307382096" lbTx="0.30738218" tId="0" fbRx="0.317382096" lbRx="0.31738218" />
<p fId="0" fbTx="0.30738218" lbTx="0.307383055" tId="1" fbRx="0.30738218" lbRx="0.307383055" />
<p fId="1" fbTx="0.307383055" lbTx="0.30738393" tId="4" fbRx="0.307383055" lbRx="0.30738393" />
<p fId="3" fbTx="0.307482096" lbTx="0.30748218" tId="0" fbRx="0.317482096" lbRx="0.31748218" />
<p fId="0" fbTx="0.30748218" lbTx="0.307483055" tId="1" fbRx="0.30748218" lbRx="0.307483055" />
<p fId="1" fbTx="0.307483055" lbTx="0.30748393" tId="4" fbRx="0.307483055" lbRx="0.30748393" />
<p fId="3" fbTx="0.307582096" lbTx="0.30758218" tId="0" fbRx="0.317582096" lbRx="0.31758218" />
<p fId="0" fbTx="0.30758218" lbTx="0.307583055" tId="1" fbRx="0.30758218" lbRx="0.307583055" />
<p fId="1" fbTx="0.307583055" lbTx="0.30758393" tId="4" fbRx="0.307583055" lbRx="0.30758393" />
<p fId="3" fbTx="0.307682096" lbTx="0.30768218" tId="0" fbRx="0.317682096" lbRx="0.31768218" />
<p fId="0" fbTx="0.30768218" lbTx="0.307683055" tId="1" fbRx="0.30768218" lbRx="0.307683055" />
<p fId="1" fbTx="0.307683055" lbTx="0.30768393" tId="4" fbRx="0.307683055" lbRx="0.30768393" />
<p fId="3" fbTx="0.307782096" lbTx="0.30778218" tId="0" fbRx="0.317782096" lbRx="0.31778218" />
<p fId="0" fbTx="0.30778218" lbTx="0.307783055" tId="1" fbRx="0.30778218" lbRx="0.307783055" />
<p fId="1" fbTx="0.307783055" lbTx="0.30778393" tId="4" fbRx="0.307783055" lbRx="0.30778393" />
<p fId="3" fbTx="0.307882096" lbTx="0.30788218" tId="0" fbRx="0.317882096" lbRx="0.31788218" />
<p fId="0" fbTx="0.30788218" lbTx="0.307883055" tId="1" fbRx="0.30788218" lbRx="0.307883055" />
<p fId="1" fbTx="0.307883055" lbTx="0.30788393" tId="4" fbRx="0.307883055" lbRx="0.30788393" />
<p fId="3" fbTx="0.307982096" lbTx="0.30798218" tId="0" fbRx="0.317982096" lbRx="0.31798218" />
<p fId="0" fbTx="0.30798218" lbTx="0.307983055" tId="1" fbRx="0.30798218" lbRx="0.307983055" />
<p fId="1" fbTx="0.307983055" lbTx="0.30798393" tId="4" fbRx="0.307983055" lbRx="0.30798393" />
<p fId="3" fbTx="0.308082096" lbTx="0.30808218" tId="0" fbRx="0.318082096" lbRx="0.31808218" />
<p fId="0" fbTx="0.30808218" lbTx="0.308083055" tId="1" fbRx="0.30808218" lbRx="0.308083055" />
<p fId="1" fbTx="0.308083055" lbTx="0.30808393" tId="4" fbRx="0.308083055" lbRx="0.30808393" />
<p fId="3" fbTx="0.308182096" lbTx="0.30818218" tId="0" fbRx="0.318182096" lbRx="0.31818218" />
<p fId="0" fbTx="0.30818218" lbTx="0.308183055" tId="1" fbRx="0.30818218" lbRx="0.308183055" />
<p fId="1" fbTx="0.308183055" lbTx="0.30818393" tId="4" fbRx="0.308183055" lbRx="0.30818393" />
<pr uId="286" fId="4" fbTx="0.308214286" />
<wpr uId="286" tId="5" fbRx="0.308214286" lbRx="0" />
<wpr uId="286" tId="6" fbRx="0.308214286" lbRx="0" />
<p fId="3" fbTx="0.308282096" lbTx="0.30828218" tId="0" fbRx="0.318282096" lbRx="0.31828218" />
<p fId="0" fbTx="0.30828218" lbTx="0.308283055" tId="1" fbRx="0.30828218" lbRx="0.308283055" />
<p fId="1" fbTx="0.308283055" lbTx="0.30828393" tId="4" fbRx="0.308283055" lbRx="0.30828393" />
<p fId="3" fbTx="0.308382096" lbTx="0.30838218" tId="0" fbRx="0.318382096" lbRx="0.31838218" />
<p fId="0" fbTx="0.30838218" lbTx="0.308383055" tId="1" fbRx="0.30838218" lbRx="0.308383055" />
<p fId="1" fbTx="0.308383055" lbTx="0.30838393" tId="4" fbRx="0.308383055" lbRx="0.30838393" />
<p fId="3" fbTx="0.308482096" lbTx="0.30848218" tId="0" fbRx="0.318482096" lbRx="0.31848218" />
<p fId="0" fbTx="0.30848218" lbTx="0.308483055" tId="1" fbRx="0.30848218" lbRx="0.308483055" />
<p fId="1" fbTx="0.308483055" lbTx="0.30848393" tId="4" fbRx="0.308483055" lbRx="0.30848393" />
<p fId="3" fbTx="0.308582096" lbTx="0.30858218" tId="0" fbRx="0.318582096" lbRx="0.31858218" />
<p fId="0" fbTx="0.30858218" lbTx="0.308583055" tId="1" fbRx="0.30858218" lbRx="0.308583055" />
<p fId="1" fbTx="0.308583055" lbTx="0.30858393" tId="4" fbRx="0.308583055" lbRx="0.30858393" />
<p fId="3" fbTx="0.308682096" lbTx="0.30868218" tId="0" fbRx="0.318682096" lbRx="0.31868218" />
<p fId="0" fbTx="0.30868218" lbTx="0.308683055" tId="1" fbRx="0.30868218" lbRx="0.308683055" />
<p fId="1" fbTx="0.308683055" lbTx="0.30868393" tId="4" fbRx="0.308683055" lbRx="0.30868393" />
<p fId="3" fbTx="0.308782096" lbTx="0.30878218" tId="0" fbRx="0.318782096" lbRx="0.31878218" />
<p fId="0" fbTx="0.30878218" lbTx="0.308783055" tId="1" fbRx="0.30878218" lbRx="0.308783055" />
<p fId="1" fbTx="0.308783055" lbTx="0.30878393" tId="4" fbRx="0.308783055" lbRx="0.30878393" />
<p fId="3" fbTx="0.308882096" lbTx="0.30888218" tId="0" fbRx="0.318882096" lbRx="0.31888218" />
<p fId="0" fbTx="0.30888218" lbTx="0.308883055" tId="1" fbRx="0.30888218" lbRx="0.308883055" />
<p fId="1" fbTx="0.308883055" lbTx="0.30888393" tId="4" fbRx="0.308883055" lbRx="0.30888393" />
<p fId="3" fbTx="0.308982096" lbTx="0.30898218" tId="0" fbRx="0.318982096" lbRx="0.31898218" />
<p fId="0" fbTx="0.30898218" lbTx="0.308983055" tId="1" fbRx="0.30898218" lbRx="0.308983055" />
<p fId="1" fbTx="0.308983055" lbTx="0.30898393" tId="4" fbRx="0.308983055" lbRx="0.30898393" />
<p fId="3" fbTx="0.309082096" lbTx="0.30908218" tId="0" fbRx="0.319082096" lbRx="0.31908218" />
<p fId="0" fbTx="0.30908218" lbTx="0.309083055" tId="1" fbRx="0.30908218" lbRx="0.309083055" />
<p fId="1" fbTx="0.309083055" lbTx="0.30908393" tId="4" fbRx="0.309083055" lbRx="0.30908393" />
<p fId="3" fbTx="0.309182096" lbTx="0.30918218" tId="0" fbRx="0.319182096" lbRx="0.31918218" />
<p fId="0" fbTx="0.30918218" lbTx="0.309183055" tId="1" fbRx="0.30918218" lbRx="0.309183055" />
<p fId="1" fbTx="0.309183055" lbTx="0.30918393" tId="4" fbRx="0.309183055" lbRx="0.30918393" />
<pr uId="287" fId="4" fbTx="0.309214286" />
<wpr uId="287" tId="5" fbRx="0.309214286" lbRx="0" />
<wpr uId="287" tId="6" fbRx="0.309214286" lbRx="0" />
<p fId="3" fbTx="0.309282096" lbTx="0.30928218" tId="0" fbRx="0.319282096" lbRx="0.31928218" />
<p fId="0" fbTx="0.30928218" lbTx="0.309283055" tId="1" fbRx="0.30928218" lbRx="0.309283055" />
<p fId="1" fbTx="0.309283055" lbTx="0.30928393" tId="4" fbRx="0.309283055" lbRx="0.30928393" />
<p fId="3" fbTx="0.309382096" lbTx="0.30938218" tId="0" fbRx="0.319382096" lbRx="0.31938218" />
<p fId="0" fbTx="0.30938218" lbTx="0.309383055" tId="1" fbRx="0.30938218" lbRx="0.309383055" />
<p fId="1" fbTx="0.309383055" lbTx="0.30938393" tId="4" fbRx="0.309383055" lbRx="0.30938393" />
<p fId="3" fbTx="0.309482096" lbTx="0.30948218" tId="0" fbRx="0.319482096" lbRx="0.31948218" />
<p fId="0" fbTx="0.30948218" lbTx="0.309483055" tId="1" fbRx="0.30948218" lbRx="0.309483055" />
<p fId="1" fbTx="0.309483055" lbTx="0.30948393" tId="4" fbRx="0.309483055" lbRx="0.30948393" />
<p fId="3" fbTx="0.309582096" lbTx="0.30958218" tId="0" fbRx="0.319582096" lbRx="0.31958218" />
<p fId="0" fbTx="0.30958218" lbTx="0.309583055" tId="1" fbRx="0.30958218" lbRx="0.309583055" />
<p fId="1" fbTx="0.309583055" lbTx="0.30958393" tId="4" fbRx="0.309583055" lbRx="0.30958393" />
<p fId="3" fbTx="0.309682096" lbTx="0.30968218" tId="0" fbRx="0.319682096" lbRx="0.31968218" />
<p fId="0" fbTx="0.30968218" lbTx="0.309683055" tId="1" fbRx="0.30968218" lbRx="0.309683055" />
<p fId="1" fbTx="0.309683055" lbTx="0.30968393" tId="4" fbRx="0.309683055" lbRx="0.30968393" />
<p fId="3" fbTx="0.309782096" lbTx="0.30978218" tId="0" fbRx="0.319782096" lbRx="0.31978218" />
<p fId="0" fbTx="0.30978218" lbTx="0.309783055" tId="1" fbRx="0.30978218" lbRx="0.309783055" />
<p fId="1" fbTx="0.309783055" lbTx="0.30978393" tId="4" fbRx="0.309783055" lbRx="0.30978393" />
<p fId="3" fbTx="0.309882096" lbTx="0.30988218" tId="0" fbRx="0.319882096" lbRx="0.31988218" />
<p fId="0" fbTx="0.30988218" lbTx="0.309883055" tId="1" fbRx="0.30988218" lbRx="0.309883055" />
<p fId="1" fbTx="0.309883055" lbTx="0.30988393" tId="4" fbRx="0.309883055" lbRx="0.30988393" />
<p fId="3" fbTx="0.309982096" lbTx="0.30998218" tId="0" fbRx="0.319982096" lbRx="0.31998218" />
<p fId="0" fbTx="0.30998218" lbTx="0.309983055" tId="1" fbRx="0.30998218" lbRx="0.309983055" />
<p fId="1" fbTx="0.309983055" lbTx="0.30998393" tId="4" fbRx="0.309983055" lbRx="0.30998393" />
<p fId="3" fbTx="0.310082096" lbTx="0.31008218" tId="0" fbRx="0.320082096" lbRx="0.32008218" />
<p fId="0" fbTx="0.31008218" lbTx="0.310083055" tId="1" fbRx="0.31008218" lbRx="0.310083055" />
<p fId="1" fbTx="0.310083055" lbTx="0.31008393" tId="4" fbRx="0.310083055" lbRx="0.31008393" />
<p fId="3" fbTx="0.310182096" lbTx="0.31018218" tId="0" fbRx="0.320182096" lbRx="0.32018218" />
<p fId="0" fbTx="0.31018218" lbTx="0.310183055" tId="1" fbRx="0.31018218" lbRx="0.310183055" />
<p fId="1" fbTx="0.310183055" lbTx="0.31018393" tId="4" fbRx="0.310183055" lbRx="0.31018393" />
<pr uId="288" fId="4" fbTx="0.310214286" />
<wpr uId="288" tId="5" fbRx="0.310214286" lbRx="0" />
<wpr uId="288" tId="6" fbRx="0.310214286" lbRx="0" />
<p fId="3" fbTx="0.310282096" lbTx="0.31028218" tId="0" fbRx="0.320282096" lbRx="0.32028218" />
<p fId="0" fbTx="0.31028218" lbTx="0.310283055" tId="1" fbRx="0.31028218" lbRx="0.310283055" />
<p fId="1" fbTx="0.310283055" lbTx="0.31028393" tId="4" fbRx="0.310283055" lbRx="0.31028393" />
<p fId="3" fbTx="0.310382096" lbTx="0.31038218" tId="0" fbRx="0.320382096" lbRx="0.32038218" />
<p fId="0" fbTx="0.31038218" lbTx="0.310383055" tId="1" fbRx="0.31038218" lbRx="0.310383055" />
<p fId="1" fbTx="0.310383055" lbTx="0.31038393" tId="4" fbRx="0.310383055" lbRx="0.31038393" />
<p fId="3" fbTx="0.310482096" lbTx="0.31048218" tId="0" fbRx="0.320482096" lbRx="0.32048218" />
<p fId="0" fbTx="0.31048218" lbTx="0.310483055" tId="1" fbRx="0.31048218" lbRx="0.310483055" />
<p fId="1" fbTx="0.310483055" lbTx="0.31048393" tId="4" fbRx="0.310483055" lbRx="0.31048393" />
<p fId="3" fbTx="0.310582096" lbTx="0.31058218" tId="0" fbRx="0.320582096" lbRx="0.32058218" />
<p fId="0" fbTx="0.31058218" lbTx="0.310583055" tId="1" fbRx="0.31058218" lbRx="0.310583055" />
<p fId="1" fbTx="0.310583055" lbTx="0.31058393" tId="4" fbRx="0.310583055" lbRx="0.31058393" />
<p fId="3" fbTx="0.310682096" lbTx="0.31068218" tId="0" fbRx="0.320682096" lbRx="0.32068218" />
<p fId="0" fbTx="0.31068218" lbTx="0.310683055" tId="1" fbRx="0.31068218" lbRx="0.310683055" />
<p fId="1" fbTx="0.310683055" lbTx="0.31068393" tId="4" fbRx="0.310683055" lbRx="0.31068393" />
<p fId="3" fbTx="0.310782096" lbTx="0.31078218" tId="0" fbRx="0.320782096" lbRx="0.32078218" />
<p fId="0" fbTx="0.31078218" lbTx="0.310783055" tId="1" fbRx="0.31078218" lbRx="0.310783055" />
<p fId="1" fbTx="0.310783055" lbTx="0.31078393" tId="4" fbRx="0.310783055" lbRx="0.31078393" />
<p fId="3" fbTx="0.310882096" lbTx="0.31088218" tId="0" fbRx="0.320882096" lbRx="0.32088218" />
<p fId="0" fbTx="0.31088218" lbTx="0.310883055" tId="1" fbRx="0.31088218" lbRx="0.310883055" />
<p fId="1" fbTx="0.310883055" lbTx="0.31088393" tId="4" fbRx="0.310883055" lbRx="0.31088393" />
<p fId="3" fbTx="0.310982096" lbTx="0.31098218" tId="0" fbRx="0.320982096" lbRx="0.32098218" />
<p fId="0" fbTx="0.31098218" lbTx="0.310983055" tId="1" fbRx="0.31098218" lbRx="0.310983055" />
<p fId="1" fbTx="0.310983055" lbTx="0.31098393" tId="4" fbRx="0.310983055" lbRx="0.31098393" />
<p fId="3" fbTx="0.311082096" lbTx="0.31108218" tId="0" fbRx="0.321082096" lbRx="0.32108218" />
<p fId="0" fbTx="0.31108218" lbTx="0.311083055" tId="1" fbRx="0.31108218" lbRx="0.311083055" />
<p fId="1" fbTx="0.311083055" lbTx="0.31108393" tId="4" fbRx="0.311083055" lbRx="0.31108393" />
<p fId="3" fbTx="0.311182096" lbTx="0.31118218" tId="0" fbRx="0.321182096" lbRx="0.32118218" />
<p fId="0" fbTx="0.31118218" lbTx="0.311183055" tId="1" fbRx="0.31118218" lbRx="0.311183055" />
<p fId="1" fbTx="0.311183055" lbTx="0.31118393" tId="4" fbRx="0.311183055" lbRx="0.31118393" />
<pr uId="289" fId="4" fbTx="0.311214286" />
<wpr uId="289" tId="5" fbRx="0.311214286" lbRx="0" />
<wpr uId="289" tId="6" fbRx="0.311214286" lbRx="0" />
<p fId="3" fbTx="0.311282096" lbTx="0.31128218" tId="0" fbRx="0.321282096" lbRx="0.32128218" />
<p fId="0" fbTx="0.31128218" lbTx="0.311283055" tId="1" fbRx="0.31128218" lbRx="0.311283055" />
<p fId="1" fbTx="0.311283055" lbTx="0.31128393" tId="4" fbRx="0.311283055" lbRx="0.31128393" />
<p fId="3" fbTx="0.311382096" lbTx="0.31138218" tId="0" fbRx="0.321382096" lbRx="0.32138218" />
<p fId="0" fbTx="0.31138218" lbTx="0.311383055" tId="1" fbRx="0.31138218" lbRx="0.311383055" />
<p fId="1" fbTx="0.311383055" lbTx="0.31138393" tId="4" fbRx="0.311383055" lbRx="0.31138393" />
<p fId="3" fbTx="0.311482096" lbTx="0.31148218" tId="0" fbRx="0.321482096" lbRx="0.32148218" />
<p fId="0" fbTx="0.31148218" lbTx="0.311483055" tId="1" fbRx="0.31148218" lbRx="0.311483055" />
<p fId="1" fbTx="0.311483055" lbTx="0.31148393" tId="4" fbRx="0.311483055" lbRx="0.31148393" />
<p fId="3" fbTx="0.311582096" lbTx="0.31158218" tId="0" fbRx="0.321582096" lbRx="0.32158218" />
<p fId="0" fbTx="0.31158218" lbTx="0.311583055" tId="1" fbRx="0.31158218" lbRx="0.311583055" />
<p fId="1" fbTx="0.311583055" lbTx="0.31158393" tId="4" fbRx="0.311583055" lbRx="0.31158393" />
<p fId="3" fbTx="0.311682096" lbTx="0.31168218" tId="0" fbRx="0.321682096" lbRx="0.32168218" />
<p fId="0" fbTx="0.31168218" lbTx="0.311683055" tId="1" fbRx="0.31168218" lbRx="0.311683055" />
<p fId="1" fbTx="0.311683055" lbTx="0.31168393" tId="4" fbRx="0.311683055" lbRx="0.31168393" />
<p fId="3" fbTx="0.311782096" lbTx="0.31178218" tId="0" fbRx="0.321782096" lbRx="0.32178218" />
<p fId="0" fbTx="0.31178218" lbTx="0.311783055" tId="1" fbRx="0.31178218" lbRx="0.311783055" />
<p fId="1" fbTx="0.311783055" lbTx="0.31178393" tId="4" fbRx="0.311783055" lbRx="0.31178393" />
<p fId="3" fbTx="0.311882096" lbTx="0.31188218" tId="0" fbRx="0.321882096" lbRx="0.32188218" />
<p fId="0" fbTx="0.31188218" lbTx="0.311883055" tId="1" fbRx="0.31188218" lbRx="0.311883055" />
<p fId="1" fbTx="0.311883055" lbTx="0.31188393" tId="4" fbRx="0.311883055" lbRx="0.31188393" />
<p fId="3" fbTx="0.311982096" lbTx="0.31198218" tId="0" fbRx="0.321982096" lbRx="0.32198218" />
<p fId="0" fbTx="0.31198218" lbTx="0.311983055" tId="1" fbRx="0.31198218" lbRx="0.311983055" />
<p fId="1" fbTx="0.311983055" lbTx="0.31198393" tId="4" fbRx="0.311983055" lbRx="0.31198393" />
<p fId="3" fbTx="0.312082096" lbTx="0.31208218" tId="0" fbRx="0.322082096" lbRx="0.32208218" />
<p fId="0" fbTx="0.31208218" lbTx="0.312083055" tId="1" fbRx="0.31208218" lbRx="0.312083055" />
<p fId="1" fbTx="0.312083055" lbTx="0.31208393" tId="4" fbRx="0.312083055" lbRx="0.31208393" />
<p fId="3" fbTx="0.312182096" lbTx="0.31218218" tId="0" fbRx="0.322182096" lbRx="0.32218218" />
<p fId="0" fbTx="0.31218218" lbTx="0.312183055" tId="1" fbRx="0.31218218" lbRx="0.312183055" />
<p fId="1" fbTx="0.312183055" lbTx="0.31218393" tId="4" fbRx="0.312183055" lbRx="0.31218393" />
<pr uId="290" fId="4" fbTx="0.312214286" />
<wpr uId="290" tId="5" fbRx="0.312214286" lbRx="0" />
<wpr uId="290" tId="6" fbRx="0.312214286" lbRx="0" />
<p fId="3" fbTx="0.312282096" lbTx="0.31228218" tId="0" fbRx="0.322282096" lbRx="0.32228218" />
<p fId="0" fbTx="0.31228218" lbTx="0.312283055" tId="1" fbRx="0.31228218" lbRx="0.312283055" />
<p fId="1" fbTx="0.312283055" lbTx="0.31228393" tId="4" fbRx="0.312283055" lbRx="0.31228393" />
<p fId="3" fbTx="0.312382096" lbTx="0.31238218" tId="0" fbRx="0.322382096" lbRx="0.32238218" />
<p fId="0" fbTx="0.31238218" lbTx="0.312383055" tId="1" fbRx="0.31238218" lbRx="0.312383055" />
<p fId="1" fbTx="0.312383055" lbTx="0.31238393" tId="4" fbRx="0.312383055" lbRx="0.31238393" />
<p fId="3" fbTx="0.312482096" lbTx="0.31248218" tId="0" fbRx="0.322482096" lbRx="0.32248218" />
<p fId="0" fbTx="0.31248218" lbTx="0.312483055" tId="1" fbRx="0.31248218" lbRx="0.312483055" />
<p fId="1" fbTx="0.312483055" lbTx="0.31248393" tId="4" fbRx="0.312483055" lbRx="0.31248393" />
<p fId="3" fbTx="0.312582096" lbTx="0.31258218" tId="0" fbRx="0.322582096" lbRx="0.32258218" />
<p fId="0" fbTx="0.31258218" lbTx="0.312583055" tId="1" fbRx="0.31258218" lbRx="0.312583055" />
<p fId="1" fbTx="0.312583055" lbTx="0.31258393" tId="4" fbRx="0.312583055" lbRx="0.31258393" />
<p fId="3" fbTx="0.312682096" lbTx="0.31268218" tId="0" fbRx="0.322682096" lbRx="0.32268218" />
<p fId="0" fbTx="0.31268218" lbTx="0.312683055" tId="1" fbRx="0.31268218" lbRx="0.312683055" />
<p fId="1" fbTx="0.312683055" lbTx="0.31268393" tId="4" fbRx="0.312683055" lbRx="0.31268393" />
<p fId="3" fbTx="0.312782096" lbTx="0.31278218" tId="0" fbRx="0.322782096" lbRx="0.32278218" />
<p fId="0" fbTx="0.31278218" lbTx="0.312783055" tId="1" fbRx="0.31278218" lbRx="0.312783055" />
<p fId="1" fbTx="0.312783055" lbTx="0.31278393" tId="4" fbRx="0.312783055" lbRx="0.31278393" />
<p fId="3" fbTx="0.312882096" lbTx="0.31288218" tId="0" fbRx="0.322882096" lbRx="0.32288218" />
<p fId="0" fbTx="0.31288218" lbTx="0.312883055" tId="1" fbRx="0.31288218" lbRx="0.312883055" />
<p fId="1" fbTx="0.312883055" lbTx="0.31288393" tId="4" fbRx="0.312883055" lbRx="0.31288393" />
<p fId="3" fbTx="0.312982096" lbTx="0.31298218" tId="0" fbRx="0.322982096" lbRx="0.32298218" />
<p fId="0" fbTx="0.31298218" lbTx="0.312983055" tId="1" fbRx="0.31298218" lbRx="0.312983055" />
<p fId="1" fbTx="0.312983055" lbTx="0.31298393" tId="4" fbRx="0.312983055" lbRx="0.31298393" />
<p fId="3" fbTx="0.313082096" lbTx="0.31308218" tId="0" fbRx="0.323082096" lbRx="0.32308218" />
<p fId="0" fbTx="0.31308218" lbTx="0.313083055" tId="1" fbRx="0.31308218" lbRx="0.313083055" />
<p fId="1" fbTx="0.313083055" lbTx="0.31308393" tId="4" fbRx="0.313083055" lbRx="0.31308393" />
<p fId="3" fbTx="0.313182096" lbTx="0.31318218" tId="0" fbRx="0.323182096" lbRx="0.32318218" />
<p fId="0" fbTx="0.31318218" lbTx="0.313183055" tId="1" fbRx="0.31318218" lbRx="0.313183055" />
<p fId="1" fbTx="0.313183055" lbTx="0.31318393" tId="4" fbRx="0.313183055" lbRx="0.31318393" />
<pr uId="291" fId="4" fbTx="0.313214286" />
<wpr uId="291" tId="5" fbRx="0.313214286" lbRx="0" />
<wpr uId="291" tId="6" fbRx="0.313214286" lbRx="0" />
<p fId="3" fbTx="0.313282096" lbTx="0.31328218" tId="0" fbRx="0.323282096" lbRx="0.32328218" />
<p fId="0" fbTx="0.31328218" lbTx="0.313283055" tId="1" fbRx="0.31328218" lbRx="0.313283055" />
<p fId="1" fbTx="0.313283055" lbTx="0.31328393" tId="4" fbRx="0.313283055" lbRx="0.31328393" />
<p fId="3" fbTx="0.313382096" lbTx="0.31338218" tId="0" fbRx="0.323382096" lbRx="0.32338218" />
<p fId="0" fbTx="0.31338218" lbTx="0.313383055" tId="1" fbRx="0.31338218" lbRx="0.313383055" />
<p fId="1" fbTx="0.313383055" lbTx="0.31338393" tId="4" fbRx="0.313383055" lbRx="0.31338393" />
<p fId="3" fbTx="0.313482096" lbTx="0.31348218" tId="0" fbRx="0.323482096" lbRx="0.32348218" />
<p fId="0" fbTx="0.31348218" lbTx="0.313483055" tId="1" fbRx="0.31348218" lbRx="0.313483055" />
<p fId="1" fbTx="0.313483055" lbTx="0.31348393" tId="4" fbRx="0.313483055" lbRx="0.31348393" />
<p fId="3" fbTx="0.313582096" lbTx="0.31358218" tId="0" fbRx="0.323582096" lbRx="0.32358218" />
<p fId="0" fbTx="0.31358218" lbTx="0.313583055" tId="1" fbRx="0.31358218" lbRx="0.313583055" />
<p fId="1" fbTx="0.313583055" lbTx="0.31358393" tId="4" fbRx="0.313583055" lbRx="0.31358393" />
<p fId="3" fbTx="0.313682096" lbTx="0.31368218" tId="0" fbRx="0.323682096" lbRx="0.32368218" />
<p fId="0" fbTx="0.31368218" lbTx="0.313683055" tId="1" fbRx="0.31368218" lbRx="0.313683055" />
<p fId="1" fbTx="0.313683055" lbTx="0.31368393" tId="4" fbRx="0.313683055" lbRx="0.31368393" />
<p fId="3" fbTx="0.313782096" lbTx="0.31378218" tId="0" fbRx="0.323782096" lbRx="0.32378218" />
<p fId="0" fbTx="0.31378218" lbTx="0.313783055" tId="1" fbRx="0.31378218" lbRx="0.313783055" />
<p fId="1" fbTx="0.313783055" lbTx="0.31378393" tId="4" fbRx="0.313783055" lbRx="0.31378393" />
<p fId="3" fbTx="0.313882096" lbTx="0.31388218" tId="0" fbRx="0.323882096" lbRx="0.32388218" />
<p fId="0" fbTx="0.31388218" lbTx="0.313883055" tId="1" fbRx="0.31388218" lbRx="0.313883055" />
<p fId="1" fbTx="0.313883055" lbTx="0.31388393" tId="4" fbRx="0.313883055" lbRx="0.31388393" />
<p fId="3" fbTx="0.313982096" lbTx="0.31398218" tId="0" fbRx="0.323982096" lbRx="0.32398218" />
<p fId="0" fbTx="0.31398218" lbTx="0.313983055" tId="1" fbRx="0.31398218" lbRx="0.313983055" />
<p fId="1" fbTx="0.313983055" lbTx="0.31398393" tId="4" fbRx="0.313983055" lbRx="0.31398393" />
<p fId="3" fbTx="0.314082096" lbTx="0.31408218" tId="0" fbRx="0.324082096" lbRx="0.32408218" />
<p fId="0" fbTx="0.31408218" lbTx="0.314083055" tId="1" fbRx="0.31408218" lbRx="0.314083055" />
<p fId="1" fbTx="0.314083055" lbTx="0.31408393" tId="4" fbRx="0.314083055" lbRx="0.31408393" />
<p fId="3" fbTx="0.314182096" lbTx="0.31418218" tId="0" fbRx="0.324182096" lbRx="0.32418218" />
<p fId="0" fbTx="0.31418218" lbTx="0.314183055" tId="1" fbRx="0.31418218" lbRx="0.314183055" />
<p fId="1" fbTx="0.314183055" lbTx="0.31418393" tId="4" fbRx="0.314183055" lbRx="0.31418393" />
<pr uId="292" fId="4" fbTx="0.314214286" />
<wpr uId="292" tId="5" fbRx="0.314214286" lbRx="0" />
<wpr uId="292" tId="6" fbRx="0.314214286" lbRx="0" />
<p fId="3" fbTx="0.314282096" lbTx="0.31428218" tId="0" fbRx="0.324282096" lbRx="0.32428218" />
<p fId="0" fbTx="0.31428218" lbTx="0.314283055" tId="1" fbRx="0.31428218" lbRx="0.314283055" />
<p fId="1" fbTx="0.314283055" lbTx="0.31428393" tId="4" fbRx="0.314283055" lbRx="0.31428393" />
<p fId="3" fbTx="0.314382096" lbTx="0.31438218" tId="0" fbRx="0.324382096" lbRx="0.32438218" />
<p fId="0" fbTx="0.31438218" lbTx="0.314383055" tId="1" fbRx="0.31438218" lbRx="0.314383055" />
<p fId="1" fbTx="0.314383055" lbTx="0.31438393" tId="4" fbRx="0.314383055" lbRx="0.31438393" />
<p fId="3" fbTx="0.314482096" lbTx="0.31448218" tId="0" fbRx="0.324482096" lbRx="0.32448218" />
<p fId="0" fbTx="0.31448218" lbTx="0.314483055" tId="1" fbRx="0.31448218" lbRx="0.314483055" />
<p fId="1" fbTx="0.314483055" lbTx="0.31448393" tId="4" fbRx="0.314483055" lbRx="0.31448393" />
<p fId="3" fbTx="0.314582096" lbTx="0.31458218" tId="0" fbRx="0.324582096" lbRx="0.32458218" />
<p fId="0" fbTx="0.31458218" lbTx="0.314583055" tId="1" fbRx="0.31458218" lbRx="0.314583055" />
<p fId="1" fbTx="0.314583055" lbTx="0.31458393" tId="4" fbRx="0.314583055" lbRx="0.31458393" />
<p fId="3" fbTx="0.314682096" lbTx="0.31468218" tId="0" fbRx="0.324682096" lbRx="0.32468218" />
<p fId="0" fbTx="0.31468218" lbTx="0.314683055" tId="1" fbRx="0.31468218" lbRx="0.314683055" />
<p fId="1" fbTx="0.314683055" lbTx="0.31468393" tId="4" fbRx="0.314683055" lbRx="0.31468393" />
<p fId="3" fbTx="0.314782096" lbTx="0.31478218" tId="0" fbRx="0.324782096" lbRx="0.32478218" />
<p fId="0" fbTx="0.31478218" lbTx="0.314783055" tId="1" fbRx="0.31478218" lbRx="0.314783055" />
<p fId="1" fbTx="0.314783055" lbTx="0.31478393" tId="4" fbRx="0.314783055" lbRx="0.31478393" />
<p fId="3" fbTx="0.314882096" lbTx="0.31488218" tId="0" fbRx="0.324882096" lbRx="0.32488218" />
<p fId="0" fbTx="0.31488218" lbTx="0.314883055" tId="1" fbRx="0.31488218" lbRx="0.314883055" />
<p fId="1" fbTx="0.314883055" lbTx="0.31488393" tId="4" fbRx="0.314883055" lbRx="0.31488393" />
<p fId="3" fbTx="0.314982096" lbTx="0.31498218" tId="0" fbRx="0.324982096" lbRx="0.32498218" />
<p fId="0" fbTx="0.31498218" lbTx="0.314983055" tId="1" fbRx="0.31498218" lbRx="0.314983055" />
<p fId="1" fbTx="0.314983055" lbTx="0.31498393" tId="4" fbRx="0.314983055" lbRx="0.31498393" />
<p fId="3" fbTx="0.315082096" lbTx="0.31508218" tId="0" fbRx="0.325082096" lbRx="0.32508218" />
<p fId="0" fbTx="0.31508218" lbTx="0.315083055" tId="1" fbRx="0.31508218" lbRx="0.315083055" />
<p fId="1" fbTx="0.315083055" lbTx="0.31508393" tId="4" fbRx="0.315083055" lbRx="0.31508393" />
<p fId="3" fbTx="0.315182096" lbTx="0.31518218" tId="0" fbRx="0.325182096" lbRx="0.32518218" />
<p fId="0" fbTx="0.31518218" lbTx="0.315183055" tId="1" fbRx="0.31518218" lbRx="0.315183055" />
<p fId="1" fbTx="0.315183055" lbTx="0.31518393" tId="4" fbRx="0.315183055" lbRx="0.31518393" />
<pr uId="293" fId="4" fbTx="0.315214286" />
<wpr uId="293" tId="5" fbRx="0.315214286" lbRx="0" />
<wpr uId="293" tId="6" fbRx="0.315214286" lbRx="0" />
<p fId="3" fbTx="0.315282096" lbTx="0.31528218" tId="0" fbRx="0.325282096" lbRx="0.32528218" />
<p fId="0" fbTx="0.31528218" lbTx="0.315283055" tId="1" fbRx="0.31528218" lbRx="0.315283055" />
<p fId="1" fbTx="0.315283055" lbTx="0.31528393" tId="4" fbRx="0.315283055" lbRx="0.31528393" />
<p fId="3" fbTx="0.315382096" lbTx="0.31538218" tId="0" fbRx="0.325382096" lbRx="0.32538218" />
<p fId="0" fbTx="0.31538218" lbTx="0.315383055" tId="1" fbRx="0.31538218" lbRx="0.315383055" />
<p fId="1" fbTx="0.315383055" lbTx="0.31538393" tId="4" fbRx="0.315383055" lbRx="0.31538393" />
<p fId="3" fbTx="0.315482096" lbTx="0.31548218" tId="0" fbRx="0.325482096" lbRx="0.32548218" />
<p fId="0" fbTx="0.31548218" lbTx="0.315483055" tId="1" fbRx="0.31548218" lbRx="0.315483055" />
<p fId="1" fbTx="0.315483055" lbTx="0.31548393" tId="4" fbRx="0.315483055" lbRx="0.31548393" />
<p fId="3" fbTx="0.315582096" lbTx="0.31558218" tId="0" fbRx="0.325582096" lbRx="0.32558218" />
<p fId="0" fbTx="0.31558218" lbTx="0.315583055" tId="1" fbRx="0.31558218" lbRx="0.315583055" />
<p fId="1" fbTx="0.315583055" lbTx="0.31558393" tId="4" fbRx="0.315583055" lbRx="0.31558393" />
<p fId="3" fbTx="0.315682096" lbTx="0.31568218" tId="0" fbRx="0.325682096" lbRx="0.32568218" />
<p fId="0" fbTx="0.31568218" lbTx="0.315683055" tId="1" fbRx="0.31568218" lbRx="0.315683055" />
<p fId="1" fbTx="0.315683055" lbTx="0.31568393" tId="4" fbRx="0.315683055" lbRx="0.31568393" />
<p fId="3" fbTx="0.315782096" lbTx="0.31578218" tId="0" fbRx="0.325782096" lbRx="0.32578218" />
<p fId="0" fbTx="0.31578218" lbTx="0.315783055" tId="1" fbRx="0.31578218" lbRx="0.315783055" />
<p fId="1" fbTx="0.315783055" lbTx="0.31578393" tId="4" fbRx="0.315783055" lbRx="0.31578393" />
<p fId="3" fbTx="0.315882096" lbTx="0.31588218" tId="0" fbRx="0.325882096" lbRx="0.32588218" />
<p fId="0" fbTx="0.31588218" lbTx="0.315883055" tId="1" fbRx="0.31588218" lbRx="0.315883055" />
<p fId="1" fbTx="0.315883055" lbTx="0.31588393" tId="4" fbRx="0.315883055" lbRx="0.31588393" />
<p fId="3" fbTx="0.315982096" lbTx="0.31598218" tId="0" fbRx="0.325982096" lbRx="0.32598218" />
<p fId="0" fbTx="0.31598218" lbTx="0.315983055" tId="1" fbRx="0.31598218" lbRx="0.315983055" />
<p fId="1" fbTx="0.315983055" lbTx="0.31598393" tId="4" fbRx="0.315983055" lbRx="0.31598393" />
<p fId="3" fbTx="0.316082096" lbTx="0.31608218" tId="0" fbRx="0.326082096" lbRx="0.32608218" />
<p fId="0" fbTx="0.31608218" lbTx="0.316083055" tId="1" fbRx="0.31608218" lbRx="0.316083055" />
<p fId="1" fbTx="0.316083055" lbTx="0.31608393" tId="4" fbRx="0.316083055" lbRx="0.31608393" />
<p fId="3" fbTx="0.316182096" lbTx="0.31618218" tId="0" fbRx="0.326182096" lbRx="0.32618218" />
<p fId="0" fbTx="0.31618218" lbTx="0.316183055" tId="1" fbRx="0.31618218" lbRx="0.316183055" />
<p fId="1" fbTx="0.316183055" lbTx="0.31618393" tId="4" fbRx="0.316183055" lbRx="0.31618393" />
<pr uId="294" fId="4" fbTx="0.316214286" />
<wpr uId="294" tId="5" fbRx="0.316214286" lbRx="0" />
<wpr uId="294" tId="6" fbRx="0.316214286" lbRx="0" />
<p fId="3" fbTx="0.316282096" lbTx="0.31628218" tId="0" fbRx="0.326282096" lbRx="0.32628218" />
<p fId="0" fbTx="0.31628218" lbTx="0.316283055" tId="1" fbRx="0.31628218" lbRx="0.316283055" />
<p fId="1" fbTx="0.316283055" lbTx="0.31628393" tId="4" fbRx="0.316283055" lbRx="0.31628393" />
<p fId="3" fbTx="0.316382096" lbTx="0.31638218" tId="0" fbRx="0.326382096" lbRx="0.32638218" />
<p fId="0" fbTx="0.31638218" lbTx="0.316383055" tId="1" fbRx="0.31638218" lbRx="0.316383055" />
<p fId="1" fbTx="0.316383055" lbTx="0.31638393" tId="4" fbRx="0.316383055" lbRx="0.31638393" />
<p fId="3" fbTx="0.316482096" lbTx="0.31648218" tId="0" fbRx="0.326482096" lbRx="0.32648218" />
<p fId="0" fbTx="0.31648218" lbTx="0.316483055" tId="1" fbRx="0.31648218" lbRx="0.316483055" />
<p fId="1" fbTx="0.316483055" lbTx="0.31648393" tId="4" fbRx="0.316483055" lbRx="0.31648393" />
<p fId="3" fbTx="0.316582096" lbTx="0.31658218" tId="0" fbRx="0.326582096" lbRx="0.32658218" />
<p fId="0" fbTx="0.31658218" lbTx="0.316583055" tId="1" fbRx="0.31658218" lbRx="0.316583055" />
<p fId="1" fbTx="0.316583055" lbTx="0.31658393" tId="4" fbRx="0.316583055" lbRx="0.31658393" />
<p fId="3" fbTx="0.316682096" lbTx="0.31668218" tId="0" fbRx="0.326682096" lbRx="0.32668218" />
<p fId="0" fbTx="0.31668218" lbTx="0.316683055" tId="1" fbRx="0.31668218" lbRx="0.316683055" />
<p fId="1" fbTx="0.316683055" lbTx="0.31668393" tId="4" fbRx="0.316683055" lbRx="0.31668393" />
<p fId="3" fbTx="0.316782096" lbTx="0.31678218" tId="0" fbRx="0.326782096" lbRx="0.32678218" />
<p fId="0" fbTx="0.31678218" lbTx="0.316783055" tId="1" fbRx="0.31678218" lbRx="0.316783055" />
<p fId="1" fbTx="0.316783055" lbTx="0.31678393" tId="4" fbRx="0.316783055" lbRx="0.31678393" />
<p fId="3" fbTx="0.316882096" lbTx="0.31688218" tId="0" fbRx="0.326882096" lbRx="0.32688218" />
<p fId="0" fbTx="0.31688218" lbTx="0.316883055" tId="1" fbRx="0.31688218" lbRx="0.316883055" />
<p fId="1" fbTx="0.316883055" lbTx="0.31688393" tId="4" fbRx="0.316883055" lbRx="0.31688393" />
<p fId="3" fbTx="0.316982096" lbTx="0.31698218" tId="0" fbRx="0.326982096" lbRx="0.32698218" />
<p fId="0" fbTx="0.31698218" lbTx="0.316983055" tId="1" fbRx="0.31698218" lbRx="0.316983055" />
<p fId="1" fbTx="0.316983055" lbTx="0.31698393" tId="4" fbRx="0.316983055" lbRx="0.31698393" />
<p fId="3" fbTx="0.317082096" lbTx="0.31708218" tId="0" fbRx="0.327082096" lbRx="0.32708218" />
<p fId="0" fbTx="0.31708218" lbTx="0.317083055" tId="1" fbRx="0.31708218" lbRx="0.317083055" />
<p fId="1" fbTx="0.317083055" lbTx="0.31708393" tId="4" fbRx="0.317083055" lbRx="0.31708393" />
<p fId="3" fbTx="0.317182096" lbTx="0.31718218" tId="0" fbRx="0.327182096" lbRx="0.32718218" />
<p fId="0" fbTx="0.31718218" lbTx="0.317183055" tId="1" fbRx="0.31718218" lbRx="0.317183055" />
<p fId="1" fbTx="0.317183055" lbTx="0.31718393" tId="4" fbRx="0.317183055" lbRx="0.31718393" />
<pr uId="295" fId="4" fbTx="0.317214286" />
<wpr uId="295" tId="5" fbRx="0.317214286" lbRx="0" />
<wpr uId="295" tId="6" fbRx="0.317214286" lbRx="0" />
<p fId="3" fbTx="0.317282096" lbTx="0.31728218" tId="0" fbRx="0.327282096" lbRx="0.32728218" />
<p fId="0" fbTx="0.31728218" lbTx="0.317283055" tId="1" fbRx="0.31728218" lbRx="0.317283055" />
<p fId="1" fbTx="0.317283055" lbTx="0.31728393" tId="4" fbRx="0.317283055" lbRx="0.31728393" />
<p fId="3" fbTx="0.317382096" lbTx="0.31738218" tId="0" fbRx="0.327382096" lbRx="0.32738218" />
<p fId="0" fbTx="0.31738218" lbTx="0.317383055" tId="1" fbRx="0.31738218" lbRx="0.317383055" />
<p fId="1" fbTx="0.317383055" lbTx="0.31738393" tId="4" fbRx="0.317383055" lbRx="0.31738393" />
<p fId="3" fbTx="0.317482096" lbTx="0.31748218" tId="0" fbRx="0.327482096" lbRx="0.32748218" />
<p fId="0" fbTx="0.31748218" lbTx="0.317483055" tId="1" fbRx="0.31748218" lbRx="0.317483055" />
<p fId="1" fbTx="0.317483055" lbTx="0.31748393" tId="4" fbRx="0.317483055" lbRx="0.31748393" />
<p fId="3" fbTx="0.317582096" lbTx="0.31758218" tId="0" fbRx="0.327582096" lbRx="0.32758218" />
<p fId="0" fbTx="0.31758218" lbTx="0.317583055" tId="1" fbRx="0.31758218" lbRx="0.317583055" />
<p fId="1" fbTx="0.317583055" lbTx="0.31758393" tId="4" fbRx="0.317583055" lbRx="0.31758393" />
<p fId="3" fbTx="0.317682096" lbTx="0.31768218" tId="0" fbRx="0.327682096" lbRx="0.32768218" />
<p fId="0" fbTx="0.31768218" lbTx="0.317683055" tId="1" fbRx="0.31768218" lbRx="0.317683055" />
<p fId="1" fbTx="0.317683055" lbTx="0.31768393" tId="4" fbRx="0.317683055" lbRx="0.31768393" />
<p fId="3" fbTx="0.317782096" lbTx="0.31778218" tId="0" fbRx="0.327782096" lbRx="0.32778218" />
<p fId="0" fbTx="0.31778218" lbTx="0.317783055" tId="1" fbRx="0.31778218" lbRx="0.317783055" />
<p fId="1" fbTx="0.317783055" lbTx="0.31778393" tId="4" fbRx="0.317783055" lbRx="0.31778393" />
<p fId="3" fbTx="0.317882096" lbTx="0.31788218" tId="0" fbRx="0.327882096" lbRx="0.32788218" />
<p fId="0" fbTx="0.31788218" lbTx="0.317883055" tId="1" fbRx="0.31788218" lbRx="0.317883055" />
<p fId="1" fbTx="0.317883055" lbTx="0.31788393" tId="4" fbRx="0.317883055" lbRx="0.31788393" />
<p fId="3" fbTx="0.317982096" lbTx="0.31798218" tId="0" fbRx="0.327982096" lbRx="0.32798218" />
<p fId="0" fbTx="0.31798218" lbTx="0.317983055" tId="1" fbRx="0.31798218" lbRx="0.317983055" />
<p fId="1" fbTx="0.317983055" lbTx="0.31798393" tId="4" fbRx="0.317983055" lbRx="0.31798393" />
<p fId="3" fbTx="0.318082096" lbTx="0.31808218" tId="0" fbRx="0.328082096" lbRx="0.32808218" />
<p fId="0" fbTx="0.31808218" lbTx="0.318083055" tId="1" fbRx="0.31808218" lbRx="0.318083055" />
<p fId="1" fbTx="0.318083055" lbTx="0.31808393" tId="4" fbRx="0.318083055" lbRx="0.31808393" />
<p fId="3" fbTx="0.318182096" lbTx="0.31818218" tId="0" fbRx="0.328182096" lbRx="0.32818218" />
<p fId="0" fbTx="0.31818218" lbTx="0.318183055" tId="1" fbRx="0.31818218" lbRx="0.318183055" />
<p fId="1" fbTx="0.318183055" lbTx="0.31818393" tId="4" fbRx="0.318183055" lbRx="0.31818393" />
<pr uId="296" fId="4" fbTx="0.318214286" />
<wpr uId="296" tId="5" fbRx="0.318214286" lbRx="0" />
<wpr uId="296" tId="6" fbRx="0.318214286" lbRx="0" />
<p fId="3" fbTx="0.318282096" lbTx="0.31828218" tId="0" fbRx="0.328282096" lbRx="0.32828218" />
<p fId="0" fbTx="0.31828218" lbTx="0.318283055" tId="1" fbRx="0.31828218" lbRx="0.318283055" />
<p fId="1" fbTx="0.318283055" lbTx="0.31828393" tId="4" fbRx="0.318283055" lbRx="0.31828393" />
<p fId="3" fbTx="0.318382096" lbTx="0.31838218" tId="0" fbRx="0.328382096" lbRx="0.32838218" />
<p fId="0" fbTx="0.31838218" lbTx="0.318383055" tId="1" fbRx="0.31838218" lbRx="0.318383055" />
<p fId="1" fbTx="0.318383055" lbTx="0.31838393" tId="4" fbRx="0.318383055" lbRx="0.31838393" />
<p fId="3" fbTx="0.318482096" lbTx="0.31848218" tId="0" fbRx="0.328482096" lbRx="0.32848218" />
<p fId="0" fbTx="0.31848218" lbTx="0.318483055" tId="1" fbRx="0.31848218" lbRx="0.318483055" />
<p fId="1" fbTx="0.318483055" lbTx="0.31848393" tId="4" fbRx="0.318483055" lbRx="0.31848393" />
<p fId="3" fbTx="0.318582096" lbTx="0.31858218" tId="0" fbRx="0.328582096" lbRx="0.32858218" />
<p fId="0" fbTx="0.31858218" lbTx="0.318583055" tId="1" fbRx="0.31858218" lbRx="0.318583055" />
<p fId="1" fbTx="0.318583055" lbTx="0.31858393" tId="4" fbRx="0.318583055" lbRx="0.31858393" />
<p fId="3" fbTx="0.318682096" lbTx="0.31868218" tId="0" fbRx="0.328682096" lbRx="0.32868218" />
<p fId="0" fbTx="0.31868218" lbTx="0.318683055" tId="1" fbRx="0.31868218" lbRx="0.318683055" />
<p fId="1" fbTx="0.318683055" lbTx="0.31868393" tId="4" fbRx="0.318683055" lbRx="0.31868393" />
<p fId="3" fbTx="0.318782096" lbTx="0.31878218" tId="0" fbRx="0.328782096" lbRx="0.32878218" />
<p fId="0" fbTx="0.31878218" lbTx="0.318783055" tId="1" fbRx="0.31878218" lbRx="0.318783055" />
<p fId="1" fbTx="0.318783055" lbTx="0.31878393" tId="4" fbRx="0.318783055" lbRx="0.31878393" />
<p fId="3" fbTx="0.318882096" lbTx="0.31888218" tId="0" fbRx="0.328882096" lbRx="0.32888218" />
<p fId="0" fbTx="0.31888218" lbTx="0.318883055" tId="1" fbRx="0.31888218" lbRx="0.318883055" />
<p fId="1" fbTx="0.318883055" lbTx="0.31888393" tId="4" fbRx="0.318883055" lbRx="0.31888393" />
<p fId="3" fbTx="0.318982096" lbTx="0.31898218" tId="0" fbRx="0.328982096" lbRx="0.32898218" />
<p fId="0" fbTx="0.31898218" lbTx="0.318983055" tId="1" fbRx="0.31898218" lbRx="0.318983055" />
<p fId="1" fbTx="0.318983055" lbTx="0.31898393" tId="4" fbRx="0.318983055" lbRx="0.31898393" />
<p fId="3" fbTx="0.319082096" lbTx="0.31908218" tId="0" fbRx="0.329082096" lbRx="0.32908218" />
<p fId="0" fbTx="0.31908218" lbTx="0.319083055" tId="1" fbRx="0.31908218" lbRx="0.319083055" />
<p fId="1" fbTx="0.319083055" lbTx="0.31908393" tId="4" fbRx="0.319083055" lbRx="0.31908393" />
<p fId="3" fbTx="0.319182096" lbTx="0.31918218" tId="0" fbRx="0.329182096" lbRx="0.32918218" />
<p fId="0" fbTx="0.31918218" lbTx="0.319183055" tId="1" fbRx="0.31918218" lbRx="0.319183055" />
<p fId="1" fbTx="0.319183055" lbTx="0.31918393" tId="4" fbRx="0.319183055" lbRx="0.31918393" />
<pr uId="297" fId="4" fbTx="0.319214286" />
<wpr uId="297" tId="5" fbRx="0.319214286" lbRx="0" />
<wpr uId="297" tId="6" fbRx="0.319214286" lbRx="0" />
<p fId="3" fbTx="0.319282096" lbTx="0.31928218" tId="0" fbRx="0.329282096" lbRx="0.32928218" />
<p fId="0" fbTx="0.31928218" lbTx="0.319283055" tId="1" fbRx="0.31928218" lbRx="0.319283055" />
<p fId="1" fbTx="0.319283055" lbTx="0.31928393" tId="4" fbRx="0.319283055" lbRx="0.31928393" />
<p fId="3" fbTx="0.319382096" lbTx="0.31938218" tId="0" fbRx="0.329382096" lbRx="0.32938218" />
<p fId="0" fbTx="0.31938218" lbTx="0.319383055" tId="1" fbRx="0.31938218" lbRx="0.319383055" />
<p fId="1" fbTx="0.319383055" lbTx="0.31938393" tId="4" fbRx="0.319383055" lbRx="0.31938393" />
<p fId="3" fbTx="0.319482096" lbTx="0.31948218" tId="0" fbRx="0.329482096" lbRx="0.32948218" />
<p fId="0" fbTx="0.31948218" lbTx="0.319483055" tId="1" fbRx="0.31948218" lbRx="0.319483055" />
<p fId="1" fbTx="0.319483055" lbTx="0.31948393" tId="4" fbRx="0.319483055" lbRx="0.31948393" />
<p fId="3" fbTx="0.319582096" lbTx="0.31958218" tId="0" fbRx="0.329582096" lbRx="0.32958218" />
<p fId="0" fbTx="0.31958218" lbTx="0.319583055" tId="1" fbRx="0.31958218" lbRx="0.319583055" />
<p fId="1" fbTx="0.319583055" lbTx="0.31958393" tId="4" fbRx="0.319583055" lbRx="0.31958393" />
<p fId="3" fbTx="0.319682096" lbTx="0.31968218" tId="0" fbRx="0.329682096" lbRx="0.32968218" />
<p fId="0" fbTx="0.31968218" lbTx="0.319683055" tId="1" fbRx="0.31968218" lbRx="0.319683055" />
<p fId="1" fbTx="0.319683055" lbTx="0.31968393" tId="4" fbRx="0.319683055" lbRx="0.31968393" />
<p fId="3" fbTx="0.319782096" lbTx="0.31978218" tId="0" fbRx="0.329782096" lbRx="0.32978218" />
<p fId="0" fbTx="0.31978218" lbTx="0.319783055" tId="1" fbRx="0.31978218" lbRx="0.319783055" />
<p fId="1" fbTx="0.319783055" lbTx="0.31978393" tId="4" fbRx="0.319783055" lbRx="0.31978393" />
<p fId="3" fbTx="0.319882096" lbTx="0.31988218" tId="0" fbRx="0.329882096" lbRx="0.32988218" />
<p fId="0" fbTx="0.31988218" lbTx="0.319883055" tId="1" fbRx="0.31988218" lbRx="0.319883055" />
<p fId="1" fbTx="0.319883055" lbTx="0.31988393" tId="4" fbRx="0.319883055" lbRx="0.31988393" />
<p fId="3" fbTx="0.319982096" lbTx="0.31998218" tId="0" fbRx="0.329982096" lbRx="0.32998218" />
<p fId="0" fbTx="0.31998218" lbTx="0.319983055" tId="1" fbRx="0.31998218" lbRx="0.319983055" />
<p fId="1" fbTx="0.319983055" lbTx="0.31998393" tId="4" fbRx="0.319983055" lbRx="0.31998393" />
<p fId="3" fbTx="0.320082096" lbTx="0.32008218" tId="0" fbRx="0.330082096" lbRx="0.33008218" />
<p fId="0" fbTx="0.32008218" lbTx="0.320083055" tId="1" fbRx="0.32008218" lbRx="0.320083055" />
<p fId="1" fbTx="0.320083055" lbTx="0.32008393" tId="4" fbRx="0.320083055" lbRx="0.32008393" />
<p fId="3" fbTx="0.320182096" lbTx="0.32018218" tId="0" fbRx="0.330182096" lbRx="0.33018218" />
<p fId="0" fbTx="0.32018218" lbTx="0.320183055" tId="1" fbRx="0.32018218" lbRx="0.320183055" />
<p fId="1" fbTx="0.320183055" lbTx="0.32018393" tId="4" fbRx="0.320183055" lbRx="0.32018393" />
<pr uId="298" fId="4" fbTx="0.320214286" />
<wpr uId="298" tId="5" fbRx="0.320214286" lbRx="0" />
<wpr uId="298" tId="6" fbRx="0.320214286" lbRx="0" />
<p fId="3" fbTx="0.320282096" lbTx="0.32028218" tId="0" fbRx="0.330282096" lbRx="0.33028218" />
<p fId="0" fbTx="0.32028218" lbTx="0.320283055" tId="1" fbRx="0.32028218" lbRx="0.320283055" />
<p fId="1" fbTx="0.320283055" lbTx="0.32028393" tId="4" fbRx="0.320283055" lbRx="0.32028393" />
<p fId="3" fbTx="0.320382096" lbTx="0.32038218" tId="0" fbRx="0.330382096" lbRx="0.33038218" />
<p fId="0" fbTx="0.32038218" lbTx="0.320383055" tId="1" fbRx="0.32038218" lbRx="0.320383055" />
<p fId="1" fbTx="0.320383055" lbTx="0.32038393" tId="4" fbRx="0.320383055" lbRx="0.32038393" />
<p fId="3" fbTx="0.320482096" lbTx="0.32048218" tId="0" fbRx="0.330482096" lbRx="0.33048218" />
<p fId="0" fbTx="0.32048218" lbTx="0.320483055" tId="1" fbRx="0.32048218" lbRx="0.320483055" />
<p fId="1" fbTx="0.320483055" lbTx="0.32048393" tId="4" fbRx="0.320483055" lbRx="0.32048393" />
<p fId="3" fbTx="0.320582096" lbTx="0.32058218" tId="0" fbRx="0.330582096" lbRx="0.33058218" />
<p fId="0" fbTx="0.32058218" lbTx="0.320583055" tId="1" fbRx="0.32058218" lbRx="0.320583055" />
<p fId="1" fbTx="0.320583055" lbTx="0.32058393" tId="4" fbRx="0.320583055" lbRx="0.32058393" />
<p fId="3" fbTx="0.320682096" lbTx="0.32068218" tId="0" fbRx="0.330682096" lbRx="0.33068218" />
<p fId="0" fbTx="0.32068218" lbTx="0.320683055" tId="1" fbRx="0.32068218" lbRx="0.320683055" />
<p fId="1" fbTx="0.320683055" lbTx="0.32068393" tId="4" fbRx="0.320683055" lbRx="0.32068393" />
<p fId="3" fbTx="0.320782096" lbTx="0.32078218" tId="0" fbRx="0.330782096" lbRx="0.33078218" />
<p fId="0" fbTx="0.32078218" lbTx="0.320783055" tId="1" fbRx="0.32078218" lbRx="0.320783055" />
<p fId="1" fbTx="0.320783055" lbTx="0.32078393" tId="4" fbRx="0.320783055" lbRx="0.32078393" />
<p fId="3" fbTx="0.320882096" lbTx="0.32088218" tId="0" fbRx="0.330882096" lbRx="0.33088218" />
<p fId="0" fbTx="0.32088218" lbTx="0.320883055" tId="1" fbRx="0.32088218" lbRx="0.320883055" />
<p fId="1" fbTx="0.320883055" lbTx="0.32088393" tId="4" fbRx="0.320883055" lbRx="0.32088393" />
<p fId="3" fbTx="0.320982096" lbTx="0.32098218" tId="0" fbRx="0.330982096" lbRx="0.33098218" />
<p fId="0" fbTx="0.32098218" lbTx="0.320983055" tId="1" fbRx="0.32098218" lbRx="0.320983055" />
<p fId="1" fbTx="0.320983055" lbTx="0.32098393" tId="4" fbRx="0.320983055" lbRx="0.32098393" />
<p fId="3" fbTx="0.321082096" lbTx="0.32108218" tId="0" fbRx="0.331082096" lbRx="0.33108218" />
<p fId="0" fbTx="0.32108218" lbTx="0.321083055" tId="1" fbRx="0.32108218" lbRx="0.321083055" />
<p fId="1" fbTx="0.321083055" lbTx="0.32108393" tId="4" fbRx="0.321083055" lbRx="0.32108393" />
<p fId="3" fbTx="0.321182096" lbTx="0.32118218" tId="0" fbRx="0.331182096" lbRx="0.33118218" />
<p fId="0" fbTx="0.32118218" lbTx="0.321183055" tId="1" fbRx="0.32118218" lbRx="0.321183055" />
<p fId="1" fbTx="0.321183055" lbTx="0.32118393" tId="4" fbRx="0.321183055" lbRx="0.32118393" />
<pr uId="299" fId="4" fbTx="0.321214286" />
<wpr uId="299" tId="5" fbRx="0.321214286" lbRx="0" />
<wpr uId="299" tId="6" fbRx="0.321214286" lbRx="0" />
<p fId="3" fbTx="0.321282096" lbTx="0.32128218" tId="0" fbRx="0.331282096" lbRx="0.33128218" />
<p fId="0" fbTx="0.32128218" lbTx="0.321283055" tId="1" fbRx="0.32128218" lbRx="0.321283055" />
<p fId="1" fbTx="0.321283055" lbTx="0.32128393" tId="4" fbRx="0.321283055" lbRx="0.32128393" />
<p fId="3" fbTx="0.321382096" lbTx="0.32138218" tId="0" fbRx="0.331382096" lbRx="0.33138218" />
<p fId="0" fbTx="0.32138218" lbTx="0.321383055" tId="1" fbRx="0.32138218" lbRx="0.321383055" />
<p fId="1" fbTx="0.321383055" lbTx="0.32138393" tId="4" fbRx="0.321383055" lbRx="0.32138393" />
<p fId="3" fbTx="0.321482096" lbTx="0.32148218" tId="0" fbRx="0.331482096" lbRx="0.33148218" />
<p fId="0" fbTx="0.32148218" lbTx="0.321483055" tId="1" fbRx="0.32148218" lbRx="0.321483055" />
<p fId="1" fbTx="0.321483055" lbTx="0.32148393" tId="4" fbRx="0.321483055" lbRx="0.32148393" />
<p fId="3" fbTx="0.321582096" lbTx="0.32158218" tId="0" fbRx="0.331582096" lbRx="0.33158218" />
<p fId="0" fbTx="0.32158218" lbTx="0.321583055" tId="1" fbRx="0.32158218" lbRx="0.321583055" />
<p fId="1" fbTx="0.321583055" lbTx="0.32158393" tId="4" fbRx="0.321583055" lbRx="0.32158393" />
<p fId="3" fbTx="0.321682096" lbTx="0.32168218" tId="0" fbRx="0.331682096" lbRx="0.33168218" />
<p fId="0" fbTx="0.32168218" lbTx="0.321683055" tId="1" fbRx="0.32168218" lbRx="0.321683055" />
<p fId="1" fbTx="0.321683055" lbTx="0.32168393" tId="4" fbRx="0.321683055" lbRx="0.32168393" />
<p fId="3" fbTx="0.321782096" lbTx="0.32178218" tId="0" fbRx="0.331782096" lbRx="0.33178218" />
<p fId="0" fbTx="0.32178218" lbTx="0.321783055" tId="1" fbRx="0.32178218" lbRx="0.321783055" />
<p fId="1" fbTx="0.321783055" lbTx="0.32178393" tId="4" fbRx="0.321783055" lbRx="0.32178393" />
<p fId="3" fbTx="0.321882096" lbTx="0.32188218" tId="0" fbRx="0.331882096" lbRx="0.33188218" />
<p fId="0" fbTx="0.32188218" lbTx="0.321883055" tId="1" fbRx="0.32188218" lbRx="0.321883055" />
<p fId="1" fbTx="0.321883055" lbTx="0.32188393" tId="4" fbRx="0.321883055" lbRx="0.32188393" />
<p fId="3" fbTx="0.321982096" lbTx="0.32198218" tId="0" fbRx="0.331982096" lbRx="0.33198218" />
<p fId="0" fbTx="0.32198218" lbTx="0.321983055" tId="1" fbRx="0.32198218" lbRx="0.321983055" />
<p fId="1" fbTx="0.321983055" lbTx="0.32198393" tId="4" fbRx="0.321983055" lbRx="0.32198393" />
<p fId="3" fbTx="0.322082096" lbTx="0.32208218" tId="0" fbRx="0.332082096" lbRx="0.33208218" />
<p fId="0" fbTx="0.32208218" lbTx="0.322083055" tId="1" fbRx="0.32208218" lbRx="0.322083055" />
<p fId="1" fbTx="0.322083055" lbTx="0.32208393" tId="4" fbRx="0.322083055" lbRx="0.32208393" />
<p fId="3" fbTx="0.322182096" lbTx="0.32218218" tId="0" fbRx="0.332182096" lbRx="0.33218218" />
<p fId="0" fbTx="0.32218218" lbTx="0.322183055" tId="1" fbRx="0.32218218" lbRx="0.322183055" />
<p fId="1" fbTx="0.322183055" lbTx="0.32218393" tId="4" fbRx="0.322183055" lbRx="0.32218393" />
<pr uId="300" fId="4" fbTx="0.322214286" />
<wpr uId="300" tId="5" fbRx="0.322214286" lbRx="0" />
<wpr uId="300" tId="6" fbRx="0.322214286" lbRx="0" />
<p fId="3" fbTx="0.322282096" lbTx="0.32228218" tId="0" fbRx="0.332282096" lbRx="0.33228218" />
<p fId="0" fbTx="0.32228218" lbTx="0.322283055" tId="1" fbRx="0.32228218" lbRx="0.322283055" />
<p fId="1" fbTx="0.322283055" lbTx="0.32228393" tId="4" fbRx="0.322283055" lbRx="0.32228393" />
<p fId="3" fbTx="0.322382096" lbTx="0.32238218" tId="0" fbRx="0.332382096" lbRx="0.33238218" />
<p fId="0" fbTx="0.32238218" lbTx="0.322383055" tId="1" fbRx="0.32238218" lbRx="0.322383055" />
<p fId="1" fbTx="0.322383055" lbTx="0.32238393" tId="4" fbRx="0.322383055" lbRx="0.32238393" />
<p fId="3" fbTx="0.322482096" lbTx="0.32248218" tId="0" fbRx="0.332482096" lbRx="0.33248218" />
<p fId="0" fbTx="0.32248218" lbTx="0.322483055" tId="1" fbRx="0.32248218" lbRx="0.322483055" />
<p fId="1" fbTx="0.322483055" lbTx="0.32248393" tId="4" fbRx="0.322483055" lbRx="0.32248393" />
<p fId="3" fbTx="0.322582096" lbTx="0.32258218" tId="0" fbRx="0.332582096" lbRx="0.33258218" />
<p fId="0" fbTx="0.32258218" lbTx="0.322583055" tId="1" fbRx="0.32258218" lbRx="0.322583055" />
<p fId="1" fbTx="0.322583055" lbTx="0.32258393" tId="4" fbRx="0.322583055" lbRx="0.32258393" />
<p fId="3" fbTx="0.322682096" lbTx="0.32268218" tId="0" fbRx="0.332682096" lbRx="0.33268218" />
<p fId="0" fbTx="0.32268218" lbTx="0.322683055" tId="1" fbRx="0.32268218" lbRx="0.322683055" />
<p fId="1" fbTx="0.322683055" lbTx="0.32268393" tId="4" fbRx="0.322683055" lbRx="0.32268393" />
<p fId="3" fbTx="0.322782096" lbTx="0.32278218" tId="0" fbRx="0.332782096" lbRx="0.33278218" />
<p fId="0" fbTx="0.32278218" lbTx="0.322783055" tId="1" fbRx="0.32278218" lbRx="0.322783055" />
<p fId="1" fbTx="0.322783055" lbTx="0.32278393" tId="4" fbRx="0.322783055" lbRx="0.32278393" />
<p fId="3" fbTx="0.322882096" lbTx="0.32288218" tId="0" fbRx="0.332882096" lbRx="0.33288218" />
<p fId="0" fbTx="0.32288218" lbTx="0.322883055" tId="1" fbRx="0.32288218" lbRx="0.322883055" />
<p fId="1" fbTx="0.322883055" lbTx="0.32288393" tId="4" fbRx="0.322883055" lbRx="0.32288393" />
<p fId="3" fbTx="0.322982096" lbTx="0.32298218" tId="0" fbRx="0.332982096" lbRx="0.33298218" />
<p fId="0" fbTx="0.32298218" lbTx="0.322983055" tId="1" fbRx="0.32298218" lbRx="0.322983055" />
<p fId="1" fbTx="0.322983055" lbTx="0.32298393" tId="4" fbRx="0.322983055" lbRx="0.32298393" />
<p fId="3" fbTx="0.323082096" lbTx="0.32308218" tId="0" fbRx="0.333082096" lbRx="0.33308218" />
<p fId="0" fbTx="0.32308218" lbTx="0.323083055" tId="1" fbRx="0.32308218" lbRx="0.323083055" />
<p fId="1" fbTx="0.323083055" lbTx="0.32308393" tId="4" fbRx="0.323083055" lbRx="0.32308393" />
<p fId="3" fbTx="0.323182096" lbTx="0.32318218" tId="0" fbRx="0.333182096" lbRx="0.33318218" />
<p fId="0" fbTx="0.32318218" lbTx="0.323183055" tId="1" fbRx="0.32318218" lbRx="0.323183055" />
<p fId="1" fbTx="0.323183055" lbTx="0.32318393" tId="4" fbRx="0.323183055" lbRx="0.32318393" />
<pr uId="301" fId="4" fbTx="0.323214286" />
<wpr uId="301" tId="5" fbRx="0.323214286" lbRx="0" />
<wpr uId="301" tId="6" fbRx="0.323214286" lbRx="0" />
<p fId="3" fbTx="0.323282096" lbTx="0.32328218" tId="0" fbRx="0.333282096" lbRx="0.33328218" />
<p fId="0" fbTx="0.32328218" lbTx="0.323283055" tId="1" fbRx="0.32328218" lbRx="0.323283055" />
<p fId="1" fbTx="0.323283055" lbTx="0.32328393" tId="4" fbRx="0.323283055" lbRx="0.32328393" />
<p fId="3" fbTx="0.323382096" lbTx="0.32338218" tId="0" fbRx="0.333382096" lbRx="0.33338218" />
<p fId="0" fbTx="0.32338218" lbTx="0.323383055" tId="1" fbRx="0.32338218" lbRx="0.323383055" />
<p fId="1" fbTx="0.323383055" lbTx="0.32338393" tId="4" fbRx="0.323383055" lbRx="0.32338393" />
<p fId="3" fbTx="0.323482096" lbTx="0.32348218" tId="0" fbRx="0.333482096" lbRx="0.33348218" />
<p fId="0" fbTx="0.32348218" lbTx="0.323483055" tId="1" fbRx="0.32348218" lbRx="0.323483055" />
<p fId="1" fbTx="0.323483055" lbTx="0.32348393" tId="4" fbRx="0.323483055" lbRx="0.32348393" />
<p fId="3" fbTx="0.323582096" lbTx="0.32358218" tId="0" fbRx="0.333582096" lbRx="0.33358218" />
<p fId="0" fbTx="0.32358218" lbTx="0.323583055" tId="1" fbRx="0.32358218" lbRx="0.323583055" />
<p fId="1" fbTx="0.323583055" lbTx="0.32358393" tId="4" fbRx="0.323583055" lbRx="0.32358393" />
<p fId="3" fbTx="0.323682096" lbTx="0.32368218" tId="0" fbRx="0.333682096" lbRx="0.33368218" />
<p fId="0" fbTx="0.32368218" lbTx="0.323683055" tId="1" fbRx="0.32368218" lbRx="0.323683055" />
<p fId="1" fbTx="0.323683055" lbTx="0.32368393" tId="4" fbRx="0.323683055" lbRx="0.32368393" />
<p fId="3" fbTx="0.323782096" lbTx="0.32378218" tId="0" fbRx="0.333782096" lbRx="0.33378218" />
<p fId="0" fbTx="0.32378218" lbTx="0.323783055" tId="1" fbRx="0.32378218" lbRx="0.323783055" />
<p fId="1" fbTx="0.323783055" lbTx="0.32378393" tId="4" fbRx="0.323783055" lbRx="0.32378393" />
<p fId="3" fbTx="0.323882096" lbTx="0.32388218" tId="0" fbRx="0.333882096" lbRx="0.33388218" />
<p fId="0" fbTx="0.32388218" lbTx="0.323883055" tId="1" fbRx="0.32388218" lbRx="0.323883055" />
<p fId="1" fbTx="0.323883055" lbTx="0.32388393" tId="4" fbRx="0.323883055" lbRx="0.32388393" />
<p fId="3" fbTx="0.323982096" lbTx="0.32398218" tId="0" fbRx="0.333982096" lbRx="0.33398218" />
<p fId="0" fbTx="0.32398218" lbTx="0.323983055" tId="1" fbRx="0.32398218" lbRx="0.323983055" />
<p fId="1" fbTx="0.323983055" lbTx="0.32398393" tId="4" fbRx="0.323983055" lbRx="0.32398393" />
<p fId="3" fbTx="0.324082096" lbTx="0.32408218" tId="0" fbRx="0.334082096" lbRx="0.33408218" />
<p fId="0" fbTx="0.32408218" lbTx="0.324083055" tId="1" fbRx="0.32408218" lbRx="0.324083055" />
<p fId="1" fbTx="0.324083055" lbTx="0.32408393" tId="4" fbRx="0.324083055" lbRx="0.32408393" />
<p fId="3" fbTx="0.324182096" lbTx="0.32418218" tId="0" fbRx="0.334182096" lbRx="0.33418218" />
<p fId="0" fbTx="0.32418218" lbTx="0.324183055" tId="1" fbRx="0.32418218" lbRx="0.324183055" />
<p fId="1" fbTx="0.324183055" lbTx="0.32418393" tId="4" fbRx="0.324183055" lbRx="0.32418393" />
<pr uId="302" fId="4" fbTx="0.324214286" />
<wpr uId="302" tId="5" fbRx="0.324214286" lbRx="0" />
<wpr uId="302" tId="6" fbRx="0.324214286" lbRx="0" />
<p fId="3" fbTx="0.324282096" lbTx="0.32428218" tId="0" fbRx="0.334282096" lbRx="0.33428218" />
<p fId="0" fbTx="0.32428218" lbTx="0.324283055" tId="1" fbRx="0.32428218" lbRx="0.324283055" />
<p fId="1" fbTx="0.324283055" lbTx="0.32428393" tId="4" fbRx="0.324283055" lbRx="0.32428393" />
<p fId="3" fbTx="0.324382096" lbTx="0.32438218" tId="0" fbRx="0.334382096" lbRx="0.33438218" />
<p fId="0" fbTx="0.32438218" lbTx="0.324383055" tId="1" fbRx="0.32438218" lbRx="0.324383055" />
<p fId="1" fbTx="0.324383055" lbTx="0.32438393" tId="4" fbRx="0.324383055" lbRx="0.32438393" />
<p fId="3" fbTx="0.324482096" lbTx="0.32448218" tId="0" fbRx="0.334482096" lbRx="0.33448218" />
<p fId="0" fbTx="0.32448218" lbTx="0.324483055" tId="1" fbRx="0.32448218" lbRx="0.324483055" />
<p fId="1" fbTx="0.324483055" lbTx="0.32448393" tId="4" fbRx="0.324483055" lbRx="0.32448393" />
<p fId="3" fbTx="0.324582096" lbTx="0.32458218" tId="0" fbRx="0.334582096" lbRx="0.33458218" />
<p fId="0" fbTx="0.32458218" lbTx="0.324583055" tId="1" fbRx="0.32458218" lbRx="0.324583055" />
<p fId="1" fbTx="0.324583055" lbTx="0.32458393" tId="4" fbRx="0.324583055" lbRx="0.32458393" />
<p fId="3" fbTx="0.324682096" lbTx="0.32468218" tId="0" fbRx="0.334682096" lbRx="0.33468218" />
<p fId="0" fbTx="0.32468218" lbTx="0.324683055" tId="1" fbRx="0.32468218" lbRx="0.324683055" />
<p fId="1" fbTx="0.324683055" lbTx="0.32468393" tId="4" fbRx="0.324683055" lbRx="0.32468393" />
<p fId="3" fbTx="0.324782096" lbTx="0.32478218" tId="0" fbRx="0.334782096" lbRx="0.33478218" />
<p fId="0" fbTx="0.32478218" lbTx="0.324783055" tId="1" fbRx="0.32478218" lbRx="0.324783055" />
<p fId="1" fbTx="0.324783055" lbTx="0.32478393" tId="4" fbRx="0.324783055" lbRx="0.32478393" />
<p fId="3" fbTx="0.324882096" lbTx="0.32488218" tId="0" fbRx="0.334882096" lbRx="0.33488218" />
<p fId="0" fbTx="0.32488218" lbTx="0.324883055" tId="1" fbRx="0.32488218" lbRx="0.324883055" />
<p fId="1" fbTx="0.324883055" lbTx="0.32488393" tId="4" fbRx="0.324883055" lbRx="0.32488393" />
<p fId="3" fbTx="0.324982096" lbTx="0.32498218" tId="0" fbRx="0.334982096" lbRx="0.33498218" />
<p fId="0" fbTx="0.32498218" lbTx="0.324983055" tId="1" fbRx="0.32498218" lbRx="0.324983055" />
<p fId="1" fbTx="0.324983055" lbTx="0.32498393" tId="4" fbRx="0.324983055" lbRx="0.32498393" />
<p fId="3" fbTx="0.325082096" lbTx="0.32508218" tId="0" fbRx="0.335082096" lbRx="0.33508218" />
<p fId="0" fbTx="0.32508218" lbTx="0.325083055" tId="1" fbRx="0.32508218" lbRx="0.325083055" />
<p fId="1" fbTx="0.325083055" lbTx="0.32508393" tId="4" fbRx="0.325083055" lbRx="0.32508393" />
<p fId="3" fbTx="0.325182096" lbTx="0.32518218" tId="0" fbRx="0.335182096" lbRx="0.33518218" />
<p fId="0" fbTx="0.32518218" lbTx="0.325183055" tId="1" fbRx="0.32518218" lbRx="0.325183055" />
<p fId="1" fbTx="0.325183055" lbTx="0.32518393" tId="4" fbRx="0.325183055" lbRx="0.32518393" />
<pr uId="303" fId="4" fbTx="0.325214286" />
<wpr uId="303" tId="5" fbRx="0.325214286" lbRx="0" />
<wpr uId="303" tId="6" fbRx="0.325214286" lbRx="0" />
<p fId="3" fbTx="0.325282096" lbTx="0.32528218" tId="0" fbRx="0.335282096" lbRx="0.33528218" />
<p fId="0" fbTx="0.32528218" lbTx="0.325283055" tId="1" fbRx="0.32528218" lbRx="0.325283055" />
<p fId="1" fbTx="0.325283055" lbTx="0.32528393" tId="4" fbRx="0.325283055" lbRx="0.32528393" />
<p fId="3" fbTx="0.325382096" lbTx="0.32538218" tId="0" fbRx="0.335382096" lbRx="0.33538218" />
<p fId="0" fbTx="0.32538218" lbTx="0.325383055" tId="1" fbRx="0.32538218" lbRx="0.325383055" />
<p fId="1" fbTx="0.325383055" lbTx="0.32538393" tId="4" fbRx="0.325383055" lbRx="0.32538393" />
<p fId="3" fbTx="0.325482096" lbTx="0.32548218" tId="0" fbRx="0.335482096" lbRx="0.33548218" />
<p fId="0" fbTx="0.32548218" lbTx="0.325483055" tId="1" fbRx="0.32548218" lbRx="0.325483055" />
<p fId="1" fbTx="0.325483055" lbTx="0.32548393" tId="4" fbRx="0.325483055" lbRx="0.32548393" />
<p fId="3" fbTx="0.325582096" lbTx="0.32558218" tId="0" fbRx="0.335582096" lbRx="0.33558218" />
<p fId="0" fbTx="0.32558218" lbTx="0.325583055" tId="1" fbRx="0.32558218" lbRx="0.325583055" />
<p fId="1" fbTx="0.325583055" lbTx="0.32558393" tId="4" fbRx="0.325583055" lbRx="0.32558393" />
<p fId="3" fbTx="0.325682096" lbTx="0.32568218" tId="0" fbRx="0.335682096" lbRx="0.33568218" />
<p fId="0" fbTx="0.32568218" lbTx="0.325683055" tId="1" fbRx="0.32568218" lbRx="0.325683055" />
<p fId="1" fbTx="0.325683055" lbTx="0.32568393" tId="4" fbRx="0.325683055" lbRx="0.32568393" />
<p fId="3" fbTx="0.325782096" lbTx="0.32578218" tId="0" fbRx="0.335782096" lbRx="0.33578218" />
<p fId="0" fbTx="0.32578218" lbTx="0.325783055" tId="1" fbRx="0.32578218" lbRx="0.325783055" />
<p fId="1" fbTx="0.325783055" lbTx="0.32578393" tId="4" fbRx="0.325783055" lbRx="0.32578393" />
<p fId="3" fbTx="0.325882096" lbTx="0.32588218" tId="0" fbRx="0.335882096" lbRx="0.33588218" />
<p fId="0" fbTx="0.32588218" lbTx="0.325883055" tId="1" fbRx="0.32588218" lbRx="0.325883055" />
<p fId="1" fbTx="0.325883055" lbTx="0.32588393" tId="4" fbRx="0.325883055" lbRx="0.32588393" />
<p fId="3" fbTx="0.325982096" lbTx="0.32598218" tId="0" fbRx="0.335982096" lbRx="0.33598218" />
<p fId="0" fbTx="0.32598218" lbTx="0.325983055" tId="1" fbRx="0.32598218" lbRx="0.325983055" />
<p fId="1" fbTx="0.325983055" lbTx="0.32598393" tId="4" fbRx="0.325983055" lbRx="0.32598393" />
<p fId="3" fbTx="0.326082096" lbTx="0.32608218" tId="0" fbRx="0.336082096" lbRx="0.33608218" />
<p fId="0" fbTx="0.32608218" lbTx="0.326083055" tId="1" fbRx="0.32608218" lbRx="0.326083055" />
<p fId="1" fbTx="0.326083055" lbTx="0.32608393" tId="4" fbRx="0.326083055" lbRx="0.32608393" />
<p fId="3" fbTx="0.326182096" lbTx="0.32618218" tId="0" fbRx="0.336182096" lbRx="0.33618218" />
<p fId="0" fbTx="0.32618218" lbTx="0.326183055" tId="1" fbRx="0.32618218" lbRx="0.326183055" />
<p fId="1" fbTx="0.326183055" lbTx="0.32618393" tId="4" fbRx="0.326183055" lbRx="0.32618393" />
<pr uId="304" fId="4" fbTx="0.326214286" />
<wpr uId="304" tId="5" fbRx="0.326214286" lbRx="0" />
<wpr uId="304" tId="6" fbRx="0.326214286" lbRx="0" />
<p fId="3" fbTx="0.326282096" lbTx="0.32628218" tId="0" fbRx="0.336282096" lbRx="0.33628218" />
<p fId="0" fbTx="0.32628218" lbTx="0.326283055" tId="1" fbRx="0.32628218" lbRx="0.326283055" />
<p fId="1" fbTx="0.326283055" lbTx="0.32628393" tId="4" fbRx="0.326283055" lbRx="0.32628393" />
<p fId="3" fbTx="0.326382096" lbTx="0.32638218" tId="0" fbRx="0.336382096" lbRx="0.33638218" />
<p fId="0" fbTx="0.32638218" lbTx="0.326383055" tId="1" fbRx="0.32638218" lbRx="0.326383055" />
<p fId="1" fbTx="0.326383055" lbTx="0.32638393" tId="4" fbRx="0.326383055" lbRx="0.32638393" />
<p fId="3" fbTx="0.326482096" lbTx="0.32648218" tId="0" fbRx="0.336482096" lbRx="0.33648218" />
<p fId="0" fbTx="0.32648218" lbTx="0.326483055" tId="1" fbRx="0.32648218" lbRx="0.326483055" />
<p fId="1" fbTx="0.326483055" lbTx="0.32648393" tId="4" fbRx="0.326483055" lbRx="0.32648393" />
<p fId="3" fbTx="0.326582096" lbTx="0.32658218" tId="0" fbRx="0.336582096" lbRx="0.33658218" />
<p fId="0" fbTx="0.32658218" lbTx="0.326583055" tId="1" fbRx="0.32658218" lbRx="0.326583055" />
<p fId="1" fbTx="0.326583055" lbTx="0.32658393" tId="4" fbRx="0.326583055" lbRx="0.32658393" />
<p fId="3" fbTx="0.326682096" lbTx="0.32668218" tId="0" fbRx="0.336682096" lbRx="0.33668218" />
<p fId="0" fbTx="0.32668218" lbTx="0.326683055" tId="1" fbRx="0.32668218" lbRx="0.326683055" />
<p fId="1" fbTx="0.326683055" lbTx="0.32668393" tId="4" fbRx="0.326683055" lbRx="0.32668393" />
<p fId="3" fbTx="0.326782096" lbTx="0.32678218" tId="0" fbRx="0.336782096" lbRx="0.33678218" />
<p fId="0" fbTx="0.32678218" lbTx="0.326783055" tId="1" fbRx="0.32678218" lbRx="0.326783055" />
<p fId="1" fbTx="0.326783055" lbTx="0.32678393" tId="4" fbRx="0.326783055" lbRx="0.32678393" />
<p fId="3" fbTx="0.326882096" lbTx="0.32688218" tId="0" fbRx="0.336882096" lbRx="0.33688218" />
<p fId="0" fbTx="0.32688218" lbTx="0.326883055" tId="1" fbRx="0.32688218" lbRx="0.326883055" />
<p fId="1" fbTx="0.326883055" lbTx="0.32688393" tId="4" fbRx="0.326883055" lbRx="0.32688393" />
<p fId="3" fbTx="0.326982096" lbTx="0.32698218" tId="0" fbRx="0.336982096" lbRx="0.33698218" />
<p fId="0" fbTx="0.32698218" lbTx="0.326983055" tId="1" fbRx="0.32698218" lbRx="0.326983055" />
<p fId="1" fbTx="0.326983055" lbTx="0.32698393" tId="4" fbRx="0.326983055" lbRx="0.32698393" />
<p fId="3" fbTx="0.327082096" lbTx="0.32708218" tId="0" fbRx="0.337082096" lbRx="0.33708218" />
<p fId="0" fbTx="0.32708218" lbTx="0.327083055" tId="1" fbRx="0.32708218" lbRx="0.327083055" />
<p fId="1" fbTx="0.327083055" lbTx="0.32708393" tId="4" fbRx="0.327083055" lbRx="0.32708393" />
<p fId="3" fbTx="0.327182096" lbTx="0.32718218" tId="0" fbRx="0.337182096" lbRx="0.33718218" />
<p fId="0" fbTx="0.32718218" lbTx="0.327183055" tId="1" fbRx="0.32718218" lbRx="0.327183055" />
<p fId="1" fbTx="0.327183055" lbTx="0.32718393" tId="4" fbRx="0.327183055" lbRx="0.32718393" />
<pr uId="305" fId="4" fbTx="0.327214286" />
<wpr uId="305" tId="5" fbRx="0.327214286" lbRx="0" />
<wpr uId="305" tId="6" fbRx="0.327214286" lbRx="0" />
<p fId="3" fbTx="0.327282096" lbTx="0.32728218" tId="0" fbRx="0.337282096" lbRx="0.33728218" />
<p fId="0" fbTx="0.32728218" lbTx="0.327283055" tId="1" fbRx="0.32728218" lbRx="0.327283055" />
<p fId="1" fbTx="0.327283055" lbTx="0.32728393" tId="4" fbRx="0.327283055" lbRx="0.32728393" />
<p fId="3" fbTx="0.327382096" lbTx="0.32738218" tId="0" fbRx="0.337382096" lbRx="0.33738218" />
<p fId="0" fbTx="0.32738218" lbTx="0.327383055" tId="1" fbRx="0.32738218" lbRx="0.327383055" />
<p fId="1" fbTx="0.327383055" lbTx="0.32738393" tId="4" fbRx="0.327383055" lbRx="0.32738393" />
<p fId="3" fbTx="0.327482096" lbTx="0.32748218" tId="0" fbRx="0.337482096" lbRx="0.33748218" />
<p fId="0" fbTx="0.32748218" lbTx="0.327483055" tId="1" fbRx="0.32748218" lbRx="0.327483055" />
<p fId="1" fbTx="0.327483055" lbTx="0.32748393" tId="4" fbRx="0.327483055" lbRx="0.32748393" />
<p fId="3" fbTx="0.327582096" lbTx="0.32758218" tId="0" fbRx="0.337582096" lbRx="0.33758218" />
<p fId="0" fbTx="0.32758218" lbTx="0.327583055" tId="1" fbRx="0.32758218" lbRx="0.327583055" />
<p fId="1" fbTx="0.327583055" lbTx="0.32758393" tId="4" fbRx="0.327583055" lbRx="0.32758393" />
<p fId="3" fbTx="0.327682096" lbTx="0.32768218" tId="0" fbRx="0.337682096" lbRx="0.33768218" />
<p fId="0" fbTx="0.32768218" lbTx="0.327683055" tId="1" fbRx="0.32768218" lbRx="0.327683055" />
<p fId="1" fbTx="0.327683055" lbTx="0.32768393" tId="4" fbRx="0.327683055" lbRx="0.32768393" />
<p fId="3" fbTx="0.327782096" lbTx="0.32778218" tId="0" fbRx="0.337782096" lbRx="0.33778218" />
<p fId="0" fbTx="0.32778218" lbTx="0.327783055" tId="1" fbRx="0.32778218" lbRx="0.327783055" />
<p fId="1" fbTx="0.327783055" lbTx="0.32778393" tId="4" fbRx="0.327783055" lbRx="0.32778393" />
<p fId="3" fbTx="0.327882096" lbTx="0.32788218" tId="0" fbRx="0.337882096" lbRx="0.33788218" />
<p fId="0" fbTx="0.32788218" lbTx="0.327883055" tId="1" fbRx="0.32788218" lbRx="0.327883055" />
<p fId="1" fbTx="0.327883055" lbTx="0.32788393" tId="4" fbRx="0.327883055" lbRx="0.32788393" />
<p fId="3" fbTx="0.327982096" lbTx="0.32798218" tId="0" fbRx="0.337982096" lbRx="0.33798218" />
<p fId="0" fbTx="0.32798218" lbTx="0.327983055" tId="1" fbRx="0.32798218" lbRx="0.327983055" />
<p fId="1" fbTx="0.327983055" lbTx="0.32798393" tId="4" fbRx="0.327983055" lbRx="0.32798393" />
<p fId="3" fbTx="0.328082096" lbTx="0.32808218" tId="0" fbRx="0.338082096" lbRx="0.33808218" />
<p fId="0" fbTx="0.32808218" lbTx="0.328083055" tId="1" fbRx="0.32808218" lbRx="0.328083055" />
<p fId="1" fbTx="0.328083055" lbTx="0.32808393" tId="4" fbRx="0.328083055" lbRx="0.32808393" />
<p fId="3" fbTx="0.328182096" lbTx="0.32818218" tId="0" fbRx="0.338182096" lbRx="0.33818218" />
<p fId="0" fbTx="0.32818218" lbTx="0.328183055" tId="1" fbRx="0.32818218" lbRx="0.328183055" />
<p fId="1" fbTx="0.328183055" lbTx="0.32818393" tId="4" fbRx="0.328183055" lbRx="0.32818393" />
<pr uId="306" fId="4" fbTx="0.328214286" />
<wpr uId="306" tId="5" fbRx="0.328214286" lbRx="0" />
<wpr uId="306" tId="6" fbRx="0.328214286" lbRx="0" />
<p fId="3" fbTx="0.328282096" lbTx="0.32828218" tId="0" fbRx="0.338282096" lbRx="0.33828218" />
<p fId="0" fbTx="0.32828218" lbTx="0.328283055" tId="1" fbRx="0.32828218" lbRx="0.328283055" />
<p fId="1" fbTx="0.328283055" lbTx="0.32828393" tId="4" fbRx="0.328283055" lbRx="0.32828393" />
<p fId="3" fbTx="0.328382096" lbTx="0.32838218" tId="0" fbRx="0.338382096" lbRx="0.33838218" />
<p fId="0" fbTx="0.32838218" lbTx="0.328383055" tId="1" fbRx="0.32838218" lbRx="0.328383055" />
<p fId="1" fbTx="0.328383055" lbTx="0.32838393" tId="4" fbRx="0.328383055" lbRx="0.32838393" />
<p fId="3" fbTx="0.328482096" lbTx="0.32848218" tId="0" fbRx="0.338482096" lbRx="0.33848218" />
<p fId="0" fbTx="0.32848218" lbTx="0.328483055" tId="1" fbRx="0.32848218" lbRx="0.328483055" />
<p fId="1" fbTx="0.328483055" lbTx="0.32848393" tId="4" fbRx="0.328483055" lbRx="0.32848393" />
<p fId="3" fbTx="0.328582096" lbTx="0.32858218" tId="0" fbRx="0.338582096" lbRx="0.33858218" />
<p fId="0" fbTx="0.32858218" lbTx="0.328583055" tId="1" fbRx="0.32858218" lbRx="0.328583055" />
<p fId="1" fbTx="0.328583055" lbTx="0.32858393" tId="4" fbRx="0.328583055" lbRx="0.32858393" />
<p fId="3" fbTx="0.328682096" lbTx="0.32868218" tId="0" fbRx="0.338682096" lbRx="0.33868218" />
<p fId="0" fbTx="0.32868218" lbTx="0.328683055" tId="1" fbRx="0.32868218" lbRx="0.328683055" />
<p fId="1" fbTx="0.328683055" lbTx="0.32868393" tId="4" fbRx="0.328683055" lbRx="0.32868393" />
<p fId="3" fbTx="0.328782096" lbTx="0.32878218" tId="0" fbRx="0.338782096" lbRx="0.33878218" />
<p fId="0" fbTx="0.32878218" lbTx="0.328783055" tId="1" fbRx="0.32878218" lbRx="0.328783055" />
<p fId="1" fbTx="0.328783055" lbTx="0.32878393" tId="4" fbRx="0.328783055" lbRx="0.32878393" />
<p fId="3" fbTx="0.328882096" lbTx="0.32888218" tId="0" fbRx="0.338882096" lbRx="0.33888218" />
<p fId="0" fbTx="0.32888218" lbTx="0.328883055" tId="1" fbRx="0.32888218" lbRx="0.328883055" />
<p fId="1" fbTx="0.328883055" lbTx="0.32888393" tId="4" fbRx="0.328883055" lbRx="0.32888393" />
<p fId="3" fbTx="0.328982096" lbTx="0.32898218" tId="0" fbRx="0.338982096" lbRx="0.33898218" />
<p fId="0" fbTx="0.32898218" lbTx="0.328983055" tId="1" fbRx="0.32898218" lbRx="0.328983055" />
<p fId="1" fbTx="0.328983055" lbTx="0.32898393" tId="4" fbRx="0.328983055" lbRx="0.32898393" />
<p fId="3" fbTx="0.329082096" lbTx="0.32908218" tId="0" fbRx="0.339082096" lbRx="0.33908218" />
<p fId="0" fbTx="0.32908218" lbTx="0.329083055" tId="1" fbRx="0.32908218" lbRx="0.329083055" />
<p fId="1" fbTx="0.329083055" lbTx="0.32908393" tId="4" fbRx="0.329083055" lbRx="0.32908393" />
<p fId="3" fbTx="0.329182096" lbTx="0.32918218" tId="0" fbRx="0.339182096" lbRx="0.33918218" />
<p fId="0" fbTx="0.32918218" lbTx="0.329183055" tId="1" fbRx="0.32918218" lbRx="0.329183055" />
<p fId="1" fbTx="0.329183055" lbTx="0.32918393" tId="4" fbRx="0.329183055" lbRx="0.32918393" />
<pr uId="307" fId="4" fbTx="0.329214286" />
<wpr uId="307" tId="5" fbRx="0.329214286" lbRx="0" />
<wpr uId="307" tId="6" fbRx="0.329214286" lbRx="0" />
<p fId="3" fbTx="0.329282096" lbTx="0.32928218" tId="0" fbRx="0.339282096" lbRx="0.33928218" />
<p fId="0" fbTx="0.32928218" lbTx="0.329283055" tId="1" fbRx="0.32928218" lbRx="0.329283055" />
<p fId="1" fbTx="0.329283055" lbTx="0.32928393" tId="4" fbRx="0.329283055" lbRx="0.32928393" />
<p fId="3" fbTx="0.329382096" lbTx="0.32938218" tId="0" fbRx="0.339382096" lbRx="0.33938218" />
<p fId="0" fbTx="0.32938218" lbTx="0.329383055" tId="1" fbRx="0.32938218" lbRx="0.329383055" />
<p fId="1" fbTx="0.329383055" lbTx="0.32938393" tId="4" fbRx="0.329383055" lbRx="0.32938393" />
<p fId="3" fbTx="0.329482096" lbTx="0.32948218" tId="0" fbRx="0.339482096" lbRx="0.33948218" />
<p fId="0" fbTx="0.32948218" lbTx="0.329483055" tId="1" fbRx="0.32948218" lbRx="0.329483055" />
<p fId="1" fbTx="0.329483055" lbTx="0.32948393" tId="4" fbRx="0.329483055" lbRx="0.32948393" />
<p fId="3" fbTx="0.329582096" lbTx="0.32958218" tId="0" fbRx="0.339582096" lbRx="0.33958218" />
<p fId="0" fbTx="0.32958218" lbTx="0.329583055" tId="1" fbRx="0.32958218" lbRx="0.329583055" />
<p fId="1" fbTx="0.329583055" lbTx="0.32958393" tId="4" fbRx="0.329583055" lbRx="0.32958393" />
<p fId="3" fbTx="0.329682096" lbTx="0.32968218" tId="0" fbRx="0.339682096" lbRx="0.33968218" />
<p fId="0" fbTx="0.32968218" lbTx="0.329683055" tId="1" fbRx="0.32968218" lbRx="0.329683055" />
<p fId="1" fbTx="0.329683055" lbTx="0.32968393" tId="4" fbRx="0.329683055" lbRx="0.32968393" />
<p fId="3" fbTx="0.329782096" lbTx="0.32978218" tId="0" fbRx="0.339782096" lbRx="0.33978218" />
<p fId="0" fbTx="0.32978218" lbTx="0.329783055" tId="1" fbRx="0.32978218" lbRx="0.329783055" />
<p fId="1" fbTx="0.329783055" lbTx="0.32978393" tId="4" fbRx="0.329783055" lbRx="0.32978393" />
<p fId="3" fbTx="0.329882096" lbTx="0.32988218" tId="0" fbRx="0.339882096" lbRx="0.33988218" />
<p fId="0" fbTx="0.32988218" lbTx="0.329883055" tId="1" fbRx="0.32988218" lbRx="0.329883055" />
<p fId="1" fbTx="0.329883055" lbTx="0.32988393" tId="4" fbRx="0.329883055" lbRx="0.32988393" />
<p fId="3" fbTx="0.329982096" lbTx="0.32998218" tId="0" fbRx="0.339982096" lbRx="0.33998218" />
<p fId="0" fbTx="0.32998218" lbTx="0.329983055" tId="1" fbRx="0.32998218" lbRx="0.329983055" />
<p fId="1" fbTx="0.329983055" lbTx="0.32998393" tId="4" fbRx="0.329983055" lbRx="0.32998393" />
<p fId="3" fbTx="0.330082096" lbTx="0.33008218" tId="0" fbRx="0.340082096" lbRx="0.34008218" />
<p fId="0" fbTx="0.33008218" lbTx="0.330083055" tId="1" fbRx="0.33008218" lbRx="0.330083055" />
<p fId="1" fbTx="0.330083055" lbTx="0.33008393" tId="4" fbRx="0.330083055" lbRx="0.33008393" />
<p fId="3" fbTx="0.330182096" lbTx="0.33018218" tId="0" fbRx="0.340182096" lbRx="0.34018218" />
<p fId="0" fbTx="0.33018218" lbTx="0.330183055" tId="1" fbRx="0.33018218" lbRx="0.330183055" />
<p fId="1" fbTx="0.330183055" lbTx="0.33018393" tId="4" fbRx="0.330183055" lbRx="0.33018393" />
<pr uId="308" fId="4" fbTx="0.330214286" />
<wpr uId="308" tId="5" fbRx="0.330214286" lbRx="0" />
<wpr uId="308" tId="6" fbRx="0.330214286" lbRx="0" />
<p fId="3" fbTx="0.330282096" lbTx="0.33028218" tId="0" fbRx="0.340282096" lbRx="0.34028218" />
<p fId="0" fbTx="0.33028218" lbTx="0.330283055" tId="1" fbRx="0.33028218" lbRx="0.330283055" />
<p fId="1" fbTx="0.330283055" lbTx="0.33028393" tId="4" fbRx="0.330283055" lbRx="0.33028393" />
<p fId="3" fbTx="0.330382096" lbTx="0.33038218" tId="0" fbRx="0.340382096" lbRx="0.34038218" />
<p fId="0" fbTx="0.33038218" lbTx="0.330383055" tId="1" fbRx="0.33038218" lbRx="0.330383055" />
<p fId="1" fbTx="0.330383055" lbTx="0.33038393" tId="4" fbRx="0.330383055" lbRx="0.33038393" />
<p fId="3" fbTx="0.330482096" lbTx="0.33048218" tId="0" fbRx="0.340482096" lbRx="0.34048218" />
<p fId="0" fbTx="0.33048218" lbTx="0.330483055" tId="1" fbRx="0.33048218" lbRx="0.330483055" />
<p fId="1" fbTx="0.330483055" lbTx="0.33048393" tId="4" fbRx="0.330483055" lbRx="0.33048393" />
<p fId="3" fbTx="0.330582096" lbTx="0.33058218" tId="0" fbRx="0.340582096" lbRx="0.34058218" />
<p fId="0" fbTx="0.33058218" lbTx="0.330583055" tId="1" fbRx="0.33058218" lbRx="0.330583055" />
<p fId="1" fbTx="0.330583055" lbTx="0.33058393" tId="4" fbRx="0.330583055" lbRx="0.33058393" />
<p fId="3" fbTx="0.330682096" lbTx="0.33068218" tId="0" fbRx="0.340682096" lbRx="0.34068218" />
<p fId="0" fbTx="0.33068218" lbTx="0.330683055" tId="1" fbRx="0.33068218" lbRx="0.330683055" />
<p fId="1" fbTx="0.330683055" lbTx="0.33068393" tId="4" fbRx="0.330683055" lbRx="0.33068393" />
<p fId="3" fbTx="0.330782096" lbTx="0.33078218" tId="0" fbRx="0.340782096" lbRx="0.34078218" />
<p fId="0" fbTx="0.33078218" lbTx="0.330783055" tId="1" fbRx="0.33078218" lbRx="0.330783055" />
<p fId="1" fbTx="0.330783055" lbTx="0.33078393" tId="4" fbRx="0.330783055" lbRx="0.33078393" />
<p fId="3" fbTx="0.330882096" lbTx="0.33088218" tId="0" fbRx="0.340882096" lbRx="0.34088218" />
<p fId="0" fbTx="0.33088218" lbTx="0.330883055" tId="1" fbRx="0.33088218" lbRx="0.330883055" />
<p fId="1" fbTx="0.330883055" lbTx="0.33088393" tId="4" fbRx="0.330883055" lbRx="0.33088393" />
<p fId="3" fbTx="0.330982096" lbTx="0.33098218" tId="0" fbRx="0.340982096" lbRx="0.34098218" />
<p fId="0" fbTx="0.33098218" lbTx="0.330983055" tId="1" fbRx="0.33098218" lbRx="0.330983055" />
<p fId="1" fbTx="0.330983055" lbTx="0.33098393" tId="4" fbRx="0.330983055" lbRx="0.33098393" />
<p fId="3" fbTx="0.331082096" lbTx="0.33108218" tId="0" fbRx="0.341082096" lbRx="0.34108218" />
<p fId="0" fbTx="0.33108218" lbTx="0.331083055" tId="1" fbRx="0.33108218" lbRx="0.331083055" />
<p fId="1" fbTx="0.331083055" lbTx="0.33108393" tId="4" fbRx="0.331083055" lbRx="0.33108393" />
<p fId="3" fbTx="0.331182096" lbTx="0.33118218" tId="0" fbRx="0.341182096" lbRx="0.34118218" />
<p fId="0" fbTx="0.33118218" lbTx="0.331183055" tId="1" fbRx="0.33118218" lbRx="0.331183055" />
<p fId="1" fbTx="0.331183055" lbTx="0.33118393" tId="4" fbRx="0.331183055" lbRx="0.33118393" />
<pr uId="309" fId="4" fbTx="0.331214286" />
<wpr uId="309" tId="5" fbRx="0.331214286" lbRx="0" />
<wpr uId="309" tId="6" fbRx="0.331214286" lbRx="0" />
<p fId="3" fbTx="0.331282096" lbTx="0.33128218" tId="0" fbRx="0.341282096" lbRx="0.34128218" />
<p fId="0" fbTx="0.33128218" lbTx="0.331283055" tId="1" fbRx="0.33128218" lbRx="0.331283055" />
<p fId="1" fbTx="0.331283055" lbTx="0.33128393" tId="4" fbRx="0.331283055" lbRx="0.33128393" />
<p fId="3" fbTx="0.331382096" lbTx="0.33138218" tId="0" fbRx="0.341382096" lbRx="0.34138218" />
<p fId="0" fbTx="0.33138218" lbTx="0.331383055" tId="1" fbRx="0.33138218" lbRx="0.331383055" />
<p fId="1" fbTx="0.331383055" lbTx="0.33138393" tId="4" fbRx="0.331383055" lbRx="0.33138393" />
<p fId="3" fbTx="0.331482096" lbTx="0.33148218" tId="0" fbRx="0.341482096" lbRx="0.34148218" />
<p fId="0" fbTx="0.33148218" lbTx="0.331483055" tId="1" fbRx="0.33148218" lbRx="0.331483055" />
<p fId="1" fbTx="0.331483055" lbTx="0.33148393" tId="4" fbRx="0.331483055" lbRx="0.33148393" />
<p fId="3" fbTx="0.331582096" lbTx="0.33158218" tId="0" fbRx="0.341582096" lbRx="0.34158218" />
<p fId="0" fbTx="0.33158218" lbTx="0.331583055" tId="1" fbRx="0.33158218" lbRx="0.331583055" />
<p fId="1" fbTx="0.331583055" lbTx="0.33158393" tId="4" fbRx="0.331583055" lbRx="0.33158393" />
<p fId="3" fbTx="0.331682096" lbTx="0.33168218" tId="0" fbRx="0.341682096" lbRx="0.34168218" />
<p fId="0" fbTx="0.33168218" lbTx="0.331683055" tId="1" fbRx="0.33168218" lbRx="0.331683055" />
<p fId="1" fbTx="0.331683055" lbTx="0.33168393" tId="4" fbRx="0.331683055" lbRx="0.33168393" />
<p fId="3" fbTx="0.331782096" lbTx="0.33178218" tId="0" fbRx="0.341782096" lbRx="0.34178218" />
<p fId="0" fbTx="0.33178218" lbTx="0.331783055" tId="1" fbRx="0.33178218" lbRx="0.331783055" />
<p fId="1" fbTx="0.331783055" lbTx="0.33178393" tId="4" fbRx="0.331783055" lbRx="0.33178393" />
<p fId="3" fbTx="0.331882096" lbTx="0.33188218" tId="0" fbRx="0.341882096" lbRx="0.34188218" />
<p fId="0" fbTx="0.33188218" lbTx="0.331883055" tId="1" fbRx="0.33188218" lbRx="0.331883055" />
<p fId="1" fbTx="0.331883055" lbTx="0.33188393" tId="4" fbRx="0.331883055" lbRx="0.33188393" />
<p fId="3" fbTx="0.331982096" lbTx="0.33198218" tId="0" fbRx="0.341982096" lbRx="0.34198218" />
<p fId="0" fbTx="0.33198218" lbTx="0.331983055" tId="1" fbRx="0.33198218" lbRx="0.331983055" />
<p fId="1" fbTx="0.331983055" lbTx="0.33198393" tId="4" fbRx="0.331983055" lbRx="0.33198393" />
<p fId="3" fbTx="0.332082096" lbTx="0.33208218" tId="0" fbRx="0.342082096" lbRx="0.34208218" />
<p fId="0" fbTx="0.33208218" lbTx="0.332083055" tId="1" fbRx="0.33208218" lbRx="0.332083055" />
<p fId="1" fbTx="0.332083055" lbTx="0.33208393" tId="4" fbRx="0.332083055" lbRx="0.33208393" />
<p fId="3" fbTx="0.332182096" lbTx="0.33218218" tId="0" fbRx="0.342182096" lbRx="0.34218218" />
<p fId="0" fbTx="0.33218218" lbTx="0.332183055" tId="1" fbRx="0.33218218" lbRx="0.332183055" />
<p fId="1" fbTx="0.332183055" lbTx="0.33218393" tId="4" fbRx="0.332183055" lbRx="0.33218393" />
<pr uId="310" fId="4" fbTx="0.332214286" />
<wpr uId="310" tId="5" fbRx="0.332214286" lbRx="0" />
<wpr uId="310" tId="6" fbRx="0.332214286" lbRx="0" />
<p fId="3" fbTx="0.332282096" lbTx="0.33228218" tId="0" fbRx="0.342282096" lbRx="0.34228218" />
<p fId="0" fbTx="0.33228218" lbTx="0.332283055" tId="1" fbRx="0.33228218" lbRx="0.332283055" />
<p fId="1" fbTx="0.332283055" lbTx="0.33228393" tId="4" fbRx="0.332283055" lbRx="0.33228393" />
<p fId="3" fbTx="0.332382096" lbTx="0.33238218" tId="0" fbRx="0.342382096" lbRx="0.34238218" />
<p fId="0" fbTx="0.33238218" lbTx="0.332383055" tId="1" fbRx="0.33238218" lbRx="0.332383055" />
<p fId="1" fbTx="0.332383055" lbTx="0.33238393" tId="4" fbRx="0.332383055" lbRx="0.33238393" />
<p fId="3" fbTx="0.332482096" lbTx="0.33248218" tId="0" fbRx="0.342482096" lbRx="0.34248218" />
<p fId="0" fbTx="0.33248218" lbTx="0.332483055" tId="1" fbRx="0.33248218" lbRx="0.332483055" />
<p fId="1" fbTx="0.332483055" lbTx="0.33248393" tId="4" fbRx="0.332483055" lbRx="0.33248393" />
<p fId="3" fbTx="0.332582096" lbTx="0.33258218" tId="0" fbRx="0.342582096" lbRx="0.34258218" />
<p fId="0" fbTx="0.33258218" lbTx="0.332583055" tId="1" fbRx="0.33258218" lbRx="0.332583055" />
<p fId="1" fbTx="0.332583055" lbTx="0.33258393" tId="4" fbRx="0.332583055" lbRx="0.33258393" />
<p fId="3" fbTx="0.332682096" lbTx="0.33268218" tId="0" fbRx="0.342682096" lbRx="0.34268218" />
<p fId="0" fbTx="0.33268218" lbTx="0.332683055" tId="1" fbRx="0.33268218" lbRx="0.332683055" />
<p fId="1" fbTx="0.332683055" lbTx="0.33268393" tId="4" fbRx="0.332683055" lbRx="0.33268393" />
<p fId="3" fbTx="0.332782096" lbTx="0.33278218" tId="0" fbRx="0.342782096" lbRx="0.34278218" />
<p fId="0" fbTx="0.33278218" lbTx="0.332783055" tId="1" fbRx="0.33278218" lbRx="0.332783055" />
<p fId="1" fbTx="0.332783055" lbTx="0.33278393" tId="4" fbRx="0.332783055" lbRx="0.33278393" />
<p fId="3" fbTx="0.332882096" lbTx="0.33288218" tId="0" fbRx="0.342882096" lbRx="0.34288218" />
<p fId="0" fbTx="0.33288218" lbTx="0.332883055" tId="1" fbRx="0.33288218" lbRx="0.332883055" />
<p fId="1" fbTx="0.332883055" lbTx="0.33288393" tId="4" fbRx="0.332883055" lbRx="0.33288393" />
<p fId="3" fbTx="0.332982096" lbTx="0.33298218" tId="0" fbRx="0.342982096" lbRx="0.34298218" />
<p fId="0" fbTx="0.33298218" lbTx="0.332983055" tId="1" fbRx="0.33298218" lbRx="0.332983055" />
<p fId="1" fbTx="0.332983055" lbTx="0.33298393" tId="4" fbRx="0.332983055" lbRx="0.33298393" />
<p fId="3" fbTx="0.333082096" lbTx="0.33308218" tId="0" fbRx="0.343082096" lbRx="0.34308218" />
<p fId="0" fbTx="0.33308218" lbTx="0.333083055" tId="1" fbRx="0.33308218" lbRx="0.333083055" />
<p fId="1" fbTx="0.333083055" lbTx="0.33308393" tId="4" fbRx="0.333083055" lbRx="0.33308393" />
<p fId="3" fbTx="0.333182096" lbTx="0.33318218" tId="0" fbRx="0.343182096" lbRx="0.34318218" />
<p fId="0" fbTx="0.33318218" lbTx="0.333183055" tId="1" fbRx="0.33318218" lbRx="0.333183055" />
<p fId="1" fbTx="0.333183055" lbTx="0.33318393" tId="4" fbRx="0.333183055" lbRx="0.33318393" />
<pr uId="311" fId="4" fbTx="0.333214286" />
<wpr uId="311" tId="5" fbRx="0.333214286" lbRx="0" />
<wpr uId="311" tId="6" fbRx="0.333214286" lbRx="0" />
<p fId="3" fbTx="0.333282096" lbTx="0.33328218" tId="0" fbRx="0.343282096" lbRx="0.34328218" />
<p fId="0" fbTx="0.33328218" lbTx="0.333283055" tId="1" fbRx="0.33328218" lbRx="0.333283055" />
<p fId="1" fbTx="0.333283055" lbTx="0.33328393" tId="4" fbRx="0.333283055" lbRx="0.33328393" />
<p fId="3" fbTx="0.333382096" lbTx="0.33338218" tId="0" fbRx="0.343382096" lbRx="0.34338218" />
<p fId="0" fbTx="0.33338218" lbTx="0.333383055" tId="1" fbRx="0.33338218" lbRx="0.333383055" />
<p fId="1" fbTx="0.333383055" lbTx="0.33338393" tId="4" fbRx="0.333383055" lbRx="0.33338393" />
<p fId="3" fbTx="0.333482096" lbTx="0.33348218" tId="0" fbRx="0.343482096" lbRx="0.34348218" />
<p fId="0" fbTx="0.33348218" lbTx="0.333483055" tId="1" fbRx="0.33348218" lbRx="0.333483055" />
<p fId="1" fbTx="0.333483055" lbTx="0.33348393" tId="4" fbRx="0.333483055" lbRx="0.33348393" />
<p fId="3" fbTx="0.333582096" lbTx="0.33358218" tId="0" fbRx="0.343582096" lbRx="0.34358218" />
<p fId="0" fbTx="0.33358218" lbTx="0.333583055" tId="1" fbRx="0.33358218" lbRx="0.333583055" />
<p fId="1" fbTx="0.333583055" lbTx="0.33358393" tId="4" fbRx="0.333583055" lbRx="0.33358393" />
<p fId="3" fbTx="0.333682096" lbTx="0.33368218" tId="0" fbRx="0.343682096" lbRx="0.34368218" />
<p fId="0" fbTx="0.33368218" lbTx="0.333683055" tId="1" fbRx="0.33368218" lbRx="0.333683055" />
<p fId="1" fbTx="0.333683055" lbTx="0.33368393" tId="4" fbRx="0.333683055" lbRx="0.33368393" />
<p fId="3" fbTx="0.333782096" lbTx="0.33378218" tId="0" fbRx="0.343782096" lbRx="0.34378218" />
<p fId="0" fbTx="0.33378218" lbTx="0.333783055" tId="1" fbRx="0.33378218" lbRx="0.333783055" />
<p fId="1" fbTx="0.333783055" lbTx="0.33378393" tId="4" fbRx="0.333783055" lbRx="0.33378393" />
<p fId="3" fbTx="0.333882096" lbTx="0.33388218" tId="0" fbRx="0.343882096" lbRx="0.34388218" />
<p fId="0" fbTx="0.33388218" lbTx="0.333883055" tId="1" fbRx="0.33388218" lbRx="0.333883055" />
<p fId="1" fbTx="0.333883055" lbTx="0.33388393" tId="4" fbRx="0.333883055" lbRx="0.33388393" />
<p fId="3" fbTx="0.333982096" lbTx="0.33398218" tId="0" fbRx="0.343982096" lbRx="0.34398218" />
<p fId="0" fbTx="0.33398218" lbTx="0.333983055" tId="1" fbRx="0.33398218" lbRx="0.333983055" />
<p fId="1" fbTx="0.333983055" lbTx="0.33398393" tId="4" fbRx="0.333983055" lbRx="0.33398393" />
<p fId="3" fbTx="0.334082096" lbTx="0.33408218" tId="0" fbRx="0.344082096" lbRx="0.34408218" />
<p fId="0" fbTx="0.33408218" lbTx="0.334083055" tId="1" fbRx="0.33408218" lbRx="0.334083055" />
<p fId="1" fbTx="0.334083055" lbTx="0.33408393" tId="4" fbRx="0.334083055" lbRx="0.33408393" />
<p fId="3" fbTx="0.334182096" lbTx="0.33418218" tId="0" fbRx="0.344182096" lbRx="0.34418218" />
<p fId="0" fbTx="0.33418218" lbTx="0.334183055" tId="1" fbRx="0.33418218" lbRx="0.334183055" />
<p fId="1" fbTx="0.334183055" lbTx="0.33418393" tId="4" fbRx="0.334183055" lbRx="0.33418393" />
<pr uId="312" fId="4" fbTx="0.334214286" />
<wpr uId="312" tId="5" fbRx="0.334214286" lbRx="0" />
<wpr uId="312" tId="6" fbRx="0.334214286" lbRx="0" />
<p fId="3" fbTx="0.334282096" lbTx="0.33428218" tId="0" fbRx="0.344282096" lbRx="0.34428218" />
<p fId="0" fbTx="0.33428218" lbTx="0.334283055" tId="1" fbRx="0.33428218" lbRx="0.334283055" />
<p fId="1" fbTx="0.334283055" lbTx="0.33428393" tId="4" fbRx="0.334283055" lbRx="0.33428393" />
<p fId="3" fbTx="0.334382096" lbTx="0.33438218" tId="0" fbRx="0.344382096" lbRx="0.34438218" />
<p fId="0" fbTx="0.33438218" lbTx="0.334383055" tId="1" fbRx="0.33438218" lbRx="0.334383055" />
<p fId="1" fbTx="0.334383055" lbTx="0.33438393" tId="4" fbRx="0.334383055" lbRx="0.33438393" />
<p fId="3" fbTx="0.334482096" lbTx="0.33448218" tId="0" fbRx="0.344482096" lbRx="0.34448218" />
<p fId="0" fbTx="0.33448218" lbTx="0.334483055" tId="1" fbRx="0.33448218" lbRx="0.334483055" />
<p fId="1" fbTx="0.334483055" lbTx="0.33448393" tId="4" fbRx="0.334483055" lbRx="0.33448393" />
<p fId="3" fbTx="0.334582096" lbTx="0.33458218" tId="0" fbRx="0.344582096" lbRx="0.34458218" />
<p fId="0" fbTx="0.33458218" lbTx="0.334583055" tId="1" fbRx="0.33458218" lbRx="0.334583055" />
<p fId="1" fbTx="0.334583055" lbTx="0.33458393" tId="4" fbRx="0.334583055" lbRx="0.33458393" />
<p fId="3" fbTx="0.334682096" lbTx="0.33468218" tId="0" fbRx="0.344682096" lbRx="0.34468218" />
<p fId="0" fbTx="0.33468218" lbTx="0.334683055" tId="1" fbRx="0.33468218" lbRx="0.334683055" />
<p fId="1" fbTx="0.334683055" lbTx="0.33468393" tId="4" fbRx="0.334683055" lbRx="0.33468393" />
<p fId="3" fbTx="0.334782096" lbTx="0.33478218" tId="0" fbRx="0.344782096" lbRx="0.34478218" />
<p fId="0" fbTx="0.33478218" lbTx="0.334783055" tId="1" fbRx="0.33478218" lbRx="0.334783055" />
<p fId="1" fbTx="0.334783055" lbTx="0.33478393" tId="4" fbRx="0.334783055" lbRx="0.33478393" />
<p fId="3" fbTx="0.334882096" lbTx="0.33488218" tId="0" fbRx="0.344882096" lbRx="0.34488218" />
<p fId="0" fbTx="0.33488218" lbTx="0.334883055" tId="1" fbRx="0.33488218" lbRx="0.334883055" />
<p fId="1" fbTx="0.334883055" lbTx="0.33488393" tId="4" fbRx="0.334883055" lbRx="0.33488393" />
<p fId="3" fbTx="0.334982096" lbTx="0.33498218" tId="0" fbRx="0.344982096" lbRx="0.34498218" />
<p fId="0" fbTx="0.33498218" lbTx="0.334983055" tId="1" fbRx="0.33498218" lbRx="0.334983055" />
<p fId="1" fbTx="0.334983055" lbTx="0.33498393" tId="4" fbRx="0.334983055" lbRx="0.33498393" />
<p fId="3" fbTx="0.335082096" lbTx="0.33508218" tId="0" fbRx="0.345082096" lbRx="0.34508218" />
<p fId="0" fbTx="0.33508218" lbTx="0.335083055" tId="1" fbRx="0.33508218" lbRx="0.335083055" />
<p fId="1" fbTx="0.335083055" lbTx="0.33508393" tId="4" fbRx="0.335083055" lbRx="0.33508393" />
<p fId="3" fbTx="0.335182096" lbTx="0.33518218" tId="0" fbRx="0.345182096" lbRx="0.34518218" />
<p fId="0" fbTx="0.33518218" lbTx="0.335183055" tId="1" fbRx="0.33518218" lbRx="0.335183055" />
<p fId="1" fbTx="0.335183055" lbTx="0.33518393" tId="4" fbRx="0.335183055" lbRx="0.33518393" />
<pr uId="313" fId="4" fbTx="0.335214286" />
<wpr uId="313" tId="5" fbRx="0.335214286" lbRx="0" />
<wpr uId="313" tId="6" fbRx="0.335214286" lbRx="0" />
<p fId="3" fbTx="0.335282096" lbTx="0.33528218" tId="0" fbRx="0.345282096" lbRx="0.34528218" />
<p fId="0" fbTx="0.33528218" lbTx="0.335283055" tId="1" fbRx="0.33528218" lbRx="0.335283055" />
<p fId="1" fbTx="0.335283055" lbTx="0.33528393" tId="4" fbRx="0.335283055" lbRx="0.33528393" />
<p fId="3" fbTx="0.335382096" lbTx="0.33538218" tId="0" fbRx="0.345382096" lbRx="0.34538218" />
<p fId="0" fbTx="0.33538218" lbTx="0.335383055" tId="1" fbRx="0.33538218" lbRx="0.335383055" />
<p fId="1" fbTx="0.335383055" lbTx="0.33538393" tId="4" fbRx="0.335383055" lbRx="0.33538393" />
<p fId="3" fbTx="0.335482096" lbTx="0.33548218" tId="0" fbRx="0.345482096" lbRx="0.34548218" />
<p fId="0" fbTx="0.33548218" lbTx="0.335483055" tId="1" fbRx="0.33548218" lbRx="0.335483055" />
<p fId="1" fbTx="0.335483055" lbTx="0.33548393" tId="4" fbRx="0.335483055" lbRx="0.33548393" />
<p fId="3" fbTx="0.335582096" lbTx="0.33558218" tId="0" fbRx="0.345582096" lbRx="0.34558218" />
<p fId="0" fbTx="0.33558218" lbTx="0.335583055" tId="1" fbRx="0.33558218" lbRx="0.335583055" />
<p fId="1" fbTx="0.335583055" lbTx="0.33558393" tId="4" fbRx="0.335583055" lbRx="0.33558393" />
<p fId="3" fbTx="0.335682096" lbTx="0.33568218" tId="0" fbRx="0.345682096" lbRx="0.34568218" />
<p fId="0" fbTx="0.33568218" lbTx="0.335683055" tId="1" fbRx="0.33568218" lbRx="0.335683055" />
<p fId="1" fbTx="0.335683055" lbTx="0.33568393" tId="4" fbRx="0.335683055" lbRx="0.33568393" />
<p fId="3" fbTx="0.335782096" lbTx="0.33578218" tId="0" fbRx="0.345782096" lbRx="0.34578218" />
<p fId="0" fbTx="0.33578218" lbTx="0.335783055" tId="1" fbRx="0.33578218" lbRx="0.335783055" />
<p fId="1" fbTx="0.335783055" lbTx="0.33578393" tId="4" fbRx="0.335783055" lbRx="0.33578393" />
<p fId="3" fbTx="0.335882096" lbTx="0.33588218" tId="0" fbRx="0.345882096" lbRx="0.34588218" />
<p fId="0" fbTx="0.33588218" lbTx="0.335883055" tId="1" fbRx="0.33588218" lbRx="0.335883055" />
<p fId="1" fbTx="0.335883055" lbTx="0.33588393" tId="4" fbRx="0.335883055" lbRx="0.33588393" />
<p fId="3" fbTx="0.335982096" lbTx="0.33598218" tId="0" fbRx="0.345982096" lbRx="0.34598218" />
<p fId="0" fbTx="0.33598218" lbTx="0.335983055" tId="1" fbRx="0.33598218" lbRx="0.335983055" />
<p fId="1" fbTx="0.335983055" lbTx="0.33598393" tId="4" fbRx="0.335983055" lbRx="0.33598393" />
<p fId="3" fbTx="0.336082096" lbTx="0.33608218" tId="0" fbRx="0.346082096" lbRx="0.34608218" />
<p fId="0" fbTx="0.33608218" lbTx="0.336083055" tId="1" fbRx="0.33608218" lbRx="0.336083055" />
<p fId="1" fbTx="0.336083055" lbTx="0.33608393" tId="4" fbRx="0.336083055" lbRx="0.33608393" />
<p fId="3" fbTx="0.336182096" lbTx="0.33618218" tId="0" fbRx="0.346182096" lbRx="0.34618218" />
<p fId="0" fbTx="0.33618218" lbTx="0.336183055" tId="1" fbRx="0.33618218" lbRx="0.336183055" />
<p fId="1" fbTx="0.336183055" lbTx="0.33618393" tId="4" fbRx="0.336183055" lbRx="0.33618393" />
<pr uId="314" fId="4" fbTx="0.336214286" />
<wpr uId="314" tId="5" fbRx="0.336214286" lbRx="0" />
<wpr uId="314" tId="6" fbRx="0.336214286" lbRx="0" />
<p fId="3" fbTx="0.336282096" lbTx="0.33628218" tId="0" fbRx="0.346282096" lbRx="0.34628218" />
<p fId="0" fbTx="0.33628218" lbTx="0.336283055" tId="1" fbRx="0.33628218" lbRx="0.336283055" />
<p fId="1" fbTx="0.336283055" lbTx="0.33628393" tId="4" fbRx="0.336283055" lbRx="0.33628393" />
<p fId="3" fbTx="0.336382096" lbTx="0.33638218" tId="0" fbRx="0.346382096" lbRx="0.34638218" />
<p fId="0" fbTx="0.33638218" lbTx="0.336383055" tId="1" fbRx="0.33638218" lbRx="0.336383055" />
<p fId="1" fbTx="0.336383055" lbTx="0.33638393" tId="4" fbRx="0.336383055" lbRx="0.33638393" />
<p fId="3" fbTx="0.336482096" lbTx="0.33648218" tId="0" fbRx="0.346482096" lbRx="0.34648218" />
<p fId="0" fbTx="0.33648218" lbTx="0.336483055" tId="1" fbRx="0.33648218" lbRx="0.336483055" />
<p fId="1" fbTx="0.336483055" lbTx="0.33648393" tId="4" fbRx="0.336483055" lbRx="0.33648393" />
<p fId="3" fbTx="0.336582096" lbTx="0.33658218" tId="0" fbRx="0.346582096" lbRx="0.34658218" />
<p fId="0" fbTx="0.33658218" lbTx="0.336583055" tId="1" fbRx="0.33658218" lbRx="0.336583055" />
<p fId="1" fbTx="0.336583055" lbTx="0.33658393" tId="4" fbRx="0.336583055" lbRx="0.33658393" />
<p fId="3" fbTx="0.336682096" lbTx="0.33668218" tId="0" fbRx="0.346682096" lbRx="0.34668218" />
<p fId="0" fbTx="0.33668218" lbTx="0.336683055" tId="1" fbRx="0.33668218" lbRx="0.336683055" />
<p fId="1" fbTx="0.336683055" lbTx="0.33668393" tId="4" fbRx="0.336683055" lbRx="0.33668393" />
<p fId="3" fbTx="0.336782096" lbTx="0.33678218" tId="0" fbRx="0.346782096" lbRx="0.34678218" />
<p fId="0" fbTx="0.33678218" lbTx="0.336783055" tId="1" fbRx="0.33678218" lbRx="0.336783055" />
<p fId="1" fbTx="0.336783055" lbTx="0.33678393" tId="4" fbRx="0.336783055" lbRx="0.33678393" />
<p fId="3" fbTx="0.336882096" lbTx="0.33688218" tId="0" fbRx="0.346882096" lbRx="0.34688218" />
<p fId="0" fbTx="0.33688218" lbTx="0.336883055" tId="1" fbRx="0.33688218" lbRx="0.336883055" />
<p fId="1" fbTx="0.336883055" lbTx="0.33688393" tId="4" fbRx="0.336883055" lbRx="0.33688393" />
<p fId="3" fbTx="0.336982096" lbTx="0.33698218" tId="0" fbRx="0.346982096" lbRx="0.34698218" />
<p fId="0" fbTx="0.33698218" lbTx="0.336983055" tId="1" fbRx="0.33698218" lbRx="0.336983055" />
<p fId="1" fbTx="0.336983055" lbTx="0.33698393" tId="4" fbRx="0.336983055" lbRx="0.33698393" />
<p fId="3" fbTx="0.337082096" lbTx="0.33708218" tId="0" fbRx="0.347082096" lbRx="0.34708218" />
<p fId="0" fbTx="0.33708218" lbTx="0.337083055" tId="1" fbRx="0.33708218" lbRx="0.337083055" />
<p fId="1" fbTx="0.337083055" lbTx="0.33708393" tId="4" fbRx="0.337083055" lbRx="0.33708393" />
<p fId="3" fbTx="0.337182096" lbTx="0.33718218" tId="0" fbRx="0.347182096" lbRx="0.34718218" />
<p fId="0" fbTx="0.33718218" lbTx="0.337183055" tId="1" fbRx="0.33718218" lbRx="0.337183055" />
<p fId="1" fbTx="0.337183055" lbTx="0.33718393" tId="4" fbRx="0.337183055" lbRx="0.33718393" />
<pr uId="315" fId="4" fbTx="0.337214286" />
<wpr uId="315" tId="5" fbRx="0.337214286" lbRx="0" />
<wpr uId="315" tId="6" fbRx="0.337214286" lbRx="0" />
<p fId="3" fbTx="0.337282096" lbTx="0.33728218" tId="0" fbRx="0.347282096" lbRx="0.34728218" />
<p fId="0" fbTx="0.33728218" lbTx="0.337283055" tId="1" fbRx="0.33728218" lbRx="0.337283055" />
<p fId="1" fbTx="0.337283055" lbTx="0.33728393" tId="4" fbRx="0.337283055" lbRx="0.33728393" />
<p fId="3" fbTx="0.337382096" lbTx="0.33738218" tId="0" fbRx="0.347382096" lbRx="0.34738218" />
<p fId="0" fbTx="0.33738218" lbTx="0.337383055" tId="1" fbRx="0.33738218" lbRx="0.337383055" />
<p fId="1" fbTx="0.337383055" lbTx="0.33738393" tId="4" fbRx="0.337383055" lbRx="0.33738393" />
<p fId="3" fbTx="0.337482096" lbTx="0.33748218" tId="0" fbRx="0.347482096" lbRx="0.34748218" />
<p fId="0" fbTx="0.33748218" lbTx="0.337483055" tId="1" fbRx="0.33748218" lbRx="0.337483055" />
<p fId="1" fbTx="0.337483055" lbTx="0.33748393" tId="4" fbRx="0.337483055" lbRx="0.33748393" />
<p fId="3" fbTx="0.337582096" lbTx="0.33758218" tId="0" fbRx="0.347582096" lbRx="0.34758218" />
<p fId="0" fbTx="0.33758218" lbTx="0.337583055" tId="1" fbRx="0.33758218" lbRx="0.337583055" />
<p fId="1" fbTx="0.337583055" lbTx="0.33758393" tId="4" fbRx="0.337583055" lbRx="0.33758393" />
<p fId="3" fbTx="0.337682096" lbTx="0.33768218" tId="0" fbRx="0.347682096" lbRx="0.34768218" />
<p fId="0" fbTx="0.33768218" lbTx="0.337683055" tId="1" fbRx="0.33768218" lbRx="0.337683055" />
<p fId="1" fbTx="0.337683055" lbTx="0.33768393" tId="4" fbRx="0.337683055" lbRx="0.33768393" />
<p fId="3" fbTx="0.337782096" lbTx="0.33778218" tId="0" fbRx="0.347782096" lbRx="0.34778218" />
<p fId="0" fbTx="0.33778218" lbTx="0.337783055" tId="1" fbRx="0.33778218" lbRx="0.337783055" />
<p fId="1" fbTx="0.337783055" lbTx="0.33778393" tId="4" fbRx="0.337783055" lbRx="0.33778393" />
<p fId="3" fbTx="0.337882096" lbTx="0.33788218" tId="0" fbRx="0.347882096" lbRx="0.34788218" />
<p fId="0" fbTx="0.33788218" lbTx="0.337883055" tId="1" fbRx="0.33788218" lbRx="0.337883055" />
<p fId="1" fbTx="0.337883055" lbTx="0.33788393" tId="4" fbRx="0.337883055" lbRx="0.33788393" />
<p fId="3" fbTx="0.337982096" lbTx="0.33798218" tId="0" fbRx="0.347982096" lbRx="0.34798218" />
<p fId="0" fbTx="0.33798218" lbTx="0.337983055" tId="1" fbRx="0.33798218" lbRx="0.337983055" />
<p fId="1" fbTx="0.337983055" lbTx="0.33798393" tId="4" fbRx="0.337983055" lbRx="0.33798393" />
<p fId="3" fbTx="0.338082096" lbTx="0.33808218" tId="0" fbRx="0.348082096" lbRx="0.34808218" />
<p fId="0" fbTx="0.33808218" lbTx="0.338083055" tId="1" fbRx="0.33808218" lbRx="0.338083055" />
<p fId="1" fbTx="0.338083055" lbTx="0.33808393" tId="4" fbRx="0.338083055" lbRx="0.33808393" />
<p fId="3" fbTx="0.338182096" lbTx="0.33818218" tId="0" fbRx="0.348182096" lbRx="0.34818218" />
<p fId="0" fbTx="0.33818218" lbTx="0.338183055" tId="1" fbRx="0.33818218" lbRx="0.338183055" />
<p fId="1" fbTx="0.338183055" lbTx="0.33818393" tId="4" fbRx="0.338183055" lbRx="0.33818393" />
<pr uId="316" fId="4" fbTx="0.338214286" />
<wpr uId="316" tId="5" fbRx="0.338214286" lbRx="0" />
<wpr uId="316" tId="6" fbRx="0.338214286" lbRx="0" />
<p fId="3" fbTx="0.338282096" lbTx="0.33828218" tId="0" fbRx="0.348282096" lbRx="0.34828218" />
<p fId="0" fbTx="0.33828218" lbTx="0.338283055" tId="1" fbRx="0.33828218" lbRx="0.338283055" />
<p fId="1" fbTx="0.338283055" lbTx="0.33828393" tId="4" fbRx="0.338283055" lbRx="0.33828393" />
<p fId="3" fbTx="0.338382096" lbTx="0.33838218" tId="0" fbRx="0.348382096" lbRx="0.34838218" />
<p fId="0" fbTx="0.33838218" lbTx="0.338383055" tId="1" fbRx="0.33838218" lbRx="0.338383055" />
<p fId="1" fbTx="0.338383055" lbTx="0.33838393" tId="4" fbRx="0.338383055" lbRx="0.33838393" />
<p fId="3" fbTx="0.338482096" lbTx="0.33848218" tId="0" fbRx="0.348482096" lbRx="0.34848218" />
<p fId="0" fbTx="0.33848218" lbTx="0.338483055" tId="1" fbRx="0.33848218" lbRx="0.338483055" />
<p fId="1" fbTx="0.338483055" lbTx="0.33848393" tId="4" fbRx="0.338483055" lbRx="0.33848393" />
<p fId="3" fbTx="0.338582096" lbTx="0.33858218" tId="0" fbRx="0.348582096" lbRx="0.34858218" />
<p fId="0" fbTx="0.33858218" lbTx="0.338583055" tId="1" fbRx="0.33858218" lbRx="0.338583055" />
<p fId="1" fbTx="0.338583055" lbTx="0.33858393" tId="4" fbRx="0.338583055" lbRx="0.33858393" />
<p fId="3" fbTx="0.338682096" lbTx="0.33868218" tId="0" fbRx="0.348682096" lbRx="0.34868218" />
<p fId="0" fbTx="0.33868218" lbTx="0.338683055" tId="1" fbRx="0.33868218" lbRx="0.338683055" />
<p fId="1" fbTx="0.338683055" lbTx="0.33868393" tId="4" fbRx="0.338683055" lbRx="0.33868393" />
<p fId="3" fbTx="0.338782096" lbTx="0.33878218" tId="0" fbRx="0.348782096" lbRx="0.34878218" />
<p fId="0" fbTx="0.33878218" lbTx="0.338783055" tId="1" fbRx="0.33878218" lbRx="0.338783055" />
<p fId="1" fbTx="0.338783055" lbTx="0.33878393" tId="4" fbRx="0.338783055" lbRx="0.33878393" />
<p fId="3" fbTx="0.338882096" lbTx="0.33888218" tId="0" fbRx="0.348882096" lbRx="0.34888218" />
<p fId="0" fbTx="0.33888218" lbTx="0.338883055" tId="1" fbRx="0.33888218" lbRx="0.338883055" />
<p fId="1" fbTx="0.338883055" lbTx="0.33888393" tId="4" fbRx="0.338883055" lbRx="0.33888393" />
<p fId="3" fbTx="0.338982096" lbTx="0.33898218" tId="0" fbRx="0.348982096" lbRx="0.34898218" />
<p fId="0" fbTx="0.33898218" lbTx="0.338983055" tId="1" fbRx="0.33898218" lbRx="0.338983055" />
<p fId="1" fbTx="0.338983055" lbTx="0.33898393" tId="4" fbRx="0.338983055" lbRx="0.33898393" />
<p fId="3" fbTx="0.339082096" lbTx="0.33908218" tId="0" fbRx="0.349082096" lbRx="0.34908218" />
<p fId="0" fbTx="0.33908218" lbTx="0.339083055" tId="1" fbRx="0.33908218" lbRx="0.339083055" />
<p fId="1" fbTx="0.339083055" lbTx="0.33908393" tId="4" fbRx="0.339083055" lbRx="0.33908393" />
<p fId="3" fbTx="0.339182096" lbTx="0.33918218" tId="0" fbRx="0.349182096" lbRx="0.34918218" />
<p fId="0" fbTx="0.33918218" lbTx="0.339183055" tId="1" fbRx="0.33918218" lbRx="0.339183055" />
<p fId="1" fbTx="0.339183055" lbTx="0.33918393" tId="4" fbRx="0.339183055" lbRx="0.33918393" />
<pr uId="317" fId="4" fbTx="0.339214286" />
<wpr uId="317" tId="5" fbRx="0.339214286" lbRx="0" />
<wpr uId="317" tId="6" fbRx="0.339214286" lbRx="0" />
<p fId="3" fbTx="0.339282096" lbTx="0.33928218" tId="0" fbRx="0.349282096" lbRx="0.34928218" />
<p fId="0" fbTx="0.33928218" lbTx="0.339283055" tId="1" fbRx="0.33928218" lbRx="0.339283055" />
<p fId="1" fbTx="0.339283055" lbTx="0.33928393" tId="4" fbRx="0.339283055" lbRx="0.33928393" />
<p fId="3" fbTx="0.339382096" lbTx="0.33938218" tId="0" fbRx="0.349382096" lbRx="0.34938218" />
<p fId="0" fbTx="0.33938218" lbTx="0.339383055" tId="1" fbRx="0.33938218" lbRx="0.339383055" />
<p fId="1" fbTx="0.339383055" lbTx="0.33938393" tId="4" fbRx="0.339383055" lbRx="0.33938393" />
<p fId="3" fbTx="0.339482096" lbTx="0.33948218" tId="0" fbRx="0.349482096" lbRx="0.34948218" />
<p fId="0" fbTx="0.33948218" lbTx="0.339483055" tId="1" fbRx="0.33948218" lbRx="0.339483055" />
<p fId="1" fbTx="0.339483055" lbTx="0.33948393" tId="4" fbRx="0.339483055" lbRx="0.33948393" />
<p fId="3" fbTx="0.339582096" lbTx="0.33958218" tId="0" fbRx="0.349582096" lbRx="0.34958218" />
<p fId="0" fbTx="0.33958218" lbTx="0.339583055" tId="1" fbRx="0.33958218" lbRx="0.339583055" />
<p fId="1" fbTx="0.339583055" lbTx="0.33958393" tId="4" fbRx="0.339583055" lbRx="0.33958393" />
<p fId="3" fbTx="0.339682096" lbTx="0.33968218" tId="0" fbRx="0.349682096" lbRx="0.34968218" />
<p fId="0" fbTx="0.33968218" lbTx="0.339683055" tId="1" fbRx="0.33968218" lbRx="0.339683055" />
<p fId="1" fbTx="0.339683055" lbTx="0.33968393" tId="4" fbRx="0.339683055" lbRx="0.33968393" />
<p fId="3" fbTx="0.339782096" lbTx="0.33978218" tId="0" fbRx="0.349782096" lbRx="0.34978218" />
<p fId="0" fbTx="0.33978218" lbTx="0.339783055" tId="1" fbRx="0.33978218" lbRx="0.339783055" />
<p fId="1" fbTx="0.339783055" lbTx="0.33978393" tId="4" fbRx="0.339783055" lbRx="0.33978393" />
<p fId="3" fbTx="0.339882096" lbTx="0.33988218" tId="0" fbRx="0.349882096" lbRx="0.34988218" />
<p fId="0" fbTx="0.33988218" lbTx="0.339883055" tId="1" fbRx="0.33988218" lbRx="0.339883055" />
<p fId="1" fbTx="0.339883055" lbTx="0.33988393" tId="4" fbRx="0.339883055" lbRx="0.33988393" />
<p fId="3" fbTx="0.339982096" lbTx="0.33998218" tId="0" fbRx="0.349982096" lbRx="0.34998218" />
<p fId="0" fbTx="0.33998218" lbTx="0.339983055" tId="1" fbRx="0.33998218" lbRx="0.339983055" />
<p fId="1" fbTx="0.339983055" lbTx="0.33998393" tId="4" fbRx="0.339983055" lbRx="0.33998393" />
<p fId="3" fbTx="0.340082096" lbTx="0.34008218" tId="0" fbRx="0.350082096" lbRx="0.35008218" />
<p fId="0" fbTx="0.34008218" lbTx="0.340083055" tId="1" fbRx="0.34008218" lbRx="0.340083055" />
<p fId="1" fbTx="0.340083055" lbTx="0.34008393" tId="4" fbRx="0.340083055" lbRx="0.34008393" />
<p fId="3" fbTx="0.340182096" lbTx="0.34018218" tId="0" fbRx="0.350182096" lbRx="0.35018218" />
<p fId="0" fbTx="0.34018218" lbTx="0.340183055" tId="1" fbRx="0.34018218" lbRx="0.340183055" />
<p fId="1" fbTx="0.340183055" lbTx="0.34018393" tId="4" fbRx="0.340183055" lbRx="0.34018393" />
<pr uId="318" fId="4" fbTx="0.340214286" />
<wpr uId="318" tId="5" fbRx="0.340214286" lbRx="0" />
<wpr uId="318" tId="6" fbRx="0.340214286" lbRx="0" />
<p fId="3" fbTx="0.340282096" lbTx="0.34028218" tId="0" fbRx="0.350282096" lbRx="0.35028218" />
<p fId="0" fbTx="0.34028218" lbTx="0.340283055" tId="1" fbRx="0.34028218" lbRx="0.340283055" />
<p fId="1" fbTx="0.340283055" lbTx="0.34028393" tId="4" fbRx="0.340283055" lbRx="0.34028393" />
<p fId="3" fbTx="0.340382096" lbTx="0.34038218" tId="0" fbRx="0.350382096" lbRx="0.35038218" />
<p fId="0" fbTx="0.34038218" lbTx="0.340383055" tId="1" fbRx="0.34038218" lbRx="0.340383055" />
<p fId="1" fbTx="0.340383055" lbTx="0.34038393" tId="4" fbRx="0.340383055" lbRx="0.34038393" />
<p fId="3" fbTx="0.340482096" lbTx="0.34048218" tId="0" fbRx="0.350482096" lbRx="0.35048218" />
<p fId="0" fbTx="0.34048218" lbTx="0.340483055" tId="1" fbRx="0.34048218" lbRx="0.340483055" />
<p fId="1" fbTx="0.340483055" lbTx="0.34048393" tId="4" fbRx="0.340483055" lbRx="0.34048393" />
<p fId="3" fbTx="0.340582096" lbTx="0.34058218" tId="0" fbRx="0.350582096" lbRx="0.35058218" />
<p fId="0" fbTx="0.34058218" lbTx="0.340583055" tId="1" fbRx="0.34058218" lbRx="0.340583055" />
<p fId="1" fbTx="0.340583055" lbTx="0.34058393" tId="4" fbRx="0.340583055" lbRx="0.34058393" />
<p fId="3" fbTx="0.340682096" lbTx="0.34068218" tId="0" fbRx="0.350682096" lbRx="0.35068218" />
<p fId="0" fbTx="0.34068218" lbTx="0.340683055" tId="1" fbRx="0.34068218" lbRx="0.340683055" />
<p fId="1" fbTx="0.340683055" lbTx="0.34068393" tId="4" fbRx="0.340683055" lbRx="0.34068393" />
<p fId="3" fbTx="0.340782096" lbTx="0.34078218" tId="0" fbRx="0.350782096" lbRx="0.35078218" />
<p fId="0" fbTx="0.34078218" lbTx="0.340783055" tId="1" fbRx="0.34078218" lbRx="0.340783055" />
<p fId="1" fbTx="0.340783055" lbTx="0.34078393" tId="4" fbRx="0.340783055" lbRx="0.34078393" />
<p fId="3" fbTx="0.340882096" lbTx="0.34088218" tId="0" fbRx="0.350882096" lbRx="0.35088218" />
<p fId="0" fbTx="0.34088218" lbTx="0.340883055" tId="1" fbRx="0.34088218" lbRx="0.340883055" />
<p fId="1" fbTx="0.340883055" lbTx="0.34088393" tId="4" fbRx="0.340883055" lbRx="0.34088393" />
<p fId="3" fbTx="0.340982096" lbTx="0.34098218" tId="0" fbRx="0.350982096" lbRx="0.35098218" />
<p fId="0" fbTx="0.34098218" lbTx="0.340983055" tId="1" fbRx="0.34098218" lbRx="0.340983055" />
<p fId="1" fbTx="0.340983055" lbTx="0.34098393" tId="4" fbRx="0.340983055" lbRx="0.34098393" />
<p fId="3" fbTx="0.341082096" lbTx="0.34108218" tId="0" fbRx="0.351082096" lbRx="0.35108218" />
<p fId="0" fbTx="0.34108218" lbTx="0.341083055" tId="1" fbRx="0.34108218" lbRx="0.341083055" />
<p fId="1" fbTx="0.341083055" lbTx="0.34108393" tId="4" fbRx="0.341083055" lbRx="0.34108393" />
<p fId="3" fbTx="0.341182096" lbTx="0.34118218" tId="0" fbRx="0.351182096" lbRx="0.35118218" />
<p fId="0" fbTx="0.34118218" lbTx="0.341183055" tId="1" fbRx="0.34118218" lbRx="0.341183055" />
<p fId="1" fbTx="0.341183055" lbTx="0.34118393" tId="4" fbRx="0.341183055" lbRx="0.34118393" />
<pr uId="319" fId="4" fbTx="0.341214286" />
<wpr uId="319" tId="5" fbRx="0.341214286" lbRx="0" />
<wpr uId="319" tId="6" fbRx="0.341214286" lbRx="0" />
<p fId="3" fbTx="0.341282096" lbTx="0.34128218" tId="0" fbRx="0.351282096" lbRx="0.35128218" />
<p fId="0" fbTx="0.34128218" lbTx="0.341283055" tId="1" fbRx="0.34128218" lbRx="0.341283055" />
<p fId="1" fbTx="0.341283055" lbTx="0.34128393" tId="4" fbRx="0.341283055" lbRx="0.34128393" />
<p fId="3" fbTx="0.341382096" lbTx="0.34138218" tId="0" fbRx="0.351382096" lbRx="0.35138218" />
<p fId="0" fbTx="0.34138218" lbTx="0.341383055" tId="1" fbRx="0.34138218" lbRx="0.341383055" />
<p fId="1" fbTx="0.341383055" lbTx="0.34138393" tId="4" fbRx="0.341383055" lbRx="0.34138393" />
<p fId="3" fbTx="0.341482096" lbTx="0.34148218" tId="0" fbRx="0.351482096" lbRx="0.35148218" />
<p fId="0" fbTx="0.34148218" lbTx="0.341483055" tId="1" fbRx="0.34148218" lbRx="0.341483055" />
<p fId="1" fbTx="0.341483055" lbTx="0.34148393" tId="4" fbRx="0.341483055" lbRx="0.34148393" />
<p fId="3" fbTx="0.341582096" lbTx="0.34158218" tId="0" fbRx="0.351582096" lbRx="0.35158218" />
<p fId="0" fbTx="0.34158218" lbTx="0.341583055" tId="1" fbRx="0.34158218" lbRx="0.341583055" />
<p fId="1" fbTx="0.341583055" lbTx="0.34158393" tId="4" fbRx="0.341583055" lbRx="0.34158393" />
<p fId="3" fbTx="0.341682096" lbTx="0.34168218" tId="0" fbRx="0.351682096" lbRx="0.35168218" />
<p fId="0" fbTx="0.34168218" lbTx="0.341683055" tId="1" fbRx="0.34168218" lbRx="0.341683055" />
<p fId="1" fbTx="0.341683055" lbTx="0.34168393" tId="4" fbRx="0.341683055" lbRx="0.34168393" />
<p fId="3" fbTx="0.341782096" lbTx="0.34178218" tId="0" fbRx="0.351782096" lbRx="0.35178218" />
<p fId="0" fbTx="0.34178218" lbTx="0.341783055" tId="1" fbRx="0.34178218" lbRx="0.341783055" />
<p fId="1" fbTx="0.341783055" lbTx="0.34178393" tId="4" fbRx="0.341783055" lbRx="0.34178393" />
<p fId="3" fbTx="0.341882096" lbTx="0.34188218" tId="0" fbRx="0.351882096" lbRx="0.35188218" />
<p fId="0" fbTx="0.34188218" lbTx="0.341883055" tId="1" fbRx="0.34188218" lbRx="0.341883055" />
<p fId="1" fbTx="0.341883055" lbTx="0.34188393" tId="4" fbRx="0.341883055" lbRx="0.34188393" />
<p fId="3" fbTx="0.341982096" lbTx="0.34198218" tId="0" fbRx="0.351982096" lbRx="0.35198218" />
<p fId="0" fbTx="0.34198218" lbTx="0.341983055" tId="1" fbRx="0.34198218" lbRx="0.341983055" />
<p fId="1" fbTx="0.341983055" lbTx="0.34198393" tId="4" fbRx="0.341983055" lbRx="0.34198393" />
<p fId="3" fbTx="0.342082096" lbTx="0.34208218" tId="0" fbRx="0.352082096" lbRx="0.35208218" />
<p fId="0" fbTx="0.34208218" lbTx="0.342083055" tId="1" fbRx="0.34208218" lbRx="0.342083055" />
<p fId="1" fbTx="0.342083055" lbTx="0.34208393" tId="4" fbRx="0.342083055" lbRx="0.34208393" />
<p fId="3" fbTx="0.342182096" lbTx="0.34218218" tId="0" fbRx="0.352182096" lbRx="0.35218218" />
<p fId="0" fbTx="0.34218218" lbTx="0.342183055" tId="1" fbRx="0.34218218" lbRx="0.342183055" />
<p fId="1" fbTx="0.342183055" lbTx="0.34218393" tId="4" fbRx="0.342183055" lbRx="0.34218393" />
<pr uId="320" fId="4" fbTx="0.342214286" />
<wpr uId="320" tId="5" fbRx="0.342214286" lbRx="0" />
<wpr uId="320" tId="6" fbRx="0.342214286" lbRx="0" />
<p fId="3" fbTx="0.342282096" lbTx="0.34228218" tId="0" fbRx="0.352282096" lbRx="0.35228218" />
<p fId="0" fbTx="0.34228218" lbTx="0.342283055" tId="1" fbRx="0.34228218" lbRx="0.342283055" />
<p fId="1" fbTx="0.342283055" lbTx="0.34228393" tId="4" fbRx="0.342283055" lbRx="0.34228393" />
<p fId="3" fbTx="0.342382096" lbTx="0.34238218" tId="0" fbRx="0.352382096" lbRx="0.35238218" />
<p fId="0" fbTx="0.34238218" lbTx="0.342383055" tId="1" fbRx="0.34238218" lbRx="0.342383055" />
<p fId="1" fbTx="0.342383055" lbTx="0.34238393" tId="4" fbRx="0.342383055" lbRx="0.34238393" />
<p fId="3" fbTx="0.342482096" lbTx="0.34248218" tId="0" fbRx="0.352482096" lbRx="0.35248218" />
<p fId="0" fbTx="0.34248218" lbTx="0.342483055" tId="1" fbRx="0.34248218" lbRx="0.342483055" />
<p fId="1" fbTx="0.342483055" lbTx="0.34248393" tId="4" fbRx="0.342483055" lbRx="0.34248393" />
<p fId="3" fbTx="0.342582096" lbTx="0.34258218" tId="0" fbRx="0.352582096" lbRx="0.35258218" />
<p fId="0" fbTx="0.34258218" lbTx="0.342583055" tId="1" fbRx="0.34258218" lbRx="0.342583055" />
<p fId="1" fbTx="0.342583055" lbTx="0.34258393" tId="4" fbRx="0.342583055" lbRx="0.34258393" />
<p fId="3" fbTx="0.342682096" lbTx="0.34268218" tId="0" fbRx="0.352682096" lbRx="0.35268218" />
<p fId="0" fbTx="0.34268218" lbTx="0.342683055" tId="1" fbRx="0.34268218" lbRx="0.342683055" />
<p fId="1" fbTx="0.342683055" lbTx="0.34268393" tId="4" fbRx="0.342683055" lbRx="0.34268393" />
<p fId="3" fbTx="0.342782096" lbTx="0.34278218" tId="0" fbRx="0.352782096" lbRx="0.35278218" />
<p fId="0" fbTx="0.34278218" lbTx="0.342783055" tId="1" fbRx="0.34278218" lbRx="0.342783055" />
<p fId="1" fbTx="0.342783055" lbTx="0.34278393" tId="4" fbRx="0.342783055" lbRx="0.34278393" />
<p fId="3" fbTx="0.342882096" lbTx="0.34288218" tId="0" fbRx="0.352882096" lbRx="0.35288218" />
<p fId="0" fbTx="0.34288218" lbTx="0.342883055" tId="1" fbRx="0.34288218" lbRx="0.342883055" />
<p fId="1" fbTx="0.342883055" lbTx="0.34288393" tId="4" fbRx="0.342883055" lbRx="0.34288393" />
<p fId="3" fbTx="0.342982096" lbTx="0.34298218" tId="0" fbRx="0.352982096" lbRx="0.35298218" />
<p fId="0" fbTx="0.34298218" lbTx="0.342983055" tId="1" fbRx="0.34298218" lbRx="0.342983055" />
<p fId="1" fbTx="0.342983055" lbTx="0.34298393" tId="4" fbRx="0.342983055" lbRx="0.34298393" />
<p fId="3" fbTx="0.343082096" lbTx="0.34308218" tId="0" fbRx="0.353082096" lbRx="0.35308218" />
<p fId="0" fbTx="0.34308218" lbTx="0.343083055" tId="1" fbRx="0.34308218" lbRx="0.343083055" />
<p fId="1" fbTx="0.343083055" lbTx="0.34308393" tId="4" fbRx="0.343083055" lbRx="0.34308393" />
<p fId="3" fbTx="0.343182096" lbTx="0.34318218" tId="0" fbRx="0.353182096" lbRx="0.35318218" />
<p fId="0" fbTx="0.34318218" lbTx="0.343183055" tId="1" fbRx="0.34318218" lbRx="0.343183055" />
<p fId="1" fbTx="0.343183055" lbTx="0.34318393" tId="4" fbRx="0.343183055" lbRx="0.34318393" />
<pr uId="321" fId="4" fbTx="0.343214286" />
<wpr uId="321" tId="5" fbRx="0.343214286" lbRx="0" />
<wpr uId="321" tId="6" fbRx="0.343214286" lbRx="0" />
<p fId="3" fbTx="0.343282096" lbTx="0.34328218" tId="0" fbRx="0.353282096" lbRx="0.35328218" />
<p fId="0" fbTx="0.34328218" lbTx="0.343283055" tId="1" fbRx="0.34328218" lbRx="0.343283055" />
<p fId="1" fbTx="0.343283055" lbTx="0.34328393" tId="4" fbRx="0.343283055" lbRx="0.34328393" />
<p fId="3" fbTx="0.343382096" lbTx="0.34338218" tId="0" fbRx="0.353382096" lbRx="0.35338218" />
<p fId="0" fbTx="0.34338218" lbTx="0.343383055" tId="1" fbRx="0.34338218" lbRx="0.343383055" />
<p fId="1" fbTx="0.343383055" lbTx="0.34338393" tId="4" fbRx="0.343383055" lbRx="0.34338393" />
<p fId="3" fbTx="0.343482096" lbTx="0.34348218" tId="0" fbRx="0.353482096" lbRx="0.35348218" />
<p fId="0" fbTx="0.34348218" lbTx="0.343483055" tId="1" fbRx="0.34348218" lbRx="0.343483055" />
<p fId="1" fbTx="0.343483055" lbTx="0.34348393" tId="4" fbRx="0.343483055" lbRx="0.34348393" />
<p fId="3" fbTx="0.343582096" lbTx="0.34358218" tId="0" fbRx="0.353582096" lbRx="0.35358218" />
<p fId="0" fbTx="0.34358218" lbTx="0.343583055" tId="1" fbRx="0.34358218" lbRx="0.343583055" />
<p fId="1" fbTx="0.343583055" lbTx="0.34358393" tId="4" fbRx="0.343583055" lbRx="0.34358393" />
<p fId="3" fbTx="0.343682096" lbTx="0.34368218" tId="0" fbRx="0.353682096" lbRx="0.35368218" />
<p fId="0" fbTx="0.34368218" lbTx="0.343683055" tId="1" fbRx="0.34368218" lbRx="0.343683055" />
<p fId="1" fbTx="0.343683055" lbTx="0.34368393" tId="4" fbRx="0.343683055" lbRx="0.34368393" />
<p fId="3" fbTx="0.343782096" lbTx="0.34378218" tId="0" fbRx="0.353782096" lbRx="0.35378218" />
<p fId="0" fbTx="0.34378218" lbTx="0.343783055" tId="1" fbRx="0.34378218" lbRx="0.343783055" />
<p fId="1" fbTx="0.343783055" lbTx="0.34378393" tId="4" fbRx="0.343783055" lbRx="0.34378393" />
<p fId="3" fbTx="0.343882096" lbTx="0.34388218" tId="0" fbRx="0.353882096" lbRx="0.35388218" />
<p fId="0" fbTx="0.34388218" lbTx="0.343883055" tId="1" fbRx="0.34388218" lbRx="0.343883055" />
<p fId="1" fbTx="0.343883055" lbTx="0.34388393" tId="4" fbRx="0.343883055" lbRx="0.34388393" />
<p fId="3" fbTx="0.343982096" lbTx="0.34398218" tId="0" fbRx="0.353982096" lbRx="0.35398218" />
<p fId="0" fbTx="0.34398218" lbTx="0.343983055" tId="1" fbRx="0.34398218" lbRx="0.343983055" />
<p fId="1" fbTx="0.343983055" lbTx="0.34398393" tId="4" fbRx="0.343983055" lbRx="0.34398393" />
<p fId="3" fbTx="0.344082096" lbTx="0.34408218" tId="0" fbRx="0.354082096" lbRx="0.35408218" />
<p fId="0" fbTx="0.34408218" lbTx="0.344083055" tId="1" fbRx="0.34408218" lbRx="0.344083055" />
<p fId="1" fbTx="0.344083055" lbTx="0.34408393" tId="4" fbRx="0.344083055" lbRx="0.34408393" />
<p fId="3" fbTx="0.344182096" lbTx="0.34418218" tId="0" fbRx="0.354182096" lbRx="0.35418218" />
<p fId="0" fbTx="0.34418218" lbTx="0.344183055" tId="1" fbRx="0.34418218" lbRx="0.344183055" />
<p fId="1" fbTx="0.344183055" lbTx="0.34418393" tId="4" fbRx="0.344183055" lbRx="0.34418393" />
<pr uId="322" fId="4" fbTx="0.344214286" />
<wpr uId="322" tId="5" fbRx="0.344214286" lbRx="0" />
<wpr uId="322" tId="6" fbRx="0.344214286" lbRx="0" />
<p fId="3" fbTx="0.344282096" lbTx="0.34428218" tId="0" fbRx="0.354282096" lbRx="0.35428218" />
<p fId="0" fbTx="0.34428218" lbTx="0.344283055" tId="1" fbRx="0.34428218" lbRx="0.344283055" />
<p fId="1" fbTx="0.344283055" lbTx="0.34428393" tId="4" fbRx="0.344283055" lbRx="0.34428393" />
<p fId="3" fbTx="0.344382096" lbTx="0.34438218" tId="0" fbRx="0.354382096" lbRx="0.35438218" />
<p fId="0" fbTx="0.34438218" lbTx="0.344383055" tId="1" fbRx="0.34438218" lbRx="0.344383055" />
<p fId="1" fbTx="0.344383055" lbTx="0.34438393" tId="4" fbRx="0.344383055" lbRx="0.34438393" />
<p fId="3" fbTx="0.344482096" lbTx="0.34448218" tId="0" fbRx="0.354482096" lbRx="0.35448218" />
<p fId="0" fbTx="0.34448218" lbTx="0.344483055" tId="1" fbRx="0.34448218" lbRx="0.344483055" />
<p fId="1" fbTx="0.344483055" lbTx="0.34448393" tId="4" fbRx="0.344483055" lbRx="0.34448393" />
<p fId="3" fbTx="0.344582096" lbTx="0.34458218" tId="0" fbRx="0.354582096" lbRx="0.35458218" />
<p fId="0" fbTx="0.34458218" lbTx="0.344583055" tId="1" fbRx="0.34458218" lbRx="0.344583055" />
<p fId="1" fbTx="0.344583055" lbTx="0.34458393" tId="4" fbRx="0.344583055" lbRx="0.34458393" />
<p fId="3" fbTx="0.344682096" lbTx="0.34468218" tId="0" fbRx="0.354682096" lbRx="0.35468218" />
<p fId="0" fbTx="0.34468218" lbTx="0.344683055" tId="1" fbRx="0.34468218" lbRx="0.344683055" />
<p fId="1" fbTx="0.344683055" lbTx="0.34468393" tId="4" fbRx="0.344683055" lbRx="0.34468393" />
<p fId="3" fbTx="0.344782096" lbTx="0.34478218" tId="0" fbRx="0.354782096" lbRx="0.35478218" />
<p fId="0" fbTx="0.34478218" lbTx="0.344783055" tId="1" fbRx="0.34478218" lbRx="0.344783055" />
<p fId="1" fbTx="0.344783055" lbTx="0.34478393" tId="4" fbRx="0.344783055" lbRx="0.34478393" />
<p fId="3" fbTx="0.344882096" lbTx="0.34488218" tId="0" fbRx="0.354882096" lbRx="0.35488218" />
<p fId="0" fbTx="0.34488218" lbTx="0.344883055" tId="1" fbRx="0.34488218" lbRx="0.344883055" />
<p fId="1" fbTx="0.344883055" lbTx="0.34488393" tId="4" fbRx="0.344883055" lbRx="0.34488393" />
<p fId="3" fbTx="0.344982096" lbTx="0.34498218" tId="0" fbRx="0.354982096" lbRx="0.35498218" />
<p fId="0" fbTx="0.34498218" lbTx="0.344983055" tId="1" fbRx="0.34498218" lbRx="0.344983055" />
<p fId="1" fbTx="0.344983055" lbTx="0.34498393" tId="4" fbRx="0.344983055" lbRx="0.34498393" />
<p fId="3" fbTx="0.345082096" lbTx="0.34508218" tId="0" fbRx="0.355082096" lbRx="0.35508218" />
<p fId="0" fbTx="0.34508218" lbTx="0.345083055" tId="1" fbRx="0.34508218" lbRx="0.345083055" />
<p fId="1" fbTx="0.345083055" lbTx="0.34508393" tId="4" fbRx="0.345083055" lbRx="0.34508393" />
<p fId="3" fbTx="0.345182096" lbTx="0.34518218" tId="0" fbRx="0.355182096" lbRx="0.35518218" />
<p fId="0" fbTx="0.34518218" lbTx="0.345183055" tId="1" fbRx="0.34518218" lbRx="0.345183055" />
<p fId="1" fbTx="0.345183055" lbTx="0.34518393" tId="4" fbRx="0.345183055" lbRx="0.34518393" />
<pr uId="323" fId="4" fbTx="0.345214286" />
<wpr uId="323" tId="5" fbRx="0.345214286" lbRx="0" />
<wpr uId="323" tId="6" fbRx="0.345214286" lbRx="0" />
<p fId="3" fbTx="0.345282096" lbTx="0.34528218" tId="0" fbRx="0.355282096" lbRx="0.35528218" />
<p fId="0" fbTx="0.34528218" lbTx="0.345283055" tId="1" fbRx="0.34528218" lbRx="0.345283055" />
<p fId="1" fbTx="0.345283055" lbTx="0.34528393" tId="4" fbRx="0.345283055" lbRx="0.34528393" />
<p fId="3" fbTx="0.345382096" lbTx="0.34538218" tId="0" fbRx="0.355382096" lbRx="0.35538218" />
<p fId="0" fbTx="0.34538218" lbTx="0.345383055" tId="1" fbRx="0.34538218" lbRx="0.345383055" />
<p fId="1" fbTx="0.345383055" lbTx="0.34538393" tId="4" fbRx="0.345383055" lbRx="0.34538393" />
<p fId="3" fbTx="0.345482096" lbTx="0.34548218" tId="0" fbRx="0.355482096" lbRx="0.35548218" />
<p fId="0" fbTx="0.34548218" lbTx="0.345483055" tId="1" fbRx="0.34548218" lbRx="0.345483055" />
<p fId="1" fbTx="0.345483055" lbTx="0.34548393" tId="4" fbRx="0.345483055" lbRx="0.34548393" />
<p fId="3" fbTx="0.345582096" lbTx="0.34558218" tId="0" fbRx="0.355582096" lbRx="0.35558218" />
<p fId="0" fbTx="0.34558218" lbTx="0.345583055" tId="1" fbRx="0.34558218" lbRx="0.345583055" />
<p fId="1" fbTx="0.345583055" lbTx="0.34558393" tId="4" fbRx="0.345583055" lbRx="0.34558393" />
<p fId="3" fbTx="0.345682096" lbTx="0.34568218" tId="0" fbRx="0.355682096" lbRx="0.35568218" />
<p fId="0" fbTx="0.34568218" lbTx="0.345683055" tId="1" fbRx="0.34568218" lbRx="0.345683055" />
<p fId="1" fbTx="0.345683055" lbTx="0.34568393" tId="4" fbRx="0.345683055" lbRx="0.34568393" />
<p fId="3" fbTx="0.345782096" lbTx="0.34578218" tId="0" fbRx="0.355782096" lbRx="0.35578218" />
<p fId="0" fbTx="0.34578218" lbTx="0.345783055" tId="1" fbRx="0.34578218" lbRx="0.345783055" />
<p fId="1" fbTx="0.345783055" lbTx="0.34578393" tId="4" fbRx="0.345783055" lbRx="0.34578393" />
<p fId="3" fbTx="0.345882096" lbTx="0.34588218" tId="0" fbRx="0.355882096" lbRx="0.35588218" />
<p fId="0" fbTx="0.34588218" lbTx="0.345883055" tId="1" fbRx="0.34588218" lbRx="0.345883055" />
<p fId="1" fbTx="0.345883055" lbTx="0.34588393" tId="4" fbRx="0.345883055" lbRx="0.34588393" />
<p fId="3" fbTx="0.345982096" lbTx="0.34598218" tId="0" fbRx="0.355982096" lbRx="0.35598218" />
<p fId="0" fbTx="0.34598218" lbTx="0.345983055" tId="1" fbRx="0.34598218" lbRx="0.345983055" />
<p fId="1" fbTx="0.345983055" lbTx="0.34598393" tId="4" fbRx="0.345983055" lbRx="0.34598393" />
<p fId="3" fbTx="0.346082096" lbTx="0.34608218" tId="0" fbRx="0.356082096" lbRx="0.35608218" />
<p fId="0" fbTx="0.34608218" lbTx="0.346083055" tId="1" fbRx="0.34608218" lbRx="0.346083055" />
<p fId="1" fbTx="0.346083055" lbTx="0.34608393" tId="4" fbRx="0.346083055" lbRx="0.34608393" />
<p fId="3" fbTx="0.346182096" lbTx="0.34618218" tId="0" fbRx="0.356182096" lbRx="0.35618218" />
<p fId="0" fbTx="0.34618218" lbTx="0.346183055" tId="1" fbRx="0.34618218" lbRx="0.346183055" />
<p fId="1" fbTx="0.346183055" lbTx="0.34618393" tId="4" fbRx="0.346183055" lbRx="0.34618393" />
<pr uId="324" fId="4" fbTx="0.346214286" />
<wpr uId="324" tId="5" fbRx="0.346214286" lbRx="0" />
<wpr uId="324" tId="6" fbRx="0.346214286" lbRx="0" />
<p fId="3" fbTx="0.346282096" lbTx="0.34628218" tId="0" fbRx="0.356282096" lbRx="0.35628218" />
<p fId="0" fbTx="0.34628218" lbTx="0.346283055" tId="1" fbRx="0.34628218" lbRx="0.346283055" />
<p fId="1" fbTx="0.346283055" lbTx="0.34628393" tId="4" fbRx="0.346283055" lbRx="0.34628393" />
<p fId="3" fbTx="0.346382096" lbTx="0.34638218" tId="0" fbRx="0.356382096" lbRx="0.35638218" />
<p fId="0" fbTx="0.34638218" lbTx="0.346383055" tId="1" fbRx="0.34638218" lbRx="0.346383055" />
<p fId="1" fbTx="0.346383055" lbTx="0.34638393" tId="4" fbRx="0.346383055" lbRx="0.34638393" />
<p fId="3" fbTx="0.346482096" lbTx="0.34648218" tId="0" fbRx="0.356482096" lbRx="0.35648218" />
<p fId="0" fbTx="0.34648218" lbTx="0.346483055" tId="1" fbRx="0.34648218" lbRx="0.346483055" />
<p fId="1" fbTx="0.346483055" lbTx="0.34648393" tId="4" fbRx="0.346483055" lbRx="0.34648393" />
<p fId="3" fbTx="0.346582096" lbTx="0.34658218" tId="0" fbRx="0.356582096" lbRx="0.35658218" />
<p fId="0" fbTx="0.34658218" lbTx="0.346583055" tId="1" fbRx="0.34658218" lbRx="0.346583055" />
<p fId="1" fbTx="0.346583055" lbTx="0.34658393" tId="4" fbRx="0.346583055" lbRx="0.34658393" />
<p fId="3" fbTx="0.346682096" lbTx="0.34668218" tId="0" fbRx="0.356682096" lbRx="0.35668218" />
<p fId="0" fbTx="0.34668218" lbTx="0.346683055" tId="1" fbRx="0.34668218" lbRx="0.346683055" />
<p fId="1" fbTx="0.346683055" lbTx="0.34668393" tId="4" fbRx="0.346683055" lbRx="0.34668393" />
<p fId="3" fbTx="0.346782096" lbTx="0.34678218" tId="0" fbRx="0.356782096" lbRx="0.35678218" />
<p fId="0" fbTx="0.34678218" lbTx="0.346783055" tId="1" fbRx="0.34678218" lbRx="0.346783055" />
<p fId="1" fbTx="0.346783055" lbTx="0.34678393" tId="4" fbRx="0.346783055" lbRx="0.34678393" />
<p fId="3" fbTx="0.346882096" lbTx="0.34688218" tId="0" fbRx="0.356882096" lbRx="0.35688218" />
<p fId="0" fbTx="0.34688218" lbTx="0.346883055" tId="1" fbRx="0.34688218" lbRx="0.346883055" />
<p fId="1" fbTx="0.346883055" lbTx="0.34688393" tId="4" fbRx="0.346883055" lbRx="0.34688393" />
<p fId="3" fbTx="0.346982096" lbTx="0.34698218" tId="0" fbRx="0.356982096" lbRx="0.35698218" />
<p fId="0" fbTx="0.34698218" lbTx="0.346983055" tId="1" fbRx="0.34698218" lbRx="0.346983055" />
<p fId="1" fbTx="0.346983055" lbTx="0.34698393" tId="4" fbRx="0.346983055" lbRx="0.34698393" />
<p fId="3" fbTx="0.347082096" lbTx="0.34708218" tId="0" fbRx="0.357082096" lbRx="0.35708218" />
<p fId="0" fbTx="0.34708218" lbTx="0.347083055" tId="1" fbRx="0.34708218" lbRx="0.347083055" />
<p fId="1" fbTx="0.347083055" lbTx="0.34708393" tId="4" fbRx="0.347083055" lbRx="0.34708393" />
<p fId="3" fbTx="0.347182096" lbTx="0.34718218" tId="0" fbRx="0.357182096" lbRx="0.35718218" />
<p fId="0" fbTx="0.34718218" lbTx="0.347183055" tId="1" fbRx="0.34718218" lbRx="0.347183055" />
<p fId="1" fbTx="0.347183055" lbTx="0.34718393" tId="4" fbRx="0.347183055" lbRx="0.34718393" />
<pr uId="325" fId="4" fbTx="0.347214286" />
<wpr uId="325" tId="5" fbRx="0.347214286" lbRx="0" />
<wpr uId="325" tId="6" fbRx="0.347214286" lbRx="0" />
<p fId="3" fbTx="0.347282096" lbTx="0.34728218" tId="0" fbRx="0.357282096" lbRx="0.35728218" />
<p fId="0" fbTx="0.34728218" lbTx="0.347283055" tId="1" fbRx="0.34728218" lbRx="0.347283055" />
<p fId="1" fbTx="0.347283055" lbTx="0.34728393" tId="4" fbRx="0.347283055" lbRx="0.34728393" />
<p fId="3" fbTx="0.347382096" lbTx="0.34738218" tId="0" fbRx="0.357382096" lbRx="0.35738218" />
<p fId="0" fbTx="0.34738218" lbTx="0.347383055" tId="1" fbRx="0.34738218" lbRx="0.347383055" />
<p fId="1" fbTx="0.347383055" lbTx="0.34738393" tId="4" fbRx="0.347383055" lbRx="0.34738393" />
<p fId="3" fbTx="0.347482096" lbTx="0.34748218" tId="0" fbRx="0.357482096" lbRx="0.35748218" />
<p fId="0" fbTx="0.34748218" lbTx="0.347483055" tId="1" fbRx="0.34748218" lbRx="0.347483055" />
<p fId="1" fbTx="0.347483055" lbTx="0.34748393" tId="4" fbRx="0.347483055" lbRx="0.34748393" />
<p fId="3" fbTx="0.347582096" lbTx="0.34758218" tId="0" fbRx="0.357582096" lbRx="0.35758218" />
<p fId="0" fbTx="0.34758218" lbTx="0.347583055" tId="1" fbRx="0.34758218" lbRx="0.347583055" />
<p fId="1" fbTx="0.347583055" lbTx="0.34758393" tId="4" fbRx="0.347583055" lbRx="0.34758393" />
<p fId="3" fbTx="0.347682096" lbTx="0.34768218" tId="0" fbRx="0.357682096" lbRx="0.35768218" />
<p fId="0" fbTx="0.34768218" lbTx="0.347683055" tId="1" fbRx="0.34768218" lbRx="0.347683055" />
<p fId="1" fbTx="0.347683055" lbTx="0.34768393" tId="4" fbRx="0.347683055" lbRx="0.34768393" />
<p fId="3" fbTx="0.347782096" lbTx="0.34778218" tId="0" fbRx="0.357782096" lbRx="0.35778218" />
<p fId="0" fbTx="0.34778218" lbTx="0.347783055" tId="1" fbRx="0.34778218" lbRx="0.347783055" />
<p fId="1" fbTx="0.347783055" lbTx="0.34778393" tId="4" fbRx="0.347783055" lbRx="0.34778393" />
<p fId="3" fbTx="0.347882096" lbTx="0.34788218" tId="0" fbRx="0.357882096" lbRx="0.35788218" />
<p fId="0" fbTx="0.34788218" lbTx="0.347883055" tId="1" fbRx="0.34788218" lbRx="0.347883055" />
<p fId="1" fbTx="0.347883055" lbTx="0.34788393" tId="4" fbRx="0.347883055" lbRx="0.34788393" />
<p fId="3" fbTx="0.347982096" lbTx="0.34798218" tId="0" fbRx="0.357982096" lbRx="0.35798218" />
<p fId="0" fbTx="0.34798218" lbTx="0.347983055" tId="1" fbRx="0.34798218" lbRx="0.347983055" />
<p fId="1" fbTx="0.347983055" lbTx="0.34798393" tId="4" fbRx="0.347983055" lbRx="0.34798393" />
<p fId="3" fbTx="0.348082096" lbTx="0.34808218" tId="0" fbRx="0.358082096" lbRx="0.35808218" />
<p fId="0" fbTx="0.34808218" lbTx="0.348083055" tId="1" fbRx="0.34808218" lbRx="0.348083055" />
<p fId="1" fbTx="0.348083055" lbTx="0.34808393" tId="4" fbRx="0.348083055" lbRx="0.34808393" />
<p fId="3" fbTx="0.348182096" lbTx="0.34818218" tId="0" fbRx="0.358182096" lbRx="0.35818218" />
<p fId="0" fbTx="0.34818218" lbTx="0.348183055" tId="1" fbRx="0.34818218" lbRx="0.348183055" />
<p fId="1" fbTx="0.348183055" lbTx="0.34818393" tId="4" fbRx="0.348183055" lbRx="0.34818393" />
<pr uId="326" fId="4" fbTx="0.348214286" />
<wpr uId="326" tId="5" fbRx="0.348214286" lbRx="0" />
<wpr uId="326" tId="6" fbRx="0.348214286" lbRx="0" />
<p fId="3" fbTx="0.348282096" lbTx="0.34828218" tId="0" fbRx="0.358282096" lbRx="0.35828218" />
<p fId="0" fbTx="0.34828218" lbTx="0.348283055" tId="1" fbRx="0.34828218" lbRx="0.348283055" />
<p fId="1" fbTx="0.348283055" lbTx="0.34828393" tId="4" fbRx="0.348283055" lbRx="0.34828393" />
<p fId="3" fbTx="0.348382096" lbTx="0.34838218" tId="0" fbRx="0.358382096" lbRx="0.35838218" />
<p fId="0" fbTx="0.34838218" lbTx="0.348383055" tId="1" fbRx="0.34838218" lbRx="0.348383055" />
<p fId="1" fbTx="0.348383055" lbTx="0.34838393" tId="4" fbRx="0.348383055" lbRx="0.34838393" />
<p fId="3" fbTx="0.348482096" lbTx="0.34848218" tId="0" fbRx="0.358482096" lbRx="0.35848218" />
<p fId="0" fbTx="0.34848218" lbTx="0.348483055" tId="1" fbRx="0.34848218" lbRx="0.348483055" />
<p fId="1" fbTx="0.348483055" lbTx="0.34848393" tId="4" fbRx="0.348483055" lbRx="0.34848393" />
<p fId="3" fbTx="0.348582096" lbTx="0.34858218" tId="0" fbRx="0.358582096" lbRx="0.35858218" />
<p fId="0" fbTx="0.34858218" lbTx="0.348583055" tId="1" fbRx="0.34858218" lbRx="0.348583055" />
<p fId="1" fbTx="0.348583055" lbTx="0.34858393" tId="4" fbRx="0.348583055" lbRx="0.34858393" />
<p fId="3" fbTx="0.348682096" lbTx="0.34868218" tId="0" fbRx="0.358682096" lbRx="0.35868218" />
<p fId="0" fbTx="0.34868218" lbTx="0.348683055" tId="1" fbRx="0.34868218" lbRx="0.348683055" />
<p fId="1" fbTx="0.348683055" lbTx="0.34868393" tId="4" fbRx="0.348683055" lbRx="0.34868393" />
<p fId="3" fbTx="0.348782096" lbTx="0.34878218" tId="0" fbRx="0.358782096" lbRx="0.35878218" />
<p fId="0" fbTx="0.34878218" lbTx="0.348783055" tId="1" fbRx="0.34878218" lbRx="0.348783055" />
<p fId="1" fbTx="0.348783055" lbTx="0.34878393" tId="4" fbRx="0.348783055" lbRx="0.34878393" />
<p fId="3" fbTx="0.348882096" lbTx="0.34888218" tId="0" fbRx="0.358882096" lbRx="0.35888218" />
<p fId="0" fbTx="0.34888218" lbTx="0.348883055" tId="1" fbRx="0.34888218" lbRx="0.348883055" />
<p fId="1" fbTx="0.348883055" lbTx="0.34888393" tId="4" fbRx="0.348883055" lbRx="0.34888393" />
<p fId="3" fbTx="0.348982096" lbTx="0.34898218" tId="0" fbRx="0.358982096" lbRx="0.35898218" />
<p fId="0" fbTx="0.34898218" lbTx="0.348983055" tId="1" fbRx="0.34898218" lbRx="0.348983055" />
<p fId="1" fbTx="0.348983055" lbTx="0.34898393" tId="4" fbRx="0.348983055" lbRx="0.34898393" />
<p fId="3" fbTx="0.349082096" lbTx="0.34908218" tId="0" fbRx="0.359082096" lbRx="0.35908218" />
<p fId="0" fbTx="0.34908218" lbTx="0.349083055" tId="1" fbRx="0.34908218" lbRx="0.349083055" />
<p fId="1" fbTx="0.349083055" lbTx="0.34908393" tId="4" fbRx="0.349083055" lbRx="0.34908393" />
<p fId="3" fbTx="0.349182096" lbTx="0.34918218" tId="0" fbRx="0.359182096" lbRx="0.35918218" />
<p fId="0" fbTx="0.34918218" lbTx="0.349183055" tId="1" fbRx="0.34918218" lbRx="0.349183055" />
<p fId="1" fbTx="0.349183055" lbTx="0.34918393" tId="4" fbRx="0.349183055" lbRx="0.34918393" />
<pr uId="327" fId="4" fbTx="0.349214286" />
<wpr uId="327" tId="5" fbRx="0.349214286" lbRx="0" />
<wpr uId="327" tId="6" fbRx="0.349214286" lbRx="0" />
<p fId="3" fbTx="0.349282096" lbTx="0.34928218" tId="0" fbRx="0.359282096" lbRx="0.35928218" />
<p fId="0" fbTx="0.34928218" lbTx="0.349283055" tId="1" fbRx="0.34928218" lbRx="0.349283055" />
<p fId="1" fbTx="0.349283055" lbTx="0.34928393" tId="4" fbRx="0.349283055" lbRx="0.34928393" />
<p fId="3" fbTx="0.349382096" lbTx="0.34938218" tId="0" fbRx="0.359382096" lbRx="0.35938218" />
<p fId="0" fbTx="0.34938218" lbTx="0.349383055" tId="1" fbRx="0.34938218" lbRx="0.349383055" />
<p fId="1" fbTx="0.349383055" lbTx="0.34938393" tId="4" fbRx="0.349383055" lbRx="0.34938393" />
<p fId="3" fbTx="0.349482096" lbTx="0.34948218" tId="0" fbRx="0.359482096" lbRx="0.35948218" />
<p fId="0" fbTx="0.34948218" lbTx="0.349483055" tId="1" fbRx="0.34948218" lbRx="0.349483055" />
<p fId="1" fbTx="0.349483055" lbTx="0.34948393" tId="4" fbRx="0.349483055" lbRx="0.34948393" />
<p fId="3" fbTx="0.349582096" lbTx="0.34958218" tId="0" fbRx="0.359582096" lbRx="0.35958218" />
<p fId="0" fbTx="0.34958218" lbTx="0.349583055" tId="1" fbRx="0.34958218" lbRx="0.349583055" />
<p fId="1" fbTx="0.349583055" lbTx="0.34958393" tId="4" fbRx="0.349583055" lbRx="0.34958393" />
<p fId="3" fbTx="0.349682096" lbTx="0.34968218" tId="0" fbRx="0.359682096" lbRx="0.35968218" />
<p fId="0" fbTx="0.34968218" lbTx="0.349683055" tId="1" fbRx="0.34968218" lbRx="0.349683055" />
<p fId="1" fbTx="0.349683055" lbTx="0.34968393" tId="4" fbRx="0.349683055" lbRx="0.34968393" />
<p fId="3" fbTx="0.349782096" lbTx="0.34978218" tId="0" fbRx="0.359782096" lbRx="0.35978218" />
<p fId="0" fbTx="0.34978218" lbTx="0.349783055" tId="1" fbRx="0.34978218" lbRx="0.349783055" />
<p fId="1" fbTx="0.349783055" lbTx="0.34978393" tId="4" fbRx="0.349783055" lbRx="0.34978393" />
<p fId="3" fbTx="0.349882096" lbTx="0.34988218" tId="0" fbRx="0.359882096" lbRx="0.35988218" />
<p fId="0" fbTx="0.34988218" lbTx="0.349883055" tId="1" fbRx="0.34988218" lbRx="0.349883055" />
<p fId="1" fbTx="0.349883055" lbTx="0.34988393" tId="4" fbRx="0.349883055" lbRx="0.34988393" />
<p fId="3" fbTx="0.349982096" lbTx="0.34998218" tId="0" fbRx="0.359982096" lbRx="0.35998218" />
<p fId="0" fbTx="0.34998218" lbTx="0.349983055" tId="1" fbRx="0.34998218" lbRx="0.349983055" />
<p fId="1" fbTx="0.349983055" lbTx="0.34998393" tId="4" fbRx="0.349983055" lbRx="0.34998393" />
<p fId="3" fbTx="0.350082096" lbTx="0.35008218" tId="0" fbRx="0.360082096" lbRx="0.36008218" />
<p fId="0" fbTx="0.35008218" lbTx="0.350083055" tId="1" fbRx="0.35008218" lbRx="0.350083055" />
<p fId="1" fbTx="0.350083055" lbTx="0.35008393" tId="4" fbRx="0.350083055" lbRx="0.35008393" />
<p fId="3" fbTx="0.350182096" lbTx="0.35018218" tId="0" fbRx="0.360182096" lbRx="0.36018218" />
<p fId="0" fbTx="0.35018218" lbTx="0.350183055" tId="1" fbRx="0.35018218" lbRx="0.350183055" />
<p fId="1" fbTx="0.350183055" lbTx="0.35018393" tId="4" fbRx="0.350183055" lbRx="0.35018393" />
<pr uId="328" fId="4" fbTx="0.350214286" />
<wpr uId="328" tId="5" fbRx="0.350214286" lbRx="0" />
<wpr uId="328" tId="6" fbRx="0.350214286" lbRx="0" />
<p fId="3" fbTx="0.350282096" lbTx="0.35028218" tId="0" fbRx="0.360282096" lbRx="0.36028218" />
<p fId="0" fbTx="0.35028218" lbTx="0.350283055" tId="1" fbRx="0.35028218" lbRx="0.350283055" />
<p fId="1" fbTx="0.350283055" lbTx="0.35028393" tId="4" fbRx="0.350283055" lbRx="0.35028393" />
<p fId="3" fbTx="0.350382096" lbTx="0.35038218" tId="0" fbRx="0.360382096" lbRx="0.36038218" />
<p fId="0" fbTx="0.35038218" lbTx="0.350383055" tId="1" fbRx="0.35038218" lbRx="0.350383055" />
<p fId="1" fbTx="0.350383055" lbTx="0.35038393" tId="4" fbRx="0.350383055" lbRx="0.35038393" />
<p fId="3" fbTx="0.350482096" lbTx="0.35048218" tId="0" fbRx="0.360482096" lbRx="0.36048218" />
<p fId="0" fbTx="0.35048218" lbTx="0.350483055" tId="1" fbRx="0.35048218" lbRx="0.350483055" />
<p fId="1" fbTx="0.350483055" lbTx="0.35048393" tId="4" fbRx="0.350483055" lbRx="0.35048393" />
<p fId="3" fbTx="0.350582096" lbTx="0.35058218" tId="0" fbRx="0.360582096" lbRx="0.36058218" />
<p fId="0" fbTx="0.35058218" lbTx="0.350583055" tId="1" fbRx="0.35058218" lbRx="0.350583055" />
<p fId="1" fbTx="0.350583055" lbTx="0.35058393" tId="4" fbRx="0.350583055" lbRx="0.35058393" />
<p fId="3" fbTx="0.350682096" lbTx="0.35068218" tId="0" fbRx="0.360682096" lbRx="0.36068218" />
<p fId="0" fbTx="0.35068218" lbTx="0.350683055" tId="1" fbRx="0.35068218" lbRx="0.350683055" />
<p fId="1" fbTx="0.350683055" lbTx="0.35068393" tId="4" fbRx="0.350683055" lbRx="0.35068393" />
<p fId="3" fbTx="0.350782096" lbTx="0.35078218" tId="0" fbRx="0.360782096" lbRx="0.36078218" />
<p fId="0" fbTx="0.35078218" lbTx="0.350783055" tId="1" fbRx="0.35078218" lbRx="0.350783055" />
<p fId="1" fbTx="0.350783055" lbTx="0.35078393" tId="4" fbRx="0.350783055" lbRx="0.35078393" />
<p fId="3" fbTx="0.350882096" lbTx="0.35088218" tId="0" fbRx="0.360882096" lbRx="0.36088218" />
<p fId="0" fbTx="0.35088218" lbTx="0.350883055" tId="1" fbRx="0.35088218" lbRx="0.350883055" />
<p fId="1" fbTx="0.350883055" lbTx="0.35088393" tId="4" fbRx="0.350883055" lbRx="0.35088393" />
<p fId="3" fbTx="0.350982096" lbTx="0.35098218" tId="0" fbRx="0.360982096" lbRx="0.36098218" />
<p fId="0" fbTx="0.35098218" lbTx="0.350983055" tId="1" fbRx="0.35098218" lbRx="0.350983055" />
<p fId="1" fbTx="0.350983055" lbTx="0.35098393" tId="4" fbRx="0.350983055" lbRx="0.35098393" />
<p fId="3" fbTx="0.351082096" lbTx="0.35108218" tId="0" fbRx="0.361082096" lbRx="0.36108218" />
<p fId="0" fbTx="0.35108218" lbTx="0.351083055" tId="1" fbRx="0.35108218" lbRx="0.351083055" />
<p fId="1" fbTx="0.351083055" lbTx="0.35108393" tId="4" fbRx="0.351083055" lbRx="0.35108393" />
<p fId="3" fbTx="0.351182096" lbTx="0.35118218" tId="0" fbRx="0.361182096" lbRx="0.36118218" />
<p fId="0" fbTx="0.35118218" lbTx="0.351183055" tId="1" fbRx="0.35118218" lbRx="0.351183055" />
<p fId="1" fbTx="0.351183055" lbTx="0.35118393" tId="4" fbRx="0.351183055" lbRx="0.35118393" />
<pr uId="329" fId="4" fbTx="0.351214286" />
<wpr uId="329" tId="5" fbRx="0.351214286" lbRx="0" />
<wpr uId="329" tId="6" fbRx="0.351214286" lbRx="0" />
<p fId="3" fbTx="0.351282096" lbTx="0.35128218" tId="0" fbRx="0.361282096" lbRx="0.36128218" />
<p fId="0" fbTx="0.35128218" lbTx="0.351283055" tId="1" fbRx="0.35128218" lbRx="0.351283055" />
<p fId="1" fbTx="0.351283055" lbTx="0.35128393" tId="4" fbRx="0.351283055" lbRx="0.35128393" />
<p fId="3" fbTx="0.351382096" lbTx="0.35138218" tId="0" fbRx="0.361382096" lbRx="0.36138218" />
<p fId="0" fbTx="0.35138218" lbTx="0.351383055" tId="1" fbRx="0.35138218" lbRx="0.351383055" />
<p fId="1" fbTx="0.351383055" lbTx="0.35138393" tId="4" fbRx="0.351383055" lbRx="0.35138393" />
<p fId="3" fbTx="0.351482096" lbTx="0.35148218" tId="0" fbRx="0.361482096" lbRx="0.36148218" />
<p fId="0" fbTx="0.35148218" lbTx="0.351483055" tId="1" fbRx="0.35148218" lbRx="0.351483055" />
<p fId="1" fbTx="0.351483055" lbTx="0.35148393" tId="4" fbRx="0.351483055" lbRx="0.35148393" />
<p fId="3" fbTx="0.351582096" lbTx="0.35158218" tId="0" fbRx="0.361582096" lbRx="0.36158218" />
<p fId="0" fbTx="0.35158218" lbTx="0.351583055" tId="1" fbRx="0.35158218" lbRx="0.351583055" />
<p fId="1" fbTx="0.351583055" lbTx="0.35158393" tId="4" fbRx="0.351583055" lbRx="0.35158393" />
<p fId="3" fbTx="0.351682096" lbTx="0.35168218" tId="0" fbRx="0.361682096" lbRx="0.36168218" />
<p fId="0" fbTx="0.35168218" lbTx="0.351683055" tId="1" fbRx="0.35168218" lbRx="0.351683055" />
<p fId="1" fbTx="0.351683055" lbTx="0.35168393" tId="4" fbRx="0.351683055" lbRx="0.35168393" />
<p fId="3" fbTx="0.351782096" lbTx="0.35178218" tId="0" fbRx="0.361782096" lbRx="0.36178218" />
<p fId="0" fbTx="0.35178218" lbTx="0.351783055" tId="1" fbRx="0.35178218" lbRx="0.351783055" />
<p fId="1" fbTx="0.351783055" lbTx="0.35178393" tId="4" fbRx="0.351783055" lbRx="0.35178393" />
<p fId="3" fbTx="0.351882096" lbTx="0.35188218" tId="0" fbRx="0.361882096" lbRx="0.36188218" />
<p fId="0" fbTx="0.35188218" lbTx="0.351883055" tId="1" fbRx="0.35188218" lbRx="0.351883055" />
<p fId="1" fbTx="0.351883055" lbTx="0.35188393" tId="4" fbRx="0.351883055" lbRx="0.35188393" />
<p fId="3" fbTx="0.351982096" lbTx="0.35198218" tId="0" fbRx="0.361982096" lbRx="0.36198218" />
<p fId="0" fbTx="0.35198218" lbTx="0.351983055" tId="1" fbRx="0.35198218" lbRx="0.351983055" />
<p fId="1" fbTx="0.351983055" lbTx="0.35198393" tId="4" fbRx="0.351983055" lbRx="0.35198393" />
<p fId="3" fbTx="0.352082096" lbTx="0.35208218" tId="0" fbRx="0.362082096" lbRx="0.36208218" />
<p fId="0" fbTx="0.35208218" lbTx="0.352083055" tId="1" fbRx="0.35208218" lbRx="0.352083055" />
<p fId="1" fbTx="0.352083055" lbTx="0.35208393" tId="4" fbRx="0.352083055" lbRx="0.35208393" />
<p fId="3" fbTx="0.352182096" lbTx="0.35218218" tId="0" fbRx="0.362182096" lbRx="0.36218218" />
<p fId="0" fbTx="0.35218218" lbTx="0.352183055" tId="1" fbRx="0.35218218" lbRx="0.352183055" />
<p fId="1" fbTx="0.352183055" lbTx="0.35218393" tId="4" fbRx="0.352183055" lbRx="0.35218393" />
<pr uId="330" fId="4" fbTx="0.352214286" />
<wpr uId="330" tId="5" fbRx="0.352214286" lbRx="0" />
<wpr uId="330" tId="6" fbRx="0.352214286" lbRx="0" />
<p fId="3" fbTx="0.352282096" lbTx="0.35228218" tId="0" fbRx="0.362282096" lbRx="0.36228218" />
<p fId="0" fbTx="0.35228218" lbTx="0.352283055" tId="1" fbRx="0.35228218" lbRx="0.352283055" />
<p fId="1" fbTx="0.352283055" lbTx="0.35228393" tId="4" fbRx="0.352283055" lbRx="0.35228393" />
<p fId="3" fbTx="0.352382096" lbTx="0.35238218" tId="0" fbRx="0.362382096" lbRx="0.36238218" />
<p fId="0" fbTx="0.35238218" lbTx="0.352383055" tId="1" fbRx="0.35238218" lbRx="0.352383055" />
<p fId="1" fbTx="0.352383055" lbTx="0.35238393" tId="4" fbRx="0.352383055" lbRx="0.35238393" />
<p fId="3" fbTx="0.352482096" lbTx="0.35248218" tId="0" fbRx="0.362482096" lbRx="0.36248218" />
<p fId="0" fbTx="0.35248218" lbTx="0.352483055" tId="1" fbRx="0.35248218" lbRx="0.352483055" />
<p fId="1" fbTx="0.352483055" lbTx="0.35248393" tId="4" fbRx="0.352483055" lbRx="0.35248393" />
<p fId="3" fbTx="0.352582096" lbTx="0.35258218" tId="0" fbRx="0.362582096" lbRx="0.36258218" />
<p fId="0" fbTx="0.35258218" lbTx="0.352583055" tId="1" fbRx="0.35258218" lbRx="0.352583055" />
<p fId="1" fbTx="0.352583055" lbTx="0.35258393" tId="4" fbRx="0.352583055" lbRx="0.35258393" />
<p fId="3" fbTx="0.352682096" lbTx="0.35268218" tId="0" fbRx="0.362682096" lbRx="0.36268218" />
<p fId="0" fbTx="0.35268218" lbTx="0.352683055" tId="1" fbRx="0.35268218" lbRx="0.352683055" />
<p fId="1" fbTx="0.352683055" lbTx="0.35268393" tId="4" fbRx="0.352683055" lbRx="0.35268393" />
<p fId="3" fbTx="0.352782096" lbTx="0.35278218" tId="0" fbRx="0.362782096" lbRx="0.36278218" />
<p fId="0" fbTx="0.35278218" lbTx="0.352783055" tId="1" fbRx="0.35278218" lbRx="0.352783055" />
<p fId="1" fbTx="0.352783055" lbTx="0.35278393" tId="4" fbRx="0.352783055" lbRx="0.35278393" />
<p fId="3" fbTx="0.352882096" lbTx="0.35288218" tId="0" fbRx="0.362882096" lbRx="0.36288218" />
<p fId="0" fbTx="0.35288218" lbTx="0.352883055" tId="1" fbRx="0.35288218" lbRx="0.352883055" />
<p fId="1" fbTx="0.352883055" lbTx="0.35288393" tId="4" fbRx="0.352883055" lbRx="0.35288393" />
<p fId="3" fbTx="0.352982096" lbTx="0.35298218" tId="0" fbRx="0.362982096" lbRx="0.36298218" />
<p fId="0" fbTx="0.35298218" lbTx="0.352983055" tId="1" fbRx="0.35298218" lbRx="0.352983055" />
<p fId="1" fbTx="0.352983055" lbTx="0.35298393" tId="4" fbRx="0.352983055" lbRx="0.35298393" />
<p fId="3" fbTx="0.353082096" lbTx="0.35308218" tId="0" fbRx="0.363082096" lbRx="0.36308218" />
<p fId="0" fbTx="0.35308218" lbTx="0.353083055" tId="1" fbRx="0.35308218" lbRx="0.353083055" />
<p fId="1" fbTx="0.353083055" lbTx="0.35308393" tId="4" fbRx="0.353083055" lbRx="0.35308393" />
<p fId="3" fbTx="0.353182096" lbTx="0.35318218" tId="0" fbRx="0.363182096" lbRx="0.36318218" />
<p fId="0" fbTx="0.35318218" lbTx="0.353183055" tId="1" fbRx="0.35318218" lbRx="0.353183055" />
<p fId="1" fbTx="0.353183055" lbTx="0.35318393" tId="4" fbRx="0.353183055" lbRx="0.35318393" />
<pr uId="331" fId="4" fbTx="0.353214286" />
<wpr uId="331" tId="5" fbRx="0.353214286" lbRx="0" />
<wpr uId="331" tId="6" fbRx="0.353214286" lbRx="0" />
<p fId="3" fbTx="0.353282096" lbTx="0.35328218" tId="0" fbRx="0.363282096" lbRx="0.36328218" />
<p fId="0" fbTx="0.35328218" lbTx="0.353283055" tId="1" fbRx="0.35328218" lbRx="0.353283055" />
<p fId="1" fbTx="0.353283055" lbTx="0.35328393" tId="4" fbRx="0.353283055" lbRx="0.35328393" />
<p fId="3" fbTx="0.353382096" lbTx="0.35338218" tId="0" fbRx="0.363382096" lbRx="0.36338218" />
<p fId="0" fbTx="0.35338218" lbTx="0.353383055" tId="1" fbRx="0.35338218" lbRx="0.353383055" />
<p fId="1" fbTx="0.353383055" lbTx="0.35338393" tId="4" fbRx="0.353383055" lbRx="0.35338393" />
<p fId="3" fbTx="0.353482096" lbTx="0.35348218" tId="0" fbRx="0.363482096" lbRx="0.36348218" />
<p fId="0" fbTx="0.35348218" lbTx="0.353483055" tId="1" fbRx="0.35348218" lbRx="0.353483055" />
<p fId="1" fbTx="0.353483055" lbTx="0.35348393" tId="4" fbRx="0.353483055" lbRx="0.35348393" />
<p fId="3" fbTx="0.353582096" lbTx="0.35358218" tId="0" fbRx="0.363582096" lbRx="0.36358218" />
<p fId="0" fbTx="0.35358218" lbTx="0.353583055" tId="1" fbRx="0.35358218" lbRx="0.353583055" />
<p fId="1" fbTx="0.353583055" lbTx="0.35358393" tId="4" fbRx="0.353583055" lbRx="0.35358393" />
<p fId="3" fbTx="0.353682096" lbTx="0.35368218" tId="0" fbRx="0.363682096" lbRx="0.36368218" />
<p fId="0" fbTx="0.35368218" lbTx="0.353683055" tId="1" fbRx="0.35368218" lbRx="0.353683055" />
<p fId="1" fbTx="0.353683055" lbTx="0.35368393" tId="4" fbRx="0.353683055" lbRx="0.35368393" />
<p fId="3" fbTx="0.353782096" lbTx="0.35378218" tId="0" fbRx="0.363782096" lbRx="0.36378218" />
<p fId="0" fbTx="0.35378218" lbTx="0.353783055" tId="1" fbRx="0.35378218" lbRx="0.353783055" />
<p fId="1" fbTx="0.353783055" lbTx="0.35378393" tId="4" fbRx="0.353783055" lbRx="0.35378393" />
<p fId="3" fbTx="0.353882096" lbTx="0.35388218" tId="0" fbRx="0.363882096" lbRx="0.36388218" />
<p fId="0" fbTx="0.35388218" lbTx="0.353883055" tId="1" fbRx="0.35388218" lbRx="0.353883055" />
<p fId="1" fbTx="0.353883055" lbTx="0.35388393" tId="4" fbRx="0.353883055" lbRx="0.35388393" />
<p fId="3" fbTx="0.353982096" lbTx="0.35398218" tId="0" fbRx="0.363982096" lbRx="0.36398218" />
<p fId="0" fbTx="0.35398218" lbTx="0.353983055" tId="1" fbRx="0.35398218" lbRx="0.353983055" />
<p fId="1" fbTx="0.353983055" lbTx="0.35398393" tId="4" fbRx="0.353983055" lbRx="0.35398393" />
<p fId="3" fbTx="0.354082096" lbTx="0.35408218" tId="0" fbRx="0.364082096" lbRx="0.36408218" />
<p fId="0" fbTx="0.35408218" lbTx="0.354083055" tId="1" fbRx="0.35408218" lbRx="0.354083055" />
<p fId="1" fbTx="0.354083055" lbTx="0.35408393" tId="4" fbRx="0.354083055" lbRx="0.35408393" />
<p fId="3" fbTx="0.354182096" lbTx="0.35418218" tId="0" fbRx="0.364182096" lbRx="0.36418218" />
<p fId="0" fbTx="0.35418218" lbTx="0.354183055" tId="1" fbRx="0.35418218" lbRx="0.354183055" />
<p fId="1" fbTx="0.354183055" lbTx="0.35418393" tId="4" fbRx="0.354183055" lbRx="0.35418393" />
<pr uId="332" fId="4" fbTx="0.354214286" />
<wpr uId="332" tId="5" fbRx="0.354214286" lbRx="0" />
<wpr uId="332" tId="6" fbRx="0.354214286" lbRx="0" />
<p fId="3" fbTx="0.354282096" lbTx="0.35428218" tId="0" fbRx="0.364282096" lbRx="0.36428218" />
<p fId="0" fbTx="0.35428218" lbTx="0.354283055" tId="1" fbRx="0.35428218" lbRx="0.354283055" />
<p fId="1" fbTx="0.354283055" lbTx="0.35428393" tId="4" fbRx="0.354283055" lbRx="0.35428393" />
<p fId="3" fbTx="0.354382096" lbTx="0.35438218" tId="0" fbRx="0.364382096" lbRx="0.36438218" />
<p fId="0" fbTx="0.35438218" lbTx="0.354383055" tId="1" fbRx="0.35438218" lbRx="0.354383055" />
<p fId="1" fbTx="0.354383055" lbTx="0.35438393" tId="4" fbRx="0.354383055" lbRx="0.35438393" />
<p fId="3" fbTx="0.354482096" lbTx="0.35448218" tId="0" fbRx="0.364482096" lbRx="0.36448218" />
<p fId="0" fbTx="0.35448218" lbTx="0.354483055" tId="1" fbRx="0.35448218" lbRx="0.354483055" />
<p fId="1" fbTx="0.354483055" lbTx="0.35448393" tId="4" fbRx="0.354483055" lbRx="0.35448393" />
<p fId="3" fbTx="0.354582096" lbTx="0.35458218" tId="0" fbRx="0.364582096" lbRx="0.36458218" />
<p fId="0" fbTx="0.35458218" lbTx="0.354583055" tId="1" fbRx="0.35458218" lbRx="0.354583055" />
<p fId="1" fbTx="0.354583055" lbTx="0.35458393" tId="4" fbRx="0.354583055" lbRx="0.35458393" />
<p fId="3" fbTx="0.354682096" lbTx="0.35468218" tId="0" fbRx="0.364682096" lbRx="0.36468218" />
<p fId="0" fbTx="0.35468218" lbTx="0.354683055" tId="1" fbRx="0.35468218" lbRx="0.354683055" />
<p fId="1" fbTx="0.354683055" lbTx="0.35468393" tId="4" fbRx="0.354683055" lbRx="0.35468393" />
<p fId="3" fbTx="0.354782096" lbTx="0.35478218" tId="0" fbRx="0.364782096" lbRx="0.36478218" />
<p fId="0" fbTx="0.35478218" lbTx="0.354783055" tId="1" fbRx="0.35478218" lbRx="0.354783055" />
<p fId="1" fbTx="0.354783055" lbTx="0.35478393" tId="4" fbRx="0.354783055" lbRx="0.35478393" />
<p fId="3" fbTx="0.354882096" lbTx="0.35488218" tId="0" fbRx="0.364882096" lbRx="0.36488218" />
<p fId="0" fbTx="0.35488218" lbTx="0.354883055" tId="1" fbRx="0.35488218" lbRx="0.354883055" />
<p fId="1" fbTx="0.354883055" lbTx="0.35488393" tId="4" fbRx="0.354883055" lbRx="0.35488393" />
<p fId="3" fbTx="0.354982096" lbTx="0.35498218" tId="0" fbRx="0.364982096" lbRx="0.36498218" />
<p fId="0" fbTx="0.35498218" lbTx="0.354983055" tId="1" fbRx="0.35498218" lbRx="0.354983055" />
<p fId="1" fbTx="0.354983055" lbTx="0.35498393" tId="4" fbRx="0.354983055" lbRx="0.35498393" />
<p fId="3" fbTx="0.355082096" lbTx="0.35508218" tId="0" fbRx="0.365082096" lbRx="0.36508218" />
<p fId="0" fbTx="0.35508218" lbTx="0.355083055" tId="1" fbRx="0.35508218" lbRx="0.355083055" />
<p fId="1" fbTx="0.355083055" lbTx="0.35508393" tId="4" fbRx="0.355083055" lbRx="0.35508393" />
<p fId="3" fbTx="0.355182096" lbTx="0.35518218" tId="0" fbRx="0.365182096" lbRx="0.36518218" />
<p fId="0" fbTx="0.35518218" lbTx="0.355183055" tId="1" fbRx="0.35518218" lbRx="0.355183055" />
<p fId="1" fbTx="0.355183055" lbTx="0.35518393" tId="4" fbRx="0.355183055" lbRx="0.35518393" />
<pr uId="333" fId="4" fbTx="0.355214286" />
<wpr uId="333" tId="5" fbRx="0.355214286" lbRx="0" />
<wpr uId="333" tId="6" fbRx="0.355214286" lbRx="0" />
<p fId="3" fbTx="0.355282096" lbTx="0.35528218" tId="0" fbRx="0.365282096" lbRx="0.36528218" />
<p fId="0" fbTx="0.35528218" lbTx="0.355283055" tId="1" fbRx="0.35528218" lbRx="0.355283055" />
<p fId="1" fbTx="0.355283055" lbTx="0.35528393" tId="4" fbRx="0.355283055" lbRx="0.35528393" />
<p fId="3" fbTx="0.355382096" lbTx="0.35538218" tId="0" fbRx="0.365382096" lbRx="0.36538218" />
<p fId="0" fbTx="0.35538218" lbTx="0.355383055" tId="1" fbRx="0.35538218" lbRx="0.355383055" />
<p fId="1" fbTx="0.355383055" lbTx="0.35538393" tId="4" fbRx="0.355383055" lbRx="0.35538393" />
<p fId="3" fbTx="0.355482096" lbTx="0.35548218" tId="0" fbRx="0.365482096" lbRx="0.36548218" />
<p fId="0" fbTx="0.35548218" lbTx="0.355483055" tId="1" fbRx="0.35548218" lbRx="0.355483055" />
<p fId="1" fbTx="0.355483055" lbTx="0.35548393" tId="4" fbRx="0.355483055" lbRx="0.35548393" />
<p fId="3" fbTx="0.355582096" lbTx="0.35558218" tId="0" fbRx="0.365582096" lbRx="0.36558218" />
<p fId="0" fbTx="0.35558218" lbTx="0.355583055" tId="1" fbRx="0.35558218" lbRx="0.355583055" />
<p fId="1" fbTx="0.355583055" lbTx="0.35558393" tId="4" fbRx="0.355583055" lbRx="0.35558393" />
<p fId="3" fbTx="0.355682096" lbTx="0.35568218" tId="0" fbRx="0.365682096" lbRx="0.36568218" />
<p fId="0" fbTx="0.35568218" lbTx="0.355683055" tId="1" fbRx="0.35568218" lbRx="0.355683055" />
<p fId="1" fbTx="0.355683055" lbTx="0.35568393" tId="4" fbRx="0.355683055" lbRx="0.35568393" />
<p fId="3" fbTx="0.355782096" lbTx="0.35578218" tId="0" fbRx="0.365782096" lbRx="0.36578218" />
<p fId="0" fbTx="0.35578218" lbTx="0.355783055" tId="1" fbRx="0.35578218" lbRx="0.355783055" />
<p fId="1" fbTx="0.355783055" lbTx="0.35578393" tId="4" fbRx="0.355783055" lbRx="0.35578393" />
<p fId="3" fbTx="0.355882096" lbTx="0.35588218" tId="0" fbRx="0.365882096" lbRx="0.36588218" />
<p fId="0" fbTx="0.35588218" lbTx="0.355883055" tId="1" fbRx="0.35588218" lbRx="0.355883055" />
<p fId="1" fbTx="0.355883055" lbTx="0.35588393" tId="4" fbRx="0.355883055" lbRx="0.35588393" />
<p fId="3" fbTx="0.355982096" lbTx="0.35598218" tId="0" fbRx="0.365982096" lbRx="0.36598218" />
<p fId="0" fbTx="0.35598218" lbTx="0.355983055" tId="1" fbRx="0.35598218" lbRx="0.355983055" />
<p fId="1" fbTx="0.355983055" lbTx="0.35598393" tId="4" fbRx="0.355983055" lbRx="0.35598393" />
<p fId="3" fbTx="0.356082096" lbTx="0.35608218" tId="0" fbRx="0.366082096" lbRx="0.36608218" />
<p fId="0" fbTx="0.35608218" lbTx="0.356083055" tId="1" fbRx="0.35608218" lbRx="0.356083055" />
<p fId="1" fbTx="0.356083055" lbTx="0.35608393" tId="4" fbRx="0.356083055" lbRx="0.35608393" />
<p fId="3" fbTx="0.356182096" lbTx="0.35618218" tId="0" fbRx="0.366182096" lbRx="0.36618218" />
<p fId="0" fbTx="0.35618218" lbTx="0.356183055" tId="1" fbRx="0.35618218" lbRx="0.356183055" />
<p fId="1" fbTx="0.356183055" lbTx="0.35618393" tId="4" fbRx="0.356183055" lbRx="0.35618393" />
<pr uId="334" fId="4" fbTx="0.356214286" />
<wpr uId="334" tId="5" fbRx="0.356214286" lbRx="0" />
<wpr uId="334" tId="6" fbRx="0.356214286" lbRx="0" />
<p fId="3" fbTx="0.356282096" lbTx="0.35628218" tId="0" fbRx="0.366282096" lbRx="0.36628218" />
<p fId="0" fbTx="0.35628218" lbTx="0.356283055" tId="1" fbRx="0.35628218" lbRx="0.356283055" />
<p fId="1" fbTx="0.356283055" lbTx="0.35628393" tId="4" fbRx="0.356283055" lbRx="0.35628393" />
<p fId="3" fbTx="0.356382096" lbTx="0.35638218" tId="0" fbRx="0.366382096" lbRx="0.36638218" />
<p fId="0" fbTx="0.35638218" lbTx="0.356383055" tId="1" fbRx="0.35638218" lbRx="0.356383055" />
<p fId="1" fbTx="0.356383055" lbTx="0.35638393" tId="4" fbRx="0.356383055" lbRx="0.35638393" />
<p fId="3" fbTx="0.356482096" lbTx="0.35648218" tId="0" fbRx="0.366482096" lbRx="0.36648218" />
<p fId="0" fbTx="0.35648218" lbTx="0.356483055" tId="1" fbRx="0.35648218" lbRx="0.356483055" />
<p fId="1" fbTx="0.356483055" lbTx="0.35648393" tId="4" fbRx="0.356483055" lbRx="0.35648393" />
<p fId="3" fbTx="0.356582096" lbTx="0.35658218" tId="0" fbRx="0.366582096" lbRx="0.36658218" />
<p fId="0" fbTx="0.35658218" lbTx="0.356583055" tId="1" fbRx="0.35658218" lbRx="0.356583055" />
<p fId="1" fbTx="0.356583055" lbTx="0.35658393" tId="4" fbRx="0.356583055" lbRx="0.35658393" />
<p fId="3" fbTx="0.356682096" lbTx="0.35668218" tId="0" fbRx="0.366682096" lbRx="0.36668218" />
<p fId="0" fbTx="0.35668218" lbTx="0.356683055" tId="1" fbRx="0.35668218" lbRx="0.356683055" />
<p fId="1" fbTx="0.356683055" lbTx="0.35668393" tId="4" fbRx="0.356683055" lbRx="0.35668393" />
<p fId="3" fbTx="0.356782096" lbTx="0.35678218" tId="0" fbRx="0.366782096" lbRx="0.36678218" />
<p fId="0" fbTx="0.35678218" lbTx="0.356783055" tId="1" fbRx="0.35678218" lbRx="0.356783055" />
<p fId="1" fbTx="0.356783055" lbTx="0.35678393" tId="4" fbRx="0.356783055" lbRx="0.35678393" />
<p fId="3" fbTx="0.356882096" lbTx="0.35688218" tId="0" fbRx="0.366882096" lbRx="0.36688218" />
<p fId="0" fbTx="0.35688218" lbTx="0.356883055" tId="1" fbRx="0.35688218" lbRx="0.356883055" />
<p fId="1" fbTx="0.356883055" lbTx="0.35688393" tId="4" fbRx="0.356883055" lbRx="0.35688393" />
<p fId="3" fbTx="0.356982096" lbTx="0.35698218" tId="0" fbRx="0.366982096" lbRx="0.36698218" />
<p fId="0" fbTx="0.35698218" lbTx="0.356983055" tId="1" fbRx="0.35698218" lbRx="0.356983055" />
<p fId="1" fbTx="0.356983055" lbTx="0.35698393" tId="4" fbRx="0.356983055" lbRx="0.35698393" />
<p fId="3" fbTx="0.357082096" lbTx="0.35708218" tId="0" fbRx="0.367082096" lbRx="0.36708218" />
<p fId="0" fbTx="0.35708218" lbTx="0.357083055" tId="1" fbRx="0.35708218" lbRx="0.357083055" />
<p fId="1" fbTx="0.357083055" lbTx="0.35708393" tId="4" fbRx="0.357083055" lbRx="0.35708393" />
<p fId="3" fbTx="0.357182096" lbTx="0.35718218" tId="0" fbRx="0.367182096" lbRx="0.36718218" />
<p fId="0" fbTx="0.35718218" lbTx="0.357183055" tId="1" fbRx="0.35718218" lbRx="0.357183055" />
<p fId="1" fbTx="0.357183055" lbTx="0.35718393" tId="4" fbRx="0.357183055" lbRx="0.35718393" />
<pr uId="335" fId="4" fbTx="0.357214286" />
<wpr uId="335" tId="5" fbRx="0.357214286" lbRx="0" />
<wpr uId="335" tId="6" fbRx="0.357214286" lbRx="0" />
<p fId="3" fbTx="0.357282096" lbTx="0.35728218" tId="0" fbRx="0.367282096" lbRx="0.36728218" />
<p fId="0" fbTx="0.35728218" lbTx="0.357283055" tId="1" fbRx="0.35728218" lbRx="0.357283055" />
<p fId="1" fbTx="0.357283055" lbTx="0.35728393" tId="4" fbRx="0.357283055" lbRx="0.35728393" />
<p fId="3" fbTx="0.357382096" lbTx="0.35738218" tId="0" fbRx="0.367382096" lbRx="0.36738218" />
<p fId="0" fbTx="0.35738218" lbTx="0.357383055" tId="1" fbRx="0.35738218" lbRx="0.357383055" />
<p fId="1" fbTx="0.357383055" lbTx="0.35738393" tId="4" fbRx="0.357383055" lbRx="0.35738393" />
<p fId="3" fbTx="0.357482096" lbTx="0.35748218" tId="0" fbRx="0.367482096" lbRx="0.36748218" />
<p fId="0" fbTx="0.35748218" lbTx="0.357483055" tId="1" fbRx="0.35748218" lbRx="0.357483055" />
<p fId="1" fbTx="0.357483055" lbTx="0.35748393" tId="4" fbRx="0.357483055" lbRx="0.35748393" />
<p fId="3" fbTx="0.357582096" lbTx="0.35758218" tId="0" fbRx="0.367582096" lbRx="0.36758218" />
<p fId="0" fbTx="0.35758218" lbTx="0.357583055" tId="1" fbRx="0.35758218" lbRx="0.357583055" />
<p fId="1" fbTx="0.357583055" lbTx="0.35758393" tId="4" fbRx="0.357583055" lbRx="0.35758393" />
<p fId="3" fbTx="0.357682096" lbTx="0.35768218" tId="0" fbRx="0.367682096" lbRx="0.36768218" />
<p fId="0" fbTx="0.35768218" lbTx="0.357683055" tId="1" fbRx="0.35768218" lbRx="0.357683055" />
<p fId="1" fbTx="0.357683055" lbTx="0.35768393" tId="4" fbRx="0.357683055" lbRx="0.35768393" />
<p fId="3" fbTx="0.357782096" lbTx="0.35778218" tId="0" fbRx="0.367782096" lbRx="0.36778218" />
<p fId="0" fbTx="0.35778218" lbTx="0.357783055" tId="1" fbRx="0.35778218" lbRx="0.357783055" />
<p fId="1" fbTx="0.357783055" lbTx="0.35778393" tId="4" fbRx="0.357783055" lbRx="0.35778393" />
<p fId="3" fbTx="0.357882096" lbTx="0.35788218" tId="0" fbRx="0.367882096" lbRx="0.36788218" />
<p fId="0" fbTx="0.35788218" lbTx="0.357883055" tId="1" fbRx="0.35788218" lbRx="0.357883055" />
<p fId="1" fbTx="0.357883055" lbTx="0.35788393" tId="4" fbRx="0.357883055" lbRx="0.35788393" />
<p fId="3" fbTx="0.357982096" lbTx="0.35798218" tId="0" fbRx="0.367982096" lbRx="0.36798218" />
<p fId="0" fbTx="0.35798218" lbTx="0.357983055" tId="1" fbRx="0.35798218" lbRx="0.357983055" />
<p fId="1" fbTx="0.357983055" lbTx="0.35798393" tId="4" fbRx="0.357983055" lbRx="0.35798393" />
<p fId="3" fbTx="0.358082096" lbTx="0.35808218" tId="0" fbRx="0.368082096" lbRx="0.36808218" />
<p fId="0" fbTx="0.35808218" lbTx="0.358083055" tId="1" fbRx="0.35808218" lbRx="0.358083055" />
<p fId="1" fbTx="0.358083055" lbTx="0.35808393" tId="4" fbRx="0.358083055" lbRx="0.35808393" />
<p fId="3" fbTx="0.358182096" lbTx="0.35818218" tId="0" fbRx="0.368182096" lbRx="0.36818218" />
<p fId="0" fbTx="0.35818218" lbTx="0.358183055" tId="1" fbRx="0.35818218" lbRx="0.358183055" />
<p fId="1" fbTx="0.358183055" lbTx="0.35818393" tId="4" fbRx="0.358183055" lbRx="0.35818393" />
<pr uId="336" fId="4" fbTx="0.358214286" />
<wpr uId="336" tId="5" fbRx="0.358214286" lbRx="0" />
<wpr uId="336" tId="6" fbRx="0.358214286" lbRx="0" />
<p fId="3" fbTx="0.358282096" lbTx="0.35828218" tId="0" fbRx="0.368282096" lbRx="0.36828218" />
<p fId="0" fbTx="0.35828218" lbTx="0.358283055" tId="1" fbRx="0.35828218" lbRx="0.358283055" />
<p fId="1" fbTx="0.358283055" lbTx="0.35828393" tId="4" fbRx="0.358283055" lbRx="0.35828393" />
<p fId="3" fbTx="0.358382096" lbTx="0.35838218" tId="0" fbRx="0.368382096" lbRx="0.36838218" />
<p fId="0" fbTx="0.35838218" lbTx="0.358383055" tId="1" fbRx="0.35838218" lbRx="0.358383055" />
<p fId="1" fbTx="0.358383055" lbTx="0.35838393" tId="4" fbRx="0.358383055" lbRx="0.35838393" />
<p fId="3" fbTx="0.358482096" lbTx="0.35848218" tId="0" fbRx="0.368482096" lbRx="0.36848218" />
<p fId="0" fbTx="0.35848218" lbTx="0.358483055" tId="1" fbRx="0.35848218" lbRx="0.358483055" />
<p fId="1" fbTx="0.358483055" lbTx="0.35848393" tId="4" fbRx="0.358483055" lbRx="0.35848393" />
<p fId="3" fbTx="0.358582096" lbTx="0.35858218" tId="0" fbRx="0.368582096" lbRx="0.36858218" />
<p fId="0" fbTx="0.35858218" lbTx="0.358583055" tId="1" fbRx="0.35858218" lbRx="0.358583055" />
<p fId="1" fbTx="0.358583055" lbTx="0.35858393" tId="4" fbRx="0.358583055" lbRx="0.35858393" />
<p fId="3" fbTx="0.358682096" lbTx="0.35868218" tId="0" fbRx="0.368682096" lbRx="0.36868218" />
<p fId="0" fbTx="0.35868218" lbTx="0.358683055" tId="1" fbRx="0.35868218" lbRx="0.358683055" />
<p fId="1" fbTx="0.358683055" lbTx="0.35868393" tId="4" fbRx="0.358683055" lbRx="0.35868393" />
<p fId="3" fbTx="0.358782096" lbTx="0.35878218" tId="0" fbRx="0.368782096" lbRx="0.36878218" />
<p fId="0" fbTx="0.35878218" lbTx="0.358783055" tId="1" fbRx="0.35878218" lbRx="0.358783055" />
<p fId="1" fbTx="0.358783055" lbTx="0.35878393" tId="4" fbRx="0.358783055" lbRx="0.35878393" />
<p fId="3" fbTx="0.358882096" lbTx="0.35888218" tId="0" fbRx="0.368882096" lbRx="0.36888218" />
<p fId="0" fbTx="0.35888218" lbTx="0.358883055" tId="1" fbRx="0.35888218" lbRx="0.358883055" />
<p fId="1" fbTx="0.358883055" lbTx="0.35888393" tId="4" fbRx="0.358883055" lbRx="0.35888393" />
<p fId="3" fbTx="0.358982096" lbTx="0.35898218" tId="0" fbRx="0.368982096" lbRx="0.36898218" />
<p fId="0" fbTx="0.35898218" lbTx="0.358983055" tId="1" fbRx="0.35898218" lbRx="0.358983055" />
<p fId="1" fbTx="0.358983055" lbTx="0.35898393" tId="4" fbRx="0.358983055" lbRx="0.35898393" />
<p fId="3" fbTx="0.359082096" lbTx="0.35908218" tId="0" fbRx="0.369082096" lbRx="0.36908218" />
<p fId="0" fbTx="0.35908218" lbTx="0.359083055" tId="1" fbRx="0.35908218" lbRx="0.359083055" />
<p fId="1" fbTx="0.359083055" lbTx="0.35908393" tId="4" fbRx="0.359083055" lbRx="0.35908393" />
<p fId="3" fbTx="0.359182096" lbTx="0.35918218" tId="0" fbRx="0.369182096" lbRx="0.36918218" />
<p fId="0" fbTx="0.35918218" lbTx="0.359183055" tId="1" fbRx="0.35918218" lbRx="0.359183055" />
<p fId="1" fbTx="0.359183055" lbTx="0.35918393" tId="4" fbRx="0.359183055" lbRx="0.35918393" />
<pr uId="337" fId="4" fbTx="0.359214286" />
<wpr uId="337" tId="5" fbRx="0.359214286" lbRx="0" />
<wpr uId="337" tId="6" fbRx="0.359214286" lbRx="0" />
<p fId="3" fbTx="0.359282096" lbTx="0.35928218" tId="0" fbRx="0.369282096" lbRx="0.36928218" />
<p fId="0" fbTx="0.35928218" lbTx="0.359283055" tId="1" fbRx="0.35928218" lbRx="0.359283055" />
<p fId="1" fbTx="0.359283055" lbTx="0.35928393" tId="4" fbRx="0.359283055" lbRx="0.35928393" />
<p fId="3" fbTx="0.359382096" lbTx="0.35938218" tId="0" fbRx="0.369382096" lbRx="0.36938218" />
<p fId="0" fbTx="0.35938218" lbTx="0.359383055" tId="1" fbRx="0.35938218" lbRx="0.359383055" />
<p fId="1" fbTx="0.359383055" lbTx="0.35938393" tId="4" fbRx="0.359383055" lbRx="0.35938393" />
<p fId="3" fbTx="0.359482096" lbTx="0.35948218" tId="0" fbRx="0.369482096" lbRx="0.36948218" />
<p fId="0" fbTx="0.35948218" lbTx="0.359483055" tId="1" fbRx="0.35948218" lbRx="0.359483055" />
<p fId="1" fbTx="0.359483055" lbTx="0.35948393" tId="4" fbRx="0.359483055" lbRx="0.35948393" />
<p fId="3" fbTx="0.359582096" lbTx="0.35958218" tId="0" fbRx="0.369582096" lbRx="0.36958218" />
<p fId="0" fbTx="0.35958218" lbTx="0.359583055" tId="1" fbRx="0.35958218" lbRx="0.359583055" />
<p fId="1" fbTx="0.359583055" lbTx="0.35958393" tId="4" fbRx="0.359583055" lbRx="0.35958393" />
<p fId="3" fbTx="0.359682096" lbTx="0.35968218" tId="0" fbRx="0.369682096" lbRx="0.36968218" />
<p fId="0" fbTx="0.35968218" lbTx="0.359683055" tId="1" fbRx="0.35968218" lbRx="0.359683055" />
<p fId="1" fbTx="0.359683055" lbTx="0.35968393" tId="4" fbRx="0.359683055" lbRx="0.35968393" />
<p fId="3" fbTx="0.359782096" lbTx="0.35978218" tId="0" fbRx="0.369782096" lbRx="0.36978218" />
<p fId="0" fbTx="0.35978218" lbTx="0.359783055" tId="1" fbRx="0.35978218" lbRx="0.359783055" />
<p fId="1" fbTx="0.359783055" lbTx="0.35978393" tId="4" fbRx="0.359783055" lbRx="0.35978393" />
<p fId="3" fbTx="0.359882096" lbTx="0.35988218" tId="0" fbRx="0.369882096" lbRx="0.36988218" />
<p fId="0" fbTx="0.35988218" lbTx="0.359883055" tId="1" fbRx="0.35988218" lbRx="0.359883055" />
<p fId="1" fbTx="0.359883055" lbTx="0.35988393" tId="4" fbRx="0.359883055" lbRx="0.35988393" />
<p fId="3" fbTx="0.359982096" lbTx="0.35998218" tId="0" fbRx="0.369982096" lbRx="0.36998218" />
<p fId="0" fbTx="0.35998218" lbTx="0.359983055" tId="1" fbRx="0.35998218" lbRx="0.359983055" />
<p fId="1" fbTx="0.359983055" lbTx="0.35998393" tId="4" fbRx="0.359983055" lbRx="0.35998393" />
<p fId="3" fbTx="0.360082096" lbTx="0.36008218" tId="0" fbRx="0.370082096" lbRx="0.37008218" />
<p fId="0" fbTx="0.36008218" lbTx="0.360083055" tId="1" fbRx="0.36008218" lbRx="0.360083055" />
<p fId="1" fbTx="0.360083055" lbTx="0.36008393" tId="4" fbRx="0.360083055" lbRx="0.36008393" />
<p fId="3" fbTx="0.360182096" lbTx="0.36018218" tId="0" fbRx="0.370182096" lbRx="0.37018218" />
<p fId="0" fbTx="0.36018218" lbTx="0.360183055" tId="1" fbRx="0.36018218" lbRx="0.360183055" />
<p fId="1" fbTx="0.360183055" lbTx="0.36018393" tId="4" fbRx="0.360183055" lbRx="0.36018393" />
<pr uId="338" fId="4" fbTx="0.360214286" />
<wpr uId="338" tId="5" fbRx="0.360214286" lbRx="0" />
<wpr uId="338" tId="6" fbRx="0.360214286" lbRx="0" />
<p fId="3" fbTx="0.360282096" lbTx="0.36028218" tId="0" fbRx="0.370282096" lbRx="0.37028218" />
<p fId="0" fbTx="0.36028218" lbTx="0.360283055" tId="1" fbRx="0.36028218" lbRx="0.360283055" />
<p fId="1" fbTx="0.360283055" lbTx="0.36028393" tId="4" fbRx="0.360283055" lbRx="0.36028393" />
<p fId="3" fbTx="0.360382096" lbTx="0.36038218" tId="0" fbRx="0.370382096" lbRx="0.37038218" />
<p fId="0" fbTx="0.36038218" lbTx="0.360383055" tId="1" fbRx="0.36038218" lbRx="0.360383055" />
<p fId="1" fbTx="0.360383055" lbTx="0.36038393" tId="4" fbRx="0.360383055" lbRx="0.36038393" />
<p fId="3" fbTx="0.360482096" lbTx="0.36048218" tId="0" fbRx="0.370482096" lbRx="0.37048218" />
<p fId="0" fbTx="0.36048218" lbTx="0.360483055" tId="1" fbRx="0.36048218" lbRx="0.360483055" />
<p fId="1" fbTx="0.360483055" lbTx="0.36048393" tId="4" fbRx="0.360483055" lbRx="0.36048393" />
<p fId="3" fbTx="0.360582096" lbTx="0.36058218" tId="0" fbRx="0.370582096" lbRx="0.37058218" />
<p fId="0" fbTx="0.36058218" lbTx="0.360583055" tId="1" fbRx="0.36058218" lbRx="0.360583055" />
<p fId="1" fbTx="0.360583055" lbTx="0.36058393" tId="4" fbRx="0.360583055" lbRx="0.36058393" />
<p fId="3" fbTx="0.360682096" lbTx="0.36068218" tId="0" fbRx="0.370682096" lbRx="0.37068218" />
<p fId="0" fbTx="0.36068218" lbTx="0.360683055" tId="1" fbRx="0.36068218" lbRx="0.360683055" />
<p fId="1" fbTx="0.360683055" lbTx="0.36068393" tId="4" fbRx="0.360683055" lbRx="0.36068393" />
<p fId="3" fbTx="0.360782096" lbTx="0.36078218" tId="0" fbRx="0.370782096" lbRx="0.37078218" />
<p fId="0" fbTx="0.36078218" lbTx="0.360783055" tId="1" fbRx="0.36078218" lbRx="0.360783055" />
<p fId="1" fbTx="0.360783055" lbTx="0.36078393" tId="4" fbRx="0.360783055" lbRx="0.36078393" />
<p fId="3" fbTx="0.360882096" lbTx="0.36088218" tId="0" fbRx="0.370882096" lbRx="0.37088218" />
<p fId="0" fbTx="0.36088218" lbTx="0.360883055" tId="1" fbRx="0.36088218" lbRx="0.360883055" />
<p fId="1" fbTx="0.360883055" lbTx="0.36088393" tId="4" fbRx="0.360883055" lbRx="0.36088393" />
<p fId="3" fbTx="0.360982096" lbTx="0.36098218" tId="0" fbRx="0.370982096" lbRx="0.37098218" />
<p fId="0" fbTx="0.36098218" lbTx="0.360983055" tId="1" fbRx="0.36098218" lbRx="0.360983055" />
<p fId="1" fbTx="0.360983055" lbTx="0.36098393" tId="4" fbRx="0.360983055" lbRx="0.36098393" />
<p fId="3" fbTx="0.361082096" lbTx="0.36108218" tId="0" fbRx="0.371082096" lbRx="0.37108218" />
<p fId="0" fbTx="0.36108218" lbTx="0.361083055" tId="1" fbRx="0.36108218" lbRx="0.361083055" />
<p fId="1" fbTx="0.361083055" lbTx="0.36108393" tId="4" fbRx="0.361083055" lbRx="0.36108393" />
<p fId="3" fbTx="0.361182096" lbTx="0.36118218" tId="0" fbRx="0.371182096" lbRx="0.37118218" />
<p fId="0" fbTx="0.36118218" lbTx="0.361183055" tId="1" fbRx="0.36118218" lbRx="0.361183055" />
<p fId="1" fbTx="0.361183055" lbTx="0.36118393" tId="4" fbRx="0.361183055" lbRx="0.36118393" />
<pr uId="339" fId="4" fbTx="0.361214286" />
<wpr uId="339" tId="5" fbRx="0.361214286" lbRx="0" />
<wpr uId="339" tId="6" fbRx="0.361214286" lbRx="0" />
<p fId="3" fbTx="0.361282096" lbTx="0.36128218" tId="0" fbRx="0.371282096" lbRx="0.37128218" />
<p fId="0" fbTx="0.36128218" lbTx="0.361283055" tId="1" fbRx="0.36128218" lbRx="0.361283055" />
<p fId="1" fbTx="0.361283055" lbTx="0.36128393" tId="4" fbRx="0.361283055" lbRx="0.36128393" />
<p fId="3" fbTx="0.361382096" lbTx="0.36138218" tId="0" fbRx="0.371382096" lbRx="0.37138218" />
<p fId="0" fbTx="0.36138218" lbTx="0.361383055" tId="1" fbRx="0.36138218" lbRx="0.361383055" />
<p fId="1" fbTx="0.361383055" lbTx="0.36138393" tId="4" fbRx="0.361383055" lbRx="0.36138393" />
<p fId="3" fbTx="0.361482096" lbTx="0.36148218" tId="0" fbRx="0.371482096" lbRx="0.37148218" />
<p fId="0" fbTx="0.36148218" lbTx="0.361483055" tId="1" fbRx="0.36148218" lbRx="0.361483055" />
<p fId="1" fbTx="0.361483055" lbTx="0.36148393" tId="4" fbRx="0.361483055" lbRx="0.36148393" />
<p fId="3" fbTx="0.361582096" lbTx="0.36158218" tId="0" fbRx="0.371582096" lbRx="0.37158218" />
<p fId="0" fbTx="0.36158218" lbTx="0.361583055" tId="1" fbRx="0.36158218" lbRx="0.361583055" />
<p fId="1" fbTx="0.361583055" lbTx="0.36158393" tId="4" fbRx="0.361583055" lbRx="0.36158393" />
<p fId="3" fbTx="0.361682096" lbTx="0.36168218" tId="0" fbRx="0.371682096" lbRx="0.37168218" />
<p fId="0" fbTx="0.36168218" lbTx="0.361683055" tId="1" fbRx="0.36168218" lbRx="0.361683055" />
<p fId="1" fbTx="0.361683055" lbTx="0.36168393" tId="4" fbRx="0.361683055" lbRx="0.36168393" />
<p fId="3" fbTx="0.361782096" lbTx="0.36178218" tId="0" fbRx="0.371782096" lbRx="0.37178218" />
<p fId="0" fbTx="0.36178218" lbTx="0.361783055" tId="1" fbRx="0.36178218" lbRx="0.361783055" />
<p fId="1" fbTx="0.361783055" lbTx="0.36178393" tId="4" fbRx="0.361783055" lbRx="0.36178393" />
<p fId="3" fbTx="0.361882096" lbTx="0.36188218" tId="0" fbRx="0.371882096" lbRx="0.37188218" />
<p fId="0" fbTx="0.36188218" lbTx="0.361883055" tId="1" fbRx="0.36188218" lbRx="0.361883055" />
<p fId="1" fbTx="0.361883055" lbTx="0.36188393" tId="4" fbRx="0.361883055" lbRx="0.36188393" />
<p fId="3" fbTx="0.361982096" lbTx="0.36198218" tId="0" fbRx="0.371982096" lbRx="0.37198218" />
<p fId="0" fbTx="0.36198218" lbTx="0.361983055" tId="1" fbRx="0.36198218" lbRx="0.361983055" />
<p fId="1" fbTx="0.361983055" lbTx="0.36198393" tId="4" fbRx="0.361983055" lbRx="0.36198393" />
<p fId="3" fbTx="0.362082096" lbTx="0.36208218" tId="0" fbRx="0.372082096" lbRx="0.37208218" />
<p fId="0" fbTx="0.36208218" lbTx="0.362083055" tId="1" fbRx="0.36208218" lbRx="0.362083055" />
<p fId="1" fbTx="0.362083055" lbTx="0.36208393" tId="4" fbRx="0.362083055" lbRx="0.36208393" />
<p fId="3" fbTx="0.362182096" lbTx="0.36218218" tId="0" fbRx="0.372182096" lbRx="0.37218218" />
<p fId="0" fbTx="0.36218218" lbTx="0.362183055" tId="1" fbRx="0.36218218" lbRx="0.362183055" />
<p fId="1" fbTx="0.362183055" lbTx="0.36218393" tId="4" fbRx="0.362183055" lbRx="0.36218393" />
<pr uId="340" fId="4" fbTx="0.362214286" />
<wpr uId="340" tId="5" fbRx="0.362214286" lbRx="0" />
<wpr uId="340" tId="6" fbRx="0.362214286" lbRx="0" />
<p fId="3" fbTx="0.362282096" lbTx="0.36228218" tId="0" fbRx="0.372282096" lbRx="0.37228218" />
<p fId="0" fbTx="0.36228218" lbTx="0.362283055" tId="1" fbRx="0.36228218" lbRx="0.362283055" />
<p fId="1" fbTx="0.362283055" lbTx="0.36228393" tId="4" fbRx="0.362283055" lbRx="0.36228393" />
<p fId="3" fbTx="0.362382096" lbTx="0.36238218" tId="0" fbRx="0.372382096" lbRx="0.37238218" />
<p fId="0" fbTx="0.36238218" lbTx="0.362383055" tId="1" fbRx="0.36238218" lbRx="0.362383055" />
<p fId="1" fbTx="0.362383055" lbTx="0.36238393" tId="4" fbRx="0.362383055" lbRx="0.36238393" />
<p fId="3" fbTx="0.362482096" lbTx="0.36248218" tId="0" fbRx="0.372482096" lbRx="0.37248218" />
<p fId="0" fbTx="0.36248218" lbTx="0.362483055" tId="1" fbRx="0.36248218" lbRx="0.362483055" />
<p fId="1" fbTx="0.362483055" lbTx="0.36248393" tId="4" fbRx="0.362483055" lbRx="0.36248393" />
<p fId="3" fbTx="0.362582096" lbTx="0.36258218" tId="0" fbRx="0.372582096" lbRx="0.37258218" />
<p fId="0" fbTx="0.36258218" lbTx="0.362583055" tId="1" fbRx="0.36258218" lbRx="0.362583055" />
<p fId="1" fbTx="0.362583055" lbTx="0.36258393" tId="4" fbRx="0.362583055" lbRx="0.36258393" />
<p fId="3" fbTx="0.362682096" lbTx="0.36268218" tId="0" fbRx="0.372682096" lbRx="0.37268218" />
<p fId="0" fbTx="0.36268218" lbTx="0.362683055" tId="1" fbRx="0.36268218" lbRx="0.362683055" />
<p fId="1" fbTx="0.362683055" lbTx="0.36268393" tId="4" fbRx="0.362683055" lbRx="0.36268393" />
<p fId="3" fbTx="0.362782096" lbTx="0.36278218" tId="0" fbRx="0.372782096" lbRx="0.37278218" />
<p fId="0" fbTx="0.36278218" lbTx="0.362783055" tId="1" fbRx="0.36278218" lbRx="0.362783055" />
<p fId="1" fbTx="0.362783055" lbTx="0.36278393" tId="4" fbRx="0.362783055" lbRx="0.36278393" />
<p fId="3" fbTx="0.362882096" lbTx="0.36288218" tId="0" fbRx="0.372882096" lbRx="0.37288218" />
<p fId="0" fbTx="0.36288218" lbTx="0.362883055" tId="1" fbRx="0.36288218" lbRx="0.362883055" />
<p fId="1" fbTx="0.362883055" lbTx="0.36288393" tId="4" fbRx="0.362883055" lbRx="0.36288393" />
<p fId="3" fbTx="0.362982096" lbTx="0.36298218" tId="0" fbRx="0.372982096" lbRx="0.37298218" />
<p fId="0" fbTx="0.36298218" lbTx="0.362983055" tId="1" fbRx="0.36298218" lbRx="0.362983055" />
<p fId="1" fbTx="0.362983055" lbTx="0.36298393" tId="4" fbRx="0.362983055" lbRx="0.36298393" />
<p fId="3" fbTx="0.363082096" lbTx="0.36308218" tId="0" fbRx="0.373082096" lbRx="0.37308218" />
<p fId="0" fbTx="0.36308218" lbTx="0.363083055" tId="1" fbRx="0.36308218" lbRx="0.363083055" />
<p fId="1" fbTx="0.363083055" lbTx="0.36308393" tId="4" fbRx="0.363083055" lbRx="0.36308393" />
<p fId="3" fbTx="0.363182096" lbTx="0.36318218" tId="0" fbRx="0.373182096" lbRx="0.37318218" />
<p fId="0" fbTx="0.36318218" lbTx="0.363183055" tId="1" fbRx="0.36318218" lbRx="0.363183055" />
<p fId="1" fbTx="0.363183055" lbTx="0.36318393" tId="4" fbRx="0.363183055" lbRx="0.36318393" />
<pr uId="341" fId="4" fbTx="0.363214286" />
<wpr uId="341" tId="5" fbRx="0.363214286" lbRx="0" />
<wpr uId="341" tId="6" fbRx="0.363214286" lbRx="0" />
<p fId="3" fbTx="0.363282096" lbTx="0.36328218" tId="0" fbRx="0.373282096" lbRx="0.37328218" />
<p fId="0" fbTx="0.36328218" lbTx="0.363283055" tId="1" fbRx="0.36328218" lbRx="0.363283055" />
<p fId="1" fbTx="0.363283055" lbTx="0.36328393" tId="4" fbRx="0.363283055" lbRx="0.36328393" />
<p fId="3" fbTx="0.363382096" lbTx="0.36338218" tId="0" fbRx="0.373382096" lbRx="0.37338218" />
<p fId="0" fbTx="0.36338218" lbTx="0.363383055" tId="1" fbRx="0.36338218" lbRx="0.363383055" />
<p fId="1" fbTx="0.363383055" lbTx="0.36338393" tId="4" fbRx="0.363383055" lbRx="0.36338393" />
<p fId="3" fbTx="0.363482096" lbTx="0.36348218" tId="0" fbRx="0.373482096" lbRx="0.37348218" />
<p fId="0" fbTx="0.36348218" lbTx="0.363483055" tId="1" fbRx="0.36348218" lbRx="0.363483055" />
<p fId="1" fbTx="0.363483055" lbTx="0.36348393" tId="4" fbRx="0.363483055" lbRx="0.36348393" />
<p fId="3" fbTx="0.363582096" lbTx="0.36358218" tId="0" fbRx="0.373582096" lbRx="0.37358218" />
<p fId="0" fbTx="0.36358218" lbTx="0.363583055" tId="1" fbRx="0.36358218" lbRx="0.363583055" />
<p fId="1" fbTx="0.363583055" lbTx="0.36358393" tId="4" fbRx="0.363583055" lbRx="0.36358393" />
<p fId="3" fbTx="0.363682096" lbTx="0.36368218" tId="0" fbRx="0.373682096" lbRx="0.37368218" />
<p fId="0" fbTx="0.36368218" lbTx="0.363683055" tId="1" fbRx="0.36368218" lbRx="0.363683055" />
<p fId="1" fbTx="0.363683055" lbTx="0.36368393" tId="4" fbRx="0.363683055" lbRx="0.36368393" />
<p fId="3" fbTx="0.363782096" lbTx="0.36378218" tId="0" fbRx="0.373782096" lbRx="0.37378218" />
<p fId="0" fbTx="0.36378218" lbTx="0.363783055" tId="1" fbRx="0.36378218" lbRx="0.363783055" />
<p fId="1" fbTx="0.363783055" lbTx="0.36378393" tId="4" fbRx="0.363783055" lbRx="0.36378393" />
<p fId="3" fbTx="0.363882096" lbTx="0.36388218" tId="0" fbRx="0.373882096" lbRx="0.37388218" />
<p fId="0" fbTx="0.36388218" lbTx="0.363883055" tId="1" fbRx="0.36388218" lbRx="0.363883055" />
<p fId="1" fbTx="0.363883055" lbTx="0.36388393" tId="4" fbRx="0.363883055" lbRx="0.36388393" />
<p fId="3" fbTx="0.363982096" lbTx="0.36398218" tId="0" fbRx="0.373982096" lbRx="0.37398218" />
<p fId="0" fbTx="0.36398218" lbTx="0.363983055" tId="1" fbRx="0.36398218" lbRx="0.363983055" />
<p fId="1" fbTx="0.363983055" lbTx="0.36398393" tId="4" fbRx="0.363983055" lbRx="0.36398393" />
<p fId="3" fbTx="0.364082096" lbTx="0.36408218" tId="0" fbRx="0.374082096" lbRx="0.37408218" />
<p fId="0" fbTx="0.36408218" lbTx="0.364083055" tId="1" fbRx="0.36408218" lbRx="0.364083055" />
<p fId="1" fbTx="0.364083055" lbTx="0.36408393" tId="4" fbRx="0.364083055" lbRx="0.36408393" />
<p fId="3" fbTx="0.364182096" lbTx="0.36418218" tId="0" fbRx="0.374182096" lbRx="0.37418218" />
<p fId="0" fbTx="0.36418218" lbTx="0.364183055" tId="1" fbRx="0.36418218" lbRx="0.364183055" />
<p fId="1" fbTx="0.364183055" lbTx="0.36418393" tId="4" fbRx="0.364183055" lbRx="0.36418393" />
<pr uId="342" fId="4" fbTx="0.364214286" />
<wpr uId="342" tId="5" fbRx="0.364214286" lbRx="0" />
<wpr uId="342" tId="6" fbRx="0.364214286" lbRx="0" />
<p fId="3" fbTx="0.364282096" lbTx="0.36428218" tId="0" fbRx="0.374282096" lbRx="0.37428218" />
<p fId="0" fbTx="0.36428218" lbTx="0.364283055" tId="1" fbRx="0.36428218" lbRx="0.364283055" />
<p fId="1" fbTx="0.364283055" lbTx="0.36428393" tId="4" fbRx="0.364283055" lbRx="0.36428393" />
<p fId="3" fbTx="0.364382096" lbTx="0.36438218" tId="0" fbRx="0.374382096" lbRx="0.37438218" />
<p fId="0" fbTx="0.36438218" lbTx="0.364383055" tId="1" fbRx="0.36438218" lbRx="0.364383055" />
<p fId="1" fbTx="0.364383055" lbTx="0.36438393" tId="4" fbRx="0.364383055" lbRx="0.36438393" />
<p fId="3" fbTx="0.364482096" lbTx="0.36448218" tId="0" fbRx="0.374482096" lbRx="0.37448218" />
<p fId="0" fbTx="0.36448218" lbTx="0.364483055" tId="1" fbRx="0.36448218" lbRx="0.364483055" />
<p fId="1" fbTx="0.364483055" lbTx="0.36448393" tId="4" fbRx="0.364483055" lbRx="0.36448393" />
<p fId="3" fbTx="0.364582096" lbTx="0.36458218" tId="0" fbRx="0.374582096" lbRx="0.37458218" />
<p fId="0" fbTx="0.36458218" lbTx="0.364583055" tId="1" fbRx="0.36458218" lbRx="0.364583055" />
<p fId="1" fbTx="0.364583055" lbTx="0.36458393" tId="4" fbRx="0.364583055" lbRx="0.36458393" />
<p fId="3" fbTx="0.364682096" lbTx="0.36468218" tId="0" fbRx="0.374682096" lbRx="0.37468218" />
<p fId="0" fbTx="0.36468218" lbTx="0.364683055" tId="1" fbRx="0.36468218" lbRx="0.364683055" />
<p fId="1" fbTx="0.364683055" lbTx="0.36468393" tId="4" fbRx="0.364683055" lbRx="0.36468393" />
<p fId="3" fbTx="0.364782096" lbTx="0.36478218" tId="0" fbRx="0.374782096" lbRx="0.37478218" />
<p fId="0" fbTx="0.36478218" lbTx="0.364783055" tId="1" fbRx="0.36478218" lbRx="0.364783055" />
<p fId="1" fbTx="0.364783055" lbTx="0.36478393" tId="4" fbRx="0.364783055" lbRx="0.36478393" />
<p fId="3" fbTx="0.364882096" lbTx="0.36488218" tId="0" fbRx="0.374882096" lbRx="0.37488218" />
<p fId="0" fbTx="0.36488218" lbTx="0.364883055" tId="1" fbRx="0.36488218" lbRx="0.364883055" />
<p fId="1" fbTx="0.364883055" lbTx="0.36488393" tId="4" fbRx="0.364883055" lbRx="0.36488393" />
<p fId="3" fbTx="0.364982096" lbTx="0.36498218" tId="0" fbRx="0.374982096" lbRx="0.37498218" />
<p fId="0" fbTx="0.36498218" lbTx="0.364983055" tId="1" fbRx="0.36498218" lbRx="0.364983055" />
<p fId="1" fbTx="0.364983055" lbTx="0.36498393" tId="4" fbRx="0.364983055" lbRx="0.36498393" />
<p fId="3" fbTx="0.365082096" lbTx="0.36508218" tId="0" fbRx="0.375082096" lbRx="0.37508218" />
<p fId="0" fbTx="0.36508218" lbTx="0.365083055" tId="1" fbRx="0.36508218" lbRx="0.365083055" />
<p fId="1" fbTx="0.365083055" lbTx="0.36508393" tId="4" fbRx="0.365083055" lbRx="0.36508393" />
<p fId="3" fbTx="0.365182096" lbTx="0.36518218" tId="0" fbRx="0.375182096" lbRx="0.37518218" />
<p fId="0" fbTx="0.36518218" lbTx="0.365183055" tId="1" fbRx="0.36518218" lbRx="0.365183055" />
<p fId="1" fbTx="0.365183055" lbTx="0.36518393" tId="4" fbRx="0.365183055" lbRx="0.36518393" />
<pr uId="343" fId="4" fbTx="0.365214286" />
<wpr uId="343" tId="5" fbRx="0.365214286" lbRx="0" />
<wpr uId="343" tId="6" fbRx="0.365214286" lbRx="0" />
<p fId="3" fbTx="0.365282096" lbTx="0.36528218" tId="0" fbRx="0.375282096" lbRx="0.37528218" />
<p fId="0" fbTx="0.36528218" lbTx="0.365283055" tId="1" fbRx="0.36528218" lbRx="0.365283055" />
<p fId="1" fbTx="0.365283055" lbTx="0.36528393" tId="4" fbRx="0.365283055" lbRx="0.36528393" />
<p fId="3" fbTx="0.365382096" lbTx="0.36538218" tId="0" fbRx="0.375382096" lbRx="0.37538218" />
<p fId="0" fbTx="0.36538218" lbTx="0.365383055" tId="1" fbRx="0.36538218" lbRx="0.365383055" />
<p fId="1" fbTx="0.365383055" lbTx="0.36538393" tId="4" fbRx="0.365383055" lbRx="0.36538393" />
<p fId="3" fbTx="0.365482096" lbTx="0.36548218" tId="0" fbRx="0.375482096" lbRx="0.37548218" />
<p fId="0" fbTx="0.36548218" lbTx="0.365483055" tId="1" fbRx="0.36548218" lbRx="0.365483055" />
<p fId="1" fbTx="0.365483055" lbTx="0.36548393" tId="4" fbRx="0.365483055" lbRx="0.36548393" />
<p fId="3" fbTx="0.365582096" lbTx="0.36558218" tId="0" fbRx="0.375582096" lbRx="0.37558218" />
<p fId="0" fbTx="0.36558218" lbTx="0.365583055" tId="1" fbRx="0.36558218" lbRx="0.365583055" />
<p fId="1" fbTx="0.365583055" lbTx="0.36558393" tId="4" fbRx="0.365583055" lbRx="0.36558393" />
<p fId="3" fbTx="0.365682096" lbTx="0.36568218" tId="0" fbRx="0.375682096" lbRx="0.37568218" />
<p fId="0" fbTx="0.36568218" lbTx="0.365683055" tId="1" fbRx="0.36568218" lbRx="0.365683055" />
<p fId="1" fbTx="0.365683055" lbTx="0.36568393" tId="4" fbRx="0.365683055" lbRx="0.36568393" />
<p fId="3" fbTx="0.365782096" lbTx="0.36578218" tId="0" fbRx="0.375782096" lbRx="0.37578218" />
<p fId="0" fbTx="0.36578218" lbTx="0.365783055" tId="1" fbRx="0.36578218" lbRx="0.365783055" />
<p fId="1" fbTx="0.365783055" lbTx="0.36578393" tId="4" fbRx="0.365783055" lbRx="0.36578393" />
<p fId="3" fbTx="0.365882096" lbTx="0.36588218" tId="0" fbRx="0.375882096" lbRx="0.37588218" />
<p fId="0" fbTx="0.36588218" lbTx="0.365883055" tId="1" fbRx="0.36588218" lbRx="0.365883055" />
<p fId="1" fbTx="0.365883055" lbTx="0.36588393" tId="4" fbRx="0.365883055" lbRx="0.36588393" />
<p fId="3" fbTx="0.365982096" lbTx="0.36598218" tId="0" fbRx="0.375982096" lbRx="0.37598218" />
<p fId="0" fbTx="0.36598218" lbTx="0.365983055" tId="1" fbRx="0.36598218" lbRx="0.365983055" />
<p fId="1" fbTx="0.365983055" lbTx="0.36598393" tId="4" fbRx="0.365983055" lbRx="0.36598393" />
<p fId="3" fbTx="0.366082096" lbTx="0.36608218" tId="0" fbRx="0.376082096" lbRx="0.37608218" />
<p fId="0" fbTx="0.36608218" lbTx="0.366083055" tId="1" fbRx="0.36608218" lbRx="0.366083055" />
<p fId="1" fbTx="0.366083055" lbTx="0.36608393" tId="4" fbRx="0.366083055" lbRx="0.36608393" />
<p fId="3" fbTx="0.366182096" lbTx="0.36618218" tId="0" fbRx="0.376182096" lbRx="0.37618218" />
<p fId="0" fbTx="0.36618218" lbTx="0.366183055" tId="1" fbRx="0.36618218" lbRx="0.366183055" />
<p fId="1" fbTx="0.366183055" lbTx="0.36618393" tId="4" fbRx="0.366183055" lbRx="0.36618393" />
<pr uId="344" fId="4" fbTx="0.366214286" />
<wpr uId="344" tId="5" fbRx="0.366214286" lbRx="0" />
<wpr uId="344" tId="6" fbRx="0.366214286" lbRx="0" />
<p fId="3" fbTx="0.366282096" lbTx="0.36628218" tId="0" fbRx="0.376282096" lbRx="0.37628218" />
<p fId="0" fbTx="0.36628218" lbTx="0.366283055" tId="1" fbRx="0.36628218" lbRx="0.366283055" />
<p fId="1" fbTx="0.366283055" lbTx="0.36628393" tId="4" fbRx="0.366283055" lbRx="0.36628393" />
<p fId="3" fbTx="0.366382096" lbTx="0.36638218" tId="0" fbRx="0.376382096" lbRx="0.37638218" />
<p fId="0" fbTx="0.36638218" lbTx="0.366383055" tId="1" fbRx="0.36638218" lbRx="0.366383055" />
<p fId="1" fbTx="0.366383055" lbTx="0.36638393" tId="4" fbRx="0.366383055" lbRx="0.36638393" />
<p fId="3" fbTx="0.366482096" lbTx="0.36648218" tId="0" fbRx="0.376482096" lbRx="0.37648218" />
<p fId="0" fbTx="0.36648218" lbTx="0.366483055" tId="1" fbRx="0.36648218" lbRx="0.366483055" />
<p fId="1" fbTx="0.366483055" lbTx="0.36648393" tId="4" fbRx="0.366483055" lbRx="0.36648393" />
<p fId="3" fbTx="0.366582096" lbTx="0.36658218" tId="0" fbRx="0.376582096" lbRx="0.37658218" />
<p fId="0" fbTx="0.36658218" lbTx="0.366583055" tId="1" fbRx="0.36658218" lbRx="0.366583055" />
<p fId="1" fbTx="0.366583055" lbTx="0.36658393" tId="4" fbRx="0.366583055" lbRx="0.36658393" />
<p fId="3" fbTx="0.366682096" lbTx="0.36668218" tId="0" fbRx="0.376682096" lbRx="0.37668218" />
<p fId="0" fbTx="0.36668218" lbTx="0.366683055" tId="1" fbRx="0.36668218" lbRx="0.366683055" />
<p fId="1" fbTx="0.366683055" lbTx="0.36668393" tId="4" fbRx="0.366683055" lbRx="0.36668393" />
<p fId="3" fbTx="0.366782096" lbTx="0.36678218" tId="0" fbRx="0.376782096" lbRx="0.37678218" />
<p fId="0" fbTx="0.36678218" lbTx="0.366783055" tId="1" fbRx="0.36678218" lbRx="0.366783055" />
<p fId="1" fbTx="0.366783055" lbTx="0.36678393" tId="4" fbRx="0.366783055" lbRx="0.36678393" />
<p fId="3" fbTx="0.366882096" lbTx="0.36688218" tId="0" fbRx="0.376882096" lbRx="0.37688218" />
<p fId="0" fbTx="0.36688218" lbTx="0.366883055" tId="1" fbRx="0.36688218" lbRx="0.366883055" />
<p fId="1" fbTx="0.366883055" lbTx="0.36688393" tId="4" fbRx="0.366883055" lbRx="0.36688393" />
<p fId="3" fbTx="0.366982096" lbTx="0.36698218" tId="0" fbRx="0.376982096" lbRx="0.37698218" />
<p fId="0" fbTx="0.36698218" lbTx="0.366983055" tId="1" fbRx="0.36698218" lbRx="0.366983055" />
<p fId="1" fbTx="0.366983055" lbTx="0.36698393" tId="4" fbRx="0.366983055" lbRx="0.36698393" />
<p fId="3" fbTx="0.367082096" lbTx="0.36708218" tId="0" fbRx="0.377082096" lbRx="0.37708218" />
<p fId="0" fbTx="0.36708218" lbTx="0.367083055" tId="1" fbRx="0.36708218" lbRx="0.367083055" />
<p fId="1" fbTx="0.367083055" lbTx="0.36708393" tId="4" fbRx="0.367083055" lbRx="0.36708393" />
<p fId="3" fbTx="0.367182096" lbTx="0.36718218" tId="0" fbRx="0.377182096" lbRx="0.37718218" />
<p fId="0" fbTx="0.36718218" lbTx="0.367183055" tId="1" fbRx="0.36718218" lbRx="0.367183055" />
<p fId="1" fbTx="0.367183055" lbTx="0.36718393" tId="4" fbRx="0.367183055" lbRx="0.36718393" />
<pr uId="345" fId="4" fbTx="0.367214286" />
<wpr uId="345" tId="5" fbRx="0.367214286" lbRx="0" />
<wpr uId="345" tId="6" fbRx="0.367214286" lbRx="0" />
<p fId="3" fbTx="0.367282096" lbTx="0.36728218" tId="0" fbRx="0.377282096" lbRx="0.37728218" />
<p fId="0" fbTx="0.36728218" lbTx="0.367283055" tId="1" fbRx="0.36728218" lbRx="0.367283055" />
<p fId="1" fbTx="0.367283055" lbTx="0.36728393" tId="4" fbRx="0.367283055" lbRx="0.36728393" />
<p fId="3" fbTx="0.367382096" lbTx="0.36738218" tId="0" fbRx="0.377382096" lbRx="0.37738218" />
<p fId="0" fbTx="0.36738218" lbTx="0.367383055" tId="1" fbRx="0.36738218" lbRx="0.367383055" />
<p fId="1" fbTx="0.367383055" lbTx="0.36738393" tId="4" fbRx="0.367383055" lbRx="0.36738393" />
<p fId="3" fbTx="0.367482096" lbTx="0.36748218" tId="0" fbRx="0.377482096" lbRx="0.37748218" />
<p fId="0" fbTx="0.36748218" lbTx="0.367483055" tId="1" fbRx="0.36748218" lbRx="0.367483055" />
<p fId="1" fbTx="0.367483055" lbTx="0.36748393" tId="4" fbRx="0.367483055" lbRx="0.36748393" />
<p fId="3" fbTx="0.367582096" lbTx="0.36758218" tId="0" fbRx="0.377582096" lbRx="0.37758218" />
<p fId="0" fbTx="0.36758218" lbTx="0.367583055" tId="1" fbRx="0.36758218" lbRx="0.367583055" />
<p fId="1" fbTx="0.367583055" lbTx="0.36758393" tId="4" fbRx="0.367583055" lbRx="0.36758393" />
<p fId="3" fbTx="0.367682096" lbTx="0.36768218" tId="0" fbRx="0.377682096" lbRx="0.37768218" />
<p fId="0" fbTx="0.36768218" lbTx="0.367683055" tId="1" fbRx="0.36768218" lbRx="0.367683055" />
<p fId="1" fbTx="0.367683055" lbTx="0.36768393" tId="4" fbRx="0.367683055" lbRx="0.36768393" />
<p fId="3" fbTx="0.367782096" lbTx="0.36778218" tId="0" fbRx="0.377782096" lbRx="0.37778218" />
<p fId="0" fbTx="0.36778218" lbTx="0.367783055" tId="1" fbRx="0.36778218" lbRx="0.367783055" />
<p fId="1" fbTx="0.367783055" lbTx="0.36778393" tId="4" fbRx="0.367783055" lbRx="0.36778393" />
<p fId="3" fbTx="0.367882096" lbTx="0.36788218" tId="0" fbRx="0.377882096" lbRx="0.37788218" />
<p fId="0" fbTx="0.36788218" lbTx="0.367883055" tId="1" fbRx="0.36788218" lbRx="0.367883055" />
<p fId="1" fbTx="0.367883055" lbTx="0.36788393" tId="4" fbRx="0.367883055" lbRx="0.36788393" />
<p fId="3" fbTx="0.367982096" lbTx="0.36798218" tId="0" fbRx="0.377982096" lbRx="0.37798218" />
<p fId="0" fbTx="0.36798218" lbTx="0.367983055" tId="1" fbRx="0.36798218" lbRx="0.367983055" />
<p fId="1" fbTx="0.367983055" lbTx="0.36798393" tId="4" fbRx="0.367983055" lbRx="0.36798393" />
<p fId="3" fbTx="0.368082096" lbTx="0.36808218" tId="0" fbRx="0.378082096" lbRx="0.37808218" />
<p fId="0" fbTx="0.36808218" lbTx="0.368083055" tId="1" fbRx="0.36808218" lbRx="0.368083055" />
<p fId="1" fbTx="0.368083055" lbTx="0.36808393" tId="4" fbRx="0.368083055" lbRx="0.36808393" />
<p fId="3" fbTx="0.368182096" lbTx="0.36818218" tId="0" fbRx="0.378182096" lbRx="0.37818218" />
<p fId="0" fbTx="0.36818218" lbTx="0.368183055" tId="1" fbRx="0.36818218" lbRx="0.368183055" />
<p fId="1" fbTx="0.368183055" lbTx="0.36818393" tId="4" fbRx="0.368183055" lbRx="0.36818393" />
<pr uId="346" fId="4" fbTx="0.368214286" />
<wpr uId="346" tId="5" fbRx="0.368214286" lbRx="0" />
<wpr uId="346" tId="6" fbRx="0.368214286" lbRx="0" />
<p fId="3" fbTx="0.368282096" lbTx="0.36828218" tId="0" fbRx="0.378282096" lbRx="0.37828218" />
<p fId="0" fbTx="0.36828218" lbTx="0.368283055" tId="1" fbRx="0.36828218" lbRx="0.368283055" />
<p fId="1" fbTx="0.368283055" lbTx="0.36828393" tId="4" fbRx="0.368283055" lbRx="0.36828393" />
<p fId="3" fbTx="0.368382096" lbTx="0.36838218" tId="0" fbRx="0.378382096" lbRx="0.37838218" />
<p fId="0" fbTx="0.36838218" lbTx="0.368383055" tId="1" fbRx="0.36838218" lbRx="0.368383055" />
<p fId="1" fbTx="0.368383055" lbTx="0.36838393" tId="4" fbRx="0.368383055" lbRx="0.36838393" />
<p fId="3" fbTx="0.368482096" lbTx="0.36848218" tId="0" fbRx="0.378482096" lbRx="0.37848218" />
<p fId="0" fbTx="0.36848218" lbTx="0.368483055" tId="1" fbRx="0.36848218" lbRx="0.368483055" />
<p fId="1" fbTx="0.368483055" lbTx="0.36848393" tId="4" fbRx="0.368483055" lbRx="0.36848393" />
<p fId="3" fbTx="0.368582096" lbTx="0.36858218" tId="0" fbRx="0.378582096" lbRx="0.37858218" />
<p fId="0" fbTx="0.36858218" lbTx="0.368583055" tId="1" fbRx="0.36858218" lbRx="0.368583055" />
<p fId="1" fbTx="0.368583055" lbTx="0.36858393" tId="4" fbRx="0.368583055" lbRx="0.36858393" />
<p fId="3" fbTx="0.368682096" lbTx="0.36868218" tId="0" fbRx="0.378682096" lbRx="0.37868218" />
<p fId="0" fbTx="0.36868218" lbTx="0.368683055" tId="1" fbRx="0.36868218" lbRx="0.368683055" />
<p fId="1" fbTx="0.368683055" lbTx="0.36868393" tId="4" fbRx="0.368683055" lbRx="0.36868393" />
<p fId="3" fbTx="0.368782096" lbTx="0.36878218" tId="0" fbRx="0.378782096" lbRx="0.37878218" />
<p fId="0" fbTx="0.36878218" lbTx="0.368783055" tId="1" fbRx="0.36878218" lbRx="0.368783055" />
<p fId="1" fbTx="0.368783055" lbTx="0.36878393" tId="4" fbRx="0.368783055" lbRx="0.36878393" />
<p fId="3" fbTx="0.368882096" lbTx="0.36888218" tId="0" fbRx="0.378882096" lbRx="0.37888218" />
<p fId="0" fbTx="0.36888218" lbTx="0.368883055" tId="1" fbRx="0.36888218" lbRx="0.368883055" />
<p fId="1" fbTx="0.368883055" lbTx="0.36888393" tId="4" fbRx="0.368883055" lbRx="0.36888393" />
<p fId="3" fbTx="0.368982096" lbTx="0.36898218" tId="0" fbRx="0.378982096" lbRx="0.37898218" />
<p fId="0" fbTx="0.36898218" lbTx="0.368983055" tId="1" fbRx="0.36898218" lbRx="0.368983055" />
<p fId="1" fbTx="0.368983055" lbTx="0.36898393" tId="4" fbRx="0.368983055" lbRx="0.36898393" />
<p fId="3" fbTx="0.369082096" lbTx="0.36908218" tId="0" fbRx="0.379082096" lbRx="0.37908218" />
<p fId="0" fbTx="0.36908218" lbTx="0.369083055" tId="1" fbRx="0.36908218" lbRx="0.369083055" />
<p fId="1" fbTx="0.369083055" lbTx="0.36908393" tId="4" fbRx="0.369083055" lbRx="0.36908393" />
<p fId="3" fbTx="0.369182096" lbTx="0.36918218" tId="0" fbRx="0.379182096" lbRx="0.37918218" />
<p fId="0" fbTx="0.36918218" lbTx="0.369183055" tId="1" fbRx="0.36918218" lbRx="0.369183055" />
<p fId="1" fbTx="0.369183055" lbTx="0.36918393" tId="4" fbRx="0.369183055" lbRx="0.36918393" />
<pr uId="347" fId="4" fbTx="0.369214286" />
<wpr uId="347" tId="5" fbRx="0.369214286" lbRx="0" />
<wpr uId="347" tId="6" fbRx="0.369214286" lbRx="0" />
<p fId="3" fbTx="0.369282096" lbTx="0.36928218" tId="0" fbRx="0.379282096" lbRx="0.37928218" />
<p fId="0" fbTx="0.36928218" lbTx="0.369283055" tId="1" fbRx="0.36928218" lbRx="0.369283055" />
<p fId="1" fbTx="0.369283055" lbTx="0.36928393" tId="4" fbRx="0.369283055" lbRx="0.36928393" />
<p fId="3" fbTx="0.369382096" lbTx="0.36938218" tId="0" fbRx="0.379382096" lbRx="0.37938218" />
<p fId="0" fbTx="0.36938218" lbTx="0.369383055" tId="1" fbRx="0.36938218" lbRx="0.369383055" />
<p fId="1" fbTx="0.369383055" lbTx="0.36938393" tId="4" fbRx="0.369383055" lbRx="0.36938393" />
<p fId="3" fbTx="0.369482096" lbTx="0.36948218" tId="0" fbRx="0.379482096" lbRx="0.37948218" />
<p fId="0" fbTx="0.36948218" lbTx="0.369483055" tId="1" fbRx="0.36948218" lbRx="0.369483055" />
<p fId="1" fbTx="0.369483055" lbTx="0.36948393" tId="4" fbRx="0.369483055" lbRx="0.36948393" />
<p fId="3" fbTx="0.369582096" lbTx="0.36958218" tId="0" fbRx="0.379582096" lbRx="0.37958218" />
<p fId="0" fbTx="0.36958218" lbTx="0.369583055" tId="1" fbRx="0.36958218" lbRx="0.369583055" />
<p fId="1" fbTx="0.369583055" lbTx="0.36958393" tId="4" fbRx="0.369583055" lbRx="0.36958393" />
<p fId="3" fbTx="0.369682096" lbTx="0.36968218" tId="0" fbRx="0.379682096" lbRx="0.37968218" />
<p fId="0" fbTx="0.36968218" lbTx="0.369683055" tId="1" fbRx="0.36968218" lbRx="0.369683055" />
<p fId="1" fbTx="0.369683055" lbTx="0.36968393" tId="4" fbRx="0.369683055" lbRx="0.36968393" />
<p fId="3" fbTx="0.369782096" lbTx="0.36978218" tId="0" fbRx="0.379782096" lbRx="0.37978218" />
<p fId="0" fbTx="0.36978218" lbTx="0.369783055" tId="1" fbRx="0.36978218" lbRx="0.369783055" />
<p fId="1" fbTx="0.369783055" lbTx="0.36978393" tId="4" fbRx="0.369783055" lbRx="0.36978393" />
<p fId="3" fbTx="0.369882096" lbTx="0.36988218" tId="0" fbRx="0.379882096" lbRx="0.37988218" />
<p fId="0" fbTx="0.36988218" lbTx="0.369883055" tId="1" fbRx="0.36988218" lbRx="0.369883055" />
<p fId="1" fbTx="0.369883055" lbTx="0.36988393" tId="4" fbRx="0.369883055" lbRx="0.36988393" />
<p fId="3" fbTx="0.369982096" lbTx="0.36998218" tId="0" fbRx="0.379982096" lbRx="0.37998218" />
<p fId="0" fbTx="0.36998218" lbTx="0.369983055" tId="1" fbRx="0.36998218" lbRx="0.369983055" />
<p fId="1" fbTx="0.369983055" lbTx="0.36998393" tId="4" fbRx="0.369983055" lbRx="0.36998393" />
<p fId="3" fbTx="0.370082096" lbTx="0.37008218" tId="0" fbRx="0.380082096" lbRx="0.38008218" />
<p fId="0" fbTx="0.37008218" lbTx="0.370083055" tId="1" fbRx="0.37008218" lbRx="0.370083055" />
<p fId="1" fbTx="0.370083055" lbTx="0.37008393" tId="4" fbRx="0.370083055" lbRx="0.37008393" />
<p fId="3" fbTx="0.370182096" lbTx="0.37018218" tId="0" fbRx="0.380182096" lbRx="0.38018218" />
<p fId="0" fbTx="0.37018218" lbTx="0.370183055" tId="1" fbRx="0.37018218" lbRx="0.370183055" />
<p fId="1" fbTx="0.370183055" lbTx="0.37018393" tId="4" fbRx="0.370183055" lbRx="0.37018393" />
<pr uId="348" fId="4" fbTx="0.370214286" />
<wpr uId="348" tId="5" fbRx="0.370214286" lbRx="0" />
<wpr uId="348" tId="6" fbRx="0.370214286" lbRx="0" />
<p fId="3" fbTx="0.370282096" lbTx="0.37028218" tId="0" fbRx="0.380282096" lbRx="0.38028218" />
<p fId="0" fbTx="0.37028218" lbTx="0.370283055" tId="1" fbRx="0.37028218" lbRx="0.370283055" />
<p fId="1" fbTx="0.370283055" lbTx="0.37028393" tId="4" fbRx="0.370283055" lbRx="0.37028393" />
<p fId="3" fbTx="0.370382096" lbTx="0.37038218" tId="0" fbRx="0.380382096" lbRx="0.38038218" />
<p fId="0" fbTx="0.37038218" lbTx="0.370383055" tId="1" fbRx="0.37038218" lbRx="0.370383055" />
<p fId="1" fbTx="0.370383055" lbTx="0.37038393" tId="4" fbRx="0.370383055" lbRx="0.37038393" />
<p fId="3" fbTx="0.370482096" lbTx="0.37048218" tId="0" fbRx="0.380482096" lbRx="0.38048218" />
<p fId="0" fbTx="0.37048218" lbTx="0.370483055" tId="1" fbRx="0.37048218" lbRx="0.370483055" />
<p fId="1" fbTx="0.370483055" lbTx="0.37048393" tId="4" fbRx="0.370483055" lbRx="0.37048393" />
<p fId="3" fbTx="0.370582096" lbTx="0.37058218" tId="0" fbRx="0.380582096" lbRx="0.38058218" />
<p fId="0" fbTx="0.37058218" lbTx="0.370583055" tId="1" fbRx="0.37058218" lbRx="0.370583055" />
<p fId="1" fbTx="0.370583055" lbTx="0.37058393" tId="4" fbRx="0.370583055" lbRx="0.37058393" />
<p fId="3" fbTx="0.370682096" lbTx="0.37068218" tId="0" fbRx="0.380682096" lbRx="0.38068218" />
<p fId="0" fbTx="0.37068218" lbTx="0.370683055" tId="1" fbRx="0.37068218" lbRx="0.370683055" />
<p fId="1" fbTx="0.370683055" lbTx="0.37068393" tId="4" fbRx="0.370683055" lbRx="0.37068393" />
<p fId="3" fbTx="0.370782096" lbTx="0.37078218" tId="0" fbRx="0.380782096" lbRx="0.38078218" />
<p fId="0" fbTx="0.37078218" lbTx="0.370783055" tId="1" fbRx="0.37078218" lbRx="0.370783055" />
<p fId="1" fbTx="0.370783055" lbTx="0.37078393" tId="4" fbRx="0.370783055" lbRx="0.37078393" />
<p fId="3" fbTx="0.370882096" lbTx="0.37088218" tId="0" fbRx="0.380882096" lbRx="0.38088218" />
<p fId="0" fbTx="0.37088218" lbTx="0.370883055" tId="1" fbRx="0.37088218" lbRx="0.370883055" />
<p fId="1" fbTx="0.370883055" lbTx="0.37088393" tId="4" fbRx="0.370883055" lbRx="0.37088393" />
<p fId="3" fbTx="0.370982096" lbTx="0.37098218" tId="0" fbRx="0.380982096" lbRx="0.38098218" />
<p fId="0" fbTx="0.37098218" lbTx="0.370983055" tId="1" fbRx="0.37098218" lbRx="0.370983055" />
<p fId="1" fbTx="0.370983055" lbTx="0.37098393" tId="4" fbRx="0.370983055" lbRx="0.37098393" />
<p fId="3" fbTx="0.371082096" lbTx="0.37108218" tId="0" fbRx="0.381082096" lbRx="0.38108218" />
<p fId="0" fbTx="0.37108218" lbTx="0.371083055" tId="1" fbRx="0.37108218" lbRx="0.371083055" />
<p fId="1" fbTx="0.371083055" lbTx="0.37108393" tId="4" fbRx="0.371083055" lbRx="0.37108393" />
<p fId="3" fbTx="0.371182096" lbTx="0.37118218" tId="0" fbRx="0.381182096" lbRx="0.38118218" />
<p fId="0" fbTx="0.37118218" lbTx="0.371183055" tId="1" fbRx="0.37118218" lbRx="0.371183055" />
<p fId="1" fbTx="0.371183055" lbTx="0.37118393" tId="4" fbRx="0.371183055" lbRx="0.37118393" />
<pr uId="349" fId="4" fbTx="0.371214286" />
<wpr uId="349" tId="5" fbRx="0.371214286" lbRx="0" />
<wpr uId="349" tId="6" fbRx="0.371214286" lbRx="0" />
<p fId="3" fbTx="0.371282096" lbTx="0.37128218" tId="0" fbRx="0.381282096" lbRx="0.38128218" />
<p fId="0" fbTx="0.37128218" lbTx="0.371283055" tId="1" fbRx="0.37128218" lbRx="0.371283055" />
<p fId="1" fbTx="0.371283055" lbTx="0.37128393" tId="4" fbRx="0.371283055" lbRx="0.37128393" />
<p fId="3" fbTx="0.371382096" lbTx="0.37138218" tId="0" fbRx="0.381382096" lbRx="0.38138218" />
<p fId="0" fbTx="0.37138218" lbTx="0.371383055" tId="1" fbRx="0.37138218" lbRx="0.371383055" />
<p fId="1" fbTx="0.371383055" lbTx="0.37138393" tId="4" fbRx="0.371383055" lbRx="0.37138393" />
<p fId="3" fbTx="0.371482096" lbTx="0.37148218" tId="0" fbRx="0.381482096" lbRx="0.38148218" />
<p fId="0" fbTx="0.37148218" lbTx="0.371483055" tId="1" fbRx="0.37148218" lbRx="0.371483055" />
<p fId="1" fbTx="0.371483055" lbTx="0.37148393" tId="4" fbRx="0.371483055" lbRx="0.37148393" />
<p fId="3" fbTx="0.371582096" lbTx="0.37158218" tId="0" fbRx="0.381582096" lbRx="0.38158218" />
<p fId="0" fbTx="0.37158218" lbTx="0.371583055" tId="1" fbRx="0.37158218" lbRx="0.371583055" />
<p fId="1" fbTx="0.371583055" lbTx="0.37158393" tId="4" fbRx="0.371583055" lbRx="0.37158393" />
<p fId="3" fbTx="0.371682096" lbTx="0.37168218" tId="0" fbRx="0.381682096" lbRx="0.38168218" />
<p fId="0" fbTx="0.37168218" lbTx="0.371683055" tId="1" fbRx="0.37168218" lbRx="0.371683055" />
<p fId="1" fbTx="0.371683055" lbTx="0.37168393" tId="4" fbRx="0.371683055" lbRx="0.37168393" />
<p fId="3" fbTx="0.371782096" lbTx="0.37178218" tId="0" fbRx="0.381782096" lbRx="0.38178218" />
<p fId="0" fbTx="0.37178218" lbTx="0.371783055" tId="1" fbRx="0.37178218" lbRx="0.371783055" />
<p fId="1" fbTx="0.371783055" lbTx="0.37178393" tId="4" fbRx="0.371783055" lbRx="0.37178393" />
<p fId="3" fbTx="0.371882096" lbTx="0.37188218" tId="0" fbRx="0.381882096" lbRx="0.38188218" />
<p fId="0" fbTx="0.37188218" lbTx="0.371883055" tId="1" fbRx="0.37188218" lbRx="0.371883055" />
<p fId="1" fbTx="0.371883055" lbTx="0.37188393" tId="4" fbRx="0.371883055" lbRx="0.37188393" />
<p fId="3" fbTx="0.371982096" lbTx="0.37198218" tId="0" fbRx="0.381982096" lbRx="0.38198218" />
<p fId="0" fbTx="0.37198218" lbTx="0.371983055" tId="1" fbRx="0.37198218" lbRx="0.371983055" />
<p fId="1" fbTx="0.371983055" lbTx="0.37198393" tId="4" fbRx="0.371983055" lbRx="0.37198393" />
<p fId="3" fbTx="0.372082096" lbTx="0.37208218" tId="0" fbRx="0.382082096" lbRx="0.38208218" />
<p fId="0" fbTx="0.37208218" lbTx="0.372083055" tId="1" fbRx="0.37208218" lbRx="0.372083055" />
<p fId="1" fbTx="0.372083055" lbTx="0.37208393" tId="4" fbRx="0.372083055" lbRx="0.37208393" />
<p fId="3" fbTx="0.372182096" lbTx="0.37218218" tId="0" fbRx="0.382182096" lbRx="0.38218218" />
<p fId="0" fbTx="0.37218218" lbTx="0.372183055" tId="1" fbRx="0.37218218" lbRx="0.372183055" />
<p fId="1" fbTx="0.372183055" lbTx="0.37218393" tId="4" fbRx="0.372183055" lbRx="0.37218393" />
<pr uId="350" fId="4" fbTx="0.372214286" />
<wpr uId="350" tId="5" fbRx="0.372214286" lbRx="0" />
<wpr uId="350" tId="6" fbRx="0.372214286" lbRx="0" />
<p fId="3" fbTx="0.372282096" lbTx="0.37228218" tId="0" fbRx="0.382282096" lbRx="0.38228218" />
<p fId="0" fbTx="0.37228218" lbTx="0.372283055" tId="1" fbRx="0.37228218" lbRx="0.372283055" />
<p fId="1" fbTx="0.372283055" lbTx="0.37228393" tId="4" fbRx="0.372283055" lbRx="0.37228393" />
<p fId="3" fbTx="0.372382096" lbTx="0.37238218" tId="0" fbRx="0.382382096" lbRx="0.38238218" />
<p fId="0" fbTx="0.37238218" lbTx="0.372383055" tId="1" fbRx="0.37238218" lbRx="0.372383055" />
<p fId="1" fbTx="0.372383055" lbTx="0.37238393" tId="4" fbRx="0.372383055" lbRx="0.37238393" />
<p fId="3" fbTx="0.372482096" lbTx="0.37248218" tId="0" fbRx="0.382482096" lbRx="0.38248218" />
<p fId="0" fbTx="0.37248218" lbTx="0.372483055" tId="1" fbRx="0.37248218" lbRx="0.372483055" />
<p fId="1" fbTx="0.372483055" lbTx="0.37248393" tId="4" fbRx="0.372483055" lbRx="0.37248393" />
<p fId="3" fbTx="0.372582096" lbTx="0.37258218" tId="0" fbRx="0.382582096" lbRx="0.38258218" />
<p fId="0" fbTx="0.37258218" lbTx="0.372583055" tId="1" fbRx="0.37258218" lbRx="0.372583055" />
<p fId="1" fbTx="0.372583055" lbTx="0.37258393" tId="4" fbRx="0.372583055" lbRx="0.37258393" />
<p fId="3" fbTx="0.372682096" lbTx="0.37268218" tId="0" fbRx="0.382682096" lbRx="0.38268218" />
<p fId="0" fbTx="0.37268218" lbTx="0.372683055" tId="1" fbRx="0.37268218" lbRx="0.372683055" />
<p fId="1" fbTx="0.372683055" lbTx="0.37268393" tId="4" fbRx="0.372683055" lbRx="0.37268393" />
<p fId="3" fbTx="0.372782096" lbTx="0.37278218" tId="0" fbRx="0.382782096" lbRx="0.38278218" />
<p fId="0" fbTx="0.37278218" lbTx="0.372783055" tId="1" fbRx="0.37278218" lbRx="0.372783055" />
<p fId="1" fbTx="0.372783055" lbTx="0.37278393" tId="4" fbRx="0.372783055" lbRx="0.37278393" />
<p fId="3" fbTx="0.372882096" lbTx="0.37288218" tId="0" fbRx="0.382882096" lbRx="0.38288218" />
<p fId="0" fbTx="0.37288218" lbTx="0.372883055" tId="1" fbRx="0.37288218" lbRx="0.372883055" />
<p fId="1" fbTx="0.372883055" lbTx="0.37288393" tId="4" fbRx="0.372883055" lbRx="0.37288393" />
<p fId="3" fbTx="0.372982096" lbTx="0.37298218" tId="0" fbRx="0.382982096" lbRx="0.38298218" />
<p fId="0" fbTx="0.37298218" lbTx="0.372983055" tId="1" fbRx="0.37298218" lbRx="0.372983055" />
<p fId="1" fbTx="0.372983055" lbTx="0.37298393" tId="4" fbRx="0.372983055" lbRx="0.37298393" />
<p fId="3" fbTx="0.373082096" lbTx="0.37308218" tId="0" fbRx="0.383082096" lbRx="0.38308218" />
<p fId="0" fbTx="0.37308218" lbTx="0.373083055" tId="1" fbRx="0.37308218" lbRx="0.373083055" />
<p fId="1" fbTx="0.373083055" lbTx="0.37308393" tId="4" fbRx="0.373083055" lbRx="0.37308393" />
<p fId="3" fbTx="0.373182096" lbTx="0.37318218" tId="0" fbRx="0.383182096" lbRx="0.38318218" />
<p fId="0" fbTx="0.37318218" lbTx="0.373183055" tId="1" fbRx="0.37318218" lbRx="0.373183055" />
<p fId="1" fbTx="0.373183055" lbTx="0.37318393" tId="4" fbRx="0.373183055" lbRx="0.37318393" />
<pr uId="351" fId="4" fbTx="0.373214286" />
<wpr uId="351" tId="5" fbRx="0.373214286" lbRx="0" />
<wpr uId="351" tId="6" fbRx="0.373214286" lbRx="0" />
<p fId="3" fbTx="0.373282096" lbTx="0.37328218" tId="0" fbRx="0.383282096" lbRx="0.38328218" />
<p fId="0" fbTx="0.37328218" lbTx="0.373283055" tId="1" fbRx="0.37328218" lbRx="0.373283055" />
<p fId="1" fbTx="0.373283055" lbTx="0.37328393" tId="4" fbRx="0.373283055" lbRx="0.37328393" />
<p fId="3" fbTx="0.373382096" lbTx="0.37338218" tId="0" fbRx="0.383382096" lbRx="0.38338218" />
<p fId="0" fbTx="0.37338218" lbTx="0.373383055" tId="1" fbRx="0.37338218" lbRx="0.373383055" />
<p fId="1" fbTx="0.373383055" lbTx="0.37338393" tId="4" fbRx="0.373383055" lbRx="0.37338393" />
<p fId="3" fbTx="0.373482096" lbTx="0.37348218" tId="0" fbRx="0.383482096" lbRx="0.38348218" />
<p fId="0" fbTx="0.37348218" lbTx="0.373483055" tId="1" fbRx="0.37348218" lbRx="0.373483055" />
<p fId="1" fbTx="0.373483055" lbTx="0.37348393" tId="4" fbRx="0.373483055" lbRx="0.37348393" />
<p fId="3" fbTx="0.373582096" lbTx="0.37358218" tId="0" fbRx="0.383582096" lbRx="0.38358218" />
<p fId="0" fbTx="0.37358218" lbTx="0.373583055" tId="1" fbRx="0.37358218" lbRx="0.373583055" />
<p fId="1" fbTx="0.373583055" lbTx="0.37358393" tId="4" fbRx="0.373583055" lbRx="0.37358393" />
<p fId="3" fbTx="0.373682096" lbTx="0.37368218" tId="0" fbRx="0.383682096" lbRx="0.38368218" />
<p fId="0" fbTx="0.37368218" lbTx="0.373683055" tId="1" fbRx="0.37368218" lbRx="0.373683055" />
<p fId="1" fbTx="0.373683055" lbTx="0.37368393" tId="4" fbRx="0.373683055" lbRx="0.37368393" />
<p fId="3" fbTx="0.373782096" lbTx="0.37378218" tId="0" fbRx="0.383782096" lbRx="0.38378218" />
<p fId="0" fbTx="0.37378218" lbTx="0.373783055" tId="1" fbRx="0.37378218" lbRx="0.373783055" />
<p fId="1" fbTx="0.373783055" lbTx="0.37378393" tId="4" fbRx="0.373783055" lbRx="0.37378393" />
<p fId="3" fbTx="0.373882096" lbTx="0.37388218" tId="0" fbRx="0.383882096" lbRx="0.38388218" />
<p fId="0" fbTx="0.37388218" lbTx="0.373883055" tId="1" fbRx="0.37388218" lbRx="0.373883055" />
<p fId="1" fbTx="0.373883055" lbTx="0.37388393" tId="4" fbRx="0.373883055" lbRx="0.37388393" />
<p fId="3" fbTx="0.373982096" lbTx="0.37398218" tId="0" fbRx="0.383982096" lbRx="0.38398218" />
<p fId="0" fbTx="0.37398218" lbTx="0.373983055" tId="1" fbRx="0.37398218" lbRx="0.373983055" />
<p fId="1" fbTx="0.373983055" lbTx="0.37398393" tId="4" fbRx="0.373983055" lbRx="0.37398393" />
<p fId="3" fbTx="0.374082096" lbTx="0.37408218" tId="0" fbRx="0.384082096" lbRx="0.38408218" />
<p fId="0" fbTx="0.37408218" lbTx="0.374083055" tId="1" fbRx="0.37408218" lbRx="0.374083055" />
<p fId="1" fbTx="0.374083055" lbTx="0.37408393" tId="4" fbRx="0.374083055" lbRx="0.37408393" />
<p fId="3" fbTx="0.374182096" lbTx="0.37418218" tId="0" fbRx="0.384182096" lbRx="0.38418218" />
<p fId="0" fbTx="0.37418218" lbTx="0.374183055" tId="1" fbRx="0.37418218" lbRx="0.374183055" />
<p fId="1" fbTx="0.374183055" lbTx="0.37418393" tId="4" fbRx="0.374183055" lbRx="0.37418393" />
<pr uId="352" fId="4" fbTx="0.374214286" />
<wpr uId="352" tId="5" fbRx="0.374214286" lbRx="0" />
<wpr uId="352" tId="6" fbRx="0.374214286" lbRx="0" />
<p fId="3" fbTx="0.374282096" lbTx="0.37428218" tId="0" fbRx="0.384282096" lbRx="0.38428218" />
<p fId="0" fbTx="0.37428218" lbTx="0.374283055" tId="1" fbRx="0.37428218" lbRx="0.374283055" />
<p fId="1" fbTx="0.374283055" lbTx="0.37428393" tId="4" fbRx="0.374283055" lbRx="0.37428393" />
<p fId="3" fbTx="0.374382096" lbTx="0.37438218" tId="0" fbRx="0.384382096" lbRx="0.38438218" />
<p fId="0" fbTx="0.37438218" lbTx="0.374383055" tId="1" fbRx="0.37438218" lbRx="0.374383055" />
<p fId="1" fbTx="0.374383055" lbTx="0.37438393" tId="4" fbRx="0.374383055" lbRx="0.37438393" />
<p fId="3" fbTx="0.374482096" lbTx="0.37448218" tId="0" fbRx="0.384482096" lbRx="0.38448218" />
<p fId="0" fbTx="0.37448218" lbTx="0.374483055" tId="1" fbRx="0.37448218" lbRx="0.374483055" />
<p fId="1" fbTx="0.374483055" lbTx="0.37448393" tId="4" fbRx="0.374483055" lbRx="0.37448393" />
<p fId="3" fbTx="0.374582096" lbTx="0.37458218" tId="0" fbRx="0.384582096" lbRx="0.38458218" />
<p fId="0" fbTx="0.37458218" lbTx="0.374583055" tId="1" fbRx="0.37458218" lbRx="0.374583055" />
<p fId="1" fbTx="0.374583055" lbTx="0.37458393" tId="4" fbRx="0.374583055" lbRx="0.37458393" />
<p fId="3" fbTx="0.374682096" lbTx="0.37468218" tId="0" fbRx="0.384682096" lbRx="0.38468218" />
<p fId="0" fbTx="0.37468218" lbTx="0.374683055" tId="1" fbRx="0.37468218" lbRx="0.374683055" />
<p fId="1" fbTx="0.374683055" lbTx="0.37468393" tId="4" fbRx="0.374683055" lbRx="0.37468393" />
<p fId="3" fbTx="0.374782096" lbTx="0.37478218" tId="0" fbRx="0.384782096" lbRx="0.38478218" />
<p fId="0" fbTx="0.37478218" lbTx="0.374783055" tId="1" fbRx="0.37478218" lbRx="0.374783055" />
<p fId="1" fbTx="0.374783055" lbTx="0.37478393" tId="4" fbRx="0.374783055" lbRx="0.37478393" />
<p fId="3" fbTx="0.374882096" lbTx="0.37488218" tId="0" fbRx="0.384882096" lbRx="0.38488218" />
<p fId="0" fbTx="0.37488218" lbTx="0.374883055" tId="1" fbRx="0.37488218" lbRx="0.374883055" />
<p fId="1" fbTx="0.374883055" lbTx="0.37488393" tId="4" fbRx="0.374883055" lbRx="0.37488393" />
<p fId="3" fbTx="0.374982096" lbTx="0.37498218" tId="0" fbRx="0.384982096" lbRx="0.38498218" />
<p fId="0" fbTx="0.37498218" lbTx="0.374983055" tId="1" fbRx="0.37498218" lbRx="0.374983055" />
<p fId="1" fbTx="0.374983055" lbTx="0.37498393" tId="4" fbRx="0.374983055" lbRx="0.37498393" />
<p fId="3" fbTx="0.375082096" lbTx="0.37508218" tId="0" fbRx="0.385082096" lbRx="0.38508218" />
<p fId="0" fbTx="0.37508218" lbTx="0.375083055" tId="1" fbRx="0.37508218" lbRx="0.375083055" />
<p fId="1" fbTx="0.375083055" lbTx="0.37508393" tId="4" fbRx="0.375083055" lbRx="0.37508393" />
<p fId="3" fbTx="0.375182096" lbTx="0.37518218" tId="0" fbRx="0.385182096" lbRx="0.38518218" />
<p fId="0" fbTx="0.37518218" lbTx="0.375183055" tId="1" fbRx="0.37518218" lbRx="0.375183055" />
<p fId="1" fbTx="0.375183055" lbTx="0.37518393" tId="4" fbRx="0.375183055" lbRx="0.37518393" />
<pr uId="353" fId="4" fbTx="0.375214286" />
<wpr uId="353" tId="5" fbRx="0.375214286" lbRx="0" />
<wpr uId="353" tId="6" fbRx="0.375214286" lbRx="0" />
<p fId="3" fbTx="0.375282096" lbTx="0.37528218" tId="0" fbRx="0.385282096" lbRx="0.38528218" />
<p fId="0" fbTx="0.37528218" lbTx="0.375283055" tId="1" fbRx="0.37528218" lbRx="0.375283055" />
<p fId="1" fbTx="0.375283055" lbTx="0.37528393" tId="4" fbRx="0.375283055" lbRx="0.37528393" />
<p fId="3" fbTx="0.375382096" lbTx="0.37538218" tId="0" fbRx="0.385382096" lbRx="0.38538218" />
<p fId="0" fbTx="0.37538218" lbTx="0.375383055" tId="1" fbRx="0.37538218" lbRx="0.375383055" />
<p fId="1" fbTx="0.375383055" lbTx="0.37538393" tId="4" fbRx="0.375383055" lbRx="0.37538393" />
<p fId="3" fbTx="0.375482096" lbTx="0.37548218" tId="0" fbRx="0.385482096" lbRx="0.38548218" />
<p fId="0" fbTx="0.37548218" lbTx="0.375483055" tId="1" fbRx="0.37548218" lbRx="0.375483055" />
<p fId="1" fbTx="0.375483055" lbTx="0.37548393" tId="4" fbRx="0.375483055" lbRx="0.37548393" />
<p fId="3" fbTx="0.375582096" lbTx="0.37558218" tId="0" fbRx="0.385582096" lbRx="0.38558218" />
<p fId="0" fbTx="0.37558218" lbTx="0.375583055" tId="1" fbRx="0.37558218" lbRx="0.375583055" />
<p fId="1" fbTx="0.375583055" lbTx="0.37558393" tId="4" fbRx="0.375583055" lbRx="0.37558393" />
<p fId="3" fbTx="0.375682096" lbTx="0.37568218" tId="0" fbRx="0.385682096" lbRx="0.38568218" />
<p fId="0" fbTx="0.37568218" lbTx="0.375683055" tId="1" fbRx="0.37568218" lbRx="0.375683055" />
<p fId="1" fbTx="0.375683055" lbTx="0.37568393" tId="4" fbRx="0.375683055" lbRx="0.37568393" />
<p fId="3" fbTx="0.375782096" lbTx="0.37578218" tId="0" fbRx="0.385782096" lbRx="0.38578218" />
<p fId="0" fbTx="0.37578218" lbTx="0.375783055" tId="1" fbRx="0.37578218" lbRx="0.375783055" />
<p fId="1" fbTx="0.375783055" lbTx="0.37578393" tId="4" fbRx="0.375783055" lbRx="0.37578393" />
<p fId="3" fbTx="0.375882096" lbTx="0.37588218" tId="0" fbRx="0.385882096" lbRx="0.38588218" />
<p fId="0" fbTx="0.37588218" lbTx="0.375883055" tId="1" fbRx="0.37588218" lbRx="0.375883055" />
<p fId="1" fbTx="0.375883055" lbTx="0.37588393" tId="4" fbRx="0.375883055" lbRx="0.37588393" />
<p fId="3" fbTx="0.375982096" lbTx="0.37598218" tId="0" fbRx="0.385982096" lbRx="0.38598218" />
<p fId="0" fbTx="0.37598218" lbTx="0.375983055" tId="1" fbRx="0.37598218" lbRx="0.375983055" />
<p fId="1" fbTx="0.375983055" lbTx="0.37598393" tId="4" fbRx="0.375983055" lbRx="0.37598393" />
<p fId="3" fbTx="0.376082096" lbTx="0.37608218" tId="0" fbRx="0.386082096" lbRx="0.38608218" />
<p fId="0" fbTx="0.37608218" lbTx="0.376083055" tId="1" fbRx="0.37608218" lbRx="0.376083055" />
<p fId="1" fbTx="0.376083055" lbTx="0.37608393" tId="4" fbRx="0.376083055" lbRx="0.37608393" />
<p fId="3" fbTx="0.376182096" lbTx="0.37618218" tId="0" fbRx="0.386182096" lbRx="0.38618218" />
<p fId="0" fbTx="0.37618218" lbTx="0.376183055" tId="1" fbRx="0.37618218" lbRx="0.376183055" />
<p fId="1" fbTx="0.376183055" lbTx="0.37618393" tId="4" fbRx="0.376183055" lbRx="0.37618393" />
<pr uId="354" fId="4" fbTx="0.376214286" />
<wpr uId="354" tId="5" fbRx="0.376214286" lbRx="0" />
<wpr uId="354" tId="6" fbRx="0.376214286" lbRx="0" />
<p fId="3" fbTx="0.376282096" lbTx="0.37628218" tId="0" fbRx="0.386282096" lbRx="0.38628218" />
<p fId="0" fbTx="0.37628218" lbTx="0.376283055" tId="1" fbRx="0.37628218" lbRx="0.376283055" />
<p fId="1" fbTx="0.376283055" lbTx="0.37628393" tId="4" fbRx="0.376283055" lbRx="0.37628393" />
<p fId="3" fbTx="0.376382096" lbTx="0.37638218" tId="0" fbRx="0.386382096" lbRx="0.38638218" />
<p fId="0" fbTx="0.37638218" lbTx="0.376383055" tId="1" fbRx="0.37638218" lbRx="0.376383055" />
<p fId="1" fbTx="0.376383055" lbTx="0.37638393" tId="4" fbRx="0.376383055" lbRx="0.37638393" />
<p fId="3" fbTx="0.376482096" lbTx="0.37648218" tId="0" fbRx="0.386482096" lbRx="0.38648218" />
<p fId="0" fbTx="0.37648218" lbTx="0.376483055" tId="1" fbRx="0.37648218" lbRx="0.376483055" />
<p fId="1" fbTx="0.376483055" lbTx="0.37648393" tId="4" fbRx="0.376483055" lbRx="0.37648393" />
<p fId="3" fbTx="0.376582096" lbTx="0.37658218" tId="0" fbRx="0.386582096" lbRx="0.38658218" />
<p fId="0" fbTx="0.37658218" lbTx="0.376583055" tId="1" fbRx="0.37658218" lbRx="0.376583055" />
<p fId="1" fbTx="0.376583055" lbTx="0.37658393" tId="4" fbRx="0.376583055" lbRx="0.37658393" />
<p fId="3" fbTx="0.376682096" lbTx="0.37668218" tId="0" fbRx="0.386682096" lbRx="0.38668218" />
<p fId="0" fbTx="0.37668218" lbTx="0.376683055" tId="1" fbRx="0.37668218" lbRx="0.376683055" />
<p fId="1" fbTx="0.376683055" lbTx="0.37668393" tId="4" fbRx="0.376683055" lbRx="0.37668393" />
<p fId="3" fbTx="0.376782096" lbTx="0.37678218" tId="0" fbRx="0.386782096" lbRx="0.38678218" />
<p fId="0" fbTx="0.37678218" lbTx="0.376783055" tId="1" fbRx="0.37678218" lbRx="0.376783055" />
<p fId="1" fbTx="0.376783055" lbTx="0.37678393" tId="4" fbRx="0.376783055" lbRx="0.37678393" />
<p fId="3" fbTx="0.376882096" lbTx="0.37688218" tId="0" fbRx="0.386882096" lbRx="0.38688218" />
<p fId="0" fbTx="0.37688218" lbTx="0.376883055" tId="1" fbRx="0.37688218" lbRx="0.376883055" />
<p fId="1" fbTx="0.376883055" lbTx="0.37688393" tId="4" fbRx="0.376883055" lbRx="0.37688393" />
<p fId="3" fbTx="0.376982096" lbTx="0.37698218" tId="0" fbRx="0.386982096" lbRx="0.38698218" />
<p fId="0" fbTx="0.37698218" lbTx="0.376983055" tId="1" fbRx="0.37698218" lbRx="0.376983055" />
<p fId="1" fbTx="0.376983055" lbTx="0.37698393" tId="4" fbRx="0.376983055" lbRx="0.37698393" />
<p fId="3" fbTx="0.377082096" lbTx="0.37708218" tId="0" fbRx="0.387082096" lbRx="0.38708218" />
<p fId="0" fbTx="0.37708218" lbTx="0.377083055" tId="1" fbRx="0.37708218" lbRx="0.377083055" />
<p fId="1" fbTx="0.377083055" lbTx="0.37708393" tId="4" fbRx="0.377083055" lbRx="0.37708393" />
<p fId="3" fbTx="0.377182096" lbTx="0.37718218" tId="0" fbRx="0.387182096" lbRx="0.38718218" />
<p fId="0" fbTx="0.37718218" lbTx="0.377183055" tId="1" fbRx="0.37718218" lbRx="0.377183055" />
<p fId="1" fbTx="0.377183055" lbTx="0.37718393" tId="4" fbRx="0.377183055" lbRx="0.37718393" />
<pr uId="355" fId="4" fbTx="0.377214286" />
<wpr uId="355" tId="5" fbRx="0.377214286" lbRx="0" />
<wpr uId="355" tId="6" fbRx="0.377214286" lbRx="0" />
<p fId="3" fbTx="0.377282096" lbTx="0.37728218" tId="0" fbRx="0.387282096" lbRx="0.38728218" />
<p fId="0" fbTx="0.37728218" lbTx="0.377283055" tId="1" fbRx="0.37728218" lbRx="0.377283055" />
<p fId="1" fbTx="0.377283055" lbTx="0.37728393" tId="4" fbRx="0.377283055" lbRx="0.37728393" />
<p fId="3" fbTx="0.377382096" lbTx="0.37738218" tId="0" fbRx="0.387382096" lbRx="0.38738218" />
<p fId="0" fbTx="0.37738218" lbTx="0.377383055" tId="1" fbRx="0.37738218" lbRx="0.377383055" />
<p fId="1" fbTx="0.377383055" lbTx="0.37738393" tId="4" fbRx="0.377383055" lbRx="0.37738393" />
<p fId="3" fbTx="0.377482096" lbTx="0.37748218" tId="0" fbRx="0.387482096" lbRx="0.38748218" />
<p fId="0" fbTx="0.37748218" lbTx="0.377483055" tId="1" fbRx="0.37748218" lbRx="0.377483055" />
<p fId="1" fbTx="0.377483055" lbTx="0.37748393" tId="4" fbRx="0.377483055" lbRx="0.37748393" />
<p fId="3" fbTx="0.377582096" lbTx="0.37758218" tId="0" fbRx="0.387582096" lbRx="0.38758218" />
<p fId="0" fbTx="0.37758218" lbTx="0.377583055" tId="1" fbRx="0.37758218" lbRx="0.377583055" />
<p fId="1" fbTx="0.377583055" lbTx="0.37758393" tId="4" fbRx="0.377583055" lbRx="0.37758393" />
<p fId="3" fbTx="0.377682096" lbTx="0.37768218" tId="0" fbRx="0.387682096" lbRx="0.38768218" />
<p fId="0" fbTx="0.37768218" lbTx="0.377683055" tId="1" fbRx="0.37768218" lbRx="0.377683055" />
<p fId="1" fbTx="0.377683055" lbTx="0.37768393" tId="4" fbRx="0.377683055" lbRx="0.37768393" />
<p fId="3" fbTx="0.377782096" lbTx="0.37778218" tId="0" fbRx="0.387782096" lbRx="0.38778218" />
<p fId="0" fbTx="0.37778218" lbTx="0.377783055" tId="1" fbRx="0.37778218" lbRx="0.377783055" />
<p fId="1" fbTx="0.377783055" lbTx="0.37778393" tId="4" fbRx="0.377783055" lbRx="0.37778393" />
<p fId="3" fbTx="0.377882096" lbTx="0.37788218" tId="0" fbRx="0.387882096" lbRx="0.38788218" />
<p fId="0" fbTx="0.37788218" lbTx="0.377883055" tId="1" fbRx="0.37788218" lbRx="0.377883055" />
<p fId="1" fbTx="0.377883055" lbTx="0.37788393" tId="4" fbRx="0.377883055" lbRx="0.37788393" />
<p fId="3" fbTx="0.377982096" lbTx="0.37798218" tId="0" fbRx="0.387982096" lbRx="0.38798218" />
<p fId="0" fbTx="0.37798218" lbTx="0.377983055" tId="1" fbRx="0.37798218" lbRx="0.377983055" />
<p fId="1" fbTx="0.377983055" lbTx="0.37798393" tId="4" fbRx="0.377983055" lbRx="0.37798393" />
<p fId="3" fbTx="0.378082096" lbTx="0.37808218" tId="0" fbRx="0.388082096" lbRx="0.38808218" />
<p fId="0" fbTx="0.37808218" lbTx="0.378083055" tId="1" fbRx="0.37808218" lbRx="0.378083055" />
<p fId="1" fbTx="0.378083055" lbTx="0.37808393" tId="4" fbRx="0.378083055" lbRx="0.37808393" />
<p fId="3" fbTx="0.378182096" lbTx="0.37818218" tId="0" fbRx="0.388182096" lbRx="0.38818218" />
<p fId="0" fbTx="0.37818218" lbTx="0.378183055" tId="1" fbRx="0.37818218" lbRx="0.378183055" />
<p fId="1" fbTx="0.378183055" lbTx="0.37818393" tId="4" fbRx="0.378183055" lbRx="0.37818393" />
<pr uId="356" fId="4" fbTx="0.378214286" />
<wpr uId="356" tId="5" fbRx="0.378214286" lbRx="0" />
<wpr uId="356" tId="6" fbRx="0.378214286" lbRx="0" />
<p fId="3" fbTx="0.378282096" lbTx="0.37828218" tId="0" fbRx="0.388282096" lbRx="0.38828218" />
<p fId="0" fbTx="0.37828218" lbTx="0.378283055" tId="1" fbRx="0.37828218" lbRx="0.378283055" />
<p fId="1" fbTx="0.378283055" lbTx="0.37828393" tId="4" fbRx="0.378283055" lbRx="0.37828393" />
<p fId="3" fbTx="0.378382096" lbTx="0.37838218" tId="0" fbRx="0.388382096" lbRx="0.38838218" />
<p fId="0" fbTx="0.37838218" lbTx="0.378383055" tId="1" fbRx="0.37838218" lbRx="0.378383055" />
<p fId="1" fbTx="0.378383055" lbTx="0.37838393" tId="4" fbRx="0.378383055" lbRx="0.37838393" />
<p fId="3" fbTx="0.378482096" lbTx="0.37848218" tId="0" fbRx="0.388482096" lbRx="0.38848218" />
<p fId="0" fbTx="0.37848218" lbTx="0.378483055" tId="1" fbRx="0.37848218" lbRx="0.378483055" />
<p fId="1" fbTx="0.378483055" lbTx="0.37848393" tId="4" fbRx="0.378483055" lbRx="0.37848393" />
<p fId="3" fbTx="0.378582096" lbTx="0.37858218" tId="0" fbRx="0.388582096" lbRx="0.38858218" />
<p fId="0" fbTx="0.37858218" lbTx="0.378583055" tId="1" fbRx="0.37858218" lbRx="0.378583055" />
<p fId="1" fbTx="0.378583055" lbTx="0.37858393" tId="4" fbRx="0.378583055" lbRx="0.37858393" />
<p fId="3" fbTx="0.378682096" lbTx="0.37868218" tId="0" fbRx="0.388682096" lbRx="0.38868218" />
<p fId="0" fbTx="0.37868218" lbTx="0.378683055" tId="1" fbRx="0.37868218" lbRx="0.378683055" />
<p fId="1" fbTx="0.378683055" lbTx="0.37868393" tId="4" fbRx="0.378683055" lbRx="0.37868393" />
<p fId="3" fbTx="0.378782096" lbTx="0.37878218" tId="0" fbRx="0.388782096" lbRx="0.38878218" />
<p fId="0" fbTx="0.37878218" lbTx="0.378783055" tId="1" fbRx="0.37878218" lbRx="0.378783055" />
<p fId="1" fbTx="0.378783055" lbTx="0.37878393" tId="4" fbRx="0.378783055" lbRx="0.37878393" />
<p fId="3" fbTx="0.378882096" lbTx="0.37888218" tId="0" fbRx="0.388882096" lbRx="0.38888218" />
<p fId="0" fbTx="0.37888218" lbTx="0.378883055" tId="1" fbRx="0.37888218" lbRx="0.378883055" />
<p fId="1" fbTx="0.378883055" lbTx="0.37888393" tId="4" fbRx="0.378883055" lbRx="0.37888393" />
<p fId="3" fbTx="0.378982096" lbTx="0.37898218" tId="0" fbRx="0.388982096" lbRx="0.38898218" />
<p fId="0" fbTx="0.37898218" lbTx="0.378983055" tId="1" fbRx="0.37898218" lbRx="0.378983055" />
<p fId="1" fbTx="0.378983055" lbTx="0.37898393" tId="4" fbRx="0.378983055" lbRx="0.37898393" />
<p fId="3" fbTx="0.379082096" lbTx="0.37908218" tId="0" fbRx="0.389082096" lbRx="0.38908218" />
<p fId="0" fbTx="0.37908218" lbTx="0.379083055" tId="1" fbRx="0.37908218" lbRx="0.379083055" />
<p fId="1" fbTx="0.379083055" lbTx="0.37908393" tId="4" fbRx="0.379083055" lbRx="0.37908393" />
<p fId="3" fbTx="0.379182096" lbTx="0.37918218" tId="0" fbRx="0.389182096" lbRx="0.38918218" />
<p fId="0" fbTx="0.37918218" lbTx="0.379183055" tId="1" fbRx="0.37918218" lbRx="0.379183055" />
<p fId="1" fbTx="0.379183055" lbTx="0.37918393" tId="4" fbRx="0.379183055" lbRx="0.37918393" />
<pr uId="357" fId="4" fbTx="0.379214286" />
<wpr uId="357" tId="5" fbRx="0.379214286" lbRx="0" />
<wpr uId="357" tId="6" fbRx="0.379214286" lbRx="0" />
<p fId="3" fbTx="0.379282096" lbTx="0.37928218" tId="0" fbRx="0.389282096" lbRx="0.38928218" />
<p fId="0" fbTx="0.37928218" lbTx="0.379283055" tId="1" fbRx="0.37928218" lbRx="0.379283055" />
<p fId="1" fbTx="0.379283055" lbTx="0.37928393" tId="4" fbRx="0.379283055" lbRx="0.37928393" />
<p fId="3" fbTx="0.379382096" lbTx="0.37938218" tId="0" fbRx="0.389382096" lbRx="0.38938218" />
<p fId="0" fbTx="0.37938218" lbTx="0.379383055" tId="1" fbRx="0.37938218" lbRx="0.379383055" />
<p fId="1" fbTx="0.379383055" lbTx="0.37938393" tId="4" fbRx="0.379383055" lbRx="0.37938393" />
<p fId="3" fbTx="0.379482096" lbTx="0.37948218" tId="0" fbRx="0.389482096" lbRx="0.38948218" />
<p fId="0" fbTx="0.37948218" lbTx="0.379483055" tId="1" fbRx="0.37948218" lbRx="0.379483055" />
<p fId="1" fbTx="0.379483055" lbTx="0.37948393" tId="4" fbRx="0.379483055" lbRx="0.37948393" />
<p fId="3" fbTx="0.379582096" lbTx="0.37958218" tId="0" fbRx="0.389582096" lbRx="0.38958218" />
<p fId="0" fbTx="0.37958218" lbTx="0.379583055" tId="1" fbRx="0.37958218" lbRx="0.379583055" />
<p fId="1" fbTx="0.379583055" lbTx="0.37958393" tId="4" fbRx="0.379583055" lbRx="0.37958393" />
<p fId="3" fbTx="0.379682096" lbTx="0.37968218" tId="0" fbRx="0.389682096" lbRx="0.38968218" />
<p fId="0" fbTx="0.37968218" lbTx="0.379683055" tId="1" fbRx="0.37968218" lbRx="0.379683055" />
<p fId="1" fbTx="0.379683055" lbTx="0.37968393" tId="4" fbRx="0.379683055" lbRx="0.37968393" />
<p fId="3" fbTx="0.379782096" lbTx="0.37978218" tId="0" fbRx="0.389782096" lbRx="0.38978218" />
<p fId="0" fbTx="0.37978218" lbTx="0.379783055" tId="1" fbRx="0.37978218" lbRx="0.379783055" />
<p fId="1" fbTx="0.379783055" lbTx="0.37978393" tId="4" fbRx="0.379783055" lbRx="0.37978393" />
<p fId="3" fbTx="0.379882096" lbTx="0.37988218" tId="0" fbRx="0.389882096" lbRx="0.38988218" />
<p fId="0" fbTx="0.37988218" lbTx="0.379883055" tId="1" fbRx="0.37988218" lbRx="0.379883055" />
<p fId="1" fbTx="0.379883055" lbTx="0.37988393" tId="4" fbRx="0.379883055" lbRx="0.37988393" />
<p fId="3" fbTx="0.379982096" lbTx="0.37998218" tId="0" fbRx="0.389982096" lbRx="0.38998218" />
<p fId="0" fbTx="0.37998218" lbTx="0.379983055" tId="1" fbRx="0.37998218" lbRx="0.379983055" />
<p fId="1" fbTx="0.379983055" lbTx="0.37998393" tId="4" fbRx="0.379983055" lbRx="0.37998393" />
<p fId="3" fbTx="0.380082096" lbTx="0.38008218" tId="0" fbRx="0.390082096" lbRx="0.39008218" />
<p fId="0" fbTx="0.38008218" lbTx="0.380083055" tId="1" fbRx="0.38008218" lbRx="0.380083055" />
<p fId="1" fbTx="0.380083055" lbTx="0.38008393" tId="4" fbRx="0.380083055" lbRx="0.38008393" />
<p fId="3" fbTx="0.380182096" lbTx="0.38018218" tId="0" fbRx="0.390182096" lbRx="0.39018218" />
<p fId="0" fbTx="0.38018218" lbTx="0.380183055" tId="1" fbRx="0.38018218" lbRx="0.380183055" />
<p fId="1" fbTx="0.380183055" lbTx="0.38018393" tId="4" fbRx="0.380183055" lbRx="0.38018393" />
<pr uId="358" fId="4" fbTx="0.380214286" />
<wpr uId="358" tId="5" fbRx="0.380214286" lbRx="0" />
<wpr uId="358" tId="6" fbRx="0.380214286" lbRx="0" />
<p fId="3" fbTx="0.380282096" lbTx="0.38028218" tId="0" fbRx="0.390282096" lbRx="0.39028218" />
<p fId="0" fbTx="0.38028218" lbTx="0.380283055" tId="1" fbRx="0.38028218" lbRx="0.380283055" />
<p fId="1" fbTx="0.380283055" lbTx="0.38028393" tId="4" fbRx="0.380283055" lbRx="0.38028393" />
<p fId="3" fbTx="0.380382096" lbTx="0.38038218" tId="0" fbRx="0.390382096" lbRx="0.39038218" />
<p fId="0" fbTx="0.38038218" lbTx="0.380383055" tId="1" fbRx="0.38038218" lbRx="0.380383055" />
<p fId="1" fbTx="0.380383055" lbTx="0.38038393" tId="4" fbRx="0.380383055" lbRx="0.38038393" />
<p fId="3" fbTx="0.380482096" lbTx="0.38048218" tId="0" fbRx="0.390482096" lbRx="0.39048218" />
<p fId="0" fbTx="0.38048218" lbTx="0.380483055" tId="1" fbRx="0.38048218" lbRx="0.380483055" />
<p fId="1" fbTx="0.380483055" lbTx="0.38048393" tId="4" fbRx="0.380483055" lbRx="0.38048393" />
<p fId="3" fbTx="0.380582096" lbTx="0.38058218" tId="0" fbRx="0.390582096" lbRx="0.39058218" />
<p fId="0" fbTx="0.38058218" lbTx="0.380583055" tId="1" fbRx="0.38058218" lbRx="0.380583055" />
<p fId="1" fbTx="0.380583055" lbTx="0.38058393" tId="4" fbRx="0.380583055" lbRx="0.38058393" />
<p fId="3" fbTx="0.380682096" lbTx="0.38068218" tId="0" fbRx="0.390682096" lbRx="0.39068218" />
<p fId="0" fbTx="0.38068218" lbTx="0.380683055" tId="1" fbRx="0.38068218" lbRx="0.380683055" />
<p fId="1" fbTx="0.380683055" lbTx="0.38068393" tId="4" fbRx="0.380683055" lbRx="0.38068393" />
<p fId="3" fbTx="0.380782096" lbTx="0.38078218" tId="0" fbRx="0.390782096" lbRx="0.39078218" />
<p fId="0" fbTx="0.38078218" lbTx="0.380783055" tId="1" fbRx="0.38078218" lbRx="0.380783055" />
<p fId="1" fbTx="0.380783055" lbTx="0.38078393" tId="4" fbRx="0.380783055" lbRx="0.38078393" />
<p fId="3" fbTx="0.380882096" lbTx="0.38088218" tId="0" fbRx="0.390882096" lbRx="0.39088218" />
<p fId="0" fbTx="0.38088218" lbTx="0.380883055" tId="1" fbRx="0.38088218" lbRx="0.380883055" />
<p fId="1" fbTx="0.380883055" lbTx="0.38088393" tId="4" fbRx="0.380883055" lbRx="0.38088393" />
<p fId="3" fbTx="0.380982096" lbTx="0.38098218" tId="0" fbRx="0.390982096" lbRx="0.39098218" />
<p fId="0" fbTx="0.38098218" lbTx="0.380983055" tId="1" fbRx="0.38098218" lbRx="0.380983055" />
<p fId="1" fbTx="0.380983055" lbTx="0.38098393" tId="4" fbRx="0.380983055" lbRx="0.38098393" />
<p fId="3" fbTx="0.381082096" lbTx="0.38108218" tId="0" fbRx="0.391082096" lbRx="0.39108218" />
<p fId="0" fbTx="0.38108218" lbTx="0.381083055" tId="1" fbRx="0.38108218" lbRx="0.381083055" />
<p fId="1" fbTx="0.381083055" lbTx="0.38108393" tId="4" fbRx="0.381083055" lbRx="0.38108393" />
<p fId="3" fbTx="0.381182096" lbTx="0.38118218" tId="0" fbRx="0.391182096" lbRx="0.39118218" />
<p fId="0" fbTx="0.38118218" lbTx="0.381183055" tId="1" fbRx="0.38118218" lbRx="0.381183055" />
<p fId="1" fbTx="0.381183055" lbTx="0.38118393" tId="4" fbRx="0.381183055" lbRx="0.38118393" />
<pr uId="359" fId="4" fbTx="0.381214286" />
<wpr uId="359" tId="5" fbRx="0.381214286" lbRx="0" />
<wpr uId="359" tId="6" fbRx="0.381214286" lbRx="0" />
<p fId="3" fbTx="0.381282096" lbTx="0.38128218" tId="0" fbRx="0.391282096" lbRx="0.39128218" />
<p fId="0" fbTx="0.38128218" lbTx="0.381283055" tId="1" fbRx="0.38128218" lbRx="0.381283055" />
<p fId="1" fbTx="0.381283055" lbTx="0.38128393" tId="4" fbRx="0.381283055" lbRx="0.38128393" />
<p fId="3" fbTx="0.381382096" lbTx="0.38138218" tId="0" fbRx="0.391382096" lbRx="0.39138218" />
<p fId="0" fbTx="0.38138218" lbTx="0.381383055" tId="1" fbRx="0.38138218" lbRx="0.381383055" />
<p fId="1" fbTx="0.381383055" lbTx="0.38138393" tId="4" fbRx="0.381383055" lbRx="0.38138393" />
<p fId="3" fbTx="0.381482096" lbTx="0.38148218" tId="0" fbRx="0.391482096" lbRx="0.39148218" />
<p fId="0" fbTx="0.38148218" lbTx="0.381483055" tId="1" fbRx="0.38148218" lbRx="0.381483055" />
<p fId="1" fbTx="0.381483055" lbTx="0.38148393" tId="4" fbRx="0.381483055" lbRx="0.38148393" />
<p fId="3" fbTx="0.381582096" lbTx="0.38158218" tId="0" fbRx="0.391582096" lbRx="0.39158218" />
<p fId="0" fbTx="0.38158218" lbTx="0.381583055" tId="1" fbRx="0.38158218" lbRx="0.381583055" />
<p fId="1" fbTx="0.381583055" lbTx="0.38158393" tId="4" fbRx="0.381583055" lbRx="0.38158393" />
<p fId="3" fbTx="0.381682096" lbTx="0.38168218" tId="0" fbRx="0.391682096" lbRx="0.39168218" />
<p fId="0" fbTx="0.38168218" lbTx="0.381683055" tId="1" fbRx="0.38168218" lbRx="0.381683055" />
<p fId="1" fbTx="0.381683055" lbTx="0.38168393" tId="4" fbRx="0.381683055" lbRx="0.38168393" />
<p fId="3" fbTx="0.381782096" lbTx="0.38178218" tId="0" fbRx="0.391782096" lbRx="0.39178218" />
<p fId="0" fbTx="0.38178218" lbTx="0.381783055" tId="1" fbRx="0.38178218" lbRx="0.381783055" />
<p fId="1" fbTx="0.381783055" lbTx="0.38178393" tId="4" fbRx="0.381783055" lbRx="0.38178393" />
<p fId="3" fbTx="0.381882096" lbTx="0.38188218" tId="0" fbRx="0.391882096" lbRx="0.39188218" />
<p fId="0" fbTx="0.38188218" lbTx="0.381883055" tId="1" fbRx="0.38188218" lbRx="0.381883055" />
<p fId="1" fbTx="0.381883055" lbTx="0.38188393" tId="4" fbRx="0.381883055" lbRx="0.38188393" />
<p fId="3" fbTx="0.381982096" lbTx="0.38198218" tId="0" fbRx="0.391982096" lbRx="0.39198218" />
<p fId="0" fbTx="0.38198218" lbTx="0.381983055" tId="1" fbRx="0.38198218" lbRx="0.381983055" />
<p fId="1" fbTx="0.381983055" lbTx="0.38198393" tId="4" fbRx="0.381983055" lbRx="0.38198393" />
<p fId="3" fbTx="0.382082096" lbTx="0.38208218" tId="0" fbRx="0.392082096" lbRx="0.39208218" />
<p fId="0" fbTx="0.38208218" lbTx="0.382083055" tId="1" fbRx="0.38208218" lbRx="0.382083055" />
<p fId="1" fbTx="0.382083055" lbTx="0.38208393" tId="4" fbRx="0.382083055" lbRx="0.38208393" />
<p fId="3" fbTx="0.382182096" lbTx="0.38218218" tId="0" fbRx="0.392182096" lbRx="0.39218218" />
<p fId="0" fbTx="0.38218218" lbTx="0.382183055" tId="1" fbRx="0.38218218" lbRx="0.382183055" />
<p fId="1" fbTx="0.382183055" lbTx="0.38218393" tId="4" fbRx="0.382183055" lbRx="0.38218393" />
<pr uId="360" fId="4" fbTx="0.382214286" />
<wpr uId="360" tId="5" fbRx="0.382214286" lbRx="0" />
<wpr uId="360" tId="6" fbRx="0.382214286" lbRx="0" />
<p fId="3" fbTx="0.382282096" lbTx="0.38228218" tId="0" fbRx="0.392282096" lbRx="0.39228218" />
<p fId="0" fbTx="0.38228218" lbTx="0.382283055" tId="1" fbRx="0.38228218" lbRx="0.382283055" />
<p fId="1" fbTx="0.382283055" lbTx="0.38228393" tId="4" fbRx="0.382283055" lbRx="0.38228393" />
<p fId="3" fbTx="0.382382096" lbTx="0.38238218" tId="0" fbRx="0.392382096" lbRx="0.39238218" />
<p fId="0" fbTx="0.38238218" lbTx="0.382383055" tId="1" fbRx="0.38238218" lbRx="0.382383055" />
<p fId="1" fbTx="0.382383055" lbTx="0.38238393" tId="4" fbRx="0.382383055" lbRx="0.38238393" />
<p fId="3" fbTx="0.382482096" lbTx="0.38248218" tId="0" fbRx="0.392482096" lbRx="0.39248218" />
<p fId="0" fbTx="0.38248218" lbTx="0.382483055" tId="1" fbRx="0.38248218" lbRx="0.382483055" />
<p fId="1" fbTx="0.382483055" lbTx="0.38248393" tId="4" fbRx="0.382483055" lbRx="0.38248393" />
<p fId="3" fbTx="0.382582096" lbTx="0.38258218" tId="0" fbRx="0.392582096" lbRx="0.39258218" />
<p fId="0" fbTx="0.38258218" lbTx="0.382583055" tId="1" fbRx="0.38258218" lbRx="0.382583055" />
<p fId="1" fbTx="0.382583055" lbTx="0.38258393" tId="4" fbRx="0.382583055" lbRx="0.38258393" />
<p fId="3" fbTx="0.382682096" lbTx="0.38268218" tId="0" fbRx="0.392682096" lbRx="0.39268218" />
<p fId="0" fbTx="0.38268218" lbTx="0.382683055" tId="1" fbRx="0.38268218" lbRx="0.382683055" />
<p fId="1" fbTx="0.382683055" lbTx="0.38268393" tId="4" fbRx="0.382683055" lbRx="0.38268393" />
<p fId="3" fbTx="0.382782096" lbTx="0.38278218" tId="0" fbRx="0.392782096" lbRx="0.39278218" />
<p fId="0" fbTx="0.38278218" lbTx="0.382783055" tId="1" fbRx="0.38278218" lbRx="0.382783055" />
<p fId="1" fbTx="0.382783055" lbTx="0.38278393" tId="4" fbRx="0.382783055" lbRx="0.38278393" />
<p fId="3" fbTx="0.382882096" lbTx="0.38288218" tId="0" fbRx="0.392882096" lbRx="0.39288218" />
<p fId="0" fbTx="0.38288218" lbTx="0.382883055" tId="1" fbRx="0.38288218" lbRx="0.382883055" />
<p fId="1" fbTx="0.382883055" lbTx="0.38288393" tId="4" fbRx="0.382883055" lbRx="0.38288393" />
<p fId="3" fbTx="0.382982096" lbTx="0.38298218" tId="0" fbRx="0.392982096" lbRx="0.39298218" />
<p fId="0" fbTx="0.38298218" lbTx="0.382983055" tId="1" fbRx="0.38298218" lbRx="0.382983055" />
<p fId="1" fbTx="0.382983055" lbTx="0.38298393" tId="4" fbRx="0.382983055" lbRx="0.38298393" />
<p fId="3" fbTx="0.383082096" lbTx="0.38308218" tId="0" fbRx="0.393082096" lbRx="0.39308218" />
<p fId="0" fbTx="0.38308218" lbTx="0.383083055" tId="1" fbRx="0.38308218" lbRx="0.383083055" />
<p fId="1" fbTx="0.383083055" lbTx="0.38308393" tId="4" fbRx="0.383083055" lbRx="0.38308393" />
<p fId="3" fbTx="0.383182096" lbTx="0.38318218" tId="0" fbRx="0.393182096" lbRx="0.39318218" />
<p fId="0" fbTx="0.38318218" lbTx="0.383183055" tId="1" fbRx="0.38318218" lbRx="0.383183055" />
<p fId="1" fbTx="0.383183055" lbTx="0.38318393" tId="4" fbRx="0.383183055" lbRx="0.38318393" />
<pr uId="361" fId="4" fbTx="0.383214286" />
<wpr uId="361" tId="5" fbRx="0.383214286" lbRx="0" />
<wpr uId="361" tId="6" fbRx="0.383214286" lbRx="0" />
<p fId="3" fbTx="0.383282096" lbTx="0.38328218" tId="0" fbRx="0.393282096" lbRx="0.39328218" />
<p fId="0" fbTx="0.38328218" lbTx="0.383283055" tId="1" fbRx="0.38328218" lbRx="0.383283055" />
<p fId="1" fbTx="0.383283055" lbTx="0.38328393" tId="4" fbRx="0.383283055" lbRx="0.38328393" />
<p fId="3" fbTx="0.383382096" lbTx="0.38338218" tId="0" fbRx="0.393382096" lbRx="0.39338218" />
<p fId="0" fbTx="0.38338218" lbTx="0.383383055" tId="1" fbRx="0.38338218" lbRx="0.383383055" />
<p fId="1" fbTx="0.383383055" lbTx="0.38338393" tId="4" fbRx="0.383383055" lbRx="0.38338393" />
<p fId="3" fbTx="0.383482096" lbTx="0.38348218" tId="0" fbRx="0.393482096" lbRx="0.39348218" />
<p fId="0" fbTx="0.38348218" lbTx="0.383483055" tId="1" fbRx="0.38348218" lbRx="0.383483055" />
<p fId="1" fbTx="0.383483055" lbTx="0.38348393" tId="4" fbRx="0.383483055" lbRx="0.38348393" />
<p fId="3" fbTx="0.383582096" lbTx="0.38358218" tId="0" fbRx="0.393582096" lbRx="0.39358218" />
<p fId="0" fbTx="0.38358218" lbTx="0.383583055" tId="1" fbRx="0.38358218" lbRx="0.383583055" />
<p fId="1" fbTx="0.383583055" lbTx="0.38358393" tId="4" fbRx="0.383583055" lbRx="0.38358393" />
<p fId="3" fbTx="0.383682096" lbTx="0.38368218" tId="0" fbRx="0.393682096" lbRx="0.39368218" />
<p fId="0" fbTx="0.38368218" lbTx="0.383683055" tId="1" fbRx="0.38368218" lbRx="0.383683055" />
<p fId="1" fbTx="0.383683055" lbTx="0.38368393" tId="4" fbRx="0.383683055" lbRx="0.38368393" />
<p fId="3" fbTx="0.383782096" lbTx="0.38378218" tId="0" fbRx="0.393782096" lbRx="0.39378218" />
<p fId="0" fbTx="0.38378218" lbTx="0.383783055" tId="1" fbRx="0.38378218" lbRx="0.383783055" />
<p fId="1" fbTx="0.383783055" lbTx="0.38378393" tId="4" fbRx="0.383783055" lbRx="0.38378393" />
<p fId="3" fbTx="0.383882096" lbTx="0.38388218" tId="0" fbRx="0.393882096" lbRx="0.39388218" />
<p fId="0" fbTx="0.38388218" lbTx="0.383883055" tId="1" fbRx="0.38388218" lbRx="0.383883055" />
<p fId="1" fbTx="0.383883055" lbTx="0.38388393" tId="4" fbRx="0.383883055" lbRx="0.38388393" />
<p fId="3" fbTx="0.383982096" lbTx="0.38398218" tId="0" fbRx="0.393982096" lbRx="0.39398218" />
<p fId="0" fbTx="0.38398218" lbTx="0.383983055" tId="1" fbRx="0.38398218" lbRx="0.383983055" />
<p fId="1" fbTx="0.383983055" lbTx="0.38398393" tId="4" fbRx="0.383983055" lbRx="0.38398393" />
<p fId="3" fbTx="0.384082096" lbTx="0.38408218" tId="0" fbRx="0.394082096" lbRx="0.39408218" />
<p fId="0" fbTx="0.38408218" lbTx="0.384083055" tId="1" fbRx="0.38408218" lbRx="0.384083055" />
<p fId="1" fbTx="0.384083055" lbTx="0.38408393" tId="4" fbRx="0.384083055" lbRx="0.38408393" />
<p fId="3" fbTx="0.384182096" lbTx="0.38418218" tId="0" fbRx="0.394182096" lbRx="0.39418218" />
<p fId="0" fbTx="0.38418218" lbTx="0.384183055" tId="1" fbRx="0.38418218" lbRx="0.384183055" />
<p fId="1" fbTx="0.384183055" lbTx="0.38418393" tId="4" fbRx="0.384183055" lbRx="0.38418393" />
<pr uId="362" fId="4" fbTx="0.384214286" />
<wpr uId="362" tId="5" fbRx="0.384214286" lbRx="0" />
<wpr uId="362" tId="6" fbRx="0.384214286" lbRx="0" />
<p fId="3" fbTx="0.384282096" lbTx="0.38428218" tId="0" fbRx="0.394282096" lbRx="0.39428218" />
<p fId="0" fbTx="0.38428218" lbTx="0.384283055" tId="1" fbRx="0.38428218" lbRx="0.384283055" />
<p fId="1" fbTx="0.384283055" lbTx="0.38428393" tId="4" fbRx="0.384283055" lbRx="0.38428393" />
<p fId="3" fbTx="0.384382096" lbTx="0.38438218" tId="0" fbRx="0.394382096" lbRx="0.39438218" />
<p fId="0" fbTx="0.38438218" lbTx="0.384383055" tId="1" fbRx="0.38438218" lbRx="0.384383055" />
<p fId="1" fbTx="0.384383055" lbTx="0.38438393" tId="4" fbRx="0.384383055" lbRx="0.38438393" />
<p fId="3" fbTx="0.384482096" lbTx="0.38448218" tId="0" fbRx="0.394482096" lbRx="0.39448218" />
<p fId="0" fbTx="0.38448218" lbTx="0.384483055" tId="1" fbRx="0.38448218" lbRx="0.384483055" />
<p fId="1" fbTx="0.384483055" lbTx="0.38448393" tId="4" fbRx="0.384483055" lbRx="0.38448393" />
<p fId="3" fbTx="0.384582096" lbTx="0.38458218" tId="0" fbRx="0.394582096" lbRx="0.39458218" />
<p fId="0" fbTx="0.38458218" lbTx="0.384583055" tId="1" fbRx="0.38458218" lbRx="0.384583055" />
<p fId="1" fbTx="0.384583055" lbTx="0.38458393" tId="4" fbRx="0.384583055" lbRx="0.38458393" />
<p fId="3" fbTx="0.384682096" lbTx="0.38468218" tId="0" fbRx="0.394682096" lbRx="0.39468218" />
<p fId="0" fbTx="0.38468218" lbTx="0.384683055" tId="1" fbRx="0.38468218" lbRx="0.384683055" />
<p fId="1" fbTx="0.384683055" lbTx="0.38468393" tId="4" fbRx="0.384683055" lbRx="0.38468393" />
<p fId="3" fbTx="0.384782096" lbTx="0.38478218" tId="0" fbRx="0.394782096" lbRx="0.39478218" />
<p fId="0" fbTx="0.38478218" lbTx="0.384783055" tId="1" fbRx="0.38478218" lbRx="0.384783055" />
<p fId="1" fbTx="0.384783055" lbTx="0.38478393" tId="4" fbRx="0.384783055" lbRx="0.38478393" />
<p fId="3" fbTx="0.384882096" lbTx="0.38488218" tId="0" fbRx="0.394882096" lbRx="0.39488218" />
<p fId="0" fbTx="0.38488218" lbTx="0.384883055" tId="1" fbRx="0.38488218" lbRx="0.384883055" />
<p fId="1" fbTx="0.384883055" lbTx="0.38488393" tId="4" fbRx="0.384883055" lbRx="0.38488393" />
<p fId="3" fbTx="0.384982096" lbTx="0.38498218" tId="0" fbRx="0.394982096" lbRx="0.39498218" />
<p fId="0" fbTx="0.38498218" lbTx="0.384983055" tId="1" fbRx="0.38498218" lbRx="0.384983055" />
<p fId="1" fbTx="0.384983055" lbTx="0.38498393" tId="4" fbRx="0.384983055" lbRx="0.38498393" />
<p fId="3" fbTx="0.385082096" lbTx="0.38508218" tId="0" fbRx="0.395082096" lbRx="0.39508218" />
<p fId="0" fbTx="0.38508218" lbTx="0.385083055" tId="1" fbRx="0.38508218" lbRx="0.385083055" />
<p fId="1" fbTx="0.385083055" lbTx="0.38508393" tId="4" fbRx="0.385083055" lbRx="0.38508393" />
<p fId="3" fbTx="0.385182096" lbTx="0.38518218" tId="0" fbRx="0.395182096" lbRx="0.39518218" />
<p fId="0" fbTx="0.38518218" lbTx="0.385183055" tId="1" fbRx="0.38518218" lbRx="0.385183055" />
<p fId="1" fbTx="0.385183055" lbTx="0.38518393" tId="4" fbRx="0.385183055" lbRx="0.38518393" />
<pr uId="363" fId="4" fbTx="0.385214286" />
<wpr uId="363" tId="5" fbRx="0.385214286" lbRx="0" />
<wpr uId="363" tId="6" fbRx="0.385214286" lbRx="0" />
<p fId="3" fbTx="0.385282096" lbTx="0.38528218" tId="0" fbRx="0.395282096" lbRx="0.39528218" />
<p fId="0" fbTx="0.38528218" lbTx="0.385283055" tId="1" fbRx="0.38528218" lbRx="0.385283055" />
<p fId="1" fbTx="0.385283055" lbTx="0.38528393" tId="4" fbRx="0.385283055" lbRx="0.38528393" />
<p fId="3" fbTx="0.385382096" lbTx="0.38538218" tId="0" fbRx="0.395382096" lbRx="0.39538218" />
<p fId="0" fbTx="0.38538218" lbTx="0.385383055" tId="1" fbRx="0.38538218" lbRx="0.385383055" />
<p fId="1" fbTx="0.385383055" lbTx="0.38538393" tId="4" fbRx="0.385383055" lbRx="0.38538393" />
<p fId="3" fbTx="0.385482096" lbTx="0.38548218" tId="0" fbRx="0.395482096" lbRx="0.39548218" />
<p fId="0" fbTx="0.38548218" lbTx="0.385483055" tId="1" fbRx="0.38548218" lbRx="0.385483055" />
<p fId="1" fbTx="0.385483055" lbTx="0.38548393" tId="4" fbRx="0.385483055" lbRx="0.38548393" />
<p fId="3" fbTx="0.385582096" lbTx="0.38558218" tId="0" fbRx="0.395582096" lbRx="0.39558218" />
<p fId="0" fbTx="0.38558218" lbTx="0.385583055" tId="1" fbRx="0.38558218" lbRx="0.385583055" />
<p fId="1" fbTx="0.385583055" lbTx="0.38558393" tId="4" fbRx="0.385583055" lbRx="0.38558393" />
<p fId="3" fbTx="0.385682096" lbTx="0.38568218" tId="0" fbRx="0.395682096" lbRx="0.39568218" />
<p fId="0" fbTx="0.38568218" lbTx="0.385683055" tId="1" fbRx="0.38568218" lbRx="0.385683055" />
<p fId="1" fbTx="0.385683055" lbTx="0.38568393" tId="4" fbRx="0.385683055" lbRx="0.38568393" />
<p fId="3" fbTx="0.385782096" lbTx="0.38578218" tId="0" fbRx="0.395782096" lbRx="0.39578218" />
<p fId="0" fbTx="0.38578218" lbTx="0.385783055" tId="1" fbRx="0.38578218" lbRx="0.385783055" />
<p fId="1" fbTx="0.385783055" lbTx="0.38578393" tId="4" fbRx="0.385783055" lbRx="0.38578393" />
<p fId="3" fbTx="0.385882096" lbTx="0.38588218" tId="0" fbRx="0.395882096" lbRx="0.39588218" />
<p fId="0" fbTx="0.38588218" lbTx="0.385883055" tId="1" fbRx="0.38588218" lbRx="0.385883055" />
<p fId="1" fbTx="0.385883055" lbTx="0.38588393" tId="4" fbRx="0.385883055" lbRx="0.38588393" />
<p fId="3" fbTx="0.385982096" lbTx="0.38598218" tId="0" fbRx="0.395982096" lbRx="0.39598218" />
<p fId="0" fbTx="0.38598218" lbTx="0.385983055" tId="1" fbRx="0.38598218" lbRx="0.385983055" />
<p fId="1" fbTx="0.385983055" lbTx="0.38598393" tId="4" fbRx="0.385983055" lbRx="0.38598393" />
<p fId="3" fbTx="0.386082096" lbTx="0.38608218" tId="0" fbRx="0.396082096" lbRx="0.39608218" />
<p fId="0" fbTx="0.38608218" lbTx="0.386083055" tId="1" fbRx="0.38608218" lbRx="0.386083055" />
<p fId="1" fbTx="0.386083055" lbTx="0.38608393" tId="4" fbRx="0.386083055" lbRx="0.38608393" />
<p fId="3" fbTx="0.386182096" lbTx="0.38618218" tId="0" fbRx="0.396182096" lbRx="0.39618218" />
<p fId="0" fbTx="0.38618218" lbTx="0.386183055" tId="1" fbRx="0.38618218" lbRx="0.386183055" />
<p fId="1" fbTx="0.386183055" lbTx="0.38618393" tId="4" fbRx="0.386183055" lbRx="0.38618393" />
<pr uId="364" fId="4" fbTx="0.386214286" />
<wpr uId="364" tId="5" fbRx="0.386214286" lbRx="0" />
<wpr uId="364" tId="6" fbRx="0.386214286" lbRx="0" />
<p fId="3" fbTx="0.386282096" lbTx="0.38628218" tId="0" fbRx="0.396282096" lbRx="0.39628218" />
<p fId="0" fbTx="0.38628218" lbTx="0.386283055" tId="1" fbRx="0.38628218" lbRx="0.386283055" />
<p fId="1" fbTx="0.386283055" lbTx="0.38628393" tId="4" fbRx="0.386283055" lbRx="0.38628393" />
<p fId="3" fbTx="0.386382096" lbTx="0.38638218" tId="0" fbRx="0.396382096" lbRx="0.39638218" />
<p fId="0" fbTx="0.38638218" lbTx="0.386383055" tId="1" fbRx="0.38638218" lbRx="0.386383055" />
<p fId="1" fbTx="0.386383055" lbTx="0.38638393" tId="4" fbRx="0.386383055" lbRx="0.38638393" />
<p fId="3" fbTx="0.386482096" lbTx="0.38648218" tId="0" fbRx="0.396482096" lbRx="0.39648218" />
<p fId="0" fbTx="0.38648218" lbTx="0.386483055" tId="1" fbRx="0.38648218" lbRx="0.386483055" />
<p fId="1" fbTx="0.386483055" lbTx="0.38648393" tId="4" fbRx="0.386483055" lbRx="0.38648393" />
<p fId="3" fbTx="0.386582096" lbTx="0.38658218" tId="0" fbRx="0.396582096" lbRx="0.39658218" />
<p fId="0" fbTx="0.38658218" lbTx="0.386583055" tId="1" fbRx="0.38658218" lbRx="0.386583055" />
<p fId="1" fbTx="0.386583055" lbTx="0.38658393" tId="4" fbRx="0.386583055" lbRx="0.38658393" />
<p fId="3" fbTx="0.386682096" lbTx="0.38668218" tId="0" fbRx="0.396682096" lbRx="0.39668218" />
<p fId="0" fbTx="0.38668218" lbTx="0.386683055" tId="1" fbRx="0.38668218" lbRx="0.386683055" />
<p fId="1" fbTx="0.386683055" lbTx="0.38668393" tId="4" fbRx="0.386683055" lbRx="0.38668393" />
<p fId="3" fbTx="0.386782096" lbTx="0.38678218" tId="0" fbRx="0.396782096" lbRx="0.39678218" />
<p fId="0" fbTx="0.38678218" lbTx="0.386783055" tId="1" fbRx="0.38678218" lbRx="0.386783055" />
<p fId="1" fbTx="0.386783055" lbTx="0.38678393" tId="4" fbRx="0.386783055" lbRx="0.38678393" />
<p fId="3" fbTx="0.386882096" lbTx="0.38688218" tId="0" fbRx="0.396882096" lbRx="0.39688218" />
<p fId="0" fbTx="0.38688218" lbTx="0.386883055" tId="1" fbRx="0.38688218" lbRx="0.386883055" />
<p fId="1" fbTx="0.386883055" lbTx="0.38688393" tId="4" fbRx="0.386883055" lbRx="0.38688393" />
<p fId="3" fbTx="0.386982096" lbTx="0.38698218" tId="0" fbRx="0.396982096" lbRx="0.39698218" />
<p fId="0" fbTx="0.38698218" lbTx="0.386983055" tId="1" fbRx="0.38698218" lbRx="0.386983055" />
<p fId="1" fbTx="0.386983055" lbTx="0.38698393" tId="4" fbRx="0.386983055" lbRx="0.38698393" />
<p fId="3" fbTx="0.387082096" lbTx="0.38708218" tId="0" fbRx="0.397082096" lbRx="0.39708218" />
<p fId="0" fbTx="0.38708218" lbTx="0.387083055" tId="1" fbRx="0.38708218" lbRx="0.387083055" />
<p fId="1" fbTx="0.387083055" lbTx="0.38708393" tId="4" fbRx="0.387083055" lbRx="0.38708393" />
<p fId="3" fbTx="0.387182096" lbTx="0.38718218" tId="0" fbRx="0.397182096" lbRx="0.39718218" />
<p fId="0" fbTx="0.38718218" lbTx="0.387183055" tId="1" fbRx="0.38718218" lbRx="0.387183055" />
<p fId="1" fbTx="0.387183055" lbTx="0.38718393" tId="4" fbRx="0.387183055" lbRx="0.38718393" />
<pr uId="365" fId="4" fbTx="0.387214286" />
<wpr uId="365" tId="5" fbRx="0.387214286" lbRx="0" />
<wpr uId="365" tId="6" fbRx="0.387214286" lbRx="0" />
<p fId="3" fbTx="0.387282096" lbTx="0.38728218" tId="0" fbRx="0.397282096" lbRx="0.39728218" />
<p fId="0" fbTx="0.38728218" lbTx="0.387283055" tId="1" fbRx="0.38728218" lbRx="0.387283055" />
<p fId="1" fbTx="0.387283055" lbTx="0.38728393" tId="4" fbRx="0.387283055" lbRx="0.38728393" />
<p fId="3" fbTx="0.387382096" lbTx="0.38738218" tId="0" fbRx="0.397382096" lbRx="0.39738218" />
<p fId="0" fbTx="0.38738218" lbTx="0.387383055" tId="1" fbRx="0.38738218" lbRx="0.387383055" />
<p fId="1" fbTx="0.387383055" lbTx="0.38738393" tId="4" fbRx="0.387383055" lbRx="0.38738393" />
<p fId="3" fbTx="0.387482096" lbTx="0.38748218" tId="0" fbRx="0.397482096" lbRx="0.39748218" />
<p fId="0" fbTx="0.38748218" lbTx="0.387483055" tId="1" fbRx="0.38748218" lbRx="0.387483055" />
<p fId="1" fbTx="0.387483055" lbTx="0.38748393" tId="4" fbRx="0.387483055" lbRx="0.38748393" />
<p fId="3" fbTx="0.387582096" lbTx="0.38758218" tId="0" fbRx="0.397582096" lbRx="0.39758218" />
<p fId="0" fbTx="0.38758218" lbTx="0.387583055" tId="1" fbRx="0.38758218" lbRx="0.387583055" />
<p fId="1" fbTx="0.387583055" lbTx="0.38758393" tId="4" fbRx="0.387583055" lbRx="0.38758393" />
<p fId="3" fbTx="0.387682096" lbTx="0.38768218" tId="0" fbRx="0.397682096" lbRx="0.39768218" />
<p fId="0" fbTx="0.38768218" lbTx="0.387683055" tId="1" fbRx="0.38768218" lbRx="0.387683055" />
<p fId="1" fbTx="0.387683055" lbTx="0.38768393" tId="4" fbRx="0.387683055" lbRx="0.38768393" />
<p fId="3" fbTx="0.387782096" lbTx="0.38778218" tId="0" fbRx="0.397782096" lbRx="0.39778218" />
<p fId="0" fbTx="0.38778218" lbTx="0.387783055" tId="1" fbRx="0.38778218" lbRx="0.387783055" />
<p fId="1" fbTx="0.387783055" lbTx="0.38778393" tId="4" fbRx="0.387783055" lbRx="0.38778393" />
<p fId="3" fbTx="0.387882096" lbTx="0.38788218" tId="0" fbRx="0.397882096" lbRx="0.39788218" />
<p fId="0" fbTx="0.38788218" lbTx="0.387883055" tId="1" fbRx="0.38788218" lbRx="0.387883055" />
<p fId="1" fbTx="0.387883055" lbTx="0.38788393" tId="4" fbRx="0.387883055" lbRx="0.38788393" />
<p fId="3" fbTx="0.387982096" lbTx="0.38798218" tId="0" fbRx="0.397982096" lbRx="0.39798218" />
<p fId="0" fbTx="0.38798218" lbTx="0.387983055" tId="1" fbRx="0.38798218" lbRx="0.387983055" />
<p fId="1" fbTx="0.387983055" lbTx="0.38798393" tId="4" fbRx="0.387983055" lbRx="0.38798393" />
<p fId="3" fbTx="0.388082096" lbTx="0.38808218" tId="0" fbRx="0.398082096" lbRx="0.39808218" />
<p fId="0" fbTx="0.38808218" lbTx="0.388083055" tId="1" fbRx="0.38808218" lbRx="0.388083055" />
<p fId="1" fbTx="0.388083055" lbTx="0.38808393" tId="4" fbRx="0.388083055" lbRx="0.38808393" />
<p fId="3" fbTx="0.388182096" lbTx="0.38818218" tId="0" fbRx="0.398182096" lbRx="0.39818218" />
<p fId="0" fbTx="0.38818218" lbTx="0.388183055" tId="1" fbRx="0.38818218" lbRx="0.388183055" />
<p fId="1" fbTx="0.388183055" lbTx="0.38818393" tId="4" fbRx="0.388183055" lbRx="0.38818393" />
<pr uId="366" fId="4" fbTx="0.388214286" />
<wpr uId="366" tId="5" fbRx="0.388214286" lbRx="0" />
<wpr uId="366" tId="6" fbRx="0.388214286" lbRx="0" />
<p fId="3" fbTx="0.388282096" lbTx="0.38828218" tId="0" fbRx="0.398282096" lbRx="0.39828218" />
<p fId="0" fbTx="0.38828218" lbTx="0.388283055" tId="1" fbRx="0.38828218" lbRx="0.388283055" />
<p fId="1" fbTx="0.388283055" lbTx="0.38828393" tId="4" fbRx="0.388283055" lbRx="0.38828393" />
<p fId="3" fbTx="0.388382096" lbTx="0.38838218" tId="0" fbRx="0.398382096" lbRx="0.39838218" />
<p fId="0" fbTx="0.38838218" lbTx="0.388383055" tId="1" fbRx="0.38838218" lbRx="0.388383055" />
<p fId="1" fbTx="0.388383055" lbTx="0.38838393" tId="4" fbRx="0.388383055" lbRx="0.38838393" />
<p fId="3" fbTx="0.388482096" lbTx="0.38848218" tId="0" fbRx="0.398482096" lbRx="0.39848218" />
<p fId="0" fbTx="0.38848218" lbTx="0.388483055" tId="1" fbRx="0.38848218" lbRx="0.388483055" />
<p fId="1" fbTx="0.388483055" lbTx="0.38848393" tId="4" fbRx="0.388483055" lbRx="0.38848393" />
<p fId="3" fbTx="0.388582096" lbTx="0.38858218" tId="0" fbRx="0.398582096" lbRx="0.39858218" />
<p fId="0" fbTx="0.38858218" lbTx="0.388583055" tId="1" fbRx="0.38858218" lbRx="0.388583055" />
<p fId="1" fbTx="0.388583055" lbTx="0.38858393" tId="4" fbRx="0.388583055" lbRx="0.38858393" />
<p fId="3" fbTx="0.388682096" lbTx="0.38868218" tId="0" fbRx="0.398682096" lbRx="0.39868218" />
<p fId="0" fbTx="0.38868218" lbTx="0.388683055" tId="1" fbRx="0.38868218" lbRx="0.388683055" />
<p fId="1" fbTx="0.388683055" lbTx="0.38868393" tId="4" fbRx="0.388683055" lbRx="0.38868393" />
<p fId="3" fbTx="0.388782096" lbTx="0.38878218" tId="0" fbRx="0.398782096" lbRx="0.39878218" />
<p fId="0" fbTx="0.38878218" lbTx="0.388783055" tId="1" fbRx="0.38878218" lbRx="0.388783055" />
<p fId="1" fbTx="0.388783055" lbTx="0.38878393" tId="4" fbRx="0.388783055" lbRx="0.38878393" />
<p fId="3" fbTx="0.388882096" lbTx="0.38888218" tId="0" fbRx="0.398882096" lbRx="0.39888218" />
<p fId="0" fbTx="0.38888218" lbTx="0.388883055" tId="1" fbRx="0.38888218" lbRx="0.388883055" />
<p fId="1" fbTx="0.388883055" lbTx="0.38888393" tId="4" fbRx="0.388883055" lbRx="0.38888393" />
<p fId="3" fbTx="0.388982096" lbTx="0.38898218" tId="0" fbRx="0.398982096" lbRx="0.39898218" />
<p fId="0" fbTx="0.38898218" lbTx="0.388983055" tId="1" fbRx="0.38898218" lbRx="0.388983055" />
<p fId="1" fbTx="0.388983055" lbTx="0.38898393" tId="4" fbRx="0.388983055" lbRx="0.38898393" />
<p fId="3" fbTx="0.389082096" lbTx="0.38908218" tId="0" fbRx="0.399082096" lbRx="0.39908218" />
<p fId="0" fbTx="0.38908218" lbTx="0.389083055" tId="1" fbRx="0.38908218" lbRx="0.389083055" />
<p fId="1" fbTx="0.389083055" lbTx="0.38908393" tId="4" fbRx="0.389083055" lbRx="0.38908393" />
<p fId="3" fbTx="0.389182096" lbTx="0.38918218" tId="0" fbRx="0.399182096" lbRx="0.39918218" />
<p fId="0" fbTx="0.38918218" lbTx="0.389183055" tId="1" fbRx="0.38918218" lbRx="0.389183055" />
<p fId="1" fbTx="0.389183055" lbTx="0.38918393" tId="4" fbRx="0.389183055" lbRx="0.38918393" />
<pr uId="367" fId="4" fbTx="0.389214286" />
<wpr uId="367" tId="5" fbRx="0.389214286" lbRx="0" />
<wpr uId="367" tId="6" fbRx="0.389214286" lbRx="0" />
<p fId="3" fbTx="0.389282096" lbTx="0.38928218" tId="0" fbRx="0.399282096" lbRx="0.39928218" />
<p fId="0" fbTx="0.38928218" lbTx="0.389283055" tId="1" fbRx="0.38928218" lbRx="0.389283055" />
<p fId="1" fbTx="0.389283055" lbTx="0.38928393" tId="4" fbRx="0.389283055" lbRx="0.38928393" />
<p fId="3" fbTx="0.389382096" lbTx="0.38938218" tId="0" fbRx="0.399382096" lbRx="0.39938218" />
<p fId="0" fbTx="0.38938218" lbTx="0.389383055" tId="1" fbRx="0.38938218" lbRx="0.389383055" />
<p fId="1" fbTx="0.389383055" lbTx="0.38938393" tId="4" fbRx="0.389383055" lbRx="0.38938393" />
<p fId="3" fbTx="0.389482096" lbTx="0.38948218" tId="0" fbRx="0.399482096" lbRx="0.39948218" />
<p fId="0" fbTx="0.38948218" lbTx="0.389483055" tId="1" fbRx="0.38948218" lbRx="0.389483055" />
<p fId="1" fbTx="0.389483055" lbTx="0.38948393" tId="4" fbRx="0.389483055" lbRx="0.38948393" />
<p fId="3" fbTx="0.389582096" lbTx="0.38958218" tId="0" fbRx="0.399582096" lbRx="0.39958218" />
<p fId="0" fbTx="0.38958218" lbTx="0.389583055" tId="1" fbRx="0.38958218" lbRx="0.389583055" />
<p fId="1" fbTx="0.389583055" lbTx="0.38958393" tId="4" fbRx="0.389583055" lbRx="0.38958393" />
<p fId="3" fbTx="0.389682096" lbTx="0.38968218" tId="0" fbRx="0.399682096" lbRx="0.39968218" />
<p fId="0" fbTx="0.38968218" lbTx="0.389683055" tId="1" fbRx="0.38968218" lbRx="0.389683055" />
<p fId="1" fbTx="0.389683055" lbTx="0.38968393" tId="4" fbRx="0.389683055" lbRx="0.38968393" />
<p fId="3" fbTx="0.389782096" lbTx="0.38978218" tId="0" fbRx="0.399782096" lbRx="0.39978218" />
<p fId="0" fbTx="0.38978218" lbTx="0.389783055" tId="1" fbRx="0.38978218" lbRx="0.389783055" />
<p fId="1" fbTx="0.389783055" lbTx="0.38978393" tId="4" fbRx="0.389783055" lbRx="0.38978393" />
<p fId="3" fbTx="0.389882096" lbTx="0.38988218" tId="0" fbRx="0.399882096" lbRx="0.39988218" />
<p fId="0" fbTx="0.38988218" lbTx="0.389883055" tId="1" fbRx="0.38988218" lbRx="0.389883055" />
<p fId="1" fbTx="0.389883055" lbTx="0.38988393" tId="4" fbRx="0.389883055" lbRx="0.38988393" />
<p fId="3" fbTx="0.389982096" lbTx="0.38998218" tId="0" fbRx="0.399982096" lbRx="0.39998218" />
<p fId="0" fbTx="0.38998218" lbTx="0.389983055" tId="1" fbRx="0.38998218" lbRx="0.389983055" />
<p fId="1" fbTx="0.389983055" lbTx="0.38998393" tId="4" fbRx="0.389983055" lbRx="0.38998393" />
<p fId="3" fbTx="0.390082096" lbTx="0.39008218" tId="0" fbRx="0.400082096" lbRx="0.40008218" />
<p fId="0" fbTx="0.39008218" lbTx="0.390083055" tId="1" fbRx="0.39008218" lbRx="0.390083055" />
<p fId="1" fbTx="0.390083055" lbTx="0.39008393" tId="4" fbRx="0.390083055" lbRx="0.39008393" />
<p fId="3" fbTx="0.390182096" lbTx="0.39018218" tId="0" fbRx="0.400182096" lbRx="0.40018218" />
<p fId="0" fbTx="0.39018218" lbTx="0.390183055" tId="1" fbRx="0.39018218" lbRx="0.390183055" />
<p fId="1" fbTx="0.390183055" lbTx="0.39018393" tId="4" fbRx="0.390183055" lbRx="0.39018393" />
<pr uId="368" fId="4" fbTx="0.390214286" />
<wpr uId="368" tId="5" fbRx="0.390214286" lbRx="0" />
<wpr uId="368" tId="6" fbRx="0.390214286" lbRx="0" />
<p fId="3" fbTx="0.390282096" lbTx="0.39028218" tId="0" fbRx="0.400282096" lbRx="0.40028218" />
<p fId="0" fbTx="0.39028218" lbTx="0.390283055" tId="1" fbRx="0.39028218" lbRx="0.390283055" />
<p fId="1" fbTx="0.390283055" lbTx="0.39028393" tId="4" fbRx="0.390283055" lbRx="0.39028393" />
<p fId="3" fbTx="0.390382096" lbTx="0.39038218" tId="0" fbRx="0.400382096" lbRx="0.40038218" />
<p fId="0" fbTx="0.39038218" lbTx="0.390383055" tId="1" fbRx="0.39038218" lbRx="0.390383055" />
<p fId="1" fbTx="0.390383055" lbTx="0.39038393" tId="4" fbRx="0.390383055" lbRx="0.39038393" />
<p fId="3" fbTx="0.390482096" lbTx="0.39048218" tId="0" fbRx="0.400482096" lbRx="0.40048218" />
<p fId="0" fbTx="0.39048218" lbTx="0.390483055" tId="1" fbRx="0.39048218" lbRx="0.390483055" />
<p fId="1" fbTx="0.390483055" lbTx="0.39048393" tId="4" fbRx="0.390483055" lbRx="0.39048393" />
<p fId="3" fbTx="0.390582096" lbTx="0.39058218" tId="0" fbRx="0.400582096" lbRx="0.40058218" />
<p fId="0" fbTx="0.39058218" lbTx="0.390583055" tId="1" fbRx="0.39058218" lbRx="0.390583055" />
<p fId="1" fbTx="0.390583055" lbTx="0.39058393" tId="4" fbRx="0.390583055" lbRx="0.39058393" />
<p fId="3" fbTx="0.390682096" lbTx="0.39068218" tId="0" fbRx="0.400682096" lbRx="0.40068218" />
<p fId="0" fbTx="0.39068218" lbTx="0.390683055" tId="1" fbRx="0.39068218" lbRx="0.390683055" />
<p fId="1" fbTx="0.390683055" lbTx="0.39068393" tId="4" fbRx="0.390683055" lbRx="0.39068393" />
<p fId="3" fbTx="0.390782096" lbTx="0.39078218" tId="0" fbRx="0.400782096" lbRx="0.40078218" />
<p fId="0" fbTx="0.39078218" lbTx="0.390783055" tId="1" fbRx="0.39078218" lbRx="0.390783055" />
<p fId="1" fbTx="0.390783055" lbTx="0.39078393" tId="4" fbRx="0.390783055" lbRx="0.39078393" />
<p fId="3" fbTx="0.390882096" lbTx="0.39088218" tId="0" fbRx="0.400882096" lbRx="0.40088218" />
<p fId="0" fbTx="0.39088218" lbTx="0.390883055" tId="1" fbRx="0.39088218" lbRx="0.390883055" />
<p fId="1" fbTx="0.390883055" lbTx="0.39088393" tId="4" fbRx="0.390883055" lbRx="0.39088393" />
<p fId="3" fbTx="0.390982096" lbTx="0.39098218" tId="0" fbRx="0.400982096" lbRx="0.40098218" />
<p fId="0" fbTx="0.39098218" lbTx="0.390983055" tId="1" fbRx="0.39098218" lbRx="0.390983055" />
<p fId="1" fbTx="0.390983055" lbTx="0.39098393" tId="4" fbRx="0.390983055" lbRx="0.39098393" />
<p fId="3" fbTx="0.391082096" lbTx="0.39108218" tId="0" fbRx="0.401082096" lbRx="0.40108218" />
<p fId="0" fbTx="0.39108218" lbTx="0.391083055" tId="1" fbRx="0.39108218" lbRx="0.391083055" />
<p fId="1" fbTx="0.391083055" lbTx="0.39108393" tId="4" fbRx="0.391083055" lbRx="0.39108393" />
<p fId="3" fbTx="0.391182096" lbTx="0.39118218" tId="0" fbRx="0.401182096" lbRx="0.40118218" />
<p fId="0" fbTx="0.39118218" lbTx="0.391183055" tId="1" fbRx="0.39118218" lbRx="0.391183055" />
<p fId="1" fbTx="0.391183055" lbTx="0.39118393" tId="4" fbRx="0.391183055" lbRx="0.39118393" />
<pr uId="369" fId="4" fbTx="0.391214286" />
<wpr uId="369" tId="5" fbRx="0.391214286" lbRx="0" />
<wpr uId="369" tId="6" fbRx="0.391214286" lbRx="0" />
<p fId="3" fbTx="0.391282096" lbTx="0.39128218" tId="0" fbRx="0.401282096" lbRx="0.40128218" />
<p fId="0" fbTx="0.39128218" lbTx="0.391283055" tId="1" fbRx="0.39128218" lbRx="0.391283055" />
<p fId="1" fbTx="0.391283055" lbTx="0.39128393" tId="4" fbRx="0.391283055" lbRx="0.39128393" />
<p fId="3" fbTx="0.391382096" lbTx="0.39138218" tId="0" fbRx="0.401382096" lbRx="0.40138218" />
<p fId="0" fbTx="0.39138218" lbTx="0.391383055" tId="1" fbRx="0.39138218" lbRx="0.391383055" />
<p fId="1" fbTx="0.391383055" lbTx="0.39138393" tId="4" fbRx="0.391383055" lbRx="0.39138393" />
<p fId="3" fbTx="0.391482096" lbTx="0.39148218" tId="0" fbRx="0.401482096" lbRx="0.40148218" />
<p fId="0" fbTx="0.39148218" lbTx="0.391483055" tId="1" fbRx="0.39148218" lbRx="0.391483055" />
<p fId="1" fbTx="0.391483055" lbTx="0.39148393" tId="4" fbRx="0.391483055" lbRx="0.39148393" />
<p fId="3" fbTx="0.391582096" lbTx="0.39158218" tId="0" fbRx="0.401582096" lbRx="0.40158218" />
<p fId="0" fbTx="0.39158218" lbTx="0.391583055" tId="1" fbRx="0.39158218" lbRx="0.391583055" />
<p fId="1" fbTx="0.391583055" lbTx="0.39158393" tId="4" fbRx="0.391583055" lbRx="0.39158393" />
<p fId="3" fbTx="0.391682096" lbTx="0.39168218" tId="0" fbRx="0.401682096" lbRx="0.40168218" />
<p fId="0" fbTx="0.39168218" lbTx="0.391683055" tId="1" fbRx="0.39168218" lbRx="0.391683055" />
<p fId="1" fbTx="0.391683055" lbTx="0.39168393" tId="4" fbRx="0.391683055" lbRx="0.39168393" />
<p fId="3" fbTx="0.391782096" lbTx="0.39178218" tId="0" fbRx="0.401782096" lbRx="0.40178218" />
<p fId="0" fbTx="0.39178218" lbTx="0.391783055" tId="1" fbRx="0.39178218" lbRx="0.391783055" />
<p fId="1" fbTx="0.391783055" lbTx="0.39178393" tId="4" fbRx="0.391783055" lbRx="0.39178393" />
<p fId="3" fbTx="0.391882096" lbTx="0.39188218" tId="0" fbRx="0.401882096" lbRx="0.40188218" />
<p fId="0" fbTx="0.39188218" lbTx="0.391883055" tId="1" fbRx="0.39188218" lbRx="0.391883055" />
<p fId="1" fbTx="0.391883055" lbTx="0.39188393" tId="4" fbRx="0.391883055" lbRx="0.39188393" />
<p fId="3" fbTx="0.391982096" lbTx="0.39198218" tId="0" fbRx="0.401982096" lbRx="0.40198218" />
<p fId="0" fbTx="0.39198218" lbTx="0.391983055" tId="1" fbRx="0.39198218" lbRx="0.391983055" />
<p fId="1" fbTx="0.391983055" lbTx="0.39198393" tId="4" fbRx="0.391983055" lbRx="0.39198393" />
<p fId="3" fbTx="0.392082096" lbTx="0.39208218" tId="0" fbRx="0.402082096" lbRx="0.40208218" />
<p fId="0" fbTx="0.39208218" lbTx="0.392083055" tId="1" fbRx="0.39208218" lbRx="0.392083055" />
<p fId="1" fbTx="0.392083055" lbTx="0.39208393" tId="4" fbRx="0.392083055" lbRx="0.39208393" />
<p fId="3" fbTx="0.392182096" lbTx="0.39218218" tId="0" fbRx="0.402182096" lbRx="0.40218218" />
<p fId="0" fbTx="0.39218218" lbTx="0.392183055" tId="1" fbRx="0.39218218" lbRx="0.392183055" />
<p fId="1" fbTx="0.392183055" lbTx="0.39218393" tId="4" fbRx="0.392183055" lbRx="0.39218393" />
<pr uId="370" fId="4" fbTx="0.392214286" />
<wpr uId="370" tId="5" fbRx="0.392214286" lbRx="0" />
<wpr uId="370" tId="6" fbRx="0.392214286" lbRx="0" />
<p fId="3" fbTx="0.392282096" lbTx="0.39228218" tId="0" fbRx="0.402282096" lbRx="0.40228218" />
<p fId="0" fbTx="0.39228218" lbTx="0.392283055" tId="1" fbRx="0.39228218" lbRx="0.392283055" />
<p fId="1" fbTx="0.392283055" lbTx="0.39228393" tId="4" fbRx="0.392283055" lbRx="0.39228393" />
<p fId="3" fbTx="0.392382096" lbTx="0.39238218" tId="0" fbRx="0.402382096" lbRx="0.40238218" />
<p fId="0" fbTx="0.39238218" lbTx="0.392383055" tId="1" fbRx="0.39238218" lbRx="0.392383055" />
<p fId="1" fbTx="0.392383055" lbTx="0.39238393" tId="4" fbRx="0.392383055" lbRx="0.39238393" />
<p fId="3" fbTx="0.392482096" lbTx="0.39248218" tId="0" fbRx="0.402482096" lbRx="0.40248218" />
<p fId="0" fbTx="0.39248218" lbTx="0.392483055" tId="1" fbRx="0.39248218" lbRx="0.392483055" />
<p fId="1" fbTx="0.392483055" lbTx="0.39248393" tId="4" fbRx="0.392483055" lbRx="0.39248393" />
<p fId="3" fbTx="0.392582096" lbTx="0.39258218" tId="0" fbRx="0.402582096" lbRx="0.40258218" />
<p fId="0" fbTx="0.39258218" lbTx="0.392583055" tId="1" fbRx="0.39258218" lbRx="0.392583055" />
<p fId="1" fbTx="0.392583055" lbTx="0.39258393" tId="4" fbRx="0.392583055" lbRx="0.39258393" />
<p fId="3" fbTx="0.392682096" lbTx="0.39268218" tId="0" fbRx="0.402682096" lbRx="0.40268218" />
<p fId="0" fbTx="0.39268218" lbTx="0.392683055" tId="1" fbRx="0.39268218" lbRx="0.392683055" />
<p fId="1" fbTx="0.392683055" lbTx="0.39268393" tId="4" fbRx="0.392683055" lbRx="0.39268393" />
<p fId="3" fbTx="0.392782096" lbTx="0.39278218" tId="0" fbRx="0.402782096" lbRx="0.40278218" />
<p fId="0" fbTx="0.39278218" lbTx="0.392783055" tId="1" fbRx="0.39278218" lbRx="0.392783055" />
<p fId="1" fbTx="0.392783055" lbTx="0.39278393" tId="4" fbRx="0.392783055" lbRx="0.39278393" />
<p fId="3" fbTx="0.392882096" lbTx="0.39288218" tId="0" fbRx="0.402882096" lbRx="0.40288218" />
<p fId="0" fbTx="0.39288218" lbTx="0.392883055" tId="1" fbRx="0.39288218" lbRx="0.392883055" />
<p fId="1" fbTx="0.392883055" lbTx="0.39288393" tId="4" fbRx="0.392883055" lbRx="0.39288393" />
<p fId="3" fbTx="0.392982096" lbTx="0.39298218" tId="0" fbRx="0.402982096" lbRx="0.40298218" />
<p fId="0" fbTx="0.39298218" lbTx="0.392983055" tId="1" fbRx="0.39298218" lbRx="0.392983055" />
<p fId="1" fbTx="0.392983055" lbTx="0.39298393" tId="4" fbRx="0.392983055" lbRx="0.39298393" />
<p fId="3" fbTx="0.393082096" lbTx="0.39308218" tId="0" fbRx="0.403082096" lbRx="0.40308218" />
<p fId="0" fbTx="0.39308218" lbTx="0.393083055" tId="1" fbRx="0.39308218" lbRx="0.393083055" />
<p fId="1" fbTx="0.393083055" lbTx="0.39308393" tId="4" fbRx="0.393083055" lbRx="0.39308393" />
<p fId="3" fbTx="0.393182096" lbTx="0.39318218" tId="0" fbRx="0.403182096" lbRx="0.40318218" />
<p fId="0" fbTx="0.39318218" lbTx="0.393183055" tId="1" fbRx="0.39318218" lbRx="0.393183055" />
<p fId="1" fbTx="0.393183055" lbTx="0.39318393" tId="4" fbRx="0.393183055" lbRx="0.39318393" />
<pr uId="371" fId="4" fbTx="0.393214286" />
<wpr uId="371" tId="5" fbRx="0.393214286" lbRx="0" />
<wpr uId="371" tId="6" fbRx="0.393214286" lbRx="0" />
<p fId="3" fbTx="0.393282096" lbTx="0.39328218" tId="0" fbRx="0.403282096" lbRx="0.40328218" />
<p fId="0" fbTx="0.39328218" lbTx="0.393283055" tId="1" fbRx="0.39328218" lbRx="0.393283055" />
<p fId="1" fbTx="0.393283055" lbTx="0.39328393" tId="4" fbRx="0.393283055" lbRx="0.39328393" />
<p fId="3" fbTx="0.393382096" lbTx="0.39338218" tId="0" fbRx="0.403382096" lbRx="0.40338218" />
<p fId="0" fbTx="0.39338218" lbTx="0.393383055" tId="1" fbRx="0.39338218" lbRx="0.393383055" />
<p fId="1" fbTx="0.393383055" lbTx="0.39338393" tId="4" fbRx="0.393383055" lbRx="0.39338393" />
<p fId="3" fbTx="0.393482096" lbTx="0.39348218" tId="0" fbRx="0.403482096" lbRx="0.40348218" />
<p fId="0" fbTx="0.39348218" lbTx="0.393483055" tId="1" fbRx="0.39348218" lbRx="0.393483055" />
<p fId="1" fbTx="0.393483055" lbTx="0.39348393" tId="4" fbRx="0.393483055" lbRx="0.39348393" />
<p fId="3" fbTx="0.393582096" lbTx="0.39358218" tId="0" fbRx="0.403582096" lbRx="0.40358218" />
<p fId="0" fbTx="0.39358218" lbTx="0.393583055" tId="1" fbRx="0.39358218" lbRx="0.393583055" />
<p fId="1" fbTx="0.393583055" lbTx="0.39358393" tId="4" fbRx="0.393583055" lbRx="0.39358393" />
<p fId="3" fbTx="0.393682096" lbTx="0.39368218" tId="0" fbRx="0.403682096" lbRx="0.40368218" />
<p fId="0" fbTx="0.39368218" lbTx="0.393683055" tId="1" fbRx="0.39368218" lbRx="0.393683055" />
<p fId="1" fbTx="0.393683055" lbTx="0.39368393" tId="4" fbRx="0.393683055" lbRx="0.39368393" />
<p fId="3" fbTx="0.393782096" lbTx="0.39378218" tId="0" fbRx="0.403782096" lbRx="0.40378218" />
<p fId="0" fbTx="0.39378218" lbTx="0.393783055" tId="1" fbRx="0.39378218" lbRx="0.393783055" />
<p fId="1" fbTx="0.393783055" lbTx="0.39378393" tId="4" fbRx="0.393783055" lbRx="0.39378393" />
<p fId="3" fbTx="0.393882096" lbTx="0.39388218" tId="0" fbRx="0.403882096" lbRx="0.40388218" />
<p fId="0" fbTx="0.39388218" lbTx="0.393883055" tId="1" fbRx="0.39388218" lbRx="0.393883055" />
<p fId="1" fbTx="0.393883055" lbTx="0.39388393" tId="4" fbRx="0.393883055" lbRx="0.39388393" />
<p fId="3" fbTx="0.393982096" lbTx="0.39398218" tId="0" fbRx="0.403982096" lbRx="0.40398218" />
<p fId="0" fbTx="0.39398218" lbTx="0.393983055" tId="1" fbRx="0.39398218" lbRx="0.393983055" />
<p fId="1" fbTx="0.393983055" lbTx="0.39398393" tId="4" fbRx="0.393983055" lbRx="0.39398393" />
<p fId="3" fbTx="0.394082096" lbTx="0.39408218" tId="0" fbRx="0.404082096" lbRx="0.40408218" />
<p fId="0" fbTx="0.39408218" lbTx="0.394083055" tId="1" fbRx="0.39408218" lbRx="0.394083055" />
<p fId="1" fbTx="0.394083055" lbTx="0.39408393" tId="4" fbRx="0.394083055" lbRx="0.39408393" />
<p fId="3" fbTx="0.394182096" lbTx="0.39418218" tId="0" fbRx="0.404182096" lbRx="0.40418218" />
<p fId="0" fbTx="0.39418218" lbTx="0.394183055" tId="1" fbRx="0.39418218" lbRx="0.394183055" />
<p fId="1" fbTx="0.394183055" lbTx="0.39418393" tId="4" fbRx="0.394183055" lbRx="0.39418393" />
<pr uId="372" fId="4" fbTx="0.394214286" />
<wpr uId="372" tId="5" fbRx="0.394214286" lbRx="0" />
<wpr uId="372" tId="6" fbRx="0.394214286" lbRx="0" />
<p fId="3" fbTx="0.394282096" lbTx="0.39428218" tId="0" fbRx="0.404282096" lbRx="0.40428218" />
<p fId="0" fbTx="0.39428218" lbTx="0.394283055" tId="1" fbRx="0.39428218" lbRx="0.394283055" />
<p fId="1" fbTx="0.394283055" lbTx="0.39428393" tId="4" fbRx="0.394283055" lbRx="0.39428393" />
<p fId="3" fbTx="0.394382096" lbTx="0.39438218" tId="0" fbRx="0.404382096" lbRx="0.40438218" />
<p fId="0" fbTx="0.39438218" lbTx="0.394383055" tId="1" fbRx="0.39438218" lbRx="0.394383055" />
<p fId="1" fbTx="0.394383055" lbTx="0.39438393" tId="4" fbRx="0.394383055" lbRx="0.39438393" />
<p fId="3" fbTx="0.394482096" lbTx="0.39448218" tId="0" fbRx="0.404482096" lbRx="0.40448218" />
<p fId="0" fbTx="0.39448218" lbTx="0.394483055" tId="1" fbRx="0.39448218" lbRx="0.394483055" />
<p fId="1" fbTx="0.394483055" lbTx="0.39448393" tId="4" fbRx="0.394483055" lbRx="0.39448393" />
<p fId="3" fbTx="0.394582096" lbTx="0.39458218" tId="0" fbRx="0.404582096" lbRx="0.40458218" />
<p fId="0" fbTx="0.39458218" lbTx="0.394583055" tId="1" fbRx="0.39458218" lbRx="0.394583055" />
<p fId="1" fbTx="0.394583055" lbTx="0.39458393" tId="4" fbRx="0.394583055" lbRx="0.39458393" />
<p fId="3" fbTx="0.394682096" lbTx="0.39468218" tId="0" fbRx="0.404682096" lbRx="0.40468218" />
<p fId="0" fbTx="0.39468218" lbTx="0.394683055" tId="1" fbRx="0.39468218" lbRx="0.394683055" />
<p fId="1" fbTx="0.394683055" lbTx="0.39468393" tId="4" fbRx="0.394683055" lbRx="0.39468393" />
<p fId="3" fbTx="0.394782096" lbTx="0.39478218" tId="0" fbRx="0.404782096" lbRx="0.40478218" />
<p fId="0" fbTx="0.39478218" lbTx="0.394783055" tId="1" fbRx="0.39478218" lbRx="0.394783055" />
<p fId="1" fbTx="0.394783055" lbTx="0.39478393" tId="4" fbRx="0.394783055" lbRx="0.39478393" />
<p fId="3" fbTx="0.394882096" lbTx="0.39488218" tId="0" fbRx="0.404882096" lbRx="0.40488218" />
<p fId="0" fbTx="0.39488218" lbTx="0.394883055" tId="1" fbRx="0.39488218" lbRx="0.394883055" />
<p fId="1" fbTx="0.394883055" lbTx="0.39488393" tId="4" fbRx="0.394883055" lbRx="0.39488393" />
<p fId="3" fbTx="0.394982096" lbTx="0.39498218" tId="0" fbRx="0.404982096" lbRx="0.40498218" />
<p fId="0" fbTx="0.39498218" lbTx="0.394983055" tId="1" fbRx="0.39498218" lbRx="0.394983055" />
<p fId="1" fbTx="0.394983055" lbTx="0.39498393" tId="4" fbRx="0.394983055" lbRx="0.39498393" />
<p fId="3" fbTx="0.395082096" lbTx="0.39508218" tId="0" fbRx="0.405082096" lbRx="0.40508218" />
<p fId="0" fbTx="0.39508218" lbTx="0.395083055" tId="1" fbRx="0.39508218" lbRx="0.395083055" />
<p fId="1" fbTx="0.395083055" lbTx="0.39508393" tId="4" fbRx="0.395083055" lbRx="0.39508393" />
<p fId="3" fbTx="0.395182096" lbTx="0.39518218" tId="0" fbRx="0.405182096" lbRx="0.40518218" />
<p fId="0" fbTx="0.39518218" lbTx="0.395183055" tId="1" fbRx="0.39518218" lbRx="0.395183055" />
<p fId="1" fbTx="0.395183055" lbTx="0.39518393" tId="4" fbRx="0.395183055" lbRx="0.39518393" />
<pr uId="373" fId="4" fbTx="0.395214286" />
<wpr uId="373" tId="5" fbRx="0.395214286" lbRx="0" />
<wpr uId="373" tId="6" fbRx="0.395214286" lbRx="0" />
<p fId="3" fbTx="0.395282096" lbTx="0.39528218" tId="0" fbRx="0.405282096" lbRx="0.40528218" />
<p fId="0" fbTx="0.39528218" lbTx="0.395283055" tId="1" fbRx="0.39528218" lbRx="0.395283055" />
<p fId="1" fbTx="0.395283055" lbTx="0.39528393" tId="4" fbRx="0.395283055" lbRx="0.39528393" />
<p fId="3" fbTx="0.395382096" lbTx="0.39538218" tId="0" fbRx="0.405382096" lbRx="0.40538218" />
<p fId="0" fbTx="0.39538218" lbTx="0.395383055" tId="1" fbRx="0.39538218" lbRx="0.395383055" />
<p fId="1" fbTx="0.395383055" lbTx="0.39538393" tId="4" fbRx="0.395383055" lbRx="0.39538393" />
<p fId="3" fbTx="0.395482096" lbTx="0.39548218" tId="0" fbRx="0.405482096" lbRx="0.40548218" />
<p fId="0" fbTx="0.39548218" lbTx="0.395483055" tId="1" fbRx="0.39548218" lbRx="0.395483055" />
<p fId="1" fbTx="0.395483055" lbTx="0.39548393" tId="4" fbRx="0.395483055" lbRx="0.39548393" />
<p fId="3" fbTx="0.395582096" lbTx="0.39558218" tId="0" fbRx="0.405582096" lbRx="0.40558218" />
<p fId="0" fbTx="0.39558218" lbTx="0.395583055" tId="1" fbRx="0.39558218" lbRx="0.395583055" />
<p fId="1" fbTx="0.395583055" lbTx="0.39558393" tId="4" fbRx="0.395583055" lbRx="0.39558393" />
<p fId="3" fbTx="0.395682096" lbTx="0.39568218" tId="0" fbRx="0.405682096" lbRx="0.40568218" />
<p fId="0" fbTx="0.39568218" lbTx="0.395683055" tId="1" fbRx="0.39568218" lbRx="0.395683055" />
<p fId="1" fbTx="0.395683055" lbTx="0.39568393" tId="4" fbRx="0.395683055" lbRx="0.39568393" />
<p fId="3" fbTx="0.395782096" lbTx="0.39578218" tId="0" fbRx="0.405782096" lbRx="0.40578218" />
<p fId="0" fbTx="0.39578218" lbTx="0.395783055" tId="1" fbRx="0.39578218" lbRx="0.395783055" />
<p fId="1" fbTx="0.395783055" lbTx="0.39578393" tId="4" fbRx="0.395783055" lbRx="0.39578393" />
<p fId="3" fbTx="0.395882096" lbTx="0.39588218" tId="0" fbRx="0.405882096" lbRx="0.40588218" />
<p fId="0" fbTx="0.39588218" lbTx="0.395883055" tId="1" fbRx="0.39588218" lbRx="0.395883055" />
<p fId="1" fbTx="0.395883055" lbTx="0.39588393" tId="4" fbRx="0.395883055" lbRx="0.39588393" />
<p fId="3" fbTx="0.395982096" lbTx="0.39598218" tId="0" fbRx="0.405982096" lbRx="0.40598218" />
<p fId="0" fbTx="0.39598218" lbTx="0.395983055" tId="1" fbRx="0.39598218" lbRx="0.395983055" />
<p fId="1" fbTx="0.395983055" lbTx="0.39598393" tId="4" fbRx="0.395983055" lbRx="0.39598393" />
<p fId="3" fbTx="0.396082096" lbTx="0.39608218" tId="0" fbRx="0.406082096" lbRx="0.40608218" />
<p fId="0" fbTx="0.39608218" lbTx="0.396083055" tId="1" fbRx="0.39608218" lbRx="0.396083055" />
<p fId="1" fbTx="0.396083055" lbTx="0.39608393" tId="4" fbRx="0.396083055" lbRx="0.39608393" />
<p fId="3" fbTx="0.396182096" lbTx="0.39618218" tId="0" fbRx="0.406182096" lbRx="0.40618218" />
<p fId="0" fbTx="0.39618218" lbTx="0.396183055" tId="1" fbRx="0.39618218" lbRx="0.396183055" />
<p fId="1" fbTx="0.396183055" lbTx="0.39618393" tId="4" fbRx="0.396183055" lbRx="0.39618393" />
<pr uId="374" fId="4" fbTx="0.396214286" />
<wpr uId="374" tId="5" fbRx="0.396214286" lbRx="0" />
<wpr uId="374" tId="6" fbRx="0.396214286" lbRx="0" />
<p fId="3" fbTx="0.396282096" lbTx="0.39628218" tId="0" fbRx="0.406282096" lbRx="0.40628218" />
<p fId="0" fbTx="0.39628218" lbTx="0.396283055" tId="1" fbRx="0.39628218" lbRx="0.396283055" />
<p fId="1" fbTx="0.396283055" lbTx="0.39628393" tId="4" fbRx="0.396283055" lbRx="0.39628393" />
<p fId="3" fbTx="0.396382096" lbTx="0.39638218" tId="0" fbRx="0.406382096" lbRx="0.40638218" />
<p fId="0" fbTx="0.39638218" lbTx="0.396383055" tId="1" fbRx="0.39638218" lbRx="0.396383055" />
<p fId="1" fbTx="0.396383055" lbTx="0.39638393" tId="4" fbRx="0.396383055" lbRx="0.39638393" />
<p fId="3" fbTx="0.396482096" lbTx="0.39648218" tId="0" fbRx="0.406482096" lbRx="0.40648218" />
<p fId="0" fbTx="0.39648218" lbTx="0.396483055" tId="1" fbRx="0.39648218" lbRx="0.396483055" />
<p fId="1" fbTx="0.396483055" lbTx="0.39648393" tId="4" fbRx="0.396483055" lbRx="0.39648393" />
<p fId="3" fbTx="0.396582096" lbTx="0.39658218" tId="0" fbRx="0.406582096" lbRx="0.40658218" />
<p fId="0" fbTx="0.39658218" lbTx="0.396583055" tId="1" fbRx="0.39658218" lbRx="0.396583055" />
<p fId="1" fbTx="0.396583055" lbTx="0.39658393" tId="4" fbRx="0.396583055" lbRx="0.39658393" />
<p fId="3" fbTx="0.396682096" lbTx="0.39668218" tId="0" fbRx="0.406682096" lbRx="0.40668218" />
<p fId="0" fbTx="0.39668218" lbTx="0.396683055" tId="1" fbRx="0.39668218" lbRx="0.396683055" />
<p fId="1" fbTx="0.396683055" lbTx="0.39668393" tId="4" fbRx="0.396683055" lbRx="0.39668393" />
<p fId="3" fbTx="0.396782096" lbTx="0.39678218" tId="0" fbRx="0.406782096" lbRx="0.40678218" />
<p fId="0" fbTx="0.39678218" lbTx="0.396783055" tId="1" fbRx="0.39678218" lbRx="0.396783055" />
<p fId="1" fbTx="0.396783055" lbTx="0.39678393" tId="4" fbRx="0.396783055" lbRx="0.39678393" />
<p fId="3" fbTx="0.396882096" lbTx="0.39688218" tId="0" fbRx="0.406882096" lbRx="0.40688218" />
<p fId="0" fbTx="0.39688218" lbTx="0.396883055" tId="1" fbRx="0.39688218" lbRx="0.396883055" />
<p fId="1" fbTx="0.396883055" lbTx="0.39688393" tId="4" fbRx="0.396883055" lbRx="0.39688393" />
<p fId="3" fbTx="0.396982096" lbTx="0.39698218" tId="0" fbRx="0.406982096" lbRx="0.40698218" />
<p fId="0" fbTx="0.39698218" lbTx="0.396983055" tId="1" fbRx="0.39698218" lbRx="0.396983055" />
<p fId="1" fbTx="0.396983055" lbTx="0.39698393" tId="4" fbRx="0.396983055" lbRx="0.39698393" />
<p fId="3" fbTx="0.397082096" lbTx="0.39708218" tId="0" fbRx="0.407082096" lbRx="0.40708218" />
<p fId="0" fbTx="0.39708218" lbTx="0.397083055" tId="1" fbRx="0.39708218" lbRx="0.397083055" />
<p fId="1" fbTx="0.397083055" lbTx="0.39708393" tId="4" fbRx="0.397083055" lbRx="0.39708393" />
<p fId="3" fbTx="0.397182096" lbTx="0.39718218" tId="0" fbRx="0.407182096" lbRx="0.40718218" />
<p fId="0" fbTx="0.39718218" lbTx="0.397183055" tId="1" fbRx="0.39718218" lbRx="0.397183055" />
<p fId="1" fbTx="0.397183055" lbTx="0.39718393" tId="4" fbRx="0.397183055" lbRx="0.39718393" />
<pr uId="375" fId="4" fbTx="0.397214286" />
<wpr uId="375" tId="5" fbRx="0.397214286" lbRx="0" />
<wpr uId="375" tId="6" fbRx="0.397214286" lbRx="0" />
<p fId="3" fbTx="0.397282096" lbTx="0.39728218" tId="0" fbRx="0.407282096" lbRx="0.40728218" />
<p fId="0" fbTx="0.39728218" lbTx="0.397283055" tId="1" fbRx="0.39728218" lbRx="0.397283055" />
<p fId="1" fbTx="0.397283055" lbTx="0.39728393" tId="4" fbRx="0.397283055" lbRx="0.39728393" />
<p fId="3" fbTx="0.397382096" lbTx="0.39738218" tId="0" fbRx="0.407382096" lbRx="0.40738218" />
<p fId="0" fbTx="0.39738218" lbTx="0.397383055" tId="1" fbRx="0.39738218" lbRx="0.397383055" />
<p fId="1" fbTx="0.397383055" lbTx="0.39738393" tId="4" fbRx="0.397383055" lbRx="0.39738393" />
<p fId="3" fbTx="0.397482096" lbTx="0.39748218" tId="0" fbRx="0.407482096" lbRx="0.40748218" />
<p fId="0" fbTx="0.39748218" lbTx="0.397483055" tId="1" fbRx="0.39748218" lbRx="0.397483055" />
<p fId="1" fbTx="0.397483055" lbTx="0.39748393" tId="4" fbRx="0.397483055" lbRx="0.39748393" />
<p fId="3" fbTx="0.397582096" lbTx="0.39758218" tId="0" fbRx="0.407582096" lbRx="0.40758218" />
<p fId="0" fbTx="0.39758218" lbTx="0.397583055" tId="1" fbRx="0.39758218" lbRx="0.397583055" />
<p fId="1" fbTx="0.397583055" lbTx="0.39758393" tId="4" fbRx="0.397583055" lbRx="0.39758393" />
<p fId="3" fbTx="0.397682096" lbTx="0.39768218" tId="0" fbRx="0.407682096" lbRx="0.40768218" />
<p fId="0" fbTx="0.39768218" lbTx="0.397683055" tId="1" fbRx="0.39768218" lbRx="0.397683055" />
<p fId="1" fbTx="0.397683055" lbTx="0.39768393" tId="4" fbRx="0.397683055" lbRx="0.39768393" />
<p fId="3" fbTx="0.397782096" lbTx="0.39778218" tId="0" fbRx="0.407782096" lbRx="0.40778218" />
<p fId="0" fbTx="0.39778218" lbTx="0.397783055" tId="1" fbRx="0.39778218" lbRx="0.397783055" />
<p fId="1" fbTx="0.397783055" lbTx="0.39778393" tId="4" fbRx="0.397783055" lbRx="0.39778393" />
<p fId="3" fbTx="0.397882096" lbTx="0.39788218" tId="0" fbRx="0.407882096" lbRx="0.40788218" />
<p fId="0" fbTx="0.39788218" lbTx="0.397883055" tId="1" fbRx="0.39788218" lbRx="0.397883055" />
<p fId="1" fbTx="0.397883055" lbTx="0.39788393" tId="4" fbRx="0.397883055" lbRx="0.39788393" />
<p fId="3" fbTx="0.397982096" lbTx="0.39798218" tId="0" fbRx="0.407982096" lbRx="0.40798218" />
<p fId="0" fbTx="0.39798218" lbTx="0.397983055" tId="1" fbRx="0.39798218" lbRx="0.397983055" />
<p fId="1" fbTx="0.397983055" lbTx="0.39798393" tId="4" fbRx="0.397983055" lbRx="0.39798393" />
<p fId="3" fbTx="0.398082096" lbTx="0.39808218" tId="0" fbRx="0.408082096" lbRx="0.40808218" />
<p fId="0" fbTx="0.39808218" lbTx="0.398083055" tId="1" fbRx="0.39808218" lbRx="0.398083055" />
<p fId="1" fbTx="0.398083055" lbTx="0.39808393" tId="4" fbRx="0.398083055" lbRx="0.39808393" />
<p fId="3" fbTx="0.398182096" lbTx="0.39818218" tId="0" fbRx="0.408182096" lbRx="0.40818218" />
<p fId="0" fbTx="0.39818218" lbTx="0.398183055" tId="1" fbRx="0.39818218" lbRx="0.398183055" />
<p fId="1" fbTx="0.398183055" lbTx="0.39818393" tId="4" fbRx="0.398183055" lbRx="0.39818393" />
<pr uId="376" fId="4" fbTx="0.398214286" />
<wpr uId="376" tId="5" fbRx="0.398214286" lbRx="0" />
<wpr uId="376" tId="6" fbRx="0.398214286" lbRx="0" />
<p fId="3" fbTx="0.398282096" lbTx="0.39828218" tId="0" fbRx="0.408282096" lbRx="0.40828218" />
<p fId="0" fbTx="0.39828218" lbTx="0.398283055" tId="1" fbRx="0.39828218" lbRx="0.398283055" />
<p fId="1" fbTx="0.398283055" lbTx="0.39828393" tId="4" fbRx="0.398283055" lbRx="0.39828393" />
<p fId="3" fbTx="0.398382096" lbTx="0.39838218" tId="0" fbRx="0.408382096" lbRx="0.40838218" />
<p fId="0" fbTx="0.39838218" lbTx="0.398383055" tId="1" fbRx="0.39838218" lbRx="0.398383055" />
<p fId="1" fbTx="0.398383055" lbTx="0.39838393" tId="4" fbRx="0.398383055" lbRx="0.39838393" />
<p fId="3" fbTx="0.398482096" lbTx="0.39848218" tId="0" fbRx="0.408482096" lbRx="0.40848218" />
<p fId="0" fbTx="0.39848218" lbTx="0.398483055" tId="1" fbRx="0.39848218" lbRx="0.398483055" />
<p fId="1" fbTx="0.398483055" lbTx="0.39848393" tId="4" fbRx="0.398483055" lbRx="0.39848393" />
<p fId="3" fbTx="0.398582096" lbTx="0.39858218" tId="0" fbRx="0.408582096" lbRx="0.40858218" />
<p fId="0" fbTx="0.39858218" lbTx="0.398583055" tId="1" fbRx="0.39858218" lbRx="0.398583055" />
<p fId="1" fbTx="0.398583055" lbTx="0.39858393" tId="4" fbRx="0.398583055" lbRx="0.39858393" />
<p fId="3" fbTx="0.398682096" lbTx="0.39868218" tId="0" fbRx="0.408682096" lbRx="0.40868218" />
<p fId="0" fbTx="0.39868218" lbTx="0.398683055" tId="1" fbRx="0.39868218" lbRx="0.398683055" />
<p fId="1" fbTx="0.398683055" lbTx="0.39868393" tId="4" fbRx="0.398683055" lbRx="0.39868393" />
<p fId="3" fbTx="0.398782096" lbTx="0.39878218" tId="0" fbRx="0.408782096" lbRx="0.40878218" />
<p fId="0" fbTx="0.39878218" lbTx="0.398783055" tId="1" fbRx="0.39878218" lbRx="0.398783055" />
<p fId="1" fbTx="0.398783055" lbTx="0.39878393" tId="4" fbRx="0.398783055" lbRx="0.39878393" />
<p fId="3" fbTx="0.398882096" lbTx="0.39888218" tId="0" fbRx="0.408882096" lbRx="0.40888218" />
<p fId="0" fbTx="0.39888218" lbTx="0.398883055" tId="1" fbRx="0.39888218" lbRx="0.398883055" />
<p fId="1" fbTx="0.398883055" lbTx="0.39888393" tId="4" fbRx="0.398883055" lbRx="0.39888393" />
<p fId="3" fbTx="0.398982096" lbTx="0.39898218" tId="0" fbRx="0.408982096" lbRx="0.40898218" />
<p fId="0" fbTx="0.39898218" lbTx="0.398983055" tId="1" fbRx="0.39898218" lbRx="0.398983055" />
<p fId="1" fbTx="0.398983055" lbTx="0.39898393" tId="4" fbRx="0.398983055" lbRx="0.39898393" />
<p fId="3" fbTx="0.399082096" lbTx="0.39908218" tId="0" fbRx="0.409082096" lbRx="0.40908218" />
<p fId="0" fbTx="0.39908218" lbTx="0.399083055" tId="1" fbRx="0.39908218" lbRx="0.399083055" />
<p fId="1" fbTx="0.399083055" lbTx="0.39908393" tId="4" fbRx="0.399083055" lbRx="0.39908393" />
<p fId="3" fbTx="0.399182096" lbTx="0.39918218" tId="0" fbRx="0.409182096" lbRx="0.40918218" />
<p fId="0" fbTx="0.39918218" lbTx="0.399183055" tId="1" fbRx="0.39918218" lbRx="0.399183055" />
<p fId="1" fbTx="0.399183055" lbTx="0.39918393" tId="4" fbRx="0.399183055" lbRx="0.39918393" />
<pr uId="377" fId="4" fbTx="0.399214286" />
<wpr uId="377" tId="5" fbRx="0.399214286" lbRx="0" />
<wpr uId="377" tId="6" fbRx="0.399214286" lbRx="0" />
<p fId="3" fbTx="0.399282096" lbTx="0.39928218" tId="0" fbRx="0.409282096" lbRx="0.40928218" />
<p fId="0" fbTx="0.39928218" lbTx="0.399283055" tId="1" fbRx="0.39928218" lbRx="0.399283055" />
<p fId="1" fbTx="0.399283055" lbTx="0.39928393" tId="4" fbRx="0.399283055" lbRx="0.39928393" />
<p fId="3" fbTx="0.399382096" lbTx="0.39938218" tId="0" fbRx="0.409382096" lbRx="0.40938218" />
<p fId="0" fbTx="0.39938218" lbTx="0.399383055" tId="1" fbRx="0.39938218" lbRx="0.399383055" />
<p fId="1" fbTx="0.399383055" lbTx="0.39938393" tId="4" fbRx="0.399383055" lbRx="0.39938393" />
<p fId="3" fbTx="0.399482096" lbTx="0.39948218" tId="0" fbRx="0.409482096" lbRx="0.40948218" />
<p fId="0" fbTx="0.39948218" lbTx="0.399483055" tId="1" fbRx="0.39948218" lbRx="0.399483055" />
<p fId="1" fbTx="0.399483055" lbTx="0.39948393" tId="4" fbRx="0.399483055" lbRx="0.39948393" />
<p fId="3" fbTx="0.399582096" lbTx="0.39958218" tId="0" fbRx="0.409582096" lbRx="0.40958218" />
<p fId="0" fbTx="0.39958218" lbTx="0.399583055" tId="1" fbRx="0.39958218" lbRx="0.399583055" />
<p fId="1" fbTx="0.399583055" lbTx="0.39958393" tId="4" fbRx="0.399583055" lbRx="0.39958393" />
<p fId="3" fbTx="0.399682096" lbTx="0.39968218" tId="0" fbRx="0.409682096" lbRx="0.40968218" />
<p fId="0" fbTx="0.39968218" lbTx="0.399683055" tId="1" fbRx="0.39968218" lbRx="0.399683055" />
<p fId="1" fbTx="0.399683055" lbTx="0.39968393" tId="4" fbRx="0.399683055" lbRx="0.39968393" />
<p fId="3" fbTx="0.399782096" lbTx="0.39978218" tId="0" fbRx="0.409782096" lbRx="0.40978218" />
<p fId="0" fbTx="0.39978218" lbTx="0.399783055" tId="1" fbRx="0.39978218" lbRx="0.399783055" />
<p fId="1" fbTx="0.399783055" lbTx="0.39978393" tId="4" fbRx="0.399783055" lbRx="0.39978393" />
<p fId="3" fbTx="0.399882096" lbTx="0.39988218" tId="0" fbRx="0.409882096" lbRx="0.40988218" />
<p fId="0" fbTx="0.39988218" lbTx="0.399883055" tId="1" fbRx="0.39988218" lbRx="0.399883055" />
<p fId="1" fbTx="0.399883055" lbTx="0.39988393" tId="4" fbRx="0.399883055" lbRx="0.39988393" />
<p fId="3" fbTx="0.399982096" lbTx="0.39998218" tId="0" fbRx="0.409982096" lbRx="0.40998218" />
<p fId="0" fbTx="0.39998218" lbTx="0.399983055" tId="1" fbRx="0.39998218" lbRx="0.399983055" />
<p fId="1" fbTx="0.399983055" lbTx="0.39998393" tId="4" fbRx="0.399983055" lbRx="0.39998393" />
<p fId="3" fbTx="0.400082096" lbTx="0.40008218" tId="0" fbRx="0.410082096" lbRx="0.41008218" />
<p fId="0" fbTx="0.40008218" lbTx="0.400083055" tId="1" fbRx="0.40008218" lbRx="0.400083055" />
<p fId="1" fbTx="0.400083055" lbTx="0.40008393" tId="4" fbRx="0.400083055" lbRx="0.40008393" />
<p fId="3" fbTx="0.400182096" lbTx="0.40018218" tId="0" fbRx="0.410182096" lbRx="0.41018218" />
<p fId="0" fbTx="0.40018218" lbTx="0.400183055" tId="1" fbRx="0.40018218" lbRx="0.400183055" />
<p fId="1" fbTx="0.400183055" lbTx="0.40018393" tId="4" fbRx="0.400183055" lbRx="0.40018393" />
<pr uId="378" fId="4" fbTx="0.400214286" />
<wpr uId="378" tId="5" fbRx="0.400214286" lbRx="0" />
<wpr uId="378" tId="6" fbRx="0.400214286" lbRx="0" />
<p fId="3" fbTx="0.400282096" lbTx="0.40028218" tId="0" fbRx="0.410282096" lbRx="0.41028218" />
<p fId="0" fbTx="0.40028218" lbTx="0.400283055" tId="1" fbRx="0.40028218" lbRx="0.400283055" />
<p fId="1" fbTx="0.400283055" lbTx="0.40028393" tId="4" fbRx="0.400283055" lbRx="0.40028393" />
<p fId="3" fbTx="0.400382096" lbTx="0.40038218" tId="0" fbRx="0.410382096" lbRx="0.41038218" />
<p fId="0" fbTx="0.40038218" lbTx="0.400383055" tId="1" fbRx="0.40038218" lbRx="0.400383055" />
<p fId="1" fbTx="0.400383055" lbTx="0.40038393" tId="4" fbRx="0.400383055" lbRx="0.40038393" />
<p fId="3" fbTx="0.400482096" lbTx="0.40048218" tId="0" fbRx="0.410482096" lbRx="0.41048218" />
<p fId="0" fbTx="0.40048218" lbTx="0.400483055" tId="1" fbRx="0.40048218" lbRx="0.400483055" />
<p fId="1" fbTx="0.400483055" lbTx="0.40048393" tId="4" fbRx="0.400483055" lbRx="0.40048393" />
<p fId="3" fbTx="0.400582096" lbTx="0.40058218" tId="0" fbRx="0.410582096" lbRx="0.41058218" />
<p fId="0" fbTx="0.40058218" lbTx="0.400583055" tId="1" fbRx="0.40058218" lbRx="0.400583055" />
<p fId="1" fbTx="0.400583055" lbTx="0.40058393" tId="4" fbRx="0.400583055" lbRx="0.40058393" />
<p fId="3" fbTx="0.400682096" lbTx="0.40068218" tId="0" fbRx="0.410682096" lbRx="0.41068218" />
<p fId="0" fbTx="0.40068218" lbTx="0.400683055" tId="1" fbRx="0.40068218" lbRx="0.400683055" />
<p fId="1" fbTx="0.400683055" lbTx="0.40068393" tId="4" fbRx="0.400683055" lbRx="0.40068393" />
<p fId="3" fbTx="0.400782096" lbTx="0.40078218" tId="0" fbRx="0.410782096" lbRx="0.41078218" />
<p fId="0" fbTx="0.40078218" lbTx="0.400783055" tId="1" fbRx="0.40078218" lbRx="0.400783055" />
<p fId="1" fbTx="0.400783055" lbTx="0.40078393" tId="4" fbRx="0.400783055" lbRx="0.40078393" />
<p fId="3" fbTx="0.400882096" lbTx="0.40088218" tId="0" fbRx="0.410882096" lbRx="0.41088218" />
<p fId="0" fbTx="0.40088218" lbTx="0.400883055" tId="1" fbRx="0.40088218" lbRx="0.400883055" />
<p fId="1" fbTx="0.400883055" lbTx="0.40088393" tId="4" fbRx="0.400883055" lbRx="0.40088393" />
<p fId="3" fbTx="0.400982096" lbTx="0.40098218" tId="0" fbRx="0.410982096" lbRx="0.41098218" />
<p fId="0" fbTx="0.40098218" lbTx="0.400983055" tId="1" fbRx="0.40098218" lbRx="0.400983055" />
<p fId="1" fbTx="0.400983055" lbTx="0.40098393" tId="4" fbRx="0.400983055" lbRx="0.40098393" />
<p fId="3" fbTx="0.401082096" lbTx="0.40108218" tId="0" fbRx="0.411082096" lbRx="0.41108218" />
<p fId="0" fbTx="0.40108218" lbTx="0.401083055" tId="1" fbRx="0.40108218" lbRx="0.401083055" />
<p fId="1" fbTx="0.401083055" lbTx="0.40108393" tId="4" fbRx="0.401083055" lbRx="0.40108393" />
<p fId="3" fbTx="0.401182096" lbTx="0.40118218" tId="0" fbRx="0.411182096" lbRx="0.41118218" />
<p fId="0" fbTx="0.40118218" lbTx="0.401183055" tId="1" fbRx="0.40118218" lbRx="0.401183055" />
<p fId="1" fbTx="0.401183055" lbTx="0.40118393" tId="4" fbRx="0.401183055" lbRx="0.40118393" />
<pr uId="379" fId="4" fbTx="0.401214286" />
<wpr uId="379" tId="5" fbRx="0.401214286" lbRx="0" />
<wpr uId="379" tId="6" fbRx="0.401214286" lbRx="0" />
<p fId="3" fbTx="0.401282096" lbTx="0.40128218" tId="0" fbRx="0.411282096" lbRx="0.41128218" />
<p fId="0" fbTx="0.40128218" lbTx="0.401283055" tId="1" fbRx="0.40128218" lbRx="0.401283055" />
<p fId="1" fbTx="0.401283055" lbTx="0.40128393" tId="4" fbRx="0.401283055" lbRx="0.40128393" />
<p fId="3" fbTx="0.401382096" lbTx="0.40138218" tId="0" fbRx="0.411382096" lbRx="0.41138218" />
<p fId="0" fbTx="0.40138218" lbTx="0.401383055" tId="1" fbRx="0.40138218" lbRx="0.401383055" />
<p fId="1" fbTx="0.401383055" lbTx="0.40138393" tId="4" fbRx="0.401383055" lbRx="0.40138393" />
<p fId="3" fbTx="0.401482096" lbTx="0.40148218" tId="0" fbRx="0.411482096" lbRx="0.41148218" />
<p fId="0" fbTx="0.40148218" lbTx="0.401483055" tId="1" fbRx="0.40148218" lbRx="0.401483055" />
<p fId="1" fbTx="0.401483055" lbTx="0.40148393" tId="4" fbRx="0.401483055" lbRx="0.40148393" />
<p fId="3" fbTx="0.401582096" lbTx="0.40158218" tId="0" fbRx="0.411582096" lbRx="0.41158218" />
<p fId="0" fbTx="0.40158218" lbTx="0.401583055" tId="1" fbRx="0.40158218" lbRx="0.401583055" />
<p fId="1" fbTx="0.401583055" lbTx="0.40158393" tId="4" fbRx="0.401583055" lbRx="0.40158393" />
<p fId="3" fbTx="0.401682096" lbTx="0.40168218" tId="0" fbRx="0.411682096" lbRx="0.41168218" />
<p fId="0" fbTx="0.40168218" lbTx="0.401683055" tId="1" fbRx="0.40168218" lbRx="0.401683055" />
<p fId="1" fbTx="0.401683055" lbTx="0.40168393" tId="4" fbRx="0.401683055" lbRx="0.40168393" />
<p fId="3" fbTx="0.401782096" lbTx="0.40178218" tId="0" fbRx="0.411782096" lbRx="0.41178218" />
<p fId="0" fbTx="0.40178218" lbTx="0.401783055" tId="1" fbRx="0.40178218" lbRx="0.401783055" />
<p fId="1" fbTx="0.401783055" lbTx="0.40178393" tId="4" fbRx="0.401783055" lbRx="0.40178393" />
<p fId="3" fbTx="0.401882096" lbTx="0.40188218" tId="0" fbRx="0.411882096" lbRx="0.41188218" />
<p fId="0" fbTx="0.40188218" lbTx="0.401883055" tId="1" fbRx="0.40188218" lbRx="0.401883055" />
<p fId="1" fbTx="0.401883055" lbTx="0.40188393" tId="4" fbRx="0.401883055" lbRx="0.40188393" />
<p fId="3" fbTx="0.401982096" lbTx="0.40198218" tId="0" fbRx="0.411982096" lbRx="0.41198218" />
<p fId="0" fbTx="0.40198218" lbTx="0.401983055" tId="1" fbRx="0.40198218" lbRx="0.401983055" />
<p fId="1" fbTx="0.401983055" lbTx="0.40198393" tId="4" fbRx="0.401983055" lbRx="0.40198393" />
<p fId="3" fbTx="0.402082096" lbTx="0.40208218" tId="0" fbRx="0.412082096" lbRx="0.41208218" />
<p fId="0" fbTx="0.40208218" lbTx="0.402083055" tId="1" fbRx="0.40208218" lbRx="0.402083055" />
<p fId="1" fbTx="0.402083055" lbTx="0.40208393" tId="4" fbRx="0.402083055" lbRx="0.40208393" />
<p fId="3" fbTx="0.402182096" lbTx="0.40218218" tId="0" fbRx="0.412182096" lbRx="0.41218218" />
<p fId="0" fbTx="0.40218218" lbTx="0.402183055" tId="1" fbRx="0.40218218" lbRx="0.402183055" />
<p fId="1" fbTx="0.402183055" lbTx="0.40218393" tId="4" fbRx="0.402183055" lbRx="0.40218393" />
<pr uId="380" fId="4" fbTx="0.402214286" />
<wpr uId="380" tId="5" fbRx="0.402214286" lbRx="0" />
<wpr uId="380" tId="6" fbRx="0.402214286" lbRx="0" />
<p fId="3" fbTx="0.402282096" lbTx="0.40228218" tId="0" fbRx="0.412282096" lbRx="0.41228218" />
<p fId="0" fbTx="0.40228218" lbTx="0.402283055" tId="1" fbRx="0.40228218" lbRx="0.402283055" />
<p fId="1" fbTx="0.402283055" lbTx="0.40228393" tId="4" fbRx="0.402283055" lbRx="0.40228393" />
<p fId="3" fbTx="0.402382096" lbTx="0.40238218" tId="0" fbRx="0.412382096" lbRx="0.41238218" />
<p fId="0" fbTx="0.40238218" lbTx="0.402383055" tId="1" fbRx="0.40238218" lbRx="0.402383055" />
<p fId="1" fbTx="0.402383055" lbTx="0.40238393" tId="4" fbRx="0.402383055" lbRx="0.40238393" />
<p fId="3" fbTx="0.402482096" lbTx="0.40248218" tId="0" fbRx="0.412482096" lbRx="0.41248218" />
<p fId="0" fbTx="0.40248218" lbTx="0.402483055" tId="1" fbRx="0.40248218" lbRx="0.402483055" />
<p fId="1" fbTx="0.402483055" lbTx="0.40248393" tId="4" fbRx="0.402483055" lbRx="0.40248393" />
<p fId="3" fbTx="0.402582096" lbTx="0.40258218" tId="0" fbRx="0.412582096" lbRx="0.41258218" />
<p fId="0" fbTx="0.40258218" lbTx="0.402583055" tId="1" fbRx="0.40258218" lbRx="0.402583055" />
<p fId="1" fbTx="0.402583055" lbTx="0.40258393" tId="4" fbRx="0.402583055" lbRx="0.40258393" />
<p fId="3" fbTx="0.402682096" lbTx="0.40268218" tId="0" fbRx="0.412682096" lbRx="0.41268218" />
<p fId="0" fbTx="0.40268218" lbTx="0.402683055" tId="1" fbRx="0.40268218" lbRx="0.402683055" />
<p fId="1" fbTx="0.402683055" lbTx="0.40268393" tId="4" fbRx="0.402683055" lbRx="0.40268393" />
<p fId="3" fbTx="0.402782096" lbTx="0.40278218" tId="0" fbRx="0.412782096" lbRx="0.41278218" />
<p fId="0" fbTx="0.40278218" lbTx="0.402783055" tId="1" fbRx="0.40278218" lbRx="0.402783055" />
<p fId="1" fbTx="0.402783055" lbTx="0.40278393" tId="4" fbRx="0.402783055" lbRx="0.40278393" />
<p fId="3" fbTx="0.402882096" lbTx="0.40288218" tId="0" fbRx="0.412882096" lbRx="0.41288218" />
<p fId="0" fbTx="0.40288218" lbTx="0.402883055" tId="1" fbRx="0.40288218" lbRx="0.402883055" />
<p fId="1" fbTx="0.402883055" lbTx="0.40288393" tId="4" fbRx="0.402883055" lbRx="0.40288393" />
<p fId="3" fbTx="0.402982096" lbTx="0.40298218" tId="0" fbRx="0.412982096" lbRx="0.41298218" />
<p fId="0" fbTx="0.40298218" lbTx="0.402983055" tId="1" fbRx="0.40298218" lbRx="0.402983055" />
<p fId="1" fbTx="0.402983055" lbTx="0.40298393" tId="4" fbRx="0.402983055" lbRx="0.40298393" />
<p fId="3" fbTx="0.403082096" lbTx="0.40308218" tId="0" fbRx="0.413082096" lbRx="0.41308218" />
<p fId="0" fbTx="0.40308218" lbTx="0.403083055" tId="1" fbRx="0.40308218" lbRx="0.403083055" />
<p fId="1" fbTx="0.403083055" lbTx="0.40308393" tId="4" fbRx="0.403083055" lbRx="0.40308393" />
<p fId="3" fbTx="0.403182096" lbTx="0.40318218" tId="0" fbRx="0.413182096" lbRx="0.41318218" />
<p fId="0" fbTx="0.40318218" lbTx="0.403183055" tId="1" fbRx="0.40318218" lbRx="0.403183055" />
<p fId="1" fbTx="0.403183055" lbTx="0.40318393" tId="4" fbRx="0.403183055" lbRx="0.40318393" />
<pr uId="381" fId="4" fbTx="0.403214286" />
<wpr uId="381" tId="5" fbRx="0.403214286" lbRx="0" />
<wpr uId="381" tId="6" fbRx="0.403214286" lbRx="0" />
<p fId="3" fbTx="0.403282096" lbTx="0.40328218" tId="0" fbRx="0.413282096" lbRx="0.41328218" />
<p fId="0" fbTx="0.40328218" lbTx="0.403283055" tId="1" fbRx="0.40328218" lbRx="0.403283055" />
<p fId="1" fbTx="0.403283055" lbTx="0.40328393" tId="4" fbRx="0.403283055" lbRx="0.40328393" />
<p fId="3" fbTx="0.403382096" lbTx="0.40338218" tId="0" fbRx="0.413382096" lbRx="0.41338218" />
<p fId="0" fbTx="0.40338218" lbTx="0.403383055" tId="1" fbRx="0.40338218" lbRx="0.403383055" />
<p fId="1" fbTx="0.403383055" lbTx="0.40338393" tId="4" fbRx="0.403383055" lbRx="0.40338393" />
<p fId="3" fbTx="0.403482096" lbTx="0.40348218" tId="0" fbRx="0.413482096" lbRx="0.41348218" />
<p fId="0" fbTx="0.40348218" lbTx="0.403483055" tId="1" fbRx="0.40348218" lbRx="0.403483055" />
<p fId="1" fbTx="0.403483055" lbTx="0.40348393" tId="4" fbRx="0.403483055" lbRx="0.40348393" />
<p fId="3" fbTx="0.403582096" lbTx="0.40358218" tId="0" fbRx="0.413582096" lbRx="0.41358218" />
<p fId="0" fbTx="0.40358218" lbTx="0.403583055" tId="1" fbRx="0.40358218" lbRx="0.403583055" />
<p fId="1" fbTx="0.403583055" lbTx="0.40358393" tId="4" fbRx="0.403583055" lbRx="0.40358393" />
<p fId="3" fbTx="0.403682096" lbTx="0.40368218" tId="0" fbRx="0.413682096" lbRx="0.41368218" />
<p fId="0" fbTx="0.40368218" lbTx="0.403683055" tId="1" fbRx="0.40368218" lbRx="0.403683055" />
<p fId="1" fbTx="0.403683055" lbTx="0.40368393" tId="4" fbRx="0.403683055" lbRx="0.40368393" />
<p fId="3" fbTx="0.403782096" lbTx="0.40378218" tId="0" fbRx="0.413782096" lbRx="0.41378218" />
<p fId="0" fbTx="0.40378218" lbTx="0.403783055" tId="1" fbRx="0.40378218" lbRx="0.403783055" />
<p fId="1" fbTx="0.403783055" lbTx="0.40378393" tId="4" fbRx="0.403783055" lbRx="0.40378393" />
<p fId="3" fbTx="0.403882096" lbTx="0.40388218" tId="0" fbRx="0.413882096" lbRx="0.41388218" />
<p fId="0" fbTx="0.40388218" lbTx="0.403883055" tId="1" fbRx="0.40388218" lbRx="0.403883055" />
<p fId="1" fbTx="0.403883055" lbTx="0.40388393" tId="4" fbRx="0.403883055" lbRx="0.40388393" />
<p fId="3" fbTx="0.403982096" lbTx="0.40398218" tId="0" fbRx="0.413982096" lbRx="0.41398218" />
<p fId="0" fbTx="0.40398218" lbTx="0.403983055" tId="1" fbRx="0.40398218" lbRx="0.403983055" />
<p fId="1" fbTx="0.403983055" lbTx="0.40398393" tId="4" fbRx="0.403983055" lbRx="0.40398393" />
<p fId="3" fbTx="0.404082096" lbTx="0.40408218" tId="0" fbRx="0.414082096" lbRx="0.41408218" />
<p fId="0" fbTx="0.40408218" lbTx="0.404083055" tId="1" fbRx="0.40408218" lbRx="0.404083055" />
<p fId="1" fbTx="0.404083055" lbTx="0.40408393" tId="4" fbRx="0.404083055" lbRx="0.40408393" />
<p fId="3" fbTx="0.404182096" lbTx="0.40418218" tId="0" fbRx="0.414182096" lbRx="0.41418218" />
<p fId="0" fbTx="0.40418218" lbTx="0.404183055" tId="1" fbRx="0.40418218" lbRx="0.404183055" />
<p fId="1" fbTx="0.404183055" lbTx="0.40418393" tId="4" fbRx="0.404183055" lbRx="0.40418393" />
<pr uId="382" fId="4" fbTx="0.404214286" />
<wpr uId="382" tId="5" fbRx="0.404214286" lbRx="0" />
<wpr uId="382" tId="6" fbRx="0.404214286" lbRx="0" />
<p fId="3" fbTx="0.404282096" lbTx="0.40428218" tId="0" fbRx="0.414282096" lbRx="0.41428218" />
<p fId="0" fbTx="0.40428218" lbTx="0.404283055" tId="1" fbRx="0.40428218" lbRx="0.404283055" />
<p fId="1" fbTx="0.404283055" lbTx="0.40428393" tId="4" fbRx="0.404283055" lbRx="0.40428393" />
<p fId="3" fbTx="0.404382096" lbTx="0.40438218" tId="0" fbRx="0.414382096" lbRx="0.41438218" />
<p fId="0" fbTx="0.40438218" lbTx="0.404383055" tId="1" fbRx="0.40438218" lbRx="0.404383055" />
<p fId="1" fbTx="0.404383055" lbTx="0.40438393" tId="4" fbRx="0.404383055" lbRx="0.40438393" />
<p fId="3" fbTx="0.404482096" lbTx="0.40448218" tId="0" fbRx="0.414482096" lbRx="0.41448218" />
<p fId="0" fbTx="0.40448218" lbTx="0.404483055" tId="1" fbRx="0.40448218" lbRx="0.404483055" />
<p fId="1" fbTx="0.404483055" lbTx="0.40448393" tId="4" fbRx="0.404483055" lbRx="0.40448393" />
<p fId="3" fbTx="0.404582096" lbTx="0.40458218" tId="0" fbRx="0.414582096" lbRx="0.41458218" />
<p fId="0" fbTx="0.40458218" lbTx="0.404583055" tId="1" fbRx="0.40458218" lbRx="0.404583055" />
<p fId="1" fbTx="0.404583055" lbTx="0.40458393" tId="4" fbRx="0.404583055" lbRx="0.40458393" />
<p fId="3" fbTx="0.404682096" lbTx="0.40468218" tId="0" fbRx="0.414682096" lbRx="0.41468218" />
<p fId="0" fbTx="0.40468218" lbTx="0.404683055" tId="1" fbRx="0.40468218" lbRx="0.404683055" />
<p fId="1" fbTx="0.404683055" lbTx="0.40468393" tId="4" fbRx="0.404683055" lbRx="0.40468393" />
<p fId="3" fbTx="0.404782096" lbTx="0.40478218" tId="0" fbRx="0.414782096" lbRx="0.41478218" />
<p fId="0" fbTx="0.40478218" lbTx="0.404783055" tId="1" fbRx="0.40478218" lbRx="0.404783055" />
<p fId="1" fbTx="0.404783055" lbTx="0.40478393" tId="4" fbRx="0.404783055" lbRx="0.40478393" />
<p fId="3" fbTx="0.404882096" lbTx="0.40488218" tId="0" fbRx="0.414882096" lbRx="0.41488218" />
<p fId="0" fbTx="0.40488218" lbTx="0.404883055" tId="1" fbRx="0.40488218" lbRx="0.404883055" />
<p fId="1" fbTx="0.404883055" lbTx="0.40488393" tId="4" fbRx="0.404883055" lbRx="0.40488393" />
<p fId="3" fbTx="0.404982096" lbTx="0.40498218" tId="0" fbRx="0.414982096" lbRx="0.41498218" />
<p fId="0" fbTx="0.40498218" lbTx="0.404983055" tId="1" fbRx="0.40498218" lbRx="0.404983055" />
<p fId="1" fbTx="0.404983055" lbTx="0.40498393" tId="4" fbRx="0.404983055" lbRx="0.40498393" />
<p fId="3" fbTx="0.405082096" lbTx="0.40508218" tId="0" fbRx="0.415082096" lbRx="0.41508218" />
<p fId="0" fbTx="0.40508218" lbTx="0.405083055" tId="1" fbRx="0.40508218" lbRx="0.405083055" />
<p fId="1" fbTx="0.405083055" lbTx="0.40508393" tId="4" fbRx="0.405083055" lbRx="0.40508393" />
<p fId="3" fbTx="0.405182096" lbTx="0.40518218" tId="0" fbRx="0.415182096" lbRx="0.41518218" />
<p fId="0" fbTx="0.40518218" lbTx="0.405183055" tId="1" fbRx="0.40518218" lbRx="0.405183055" />
<p fId="1" fbTx="0.405183055" lbTx="0.40518393" tId="4" fbRx="0.405183055" lbRx="0.40518393" />
<pr uId="383" fId="4" fbTx="0.405214286" />
<wpr uId="383" tId="5" fbRx="0.405214286" lbRx="0" />
<wpr uId="383" tId="6" fbRx="0.405214286" lbRx="0" />
<p fId="3" fbTx="0.405282096" lbTx="0.40528218" tId="0" fbRx="0.415282096" lbRx="0.41528218" />
<p fId="0" fbTx="0.40528218" lbTx="0.405283055" tId="1" fbRx="0.40528218" lbRx="0.405283055" />
<p fId="1" fbTx="0.405283055" lbTx="0.40528393" tId="4" fbRx="0.405283055" lbRx="0.40528393" />
<p fId="3" fbTx="0.405382096" lbTx="0.40538218" tId="0" fbRx="0.415382096" lbRx="0.41538218" />
<p fId="0" fbTx="0.40538218" lbTx="0.405383055" tId="1" fbRx="0.40538218" lbRx="0.405383055" />
<p fId="1" fbTx="0.405383055" lbTx="0.40538393" tId="4" fbRx="0.405383055" lbRx="0.40538393" />
<p fId="3" fbTx="0.405482096" lbTx="0.40548218" tId="0" fbRx="0.415482096" lbRx="0.41548218" />
<p fId="0" fbTx="0.40548218" lbTx="0.405483055" tId="1" fbRx="0.40548218" lbRx="0.405483055" />
<p fId="1" fbTx="0.405483055" lbTx="0.40548393" tId="4" fbRx="0.405483055" lbRx="0.40548393" />
<p fId="3" fbTx="0.405582096" lbTx="0.40558218" tId="0" fbRx="0.415582096" lbRx="0.41558218" />
<p fId="0" fbTx="0.40558218" lbTx="0.405583055" tId="1" fbRx="0.40558218" lbRx="0.405583055" />
<p fId="1" fbTx="0.405583055" lbTx="0.40558393" tId="4" fbRx="0.405583055" lbRx="0.40558393" />
<p fId="3" fbTx="0.405682096" lbTx="0.40568218" tId="0" fbRx="0.415682096" lbRx="0.41568218" />
<p fId="0" fbTx="0.40568218" lbTx="0.405683055" tId="1" fbRx="0.40568218" lbRx="0.405683055" />
<p fId="1" fbTx="0.405683055" lbTx="0.40568393" tId="4" fbRx="0.405683055" lbRx="0.40568393" />
<p fId="3" fbTx="0.405782096" lbTx="0.40578218" tId="0" fbRx="0.415782096" lbRx="0.41578218" />
<p fId="0" fbTx="0.40578218" lbTx="0.405783055" tId="1" fbRx="0.40578218" lbRx="0.405783055" />
<p fId="1" fbTx="0.405783055" lbTx="0.40578393" tId="4" fbRx="0.405783055" lbRx="0.40578393" />
<p fId="3" fbTx="0.405882096" lbTx="0.40588218" tId="0" fbRx="0.415882096" lbRx="0.41588218" />
<p fId="0" fbTx="0.40588218" lbTx="0.405883055" tId="1" fbRx="0.40588218" lbRx="0.405883055" />
<p fId="1" fbTx="0.405883055" lbTx="0.40588393" tId="4" fbRx="0.405883055" lbRx="0.40588393" />
<p fId="3" fbTx="0.405982096" lbTx="0.40598218" tId="0" fbRx="0.415982096" lbRx="0.41598218" />
<p fId="0" fbTx="0.40598218" lbTx="0.405983055" tId="1" fbRx="0.40598218" lbRx="0.405983055" />
<p fId="1" fbTx="0.405983055" lbTx="0.40598393" tId="4" fbRx="0.405983055" lbRx="0.40598393" />
<p fId="3" fbTx="0.406082096" lbTx="0.40608218" tId="0" fbRx="0.416082096" lbRx="0.41608218" />
<p fId="0" fbTx="0.40608218" lbTx="0.406083055" tId="1" fbRx="0.40608218" lbRx="0.406083055" />
<p fId="1" fbTx="0.406083055" lbTx="0.40608393" tId="4" fbRx="0.406083055" lbRx="0.40608393" />
<p fId="3" fbTx="0.406182096" lbTx="0.40618218" tId="0" fbRx="0.416182096" lbRx="0.41618218" />
<p fId="0" fbTx="0.40618218" lbTx="0.406183055" tId="1" fbRx="0.40618218" lbRx="0.406183055" />
<p fId="1" fbTx="0.406183055" lbTx="0.40618393" tId="4" fbRx="0.406183055" lbRx="0.40618393" />
<pr uId="384" fId="4" fbTx="0.406214286" />
<wpr uId="384" tId="5" fbRx="0.406214286" lbRx="0" />
<wpr uId="384" tId="6" fbRx="0.406214286" lbRx="0" />
<p fId="3" fbTx="0.406282096" lbTx="0.40628218" tId="0" fbRx="0.416282096" lbRx="0.41628218" />
<p fId="0" fbTx="0.40628218" lbTx="0.406283055" tId="1" fbRx="0.40628218" lbRx="0.406283055" />
<p fId="1" fbTx="0.406283055" lbTx="0.40628393" tId="4" fbRx="0.406283055" lbRx="0.40628393" />
<p fId="3" fbTx="0.406382096" lbTx="0.40638218" tId="0" fbRx="0.416382096" lbRx="0.41638218" />
<p fId="0" fbTx="0.40638218" lbTx="0.406383055" tId="1" fbRx="0.40638218" lbRx="0.406383055" />
<p fId="1" fbTx="0.406383055" lbTx="0.40638393" tId="4" fbRx="0.406383055" lbRx="0.40638393" />
<p fId="3" fbTx="0.406482096" lbTx="0.40648218" tId="0" fbRx="0.416482096" lbRx="0.41648218" />
<p fId="0" fbTx="0.40648218" lbTx="0.406483055" tId="1" fbRx="0.40648218" lbRx="0.406483055" />
<p fId="1" fbTx="0.406483055" lbTx="0.40648393" tId="4" fbRx="0.406483055" lbRx="0.40648393" />
<p fId="3" fbTx="0.406582096" lbTx="0.40658218" tId="0" fbRx="0.416582096" lbRx="0.41658218" />
<p fId="0" fbTx="0.40658218" lbTx="0.406583055" tId="1" fbRx="0.40658218" lbRx="0.406583055" />
<p fId="1" fbTx="0.406583055" lbTx="0.40658393" tId="4" fbRx="0.406583055" lbRx="0.40658393" />
<p fId="3" fbTx="0.406682096" lbTx="0.40668218" tId="0" fbRx="0.416682096" lbRx="0.41668218" />
<p fId="0" fbTx="0.40668218" lbTx="0.406683055" tId="1" fbRx="0.40668218" lbRx="0.406683055" />
<p fId="1" fbTx="0.406683055" lbTx="0.40668393" tId="4" fbRx="0.406683055" lbRx="0.40668393" />
<p fId="3" fbTx="0.406782096" lbTx="0.40678218" tId="0" fbRx="0.416782096" lbRx="0.41678218" />
<p fId="0" fbTx="0.40678218" lbTx="0.406783055" tId="1" fbRx="0.40678218" lbRx="0.406783055" />
<p fId="1" fbTx="0.406783055" lbTx="0.40678393" tId="4" fbRx="0.406783055" lbRx="0.40678393" />
<p fId="3" fbTx="0.406882096" lbTx="0.40688218" tId="0" fbRx="0.416882096" lbRx="0.41688218" />
<p fId="0" fbTx="0.40688218" lbTx="0.406883055" tId="1" fbRx="0.40688218" lbRx="0.406883055" />
<p fId="1" fbTx="0.406883055" lbTx="0.40688393" tId="4" fbRx="0.406883055" lbRx="0.40688393" />
<p fId="3" fbTx="0.406982096" lbTx="0.40698218" tId="0" fbRx="0.416982096" lbRx="0.41698218" />
<p fId="0" fbTx="0.40698218" lbTx="0.406983055" tId="1" fbRx="0.40698218" lbRx="0.406983055" />
<p fId="1" fbTx="0.406983055" lbTx="0.40698393" tId="4" fbRx="0.406983055" lbRx="0.40698393" />
<p fId="3" fbTx="0.407082096" lbTx="0.40708218" tId="0" fbRx="0.417082096" lbRx="0.41708218" />
<p fId="0" fbTx="0.40708218" lbTx="0.407083055" tId="1" fbRx="0.40708218" lbRx="0.407083055" />
<p fId="1" fbTx="0.407083055" lbTx="0.40708393" tId="4" fbRx="0.407083055" lbRx="0.40708393" />
<p fId="3" fbTx="0.407182096" lbTx="0.40718218" tId="0" fbRx="0.417182096" lbRx="0.41718218" />
<p fId="0" fbTx="0.40718218" lbTx="0.407183055" tId="1" fbRx="0.40718218" lbRx="0.407183055" />
<p fId="1" fbTx="0.407183055" lbTx="0.40718393" tId="4" fbRx="0.407183055" lbRx="0.40718393" />
<pr uId="385" fId="4" fbTx="0.407214286" />
<wpr uId="385" tId="5" fbRx="0.407214286" lbRx="0" />
<wpr uId="385" tId="6" fbRx="0.407214286" lbRx="0" />
<p fId="3" fbTx="0.407282096" lbTx="0.40728218" tId="0" fbRx="0.417282096" lbRx="0.41728218" />
<p fId="0" fbTx="0.40728218" lbTx="0.407283055" tId="1" fbRx="0.40728218" lbRx="0.407283055" />
<p fId="1" fbTx="0.407283055" lbTx="0.40728393" tId="4" fbRx="0.407283055" lbRx="0.40728393" />
<p fId="3" fbTx="0.407382096" lbTx="0.40738218" tId="0" fbRx="0.417382096" lbRx="0.41738218" />
<p fId="0" fbTx="0.40738218" lbTx="0.407383055" tId="1" fbRx="0.40738218" lbRx="0.407383055" />
<p fId="1" fbTx="0.407383055" lbTx="0.40738393" tId="4" fbRx="0.407383055" lbRx="0.40738393" />
<p fId="3" fbTx="0.407482096" lbTx="0.40748218" tId="0" fbRx="0.417482096" lbRx="0.41748218" />
<p fId="0" fbTx="0.40748218" lbTx="0.407483055" tId="1" fbRx="0.40748218" lbRx="0.407483055" />
<p fId="1" fbTx="0.407483055" lbTx="0.40748393" tId="4" fbRx="0.407483055" lbRx="0.40748393" />
<p fId="3" fbTx="0.407582096" lbTx="0.40758218" tId="0" fbRx="0.417582096" lbRx="0.41758218" />
<p fId="0" fbTx="0.40758218" lbTx="0.407583055" tId="1" fbRx="0.40758218" lbRx="0.407583055" />
<p fId="1" fbTx="0.407583055" lbTx="0.40758393" tId="4" fbRx="0.407583055" lbRx="0.40758393" />
<p fId="3" fbTx="0.407682096" lbTx="0.40768218" tId="0" fbRx="0.417682096" lbRx="0.41768218" />
<p fId="0" fbTx="0.40768218" lbTx="0.407683055" tId="1" fbRx="0.40768218" lbRx="0.407683055" />
<p fId="1" fbTx="0.407683055" lbTx="0.40768393" tId="4" fbRx="0.407683055" lbRx="0.40768393" />
<p fId="3" fbTx="0.407782096" lbTx="0.40778218" tId="0" fbRx="0.417782096" lbRx="0.41778218" />
<p fId="0" fbTx="0.40778218" lbTx="0.407783055" tId="1" fbRx="0.40778218" lbRx="0.407783055" />
<p fId="1" fbTx="0.407783055" lbTx="0.40778393" tId="4" fbRx="0.407783055" lbRx="0.40778393" />
<p fId="3" fbTx="0.407882096" lbTx="0.40788218" tId="0" fbRx="0.417882096" lbRx="0.41788218" />
<p fId="0" fbTx="0.40788218" lbTx="0.407883055" tId="1" fbRx="0.40788218" lbRx="0.407883055" />
<p fId="1" fbTx="0.407883055" lbTx="0.40788393" tId="4" fbRx="0.407883055" lbRx="0.40788393" />
<p fId="3" fbTx="0.407982096" lbTx="0.40798218" tId="0" fbRx="0.417982096" lbRx="0.41798218" />
<p fId="0" fbTx="0.40798218" lbTx="0.407983055" tId="1" fbRx="0.40798218" lbRx="0.407983055" />
<p fId="1" fbTx="0.407983055" lbTx="0.40798393" tId="4" fbRx="0.407983055" lbRx="0.40798393" />
<p fId="3" fbTx="0.408082096" lbTx="0.40808218" tId="0" fbRx="0.418082096" lbRx="0.41808218" />
<p fId="0" fbTx="0.40808218" lbTx="0.408083055" tId="1" fbRx="0.40808218" lbRx="0.408083055" />
<p fId="1" fbTx="0.408083055" lbTx="0.40808393" tId="4" fbRx="0.408083055" lbRx="0.40808393" />
<p fId="3" fbTx="0.408182096" lbTx="0.40818218" tId="0" fbRx="0.418182096" lbRx="0.41818218" />
<p fId="0" fbTx="0.40818218" lbTx="0.408183055" tId="1" fbRx="0.40818218" lbRx="0.408183055" />
<p fId="1" fbTx="0.408183055" lbTx="0.40818393" tId="4" fbRx="0.408183055" lbRx="0.40818393" />
<pr uId="386" fId="4" fbTx="0.408214286" />
<wpr uId="386" tId="5" fbRx="0.408214286" lbRx="0" />
<wpr uId="386" tId="6" fbRx="0.408214286" lbRx="0" />
<p fId="3" fbTx="0.408282096" lbTx="0.40828218" tId="0" fbRx="0.418282096" lbRx="0.41828218" />
<p fId="0" fbTx="0.40828218" lbTx="0.408283055" tId="1" fbRx="0.40828218" lbRx="0.408283055" />
<p fId="1" fbTx="0.408283055" lbTx="0.40828393" tId="4" fbRx="0.408283055" lbRx="0.40828393" />
<p fId="3" fbTx="0.408382096" lbTx="0.40838218" tId="0" fbRx="0.418382096" lbRx="0.41838218" />
<p fId="0" fbTx="0.40838218" lbTx="0.408383055" tId="1" fbRx="0.40838218" lbRx="0.408383055" />
<p fId="1" fbTx="0.408383055" lbTx="0.40838393" tId="4" fbRx="0.408383055" lbRx="0.40838393" />
<p fId="3" fbTx="0.408482096" lbTx="0.40848218" tId="0" fbRx="0.418482096" lbRx="0.41848218" />
<p fId="0" fbTx="0.40848218" lbTx="0.408483055" tId="1" fbRx="0.40848218" lbRx="0.408483055" />
<p fId="1" fbTx="0.408483055" lbTx="0.40848393" tId="4" fbRx="0.408483055" lbRx="0.40848393" />
<p fId="3" fbTx="0.408582096" lbTx="0.40858218" tId="0" fbRx="0.418582096" lbRx="0.41858218" />
<p fId="0" fbTx="0.40858218" lbTx="0.408583055" tId="1" fbRx="0.40858218" lbRx="0.408583055" />
<p fId="1" fbTx="0.408583055" lbTx="0.40858393" tId="4" fbRx="0.408583055" lbRx="0.40858393" />
<p fId="3" fbTx="0.408682096" lbTx="0.40868218" tId="0" fbRx="0.418682096" lbRx="0.41868218" />
<p fId="0" fbTx="0.40868218" lbTx="0.408683055" tId="1" fbRx="0.40868218" lbRx="0.408683055" />
<p fId="1" fbTx="0.408683055" lbTx="0.40868393" tId="4" fbRx="0.408683055" lbRx="0.40868393" />
<p fId="3" fbTx="0.408782096" lbTx="0.40878218" tId="0" fbRx="0.418782096" lbRx="0.41878218" />
<p fId="0" fbTx="0.40878218" lbTx="0.408783055" tId="1" fbRx="0.40878218" lbRx="0.408783055" />
<p fId="1" fbTx="0.408783055" lbTx="0.40878393" tId="4" fbRx="0.408783055" lbRx="0.40878393" />
<p fId="3" fbTx="0.408882096" lbTx="0.40888218" tId="0" fbRx="0.418882096" lbRx="0.41888218" />
<p fId="0" fbTx="0.40888218" lbTx="0.408883055" tId="1" fbRx="0.40888218" lbRx="0.408883055" />
<p fId="1" fbTx="0.408883055" lbTx="0.40888393" tId="4" fbRx="0.408883055" lbRx="0.40888393" />
<p fId="3" fbTx="0.408982096" lbTx="0.40898218" tId="0" fbRx="0.418982096" lbRx="0.41898218" />
<p fId="0" fbTx="0.40898218" lbTx="0.408983055" tId="1" fbRx="0.40898218" lbRx="0.408983055" />
<p fId="1" fbTx="0.408983055" lbTx="0.40898393" tId="4" fbRx="0.408983055" lbRx="0.40898393" />
<p fId="3" fbTx="0.409082096" lbTx="0.40908218" tId="0" fbRx="0.419082096" lbRx="0.41908218" />
<p fId="0" fbTx="0.40908218" lbTx="0.409083055" tId="1" fbRx="0.40908218" lbRx="0.409083055" />
<p fId="1" fbTx="0.409083055" lbTx="0.40908393" tId="4" fbRx="0.409083055" lbRx="0.40908393" />
<p fId="3" fbTx="0.409182096" lbTx="0.40918218" tId="0" fbRx="0.419182096" lbRx="0.41918218" />
<p fId="0" fbTx="0.40918218" lbTx="0.409183055" tId="1" fbRx="0.40918218" lbRx="0.409183055" />
<p fId="1" fbTx="0.409183055" lbTx="0.40918393" tId="4" fbRx="0.409183055" lbRx="0.40918393" />
<pr uId="387" fId="4" fbTx="0.409214286" />
<wpr uId="387" tId="5" fbRx="0.409214286" lbRx="0" />
<wpr uId="387" tId="6" fbRx="0.409214286" lbRx="0" />
<p fId="3" fbTx="0.409282096" lbTx="0.40928218" tId="0" fbRx="0.419282096" lbRx="0.41928218" />
<p fId="0" fbTx="0.40928218" lbTx="0.409283055" tId="1" fbRx="0.40928218" lbRx="0.409283055" />
<p fId="1" fbTx="0.409283055" lbTx="0.40928393" tId="4" fbRx="0.409283055" lbRx="0.40928393" />
<p fId="3" fbTx="0.409382096" lbTx="0.40938218" tId="0" fbRx="0.419382096" lbRx="0.41938218" />
<p fId="0" fbTx="0.40938218" lbTx="0.409383055" tId="1" fbRx="0.40938218" lbRx="0.409383055" />
<p fId="1" fbTx="0.409383055" lbTx="0.40938393" tId="4" fbRx="0.409383055" lbRx="0.40938393" />
<p fId="3" fbTx="0.409482096" lbTx="0.40948218" tId="0" fbRx="0.419482096" lbRx="0.41948218" />
<p fId="0" fbTx="0.40948218" lbTx="0.409483055" tId="1" fbRx="0.40948218" lbRx="0.409483055" />
<p fId="1" fbTx="0.409483055" lbTx="0.40948393" tId="4" fbRx="0.409483055" lbRx="0.40948393" />
<p fId="3" fbTx="0.409582096" lbTx="0.40958218" tId="0" fbRx="0.419582096" lbRx="0.41958218" />
<p fId="0" fbTx="0.40958218" lbTx="0.409583055" tId="1" fbRx="0.40958218" lbRx="0.409583055" />
<p fId="1" fbTx="0.409583055" lbTx="0.40958393" tId="4" fbRx="0.409583055" lbRx="0.40958393" />
<p fId="3" fbTx="0.409682096" lbTx="0.40968218" tId="0" fbRx="0.419682096" lbRx="0.41968218" />
<p fId="0" fbTx="0.40968218" lbTx="0.409683055" tId="1" fbRx="0.40968218" lbRx="0.409683055" />
<p fId="1" fbTx="0.409683055" lbTx="0.40968393" tId="4" fbRx="0.409683055" lbRx="0.40968393" />
<p fId="3" fbTx="0.409782096" lbTx="0.40978218" tId="0" fbRx="0.419782096" lbRx="0.41978218" />
<p fId="0" fbTx="0.40978218" lbTx="0.409783055" tId="1" fbRx="0.40978218" lbRx="0.409783055" />
<p fId="1" fbTx="0.409783055" lbTx="0.40978393" tId="4" fbRx="0.409783055" lbRx="0.40978393" />
<p fId="3" fbTx="0.409882096" lbTx="0.40988218" tId="0" fbRx="0.419882096" lbRx="0.41988218" />
<p fId="0" fbTx="0.40988218" lbTx="0.409883055" tId="1" fbRx="0.40988218" lbRx="0.409883055" />
<p fId="1" fbTx="0.409883055" lbTx="0.40988393" tId="4" fbRx="0.409883055" lbRx="0.40988393" />
<p fId="3" fbTx="0.409982096" lbTx="0.40998218" tId="0" fbRx="0.419982096" lbRx="0.41998218" />
<p fId="0" fbTx="0.40998218" lbTx="0.409983055" tId="1" fbRx="0.40998218" lbRx="0.409983055" />
<p fId="1" fbTx="0.409983055" lbTx="0.40998393" tId="4" fbRx="0.409983055" lbRx="0.40998393" />
<p fId="3" fbTx="0.410082096" lbTx="0.41008218" tId="0" fbRx="0.420082096" lbRx="0.42008218" />
<p fId="0" fbTx="0.41008218" lbTx="0.410083055" tId="1" fbRx="0.41008218" lbRx="0.410083055" />
<p fId="1" fbTx="0.410083055" lbTx="0.41008393" tId="4" fbRx="0.410083055" lbRx="0.41008393" />
<p fId="3" fbTx="0.410182096" lbTx="0.41018218" tId="0" fbRx="0.420182096" lbRx="0.42018218" />
<p fId="0" fbTx="0.41018218" lbTx="0.410183055" tId="1" fbRx="0.41018218" lbRx="0.410183055" />
<p fId="1" fbTx="0.410183055" lbTx="0.41018393" tId="4" fbRx="0.410183055" lbRx="0.41018393" />
<pr uId="388" fId="4" fbTx="0.410214286" />
<wpr uId="388" tId="5" fbRx="0.410214286" lbRx="0" />
<wpr uId="388" tId="6" fbRx="0.410214286" lbRx="0" />
<p fId="3" fbTx="0.410282096" lbTx="0.41028218" tId="0" fbRx="0.420282096" lbRx="0.42028218" />
<p fId="0" fbTx="0.41028218" lbTx="0.410283055" tId="1" fbRx="0.41028218" lbRx="0.410283055" />
<p fId="1" fbTx="0.410283055" lbTx="0.41028393" tId="4" fbRx="0.410283055" lbRx="0.41028393" />
<p fId="3" fbTx="0.410382096" lbTx="0.41038218" tId="0" fbRx="0.420382096" lbRx="0.42038218" />
<p fId="0" fbTx="0.41038218" lbTx="0.410383055" tId="1" fbRx="0.41038218" lbRx="0.410383055" />
<p fId="1" fbTx="0.410383055" lbTx="0.41038393" tId="4" fbRx="0.410383055" lbRx="0.41038393" />
<p fId="3" fbTx="0.410482096" lbTx="0.41048218" tId="0" fbRx="0.420482096" lbRx="0.42048218" />
<p fId="0" fbTx="0.41048218" lbTx="0.410483055" tId="1" fbRx="0.41048218" lbRx="0.410483055" />
<p fId="1" fbTx="0.410483055" lbTx="0.41048393" tId="4" fbRx="0.410483055" lbRx="0.41048393" />
<p fId="3" fbTx="0.410582096" lbTx="0.41058218" tId="0" fbRx="0.420582096" lbRx="0.42058218" />
<p fId="0" fbTx="0.41058218" lbTx="0.410583055" tId="1" fbRx="0.41058218" lbRx="0.410583055" />
<p fId="1" fbTx="0.410583055" lbTx="0.41058393" tId="4" fbRx="0.410583055" lbRx="0.41058393" />
<p fId="3" fbTx="0.410682096" lbTx="0.41068218" tId="0" fbRx="0.420682096" lbRx="0.42068218" />
<p fId="0" fbTx="0.41068218" lbTx="0.410683055" tId="1" fbRx="0.41068218" lbRx="0.410683055" />
<p fId="1" fbTx="0.410683055" lbTx="0.41068393" tId="4" fbRx="0.410683055" lbRx="0.41068393" />
<p fId="3" fbTx="0.410782096" lbTx="0.41078218" tId="0" fbRx="0.420782096" lbRx="0.42078218" />
<p fId="0" fbTx="0.41078218" lbTx="0.410783055" tId="1" fbRx="0.41078218" lbRx="0.410783055" />
<p fId="1" fbTx="0.410783055" lbTx="0.41078393" tId="4" fbRx="0.410783055" lbRx="0.41078393" />
<p fId="3" fbTx="0.410882096" lbTx="0.41088218" tId="0" fbRx="0.420882096" lbRx="0.42088218" />
<p fId="0" fbTx="0.41088218" lbTx="0.410883055" tId="1" fbRx="0.41088218" lbRx="0.410883055" />
<p fId="1" fbTx="0.410883055" lbTx="0.41088393" tId="4" fbRx="0.410883055" lbRx="0.41088393" />
<p fId="3" fbTx="0.410982096" lbTx="0.41098218" tId="0" fbRx="0.420982096" lbRx="0.42098218" />
<p fId="0" fbTx="0.41098218" lbTx="0.410983055" tId="1" fbRx="0.41098218" lbRx="0.410983055" />
<p fId="1" fbTx="0.410983055" lbTx="0.41098393" tId="4" fbRx="0.410983055" lbRx="0.41098393" />
<p fId="3" fbTx="0.411082096" lbTx="0.41108218" tId="0" fbRx="0.421082096" lbRx="0.42108218" />
<p fId="0" fbTx="0.41108218" lbTx="0.411083055" tId="1" fbRx="0.41108218" lbRx="0.411083055" />
<p fId="1" fbTx="0.411083055" lbTx="0.41108393" tId="4" fbRx="0.411083055" lbRx="0.41108393" />
<p fId="3" fbTx="0.411182096" lbTx="0.41118218" tId="0" fbRx="0.421182096" lbRx="0.42118218" />
<p fId="0" fbTx="0.41118218" lbTx="0.411183055" tId="1" fbRx="0.41118218" lbRx="0.411183055" />
<p fId="1" fbTx="0.411183055" lbTx="0.41118393" tId="4" fbRx="0.411183055" lbRx="0.41118393" />
<pr uId="389" fId="4" fbTx="0.411214286" />
<wpr uId="389" tId="5" fbRx="0.411214286" lbRx="0" />
<wpr uId="389" tId="6" fbRx="0.411214286" lbRx="0" />
<p fId="3" fbTx="0.411282096" lbTx="0.41128218" tId="0" fbRx="0.421282096" lbRx="0.42128218" />
<p fId="0" fbTx="0.41128218" lbTx="0.411283055" tId="1" fbRx="0.41128218" lbRx="0.411283055" />
<p fId="1" fbTx="0.411283055" lbTx="0.41128393" tId="4" fbRx="0.411283055" lbRx="0.41128393" />
<p fId="3" fbTx="0.411382096" lbTx="0.41138218" tId="0" fbRx="0.421382096" lbRx="0.42138218" />
<p fId="0" fbTx="0.41138218" lbTx="0.411383055" tId="1" fbRx="0.41138218" lbRx="0.411383055" />
<p fId="1" fbTx="0.411383055" lbTx="0.41138393" tId="4" fbRx="0.411383055" lbRx="0.41138393" />
<p fId="3" fbTx="0.411482096" lbTx="0.41148218" tId="0" fbRx="0.421482096" lbRx="0.42148218" />
<p fId="0" fbTx="0.41148218" lbTx="0.411483055" tId="1" fbRx="0.41148218" lbRx="0.411483055" />
<p fId="1" fbTx="0.411483055" lbTx="0.41148393" tId="4" fbRx="0.411483055" lbRx="0.41148393" />
<p fId="3" fbTx="0.411582096" lbTx="0.41158218" tId="0" fbRx="0.421582096" lbRx="0.42158218" />
<p fId="0" fbTx="0.41158218" lbTx="0.411583055" tId="1" fbRx="0.41158218" lbRx="0.411583055" />
<p fId="1" fbTx="0.411583055" lbTx="0.41158393" tId="4" fbRx="0.411583055" lbRx="0.41158393" />
<p fId="3" fbTx="0.411682096" lbTx="0.41168218" tId="0" fbRx="0.421682096" lbRx="0.42168218" />
<p fId="0" fbTx="0.41168218" lbTx="0.411683055" tId="1" fbRx="0.41168218" lbRx="0.411683055" />
<p fId="1" fbTx="0.411683055" lbTx="0.41168393" tId="4" fbRx="0.411683055" lbRx="0.41168393" />
<p fId="3" fbTx="0.411782096" lbTx="0.41178218" tId="0" fbRx="0.421782096" lbRx="0.42178218" />
<p fId="0" fbTx="0.41178218" lbTx="0.411783055" tId="1" fbRx="0.41178218" lbRx="0.411783055" />
<p fId="1" fbTx="0.411783055" lbTx="0.41178393" tId="4" fbRx="0.411783055" lbRx="0.41178393" />
<p fId="3" fbTx="0.411882096" lbTx="0.41188218" tId="0" fbRx="0.421882096" lbRx="0.42188218" />
<p fId="0" fbTx="0.41188218" lbTx="0.411883055" tId="1" fbRx="0.41188218" lbRx="0.411883055" />
<p fId="1" fbTx="0.411883055" lbTx="0.41188393" tId="4" fbRx="0.411883055" lbRx="0.41188393" />
<p fId="3" fbTx="0.411982096" lbTx="0.41198218" tId="0" fbRx="0.421982096" lbRx="0.42198218" />
<p fId="0" fbTx="0.41198218" lbTx="0.411983055" tId="1" fbRx="0.41198218" lbRx="0.411983055" />
<p fId="1" fbTx="0.411983055" lbTx="0.41198393" tId="4" fbRx="0.411983055" lbRx="0.41198393" />
<p fId="3" fbTx="0.412082096" lbTx="0.41208218" tId="0" fbRx="0.422082096" lbRx="0.42208218" />
<p fId="0" fbTx="0.41208218" lbTx="0.412083055" tId="1" fbRx="0.41208218" lbRx="0.412083055" />
<p fId="1" fbTx="0.412083055" lbTx="0.41208393" tId="4" fbRx="0.412083055" lbRx="0.41208393" />
<p fId="3" fbTx="0.412182096" lbTx="0.41218218" tId="0" fbRx="0.422182096" lbRx="0.42218218" />
<p fId="0" fbTx="0.41218218" lbTx="0.412183055" tId="1" fbRx="0.41218218" lbRx="0.412183055" />
<p fId="1" fbTx="0.412183055" lbTx="0.41218393" tId="4" fbRx="0.412183055" lbRx="0.41218393" />
<pr uId="390" fId="4" fbTx="0.412214286" />
<wpr uId="390" tId="5" fbRx="0.412214286" lbRx="0" />
<wpr uId="390" tId="6" fbRx="0.412214286" lbRx="0" />
<p fId="3" fbTx="0.412282096" lbTx="0.41228218" tId="0" fbRx="0.422282096" lbRx="0.42228218" />
<p fId="0" fbTx="0.41228218" lbTx="0.412283055" tId="1" fbRx="0.41228218" lbRx="0.412283055" />
<p fId="1" fbTx="0.412283055" lbTx="0.41228393" tId="4" fbRx="0.412283055" lbRx="0.41228393" />
<p fId="3" fbTx="0.412382096" lbTx="0.41238218" tId="0" fbRx="0.422382096" lbRx="0.42238218" />
<p fId="0" fbTx="0.41238218" lbTx="0.412383055" tId="1" fbRx="0.41238218" lbRx="0.412383055" />
<p fId="1" fbTx="0.412383055" lbTx="0.41238393" tId="4" fbRx="0.412383055" lbRx="0.41238393" />
<p fId="3" fbTx="0.412482096" lbTx="0.41248218" tId="0" fbRx="0.422482096" lbRx="0.42248218" />
<p fId="0" fbTx="0.41248218" lbTx="0.412483055" tId="1" fbRx="0.41248218" lbRx="0.412483055" />
<p fId="1" fbTx="0.412483055" lbTx="0.41248393" tId="4" fbRx="0.412483055" lbRx="0.41248393" />
<p fId="3" fbTx="0.412582096" lbTx="0.41258218" tId="0" fbRx="0.422582096" lbRx="0.42258218" />
<p fId="0" fbTx="0.41258218" lbTx="0.412583055" tId="1" fbRx="0.41258218" lbRx="0.412583055" />
<p fId="1" fbTx="0.412583055" lbTx="0.41258393" tId="4" fbRx="0.412583055" lbRx="0.41258393" />
<p fId="3" fbTx="0.412682096" lbTx="0.41268218" tId="0" fbRx="0.422682096" lbRx="0.42268218" />
<p fId="0" fbTx="0.41268218" lbTx="0.412683055" tId="1" fbRx="0.41268218" lbRx="0.412683055" />
<p fId="1" fbTx="0.412683055" lbTx="0.41268393" tId="4" fbRx="0.412683055" lbRx="0.41268393" />
<p fId="3" fbTx="0.412782096" lbTx="0.41278218" tId="0" fbRx="0.422782096" lbRx="0.42278218" />
<p fId="0" fbTx="0.41278218" lbTx="0.412783055" tId="1" fbRx="0.41278218" lbRx="0.412783055" />
<p fId="1" fbTx="0.412783055" lbTx="0.41278393" tId="4" fbRx="0.412783055" lbRx="0.41278393" />
<p fId="3" fbTx="0.412882096" lbTx="0.41288218" tId="0" fbRx="0.422882096" lbRx="0.42288218" />
<p fId="0" fbTx="0.41288218" lbTx="0.412883055" tId="1" fbRx="0.41288218" lbRx="0.412883055" />
<p fId="1" fbTx="0.412883055" lbTx="0.41288393" tId="4" fbRx="0.412883055" lbRx="0.41288393" />
<p fId="3" fbTx="0.412982096" lbTx="0.41298218" tId="0" fbRx="0.422982096" lbRx="0.42298218" />
<p fId="0" fbTx="0.41298218" lbTx="0.412983055" tId="1" fbRx="0.41298218" lbRx="0.412983055" />
<p fId="1" fbTx="0.412983055" lbTx="0.41298393" tId="4" fbRx="0.412983055" lbRx="0.41298393" />
<p fId="3" fbTx="0.413082096" lbTx="0.41308218" tId="0" fbRx="0.423082096" lbRx="0.42308218" />
<p fId="0" fbTx="0.41308218" lbTx="0.413083055" tId="1" fbRx="0.41308218" lbRx="0.413083055" />
<p fId="1" fbTx="0.413083055" lbTx="0.41308393" tId="4" fbRx="0.413083055" lbRx="0.41308393" />
<p fId="3" fbTx="0.413182096" lbTx="0.41318218" tId="0" fbRx="0.423182096" lbRx="0.42318218" />
<p fId="0" fbTx="0.41318218" lbTx="0.413183055" tId="1" fbRx="0.41318218" lbRx="0.413183055" />
<p fId="1" fbTx="0.413183055" lbTx="0.41318393" tId="4" fbRx="0.413183055" lbRx="0.41318393" />
<pr uId="391" fId="4" fbTx="0.413214286" />
<wpr uId="391" tId="5" fbRx="0.413214286" lbRx="0" />
<wpr uId="391" tId="6" fbRx="0.413214286" lbRx="0" />
<p fId="3" fbTx="0.413282096" lbTx="0.41328218" tId="0" fbRx="0.423282096" lbRx="0.42328218" />
<p fId="0" fbTx="0.41328218" lbTx="0.413283055" tId="1" fbRx="0.41328218" lbRx="0.413283055" />
<p fId="1" fbTx="0.413283055" lbTx="0.41328393" tId="4" fbRx="0.413283055" lbRx="0.41328393" />
<p fId="3" fbTx="0.413382096" lbTx="0.41338218" tId="0" fbRx="0.423382096" lbRx="0.42338218" />
<p fId="0" fbTx="0.41338218" lbTx="0.413383055" tId="1" fbRx="0.41338218" lbRx="0.413383055" />
<p fId="1" fbTx="0.413383055" lbTx="0.41338393" tId="4" fbRx="0.413383055" lbRx="0.41338393" />
<p fId="3" fbTx="0.413482096" lbTx="0.41348218" tId="0" fbRx="0.423482096" lbRx="0.42348218" />
<p fId="0" fbTx="0.41348218" lbTx="0.413483055" tId="1" fbRx="0.41348218" lbRx="0.413483055" />
<p fId="1" fbTx="0.413483055" lbTx="0.41348393" tId="4" fbRx="0.413483055" lbRx="0.41348393" />
<p fId="3" fbTx="0.413582096" lbTx="0.41358218" tId="0" fbRx="0.423582096" lbRx="0.42358218" />
<p fId="0" fbTx="0.41358218" lbTx="0.413583055" tId="1" fbRx="0.41358218" lbRx="0.413583055" />
<p fId="1" fbTx="0.413583055" lbTx="0.41358393" tId="4" fbRx="0.413583055" lbRx="0.41358393" />
<p fId="3" fbTx="0.413682096" lbTx="0.41368218" tId="0" fbRx="0.423682096" lbRx="0.42368218" />
<p fId="0" fbTx="0.41368218" lbTx="0.413683055" tId="1" fbRx="0.41368218" lbRx="0.413683055" />
<p fId="1" fbTx="0.413683055" lbTx="0.41368393" tId="4" fbRx="0.413683055" lbRx="0.41368393" />
<p fId="3" fbTx="0.413782096" lbTx="0.41378218" tId="0" fbRx="0.423782096" lbRx="0.42378218" />
<p fId="0" fbTx="0.41378218" lbTx="0.413783055" tId="1" fbRx="0.41378218" lbRx="0.413783055" />
<p fId="1" fbTx="0.413783055" lbTx="0.41378393" tId="4" fbRx="0.413783055" lbRx="0.41378393" />
<p fId="3" fbTx="0.413882096" lbTx="0.41388218" tId="0" fbRx="0.423882096" lbRx="0.42388218" />
<p fId="0" fbTx="0.41388218" lbTx="0.413883055" tId="1" fbRx="0.41388218" lbRx="0.413883055" />
<p fId="1" fbTx="0.413883055" lbTx="0.41388393" tId="4" fbRx="0.413883055" lbRx="0.41388393" />
<p fId="3" fbTx="0.413982096" lbTx="0.41398218" tId="0" fbRx="0.423982096" lbRx="0.42398218" />
<p fId="0" fbTx="0.41398218" lbTx="0.413983055" tId="1" fbRx="0.41398218" lbRx="0.413983055" />
<p fId="1" fbTx="0.413983055" lbTx="0.41398393" tId="4" fbRx="0.413983055" lbRx="0.41398393" />
<p fId="3" fbTx="0.414082096" lbTx="0.41408218" tId="0" fbRx="0.424082096" lbRx="0.42408218" />
<p fId="0" fbTx="0.41408218" lbTx="0.414083055" tId="1" fbRx="0.41408218" lbRx="0.414083055" />
<p fId="1" fbTx="0.414083055" lbTx="0.41408393" tId="4" fbRx="0.414083055" lbRx="0.41408393" />
<p fId="3" fbTx="0.414182096" lbTx="0.41418218" tId="0" fbRx="0.424182096" lbRx="0.42418218" />
<p fId="0" fbTx="0.41418218" lbTx="0.414183055" tId="1" fbRx="0.41418218" lbRx="0.414183055" />
<p fId="1" fbTx="0.414183055" lbTx="0.41418393" tId="4" fbRx="0.414183055" lbRx="0.41418393" />
<pr uId="392" fId="4" fbTx="0.414214286" />
<wpr uId="392" tId="5" fbRx="0.414214286" lbRx="0" />
<wpr uId="392" tId="6" fbRx="0.414214286" lbRx="0" />
<p fId="3" fbTx="0.414282096" lbTx="0.41428218" tId="0" fbRx="0.424282096" lbRx="0.42428218" />
<p fId="0" fbTx="0.41428218" lbTx="0.414283055" tId="1" fbRx="0.41428218" lbRx="0.414283055" />
<p fId="1" fbTx="0.414283055" lbTx="0.41428393" tId="4" fbRx="0.414283055" lbRx="0.41428393" />
<p fId="3" fbTx="0.414382096" lbTx="0.41438218" tId="0" fbRx="0.424382096" lbRx="0.42438218" />
<p fId="0" fbTx="0.41438218" lbTx="0.414383055" tId="1" fbRx="0.41438218" lbRx="0.414383055" />
<p fId="1" fbTx="0.414383055" lbTx="0.41438393" tId="4" fbRx="0.414383055" lbRx="0.41438393" />
<p fId="3" fbTx="0.414482096" lbTx="0.41448218" tId="0" fbRx="0.424482096" lbRx="0.42448218" />
<p fId="0" fbTx="0.41448218" lbTx="0.414483055" tId="1" fbRx="0.41448218" lbRx="0.414483055" />
<p fId="1" fbTx="0.414483055" lbTx="0.41448393" tId="4" fbRx="0.414483055" lbRx="0.41448393" />
<p fId="3" fbTx="0.414582096" lbTx="0.41458218" tId="0" fbRx="0.424582096" lbRx="0.42458218" />
<p fId="0" fbTx="0.41458218" lbTx="0.414583055" tId="1" fbRx="0.41458218" lbRx="0.414583055" />
<p fId="1" fbTx="0.414583055" lbTx="0.41458393" tId="4" fbRx="0.414583055" lbRx="0.41458393" />
<p fId="3" fbTx="0.414682096" lbTx="0.41468218" tId="0" fbRx="0.424682096" lbRx="0.42468218" />
<p fId="0" fbTx="0.41468218" lbTx="0.414683055" tId="1" fbRx="0.41468218" lbRx="0.414683055" />
<p fId="1" fbTx="0.414683055" lbTx="0.41468393" tId="4" fbRx="0.414683055" lbRx="0.41468393" />
<p fId="3" fbTx="0.414782096" lbTx="0.41478218" tId="0" fbRx="0.424782096" lbRx="0.42478218" />
<p fId="0" fbTx="0.41478218" lbTx="0.414783055" tId="1" fbRx="0.41478218" lbRx="0.414783055" />
<p fId="1" fbTx="0.414783055" lbTx="0.41478393" tId="4" fbRx="0.414783055" lbRx="0.41478393" />
<p fId="3" fbTx="0.414882096" lbTx="0.41488218" tId="0" fbRx="0.424882096" lbRx="0.42488218" />
<p fId="0" fbTx="0.41488218" lbTx="0.414883055" tId="1" fbRx="0.41488218" lbRx="0.414883055" />
<p fId="1" fbTx="0.414883055" lbTx="0.41488393" tId="4" fbRx="0.414883055" lbRx="0.41488393" />
<p fId="3" fbTx="0.414982096" lbTx="0.41498218" tId="0" fbRx="0.424982096" lbRx="0.42498218" />
<p fId="0" fbTx="0.41498218" lbTx="0.414983055" tId="1" fbRx="0.41498218" lbRx="0.414983055" />
<p fId="1" fbTx="0.414983055" lbTx="0.41498393" tId="4" fbRx="0.414983055" lbRx="0.41498393" />
<p fId="3" fbTx="0.415082096" lbTx="0.41508218" tId="0" fbRx="0.425082096" lbRx="0.42508218" />
<p fId="0" fbTx="0.41508218" lbTx="0.415083055" tId="1" fbRx="0.41508218" lbRx="0.415083055" />
<p fId="1" fbTx="0.415083055" lbTx="0.41508393" tId="4" fbRx="0.415083055" lbRx="0.41508393" />
<p fId="3" fbTx="0.415182096" lbTx="0.41518218" tId="0" fbRx="0.425182096" lbRx="0.42518218" />
<p fId="0" fbTx="0.41518218" lbTx="0.415183055" tId="1" fbRx="0.41518218" lbRx="0.415183055" />
<p fId="1" fbTx="0.415183055" lbTx="0.41518393" tId="4" fbRx="0.415183055" lbRx="0.41518393" />
<pr uId="393" fId="4" fbTx="0.415214286" />
<wpr uId="393" tId="5" fbRx="0.415214286" lbRx="0" />
<wpr uId="393" tId="6" fbRx="0.415214286" lbRx="0" />
<p fId="3" fbTx="0.415282096" lbTx="0.41528218" tId="0" fbRx="0.425282096" lbRx="0.42528218" />
<p fId="0" fbTx="0.41528218" lbTx="0.415283055" tId="1" fbRx="0.41528218" lbRx="0.415283055" />
<p fId="1" fbTx="0.415283055" lbTx="0.41528393" tId="4" fbRx="0.415283055" lbRx="0.41528393" />
<p fId="3" fbTx="0.415382096" lbTx="0.41538218" tId="0" fbRx="0.425382096" lbRx="0.42538218" />
<p fId="0" fbTx="0.41538218" lbTx="0.415383055" tId="1" fbRx="0.41538218" lbRx="0.415383055" />
<p fId="1" fbTx="0.415383055" lbTx="0.41538393" tId="4" fbRx="0.415383055" lbRx="0.41538393" />
<p fId="3" fbTx="0.415482096" lbTx="0.41548218" tId="0" fbRx="0.425482096" lbRx="0.42548218" />
<p fId="0" fbTx="0.41548218" lbTx="0.415483055" tId="1" fbRx="0.41548218" lbRx="0.415483055" />
<p fId="1" fbTx="0.415483055" lbTx="0.41548393" tId="4" fbRx="0.415483055" lbRx="0.41548393" />
<p fId="3" fbTx="0.415582096" lbTx="0.41558218" tId="0" fbRx="0.425582096" lbRx="0.42558218" />
<p fId="0" fbTx="0.41558218" lbTx="0.415583055" tId="1" fbRx="0.41558218" lbRx="0.415583055" />
<p fId="1" fbTx="0.415583055" lbTx="0.41558393" tId="4" fbRx="0.415583055" lbRx="0.41558393" />
<p fId="3" fbTx="0.415682096" lbTx="0.41568218" tId="0" fbRx="0.425682096" lbRx="0.42568218" />
<p fId="0" fbTx="0.41568218" lbTx="0.415683055" tId="1" fbRx="0.41568218" lbRx="0.415683055" />
<p fId="1" fbTx="0.415683055" lbTx="0.41568393" tId="4" fbRx="0.415683055" lbRx="0.41568393" />
<p fId="3" fbTx="0.415782096" lbTx="0.41578218" tId="0" fbRx="0.425782096" lbRx="0.42578218" />
<p fId="0" fbTx="0.41578218" lbTx="0.415783055" tId="1" fbRx="0.41578218" lbRx="0.415783055" />
<p fId="1" fbTx="0.415783055" lbTx="0.41578393" tId="4" fbRx="0.415783055" lbRx="0.41578393" />
<p fId="3" fbTx="0.415882096" lbTx="0.41588218" tId="0" fbRx="0.425882096" lbRx="0.42588218" />
<p fId="0" fbTx="0.41588218" lbTx="0.415883055" tId="1" fbRx="0.41588218" lbRx="0.415883055" />
<p fId="1" fbTx="0.415883055" lbTx="0.41588393" tId="4" fbRx="0.415883055" lbRx="0.41588393" />
<p fId="3" fbTx="0.415982096" lbTx="0.41598218" tId="0" fbRx="0.425982096" lbRx="0.42598218" />
<p fId="0" fbTx="0.41598218" lbTx="0.415983055" tId="1" fbRx="0.41598218" lbRx="0.415983055" />
<p fId="1" fbTx="0.415983055" lbTx="0.41598393" tId="4" fbRx="0.415983055" lbRx="0.41598393" />
<p fId="3" fbTx="0.416082096" lbTx="0.41608218" tId="0" fbRx="0.426082096" lbRx="0.42608218" />
<p fId="0" fbTx="0.41608218" lbTx="0.416083055" tId="1" fbRx="0.41608218" lbRx="0.416083055" />
<p fId="1" fbTx="0.416083055" lbTx="0.41608393" tId="4" fbRx="0.416083055" lbRx="0.41608393" />
<p fId="3" fbTx="0.416182096" lbTx="0.41618218" tId="0" fbRx="0.426182096" lbRx="0.42618218" />
<p fId="0" fbTx="0.41618218" lbTx="0.416183055" tId="1" fbRx="0.41618218" lbRx="0.416183055" />
<p fId="1" fbTx="0.416183055" lbTx="0.41618393" tId="4" fbRx="0.416183055" lbRx="0.41618393" />
<pr uId="394" fId="4" fbTx="0.416214286" />
<wpr uId="394" tId="5" fbRx="0.416214286" lbRx="0" />
<wpr uId="394" tId="6" fbRx="0.416214286" lbRx="0" />
<p fId="3" fbTx="0.416282096" lbTx="0.41628218" tId="0" fbRx="0.426282096" lbRx="0.42628218" />
<p fId="0" fbTx="0.41628218" lbTx="0.416283055" tId="1" fbRx="0.41628218" lbRx="0.416283055" />
<p fId="1" fbTx="0.416283055" lbTx="0.41628393" tId="4" fbRx="0.416283055" lbRx="0.41628393" />
<p fId="3" fbTx="0.416382096" lbTx="0.41638218" tId="0" fbRx="0.426382096" lbRx="0.42638218" />
<p fId="0" fbTx="0.41638218" lbTx="0.416383055" tId="1" fbRx="0.41638218" lbRx="0.416383055" />
<p fId="1" fbTx="0.416383055" lbTx="0.41638393" tId="4" fbRx="0.416383055" lbRx="0.41638393" />
<p fId="3" fbTx="0.416482096" lbTx="0.41648218" tId="0" fbRx="0.426482096" lbRx="0.42648218" />
<p fId="0" fbTx="0.41648218" lbTx="0.416483055" tId="1" fbRx="0.41648218" lbRx="0.416483055" />
<p fId="1" fbTx="0.416483055" lbTx="0.41648393" tId="4" fbRx="0.416483055" lbRx="0.41648393" />
<p fId="3" fbTx="0.416582096" lbTx="0.41658218" tId="0" fbRx="0.426582096" lbRx="0.42658218" />
<p fId="0" fbTx="0.41658218" lbTx="0.416583055" tId="1" fbRx="0.41658218" lbRx="0.416583055" />
<p fId="1" fbTx="0.416583055" lbTx="0.41658393" tId="4" fbRx="0.416583055" lbRx="0.41658393" />
<p fId="3" fbTx="0.416682096" lbTx="0.41668218" tId="0" fbRx="0.426682096" lbRx="0.42668218" />
<p fId="0" fbTx="0.41668218" lbTx="0.416683055" tId="1" fbRx="0.41668218" lbRx="0.416683055" />
<p fId="1" fbTx="0.416683055" lbTx="0.41668393" tId="4" fbRx="0.416683055" lbRx="0.41668393" />
<p fId="3" fbTx="0.416782096" lbTx="0.41678218" tId="0" fbRx="0.426782096" lbRx="0.42678218" />
<p fId="0" fbTx="0.41678218" lbTx="0.416783055" tId="1" fbRx="0.41678218" lbRx="0.416783055" />
<p fId="1" fbTx="0.416783055" lbTx="0.41678393" tId="4" fbRx="0.416783055" lbRx="0.41678393" />
<p fId="3" fbTx="0.416882096" lbTx="0.41688218" tId="0" fbRx="0.426882096" lbRx="0.42688218" />
<p fId="0" fbTx="0.41688218" lbTx="0.416883055" tId="1" fbRx="0.41688218" lbRx="0.416883055" />
<p fId="1" fbTx="0.416883055" lbTx="0.41688393" tId="4" fbRx="0.416883055" lbRx="0.41688393" />
<p fId="3" fbTx="0.416982096" lbTx="0.41698218" tId="0" fbRx="0.426982096" lbRx="0.42698218" />
<p fId="0" fbTx="0.41698218" lbTx="0.416983055" tId="1" fbRx="0.41698218" lbRx="0.416983055" />
<p fId="1" fbTx="0.416983055" lbTx="0.41698393" tId="4" fbRx="0.416983055" lbRx="0.41698393" />
<p fId="3" fbTx="0.417082096" lbTx="0.41708218" tId="0" fbRx="0.427082096" lbRx="0.42708218" />
<p fId="0" fbTx="0.41708218" lbTx="0.417083055" tId="1" fbRx="0.41708218" lbRx="0.417083055" />
<p fId="1" fbTx="0.417083055" lbTx="0.41708393" tId="4" fbRx="0.417083055" lbRx="0.41708393" />
<p fId="3" fbTx="0.417182096" lbTx="0.41718218" tId="0" fbRx="0.427182096" lbRx="0.42718218" />
<p fId="0" fbTx="0.41718218" lbTx="0.417183055" tId="1" fbRx="0.41718218" lbRx="0.417183055" />
<p fId="1" fbTx="0.417183055" lbTx="0.41718393" tId="4" fbRx="0.417183055" lbRx="0.41718393" />
<pr uId="395" fId="4" fbTx="0.417214286" />
<wpr uId="395" tId="5" fbRx="0.417214286" lbRx="0" />
<wpr uId="395" tId="6" fbRx="0.417214286" lbRx="0" />
<p fId="3" fbTx="0.417282096" lbTx="0.41728218" tId="0" fbRx="0.427282096" lbRx="0.42728218" />
<p fId="0" fbTx="0.41728218" lbTx="0.417283055" tId="1" fbRx="0.41728218" lbRx="0.417283055" />
<p fId="1" fbTx="0.417283055" lbTx="0.41728393" tId="4" fbRx="0.417283055" lbRx="0.41728393" />
<p fId="3" fbTx="0.417382096" lbTx="0.41738218" tId="0" fbRx="0.427382096" lbRx="0.42738218" />
<p fId="0" fbTx="0.41738218" lbTx="0.417383055" tId="1" fbRx="0.41738218" lbRx="0.417383055" />
<p fId="1" fbTx="0.417383055" lbTx="0.41738393" tId="4" fbRx="0.417383055" lbRx="0.41738393" />
<p fId="3" fbTx="0.417482096" lbTx="0.41748218" tId="0" fbRx="0.427482096" lbRx="0.42748218" />
<p fId="0" fbTx="0.41748218" lbTx="0.417483055" tId="1" fbRx="0.41748218" lbRx="0.417483055" />
<p fId="1" fbTx="0.417483055" lbTx="0.41748393" tId="4" fbRx="0.417483055" lbRx="0.41748393" />
<p fId="3" fbTx="0.417582096" lbTx="0.41758218" tId="0" fbRx="0.427582096" lbRx="0.42758218" />
<p fId="0" fbTx="0.41758218" lbTx="0.417583055" tId="1" fbRx="0.41758218" lbRx="0.417583055" />
<p fId="1" fbTx="0.417583055" lbTx="0.41758393" tId="4" fbRx="0.417583055" lbRx="0.41758393" />
<p fId="3" fbTx="0.417682096" lbTx="0.41768218" tId="0" fbRx="0.427682096" lbRx="0.42768218" />
<p fId="0" fbTx="0.41768218" lbTx="0.417683055" tId="1" fbRx="0.41768218" lbRx="0.417683055" />
<p fId="1" fbTx="0.417683055" lbTx="0.41768393" tId="4" fbRx="0.417683055" lbRx="0.41768393" />
<p fId="3" fbTx="0.417782096" lbTx="0.41778218" tId="0" fbRx="0.427782096" lbRx="0.42778218" />
<p fId="0" fbTx="0.41778218" lbTx="0.417783055" tId="1" fbRx="0.41778218" lbRx="0.417783055" />
<p fId="1" fbTx="0.417783055" lbTx="0.41778393" tId="4" fbRx="0.417783055" lbRx="0.41778393" />
<p fId="3" fbTx="0.417882096" lbTx="0.41788218" tId="0" fbRx="0.427882096" lbRx="0.42788218" />
<p fId="0" fbTx="0.41788218" lbTx="0.417883055" tId="1" fbRx="0.41788218" lbRx="0.417883055" />
<p fId="1" fbTx="0.417883055" lbTx="0.41788393" tId="4" fbRx="0.417883055" lbRx="0.41788393" />
<p fId="3" fbTx="0.417982096" lbTx="0.41798218" tId="0" fbRx="0.427982096" lbRx="0.42798218" />
<p fId="0" fbTx="0.41798218" lbTx="0.417983055" tId="1" fbRx="0.41798218" lbRx="0.417983055" />
<p fId="1" fbTx="0.417983055" lbTx="0.41798393" tId="4" fbRx="0.417983055" lbRx="0.41798393" />
<p fId="3" fbTx="0.418082096" lbTx="0.41808218" tId="0" fbRx="0.428082096" lbRx="0.42808218" />
<p fId="0" fbTx="0.41808218" lbTx="0.418083055" tId="1" fbRx="0.41808218" lbRx="0.418083055" />
<p fId="1" fbTx="0.418083055" lbTx="0.41808393" tId="4" fbRx="0.418083055" lbRx="0.41808393" />
<p fId="3" fbTx="0.418182096" lbTx="0.41818218" tId="0" fbRx="0.428182096" lbRx="0.42818218" />
<p fId="0" fbTx="0.41818218" lbTx="0.418183055" tId="1" fbRx="0.41818218" lbRx="0.418183055" />
<p fId="1" fbTx="0.418183055" lbTx="0.41818393" tId="4" fbRx="0.418183055" lbRx="0.41818393" />
<pr uId="396" fId="4" fbTx="0.418214286" />
<wpr uId="396" tId="5" fbRx="0.418214286" lbRx="0" />
<wpr uId="396" tId="6" fbRx="0.418214286" lbRx="0" />
<p fId="3" fbTx="0.418282096" lbTx="0.41828218" tId="0" fbRx="0.428282096" lbRx="0.42828218" />
<p fId="0" fbTx="0.41828218" lbTx="0.418283055" tId="1" fbRx="0.41828218" lbRx="0.418283055" />
<p fId="1" fbTx="0.418283055" lbTx="0.41828393" tId="4" fbRx="0.418283055" lbRx="0.41828393" />
<p fId="3" fbTx="0.418382096" lbTx="0.41838218" tId="0" fbRx="0.428382096" lbRx="0.42838218" />
<p fId="0" fbTx="0.41838218" lbTx="0.418383055" tId="1" fbRx="0.41838218" lbRx="0.418383055" />
<p fId="1" fbTx="0.418383055" lbTx="0.41838393" tId="4" fbRx="0.418383055" lbRx="0.41838393" />
<p fId="3" fbTx="0.418482096" lbTx="0.41848218" tId="0" fbRx="0.428482096" lbRx="0.42848218" />
<p fId="0" fbTx="0.41848218" lbTx="0.418483055" tId="1" fbRx="0.41848218" lbRx="0.418483055" />
<p fId="1" fbTx="0.418483055" lbTx="0.41848393" tId="4" fbRx="0.418483055" lbRx="0.41848393" />
<p fId="3" fbTx="0.418582096" lbTx="0.41858218" tId="0" fbRx="0.428582096" lbRx="0.42858218" />
<p fId="0" fbTx="0.41858218" lbTx="0.418583055" tId="1" fbRx="0.41858218" lbRx="0.418583055" />
<p fId="1" fbTx="0.418583055" lbTx="0.41858393" tId="4" fbRx="0.418583055" lbRx="0.41858393" />
<p fId="3" fbTx="0.418682096" lbTx="0.41868218" tId="0" fbRx="0.428682096" lbRx="0.42868218" />
<p fId="0" fbTx="0.41868218" lbTx="0.418683055" tId="1" fbRx="0.41868218" lbRx="0.418683055" />
<p fId="1" fbTx="0.418683055" lbTx="0.41868393" tId="4" fbRx="0.418683055" lbRx="0.41868393" />
<p fId="3" fbTx="0.418782096" lbTx="0.41878218" tId="0" fbRx="0.428782096" lbRx="0.42878218" />
<p fId="0" fbTx="0.41878218" lbTx="0.418783055" tId="1" fbRx="0.41878218" lbRx="0.418783055" />
<p fId="1" fbTx="0.418783055" lbTx="0.41878393" tId="4" fbRx="0.418783055" lbRx="0.41878393" />
<p fId="3" fbTx="0.418882096" lbTx="0.41888218" tId="0" fbRx="0.428882096" lbRx="0.42888218" />
<p fId="0" fbTx="0.41888218" lbTx="0.418883055" tId="1" fbRx="0.41888218" lbRx="0.418883055" />
<p fId="1" fbTx="0.418883055" lbTx="0.41888393" tId="4" fbRx="0.418883055" lbRx="0.41888393" />
<p fId="3" fbTx="0.418982096" lbTx="0.41898218" tId="0" fbRx="0.428982096" lbRx="0.42898218" />
<p fId="0" fbTx="0.41898218" lbTx="0.418983055" tId="1" fbRx="0.41898218" lbRx="0.418983055" />
<p fId="1" fbTx="0.418983055" lbTx="0.41898393" tId="4" fbRx="0.418983055" lbRx="0.41898393" />
<p fId="3" fbTx="0.419082096" lbTx="0.41908218" tId="0" fbRx="0.429082096" lbRx="0.42908218" />
<p fId="0" fbTx="0.41908218" lbTx="0.419083055" tId="1" fbRx="0.41908218" lbRx="0.419083055" />
<p fId="1" fbTx="0.419083055" lbTx="0.41908393" tId="4" fbRx="0.419083055" lbRx="0.41908393" />
<p fId="3" fbTx="0.419182096" lbTx="0.41918218" tId="0" fbRx="0.429182096" lbRx="0.42918218" />
<p fId="0" fbTx="0.41918218" lbTx="0.419183055" tId="1" fbRx="0.41918218" lbRx="0.419183055" />
<p fId="1" fbTx="0.419183055" lbTx="0.41918393" tId="4" fbRx="0.419183055" lbRx="0.41918393" />
<pr uId="397" fId="4" fbTx="0.419214286" />
<wpr uId="397" tId="5" fbRx="0.419214286" lbRx="0" />
<wpr uId="397" tId="6" fbRx="0.419214286" lbRx="0" />
<p fId="3" fbTx="0.419282096" lbTx="0.41928218" tId="0" fbRx="0.429282096" lbRx="0.42928218" />
<p fId="0" fbTx="0.41928218" lbTx="0.419283055" tId="1" fbRx="0.41928218" lbRx="0.419283055" />
<p fId="1" fbTx="0.419283055" lbTx="0.41928393" tId="4" fbRx="0.419283055" lbRx="0.41928393" />
<p fId="3" fbTx="0.419382096" lbTx="0.41938218" tId="0" fbRx="0.429382096" lbRx="0.42938218" />
<p fId="0" fbTx="0.41938218" lbTx="0.419383055" tId="1" fbRx="0.41938218" lbRx="0.419383055" />
<p fId="1" fbTx="0.419383055" lbTx="0.41938393" tId="4" fbRx="0.419383055" lbRx="0.41938393" />
<p fId="3" fbTx="0.419482096" lbTx="0.41948218" tId="0" fbRx="0.429482096" lbRx="0.42948218" />
<p fId="0" fbTx="0.41948218" lbTx="0.419483055" tId="1" fbRx="0.41948218" lbRx="0.419483055" />
<p fId="1" fbTx="0.419483055" lbTx="0.41948393" tId="4" fbRx="0.419483055" lbRx="0.41948393" />
<p fId="3" fbTx="0.419582096" lbTx="0.41958218" tId="0" fbRx="0.429582096" lbRx="0.42958218" />
<p fId="0" fbTx="0.41958218" lbTx="0.419583055" tId="1" fbRx="0.41958218" lbRx="0.419583055" />
<p fId="1" fbTx="0.419583055" lbTx="0.41958393" tId="4" fbRx="0.419583055" lbRx="0.41958393" />
<p fId="3" fbTx="0.419682096" lbTx="0.41968218" tId="0" fbRx="0.429682096" lbRx="0.42968218" />
<p fId="0" fbTx="0.41968218" lbTx="0.419683055" tId="1" fbRx="0.41968218" lbRx="0.419683055" />
<p fId="1" fbTx="0.419683055" lbTx="0.41968393" tId="4" fbRx="0.419683055" lbRx="0.41968393" />
<p fId="3" fbTx="0.419782096" lbTx="0.41978218" tId="0" fbRx="0.429782096" lbRx="0.42978218" />
<p fId="0" fbTx="0.41978218" lbTx="0.419783055" tId="1" fbRx="0.41978218" lbRx="0.419783055" />
<p fId="1" fbTx="0.419783055" lbTx="0.41978393" tId="4" fbRx="0.419783055" lbRx="0.41978393" />
<p fId="3" fbTx="0.419882096" lbTx="0.41988218" tId="0" fbRx="0.429882096" lbRx="0.42988218" />
<p fId="0" fbTx="0.41988218" lbTx="0.419883055" tId="1" fbRx="0.41988218" lbRx="0.419883055" />
<p fId="1" fbTx="0.419883055" lbTx="0.41988393" tId="4" fbRx="0.419883055" lbRx="0.41988393" />
<p fId="3" fbTx="0.419982096" lbTx="0.41998218" tId="0" fbRx="0.429982096" lbRx="0.42998218" />
<p fId="0" fbTx="0.41998218" lbTx="0.419983055" tId="1" fbRx="0.41998218" lbRx="0.419983055" />
<p fId="1" fbTx="0.419983055" lbTx="0.41998393" tId="4" fbRx="0.419983055" lbRx="0.41998393" />
<p fId="3" fbTx="0.420082096" lbTx="0.42008218" tId="0" fbRx="0.430082096" lbRx="0.43008218" />
<p fId="0" fbTx="0.42008218" lbTx="0.420083055" tId="1" fbRx="0.42008218" lbRx="0.420083055" />
<p fId="1" fbTx="0.420083055" lbTx="0.42008393" tId="4" fbRx="0.420083055" lbRx="0.42008393" />
<p fId="3" fbTx="0.420182096" lbTx="0.42018218" tId="0" fbRx="0.430182096" lbRx="0.43018218" />
<p fId="0" fbTx="0.42018218" lbTx="0.420183055" tId="1" fbRx="0.42018218" lbRx="0.420183055" />
<p fId="1" fbTx="0.420183055" lbTx="0.42018393" tId="4" fbRx="0.420183055" lbRx="0.42018393" />
<pr uId="398" fId="4" fbTx="0.420214286" />
<wpr uId="398" tId="5" fbRx="0.420214286" lbRx="0" />
<wpr uId="398" tId="6" fbRx="0.420214286" lbRx="0" />
<p fId="3" fbTx="0.420282096" lbTx="0.42028218" tId="0" fbRx="0.430282096" lbRx="0.43028218" />
<p fId="0" fbTx="0.42028218" lbTx="0.420283055" tId="1" fbRx="0.42028218" lbRx="0.420283055" />
<p fId="1" fbTx="0.420283055" lbTx="0.42028393" tId="4" fbRx="0.420283055" lbRx="0.42028393" />
<p fId="3" fbTx="0.420382096" lbTx="0.42038218" tId="0" fbRx="0.430382096" lbRx="0.43038218" />
<p fId="0" fbTx="0.42038218" lbTx="0.420383055" tId="1" fbRx="0.42038218" lbRx="0.420383055" />
<p fId="1" fbTx="0.420383055" lbTx="0.42038393" tId="4" fbRx="0.420383055" lbRx="0.42038393" />
<p fId="3" fbTx="0.420482096" lbTx="0.42048218" tId="0" fbRx="0.430482096" lbRx="0.43048218" />
<p fId="0" fbTx="0.42048218" lbTx="0.420483055" tId="1" fbRx="0.42048218" lbRx="0.420483055" />
<p fId="1" fbTx="0.420483055" lbTx="0.42048393" tId="4" fbRx="0.420483055" lbRx="0.42048393" />
<p fId="3" fbTx="0.420582096" lbTx="0.42058218" tId="0" fbRx="0.430582096" lbRx="0.43058218" />
<p fId="0" fbTx="0.42058218" lbTx="0.420583055" tId="1" fbRx="0.42058218" lbRx="0.420583055" />
<p fId="1" fbTx="0.420583055" lbTx="0.42058393" tId="4" fbRx="0.420583055" lbRx="0.42058393" />
<p fId="3" fbTx="0.420682096" lbTx="0.42068218" tId="0" fbRx="0.430682096" lbRx="0.43068218" />
<p fId="0" fbTx="0.42068218" lbTx="0.420683055" tId="1" fbRx="0.42068218" lbRx="0.420683055" />
<p fId="1" fbTx="0.420683055" lbTx="0.42068393" tId="4" fbRx="0.420683055" lbRx="0.42068393" />
<p fId="3" fbTx="0.420782096" lbTx="0.42078218" tId="0" fbRx="0.430782096" lbRx="0.43078218" />
<p fId="0" fbTx="0.42078218" lbTx="0.420783055" tId="1" fbRx="0.42078218" lbRx="0.420783055" />
<p fId="1" fbTx="0.420783055" lbTx="0.42078393" tId="4" fbRx="0.420783055" lbRx="0.42078393" />
<p fId="3" fbTx="0.420882096" lbTx="0.42088218" tId="0" fbRx="0.430882096" lbRx="0.43088218" />
<p fId="0" fbTx="0.42088218" lbTx="0.420883055" tId="1" fbRx="0.42088218" lbRx="0.420883055" />
<p fId="1" fbTx="0.420883055" lbTx="0.42088393" tId="4" fbRx="0.420883055" lbRx="0.42088393" />
<p fId="3" fbTx="0.420982096" lbTx="0.42098218" tId="0" fbRx="0.430982096" lbRx="0.43098218" />
<p fId="0" fbTx="0.42098218" lbTx="0.420983055" tId="1" fbRx="0.42098218" lbRx="0.420983055" />
<p fId="1" fbTx="0.420983055" lbTx="0.42098393" tId="4" fbRx="0.420983055" lbRx="0.42098393" />
<p fId="3" fbTx="0.421082096" lbTx="0.42108218" tId="0" fbRx="0.431082096" lbRx="0.43108218" />
<p fId="0" fbTx="0.42108218" lbTx="0.421083055" tId="1" fbRx="0.42108218" lbRx="0.421083055" />
<p fId="1" fbTx="0.421083055" lbTx="0.42108393" tId="4" fbRx="0.421083055" lbRx="0.42108393" />
<p fId="3" fbTx="0.421182096" lbTx="0.42118218" tId="0" fbRx="0.431182096" lbRx="0.43118218" />
<p fId="0" fbTx="0.42118218" lbTx="0.421183055" tId="1" fbRx="0.42118218" lbRx="0.421183055" />
<p fId="1" fbTx="0.421183055" lbTx="0.42118393" tId="4" fbRx="0.421183055" lbRx="0.42118393" />
<pr uId="399" fId="4" fbTx="0.421214286" />
<wpr uId="399" tId="5" fbRx="0.421214286" lbRx="0" />
<wpr uId="399" tId="6" fbRx="0.421214286" lbRx="0" />
<p fId="3" fbTx="0.421282096" lbTx="0.42128218" tId="0" fbRx="0.431282096" lbRx="0.43128218" />
<p fId="0" fbTx="0.42128218" lbTx="0.421283055" tId="1" fbRx="0.42128218" lbRx="0.421283055" />
<p fId="1" fbTx="0.421283055" lbTx="0.42128393" tId="4" fbRx="0.421283055" lbRx="0.42128393" />
<p fId="3" fbTx="0.421382096" lbTx="0.42138218" tId="0" fbRx="0.431382096" lbRx="0.43138218" />
<p fId="0" fbTx="0.42138218" lbTx="0.421383055" tId="1" fbRx="0.42138218" lbRx="0.421383055" />
<p fId="1" fbTx="0.421383055" lbTx="0.42138393" tId="4" fbRx="0.421383055" lbRx="0.42138393" />
<p fId="3" fbTx="0.421482096" lbTx="0.42148218" tId="0" fbRx="0.431482096" lbRx="0.43148218" />
<p fId="0" fbTx="0.42148218" lbTx="0.421483055" tId="1" fbRx="0.42148218" lbRx="0.421483055" />
<p fId="1" fbTx="0.421483055" lbTx="0.42148393" tId="4" fbRx="0.421483055" lbRx="0.42148393" />
<p fId="3" fbTx="0.421582096" lbTx="0.42158218" tId="0" fbRx="0.431582096" lbRx="0.43158218" />
<p fId="0" fbTx="0.42158218" lbTx="0.421583055" tId="1" fbRx="0.42158218" lbRx="0.421583055" />
<p fId="1" fbTx="0.421583055" lbTx="0.42158393" tId="4" fbRx="0.421583055" lbRx="0.42158393" />
<p fId="3" fbTx="0.421682096" lbTx="0.42168218" tId="0" fbRx="0.431682096" lbRx="0.43168218" />
<p fId="0" fbTx="0.42168218" lbTx="0.421683055" tId="1" fbRx="0.42168218" lbRx="0.421683055" />
<p fId="1" fbTx="0.421683055" lbTx="0.42168393" tId="4" fbRx="0.421683055" lbRx="0.42168393" />
<p fId="3" fbTx="0.421782096" lbTx="0.42178218" tId="0" fbRx="0.431782096" lbRx="0.43178218" />
<p fId="0" fbTx="0.42178218" lbTx="0.421783055" tId="1" fbRx="0.42178218" lbRx="0.421783055" />
<p fId="1" fbTx="0.421783055" lbTx="0.42178393" tId="4" fbRx="0.421783055" lbRx="0.42178393" />
<p fId="3" fbTx="0.421882096" lbTx="0.42188218" tId="0" fbRx="0.431882096" lbRx="0.43188218" />
<p fId="0" fbTx="0.42188218" lbTx="0.421883055" tId="1" fbRx="0.42188218" lbRx="0.421883055" />
<p fId="1" fbTx="0.421883055" lbTx="0.42188393" tId="4" fbRx="0.421883055" lbRx="0.42188393" />
<p fId="3" fbTx="0.421982096" lbTx="0.42198218" tId="0" fbRx="0.431982096" lbRx="0.43198218" />
<p fId="0" fbTx="0.42198218" lbTx="0.421983055" tId="1" fbRx="0.42198218" lbRx="0.421983055" />
<p fId="1" fbTx="0.421983055" lbTx="0.42198393" tId="4" fbRx="0.421983055" lbRx="0.42198393" />
<p fId="3" fbTx="0.422082096" lbTx="0.42208218" tId="0" fbRx="0.432082096" lbRx="0.43208218" />
<p fId="0" fbTx="0.42208218" lbTx="0.422083055" tId="1" fbRx="0.42208218" lbRx="0.422083055" />
<p fId="1" fbTx="0.422083055" lbTx="0.42208393" tId="4" fbRx="0.422083055" lbRx="0.42208393" />
<p fId="3" fbTx="0.422182096" lbTx="0.42218218" tId="0" fbRx="0.432182096" lbRx="0.43218218" />
<p fId="0" fbTx="0.42218218" lbTx="0.422183055" tId="1" fbRx="0.42218218" lbRx="0.422183055" />
<p fId="1" fbTx="0.422183055" lbTx="0.42218393" tId="4" fbRx="0.422183055" lbRx="0.42218393" />
<pr uId="400" fId="4" fbTx="0.422214286" />
<wpr uId="400" tId="5" fbRx="0.422214286" lbRx="0" />
<wpr uId="400" tId="6" fbRx="0.422214286" lbRx="0" />
<p fId="3" fbTx="0.422282096" lbTx="0.42228218" tId="0" fbRx="0.432282096" lbRx="0.43228218" />
<p fId="0" fbTx="0.42228218" lbTx="0.422283055" tId="1" fbRx="0.42228218" lbRx="0.422283055" />
<p fId="1" fbTx="0.422283055" lbTx="0.42228393" tId="4" fbRx="0.422283055" lbRx="0.42228393" />
<p fId="3" fbTx="0.422382096" lbTx="0.42238218" tId="0" fbRx="0.432382096" lbRx="0.43238218" />
<p fId="0" fbTx="0.42238218" lbTx="0.422383055" tId="1" fbRx="0.42238218" lbRx="0.422383055" />
<p fId="1" fbTx="0.422383055" lbTx="0.42238393" tId="4" fbRx="0.422383055" lbRx="0.42238393" />
<p fId="3" fbTx="0.422482096" lbTx="0.42248218" tId="0" fbRx="0.432482096" lbRx="0.43248218" />
<p fId="0" fbTx="0.42248218" lbTx="0.422483055" tId="1" fbRx="0.42248218" lbRx="0.422483055" />
<p fId="1" fbTx="0.422483055" lbTx="0.42248393" tId="4" fbRx="0.422483055" lbRx="0.42248393" />
<p fId="3" fbTx="0.422582096" lbTx="0.42258218" tId="0" fbRx="0.432582096" lbRx="0.43258218" />
<p fId="0" fbTx="0.42258218" lbTx="0.422583055" tId="1" fbRx="0.42258218" lbRx="0.422583055" />
<p fId="1" fbTx="0.422583055" lbTx="0.42258393" tId="4" fbRx="0.422583055" lbRx="0.42258393" />
<p fId="3" fbTx="0.422682096" lbTx="0.42268218" tId="0" fbRx="0.432682096" lbRx="0.43268218" />
<p fId="0" fbTx="0.42268218" lbTx="0.422683055" tId="1" fbRx="0.42268218" lbRx="0.422683055" />
<p fId="1" fbTx="0.422683055" lbTx="0.42268393" tId="4" fbRx="0.422683055" lbRx="0.42268393" />
<p fId="3" fbTx="0.422782096" lbTx="0.42278218" tId="0" fbRx="0.432782096" lbRx="0.43278218" />
<p fId="0" fbTx="0.42278218" lbTx="0.422783055" tId="1" fbRx="0.42278218" lbRx="0.422783055" />
<p fId="1" fbTx="0.422783055" lbTx="0.42278393" tId="4" fbRx="0.422783055" lbRx="0.42278393" />
<p fId="3" fbTx="0.422882096" lbTx="0.42288218" tId="0" fbRx="0.432882096" lbRx="0.43288218" />
<p fId="0" fbTx="0.42288218" lbTx="0.422883055" tId="1" fbRx="0.42288218" lbRx="0.422883055" />
<p fId="1" fbTx="0.422883055" lbTx="0.42288393" tId="4" fbRx="0.422883055" lbRx="0.42288393" />
<p fId="3" fbTx="0.422982096" lbTx="0.42298218" tId="0" fbRx="0.432982096" lbRx="0.43298218" />
<p fId="0" fbTx="0.42298218" lbTx="0.422983055" tId="1" fbRx="0.42298218" lbRx="0.422983055" />
<p fId="1" fbTx="0.422983055" lbTx="0.42298393" tId="4" fbRx="0.422983055" lbRx="0.42298393" />
<p fId="3" fbTx="0.423082096" lbTx="0.42308218" tId="0" fbRx="0.433082096" lbRx="0.43308218" />
<p fId="0" fbTx="0.42308218" lbTx="0.423083055" tId="1" fbRx="0.42308218" lbRx="0.423083055" />
<p fId="1" fbTx="0.423083055" lbTx="0.42308393" tId="4" fbRx="0.423083055" lbRx="0.42308393" />
<p fId="3" fbTx="0.423182096" lbTx="0.42318218" tId="0" fbRx="0.433182096" lbRx="0.43318218" />
<p fId="0" fbTx="0.42318218" lbTx="0.423183055" tId="1" fbRx="0.42318218" lbRx="0.423183055" />
<p fId="1" fbTx="0.423183055" lbTx="0.42318393" tId="4" fbRx="0.423183055" lbRx="0.42318393" />
<pr uId="401" fId="4" fbTx="0.423214286" />
<wpr uId="401" tId="5" fbRx="0.423214286" lbRx="0" />
<wpr uId="401" tId="6" fbRx="0.423214286" lbRx="0" />
<p fId="3" fbTx="0.423282096" lbTx="0.42328218" tId="0" fbRx="0.433282096" lbRx="0.43328218" />
<p fId="0" fbTx="0.42328218" lbTx="0.423283055" tId="1" fbRx="0.42328218" lbRx="0.423283055" />
<p fId="1" fbTx="0.423283055" lbTx="0.42328393" tId="4" fbRx="0.423283055" lbRx="0.42328393" />
<p fId="3" fbTx="0.423382096" lbTx="0.42338218" tId="0" fbRx="0.433382096" lbRx="0.43338218" />
<p fId="0" fbTx="0.42338218" lbTx="0.423383055" tId="1" fbRx="0.42338218" lbRx="0.423383055" />
<p fId="1" fbTx="0.423383055" lbTx="0.42338393" tId="4" fbRx="0.423383055" lbRx="0.42338393" />
<p fId="3" fbTx="0.423482096" lbTx="0.42348218" tId="0" fbRx="0.433482096" lbRx="0.43348218" />
<p fId="0" fbTx="0.42348218" lbTx="0.423483055" tId="1" fbRx="0.42348218" lbRx="0.423483055" />
<p fId="1" fbTx="0.423483055" lbTx="0.42348393" tId="4" fbRx="0.423483055" lbRx="0.42348393" />
<p fId="3" fbTx="0.423582096" lbTx="0.42358218" tId="0" fbRx="0.433582096" lbRx="0.43358218" />
<p fId="0" fbTx="0.42358218" lbTx="0.423583055" tId="1" fbRx="0.42358218" lbRx="0.423583055" />
<p fId="1" fbTx="0.423583055" lbTx="0.42358393" tId="4" fbRx="0.423583055" lbRx="0.42358393" />
<p fId="3" fbTx="0.423682096" lbTx="0.42368218" tId="0" fbRx="0.433682096" lbRx="0.43368218" />
<p fId="0" fbTx="0.42368218" lbTx="0.423683055" tId="1" fbRx="0.42368218" lbRx="0.423683055" />
<p fId="1" fbTx="0.423683055" lbTx="0.42368393" tId="4" fbRx="0.423683055" lbRx="0.42368393" />
<p fId="3" fbTx="0.423782096" lbTx="0.42378218" tId="0" fbRx="0.433782096" lbRx="0.43378218" />
<p fId="0" fbTx="0.42378218" lbTx="0.423783055" tId="1" fbRx="0.42378218" lbRx="0.423783055" />
<p fId="1" fbTx="0.423783055" lbTx="0.42378393" tId="4" fbRx="0.423783055" lbRx="0.42378393" />
<p fId="3" fbTx="0.423882096" lbTx="0.42388218" tId="0" fbRx="0.433882096" lbRx="0.43388218" />
<p fId="0" fbTx="0.42388218" lbTx="0.423883055" tId="1" fbRx="0.42388218" lbRx="0.423883055" />
<p fId="1" fbTx="0.423883055" lbTx="0.42388393" tId="4" fbRx="0.423883055" lbRx="0.42388393" />
<p fId="3" fbTx="0.423982096" lbTx="0.42398218" tId="0" fbRx="0.433982096" lbRx="0.43398218" />
<p fId="0" fbTx="0.42398218" lbTx="0.423983055" tId="1" fbRx="0.42398218" lbRx="0.423983055" />
<p fId="1" fbTx="0.423983055" lbTx="0.42398393" tId="4" fbRx="0.423983055" lbRx="0.42398393" />
<p fId="3" fbTx="0.424082096" lbTx="0.42408218" tId="0" fbRx="0.434082096" lbRx="0.43408218" />
<p fId="0" fbTx="0.42408218" lbTx="0.424083055" tId="1" fbRx="0.42408218" lbRx="0.424083055" />
<p fId="1" fbTx="0.424083055" lbTx="0.42408393" tId="4" fbRx="0.424083055" lbRx="0.42408393" />
<p fId="3" fbTx="0.424182096" lbTx="0.42418218" tId="0" fbRx="0.434182096" lbRx="0.43418218" />
<p fId="0" fbTx="0.42418218" lbTx="0.424183055" tId="1" fbRx="0.42418218" lbRx="0.424183055" />
<p fId="1" fbTx="0.424183055" lbTx="0.42418393" tId="4" fbRx="0.424183055" lbRx="0.42418393" />
<pr uId="402" fId="4" fbTx="0.424214286" />
<wpr uId="402" tId="5" fbRx="0.424214286" lbRx="0" />
<wpr uId="402" tId="6" fbRx="0.424214286" lbRx="0" />
<p fId="3" fbTx="0.424282096" lbTx="0.42428218" tId="0" fbRx="0.434282096" lbRx="0.43428218" />
<p fId="0" fbTx="0.42428218" lbTx="0.424283055" tId="1" fbRx="0.42428218" lbRx="0.424283055" />
<p fId="1" fbTx="0.424283055" lbTx="0.42428393" tId="4" fbRx="0.424283055" lbRx="0.42428393" />
<p fId="3" fbTx="0.424382096" lbTx="0.42438218" tId="0" fbRx="0.434382096" lbRx="0.43438218" />
<p fId="0" fbTx="0.42438218" lbTx="0.424383055" tId="1" fbRx="0.42438218" lbRx="0.424383055" />
<p fId="1" fbTx="0.424383055" lbTx="0.42438393" tId="4" fbRx="0.424383055" lbRx="0.42438393" />
<p fId="3" fbTx="0.424482096" lbTx="0.42448218" tId="0" fbRx="0.434482096" lbRx="0.43448218" />
<p fId="0" fbTx="0.42448218" lbTx="0.424483055" tId="1" fbRx="0.42448218" lbRx="0.424483055" />
<p fId="1" fbTx="0.424483055" lbTx="0.42448393" tId="4" fbRx="0.424483055" lbRx="0.42448393" />
<p fId="3" fbTx="0.424582096" lbTx="0.42458218" tId="0" fbRx="0.434582096" lbRx="0.43458218" />
<p fId="0" fbTx="0.42458218" lbTx="0.424583055" tId="1" fbRx="0.42458218" lbRx="0.424583055" />
<p fId="1" fbTx="0.424583055" lbTx="0.42458393" tId="4" fbRx="0.424583055" lbRx="0.42458393" />
<p fId="3" fbTx="0.424682096" lbTx="0.42468218" tId="0" fbRx="0.434682096" lbRx="0.43468218" />
<p fId="0" fbTx="0.42468218" lbTx="0.424683055" tId="1" fbRx="0.42468218" lbRx="0.424683055" />
<p fId="1" fbTx="0.424683055" lbTx="0.42468393" tId="4" fbRx="0.424683055" lbRx="0.42468393" />
<p fId="3" fbTx="0.424782096" lbTx="0.42478218" tId="0" fbRx="0.434782096" lbRx="0.43478218" />
<p fId="0" fbTx="0.42478218" lbTx="0.424783055" tId="1" fbRx="0.42478218" lbRx="0.424783055" />
<p fId="1" fbTx="0.424783055" lbTx="0.42478393" tId="4" fbRx="0.424783055" lbRx="0.42478393" />
<p fId="3" fbTx="0.424882096" lbTx="0.42488218" tId="0" fbRx="0.434882096" lbRx="0.43488218" />
<p fId="0" fbTx="0.42488218" lbTx="0.424883055" tId="1" fbRx="0.42488218" lbRx="0.424883055" />
<p fId="1" fbTx="0.424883055" lbTx="0.42488393" tId="4" fbRx="0.424883055" lbRx="0.42488393" />
<p fId="3" fbTx="0.424982096" lbTx="0.42498218" tId="0" fbRx="0.434982096" lbRx="0.43498218" />
<p fId="0" fbTx="0.42498218" lbTx="0.424983055" tId="1" fbRx="0.42498218" lbRx="0.424983055" />
<p fId="1" fbTx="0.424983055" lbTx="0.42498393" tId="4" fbRx="0.424983055" lbRx="0.42498393" />
<p fId="3" fbTx="0.425082096" lbTx="0.42508218" tId="0" fbRx="0.435082096" lbRx="0.43508218" />
<p fId="0" fbTx="0.42508218" lbTx="0.425083055" tId="1" fbRx="0.42508218" lbRx="0.425083055" />
<p fId="1" fbTx="0.425083055" lbTx="0.42508393" tId="4" fbRx="0.425083055" lbRx="0.42508393" />
<p fId="3" fbTx="0.425182096" lbTx="0.42518218" tId="0" fbRx="0.435182096" lbRx="0.43518218" />
<p fId="0" fbTx="0.42518218" lbTx="0.425183055" tId="1" fbRx="0.42518218" lbRx="0.425183055" />
<p fId="1" fbTx="0.425183055" lbTx="0.42518393" tId="4" fbRx="0.425183055" lbRx="0.42518393" />
<pr uId="403" fId="4" fbTx="0.425214286" />
<wpr uId="403" tId="5" fbRx="0.425214286" lbRx="0" />
<wpr uId="403" tId="6" fbRx="0.425214286" lbRx="0" />
<p fId="3" fbTx="0.425282096" lbTx="0.42528218" tId="0" fbRx="0.435282096" lbRx="0.43528218" />
<p fId="0" fbTx="0.42528218" lbTx="0.425283055" tId="1" fbRx="0.42528218" lbRx="0.425283055" />
<p fId="1" fbTx="0.425283055" lbTx="0.42528393" tId="4" fbRx="0.425283055" lbRx="0.42528393" />
<p fId="3" fbTx="0.425382096" lbTx="0.42538218" tId="0" fbRx="0.435382096" lbRx="0.43538218" />
<p fId="0" fbTx="0.42538218" lbTx="0.425383055" tId="1" fbRx="0.42538218" lbRx="0.425383055" />
<p fId="1" fbTx="0.425383055" lbTx="0.42538393" tId="4" fbRx="0.425383055" lbRx="0.42538393" />
<p fId="3" fbTx="0.425482096" lbTx="0.42548218" tId="0" fbRx="0.435482096" lbRx="0.43548218" />
<p fId="0" fbTx="0.42548218" lbTx="0.425483055" tId="1" fbRx="0.42548218" lbRx="0.425483055" />
<p fId="1" fbTx="0.425483055" lbTx="0.42548393" tId="4" fbRx="0.425483055" lbRx="0.42548393" />
<p fId="3" fbTx="0.425582096" lbTx="0.42558218" tId="0" fbRx="0.435582096" lbRx="0.43558218" />
<p fId="0" fbTx="0.42558218" lbTx="0.425583055" tId="1" fbRx="0.42558218" lbRx="0.425583055" />
<p fId="1" fbTx="0.425583055" lbTx="0.42558393" tId="4" fbRx="0.425583055" lbRx="0.42558393" />
<p fId="3" fbTx="0.425682096" lbTx="0.42568218" tId="0" fbRx="0.435682096" lbRx="0.43568218" />
<p fId="0" fbTx="0.42568218" lbTx="0.425683055" tId="1" fbRx="0.42568218" lbRx="0.425683055" />
<p fId="1" fbTx="0.425683055" lbTx="0.42568393" tId="4" fbRx="0.425683055" lbRx="0.42568393" />
<p fId="3" fbTx="0.425782096" lbTx="0.42578218" tId="0" fbRx="0.435782096" lbRx="0.43578218" />
<p fId="0" fbTx="0.42578218" lbTx="0.425783055" tId="1" fbRx="0.42578218" lbRx="0.425783055" />
<p fId="1" fbTx="0.425783055" lbTx="0.42578393" tId="4" fbRx="0.425783055" lbRx="0.42578393" />
<p fId="3" fbTx="0.425882096" lbTx="0.42588218" tId="0" fbRx="0.435882096" lbRx="0.43588218" />
<p fId="0" fbTx="0.42588218" lbTx="0.425883055" tId="1" fbRx="0.42588218" lbRx="0.425883055" />
<p fId="1" fbTx="0.425883055" lbTx="0.42588393" tId="4" fbRx="0.425883055" lbRx="0.42588393" />
<p fId="3" fbTx="0.425982096" lbTx="0.42598218" tId="0" fbRx="0.435982096" lbRx="0.43598218" />
<p fId="0" fbTx="0.42598218" lbTx="0.425983055" tId="1" fbRx="0.42598218" lbRx="0.425983055" />
<p fId="1" fbTx="0.425983055" lbTx="0.42598393" tId="4" fbRx="0.425983055" lbRx="0.42598393" />
<p fId="3" fbTx="0.426082096" lbTx="0.42608218" tId="0" fbRx="0.436082096" lbRx="0.43608218" />
<p fId="0" fbTx="0.42608218" lbTx="0.426083055" tId="1" fbRx="0.42608218" lbRx="0.426083055" />
<p fId="1" fbTx="0.426083055" lbTx="0.42608393" tId="4" fbRx="0.426083055" lbRx="0.42608393" />
<p fId="3" fbTx="0.426182096" lbTx="0.42618218" tId="0" fbRx="0.436182096" lbRx="0.43618218" />
<p fId="0" fbTx="0.42618218" lbTx="0.426183055" tId="1" fbRx="0.42618218" lbRx="0.426183055" />
<p fId="1" fbTx="0.426183055" lbTx="0.42618393" tId="4" fbRx="0.426183055" lbRx="0.42618393" />
<pr uId="404" fId="4" fbTx="0.426214286" />
<wpr uId="404" tId="5" fbRx="0.426214286" lbRx="0" />
<wpr uId="404" tId="6" fbRx="0.426214286" lbRx="0" />
<p fId="3" fbTx="0.426282096" lbTx="0.42628218" tId="0" fbRx="0.436282096" lbRx="0.43628218" />
<p fId="0" fbTx="0.42628218" lbTx="0.426283055" tId="1" fbRx="0.42628218" lbRx="0.426283055" />
<p fId="1" fbTx="0.426283055" lbTx="0.42628393" tId="4" fbRx="0.426283055" lbRx="0.42628393" />
<p fId="3" fbTx="0.426382096" lbTx="0.42638218" tId="0" fbRx="0.436382096" lbRx="0.43638218" />
<p fId="0" fbTx="0.42638218" lbTx="0.426383055" tId="1" fbRx="0.42638218" lbRx="0.426383055" />
<p fId="1" fbTx="0.426383055" lbTx="0.42638393" tId="4" fbRx="0.426383055" lbRx="0.42638393" />
<p fId="3" fbTx="0.426482096" lbTx="0.42648218" tId="0" fbRx="0.436482096" lbRx="0.43648218" />
<p fId="0" fbTx="0.42648218" lbTx="0.426483055" tId="1" fbRx="0.42648218" lbRx="0.426483055" />
<p fId="1" fbTx="0.426483055" lbTx="0.42648393" tId="4" fbRx="0.426483055" lbRx="0.42648393" />
<p fId="3" fbTx="0.426582096" lbTx="0.42658218" tId="0" fbRx="0.436582096" lbRx="0.43658218" />
<p fId="0" fbTx="0.42658218" lbTx="0.426583055" tId="1" fbRx="0.42658218" lbRx="0.426583055" />
<p fId="1" fbTx="0.426583055" lbTx="0.42658393" tId="4" fbRx="0.426583055" lbRx="0.42658393" />
<p fId="3" fbTx="0.426682096" lbTx="0.42668218" tId="0" fbRx="0.436682096" lbRx="0.43668218" />
<p fId="0" fbTx="0.42668218" lbTx="0.426683055" tId="1" fbRx="0.42668218" lbRx="0.426683055" />
<p fId="1" fbTx="0.426683055" lbTx="0.42668393" tId="4" fbRx="0.426683055" lbRx="0.42668393" />
<p fId="3" fbTx="0.426782096" lbTx="0.42678218" tId="0" fbRx="0.436782096" lbRx="0.43678218" />
<p fId="0" fbTx="0.42678218" lbTx="0.426783055" tId="1" fbRx="0.42678218" lbRx="0.426783055" />
<p fId="1" fbTx="0.426783055" lbTx="0.42678393" tId="4" fbRx="0.426783055" lbRx="0.42678393" />
<p fId="3" fbTx="0.426882096" lbTx="0.42688218" tId="0" fbRx="0.436882096" lbRx="0.43688218" />
<p fId="0" fbTx="0.42688218" lbTx="0.426883055" tId="1" fbRx="0.42688218" lbRx="0.426883055" />
<p fId="1" fbTx="0.426883055" lbTx="0.42688393" tId="4" fbRx="0.426883055" lbRx="0.42688393" />
<p fId="3" fbTx="0.426982096" lbTx="0.42698218" tId="0" fbRx="0.436982096" lbRx="0.43698218" />
<p fId="0" fbTx="0.42698218" lbTx="0.426983055" tId="1" fbRx="0.42698218" lbRx="0.426983055" />
<p fId="1" fbTx="0.426983055" lbTx="0.42698393" tId="4" fbRx="0.426983055" lbRx="0.42698393" />
<p fId="3" fbTx="0.427082096" lbTx="0.42708218" tId="0" fbRx="0.437082096" lbRx="0.43708218" />
<p fId="0" fbTx="0.42708218" lbTx="0.427083055" tId="1" fbRx="0.42708218" lbRx="0.427083055" />
<p fId="1" fbTx="0.427083055" lbTx="0.42708393" tId="4" fbRx="0.427083055" lbRx="0.42708393" />
<p fId="3" fbTx="0.427182096" lbTx="0.42718218" tId="0" fbRx="0.437182096" lbRx="0.43718218" />
<p fId="0" fbTx="0.42718218" lbTx="0.427183055" tId="1" fbRx="0.42718218" lbRx="0.427183055" />
<p fId="1" fbTx="0.427183055" lbTx="0.42718393" tId="4" fbRx="0.427183055" lbRx="0.42718393" />
<pr uId="405" fId="4" fbTx="0.427214286" />
<wpr uId="405" tId="5" fbRx="0.427214286" lbRx="0" />
<wpr uId="405" tId="6" fbRx="0.427214286" lbRx="0" />
<p fId="3" fbTx="0.427282096" lbTx="0.42728218" tId="0" fbRx="0.437282096" lbRx="0.43728218" />
<p fId="0" fbTx="0.42728218" lbTx="0.427283055" tId="1" fbRx="0.42728218" lbRx="0.427283055" />
<p fId="1" fbTx="0.427283055" lbTx="0.42728393" tId="4" fbRx="0.427283055" lbRx="0.42728393" />
<p fId="3" fbTx="0.427382096" lbTx="0.42738218" tId="0" fbRx="0.437382096" lbRx="0.43738218" />
<p fId="0" fbTx="0.42738218" lbTx="0.427383055" tId="1" fbRx="0.42738218" lbRx="0.427383055" />
<p fId="1" fbTx="0.427383055" lbTx="0.42738393" tId="4" fbRx="0.427383055" lbRx="0.42738393" />
<p fId="3" fbTx="0.427482096" lbTx="0.42748218" tId="0" fbRx="0.437482096" lbRx="0.43748218" />
<p fId="0" fbTx="0.42748218" lbTx="0.427483055" tId="1" fbRx="0.42748218" lbRx="0.427483055" />
<p fId="1" fbTx="0.427483055" lbTx="0.42748393" tId="4" fbRx="0.427483055" lbRx="0.42748393" />
<p fId="3" fbTx="0.427582096" lbTx="0.42758218" tId="0" fbRx="0.437582096" lbRx="0.43758218" />
<p fId="0" fbTx="0.42758218" lbTx="0.427583055" tId="1" fbRx="0.42758218" lbRx="0.427583055" />
<p fId="1" fbTx="0.427583055" lbTx="0.42758393" tId="4" fbRx="0.427583055" lbRx="0.42758393" />
<p fId="3" fbTx="0.427682096" lbTx="0.42768218" tId="0" fbRx="0.437682096" lbRx="0.43768218" />
<p fId="0" fbTx="0.42768218" lbTx="0.427683055" tId="1" fbRx="0.42768218" lbRx="0.427683055" />
<p fId="1" fbTx="0.427683055" lbTx="0.42768393" tId="4" fbRx="0.427683055" lbRx="0.42768393" />
<p fId="3" fbTx="0.427782096" lbTx="0.42778218" tId="0" fbRx="0.437782096" lbRx="0.43778218" />
<p fId="0" fbTx="0.42778218" lbTx="0.427783055" tId="1" fbRx="0.42778218" lbRx="0.427783055" />
<p fId="1" fbTx="0.427783055" lbTx="0.42778393" tId="4" fbRx="0.427783055" lbRx="0.42778393" />
<p fId="3" fbTx="0.427882096" lbTx="0.42788218" tId="0" fbRx="0.437882096" lbRx="0.43788218" />
<p fId="0" fbTx="0.42788218" lbTx="0.427883055" tId="1" fbRx="0.42788218" lbRx="0.427883055" />
<p fId="1" fbTx="0.427883055" lbTx="0.42788393" tId="4" fbRx="0.427883055" lbRx="0.42788393" />
<p fId="3" fbTx="0.427982096" lbTx="0.42798218" tId="0" fbRx="0.437982096" lbRx="0.43798218" />
<p fId="0" fbTx="0.42798218" lbTx="0.427983055" tId="1" fbRx="0.42798218" lbRx="0.427983055" />
<p fId="1" fbTx="0.427983055" lbTx="0.42798393" tId="4" fbRx="0.427983055" lbRx="0.42798393" />
<p fId="3" fbTx="0.428082096" lbTx="0.42808218" tId="0" fbRx="0.438082096" lbRx="0.43808218" />
<p fId="0" fbTx="0.42808218" lbTx="0.428083055" tId="1" fbRx="0.42808218" lbRx="0.428083055" />
<p fId="1" fbTx="0.428083055" lbTx="0.42808393" tId="4" fbRx="0.428083055" lbRx="0.42808393" />
<p fId="3" fbTx="0.428182096" lbTx="0.42818218" tId="0" fbRx="0.438182096" lbRx="0.43818218" />
<p fId="0" fbTx="0.42818218" lbTx="0.428183055" tId="1" fbRx="0.42818218" lbRx="0.428183055" />
<p fId="1" fbTx="0.428183055" lbTx="0.42818393" tId="4" fbRx="0.428183055" lbRx="0.42818393" />
<pr uId="406" fId="4" fbTx="0.428214286" />
<wpr uId="406" tId="5" fbRx="0.428214286" lbRx="0" />
<wpr uId="406" tId="6" fbRx="0.428214286" lbRx="0" />
<p fId="3" fbTx="0.428282096" lbTx="0.42828218" tId="0" fbRx="0.438282096" lbRx="0.43828218" />
<p fId="0" fbTx="0.42828218" lbTx="0.428283055" tId="1" fbRx="0.42828218" lbRx="0.428283055" />
<p fId="1" fbTx="0.428283055" lbTx="0.42828393" tId="4" fbRx="0.428283055" lbRx="0.42828393" />
<p fId="3" fbTx="0.428382096" lbTx="0.42838218" tId="0" fbRx="0.438382096" lbRx="0.43838218" />
<p fId="0" fbTx="0.42838218" lbTx="0.428383055" tId="1" fbRx="0.42838218" lbRx="0.428383055" />
<p fId="1" fbTx="0.428383055" lbTx="0.42838393" tId="4" fbRx="0.428383055" lbRx="0.42838393" />
<p fId="3" fbTx="0.428482096" lbTx="0.42848218" tId="0" fbRx="0.438482096" lbRx="0.43848218" />
<p fId="0" fbTx="0.42848218" lbTx="0.428483055" tId="1" fbRx="0.42848218" lbRx="0.428483055" />
<p fId="1" fbTx="0.428483055" lbTx="0.42848393" tId="4" fbRx="0.428483055" lbRx="0.42848393" />
<p fId="3" fbTx="0.428582096" lbTx="0.42858218" tId="0" fbRx="0.438582096" lbRx="0.43858218" />
<p fId="0" fbTx="0.42858218" lbTx="0.428583055" tId="1" fbRx="0.42858218" lbRx="0.428583055" />
<p fId="1" fbTx="0.428583055" lbTx="0.42858393" tId="4" fbRx="0.428583055" lbRx="0.42858393" />
<p fId="3" fbTx="0.428682096" lbTx="0.42868218" tId="0" fbRx="0.438682096" lbRx="0.43868218" />
<p fId="0" fbTx="0.42868218" lbTx="0.428683055" tId="1" fbRx="0.42868218" lbRx="0.428683055" />
<p fId="1" fbTx="0.428683055" lbTx="0.42868393" tId="4" fbRx="0.428683055" lbRx="0.42868393" />
<p fId="3" fbTx="0.428782096" lbTx="0.42878218" tId="0" fbRx="0.438782096" lbRx="0.43878218" />
<p fId="0" fbTx="0.42878218" lbTx="0.428783055" tId="1" fbRx="0.42878218" lbRx="0.428783055" />
<p fId="1" fbTx="0.428783055" lbTx="0.42878393" tId="4" fbRx="0.428783055" lbRx="0.42878393" />
<p fId="3" fbTx="0.428882096" lbTx="0.42888218" tId="0" fbRx="0.438882096" lbRx="0.43888218" />
<p fId="0" fbTx="0.42888218" lbTx="0.428883055" tId="1" fbRx="0.42888218" lbRx="0.428883055" />
<p fId="1" fbTx="0.428883055" lbTx="0.42888393" tId="4" fbRx="0.428883055" lbRx="0.42888393" />
<p fId="3" fbTx="0.428982096" lbTx="0.42898218" tId="0" fbRx="0.438982096" lbRx="0.43898218" />
<p fId="0" fbTx="0.42898218" lbTx="0.428983055" tId="1" fbRx="0.42898218" lbRx="0.428983055" />
<p fId="1" fbTx="0.428983055" lbTx="0.42898393" tId="4" fbRx="0.428983055" lbRx="0.42898393" />
<p fId="3" fbTx="0.429082096" lbTx="0.42908218" tId="0" fbRx="0.439082096" lbRx="0.43908218" />
<p fId="0" fbTx="0.42908218" lbTx="0.429083055" tId="1" fbRx="0.42908218" lbRx="0.429083055" />
<p fId="1" fbTx="0.429083055" lbTx="0.42908393" tId="4" fbRx="0.429083055" lbRx="0.42908393" />
<p fId="3" fbTx="0.429182096" lbTx="0.42918218" tId="0" fbRx="0.439182096" lbRx="0.43918218" />
<p fId="0" fbTx="0.42918218" lbTx="0.429183055" tId="1" fbRx="0.42918218" lbRx="0.429183055" />
<p fId="1" fbTx="0.429183055" lbTx="0.42918393" tId="4" fbRx="0.429183055" lbRx="0.42918393" />
<pr uId="407" fId="4" fbTx="0.429214286" />
<wpr uId="407" tId="5" fbRx="0.429214286" lbRx="0" />
<wpr uId="407" tId="6" fbRx="0.429214286" lbRx="0" />
<p fId="3" fbTx="0.429282096" lbTx="0.42928218" tId="0" fbRx="0.439282096" lbRx="0.43928218" />
<p fId="0" fbTx="0.42928218" lbTx="0.429283055" tId="1" fbRx="0.42928218" lbRx="0.429283055" />
<p fId="1" fbTx="0.429283055" lbTx="0.42928393" tId="4" fbRx="0.429283055" lbRx="0.42928393" />
<p fId="3" fbTx="0.429382096" lbTx="0.42938218" tId="0" fbRx="0.439382096" lbRx="0.43938218" />
<p fId="0" fbTx="0.42938218" lbTx="0.429383055" tId="1" fbRx="0.42938218" lbRx="0.429383055" />
<p fId="1" fbTx="0.429383055" lbTx="0.42938393" tId="4" fbRx="0.429383055" lbRx="0.42938393" />
<p fId="3" fbTx="0.429482096" lbTx="0.42948218" tId="0" fbRx="0.439482096" lbRx="0.43948218" />
<p fId="0" fbTx="0.42948218" lbTx="0.429483055" tId="1" fbRx="0.42948218" lbRx="0.429483055" />
<p fId="1" fbTx="0.429483055" lbTx="0.42948393" tId="4" fbRx="0.429483055" lbRx="0.42948393" />
<p fId="3" fbTx="0.429582096" lbTx="0.42958218" tId="0" fbRx="0.439582096" lbRx="0.43958218" />
<p fId="0" fbTx="0.42958218" lbTx="0.429583055" tId="1" fbRx="0.42958218" lbRx="0.429583055" />
<p fId="1" fbTx="0.429583055" lbTx="0.42958393" tId="4" fbRx="0.429583055" lbRx="0.42958393" />
<p fId="3" fbTx="0.429682096" lbTx="0.42968218" tId="0" fbRx="0.439682096" lbRx="0.43968218" />
<p fId="0" fbTx="0.42968218" lbTx="0.429683055" tId="1" fbRx="0.42968218" lbRx="0.429683055" />
<p fId="1" fbTx="0.429683055" lbTx="0.42968393" tId="4" fbRx="0.429683055" lbRx="0.42968393" />
<p fId="3" fbTx="0.429782096" lbTx="0.42978218" tId="0" fbRx="0.439782096" lbRx="0.43978218" />
<p fId="0" fbTx="0.42978218" lbTx="0.429783055" tId="1" fbRx="0.42978218" lbRx="0.429783055" />
<p fId="1" fbTx="0.429783055" lbTx="0.42978393" tId="4" fbRx="0.429783055" lbRx="0.42978393" />
<p fId="3" fbTx="0.429882096" lbTx="0.42988218" tId="0" fbRx="0.439882096" lbRx="0.43988218" />
<p fId="0" fbTx="0.42988218" lbTx="0.429883055" tId="1" fbRx="0.42988218" lbRx="0.429883055" />
<p fId="1" fbTx="0.429883055" lbTx="0.42988393" tId="4" fbRx="0.429883055" lbRx="0.42988393" />
<p fId="3" fbTx="0.429982096" lbTx="0.42998218" tId="0" fbRx="0.439982096" lbRx="0.43998218" />
<p fId="0" fbTx="0.42998218" lbTx="0.429983055" tId="1" fbRx="0.42998218" lbRx="0.429983055" />
<p fId="1" fbTx="0.429983055" lbTx="0.42998393" tId="4" fbRx="0.429983055" lbRx="0.42998393" />
<p fId="3" fbTx="0.430082096" lbTx="0.43008218" tId="0" fbRx="0.440082096" lbRx="0.44008218" />
<p fId="0" fbTx="0.43008218" lbTx="0.430083055" tId="1" fbRx="0.43008218" lbRx="0.430083055" />
<p fId="1" fbTx="0.430083055" lbTx="0.43008393" tId="4" fbRx="0.430083055" lbRx="0.43008393" />
<p fId="3" fbTx="0.430182096" lbTx="0.43018218" tId="0" fbRx="0.440182096" lbRx="0.44018218" />
<p fId="0" fbTx="0.43018218" lbTx="0.430183055" tId="1" fbRx="0.43018218" lbRx="0.430183055" />
<p fId="1" fbTx="0.430183055" lbTx="0.43018393" tId="4" fbRx="0.430183055" lbRx="0.43018393" />
<pr uId="408" fId="4" fbTx="0.430214286" />
<wpr uId="408" tId="5" fbRx="0.430214286" lbRx="0" />
<wpr uId="408" tId="6" fbRx="0.430214286" lbRx="0" />
<p fId="3" fbTx="0.430282096" lbTx="0.43028218" tId="0" fbRx="0.440282096" lbRx="0.44028218" />
<p fId="0" fbTx="0.43028218" lbTx="0.430283055" tId="1" fbRx="0.43028218" lbRx="0.430283055" />
<p fId="1" fbTx="0.430283055" lbTx="0.43028393" tId="4" fbRx="0.430283055" lbRx="0.43028393" />
<p fId="3" fbTx="0.430382096" lbTx="0.43038218" tId="0" fbRx="0.440382096" lbRx="0.44038218" />
<p fId="0" fbTx="0.43038218" lbTx="0.430383055" tId="1" fbRx="0.43038218" lbRx="0.430383055" />
<p fId="1" fbTx="0.430383055" lbTx="0.43038393" tId="4" fbRx="0.430383055" lbRx="0.43038393" />
<p fId="3" fbTx="0.430482096" lbTx="0.43048218" tId="0" fbRx="0.440482096" lbRx="0.44048218" />
<p fId="0" fbTx="0.43048218" lbTx="0.430483055" tId="1" fbRx="0.43048218" lbRx="0.430483055" />
<p fId="1" fbTx="0.430483055" lbTx="0.43048393" tId="4" fbRx="0.430483055" lbRx="0.43048393" />
<p fId="3" fbTx="0.430582096" lbTx="0.43058218" tId="0" fbRx="0.440582096" lbRx="0.44058218" />
<p fId="0" fbTx="0.43058218" lbTx="0.430583055" tId="1" fbRx="0.43058218" lbRx="0.430583055" />
<p fId="1" fbTx="0.430583055" lbTx="0.43058393" tId="4" fbRx="0.430583055" lbRx="0.43058393" />
<p fId="3" fbTx="0.430682096" lbTx="0.43068218" tId="0" fbRx="0.440682096" lbRx="0.44068218" />
<p fId="0" fbTx="0.43068218" lbTx="0.430683055" tId="1" fbRx="0.43068218" lbRx="0.430683055" />
<p fId="1" fbTx="0.430683055" lbTx="0.43068393" tId="4" fbRx="0.430683055" lbRx="0.43068393" />
<p fId="3" fbTx="0.430782096" lbTx="0.43078218" tId="0" fbRx="0.440782096" lbRx="0.44078218" />
<p fId="0" fbTx="0.43078218" lbTx="0.430783055" tId="1" fbRx="0.43078218" lbRx="0.430783055" />
<p fId="1" fbTx="0.430783055" lbTx="0.43078393" tId="4" fbRx="0.430783055" lbRx="0.43078393" />
<p fId="3" fbTx="0.430882096" lbTx="0.43088218" tId="0" fbRx="0.440882096" lbRx="0.44088218" />
<p fId="0" fbTx="0.43088218" lbTx="0.430883055" tId="1" fbRx="0.43088218" lbRx="0.430883055" />
<p fId="1" fbTx="0.430883055" lbTx="0.43088393" tId="4" fbRx="0.430883055" lbRx="0.43088393" />
<p fId="3" fbTx="0.430982096" lbTx="0.43098218" tId="0" fbRx="0.440982096" lbRx="0.44098218" />
<p fId="0" fbTx="0.43098218" lbTx="0.430983055" tId="1" fbRx="0.43098218" lbRx="0.430983055" />
<p fId="1" fbTx="0.430983055" lbTx="0.43098393" tId="4" fbRx="0.430983055" lbRx="0.43098393" />
<p fId="3" fbTx="0.431082096" lbTx="0.43108218" tId="0" fbRx="0.441082096" lbRx="0.44108218" />
<p fId="0" fbTx="0.43108218" lbTx="0.431083055" tId="1" fbRx="0.43108218" lbRx="0.431083055" />
<p fId="1" fbTx="0.431083055" lbTx="0.43108393" tId="4" fbRx="0.431083055" lbRx="0.43108393" />
<p fId="3" fbTx="0.431182096" lbTx="0.43118218" tId="0" fbRx="0.441182096" lbRx="0.44118218" />
<p fId="0" fbTx="0.43118218" lbTx="0.431183055" tId="1" fbRx="0.43118218" lbRx="0.431183055" />
<p fId="1" fbTx="0.431183055" lbTx="0.43118393" tId="4" fbRx="0.431183055" lbRx="0.43118393" />
<pr uId="409" fId="4" fbTx="0.431214286" />
<wpr uId="409" tId="5" fbRx="0.431214286" lbRx="0" />
<wpr uId="409" tId="6" fbRx="0.431214286" lbRx="0" />
<p fId="3" fbTx="0.431282096" lbTx="0.43128218" tId="0" fbRx="0.441282096" lbRx="0.44128218" />
<p fId="0" fbTx="0.43128218" lbTx="0.431283055" tId="1" fbRx="0.43128218" lbRx="0.431283055" />
<p fId="1" fbTx="0.431283055" lbTx="0.43128393" tId="4" fbRx="0.431283055" lbRx="0.43128393" />
<p fId="3" fbTx="0.431382096" lbTx="0.43138218" tId="0" fbRx="0.441382096" lbRx="0.44138218" />
<p fId="0" fbTx="0.43138218" lbTx="0.431383055" tId="1" fbRx="0.43138218" lbRx="0.431383055" />
<p fId="1" fbTx="0.431383055" lbTx="0.43138393" tId="4" fbRx="0.431383055" lbRx="0.43138393" />
<p fId="3" fbTx="0.431482096" lbTx="0.43148218" tId="0" fbRx="0.441482096" lbRx="0.44148218" />
<p fId="0" fbTx="0.43148218" lbTx="0.431483055" tId="1" fbRx="0.43148218" lbRx="0.431483055" />
<p fId="1" fbTx="0.431483055" lbTx="0.43148393" tId="4" fbRx="0.431483055" lbRx="0.43148393" />
<p fId="3" fbTx="0.431582096" lbTx="0.43158218" tId="0" fbRx="0.441582096" lbRx="0.44158218" />
<p fId="0" fbTx="0.43158218" lbTx="0.431583055" tId="1" fbRx="0.43158218" lbRx="0.431583055" />
<p fId="1" fbTx="0.431583055" lbTx="0.43158393" tId="4" fbRx="0.431583055" lbRx="0.43158393" />
<p fId="3" fbTx="0.431682096" lbTx="0.43168218" tId="0" fbRx="0.441682096" lbRx="0.44168218" />
<p fId="0" fbTx="0.43168218" lbTx="0.431683055" tId="1" fbRx="0.43168218" lbRx="0.431683055" />
<p fId="1" fbTx="0.431683055" lbTx="0.43168393" tId="4" fbRx="0.431683055" lbRx="0.43168393" />
<p fId="3" fbTx="0.431782096" lbTx="0.43178218" tId="0" fbRx="0.441782096" lbRx="0.44178218" />
<p fId="0" fbTx="0.43178218" lbTx="0.431783055" tId="1" fbRx="0.43178218" lbRx="0.431783055" />
<p fId="1" fbTx="0.431783055" lbTx="0.43178393" tId="4" fbRx="0.431783055" lbRx="0.43178393" />
<p fId="3" fbTx="0.431882096" lbTx="0.43188218" tId="0" fbRx="0.441882096" lbRx="0.44188218" />
<p fId="0" fbTx="0.43188218" lbTx="0.431883055" tId="1" fbRx="0.43188218" lbRx="0.431883055" />
<p fId="1" fbTx="0.431883055" lbTx="0.43188393" tId="4" fbRx="0.431883055" lbRx="0.43188393" />
<p fId="3" fbTx="0.431982096" lbTx="0.43198218" tId="0" fbRx="0.441982096" lbRx="0.44198218" />
<p fId="0" fbTx="0.43198218" lbTx="0.431983055" tId="1" fbRx="0.43198218" lbRx="0.431983055" />
<p fId="1" fbTx="0.431983055" lbTx="0.43198393" tId="4" fbRx="0.431983055" lbRx="0.43198393" />
<p fId="3" fbTx="0.432082096" lbTx="0.43208218" tId="0" fbRx="0.442082096" lbRx="0.44208218" />
<p fId="0" fbTx="0.43208218" lbTx="0.432083055" tId="1" fbRx="0.43208218" lbRx="0.432083055" />
<p fId="1" fbTx="0.432083055" lbTx="0.43208393" tId="4" fbRx="0.432083055" lbRx="0.43208393" />
<p fId="3" fbTx="0.432182096" lbTx="0.43218218" tId="0" fbRx="0.442182096" lbRx="0.44218218" />
<p fId="0" fbTx="0.43218218" lbTx="0.432183055" tId="1" fbRx="0.43218218" lbRx="0.432183055" />
<p fId="1" fbTx="0.432183055" lbTx="0.43218393" tId="4" fbRx="0.432183055" lbRx="0.43218393" />
<pr uId="410" fId="4" fbTx="0.432214286" />
<wpr uId="410" tId="5" fbRx="0.432214286" lbRx="0" />
<wpr uId="410" tId="6" fbRx="0.432214286" lbRx="0" />
<p fId="3" fbTx="0.432282096" lbTx="0.43228218" tId="0" fbRx="0.442282096" lbRx="0.44228218" />
<p fId="0" fbTx="0.43228218" lbTx="0.432283055" tId="1" fbRx="0.43228218" lbRx="0.432283055" />
<p fId="1" fbTx="0.432283055" lbTx="0.43228393" tId="4" fbRx="0.432283055" lbRx="0.43228393" />
<p fId="3" fbTx="0.432382096" lbTx="0.43238218" tId="0" fbRx="0.442382096" lbRx="0.44238218" />
<p fId="0" fbTx="0.43238218" lbTx="0.432383055" tId="1" fbRx="0.43238218" lbRx="0.432383055" />
<p fId="1" fbTx="0.432383055" lbTx="0.43238393" tId="4" fbRx="0.432383055" lbRx="0.43238393" />
<p fId="3" fbTx="0.432482096" lbTx="0.43248218" tId="0" fbRx="0.442482096" lbRx="0.44248218" />
<p fId="0" fbTx="0.43248218" lbTx="0.432483055" tId="1" fbRx="0.43248218" lbRx="0.432483055" />
<p fId="1" fbTx="0.432483055" lbTx="0.43248393" tId="4" fbRx="0.432483055" lbRx="0.43248393" />
<p fId="3" fbTx="0.432582096" lbTx="0.43258218" tId="0" fbRx="0.442582096" lbRx="0.44258218" />
<p fId="0" fbTx="0.43258218" lbTx="0.432583055" tId="1" fbRx="0.43258218" lbRx="0.432583055" />
<p fId="1" fbTx="0.432583055" lbTx="0.43258393" tId="4" fbRx="0.432583055" lbRx="0.43258393" />
<p fId="3" fbTx="0.432682096" lbTx="0.43268218" tId="0" fbRx="0.442682096" lbRx="0.44268218" />
<p fId="0" fbTx="0.43268218" lbTx="0.432683055" tId="1" fbRx="0.43268218" lbRx="0.432683055" />
<p fId="1" fbTx="0.432683055" lbTx="0.43268393" tId="4" fbRx="0.432683055" lbRx="0.43268393" />
<p fId="3" fbTx="0.432782096" lbTx="0.43278218" tId="0" fbRx="0.442782096" lbRx="0.44278218" />
<p fId="0" fbTx="0.43278218" lbTx="0.432783055" tId="1" fbRx="0.43278218" lbRx="0.432783055" />
<p fId="1" fbTx="0.432783055" lbTx="0.43278393" tId="4" fbRx="0.432783055" lbRx="0.43278393" />
<p fId="3" fbTx="0.432882096" lbTx="0.43288218" tId="0" fbRx="0.442882096" lbRx="0.44288218" />
<p fId="0" fbTx="0.43288218" lbTx="0.432883055" tId="1" fbRx="0.43288218" lbRx="0.432883055" />
<p fId="1" fbTx="0.432883055" lbTx="0.43288393" tId="4" fbRx="0.432883055" lbRx="0.43288393" />
<p fId="3" fbTx="0.432982096" lbTx="0.43298218" tId="0" fbRx="0.442982096" lbRx="0.44298218" />
<p fId="0" fbTx="0.43298218" lbTx="0.432983055" tId="1" fbRx="0.43298218" lbRx="0.432983055" />
<p fId="1" fbTx="0.432983055" lbTx="0.43298393" tId="4" fbRx="0.432983055" lbRx="0.43298393" />
<p fId="3" fbTx="0.433082096" lbTx="0.43308218" tId="0" fbRx="0.443082096" lbRx="0.44308218" />
<p fId="0" fbTx="0.43308218" lbTx="0.433083055" tId="1" fbRx="0.43308218" lbRx="0.433083055" />
<p fId="1" fbTx="0.433083055" lbTx="0.43308393" tId="4" fbRx="0.433083055" lbRx="0.43308393" />
<p fId="3" fbTx="0.433182096" lbTx="0.43318218" tId="0" fbRx="0.443182096" lbRx="0.44318218" />
<p fId="0" fbTx="0.43318218" lbTx="0.433183055" tId="1" fbRx="0.43318218" lbRx="0.433183055" />
<p fId="1" fbTx="0.433183055" lbTx="0.43318393" tId="4" fbRx="0.433183055" lbRx="0.43318393" />
<pr uId="411" fId="4" fbTx="0.433214286" />
<wpr uId="411" tId="5" fbRx="0.433214286" lbRx="0" />
<wpr uId="411" tId="6" fbRx="0.433214286" lbRx="0" />
<p fId="3" fbTx="0.433282096" lbTx="0.43328218" tId="0" fbRx="0.443282096" lbRx="0.44328218" />
<p fId="0" fbTx="0.43328218" lbTx="0.433283055" tId="1" fbRx="0.43328218" lbRx="0.433283055" />
<p fId="1" fbTx="0.433283055" lbTx="0.43328393" tId="4" fbRx="0.433283055" lbRx="0.43328393" />
<p fId="3" fbTx="0.433382096" lbTx="0.43338218" tId="0" fbRx="0.443382096" lbRx="0.44338218" />
<p fId="0" fbTx="0.43338218" lbTx="0.433383055" tId="1" fbRx="0.43338218" lbRx="0.433383055" />
<p fId="1" fbTx="0.433383055" lbTx="0.43338393" tId="4" fbRx="0.433383055" lbRx="0.43338393" />
<p fId="3" fbTx="0.433482096" lbTx="0.43348218" tId="0" fbRx="0.443482096" lbRx="0.44348218" />
<p fId="0" fbTx="0.43348218" lbTx="0.433483055" tId="1" fbRx="0.43348218" lbRx="0.433483055" />
<p fId="1" fbTx="0.433483055" lbTx="0.43348393" tId="4" fbRx="0.433483055" lbRx="0.43348393" />
<p fId="3" fbTx="0.433582096" lbTx="0.43358218" tId="0" fbRx="0.443582096" lbRx="0.44358218" />
<p fId="0" fbTx="0.43358218" lbTx="0.433583055" tId="1" fbRx="0.43358218" lbRx="0.433583055" />
<p fId="1" fbTx="0.433583055" lbTx="0.43358393" tId="4" fbRx="0.433583055" lbRx="0.43358393" />
<p fId="3" fbTx="0.433682096" lbTx="0.43368218" tId="0" fbRx="0.443682096" lbRx="0.44368218" />
<p fId="0" fbTx="0.43368218" lbTx="0.433683055" tId="1" fbRx="0.43368218" lbRx="0.433683055" />
<p fId="1" fbTx="0.433683055" lbTx="0.43368393" tId="4" fbRx="0.433683055" lbRx="0.43368393" />
<p fId="3" fbTx="0.433782096" lbTx="0.43378218" tId="0" fbRx="0.443782096" lbRx="0.44378218" />
<p fId="0" fbTx="0.43378218" lbTx="0.433783055" tId="1" fbRx="0.43378218" lbRx="0.433783055" />
<p fId="1" fbTx="0.433783055" lbTx="0.43378393" tId="4" fbRx="0.433783055" lbRx="0.43378393" />
<p fId="3" fbTx="0.433882096" lbTx="0.43388218" tId="0" fbRx="0.443882096" lbRx="0.44388218" />
<p fId="0" fbTx="0.43388218" lbTx="0.433883055" tId="1" fbRx="0.43388218" lbRx="0.433883055" />
<p fId="1" fbTx="0.433883055" lbTx="0.43388393" tId="4" fbRx="0.433883055" lbRx="0.43388393" />
<p fId="3" fbTx="0.433982096" lbTx="0.43398218" tId="0" fbRx="0.443982096" lbRx="0.44398218" />
<p fId="0" fbTx="0.43398218" lbTx="0.433983055" tId="1" fbRx="0.43398218" lbRx="0.433983055" />
<p fId="1" fbTx="0.433983055" lbTx="0.43398393" tId="4" fbRx="0.433983055" lbRx="0.43398393" />
<p fId="3" fbTx="0.434082096" lbTx="0.43408218" tId="0" fbRx="0.444082096" lbRx="0.44408218" />
<p fId="0" fbTx="0.43408218" lbTx="0.434083055" tId="1" fbRx="0.43408218" lbRx="0.434083055" />
<p fId="1" fbTx="0.434083055" lbTx="0.43408393" tId="4" fbRx="0.434083055" lbRx="0.43408393" />
<p fId="3" fbTx="0.434182096" lbTx="0.43418218" tId="0" fbRx="0.444182096" lbRx="0.44418218" />
<p fId="0" fbTx="0.43418218" lbTx="0.434183055" tId="1" fbRx="0.43418218" lbRx="0.434183055" />
<p fId="1" fbTx="0.434183055" lbTx="0.43418393" tId="4" fbRx="0.434183055" lbRx="0.43418393" />
<pr uId="412" fId="4" fbTx="0.434214286" />
<wpr uId="412" tId="5" fbRx="0.434214286" lbRx="0" />
<wpr uId="412" tId="6" fbRx="0.434214286" lbRx="0" />
<p fId="3" fbTx="0.434282096" lbTx="0.43428218" tId="0" fbRx="0.444282096" lbRx="0.44428218" />
<p fId="0" fbTx="0.43428218" lbTx="0.434283055" tId="1" fbRx="0.43428218" lbRx="0.434283055" />
<p fId="1" fbTx="0.434283055" lbTx="0.43428393" tId="4" fbRx="0.434283055" lbRx="0.43428393" />
<p fId="3" fbTx="0.434382096" lbTx="0.43438218" tId="0" fbRx="0.444382096" lbRx="0.44438218" />
<p fId="0" fbTx="0.43438218" lbTx="0.434383055" tId="1" fbRx="0.43438218" lbRx="0.434383055" />
<p fId="1" fbTx="0.434383055" lbTx="0.43438393" tId="4" fbRx="0.434383055" lbRx="0.43438393" />
<p fId="3" fbTx="0.434482096" lbTx="0.43448218" tId="0" fbRx="0.444482096" lbRx="0.44448218" />
<p fId="0" fbTx="0.43448218" lbTx="0.434483055" tId="1" fbRx="0.43448218" lbRx="0.434483055" />
<p fId="1" fbTx="0.434483055" lbTx="0.43448393" tId="4" fbRx="0.434483055" lbRx="0.43448393" />
<p fId="3" fbTx="0.434582096" lbTx="0.43458218" tId="0" fbRx="0.444582096" lbRx="0.44458218" />
<p fId="0" fbTx="0.43458218" lbTx="0.434583055" tId="1" fbRx="0.43458218" lbRx="0.434583055" />
<p fId="1" fbTx="0.434583055" lbTx="0.43458393" tId="4" fbRx="0.434583055" lbRx="0.43458393" />
<p fId="3" fbTx="0.434682096" lbTx="0.43468218" tId="0" fbRx="0.444682096" lbRx="0.44468218" />
<p fId="0" fbTx="0.43468218" lbTx="0.434683055" tId="1" fbRx="0.43468218" lbRx="0.434683055" />
<p fId="1" fbTx="0.434683055" lbTx="0.43468393" tId="4" fbRx="0.434683055" lbRx="0.43468393" />
<p fId="3" fbTx="0.434782096" lbTx="0.43478218" tId="0" fbRx="0.444782096" lbRx="0.44478218" />
<p fId="0" fbTx="0.43478218" lbTx="0.434783055" tId="1" fbRx="0.43478218" lbRx="0.434783055" />
<p fId="1" fbTx="0.434783055" lbTx="0.43478393" tId="4" fbRx="0.434783055" lbRx="0.43478393" />
<p fId="3" fbTx="0.434882096" lbTx="0.43488218" tId="0" fbRx="0.444882096" lbRx="0.44488218" />
<p fId="0" fbTx="0.43488218" lbTx="0.434883055" tId="1" fbRx="0.43488218" lbRx="0.434883055" />
<p fId="1" fbTx="0.434883055" lbTx="0.43488393" tId="4" fbRx="0.434883055" lbRx="0.43488393" />
<p fId="3" fbTx="0.434982096" lbTx="0.43498218" tId="0" fbRx="0.444982096" lbRx="0.44498218" />
<p fId="0" fbTx="0.43498218" lbTx="0.434983055" tId="1" fbRx="0.43498218" lbRx="0.434983055" />
<p fId="1" fbTx="0.434983055" lbTx="0.43498393" tId="4" fbRx="0.434983055" lbRx="0.43498393" />
<p fId="3" fbTx="0.435082096" lbTx="0.43508218" tId="0" fbRx="0.445082096" lbRx="0.44508218" />
<p fId="0" fbTx="0.43508218" lbTx="0.435083055" tId="1" fbRx="0.43508218" lbRx="0.435083055" />
<p fId="1" fbTx="0.435083055" lbTx="0.43508393" tId="4" fbRx="0.435083055" lbRx="0.43508393" />
<p fId="3" fbTx="0.435182096" lbTx="0.43518218" tId="0" fbRx="0.445182096" lbRx="0.44518218" />
<p fId="0" fbTx="0.43518218" lbTx="0.435183055" tId="1" fbRx="0.43518218" lbRx="0.435183055" />
<p fId="1" fbTx="0.435183055" lbTx="0.43518393" tId="4" fbRx="0.435183055" lbRx="0.43518393" />
<pr uId="413" fId="4" fbTx="0.435214286" />
<wpr uId="413" tId="5" fbRx="0.435214286" lbRx="0" />
<wpr uId="413" tId="6" fbRx="0.435214286" lbRx="0" />
<p fId="3" fbTx="0.435282096" lbTx="0.43528218" tId="0" fbRx="0.445282096" lbRx="0.44528218" />
<p fId="0" fbTx="0.43528218" lbTx="0.435283055" tId="1" fbRx="0.43528218" lbRx="0.435283055" />
<p fId="1" fbTx="0.435283055" lbTx="0.43528393" tId="4" fbRx="0.435283055" lbRx="0.43528393" />
<p fId="3" fbTx="0.435382096" lbTx="0.43538218" tId="0" fbRx="0.445382096" lbRx="0.44538218" />
<p fId="0" fbTx="0.43538218" lbTx="0.435383055" tId="1" fbRx="0.43538218" lbRx="0.435383055" />
<p fId="1" fbTx="0.435383055" lbTx="0.43538393" tId="4" fbRx="0.435383055" lbRx="0.43538393" />
<p fId="3" fbTx="0.435482096" lbTx="0.43548218" tId="0" fbRx="0.445482096" lbRx="0.44548218" />
<p fId="0" fbTx="0.43548218" lbTx="0.435483055" tId="1" fbRx="0.43548218" lbRx="0.435483055" />
<p fId="1" fbTx="0.435483055" lbTx="0.43548393" tId="4" fbRx="0.435483055" lbRx="0.43548393" />
<p fId="3" fbTx="0.435582096" lbTx="0.43558218" tId="0" fbRx="0.445582096" lbRx="0.44558218" />
<p fId="0" fbTx="0.43558218" lbTx="0.435583055" tId="1" fbRx="0.43558218" lbRx="0.435583055" />
<p fId="1" fbTx="0.435583055" lbTx="0.43558393" tId="4" fbRx="0.435583055" lbRx="0.43558393" />
<p fId="3" fbTx="0.435682096" lbTx="0.43568218" tId="0" fbRx="0.445682096" lbRx="0.44568218" />
<p fId="0" fbTx="0.43568218" lbTx="0.435683055" tId="1" fbRx="0.43568218" lbRx="0.435683055" />
<p fId="1" fbTx="0.435683055" lbTx="0.43568393" tId="4" fbRx="0.435683055" lbRx="0.43568393" />
<p fId="3" fbTx="0.435782096" lbTx="0.43578218" tId="0" fbRx="0.445782096" lbRx="0.44578218" />
<p fId="0" fbTx="0.43578218" lbTx="0.435783055" tId="1" fbRx="0.43578218" lbRx="0.435783055" />
<p fId="1" fbTx="0.435783055" lbTx="0.43578393" tId="4" fbRx="0.435783055" lbRx="0.43578393" />
<p fId="3" fbTx="0.435882096" lbTx="0.43588218" tId="0" fbRx="0.445882096" lbRx="0.44588218" />
<p fId="0" fbTx="0.43588218" lbTx="0.435883055" tId="1" fbRx="0.43588218" lbRx="0.435883055" />
<p fId="1" fbTx="0.435883055" lbTx="0.43588393" tId="4" fbRx="0.435883055" lbRx="0.43588393" />
<p fId="3" fbTx="0.435982096" lbTx="0.43598218" tId="0" fbRx="0.445982096" lbRx="0.44598218" />
<p fId="0" fbTx="0.43598218" lbTx="0.435983055" tId="1" fbRx="0.43598218" lbRx="0.435983055" />
<p fId="1" fbTx="0.435983055" lbTx="0.43598393" tId="4" fbRx="0.435983055" lbRx="0.43598393" />
<p fId="3" fbTx="0.436082096" lbTx="0.43608218" tId="0" fbRx="0.446082096" lbRx="0.44608218" />
<p fId="0" fbTx="0.43608218" lbTx="0.436083055" tId="1" fbRx="0.43608218" lbRx="0.436083055" />
<p fId="1" fbTx="0.436083055" lbTx="0.43608393" tId="4" fbRx="0.436083055" lbRx="0.43608393" />
<p fId="3" fbTx="0.436182096" lbTx="0.43618218" tId="0" fbRx="0.446182096" lbRx="0.44618218" />
<p fId="0" fbTx="0.43618218" lbTx="0.436183055" tId="1" fbRx="0.43618218" lbRx="0.436183055" />
<p fId="1" fbTx="0.436183055" lbTx="0.43618393" tId="4" fbRx="0.436183055" lbRx="0.43618393" />
<pr uId="414" fId="4" fbTx="0.436214286" />
<wpr uId="414" tId="5" fbRx="0.436214286" lbRx="0" />
<wpr uId="414" tId="6" fbRx="0.436214286" lbRx="0" />
<p fId="3" fbTx="0.436282096" lbTx="0.43628218" tId="0" fbRx="0.446282096" lbRx="0.44628218" />
<p fId="0" fbTx="0.43628218" lbTx="0.436283055" tId="1" fbRx="0.43628218" lbRx="0.436283055" />
<p fId="1" fbTx="0.436283055" lbTx="0.43628393" tId="4" fbRx="0.436283055" lbRx="0.43628393" />
<p fId="3" fbTx="0.436382096" lbTx="0.43638218" tId="0" fbRx="0.446382096" lbRx="0.44638218" />
<p fId="0" fbTx="0.43638218" lbTx="0.436383055" tId="1" fbRx="0.43638218" lbRx="0.436383055" />
<p fId="1" fbTx="0.436383055" lbTx="0.43638393" tId="4" fbRx="0.436383055" lbRx="0.43638393" />
<p fId="3" fbTx="0.436482096" lbTx="0.43648218" tId="0" fbRx="0.446482096" lbRx="0.44648218" />
<p fId="0" fbTx="0.43648218" lbTx="0.436483055" tId="1" fbRx="0.43648218" lbRx="0.436483055" />
<p fId="1" fbTx="0.436483055" lbTx="0.43648393" tId="4" fbRx="0.436483055" lbRx="0.43648393" />
<p fId="3" fbTx="0.436582096" lbTx="0.43658218" tId="0" fbRx="0.446582096" lbRx="0.44658218" />
<p fId="0" fbTx="0.43658218" lbTx="0.436583055" tId="1" fbRx="0.43658218" lbRx="0.436583055" />
<p fId="1" fbTx="0.436583055" lbTx="0.43658393" tId="4" fbRx="0.436583055" lbRx="0.43658393" />
<p fId="3" fbTx="0.436682096" lbTx="0.43668218" tId="0" fbRx="0.446682096" lbRx="0.44668218" />
<p fId="0" fbTx="0.43668218" lbTx="0.436683055" tId="1" fbRx="0.43668218" lbRx="0.436683055" />
<p fId="1" fbTx="0.436683055" lbTx="0.43668393" tId="4" fbRx="0.436683055" lbRx="0.43668393" />
<p fId="3" fbTx="0.436782096" lbTx="0.43678218" tId="0" fbRx="0.446782096" lbRx="0.44678218" />
<p fId="0" fbTx="0.43678218" lbTx="0.436783055" tId="1" fbRx="0.43678218" lbRx="0.436783055" />
<p fId="1" fbTx="0.436783055" lbTx="0.43678393" tId="4" fbRx="0.436783055" lbRx="0.43678393" />
<p fId="3" fbTx="0.436882096" lbTx="0.43688218" tId="0" fbRx="0.446882096" lbRx="0.44688218" />
<p fId="0" fbTx="0.43688218" lbTx="0.436883055" tId="1" fbRx="0.43688218" lbRx="0.436883055" />
<p fId="1" fbTx="0.436883055" lbTx="0.43688393" tId="4" fbRx="0.436883055" lbRx="0.43688393" />
<p fId="3" fbTx="0.436982096" lbTx="0.43698218" tId="0" fbRx="0.446982096" lbRx="0.44698218" />
<p fId="0" fbTx="0.43698218" lbTx="0.436983055" tId="1" fbRx="0.43698218" lbRx="0.436983055" />
<p fId="1" fbTx="0.436983055" lbTx="0.43698393" tId="4" fbRx="0.436983055" lbRx="0.43698393" />
<p fId="3" fbTx="0.437082096" lbTx="0.43708218" tId="0" fbRx="0.447082096" lbRx="0.44708218" />
<p fId="0" fbTx="0.43708218" lbTx="0.437083055" tId="1" fbRx="0.43708218" lbRx="0.437083055" />
<p fId="1" fbTx="0.437083055" lbTx="0.43708393" tId="4" fbRx="0.437083055" lbRx="0.43708393" />
<p fId="3" fbTx="0.437182096" lbTx="0.43718218" tId="0" fbRx="0.447182096" lbRx="0.44718218" />
<p fId="0" fbTx="0.43718218" lbTx="0.437183055" tId="1" fbRx="0.43718218" lbRx="0.437183055" />
<p fId="1" fbTx="0.437183055" lbTx="0.43718393" tId="4" fbRx="0.437183055" lbRx="0.43718393" />
<pr uId="415" fId="4" fbTx="0.437214286" />
<wpr uId="415" tId="5" fbRx="0.437214286" lbRx="0" />
<wpr uId="415" tId="6" fbRx="0.437214286" lbRx="0" />
<p fId="3" fbTx="0.437282096" lbTx="0.43728218" tId="0" fbRx="0.447282096" lbRx="0.44728218" />
<p fId="0" fbTx="0.43728218" lbTx="0.437283055" tId="1" fbRx="0.43728218" lbRx="0.437283055" />
<p fId="1" fbTx="0.437283055" lbTx="0.43728393" tId="4" fbRx="0.437283055" lbRx="0.43728393" />
<p fId="3" fbTx="0.437382096" lbTx="0.43738218" tId="0" fbRx="0.447382096" lbRx="0.44738218" />
<p fId="0" fbTx="0.43738218" lbTx="0.437383055" tId="1" fbRx="0.43738218" lbRx="0.437383055" />
<p fId="1" fbTx="0.437383055" lbTx="0.43738393" tId="4" fbRx="0.437383055" lbRx="0.43738393" />
<p fId="3" fbTx="0.437482096" lbTx="0.43748218" tId="0" fbRx="0.447482096" lbRx="0.44748218" />
<p fId="0" fbTx="0.43748218" lbTx="0.437483055" tId="1" fbRx="0.43748218" lbRx="0.437483055" />
<p fId="1" fbTx="0.437483055" lbTx="0.43748393" tId="4" fbRx="0.437483055" lbRx="0.43748393" />
<p fId="3" fbTx="0.437582096" lbTx="0.43758218" tId="0" fbRx="0.447582096" lbRx="0.44758218" />
<p fId="0" fbTx="0.43758218" lbTx="0.437583055" tId="1" fbRx="0.43758218" lbRx="0.437583055" />
<p fId="1" fbTx="0.437583055" lbTx="0.43758393" tId="4" fbRx="0.437583055" lbRx="0.43758393" />
<p fId="3" fbTx="0.437682096" lbTx="0.43768218" tId="0" fbRx="0.447682096" lbRx="0.44768218" />
<p fId="0" fbTx="0.43768218" lbTx="0.437683055" tId="1" fbRx="0.43768218" lbRx="0.437683055" />
<p fId="1" fbTx="0.437683055" lbTx="0.43768393" tId="4" fbRx="0.437683055" lbRx="0.43768393" />
<p fId="3" fbTx="0.437782096" lbTx="0.43778218" tId="0" fbRx="0.447782096" lbRx="0.44778218" />
<p fId="0" fbTx="0.43778218" lbTx="0.437783055" tId="1" fbRx="0.43778218" lbRx="0.437783055" />
<p fId="1" fbTx="0.437783055" lbTx="0.43778393" tId="4" fbRx="0.437783055" lbRx="0.43778393" />
<p fId="3" fbTx="0.437882096" lbTx="0.43788218" tId="0" fbRx="0.447882096" lbRx="0.44788218" />
<p fId="0" fbTx="0.43788218" lbTx="0.437883055" tId="1" fbRx="0.43788218" lbRx="0.437883055" />
<p fId="1" fbTx="0.437883055" lbTx="0.43788393" tId="4" fbRx="0.437883055" lbRx="0.43788393" />
<p fId="3" fbTx="0.437982096" lbTx="0.43798218" tId="0" fbRx="0.447982096" lbRx="0.44798218" />
<p fId="0" fbTx="0.43798218" lbTx="0.437983055" tId="1" fbRx="0.43798218" lbRx="0.437983055" />
<p fId="1" fbTx="0.437983055" lbTx="0.43798393" tId="4" fbRx="0.437983055" lbRx="0.43798393" />
<p fId="3" fbTx="0.438082096" lbTx="0.43808218" tId="0" fbRx="0.448082096" lbRx="0.44808218" />
<p fId="0" fbTx="0.43808218" lbTx="0.438083055" tId="1" fbRx="0.43808218" lbRx="0.438083055" />
<p fId="1" fbTx="0.438083055" lbTx="0.43808393" tId="4" fbRx="0.438083055" lbRx="0.43808393" />
<p fId="3" fbTx="0.438182096" lbTx="0.43818218" tId="0" fbRx="0.448182096" lbRx="0.44818218" />
<p fId="0" fbTx="0.43818218" lbTx="0.438183055" tId="1" fbRx="0.43818218" lbRx="0.438183055" />
<p fId="1" fbTx="0.438183055" lbTx="0.43818393" tId="4" fbRx="0.438183055" lbRx="0.43818393" />
<pr uId="416" fId="4" fbTx="0.438214286" />
<wpr uId="416" tId="5" fbRx="0.438214286" lbRx="0" />
<wpr uId="416" tId="6" fbRx="0.438214286" lbRx="0" />
<p fId="3" fbTx="0.438282096" lbTx="0.43828218" tId="0" fbRx="0.448282096" lbRx="0.44828218" />
<p fId="0" fbTx="0.43828218" lbTx="0.438283055" tId="1" fbRx="0.43828218" lbRx="0.438283055" />
<p fId="1" fbTx="0.438283055" lbTx="0.43828393" tId="4" fbRx="0.438283055" lbRx="0.43828393" />
<p fId="3" fbTx="0.438382096" lbTx="0.43838218" tId="0" fbRx="0.448382096" lbRx="0.44838218" />
<p fId="0" fbTx="0.43838218" lbTx="0.438383055" tId="1" fbRx="0.43838218" lbRx="0.438383055" />
<p fId="1" fbTx="0.438383055" lbTx="0.43838393" tId="4" fbRx="0.438383055" lbRx="0.43838393" />
<p fId="3" fbTx="0.438482096" lbTx="0.43848218" tId="0" fbRx="0.448482096" lbRx="0.44848218" />
<p fId="0" fbTx="0.43848218" lbTx="0.438483055" tId="1" fbRx="0.43848218" lbRx="0.438483055" />
<p fId="1" fbTx="0.438483055" lbTx="0.43848393" tId="4" fbRx="0.438483055" lbRx="0.43848393" />
<p fId="3" fbTx="0.438582096" lbTx="0.43858218" tId="0" fbRx="0.448582096" lbRx="0.44858218" />
<p fId="0" fbTx="0.43858218" lbTx="0.438583055" tId="1" fbRx="0.43858218" lbRx="0.438583055" />
<p fId="1" fbTx="0.438583055" lbTx="0.43858393" tId="4" fbRx="0.438583055" lbRx="0.43858393" />
<p fId="3" fbTx="0.438682096" lbTx="0.43868218" tId="0" fbRx="0.448682096" lbRx="0.44868218" />
<p fId="0" fbTx="0.43868218" lbTx="0.438683055" tId="1" fbRx="0.43868218" lbRx="0.438683055" />
<p fId="1" fbTx="0.438683055" lbTx="0.43868393" tId="4" fbRx="0.438683055" lbRx="0.43868393" />
<p fId="3" fbTx="0.438782096" lbTx="0.43878218" tId="0" fbRx="0.448782096" lbRx="0.44878218" />
<p fId="0" fbTx="0.43878218" lbTx="0.438783055" tId="1" fbRx="0.43878218" lbRx="0.438783055" />
<p fId="1" fbTx="0.438783055" lbTx="0.43878393" tId="4" fbRx="0.438783055" lbRx="0.43878393" />
<p fId="3" fbTx="0.438882096" lbTx="0.43888218" tId="0" fbRx="0.448882096" lbRx="0.44888218" />
<p fId="0" fbTx="0.43888218" lbTx="0.438883055" tId="1" fbRx="0.43888218" lbRx="0.438883055" />
<p fId="1" fbTx="0.438883055" lbTx="0.43888393" tId="4" fbRx="0.438883055" lbRx="0.43888393" />
<p fId="3" fbTx="0.438982096" lbTx="0.43898218" tId="0" fbRx="0.448982096" lbRx="0.44898218" />
<p fId="0" fbTx="0.43898218" lbTx="0.438983055" tId="1" fbRx="0.43898218" lbRx="0.438983055" />
<p fId="1" fbTx="0.438983055" lbTx="0.43898393" tId="4" fbRx="0.438983055" lbRx="0.43898393" />
<p fId="3" fbTx="0.439082096" lbTx="0.43908218" tId="0" fbRx="0.449082096" lbRx="0.44908218" />
<p fId="0" fbTx="0.43908218" lbTx="0.439083055" tId="1" fbRx="0.43908218" lbRx="0.439083055" />
<p fId="1" fbTx="0.439083055" lbTx="0.43908393" tId="4" fbRx="0.439083055" lbRx="0.43908393" />
<p fId="3" fbTx="0.439182096" lbTx="0.43918218" tId="0" fbRx="0.449182096" lbRx="0.44918218" />
<p fId="0" fbTx="0.43918218" lbTx="0.439183055" tId="1" fbRx="0.43918218" lbRx="0.439183055" />
<p fId="1" fbTx="0.439183055" lbTx="0.43918393" tId="4" fbRx="0.439183055" lbRx="0.43918393" />
<pr uId="417" fId="4" fbTx="0.439214286" />
<wpr uId="417" tId="5" fbRx="0.439214286" lbRx="0" />
<wpr uId="417" tId="6" fbRx="0.439214286" lbRx="0" />
<p fId="3" fbTx="0.439282096" lbTx="0.43928218" tId="0" fbRx="0.449282096" lbRx="0.44928218" />
<p fId="0" fbTx="0.43928218" lbTx="0.439283055" tId="1" fbRx="0.43928218" lbRx="0.439283055" />
<p fId="1" fbTx="0.439283055" lbTx="0.43928393" tId="4" fbRx="0.439283055" lbRx="0.43928393" />
<p fId="3" fbTx="0.439382096" lbTx="0.43938218" tId="0" fbRx="0.449382096" lbRx="0.44938218" />
<p fId="0" fbTx="0.43938218" lbTx="0.439383055" tId="1" fbRx="0.43938218" lbRx="0.439383055" />
<p fId="1" fbTx="0.439383055" lbTx="0.43938393" tId="4" fbRx="0.439383055" lbRx="0.43938393" />
<p fId="3" fbTx="0.439482096" lbTx="0.43948218" tId="0" fbRx="0.449482096" lbRx="0.44948218" />
<p fId="0" fbTx="0.43948218" lbTx="0.439483055" tId="1" fbRx="0.43948218" lbRx="0.439483055" />
<p fId="1" fbTx="0.439483055" lbTx="0.43948393" tId="4" fbRx="0.439483055" lbRx="0.43948393" />
<p fId="3" fbTx="0.439582096" lbTx="0.43958218" tId="0" fbRx="0.449582096" lbRx="0.44958218" />
<p fId="0" fbTx="0.43958218" lbTx="0.439583055" tId="1" fbRx="0.43958218" lbRx="0.439583055" />
<p fId="1" fbTx="0.439583055" lbTx="0.43958393" tId="4" fbRx="0.439583055" lbRx="0.43958393" />
<p fId="3" fbTx="0.439682096" lbTx="0.43968218" tId="0" fbRx="0.449682096" lbRx="0.44968218" />
<p fId="0" fbTx="0.43968218" lbTx="0.439683055" tId="1" fbRx="0.43968218" lbRx="0.439683055" />
<p fId="1" fbTx="0.439683055" lbTx="0.43968393" tId="4" fbRx="0.439683055" lbRx="0.43968393" />
<p fId="3" fbTx="0.439782096" lbTx="0.43978218" tId="0" fbRx="0.449782096" lbRx="0.44978218" />
<p fId="0" fbTx="0.43978218" lbTx="0.439783055" tId="1" fbRx="0.43978218" lbRx="0.439783055" />
<p fId="1" fbTx="0.439783055" lbTx="0.43978393" tId="4" fbRx="0.439783055" lbRx="0.43978393" />
<p fId="3" fbTx="0.439882096" lbTx="0.43988218" tId="0" fbRx="0.449882096" lbRx="0.44988218" />
<p fId="0" fbTx="0.43988218" lbTx="0.439883055" tId="1" fbRx="0.43988218" lbRx="0.439883055" />
<p fId="1" fbTx="0.439883055" lbTx="0.43988393" tId="4" fbRx="0.439883055" lbRx="0.43988393" />
<p fId="3" fbTx="0.439982096" lbTx="0.43998218" tId="0" fbRx="0.449982096" lbRx="0.44998218" />
<p fId="0" fbTx="0.43998218" lbTx="0.439983055" tId="1" fbRx="0.43998218" lbRx="0.439983055" />
<p fId="1" fbTx="0.439983055" lbTx="0.43998393" tId="4" fbRx="0.439983055" lbRx="0.43998393" />
<p fId="3" fbTx="0.440082096" lbTx="0.44008218" tId="0" fbRx="0.450082096" lbRx="0.45008218" />
<p fId="0" fbTx="0.44008218" lbTx="0.440083055" tId="1" fbRx="0.44008218" lbRx="0.440083055" />
<p fId="1" fbTx="0.440083055" lbTx="0.44008393" tId="4" fbRx="0.440083055" lbRx="0.44008393" />
<p fId="3" fbTx="0.440182096" lbTx="0.44018218" tId="0" fbRx="0.450182096" lbRx="0.45018218" />
<p fId="0" fbTx="0.44018218" lbTx="0.440183055" tId="1" fbRx="0.44018218" lbRx="0.440183055" />
<p fId="1" fbTx="0.440183055" lbTx="0.44018393" tId="4" fbRx="0.440183055" lbRx="0.44018393" />
<pr uId="418" fId="4" fbTx="0.440214286" />
<wpr uId="418" tId="5" fbRx="0.440214286" lbRx="0" />
<wpr uId="418" tId="6" fbRx="0.440214286" lbRx="0" />
<p fId="3" fbTx="0.440282096" lbTx="0.44028218" tId="0" fbRx="0.450282096" lbRx="0.45028218" />
<p fId="0" fbTx="0.44028218" lbTx="0.440283055" tId="1" fbRx="0.44028218" lbRx="0.440283055" />
<p fId="1" fbTx="0.440283055" lbTx="0.44028393" tId="4" fbRx="0.440283055" lbRx="0.44028393" />
<p fId="3" fbTx="0.440382096" lbTx="0.44038218" tId="0" fbRx="0.450382096" lbRx="0.45038218" />
<p fId="0" fbTx="0.44038218" lbTx="0.440383055" tId="1" fbRx="0.44038218" lbRx="0.440383055" />
<p fId="1" fbTx="0.440383055" lbTx="0.44038393" tId="4" fbRx="0.440383055" lbRx="0.44038393" />
<p fId="3" fbTx="0.440482096" lbTx="0.44048218" tId="0" fbRx="0.450482096" lbRx="0.45048218" />
<p fId="0" fbTx="0.44048218" lbTx="0.440483055" tId="1" fbRx="0.44048218" lbRx="0.440483055" />
<p fId="1" fbTx="0.440483055" lbTx="0.44048393" tId="4" fbRx="0.440483055" lbRx="0.44048393" />
<p fId="3" fbTx="0.440582096" lbTx="0.44058218" tId="0" fbRx="0.450582096" lbRx="0.45058218" />
<p fId="0" fbTx="0.44058218" lbTx="0.440583055" tId="1" fbRx="0.44058218" lbRx="0.440583055" />
<p fId="1" fbTx="0.440583055" lbTx="0.44058393" tId="4" fbRx="0.440583055" lbRx="0.44058393" />
<p fId="3" fbTx="0.440682096" lbTx="0.44068218" tId="0" fbRx="0.450682096" lbRx="0.45068218" />
<p fId="0" fbTx="0.44068218" lbTx="0.440683055" tId="1" fbRx="0.44068218" lbRx="0.440683055" />
<p fId="1" fbTx="0.440683055" lbTx="0.44068393" tId="4" fbRx="0.440683055" lbRx="0.44068393" />
<p fId="3" fbTx="0.440782096" lbTx="0.44078218" tId="0" fbRx="0.450782096" lbRx="0.45078218" />
<p fId="0" fbTx="0.44078218" lbTx="0.440783055" tId="1" fbRx="0.44078218" lbRx="0.440783055" />
<p fId="1" fbTx="0.440783055" lbTx="0.44078393" tId="4" fbRx="0.440783055" lbRx="0.44078393" />
<p fId="3" fbTx="0.440882096" lbTx="0.44088218" tId="0" fbRx="0.450882096" lbRx="0.45088218" />
<p fId="0" fbTx="0.44088218" lbTx="0.440883055" tId="1" fbRx="0.44088218" lbRx="0.440883055" />
<p fId="1" fbTx="0.440883055" lbTx="0.44088393" tId="4" fbRx="0.440883055" lbRx="0.44088393" />
<p fId="3" fbTx="0.440982096" lbTx="0.44098218" tId="0" fbRx="0.450982096" lbRx="0.45098218" />
<p fId="0" fbTx="0.44098218" lbTx="0.440983055" tId="1" fbRx="0.44098218" lbRx="0.440983055" />
<p fId="1" fbTx="0.440983055" lbTx="0.44098393" tId="4" fbRx="0.440983055" lbRx="0.44098393" />
<p fId="3" fbTx="0.441082096" lbTx="0.44108218" tId="0" fbRx="0.451082096" lbRx="0.45108218" />
<p fId="0" fbTx="0.44108218" lbTx="0.441083055" tId="1" fbRx="0.44108218" lbRx="0.441083055" />
<p fId="1" fbTx="0.441083055" lbTx="0.44108393" tId="4" fbRx="0.441083055" lbRx="0.44108393" />
<p fId="3" fbTx="0.441182096" lbTx="0.44118218" tId="0" fbRx="0.451182096" lbRx="0.45118218" />
<p fId="0" fbTx="0.44118218" lbTx="0.441183055" tId="1" fbRx="0.44118218" lbRx="0.441183055" />
<p fId="1" fbTx="0.441183055" lbTx="0.44118393" tId="4" fbRx="0.441183055" lbRx="0.44118393" />
<pr uId="419" fId="4" fbTx="0.441214286" />
<wpr uId="419" tId="5" fbRx="0.441214286" lbRx="0" />
<wpr uId="419" tId="6" fbRx="0.441214286" lbRx="0" />
<p fId="3" fbTx="0.441282096" lbTx="0.44128218" tId="0" fbRx="0.451282096" lbRx="0.45128218" />
<p fId="0" fbTx="0.44128218" lbTx="0.441283055" tId="1" fbRx="0.44128218" lbRx="0.441283055" />
<p fId="1" fbTx="0.441283055" lbTx="0.44128393" tId="4" fbRx="0.441283055" lbRx="0.44128393" />
<p fId="3" fbTx="0.441382096" lbTx="0.44138218" tId="0" fbRx="0.451382096" lbRx="0.45138218" />
<p fId="0" fbTx="0.44138218" lbTx="0.441383055" tId="1" fbRx="0.44138218" lbRx="0.441383055" />
<p fId="1" fbTx="0.441383055" lbTx="0.44138393" tId="4" fbRx="0.441383055" lbRx="0.44138393" />
<p fId="3" fbTx="0.441482096" lbTx="0.44148218" tId="0" fbRx="0.451482096" lbRx="0.45148218" />
<p fId="0" fbTx="0.44148218" lbTx="0.441483055" tId="1" fbRx="0.44148218" lbRx="0.441483055" />
<p fId="1" fbTx="0.441483055" lbTx="0.44148393" tId="4" fbRx="0.441483055" lbRx="0.44148393" />
<p fId="3" fbTx="0.441582096" lbTx="0.44158218" tId="0" fbRx="0.451582096" lbRx="0.45158218" />
<p fId="0" fbTx="0.44158218" lbTx="0.441583055" tId="1" fbRx="0.44158218" lbRx="0.441583055" />
<p fId="1" fbTx="0.441583055" lbTx="0.44158393" tId="4" fbRx="0.441583055" lbRx="0.44158393" />
<p fId="3" fbTx="0.441682096" lbTx="0.44168218" tId="0" fbRx="0.451682096" lbRx="0.45168218" />
<p fId="0" fbTx="0.44168218" lbTx="0.441683055" tId="1" fbRx="0.44168218" lbRx="0.441683055" />
<p fId="1" fbTx="0.441683055" lbTx="0.44168393" tId="4" fbRx="0.441683055" lbRx="0.44168393" />
<p fId="3" fbTx="0.441782096" lbTx="0.44178218" tId="0" fbRx="0.451782096" lbRx="0.45178218" />
<p fId="0" fbTx="0.44178218" lbTx="0.441783055" tId="1" fbRx="0.44178218" lbRx="0.441783055" />
<p fId="1" fbTx="0.441783055" lbTx="0.44178393" tId="4" fbRx="0.441783055" lbRx="0.44178393" />
<p fId="3" fbTx="0.441882096" lbTx="0.44188218" tId="0" fbRx="0.451882096" lbRx="0.45188218" />
<p fId="0" fbTx="0.44188218" lbTx="0.441883055" tId="1" fbRx="0.44188218" lbRx="0.441883055" />
<p fId="1" fbTx="0.441883055" lbTx="0.44188393" tId="4" fbRx="0.441883055" lbRx="0.44188393" />
<p fId="3" fbTx="0.441982096" lbTx="0.44198218" tId="0" fbRx="0.451982096" lbRx="0.45198218" />
<p fId="0" fbTx="0.44198218" lbTx="0.441983055" tId="1" fbRx="0.44198218" lbRx="0.441983055" />
<p fId="1" fbTx="0.441983055" lbTx="0.44198393" tId="4" fbRx="0.441983055" lbRx="0.44198393" />
<p fId="3" fbTx="0.442082096" lbTx="0.44208218" tId="0" fbRx="0.452082096" lbRx="0.45208218" />
<p fId="0" fbTx="0.44208218" lbTx="0.442083055" tId="1" fbRx="0.44208218" lbRx="0.442083055" />
<p fId="1" fbTx="0.442083055" lbTx="0.44208393" tId="4" fbRx="0.442083055" lbRx="0.44208393" />
<p fId="3" fbTx="0.442182096" lbTx="0.44218218" tId="0" fbRx="0.452182096" lbRx="0.45218218" />
<p fId="0" fbTx="0.44218218" lbTx="0.442183055" tId="1" fbRx="0.44218218" lbRx="0.442183055" />
<p fId="1" fbTx="0.442183055" lbTx="0.44218393" tId="4" fbRx="0.442183055" lbRx="0.44218393" />
<pr uId="420" fId="4" fbTx="0.442214286" />
<wpr uId="420" tId="5" fbRx="0.442214286" lbRx="0" />
<wpr uId="420" tId="6" fbRx="0.442214286" lbRx="0" />
<p fId="3" fbTx="0.442282096" lbTx="0.44228218" tId="0" fbRx="0.452282096" lbRx="0.45228218" />
<p fId="0" fbTx="0.44228218" lbTx="0.442283055" tId="1" fbRx="0.44228218" lbRx="0.442283055" />
<p fId="1" fbTx="0.442283055" lbTx="0.44228393" tId="4" fbRx="0.442283055" lbRx="0.44228393" />
<p fId="3" fbTx="0.442382096" lbTx="0.44238218" tId="0" fbRx="0.452382096" lbRx="0.45238218" />
<p fId="0" fbTx="0.44238218" lbTx="0.442383055" tId="1" fbRx="0.44238218" lbRx="0.442383055" />
<p fId="1" fbTx="0.442383055" lbTx="0.44238393" tId="4" fbRx="0.442383055" lbRx="0.44238393" />
<p fId="3" fbTx="0.442482096" lbTx="0.44248218" tId="0" fbRx="0.452482096" lbRx="0.45248218" />
<p fId="0" fbTx="0.44248218" lbTx="0.442483055" tId="1" fbRx="0.44248218" lbRx="0.442483055" />
<p fId="1" fbTx="0.442483055" lbTx="0.44248393" tId="4" fbRx="0.442483055" lbRx="0.44248393" />
<p fId="3" fbTx="0.442582096" lbTx="0.44258218" tId="0" fbRx="0.452582096" lbRx="0.45258218" />
<p fId="0" fbTx="0.44258218" lbTx="0.442583055" tId="1" fbRx="0.44258218" lbRx="0.442583055" />
<p fId="1" fbTx="0.442583055" lbTx="0.44258393" tId="4" fbRx="0.442583055" lbRx="0.44258393" />
<p fId="3" fbTx="0.442682096" lbTx="0.44268218" tId="0" fbRx="0.452682096" lbRx="0.45268218" />
<p fId="0" fbTx="0.44268218" lbTx="0.442683055" tId="1" fbRx="0.44268218" lbRx="0.442683055" />
<p fId="1" fbTx="0.442683055" lbTx="0.44268393" tId="4" fbRx="0.442683055" lbRx="0.44268393" />
<p fId="3" fbTx="0.442782096" lbTx="0.44278218" tId="0" fbRx="0.452782096" lbRx="0.45278218" />
<p fId="0" fbTx="0.44278218" lbTx="0.442783055" tId="1" fbRx="0.44278218" lbRx="0.442783055" />
<p fId="1" fbTx="0.442783055" lbTx="0.44278393" tId="4" fbRx="0.442783055" lbRx="0.44278393" />
<p fId="3" fbTx="0.442882096" lbTx="0.44288218" tId="0" fbRx="0.452882096" lbRx="0.45288218" />
<p fId="0" fbTx="0.44288218" lbTx="0.442883055" tId="1" fbRx="0.44288218" lbRx="0.442883055" />
<p fId="1" fbTx="0.442883055" lbTx="0.44288393" tId="4" fbRx="0.442883055" lbRx="0.44288393" />
<p fId="3" fbTx="0.442982096" lbTx="0.44298218" tId="0" fbRx="0.452982096" lbRx="0.45298218" />
<p fId="0" fbTx="0.44298218" lbTx="0.442983055" tId="1" fbRx="0.44298218" lbRx="0.442983055" />
<p fId="1" fbTx="0.442983055" lbTx="0.44298393" tId="4" fbRx="0.442983055" lbRx="0.44298393" />
<p fId="3" fbTx="0.443082096" lbTx="0.44308218" tId="0" fbRx="0.453082096" lbRx="0.45308218" />
<p fId="0" fbTx="0.44308218" lbTx="0.443083055" tId="1" fbRx="0.44308218" lbRx="0.443083055" />
<p fId="1" fbTx="0.443083055" lbTx="0.44308393" tId="4" fbRx="0.443083055" lbRx="0.44308393" />
<p fId="3" fbTx="0.443182096" lbTx="0.44318218" tId="0" fbRx="0.453182096" lbRx="0.45318218" />
<p fId="0" fbTx="0.44318218" lbTx="0.443183055" tId="1" fbRx="0.44318218" lbRx="0.443183055" />
<p fId="1" fbTx="0.443183055" lbTx="0.44318393" tId="4" fbRx="0.443183055" lbRx="0.44318393" />
<pr uId="421" fId="4" fbTx="0.443214286" />
<wpr uId="421" tId="5" fbRx="0.443214286" lbRx="0" />
<wpr uId="421" tId="6" fbRx="0.443214286" lbRx="0" />
<p fId="3" fbTx="0.443282096" lbTx="0.44328218" tId="0" fbRx="0.453282096" lbRx="0.45328218" />
<p fId="0" fbTx="0.44328218" lbTx="0.443283055" tId="1" fbRx="0.44328218" lbRx="0.443283055" />
<p fId="1" fbTx="0.443283055" lbTx="0.44328393" tId="4" fbRx="0.443283055" lbRx="0.44328393" />
<p fId="3" fbTx="0.443382096" lbTx="0.44338218" tId="0" fbRx="0.453382096" lbRx="0.45338218" />
<p fId="0" fbTx="0.44338218" lbTx="0.443383055" tId="1" fbRx="0.44338218" lbRx="0.443383055" />
<p fId="1" fbTx="0.443383055" lbTx="0.44338393" tId="4" fbRx="0.443383055" lbRx="0.44338393" />
<p fId="3" fbTx="0.443482096" lbTx="0.44348218" tId="0" fbRx="0.453482096" lbRx="0.45348218" />
<p fId="0" fbTx="0.44348218" lbTx="0.443483055" tId="1" fbRx="0.44348218" lbRx="0.443483055" />
<p fId="1" fbTx="0.443483055" lbTx="0.44348393" tId="4" fbRx="0.443483055" lbRx="0.44348393" />
<p fId="3" fbTx="0.443582096" lbTx="0.44358218" tId="0" fbRx="0.453582096" lbRx="0.45358218" />
<p fId="0" fbTx="0.44358218" lbTx="0.443583055" tId="1" fbRx="0.44358218" lbRx="0.443583055" />
<p fId="1" fbTx="0.443583055" lbTx="0.44358393" tId="4" fbRx="0.443583055" lbRx="0.44358393" />
<p fId="3" fbTx="0.443682096" lbTx="0.44368218" tId="0" fbRx="0.453682096" lbRx="0.45368218" />
<p fId="0" fbTx="0.44368218" lbTx="0.443683055" tId="1" fbRx="0.44368218" lbRx="0.443683055" />
<p fId="1" fbTx="0.443683055" lbTx="0.44368393" tId="4" fbRx="0.443683055" lbRx="0.44368393" />
<p fId="3" fbTx="0.443782096" lbTx="0.44378218" tId="0" fbRx="0.453782096" lbRx="0.45378218" />
<p fId="0" fbTx="0.44378218" lbTx="0.443783055" tId="1" fbRx="0.44378218" lbRx="0.443783055" />
<p fId="1" fbTx="0.443783055" lbTx="0.44378393" tId="4" fbRx="0.443783055" lbRx="0.44378393" />
<p fId="3" fbTx="0.443882096" lbTx="0.44388218" tId="0" fbRx="0.453882096" lbRx="0.45388218" />
<p fId="0" fbTx="0.44388218" lbTx="0.443883055" tId="1" fbRx="0.44388218" lbRx="0.443883055" />
<p fId="1" fbTx="0.443883055" lbTx="0.44388393" tId="4" fbRx="0.443883055" lbRx="0.44388393" />
<p fId="3" fbTx="0.443982096" lbTx="0.44398218" tId="0" fbRx="0.453982096" lbRx="0.45398218" />
<p fId="0" fbTx="0.44398218" lbTx="0.443983055" tId="1" fbRx="0.44398218" lbRx="0.443983055" />
<p fId="1" fbTx="0.443983055" lbTx="0.44398393" tId="4" fbRx="0.443983055" lbRx="0.44398393" />
<p fId="3" fbTx="0.444082096" lbTx="0.44408218" tId="0" fbRx="0.454082096" lbRx="0.45408218" />
<p fId="0" fbTx="0.44408218" lbTx="0.444083055" tId="1" fbRx="0.44408218" lbRx="0.444083055" />
<p fId="1" fbTx="0.444083055" lbTx="0.44408393" tId="4" fbRx="0.444083055" lbRx="0.44408393" />
<p fId="3" fbTx="0.444182096" lbTx="0.44418218" tId="0" fbRx="0.454182096" lbRx="0.45418218" />
<p fId="0" fbTx="0.44418218" lbTx="0.444183055" tId="1" fbRx="0.44418218" lbRx="0.444183055" />
<p fId="1" fbTx="0.444183055" lbTx="0.44418393" tId="4" fbRx="0.444183055" lbRx="0.44418393" />
<pr uId="422" fId="4" fbTx="0.444214286" />
<wpr uId="422" tId="5" fbRx="0.444214286" lbRx="0" />
<wpr uId="422" tId="6" fbRx="0.444214286" lbRx="0" />
<p fId="3" fbTx="0.444282096" lbTx="0.44428218" tId="0" fbRx="0.454282096" lbRx="0.45428218" />
<p fId="0" fbTx="0.44428218" lbTx="0.444283055" tId="1" fbRx="0.44428218" lbRx="0.444283055" />
<p fId="1" fbTx="0.444283055" lbTx="0.44428393" tId="4" fbRx="0.444283055" lbRx="0.44428393" />
<p fId="3" fbTx="0.444382096" lbTx="0.44438218" tId="0" fbRx="0.454382096" lbRx="0.45438218" />
<p fId="0" fbTx="0.44438218" lbTx="0.444383055" tId="1" fbRx="0.44438218" lbRx="0.444383055" />
<p fId="1" fbTx="0.444383055" lbTx="0.44438393" tId="4" fbRx="0.444383055" lbRx="0.44438393" />
<p fId="3" fbTx="0.444482096" lbTx="0.44448218" tId="0" fbRx="0.454482096" lbRx="0.45448218" />
<p fId="0" fbTx="0.44448218" lbTx="0.444483055" tId="1" fbRx="0.44448218" lbRx="0.444483055" />
<p fId="1" fbTx="0.444483055" lbTx="0.44448393" tId="4" fbRx="0.444483055" lbRx="0.44448393" />
<p fId="3" fbTx="0.444582096" lbTx="0.44458218" tId="0" fbRx="0.454582096" lbRx="0.45458218" />
<p fId="0" fbTx="0.44458218" lbTx="0.444583055" tId="1" fbRx="0.44458218" lbRx="0.444583055" />
<p fId="1" fbTx="0.444583055" lbTx="0.44458393" tId="4" fbRx="0.444583055" lbRx="0.44458393" />
<p fId="3" fbTx="0.444682096" lbTx="0.44468218" tId="0" fbRx="0.454682096" lbRx="0.45468218" />
<p fId="0" fbTx="0.44468218" lbTx="0.444683055" tId="1" fbRx="0.44468218" lbRx="0.444683055" />
<p fId="1" fbTx="0.444683055" lbTx="0.44468393" tId="4" fbRx="0.444683055" lbRx="0.44468393" />
<p fId="3" fbTx="0.444782096" lbTx="0.44478218" tId="0" fbRx="0.454782096" lbRx="0.45478218" />
<p fId="0" fbTx="0.44478218" lbTx="0.444783055" tId="1" fbRx="0.44478218" lbRx="0.444783055" />
<p fId="1" fbTx="0.444783055" lbTx="0.44478393" tId="4" fbRx="0.444783055" lbRx="0.44478393" />
<p fId="3" fbTx="0.444882096" lbTx="0.44488218" tId="0" fbRx="0.454882096" lbRx="0.45488218" />
<p fId="0" fbTx="0.44488218" lbTx="0.444883055" tId="1" fbRx="0.44488218" lbRx="0.444883055" />
<p fId="1" fbTx="0.444883055" lbTx="0.44488393" tId="4" fbRx="0.444883055" lbRx="0.44488393" />
<p fId="3" fbTx="0.444982096" lbTx="0.44498218" tId="0" fbRx="0.454982096" lbRx="0.45498218" />
<p fId="0" fbTx="0.44498218" lbTx="0.444983055" tId="1" fbRx="0.44498218" lbRx="0.444983055" />
<p fId="1" fbTx="0.444983055" lbTx="0.44498393" tId="4" fbRx="0.444983055" lbRx="0.44498393" />
<p fId="3" fbTx="0.445082096" lbTx="0.44508218" tId="0" fbRx="0.455082096" lbRx="0.45508218" />
<p fId="0" fbTx="0.44508218" lbTx="0.445083055" tId="1" fbRx="0.44508218" lbRx="0.445083055" />
<p fId="1" fbTx="0.445083055" lbTx="0.44508393" tId="4" fbRx="0.445083055" lbRx="0.44508393" />
<p fId="3" fbTx="0.445182096" lbTx="0.44518218" tId="0" fbRx="0.455182096" lbRx="0.45518218" />
<p fId="0" fbTx="0.44518218" lbTx="0.445183055" tId="1" fbRx="0.44518218" lbRx="0.445183055" />
<p fId="1" fbTx="0.445183055" lbTx="0.44518393" tId="4" fbRx="0.445183055" lbRx="0.44518393" />
<pr uId="423" fId="4" fbTx="0.445214286" />
<wpr uId="423" tId="5" fbRx="0.445214286" lbRx="0" />
<wpr uId="423" tId="6" fbRx="0.445214286" lbRx="0" />
<p fId="3" fbTx="0.445282096" lbTx="0.44528218" tId="0" fbRx="0.455282096" lbRx="0.45528218" />
<p fId="0" fbTx="0.44528218" lbTx="0.445283055" tId="1" fbRx="0.44528218" lbRx="0.445283055" />
<p fId="1" fbTx="0.445283055" lbTx="0.44528393" tId="4" fbRx="0.445283055" lbRx="0.44528393" />
<p fId="3" fbTx="0.445382096" lbTx="0.44538218" tId="0" fbRx="0.455382096" lbRx="0.45538218" />
<p fId="0" fbTx="0.44538218" lbTx="0.445383055" tId="1" fbRx="0.44538218" lbRx="0.445383055" />
<p fId="1" fbTx="0.445383055" lbTx="0.44538393" tId="4" fbRx="0.445383055" lbRx="0.44538393" />
<p fId="3" fbTx="0.445482096" lbTx="0.44548218" tId="0" fbRx="0.455482096" lbRx="0.45548218" />
<p fId="0" fbTx="0.44548218" lbTx="0.445483055" tId="1" fbRx="0.44548218" lbRx="0.445483055" />
<p fId="1" fbTx="0.445483055" lbTx="0.44548393" tId="4" fbRx="0.445483055" lbRx="0.44548393" />
<p fId="3" fbTx="0.445582096" lbTx="0.44558218" tId="0" fbRx="0.455582096" lbRx="0.45558218" />
<p fId="0" fbTx="0.44558218" lbTx="0.445583055" tId="1" fbRx="0.44558218" lbRx="0.445583055" />
<p fId="1" fbTx="0.445583055" lbTx="0.44558393" tId="4" fbRx="0.445583055" lbRx="0.44558393" />
<p fId="3" fbTx="0.445682096" lbTx="0.44568218" tId="0" fbRx="0.455682096" lbRx="0.45568218" />
<p fId="0" fbTx="0.44568218" lbTx="0.445683055" tId="1" fbRx="0.44568218" lbRx="0.445683055" />
<p fId="1" fbTx="0.445683055" lbTx="0.44568393" tId="4" fbRx="0.445683055" lbRx="0.44568393" />
<p fId="3" fbTx="0.445782096" lbTx="0.44578218" tId="0" fbRx="0.455782096" lbRx="0.45578218" />
<p fId="0" fbTx="0.44578218" lbTx="0.445783055" tId="1" fbRx="0.44578218" lbRx="0.445783055" />
<p fId="1" fbTx="0.445783055" lbTx="0.44578393" tId="4" fbRx="0.445783055" lbRx="0.44578393" />
<p fId="3" fbTx="0.445882096" lbTx="0.44588218" tId="0" fbRx="0.455882096" lbRx="0.45588218" />
<p fId="0" fbTx="0.44588218" lbTx="0.445883055" tId="1" fbRx="0.44588218" lbRx="0.445883055" />
<p fId="1" fbTx="0.445883055" lbTx="0.44588393" tId="4" fbRx="0.445883055" lbRx="0.44588393" />
<p fId="3" fbTx="0.445982096" lbTx="0.44598218" tId="0" fbRx="0.455982096" lbRx="0.45598218" />
<p fId="0" fbTx="0.44598218" lbTx="0.445983055" tId="1" fbRx="0.44598218" lbRx="0.445983055" />
<p fId="1" fbTx="0.445983055" lbTx="0.44598393" tId="4" fbRx="0.445983055" lbRx="0.44598393" />
<p fId="3" fbTx="0.446082096" lbTx="0.44608218" tId="0" fbRx="0.456082096" lbRx="0.45608218" />
<p fId="0" fbTx="0.44608218" lbTx="0.446083055" tId="1" fbRx="0.44608218" lbRx="0.446083055" />
<p fId="1" fbTx="0.446083055" lbTx="0.44608393" tId="4" fbRx="0.446083055" lbRx="0.44608393" />
<p fId="3" fbTx="0.446182096" lbTx="0.44618218" tId="0" fbRx="0.456182096" lbRx="0.45618218" />
<p fId="0" fbTx="0.44618218" lbTx="0.446183055" tId="1" fbRx="0.44618218" lbRx="0.446183055" />
<p fId="1" fbTx="0.446183055" lbTx="0.44618393" tId="4" fbRx="0.446183055" lbRx="0.44618393" />
<pr uId="424" fId="4" fbTx="0.446214286" />
<wpr uId="424" tId="5" fbRx="0.446214286" lbRx="0" />
<wpr uId="424" tId="6" fbRx="0.446214286" lbRx="0" />
<p fId="3" fbTx="0.446282096" lbTx="0.44628218" tId="0" fbRx="0.456282096" lbRx="0.45628218" />
<p fId="0" fbTx="0.44628218" lbTx="0.446283055" tId="1" fbRx="0.44628218" lbRx="0.446283055" />
<p fId="1" fbTx="0.446283055" lbTx="0.44628393" tId="4" fbRx="0.446283055" lbRx="0.44628393" />
<p fId="3" fbTx="0.446382096" lbTx="0.44638218" tId="0" fbRx="0.456382096" lbRx="0.45638218" />
<p fId="0" fbTx="0.44638218" lbTx="0.446383055" tId="1" fbRx="0.44638218" lbRx="0.446383055" />
<p fId="1" fbTx="0.446383055" lbTx="0.44638393" tId="4" fbRx="0.446383055" lbRx="0.44638393" />
<p fId="3" fbTx="0.446482096" lbTx="0.44648218" tId="0" fbRx="0.456482096" lbRx="0.45648218" />
<p fId="0" fbTx="0.44648218" lbTx="0.446483055" tId="1" fbRx="0.44648218" lbRx="0.446483055" />
<p fId="1" fbTx="0.446483055" lbTx="0.44648393" tId="4" fbRx="0.446483055" lbRx="0.44648393" />
<p fId="3" fbTx="0.446582096" lbTx="0.44658218" tId="0" fbRx="0.456582096" lbRx="0.45658218" />
<p fId="0" fbTx="0.44658218" lbTx="0.446583055" tId="1" fbRx="0.44658218" lbRx="0.446583055" />
<p fId="1" fbTx="0.446583055" lbTx="0.44658393" tId="4" fbRx="0.446583055" lbRx="0.44658393" />
<p fId="3" fbTx="0.446682096" lbTx="0.44668218" tId="0" fbRx="0.456682096" lbRx="0.45668218" />
<p fId="0" fbTx="0.44668218" lbTx="0.446683055" tId="1" fbRx="0.44668218" lbRx="0.446683055" />
<p fId="1" fbTx="0.446683055" lbTx="0.44668393" tId="4" fbRx="0.446683055" lbRx="0.44668393" />
<p fId="3" fbTx="0.446782096" lbTx="0.44678218" tId="0" fbRx="0.456782096" lbRx="0.45678218" />
<p fId="0" fbTx="0.44678218" lbTx="0.446783055" tId="1" fbRx="0.44678218" lbRx="0.446783055" />
<p fId="1" fbTx="0.446783055" lbTx="0.44678393" tId="4" fbRx="0.446783055" lbRx="0.44678393" />
<p fId="3" fbTx="0.446882096" lbTx="0.44688218" tId="0" fbRx="0.456882096" lbRx="0.45688218" />
<p fId="0" fbTx="0.44688218" lbTx="0.446883055" tId="1" fbRx="0.44688218" lbRx="0.446883055" />
<p fId="1" fbTx="0.446883055" lbTx="0.44688393" tId="4" fbRx="0.446883055" lbRx="0.44688393" />
<p fId="3" fbTx="0.446982096" lbTx="0.44698218" tId="0" fbRx="0.456982096" lbRx="0.45698218" />
<p fId="0" fbTx="0.44698218" lbTx="0.446983055" tId="1" fbRx="0.44698218" lbRx="0.446983055" />
<p fId="1" fbTx="0.446983055" lbTx="0.44698393" tId="4" fbRx="0.446983055" lbRx="0.44698393" />
<p fId="3" fbTx="0.447082096" lbTx="0.44708218" tId="0" fbRx="0.457082096" lbRx="0.45708218" />
<p fId="0" fbTx="0.44708218" lbTx="0.447083055" tId="1" fbRx="0.44708218" lbRx="0.447083055" />
<p fId="1" fbTx="0.447083055" lbTx="0.44708393" tId="4" fbRx="0.447083055" lbRx="0.44708393" />
<p fId="3" fbTx="0.447182096" lbTx="0.44718218" tId="0" fbRx="0.457182096" lbRx="0.45718218" />
<p fId="0" fbTx="0.44718218" lbTx="0.447183055" tId="1" fbRx="0.44718218" lbRx="0.447183055" />
<p fId="1" fbTx="0.447183055" lbTx="0.44718393" tId="4" fbRx="0.447183055" lbRx="0.44718393" />
<pr uId="425" fId="4" fbTx="0.447214286" />
<wpr uId="425" tId="5" fbRx="0.447214286" lbRx="0" />
<wpr uId="425" tId="6" fbRx="0.447214286" lbRx="0" />
<p fId="3" fbTx="0.447282096" lbTx="0.44728218" tId="0" fbRx="0.457282096" lbRx="0.45728218" />
<p fId="0" fbTx="0.44728218" lbTx="0.447283055" tId="1" fbRx="0.44728218" lbRx="0.447283055" />
<p fId="1" fbTx="0.447283055" lbTx="0.44728393" tId="4" fbRx="0.447283055" lbRx="0.44728393" />
<p fId="3" fbTx="0.447382096" lbTx="0.44738218" tId="0" fbRx="0.457382096" lbRx="0.45738218" />
<p fId="0" fbTx="0.44738218" lbTx="0.447383055" tId="1" fbRx="0.44738218" lbRx="0.447383055" />
<p fId="1" fbTx="0.447383055" lbTx="0.44738393" tId="4" fbRx="0.447383055" lbRx="0.44738393" />
<p fId="3" fbTx="0.447482096" lbTx="0.44748218" tId="0" fbRx="0.457482096" lbRx="0.45748218" />
<p fId="0" fbTx="0.44748218" lbTx="0.447483055" tId="1" fbRx="0.44748218" lbRx="0.447483055" />
<p fId="1" fbTx="0.447483055" lbTx="0.44748393" tId="4" fbRx="0.447483055" lbRx="0.44748393" />
<p fId="3" fbTx="0.447582096" lbTx="0.44758218" tId="0" fbRx="0.457582096" lbRx="0.45758218" />
<p fId="0" fbTx="0.44758218" lbTx="0.447583055" tId="1" fbRx="0.44758218" lbRx="0.447583055" />
<p fId="1" fbTx="0.447583055" lbTx="0.44758393" tId="4" fbRx="0.447583055" lbRx="0.44758393" />
<p fId="3" fbTx="0.447682096" lbTx="0.44768218" tId="0" fbRx="0.457682096" lbRx="0.45768218" />
<p fId="0" fbTx="0.44768218" lbTx="0.447683055" tId="1" fbRx="0.44768218" lbRx="0.447683055" />
<p fId="1" fbTx="0.447683055" lbTx="0.44768393" tId="4" fbRx="0.447683055" lbRx="0.44768393" />
<p fId="3" fbTx="0.447782096" lbTx="0.44778218" tId="0" fbRx="0.457782096" lbRx="0.45778218" />
<p fId="0" fbTx="0.44778218" lbTx="0.447783055" tId="1" fbRx="0.44778218" lbRx="0.447783055" />
<p fId="1" fbTx="0.447783055" lbTx="0.44778393" tId="4" fbRx="0.447783055" lbRx="0.44778393" />
<p fId="3" fbTx="0.447882096" lbTx="0.44788218" tId="0" fbRx="0.457882096" lbRx="0.45788218" />
<p fId="0" fbTx="0.44788218" lbTx="0.447883055" tId="1" fbRx="0.44788218" lbRx="0.447883055" />
<p fId="1" fbTx="0.447883055" lbTx="0.44788393" tId="4" fbRx="0.447883055" lbRx="0.44788393" />
<p fId="3" fbTx="0.447982096" lbTx="0.44798218" tId="0" fbRx="0.457982096" lbRx="0.45798218" />
<p fId="0" fbTx="0.44798218" lbTx="0.447983055" tId="1" fbRx="0.44798218" lbRx="0.447983055" />
<p fId="1" fbTx="0.447983055" lbTx="0.44798393" tId="4" fbRx="0.447983055" lbRx="0.44798393" />
<p fId="3" fbTx="0.448082096" lbTx="0.44808218" tId="0" fbRx="0.458082096" lbRx="0.45808218" />
<p fId="0" fbTx="0.44808218" lbTx="0.448083055" tId="1" fbRx="0.44808218" lbRx="0.448083055" />
<p fId="1" fbTx="0.448083055" lbTx="0.44808393" tId="4" fbRx="0.448083055" lbRx="0.44808393" />
<p fId="3" fbTx="0.448182096" lbTx="0.44818218" tId="0" fbRx="0.458182096" lbRx="0.45818218" />
<p fId="0" fbTx="0.44818218" lbTx="0.448183055" tId="1" fbRx="0.44818218" lbRx="0.448183055" />
<p fId="1" fbTx="0.448183055" lbTx="0.44818393" tId="4" fbRx="0.448183055" lbRx="0.44818393" />
<pr uId="426" fId="4" fbTx="0.448214286" />
<wpr uId="426" tId="5" fbRx="0.448214286" lbRx="0" />
<wpr uId="426" tId="6" fbRx="0.448214286" lbRx="0" />
<p fId="3" fbTx="0.448282096" lbTx="0.44828218" tId="0" fbRx="0.458282096" lbRx="0.45828218" />
<p fId="0" fbTx="0.44828218" lbTx="0.448283055" tId="1" fbRx="0.44828218" lbRx="0.448283055" />
<p fId="1" fbTx="0.448283055" lbTx="0.44828393" tId="4" fbRx="0.448283055" lbRx="0.44828393" />
<p fId="3" fbTx="0.448382096" lbTx="0.44838218" tId="0" fbRx="0.458382096" lbRx="0.45838218" />
<p fId="0" fbTx="0.44838218" lbTx="0.448383055" tId="1" fbRx="0.44838218" lbRx="0.448383055" />
<p fId="1" fbTx="0.448383055" lbTx="0.44838393" tId="4" fbRx="0.448383055" lbRx="0.44838393" />
<p fId="3" fbTx="0.448482096" lbTx="0.44848218" tId="0" fbRx="0.458482096" lbRx="0.45848218" />
<p fId="0" fbTx="0.44848218" lbTx="0.448483055" tId="1" fbRx="0.44848218" lbRx="0.448483055" />
<p fId="1" fbTx="0.448483055" lbTx="0.44848393" tId="4" fbRx="0.448483055" lbRx="0.44848393" />
<p fId="3" fbTx="0.448582096" lbTx="0.44858218" tId="0" fbRx="0.458582096" lbRx="0.45858218" />
<p fId="0" fbTx="0.44858218" lbTx="0.448583055" tId="1" fbRx="0.44858218" lbRx="0.448583055" />
<p fId="1" fbTx="0.448583055" lbTx="0.44858393" tId="4" fbRx="0.448583055" lbRx="0.44858393" />
<p fId="3" fbTx="0.448682096" lbTx="0.44868218" tId="0" fbRx="0.458682096" lbRx="0.45868218" />
<p fId="0" fbTx="0.44868218" lbTx="0.448683055" tId="1" fbRx="0.44868218" lbRx="0.448683055" />
<p fId="1" fbTx="0.448683055" lbTx="0.44868393" tId="4" fbRx="0.448683055" lbRx="0.44868393" />
<p fId="3" fbTx="0.448782096" lbTx="0.44878218" tId="0" fbRx="0.458782096" lbRx="0.45878218" />
<p fId="0" fbTx="0.44878218" lbTx="0.448783055" tId="1" fbRx="0.44878218" lbRx="0.448783055" />
<p fId="1" fbTx="0.448783055" lbTx="0.44878393" tId="4" fbRx="0.448783055" lbRx="0.44878393" />
<p fId="3" fbTx="0.448882096" lbTx="0.44888218" tId="0" fbRx="0.458882096" lbRx="0.45888218" />
<p fId="0" fbTx="0.44888218" lbTx="0.448883055" tId="1" fbRx="0.44888218" lbRx="0.448883055" />
<p fId="1" fbTx="0.448883055" lbTx="0.44888393" tId="4" fbRx="0.448883055" lbRx="0.44888393" />
<p fId="3" fbTx="0.448982096" lbTx="0.44898218" tId="0" fbRx="0.458982096" lbRx="0.45898218" />
<p fId="0" fbTx="0.44898218" lbTx="0.448983055" tId="1" fbRx="0.44898218" lbRx="0.448983055" />
<p fId="1" fbTx="0.448983055" lbTx="0.44898393" tId="4" fbRx="0.448983055" lbRx="0.44898393" />
<p fId="3" fbTx="0.449082096" lbTx="0.44908218" tId="0" fbRx="0.459082096" lbRx="0.45908218" />
<p fId="0" fbTx="0.44908218" lbTx="0.449083055" tId="1" fbRx="0.44908218" lbRx="0.449083055" />
<p fId="1" fbTx="0.449083055" lbTx="0.44908393" tId="4" fbRx="0.449083055" lbRx="0.44908393" />
<p fId="3" fbTx="0.449182096" lbTx="0.44918218" tId="0" fbRx="0.459182096" lbRx="0.45918218" />
<p fId="0" fbTx="0.44918218" lbTx="0.449183055" tId="1" fbRx="0.44918218" lbRx="0.449183055" />
<p fId="1" fbTx="0.449183055" lbTx="0.44918393" tId="4" fbRx="0.449183055" lbRx="0.44918393" />
<pr uId="427" fId="4" fbTx="0.449214286" />
<wpr uId="427" tId="5" fbRx="0.449214286" lbRx="0" />
<wpr uId="427" tId="6" fbRx="0.449214286" lbRx="0" />
<p fId="3" fbTx="0.449282096" lbTx="0.44928218" tId="0" fbRx="0.459282096" lbRx="0.45928218" />
<p fId="0" fbTx="0.44928218" lbTx="0.449283055" tId="1" fbRx="0.44928218" lbRx="0.449283055" />
<p fId="1" fbTx="0.449283055" lbTx="0.44928393" tId="4" fbRx="0.449283055" lbRx="0.44928393" />
<p fId="3" fbTx="0.449382096" lbTx="0.44938218" tId="0" fbRx="0.459382096" lbRx="0.45938218" />
<p fId="0" fbTx="0.44938218" lbTx="0.449383055" tId="1" fbRx="0.44938218" lbRx="0.449383055" />
<p fId="1" fbTx="0.449383055" lbTx="0.44938393" tId="4" fbRx="0.449383055" lbRx="0.44938393" />
<p fId="3" fbTx="0.449482096" lbTx="0.44948218" tId="0" fbRx="0.459482096" lbRx="0.45948218" />
<p fId="0" fbTx="0.44948218" lbTx="0.449483055" tId="1" fbRx="0.44948218" lbRx="0.449483055" />
<p fId="1" fbTx="0.449483055" lbTx="0.44948393" tId="4" fbRx="0.449483055" lbRx="0.44948393" />
<p fId="3" fbTx="0.449582096" lbTx="0.44958218" tId="0" fbRx="0.459582096" lbRx="0.45958218" />
<p fId="0" fbTx="0.44958218" lbTx="0.449583055" tId="1" fbRx="0.44958218" lbRx="0.449583055" />
<p fId="1" fbTx="0.449583055" lbTx="0.44958393" tId="4" fbRx="0.449583055" lbRx="0.44958393" />
<p fId="3" fbTx="0.449682096" lbTx="0.44968218" tId="0" fbRx="0.459682096" lbRx="0.45968218" />
<p fId="0" fbTx="0.44968218" lbTx="0.449683055" tId="1" fbRx="0.44968218" lbRx="0.449683055" />
<p fId="1" fbTx="0.449683055" lbTx="0.44968393" tId="4" fbRx="0.449683055" lbRx="0.44968393" />
<p fId="3" fbTx="0.449782096" lbTx="0.44978218" tId="0" fbRx="0.459782096" lbRx="0.45978218" />
<p fId="0" fbTx="0.44978218" lbTx="0.449783055" tId="1" fbRx="0.44978218" lbRx="0.449783055" />
<p fId="1" fbTx="0.449783055" lbTx="0.44978393" tId="4" fbRx="0.449783055" lbRx="0.44978393" />
<p fId="3" fbTx="0.449882096" lbTx="0.44988218" tId="0" fbRx="0.459882096" lbRx="0.45988218" />
<p fId="0" fbTx="0.44988218" lbTx="0.449883055" tId="1" fbRx="0.44988218" lbRx="0.449883055" />
<p fId="1" fbTx="0.449883055" lbTx="0.44988393" tId="4" fbRx="0.449883055" lbRx="0.44988393" />
<p fId="3" fbTx="0.449982096" lbTx="0.44998218" tId="0" fbRx="0.459982096" lbRx="0.45998218" />
<p fId="0" fbTx="0.44998218" lbTx="0.449983055" tId="1" fbRx="0.44998218" lbRx="0.449983055" />
<p fId="1" fbTx="0.449983055" lbTx="0.44998393" tId="4" fbRx="0.449983055" lbRx="0.44998393" />
<p fId="3" fbTx="0.450082096" lbTx="0.45008218" tId="0" fbRx="0.460082096" lbRx="0.46008218" />
<p fId="0" fbTx="0.45008218" lbTx="0.450083055" tId="1" fbRx="0.45008218" lbRx="0.450083055" />
<p fId="1" fbTx="0.450083055" lbTx="0.45008393" tId="4" fbRx="0.450083055" lbRx="0.45008393" />
<p fId="3" fbTx="0.450182096" lbTx="0.45018218" tId="0" fbRx="0.460182096" lbRx="0.46018218" />
<p fId="0" fbTx="0.45018218" lbTx="0.450183055" tId="1" fbRx="0.45018218" lbRx="0.450183055" />
<p fId="1" fbTx="0.450183055" lbTx="0.45018393" tId="4" fbRx="0.450183055" lbRx="0.45018393" />
<pr uId="428" fId="4" fbTx="0.450214286" />
<wpr uId="428" tId="5" fbRx="0.450214286" lbRx="0" />
<wpr uId="428" tId="6" fbRx="0.450214286" lbRx="0" />
<p fId="3" fbTx="0.450282096" lbTx="0.45028218" tId="0" fbRx="0.460282096" lbRx="0.46028218" />
<p fId="0" fbTx="0.45028218" lbTx="0.450283055" tId="1" fbRx="0.45028218" lbRx="0.450283055" />
<p fId="1" fbTx="0.450283055" lbTx="0.45028393" tId="4" fbRx="0.450283055" lbRx="0.45028393" />
<p fId="3" fbTx="0.450382096" lbTx="0.45038218" tId="0" fbRx="0.460382096" lbRx="0.46038218" />
<p fId="0" fbTx="0.45038218" lbTx="0.450383055" tId="1" fbRx="0.45038218" lbRx="0.450383055" />
<p fId="1" fbTx="0.450383055" lbTx="0.45038393" tId="4" fbRx="0.450383055" lbRx="0.45038393" />
<p fId="3" fbTx="0.450482096" lbTx="0.45048218" tId="0" fbRx="0.460482096" lbRx="0.46048218" />
<p fId="0" fbTx="0.45048218" lbTx="0.450483055" tId="1" fbRx="0.45048218" lbRx="0.450483055" />
<p fId="1" fbTx="0.450483055" lbTx="0.45048393" tId="4" fbRx="0.450483055" lbRx="0.45048393" />
<p fId="3" fbTx="0.450582096" lbTx="0.45058218" tId="0" fbRx="0.460582096" lbRx="0.46058218" />
<p fId="0" fbTx="0.45058218" lbTx="0.450583055" tId="1" fbRx="0.45058218" lbRx="0.450583055" />
<p fId="1" fbTx="0.450583055" lbTx="0.45058393" tId="4" fbRx="0.450583055" lbRx="0.45058393" />
<p fId="3" fbTx="0.450682096" lbTx="0.45068218" tId="0" fbRx="0.460682096" lbRx="0.46068218" />
<p fId="0" fbTx="0.45068218" lbTx="0.450683055" tId="1" fbRx="0.45068218" lbRx="0.450683055" />
<p fId="1" fbTx="0.450683055" lbTx="0.45068393" tId="4" fbRx="0.450683055" lbRx="0.45068393" />
<p fId="3" fbTx="0.450782096" lbTx="0.45078218" tId="0" fbRx="0.460782096" lbRx="0.46078218" />
<p fId="0" fbTx="0.45078218" lbTx="0.450783055" tId="1" fbRx="0.45078218" lbRx="0.450783055" />
<p fId="1" fbTx="0.450783055" lbTx="0.45078393" tId="4" fbRx="0.450783055" lbRx="0.45078393" />
<p fId="3" fbTx="0.450882096" lbTx="0.45088218" tId="0" fbRx="0.460882096" lbRx="0.46088218" />
<p fId="0" fbTx="0.45088218" lbTx="0.450883055" tId="1" fbRx="0.45088218" lbRx="0.450883055" />
<p fId="1" fbTx="0.450883055" lbTx="0.45088393" tId="4" fbRx="0.450883055" lbRx="0.45088393" />
<p fId="3" fbTx="0.450982096" lbTx="0.45098218" tId="0" fbRx="0.460982096" lbRx="0.46098218" />
<p fId="0" fbTx="0.45098218" lbTx="0.450983055" tId="1" fbRx="0.45098218" lbRx="0.450983055" />
<p fId="1" fbTx="0.450983055" lbTx="0.45098393" tId="4" fbRx="0.450983055" lbRx="0.45098393" />
<p fId="3" fbTx="0.451082096" lbTx="0.45108218" tId="0" fbRx="0.461082096" lbRx="0.46108218" />
<p fId="0" fbTx="0.45108218" lbTx="0.451083055" tId="1" fbRx="0.45108218" lbRx="0.451083055" />
<p fId="1" fbTx="0.451083055" lbTx="0.45108393" tId="4" fbRx="0.451083055" lbRx="0.45108393" />
<p fId="3" fbTx="0.451182096" lbTx="0.45118218" tId="0" fbRx="0.461182096" lbRx="0.46118218" />
<p fId="0" fbTx="0.45118218" lbTx="0.451183055" tId="1" fbRx="0.45118218" lbRx="0.451183055" />
<p fId="1" fbTx="0.451183055" lbTx="0.45118393" tId="4" fbRx="0.451183055" lbRx="0.45118393" />
<pr uId="429" fId="4" fbTx="0.451214286" />
<wpr uId="429" tId="5" fbRx="0.451214286" lbRx="0" />
<wpr uId="429" tId="6" fbRx="0.451214286" lbRx="0" />
<p fId="3" fbTx="0.451282096" lbTx="0.45128218" tId="0" fbRx="0.461282096" lbRx="0.46128218" />
<p fId="0" fbTx="0.45128218" lbTx="0.451283055" tId="1" fbRx="0.45128218" lbRx="0.451283055" />
<p fId="1" fbTx="0.451283055" lbTx="0.45128393" tId="4" fbRx="0.451283055" lbRx="0.45128393" />
<p fId="3" fbTx="0.451382096" lbTx="0.45138218" tId="0" fbRx="0.461382096" lbRx="0.46138218" />
<p fId="0" fbTx="0.45138218" lbTx="0.451383055" tId="1" fbRx="0.45138218" lbRx="0.451383055" />
<p fId="1" fbTx="0.451383055" lbTx="0.45138393" tId="4" fbRx="0.451383055" lbRx="0.45138393" />
<p fId="3" fbTx="0.451482096" lbTx="0.45148218" tId="0" fbRx="0.461482096" lbRx="0.46148218" />
<p fId="0" fbTx="0.45148218" lbTx="0.451483055" tId="1" fbRx="0.45148218" lbRx="0.451483055" />
<p fId="1" fbTx="0.451483055" lbTx="0.45148393" tId="4" fbRx="0.451483055" lbRx="0.45148393" />
<p fId="3" fbTx="0.451582096" lbTx="0.45158218" tId="0" fbRx="0.461582096" lbRx="0.46158218" />
<p fId="0" fbTx="0.45158218" lbTx="0.451583055" tId="1" fbRx="0.45158218" lbRx="0.451583055" />
<p fId="1" fbTx="0.451583055" lbTx="0.45158393" tId="4" fbRx="0.451583055" lbRx="0.45158393" />
<p fId="3" fbTx="0.451682096" lbTx="0.45168218" tId="0" fbRx="0.461682096" lbRx="0.46168218" />
<p fId="0" fbTx="0.45168218" lbTx="0.451683055" tId="1" fbRx="0.45168218" lbRx="0.451683055" />
<p fId="1" fbTx="0.451683055" lbTx="0.45168393" tId="4" fbRx="0.451683055" lbRx="0.45168393" />
<p fId="3" fbTx="0.451782096" lbTx="0.45178218" tId="0" fbRx="0.461782096" lbRx="0.46178218" />
<p fId="0" fbTx="0.45178218" lbTx="0.451783055" tId="1" fbRx="0.45178218" lbRx="0.451783055" />
<p fId="1" fbTx="0.451783055" lbTx="0.45178393" tId="4" fbRx="0.451783055" lbRx="0.45178393" />
<p fId="3" fbTx="0.451882096" lbTx="0.45188218" tId="0" fbRx="0.461882096" lbRx="0.46188218" />
<p fId="0" fbTx="0.45188218" lbTx="0.451883055" tId="1" fbRx="0.45188218" lbRx="0.451883055" />
<p fId="1" fbTx="0.451883055" lbTx="0.45188393" tId="4" fbRx="0.451883055" lbRx="0.45188393" />
<p fId="3" fbTx="0.451982096" lbTx="0.45198218" tId="0" fbRx="0.461982096" lbRx="0.46198218" />
<p fId="0" fbTx="0.45198218" lbTx="0.451983055" tId="1" fbRx="0.45198218" lbRx="0.451983055" />
<p fId="1" fbTx="0.451983055" lbTx="0.45198393" tId="4" fbRx="0.451983055" lbRx="0.45198393" />
<p fId="3" fbTx="0.452082096" lbTx="0.45208218" tId="0" fbRx="0.462082096" lbRx="0.46208218" />
<p fId="0" fbTx="0.45208218" lbTx="0.452083055" tId="1" fbRx="0.45208218" lbRx="0.452083055" />
<p fId="1" fbTx="0.452083055" lbTx="0.45208393" tId="4" fbRx="0.452083055" lbRx="0.45208393" />
<p fId="3" fbTx="0.452182096" lbTx="0.45218218" tId="0" fbRx="0.462182096" lbRx="0.46218218" />
<p fId="0" fbTx="0.45218218" lbTx="0.452183055" tId="1" fbRx="0.45218218" lbRx="0.452183055" />
<p fId="1" fbTx="0.452183055" lbTx="0.45218393" tId="4" fbRx="0.452183055" lbRx="0.45218393" />
<pr uId="430" fId="4" fbTx="0.452214286" />
<wpr uId="430" tId="5" fbRx="0.452214286" lbRx="0" />
<wpr uId="430" tId="6" fbRx="0.452214286" lbRx="0" />
<p fId="3" fbTx="0.452282096" lbTx="0.45228218" tId="0" fbRx="0.462282096" lbRx="0.46228218" />
<p fId="0" fbTx="0.45228218" lbTx="0.452283055" tId="1" fbRx="0.45228218" lbRx="0.452283055" />
<p fId="1" fbTx="0.452283055" lbTx="0.45228393" tId="4" fbRx="0.452283055" lbRx="0.45228393" />
<p fId="3" fbTx="0.452382096" lbTx="0.45238218" tId="0" fbRx="0.462382096" lbRx="0.46238218" />
<p fId="0" fbTx="0.45238218" lbTx="0.452383055" tId="1" fbRx="0.45238218" lbRx="0.452383055" />
<p fId="1" fbTx="0.452383055" lbTx="0.45238393" tId="4" fbRx="0.452383055" lbRx="0.45238393" />
<p fId="3" fbTx="0.452482096" lbTx="0.45248218" tId="0" fbRx="0.462482096" lbRx="0.46248218" />
<p fId="0" fbTx="0.45248218" lbTx="0.452483055" tId="1" fbRx="0.45248218" lbRx="0.452483055" />
<p fId="1" fbTx="0.452483055" lbTx="0.45248393" tId="4" fbRx="0.452483055" lbRx="0.45248393" />
<p fId="3" fbTx="0.452582096" lbTx="0.45258218" tId="0" fbRx="0.462582096" lbRx="0.46258218" />
<p fId="0" fbTx="0.45258218" lbTx="0.452583055" tId="1" fbRx="0.45258218" lbRx="0.452583055" />
<p fId="1" fbTx="0.452583055" lbTx="0.45258393" tId="4" fbRx="0.452583055" lbRx="0.45258393" />
<p fId="3" fbTx="0.452682096" lbTx="0.45268218" tId="0" fbRx="0.462682096" lbRx="0.46268218" />
<p fId="0" fbTx="0.45268218" lbTx="0.452683055" tId="1" fbRx="0.45268218" lbRx="0.452683055" />
<p fId="1" fbTx="0.452683055" lbTx="0.45268393" tId="4" fbRx="0.452683055" lbRx="0.45268393" />
<p fId="3" fbTx="0.452782096" lbTx="0.45278218" tId="0" fbRx="0.462782096" lbRx="0.46278218" />
<p fId="0" fbTx="0.45278218" lbTx="0.452783055" tId="1" fbRx="0.45278218" lbRx="0.452783055" />
<p fId="1" fbTx="0.452783055" lbTx="0.45278393" tId="4" fbRx="0.452783055" lbRx="0.45278393" />
<p fId="3" fbTx="0.452882096" lbTx="0.45288218" tId="0" fbRx="0.462882096" lbRx="0.46288218" />
<p fId="0" fbTx="0.45288218" lbTx="0.452883055" tId="1" fbRx="0.45288218" lbRx="0.452883055" />
<p fId="1" fbTx="0.452883055" lbTx="0.45288393" tId="4" fbRx="0.452883055" lbRx="0.45288393" />
<p fId="3" fbTx="0.452982096" lbTx="0.45298218" tId="0" fbRx="0.462982096" lbRx="0.46298218" />
<p fId="0" fbTx="0.45298218" lbTx="0.452983055" tId="1" fbRx="0.45298218" lbRx="0.452983055" />
<p fId="1" fbTx="0.452983055" lbTx="0.45298393" tId="4" fbRx="0.452983055" lbRx="0.45298393" />
<p fId="3" fbTx="0.453082096" lbTx="0.45308218" tId="0" fbRx="0.463082096" lbRx="0.46308218" />
<p fId="0" fbTx="0.45308218" lbTx="0.453083055" tId="1" fbRx="0.45308218" lbRx="0.453083055" />
<p fId="1" fbTx="0.453083055" lbTx="0.45308393" tId="4" fbRx="0.453083055" lbRx="0.45308393" />
<p fId="3" fbTx="0.453182096" lbTx="0.45318218" tId="0" fbRx="0.463182096" lbRx="0.46318218" />
<p fId="0" fbTx="0.45318218" lbTx="0.453183055" tId="1" fbRx="0.45318218" lbRx="0.453183055" />
<p fId="1" fbTx="0.453183055" lbTx="0.45318393" tId="4" fbRx="0.453183055" lbRx="0.45318393" />
<pr uId="431" fId="4" fbTx="0.453214286" />
<wpr uId="431" tId="5" fbRx="0.453214286" lbRx="0" />
<wpr uId="431" tId="6" fbRx="0.453214286" lbRx="0" />
<p fId="3" fbTx="0.453282096" lbTx="0.45328218" tId="0" fbRx="0.463282096" lbRx="0.46328218" />
<p fId="0" fbTx="0.45328218" lbTx="0.453283055" tId="1" fbRx="0.45328218" lbRx="0.453283055" />
<p fId="1" fbTx="0.453283055" lbTx="0.45328393" tId="4" fbRx="0.453283055" lbRx="0.45328393" />
<p fId="3" fbTx="0.453382096" lbTx="0.45338218" tId="0" fbRx="0.463382096" lbRx="0.46338218" />
<p fId="0" fbTx="0.45338218" lbTx="0.453383055" tId="1" fbRx="0.45338218" lbRx="0.453383055" />
<p fId="1" fbTx="0.453383055" lbTx="0.45338393" tId="4" fbRx="0.453383055" lbRx="0.45338393" />
<p fId="3" fbTx="0.453482096" lbTx="0.45348218" tId="0" fbRx="0.463482096" lbRx="0.46348218" />
<p fId="0" fbTx="0.45348218" lbTx="0.453483055" tId="1" fbRx="0.45348218" lbRx="0.453483055" />
<p fId="1" fbTx="0.453483055" lbTx="0.45348393" tId="4" fbRx="0.453483055" lbRx="0.45348393" />
<p fId="3" fbTx="0.453582096" lbTx="0.45358218" tId="0" fbRx="0.463582096" lbRx="0.46358218" />
<p fId="0" fbTx="0.45358218" lbTx="0.453583055" tId="1" fbRx="0.45358218" lbRx="0.453583055" />
<p fId="1" fbTx="0.453583055" lbTx="0.45358393" tId="4" fbRx="0.453583055" lbRx="0.45358393" />
<p fId="3" fbTx="0.453682096" lbTx="0.45368218" tId="0" fbRx="0.463682096" lbRx="0.46368218" />
<p fId="0" fbTx="0.45368218" lbTx="0.453683055" tId="1" fbRx="0.45368218" lbRx="0.453683055" />
<p fId="1" fbTx="0.453683055" lbTx="0.45368393" tId="4" fbRx="0.453683055" lbRx="0.45368393" />
<p fId="3" fbTx="0.453782096" lbTx="0.45378218" tId="0" fbRx="0.463782096" lbRx="0.46378218" />
<p fId="0" fbTx="0.45378218" lbTx="0.453783055" tId="1" fbRx="0.45378218" lbRx="0.453783055" />
<p fId="1" fbTx="0.453783055" lbTx="0.45378393" tId="4" fbRx="0.453783055" lbRx="0.45378393" />
<p fId="3" fbTx="0.453882096" lbTx="0.45388218" tId="0" fbRx="0.463882096" lbRx="0.46388218" />
<p fId="0" fbTx="0.45388218" lbTx="0.453883055" tId="1" fbRx="0.45388218" lbRx="0.453883055" />
<p fId="1" fbTx="0.453883055" lbTx="0.45388393" tId="4" fbRx="0.453883055" lbRx="0.45388393" />
<p fId="3" fbTx="0.453982096" lbTx="0.45398218" tId="0" fbRx="0.463982096" lbRx="0.46398218" />
<p fId="0" fbTx="0.45398218" lbTx="0.453983055" tId="1" fbRx="0.45398218" lbRx="0.453983055" />
<p fId="1" fbTx="0.453983055" lbTx="0.45398393" tId="4" fbRx="0.453983055" lbRx="0.45398393" />
<p fId="3" fbTx="0.454082096" lbTx="0.45408218" tId="0" fbRx="0.464082096" lbRx="0.46408218" />
<p fId="0" fbTx="0.45408218" lbTx="0.454083055" tId="1" fbRx="0.45408218" lbRx="0.454083055" />
<p fId="1" fbTx="0.454083055" lbTx="0.45408393" tId="4" fbRx="0.454083055" lbRx="0.45408393" />
<p fId="3" fbTx="0.454182096" lbTx="0.45418218" tId="0" fbRx="0.464182096" lbRx="0.46418218" />
<p fId="0" fbTx="0.45418218" lbTx="0.454183055" tId="1" fbRx="0.45418218" lbRx="0.454183055" />
<p fId="1" fbTx="0.454183055" lbTx="0.45418393" tId="4" fbRx="0.454183055" lbRx="0.45418393" />
<pr uId="432" fId="4" fbTx="0.454214286" />
<wpr uId="432" tId="5" fbRx="0.454214286" lbRx="0" />
<wpr uId="432" tId="6" fbRx="0.454214286" lbRx="0" />
<p fId="3" fbTx="0.454282096" lbTx="0.45428218" tId="0" fbRx="0.464282096" lbRx="0.46428218" />
<p fId="0" fbTx="0.45428218" lbTx="0.454283055" tId="1" fbRx="0.45428218" lbRx="0.454283055" />
<p fId="1" fbTx="0.454283055" lbTx="0.45428393" tId="4" fbRx="0.454283055" lbRx="0.45428393" />
<p fId="3" fbTx="0.454382096" lbTx="0.45438218" tId="0" fbRx="0.464382096" lbRx="0.46438218" />
<p fId="0" fbTx="0.45438218" lbTx="0.454383055" tId="1" fbRx="0.45438218" lbRx="0.454383055" />
<p fId="1" fbTx="0.454383055" lbTx="0.45438393" tId="4" fbRx="0.454383055" lbRx="0.45438393" />
<p fId="3" fbTx="0.454482096" lbTx="0.45448218" tId="0" fbRx="0.464482096" lbRx="0.46448218" />
<p fId="0" fbTx="0.45448218" lbTx="0.454483055" tId="1" fbRx="0.45448218" lbRx="0.454483055" />
<p fId="1" fbTx="0.454483055" lbTx="0.45448393" tId="4" fbRx="0.454483055" lbRx="0.45448393" />
<p fId="3" fbTx="0.454582096" lbTx="0.45458218" tId="0" fbRx="0.464582096" lbRx="0.46458218" />
<p fId="0" fbTx="0.45458218" lbTx="0.454583055" tId="1" fbRx="0.45458218" lbRx="0.454583055" />
<p fId="1" fbTx="0.454583055" lbTx="0.45458393" tId="4" fbRx="0.454583055" lbRx="0.45458393" />
<p fId="3" fbTx="0.454682096" lbTx="0.45468218" tId="0" fbRx="0.464682096" lbRx="0.46468218" />
<p fId="0" fbTx="0.45468218" lbTx="0.454683055" tId="1" fbRx="0.45468218" lbRx="0.454683055" />
<p fId="1" fbTx="0.454683055" lbTx="0.45468393" tId="4" fbRx="0.454683055" lbRx="0.45468393" />
<p fId="3" fbTx="0.454782096" lbTx="0.45478218" tId="0" fbRx="0.464782096" lbRx="0.46478218" />
<p fId="0" fbTx="0.45478218" lbTx="0.454783055" tId="1" fbRx="0.45478218" lbRx="0.454783055" />
<p fId="1" fbTx="0.454783055" lbTx="0.45478393" tId="4" fbRx="0.454783055" lbRx="0.45478393" />
<p fId="3" fbTx="0.454882096" lbTx="0.45488218" tId="0" fbRx="0.464882096" lbRx="0.46488218" />
<p fId="0" fbTx="0.45488218" lbTx="0.454883055" tId="1" fbRx="0.45488218" lbRx="0.454883055" />
<p fId="1" fbTx="0.454883055" lbTx="0.45488393" tId="4" fbRx="0.454883055" lbRx="0.45488393" />
<p fId="3" fbTx="0.454982096" lbTx="0.45498218" tId="0" fbRx="0.464982096" lbRx="0.46498218" />
<p fId="0" fbTx="0.45498218" lbTx="0.454983055" tId="1" fbRx="0.45498218" lbRx="0.454983055" />
<p fId="1" fbTx="0.454983055" lbTx="0.45498393" tId="4" fbRx="0.454983055" lbRx="0.45498393" />
<p fId="3" fbTx="0.455082096" lbTx="0.45508218" tId="0" fbRx="0.465082096" lbRx="0.46508218" />
<p fId="0" fbTx="0.45508218" lbTx="0.455083055" tId="1" fbRx="0.45508218" lbRx="0.455083055" />
<p fId="1" fbTx="0.455083055" lbTx="0.45508393" tId="4" fbRx="0.455083055" lbRx="0.45508393" />
<p fId="3" fbTx="0.455182096" lbTx="0.45518218" tId="0" fbRx="0.465182096" lbRx="0.46518218" />
<p fId="0" fbTx="0.45518218" lbTx="0.455183055" tId="1" fbRx="0.45518218" lbRx="0.455183055" />
<p fId="1" fbTx="0.455183055" lbTx="0.45518393" tId="4" fbRx="0.455183055" lbRx="0.45518393" />
<pr uId="433" fId="4" fbTx="0.455214286" />
<wpr uId="433" tId="5" fbRx="0.455214286" lbRx="0" />
<wpr uId="433" tId="6" fbRx="0.455214286" lbRx="0" />
<p fId="3" fbTx="0.455282096" lbTx="0.45528218" tId="0" fbRx="0.465282096" lbRx="0.46528218" />
<p fId="0" fbTx="0.45528218" lbTx="0.455283055" tId="1" fbRx="0.45528218" lbRx="0.455283055" />
<p fId="1" fbTx="0.455283055" lbTx="0.45528393" tId="4" fbRx="0.455283055" lbRx="0.45528393" />
<p fId="3" fbTx="0.455382096" lbTx="0.45538218" tId="0" fbRx="0.465382096" lbRx="0.46538218" />
<p fId="0" fbTx="0.45538218" lbTx="0.455383055" tId="1" fbRx="0.45538218" lbRx="0.455383055" />
<p fId="1" fbTx="0.455383055" lbTx="0.45538393" tId="4" fbRx="0.455383055" lbRx="0.45538393" />
<p fId="3" fbTx="0.455482096" lbTx="0.45548218" tId="0" fbRx="0.465482096" lbRx="0.46548218" />
<p fId="0" fbTx="0.45548218" lbTx="0.455483055" tId="1" fbRx="0.45548218" lbRx="0.455483055" />
<p fId="1" fbTx="0.455483055" lbTx="0.45548393" tId="4" fbRx="0.455483055" lbRx="0.45548393" />
<p fId="3" fbTx="0.455582096" lbTx="0.45558218" tId="0" fbRx="0.465582096" lbRx="0.46558218" />
<p fId="0" fbTx="0.45558218" lbTx="0.455583055" tId="1" fbRx="0.45558218" lbRx="0.455583055" />
<p fId="1" fbTx="0.455583055" lbTx="0.45558393" tId="4" fbRx="0.455583055" lbRx="0.45558393" />
<p fId="3" fbTx="0.455682096" lbTx="0.45568218" tId="0" fbRx="0.465682096" lbRx="0.46568218" />
<p fId="0" fbTx="0.45568218" lbTx="0.455683055" tId="1" fbRx="0.45568218" lbRx="0.455683055" />
<p fId="1" fbTx="0.455683055" lbTx="0.45568393" tId="4" fbRx="0.455683055" lbRx="0.45568393" />
<p fId="3" fbTx="0.455782096" lbTx="0.45578218" tId="0" fbRx="0.465782096" lbRx="0.46578218" />
<p fId="0" fbTx="0.45578218" lbTx="0.455783055" tId="1" fbRx="0.45578218" lbRx="0.455783055" />
<p fId="1" fbTx="0.455783055" lbTx="0.45578393" tId="4" fbRx="0.455783055" lbRx="0.45578393" />
<p fId="3" fbTx="0.455882096" lbTx="0.45588218" tId="0" fbRx="0.465882096" lbRx="0.46588218" />
<p fId="0" fbTx="0.45588218" lbTx="0.455883055" tId="1" fbRx="0.45588218" lbRx="0.455883055" />
<p fId="1" fbTx="0.455883055" lbTx="0.45588393" tId="4" fbRx="0.455883055" lbRx="0.45588393" />
<p fId="3" fbTx="0.455982096" lbTx="0.45598218" tId="0" fbRx="0.465982096" lbRx="0.46598218" />
<p fId="0" fbTx="0.45598218" lbTx="0.455983055" tId="1" fbRx="0.45598218" lbRx="0.455983055" />
<p fId="1" fbTx="0.455983055" lbTx="0.45598393" tId="4" fbRx="0.455983055" lbRx="0.45598393" />
<p fId="3" fbTx="0.456082096" lbTx="0.45608218" tId="0" fbRx="0.466082096" lbRx="0.46608218" />
<p fId="0" fbTx="0.45608218" lbTx="0.456083055" tId="1" fbRx="0.45608218" lbRx="0.456083055" />
<p fId="1" fbTx="0.456083055" lbTx="0.45608393" tId="4" fbRx="0.456083055" lbRx="0.45608393" />
<p fId="3" fbTx="0.456182096" lbTx="0.45618218" tId="0" fbRx="0.466182096" lbRx="0.46618218" />
<p fId="0" fbTx="0.45618218" lbTx="0.456183055" tId="1" fbRx="0.45618218" lbRx="0.456183055" />
<p fId="1" fbTx="0.456183055" lbTx="0.45618393" tId="4" fbRx="0.456183055" lbRx="0.45618393" />
<pr uId="434" fId="4" fbTx="0.456214286" />
<wpr uId="434" tId="5" fbRx="0.456214286" lbRx="0" />
<wpr uId="434" tId="6" fbRx="0.456214286" lbRx="0" />
<p fId="3" fbTx="0.456282096" lbTx="0.45628218" tId="0" fbRx="0.466282096" lbRx="0.46628218" />
<p fId="0" fbTx="0.45628218" lbTx="0.456283055" tId="1" fbRx="0.45628218" lbRx="0.456283055" />
<p fId="1" fbTx="0.456283055" lbTx="0.45628393" tId="4" fbRx="0.456283055" lbRx="0.45628393" />
<p fId="3" fbTx="0.456382096" lbTx="0.45638218" tId="0" fbRx="0.466382096" lbRx="0.46638218" />
<p fId="0" fbTx="0.45638218" lbTx="0.456383055" tId="1" fbRx="0.45638218" lbRx="0.456383055" />
<p fId="1" fbTx="0.456383055" lbTx="0.45638393" tId="4" fbRx="0.456383055" lbRx="0.45638393" />
<p fId="3" fbTx="0.456482096" lbTx="0.45648218" tId="0" fbRx="0.466482096" lbRx="0.46648218" />
<p fId="0" fbTx="0.45648218" lbTx="0.456483055" tId="1" fbRx="0.45648218" lbRx="0.456483055" />
<p fId="1" fbTx="0.456483055" lbTx="0.45648393" tId="4" fbRx="0.456483055" lbRx="0.45648393" />
<p fId="3" fbTx="0.456582096" lbTx="0.45658218" tId="0" fbRx="0.466582096" lbRx="0.46658218" />
<p fId="0" fbTx="0.45658218" lbTx="0.456583055" tId="1" fbRx="0.45658218" lbRx="0.456583055" />
<p fId="1" fbTx="0.456583055" lbTx="0.45658393" tId="4" fbRx="0.456583055" lbRx="0.45658393" />
<p fId="3" fbTx="0.456682096" lbTx="0.45668218" tId="0" fbRx="0.466682096" lbRx="0.46668218" />
<p fId="0" fbTx="0.45668218" lbTx="0.456683055" tId="1" fbRx="0.45668218" lbRx="0.456683055" />
<p fId="1" fbTx="0.456683055" lbTx="0.45668393" tId="4" fbRx="0.456683055" lbRx="0.45668393" />
<p fId="3" fbTx="0.456782096" lbTx="0.45678218" tId="0" fbRx="0.466782096" lbRx="0.46678218" />
<p fId="0" fbTx="0.45678218" lbTx="0.456783055" tId="1" fbRx="0.45678218" lbRx="0.456783055" />
<p fId="1" fbTx="0.456783055" lbTx="0.45678393" tId="4" fbRx="0.456783055" lbRx="0.45678393" />
<p fId="3" fbTx="0.456882096" lbTx="0.45688218" tId="0" fbRx="0.466882096" lbRx="0.46688218" />
<p fId="0" fbTx="0.45688218" lbTx="0.456883055" tId="1" fbRx="0.45688218" lbRx="0.456883055" />
<p fId="1" fbTx="0.456883055" lbTx="0.45688393" tId="4" fbRx="0.456883055" lbRx="0.45688393" />
<p fId="3" fbTx="0.456982096" lbTx="0.45698218" tId="0" fbRx="0.466982096" lbRx="0.46698218" />
<p fId="0" fbTx="0.45698218" lbTx="0.456983055" tId="1" fbRx="0.45698218" lbRx="0.456983055" />
<p fId="1" fbTx="0.456983055" lbTx="0.45698393" tId="4" fbRx="0.456983055" lbRx="0.45698393" />
<p fId="3" fbTx="0.457082096" lbTx="0.45708218" tId="0" fbRx="0.467082096" lbRx="0.46708218" />
<p fId="0" fbTx="0.45708218" lbTx="0.457083055" tId="1" fbRx="0.45708218" lbRx="0.457083055" />
<p fId="1" fbTx="0.457083055" lbTx="0.45708393" tId="4" fbRx="0.457083055" lbRx="0.45708393" />
<p fId="3" fbTx="0.457182096" lbTx="0.45718218" tId="0" fbRx="0.467182096" lbRx="0.46718218" />
<p fId="0" fbTx="0.45718218" lbTx="0.457183055" tId="1" fbRx="0.45718218" lbRx="0.457183055" />
<p fId="1" fbTx="0.457183055" lbTx="0.45718393" tId="4" fbRx="0.457183055" lbRx="0.45718393" />
<pr uId="435" fId="4" fbTx="0.457214286" />
<wpr uId="435" tId="5" fbRx="0.457214286" lbRx="0" />
<wpr uId="435" tId="6" fbRx="0.457214286" lbRx="0" />
<p fId="3" fbTx="0.457282096" lbTx="0.45728218" tId="0" fbRx="0.467282096" lbRx="0.46728218" />
<p fId="0" fbTx="0.45728218" lbTx="0.457283055" tId="1" fbRx="0.45728218" lbRx="0.457283055" />
<p fId="1" fbTx="0.457283055" lbTx="0.45728393" tId="4" fbRx="0.457283055" lbRx="0.45728393" />
<p fId="3" fbTx="0.457382096" lbTx="0.45738218" tId="0" fbRx="0.467382096" lbRx="0.46738218" />
<p fId="0" fbTx="0.45738218" lbTx="0.457383055" tId="1" fbRx="0.45738218" lbRx="0.457383055" />
<p fId="1" fbTx="0.457383055" lbTx="0.45738393" tId="4" fbRx="0.457383055" lbRx="0.45738393" />
<p fId="3" fbTx="0.457482096" lbTx="0.45748218" tId="0" fbRx="0.467482096" lbRx="0.46748218" />
<p fId="0" fbTx="0.45748218" lbTx="0.457483055" tId="1" fbRx="0.45748218" lbRx="0.457483055" />
<p fId="1" fbTx="0.457483055" lbTx="0.45748393" tId="4" fbRx="0.457483055" lbRx="0.45748393" />
<p fId="3" fbTx="0.457582096" lbTx="0.45758218" tId="0" fbRx="0.467582096" lbRx="0.46758218" />
<p fId="0" fbTx="0.45758218" lbTx="0.457583055" tId="1" fbRx="0.45758218" lbRx="0.457583055" />
<p fId="1" fbTx="0.457583055" lbTx="0.45758393" tId="4" fbRx="0.457583055" lbRx="0.45758393" />
<p fId="3" fbTx="0.457682096" lbTx="0.45768218" tId="0" fbRx="0.467682096" lbRx="0.46768218" />
<p fId="0" fbTx="0.45768218" lbTx="0.457683055" tId="1" fbRx="0.45768218" lbRx="0.457683055" />
<p fId="1" fbTx="0.457683055" lbTx="0.45768393" tId="4" fbRx="0.457683055" lbRx="0.45768393" />
<p fId="3" fbTx="0.457782096" lbTx="0.45778218" tId="0" fbRx="0.467782096" lbRx="0.46778218" />
<p fId="0" fbTx="0.45778218" lbTx="0.457783055" tId="1" fbRx="0.45778218" lbRx="0.457783055" />
<p fId="1" fbTx="0.457783055" lbTx="0.45778393" tId="4" fbRx="0.457783055" lbRx="0.45778393" />
<p fId="3" fbTx="0.457882096" lbTx="0.45788218" tId="0" fbRx="0.467882096" lbRx="0.46788218" />
<p fId="0" fbTx="0.45788218" lbTx="0.457883055" tId="1" fbRx="0.45788218" lbRx="0.457883055" />
<p fId="1" fbTx="0.457883055" lbTx="0.45788393" tId="4" fbRx="0.457883055" lbRx="0.45788393" />
<p fId="3" fbTx="0.457982096" lbTx="0.45798218" tId="0" fbRx="0.467982096" lbRx="0.46798218" />
<p fId="0" fbTx="0.45798218" lbTx="0.457983055" tId="1" fbRx="0.45798218" lbRx="0.457983055" />
<p fId="1" fbTx="0.457983055" lbTx="0.45798393" tId="4" fbRx="0.457983055" lbRx="0.45798393" />
<p fId="3" fbTx="0.458082096" lbTx="0.45808218" tId="0" fbRx="0.468082096" lbRx="0.46808218" />
<p fId="0" fbTx="0.45808218" lbTx="0.458083055" tId="1" fbRx="0.45808218" lbRx="0.458083055" />
<p fId="1" fbTx="0.458083055" lbTx="0.45808393" tId="4" fbRx="0.458083055" lbRx="0.45808393" />
<p fId="3" fbTx="0.458182096" lbTx="0.45818218" tId="0" fbRx="0.468182096" lbRx="0.46818218" />
<p fId="0" fbTx="0.45818218" lbTx="0.458183055" tId="1" fbRx="0.45818218" lbRx="0.458183055" />
<p fId="1" fbTx="0.458183055" lbTx="0.45818393" tId="4" fbRx="0.458183055" lbRx="0.45818393" />
<pr uId="436" fId="4" fbTx="0.458214286" />
<wpr uId="436" tId="5" fbRx="0.458214286" lbRx="0" />
<wpr uId="436" tId="6" fbRx="0.458214286" lbRx="0" />
<p fId="3" fbTx="0.458282096" lbTx="0.45828218" tId="0" fbRx="0.468282096" lbRx="0.46828218" />
<p fId="0" fbTx="0.45828218" lbTx="0.458283055" tId="1" fbRx="0.45828218" lbRx="0.458283055" />
<p fId="1" fbTx="0.458283055" lbTx="0.45828393" tId="4" fbRx="0.458283055" lbRx="0.45828393" />
<p fId="3" fbTx="0.458382096" lbTx="0.45838218" tId="0" fbRx="0.468382096" lbRx="0.46838218" />
<p fId="0" fbTx="0.45838218" lbTx="0.458383055" tId="1" fbRx="0.45838218" lbRx="0.458383055" />
<p fId="1" fbTx="0.458383055" lbTx="0.45838393" tId="4" fbRx="0.458383055" lbRx="0.45838393" />
<p fId="3" fbTx="0.458482096" lbTx="0.45848218" tId="0" fbRx="0.468482096" lbRx="0.46848218" />
<p fId="0" fbTx="0.45848218" lbTx="0.458483055" tId="1" fbRx="0.45848218" lbRx="0.458483055" />
<p fId="1" fbTx="0.458483055" lbTx="0.45848393" tId="4" fbRx="0.458483055" lbRx="0.45848393" />
<p fId="3" fbTx="0.458582096" lbTx="0.45858218" tId="0" fbRx="0.468582096" lbRx="0.46858218" />
<p fId="0" fbTx="0.45858218" lbTx="0.458583055" tId="1" fbRx="0.45858218" lbRx="0.458583055" />
<p fId="1" fbTx="0.458583055" lbTx="0.45858393" tId="4" fbRx="0.458583055" lbRx="0.45858393" />
<p fId="3" fbTx="0.458682096" lbTx="0.45868218" tId="0" fbRx="0.468682096" lbRx="0.46868218" />
<p fId="0" fbTx="0.45868218" lbTx="0.458683055" tId="1" fbRx="0.45868218" lbRx="0.458683055" />
<p fId="1" fbTx="0.458683055" lbTx="0.45868393" tId="4" fbRx="0.458683055" lbRx="0.45868393" />
<p fId="3" fbTx="0.458782096" lbTx="0.45878218" tId="0" fbRx="0.468782096" lbRx="0.46878218" />
<p fId="0" fbTx="0.45878218" lbTx="0.458783055" tId="1" fbRx="0.45878218" lbRx="0.458783055" />
<p fId="1" fbTx="0.458783055" lbTx="0.45878393" tId="4" fbRx="0.458783055" lbRx="0.45878393" />
<p fId="3" fbTx="0.458882096" lbTx="0.45888218" tId="0" fbRx="0.468882096" lbRx="0.46888218" />
<p fId="0" fbTx="0.45888218" lbTx="0.458883055" tId="1" fbRx="0.45888218" lbRx="0.458883055" />
<p fId="1" fbTx="0.458883055" lbTx="0.45888393" tId="4" fbRx="0.458883055" lbRx="0.45888393" />
<p fId="3" fbTx="0.458982096" lbTx="0.45898218" tId="0" fbRx="0.468982096" lbRx="0.46898218" />
<p fId="0" fbTx="0.45898218" lbTx="0.458983055" tId="1" fbRx="0.45898218" lbRx="0.458983055" />
<p fId="1" fbTx="0.458983055" lbTx="0.45898393" tId="4" fbRx="0.458983055" lbRx="0.45898393" />
<p fId="3" fbTx="0.459082096" lbTx="0.45908218" tId="0" fbRx="0.469082096" lbRx="0.46908218" />
<p fId="0" fbTx="0.45908218" lbTx="0.459083055" tId="1" fbRx="0.45908218" lbRx="0.459083055" />
<p fId="1" fbTx="0.459083055" lbTx="0.45908393" tId="4" fbRx="0.459083055" lbRx="0.45908393" />
<p fId="3" fbTx="0.459182096" lbTx="0.45918218" tId="0" fbRx="0.469182096" lbRx="0.46918218" />
<p fId="0" fbTx="0.45918218" lbTx="0.459183055" tId="1" fbRx="0.45918218" lbRx="0.459183055" />
<p fId="1" fbTx="0.459183055" lbTx="0.45918393" tId="4" fbRx="0.459183055" lbRx="0.45918393" />
<pr uId="437" fId="4" fbTx="0.459214286" />
<wpr uId="437" tId="5" fbRx="0.459214286" lbRx="0" />
<wpr uId="437" tId="6" fbRx="0.459214286" lbRx="0" />
<p fId="3" fbTx="0.459282096" lbTx="0.45928218" tId="0" fbRx="0.469282096" lbRx="0.46928218" />
<p fId="0" fbTx="0.45928218" lbTx="0.459283055" tId="1" fbRx="0.45928218" lbRx="0.459283055" />
<p fId="1" fbTx="0.459283055" lbTx="0.45928393" tId="4" fbRx="0.459283055" lbRx="0.45928393" />
<p fId="3" fbTx="0.459382096" lbTx="0.45938218" tId="0" fbRx="0.469382096" lbRx="0.46938218" />
<p fId="0" fbTx="0.45938218" lbTx="0.459383055" tId="1" fbRx="0.45938218" lbRx="0.459383055" />
<p fId="1" fbTx="0.459383055" lbTx="0.45938393" tId="4" fbRx="0.459383055" lbRx="0.45938393" />
<p fId="3" fbTx="0.459482096" lbTx="0.45948218" tId="0" fbRx="0.469482096" lbRx="0.46948218" />
<p fId="0" fbTx="0.45948218" lbTx="0.459483055" tId="1" fbRx="0.45948218" lbRx="0.459483055" />
<p fId="1" fbTx="0.459483055" lbTx="0.45948393" tId="4" fbRx="0.459483055" lbRx="0.45948393" />
<p fId="3" fbTx="0.459582096" lbTx="0.45958218" tId="0" fbRx="0.469582096" lbRx="0.46958218" />
<p fId="0" fbTx="0.45958218" lbTx="0.459583055" tId="1" fbRx="0.45958218" lbRx="0.459583055" />
<p fId="1" fbTx="0.459583055" lbTx="0.45958393" tId="4" fbRx="0.459583055" lbRx="0.45958393" />
<p fId="3" fbTx="0.459682096" lbTx="0.45968218" tId="0" fbRx="0.469682096" lbRx="0.46968218" />
<p fId="0" fbTx="0.45968218" lbTx="0.459683055" tId="1" fbRx="0.45968218" lbRx="0.459683055" />
<p fId="1" fbTx="0.459683055" lbTx="0.45968393" tId="4" fbRx="0.459683055" lbRx="0.45968393" />
<p fId="3" fbTx="0.459782096" lbTx="0.45978218" tId="0" fbRx="0.469782096" lbRx="0.46978218" />
<p fId="0" fbTx="0.45978218" lbTx="0.459783055" tId="1" fbRx="0.45978218" lbRx="0.459783055" />
<p fId="1" fbTx="0.459783055" lbTx="0.45978393" tId="4" fbRx="0.459783055" lbRx="0.45978393" />
<p fId="3" fbTx="0.459882096" lbTx="0.45988218" tId="0" fbRx="0.469882096" lbRx="0.46988218" />
<p fId="0" fbTx="0.45988218" lbTx="0.459883055" tId="1" fbRx="0.45988218" lbRx="0.459883055" />
<p fId="1" fbTx="0.459883055" lbTx="0.45988393" tId="4" fbRx="0.459883055" lbRx="0.45988393" />
<p fId="3" fbTx="0.459982096" lbTx="0.45998218" tId="0" fbRx="0.469982096" lbRx="0.46998218" />
<p fId="0" fbTx="0.45998218" lbTx="0.459983055" tId="1" fbRx="0.45998218" lbRx="0.459983055" />
<p fId="1" fbTx="0.459983055" lbTx="0.45998393" tId="4" fbRx="0.459983055" lbRx="0.45998393" />
<p fId="3" fbTx="0.460082096" lbTx="0.46008218" tId="0" fbRx="0.470082096" lbRx="0.47008218" />
<p fId="0" fbTx="0.46008218" lbTx="0.460083055" tId="1" fbRx="0.46008218" lbRx="0.460083055" />
<p fId="1" fbTx="0.460083055" lbTx="0.46008393" tId="4" fbRx="0.460083055" lbRx="0.46008393" />
<p fId="3" fbTx="0.460182096" lbTx="0.46018218" tId="0" fbRx="0.470182096" lbRx="0.47018218" />
<p fId="0" fbTx="0.46018218" lbTx="0.460183055" tId="1" fbRx="0.46018218" lbRx="0.460183055" />
<p fId="1" fbTx="0.460183055" lbTx="0.46018393" tId="4" fbRx="0.460183055" lbRx="0.46018393" />
<pr uId="438" fId="4" fbTx="0.460214286" />
<wpr uId="438" tId="5" fbRx="0.460214286" lbRx="0" />
<wpr uId="438" tId="6" fbRx="0.460214286" lbRx="0" />
<p fId="3" fbTx="0.460282096" lbTx="0.46028218" tId="0" fbRx="0.470282096" lbRx="0.47028218" />
<p fId="0" fbTx="0.46028218" lbTx="0.460283055" tId="1" fbRx="0.46028218" lbRx="0.460283055" />
<p fId="1" fbTx="0.460283055" lbTx="0.46028393" tId="4" fbRx="0.460283055" lbRx="0.46028393" />
<p fId="3" fbTx="0.460382096" lbTx="0.46038218" tId="0" fbRx="0.470382096" lbRx="0.47038218" />
<p fId="0" fbTx="0.46038218" lbTx="0.460383055" tId="1" fbRx="0.46038218" lbRx="0.460383055" />
<p fId="1" fbTx="0.460383055" lbTx="0.46038393" tId="4" fbRx="0.460383055" lbRx="0.46038393" />
<p fId="3" fbTx="0.460482096" lbTx="0.46048218" tId="0" fbRx="0.470482096" lbRx="0.47048218" />
<p fId="0" fbTx="0.46048218" lbTx="0.460483055" tId="1" fbRx="0.46048218" lbRx="0.460483055" />
<p fId="1" fbTx="0.460483055" lbTx="0.46048393" tId="4" fbRx="0.460483055" lbRx="0.46048393" />
<p fId="3" fbTx="0.460582096" lbTx="0.46058218" tId="0" fbRx="0.470582096" lbRx="0.47058218" />
<p fId="0" fbTx="0.46058218" lbTx="0.460583055" tId="1" fbRx="0.46058218" lbRx="0.460583055" />
<p fId="1" fbTx="0.460583055" lbTx="0.46058393" tId="4" fbRx="0.460583055" lbRx="0.46058393" />
<p fId="3" fbTx="0.460682096" lbTx="0.46068218" tId="0" fbRx="0.470682096" lbRx="0.47068218" />
<p fId="0" fbTx="0.46068218" lbTx="0.460683055" tId="1" fbRx="0.46068218" lbRx="0.460683055" />
<p fId="1" fbTx="0.460683055" lbTx="0.46068393" tId="4" fbRx="0.460683055" lbRx="0.46068393" />
<p fId="3" fbTx="0.460782096" lbTx="0.46078218" tId="0" fbRx="0.470782096" lbRx="0.47078218" />
<p fId="0" fbTx="0.46078218" lbTx="0.460783055" tId="1" fbRx="0.46078218" lbRx="0.460783055" />
<p fId="1" fbTx="0.460783055" lbTx="0.46078393" tId="4" fbRx="0.460783055" lbRx="0.46078393" />
<p fId="3" fbTx="0.460882096" lbTx="0.46088218" tId="0" fbRx="0.470882096" lbRx="0.47088218" />
<p fId="0" fbTx="0.46088218" lbTx="0.460883055" tId="1" fbRx="0.46088218" lbRx="0.460883055" />
<p fId="1" fbTx="0.460883055" lbTx="0.46088393" tId="4" fbRx="0.460883055" lbRx="0.46088393" />
<p fId="3" fbTx="0.460982096" lbTx="0.46098218" tId="0" fbRx="0.470982096" lbRx="0.47098218" />
<p fId="0" fbTx="0.46098218" lbTx="0.460983055" tId="1" fbRx="0.46098218" lbRx="0.460983055" />
<p fId="1" fbTx="0.460983055" lbTx="0.46098393" tId="4" fbRx="0.460983055" lbRx="0.46098393" />
<p fId="3" fbTx="0.461082096" lbTx="0.46108218" tId="0" fbRx="0.471082096" lbRx="0.47108218" />
<p fId="0" fbTx="0.46108218" lbTx="0.461083055" tId="1" fbRx="0.46108218" lbRx="0.461083055" />
<p fId="1" fbTx="0.461083055" lbTx="0.46108393" tId="4" fbRx="0.461083055" lbRx="0.46108393" />
<p fId="3" fbTx="0.461182096" lbTx="0.46118218" tId="0" fbRx="0.471182096" lbRx="0.47118218" />
<p fId="0" fbTx="0.46118218" lbTx="0.461183055" tId="1" fbRx="0.46118218" lbRx="0.461183055" />
<p fId="1" fbTx="0.461183055" lbTx="0.46118393" tId="4" fbRx="0.461183055" lbRx="0.46118393" />
<pr uId="439" fId="4" fbTx="0.461214286" />
<wpr uId="439" tId="5" fbRx="0.461214286" lbRx="0" />
<wpr uId="439" tId="6" fbRx="0.461214286" lbRx="0" />
<p fId="3" fbTx="0.461282096" lbTx="0.46128218" tId="0" fbRx="0.471282096" lbRx="0.47128218" />
<p fId="0" fbTx="0.46128218" lbTx="0.461283055" tId="1" fbRx="0.46128218" lbRx="0.461283055" />
<p fId="1" fbTx="0.461283055" lbTx="0.46128393" tId="4" fbRx="0.461283055" lbRx="0.46128393" />
<p fId="3" fbTx="0.461382096" lbTx="0.46138218" tId="0" fbRx="0.471382096" lbRx="0.47138218" />
<p fId="0" fbTx="0.46138218" lbTx="0.461383055" tId="1" fbRx="0.46138218" lbRx="0.461383055" />
<p fId="1" fbTx="0.461383055" lbTx="0.46138393" tId="4" fbRx="0.461383055" lbRx="0.46138393" />
<p fId="3" fbTx="0.461482096" lbTx="0.46148218" tId="0" fbRx="0.471482096" lbRx="0.47148218" />
<p fId="0" fbTx="0.46148218" lbTx="0.461483055" tId="1" fbRx="0.46148218" lbRx="0.461483055" />
<p fId="1" fbTx="0.461483055" lbTx="0.46148393" tId="4" fbRx="0.461483055" lbRx="0.46148393" />
<p fId="3" fbTx="0.461582096" lbTx="0.46158218" tId="0" fbRx="0.471582096" lbRx="0.47158218" />
<p fId="0" fbTx="0.46158218" lbTx="0.461583055" tId="1" fbRx="0.46158218" lbRx="0.461583055" />
<p fId="1" fbTx="0.461583055" lbTx="0.46158393" tId="4" fbRx="0.461583055" lbRx="0.46158393" />
<p fId="3" fbTx="0.461682096" lbTx="0.46168218" tId="0" fbRx="0.471682096" lbRx="0.47168218" />
<p fId="0" fbTx="0.46168218" lbTx="0.461683055" tId="1" fbRx="0.46168218" lbRx="0.461683055" />
<p fId="1" fbTx="0.461683055" lbTx="0.46168393" tId="4" fbRx="0.461683055" lbRx="0.46168393" />
<p fId="3" fbTx="0.461782096" lbTx="0.46178218" tId="0" fbRx="0.471782096" lbRx="0.47178218" />
<p fId="0" fbTx="0.46178218" lbTx="0.461783055" tId="1" fbRx="0.46178218" lbRx="0.461783055" />
<p fId="1" fbTx="0.461783055" lbTx="0.46178393" tId="4" fbRx="0.461783055" lbRx="0.46178393" />
<p fId="3" fbTx="0.461882096" lbTx="0.46188218" tId="0" fbRx="0.471882096" lbRx="0.47188218" />
<p fId="0" fbTx="0.46188218" lbTx="0.461883055" tId="1" fbRx="0.46188218" lbRx="0.461883055" />
<p fId="1" fbTx="0.461883055" lbTx="0.46188393" tId="4" fbRx="0.461883055" lbRx="0.46188393" />
<p fId="3" fbTx="0.461982096" lbTx="0.46198218" tId="0" fbRx="0.471982096" lbRx="0.47198218" />
<p fId="0" fbTx="0.46198218" lbTx="0.461983055" tId="1" fbRx="0.46198218" lbRx="0.461983055" />
<p fId="1" fbTx="0.461983055" lbTx="0.46198393" tId="4" fbRx="0.461983055" lbRx="0.46198393" />
<p fId="3" fbTx="0.462082096" lbTx="0.46208218" tId="0" fbRx="0.472082096" lbRx="0.47208218" />
<p fId="0" fbTx="0.46208218" lbTx="0.462083055" tId="1" fbRx="0.46208218" lbRx="0.462083055" />
<p fId="1" fbTx="0.462083055" lbTx="0.46208393" tId="4" fbRx="0.462083055" lbRx="0.46208393" />
<p fId="3" fbTx="0.462182096" lbTx="0.46218218" tId="0" fbRx="0.472182096" lbRx="0.47218218" />
<p fId="0" fbTx="0.46218218" lbTx="0.462183055" tId="1" fbRx="0.46218218" lbRx="0.462183055" />
<p fId="1" fbTx="0.462183055" lbTx="0.46218393" tId="4" fbRx="0.462183055" lbRx="0.46218393" />
<pr uId="440" fId="4" fbTx="0.462214286" />
<wpr uId="440" tId="5" fbRx="0.462214286" lbRx="0" />
<wpr uId="440" tId="6" fbRx="0.462214286" lbRx="0" />
<p fId="3" fbTx="0.462282096" lbTx="0.46228218" tId="0" fbRx="0.472282096" lbRx="0.47228218" />
<p fId="0" fbTx="0.46228218" lbTx="0.462283055" tId="1" fbRx="0.46228218" lbRx="0.462283055" />
<p fId="1" fbTx="0.462283055" lbTx="0.46228393" tId="4" fbRx="0.462283055" lbRx="0.46228393" />
<p fId="3" fbTx="0.462382096" lbTx="0.46238218" tId="0" fbRx="0.472382096" lbRx="0.47238218" />
<p fId="0" fbTx="0.46238218" lbTx="0.462383055" tId="1" fbRx="0.46238218" lbRx="0.462383055" />
<p fId="1" fbTx="0.462383055" lbTx="0.46238393" tId="4" fbRx="0.462383055" lbRx="0.46238393" />
<p fId="3" fbTx="0.462482096" lbTx="0.46248218" tId="0" fbRx="0.472482096" lbRx="0.47248218" />
<p fId="0" fbTx="0.46248218" lbTx="0.462483055" tId="1" fbRx="0.46248218" lbRx="0.462483055" />
<p fId="1" fbTx="0.462483055" lbTx="0.46248393" tId="4" fbRx="0.462483055" lbRx="0.46248393" />
<p fId="3" fbTx="0.462582096" lbTx="0.46258218" tId="0" fbRx="0.472582096" lbRx="0.47258218" />
<p fId="0" fbTx="0.46258218" lbTx="0.462583055" tId="1" fbRx="0.46258218" lbRx="0.462583055" />
<p fId="1" fbTx="0.462583055" lbTx="0.46258393" tId="4" fbRx="0.462583055" lbRx="0.46258393" />
<p fId="3" fbTx="0.462682096" lbTx="0.46268218" tId="0" fbRx="0.472682096" lbRx="0.47268218" />
<p fId="0" fbTx="0.46268218" lbTx="0.462683055" tId="1" fbRx="0.46268218" lbRx="0.462683055" />
<p fId="1" fbTx="0.462683055" lbTx="0.46268393" tId="4" fbRx="0.462683055" lbRx="0.46268393" />
<p fId="3" fbTx="0.462782096" lbTx="0.46278218" tId="0" fbRx="0.472782096" lbRx="0.47278218" />
<p fId="0" fbTx="0.46278218" lbTx="0.462783055" tId="1" fbRx="0.46278218" lbRx="0.462783055" />
<p fId="1" fbTx="0.462783055" lbTx="0.46278393" tId="4" fbRx="0.462783055" lbRx="0.46278393" />
<p fId="3" fbTx="0.462882096" lbTx="0.46288218" tId="0" fbRx="0.472882096" lbRx="0.47288218" />
<p fId="0" fbTx="0.46288218" lbTx="0.462883055" tId="1" fbRx="0.46288218" lbRx="0.462883055" />
<p fId="1" fbTx="0.462883055" lbTx="0.46288393" tId="4" fbRx="0.462883055" lbRx="0.46288393" />
<p fId="3" fbTx="0.462982096" lbTx="0.46298218" tId="0" fbRx="0.472982096" lbRx="0.47298218" />
<p fId="0" fbTx="0.46298218" lbTx="0.462983055" tId="1" fbRx="0.46298218" lbRx="0.462983055" />
<p fId="1" fbTx="0.462983055" lbTx="0.46298393" tId="4" fbRx="0.462983055" lbRx="0.46298393" />
<p fId="3" fbTx="0.463082096" lbTx="0.46308218" tId="0" fbRx="0.473082096" lbRx="0.47308218" />
<p fId="0" fbTx="0.46308218" lbTx="0.463083055" tId="1" fbRx="0.46308218" lbRx="0.463083055" />
<p fId="1" fbTx="0.463083055" lbTx="0.46308393" tId="4" fbRx="0.463083055" lbRx="0.46308393" />
<p fId="3" fbTx="0.463182096" lbTx="0.46318218" tId="0" fbRx="0.473182096" lbRx="0.47318218" />
<p fId="0" fbTx="0.46318218" lbTx="0.463183055" tId="1" fbRx="0.46318218" lbRx="0.463183055" />
<p fId="1" fbTx="0.463183055" lbTx="0.46318393" tId="4" fbRx="0.463183055" lbRx="0.46318393" />
<pr uId="441" fId="4" fbTx="0.463214286" />
<wpr uId="441" tId="5" fbRx="0.463214286" lbRx="0" />
<wpr uId="441" tId="6" fbRx="0.463214286" lbRx="0" />
<p fId="3" fbTx="0.463282096" lbTx="0.46328218" tId="0" fbRx="0.473282096" lbRx="0.47328218" />
<p fId="0" fbTx="0.46328218" lbTx="0.463283055" tId="1" fbRx="0.46328218" lbRx="0.463283055" />
<p fId="1" fbTx="0.463283055" lbTx="0.46328393" tId="4" fbRx="0.463283055" lbRx="0.46328393" />
<p fId="3" fbTx="0.463382096" lbTx="0.46338218" tId="0" fbRx="0.473382096" lbRx="0.47338218" />
<p fId="0" fbTx="0.46338218" lbTx="0.463383055" tId="1" fbRx="0.46338218" lbRx="0.463383055" />
<p fId="1" fbTx="0.463383055" lbTx="0.46338393" tId="4" fbRx="0.463383055" lbRx="0.46338393" />
<p fId="3" fbTx="0.463482096" lbTx="0.46348218" tId="0" fbRx="0.473482096" lbRx="0.47348218" />
<p fId="0" fbTx="0.46348218" lbTx="0.463483055" tId="1" fbRx="0.46348218" lbRx="0.463483055" />
<p fId="1" fbTx="0.463483055" lbTx="0.46348393" tId="4" fbRx="0.463483055" lbRx="0.46348393" />
<p fId="3" fbTx="0.463582096" lbTx="0.46358218" tId="0" fbRx="0.473582096" lbRx="0.47358218" />
<p fId="0" fbTx="0.46358218" lbTx="0.463583055" tId="1" fbRx="0.46358218" lbRx="0.463583055" />
<p fId="1" fbTx="0.463583055" lbTx="0.46358393" tId="4" fbRx="0.463583055" lbRx="0.46358393" />
<p fId="3" fbTx="0.463682096" lbTx="0.46368218" tId="0" fbRx="0.473682096" lbRx="0.47368218" />
<p fId="0" fbTx="0.46368218" lbTx="0.463683055" tId="1" fbRx="0.46368218" lbRx="0.463683055" />
<p fId="1" fbTx="0.463683055" lbTx="0.46368393" tId="4" fbRx="0.463683055" lbRx="0.46368393" />
<p fId="3" fbTx="0.463782096" lbTx="0.46378218" tId="0" fbRx="0.473782096" lbRx="0.47378218" />
<p fId="0" fbTx="0.46378218" lbTx="0.463783055" tId="1" fbRx="0.46378218" lbRx="0.463783055" />
<p fId="1" fbTx="0.463783055" lbTx="0.46378393" tId="4" fbRx="0.463783055" lbRx="0.46378393" />
<p fId="3" fbTx="0.463882096" lbTx="0.46388218" tId="0" fbRx="0.473882096" lbRx="0.47388218" />
<p fId="0" fbTx="0.46388218" lbTx="0.463883055" tId="1" fbRx="0.46388218" lbRx="0.463883055" />
<p fId="1" fbTx="0.463883055" lbTx="0.46388393" tId="4" fbRx="0.463883055" lbRx="0.46388393" />
<p fId="3" fbTx="0.463982096" lbTx="0.46398218" tId="0" fbRx="0.473982096" lbRx="0.47398218" />
<p fId="0" fbTx="0.46398218" lbTx="0.463983055" tId="1" fbRx="0.46398218" lbRx="0.463983055" />
<p fId="1" fbTx="0.463983055" lbTx="0.46398393" tId="4" fbRx="0.463983055" lbRx="0.46398393" />
<p fId="3" fbTx="0.464082096" lbTx="0.46408218" tId="0" fbRx="0.474082096" lbRx="0.47408218" />
<p fId="0" fbTx="0.46408218" lbTx="0.464083055" tId="1" fbRx="0.46408218" lbRx="0.464083055" />
<p fId="1" fbTx="0.464083055" lbTx="0.46408393" tId="4" fbRx="0.464083055" lbRx="0.46408393" />
<p fId="3" fbTx="0.464182096" lbTx="0.46418218" tId="0" fbRx="0.474182096" lbRx="0.47418218" />
<p fId="0" fbTx="0.46418218" lbTx="0.464183055" tId="1" fbRx="0.46418218" lbRx="0.464183055" />
<p fId="1" fbTx="0.464183055" lbTx="0.46418393" tId="4" fbRx="0.464183055" lbRx="0.46418393" />
<pr uId="442" fId="4" fbTx="0.464214286" />
<wpr uId="442" tId="5" fbRx="0.464214286" lbRx="0" />
<wpr uId="442" tId="6" fbRx="0.464214286" lbRx="0" />
<p fId="3" fbTx="0.464282096" lbTx="0.46428218" tId="0" fbRx="0.474282096" lbRx="0.47428218" />
<p fId="0" fbTx="0.46428218" lbTx="0.464283055" tId="1" fbRx="0.46428218" lbRx="0.464283055" />
<p fId="1" fbTx="0.464283055" lbTx="0.46428393" tId="4" fbRx="0.464283055" lbRx="0.46428393" />
<p fId="3" fbTx="0.464382096" lbTx="0.46438218" tId="0" fbRx="0.474382096" lbRx="0.47438218" />
<p fId="0" fbTx="0.46438218" lbTx="0.464383055" tId="1" fbRx="0.46438218" lbRx="0.464383055" />
<p fId="1" fbTx="0.464383055" lbTx="0.46438393" tId="4" fbRx="0.464383055" lbRx="0.46438393" />
<p fId="3" fbTx="0.464482096" lbTx="0.46448218" tId="0" fbRx="0.474482096" lbRx="0.47448218" />
<p fId="0" fbTx="0.46448218" lbTx="0.464483055" tId="1" fbRx="0.46448218" lbRx="0.464483055" />
<p fId="1" fbTx="0.464483055" lbTx="0.46448393" tId="4" fbRx="0.464483055" lbRx="0.46448393" />
<p fId="3" fbTx="0.464582096" lbTx="0.46458218" tId="0" fbRx="0.474582096" lbRx="0.47458218" />
<p fId="0" fbTx="0.46458218" lbTx="0.464583055" tId="1" fbRx="0.46458218" lbRx="0.464583055" />
<p fId="1" fbTx="0.464583055" lbTx="0.46458393" tId="4" fbRx="0.464583055" lbRx="0.46458393" />
<p fId="3" fbTx="0.464682096" lbTx="0.46468218" tId="0" fbRx="0.474682096" lbRx="0.47468218" />
<p fId="0" fbTx="0.46468218" lbTx="0.464683055" tId="1" fbRx="0.46468218" lbRx="0.464683055" />
<p fId="1" fbTx="0.464683055" lbTx="0.46468393" tId="4" fbRx="0.464683055" lbRx="0.46468393" />
<p fId="3" fbTx="0.464782096" lbTx="0.46478218" tId="0" fbRx="0.474782096" lbRx="0.47478218" />
<p fId="0" fbTx="0.46478218" lbTx="0.464783055" tId="1" fbRx="0.46478218" lbRx="0.464783055" />
<p fId="1" fbTx="0.464783055" lbTx="0.46478393" tId="4" fbRx="0.464783055" lbRx="0.46478393" />
<p fId="3" fbTx="0.464882096" lbTx="0.46488218" tId="0" fbRx="0.474882096" lbRx="0.47488218" />
<p fId="0" fbTx="0.46488218" lbTx="0.464883055" tId="1" fbRx="0.46488218" lbRx="0.464883055" />
<p fId="1" fbTx="0.464883055" lbTx="0.46488393" tId="4" fbRx="0.464883055" lbRx="0.46488393" />
<p fId="3" fbTx="0.464982096" lbTx="0.46498218" tId="0" fbRx="0.474982096" lbRx="0.47498218" />
<p fId="0" fbTx="0.46498218" lbTx="0.464983055" tId="1" fbRx="0.46498218" lbRx="0.464983055" />
<p fId="1" fbTx="0.464983055" lbTx="0.46498393" tId="4" fbRx="0.464983055" lbRx="0.46498393" />
<p fId="3" fbTx="0.465082096" lbTx="0.46508218" tId="0" fbRx="0.475082096" lbRx="0.47508218" />
<p fId="0" fbTx="0.46508218" lbTx="0.465083055" tId="1" fbRx="0.46508218" lbRx="0.465083055" />
<p fId="1" fbTx="0.465083055" lbTx="0.46508393" tId="4" fbRx="0.465083055" lbRx="0.46508393" />
<p fId="3" fbTx="0.465182096" lbTx="0.46518218" tId="0" fbRx="0.475182096" lbRx="0.47518218" />
<p fId="0" fbTx="0.46518218" lbTx="0.465183055" tId="1" fbRx="0.46518218" lbRx="0.465183055" />
<p fId="1" fbTx="0.465183055" lbTx="0.46518393" tId="4" fbRx="0.465183055" lbRx="0.46518393" />
<pr uId="443" fId="4" fbTx="0.465214286" />
<wpr uId="443" tId="5" fbRx="0.465214286" lbRx="0" />
<wpr uId="443" tId="6" fbRx="0.465214286" lbRx="0" />
<p fId="3" fbTx="0.465282096" lbTx="0.46528218" tId="0" fbRx="0.475282096" lbRx="0.47528218" />
<p fId="0" fbTx="0.46528218" lbTx="0.465283055" tId="1" fbRx="0.46528218" lbRx="0.465283055" />
<p fId="1" fbTx="0.465283055" lbTx="0.46528393" tId="4" fbRx="0.465283055" lbRx="0.46528393" />
<p fId="3" fbTx="0.465382096" lbTx="0.46538218" tId="0" fbRx="0.475382096" lbRx="0.47538218" />
<p fId="0" fbTx="0.46538218" lbTx="0.465383055" tId="1" fbRx="0.46538218" lbRx="0.465383055" />
<p fId="1" fbTx="0.465383055" lbTx="0.46538393" tId="4" fbRx="0.465383055" lbRx="0.46538393" />
<p fId="3" fbTx="0.465482096" lbTx="0.46548218" tId="0" fbRx="0.475482096" lbRx="0.47548218" />
<p fId="0" fbTx="0.46548218" lbTx="0.465483055" tId="1" fbRx="0.46548218" lbRx="0.465483055" />
<p fId="1" fbTx="0.465483055" lbTx="0.46548393" tId="4" fbRx="0.465483055" lbRx="0.46548393" />
<p fId="3" fbTx="0.465582096" lbTx="0.46558218" tId="0" fbRx="0.475582096" lbRx="0.47558218" />
<p fId="0" fbTx="0.46558218" lbTx="0.465583055" tId="1" fbRx="0.46558218" lbRx="0.465583055" />
<p fId="1" fbTx="0.465583055" lbTx="0.46558393" tId="4" fbRx="0.465583055" lbRx="0.46558393" />
<p fId="3" fbTx="0.465682096" lbTx="0.46568218" tId="0" fbRx="0.475682096" lbRx="0.47568218" />
<p fId="0" fbTx="0.46568218" lbTx="0.465683055" tId="1" fbRx="0.46568218" lbRx="0.465683055" />
<p fId="1" fbTx="0.465683055" lbTx="0.46568393" tId="4" fbRx="0.465683055" lbRx="0.46568393" />
<p fId="3" fbTx="0.465782096" lbTx="0.46578218" tId="0" fbRx="0.475782096" lbRx="0.47578218" />
<p fId="0" fbTx="0.46578218" lbTx="0.465783055" tId="1" fbRx="0.46578218" lbRx="0.465783055" />
<p fId="1" fbTx="0.465783055" lbTx="0.46578393" tId="4" fbRx="0.465783055" lbRx="0.46578393" />
<p fId="3" fbTx="0.465882096" lbTx="0.46588218" tId="0" fbRx="0.475882096" lbRx="0.47588218" />
<p fId="0" fbTx="0.46588218" lbTx="0.465883055" tId="1" fbRx="0.46588218" lbRx="0.465883055" />
<p fId="1" fbTx="0.465883055" lbTx="0.46588393" tId="4" fbRx="0.465883055" lbRx="0.46588393" />
<p fId="3" fbTx="0.465982096" lbTx="0.46598218" tId="0" fbRx="0.475982096" lbRx="0.47598218" />
<p fId="0" fbTx="0.46598218" lbTx="0.465983055" tId="1" fbRx="0.46598218" lbRx="0.465983055" />
<p fId="1" fbTx="0.465983055" lbTx="0.46598393" tId="4" fbRx="0.465983055" lbRx="0.46598393" />
<p fId="3" fbTx="0.466082096" lbTx="0.46608218" tId="0" fbRx="0.476082096" lbRx="0.47608218" />
<p fId="0" fbTx="0.46608218" lbTx="0.466083055" tId="1" fbRx="0.46608218" lbRx="0.466083055" />
<p fId="1" fbTx="0.466083055" lbTx="0.46608393" tId="4" fbRx="0.466083055" lbRx="0.46608393" />
<p fId="3" fbTx="0.466182096" lbTx="0.46618218" tId="0" fbRx="0.476182096" lbRx="0.47618218" />
<p fId="0" fbTx="0.46618218" lbTx="0.466183055" tId="1" fbRx="0.46618218" lbRx="0.466183055" />
<p fId="1" fbTx="0.466183055" lbTx="0.46618393" tId="4" fbRx="0.466183055" lbRx="0.46618393" />
<pr uId="444" fId="4" fbTx="0.466214286" />
<wpr uId="444" tId="5" fbRx="0.466214286" lbRx="0" />
<wpr uId="444" tId="6" fbRx="0.466214286" lbRx="0" />
<p fId="3" fbTx="0.466282096" lbTx="0.46628218" tId="0" fbRx="0.476282096" lbRx="0.47628218" />
<p fId="0" fbTx="0.46628218" lbTx="0.466283055" tId="1" fbRx="0.46628218" lbRx="0.466283055" />
<p fId="1" fbTx="0.466283055" lbTx="0.46628393" tId="4" fbRx="0.466283055" lbRx="0.46628393" />
<p fId="3" fbTx="0.466382096" lbTx="0.46638218" tId="0" fbRx="0.476382096" lbRx="0.47638218" />
<p fId="0" fbTx="0.46638218" lbTx="0.466383055" tId="1" fbRx="0.46638218" lbRx="0.466383055" />
<p fId="1" fbTx="0.466383055" lbTx="0.46638393" tId="4" fbRx="0.466383055" lbRx="0.46638393" />
<p fId="3" fbTx="0.466482096" lbTx="0.46648218" tId="0" fbRx="0.476482096" lbRx="0.47648218" />
<p fId="0" fbTx="0.46648218" lbTx="0.466483055" tId="1" fbRx="0.46648218" lbRx="0.466483055" />
<p fId="1" fbTx="0.466483055" lbTx="0.46648393" tId="4" fbRx="0.466483055" lbRx="0.46648393" />
<p fId="3" fbTx="0.466582096" lbTx="0.46658218" tId="0" fbRx="0.476582096" lbRx="0.47658218" />
<p fId="0" fbTx="0.46658218" lbTx="0.466583055" tId="1" fbRx="0.46658218" lbRx="0.466583055" />
<p fId="1" fbTx="0.466583055" lbTx="0.46658393" tId="4" fbRx="0.466583055" lbRx="0.46658393" />
<p fId="3" fbTx="0.466682096" lbTx="0.46668218" tId="0" fbRx="0.476682096" lbRx="0.47668218" />
<p fId="0" fbTx="0.46668218" lbTx="0.466683055" tId="1" fbRx="0.46668218" lbRx="0.466683055" />
<p fId="1" fbTx="0.466683055" lbTx="0.46668393" tId="4" fbRx="0.466683055" lbRx="0.46668393" />
<p fId="3" fbTx="0.466782096" lbTx="0.46678218" tId="0" fbRx="0.476782096" lbRx="0.47678218" />
<p fId="0" fbTx="0.46678218" lbTx="0.466783055" tId="1" fbRx="0.46678218" lbRx="0.466783055" />
<p fId="1" fbTx="0.466783055" lbTx="0.46678393" tId="4" fbRx="0.466783055" lbRx="0.46678393" />
<p fId="3" fbTx="0.466882096" lbTx="0.46688218" tId="0" fbRx="0.476882096" lbRx="0.47688218" />
<p fId="0" fbTx="0.46688218" lbTx="0.466883055" tId="1" fbRx="0.46688218" lbRx="0.466883055" />
<p fId="1" fbTx="0.466883055" lbTx="0.46688393" tId="4" fbRx="0.466883055" lbRx="0.46688393" />
<p fId="3" fbTx="0.466982096" lbTx="0.46698218" tId="0" fbRx="0.476982096" lbRx="0.47698218" />
<p fId="0" fbTx="0.46698218" lbTx="0.466983055" tId="1" fbRx="0.46698218" lbRx="0.466983055" />
<p fId="1" fbTx="0.466983055" lbTx="0.46698393" tId="4" fbRx="0.466983055" lbRx="0.46698393" />
<p fId="3" fbTx="0.467082096" lbTx="0.46708218" tId="0" fbRx="0.477082096" lbRx="0.47708218" />
<p fId="0" fbTx="0.46708218" lbTx="0.467083055" tId="1" fbRx="0.46708218" lbRx="0.467083055" />
<p fId="1" fbTx="0.467083055" lbTx="0.46708393" tId="4" fbRx="0.467083055" lbRx="0.46708393" />
<p fId="3" fbTx="0.467182096" lbTx="0.46718218" tId="0" fbRx="0.477182096" lbRx="0.47718218" />
<p fId="0" fbTx="0.46718218" lbTx="0.467183055" tId="1" fbRx="0.46718218" lbRx="0.467183055" />
<p fId="1" fbTx="0.467183055" lbTx="0.46718393" tId="4" fbRx="0.467183055" lbRx="0.46718393" />
<pr uId="445" fId="4" fbTx="0.467214286" />
<wpr uId="445" tId="5" fbRx="0.467214286" lbRx="0" />
<wpr uId="445" tId="6" fbRx="0.467214286" lbRx="0" />
<p fId="3" fbTx="0.467282096" lbTx="0.46728218" tId="0" fbRx="0.477282096" lbRx="0.47728218" />
<p fId="0" fbTx="0.46728218" lbTx="0.467283055" tId="1" fbRx="0.46728218" lbRx="0.467283055" />
<p fId="1" fbTx="0.467283055" lbTx="0.46728393" tId="4" fbRx="0.467283055" lbRx="0.46728393" />
<p fId="3" fbTx="0.467382096" lbTx="0.46738218" tId="0" fbRx="0.477382096" lbRx="0.47738218" />
<p fId="0" fbTx="0.46738218" lbTx="0.467383055" tId="1" fbRx="0.46738218" lbRx="0.467383055" />
<p fId="1" fbTx="0.467383055" lbTx="0.46738393" tId="4" fbRx="0.467383055" lbRx="0.46738393" />
<p fId="3" fbTx="0.467482096" lbTx="0.46748218" tId="0" fbRx="0.477482096" lbRx="0.47748218" />
<p fId="0" fbTx="0.46748218" lbTx="0.467483055" tId="1" fbRx="0.46748218" lbRx="0.467483055" />
<p fId="1" fbTx="0.467483055" lbTx="0.46748393" tId="4" fbRx="0.467483055" lbRx="0.46748393" />
<p fId="3" fbTx="0.467582096" lbTx="0.46758218" tId="0" fbRx="0.477582096" lbRx="0.47758218" />
<p fId="0" fbTx="0.46758218" lbTx="0.467583055" tId="1" fbRx="0.46758218" lbRx="0.467583055" />
<p fId="1" fbTx="0.467583055" lbTx="0.46758393" tId="4" fbRx="0.467583055" lbRx="0.46758393" />
<p fId="3" fbTx="0.467682096" lbTx="0.46768218" tId="0" fbRx="0.477682096" lbRx="0.47768218" />
<p fId="0" fbTx="0.46768218" lbTx="0.467683055" tId="1" fbRx="0.46768218" lbRx="0.467683055" />
<p fId="1" fbTx="0.467683055" lbTx="0.46768393" tId="4" fbRx="0.467683055" lbRx="0.46768393" />
<p fId="3" fbTx="0.467782096" lbTx="0.46778218" tId="0" fbRx="0.477782096" lbRx="0.47778218" />
<p fId="0" fbTx="0.46778218" lbTx="0.467783055" tId="1" fbRx="0.46778218" lbRx="0.467783055" />
<p fId="1" fbTx="0.467783055" lbTx="0.46778393" tId="4" fbRx="0.467783055" lbRx="0.46778393" />
<p fId="3" fbTx="0.467882096" lbTx="0.46788218" tId="0" fbRx="0.477882096" lbRx="0.47788218" />
<p fId="0" fbTx="0.46788218" lbTx="0.467883055" tId="1" fbRx="0.46788218" lbRx="0.467883055" />
<p fId="1" fbTx="0.467883055" lbTx="0.46788393" tId="4" fbRx="0.467883055" lbRx="0.46788393" />
<p fId="3" fbTx="0.467982096" lbTx="0.46798218" tId="0" fbRx="0.477982096" lbRx="0.47798218" />
<p fId="0" fbTx="0.46798218" lbTx="0.467983055" tId="1" fbRx="0.46798218" lbRx="0.467983055" />
<p fId="1" fbTx="0.467983055" lbTx="0.46798393" tId="4" fbRx="0.467983055" lbRx="0.46798393" />
<p fId="3" fbTx="0.468082096" lbTx="0.46808218" tId="0" fbRx="0.478082096" lbRx="0.47808218" />
<p fId="0" fbTx="0.46808218" lbTx="0.468083055" tId="1" fbRx="0.46808218" lbRx="0.468083055" />
<p fId="1" fbTx="0.468083055" lbTx="0.46808393" tId="4" fbRx="0.468083055" lbRx="0.46808393" />
<p fId="3" fbTx="0.468182096" lbTx="0.46818218" tId="0" fbRx="0.478182096" lbRx="0.47818218" />
<p fId="0" fbTx="0.46818218" lbTx="0.468183055" tId="1" fbRx="0.46818218" lbRx="0.468183055" />
<p fId="1" fbTx="0.468183055" lbTx="0.46818393" tId="4" fbRx="0.468183055" lbRx="0.46818393" />
<pr uId="446" fId="4" fbTx="0.468214286" />
<wpr uId="446" tId="5" fbRx="0.468214286" lbRx="0" />
<wpr uId="446" tId="6" fbRx="0.468214286" lbRx="0" />
<p fId="3" fbTx="0.468282096" lbTx="0.46828218" tId="0" fbRx="0.478282096" lbRx="0.47828218" />
<p fId="0" fbTx="0.46828218" lbTx="0.468283055" tId="1" fbRx="0.46828218" lbRx="0.468283055" />
<p fId="1" fbTx="0.468283055" lbTx="0.46828393" tId="4" fbRx="0.468283055" lbRx="0.46828393" />
<p fId="3" fbTx="0.468382096" lbTx="0.46838218" tId="0" fbRx="0.478382096" lbRx="0.47838218" />
<p fId="0" fbTx="0.46838218" lbTx="0.468383055" tId="1" fbRx="0.46838218" lbRx="0.468383055" />
<p fId="1" fbTx="0.468383055" lbTx="0.46838393" tId="4" fbRx="0.468383055" lbRx="0.46838393" />
<p fId="3" fbTx="0.468482096" lbTx="0.46848218" tId="0" fbRx="0.478482096" lbRx="0.47848218" />
<p fId="0" fbTx="0.46848218" lbTx="0.468483055" tId="1" fbRx="0.46848218" lbRx="0.468483055" />
<p fId="1" fbTx="0.468483055" lbTx="0.46848393" tId="4" fbRx="0.468483055" lbRx="0.46848393" />
<p fId="3" fbTx="0.468582096" lbTx="0.46858218" tId="0" fbRx="0.478582096" lbRx="0.47858218" />
<p fId="0" fbTx="0.46858218" lbTx="0.468583055" tId="1" fbRx="0.46858218" lbRx="0.468583055" />
<p fId="1" fbTx="0.468583055" lbTx="0.46858393" tId="4" fbRx="0.468583055" lbRx="0.46858393" />
<p fId="3" fbTx="0.468682096" lbTx="0.46868218" tId="0" fbRx="0.478682096" lbRx="0.47868218" />
<p fId="0" fbTx="0.46868218" lbTx="0.468683055" tId="1" fbRx="0.46868218" lbRx="0.468683055" />
<p fId="1" fbTx="0.468683055" lbTx="0.46868393" tId="4" fbRx="0.468683055" lbRx="0.46868393" />
<p fId="3" fbTx="0.468782096" lbTx="0.46878218" tId="0" fbRx="0.478782096" lbRx="0.47878218" />
<p fId="0" fbTx="0.46878218" lbTx="0.468783055" tId="1" fbRx="0.46878218" lbRx="0.468783055" />
<p fId="1" fbTx="0.468783055" lbTx="0.46878393" tId="4" fbRx="0.468783055" lbRx="0.46878393" />
<p fId="3" fbTx="0.468882096" lbTx="0.46888218" tId="0" fbRx="0.478882096" lbRx="0.47888218" />
<p fId="0" fbTx="0.46888218" lbTx="0.468883055" tId="1" fbRx="0.46888218" lbRx="0.468883055" />
<p fId="1" fbTx="0.468883055" lbTx="0.46888393" tId="4" fbRx="0.468883055" lbRx="0.46888393" />
<p fId="3" fbTx="0.468982096" lbTx="0.46898218" tId="0" fbRx="0.478982096" lbRx="0.47898218" />
<p fId="0" fbTx="0.46898218" lbTx="0.468983055" tId="1" fbRx="0.46898218" lbRx="0.468983055" />
<p fId="1" fbTx="0.468983055" lbTx="0.46898393" tId="4" fbRx="0.468983055" lbRx="0.46898393" />
<p fId="3" fbTx="0.469082096" lbTx="0.46908218" tId="0" fbRx="0.479082096" lbRx="0.47908218" />
<p fId="0" fbTx="0.46908218" lbTx="0.469083055" tId="1" fbRx="0.46908218" lbRx="0.469083055" />
<p fId="1" fbTx="0.469083055" lbTx="0.46908393" tId="4" fbRx="0.469083055" lbRx="0.46908393" />
<p fId="3" fbTx="0.469182096" lbTx="0.46918218" tId="0" fbRx="0.479182096" lbRx="0.47918218" />
<p fId="0" fbTx="0.46918218" lbTx="0.469183055" tId="1" fbRx="0.46918218" lbRx="0.469183055" />
<p fId="1" fbTx="0.469183055" lbTx="0.46918393" tId="4" fbRx="0.469183055" lbRx="0.46918393" />
<pr uId="447" fId="4" fbTx="0.469214286" />
<wpr uId="447" tId="5" fbRx="0.469214286" lbRx="0" />
<wpr uId="447" tId="6" fbRx="0.469214286" lbRx="0" />
<p fId="3" fbTx="0.469282096" lbTx="0.46928218" tId="0" fbRx="0.479282096" lbRx="0.47928218" />
<p fId="0" fbTx="0.46928218" lbTx="0.469283055" tId="1" fbRx="0.46928218" lbRx="0.469283055" />
<p fId="1" fbTx="0.469283055" lbTx="0.46928393" tId="4" fbRx="0.469283055" lbRx="0.46928393" />
<p fId="3" fbTx="0.469382096" lbTx="0.46938218" tId="0" fbRx="0.479382096" lbRx="0.47938218" />
<p fId="0" fbTx="0.46938218" lbTx="0.469383055" tId="1" fbRx="0.46938218" lbRx="0.469383055" />
<p fId="1" fbTx="0.469383055" lbTx="0.46938393" tId="4" fbRx="0.469383055" lbRx="0.46938393" />
<p fId="3" fbTx="0.469482096" lbTx="0.46948218" tId="0" fbRx="0.479482096" lbRx="0.47948218" />
<p fId="0" fbTx="0.46948218" lbTx="0.469483055" tId="1" fbRx="0.46948218" lbRx="0.469483055" />
<p fId="1" fbTx="0.469483055" lbTx="0.46948393" tId="4" fbRx="0.469483055" lbRx="0.46948393" />
<p fId="3" fbTx="0.469582096" lbTx="0.46958218" tId="0" fbRx="0.479582096" lbRx="0.47958218" />
<p fId="0" fbTx="0.46958218" lbTx="0.469583055" tId="1" fbRx="0.46958218" lbRx="0.469583055" />
<p fId="1" fbTx="0.469583055" lbTx="0.46958393" tId="4" fbRx="0.469583055" lbRx="0.46958393" />
<p fId="3" fbTx="0.469682096" lbTx="0.46968218" tId="0" fbRx="0.479682096" lbRx="0.47968218" />
<p fId="0" fbTx="0.46968218" lbTx="0.469683055" tId="1" fbRx="0.46968218" lbRx="0.469683055" />
<p fId="1" fbTx="0.469683055" lbTx="0.46968393" tId="4" fbRx="0.469683055" lbRx="0.46968393" />
<p fId="3" fbTx="0.469782096" lbTx="0.46978218" tId="0" fbRx="0.479782096" lbRx="0.47978218" />
<p fId="0" fbTx="0.46978218" lbTx="0.469783055" tId="1" fbRx="0.46978218" lbRx="0.469783055" />
<p fId="1" fbTx="0.469783055" lbTx="0.46978393" tId="4" fbRx="0.469783055" lbRx="0.46978393" />
<p fId="3" fbTx="0.469882096" lbTx="0.46988218" tId="0" fbRx="0.479882096" lbRx="0.47988218" />
<p fId="0" fbTx="0.46988218" lbTx="0.469883055" tId="1" fbRx="0.46988218" lbRx="0.469883055" />
<p fId="1" fbTx="0.469883055" lbTx="0.46988393" tId="4" fbRx="0.469883055" lbRx="0.46988393" />
<p fId="3" fbTx="0.469982096" lbTx="0.46998218" tId="0" fbRx="0.479982096" lbRx="0.47998218" />
<p fId="0" fbTx="0.46998218" lbTx="0.469983055" tId="1" fbRx="0.46998218" lbRx="0.469983055" />
<p fId="1" fbTx="0.469983055" lbTx="0.46998393" tId="4" fbRx="0.469983055" lbRx="0.46998393" />
<p fId="3" fbTx="0.470082096" lbTx="0.47008218" tId="0" fbRx="0.480082096" lbRx="0.48008218" />
<p fId="0" fbTx="0.47008218" lbTx="0.470083055" tId="1" fbRx="0.47008218" lbRx="0.470083055" />
<p fId="1" fbTx="0.470083055" lbTx="0.47008393" tId="4" fbRx="0.470083055" lbRx="0.47008393" />
<p fId="3" fbTx="0.470182096" lbTx="0.47018218" tId="0" fbRx="0.480182096" lbRx="0.48018218" />
<p fId="0" fbTx="0.47018218" lbTx="0.470183055" tId="1" fbRx="0.47018218" lbRx="0.470183055" />
<p fId="1" fbTx="0.470183055" lbTx="0.47018393" tId="4" fbRx="0.470183055" lbRx="0.47018393" />
<pr uId="448" fId="4" fbTx="0.470214286" />
<wpr uId="448" tId="5" fbRx="0.470214286" lbRx="0" />
<wpr uId="448" tId="6" fbRx="0.470214286" lbRx="0" />
<p fId="3" fbTx="0.470282096" lbTx="0.47028218" tId="0" fbRx="0.480282096" lbRx="0.48028218" />
<p fId="0" fbTx="0.47028218" lbTx="0.470283055" tId="1" fbRx="0.47028218" lbRx="0.470283055" />
<p fId="1" fbTx="0.470283055" lbTx="0.47028393" tId="4" fbRx="0.470283055" lbRx="0.47028393" />
<p fId="3" fbTx="0.470382096" lbTx="0.47038218" tId="0" fbRx="0.480382096" lbRx="0.48038218" />
<p fId="0" fbTx="0.47038218" lbTx="0.470383055" tId="1" fbRx="0.47038218" lbRx="0.470383055" />
<p fId="1" fbTx="0.470383055" lbTx="0.47038393" tId="4" fbRx="0.470383055" lbRx="0.47038393" />
<p fId="3" fbTx="0.470482096" lbTx="0.47048218" tId="0" fbRx="0.480482096" lbRx="0.48048218" />
<p fId="0" fbTx="0.47048218" lbTx="0.470483055" tId="1" fbRx="0.47048218" lbRx="0.470483055" />
<p fId="1" fbTx="0.470483055" lbTx="0.47048393" tId="4" fbRx="0.470483055" lbRx="0.47048393" />
<p fId="3" fbTx="0.470582096" lbTx="0.47058218" tId="0" fbRx="0.480582096" lbRx="0.48058218" />
<p fId="0" fbTx="0.47058218" lbTx="0.470583055" tId="1" fbRx="0.47058218" lbRx="0.470583055" />
<p fId="1" fbTx="0.470583055" lbTx="0.47058393" tId="4" fbRx="0.470583055" lbRx="0.47058393" />
<p fId="3" fbTx="0.470682096" lbTx="0.47068218" tId="0" fbRx="0.480682096" lbRx="0.48068218" />
<p fId="0" fbTx="0.47068218" lbTx="0.470683055" tId="1" fbRx="0.47068218" lbRx="0.470683055" />
<p fId="1" fbTx="0.470683055" lbTx="0.47068393" tId="4" fbRx="0.470683055" lbRx="0.47068393" />
<p fId="3" fbTx="0.470782096" lbTx="0.47078218" tId="0" fbRx="0.480782096" lbRx="0.48078218" />
<p fId="0" fbTx="0.47078218" lbTx="0.470783055" tId="1" fbRx="0.47078218" lbRx="0.470783055" />
<p fId="1" fbTx="0.470783055" lbTx="0.47078393" tId="4" fbRx="0.470783055" lbRx="0.47078393" />
<p fId="3" fbTx="0.470882096" lbTx="0.47088218" tId="0" fbRx="0.480882096" lbRx="0.48088218" />
<p fId="0" fbTx="0.47088218" lbTx="0.470883055" tId="1" fbRx="0.47088218" lbRx="0.470883055" />
<p fId="1" fbTx="0.470883055" lbTx="0.47088393" tId="4" fbRx="0.470883055" lbRx="0.47088393" />
<p fId="3" fbTx="0.470982096" lbTx="0.47098218" tId="0" fbRx="0.480982096" lbRx="0.48098218" />
<p fId="0" fbTx="0.47098218" lbTx="0.470983055" tId="1" fbRx="0.47098218" lbRx="0.470983055" />
<p fId="1" fbTx="0.470983055" lbTx="0.47098393" tId="4" fbRx="0.470983055" lbRx="0.47098393" />
<p fId="3" fbTx="0.471082096" lbTx="0.47108218" tId="0" fbRx="0.481082096" lbRx="0.48108218" />
<p fId="0" fbTx="0.47108218" lbTx="0.471083055" tId="1" fbRx="0.47108218" lbRx="0.471083055" />
<p fId="1" fbTx="0.471083055" lbTx="0.47108393" tId="4" fbRx="0.471083055" lbRx="0.47108393" />
<p fId="3" fbTx="0.471182096" lbTx="0.47118218" tId="0" fbRx="0.481182096" lbRx="0.48118218" />
<p fId="0" fbTx="0.47118218" lbTx="0.471183055" tId="1" fbRx="0.47118218" lbRx="0.471183055" />
<p fId="1" fbTx="0.471183055" lbTx="0.47118393" tId="4" fbRx="0.471183055" lbRx="0.47118393" />
<pr uId="449" fId="4" fbTx="0.471214286" />
<wpr uId="449" tId="5" fbRx="0.471214286" lbRx="0" />
<wpr uId="449" tId="6" fbRx="0.471214286" lbRx="0" />
<p fId="3" fbTx="0.471282096" lbTx="0.47128218" tId="0" fbRx="0.481282096" lbRx="0.48128218" />
<p fId="0" fbTx="0.47128218" lbTx="0.471283055" tId="1" fbRx="0.47128218" lbRx="0.471283055" />
<p fId="1" fbTx="0.471283055" lbTx="0.47128393" tId="4" fbRx="0.471283055" lbRx="0.47128393" />
<p fId="3" fbTx="0.471382096" lbTx="0.47138218" tId="0" fbRx="0.481382096" lbRx="0.48138218" />
<p fId="0" fbTx="0.47138218" lbTx="0.471383055" tId="1" fbRx="0.47138218" lbRx="0.471383055" />
<p fId="1" fbTx="0.471383055" lbTx="0.47138393" tId="4" fbRx="0.471383055" lbRx="0.47138393" />
<p fId="3" fbTx="0.471482096" lbTx="0.47148218" tId="0" fbRx="0.481482096" lbRx="0.48148218" />
<p fId="0" fbTx="0.47148218" lbTx="0.471483055" tId="1" fbRx="0.47148218" lbRx="0.471483055" />
<p fId="1" fbTx="0.471483055" lbTx="0.47148393" tId="4" fbRx="0.471483055" lbRx="0.47148393" />
<p fId="3" fbTx="0.471582096" lbTx="0.47158218" tId="0" fbRx="0.481582096" lbRx="0.48158218" />
<p fId="0" fbTx="0.47158218" lbTx="0.471583055" tId="1" fbRx="0.47158218" lbRx="0.471583055" />
<p fId="1" fbTx="0.471583055" lbTx="0.47158393" tId="4" fbRx="0.471583055" lbRx="0.47158393" />
<p fId="3" fbTx="0.471682096" lbTx="0.47168218" tId="0" fbRx="0.481682096" lbRx="0.48168218" />
<p fId="0" fbTx="0.47168218" lbTx="0.471683055" tId="1" fbRx="0.47168218" lbRx="0.471683055" />
<p fId="1" fbTx="0.471683055" lbTx="0.47168393" tId="4" fbRx="0.471683055" lbRx="0.47168393" />
<p fId="3" fbTx="0.471782096" lbTx="0.47178218" tId="0" fbRx="0.481782096" lbRx="0.48178218" />
<p fId="0" fbTx="0.47178218" lbTx="0.471783055" tId="1" fbRx="0.47178218" lbRx="0.471783055" />
<p fId="1" fbTx="0.471783055" lbTx="0.47178393" tId="4" fbRx="0.471783055" lbRx="0.47178393" />
<p fId="3" fbTx="0.471882096" lbTx="0.47188218" tId="0" fbRx="0.481882096" lbRx="0.48188218" />
<p fId="0" fbTx="0.47188218" lbTx="0.471883055" tId="1" fbRx="0.47188218" lbRx="0.471883055" />
<p fId="1" fbTx="0.471883055" lbTx="0.47188393" tId="4" fbRx="0.471883055" lbRx="0.47188393" />
<p fId="3" fbTx="0.471982096" lbTx="0.47198218" tId="0" fbRx="0.481982096" lbRx="0.48198218" />
<p fId="0" fbTx="0.47198218" lbTx="0.471983055" tId="1" fbRx="0.47198218" lbRx="0.471983055" />
<p fId="1" fbTx="0.471983055" lbTx="0.47198393" tId="4" fbRx="0.471983055" lbRx="0.47198393" />
<p fId="3" fbTx="0.472082096" lbTx="0.47208218" tId="0" fbRx="0.482082096" lbRx="0.48208218" />
<p fId="0" fbTx="0.47208218" lbTx="0.472083055" tId="1" fbRx="0.47208218" lbRx="0.472083055" />
<p fId="1" fbTx="0.472083055" lbTx="0.47208393" tId="4" fbRx="0.472083055" lbRx="0.47208393" />
<p fId="3" fbTx="0.472182096" lbTx="0.47218218" tId="0" fbRx="0.482182096" lbRx="0.48218218" />
<p fId="0" fbTx="0.47218218" lbTx="0.472183055" tId="1" fbRx="0.47218218" lbRx="0.472183055" />
<p fId="1" fbTx="0.472183055" lbTx="0.47218393" tId="4" fbRx="0.472183055" lbRx="0.47218393" />
<pr uId="450" fId="4" fbTx="0.472214286" />
<wpr uId="450" tId="5" fbRx="0.472214286" lbRx="0" />
<wpr uId="450" tId="6" fbRx="0.472214286" lbRx="0" />
<p fId="3" fbTx="0.472282096" lbTx="0.47228218" tId="0" fbRx="0.482282096" lbRx="0.48228218" />
<p fId="0" fbTx="0.47228218" lbTx="0.472283055" tId="1" fbRx="0.47228218" lbRx="0.472283055" />
<p fId="1" fbTx="0.472283055" lbTx="0.47228393" tId="4" fbRx="0.472283055" lbRx="0.47228393" />
<p fId="3" fbTx="0.472382096" lbTx="0.47238218" tId="0" fbRx="0.482382096" lbRx="0.48238218" />
<p fId="0" fbTx="0.47238218" lbTx="0.472383055" tId="1" fbRx="0.47238218" lbRx="0.472383055" />
<p fId="1" fbTx="0.472383055" lbTx="0.47238393" tId="4" fbRx="0.472383055" lbRx="0.47238393" />
<p fId="3" fbTx="0.472482096" lbTx="0.47248218" tId="0" fbRx="0.482482096" lbRx="0.48248218" />
<p fId="0" fbTx="0.47248218" lbTx="0.472483055" tId="1" fbRx="0.47248218" lbRx="0.472483055" />
<p fId="1" fbTx="0.472483055" lbTx="0.47248393" tId="4" fbRx="0.472483055" lbRx="0.47248393" />
<p fId="3" fbTx="0.472582096" lbTx="0.47258218" tId="0" fbRx="0.482582096" lbRx="0.48258218" />
<p fId="0" fbTx="0.47258218" lbTx="0.472583055" tId="1" fbRx="0.47258218" lbRx="0.472583055" />
<p fId="1" fbTx="0.472583055" lbTx="0.47258393" tId="4" fbRx="0.472583055" lbRx="0.47258393" />
<p fId="3" fbTx="0.472682096" lbTx="0.47268218" tId="0" fbRx="0.482682096" lbRx="0.48268218" />
<p fId="0" fbTx="0.47268218" lbTx="0.472683055" tId="1" fbRx="0.47268218" lbRx="0.472683055" />
<p fId="1" fbTx="0.472683055" lbTx="0.47268393" tId="4" fbRx="0.472683055" lbRx="0.47268393" />
<p fId="3" fbTx="0.472782096" lbTx="0.47278218" tId="0" fbRx="0.482782096" lbRx="0.48278218" />
<p fId="0" fbTx="0.47278218" lbTx="0.472783055" tId="1" fbRx="0.47278218" lbRx="0.472783055" />
<p fId="1" fbTx="0.472783055" lbTx="0.47278393" tId="4" fbRx="0.472783055" lbRx="0.47278393" />
<p fId="3" fbTx="0.472882096" lbTx="0.47288218" tId="0" fbRx="0.482882096" lbRx="0.48288218" />
<p fId="0" fbTx="0.47288218" lbTx="0.472883055" tId="1" fbRx="0.47288218" lbRx="0.472883055" />
<p fId="1" fbTx="0.472883055" lbTx="0.47288393" tId="4" fbRx="0.472883055" lbRx="0.47288393" />
<p fId="3" fbTx="0.472982096" lbTx="0.47298218" tId="0" fbRx="0.482982096" lbRx="0.48298218" />
<p fId="0" fbTx="0.47298218" lbTx="0.472983055" tId="1" fbRx="0.47298218" lbRx="0.472983055" />
<p fId="1" fbTx="0.472983055" lbTx="0.47298393" tId="4" fbRx="0.472983055" lbRx="0.47298393" />
<p fId="3" fbTx="0.473082096" lbTx="0.47308218" tId="0" fbRx="0.483082096" lbRx="0.48308218" />
<p fId="0" fbTx="0.47308218" lbTx="0.473083055" tId="1" fbRx="0.47308218" lbRx="0.473083055" />
<p fId="1" fbTx="0.473083055" lbTx="0.47308393" tId="4" fbRx="0.473083055" lbRx="0.47308393" />
<p fId="3" fbTx="0.473182096" lbTx="0.47318218" tId="0" fbRx="0.483182096" lbRx="0.48318218" />
<p fId="0" fbTx="0.47318218" lbTx="0.473183055" tId="1" fbRx="0.47318218" lbRx="0.473183055" />
<p fId="1" fbTx="0.473183055" lbTx="0.47318393" tId="4" fbRx="0.473183055" lbRx="0.47318393" />
<pr uId="451" fId="4" fbTx="0.473214286" />
<wpr uId="451" tId="5" fbRx="0.473214286" lbRx="0" />
<wpr uId="451" tId="6" fbRx="0.473214286" lbRx="0" />
<p fId="3" fbTx="0.473282096" lbTx="0.47328218" tId="0" fbRx="0.483282096" lbRx="0.48328218" />
<p fId="0" fbTx="0.47328218" lbTx="0.473283055" tId="1" fbRx="0.47328218" lbRx="0.473283055" />
<p fId="1" fbTx="0.473283055" lbTx="0.47328393" tId="4" fbRx="0.473283055" lbRx="0.47328393" />
<p fId="3" fbTx="0.473382096" lbTx="0.47338218" tId="0" fbRx="0.483382096" lbRx="0.48338218" />
<p fId="0" fbTx="0.47338218" lbTx="0.473383055" tId="1" fbRx="0.47338218" lbRx="0.473383055" />
<p fId="1" fbTx="0.473383055" lbTx="0.47338393" tId="4" fbRx="0.473383055" lbRx="0.47338393" />
<p fId="3" fbTx="0.473482096" lbTx="0.47348218" tId="0" fbRx="0.483482096" lbRx="0.48348218" />
<p fId="0" fbTx="0.47348218" lbTx="0.473483055" tId="1" fbRx="0.47348218" lbRx="0.473483055" />
<p fId="1" fbTx="0.473483055" lbTx="0.47348393" tId="4" fbRx="0.473483055" lbRx="0.47348393" />
<p fId="3" fbTx="0.473582096" lbTx="0.47358218" tId="0" fbRx="0.483582096" lbRx="0.48358218" />
<p fId="0" fbTx="0.47358218" lbTx="0.473583055" tId="1" fbRx="0.47358218" lbRx="0.473583055" />
<p fId="1" fbTx="0.473583055" lbTx="0.47358393" tId="4" fbRx="0.473583055" lbRx="0.47358393" />
<p fId="3" fbTx="0.473682096" lbTx="0.47368218" tId="0" fbRx="0.483682096" lbRx="0.48368218" />
<p fId="0" fbTx="0.47368218" lbTx="0.473683055" tId="1" fbRx="0.47368218" lbRx="0.473683055" />
<p fId="1" fbTx="0.473683055" lbTx="0.47368393" tId="4" fbRx="0.473683055" lbRx="0.47368393" />
<p fId="3" fbTx="0.473782096" lbTx="0.47378218" tId="0" fbRx="0.483782096" lbRx="0.48378218" />
<p fId="0" fbTx="0.47378218" lbTx="0.473783055" tId="1" fbRx="0.47378218" lbRx="0.473783055" />
<p fId="1" fbTx="0.473783055" lbTx="0.47378393" tId="4" fbRx="0.473783055" lbRx="0.47378393" />
<p fId="3" fbTx="0.473882096" lbTx="0.47388218" tId="0" fbRx="0.483882096" lbRx="0.48388218" />
<p fId="0" fbTx="0.47388218" lbTx="0.473883055" tId="1" fbRx="0.47388218" lbRx="0.473883055" />
<p fId="1" fbTx="0.473883055" lbTx="0.47388393" tId="4" fbRx="0.473883055" lbRx="0.47388393" />
<p fId="3" fbTx="0.473982096" lbTx="0.47398218" tId="0" fbRx="0.483982096" lbRx="0.48398218" />
<p fId="0" fbTx="0.47398218" lbTx="0.473983055" tId="1" fbRx="0.47398218" lbRx="0.473983055" />
<p fId="1" fbTx="0.473983055" lbTx="0.47398393" tId="4" fbRx="0.473983055" lbRx="0.47398393" />
<p fId="3" fbTx="0.474082096" lbTx="0.47408218" tId="0" fbRx="0.484082096" lbRx="0.48408218" />
<p fId="0" fbTx="0.47408218" lbTx="0.474083055" tId="1" fbRx="0.47408218" lbRx="0.474083055" />
<p fId="1" fbTx="0.474083055" lbTx="0.47408393" tId="4" fbRx="0.474083055" lbRx="0.47408393" />
<p fId="3" fbTx="0.474182096" lbTx="0.47418218" tId="0" fbRx="0.484182096" lbRx="0.48418218" />
<p fId="0" fbTx="0.47418218" lbTx="0.474183055" tId="1" fbRx="0.47418218" lbRx="0.474183055" />
<p fId="1" fbTx="0.474183055" lbTx="0.47418393" tId="4" fbRx="0.474183055" lbRx="0.47418393" />
<pr uId="452" fId="4" fbTx="0.474214286" />
<wpr uId="452" tId="5" fbRx="0.474214286" lbRx="0" />
<wpr uId="452" tId="6" fbRx="0.474214286" lbRx="0" />
<p fId="3" fbTx="0.474282096" lbTx="0.47428218" tId="0" fbRx="0.484282096" lbRx="0.48428218" />
<p fId="0" fbTx="0.47428218" lbTx="0.474283055" tId="1" fbRx="0.47428218" lbRx="0.474283055" />
<p fId="1" fbTx="0.474283055" lbTx="0.47428393" tId="4" fbRx="0.474283055" lbRx="0.47428393" />
<p fId="3" fbTx="0.474382096" lbTx="0.47438218" tId="0" fbRx="0.484382096" lbRx="0.48438218" />
<p fId="0" fbTx="0.47438218" lbTx="0.474383055" tId="1" fbRx="0.47438218" lbRx="0.474383055" />
<p fId="1" fbTx="0.474383055" lbTx="0.47438393" tId="4" fbRx="0.474383055" lbRx="0.47438393" />
<p fId="3" fbTx="0.474482096" lbTx="0.47448218" tId="0" fbRx="0.484482096" lbRx="0.48448218" />
<p fId="0" fbTx="0.47448218" lbTx="0.474483055" tId="1" fbRx="0.47448218" lbRx="0.474483055" />
<p fId="1" fbTx="0.474483055" lbTx="0.47448393" tId="4" fbRx="0.474483055" lbRx="0.47448393" />
<p fId="3" fbTx="0.474582096" lbTx="0.47458218" tId="0" fbRx="0.484582096" lbRx="0.48458218" />
<p fId="0" fbTx="0.47458218" lbTx="0.474583055" tId="1" fbRx="0.47458218" lbRx="0.474583055" />
<p fId="1" fbTx="0.474583055" lbTx="0.47458393" tId="4" fbRx="0.474583055" lbRx="0.47458393" />
<p fId="3" fbTx="0.474682096" lbTx="0.47468218" tId="0" fbRx="0.484682096" lbRx="0.48468218" />
<p fId="0" fbTx="0.47468218" lbTx="0.474683055" tId="1" fbRx="0.47468218" lbRx="0.474683055" />
<p fId="1" fbTx="0.474683055" lbTx="0.47468393" tId="4" fbRx="0.474683055" lbRx="0.47468393" />
<p fId="3" fbTx="0.474782096" lbTx="0.47478218" tId="0" fbRx="0.484782096" lbRx="0.48478218" />
<p fId="0" fbTx="0.47478218" lbTx="0.474783055" tId="1" fbRx="0.47478218" lbRx="0.474783055" />
<p fId="1" fbTx="0.474783055" lbTx="0.47478393" tId="4" fbRx="0.474783055" lbRx="0.47478393" />
<p fId="3" fbTx="0.474882096" lbTx="0.47488218" tId="0" fbRx="0.484882096" lbRx="0.48488218" />
<p fId="0" fbTx="0.47488218" lbTx="0.474883055" tId="1" fbRx="0.47488218" lbRx="0.474883055" />
<p fId="1" fbTx="0.474883055" lbTx="0.47488393" tId="4" fbRx="0.474883055" lbRx="0.47488393" />
<p fId="3" fbTx="0.474982096" lbTx="0.47498218" tId="0" fbRx="0.484982096" lbRx="0.48498218" />
<p fId="0" fbTx="0.47498218" lbTx="0.474983055" tId="1" fbRx="0.47498218" lbRx="0.474983055" />
<p fId="1" fbTx="0.474983055" lbTx="0.47498393" tId="4" fbRx="0.474983055" lbRx="0.47498393" />
<p fId="3" fbTx="0.475082096" lbTx="0.47508218" tId="0" fbRx="0.485082096" lbRx="0.48508218" />
<p fId="0" fbTx="0.47508218" lbTx="0.475083055" tId="1" fbRx="0.47508218" lbRx="0.475083055" />
<p fId="1" fbTx="0.475083055" lbTx="0.47508393" tId="4" fbRx="0.475083055" lbRx="0.47508393" />
<p fId="3" fbTx="0.475182096" lbTx="0.47518218" tId="0" fbRx="0.485182096" lbRx="0.48518218" />
<p fId="0" fbTx="0.47518218" lbTx="0.475183055" tId="1" fbRx="0.47518218" lbRx="0.475183055" />
<p fId="1" fbTx="0.475183055" lbTx="0.47518393" tId="4" fbRx="0.475183055" lbRx="0.47518393" />
<pr uId="453" fId="4" fbTx="0.475214286" />
<wpr uId="453" tId="5" fbRx="0.475214286" lbRx="0" />
<wpr uId="453" tId="6" fbRx="0.475214286" lbRx="0" />
<p fId="3" fbTx="0.475282096" lbTx="0.47528218" tId="0" fbRx="0.485282096" lbRx="0.48528218" />
<p fId="0" fbTx="0.47528218" lbTx="0.475283055" tId="1" fbRx="0.47528218" lbRx="0.475283055" />
<p fId="1" fbTx="0.475283055" lbTx="0.47528393" tId="4" fbRx="0.475283055" lbRx="0.47528393" />
<p fId="3" fbTx="0.475382096" lbTx="0.47538218" tId="0" fbRx="0.485382096" lbRx="0.48538218" />
<p fId="0" fbTx="0.47538218" lbTx="0.475383055" tId="1" fbRx="0.47538218" lbRx="0.475383055" />
<p fId="1" fbTx="0.475383055" lbTx="0.47538393" tId="4" fbRx="0.475383055" lbRx="0.47538393" />
<p fId="3" fbTx="0.475482096" lbTx="0.47548218" tId="0" fbRx="0.485482096" lbRx="0.48548218" />
<p fId="0" fbTx="0.47548218" lbTx="0.475483055" tId="1" fbRx="0.47548218" lbRx="0.475483055" />
<p fId="1" fbTx="0.475483055" lbTx="0.47548393" tId="4" fbRx="0.475483055" lbRx="0.47548393" />
<p fId="3" fbTx="0.475582096" lbTx="0.47558218" tId="0" fbRx="0.485582096" lbRx="0.48558218" />
<p fId="0" fbTx="0.47558218" lbTx="0.475583055" tId="1" fbRx="0.47558218" lbRx="0.475583055" />
<p fId="1" fbTx="0.475583055" lbTx="0.47558393" tId="4" fbRx="0.475583055" lbRx="0.47558393" />
<p fId="3" fbTx="0.475682096" lbTx="0.47568218" tId="0" fbRx="0.485682096" lbRx="0.48568218" />
<p fId="0" fbTx="0.47568218" lbTx="0.475683055" tId="1" fbRx="0.47568218" lbRx="0.475683055" />
<p fId="1" fbTx="0.475683055" lbTx="0.47568393" tId="4" fbRx="0.475683055" lbRx="0.47568393" />
<p fId="3" fbTx="0.475782096" lbTx="0.47578218" tId="0" fbRx="0.485782096" lbRx="0.48578218" />
<p fId="0" fbTx="0.47578218" lbTx="0.475783055" tId="1" fbRx="0.47578218" lbRx="0.475783055" />
<p fId="1" fbTx="0.475783055" lbTx="0.47578393" tId="4" fbRx="0.475783055" lbRx="0.47578393" />
<p fId="3" fbTx="0.475882096" lbTx="0.47588218" tId="0" fbRx="0.485882096" lbRx="0.48588218" />
<p fId="0" fbTx="0.47588218" lbTx="0.475883055" tId="1" fbRx="0.47588218" lbRx="0.475883055" />
<p fId="1" fbTx="0.475883055" lbTx="0.47588393" tId="4" fbRx="0.475883055" lbRx="0.47588393" />
<p fId="3" fbTx="0.475982096" lbTx="0.47598218" tId="0" fbRx="0.485982096" lbRx="0.48598218" />
<p fId="0" fbTx="0.47598218" lbTx="0.475983055" tId="1" fbRx="0.47598218" lbRx="0.475983055" />
<p fId="1" fbTx="0.475983055" lbTx="0.47598393" tId="4" fbRx="0.475983055" lbRx="0.47598393" />
<p fId="3" fbTx="0.476082096" lbTx="0.47608218" tId="0" fbRx="0.486082096" lbRx="0.48608218" />
<p fId="0" fbTx="0.47608218" lbTx="0.476083055" tId="1" fbRx="0.47608218" lbRx="0.476083055" />
<p fId="1" fbTx="0.476083055" lbTx="0.47608393" tId="4" fbRx="0.476083055" lbRx="0.47608393" />
<p fId="3" fbTx="0.476182096" lbTx="0.47618218" tId="0" fbRx="0.486182096" lbRx="0.48618218" />
<p fId="0" fbTx="0.47618218" lbTx="0.476183055" tId="1" fbRx="0.47618218" lbRx="0.476183055" />
<p fId="1" fbTx="0.476183055" lbTx="0.47618393" tId="4" fbRx="0.476183055" lbRx="0.47618393" />
<pr uId="454" fId="4" fbTx="0.476214286" />
<wpr uId="454" tId="5" fbRx="0.476214286" lbRx="0" />
<wpr uId="454" tId="6" fbRx="0.476214286" lbRx="0" />
<p fId="3" fbTx="0.476282096" lbTx="0.47628218" tId="0" fbRx="0.486282096" lbRx="0.48628218" />
<p fId="0" fbTx="0.47628218" lbTx="0.476283055" tId="1" fbRx="0.47628218" lbRx="0.476283055" />
<p fId="1" fbTx="0.476283055" lbTx="0.47628393" tId="4" fbRx="0.476283055" lbRx="0.47628393" />
<p fId="3" fbTx="0.476382096" lbTx="0.47638218" tId="0" fbRx="0.486382096" lbRx="0.48638218" />
<p fId="0" fbTx="0.47638218" lbTx="0.476383055" tId="1" fbRx="0.47638218" lbRx="0.476383055" />
<p fId="1" fbTx="0.476383055" lbTx="0.47638393" tId="4" fbRx="0.476383055" lbRx="0.47638393" />
<p fId="3" fbTx="0.476482096" lbTx="0.47648218" tId="0" fbRx="0.486482096" lbRx="0.48648218" />
<p fId="0" fbTx="0.47648218" lbTx="0.476483055" tId="1" fbRx="0.47648218" lbRx="0.476483055" />
<p fId="1" fbTx="0.476483055" lbTx="0.47648393" tId="4" fbRx="0.476483055" lbRx="0.47648393" />
<p fId="3" fbTx="0.476582096" lbTx="0.47658218" tId="0" fbRx="0.486582096" lbRx="0.48658218" />
<p fId="0" fbTx="0.47658218" lbTx="0.476583055" tId="1" fbRx="0.47658218" lbRx="0.476583055" />
<p fId="1" fbTx="0.476583055" lbTx="0.47658393" tId="4" fbRx="0.476583055" lbRx="0.47658393" />
<p fId="3" fbTx="0.476682096" lbTx="0.47668218" tId="0" fbRx="0.486682096" lbRx="0.48668218" />
<p fId="0" fbTx="0.47668218" lbTx="0.476683055" tId="1" fbRx="0.47668218" lbRx="0.476683055" />
<p fId="1" fbTx="0.476683055" lbTx="0.47668393" tId="4" fbRx="0.476683055" lbRx="0.47668393" />
<p fId="3" fbTx="0.476782096" lbTx="0.47678218" tId="0" fbRx="0.486782096" lbRx="0.48678218" />
<p fId="0" fbTx="0.47678218" lbTx="0.476783055" tId="1" fbRx="0.47678218" lbRx="0.476783055" />
<p fId="1" fbTx="0.476783055" lbTx="0.47678393" tId="4" fbRx="0.476783055" lbRx="0.47678393" />
<p fId="3" fbTx="0.476882096" lbTx="0.47688218" tId="0" fbRx="0.486882096" lbRx="0.48688218" />
<p fId="0" fbTx="0.47688218" lbTx="0.476883055" tId="1" fbRx="0.47688218" lbRx="0.476883055" />
<p fId="1" fbTx="0.476883055" lbTx="0.47688393" tId="4" fbRx="0.476883055" lbRx="0.47688393" />
<p fId="3" fbTx="0.476982096" lbTx="0.47698218" tId="0" fbRx="0.486982096" lbRx="0.48698218" />
<p fId="0" fbTx="0.47698218" lbTx="0.476983055" tId="1" fbRx="0.47698218" lbRx="0.476983055" />
<p fId="1" fbTx="0.476983055" lbTx="0.47698393" tId="4" fbRx="0.476983055" lbRx="0.47698393" />
<p fId="3" fbTx="0.477082096" lbTx="0.47708218" tId="0" fbRx="0.487082096" lbRx="0.48708218" />
<p fId="0" fbTx="0.47708218" lbTx="0.477083055" tId="1" fbRx="0.47708218" lbRx="0.477083055" />
<p fId="1" fbTx="0.477083055" lbTx="0.47708393" tId="4" fbRx="0.477083055" lbRx="0.47708393" />
<p fId="3" fbTx="0.477182096" lbTx="0.47718218" tId="0" fbRx="0.487182096" lbRx="0.48718218" />
<p fId="0" fbTx="0.47718218" lbTx="0.477183055" tId="1" fbRx="0.47718218" lbRx="0.477183055" />
<p fId="1" fbTx="0.477183055" lbTx="0.47718393" tId="4" fbRx="0.477183055" lbRx="0.47718393" />
<pr uId="455" fId="4" fbTx="0.477214286" />
<wpr uId="455" tId="5" fbRx="0.477214286" lbRx="0" />
<wpr uId="455" tId="6" fbRx="0.477214286" lbRx="0" />
<p fId="3" fbTx="0.477282096" lbTx="0.47728218" tId="0" fbRx="0.487282096" lbRx="0.48728218" />
<p fId="0" fbTx="0.47728218" lbTx="0.477283055" tId="1" fbRx="0.47728218" lbRx="0.477283055" />
<p fId="1" fbTx="0.477283055" lbTx="0.47728393" tId="4" fbRx="0.477283055" lbRx="0.47728393" />
<p fId="3" fbTx="0.477382096" lbTx="0.47738218" tId="0" fbRx="0.487382096" lbRx="0.48738218" />
<p fId="0" fbTx="0.47738218" lbTx="0.477383055" tId="1" fbRx="0.47738218" lbRx="0.477383055" />
<p fId="1" fbTx="0.477383055" lbTx="0.47738393" tId="4" fbRx="0.477383055" lbRx="0.47738393" />
<p fId="3" fbTx="0.477482096" lbTx="0.47748218" tId="0" fbRx="0.487482096" lbRx="0.48748218" />
<p fId="0" fbTx="0.47748218" lbTx="0.477483055" tId="1" fbRx="0.47748218" lbRx="0.477483055" />
<p fId="1" fbTx="0.477483055" lbTx="0.47748393" tId="4" fbRx="0.477483055" lbRx="0.47748393" />
<p fId="3" fbTx="0.477582096" lbTx="0.47758218" tId="0" fbRx="0.487582096" lbRx="0.48758218" />
<p fId="0" fbTx="0.47758218" lbTx="0.477583055" tId="1" fbRx="0.47758218" lbRx="0.477583055" />
<p fId="1" fbTx="0.477583055" lbTx="0.47758393" tId="4" fbRx="0.477583055" lbRx="0.47758393" />
<p fId="3" fbTx="0.477682096" lbTx="0.47768218" tId="0" fbRx="0.487682096" lbRx="0.48768218" />
<p fId="0" fbTx="0.47768218" lbTx="0.477683055" tId="1" fbRx="0.47768218" lbRx="0.477683055" />
<p fId="1" fbTx="0.477683055" lbTx="0.47768393" tId="4" fbRx="0.477683055" lbRx="0.47768393" />
<p fId="3" fbTx="0.477782096" lbTx="0.47778218" tId="0" fbRx="0.487782096" lbRx="0.48778218" />
<p fId="0" fbTx="0.47778218" lbTx="0.477783055" tId="1" fbRx="0.47778218" lbRx="0.477783055" />
<p fId="1" fbTx="0.477783055" lbTx="0.47778393" tId="4" fbRx="0.477783055" lbRx="0.47778393" />
<p fId="3" fbTx="0.477882096" lbTx="0.47788218" tId="0" fbRx="0.487882096" lbRx="0.48788218" />
<p fId="0" fbTx="0.47788218" lbTx="0.477883055" tId="1" fbRx="0.47788218" lbRx="0.477883055" />
<p fId="1" fbTx="0.477883055" lbTx="0.47788393" tId="4" fbRx="0.477883055" lbRx="0.47788393" />
<p fId="3" fbTx="0.477982096" lbTx="0.47798218" tId="0" fbRx="0.487982096" lbRx="0.48798218" />
<p fId="0" fbTx="0.47798218" lbTx="0.477983055" tId="1" fbRx="0.47798218" lbRx="0.477983055" />
<p fId="1" fbTx="0.477983055" lbTx="0.47798393" tId="4" fbRx="0.477983055" lbRx="0.47798393" />
<p fId="3" fbTx="0.478082096" lbTx="0.47808218" tId="0" fbRx="0.488082096" lbRx="0.48808218" />
<p fId="0" fbTx="0.47808218" lbTx="0.478083055" tId="1" fbRx="0.47808218" lbRx="0.478083055" />
<p fId="1" fbTx="0.478083055" lbTx="0.47808393" tId="4" fbRx="0.478083055" lbRx="0.47808393" />
<p fId="3" fbTx="0.478182096" lbTx="0.47818218" tId="0" fbRx="0.488182096" lbRx="0.48818218" />
<p fId="0" fbTx="0.47818218" lbTx="0.478183055" tId="1" fbRx="0.47818218" lbRx="0.478183055" />
<p fId="1" fbTx="0.478183055" lbTx="0.47818393" tId="4" fbRx="0.478183055" lbRx="0.47818393" />
<pr uId="456" fId="4" fbTx="0.478214286" />
<wpr uId="456" tId="5" fbRx="0.478214286" lbRx="0" />
<wpr uId="456" tId="6" fbRx="0.478214286" lbRx="0" />
<p fId="3" fbTx="0.478282096" lbTx="0.47828218" tId="0" fbRx="0.488282096" lbRx="0.48828218" />
<p fId="0" fbTx="0.47828218" lbTx="0.478283055" tId="1" fbRx="0.47828218" lbRx="0.478283055" />
<p fId="1" fbTx="0.478283055" lbTx="0.47828393" tId="4" fbRx="0.478283055" lbRx="0.47828393" />
<p fId="3" fbTx="0.478382096" lbTx="0.47838218" tId="0" fbRx="0.488382096" lbRx="0.48838218" />
<p fId="0" fbTx="0.47838218" lbTx="0.478383055" tId="1" fbRx="0.47838218" lbRx="0.478383055" />
<p fId="1" fbTx="0.478383055" lbTx="0.47838393" tId="4" fbRx="0.478383055" lbRx="0.47838393" />
<p fId="3" fbTx="0.478482096" lbTx="0.47848218" tId="0" fbRx="0.488482096" lbRx="0.48848218" />
<p fId="0" fbTx="0.47848218" lbTx="0.478483055" tId="1" fbRx="0.47848218" lbRx="0.478483055" />
<p fId="1" fbTx="0.478483055" lbTx="0.47848393" tId="4" fbRx="0.478483055" lbRx="0.47848393" />
<p fId="3" fbTx="0.478582096" lbTx="0.47858218" tId="0" fbRx="0.488582096" lbRx="0.48858218" />
<p fId="0" fbTx="0.47858218" lbTx="0.478583055" tId="1" fbRx="0.47858218" lbRx="0.478583055" />
<p fId="1" fbTx="0.478583055" lbTx="0.47858393" tId="4" fbRx="0.478583055" lbRx="0.47858393" />
<p fId="3" fbTx="0.478682096" lbTx="0.47868218" tId="0" fbRx="0.488682096" lbRx="0.48868218" />
<p fId="0" fbTx="0.47868218" lbTx="0.478683055" tId="1" fbRx="0.47868218" lbRx="0.478683055" />
<p fId="1" fbTx="0.478683055" lbTx="0.47868393" tId="4" fbRx="0.478683055" lbRx="0.47868393" />
<p fId="3" fbTx="0.478782096" lbTx="0.47878218" tId="0" fbRx="0.488782096" lbRx="0.48878218" />
<p fId="0" fbTx="0.47878218" lbTx="0.478783055" tId="1" fbRx="0.47878218" lbRx="0.478783055" />
<p fId="1" fbTx="0.478783055" lbTx="0.47878393" tId="4" fbRx="0.478783055" lbRx="0.47878393" />
<p fId="3" fbTx="0.478882096" lbTx="0.47888218" tId="0" fbRx="0.488882096" lbRx="0.48888218" />
<p fId="0" fbTx="0.47888218" lbTx="0.478883055" tId="1" fbRx="0.47888218" lbRx="0.478883055" />
<p fId="1" fbTx="0.478883055" lbTx="0.47888393" tId="4" fbRx="0.478883055" lbRx="0.47888393" />
<p fId="3" fbTx="0.478982096" lbTx="0.47898218" tId="0" fbRx="0.488982096" lbRx="0.48898218" />
<p fId="0" fbTx="0.47898218" lbTx="0.478983055" tId="1" fbRx="0.47898218" lbRx="0.478983055" />
<p fId="1" fbTx="0.478983055" lbTx="0.47898393" tId="4" fbRx="0.478983055" lbRx="0.47898393" />
<p fId="3" fbTx="0.479082096" lbTx="0.47908218" tId="0" fbRx="0.489082096" lbRx="0.48908218" />
<p fId="0" fbTx="0.47908218" lbTx="0.479083055" tId="1" fbRx="0.47908218" lbRx="0.479083055" />
<p fId="1" fbTx="0.479083055" lbTx="0.47908393" tId="4" fbRx="0.479083055" lbRx="0.47908393" />
<p fId="3" fbTx="0.479182096" lbTx="0.47918218" tId="0" fbRx="0.489182096" lbRx="0.48918218" />
<p fId="0" fbTx="0.47918218" lbTx="0.479183055" tId="1" fbRx="0.47918218" lbRx="0.479183055" />
<p fId="1" fbTx="0.479183055" lbTx="0.47918393" tId="4" fbRx="0.479183055" lbRx="0.47918393" />
<pr uId="457" fId="4" fbTx="0.479214286" />
<wpr uId="457" tId="5" fbRx="0.479214286" lbRx="0" />
<wpr uId="457" tId="6" fbRx="0.479214286" lbRx="0" />
<p fId="3" fbTx="0.479282096" lbTx="0.47928218" tId="0" fbRx="0.489282096" lbRx="0.48928218" />
<p fId="0" fbTx="0.47928218" lbTx="0.479283055" tId="1" fbRx="0.47928218" lbRx="0.479283055" />
<p fId="1" fbTx="0.479283055" lbTx="0.47928393" tId="4" fbRx="0.479283055" lbRx="0.47928393" />
<p fId="3" fbTx="0.479382096" lbTx="0.47938218" tId="0" fbRx="0.489382096" lbRx="0.48938218" />
<p fId="0" fbTx="0.47938218" lbTx="0.479383055" tId="1" fbRx="0.47938218" lbRx="0.479383055" />
<p fId="1" fbTx="0.479383055" lbTx="0.47938393" tId="4" fbRx="0.479383055" lbRx="0.47938393" />
<p fId="3" fbTx="0.479482096" lbTx="0.47948218" tId="0" fbRx="0.489482096" lbRx="0.48948218" />
<p fId="0" fbTx="0.47948218" lbTx="0.479483055" tId="1" fbRx="0.47948218" lbRx="0.479483055" />
<p fId="1" fbTx="0.479483055" lbTx="0.47948393" tId="4" fbRx="0.479483055" lbRx="0.47948393" />
<p fId="3" fbTx="0.479582096" lbTx="0.47958218" tId="0" fbRx="0.489582096" lbRx="0.48958218" />
<p fId="0" fbTx="0.47958218" lbTx="0.479583055" tId="1" fbRx="0.47958218" lbRx="0.479583055" />
<p fId="1" fbTx="0.479583055" lbTx="0.47958393" tId="4" fbRx="0.479583055" lbRx="0.47958393" />
<p fId="3" fbTx="0.479682096" lbTx="0.47968218" tId="0" fbRx="0.489682096" lbRx="0.48968218" />
<p fId="0" fbTx="0.47968218" lbTx="0.479683055" tId="1" fbRx="0.47968218" lbRx="0.479683055" />
<p fId="1" fbTx="0.479683055" lbTx="0.47968393" tId="4" fbRx="0.479683055" lbRx="0.47968393" />
<p fId="3" fbTx="0.479782096" lbTx="0.47978218" tId="0" fbRx="0.489782096" lbRx="0.48978218" />
<p fId="0" fbTx="0.47978218" lbTx="0.479783055" tId="1" fbRx="0.47978218" lbRx="0.479783055" />
<p fId="1" fbTx="0.479783055" lbTx="0.47978393" tId="4" fbRx="0.479783055" lbRx="0.47978393" />
<p fId="3" fbTx="0.479882096" lbTx="0.47988218" tId="0" fbRx="0.489882096" lbRx="0.48988218" />
<p fId="0" fbTx="0.47988218" lbTx="0.479883055" tId="1" fbRx="0.47988218" lbRx="0.479883055" />
<p fId="1" fbTx="0.479883055" lbTx="0.47988393" tId="4" fbRx="0.479883055" lbRx="0.47988393" />
<p fId="3" fbTx="0.479982096" lbTx="0.47998218" tId="0" fbRx="0.489982096" lbRx="0.48998218" />
<p fId="0" fbTx="0.47998218" lbTx="0.479983055" tId="1" fbRx="0.47998218" lbRx="0.479983055" />
<p fId="1" fbTx="0.479983055" lbTx="0.47998393" tId="4" fbRx="0.479983055" lbRx="0.47998393" />
<p fId="3" fbTx="0.480082096" lbTx="0.48008218" tId="0" fbRx="0.490082096" lbRx="0.49008218" />
<p fId="0" fbTx="0.48008218" lbTx="0.480083055" tId="1" fbRx="0.48008218" lbRx="0.480083055" />
<p fId="1" fbTx="0.480083055" lbTx="0.48008393" tId="4" fbRx="0.480083055" lbRx="0.48008393" />
<p fId="3" fbTx="0.480182096" lbTx="0.48018218" tId="0" fbRx="0.490182096" lbRx="0.49018218" />
<p fId="0" fbTx="0.48018218" lbTx="0.480183055" tId="1" fbRx="0.48018218" lbRx="0.480183055" />
<p fId="1" fbTx="0.480183055" lbTx="0.48018393" tId="4" fbRx="0.480183055" lbRx="0.48018393" />
<pr uId="458" fId="4" fbTx="0.480214286" />
<wpr uId="458" tId="5" fbRx="0.480214286" lbRx="0" />
<wpr uId="458" tId="6" fbRx="0.480214286" lbRx="0" />
<p fId="3" fbTx="0.480282096" lbTx="0.48028218" tId="0" fbRx="0.490282096" lbRx="0.49028218" />
<p fId="0" fbTx="0.48028218" lbTx="0.480283055" tId="1" fbRx="0.48028218" lbRx="0.480283055" />
<p fId="1" fbTx="0.480283055" lbTx="0.48028393" tId="4" fbRx="0.480283055" lbRx="0.48028393" />
<p fId="3" fbTx="0.480382096" lbTx="0.48038218" tId="0" fbRx="0.490382096" lbRx="0.49038218" />
<p fId="0" fbTx="0.48038218" lbTx="0.480383055" tId="1" fbRx="0.48038218" lbRx="0.480383055" />
<p fId="1" fbTx="0.480383055" lbTx="0.48038393" tId="4" fbRx="0.480383055" lbRx="0.48038393" />
<p fId="3" fbTx="0.480482096" lbTx="0.48048218" tId="0" fbRx="0.490482096" lbRx="0.49048218" />
<p fId="0" fbTx="0.48048218" lbTx="0.480483055" tId="1" fbRx="0.48048218" lbRx="0.480483055" />
<p fId="1" fbTx="0.480483055" lbTx="0.48048393" tId="4" fbRx="0.480483055" lbRx="0.48048393" />
<p fId="3" fbTx="0.480582096" lbTx="0.48058218" tId="0" fbRx="0.490582096" lbRx="0.49058218" />
<p fId="0" fbTx="0.48058218" lbTx="0.480583055" tId="1" fbRx="0.48058218" lbRx="0.480583055" />
<p fId="1" fbTx="0.480583055" lbTx="0.48058393" tId="4" fbRx="0.480583055" lbRx="0.48058393" />
<p fId="3" fbTx="0.480682096" lbTx="0.48068218" tId="0" fbRx="0.490682096" lbRx="0.49068218" />
<p fId="0" fbTx="0.48068218" lbTx="0.480683055" tId="1" fbRx="0.48068218" lbRx="0.480683055" />
<p fId="1" fbTx="0.480683055" lbTx="0.48068393" tId="4" fbRx="0.480683055" lbRx="0.48068393" />
<p fId="3" fbTx="0.480782096" lbTx="0.48078218" tId="0" fbRx="0.490782096" lbRx="0.49078218" />
<p fId="0" fbTx="0.48078218" lbTx="0.480783055" tId="1" fbRx="0.48078218" lbRx="0.480783055" />
<p fId="1" fbTx="0.480783055" lbTx="0.48078393" tId="4" fbRx="0.480783055" lbRx="0.48078393" />
<p fId="3" fbTx="0.480882096" lbTx="0.48088218" tId="0" fbRx="0.490882096" lbRx="0.49088218" />
<p fId="0" fbTx="0.48088218" lbTx="0.480883055" tId="1" fbRx="0.48088218" lbRx="0.480883055" />
<p fId="1" fbTx="0.480883055" lbTx="0.48088393" tId="4" fbRx="0.480883055" lbRx="0.48088393" />
<p fId="3" fbTx="0.480982096" lbTx="0.48098218" tId="0" fbRx="0.490982096" lbRx="0.49098218" />
<p fId="0" fbTx="0.48098218" lbTx="0.480983055" tId="1" fbRx="0.48098218" lbRx="0.480983055" />
<p fId="1" fbTx="0.480983055" lbTx="0.48098393" tId="4" fbRx="0.480983055" lbRx="0.48098393" />
<p fId="3" fbTx="0.481082096" lbTx="0.48108218" tId="0" fbRx="0.491082096" lbRx="0.49108218" />
<p fId="0" fbTx="0.48108218" lbTx="0.481083055" tId="1" fbRx="0.48108218" lbRx="0.481083055" />
<p fId="1" fbTx="0.481083055" lbTx="0.48108393" tId="4" fbRx="0.481083055" lbRx="0.48108393" />
<p fId="3" fbTx="0.481182096" lbTx="0.48118218" tId="0" fbRx="0.491182096" lbRx="0.49118218" />
<p fId="0" fbTx="0.48118218" lbTx="0.481183055" tId="1" fbRx="0.48118218" lbRx="0.481183055" />
<p fId="1" fbTx="0.481183055" lbTx="0.48118393" tId="4" fbRx="0.481183055" lbRx="0.48118393" />
<pr uId="459" fId="4" fbTx="0.481214286" />
<wpr uId="459" tId="5" fbRx="0.481214286" lbRx="0" />
<wpr uId="459" tId="6" fbRx="0.481214286" lbRx="0" />
<p fId="3" fbTx="0.481282096" lbTx="0.48128218" tId="0" fbRx="0.491282096" lbRx="0.49128218" />
<p fId="0" fbTx="0.48128218" lbTx="0.481283055" tId="1" fbRx="0.48128218" lbRx="0.481283055" />
<p fId="1" fbTx="0.481283055" lbTx="0.48128393" tId="4" fbRx="0.481283055" lbRx="0.48128393" />
<p fId="3" fbTx="0.481382096" lbTx="0.48138218" tId="0" fbRx="0.491382096" lbRx="0.49138218" />
<p fId="0" fbTx="0.48138218" lbTx="0.481383055" tId="1" fbRx="0.48138218" lbRx="0.481383055" />
<p fId="1" fbTx="0.481383055" lbTx="0.48138393" tId="4" fbRx="0.481383055" lbRx="0.48138393" />
<p fId="3" fbTx="0.481482096" lbTx="0.48148218" tId="0" fbRx="0.491482096" lbRx="0.49148218" />
<p fId="0" fbTx="0.48148218" lbTx="0.481483055" tId="1" fbRx="0.48148218" lbRx="0.481483055" />
<p fId="1" fbTx="0.481483055" lbTx="0.48148393" tId="4" fbRx="0.481483055" lbRx="0.48148393" />
<p fId="3" fbTx="0.481582096" lbTx="0.48158218" tId="0" fbRx="0.491582096" lbRx="0.49158218" />
<p fId="0" fbTx="0.48158218" lbTx="0.481583055" tId="1" fbRx="0.48158218" lbRx="0.481583055" />
<p fId="1" fbTx="0.481583055" lbTx="0.48158393" tId="4" fbRx="0.481583055" lbRx="0.48158393" />
<p fId="3" fbTx="0.481682096" lbTx="0.48168218" tId="0" fbRx="0.491682096" lbRx="0.49168218" />
<p fId="0" fbTx="0.48168218" lbTx="0.481683055" tId="1" fbRx="0.48168218" lbRx="0.481683055" />
<p fId="1" fbTx="0.481683055" lbTx="0.48168393" tId="4" fbRx="0.481683055" lbRx="0.48168393" />
<p fId="3" fbTx="0.481782096" lbTx="0.48178218" tId="0" fbRx="0.491782096" lbRx="0.49178218" />
<p fId="0" fbTx="0.48178218" lbTx="0.481783055" tId="1" fbRx="0.48178218" lbRx="0.481783055" />
<p fId="1" fbTx="0.481783055" lbTx="0.48178393" tId="4" fbRx="0.481783055" lbRx="0.48178393" />
<p fId="3" fbTx="0.481882096" lbTx="0.48188218" tId="0" fbRx="0.491882096" lbRx="0.49188218" />
<p fId="0" fbTx="0.48188218" lbTx="0.481883055" tId="1" fbRx="0.48188218" lbRx="0.481883055" />
<p fId="1" fbTx="0.481883055" lbTx="0.48188393" tId="4" fbRx="0.481883055" lbRx="0.48188393" />
<p fId="3" fbTx="0.481982096" lbTx="0.48198218" tId="0" fbRx="0.491982096" lbRx="0.49198218" />
<p fId="0" fbTx="0.48198218" lbTx="0.481983055" tId="1" fbRx="0.48198218" lbRx="0.481983055" />
<p fId="1" fbTx="0.481983055" lbTx="0.48198393" tId="4" fbRx="0.481983055" lbRx="0.48198393" />
<p fId="3" fbTx="0.482082096" lbTx="0.48208218" tId="0" fbRx="0.492082096" lbRx="0.49208218" />
<p fId="0" fbTx="0.48208218" lbTx="0.482083055" tId="1" fbRx="0.48208218" lbRx="0.482083055" />
<p fId="1" fbTx="0.482083055" lbTx="0.48208393" tId="4" fbRx="0.482083055" lbRx="0.48208393" />
<p fId="3" fbTx="0.482182096" lbTx="0.48218218" tId="0" fbRx="0.492182096" lbRx="0.49218218" />
<p fId="0" fbTx="0.48218218" lbTx="0.482183055" tId="1" fbRx="0.48218218" lbRx="0.482183055" />
<p fId="1" fbTx="0.482183055" lbTx="0.48218393" tId="4" fbRx="0.482183055" lbRx="0.48218393" />
<pr uId="460" fId="4" fbTx="0.482214286" />
<wpr uId="460" tId="5" fbRx="0.482214286" lbRx="0" />
<wpr uId="460" tId="6" fbRx="0.482214286" lbRx="0" />
<p fId="3" fbTx="0.482282096" lbTx="0.48228218" tId="0" fbRx="0.492282096" lbRx="0.49228218" />
<p fId="0" fbTx="0.48228218" lbTx="0.482283055" tId="1" fbRx="0.48228218" lbRx="0.482283055" />
<p fId="1" fbTx="0.482283055" lbTx="0.48228393" tId="4" fbRx="0.482283055" lbRx="0.48228393" />
<p fId="3" fbTx="0.482382096" lbTx="0.48238218" tId="0" fbRx="0.492382096" lbRx="0.49238218" />
<p fId="0" fbTx="0.48238218" lbTx="0.482383055" tId="1" fbRx="0.48238218" lbRx="0.482383055" />
<p fId="1" fbTx="0.482383055" lbTx="0.48238393" tId="4" fbRx="0.482383055" lbRx="0.48238393" />
<p fId="3" fbTx="0.482482096" lbTx="0.48248218" tId="0" fbRx="0.492482096" lbRx="0.49248218" />
<p fId="0" fbTx="0.48248218" lbTx="0.482483055" tId="1" fbRx="0.48248218" lbRx="0.482483055" />
<p fId="1" fbTx="0.482483055" lbTx="0.48248393" tId="4" fbRx="0.482483055" lbRx="0.48248393" />
<p fId="3" fbTx="0.482582096" lbTx="0.48258218" tId="0" fbRx="0.492582096" lbRx="0.49258218" />
<p fId="0" fbTx="0.48258218" lbTx="0.482583055" tId="1" fbRx="0.48258218" lbRx="0.482583055" />
<p fId="1" fbTx="0.482583055" lbTx="0.48258393" tId="4" fbRx="0.482583055" lbRx="0.48258393" />
<p fId="3" fbTx="0.482682096" lbTx="0.48268218" tId="0" fbRx="0.492682096" lbRx="0.49268218" />
<p fId="0" fbTx="0.48268218" lbTx="0.482683055" tId="1" fbRx="0.48268218" lbRx="0.482683055" />
<p fId="1" fbTx="0.482683055" lbTx="0.48268393" tId="4" fbRx="0.482683055" lbRx="0.48268393" />
<p fId="3" fbTx="0.482782096" lbTx="0.48278218" tId="0" fbRx="0.492782096" lbRx="0.49278218" />
<p fId="0" fbTx="0.48278218" lbTx="0.482783055" tId="1" fbRx="0.48278218" lbRx="0.482783055" />
<p fId="1" fbTx="0.482783055" lbTx="0.48278393" tId="4" fbRx="0.482783055" lbRx="0.48278393" />
<p fId="3" fbTx="0.482882096" lbTx="0.48288218" tId="0" fbRx="0.492882096" lbRx="0.49288218" />
<p fId="0" fbTx="0.48288218" lbTx="0.482883055" tId="1" fbRx="0.48288218" lbRx="0.482883055" />
<p fId="1" fbTx="0.482883055" lbTx="0.48288393" tId="4" fbRx="0.482883055" lbRx="0.48288393" />
<p fId="3" fbTx="0.482982096" lbTx="0.48298218" tId="0" fbRx="0.492982096" lbRx="0.49298218" />
<p fId="0" fbTx="0.48298218" lbTx="0.482983055" tId="1" fbRx="0.48298218" lbRx="0.482983055" />
<p fId="1" fbTx="0.482983055" lbTx="0.48298393" tId="4" fbRx="0.482983055" lbRx="0.48298393" />
<p fId="3" fbTx="0.483082096" lbTx="0.48308218" tId="0" fbRx="0.493082096" lbRx="0.49308218" />
<p fId="0" fbTx="0.48308218" lbTx="0.483083055" tId="1" fbRx="0.48308218" lbRx="0.483083055" />
<p fId="1" fbTx="0.483083055" lbTx="0.48308393" tId="4" fbRx="0.483083055" lbRx="0.48308393" />
<p fId="3" fbTx="0.483182096" lbTx="0.48318218" tId="0" fbRx="0.493182096" lbRx="0.49318218" />
<p fId="0" fbTx="0.48318218" lbTx="0.483183055" tId="1" fbRx="0.48318218" lbRx="0.483183055" />
<p fId="1" fbTx="0.483183055" lbTx="0.48318393" tId="4" fbRx="0.483183055" lbRx="0.48318393" />
<pr uId="461" fId="4" fbTx="0.483214286" />
<wpr uId="461" tId="5" fbRx="0.483214286" lbRx="0" />
<wpr uId="461" tId="6" fbRx="0.483214286" lbRx="0" />
<p fId="3" fbTx="0.483282096" lbTx="0.48328218" tId="0" fbRx="0.493282096" lbRx="0.49328218" />
<p fId="0" fbTx="0.48328218" lbTx="0.483283055" tId="1" fbRx="0.48328218" lbRx="0.483283055" />
<p fId="1" fbTx="0.483283055" lbTx="0.48328393" tId="4" fbRx="0.483283055" lbRx="0.48328393" />
<p fId="3" fbTx="0.483382096" lbTx="0.48338218" tId="0" fbRx="0.493382096" lbRx="0.49338218" />
<p fId="0" fbTx="0.48338218" lbTx="0.483383055" tId="1" fbRx="0.48338218" lbRx="0.483383055" />
<p fId="1" fbTx="0.483383055" lbTx="0.48338393" tId="4" fbRx="0.483383055" lbRx="0.48338393" />
<p fId="3" fbTx="0.483482096" lbTx="0.48348218" tId="0" fbRx="0.493482096" lbRx="0.49348218" />
<p fId="0" fbTx="0.48348218" lbTx="0.483483055" tId="1" fbRx="0.48348218" lbRx="0.483483055" />
<p fId="1" fbTx="0.483483055" lbTx="0.48348393" tId="4" fbRx="0.483483055" lbRx="0.48348393" />
<p fId="3" fbTx="0.483582096" lbTx="0.48358218" tId="0" fbRx="0.493582096" lbRx="0.49358218" />
<p fId="0" fbTx="0.48358218" lbTx="0.483583055" tId="1" fbRx="0.48358218" lbRx="0.483583055" />
<p fId="1" fbTx="0.483583055" lbTx="0.48358393" tId="4" fbRx="0.483583055" lbRx="0.48358393" />
<p fId="3" fbTx="0.483682096" lbTx="0.48368218" tId="0" fbRx="0.493682096" lbRx="0.49368218" />
<p fId="0" fbTx="0.48368218" lbTx="0.483683055" tId="1" fbRx="0.48368218" lbRx="0.483683055" />
<p fId="1" fbTx="0.483683055" lbTx="0.48368393" tId="4" fbRx="0.483683055" lbRx="0.48368393" />
<p fId="3" fbTx="0.483782096" lbTx="0.48378218" tId="0" fbRx="0.493782096" lbRx="0.49378218" />
<p fId="0" fbTx="0.48378218" lbTx="0.483783055" tId="1" fbRx="0.48378218" lbRx="0.483783055" />
<p fId="1" fbTx="0.483783055" lbTx="0.48378393" tId="4" fbRx="0.483783055" lbRx="0.48378393" />
<p fId="3" fbTx="0.483882096" lbTx="0.48388218" tId="0" fbRx="0.493882096" lbRx="0.49388218" />
<p fId="0" fbTx="0.48388218" lbTx="0.483883055" tId="1" fbRx="0.48388218" lbRx="0.483883055" />
<p fId="1" fbTx="0.483883055" lbTx="0.48388393" tId="4" fbRx="0.483883055" lbRx="0.48388393" />
<p fId="3" fbTx="0.483982096" lbTx="0.48398218" tId="0" fbRx="0.493982096" lbRx="0.49398218" />
<p fId="0" fbTx="0.48398218" lbTx="0.483983055" tId="1" fbRx="0.48398218" lbRx="0.483983055" />
<p fId="1" fbTx="0.483983055" lbTx="0.48398393" tId="4" fbRx="0.483983055" lbRx="0.48398393" />
<p fId="3" fbTx="0.484082096" lbTx="0.48408218" tId="0" fbRx="0.494082096" lbRx="0.49408218" />
<p fId="0" fbTx="0.48408218" lbTx="0.484083055" tId="1" fbRx="0.48408218" lbRx="0.484083055" />
<p fId="1" fbTx="0.484083055" lbTx="0.48408393" tId="4" fbRx="0.484083055" lbRx="0.48408393" />
<p fId="3" fbTx="0.484182096" lbTx="0.48418218" tId="0" fbRx="0.494182096" lbRx="0.49418218" />
<p fId="0" fbTx="0.48418218" lbTx="0.484183055" tId="1" fbRx="0.48418218" lbRx="0.484183055" />
<p fId="1" fbTx="0.484183055" lbTx="0.48418393" tId="4" fbRx="0.484183055" lbRx="0.48418393" />
<pr uId="462" fId="4" fbTx="0.484214286" />
<wpr uId="462" tId="5" fbRx="0.484214286" lbRx="0" />
<wpr uId="462" tId="6" fbRx="0.484214286" lbRx="0" />
<p fId="3" fbTx="0.484282096" lbTx="0.48428218" tId="0" fbRx="0.494282096" lbRx="0.49428218" />
<p fId="0" fbTx="0.48428218" lbTx="0.484283055" tId="1" fbRx="0.48428218" lbRx="0.484283055" />
<p fId="1" fbTx="0.484283055" lbTx="0.48428393" tId="4" fbRx="0.484283055" lbRx="0.48428393" />
<p fId="3" fbTx="0.484382096" lbTx="0.48438218" tId="0" fbRx="0.494382096" lbRx="0.49438218" />
<p fId="0" fbTx="0.48438218" lbTx="0.484383055" tId="1" fbRx="0.48438218" lbRx="0.484383055" />
<p fId="1" fbTx="0.484383055" lbTx="0.48438393" tId="4" fbRx="0.484383055" lbRx="0.48438393" />
<p fId="3" fbTx="0.484482096" lbTx="0.48448218" tId="0" fbRx="0.494482096" lbRx="0.49448218" />
<p fId="0" fbTx="0.48448218" lbTx="0.484483055" tId="1" fbRx="0.48448218" lbRx="0.484483055" />
<p fId="1" fbTx="0.484483055" lbTx="0.48448393" tId="4" fbRx="0.484483055" lbRx="0.48448393" />
<p fId="3" fbTx="0.484582096" lbTx="0.48458218" tId="0" fbRx="0.494582096" lbRx="0.49458218" />
<p fId="0" fbTx="0.48458218" lbTx="0.484583055" tId="1" fbRx="0.48458218" lbRx="0.484583055" />
<p fId="1" fbTx="0.484583055" lbTx="0.48458393" tId="4" fbRx="0.484583055" lbRx="0.48458393" />
<p fId="3" fbTx="0.484682096" lbTx="0.48468218" tId="0" fbRx="0.494682096" lbRx="0.49468218" />
<p fId="0" fbTx="0.48468218" lbTx="0.484683055" tId="1" fbRx="0.48468218" lbRx="0.484683055" />
<p fId="1" fbTx="0.484683055" lbTx="0.48468393" tId="4" fbRx="0.484683055" lbRx="0.48468393" />
<p fId="3" fbTx="0.484782096" lbTx="0.48478218" tId="0" fbRx="0.494782096" lbRx="0.49478218" />
<p fId="0" fbTx="0.48478218" lbTx="0.484783055" tId="1" fbRx="0.48478218" lbRx="0.484783055" />
<p fId="1" fbTx="0.484783055" lbTx="0.48478393" tId="4" fbRx="0.484783055" lbRx="0.48478393" />
<p fId="3" fbTx="0.484882096" lbTx="0.48488218" tId="0" fbRx="0.494882096" lbRx="0.49488218" />
<p fId="0" fbTx="0.48488218" lbTx="0.484883055" tId="1" fbRx="0.48488218" lbRx="0.484883055" />
<p fId="1" fbTx="0.484883055" lbTx="0.48488393" tId="4" fbRx="0.484883055" lbRx="0.48488393" />
<p fId="3" fbTx="0.484982096" lbTx="0.48498218" tId="0" fbRx="0.494982096" lbRx="0.49498218" />
<p fId="0" fbTx="0.48498218" lbTx="0.484983055" tId="1" fbRx="0.48498218" lbRx="0.484983055" />
<p fId="1" fbTx="0.484983055" lbTx="0.48498393" tId="4" fbRx="0.484983055" lbRx="0.48498393" />
<p fId="3" fbTx="0.485082096" lbTx="0.48508218" tId="0" fbRx="0.495082096" lbRx="0.49508218" />
<p fId="0" fbTx="0.48508218" lbTx="0.485083055" tId="1" fbRx="0.48508218" lbRx="0.485083055" />
<p fId="1" fbTx="0.485083055" lbTx="0.48508393" tId="4" fbRx="0.485083055" lbRx="0.48508393" />
<p fId="3" fbTx="0.485182096" lbTx="0.48518218" tId="0" fbRx="0.495182096" lbRx="0.49518218" />
<p fId="0" fbTx="0.48518218" lbTx="0.485183055" tId="1" fbRx="0.48518218" lbRx="0.485183055" />
<p fId="1" fbTx="0.485183055" lbTx="0.48518393" tId="4" fbRx="0.485183055" lbRx="0.48518393" />
<pr uId="463" fId="4" fbTx="0.485214286" />
<wpr uId="463" tId="5" fbRx="0.485214286" lbRx="0" />
<wpr uId="463" tId="6" fbRx="0.485214286" lbRx="0" />
<p fId="3" fbTx="0.485282096" lbTx="0.48528218" tId="0" fbRx="0.495282096" lbRx="0.49528218" />
<p fId="0" fbTx="0.48528218" lbTx="0.485283055" tId="1" fbRx="0.48528218" lbRx="0.485283055" />
<p fId="1" fbTx="0.485283055" lbTx="0.48528393" tId="4" fbRx="0.485283055" lbRx="0.48528393" />
<p fId="3" fbTx="0.485382096" lbTx="0.48538218" tId="0" fbRx="0.495382096" lbRx="0.49538218" />
<p fId="0" fbTx="0.48538218" lbTx="0.485383055" tId="1" fbRx="0.48538218" lbRx="0.485383055" />
<p fId="1" fbTx="0.485383055" lbTx="0.48538393" tId="4" fbRx="0.485383055" lbRx="0.48538393" />
<p fId="3" fbTx="0.485482096" lbTx="0.48548218" tId="0" fbRx="0.495482096" lbRx="0.49548218" />
<p fId="0" fbTx="0.48548218" lbTx="0.485483055" tId="1" fbRx="0.48548218" lbRx="0.485483055" />
<p fId="1" fbTx="0.485483055" lbTx="0.48548393" tId="4" fbRx="0.485483055" lbRx="0.48548393" />
<p fId="3" fbTx="0.485582096" lbTx="0.48558218" tId="0" fbRx="0.495582096" lbRx="0.49558218" />
<p fId="0" fbTx="0.48558218" lbTx="0.485583055" tId="1" fbRx="0.48558218" lbRx="0.485583055" />
<p fId="1" fbTx="0.485583055" lbTx="0.48558393" tId="4" fbRx="0.485583055" lbRx="0.48558393" />
<p fId="3" fbTx="0.485682096" lbTx="0.48568218" tId="0" fbRx="0.495682096" lbRx="0.49568218" />
<p fId="0" fbTx="0.48568218" lbTx="0.485683055" tId="1" fbRx="0.48568218" lbRx="0.485683055" />
<p fId="1" fbTx="0.485683055" lbTx="0.48568393" tId="4" fbRx="0.485683055" lbRx="0.48568393" />
<p fId="3" fbTx="0.485782096" lbTx="0.48578218" tId="0" fbRx="0.495782096" lbRx="0.49578218" />
<p fId="0" fbTx="0.48578218" lbTx="0.485783055" tId="1" fbRx="0.48578218" lbRx="0.485783055" />
<p fId="1" fbTx="0.485783055" lbTx="0.48578393" tId="4" fbRx="0.485783055" lbRx="0.48578393" />
<p fId="3" fbTx="0.485882096" lbTx="0.48588218" tId="0" fbRx="0.495882096" lbRx="0.49588218" />
<p fId="0" fbTx="0.48588218" lbTx="0.485883055" tId="1" fbRx="0.48588218" lbRx="0.485883055" />
<p fId="1" fbTx="0.485883055" lbTx="0.48588393" tId="4" fbRx="0.485883055" lbRx="0.48588393" />
<p fId="3" fbTx="0.485982096" lbTx="0.48598218" tId="0" fbRx="0.495982096" lbRx="0.49598218" />
<p fId="0" fbTx="0.48598218" lbTx="0.485983055" tId="1" fbRx="0.48598218" lbRx="0.485983055" />
<p fId="1" fbTx="0.485983055" lbTx="0.48598393" tId="4" fbRx="0.485983055" lbRx="0.48598393" />
<p fId="3" fbTx="0.486082096" lbTx="0.48608218" tId="0" fbRx="0.496082096" lbRx="0.49608218" />
<p fId="0" fbTx="0.48608218" lbTx="0.486083055" tId="1" fbRx="0.48608218" lbRx="0.486083055" />
<p fId="1" fbTx="0.486083055" lbTx="0.48608393" tId="4" fbRx="0.486083055" lbRx="0.48608393" />
<p fId="3" fbTx="0.486182096" lbTx="0.48618218" tId="0" fbRx="0.496182096" lbRx="0.49618218" />
<p fId="0" fbTx="0.48618218" lbTx="0.486183055" tId="1" fbRx="0.48618218" lbRx="0.486183055" />
<p fId="1" fbTx="0.486183055" lbTx="0.48618393" tId="4" fbRx="0.486183055" lbRx="0.48618393" />
<pr uId="464" fId="4" fbTx="0.486214286" />
<wpr uId="464" tId="5" fbRx="0.486214286" lbRx="0" />
<wpr uId="464" tId="6" fbRx="0.486214286" lbRx="0" />
<p fId="3" fbTx="0.486282096" lbTx="0.48628218" tId="0" fbRx="0.496282096" lbRx="0.49628218" />
<p fId="0" fbTx="0.48628218" lbTx="0.486283055" tId="1" fbRx="0.48628218" lbRx="0.486283055" />
<p fId="1" fbTx="0.486283055" lbTx="0.48628393" tId="4" fbRx="0.486283055" lbRx="0.48628393" />
<p fId="3" fbTx="0.486382096" lbTx="0.48638218" tId="0" fbRx="0.496382096" lbRx="0.49638218" />
<p fId="0" fbTx="0.48638218" lbTx="0.486383055" tId="1" fbRx="0.48638218" lbRx="0.486383055" />
<p fId="1" fbTx="0.486383055" lbTx="0.48638393" tId="4" fbRx="0.486383055" lbRx="0.48638393" />
<p fId="3" fbTx="0.486482096" lbTx="0.48648218" tId="0" fbRx="0.496482096" lbRx="0.49648218" />
<p fId="0" fbTx="0.48648218" lbTx="0.486483055" tId="1" fbRx="0.48648218" lbRx="0.486483055" />
<p fId="1" fbTx="0.486483055" lbTx="0.48648393" tId="4" fbRx="0.486483055" lbRx="0.48648393" />
<p fId="3" fbTx="0.486582096" lbTx="0.48658218" tId="0" fbRx="0.496582096" lbRx="0.49658218" />
<p fId="0" fbTx="0.48658218" lbTx="0.486583055" tId="1" fbRx="0.48658218" lbRx="0.486583055" />
<p fId="1" fbTx="0.486583055" lbTx="0.48658393" tId="4" fbRx="0.486583055" lbRx="0.48658393" />
<p fId="3" fbTx="0.486682096" lbTx="0.48668218" tId="0" fbRx="0.496682096" lbRx="0.49668218" />
<p fId="0" fbTx="0.48668218" lbTx="0.486683055" tId="1" fbRx="0.48668218" lbRx="0.486683055" />
<p fId="1" fbTx="0.486683055" lbTx="0.48668393" tId="4" fbRx="0.486683055" lbRx="0.48668393" />
<p fId="3" fbTx="0.486782096" lbTx="0.48678218" tId="0" fbRx="0.496782096" lbRx="0.49678218" />
<p fId="0" fbTx="0.48678218" lbTx="0.486783055" tId="1" fbRx="0.48678218" lbRx="0.486783055" />
<p fId="1" fbTx="0.486783055" lbTx="0.48678393" tId="4" fbRx="0.486783055" lbRx="0.48678393" />
<p fId="3" fbTx="0.486882096" lbTx="0.48688218" tId="0" fbRx="0.496882096" lbRx="0.49688218" />
<p fId="0" fbTx="0.48688218" lbTx="0.486883055" tId="1" fbRx="0.48688218" lbRx="0.486883055" />
<p fId="1" fbTx="0.486883055" lbTx="0.48688393" tId="4" fbRx="0.486883055" lbRx="0.48688393" />
<p fId="3" fbTx="0.486982096" lbTx="0.48698218" tId="0" fbRx="0.496982096" lbRx="0.49698218" />
<p fId="0" fbTx="0.48698218" lbTx="0.486983055" tId="1" fbRx="0.48698218" lbRx="0.486983055" />
<p fId="1" fbTx="0.486983055" lbTx="0.48698393" tId="4" fbRx="0.486983055" lbRx="0.48698393" />
<p fId="3" fbTx="0.487082096" lbTx="0.48708218" tId="0" fbRx="0.497082096" lbRx="0.49708218" />
<p fId="0" fbTx="0.48708218" lbTx="0.487083055" tId="1" fbRx="0.48708218" lbRx="0.487083055" />
<p fId="1" fbTx="0.487083055" lbTx="0.48708393" tId="4" fbRx="0.487083055" lbRx="0.48708393" />
<p fId="3" fbTx="0.487182096" lbTx="0.48718218" tId="0" fbRx="0.497182096" lbRx="0.49718218" />
<p fId="0" fbTx="0.48718218" lbTx="0.487183055" tId="1" fbRx="0.48718218" lbRx="0.487183055" />
<p fId="1" fbTx="0.487183055" lbTx="0.48718393" tId="4" fbRx="0.487183055" lbRx="0.48718393" />
<pr uId="465" fId="4" fbTx="0.487214286" />
<wpr uId="465" tId="5" fbRx="0.487214286" lbRx="0" />
<wpr uId="465" tId="6" fbRx="0.487214286" lbRx="0" />
<p fId="3" fbTx="0.487282096" lbTx="0.48728218" tId="0" fbRx="0.497282096" lbRx="0.49728218" />
<p fId="0" fbTx="0.48728218" lbTx="0.487283055" tId="1" fbRx="0.48728218" lbRx="0.487283055" />
<p fId="1" fbTx="0.487283055" lbTx="0.48728393" tId="4" fbRx="0.487283055" lbRx="0.48728393" />
<p fId="3" fbTx="0.487382096" lbTx="0.48738218" tId="0" fbRx="0.497382096" lbRx="0.49738218" />
<p fId="0" fbTx="0.48738218" lbTx="0.487383055" tId="1" fbRx="0.48738218" lbRx="0.487383055" />
<p fId="1" fbTx="0.487383055" lbTx="0.48738393" tId="4" fbRx="0.487383055" lbRx="0.48738393" />
<p fId="3" fbTx="0.487482096" lbTx="0.48748218" tId="0" fbRx="0.497482096" lbRx="0.49748218" />
<p fId="0" fbTx="0.48748218" lbTx="0.487483055" tId="1" fbRx="0.48748218" lbRx="0.487483055" />
<p fId="1" fbTx="0.487483055" lbTx="0.48748393" tId="4" fbRx="0.487483055" lbRx="0.48748393" />
<p fId="3" fbTx="0.487582096" lbTx="0.48758218" tId="0" fbRx="0.497582096" lbRx="0.49758218" />
<p fId="0" fbTx="0.48758218" lbTx="0.487583055" tId="1" fbRx="0.48758218" lbRx="0.487583055" />
<p fId="1" fbTx="0.487583055" lbTx="0.48758393" tId="4" fbRx="0.487583055" lbRx="0.48758393" />
<p fId="3" fbTx="0.487682096" lbTx="0.48768218" tId="0" fbRx="0.497682096" lbRx="0.49768218" />
<p fId="0" fbTx="0.48768218" lbTx="0.487683055" tId="1" fbRx="0.48768218" lbRx="0.487683055" />
<p fId="1" fbTx="0.487683055" lbTx="0.48768393" tId="4" fbRx="0.487683055" lbRx="0.48768393" />
<p fId="3" fbTx="0.487782096" lbTx="0.48778218" tId="0" fbRx="0.497782096" lbRx="0.49778218" />
<p fId="0" fbTx="0.48778218" lbTx="0.487783055" tId="1" fbRx="0.48778218" lbRx="0.487783055" />
<p fId="1" fbTx="0.487783055" lbTx="0.48778393" tId="4" fbRx="0.487783055" lbRx="0.48778393" />
<p fId="3" fbTx="0.487882096" lbTx="0.48788218" tId="0" fbRx="0.497882096" lbRx="0.49788218" />
<p fId="0" fbTx="0.48788218" lbTx="0.487883055" tId="1" fbRx="0.48788218" lbRx="0.487883055" />
<p fId="1" fbTx="0.487883055" lbTx="0.48788393" tId="4" fbRx="0.487883055" lbRx="0.48788393" />
<p fId="3" fbTx="0.487982096" lbTx="0.48798218" tId="0" fbRx="0.497982096" lbRx="0.49798218" />
<p fId="0" fbTx="0.48798218" lbTx="0.487983055" tId="1" fbRx="0.48798218" lbRx="0.487983055" />
<p fId="1" fbTx="0.487983055" lbTx="0.48798393" tId="4" fbRx="0.487983055" lbRx="0.48798393" />
<p fId="3" fbTx="0.488082096" lbTx="0.48808218" tId="0" fbRx="0.498082096" lbRx="0.49808218" />
<p fId="0" fbTx="0.48808218" lbTx="0.488083055" tId="1" fbRx="0.48808218" lbRx="0.488083055" />
<p fId="1" fbTx="0.488083055" lbTx="0.48808393" tId="4" fbRx="0.488083055" lbRx="0.48808393" />
<p fId="3" fbTx="0.488182096" lbTx="0.48818218" tId="0" fbRx="0.498182096" lbRx="0.49818218" />
<p fId="0" fbTx="0.48818218" lbTx="0.488183055" tId="1" fbRx="0.48818218" lbRx="0.488183055" />
<p fId="1" fbTx="0.488183055" lbTx="0.48818393" tId="4" fbRx="0.488183055" lbRx="0.48818393" />
<pr uId="466" fId="4" fbTx="0.488214286" />
<wpr uId="466" tId="5" fbRx="0.488214286" lbRx="0" />
<wpr uId="466" tId="6" fbRx="0.488214286" lbRx="0" />
<p fId="3" fbTx="0.488282096" lbTx="0.48828218" tId="0" fbRx="0.498282096" lbRx="0.49828218" />
<p fId="0" fbTx="0.48828218" lbTx="0.488283055" tId="1" fbRx="0.48828218" lbRx="0.488283055" />
<p fId="1" fbTx="0.488283055" lbTx="0.48828393" tId="4" fbRx="0.488283055" lbRx="0.48828393" />
<p fId="3" fbTx="0.488382096" lbTx="0.48838218" tId="0" fbRx="0.498382096" lbRx="0.49838218" />
<p fId="0" fbTx="0.48838218" lbTx="0.488383055" tId="1" fbRx="0.48838218" lbRx="0.488383055" />
<p fId="1" fbTx="0.488383055" lbTx="0.48838393" tId="4" fbRx="0.488383055" lbRx="0.48838393" />
<p fId="3" fbTx="0.488482096" lbTx="0.48848218" tId="0" fbRx="0.498482096" lbRx="0.49848218" />
<p fId="0" fbTx="0.48848218" lbTx="0.488483055" tId="1" fbRx="0.48848218" lbRx="0.488483055" />
<p fId="1" fbTx="0.488483055" lbTx="0.48848393" tId="4" fbRx="0.488483055" lbRx="0.48848393" />
<p fId="3" fbTx="0.488582096" lbTx="0.48858218" tId="0" fbRx="0.498582096" lbRx="0.49858218" />
<p fId="0" fbTx="0.48858218" lbTx="0.488583055" tId="1" fbRx="0.48858218" lbRx="0.488583055" />
<p fId="1" fbTx="0.488583055" lbTx="0.48858393" tId="4" fbRx="0.488583055" lbRx="0.48858393" />
<p fId="3" fbTx="0.488682096" lbTx="0.48868218" tId="0" fbRx="0.498682096" lbRx="0.49868218" />
<p fId="0" fbTx="0.48868218" lbTx="0.488683055" tId="1" fbRx="0.48868218" lbRx="0.488683055" />
<p fId="1" fbTx="0.488683055" lbTx="0.48868393" tId="4" fbRx="0.488683055" lbRx="0.48868393" />
<p fId="3" fbTx="0.488782096" lbTx="0.48878218" tId="0" fbRx="0.498782096" lbRx="0.49878218" />
<p fId="0" fbTx="0.48878218" lbTx="0.488783055" tId="1" fbRx="0.48878218" lbRx="0.488783055" />
<p fId="1" fbTx="0.488783055" lbTx="0.48878393" tId="4" fbRx="0.488783055" lbRx="0.48878393" />
<p fId="3" fbTx="0.488882096" lbTx="0.48888218" tId="0" fbRx="0.498882096" lbRx="0.49888218" />
<p fId="0" fbTx="0.48888218" lbTx="0.488883055" tId="1" fbRx="0.48888218" lbRx="0.488883055" />
<p fId="1" fbTx="0.488883055" lbTx="0.48888393" tId="4" fbRx="0.488883055" lbRx="0.48888393" />
<p fId="3" fbTx="0.488982096" lbTx="0.48898218" tId="0" fbRx="0.498982096" lbRx="0.49898218" />
<p fId="0" fbTx="0.48898218" lbTx="0.488983055" tId="1" fbRx="0.48898218" lbRx="0.488983055" />
<p fId="1" fbTx="0.488983055" lbTx="0.48898393" tId="4" fbRx="0.488983055" lbRx="0.48898393" />
<p fId="3" fbTx="0.489082096" lbTx="0.48908218" tId="0" fbRx="0.499082096" lbRx="0.49908218" />
<p fId="0" fbTx="0.48908218" lbTx="0.489083055" tId="1" fbRx="0.48908218" lbRx="0.489083055" />
<p fId="1" fbTx="0.489083055" lbTx="0.48908393" tId="4" fbRx="0.489083055" lbRx="0.48908393" />
<p fId="3" fbTx="0.489182096" lbTx="0.48918218" tId="0" fbRx="0.499182096" lbRx="0.49918218" />
<p fId="0" fbTx="0.48918218" lbTx="0.489183055" tId="1" fbRx="0.48918218" lbRx="0.489183055" />
<p fId="1" fbTx="0.489183055" lbTx="0.48918393" tId="4" fbRx="0.489183055" lbRx="0.48918393" />
<pr uId="467" fId="4" fbTx="0.489214286" />
<wpr uId="467" tId="5" fbRx="0.489214286" lbRx="0" />
<wpr uId="467" tId="6" fbRx="0.489214286" lbRx="0" />
<p fId="3" fbTx="0.489282096" lbTx="0.48928218" tId="0" fbRx="0.499282096" lbRx="0.49928218" />
<p fId="0" fbTx="0.48928218" lbTx="0.489283055" tId="1" fbRx="0.48928218" lbRx="0.489283055" />
<p fId="1" fbTx="0.489283055" lbTx="0.48928393" tId="4" fbRx="0.489283055" lbRx="0.48928393" />
<p fId="3" fbTx="0.489382096" lbTx="0.48938218" tId="0" fbRx="0.499382096" lbRx="0.49938218" />
<p fId="0" fbTx="0.48938218" lbTx="0.489383055" tId="1" fbRx="0.48938218" lbRx="0.489383055" />
<p fId="1" fbTx="0.489383055" lbTx="0.48938393" tId="4" fbRx="0.489383055" lbRx="0.48938393" />
<p fId="3" fbTx="0.489482096" lbTx="0.48948218" tId="0" fbRx="0.499482096" lbRx="0.49948218" />
<p fId="0" fbTx="0.48948218" lbTx="0.489483055" tId="1" fbRx="0.48948218" lbRx="0.489483055" />
<p fId="1" fbTx="0.489483055" lbTx="0.48948393" tId="4" fbRx="0.489483055" lbRx="0.48948393" />
<p fId="3" fbTx="0.489582096" lbTx="0.48958218" tId="0" fbRx="0.499582096" lbRx="0.49958218" />
<p fId="0" fbTx="0.48958218" lbTx="0.489583055" tId="1" fbRx="0.48958218" lbRx="0.489583055" />
<p fId="1" fbTx="0.489583055" lbTx="0.48958393" tId="4" fbRx="0.489583055" lbRx="0.48958393" />
<p fId="3" fbTx="0.489682096" lbTx="0.48968218" tId="0" fbRx="0.499682096" lbRx="0.49968218" />
<p fId="0" fbTx="0.48968218" lbTx="0.489683055" tId="1" fbRx="0.48968218" lbRx="0.489683055" />
<p fId="1" fbTx="0.489683055" lbTx="0.48968393" tId="4" fbRx="0.489683055" lbRx="0.48968393" />
<p fId="3" fbTx="0.489782096" lbTx="0.48978218" tId="0" fbRx="0.499782096" lbRx="0.49978218" />
<p fId="0" fbTx="0.48978218" lbTx="0.489783055" tId="1" fbRx="0.48978218" lbRx="0.489783055" />
<p fId="1" fbTx="0.489783055" lbTx="0.48978393" tId="4" fbRx="0.489783055" lbRx="0.48978393" />
<p fId="3" fbTx="0.489882096" lbTx="0.48988218" tId="0" fbRx="0.499882096" lbRx="0.49988218" />
<p fId="0" fbTx="0.48988218" lbTx="0.489883055" tId="1" fbRx="0.48988218" lbRx="0.489883055" />
<p fId="1" fbTx="0.489883055" lbTx="0.48988393" tId="4" fbRx="0.489883055" lbRx="0.48988393" />
<p fId="3" fbTx="0.489982096" lbTx="0.48998218" tId="0" fbRx="0.499982096" lbRx="0.49998218" />
<p fId="0" fbTx="0.48998218" lbTx="0.489983055" tId="1" fbRx="0.48998218" lbRx="0.489983055" />
<p fId="1" fbTx="0.489983055" lbTx="0.48998393" tId="4" fbRx="0.489983055" lbRx="0.48998393" />
<p fId="3" fbTx="0.490082096" lbTx="0.49008218" tId="0" fbRx="0.500082096" lbRx="0.50008218" />
<p fId="0" fbTx="0.49008218" lbTx="0.490083055" tId="1" fbRx="0.49008218" lbRx="0.490083055" />
<p fId="1" fbTx="0.490083055" lbTx="0.49008393" tId="4" fbRx="0.490083055" lbRx="0.49008393" />
<p fId="3" fbTx="0.490182096" lbTx="0.49018218" tId="0" fbRx="0.500182096" lbRx="0.50018218" />
<p fId="0" fbTx="0.49018218" lbTx="0.490183055" tId="1" fbRx="0.49018218" lbRx="0.490183055" />
<p fId="1" fbTx="0.490183055" lbTx="0.49018393" tId="4" fbRx="0.490183055" lbRx="0.49018393" />
<pr uId="468" fId="4" fbTx="0.490214286" />
<wpr uId="468" tId="5" fbRx="0.490214286" lbRx="0" />
<wpr uId="468" tId="6" fbRx="0.490214286" lbRx="0" />
<p fId="3" fbTx="0.490282096" lbTx="0.49028218" tId="0" fbRx="0.500282096" lbRx="0.50028218" />
<p fId="0" fbTx="0.49028218" lbTx="0.490283055" tId="1" fbRx="0.49028218" lbRx="0.490283055" />
<p fId="1" fbTx="0.490283055" lbTx="0.49028393" tId="4" fbRx="0.490283055" lbRx="0.49028393" />
<p fId="3" fbTx="0.490382096" lbTx="0.49038218" tId="0" fbRx="0.500382096" lbRx="0.50038218" />
<p fId="0" fbTx="0.49038218" lbTx="0.490383055" tId="1" fbRx="0.49038218" lbRx="0.490383055" />
<p fId="1" fbTx="0.490383055" lbTx="0.49038393" tId="4" fbRx="0.490383055" lbRx="0.49038393" />
<p fId="3" fbTx="0.490482096" lbTx="0.49048218" tId="0" fbRx="0.500482096" lbRx="0.50048218" />
<p fId="0" fbTx="0.49048218" lbTx="0.490483055" tId="1" fbRx="0.49048218" lbRx="0.490483055" />
<p fId="1" fbTx="0.490483055" lbTx="0.49048393" tId="4" fbRx="0.490483055" lbRx="0.49048393" />
<p fId="3" fbTx="0.490582096" lbTx="0.49058218" tId="0" fbRx="0.500582096" lbRx="0.50058218" />
<p fId="0" fbTx="0.49058218" lbTx="0.490583055" tId="1" fbRx="0.49058218" lbRx="0.490583055" />
<p fId="1" fbTx="0.490583055" lbTx="0.49058393" tId="4" fbRx="0.490583055" lbRx="0.49058393" />
<p fId="3" fbTx="0.490682096" lbTx="0.49068218" tId="0" fbRx="0.500682096" lbRx="0.50068218" />
<p fId="0" fbTx="0.49068218" lbTx="0.490683055" tId="1" fbRx="0.49068218" lbRx="0.490683055" />
<p fId="1" fbTx="0.490683055" lbTx="0.49068393" tId="4" fbRx="0.490683055" lbRx="0.49068393" />
<p fId="3" fbTx="0.490782096" lbTx="0.49078218" tId="0" fbRx="0.500782096" lbRx="0.50078218" />
<p fId="0" fbTx="0.49078218" lbTx="0.490783055" tId="1" fbRx="0.49078218" lbRx="0.490783055" />
<p fId="1" fbTx="0.490783055" lbTx="0.49078393" tId="4" fbRx="0.490783055" lbRx="0.49078393" />
<p fId="3" fbTx="0.490882096" lbTx="0.49088218" tId="0" fbRx="0.500882096" lbRx="0.50088218" />
<p fId="0" fbTx="0.49088218" lbTx="0.490883055" tId="1" fbRx="0.49088218" lbRx="0.490883055" />
<p fId="1" fbTx="0.490883055" lbTx="0.49088393" tId="4" fbRx="0.490883055" lbRx="0.49088393" />
<p fId="3" fbTx="0.490982096" lbTx="0.49098218" tId="0" fbRx="0.500982096" lbRx="0.50098218" />
<p fId="0" fbTx="0.49098218" lbTx="0.490983055" tId="1" fbRx="0.49098218" lbRx="0.490983055" />
<p fId="1" fbTx="0.490983055" lbTx="0.49098393" tId="4" fbRx="0.490983055" lbRx="0.49098393" />
<p fId="3" fbTx="0.491082096" lbTx="0.49108218" tId="0" fbRx="0.501082096" lbRx="0.50108218" />
<p fId="0" fbTx="0.49108218" lbTx="0.491083055" tId="1" fbRx="0.49108218" lbRx="0.491083055" />
<p fId="1" fbTx="0.491083055" lbTx="0.49108393" tId="4" fbRx="0.491083055" lbRx="0.49108393" />
<p fId="3" fbTx="0.491182096" lbTx="0.49118218" tId="0" fbRx="0.501182096" lbRx="0.50118218" />
<p fId="0" fbTx="0.49118218" lbTx="0.491183055" tId="1" fbRx="0.49118218" lbRx="0.491183055" />
<p fId="1" fbTx="0.491183055" lbTx="0.49118393" tId="4" fbRx="0.491183055" lbRx="0.49118393" />
<pr uId="469" fId="4" fbTx="0.491214286" />
<wpr uId="469" tId="5" fbRx="0.491214286" lbRx="0" />
<wpr uId="469" tId="6" fbRx="0.491214286" lbRx="0" />
<p fId="3" fbTx="0.491282096" lbTx="0.49128218" tId="0" fbRx="0.501282096" lbRx="0.50128218" />
<p fId="0" fbTx="0.49128218" lbTx="0.491283055" tId="1" fbRx="0.49128218" lbRx="0.491283055" />
<p fId="1" fbTx="0.491283055" lbTx="0.49128393" tId="4" fbRx="0.491283055" lbRx="0.49128393" />
<p fId="3" fbTx="0.491382096" lbTx="0.49138218" tId="0" fbRx="0.501382096" lbRx="0.50138218" />
<p fId="0" fbTx="0.49138218" lbTx="0.491383055" tId="1" fbRx="0.49138218" lbRx="0.491383055" />
<p fId="1" fbTx="0.491383055" lbTx="0.49138393" tId="4" fbRx="0.491383055" lbRx="0.49138393" />
<p fId="3" fbTx="0.491482096" lbTx="0.49148218" tId="0" fbRx="0.501482096" lbRx="0.50148218" />
<p fId="0" fbTx="0.49148218" lbTx="0.491483055" tId="1" fbRx="0.49148218" lbRx="0.491483055" />
<p fId="1" fbTx="0.491483055" lbTx="0.49148393" tId="4" fbRx="0.491483055" lbRx="0.49148393" />
<p fId="3" fbTx="0.491582096" lbTx="0.49158218" tId="0" fbRx="0.501582096" lbRx="0.50158218" />
<p fId="0" fbTx="0.49158218" lbTx="0.491583055" tId="1" fbRx="0.49158218" lbRx="0.491583055" />
<p fId="1" fbTx="0.491583055" lbTx="0.49158393" tId="4" fbRx="0.491583055" lbRx="0.49158393" />
<p fId="3" fbTx="0.491682096" lbTx="0.49168218" tId="0" fbRx="0.501682096" lbRx="0.50168218" />
<p fId="0" fbTx="0.49168218" lbTx="0.491683055" tId="1" fbRx="0.49168218" lbRx="0.491683055" />
<p fId="1" fbTx="0.491683055" lbTx="0.49168393" tId="4" fbRx="0.491683055" lbRx="0.49168393" />
<p fId="3" fbTx="0.491782096" lbTx="0.49178218" tId="0" fbRx="0.501782096" lbRx="0.50178218" />
<p fId="0" fbTx="0.49178218" lbTx="0.491783055" tId="1" fbRx="0.49178218" lbRx="0.491783055" />
<p fId="1" fbTx="0.491783055" lbTx="0.49178393" tId="4" fbRx="0.491783055" lbRx="0.49178393" />
<p fId="3" fbTx="0.491882096" lbTx="0.49188218" tId="0" fbRx="0.501882096" lbRx="0.50188218" />
<p fId="0" fbTx="0.49188218" lbTx="0.491883055" tId="1" fbRx="0.49188218" lbRx="0.491883055" />
<p fId="1" fbTx="0.491883055" lbTx="0.49188393" tId="4" fbRx="0.491883055" lbRx="0.49188393" />
<p fId="3" fbTx="0.491982096" lbTx="0.49198218" tId="0" fbRx="0.501982096" lbRx="0.50198218" />
<p fId="0" fbTx="0.49198218" lbTx="0.491983055" tId="1" fbRx="0.49198218" lbRx="0.491983055" />
<p fId="1" fbTx="0.491983055" lbTx="0.49198393" tId="4" fbRx="0.491983055" lbRx="0.49198393" />
<p fId="3" fbTx="0.492082096" lbTx="0.49208218" tId="0" fbRx="0.502082096" lbRx="0.50208218" />
<p fId="0" fbTx="0.49208218" lbTx="0.492083055" tId="1" fbRx="0.49208218" lbRx="0.492083055" />
<p fId="1" fbTx="0.492083055" lbTx="0.49208393" tId="4" fbRx="0.492083055" lbRx="0.49208393" />
<p fId="3" fbTx="0.492182096" lbTx="0.49218218" tId="0" fbRx="0.502182096" lbRx="0.50218218" />
<p fId="0" fbTx="0.49218218" lbTx="0.492183055" tId="1" fbRx="0.49218218" lbRx="0.492183055" />
<p fId="1" fbTx="0.492183055" lbTx="0.49218393" tId="4" fbRx="0.492183055" lbRx="0.49218393" />
<pr uId="470" fId="4" fbTx="0.492214286" />
<wpr uId="470" tId="5" fbRx="0.492214286" lbRx="0" />
<wpr uId="470" tId="6" fbRx="0.492214286" lbRx="0" />
<p fId="3" fbTx="0.492282096" lbTx="0.49228218" tId="0" fbRx="0.502282096" lbRx="0.50228218" />
<p fId="0" fbTx="0.49228218" lbTx="0.492283055" tId="1" fbRx="0.49228218" lbRx="0.492283055" />
<p fId="1" fbTx="0.492283055" lbTx="0.49228393" tId="4" fbRx="0.492283055" lbRx="0.49228393" />
<p fId="3" fbTx="0.492382096" lbTx="0.49238218" tId="0" fbRx="0.502382096" lbRx="0.50238218" />
<p fId="0" fbTx="0.49238218" lbTx="0.492383055" tId="1" fbRx="0.49238218" lbRx="0.492383055" />
<p fId="1" fbTx="0.492383055" lbTx="0.49238393" tId="4" fbRx="0.492383055" lbRx="0.49238393" />
<p fId="3" fbTx="0.492482096" lbTx="0.49248218" tId="0" fbRx="0.502482096" lbRx="0.50248218" />
<p fId="0" fbTx="0.49248218" lbTx="0.492483055" tId="1" fbRx="0.49248218" lbRx="0.492483055" />
<p fId="1" fbTx="0.492483055" lbTx="0.49248393" tId="4" fbRx="0.492483055" lbRx="0.49248393" />
<p fId="3" fbTx="0.492582096" lbTx="0.49258218" tId="0" fbRx="0.502582096" lbRx="0.50258218" />
<p fId="0" fbTx="0.49258218" lbTx="0.492583055" tId="1" fbRx="0.49258218" lbRx="0.492583055" />
<p fId="1" fbTx="0.492583055" lbTx="0.49258393" tId="4" fbRx="0.492583055" lbRx="0.49258393" />
<p fId="3" fbTx="0.492682096" lbTx="0.49268218" tId="0" fbRx="0.502682096" lbRx="0.50268218" />
<p fId="0" fbTx="0.49268218" lbTx="0.492683055" tId="1" fbRx="0.49268218" lbRx="0.492683055" />
<p fId="1" fbTx="0.492683055" lbTx="0.49268393" tId="4" fbRx="0.492683055" lbRx="0.49268393" />
<p fId="3" fbTx="0.492782096" lbTx="0.49278218" tId="0" fbRx="0.502782096" lbRx="0.50278218" />
<p fId="0" fbTx="0.49278218" lbTx="0.492783055" tId="1" fbRx="0.49278218" lbRx="0.492783055" />
<p fId="1" fbTx="0.492783055" lbTx="0.49278393" tId="4" fbRx="0.492783055" lbRx="0.49278393" />
<p fId="3" fbTx="0.492882096" lbTx="0.49288218" tId="0" fbRx="0.502882096" lbRx="0.50288218" />
<p fId="0" fbTx="0.49288218" lbTx="0.492883055" tId="1" fbRx="0.49288218" lbRx="0.492883055" />
<p fId="1" fbTx="0.492883055" lbTx="0.49288393" tId="4" fbRx="0.492883055" lbRx="0.49288393" />
<p fId="3" fbTx="0.492982096" lbTx="0.49298218" tId="0" fbRx="0.502982096" lbRx="0.50298218" />
<p fId="0" fbTx="0.49298218" lbTx="0.492983055" tId="1" fbRx="0.49298218" lbRx="0.492983055" />
<p fId="1" fbTx="0.492983055" lbTx="0.49298393" tId="4" fbRx="0.492983055" lbRx="0.49298393" />
<p fId="3" fbTx="0.493082096" lbTx="0.49308218" tId="0" fbRx="0.503082096" lbRx="0.50308218" />
<p fId="0" fbTx="0.49308218" lbTx="0.493083055" tId="1" fbRx="0.49308218" lbRx="0.493083055" />
<p fId="1" fbTx="0.493083055" lbTx="0.49308393" tId="4" fbRx="0.493083055" lbRx="0.49308393" />
<p fId="3" fbTx="0.493182096" lbTx="0.49318218" tId="0" fbRx="0.503182096" lbRx="0.50318218" />
<p fId="0" fbTx="0.49318218" lbTx="0.493183055" tId="1" fbRx="0.49318218" lbRx="0.493183055" />
<p fId="1" fbTx="0.493183055" lbTx="0.49318393" tId="4" fbRx="0.493183055" lbRx="0.49318393" />
<pr uId="471" fId="4" fbTx="0.493214286" />
<wpr uId="471" tId="5" fbRx="0.493214286" lbRx="0" />
<wpr uId="471" tId="6" fbRx="0.493214286" lbRx="0" />
<p fId="3" fbTx="0.493282096" lbTx="0.49328218" tId="0" fbRx="0.503282096" lbRx="0.50328218" />
<p fId="0" fbTx="0.49328218" lbTx="0.493283055" tId="1" fbRx="0.49328218" lbRx="0.493283055" />
<p fId="1" fbTx="0.493283055" lbTx="0.49328393" tId="4" fbRx="0.493283055" lbRx="0.49328393" />
<p fId="3" fbTx="0.493382096" lbTx="0.49338218" tId="0" fbRx="0.503382096" lbRx="0.50338218" />
<p fId="0" fbTx="0.49338218" lbTx="0.493383055" tId="1" fbRx="0.49338218" lbRx="0.493383055" />
<p fId="1" fbTx="0.493383055" lbTx="0.49338393" tId="4" fbRx="0.493383055" lbRx="0.49338393" />
<p fId="3" fbTx="0.493482096" lbTx="0.49348218" tId="0" fbRx="0.503482096" lbRx="0.50348218" />
<p fId="0" fbTx="0.49348218" lbTx="0.493483055" tId="1" fbRx="0.49348218" lbRx="0.493483055" />
<p fId="1" fbTx="0.493483055" lbTx="0.49348393" tId="4" fbRx="0.493483055" lbRx="0.49348393" />
<p fId="3" fbTx="0.493582096" lbTx="0.49358218" tId="0" fbRx="0.503582096" lbRx="0.50358218" />
<p fId="0" fbTx="0.49358218" lbTx="0.493583055" tId="1" fbRx="0.49358218" lbRx="0.493583055" />
<p fId="1" fbTx="0.493583055" lbTx="0.49358393" tId="4" fbRx="0.493583055" lbRx="0.49358393" />
<p fId="3" fbTx="0.493682096" lbTx="0.49368218" tId="0" fbRx="0.503682096" lbRx="0.50368218" />
<p fId="0" fbTx="0.49368218" lbTx="0.493683055" tId="1" fbRx="0.49368218" lbRx="0.493683055" />
<p fId="1" fbTx="0.493683055" lbTx="0.49368393" tId="4" fbRx="0.493683055" lbRx="0.49368393" />
<p fId="3" fbTx="0.493782096" lbTx="0.49378218" tId="0" fbRx="0.503782096" lbRx="0.50378218" />
<p fId="0" fbTx="0.49378218" lbTx="0.493783055" tId="1" fbRx="0.49378218" lbRx="0.493783055" />
<p fId="1" fbTx="0.493783055" lbTx="0.49378393" tId="4" fbRx="0.493783055" lbRx="0.49378393" />
<p fId="3" fbTx="0.493882096" lbTx="0.49388218" tId="0" fbRx="0.503882096" lbRx="0.50388218" />
<p fId="0" fbTx="0.49388218" lbTx="0.493883055" tId="1" fbRx="0.49388218" lbRx="0.493883055" />
<p fId="1" fbTx="0.493883055" lbTx="0.49388393" tId="4" fbRx="0.493883055" lbRx="0.49388393" />
<p fId="3" fbTx="0.493982096" lbTx="0.49398218" tId="0" fbRx="0.503982096" lbRx="0.50398218" />
<p fId="0" fbTx="0.49398218" lbTx="0.493983055" tId="1" fbRx="0.49398218" lbRx="0.493983055" />
<p fId="1" fbTx="0.493983055" lbTx="0.49398393" tId="4" fbRx="0.493983055" lbRx="0.49398393" />
<p fId="3" fbTx="0.494082096" lbTx="0.49408218" tId="0" fbRx="0.504082096" lbRx="0.50408218" />
<p fId="0" fbTx="0.49408218" lbTx="0.494083055" tId="1" fbRx="0.49408218" lbRx="0.494083055" />
<p fId="1" fbTx="0.494083055" lbTx="0.49408393" tId="4" fbRx="0.494083055" lbRx="0.49408393" />
<p fId="3" fbTx="0.494182096" lbTx="0.49418218" tId="0" fbRx="0.504182096" lbRx="0.50418218" />
<p fId="0" fbTx="0.49418218" lbTx="0.494183055" tId="1" fbRx="0.49418218" lbRx="0.494183055" />
<p fId="1" fbTx="0.494183055" lbTx="0.49418393" tId="4" fbRx="0.494183055" lbRx="0.49418393" />
<pr uId="472" fId="4" fbTx="0.494214286" />
<wpr uId="472" tId="5" fbRx="0.494214286" lbRx="0" />
<wpr uId="472" tId="6" fbRx="0.494214286" lbRx="0" />
<p fId="3" fbTx="0.494282096" lbTx="0.49428218" tId="0" fbRx="0.504282096" lbRx="0.50428218" />
<p fId="0" fbTx="0.49428218" lbTx="0.494283055" tId="1" fbRx="0.49428218" lbRx="0.494283055" />
<p fId="1" fbTx="0.494283055" lbTx="0.49428393" tId="4" fbRx="0.494283055" lbRx="0.49428393" />
<p fId="3" fbTx="0.494382096" lbTx="0.49438218" tId="0" fbRx="0.504382096" lbRx="0.50438218" />
<p fId="0" fbTx="0.49438218" lbTx="0.494383055" tId="1" fbRx="0.49438218" lbRx="0.494383055" />
<p fId="1" fbTx="0.494383055" lbTx="0.49438393" tId="4" fbRx="0.494383055" lbRx="0.49438393" />
<p fId="3" fbTx="0.494482096" lbTx="0.49448218" tId="0" fbRx="0.504482096" lbRx="0.50448218" />
<p fId="0" fbTx="0.49448218" lbTx="0.494483055" tId="1" fbRx="0.49448218" lbRx="0.494483055" />
<p fId="1" fbTx="0.494483055" lbTx="0.49448393" tId="4" fbRx="0.494483055" lbRx="0.49448393" />
<p fId="3" fbTx="0.494582096" lbTx="0.49458218" tId="0" fbRx="0.504582096" lbRx="0.50458218" />
<p fId="0" fbTx="0.49458218" lbTx="0.494583055" tId="1" fbRx="0.49458218" lbRx="0.494583055" />
<p fId="1" fbTx="0.494583055" lbTx="0.49458393" tId="4" fbRx="0.494583055" lbRx="0.49458393" />
<p fId="3" fbTx="0.494682096" lbTx="0.49468218" tId="0" fbRx="0.504682096" lbRx="0.50468218" />
<p fId="0" fbTx="0.49468218" lbTx="0.494683055" tId="1" fbRx="0.49468218" lbRx="0.494683055" />
<p fId="1" fbTx="0.494683055" lbTx="0.49468393" tId="4" fbRx="0.494683055" lbRx="0.49468393" />
<p fId="3" fbTx="0.494782096" lbTx="0.49478218" tId="0" fbRx="0.504782096" lbRx="0.50478218" />
<p fId="0" fbTx="0.49478218" lbTx="0.494783055" tId="1" fbRx="0.49478218" lbRx="0.494783055" />
<p fId="1" fbTx="0.494783055" lbTx="0.49478393" tId="4" fbRx="0.494783055" lbRx="0.49478393" />
<p fId="3" fbTx="0.494882096" lbTx="0.49488218" tId="0" fbRx="0.504882096" lbRx="0.50488218" />
<p fId="0" fbTx="0.49488218" lbTx="0.494883055" tId="1" fbRx="0.49488218" lbRx="0.494883055" />
<p fId="1" fbTx="0.494883055" lbTx="0.49488393" tId="4" fbRx="0.494883055" lbRx="0.49488393" />
<p fId="3" fbTx="0.494982096" lbTx="0.49498218" tId="0" fbRx="0.504982096" lbRx="0.50498218" />
<p fId="0" fbTx="0.49498218" lbTx="0.494983055" tId="1" fbRx="0.49498218" lbRx="0.494983055" />
<p fId="1" fbTx="0.494983055" lbTx="0.49498393" tId="4" fbRx="0.494983055" lbRx="0.49498393" />
<p fId="3" fbTx="0.495082096" lbTx="0.49508218" tId="0" fbRx="0.505082096" lbRx="0.50508218" />
<p fId="0" fbTx="0.49508218" lbTx="0.495083055" tId="1" fbRx="0.49508218" lbRx="0.495083055" />
<p fId="1" fbTx="0.495083055" lbTx="0.49508393" tId="4" fbRx="0.495083055" lbRx="0.49508393" />
<p fId="3" fbTx="0.495182096" lbTx="0.49518218" tId="0" fbRx="0.505182096" lbRx="0.50518218" />
<p fId="0" fbTx="0.49518218" lbTx="0.495183055" tId="1" fbRx="0.49518218" lbRx="0.495183055" />
<p fId="1" fbTx="0.495183055" lbTx="0.49518393" tId="4" fbRx="0.495183055" lbRx="0.49518393" />
<pr uId="473" fId="4" fbTx="0.495214286" />
<wpr uId="473" tId="5" fbRx="0.495214286" lbRx="0" />
<wpr uId="473" tId="6" fbRx="0.495214286" lbRx="0" />
<p fId="3" fbTx="0.495282096" lbTx="0.49528218" tId="0" fbRx="0.505282096" lbRx="0.50528218" />
<p fId="0" fbTx="0.49528218" lbTx="0.495283055" tId="1" fbRx="0.49528218" lbRx="0.495283055" />
<p fId="1" fbTx="0.495283055" lbTx="0.49528393" tId="4" fbRx="0.495283055" lbRx="0.49528393" />
<p fId="3" fbTx="0.495382096" lbTx="0.49538218" tId="0" fbRx="0.505382096" lbRx="0.50538218" />
<p fId="0" fbTx="0.49538218" lbTx="0.495383055" tId="1" fbRx="0.49538218" lbRx="0.495383055" />
<p fId="1" fbTx="0.495383055" lbTx="0.49538393" tId="4" fbRx="0.495383055" lbRx="0.49538393" />
<p fId="3" fbTx="0.495482096" lbTx="0.49548218" tId="0" fbRx="0.505482096" lbRx="0.50548218" />
<p fId="0" fbTx="0.49548218" lbTx="0.495483055" tId="1" fbRx="0.49548218" lbRx="0.495483055" />
<p fId="1" fbTx="0.495483055" lbTx="0.49548393" tId="4" fbRx="0.495483055" lbRx="0.49548393" />
<p fId="3" fbTx="0.495582096" lbTx="0.49558218" tId="0" fbRx="0.505582096" lbRx="0.50558218" />
<p fId="0" fbTx="0.49558218" lbTx="0.495583055" tId="1" fbRx="0.49558218" lbRx="0.495583055" />
<p fId="1" fbTx="0.495583055" lbTx="0.49558393" tId="4" fbRx="0.495583055" lbRx="0.49558393" />
<p fId="3" fbTx="0.495682096" lbTx="0.49568218" tId="0" fbRx="0.505682096" lbRx="0.50568218" />
<p fId="0" fbTx="0.49568218" lbTx="0.495683055" tId="1" fbRx="0.49568218" lbRx="0.495683055" />
<p fId="1" fbTx="0.495683055" lbTx="0.49568393" tId="4" fbRx="0.495683055" lbRx="0.49568393" />
<p fId="3" fbTx="0.495782096" lbTx="0.49578218" tId="0" fbRx="0.505782096" lbRx="0.50578218" />
<p fId="0" fbTx="0.49578218" lbTx="0.495783055" tId="1" fbRx="0.49578218" lbRx="0.495783055" />
<p fId="1" fbTx="0.495783055" lbTx="0.49578393" tId="4" fbRx="0.495783055" lbRx="0.49578393" />
<p fId="3" fbTx="0.495882096" lbTx="0.49588218" tId="0" fbRx="0.505882096" lbRx="0.50588218" />
<p fId="0" fbTx="0.49588218" lbTx="0.495883055" tId="1" fbRx="0.49588218" lbRx="0.495883055" />
<p fId="1" fbTx="0.495883055" lbTx="0.49588393" tId="4" fbRx="0.495883055" lbRx="0.49588393" />
<p fId="3" fbTx="0.495982096" lbTx="0.49598218" tId="0" fbRx="0.505982096" lbRx="0.50598218" />
<p fId="0" fbTx="0.49598218" lbTx="0.495983055" tId="1" fbRx="0.49598218" lbRx="0.495983055" />
<p fId="1" fbTx="0.495983055" lbTx="0.49598393" tId="4" fbRx="0.495983055" lbRx="0.49598393" />
<p fId="3" fbTx="0.496082096" lbTx="0.49608218" tId="0" fbRx="0.506082096" lbRx="0.50608218" />
<p fId="0" fbTx="0.49608218" lbTx="0.496083055" tId="1" fbRx="0.49608218" lbRx="0.496083055" />
<p fId="1" fbTx="0.496083055" lbTx="0.49608393" tId="4" fbRx="0.496083055" lbRx="0.49608393" />
<p fId="3" fbTx="0.496182096" lbTx="0.49618218" tId="0" fbRx="0.506182096" lbRx="0.50618218" />
<p fId="0" fbTx="0.49618218" lbTx="0.496183055" tId="1" fbRx="0.49618218" lbRx="0.496183055" />
<p fId="1" fbTx="0.496183055" lbTx="0.49618393" tId="4" fbRx="0.496183055" lbRx="0.49618393" />
<pr uId="474" fId="4" fbTx="0.496214286" />
<wpr uId="474" tId="5" fbRx="0.496214286" lbRx="0" />
<wpr uId="474" tId="6" fbRx="0.496214286" lbRx="0" />
<p fId="3" fbTx="0.496282096" lbTx="0.49628218" tId="0" fbRx="0.506282096" lbRx="0.50628218" />
<p fId="0" fbTx="0.49628218" lbTx="0.496283055" tId="1" fbRx="0.49628218" lbRx="0.496283055" />
<p fId="1" fbTx="0.496283055" lbTx="0.49628393" tId="4" fbRx="0.496283055" lbRx="0.49628393" />
<p fId="3" fbTx="0.496382096" lbTx="0.49638218" tId="0" fbRx="0.506382096" lbRx="0.50638218" />
<p fId="0" fbTx="0.49638218" lbTx="0.496383055" tId="1" fbRx="0.49638218" lbRx="0.496383055" />
<p fId="1" fbTx="0.496383055" lbTx="0.49638393" tId="4" fbRx="0.496383055" lbRx="0.49638393" />
<p fId="3" fbTx="0.496482096" lbTx="0.49648218" tId="0" fbRx="0.506482096" lbRx="0.50648218" />
<p fId="0" fbTx="0.49648218" lbTx="0.496483055" tId="1" fbRx="0.49648218" lbRx="0.496483055" />
<p fId="1" fbTx="0.496483055" lbTx="0.49648393" tId="4" fbRx="0.496483055" lbRx="0.49648393" />
<p fId="3" fbTx="0.496582096" lbTx="0.49658218" tId="0" fbRx="0.506582096" lbRx="0.50658218" />
<p fId="0" fbTx="0.49658218" lbTx="0.496583055" tId="1" fbRx="0.49658218" lbRx="0.496583055" />
<p fId="1" fbTx="0.496583055" lbTx="0.49658393" tId="4" fbRx="0.496583055" lbRx="0.49658393" />
<p fId="3" fbTx="0.496682096" lbTx="0.49668218" tId="0" fbRx="0.506682096" lbRx="0.50668218" />
<p fId="0" fbTx="0.49668218" lbTx="0.496683055" tId="1" fbRx="0.49668218" lbRx="0.496683055" />
<p fId="1" fbTx="0.496683055" lbTx="0.49668393" tId="4" fbRx="0.496683055" lbRx="0.49668393" />
<p fId="3" fbTx="0.496782096" lbTx="0.49678218" tId="0" fbRx="0.506782096" lbRx="0.50678218" />
<p fId="0" fbTx="0.49678218" lbTx="0.496783055" tId="1" fbRx="0.49678218" lbRx="0.496783055" />
<p fId="1" fbTx="0.496783055" lbTx="0.49678393" tId="4" fbRx="0.496783055" lbRx="0.49678393" />
<p fId="3" fbTx="0.496882096" lbTx="0.49688218" tId="0" fbRx="0.506882096" lbRx="0.50688218" />
<p fId="0" fbTx="0.49688218" lbTx="0.496883055" tId="1" fbRx="0.49688218" lbRx="0.496883055" />
<p fId="1" fbTx="0.496883055" lbTx="0.49688393" tId="4" fbRx="0.496883055" lbRx="0.49688393" />
<p fId="3" fbTx="0.496982096" lbTx="0.49698218" tId="0" fbRx="0.506982096" lbRx="0.50698218" />
<p fId="0" fbTx="0.49698218" lbTx="0.496983055" tId="1" fbRx="0.49698218" lbRx="0.496983055" />
<p fId="1" fbTx="0.496983055" lbTx="0.49698393" tId="4" fbRx="0.496983055" lbRx="0.49698393" />
<p fId="3" fbTx="0.497082096" lbTx="0.49708218" tId="0" fbRx="0.507082096" lbRx="0.50708218" />
<p fId="0" fbTx="0.49708218" lbTx="0.497083055" tId="1" fbRx="0.49708218" lbRx="0.497083055" />
<p fId="1" fbTx="0.497083055" lbTx="0.49708393" tId="4" fbRx="0.497083055" lbRx="0.49708393" />
<p fId="3" fbTx="0.497182096" lbTx="0.49718218" tId="0" fbRx="0.507182096" lbRx="0.50718218" />
<p fId="0" fbTx="0.49718218" lbTx="0.497183055" tId="1" fbRx="0.49718218" lbRx="0.497183055" />
<p fId="1" fbTx="0.497183055" lbTx="0.49718393" tId="4" fbRx="0.497183055" lbRx="0.49718393" />
<pr uId="475" fId="4" fbTx="0.497214286" />
<wpr uId="475" tId="5" fbRx="0.497214286" lbRx="0" />
<wpr uId="475" tId="6" fbRx="0.497214286" lbRx="0" />
<p fId="3" fbTx="0.497282096" lbTx="0.49728218" tId="0" fbRx="0.507282096" lbRx="0.50728218" />
<p fId="0" fbTx="0.49728218" lbTx="0.497283055" tId="1" fbRx="0.49728218" lbRx="0.497283055" />
<p fId="1" fbTx="0.497283055" lbTx="0.49728393" tId="4" fbRx="0.497283055" lbRx="0.49728393" />
<p fId="3" fbTx="0.497382096" lbTx="0.49738218" tId="0" fbRx="0.507382096" lbRx="0.50738218" />
<p fId="0" fbTx="0.49738218" lbTx="0.497383055" tId="1" fbRx="0.49738218" lbRx="0.497383055" />
<p fId="1" fbTx="0.497383055" lbTx="0.49738393" tId="4" fbRx="0.497383055" lbRx="0.49738393" />
<p fId="3" fbTx="0.497482096" lbTx="0.49748218" tId="0" fbRx="0.507482096" lbRx="0.50748218" />
<p fId="0" fbTx="0.49748218" lbTx="0.497483055" tId="1" fbRx="0.49748218" lbRx="0.497483055" />
<p fId="1" fbTx="0.497483055" lbTx="0.49748393" tId="4" fbRx="0.497483055" lbRx="0.49748393" />
<p fId="3" fbTx="0.497582096" lbTx="0.49758218" tId="0" fbRx="0.507582096" lbRx="0.50758218" />
<p fId="0" fbTx="0.49758218" lbTx="0.497583055" tId="1" fbRx="0.49758218" lbRx="0.497583055" />
<p fId="1" fbTx="0.497583055" lbTx="0.49758393" tId="4" fbRx="0.497583055" lbRx="0.49758393" />
<p fId="3" fbTx="0.497682096" lbTx="0.49768218" tId="0" fbRx="0.507682096" lbRx="0.50768218" />
<p fId="0" fbTx="0.49768218" lbTx="0.497683055" tId="1" fbRx="0.49768218" lbRx="0.497683055" />
<p fId="1" fbTx="0.497683055" lbTx="0.49768393" tId="4" fbRx="0.497683055" lbRx="0.49768393" />
<p fId="3" fbTx="0.497782096" lbTx="0.49778218" tId="0" fbRx="0.507782096" lbRx="0.50778218" />
<p fId="0" fbTx="0.49778218" lbTx="0.497783055" tId="1" fbRx="0.49778218" lbRx="0.497783055" />
<p fId="1" fbTx="0.497783055" lbTx="0.49778393" tId="4" fbRx="0.497783055" lbRx="0.49778393" />
<p fId="3" fbTx="0.497882096" lbTx="0.49788218" tId="0" fbRx="0.507882096" lbRx="0.50788218" />
<p fId="0" fbTx="0.49788218" lbTx="0.497883055" tId="1" fbRx="0.49788218" lbRx="0.497883055" />
<p fId="1" fbTx="0.497883055" lbTx="0.49788393" tId="4" fbRx="0.497883055" lbRx="0.49788393" />
<p fId="3" fbTx="0.497982096" lbTx="0.49798218" tId="0" fbRx="0.507982096" lbRx="0.50798218" />
<p fId="0" fbTx="0.49798218" lbTx="0.497983055" tId="1" fbRx="0.49798218" lbRx="0.497983055" />
<p fId="1" fbTx="0.497983055" lbTx="0.49798393" tId="4" fbRx="0.497983055" lbRx="0.49798393" />
<p fId="3" fbTx="0.498082096" lbTx="0.49808218" tId="0" fbRx="0.508082096" lbRx="0.50808218" />
<p fId="0" fbTx="0.49808218" lbTx="0.498083055" tId="1" fbRx="0.49808218" lbRx="0.498083055" />
<p fId="1" fbTx="0.498083055" lbTx="0.49808393" tId="4" fbRx="0.498083055" lbRx="0.49808393" />
<p fId="3" fbTx="0.498182096" lbTx="0.49818218" tId="0" fbRx="0.508182096" lbRx="0.50818218" />
<p fId="0" fbTx="0.49818218" lbTx="0.498183055" tId="1" fbRx="0.49818218" lbRx="0.498183055" />
<p fId="1" fbTx="0.498183055" lbTx="0.49818393" tId="4" fbRx="0.498183055" lbRx="0.49818393" />
<pr uId="476" fId="4" fbTx="0.498214286" />
<wpr uId="476" tId="5" fbRx="0.498214286" lbRx="0" />
<wpr uId="476" tId="6" fbRx="0.498214286" lbRx="0" />
<p fId="3" fbTx="0.498282096" lbTx="0.49828218" tId="0" fbRx="0.508282096" lbRx="0.50828218" />
<p fId="0" fbTx="0.49828218" lbTx="0.498283055" tId="1" fbRx="0.49828218" lbRx="0.498283055" />
<p fId="1" fbTx="0.498283055" lbTx="0.49828393" tId="4" fbRx="0.498283055" lbRx="0.49828393" />
<p fId="3" fbTx="0.498382096" lbTx="0.49838218" tId="0" fbRx="0.508382096" lbRx="0.50838218" />
<p fId="0" fbTx="0.49838218" lbTx="0.498383055" tId="1" fbRx="0.49838218" lbRx="0.498383055" />
<p fId="1" fbTx="0.498383055" lbTx="0.49838393" tId="4" fbRx="0.498383055" lbRx="0.49838393" />
<p fId="3" fbTx="0.498482096" lbTx="0.49848218" tId="0" fbRx="0.508482096" lbRx="0.50848218" />
<p fId="0" fbTx="0.49848218" lbTx="0.498483055" tId="1" fbRx="0.49848218" lbRx="0.498483055" />
<p fId="1" fbTx="0.498483055" lbTx="0.49848393" tId="4" fbRx="0.498483055" lbRx="0.49848393" />
<p fId="3" fbTx="0.498582096" lbTx="0.49858218" tId="0" fbRx="0.508582096" lbRx="0.50858218" />
<p fId="0" fbTx="0.49858218" lbTx="0.498583055" tId="1" fbRx="0.49858218" lbRx="0.498583055" />
<p fId="1" fbTx="0.498583055" lbTx="0.49858393" tId="4" fbRx="0.498583055" lbRx="0.49858393" />
<p fId="3" fbTx="0.498682096" lbTx="0.49868218" tId="0" fbRx="0.508682096" lbRx="0.50868218" />
<p fId="0" fbTx="0.49868218" lbTx="0.498683055" tId="1" fbRx="0.49868218" lbRx="0.498683055" />
<p fId="1" fbTx="0.498683055" lbTx="0.49868393" tId="4" fbRx="0.498683055" lbRx="0.49868393" />
<p fId="3" fbTx="0.498782096" lbTx="0.49878218" tId="0" fbRx="0.508782096" lbRx="0.50878218" />
<p fId="0" fbTx="0.49878218" lbTx="0.498783055" tId="1" fbRx="0.49878218" lbRx="0.498783055" />
<p fId="1" fbTx="0.498783055" lbTx="0.49878393" tId="4" fbRx="0.498783055" lbRx="0.49878393" />
<p fId="3" fbTx="0.498882096" lbTx="0.49888218" tId="0" fbRx="0.508882096" lbRx="0.50888218" />
<p fId="0" fbTx="0.49888218" lbTx="0.498883055" tId="1" fbRx="0.49888218" lbRx="0.498883055" />
<p fId="1" fbTx="0.498883055" lbTx="0.49888393" tId="4" fbRx="0.498883055" lbRx="0.49888393" />
<p fId="3" fbTx="0.498982096" lbTx="0.49898218" tId="0" fbRx="0.508982096" lbRx="0.50898218" />
<p fId="0" fbTx="0.49898218" lbTx="0.498983055" tId="1" fbRx="0.49898218" lbRx="0.498983055" />
<p fId="1" fbTx="0.498983055" lbTx="0.49898393" tId="4" fbRx="0.498983055" lbRx="0.49898393" />
<p fId="3" fbTx="0.499082096" lbTx="0.49908218" tId="0" fbRx="0.509082096" lbRx="0.50908218" />
<p fId="0" fbTx="0.49908218" lbTx="0.499083055" tId="1" fbRx="0.49908218" lbRx="0.499083055" />
<p fId="1" fbTx="0.499083055" lbTx="0.49908393" tId="4" fbRx="0.499083055" lbRx="0.49908393" />
<p fId="3" fbTx="0.499182096" lbTx="0.49918218" tId="0" fbRx="0.509182096" lbRx="0.50918218" />
<p fId="0" fbTx="0.49918218" lbTx="0.499183055" tId="1" fbRx="0.49918218" lbRx="0.499183055" />
<p fId="1" fbTx="0.499183055" lbTx="0.49918393" tId="4" fbRx="0.499183055" lbRx="0.49918393" />
<pr uId="477" fId="4" fbTx="0.499214286" />
<wpr uId="477" tId="5" fbRx="0.499214286" lbRx="0" />
<wpr uId="477" tId="6" fbRx="0.499214286" lbRx="0" />
<p fId="3" fbTx="0.499282096" lbTx="0.49928218" tId="0" fbRx="0.509282096" lbRx="0.50928218" />
<p fId="0" fbTx="0.49928218" lbTx="0.499283055" tId="1" fbRx="0.49928218" lbRx="0.499283055" />
<p fId="1" fbTx="0.499283055" lbTx="0.49928393" tId="4" fbRx="0.499283055" lbRx="0.49928393" />
<p fId="3" fbTx="0.499382096" lbTx="0.49938218" tId="0" fbRx="0.509382096" lbRx="0.50938218" />
<p fId="0" fbTx="0.49938218" lbTx="0.499383055" tId="1" fbRx="0.49938218" lbRx="0.499383055" />
<p fId="1" fbTx="0.499383055" lbTx="0.49938393" tId="4" fbRx="0.499383055" lbRx="0.49938393" />
<p fId="3" fbTx="0.499482096" lbTx="0.49948218" tId="0" fbRx="0.509482096" lbRx="0.50948218" />
<p fId="0" fbTx="0.49948218" lbTx="0.499483055" tId="1" fbRx="0.49948218" lbRx="0.499483055" />
<p fId="1" fbTx="0.499483055" lbTx="0.49948393" tId="4" fbRx="0.499483055" lbRx="0.49948393" />
<p fId="3" fbTx="0.499582096" lbTx="0.49958218" tId="0" fbRx="0.509582096" lbRx="0.50958218" />
<p fId="0" fbTx="0.49958218" lbTx="0.499583055" tId="1" fbRx="0.49958218" lbRx="0.499583055" />
<p fId="1" fbTx="0.499583055" lbTx="0.49958393" tId="4" fbRx="0.499583055" lbRx="0.49958393" />
<p fId="3" fbTx="0.499682096" lbTx="0.49968218" tId="0" fbRx="0.509682096" lbRx="0.50968218" />
<p fId="0" fbTx="0.49968218" lbTx="0.499683055" tId="1" fbRx="0.49968218" lbRx="0.499683055" />
<p fId="1" fbTx="0.499683055" lbTx="0.49968393" tId="4" fbRx="0.499683055" lbRx="0.49968393" />
<p fId="3" fbTx="0.499782096" lbTx="0.49978218" tId="0" fbRx="0.509782096" lbRx="0.50978218" />
<p fId="0" fbTx="0.49978218" lbTx="0.499783055" tId="1" fbRx="0.49978218" lbRx="0.499783055" />
<p fId="1" fbTx="0.499783055" lbTx="0.49978393" tId="4" fbRx="0.499783055" lbRx="0.49978393" />
<p fId="3" fbTx="0.499882096" lbTx="0.49988218" tId="0" fbRx="0.509882096" lbRx="0.50988218" />
<p fId="0" fbTx="0.49988218" lbTx="0.499883055" tId="1" fbRx="0.49988218" lbRx="0.499883055" />
<p fId="1" fbTx="0.499883055" lbTx="0.49988393" tId="4" fbRx="0.499883055" lbRx="0.49988393" />
<p fId="3" fbTx="0.499982096" lbTx="0.49998218" tId="0" fbRx="0.509982096" lbRx="0.50998218" />
<p fId="0" fbTx="0.49998218" lbTx="0.499983055" tId="1" fbRx="0.49998218" lbRx="0.499983055" />
<p fId="1" fbTx="0.499983055" lbTx="0.49998393" tId="4" fbRx="0.499983055" lbRx="0.49998393" />
<p fId="3" fbTx="0.500082096" lbTx="0.50008218" tId="0" fbRx="0.510082096" lbRx="0.51008218" />
<p fId="0" fbTx="0.50008218" lbTx="0.500083055" tId="1" fbRx="0.50008218" lbRx="0.500083055" />
<p fId="1" fbTx="0.500083055" lbTx="0.50008393" tId="4" fbRx="0.500083055" lbRx="0.50008393" />
<p fId="3" fbTx="0.500182096" lbTx="0.50018218" tId="0" fbRx="0.510182096" lbRx="0.51018218" />
<p fId="0" fbTx="0.50018218" lbTx="0.500183055" tId="1" fbRx="0.50018218" lbRx="0.500183055" />
<p fId="1" fbTx="0.500183055" lbTx="0.50018393" tId="4" fbRx="0.500183055" lbRx="0.50018393" />
<pr uId="478" fId="4" fbTx="0.500214286" />
<wpr uId="478" tId="5" fbRx="0.500214286" lbRx="0" />
<wpr uId="478" tId="6" fbRx="0.500214286" lbRx="0" />
<p fId="3" fbTx="0.500282096" lbTx="0.50028218" tId="0" fbRx="0.510282096" lbRx="0.51028218" />
<p fId="0" fbTx="0.50028218" lbTx="0.500283055" tId="1" fbRx="0.50028218" lbRx="0.500283055" />
<p fId="1" fbTx="0.500283055" lbTx="0.50028393" tId="4" fbRx="0.500283055" lbRx="0.50028393" />
<p fId="3" fbTx="0.500382096" lbTx="0.50038218" tId="0" fbRx="0.510382096" lbRx="0.51038218" />
<p fId="0" fbTx="0.50038218" lbTx="0.500383055" tId="1" fbRx="0.50038218" lbRx="0.500383055" />
<p fId="1" fbTx="0.500383055" lbTx="0.50038393" tId="4" fbRx="0.500383055" lbRx="0.50038393" />
<p fId="3" fbTx="0.500482096" lbTx="0.50048218" tId="0" fbRx="0.510482096" lbRx="0.51048218" />
<p fId="0" fbTx="0.50048218" lbTx="0.500483055" tId="1" fbRx="0.50048218" lbRx="0.500483055" />
<p fId="1" fbTx="0.500483055" lbTx="0.50048393" tId="4" fbRx="0.500483055" lbRx="0.50048393" />
<p fId="3" fbTx="0.500582096" lbTx="0.50058218" tId="0" fbRx="0.510582096" lbRx="0.51058218" />
<p fId="0" fbTx="0.50058218" lbTx="0.500583055" tId="1" fbRx="0.50058218" lbRx="0.500583055" />
<p fId="1" fbTx="0.500583055" lbTx="0.50058393" tId="4" fbRx="0.500583055" lbRx="0.50058393" />
<p fId="3" fbTx="0.500682096" lbTx="0.50068218" tId="0" fbRx="0.510682096" lbRx="0.51068218" />
<p fId="0" fbTx="0.50068218" lbTx="0.500683055" tId="1" fbRx="0.50068218" lbRx="0.500683055" />
<p fId="1" fbTx="0.500683055" lbTx="0.50068393" tId="4" fbRx="0.500683055" lbRx="0.50068393" />
<p fId="3" fbTx="0.500782096" lbTx="0.50078218" tId="0" fbRx="0.510782096" lbRx="0.51078218" />
<p fId="0" fbTx="0.50078218" lbTx="0.500783055" tId="1" fbRx="0.50078218" lbRx="0.500783055" />
<p fId="1" fbTx="0.500783055" lbTx="0.50078393" tId="4" fbRx="0.500783055" lbRx="0.50078393" />
<p fId="3" fbTx="0.500882096" lbTx="0.50088218" tId="0" fbRx="0.510882096" lbRx="0.51088218" />
<p fId="0" fbTx="0.50088218" lbTx="0.500883055" tId="1" fbRx="0.50088218" lbRx="0.500883055" />
<p fId="1" fbTx="0.500883055" lbTx="0.50088393" tId="4" fbRx="0.500883055" lbRx="0.50088393" />
<p fId="3" fbTx="0.500982096" lbTx="0.50098218" tId="0" fbRx="0.510982096" lbRx="0.51098218" />
<p fId="0" fbTx="0.50098218" lbTx="0.500983055" tId="1" fbRx="0.50098218" lbRx="0.500983055" />
<p fId="1" fbTx="0.500983055" lbTx="0.50098393" tId="4" fbRx="0.500983055" lbRx="0.50098393" />
<p fId="3" fbTx="0.501082096" lbTx="0.50108218" tId="0" fbRx="0.511082096" lbRx="0.51108218" />
<p fId="0" fbTx="0.50108218" lbTx="0.501083055" tId="1" fbRx="0.50108218" lbRx="0.501083055" />
<p fId="1" fbTx="0.501083055" lbTx="0.50108393" tId="4" fbRx="0.501083055" lbRx="0.50108393" />
<p fId="3" fbTx="0.501182096" lbTx="0.50118218" tId="0" fbRx="0.511182096" lbRx="0.51118218" />
<p fId="0" fbTx="0.50118218" lbTx="0.501183055" tId="1" fbRx="0.50118218" lbRx="0.501183055" />
<p fId="1" fbTx="0.501183055" lbTx="0.50118393" tId="4" fbRx="0.501183055" lbRx="0.50118393" />
<pr uId="479" fId="4" fbTx="0.501214286" />
<wpr uId="479" tId="5" fbRx="0.501214286" lbRx="0" />
<wpr uId="479" tId="6" fbRx="0.501214286" lbRx="0" />
<p fId="3" fbTx="0.501282096" lbTx="0.50128218" tId="0" fbRx="0.511282096" lbRx="0.51128218" />
<p fId="0" fbTx="0.50128218" lbTx="0.501283055" tId="1" fbRx="0.50128218" lbRx="0.501283055" />
<p fId="1" fbTx="0.501283055" lbTx="0.50128393" tId="4" fbRx="0.501283055" lbRx="0.50128393" />
<p fId="3" fbTx="0.501382096" lbTx="0.50138218" tId="0" fbRx="0.511382096" lbRx="0.51138218" />
<p fId="0" fbTx="0.50138218" lbTx="0.501383055" tId="1" fbRx="0.50138218" lbRx="0.501383055" />
<p fId="1" fbTx="0.501383055" lbTx="0.50138393" tId="4" fbRx="0.501383055" lbRx="0.50138393" />
<p fId="3" fbTx="0.501482096" lbTx="0.50148218" tId="0" fbRx="0.511482096" lbRx="0.51148218" />
<p fId="0" fbTx="0.50148218" lbTx="0.501483055" tId="1" fbRx="0.50148218" lbRx="0.501483055" />
<p fId="1" fbTx="0.501483055" lbTx="0.50148393" tId="4" fbRx="0.501483055" lbRx="0.50148393" />
<p fId="3" fbTx="0.501582096" lbTx="0.50158218" tId="0" fbRx="0.511582096" lbRx="0.51158218" />
<p fId="0" fbTx="0.50158218" lbTx="0.501583055" tId="1" fbRx="0.50158218" lbRx="0.501583055" />
<p fId="1" fbTx="0.501583055" lbTx="0.50158393" tId="4" fbRx="0.501583055" lbRx="0.50158393" />
<p fId="3" fbTx="0.501682096" lbTx="0.50168218" tId="0" fbRx="0.511682096" lbRx="0.51168218" />
<p fId="0" fbTx="0.50168218" lbTx="0.501683055" tId="1" fbRx="0.50168218" lbRx="0.501683055" />
<p fId="1" fbTx="0.501683055" lbTx="0.50168393" tId="4" fbRx="0.501683055" lbRx="0.50168393" />
<p fId="3" fbTx="0.501782096" lbTx="0.50178218" tId="0" fbRx="0.511782096" lbRx="0.51178218" />
<p fId="0" fbTx="0.50178218" lbTx="0.501783055" tId="1" fbRx="0.50178218" lbRx="0.501783055" />
<p fId="1" fbTx="0.501783055" lbTx="0.50178393" tId="4" fbRx="0.501783055" lbRx="0.50178393" />
<p fId="3" fbTx="0.501882096" lbTx="0.50188218" tId="0" fbRx="0.511882096" lbRx="0.51188218" />
<p fId="0" fbTx="0.50188218" lbTx="0.501883055" tId="1" fbRx="0.50188218" lbRx="0.501883055" />
<p fId="1" fbTx="0.501883055" lbTx="0.50188393" tId="4" fbRx="0.501883055" lbRx="0.50188393" />
<p fId="3" fbTx="0.501982096" lbTx="0.50198218" tId="0" fbRx="0.511982096" lbRx="0.51198218" />
<p fId="0" fbTx="0.50198218" lbTx="0.501983055" tId="1" fbRx="0.50198218" lbRx="0.501983055" />
<p fId="1" fbTx="0.501983055" lbTx="0.50198393" tId="4" fbRx="0.501983055" lbRx="0.50198393" />
<p fId="3" fbTx="0.502082096" lbTx="0.50208218" tId="0" fbRx="0.512082096" lbRx="0.51208218" />
<p fId="0" fbTx="0.50208218" lbTx="0.502083055" tId="1" fbRx="0.50208218" lbRx="0.502083055" />
<p fId="1" fbTx="0.502083055" lbTx="0.50208393" tId="4" fbRx="0.502083055" lbRx="0.50208393" />
<p fId="3" fbTx="0.502182096" lbTx="0.50218218" tId="0" fbRx="0.512182096" lbRx="0.51218218" />
<p fId="0" fbTx="0.50218218" lbTx="0.502183055" tId="1" fbRx="0.50218218" lbRx="0.502183055" />
<p fId="1" fbTx="0.502183055" lbTx="0.50218393" tId="4" fbRx="0.502183055" lbRx="0.50218393" />
<pr uId="480" fId="4" fbTx="0.502214286" />
<wpr uId="480" tId="5" fbRx="0.502214286" lbRx="0" />
<wpr uId="480" tId="6" fbRx="0.502214286" lbRx="0" />
<p fId="3" fbTx="0.502282096" lbTx="0.50228218" tId="0" fbRx="0.512282096" lbRx="0.51228218" />
<p fId="0" fbTx="0.50228218" lbTx="0.502283055" tId="1" fbRx="0.50228218" lbRx="0.502283055" />
<p fId="1" fbTx="0.502283055" lbTx="0.50228393" tId="4" fbRx="0.502283055" lbRx="0.50228393" />
<p fId="3" fbTx="0.502382096" lbTx="0.50238218" tId="0" fbRx="0.512382096" lbRx="0.51238218" />
<p fId="0" fbTx="0.50238218" lbTx="0.502383055" tId="1" fbRx="0.50238218" lbRx="0.502383055" />
<p fId="1" fbTx="0.502383055" lbTx="0.50238393" tId="4" fbRx="0.502383055" lbRx="0.50238393" />
<p fId="3" fbTx="0.502482096" lbTx="0.50248218" tId="0" fbRx="0.512482096" lbRx="0.51248218" />
<p fId="0" fbTx="0.50248218" lbTx="0.502483055" tId="1" fbRx="0.50248218" lbRx="0.502483055" />
<p fId="1" fbTx="0.502483055" lbTx="0.50248393" tId="4" fbRx="0.502483055" lbRx="0.50248393" />
<p fId="3" fbTx="0.502582096" lbTx="0.50258218" tId="0" fbRx="0.512582096" lbRx="0.51258218" />
<p fId="0" fbTx="0.50258218" lbTx="0.502583055" tId="1" fbRx="0.50258218" lbRx="0.502583055" />
<p fId="1" fbTx="0.502583055" lbTx="0.50258393" tId="4" fbRx="0.502583055" lbRx="0.50258393" />
<p fId="3" fbTx="0.502682096" lbTx="0.50268218" tId="0" fbRx="0.512682096" lbRx="0.51268218" />
<p fId="0" fbTx="0.50268218" lbTx="0.502683055" tId="1" fbRx="0.50268218" lbRx="0.502683055" />
<p fId="1" fbTx="0.502683055" lbTx="0.50268393" tId="4" fbRx="0.502683055" lbRx="0.50268393" />
<p fId="3" fbTx="0.502782096" lbTx="0.50278218" tId="0" fbRx="0.512782096" lbRx="0.51278218" />
<p fId="0" fbTx="0.50278218" lbTx="0.502783055" tId="1" fbRx="0.50278218" lbRx="0.502783055" />
<p fId="1" fbTx="0.502783055" lbTx="0.50278393" tId="4" fbRx="0.502783055" lbRx="0.50278393" />
<p fId="3" fbTx="0.502882096" lbTx="0.50288218" tId="0" fbRx="0.512882096" lbRx="0.51288218" />
<p fId="0" fbTx="0.50288218" lbTx="0.502883055" tId="1" fbRx="0.50288218" lbRx="0.502883055" />
<p fId="1" fbTx="0.502883055" lbTx="0.50288393" tId="4" fbRx="0.502883055" lbRx="0.50288393" />
<p fId="3" fbTx="0.502982096" lbTx="0.50298218" tId="0" fbRx="0.512982096" lbRx="0.51298218" />
<p fId="0" fbTx="0.50298218" lbTx="0.502983055" tId="1" fbRx="0.50298218" lbRx="0.502983055" />
<p fId="1" fbTx="0.502983055" lbTx="0.50298393" tId="4" fbRx="0.502983055" lbRx="0.50298393" />
<p fId="3" fbTx="0.503082096" lbTx="0.50308218" tId="0" fbRx="0.513082096" lbRx="0.51308218" />
<p fId="0" fbTx="0.50308218" lbTx="0.503083055" tId="1" fbRx="0.50308218" lbRx="0.503083055" />
<p fId="1" fbTx="0.503083055" lbTx="0.50308393" tId="4" fbRx="0.503083055" lbRx="0.50308393" />
<p fId="3" fbTx="0.503182096" lbTx="0.50318218" tId="0" fbRx="0.513182096" lbRx="0.51318218" />
<p fId="0" fbTx="0.50318218" lbTx="0.503183055" tId="1" fbRx="0.50318218" lbRx="0.503183055" />
<p fId="1" fbTx="0.503183055" lbTx="0.50318393" tId="4" fbRx="0.503183055" lbRx="0.50318393" />
<pr uId="481" fId="4" fbTx="0.503214286" />
<wpr uId="481" tId="5" fbRx="0.503214286" lbRx="0" />
<wpr uId="481" tId="6" fbRx="0.503214286" lbRx="0" />
<p fId="3" fbTx="0.503282096" lbTx="0.50328218" tId="0" fbRx="0.513282096" lbRx="0.51328218" />
<p fId="0" fbTx="0.50328218" lbTx="0.503283055" tId="1" fbRx="0.50328218" lbRx="0.503283055" />
<p fId="1" fbTx="0.503283055" lbTx="0.50328393" tId="4" fbRx="0.503283055" lbRx="0.50328393" />
<p fId="3" fbTx="0.503382096" lbTx="0.50338218" tId="0" fbRx="0.513382096" lbRx="0.51338218" />
<p fId="0" fbTx="0.50338218" lbTx="0.503383055" tId="1" fbRx="0.50338218" lbRx="0.503383055" />
<p fId="1" fbTx="0.503383055" lbTx="0.50338393" tId="4" fbRx="0.503383055" lbRx="0.50338393" />
<p fId="3" fbTx="0.503482096" lbTx="0.50348218" tId="0" fbRx="0.513482096" lbRx="0.51348218" />
<p fId="0" fbTx="0.50348218" lbTx="0.503483055" tId="1" fbRx="0.50348218" lbRx="0.503483055" />
<p fId="1" fbTx="0.503483055" lbTx="0.50348393" tId="4" fbRx="0.503483055" lbRx="0.50348393" />
<p fId="3" fbTx="0.503582096" lbTx="0.50358218" tId="0" fbRx="0.513582096" lbRx="0.51358218" />
<p fId="0" fbTx="0.50358218" lbTx="0.503583055" tId="1" fbRx="0.50358218" lbRx="0.503583055" />
<p fId="1" fbTx="0.503583055" lbTx="0.50358393" tId="4" fbRx="0.503583055" lbRx="0.50358393" />
<p fId="3" fbTx="0.503682096" lbTx="0.50368218" tId="0" fbRx="0.513682096" lbRx="0.51368218" />
<p fId="0" fbTx="0.50368218" lbTx="0.503683055" tId="1" fbRx="0.50368218" lbRx="0.503683055" />
<p fId="1" fbTx="0.503683055" lbTx="0.50368393" tId="4" fbRx="0.503683055" lbRx="0.50368393" />
<p fId="3" fbTx="0.503782096" lbTx="0.50378218" tId="0" fbRx="0.513782096" lbRx="0.51378218" />
<p fId="0" fbTx="0.50378218" lbTx="0.503783055" tId="1" fbRx="0.50378218" lbRx="0.503783055" />
<p fId="1" fbTx="0.503783055" lbTx="0.50378393" tId="4" fbRx="0.503783055" lbRx="0.50378393" />
<p fId="3" fbTx="0.503882096" lbTx="0.50388218" tId="0" fbRx="0.513882096" lbRx="0.51388218" />
<p fId="0" fbTx="0.50388218" lbTx="0.503883055" tId="1" fbRx="0.50388218" lbRx="0.503883055" />
<p fId="1" fbTx="0.503883055" lbTx="0.50388393" tId="4" fbRx="0.503883055" lbRx="0.50388393" />
<p fId="3" fbTx="0.503982096" lbTx="0.50398218" tId="0" fbRx="0.513982096" lbRx="0.51398218" />
<p fId="0" fbTx="0.50398218" lbTx="0.503983055" tId="1" fbRx="0.50398218" lbRx="0.503983055" />
<p fId="1" fbTx="0.503983055" lbTx="0.50398393" tId="4" fbRx="0.503983055" lbRx="0.50398393" />
<p fId="3" fbTx="0.504082096" lbTx="0.50408218" tId="0" fbRx="0.514082096" lbRx="0.51408218" />
<p fId="0" fbTx="0.50408218" lbTx="0.504083055" tId="1" fbRx="0.50408218" lbRx="0.504083055" />
<p fId="1" fbTx="0.504083055" lbTx="0.50408393" tId="4" fbRx="0.504083055" lbRx="0.50408393" />
<p fId="3" fbTx="0.504182096" lbTx="0.50418218" tId="0" fbRx="0.514182096" lbRx="0.51418218" />
<p fId="0" fbTx="0.50418218" lbTx="0.504183055" tId="1" fbRx="0.50418218" lbRx="0.504183055" />
<p fId="1" fbTx="0.504183055" lbTx="0.50418393" tId="4" fbRx="0.504183055" lbRx="0.50418393" />
<pr uId="482" fId="4" fbTx="0.504214286" />
<wpr uId="482" tId="5" fbRx="0.504214286" lbRx="0" />
<wpr uId="482" tId="6" fbRx="0.504214286" lbRx="0" />
<p fId="3" fbTx="0.504282096" lbTx="0.50428218" tId="0" fbRx="0.514282096" lbRx="0.51428218" />
<p fId="0" fbTx="0.50428218" lbTx="0.504283055" tId="1" fbRx="0.50428218" lbRx="0.504283055" />
<p fId="1" fbTx="0.504283055" lbTx="0.50428393" tId="4" fbRx="0.504283055" lbRx="0.50428393" />
<p fId="3" fbTx="0.504382096" lbTx="0.50438218" tId="0" fbRx="0.514382096" lbRx="0.51438218" />
<p fId="0" fbTx="0.50438218" lbTx="0.504383055" tId="1" fbRx="0.50438218" lbRx="0.504383055" />
<p fId="1" fbTx="0.504383055" lbTx="0.50438393" tId="4" fbRx="0.504383055" lbRx="0.50438393" />
<p fId="3" fbTx="0.504482096" lbTx="0.50448218" tId="0" fbRx="0.514482096" lbRx="0.51448218" />
<p fId="0" fbTx="0.50448218" lbTx="0.504483055" tId="1" fbRx="0.50448218" lbRx="0.504483055" />
<p fId="1" fbTx="0.504483055" lbTx="0.50448393" tId="4" fbRx="0.504483055" lbRx="0.50448393" />
<p fId="3" fbTx="0.504582096" lbTx="0.50458218" tId="0" fbRx="0.514582096" lbRx="0.51458218" />
<p fId="0" fbTx="0.50458218" lbTx="0.504583055" tId="1" fbRx="0.50458218" lbRx="0.504583055" />
<p fId="1" fbTx="0.504583055" lbTx="0.50458393" tId="4" fbRx="0.504583055" lbRx="0.50458393" />
<p fId="3" fbTx="0.504682096" lbTx="0.50468218" tId="0" fbRx="0.514682096" lbRx="0.51468218" />
<p fId="0" fbTx="0.50468218" lbTx="0.504683055" tId="1" fbRx="0.50468218" lbRx="0.504683055" />
<p fId="1" fbTx="0.504683055" lbTx="0.50468393" tId="4" fbRx="0.504683055" lbRx="0.50468393" />
<p fId="3" fbTx="0.504782096" lbTx="0.50478218" tId="0" fbRx="0.514782096" lbRx="0.51478218" />
<p fId="0" fbTx="0.50478218" lbTx="0.504783055" tId="1" fbRx="0.50478218" lbRx="0.504783055" />
<p fId="1" fbTx="0.504783055" lbTx="0.50478393" tId="4" fbRx="0.504783055" lbRx="0.50478393" />
<p fId="3" fbTx="0.504882096" lbTx="0.50488218" tId="0" fbRx="0.514882096" lbRx="0.51488218" />
<p fId="0" fbTx="0.50488218" lbTx="0.504883055" tId="1" fbRx="0.50488218" lbRx="0.504883055" />
<p fId="1" fbTx="0.504883055" lbTx="0.50488393" tId="4" fbRx="0.504883055" lbRx="0.50488393" />
<p fId="3" fbTx="0.504982096" lbTx="0.50498218" tId="0" fbRx="0.514982096" lbRx="0.51498218" />
<p fId="0" fbTx="0.50498218" lbTx="0.504983055" tId="1" fbRx="0.50498218" lbRx="0.504983055" />
<p fId="1" fbTx="0.504983055" lbTx="0.50498393" tId="4" fbRx="0.504983055" lbRx="0.50498393" />
<p fId="3" fbTx="0.505082096" lbTx="0.50508218" tId="0" fbRx="0.515082096" lbRx="0.51508218" />
<p fId="0" fbTx="0.50508218" lbTx="0.505083055" tId="1" fbRx="0.50508218" lbRx="0.505083055" />
<p fId="1" fbTx="0.505083055" lbTx="0.50508393" tId="4" fbRx="0.505083055" lbRx="0.50508393" />
<p fId="3" fbTx="0.505182096" lbTx="0.50518218" tId="0" fbRx="0.515182096" lbRx="0.51518218" />
<p fId="0" fbTx="0.50518218" lbTx="0.505183055" tId="1" fbRx="0.50518218" lbRx="0.505183055" />
<p fId="1" fbTx="0.505183055" lbTx="0.50518393" tId="4" fbRx="0.505183055" lbRx="0.50518393" />
<pr uId="483" fId="4" fbTx="0.505214286" />
<wpr uId="483" tId="5" fbRx="0.505214286" lbRx="0" />
<wpr uId="483" tId="6" fbRx="0.505214286" lbRx="0" />
<p fId="3" fbTx="0.505282096" lbTx="0.50528218" tId="0" fbRx="0.515282096" lbRx="0.51528218" />
<p fId="0" fbTx="0.50528218" lbTx="0.505283055" tId="1" fbRx="0.50528218" lbRx="0.505283055" />
<p fId="1" fbTx="0.505283055" lbTx="0.50528393" tId="4" fbRx="0.505283055" lbRx="0.50528393" />
<p fId="3" fbTx="0.505382096" lbTx="0.50538218" tId="0" fbRx="0.515382096" lbRx="0.51538218" />
<p fId="0" fbTx="0.50538218" lbTx="0.505383055" tId="1" fbRx="0.50538218" lbRx="0.505383055" />
<p fId="1" fbTx="0.505383055" lbTx="0.50538393" tId="4" fbRx="0.505383055" lbRx="0.50538393" />
<p fId="3" fbTx="0.505482096" lbTx="0.50548218" tId="0" fbRx="0.515482096" lbRx="0.51548218" />
<p fId="0" fbTx="0.50548218" lbTx="0.505483055" tId="1" fbRx="0.50548218" lbRx="0.505483055" />
<p fId="1" fbTx="0.505483055" lbTx="0.50548393" tId="4" fbRx="0.505483055" lbRx="0.50548393" />
<p fId="3" fbTx="0.505582096" lbTx="0.50558218" tId="0" fbRx="0.515582096" lbRx="0.51558218" />
<p fId="0" fbTx="0.50558218" lbTx="0.505583055" tId="1" fbRx="0.50558218" lbRx="0.505583055" />
<p fId="1" fbTx="0.505583055" lbTx="0.50558393" tId="4" fbRx="0.505583055" lbRx="0.50558393" />
<p fId="3" fbTx="0.505682096" lbTx="0.50568218" tId="0" fbRx="0.515682096" lbRx="0.51568218" />
<p fId="0" fbTx="0.50568218" lbTx="0.505683055" tId="1" fbRx="0.50568218" lbRx="0.505683055" />
<p fId="1" fbTx="0.505683055" lbTx="0.50568393" tId="4" fbRx="0.505683055" lbRx="0.50568393" />
<p fId="3" fbTx="0.505782096" lbTx="0.50578218" tId="0" fbRx="0.515782096" lbRx="0.51578218" />
<p fId="0" fbTx="0.50578218" lbTx="0.505783055" tId="1" fbRx="0.50578218" lbRx="0.505783055" />
<p fId="1" fbTx="0.505783055" lbTx="0.50578393" tId="4" fbRx="0.505783055" lbRx="0.50578393" />
<p fId="3" fbTx="0.505882096" lbTx="0.50588218" tId="0" fbRx="0.515882096" lbRx="0.51588218" />
<p fId="0" fbTx="0.50588218" lbTx="0.505883055" tId="1" fbRx="0.50588218" lbRx="0.505883055" />
<p fId="1" fbTx="0.505883055" lbTx="0.50588393" tId="4" fbRx="0.505883055" lbRx="0.50588393" />
<p fId="3" fbTx="0.505982096" lbTx="0.50598218" tId="0" fbRx="0.515982096" lbRx="0.51598218" />
<p fId="0" fbTx="0.50598218" lbTx="0.505983055" tId="1" fbRx="0.50598218" lbRx="0.505983055" />
<p fId="1" fbTx="0.505983055" lbTx="0.50598393" tId="4" fbRx="0.505983055" lbRx="0.50598393" />
<p fId="3" fbTx="0.506082096" lbTx="0.50608218" tId="0" fbRx="0.516082096" lbRx="0.51608218" />
<p fId="0" fbTx="0.50608218" lbTx="0.506083055" tId="1" fbRx="0.50608218" lbRx="0.506083055" />
<p fId="1" fbTx="0.506083055" lbTx="0.50608393" tId="4" fbRx="0.506083055" lbRx="0.50608393" />
<p fId="3" fbTx="0.506182096" lbTx="0.50618218" tId="0" fbRx="0.516182096" lbRx="0.51618218" />
<p fId="0" fbTx="0.50618218" lbTx="0.506183055" tId="1" fbRx="0.50618218" lbRx="0.506183055" />
<p fId="1" fbTx="0.506183055" lbTx="0.50618393" tId="4" fbRx="0.506183055" lbRx="0.50618393" />
<pr uId="484" fId="4" fbTx="0.506214286" />
<wpr uId="484" tId="5" fbRx="0.506214286" lbRx="0" />
<wpr uId="484" tId="6" fbRx="0.506214286" lbRx="0" />
<p fId="3" fbTx="0.506282096" lbTx="0.50628218" tId="0" fbRx="0.516282096" lbRx="0.51628218" />
<p fId="0" fbTx="0.50628218" lbTx="0.506283055" tId="1" fbRx="0.50628218" lbRx="0.506283055" />
<p fId="1" fbTx="0.506283055" lbTx="0.50628393" tId="4" fbRx="0.506283055" lbRx="0.50628393" />
<p fId="3" fbTx="0.506382096" lbTx="0.50638218" tId="0" fbRx="0.516382096" lbRx="0.51638218" />
<p fId="0" fbTx="0.50638218" lbTx="0.506383055" tId="1" fbRx="0.50638218" lbRx="0.506383055" />
<p fId="1" fbTx="0.506383055" lbTx="0.50638393" tId="4" fbRx="0.506383055" lbRx="0.50638393" />
<p fId="3" fbTx="0.506482096" lbTx="0.50648218" tId="0" fbRx="0.516482096" lbRx="0.51648218" />
<p fId="0" fbTx="0.50648218" lbTx="0.506483055" tId="1" fbRx="0.50648218" lbRx="0.506483055" />
<p fId="1" fbTx="0.506483055" lbTx="0.50648393" tId="4" fbRx="0.506483055" lbRx="0.50648393" />
<p fId="3" fbTx="0.506582096" lbTx="0.50658218" tId="0" fbRx="0.516582096" lbRx="0.51658218" />
<p fId="0" fbTx="0.50658218" lbTx="0.506583055" tId="1" fbRx="0.50658218" lbRx="0.506583055" />
<p fId="1" fbTx="0.506583055" lbTx="0.50658393" tId="4" fbRx="0.506583055" lbRx="0.50658393" />
<p fId="3" fbTx="0.506682096" lbTx="0.50668218" tId="0" fbRx="0.516682096" lbRx="0.51668218" />
<p fId="0" fbTx="0.50668218" lbTx="0.506683055" tId="1" fbRx="0.50668218" lbRx="0.506683055" />
<p fId="1" fbTx="0.506683055" lbTx="0.50668393" tId="4" fbRx="0.506683055" lbRx="0.50668393" />
<p fId="3" fbTx="0.506782096" lbTx="0.50678218" tId="0" fbRx="0.516782096" lbRx="0.51678218" />
<p fId="0" fbTx="0.50678218" lbTx="0.506783055" tId="1" fbRx="0.50678218" lbRx="0.506783055" />
<p fId="1" fbTx="0.506783055" lbTx="0.50678393" tId="4" fbRx="0.506783055" lbRx="0.50678393" />
<p fId="3" fbTx="0.506882096" lbTx="0.50688218" tId="0" fbRx="0.516882096" lbRx="0.51688218" />
<p fId="0" fbTx="0.50688218" lbTx="0.506883055" tId="1" fbRx="0.50688218" lbRx="0.506883055" />
<p fId="1" fbTx="0.506883055" lbTx="0.50688393" tId="4" fbRx="0.506883055" lbRx="0.50688393" />
<p fId="3" fbTx="0.506982096" lbTx="0.50698218" tId="0" fbRx="0.516982096" lbRx="0.51698218" />
<p fId="0" fbTx="0.50698218" lbTx="0.506983055" tId="1" fbRx="0.50698218" lbRx="0.506983055" />
<p fId="1" fbTx="0.506983055" lbTx="0.50698393" tId="4" fbRx="0.506983055" lbRx="0.50698393" />
<p fId="3" fbTx="0.507082096" lbTx="0.50708218" tId="0" fbRx="0.517082096" lbRx="0.51708218" />
<p fId="0" fbTx="0.50708218" lbTx="0.507083055" tId="1" fbRx="0.50708218" lbRx="0.507083055" />
<p fId="1" fbTx="0.507083055" lbTx="0.50708393" tId="4" fbRx="0.507083055" lbRx="0.50708393" />
<p fId="3" fbTx="0.507182096" lbTx="0.50718218" tId="0" fbRx="0.517182096" lbRx="0.51718218" />
<p fId="0" fbTx="0.50718218" lbTx="0.507183055" tId="1" fbRx="0.50718218" lbRx="0.507183055" />
<p fId="1" fbTx="0.507183055" lbTx="0.50718393" tId="4" fbRx="0.507183055" lbRx="0.50718393" />
<pr uId="485" fId="4" fbTx="0.507214286" />
<wpr uId="485" tId="5" fbRx="0.507214286" lbRx="0" />
<wpr uId="485" tId="6" fbRx="0.507214286" lbRx="0" />
<p fId="3" fbTx="0.507282096" lbTx="0.50728218" tId="0" fbRx="0.517282096" lbRx="0.51728218" />
<p fId="0" fbTx="0.50728218" lbTx="0.507283055" tId="1" fbRx="0.50728218" lbRx="0.507283055" />
<p fId="1" fbTx="0.507283055" lbTx="0.50728393" tId="4" fbRx="0.507283055" lbRx="0.50728393" />
<p fId="3" fbTx="0.507382096" lbTx="0.50738218" tId="0" fbRx="0.517382096" lbRx="0.51738218" />
<p fId="0" fbTx="0.50738218" lbTx="0.507383055" tId="1" fbRx="0.50738218" lbRx="0.507383055" />
<p fId="1" fbTx="0.507383055" lbTx="0.50738393" tId="4" fbRx="0.507383055" lbRx="0.50738393" />
<p fId="3" fbTx="0.507482096" lbTx="0.50748218" tId="0" fbRx="0.517482096" lbRx="0.51748218" />
<p fId="0" fbTx="0.50748218" lbTx="0.507483055" tId="1" fbRx="0.50748218" lbRx="0.507483055" />
<p fId="1" fbTx="0.507483055" lbTx="0.50748393" tId="4" fbRx="0.507483055" lbRx="0.50748393" />
<p fId="3" fbTx="0.507582096" lbTx="0.50758218" tId="0" fbRx="0.517582096" lbRx="0.51758218" />
<p fId="0" fbTx="0.50758218" lbTx="0.507583055" tId="1" fbRx="0.50758218" lbRx="0.507583055" />
<p fId="1" fbTx="0.507583055" lbTx="0.50758393" tId="4" fbRx="0.507583055" lbRx="0.50758393" />
<p fId="3" fbTx="0.507682096" lbTx="0.50768218" tId="0" fbRx="0.517682096" lbRx="0.51768218" />
<p fId="0" fbTx="0.50768218" lbTx="0.507683055" tId="1" fbRx="0.50768218" lbRx="0.507683055" />
<p fId="1" fbTx="0.507683055" lbTx="0.50768393" tId="4" fbRx="0.507683055" lbRx="0.50768393" />
<p fId="3" fbTx="0.507782096" lbTx="0.50778218" tId="0" fbRx="0.517782096" lbRx="0.51778218" />
<p fId="0" fbTx="0.50778218" lbTx="0.507783055" tId="1" fbRx="0.50778218" lbRx="0.507783055" />
<p fId="1" fbTx="0.507783055" lbTx="0.50778393" tId="4" fbRx="0.507783055" lbRx="0.50778393" />
<p fId="3" fbTx="0.507882096" lbTx="0.50788218" tId="0" fbRx="0.517882096" lbRx="0.51788218" />
<p fId="0" fbTx="0.50788218" lbTx="0.507883055" tId="1" fbRx="0.50788218" lbRx="0.507883055" />
<p fId="1" fbTx="0.507883055" lbTx="0.50788393" tId="4" fbRx="0.507883055" lbRx="0.50788393" />
<p fId="3" fbTx="0.507982096" lbTx="0.50798218" tId="0" fbRx="0.517982096" lbRx="0.51798218" />
<p fId="0" fbTx="0.50798218" lbTx="0.507983055" tId="1" fbRx="0.50798218" lbRx="0.507983055" />
<p fId="1" fbTx="0.507983055" lbTx="0.50798393" tId="4" fbRx="0.507983055" lbRx="0.50798393" />
<p fId="3" fbTx="0.508082096" lbTx="0.50808218" tId="0" fbRx="0.518082096" lbRx="0.51808218" />
<p fId="0" fbTx="0.50808218" lbTx="0.508083055" tId="1" fbRx="0.50808218" lbRx="0.508083055" />
<p fId="1" fbTx="0.508083055" lbTx="0.50808393" tId="4" fbRx="0.508083055" lbRx="0.50808393" />
<p fId="3" fbTx="0.508182096" lbTx="0.50818218" tId="0" fbRx="0.518182096" lbRx="0.51818218" />
<p fId="0" fbTx="0.50818218" lbTx="0.508183055" tId="1" fbRx="0.50818218" lbRx="0.508183055" />
<p fId="1" fbTx="0.508183055" lbTx="0.50818393" tId="4" fbRx="0.508183055" lbRx="0.50818393" />
<pr uId="486" fId="4" fbTx="0.508214286" />
<wpr uId="486" tId="5" fbRx="0.508214286" lbRx="0" />
<wpr uId="486" tId="6" fbRx="0.508214286" lbRx="0" />
<p fId="3" fbTx="0.508282096" lbTx="0.50828218" tId="0" fbRx="0.518282096" lbRx="0.51828218" />
<p fId="0" fbTx="0.50828218" lbTx="0.508283055" tId="1" fbRx="0.50828218" lbRx="0.508283055" />
<p fId="1" fbTx="0.508283055" lbTx="0.50828393" tId="4" fbRx="0.508283055" lbRx="0.50828393" />
<p fId="3" fbTx="0.508382096" lbTx="0.50838218" tId="0" fbRx="0.518382096" lbRx="0.51838218" />
<p fId="0" fbTx="0.50838218" lbTx="0.508383055" tId="1" fbRx="0.50838218" lbRx="0.508383055" />
<p fId="1" fbTx="0.508383055" lbTx="0.50838393" tId="4" fbRx="0.508383055" lbRx="0.50838393" />
<p fId="3" fbTx="0.508482096" lbTx="0.50848218" tId="0" fbRx="0.518482096" lbRx="0.51848218" />
<p fId="0" fbTx="0.50848218" lbTx="0.508483055" tId="1" fbRx="0.50848218" lbRx="0.508483055" />
<p fId="1" fbTx="0.508483055" lbTx="0.50848393" tId="4" fbRx="0.508483055" lbRx="0.50848393" />
<p fId="3" fbTx="0.508582096" lbTx="0.50858218" tId="0" fbRx="0.518582096" lbRx="0.51858218" />
<p fId="0" fbTx="0.50858218" lbTx="0.508583055" tId="1" fbRx="0.50858218" lbRx="0.508583055" />
<p fId="1" fbTx="0.508583055" lbTx="0.50858393" tId="4" fbRx="0.508583055" lbRx="0.50858393" />
<p fId="3" fbTx="0.508682096" lbTx="0.50868218" tId="0" fbRx="0.518682096" lbRx="0.51868218" />
<p fId="0" fbTx="0.50868218" lbTx="0.508683055" tId="1" fbRx="0.50868218" lbRx="0.508683055" />
<p fId="1" fbTx="0.508683055" lbTx="0.50868393" tId="4" fbRx="0.508683055" lbRx="0.50868393" />
<p fId="3" fbTx="0.508782096" lbTx="0.50878218" tId="0" fbRx="0.518782096" lbRx="0.51878218" />
<p fId="0" fbTx="0.50878218" lbTx="0.508783055" tId="1" fbRx="0.50878218" lbRx="0.508783055" />
<p fId="1" fbTx="0.508783055" lbTx="0.50878393" tId="4" fbRx="0.508783055" lbRx="0.50878393" />
<p fId="3" fbTx="0.508882096" lbTx="0.50888218" tId="0" fbRx="0.518882096" lbRx="0.51888218" />
<p fId="0" fbTx="0.50888218" lbTx="0.508883055" tId="1" fbRx="0.50888218" lbRx="0.508883055" />
<p fId="1" fbTx="0.508883055" lbTx="0.50888393" tId="4" fbRx="0.508883055" lbRx="0.50888393" />
<p fId="3" fbTx="0.508982096" lbTx="0.50898218" tId="0" fbRx="0.518982096" lbRx="0.51898218" />
<p fId="0" fbTx="0.50898218" lbTx="0.508983055" tId="1" fbRx="0.50898218" lbRx="0.508983055" />
<p fId="1" fbTx="0.508983055" lbTx="0.50898393" tId="4" fbRx="0.508983055" lbRx="0.50898393" />
<p fId="3" fbTx="0.509082096" lbTx="0.50908218" tId="0" fbRx="0.519082096" lbRx="0.51908218" />
<p fId="0" fbTx="0.50908218" lbTx="0.509083055" tId="1" fbRx="0.50908218" lbRx="0.509083055" />
<p fId="1" fbTx="0.509083055" lbTx="0.50908393" tId="4" fbRx="0.509083055" lbRx="0.50908393" />
<p fId="3" fbTx="0.509182096" lbTx="0.50918218" tId="0" fbRx="0.519182096" lbRx="0.51918218" />
<p fId="0" fbTx="0.50918218" lbTx="0.509183055" tId="1" fbRx="0.50918218" lbRx="0.509183055" />
<p fId="1" fbTx="0.509183055" lbTx="0.50918393" tId="4" fbRx="0.509183055" lbRx="0.50918393" />
<pr uId="487" fId="4" fbTx="0.509214286" />
<wpr uId="487" tId="5" fbRx="0.509214286" lbRx="0" />
<wpr uId="487" tId="6" fbRx="0.509214286" lbRx="0" />
<p fId="3" fbTx="0.509282096" lbTx="0.50928218" tId="0" fbRx="0.519282096" lbRx="0.51928218" />
<p fId="0" fbTx="0.50928218" lbTx="0.509283055" tId="1" fbRx="0.50928218" lbRx="0.509283055" />
<p fId="1" fbTx="0.509283055" lbTx="0.50928393" tId="4" fbRx="0.509283055" lbRx="0.50928393" />
<p fId="3" fbTx="0.509382096" lbTx="0.50938218" tId="0" fbRx="0.519382096" lbRx="0.51938218" />
<p fId="0" fbTx="0.50938218" lbTx="0.509383055" tId="1" fbRx="0.50938218" lbRx="0.509383055" />
<p fId="1" fbTx="0.509383055" lbTx="0.50938393" tId="4" fbRx="0.509383055" lbRx="0.50938393" />
<p fId="3" fbTx="0.509482096" lbTx="0.50948218" tId="0" fbRx="0.519482096" lbRx="0.51948218" />
<p fId="0" fbTx="0.50948218" lbTx="0.509483055" tId="1" fbRx="0.50948218" lbRx="0.509483055" />
<p fId="1" fbTx="0.509483055" lbTx="0.50948393" tId="4" fbRx="0.509483055" lbRx="0.50948393" />
<p fId="3" fbTx="0.509582096" lbTx="0.50958218" tId="0" fbRx="0.519582096" lbRx="0.51958218" />
<p fId="0" fbTx="0.50958218" lbTx="0.509583055" tId="1" fbRx="0.50958218" lbRx="0.509583055" />
<p fId="1" fbTx="0.509583055" lbTx="0.50958393" tId="4" fbRx="0.509583055" lbRx="0.50958393" />
<p fId="3" fbTx="0.509682096" lbTx="0.50968218" tId="0" fbRx="0.519682096" lbRx="0.51968218" />
<p fId="0" fbTx="0.50968218" lbTx="0.509683055" tId="1" fbRx="0.50968218" lbRx="0.509683055" />
<p fId="1" fbTx="0.509683055" lbTx="0.50968393" tId="4" fbRx="0.509683055" lbRx="0.50968393" />
<p fId="3" fbTx="0.509782096" lbTx="0.50978218" tId="0" fbRx="0.519782096" lbRx="0.51978218" />
<p fId="0" fbTx="0.50978218" lbTx="0.509783055" tId="1" fbRx="0.50978218" lbRx="0.509783055" />
<p fId="1" fbTx="0.509783055" lbTx="0.50978393" tId="4" fbRx="0.509783055" lbRx="0.50978393" />
<p fId="3" fbTx="0.509882096" lbTx="0.50988218" tId="0" fbRx="0.519882096" lbRx="0.51988218" />
<p fId="0" fbTx="0.50988218" lbTx="0.509883055" tId="1" fbRx="0.50988218" lbRx="0.509883055" />
<p fId="1" fbTx="0.509883055" lbTx="0.50988393" tId="4" fbRx="0.509883055" lbRx="0.50988393" />
<p fId="3" fbTx="0.509982096" lbTx="0.50998218" tId="0" fbRx="0.519982096" lbRx="0.51998218" />
<p fId="0" fbTx="0.50998218" lbTx="0.509983055" tId="1" fbRx="0.50998218" lbRx="0.509983055" />
<p fId="1" fbTx="0.509983055" lbTx="0.50998393" tId="4" fbRx="0.509983055" lbRx="0.50998393" />
<p fId="3" fbTx="0.510082096" lbTx="0.51008218" tId="0" fbRx="0.520082096" lbRx="0.52008218" />
<p fId="0" fbTx="0.51008218" lbTx="0.510083055" tId="1" fbRx="0.51008218" lbRx="0.510083055" />
<p fId="1" fbTx="0.510083055" lbTx="0.51008393" tId="4" fbRx="0.510083055" lbRx="0.51008393" />
<p fId="3" fbTx="0.510182096" lbTx="0.51018218" tId="0" fbRx="0.520182096" lbRx="0.52018218" />
<p fId="0" fbTx="0.51018218" lbTx="0.510183055" tId="1" fbRx="0.51018218" lbRx="0.510183055" />
<p fId="1" fbTx="0.510183055" lbTx="0.51018393" tId="4" fbRx="0.510183055" lbRx="0.51018393" />
<pr uId="488" fId="4" fbTx="0.510214286" />
<wpr uId="488" tId="5" fbRx="0.510214286" lbRx="0" />
<wpr uId="488" tId="6" fbRx="0.510214286" lbRx="0" />
<p fId="3" fbTx="0.510282096" lbTx="0.51028218" tId="0" fbRx="0.520282096" lbRx="0.52028218" />
<p fId="0" fbTx="0.51028218" lbTx="0.510283055" tId="1" fbRx="0.51028218" lbRx="0.510283055" />
<p fId="1" fbTx="0.510283055" lbTx="0.51028393" tId="4" fbRx="0.510283055" lbRx="0.51028393" />
<p fId="3" fbTx="0.510382096" lbTx="0.51038218" tId="0" fbRx="0.520382096" lbRx="0.52038218" />
<p fId="0" fbTx="0.51038218" lbTx="0.510383055" tId="1" fbRx="0.51038218" lbRx="0.510383055" />
<p fId="1" fbTx="0.510383055" lbTx="0.51038393" tId="4" fbRx="0.510383055" lbRx="0.51038393" />
<p fId="3" fbTx="0.510482096" lbTx="0.51048218" tId="0" fbRx="0.520482096" lbRx="0.52048218" />
<p fId="0" fbTx="0.51048218" lbTx="0.510483055" tId="1" fbRx="0.51048218" lbRx="0.510483055" />
<p fId="1" fbTx="0.510483055" lbTx="0.51048393" tId="4" fbRx="0.510483055" lbRx="0.51048393" />
<p fId="3" fbTx="0.510582096" lbTx="0.51058218" tId="0" fbRx="0.520582096" lbRx="0.52058218" />
<p fId="0" fbTx="0.51058218" lbTx="0.510583055" tId="1" fbRx="0.51058218" lbRx="0.510583055" />
<p fId="1" fbTx="0.510583055" lbTx="0.51058393" tId="4" fbRx="0.510583055" lbRx="0.51058393" />
<p fId="3" fbTx="0.510682096" lbTx="0.51068218" tId="0" fbRx="0.520682096" lbRx="0.52068218" />
<p fId="0" fbTx="0.51068218" lbTx="0.510683055" tId="1" fbRx="0.51068218" lbRx="0.510683055" />
<p fId="1" fbTx="0.510683055" lbTx="0.51068393" tId="4" fbRx="0.510683055" lbRx="0.51068393" />
<p fId="3" fbTx="0.510782096" lbTx="0.51078218" tId="0" fbRx="0.520782096" lbRx="0.52078218" />
<p fId="0" fbTx="0.51078218" lbTx="0.510783055" tId="1" fbRx="0.51078218" lbRx="0.510783055" />
<p fId="1" fbTx="0.510783055" lbTx="0.51078393" tId="4" fbRx="0.510783055" lbRx="0.51078393" />
<p fId="3" fbTx="0.510882096" lbTx="0.51088218" tId="0" fbRx="0.520882096" lbRx="0.52088218" />
<p fId="0" fbTx="0.51088218" lbTx="0.510883055" tId="1" fbRx="0.51088218" lbRx="0.510883055" />
<p fId="1" fbTx="0.510883055" lbTx="0.51088393" tId="4" fbRx="0.510883055" lbRx="0.51088393" />
<p fId="3" fbTx="0.510982096" lbTx="0.51098218" tId="0" fbRx="0.520982096" lbRx="0.52098218" />
<p fId="0" fbTx="0.51098218" lbTx="0.510983055" tId="1" fbRx="0.51098218" lbRx="0.510983055" />
<p fId="1" fbTx="0.510983055" lbTx="0.51098393" tId="4" fbRx="0.510983055" lbRx="0.51098393" />
<p fId="3" fbTx="0.511082096" lbTx="0.51108218" tId="0" fbRx="0.521082096" lbRx="0.52108218" />
<p fId="0" fbTx="0.51108218" lbTx="0.511083055" tId="1" fbRx="0.51108218" lbRx="0.511083055" />
<p fId="1" fbTx="0.511083055" lbTx="0.51108393" tId="4" fbRx="0.511083055" lbRx="0.51108393" />
<p fId="3" fbTx="0.511182096" lbTx="0.51118218" tId="0" fbRx="0.521182096" lbRx="0.52118218" />
<p fId="0" fbTx="0.51118218" lbTx="0.511183055" tId="1" fbRx="0.51118218" lbRx="0.511183055" />
<p fId="1" fbTx="0.511183055" lbTx="0.51118393" tId="4" fbRx="0.511183055" lbRx="0.51118393" />
<pr uId="489" fId="4" fbTx="0.511214286" />
<wpr uId="489" tId="5" fbRx="0.511214286" lbRx="0" />
<wpr uId="489" tId="6" fbRx="0.511214286" lbRx="0" />
<p fId="3" fbTx="0.511282096" lbTx="0.51128218" tId="0" fbRx="0.521282096" lbRx="0.52128218" />
<p fId="0" fbTx="0.51128218" lbTx="0.511283055" tId="1" fbRx="0.51128218" lbRx="0.511283055" />
<p fId="1" fbTx="0.511283055" lbTx="0.51128393" tId="4" fbRx="0.511283055" lbRx="0.51128393" />
<p fId="3" fbTx="0.511382096" lbTx="0.51138218" tId="0" fbRx="0.521382096" lbRx="0.52138218" />
<p fId="0" fbTx="0.51138218" lbTx="0.511383055" tId="1" fbRx="0.51138218" lbRx="0.511383055" />
<p fId="1" fbTx="0.511383055" lbTx="0.51138393" tId="4" fbRx="0.511383055" lbRx="0.51138393" />
<p fId="3" fbTx="0.511482096" lbTx="0.51148218" tId="0" fbRx="0.521482096" lbRx="0.52148218" />
<p fId="0" fbTx="0.51148218" lbTx="0.511483055" tId="1" fbRx="0.51148218" lbRx="0.511483055" />
<p fId="1" fbTx="0.511483055" lbTx="0.51148393" tId="4" fbRx="0.511483055" lbRx="0.51148393" />
<p fId="3" fbTx="0.511582096" lbTx="0.51158218" tId="0" fbRx="0.521582096" lbRx="0.52158218" />
<p fId="0" fbTx="0.51158218" lbTx="0.511583055" tId="1" fbRx="0.51158218" lbRx="0.511583055" />
<p fId="1" fbTx="0.511583055" lbTx="0.51158393" tId="4" fbRx="0.511583055" lbRx="0.51158393" />
<p fId="3" fbTx="0.511682096" lbTx="0.51168218" tId="0" fbRx="0.521682096" lbRx="0.52168218" />
<p fId="0" fbTx="0.51168218" lbTx="0.511683055" tId="1" fbRx="0.51168218" lbRx="0.511683055" />
<p fId="1" fbTx="0.511683055" lbTx="0.51168393" tId="4" fbRx="0.511683055" lbRx="0.51168393" />
<p fId="3" fbTx="0.511782096" lbTx="0.51178218" tId="0" fbRx="0.521782096" lbRx="0.52178218" />
<p fId="0" fbTx="0.51178218" lbTx="0.511783055" tId="1" fbRx="0.51178218" lbRx="0.511783055" />
<p fId="1" fbTx="0.511783055" lbTx="0.51178393" tId="4" fbRx="0.511783055" lbRx="0.51178393" />
<p fId="3" fbTx="0.511882096" lbTx="0.51188218" tId="0" fbRx="0.521882096" lbRx="0.52188218" />
<p fId="0" fbTx="0.51188218" lbTx="0.511883055" tId="1" fbRx="0.51188218" lbRx="0.511883055" />
<p fId="1" fbTx="0.511883055" lbTx="0.51188393" tId="4" fbRx="0.511883055" lbRx="0.51188393" />
<p fId="3" fbTx="0.511982096" lbTx="0.51198218" tId="0" fbRx="0.521982096" lbRx="0.52198218" />
<p fId="0" fbTx="0.51198218" lbTx="0.511983055" tId="1" fbRx="0.51198218" lbRx="0.511983055" />
<p fId="1" fbTx="0.511983055" lbTx="0.51198393" tId="4" fbRx="0.511983055" lbRx="0.51198393" />
<p fId="3" fbTx="0.512082096" lbTx="0.51208218" tId="0" fbRx="0.522082096" lbRx="0.52208218" />
<p fId="0" fbTx="0.51208218" lbTx="0.512083055" tId="1" fbRx="0.51208218" lbRx="0.512083055" />
<p fId="1" fbTx="0.512083055" lbTx="0.51208393" tId="4" fbRx="0.512083055" lbRx="0.51208393" />
<p fId="3" fbTx="0.512182096" lbTx="0.51218218" tId="0" fbRx="0.522182096" lbRx="0.52218218" />
<p fId="0" fbTx="0.51218218" lbTx="0.512183055" tId="1" fbRx="0.51218218" lbRx="0.512183055" />
<p fId="1" fbTx="0.512183055" lbTx="0.51218393" tId="4" fbRx="0.512183055" lbRx="0.51218393" />
<pr uId="490" fId="4" fbTx="0.512214286" />
<wpr uId="490" tId="5" fbRx="0.512214286" lbRx="0" />
<wpr uId="490" tId="6" fbRx="0.512214286" lbRx="0" />
<p fId="3" fbTx="0.512282096" lbTx="0.51228218" tId="0" fbRx="0.522282096" lbRx="0.52228218" />
<p fId="0" fbTx="0.51228218" lbTx="0.512283055" tId="1" fbRx="0.51228218" lbRx="0.512283055" />
<p fId="1" fbTx="0.512283055" lbTx="0.51228393" tId="4" fbRx="0.512283055" lbRx="0.51228393" />
<p fId="3" fbTx="0.512382096" lbTx="0.51238218" tId="0" fbRx="0.522382096" lbRx="0.52238218" />
<p fId="0" fbTx="0.51238218" lbTx="0.512383055" tId="1" fbRx="0.51238218" lbRx="0.512383055" />
<p fId="1" fbTx="0.512383055" lbTx="0.51238393" tId="4" fbRx="0.512383055" lbRx="0.51238393" />
<p fId="3" fbTx="0.512482096" lbTx="0.51248218" tId="0" fbRx="0.522482096" lbRx="0.52248218" />
<p fId="0" fbTx="0.51248218" lbTx="0.512483055" tId="1" fbRx="0.51248218" lbRx="0.512483055" />
<p fId="1" fbTx="0.512483055" lbTx="0.51248393" tId="4" fbRx="0.512483055" lbRx="0.51248393" />
<p fId="3" fbTx="0.512582096" lbTx="0.51258218" tId="0" fbRx="0.522582096" lbRx="0.52258218" />
<p fId="0" fbTx="0.51258218" lbTx="0.512583055" tId="1" fbRx="0.51258218" lbRx="0.512583055" />
<p fId="1" fbTx="0.512583055" lbTx="0.51258393" tId="4" fbRx="0.512583055" lbRx="0.51258393" />
<p fId="3" fbTx="0.512682096" lbTx="0.51268218" tId="0" fbRx="0.522682096" lbRx="0.52268218" />
<p fId="0" fbTx="0.51268218" lbTx="0.512683055" tId="1" fbRx="0.51268218" lbRx="0.512683055" />
<p fId="1" fbTx="0.512683055" lbTx="0.51268393" tId="4" fbRx="0.512683055" lbRx="0.51268393" />
<p fId="3" fbTx="0.512782096" lbTx="0.51278218" tId="0" fbRx="0.522782096" lbRx="0.52278218" />
<p fId="0" fbTx="0.51278218" lbTx="0.512783055" tId="1" fbRx="0.51278218" lbRx="0.512783055" />
<p fId="1" fbTx="0.512783055" lbTx="0.51278393" tId="4" fbRx="0.512783055" lbRx="0.51278393" />
<p fId="3" fbTx="0.512882096" lbTx="0.51288218" tId="0" fbRx="0.522882096" lbRx="0.52288218" />
<p fId="0" fbTx="0.51288218" lbTx="0.512883055" tId="1" fbRx="0.51288218" lbRx="0.512883055" />
<p fId="1" fbTx="0.512883055" lbTx="0.51288393" tId="4" fbRx="0.512883055" lbRx="0.51288393" />
<p fId="3" fbTx="0.512982096" lbTx="0.51298218" tId="0" fbRx="0.522982096" lbRx="0.52298218" />
<p fId="0" fbTx="0.51298218" lbTx="0.512983055" tId="1" fbRx="0.51298218" lbRx="0.512983055" />
<p fId="1" fbTx="0.512983055" lbTx="0.51298393" tId="4" fbRx="0.512983055" lbRx="0.51298393" />
<p fId="3" fbTx="0.513082096" lbTx="0.51308218" tId="0" fbRx="0.523082096" lbRx="0.52308218" />
<p fId="0" fbTx="0.51308218" lbTx="0.513083055" tId="1" fbRx="0.51308218" lbRx="0.513083055" />
<p fId="1" fbTx="0.513083055" lbTx="0.51308393" tId="4" fbRx="0.513083055" lbRx="0.51308393" />
<p fId="3" fbTx="0.513182096" lbTx="0.51318218" tId="0" fbRx="0.523182096" lbRx="0.52318218" />
<p fId="0" fbTx="0.51318218" lbTx="0.513183055" tId="1" fbRx="0.51318218" lbRx="0.513183055" />
<p fId="1" fbTx="0.513183055" lbTx="0.51318393" tId="4" fbRx="0.513183055" lbRx="0.51318393" />
<pr uId="491" fId="4" fbTx="0.513214286" />
<wpr uId="491" tId="5" fbRx="0.513214286" lbRx="0" />
<wpr uId="491" tId="6" fbRx="0.513214286" lbRx="0" />
<p fId="3" fbTx="0.513282096" lbTx="0.51328218" tId="0" fbRx="0.523282096" lbRx="0.52328218" />
<p fId="0" fbTx="0.51328218" lbTx="0.513283055" tId="1" fbRx="0.51328218" lbRx="0.513283055" />
<p fId="1" fbTx="0.513283055" lbTx="0.51328393" tId="4" fbRx="0.513283055" lbRx="0.51328393" />
<p fId="3" fbTx="0.513382096" lbTx="0.51338218" tId="0" fbRx="0.523382096" lbRx="0.52338218" />
<p fId="0" fbTx="0.51338218" lbTx="0.513383055" tId="1" fbRx="0.51338218" lbRx="0.513383055" />
<p fId="1" fbTx="0.513383055" lbTx="0.51338393" tId="4" fbRx="0.513383055" lbRx="0.51338393" />
<p fId="3" fbTx="0.513482096" lbTx="0.51348218" tId="0" fbRx="0.523482096" lbRx="0.52348218" />
<p fId="0" fbTx="0.51348218" lbTx="0.513483055" tId="1" fbRx="0.51348218" lbRx="0.513483055" />
<p fId="1" fbTx="0.513483055" lbTx="0.51348393" tId="4" fbRx="0.513483055" lbRx="0.51348393" />
<p fId="3" fbTx="0.513582096" lbTx="0.51358218" tId="0" fbRx="0.523582096" lbRx="0.52358218" />
<p fId="0" fbTx="0.51358218" lbTx="0.513583055" tId="1" fbRx="0.51358218" lbRx="0.513583055" />
<p fId="1" fbTx="0.513583055" lbTx="0.51358393" tId="4" fbRx="0.513583055" lbRx="0.51358393" />
<p fId="3" fbTx="0.513682096" lbTx="0.51368218" tId="0" fbRx="0.523682096" lbRx="0.52368218" />
<p fId="0" fbTx="0.51368218" lbTx="0.513683055" tId="1" fbRx="0.51368218" lbRx="0.513683055" />
<p fId="1" fbTx="0.513683055" lbTx="0.51368393" tId="4" fbRx="0.513683055" lbRx="0.51368393" />
<p fId="3" fbTx="0.513782096" lbTx="0.51378218" tId="0" fbRx="0.523782096" lbRx="0.52378218" />
<p fId="0" fbTx="0.51378218" lbTx="0.513783055" tId="1" fbRx="0.51378218" lbRx="0.513783055" />
<p fId="1" fbTx="0.513783055" lbTx="0.51378393" tId="4" fbRx="0.513783055" lbRx="0.51378393" />
<p fId="3" fbTx="0.513882096" lbTx="0.51388218" tId="0" fbRx="0.523882096" lbRx="0.52388218" />
<p fId="0" fbTx="0.51388218" lbTx="0.513883055" tId="1" fbRx="0.51388218" lbRx="0.513883055" />
<p fId="1" fbTx="0.513883055" lbTx="0.51388393" tId="4" fbRx="0.513883055" lbRx="0.51388393" />
<p fId="3" fbTx="0.513982096" lbTx="0.51398218" tId="0" fbRx="0.523982096" lbRx="0.52398218" />
<p fId="0" fbTx="0.51398218" lbTx="0.513983055" tId="1" fbRx="0.51398218" lbRx="0.513983055" />
<p fId="1" fbTx="0.513983055" lbTx="0.51398393" tId="4" fbRx="0.513983055" lbRx="0.51398393" />
<p fId="3" fbTx="0.514082096" lbTx="0.51408218" tId="0" fbRx="0.524082096" lbRx="0.52408218" />
<p fId="0" fbTx="0.51408218" lbTx="0.514083055" tId="1" fbRx="0.51408218" lbRx="0.514083055" />
<p fId="1" fbTx="0.514083055" lbTx="0.51408393" tId="4" fbRx="0.514083055" lbRx="0.51408393" />
<p fId="3" fbTx="0.514182096" lbTx="0.51418218" tId="0" fbRx="0.524182096" lbRx="0.52418218" />
<p fId="0" fbTx="0.51418218" lbTx="0.514183055" tId="1" fbRx="0.51418218" lbRx="0.514183055" />
<p fId="1" fbTx="0.514183055" lbTx="0.51418393" tId="4" fbRx="0.514183055" lbRx="0.51418393" />
<pr uId="492" fId="4" fbTx="0.514214286" />
<wpr uId="492" tId="5" fbRx="0.514214286" lbRx="0" />
<wpr uId="492" tId="6" fbRx="0.514214286" lbRx="0" />
<p fId="3" fbTx="0.514282096" lbTx="0.51428218" tId="0" fbRx="0.524282096" lbRx="0.52428218" />
<p fId="0" fbTx="0.51428218" lbTx="0.514283055" tId="1" fbRx="0.51428218" lbRx="0.514283055" />
<p fId="1" fbTx="0.514283055" lbTx="0.51428393" tId="4" fbRx="0.514283055" lbRx="0.51428393" />
<p fId="3" fbTx="0.514382096" lbTx="0.51438218" tId="0" fbRx="0.524382096" lbRx="0.52438218" />
<p fId="0" fbTx="0.51438218" lbTx="0.514383055" tId="1" fbRx="0.51438218" lbRx="0.514383055" />
<p fId="1" fbTx="0.514383055" lbTx="0.51438393" tId="4" fbRx="0.514383055" lbRx="0.51438393" />
<p fId="3" fbTx="0.514482096" lbTx="0.51448218" tId="0" fbRx="0.524482096" lbRx="0.52448218" />
<p fId="0" fbTx="0.51448218" lbTx="0.514483055" tId="1" fbRx="0.51448218" lbRx="0.514483055" />
<p fId="1" fbTx="0.514483055" lbTx="0.51448393" tId="4" fbRx="0.514483055" lbRx="0.51448393" />
<p fId="3" fbTx="0.514582096" lbTx="0.51458218" tId="0" fbRx="0.524582096" lbRx="0.52458218" />
<p fId="0" fbTx="0.51458218" lbTx="0.514583055" tId="1" fbRx="0.51458218" lbRx="0.514583055" />
<p fId="1" fbTx="0.514583055" lbTx="0.51458393" tId="4" fbRx="0.514583055" lbRx="0.51458393" />
<p fId="3" fbTx="0.514682096" lbTx="0.51468218" tId="0" fbRx="0.524682096" lbRx="0.52468218" />
<p fId="0" fbTx="0.51468218" lbTx="0.514683055" tId="1" fbRx="0.51468218" lbRx="0.514683055" />
<p fId="1" fbTx="0.514683055" lbTx="0.51468393" tId="4" fbRx="0.514683055" lbRx="0.51468393" />
<p fId="3" fbTx="0.514782096" lbTx="0.51478218" tId="0" fbRx="0.524782096" lbRx="0.52478218" />
<p fId="0" fbTx="0.51478218" lbTx="0.514783055" tId="1" fbRx="0.51478218" lbRx="0.514783055" />
<p fId="1" fbTx="0.514783055" lbTx="0.51478393" tId="4" fbRx="0.514783055" lbRx="0.51478393" />
<p fId="3" fbTx="0.514882096" lbTx="0.51488218" tId="0" fbRx="0.524882096" lbRx="0.52488218" />
<p fId="0" fbTx="0.51488218" lbTx="0.514883055" tId="1" fbRx="0.51488218" lbRx="0.514883055" />
<p fId="1" fbTx="0.514883055" lbTx="0.51488393" tId="4" fbRx="0.514883055" lbRx="0.51488393" />
<p fId="3" fbTx="0.514982096" lbTx="0.51498218" tId="0" fbRx="0.524982096" lbRx="0.52498218" />
<p fId="0" fbTx="0.51498218" lbTx="0.514983055" tId="1" fbRx="0.51498218" lbRx="0.514983055" />
<p fId="1" fbTx="0.514983055" lbTx="0.51498393" tId="4" fbRx="0.514983055" lbRx="0.51498393" />
<p fId="3" fbTx="0.515082096" lbTx="0.51508218" tId="0" fbRx="0.525082096" lbRx="0.52508218" />
<p fId="0" fbTx="0.51508218" lbTx="0.515083055" tId="1" fbRx="0.51508218" lbRx="0.515083055" />
<p fId="1" fbTx="0.515083055" lbTx="0.51508393" tId="4" fbRx="0.515083055" lbRx="0.51508393" />
<p fId="3" fbTx="0.515182096" lbTx="0.51518218" tId="0" fbRx="0.525182096" lbRx="0.52518218" />
<p fId="0" fbTx="0.51518218" lbTx="0.515183055" tId="1" fbRx="0.51518218" lbRx="0.515183055" />
<p fId="1" fbTx="0.515183055" lbTx="0.51518393" tId="4" fbRx="0.515183055" lbRx="0.51518393" />
<pr uId="493" fId="4" fbTx="0.515214286" />
<wpr uId="493" tId="5" fbRx="0.515214286" lbRx="0" />
<wpr uId="493" tId="6" fbRx="0.515214286" lbRx="0" />
<p fId="3" fbTx="0.515282096" lbTx="0.51528218" tId="0" fbRx="0.525282096" lbRx="0.52528218" />
<p fId="0" fbTx="0.51528218" lbTx="0.515283055" tId="1" fbRx="0.51528218" lbRx="0.515283055" />
<p fId="1" fbTx="0.515283055" lbTx="0.51528393" tId="4" fbRx="0.515283055" lbRx="0.51528393" />
<p fId="3" fbTx="0.515382096" lbTx="0.51538218" tId="0" fbRx="0.525382096" lbRx="0.52538218" />
<p fId="0" fbTx="0.51538218" lbTx="0.515383055" tId="1" fbRx="0.51538218" lbRx="0.515383055" />
<p fId="1" fbTx="0.515383055" lbTx="0.51538393" tId="4" fbRx="0.515383055" lbRx="0.51538393" />
<p fId="3" fbTx="0.515482096" lbTx="0.51548218" tId="0" fbRx="0.525482096" lbRx="0.52548218" />
<p fId="0" fbTx="0.51548218" lbTx="0.515483055" tId="1" fbRx="0.51548218" lbRx="0.515483055" />
<p fId="1" fbTx="0.515483055" lbTx="0.51548393" tId="4" fbRx="0.515483055" lbRx="0.51548393" />
<p fId="3" fbTx="0.515582096" lbTx="0.51558218" tId="0" fbRx="0.525582096" lbRx="0.52558218" />
<p fId="0" fbTx="0.51558218" lbTx="0.515583055" tId="1" fbRx="0.51558218" lbRx="0.515583055" />
<p fId="1" fbTx="0.515583055" lbTx="0.51558393" tId="4" fbRx="0.515583055" lbRx="0.51558393" />
<p fId="3" fbTx="0.515682096" lbTx="0.51568218" tId="0" fbRx="0.525682096" lbRx="0.52568218" />
<p fId="0" fbTx="0.51568218" lbTx="0.515683055" tId="1" fbRx="0.51568218" lbRx="0.515683055" />
<p fId="1" fbTx="0.515683055" lbTx="0.51568393" tId="4" fbRx="0.515683055" lbRx="0.51568393" />
<p fId="3" fbTx="0.515782096" lbTx="0.51578218" tId="0" fbRx="0.525782096" lbRx="0.52578218" />
<p fId="0" fbTx="0.51578218" lbTx="0.515783055" tId="1" fbRx="0.51578218" lbRx="0.515783055" />
<p fId="1" fbTx="0.515783055" lbTx="0.51578393" tId="4" fbRx="0.515783055" lbRx="0.51578393" />
<p fId="3" fbTx="0.515882096" lbTx="0.51588218" tId="0" fbRx="0.525882096" lbRx="0.52588218" />
<p fId="0" fbTx="0.51588218" lbTx="0.515883055" tId="1" fbRx="0.51588218" lbRx="0.515883055" />
<p fId="1" fbTx="0.515883055" lbTx="0.51588393" tId="4" fbRx="0.515883055" lbRx="0.51588393" />
<p fId="3" fbTx="0.515982096" lbTx="0.51598218" tId="0" fbRx="0.525982096" lbRx="0.52598218" />
<p fId="0" fbTx="0.51598218" lbTx="0.515983055" tId="1" fbRx="0.51598218" lbRx="0.515983055" />
<p fId="1" fbTx="0.515983055" lbTx="0.51598393" tId="4" fbRx="0.515983055" lbRx="0.51598393" />
<p fId="3" fbTx="0.516082096" lbTx="0.51608218" tId="0" fbRx="0.526082096" lbRx="0.52608218" />
<p fId="0" fbTx="0.51608218" lbTx="0.516083055" tId="1" fbRx="0.51608218" lbRx="0.516083055" />
<p fId="1" fbTx="0.516083055" lbTx="0.51608393" tId="4" fbRx="0.516083055" lbRx="0.51608393" />
<p fId="3" fbTx="0.516182096" lbTx="0.51618218" tId="0" fbRx="0.526182096" lbRx="0.52618218" />
<p fId="0" fbTx="0.51618218" lbTx="0.516183055" tId="1" fbRx="0.51618218" lbRx="0.516183055" />
<p fId="1" fbTx="0.516183055" lbTx="0.51618393" tId="4" fbRx="0.516183055" lbRx="0.51618393" />
<pr uId="494" fId="4" fbTx="0.516214286" />
<wpr uId="494" tId="5" fbRx="0.516214286" lbRx="0" />
<wpr uId="494" tId="6" fbRx="0.516214286" lbRx="0" />
<p fId="3" fbTx="0.516282096" lbTx="0.51628218" tId="0" fbRx="0.526282096" lbRx="0.52628218" />
<p fId="0" fbTx="0.51628218" lbTx="0.516283055" tId="1" fbRx="0.51628218" lbRx="0.516283055" />
<p fId="1" fbTx="0.516283055" lbTx="0.51628393" tId="4" fbRx="0.516283055" lbRx="0.51628393" />
<p fId="3" fbTx="0.516382096" lbTx="0.51638218" tId="0" fbRx="0.526382096" lbRx="0.52638218" />
<p fId="0" fbTx="0.51638218" lbTx="0.516383055" tId="1" fbRx="0.51638218" lbRx="0.516383055" />
<p fId="1" fbTx="0.516383055" lbTx="0.51638393" tId="4" fbRx="0.516383055" lbRx="0.51638393" />
<p fId="3" fbTx="0.516482096" lbTx="0.51648218" tId="0" fbRx="0.526482096" lbRx="0.52648218" />
<p fId="0" fbTx="0.51648218" lbTx="0.516483055" tId="1" fbRx="0.51648218" lbRx="0.516483055" />
<p fId="1" fbTx="0.516483055" lbTx="0.51648393" tId="4" fbRx="0.516483055" lbRx="0.51648393" />
<p fId="3" fbTx="0.516582096" lbTx="0.51658218" tId="0" fbRx="0.526582096" lbRx="0.52658218" />
<p fId="0" fbTx="0.51658218" lbTx="0.516583055" tId="1" fbRx="0.51658218" lbRx="0.516583055" />
<p fId="1" fbTx="0.516583055" lbTx="0.51658393" tId="4" fbRx="0.516583055" lbRx="0.51658393" />
<p fId="3" fbTx="0.516682096" lbTx="0.51668218" tId="0" fbRx="0.526682096" lbRx="0.52668218" />
<p fId="0" fbTx="0.51668218" lbTx="0.516683055" tId="1" fbRx="0.51668218" lbRx="0.516683055" />
<p fId="1" fbTx="0.516683055" lbTx="0.51668393" tId="4" fbRx="0.516683055" lbRx="0.51668393" />
<p fId="3" fbTx="0.516782096" lbTx="0.51678218" tId="0" fbRx="0.526782096" lbRx="0.52678218" />
<p fId="0" fbTx="0.51678218" lbTx="0.516783055" tId="1" fbRx="0.51678218" lbRx="0.516783055" />
<p fId="1" fbTx="0.516783055" lbTx="0.51678393" tId="4" fbRx="0.516783055" lbRx="0.51678393" />
<p fId="3" fbTx="0.516882096" lbTx="0.51688218" tId="0" fbRx="0.526882096" lbRx="0.52688218" />
<p fId="0" fbTx="0.51688218" lbTx="0.516883055" tId="1" fbRx="0.51688218" lbRx="0.516883055" />
<p fId="1" fbTx="0.516883055" lbTx="0.51688393" tId="4" fbRx="0.516883055" lbRx="0.51688393" />
<p fId="3" fbTx="0.516982096" lbTx="0.51698218" tId="0" fbRx="0.526982096" lbRx="0.52698218" />
<p fId="0" fbTx="0.51698218" lbTx="0.516983055" tId="1" fbRx="0.51698218" lbRx="0.516983055" />
<p fId="1" fbTx="0.516983055" lbTx="0.51698393" tId="4" fbRx="0.516983055" lbRx="0.51698393" />
<p fId="3" fbTx="0.517082096" lbTx="0.51708218" tId="0" fbRx="0.527082096" lbRx="0.52708218" />
<p fId="0" fbTx="0.51708218" lbTx="0.517083055" tId="1" fbRx="0.51708218" lbRx="0.517083055" />
<p fId="1" fbTx="0.517083055" lbTx="0.51708393" tId="4" fbRx="0.517083055" lbRx="0.51708393" />
<p fId="3" fbTx="0.517182096" lbTx="0.51718218" tId="0" fbRx="0.527182096" lbRx="0.52718218" />
<p fId="0" fbTx="0.51718218" lbTx="0.517183055" tId="1" fbRx="0.51718218" lbRx="0.517183055" />
<p fId="1" fbTx="0.517183055" lbTx="0.51718393" tId="4" fbRx="0.517183055" lbRx="0.51718393" />
<pr uId="495" fId="4" fbTx="0.517214286" />
<wpr uId="495" tId="5" fbRx="0.517214286" lbRx="0" />
<wpr uId="495" tId="6" fbRx="0.517214286" lbRx="0" />
<p fId="3" fbTx="0.517282096" lbTx="0.51728218" tId="0" fbRx="0.527282096" lbRx="0.52728218" />
<p fId="0" fbTx="0.51728218" lbTx="0.517283055" tId="1" fbRx="0.51728218" lbRx="0.517283055" />
<p fId="1" fbTx="0.517283055" lbTx="0.51728393" tId="4" fbRx="0.517283055" lbRx="0.51728393" />
<p fId="3" fbTx="0.517382096" lbTx="0.51738218" tId="0" fbRx="0.527382096" lbRx="0.52738218" />
<p fId="0" fbTx="0.51738218" lbTx="0.517383055" tId="1" fbRx="0.51738218" lbRx="0.517383055" />
<p fId="1" fbTx="0.517383055" lbTx="0.51738393" tId="4" fbRx="0.517383055" lbRx="0.51738393" />
<p fId="3" fbTx="0.517482096" lbTx="0.51748218" tId="0" fbRx="0.527482096" lbRx="0.52748218" />
<p fId="0" fbTx="0.51748218" lbTx="0.517483055" tId="1" fbRx="0.51748218" lbRx="0.517483055" />
<p fId="1" fbTx="0.517483055" lbTx="0.51748393" tId="4" fbRx="0.517483055" lbRx="0.51748393" />
<p fId="3" fbTx="0.517582096" lbTx="0.51758218" tId="0" fbRx="0.527582096" lbRx="0.52758218" />
<p fId="0" fbTx="0.51758218" lbTx="0.517583055" tId="1" fbRx="0.51758218" lbRx="0.517583055" />
<p fId="1" fbTx="0.517583055" lbTx="0.51758393" tId="4" fbRx="0.517583055" lbRx="0.51758393" />
<p fId="3" fbTx="0.517682096" lbTx="0.51768218" tId="0" fbRx="0.527682096" lbRx="0.52768218" />
<p fId="0" fbTx="0.51768218" lbTx="0.517683055" tId="1" fbRx="0.51768218" lbRx="0.517683055" />
<p fId="1" fbTx="0.517683055" lbTx="0.51768393" tId="4" fbRx="0.517683055" lbRx="0.51768393" />
<p fId="3" fbTx="0.517782096" lbTx="0.51778218" tId="0" fbRx="0.527782096" lbRx="0.52778218" />
<p fId="0" fbTx="0.51778218" lbTx="0.517783055" tId="1" fbRx="0.51778218" lbRx="0.517783055" />
<p fId="1" fbTx="0.517783055" lbTx="0.51778393" tId="4" fbRx="0.517783055" lbRx="0.51778393" />
<p fId="3" fbTx="0.517882096" lbTx="0.51788218" tId="0" fbRx="0.527882096" lbRx="0.52788218" />
<p fId="0" fbTx="0.51788218" lbTx="0.517883055" tId="1" fbRx="0.51788218" lbRx="0.517883055" />
<p fId="1" fbTx="0.517883055" lbTx="0.51788393" tId="4" fbRx="0.517883055" lbRx="0.51788393" />
<p fId="3" fbTx="0.517982096" lbTx="0.51798218" tId="0" fbRx="0.527982096" lbRx="0.52798218" />
<p fId="0" fbTx="0.51798218" lbTx="0.517983055" tId="1" fbRx="0.51798218" lbRx="0.517983055" />
<p fId="1" fbTx="0.517983055" lbTx="0.51798393" tId="4" fbRx="0.517983055" lbRx="0.51798393" />
<p fId="3" fbTx="0.518082096" lbTx="0.51808218" tId="0" fbRx="0.528082096" lbRx="0.52808218" />
<p fId="0" fbTx="0.51808218" lbTx="0.518083055" tId="1" fbRx="0.51808218" lbRx="0.518083055" />
<p fId="1" fbTx="0.518083055" lbTx="0.51808393" tId="4" fbRx="0.518083055" lbRx="0.51808393" />
<p fId="3" fbTx="0.518182096" lbTx="0.51818218" tId="0" fbRx="0.528182096" lbRx="0.52818218" />
<p fId="0" fbTx="0.51818218" lbTx="0.518183055" tId="1" fbRx="0.51818218" lbRx="0.518183055" />
<p fId="1" fbTx="0.518183055" lbTx="0.51818393" tId="4" fbRx="0.518183055" lbRx="0.51818393" />
<pr uId="496" fId="4" fbTx="0.518214286" />
<wpr uId="496" tId="5" fbRx="0.518214286" lbRx="0" />
<wpr uId="496" tId="6" fbRx="0.518214286" lbRx="0" />
<p fId="3" fbTx="0.518282096" lbTx="0.51828218" tId="0" fbRx="0.528282096" lbRx="0.52828218" />
<p fId="0" fbTx="0.51828218" lbTx="0.518283055" tId="1" fbRx="0.51828218" lbRx="0.518283055" />
<p fId="1" fbTx="0.518283055" lbTx="0.51828393" tId="4" fbRx="0.518283055" lbRx="0.51828393" />
<p fId="3" fbTx="0.518382096" lbTx="0.51838218" tId="0" fbRx="0.528382096" lbRx="0.52838218" />
<p fId="0" fbTx="0.51838218" lbTx="0.518383055" tId="1" fbRx="0.51838218" lbRx="0.518383055" />
<p fId="1" fbTx="0.518383055" lbTx="0.51838393" tId="4" fbRx="0.518383055" lbRx="0.51838393" />
<p fId="3" fbTx="0.518482096" lbTx="0.51848218" tId="0" fbRx="0.528482096" lbRx="0.52848218" />
<p fId="0" fbTx="0.51848218" lbTx="0.518483055" tId="1" fbRx="0.51848218" lbRx="0.518483055" />
<p fId="1" fbTx="0.518483055" lbTx="0.51848393" tId="4" fbRx="0.518483055" lbRx="0.51848393" />
<p fId="3" fbTx="0.518582096" lbTx="0.51858218" tId="0" fbRx="0.528582096" lbRx="0.52858218" />
<p fId="0" fbTx="0.51858218" lbTx="0.518583055" tId="1" fbRx="0.51858218" lbRx="0.518583055" />
<p fId="1" fbTx="0.518583055" lbTx="0.51858393" tId="4" fbRx="0.518583055" lbRx="0.51858393" />
<p fId="3" fbTx="0.518682096" lbTx="0.51868218" tId="0" fbRx="0.528682096" lbRx="0.52868218" />
<p fId="0" fbTx="0.51868218" lbTx="0.518683055" tId="1" fbRx="0.51868218" lbRx="0.518683055" />
<p fId="1" fbTx="0.518683055" lbTx="0.51868393" tId="4" fbRx="0.518683055" lbRx="0.51868393" />
<p fId="3" fbTx="0.518782096" lbTx="0.51878218" tId="0" fbRx="0.528782096" lbRx="0.52878218" />
<p fId="0" fbTx="0.51878218" lbTx="0.518783055" tId="1" fbRx="0.51878218" lbRx="0.518783055" />
<p fId="1" fbTx="0.518783055" lbTx="0.51878393" tId="4" fbRx="0.518783055" lbRx="0.51878393" />
<p fId="3" fbTx="0.518882096" lbTx="0.51888218" tId="0" fbRx="0.528882096" lbRx="0.52888218" />
<p fId="0" fbTx="0.51888218" lbTx="0.518883055" tId="1" fbRx="0.51888218" lbRx="0.518883055" />
<p fId="1" fbTx="0.518883055" lbTx="0.51888393" tId="4" fbRx="0.518883055" lbRx="0.51888393" />
<p fId="3" fbTx="0.518982096" lbTx="0.51898218" tId="0" fbRx="0.528982096" lbRx="0.52898218" />
<p fId="0" fbTx="0.51898218" lbTx="0.518983055" tId="1" fbRx="0.51898218" lbRx="0.518983055" />
<p fId="1" fbTx="0.518983055" lbTx="0.51898393" tId="4" fbRx="0.518983055" lbRx="0.51898393" />
<p fId="3" fbTx="0.519082096" lbTx="0.51908218" tId="0" fbRx="0.529082096" lbRx="0.52908218" />
<p fId="0" fbTx="0.51908218" lbTx="0.519083055" tId="1" fbRx="0.51908218" lbRx="0.519083055" />
<p fId="1" fbTx="0.519083055" lbTx="0.51908393" tId="4" fbRx="0.519083055" lbRx="0.51908393" />
<p fId="3" fbTx="0.519182096" lbTx="0.51918218" tId="0" fbRx="0.529182096" lbRx="0.52918218" />
<p fId="0" fbTx="0.51918218" lbTx="0.519183055" tId="1" fbRx="0.51918218" lbRx="0.519183055" />
<p fId="1" fbTx="0.519183055" lbTx="0.51918393" tId="4" fbRx="0.519183055" lbRx="0.51918393" />
<pr uId="497" fId="4" fbTx="0.519214286" />
<wpr uId="497" tId="5" fbRx="0.519214286" lbRx="0" />
<wpr uId="497" tId="6" fbRx="0.519214286" lbRx="0" />
<p fId="3" fbTx="0.519282096" lbTx="0.51928218" tId="0" fbRx="0.529282096" lbRx="0.52928218" />
<p fId="0" fbTx="0.51928218" lbTx="0.519283055" tId="1" fbRx="0.51928218" lbRx="0.519283055" />
<p fId="1" fbTx="0.519283055" lbTx="0.51928393" tId="4" fbRx="0.519283055" lbRx="0.51928393" />
<p fId="3" fbTx="0.519382096" lbTx="0.51938218" tId="0" fbRx="0.529382096" lbRx="0.52938218" />
<p fId="0" fbTx="0.51938218" lbTx="0.519383055" tId="1" fbRx="0.51938218" lbRx="0.519383055" />
<p fId="1" fbTx="0.519383055" lbTx="0.51938393" tId="4" fbRx="0.519383055" lbRx="0.51938393" />
<p fId="3" fbTx="0.519482096" lbTx="0.51948218" tId="0" fbRx="0.529482096" lbRx="0.52948218" />
<p fId="0" fbTx="0.51948218" lbTx="0.519483055" tId="1" fbRx="0.51948218" lbRx="0.519483055" />
<p fId="1" fbTx="0.519483055" lbTx="0.51948393" tId="4" fbRx="0.519483055" lbRx="0.51948393" />
<p fId="3" fbTx="0.519582096" lbTx="0.51958218" tId="0" fbRx="0.529582096" lbRx="0.52958218" />
<p fId="0" fbTx="0.51958218" lbTx="0.519583055" tId="1" fbRx="0.51958218" lbRx="0.519583055" />
<p fId="1" fbTx="0.519583055" lbTx="0.51958393" tId="4" fbRx="0.519583055" lbRx="0.51958393" />
<p fId="3" fbTx="0.519682096" lbTx="0.51968218" tId="0" fbRx="0.529682096" lbRx="0.52968218" />
<p fId="0" fbTx="0.51968218" lbTx="0.519683055" tId="1" fbRx="0.51968218" lbRx="0.519683055" />
<p fId="1" fbTx="0.519683055" lbTx="0.51968393" tId="4" fbRx="0.519683055" lbRx="0.51968393" />
<p fId="3" fbTx="0.519782096" lbTx="0.51978218" tId="0" fbRx="0.529782096" lbRx="0.52978218" />
<p fId="0" fbTx="0.51978218" lbTx="0.519783055" tId="1" fbRx="0.51978218" lbRx="0.519783055" />
<p fId="1" fbTx="0.519783055" lbTx="0.51978393" tId="4" fbRx="0.519783055" lbRx="0.51978393" />
<p fId="3" fbTx="0.519882096" lbTx="0.51988218" tId="0" fbRx="0.529882096" lbRx="0.52988218" />
<p fId="0" fbTx="0.51988218" lbTx="0.519883055" tId="1" fbRx="0.51988218" lbRx="0.519883055" />
<p fId="1" fbTx="0.519883055" lbTx="0.51988393" tId="4" fbRx="0.519883055" lbRx="0.51988393" />
<p fId="3" fbTx="0.519982096" lbTx="0.51998218" tId="0" fbRx="0.529982096" lbRx="0.52998218" />
<p fId="0" fbTx="0.51998218" lbTx="0.519983055" tId="1" fbRx="0.51998218" lbRx="0.519983055" />
<p fId="1" fbTx="0.519983055" lbTx="0.51998393" tId="4" fbRx="0.519983055" lbRx="0.51998393" />
<p fId="3" fbTx="0.520082096" lbTx="0.52008218" tId="0" fbRx="0.530082096" lbRx="0.53008218" />
<p fId="0" fbTx="0.52008218" lbTx="0.520083055" tId="1" fbRx="0.52008218" lbRx="0.520083055" />
<p fId="1" fbTx="0.520083055" lbTx="0.52008393" tId="4" fbRx="0.520083055" lbRx="0.52008393" />
<p fId="3" fbTx="0.520182096" lbTx="0.52018218" tId="0" fbRx="0.530182096" lbRx="0.53018218" />
<p fId="0" fbTx="0.52018218" lbTx="0.520183055" tId="1" fbRx="0.52018218" lbRx="0.520183055" />
<p fId="1" fbTx="0.520183055" lbTx="0.52018393" tId="4" fbRx="0.520183055" lbRx="0.52018393" />
<pr uId="498" fId="4" fbTx="0.520214286" />
<wpr uId="498" tId="5" fbRx="0.520214286" lbRx="0" />
<wpr uId="498" tId="6" fbRx="0.520214286" lbRx="0" />
<p fId="3" fbTx="0.520282096" lbTx="0.52028218" tId="0" fbRx="0.530282096" lbRx="0.53028218" />
<p fId="0" fbTx="0.52028218" lbTx="0.520283055" tId="1" fbRx="0.52028218" lbRx="0.520283055" />
<p fId="1" fbTx="0.520283055" lbTx="0.52028393" tId="4" fbRx="0.520283055" lbRx="0.52028393" />
<p fId="3" fbTx="0.520382096" lbTx="0.52038218" tId="0" fbRx="0.530382096" lbRx="0.53038218" />
<p fId="0" fbTx="0.52038218" lbTx="0.520383055" tId="1" fbRx="0.52038218" lbRx="0.520383055" />
<p fId="1" fbTx="0.520383055" lbTx="0.52038393" tId="4" fbRx="0.520383055" lbRx="0.52038393" />
<p fId="3" fbTx="0.520482096" lbTx="0.52048218" tId="0" fbRx="0.530482096" lbRx="0.53048218" />
<p fId="0" fbTx="0.52048218" lbTx="0.520483055" tId="1" fbRx="0.52048218" lbRx="0.520483055" />
<p fId="1" fbTx="0.520483055" lbTx="0.52048393" tId="4" fbRx="0.520483055" lbRx="0.52048393" />
<p fId="3" fbTx="0.520582096" lbTx="0.52058218" tId="0" fbRx="0.530582096" lbRx="0.53058218" />
<p fId="0" fbTx="0.52058218" lbTx="0.520583055" tId="1" fbRx="0.52058218" lbRx="0.520583055" />
<p fId="1" fbTx="0.520583055" lbTx="0.52058393" tId="4" fbRx="0.520583055" lbRx="0.52058393" />
<p fId="3" fbTx="0.520682096" lbTx="0.52068218" tId="0" fbRx="0.530682096" lbRx="0.53068218" />
<p fId="0" fbTx="0.52068218" lbTx="0.520683055" tId="1" fbRx="0.52068218" lbRx="0.520683055" />
<p fId="1" fbTx="0.520683055" lbTx="0.52068393" tId="4" fbRx="0.520683055" lbRx="0.52068393" />
<p fId="3" fbTx="0.520782096" lbTx="0.52078218" tId="0" fbRx="0.530782096" lbRx="0.53078218" />
<p fId="0" fbTx="0.52078218" lbTx="0.520783055" tId="1" fbRx="0.52078218" lbRx="0.520783055" />
<p fId="1" fbTx="0.520783055" lbTx="0.52078393" tId="4" fbRx="0.520783055" lbRx="0.52078393" />
<p fId="3" fbTx="0.520882096" lbTx="0.52088218" tId="0" fbRx="0.530882096" lbRx="0.53088218" />
<p fId="0" fbTx="0.52088218" lbTx="0.520883055" tId="1" fbRx="0.52088218" lbRx="0.520883055" />
<p fId="1" fbTx="0.520883055" lbTx="0.52088393" tId="4" fbRx="0.520883055" lbRx="0.52088393" />
<p fId="3" fbTx="0.520982096" lbTx="0.52098218" tId="0" fbRx="0.530982096" lbRx="0.53098218" />
<p fId="0" fbTx="0.52098218" lbTx="0.520983055" tId="1" fbRx="0.52098218" lbRx="0.520983055" />
<p fId="1" fbTx="0.520983055" lbTx="0.52098393" tId="4" fbRx="0.520983055" lbRx="0.52098393" />
<p fId="3" fbTx="0.521082096" lbTx="0.52108218" tId="0" fbRx="0.531082096" lbRx="0.53108218" />
<p fId="0" fbTx="0.52108218" lbTx="0.521083055" tId="1" fbRx="0.52108218" lbRx="0.521083055" />
<p fId="1" fbTx="0.521083055" lbTx="0.52108393" tId="4" fbRx="0.521083055" lbRx="0.52108393" />
<p fId="3" fbTx="0.521182096" lbTx="0.52118218" tId="0" fbRx="0.531182096" lbRx="0.53118218" />
<p fId="0" fbTx="0.52118218" lbTx="0.521183055" tId="1" fbRx="0.52118218" lbRx="0.521183055" />
<p fId="1" fbTx="0.521183055" lbTx="0.52118393" tId="4" fbRx="0.521183055" lbRx="0.52118393" />
<pr uId="499" fId="4" fbTx="0.521214286" />
<wpr uId="499" tId="5" fbRx="0.521214286" lbRx="0" />
<wpr uId="499" tId="6" fbRx="0.521214286" lbRx="0" />
<p fId="3" fbTx="0.521282096" lbTx="0.52128218" tId="0" fbRx="0.531282096" lbRx="0.53128218" />
<p fId="0" fbTx="0.52128218" lbTx="0.521283055" tId="1" fbRx="0.52128218" lbRx="0.521283055" />
<p fId="1" fbTx="0.521283055" lbTx="0.52128393" tId="4" fbRx="0.521283055" lbRx="0.52128393" />
<p fId="3" fbTx="0.521382096" lbTx="0.52138218" tId="0" fbRx="0.531382096" lbRx="0.53138218" />
<p fId="0" fbTx="0.52138218" lbTx="0.521383055" tId="1" fbRx="0.52138218" lbRx="0.521383055" />
<p fId="1" fbTx="0.521383055" lbTx="0.52138393" tId="4" fbRx="0.521383055" lbRx="0.52138393" />
<p fId="3" fbTx="0.521482096" lbTx="0.52148218" tId="0" fbRx="0.531482096" lbRx="0.53148218" />
<p fId="0" fbTx="0.52148218" lbTx="0.521483055" tId="1" fbRx="0.52148218" lbRx="0.521483055" />
<p fId="1" fbTx="0.521483055" lbTx="0.52148393" tId="4" fbRx="0.521483055" lbRx="0.52148393" />
<p fId="3" fbTx="0.521582096" lbTx="0.52158218" tId="0" fbRx="0.531582096" lbRx="0.53158218" />
<p fId="0" fbTx="0.52158218" lbTx="0.521583055" tId="1" fbRx="0.52158218" lbRx="0.521583055" />
<p fId="1" fbTx="0.521583055" lbTx="0.52158393" tId="4" fbRx="0.521583055" lbRx="0.52158393" />
<p fId="3" fbTx="0.521682096" lbTx="0.52168218" tId="0" fbRx="0.531682096" lbRx="0.53168218" />
<p fId="0" fbTx="0.52168218" lbTx="0.521683055" tId="1" fbRx="0.52168218" lbRx="0.521683055" />
<p fId="1" fbTx="0.521683055" lbTx="0.52168393" tId="4" fbRx="0.521683055" lbRx="0.52168393" />
<p fId="3" fbTx="0.521782096" lbTx="0.52178218" tId="0" fbRx="0.531782096" lbRx="0.53178218" />
<p fId="0" fbTx="0.52178218" lbTx="0.521783055" tId="1" fbRx="0.52178218" lbRx="0.521783055" />
<p fId="1" fbTx="0.521783055" lbTx="0.52178393" tId="4" fbRx="0.521783055" lbRx="0.52178393" />
<p fId="3" fbTx="0.521882096" lbTx="0.52188218" tId="0" fbRx="0.531882096" lbRx="0.53188218" />
<p fId="0" fbTx="0.52188218" lbTx="0.521883055" tId="1" fbRx="0.52188218" lbRx="0.521883055" />
<p fId="1" fbTx="0.521883055" lbTx="0.52188393" tId="4" fbRx="0.521883055" lbRx="0.52188393" />
<p fId="3" fbTx="0.521982096" lbTx="0.52198218" tId="0" fbRx="0.531982096" lbRx="0.53198218" />
<p fId="0" fbTx="0.52198218" lbTx="0.521983055" tId="1" fbRx="0.52198218" lbRx="0.521983055" />
<p fId="1" fbTx="0.521983055" lbTx="0.52198393" tId="4" fbRx="0.521983055" lbRx="0.52198393" />
<p fId="3" fbTx="0.522082096" lbTx="0.52208218" tId="0" fbRx="0.532082096" lbRx="0.53208218" />
<p fId="0" fbTx="0.52208218" lbTx="0.522083055" tId="1" fbRx="0.52208218" lbRx="0.522083055" />
<p fId="1" fbTx="0.522083055" lbTx="0.52208393" tId="4" fbRx="0.522083055" lbRx="0.52208393" />
<p fId="3" fbTx="0.522182096" lbTx="0.52218218" tId="0" fbRx="0.532182096" lbRx="0.53218218" />
<p fId="0" fbTx="0.52218218" lbTx="0.522183055" tId="1" fbRx="0.52218218" lbRx="0.522183055" />
<p fId="1" fbTx="0.522183055" lbTx="0.52218393" tId="4" fbRx="0.522183055" lbRx="0.52218393" />
<pr uId="500" fId="4" fbTx="0.522214286" />
<wpr uId="500" tId="5" fbRx="0.522214286" lbRx="0" />
<wpr uId="500" tId="6" fbRx="0.522214286" lbRx="0" />
<p fId="3" fbTx="0.522282096" lbTx="0.52228218" tId="0" fbRx="0.532282096" lbRx="0.53228218" />
<p fId="0" fbTx="0.52228218" lbTx="0.522283055" tId="1" fbRx="0.52228218" lbRx="0.522283055" />
<p fId="1" fbTx="0.522283055" lbTx="0.52228393" tId="4" fbRx="0.522283055" lbRx="0.52228393" />
<p fId="3" fbTx="0.522382096" lbTx="0.52238218" tId="0" fbRx="0.532382096" lbRx="0.53238218" />
<p fId="0" fbTx="0.52238218" lbTx="0.522383055" tId="1" fbRx="0.52238218" lbRx="0.522383055" />
<p fId="1" fbTx="0.522383055" lbTx="0.52238393" tId="4" fbRx="0.522383055" lbRx="0.52238393" />
<p fId="3" fbTx="0.522482096" lbTx="0.52248218" tId="0" fbRx="0.532482096" lbRx="0.53248218" />
<p fId="0" fbTx="0.52248218" lbTx="0.522483055" tId="1" fbRx="0.52248218" lbRx="0.522483055" />
<p fId="1" fbTx="0.522483055" lbTx="0.52248393" tId="4" fbRx="0.522483055" lbRx="0.52248393" />
<p fId="3" fbTx="0.522582096" lbTx="0.52258218" tId="0" fbRx="0.532582096" lbRx="0.53258218" />
<p fId="0" fbTx="0.52258218" lbTx="0.522583055" tId="1" fbRx="0.52258218" lbRx="0.522583055" />
<p fId="1" fbTx="0.522583055" lbTx="0.52258393" tId="4" fbRx="0.522583055" lbRx="0.52258393" />
<p fId="3" fbTx="0.522682096" lbTx="0.52268218" tId="0" fbRx="0.532682096" lbRx="0.53268218" />
<p fId="0" fbTx="0.52268218" lbTx="0.522683055" tId="1" fbRx="0.52268218" lbRx="0.522683055" />
<p fId="1" fbTx="0.522683055" lbTx="0.52268393" tId="4" fbRx="0.522683055" lbRx="0.52268393" />
<p fId="3" fbTx="0.522782096" lbTx="0.52278218" tId="0" fbRx="0.532782096" lbRx="0.53278218" />
<p fId="0" fbTx="0.52278218" lbTx="0.522783055" tId="1" fbRx="0.52278218" lbRx="0.522783055" />
<p fId="1" fbTx="0.522783055" lbTx="0.52278393" tId="4" fbRx="0.522783055" lbRx="0.52278393" />
<p fId="3" fbTx="0.522882096" lbTx="0.52288218" tId="0" fbRx="0.532882096" lbRx="0.53288218" />
<p fId="0" fbTx="0.52288218" lbTx="0.522883055" tId="1" fbRx="0.52288218" lbRx="0.522883055" />
<p fId="1" fbTx="0.522883055" lbTx="0.52288393" tId="4" fbRx="0.522883055" lbRx="0.52288393" />
<p fId="3" fbTx="0.522982096" lbTx="0.52298218" tId="0" fbRx="0.532982096" lbRx="0.53298218" />
<p fId="0" fbTx="0.52298218" lbTx="0.522983055" tId="1" fbRx="0.52298218" lbRx="0.522983055" />
<p fId="1" fbTx="0.522983055" lbTx="0.52298393" tId="4" fbRx="0.522983055" lbRx="0.52298393" />
<p fId="3" fbTx="0.523082096" lbTx="0.52308218" tId="0" fbRx="0.533082096" lbRx="0.53308218" />
<p fId="0" fbTx="0.52308218" lbTx="0.523083055" tId="1" fbRx="0.52308218" lbRx="0.523083055" />
<p fId="1" fbTx="0.523083055" lbTx="0.52308393" tId="4" fbRx="0.523083055" lbRx="0.52308393" />
<p fId="3" fbTx="0.523182096" lbTx="0.52318218" tId="0" fbRx="0.533182096" lbRx="0.53318218" />
<p fId="0" fbTx="0.52318218" lbTx="0.523183055" tId="1" fbRx="0.52318218" lbRx="0.523183055" />
<p fId="1" fbTx="0.523183055" lbTx="0.52318393" tId="4" fbRx="0.523183055" lbRx="0.52318393" />
<pr uId="501" fId="4" fbTx="0.523214286" />
<wpr uId="501" tId="5" fbRx="0.523214286" lbRx="0" />
<wpr uId="501" tId="6" fbRx="0.523214286" lbRx="0" />
<p fId="3" fbTx="0.523282096" lbTx="0.52328218" tId="0" fbRx="0.533282096" lbRx="0.53328218" />
<p fId="0" fbTx="0.52328218" lbTx="0.523283055" tId="1" fbRx="0.52328218" lbRx="0.523283055" />
<p fId="1" fbTx="0.523283055" lbTx="0.52328393" tId="4" fbRx="0.523283055" lbRx="0.52328393" />
<p fId="3" fbTx="0.523382096" lbTx="0.52338218" tId="0" fbRx="0.533382096" lbRx="0.53338218" />
<p fId="0" fbTx="0.52338218" lbTx="0.523383055" tId="1" fbRx="0.52338218" lbRx="0.523383055" />
<p fId="1" fbTx="0.523383055" lbTx="0.52338393" tId="4" fbRx="0.523383055" lbRx="0.52338393" />
<p fId="3" fbTx="0.523482096" lbTx="0.52348218" tId="0" fbRx="0.533482096" lbRx="0.53348218" />
<p fId="0" fbTx="0.52348218" lbTx="0.523483055" tId="1" fbRx="0.52348218" lbRx="0.523483055" />
<p fId="1" fbTx="0.523483055" lbTx="0.52348393" tId="4" fbRx="0.523483055" lbRx="0.52348393" />
<p fId="3" fbTx="0.523582096" lbTx="0.52358218" tId="0" fbRx="0.533582096" lbRx="0.53358218" />
<p fId="0" fbTx="0.52358218" lbTx="0.523583055" tId="1" fbRx="0.52358218" lbRx="0.523583055" />
<p fId="1" fbTx="0.523583055" lbTx="0.52358393" tId="4" fbRx="0.523583055" lbRx="0.52358393" />
<p fId="3" fbTx="0.523682096" lbTx="0.52368218" tId="0" fbRx="0.533682096" lbRx="0.53368218" />
<p fId="0" fbTx="0.52368218" lbTx="0.523683055" tId="1" fbRx="0.52368218" lbRx="0.523683055" />
<p fId="1" fbTx="0.523683055" lbTx="0.52368393" tId="4" fbRx="0.523683055" lbRx="0.52368393" />
<p fId="3" fbTx="0.523782096" lbTx="0.52378218" tId="0" fbRx="0.533782096" lbRx="0.53378218" />
<p fId="0" fbTx="0.52378218" lbTx="0.523783055" tId="1" fbRx="0.52378218" lbRx="0.523783055" />
<p fId="1" fbTx="0.523783055" lbTx="0.52378393" tId="4" fbRx="0.523783055" lbRx="0.52378393" />
<p fId="3" fbTx="0.523882096" lbTx="0.52388218" tId="0" fbRx="0.533882096" lbRx="0.53388218" />
<p fId="0" fbTx="0.52388218" lbTx="0.523883055" tId="1" fbRx="0.52388218" lbRx="0.523883055" />
<p fId="1" fbTx="0.523883055" lbTx="0.52388393" tId="4" fbRx="0.523883055" lbRx="0.52388393" />
<p fId="3" fbTx="0.523982096" lbTx="0.52398218" tId="0" fbRx="0.533982096" lbRx="0.53398218" />
<p fId="0" fbTx="0.52398218" lbTx="0.523983055" tId="1" fbRx="0.52398218" lbRx="0.523983055" />
<p fId="1" fbTx="0.523983055" lbTx="0.52398393" tId="4" fbRx="0.523983055" lbRx="0.52398393" />
<p fId="3" fbTx="0.524082096" lbTx="0.52408218" tId="0" fbRx="0.534082096" lbRx="0.53408218" />
<p fId="0" fbTx="0.52408218" lbTx="0.524083055" tId="1" fbRx="0.52408218" lbRx="0.524083055" />
<p fId="1" fbTx="0.524083055" lbTx="0.52408393" tId="4" fbRx="0.524083055" lbRx="0.52408393" />
<p fId="3" fbTx="0.524182096" lbTx="0.52418218" tId="0" fbRx="0.534182096" lbRx="0.53418218" />
<p fId="0" fbTx="0.52418218" lbTx="0.524183055" tId="1" fbRx="0.52418218" lbRx="0.524183055" />
<p fId="1" fbTx="0.524183055" lbTx="0.52418393" tId="4" fbRx="0.524183055" lbRx="0.52418393" />
<pr uId="502" fId="4" fbTx="0.524214286" />
<wpr uId="502" tId="5" fbRx="0.524214286" lbRx="0" />
<wpr uId="502" tId="6" fbRx="0.524214286" lbRx="0" />
<p fId="3" fbTx="0.524282096" lbTx="0.52428218" tId="0" fbRx="0.534282096" lbRx="0.53428218" />
<p fId="0" fbTx="0.52428218" lbTx="0.524283055" tId="1" fbRx="0.52428218" lbRx="0.524283055" />
<p fId="1" fbTx="0.524283055" lbTx="0.52428393" tId="4" fbRx="0.524283055" lbRx="0.52428393" />
<p fId="3" fbTx="0.524382096" lbTx="0.52438218" tId="0" fbRx="0.534382096" lbRx="0.53438218" />
<p fId="0" fbTx="0.52438218" lbTx="0.524383055" tId="1" fbRx="0.52438218" lbRx="0.524383055" />
<p fId="1" fbTx="0.524383055" lbTx="0.52438393" tId="4" fbRx="0.524383055" lbRx="0.52438393" />
<p fId="3" fbTx="0.524482096" lbTx="0.52448218" tId="0" fbRx="0.534482096" lbRx="0.53448218" />
<p fId="0" fbTx="0.52448218" lbTx="0.524483055" tId="1" fbRx="0.52448218" lbRx="0.524483055" />
<p fId="1" fbTx="0.524483055" lbTx="0.52448393" tId="4" fbRx="0.524483055" lbRx="0.52448393" />
<p fId="3" fbTx="0.524582096" lbTx="0.52458218" tId="0" fbRx="0.534582096" lbRx="0.53458218" />
<p fId="0" fbTx="0.52458218" lbTx="0.524583055" tId="1" fbRx="0.52458218" lbRx="0.524583055" />
<p fId="1" fbTx="0.524583055" lbTx="0.52458393" tId="4" fbRx="0.524583055" lbRx="0.52458393" />
<p fId="3" fbTx="0.524682096" lbTx="0.52468218" tId="0" fbRx="0.534682096" lbRx="0.53468218" />
<p fId="0" fbTx="0.52468218" lbTx="0.524683055" tId="1" fbRx="0.52468218" lbRx="0.524683055" />
<p fId="1" fbTx="0.524683055" lbTx="0.52468393" tId="4" fbRx="0.524683055" lbRx="0.52468393" />
<p fId="3" fbTx="0.524782096" lbTx="0.52478218" tId="0" fbRx="0.534782096" lbRx="0.53478218" />
<p fId="0" fbTx="0.52478218" lbTx="0.524783055" tId="1" fbRx="0.52478218" lbRx="0.524783055" />
<p fId="1" fbTx="0.524783055" lbTx="0.52478393" tId="4" fbRx="0.524783055" lbRx="0.52478393" />
<p fId="3" fbTx="0.524882096" lbTx="0.52488218" tId="0" fbRx="0.534882096" lbRx="0.53488218" />
<p fId="0" fbTx="0.52488218" lbTx="0.524883055" tId="1" fbRx="0.52488218" lbRx="0.524883055" />
<p fId="1" fbTx="0.524883055" lbTx="0.52488393" tId="4" fbRx="0.524883055" lbRx="0.52488393" />
<p fId="3" fbTx="0.524982096" lbTx="0.52498218" tId="0" fbRx="0.534982096" lbRx="0.53498218" />
<p fId="0" fbTx="0.52498218" lbTx="0.524983055" tId="1" fbRx="0.52498218" lbRx="0.524983055" />
<p fId="1" fbTx="0.524983055" lbTx="0.52498393" tId="4" fbRx="0.524983055" lbRx="0.52498393" />
<p fId="3" fbTx="0.525082096" lbTx="0.52508218" tId="0" fbRx="0.535082096" lbRx="0.53508218" />
<p fId="0" fbTx="0.52508218" lbTx="0.525083055" tId="1" fbRx="0.52508218" lbRx="0.525083055" />
<p fId="1" fbTx="0.525083055" lbTx="0.52508393" tId="4" fbRx="0.525083055" lbRx="0.52508393" />
<p fId="3" fbTx="0.525182096" lbTx="0.52518218" tId="0" fbRx="0.535182096" lbRx="0.53518218" />
<p fId="0" fbTx="0.52518218" lbTx="0.525183055" tId="1" fbRx="0.52518218" lbRx="0.525183055" />
<p fId="1" fbTx="0.525183055" lbTx="0.52518393" tId="4" fbRx="0.525183055" lbRx="0.52518393" />
<pr uId="503" fId="4" fbTx="0.525214286" />
<wpr uId="503" tId="5" fbRx="0.525214286" lbRx="0" />
<wpr uId="503" tId="6" fbRx="0.525214286" lbRx="0" />
<p fId="3" fbTx="0.525282096" lbTx="0.52528218" tId="0" fbRx="0.535282096" lbRx="0.53528218" />
<p fId="0" fbTx="0.52528218" lbTx="0.525283055" tId="1" fbRx="0.52528218" lbRx="0.525283055" />
<p fId="1" fbTx="0.525283055" lbTx="0.52528393" tId="4" fbRx="0.525283055" lbRx="0.52528393" />
<p fId="3" fbTx="0.525382096" lbTx="0.52538218" tId="0" fbRx="0.535382096" lbRx="0.53538218" />
<p fId="0" fbTx="0.52538218" lbTx="0.525383055" tId="1" fbRx="0.52538218" lbRx="0.525383055" />
<p fId="1" fbTx="0.525383055" lbTx="0.52538393" tId="4" fbRx="0.525383055" lbRx="0.52538393" />
<p fId="3" fbTx="0.525482096" lbTx="0.52548218" tId="0" fbRx="0.535482096" lbRx="0.53548218" />
<p fId="0" fbTx="0.52548218" lbTx="0.525483055" tId="1" fbRx="0.52548218" lbRx="0.525483055" />
<p fId="1" fbTx="0.525483055" lbTx="0.52548393" tId="4" fbRx="0.525483055" lbRx="0.52548393" />
<p fId="3" fbTx="0.525582096" lbTx="0.52558218" tId="0" fbRx="0.535582096" lbRx="0.53558218" />
<p fId="0" fbTx="0.52558218" lbTx="0.525583055" tId="1" fbRx="0.52558218" lbRx="0.525583055" />
<p fId="1" fbTx="0.525583055" lbTx="0.52558393" tId="4" fbRx="0.525583055" lbRx="0.52558393" />
<p fId="3" fbTx="0.525682096" lbTx="0.52568218" tId="0" fbRx="0.535682096" lbRx="0.53568218" />
<p fId="0" fbTx="0.52568218" lbTx="0.525683055" tId="1" fbRx="0.52568218" lbRx="0.525683055" />
<p fId="1" fbTx="0.525683055" lbTx="0.52568393" tId="4" fbRx="0.525683055" lbRx="0.52568393" />
<p fId="3" fbTx="0.525782096" lbTx="0.52578218" tId="0" fbRx="0.535782096" lbRx="0.53578218" />
<p fId="0" fbTx="0.52578218" lbTx="0.525783055" tId="1" fbRx="0.52578218" lbRx="0.525783055" />
<p fId="1" fbTx="0.525783055" lbTx="0.52578393" tId="4" fbRx="0.525783055" lbRx="0.52578393" />
<p fId="3" fbTx="0.525882096" lbTx="0.52588218" tId="0" fbRx="0.535882096" lbRx="0.53588218" />
<p fId="0" fbTx="0.52588218" lbTx="0.525883055" tId="1" fbRx="0.52588218" lbRx="0.525883055" />
<p fId="1" fbTx="0.525883055" lbTx="0.52588393" tId="4" fbRx="0.525883055" lbRx="0.52588393" />
<p fId="3" fbTx="0.525982096" lbTx="0.52598218" tId="0" fbRx="0.535982096" lbRx="0.53598218" />
<p fId="0" fbTx="0.52598218" lbTx="0.525983055" tId="1" fbRx="0.52598218" lbRx="0.525983055" />
<p fId="1" fbTx="0.525983055" lbTx="0.52598393" tId="4" fbRx="0.525983055" lbRx="0.52598393" />
<p fId="3" fbTx="0.526082096" lbTx="0.52608218" tId="0" fbRx="0.536082096" lbRx="0.53608218" />
<p fId="0" fbTx="0.52608218" lbTx="0.526083055" tId="1" fbRx="0.52608218" lbRx="0.526083055" />
<p fId="1" fbTx="0.526083055" lbTx="0.52608393" tId="4" fbRx="0.526083055" lbRx="0.52608393" />
<p fId="3" fbTx="0.526182096" lbTx="0.52618218" tId="0" fbRx="0.536182096" lbRx="0.53618218" />
<p fId="0" fbTx="0.52618218" lbTx="0.526183055" tId="1" fbRx="0.52618218" lbRx="0.526183055" />
<p fId="1" fbTx="0.526183055" lbTx="0.52618393" tId="4" fbRx="0.526183055" lbRx="0.52618393" />
<pr uId="504" fId="4" fbTx="0.526214286" />
<wpr uId="504" tId="5" fbRx="0.526214286" lbRx="0" />
<wpr uId="504" tId="6" fbRx="0.526214286" lbRx="0" />
<p fId="3" fbTx="0.526282096" lbTx="0.52628218" tId="0" fbRx="0.536282096" lbRx="0.53628218" />
<p fId="0" fbTx="0.52628218" lbTx="0.526283055" tId="1" fbRx="0.52628218" lbRx="0.526283055" />
<p fId="1" fbTx="0.526283055" lbTx="0.52628393" tId="4" fbRx="0.526283055" lbRx="0.52628393" />
<p fId="3" fbTx="0.526382096" lbTx="0.52638218" tId="0" fbRx="0.536382096" lbRx="0.53638218" />
<p fId="0" fbTx="0.52638218" lbTx="0.526383055" tId="1" fbRx="0.52638218" lbRx="0.526383055" />
<p fId="1" fbTx="0.526383055" lbTx="0.52638393" tId="4" fbRx="0.526383055" lbRx="0.52638393" />
<p fId="3" fbTx="0.526482096" lbTx="0.52648218" tId="0" fbRx="0.536482096" lbRx="0.53648218" />
<p fId="0" fbTx="0.52648218" lbTx="0.526483055" tId="1" fbRx="0.52648218" lbRx="0.526483055" />
<p fId="1" fbTx="0.526483055" lbTx="0.52648393" tId="4" fbRx="0.526483055" lbRx="0.52648393" />
<p fId="3" fbTx="0.526582096" lbTx="0.52658218" tId="0" fbRx="0.536582096" lbRx="0.53658218" />
<p fId="0" fbTx="0.52658218" lbTx="0.526583055" tId="1" fbRx="0.52658218" lbRx="0.526583055" />
<p fId="1" fbTx="0.526583055" lbTx="0.52658393" tId="4" fbRx="0.526583055" lbRx="0.52658393" />
<p fId="3" fbTx="0.526682096" lbTx="0.52668218" tId="0" fbRx="0.536682096" lbRx="0.53668218" />
<p fId="0" fbTx="0.52668218" lbTx="0.526683055" tId="1" fbRx="0.52668218" lbRx="0.526683055" />
<p fId="1" fbTx="0.526683055" lbTx="0.52668393" tId="4" fbRx="0.526683055" lbRx="0.52668393" />
<p fId="3" fbTx="0.526782096" lbTx="0.52678218" tId="0" fbRx="0.536782096" lbRx="0.53678218" />
<p fId="0" fbTx="0.52678218" lbTx="0.526783055" tId="1" fbRx="0.52678218" lbRx="0.526783055" />
<p fId="1" fbTx="0.526783055" lbTx="0.52678393" tId="4" fbRx="0.526783055" lbRx="0.52678393" />
<p fId="3" fbTx="0.526882096" lbTx="0.52688218" tId="0" fbRx="0.536882096" lbRx="0.53688218" />
<p fId="0" fbTx="0.52688218" lbTx="0.526883055" tId="1" fbRx="0.52688218" lbRx="0.526883055" />
<p fId="1" fbTx="0.526883055" lbTx="0.52688393" tId="4" fbRx="0.526883055" lbRx="0.52688393" />
<p fId="3" fbTx="0.526982096" lbTx="0.52698218" tId="0" fbRx="0.536982096" lbRx="0.53698218" />
<p fId="0" fbTx="0.52698218" lbTx="0.526983055" tId="1" fbRx="0.52698218" lbRx="0.526983055" />
<p fId="1" fbTx="0.526983055" lbTx="0.52698393" tId="4" fbRx="0.526983055" lbRx="0.52698393" />
<p fId="3" fbTx="0.527082096" lbTx="0.52708218" tId="0" fbRx="0.537082096" lbRx="0.53708218" />
<p fId="0" fbTx="0.52708218" lbTx="0.527083055" tId="1" fbRx="0.52708218" lbRx="0.527083055" />
<p fId="1" fbTx="0.527083055" lbTx="0.52708393" tId="4" fbRx="0.527083055" lbRx="0.52708393" />
<p fId="3" fbTx="0.527182096" lbTx="0.52718218" tId="0" fbRx="0.537182096" lbRx="0.53718218" />
<p fId="0" fbTx="0.52718218" lbTx="0.527183055" tId="1" fbRx="0.52718218" lbRx="0.527183055" />
<p fId="1" fbTx="0.527183055" lbTx="0.52718393" tId="4" fbRx="0.527183055" lbRx="0.52718393" />
<pr uId="505" fId="4" fbTx="0.527214286" />
<wpr uId="505" tId="5" fbRx="0.527214286" lbRx="0" />
<wpr uId="505" tId="6" fbRx="0.527214286" lbRx="0" />
<p fId="3" fbTx="0.527282096" lbTx="0.52728218" tId="0" fbRx="0.537282096" lbRx="0.53728218" />
<p fId="0" fbTx="0.52728218" lbTx="0.527283055" tId="1" fbRx="0.52728218" lbRx="0.527283055" />
<p fId="1" fbTx="0.527283055" lbTx="0.52728393" tId="4" fbRx="0.527283055" lbRx="0.52728393" />
<p fId="3" fbTx="0.527382096" lbTx="0.52738218" tId="0" fbRx="0.537382096" lbRx="0.53738218" />
<p fId="0" fbTx="0.52738218" lbTx="0.527383055" tId="1" fbRx="0.52738218" lbRx="0.527383055" />
<p fId="1" fbTx="0.527383055" lbTx="0.52738393" tId="4" fbRx="0.527383055" lbRx="0.52738393" />
<p fId="3" fbTx="0.527482096" lbTx="0.52748218" tId="0" fbRx="0.537482096" lbRx="0.53748218" />
<p fId="0" fbTx="0.52748218" lbTx="0.527483055" tId="1" fbRx="0.52748218" lbRx="0.527483055" />
<p fId="1" fbTx="0.527483055" lbTx="0.52748393" tId="4" fbRx="0.527483055" lbRx="0.52748393" />
<p fId="3" fbTx="0.527582096" lbTx="0.52758218" tId="0" fbRx="0.537582096" lbRx="0.53758218" />
<p fId="0" fbTx="0.52758218" lbTx="0.527583055" tId="1" fbRx="0.52758218" lbRx="0.527583055" />
<p fId="1" fbTx="0.527583055" lbTx="0.52758393" tId="4" fbRx="0.527583055" lbRx="0.52758393" />
<p fId="3" fbTx="0.527682096" lbTx="0.52768218" tId="0" fbRx="0.537682096" lbRx="0.53768218" />
<p fId="0" fbTx="0.52768218" lbTx="0.527683055" tId="1" fbRx="0.52768218" lbRx="0.527683055" />
<p fId="1" fbTx="0.527683055" lbTx="0.52768393" tId="4" fbRx="0.527683055" lbRx="0.52768393" />
<p fId="3" fbTx="0.527782096" lbTx="0.52778218" tId="0" fbRx="0.537782096" lbRx="0.53778218" />
<p fId="0" fbTx="0.52778218" lbTx="0.527783055" tId="1" fbRx="0.52778218" lbRx="0.527783055" />
<p fId="1" fbTx="0.527783055" lbTx="0.52778393" tId="4" fbRx="0.527783055" lbRx="0.52778393" />
<p fId="3" fbTx="0.527882096" lbTx="0.52788218" tId="0" fbRx="0.537882096" lbRx="0.53788218" />
<p fId="0" fbTx="0.52788218" lbTx="0.527883055" tId="1" fbRx="0.52788218" lbRx="0.527883055" />
<p fId="1" fbTx="0.527883055" lbTx="0.52788393" tId="4" fbRx="0.527883055" lbRx="0.52788393" />
<p fId="3" fbTx="0.527982096" lbTx="0.52798218" tId="0" fbRx="0.537982096" lbRx="0.53798218" />
<p fId="0" fbTx="0.52798218" lbTx="0.527983055" tId="1" fbRx="0.52798218" lbRx="0.527983055" />
<p fId="1" fbTx="0.527983055" lbTx="0.52798393" tId="4" fbRx="0.527983055" lbRx="0.52798393" />
<p fId="3" fbTx="0.528082096" lbTx="0.52808218" tId="0" fbRx="0.538082096" lbRx="0.53808218" />
<p fId="0" fbTx="0.52808218" lbTx="0.528083055" tId="1" fbRx="0.52808218" lbRx="0.528083055" />
<p fId="1" fbTx="0.528083055" lbTx="0.52808393" tId="4" fbRx="0.528083055" lbRx="0.52808393" />
<p fId="3" fbTx="0.528182096" lbTx="0.52818218" tId="0" fbRx="0.538182096" lbRx="0.53818218" />
<p fId="0" fbTx="0.52818218" lbTx="0.528183055" tId="1" fbRx="0.52818218" lbRx="0.528183055" />
<p fId="1" fbTx="0.528183055" lbTx="0.52818393" tId="4" fbRx="0.528183055" lbRx="0.52818393" />
<pr uId="506" fId="4" fbTx="0.528214286" />
<wpr uId="506" tId="5" fbRx="0.528214286" lbRx="0" />
<wpr uId="506" tId="6" fbRx="0.528214286" lbRx="0" />
<p fId="3" fbTx="0.528282096" lbTx="0.52828218" tId="0" fbRx="0.538282096" lbRx="0.53828218" />
<p fId="0" fbTx="0.52828218" lbTx="0.528283055" tId="1" fbRx="0.52828218" lbRx="0.528283055" />
<p fId="1" fbTx="0.528283055" lbTx="0.52828393" tId="4" fbRx="0.528283055" lbRx="0.52828393" />
<p fId="3" fbTx="0.528382096" lbTx="0.52838218" tId="0" fbRx="0.538382096" lbRx="0.53838218" />
<p fId="0" fbTx="0.52838218" lbTx="0.528383055" tId="1" fbRx="0.52838218" lbRx="0.528383055" />
<p fId="1" fbTx="0.528383055" lbTx="0.52838393" tId="4" fbRx="0.528383055" lbRx="0.52838393" />
<p fId="3" fbTx="0.528482096" lbTx="0.52848218" tId="0" fbRx="0.538482096" lbRx="0.53848218" />
<p fId="0" fbTx="0.52848218" lbTx="0.528483055" tId="1" fbRx="0.52848218" lbRx="0.528483055" />
<p fId="1" fbTx="0.528483055" lbTx="0.52848393" tId="4" fbRx="0.528483055" lbRx="0.52848393" />
<p fId="3" fbTx="0.528582096" lbTx="0.52858218" tId="0" fbRx="0.538582096" lbRx="0.53858218" />
<p fId="0" fbTx="0.52858218" lbTx="0.528583055" tId="1" fbRx="0.52858218" lbRx="0.528583055" />
<p fId="1" fbTx="0.528583055" lbTx="0.52858393" tId="4" fbRx="0.528583055" lbRx="0.52858393" />
<p fId="3" fbTx="0.528682096" lbTx="0.52868218" tId="0" fbRx="0.538682096" lbRx="0.53868218" />
<p fId="0" fbTx="0.52868218" lbTx="0.528683055" tId="1" fbRx="0.52868218" lbRx="0.528683055" />
<p fId="1" fbTx="0.528683055" lbTx="0.52868393" tId="4" fbRx="0.528683055" lbRx="0.52868393" />
<p fId="3" fbTx="0.528782096" lbTx="0.52878218" tId="0" fbRx="0.538782096" lbRx="0.53878218" />
<p fId="0" fbTx="0.52878218" lbTx="0.528783055" tId="1" fbRx="0.52878218" lbRx="0.528783055" />
<p fId="1" fbTx="0.528783055" lbTx="0.52878393" tId="4" fbRx="0.528783055" lbRx="0.52878393" />
<p fId="3" fbTx="0.528882096" lbTx="0.52888218" tId="0" fbRx="0.538882096" lbRx="0.53888218" />
<p fId="0" fbTx="0.52888218" lbTx="0.528883055" tId="1" fbRx="0.52888218" lbRx="0.528883055" />
<p fId="1" fbTx="0.528883055" lbTx="0.52888393" tId="4" fbRx="0.528883055" lbRx="0.52888393" />
<p fId="3" fbTx="0.528982096" lbTx="0.52898218" tId="0" fbRx="0.538982096" lbRx="0.53898218" />
<p fId="0" fbTx="0.52898218" lbTx="0.528983055" tId="1" fbRx="0.52898218" lbRx="0.528983055" />
<p fId="1" fbTx="0.528983055" lbTx="0.52898393" tId="4" fbRx="0.528983055" lbRx="0.52898393" />
<p fId="3" fbTx="0.529082096" lbTx="0.52908218" tId="0" fbRx="0.539082096" lbRx="0.53908218" />
<p fId="0" fbTx="0.52908218" lbTx="0.529083055" tId="1" fbRx="0.52908218" lbRx="0.529083055" />
<p fId="1" fbTx="0.529083055" lbTx="0.52908393" tId="4" fbRx="0.529083055" lbRx="0.52908393" />
<p fId="3" fbTx="0.529182096" lbTx="0.52918218" tId="0" fbRx="0.539182096" lbRx="0.53918218" />
<p fId="0" fbTx="0.52918218" lbTx="0.529183055" tId="1" fbRx="0.52918218" lbRx="0.529183055" />
<p fId="1" fbTx="0.529183055" lbTx="0.52918393" tId="4" fbRx="0.529183055" lbRx="0.52918393" />
<pr uId="507" fId="4" fbTx="0.529214286" />
<wpr uId="507" tId="5" fbRx="0.529214286" lbRx="0" />
<wpr uId="507" tId="6" fbRx="0.529214286" lbRx="0" />
<p fId="3" fbTx="0.529282096" lbTx="0.52928218" tId="0" fbRx="0.539282096" lbRx="0.53928218" />
<p fId="0" fbTx="0.52928218" lbTx="0.529283055" tId="1" fbRx="0.52928218" lbRx="0.529283055" />
<p fId="1" fbTx="0.529283055" lbTx="0.52928393" tId="4" fbRx="0.529283055" lbRx="0.52928393" />
<p fId="3" fbTx="0.529382096" lbTx="0.52938218" tId="0" fbRx="0.539382096" lbRx="0.53938218" />
<p fId="0" fbTx="0.52938218" lbTx="0.529383055" tId="1" fbRx="0.52938218" lbRx="0.529383055" />
<p fId="1" fbTx="0.529383055" lbTx="0.52938393" tId="4" fbRx="0.529383055" lbRx="0.52938393" />
<p fId="3" fbTx="0.529482096" lbTx="0.52948218" tId="0" fbRx="0.539482096" lbRx="0.53948218" />
<p fId="0" fbTx="0.52948218" lbTx="0.529483055" tId="1" fbRx="0.52948218" lbRx="0.529483055" />
<p fId="1" fbTx="0.529483055" lbTx="0.52948393" tId="4" fbRx="0.529483055" lbRx="0.52948393" />
<p fId="3" fbTx="0.529582096" lbTx="0.52958218" tId="0" fbRx="0.539582096" lbRx="0.53958218" />
<p fId="0" fbTx="0.52958218" lbTx="0.529583055" tId="1" fbRx="0.52958218" lbRx="0.529583055" />
<p fId="1" fbTx="0.529583055" lbTx="0.52958393" tId="4" fbRx="0.529583055" lbRx="0.52958393" />
<p fId="3" fbTx="0.529682096" lbTx="0.52968218" tId="0" fbRx="0.539682096" lbRx="0.53968218" />
<p fId="0" fbTx="0.52968218" lbTx="0.529683055" tId="1" fbRx="0.52968218" lbRx="0.529683055" />
<p fId="1" fbTx="0.529683055" lbTx="0.52968393" tId="4" fbRx="0.529683055" lbRx="0.52968393" />
<p fId="3" fbTx="0.529782096" lbTx="0.52978218" tId="0" fbRx="0.539782096" lbRx="0.53978218" />
<p fId="0" fbTx="0.52978218" lbTx="0.529783055" tId="1" fbRx="0.52978218" lbRx="0.529783055" />
<p fId="1" fbTx="0.529783055" lbTx="0.52978393" tId="4" fbRx="0.529783055" lbRx="0.52978393" />
<p fId="3" fbTx="0.529882096" lbTx="0.52988218" tId="0" fbRx="0.539882096" lbRx="0.53988218" />
<p fId="0" fbTx="0.52988218" lbTx="0.529883055" tId="1" fbRx="0.52988218" lbRx="0.529883055" />
<p fId="1" fbTx="0.529883055" lbTx="0.52988393" tId="4" fbRx="0.529883055" lbRx="0.52988393" />
<p fId="3" fbTx="0.529982096" lbTx="0.52998218" tId="0" fbRx="0.539982096" lbRx="0.53998218" />
<p fId="0" fbTx="0.52998218" lbTx="0.529983055" tId="1" fbRx="0.52998218" lbRx="0.529983055" />
<p fId="1" fbTx="0.529983055" lbTx="0.52998393" tId="4" fbRx="0.529983055" lbRx="0.52998393" />
<p fId="3" fbTx="0.530082096" lbTx="0.53008218" tId="0" fbRx="0.540082096" lbRx="0.54008218" />
<p fId="0" fbTx="0.53008218" lbTx="0.530083055" tId="1" fbRx="0.53008218" lbRx="0.530083055" />
<p fId="1" fbTx="0.530083055" lbTx="0.53008393" tId="4" fbRx="0.530083055" lbRx="0.53008393" />
<p fId="3" fbTx="0.530182096" lbTx="0.53018218" tId="0" fbRx="0.540182096" lbRx="0.54018218" />
<p fId="0" fbTx="0.53018218" lbTx="0.530183055" tId="1" fbRx="0.53018218" lbRx="0.530183055" />
<p fId="1" fbTx="0.530183055" lbTx="0.53018393" tId="4" fbRx="0.530183055" lbRx="0.53018393" />
<pr uId="508" fId="4" fbTx="0.530214286" />
<wpr uId="508" tId="5" fbRx="0.530214286" lbRx="0" />
<wpr uId="508" tId="6" fbRx="0.530214286" lbRx="0" />
<p fId="3" fbTx="0.530282096" lbTx="0.53028218" tId="0" fbRx="0.540282096" lbRx="0.54028218" />
<p fId="0" fbTx="0.53028218" lbTx="0.530283055" tId="1" fbRx="0.53028218" lbRx="0.530283055" />
<p fId="1" fbTx="0.530283055" lbTx="0.53028393" tId="4" fbRx="0.530283055" lbRx="0.53028393" />
<p fId="3" fbTx="0.530382096" lbTx="0.53038218" tId="0" fbRx="0.540382096" lbRx="0.54038218" />
<p fId="0" fbTx="0.53038218" lbTx="0.530383055" tId="1" fbRx="0.53038218" lbRx="0.530383055" />
<p fId="1" fbTx="0.530383055" lbTx="0.53038393" tId="4" fbRx="0.530383055" lbRx="0.53038393" />
<p fId="3" fbTx="0.530482096" lbTx="0.53048218" tId="0" fbRx="0.540482096" lbRx="0.54048218" />
<p fId="0" fbTx="0.53048218" lbTx="0.530483055" tId="1" fbRx="0.53048218" lbRx="0.530483055" />
<p fId="1" fbTx="0.530483055" lbTx="0.53048393" tId="4" fbRx="0.530483055" lbRx="0.53048393" />
<p fId="3" fbTx="0.530582096" lbTx="0.53058218" tId="0" fbRx="0.540582096" lbRx="0.54058218" />
<p fId="0" fbTx="0.53058218" lbTx="0.530583055" tId="1" fbRx="0.53058218" lbRx="0.530583055" />
<p fId="1" fbTx="0.530583055" lbTx="0.53058393" tId="4" fbRx="0.530583055" lbRx="0.53058393" />
<p fId="3" fbTx="0.530682096" lbTx="0.53068218" tId="0" fbRx="0.540682096" lbRx="0.54068218" />
<p fId="0" fbTx="0.53068218" lbTx="0.530683055" tId="1" fbRx="0.53068218" lbRx="0.530683055" />
<p fId="1" fbTx="0.530683055" lbTx="0.53068393" tId="4" fbRx="0.530683055" lbRx="0.53068393" />
<p fId="3" fbTx="0.530782096" lbTx="0.53078218" tId="0" fbRx="0.540782096" lbRx="0.54078218" />
<p fId="0" fbTx="0.53078218" lbTx="0.530783055" tId="1" fbRx="0.53078218" lbRx="0.530783055" />
<p fId="1" fbTx="0.530783055" lbTx="0.53078393" tId="4" fbRx="0.530783055" lbRx="0.53078393" />
<p fId="3" fbTx="0.530882096" lbTx="0.53088218" tId="0" fbRx="0.540882096" lbRx="0.54088218" />
<p fId="0" fbTx="0.53088218" lbTx="0.530883055" tId="1" fbRx="0.53088218" lbRx="0.530883055" />
<p fId="1" fbTx="0.530883055" lbTx="0.53088393" tId="4" fbRx="0.530883055" lbRx="0.53088393" />
<p fId="3" fbTx="0.530982096" lbTx="0.53098218" tId="0" fbRx="0.540982096" lbRx="0.54098218" />
<p fId="0" fbTx="0.53098218" lbTx="0.530983055" tId="1" fbRx="0.53098218" lbRx="0.530983055" />
<p fId="1" fbTx="0.530983055" lbTx="0.53098393" tId="4" fbRx="0.530983055" lbRx="0.53098393" />
<p fId="3" fbTx="0.531082096" lbTx="0.53108218" tId="0" fbRx="0.541082096" lbRx="0.54108218" />
<p fId="0" fbTx="0.53108218" lbTx="0.531083055" tId="1" fbRx="0.53108218" lbRx="0.531083055" />
<p fId="1" fbTx="0.531083055" lbTx="0.53108393" tId="4" fbRx="0.531083055" lbRx="0.53108393" />
<p fId="3" fbTx="0.531182096" lbTx="0.53118218" tId="0" fbRx="0.541182096" lbRx="0.54118218" />
<p fId="0" fbTx="0.53118218" lbTx="0.531183055" tId="1" fbRx="0.53118218" lbRx="0.531183055" />
<p fId="1" fbTx="0.531183055" lbTx="0.53118393" tId="4" fbRx="0.531183055" lbRx="0.53118393" />
<pr uId="509" fId="4" fbTx="0.531214286" />
<wpr uId="509" tId="5" fbRx="0.531214286" lbRx="0" />
<wpr uId="509" tId="6" fbRx="0.531214286" lbRx="0" />
<p fId="3" fbTx="0.531282096" lbTx="0.53128218" tId="0" fbRx="0.541282096" lbRx="0.54128218" />
<p fId="0" fbTx="0.53128218" lbTx="0.531283055" tId="1" fbRx="0.53128218" lbRx="0.531283055" />
<p fId="1" fbTx="0.531283055" lbTx="0.53128393" tId="4" fbRx="0.531283055" lbRx="0.53128393" />
<p fId="3" fbTx="0.531382096" lbTx="0.53138218" tId="0" fbRx="0.541382096" lbRx="0.54138218" />
<p fId="0" fbTx="0.53138218" lbTx="0.531383055" tId="1" fbRx="0.53138218" lbRx="0.531383055" />
<p fId="1" fbTx="0.531383055" lbTx="0.53138393" tId="4" fbRx="0.531383055" lbRx="0.53138393" />
<p fId="3" fbTx="0.531482096" lbTx="0.53148218" tId="0" fbRx="0.541482096" lbRx="0.54148218" />
<p fId="0" fbTx="0.53148218" lbTx="0.531483055" tId="1" fbRx="0.53148218" lbRx="0.531483055" />
<p fId="1" fbTx="0.531483055" lbTx="0.53148393" tId="4" fbRx="0.531483055" lbRx="0.53148393" />
<p fId="3" fbTx="0.531582096" lbTx="0.53158218" tId="0" fbRx="0.541582096" lbRx="0.54158218" />
<p fId="0" fbTx="0.53158218" lbTx="0.531583055" tId="1" fbRx="0.53158218" lbRx="0.531583055" />
<p fId="1" fbTx="0.531583055" lbTx="0.53158393" tId="4" fbRx="0.531583055" lbRx="0.53158393" />
<p fId="3" fbTx="0.531682096" lbTx="0.53168218" tId="0" fbRx="0.541682096" lbRx="0.54168218" />
<p fId="0" fbTx="0.53168218" lbTx="0.531683055" tId="1" fbRx="0.53168218" lbRx="0.531683055" />
<p fId="1" fbTx="0.531683055" lbTx="0.53168393" tId="4" fbRx="0.531683055" lbRx="0.53168393" />
<p fId="3" fbTx="0.531782096" lbTx="0.53178218" tId="0" fbRx="0.541782096" lbRx="0.54178218" />
<p fId="0" fbTx="0.53178218" lbTx="0.531783055" tId="1" fbRx="0.53178218" lbRx="0.531783055" />
<p fId="1" fbTx="0.531783055" lbTx="0.53178393" tId="4" fbRx="0.531783055" lbRx="0.53178393" />
<p fId="3" fbTx="0.531882096" lbTx="0.53188218" tId="0" fbRx="0.541882096" lbRx="0.54188218" />
<p fId="0" fbTx="0.53188218" lbTx="0.531883055" tId="1" fbRx="0.53188218" lbRx="0.531883055" />
<p fId="1" fbTx="0.531883055" lbTx="0.53188393" tId="4" fbRx="0.531883055" lbRx="0.53188393" />
<p fId="3" fbTx="0.531982096" lbTx="0.53198218" tId="0" fbRx="0.541982096" lbRx="0.54198218" />
<p fId="0" fbTx="0.53198218" lbTx="0.531983055" tId="1" fbRx="0.53198218" lbRx="0.531983055" />
<p fId="1" fbTx="0.531983055" lbTx="0.53198393" tId="4" fbRx="0.531983055" lbRx="0.53198393" />
<p fId="3" fbTx="0.532082096" lbTx="0.53208218" tId="0" fbRx="0.542082096" lbRx="0.54208218" />
<p fId="0" fbTx="0.53208218" lbTx="0.532083055" tId="1" fbRx="0.53208218" lbRx="0.532083055" />
<p fId="1" fbTx="0.532083055" lbTx="0.53208393" tId="4" fbRx="0.532083055" lbRx="0.53208393" />
<p fId="3" fbTx="0.532182096" lbTx="0.53218218" tId="0" fbRx="0.542182096" lbRx="0.54218218" />
<p fId="0" fbTx="0.53218218" lbTx="0.532183055" tId="1" fbRx="0.53218218" lbRx="0.532183055" />
<p fId="1" fbTx="0.532183055" lbTx="0.53218393" tId="4" fbRx="0.532183055" lbRx="0.53218393" />
<pr uId="510" fId="4" fbTx="0.532214286" />
<wpr uId="510" tId="5" fbRx="0.532214286" lbRx="0" />
<wpr uId="510" tId="6" fbRx="0.532214286" lbRx="0" />
<p fId="3" fbTx="0.532282096" lbTx="0.53228218" tId="0" fbRx="0.542282096" lbRx="0.54228218" />
<p fId="0" fbTx="0.53228218" lbTx="0.532283055" tId="1" fbRx="0.53228218" lbRx="0.532283055" />
<p fId="1" fbTx="0.532283055" lbTx="0.53228393" tId="4" fbRx="0.532283055" lbRx="0.53228393" />
<p fId="3" fbTx="0.532382096" lbTx="0.53238218" tId="0" fbRx="0.542382096" lbRx="0.54238218" />
<p fId="0" fbTx="0.53238218" lbTx="0.532383055" tId="1" fbRx="0.53238218" lbRx="0.532383055" />
<p fId="1" fbTx="0.532383055" lbTx="0.53238393" tId="4" fbRx="0.532383055" lbRx="0.53238393" />
<p fId="3" fbTx="0.532482096" lbTx="0.53248218" tId="0" fbRx="0.542482096" lbRx="0.54248218" />
<p fId="0" fbTx="0.53248218" lbTx="0.532483055" tId="1" fbRx="0.53248218" lbRx="0.532483055" />
<p fId="1" fbTx="0.532483055" lbTx="0.53248393" tId="4" fbRx="0.532483055" lbRx="0.53248393" />
<p fId="3" fbTx="0.532582096" lbTx="0.53258218" tId="0" fbRx="0.542582096" lbRx="0.54258218" />
<p fId="0" fbTx="0.53258218" lbTx="0.532583055" tId="1" fbRx="0.53258218" lbRx="0.532583055" />
<p fId="1" fbTx="0.532583055" lbTx="0.53258393" tId="4" fbRx="0.532583055" lbRx="0.53258393" />
<p fId="3" fbTx="0.532682096" lbTx="0.53268218" tId="0" fbRx="0.542682096" lbRx="0.54268218" />
<p fId="0" fbTx="0.53268218" lbTx="0.532683055" tId="1" fbRx="0.53268218" lbRx="0.532683055" />
<p fId="1" fbTx="0.532683055" lbTx="0.53268393" tId="4" fbRx="0.532683055" lbRx="0.53268393" />
<p fId="3" fbTx="0.532782096" lbTx="0.53278218" tId="0" fbRx="0.542782096" lbRx="0.54278218" />
<p fId="0" fbTx="0.53278218" lbTx="0.532783055" tId="1" fbRx="0.53278218" lbRx="0.532783055" />
<p fId="1" fbTx="0.532783055" lbTx="0.53278393" tId="4" fbRx="0.532783055" lbRx="0.53278393" />
<p fId="3" fbTx="0.532882096" lbTx="0.53288218" tId="0" fbRx="0.542882096" lbRx="0.54288218" />
<p fId="0" fbTx="0.53288218" lbTx="0.532883055" tId="1" fbRx="0.53288218" lbRx="0.532883055" />
<p fId="1" fbTx="0.532883055" lbTx="0.53288393" tId="4" fbRx="0.532883055" lbRx="0.53288393" />
<p fId="3" fbTx="0.532982096" lbTx="0.53298218" tId="0" fbRx="0.542982096" lbRx="0.54298218" />
<p fId="0" fbTx="0.53298218" lbTx="0.532983055" tId="1" fbRx="0.53298218" lbRx="0.532983055" />
<p fId="1" fbTx="0.532983055" lbTx="0.53298393" tId="4" fbRx="0.532983055" lbRx="0.53298393" />
<p fId="3" fbTx="0.533082096" lbTx="0.53308218" tId="0" fbRx="0.543082096" lbRx="0.54308218" />
<p fId="0" fbTx="0.53308218" lbTx="0.533083055" tId="1" fbRx="0.53308218" lbRx="0.533083055" />
<p fId="1" fbTx="0.533083055" lbTx="0.53308393" tId="4" fbRx="0.533083055" lbRx="0.53308393" />
<p fId="3" fbTx="0.533182096" lbTx="0.53318218" tId="0" fbRx="0.543182096" lbRx="0.54318218" />
<p fId="0" fbTx="0.53318218" lbTx="0.533183055" tId="1" fbRx="0.53318218" lbRx="0.533183055" />
<p fId="1" fbTx="0.533183055" lbTx="0.53318393" tId="4" fbRx="0.533183055" lbRx="0.53318393" />
<pr uId="511" fId="4" fbTx="0.533214286" />
<wpr uId="511" tId="5" fbRx="0.533214286" lbRx="0" />
<wpr uId="511" tId="6" fbRx="0.533214286" lbRx="0" />
<p fId="3" fbTx="0.533282096" lbTx="0.53328218" tId="0" fbRx="0.543282096" lbRx="0.54328218" />
<p fId="0" fbTx="0.53328218" lbTx="0.533283055" tId="1" fbRx="0.53328218" lbRx="0.533283055" />
<p fId="1" fbTx="0.533283055" lbTx="0.53328393" tId="4" fbRx="0.533283055" lbRx="0.53328393" />
<p fId="3" fbTx="0.533382096" lbTx="0.53338218" tId="0" fbRx="0.543382096" lbRx="0.54338218" />
<p fId="0" fbTx="0.53338218" lbTx="0.533383055" tId="1" fbRx="0.53338218" lbRx="0.533383055" />
<p fId="1" fbTx="0.533383055" lbTx="0.53338393" tId="4" fbRx="0.533383055" lbRx="0.53338393" />
<p fId="3" fbTx="0.533482096" lbTx="0.53348218" tId="0" fbRx="0.543482096" lbRx="0.54348218" />
<p fId="0" fbTx="0.53348218" lbTx="0.533483055" tId="1" fbRx="0.53348218" lbRx="0.533483055" />
<p fId="1" fbTx="0.533483055" lbTx="0.53348393" tId="4" fbRx="0.533483055" lbRx="0.53348393" />
<p fId="3" fbTx="0.533582096" lbTx="0.53358218" tId="0" fbRx="0.543582096" lbRx="0.54358218" />
<p fId="0" fbTx="0.53358218" lbTx="0.533583055" tId="1" fbRx="0.53358218" lbRx="0.533583055" />
<p fId="1" fbTx="0.533583055" lbTx="0.53358393" tId="4" fbRx="0.533583055" lbRx="0.53358393" />
<p fId="3" fbTx="0.533682096" lbTx="0.53368218" tId="0" fbRx="0.543682096" lbRx="0.54368218" />
<p fId="0" fbTx="0.53368218" lbTx="0.533683055" tId="1" fbRx="0.53368218" lbRx="0.533683055" />
<p fId="1" fbTx="0.533683055" lbTx="0.53368393" tId="4" fbRx="0.533683055" lbRx="0.53368393" />
<p fId="3" fbTx="0.533782096" lbTx="0.53378218" tId="0" fbRx="0.543782096" lbRx="0.54378218" />
<p fId="0" fbTx="0.53378218" lbTx="0.533783055" tId="1" fbRx="0.53378218" lbRx="0.533783055" />
<p fId="1" fbTx="0.533783055" lbTx="0.53378393" tId="4" fbRx="0.533783055" lbRx="0.53378393" />
<p fId="3" fbTx="0.533882096" lbTx="0.53388218" tId="0" fbRx="0.543882096" lbRx="0.54388218" />
<p fId="0" fbTx="0.53388218" lbTx="0.533883055" tId="1" fbRx="0.53388218" lbRx="0.533883055" />
<p fId="1" fbTx="0.533883055" lbTx="0.53388393" tId="4" fbRx="0.533883055" lbRx="0.53388393" />
<p fId="3" fbTx="0.533982096" lbTx="0.53398218" tId="0" fbRx="0.543982096" lbRx="0.54398218" />
<p fId="0" fbTx="0.53398218" lbTx="0.533983055" tId="1" fbRx="0.53398218" lbRx="0.533983055" />
<p fId="1" fbTx="0.533983055" lbTx="0.53398393" tId="4" fbRx="0.533983055" lbRx="0.53398393" />
<p fId="3" fbTx="0.534082096" lbTx="0.53408218" tId="0" fbRx="0.544082096" lbRx="0.54408218" />
<p fId="0" fbTx="0.53408218" lbTx="0.534083055" tId="1" fbRx="0.53408218" lbRx="0.534083055" />
<p fId="1" fbTx="0.534083055" lbTx="0.53408393" tId="4" fbRx="0.534083055" lbRx="0.53408393" />
<p fId="3" fbTx="0.534182096" lbTx="0.53418218" tId="0" fbRx="0.544182096" lbRx="0.54418218" />
<p fId="0" fbTx="0.53418218" lbTx="0.534183055" tId="1" fbRx="0.53418218" lbRx="0.534183055" />
<p fId="1" fbTx="0.534183055" lbTx="0.53418393" tId="4" fbRx="0.534183055" lbRx="0.53418393" />
<pr uId="512" fId="4" fbTx="0.534214286" />
<wpr uId="512" tId="5" fbRx="0.534214286" lbRx="0" />
<wpr uId="512" tId="6" fbRx="0.534214286" lbRx="0" />
<p fId="3" fbTx="0.534282096" lbTx="0.53428218" tId="0" fbRx="0.544282096" lbRx="0.54428218" />
<p fId="0" fbTx="0.53428218" lbTx="0.534283055" tId="1" fbRx="0.53428218" lbRx="0.534283055" />
<p fId="1" fbTx="0.534283055" lbTx="0.53428393" tId="4" fbRx="0.534283055" lbRx="0.53428393" />
<p fId="3" fbTx="0.534382096" lbTx="0.53438218" tId="0" fbRx="0.544382096" lbRx="0.54438218" />
<p fId="0" fbTx="0.53438218" lbTx="0.534383055" tId="1" fbRx="0.53438218" lbRx="0.534383055" />
<p fId="1" fbTx="0.534383055" lbTx="0.53438393" tId="4" fbRx="0.534383055" lbRx="0.53438393" />
<p fId="3" fbTx="0.534482096" lbTx="0.53448218" tId="0" fbRx="0.544482096" lbRx="0.54448218" />
<p fId="0" fbTx="0.53448218" lbTx="0.534483055" tId="1" fbRx="0.53448218" lbRx="0.534483055" />
<p fId="1" fbTx="0.534483055" lbTx="0.53448393" tId="4" fbRx="0.534483055" lbRx="0.53448393" />
<p fId="3" fbTx="0.534582096" lbTx="0.53458218" tId="0" fbRx="0.544582096" lbRx="0.54458218" />
<p fId="0" fbTx="0.53458218" lbTx="0.534583055" tId="1" fbRx="0.53458218" lbRx="0.534583055" />
<p fId="1" fbTx="0.534583055" lbTx="0.53458393" tId="4" fbRx="0.534583055" lbRx="0.53458393" />
<p fId="3" fbTx="0.534682096" lbTx="0.53468218" tId="0" fbRx="0.544682096" lbRx="0.54468218" />
<p fId="0" fbTx="0.53468218" lbTx="0.534683055" tId="1" fbRx="0.53468218" lbRx="0.534683055" />
<p fId="1" fbTx="0.534683055" lbTx="0.53468393" tId="4" fbRx="0.534683055" lbRx="0.53468393" />
<p fId="3" fbTx="0.534782096" lbTx="0.53478218" tId="0" fbRx="0.544782096" lbRx="0.54478218" />
<p fId="0" fbTx="0.53478218" lbTx="0.534783055" tId="1" fbRx="0.53478218" lbRx="0.534783055" />
<p fId="1" fbTx="0.534783055" lbTx="0.53478393" tId="4" fbRx="0.534783055" lbRx="0.53478393" />
<p fId="3" fbTx="0.534882096" lbTx="0.53488218" tId="0" fbRx="0.544882096" lbRx="0.54488218" />
<p fId="0" fbTx="0.53488218" lbTx="0.534883055" tId="1" fbRx="0.53488218" lbRx="0.534883055" />
<p fId="1" fbTx="0.534883055" lbTx="0.53488393" tId="4" fbRx="0.534883055" lbRx="0.53488393" />
<p fId="3" fbTx="0.534982096" lbTx="0.53498218" tId="0" fbRx="0.544982096" lbRx="0.54498218" />
<p fId="0" fbTx="0.53498218" lbTx="0.534983055" tId="1" fbRx="0.53498218" lbRx="0.534983055" />
<p fId="1" fbTx="0.534983055" lbTx="0.53498393" tId="4" fbRx="0.534983055" lbRx="0.53498393" />
<p fId="3" fbTx="0.535082096" lbTx="0.53508218" tId="0" fbRx="0.545082096" lbRx="0.54508218" />
<p fId="0" fbTx="0.53508218" lbTx="0.535083055" tId="1" fbRx="0.53508218" lbRx="0.535083055" />
<p fId="1" fbTx="0.535083055" lbTx="0.53508393" tId="4" fbRx="0.535083055" lbRx="0.53508393" />
<p fId="3" fbTx="0.535182096" lbTx="0.53518218" tId="0" fbRx="0.545182096" lbRx="0.54518218" />
<p fId="0" fbTx="0.53518218" lbTx="0.535183055" tId="1" fbRx="0.53518218" lbRx="0.535183055" />
<p fId="1" fbTx="0.535183055" lbTx="0.53518393" tId="4" fbRx="0.535183055" lbRx="0.53518393" />
<pr uId="513" fId="4" fbTx="0.535214286" />
<wpr uId="513" tId="5" fbRx="0.535214286" lbRx="0" />
<wpr uId="513" tId="6" fbRx="0.535214286" lbRx="0" />
<p fId="3" fbTx="0.535282096" lbTx="0.53528218" tId="0" fbRx="0.545282096" lbRx="0.54528218" />
<p fId="0" fbTx="0.53528218" lbTx="0.535283055" tId="1" fbRx="0.53528218" lbRx="0.535283055" />
<p fId="1" fbTx="0.535283055" lbTx="0.53528393" tId="4" fbRx="0.535283055" lbRx="0.53528393" />
<p fId="3" fbTx="0.535382096" lbTx="0.53538218" tId="0" fbRx="0.545382096" lbRx="0.54538218" />
<p fId="0" fbTx="0.53538218" lbTx="0.535383055" tId="1" fbRx="0.53538218" lbRx="0.535383055" />
<p fId="1" fbTx="0.535383055" lbTx="0.53538393" tId="4" fbRx="0.535383055" lbRx="0.53538393" />
<p fId="3" fbTx="0.535482096" lbTx="0.53548218" tId="0" fbRx="0.545482096" lbRx="0.54548218" />
<p fId="0" fbTx="0.53548218" lbTx="0.535483055" tId="1" fbRx="0.53548218" lbRx="0.535483055" />
<p fId="1" fbTx="0.535483055" lbTx="0.53548393" tId="4" fbRx="0.535483055" lbRx="0.53548393" />
<p fId="3" fbTx="0.535582096" lbTx="0.53558218" tId="0" fbRx="0.545582096" lbRx="0.54558218" />
<p fId="0" fbTx="0.53558218" lbTx="0.535583055" tId="1" fbRx="0.53558218" lbRx="0.535583055" />
<p fId="1" fbTx="0.535583055" lbTx="0.53558393" tId="4" fbRx="0.535583055" lbRx="0.53558393" />
<p fId="3" fbTx="0.535682096" lbTx="0.53568218" tId="0" fbRx="0.545682096" lbRx="0.54568218" />
<p fId="0" fbTx="0.53568218" lbTx="0.535683055" tId="1" fbRx="0.53568218" lbRx="0.535683055" />
<p fId="1" fbTx="0.535683055" lbTx="0.53568393" tId="4" fbRx="0.535683055" lbRx="0.53568393" />
<p fId="3" fbTx="0.535782096" lbTx="0.53578218" tId="0" fbRx="0.545782096" lbRx="0.54578218" />
<p fId="0" fbTx="0.53578218" lbTx="0.535783055" tId="1" fbRx="0.53578218" lbRx="0.535783055" />
<p fId="1" fbTx="0.535783055" lbTx="0.53578393" tId="4" fbRx="0.535783055" lbRx="0.53578393" />
<p fId="3" fbTx="0.535882096" lbTx="0.53588218" tId="0" fbRx="0.545882096" lbRx="0.54588218" />
<p fId="0" fbTx="0.53588218" lbTx="0.535883055" tId="1" fbRx="0.53588218" lbRx="0.535883055" />
<p fId="1" fbTx="0.535883055" lbTx="0.53588393" tId="4" fbRx="0.535883055" lbRx="0.53588393" />
<p fId="3" fbTx="0.535982096" lbTx="0.53598218" tId="0" fbRx="0.545982096" lbRx="0.54598218" />
<p fId="0" fbTx="0.53598218" lbTx="0.535983055" tId="1" fbRx="0.53598218" lbRx="0.535983055" />
<p fId="1" fbTx="0.535983055" lbTx="0.53598393" tId="4" fbRx="0.535983055" lbRx="0.53598393" />
<p fId="3" fbTx="0.536082096" lbTx="0.53608218" tId="0" fbRx="0.546082096" lbRx="0.54608218" />
<p fId="0" fbTx="0.53608218" lbTx="0.536083055" tId="1" fbRx="0.53608218" lbRx="0.536083055" />
<p fId="1" fbTx="0.536083055" lbTx="0.53608393" tId="4" fbRx="0.536083055" lbRx="0.53608393" />
<p fId="3" fbTx="0.536182096" lbTx="0.53618218" tId="0" fbRx="0.546182096" lbRx="0.54618218" />
<p fId="0" fbTx="0.53618218" lbTx="0.536183055" tId="1" fbRx="0.53618218" lbRx="0.536183055" />
<p fId="1" fbTx="0.536183055" lbTx="0.53618393" tId="4" fbRx="0.536183055" lbRx="0.53618393" />
<pr uId="514" fId="4" fbTx="0.536214286" />
<wpr uId="514" tId="5" fbRx="0.536214286" lbRx="0" />
<wpr uId="514" tId="6" fbRx="0.536214286" lbRx="0" />
<p fId="3" fbTx="0.536282096" lbTx="0.53628218" tId="0" fbRx="0.546282096" lbRx="0.54628218" />
<p fId="0" fbTx="0.53628218" lbTx="0.536283055" tId="1" fbRx="0.53628218" lbRx="0.536283055" />
<p fId="1" fbTx="0.536283055" lbTx="0.53628393" tId="4" fbRx="0.536283055" lbRx="0.53628393" />
<p fId="3" fbTx="0.536382096" lbTx="0.53638218" tId="0" fbRx="0.546382096" lbRx="0.54638218" />
<p fId="0" fbTx="0.53638218" lbTx="0.536383055" tId="1" fbRx="0.53638218" lbRx="0.536383055" />
<p fId="1" fbTx="0.536383055" lbTx="0.53638393" tId="4" fbRx="0.536383055" lbRx="0.53638393" />
<p fId="3" fbTx="0.536482096" lbTx="0.53648218" tId="0" fbRx="0.546482096" lbRx="0.54648218" />
<p fId="0" fbTx="0.53648218" lbTx="0.536483055" tId="1" fbRx="0.53648218" lbRx="0.536483055" />
<p fId="1" fbTx="0.536483055" lbTx="0.53648393" tId="4" fbRx="0.536483055" lbRx="0.53648393" />
<p fId="3" fbTx="0.536582096" lbTx="0.53658218" tId="0" fbRx="0.546582096" lbRx="0.54658218" />
<p fId="0" fbTx="0.53658218" lbTx="0.536583055" tId="1" fbRx="0.53658218" lbRx="0.536583055" />
<p fId="1" fbTx="0.536583055" lbTx="0.53658393" tId="4" fbRx="0.536583055" lbRx="0.53658393" />
<p fId="3" fbTx="0.536682096" lbTx="0.53668218" tId="0" fbRx="0.546682096" lbRx="0.54668218" />
<p fId="0" fbTx="0.53668218" lbTx="0.536683055" tId="1" fbRx="0.53668218" lbRx="0.536683055" />
<p fId="1" fbTx="0.536683055" lbTx="0.53668393" tId="4" fbRx="0.536683055" lbRx="0.53668393" />
<p fId="3" fbTx="0.536782096" lbTx="0.53678218" tId="0" fbRx="0.546782096" lbRx="0.54678218" />
<p fId="0" fbTx="0.53678218" lbTx="0.536783055" tId="1" fbRx="0.53678218" lbRx="0.536783055" />
<p fId="1" fbTx="0.536783055" lbTx="0.53678393" tId="4" fbRx="0.536783055" lbRx="0.53678393" />
<p fId="3" fbTx="0.536882096" lbTx="0.53688218" tId="0" fbRx="0.546882096" lbRx="0.54688218" />
<p fId="0" fbTx="0.53688218" lbTx="0.536883055" tId="1" fbRx="0.53688218" lbRx="0.536883055" />
<p fId="1" fbTx="0.536883055" lbTx="0.53688393" tId="4" fbRx="0.536883055" lbRx="0.53688393" />
<p fId="3" fbTx="0.536982096" lbTx="0.53698218" tId="0" fbRx="0.546982096" lbRx="0.54698218" />
<p fId="0" fbTx="0.53698218" lbTx="0.536983055" tId="1" fbRx="0.53698218" lbRx="0.536983055" />
<p fId="1" fbTx="0.536983055" lbTx="0.53698393" tId="4" fbRx="0.536983055" lbRx="0.53698393" />
<p fId="3" fbTx="0.537082096" lbTx="0.53708218" tId="0" fbRx="0.547082096" lbRx="0.54708218" />
<p fId="0" fbTx="0.53708218" lbTx="0.537083055" tId="1" fbRx="0.53708218" lbRx="0.537083055" />
<p fId="1" fbTx="0.537083055" lbTx="0.53708393" tId="4" fbRx="0.537083055" lbRx="0.53708393" />
<p fId="3" fbTx="0.537182096" lbTx="0.53718218" tId="0" fbRx="0.547182096" lbRx="0.54718218" />
<p fId="0" fbTx="0.53718218" lbTx="0.537183055" tId="1" fbRx="0.53718218" lbRx="0.537183055" />
<p fId="1" fbTx="0.537183055" lbTx="0.53718393" tId="4" fbRx="0.537183055" lbRx="0.53718393" />
<pr uId="515" fId="4" fbTx="0.537214286" />
<wpr uId="515" tId="5" fbRx="0.537214286" lbRx="0" />
<wpr uId="515" tId="6" fbRx="0.537214286" lbRx="0" />
<p fId="3" fbTx="0.537282096" lbTx="0.53728218" tId="0" fbRx="0.547282096" lbRx="0.54728218" />
<p fId="0" fbTx="0.53728218" lbTx="0.537283055" tId="1" fbRx="0.53728218" lbRx="0.537283055" />
<p fId="1" fbTx="0.537283055" lbTx="0.53728393" tId="4" fbRx="0.537283055" lbRx="0.53728393" />
<p fId="3" fbTx="0.537382096" lbTx="0.53738218" tId="0" fbRx="0.547382096" lbRx="0.54738218" />
<p fId="0" fbTx="0.53738218" lbTx="0.537383055" tId="1" fbRx="0.53738218" lbRx="0.537383055" />
<p fId="1" fbTx="0.537383055" lbTx="0.53738393" tId="4" fbRx="0.537383055" lbRx="0.53738393" />
<p fId="3" fbTx="0.537482096" lbTx="0.53748218" tId="0" fbRx="0.547482096" lbRx="0.54748218" />
<p fId="0" fbTx="0.53748218" lbTx="0.537483055" tId="1" fbRx="0.53748218" lbRx="0.537483055" />
<p fId="1" fbTx="0.537483055" lbTx="0.53748393" tId="4" fbRx="0.537483055" lbRx="0.53748393" />
<p fId="3" fbTx="0.537582096" lbTx="0.53758218" tId="0" fbRx="0.547582096" lbRx="0.54758218" />
<p fId="0" fbTx="0.53758218" lbTx="0.537583055" tId="1" fbRx="0.53758218" lbRx="0.537583055" />
<p fId="1" fbTx="0.537583055" lbTx="0.53758393" tId="4" fbRx="0.537583055" lbRx="0.53758393" />
<p fId="3" fbTx="0.537682096" lbTx="0.53768218" tId="0" fbRx="0.547682096" lbRx="0.54768218" />
<p fId="0" fbTx="0.53768218" lbTx="0.537683055" tId="1" fbRx="0.53768218" lbRx="0.537683055" />
<p fId="1" fbTx="0.537683055" lbTx="0.53768393" tId="4" fbRx="0.537683055" lbRx="0.53768393" />
<p fId="3" fbTx="0.537782096" lbTx="0.53778218" tId="0" fbRx="0.547782096" lbRx="0.54778218" />
<p fId="0" fbTx="0.53778218" lbTx="0.537783055" tId="1" fbRx="0.53778218" lbRx="0.537783055" />
<p fId="1" fbTx="0.537783055" lbTx="0.53778393" tId="4" fbRx="0.537783055" lbRx="0.53778393" />
<p fId="3" fbTx="0.537882096" lbTx="0.53788218" tId="0" fbRx="0.547882096" lbRx="0.54788218" />
<p fId="0" fbTx="0.53788218" lbTx="0.537883055" tId="1" fbRx="0.53788218" lbRx="0.537883055" />
<p fId="1" fbTx="0.537883055" lbTx="0.53788393" tId="4" fbRx="0.537883055" lbRx="0.53788393" />
<p fId="3" fbTx="0.537982096" lbTx="0.53798218" tId="0" fbRx="0.547982096" lbRx="0.54798218" />
<p fId="0" fbTx="0.53798218" lbTx="0.537983055" tId="1" fbRx="0.53798218" lbRx="0.537983055" />
<p fId="1" fbTx="0.537983055" lbTx="0.53798393" tId="4" fbRx="0.537983055" lbRx="0.53798393" />
<p fId="3" fbTx="0.538082096" lbTx="0.53808218" tId="0" fbRx="0.548082096" lbRx="0.54808218" />
<p fId="0" fbTx="0.53808218" lbTx="0.538083055" tId="1" fbRx="0.53808218" lbRx="0.538083055" />
<p fId="1" fbTx="0.538083055" lbTx="0.53808393" tId="4" fbRx="0.538083055" lbRx="0.53808393" />
<p fId="3" fbTx="0.538182096" lbTx="0.53818218" tId="0" fbRx="0.548182096" lbRx="0.54818218" />
<p fId="0" fbTx="0.53818218" lbTx="0.538183055" tId="1" fbRx="0.53818218" lbRx="0.538183055" />
<p fId="1" fbTx="0.538183055" lbTx="0.53818393" tId="4" fbRx="0.538183055" lbRx="0.53818393" />
<pr uId="516" fId="4" fbTx="0.538214286" />
<wpr uId="516" tId="5" fbRx="0.538214286" lbRx="0" />
<wpr uId="516" tId="6" fbRx="0.538214286" lbRx="0" />
<p fId="3" fbTx="0.538282096" lbTx="0.53828218" tId="0" fbRx="0.548282096" lbRx="0.54828218" />
<p fId="0" fbTx="0.53828218" lbTx="0.538283055" tId="1" fbRx="0.53828218" lbRx="0.538283055" />
<p fId="1" fbTx="0.538283055" lbTx="0.53828393" tId="4" fbRx="0.538283055" lbRx="0.53828393" />
<p fId="3" fbTx="0.538382096" lbTx="0.53838218" tId="0" fbRx="0.548382096" lbRx="0.54838218" />
<p fId="0" fbTx="0.53838218" lbTx="0.538383055" tId="1" fbRx="0.53838218" lbRx="0.538383055" />
<p fId="1" fbTx="0.538383055" lbTx="0.53838393" tId="4" fbRx="0.538383055" lbRx="0.53838393" />
<p fId="3" fbTx="0.538482096" lbTx="0.53848218" tId="0" fbRx="0.548482096" lbRx="0.54848218" />
<p fId="0" fbTx="0.53848218" lbTx="0.538483055" tId="1" fbRx="0.53848218" lbRx="0.538483055" />
<p fId="1" fbTx="0.538483055" lbTx="0.53848393" tId="4" fbRx="0.538483055" lbRx="0.53848393" />
<p fId="3" fbTx="0.538582096" lbTx="0.53858218" tId="0" fbRx="0.548582096" lbRx="0.54858218" />
<p fId="0" fbTx="0.53858218" lbTx="0.538583055" tId="1" fbRx="0.53858218" lbRx="0.538583055" />
<p fId="1" fbTx="0.538583055" lbTx="0.53858393" tId="4" fbRx="0.538583055" lbRx="0.53858393" />
<p fId="3" fbTx="0.538682096" lbTx="0.53868218" tId="0" fbRx="0.548682096" lbRx="0.54868218" />
<p fId="0" fbTx="0.53868218" lbTx="0.538683055" tId="1" fbRx="0.53868218" lbRx="0.538683055" />
<p fId="1" fbTx="0.538683055" lbTx="0.53868393" tId="4" fbRx="0.538683055" lbRx="0.53868393" />
<p fId="3" fbTx="0.538782096" lbTx="0.53878218" tId="0" fbRx="0.548782096" lbRx="0.54878218" />
<p fId="0" fbTx="0.53878218" lbTx="0.538783055" tId="1" fbRx="0.53878218" lbRx="0.538783055" />
<p fId="1" fbTx="0.538783055" lbTx="0.53878393" tId="4" fbRx="0.538783055" lbRx="0.53878393" />
<p fId="3" fbTx="0.538882096" lbTx="0.53888218" tId="0" fbRx="0.548882096" lbRx="0.54888218" />
<p fId="0" fbTx="0.53888218" lbTx="0.538883055" tId="1" fbRx="0.53888218" lbRx="0.538883055" />
<p fId="1" fbTx="0.538883055" lbTx="0.53888393" tId="4" fbRx="0.538883055" lbRx="0.53888393" />
<p fId="3" fbTx="0.538982096" lbTx="0.53898218" tId="0" fbRx="0.548982096" lbRx="0.54898218" />
<p fId="0" fbTx="0.53898218" lbTx="0.538983055" tId="1" fbRx="0.53898218" lbRx="0.538983055" />
<p fId="1" fbTx="0.538983055" lbTx="0.53898393" tId="4" fbRx="0.538983055" lbRx="0.53898393" />
<p fId="3" fbTx="0.539082096" lbTx="0.53908218" tId="0" fbRx="0.549082096" lbRx="0.54908218" />
<p fId="0" fbTx="0.53908218" lbTx="0.539083055" tId="1" fbRx="0.53908218" lbRx="0.539083055" />
<p fId="1" fbTx="0.539083055" lbTx="0.53908393" tId="4" fbRx="0.539083055" lbRx="0.53908393" />
<p fId="3" fbTx="0.539182096" lbTx="0.53918218" tId="0" fbRx="0.549182096" lbRx="0.54918218" />
<p fId="0" fbTx="0.53918218" lbTx="0.539183055" tId="1" fbRx="0.53918218" lbRx="0.539183055" />
<p fId="1" fbTx="0.539183055" lbTx="0.53918393" tId="4" fbRx="0.539183055" lbRx="0.53918393" />
<pr uId="517" fId="4" fbTx="0.539214286" />
<wpr uId="517" tId="5" fbRx="0.539214286" lbRx="0" />
<wpr uId="517" tId="6" fbRx="0.539214286" lbRx="0" />
<p fId="3" fbTx="0.539282096" lbTx="0.53928218" tId="0" fbRx="0.549282096" lbRx="0.54928218" />
<p fId="0" fbTx="0.53928218" lbTx="0.539283055" tId="1" fbRx="0.53928218" lbRx="0.539283055" />
<p fId="1" fbTx="0.539283055" lbTx="0.53928393" tId="4" fbRx="0.539283055" lbRx="0.53928393" />
<p fId="3" fbTx="0.539382096" lbTx="0.53938218" tId="0" fbRx="0.549382096" lbRx="0.54938218" />
<p fId="0" fbTx="0.53938218" lbTx="0.539383055" tId="1" fbRx="0.53938218" lbRx="0.539383055" />
<p fId="1" fbTx="0.539383055" lbTx="0.53938393" tId="4" fbRx="0.539383055" lbRx="0.53938393" />
<p fId="3" fbTx="0.539482096" lbTx="0.53948218" tId="0" fbRx="0.549482096" lbRx="0.54948218" />
<p fId="0" fbTx="0.53948218" lbTx="0.539483055" tId="1" fbRx="0.53948218" lbRx="0.539483055" />
<p fId="1" fbTx="0.539483055" lbTx="0.53948393" tId="4" fbRx="0.539483055" lbRx="0.53948393" />
<p fId="3" fbTx="0.539582096" lbTx="0.53958218" tId="0" fbRx="0.549582096" lbRx="0.54958218" />
<p fId="0" fbTx="0.53958218" lbTx="0.539583055" tId="1" fbRx="0.53958218" lbRx="0.539583055" />
<p fId="1" fbTx="0.539583055" lbTx="0.53958393" tId="4" fbRx="0.539583055" lbRx="0.53958393" />
<p fId="3" fbTx="0.539682096" lbTx="0.53968218" tId="0" fbRx="0.549682096" lbRx="0.54968218" />
<p fId="0" fbTx="0.53968218" lbTx="0.539683055" tId="1" fbRx="0.53968218" lbRx="0.539683055" />
<p fId="1" fbTx="0.539683055" lbTx="0.53968393" tId="4" fbRx="0.539683055" lbRx="0.53968393" />
<p fId="3" fbTx="0.539782096" lbTx="0.53978218" tId="0" fbRx="0.549782096" lbRx="0.54978218" />
<p fId="0" fbTx="0.53978218" lbTx="0.539783055" tId="1" fbRx="0.53978218" lbRx="0.539783055" />
<p fId="1" fbTx="0.539783055" lbTx="0.53978393" tId="4" fbRx="0.539783055" lbRx="0.53978393" />
<p fId="3" fbTx="0.539882096" lbTx="0.53988218" tId="0" fbRx="0.549882096" lbRx="0.54988218" />
<p fId="0" fbTx="0.53988218" lbTx="0.539883055" tId="1" fbRx="0.53988218" lbRx="0.539883055" />
<p fId="1" fbTx="0.539883055" lbTx="0.53988393" tId="4" fbRx="0.539883055" lbRx="0.53988393" />
<p fId="3" fbTx="0.539982096" lbTx="0.53998218" tId="0" fbRx="0.549982096" lbRx="0.54998218" />
<p fId="0" fbTx="0.53998218" lbTx="0.539983055" tId="1" fbRx="0.53998218" lbRx="0.539983055" />
<p fId="1" fbTx="0.539983055" lbTx="0.53998393" tId="4" fbRx="0.539983055" lbRx="0.53998393" />
<p fId="3" fbTx="0.540082096" lbTx="0.54008218" tId="0" fbRx="0.550082096" lbRx="0.55008218" />
<p fId="0" fbTx="0.54008218" lbTx="0.540083055" tId="1" fbRx="0.54008218" lbRx="0.540083055" />
<p fId="1" fbTx="0.540083055" lbTx="0.54008393" tId="4" fbRx="0.540083055" lbRx="0.54008393" />
<p fId="3" fbTx="0.540182096" lbTx="0.54018218" tId="0" fbRx="0.550182096" lbRx="0.55018218" />
<p fId="0" fbTx="0.54018218" lbTx="0.540183055" tId="1" fbRx="0.54018218" lbRx="0.540183055" />
<p fId="1" fbTx="0.540183055" lbTx="0.54018393" tId="4" fbRx="0.540183055" lbRx="0.54018393" />
<pr uId="518" fId="4" fbTx="0.540214286" />
<wpr uId="518" tId="5" fbRx="0.540214286" lbRx="0" />
<wpr uId="518" tId="6" fbRx="0.540214286" lbRx="0" />
<p fId="3" fbTx="0.540282096" lbTx="0.54028218" tId="0" fbRx="0.550282096" lbRx="0.55028218" />
<p fId="0" fbTx="0.54028218" lbTx="0.540283055" tId="1" fbRx="0.54028218" lbRx="0.540283055" />
<p fId="1" fbTx="0.540283055" lbTx="0.54028393" tId="4" fbRx="0.540283055" lbRx="0.54028393" />
<p fId="3" fbTx="0.540382096" lbTx="0.54038218" tId="0" fbRx="0.550382096" lbRx="0.55038218" />
<p fId="0" fbTx="0.54038218" lbTx="0.540383055" tId="1" fbRx="0.54038218" lbRx="0.540383055" />
<p fId="1" fbTx="0.540383055" lbTx="0.54038393" tId="4" fbRx="0.540383055" lbRx="0.54038393" />
<p fId="3" fbTx="0.540482096" lbTx="0.54048218" tId="0" fbRx="0.550482096" lbRx="0.55048218" />
<p fId="0" fbTx="0.54048218" lbTx="0.540483055" tId="1" fbRx="0.54048218" lbRx="0.540483055" />
<p fId="1" fbTx="0.540483055" lbTx="0.54048393" tId="4" fbRx="0.540483055" lbRx="0.54048393" />
<p fId="3" fbTx="0.540582096" lbTx="0.54058218" tId="0" fbRx="0.550582096" lbRx="0.55058218" />
<p fId="0" fbTx="0.54058218" lbTx="0.540583055" tId="1" fbRx="0.54058218" lbRx="0.540583055" />
<p fId="1" fbTx="0.540583055" lbTx="0.54058393" tId="4" fbRx="0.540583055" lbRx="0.54058393" />
<p fId="3" fbTx="0.540682096" lbTx="0.54068218" tId="0" fbRx="0.550682096" lbRx="0.55068218" />
<p fId="0" fbTx="0.54068218" lbTx="0.540683055" tId="1" fbRx="0.54068218" lbRx="0.540683055" />
<p fId="1" fbTx="0.540683055" lbTx="0.54068393" tId="4" fbRx="0.540683055" lbRx="0.54068393" />
<p fId="3" fbTx="0.540782096" lbTx="0.54078218" tId="0" fbRx="0.550782096" lbRx="0.55078218" />
<p fId="0" fbTx="0.54078218" lbTx="0.540783055" tId="1" fbRx="0.54078218" lbRx="0.540783055" />
<p fId="1" fbTx="0.540783055" lbTx="0.54078393" tId="4" fbRx="0.540783055" lbRx="0.54078393" />
<p fId="3" fbTx="0.540882096" lbTx="0.54088218" tId="0" fbRx="0.550882096" lbRx="0.55088218" />
<p fId="0" fbTx="0.54088218" lbTx="0.540883055" tId="1" fbRx="0.54088218" lbRx="0.540883055" />
<p fId="1" fbTx="0.540883055" lbTx="0.54088393" tId="4" fbRx="0.540883055" lbRx="0.54088393" />
<p fId="3" fbTx="0.540982096" lbTx="0.54098218" tId="0" fbRx="0.550982096" lbRx="0.55098218" />
<p fId="0" fbTx="0.54098218" lbTx="0.540983055" tId="1" fbRx="0.54098218" lbRx="0.540983055" />
<p fId="1" fbTx="0.540983055" lbTx="0.54098393" tId="4" fbRx="0.540983055" lbRx="0.54098393" />
<p fId="3" fbTx="0.541082096" lbTx="0.54108218" tId="0" fbRx="0.551082096" lbRx="0.55108218" />
<p fId="0" fbTx="0.54108218" lbTx="0.541083055" tId="1" fbRx="0.54108218" lbRx="0.541083055" />
<p fId="1" fbTx="0.541083055" lbTx="0.54108393" tId="4" fbRx="0.541083055" lbRx="0.54108393" />
<p fId="3" fbTx="0.541182096" lbTx="0.54118218" tId="0" fbRx="0.551182096" lbRx="0.55118218" />
<p fId="0" fbTx="0.54118218" lbTx="0.541183055" tId="1" fbRx="0.54118218" lbRx="0.541183055" />
<p fId="1" fbTx="0.541183055" lbTx="0.54118393" tId="4" fbRx="0.541183055" lbRx="0.54118393" />
<pr uId="519" fId="4" fbTx="0.541214286" />
<wpr uId="519" tId="5" fbRx="0.541214286" lbRx="0" />
<wpr uId="519" tId="6" fbRx="0.541214286" lbRx="0" />
<p fId="3" fbTx="0.541282096" lbTx="0.54128218" tId="0" fbRx="0.551282096" lbRx="0.55128218" />
<p fId="0" fbTx="0.54128218" lbTx="0.541283055" tId="1" fbRx="0.54128218" lbRx="0.541283055" />
<p fId="1" fbTx="0.541283055" lbTx="0.54128393" tId="4" fbRx="0.541283055" lbRx="0.54128393" />
<p fId="3" fbTx="0.541382096" lbTx="0.54138218" tId="0" fbRx="0.551382096" lbRx="0.55138218" />
<p fId="0" fbTx="0.54138218" lbTx="0.541383055" tId="1" fbRx="0.54138218" lbRx="0.541383055" />
<p fId="1" fbTx="0.541383055" lbTx="0.54138393" tId="4" fbRx="0.541383055" lbRx="0.54138393" />
<p fId="3" fbTx="0.541482096" lbTx="0.54148218" tId="0" fbRx="0.551482096" lbRx="0.55148218" />
<p fId="0" fbTx="0.54148218" lbTx="0.541483055" tId="1" fbRx="0.54148218" lbRx="0.541483055" />
<p fId="1" fbTx="0.541483055" lbTx="0.54148393" tId="4" fbRx="0.541483055" lbRx="0.54148393" />
<p fId="3" fbTx="0.541582096" lbTx="0.54158218" tId="0" fbRx="0.551582096" lbRx="0.55158218" />
<p fId="0" fbTx="0.54158218" lbTx="0.541583055" tId="1" fbRx="0.54158218" lbRx="0.541583055" />
<p fId="1" fbTx="0.541583055" lbTx="0.54158393" tId="4" fbRx="0.541583055" lbRx="0.54158393" />
<p fId="3" fbTx="0.541682096" lbTx="0.54168218" tId="0" fbRx="0.551682096" lbRx="0.55168218" />
<p fId="0" fbTx="0.54168218" lbTx="0.541683055" tId="1" fbRx="0.54168218" lbRx="0.541683055" />
<p fId="1" fbTx="0.541683055" lbTx="0.54168393" tId="4" fbRx="0.541683055" lbRx="0.54168393" />
<p fId="3" fbTx="0.541782096" lbTx="0.54178218" tId="0" fbRx="0.551782096" lbRx="0.55178218" />
<p fId="0" fbTx="0.54178218" lbTx="0.541783055" tId="1" fbRx="0.54178218" lbRx="0.541783055" />
<p fId="1" fbTx="0.541783055" lbTx="0.54178393" tId="4" fbRx="0.541783055" lbRx="0.54178393" />
<p fId="3" fbTx="0.541882096" lbTx="0.54188218" tId="0" fbRx="0.551882096" lbRx="0.55188218" />
<p fId="0" fbTx="0.54188218" lbTx="0.541883055" tId="1" fbRx="0.54188218" lbRx="0.541883055" />
<p fId="1" fbTx="0.541883055" lbTx="0.54188393" tId="4" fbRx="0.541883055" lbRx="0.54188393" />
<p fId="3" fbTx="0.541982096" lbTx="0.54198218" tId="0" fbRx="0.551982096" lbRx="0.55198218" />
<p fId="0" fbTx="0.54198218" lbTx="0.541983055" tId="1" fbRx="0.54198218" lbRx="0.541983055" />
<p fId="1" fbTx="0.541983055" lbTx="0.54198393" tId="4" fbRx="0.541983055" lbRx="0.54198393" />
<p fId="3" fbTx="0.542082096" lbTx="0.54208218" tId="0" fbRx="0.552082096" lbRx="0.55208218" />
<p fId="0" fbTx="0.54208218" lbTx="0.542083055" tId="1" fbRx="0.54208218" lbRx="0.542083055" />
<p fId="1" fbTx="0.542083055" lbTx="0.54208393" tId="4" fbRx="0.542083055" lbRx="0.54208393" />
<p fId="3" fbTx="0.542182096" lbTx="0.54218218" tId="0" fbRx="0.552182096" lbRx="0.55218218" />
<p fId="0" fbTx="0.54218218" lbTx="0.542183055" tId="1" fbRx="0.54218218" lbRx="0.542183055" />
<p fId="1" fbTx="0.542183055" lbTx="0.54218393" tId="4" fbRx="0.542183055" lbRx="0.54218393" />
<pr uId="520" fId="4" fbTx="0.542214286" />
<wpr uId="520" tId="5" fbRx="0.542214286" lbRx="0" />
<wpr uId="520" tId="6" fbRx="0.542214286" lbRx="0" />
<p fId="3" fbTx="0.542282096" lbTx="0.54228218" tId="0" fbRx="0.552282096" lbRx="0.55228218" />
<p fId="0" fbTx="0.54228218" lbTx="0.542283055" tId="1" fbRx="0.54228218" lbRx="0.542283055" />
<p fId="1" fbTx="0.542283055" lbTx="0.54228393" tId="4" fbRx="0.542283055" lbRx="0.54228393" />
<p fId="3" fbTx="0.542382096" lbTx="0.54238218" tId="0" fbRx="0.552382096" lbRx="0.55238218" />
<p fId="0" fbTx="0.54238218" lbTx="0.542383055" tId="1" fbRx="0.54238218" lbRx="0.542383055" />
<p fId="1" fbTx="0.542383055" lbTx="0.54238393" tId="4" fbRx="0.542383055" lbRx="0.54238393" />
<p fId="3" fbTx="0.542482096" lbTx="0.54248218" tId="0" fbRx="0.552482096" lbRx="0.55248218" />
<p fId="0" fbTx="0.54248218" lbTx="0.542483055" tId="1" fbRx="0.54248218" lbRx="0.542483055" />
<p fId="1" fbTx="0.542483055" lbTx="0.54248393" tId="4" fbRx="0.542483055" lbRx="0.54248393" />
<p fId="3" fbTx="0.542582096" lbTx="0.54258218" tId="0" fbRx="0.552582096" lbRx="0.55258218" />
<p fId="0" fbTx="0.54258218" lbTx="0.542583055" tId="1" fbRx="0.54258218" lbRx="0.542583055" />
<p fId="1" fbTx="0.542583055" lbTx="0.54258393" tId="4" fbRx="0.542583055" lbRx="0.54258393" />
<p fId="3" fbTx="0.542682096" lbTx="0.54268218" tId="0" fbRx="0.552682096" lbRx="0.55268218" />
<p fId="0" fbTx="0.54268218" lbTx="0.542683055" tId="1" fbRx="0.54268218" lbRx="0.542683055" />
<p fId="1" fbTx="0.542683055" lbTx="0.54268393" tId="4" fbRx="0.542683055" lbRx="0.54268393" />
<p fId="3" fbTx="0.542782096" lbTx="0.54278218" tId="0" fbRx="0.552782096" lbRx="0.55278218" />
<p fId="0" fbTx="0.54278218" lbTx="0.542783055" tId="1" fbRx="0.54278218" lbRx="0.542783055" />
<p fId="1" fbTx="0.542783055" lbTx="0.54278393" tId="4" fbRx="0.542783055" lbRx="0.54278393" />
<p fId="3" fbTx="0.542882096" lbTx="0.54288218" tId="0" fbRx="0.552882096" lbRx="0.55288218" />
<p fId="0" fbTx="0.54288218" lbTx="0.542883055" tId="1" fbRx="0.54288218" lbRx="0.542883055" />
<p fId="1" fbTx="0.542883055" lbTx="0.54288393" tId="4" fbRx="0.542883055" lbRx="0.54288393" />
<p fId="3" fbTx="0.542982096" lbTx="0.54298218" tId="0" fbRx="0.552982096" lbRx="0.55298218" />
<p fId="0" fbTx="0.54298218" lbTx="0.542983055" tId="1" fbRx="0.54298218" lbRx="0.542983055" />
<p fId="1" fbTx="0.542983055" lbTx="0.54298393" tId="4" fbRx="0.542983055" lbRx="0.54298393" />
<p fId="3" fbTx="0.543082096" lbTx="0.54308218" tId="0" fbRx="0.553082096" lbRx="0.55308218" />
<p fId="0" fbTx="0.54308218" lbTx="0.543083055" tId="1" fbRx="0.54308218" lbRx="0.543083055" />
<p fId="1" fbTx="0.543083055" lbTx="0.54308393" tId="4" fbRx="0.543083055" lbRx="0.54308393" />
<p fId="3" fbTx="0.543182096" lbTx="0.54318218" tId="0" fbRx="0.553182096" lbRx="0.55318218" />
<p fId="0" fbTx="0.54318218" lbTx="0.543183055" tId="1" fbRx="0.54318218" lbRx="0.543183055" />
<p fId="1" fbTx="0.543183055" lbTx="0.54318393" tId="4" fbRx="0.543183055" lbRx="0.54318393" />
<pr uId="521" fId="4" fbTx="0.543214286" />
<wpr uId="521" tId="5" fbRx="0.543214286" lbRx="0" />
<wpr uId="521" tId="6" fbRx="0.543214286" lbRx="0" />
<p fId="3" fbTx="0.543282096" lbTx="0.54328218" tId="0" fbRx="0.553282096" lbRx="0.55328218" />
<p fId="0" fbTx="0.54328218" lbTx="0.543283055" tId="1" fbRx="0.54328218" lbRx="0.543283055" />
<p fId="1" fbTx="0.543283055" lbTx="0.54328393" tId="4" fbRx="0.543283055" lbRx="0.54328393" />
<p fId="3" fbTx="0.543382096" lbTx="0.54338218" tId="0" fbRx="0.553382096" lbRx="0.55338218" />
<p fId="0" fbTx="0.54338218" lbTx="0.543383055" tId="1" fbRx="0.54338218" lbRx="0.543383055" />
<p fId="1" fbTx="0.543383055" lbTx="0.54338393" tId="4" fbRx="0.543383055" lbRx="0.54338393" />
<p fId="3" fbTx="0.543482096" lbTx="0.54348218" tId="0" fbRx="0.553482096" lbRx="0.55348218" />
<p fId="0" fbTx="0.54348218" lbTx="0.543483055" tId="1" fbRx="0.54348218" lbRx="0.543483055" />
<p fId="1" fbTx="0.543483055" lbTx="0.54348393" tId="4" fbRx="0.543483055" lbRx="0.54348393" />
<p fId="3" fbTx="0.543582096" lbTx="0.54358218" tId="0" fbRx="0.553582096" lbRx="0.55358218" />
<p fId="0" fbTx="0.54358218" lbTx="0.543583055" tId="1" fbRx="0.54358218" lbRx="0.543583055" />
<p fId="1" fbTx="0.543583055" lbTx="0.54358393" tId="4" fbRx="0.543583055" lbRx="0.54358393" />
<p fId="3" fbTx="0.543682096" lbTx="0.54368218" tId="0" fbRx="0.553682096" lbRx="0.55368218" />
<p fId="0" fbTx="0.54368218" lbTx="0.543683055" tId="1" fbRx="0.54368218" lbRx="0.543683055" />
<p fId="1" fbTx="0.543683055" lbTx="0.54368393" tId="4" fbRx="0.543683055" lbRx="0.54368393" />
<p fId="3" fbTx="0.543782096" lbTx="0.54378218" tId="0" fbRx="0.553782096" lbRx="0.55378218" />
<p fId="0" fbTx="0.54378218" lbTx="0.543783055" tId="1" fbRx="0.54378218" lbRx="0.543783055" />
<p fId="1" fbTx="0.543783055" lbTx="0.54378393" tId="4" fbRx="0.543783055" lbRx="0.54378393" />
<p fId="3" fbTx="0.543882096" lbTx="0.54388218" tId="0" fbRx="0.553882096" lbRx="0.55388218" />
<p fId="0" fbTx="0.54388218" lbTx="0.543883055" tId="1" fbRx="0.54388218" lbRx="0.543883055" />
<p fId="1" fbTx="0.543883055" lbTx="0.54388393" tId="4" fbRx="0.543883055" lbRx="0.54388393" />
<p fId="3" fbTx="0.543982096" lbTx="0.54398218" tId="0" fbRx="0.553982096" lbRx="0.55398218" />
<p fId="0" fbTx="0.54398218" lbTx="0.543983055" tId="1" fbRx="0.54398218" lbRx="0.543983055" />
<p fId="1" fbTx="0.543983055" lbTx="0.54398393" tId="4" fbRx="0.543983055" lbRx="0.54398393" />
<p fId="3" fbTx="0.544082096" lbTx="0.54408218" tId="0" fbRx="0.554082096" lbRx="0.55408218" />
<p fId="0" fbTx="0.54408218" lbTx="0.544083055" tId="1" fbRx="0.54408218" lbRx="0.544083055" />
<p fId="1" fbTx="0.544083055" lbTx="0.54408393" tId="4" fbRx="0.544083055" lbRx="0.54408393" />
<p fId="3" fbTx="0.544182096" lbTx="0.54418218" tId="0" fbRx="0.554182096" lbRx="0.55418218" />
<p fId="0" fbTx="0.54418218" lbTx="0.544183055" tId="1" fbRx="0.54418218" lbRx="0.544183055" />
<p fId="1" fbTx="0.544183055" lbTx="0.54418393" tId="4" fbRx="0.544183055" lbRx="0.54418393" />
<pr uId="522" fId="4" fbTx="0.544214286" />
<wpr uId="522" tId="5" fbRx="0.544214286" lbRx="0" />
<wpr uId="522" tId="6" fbRx="0.544214286" lbRx="0" />
<p fId="3" fbTx="0.544282096" lbTx="0.54428218" tId="0" fbRx="0.554282096" lbRx="0.55428218" />
<p fId="0" fbTx="0.54428218" lbTx="0.544283055" tId="1" fbRx="0.54428218" lbRx="0.544283055" />
<p fId="1" fbTx="0.544283055" lbTx="0.54428393" tId="4" fbRx="0.544283055" lbRx="0.54428393" />
<p fId="3" fbTx="0.544382096" lbTx="0.54438218" tId="0" fbRx="0.554382096" lbRx="0.55438218" />
<p fId="0" fbTx="0.54438218" lbTx="0.544383055" tId="1" fbRx="0.54438218" lbRx="0.544383055" />
<p fId="1" fbTx="0.544383055" lbTx="0.54438393" tId="4" fbRx="0.544383055" lbRx="0.54438393" />
<p fId="3" fbTx="0.544482096" lbTx="0.54448218" tId="0" fbRx="0.554482096" lbRx="0.55448218" />
<p fId="0" fbTx="0.54448218" lbTx="0.544483055" tId="1" fbRx="0.54448218" lbRx="0.544483055" />
<p fId="1" fbTx="0.544483055" lbTx="0.54448393" tId="4" fbRx="0.544483055" lbRx="0.54448393" />
<p fId="3" fbTx="0.544582096" lbTx="0.54458218" tId="0" fbRx="0.554582096" lbRx="0.55458218" />
<p fId="0" fbTx="0.54458218" lbTx="0.544583055" tId="1" fbRx="0.54458218" lbRx="0.544583055" />
<p fId="1" fbTx="0.544583055" lbTx="0.54458393" tId="4" fbRx="0.544583055" lbRx="0.54458393" />
<p fId="3" fbTx="0.544682096" lbTx="0.54468218" tId="0" fbRx="0.554682096" lbRx="0.55468218" />
<p fId="0" fbTx="0.54468218" lbTx="0.544683055" tId="1" fbRx="0.54468218" lbRx="0.544683055" />
<p fId="1" fbTx="0.544683055" lbTx="0.54468393" tId="4" fbRx="0.544683055" lbRx="0.54468393" />
<p fId="3" fbTx="0.544782096" lbTx="0.54478218" tId="0" fbRx="0.554782096" lbRx="0.55478218" />
<p fId="0" fbTx="0.54478218" lbTx="0.544783055" tId="1" fbRx="0.54478218" lbRx="0.544783055" />
<p fId="1" fbTx="0.544783055" lbTx="0.54478393" tId="4" fbRx="0.544783055" lbRx="0.54478393" />
<p fId="3" fbTx="0.544882096" lbTx="0.54488218" tId="0" fbRx="0.554882096" lbRx="0.55488218" />
<p fId="0" fbTx="0.54488218" lbTx="0.544883055" tId="1" fbRx="0.54488218" lbRx="0.544883055" />
<p fId="1" fbTx="0.544883055" lbTx="0.54488393" tId="4" fbRx="0.544883055" lbRx="0.54488393" />
<p fId="3" fbTx="0.544982096" lbTx="0.54498218" tId="0" fbRx="0.554982096" lbRx="0.55498218" />
<p fId="0" fbTx="0.54498218" lbTx="0.544983055" tId="1" fbRx="0.54498218" lbRx="0.544983055" />
<p fId="1" fbTx="0.544983055" lbTx="0.54498393" tId="4" fbRx="0.544983055" lbRx="0.54498393" />
<p fId="3" fbTx="0.545082096" lbTx="0.54508218" tId="0" fbRx="0.555082096" lbRx="0.55508218" />
<p fId="0" fbTx="0.54508218" lbTx="0.545083055" tId="1" fbRx="0.54508218" lbRx="0.545083055" />
<p fId="1" fbTx="0.545083055" lbTx="0.54508393" tId="4" fbRx="0.545083055" lbRx="0.54508393" />
<p fId="3" fbTx="0.545182096" lbTx="0.54518218" tId="0" fbRx="0.555182096" lbRx="0.55518218" />
<p fId="0" fbTx="0.54518218" lbTx="0.545183055" tId="1" fbRx="0.54518218" lbRx="0.545183055" />
<p fId="1" fbTx="0.545183055" lbTx="0.54518393" tId="4" fbRx="0.545183055" lbRx="0.54518393" />
<pr uId="523" fId="4" fbTx="0.545214286" />
<wpr uId="523" tId="5" fbRx="0.545214286" lbRx="0" />
<wpr uId="523" tId="6" fbRx="0.545214286" lbRx="0" />
<p fId="3" fbTx="0.545282096" lbTx="0.54528218" tId="0" fbRx="0.555282096" lbRx="0.55528218" />
<p fId="0" fbTx="0.54528218" lbTx="0.545283055" tId="1" fbRx="0.54528218" lbRx="0.545283055" />
<p fId="1" fbTx="0.545283055" lbTx="0.54528393" tId="4" fbRx="0.545283055" lbRx="0.54528393" />
<p fId="3" fbTx="0.545382096" lbTx="0.54538218" tId="0" fbRx="0.555382096" lbRx="0.55538218" />
<p fId="0" fbTx="0.54538218" lbTx="0.545383055" tId="1" fbRx="0.54538218" lbRx="0.545383055" />
<p fId="1" fbTx="0.545383055" lbTx="0.54538393" tId="4" fbRx="0.545383055" lbRx="0.54538393" />
<p fId="3" fbTx="0.545482096" lbTx="0.54548218" tId="0" fbRx="0.555482096" lbRx="0.55548218" />
<p fId="0" fbTx="0.54548218" lbTx="0.545483055" tId="1" fbRx="0.54548218" lbRx="0.545483055" />
<p fId="1" fbTx="0.545483055" lbTx="0.54548393" tId="4" fbRx="0.545483055" lbRx="0.54548393" />
<p fId="3" fbTx="0.545582096" lbTx="0.54558218" tId="0" fbRx="0.555582096" lbRx="0.55558218" />
<p fId="0" fbTx="0.54558218" lbTx="0.545583055" tId="1" fbRx="0.54558218" lbRx="0.545583055" />
<p fId="1" fbTx="0.545583055" lbTx="0.54558393" tId="4" fbRx="0.545583055" lbRx="0.54558393" />
<p fId="3" fbTx="0.545682096" lbTx="0.54568218" tId="0" fbRx="0.555682096" lbRx="0.55568218" />
<p fId="0" fbTx="0.54568218" lbTx="0.545683055" tId="1" fbRx="0.54568218" lbRx="0.545683055" />
<p fId="1" fbTx="0.545683055" lbTx="0.54568393" tId="4" fbRx="0.545683055" lbRx="0.54568393" />
<p fId="3" fbTx="0.545782096" lbTx="0.54578218" tId="0" fbRx="0.555782096" lbRx="0.55578218" />
<p fId="0" fbTx="0.54578218" lbTx="0.545783055" tId="1" fbRx="0.54578218" lbRx="0.545783055" />
<p fId="1" fbTx="0.545783055" lbTx="0.54578393" tId="4" fbRx="0.545783055" lbRx="0.54578393" />
<p fId="3" fbTx="0.545882096" lbTx="0.54588218" tId="0" fbRx="0.555882096" lbRx="0.55588218" />
<p fId="0" fbTx="0.54588218" lbTx="0.545883055" tId="1" fbRx="0.54588218" lbRx="0.545883055" />
<p fId="1" fbTx="0.545883055" lbTx="0.54588393" tId="4" fbRx="0.545883055" lbRx="0.54588393" />
<p fId="3" fbTx="0.545982096" lbTx="0.54598218" tId="0" fbRx="0.555982096" lbRx="0.55598218" />
<p fId="0" fbTx="0.54598218" lbTx="0.545983055" tId="1" fbRx="0.54598218" lbRx="0.545983055" />
<p fId="1" fbTx="0.545983055" lbTx="0.54598393" tId="4" fbRx="0.545983055" lbRx="0.54598393" />
<p fId="3" fbTx="0.546082096" lbTx="0.54608218" tId="0" fbRx="0.556082096" lbRx="0.55608218" />
<p fId="0" fbTx="0.54608218" lbTx="0.546083055" tId="1" fbRx="0.54608218" lbRx="0.546083055" />
<p fId="1" fbTx="0.546083055" lbTx="0.54608393" tId="4" fbRx="0.546083055" lbRx="0.54608393" />
<p fId="3" fbTx="0.546182096" lbTx="0.54618218" tId="0" fbRx="0.556182096" lbRx="0.55618218" />
<p fId="0" fbTx="0.54618218" lbTx="0.546183055" tId="1" fbRx="0.54618218" lbRx="0.546183055" />
<p fId="1" fbTx="0.546183055" lbTx="0.54618393" tId="4" fbRx="0.546183055" lbRx="0.54618393" />
<pr uId="524" fId="4" fbTx="0.546214286" />
<wpr uId="524" tId="5" fbRx="0.546214286" lbRx="0" />
<wpr uId="524" tId="6" fbRx="0.546214286" lbRx="0" />
<p fId="3" fbTx="0.546282096" lbTx="0.54628218" tId="0" fbRx="0.556282096" lbRx="0.55628218" />
<p fId="0" fbTx="0.54628218" lbTx="0.546283055" tId="1" fbRx="0.54628218" lbRx="0.546283055" />
<p fId="1" fbTx="0.546283055" lbTx="0.54628393" tId="4" fbRx="0.546283055" lbRx="0.54628393" />
<p fId="3" fbTx="0.546382096" lbTx="0.54638218" tId="0" fbRx="0.556382096" lbRx="0.55638218" />
<p fId="0" fbTx="0.54638218" lbTx="0.546383055" tId="1" fbRx="0.54638218" lbRx="0.546383055" />
<p fId="1" fbTx="0.546383055" lbTx="0.54638393" tId="4" fbRx="0.546383055" lbRx="0.54638393" />
<p fId="3" fbTx="0.546482096" lbTx="0.54648218" tId="0" fbRx="0.556482096" lbRx="0.55648218" />
<p fId="0" fbTx="0.54648218" lbTx="0.546483055" tId="1" fbRx="0.54648218" lbRx="0.546483055" />
<p fId="1" fbTx="0.546483055" lbTx="0.54648393" tId="4" fbRx="0.546483055" lbRx="0.54648393" />
<p fId="3" fbTx="0.546582096" lbTx="0.54658218" tId="0" fbRx="0.556582096" lbRx="0.55658218" />
<p fId="0" fbTx="0.54658218" lbTx="0.546583055" tId="1" fbRx="0.54658218" lbRx="0.546583055" />
<p fId="1" fbTx="0.546583055" lbTx="0.54658393" tId="4" fbRx="0.546583055" lbRx="0.54658393" />
<p fId="3" fbTx="0.546682096" lbTx="0.54668218" tId="0" fbRx="0.556682096" lbRx="0.55668218" />
<p fId="0" fbTx="0.54668218" lbTx="0.546683055" tId="1" fbRx="0.54668218" lbRx="0.546683055" />
<p fId="1" fbTx="0.546683055" lbTx="0.54668393" tId="4" fbRx="0.546683055" lbRx="0.54668393" />
<p fId="3" fbTx="0.546782096" lbTx="0.54678218" tId="0" fbRx="0.556782096" lbRx="0.55678218" />
<p fId="0" fbTx="0.54678218" lbTx="0.546783055" tId="1" fbRx="0.54678218" lbRx="0.546783055" />
<p fId="1" fbTx="0.546783055" lbTx="0.54678393" tId="4" fbRx="0.546783055" lbRx="0.54678393" />
<p fId="3" fbTx="0.546882096" lbTx="0.54688218" tId="0" fbRx="0.556882096" lbRx="0.55688218" />
<p fId="0" fbTx="0.54688218" lbTx="0.546883055" tId="1" fbRx="0.54688218" lbRx="0.546883055" />
<p fId="1" fbTx="0.546883055" lbTx="0.54688393" tId="4" fbRx="0.546883055" lbRx="0.54688393" />
<p fId="3" fbTx="0.546982096" lbTx="0.54698218" tId="0" fbRx="0.556982096" lbRx="0.55698218" />
<p fId="0" fbTx="0.54698218" lbTx="0.546983055" tId="1" fbRx="0.54698218" lbRx="0.546983055" />
<p fId="1" fbTx="0.546983055" lbTx="0.54698393" tId="4" fbRx="0.546983055" lbRx="0.54698393" />
<p fId="3" fbTx="0.547082096" lbTx="0.54708218" tId="0" fbRx="0.557082096" lbRx="0.55708218" />
<p fId="0" fbTx="0.54708218" lbTx="0.547083055" tId="1" fbRx="0.54708218" lbRx="0.547083055" />
<p fId="1" fbTx="0.547083055" lbTx="0.54708393" tId="4" fbRx="0.547083055" lbRx="0.54708393" />
<p fId="3" fbTx="0.547182096" lbTx="0.54718218" tId="0" fbRx="0.557182096" lbRx="0.55718218" />
<p fId="0" fbTx="0.54718218" lbTx="0.547183055" tId="1" fbRx="0.54718218" lbRx="0.547183055" />
<p fId="1" fbTx="0.547183055" lbTx="0.54718393" tId="4" fbRx="0.547183055" lbRx="0.54718393" />
<pr uId="525" fId="4" fbTx="0.547214286" />
<wpr uId="525" tId="5" fbRx="0.547214286" lbRx="0" />
<wpr uId="525" tId="6" fbRx="0.547214286" lbRx="0" />
<p fId="3" fbTx="0.547282096" lbTx="0.54728218" tId="0" fbRx="0.557282096" lbRx="0.55728218" />
<p fId="0" fbTx="0.54728218" lbTx="0.547283055" tId="1" fbRx="0.54728218" lbRx="0.547283055" />
<p fId="1" fbTx="0.547283055" lbTx="0.54728393" tId="4" fbRx="0.547283055" lbRx="0.54728393" />
<p fId="3" fbTx="0.547382096" lbTx="0.54738218" tId="0" fbRx="0.557382096" lbRx="0.55738218" />
<p fId="0" fbTx="0.54738218" lbTx="0.547383055" tId="1" fbRx="0.54738218" lbRx="0.547383055" />
<p fId="1" fbTx="0.547383055" lbTx="0.54738393" tId="4" fbRx="0.547383055" lbRx="0.54738393" />
<p fId="3" fbTx="0.547482096" lbTx="0.54748218" tId="0" fbRx="0.557482096" lbRx="0.55748218" />
<p fId="0" fbTx="0.54748218" lbTx="0.547483055" tId="1" fbRx="0.54748218" lbRx="0.547483055" />
<p fId="1" fbTx="0.547483055" lbTx="0.54748393" tId="4" fbRx="0.547483055" lbRx="0.54748393" />
<p fId="3" fbTx="0.547582096" lbTx="0.54758218" tId="0" fbRx="0.557582096" lbRx="0.55758218" />
<p fId="0" fbTx="0.54758218" lbTx="0.547583055" tId="1" fbRx="0.54758218" lbRx="0.547583055" />
<p fId="1" fbTx="0.547583055" lbTx="0.54758393" tId="4" fbRx="0.547583055" lbRx="0.54758393" />
<p fId="3" fbTx="0.547682096" lbTx="0.54768218" tId="0" fbRx="0.557682096" lbRx="0.55768218" />
<p fId="0" fbTx="0.54768218" lbTx="0.547683055" tId="1" fbRx="0.54768218" lbRx="0.547683055" />
<p fId="1" fbTx="0.547683055" lbTx="0.54768393" tId="4" fbRx="0.547683055" lbRx="0.54768393" />
<p fId="3" fbTx="0.547782096" lbTx="0.54778218" tId="0" fbRx="0.557782096" lbRx="0.55778218" />
<p fId="0" fbTx="0.54778218" lbTx="0.547783055" tId="1" fbRx="0.54778218" lbRx="0.547783055" />
<p fId="1" fbTx="0.547783055" lbTx="0.54778393" tId="4" fbRx="0.547783055" lbRx="0.54778393" />
<p fId="3" fbTx="0.547882096" lbTx="0.54788218" tId="0" fbRx="0.557882096" lbRx="0.55788218" />
<p fId="0" fbTx="0.54788218" lbTx="0.547883055" tId="1" fbRx="0.54788218" lbRx="0.547883055" />
<p fId="1" fbTx="0.547883055" lbTx="0.54788393" tId="4" fbRx="0.547883055" lbRx="0.54788393" />
<p fId="3" fbTx="0.547982096" lbTx="0.54798218" tId="0" fbRx="0.557982096" lbRx="0.55798218" />
<p fId="0" fbTx="0.54798218" lbTx="0.547983055" tId="1" fbRx="0.54798218" lbRx="0.547983055" />
<p fId="1" fbTx="0.547983055" lbTx="0.54798393" tId="4" fbRx="0.547983055" lbRx="0.54798393" />
<p fId="3" fbTx="0.548082096" lbTx="0.54808218" tId="0" fbRx="0.558082096" lbRx="0.55808218" />
<p fId="0" fbTx="0.54808218" lbTx="0.548083055" tId="1" fbRx="0.54808218" lbRx="0.548083055" />
<p fId="1" fbTx="0.548083055" lbTx="0.54808393" tId="4" fbRx="0.548083055" lbRx="0.54808393" />
<p fId="3" fbTx="0.548182096" lbTx="0.54818218" tId="0" fbRx="0.558182096" lbRx="0.55818218" />
<p fId="0" fbTx="0.54818218" lbTx="0.548183055" tId="1" fbRx="0.54818218" lbRx="0.548183055" />
<p fId="1" fbTx="0.548183055" lbTx="0.54818393" tId="4" fbRx="0.548183055" lbRx="0.54818393" />
<pr uId="526" fId="4" fbTx="0.548214286" />
<wpr uId="526" tId="5" fbRx="0.548214286" lbRx="0" />
<wpr uId="526" tId="6" fbRx="0.548214286" lbRx="0" />
<p fId="3" fbTx="0.548282096" lbTx="0.54828218" tId="0" fbRx="0.558282096" lbRx="0.55828218" />
<p fId="0" fbTx="0.54828218" lbTx="0.548283055" tId="1" fbRx="0.54828218" lbRx="0.548283055" />
<p fId="1" fbTx="0.548283055" lbTx="0.54828393" tId="4" fbRx="0.548283055" lbRx="0.54828393" />
<p fId="3" fbTx="0.548382096" lbTx="0.54838218" tId="0" fbRx="0.558382096" lbRx="0.55838218" />
<p fId="0" fbTx="0.54838218" lbTx="0.548383055" tId="1" fbRx="0.54838218" lbRx="0.548383055" />
<p fId="1" fbTx="0.548383055" lbTx="0.54838393" tId="4" fbRx="0.548383055" lbRx="0.54838393" />
<p fId="3" fbTx="0.548482096" lbTx="0.54848218" tId="0" fbRx="0.558482096" lbRx="0.55848218" />
<p fId="0" fbTx="0.54848218" lbTx="0.548483055" tId="1" fbRx="0.54848218" lbRx="0.548483055" />
<p fId="1" fbTx="0.548483055" lbTx="0.54848393" tId="4" fbRx="0.548483055" lbRx="0.54848393" />
<p fId="3" fbTx="0.548582096" lbTx="0.54858218" tId="0" fbRx="0.558582096" lbRx="0.55858218" />
<p fId="0" fbTx="0.54858218" lbTx="0.548583055" tId="1" fbRx="0.54858218" lbRx="0.548583055" />
<p fId="1" fbTx="0.548583055" lbTx="0.54858393" tId="4" fbRx="0.548583055" lbRx="0.54858393" />
<p fId="3" fbTx="0.548682096" lbTx="0.54868218" tId="0" fbRx="0.558682096" lbRx="0.55868218" />
<p fId="0" fbTx="0.54868218" lbTx="0.548683055" tId="1" fbRx="0.54868218" lbRx="0.548683055" />
<p fId="1" fbTx="0.548683055" lbTx="0.54868393" tId="4" fbRx="0.548683055" lbRx="0.54868393" />
<p fId="3" fbTx="0.548782096" lbTx="0.54878218" tId="0" fbRx="0.558782096" lbRx="0.55878218" />
<p fId="0" fbTx="0.54878218" lbTx="0.548783055" tId="1" fbRx="0.54878218" lbRx="0.548783055" />
<p fId="1" fbTx="0.548783055" lbTx="0.54878393" tId="4" fbRx="0.548783055" lbRx="0.54878393" />
<p fId="3" fbTx="0.548882096" lbTx="0.54888218" tId="0" fbRx="0.558882096" lbRx="0.55888218" />
<p fId="0" fbTx="0.54888218" lbTx="0.548883055" tId="1" fbRx="0.54888218" lbRx="0.548883055" />
<p fId="1" fbTx="0.548883055" lbTx="0.54888393" tId="4" fbRx="0.548883055" lbRx="0.54888393" />
<p fId="3" fbTx="0.548982096" lbTx="0.54898218" tId="0" fbRx="0.558982096" lbRx="0.55898218" />
<p fId="0" fbTx="0.54898218" lbTx="0.548983055" tId="1" fbRx="0.54898218" lbRx="0.548983055" />
<p fId="1" fbTx="0.548983055" lbTx="0.54898393" tId="4" fbRx="0.548983055" lbRx="0.54898393" />
<p fId="3" fbTx="0.549082096" lbTx="0.54908218" tId="0" fbRx="0.559082096" lbRx="0.55908218" />
<p fId="0" fbTx="0.54908218" lbTx="0.549083055" tId="1" fbRx="0.54908218" lbRx="0.549083055" />
<p fId="1" fbTx="0.549083055" lbTx="0.54908393" tId="4" fbRx="0.549083055" lbRx="0.54908393" />
<p fId="3" fbTx="0.549182096" lbTx="0.54918218" tId="0" fbRx="0.559182096" lbRx="0.55918218" />
<p fId="0" fbTx="0.54918218" lbTx="0.549183055" tId="1" fbRx="0.54918218" lbRx="0.549183055" />
<p fId="1" fbTx="0.549183055" lbTx="0.54918393" tId="4" fbRx="0.549183055" lbRx="0.54918393" />
<pr uId="527" fId="4" fbTx="0.549214286" />
<wpr uId="527" tId="5" fbRx="0.549214286" lbRx="0" />
<wpr uId="527" tId="6" fbRx="0.549214286" lbRx="0" />
<p fId="3" fbTx="0.549282096" lbTx="0.54928218" tId="0" fbRx="0.559282096" lbRx="0.55928218" />
<p fId="0" fbTx="0.54928218" lbTx="0.549283055" tId="1" fbRx="0.54928218" lbRx="0.549283055" />
<p fId="1" fbTx="0.549283055" lbTx="0.54928393" tId="4" fbRx="0.549283055" lbRx="0.54928393" />
<p fId="3" fbTx="0.549382096" lbTx="0.54938218" tId="0" fbRx="0.559382096" lbRx="0.55938218" />
<p fId="0" fbTx="0.54938218" lbTx="0.549383055" tId="1" fbRx="0.54938218" lbRx="0.549383055" />
<p fId="1" fbTx="0.549383055" lbTx="0.54938393" tId="4" fbRx="0.549383055" lbRx="0.54938393" />
<p fId="3" fbTx="0.549482096" lbTx="0.54948218" tId="0" fbRx="0.559482096" lbRx="0.55948218" />
<p fId="0" fbTx="0.54948218" lbTx="0.549483055" tId="1" fbRx="0.54948218" lbRx="0.549483055" />
<p fId="1" fbTx="0.549483055" lbTx="0.54948393" tId="4" fbRx="0.549483055" lbRx="0.54948393" />
<p fId="3" fbTx="0.549582096" lbTx="0.54958218" tId="0" fbRx="0.559582096" lbRx="0.55958218" />
<p fId="0" fbTx="0.54958218" lbTx="0.549583055" tId="1" fbRx="0.54958218" lbRx="0.549583055" />
<p fId="1" fbTx="0.549583055" lbTx="0.54958393" tId="4" fbRx="0.549583055" lbRx="0.54958393" />
<p fId="3" fbTx="0.549682096" lbTx="0.54968218" tId="0" fbRx="0.559682096" lbRx="0.55968218" />
<p fId="0" fbTx="0.54968218" lbTx="0.549683055" tId="1" fbRx="0.54968218" lbRx="0.549683055" />
<p fId="1" fbTx="0.549683055" lbTx="0.54968393" tId="4" fbRx="0.549683055" lbRx="0.54968393" />
<p fId="3" fbTx="0.549782096" lbTx="0.54978218" tId="0" fbRx="0.559782096" lbRx="0.55978218" />
<p fId="0" fbTx="0.54978218" lbTx="0.549783055" tId="1" fbRx="0.54978218" lbRx="0.549783055" />
<p fId="1" fbTx="0.549783055" lbTx="0.54978393" tId="4" fbRx="0.549783055" lbRx="0.54978393" />
<p fId="3" fbTx="0.549882096" lbTx="0.54988218" tId="0" fbRx="0.559882096" lbRx="0.55988218" />
<p fId="0" fbTx="0.54988218" lbTx="0.549883055" tId="1" fbRx="0.54988218" lbRx="0.549883055" />
<p fId="1" fbTx="0.549883055" lbTx="0.54988393" tId="4" fbRx="0.549883055" lbRx="0.54988393" />
<p fId="3" fbTx="0.549982096" lbTx="0.54998218" tId="0" fbRx="0.559982096" lbRx="0.55998218" />
<p fId="0" fbTx="0.54998218" lbTx="0.549983055" tId="1" fbRx="0.54998218" lbRx="0.549983055" />
<p fId="1" fbTx="0.549983055" lbTx="0.54998393" tId="4" fbRx="0.549983055" lbRx="0.54998393" />
<p fId="3" fbTx="0.550082096" lbTx="0.55008218" tId="0" fbRx="0.560082096" lbRx="0.56008218" />
<p fId="0" fbTx="0.55008218" lbTx="0.550083055" tId="1" fbRx="0.55008218" lbRx="0.550083055" />
<p fId="1" fbTx="0.550083055" lbTx="0.55008393" tId="4" fbRx="0.550083055" lbRx="0.55008393" />
<p fId="3" fbTx="0.550182096" lbTx="0.55018218" tId="0" fbRx="0.560182096" lbRx="0.56018218" />
<p fId="0" fbTx="0.55018218" lbTx="0.550183055" tId="1" fbRx="0.55018218" lbRx="0.550183055" />
<p fId="1" fbTx="0.550183055" lbTx="0.55018393" tId="4" fbRx="0.550183055" lbRx="0.55018393" />
<pr uId="528" fId="4" fbTx="0.550214286" />
<wpr uId="528" tId="5" fbRx="0.550214286" lbRx="0" />
<wpr uId="528" tId="6" fbRx="0.550214286" lbRx="0" />
<p fId="3" fbTx="0.550282096" lbTx="0.55028218" tId="0" fbRx="0.560282096" lbRx="0.56028218" />
<p fId="0" fbTx="0.55028218" lbTx="0.550283055" tId="1" fbRx="0.55028218" lbRx="0.550283055" />
<p fId="1" fbTx="0.550283055" lbTx="0.55028393" tId="4" fbRx="0.550283055" lbRx="0.55028393" />
<p fId="3" fbTx="0.550382096" lbTx="0.55038218" tId="0" fbRx="0.560382096" lbRx="0.56038218" />
<p fId="0" fbTx="0.55038218" lbTx="0.550383055" tId="1" fbRx="0.55038218" lbRx="0.550383055" />
<p fId="1" fbTx="0.550383055" lbTx="0.55038393" tId="4" fbRx="0.550383055" lbRx="0.55038393" />
<p fId="3" fbTx="0.550482096" lbTx="0.55048218" tId="0" fbRx="0.560482096" lbRx="0.56048218" />
<p fId="0" fbTx="0.55048218" lbTx="0.550483055" tId="1" fbRx="0.55048218" lbRx="0.550483055" />
<p fId="1" fbTx="0.550483055" lbTx="0.55048393" tId="4" fbRx="0.550483055" lbRx="0.55048393" />
<p fId="3" fbTx="0.550582096" lbTx="0.55058218" tId="0" fbRx="0.560582096" lbRx="0.56058218" />
<p fId="0" fbTx="0.55058218" lbTx="0.550583055" tId="1" fbRx="0.55058218" lbRx="0.550583055" />
<p fId="1" fbTx="0.550583055" lbTx="0.55058393" tId="4" fbRx="0.550583055" lbRx="0.55058393" />
<p fId="3" fbTx="0.550682096" lbTx="0.55068218" tId="0" fbRx="0.560682096" lbRx="0.56068218" />
<p fId="0" fbTx="0.55068218" lbTx="0.550683055" tId="1" fbRx="0.55068218" lbRx="0.550683055" />
<p fId="1" fbTx="0.550683055" lbTx="0.55068393" tId="4" fbRx="0.550683055" lbRx="0.55068393" />
<p fId="3" fbTx="0.550782096" lbTx="0.55078218" tId="0" fbRx="0.560782096" lbRx="0.56078218" />
<p fId="0" fbTx="0.55078218" lbTx="0.550783055" tId="1" fbRx="0.55078218" lbRx="0.550783055" />
<p fId="1" fbTx="0.550783055" lbTx="0.55078393" tId="4" fbRx="0.550783055" lbRx="0.55078393" />
<p fId="3" fbTx="0.550882096" lbTx="0.55088218" tId="0" fbRx="0.560882096" lbRx="0.56088218" />
<p fId="0" fbTx="0.55088218" lbTx="0.550883055" tId="1" fbRx="0.55088218" lbRx="0.550883055" />
<p fId="1" fbTx="0.550883055" lbTx="0.55088393" tId="4" fbRx="0.550883055" lbRx="0.55088393" />
<p fId="3" fbTx="0.550982096" lbTx="0.55098218" tId="0" fbRx="0.560982096" lbRx="0.56098218" />
<p fId="0" fbTx="0.55098218" lbTx="0.550983055" tId="1" fbRx="0.55098218" lbRx="0.550983055" />
<p fId="1" fbTx="0.550983055" lbTx="0.55098393" tId="4" fbRx="0.550983055" lbRx="0.55098393" />
<p fId="3" fbTx="0.551082096" lbTx="0.55108218" tId="0" fbRx="0.561082096" lbRx="0.56108218" />
<p fId="0" fbTx="0.55108218" lbTx="0.551083055" tId="1" fbRx="0.55108218" lbRx="0.551083055" />
<p fId="1" fbTx="0.551083055" lbTx="0.55108393" tId="4" fbRx="0.551083055" lbRx="0.55108393" />
<p fId="3" fbTx="0.551182096" lbTx="0.55118218" tId="0" fbRx="0.561182096" lbRx="0.56118218" />
<p fId="0" fbTx="0.55118218" lbTx="0.551183055" tId="1" fbRx="0.55118218" lbRx="0.551183055" />
<p fId="1" fbTx="0.551183055" lbTx="0.55118393" tId="4" fbRx="0.551183055" lbRx="0.55118393" />
<pr uId="529" fId="4" fbTx="0.551214286" />
<wpr uId="529" tId="5" fbRx="0.551214286" lbRx="0" />
<wpr uId="529" tId="6" fbRx="0.551214286" lbRx="0" />
<p fId="3" fbTx="0.551282096" lbTx="0.55128218" tId="0" fbRx="0.561282096" lbRx="0.56128218" />
<p fId="0" fbTx="0.55128218" lbTx="0.551283055" tId="1" fbRx="0.55128218" lbRx="0.551283055" />
<p fId="1" fbTx="0.551283055" lbTx="0.55128393" tId="4" fbRx="0.551283055" lbRx="0.55128393" />
<p fId="3" fbTx="0.551382096" lbTx="0.55138218" tId="0" fbRx="0.561382096" lbRx="0.56138218" />
<p fId="0" fbTx="0.55138218" lbTx="0.551383055" tId="1" fbRx="0.55138218" lbRx="0.551383055" />
<p fId="1" fbTx="0.551383055" lbTx="0.55138393" tId="4" fbRx="0.551383055" lbRx="0.55138393" />
<p fId="3" fbTx="0.551482096" lbTx="0.55148218" tId="0" fbRx="0.561482096" lbRx="0.56148218" />
<p fId="0" fbTx="0.55148218" lbTx="0.551483055" tId="1" fbRx="0.55148218" lbRx="0.551483055" />
<p fId="1" fbTx="0.551483055" lbTx="0.55148393" tId="4" fbRx="0.551483055" lbRx="0.55148393" />
<p fId="3" fbTx="0.551582096" lbTx="0.55158218" tId="0" fbRx="0.561582096" lbRx="0.56158218" />
<p fId="0" fbTx="0.55158218" lbTx="0.551583055" tId="1" fbRx="0.55158218" lbRx="0.551583055" />
<p fId="1" fbTx="0.551583055" lbTx="0.55158393" tId="4" fbRx="0.551583055" lbRx="0.55158393" />
<p fId="3" fbTx="0.551682096" lbTx="0.55168218" tId="0" fbRx="0.561682096" lbRx="0.56168218" />
<p fId="0" fbTx="0.55168218" lbTx="0.551683055" tId="1" fbRx="0.55168218" lbRx="0.551683055" />
<p fId="1" fbTx="0.551683055" lbTx="0.55168393" tId="4" fbRx="0.551683055" lbRx="0.55168393" />
<p fId="3" fbTx="0.551782096" lbTx="0.55178218" tId="0" fbRx="0.561782096" lbRx="0.56178218" />
<p fId="0" fbTx="0.55178218" lbTx="0.551783055" tId="1" fbRx="0.55178218" lbRx="0.551783055" />
<p fId="1" fbTx="0.551783055" lbTx="0.55178393" tId="4" fbRx="0.551783055" lbRx="0.55178393" />
<p fId="3" fbTx="0.551882096" lbTx="0.55188218" tId="0" fbRx="0.561882096" lbRx="0.56188218" />
<p fId="0" fbTx="0.55188218" lbTx="0.551883055" tId="1" fbRx="0.55188218" lbRx="0.551883055" />
<p fId="1" fbTx="0.551883055" lbTx="0.55188393" tId="4" fbRx="0.551883055" lbRx="0.55188393" />
<p fId="3" fbTx="0.551982096" lbTx="0.55198218" tId="0" fbRx="0.561982096" lbRx="0.56198218" />
<p fId="0" fbTx="0.55198218" lbTx="0.551983055" tId="1" fbRx="0.55198218" lbRx="0.551983055" />
<p fId="1" fbTx="0.551983055" lbTx="0.55198393" tId="4" fbRx="0.551983055" lbRx="0.55198393" />
<p fId="3" fbTx="0.552082096" lbTx="0.55208218" tId="0" fbRx="0.562082096" lbRx="0.56208218" />
<p fId="0" fbTx="0.55208218" lbTx="0.552083055" tId="1" fbRx="0.55208218" lbRx="0.552083055" />
<p fId="1" fbTx="0.552083055" lbTx="0.55208393" tId="4" fbRx="0.552083055" lbRx="0.55208393" />
<p fId="3" fbTx="0.552182096" lbTx="0.55218218" tId="0" fbRx="0.562182096" lbRx="0.56218218" />
<p fId="0" fbTx="0.55218218" lbTx="0.552183055" tId="1" fbRx="0.55218218" lbRx="0.552183055" />
<p fId="1" fbTx="0.552183055" lbTx="0.55218393" tId="4" fbRx="0.552183055" lbRx="0.55218393" />
<pr uId="530" fId="4" fbTx="0.552214286" />
<wpr uId="530" tId="5" fbRx="0.552214286" lbRx="0" />
<wpr uId="530" tId="6" fbRx="0.552214286" lbRx="0" />
<p fId="3" fbTx="0.552282096" lbTx="0.55228218" tId="0" fbRx="0.562282096" lbRx="0.56228218" />
<p fId="0" fbTx="0.55228218" lbTx="0.552283055" tId="1" fbRx="0.55228218" lbRx="0.552283055" />
<p fId="1" fbTx="0.552283055" lbTx="0.55228393" tId="4" fbRx="0.552283055" lbRx="0.55228393" />
<p fId="3" fbTx="0.552382096" lbTx="0.55238218" tId="0" fbRx="0.562382096" lbRx="0.56238218" />
<p fId="0" fbTx="0.55238218" lbTx="0.552383055" tId="1" fbRx="0.55238218" lbRx="0.552383055" />
<p fId="1" fbTx="0.552383055" lbTx="0.55238393" tId="4" fbRx="0.552383055" lbRx="0.55238393" />
<p fId="3" fbTx="0.552482096" lbTx="0.55248218" tId="0" fbRx="0.562482096" lbRx="0.56248218" />
<p fId="0" fbTx="0.55248218" lbTx="0.552483055" tId="1" fbRx="0.55248218" lbRx="0.552483055" />
<p fId="1" fbTx="0.552483055" lbTx="0.55248393" tId="4" fbRx="0.552483055" lbRx="0.55248393" />
<p fId="3" fbTx="0.552582096" lbTx="0.55258218" tId="0" fbRx="0.562582096" lbRx="0.56258218" />
<p fId="0" fbTx="0.55258218" lbTx="0.552583055" tId="1" fbRx="0.55258218" lbRx="0.552583055" />
<p fId="1" fbTx="0.552583055" lbTx="0.55258393" tId="4" fbRx="0.552583055" lbRx="0.55258393" />
<p fId="3" fbTx="0.552682096" lbTx="0.55268218" tId="0" fbRx="0.562682096" lbRx="0.56268218" />
<p fId="0" fbTx="0.55268218" lbTx="0.552683055" tId="1" fbRx="0.55268218" lbRx="0.552683055" />
<p fId="1" fbTx="0.552683055" lbTx="0.55268393" tId="4" fbRx="0.552683055" lbRx="0.55268393" />
<p fId="3" fbTx="0.552782096" lbTx="0.55278218" tId="0" fbRx="0.562782096" lbRx="0.56278218" />
<p fId="0" fbTx="0.55278218" lbTx="0.552783055" tId="1" fbRx="0.55278218" lbRx="0.552783055" />
<p fId="1" fbTx="0.552783055" lbTx="0.55278393" tId="4" fbRx="0.552783055" lbRx="0.55278393" />
<p fId="3" fbTx="0.552882096" lbTx="0.55288218" tId="0" fbRx="0.562882096" lbRx="0.56288218" />
<p fId="0" fbTx="0.55288218" lbTx="0.552883055" tId="1" fbRx="0.55288218" lbRx="0.552883055" />
<p fId="1" fbTx="0.552883055" lbTx="0.55288393" tId="4" fbRx="0.552883055" lbRx="0.55288393" />
<p fId="3" fbTx="0.552982096" lbTx="0.55298218" tId="0" fbRx="0.562982096" lbRx="0.56298218" />
<p fId="0" fbTx="0.55298218" lbTx="0.552983055" tId="1" fbRx="0.55298218" lbRx="0.552983055" />
<p fId="1" fbTx="0.552983055" lbTx="0.55298393" tId="4" fbRx="0.552983055" lbRx="0.55298393" />
<p fId="3" fbTx="0.553082096" lbTx="0.55308218" tId="0" fbRx="0.563082096" lbRx="0.56308218" />
<p fId="0" fbTx="0.55308218" lbTx="0.553083055" tId="1" fbRx="0.55308218" lbRx="0.553083055" />
<p fId="1" fbTx="0.553083055" lbTx="0.55308393" tId="4" fbRx="0.553083055" lbRx="0.55308393" />
<p fId="3" fbTx="0.553182096" lbTx="0.55318218" tId="0" fbRx="0.563182096" lbRx="0.56318218" />
<p fId="0" fbTx="0.55318218" lbTx="0.553183055" tId="1" fbRx="0.55318218" lbRx="0.553183055" />
<p fId="1" fbTx="0.553183055" lbTx="0.55318393" tId="4" fbRx="0.553183055" lbRx="0.55318393" />
<pr uId="531" fId="4" fbTx="0.553214286" />
<wpr uId="531" tId="5" fbRx="0.553214286" lbRx="0" />
<wpr uId="531" tId="6" fbRx="0.553214286" lbRx="0" />
<p fId="3" fbTx="0.553282096" lbTx="0.55328218" tId="0" fbRx="0.563282096" lbRx="0.56328218" />
<p fId="0" fbTx="0.55328218" lbTx="0.553283055" tId="1" fbRx="0.55328218" lbRx="0.553283055" />
<p fId="1" fbTx="0.553283055" lbTx="0.55328393" tId="4" fbRx="0.553283055" lbRx="0.55328393" />
<p fId="3" fbTx="0.553382096" lbTx="0.55338218" tId="0" fbRx="0.563382096" lbRx="0.56338218" />
<p fId="0" fbTx="0.55338218" lbTx="0.553383055" tId="1" fbRx="0.55338218" lbRx="0.553383055" />
<p fId="1" fbTx="0.553383055" lbTx="0.55338393" tId="4" fbRx="0.553383055" lbRx="0.55338393" />
<p fId="3" fbTx="0.553482096" lbTx="0.55348218" tId="0" fbRx="0.563482096" lbRx="0.56348218" />
<p fId="0" fbTx="0.55348218" lbTx="0.553483055" tId="1" fbRx="0.55348218" lbRx="0.553483055" />
<p fId="1" fbTx="0.553483055" lbTx="0.55348393" tId="4" fbRx="0.553483055" lbRx="0.55348393" />
<p fId="3" fbTx="0.553582096" lbTx="0.55358218" tId="0" fbRx="0.563582096" lbRx="0.56358218" />
<p fId="0" fbTx="0.55358218" lbTx="0.553583055" tId="1" fbRx="0.55358218" lbRx="0.553583055" />
<p fId="1" fbTx="0.553583055" lbTx="0.55358393" tId="4" fbRx="0.553583055" lbRx="0.55358393" />
<p fId="3" fbTx="0.553682096" lbTx="0.55368218" tId="0" fbRx="0.563682096" lbRx="0.56368218" />
<p fId="0" fbTx="0.55368218" lbTx="0.553683055" tId="1" fbRx="0.55368218" lbRx="0.553683055" />
<p fId="1" fbTx="0.553683055" lbTx="0.55368393" tId="4" fbRx="0.553683055" lbRx="0.55368393" />
<p fId="3" fbTx="0.553782096" lbTx="0.55378218" tId="0" fbRx="0.563782096" lbRx="0.56378218" />
<p fId="0" fbTx="0.55378218" lbTx="0.553783055" tId="1" fbRx="0.55378218" lbRx="0.553783055" />
<p fId="1" fbTx="0.553783055" lbTx="0.55378393" tId="4" fbRx="0.553783055" lbRx="0.55378393" />
<p fId="3" fbTx="0.553882096" lbTx="0.55388218" tId="0" fbRx="0.563882096" lbRx="0.56388218" />
<p fId="0" fbTx="0.55388218" lbTx="0.553883055" tId="1" fbRx="0.55388218" lbRx="0.553883055" />
<p fId="1" fbTx="0.553883055" lbTx="0.55388393" tId="4" fbRx="0.553883055" lbRx="0.55388393" />
<p fId="3" fbTx="0.553982096" lbTx="0.55398218" tId="0" fbRx="0.563982096" lbRx="0.56398218" />
<p fId="0" fbTx="0.55398218" lbTx="0.553983055" tId="1" fbRx="0.55398218" lbRx="0.553983055" />
<p fId="1" fbTx="0.553983055" lbTx="0.55398393" tId="4" fbRx="0.553983055" lbRx="0.55398393" />
<p fId="3" fbTx="0.554082096" lbTx="0.55408218" tId="0" fbRx="0.564082096" lbRx="0.56408218" />
<p fId="0" fbTx="0.55408218" lbTx="0.554083055" tId="1" fbRx="0.55408218" lbRx="0.554083055" />
<p fId="1" fbTx="0.554083055" lbTx="0.55408393" tId="4" fbRx="0.554083055" lbRx="0.55408393" />
<p fId="3" fbTx="0.554182096" lbTx="0.55418218" tId="0" fbRx="0.564182096" lbRx="0.56418218" />
<p fId="0" fbTx="0.55418218" lbTx="0.554183055" tId="1" fbRx="0.55418218" lbRx="0.554183055" />
<p fId="1" fbTx="0.554183055" lbTx="0.55418393" tId="4" fbRx="0.554183055" lbRx="0.55418393" />
<pr uId="532" fId="4" fbTx="0.554214286" />
<wpr uId="532" tId="5" fbRx="0.554214286" lbRx="0" />
<wpr uId="532" tId="6" fbRx="0.554214286" lbRx="0" />
<p fId="3" fbTx="0.554282096" lbTx="0.55428218" tId="0" fbRx="0.564282096" lbRx="0.56428218" />
<p fId="0" fbTx="0.55428218" lbTx="0.554283055" tId="1" fbRx="0.55428218" lbRx="0.554283055" />
<p fId="1" fbTx="0.554283055" lbTx="0.55428393" tId="4" fbRx="0.554283055" lbRx="0.55428393" />
<p fId="3" fbTx="0.554382096" lbTx="0.55438218" tId="0" fbRx="0.564382096" lbRx="0.56438218" />
<p fId="0" fbTx="0.55438218" lbTx="0.554383055" tId="1" fbRx="0.55438218" lbRx="0.554383055" />
<p fId="1" fbTx="0.554383055" lbTx="0.55438393" tId="4" fbRx="0.554383055" lbRx="0.55438393" />
<p fId="3" fbTx="0.554482096" lbTx="0.55448218" tId="0" fbRx="0.564482096" lbRx="0.56448218" />
<p fId="0" fbTx="0.55448218" lbTx="0.554483055" tId="1" fbRx="0.55448218" lbRx="0.554483055" />
<p fId="1" fbTx="0.554483055" lbTx="0.55448393" tId="4" fbRx="0.554483055" lbRx="0.55448393" />
<p fId="3" fbTx="0.554582096" lbTx="0.55458218" tId="0" fbRx="0.564582096" lbRx="0.56458218" />
<p fId="0" fbTx="0.55458218" lbTx="0.554583055" tId="1" fbRx="0.55458218" lbRx="0.554583055" />
<p fId="1" fbTx="0.554583055" lbTx="0.55458393" tId="4" fbRx="0.554583055" lbRx="0.55458393" />
<p fId="3" fbTx="0.554682096" lbTx="0.55468218" tId="0" fbRx="0.564682096" lbRx="0.56468218" />
<p fId="0" fbTx="0.55468218" lbTx="0.554683055" tId="1" fbRx="0.55468218" lbRx="0.554683055" />
<p fId="1" fbTx="0.554683055" lbTx="0.55468393" tId="4" fbRx="0.554683055" lbRx="0.55468393" />
<p fId="3" fbTx="0.554782096" lbTx="0.55478218" tId="0" fbRx="0.564782096" lbRx="0.56478218" />
<p fId="0" fbTx="0.55478218" lbTx="0.554783055" tId="1" fbRx="0.55478218" lbRx="0.554783055" />
<p fId="1" fbTx="0.554783055" lbTx="0.55478393" tId="4" fbRx="0.554783055" lbRx="0.55478393" />
<p fId="3" fbTx="0.554882096" lbTx="0.55488218" tId="0" fbRx="0.564882096" lbRx="0.56488218" />
<p fId="0" fbTx="0.55488218" lbTx="0.554883055" tId="1" fbRx="0.55488218" lbRx="0.554883055" />
<p fId="1" fbTx="0.554883055" lbTx="0.55488393" tId="4" fbRx="0.554883055" lbRx="0.55488393" />
<p fId="3" fbTx="0.554982096" lbTx="0.55498218" tId="0" fbRx="0.564982096" lbRx="0.56498218" />
<p fId="0" fbTx="0.55498218" lbTx="0.554983055" tId="1" fbRx="0.55498218" lbRx="0.554983055" />
<p fId="1" fbTx="0.554983055" lbTx="0.55498393" tId="4" fbRx="0.554983055" lbRx="0.55498393" />
<p fId="3" fbTx="0.555082096" lbTx="0.55508218" tId="0" fbRx="0.565082096" lbRx="0.56508218" />
<p fId="0" fbTx="0.55508218" lbTx="0.555083055" tId="1" fbRx="0.55508218" lbRx="0.555083055" />
<p fId="1" fbTx="0.555083055" lbTx="0.55508393" tId="4" fbRx="0.555083055" lbRx="0.55508393" />
<p fId="3" fbTx="0.555182096" lbTx="0.55518218" tId="0" fbRx="0.565182096" lbRx="0.56518218" />
<p fId="0" fbTx="0.55518218" lbTx="0.555183055" tId="1" fbRx="0.55518218" lbRx="0.555183055" />
<p fId="1" fbTx="0.555183055" lbTx="0.55518393" tId="4" fbRx="0.555183055" lbRx="0.55518393" />
<pr uId="533" fId="4" fbTx="0.555214286" />
<wpr uId="533" tId="5" fbRx="0.555214286" lbRx="0" />
<wpr uId="533" tId="6" fbRx="0.555214286" lbRx="0" />
<p fId="3" fbTx="0.555282096" lbTx="0.55528218" tId="0" fbRx="0.565282096" lbRx="0.56528218" />
<p fId="0" fbTx="0.55528218" lbTx="0.555283055" tId="1" fbRx="0.55528218" lbRx="0.555283055" />
<p fId="1" fbTx="0.555283055" lbTx="0.55528393" tId="4" fbRx="0.555283055" lbRx="0.55528393" />
<p fId="3" fbTx="0.555382096" lbTx="0.55538218" tId="0" fbRx="0.565382096" lbRx="0.56538218" />
<p fId="0" fbTx="0.55538218" lbTx="0.555383055" tId="1" fbRx="0.55538218" lbRx="0.555383055" />
<p fId="1" fbTx="0.555383055" lbTx="0.55538393" tId="4" fbRx="0.555383055" lbRx="0.55538393" />
<p fId="3" fbTx="0.555482096" lbTx="0.55548218" tId="0" fbRx="0.565482096" lbRx="0.56548218" />
<p fId="0" fbTx="0.55548218" lbTx="0.555483055" tId="1" fbRx="0.55548218" lbRx="0.555483055" />
<p fId="1" fbTx="0.555483055" lbTx="0.55548393" tId="4" fbRx="0.555483055" lbRx="0.55548393" />
<p fId="3" fbTx="0.555582096" lbTx="0.55558218" tId="0" fbRx="0.565582096" lbRx="0.56558218" />
<p fId="0" fbTx="0.55558218" lbTx="0.555583055" tId="1" fbRx="0.55558218" lbRx="0.555583055" />
<p fId="1" fbTx="0.555583055" lbTx="0.55558393" tId="4" fbRx="0.555583055" lbRx="0.55558393" />
<p fId="3" fbTx="0.555682096" lbTx="0.55568218" tId="0" fbRx="0.565682096" lbRx="0.56568218" />
<p fId="0" fbTx="0.55568218" lbTx="0.555683055" tId="1" fbRx="0.55568218" lbRx="0.555683055" />
<p fId="1" fbTx="0.555683055" lbTx="0.55568393" tId="4" fbRx="0.555683055" lbRx="0.55568393" />
<p fId="3" fbTx="0.555782096" lbTx="0.55578218" tId="0" fbRx="0.565782096" lbRx="0.56578218" />
<p fId="0" fbTx="0.55578218" lbTx="0.555783055" tId="1" fbRx="0.55578218" lbRx="0.555783055" />
<p fId="1" fbTx="0.555783055" lbTx="0.55578393" tId="4" fbRx="0.555783055" lbRx="0.55578393" />
<p fId="3" fbTx="0.555882096" lbTx="0.55588218" tId="0" fbRx="0.565882096" lbRx="0.56588218" />
<p fId="0" fbTx="0.55588218" lbTx="0.555883055" tId="1" fbRx="0.55588218" lbRx="0.555883055" />
<p fId="1" fbTx="0.555883055" lbTx="0.55588393" tId="4" fbRx="0.555883055" lbRx="0.55588393" />
<p fId="3" fbTx="0.555982096" lbTx="0.55598218" tId="0" fbRx="0.565982096" lbRx="0.56598218" />
<p fId="0" fbTx="0.55598218" lbTx="0.555983055" tId="1" fbRx="0.55598218" lbRx="0.555983055" />
<p fId="1" fbTx="0.555983055" lbTx="0.55598393" tId="4" fbRx="0.555983055" lbRx="0.55598393" />
<p fId="3" fbTx="0.556082096" lbTx="0.55608218" tId="0" fbRx="0.566082096" lbRx="0.56608218" />
<p fId="0" fbTx="0.55608218" lbTx="0.556083055" tId="1" fbRx="0.55608218" lbRx="0.556083055" />
<p fId="1" fbTx="0.556083055" lbTx="0.55608393" tId="4" fbRx="0.556083055" lbRx="0.55608393" />
<p fId="3" fbTx="0.556182096" lbTx="0.55618218" tId="0" fbRx="0.566182096" lbRx="0.56618218" />
<p fId="0" fbTx="0.55618218" lbTx="0.556183055" tId="1" fbRx="0.55618218" lbRx="0.556183055" />
<p fId="1" fbTx="0.556183055" lbTx="0.55618393" tId="4" fbRx="0.556183055" lbRx="0.55618393" />
<pr uId="534" fId="4" fbTx="0.556214286" />
<wpr uId="534" tId="5" fbRx="0.556214286" lbRx="0" />
<wpr uId="534" tId="6" fbRx="0.556214286" lbRx="0" />
<p fId="3" fbTx="0.556282096" lbTx="0.55628218" tId="0" fbRx="0.566282096" lbRx="0.56628218" />
<p fId="0" fbTx="0.55628218" lbTx="0.556283055" tId="1" fbRx="0.55628218" lbRx="0.556283055" />
<p fId="1" fbTx="0.556283055" lbTx="0.55628393" tId="4" fbRx="0.556283055" lbRx="0.55628393" />
<p fId="3" fbTx="0.556382096" lbTx="0.55638218" tId="0" fbRx="0.566382096" lbRx="0.56638218" />
<p fId="0" fbTx="0.55638218" lbTx="0.556383055" tId="1" fbRx="0.55638218" lbRx="0.556383055" />
<p fId="1" fbTx="0.556383055" lbTx="0.55638393" tId="4" fbRx="0.556383055" lbRx="0.55638393" />
<p fId="3" fbTx="0.556482096" lbTx="0.55648218" tId="0" fbRx="0.566482096" lbRx="0.56648218" />
<p fId="0" fbTx="0.55648218" lbTx="0.556483055" tId="1" fbRx="0.55648218" lbRx="0.556483055" />
<p fId="1" fbTx="0.556483055" lbTx="0.55648393" tId="4" fbRx="0.556483055" lbRx="0.55648393" />
<p fId="3" fbTx="0.556582096" lbTx="0.55658218" tId="0" fbRx="0.566582096" lbRx="0.56658218" />
<p fId="0" fbTx="0.55658218" lbTx="0.556583055" tId="1" fbRx="0.55658218" lbRx="0.556583055" />
<p fId="1" fbTx="0.556583055" lbTx="0.55658393" tId="4" fbRx="0.556583055" lbRx="0.55658393" />
<p fId="3" fbTx="0.556682096" lbTx="0.55668218" tId="0" fbRx="0.566682096" lbRx="0.56668218" />
<p fId="0" fbTx="0.55668218" lbTx="0.556683055" tId="1" fbRx="0.55668218" lbRx="0.556683055" />
<p fId="1" fbTx="0.556683055" lbTx="0.55668393" tId="4" fbRx="0.556683055" lbRx="0.55668393" />
<p fId="3" fbTx="0.556782096" lbTx="0.55678218" tId="0" fbRx="0.566782096" lbRx="0.56678218" />
<p fId="0" fbTx="0.55678218" lbTx="0.556783055" tId="1" fbRx="0.55678218" lbRx="0.556783055" />
<p fId="1" fbTx="0.556783055" lbTx="0.55678393" tId="4" fbRx="0.556783055" lbRx="0.55678393" />
<p fId="3" fbTx="0.556882096" lbTx="0.55688218" tId="0" fbRx="0.566882096" lbRx="0.56688218" />
<p fId="0" fbTx="0.55688218" lbTx="0.556883055" tId="1" fbRx="0.55688218" lbRx="0.556883055" />
<p fId="1" fbTx="0.556883055" lbTx="0.55688393" tId="4" fbRx="0.556883055" lbRx="0.55688393" />
<p fId="3" fbTx="0.556982096" lbTx="0.55698218" tId="0" fbRx="0.566982096" lbRx="0.56698218" />
<p fId="0" fbTx="0.55698218" lbTx="0.556983055" tId="1" fbRx="0.55698218" lbRx="0.556983055" />
<p fId="1" fbTx="0.556983055" lbTx="0.55698393" tId="4" fbRx="0.556983055" lbRx="0.55698393" />
<p fId="3" fbTx="0.557082096" lbTx="0.55708218" tId="0" fbRx="0.567082096" lbRx="0.56708218" />
<p fId="0" fbTx="0.55708218" lbTx="0.557083055" tId="1" fbRx="0.55708218" lbRx="0.557083055" />
<p fId="1" fbTx="0.557083055" lbTx="0.55708393" tId="4" fbRx="0.557083055" lbRx="0.55708393" />
<p fId="3" fbTx="0.557182096" lbTx="0.55718218" tId="0" fbRx="0.567182096" lbRx="0.56718218" />
<p fId="0" fbTx="0.55718218" lbTx="0.557183055" tId="1" fbRx="0.55718218" lbRx="0.557183055" />
<p fId="1" fbTx="0.557183055" lbTx="0.55718393" tId="4" fbRx="0.557183055" lbRx="0.55718393" />
<pr uId="535" fId="4" fbTx="0.557214286" />
<wpr uId="535" tId="5" fbRx="0.557214286" lbRx="0" />
<wpr uId="535" tId="6" fbRx="0.557214286" lbRx="0" />
<p fId="3" fbTx="0.557282096" lbTx="0.55728218" tId="0" fbRx="0.567282096" lbRx="0.56728218" />
<p fId="0" fbTx="0.55728218" lbTx="0.557283055" tId="1" fbRx="0.55728218" lbRx="0.557283055" />
<p fId="1" fbTx="0.557283055" lbTx="0.55728393" tId="4" fbRx="0.557283055" lbRx="0.55728393" />
<p fId="3" fbTx="0.557382096" lbTx="0.55738218" tId="0" fbRx="0.567382096" lbRx="0.56738218" />
<p fId="0" fbTx="0.55738218" lbTx="0.557383055" tId="1" fbRx="0.55738218" lbRx="0.557383055" />
<p fId="1" fbTx="0.557383055" lbTx="0.55738393" tId="4" fbRx="0.557383055" lbRx="0.55738393" />
<p fId="3" fbTx="0.557482096" lbTx="0.55748218" tId="0" fbRx="0.567482096" lbRx="0.56748218" />
<p fId="0" fbTx="0.55748218" lbTx="0.557483055" tId="1" fbRx="0.55748218" lbRx="0.557483055" />
<p fId="1" fbTx="0.557483055" lbTx="0.55748393" tId="4" fbRx="0.557483055" lbRx="0.55748393" />
<p fId="3" fbTx="0.557582096" lbTx="0.55758218" tId="0" fbRx="0.567582096" lbRx="0.56758218" />
<p fId="0" fbTx="0.55758218" lbTx="0.557583055" tId="1" fbRx="0.55758218" lbRx="0.557583055" />
<p fId="1" fbTx="0.557583055" lbTx="0.55758393" tId="4" fbRx="0.557583055" lbRx="0.55758393" />
<p fId="3" fbTx="0.557682096" lbTx="0.55768218" tId="0" fbRx="0.567682096" lbRx="0.56768218" />
<p fId="0" fbTx="0.55768218" lbTx="0.557683055" tId="1" fbRx="0.55768218" lbRx="0.557683055" />
<p fId="1" fbTx="0.557683055" lbTx="0.55768393" tId="4" fbRx="0.557683055" lbRx="0.55768393" />
<p fId="3" fbTx="0.557782096" lbTx="0.55778218" tId="0" fbRx="0.567782096" lbRx="0.56778218" />
<p fId="0" fbTx="0.55778218" lbTx="0.557783055" tId="1" fbRx="0.55778218" lbRx="0.557783055" />
<p fId="1" fbTx="0.557783055" lbTx="0.55778393" tId="4" fbRx="0.557783055" lbRx="0.55778393" />
<p fId="3" fbTx="0.557882096" lbTx="0.55788218" tId="0" fbRx="0.567882096" lbRx="0.56788218" />
<p fId="0" fbTx="0.55788218" lbTx="0.557883055" tId="1" fbRx="0.55788218" lbRx="0.557883055" />
<p fId="1" fbTx="0.557883055" lbTx="0.55788393" tId="4" fbRx="0.557883055" lbRx="0.55788393" />
<p fId="3" fbTx="0.557982096" lbTx="0.55798218" tId="0" fbRx="0.567982096" lbRx="0.56798218" />
<p fId="0" fbTx="0.55798218" lbTx="0.557983055" tId="1" fbRx="0.55798218" lbRx="0.557983055" />
<p fId="1" fbTx="0.557983055" lbTx="0.55798393" tId="4" fbRx="0.557983055" lbRx="0.55798393" />
<p fId="3" fbTx="0.558082096" lbTx="0.55808218" tId="0" fbRx="0.568082096" lbRx="0.56808218" />
<p fId="0" fbTx="0.55808218" lbTx="0.558083055" tId="1" fbRx="0.55808218" lbRx="0.558083055" />
<p fId="1" fbTx="0.558083055" lbTx="0.55808393" tId="4" fbRx="0.558083055" lbRx="0.55808393" />
<p fId="3" fbTx="0.558182096" lbTx="0.55818218" tId="0" fbRx="0.568182096" lbRx="0.56818218" />
<p fId="0" fbTx="0.55818218" lbTx="0.558183055" tId="1" fbRx="0.55818218" lbRx="0.558183055" />
<p fId="1" fbTx="0.558183055" lbTx="0.55818393" tId="4" fbRx="0.558183055" lbRx="0.55818393" />
<pr uId="536" fId="4" fbTx="0.558214286" />
<wpr uId="536" tId="5" fbRx="0.558214286" lbRx="0" />
<wpr uId="536" tId="6" fbRx="0.558214286" lbRx="0" />
<p fId="3" fbTx="0.558282096" lbTx="0.55828218" tId="0" fbRx="0.568282096" lbRx="0.56828218" />
<p fId="0" fbTx="0.55828218" lbTx="0.558283055" tId="1" fbRx="0.55828218" lbRx="0.558283055" />
<p fId="1" fbTx="0.558283055" lbTx="0.55828393" tId="4" fbRx="0.558283055" lbRx="0.55828393" />
<p fId="3" fbTx="0.558382096" lbTx="0.55838218" tId="0" fbRx="0.568382096" lbRx="0.56838218" />
<p fId="0" fbTx="0.55838218" lbTx="0.558383055" tId="1" fbRx="0.55838218" lbRx="0.558383055" />
<p fId="1" fbTx="0.558383055" lbTx="0.55838393" tId="4" fbRx="0.558383055" lbRx="0.55838393" />
<p fId="3" fbTx="0.558482096" lbTx="0.55848218" tId="0" fbRx="0.568482096" lbRx="0.56848218" />
<p fId="0" fbTx="0.55848218" lbTx="0.558483055" tId="1" fbRx="0.55848218" lbRx="0.558483055" />
<p fId="1" fbTx="0.558483055" lbTx="0.55848393" tId="4" fbRx="0.558483055" lbRx="0.55848393" />
<p fId="3" fbTx="0.558582096" lbTx="0.55858218" tId="0" fbRx="0.568582096" lbRx="0.56858218" />
<p fId="0" fbTx="0.55858218" lbTx="0.558583055" tId="1" fbRx="0.55858218" lbRx="0.558583055" />
<p fId="1" fbTx="0.558583055" lbTx="0.55858393" tId="4" fbRx="0.558583055" lbRx="0.55858393" />
<p fId="3" fbTx="0.558682096" lbTx="0.55868218" tId="0" fbRx="0.568682096" lbRx="0.56868218" />
<p fId="0" fbTx="0.55868218" lbTx="0.558683055" tId="1" fbRx="0.55868218" lbRx="0.558683055" />
<p fId="1" fbTx="0.558683055" lbTx="0.55868393" tId="4" fbRx="0.558683055" lbRx="0.55868393" />
<p fId="3" fbTx="0.558782096" lbTx="0.55878218" tId="0" fbRx="0.568782096" lbRx="0.56878218" />
<p fId="0" fbTx="0.55878218" lbTx="0.558783055" tId="1" fbRx="0.55878218" lbRx="0.558783055" />
<p fId="1" fbTx="0.558783055" lbTx="0.55878393" tId="4" fbRx="0.558783055" lbRx="0.55878393" />
<p fId="3" fbTx="0.558882096" lbTx="0.55888218" tId="0" fbRx="0.568882096" lbRx="0.56888218" />
<p fId="0" fbTx="0.55888218" lbTx="0.558883055" tId="1" fbRx="0.55888218" lbRx="0.558883055" />
<p fId="1" fbTx="0.558883055" lbTx="0.55888393" tId="4" fbRx="0.558883055" lbRx="0.55888393" />
<p fId="3" fbTx="0.558982096" lbTx="0.55898218" tId="0" fbRx="0.568982096" lbRx="0.56898218" />
<p fId="0" fbTx="0.55898218" lbTx="0.558983055" tId="1" fbRx="0.55898218" lbRx="0.558983055" />
<p fId="1" fbTx="0.558983055" lbTx="0.55898393" tId="4" fbRx="0.558983055" lbRx="0.55898393" />
<p fId="3" fbTx="0.559082096" lbTx="0.55908218" tId="0" fbRx="0.569082096" lbRx="0.56908218" />
<p fId="0" fbTx="0.55908218" lbTx="0.559083055" tId="1" fbRx="0.55908218" lbRx="0.559083055" />
<p fId="1" fbTx="0.559083055" lbTx="0.55908393" tId="4" fbRx="0.559083055" lbRx="0.55908393" />
<p fId="3" fbTx="0.559182096" lbTx="0.55918218" tId="0" fbRx="0.569182096" lbRx="0.56918218" />
<p fId="0" fbTx="0.55918218" lbTx="0.559183055" tId="1" fbRx="0.55918218" lbRx="0.559183055" />
<p fId="1" fbTx="0.559183055" lbTx="0.55918393" tId="4" fbRx="0.559183055" lbRx="0.55918393" />
<pr uId="537" fId="4" fbTx="0.559214286" />
<wpr uId="537" tId="5" fbRx="0.559214286" lbRx="0" />
<wpr uId="537" tId="6" fbRx="0.559214286" lbRx="0" />
<p fId="3" fbTx="0.559282096" lbTx="0.55928218" tId="0" fbRx="0.569282096" lbRx="0.56928218" />
<p fId="0" fbTx="0.55928218" lbTx="0.559283055" tId="1" fbRx="0.55928218" lbRx="0.559283055" />
<p fId="1" fbTx="0.559283055" lbTx="0.55928393" tId="4" fbRx="0.559283055" lbRx="0.55928393" />
<p fId="3" fbTx="0.559382096" lbTx="0.55938218" tId="0" fbRx="0.569382096" lbRx="0.56938218" />
<p fId="0" fbTx="0.55938218" lbTx="0.559383055" tId="1" fbRx="0.55938218" lbRx="0.559383055" />
<p fId="1" fbTx="0.559383055" lbTx="0.55938393" tId="4" fbRx="0.559383055" lbRx="0.55938393" />
<p fId="3" fbTx="0.559482096" lbTx="0.55948218" tId="0" fbRx="0.569482096" lbRx="0.56948218" />
<p fId="0" fbTx="0.55948218" lbTx="0.559483055" tId="1" fbRx="0.55948218" lbRx="0.559483055" />
<p fId="1" fbTx="0.559483055" lbTx="0.55948393" tId="4" fbRx="0.559483055" lbRx="0.55948393" />
<p fId="3" fbTx="0.559582096" lbTx="0.55958218" tId="0" fbRx="0.569582096" lbRx="0.56958218" />
<p fId="0" fbTx="0.55958218" lbTx="0.559583055" tId="1" fbRx="0.55958218" lbRx="0.559583055" />
<p fId="1" fbTx="0.559583055" lbTx="0.55958393" tId="4" fbRx="0.559583055" lbRx="0.55958393" />
<p fId="3" fbTx="0.559682096" lbTx="0.55968218" tId="0" fbRx="0.569682096" lbRx="0.56968218" />
<p fId="0" fbTx="0.55968218" lbTx="0.559683055" tId="1" fbRx="0.55968218" lbRx="0.559683055" />
<p fId="1" fbTx="0.559683055" lbTx="0.55968393" tId="4" fbRx="0.559683055" lbRx="0.55968393" />
<p fId="3" fbTx="0.559782096" lbTx="0.55978218" tId="0" fbRx="0.569782096" lbRx="0.56978218" />
<p fId="0" fbTx="0.55978218" lbTx="0.559783055" tId="1" fbRx="0.55978218" lbRx="0.559783055" />
<p fId="1" fbTx="0.559783055" lbTx="0.55978393" tId="4" fbRx="0.559783055" lbRx="0.55978393" />
<p fId="3" fbTx="0.559882096" lbTx="0.55988218" tId="0" fbRx="0.569882096" lbRx="0.56988218" />
<p fId="0" fbTx="0.55988218" lbTx="0.559883055" tId="1" fbRx="0.55988218" lbRx="0.559883055" />
<p fId="1" fbTx="0.559883055" lbTx="0.55988393" tId="4" fbRx="0.559883055" lbRx="0.55988393" />
<p fId="3" fbTx="0.559982096" lbTx="0.55998218" tId="0" fbRx="0.569982096" lbRx="0.56998218" />
<p fId="0" fbTx="0.55998218" lbTx="0.559983055" tId="1" fbRx="0.55998218" lbRx="0.559983055" />
<p fId="1" fbTx="0.559983055" lbTx="0.55998393" tId="4" fbRx="0.559983055" lbRx="0.55998393" />
<p fId="3" fbTx="0.560082096" lbTx="0.56008218" tId="0" fbRx="0.570082096" lbRx="0.57008218" />
<p fId="0" fbTx="0.56008218" lbTx="0.560083055" tId="1" fbRx="0.56008218" lbRx="0.560083055" />
<p fId="1" fbTx="0.560083055" lbTx="0.56008393" tId="4" fbRx="0.560083055" lbRx="0.56008393" />
<p fId="3" fbTx="0.560182096" lbTx="0.56018218" tId="0" fbRx="0.570182096" lbRx="0.57018218" />
<p fId="0" fbTx="0.56018218" lbTx="0.560183055" tId="1" fbRx="0.56018218" lbRx="0.560183055" />
<p fId="1" fbTx="0.560183055" lbTx="0.56018393" tId="4" fbRx="0.560183055" lbRx="0.56018393" />
<pr uId="538" fId="4" fbTx="0.560214286" />
<wpr uId="538" tId="5" fbRx="0.560214286" lbRx="0" />
<wpr uId="538" tId="6" fbRx="0.560214286" lbRx="0" />
<p fId="3" fbTx="0.560282096" lbTx="0.56028218" tId="0" fbRx="0.570282096" lbRx="0.57028218" />
<p fId="0" fbTx="0.56028218" lbTx="0.560283055" tId="1" fbRx="0.56028218" lbRx="0.560283055" />
<p fId="1" fbTx="0.560283055" lbTx="0.56028393" tId="4" fbRx="0.560283055" lbRx="0.56028393" />
<p fId="3" fbTx="0.560382096" lbTx="0.56038218" tId="0" fbRx="0.570382096" lbRx="0.57038218" />
<p fId="0" fbTx="0.56038218" lbTx="0.560383055" tId="1" fbRx="0.56038218" lbRx="0.560383055" />
<p fId="1" fbTx="0.560383055" lbTx="0.56038393" tId="4" fbRx="0.560383055" lbRx="0.56038393" />
<p fId="3" fbTx="0.560482096" lbTx="0.56048218" tId="0" fbRx="0.570482096" lbRx="0.57048218" />
<p fId="0" fbTx="0.56048218" lbTx="0.560483055" tId="1" fbRx="0.56048218" lbRx="0.560483055" />
<p fId="1" fbTx="0.560483055" lbTx="0.56048393" tId="4" fbRx="0.560483055" lbRx="0.56048393" />
<p fId="3" fbTx="0.560582096" lbTx="0.56058218" tId="0" fbRx="0.570582096" lbRx="0.57058218" />
<p fId="0" fbTx="0.56058218" lbTx="0.560583055" tId="1" fbRx="0.56058218" lbRx="0.560583055" />
<p fId="1" fbTx="0.560583055" lbTx="0.56058393" tId="4" fbRx="0.560583055" lbRx="0.56058393" />
<p fId="3" fbTx="0.560682096" lbTx="0.56068218" tId="0" fbRx="0.570682096" lbRx="0.57068218" />
<p fId="0" fbTx="0.56068218" lbTx="0.560683055" tId="1" fbRx="0.56068218" lbRx="0.560683055" />
<p fId="1" fbTx="0.560683055" lbTx="0.56068393" tId="4" fbRx="0.560683055" lbRx="0.56068393" />
<p fId="3" fbTx="0.560782096" lbTx="0.56078218" tId="0" fbRx="0.570782096" lbRx="0.57078218" />
<p fId="0" fbTx="0.56078218" lbTx="0.560783055" tId="1" fbRx="0.56078218" lbRx="0.560783055" />
<p fId="1" fbTx="0.560783055" lbTx="0.56078393" tId="4" fbRx="0.560783055" lbRx="0.56078393" />
<p fId="3" fbTx="0.560882096" lbTx="0.56088218" tId="0" fbRx="0.570882096" lbRx="0.57088218" />
<p fId="0" fbTx="0.56088218" lbTx="0.560883055" tId="1" fbRx="0.56088218" lbRx="0.560883055" />
<p fId="1" fbTx="0.560883055" lbTx="0.56088393" tId="4" fbRx="0.560883055" lbRx="0.56088393" />
<p fId="3" fbTx="0.560982096" lbTx="0.56098218" tId="0" fbRx="0.570982096" lbRx="0.57098218" />
<p fId="0" fbTx="0.56098218" lbTx="0.560983055" tId="1" fbRx="0.56098218" lbRx="0.560983055" />
<p fId="1" fbTx="0.560983055" lbTx="0.56098393" tId="4" fbRx="0.560983055" lbRx="0.56098393" />
<p fId="3" fbTx="0.561082096" lbTx="0.56108218" tId="0" fbRx="0.571082096" lbRx="0.57108218" />
<p fId="0" fbTx="0.56108218" lbTx="0.561083055" tId="1" fbRx="0.56108218" lbRx="0.561083055" />
<p fId="1" fbTx="0.561083055" lbTx="0.56108393" tId="4" fbRx="0.561083055" lbRx="0.56108393" />
<p fId="3" fbTx="0.561182096" lbTx="0.56118218" tId="0" fbRx="0.571182096" lbRx="0.57118218" />
<p fId="0" fbTx="0.56118218" lbTx="0.561183055" tId="1" fbRx="0.56118218" lbRx="0.561183055" />
<p fId="1" fbTx="0.561183055" lbTx="0.56118393" tId="4" fbRx="0.561183055" lbRx="0.56118393" />
<pr uId="539" fId="4" fbTx="0.561214286" />
<wpr uId="539" tId="5" fbRx="0.561214286" lbRx="0" />
<wpr uId="539" tId="6" fbRx="0.561214286" lbRx="0" />
<p fId="3" fbTx="0.561282096" lbTx="0.56128218" tId="0" fbRx="0.571282096" lbRx="0.57128218" />
<p fId="0" fbTx="0.56128218" lbTx="0.561283055" tId="1" fbRx="0.56128218" lbRx="0.561283055" />
<p fId="1" fbTx="0.561283055" lbTx="0.56128393" tId="4" fbRx="0.561283055" lbRx="0.56128393" />
<p fId="3" fbTx="0.561382096" lbTx="0.56138218" tId="0" fbRx="0.571382096" lbRx="0.57138218" />
<p fId="0" fbTx="0.56138218" lbTx="0.561383055" tId="1" fbRx="0.56138218" lbRx="0.561383055" />
<p fId="1" fbTx="0.561383055" lbTx="0.56138393" tId="4" fbRx="0.561383055" lbRx="0.56138393" />
<p fId="3" fbTx="0.561482096" lbTx="0.56148218" tId="0" fbRx="0.571482096" lbRx="0.57148218" />
<p fId="0" fbTx="0.56148218" lbTx="0.561483055" tId="1" fbRx="0.56148218" lbRx="0.561483055" />
<p fId="1" fbTx="0.561483055" lbTx="0.56148393" tId="4" fbRx="0.561483055" lbRx="0.56148393" />
<p fId="3" fbTx="0.561582096" lbTx="0.56158218" tId="0" fbRx="0.571582096" lbRx="0.57158218" />
<p fId="0" fbTx="0.56158218" lbTx="0.561583055" tId="1" fbRx="0.56158218" lbRx="0.561583055" />
<p fId="1" fbTx="0.561583055" lbTx="0.56158393" tId="4" fbRx="0.561583055" lbRx="0.56158393" />
<p fId="3" fbTx="0.561682096" lbTx="0.56168218" tId="0" fbRx="0.571682096" lbRx="0.57168218" />
<p fId="0" fbTx="0.56168218" lbTx="0.561683055" tId="1" fbRx="0.56168218" lbRx="0.561683055" />
<p fId="1" fbTx="0.561683055" lbTx="0.56168393" tId="4" fbRx="0.561683055" lbRx="0.56168393" />
<p fId="3" fbTx="0.561782096" lbTx="0.56178218" tId="0" fbRx="0.571782096" lbRx="0.57178218" />
<p fId="0" fbTx="0.56178218" lbTx="0.561783055" tId="1" fbRx="0.56178218" lbRx="0.561783055" />
<p fId="1" fbTx="0.561783055" lbTx="0.56178393" tId="4" fbRx="0.561783055" lbRx="0.56178393" />
<p fId="3" fbTx="0.561882096" lbTx="0.56188218" tId="0" fbRx="0.571882096" lbRx="0.57188218" />
<p fId="0" fbTx="0.56188218" lbTx="0.561883055" tId="1" fbRx="0.56188218" lbRx="0.561883055" />
<p fId="1" fbTx="0.561883055" lbTx="0.56188393" tId="4" fbRx="0.561883055" lbRx="0.56188393" />
<p fId="3" fbTx="0.561982096" lbTx="0.56198218" tId="0" fbRx="0.571982096" lbRx="0.57198218" />
<p fId="0" fbTx="0.56198218" lbTx="0.561983055" tId="1" fbRx="0.56198218" lbRx="0.561983055" />
<p fId="1" fbTx="0.561983055" lbTx="0.56198393" tId="4" fbRx="0.561983055" lbRx="0.56198393" />
<p fId="3" fbTx="0.562082096" lbTx="0.56208218" tId="0" fbRx="0.572082096" lbRx="0.57208218" />
<p fId="0" fbTx="0.56208218" lbTx="0.562083055" tId="1" fbRx="0.56208218" lbRx="0.562083055" />
<p fId="1" fbTx="0.562083055" lbTx="0.56208393" tId="4" fbRx="0.562083055" lbRx="0.56208393" />
<p fId="3" fbTx="0.562182096" lbTx="0.56218218" tId="0" fbRx="0.572182096" lbRx="0.57218218" />
<p fId="0" fbTx="0.56218218" lbTx="0.562183055" tId="1" fbRx="0.56218218" lbRx="0.562183055" />
<p fId="1" fbTx="0.562183055" lbTx="0.56218393" tId="4" fbRx="0.562183055" lbRx="0.56218393" />
<pr uId="540" fId="4" fbTx="0.562214286" />
<wpr uId="540" tId="5" fbRx="0.562214286" lbRx="0" />
<wpr uId="540" tId="6" fbRx="0.562214286" lbRx="0" />
<p fId="3" fbTx="0.562282096" lbTx="0.56228218" tId="0" fbRx="0.572282096" lbRx="0.57228218" />
<p fId="0" fbTx="0.56228218" lbTx="0.562283055" tId="1" fbRx="0.56228218" lbRx="0.562283055" />
<p fId="1" fbTx="0.562283055" lbTx="0.56228393" tId="4" fbRx="0.562283055" lbRx="0.56228393" />
<p fId="3" fbTx="0.562382096" lbTx="0.56238218" tId="0" fbRx="0.572382096" lbRx="0.57238218" />
<p fId="0" fbTx="0.56238218" lbTx="0.562383055" tId="1" fbRx="0.56238218" lbRx="0.562383055" />
<p fId="1" fbTx="0.562383055" lbTx="0.56238393" tId="4" fbRx="0.562383055" lbRx="0.56238393" />
<p fId="3" fbTx="0.562482096" lbTx="0.56248218" tId="0" fbRx="0.572482096" lbRx="0.57248218" />
<p fId="0" fbTx="0.56248218" lbTx="0.562483055" tId="1" fbRx="0.56248218" lbRx="0.562483055" />
<p fId="1" fbTx="0.562483055" lbTx="0.56248393" tId="4" fbRx="0.562483055" lbRx="0.56248393" />
<p fId="3" fbTx="0.562582096" lbTx="0.56258218" tId="0" fbRx="0.572582096" lbRx="0.57258218" />
<p fId="0" fbTx="0.56258218" lbTx="0.562583055" tId="1" fbRx="0.56258218" lbRx="0.562583055" />
<p fId="1" fbTx="0.562583055" lbTx="0.56258393" tId="4" fbRx="0.562583055" lbRx="0.56258393" />
<p fId="3" fbTx="0.562682096" lbTx="0.56268218" tId="0" fbRx="0.572682096" lbRx="0.57268218" />
<p fId="0" fbTx="0.56268218" lbTx="0.562683055" tId="1" fbRx="0.56268218" lbRx="0.562683055" />
<p fId="1" fbTx="0.562683055" lbTx="0.56268393" tId="4" fbRx="0.562683055" lbRx="0.56268393" />
<p fId="3" fbTx="0.562782096" lbTx="0.56278218" tId="0" fbRx="0.572782096" lbRx="0.57278218" />
<p fId="0" fbTx="0.56278218" lbTx="0.562783055" tId="1" fbRx="0.56278218" lbRx="0.562783055" />
<p fId="1" fbTx="0.562783055" lbTx="0.56278393" tId="4" fbRx="0.562783055" lbRx="0.56278393" />
<p fId="3" fbTx="0.562882096" lbTx="0.56288218" tId="0" fbRx="0.572882096" lbRx="0.57288218" />
<p fId="0" fbTx="0.56288218" lbTx="0.562883055" tId="1" fbRx="0.56288218" lbRx="0.562883055" />
<p fId="1" fbTx="0.562883055" lbTx="0.56288393" tId="4" fbRx="0.562883055" lbRx="0.56288393" />
<p fId="3" fbTx="0.562982096" lbTx="0.56298218" tId="0" fbRx="0.572982096" lbRx="0.57298218" />
<p fId="0" fbTx="0.56298218" lbTx="0.562983055" tId="1" fbRx="0.56298218" lbRx="0.562983055" />
<p fId="1" fbTx="0.562983055" lbTx="0.56298393" tId="4" fbRx="0.562983055" lbRx="0.56298393" />
<p fId="3" fbTx="0.563082096" lbTx="0.56308218" tId="0" fbRx="0.573082096" lbRx="0.57308218" />
<p fId="0" fbTx="0.56308218" lbTx="0.563083055" tId="1" fbRx="0.56308218" lbRx="0.563083055" />
<p fId="1" fbTx="0.563083055" lbTx="0.56308393" tId="4" fbRx="0.563083055" lbRx="0.56308393" />
<p fId="3" fbTx="0.563182096" lbTx="0.56318218" tId="0" fbRx="0.573182096" lbRx="0.57318218" />
<p fId="0" fbTx="0.56318218" lbTx="0.563183055" tId="1" fbRx="0.56318218" lbRx="0.563183055" />
<p fId="1" fbTx="0.563183055" lbTx="0.56318393" tId="4" fbRx="0.563183055" lbRx="0.56318393" />
<pr uId="541" fId="4" fbTx="0.563214286" />
<wpr uId="541" tId="5" fbRx="0.563214286" lbRx="0" />
<wpr uId="541" tId="6" fbRx="0.563214286" lbRx="0" />
<p fId="3" fbTx="0.563282096" lbTx="0.56328218" tId="0" fbRx="0.573282096" lbRx="0.57328218" />
<p fId="0" fbTx="0.56328218" lbTx="0.563283055" tId="1" fbRx="0.56328218" lbRx="0.563283055" />
<p fId="1" fbTx="0.563283055" lbTx="0.56328393" tId="4" fbRx="0.563283055" lbRx="0.56328393" />
<p fId="3" fbTx="0.563382096" lbTx="0.56338218" tId="0" fbRx="0.573382096" lbRx="0.57338218" />
<p fId="0" fbTx="0.56338218" lbTx="0.563383055" tId="1" fbRx="0.56338218" lbRx="0.563383055" />
<p fId="1" fbTx="0.563383055" lbTx="0.56338393" tId="4" fbRx="0.563383055" lbRx="0.56338393" />
<p fId="3" fbTx="0.563482096" lbTx="0.56348218" tId="0" fbRx="0.573482096" lbRx="0.57348218" />
<p fId="0" fbTx="0.56348218" lbTx="0.563483055" tId="1" fbRx="0.56348218" lbRx="0.563483055" />
<p fId="1" fbTx="0.563483055" lbTx="0.56348393" tId="4" fbRx="0.563483055" lbRx="0.56348393" />
<p fId="3" fbTx="0.563582096" lbTx="0.56358218" tId="0" fbRx="0.573582096" lbRx="0.57358218" />
<p fId="0" fbTx="0.56358218" lbTx="0.563583055" tId="1" fbRx="0.56358218" lbRx="0.563583055" />
<p fId="1" fbTx="0.563583055" lbTx="0.56358393" tId="4" fbRx="0.563583055" lbRx="0.56358393" />
<p fId="3" fbTx="0.563682096" lbTx="0.56368218" tId="0" fbRx="0.573682096" lbRx="0.57368218" />
<p fId="0" fbTx="0.56368218" lbTx="0.563683055" tId="1" fbRx="0.56368218" lbRx="0.563683055" />
<p fId="1" fbTx="0.563683055" lbTx="0.56368393" tId="4" fbRx="0.563683055" lbRx="0.56368393" />
<p fId="3" fbTx="0.563782096" lbTx="0.56378218" tId="0" fbRx="0.573782096" lbRx="0.57378218" />
<p fId="0" fbTx="0.56378218" lbTx="0.563783055" tId="1" fbRx="0.56378218" lbRx="0.563783055" />
<p fId="1" fbTx="0.563783055" lbTx="0.56378393" tId="4" fbRx="0.563783055" lbRx="0.56378393" />
<p fId="3" fbTx="0.563882096" lbTx="0.56388218" tId="0" fbRx="0.573882096" lbRx="0.57388218" />
<p fId="0" fbTx="0.56388218" lbTx="0.563883055" tId="1" fbRx="0.56388218" lbRx="0.563883055" />
<p fId="1" fbTx="0.563883055" lbTx="0.56388393" tId="4" fbRx="0.563883055" lbRx="0.56388393" />
<p fId="3" fbTx="0.563982096" lbTx="0.56398218" tId="0" fbRx="0.573982096" lbRx="0.57398218" />
<p fId="0" fbTx="0.56398218" lbTx="0.563983055" tId="1" fbRx="0.56398218" lbRx="0.563983055" />
<p fId="1" fbTx="0.563983055" lbTx="0.56398393" tId="4" fbRx="0.563983055" lbRx="0.56398393" />
<p fId="3" fbTx="0.564082096" lbTx="0.56408218" tId="0" fbRx="0.574082096" lbRx="0.57408218" />
<p fId="0" fbTx="0.56408218" lbTx="0.564083055" tId="1" fbRx="0.56408218" lbRx="0.564083055" />
<p fId="1" fbTx="0.564083055" lbTx="0.56408393" tId="4" fbRx="0.564083055" lbRx="0.56408393" />
<p fId="3" fbTx="0.564182096" lbTx="0.56418218" tId="0" fbRx="0.574182096" lbRx="0.57418218" />
<p fId="0" fbTx="0.56418218" lbTx="0.564183055" tId="1" fbRx="0.56418218" lbRx="0.564183055" />
<p fId="1" fbTx="0.564183055" lbTx="0.56418393" tId="4" fbRx="0.564183055" lbRx="0.56418393" />
<pr uId="542" fId="4" fbTx="0.564214286" />
<wpr uId="542" tId="5" fbRx="0.564214286" lbRx="0" />
<wpr uId="542" tId="6" fbRx="0.564214286" lbRx="0" />
<p fId="3" fbTx="0.564282096" lbTx="0.56428218" tId="0" fbRx="0.574282096" lbRx="0.57428218" />
<p fId="0" fbTx="0.56428218" lbTx="0.564283055" tId="1" fbRx="0.56428218" lbRx="0.564283055" />
<p fId="1" fbTx="0.564283055" lbTx="0.56428393" tId="4" fbRx="0.564283055" lbRx="0.56428393" />
<p fId="3" fbTx="0.564382096" lbTx="0.56438218" tId="0" fbRx="0.574382096" lbRx="0.57438218" />
<p fId="0" fbTx="0.56438218" lbTx="0.564383055" tId="1" fbRx="0.56438218" lbRx="0.564383055" />
<p fId="1" fbTx="0.564383055" lbTx="0.56438393" tId="4" fbRx="0.564383055" lbRx="0.56438393" />
<p fId="3" fbTx="0.564482096" lbTx="0.56448218" tId="0" fbRx="0.574482096" lbRx="0.57448218" />
<p fId="0" fbTx="0.56448218" lbTx="0.564483055" tId="1" fbRx="0.56448218" lbRx="0.564483055" />
<p fId="1" fbTx="0.564483055" lbTx="0.56448393" tId="4" fbRx="0.564483055" lbRx="0.56448393" />
<p fId="3" fbTx="0.564582096" lbTx="0.56458218" tId="0" fbRx="0.574582096" lbRx="0.57458218" />
<p fId="0" fbTx="0.56458218" lbTx="0.564583055" tId="1" fbRx="0.56458218" lbRx="0.564583055" />
<p fId="1" fbTx="0.564583055" lbTx="0.56458393" tId="4" fbRx="0.564583055" lbRx="0.56458393" />
<p fId="3" fbTx="0.564682096" lbTx="0.56468218" tId="0" fbRx="0.574682096" lbRx="0.57468218" />
<p fId="0" fbTx="0.56468218" lbTx="0.564683055" tId="1" fbRx="0.56468218" lbRx="0.564683055" />
<p fId="1" fbTx="0.564683055" lbTx="0.56468393" tId="4" fbRx="0.564683055" lbRx="0.56468393" />
<p fId="3" fbTx="0.564782096" lbTx="0.56478218" tId="0" fbRx="0.574782096" lbRx="0.57478218" />
<p fId="0" fbTx="0.56478218" lbTx="0.564783055" tId="1" fbRx="0.56478218" lbRx="0.564783055" />
<p fId="1" fbTx="0.564783055" lbTx="0.56478393" tId="4" fbRx="0.564783055" lbRx="0.56478393" />
<p fId="3" fbTx="0.564882096" lbTx="0.56488218" tId="0" fbRx="0.574882096" lbRx="0.57488218" />
<p fId="0" fbTx="0.56488218" lbTx="0.564883055" tId="1" fbRx="0.56488218" lbRx="0.564883055" />
<p fId="1" fbTx="0.564883055" lbTx="0.56488393" tId="4" fbRx="0.564883055" lbRx="0.56488393" />
<p fId="3" fbTx="0.564982096" lbTx="0.56498218" tId="0" fbRx="0.574982096" lbRx="0.57498218" />
<p fId="0" fbTx="0.56498218" lbTx="0.564983055" tId="1" fbRx="0.56498218" lbRx="0.564983055" />
<p fId="1" fbTx="0.564983055" lbTx="0.56498393" tId="4" fbRx="0.564983055" lbRx="0.56498393" />
<p fId="3" fbTx="0.565082096" lbTx="0.56508218" tId="0" fbRx="0.575082096" lbRx="0.57508218" />
<p fId="0" fbTx="0.56508218" lbTx="0.565083055" tId="1" fbRx="0.56508218" lbRx="0.565083055" />
<p fId="1" fbTx="0.565083055" lbTx="0.56508393" tId="4" fbRx="0.565083055" lbRx="0.56508393" />
<p fId="3" fbTx="0.565182096" lbTx="0.56518218" tId="0" fbRx="0.575182096" lbRx="0.57518218" />
<p fId="0" fbTx="0.56518218" lbTx="0.565183055" tId="1" fbRx="0.56518218" lbRx="0.565183055" />
<p fId="1" fbTx="0.565183055" lbTx="0.56518393" tId="4" fbRx="0.565183055" lbRx="0.56518393" />
<pr uId="543" fId="4" fbTx="0.565214286" />
<wpr uId="543" tId="5" fbRx="0.565214286" lbRx="0" />
<wpr uId="543" tId="6" fbRx="0.565214286" lbRx="0" />
<p fId="3" fbTx="0.565282096" lbTx="0.56528218" tId="0" fbRx="0.575282096" lbRx="0.57528218" />
<p fId="0" fbTx="0.56528218" lbTx="0.565283055" tId="1" fbRx="0.56528218" lbRx="0.565283055" />
<p fId="1" fbTx="0.565283055" lbTx="0.56528393" tId="4" fbRx="0.565283055" lbRx="0.56528393" />
<p fId="3" fbTx="0.565382096" lbTx="0.56538218" tId="0" fbRx="0.575382096" lbRx="0.57538218" />
<p fId="0" fbTx="0.56538218" lbTx="0.565383055" tId="1" fbRx="0.56538218" lbRx="0.565383055" />
<p fId="1" fbTx="0.565383055" lbTx="0.56538393" tId="4" fbRx="0.565383055" lbRx="0.56538393" />
<p fId="3" fbTx="0.565482096" lbTx="0.56548218" tId="0" fbRx="0.575482096" lbRx="0.57548218" />
<p fId="0" fbTx="0.56548218" lbTx="0.565483055" tId="1" fbRx="0.56548218" lbRx="0.565483055" />
<p fId="1" fbTx="0.565483055" lbTx="0.56548393" tId="4" fbRx="0.565483055" lbRx="0.56548393" />
<p fId="3" fbTx="0.565582096" lbTx="0.56558218" tId="0" fbRx="0.575582096" lbRx="0.57558218" />
<p fId="0" fbTx="0.56558218" lbTx="0.565583055" tId="1" fbRx="0.56558218" lbRx="0.565583055" />
<p fId="1" fbTx="0.565583055" lbTx="0.56558393" tId="4" fbRx="0.565583055" lbRx="0.56558393" />
<p fId="3" fbTx="0.565682096" lbTx="0.56568218" tId="0" fbRx="0.575682096" lbRx="0.57568218" />
<p fId="0" fbTx="0.56568218" lbTx="0.565683055" tId="1" fbRx="0.56568218" lbRx="0.565683055" />
<p fId="1" fbTx="0.565683055" lbTx="0.56568393" tId="4" fbRx="0.565683055" lbRx="0.56568393" />
<p fId="3" fbTx="0.565782096" lbTx="0.56578218" tId="0" fbRx="0.575782096" lbRx="0.57578218" />
<p fId="0" fbTx="0.56578218" lbTx="0.565783055" tId="1" fbRx="0.56578218" lbRx="0.565783055" />
<p fId="1" fbTx="0.565783055" lbTx="0.56578393" tId="4" fbRx="0.565783055" lbRx="0.56578393" />
<p fId="3" fbTx="0.565882096" lbTx="0.56588218" tId="0" fbRx="0.575882096" lbRx="0.57588218" />
<p fId="0" fbTx="0.56588218" lbTx="0.565883055" tId="1" fbRx="0.56588218" lbRx="0.565883055" />
<p fId="1" fbTx="0.565883055" lbTx="0.56588393" tId="4" fbRx="0.565883055" lbRx="0.56588393" />
<p fId="3" fbTx="0.565982096" lbTx="0.56598218" tId="0" fbRx="0.575982096" lbRx="0.57598218" />
<p fId="0" fbTx="0.56598218" lbTx="0.565983055" tId="1" fbRx="0.56598218" lbRx="0.565983055" />
<p fId="1" fbTx="0.565983055" lbTx="0.56598393" tId="4" fbRx="0.565983055" lbRx="0.56598393" />
<p fId="3" fbTx="0.566082096" lbTx="0.56608218" tId="0" fbRx="0.576082096" lbRx="0.57608218" />
<p fId="0" fbTx="0.56608218" lbTx="0.566083055" tId="1" fbRx="0.56608218" lbRx="0.566083055" />
<p fId="1" fbTx="0.566083055" lbTx="0.56608393" tId="4" fbRx="0.566083055" lbRx="0.56608393" />
<p fId="3" fbTx="0.566182096" lbTx="0.56618218" tId="0" fbRx="0.576182096" lbRx="0.57618218" />
<p fId="0" fbTx="0.56618218" lbTx="0.566183055" tId="1" fbRx="0.56618218" lbRx="0.566183055" />
<p fId="1" fbTx="0.566183055" lbTx="0.56618393" tId="4" fbRx="0.566183055" lbRx="0.56618393" />
<pr uId="544" fId="4" fbTx="0.566214286" />
<wpr uId="544" tId="5" fbRx="0.566214286" lbRx="0" />
<wpr uId="544" tId="6" fbRx="0.566214286" lbRx="0" />
<p fId="3" fbTx="0.566282096" lbTx="0.56628218" tId="0" fbRx="0.576282096" lbRx="0.57628218" />
<p fId="0" fbTx="0.56628218" lbTx="0.566283055" tId="1" fbRx="0.56628218" lbRx="0.566283055" />
<p fId="1" fbTx="0.566283055" lbTx="0.56628393" tId="4" fbRx="0.566283055" lbRx="0.56628393" />
<p fId="3" fbTx="0.566382096" lbTx="0.56638218" tId="0" fbRx="0.576382096" lbRx="0.57638218" />
<p fId="0" fbTx="0.56638218" lbTx="0.566383055" tId="1" fbRx="0.56638218" lbRx="0.566383055" />
<p fId="1" fbTx="0.566383055" lbTx="0.56638393" tId="4" fbRx="0.566383055" lbRx="0.56638393" />
<p fId="3" fbTx="0.566482096" lbTx="0.56648218" tId="0" fbRx="0.576482096" lbRx="0.57648218" />
<p fId="0" fbTx="0.56648218" lbTx="0.566483055" tId="1" fbRx="0.56648218" lbRx="0.566483055" />
<p fId="1" fbTx="0.566483055" lbTx="0.56648393" tId="4" fbRx="0.566483055" lbRx="0.56648393" />
<p fId="3" fbTx="0.566582096" lbTx="0.56658218" tId="0" fbRx="0.576582096" lbRx="0.57658218" />
<p fId="0" fbTx="0.56658218" lbTx="0.566583055" tId="1" fbRx="0.56658218" lbRx="0.566583055" />
<p fId="1" fbTx="0.566583055" lbTx="0.56658393" tId="4" fbRx="0.566583055" lbRx="0.56658393" />
<p fId="3" fbTx="0.566682096" lbTx="0.56668218" tId="0" fbRx="0.576682096" lbRx="0.57668218" />
<p fId="0" fbTx="0.56668218" lbTx="0.566683055" tId="1" fbRx="0.56668218" lbRx="0.566683055" />
<p fId="1" fbTx="0.566683055" lbTx="0.56668393" tId="4" fbRx="0.566683055" lbRx="0.56668393" />
<p fId="3" fbTx="0.566782096" lbTx="0.56678218" tId="0" fbRx="0.576782096" lbRx="0.57678218" />
<p fId="0" fbTx="0.56678218" lbTx="0.566783055" tId="1" fbRx="0.56678218" lbRx="0.566783055" />
<p fId="1" fbTx="0.566783055" lbTx="0.56678393" tId="4" fbRx="0.566783055" lbRx="0.56678393" />
<p fId="3" fbTx="0.566882096" lbTx="0.56688218" tId="0" fbRx="0.576882096" lbRx="0.57688218" />
<p fId="0" fbTx="0.56688218" lbTx="0.566883055" tId="1" fbRx="0.56688218" lbRx="0.566883055" />
<p fId="1" fbTx="0.566883055" lbTx="0.56688393" tId="4" fbRx="0.566883055" lbRx="0.56688393" />
<p fId="3" fbTx="0.566982096" lbTx="0.56698218" tId="0" fbRx="0.576982096" lbRx="0.57698218" />
<p fId="0" fbTx="0.56698218" lbTx="0.566983055" tId="1" fbRx="0.56698218" lbRx="0.566983055" />
<p fId="1" fbTx="0.566983055" lbTx="0.56698393" tId="4" fbRx="0.566983055" lbRx="0.56698393" />
<p fId="3" fbTx="0.567082096" lbTx="0.56708218" tId="0" fbRx="0.577082096" lbRx="0.57708218" />
<p fId="0" fbTx="0.56708218" lbTx="0.567083055" tId="1" fbRx="0.56708218" lbRx="0.567083055" />
<p fId="1" fbTx="0.567083055" lbTx="0.56708393" tId="4" fbRx="0.567083055" lbRx="0.56708393" />
<p fId="3" fbTx="0.567182096" lbTx="0.56718218" tId="0" fbRx="0.577182096" lbRx="0.57718218" />
<p fId="0" fbTx="0.56718218" lbTx="0.567183055" tId="1" fbRx="0.56718218" lbRx="0.567183055" />
<p fId="1" fbTx="0.567183055" lbTx="0.56718393" tId="4" fbRx="0.567183055" lbRx="0.56718393" />
<pr uId="545" fId="4" fbTx="0.567214286" />
<wpr uId="545" tId="5" fbRx="0.567214286" lbRx="0" />
<wpr uId="545" tId="6" fbRx="0.567214286" lbRx="0" />
<p fId="3" fbTx="0.567282096" lbTx="0.56728218" tId="0" fbRx="0.577282096" lbRx="0.57728218" />
<p fId="0" fbTx="0.56728218" lbTx="0.567283055" tId="1" fbRx="0.56728218" lbRx="0.567283055" />
<p fId="1" fbTx="0.567283055" lbTx="0.56728393" tId="4" fbRx="0.567283055" lbRx="0.56728393" />
<p fId="3" fbTx="0.567382096" lbTx="0.56738218" tId="0" fbRx="0.577382096" lbRx="0.57738218" />
<p fId="0" fbTx="0.56738218" lbTx="0.567383055" tId="1" fbRx="0.56738218" lbRx="0.567383055" />
<p fId="1" fbTx="0.567383055" lbTx="0.56738393" tId="4" fbRx="0.567383055" lbRx="0.56738393" />
<p fId="3" fbTx="0.567482096" lbTx="0.56748218" tId="0" fbRx="0.577482096" lbRx="0.57748218" />
<p fId="0" fbTx="0.56748218" lbTx="0.567483055" tId="1" fbRx="0.56748218" lbRx="0.567483055" />
<p fId="1" fbTx="0.567483055" lbTx="0.56748393" tId="4" fbRx="0.567483055" lbRx="0.56748393" />
<p fId="3" fbTx="0.567582096" lbTx="0.56758218" tId="0" fbRx="0.577582096" lbRx="0.57758218" />
<p fId="0" fbTx="0.56758218" lbTx="0.567583055" tId="1" fbRx="0.56758218" lbRx="0.567583055" />
<p fId="1" fbTx="0.567583055" lbTx="0.56758393" tId="4" fbRx="0.567583055" lbRx="0.56758393" />
<p fId="3" fbTx="0.567682096" lbTx="0.56768218" tId="0" fbRx="0.577682096" lbRx="0.57768218" />
<p fId="0" fbTx="0.56768218" lbTx="0.567683055" tId="1" fbRx="0.56768218" lbRx="0.567683055" />
<p fId="1" fbTx="0.567683055" lbTx="0.56768393" tId="4" fbRx="0.567683055" lbRx="0.56768393" />
<p fId="3" fbTx="0.567782096" lbTx="0.56778218" tId="0" fbRx="0.577782096" lbRx="0.57778218" />
<p fId="0" fbTx="0.56778218" lbTx="0.567783055" tId="1" fbRx="0.56778218" lbRx="0.567783055" />
<p fId="1" fbTx="0.567783055" lbTx="0.56778393" tId="4" fbRx="0.567783055" lbRx="0.56778393" />
<p fId="3" fbTx="0.567882096" lbTx="0.56788218" tId="0" fbRx="0.577882096" lbRx="0.57788218" />
<p fId="0" fbTx="0.56788218" lbTx="0.567883055" tId="1" fbRx="0.56788218" lbRx="0.567883055" />
<p fId="1" fbTx="0.567883055" lbTx="0.56788393" tId="4" fbRx="0.567883055" lbRx="0.56788393" />
<p fId="3" fbTx="0.567982096" lbTx="0.56798218" tId="0" fbRx="0.577982096" lbRx="0.57798218" />
<p fId="0" fbTx="0.56798218" lbTx="0.567983055" tId="1" fbRx="0.56798218" lbRx="0.567983055" />
<p fId="1" fbTx="0.567983055" lbTx="0.56798393" tId="4" fbRx="0.567983055" lbRx="0.56798393" />
<p fId="3" fbTx="0.568082096" lbTx="0.56808218" tId="0" fbRx="0.578082096" lbRx="0.57808218" />
<p fId="0" fbTx="0.56808218" lbTx="0.568083055" tId="1" fbRx="0.56808218" lbRx="0.568083055" />
<p fId="1" fbTx="0.568083055" lbTx="0.56808393" tId="4" fbRx="0.568083055" lbRx="0.56808393" />
<p fId="3" fbTx="0.568182096" lbTx="0.56818218" tId="0" fbRx="0.578182096" lbRx="0.57818218" />
<p fId="0" fbTx="0.56818218" lbTx="0.568183055" tId="1" fbRx="0.56818218" lbRx="0.568183055" />
<p fId="1" fbTx="0.568183055" lbTx="0.56818393" tId="4" fbRx="0.568183055" lbRx="0.56818393" />
<pr uId="546" fId="4" fbTx="0.568214286" />
<wpr uId="546" tId="5" fbRx="0.568214286" lbRx="0" />
<wpr uId="546" tId="6" fbRx="0.568214286" lbRx="0" />
<p fId="3" fbTx="0.568282096" lbTx="0.56828218" tId="0" fbRx="0.578282096" lbRx="0.57828218" />
<p fId="0" fbTx="0.56828218" lbTx="0.568283055" tId="1" fbRx="0.56828218" lbRx="0.568283055" />
<p fId="1" fbTx="0.568283055" lbTx="0.56828393" tId="4" fbRx="0.568283055" lbRx="0.56828393" />
<p fId="3" fbTx="0.568382096" lbTx="0.56838218" tId="0" fbRx="0.578382096" lbRx="0.57838218" />
<p fId="0" fbTx="0.56838218" lbTx="0.568383055" tId="1" fbRx="0.56838218" lbRx="0.568383055" />
<p fId="1" fbTx="0.568383055" lbTx="0.56838393" tId="4" fbRx="0.568383055" lbRx="0.56838393" />
<p fId="3" fbTx="0.568482096" lbTx="0.56848218" tId="0" fbRx="0.578482096" lbRx="0.57848218" />
<p fId="0" fbTx="0.56848218" lbTx="0.568483055" tId="1" fbRx="0.56848218" lbRx="0.568483055" />
<p fId="1" fbTx="0.568483055" lbTx="0.56848393" tId="4" fbRx="0.568483055" lbRx="0.56848393" />
<p fId="3" fbTx="0.568582096" lbTx="0.56858218" tId="0" fbRx="0.578582096" lbRx="0.57858218" />
<p fId="0" fbTx="0.56858218" lbTx="0.568583055" tId="1" fbRx="0.56858218" lbRx="0.568583055" />
<p fId="1" fbTx="0.568583055" lbTx="0.56858393" tId="4" fbRx="0.568583055" lbRx="0.56858393" />
<p fId="3" fbTx="0.568682096" lbTx="0.56868218" tId="0" fbRx="0.578682096" lbRx="0.57868218" />
<p fId="0" fbTx="0.56868218" lbTx="0.568683055" tId="1" fbRx="0.56868218" lbRx="0.568683055" />
<p fId="1" fbTx="0.568683055" lbTx="0.56868393" tId="4" fbRx="0.568683055" lbRx="0.56868393" />
<p fId="3" fbTx="0.568782096" lbTx="0.56878218" tId="0" fbRx="0.578782096" lbRx="0.57878218" />
<p fId="0" fbTx="0.56878218" lbTx="0.568783055" tId="1" fbRx="0.56878218" lbRx="0.568783055" />
<p fId="1" fbTx="0.568783055" lbTx="0.56878393" tId="4" fbRx="0.568783055" lbRx="0.56878393" />
<p fId="3" fbTx="0.568882096" lbTx="0.56888218" tId="0" fbRx="0.578882096" lbRx="0.57888218" />
<p fId="0" fbTx="0.56888218" lbTx="0.568883055" tId="1" fbRx="0.56888218" lbRx="0.568883055" />
<p fId="1" fbTx="0.568883055" lbTx="0.56888393" tId="4" fbRx="0.568883055" lbRx="0.56888393" />
<p fId="3" fbTx="0.568982096" lbTx="0.56898218" tId="0" fbRx="0.578982096" lbRx="0.57898218" />
<p fId="0" fbTx="0.56898218" lbTx="0.568983055" tId="1" fbRx="0.56898218" lbRx="0.568983055" />
<p fId="1" fbTx="0.568983055" lbTx="0.56898393" tId="4" fbRx="0.568983055" lbRx="0.56898393" />
<p fId="3" fbTx="0.569082096" lbTx="0.56908218" tId="0" fbRx="0.579082096" lbRx="0.57908218" />
<p fId="0" fbTx="0.56908218" lbTx="0.569083055" tId="1" fbRx="0.56908218" lbRx="0.569083055" />
<p fId="1" fbTx="0.569083055" lbTx="0.56908393" tId="4" fbRx="0.569083055" lbRx="0.56908393" />
<p fId="3" fbTx="0.569182096" lbTx="0.56918218" tId="0" fbRx="0.579182096" lbRx="0.57918218" />
<p fId="0" fbTx="0.56918218" lbTx="0.569183055" tId="1" fbRx="0.56918218" lbRx="0.569183055" />
<p fId="1" fbTx="0.569183055" lbTx="0.56918393" tId="4" fbRx="0.569183055" lbRx="0.56918393" />
<pr uId="547" fId="4" fbTx="0.569214286" />
<wpr uId="547" tId="5" fbRx="0.569214286" lbRx="0" />
<wpr uId="547" tId="6" fbRx="0.569214286" lbRx="0" />
<p fId="3" fbTx="0.569282096" lbTx="0.56928218" tId="0" fbRx="0.579282096" lbRx="0.57928218" />
<p fId="0" fbTx="0.56928218" lbTx="0.569283055" tId="1" fbRx="0.56928218" lbRx="0.569283055" />
<p fId="1" fbTx="0.569283055" lbTx="0.56928393" tId="4" fbRx="0.569283055" lbRx="0.56928393" />
<p fId="3" fbTx="0.569382096" lbTx="0.56938218" tId="0" fbRx="0.579382096" lbRx="0.57938218" />
<p fId="0" fbTx="0.56938218" lbTx="0.569383055" tId="1" fbRx="0.56938218" lbRx="0.569383055" />
<p fId="1" fbTx="0.569383055" lbTx="0.56938393" tId="4" fbRx="0.569383055" lbRx="0.56938393" />
<p fId="3" fbTx="0.569482096" lbTx="0.56948218" tId="0" fbRx="0.579482096" lbRx="0.57948218" />
<p fId="0" fbTx="0.56948218" lbTx="0.569483055" tId="1" fbRx="0.56948218" lbRx="0.569483055" />
<p fId="1" fbTx="0.569483055" lbTx="0.56948393" tId="4" fbRx="0.569483055" lbRx="0.56948393" />
<p fId="3" fbTx="0.569582096" lbTx="0.56958218" tId="0" fbRx="0.579582096" lbRx="0.57958218" />
<p fId="0" fbTx="0.56958218" lbTx="0.569583055" tId="1" fbRx="0.56958218" lbRx="0.569583055" />
<p fId="1" fbTx="0.569583055" lbTx="0.56958393" tId="4" fbRx="0.569583055" lbRx="0.56958393" />
<p fId="3" fbTx="0.569682096" lbTx="0.56968218" tId="0" fbRx="0.579682096" lbRx="0.57968218" />
<p fId="0" fbTx="0.56968218" lbTx="0.569683055" tId="1" fbRx="0.56968218" lbRx="0.569683055" />
<p fId="1" fbTx="0.569683055" lbTx="0.56968393" tId="4" fbRx="0.569683055" lbRx="0.56968393" />
<p fId="3" fbTx="0.569782096" lbTx="0.56978218" tId="0" fbRx="0.579782096" lbRx="0.57978218" />
<p fId="0" fbTx="0.56978218" lbTx="0.569783055" tId="1" fbRx="0.56978218" lbRx="0.569783055" />
<p fId="1" fbTx="0.569783055" lbTx="0.56978393" tId="4" fbRx="0.569783055" lbRx="0.56978393" />
<p fId="3" fbTx="0.569882096" lbTx="0.56988218" tId="0" fbRx="0.579882096" lbRx="0.57988218" />
<p fId="0" fbTx="0.56988218" lbTx="0.569883055" tId="1" fbRx="0.56988218" lbRx="0.569883055" />
<p fId="1" fbTx="0.569883055" lbTx="0.56988393" tId="4" fbRx="0.569883055" lbRx="0.56988393" />
<p fId="3" fbTx="0.569982096" lbTx="0.56998218" tId="0" fbRx="0.579982096" lbRx="0.57998218" />
<p fId="0" fbTx="0.56998218" lbTx="0.569983055" tId="1" fbRx="0.56998218" lbRx="0.569983055" />
<p fId="1" fbTx="0.569983055" lbTx="0.56998393" tId="4" fbRx="0.569983055" lbRx="0.56998393" />
<p fId="3" fbTx="0.570082096" lbTx="0.57008218" tId="0" fbRx="0.580082096" lbRx="0.58008218" />
<p fId="0" fbTx="0.57008218" lbTx="0.570083055" tId="1" fbRx="0.57008218" lbRx="0.570083055" />
<p fId="1" fbTx="0.570083055" lbTx="0.57008393" tId="4" fbRx="0.570083055" lbRx="0.57008393" />
<p fId="3" fbTx="0.570182096" lbTx="0.57018218" tId="0" fbRx="0.580182096" lbRx="0.58018218" />
<p fId="0" fbTx="0.57018218" lbTx="0.570183055" tId="1" fbRx="0.57018218" lbRx="0.570183055" />
<p fId="1" fbTx="0.570183055" lbTx="0.57018393" tId="4" fbRx="0.570183055" lbRx="0.57018393" />
<pr uId="548" fId="4" fbTx="0.570214286" />
<wpr uId="548" tId="5" fbRx="0.570214286" lbRx="0" />
<wpr uId="548" tId="6" fbRx="0.570214286" lbRx="0" />
<p fId="3" fbTx="0.570282096" lbTx="0.57028218" tId="0" fbRx="0.580282096" lbRx="0.58028218" />
<p fId="0" fbTx="0.57028218" lbTx="0.570283055" tId="1" fbRx="0.57028218" lbRx="0.570283055" />
<p fId="1" fbTx="0.570283055" lbTx="0.57028393" tId="4" fbRx="0.570283055" lbRx="0.57028393" />
<p fId="3" fbTx="0.570382096" lbTx="0.57038218" tId="0" fbRx="0.580382096" lbRx="0.58038218" />
<p fId="0" fbTx="0.57038218" lbTx="0.570383055" tId="1" fbRx="0.57038218" lbRx="0.570383055" />
<p fId="1" fbTx="0.570383055" lbTx="0.57038393" tId="4" fbRx="0.570383055" lbRx="0.57038393" />
<p fId="3" fbTx="0.570482096" lbTx="0.57048218" tId="0" fbRx="0.580482096" lbRx="0.58048218" />
<p fId="0" fbTx="0.57048218" lbTx="0.570483055" tId="1" fbRx="0.57048218" lbRx="0.570483055" />
<p fId="1" fbTx="0.570483055" lbTx="0.57048393" tId="4" fbRx="0.570483055" lbRx="0.57048393" />
<p fId="3" fbTx="0.570582096" lbTx="0.57058218" tId="0" fbRx="0.580582096" lbRx="0.58058218" />
<p fId="0" fbTx="0.57058218" lbTx="0.570583055" tId="1" fbRx="0.57058218" lbRx="0.570583055" />
<p fId="1" fbTx="0.570583055" lbTx="0.57058393" tId="4" fbRx="0.570583055" lbRx="0.57058393" />
<p fId="3" fbTx="0.570682096" lbTx="0.57068218" tId="0" fbRx="0.580682096" lbRx="0.58068218" />
<p fId="0" fbTx="0.57068218" lbTx="0.570683055" tId="1" fbRx="0.57068218" lbRx="0.570683055" />
<p fId="1" fbTx="0.570683055" lbTx="0.57068393" tId="4" fbRx="0.570683055" lbRx="0.57068393" />
<p fId="3" fbTx="0.570782096" lbTx="0.57078218" tId="0" fbRx="0.580782096" lbRx="0.58078218" />
<p fId="0" fbTx="0.57078218" lbTx="0.570783055" tId="1" fbRx="0.57078218" lbRx="0.570783055" />
<p fId="1" fbTx="0.570783055" lbTx="0.57078393" tId="4" fbRx="0.570783055" lbRx="0.57078393" />
<p fId="3" fbTx="0.570882096" lbTx="0.57088218" tId="0" fbRx="0.580882096" lbRx="0.58088218" />
<p fId="0" fbTx="0.57088218" lbTx="0.570883055" tId="1" fbRx="0.57088218" lbRx="0.570883055" />
<p fId="1" fbTx="0.570883055" lbTx="0.57088393" tId="4" fbRx="0.570883055" lbRx="0.57088393" />
<p fId="3" fbTx="0.570982096" lbTx="0.57098218" tId="0" fbRx="0.580982096" lbRx="0.58098218" />
<p fId="0" fbTx="0.57098218" lbTx="0.570983055" tId="1" fbRx="0.57098218" lbRx="0.570983055" />
<p fId="1" fbTx="0.570983055" lbTx="0.57098393" tId="4" fbRx="0.570983055" lbRx="0.57098393" />
<p fId="3" fbTx="0.571082096" lbTx="0.57108218" tId="0" fbRx="0.581082096" lbRx="0.58108218" />
<p fId="0" fbTx="0.57108218" lbTx="0.571083055" tId="1" fbRx="0.57108218" lbRx="0.571083055" />
<p fId="1" fbTx="0.571083055" lbTx="0.57108393" tId="4" fbRx="0.571083055" lbRx="0.57108393" />
<p fId="3" fbTx="0.571182096" lbTx="0.57118218" tId="0" fbRx="0.581182096" lbRx="0.58118218" />
<p fId="0" fbTx="0.57118218" lbTx="0.571183055" tId="1" fbRx="0.57118218" lbRx="0.571183055" />
<p fId="1" fbTx="0.571183055" lbTx="0.57118393" tId="4" fbRx="0.571183055" lbRx="0.57118393" />
<pr uId="549" fId="4" fbTx="0.571214286" />
<wpr uId="549" tId="5" fbRx="0.571214286" lbRx="0" />
<wpr uId="549" tId="6" fbRx="0.571214286" lbRx="0" />
<p fId="3" fbTx="0.571282096" lbTx="0.57128218" tId="0" fbRx="0.581282096" lbRx="0.58128218" />
<p fId="0" fbTx="0.57128218" lbTx="0.571283055" tId="1" fbRx="0.57128218" lbRx="0.571283055" />
<p fId="1" fbTx="0.571283055" lbTx="0.57128393" tId="4" fbRx="0.571283055" lbRx="0.57128393" />
<p fId="3" fbTx="0.571382096" lbTx="0.57138218" tId="0" fbRx="0.581382096" lbRx="0.58138218" />
<p fId="0" fbTx="0.57138218" lbTx="0.571383055" tId="1" fbRx="0.57138218" lbRx="0.571383055" />
<p fId="1" fbTx="0.571383055" lbTx="0.57138393" tId="4" fbRx="0.571383055" lbRx="0.57138393" />
<p fId="3" fbTx="0.571482096" lbTx="0.57148218" tId="0" fbRx="0.581482096" lbRx="0.58148218" />
<p fId="0" fbTx="0.57148218" lbTx="0.571483055" tId="1" fbRx="0.57148218" lbRx="0.571483055" />
<p fId="1" fbTx="0.571483055" lbTx="0.57148393" tId="4" fbRx="0.571483055" lbRx="0.57148393" />
<p fId="3" fbTx="0.571582096" lbTx="0.57158218" tId="0" fbRx="0.581582096" lbRx="0.58158218" />
<p fId="0" fbTx="0.57158218" lbTx="0.571583055" tId="1" fbRx="0.57158218" lbRx="0.571583055" />
<p fId="1" fbTx="0.571583055" lbTx="0.57158393" tId="4" fbRx="0.571583055" lbRx="0.57158393" />
<p fId="3" fbTx="0.571682096" lbTx="0.57168218" tId="0" fbRx="0.581682096" lbRx="0.58168218" />
<p fId="0" fbTx="0.57168218" lbTx="0.571683055" tId="1" fbRx="0.57168218" lbRx="0.571683055" />
<p fId="1" fbTx="0.571683055" lbTx="0.57168393" tId="4" fbRx="0.571683055" lbRx="0.57168393" />
<p fId="3" fbTx="0.571782096" lbTx="0.57178218" tId="0" fbRx="0.581782096" lbRx="0.58178218" />
<p fId="0" fbTx="0.57178218" lbTx="0.571783055" tId="1" fbRx="0.57178218" lbRx="0.571783055" />
<p fId="1" fbTx="0.571783055" lbTx="0.57178393" tId="4" fbRx="0.571783055" lbRx="0.57178393" />
<p fId="3" fbTx="0.571882096" lbTx="0.57188218" tId="0" fbRx="0.581882096" lbRx="0.58188218" />
<p fId="0" fbTx="0.57188218" lbTx="0.571883055" tId="1" fbRx="0.57188218" lbRx="0.571883055" />
<p fId="1" fbTx="0.571883055" lbTx="0.57188393" tId="4" fbRx="0.571883055" lbRx="0.57188393" />
<p fId="3" fbTx="0.571982096" lbTx="0.57198218" tId="0" fbRx="0.581982096" lbRx="0.58198218" />
<p fId="0" fbTx="0.57198218" lbTx="0.571983055" tId="1" fbRx="0.57198218" lbRx="0.571983055" />
<p fId="1" fbTx="0.571983055" lbTx="0.57198393" tId="4" fbRx="0.571983055" lbRx="0.57198393" />
<p fId="3" fbTx="0.572082096" lbTx="0.57208218" tId="0" fbRx="0.582082096" lbRx="0.58208218" />
<p fId="0" fbTx="0.57208218" lbTx="0.572083055" tId="1" fbRx="0.57208218" lbRx="0.572083055" />
<p fId="1" fbTx="0.572083055" lbTx="0.57208393" tId="4" fbRx="0.572083055" lbRx="0.57208393" />
<p fId="3" fbTx="0.572182096" lbTx="0.57218218" tId="0" fbRx="0.582182096" lbRx="0.58218218" />
<p fId="0" fbTx="0.57218218" lbTx="0.572183055" tId="1" fbRx="0.57218218" lbRx="0.572183055" />
<p fId="1" fbTx="0.572183055" lbTx="0.57218393" tId="4" fbRx="0.572183055" lbRx="0.57218393" />
<pr uId="550" fId="4" fbTx="0.572214286" />
<wpr uId="550" tId="5" fbRx="0.572214286" lbRx="0" />
<wpr uId="550" tId="6" fbRx="0.572214286" lbRx="0" />
<p fId="3" fbTx="0.572282096" lbTx="0.57228218" tId="0" fbRx="0.582282096" lbRx="0.58228218" />
<p fId="0" fbTx="0.57228218" lbTx="0.572283055" tId="1" fbRx="0.57228218" lbRx="0.572283055" />
<p fId="1" fbTx="0.572283055" lbTx="0.57228393" tId="4" fbRx="0.572283055" lbRx="0.57228393" />
<p fId="3" fbTx="0.572382096" lbTx="0.57238218" tId="0" fbRx="0.582382096" lbRx="0.58238218" />
<p fId="0" fbTx="0.57238218" lbTx="0.572383055" tId="1" fbRx="0.57238218" lbRx="0.572383055" />
<p fId="1" fbTx="0.572383055" lbTx="0.57238393" tId="4" fbRx="0.572383055" lbRx="0.57238393" />
<p fId="3" fbTx="0.572482096" lbTx="0.57248218" tId="0" fbRx="0.582482096" lbRx="0.58248218" />
<p fId="0" fbTx="0.57248218" lbTx="0.572483055" tId="1" fbRx="0.57248218" lbRx="0.572483055" />
<p fId="1" fbTx="0.572483055" lbTx="0.57248393" tId="4" fbRx="0.572483055" lbRx="0.57248393" />
<p fId="3" fbTx="0.572582096" lbTx="0.57258218" tId="0" fbRx="0.582582096" lbRx="0.58258218" />
<p fId="0" fbTx="0.57258218" lbTx="0.572583055" tId="1" fbRx="0.57258218" lbRx="0.572583055" />
<p fId="1" fbTx="0.572583055" lbTx="0.57258393" tId="4" fbRx="0.572583055" lbRx="0.57258393" />
<p fId="3" fbTx="0.572682096" lbTx="0.57268218" tId="0" fbRx="0.582682096" lbRx="0.58268218" />
<p fId="0" fbTx="0.57268218" lbTx="0.572683055" tId="1" fbRx="0.57268218" lbRx="0.572683055" />
<p fId="1" fbTx="0.572683055" lbTx="0.57268393" tId="4" fbRx="0.572683055" lbRx="0.57268393" />
<p fId="3" fbTx="0.572782096" lbTx="0.57278218" tId="0" fbRx="0.582782096" lbRx="0.58278218" />
<p fId="0" fbTx="0.57278218" lbTx="0.572783055" tId="1" fbRx="0.57278218" lbRx="0.572783055" />
<p fId="1" fbTx="0.572783055" lbTx="0.57278393" tId="4" fbRx="0.572783055" lbRx="0.57278393" />
<p fId="3" fbTx="0.572882096" lbTx="0.57288218" tId="0" fbRx="0.582882096" lbRx="0.58288218" />
<p fId="0" fbTx="0.57288218" lbTx="0.572883055" tId="1" fbRx="0.57288218" lbRx="0.572883055" />
<p fId="1" fbTx="0.572883055" lbTx="0.57288393" tId="4" fbRx="0.572883055" lbRx="0.57288393" />
<p fId="3" fbTx="0.572982096" lbTx="0.57298218" tId="0" fbRx="0.582982096" lbRx="0.58298218" />
<p fId="0" fbTx="0.57298218" lbTx="0.572983055" tId="1" fbRx="0.57298218" lbRx="0.572983055" />
<p fId="1" fbTx="0.572983055" lbTx="0.57298393" tId="4" fbRx="0.572983055" lbRx="0.57298393" />
<p fId="3" fbTx="0.573082096" lbTx="0.57308218" tId="0" fbRx="0.583082096" lbRx="0.58308218" />
<p fId="0" fbTx="0.57308218" lbTx="0.573083055" tId="1" fbRx="0.57308218" lbRx="0.573083055" />
<p fId="1" fbTx="0.573083055" lbTx="0.57308393" tId="4" fbRx="0.573083055" lbRx="0.57308393" />
<p fId="3" fbTx="0.573182096" lbTx="0.57318218" tId="0" fbRx="0.583182096" lbRx="0.58318218" />
<p fId="0" fbTx="0.57318218" lbTx="0.573183055" tId="1" fbRx="0.57318218" lbRx="0.573183055" />
<p fId="1" fbTx="0.573183055" lbTx="0.57318393" tId="4" fbRx="0.573183055" lbRx="0.57318393" />
<pr uId="551" fId="4" fbTx="0.573214286" />
<wpr uId="551" tId="5" fbRx="0.573214286" lbRx="0" />
<wpr uId="551" tId="6" fbRx="0.573214286" lbRx="0" />
<p fId="3" fbTx="0.573282096" lbTx="0.57328218" tId="0" fbRx="0.583282096" lbRx="0.58328218" />
<p fId="0" fbTx="0.57328218" lbTx="0.573283055" tId="1" fbRx="0.57328218" lbRx="0.573283055" />
<p fId="1" fbTx="0.573283055" lbTx="0.57328393" tId="4" fbRx="0.573283055" lbRx="0.57328393" />
<p fId="3" fbTx="0.573382096" lbTx="0.57338218" tId="0" fbRx="0.583382096" lbRx="0.58338218" />
<p fId="0" fbTx="0.57338218" lbTx="0.573383055" tId="1" fbRx="0.57338218" lbRx="0.573383055" />
<p fId="1" fbTx="0.573383055" lbTx="0.57338393" tId="4" fbRx="0.573383055" lbRx="0.57338393" />
<p fId="3" fbTx="0.573482096" lbTx="0.57348218" tId="0" fbRx="0.583482096" lbRx="0.58348218" />
<p fId="0" fbTx="0.57348218" lbTx="0.573483055" tId="1" fbRx="0.57348218" lbRx="0.573483055" />
<p fId="1" fbTx="0.573483055" lbTx="0.57348393" tId="4" fbRx="0.573483055" lbRx="0.57348393" />
<p fId="3" fbTx="0.573582096" lbTx="0.57358218" tId="0" fbRx="0.583582096" lbRx="0.58358218" />
<p fId="0" fbTx="0.57358218" lbTx="0.573583055" tId="1" fbRx="0.57358218" lbRx="0.573583055" />
<p fId="1" fbTx="0.573583055" lbTx="0.57358393" tId="4" fbRx="0.573583055" lbRx="0.57358393" />
<p fId="3" fbTx="0.573682096" lbTx="0.57368218" tId="0" fbRx="0.583682096" lbRx="0.58368218" />
<p fId="0" fbTx="0.57368218" lbTx="0.573683055" tId="1" fbRx="0.57368218" lbRx="0.573683055" />
<p fId="1" fbTx="0.573683055" lbTx="0.57368393" tId="4" fbRx="0.573683055" lbRx="0.57368393" />
<p fId="3" fbTx="0.573782096" lbTx="0.57378218" tId="0" fbRx="0.583782096" lbRx="0.58378218" />
<p fId="0" fbTx="0.57378218" lbTx="0.573783055" tId="1" fbRx="0.57378218" lbRx="0.573783055" />
<p fId="1" fbTx="0.573783055" lbTx="0.57378393" tId="4" fbRx="0.573783055" lbRx="0.57378393" />
<p fId="3" fbTx="0.573882096" lbTx="0.57388218" tId="0" fbRx="0.583882096" lbRx="0.58388218" />
<p fId="0" fbTx="0.57388218" lbTx="0.573883055" tId="1" fbRx="0.57388218" lbRx="0.573883055" />
<p fId="1" fbTx="0.573883055" lbTx="0.57388393" tId="4" fbRx="0.573883055" lbRx="0.57388393" />
<p fId="3" fbTx="0.573982096" lbTx="0.57398218" tId="0" fbRx="0.583982096" lbRx="0.58398218" />
<p fId="0" fbTx="0.57398218" lbTx="0.573983055" tId="1" fbRx="0.57398218" lbRx="0.573983055" />
<p fId="1" fbTx="0.573983055" lbTx="0.57398393" tId="4" fbRx="0.573983055" lbRx="0.57398393" />
<p fId="3" fbTx="0.574082096" lbTx="0.57408218" tId="0" fbRx="0.584082096" lbRx="0.58408218" />
<p fId="0" fbTx="0.57408218" lbTx="0.574083055" tId="1" fbRx="0.57408218" lbRx="0.574083055" />
<p fId="1" fbTx="0.574083055" lbTx="0.57408393" tId="4" fbRx="0.574083055" lbRx="0.57408393" />
<p fId="3" fbTx="0.574182096" lbTx="0.57418218" tId="0" fbRx="0.584182096" lbRx="0.58418218" />
<p fId="0" fbTx="0.57418218" lbTx="0.574183055" tId="1" fbRx="0.57418218" lbRx="0.574183055" />
<p fId="1" fbTx="0.574183055" lbTx="0.57418393" tId="4" fbRx="0.574183055" lbRx="0.57418393" />
<pr uId="552" fId="4" fbTx="0.574214286" />
<wpr uId="552" tId="5" fbRx="0.574214286" lbRx="0" />
<wpr uId="552" tId="6" fbRx="0.574214286" lbRx="0" />
<p fId="3" fbTx="0.574282096" lbTx="0.57428218" tId="0" fbRx="0.584282096" lbRx="0.58428218" />
<p fId="0" fbTx="0.57428218" lbTx="0.574283055" tId="1" fbRx="0.57428218" lbRx="0.574283055" />
<p fId="1" fbTx="0.574283055" lbTx="0.57428393" tId="4" fbRx="0.574283055" lbRx="0.57428393" />
<p fId="3" fbTx="0.574382096" lbTx="0.57438218" tId="0" fbRx="0.584382096" lbRx="0.58438218" />
<p fId="0" fbTx="0.57438218" lbTx="0.574383055" tId="1" fbRx="0.57438218" lbRx="0.574383055" />
<p fId="1" fbTx="0.574383055" lbTx="0.57438393" tId="4" fbRx="0.574383055" lbRx="0.57438393" />
<p fId="3" fbTx="0.574482096" lbTx="0.57448218" tId="0" fbRx="0.584482096" lbRx="0.58448218" />
<p fId="0" fbTx="0.57448218" lbTx="0.574483055" tId="1" fbRx="0.57448218" lbRx="0.574483055" />
<p fId="1" fbTx="0.574483055" lbTx="0.57448393" tId="4" fbRx="0.574483055" lbRx="0.57448393" />
<p fId="3" fbTx="0.574582096" lbTx="0.57458218" tId="0" fbRx="0.584582096" lbRx="0.58458218" />
<p fId="0" fbTx="0.57458218" lbTx="0.574583055" tId="1" fbRx="0.57458218" lbRx="0.574583055" />
<p fId="1" fbTx="0.574583055" lbTx="0.57458393" tId="4" fbRx="0.574583055" lbRx="0.57458393" />
<p fId="3" fbTx="0.574682096" lbTx="0.57468218" tId="0" fbRx="0.584682096" lbRx="0.58468218" />
<p fId="0" fbTx="0.57468218" lbTx="0.574683055" tId="1" fbRx="0.57468218" lbRx="0.574683055" />
<p fId="1" fbTx="0.574683055" lbTx="0.57468393" tId="4" fbRx="0.574683055" lbRx="0.57468393" />
<p fId="3" fbTx="0.574782096" lbTx="0.57478218" tId="0" fbRx="0.584782096" lbRx="0.58478218" />
<p fId="0" fbTx="0.57478218" lbTx="0.574783055" tId="1" fbRx="0.57478218" lbRx="0.574783055" />
<p fId="1" fbTx="0.574783055" lbTx="0.57478393" tId="4" fbRx="0.574783055" lbRx="0.57478393" />
<p fId="3" fbTx="0.574882096" lbTx="0.57488218" tId="0" fbRx="0.584882096" lbRx="0.58488218" />
<p fId="0" fbTx="0.57488218" lbTx="0.574883055" tId="1" fbRx="0.57488218" lbRx="0.574883055" />
<p fId="1" fbTx="0.574883055" lbTx="0.57488393" tId="4" fbRx="0.574883055" lbRx="0.57488393" />
<p fId="3" fbTx="0.574982096" lbTx="0.57498218" tId="0" fbRx="0.584982096" lbRx="0.58498218" />
<p fId="0" fbTx="0.57498218" lbTx="0.574983055" tId="1" fbRx="0.57498218" lbRx="0.574983055" />
<p fId="1" fbTx="0.574983055" lbTx="0.57498393" tId="4" fbRx="0.574983055" lbRx="0.57498393" />
<p fId="3" fbTx="0.575082096" lbTx="0.57508218" tId="0" fbRx="0.585082096" lbRx="0.58508218" />
<p fId="0" fbTx="0.57508218" lbTx="0.575083055" tId="1" fbRx="0.57508218" lbRx="0.575083055" />
<p fId="1" fbTx="0.575083055" lbTx="0.57508393" tId="4" fbRx="0.575083055" lbRx="0.57508393" />
<p fId="3" fbTx="0.575182096" lbTx="0.57518218" tId="0" fbRx="0.585182096" lbRx="0.58518218" />
<p fId="0" fbTx="0.57518218" lbTx="0.575183055" tId="1" fbRx="0.57518218" lbRx="0.575183055" />
<p fId="1" fbTx="0.575183055" lbTx="0.57518393" tId="4" fbRx="0.575183055" lbRx="0.57518393" />
<pr uId="553" fId="4" fbTx="0.575214286" />
<wpr uId="553" tId="5" fbRx="0.575214286" lbRx="0" />
<wpr uId="553" tId="6" fbRx="0.575214286" lbRx="0" />
<p fId="3" fbTx="0.575282096" lbTx="0.57528218" tId="0" fbRx="0.585282096" lbRx="0.58528218" />
<p fId="0" fbTx="0.57528218" lbTx="0.575283055" tId="1" fbRx="0.57528218" lbRx="0.575283055" />
<p fId="1" fbTx="0.575283055" lbTx="0.57528393" tId="4" fbRx="0.575283055" lbRx="0.57528393" />
<p fId="3" fbTx="0.575382096" lbTx="0.57538218" tId="0" fbRx="0.585382096" lbRx="0.58538218" />
<p fId="0" fbTx="0.57538218" lbTx="0.575383055" tId="1" fbRx="0.57538218" lbRx="0.575383055" />
<p fId="1" fbTx="0.575383055" lbTx="0.57538393" tId="4" fbRx="0.575383055" lbRx="0.57538393" />
<p fId="3" fbTx="0.575482096" lbTx="0.57548218" tId="0" fbRx="0.585482096" lbRx="0.58548218" />
<p fId="0" fbTx="0.57548218" lbTx="0.575483055" tId="1" fbRx="0.57548218" lbRx="0.575483055" />
<p fId="1" fbTx="0.575483055" lbTx="0.57548393" tId="4" fbRx="0.575483055" lbRx="0.57548393" />
<p fId="3" fbTx="0.575582096" lbTx="0.57558218" tId="0" fbRx="0.585582096" lbRx="0.58558218" />
<p fId="0" fbTx="0.57558218" lbTx="0.575583055" tId="1" fbRx="0.57558218" lbRx="0.575583055" />
<p fId="1" fbTx="0.575583055" lbTx="0.57558393" tId="4" fbRx="0.575583055" lbRx="0.57558393" />
<p fId="3" fbTx="0.575682096" lbTx="0.57568218" tId="0" fbRx="0.585682096" lbRx="0.58568218" />
<p fId="0" fbTx="0.57568218" lbTx="0.575683055" tId="1" fbRx="0.57568218" lbRx="0.575683055" />
<p fId="1" fbTx="0.575683055" lbTx="0.57568393" tId="4" fbRx="0.575683055" lbRx="0.57568393" />
<p fId="3" fbTx="0.575782096" lbTx="0.57578218" tId="0" fbRx="0.585782096" lbRx="0.58578218" />
<p fId="0" fbTx="0.57578218" lbTx="0.575783055" tId="1" fbRx="0.57578218" lbRx="0.575783055" />
<p fId="1" fbTx="0.575783055" lbTx="0.57578393" tId="4" fbRx="0.575783055" lbRx="0.57578393" />
<p fId="3" fbTx="0.575882096" lbTx="0.57588218" tId="0" fbRx="0.585882096" lbRx="0.58588218" />
<p fId="0" fbTx="0.57588218" lbTx="0.575883055" tId="1" fbRx="0.57588218" lbRx="0.575883055" />
<p fId="1" fbTx="0.575883055" lbTx="0.57588393" tId="4" fbRx="0.575883055" lbRx="0.57588393" />
<p fId="3" fbTx="0.575982096" lbTx="0.57598218" tId="0" fbRx="0.585982096" lbRx="0.58598218" />
<p fId="0" fbTx="0.57598218" lbTx="0.575983055" tId="1" fbRx="0.57598218" lbRx="0.575983055" />
<p fId="1" fbTx="0.575983055" lbTx="0.57598393" tId="4" fbRx="0.575983055" lbRx="0.57598393" />
<p fId="3" fbTx="0.576082096" lbTx="0.57608218" tId="0" fbRx="0.586082096" lbRx="0.58608218" />
<p fId="0" fbTx="0.57608218" lbTx="0.576083055" tId="1" fbRx="0.57608218" lbRx="0.576083055" />
<p fId="1" fbTx="0.576083055" lbTx="0.57608393" tId="4" fbRx="0.576083055" lbRx="0.57608393" />
<p fId="3" fbTx="0.576182096" lbTx="0.57618218" tId="0" fbRx="0.586182096" lbRx="0.58618218" />
<p fId="0" fbTx="0.57618218" lbTx="0.576183055" tId="1" fbRx="0.57618218" lbRx="0.576183055" />
<p fId="1" fbTx="0.576183055" lbTx="0.57618393" tId="4" fbRx="0.576183055" lbRx="0.57618393" />
<pr uId="554" fId="4" fbTx="0.576214286" />
<wpr uId="554" tId="5" fbRx="0.576214286" lbRx="0" />
<wpr uId="554" tId="6" fbRx="0.576214286" lbRx="0" />
<p fId="3" fbTx="0.576282096" lbTx="0.57628218" tId="0" fbRx="0.586282096" lbRx="0.58628218" />
<p fId="0" fbTx="0.57628218" lbTx="0.576283055" tId="1" fbRx="0.57628218" lbRx="0.576283055" />
<p fId="1" fbTx="0.576283055" lbTx="0.57628393" tId="4" fbRx="0.576283055" lbRx="0.57628393" />
<p fId="3" fbTx="0.576382096" lbTx="0.57638218" tId="0" fbRx="0.586382096" lbRx="0.58638218" />
<p fId="0" fbTx="0.57638218" lbTx="0.576383055" tId="1" fbRx="0.57638218" lbRx="0.576383055" />
<p fId="1" fbTx="0.576383055" lbTx="0.57638393" tId="4" fbRx="0.576383055" lbRx="0.57638393" />
<p fId="3" fbTx="0.576482096" lbTx="0.57648218" tId="0" fbRx="0.586482096" lbRx="0.58648218" />
<p fId="0" fbTx="0.57648218" lbTx="0.576483055" tId="1" fbRx="0.57648218" lbRx="0.576483055" />
<p fId="1" fbTx="0.576483055" lbTx="0.57648393" tId="4" fbRx="0.576483055" lbRx="0.57648393" />
<p fId="3" fbTx="0.576582096" lbTx="0.57658218" tId="0" fbRx="0.586582096" lbRx="0.58658218" />
<p fId="0" fbTx="0.57658218" lbTx="0.576583055" tId="1" fbRx="0.57658218" lbRx="0.576583055" />
<p fId="1" fbTx="0.576583055" lbTx="0.57658393" tId="4" fbRx="0.576583055" lbRx="0.57658393" />
<p fId="3" fbTx="0.576682096" lbTx="0.57668218" tId="0" fbRx="0.586682096" lbRx="0.58668218" />
<p fId="0" fbTx="0.57668218" lbTx="0.576683055" tId="1" fbRx="0.57668218" lbRx="0.576683055" />
<p fId="1" fbTx="0.576683055" lbTx="0.57668393" tId="4" fbRx="0.576683055" lbRx="0.57668393" />
<p fId="3" fbTx="0.576782096" lbTx="0.57678218" tId="0" fbRx="0.586782096" lbRx="0.58678218" />
<p fId="0" fbTx="0.57678218" lbTx="0.576783055" tId="1" fbRx="0.57678218" lbRx="0.576783055" />
<p fId="1" fbTx="0.576783055" lbTx="0.57678393" tId="4" fbRx="0.576783055" lbRx="0.57678393" />
<p fId="3" fbTx="0.576882096" lbTx="0.57688218" tId="0" fbRx="0.586882096" lbRx="0.58688218" />
<p fId="0" fbTx="0.57688218" lbTx="0.576883055" tId="1" fbRx="0.57688218" lbRx="0.576883055" />
<p fId="1" fbTx="0.576883055" lbTx="0.57688393" tId="4" fbRx="0.576883055" lbRx="0.57688393" />
<p fId="3" fbTx="0.576982096" lbTx="0.57698218" tId="0" fbRx="0.586982096" lbRx="0.58698218" />
<p fId="0" fbTx="0.57698218" lbTx="0.576983055" tId="1" fbRx="0.57698218" lbRx="0.576983055" />
<p fId="1" fbTx="0.576983055" lbTx="0.57698393" tId="4" fbRx="0.576983055" lbRx="0.57698393" />
<p fId="3" fbTx="0.577082096" lbTx="0.57708218" tId="0" fbRx="0.587082096" lbRx="0.58708218" />
<p fId="0" fbTx="0.57708218" lbTx="0.577083055" tId="1" fbRx="0.57708218" lbRx="0.577083055" />
<p fId="1" fbTx="0.577083055" lbTx="0.57708393" tId="4" fbRx="0.577083055" lbRx="0.57708393" />
<p fId="3" fbTx="0.577182096" lbTx="0.57718218" tId="0" fbRx="0.587182096" lbRx="0.58718218" />
<p fId="0" fbTx="0.57718218" lbTx="0.577183055" tId="1" fbRx="0.57718218" lbRx="0.577183055" />
<p fId="1" fbTx="0.577183055" lbTx="0.57718393" tId="4" fbRx="0.577183055" lbRx="0.57718393" />
<pr uId="555" fId="4" fbTx="0.577214286" />
<wpr uId="555" tId="5" fbRx="0.577214286" lbRx="0" />
<wpr uId="555" tId="6" fbRx="0.577214286" lbRx="0" />
<p fId="3" fbTx="0.577282096" lbTx="0.57728218" tId="0" fbRx="0.587282096" lbRx="0.58728218" />
<p fId="0" fbTx="0.57728218" lbTx="0.577283055" tId="1" fbRx="0.57728218" lbRx="0.577283055" />
<p fId="1" fbTx="0.577283055" lbTx="0.57728393" tId="4" fbRx="0.577283055" lbRx="0.57728393" />
<p fId="3" fbTx="0.577382096" lbTx="0.57738218" tId="0" fbRx="0.587382096" lbRx="0.58738218" />
<p fId="0" fbTx="0.57738218" lbTx="0.577383055" tId="1" fbRx="0.57738218" lbRx="0.577383055" />
<p fId="1" fbTx="0.577383055" lbTx="0.57738393" tId="4" fbRx="0.577383055" lbRx="0.57738393" />
<p fId="3" fbTx="0.577482096" lbTx="0.57748218" tId="0" fbRx="0.587482096" lbRx="0.58748218" />
<p fId="0" fbTx="0.57748218" lbTx="0.577483055" tId="1" fbRx="0.57748218" lbRx="0.577483055" />
<p fId="1" fbTx="0.577483055" lbTx="0.57748393" tId="4" fbRx="0.577483055" lbRx="0.57748393" />
<p fId="3" fbTx="0.577582096" lbTx="0.57758218" tId="0" fbRx="0.587582096" lbRx="0.58758218" />
<p fId="0" fbTx="0.57758218" lbTx="0.577583055" tId="1" fbRx="0.57758218" lbRx="0.577583055" />
<p fId="1" fbTx="0.577583055" lbTx="0.57758393" tId="4" fbRx="0.577583055" lbRx="0.57758393" />
<p fId="3" fbTx="0.577682096" lbTx="0.57768218" tId="0" fbRx="0.587682096" lbRx="0.58768218" />
<p fId="0" fbTx="0.57768218" lbTx="0.577683055" tId="1" fbRx="0.57768218" lbRx="0.577683055" />
<p fId="1" fbTx="0.577683055" lbTx="0.57768393" tId="4" fbRx="0.577683055" lbRx="0.57768393" />
<p fId="3" fbTx="0.577782096" lbTx="0.57778218" tId="0" fbRx="0.587782096" lbRx="0.58778218" />
<p fId="0" fbTx="0.57778218" lbTx="0.577783055" tId="1" fbRx="0.57778218" lbRx="0.577783055" />
<p fId="1" fbTx="0.577783055" lbTx="0.57778393" tId="4" fbRx="0.577783055" lbRx="0.57778393" />
<p fId="3" fbTx="0.577882096" lbTx="0.57788218" tId="0" fbRx="0.587882096" lbRx="0.58788218" />
<p fId="0" fbTx="0.57788218" lbTx="0.577883055" tId="1" fbRx="0.57788218" lbRx="0.577883055" />
<p fId="1" fbTx="0.577883055" lbTx="0.57788393" tId="4" fbRx="0.577883055" lbRx="0.57788393" />
<p fId="3" fbTx="0.577982096" lbTx="0.57798218" tId="0" fbRx="0.587982096" lbRx="0.58798218" />
<p fId="0" fbTx="0.57798218" lbTx="0.577983055" tId="1" fbRx="0.57798218" lbRx="0.577983055" />
<p fId="1" fbTx="0.577983055" lbTx="0.57798393" tId="4" fbRx="0.577983055" lbRx="0.57798393" />
<p fId="3" fbTx="0.578082096" lbTx="0.57808218" tId="0" fbRx="0.588082096" lbRx="0.58808218" />
<p fId="0" fbTx="0.57808218" lbTx="0.578083055" tId="1" fbRx="0.57808218" lbRx="0.578083055" />
<p fId="1" fbTx="0.578083055" lbTx="0.57808393" tId="4" fbRx="0.578083055" lbRx="0.57808393" />
<p fId="3" fbTx="0.578182096" lbTx="0.57818218" tId="0" fbRx="0.588182096" lbRx="0.58818218" />
<p fId="0" fbTx="0.57818218" lbTx="0.578183055" tId="1" fbRx="0.57818218" lbRx="0.578183055" />
<p fId="1" fbTx="0.578183055" lbTx="0.57818393" tId="4" fbRx="0.578183055" lbRx="0.57818393" />
<pr uId="556" fId="4" fbTx="0.578214286" />
<wpr uId="556" tId="5" fbRx="0.578214286" lbRx="0" />
<wpr uId="556" tId="6" fbRx="0.578214286" lbRx="0" />
<p fId="3" fbTx="0.578282096" lbTx="0.57828218" tId="0" fbRx="0.588282096" lbRx="0.58828218" />
<p fId="0" fbTx="0.57828218" lbTx="0.578283055" tId="1" fbRx="0.57828218" lbRx="0.578283055" />
<p fId="1" fbTx="0.578283055" lbTx="0.57828393" tId="4" fbRx="0.578283055" lbRx="0.57828393" />
<p fId="3" fbTx="0.578382096" lbTx="0.57838218" tId="0" fbRx="0.588382096" lbRx="0.58838218" />
<p fId="0" fbTx="0.57838218" lbTx="0.578383055" tId="1" fbRx="0.57838218" lbRx="0.578383055" />
<p fId="1" fbTx="0.578383055" lbTx="0.57838393" tId="4" fbRx="0.578383055" lbRx="0.57838393" />
<p fId="3" fbTx="0.578482096" lbTx="0.57848218" tId="0" fbRx="0.588482096" lbRx="0.58848218" />
<p fId="0" fbTx="0.57848218" lbTx="0.578483055" tId="1" fbRx="0.57848218" lbRx="0.578483055" />
<p fId="1" fbTx="0.578483055" lbTx="0.57848393" tId="4" fbRx="0.578483055" lbRx="0.57848393" />
<p fId="3" fbTx="0.578582096" lbTx="0.57858218" tId="0" fbRx="0.588582096" lbRx="0.58858218" />
<p fId="0" fbTx="0.57858218" lbTx="0.578583055" tId="1" fbRx="0.57858218" lbRx="0.578583055" />
<p fId="1" fbTx="0.578583055" lbTx="0.57858393" tId="4" fbRx="0.578583055" lbRx="0.57858393" />
<p fId="3" fbTx="0.578682096" lbTx="0.57868218" tId="0" fbRx="0.588682096" lbRx="0.58868218" />
<p fId="0" fbTx="0.57868218" lbTx="0.578683055" tId="1" fbRx="0.57868218" lbRx="0.578683055" />
<p fId="1" fbTx="0.578683055" lbTx="0.57868393" tId="4" fbRx="0.578683055" lbRx="0.57868393" />
<p fId="3" fbTx="0.578782096" lbTx="0.57878218" tId="0" fbRx="0.588782096" lbRx="0.58878218" />
<p fId="0" fbTx="0.57878218" lbTx="0.578783055" tId="1" fbRx="0.57878218" lbRx="0.578783055" />
<p fId="1" fbTx="0.578783055" lbTx="0.57878393" tId="4" fbRx="0.578783055" lbRx="0.57878393" />
<p fId="3" fbTx="0.578882096" lbTx="0.57888218" tId="0" fbRx="0.588882096" lbRx="0.58888218" />
<p fId="0" fbTx="0.57888218" lbTx="0.578883055" tId="1" fbRx="0.57888218" lbRx="0.578883055" />
<p fId="1" fbTx="0.578883055" lbTx="0.57888393" tId="4" fbRx="0.578883055" lbRx="0.57888393" />
<p fId="3" fbTx="0.578982096" lbTx="0.57898218" tId="0" fbRx="0.588982096" lbRx="0.58898218" />
<p fId="0" fbTx="0.57898218" lbTx="0.578983055" tId="1" fbRx="0.57898218" lbRx="0.578983055" />
<p fId="1" fbTx="0.578983055" lbTx="0.57898393" tId="4" fbRx="0.578983055" lbRx="0.57898393" />
<p fId="3" fbTx="0.579082096" lbTx="0.57908218" tId="0" fbRx="0.589082096" lbRx="0.58908218" />
<p fId="0" fbTx="0.57908218" lbTx="0.579083055" tId="1" fbRx="0.57908218" lbRx="0.579083055" />
<p fId="1" fbTx="0.579083055" lbTx="0.57908393" tId="4" fbRx="0.579083055" lbRx="0.57908393" />
<p fId="3" fbTx="0.579182096" lbTx="0.57918218" tId="0" fbRx="0.589182096" lbRx="0.58918218" />
<p fId="0" fbTx="0.57918218" lbTx="0.579183055" tId="1" fbRx="0.57918218" lbRx="0.579183055" />
<p fId="1" fbTx="0.579183055" lbTx="0.57918393" tId="4" fbRx="0.579183055" lbRx="0.57918393" />
<pr uId="557" fId="4" fbTx="0.579214286" />
<wpr uId="557" tId="5" fbRx="0.579214286" lbRx="0" />
<wpr uId="557" tId="6" fbRx="0.579214286" lbRx="0" />
<p fId="3" fbTx="0.579282096" lbTx="0.57928218" tId="0" fbRx="0.589282096" lbRx="0.58928218" />
<p fId="0" fbTx="0.57928218" lbTx="0.579283055" tId="1" fbRx="0.57928218" lbRx="0.579283055" />
<p fId="1" fbTx="0.579283055" lbTx="0.57928393" tId="4" fbRx="0.579283055" lbRx="0.57928393" />
<p fId="3" fbTx="0.579382096" lbTx="0.57938218" tId="0" fbRx="0.589382096" lbRx="0.58938218" />
<p fId="0" fbTx="0.57938218" lbTx="0.579383055" tId="1" fbRx="0.57938218" lbRx="0.579383055" />
<p fId="1" fbTx="0.579383055" lbTx="0.57938393" tId="4" fbRx="0.579383055" lbRx="0.57938393" />
<p fId="3" fbTx="0.579482096" lbTx="0.57948218" tId="0" fbRx="0.589482096" lbRx="0.58948218" />
<p fId="0" fbTx="0.57948218" lbTx="0.579483055" tId="1" fbRx="0.57948218" lbRx="0.579483055" />
<p fId="1" fbTx="0.579483055" lbTx="0.57948393" tId="4" fbRx="0.579483055" lbRx="0.57948393" />
<p fId="3" fbTx="0.579582096" lbTx="0.57958218" tId="0" fbRx="0.589582096" lbRx="0.58958218" />
<p fId="0" fbTx="0.57958218" lbTx="0.579583055" tId="1" fbRx="0.57958218" lbRx="0.579583055" />
<p fId="1" fbTx="0.579583055" lbTx="0.57958393" tId="4" fbRx="0.579583055" lbRx="0.57958393" />
<p fId="3" fbTx="0.579682096" lbTx="0.57968218" tId="0" fbRx="0.589682096" lbRx="0.58968218" />
<p fId="0" fbTx="0.57968218" lbTx="0.579683055" tId="1" fbRx="0.57968218" lbRx="0.579683055" />
<p fId="1" fbTx="0.579683055" lbTx="0.57968393" tId="4" fbRx="0.579683055" lbRx="0.57968393" />
<p fId="3" fbTx="0.579782096" lbTx="0.57978218" tId="0" fbRx="0.589782096" lbRx="0.58978218" />
<p fId="0" fbTx="0.57978218" lbTx="0.579783055" tId="1" fbRx="0.57978218" lbRx="0.579783055" />
<p fId="1" fbTx="0.579783055" lbTx="0.57978393" tId="4" fbRx="0.579783055" lbRx="0.57978393" />
<p fId="3" fbTx="0.579882096" lbTx="0.57988218" tId="0" fbRx="0.589882096" lbRx="0.58988218" />
<p fId="0" fbTx="0.57988218" lbTx="0.579883055" tId="1" fbRx="0.57988218" lbRx="0.579883055" />
<p fId="1" fbTx="0.579883055" lbTx="0.57988393" tId="4" fbRx="0.579883055" lbRx="0.57988393" />
<p fId="3" fbTx="0.579982096" lbTx="0.57998218" tId="0" fbRx="0.589982096" lbRx="0.58998218" />
<p fId="0" fbTx="0.57998218" lbTx="0.579983055" tId="1" fbRx="0.57998218" lbRx="0.579983055" />
<p fId="1" fbTx="0.579983055" lbTx="0.57998393" tId="4" fbRx="0.579983055" lbRx="0.57998393" />
<p fId="3" fbTx="0.580082096" lbTx="0.58008218" tId="0" fbRx="0.590082096" lbRx="0.59008218" />
<p fId="0" fbTx="0.58008218" lbTx="0.580083055" tId="1" fbRx="0.58008218" lbRx="0.580083055" />
<p fId="1" fbTx="0.580083055" lbTx="0.58008393" tId="4" fbRx="0.580083055" lbRx="0.58008393" />
<p fId="3" fbTx="0.580182096" lbTx="0.58018218" tId="0" fbRx="0.590182096" lbRx="0.59018218" />
<p fId="0" fbTx="0.58018218" lbTx="0.580183055" tId="1" fbRx="0.58018218" lbRx="0.580183055" />
<p fId="1" fbTx="0.580183055" lbTx="0.58018393" tId="4" fbRx="0.580183055" lbRx="0.58018393" />
<pr uId="558" fId="4" fbTx="0.580214286" />
<wpr uId="558" tId="5" fbRx="0.580214286" lbRx="0" />
<wpr uId="558" tId="6" fbRx="0.580214286" lbRx="0" />
<p fId="3" fbTx="0.580282096" lbTx="0.58028218" tId="0" fbRx="0.590282096" lbRx="0.59028218" />
<p fId="0" fbTx="0.58028218" lbTx="0.580283055" tId="1" fbRx="0.58028218" lbRx="0.580283055" />
<p fId="1" fbTx="0.580283055" lbTx="0.58028393" tId="4" fbRx="0.580283055" lbRx="0.58028393" />
<p fId="3" fbTx="0.580382096" lbTx="0.58038218" tId="0" fbRx="0.590382096" lbRx="0.59038218" />
<p fId="0" fbTx="0.58038218" lbTx="0.580383055" tId="1" fbRx="0.58038218" lbRx="0.580383055" />
<p fId="1" fbTx="0.580383055" lbTx="0.58038393" tId="4" fbRx="0.580383055" lbRx="0.58038393" />
<p fId="3" fbTx="0.580482096" lbTx="0.58048218" tId="0" fbRx="0.590482096" lbRx="0.59048218" />
<p fId="0" fbTx="0.58048218" lbTx="0.580483055" tId="1" fbRx="0.58048218" lbRx="0.580483055" />
<p fId="1" fbTx="0.580483055" lbTx="0.58048393" tId="4" fbRx="0.580483055" lbRx="0.58048393" />
<p fId="3" fbTx="0.580582096" lbTx="0.58058218" tId="0" fbRx="0.590582096" lbRx="0.59058218" />
<p fId="0" fbTx="0.58058218" lbTx="0.580583055" tId="1" fbRx="0.58058218" lbRx="0.580583055" />
<p fId="1" fbTx="0.580583055" lbTx="0.58058393" tId="4" fbRx="0.580583055" lbRx="0.58058393" />
<p fId="3" fbTx="0.580682096" lbTx="0.58068218" tId="0" fbRx="0.590682096" lbRx="0.59068218" />
<p fId="0" fbTx="0.58068218" lbTx="0.580683055" tId="1" fbRx="0.58068218" lbRx="0.580683055" />
<p fId="1" fbTx="0.580683055" lbTx="0.58068393" tId="4" fbRx="0.580683055" lbRx="0.58068393" />
<p fId="3" fbTx="0.580782096" lbTx="0.58078218" tId="0" fbRx="0.590782096" lbRx="0.59078218" />
<p fId="0" fbTx="0.58078218" lbTx="0.580783055" tId="1" fbRx="0.58078218" lbRx="0.580783055" />
<p fId="1" fbTx="0.580783055" lbTx="0.58078393" tId="4" fbRx="0.580783055" lbRx="0.58078393" />
<p fId="3" fbTx="0.580882096" lbTx="0.58088218" tId="0" fbRx="0.590882096" lbRx="0.59088218" />
<p fId="0" fbTx="0.58088218" lbTx="0.580883055" tId="1" fbRx="0.58088218" lbRx="0.580883055" />
<p fId="1" fbTx="0.580883055" lbTx="0.58088393" tId="4" fbRx="0.580883055" lbRx="0.58088393" />
<p fId="3" fbTx="0.580982096" lbTx="0.58098218" tId="0" fbRx="0.590982096" lbRx="0.59098218" />
<p fId="0" fbTx="0.58098218" lbTx="0.580983055" tId="1" fbRx="0.58098218" lbRx="0.580983055" />
<p fId="1" fbTx="0.580983055" lbTx="0.58098393" tId="4" fbRx="0.580983055" lbRx="0.58098393" />
<p fId="3" fbTx="0.581082096" lbTx="0.58108218" tId="0" fbRx="0.591082096" lbRx="0.59108218" />
<p fId="0" fbTx="0.58108218" lbTx="0.581083055" tId="1" fbRx="0.58108218" lbRx="0.581083055" />
<p fId="1" fbTx="0.581083055" lbTx="0.58108393" tId="4" fbRx="0.581083055" lbRx="0.58108393" />
<p fId="3" fbTx="0.581182096" lbTx="0.58118218" tId="0" fbRx="0.591182096" lbRx="0.59118218" />
<p fId="0" fbTx="0.58118218" lbTx="0.581183055" tId="1" fbRx="0.58118218" lbRx="0.581183055" />
<p fId="1" fbTx="0.581183055" lbTx="0.58118393" tId="4" fbRx="0.581183055" lbRx="0.58118393" />
<pr uId="559" fId="4" fbTx="0.581214286" />
<wpr uId="559" tId="5" fbRx="0.581214286" lbRx="0" />
<wpr uId="559" tId="6" fbRx="0.581214286" lbRx="0" />
<p fId="3" fbTx="0.581282096" lbTx="0.58128218" tId="0" fbRx="0.591282096" lbRx="0.59128218" />
<p fId="0" fbTx="0.58128218" lbTx="0.581283055" tId="1" fbRx="0.58128218" lbRx="0.581283055" />
<p fId="1" fbTx="0.581283055" lbTx="0.58128393" tId="4" fbRx="0.581283055" lbRx="0.58128393" />
<p fId="3" fbTx="0.581382096" lbTx="0.58138218" tId="0" fbRx="0.591382096" lbRx="0.59138218" />
<p fId="0" fbTx="0.58138218" lbTx="0.581383055" tId="1" fbRx="0.58138218" lbRx="0.581383055" />
<p fId="1" fbTx="0.581383055" lbTx="0.58138393" tId="4" fbRx="0.581383055" lbRx="0.58138393" />
<p fId="3" fbTx="0.581482096" lbTx="0.58148218" tId="0" fbRx="0.591482096" lbRx="0.59148218" />
<p fId="0" fbTx="0.58148218" lbTx="0.581483055" tId="1" fbRx="0.58148218" lbRx="0.581483055" />
<p fId="1" fbTx="0.581483055" lbTx="0.58148393" tId="4" fbRx="0.581483055" lbRx="0.58148393" />
<p fId="3" fbTx="0.581582096" lbTx="0.58158218" tId="0" fbRx="0.591582096" lbRx="0.59158218" />
<p fId="0" fbTx="0.58158218" lbTx="0.581583055" tId="1" fbRx="0.58158218" lbRx="0.581583055" />
<p fId="1" fbTx="0.581583055" lbTx="0.58158393" tId="4" fbRx="0.581583055" lbRx="0.58158393" />
<p fId="3" fbTx="0.581682096" lbTx="0.58168218" tId="0" fbRx="0.591682096" lbRx="0.59168218" />
<p fId="0" fbTx="0.58168218" lbTx="0.581683055" tId="1" fbRx="0.58168218" lbRx="0.581683055" />
<p fId="1" fbTx="0.581683055" lbTx="0.58168393" tId="4" fbRx="0.581683055" lbRx="0.58168393" />
<p fId="3" fbTx="0.581782096" lbTx="0.58178218" tId="0" fbRx="0.591782096" lbRx="0.59178218" />
<p fId="0" fbTx="0.58178218" lbTx="0.581783055" tId="1" fbRx="0.58178218" lbRx="0.581783055" />
<p fId="1" fbTx="0.581783055" lbTx="0.58178393" tId="4" fbRx="0.581783055" lbRx="0.58178393" />
<p fId="3" fbTx="0.581882096" lbTx="0.58188218" tId="0" fbRx="0.591882096" lbRx="0.59188218" />
<p fId="0" fbTx="0.58188218" lbTx="0.581883055" tId="1" fbRx="0.58188218" lbRx="0.581883055" />
<p fId="1" fbTx="0.581883055" lbTx="0.58188393" tId="4" fbRx="0.581883055" lbRx="0.58188393" />
<p fId="3" fbTx="0.581982096" lbTx="0.58198218" tId="0" fbRx="0.591982096" lbRx="0.59198218" />
<p fId="0" fbTx="0.58198218" lbTx="0.581983055" tId="1" fbRx="0.58198218" lbRx="0.581983055" />
<p fId="1" fbTx="0.581983055" lbTx="0.58198393" tId="4" fbRx="0.581983055" lbRx="0.58198393" />
<p fId="3" fbTx="0.582082096" lbTx="0.58208218" tId="0" fbRx="0.592082096" lbRx="0.59208218" />
<p fId="0" fbTx="0.58208218" lbTx="0.582083055" tId="1" fbRx="0.58208218" lbRx="0.582083055" />
<p fId="1" fbTx="0.582083055" lbTx="0.58208393" tId="4" fbRx="0.582083055" lbRx="0.58208393" />
<p fId="3" fbTx="0.582182096" lbTx="0.58218218" tId="0" fbRx="0.592182096" lbRx="0.59218218" />
<p fId="0" fbTx="0.58218218" lbTx="0.582183055" tId="1" fbRx="0.58218218" lbRx="0.582183055" />
<p fId="1" fbTx="0.582183055" lbTx="0.58218393" tId="4" fbRx="0.582183055" lbRx="0.58218393" />
<pr uId="560" fId="4" fbTx="0.582214286" />
<wpr uId="560" tId="5" fbRx="0.582214286" lbRx="0" />
<wpr uId="560" tId="6" fbRx="0.582214286" lbRx="0" />
<p fId="3" fbTx="0.582282096" lbTx="0.58228218" tId="0" fbRx="0.592282096" lbRx="0.59228218" />
<p fId="0" fbTx="0.58228218" lbTx="0.582283055" tId="1" fbRx="0.58228218" lbRx="0.582283055" />
<p fId="1" fbTx="0.582283055" lbTx="0.58228393" tId="4" fbRx="0.582283055" lbRx="0.58228393" />
<p fId="3" fbTx="0.582382096" lbTx="0.58238218" tId="0" fbRx="0.592382096" lbRx="0.59238218" />
<p fId="0" fbTx="0.58238218" lbTx="0.582383055" tId="1" fbRx="0.58238218" lbRx="0.582383055" />
<p fId="1" fbTx="0.582383055" lbTx="0.58238393" tId="4" fbRx="0.582383055" lbRx="0.58238393" />
<p fId="3" fbTx="0.582482096" lbTx="0.58248218" tId="0" fbRx="0.592482096" lbRx="0.59248218" />
<p fId="0" fbTx="0.58248218" lbTx="0.582483055" tId="1" fbRx="0.58248218" lbRx="0.582483055" />
<p fId="1" fbTx="0.582483055" lbTx="0.58248393" tId="4" fbRx="0.582483055" lbRx="0.58248393" />
<p fId="3" fbTx="0.582582096" lbTx="0.58258218" tId="0" fbRx="0.592582096" lbRx="0.59258218" />
<p fId="0" fbTx="0.58258218" lbTx="0.582583055" tId="1" fbRx="0.58258218" lbRx="0.582583055" />
<p fId="1" fbTx="0.582583055" lbTx="0.58258393" tId="4" fbRx="0.582583055" lbRx="0.58258393" />
<p fId="3" fbTx="0.582682096" lbTx="0.58268218" tId="0" fbRx="0.592682096" lbRx="0.59268218" />
<p fId="0" fbTx="0.58268218" lbTx="0.582683055" tId="1" fbRx="0.58268218" lbRx="0.582683055" />
<p fId="1" fbTx="0.582683055" lbTx="0.58268393" tId="4" fbRx="0.582683055" lbRx="0.58268393" />
<p fId="3" fbTx="0.582782096" lbTx="0.58278218" tId="0" fbRx="0.592782096" lbRx="0.59278218" />
<p fId="0" fbTx="0.58278218" lbTx="0.582783055" tId="1" fbRx="0.58278218" lbRx="0.582783055" />
<p fId="1" fbTx="0.582783055" lbTx="0.58278393" tId="4" fbRx="0.582783055" lbRx="0.58278393" />
<p fId="3" fbTx="0.582882096" lbTx="0.58288218" tId="0" fbRx="0.592882096" lbRx="0.59288218" />
<p fId="0" fbTx="0.58288218" lbTx="0.582883055" tId="1" fbRx="0.58288218" lbRx="0.582883055" />
<p fId="1" fbTx="0.582883055" lbTx="0.58288393" tId="4" fbRx="0.582883055" lbRx="0.58288393" />
<p fId="3" fbTx="0.582982096" lbTx="0.58298218" tId="0" fbRx="0.592982096" lbRx="0.59298218" />
<p fId="0" fbTx="0.58298218" lbTx="0.582983055" tId="1" fbRx="0.58298218" lbRx="0.582983055" />
<p fId="1" fbTx="0.582983055" lbTx="0.58298393" tId="4" fbRx="0.582983055" lbRx="0.58298393" />
<p fId="3" fbTx="0.583082096" lbTx="0.58308218" tId="0" fbRx="0.593082096" lbRx="0.59308218" />
<p fId="0" fbTx="0.58308218" lbTx="0.583083055" tId="1" fbRx="0.58308218" lbRx="0.583083055" />
<p fId="1" fbTx="0.583083055" lbTx="0.58308393" tId="4" fbRx="0.583083055" lbRx="0.58308393" />
<p fId="3" fbTx="0.583182096" lbTx="0.58318218" tId="0" fbRx="0.593182096" lbRx="0.59318218" />
<p fId="0" fbTx="0.58318218" lbTx="0.583183055" tId="1" fbRx="0.58318218" lbRx="0.583183055" />
<p fId="1" fbTx="0.583183055" lbTx="0.58318393" tId="4" fbRx="0.583183055" lbRx="0.58318393" />
<pr uId="561" fId="4" fbTx="0.583214286" />
<wpr uId="561" tId="5" fbRx="0.583214286" lbRx="0" />
<wpr uId="561" tId="6" fbRx="0.583214286" lbRx="0" />
<p fId="3" fbTx="0.583282096" lbTx="0.58328218" tId="0" fbRx="0.593282096" lbRx="0.59328218" />
<p fId="0" fbTx="0.58328218" lbTx="0.583283055" tId="1" fbRx="0.58328218" lbRx="0.583283055" />
<p fId="1" fbTx="0.583283055" lbTx="0.58328393" tId="4" fbRx="0.583283055" lbRx="0.58328393" />
<p fId="3" fbTx="0.583382096" lbTx="0.58338218" tId="0" fbRx="0.593382096" lbRx="0.59338218" />
<p fId="0" fbTx="0.58338218" lbTx="0.583383055" tId="1" fbRx="0.58338218" lbRx="0.583383055" />
<p fId="1" fbTx="0.583383055" lbTx="0.58338393" tId="4" fbRx="0.583383055" lbRx="0.58338393" />
<p fId="3" fbTx="0.583482096" lbTx="0.58348218" tId="0" fbRx="0.593482096" lbRx="0.59348218" />
<p fId="0" fbTx="0.58348218" lbTx="0.583483055" tId="1" fbRx="0.58348218" lbRx="0.583483055" />
<p fId="1" fbTx="0.583483055" lbTx="0.58348393" tId="4" fbRx="0.583483055" lbRx="0.58348393" />
<p fId="3" fbTx="0.583582096" lbTx="0.58358218" tId="0" fbRx="0.593582096" lbRx="0.59358218" />
<p fId="0" fbTx="0.58358218" lbTx="0.583583055" tId="1" fbRx="0.58358218" lbRx="0.583583055" />
<p fId="1" fbTx="0.583583055" lbTx="0.58358393" tId="4" fbRx="0.583583055" lbRx="0.58358393" />
<p fId="3" fbTx="0.583682096" lbTx="0.58368218" tId="0" fbRx="0.593682096" lbRx="0.59368218" />
<p fId="0" fbTx="0.58368218" lbTx="0.583683055" tId="1" fbRx="0.58368218" lbRx="0.583683055" />
<p fId="1" fbTx="0.583683055" lbTx="0.58368393" tId="4" fbRx="0.583683055" lbRx="0.58368393" />
<p fId="3" fbTx="0.583782096" lbTx="0.58378218" tId="0" fbRx="0.593782096" lbRx="0.59378218" />
<p fId="0" fbTx="0.58378218" lbTx="0.583783055" tId="1" fbRx="0.58378218" lbRx="0.583783055" />
<p fId="1" fbTx="0.583783055" lbTx="0.58378393" tId="4" fbRx="0.583783055" lbRx="0.58378393" />
<p fId="3" fbTx="0.583882096" lbTx="0.58388218" tId="0" fbRx="0.593882096" lbRx="0.59388218" />
<p fId="0" fbTx="0.58388218" lbTx="0.583883055" tId="1" fbRx="0.58388218" lbRx="0.583883055" />
<p fId="1" fbTx="0.583883055" lbTx="0.58388393" tId="4" fbRx="0.583883055" lbRx="0.58388393" />
<p fId="3" fbTx="0.583982096" lbTx="0.58398218" tId="0" fbRx="0.593982096" lbRx="0.59398218" />
<p fId="0" fbTx="0.58398218" lbTx="0.583983055" tId="1" fbRx="0.58398218" lbRx="0.583983055" />
<p fId="1" fbTx="0.583983055" lbTx="0.58398393" tId="4" fbRx="0.583983055" lbRx="0.58398393" />
<p fId="3" fbTx="0.584082096" lbTx="0.58408218" tId="0" fbRx="0.594082096" lbRx="0.59408218" />
<p fId="0" fbTx="0.58408218" lbTx="0.584083055" tId="1" fbRx="0.58408218" lbRx="0.584083055" />
<p fId="1" fbTx="0.584083055" lbTx="0.58408393" tId="4" fbRx="0.584083055" lbRx="0.58408393" />
<p fId="3" fbTx="0.584182096" lbTx="0.58418218" tId="0" fbRx="0.594182096" lbRx="0.59418218" />
<p fId="0" fbTx="0.58418218" lbTx="0.584183055" tId="1" fbRx="0.58418218" lbRx="0.584183055" />
<p fId="1" fbTx="0.584183055" lbTx="0.58418393" tId="4" fbRx="0.584183055" lbRx="0.58418393" />
<pr uId="562" fId="4" fbTx="0.584214286" />
<wpr uId="562" tId="5" fbRx="0.584214286" lbRx="0" />
<wpr uId="562" tId="6" fbRx="0.584214286" lbRx="0" />
<p fId="3" fbTx="0.584282096" lbTx="0.58428218" tId="0" fbRx="0.594282096" lbRx="0.59428218" />
<p fId="0" fbTx="0.58428218" lbTx="0.584283055" tId="1" fbRx="0.58428218" lbRx="0.584283055" />
<p fId="1" fbTx="0.584283055" lbTx="0.58428393" tId="4" fbRx="0.584283055" lbRx="0.58428393" />
<p fId="3" fbTx="0.584382096" lbTx="0.58438218" tId="0" fbRx="0.594382096" lbRx="0.59438218" />
<p fId="0" fbTx="0.58438218" lbTx="0.584383055" tId="1" fbRx="0.58438218" lbRx="0.584383055" />
<p fId="1" fbTx="0.584383055" lbTx="0.58438393" tId="4" fbRx="0.584383055" lbRx="0.58438393" />
<p fId="3" fbTx="0.584482096" lbTx="0.58448218" tId="0" fbRx="0.594482096" lbRx="0.59448218" />
<p fId="0" fbTx="0.58448218" lbTx="0.584483055" tId="1" fbRx="0.58448218" lbRx="0.584483055" />
<p fId="1" fbTx="0.584483055" lbTx="0.58448393" tId="4" fbRx="0.584483055" lbRx="0.58448393" />
<p fId="3" fbTx="0.584582096" lbTx="0.58458218" tId="0" fbRx="0.594582096" lbRx="0.59458218" />
<p fId="0" fbTx="0.58458218" lbTx="0.584583055" tId="1" fbRx="0.58458218" lbRx="0.584583055" />
<p fId="1" fbTx="0.584583055" lbTx="0.58458393" tId="4" fbRx="0.584583055" lbRx="0.58458393" />
<p fId="3" fbTx="0.584682096" lbTx="0.58468218" tId="0" fbRx="0.594682096" lbRx="0.59468218" />
<p fId="0" fbTx="0.58468218" lbTx="0.584683055" tId="1" fbRx="0.58468218" lbRx="0.584683055" />
<p fId="1" fbTx="0.584683055" lbTx="0.58468393" tId="4" fbRx="0.584683055" lbRx="0.58468393" />
<p fId="3" fbTx="0.584782096" lbTx="0.58478218" tId="0" fbRx="0.594782096" lbRx="0.59478218" />
<p fId="0" fbTx="0.58478218" lbTx="0.584783055" tId="1" fbRx="0.58478218" lbRx="0.584783055" />
<p fId="1" fbTx="0.584783055" lbTx="0.58478393" tId="4" fbRx="0.584783055" lbRx="0.58478393" />
<p fId="3" fbTx="0.584882096" lbTx="0.58488218" tId="0" fbRx="0.594882096" lbRx="0.59488218" />
<p fId="0" fbTx="0.58488218" lbTx="0.584883055" tId="1" fbRx="0.58488218" lbRx="0.584883055" />
<p fId="1" fbTx="0.584883055" lbTx="0.58488393" tId="4" fbRx="0.584883055" lbRx="0.58488393" />
<p fId="3" fbTx="0.584982096" lbTx="0.58498218" tId="0" fbRx="0.594982096" lbRx="0.59498218" />
<p fId="0" fbTx="0.58498218" lbTx="0.584983055" tId="1" fbRx="0.58498218" lbRx="0.584983055" />
<p fId="1" fbTx="0.584983055" lbTx="0.58498393" tId="4" fbRx="0.584983055" lbRx="0.58498393" />
<p fId="3" fbTx="0.585082096" lbTx="0.58508218" tId="0" fbRx="0.595082096" lbRx="0.59508218" />
<p fId="0" fbTx="0.58508218" lbTx="0.585083055" tId="1" fbRx="0.58508218" lbRx="0.585083055" />
<p fId="1" fbTx="0.585083055" lbTx="0.58508393" tId="4" fbRx="0.585083055" lbRx="0.58508393" />
<p fId="3" fbTx="0.585182096" lbTx="0.58518218" tId="0" fbRx="0.595182096" lbRx="0.59518218" />
<p fId="0" fbTx="0.58518218" lbTx="0.585183055" tId="1" fbRx="0.58518218" lbRx="0.585183055" />
<p fId="1" fbTx="0.585183055" lbTx="0.58518393" tId="4" fbRx="0.585183055" lbRx="0.58518393" />
<pr uId="563" fId="4" fbTx="0.585214286" />
<wpr uId="563" tId="5" fbRx="0.585214286" lbRx="0" />
<wpr uId="563" tId="6" fbRx="0.585214286" lbRx="0" />
<p fId="3" fbTx="0.585282096" lbTx="0.58528218" tId="0" fbRx="0.595282096" lbRx="0.59528218" />
<p fId="0" fbTx="0.58528218" lbTx="0.585283055" tId="1" fbRx="0.58528218" lbRx="0.585283055" />
<p fId="1" fbTx="0.585283055" lbTx="0.58528393" tId="4" fbRx="0.585283055" lbRx="0.58528393" />
<p fId="3" fbTx="0.585382096" lbTx="0.58538218" tId="0" fbRx="0.595382096" lbRx="0.59538218" />
<p fId="0" fbTx="0.58538218" lbTx="0.585383055" tId="1" fbRx="0.58538218" lbRx="0.585383055" />
<p fId="1" fbTx="0.585383055" lbTx="0.58538393" tId="4" fbRx="0.585383055" lbRx="0.58538393" />
<p fId="3" fbTx="0.585482096" lbTx="0.58548218" tId="0" fbRx="0.595482096" lbRx="0.59548218" />
<p fId="0" fbTx="0.58548218" lbTx="0.585483055" tId="1" fbRx="0.58548218" lbRx="0.585483055" />
<p fId="1" fbTx="0.585483055" lbTx="0.58548393" tId="4" fbRx="0.585483055" lbRx="0.58548393" />
<p fId="3" fbTx="0.585582096" lbTx="0.58558218" tId="0" fbRx="0.595582096" lbRx="0.59558218" />
<p fId="0" fbTx="0.58558218" lbTx="0.585583055" tId="1" fbRx="0.58558218" lbRx="0.585583055" />
<p fId="1" fbTx="0.585583055" lbTx="0.58558393" tId="4" fbRx="0.585583055" lbRx="0.58558393" />
<p fId="3" fbTx="0.585682096" lbTx="0.58568218" tId="0" fbRx="0.595682096" lbRx="0.59568218" />
<p fId="0" fbTx="0.58568218" lbTx="0.585683055" tId="1" fbRx="0.58568218" lbRx="0.585683055" />
<p fId="1" fbTx="0.585683055" lbTx="0.58568393" tId="4" fbRx="0.585683055" lbRx="0.58568393" />
<p fId="3" fbTx="0.585782096" lbTx="0.58578218" tId="0" fbRx="0.595782096" lbRx="0.59578218" />
<p fId="0" fbTx="0.58578218" lbTx="0.585783055" tId="1" fbRx="0.58578218" lbRx="0.585783055" />
<p fId="1" fbTx="0.585783055" lbTx="0.58578393" tId="4" fbRx="0.585783055" lbRx="0.58578393" />
<p fId="3" fbTx="0.585882096" lbTx="0.58588218" tId="0" fbRx="0.595882096" lbRx="0.59588218" />
<p fId="0" fbTx="0.58588218" lbTx="0.585883055" tId="1" fbRx="0.58588218" lbRx="0.585883055" />
<p fId="1" fbTx="0.585883055" lbTx="0.58588393" tId="4" fbRx="0.585883055" lbRx="0.58588393" />
<p fId="3" fbTx="0.585982096" lbTx="0.58598218" tId="0" fbRx="0.595982096" lbRx="0.59598218" />
<p fId="0" fbTx="0.58598218" lbTx="0.585983055" tId="1" fbRx="0.58598218" lbRx="0.585983055" />
<p fId="1" fbTx="0.585983055" lbTx="0.58598393" tId="4" fbRx="0.585983055" lbRx="0.58598393" />
<p fId="3" fbTx="0.586082096" lbTx="0.58608218" tId="0" fbRx="0.596082096" lbRx="0.59608218" />
<p fId="0" fbTx="0.58608218" lbTx="0.586083055" tId="1" fbRx="0.58608218" lbRx="0.586083055" />
<p fId="1" fbTx="0.586083055" lbTx="0.58608393" tId="4" fbRx="0.586083055" lbRx="0.58608393" />
<p fId="3" fbTx="0.586182096" lbTx="0.58618218" tId="0" fbRx="0.596182096" lbRx="0.59618218" />
<p fId="0" fbTx="0.58618218" lbTx="0.586183055" tId="1" fbRx="0.58618218" lbRx="0.586183055" />
<p fId="1" fbTx="0.586183055" lbTx="0.58618393" tId="4" fbRx="0.586183055" lbRx="0.58618393" />
<pr uId="564" fId="4" fbTx="0.586214286" />
<wpr uId="564" tId="5" fbRx="0.586214286" lbRx="0" />
<wpr uId="564" tId="6" fbRx="0.586214286" lbRx="0" />
<p fId="3" fbTx="0.586282096" lbTx="0.58628218" tId="0" fbRx="0.596282096" lbRx="0.59628218" />
<p fId="0" fbTx="0.58628218" lbTx="0.586283055" tId="1" fbRx="0.58628218" lbRx="0.586283055" />
<p fId="1" fbTx="0.586283055" lbTx="0.58628393" tId="4" fbRx="0.586283055" lbRx="0.58628393" />
<p fId="3" fbTx="0.586382096" lbTx="0.58638218" tId="0" fbRx="0.596382096" lbRx="0.59638218" />
<p fId="0" fbTx="0.58638218" lbTx="0.586383055" tId="1" fbRx="0.58638218" lbRx="0.586383055" />
<p fId="1" fbTx="0.586383055" lbTx="0.58638393" tId="4" fbRx="0.586383055" lbRx="0.58638393" />
<p fId="3" fbTx="0.586482096" lbTx="0.58648218" tId="0" fbRx="0.596482096" lbRx="0.59648218" />
<p fId="0" fbTx="0.58648218" lbTx="0.586483055" tId="1" fbRx="0.58648218" lbRx="0.586483055" />
<p fId="1" fbTx="0.586483055" lbTx="0.58648393" tId="4" fbRx="0.586483055" lbRx="0.58648393" />
<p fId="3" fbTx="0.586582096" lbTx="0.58658218" tId="0" fbRx="0.596582096" lbRx="0.59658218" />
<p fId="0" fbTx="0.58658218" lbTx="0.586583055" tId="1" fbRx="0.58658218" lbRx="0.586583055" />
<p fId="1" fbTx="0.586583055" lbTx="0.58658393" tId="4" fbRx="0.586583055" lbRx="0.58658393" />
<p fId="3" fbTx="0.586682096" lbTx="0.58668218" tId="0" fbRx="0.596682096" lbRx="0.59668218" />
<p fId="0" fbTx="0.58668218" lbTx="0.586683055" tId="1" fbRx="0.58668218" lbRx="0.586683055" />
<p fId="1" fbTx="0.586683055" lbTx="0.58668393" tId="4" fbRx="0.586683055" lbRx="0.58668393" />
<p fId="3" fbTx="0.586782096" lbTx="0.58678218" tId="0" fbRx="0.596782096" lbRx="0.59678218" />
<p fId="0" fbTx="0.58678218" lbTx="0.586783055" tId="1" fbRx="0.58678218" lbRx="0.586783055" />
<p fId="1" fbTx="0.586783055" lbTx="0.58678393" tId="4" fbRx="0.586783055" lbRx="0.58678393" />
<p fId="3" fbTx="0.586882096" lbTx="0.58688218" tId="0" fbRx="0.596882096" lbRx="0.59688218" />
<p fId="0" fbTx="0.58688218" lbTx="0.586883055" tId="1" fbRx="0.58688218" lbRx="0.586883055" />
<p fId="1" fbTx="0.586883055" lbTx="0.58688393" tId="4" fbRx="0.586883055" lbRx="0.58688393" />
<p fId="3" fbTx="0.586982096" lbTx="0.58698218" tId="0" fbRx="0.596982096" lbRx="0.59698218" />
<p fId="0" fbTx="0.58698218" lbTx="0.586983055" tId="1" fbRx="0.58698218" lbRx="0.586983055" />
<p fId="1" fbTx="0.586983055" lbTx="0.58698393" tId="4" fbRx="0.586983055" lbRx="0.58698393" />
<p fId="3" fbTx="0.587082096" lbTx="0.58708218" tId="0" fbRx="0.597082096" lbRx="0.59708218" />
<p fId="0" fbTx="0.58708218" lbTx="0.587083055" tId="1" fbRx="0.58708218" lbRx="0.587083055" />
<p fId="1" fbTx="0.587083055" lbTx="0.58708393" tId="4" fbRx="0.587083055" lbRx="0.58708393" />
<p fId="3" fbTx="0.587182096" lbTx="0.58718218" tId="0" fbRx="0.597182096" lbRx="0.59718218" />
<p fId="0" fbTx="0.58718218" lbTx="0.587183055" tId="1" fbRx="0.58718218" lbRx="0.587183055" />
<p fId="1" fbTx="0.587183055" lbTx="0.58718393" tId="4" fbRx="0.587183055" lbRx="0.58718393" />
<pr uId="565" fId="4" fbTx="0.587214286" />
<wpr uId="565" tId="5" fbRx="0.587214286" lbRx="0" />
<wpr uId="565" tId="6" fbRx="0.587214286" lbRx="0" />
<p fId="3" fbTx="0.587282096" lbTx="0.58728218" tId="0" fbRx="0.597282096" lbRx="0.59728218" />
<p fId="0" fbTx="0.58728218" lbTx="0.587283055" tId="1" fbRx="0.58728218" lbRx="0.587283055" />
<p fId="1" fbTx="0.587283055" lbTx="0.58728393" tId="4" fbRx="0.587283055" lbRx="0.58728393" />
<p fId="3" fbTx="0.587382096" lbTx="0.58738218" tId="0" fbRx="0.597382096" lbRx="0.59738218" />
<p fId="0" fbTx="0.58738218" lbTx="0.587383055" tId="1" fbRx="0.58738218" lbRx="0.587383055" />
<p fId="1" fbTx="0.587383055" lbTx="0.58738393" tId="4" fbRx="0.587383055" lbRx="0.58738393" />
<p fId="3" fbTx="0.587482096" lbTx="0.58748218" tId="0" fbRx="0.597482096" lbRx="0.59748218" />
<p fId="0" fbTx="0.58748218" lbTx="0.587483055" tId="1" fbRx="0.58748218" lbRx="0.587483055" />
<p fId="1" fbTx="0.587483055" lbTx="0.58748393" tId="4" fbRx="0.587483055" lbRx="0.58748393" />
<p fId="3" fbTx="0.587582096" lbTx="0.58758218" tId="0" fbRx="0.597582096" lbRx="0.59758218" />
<p fId="0" fbTx="0.58758218" lbTx="0.587583055" tId="1" fbRx="0.58758218" lbRx="0.587583055" />
<p fId="1" fbTx="0.587583055" lbTx="0.58758393" tId="4" fbRx="0.587583055" lbRx="0.58758393" />
<p fId="3" fbTx="0.587682096" lbTx="0.58768218" tId="0" fbRx="0.597682096" lbRx="0.59768218" />
<p fId="0" fbTx="0.58768218" lbTx="0.587683055" tId="1" fbRx="0.58768218" lbRx="0.587683055" />
<p fId="1" fbTx="0.587683055" lbTx="0.58768393" tId="4" fbRx="0.587683055" lbRx="0.58768393" />
<p fId="3" fbTx="0.587782096" lbTx="0.58778218" tId="0" fbRx="0.597782096" lbRx="0.59778218" />
<p fId="0" fbTx="0.58778218" lbTx="0.587783055" tId="1" fbRx="0.58778218" lbRx="0.587783055" />
<p fId="1" fbTx="0.587783055" lbTx="0.58778393" tId="4" fbRx="0.587783055" lbRx="0.58778393" />
<p fId="3" fbTx="0.587882096" lbTx="0.58788218" tId="0" fbRx="0.597882096" lbRx="0.59788218" />
<p fId="0" fbTx="0.58788218" lbTx="0.587883055" tId="1" fbRx="0.58788218" lbRx="0.587883055" />
<p fId="1" fbTx="0.587883055" lbTx="0.58788393" tId="4" fbRx="0.587883055" lbRx="0.58788393" />
<p fId="3" fbTx="0.587982096" lbTx="0.58798218" tId="0" fbRx="0.597982096" lbRx="0.59798218" />
<p fId="0" fbTx="0.58798218" lbTx="0.587983055" tId="1" fbRx="0.58798218" lbRx="0.587983055" />
<p fId="1" fbTx="0.587983055" lbTx="0.58798393" tId="4" fbRx="0.587983055" lbRx="0.58798393" />
<p fId="3" fbTx="0.588082096" lbTx="0.58808218" tId="0" fbRx="0.598082096" lbRx="0.59808218" />
<p fId="0" fbTx="0.58808218" lbTx="0.588083055" tId="1" fbRx="0.58808218" lbRx="0.588083055" />
<p fId="1" fbTx="0.588083055" lbTx="0.58808393" tId="4" fbRx="0.588083055" lbRx="0.58808393" />
<p fId="3" fbTx="0.588182096" lbTx="0.58818218" tId="0" fbRx="0.598182096" lbRx="0.59818218" />
<p fId="0" fbTx="0.58818218" lbTx="0.588183055" tId="1" fbRx="0.58818218" lbRx="0.588183055" />
<p fId="1" fbTx="0.588183055" lbTx="0.58818393" tId="4" fbRx="0.588183055" lbRx="0.58818393" />
<pr uId="566" fId="4" fbTx="0.588214286" />
<wpr uId="566" tId="5" fbRx="0.588214286" lbRx="0" />
<wpr uId="566" tId="6" fbRx="0.588214286" lbRx="0" />
<p fId="3" fbTx="0.588282096" lbTx="0.58828218" tId="0" fbRx="0.598282096" lbRx="0.59828218" />
<p fId="0" fbTx="0.58828218" lbTx="0.588283055" tId="1" fbRx="0.58828218" lbRx="0.588283055" />
<p fId="1" fbTx="0.588283055" lbTx="0.58828393" tId="4" fbRx="0.588283055" lbRx="0.58828393" />
<p fId="3" fbTx="0.588382096" lbTx="0.58838218" tId="0" fbRx="0.598382096" lbRx="0.59838218" />
<p fId="0" fbTx="0.58838218" lbTx="0.588383055" tId="1" fbRx="0.58838218" lbRx="0.588383055" />
<p fId="1" fbTx="0.588383055" lbTx="0.58838393" tId="4" fbRx="0.588383055" lbRx="0.58838393" />
<p fId="3" fbTx="0.588482096" lbTx="0.58848218" tId="0" fbRx="0.598482096" lbRx="0.59848218" />
<p fId="0" fbTx="0.58848218" lbTx="0.588483055" tId="1" fbRx="0.58848218" lbRx="0.588483055" />
<p fId="1" fbTx="0.588483055" lbTx="0.58848393" tId="4" fbRx="0.588483055" lbRx="0.58848393" />
<p fId="3" fbTx="0.588582096" lbTx="0.58858218" tId="0" fbRx="0.598582096" lbRx="0.59858218" />
<p fId="0" fbTx="0.58858218" lbTx="0.588583055" tId="1" fbRx="0.58858218" lbRx="0.588583055" />
<p fId="1" fbTx="0.588583055" lbTx="0.58858393" tId="4" fbRx="0.588583055" lbRx="0.58858393" />
<p fId="3" fbTx="0.588682096" lbTx="0.58868218" tId="0" fbRx="0.598682096" lbRx="0.59868218" />
<p fId="0" fbTx="0.58868218" lbTx="0.588683055" tId="1" fbRx="0.58868218" lbRx="0.588683055" />
<p fId="1" fbTx="0.588683055" lbTx="0.58868393" tId="4" fbRx="0.588683055" lbRx="0.58868393" />
<p fId="3" fbTx="0.588782096" lbTx="0.58878218" tId="0" fbRx="0.598782096" lbRx="0.59878218" />
<p fId="0" fbTx="0.58878218" lbTx="0.588783055" tId="1" fbRx="0.58878218" lbRx="0.588783055" />
<p fId="1" fbTx="0.588783055" lbTx="0.58878393" tId="4" fbRx="0.588783055" lbRx="0.58878393" />
<p fId="3" fbTx="0.588882096" lbTx="0.58888218" tId="0" fbRx="0.598882096" lbRx="0.59888218" />
<p fId="0" fbTx="0.58888218" lbTx="0.588883055" tId="1" fbRx="0.58888218" lbRx="0.588883055" />
<p fId="1" fbTx="0.588883055" lbTx="0.58888393" tId="4" fbRx="0.588883055" lbRx="0.58888393" />
<p fId="3" fbTx="0.588982096" lbTx="0.58898218" tId="0" fbRx="0.598982096" lbRx="0.59898218" />
<p fId="0" fbTx="0.58898218" lbTx="0.588983055" tId="1" fbRx="0.58898218" lbRx="0.588983055" />
<p fId="1" fbTx="0.588983055" lbTx="0.58898393" tId="4" fbRx="0.588983055" lbRx="0.58898393" />
<p fId="3" fbTx="0.589082096" lbTx="0.58908218" tId="0" fbRx="0.599082096" lbRx="0.59908218" />
<p fId="0" fbTx="0.58908218" lbTx="0.589083055" tId="1" fbRx="0.58908218" lbRx="0.589083055" />
<p fId="1" fbTx="0.589083055" lbTx="0.58908393" tId="4" fbRx="0.589083055" lbRx="0.58908393" />
<p fId="3" fbTx="0.589182096" lbTx="0.58918218" tId="0" fbRx="0.599182096" lbRx="0.59918218" />
<p fId="0" fbTx="0.58918218" lbTx="0.589183055" tId="1" fbRx="0.58918218" lbRx="0.589183055" />
<p fId="1" fbTx="0.589183055" lbTx="0.58918393" tId="4" fbRx="0.589183055" lbRx="0.58918393" />
<pr uId="567" fId="4" fbTx="0.589214286" />
<wpr uId="567" tId="5" fbRx="0.589214286" lbRx="0" />
<wpr uId="567" tId="6" fbRx="0.589214286" lbRx="0" />
<p fId="3" fbTx="0.589282096" lbTx="0.58928218" tId="0" fbRx="0.599282096" lbRx="0.59928218" />
<p fId="0" fbTx="0.58928218" lbTx="0.589283055" tId="1" fbRx="0.58928218" lbRx="0.589283055" />
<p fId="1" fbTx="0.589283055" lbTx="0.58928393" tId="4" fbRx="0.589283055" lbRx="0.58928393" />
<p fId="3" fbTx="0.589382096" lbTx="0.58938218" tId="0" fbRx="0.599382096" lbRx="0.59938218" />
<p fId="0" fbTx="0.58938218" lbTx="0.589383055" tId="1" fbRx="0.58938218" lbRx="0.589383055" />
<p fId="1" fbTx="0.589383055" lbTx="0.58938393" tId="4" fbRx="0.589383055" lbRx="0.58938393" />
<p fId="3" fbTx="0.589482096" lbTx="0.58948218" tId="0" fbRx="0.599482096" lbRx="0.59948218" />
<p fId="0" fbTx="0.58948218" lbTx="0.589483055" tId="1" fbRx="0.58948218" lbRx="0.589483055" />
<p fId="1" fbTx="0.589483055" lbTx="0.58948393" tId="4" fbRx="0.589483055" lbRx="0.58948393" />
<p fId="3" fbTx="0.589582096" lbTx="0.58958218" tId="0" fbRx="0.599582096" lbRx="0.59958218" />
<p fId="0" fbTx="0.58958218" lbTx="0.589583055" tId="1" fbRx="0.58958218" lbRx="0.589583055" />
<p fId="1" fbTx="0.589583055" lbTx="0.58958393" tId="4" fbRx="0.589583055" lbRx="0.58958393" />
<p fId="3" fbTx="0.589682096" lbTx="0.58968218" tId="0" fbRx="0.599682096" lbRx="0.59968218" />
<p fId="0" fbTx="0.58968218" lbTx="0.589683055" tId="1" fbRx="0.58968218" lbRx="0.589683055" />
<p fId="1" fbTx="0.589683055" lbTx="0.58968393" tId="4" fbRx="0.589683055" lbRx="0.58968393" />
<p fId="3" fbTx="0.589782096" lbTx="0.58978218" tId="0" fbRx="0.599782096" lbRx="0.59978218" />
<p fId="0" fbTx="0.58978218" lbTx="0.589783055" tId="1" fbRx="0.58978218" lbRx="0.589783055" />
<p fId="1" fbTx="0.589783055" lbTx="0.58978393" tId="4" fbRx="0.589783055" lbRx="0.58978393" />
<p fId="3" fbTx="0.589882096" lbTx="0.58988218" tId="0" fbRx="0.599882096" lbRx="0.59988218" />
<p fId="0" fbTx="0.58988218" lbTx="0.589883055" tId="1" fbRx="0.58988218" lbRx="0.589883055" />
<p fId="1" fbTx="0.589883055" lbTx="0.58988393" tId="4" fbRx="0.589883055" lbRx="0.58988393" />
<p fId="3" fbTx="0.589982096" lbTx="0.58998218" tId="0" fbRx="0.599982096" lbRx="0.59998218" />
<p fId="0" fbTx="0.58998218" lbTx="0.589983055" tId="1" fbRx="0.58998218" lbRx="0.589983055" />
<p fId="1" fbTx="0.589983055" lbTx="0.58998393" tId="4" fbRx="0.589983055" lbRx="0.58998393" />
<p fId="3" fbTx="0.590082096" lbTx="0.59008218" tId="0" fbRx="0.600082096" lbRx="0.60008218" />
<p fId="0" fbTx="0.59008218" lbTx="0.590083055" tId="1" fbRx="0.59008218" lbRx="0.590083055" />
<p fId="1" fbTx="0.590083055" lbTx="0.59008393" tId="4" fbRx="0.590083055" lbRx="0.59008393" />
<p fId="3" fbTx="0.590182096" lbTx="0.59018218" tId="0" fbRx="0.600182096" lbRx="0.60018218" />
<p fId="0" fbTx="0.59018218" lbTx="0.590183055" tId="1" fbRx="0.59018218" lbRx="0.590183055" />
<p fId="1" fbTx="0.590183055" lbTx="0.59018393" tId="4" fbRx="0.590183055" lbRx="0.59018393" />
<pr uId="568" fId="4" fbTx="0.590214286" />
<wpr uId="568" tId="5" fbRx="0.590214286" lbRx="0" />
<wpr uId="568" tId="6" fbRx="0.590214286" lbRx="0" />
<p fId="3" fbTx="0.590282096" lbTx="0.59028218" tId="0" fbRx="0.600282096" lbRx="0.60028218" />
<p fId="0" fbTx="0.59028218" lbTx="0.590283055" tId="1" fbRx="0.59028218" lbRx="0.590283055" />
<p fId="1" fbTx="0.590283055" lbTx="0.59028393" tId="4" fbRx="0.590283055" lbRx="0.59028393" />
<p fId="3" fbTx="0.590382096" lbTx="0.59038218" tId="0" fbRx="0.600382096" lbRx="0.60038218" />
<p fId="0" fbTx="0.59038218" lbTx="0.590383055" tId="1" fbRx="0.59038218" lbRx="0.590383055" />
<p fId="1" fbTx="0.590383055" lbTx="0.59038393" tId="4" fbRx="0.590383055" lbRx="0.59038393" />
<p fId="3" fbTx="0.590482096" lbTx="0.59048218" tId="0" fbRx="0.600482096" lbRx="0.60048218" />
<p fId="0" fbTx="0.59048218" lbTx="0.590483055" tId="1" fbRx="0.59048218" lbRx="0.590483055" />
<p fId="1" fbTx="0.590483055" lbTx="0.59048393" tId="4" fbRx="0.590483055" lbRx="0.59048393" />
<p fId="3" fbTx="0.590582096" lbTx="0.59058218" tId="0" fbRx="0.600582096" lbRx="0.60058218" />
<p fId="0" fbTx="0.59058218" lbTx="0.590583055" tId="1" fbRx="0.59058218" lbRx="0.590583055" />
<p fId="1" fbTx="0.590583055" lbTx="0.59058393" tId="4" fbRx="0.590583055" lbRx="0.59058393" />
<p fId="3" fbTx="0.590682096" lbTx="0.59068218" tId="0" fbRx="0.600682096" lbRx="0.60068218" />
<p fId="0" fbTx="0.59068218" lbTx="0.590683055" tId="1" fbRx="0.59068218" lbRx="0.590683055" />
<p fId="1" fbTx="0.590683055" lbTx="0.59068393" tId="4" fbRx="0.590683055" lbRx="0.59068393" />
<p fId="3" fbTx="0.590782096" lbTx="0.59078218" tId="0" fbRx="0.600782096" lbRx="0.60078218" />
<p fId="0" fbTx="0.59078218" lbTx="0.590783055" tId="1" fbRx="0.59078218" lbRx="0.590783055" />
<p fId="1" fbTx="0.590783055" lbTx="0.59078393" tId="4" fbRx="0.590783055" lbRx="0.59078393" />
<p fId="3" fbTx="0.590882096" lbTx="0.59088218" tId="0" fbRx="0.600882096" lbRx="0.60088218" />
<p fId="0" fbTx="0.59088218" lbTx="0.590883055" tId="1" fbRx="0.59088218" lbRx="0.590883055" />
<p fId="1" fbTx="0.590883055" lbTx="0.59088393" tId="4" fbRx="0.590883055" lbRx="0.59088393" />
<p fId="3" fbTx="0.590982096" lbTx="0.59098218" tId="0" fbRx="0.600982096" lbRx="0.60098218" />
<p fId="0" fbTx="0.59098218" lbTx="0.590983055" tId="1" fbRx="0.59098218" lbRx="0.590983055" />
<p fId="1" fbTx="0.590983055" lbTx="0.59098393" tId="4" fbRx="0.590983055" lbRx="0.59098393" />
<p fId="3" fbTx="0.591082096" lbTx="0.59108218" tId="0" fbRx="0.601082096" lbRx="0.60108218" />
<p fId="0" fbTx="0.59108218" lbTx="0.591083055" tId="1" fbRx="0.59108218" lbRx="0.591083055" />
<p fId="1" fbTx="0.591083055" lbTx="0.59108393" tId="4" fbRx="0.591083055" lbRx="0.59108393" />
<p fId="3" fbTx="0.591182096" lbTx="0.59118218" tId="0" fbRx="0.601182096" lbRx="0.60118218" />
<p fId="0" fbTx="0.59118218" lbTx="0.591183055" tId="1" fbRx="0.59118218" lbRx="0.591183055" />
<p fId="1" fbTx="0.591183055" lbTx="0.59118393" tId="4" fbRx="0.591183055" lbRx="0.59118393" />
<pr uId="569" fId="4" fbTx="0.591214286" />
<wpr uId="569" tId="5" fbRx="0.591214286" lbRx="0" />
<wpr uId="569" tId="6" fbRx="0.591214286" lbRx="0" />
<p fId="3" fbTx="0.591282096" lbTx="0.59128218" tId="0" fbRx="0.601282096" lbRx="0.60128218" />
<p fId="0" fbTx="0.59128218" lbTx="0.591283055" tId="1" fbRx="0.59128218" lbRx="0.591283055" />
<p fId="1" fbTx="0.591283055" lbTx="0.59128393" tId="4" fbRx="0.591283055" lbRx="0.59128393" />
<p fId="3" fbTx="0.591382096" lbTx="0.59138218" tId="0" fbRx="0.601382096" lbRx="0.60138218" />
<p fId="0" fbTx="0.59138218" lbTx="0.591383055" tId="1" fbRx="0.59138218" lbRx="0.591383055" />
<p fId="1" fbTx="0.591383055" lbTx="0.59138393" tId="4" fbRx="0.591383055" lbRx="0.59138393" />
<p fId="3" fbTx="0.591482096" lbTx="0.59148218" tId="0" fbRx="0.601482096" lbRx="0.60148218" />
<p fId="0" fbTx="0.59148218" lbTx="0.591483055" tId="1" fbRx="0.59148218" lbRx="0.591483055" />
<p fId="1" fbTx="0.591483055" lbTx="0.59148393" tId="4" fbRx="0.591483055" lbRx="0.59148393" />
<p fId="3" fbTx="0.591582096" lbTx="0.59158218" tId="0" fbRx="0.601582096" lbRx="0.60158218" />
<p fId="0" fbTx="0.59158218" lbTx="0.591583055" tId="1" fbRx="0.59158218" lbRx="0.591583055" />
<p fId="1" fbTx="0.591583055" lbTx="0.59158393" tId="4" fbRx="0.591583055" lbRx="0.59158393" />
<p fId="3" fbTx="0.591682096" lbTx="0.59168218" tId="0" fbRx="0.601682096" lbRx="0.60168218" />
<p fId="0" fbTx="0.59168218" lbTx="0.591683055" tId="1" fbRx="0.59168218" lbRx="0.591683055" />
<p fId="1" fbTx="0.591683055" lbTx="0.59168393" tId="4" fbRx="0.591683055" lbRx="0.59168393" />
<p fId="3" fbTx="0.591782096" lbTx="0.59178218" tId="0" fbRx="0.601782096" lbRx="0.60178218" />
<p fId="0" fbTx="0.59178218" lbTx="0.591783055" tId="1" fbRx="0.59178218" lbRx="0.591783055" />
<p fId="1" fbTx="0.591783055" lbTx="0.59178393" tId="4" fbRx="0.591783055" lbRx="0.59178393" />
<p fId="3" fbTx="0.591882096" lbTx="0.59188218" tId="0" fbRx="0.601882096" lbRx="0.60188218" />
<p fId="0" fbTx="0.59188218" lbTx="0.591883055" tId="1" fbRx="0.59188218" lbRx="0.591883055" />
<p fId="1" fbTx="0.591883055" lbTx="0.59188393" tId="4" fbRx="0.591883055" lbRx="0.59188393" />
<p fId="3" fbTx="0.591982096" lbTx="0.59198218" tId="0" fbRx="0.601982096" lbRx="0.60198218" />
<p fId="0" fbTx="0.59198218" lbTx="0.591983055" tId="1" fbRx="0.59198218" lbRx="0.591983055" />
<p fId="1" fbTx="0.591983055" lbTx="0.59198393" tId="4" fbRx="0.591983055" lbRx="0.59198393" />
<p fId="3" fbTx="0.592082096" lbTx="0.59208218" tId="0" fbRx="0.602082096" lbRx="0.60208218" />
<p fId="0" fbTx="0.59208218" lbTx="0.592083055" tId="1" fbRx="0.59208218" lbRx="0.592083055" />
<p fId="1" fbTx="0.592083055" lbTx="0.59208393" tId="4" fbRx="0.592083055" lbRx="0.59208393" />
<p fId="3" fbTx="0.592182096" lbTx="0.59218218" tId="0" fbRx="0.602182096" lbRx="0.60218218" />
<p fId="0" fbTx="0.59218218" lbTx="0.592183055" tId="1" fbRx="0.59218218" lbRx="0.592183055" />
<p fId="1" fbTx="0.592183055" lbTx="0.59218393" tId="4" fbRx="0.592183055" lbRx="0.59218393" />
<pr uId="570" fId="4" fbTx="0.592214286" />
<wpr uId="570" tId="5" fbRx="0.592214286" lbRx="0" />
<wpr uId="570" tId="6" fbRx="0.592214286" lbRx="0" />
<p fId="3" fbTx="0.592282096" lbTx="0.59228218" tId="0" fbRx="0.602282096" lbRx="0.60228218" />
<p fId="0" fbTx="0.59228218" lbTx="0.592283055" tId="1" fbRx="0.59228218" lbRx="0.592283055" />
<p fId="1" fbTx="0.592283055" lbTx="0.59228393" tId="4" fbRx="0.592283055" lbRx="0.59228393" />
<p fId="3" fbTx="0.592382096" lbTx="0.59238218" tId="0" fbRx="0.602382096" lbRx="0.60238218" />
<p fId="0" fbTx="0.59238218" lbTx="0.592383055" tId="1" fbRx="0.59238218" lbRx="0.592383055" />
<p fId="1" fbTx="0.592383055" lbTx="0.59238393" tId="4" fbRx="0.592383055" lbRx="0.59238393" />
<p fId="3" fbTx="0.592482096" lbTx="0.59248218" tId="0" fbRx="0.602482096" lbRx="0.60248218" />
<p fId="0" fbTx="0.59248218" lbTx="0.592483055" tId="1" fbRx="0.59248218" lbRx="0.592483055" />
<p fId="1" fbTx="0.592483055" lbTx="0.59248393" tId="4" fbRx="0.592483055" lbRx="0.59248393" />
<p fId="3" fbTx="0.592582096" lbTx="0.59258218" tId="0" fbRx="0.602582096" lbRx="0.60258218" />
<p fId="0" fbTx="0.59258218" lbTx="0.592583055" tId="1" fbRx="0.59258218" lbRx="0.592583055" />
<p fId="1" fbTx="0.592583055" lbTx="0.59258393" tId="4" fbRx="0.592583055" lbRx="0.59258393" />
<p fId="3" fbTx="0.592682096" lbTx="0.59268218" tId="0" fbRx="0.602682096" lbRx="0.60268218" />
<p fId="0" fbTx="0.59268218" lbTx="0.592683055" tId="1" fbRx="0.59268218" lbRx="0.592683055" />
<p fId="1" fbTx="0.592683055" lbTx="0.59268393" tId="4" fbRx="0.592683055" lbRx="0.59268393" />
<p fId="3" fbTx="0.592782096" lbTx="0.59278218" tId="0" fbRx="0.602782096" lbRx="0.60278218" />
<p fId="0" fbTx="0.59278218" lbTx="0.592783055" tId="1" fbRx="0.59278218" lbRx="0.592783055" />
<p fId="1" fbTx="0.592783055" lbTx="0.59278393" tId="4" fbRx="0.592783055" lbRx="0.59278393" />
<p fId="3" fbTx="0.592882096" lbTx="0.59288218" tId="0" fbRx="0.602882096" lbRx="0.60288218" />
<p fId="0" fbTx="0.59288218" lbTx="0.592883055" tId="1" fbRx="0.59288218" lbRx="0.592883055" />
<p fId="1" fbTx="0.592883055" lbTx="0.59288393" tId="4" fbRx="0.592883055" lbRx="0.59288393" />
<p fId="3" fbTx="0.592982096" lbTx="0.59298218" tId="0" fbRx="0.602982096" lbRx="0.60298218" />
<p fId="0" fbTx="0.59298218" lbTx="0.592983055" tId="1" fbRx="0.59298218" lbRx="0.592983055" />
<p fId="1" fbTx="0.592983055" lbTx="0.59298393" tId="4" fbRx="0.592983055" lbRx="0.59298393" />
<p fId="3" fbTx="0.593082096" lbTx="0.59308218" tId="0" fbRx="0.603082096" lbRx="0.60308218" />
<p fId="0" fbTx="0.59308218" lbTx="0.593083055" tId="1" fbRx="0.59308218" lbRx="0.593083055" />
<p fId="1" fbTx="0.593083055" lbTx="0.59308393" tId="4" fbRx="0.593083055" lbRx="0.59308393" />
<p fId="3" fbTx="0.593182096" lbTx="0.59318218" tId="0" fbRx="0.603182096" lbRx="0.60318218" />
<p fId="0" fbTx="0.59318218" lbTx="0.593183055" tId="1" fbRx="0.59318218" lbRx="0.593183055" />
<p fId="1" fbTx="0.593183055" lbTx="0.59318393" tId="4" fbRx="0.593183055" lbRx="0.59318393" />
<pr uId="571" fId="4" fbTx="0.593214286" />
<wpr uId="571" tId="5" fbRx="0.593214286" lbRx="0" />
<wpr uId="571" tId="6" fbRx="0.593214286" lbRx="0" />
<p fId="3" fbTx="0.593282096" lbTx="0.59328218" tId="0" fbRx="0.603282096" lbRx="0.60328218" />
<p fId="0" fbTx="0.59328218" lbTx="0.593283055" tId="1" fbRx="0.59328218" lbRx="0.593283055" />
<p fId="1" fbTx="0.593283055" lbTx="0.59328393" tId="4" fbRx="0.593283055" lbRx="0.59328393" />
<p fId="3" fbTx="0.593382096" lbTx="0.59338218" tId="0" fbRx="0.603382096" lbRx="0.60338218" />
<p fId="0" fbTx="0.59338218" lbTx="0.593383055" tId="1" fbRx="0.59338218" lbRx="0.593383055" />
<p fId="1" fbTx="0.593383055" lbTx="0.59338393" tId="4" fbRx="0.593383055" lbRx="0.59338393" />
<p fId="3" fbTx="0.593482096" lbTx="0.59348218" tId="0" fbRx="0.603482096" lbRx="0.60348218" />
<p fId="0" fbTx="0.59348218" lbTx="0.593483055" tId="1" fbRx="0.59348218" lbRx="0.593483055" />
<p fId="1" fbTx="0.593483055" lbTx="0.59348393" tId="4" fbRx="0.593483055" lbRx="0.59348393" />
<p fId="3" fbTx="0.593582096" lbTx="0.59358218" tId="0" fbRx="0.603582096" lbRx="0.60358218" />
<p fId="0" fbTx="0.59358218" lbTx="0.593583055" tId="1" fbRx="0.59358218" lbRx="0.593583055" />
<p fId="1" fbTx="0.593583055" lbTx="0.59358393" tId="4" fbRx="0.593583055" lbRx="0.59358393" />
<p fId="3" fbTx="0.593682096" lbTx="0.59368218" tId="0" fbRx="0.603682096" lbRx="0.60368218" />
<p fId="0" fbTx="0.59368218" lbTx="0.593683055" tId="1" fbRx="0.59368218" lbRx="0.593683055" />
<p fId="1" fbTx="0.593683055" lbTx="0.59368393" tId="4" fbRx="0.593683055" lbRx="0.59368393" />
<p fId="3" fbTx="0.593782096" lbTx="0.59378218" tId="0" fbRx="0.603782096" lbRx="0.60378218" />
<p fId="0" fbTx="0.59378218" lbTx="0.593783055" tId="1" fbRx="0.59378218" lbRx="0.593783055" />
<p fId="1" fbTx="0.593783055" lbTx="0.59378393" tId="4" fbRx="0.593783055" lbRx="0.59378393" />
<p fId="3" fbTx="0.593882096" lbTx="0.59388218" tId="0" fbRx="0.603882096" lbRx="0.60388218" />
<p fId="0" fbTx="0.59388218" lbTx="0.593883055" tId="1" fbRx="0.59388218" lbRx="0.593883055" />
<p fId="1" fbTx="0.593883055" lbTx="0.59388393" tId="4" fbRx="0.593883055" lbRx="0.59388393" />
<p fId="3" fbTx="0.593982096" lbTx="0.59398218" tId="0" fbRx="0.603982096" lbRx="0.60398218" />
<p fId="0" fbTx="0.59398218" lbTx="0.593983055" tId="1" fbRx="0.59398218" lbRx="0.593983055" />
<p fId="1" fbTx="0.593983055" lbTx="0.59398393" tId="4" fbRx="0.593983055" lbRx="0.59398393" />
<p fId="3" fbTx="0.594082096" lbTx="0.59408218" tId="0" fbRx="0.604082096" lbRx="0.60408218" />
<p fId="0" fbTx="0.59408218" lbTx="0.594083055" tId="1" fbRx="0.59408218" lbRx="0.594083055" />
<p fId="1" fbTx="0.594083055" lbTx="0.59408393" tId="4" fbRx="0.594083055" lbRx="0.59408393" />
<p fId="3" fbTx="0.594182096" lbTx="0.59418218" tId="0" fbRx="0.604182096" lbRx="0.60418218" />
<p fId="0" fbTx="0.59418218" lbTx="0.594183055" tId="1" fbRx="0.59418218" lbRx="0.594183055" />
<p fId="1" fbTx="0.594183055" lbTx="0.59418393" tId="4" fbRx="0.594183055" lbRx="0.59418393" />
<pr uId="572" fId="4" fbTx="0.594214286" />
<wpr uId="572" tId="5" fbRx="0.594214286" lbRx="0" />
<wpr uId="572" tId="6" fbRx="0.594214286" lbRx="0" />
<p fId="3" fbTx="0.594282096" lbTx="0.59428218" tId="0" fbRx="0.604282096" lbRx="0.60428218" />
<p fId="0" fbTx="0.59428218" lbTx="0.594283055" tId="1" fbRx="0.59428218" lbRx="0.594283055" />
<p fId="1" fbTx="0.594283055" lbTx="0.59428393" tId="4" fbRx="0.594283055" lbRx="0.59428393" />
<p fId="3" fbTx="0.594382096" lbTx="0.59438218" tId="0" fbRx="0.604382096" lbRx="0.60438218" />
<p fId="0" fbTx="0.59438218" lbTx="0.594383055" tId="1" fbRx="0.59438218" lbRx="0.594383055" />
<p fId="1" fbTx="0.594383055" lbTx="0.59438393" tId="4" fbRx="0.594383055" lbRx="0.59438393" />
<p fId="3" fbTx="0.594482096" lbTx="0.59448218" tId="0" fbRx="0.604482096" lbRx="0.60448218" />
<p fId="0" fbTx="0.59448218" lbTx="0.594483055" tId="1" fbRx="0.59448218" lbRx="0.594483055" />
<p fId="1" fbTx="0.594483055" lbTx="0.59448393" tId="4" fbRx="0.594483055" lbRx="0.59448393" />
<p fId="3" fbTx="0.594582096" lbTx="0.59458218" tId="0" fbRx="0.604582096" lbRx="0.60458218" />
<p fId="0" fbTx="0.59458218" lbTx="0.594583055" tId="1" fbRx="0.59458218" lbRx="0.594583055" />
<p fId="1" fbTx="0.594583055" lbTx="0.59458393" tId="4" fbRx="0.594583055" lbRx="0.59458393" />
<p fId="3" fbTx="0.594682096" lbTx="0.59468218" tId="0" fbRx="0.604682096" lbRx="0.60468218" />
<p fId="0" fbTx="0.59468218" lbTx="0.594683055" tId="1" fbRx="0.59468218" lbRx="0.594683055" />
<p fId="1" fbTx="0.594683055" lbTx="0.59468393" tId="4" fbRx="0.594683055" lbRx="0.59468393" />
<p fId="3" fbTx="0.594782096" lbTx="0.59478218" tId="0" fbRx="0.604782096" lbRx="0.60478218" />
<p fId="0" fbTx="0.59478218" lbTx="0.594783055" tId="1" fbRx="0.59478218" lbRx="0.594783055" />
<p fId="1" fbTx="0.594783055" lbTx="0.59478393" tId="4" fbRx="0.594783055" lbRx="0.59478393" />
<p fId="3" fbTx="0.594882096" lbTx="0.59488218" tId="0" fbRx="0.604882096" lbRx="0.60488218" />
<p fId="0" fbTx="0.59488218" lbTx="0.594883055" tId="1" fbRx="0.59488218" lbRx="0.594883055" />
<p fId="1" fbTx="0.594883055" lbTx="0.59488393" tId="4" fbRx="0.594883055" lbRx="0.59488393" />
<p fId="3" fbTx="0.594982096" lbTx="0.59498218" tId="0" fbRx="0.604982096" lbRx="0.60498218" />
<p fId="0" fbTx="0.59498218" lbTx="0.594983055" tId="1" fbRx="0.59498218" lbRx="0.594983055" />
<p fId="1" fbTx="0.594983055" lbTx="0.59498393" tId="4" fbRx="0.594983055" lbRx="0.59498393" />
<p fId="3" fbTx="0.595082096" lbTx="0.59508218" tId="0" fbRx="0.605082096" lbRx="0.60508218" />
<p fId="0" fbTx="0.59508218" lbTx="0.595083055" tId="1" fbRx="0.59508218" lbRx="0.595083055" />
<p fId="1" fbTx="0.595083055" lbTx="0.59508393" tId="4" fbRx="0.595083055" lbRx="0.59508393" />
<p fId="3" fbTx="0.595182096" lbTx="0.59518218" tId="0" fbRx="0.605182096" lbRx="0.60518218" />
<p fId="0" fbTx="0.59518218" lbTx="0.595183055" tId="1" fbRx="0.59518218" lbRx="0.595183055" />
<p fId="1" fbTx="0.595183055" lbTx="0.59518393" tId="4" fbRx="0.595183055" lbRx="0.59518393" />
<pr uId="573" fId="4" fbTx="0.595214286" />
<wpr uId="573" tId="5" fbRx="0.595214286" lbRx="0" />
<wpr uId="573" tId="6" fbRx="0.595214286" lbRx="0" />
<p fId="3" fbTx="0.595282096" lbTx="0.59528218" tId="0" fbRx="0.605282096" lbRx="0.60528218" />
<p fId="0" fbTx="0.59528218" lbTx="0.595283055" tId="1" fbRx="0.59528218" lbRx="0.595283055" />
<p fId="1" fbTx="0.595283055" lbTx="0.59528393" tId="4" fbRx="0.595283055" lbRx="0.59528393" />
<p fId="3" fbTx="0.595382096" lbTx="0.59538218" tId="0" fbRx="0.605382096" lbRx="0.60538218" />
<p fId="0" fbTx="0.59538218" lbTx="0.595383055" tId="1" fbRx="0.59538218" lbRx="0.595383055" />
<p fId="1" fbTx="0.595383055" lbTx="0.59538393" tId="4" fbRx="0.595383055" lbRx="0.59538393" />
<p fId="3" fbTx="0.595482096" lbTx="0.59548218" tId="0" fbRx="0.605482096" lbRx="0.60548218" />
<p fId="0" fbTx="0.59548218" lbTx="0.595483055" tId="1" fbRx="0.59548218" lbRx="0.595483055" />
<p fId="1" fbTx="0.595483055" lbTx="0.59548393" tId="4" fbRx="0.595483055" lbRx="0.59548393" />
<p fId="3" fbTx="0.595582096" lbTx="0.59558218" tId="0" fbRx="0.605582096" lbRx="0.60558218" />
<p fId="0" fbTx="0.59558218" lbTx="0.595583055" tId="1" fbRx="0.59558218" lbRx="0.595583055" />
<p fId="1" fbTx="0.595583055" lbTx="0.59558393" tId="4" fbRx="0.595583055" lbRx="0.59558393" />
<p fId="3" fbTx="0.595682096" lbTx="0.59568218" tId="0" fbRx="0.605682096" lbRx="0.60568218" />
<p fId="0" fbTx="0.59568218" lbTx="0.595683055" tId="1" fbRx="0.59568218" lbRx="0.595683055" />
<p fId="1" fbTx="0.595683055" lbTx="0.59568393" tId="4" fbRx="0.595683055" lbRx="0.59568393" />
<p fId="3" fbTx="0.595782096" lbTx="0.59578218" tId="0" fbRx="0.605782096" lbRx="0.60578218" />
<p fId="0" fbTx="0.59578218" lbTx="0.595783055" tId="1" fbRx="0.59578218" lbRx="0.595783055" />
<p fId="1" fbTx="0.595783055" lbTx="0.59578393" tId="4" fbRx="0.595783055" lbRx="0.59578393" />
<p fId="3" fbTx="0.595882096" lbTx="0.59588218" tId="0" fbRx="0.605882096" lbRx="0.60588218" />
<p fId="0" fbTx="0.59588218" lbTx="0.595883055" tId="1" fbRx="0.59588218" lbRx="0.595883055" />
<p fId="1" fbTx="0.595883055" lbTx="0.59588393" tId="4" fbRx="0.595883055" lbRx="0.59588393" />
<p fId="3" fbTx="0.595982096" lbTx="0.59598218" tId="0" fbRx="0.605982096" lbRx="0.60598218" />
<p fId="0" fbTx="0.59598218" lbTx="0.595983055" tId="1" fbRx="0.59598218" lbRx="0.595983055" />
<p fId="1" fbTx="0.595983055" lbTx="0.59598393" tId="4" fbRx="0.595983055" lbRx="0.59598393" />
<p fId="3" fbTx="0.596082096" lbTx="0.59608218" tId="0" fbRx="0.606082096" lbRx="0.60608218" />
<p fId="0" fbTx="0.59608218" lbTx="0.596083055" tId="1" fbRx="0.59608218" lbRx="0.596083055" />
<p fId="1" fbTx="0.596083055" lbTx="0.59608393" tId="4" fbRx="0.596083055" lbRx="0.59608393" />
<p fId="3" fbTx="0.596182096" lbTx="0.59618218" tId="0" fbRx="0.606182096" lbRx="0.60618218" />
<p fId="0" fbTx="0.59618218" lbTx="0.596183055" tId="1" fbRx="0.59618218" lbRx="0.596183055" />
<p fId="1" fbTx="0.596183055" lbTx="0.59618393" tId="4" fbRx="0.596183055" lbRx="0.59618393" />
<pr uId="574" fId="4" fbTx="0.596214286" />
<wpr uId="574" tId="5" fbRx="0.596214286" lbRx="0" />
<wpr uId="574" tId="6" fbRx="0.596214286" lbRx="0" />
<p fId="3" fbTx="0.596282096" lbTx="0.59628218" tId="0" fbRx="0.606282096" lbRx="0.60628218" />
<p fId="0" fbTx="0.59628218" lbTx="0.596283055" tId="1" fbRx="0.59628218" lbRx="0.596283055" />
<p fId="1" fbTx="0.596283055" lbTx="0.59628393" tId="4" fbRx="0.596283055" lbRx="0.59628393" />
<p fId="3" fbTx="0.596382096" lbTx="0.59638218" tId="0" fbRx="0.606382096" lbRx="0.60638218" />
<p fId="0" fbTx="0.59638218" lbTx="0.596383055" tId="1" fbRx="0.59638218" lbRx="0.596383055" />
<p fId="1" fbTx="0.596383055" lbTx="0.59638393" tId="4" fbRx="0.596383055" lbRx="0.59638393" />
<p fId="3" fbTx="0.596482096" lbTx="0.59648218" tId="0" fbRx="0.606482096" lbRx="0.60648218" />
<p fId="0" fbTx="0.59648218" lbTx="0.596483055" tId="1" fbRx="0.59648218" lbRx="0.596483055" />
<p fId="1" fbTx="0.596483055" lbTx="0.59648393" tId="4" fbRx="0.596483055" lbRx="0.59648393" />
<p fId="3" fbTx="0.596582096" lbTx="0.59658218" tId="0" fbRx="0.606582096" lbRx="0.60658218" />
<p fId="0" fbTx="0.59658218" lbTx="0.596583055" tId="1" fbRx="0.59658218" lbRx="0.596583055" />
<p fId="1" fbTx="0.596583055" lbTx="0.59658393" tId="4" fbRx="0.596583055" lbRx="0.59658393" />
<p fId="3" fbTx="0.596682096" lbTx="0.59668218" tId="0" fbRx="0.606682096" lbRx="0.60668218" />
<p fId="0" fbTx="0.59668218" lbTx="0.596683055" tId="1" fbRx="0.59668218" lbRx="0.596683055" />
<p fId="1" fbTx="0.596683055" lbTx="0.59668393" tId="4" fbRx="0.596683055" lbRx="0.59668393" />
<p fId="3" fbTx="0.596782096" lbTx="0.59678218" tId="0" fbRx="0.606782096" lbRx="0.60678218" />
<p fId="0" fbTx="0.59678218" lbTx="0.596783055" tId="1" fbRx="0.59678218" lbRx="0.596783055" />
<p fId="1" fbTx="0.596783055" lbTx="0.59678393" tId="4" fbRx="0.596783055" lbRx="0.59678393" />
<p fId="3" fbTx="0.596882096" lbTx="0.59688218" tId="0" fbRx="0.606882096" lbRx="0.60688218" />
<p fId="0" fbTx="0.59688218" lbTx="0.596883055" tId="1" fbRx="0.59688218" lbRx="0.596883055" />
<p fId="1" fbTx="0.596883055" lbTx="0.59688393" tId="4" fbRx="0.596883055" lbRx="0.59688393" />
<p fId="3" fbTx="0.596982096" lbTx="0.59698218" tId="0" fbRx="0.606982096" lbRx="0.60698218" />
<p fId="0" fbTx="0.59698218" lbTx="0.596983055" tId="1" fbRx="0.59698218" lbRx="0.596983055" />
<p fId="1" fbTx="0.596983055" lbTx="0.59698393" tId="4" fbRx="0.596983055" lbRx="0.59698393" />
<p fId="3" fbTx="0.597082096" lbTx="0.59708218" tId="0" fbRx="0.607082096" lbRx="0.60708218" />
<p fId="0" fbTx="0.59708218" lbTx="0.597083055" tId="1" fbRx="0.59708218" lbRx="0.597083055" />
<p fId="1" fbTx="0.597083055" lbTx="0.59708393" tId="4" fbRx="0.597083055" lbRx="0.59708393" />
<p fId="3" fbTx="0.597182096" lbTx="0.59718218" tId="0" fbRx="0.607182096" lbRx="0.60718218" />
<p fId="0" fbTx="0.59718218" lbTx="0.597183055" tId="1" fbRx="0.59718218" lbRx="0.597183055" />
<p fId="1" fbTx="0.597183055" lbTx="0.59718393" tId="4" fbRx="0.597183055" lbRx="0.59718393" />
<pr uId="575" fId="4" fbTx="0.597214286" />
<wpr uId="575" tId="5" fbRx="0.597214286" lbRx="0" />
<wpr uId="575" tId="6" fbRx="0.597214286" lbRx="0" />
<p fId="3" fbTx="0.597282096" lbTx="0.59728218" tId="0" fbRx="0.607282096" lbRx="0.60728218" />
<p fId="0" fbTx="0.59728218" lbTx="0.597283055" tId="1" fbRx="0.59728218" lbRx="0.597283055" />
<p fId="1" fbTx="0.597283055" lbTx="0.59728393" tId="4" fbRx="0.597283055" lbRx="0.59728393" />
<p fId="3" fbTx="0.597382096" lbTx="0.59738218" tId="0" fbRx="0.607382096" lbRx="0.60738218" />
<p fId="0" fbTx="0.59738218" lbTx="0.597383055" tId="1" fbRx="0.59738218" lbRx="0.597383055" />
<p fId="1" fbTx="0.597383055" lbTx="0.59738393" tId="4" fbRx="0.597383055" lbRx="0.59738393" />
<p fId="3" fbTx="0.597482096" lbTx="0.59748218" tId="0" fbRx="0.607482096" lbRx="0.60748218" />
<p fId="0" fbTx="0.59748218" lbTx="0.597483055" tId="1" fbRx="0.59748218" lbRx="0.597483055" />
<p fId="1" fbTx="0.597483055" lbTx="0.59748393" tId="4" fbRx="0.597483055" lbRx="0.59748393" />
<p fId="3" fbTx="0.597582096" lbTx="0.59758218" tId="0" fbRx="0.607582096" lbRx="0.60758218" />
<p fId="0" fbTx="0.59758218" lbTx="0.597583055" tId="1" fbRx="0.59758218" lbRx="0.597583055" />
<p fId="1" fbTx="0.597583055" lbTx="0.59758393" tId="4" fbRx="0.597583055" lbRx="0.59758393" />
<p fId="3" fbTx="0.597682096" lbTx="0.59768218" tId="0" fbRx="0.607682096" lbRx="0.60768218" />
<p fId="0" fbTx="0.59768218" lbTx="0.597683055" tId="1" fbRx="0.59768218" lbRx="0.597683055" />
<p fId="1" fbTx="0.597683055" lbTx="0.59768393" tId="4" fbRx="0.597683055" lbRx="0.59768393" />
<p fId="3" fbTx="0.597782096" lbTx="0.59778218" tId="0" fbRx="0.607782096" lbRx="0.60778218" />
<p fId="0" fbTx="0.59778218" lbTx="0.597783055" tId="1" fbRx="0.59778218" lbRx="0.597783055" />
<p fId="1" fbTx="0.597783055" lbTx="0.59778393" tId="4" fbRx="0.597783055" lbRx="0.59778393" />
<p fId="3" fbTx="0.597882096" lbTx="0.59788218" tId="0" fbRx="0.607882096" lbRx="0.60788218" />
<p fId="0" fbTx="0.59788218" lbTx="0.597883055" tId="1" fbRx="0.59788218" lbRx="0.597883055" />
<p fId="1" fbTx="0.597883055" lbTx="0.59788393" tId="4" fbRx="0.597883055" lbRx="0.59788393" />
<p fId="3" fbTx="0.597982096" lbTx="0.59798218" tId="0" fbRx="0.607982096" lbRx="0.60798218" />
<p fId="0" fbTx="0.59798218" lbTx="0.597983055" tId="1" fbRx="0.59798218" lbRx="0.597983055" />
<p fId="1" fbTx="0.597983055" lbTx="0.59798393" tId="4" fbRx="0.597983055" lbRx="0.59798393" />
<p fId="3" fbTx="0.598082096" lbTx="0.59808218" tId="0" fbRx="0.608082096" lbRx="0.60808218" />
<p fId="0" fbTx="0.59808218" lbTx="0.598083055" tId="1" fbRx="0.59808218" lbRx="0.598083055" />
<p fId="1" fbTx="0.598083055" lbTx="0.59808393" tId="4" fbRx="0.598083055" lbRx="0.59808393" />
<p fId="3" fbTx="0.598182096" lbTx="0.59818218" tId="0" fbRx="0.608182096" lbRx="0.60818218" />
<p fId="0" fbTx="0.59818218" lbTx="0.598183055" tId="1" fbRx="0.59818218" lbRx="0.598183055" />
<p fId="1" fbTx="0.598183055" lbTx="0.59818393" tId="4" fbRx="0.598183055" lbRx="0.59818393" />
<pr uId="576" fId="4" fbTx="0.598214286" />
<wpr uId="576" tId="5" fbRx="0.598214286" lbRx="0" />
<wpr uId="576" tId="6" fbRx="0.598214286" lbRx="0" />
<p fId="3" fbTx="0.598282096" lbTx="0.59828218" tId="0" fbRx="0.608282096" lbRx="0.60828218" />
<p fId="0" fbTx="0.59828218" lbTx="0.598283055" tId="1" fbRx="0.59828218" lbRx="0.598283055" />
<p fId="1" fbTx="0.598283055" lbTx="0.59828393" tId="4" fbRx="0.598283055" lbRx="0.59828393" />
<p fId="3" fbTx="0.598382096" lbTx="0.59838218" tId="0" fbRx="0.608382096" lbRx="0.60838218" />
<p fId="0" fbTx="0.59838218" lbTx="0.598383055" tId="1" fbRx="0.59838218" lbRx="0.598383055" />
<p fId="1" fbTx="0.598383055" lbTx="0.59838393" tId="4" fbRx="0.598383055" lbRx="0.59838393" />
<p fId="3" fbTx="0.598482096" lbTx="0.59848218" tId="0" fbRx="0.608482096" lbRx="0.60848218" />
<p fId="0" fbTx="0.59848218" lbTx="0.598483055" tId="1" fbRx="0.59848218" lbRx="0.598483055" />
<p fId="1" fbTx="0.598483055" lbTx="0.59848393" tId="4" fbRx="0.598483055" lbRx="0.59848393" />
<p fId="3" fbTx="0.598582096" lbTx="0.59858218" tId="0" fbRx="0.608582096" lbRx="0.60858218" />
<p fId="0" fbTx="0.59858218" lbTx="0.598583055" tId="1" fbRx="0.59858218" lbRx="0.598583055" />
<p fId="1" fbTx="0.598583055" lbTx="0.59858393" tId="4" fbRx="0.598583055" lbRx="0.59858393" />
<p fId="3" fbTx="0.598682096" lbTx="0.59868218" tId="0" fbRx="0.608682096" lbRx="0.60868218" />
<p fId="0" fbTx="0.59868218" lbTx="0.598683055" tId="1" fbRx="0.59868218" lbRx="0.598683055" />
<p fId="1" fbTx="0.598683055" lbTx="0.59868393" tId="4" fbRx="0.598683055" lbRx="0.59868393" />
<p fId="3" fbTx="0.598782096" lbTx="0.59878218" tId="0" fbRx="0.608782096" lbRx="0.60878218" />
<p fId="0" fbTx="0.59878218" lbTx="0.598783055" tId="1" fbRx="0.59878218" lbRx="0.598783055" />
<p fId="1" fbTx="0.598783055" lbTx="0.59878393" tId="4" fbRx="0.598783055" lbRx="0.59878393" />
<p fId="3" fbTx="0.598882096" lbTx="0.59888218" tId="0" fbRx="0.608882096" lbRx="0.60888218" />
<p fId="0" fbTx="0.59888218" lbTx="0.598883055" tId="1" fbRx="0.59888218" lbRx="0.598883055" />
<p fId="1" fbTx="0.598883055" lbTx="0.59888393" tId="4" fbRx="0.598883055" lbRx="0.59888393" />
<p fId="3" fbTx="0.598982096" lbTx="0.59898218" tId="0" fbRx="0.608982096" lbRx="0.60898218" />
<p fId="0" fbTx="0.59898218" lbTx="0.598983055" tId="1" fbRx="0.59898218" lbRx="0.598983055" />
<p fId="1" fbTx="0.598983055" lbTx="0.59898393" tId="4" fbRx="0.598983055" lbRx="0.59898393" />
<p fId="3" fbTx="0.599082096" lbTx="0.59908218" tId="0" fbRx="0.609082096" lbRx="0.60908218" />
<p fId="0" fbTx="0.59908218" lbTx="0.599083055" tId="1" fbRx="0.59908218" lbRx="0.599083055" />
<p fId="1" fbTx="0.599083055" lbTx="0.59908393" tId="4" fbRx="0.599083055" lbRx="0.59908393" />
<p fId="3" fbTx="0.599182096" lbTx="0.59918218" tId="0" fbRx="0.609182096" lbRx="0.60918218" />
<p fId="0" fbTx="0.59918218" lbTx="0.599183055" tId="1" fbRx="0.59918218" lbRx="0.599183055" />
<p fId="1" fbTx="0.599183055" lbTx="0.59918393" tId="4" fbRx="0.599183055" lbRx="0.59918393" />
<pr uId="577" fId="4" fbTx="0.599214286" />
<wpr uId="577" tId="5" fbRx="0.599214286" lbRx="0" />
<wpr uId="577" tId="6" fbRx="0.599214286" lbRx="0" />
<p fId="3" fbTx="0.599282096" lbTx="0.59928218" tId="0" fbRx="0.609282096" lbRx="0.60928218" />
<p fId="0" fbTx="0.59928218" lbTx="0.599283055" tId="1" fbRx="0.59928218" lbRx="0.599283055" />
<p fId="1" fbTx="0.599283055" lbTx="0.59928393" tId="4" fbRx="0.599283055" lbRx="0.59928393" />
<p fId="3" fbTx="0.599382096" lbTx="0.59938218" tId="0" fbRx="0.609382096" lbRx="0.60938218" />
<p fId="0" fbTx="0.59938218" lbTx="0.599383055" tId="1" fbRx="0.59938218" lbRx="0.599383055" />
<p fId="1" fbTx="0.599383055" lbTx="0.59938393" tId="4" fbRx="0.599383055" lbRx="0.59938393" />
<p fId="3" fbTx="0.599482096" lbTx="0.59948218" tId="0" fbRx="0.609482096" lbRx="0.60948218" />
<p fId="0" fbTx="0.59948218" lbTx="0.599483055" tId="1" fbRx="0.59948218" lbRx="0.599483055" />
<p fId="1" fbTx="0.599483055" lbTx="0.59948393" tId="4" fbRx="0.599483055" lbRx="0.59948393" />
<p fId="3" fbTx="0.599582096" lbTx="0.59958218" tId="0" fbRx="0.609582096" lbRx="0.60958218" />
<p fId="0" fbTx="0.59958218" lbTx="0.599583055" tId="1" fbRx="0.59958218" lbRx="0.599583055" />
<p fId="1" fbTx="0.599583055" lbTx="0.59958393" tId="4" fbRx="0.599583055" lbRx="0.59958393" />
<p fId="3" fbTx="0.599682096" lbTx="0.59968218" tId="0" fbRx="0.609682096" lbRx="0.60968218" />
<p fId="0" fbTx="0.59968218" lbTx="0.599683055" tId="1" fbRx="0.59968218" lbRx="0.599683055" />
<p fId="1" fbTx="0.599683055" lbTx="0.59968393" tId="4" fbRx="0.599683055" lbRx="0.59968393" />
<p fId="3" fbTx="0.599782096" lbTx="0.59978218" tId="0" fbRx="0.609782096" lbRx="0.60978218" />
<p fId="0" fbTx="0.59978218" lbTx="0.599783055" tId="1" fbRx="0.59978218" lbRx="0.599783055" />
<p fId="1" fbTx="0.599783055" lbTx="0.59978393" tId="4" fbRx="0.599783055" lbRx="0.59978393" />
<p fId="3" fbTx="0.599882096" lbTx="0.59988218" tId="0" fbRx="0.609882096" lbRx="0.60988218" />
<p fId="0" fbTx="0.59988218" lbTx="0.599883055" tId="1" fbRx="0.59988218" lbRx="0.599883055" />
<p fId="1" fbTx="0.599883055" lbTx="0.59988393" tId="4" fbRx="0.599883055" lbRx="0.59988393" />
<p fId="3" fbTx="0.599982096" lbTx="0.59998218" tId="0" fbRx="0.609982096" lbRx="0.60998218" />
<p fId="0" fbTx="0.59998218" lbTx="0.599983055" tId="1" fbRx="0.59998218" lbRx="0.599983055" />
<p fId="1" fbTx="0.599983055" lbTx="0.59998393" tId="4" fbRx="0.599983055" lbRx="0.59998393" />
<p fId="3" fbTx="0.600082096" lbTx="0.60008218" tId="0" fbRx="0.610082096" lbRx="0.61008218" />
<p fId="0" fbTx="0.60008218" lbTx="0.600083055" tId="1" fbRx="0.60008218" lbRx="0.600083055" />
<p fId="1" fbTx="0.600083055" lbTx="0.60008393" tId="4" fbRx="0.600083055" lbRx="0.60008393" />
<p fId="3" fbTx="0.600182096" lbTx="0.60018218" tId="0" fbRx="0.610182096" lbRx="0.61018218" />
<p fId="0" fbTx="0.60018218" lbTx="0.600183055" tId="1" fbRx="0.60018218" lbRx="0.600183055" />
<p fId="1" fbTx="0.600183055" lbTx="0.60018393" tId="4" fbRx="0.600183055" lbRx="0.60018393" />
<pr uId="578" fId="4" fbTx="0.600214286" />
<wpr uId="578" tId="5" fbRx="0.600214286" lbRx="0" />
<wpr uId="578" tId="6" fbRx="0.600214286" lbRx="0" />
<p fId="3" fbTx="0.600282096" lbTx="0.60028218" tId="0" fbRx="0.610282096" lbRx="0.61028218" />
<p fId="0" fbTx="0.60028218" lbTx="0.600283055" tId="1" fbRx="0.60028218" lbRx="0.600283055" />
<p fId="1" fbTx="0.600283055" lbTx="0.60028393" tId="4" fbRx="0.600283055" lbRx="0.60028393" />
<p fId="3" fbTx="0.600382096" lbTx="0.60038218" tId="0" fbRx="0.610382096" lbRx="0.61038218" />
<p fId="0" fbTx="0.60038218" lbTx="0.600383055" tId="1" fbRx="0.60038218" lbRx="0.600383055" />
<p fId="1" fbTx="0.600383055" lbTx="0.60038393" tId="4" fbRx="0.600383055" lbRx="0.60038393" />
<p fId="3" fbTx="0.600482096" lbTx="0.60048218" tId="0" fbRx="0.610482096" lbRx="0.61048218" />
<p fId="0" fbTx="0.60048218" lbTx="0.600483055" tId="1" fbRx="0.60048218" lbRx="0.600483055" />
<p fId="1" fbTx="0.600483055" lbTx="0.60048393" tId="4" fbRx="0.600483055" lbRx="0.60048393" />
<p fId="3" fbTx="0.600582096" lbTx="0.60058218" tId="0" fbRx="0.610582096" lbRx="0.61058218" />
<p fId="0" fbTx="0.60058218" lbTx="0.600583055" tId="1" fbRx="0.60058218" lbRx="0.600583055" />
<p fId="1" fbTx="0.600583055" lbTx="0.60058393" tId="4" fbRx="0.600583055" lbRx="0.60058393" />
<p fId="3" fbTx="0.600682096" lbTx="0.60068218" tId="0" fbRx="0.610682096" lbRx="0.61068218" />
<p fId="0" fbTx="0.60068218" lbTx="0.600683055" tId="1" fbRx="0.60068218" lbRx="0.600683055" />
<p fId="1" fbTx="0.600683055" lbTx="0.60068393" tId="4" fbRx="0.600683055" lbRx="0.60068393" />
<p fId="3" fbTx="0.600782096" lbTx="0.60078218" tId="0" fbRx="0.610782096" lbRx="0.61078218" />
<p fId="0" fbTx="0.60078218" lbTx="0.600783055" tId="1" fbRx="0.60078218" lbRx="0.600783055" />
<p fId="1" fbTx="0.600783055" lbTx="0.60078393" tId="4" fbRx="0.600783055" lbRx="0.60078393" />
<p fId="3" fbTx="0.600882096" lbTx="0.60088218" tId="0" fbRx="0.610882096" lbRx="0.61088218" />
<p fId="0" fbTx="0.60088218" lbTx="0.600883055" tId="1" fbRx="0.60088218" lbRx="0.600883055" />
<p fId="1" fbTx="0.600883055" lbTx="0.60088393" tId="4" fbRx="0.600883055" lbRx="0.60088393" />
<p fId="3" fbTx="0.600982096" lbTx="0.60098218" tId="0" fbRx="0.610982096" lbRx="0.61098218" />
<p fId="0" fbTx="0.60098218" lbTx="0.600983055" tId="1" fbRx="0.60098218" lbRx="0.600983055" />
<p fId="1" fbTx="0.600983055" lbTx="0.60098393" tId="4" fbRx="0.600983055" lbRx="0.60098393" />
<p fId="3" fbTx="0.601082096" lbTx="0.60108218" tId="0" fbRx="0.611082096" lbRx="0.61108218" />
<p fId="0" fbTx="0.60108218" lbTx="0.601083055" tId="1" fbRx="0.60108218" lbRx="0.601083055" />
<p fId="1" fbTx="0.601083055" lbTx="0.60108393" tId="4" fbRx="0.601083055" lbRx="0.60108393" />
<p fId="3" fbTx="0.601182096" lbTx="0.60118218" tId="0" fbRx="0.611182096" lbRx="0.61118218" />
<p fId="0" fbTx="0.60118218" lbTx="0.601183055" tId="1" fbRx="0.60118218" lbRx="0.601183055" />
<p fId="1" fbTx="0.601183055" lbTx="0.60118393" tId="4" fbRx="0.601183055" lbRx="0.60118393" />
<pr uId="579" fId="4" fbTx="0.601214286" />
<wpr uId="579" tId="5" fbRx="0.601214286" lbRx="0" />
<wpr uId="579" tId="6" fbRx="0.601214286" lbRx="0" />
<p fId="3" fbTx="0.601282096" lbTx="0.60128218" tId="0" fbRx="0.611282096" lbRx="0.61128218" />
<p fId="0" fbTx="0.60128218" lbTx="0.601283055" tId="1" fbRx="0.60128218" lbRx="0.601283055" />
<p fId="1" fbTx="0.601283055" lbTx="0.60128393" tId="4" fbRx="0.601283055" lbRx="0.60128393" />
<p fId="3" fbTx="0.601382096" lbTx="0.60138218" tId="0" fbRx="0.611382096" lbRx="0.61138218" />
<p fId="0" fbTx="0.60138218" lbTx="0.601383055" tId="1" fbRx="0.60138218" lbRx="0.601383055" />
<p fId="1" fbTx="0.601383055" lbTx="0.60138393" tId="4" fbRx="0.601383055" lbRx="0.60138393" />
<p fId="3" fbTx="0.601482096" lbTx="0.60148218" tId="0" fbRx="0.611482096" lbRx="0.61148218" />
<p fId="0" fbTx="0.60148218" lbTx="0.601483055" tId="1" fbRx="0.60148218" lbRx="0.601483055" />
<p fId="1" fbTx="0.601483055" lbTx="0.60148393" tId="4" fbRx="0.601483055" lbRx="0.60148393" />
<p fId="3" fbTx="0.601582096" lbTx="0.60158218" tId="0" fbRx="0.611582096" lbRx="0.61158218" />
<p fId="0" fbTx="0.60158218" lbTx="0.601583055" tId="1" fbRx="0.60158218" lbRx="0.601583055" />
<p fId="1" fbTx="0.601583055" lbTx="0.60158393" tId="4" fbRx="0.601583055" lbRx="0.60158393" />
<p fId="3" fbTx="0.601682096" lbTx="0.60168218" tId="0" fbRx="0.611682096" lbRx="0.61168218" />
<p fId="0" fbTx="0.60168218" lbTx="0.601683055" tId="1" fbRx="0.60168218" lbRx="0.601683055" />
<p fId="1" fbTx="0.601683055" lbTx="0.60168393" tId="4" fbRx="0.601683055" lbRx="0.60168393" />
<p fId="3" fbTx="0.601782096" lbTx="0.60178218" tId="0" fbRx="0.611782096" lbRx="0.61178218" />
<p fId="0" fbTx="0.60178218" lbTx="0.601783055" tId="1" fbRx="0.60178218" lbRx="0.601783055" />
<p fId="1" fbTx="0.601783055" lbTx="0.60178393" tId="4" fbRx="0.601783055" lbRx="0.60178393" />
<p fId="3" fbTx="0.601882096" lbTx="0.60188218" tId="0" fbRx="0.611882096" lbRx="0.61188218" />
<p fId="0" fbTx="0.60188218" lbTx="0.601883055" tId="1" fbRx="0.60188218" lbRx="0.601883055" />
<p fId="1" fbTx="0.601883055" lbTx="0.60188393" tId="4" fbRx="0.601883055" lbRx="0.60188393" />
<p fId="3" fbTx="0.601982096" lbTx="0.60198218" tId="0" fbRx="0.611982096" lbRx="0.61198218" />
<p fId="0" fbTx="0.60198218" lbTx="0.601983055" tId="1" fbRx="0.60198218" lbRx="0.601983055" />
<p fId="1" fbTx="0.601983055" lbTx="0.60198393" tId="4" fbRx="0.601983055" lbRx="0.60198393" />
<p fId="3" fbTx="0.602082096" lbTx="0.60208218" tId="0" fbRx="0.612082096" lbRx="0.61208218" />
<p fId="0" fbTx="0.60208218" lbTx="0.602083055" tId="1" fbRx="0.60208218" lbRx="0.602083055" />
<p fId="1" fbTx="0.602083055" lbTx="0.60208393" tId="4" fbRx="0.602083055" lbRx="0.60208393" />
<p fId="3" fbTx="0.602182096" lbTx="0.60218218" tId="0" fbRx="0.612182096" lbRx="0.61218218" />
<p fId="0" fbTx="0.60218218" lbTx="0.602183055" tId="1" fbRx="0.60218218" lbRx="0.602183055" />
<p fId="1" fbTx="0.602183055" lbTx="0.60218393" tId="4" fbRx="0.602183055" lbRx="0.60218393" />
<pr uId="580" fId="4" fbTx="0.602214286" />
<wpr uId="580" tId="5" fbRx="0.602214286" lbRx="0" />
<wpr uId="580" tId="6" fbRx="0.602214286" lbRx="0" />
<p fId="3" fbTx="0.602282096" lbTx="0.60228218" tId="0" fbRx="0.612282096" lbRx="0.61228218" />
<p fId="0" fbTx="0.60228218" lbTx="0.602283055" tId="1" fbRx="0.60228218" lbRx="0.602283055" />
<p fId="1" fbTx="0.602283055" lbTx="0.60228393" tId="4" fbRx="0.602283055" lbRx="0.60228393" />
<p fId="3" fbTx="0.602382096" lbTx="0.60238218" tId="0" fbRx="0.612382096" lbRx="0.61238218" />
<p fId="0" fbTx="0.60238218" lbTx="0.602383055" tId="1" fbRx="0.60238218" lbRx="0.602383055" />
<p fId="1" fbTx="0.602383055" lbTx="0.60238393" tId="4" fbRx="0.602383055" lbRx="0.60238393" />
<p fId="3" fbTx="0.602482096" lbTx="0.60248218" tId="0" fbRx="0.612482096" lbRx="0.61248218" />
<p fId="0" fbTx="0.60248218" lbTx="0.602483055" tId="1" fbRx="0.60248218" lbRx="0.602483055" />
<p fId="1" fbTx="0.602483055" lbTx="0.60248393" tId="4" fbRx="0.602483055" lbRx="0.60248393" />
<p fId="3" fbTx="0.602582096" lbTx="0.60258218" tId="0" fbRx="0.612582096" lbRx="0.61258218" />
<p fId="0" fbTx="0.60258218" lbTx="0.602583055" tId="1" fbRx="0.60258218" lbRx="0.602583055" />
<p fId="1" fbTx="0.602583055" lbTx="0.60258393" tId="4" fbRx="0.602583055" lbRx="0.60258393" />
<p fId="3" fbTx="0.602682096" lbTx="0.60268218" tId="0" fbRx="0.612682096" lbRx="0.61268218" />
<p fId="0" fbTx="0.60268218" lbTx="0.602683055" tId="1" fbRx="0.60268218" lbRx="0.602683055" />
<p fId="1" fbTx="0.602683055" lbTx="0.60268393" tId="4" fbRx="0.602683055" lbRx="0.60268393" />
<p fId="3" fbTx="0.602782096" lbTx="0.60278218" tId="0" fbRx="0.612782096" lbRx="0.61278218" />
<p fId="0" fbTx="0.60278218" lbTx="0.602783055" tId="1" fbRx="0.60278218" lbRx="0.602783055" />
<p fId="1" fbTx="0.602783055" lbTx="0.60278393" tId="4" fbRx="0.602783055" lbRx="0.60278393" />
<p fId="3" fbTx="0.602882096" lbTx="0.60288218" tId="0" fbRx="0.612882096" lbRx="0.61288218" />
<p fId="0" fbTx="0.60288218" lbTx="0.602883055" tId="1" fbRx="0.60288218" lbRx="0.602883055" />
<p fId="1" fbTx="0.602883055" lbTx="0.60288393" tId="4" fbRx="0.602883055" lbRx="0.60288393" />
<p fId="3" fbTx="0.602982096" lbTx="0.60298218" tId="0" fbRx="0.612982096" lbRx="0.61298218" />
<p fId="0" fbTx="0.60298218" lbTx="0.602983055" tId="1" fbRx="0.60298218" lbRx="0.602983055" />
<p fId="1" fbTx="0.602983055" lbTx="0.60298393" tId="4" fbRx="0.602983055" lbRx="0.60298393" />
<p fId="3" fbTx="0.603082096" lbTx="0.60308218" tId="0" fbRx="0.613082096" lbRx="0.61308218" />
<p fId="0" fbTx="0.60308218" lbTx="0.603083055" tId="1" fbRx="0.60308218" lbRx="0.603083055" />
<p fId="1" fbTx="0.603083055" lbTx="0.60308393" tId="4" fbRx="0.603083055" lbRx="0.60308393" />
<p fId="3" fbTx="0.603182096" lbTx="0.60318218" tId="0" fbRx="0.613182096" lbRx="0.61318218" />
<p fId="0" fbTx="0.60318218" lbTx="0.603183055" tId="1" fbRx="0.60318218" lbRx="0.603183055" />
<p fId="1" fbTx="0.603183055" lbTx="0.60318393" tId="4" fbRx="0.603183055" lbRx="0.60318393" />
<pr uId="581" fId="4" fbTx="0.603214286" />
<wpr uId="581" tId="5" fbRx="0.603214286" lbRx="0" />
<wpr uId="581" tId="6" fbRx="0.603214286" lbRx="0" />
<p fId="3" fbTx="0.603282096" lbTx="0.60328218" tId="0" fbRx="0.613282096" lbRx="0.61328218" />
<p fId="0" fbTx="0.60328218" lbTx="0.603283055" tId="1" fbRx="0.60328218" lbRx="0.603283055" />
<p fId="1" fbTx="0.603283055" lbTx="0.60328393" tId="4" fbRx="0.603283055" lbRx="0.60328393" />
<p fId="3" fbTx="0.603382096" lbTx="0.60338218" tId="0" fbRx="0.613382096" lbRx="0.61338218" />
<p fId="0" fbTx="0.60338218" lbTx="0.603383055" tId="1" fbRx="0.60338218" lbRx="0.603383055" />
<p fId="1" fbTx="0.603383055" lbTx="0.60338393" tId="4" fbRx="0.603383055" lbRx="0.60338393" />
<p fId="3" fbTx="0.603482096" lbTx="0.60348218" tId="0" fbRx="0.613482096" lbRx="0.61348218" />
<p fId="0" fbTx="0.60348218" lbTx="0.603483055" tId="1" fbRx="0.60348218" lbRx="0.603483055" />
<p fId="1" fbTx="0.603483055" lbTx="0.60348393" tId="4" fbRx="0.603483055" lbRx="0.60348393" />
<p fId="3" fbTx="0.603582096" lbTx="0.60358218" tId="0" fbRx="0.613582096" lbRx="0.61358218" />
<p fId="0" fbTx="0.60358218" lbTx="0.603583055" tId="1" fbRx="0.60358218" lbRx="0.603583055" />
<p fId="1" fbTx="0.603583055" lbTx="0.60358393" tId="4" fbRx="0.603583055" lbRx="0.60358393" />
<p fId="3" fbTx="0.603682096" lbTx="0.60368218" tId="0" fbRx="0.613682096" lbRx="0.61368218" />
<p fId="0" fbTx="0.60368218" lbTx="0.603683055" tId="1" fbRx="0.60368218" lbRx="0.603683055" />
<p fId="1" fbTx="0.603683055" lbTx="0.60368393" tId="4" fbRx="0.603683055" lbRx="0.60368393" />
<p fId="3" fbTx="0.603782096" lbTx="0.60378218" tId="0" fbRx="0.613782096" lbRx="0.61378218" />
<p fId="0" fbTx="0.60378218" lbTx="0.603783055" tId="1" fbRx="0.60378218" lbRx="0.603783055" />
<p fId="1" fbTx="0.603783055" lbTx="0.60378393" tId="4" fbRx="0.603783055" lbRx="0.60378393" />
<p fId="3" fbTx="0.603882096" lbTx="0.60388218" tId="0" fbRx="0.613882096" lbRx="0.61388218" />
<p fId="0" fbTx="0.60388218" lbTx="0.603883055" tId="1" fbRx="0.60388218" lbRx="0.603883055" />
<p fId="1" fbTx="0.603883055" lbTx="0.60388393" tId="4" fbRx="0.603883055" lbRx="0.60388393" />
<p fId="3" fbTx="0.603982096" lbTx="0.60398218" tId="0" fbRx="0.613982096" lbRx="0.61398218" />
<p fId="0" fbTx="0.60398218" lbTx="0.603983055" tId="1" fbRx="0.60398218" lbRx="0.603983055" />
<p fId="1" fbTx="0.603983055" lbTx="0.60398393" tId="4" fbRx="0.603983055" lbRx="0.60398393" />
<p fId="3" fbTx="0.604082096" lbTx="0.60408218" tId="0" fbRx="0.614082096" lbRx="0.61408218" />
<p fId="0" fbTx="0.60408218" lbTx="0.604083055" tId="1" fbRx="0.60408218" lbRx="0.604083055" />
<p fId="1" fbTx="0.604083055" lbTx="0.60408393" tId="4" fbRx="0.604083055" lbRx="0.60408393" />
<p fId="3" fbTx="0.604182096" lbTx="0.60418218" tId="0" fbRx="0.614182096" lbRx="0.61418218" />
<p fId="0" fbTx="0.60418218" lbTx="0.604183055" tId="1" fbRx="0.60418218" lbRx="0.604183055" />
<p fId="1" fbTx="0.604183055" lbTx="0.60418393" tId="4" fbRx="0.604183055" lbRx="0.60418393" />
<pr uId="582" fId="4" fbTx="0.604214286" />
<wpr uId="582" tId="5" fbRx="0.604214286" lbRx="0" />
<wpr uId="582" tId="6" fbRx="0.604214286" lbRx="0" />
<p fId="3" fbTx="0.604282096" lbTx="0.60428218" tId="0" fbRx="0.614282096" lbRx="0.61428218" />
<p fId="0" fbTx="0.60428218" lbTx="0.604283055" tId="1" fbRx="0.60428218" lbRx="0.604283055" />
<p fId="1" fbTx="0.604283055" lbTx="0.60428393" tId="4" fbRx="0.604283055" lbRx="0.60428393" />
<p fId="3" fbTx="0.604382096" lbTx="0.60438218" tId="0" fbRx="0.614382096" lbRx="0.61438218" />
<p fId="0" fbTx="0.60438218" lbTx="0.604383055" tId="1" fbRx="0.60438218" lbRx="0.604383055" />
<p fId="1" fbTx="0.604383055" lbTx="0.60438393" tId="4" fbRx="0.604383055" lbRx="0.60438393" />
<p fId="3" fbTx="0.604482096" lbTx="0.60448218" tId="0" fbRx="0.614482096" lbRx="0.61448218" />
<p fId="0" fbTx="0.60448218" lbTx="0.604483055" tId="1" fbRx="0.60448218" lbRx="0.604483055" />
<p fId="1" fbTx="0.604483055" lbTx="0.60448393" tId="4" fbRx="0.604483055" lbRx="0.60448393" />
<p fId="3" fbTx="0.604582096" lbTx="0.60458218" tId="0" fbRx="0.614582096" lbRx="0.61458218" />
<p fId="0" fbTx="0.60458218" lbTx="0.604583055" tId="1" fbRx="0.60458218" lbRx="0.604583055" />
<p fId="1" fbTx="0.604583055" lbTx="0.60458393" tId="4" fbRx="0.604583055" lbRx="0.60458393" />
<p fId="3" fbTx="0.604682096" lbTx="0.60468218" tId="0" fbRx="0.614682096" lbRx="0.61468218" />
<p fId="0" fbTx="0.60468218" lbTx="0.604683055" tId="1" fbRx="0.60468218" lbRx="0.604683055" />
<p fId="1" fbTx="0.604683055" lbTx="0.60468393" tId="4" fbRx="0.604683055" lbRx="0.60468393" />
<p fId="3" fbTx="0.604782096" lbTx="0.60478218" tId="0" fbRx="0.614782096" lbRx="0.61478218" />
<p fId="0" fbTx="0.60478218" lbTx="0.604783055" tId="1" fbRx="0.60478218" lbRx="0.604783055" />
<p fId="1" fbTx="0.604783055" lbTx="0.60478393" tId="4" fbRx="0.604783055" lbRx="0.60478393" />
<p fId="3" fbTx="0.604882096" lbTx="0.60488218" tId="0" fbRx="0.614882096" lbRx="0.61488218" />
<p fId="0" fbTx="0.60488218" lbTx="0.604883055" tId="1" fbRx="0.60488218" lbRx="0.604883055" />
<p fId="1" fbTx="0.604883055" lbTx="0.60488393" tId="4" fbRx="0.604883055" lbRx="0.60488393" />
<p fId="3" fbTx="0.604982096" lbTx="0.60498218" tId="0" fbRx="0.614982096" lbRx="0.61498218" />
<p fId="0" fbTx="0.60498218" lbTx="0.604983055" tId="1" fbRx="0.60498218" lbRx="0.604983055" />
<p fId="1" fbTx="0.604983055" lbTx="0.60498393" tId="4" fbRx="0.604983055" lbRx="0.60498393" />
<p fId="3" fbTx="0.605082096" lbTx="0.60508218" tId="0" fbRx="0.615082096" lbRx="0.61508218" />
<p fId="0" fbTx="0.60508218" lbTx="0.605083055" tId="1" fbRx="0.60508218" lbRx="0.605083055" />
<p fId="1" fbTx="0.605083055" lbTx="0.60508393" tId="4" fbRx="0.605083055" lbRx="0.60508393" />
<p fId="3" fbTx="0.605182096" lbTx="0.60518218" tId="0" fbRx="0.615182096" lbRx="0.61518218" />
<p fId="0" fbTx="0.60518218" lbTx="0.605183055" tId="1" fbRx="0.60518218" lbRx="0.605183055" />
<p fId="1" fbTx="0.605183055" lbTx="0.60518393" tId="4" fbRx="0.605183055" lbRx="0.60518393" />
<pr uId="583" fId="4" fbTx="0.605214286" />
<wpr uId="583" tId="5" fbRx="0.605214286" lbRx="0" />
<wpr uId="583" tId="6" fbRx="0.605214286" lbRx="0" />
<p fId="3" fbTx="0.605282096" lbTx="0.60528218" tId="0" fbRx="0.615282096" lbRx="0.61528218" />
<p fId="0" fbTx="0.60528218" lbTx="0.605283055" tId="1" fbRx="0.60528218" lbRx="0.605283055" />
<p fId="1" fbTx="0.605283055" lbTx="0.60528393" tId="4" fbRx="0.605283055" lbRx="0.60528393" />
<p fId="3" fbTx="0.605382096" lbTx="0.60538218" tId="0" fbRx="0.615382096" lbRx="0.61538218" />
<p fId="0" fbTx="0.60538218" lbTx="0.605383055" tId="1" fbRx="0.60538218" lbRx="0.605383055" />
<p fId="1" fbTx="0.605383055" lbTx="0.60538393" tId="4" fbRx="0.605383055" lbRx="0.60538393" />
<p fId="3" fbTx="0.605482096" lbTx="0.60548218" tId="0" fbRx="0.615482096" lbRx="0.61548218" />
<p fId="0" fbTx="0.60548218" lbTx="0.605483055" tId="1" fbRx="0.60548218" lbRx="0.605483055" />
<p fId="1" fbTx="0.605483055" lbTx="0.60548393" tId="4" fbRx="0.605483055" lbRx="0.60548393" />
<p fId="3" fbTx="0.605582096" lbTx="0.60558218" tId="0" fbRx="0.615582096" lbRx="0.61558218" />
<p fId="0" fbTx="0.60558218" lbTx="0.605583055" tId="1" fbRx="0.60558218" lbRx="0.605583055" />
<p fId="1" fbTx="0.605583055" lbTx="0.60558393" tId="4" fbRx="0.605583055" lbRx="0.60558393" />
<p fId="3" fbTx="0.605682096" lbTx="0.60568218" tId="0" fbRx="0.615682096" lbRx="0.61568218" />
<p fId="0" fbTx="0.60568218" lbTx="0.605683055" tId="1" fbRx="0.60568218" lbRx="0.605683055" />
<p fId="1" fbTx="0.605683055" lbTx="0.60568393" tId="4" fbRx="0.605683055" lbRx="0.60568393" />
<p fId="3" fbTx="0.605782096" lbTx="0.60578218" tId="0" fbRx="0.615782096" lbRx="0.61578218" />
<p fId="0" fbTx="0.60578218" lbTx="0.605783055" tId="1" fbRx="0.60578218" lbRx="0.605783055" />
<p fId="1" fbTx="0.605783055" lbTx="0.60578393" tId="4" fbRx="0.605783055" lbRx="0.60578393" />
<p fId="3" fbTx="0.605882096" lbTx="0.60588218" tId="0" fbRx="0.615882096" lbRx="0.61588218" />
<p fId="0" fbTx="0.60588218" lbTx="0.605883055" tId="1" fbRx="0.60588218" lbRx="0.605883055" />
<p fId="1" fbTx="0.605883055" lbTx="0.60588393" tId="4" fbRx="0.605883055" lbRx="0.60588393" />
<p fId="3" fbTx="0.605982096" lbTx="0.60598218" tId="0" fbRx="0.615982096" lbRx="0.61598218" />
<p fId="0" fbTx="0.60598218" lbTx="0.605983055" tId="1" fbRx="0.60598218" lbRx="0.605983055" />
<p fId="1" fbTx="0.605983055" lbTx="0.60598393" tId="4" fbRx="0.605983055" lbRx="0.60598393" />
<p fId="3" fbTx="0.606082096" lbTx="0.60608218" tId="0" fbRx="0.616082096" lbRx="0.61608218" />
<p fId="0" fbTx="0.60608218" lbTx="0.606083055" tId="1" fbRx="0.60608218" lbRx="0.606083055" />
<p fId="1" fbTx="0.606083055" lbTx="0.60608393" tId="4" fbRx="0.606083055" lbRx="0.60608393" />
<p fId="3" fbTx="0.606182096" lbTx="0.60618218" tId="0" fbRx="0.616182096" lbRx="0.61618218" />
<p fId="0" fbTx="0.60618218" lbTx="0.606183055" tId="1" fbRx="0.60618218" lbRx="0.606183055" />
<p fId="1" fbTx="0.606183055" lbTx="0.60618393" tId="4" fbRx="0.606183055" lbRx="0.60618393" />
<pr uId="584" fId="4" fbTx="0.606214286" />
<wpr uId="584" tId="5" fbRx="0.606214286" lbRx="0" />
<wpr uId="584" tId="6" fbRx="0.606214286" lbRx="0" />
<p fId="3" fbTx="0.606282096" lbTx="0.60628218" tId="0" fbRx="0.616282096" lbRx="0.61628218" />
<p fId="0" fbTx="0.60628218" lbTx="0.606283055" tId="1" fbRx="0.60628218" lbRx="0.606283055" />
<p fId="1" fbTx="0.606283055" lbTx="0.60628393" tId="4" fbRx="0.606283055" lbRx="0.60628393" />
<p fId="3" fbTx="0.606382096" lbTx="0.60638218" tId="0" fbRx="0.616382096" lbRx="0.61638218" />
<p fId="0" fbTx="0.60638218" lbTx="0.606383055" tId="1" fbRx="0.60638218" lbRx="0.606383055" />
<p fId="1" fbTx="0.606383055" lbTx="0.60638393" tId="4" fbRx="0.606383055" lbRx="0.60638393" />
<p fId="3" fbTx="0.606482096" lbTx="0.60648218" tId="0" fbRx="0.616482096" lbRx="0.61648218" />
<p fId="0" fbTx="0.60648218" lbTx="0.606483055" tId="1" fbRx="0.60648218" lbRx="0.606483055" />
<p fId="1" fbTx="0.606483055" lbTx="0.60648393" tId="4" fbRx="0.606483055" lbRx="0.60648393" />
<p fId="3" fbTx="0.606582096" lbTx="0.60658218" tId="0" fbRx="0.616582096" lbRx="0.61658218" />
<p fId="0" fbTx="0.60658218" lbTx="0.606583055" tId="1" fbRx="0.60658218" lbRx="0.606583055" />
<p fId="1" fbTx="0.606583055" lbTx="0.60658393" tId="4" fbRx="0.606583055" lbRx="0.60658393" />
<p fId="3" fbTx="0.606682096" lbTx="0.60668218" tId="0" fbRx="0.616682096" lbRx="0.61668218" />
<p fId="0" fbTx="0.60668218" lbTx="0.606683055" tId="1" fbRx="0.60668218" lbRx="0.606683055" />
<p fId="1" fbTx="0.606683055" lbTx="0.60668393" tId="4" fbRx="0.606683055" lbRx="0.60668393" />
<p fId="3" fbTx="0.606782096" lbTx="0.60678218" tId="0" fbRx="0.616782096" lbRx="0.61678218" />
<p fId="0" fbTx="0.60678218" lbTx="0.606783055" tId="1" fbRx="0.60678218" lbRx="0.606783055" />
<p fId="1" fbTx="0.606783055" lbTx="0.60678393" tId="4" fbRx="0.606783055" lbRx="0.60678393" />
<p fId="3" fbTx="0.606882096" lbTx="0.60688218" tId="0" fbRx="0.616882096" lbRx="0.61688218" />
<p fId="0" fbTx="0.60688218" lbTx="0.606883055" tId="1" fbRx="0.60688218" lbRx="0.606883055" />
<p fId="1" fbTx="0.606883055" lbTx="0.60688393" tId="4" fbRx="0.606883055" lbRx="0.60688393" />
<p fId="3" fbTx="0.606982096" lbTx="0.60698218" tId="0" fbRx="0.616982096" lbRx="0.61698218" />
<p fId="0" fbTx="0.60698218" lbTx="0.606983055" tId="1" fbRx="0.60698218" lbRx="0.606983055" />
<p fId="1" fbTx="0.606983055" lbTx="0.60698393" tId="4" fbRx="0.606983055" lbRx="0.60698393" />
<p fId="3" fbTx="0.607082096" lbTx="0.60708218" tId="0" fbRx="0.617082096" lbRx="0.61708218" />
<p fId="0" fbTx="0.60708218" lbTx="0.607083055" tId="1" fbRx="0.60708218" lbRx="0.607083055" />
<p fId="1" fbTx="0.607083055" lbTx="0.60708393" tId="4" fbRx="0.607083055" lbRx="0.60708393" />
<p fId="3" fbTx="0.607182096" lbTx="0.60718218" tId="0" fbRx="0.617182096" lbRx="0.61718218" />
<p fId="0" fbTx="0.60718218" lbTx="0.607183055" tId="1" fbRx="0.60718218" lbRx="0.607183055" />
<p fId="1" fbTx="0.607183055" lbTx="0.60718393" tId="4" fbRx="0.607183055" lbRx="0.60718393" />
<pr uId="585" fId="4" fbTx="0.607214286" />
<wpr uId="585" tId="5" fbRx="0.607214286" lbRx="0" />
<wpr uId="585" tId="6" fbRx="0.607214286" lbRx="0" />
<p fId="3" fbTx="0.607282096" lbTx="0.60728218" tId="0" fbRx="0.617282096" lbRx="0.61728218" />
<p fId="0" fbTx="0.60728218" lbTx="0.607283055" tId="1" fbRx="0.60728218" lbRx="0.607283055" />
<p fId="1" fbTx="0.607283055" lbTx="0.60728393" tId="4" fbRx="0.607283055" lbRx="0.60728393" />
<p fId="3" fbTx="0.607382096" lbTx="0.60738218" tId="0" fbRx="0.617382096" lbRx="0.61738218" />
<p fId="0" fbTx="0.60738218" lbTx="0.607383055" tId="1" fbRx="0.60738218" lbRx="0.607383055" />
<p fId="1" fbTx="0.607383055" lbTx="0.60738393" tId="4" fbRx="0.607383055" lbRx="0.60738393" />
<p fId="3" fbTx="0.607482096" lbTx="0.60748218" tId="0" fbRx="0.617482096" lbRx="0.61748218" />
<p fId="0" fbTx="0.60748218" lbTx="0.607483055" tId="1" fbRx="0.60748218" lbRx="0.607483055" />
<p fId="1" fbTx="0.607483055" lbTx="0.60748393" tId="4" fbRx="0.607483055" lbRx="0.60748393" />
<p fId="3" fbTx="0.607582096" lbTx="0.60758218" tId="0" fbRx="0.617582096" lbRx="0.61758218" />
<p fId="0" fbTx="0.60758218" lbTx="0.607583055" tId="1" fbRx="0.60758218" lbRx="0.607583055" />
<p fId="1" fbTx="0.607583055" lbTx="0.60758393" tId="4" fbRx="0.607583055" lbRx="0.60758393" />
<p fId="3" fbTx="0.607682096" lbTx="0.60768218" tId="0" fbRx="0.617682096" lbRx="0.61768218" />
<p fId="0" fbTx="0.60768218" lbTx="0.607683055" tId="1" fbRx="0.60768218" lbRx="0.607683055" />
<p fId="1" fbTx="0.607683055" lbTx="0.60768393" tId="4" fbRx="0.607683055" lbRx="0.60768393" />
<p fId="3" fbTx="0.607782096" lbTx="0.60778218" tId="0" fbRx="0.617782096" lbRx="0.61778218" />
<p fId="0" fbTx="0.60778218" lbTx="0.607783055" tId="1" fbRx="0.60778218" lbRx="0.607783055" />
<p fId="1" fbTx="0.607783055" lbTx="0.60778393" tId="4" fbRx="0.607783055" lbRx="0.60778393" />
<p fId="3" fbTx="0.607882096" lbTx="0.60788218" tId="0" fbRx="0.617882096" lbRx="0.61788218" />
<p fId="0" fbTx="0.60788218" lbTx="0.607883055" tId="1" fbRx="0.60788218" lbRx="0.607883055" />
<p fId="1" fbTx="0.607883055" lbTx="0.60788393" tId="4" fbRx="0.607883055" lbRx="0.60788393" />
<p fId="3" fbTx="0.607982096" lbTx="0.60798218" tId="0" fbRx="0.617982096" lbRx="0.61798218" />
<p fId="0" fbTx="0.60798218" lbTx="0.607983055" tId="1" fbRx="0.60798218" lbRx="0.607983055" />
<p fId="1" fbTx="0.607983055" lbTx="0.60798393" tId="4" fbRx="0.607983055" lbRx="0.60798393" />
<p fId="3" fbTx="0.608082096" lbTx="0.60808218" tId="0" fbRx="0.618082096" lbRx="0.61808218" />
<p fId="0" fbTx="0.60808218" lbTx="0.608083055" tId="1" fbRx="0.60808218" lbRx="0.608083055" />
<p fId="1" fbTx="0.608083055" lbTx="0.60808393" tId="4" fbRx="0.608083055" lbRx="0.60808393" />
<p fId="3" fbTx="0.608182096" lbTx="0.60818218" tId="0" fbRx="0.618182096" lbRx="0.61818218" />
<p fId="0" fbTx="0.60818218" lbTx="0.608183055" tId="1" fbRx="0.60818218" lbRx="0.608183055" />
<p fId="1" fbTx="0.608183055" lbTx="0.60818393" tId="4" fbRx="0.608183055" lbRx="0.60818393" />
<pr uId="586" fId="4" fbTx="0.608214286" />
<wpr uId="586" tId="5" fbRx="0.608214286" lbRx="0" />
<wpr uId="586" tId="6" fbRx="0.608214286" lbRx="0" />
<p fId="3" fbTx="0.608282096" lbTx="0.60828218" tId="0" fbRx="0.618282096" lbRx="0.61828218" />
<p fId="0" fbTx="0.60828218" lbTx="0.608283055" tId="1" fbRx="0.60828218" lbRx="0.608283055" />
<p fId="1" fbTx="0.608283055" lbTx="0.60828393" tId="4" fbRx="0.608283055" lbRx="0.60828393" />
<p fId="3" fbTx="0.608382096" lbTx="0.60838218" tId="0" fbRx="0.618382096" lbRx="0.61838218" />
<p fId="0" fbTx="0.60838218" lbTx="0.608383055" tId="1" fbRx="0.60838218" lbRx="0.608383055" />
<p fId="1" fbTx="0.608383055" lbTx="0.60838393" tId="4" fbRx="0.608383055" lbRx="0.60838393" />
<p fId="3" fbTx="0.608482096" lbTx="0.60848218" tId="0" fbRx="0.618482096" lbRx="0.61848218" />
<p fId="0" fbTx="0.60848218" lbTx="0.608483055" tId="1" fbRx="0.60848218" lbRx="0.608483055" />
<p fId="1" fbTx="0.608483055" lbTx="0.60848393" tId="4" fbRx="0.608483055" lbRx="0.60848393" />
<p fId="3" fbTx="0.608582096" lbTx="0.60858218" tId="0" fbRx="0.618582096" lbRx="0.61858218" />
<p fId="0" fbTx="0.60858218" lbTx="0.608583055" tId="1" fbRx="0.60858218" lbRx="0.608583055" />
<p fId="1" fbTx="0.608583055" lbTx="0.60858393" tId="4" fbRx="0.608583055" lbRx="0.60858393" />
<p fId="3" fbTx="0.608682096" lbTx="0.60868218" tId="0" fbRx="0.618682096" lbRx="0.61868218" />
<p fId="0" fbTx="0.60868218" lbTx="0.608683055" tId="1" fbRx="0.60868218" lbRx="0.608683055" />
<p fId="1" fbTx="0.608683055" lbTx="0.60868393" tId="4" fbRx="0.608683055" lbRx="0.60868393" />
<p fId="3" fbTx="0.608782096" lbTx="0.60878218" tId="0" fbRx="0.618782096" lbRx="0.61878218" />
<p fId="0" fbTx="0.60878218" lbTx="0.608783055" tId="1" fbRx="0.60878218" lbRx="0.608783055" />
<p fId="1" fbTx="0.608783055" lbTx="0.60878393" tId="4" fbRx="0.608783055" lbRx="0.60878393" />
<p fId="3" fbTx="0.608882096" lbTx="0.60888218" tId="0" fbRx="0.618882096" lbRx="0.61888218" />
<p fId="0" fbTx="0.60888218" lbTx="0.608883055" tId="1" fbRx="0.60888218" lbRx="0.608883055" />
<p fId="1" fbTx="0.608883055" lbTx="0.60888393" tId="4" fbRx="0.608883055" lbRx="0.60888393" />
<p fId="3" fbTx="0.608982096" lbTx="0.60898218" tId="0" fbRx="0.618982096" lbRx="0.61898218" />
<p fId="0" fbTx="0.60898218" lbTx="0.608983055" tId="1" fbRx="0.60898218" lbRx="0.608983055" />
<p fId="1" fbTx="0.608983055" lbTx="0.60898393" tId="4" fbRx="0.608983055" lbRx="0.60898393" />
<p fId="3" fbTx="0.609082096" lbTx="0.60908218" tId="0" fbRx="0.619082096" lbRx="0.61908218" />
<p fId="0" fbTx="0.60908218" lbTx="0.609083055" tId="1" fbRx="0.60908218" lbRx="0.609083055" />
<p fId="1" fbTx="0.609083055" lbTx="0.60908393" tId="4" fbRx="0.609083055" lbRx="0.60908393" />
<p fId="3" fbTx="0.609182096" lbTx="0.60918218" tId="0" fbRx="0.619182096" lbRx="0.61918218" />
<p fId="0" fbTx="0.60918218" lbTx="0.609183055" tId="1" fbRx="0.60918218" lbRx="0.609183055" />
<p fId="1" fbTx="0.609183055" lbTx="0.60918393" tId="4" fbRx="0.609183055" lbRx="0.60918393" />
<pr uId="587" fId="4" fbTx="0.609214286" />
<wpr uId="587" tId="5" fbRx="0.609214286" lbRx="0" />
<wpr uId="587" tId="6" fbRx="0.609214286" lbRx="0" />
<p fId="3" fbTx="0.609282096" lbTx="0.60928218" tId="0" fbRx="0.619282096" lbRx="0.61928218" />
<p fId="0" fbTx="0.60928218" lbTx="0.609283055" tId="1" fbRx="0.60928218" lbRx="0.609283055" />
<p fId="1" fbTx="0.609283055" lbTx="0.60928393" tId="4" fbRx="0.609283055" lbRx="0.60928393" />
<p fId="3" fbTx="0.609382096" lbTx="0.60938218" tId="0" fbRx="0.619382096" lbRx="0.61938218" />
<p fId="0" fbTx="0.60938218" lbTx="0.609383055" tId="1" fbRx="0.60938218" lbRx="0.609383055" />
<p fId="1" fbTx="0.609383055" lbTx="0.60938393" tId="4" fbRx="0.609383055" lbRx="0.60938393" />
<p fId="3" fbTx="0.609482096" lbTx="0.60948218" tId="0" fbRx="0.619482096" lbRx="0.61948218" />
<p fId="0" fbTx="0.60948218" lbTx="0.609483055" tId="1" fbRx="0.60948218" lbRx="0.609483055" />
<p fId="1" fbTx="0.609483055" lbTx="0.60948393" tId="4" fbRx="0.609483055" lbRx="0.60948393" />
<p fId="3" fbTx="0.609582096" lbTx="0.60958218" tId="0" fbRx="0.619582096" lbRx="0.61958218" />
<p fId="0" fbTx="0.60958218" lbTx="0.609583055" tId="1" fbRx="0.60958218" lbRx="0.609583055" />
<p fId="1" fbTx="0.609583055" lbTx="0.60958393" tId="4" fbRx="0.609583055" lbRx="0.60958393" />
<p fId="3" fbTx="0.609682096" lbTx="0.60968218" tId="0" fbRx="0.619682096" lbRx="0.61968218" />
<p fId="0" fbTx="0.60968218" lbTx="0.609683055" tId="1" fbRx="0.60968218" lbRx="0.609683055" />
<p fId="1" fbTx="0.609683055" lbTx="0.60968393" tId="4" fbRx="0.609683055" lbRx="0.60968393" />
<p fId="3" fbTx="0.609782096" lbTx="0.60978218" tId="0" fbRx="0.619782096" lbRx="0.61978218" />
<p fId="0" fbTx="0.60978218" lbTx="0.609783055" tId="1" fbRx="0.60978218" lbRx="0.609783055" />
<p fId="1" fbTx="0.609783055" lbTx="0.60978393" tId="4" fbRx="0.609783055" lbRx="0.60978393" />
<p fId="3" fbTx="0.609882096" lbTx="0.60988218" tId="0" fbRx="0.619882096" lbRx="0.61988218" />
<p fId="0" fbTx="0.60988218" lbTx="0.609883055" tId="1" fbRx="0.60988218" lbRx="0.609883055" />
<p fId="1" fbTx="0.609883055" lbTx="0.60988393" tId="4" fbRx="0.609883055" lbRx="0.60988393" />
<p fId="3" fbTx="0.609982096" lbTx="0.60998218" tId="0" fbRx="0.619982096" lbRx="0.61998218" />
<p fId="0" fbTx="0.60998218" lbTx="0.609983055" tId="1" fbRx="0.60998218" lbRx="0.609983055" />
<p fId="1" fbTx="0.609983055" lbTx="0.60998393" tId="4" fbRx="0.609983055" lbRx="0.60998393" />
<p fId="3" fbTx="0.610082096" lbTx="0.61008218" tId="0" fbRx="0.620082096" lbRx="0.62008218" />
<p fId="0" fbTx="0.61008218" lbTx="0.610083055" tId="1" fbRx="0.61008218" lbRx="0.610083055" />
<p fId="1" fbTx="0.610083055" lbTx="0.61008393" tId="4" fbRx="0.610083055" lbRx="0.61008393" />
<p fId="3" fbTx="0.610182096" lbTx="0.61018218" tId="0" fbRx="0.620182096" lbRx="0.62018218" />
<p fId="0" fbTx="0.61018218" lbTx="0.610183055" tId="1" fbRx="0.61018218" lbRx="0.610183055" />
<p fId="1" fbTx="0.610183055" lbTx="0.61018393" tId="4" fbRx="0.610183055" lbRx="0.61018393" />
<pr uId="588" fId="4" fbTx="0.610214286" />
<wpr uId="588" tId="5" fbRx="0.610214286" lbRx="0" />
<wpr uId="588" tId="6" fbRx="0.610214286" lbRx="0" />
<p fId="3" fbTx="0.610282096" lbTx="0.61028218" tId="0" fbRx="0.620282096" lbRx="0.62028218" />
<p fId="0" fbTx="0.61028218" lbTx="0.610283055" tId="1" fbRx="0.61028218" lbRx="0.610283055" />
<p fId="1" fbTx="0.610283055" lbTx="0.61028393" tId="4" fbRx="0.610283055" lbRx="0.61028393" />
<p fId="3" fbTx="0.610382096" lbTx="0.61038218" tId="0" fbRx="0.620382096" lbRx="0.62038218" />
<p fId="0" fbTx="0.61038218" lbTx="0.610383055" tId="1" fbRx="0.61038218" lbRx="0.610383055" />
<p fId="1" fbTx="0.610383055" lbTx="0.61038393" tId="4" fbRx="0.610383055" lbRx="0.61038393" />
<p fId="3" fbTx="0.610482096" lbTx="0.61048218" tId="0" fbRx="0.620482096" lbRx="0.62048218" />
<p fId="0" fbTx="0.61048218" lbTx="0.610483055" tId="1" fbRx="0.61048218" lbRx="0.610483055" />
<p fId="1" fbTx="0.610483055" lbTx="0.61048393" tId="4" fbRx="0.610483055" lbRx="0.61048393" />
<p fId="3" fbTx="0.610582096" lbTx="0.61058218" tId="0" fbRx="0.620582096" lbRx="0.62058218" />
<p fId="0" fbTx="0.61058218" lbTx="0.610583055" tId="1" fbRx="0.61058218" lbRx="0.610583055" />
<p fId="1" fbTx="0.610583055" lbTx="0.61058393" tId="4" fbRx="0.610583055" lbRx="0.61058393" />
<p fId="3" fbTx="0.610682096" lbTx="0.61068218" tId="0" fbRx="0.620682096" lbRx="0.62068218" />
<p fId="0" fbTx="0.61068218" lbTx="0.610683055" tId="1" fbRx="0.61068218" lbRx="0.610683055" />
<p fId="1" fbTx="0.610683055" lbTx="0.61068393" tId="4" fbRx="0.610683055" lbRx="0.61068393" />
<p fId="3" fbTx="0.610782096" lbTx="0.61078218" tId="0" fbRx="0.620782096" lbRx="0.62078218" />
<p fId="0" fbTx="0.61078218" lbTx="0.610783055" tId="1" fbRx="0.61078218" lbRx="0.610783055" />
<p fId="1" fbTx="0.610783055" lbTx="0.61078393" tId="4" fbRx="0.610783055" lbRx="0.61078393" />
<p fId="3" fbTx="0.610882096" lbTx="0.61088218" tId="0" fbRx="0.620882096" lbRx="0.62088218" />
<p fId="0" fbTx="0.61088218" lbTx="0.610883055" tId="1" fbRx="0.61088218" lbRx="0.610883055" />
<p fId="1" fbTx="0.610883055" lbTx="0.61088393" tId="4" fbRx="0.610883055" lbRx="0.61088393" />
<p fId="3" fbTx="0.610982096" lbTx="0.61098218" tId="0" fbRx="0.620982096" lbRx="0.62098218" />
<p fId="0" fbTx="0.61098218" lbTx="0.610983055" tId="1" fbRx="0.61098218" lbRx="0.610983055" />
<p fId="1" fbTx="0.610983055" lbTx="0.61098393" tId="4" fbRx="0.610983055" lbRx="0.61098393" />
<p fId="3" fbTx="0.611082096" lbTx="0.61108218" tId="0" fbRx="0.621082096" lbRx="0.62108218" />
<p fId="0" fbTx="0.61108218" lbTx="0.611083055" tId="1" fbRx="0.61108218" lbRx="0.611083055" />
<p fId="1" fbTx="0.611083055" lbTx="0.61108393" tId="4" fbRx="0.611083055" lbRx="0.61108393" />
<p fId="3" fbTx="0.611182096" lbTx="0.61118218" tId="0" fbRx="0.621182096" lbRx="0.62118218" />
<p fId="0" fbTx="0.61118218" lbTx="0.611183055" tId="1" fbRx="0.61118218" lbRx="0.611183055" />
<p fId="1" fbTx="0.611183055" lbTx="0.61118393" tId="4" fbRx="0.611183055" lbRx="0.61118393" />
<pr uId="589" fId="4" fbTx="0.611214286" />
<wpr uId="589" tId="5" fbRx="0.611214286" lbRx="0" />
<wpr uId="589" tId="6" fbRx="0.611214286" lbRx="0" />
<p fId="3" fbTx="0.611282096" lbTx="0.61128218" tId="0" fbRx="0.621282096" lbRx="0.62128218" />
<p fId="0" fbTx="0.61128218" lbTx="0.611283055" tId="1" fbRx="0.61128218" lbRx="0.611283055" />
<p fId="1" fbTx="0.611283055" lbTx="0.61128393" tId="4" fbRx="0.611283055" lbRx="0.61128393" />
<p fId="3" fbTx="0.611382096" lbTx="0.61138218" tId="0" fbRx="0.621382096" lbRx="0.62138218" />
<p fId="0" fbTx="0.61138218" lbTx="0.611383055" tId="1" fbRx="0.61138218" lbRx="0.611383055" />
<p fId="1" fbTx="0.611383055" lbTx="0.61138393" tId="4" fbRx="0.611383055" lbRx="0.61138393" />
<p fId="3" fbTx="0.611482096" lbTx="0.61148218" tId="0" fbRx="0.621482096" lbRx="0.62148218" />
<p fId="0" fbTx="0.61148218" lbTx="0.611483055" tId="1" fbRx="0.61148218" lbRx="0.611483055" />
<p fId="1" fbTx="0.611483055" lbTx="0.61148393" tId="4" fbRx="0.611483055" lbRx="0.61148393" />
<p fId="3" fbTx="0.611582096" lbTx="0.61158218" tId="0" fbRx="0.621582096" lbRx="0.62158218" />
<p fId="0" fbTx="0.61158218" lbTx="0.611583055" tId="1" fbRx="0.61158218" lbRx="0.611583055" />
<p fId="1" fbTx="0.611583055" lbTx="0.61158393" tId="4" fbRx="0.611583055" lbRx="0.61158393" />
<p fId="3" fbTx="0.611682096" lbTx="0.61168218" tId="0" fbRx="0.621682096" lbRx="0.62168218" />
<p fId="0" fbTx="0.61168218" lbTx="0.611683055" tId="1" fbRx="0.61168218" lbRx="0.611683055" />
<p fId="1" fbTx="0.611683055" lbTx="0.61168393" tId="4" fbRx="0.611683055" lbRx="0.61168393" />
<p fId="3" fbTx="0.611782096" lbTx="0.61178218" tId="0" fbRx="0.621782096" lbRx="0.62178218" />
<p fId="0" fbTx="0.61178218" lbTx="0.611783055" tId="1" fbRx="0.61178218" lbRx="0.611783055" />
<p fId="1" fbTx="0.611783055" lbTx="0.61178393" tId="4" fbRx="0.611783055" lbRx="0.61178393" />
<p fId="3" fbTx="0.611882096" lbTx="0.61188218" tId="0" fbRx="0.621882096" lbRx="0.62188218" />
<p fId="0" fbTx="0.61188218" lbTx="0.611883055" tId="1" fbRx="0.61188218" lbRx="0.611883055" />
<p fId="1" fbTx="0.611883055" lbTx="0.61188393" tId="4" fbRx="0.611883055" lbRx="0.61188393" />
<p fId="3" fbTx="0.611982096" lbTx="0.61198218" tId="0" fbRx="0.621982096" lbRx="0.62198218" />
<p fId="0" fbTx="0.61198218" lbTx="0.611983055" tId="1" fbRx="0.61198218" lbRx="0.611983055" />
<p fId="1" fbTx="0.611983055" lbTx="0.61198393" tId="4" fbRx="0.611983055" lbRx="0.61198393" />
<p fId="3" fbTx="0.612082096" lbTx="0.61208218" tId="0" fbRx="0.622082096" lbRx="0.62208218" />
<p fId="0" fbTx="0.61208218" lbTx="0.612083055" tId="1" fbRx="0.61208218" lbRx="0.612083055" />
<p fId="1" fbTx="0.612083055" lbTx="0.61208393" tId="4" fbRx="0.612083055" lbRx="0.61208393" />
<p fId="3" fbTx="0.612182096" lbTx="0.61218218" tId="0" fbRx="0.622182096" lbRx="0.62218218" />
<p fId="0" fbTx="0.61218218" lbTx="0.612183055" tId="1" fbRx="0.61218218" lbRx="0.612183055" />
<p fId="1" fbTx="0.612183055" lbTx="0.61218393" tId="4" fbRx="0.612183055" lbRx="0.61218393" />
<pr uId="590" fId="4" fbTx="0.612214286" />
<wpr uId="590" tId="5" fbRx="0.612214286" lbRx="0" />
<wpr uId="590" tId="6" fbRx="0.612214286" lbRx="0" />
<p fId="3" fbTx="0.612282096" lbTx="0.61228218" tId="0" fbRx="0.622282096" lbRx="0.62228218" />
<p fId="0" fbTx="0.61228218" lbTx="0.612283055" tId="1" fbRx="0.61228218" lbRx="0.612283055" />
<p fId="1" fbTx="0.612283055" lbTx="0.61228393" tId="4" fbRx="0.612283055" lbRx="0.61228393" />
<p fId="3" fbTx="0.612382096" lbTx="0.61238218" tId="0" fbRx="0.622382096" lbRx="0.62238218" />
<p fId="0" fbTx="0.61238218" lbTx="0.612383055" tId="1" fbRx="0.61238218" lbRx="0.612383055" />
<p fId="1" fbTx="0.612383055" lbTx="0.61238393" tId="4" fbRx="0.612383055" lbRx="0.61238393" />
<p fId="3" fbTx="0.612482096" lbTx="0.61248218" tId="0" fbRx="0.622482096" lbRx="0.62248218" />
<p fId="0" fbTx="0.61248218" lbTx="0.612483055" tId="1" fbRx="0.61248218" lbRx="0.612483055" />
<p fId="1" fbTx="0.612483055" lbTx="0.61248393" tId="4" fbRx="0.612483055" lbRx="0.61248393" />
<p fId="3" fbTx="0.612582096" lbTx="0.61258218" tId="0" fbRx="0.622582096" lbRx="0.62258218" />
<p fId="0" fbTx="0.61258218" lbTx="0.612583055" tId="1" fbRx="0.61258218" lbRx="0.612583055" />
<p fId="1" fbTx="0.612583055" lbTx="0.61258393" tId="4" fbRx="0.612583055" lbRx="0.61258393" />
<p fId="3" fbTx="0.612682096" lbTx="0.61268218" tId="0" fbRx="0.622682096" lbRx="0.62268218" />
<p fId="0" fbTx="0.61268218" lbTx="0.612683055" tId="1" fbRx="0.61268218" lbRx="0.612683055" />
<p fId="1" fbTx="0.612683055" lbTx="0.61268393" tId="4" fbRx="0.612683055" lbRx="0.61268393" />
<p fId="3" fbTx="0.612782096" lbTx="0.61278218" tId="0" fbRx="0.622782096" lbRx="0.62278218" />
<p fId="0" fbTx="0.61278218" lbTx="0.612783055" tId="1" fbRx="0.61278218" lbRx="0.612783055" />
<p fId="1" fbTx="0.612783055" lbTx="0.61278393" tId="4" fbRx="0.612783055" lbRx="0.61278393" />
<p fId="3" fbTx="0.612882096" lbTx="0.61288218" tId="0" fbRx="0.622882096" lbRx="0.62288218" />
<p fId="0" fbTx="0.61288218" lbTx="0.612883055" tId="1" fbRx="0.61288218" lbRx="0.612883055" />
<p fId="1" fbTx="0.612883055" lbTx="0.61288393" tId="4" fbRx="0.612883055" lbRx="0.61288393" />
<p fId="3" fbTx="0.612982096" lbTx="0.61298218" tId="0" fbRx="0.622982096" lbRx="0.62298218" />
<p fId="0" fbTx="0.61298218" lbTx="0.612983055" tId="1" fbRx="0.61298218" lbRx="0.612983055" />
<p fId="1" fbTx="0.612983055" lbTx="0.61298393" tId="4" fbRx="0.612983055" lbRx="0.61298393" />
<p fId="3" fbTx="0.613082096" lbTx="0.61308218" tId="0" fbRx="0.623082096" lbRx="0.62308218" />
<p fId="0" fbTx="0.61308218" lbTx="0.613083055" tId="1" fbRx="0.61308218" lbRx="0.613083055" />
<p fId="1" fbTx="0.613083055" lbTx="0.61308393" tId="4" fbRx="0.613083055" lbRx="0.61308393" />
<p fId="3" fbTx="0.613182096" lbTx="0.61318218" tId="0" fbRx="0.623182096" lbRx="0.62318218" />
<p fId="0" fbTx="0.61318218" lbTx="0.613183055" tId="1" fbRx="0.61318218" lbRx="0.613183055" />
<p fId="1" fbTx="0.613183055" lbTx="0.61318393" tId="4" fbRx="0.613183055" lbRx="0.61318393" />
<pr uId="591" fId="4" fbTx="0.613214286" />
<wpr uId="591" tId="5" fbRx="0.613214286" lbRx="0" />
<wpr uId="591" tId="6" fbRx="0.613214286" lbRx="0" />
<p fId="3" fbTx="0.613282096" lbTx="0.61328218" tId="0" fbRx="0.623282096" lbRx="0.62328218" />
<p fId="0" fbTx="0.61328218" lbTx="0.613283055" tId="1" fbRx="0.61328218" lbRx="0.613283055" />
<p fId="1" fbTx="0.613283055" lbTx="0.61328393" tId="4" fbRx="0.613283055" lbRx="0.61328393" />
<p fId="3" fbTx="0.613382096" lbTx="0.61338218" tId="0" fbRx="0.623382096" lbRx="0.62338218" />
<p fId="0" fbTx="0.61338218" lbTx="0.613383055" tId="1" fbRx="0.61338218" lbRx="0.613383055" />
<p fId="1" fbTx="0.613383055" lbTx="0.61338393" tId="4" fbRx="0.613383055" lbRx="0.61338393" />
<p fId="3" fbTx="0.613482096" lbTx="0.61348218" tId="0" fbRx="0.623482096" lbRx="0.62348218" />
<p fId="0" fbTx="0.61348218" lbTx="0.613483055" tId="1" fbRx="0.61348218" lbRx="0.613483055" />
<p fId="1" fbTx="0.613483055" lbTx="0.61348393" tId="4" fbRx="0.613483055" lbRx="0.61348393" />
<p fId="3" fbTx="0.613582096" lbTx="0.61358218" tId="0" fbRx="0.623582096" lbRx="0.62358218" />
<p fId="0" fbTx="0.61358218" lbTx="0.613583055" tId="1" fbRx="0.61358218" lbRx="0.613583055" />
<p fId="1" fbTx="0.613583055" lbTx="0.61358393" tId="4" fbRx="0.613583055" lbRx="0.61358393" />
<p fId="3" fbTx="0.613682096" lbTx="0.61368218" tId="0" fbRx="0.623682096" lbRx="0.62368218" />
<p fId="0" fbTx="0.61368218" lbTx="0.613683055" tId="1" fbRx="0.61368218" lbRx="0.613683055" />
<p fId="1" fbTx="0.613683055" lbTx="0.61368393" tId="4" fbRx="0.613683055" lbRx="0.61368393" />
<p fId="3" fbTx="0.613782096" lbTx="0.61378218" tId="0" fbRx="0.623782096" lbRx="0.62378218" />
<p fId="0" fbTx="0.61378218" lbTx="0.613783055" tId="1" fbRx="0.61378218" lbRx="0.613783055" />
<p fId="1" fbTx="0.613783055" lbTx="0.61378393" tId="4" fbRx="0.613783055" lbRx="0.61378393" />
<p fId="3" fbTx="0.613882096" lbTx="0.61388218" tId="0" fbRx="0.623882096" lbRx="0.62388218" />
<p fId="0" fbTx="0.61388218" lbTx="0.613883055" tId="1" fbRx="0.61388218" lbRx="0.613883055" />
<p fId="1" fbTx="0.613883055" lbTx="0.61388393" tId="4" fbRx="0.613883055" lbRx="0.61388393" />
<p fId="3" fbTx="0.613982096" lbTx="0.61398218" tId="0" fbRx="0.623982096" lbRx="0.62398218" />
<p fId="0" fbTx="0.61398218" lbTx="0.613983055" tId="1" fbRx="0.61398218" lbRx="0.613983055" />
<p fId="1" fbTx="0.613983055" lbTx="0.61398393" tId="4" fbRx="0.613983055" lbRx="0.61398393" />
<p fId="3" fbTx="0.614082096" lbTx="0.61408218" tId="0" fbRx="0.624082096" lbRx="0.62408218" />
<p fId="0" fbTx="0.61408218" lbTx="0.614083055" tId="1" fbRx="0.61408218" lbRx="0.614083055" />
<p fId="1" fbTx="0.614083055" lbTx="0.61408393" tId="4" fbRx="0.614083055" lbRx="0.61408393" />
<p fId="3" fbTx="0.614182096" lbTx="0.61418218" tId="0" fbRx="0.624182096" lbRx="0.62418218" />
<p fId="0" fbTx="0.61418218" lbTx="0.614183055" tId="1" fbRx="0.61418218" lbRx="0.614183055" />
<p fId="1" fbTx="0.614183055" lbTx="0.61418393" tId="4" fbRx="0.614183055" lbRx="0.61418393" />
<pr uId="592" fId="4" fbTx="0.614214286" />
<wpr uId="592" tId="5" fbRx="0.614214286" lbRx="0" />
<wpr uId="592" tId="6" fbRx="0.614214286" lbRx="0" />
<p fId="3" fbTx="0.614282096" lbTx="0.61428218" tId="0" fbRx="0.624282096" lbRx="0.62428218" />
<p fId="0" fbTx="0.61428218" lbTx="0.614283055" tId="1" fbRx="0.61428218" lbRx="0.614283055" />
<p fId="1" fbTx="0.614283055" lbTx="0.61428393" tId="4" fbRx="0.614283055" lbRx="0.61428393" />
<p fId="3" fbTx="0.614382096" lbTx="0.61438218" tId="0" fbRx="0.624382096" lbRx="0.62438218" />
<p fId="0" fbTx="0.61438218" lbTx="0.614383055" tId="1" fbRx="0.61438218" lbRx="0.614383055" />
<p fId="1" fbTx="0.614383055" lbTx="0.61438393" tId="4" fbRx="0.614383055" lbRx="0.61438393" />
<p fId="3" fbTx="0.614482096" lbTx="0.61448218" tId="0" fbRx="0.624482096" lbRx="0.62448218" />
<p fId="0" fbTx="0.61448218" lbTx="0.614483055" tId="1" fbRx="0.61448218" lbRx="0.614483055" />
<p fId="1" fbTx="0.614483055" lbTx="0.61448393" tId="4" fbRx="0.614483055" lbRx="0.61448393" />
<p fId="3" fbTx="0.614582096" lbTx="0.61458218" tId="0" fbRx="0.624582096" lbRx="0.62458218" />
<p fId="0" fbTx="0.61458218" lbTx="0.614583055" tId="1" fbRx="0.61458218" lbRx="0.614583055" />
<p fId="1" fbTx="0.614583055" lbTx="0.61458393" tId="4" fbRx="0.614583055" lbRx="0.61458393" />
<p fId="3" fbTx="0.614682096" lbTx="0.61468218" tId="0" fbRx="0.624682096" lbRx="0.62468218" />
<p fId="0" fbTx="0.61468218" lbTx="0.614683055" tId="1" fbRx="0.61468218" lbRx="0.614683055" />
<p fId="1" fbTx="0.614683055" lbTx="0.61468393" tId="4" fbRx="0.614683055" lbRx="0.61468393" />
<p fId="3" fbTx="0.614782096" lbTx="0.61478218" tId="0" fbRx="0.624782096" lbRx="0.62478218" />
<p fId="0" fbTx="0.61478218" lbTx="0.614783055" tId="1" fbRx="0.61478218" lbRx="0.614783055" />
<p fId="1" fbTx="0.614783055" lbTx="0.61478393" tId="4" fbRx="0.614783055" lbRx="0.61478393" />
<p fId="3" fbTx="0.614882096" lbTx="0.61488218" tId="0" fbRx="0.624882096" lbRx="0.62488218" />
<p fId="0" fbTx="0.61488218" lbTx="0.614883055" tId="1" fbRx="0.61488218" lbRx="0.614883055" />
<p fId="1" fbTx="0.614883055" lbTx="0.61488393" tId="4" fbRx="0.614883055" lbRx="0.61488393" />
<p fId="3" fbTx="0.614982096" lbTx="0.61498218" tId="0" fbRx="0.624982096" lbRx="0.62498218" />
<p fId="0" fbTx="0.61498218" lbTx="0.614983055" tId="1" fbRx="0.61498218" lbRx="0.614983055" />
<p fId="1" fbTx="0.614983055" lbTx="0.61498393" tId="4" fbRx="0.614983055" lbRx="0.61498393" />
<p fId="3" fbTx="0.615082096" lbTx="0.61508218" tId="0" fbRx="0.625082096" lbRx="0.62508218" />
<p fId="0" fbTx="0.61508218" lbTx="0.615083055" tId="1" fbRx="0.61508218" lbRx="0.615083055" />
<p fId="1" fbTx="0.615083055" lbTx="0.61508393" tId="4" fbRx="0.615083055" lbRx="0.61508393" />
<p fId="3" fbTx="0.615182096" lbTx="0.61518218" tId="0" fbRx="0.625182096" lbRx="0.62518218" />
<p fId="0" fbTx="0.61518218" lbTx="0.615183055" tId="1" fbRx="0.61518218" lbRx="0.615183055" />
<p fId="1" fbTx="0.615183055" lbTx="0.61518393" tId="4" fbRx="0.615183055" lbRx="0.61518393" />
<pr uId="593" fId="4" fbTx="0.615214286" />
<wpr uId="593" tId="5" fbRx="0.615214286" lbRx="0" />
<wpr uId="593" tId="6" fbRx="0.615214286" lbRx="0" />
<p fId="3" fbTx="0.615282096" lbTx="0.61528218" tId="0" fbRx="0.625282096" lbRx="0.62528218" />
<p fId="0" fbTx="0.61528218" lbTx="0.615283055" tId="1" fbRx="0.61528218" lbRx="0.615283055" />
<p fId="1" fbTx="0.615283055" lbTx="0.61528393" tId="4" fbRx="0.615283055" lbRx="0.61528393" />
<p fId="3" fbTx="0.615382096" lbTx="0.61538218" tId="0" fbRx="0.625382096" lbRx="0.62538218" />
<p fId="0" fbTx="0.61538218" lbTx="0.615383055" tId="1" fbRx="0.61538218" lbRx="0.615383055" />
<p fId="1" fbTx="0.615383055" lbTx="0.61538393" tId="4" fbRx="0.615383055" lbRx="0.61538393" />
<p fId="3" fbTx="0.615482096" lbTx="0.61548218" tId="0" fbRx="0.625482096" lbRx="0.62548218" />
<p fId="0" fbTx="0.61548218" lbTx="0.615483055" tId="1" fbRx="0.61548218" lbRx="0.615483055" />
<p fId="1" fbTx="0.615483055" lbTx="0.61548393" tId="4" fbRx="0.615483055" lbRx="0.61548393" />
<p fId="3" fbTx="0.615582096" lbTx="0.61558218" tId="0" fbRx="0.625582096" lbRx="0.62558218" />
<p fId="0" fbTx="0.61558218" lbTx="0.615583055" tId="1" fbRx="0.61558218" lbRx="0.615583055" />
<p fId="1" fbTx="0.615583055" lbTx="0.61558393" tId="4" fbRx="0.615583055" lbRx="0.61558393" />
<p fId="3" fbTx="0.615682096" lbTx="0.61568218" tId="0" fbRx="0.625682096" lbRx="0.62568218" />
<p fId="0" fbTx="0.61568218" lbTx="0.615683055" tId="1" fbRx="0.61568218" lbRx="0.615683055" />
<p fId="1" fbTx="0.615683055" lbTx="0.61568393" tId="4" fbRx="0.615683055" lbRx="0.61568393" />
<p fId="3" fbTx="0.615782096" lbTx="0.61578218" tId="0" fbRx="0.625782096" lbRx="0.62578218" />
<p fId="0" fbTx="0.61578218" lbTx="0.615783055" tId="1" fbRx="0.61578218" lbRx="0.615783055" />
<p fId="1" fbTx="0.615783055" lbTx="0.61578393" tId="4" fbRx="0.615783055" lbRx="0.61578393" />
<p fId="3" fbTx="0.615882096" lbTx="0.61588218" tId="0" fbRx="0.625882096" lbRx="0.62588218" />
<p fId="0" fbTx="0.61588218" lbTx="0.615883055" tId="1" fbRx="0.61588218" lbRx="0.615883055" />
<p fId="1" fbTx="0.615883055" lbTx="0.61588393" tId="4" fbRx="0.615883055" lbRx="0.61588393" />
<p fId="3" fbTx="0.615982096" lbTx="0.61598218" tId="0" fbRx="0.625982096" lbRx="0.62598218" />
<p fId="0" fbTx="0.61598218" lbTx="0.615983055" tId="1" fbRx="0.61598218" lbRx="0.615983055" />
<p fId="1" fbTx="0.615983055" lbTx="0.61598393" tId="4" fbRx="0.615983055" lbRx="0.61598393" />
<p fId="3" fbTx="0.616082096" lbTx="0.61608218" tId="0" fbRx="0.626082096" lbRx="0.62608218" />
<p fId="0" fbTx="0.61608218" lbTx="0.616083055" tId="1" fbRx="0.61608218" lbRx="0.616083055" />
<p fId="1" fbTx="0.616083055" lbTx="0.61608393" tId="4" fbRx="0.616083055" lbRx="0.61608393" />
<p fId="3" fbTx="0.616182096" lbTx="0.61618218" tId="0" fbRx="0.626182096" lbRx="0.62618218" />
<p fId="0" fbTx="0.61618218" lbTx="0.616183055" tId="1" fbRx="0.61618218" lbRx="0.616183055" />
<p fId="1" fbTx="0.616183055" lbTx="0.61618393" tId="4" fbRx="0.616183055" lbRx="0.61618393" />
<pr uId="594" fId="4" fbTx="0.616214286" />
<wpr uId="594" tId="5" fbRx="0.616214286" lbRx="0" />
<wpr uId="594" tId="6" fbRx="0.616214286" lbRx="0" />
<p fId="3" fbTx="0.616282096" lbTx="0.61628218" tId="0" fbRx="0.626282096" lbRx="0.62628218" />
<p fId="0" fbTx="0.61628218" lbTx="0.616283055" tId="1" fbRx="0.61628218" lbRx="0.616283055" />
<p fId="1" fbTx="0.616283055" lbTx="0.61628393" tId="4" fbRx="0.616283055" lbRx="0.61628393" />
<p fId="3" fbTx="0.616382096" lbTx="0.61638218" tId="0" fbRx="0.626382096" lbRx="0.62638218" />
<p fId="0" fbTx="0.61638218" lbTx="0.616383055" tId="1" fbRx="0.61638218" lbRx="0.616383055" />
<p fId="1" fbTx="0.616383055" lbTx="0.61638393" tId="4" fbRx="0.616383055" lbRx="0.61638393" />
<p fId="3" fbTx="0.616482096" lbTx="0.61648218" tId="0" fbRx="0.626482096" lbRx="0.62648218" />
<p fId="0" fbTx="0.61648218" lbTx="0.616483055" tId="1" fbRx="0.61648218" lbRx="0.616483055" />
<p fId="1" fbTx="0.616483055" lbTx="0.61648393" tId="4" fbRx="0.616483055" lbRx="0.61648393" />
<p fId="3" fbTx="0.616582096" lbTx="0.61658218" tId="0" fbRx="0.626582096" lbRx="0.62658218" />
<p fId="0" fbTx="0.61658218" lbTx="0.616583055" tId="1" fbRx="0.61658218" lbRx="0.616583055" />
<p fId="1" fbTx="0.616583055" lbTx="0.61658393" tId="4" fbRx="0.616583055" lbRx="0.61658393" />
<p fId="3" fbTx="0.616682096" lbTx="0.61668218" tId="0" fbRx="0.626682096" lbRx="0.62668218" />
<p fId="0" fbTx="0.61668218" lbTx="0.616683055" tId="1" fbRx="0.61668218" lbRx="0.616683055" />
<p fId="1" fbTx="0.616683055" lbTx="0.61668393" tId="4" fbRx="0.616683055" lbRx="0.61668393" />
<p fId="3" fbTx="0.616782096" lbTx="0.61678218" tId="0" fbRx="0.626782096" lbRx="0.62678218" />
<p fId="0" fbTx="0.61678218" lbTx="0.616783055" tId="1" fbRx="0.61678218" lbRx="0.616783055" />
<p fId="1" fbTx="0.616783055" lbTx="0.61678393" tId="4" fbRx="0.616783055" lbRx="0.61678393" />
<p fId="3" fbTx="0.616882096" lbTx="0.61688218" tId="0" fbRx="0.626882096" lbRx="0.62688218" />
<p fId="0" fbTx="0.61688218" lbTx="0.616883055" tId="1" fbRx="0.61688218" lbRx="0.616883055" />
<p fId="1" fbTx="0.616883055" lbTx="0.61688393" tId="4" fbRx="0.616883055" lbRx="0.61688393" />
<p fId="3" fbTx="0.616982096" lbTx="0.61698218" tId="0" fbRx="0.626982096" lbRx="0.62698218" />
<p fId="0" fbTx="0.61698218" lbTx="0.616983055" tId="1" fbRx="0.61698218" lbRx="0.616983055" />
<p fId="1" fbTx="0.616983055" lbTx="0.61698393" tId="4" fbRx="0.616983055" lbRx="0.61698393" />
<p fId="3" fbTx="0.617082096" lbTx="0.61708218" tId="0" fbRx="0.627082096" lbRx="0.62708218" />
<p fId="0" fbTx="0.61708218" lbTx="0.617083055" tId="1" fbRx="0.61708218" lbRx="0.617083055" />
<p fId="1" fbTx="0.617083055" lbTx="0.61708393" tId="4" fbRx="0.617083055" lbRx="0.61708393" />
<p fId="3" fbTx="0.617182096" lbTx="0.61718218" tId="0" fbRx="0.627182096" lbRx="0.62718218" />
<p fId="0" fbTx="0.61718218" lbTx="0.617183055" tId="1" fbRx="0.61718218" lbRx="0.617183055" />
<p fId="1" fbTx="0.617183055" lbTx="0.61718393" tId="4" fbRx="0.617183055" lbRx="0.61718393" />
<pr uId="595" fId="4" fbTx="0.617214286" />
<wpr uId="595" tId="5" fbRx="0.617214286" lbRx="0" />
<wpr uId="595" tId="6" fbRx="0.617214286" lbRx="0" />
<p fId="3" fbTx="0.617282096" lbTx="0.61728218" tId="0" fbRx="0.627282096" lbRx="0.62728218" />
<p fId="0" fbTx="0.61728218" lbTx="0.617283055" tId="1" fbRx="0.61728218" lbRx="0.617283055" />
<p fId="1" fbTx="0.617283055" lbTx="0.61728393" tId="4" fbRx="0.617283055" lbRx="0.61728393" />
<p fId="3" fbTx="0.617382096" lbTx="0.61738218" tId="0" fbRx="0.627382096" lbRx="0.62738218" />
<p fId="0" fbTx="0.61738218" lbTx="0.617383055" tId="1" fbRx="0.61738218" lbRx="0.617383055" />
<p fId="1" fbTx="0.617383055" lbTx="0.61738393" tId="4" fbRx="0.617383055" lbRx="0.61738393" />
<p fId="3" fbTx="0.617482096" lbTx="0.61748218" tId="0" fbRx="0.627482096" lbRx="0.62748218" />
<p fId="0" fbTx="0.61748218" lbTx="0.617483055" tId="1" fbRx="0.61748218" lbRx="0.617483055" />
<p fId="1" fbTx="0.617483055" lbTx="0.61748393" tId="4" fbRx="0.617483055" lbRx="0.61748393" />
<p fId="3" fbTx="0.617582096" lbTx="0.61758218" tId="0" fbRx="0.627582096" lbRx="0.62758218" />
<p fId="0" fbTx="0.61758218" lbTx="0.617583055" tId="1" fbRx="0.61758218" lbRx="0.617583055" />
<p fId="1" fbTx="0.617583055" lbTx="0.61758393" tId="4" fbRx="0.617583055" lbRx="0.61758393" />
<p fId="3" fbTx="0.617682096" lbTx="0.61768218" tId="0" fbRx="0.627682096" lbRx="0.62768218" />
<p fId="0" fbTx="0.61768218" lbTx="0.617683055" tId="1" fbRx="0.61768218" lbRx="0.617683055" />
<p fId="1" fbTx="0.617683055" lbTx="0.61768393" tId="4" fbRx="0.617683055" lbRx="0.61768393" />
<p fId="3" fbTx="0.617782096" lbTx="0.61778218" tId="0" fbRx="0.627782096" lbRx="0.62778218" />
<p fId="0" fbTx="0.61778218" lbTx="0.617783055" tId="1" fbRx="0.61778218" lbRx="0.617783055" />
<p fId="1" fbTx="0.617783055" lbTx="0.61778393" tId="4" fbRx="0.617783055" lbRx="0.61778393" />
<p fId="3" fbTx="0.617882096" lbTx="0.61788218" tId="0" fbRx="0.627882096" lbRx="0.62788218" />
<p fId="0" fbTx="0.61788218" lbTx="0.617883055" tId="1" fbRx="0.61788218" lbRx="0.617883055" />
<p fId="1" fbTx="0.617883055" lbTx="0.61788393" tId="4" fbRx="0.617883055" lbRx="0.61788393" />
<p fId="3" fbTx="0.617982096" lbTx="0.61798218" tId="0" fbRx="0.627982096" lbRx="0.62798218" />
<p fId="0" fbTx="0.61798218" lbTx="0.617983055" tId="1" fbRx="0.61798218" lbRx="0.617983055" />
<p fId="1" fbTx="0.617983055" lbTx="0.61798393" tId="4" fbRx="0.617983055" lbRx="0.61798393" />
<p fId="3" fbTx="0.618082096" lbTx="0.61808218" tId="0" fbRx="0.628082096" lbRx="0.62808218" />
<p fId="0" fbTx="0.61808218" lbTx="0.618083055" tId="1" fbRx="0.61808218" lbRx="0.618083055" />
<p fId="1" fbTx="0.618083055" lbTx="0.61808393" tId="4" fbRx="0.618083055" lbRx="0.61808393" />
<p fId="3" fbTx="0.618182096" lbTx="0.61818218" tId="0" fbRx="0.628182096" lbRx="0.62818218" />
<p fId="0" fbTx="0.61818218" lbTx="0.618183055" tId="1" fbRx="0.61818218" lbRx="0.618183055" />
<p fId="1" fbTx="0.618183055" lbTx="0.61818393" tId="4" fbRx="0.618183055" lbRx="0.61818393" />
<pr uId="596" fId="4" fbTx="0.618214286" />
<wpr uId="596" tId="5" fbRx="0.618214286" lbRx="0" />
<wpr uId="596" tId="6" fbRx="0.618214286" lbRx="0" />
<p fId="3" fbTx="0.618282096" lbTx="0.61828218" tId="0" fbRx="0.628282096" lbRx="0.62828218" />
<p fId="0" fbTx="0.61828218" lbTx="0.618283055" tId="1" fbRx="0.61828218" lbRx="0.618283055" />
<p fId="1" fbTx="0.618283055" lbTx="0.61828393" tId="4" fbRx="0.618283055" lbRx="0.61828393" />
<p fId="3" fbTx="0.618382096" lbTx="0.61838218" tId="0" fbRx="0.628382096" lbRx="0.62838218" />
<p fId="0" fbTx="0.61838218" lbTx="0.618383055" tId="1" fbRx="0.61838218" lbRx="0.618383055" />
<p fId="1" fbTx="0.618383055" lbTx="0.61838393" tId="4" fbRx="0.618383055" lbRx="0.61838393" />
<p fId="3" fbTx="0.618482096" lbTx="0.61848218" tId="0" fbRx="0.628482096" lbRx="0.62848218" />
<p fId="0" fbTx="0.61848218" lbTx="0.618483055" tId="1" fbRx="0.61848218" lbRx="0.618483055" />
<p fId="1" fbTx="0.618483055" lbTx="0.61848393" tId="4" fbRx="0.618483055" lbRx="0.61848393" />
<p fId="3" fbTx="0.618582096" lbTx="0.61858218" tId="0" fbRx="0.628582096" lbRx="0.62858218" />
<p fId="0" fbTx="0.61858218" lbTx="0.618583055" tId="1" fbRx="0.61858218" lbRx="0.618583055" />
<p fId="1" fbTx="0.618583055" lbTx="0.61858393" tId="4" fbRx="0.618583055" lbRx="0.61858393" />
<p fId="3" fbTx="0.618682096" lbTx="0.61868218" tId="0" fbRx="0.628682096" lbRx="0.62868218" />
<p fId="0" fbTx="0.61868218" lbTx="0.618683055" tId="1" fbRx="0.61868218" lbRx="0.618683055" />
<p fId="1" fbTx="0.618683055" lbTx="0.61868393" tId="4" fbRx="0.618683055" lbRx="0.61868393" />
<p fId="3" fbTx="0.618782096" lbTx="0.61878218" tId="0" fbRx="0.628782096" lbRx="0.62878218" />
<p fId="0" fbTx="0.61878218" lbTx="0.618783055" tId="1" fbRx="0.61878218" lbRx="0.618783055" />
<p fId="1" fbTx="0.618783055" lbTx="0.61878393" tId="4" fbRx="0.618783055" lbRx="0.61878393" />
<p fId="3" fbTx="0.618882096" lbTx="0.61888218" tId="0" fbRx="0.628882096" lbRx="0.62888218" />
<p fId="0" fbTx="0.61888218" lbTx="0.618883055" tId="1" fbRx="0.61888218" lbRx="0.618883055" />
<p fId="1" fbTx="0.618883055" lbTx="0.61888393" tId="4" fbRx="0.618883055" lbRx="0.61888393" />
<p fId="3" fbTx="0.618982096" lbTx="0.61898218" tId="0" fbRx="0.628982096" lbRx="0.62898218" />
<p fId="0" fbTx="0.61898218" lbTx="0.618983055" tId="1" fbRx="0.61898218" lbRx="0.618983055" />
<p fId="1" fbTx="0.618983055" lbTx="0.61898393" tId="4" fbRx="0.618983055" lbRx="0.61898393" />
<p fId="3" fbTx="0.619082096" lbTx="0.61908218" tId="0" fbRx="0.629082096" lbRx="0.62908218" />
<p fId="0" fbTx="0.61908218" lbTx="0.619083055" tId="1" fbRx="0.61908218" lbRx="0.619083055" />
<p fId="1" fbTx="0.619083055" lbTx="0.61908393" tId="4" fbRx="0.619083055" lbRx="0.61908393" />
<p fId="3" fbTx="0.619182096" lbTx="0.61918218" tId="0" fbRx="0.629182096" lbRx="0.62918218" />
<p fId="0" fbTx="0.61918218" lbTx="0.619183055" tId="1" fbRx="0.61918218" lbRx="0.619183055" />
<p fId="1" fbTx="0.619183055" lbTx="0.61918393" tId="4" fbRx="0.619183055" lbRx="0.61918393" />
<pr uId="597" fId="4" fbTx="0.619214286" />
<wpr uId="597" tId="5" fbRx="0.619214286" lbRx="0" />
<wpr uId="597" tId="6" fbRx="0.619214286" lbRx="0" />
<p fId="3" fbTx="0.619282096" lbTx="0.61928218" tId="0" fbRx="0.629282096" lbRx="0.62928218" />
<p fId="0" fbTx="0.61928218" lbTx="0.619283055" tId="1" fbRx="0.61928218" lbRx="0.619283055" />
<p fId="1" fbTx="0.619283055" lbTx="0.61928393" tId="4" fbRx="0.619283055" lbRx="0.61928393" />
<p fId="3" fbTx="0.619382096" lbTx="0.61938218" tId="0" fbRx="0.629382096" lbRx="0.62938218" />
<p fId="0" fbTx="0.61938218" lbTx="0.619383055" tId="1" fbRx="0.61938218" lbRx="0.619383055" />
<p fId="1" fbTx="0.619383055" lbTx="0.61938393" tId="4" fbRx="0.619383055" lbRx="0.61938393" />
<p fId="3" fbTx="0.619482096" lbTx="0.61948218" tId="0" fbRx="0.629482096" lbRx="0.62948218" />
<p fId="0" fbTx="0.61948218" lbTx="0.619483055" tId="1" fbRx="0.61948218" lbRx="0.619483055" />
<p fId="1" fbTx="0.619483055" lbTx="0.61948393" tId="4" fbRx="0.619483055" lbRx="0.61948393" />
<p fId="3" fbTx="0.619582096" lbTx="0.61958218" tId="0" fbRx="0.629582096" lbRx="0.62958218" />
<p fId="0" fbTx="0.61958218" lbTx="0.619583055" tId="1" fbRx="0.61958218" lbRx="0.619583055" />
<p fId="1" fbTx="0.619583055" lbTx="0.61958393" tId="4" fbRx="0.619583055" lbRx="0.61958393" />
<p fId="3" fbTx="0.619682096" lbTx="0.61968218" tId="0" fbRx="0.629682096" lbRx="0.62968218" />
<p fId="0" fbTx="0.61968218" lbTx="0.619683055" tId="1" fbRx="0.61968218" lbRx="0.619683055" />
<p fId="1" fbTx="0.619683055" lbTx="0.61968393" tId="4" fbRx="0.619683055" lbRx="0.61968393" />
<p fId="3" fbTx="0.619782096" lbTx="0.61978218" tId="0" fbRx="0.629782096" lbRx="0.62978218" />
<p fId="0" fbTx="0.61978218" lbTx="0.619783055" tId="1" fbRx="0.61978218" lbRx="0.619783055" />
<p fId="1" fbTx="0.619783055" lbTx="0.61978393" tId="4" fbRx="0.619783055" lbRx="0.61978393" />
<p fId="3" fbTx="0.619882096" lbTx="0.61988218" tId="0" fbRx="0.629882096" lbRx="0.62988218" />
<p fId="0" fbTx="0.61988218" lbTx="0.619883055" tId="1" fbRx="0.61988218" lbRx="0.619883055" />
<p fId="1" fbTx="0.619883055" lbTx="0.61988393" tId="4" fbRx="0.619883055" lbRx="0.61988393" />
<p fId="3" fbTx="0.619982096" lbTx="0.61998218" tId="0" fbRx="0.629982096" lbRx="0.62998218" />
<p fId="0" fbTx="0.61998218" lbTx="0.619983055" tId="1" fbRx="0.61998218" lbRx="0.619983055" />
<p fId="1" fbTx="0.619983055" lbTx="0.61998393" tId="4" fbRx="0.619983055" lbRx="0.61998393" />
<p fId="3" fbTx="0.620082096" lbTx="0.62008218" tId="0" fbRx="0.630082096" lbRx="0.63008218" />
<p fId="0" fbTx="0.62008218" lbTx="0.620083055" tId="1" fbRx="0.62008218" lbRx="0.620083055" />
<p fId="1" fbTx="0.620083055" lbTx="0.62008393" tId="4" fbRx="0.620083055" lbRx="0.62008393" />
<p fId="3" fbTx="0.620182096" lbTx="0.62018218" tId="0" fbRx="0.630182096" lbRx="0.63018218" />
<p fId="0" fbTx="0.62018218" lbTx="0.620183055" tId="1" fbRx="0.62018218" lbRx="0.620183055" />
<p fId="1" fbTx="0.620183055" lbTx="0.62018393" tId="4" fbRx="0.620183055" lbRx="0.62018393" />
<pr uId="598" fId="4" fbTx="0.620214286" />
<wpr uId="598" tId="5" fbRx="0.620214286" lbRx="0" />
<wpr uId="598" tId="6" fbRx="0.620214286" lbRx="0" />
<p fId="3" fbTx="0.620282096" lbTx="0.62028218" tId="0" fbRx="0.630282096" lbRx="0.63028218" />
<p fId="0" fbTx="0.62028218" lbTx="0.620283055" tId="1" fbRx="0.62028218" lbRx="0.620283055" />
<p fId="1" fbTx="0.620283055" lbTx="0.62028393" tId="4" fbRx="0.620283055" lbRx="0.62028393" />
<p fId="3" fbTx="0.620382096" lbTx="0.62038218" tId="0" fbRx="0.630382096" lbRx="0.63038218" />
<p fId="0" fbTx="0.62038218" lbTx="0.620383055" tId="1" fbRx="0.62038218" lbRx="0.620383055" />
<p fId="1" fbTx="0.620383055" lbTx="0.62038393" tId="4" fbRx="0.620383055" lbRx="0.62038393" />
<p fId="3" fbTx="0.620482096" lbTx="0.62048218" tId="0" fbRx="0.630482096" lbRx="0.63048218" />
<p fId="0" fbTx="0.62048218" lbTx="0.620483055" tId="1" fbRx="0.62048218" lbRx="0.620483055" />
<p fId="1" fbTx="0.620483055" lbTx="0.62048393" tId="4" fbRx="0.620483055" lbRx="0.62048393" />
<p fId="3" fbTx="0.620582096" lbTx="0.62058218" tId="0" fbRx="0.630582096" lbRx="0.63058218" />
<p fId="0" fbTx="0.62058218" lbTx="0.620583055" tId="1" fbRx="0.62058218" lbRx="0.620583055" />
<p fId="1" fbTx="0.620583055" lbTx="0.62058393" tId="4" fbRx="0.620583055" lbRx="0.62058393" />
<p fId="3" fbTx="0.620682096" lbTx="0.62068218" tId="0" fbRx="0.630682096" lbRx="0.63068218" />
<p fId="0" fbTx="0.62068218" lbTx="0.620683055" tId="1" fbRx="0.62068218" lbRx="0.620683055" />
<p fId="1" fbTx="0.620683055" lbTx="0.62068393" tId="4" fbRx="0.620683055" lbRx="0.62068393" />
<p fId="3" fbTx="0.620782096" lbTx="0.62078218" tId="0" fbRx="0.630782096" lbRx="0.63078218" />
<p fId="0" fbTx="0.62078218" lbTx="0.620783055" tId="1" fbRx="0.62078218" lbRx="0.620783055" />
<p fId="1" fbTx="0.620783055" lbTx="0.62078393" tId="4" fbRx="0.620783055" lbRx="0.62078393" />
<p fId="3" fbTx="0.620882096" lbTx="0.62088218" tId="0" fbRx="0.630882096" lbRx="0.63088218" />
<p fId="0" fbTx="0.62088218" lbTx="0.620883055" tId="1" fbRx="0.62088218" lbRx="0.620883055" />
<p fId="1" fbTx="0.620883055" lbTx="0.62088393" tId="4" fbRx="0.620883055" lbRx="0.62088393" />
<p fId="3" fbTx="0.620982096" lbTx="0.62098218" tId="0" fbRx="0.630982096" lbRx="0.63098218" />
<p fId="0" fbTx="0.62098218" lbTx="0.620983055" tId="1" fbRx="0.62098218" lbRx="0.620983055" />
<p fId="1" fbTx="0.620983055" lbTx="0.62098393" tId="4" fbRx="0.620983055" lbRx="0.62098393" />
<p fId="3" fbTx="0.621082096" lbTx="0.62108218" tId="0" fbRx="0.631082096" lbRx="0.63108218" />
<p fId="0" fbTx="0.62108218" lbTx="0.621083055" tId="1" fbRx="0.62108218" lbRx="0.621083055" />
<p fId="1" fbTx="0.621083055" lbTx="0.62108393" tId="4" fbRx="0.621083055" lbRx="0.62108393" />
<p fId="3" fbTx="0.621182096" lbTx="0.62118218" tId="0" fbRx="0.631182096" lbRx="0.63118218" />
<p fId="0" fbTx="0.62118218" lbTx="0.621183055" tId="1" fbRx="0.62118218" lbRx="0.621183055" />
<p fId="1" fbTx="0.621183055" lbTx="0.62118393" tId="4" fbRx="0.621183055" lbRx="0.62118393" />
<pr uId="599" fId="4" fbTx="0.621214286" />
<wpr uId="599" tId="5" fbRx="0.621214286" lbRx="0" />
<wpr uId="599" tId="6" fbRx="0.621214286" lbRx="0" />
<p fId="3" fbTx="0.621282096" lbTx="0.62128218" tId="0" fbRx="0.631282096" lbRx="0.63128218" />
<p fId="0" fbTx="0.62128218" lbTx="0.621283055" tId="1" fbRx="0.62128218" lbRx="0.621283055" />
<p fId="1" fbTx="0.621283055" lbTx="0.62128393" tId="4" fbRx="0.621283055" lbRx="0.62128393" />
<p fId="3" fbTx="0.621382096" lbTx="0.62138218" tId="0" fbRx="0.631382096" lbRx="0.63138218" />
<p fId="0" fbTx="0.62138218" lbTx="0.621383055" tId="1" fbRx="0.62138218" lbRx="0.621383055" />
<p fId="1" fbTx="0.621383055" lbTx="0.62138393" tId="4" fbRx="0.621383055" lbRx="0.62138393" />
<p fId="3" fbTx="0.621482096" lbTx="0.62148218" tId="0" fbRx="0.631482096" lbRx="0.63148218" />
<p fId="0" fbTx="0.62148218" lbTx="0.621483055" tId="1" fbRx="0.62148218" lbRx="0.621483055" />
<p fId="1" fbTx="0.621483055" lbTx="0.62148393" tId="4" fbRx="0.621483055" lbRx="0.62148393" />
<p fId="3" fbTx="0.621582096" lbTx="0.62158218" tId="0" fbRx="0.631582096" lbRx="0.63158218" />
<p fId="0" fbTx="0.62158218" lbTx="0.621583055" tId="1" fbRx="0.62158218" lbRx="0.621583055" />
<p fId="1" fbTx="0.621583055" lbTx="0.62158393" tId="4" fbRx="0.621583055" lbRx="0.62158393" />
<p fId="3" fbTx="0.621682096" lbTx="0.62168218" tId="0" fbRx="0.631682096" lbRx="0.63168218" />
<p fId="0" fbTx="0.62168218" lbTx="0.621683055" tId="1" fbRx="0.62168218" lbRx="0.621683055" />
<p fId="1" fbTx="0.621683055" lbTx="0.62168393" tId="4" fbRx="0.621683055" lbRx="0.62168393" />
<p fId="3" fbTx="0.621782096" lbTx="0.62178218" tId="0" fbRx="0.631782096" lbRx="0.63178218" />
<p fId="0" fbTx="0.62178218" lbTx="0.621783055" tId="1" fbRx="0.62178218" lbRx="0.621783055" />
<p fId="1" fbTx="0.621783055" lbTx="0.62178393" tId="4" fbRx="0.621783055" lbRx="0.62178393" />
<p fId="3" fbTx="0.621882096" lbTx="0.62188218" tId="0" fbRx="0.631882096" lbRx="0.63188218" />
<p fId="0" fbTx="0.62188218" lbTx="0.621883055" tId="1" fbRx="0.62188218" lbRx="0.621883055" />
<p fId="1" fbTx="0.621883055" lbTx="0.62188393" tId="4" fbRx="0.621883055" lbRx="0.62188393" />
<p fId="3" fbTx="0.621982096" lbTx="0.62198218" tId="0" fbRx="0.631982096" lbRx="0.63198218" />
<p fId="0" fbTx="0.62198218" lbTx="0.621983055" tId="1" fbRx="0.62198218" lbRx="0.621983055" />
<p fId="1" fbTx="0.621983055" lbTx="0.62198393" tId="4" fbRx="0.621983055" lbRx="0.62198393" />
<p fId="3" fbTx="0.622082096" lbTx="0.62208218" tId="0" fbRx="0.632082096" lbRx="0.63208218" />
<p fId="0" fbTx="0.62208218" lbTx="0.622083055" tId="1" fbRx="0.62208218" lbRx="0.622083055" />
<p fId="1" fbTx="0.622083055" lbTx="0.62208393" tId="4" fbRx="0.622083055" lbRx="0.62208393" />
<p fId="3" fbTx="0.622182096" lbTx="0.62218218" tId="0" fbRx="0.632182096" lbRx="0.63218218" />
<p fId="0" fbTx="0.62218218" lbTx="0.622183055" tId="1" fbRx="0.62218218" lbRx="0.622183055" />
<p fId="1" fbTx="0.622183055" lbTx="0.62218393" tId="4" fbRx="0.622183055" lbRx="0.62218393" />
<pr uId="600" fId="4" fbTx="0.622214286" />
<wpr uId="600" tId="5" fbRx="0.622214286" lbRx="0" />
<wpr uId="600" tId="6" fbRx="0.622214286" lbRx="0" />
<p fId="3" fbTx="0.622282096" lbTx="0.62228218" tId="0" fbRx="0.632282096" lbRx="0.63228218" />
<p fId="0" fbTx="0.62228218" lbTx="0.622283055" tId="1" fbRx="0.62228218" lbRx="0.622283055" />
<p fId="1" fbTx="0.622283055" lbTx="0.62228393" tId="4" fbRx="0.622283055" lbRx="0.62228393" />
<p fId="3" fbTx="0.622382096" lbTx="0.62238218" tId="0" fbRx="0.632382096" lbRx="0.63238218" />
<p fId="0" fbTx="0.62238218" lbTx="0.622383055" tId="1" fbRx="0.62238218" lbRx="0.622383055" />
<p fId="1" fbTx="0.622383055" lbTx="0.62238393" tId="4" fbRx="0.622383055" lbRx="0.62238393" />
<p fId="3" fbTx="0.622482096" lbTx="0.62248218" tId="0" fbRx="0.632482096" lbRx="0.63248218" />
<p fId="0" fbTx="0.62248218" lbTx="0.622483055" tId="1" fbRx="0.62248218" lbRx="0.622483055" />
<p fId="1" fbTx="0.622483055" lbTx="0.62248393" tId="4" fbRx="0.622483055" lbRx="0.62248393" />
<p fId="3" fbTx="0.622582096" lbTx="0.62258218" tId="0" fbRx="0.632582096" lbRx="0.63258218" />
<p fId="0" fbTx="0.62258218" lbTx="0.622583055" tId="1" fbRx="0.62258218" lbRx="0.622583055" />
<p fId="1" fbTx="0.622583055" lbTx="0.62258393" tId="4" fbRx="0.622583055" lbRx="0.62258393" />
<p fId="3" fbTx="0.622682096" lbTx="0.62268218" tId="0" fbRx="0.632682096" lbRx="0.63268218" />
<p fId="0" fbTx="0.62268218" lbTx="0.622683055" tId="1" fbRx="0.62268218" lbRx="0.622683055" />
<p fId="1" fbTx="0.622683055" lbTx="0.62268393" tId="4" fbRx="0.622683055" lbRx="0.62268393" />
<p fId="3" fbTx="0.622782096" lbTx="0.62278218" tId="0" fbRx="0.632782096" lbRx="0.63278218" />
<p fId="0" fbTx="0.62278218" lbTx="0.622783055" tId="1" fbRx="0.62278218" lbRx="0.622783055" />
<p fId="1" fbTx="0.622783055" lbTx="0.62278393" tId="4" fbRx="0.622783055" lbRx="0.62278393" />
<p fId="3" fbTx="0.622882096" lbTx="0.62288218" tId="0" fbRx="0.632882096" lbRx="0.63288218" />
<p fId="0" fbTx="0.62288218" lbTx="0.622883055" tId="1" fbRx="0.62288218" lbRx="0.622883055" />
<p fId="1" fbTx="0.622883055" lbTx="0.62288393" tId="4" fbRx="0.622883055" lbRx="0.62288393" />
<p fId="3" fbTx="0.622982096" lbTx="0.62298218" tId="0" fbRx="0.632982096" lbRx="0.63298218" />
<p fId="0" fbTx="0.62298218" lbTx="0.622983055" tId="1" fbRx="0.62298218" lbRx="0.622983055" />
<p fId="1" fbTx="0.622983055" lbTx="0.62298393" tId="4" fbRx="0.622983055" lbRx="0.62298393" />
<p fId="3" fbTx="0.623082096" lbTx="0.62308218" tId="0" fbRx="0.633082096" lbRx="0.63308218" />
<p fId="0" fbTx="0.62308218" lbTx="0.623083055" tId="1" fbRx="0.62308218" lbRx="0.623083055" />
<p fId="1" fbTx="0.623083055" lbTx="0.62308393" tId="4" fbRx="0.623083055" lbRx="0.62308393" />
<p fId="3" fbTx="0.623182096" lbTx="0.62318218" tId="0" fbRx="0.633182096" lbRx="0.63318218" />
<p fId="0" fbTx="0.62318218" lbTx="0.623183055" tId="1" fbRx="0.62318218" lbRx="0.623183055" />
<p fId="1" fbTx="0.623183055" lbTx="0.62318393" tId="4" fbRx="0.623183055" lbRx="0.62318393" />
<pr uId="601" fId="4" fbTx="0.623214286" />
<wpr uId="601" tId="5" fbRx="0.623214286" lbRx="0" />
<wpr uId="601" tId="6" fbRx="0.623214286" lbRx="0" />
<p fId="3" fbTx="0.623282096" lbTx="0.62328218" tId="0" fbRx="0.633282096" lbRx="0.63328218" />
<p fId="0" fbTx="0.62328218" lbTx="0.623283055" tId="1" fbRx="0.62328218" lbRx="0.623283055" />
<p fId="1" fbTx="0.623283055" lbTx="0.62328393" tId="4" fbRx="0.623283055" lbRx="0.62328393" />
<p fId="3" fbTx="0.623382096" lbTx="0.62338218" tId="0" fbRx="0.633382096" lbRx="0.63338218" />
<p fId="0" fbTx="0.62338218" lbTx="0.623383055" tId="1" fbRx="0.62338218" lbRx="0.623383055" />
<p fId="1" fbTx="0.623383055" lbTx="0.62338393" tId="4" fbRx="0.623383055" lbRx="0.62338393" />
<p fId="3" fbTx="0.623482096" lbTx="0.62348218" tId="0" fbRx="0.633482096" lbRx="0.63348218" />
<p fId="0" fbTx="0.62348218" lbTx="0.623483055" tId="1" fbRx="0.62348218" lbRx="0.623483055" />
<p fId="1" fbTx="0.623483055" lbTx="0.62348393" tId="4" fbRx="0.623483055" lbRx="0.62348393" />
<p fId="3" fbTx="0.623582096" lbTx="0.62358218" tId="0" fbRx="0.633582096" lbRx="0.63358218" />
<p fId="0" fbTx="0.62358218" lbTx="0.623583055" tId="1" fbRx="0.62358218" lbRx="0.623583055" />
<p fId="1" fbTx="0.623583055" lbTx="0.62358393" tId="4" fbRx="0.623583055" lbRx="0.62358393" />
<p fId="3" fbTx="0.623682096" lbTx="0.62368218" tId="0" fbRx="0.633682096" lbRx="0.63368218" />
<p fId="0" fbTx="0.62368218" lbTx="0.623683055" tId="1" fbRx="0.62368218" lbRx="0.623683055" />
<p fId="1" fbTx="0.623683055" lbTx="0.62368393" tId="4" fbRx="0.623683055" lbRx="0.62368393" />
<p fId="3" fbTx="0.623782096" lbTx="0.62378218" tId="0" fbRx="0.633782096" lbRx="0.63378218" />
<p fId="0" fbTx="0.62378218" lbTx="0.623783055" tId="1" fbRx="0.62378218" lbRx="0.623783055" />
<p fId="1" fbTx="0.623783055" lbTx="0.62378393" tId="4" fbRx="0.623783055" lbRx="0.62378393" />
<p fId="3" fbTx="0.623882096" lbTx="0.62388218" tId="0" fbRx="0.633882096" lbRx="0.63388218" />
<p fId="0" fbTx="0.62388218" lbTx="0.623883055" tId="1" fbRx="0.62388218" lbRx="0.623883055" />
<p fId="1" fbTx="0.623883055" lbTx="0.62388393" tId="4" fbRx="0.623883055" lbRx="0.62388393" />
<p fId="3" fbTx="0.623982096" lbTx="0.62398218" tId="0" fbRx="0.633982096" lbRx="0.63398218" />
<p fId="0" fbTx="0.62398218" lbTx="0.623983055" tId="1" fbRx="0.62398218" lbRx="0.623983055" />
<p fId="1" fbTx="0.623983055" lbTx="0.62398393" tId="4" fbRx="0.623983055" lbRx="0.62398393" />
<p fId="3" fbTx="0.624082096" lbTx="0.62408218" tId="0" fbRx="0.634082096" lbRx="0.63408218" />
<p fId="0" fbTx="0.62408218" lbTx="0.624083055" tId="1" fbRx="0.62408218" lbRx="0.624083055" />
<p fId="1" fbTx="0.624083055" lbTx="0.62408393" tId="4" fbRx="0.624083055" lbRx="0.62408393" />
<p fId="3" fbTx="0.624182096" lbTx="0.62418218" tId="0" fbRx="0.634182096" lbRx="0.63418218" />
<p fId="0" fbTx="0.62418218" lbTx="0.624183055" tId="1" fbRx="0.62418218" lbRx="0.624183055" />
<p fId="1" fbTx="0.624183055" lbTx="0.62418393" tId="4" fbRx="0.624183055" lbRx="0.62418393" />
<pr uId="602" fId="4" fbTx="0.624214286" />
<wpr uId="602" tId="5" fbRx="0.624214286" lbRx="0" />
<wpr uId="602" tId="6" fbRx="0.624214286" lbRx="0" />
<p fId="3" fbTx="0.624282096" lbTx="0.62428218" tId="0" fbRx="0.634282096" lbRx="0.63428218" />
<p fId="0" fbTx="0.62428218" lbTx="0.624283055" tId="1" fbRx="0.62428218" lbRx="0.624283055" />
<p fId="1" fbTx="0.624283055" lbTx="0.62428393" tId="4" fbRx="0.624283055" lbRx="0.62428393" />
<p fId="3" fbTx="0.624382096" lbTx="0.62438218" tId="0" fbRx="0.634382096" lbRx="0.63438218" />
<p fId="0" fbTx="0.62438218" lbTx="0.624383055" tId="1" fbRx="0.62438218" lbRx="0.624383055" />
<p fId="1" fbTx="0.624383055" lbTx="0.62438393" tId="4" fbRx="0.624383055" lbRx="0.62438393" />
<p fId="3" fbTx="0.624482096" lbTx="0.62448218" tId="0" fbRx="0.634482096" lbRx="0.63448218" />
<p fId="0" fbTx="0.62448218" lbTx="0.624483055" tId="1" fbRx="0.62448218" lbRx="0.624483055" />
<p fId="1" fbTx="0.624483055" lbTx="0.62448393" tId="4" fbRx="0.624483055" lbRx="0.62448393" />
<p fId="3" fbTx="0.624582096" lbTx="0.62458218" tId="0" fbRx="0.634582096" lbRx="0.63458218" />
<p fId="0" fbTx="0.62458218" lbTx="0.624583055" tId="1" fbRx="0.62458218" lbRx="0.624583055" />
<p fId="1" fbTx="0.624583055" lbTx="0.62458393" tId="4" fbRx="0.624583055" lbRx="0.62458393" />
<p fId="3" fbTx="0.624682096" lbTx="0.62468218" tId="0" fbRx="0.634682096" lbRx="0.63468218" />
<p fId="0" fbTx="0.62468218" lbTx="0.624683055" tId="1" fbRx="0.62468218" lbRx="0.624683055" />
<p fId="1" fbTx="0.624683055" lbTx="0.62468393" tId="4" fbRx="0.624683055" lbRx="0.62468393" />
<p fId="3" fbTx="0.624782096" lbTx="0.62478218" tId="0" fbRx="0.634782096" lbRx="0.63478218" />
<p fId="0" fbTx="0.62478218" lbTx="0.624783055" tId="1" fbRx="0.62478218" lbRx="0.624783055" />
<p fId="1" fbTx="0.624783055" lbTx="0.62478393" tId="4" fbRx="0.624783055" lbRx="0.62478393" />
<p fId="3" fbTx="0.624882096" lbTx="0.62488218" tId="0" fbRx="0.634882096" lbRx="0.63488218" />
<p fId="0" fbTx="0.62488218" lbTx="0.624883055" tId="1" fbRx="0.62488218" lbRx="0.624883055" />
<p fId="1" fbTx="0.624883055" lbTx="0.62488393" tId="4" fbRx="0.624883055" lbRx="0.62488393" />
<p fId="3" fbTx="0.624982096" lbTx="0.62498218" tId="0" fbRx="0.634982096" lbRx="0.63498218" />
<p fId="0" fbTx="0.62498218" lbTx="0.624983055" tId="1" fbRx="0.62498218" lbRx="0.624983055" />
<p fId="1" fbTx="0.624983055" lbTx="0.62498393" tId="4" fbRx="0.624983055" lbRx="0.62498393" />
<p fId="3" fbTx="0.625082096" lbTx="0.62508218" tId="0" fbRx="0.635082096" lbRx="0.63508218" />
<p fId="0" fbTx="0.62508218" lbTx="0.625083055" tId="1" fbRx="0.62508218" lbRx="0.625083055" />
<p fId="1" fbTx="0.625083055" lbTx="0.62508393" tId="4" fbRx="0.625083055" lbRx="0.62508393" />
<p fId="3" fbTx="0.625182096" lbTx="0.62518218" tId="0" fbRx="0.635182096" lbRx="0.63518218" />
<p fId="0" fbTx="0.62518218" lbTx="0.625183055" tId="1" fbRx="0.62518218" lbRx="0.625183055" />
<p fId="1" fbTx="0.625183055" lbTx="0.62518393" tId="4" fbRx="0.625183055" lbRx="0.62518393" />
<pr uId="603" fId="4" fbTx="0.625214286" />
<wpr uId="603" tId="5" fbRx="0.625214286" lbRx="0" />
<wpr uId="603" tId="6" fbRx="0.625214286" lbRx="0" />
<p fId="3" fbTx="0.625282096" lbTx="0.62528218" tId="0" fbRx="0.635282096" lbRx="0.63528218" />
<p fId="0" fbTx="0.62528218" lbTx="0.625283055" tId="1" fbRx="0.62528218" lbRx="0.625283055" />
<p fId="1" fbTx="0.625283055" lbTx="0.62528393" tId="4" fbRx="0.625283055" lbRx="0.62528393" />
<p fId="3" fbTx="0.625382096" lbTx="0.62538218" tId="0" fbRx="0.635382096" lbRx="0.63538218" />
<p fId="0" fbTx="0.62538218" lbTx="0.625383055" tId="1" fbRx="0.62538218" lbRx="0.625383055" />
<p fId="1" fbTx="0.625383055" lbTx="0.62538393" tId="4" fbRx="0.625383055" lbRx="0.62538393" />
<p fId="3" fbTx="0.625482096" lbTx="0.62548218" tId="0" fbRx="0.635482096" lbRx="0.63548218" />
<p fId="0" fbTx="0.62548218" lbTx="0.625483055" tId="1" fbRx="0.62548218" lbRx="0.625483055" />
<p fId="1" fbTx="0.625483055" lbTx="0.62548393" tId="4" fbRx="0.625483055" lbRx="0.62548393" />
<p fId="3" fbTx="0.625582096" lbTx="0.62558218" tId="0" fbRx="0.635582096" lbRx="0.63558218" />
<p fId="0" fbTx="0.62558218" lbTx="0.625583055" tId="1" fbRx="0.62558218" lbRx="0.625583055" />
<p fId="1" fbTx="0.625583055" lbTx="0.62558393" tId="4" fbRx="0.625583055" lbRx="0.62558393" />
<p fId="3" fbTx="0.625682096" lbTx="0.62568218" tId="0" fbRx="0.635682096" lbRx="0.63568218" />
<p fId="0" fbTx="0.62568218" lbTx="0.625683055" tId="1" fbRx="0.62568218" lbRx="0.625683055" />
<p fId="1" fbTx="0.625683055" lbTx="0.62568393" tId="4" fbRx="0.625683055" lbRx="0.62568393" />
<p fId="3" fbTx="0.625782096" lbTx="0.62578218" tId="0" fbRx="0.635782096" lbRx="0.63578218" />
<p fId="0" fbTx="0.62578218" lbTx="0.625783055" tId="1" fbRx="0.62578218" lbRx="0.625783055" />
<p fId="1" fbTx="0.625783055" lbTx="0.62578393" tId="4" fbRx="0.625783055" lbRx="0.62578393" />
<p fId="3" fbTx="0.625882096" lbTx="0.62588218" tId="0" fbRx="0.635882096" lbRx="0.63588218" />
<p fId="0" fbTx="0.62588218" lbTx="0.625883055" tId="1" fbRx="0.62588218" lbRx="0.625883055" />
<p fId="1" fbTx="0.625883055" lbTx="0.62588393" tId="4" fbRx="0.625883055" lbRx="0.62588393" />
<p fId="3" fbTx="0.625982096" lbTx="0.62598218" tId="0" fbRx="0.635982096" lbRx="0.63598218" />
<p fId="0" fbTx="0.62598218" lbTx="0.625983055" tId="1" fbRx="0.62598218" lbRx="0.625983055" />
<p fId="1" fbTx="0.625983055" lbTx="0.62598393" tId="4" fbRx="0.625983055" lbRx="0.62598393" />
<p fId="3" fbTx="0.626082096" lbTx="0.62608218" tId="0" fbRx="0.636082096" lbRx="0.63608218" />
<p fId="0" fbTx="0.62608218" lbTx="0.626083055" tId="1" fbRx="0.62608218" lbRx="0.626083055" />
<p fId="1" fbTx="0.626083055" lbTx="0.62608393" tId="4" fbRx="0.626083055" lbRx="0.62608393" />
<p fId="3" fbTx="0.626182096" lbTx="0.62618218" tId="0" fbRx="0.636182096" lbRx="0.63618218" />
<p fId="0" fbTx="0.62618218" lbTx="0.626183055" tId="1" fbRx="0.62618218" lbRx="0.626183055" />
<p fId="1" fbTx="0.626183055" lbTx="0.62618393" tId="4" fbRx="0.626183055" lbRx="0.62618393" />
<pr uId="604" fId="4" fbTx="0.626214286" />
<wpr uId="604" tId="5" fbRx="0.626214286" lbRx="0" />
<wpr uId="604" tId="6" fbRx="0.626214286" lbRx="0" />
<p fId="3" fbTx="0.626282096" lbTx="0.62628218" tId="0" fbRx="0.636282096" lbRx="0.63628218" />
<p fId="0" fbTx="0.62628218" lbTx="0.626283055" tId="1" fbRx="0.62628218" lbRx="0.626283055" />
<p fId="1" fbTx="0.626283055" lbTx="0.62628393" tId="4" fbRx="0.626283055" lbRx="0.62628393" />
<p fId="3" fbTx="0.626382096" lbTx="0.62638218" tId="0" fbRx="0.636382096" lbRx="0.63638218" />
<p fId="0" fbTx="0.62638218" lbTx="0.626383055" tId="1" fbRx="0.62638218" lbRx="0.626383055" />
<p fId="1" fbTx="0.626383055" lbTx="0.62638393" tId="4" fbRx="0.626383055" lbRx="0.62638393" />
<p fId="3" fbTx="0.626482096" lbTx="0.62648218" tId="0" fbRx="0.636482096" lbRx="0.63648218" />
<p fId="0" fbTx="0.62648218" lbTx="0.626483055" tId="1" fbRx="0.62648218" lbRx="0.626483055" />
<p fId="1" fbTx="0.626483055" lbTx="0.62648393" tId="4" fbRx="0.626483055" lbRx="0.62648393" />
<p fId="3" fbTx="0.626582096" lbTx="0.62658218" tId="0" fbRx="0.636582096" lbRx="0.63658218" />
<p fId="0" fbTx="0.62658218" lbTx="0.626583055" tId="1" fbRx="0.62658218" lbRx="0.626583055" />
<p fId="1" fbTx="0.626583055" lbTx="0.62658393" tId="4" fbRx="0.626583055" lbRx="0.62658393" />
<p fId="3" fbTx="0.626682096" lbTx="0.62668218" tId="0" fbRx="0.636682096" lbRx="0.63668218" />
<p fId="0" fbTx="0.62668218" lbTx="0.626683055" tId="1" fbRx="0.62668218" lbRx="0.626683055" />
<p fId="1" fbTx="0.626683055" lbTx="0.62668393" tId="4" fbRx="0.626683055" lbRx="0.62668393" />
<p fId="3" fbTx="0.626782096" lbTx="0.62678218" tId="0" fbRx="0.636782096" lbRx="0.63678218" />
<p fId="0" fbTx="0.62678218" lbTx="0.626783055" tId="1" fbRx="0.62678218" lbRx="0.626783055" />
<p fId="1" fbTx="0.626783055" lbTx="0.62678393" tId="4" fbRx="0.626783055" lbRx="0.62678393" />
<p fId="3" fbTx="0.626882096" lbTx="0.62688218" tId="0" fbRx="0.636882096" lbRx="0.63688218" />
<p fId="0" fbTx="0.62688218" lbTx="0.626883055" tId="1" fbRx="0.62688218" lbRx="0.626883055" />
<p fId="1" fbTx="0.626883055" lbTx="0.62688393" tId="4" fbRx="0.626883055" lbRx="0.62688393" />
<p fId="3" fbTx="0.626982096" lbTx="0.62698218" tId="0" fbRx="0.636982096" lbRx="0.63698218" />
<p fId="0" fbTx="0.62698218" lbTx="0.626983055" tId="1" fbRx="0.62698218" lbRx="0.626983055" />
<p fId="1" fbTx="0.626983055" lbTx="0.62698393" tId="4" fbRx="0.626983055" lbRx="0.62698393" />
<p fId="3" fbTx="0.627082096" lbTx="0.62708218" tId="0" fbRx="0.637082096" lbRx="0.63708218" />
<p fId="0" fbTx="0.62708218" lbTx="0.627083055" tId="1" fbRx="0.62708218" lbRx="0.627083055" />
<p fId="1" fbTx="0.627083055" lbTx="0.62708393" tId="4" fbRx="0.627083055" lbRx="0.62708393" />
<p fId="3" fbTx="0.627182096" lbTx="0.62718218" tId="0" fbRx="0.637182096" lbRx="0.63718218" />
<p fId="0" fbTx="0.62718218" lbTx="0.627183055" tId="1" fbRx="0.62718218" lbRx="0.627183055" />
<p fId="1" fbTx="0.627183055" lbTx="0.62718393" tId="4" fbRx="0.627183055" lbRx="0.62718393" />
<pr uId="605" fId="4" fbTx="0.627214286" />
<wpr uId="605" tId="5" fbRx="0.627214286" lbRx="0" />
<wpr uId="605" tId="6" fbRx="0.627214286" lbRx="0" />
<p fId="3" fbTx="0.627282096" lbTx="0.62728218" tId="0" fbRx="0.637282096" lbRx="0.63728218" />
<p fId="0" fbTx="0.62728218" lbTx="0.627283055" tId="1" fbRx="0.62728218" lbRx="0.627283055" />
<p fId="1" fbTx="0.627283055" lbTx="0.62728393" tId="4" fbRx="0.627283055" lbRx="0.62728393" />
<p fId="3" fbTx="0.627382096" lbTx="0.62738218" tId="0" fbRx="0.637382096" lbRx="0.63738218" />
<p fId="0" fbTx="0.62738218" lbTx="0.627383055" tId="1" fbRx="0.62738218" lbRx="0.627383055" />
<p fId="1" fbTx="0.627383055" lbTx="0.62738393" tId="4" fbRx="0.627383055" lbRx="0.62738393" />
<p fId="3" fbTx="0.627482096" lbTx="0.62748218" tId="0" fbRx="0.637482096" lbRx="0.63748218" />
<p fId="0" fbTx="0.62748218" lbTx="0.627483055" tId="1" fbRx="0.62748218" lbRx="0.627483055" />
<p fId="1" fbTx="0.627483055" lbTx="0.62748393" tId="4" fbRx="0.627483055" lbRx="0.62748393" />
<p fId="3" fbTx="0.627582096" lbTx="0.62758218" tId="0" fbRx="0.637582096" lbRx="0.63758218" />
<p fId="0" fbTx="0.62758218" lbTx="0.627583055" tId="1" fbRx="0.62758218" lbRx="0.627583055" />
<p fId="1" fbTx="0.627583055" lbTx="0.62758393" tId="4" fbRx="0.627583055" lbRx="0.62758393" />
<p fId="3" fbTx="0.627682096" lbTx="0.62768218" tId="0" fbRx="0.637682096" lbRx="0.63768218" />
<p fId="0" fbTx="0.62768218" lbTx="0.627683055" tId="1" fbRx="0.62768218" lbRx="0.627683055" />
<p fId="1" fbTx="0.627683055" lbTx="0.62768393" tId="4" fbRx="0.627683055" lbRx="0.62768393" />
<p fId="3" fbTx="0.627782096" lbTx="0.62778218" tId="0" fbRx="0.637782096" lbRx="0.63778218" />
<p fId="0" fbTx="0.62778218" lbTx="0.627783055" tId="1" fbRx="0.62778218" lbRx="0.627783055" />
<p fId="1" fbTx="0.627783055" lbTx="0.62778393" tId="4" fbRx="0.627783055" lbRx="0.62778393" />
<p fId="3" fbTx="0.627882096" lbTx="0.62788218" tId="0" fbRx="0.637882096" lbRx="0.63788218" />
<p fId="0" fbTx="0.62788218" lbTx="0.627883055" tId="1" fbRx="0.62788218" lbRx="0.627883055" />
<p fId="1" fbTx="0.627883055" lbTx="0.62788393" tId="4" fbRx="0.627883055" lbRx="0.62788393" />
<p fId="3" fbTx="0.627982096" lbTx="0.62798218" tId="0" fbRx="0.637982096" lbRx="0.63798218" />
<p fId="0" fbTx="0.62798218" lbTx="0.627983055" tId="1" fbRx="0.62798218" lbRx="0.627983055" />
<p fId="1" fbTx="0.627983055" lbTx="0.62798393" tId="4" fbRx="0.627983055" lbRx="0.62798393" />
<p fId="3" fbTx="0.628082096" lbTx="0.62808218" tId="0" fbRx="0.638082096" lbRx="0.63808218" />
<p fId="0" fbTx="0.62808218" lbTx="0.628083055" tId="1" fbRx="0.62808218" lbRx="0.628083055" />
<p fId="1" fbTx="0.628083055" lbTx="0.62808393" tId="4" fbRx="0.628083055" lbRx="0.62808393" />
<p fId="3" fbTx="0.628182096" lbTx="0.62818218" tId="0" fbRx="0.638182096" lbRx="0.63818218" />
<p fId="0" fbTx="0.62818218" lbTx="0.628183055" tId="1" fbRx="0.62818218" lbRx="0.628183055" />
<p fId="1" fbTx="0.628183055" lbTx="0.62818393" tId="4" fbRx="0.628183055" lbRx="0.62818393" />
<pr uId="606" fId="4" fbTx="0.628214286" />
<wpr uId="606" tId="5" fbRx="0.628214286" lbRx="0" />
<wpr uId="606" tId="6" fbRx="0.628214286" lbRx="0" />
<p fId="3" fbTx="0.628282096" lbTx="0.62828218" tId="0" fbRx="0.638282096" lbRx="0.63828218" />
<p fId="0" fbTx="0.62828218" lbTx="0.628283055" tId="1" fbRx="0.62828218" lbRx="0.628283055" />
<p fId="1" fbTx="0.628283055" lbTx="0.62828393" tId="4" fbRx="0.628283055" lbRx="0.62828393" />
<p fId="3" fbTx="0.628382096" lbTx="0.62838218" tId="0" fbRx="0.638382096" lbRx="0.63838218" />
<p fId="0" fbTx="0.62838218" lbTx="0.628383055" tId="1" fbRx="0.62838218" lbRx="0.628383055" />
<p fId="1" fbTx="0.628383055" lbTx="0.62838393" tId="4" fbRx="0.628383055" lbRx="0.62838393" />
<p fId="3" fbTx="0.628482096" lbTx="0.62848218" tId="0" fbRx="0.638482096" lbRx="0.63848218" />
<p fId="0" fbTx="0.62848218" lbTx="0.628483055" tId="1" fbRx="0.62848218" lbRx="0.628483055" />
<p fId="1" fbTx="0.628483055" lbTx="0.62848393" tId="4" fbRx="0.628483055" lbRx="0.62848393" />
<p fId="3" fbTx="0.628582096" lbTx="0.62858218" tId="0" fbRx="0.638582096" lbRx="0.63858218" />
<p fId="0" fbTx="0.62858218" lbTx="0.628583055" tId="1" fbRx="0.62858218" lbRx="0.628583055" />
<p fId="1" fbTx="0.628583055" lbTx="0.62858393" tId="4" fbRx="0.628583055" lbRx="0.62858393" />
<p fId="3" fbTx="0.628682096" lbTx="0.62868218" tId="0" fbRx="0.638682096" lbRx="0.63868218" />
<p fId="0" fbTx="0.62868218" lbTx="0.628683055" tId="1" fbRx="0.62868218" lbRx="0.628683055" />
<p fId="1" fbTx="0.628683055" lbTx="0.62868393" tId="4" fbRx="0.628683055" lbRx="0.62868393" />
<p fId="3" fbTx="0.628782096" lbTx="0.62878218" tId="0" fbRx="0.638782096" lbRx="0.63878218" />
<p fId="0" fbTx="0.62878218" lbTx="0.628783055" tId="1" fbRx="0.62878218" lbRx="0.628783055" />
<p fId="1" fbTx="0.628783055" lbTx="0.62878393" tId="4" fbRx="0.628783055" lbRx="0.62878393" />
<p fId="3" fbTx="0.628882096" lbTx="0.62888218" tId="0" fbRx="0.638882096" lbRx="0.63888218" />
<p fId="0" fbTx="0.62888218" lbTx="0.628883055" tId="1" fbRx="0.62888218" lbRx="0.628883055" />
<p fId="1" fbTx="0.628883055" lbTx="0.62888393" tId="4" fbRx="0.628883055" lbRx="0.62888393" />
<p fId="3" fbTx="0.628982096" lbTx="0.62898218" tId="0" fbRx="0.638982096" lbRx="0.63898218" />
<p fId="0" fbTx="0.62898218" lbTx="0.628983055" tId="1" fbRx="0.62898218" lbRx="0.628983055" />
<p fId="1" fbTx="0.628983055" lbTx="0.62898393" tId="4" fbRx="0.628983055" lbRx="0.62898393" />
<p fId="3" fbTx="0.629082096" lbTx="0.62908218" tId="0" fbRx="0.639082096" lbRx="0.63908218" />
<p fId="0" fbTx="0.62908218" lbTx="0.629083055" tId="1" fbRx="0.62908218" lbRx="0.629083055" />
<p fId="1" fbTx="0.629083055" lbTx="0.62908393" tId="4" fbRx="0.629083055" lbRx="0.62908393" />
<p fId="3" fbTx="0.629182096" lbTx="0.62918218" tId="0" fbRx="0.639182096" lbRx="0.63918218" />
<p fId="0" fbTx="0.62918218" lbTx="0.629183055" tId="1" fbRx="0.62918218" lbRx="0.629183055" />
<p fId="1" fbTx="0.629183055" lbTx="0.62918393" tId="4" fbRx="0.629183055" lbRx="0.62918393" />
<pr uId="607" fId="4" fbTx="0.629214286" />
<wpr uId="607" tId="5" fbRx="0.629214286" lbRx="0" />
<wpr uId="607" tId="6" fbRx="0.629214286" lbRx="0" />
<p fId="3" fbTx="0.629282096" lbTx="0.62928218" tId="0" fbRx="0.639282096" lbRx="0.63928218" />
<p fId="0" fbTx="0.62928218" lbTx="0.629283055" tId="1" fbRx="0.62928218" lbRx="0.629283055" />
<p fId="1" fbTx="0.629283055" lbTx="0.62928393" tId="4" fbRx="0.629283055" lbRx="0.62928393" />
<p fId="3" fbTx="0.629382096" lbTx="0.62938218" tId="0" fbRx="0.639382096" lbRx="0.63938218" />
<p fId="0" fbTx="0.62938218" lbTx="0.629383055" tId="1" fbRx="0.62938218" lbRx="0.629383055" />
<p fId="1" fbTx="0.629383055" lbTx="0.62938393" tId="4" fbRx="0.629383055" lbRx="0.62938393" />
<p fId="3" fbTx="0.629482096" lbTx="0.62948218" tId="0" fbRx="0.639482096" lbRx="0.63948218" />
<p fId="0" fbTx="0.62948218" lbTx="0.629483055" tId="1" fbRx="0.62948218" lbRx="0.629483055" />
<p fId="1" fbTx="0.629483055" lbTx="0.62948393" tId="4" fbRx="0.629483055" lbRx="0.62948393" />
<p fId="3" fbTx="0.629582096" lbTx="0.62958218" tId="0" fbRx="0.639582096" lbRx="0.63958218" />
<p fId="0" fbTx="0.62958218" lbTx="0.629583055" tId="1" fbRx="0.62958218" lbRx="0.629583055" />
<p fId="1" fbTx="0.629583055" lbTx="0.62958393" tId="4" fbRx="0.629583055" lbRx="0.62958393" />
<p fId="3" fbTx="0.629682096" lbTx="0.62968218" tId="0" fbRx="0.639682096" lbRx="0.63968218" />
<p fId="0" fbTx="0.62968218" lbTx="0.629683055" tId="1" fbRx="0.62968218" lbRx="0.629683055" />
<p fId="1" fbTx="0.629683055" lbTx="0.62968393" tId="4" fbRx="0.629683055" lbRx="0.62968393" />
<p fId="3" fbTx="0.629782096" lbTx="0.62978218" tId="0" fbRx="0.639782096" lbRx="0.63978218" />
<p fId="0" fbTx="0.62978218" lbTx="0.629783055" tId="1" fbRx="0.62978218" lbRx="0.629783055" />
<p fId="1" fbTx="0.629783055" lbTx="0.62978393" tId="4" fbRx="0.629783055" lbRx="0.62978393" />
<p fId="3" fbTx="0.629882096" lbTx="0.62988218" tId="0" fbRx="0.639882096" lbRx="0.63988218" />
<p fId="0" fbTx="0.62988218" lbTx="0.629883055" tId="1" fbRx="0.62988218" lbRx="0.629883055" />
<p fId="1" fbTx="0.629883055" lbTx="0.62988393" tId="4" fbRx="0.629883055" lbRx="0.62988393" />
<p fId="3" fbTx="0.629982096" lbTx="0.62998218" tId="0" fbRx="0.639982096" lbRx="0.63998218" />
<p fId="0" fbTx="0.62998218" lbTx="0.629983055" tId="1" fbRx="0.62998218" lbRx="0.629983055" />
<p fId="1" fbTx="0.629983055" lbTx="0.62998393" tId="4" fbRx="0.629983055" lbRx="0.62998393" />
<p fId="3" fbTx="0.630082096" lbTx="0.63008218" tId="0" fbRx="0.640082096" lbRx="0.64008218" />
<p fId="0" fbTx="0.63008218" lbTx="0.630083055" tId="1" fbRx="0.63008218" lbRx="0.630083055" />
<p fId="1" fbTx="0.630083055" lbTx="0.63008393" tId="4" fbRx="0.630083055" lbRx="0.63008393" />
<p fId="3" fbTx="0.630182096" lbTx="0.63018218" tId="0" fbRx="0.640182096" lbRx="0.64018218" />
<p fId="0" fbTx="0.63018218" lbTx="0.630183055" tId="1" fbRx="0.63018218" lbRx="0.630183055" />
<p fId="1" fbTx="0.630183055" lbTx="0.63018393" tId="4" fbRx="0.630183055" lbRx="0.63018393" />
<pr uId="608" fId="4" fbTx="0.630214286" />
<wpr uId="608" tId="5" fbRx="0.630214286" lbRx="0" />
<wpr uId="608" tId="6" fbRx="0.630214286" lbRx="0" />
<p fId="3" fbTx="0.630282096" lbTx="0.63028218" tId="0" fbRx="0.640282096" lbRx="0.64028218" />
<p fId="0" fbTx="0.63028218" lbTx="0.630283055" tId="1" fbRx="0.63028218" lbRx="0.630283055" />
<p fId="1" fbTx="0.630283055" lbTx="0.63028393" tId="4" fbRx="0.630283055" lbRx="0.63028393" />
<p fId="3" fbTx="0.630382096" lbTx="0.63038218" tId="0" fbRx="0.640382096" lbRx="0.64038218" />
<p fId="0" fbTx="0.63038218" lbTx="0.630383055" tId="1" fbRx="0.63038218" lbRx="0.630383055" />
<p fId="1" fbTx="0.630383055" lbTx="0.63038393" tId="4" fbRx="0.630383055" lbRx="0.63038393" />
<p fId="3" fbTx="0.630482096" lbTx="0.63048218" tId="0" fbRx="0.640482096" lbRx="0.64048218" />
<p fId="0" fbTx="0.63048218" lbTx="0.630483055" tId="1" fbRx="0.63048218" lbRx="0.630483055" />
<p fId="1" fbTx="0.630483055" lbTx="0.63048393" tId="4" fbRx="0.630483055" lbRx="0.63048393" />
<p fId="3" fbTx="0.630582096" lbTx="0.63058218" tId="0" fbRx="0.640582096" lbRx="0.64058218" />
<p fId="0" fbTx="0.63058218" lbTx="0.630583055" tId="1" fbRx="0.63058218" lbRx="0.630583055" />
<p fId="1" fbTx="0.630583055" lbTx="0.63058393" tId="4" fbRx="0.630583055" lbRx="0.63058393" />
<p fId="3" fbTx="0.630682096" lbTx="0.63068218" tId="0" fbRx="0.640682096" lbRx="0.64068218" />
<p fId="0" fbTx="0.63068218" lbTx="0.630683055" tId="1" fbRx="0.63068218" lbRx="0.630683055" />
<p fId="1" fbTx="0.630683055" lbTx="0.63068393" tId="4" fbRx="0.630683055" lbRx="0.63068393" />
<p fId="3" fbTx="0.630782096" lbTx="0.63078218" tId="0" fbRx="0.640782096" lbRx="0.64078218" />
<p fId="0" fbTx="0.63078218" lbTx="0.630783055" tId="1" fbRx="0.63078218" lbRx="0.630783055" />
<p fId="1" fbTx="0.630783055" lbTx="0.63078393" tId="4" fbRx="0.630783055" lbRx="0.63078393" />
<p fId="3" fbTx="0.630882096" lbTx="0.63088218" tId="0" fbRx="0.640882096" lbRx="0.64088218" />
<p fId="0" fbTx="0.63088218" lbTx="0.630883055" tId="1" fbRx="0.63088218" lbRx="0.630883055" />
<p fId="1" fbTx="0.630883055" lbTx="0.63088393" tId="4" fbRx="0.630883055" lbRx="0.63088393" />
<p fId="3" fbTx="0.630982096" lbTx="0.63098218" tId="0" fbRx="0.640982096" lbRx="0.64098218" />
<p fId="0" fbTx="0.63098218" lbTx="0.630983055" tId="1" fbRx="0.63098218" lbRx="0.630983055" />
<p fId="1" fbTx="0.630983055" lbTx="0.63098393" tId="4" fbRx="0.630983055" lbRx="0.63098393" />
<p fId="3" fbTx="0.631082096" lbTx="0.63108218" tId="0" fbRx="0.641082096" lbRx="0.64108218" />
<p fId="0" fbTx="0.63108218" lbTx="0.631083055" tId="1" fbRx="0.63108218" lbRx="0.631083055" />
<p fId="1" fbTx="0.631083055" lbTx="0.63108393" tId="4" fbRx="0.631083055" lbRx="0.63108393" />
<p fId="3" fbTx="0.631182096" lbTx="0.63118218" tId="0" fbRx="0.641182096" lbRx="0.64118218" />
<p fId="0" fbTx="0.63118218" lbTx="0.631183055" tId="1" fbRx="0.63118218" lbRx="0.631183055" />
<p fId="1" fbTx="0.631183055" lbTx="0.63118393" tId="4" fbRx="0.631183055" lbRx="0.63118393" />
<pr uId="609" fId="4" fbTx="0.631214286" />
<wpr uId="609" tId="5" fbRx="0.631214286" lbRx="0" />
<wpr uId="609" tId="6" fbRx="0.631214286" lbRx="0" />
<p fId="3" fbTx="0.631282096" lbTx="0.63128218" tId="0" fbRx="0.641282096" lbRx="0.64128218" />
<p fId="0" fbTx="0.63128218" lbTx="0.631283055" tId="1" fbRx="0.63128218" lbRx="0.631283055" />
<p fId="1" fbTx="0.631283055" lbTx="0.63128393" tId="4" fbRx="0.631283055" lbRx="0.63128393" />
<p fId="3" fbTx="0.631382096" lbTx="0.63138218" tId="0" fbRx="0.641382096" lbRx="0.64138218" />
<p fId="0" fbTx="0.63138218" lbTx="0.631383055" tId="1" fbRx="0.63138218" lbRx="0.631383055" />
<p fId="1" fbTx="0.631383055" lbTx="0.63138393" tId="4" fbRx="0.631383055" lbRx="0.63138393" />
<p fId="3" fbTx="0.631482096" lbTx="0.63148218" tId="0" fbRx="0.641482096" lbRx="0.64148218" />
<p fId="0" fbTx="0.63148218" lbTx="0.631483055" tId="1" fbRx="0.63148218" lbRx="0.631483055" />
<p fId="1" fbTx="0.631483055" lbTx="0.63148393" tId="4" fbRx="0.631483055" lbRx="0.63148393" />
<p fId="3" fbTx="0.631582096" lbTx="0.63158218" tId="0" fbRx="0.641582096" lbRx="0.64158218" />
<p fId="0" fbTx="0.63158218" lbTx="0.631583055" tId="1" fbRx="0.63158218" lbRx="0.631583055" />
<p fId="1" fbTx="0.631583055" lbTx="0.63158393" tId="4" fbRx="0.631583055" lbRx="0.63158393" />
<p fId="3" fbTx="0.631682096" lbTx="0.63168218" tId="0" fbRx="0.641682096" lbRx="0.64168218" />
<p fId="0" fbTx="0.63168218" lbTx="0.631683055" tId="1" fbRx="0.63168218" lbRx="0.631683055" />
<p fId="1" fbTx="0.631683055" lbTx="0.63168393" tId="4" fbRx="0.631683055" lbRx="0.63168393" />
<p fId="3" fbTx="0.631782096" lbTx="0.63178218" tId="0" fbRx="0.641782096" lbRx="0.64178218" />
<p fId="0" fbTx="0.63178218" lbTx="0.631783055" tId="1" fbRx="0.63178218" lbRx="0.631783055" />
<p fId="1" fbTx="0.631783055" lbTx="0.63178393" tId="4" fbRx="0.631783055" lbRx="0.63178393" />
<p fId="3" fbTx="0.631882096" lbTx="0.63188218" tId="0" fbRx="0.641882096" lbRx="0.64188218" />
<p fId="0" fbTx="0.63188218" lbTx="0.631883055" tId="1" fbRx="0.63188218" lbRx="0.631883055" />
<p fId="1" fbTx="0.631883055" lbTx="0.63188393" tId="4" fbRx="0.631883055" lbRx="0.63188393" />
<p fId="3" fbTx="0.631982096" lbTx="0.63198218" tId="0" fbRx="0.641982096" lbRx="0.64198218" />
<p fId="0" fbTx="0.63198218" lbTx="0.631983055" tId="1" fbRx="0.63198218" lbRx="0.631983055" />
<p fId="1" fbTx="0.631983055" lbTx="0.63198393" tId="4" fbRx="0.631983055" lbRx="0.63198393" />
<p fId="3" fbTx="0.632082096" lbTx="0.63208218" tId="0" fbRx="0.642082096" lbRx="0.64208218" />
<p fId="0" fbTx="0.63208218" lbTx="0.632083055" tId="1" fbRx="0.63208218" lbRx="0.632083055" />
<p fId="1" fbTx="0.632083055" lbTx="0.63208393" tId="4" fbRx="0.632083055" lbRx="0.63208393" />
<p fId="3" fbTx="0.632182096" lbTx="0.63218218" tId="0" fbRx="0.642182096" lbRx="0.64218218" />
<p fId="0" fbTx="0.63218218" lbTx="0.632183055" tId="1" fbRx="0.63218218" lbRx="0.632183055" />
<p fId="1" fbTx="0.632183055" lbTx="0.63218393" tId="4" fbRx="0.632183055" lbRx="0.63218393" />
<pr uId="610" fId="4" fbTx="0.632214286" />
<wpr uId="610" tId="5" fbRx="0.632214286" lbRx="0" />
<wpr uId="610" tId="6" fbRx="0.632214286" lbRx="0" />
<p fId="3" fbTx="0.632282096" lbTx="0.63228218" tId="0" fbRx="0.642282096" lbRx="0.64228218" />
<p fId="0" fbTx="0.63228218" lbTx="0.632283055" tId="1" fbRx="0.63228218" lbRx="0.632283055" />
<p fId="1" fbTx="0.632283055" lbTx="0.63228393" tId="4" fbRx="0.632283055" lbRx="0.63228393" />
<p fId="3" fbTx="0.632382096" lbTx="0.63238218" tId="0" fbRx="0.642382096" lbRx="0.64238218" />
<p fId="0" fbTx="0.63238218" lbTx="0.632383055" tId="1" fbRx="0.63238218" lbRx="0.632383055" />
<p fId="1" fbTx="0.632383055" lbTx="0.63238393" tId="4" fbRx="0.632383055" lbRx="0.63238393" />
<p fId="3" fbTx="0.632482096" lbTx="0.63248218" tId="0" fbRx="0.642482096" lbRx="0.64248218" />
<p fId="0" fbTx="0.63248218" lbTx="0.632483055" tId="1" fbRx="0.63248218" lbRx="0.632483055" />
<p fId="1" fbTx="0.632483055" lbTx="0.63248393" tId="4" fbRx="0.632483055" lbRx="0.63248393" />
<p fId="3" fbTx="0.632582096" lbTx="0.63258218" tId="0" fbRx="0.642582096" lbRx="0.64258218" />
<p fId="0" fbTx="0.63258218" lbTx="0.632583055" tId="1" fbRx="0.63258218" lbRx="0.632583055" />
<p fId="1" fbTx="0.632583055" lbTx="0.63258393" tId="4" fbRx="0.632583055" lbRx="0.63258393" />
<p fId="3" fbTx="0.632682096" lbTx="0.63268218" tId="0" fbRx="0.642682096" lbRx="0.64268218" />
<p fId="0" fbTx="0.63268218" lbTx="0.632683055" tId="1" fbRx="0.63268218" lbRx="0.632683055" />
<p fId="1" fbTx="0.632683055" lbTx="0.63268393" tId="4" fbRx="0.632683055" lbRx="0.63268393" />
<p fId="3" fbTx="0.632782096" lbTx="0.63278218" tId="0" fbRx="0.642782096" lbRx="0.64278218" />
<p fId="0" fbTx="0.63278218" lbTx="0.632783055" tId="1" fbRx="0.63278218" lbRx="0.632783055" />
<p fId="1" fbTx="0.632783055" lbTx="0.63278393" tId="4" fbRx="0.632783055" lbRx="0.63278393" />
<p fId="3" fbTx="0.632882096" lbTx="0.63288218" tId="0" fbRx="0.642882096" lbRx="0.64288218" />
<p fId="0" fbTx="0.63288218" lbTx="0.632883055" tId="1" fbRx="0.63288218" lbRx="0.632883055" />
<p fId="1" fbTx="0.632883055" lbTx="0.63288393" tId="4" fbRx="0.632883055" lbRx="0.63288393" />
<p fId="3" fbTx="0.632982096" lbTx="0.63298218" tId="0" fbRx="0.642982096" lbRx="0.64298218" />
<p fId="0" fbTx="0.63298218" lbTx="0.632983055" tId="1" fbRx="0.63298218" lbRx="0.632983055" />
<p fId="1" fbTx="0.632983055" lbTx="0.63298393" tId="4" fbRx="0.632983055" lbRx="0.63298393" />
<p fId="3" fbTx="0.633082096" lbTx="0.63308218" tId="0" fbRx="0.643082096" lbRx="0.64308218" />
<p fId="0" fbTx="0.63308218" lbTx="0.633083055" tId="1" fbRx="0.63308218" lbRx="0.633083055" />
<p fId="1" fbTx="0.633083055" lbTx="0.63308393" tId="4" fbRx="0.633083055" lbRx="0.63308393" />
<p fId="3" fbTx="0.633182096" lbTx="0.63318218" tId="0" fbRx="0.643182096" lbRx="0.64318218" />
<p fId="0" fbTx="0.63318218" lbTx="0.633183055" tId="1" fbRx="0.63318218" lbRx="0.633183055" />
<p fId="1" fbTx="0.633183055" lbTx="0.63318393" tId="4" fbRx="0.633183055" lbRx="0.63318393" />
<pr uId="611" fId="4" fbTx="0.633214286" />
<wpr uId="611" tId="5" fbRx="0.633214286" lbRx="0" />
<wpr uId="611" tId="6" fbRx="0.633214286" lbRx="0" />
<p fId="3" fbTx="0.633282096" lbTx="0.63328218" tId="0" fbRx="0.643282096" lbRx="0.64328218" />
<p fId="0" fbTx="0.63328218" lbTx="0.633283055" tId="1" fbRx="0.63328218" lbRx="0.633283055" />
<p fId="1" fbTx="0.633283055" lbTx="0.63328393" tId="4" fbRx="0.633283055" lbRx="0.63328393" />
<p fId="3" fbTx="0.633382096" lbTx="0.63338218" tId="0" fbRx="0.643382096" lbRx="0.64338218" />
<p fId="0" fbTx="0.63338218" lbTx="0.633383055" tId="1" fbRx="0.63338218" lbRx="0.633383055" />
<p fId="1" fbTx="0.633383055" lbTx="0.63338393" tId="4" fbRx="0.633383055" lbRx="0.63338393" />
<p fId="3" fbTx="0.633482096" lbTx="0.63348218" tId="0" fbRx="0.643482096" lbRx="0.64348218" />
<p fId="0" fbTx="0.63348218" lbTx="0.633483055" tId="1" fbRx="0.63348218" lbRx="0.633483055" />
<p fId="1" fbTx="0.633483055" lbTx="0.63348393" tId="4" fbRx="0.633483055" lbRx="0.63348393" />
<p fId="3" fbTx="0.633582096" lbTx="0.63358218" tId="0" fbRx="0.643582096" lbRx="0.64358218" />
<p fId="0" fbTx="0.63358218" lbTx="0.633583055" tId="1" fbRx="0.63358218" lbRx="0.633583055" />
<p fId="1" fbTx="0.633583055" lbTx="0.63358393" tId="4" fbRx="0.633583055" lbRx="0.63358393" />
<p fId="3" fbTx="0.633682096" lbTx="0.63368218" tId="0" fbRx="0.643682096" lbRx="0.64368218" />
<p fId="0" fbTx="0.63368218" lbTx="0.633683055" tId="1" fbRx="0.63368218" lbRx="0.633683055" />
<p fId="1" fbTx="0.633683055" lbTx="0.63368393" tId="4" fbRx="0.633683055" lbRx="0.63368393" />
<p fId="3" fbTx="0.633782096" lbTx="0.63378218" tId="0" fbRx="0.643782096" lbRx="0.64378218" />
<p fId="0" fbTx="0.63378218" lbTx="0.633783055" tId="1" fbRx="0.63378218" lbRx="0.633783055" />
<p fId="1" fbTx="0.633783055" lbTx="0.63378393" tId="4" fbRx="0.633783055" lbRx="0.63378393" />
<p fId="3" fbTx="0.633882096" lbTx="0.63388218" tId="0" fbRx="0.643882096" lbRx="0.64388218" />
<p fId="0" fbTx="0.63388218" lbTx="0.633883055" tId="1" fbRx="0.63388218" lbRx="0.633883055" />
<p fId="1" fbTx="0.633883055" lbTx="0.63388393" tId="4" fbRx="0.633883055" lbRx="0.63388393" />
<p fId="3" fbTx="0.633982096" lbTx="0.63398218" tId="0" fbRx="0.643982096" lbRx="0.64398218" />
<p fId="0" fbTx="0.63398218" lbTx="0.633983055" tId="1" fbRx="0.63398218" lbRx="0.633983055" />
<p fId="1" fbTx="0.633983055" lbTx="0.63398393" tId="4" fbRx="0.633983055" lbRx="0.63398393" />
<p fId="3" fbTx="0.634082096" lbTx="0.63408218" tId="0" fbRx="0.644082096" lbRx="0.64408218" />
<p fId="0" fbTx="0.63408218" lbTx="0.634083055" tId="1" fbRx="0.63408218" lbRx="0.634083055" />
<p fId="1" fbTx="0.634083055" lbTx="0.63408393" tId="4" fbRx="0.634083055" lbRx="0.63408393" />
<p fId="3" fbTx="0.634182096" lbTx="0.63418218" tId="0" fbRx="0.644182096" lbRx="0.64418218" />
<p fId="0" fbTx="0.63418218" lbTx="0.634183055" tId="1" fbRx="0.63418218" lbRx="0.634183055" />
<p fId="1" fbTx="0.634183055" lbTx="0.63418393" tId="4" fbRx="0.634183055" lbRx="0.63418393" />
<pr uId="612" fId="4" fbTx="0.634214286" />
<wpr uId="612" tId="5" fbRx="0.634214286" lbRx="0" />
<wpr uId="612" tId="6" fbRx="0.634214286" lbRx="0" />
<p fId="3" fbTx="0.634282096" lbTx="0.63428218" tId="0" fbRx="0.644282096" lbRx="0.64428218" />
<p fId="0" fbTx="0.63428218" lbTx="0.634283055" tId="1" fbRx="0.63428218" lbRx="0.634283055" />
<p fId="1" fbTx="0.634283055" lbTx="0.63428393" tId="4" fbRx="0.634283055" lbRx="0.63428393" />
<p fId="3" fbTx="0.634382096" lbTx="0.63438218" tId="0" fbRx="0.644382096" lbRx="0.64438218" />
<p fId="0" fbTx="0.63438218" lbTx="0.634383055" tId="1" fbRx="0.63438218" lbRx="0.634383055" />
<p fId="1" fbTx="0.634383055" lbTx="0.63438393" tId="4" fbRx="0.634383055" lbRx="0.63438393" />
<p fId="3" fbTx="0.634482096" lbTx="0.63448218" tId="0" fbRx="0.644482096" lbRx="0.64448218" />
<p fId="0" fbTx="0.63448218" lbTx="0.634483055" tId="1" fbRx="0.63448218" lbRx="0.634483055" />
<p fId="1" fbTx="0.634483055" lbTx="0.63448393" tId="4" fbRx="0.634483055" lbRx="0.63448393" />
<p fId="3" fbTx="0.634582096" lbTx="0.63458218" tId="0" fbRx="0.644582096" lbRx="0.64458218" />
<p fId="0" fbTx="0.63458218" lbTx="0.634583055" tId="1" fbRx="0.63458218" lbRx="0.634583055" />
<p fId="1" fbTx="0.634583055" lbTx="0.63458393" tId="4" fbRx="0.634583055" lbRx="0.63458393" />
<p fId="3" fbTx="0.634682096" lbTx="0.63468218" tId="0" fbRx="0.644682096" lbRx="0.64468218" />
<p fId="0" fbTx="0.63468218" lbTx="0.634683055" tId="1" fbRx="0.63468218" lbRx="0.634683055" />
<p fId="1" fbTx="0.634683055" lbTx="0.63468393" tId="4" fbRx="0.634683055" lbRx="0.63468393" />
<p fId="3" fbTx="0.634782096" lbTx="0.63478218" tId="0" fbRx="0.644782096" lbRx="0.64478218" />
<p fId="0" fbTx="0.63478218" lbTx="0.634783055" tId="1" fbRx="0.63478218" lbRx="0.634783055" />
<p fId="1" fbTx="0.634783055" lbTx="0.63478393" tId="4" fbRx="0.634783055" lbRx="0.63478393" />
<p fId="3" fbTx="0.634882096" lbTx="0.63488218" tId="0" fbRx="0.644882096" lbRx="0.64488218" />
<p fId="0" fbTx="0.63488218" lbTx="0.634883055" tId="1" fbRx="0.63488218" lbRx="0.634883055" />
<p fId="1" fbTx="0.634883055" lbTx="0.63488393" tId="4" fbRx="0.634883055" lbRx="0.63488393" />
<p fId="3" fbTx="0.634982096" lbTx="0.63498218" tId="0" fbRx="0.644982096" lbRx="0.64498218" />
<p fId="0" fbTx="0.63498218" lbTx="0.634983055" tId="1" fbRx="0.63498218" lbRx="0.634983055" />
<p fId="1" fbTx="0.634983055" lbTx="0.63498393" tId="4" fbRx="0.634983055" lbRx="0.63498393" />
<p fId="3" fbTx="0.635082096" lbTx="0.63508218" tId="0" fbRx="0.645082096" lbRx="0.64508218" />
<p fId="0" fbTx="0.63508218" lbTx="0.635083055" tId="1" fbRx="0.63508218" lbRx="0.635083055" />
<p fId="1" fbTx="0.635083055" lbTx="0.63508393" tId="4" fbRx="0.635083055" lbRx="0.63508393" />
<p fId="3" fbTx="0.635182096" lbTx="0.63518218" tId="0" fbRx="0.645182096" lbRx="0.64518218" />
<p fId="0" fbTx="0.63518218" lbTx="0.635183055" tId="1" fbRx="0.63518218" lbRx="0.635183055" />
<p fId="1" fbTx="0.635183055" lbTx="0.63518393" tId="4" fbRx="0.635183055" lbRx="0.63518393" />
<pr uId="613" fId="4" fbTx="0.635214286" />
<wpr uId="613" tId="5" fbRx="0.635214286" lbRx="0" />
<wpr uId="613" tId="6" fbRx="0.635214286" lbRx="0" />
<p fId="3" fbTx="0.635282096" lbTx="0.63528218" tId="0" fbRx="0.645282096" lbRx="0.64528218" />
<p fId="0" fbTx="0.63528218" lbTx="0.635283055" tId="1" fbRx="0.63528218" lbRx="0.635283055" />
<p fId="1" fbTx="0.635283055" lbTx="0.63528393" tId="4" fbRx="0.635283055" lbRx="0.63528393" />
<p fId="3" fbTx="0.635382096" lbTx="0.63538218" tId="0" fbRx="0.645382096" lbRx="0.64538218" />
<p fId="0" fbTx="0.63538218" lbTx="0.635383055" tId="1" fbRx="0.63538218" lbRx="0.635383055" />
<p fId="1" fbTx="0.635383055" lbTx="0.63538393" tId="4" fbRx="0.635383055" lbRx="0.63538393" />
<p fId="3" fbTx="0.635482096" lbTx="0.63548218" tId="0" fbRx="0.645482096" lbRx="0.64548218" />
<p fId="0" fbTx="0.63548218" lbTx="0.635483055" tId="1" fbRx="0.63548218" lbRx="0.635483055" />
<p fId="1" fbTx="0.635483055" lbTx="0.63548393" tId="4" fbRx="0.635483055" lbRx="0.63548393" />
<p fId="3" fbTx="0.635582096" lbTx="0.63558218" tId="0" fbRx="0.645582096" lbRx="0.64558218" />
<p fId="0" fbTx="0.63558218" lbTx="0.635583055" tId="1" fbRx="0.63558218" lbRx="0.635583055" />
<p fId="1" fbTx="0.635583055" lbTx="0.63558393" tId="4" fbRx="0.635583055" lbRx="0.63558393" />
<p fId="3" fbTx="0.635682096" lbTx="0.63568218" tId="0" fbRx="0.645682096" lbRx="0.64568218" />
<p fId="0" fbTx="0.63568218" lbTx="0.635683055" tId="1" fbRx="0.63568218" lbRx="0.635683055" />
<p fId="1" fbTx="0.635683055" lbTx="0.63568393" tId="4" fbRx="0.635683055" lbRx="0.63568393" />
<p fId="3" fbTx="0.635782096" lbTx="0.63578218" tId="0" fbRx="0.645782096" lbRx="0.64578218" />
<p fId="0" fbTx="0.63578218" lbTx="0.635783055" tId="1" fbRx="0.63578218" lbRx="0.635783055" />
<p fId="1" fbTx="0.635783055" lbTx="0.63578393" tId="4" fbRx="0.635783055" lbRx="0.63578393" />
<p fId="3" fbTx="0.635882096" lbTx="0.63588218" tId="0" fbRx="0.645882096" lbRx="0.64588218" />
<p fId="0" fbTx="0.63588218" lbTx="0.635883055" tId="1" fbRx="0.63588218" lbRx="0.635883055" />
<p fId="1" fbTx="0.635883055" lbTx="0.63588393" tId="4" fbRx="0.635883055" lbRx="0.63588393" />
<p fId="3" fbTx="0.635982096" lbTx="0.63598218" tId="0" fbRx="0.645982096" lbRx="0.64598218" />
<p fId="0" fbTx="0.63598218" lbTx="0.635983055" tId="1" fbRx="0.63598218" lbRx="0.635983055" />
<p fId="1" fbTx="0.635983055" lbTx="0.63598393" tId="4" fbRx="0.635983055" lbRx="0.63598393" />
<p fId="3" fbTx="0.636082096" lbTx="0.63608218" tId="0" fbRx="0.646082096" lbRx="0.64608218" />
<p fId="0" fbTx="0.63608218" lbTx="0.636083055" tId="1" fbRx="0.63608218" lbRx="0.636083055" />
<p fId="1" fbTx="0.636083055" lbTx="0.63608393" tId="4" fbRx="0.636083055" lbRx="0.63608393" />
<p fId="3" fbTx="0.636182096" lbTx="0.63618218" tId="0" fbRx="0.646182096" lbRx="0.64618218" />
<p fId="0" fbTx="0.63618218" lbTx="0.636183055" tId="1" fbRx="0.63618218" lbRx="0.636183055" />
<p fId="1" fbTx="0.636183055" lbTx="0.63618393" tId="4" fbRx="0.636183055" lbRx="0.63618393" />
<pr uId="614" fId="4" fbTx="0.636214286" />
<wpr uId="614" tId="5" fbRx="0.636214286" lbRx="0" />
<wpr uId="614" tId="6" fbRx="0.636214286" lbRx="0" />
<p fId="3" fbTx="0.636282096" lbTx="0.63628218" tId="0" fbRx="0.646282096" lbRx="0.64628218" />
<p fId="0" fbTx="0.63628218" lbTx="0.636283055" tId="1" fbRx="0.63628218" lbRx="0.636283055" />
<p fId="1" fbTx="0.636283055" lbTx="0.63628393" tId="4" fbRx="0.636283055" lbRx="0.63628393" />
<p fId="3" fbTx="0.636382096" lbTx="0.63638218" tId="0" fbRx="0.646382096" lbRx="0.64638218" />
<p fId="0" fbTx="0.63638218" lbTx="0.636383055" tId="1" fbRx="0.63638218" lbRx="0.636383055" />
<p fId="1" fbTx="0.636383055" lbTx="0.63638393" tId="4" fbRx="0.636383055" lbRx="0.63638393" />
<p fId="3" fbTx="0.636482096" lbTx="0.63648218" tId="0" fbRx="0.646482096" lbRx="0.64648218" />
<p fId="0" fbTx="0.63648218" lbTx="0.636483055" tId="1" fbRx="0.63648218" lbRx="0.636483055" />
<p fId="1" fbTx="0.636483055" lbTx="0.63648393" tId="4" fbRx="0.636483055" lbRx="0.63648393" />
<p fId="3" fbTx="0.636582096" lbTx="0.63658218" tId="0" fbRx="0.646582096" lbRx="0.64658218" />
<p fId="0" fbTx="0.63658218" lbTx="0.636583055" tId="1" fbRx="0.63658218" lbRx="0.636583055" />
<p fId="1" fbTx="0.636583055" lbTx="0.63658393" tId="4" fbRx="0.636583055" lbRx="0.63658393" />
<p fId="3" fbTx="0.636682096" lbTx="0.63668218" tId="0" fbRx="0.646682096" lbRx="0.64668218" />
<p fId="0" fbTx="0.63668218" lbTx="0.636683055" tId="1" fbRx="0.63668218" lbRx="0.636683055" />
<p fId="1" fbTx="0.636683055" lbTx="0.63668393" tId="4" fbRx="0.636683055" lbRx="0.63668393" />
<p fId="3" fbTx="0.636782096" lbTx="0.63678218" tId="0" fbRx="0.646782096" lbRx="0.64678218" />
<p fId="0" fbTx="0.63678218" lbTx="0.636783055" tId="1" fbRx="0.63678218" lbRx="0.636783055" />
<p fId="1" fbTx="0.636783055" lbTx="0.63678393" tId="4" fbRx="0.636783055" lbRx="0.63678393" />
<p fId="3" fbTx="0.636882096" lbTx="0.63688218" tId="0" fbRx="0.646882096" lbRx="0.64688218" />
<p fId="0" fbTx="0.63688218" lbTx="0.636883055" tId="1" fbRx="0.63688218" lbRx="0.636883055" />
<p fId="1" fbTx="0.636883055" lbTx="0.63688393" tId="4" fbRx="0.636883055" lbRx="0.63688393" />
<p fId="3" fbTx="0.636982096" lbTx="0.63698218" tId="0" fbRx="0.646982096" lbRx="0.64698218" />
<p fId="0" fbTx="0.63698218" lbTx="0.636983055" tId="1" fbRx="0.63698218" lbRx="0.636983055" />
<p fId="1" fbTx="0.636983055" lbTx="0.63698393" tId="4" fbRx="0.636983055" lbRx="0.63698393" />
<p fId="3" fbTx="0.637082096" lbTx="0.63708218" tId="0" fbRx="0.647082096" lbRx="0.64708218" />
<p fId="0" fbTx="0.63708218" lbTx="0.637083055" tId="1" fbRx="0.63708218" lbRx="0.637083055" />
<p fId="1" fbTx="0.637083055" lbTx="0.63708393" tId="4" fbRx="0.637083055" lbRx="0.63708393" />
<p fId="3" fbTx="0.637182096" lbTx="0.63718218" tId="0" fbRx="0.647182096" lbRx="0.64718218" />
<p fId="0" fbTx="0.63718218" lbTx="0.637183055" tId="1" fbRx="0.63718218" lbRx="0.637183055" />
<p fId="1" fbTx="0.637183055" lbTx="0.63718393" tId="4" fbRx="0.637183055" lbRx="0.63718393" />
<pr uId="615" fId="4" fbTx="0.637214286" />
<wpr uId="615" tId="5" fbRx="0.637214286" lbRx="0" />
<wpr uId="615" tId="6" fbRx="0.637214286" lbRx="0" />
<p fId="3" fbTx="0.637282096" lbTx="0.63728218" tId="0" fbRx="0.647282096" lbRx="0.64728218" />
<p fId="0" fbTx="0.63728218" lbTx="0.637283055" tId="1" fbRx="0.63728218" lbRx="0.637283055" />
<p fId="1" fbTx="0.637283055" lbTx="0.63728393" tId="4" fbRx="0.637283055" lbRx="0.63728393" />
<p fId="3" fbTx="0.637382096" lbTx="0.63738218" tId="0" fbRx="0.647382096" lbRx="0.64738218" />
<p fId="0" fbTx="0.63738218" lbTx="0.637383055" tId="1" fbRx="0.63738218" lbRx="0.637383055" />
<p fId="1" fbTx="0.637383055" lbTx="0.63738393" tId="4" fbRx="0.637383055" lbRx="0.63738393" />
<p fId="3" fbTx="0.637482096" lbTx="0.63748218" tId="0" fbRx="0.647482096" lbRx="0.64748218" />
<p fId="0" fbTx="0.63748218" lbTx="0.637483055" tId="1" fbRx="0.63748218" lbRx="0.637483055" />
<p fId="1" fbTx="0.637483055" lbTx="0.63748393" tId="4" fbRx="0.637483055" lbRx="0.63748393" />
<p fId="3" fbTx="0.637582096" lbTx="0.63758218" tId="0" fbRx="0.647582096" lbRx="0.64758218" />
<p fId="0" fbTx="0.63758218" lbTx="0.637583055" tId="1" fbRx="0.63758218" lbRx="0.637583055" />
<p fId="1" fbTx="0.637583055" lbTx="0.63758393" tId="4" fbRx="0.637583055" lbRx="0.63758393" />
<p fId="3" fbTx="0.637682096" lbTx="0.63768218" tId="0" fbRx="0.647682096" lbRx="0.64768218" />
<p fId="0" fbTx="0.63768218" lbTx="0.637683055" tId="1" fbRx="0.63768218" lbRx="0.637683055" />
<p fId="1" fbTx="0.637683055" lbTx="0.63768393" tId="4" fbRx="0.637683055" lbRx="0.63768393" />
<p fId="3" fbTx="0.637782096" lbTx="0.63778218" tId="0" fbRx="0.647782096" lbRx="0.64778218" />
<p fId="0" fbTx="0.63778218" lbTx="0.637783055" tId="1" fbRx="0.63778218" lbRx="0.637783055" />
<p fId="1" fbTx="0.637783055" lbTx="0.63778393" tId="4" fbRx="0.637783055" lbRx="0.63778393" />
<p fId="3" fbTx="0.637882096" lbTx="0.63788218" tId="0" fbRx="0.647882096" lbRx="0.64788218" />
<p fId="0" fbTx="0.63788218" lbTx="0.637883055" tId="1" fbRx="0.63788218" lbRx="0.637883055" />
<p fId="1" fbTx="0.637883055" lbTx="0.63788393" tId="4" fbRx="0.637883055" lbRx="0.63788393" />
<p fId="3" fbTx="0.637982096" lbTx="0.63798218" tId="0" fbRx="0.647982096" lbRx="0.64798218" />
<p fId="0" fbTx="0.63798218" lbTx="0.637983055" tId="1" fbRx="0.63798218" lbRx="0.637983055" />
<p fId="1" fbTx="0.637983055" lbTx="0.63798393" tId="4" fbRx="0.637983055" lbRx="0.63798393" />
<p fId="3" fbTx="0.638082096" lbTx="0.63808218" tId="0" fbRx="0.648082096" lbRx="0.64808218" />
<p fId="0" fbTx="0.63808218" lbTx="0.638083055" tId="1" fbRx="0.63808218" lbRx="0.638083055" />
<p fId="1" fbTx="0.638083055" lbTx="0.63808393" tId="4" fbRx="0.638083055" lbRx="0.63808393" />
<p fId="3" fbTx="0.638182096" lbTx="0.63818218" tId="0" fbRx="0.648182096" lbRx="0.64818218" />
<p fId="0" fbTx="0.63818218" lbTx="0.638183055" tId="1" fbRx="0.63818218" lbRx="0.638183055" />
<p fId="1" fbTx="0.638183055" lbTx="0.63818393" tId="4" fbRx="0.638183055" lbRx="0.63818393" />
<pr uId="616" fId="4" fbTx="0.638214286" />
<wpr uId="616" tId="5" fbRx="0.638214286" lbRx="0" />
<wpr uId="616" tId="6" fbRx="0.638214286" lbRx="0" />
<p fId="3" fbTx="0.638282096" lbTx="0.63828218" tId="0" fbRx="0.648282096" lbRx="0.64828218" />
<p fId="0" fbTx="0.63828218" lbTx="0.638283055" tId="1" fbRx="0.63828218" lbRx="0.638283055" />
<p fId="1" fbTx="0.638283055" lbTx="0.63828393" tId="4" fbRx="0.638283055" lbRx="0.63828393" />
<p fId="3" fbTx="0.638382096" lbTx="0.63838218" tId="0" fbRx="0.648382096" lbRx="0.64838218" />
<p fId="0" fbTx="0.63838218" lbTx="0.638383055" tId="1" fbRx="0.63838218" lbRx="0.638383055" />
<p fId="1" fbTx="0.638383055" lbTx="0.63838393" tId="4" fbRx="0.638383055" lbRx="0.63838393" />
<p fId="3" fbTx="0.638482096" lbTx="0.63848218" tId="0" fbRx="0.648482096" lbRx="0.64848218" />
<p fId="0" fbTx="0.63848218" lbTx="0.638483055" tId="1" fbRx="0.63848218" lbRx="0.638483055" />
<p fId="1" fbTx="0.638483055" lbTx="0.63848393" tId="4" fbRx="0.638483055" lbRx="0.63848393" />
<p fId="3" fbTx="0.638582096" lbTx="0.63858218" tId="0" fbRx="0.648582096" lbRx="0.64858218" />
<p fId="0" fbTx="0.63858218" lbTx="0.638583055" tId="1" fbRx="0.63858218" lbRx="0.638583055" />
<p fId="1" fbTx="0.638583055" lbTx="0.63858393" tId="4" fbRx="0.638583055" lbRx="0.63858393" />
<p fId="3" fbTx="0.638682096" lbTx="0.63868218" tId="0" fbRx="0.648682096" lbRx="0.64868218" />
<p fId="0" fbTx="0.63868218" lbTx="0.638683055" tId="1" fbRx="0.63868218" lbRx="0.638683055" />
<p fId="1" fbTx="0.638683055" lbTx="0.63868393" tId="4" fbRx="0.638683055" lbRx="0.63868393" />
<p fId="3" fbTx="0.638782096" lbTx="0.63878218" tId="0" fbRx="0.648782096" lbRx="0.64878218" />
<p fId="0" fbTx="0.63878218" lbTx="0.638783055" tId="1" fbRx="0.63878218" lbRx="0.638783055" />
<p fId="1" fbTx="0.638783055" lbTx="0.63878393" tId="4" fbRx="0.638783055" lbRx="0.63878393" />
<p fId="3" fbTx="0.638882096" lbTx="0.63888218" tId="0" fbRx="0.648882096" lbRx="0.64888218" />
<p fId="0" fbTx="0.63888218" lbTx="0.638883055" tId="1" fbRx="0.63888218" lbRx="0.638883055" />
<p fId="1" fbTx="0.638883055" lbTx="0.63888393" tId="4" fbRx="0.638883055" lbRx="0.63888393" />
<p fId="3" fbTx="0.638982096" lbTx="0.63898218" tId="0" fbRx="0.648982096" lbRx="0.64898218" />
<p fId="0" fbTx="0.63898218" lbTx="0.638983055" tId="1" fbRx="0.63898218" lbRx="0.638983055" />
<p fId="1" fbTx="0.638983055" lbTx="0.63898393" tId="4" fbRx="0.638983055" lbRx="0.63898393" />
<p fId="3" fbTx="0.639082096" lbTx="0.63908218" tId="0" fbRx="0.649082096" lbRx="0.64908218" />
<p fId="0" fbTx="0.63908218" lbTx="0.639083055" tId="1" fbRx="0.63908218" lbRx="0.639083055" />
<p fId="1" fbTx="0.639083055" lbTx="0.63908393" tId="4" fbRx="0.639083055" lbRx="0.63908393" />
<p fId="3" fbTx="0.639182096" lbTx="0.63918218" tId="0" fbRx="0.649182096" lbRx="0.64918218" />
<p fId="0" fbTx="0.63918218" lbTx="0.639183055" tId="1" fbRx="0.63918218" lbRx="0.639183055" />
<p fId="1" fbTx="0.639183055" lbTx="0.63918393" tId="4" fbRx="0.639183055" lbRx="0.63918393" />
<pr uId="617" fId="4" fbTx="0.639214286" />
<wpr uId="617" tId="5" fbRx="0.639214286" lbRx="0" />
<wpr uId="617" tId="6" fbRx="0.639214286" lbRx="0" />
<p fId="3" fbTx="0.639282096" lbTx="0.63928218" tId="0" fbRx="0.649282096" lbRx="0.64928218" />
<p fId="0" fbTx="0.63928218" lbTx="0.639283055" tId="1" fbRx="0.63928218" lbRx="0.639283055" />
<p fId="1" fbTx="0.639283055" lbTx="0.63928393" tId="4" fbRx="0.639283055" lbRx="0.63928393" />
<p fId="3" fbTx="0.639382096" lbTx="0.63938218" tId="0" fbRx="0.649382096" lbRx="0.64938218" />
<p fId="0" fbTx="0.63938218" lbTx="0.639383055" tId="1" fbRx="0.63938218" lbRx="0.639383055" />
<p fId="1" fbTx="0.639383055" lbTx="0.63938393" tId="4" fbRx="0.639383055" lbRx="0.63938393" />
<p fId="3" fbTx="0.639482096" lbTx="0.63948218" tId="0" fbRx="0.649482096" lbRx="0.64948218" />
<p fId="0" fbTx="0.63948218" lbTx="0.639483055" tId="1" fbRx="0.63948218" lbRx="0.639483055" />
<p fId="1" fbTx="0.639483055" lbTx="0.63948393" tId="4" fbRx="0.639483055" lbRx="0.63948393" />
<p fId="3" fbTx="0.639582096" lbTx="0.63958218" tId="0" fbRx="0.649582096" lbRx="0.64958218" />
<p fId="0" fbTx="0.63958218" lbTx="0.639583055" tId="1" fbRx="0.63958218" lbRx="0.639583055" />
<p fId="1" fbTx="0.639583055" lbTx="0.63958393" tId="4" fbRx="0.639583055" lbRx="0.63958393" />
<p fId="3" fbTx="0.639682096" lbTx="0.63968218" tId="0" fbRx="0.649682096" lbRx="0.64968218" />
<p fId="0" fbTx="0.63968218" lbTx="0.639683055" tId="1" fbRx="0.63968218" lbRx="0.639683055" />
<p fId="1" fbTx="0.639683055" lbTx="0.63968393" tId="4" fbRx="0.639683055" lbRx="0.63968393" />
<p fId="3" fbTx="0.639782096" lbTx="0.63978218" tId="0" fbRx="0.649782096" lbRx="0.64978218" />
<p fId="0" fbTx="0.63978218" lbTx="0.639783055" tId="1" fbRx="0.63978218" lbRx="0.639783055" />
<p fId="1" fbTx="0.639783055" lbTx="0.63978393" tId="4" fbRx="0.639783055" lbRx="0.63978393" />
<p fId="3" fbTx="0.639882096" lbTx="0.63988218" tId="0" fbRx="0.649882096" lbRx="0.64988218" />
<p fId="0" fbTx="0.63988218" lbTx="0.639883055" tId="1" fbRx="0.63988218" lbRx="0.639883055" />
<p fId="1" fbTx="0.639883055" lbTx="0.63988393" tId="4" fbRx="0.639883055" lbRx="0.63988393" />
<p fId="3" fbTx="0.639982096" lbTx="0.63998218" tId="0" fbRx="0.649982096" lbRx="0.64998218" />
<p fId="0" fbTx="0.63998218" lbTx="0.639983055" tId="1" fbRx="0.63998218" lbRx="0.639983055" />
<p fId="1" fbTx="0.639983055" lbTx="0.63998393" tId="4" fbRx="0.639983055" lbRx="0.63998393" />
<p fId="3" fbTx="0.640082096" lbTx="0.64008218" tId="0" fbRx="0.650082096" lbRx="0.65008218" />
<p fId="0" fbTx="0.64008218" lbTx="0.640083055" tId="1" fbRx="0.64008218" lbRx="0.640083055" />
<p fId="1" fbTx="0.640083055" lbTx="0.64008393" tId="4" fbRx="0.640083055" lbRx="0.64008393" />
<p fId="3" fbTx="0.640182096" lbTx="0.64018218" tId="0" fbRx="0.650182096" lbRx="0.65018218" />
<p fId="0" fbTx="0.64018218" lbTx="0.640183055" tId="1" fbRx="0.64018218" lbRx="0.640183055" />
<p fId="1" fbTx="0.640183055" lbTx="0.64018393" tId="4" fbRx="0.640183055" lbRx="0.64018393" />
<pr uId="618" fId="4" fbTx="0.640214286" />
<wpr uId="618" tId="5" fbRx="0.640214286" lbRx="0" />
<wpr uId="618" tId="6" fbRx="0.640214286" lbRx="0" />
<p fId="3" fbTx="0.640282096" lbTx="0.64028218" tId="0" fbRx="0.650282096" lbRx="0.65028218" />
<p fId="0" fbTx="0.64028218" lbTx="0.640283055" tId="1" fbRx="0.64028218" lbRx="0.640283055" />
<p fId="1" fbTx="0.640283055" lbTx="0.64028393" tId="4" fbRx="0.640283055" lbRx="0.64028393" />
<p fId="3" fbTx="0.640382096" lbTx="0.64038218" tId="0" fbRx="0.650382096" lbRx="0.65038218" />
<p fId="0" fbTx="0.64038218" lbTx="0.640383055" tId="1" fbRx="0.64038218" lbRx="0.640383055" />
<p fId="1" fbTx="0.640383055" lbTx="0.64038393" tId="4" fbRx="0.640383055" lbRx="0.64038393" />
<p fId="3" fbTx="0.640482096" lbTx="0.64048218" tId="0" fbRx="0.650482096" lbRx="0.65048218" />
<p fId="0" fbTx="0.64048218" lbTx="0.640483055" tId="1" fbRx="0.64048218" lbRx="0.640483055" />
<p fId="1" fbTx="0.640483055" lbTx="0.64048393" tId="4" fbRx="0.640483055" lbRx="0.64048393" />
<p fId="3" fbTx="0.640582096" lbTx="0.64058218" tId="0" fbRx="0.650582096" lbRx="0.65058218" />
<p fId="0" fbTx="0.64058218" lbTx="0.640583055" tId="1" fbRx="0.64058218" lbRx="0.640583055" />
<p fId="1" fbTx="0.640583055" lbTx="0.64058393" tId="4" fbRx="0.640583055" lbRx="0.64058393" />
<p fId="3" fbTx="0.640682096" lbTx="0.64068218" tId="0" fbRx="0.650682096" lbRx="0.65068218" />
<p fId="0" fbTx="0.64068218" lbTx="0.640683055" tId="1" fbRx="0.64068218" lbRx="0.640683055" />
<p fId="1" fbTx="0.640683055" lbTx="0.64068393" tId="4" fbRx="0.640683055" lbRx="0.64068393" />
<p fId="3" fbTx="0.640782096" lbTx="0.64078218" tId="0" fbRx="0.650782096" lbRx="0.65078218" />
<p fId="0" fbTx="0.64078218" lbTx="0.640783055" tId="1" fbRx="0.64078218" lbRx="0.640783055" />
<p fId="1" fbTx="0.640783055" lbTx="0.64078393" tId="4" fbRx="0.640783055" lbRx="0.64078393" />
<p fId="3" fbTx="0.640882096" lbTx="0.64088218" tId="0" fbRx="0.650882096" lbRx="0.65088218" />
<p fId="0" fbTx="0.64088218" lbTx="0.640883055" tId="1" fbRx="0.64088218" lbRx="0.640883055" />
<p fId="1" fbTx="0.640883055" lbTx="0.64088393" tId="4" fbRx="0.640883055" lbRx="0.64088393" />
<p fId="3" fbTx="0.640982096" lbTx="0.64098218" tId="0" fbRx="0.650982096" lbRx="0.65098218" />
<p fId="0" fbTx="0.64098218" lbTx="0.640983055" tId="1" fbRx="0.64098218" lbRx="0.640983055" />
<p fId="1" fbTx="0.640983055" lbTx="0.64098393" tId="4" fbRx="0.640983055" lbRx="0.64098393" />
<p fId="3" fbTx="0.641082096" lbTx="0.64108218" tId="0" fbRx="0.651082096" lbRx="0.65108218" />
<p fId="0" fbTx="0.64108218" lbTx="0.641083055" tId="1" fbRx="0.64108218" lbRx="0.641083055" />
<p fId="1" fbTx="0.641083055" lbTx="0.64108393" tId="4" fbRx="0.641083055" lbRx="0.64108393" />
<p fId="3" fbTx="0.641182096" lbTx="0.64118218" tId="0" fbRx="0.651182096" lbRx="0.65118218" />
<p fId="0" fbTx="0.64118218" lbTx="0.641183055" tId="1" fbRx="0.64118218" lbRx="0.641183055" />
<p fId="1" fbTx="0.641183055" lbTx="0.64118393" tId="4" fbRx="0.641183055" lbRx="0.64118393" />
<pr uId="619" fId="4" fbTx="0.641214286" />
<wpr uId="619" tId="5" fbRx="0.641214286" lbRx="0" />
<wpr uId="619" tId="6" fbRx="0.641214286" lbRx="0" />
<p fId="3" fbTx="0.641282096" lbTx="0.64128218" tId="0" fbRx="0.651282096" lbRx="0.65128218" />
<p fId="0" fbTx="0.64128218" lbTx="0.641283055" tId="1" fbRx="0.64128218" lbRx="0.641283055" />
<p fId="1" fbTx="0.641283055" lbTx="0.64128393" tId="4" fbRx="0.641283055" lbRx="0.64128393" />
<p fId="3" fbTx="0.641382096" lbTx="0.64138218" tId="0" fbRx="0.651382096" lbRx="0.65138218" />
<p fId="0" fbTx="0.64138218" lbTx="0.641383055" tId="1" fbRx="0.64138218" lbRx="0.641383055" />
<p fId="1" fbTx="0.641383055" lbTx="0.64138393" tId="4" fbRx="0.641383055" lbRx="0.64138393" />
<p fId="3" fbTx="0.641482096" lbTx="0.64148218" tId="0" fbRx="0.651482096" lbRx="0.65148218" />
<p fId="0" fbTx="0.64148218" lbTx="0.641483055" tId="1" fbRx="0.64148218" lbRx="0.641483055" />
<p fId="1" fbTx="0.641483055" lbTx="0.64148393" tId="4" fbRx="0.641483055" lbRx="0.64148393" />
<p fId="3" fbTx="0.641582096" lbTx="0.64158218" tId="0" fbRx="0.651582096" lbRx="0.65158218" />
<p fId="0" fbTx="0.64158218" lbTx="0.641583055" tId="1" fbRx="0.64158218" lbRx="0.641583055" />
<p fId="1" fbTx="0.641583055" lbTx="0.64158393" tId="4" fbRx="0.641583055" lbRx="0.64158393" />
<p fId="3" fbTx="0.641682096" lbTx="0.64168218" tId="0" fbRx="0.651682096" lbRx="0.65168218" />
<p fId="0" fbTx="0.64168218" lbTx="0.641683055" tId="1" fbRx="0.64168218" lbRx="0.641683055" />
<p fId="1" fbTx="0.641683055" lbTx="0.64168393" tId="4" fbRx="0.641683055" lbRx="0.64168393" />
<p fId="3" fbTx="0.641782096" lbTx="0.64178218" tId="0" fbRx="0.651782096" lbRx="0.65178218" />
<p fId="0" fbTx="0.64178218" lbTx="0.641783055" tId="1" fbRx="0.64178218" lbRx="0.641783055" />
<p fId="1" fbTx="0.641783055" lbTx="0.64178393" tId="4" fbRx="0.641783055" lbRx="0.64178393" />
<p fId="3" fbTx="0.641882096" lbTx="0.64188218" tId="0" fbRx="0.651882096" lbRx="0.65188218" />
<p fId="0" fbTx="0.64188218" lbTx="0.641883055" tId="1" fbRx="0.64188218" lbRx="0.641883055" />
<p fId="1" fbTx="0.641883055" lbTx="0.64188393" tId="4" fbRx="0.641883055" lbRx="0.64188393" />
<p fId="3" fbTx="0.641982096" lbTx="0.64198218" tId="0" fbRx="0.651982096" lbRx="0.65198218" />
<p fId="0" fbTx="0.64198218" lbTx="0.641983055" tId="1" fbRx="0.64198218" lbRx="0.641983055" />
<p fId="1" fbTx="0.641983055" lbTx="0.64198393" tId="4" fbRx="0.641983055" lbRx="0.64198393" />
<p fId="3" fbTx="0.642082096" lbTx="0.64208218" tId="0" fbRx="0.652082096" lbRx="0.65208218" />
<p fId="0" fbTx="0.64208218" lbTx="0.642083055" tId="1" fbRx="0.64208218" lbRx="0.642083055" />
<p fId="1" fbTx="0.642083055" lbTx="0.64208393" tId="4" fbRx="0.642083055" lbRx="0.64208393" />
<p fId="3" fbTx="0.642182096" lbTx="0.64218218" tId="0" fbRx="0.652182096" lbRx="0.65218218" />
<p fId="0" fbTx="0.64218218" lbTx="0.642183055" tId="1" fbRx="0.64218218" lbRx="0.642183055" />
<p fId="1" fbTx="0.642183055" lbTx="0.64218393" tId="4" fbRx="0.642183055" lbRx="0.64218393" />
<pr uId="620" fId="4" fbTx="0.642214286" />
<wpr uId="620" tId="5" fbRx="0.642214286" lbRx="0" />
<wpr uId="620" tId="6" fbRx="0.642214286" lbRx="0" />
<p fId="3" fbTx="0.642282096" lbTx="0.64228218" tId="0" fbRx="0.652282096" lbRx="0.65228218" />
<p fId="0" fbTx="0.64228218" lbTx="0.642283055" tId="1" fbRx="0.64228218" lbRx="0.642283055" />
<p fId="1" fbTx="0.642283055" lbTx="0.64228393" tId="4" fbRx="0.642283055" lbRx="0.64228393" />
<p fId="3" fbTx="0.642382096" lbTx="0.64238218" tId="0" fbRx="0.652382096" lbRx="0.65238218" />
<p fId="0" fbTx="0.64238218" lbTx="0.642383055" tId="1" fbRx="0.64238218" lbRx="0.642383055" />
<p fId="1" fbTx="0.642383055" lbTx="0.64238393" tId="4" fbRx="0.642383055" lbRx="0.64238393" />
<p fId="3" fbTx="0.642482096" lbTx="0.64248218" tId="0" fbRx="0.652482096" lbRx="0.65248218" />
<p fId="0" fbTx="0.64248218" lbTx="0.642483055" tId="1" fbRx="0.64248218" lbRx="0.642483055" />
<p fId="1" fbTx="0.642483055" lbTx="0.64248393" tId="4" fbRx="0.642483055" lbRx="0.64248393" />
<p fId="3" fbTx="0.642582096" lbTx="0.64258218" tId="0" fbRx="0.652582096" lbRx="0.65258218" />
<p fId="0" fbTx="0.64258218" lbTx="0.642583055" tId="1" fbRx="0.64258218" lbRx="0.642583055" />
<p fId="1" fbTx="0.642583055" lbTx="0.64258393" tId="4" fbRx="0.642583055" lbRx="0.64258393" />
<p fId="3" fbTx="0.642682096" lbTx="0.64268218" tId="0" fbRx="0.652682096" lbRx="0.65268218" />
<p fId="0" fbTx="0.64268218" lbTx="0.642683055" tId="1" fbRx="0.64268218" lbRx="0.642683055" />
<p fId="1" fbTx="0.642683055" lbTx="0.64268393" tId="4" fbRx="0.642683055" lbRx="0.64268393" />
<p fId="3" fbTx="0.642782096" lbTx="0.64278218" tId="0" fbRx="0.652782096" lbRx="0.65278218" />
<p fId="0" fbTx="0.64278218" lbTx="0.642783055" tId="1" fbRx="0.64278218" lbRx="0.642783055" />
<p fId="1" fbTx="0.642783055" lbTx="0.64278393" tId="4" fbRx="0.642783055" lbRx="0.64278393" />
<p fId="3" fbTx="0.642882096" lbTx="0.64288218" tId="0" fbRx="0.652882096" lbRx="0.65288218" />
<p fId="0" fbTx="0.64288218" lbTx="0.642883055" tId="1" fbRx="0.64288218" lbRx="0.642883055" />
<p fId="1" fbTx="0.642883055" lbTx="0.64288393" tId="4" fbRx="0.642883055" lbRx="0.64288393" />
<p fId="3" fbTx="0.642982096" lbTx="0.64298218" tId="0" fbRx="0.652982096" lbRx="0.65298218" />
<p fId="0" fbTx="0.64298218" lbTx="0.642983055" tId="1" fbRx="0.64298218" lbRx="0.642983055" />
<p fId="1" fbTx="0.642983055" lbTx="0.64298393" tId="4" fbRx="0.642983055" lbRx="0.64298393" />
<p fId="3" fbTx="0.643082096" lbTx="0.64308218" tId="0" fbRx="0.653082096" lbRx="0.65308218" />
<p fId="0" fbTx="0.64308218" lbTx="0.643083055" tId="1" fbRx="0.64308218" lbRx="0.643083055" />
<p fId="1" fbTx="0.643083055" lbTx="0.64308393" tId="4" fbRx="0.643083055" lbRx="0.64308393" />
<p fId="3" fbTx="0.643182096" lbTx="0.64318218" tId="0" fbRx="0.653182096" lbRx="0.65318218" />
<p fId="0" fbTx="0.64318218" lbTx="0.643183055" tId="1" fbRx="0.64318218" lbRx="0.643183055" />
<p fId="1" fbTx="0.643183055" lbTx="0.64318393" tId="4" fbRx="0.643183055" lbRx="0.64318393" />
<pr uId="621" fId="4" fbTx="0.643214286" />
<wpr uId="621" tId="5" fbRx="0.643214286" lbRx="0" />
<wpr uId="621" tId="6" fbRx="0.643214286" lbRx="0" />
<p fId="3" fbTx="0.643282096" lbTx="0.64328218" tId="0" fbRx="0.653282096" lbRx="0.65328218" />
<p fId="0" fbTx="0.64328218" lbTx="0.643283055" tId="1" fbRx="0.64328218" lbRx="0.643283055" />
<p fId="1" fbTx="0.643283055" lbTx="0.64328393" tId="4" fbRx="0.643283055" lbRx="0.64328393" />
<p fId="3" fbTx="0.643382096" lbTx="0.64338218" tId="0" fbRx="0.653382096" lbRx="0.65338218" />
<p fId="0" fbTx="0.64338218" lbTx="0.643383055" tId="1" fbRx="0.64338218" lbRx="0.643383055" />
<p fId="1" fbTx="0.643383055" lbTx="0.64338393" tId="4" fbRx="0.643383055" lbRx="0.64338393" />
<p fId="3" fbTx="0.643482096" lbTx="0.64348218" tId="0" fbRx="0.653482096" lbRx="0.65348218" />
<p fId="0" fbTx="0.64348218" lbTx="0.643483055" tId="1" fbRx="0.64348218" lbRx="0.643483055" />
<p fId="1" fbTx="0.643483055" lbTx="0.64348393" tId="4" fbRx="0.643483055" lbRx="0.64348393" />
<p fId="3" fbTx="0.643582096" lbTx="0.64358218" tId="0" fbRx="0.653582096" lbRx="0.65358218" />
<p fId="0" fbTx="0.64358218" lbTx="0.643583055" tId="1" fbRx="0.64358218" lbRx="0.643583055" />
<p fId="1" fbTx="0.643583055" lbTx="0.64358393" tId="4" fbRx="0.643583055" lbRx="0.64358393" />
<p fId="3" fbTx="0.643682096" lbTx="0.64368218" tId="0" fbRx="0.653682096" lbRx="0.65368218" />
<p fId="0" fbTx="0.64368218" lbTx="0.643683055" tId="1" fbRx="0.64368218" lbRx="0.643683055" />
<p fId="1" fbTx="0.643683055" lbTx="0.64368393" tId="4" fbRx="0.643683055" lbRx="0.64368393" />
<p fId="3" fbTx="0.643782096" lbTx="0.64378218" tId="0" fbRx="0.653782096" lbRx="0.65378218" />
<p fId="0" fbTx="0.64378218" lbTx="0.643783055" tId="1" fbRx="0.64378218" lbRx="0.643783055" />
<p fId="1" fbTx="0.643783055" lbTx="0.64378393" tId="4" fbRx="0.643783055" lbRx="0.64378393" />
<p fId="3" fbTx="0.643882096" lbTx="0.64388218" tId="0" fbRx="0.653882096" lbRx="0.65388218" />
<p fId="0" fbTx="0.64388218" lbTx="0.643883055" tId="1" fbRx="0.64388218" lbRx="0.643883055" />
<p fId="1" fbTx="0.643883055" lbTx="0.64388393" tId="4" fbRx="0.643883055" lbRx="0.64388393" />
<p fId="3" fbTx="0.643982096" lbTx="0.64398218" tId="0" fbRx="0.653982096" lbRx="0.65398218" />
<p fId="0" fbTx="0.64398218" lbTx="0.643983055" tId="1" fbRx="0.64398218" lbRx="0.643983055" />
<p fId="1" fbTx="0.643983055" lbTx="0.64398393" tId="4" fbRx="0.643983055" lbRx="0.64398393" />
<p fId="3" fbTx="0.644082096" lbTx="0.64408218" tId="0" fbRx="0.654082096" lbRx="0.65408218" />
<p fId="0" fbTx="0.64408218" lbTx="0.644083055" tId="1" fbRx="0.64408218" lbRx="0.644083055" />
<p fId="1" fbTx="0.644083055" lbTx="0.64408393" tId="4" fbRx="0.644083055" lbRx="0.64408393" />
<p fId="3" fbTx="0.644182096" lbTx="0.64418218" tId="0" fbRx="0.654182096" lbRx="0.65418218" />
<p fId="0" fbTx="0.64418218" lbTx="0.644183055" tId="1" fbRx="0.64418218" lbRx="0.644183055" />
<p fId="1" fbTx="0.644183055" lbTx="0.64418393" tId="4" fbRx="0.644183055" lbRx="0.64418393" />
<pr uId="622" fId="4" fbTx="0.644214286" />
<wpr uId="622" tId="5" fbRx="0.644214286" lbRx="0" />
<wpr uId="622" tId="6" fbRx="0.644214286" lbRx="0" />
<p fId="3" fbTx="0.644282096" lbTx="0.64428218" tId="0" fbRx="0.654282096" lbRx="0.65428218" />
<p fId="0" fbTx="0.64428218" lbTx="0.644283055" tId="1" fbRx="0.64428218" lbRx="0.644283055" />
<p fId="1" fbTx="0.644283055" lbTx="0.64428393" tId="4" fbRx="0.644283055" lbRx="0.64428393" />
<p fId="3" fbTx="0.644382096" lbTx="0.64438218" tId="0" fbRx="0.654382096" lbRx="0.65438218" />
<p fId="0" fbTx="0.64438218" lbTx="0.644383055" tId="1" fbRx="0.64438218" lbRx="0.644383055" />
<p fId="1" fbTx="0.644383055" lbTx="0.64438393" tId="4" fbRx="0.644383055" lbRx="0.64438393" />
<p fId="3" fbTx="0.644482096" lbTx="0.64448218" tId="0" fbRx="0.654482096" lbRx="0.65448218" />
<p fId="0" fbTx="0.64448218" lbTx="0.644483055" tId="1" fbRx="0.64448218" lbRx="0.644483055" />
<p fId="1" fbTx="0.644483055" lbTx="0.64448393" tId="4" fbRx="0.644483055" lbRx="0.64448393" />
<p fId="3" fbTx="0.644582096" lbTx="0.64458218" tId="0" fbRx="0.654582096" lbRx="0.65458218" />
<p fId="0" fbTx="0.64458218" lbTx="0.644583055" tId="1" fbRx="0.64458218" lbRx="0.644583055" />
<p fId="1" fbTx="0.644583055" lbTx="0.64458393" tId="4" fbRx="0.644583055" lbRx="0.64458393" />
<p fId="3" fbTx="0.644682096" lbTx="0.64468218" tId="0" fbRx="0.654682096" lbRx="0.65468218" />
<p fId="0" fbTx="0.64468218" lbTx="0.644683055" tId="1" fbRx="0.64468218" lbRx="0.644683055" />
<p fId="1" fbTx="0.644683055" lbTx="0.64468393" tId="4" fbRx="0.644683055" lbRx="0.64468393" />
<p fId="3" fbTx="0.644782096" lbTx="0.64478218" tId="0" fbRx="0.654782096" lbRx="0.65478218" />
<p fId="0" fbTx="0.64478218" lbTx="0.644783055" tId="1" fbRx="0.64478218" lbRx="0.644783055" />
<p fId="1" fbTx="0.644783055" lbTx="0.64478393" tId="4" fbRx="0.644783055" lbRx="0.64478393" />
<p fId="3" fbTx="0.644882096" lbTx="0.64488218" tId="0" fbRx="0.654882096" lbRx="0.65488218" />
<p fId="0" fbTx="0.64488218" lbTx="0.644883055" tId="1" fbRx="0.64488218" lbRx="0.644883055" />
<p fId="1" fbTx="0.644883055" lbTx="0.64488393" tId="4" fbRx="0.644883055" lbRx="0.64488393" />
<p fId="3" fbTx="0.644982096" lbTx="0.64498218" tId="0" fbRx="0.654982096" lbRx="0.65498218" />
<p fId="0" fbTx="0.64498218" lbTx="0.644983055" tId="1" fbRx="0.64498218" lbRx="0.644983055" />
<p fId="1" fbTx="0.644983055" lbTx="0.64498393" tId="4" fbRx="0.644983055" lbRx="0.64498393" />
<p fId="3" fbTx="0.645082096" lbTx="0.64508218" tId="0" fbRx="0.655082096" lbRx="0.65508218" />
<p fId="0" fbTx="0.64508218" lbTx="0.645083055" tId="1" fbRx="0.64508218" lbRx="0.645083055" />
<p fId="1" fbTx="0.645083055" lbTx="0.64508393" tId="4" fbRx="0.645083055" lbRx="0.64508393" />
<p fId="3" fbTx="0.645182096" lbTx="0.64518218" tId="0" fbRx="0.655182096" lbRx="0.65518218" />
<p fId="0" fbTx="0.64518218" lbTx="0.645183055" tId="1" fbRx="0.64518218" lbRx="0.645183055" />
<p fId="1" fbTx="0.645183055" lbTx="0.64518393" tId="4" fbRx="0.645183055" lbRx="0.64518393" />
<pr uId="623" fId="4" fbTx="0.645214286" />
<wpr uId="623" tId="5" fbRx="0.645214286" lbRx="0" />
<wpr uId="623" tId="6" fbRx="0.645214286" lbRx="0" />
<p fId="3" fbTx="0.645282096" lbTx="0.64528218" tId="0" fbRx="0.655282096" lbRx="0.65528218" />
<p fId="0" fbTx="0.64528218" lbTx="0.645283055" tId="1" fbRx="0.64528218" lbRx="0.645283055" />
<p fId="1" fbTx="0.645283055" lbTx="0.64528393" tId="4" fbRx="0.645283055" lbRx="0.64528393" />
<p fId="3" fbTx="0.645382096" lbTx="0.64538218" tId="0" fbRx="0.655382096" lbRx="0.65538218" />
<p fId="0" fbTx="0.64538218" lbTx="0.645383055" tId="1" fbRx="0.64538218" lbRx="0.645383055" />
<p fId="1" fbTx="0.645383055" lbTx="0.64538393" tId="4" fbRx="0.645383055" lbRx="0.64538393" />
<p fId="3" fbTx="0.645482096" lbTx="0.64548218" tId="0" fbRx="0.655482096" lbRx="0.65548218" />
<p fId="0" fbTx="0.64548218" lbTx="0.645483055" tId="1" fbRx="0.64548218" lbRx="0.645483055" />
<p fId="1" fbTx="0.645483055" lbTx="0.64548393" tId="4" fbRx="0.645483055" lbRx="0.64548393" />
<p fId="3" fbTx="0.645582096" lbTx="0.64558218" tId="0" fbRx="0.655582096" lbRx="0.65558218" />
<p fId="0" fbTx="0.64558218" lbTx="0.645583055" tId="1" fbRx="0.64558218" lbRx="0.645583055" />
<p fId="1" fbTx="0.645583055" lbTx="0.64558393" tId="4" fbRx="0.645583055" lbRx="0.64558393" />
<p fId="3" fbTx="0.645682096" lbTx="0.64568218" tId="0" fbRx="0.655682096" lbRx="0.65568218" />
<p fId="0" fbTx="0.64568218" lbTx="0.645683055" tId="1" fbRx="0.64568218" lbRx="0.645683055" />
<p fId="1" fbTx="0.645683055" lbTx="0.64568393" tId="4" fbRx="0.645683055" lbRx="0.64568393" />
<p fId="3" fbTx="0.645782096" lbTx="0.64578218" tId="0" fbRx="0.655782096" lbRx="0.65578218" />
<p fId="0" fbTx="0.64578218" lbTx="0.645783055" tId="1" fbRx="0.64578218" lbRx="0.645783055" />
<p fId="1" fbTx="0.645783055" lbTx="0.64578393" tId="4" fbRx="0.645783055" lbRx="0.64578393" />
<p fId="3" fbTx="0.645882096" lbTx="0.64588218" tId="0" fbRx="0.655882096" lbRx="0.65588218" />
<p fId="0" fbTx="0.64588218" lbTx="0.645883055" tId="1" fbRx="0.64588218" lbRx="0.645883055" />
<p fId="1" fbTx="0.645883055" lbTx="0.64588393" tId="4" fbRx="0.645883055" lbRx="0.64588393" />
<p fId="3" fbTx="0.645982096" lbTx="0.64598218" tId="0" fbRx="0.655982096" lbRx="0.65598218" />
<p fId="0" fbTx="0.64598218" lbTx="0.645983055" tId="1" fbRx="0.64598218" lbRx="0.645983055" />
<p fId="1" fbTx="0.645983055" lbTx="0.64598393" tId="4" fbRx="0.645983055" lbRx="0.64598393" />
<p fId="3" fbTx="0.646082096" lbTx="0.64608218" tId="0" fbRx="0.656082096" lbRx="0.65608218" />
<p fId="0" fbTx="0.64608218" lbTx="0.646083055" tId="1" fbRx="0.64608218" lbRx="0.646083055" />
<p fId="1" fbTx="0.646083055" lbTx="0.64608393" tId="4" fbRx="0.646083055" lbRx="0.64608393" />
<p fId="3" fbTx="0.646182096" lbTx="0.64618218" tId="0" fbRx="0.656182096" lbRx="0.65618218" />
<p fId="0" fbTx="0.64618218" lbTx="0.646183055" tId="1" fbRx="0.64618218" lbRx="0.646183055" />
<p fId="1" fbTx="0.646183055" lbTx="0.64618393" tId="4" fbRx="0.646183055" lbRx="0.64618393" />
<pr uId="624" fId="4" fbTx="0.646214286" />
<wpr uId="624" tId="5" fbRx="0.646214286" lbRx="0" />
<wpr uId="624" tId="6" fbRx="0.646214286" lbRx="0" />
<p fId="3" fbTx="0.646282096" lbTx="0.64628218" tId="0" fbRx="0.656282096" lbRx="0.65628218" />
<p fId="0" fbTx="0.64628218" lbTx="0.646283055" tId="1" fbRx="0.64628218" lbRx="0.646283055" />
<p fId="1" fbTx="0.646283055" lbTx="0.64628393" tId="4" fbRx="0.646283055" lbRx="0.64628393" />
<p fId="3" fbTx="0.646382096" lbTx="0.64638218" tId="0" fbRx="0.656382096" lbRx="0.65638218" />
<p fId="0" fbTx="0.64638218" lbTx="0.646383055" tId="1" fbRx="0.64638218" lbRx="0.646383055" />
<p fId="1" fbTx="0.646383055" lbTx="0.64638393" tId="4" fbRx="0.646383055" lbRx="0.64638393" />
<p fId="3" fbTx="0.646482096" lbTx="0.64648218" tId="0" fbRx="0.656482096" lbRx="0.65648218" />
<p fId="0" fbTx="0.64648218" lbTx="0.646483055" tId="1" fbRx="0.64648218" lbRx="0.646483055" />
<p fId="1" fbTx="0.646483055" lbTx="0.64648393" tId="4" fbRx="0.646483055" lbRx="0.64648393" />
<p fId="3" fbTx="0.646582096" lbTx="0.64658218" tId="0" fbRx="0.656582096" lbRx="0.65658218" />
<p fId="0" fbTx="0.64658218" lbTx="0.646583055" tId="1" fbRx="0.64658218" lbRx="0.646583055" />
<p fId="1" fbTx="0.646583055" lbTx="0.64658393" tId="4" fbRx="0.646583055" lbRx="0.64658393" />
<p fId="3" fbTx="0.646682096" lbTx="0.64668218" tId="0" fbRx="0.656682096" lbRx="0.65668218" />
<p fId="0" fbTx="0.64668218" lbTx="0.646683055" tId="1" fbRx="0.64668218" lbRx="0.646683055" />
<p fId="1" fbTx="0.646683055" lbTx="0.64668393" tId="4" fbRx="0.646683055" lbRx="0.64668393" />
<p fId="3" fbTx="0.646782096" lbTx="0.64678218" tId="0" fbRx="0.656782096" lbRx="0.65678218" />
<p fId="0" fbTx="0.64678218" lbTx="0.646783055" tId="1" fbRx="0.64678218" lbRx="0.646783055" />
<p fId="1" fbTx="0.646783055" lbTx="0.64678393" tId="4" fbRx="0.646783055" lbRx="0.64678393" />
<p fId="3" fbTx="0.646882096" lbTx="0.64688218" tId="0" fbRx="0.656882096" lbRx="0.65688218" />
<p fId="0" fbTx="0.64688218" lbTx="0.646883055" tId="1" fbRx="0.64688218" lbRx="0.646883055" />
<p fId="1" fbTx="0.646883055" lbTx="0.64688393" tId="4" fbRx="0.646883055" lbRx="0.64688393" />
<p fId="3" fbTx="0.646982096" lbTx="0.64698218" tId="0" fbRx="0.656982096" lbRx="0.65698218" />
<p fId="0" fbTx="0.64698218" lbTx="0.646983055" tId="1" fbRx="0.64698218" lbRx="0.646983055" />
<p fId="1" fbTx="0.646983055" lbTx="0.64698393" tId="4" fbRx="0.646983055" lbRx="0.64698393" />
<p fId="3" fbTx="0.647082096" lbTx="0.64708218" tId="0" fbRx="0.657082096" lbRx="0.65708218" />
<p fId="0" fbTx="0.64708218" lbTx="0.647083055" tId="1" fbRx="0.64708218" lbRx="0.647083055" />
<p fId="1" fbTx="0.647083055" lbTx="0.64708393" tId="4" fbRx="0.647083055" lbRx="0.64708393" />
<p fId="3" fbTx="0.647182096" lbTx="0.64718218" tId="0" fbRx="0.657182096" lbRx="0.65718218" />
<p fId="0" fbTx="0.64718218" lbTx="0.647183055" tId="1" fbRx="0.64718218" lbRx="0.647183055" />
<p fId="1" fbTx="0.647183055" lbTx="0.64718393" tId="4" fbRx="0.647183055" lbRx="0.64718393" />
<pr uId="625" fId="4" fbTx="0.647214286" />
<wpr uId="625" tId="5" fbRx="0.647214286" lbRx="0" />
<wpr uId="625" tId="6" fbRx="0.647214286" lbRx="0" />
<p fId="3" fbTx="0.647282096" lbTx="0.64728218" tId="0" fbRx="0.657282096" lbRx="0.65728218" />
<p fId="0" fbTx="0.64728218" lbTx="0.647283055" tId="1" fbRx="0.64728218" lbRx="0.647283055" />
<p fId="1" fbTx="0.647283055" lbTx="0.64728393" tId="4" fbRx="0.647283055" lbRx="0.64728393" />
<p fId="3" fbTx="0.647382096" lbTx="0.64738218" tId="0" fbRx="0.657382096" lbRx="0.65738218" />
<p fId="0" fbTx="0.64738218" lbTx="0.647383055" tId="1" fbRx="0.64738218" lbRx="0.647383055" />
<p fId="1" fbTx="0.647383055" lbTx="0.64738393" tId="4" fbRx="0.647383055" lbRx="0.64738393" />
<p fId="3" fbTx="0.647482096" lbTx="0.64748218" tId="0" fbRx="0.657482096" lbRx="0.65748218" />
<p fId="0" fbTx="0.64748218" lbTx="0.647483055" tId="1" fbRx="0.64748218" lbRx="0.647483055" />
<p fId="1" fbTx="0.647483055" lbTx="0.64748393" tId="4" fbRx="0.647483055" lbRx="0.64748393" />
<p fId="3" fbTx="0.647582096" lbTx="0.64758218" tId="0" fbRx="0.657582096" lbRx="0.65758218" />
<p fId="0" fbTx="0.64758218" lbTx="0.647583055" tId="1" fbRx="0.64758218" lbRx="0.647583055" />
<p fId="1" fbTx="0.647583055" lbTx="0.64758393" tId="4" fbRx="0.647583055" lbRx="0.64758393" />
<p fId="3" fbTx="0.647682096" lbTx="0.64768218" tId="0" fbRx="0.657682096" lbRx="0.65768218" />
<p fId="0" fbTx="0.64768218" lbTx="0.647683055" tId="1" fbRx="0.64768218" lbRx="0.647683055" />
<p fId="1" fbTx="0.647683055" lbTx="0.64768393" tId="4" fbRx="0.647683055" lbRx="0.64768393" />
<p fId="3" fbTx="0.647782096" lbTx="0.64778218" tId="0" fbRx="0.657782096" lbRx="0.65778218" />
<p fId="0" fbTx="0.64778218" lbTx="0.647783055" tId="1" fbRx="0.64778218" lbRx="0.647783055" />
<p fId="1" fbTx="0.647783055" lbTx="0.64778393" tId="4" fbRx="0.647783055" lbRx="0.64778393" />
<p fId="3" fbTx="0.647882096" lbTx="0.64788218" tId="0" fbRx="0.657882096" lbRx="0.65788218" />
<p fId="0" fbTx="0.64788218" lbTx="0.647883055" tId="1" fbRx="0.64788218" lbRx="0.647883055" />
<p fId="1" fbTx="0.647883055" lbTx="0.64788393" tId="4" fbRx="0.647883055" lbRx="0.64788393" />
<p fId="3" fbTx="0.647982096" lbTx="0.64798218" tId="0" fbRx="0.657982096" lbRx="0.65798218" />
<p fId="0" fbTx="0.64798218" lbTx="0.647983055" tId="1" fbRx="0.64798218" lbRx="0.647983055" />
<p fId="1" fbTx="0.647983055" lbTx="0.64798393" tId="4" fbRx="0.647983055" lbRx="0.64798393" />
<p fId="3" fbTx="0.648082096" lbTx="0.64808218" tId="0" fbRx="0.658082096" lbRx="0.65808218" />
<p fId="0" fbTx="0.64808218" lbTx="0.648083055" tId="1" fbRx="0.64808218" lbRx="0.648083055" />
<p fId="1" fbTx="0.648083055" lbTx="0.64808393" tId="4" fbRx="0.648083055" lbRx="0.64808393" />
<p fId="3" fbTx="0.648182096" lbTx="0.64818218" tId="0" fbRx="0.658182096" lbRx="0.65818218" />
<p fId="0" fbTx="0.64818218" lbTx="0.648183055" tId="1" fbRx="0.64818218" lbRx="0.648183055" />
<p fId="1" fbTx="0.648183055" lbTx="0.64818393" tId="4" fbRx="0.648183055" lbRx="0.64818393" />
<pr uId="626" fId="4" fbTx="0.648214286" />
<wpr uId="626" tId="5" fbRx="0.648214286" lbRx="0" />
<wpr uId="626" tId="6" fbRx="0.648214286" lbRx="0" />
<p fId="3" fbTx="0.648282096" lbTx="0.64828218" tId="0" fbRx="0.658282096" lbRx="0.65828218" />
<p fId="0" fbTx="0.64828218" lbTx="0.648283055" tId="1" fbRx="0.64828218" lbRx="0.648283055" />
<p fId="1" fbTx="0.648283055" lbTx="0.64828393" tId="4" fbRx="0.648283055" lbRx="0.64828393" />
<p fId="3" fbTx="0.648382096" lbTx="0.64838218" tId="0" fbRx="0.658382096" lbRx="0.65838218" />
<p fId="0" fbTx="0.64838218" lbTx="0.648383055" tId="1" fbRx="0.64838218" lbRx="0.648383055" />
<p fId="1" fbTx="0.648383055" lbTx="0.64838393" tId="4" fbRx="0.648383055" lbRx="0.64838393" />
<p fId="3" fbTx="0.648482096" lbTx="0.64848218" tId="0" fbRx="0.658482096" lbRx="0.65848218" />
<p fId="0" fbTx="0.64848218" lbTx="0.648483055" tId="1" fbRx="0.64848218" lbRx="0.648483055" />
<p fId="1" fbTx="0.648483055" lbTx="0.64848393" tId="4" fbRx="0.648483055" lbRx="0.64848393" />
<p fId="3" fbTx="0.648582096" lbTx="0.64858218" tId="0" fbRx="0.658582096" lbRx="0.65858218" />
<p fId="0" fbTx="0.64858218" lbTx="0.648583055" tId="1" fbRx="0.64858218" lbRx="0.648583055" />
<p fId="1" fbTx="0.648583055" lbTx="0.64858393" tId="4" fbRx="0.648583055" lbRx="0.64858393" />
<p fId="3" fbTx="0.648682096" lbTx="0.64868218" tId="0" fbRx="0.658682096" lbRx="0.65868218" />
<p fId="0" fbTx="0.64868218" lbTx="0.648683055" tId="1" fbRx="0.64868218" lbRx="0.648683055" />
<p fId="1" fbTx="0.648683055" lbTx="0.64868393" tId="4" fbRx="0.648683055" lbRx="0.64868393" />
<p fId="3" fbTx="0.648782096" lbTx="0.64878218" tId="0" fbRx="0.658782096" lbRx="0.65878218" />
<p fId="0" fbTx="0.64878218" lbTx="0.648783055" tId="1" fbRx="0.64878218" lbRx="0.648783055" />
<p fId="1" fbTx="0.648783055" lbTx="0.64878393" tId="4" fbRx="0.648783055" lbRx="0.64878393" />
<p fId="3" fbTx="0.648882096" lbTx="0.64888218" tId="0" fbRx="0.658882096" lbRx="0.65888218" />
<p fId="0" fbTx="0.64888218" lbTx="0.648883055" tId="1" fbRx="0.64888218" lbRx="0.648883055" />
<p fId="1" fbTx="0.648883055" lbTx="0.64888393" tId="4" fbRx="0.648883055" lbRx="0.64888393" />
<p fId="3" fbTx="0.648982096" lbTx="0.64898218" tId="0" fbRx="0.658982096" lbRx="0.65898218" />
<p fId="0" fbTx="0.64898218" lbTx="0.648983055" tId="1" fbRx="0.64898218" lbRx="0.648983055" />
<p fId="1" fbTx="0.648983055" lbTx="0.64898393" tId="4" fbRx="0.648983055" lbRx="0.64898393" />
<p fId="3" fbTx="0.649082096" lbTx="0.64908218" tId="0" fbRx="0.659082096" lbRx="0.65908218" />
<p fId="0" fbTx="0.64908218" lbTx="0.649083055" tId="1" fbRx="0.64908218" lbRx="0.649083055" />
<p fId="1" fbTx="0.649083055" lbTx="0.64908393" tId="4" fbRx="0.649083055" lbRx="0.64908393" />
<p fId="3" fbTx="0.649182096" lbTx="0.64918218" tId="0" fbRx="0.659182096" lbRx="0.65918218" />
<p fId="0" fbTx="0.64918218" lbTx="0.649183055" tId="1" fbRx="0.64918218" lbRx="0.649183055" />
<p fId="1" fbTx="0.649183055" lbTx="0.64918393" tId="4" fbRx="0.649183055" lbRx="0.64918393" />
<pr uId="627" fId="4" fbTx="0.649214286" />
<wpr uId="627" tId="5" fbRx="0.649214286" lbRx="0" />
<wpr uId="627" tId="6" fbRx="0.649214286" lbRx="0" />
<p fId="3" fbTx="0.649282096" lbTx="0.64928218" tId="0" fbRx="0.659282096" lbRx="0.65928218" />
<p fId="0" fbTx="0.64928218" lbTx="0.649283055" tId="1" fbRx="0.64928218" lbRx="0.649283055" />
<p fId="1" fbTx="0.649283055" lbTx="0.64928393" tId="4" fbRx="0.649283055" lbRx="0.64928393" />
<p fId="3" fbTx="0.649382096" lbTx="0.64938218" tId="0" fbRx="0.659382096" lbRx="0.65938218" />
<p fId="0" fbTx="0.64938218" lbTx="0.649383055" tId="1" fbRx="0.64938218" lbRx="0.649383055" />
<p fId="1" fbTx="0.649383055" lbTx="0.64938393" tId="4" fbRx="0.649383055" lbRx="0.64938393" />
<p fId="3" fbTx="0.649482096" lbTx="0.64948218" tId="0" fbRx="0.659482096" lbRx="0.65948218" />
<p fId="0" fbTx="0.64948218" lbTx="0.649483055" tId="1" fbRx="0.64948218" lbRx="0.649483055" />
<p fId="1" fbTx="0.649483055" lbTx="0.64948393" tId="4" fbRx="0.649483055" lbRx="0.64948393" />
<p fId="3" fbTx="0.649582096" lbTx="0.64958218" tId="0" fbRx="0.659582096" lbRx="0.65958218" />
<p fId="0" fbTx="0.64958218" lbTx="0.649583055" tId="1" fbRx="0.64958218" lbRx="0.649583055" />
<p fId="1" fbTx="0.649583055" lbTx="0.64958393" tId="4" fbRx="0.649583055" lbRx="0.64958393" />
<p fId="3" fbTx="0.649682096" lbTx="0.64968218" tId="0" fbRx="0.659682096" lbRx="0.65968218" />
<p fId="0" fbTx="0.64968218" lbTx="0.649683055" tId="1" fbRx="0.64968218" lbRx="0.649683055" />
<p fId="1" fbTx="0.649683055" lbTx="0.64968393" tId="4" fbRx="0.649683055" lbRx="0.64968393" />
<p fId="3" fbTx="0.649782096" lbTx="0.64978218" tId="0" fbRx="0.659782096" lbRx="0.65978218" />
<p fId="0" fbTx="0.64978218" lbTx="0.649783055" tId="1" fbRx="0.64978218" lbRx="0.649783055" />
<p fId="1" fbTx="0.649783055" lbTx="0.64978393" tId="4" fbRx="0.649783055" lbRx="0.64978393" />
<p fId="3" fbTx="0.649882096" lbTx="0.64988218" tId="0" fbRx="0.659882096" lbRx="0.65988218" />
<p fId="0" fbTx="0.64988218" lbTx="0.649883055" tId="1" fbRx="0.64988218" lbRx="0.649883055" />
<p fId="1" fbTx="0.649883055" lbTx="0.64988393" tId="4" fbRx="0.649883055" lbRx="0.64988393" />
<p fId="3" fbTx="0.649982096" lbTx="0.64998218" tId="0" fbRx="0.659982096" lbRx="0.65998218" />
<p fId="0" fbTx="0.64998218" lbTx="0.649983055" tId="1" fbRx="0.64998218" lbRx="0.649983055" />
<p fId="1" fbTx="0.649983055" lbTx="0.64998393" tId="4" fbRx="0.649983055" lbRx="0.64998393" />
<p fId="3" fbTx="0.650082096" lbTx="0.65008218" tId="0" fbRx="0.660082096" lbRx="0.66008218" />
<p fId="0" fbTx="0.65008218" lbTx="0.650083055" tId="1" fbRx="0.65008218" lbRx="0.650083055" />
<p fId="1" fbTx="0.650083055" lbTx="0.65008393" tId="4" fbRx="0.650083055" lbRx="0.65008393" />
<p fId="3" fbTx="0.650182096" lbTx="0.65018218" tId="0" fbRx="0.660182096" lbRx="0.66018218" />
<p fId="0" fbTx="0.65018218" lbTx="0.650183055" tId="1" fbRx="0.65018218" lbRx="0.650183055" />
<p fId="1" fbTx="0.650183055" lbTx="0.65018393" tId="4" fbRx="0.650183055" lbRx="0.65018393" />
<pr uId="628" fId="4" fbTx="0.650214286" />
<wpr uId="628" tId="5" fbRx="0.650214286" lbRx="0" />
<wpr uId="628" tId="6" fbRx="0.650214286" lbRx="0" />
<p fId="3" fbTx="0.650282096" lbTx="0.65028218" tId="0" fbRx="0.660282096" lbRx="0.66028218" />
<p fId="0" fbTx="0.65028218" lbTx="0.650283055" tId="1" fbRx="0.65028218" lbRx="0.650283055" />
<p fId="1" fbTx="0.650283055" lbTx="0.65028393" tId="4" fbRx="0.650283055" lbRx="0.65028393" />
<p fId="3" fbTx="0.650382096" lbTx="0.65038218" tId="0" fbRx="0.660382096" lbRx="0.66038218" />
<p fId="0" fbTx="0.65038218" lbTx="0.650383055" tId="1" fbRx="0.65038218" lbRx="0.650383055" />
<p fId="1" fbTx="0.650383055" lbTx="0.65038393" tId="4" fbRx="0.650383055" lbRx="0.65038393" />
<p fId="3" fbTx="0.650482096" lbTx="0.65048218" tId="0" fbRx="0.660482096" lbRx="0.66048218" />
<p fId="0" fbTx="0.65048218" lbTx="0.650483055" tId="1" fbRx="0.65048218" lbRx="0.650483055" />
<p fId="1" fbTx="0.650483055" lbTx="0.65048393" tId="4" fbRx="0.650483055" lbRx="0.65048393" />
<p fId="3" fbTx="0.650582096" lbTx="0.65058218" tId="0" fbRx="0.660582096" lbRx="0.66058218" />
<p fId="0" fbTx="0.65058218" lbTx="0.650583055" tId="1" fbRx="0.65058218" lbRx="0.650583055" />
<p fId="1" fbTx="0.650583055" lbTx="0.65058393" tId="4" fbRx="0.650583055" lbRx="0.65058393" />
<p fId="3" fbTx="0.650682096" lbTx="0.65068218" tId="0" fbRx="0.660682096" lbRx="0.66068218" />
<p fId="0" fbTx="0.65068218" lbTx="0.650683055" tId="1" fbRx="0.65068218" lbRx="0.650683055" />
<p fId="1" fbTx="0.650683055" lbTx="0.65068393" tId="4" fbRx="0.650683055" lbRx="0.65068393" />
<p fId="3" fbTx="0.650782096" lbTx="0.65078218" tId="0" fbRx="0.660782096" lbRx="0.66078218" />
<p fId="0" fbTx="0.65078218" lbTx="0.650783055" tId="1" fbRx="0.65078218" lbRx="0.650783055" />
<p fId="1" fbTx="0.650783055" lbTx="0.65078393" tId="4" fbRx="0.650783055" lbRx="0.65078393" />
<p fId="3" fbTx="0.650882096" lbTx="0.65088218" tId="0" fbRx="0.660882096" lbRx="0.66088218" />
<p fId="0" fbTx="0.65088218" lbTx="0.650883055" tId="1" fbRx="0.65088218" lbRx="0.650883055" />
<p fId="1" fbTx="0.650883055" lbTx="0.65088393" tId="4" fbRx="0.650883055" lbRx="0.65088393" />
<p fId="3" fbTx="0.650982096" lbTx="0.65098218" tId="0" fbRx="0.660982096" lbRx="0.66098218" />
<p fId="0" fbTx="0.65098218" lbTx="0.650983055" tId="1" fbRx="0.65098218" lbRx="0.650983055" />
<p fId="1" fbTx="0.650983055" lbTx="0.65098393" tId="4" fbRx="0.650983055" lbRx="0.65098393" />
<p fId="3" fbTx="0.651082096" lbTx="0.65108218" tId="0" fbRx="0.661082096" lbRx="0.66108218" />
<p fId="0" fbTx="0.65108218" lbTx="0.651083055" tId="1" fbRx="0.65108218" lbRx="0.651083055" />
<p fId="1" fbTx="0.651083055" lbTx="0.65108393" tId="4" fbRx="0.651083055" lbRx="0.65108393" />
<p fId="3" fbTx="0.651182096" lbTx="0.65118218" tId="0" fbRx="0.661182096" lbRx="0.66118218" />
<p fId="0" fbTx="0.65118218" lbTx="0.651183055" tId="1" fbRx="0.65118218" lbRx="0.651183055" />
<p fId="1" fbTx="0.651183055" lbTx="0.65118393" tId="4" fbRx="0.651183055" lbRx="0.65118393" />
<pr uId="629" fId="4" fbTx="0.651214286" />
<wpr uId="629" tId="5" fbRx="0.651214286" lbRx="0" />
<wpr uId="629" tId="6" fbRx="0.651214286" lbRx="0" />
<p fId="3" fbTx="0.651282096" lbTx="0.65128218" tId="0" fbRx="0.661282096" lbRx="0.66128218" />
<p fId="0" fbTx="0.65128218" lbTx="0.651283055" tId="1" fbRx="0.65128218" lbRx="0.651283055" />
<p fId="1" fbTx="0.651283055" lbTx="0.65128393" tId="4" fbRx="0.651283055" lbRx="0.65128393" />
<p fId="3" fbTx="0.651382096" lbTx="0.65138218" tId="0" fbRx="0.661382096" lbRx="0.66138218" />
<p fId="0" fbTx="0.65138218" lbTx="0.651383055" tId="1" fbRx="0.65138218" lbRx="0.651383055" />
<p fId="1" fbTx="0.651383055" lbTx="0.65138393" tId="4" fbRx="0.651383055" lbRx="0.65138393" />
<p fId="3" fbTx="0.651482096" lbTx="0.65148218" tId="0" fbRx="0.661482096" lbRx="0.66148218" />
<p fId="0" fbTx="0.65148218" lbTx="0.651483055" tId="1" fbRx="0.65148218" lbRx="0.651483055" />
<p fId="1" fbTx="0.651483055" lbTx="0.65148393" tId="4" fbRx="0.651483055" lbRx="0.65148393" />
<p fId="3" fbTx="0.651582096" lbTx="0.65158218" tId="0" fbRx="0.661582096" lbRx="0.66158218" />
<p fId="0" fbTx="0.65158218" lbTx="0.651583055" tId="1" fbRx="0.65158218" lbRx="0.651583055" />
<p fId="1" fbTx="0.651583055" lbTx="0.65158393" tId="4" fbRx="0.651583055" lbRx="0.65158393" />
<p fId="3" fbTx="0.651682096" lbTx="0.65168218" tId="0" fbRx="0.661682096" lbRx="0.66168218" />
<p fId="0" fbTx="0.65168218" lbTx="0.651683055" tId="1" fbRx="0.65168218" lbRx="0.651683055" />
<p fId="1" fbTx="0.651683055" lbTx="0.65168393" tId="4" fbRx="0.651683055" lbRx="0.65168393" />
<p fId="3" fbTx="0.651782096" lbTx="0.65178218" tId="0" fbRx="0.661782096" lbRx="0.66178218" />
<p fId="0" fbTx="0.65178218" lbTx="0.651783055" tId="1" fbRx="0.65178218" lbRx="0.651783055" />
<p fId="1" fbTx="0.651783055" lbTx="0.65178393" tId="4" fbRx="0.651783055" lbRx="0.65178393" />
<p fId="3" fbTx="0.651882096" lbTx="0.65188218" tId="0" fbRx="0.661882096" lbRx="0.66188218" />
<p fId="0" fbTx="0.65188218" lbTx="0.651883055" tId="1" fbRx="0.65188218" lbRx="0.651883055" />
<p fId="1" fbTx="0.651883055" lbTx="0.65188393" tId="4" fbRx="0.651883055" lbRx="0.65188393" />
<p fId="3" fbTx="0.651982096" lbTx="0.65198218" tId="0" fbRx="0.661982096" lbRx="0.66198218" />
<p fId="0" fbTx="0.65198218" lbTx="0.651983055" tId="1" fbRx="0.65198218" lbRx="0.651983055" />
<p fId="1" fbTx="0.651983055" lbTx="0.65198393" tId="4" fbRx="0.651983055" lbRx="0.65198393" />
<p fId="3" fbTx="0.652082096" lbTx="0.65208218" tId="0" fbRx="0.662082096" lbRx="0.66208218" />
<p fId="0" fbTx="0.65208218" lbTx="0.652083055" tId="1" fbRx="0.65208218" lbRx="0.652083055" />
<p fId="1" fbTx="0.652083055" lbTx="0.65208393" tId="4" fbRx="0.652083055" lbRx="0.65208393" />
<p fId="3" fbTx="0.652182096" lbTx="0.65218218" tId="0" fbRx="0.662182096" lbRx="0.66218218" />
<p fId="0" fbTx="0.65218218" lbTx="0.652183055" tId="1" fbRx="0.65218218" lbRx="0.652183055" />
<p fId="1" fbTx="0.652183055" lbTx="0.65218393" tId="4" fbRx="0.652183055" lbRx="0.65218393" />
<pr uId="630" fId="4" fbTx="0.652214286" />
<wpr uId="630" tId="5" fbRx="0.652214286" lbRx="0" />
<wpr uId="630" tId="6" fbRx="0.652214286" lbRx="0" />
<p fId="3" fbTx="0.652282096" lbTx="0.65228218" tId="0" fbRx="0.662282096" lbRx="0.66228218" />
<p fId="0" fbTx="0.65228218" lbTx="0.652283055" tId="1" fbRx="0.65228218" lbRx="0.652283055" />
<p fId="1" fbTx="0.652283055" lbTx="0.65228393" tId="4" fbRx="0.652283055" lbRx="0.65228393" />
<p fId="3" fbTx="0.652382096" lbTx="0.65238218" tId="0" fbRx="0.662382096" lbRx="0.66238218" />
<p fId="0" fbTx="0.65238218" lbTx="0.652383055" tId="1" fbRx="0.65238218" lbRx="0.652383055" />
<p fId="1" fbTx="0.652383055" lbTx="0.65238393" tId="4" fbRx="0.652383055" lbRx="0.65238393" />
<p fId="3" fbTx="0.652482096" lbTx="0.65248218" tId="0" fbRx="0.662482096" lbRx="0.66248218" />
<p fId="0" fbTx="0.65248218" lbTx="0.652483055" tId="1" fbRx="0.65248218" lbRx="0.652483055" />
<p fId="1" fbTx="0.652483055" lbTx="0.65248393" tId="4" fbRx="0.652483055" lbRx="0.65248393" />
<p fId="3" fbTx="0.652582096" lbTx="0.65258218" tId="0" fbRx="0.662582096" lbRx="0.66258218" />
<p fId="0" fbTx="0.65258218" lbTx="0.652583055" tId="1" fbRx="0.65258218" lbRx="0.652583055" />
<p fId="1" fbTx="0.652583055" lbTx="0.65258393" tId="4" fbRx="0.652583055" lbRx="0.65258393" />
<p fId="3" fbTx="0.652682096" lbTx="0.65268218" tId="0" fbRx="0.662682096" lbRx="0.66268218" />
<p fId="0" fbTx="0.65268218" lbTx="0.652683055" tId="1" fbRx="0.65268218" lbRx="0.652683055" />
<p fId="1" fbTx="0.652683055" lbTx="0.65268393" tId="4" fbRx="0.652683055" lbRx="0.65268393" />
<p fId="3" fbTx="0.652782096" lbTx="0.65278218" tId="0" fbRx="0.662782096" lbRx="0.66278218" />
<p fId="0" fbTx="0.65278218" lbTx="0.652783055" tId="1" fbRx="0.65278218" lbRx="0.652783055" />
<p fId="1" fbTx="0.652783055" lbTx="0.65278393" tId="4" fbRx="0.652783055" lbRx="0.65278393" />
<p fId="3" fbTx="0.652882096" lbTx="0.65288218" tId="0" fbRx="0.662882096" lbRx="0.66288218" />
<p fId="0" fbTx="0.65288218" lbTx="0.652883055" tId="1" fbRx="0.65288218" lbRx="0.652883055" />
<p fId="1" fbTx="0.652883055" lbTx="0.65288393" tId="4" fbRx="0.652883055" lbRx="0.65288393" />
<p fId="3" fbTx="0.652982096" lbTx="0.65298218" tId="0" fbRx="0.662982096" lbRx="0.66298218" />
<p fId="0" fbTx="0.65298218" lbTx="0.652983055" tId="1" fbRx="0.65298218" lbRx="0.652983055" />
<p fId="1" fbTx="0.652983055" lbTx="0.65298393" tId="4" fbRx="0.652983055" lbRx="0.65298393" />
<p fId="3" fbTx="0.653082096" lbTx="0.65308218" tId="0" fbRx="0.663082096" lbRx="0.66308218" />
<p fId="0" fbTx="0.65308218" lbTx="0.653083055" tId="1" fbRx="0.65308218" lbRx="0.653083055" />
<p fId="1" fbTx="0.653083055" lbTx="0.65308393" tId="4" fbRx="0.653083055" lbRx="0.65308393" />
<p fId="3" fbTx="0.653182096" lbTx="0.65318218" tId="0" fbRx="0.663182096" lbRx="0.66318218" />
<p fId="0" fbTx="0.65318218" lbTx="0.653183055" tId="1" fbRx="0.65318218" lbRx="0.653183055" />
<p fId="1" fbTx="0.653183055" lbTx="0.65318393" tId="4" fbRx="0.653183055" lbRx="0.65318393" />
<pr uId="631" fId="4" fbTx="0.653214286" />
<wpr uId="631" tId="5" fbRx="0.653214286" lbRx="0" />
<wpr uId="631" tId="6" fbRx="0.653214286" lbRx="0" />
<p fId="3" fbTx="0.653282096" lbTx="0.65328218" tId="0" fbRx="0.663282096" lbRx="0.66328218" />
<p fId="0" fbTx="0.65328218" lbTx="0.653283055" tId="1" fbRx="0.65328218" lbRx="0.653283055" />
<p fId="1" fbTx="0.653283055" lbTx="0.65328393" tId="4" fbRx="0.653283055" lbRx="0.65328393" />
<p fId="3" fbTx="0.653382096" lbTx="0.65338218" tId="0" fbRx="0.663382096" lbRx="0.66338218" />
<p fId="0" fbTx="0.65338218" lbTx="0.653383055" tId="1" fbRx="0.65338218" lbRx="0.653383055" />
<p fId="1" fbTx="0.653383055" lbTx="0.65338393" tId="4" fbRx="0.653383055" lbRx="0.65338393" />
<p fId="3" fbTx="0.653482096" lbTx="0.65348218" tId="0" fbRx="0.663482096" lbRx="0.66348218" />
<p fId="0" fbTx="0.65348218" lbTx="0.653483055" tId="1" fbRx="0.65348218" lbRx="0.653483055" />
<p fId="1" fbTx="0.653483055" lbTx="0.65348393" tId="4" fbRx="0.653483055" lbRx="0.65348393" />
<p fId="3" fbTx="0.653582096" lbTx="0.65358218" tId="0" fbRx="0.663582096" lbRx="0.66358218" />
<p fId="0" fbTx="0.65358218" lbTx="0.653583055" tId="1" fbRx="0.65358218" lbRx="0.653583055" />
<p fId="1" fbTx="0.653583055" lbTx="0.65358393" tId="4" fbRx="0.653583055" lbRx="0.65358393" />
<p fId="3" fbTx="0.653682096" lbTx="0.65368218" tId="0" fbRx="0.663682096" lbRx="0.66368218" />
<p fId="0" fbTx="0.65368218" lbTx="0.653683055" tId="1" fbRx="0.65368218" lbRx="0.653683055" />
<p fId="1" fbTx="0.653683055" lbTx="0.65368393" tId="4" fbRx="0.653683055" lbRx="0.65368393" />
<p fId="3" fbTx="0.653782096" lbTx="0.65378218" tId="0" fbRx="0.663782096" lbRx="0.66378218" />
<p fId="0" fbTx="0.65378218" lbTx="0.653783055" tId="1" fbRx="0.65378218" lbRx="0.653783055" />
<p fId="1" fbTx="0.653783055" lbTx="0.65378393" tId="4" fbRx="0.653783055" lbRx="0.65378393" />
<p fId="3" fbTx="0.653882096" lbTx="0.65388218" tId="0" fbRx="0.663882096" lbRx="0.66388218" />
<p fId="0" fbTx="0.65388218" lbTx="0.653883055" tId="1" fbRx="0.65388218" lbRx="0.653883055" />
<p fId="1" fbTx="0.653883055" lbTx="0.65388393" tId="4" fbRx="0.653883055" lbRx="0.65388393" />
<p fId="3" fbTx="0.653982096" lbTx="0.65398218" tId="0" fbRx="0.663982096" lbRx="0.66398218" />
<p fId="0" fbTx="0.65398218" lbTx="0.653983055" tId="1" fbRx="0.65398218" lbRx="0.653983055" />
<p fId="1" fbTx="0.653983055" lbTx="0.65398393" tId="4" fbRx="0.653983055" lbRx="0.65398393" />
<p fId="3" fbTx="0.654082096" lbTx="0.65408218" tId="0" fbRx="0.664082096" lbRx="0.66408218" />
<p fId="0" fbTx="0.65408218" lbTx="0.654083055" tId="1" fbRx="0.65408218" lbRx="0.654083055" />
<p fId="1" fbTx="0.654083055" lbTx="0.65408393" tId="4" fbRx="0.654083055" lbRx="0.65408393" />
<p fId="3" fbTx="0.654182096" lbTx="0.65418218" tId="0" fbRx="0.664182096" lbRx="0.66418218" />
<p fId="0" fbTx="0.65418218" lbTx="0.654183055" tId="1" fbRx="0.65418218" lbRx="0.654183055" />
<p fId="1" fbTx="0.654183055" lbTx="0.65418393" tId="4" fbRx="0.654183055" lbRx="0.65418393" />
<pr uId="632" fId="4" fbTx="0.654214286" />
<wpr uId="632" tId="5" fbRx="0.654214286" lbRx="0" />
<wpr uId="632" tId="6" fbRx="0.654214286" lbRx="0" />
<p fId="3" fbTx="0.654282096" lbTx="0.65428218" tId="0" fbRx="0.664282096" lbRx="0.66428218" />
<p fId="0" fbTx="0.65428218" lbTx="0.654283055" tId="1" fbRx="0.65428218" lbRx="0.654283055" />
<p fId="1" fbTx="0.654283055" lbTx="0.65428393" tId="4" fbRx="0.654283055" lbRx="0.65428393" />
<p fId="3" fbTx="0.654382096" lbTx="0.65438218" tId="0" fbRx="0.664382096" lbRx="0.66438218" />
<p fId="0" fbTx="0.65438218" lbTx="0.654383055" tId="1" fbRx="0.65438218" lbRx="0.654383055" />
<p fId="1" fbTx="0.654383055" lbTx="0.65438393" tId="4" fbRx="0.654383055" lbRx="0.65438393" />
<p fId="3" fbTx="0.654482096" lbTx="0.65448218" tId="0" fbRx="0.664482096" lbRx="0.66448218" />
<p fId="0" fbTx="0.65448218" lbTx="0.654483055" tId="1" fbRx="0.65448218" lbRx="0.654483055" />
<p fId="1" fbTx="0.654483055" lbTx="0.65448393" tId="4" fbRx="0.654483055" lbRx="0.65448393" />
<p fId="3" fbTx="0.654582096" lbTx="0.65458218" tId="0" fbRx="0.664582096" lbRx="0.66458218" />
<p fId="0" fbTx="0.65458218" lbTx="0.654583055" tId="1" fbRx="0.65458218" lbRx="0.654583055" />
<p fId="1" fbTx="0.654583055" lbTx="0.65458393" tId="4" fbRx="0.654583055" lbRx="0.65458393" />
<p fId="3" fbTx="0.654682096" lbTx="0.65468218" tId="0" fbRx="0.664682096" lbRx="0.66468218" />
<p fId="0" fbTx="0.65468218" lbTx="0.654683055" tId="1" fbRx="0.65468218" lbRx="0.654683055" />
<p fId="1" fbTx="0.654683055" lbTx="0.65468393" tId="4" fbRx="0.654683055" lbRx="0.65468393" />
<p fId="3" fbTx="0.654782096" lbTx="0.65478218" tId="0" fbRx="0.664782096" lbRx="0.66478218" />
<p fId="0" fbTx="0.65478218" lbTx="0.654783055" tId="1" fbRx="0.65478218" lbRx="0.654783055" />
<p fId="1" fbTx="0.654783055" lbTx="0.65478393" tId="4" fbRx="0.654783055" lbRx="0.65478393" />
<p fId="3" fbTx="0.654882096" lbTx="0.65488218" tId="0" fbRx="0.664882096" lbRx="0.66488218" />
<p fId="0" fbTx="0.65488218" lbTx="0.654883055" tId="1" fbRx="0.65488218" lbRx="0.654883055" />
<p fId="1" fbTx="0.654883055" lbTx="0.65488393" tId="4" fbRx="0.654883055" lbRx="0.65488393" />
<p fId="3" fbTx="0.654982096" lbTx="0.65498218" tId="0" fbRx="0.664982096" lbRx="0.66498218" />
<p fId="0" fbTx="0.65498218" lbTx="0.654983055" tId="1" fbRx="0.65498218" lbRx="0.654983055" />
<p fId="1" fbTx="0.654983055" lbTx="0.65498393" tId="4" fbRx="0.654983055" lbRx="0.65498393" />
<p fId="3" fbTx="0.655082096" lbTx="0.65508218" tId="0" fbRx="0.665082096" lbRx="0.66508218" />
<p fId="0" fbTx="0.65508218" lbTx="0.655083055" tId="1" fbRx="0.65508218" lbRx="0.655083055" />
<p fId="1" fbTx="0.655083055" lbTx="0.65508393" tId="4" fbRx="0.655083055" lbRx="0.65508393" />
<p fId="3" fbTx="0.655182096" lbTx="0.65518218" tId="0" fbRx="0.665182096" lbRx="0.66518218" />
<p fId="0" fbTx="0.65518218" lbTx="0.655183055" tId="1" fbRx="0.65518218" lbRx="0.655183055" />
<p fId="1" fbTx="0.655183055" lbTx="0.65518393" tId="4" fbRx="0.655183055" lbRx="0.65518393" />
<pr uId="633" fId="4" fbTx="0.655214286" />
<wpr uId="633" tId="5" fbRx="0.655214286" lbRx="0" />
<wpr uId="633" tId="6" fbRx="0.655214286" lbRx="0" />
<p fId="3" fbTx="0.655282096" lbTx="0.65528218" tId="0" fbRx="0.665282096" lbRx="0.66528218" />
<p fId="0" fbTx="0.65528218" lbTx="0.655283055" tId="1" fbRx="0.65528218" lbRx="0.655283055" />
<p fId="1" fbTx="0.655283055" lbTx="0.65528393" tId="4" fbRx="0.655283055" lbRx="0.65528393" />
<p fId="3" fbTx="0.655382096" lbTx="0.65538218" tId="0" fbRx="0.665382096" lbRx="0.66538218" />
<p fId="0" fbTx="0.65538218" lbTx="0.655383055" tId="1" fbRx="0.65538218" lbRx="0.655383055" />
<p fId="1" fbTx="0.655383055" lbTx="0.65538393" tId="4" fbRx="0.655383055" lbRx="0.65538393" />
<p fId="3" fbTx="0.655482096" lbTx="0.65548218" tId="0" fbRx="0.665482096" lbRx="0.66548218" />
<p fId="0" fbTx="0.65548218" lbTx="0.655483055" tId="1" fbRx="0.65548218" lbRx="0.655483055" />
<p fId="1" fbTx="0.655483055" lbTx="0.65548393" tId="4" fbRx="0.655483055" lbRx="0.65548393" />
<p fId="3" fbTx="0.655582096" lbTx="0.65558218" tId="0" fbRx="0.665582096" lbRx="0.66558218" />
<p fId="0" fbTx="0.65558218" lbTx="0.655583055" tId="1" fbRx="0.65558218" lbRx="0.655583055" />
<p fId="1" fbTx="0.655583055" lbTx="0.65558393" tId="4" fbRx="0.655583055" lbRx="0.65558393" />
<p fId="3" fbTx="0.655682096" lbTx="0.65568218" tId="0" fbRx="0.665682096" lbRx="0.66568218" />
<p fId="0" fbTx="0.65568218" lbTx="0.655683055" tId="1" fbRx="0.65568218" lbRx="0.655683055" />
<p fId="1" fbTx="0.655683055" lbTx="0.65568393" tId="4" fbRx="0.655683055" lbRx="0.65568393" />
<p fId="3" fbTx="0.655782096" lbTx="0.65578218" tId="0" fbRx="0.665782096" lbRx="0.66578218" />
<p fId="0" fbTx="0.65578218" lbTx="0.655783055" tId="1" fbRx="0.65578218" lbRx="0.655783055" />
<p fId="1" fbTx="0.655783055" lbTx="0.65578393" tId="4" fbRx="0.655783055" lbRx="0.65578393" />
<p fId="3" fbTx="0.655882096" lbTx="0.65588218" tId="0" fbRx="0.665882096" lbRx="0.66588218" />
<p fId="0" fbTx="0.65588218" lbTx="0.655883055" tId="1" fbRx="0.65588218" lbRx="0.655883055" />
<p fId="1" fbTx="0.655883055" lbTx="0.65588393" tId="4" fbRx="0.655883055" lbRx="0.65588393" />
<p fId="3" fbTx="0.655982096" lbTx="0.65598218" tId="0" fbRx="0.665982096" lbRx="0.66598218" />
<p fId="0" fbTx="0.65598218" lbTx="0.655983055" tId="1" fbRx="0.65598218" lbRx="0.655983055" />
<p fId="1" fbTx="0.655983055" lbTx="0.65598393" tId="4" fbRx="0.655983055" lbRx="0.65598393" />
<p fId="3" fbTx="0.656082096" lbTx="0.65608218" tId="0" fbRx="0.666082096" lbRx="0.66608218" />
<p fId="0" fbTx="0.65608218" lbTx="0.656083055" tId="1" fbRx="0.65608218" lbRx="0.656083055" />
<p fId="1" fbTx="0.656083055" lbTx="0.65608393" tId="4" fbRx="0.656083055" lbRx="0.65608393" />
<p fId="3" fbTx="0.656182096" lbTx="0.65618218" tId="0" fbRx="0.666182096" lbRx="0.66618218" />
<p fId="0" fbTx="0.65618218" lbTx="0.656183055" tId="1" fbRx="0.65618218" lbRx="0.656183055" />
<p fId="1" fbTx="0.656183055" lbTx="0.65618393" tId="4" fbRx="0.656183055" lbRx="0.65618393" />
<pr uId="634" fId="4" fbTx="0.656214286" />
<wpr uId="634" tId="5" fbRx="0.656214286" lbRx="0" />
<wpr uId="634" tId="6" fbRx="0.656214286" lbRx="0" />
<p fId="3" fbTx="0.656282096" lbTx="0.65628218" tId="0" fbRx="0.666282096" lbRx="0.66628218" />
<p fId="0" fbTx="0.65628218" lbTx="0.656283055" tId="1" fbRx="0.65628218" lbRx="0.656283055" />
<p fId="1" fbTx="0.656283055" lbTx="0.65628393" tId="4" fbRx="0.656283055" lbRx="0.65628393" />
<p fId="3" fbTx="0.656382096" lbTx="0.65638218" tId="0" fbRx="0.666382096" lbRx="0.66638218" />
<p fId="0" fbTx="0.65638218" lbTx="0.656383055" tId="1" fbRx="0.65638218" lbRx="0.656383055" />
<p fId="1" fbTx="0.656383055" lbTx="0.65638393" tId="4" fbRx="0.656383055" lbRx="0.65638393" />
<p fId="3" fbTx="0.656482096" lbTx="0.65648218" tId="0" fbRx="0.666482096" lbRx="0.66648218" />
<p fId="0" fbTx="0.65648218" lbTx="0.656483055" tId="1" fbRx="0.65648218" lbRx="0.656483055" />
<p fId="1" fbTx="0.656483055" lbTx="0.65648393" tId="4" fbRx="0.656483055" lbRx="0.65648393" />
<p fId="3" fbTx="0.656582096" lbTx="0.65658218" tId="0" fbRx="0.666582096" lbRx="0.66658218" />
<p fId="0" fbTx="0.65658218" lbTx="0.656583055" tId="1" fbRx="0.65658218" lbRx="0.656583055" />
<p fId="1" fbTx="0.656583055" lbTx="0.65658393" tId="4" fbRx="0.656583055" lbRx="0.65658393" />
<p fId="3" fbTx="0.656682096" lbTx="0.65668218" tId="0" fbRx="0.666682096" lbRx="0.66668218" />
<p fId="0" fbTx="0.65668218" lbTx="0.656683055" tId="1" fbRx="0.65668218" lbRx="0.656683055" />
<p fId="1" fbTx="0.656683055" lbTx="0.65668393" tId="4" fbRx="0.656683055" lbRx="0.65668393" />
<p fId="3" fbTx="0.656782096" lbTx="0.65678218" tId="0" fbRx="0.666782096" lbRx="0.66678218" />
<p fId="0" fbTx="0.65678218" lbTx="0.656783055" tId="1" fbRx="0.65678218" lbRx="0.656783055" />
<p fId="1" fbTx="0.656783055" lbTx="0.65678393" tId="4" fbRx="0.656783055" lbRx="0.65678393" />
<p fId="3" fbTx="0.656882096" lbTx="0.65688218" tId="0" fbRx="0.666882096" lbRx="0.66688218" />
<p fId="0" fbTx="0.65688218" lbTx="0.656883055" tId="1" fbRx="0.65688218" lbRx="0.656883055" />
<p fId="1" fbTx="0.656883055" lbTx="0.65688393" tId="4" fbRx="0.656883055" lbRx="0.65688393" />
<p fId="3" fbTx="0.656982096" lbTx="0.65698218" tId="0" fbRx="0.666982096" lbRx="0.66698218" />
<p fId="0" fbTx="0.65698218" lbTx="0.656983055" tId="1" fbRx="0.65698218" lbRx="0.656983055" />
<p fId="1" fbTx="0.656983055" lbTx="0.65698393" tId="4" fbRx="0.656983055" lbRx="0.65698393" />
<p fId="3" fbTx="0.657082096" lbTx="0.65708218" tId="0" fbRx="0.667082096" lbRx="0.66708218" />
<p fId="0" fbTx="0.65708218" lbTx="0.657083055" tId="1" fbRx="0.65708218" lbRx="0.657083055" />
<p fId="1" fbTx="0.657083055" lbTx="0.65708393" tId="4" fbRx="0.657083055" lbRx="0.65708393" />
<p fId="3" fbTx="0.657182096" lbTx="0.65718218" tId="0" fbRx="0.667182096" lbRx="0.66718218" />
<p fId="0" fbTx="0.65718218" lbTx="0.657183055" tId="1" fbRx="0.65718218" lbRx="0.657183055" />
<p fId="1" fbTx="0.657183055" lbTx="0.65718393" tId="4" fbRx="0.657183055" lbRx="0.65718393" />
<pr uId="635" fId="4" fbTx="0.657214286" />
<wpr uId="635" tId="5" fbRx="0.657214286" lbRx="0" />
<wpr uId="635" tId="6" fbRx="0.657214286" lbRx="0" />
<p fId="3" fbTx="0.657282096" lbTx="0.65728218" tId="0" fbRx="0.667282096" lbRx="0.66728218" />
<p fId="0" fbTx="0.65728218" lbTx="0.657283055" tId="1" fbRx="0.65728218" lbRx="0.657283055" />
<p fId="1" fbTx="0.657283055" lbTx="0.65728393" tId="4" fbRx="0.657283055" lbRx="0.65728393" />
<p fId="3" fbTx="0.657382096" lbTx="0.65738218" tId="0" fbRx="0.667382096" lbRx="0.66738218" />
<p fId="0" fbTx="0.65738218" lbTx="0.657383055" tId="1" fbRx="0.65738218" lbRx="0.657383055" />
<p fId="1" fbTx="0.657383055" lbTx="0.65738393" tId="4" fbRx="0.657383055" lbRx="0.65738393" />
<p fId="3" fbTx="0.657482096" lbTx="0.65748218" tId="0" fbRx="0.667482096" lbRx="0.66748218" />
<p fId="0" fbTx="0.65748218" lbTx="0.657483055" tId="1" fbRx="0.65748218" lbRx="0.657483055" />
<p fId="1" fbTx="0.657483055" lbTx="0.65748393" tId="4" fbRx="0.657483055" lbRx="0.65748393" />
<p fId="3" fbTx="0.657582096" lbTx="0.65758218" tId="0" fbRx="0.667582096" lbRx="0.66758218" />
<p fId="0" fbTx="0.65758218" lbTx="0.657583055" tId="1" fbRx="0.65758218" lbRx="0.657583055" />
<p fId="1" fbTx="0.657583055" lbTx="0.65758393" tId="4" fbRx="0.657583055" lbRx="0.65758393" />
<p fId="3" fbTx="0.657682096" lbTx="0.65768218" tId="0" fbRx="0.667682096" lbRx="0.66768218" />
<p fId="0" fbTx="0.65768218" lbTx="0.657683055" tId="1" fbRx="0.65768218" lbRx="0.657683055" />
<p fId="1" fbTx="0.657683055" lbTx="0.65768393" tId="4" fbRx="0.657683055" lbRx="0.65768393" />
<p fId="3" fbTx="0.657782096" lbTx="0.65778218" tId="0" fbRx="0.667782096" lbRx="0.66778218" />
<p fId="0" fbTx="0.65778218" lbTx="0.657783055" tId="1" fbRx="0.65778218" lbRx="0.657783055" />
<p fId="1" fbTx="0.657783055" lbTx="0.65778393" tId="4" fbRx="0.657783055" lbRx="0.65778393" />
<p fId="3" fbTx="0.657882096" lbTx="0.65788218" tId="0" fbRx="0.667882096" lbRx="0.66788218" />
<p fId="0" fbTx="0.65788218" lbTx="0.657883055" tId="1" fbRx="0.65788218" lbRx="0.657883055" />
<p fId="1" fbTx="0.657883055" lbTx="0.65788393" tId="4" fbRx="0.657883055" lbRx="0.65788393" />
<p fId="3" fbTx="0.657982096" lbTx="0.65798218" tId="0" fbRx="0.667982096" lbRx="0.66798218" />
<p fId="0" fbTx="0.65798218" lbTx="0.657983055" tId="1" fbRx="0.65798218" lbRx="0.657983055" />
<p fId="1" fbTx="0.657983055" lbTx="0.65798393" tId="4" fbRx="0.657983055" lbRx="0.65798393" />
<p fId="3" fbTx="0.658082096" lbTx="0.65808218" tId="0" fbRx="0.668082096" lbRx="0.66808218" />
<p fId="0" fbTx="0.65808218" lbTx="0.658083055" tId="1" fbRx="0.65808218" lbRx="0.658083055" />
<p fId="1" fbTx="0.658083055" lbTx="0.65808393" tId="4" fbRx="0.658083055" lbRx="0.65808393" />
<p fId="3" fbTx="0.658182096" lbTx="0.65818218" tId="0" fbRx="0.668182096" lbRx="0.66818218" />
<p fId="0" fbTx="0.65818218" lbTx="0.658183055" tId="1" fbRx="0.65818218" lbRx="0.658183055" />
<p fId="1" fbTx="0.658183055" lbTx="0.65818393" tId="4" fbRx="0.658183055" lbRx="0.65818393" />
<pr uId="636" fId="4" fbTx="0.658214286" />
<wpr uId="636" tId="5" fbRx="0.658214286" lbRx="0" />
<wpr uId="636" tId="6" fbRx="0.658214286" lbRx="0" />
<p fId="3" fbTx="0.658282096" lbTx="0.65828218" tId="0" fbRx="0.668282096" lbRx="0.66828218" />
<p fId="0" fbTx="0.65828218" lbTx="0.658283055" tId="1" fbRx="0.65828218" lbRx="0.658283055" />
<p fId="1" fbTx="0.658283055" lbTx="0.65828393" tId="4" fbRx="0.658283055" lbRx="0.65828393" />
<p fId="3" fbTx="0.658382096" lbTx="0.65838218" tId="0" fbRx="0.668382096" lbRx="0.66838218" />
<p fId="0" fbTx="0.65838218" lbTx="0.658383055" tId="1" fbRx="0.65838218" lbRx="0.658383055" />
<p fId="1" fbTx="0.658383055" lbTx="0.65838393" tId="4" fbRx="0.658383055" lbRx="0.65838393" />
<p fId="3" fbTx="0.658482096" lbTx="0.65848218" tId="0" fbRx="0.668482096" lbRx="0.66848218" />
<p fId="0" fbTx="0.65848218" lbTx="0.658483055" tId="1" fbRx="0.65848218" lbRx="0.658483055" />
<p fId="1" fbTx="0.658483055" lbTx="0.65848393" tId="4" fbRx="0.658483055" lbRx="0.65848393" />
<p fId="3" fbTx="0.658582096" lbTx="0.65858218" tId="0" fbRx="0.668582096" lbRx="0.66858218" />
<p fId="0" fbTx="0.65858218" lbTx="0.658583055" tId="1" fbRx="0.65858218" lbRx="0.658583055" />
<p fId="1" fbTx="0.658583055" lbTx="0.65858393" tId="4" fbRx="0.658583055" lbRx="0.65858393" />
<p fId="3" fbTx="0.658682096" lbTx="0.65868218" tId="0" fbRx="0.668682096" lbRx="0.66868218" />
<p fId="0" fbTx="0.65868218" lbTx="0.658683055" tId="1" fbRx="0.65868218" lbRx="0.658683055" />
<p fId="1" fbTx="0.658683055" lbTx="0.65868393" tId="4" fbRx="0.658683055" lbRx="0.65868393" />
<p fId="3" fbTx="0.658782096" lbTx="0.65878218" tId="0" fbRx="0.668782096" lbRx="0.66878218" />
<p fId="0" fbTx="0.65878218" lbTx="0.658783055" tId="1" fbRx="0.65878218" lbRx="0.658783055" />
<p fId="1" fbTx="0.658783055" lbTx="0.65878393" tId="4" fbRx="0.658783055" lbRx="0.65878393" />
<p fId="3" fbTx="0.658882096" lbTx="0.65888218" tId="0" fbRx="0.668882096" lbRx="0.66888218" />
<p fId="0" fbTx="0.65888218" lbTx="0.658883055" tId="1" fbRx="0.65888218" lbRx="0.658883055" />
<p fId="1" fbTx="0.658883055" lbTx="0.65888393" tId="4" fbRx="0.658883055" lbRx="0.65888393" />
<p fId="3" fbTx="0.658982096" lbTx="0.65898218" tId="0" fbRx="0.668982096" lbRx="0.66898218" />
<p fId="0" fbTx="0.65898218" lbTx="0.658983055" tId="1" fbRx="0.65898218" lbRx="0.658983055" />
<p fId="1" fbTx="0.658983055" lbTx="0.65898393" tId="4" fbRx="0.658983055" lbRx="0.65898393" />
<p fId="3" fbTx="0.659082096" lbTx="0.65908218" tId="0" fbRx="0.669082096" lbRx="0.66908218" />
<p fId="0" fbTx="0.65908218" lbTx="0.659083055" tId="1" fbRx="0.65908218" lbRx="0.659083055" />
<p fId="1" fbTx="0.659083055" lbTx="0.65908393" tId="4" fbRx="0.659083055" lbRx="0.65908393" />
<p fId="3" fbTx="0.659182096" lbTx="0.65918218" tId="0" fbRx="0.669182096" lbRx="0.66918218" />
<p fId="0" fbTx="0.65918218" lbTx="0.659183055" tId="1" fbRx="0.65918218" lbRx="0.659183055" />
<p fId="1" fbTx="0.659183055" lbTx="0.65918393" tId="4" fbRx="0.659183055" lbRx="0.65918393" />
<pr uId="637" fId="4" fbTx="0.659214286" />
<wpr uId="637" tId="5" fbRx="0.659214286" lbRx="0" />
<wpr uId="637" tId="6" fbRx="0.659214286" lbRx="0" />
<p fId="3" fbTx="0.659282096" lbTx="0.65928218" tId="0" fbRx="0.669282096" lbRx="0.66928218" />
<p fId="0" fbTx="0.65928218" lbTx="0.659283055" tId="1" fbRx="0.65928218" lbRx="0.659283055" />
<p fId="1" fbTx="0.659283055" lbTx="0.65928393" tId="4" fbRx="0.659283055" lbRx="0.65928393" />
<p fId="3" fbTx="0.659382096" lbTx="0.65938218" tId="0" fbRx="0.669382096" lbRx="0.66938218" />
<p fId="0" fbTx="0.65938218" lbTx="0.659383055" tId="1" fbRx="0.65938218" lbRx="0.659383055" />
<p fId="1" fbTx="0.659383055" lbTx="0.65938393" tId="4" fbRx="0.659383055" lbRx="0.65938393" />
<p fId="3" fbTx="0.659482096" lbTx="0.65948218" tId="0" fbRx="0.669482096" lbRx="0.66948218" />
<p fId="0" fbTx="0.65948218" lbTx="0.659483055" tId="1" fbRx="0.65948218" lbRx="0.659483055" />
<p fId="1" fbTx="0.659483055" lbTx="0.65948393" tId="4" fbRx="0.659483055" lbRx="0.65948393" />
<p fId="3" fbTx="0.659582096" lbTx="0.65958218" tId="0" fbRx="0.669582096" lbRx="0.66958218" />
<p fId="0" fbTx="0.65958218" lbTx="0.659583055" tId="1" fbRx="0.65958218" lbRx="0.659583055" />
<p fId="1" fbTx="0.659583055" lbTx="0.65958393" tId="4" fbRx="0.659583055" lbRx="0.65958393" />
<p fId="3" fbTx="0.659682096" lbTx="0.65968218" tId="0" fbRx="0.669682096" lbRx="0.66968218" />
<p fId="0" fbTx="0.65968218" lbTx="0.659683055" tId="1" fbRx="0.65968218" lbRx="0.659683055" />
<p fId="1" fbTx="0.659683055" lbTx="0.65968393" tId="4" fbRx="0.659683055" lbRx="0.65968393" />
<p fId="3" fbTx="0.659782096" lbTx="0.65978218" tId="0" fbRx="0.669782096" lbRx="0.66978218" />
<p fId="0" fbTx="0.65978218" lbTx="0.659783055" tId="1" fbRx="0.65978218" lbRx="0.659783055" />
<p fId="1" fbTx="0.659783055" lbTx="0.65978393" tId="4" fbRx="0.659783055" lbRx="0.65978393" />
<p fId="3" fbTx="0.659882096" lbTx="0.65988218" tId="0" fbRx="0.669882096" lbRx="0.66988218" />
<p fId="0" fbTx="0.65988218" lbTx="0.659883055" tId="1" fbRx="0.65988218" lbRx="0.659883055" />
<p fId="1" fbTx="0.659883055" lbTx="0.65988393" tId="4" fbRx="0.659883055" lbRx="0.65988393" />
<p fId="3" fbTx="0.659982096" lbTx="0.65998218" tId="0" fbRx="0.669982096" lbRx="0.66998218" />
<p fId="0" fbTx="0.65998218" lbTx="0.659983055" tId="1" fbRx="0.65998218" lbRx="0.659983055" />
<p fId="1" fbTx="0.659983055" lbTx="0.65998393" tId="4" fbRx="0.659983055" lbRx="0.65998393" />
<p fId="3" fbTx="0.660082096" lbTx="0.66008218" tId="0" fbRx="0.670082096" lbRx="0.67008218" />
<p fId="0" fbTx="0.66008218" lbTx="0.660083055" tId="1" fbRx="0.66008218" lbRx="0.660083055" />
<p fId="1" fbTx="0.660083055" lbTx="0.66008393" tId="4" fbRx="0.660083055" lbRx="0.66008393" />
<p fId="3" fbTx="0.660182096" lbTx="0.66018218" tId="0" fbRx="0.670182096" lbRx="0.67018218" />
<p fId="0" fbTx="0.66018218" lbTx="0.660183055" tId="1" fbRx="0.66018218" lbRx="0.660183055" />
<p fId="1" fbTx="0.660183055" lbTx="0.66018393" tId="4" fbRx="0.660183055" lbRx="0.66018393" />
<pr uId="638" fId="4" fbTx="0.660214286" />
<wpr uId="638" tId="5" fbRx="0.660214286" lbRx="0" />
<wpr uId="638" tId="6" fbRx="0.660214286" lbRx="0" />
<p fId="3" fbTx="0.660282096" lbTx="0.66028218" tId="0" fbRx="0.670282096" lbRx="0.67028218" />
<p fId="0" fbTx="0.66028218" lbTx="0.660283055" tId="1" fbRx="0.66028218" lbRx="0.660283055" />
<p fId="1" fbTx="0.660283055" lbTx="0.66028393" tId="4" fbRx="0.660283055" lbRx="0.66028393" />
<p fId="3" fbTx="0.660382096" lbTx="0.66038218" tId="0" fbRx="0.670382096" lbRx="0.67038218" />
<p fId="0" fbTx="0.66038218" lbTx="0.660383055" tId="1" fbRx="0.66038218" lbRx="0.660383055" />
<p fId="1" fbTx="0.660383055" lbTx="0.66038393" tId="4" fbRx="0.660383055" lbRx="0.66038393" />
<p fId="3" fbTx="0.660482096" lbTx="0.66048218" tId="0" fbRx="0.670482096" lbRx="0.67048218" />
<p fId="0" fbTx="0.66048218" lbTx="0.660483055" tId="1" fbRx="0.66048218" lbRx="0.660483055" />
<p fId="1" fbTx="0.660483055" lbTx="0.66048393" tId="4" fbRx="0.660483055" lbRx="0.66048393" />
<p fId="3" fbTx="0.660582096" lbTx="0.66058218" tId="0" fbRx="0.670582096" lbRx="0.67058218" />
<p fId="0" fbTx="0.66058218" lbTx="0.660583055" tId="1" fbRx="0.66058218" lbRx="0.660583055" />
<p fId="1" fbTx="0.660583055" lbTx="0.66058393" tId="4" fbRx="0.660583055" lbRx="0.66058393" />
<p fId="3" fbTx="0.660682096" lbTx="0.66068218" tId="0" fbRx="0.670682096" lbRx="0.67068218" />
<p fId="0" fbTx="0.66068218" lbTx="0.660683055" tId="1" fbRx="0.66068218" lbRx="0.660683055" />
<p fId="1" fbTx="0.660683055" lbTx="0.66068393" tId="4" fbRx="0.660683055" lbRx="0.66068393" />
<p fId="3" fbTx="0.660782096" lbTx="0.66078218" tId="0" fbRx="0.670782096" lbRx="0.67078218" />
<p fId="0" fbTx="0.66078218" lbTx="0.660783055" tId="1" fbRx="0.66078218" lbRx="0.660783055" />
<p fId="1" fbTx="0.660783055" lbTx="0.66078393" tId="4" fbRx="0.660783055" lbRx="0.66078393" />
<p fId="3" fbTx="0.660882096" lbTx="0.66088218" tId="0" fbRx="0.670882096" lbRx="0.67088218" />
<p fId="0" fbTx="0.66088218" lbTx="0.660883055" tId="1" fbRx="0.66088218" lbRx="0.660883055" />
<p fId="1" fbTx="0.660883055" lbTx="0.66088393" tId="4" fbRx="0.660883055" lbRx="0.66088393" />
<p fId="3" fbTx="0.660982096" lbTx="0.66098218" tId="0" fbRx="0.670982096" lbRx="0.67098218" />
<p fId="0" fbTx="0.66098218" lbTx="0.660983055" tId="1" fbRx="0.66098218" lbRx="0.660983055" />
<p fId="1" fbTx="0.660983055" lbTx="0.66098393" tId="4" fbRx="0.660983055" lbRx="0.66098393" />
<p fId="3" fbTx="0.661082096" lbTx="0.66108218" tId="0" fbRx="0.671082096" lbRx="0.67108218" />
<p fId="0" fbTx="0.66108218" lbTx="0.661083055" tId="1" fbRx="0.66108218" lbRx="0.661083055" />
<p fId="1" fbTx="0.661083055" lbTx="0.66108393" tId="4" fbRx="0.661083055" lbRx="0.66108393" />
<p fId="3" fbTx="0.661182096" lbTx="0.66118218" tId="0" fbRx="0.671182096" lbRx="0.67118218" />
<p fId="0" fbTx="0.66118218" lbTx="0.661183055" tId="1" fbRx="0.66118218" lbRx="0.661183055" />
<p fId="1" fbTx="0.661183055" lbTx="0.66118393" tId="4" fbRx="0.661183055" lbRx="0.66118393" />
<pr uId="639" fId="4" fbTx="0.661214286" />
<wpr uId="639" tId="5" fbRx="0.661214286" lbRx="0" />
<wpr uId="639" tId="6" fbRx="0.661214286" lbRx="0" />
<p fId="3" fbTx="0.661282096" lbTx="0.66128218" tId="0" fbRx="0.671282096" lbRx="0.67128218" />
<p fId="0" fbTx="0.66128218" lbTx="0.661283055" tId="1" fbRx="0.66128218" lbRx="0.661283055" />
<p fId="1" fbTx="0.661283055" lbTx="0.66128393" tId="4" fbRx="0.661283055" lbRx="0.66128393" />
<p fId="3" fbTx="0.661382096" lbTx="0.66138218" tId="0" fbRx="0.671382096" lbRx="0.67138218" />
<p fId="0" fbTx="0.66138218" lbTx="0.661383055" tId="1" fbRx="0.66138218" lbRx="0.661383055" />
<p fId="1" fbTx="0.661383055" lbTx="0.66138393" tId="4" fbRx="0.661383055" lbRx="0.66138393" />
<p fId="3" fbTx="0.661482096" lbTx="0.66148218" tId="0" fbRx="0.671482096" lbRx="0.67148218" />
<p fId="0" fbTx="0.66148218" lbTx="0.661483055" tId="1" fbRx="0.66148218" lbRx="0.661483055" />
<p fId="1" fbTx="0.661483055" lbTx="0.66148393" tId="4" fbRx="0.661483055" lbRx="0.66148393" />
<p fId="3" fbTx="0.661582096" lbTx="0.66158218" tId="0" fbRx="0.671582096" lbRx="0.67158218" />
<p fId="0" fbTx="0.66158218" lbTx="0.661583055" tId="1" fbRx="0.66158218" lbRx="0.661583055" />
<p fId="1" fbTx="0.661583055" lbTx="0.66158393" tId="4" fbRx="0.661583055" lbRx="0.66158393" />
<p fId="3" fbTx="0.661682096" lbTx="0.66168218" tId="0" fbRx="0.671682096" lbRx="0.67168218" />
<p fId="0" fbTx="0.66168218" lbTx="0.661683055" tId="1" fbRx="0.66168218" lbRx="0.661683055" />
<p fId="1" fbTx="0.661683055" lbTx="0.66168393" tId="4" fbRx="0.661683055" lbRx="0.66168393" />
<p fId="3" fbTx="0.661782096" lbTx="0.66178218" tId="0" fbRx="0.671782096" lbRx="0.67178218" />
<p fId="0" fbTx="0.66178218" lbTx="0.661783055" tId="1" fbRx="0.66178218" lbRx="0.661783055" />
<p fId="1" fbTx="0.661783055" lbTx="0.66178393" tId="4" fbRx="0.661783055" lbRx="0.66178393" />
<p fId="3" fbTx="0.661882096" lbTx="0.66188218" tId="0" fbRx="0.671882096" lbRx="0.67188218" />
<p fId="0" fbTx="0.66188218" lbTx="0.661883055" tId="1" fbRx="0.66188218" lbRx="0.661883055" />
<p fId="1" fbTx="0.661883055" lbTx="0.66188393" tId="4" fbRx="0.661883055" lbRx="0.66188393" />
<p fId="3" fbTx="0.661982096" lbTx="0.66198218" tId="0" fbRx="0.671982096" lbRx="0.67198218" />
<p fId="0" fbTx="0.66198218" lbTx="0.661983055" tId="1" fbRx="0.66198218" lbRx="0.661983055" />
<p fId="1" fbTx="0.661983055" lbTx="0.66198393" tId="4" fbRx="0.661983055" lbRx="0.66198393" />
<p fId="3" fbTx="0.662082096" lbTx="0.66208218" tId="0" fbRx="0.672082096" lbRx="0.67208218" />
<p fId="0" fbTx="0.66208218" lbTx="0.662083055" tId="1" fbRx="0.66208218" lbRx="0.662083055" />
<p fId="1" fbTx="0.662083055" lbTx="0.66208393" tId="4" fbRx="0.662083055" lbRx="0.66208393" />
<p fId="3" fbTx="0.662182096" lbTx="0.66218218" tId="0" fbRx="0.672182096" lbRx="0.67218218" />
<p fId="0" fbTx="0.66218218" lbTx="0.662183055" tId="1" fbRx="0.66218218" lbRx="0.662183055" />
<p fId="1" fbTx="0.662183055" lbTx="0.66218393" tId="4" fbRx="0.662183055" lbRx="0.66218393" />
<pr uId="640" fId="4" fbTx="0.662214286" />
<wpr uId="640" tId="5" fbRx="0.662214286" lbRx="0" />
<wpr uId="640" tId="6" fbRx="0.662214286" lbRx="0" />
<p fId="3" fbTx="0.662282096" lbTx="0.66228218" tId="0" fbRx="0.672282096" lbRx="0.67228218" />
<p fId="0" fbTx="0.66228218" lbTx="0.662283055" tId="1" fbRx="0.66228218" lbRx="0.662283055" />
<p fId="1" fbTx="0.662283055" lbTx="0.66228393" tId="4" fbRx="0.662283055" lbRx="0.66228393" />
<p fId="3" fbTx="0.662382096" lbTx="0.66238218" tId="0" fbRx="0.672382096" lbRx="0.67238218" />
<p fId="0" fbTx="0.66238218" lbTx="0.662383055" tId="1" fbRx="0.66238218" lbRx="0.662383055" />
<p fId="1" fbTx="0.662383055" lbTx="0.66238393" tId="4" fbRx="0.662383055" lbRx="0.66238393" />
<p fId="3" fbTx="0.662482096" lbTx="0.66248218" tId="0" fbRx="0.672482096" lbRx="0.67248218" />
<p fId="0" fbTx="0.66248218" lbTx="0.662483055" tId="1" fbRx="0.66248218" lbRx="0.662483055" />
<p fId="1" fbTx="0.662483055" lbTx="0.66248393" tId="4" fbRx="0.662483055" lbRx="0.66248393" />
<p fId="3" fbTx="0.662582096" lbTx="0.66258218" tId="0" fbRx="0.672582096" lbRx="0.67258218" />
<p fId="0" fbTx="0.66258218" lbTx="0.662583055" tId="1" fbRx="0.66258218" lbRx="0.662583055" />
<p fId="1" fbTx="0.662583055" lbTx="0.66258393" tId="4" fbRx="0.662583055" lbRx="0.66258393" />
<p fId="3" fbTx="0.662682096" lbTx="0.66268218" tId="0" fbRx="0.672682096" lbRx="0.67268218" />
<p fId="0" fbTx="0.66268218" lbTx="0.662683055" tId="1" fbRx="0.66268218" lbRx="0.662683055" />
<p fId="1" fbTx="0.662683055" lbTx="0.66268393" tId="4" fbRx="0.662683055" lbRx="0.66268393" />
<p fId="3" fbTx="0.662782096" lbTx="0.66278218" tId="0" fbRx="0.672782096" lbRx="0.67278218" />
<p fId="0" fbTx="0.66278218" lbTx="0.662783055" tId="1" fbRx="0.66278218" lbRx="0.662783055" />
<p fId="1" fbTx="0.662783055" lbTx="0.66278393" tId="4" fbRx="0.662783055" lbRx="0.66278393" />
<p fId="3" fbTx="0.662882096" lbTx="0.66288218" tId="0" fbRx="0.672882096" lbRx="0.67288218" />
<p fId="0" fbTx="0.66288218" lbTx="0.662883055" tId="1" fbRx="0.66288218" lbRx="0.662883055" />
<p fId="1" fbTx="0.662883055" lbTx="0.66288393" tId="4" fbRx="0.662883055" lbRx="0.66288393" />
<p fId="3" fbTx="0.662982096" lbTx="0.66298218" tId="0" fbRx="0.672982096" lbRx="0.67298218" />
<p fId="0" fbTx="0.66298218" lbTx="0.662983055" tId="1" fbRx="0.66298218" lbRx="0.662983055" />
<p fId="1" fbTx="0.662983055" lbTx="0.66298393" tId="4" fbRx="0.662983055" lbRx="0.66298393" />
<p fId="3" fbTx="0.663082096" lbTx="0.66308218" tId="0" fbRx="0.673082096" lbRx="0.67308218" />
<p fId="0" fbTx="0.66308218" lbTx="0.663083055" tId="1" fbRx="0.66308218" lbRx="0.663083055" />
<p fId="1" fbTx="0.663083055" lbTx="0.66308393" tId="4" fbRx="0.663083055" lbRx="0.66308393" />
<p fId="3" fbTx="0.663182096" lbTx="0.66318218" tId="0" fbRx="0.673182096" lbRx="0.67318218" />
<p fId="0" fbTx="0.66318218" lbTx="0.663183055" tId="1" fbRx="0.66318218" lbRx="0.663183055" />
<p fId="1" fbTx="0.663183055" lbTx="0.66318393" tId="4" fbRx="0.663183055" lbRx="0.66318393" />
<pr uId="641" fId="4" fbTx="0.663214286" />
<wpr uId="641" tId="5" fbRx="0.663214286" lbRx="0" />
<wpr uId="641" tId="6" fbRx="0.663214286" lbRx="0" />
<p fId="3" fbTx="0.663282096" lbTx="0.66328218" tId="0" fbRx="0.673282096" lbRx="0.67328218" />
<p fId="0" fbTx="0.66328218" lbTx="0.663283055" tId="1" fbRx="0.66328218" lbRx="0.663283055" />
<p fId="1" fbTx="0.663283055" lbTx="0.66328393" tId="4" fbRx="0.663283055" lbRx="0.66328393" />
<p fId="3" fbTx="0.663382096" lbTx="0.66338218" tId="0" fbRx="0.673382096" lbRx="0.67338218" />
<p fId="0" fbTx="0.66338218" lbTx="0.663383055" tId="1" fbRx="0.66338218" lbRx="0.663383055" />
<p fId="1" fbTx="0.663383055" lbTx="0.66338393" tId="4" fbRx="0.663383055" lbRx="0.66338393" />
<p fId="3" fbTx="0.663482096" lbTx="0.66348218" tId="0" fbRx="0.673482096" lbRx="0.67348218" />
<p fId="0" fbTx="0.66348218" lbTx="0.663483055" tId="1" fbRx="0.66348218" lbRx="0.663483055" />
<p fId="1" fbTx="0.663483055" lbTx="0.66348393" tId="4" fbRx="0.663483055" lbRx="0.66348393" />
<p fId="3" fbTx="0.663582096" lbTx="0.66358218" tId="0" fbRx="0.673582096" lbRx="0.67358218" />
<p fId="0" fbTx="0.66358218" lbTx="0.663583055" tId="1" fbRx="0.66358218" lbRx="0.663583055" />
<p fId="1" fbTx="0.663583055" lbTx="0.66358393" tId="4" fbRx="0.663583055" lbRx="0.66358393" />
<p fId="3" fbTx="0.663682096" lbTx="0.66368218" tId="0" fbRx="0.673682096" lbRx="0.67368218" />
<p fId="0" fbTx="0.66368218" lbTx="0.663683055" tId="1" fbRx="0.66368218" lbRx="0.663683055" />
<p fId="1" fbTx="0.663683055" lbTx="0.66368393" tId="4" fbRx="0.663683055" lbRx="0.66368393" />
<p fId="3" fbTx="0.663782096" lbTx="0.66378218" tId="0" fbRx="0.673782096" lbRx="0.67378218" />
<p fId="0" fbTx="0.66378218" lbTx="0.663783055" tId="1" fbRx="0.66378218" lbRx="0.663783055" />
<p fId="1" fbTx="0.663783055" lbTx="0.66378393" tId="4" fbRx="0.663783055" lbRx="0.66378393" />
<p fId="3" fbTx="0.663882096" lbTx="0.66388218" tId="0" fbRx="0.673882096" lbRx="0.67388218" />
<p fId="0" fbTx="0.66388218" lbTx="0.663883055" tId="1" fbRx="0.66388218" lbRx="0.663883055" />
<p fId="1" fbTx="0.663883055" lbTx="0.66388393" tId="4" fbRx="0.663883055" lbRx="0.66388393" />
<p fId="3" fbTx="0.663982096" lbTx="0.66398218" tId="0" fbRx="0.673982096" lbRx="0.67398218" />
<p fId="0" fbTx="0.66398218" lbTx="0.663983055" tId="1" fbRx="0.66398218" lbRx="0.663983055" />
<p fId="1" fbTx="0.663983055" lbTx="0.66398393" tId="4" fbRx="0.663983055" lbRx="0.66398393" />
<p fId="3" fbTx="0.664082096" lbTx="0.66408218" tId="0" fbRx="0.674082096" lbRx="0.67408218" />
<p fId="0" fbTx="0.66408218" lbTx="0.664083055" tId="1" fbRx="0.66408218" lbRx="0.664083055" />
<p fId="1" fbTx="0.664083055" lbTx="0.66408393" tId="4" fbRx="0.664083055" lbRx="0.66408393" />
<p fId="3" fbTx="0.664182096" lbTx="0.66418218" tId="0" fbRx="0.674182096" lbRx="0.67418218" />
<p fId="0" fbTx="0.66418218" lbTx="0.664183055" tId="1" fbRx="0.66418218" lbRx="0.664183055" />
<p fId="1" fbTx="0.664183055" lbTx="0.66418393" tId="4" fbRx="0.664183055" lbRx="0.66418393" />
<pr uId="642" fId="4" fbTx="0.664214286" />
<wpr uId="642" tId="5" fbRx="0.664214286" lbRx="0" />
<wpr uId="642" tId="6" fbRx="0.664214286" lbRx="0" />
<p fId="3" fbTx="0.664282096" lbTx="0.66428218" tId="0" fbRx="0.674282096" lbRx="0.67428218" />
<p fId="0" fbTx="0.66428218" lbTx="0.664283055" tId="1" fbRx="0.66428218" lbRx="0.664283055" />
<p fId="1" fbTx="0.664283055" lbTx="0.66428393" tId="4" fbRx="0.664283055" lbRx="0.66428393" />
<p fId="3" fbTx="0.664382096" lbTx="0.66438218" tId="0" fbRx="0.674382096" lbRx="0.67438218" />
<p fId="0" fbTx="0.66438218" lbTx="0.664383055" tId="1" fbRx="0.66438218" lbRx="0.664383055" />
<p fId="1" fbTx="0.664383055" lbTx="0.66438393" tId="4" fbRx="0.664383055" lbRx="0.66438393" />
<p fId="3" fbTx="0.664482096" lbTx="0.66448218" tId="0" fbRx="0.674482096" lbRx="0.67448218" />
<p fId="0" fbTx="0.66448218" lbTx="0.664483055" tId="1" fbRx="0.66448218" lbRx="0.664483055" />
<p fId="1" fbTx="0.664483055" lbTx="0.66448393" tId="4" fbRx="0.664483055" lbRx="0.66448393" />
<p fId="3" fbTx="0.664582096" lbTx="0.66458218" tId="0" fbRx="0.674582096" lbRx="0.67458218" />
<p fId="0" fbTx="0.66458218" lbTx="0.664583055" tId="1" fbRx="0.66458218" lbRx="0.664583055" />
<p fId="1" fbTx="0.664583055" lbTx="0.66458393" tId="4" fbRx="0.664583055" lbRx="0.66458393" />
<p fId="3" fbTx="0.664682096" lbTx="0.66468218" tId="0" fbRx="0.674682096" lbRx="0.67468218" />
<p fId="0" fbTx="0.66468218" lbTx="0.664683055" tId="1" fbRx="0.66468218" lbRx="0.664683055" />
<p fId="1" fbTx="0.664683055" lbTx="0.66468393" tId="4" fbRx="0.664683055" lbRx="0.66468393" />
<p fId="3" fbTx="0.664782096" lbTx="0.66478218" tId="0" fbRx="0.674782096" lbRx="0.67478218" />
<p fId="0" fbTx="0.66478218" lbTx="0.664783055" tId="1" fbRx="0.66478218" lbRx="0.664783055" />
<p fId="1" fbTx="0.664783055" lbTx="0.66478393" tId="4" fbRx="0.664783055" lbRx="0.66478393" />
<p fId="3" fbTx="0.664882096" lbTx="0.66488218" tId="0" fbRx="0.674882096" lbRx="0.67488218" />
<p fId="0" fbTx="0.66488218" lbTx="0.664883055" tId="1" fbRx="0.66488218" lbRx="0.664883055" />
<p fId="1" fbTx="0.664883055" lbTx="0.66488393" tId="4" fbRx="0.664883055" lbRx="0.66488393" />
<p fId="3" fbTx="0.664982096" lbTx="0.66498218" tId="0" fbRx="0.674982096" lbRx="0.67498218" />
<p fId="0" fbTx="0.66498218" lbTx="0.664983055" tId="1" fbRx="0.66498218" lbRx="0.664983055" />
<p fId="1" fbTx="0.664983055" lbTx="0.66498393" tId="4" fbRx="0.664983055" lbRx="0.66498393" />
<p fId="3" fbTx="0.665082096" lbTx="0.66508218" tId="0" fbRx="0.675082096" lbRx="0.67508218" />
<p fId="0" fbTx="0.66508218" lbTx="0.665083055" tId="1" fbRx="0.66508218" lbRx="0.665083055" />
<p fId="1" fbTx="0.665083055" lbTx="0.66508393" tId="4" fbRx="0.665083055" lbRx="0.66508393" />
<p fId="3" fbTx="0.665182096" lbTx="0.66518218" tId="0" fbRx="0.675182096" lbRx="0.67518218" />
<p fId="0" fbTx="0.66518218" lbTx="0.665183055" tId="1" fbRx="0.66518218" lbRx="0.665183055" />
<p fId="1" fbTx="0.665183055" lbTx="0.66518393" tId="4" fbRx="0.665183055" lbRx="0.66518393" />
<pr uId="643" fId="4" fbTx="0.665214286" />
<wpr uId="643" tId="5" fbRx="0.665214286" lbRx="0" />
<wpr uId="643" tId="6" fbRx="0.665214286" lbRx="0" />
<p fId="3" fbTx="0.665282096" lbTx="0.66528218" tId="0" fbRx="0.675282096" lbRx="0.67528218" />
<p fId="0" fbTx="0.66528218" lbTx="0.665283055" tId="1" fbRx="0.66528218" lbRx="0.665283055" />
<p fId="1" fbTx="0.665283055" lbTx="0.66528393" tId="4" fbRx="0.665283055" lbRx="0.66528393" />
<p fId="3" fbTx="0.665382096" lbTx="0.66538218" tId="0" fbRx="0.675382096" lbRx="0.67538218" />
<p fId="0" fbTx="0.66538218" lbTx="0.665383055" tId="1" fbRx="0.66538218" lbRx="0.665383055" />
<p fId="1" fbTx="0.665383055" lbTx="0.66538393" tId="4" fbRx="0.665383055" lbRx="0.66538393" />
<p fId="3" fbTx="0.665482096" lbTx="0.66548218" tId="0" fbRx="0.675482096" lbRx="0.67548218" />
<p fId="0" fbTx="0.66548218" lbTx="0.665483055" tId="1" fbRx="0.66548218" lbRx="0.665483055" />
<p fId="1" fbTx="0.665483055" lbTx="0.66548393" tId="4" fbRx="0.665483055" lbRx="0.66548393" />
<p fId="3" fbTx="0.665582096" lbTx="0.66558218" tId="0" fbRx="0.675582096" lbRx="0.67558218" />
<p fId="0" fbTx="0.66558218" lbTx="0.665583055" tId="1" fbRx="0.66558218" lbRx="0.665583055" />
<p fId="1" fbTx="0.665583055" lbTx="0.66558393" tId="4" fbRx="0.665583055" lbRx="0.66558393" />
<p fId="3" fbTx="0.665682096" lbTx="0.66568218" tId="0" fbRx="0.675682096" lbRx="0.67568218" />
<p fId="0" fbTx="0.66568218" lbTx="0.665683055" tId="1" fbRx="0.66568218" lbRx="0.665683055" />
<p fId="1" fbTx="0.665683055" lbTx="0.66568393" tId="4" fbRx="0.665683055" lbRx="0.66568393" />
<p fId="3" fbTx="0.665782096" lbTx="0.66578218" tId="0" fbRx="0.675782096" lbRx="0.67578218" />
<p fId="0" fbTx="0.66578218" lbTx="0.665783055" tId="1" fbRx="0.66578218" lbRx="0.665783055" />
<p fId="1" fbTx="0.665783055" lbTx="0.66578393" tId="4" fbRx="0.665783055" lbRx="0.66578393" />
<p fId="3" fbTx="0.665882096" lbTx="0.66588218" tId="0" fbRx="0.675882096" lbRx="0.67588218" />
<p fId="0" fbTx="0.66588218" lbTx="0.665883055" tId="1" fbRx="0.66588218" lbRx="0.665883055" />
<p fId="1" fbTx="0.665883055" lbTx="0.66588393" tId="4" fbRx="0.665883055" lbRx="0.66588393" />
<p fId="3" fbTx="0.665982096" lbTx="0.66598218" tId="0" fbRx="0.675982096" lbRx="0.67598218" />
<p fId="0" fbTx="0.66598218" lbTx="0.665983055" tId="1" fbRx="0.66598218" lbRx="0.665983055" />
<p fId="1" fbTx="0.665983055" lbTx="0.66598393" tId="4" fbRx="0.665983055" lbRx="0.66598393" />
<p fId="3" fbTx="0.666082096" lbTx="0.66608218" tId="0" fbRx="0.676082096" lbRx="0.67608218" />
<p fId="0" fbTx="0.66608218" lbTx="0.666083055" tId="1" fbRx="0.66608218" lbRx="0.666083055" />
<p fId="1" fbTx="0.666083055" lbTx="0.66608393" tId="4" fbRx="0.666083055" lbRx="0.66608393" />
<p fId="3" fbTx="0.666182096" lbTx="0.66618218" tId="0" fbRx="0.676182096" lbRx="0.67618218" />
<p fId="0" fbTx="0.66618218" lbTx="0.666183055" tId="1" fbRx="0.66618218" lbRx="0.666183055" />
<p fId="1" fbTx="0.666183055" lbTx="0.66618393" tId="4" fbRx="0.666183055" lbRx="0.66618393" />
<pr uId="644" fId="4" fbTx="0.666214286" />
<wpr uId="644" tId="5" fbRx="0.666214286" lbRx="0" />
<wpr uId="644" tId="6" fbRx="0.666214286" lbRx="0" />
<p fId="3" fbTx="0.666282096" lbTx="0.66628218" tId="0" fbRx="0.676282096" lbRx="0.67628218" />
<p fId="0" fbTx="0.66628218" lbTx="0.666283055" tId="1" fbRx="0.66628218" lbRx="0.666283055" />
<p fId="1" fbTx="0.666283055" lbTx="0.66628393" tId="4" fbRx="0.666283055" lbRx="0.66628393" />
<p fId="3" fbTx="0.666382096" lbTx="0.66638218" tId="0" fbRx="0.676382096" lbRx="0.67638218" />
<p fId="0" fbTx="0.66638218" lbTx="0.666383055" tId="1" fbRx="0.66638218" lbRx="0.666383055" />
<p fId="1" fbTx="0.666383055" lbTx="0.66638393" tId="4" fbRx="0.666383055" lbRx="0.66638393" />
<p fId="3" fbTx="0.666482096" lbTx="0.66648218" tId="0" fbRx="0.676482096" lbRx="0.67648218" />
<p fId="0" fbTx="0.66648218" lbTx="0.666483055" tId="1" fbRx="0.66648218" lbRx="0.666483055" />
<p fId="1" fbTx="0.666483055" lbTx="0.66648393" tId="4" fbRx="0.666483055" lbRx="0.66648393" />
<p fId="3" fbTx="0.666582096" lbTx="0.66658218" tId="0" fbRx="0.676582096" lbRx="0.67658218" />
<p fId="0" fbTx="0.66658218" lbTx="0.666583055" tId="1" fbRx="0.66658218" lbRx="0.666583055" />
<p fId="1" fbTx="0.666583055" lbTx="0.66658393" tId="4" fbRx="0.666583055" lbRx="0.66658393" />
<p fId="3" fbTx="0.666682096" lbTx="0.66668218" tId="0" fbRx="0.676682096" lbRx="0.67668218" />
<p fId="0" fbTx="0.66668218" lbTx="0.666683055" tId="1" fbRx="0.66668218" lbRx="0.666683055" />
<p fId="1" fbTx="0.666683055" lbTx="0.66668393" tId="4" fbRx="0.666683055" lbRx="0.66668393" />
<p fId="3" fbTx="0.666782096" lbTx="0.66678218" tId="0" fbRx="0.676782096" lbRx="0.67678218" />
<p fId="0" fbTx="0.66678218" lbTx="0.666783055" tId="1" fbRx="0.66678218" lbRx="0.666783055" />
<p fId="1" fbTx="0.666783055" lbTx="0.66678393" tId="4" fbRx="0.666783055" lbRx="0.66678393" />
<p fId="3" fbTx="0.666882096" lbTx="0.66688218" tId="0" fbRx="0.676882096" lbRx="0.67688218" />
<p fId="0" fbTx="0.66688218" lbTx="0.666883055" tId="1" fbRx="0.66688218" lbRx="0.666883055" />
<p fId="1" fbTx="0.666883055" lbTx="0.66688393" tId="4" fbRx="0.666883055" lbRx="0.66688393" />
<p fId="3" fbTx="0.666982096" lbTx="0.66698218" tId="0" fbRx="0.676982096" lbRx="0.67698218" />
<p fId="0" fbTx="0.66698218" lbTx="0.666983055" tId="1" fbRx="0.66698218" lbRx="0.666983055" />
<p fId="1" fbTx="0.666983055" lbTx="0.66698393" tId="4" fbRx="0.666983055" lbRx="0.66698393" />
<p fId="3" fbTx="0.667082096" lbTx="0.66708218" tId="0" fbRx="0.677082096" lbRx="0.67708218" />
<p fId="0" fbTx="0.66708218" lbTx="0.667083055" tId="1" fbRx="0.66708218" lbRx="0.667083055" />
<p fId="1" fbTx="0.667083055" lbTx="0.66708393" tId="4" fbRx="0.667083055" lbRx="0.66708393" />
<p fId="3" fbTx="0.667182096" lbTx="0.66718218" tId="0" fbRx="0.677182096" lbRx="0.67718218" />
<p fId="0" fbTx="0.66718218" lbTx="0.667183055" tId="1" fbRx="0.66718218" lbRx="0.667183055" />
<p fId="1" fbTx="0.667183055" lbTx="0.66718393" tId="4" fbRx="0.667183055" lbRx="0.66718393" />
<pr uId="645" fId="4" fbTx="0.667214286" />
<wpr uId="645" tId="5" fbRx="0.667214286" lbRx="0" />
<wpr uId="645" tId="6" fbRx="0.667214286" lbRx="0" />
<p fId="3" fbTx="0.667282096" lbTx="0.66728218" tId="0" fbRx="0.677282096" lbRx="0.67728218" />
<p fId="0" fbTx="0.66728218" lbTx="0.667283055" tId="1" fbRx="0.66728218" lbRx="0.667283055" />
<p fId="1" fbTx="0.667283055" lbTx="0.66728393" tId="4" fbRx="0.667283055" lbRx="0.66728393" />
<p fId="3" fbTx="0.667382096" lbTx="0.66738218" tId="0" fbRx="0.677382096" lbRx="0.67738218" />
<p fId="0" fbTx="0.66738218" lbTx="0.667383055" tId="1" fbRx="0.66738218" lbRx="0.667383055" />
<p fId="1" fbTx="0.667383055" lbTx="0.66738393" tId="4" fbRx="0.667383055" lbRx="0.66738393" />
<p fId="3" fbTx="0.667482096" lbTx="0.66748218" tId="0" fbRx="0.677482096" lbRx="0.67748218" />
<p fId="0" fbTx="0.66748218" lbTx="0.667483055" tId="1" fbRx="0.66748218" lbRx="0.667483055" />
<p fId="1" fbTx="0.667483055" lbTx="0.66748393" tId="4" fbRx="0.667483055" lbRx="0.66748393" />
<p fId="3" fbTx="0.667582096" lbTx="0.66758218" tId="0" fbRx="0.677582096" lbRx="0.67758218" />
<p fId="0" fbTx="0.66758218" lbTx="0.667583055" tId="1" fbRx="0.66758218" lbRx="0.667583055" />
<p fId="1" fbTx="0.667583055" lbTx="0.66758393" tId="4" fbRx="0.667583055" lbRx="0.66758393" />
<p fId="3" fbTx="0.667682096" lbTx="0.66768218" tId="0" fbRx="0.677682096" lbRx="0.67768218" />
<p fId="0" fbTx="0.66768218" lbTx="0.667683055" tId="1" fbRx="0.66768218" lbRx="0.667683055" />
<p fId="1" fbTx="0.667683055" lbTx="0.66768393" tId="4" fbRx="0.667683055" lbRx="0.66768393" />
<p fId="3" fbTx="0.667782096" lbTx="0.66778218" tId="0" fbRx="0.677782096" lbRx="0.67778218" />
<p fId="0" fbTx="0.66778218" lbTx="0.667783055" tId="1" fbRx="0.66778218" lbRx="0.667783055" />
<p fId="1" fbTx="0.667783055" lbTx="0.66778393" tId="4" fbRx="0.667783055" lbRx="0.66778393" />
<p fId="3" fbTx="0.667882096" lbTx="0.66788218" tId="0" fbRx="0.677882096" lbRx="0.67788218" />
<p fId="0" fbTx="0.66788218" lbTx="0.667883055" tId="1" fbRx="0.66788218" lbRx="0.667883055" />
<p fId="1" fbTx="0.667883055" lbTx="0.66788393" tId="4" fbRx="0.667883055" lbRx="0.66788393" />
<p fId="3" fbTx="0.667982096" lbTx="0.66798218" tId="0" fbRx="0.677982096" lbRx="0.67798218" />
<p fId="0" fbTx="0.66798218" lbTx="0.667983055" tId="1" fbRx="0.66798218" lbRx="0.667983055" />
<p fId="1" fbTx="0.667983055" lbTx="0.66798393" tId="4" fbRx="0.667983055" lbRx="0.66798393" />
<p fId="3" fbTx="0.668082096" lbTx="0.66808218" tId="0" fbRx="0.678082096" lbRx="0.67808218" />
<p fId="0" fbTx="0.66808218" lbTx="0.668083055" tId="1" fbRx="0.66808218" lbRx="0.668083055" />
<p fId="1" fbTx="0.668083055" lbTx="0.66808393" tId="4" fbRx="0.668083055" lbRx="0.66808393" />
<p fId="3" fbTx="0.668182096" lbTx="0.66818218" tId="0" fbRx="0.678182096" lbRx="0.67818218" />
<p fId="0" fbTx="0.66818218" lbTx="0.668183055" tId="1" fbRx="0.66818218" lbRx="0.668183055" />
<p fId="1" fbTx="0.668183055" lbTx="0.66818393" tId="4" fbRx="0.668183055" lbRx="0.66818393" />
<pr uId="646" fId="4" fbTx="0.668214286" />
<wpr uId="646" tId="5" fbRx="0.668214286" lbRx="0" />
<wpr uId="646" tId="6" fbRx="0.668214286" lbRx="0" />
<p fId="3" fbTx="0.668282096" lbTx="0.66828218" tId="0" fbRx="0.678282096" lbRx="0.67828218" />
<p fId="0" fbTx="0.66828218" lbTx="0.668283055" tId="1" fbRx="0.66828218" lbRx="0.668283055" />
<p fId="1" fbTx="0.668283055" lbTx="0.66828393" tId="4" fbRx="0.668283055" lbRx="0.66828393" />
<p fId="3" fbTx="0.668382096" lbTx="0.66838218" tId="0" fbRx="0.678382096" lbRx="0.67838218" />
<p fId="0" fbTx="0.66838218" lbTx="0.668383055" tId="1" fbRx="0.66838218" lbRx="0.668383055" />
<p fId="1" fbTx="0.668383055" lbTx="0.66838393" tId="4" fbRx="0.668383055" lbRx="0.66838393" />
<p fId="3" fbTx="0.668482096" lbTx="0.66848218" tId="0" fbRx="0.678482096" lbRx="0.67848218" />
<p fId="0" fbTx="0.66848218" lbTx="0.668483055" tId="1" fbRx="0.66848218" lbRx="0.668483055" />
<p fId="1" fbTx="0.668483055" lbTx="0.66848393" tId="4" fbRx="0.668483055" lbRx="0.66848393" />
<p fId="3" fbTx="0.668582096" lbTx="0.66858218" tId="0" fbRx="0.678582096" lbRx="0.67858218" />
<p fId="0" fbTx="0.66858218" lbTx="0.668583055" tId="1" fbRx="0.66858218" lbRx="0.668583055" />
<p fId="1" fbTx="0.668583055" lbTx="0.66858393" tId="4" fbRx="0.668583055" lbRx="0.66858393" />
<p fId="3" fbTx="0.668682096" lbTx="0.66868218" tId="0" fbRx="0.678682096" lbRx="0.67868218" />
<p fId="0" fbTx="0.66868218" lbTx="0.668683055" tId="1" fbRx="0.66868218" lbRx="0.668683055" />
<p fId="1" fbTx="0.668683055" lbTx="0.66868393" tId="4" fbRx="0.668683055" lbRx="0.66868393" />
<p fId="3" fbTx="0.668782096" lbTx="0.66878218" tId="0" fbRx="0.678782096" lbRx="0.67878218" />
<p fId="0" fbTx="0.66878218" lbTx="0.668783055" tId="1" fbRx="0.66878218" lbRx="0.668783055" />
<p fId="1" fbTx="0.668783055" lbTx="0.66878393" tId="4" fbRx="0.668783055" lbRx="0.66878393" />
<p fId="3" fbTx="0.668882096" lbTx="0.66888218" tId="0" fbRx="0.678882096" lbRx="0.67888218" />
<p fId="0" fbTx="0.66888218" lbTx="0.668883055" tId="1" fbRx="0.66888218" lbRx="0.668883055" />
<p fId="1" fbTx="0.668883055" lbTx="0.66888393" tId="4" fbRx="0.668883055" lbRx="0.66888393" />
<p fId="3" fbTx="0.668982096" lbTx="0.66898218" tId="0" fbRx="0.678982096" lbRx="0.67898218" />
<p fId="0" fbTx="0.66898218" lbTx="0.668983055" tId="1" fbRx="0.66898218" lbRx="0.668983055" />
<p fId="1" fbTx="0.668983055" lbTx="0.66898393" tId="4" fbRx="0.668983055" lbRx="0.66898393" />
<p fId="3" fbTx="0.669082096" lbTx="0.66908218" tId="0" fbRx="0.679082096" lbRx="0.67908218" />
<p fId="0" fbTx="0.66908218" lbTx="0.669083055" tId="1" fbRx="0.66908218" lbRx="0.669083055" />
<p fId="1" fbTx="0.669083055" lbTx="0.66908393" tId="4" fbRx="0.669083055" lbRx="0.66908393" />
<p fId="3" fbTx="0.669182096" lbTx="0.66918218" tId="0" fbRx="0.679182096" lbRx="0.67918218" />
<p fId="0" fbTx="0.66918218" lbTx="0.669183055" tId="1" fbRx="0.66918218" lbRx="0.669183055" />
<p fId="1" fbTx="0.669183055" lbTx="0.66918393" tId="4" fbRx="0.669183055" lbRx="0.66918393" />
<pr uId="647" fId="4" fbTx="0.669214286" />
<wpr uId="647" tId="5" fbRx="0.669214286" lbRx="0" />
<wpr uId="647" tId="6" fbRx="0.669214286" lbRx="0" />
<p fId="3" fbTx="0.669282096" lbTx="0.66928218" tId="0" fbRx="0.679282096" lbRx="0.67928218" />
<p fId="0" fbTx="0.66928218" lbTx="0.669283055" tId="1" fbRx="0.66928218" lbRx="0.669283055" />
<p fId="1" fbTx="0.669283055" lbTx="0.66928393" tId="4" fbRx="0.669283055" lbRx="0.66928393" />
<p fId="3" fbTx="0.669382096" lbTx="0.66938218" tId="0" fbRx="0.679382096" lbRx="0.67938218" />
<p fId="0" fbTx="0.66938218" lbTx="0.669383055" tId="1" fbRx="0.66938218" lbRx="0.669383055" />
<p fId="1" fbTx="0.669383055" lbTx="0.66938393" tId="4" fbRx="0.669383055" lbRx="0.66938393" />
<p fId="3" fbTx="0.669482096" lbTx="0.66948218" tId="0" fbRx="0.679482096" lbRx="0.67948218" />
<p fId="0" fbTx="0.66948218" lbTx="0.669483055" tId="1" fbRx="0.66948218" lbRx="0.669483055" />
<p fId="1" fbTx="0.669483055" lbTx="0.66948393" tId="4" fbRx="0.669483055" lbRx="0.66948393" />
<p fId="3" fbTx="0.669582096" lbTx="0.66958218" tId="0" fbRx="0.679582096" lbRx="0.67958218" />
<p fId="0" fbTx="0.66958218" lbTx="0.669583055" tId="1" fbRx="0.66958218" lbRx="0.669583055" />
<p fId="1" fbTx="0.669583055" lbTx="0.66958393" tId="4" fbRx="0.669583055" lbRx="0.66958393" />
<p fId="3" fbTx="0.669682096" lbTx="0.66968218" tId="0" fbRx="0.679682096" lbRx="0.67968218" />
<p fId="0" fbTx="0.66968218" lbTx="0.669683055" tId="1" fbRx="0.66968218" lbRx="0.669683055" />
<p fId="1" fbTx="0.669683055" lbTx="0.66968393" tId="4" fbRx="0.669683055" lbRx="0.66968393" />
<p fId="3" fbTx="0.669782096" lbTx="0.66978218" tId="0" fbRx="0.679782096" lbRx="0.67978218" />
<p fId="0" fbTx="0.66978218" lbTx="0.669783055" tId="1" fbRx="0.66978218" lbRx="0.669783055" />
<p fId="1" fbTx="0.669783055" lbTx="0.66978393" tId="4" fbRx="0.669783055" lbRx="0.66978393" />
<p fId="3" fbTx="0.669882096" lbTx="0.66988218" tId="0" fbRx="0.679882096" lbRx="0.67988218" />
<p fId="0" fbTx="0.66988218" lbTx="0.669883055" tId="1" fbRx="0.66988218" lbRx="0.669883055" />
<p fId="1" fbTx="0.669883055" lbTx="0.66988393" tId="4" fbRx="0.669883055" lbRx="0.66988393" />
<p fId="3" fbTx="0.669982096" lbTx="0.66998218" tId="0" fbRx="0.679982096" lbRx="0.67998218" />
<p fId="0" fbTx="0.66998218" lbTx="0.669983055" tId="1" fbRx="0.66998218" lbRx="0.669983055" />
<p fId="1" fbTx="0.669983055" lbTx="0.66998393" tId="4" fbRx="0.669983055" lbRx="0.66998393" />
<p fId="3" fbTx="0.670082096" lbTx="0.67008218" tId="0" fbRx="0.680082096" lbRx="0.68008218" />
<p fId="0" fbTx="0.67008218" lbTx="0.670083055" tId="1" fbRx="0.67008218" lbRx="0.670083055" />
<p fId="1" fbTx="0.670083055" lbTx="0.67008393" tId="4" fbRx="0.670083055" lbRx="0.67008393" />
<p fId="3" fbTx="0.670182096" lbTx="0.67018218" tId="0" fbRx="0.680182096" lbRx="0.68018218" />
<p fId="0" fbTx="0.67018218" lbTx="0.670183055" tId="1" fbRx="0.67018218" lbRx="0.670183055" />
<p fId="1" fbTx="0.670183055" lbTx="0.67018393" tId="4" fbRx="0.670183055" lbRx="0.67018393" />
<pr uId="648" fId="4" fbTx="0.670214286" />
<wpr uId="648" tId="5" fbRx="0.670214286" lbRx="0" />
<wpr uId="648" tId="6" fbRx="0.670214286" lbRx="0" />
<p fId="3" fbTx="0.670282096" lbTx="0.67028218" tId="0" fbRx="0.680282096" lbRx="0.68028218" />
<p fId="0" fbTx="0.67028218" lbTx="0.670283055" tId="1" fbRx="0.67028218" lbRx="0.670283055" />
<p fId="1" fbTx="0.670283055" lbTx="0.67028393" tId="4" fbRx="0.670283055" lbRx="0.67028393" />
<p fId="3" fbTx="0.670382096" lbTx="0.67038218" tId="0" fbRx="0.680382096" lbRx="0.68038218" />
<p fId="0" fbTx="0.67038218" lbTx="0.670383055" tId="1" fbRx="0.67038218" lbRx="0.670383055" />
<p fId="1" fbTx="0.670383055" lbTx="0.67038393" tId="4" fbRx="0.670383055" lbRx="0.67038393" />
<p fId="3" fbTx="0.670482096" lbTx="0.67048218" tId="0" fbRx="0.680482096" lbRx="0.68048218" />
<p fId="0" fbTx="0.67048218" lbTx="0.670483055" tId="1" fbRx="0.67048218" lbRx="0.670483055" />
<p fId="1" fbTx="0.670483055" lbTx="0.67048393" tId="4" fbRx="0.670483055" lbRx="0.67048393" />
<p fId="3" fbTx="0.670582096" lbTx="0.67058218" tId="0" fbRx="0.680582096" lbRx="0.68058218" />
<p fId="0" fbTx="0.67058218" lbTx="0.670583055" tId="1" fbRx="0.67058218" lbRx="0.670583055" />
<p fId="1" fbTx="0.670583055" lbTx="0.67058393" tId="4" fbRx="0.670583055" lbRx="0.67058393" />
<p fId="3" fbTx="0.670682096" lbTx="0.67068218" tId="0" fbRx="0.680682096" lbRx="0.68068218" />
<p fId="0" fbTx="0.67068218" lbTx="0.670683055" tId="1" fbRx="0.67068218" lbRx="0.670683055" />
<p fId="1" fbTx="0.670683055" lbTx="0.67068393" tId="4" fbRx="0.670683055" lbRx="0.67068393" />
<p fId="3" fbTx="0.670782096" lbTx="0.67078218" tId="0" fbRx="0.680782096" lbRx="0.68078218" />
<p fId="0" fbTx="0.67078218" lbTx="0.670783055" tId="1" fbRx="0.67078218" lbRx="0.670783055" />
<p fId="1" fbTx="0.670783055" lbTx="0.67078393" tId="4" fbRx="0.670783055" lbRx="0.67078393" />
<p fId="3" fbTx="0.670882096" lbTx="0.67088218" tId="0" fbRx="0.680882096" lbRx="0.68088218" />
<p fId="0" fbTx="0.67088218" lbTx="0.670883055" tId="1" fbRx="0.67088218" lbRx="0.670883055" />
<p fId="1" fbTx="0.670883055" lbTx="0.67088393" tId="4" fbRx="0.670883055" lbRx="0.67088393" />
<p fId="3" fbTx="0.670982096" lbTx="0.67098218" tId="0" fbRx="0.680982096" lbRx="0.68098218" />
<p fId="0" fbTx="0.67098218" lbTx="0.670983055" tId="1" fbRx="0.67098218" lbRx="0.670983055" />
<p fId="1" fbTx="0.670983055" lbTx="0.67098393" tId="4" fbRx="0.670983055" lbRx="0.67098393" />
<p fId="3" fbTx="0.671082096" lbTx="0.67108218" tId="0" fbRx="0.681082096" lbRx="0.68108218" />
<p fId="0" fbTx="0.67108218" lbTx="0.671083055" tId="1" fbRx="0.67108218" lbRx="0.671083055" />
<p fId="1" fbTx="0.671083055" lbTx="0.67108393" tId="4" fbRx="0.671083055" lbRx="0.67108393" />
<p fId="3" fbTx="0.671182096" lbTx="0.67118218" tId="0" fbRx="0.681182096" lbRx="0.68118218" />
<p fId="0" fbTx="0.67118218" lbTx="0.671183055" tId="1" fbRx="0.67118218" lbRx="0.671183055" />
<p fId="1" fbTx="0.671183055" lbTx="0.67118393" tId="4" fbRx="0.671183055" lbRx="0.67118393" />
<pr uId="649" fId="4" fbTx="0.671214286" />
<wpr uId="649" tId="5" fbRx="0.671214286" lbRx="0" />
<wpr uId="649" tId="6" fbRx="0.671214286" lbRx="0" />
<p fId="3" fbTx="0.671282096" lbTx="0.67128218" tId="0" fbRx="0.681282096" lbRx="0.68128218" />
<p fId="0" fbTx="0.67128218" lbTx="0.671283055" tId="1" fbRx="0.67128218" lbRx="0.671283055" />
<p fId="1" fbTx="0.671283055" lbTx="0.67128393" tId="4" fbRx="0.671283055" lbRx="0.67128393" />
<p fId="3" fbTx="0.671382096" lbTx="0.67138218" tId="0" fbRx="0.681382096" lbRx="0.68138218" />
<p fId="0" fbTx="0.67138218" lbTx="0.671383055" tId="1" fbRx="0.67138218" lbRx="0.671383055" />
<p fId="1" fbTx="0.671383055" lbTx="0.67138393" tId="4" fbRx="0.671383055" lbRx="0.67138393" />
<p fId="3" fbTx="0.671482096" lbTx="0.67148218" tId="0" fbRx="0.681482096" lbRx="0.68148218" />
<p fId="0" fbTx="0.67148218" lbTx="0.671483055" tId="1" fbRx="0.67148218" lbRx="0.671483055" />
<p fId="1" fbTx="0.671483055" lbTx="0.67148393" tId="4" fbRx="0.671483055" lbRx="0.67148393" />
<p fId="3" fbTx="0.671582096" lbTx="0.67158218" tId="0" fbRx="0.681582096" lbRx="0.68158218" />
<p fId="0" fbTx="0.67158218" lbTx="0.671583055" tId="1" fbRx="0.67158218" lbRx="0.671583055" />
<p fId="1" fbTx="0.671583055" lbTx="0.67158393" tId="4" fbRx="0.671583055" lbRx="0.67158393" />
<p fId="3" fbTx="0.671682096" lbTx="0.67168218" tId="0" fbRx="0.681682096" lbRx="0.68168218" />
<p fId="0" fbTx="0.67168218" lbTx="0.671683055" tId="1" fbRx="0.67168218" lbRx="0.671683055" />
<p fId="1" fbTx="0.671683055" lbTx="0.67168393" tId="4" fbRx="0.671683055" lbRx="0.67168393" />
<p fId="3" fbTx="0.671782096" lbTx="0.67178218" tId="0" fbRx="0.681782096" lbRx="0.68178218" />
<p fId="0" fbTx="0.67178218" lbTx="0.671783055" tId="1" fbRx="0.67178218" lbRx="0.671783055" />
<p fId="1" fbTx="0.671783055" lbTx="0.67178393" tId="4" fbRx="0.671783055" lbRx="0.67178393" />
<p fId="3" fbTx="0.671882096" lbTx="0.67188218" tId="0" fbRx="0.681882096" lbRx="0.68188218" />
<p fId="0" fbTx="0.67188218" lbTx="0.671883055" tId="1" fbRx="0.67188218" lbRx="0.671883055" />
<p fId="1" fbTx="0.671883055" lbTx="0.67188393" tId="4" fbRx="0.671883055" lbRx="0.67188393" />
<p fId="3" fbTx="0.671982096" lbTx="0.67198218" tId="0" fbRx="0.681982096" lbRx="0.68198218" />
<p fId="0" fbTx="0.67198218" lbTx="0.671983055" tId="1" fbRx="0.67198218" lbRx="0.671983055" />
<p fId="1" fbTx="0.671983055" lbTx="0.67198393" tId="4" fbRx="0.671983055" lbRx="0.67198393" />
<p fId="3" fbTx="0.672082096" lbTx="0.67208218" tId="0" fbRx="0.682082096" lbRx="0.68208218" />
<p fId="0" fbTx="0.67208218" lbTx="0.672083055" tId="1" fbRx="0.67208218" lbRx="0.672083055" />
<p fId="1" fbTx="0.672083055" lbTx="0.67208393" tId="4" fbRx="0.672083055" lbRx="0.67208393" />
<p fId="3" fbTx="0.672182096" lbTx="0.67218218" tId="0" fbRx="0.682182096" lbRx="0.68218218" />
<p fId="0" fbTx="0.67218218" lbTx="0.672183055" tId="1" fbRx="0.67218218" lbRx="0.672183055" />
<p fId="1" fbTx="0.672183055" lbTx="0.67218393" tId="4" fbRx="0.672183055" lbRx="0.67218393" />
<pr uId="650" fId="4" fbTx="0.672214286" />
<wpr uId="650" tId="5" fbRx="0.672214286" lbRx="0" />
<wpr uId="650" tId="6" fbRx="0.672214286" lbRx="0" />
<p fId="3" fbTx="0.672282096" lbTx="0.67228218" tId="0" fbRx="0.682282096" lbRx="0.68228218" />
<p fId="0" fbTx="0.67228218" lbTx="0.672283055" tId="1" fbRx="0.67228218" lbRx="0.672283055" />
<p fId="1" fbTx="0.672283055" lbTx="0.67228393" tId="4" fbRx="0.672283055" lbRx="0.67228393" />
<p fId="3" fbTx="0.672382096" lbTx="0.67238218" tId="0" fbRx="0.682382096" lbRx="0.68238218" />
<p fId="0" fbTx="0.67238218" lbTx="0.672383055" tId="1" fbRx="0.67238218" lbRx="0.672383055" />
<p fId="1" fbTx="0.672383055" lbTx="0.67238393" tId="4" fbRx="0.672383055" lbRx="0.67238393" />
<p fId="3" fbTx="0.672482096" lbTx="0.67248218" tId="0" fbRx="0.682482096" lbRx="0.68248218" />
<p fId="0" fbTx="0.67248218" lbTx="0.672483055" tId="1" fbRx="0.67248218" lbRx="0.672483055" />
<p fId="1" fbTx="0.672483055" lbTx="0.67248393" tId="4" fbRx="0.672483055" lbRx="0.67248393" />
<p fId="3" fbTx="0.672582096" lbTx="0.67258218" tId="0" fbRx="0.682582096" lbRx="0.68258218" />
<p fId="0" fbTx="0.67258218" lbTx="0.672583055" tId="1" fbRx="0.67258218" lbRx="0.672583055" />
<p fId="1" fbTx="0.672583055" lbTx="0.67258393" tId="4" fbRx="0.672583055" lbRx="0.67258393" />
<p fId="3" fbTx="0.672682096" lbTx="0.67268218" tId="0" fbRx="0.682682096" lbRx="0.68268218" />
<p fId="0" fbTx="0.67268218" lbTx="0.672683055" tId="1" fbRx="0.67268218" lbRx="0.672683055" />
<p fId="1" fbTx="0.672683055" lbTx="0.67268393" tId="4" fbRx="0.672683055" lbRx="0.67268393" />
<p fId="3" fbTx="0.672782096" lbTx="0.67278218" tId="0" fbRx="0.682782096" lbRx="0.68278218" />
<p fId="0" fbTx="0.67278218" lbTx="0.672783055" tId="1" fbRx="0.67278218" lbRx="0.672783055" />
<p fId="1" fbTx="0.672783055" lbTx="0.67278393" tId="4" fbRx="0.672783055" lbRx="0.67278393" />
<p fId="3" fbTx="0.672882096" lbTx="0.67288218" tId="0" fbRx="0.682882096" lbRx="0.68288218" />
<p fId="0" fbTx="0.67288218" lbTx="0.672883055" tId="1" fbRx="0.67288218" lbRx="0.672883055" />
<p fId="1" fbTx="0.672883055" lbTx="0.67288393" tId="4" fbRx="0.672883055" lbRx="0.67288393" />
<p fId="3" fbTx="0.672982096" lbTx="0.67298218" tId="0" fbRx="0.682982096" lbRx="0.68298218" />
<p fId="0" fbTx="0.67298218" lbTx="0.672983055" tId="1" fbRx="0.67298218" lbRx="0.672983055" />
<p fId="1" fbTx="0.672983055" lbTx="0.67298393" tId="4" fbRx="0.672983055" lbRx="0.67298393" />
<p fId="3" fbTx="0.673082096" lbTx="0.67308218" tId="0" fbRx="0.683082096" lbRx="0.68308218" />
<p fId="0" fbTx="0.67308218" lbTx="0.673083055" tId="1" fbRx="0.67308218" lbRx="0.673083055" />
<p fId="1" fbTx="0.673083055" lbTx="0.67308393" tId="4" fbRx="0.673083055" lbRx="0.67308393" />
<p fId="3" fbTx="0.673182096" lbTx="0.67318218" tId="0" fbRx="0.683182096" lbRx="0.68318218" />
<p fId="0" fbTx="0.67318218" lbTx="0.673183055" tId="1" fbRx="0.67318218" lbRx="0.673183055" />
<p fId="1" fbTx="0.673183055" lbTx="0.67318393" tId="4" fbRx="0.673183055" lbRx="0.67318393" />
<pr uId="651" fId="4" fbTx="0.673214286" />
<wpr uId="651" tId="5" fbRx="0.673214286" lbRx="0" />
<wpr uId="651" tId="6" fbRx="0.673214286" lbRx="0" />
<p fId="3" fbTx="0.673282096" lbTx="0.67328218" tId="0" fbRx="0.683282096" lbRx="0.68328218" />
<p fId="0" fbTx="0.67328218" lbTx="0.673283055" tId="1" fbRx="0.67328218" lbRx="0.673283055" />
<p fId="1" fbTx="0.673283055" lbTx="0.67328393" tId="4" fbRx="0.673283055" lbRx="0.67328393" />
<p fId="3" fbTx="0.673382096" lbTx="0.67338218" tId="0" fbRx="0.683382096" lbRx="0.68338218" />
<p fId="0" fbTx="0.67338218" lbTx="0.673383055" tId="1" fbRx="0.67338218" lbRx="0.673383055" />
<p fId="1" fbTx="0.673383055" lbTx="0.67338393" tId="4" fbRx="0.673383055" lbRx="0.67338393" />
<p fId="3" fbTx="0.673482096" lbTx="0.67348218" tId="0" fbRx="0.683482096" lbRx="0.68348218" />
<p fId="0" fbTx="0.67348218" lbTx="0.673483055" tId="1" fbRx="0.67348218" lbRx="0.673483055" />
<p fId="1" fbTx="0.673483055" lbTx="0.67348393" tId="4" fbRx="0.673483055" lbRx="0.67348393" />
<p fId="3" fbTx="0.673582096" lbTx="0.67358218" tId="0" fbRx="0.683582096" lbRx="0.68358218" />
<p fId="0" fbTx="0.67358218" lbTx="0.673583055" tId="1" fbRx="0.67358218" lbRx="0.673583055" />
<p fId="1" fbTx="0.673583055" lbTx="0.67358393" tId="4" fbRx="0.673583055" lbRx="0.67358393" />
<p fId="3" fbTx="0.673682096" lbTx="0.67368218" tId="0" fbRx="0.683682096" lbRx="0.68368218" />
<p fId="0" fbTx="0.67368218" lbTx="0.673683055" tId="1" fbRx="0.67368218" lbRx="0.673683055" />
<p fId="1" fbTx="0.673683055" lbTx="0.67368393" tId="4" fbRx="0.673683055" lbRx="0.67368393" />
<p fId="3" fbTx="0.673782096" lbTx="0.67378218" tId="0" fbRx="0.683782096" lbRx="0.68378218" />
<p fId="0" fbTx="0.67378218" lbTx="0.673783055" tId="1" fbRx="0.67378218" lbRx="0.673783055" />
<p fId="1" fbTx="0.673783055" lbTx="0.67378393" tId="4" fbRx="0.673783055" lbRx="0.67378393" />
<p fId="3" fbTx="0.673882096" lbTx="0.67388218" tId="0" fbRx="0.683882096" lbRx="0.68388218" />
<p fId="0" fbTx="0.67388218" lbTx="0.673883055" tId="1" fbRx="0.67388218" lbRx="0.673883055" />
<p fId="1" fbTx="0.673883055" lbTx="0.67388393" tId="4" fbRx="0.673883055" lbRx="0.67388393" />
<p fId="3" fbTx="0.673982096" lbTx="0.67398218" tId="0" fbRx="0.683982096" lbRx="0.68398218" />
<p fId="0" fbTx="0.67398218" lbTx="0.673983055" tId="1" fbRx="0.67398218" lbRx="0.673983055" />
<p fId="1" fbTx="0.673983055" lbTx="0.67398393" tId="4" fbRx="0.673983055" lbRx="0.67398393" />
<p fId="3" fbTx="0.674082096" lbTx="0.67408218" tId="0" fbRx="0.684082096" lbRx="0.68408218" />
<p fId="0" fbTx="0.67408218" lbTx="0.674083055" tId="1" fbRx="0.67408218" lbRx="0.674083055" />
<p fId="1" fbTx="0.674083055" lbTx="0.67408393" tId="4" fbRx="0.674083055" lbRx="0.67408393" />
<p fId="3" fbTx="0.674182096" lbTx="0.67418218" tId="0" fbRx="0.684182096" lbRx="0.68418218" />
<p fId="0" fbTx="0.67418218" lbTx="0.674183055" tId="1" fbRx="0.67418218" lbRx="0.674183055" />
<p fId="1" fbTx="0.674183055" lbTx="0.67418393" tId="4" fbRx="0.674183055" lbRx="0.67418393" />
<pr uId="652" fId="4" fbTx="0.674214286" />
<wpr uId="652" tId="5" fbRx="0.674214286" lbRx="0" />
<wpr uId="652" tId="6" fbRx="0.674214286" lbRx="0" />
<p fId="3" fbTx="0.674282096" lbTx="0.67428218" tId="0" fbRx="0.684282096" lbRx="0.68428218" />
<p fId="0" fbTx="0.67428218" lbTx="0.674283055" tId="1" fbRx="0.67428218" lbRx="0.674283055" />
<p fId="1" fbTx="0.674283055" lbTx="0.67428393" tId="4" fbRx="0.674283055" lbRx="0.67428393" />
<p fId="3" fbTx="0.674382096" lbTx="0.67438218" tId="0" fbRx="0.684382096" lbRx="0.68438218" />
<p fId="0" fbTx="0.67438218" lbTx="0.674383055" tId="1" fbRx="0.67438218" lbRx="0.674383055" />
<p fId="1" fbTx="0.674383055" lbTx="0.67438393" tId="4" fbRx="0.674383055" lbRx="0.67438393" />
<p fId="3" fbTx="0.674482096" lbTx="0.67448218" tId="0" fbRx="0.684482096" lbRx="0.68448218" />
<p fId="0" fbTx="0.67448218" lbTx="0.674483055" tId="1" fbRx="0.67448218" lbRx="0.674483055" />
<p fId="1" fbTx="0.674483055" lbTx="0.67448393" tId="4" fbRx="0.674483055" lbRx="0.67448393" />
<p fId="3" fbTx="0.674582096" lbTx="0.67458218" tId="0" fbRx="0.684582096" lbRx="0.68458218" />
<p fId="0" fbTx="0.67458218" lbTx="0.674583055" tId="1" fbRx="0.67458218" lbRx="0.674583055" />
<p fId="1" fbTx="0.674583055" lbTx="0.67458393" tId="4" fbRx="0.674583055" lbRx="0.67458393" />
<p fId="3" fbTx="0.674682096" lbTx="0.67468218" tId="0" fbRx="0.684682096" lbRx="0.68468218" />
<p fId="0" fbTx="0.67468218" lbTx="0.674683055" tId="1" fbRx="0.67468218" lbRx="0.674683055" />
<p fId="1" fbTx="0.674683055" lbTx="0.67468393" tId="4" fbRx="0.674683055" lbRx="0.67468393" />
<p fId="3" fbTx="0.674782096" lbTx="0.67478218" tId="0" fbRx="0.684782096" lbRx="0.68478218" />
<p fId="0" fbTx="0.67478218" lbTx="0.674783055" tId="1" fbRx="0.67478218" lbRx="0.674783055" />
<p fId="1" fbTx="0.674783055" lbTx="0.67478393" tId="4" fbRx="0.674783055" lbRx="0.67478393" />
<p fId="3" fbTx="0.674882096" lbTx="0.67488218" tId="0" fbRx="0.684882096" lbRx="0.68488218" />
<p fId="0" fbTx="0.67488218" lbTx="0.674883055" tId="1" fbRx="0.67488218" lbRx="0.674883055" />
<p fId="1" fbTx="0.674883055" lbTx="0.67488393" tId="4" fbRx="0.674883055" lbRx="0.67488393" />
<p fId="3" fbTx="0.674982096" lbTx="0.67498218" tId="0" fbRx="0.684982096" lbRx="0.68498218" />
<p fId="0" fbTx="0.67498218" lbTx="0.674983055" tId="1" fbRx="0.67498218" lbRx="0.674983055" />
<p fId="1" fbTx="0.674983055" lbTx="0.67498393" tId="4" fbRx="0.674983055" lbRx="0.67498393" />
<p fId="3" fbTx="0.675082096" lbTx="0.67508218" tId="0" fbRx="0.685082096" lbRx="0.68508218" />
<p fId="0" fbTx="0.67508218" lbTx="0.675083055" tId="1" fbRx="0.67508218" lbRx="0.675083055" />
<p fId="1" fbTx="0.675083055" lbTx="0.67508393" tId="4" fbRx="0.675083055" lbRx="0.67508393" />
<p fId="3" fbTx="0.675182096" lbTx="0.67518218" tId="0" fbRx="0.685182096" lbRx="0.68518218" />
<p fId="0" fbTx="0.67518218" lbTx="0.675183055" tId="1" fbRx="0.67518218" lbRx="0.675183055" />
<p fId="1" fbTx="0.675183055" lbTx="0.67518393" tId="4" fbRx="0.675183055" lbRx="0.67518393" />
<pr uId="653" fId="4" fbTx="0.675214286" />
<wpr uId="653" tId="5" fbRx="0.675214286" lbRx="0" />
<wpr uId="653" tId="6" fbRx="0.675214286" lbRx="0" />
<p fId="3" fbTx="0.675282096" lbTx="0.67528218" tId="0" fbRx="0.685282096" lbRx="0.68528218" />
<p fId="0" fbTx="0.67528218" lbTx="0.675283055" tId="1" fbRx="0.67528218" lbRx="0.675283055" />
<p fId="1" fbTx="0.675283055" lbTx="0.67528393" tId="4" fbRx="0.675283055" lbRx="0.67528393" />
<p fId="3" fbTx="0.675382096" lbTx="0.67538218" tId="0" fbRx="0.685382096" lbRx="0.68538218" />
<p fId="0" fbTx="0.67538218" lbTx="0.675383055" tId="1" fbRx="0.67538218" lbRx="0.675383055" />
<p fId="1" fbTx="0.675383055" lbTx="0.67538393" tId="4" fbRx="0.675383055" lbRx="0.67538393" />
<p fId="3" fbTx="0.675482096" lbTx="0.67548218" tId="0" fbRx="0.685482096" lbRx="0.68548218" />
<p fId="0" fbTx="0.67548218" lbTx="0.675483055" tId="1" fbRx="0.67548218" lbRx="0.675483055" />
<p fId="1" fbTx="0.675483055" lbTx="0.67548393" tId="4" fbRx="0.675483055" lbRx="0.67548393" />
<p fId="3" fbTx="0.675582096" lbTx="0.67558218" tId="0" fbRx="0.685582096" lbRx="0.68558218" />
<p fId="0" fbTx="0.67558218" lbTx="0.675583055" tId="1" fbRx="0.67558218" lbRx="0.675583055" />
<p fId="1" fbTx="0.675583055" lbTx="0.67558393" tId="4" fbRx="0.675583055" lbRx="0.67558393" />
<p fId="3" fbTx="0.675682096" lbTx="0.67568218" tId="0" fbRx="0.685682096" lbRx="0.68568218" />
<p fId="0" fbTx="0.67568218" lbTx="0.675683055" tId="1" fbRx="0.67568218" lbRx="0.675683055" />
<p fId="1" fbTx="0.675683055" lbTx="0.67568393" tId="4" fbRx="0.675683055" lbRx="0.67568393" />
<p fId="3" fbTx="0.675782096" lbTx="0.67578218" tId="0" fbRx="0.685782096" lbRx="0.68578218" />
<p fId="0" fbTx="0.67578218" lbTx="0.675783055" tId="1" fbRx="0.67578218" lbRx="0.675783055" />
<p fId="1" fbTx="0.675783055" lbTx="0.67578393" tId="4" fbRx="0.675783055" lbRx="0.67578393" />
<p fId="3" fbTx="0.675882096" lbTx="0.67588218" tId="0" fbRx="0.685882096" lbRx="0.68588218" />
<p fId="0" fbTx="0.67588218" lbTx="0.675883055" tId="1" fbRx="0.67588218" lbRx="0.675883055" />
<p fId="1" fbTx="0.675883055" lbTx="0.67588393" tId="4" fbRx="0.675883055" lbRx="0.67588393" />
<p fId="3" fbTx="0.675982096" lbTx="0.67598218" tId="0" fbRx="0.685982096" lbRx="0.68598218" />
<p fId="0" fbTx="0.67598218" lbTx="0.675983055" tId="1" fbRx="0.67598218" lbRx="0.675983055" />
<p fId="1" fbTx="0.675983055" lbTx="0.67598393" tId="4" fbRx="0.675983055" lbRx="0.67598393" />
<p fId="3" fbTx="0.676082096" lbTx="0.67608218" tId="0" fbRx="0.686082096" lbRx="0.68608218" />
<p fId="0" fbTx="0.67608218" lbTx="0.676083055" tId="1" fbRx="0.67608218" lbRx="0.676083055" />
<p fId="1" fbTx="0.676083055" lbTx="0.67608393" tId="4" fbRx="0.676083055" lbRx="0.67608393" />
<p fId="3" fbTx="0.676182096" lbTx="0.67618218" tId="0" fbRx="0.686182096" lbRx="0.68618218" />
<p fId="0" fbTx="0.67618218" lbTx="0.676183055" tId="1" fbRx="0.67618218" lbRx="0.676183055" />
<p fId="1" fbTx="0.676183055" lbTx="0.67618393" tId="4" fbRx="0.676183055" lbRx="0.67618393" />
<pr uId="654" fId="4" fbTx="0.676214286" />
<wpr uId="654" tId="5" fbRx="0.676214286" lbRx="0" />
<wpr uId="654" tId="6" fbRx="0.676214286" lbRx="0" />
<p fId="3" fbTx="0.676282096" lbTx="0.67628218" tId="0" fbRx="0.686282096" lbRx="0.68628218" />
<p fId="0" fbTx="0.67628218" lbTx="0.676283055" tId="1" fbRx="0.67628218" lbRx="0.676283055" />
<p fId="1" fbTx="0.676283055" lbTx="0.67628393" tId="4" fbRx="0.676283055" lbRx="0.67628393" />
<p fId="3" fbTx="0.676382096" lbTx="0.67638218" tId="0" fbRx="0.686382096" lbRx="0.68638218" />
<p fId="0" fbTx="0.67638218" lbTx="0.676383055" tId="1" fbRx="0.67638218" lbRx="0.676383055" />
<p fId="1" fbTx="0.676383055" lbTx="0.67638393" tId="4" fbRx="0.676383055" lbRx="0.67638393" />
<p fId="3" fbTx="0.676482096" lbTx="0.67648218" tId="0" fbRx="0.686482096" lbRx="0.68648218" />
<p fId="0" fbTx="0.67648218" lbTx="0.676483055" tId="1" fbRx="0.67648218" lbRx="0.676483055" />
<p fId="1" fbTx="0.676483055" lbTx="0.67648393" tId="4" fbRx="0.676483055" lbRx="0.67648393" />
<p fId="3" fbTx="0.676582096" lbTx="0.67658218" tId="0" fbRx="0.686582096" lbRx="0.68658218" />
<p fId="0" fbTx="0.67658218" lbTx="0.676583055" tId="1" fbRx="0.67658218" lbRx="0.676583055" />
<p fId="1" fbTx="0.676583055" lbTx="0.67658393" tId="4" fbRx="0.676583055" lbRx="0.67658393" />
<p fId="3" fbTx="0.676682096" lbTx="0.67668218" tId="0" fbRx="0.686682096" lbRx="0.68668218" />
<p fId="0" fbTx="0.67668218" lbTx="0.676683055" tId="1" fbRx="0.67668218" lbRx="0.676683055" />
<p fId="1" fbTx="0.676683055" lbTx="0.67668393" tId="4" fbRx="0.676683055" lbRx="0.67668393" />
<p fId="3" fbTx="0.676782096" lbTx="0.67678218" tId="0" fbRx="0.686782096" lbRx="0.68678218" />
<p fId="0" fbTx="0.67678218" lbTx="0.676783055" tId="1" fbRx="0.67678218" lbRx="0.676783055" />
<p fId="1" fbTx="0.676783055" lbTx="0.67678393" tId="4" fbRx="0.676783055" lbRx="0.67678393" />
<p fId="3" fbTx="0.676882096" lbTx="0.67688218" tId="0" fbRx="0.686882096" lbRx="0.68688218" />
<p fId="0" fbTx="0.67688218" lbTx="0.676883055" tId="1" fbRx="0.67688218" lbRx="0.676883055" />
<p fId="1" fbTx="0.676883055" lbTx="0.67688393" tId="4" fbRx="0.676883055" lbRx="0.67688393" />
<p fId="3" fbTx="0.676982096" lbTx="0.67698218" tId="0" fbRx="0.686982096" lbRx="0.68698218" />
<p fId="0" fbTx="0.67698218" lbTx="0.676983055" tId="1" fbRx="0.67698218" lbRx="0.676983055" />
<p fId="1" fbTx="0.676983055" lbTx="0.67698393" tId="4" fbRx="0.676983055" lbRx="0.67698393" />
<p fId="3" fbTx="0.677082096" lbTx="0.67708218" tId="0" fbRx="0.687082096" lbRx="0.68708218" />
<p fId="0" fbTx="0.67708218" lbTx="0.677083055" tId="1" fbRx="0.67708218" lbRx="0.677083055" />
<p fId="1" fbTx="0.677083055" lbTx="0.67708393" tId="4" fbRx="0.677083055" lbRx="0.67708393" />
<p fId="3" fbTx="0.677182096" lbTx="0.67718218" tId="0" fbRx="0.687182096" lbRx="0.68718218" />
<p fId="0" fbTx="0.67718218" lbTx="0.677183055" tId="1" fbRx="0.67718218" lbRx="0.677183055" />
<p fId="1" fbTx="0.677183055" lbTx="0.67718393" tId="4" fbRx="0.677183055" lbRx="0.67718393" />
<pr uId="655" fId="4" fbTx="0.677214286" />
<wpr uId="655" tId="5" fbRx="0.677214286" lbRx="0" />
<wpr uId="655" tId="6" fbRx="0.677214286" lbRx="0" />
<p fId="3" fbTx="0.677282096" lbTx="0.67728218" tId="0" fbRx="0.687282096" lbRx="0.68728218" />
<p fId="0" fbTx="0.67728218" lbTx="0.677283055" tId="1" fbRx="0.67728218" lbRx="0.677283055" />
<p fId="1" fbTx="0.677283055" lbTx="0.67728393" tId="4" fbRx="0.677283055" lbRx="0.67728393" />
<p fId="3" fbTx="0.677382096" lbTx="0.67738218" tId="0" fbRx="0.687382096" lbRx="0.68738218" />
<p fId="0" fbTx="0.67738218" lbTx="0.677383055" tId="1" fbRx="0.67738218" lbRx="0.677383055" />
<p fId="1" fbTx="0.677383055" lbTx="0.67738393" tId="4" fbRx="0.677383055" lbRx="0.67738393" />
<p fId="3" fbTx="0.677482096" lbTx="0.67748218" tId="0" fbRx="0.687482096" lbRx="0.68748218" />
<p fId="0" fbTx="0.67748218" lbTx="0.677483055" tId="1" fbRx="0.67748218" lbRx="0.677483055" />
<p fId="1" fbTx="0.677483055" lbTx="0.67748393" tId="4" fbRx="0.677483055" lbRx="0.67748393" />
<p fId="3" fbTx="0.677582096" lbTx="0.67758218" tId="0" fbRx="0.687582096" lbRx="0.68758218" />
<p fId="0" fbTx="0.67758218" lbTx="0.677583055" tId="1" fbRx="0.67758218" lbRx="0.677583055" />
<p fId="1" fbTx="0.677583055" lbTx="0.67758393" tId="4" fbRx="0.677583055" lbRx="0.67758393" />
<p fId="3" fbTx="0.677682096" lbTx="0.67768218" tId="0" fbRx="0.687682096" lbRx="0.68768218" />
<p fId="0" fbTx="0.67768218" lbTx="0.677683055" tId="1" fbRx="0.67768218" lbRx="0.677683055" />
<p fId="1" fbTx="0.677683055" lbTx="0.67768393" tId="4" fbRx="0.677683055" lbRx="0.67768393" />
<p fId="3" fbTx="0.677782096" lbTx="0.67778218" tId="0" fbRx="0.687782096" lbRx="0.68778218" />
<p fId="0" fbTx="0.67778218" lbTx="0.677783055" tId="1" fbRx="0.67778218" lbRx="0.677783055" />
<p fId="1" fbTx="0.677783055" lbTx="0.67778393" tId="4" fbRx="0.677783055" lbRx="0.67778393" />
<p fId="3" fbTx="0.677882096" lbTx="0.67788218" tId="0" fbRx="0.687882096" lbRx="0.68788218" />
<p fId="0" fbTx="0.67788218" lbTx="0.677883055" tId="1" fbRx="0.67788218" lbRx="0.677883055" />
<p fId="1" fbTx="0.677883055" lbTx="0.67788393" tId="4" fbRx="0.677883055" lbRx="0.67788393" />
<p fId="3" fbTx="0.677982096" lbTx="0.67798218" tId="0" fbRx="0.687982096" lbRx="0.68798218" />
<p fId="0" fbTx="0.67798218" lbTx="0.677983055" tId="1" fbRx="0.67798218" lbRx="0.677983055" />
<p fId="1" fbTx="0.677983055" lbTx="0.67798393" tId="4" fbRx="0.677983055" lbRx="0.67798393" />
<p fId="3" fbTx="0.678082096" lbTx="0.67808218" tId="0" fbRx="0.688082096" lbRx="0.68808218" />
<p fId="0" fbTx="0.67808218" lbTx="0.678083055" tId="1" fbRx="0.67808218" lbRx="0.678083055" />
<p fId="1" fbTx="0.678083055" lbTx="0.67808393" tId="4" fbRx="0.678083055" lbRx="0.67808393" />
<p fId="3" fbTx="0.678182096" lbTx="0.67818218" tId="0" fbRx="0.688182096" lbRx="0.68818218" />
<p fId="0" fbTx="0.67818218" lbTx="0.678183055" tId="1" fbRx="0.67818218" lbRx="0.678183055" />
<p fId="1" fbTx="0.678183055" lbTx="0.67818393" tId="4" fbRx="0.678183055" lbRx="0.67818393" />
<pr uId="656" fId="4" fbTx="0.678214286" />
<wpr uId="656" tId="5" fbRx="0.678214286" lbRx="0" />
<wpr uId="656" tId="6" fbRx="0.678214286" lbRx="0" />
<p fId="3" fbTx="0.678282096" lbTx="0.67828218" tId="0" fbRx="0.688282096" lbRx="0.68828218" />
<p fId="0" fbTx="0.67828218" lbTx="0.678283055" tId="1" fbRx="0.67828218" lbRx="0.678283055" />
<p fId="1" fbTx="0.678283055" lbTx="0.67828393" tId="4" fbRx="0.678283055" lbRx="0.67828393" />
<p fId="3" fbTx="0.678382096" lbTx="0.67838218" tId="0" fbRx="0.688382096" lbRx="0.68838218" />
<p fId="0" fbTx="0.67838218" lbTx="0.678383055" tId="1" fbRx="0.67838218" lbRx="0.678383055" />
<p fId="1" fbTx="0.678383055" lbTx="0.67838393" tId="4" fbRx="0.678383055" lbRx="0.67838393" />
<p fId="3" fbTx="0.678482096" lbTx="0.67848218" tId="0" fbRx="0.688482096" lbRx="0.68848218" />
<p fId="0" fbTx="0.67848218" lbTx="0.678483055" tId="1" fbRx="0.67848218" lbRx="0.678483055" />
<p fId="1" fbTx="0.678483055" lbTx="0.67848393" tId="4" fbRx="0.678483055" lbRx="0.67848393" />
<p fId="3" fbTx="0.678582096" lbTx="0.67858218" tId="0" fbRx="0.688582096" lbRx="0.68858218" />
<p fId="0" fbTx="0.67858218" lbTx="0.678583055" tId="1" fbRx="0.67858218" lbRx="0.678583055" />
<p fId="1" fbTx="0.678583055" lbTx="0.67858393" tId="4" fbRx="0.678583055" lbRx="0.67858393" />
<p fId="3" fbTx="0.678682096" lbTx="0.67868218" tId="0" fbRx="0.688682096" lbRx="0.68868218" />
<p fId="0" fbTx="0.67868218" lbTx="0.678683055" tId="1" fbRx="0.67868218" lbRx="0.678683055" />
<p fId="1" fbTx="0.678683055" lbTx="0.67868393" tId="4" fbRx="0.678683055" lbRx="0.67868393" />
<p fId="3" fbTx="0.678782096" lbTx="0.67878218" tId="0" fbRx="0.688782096" lbRx="0.68878218" />
<p fId="0" fbTx="0.67878218" lbTx="0.678783055" tId="1" fbRx="0.67878218" lbRx="0.678783055" />
<p fId="1" fbTx="0.678783055" lbTx="0.67878393" tId="4" fbRx="0.678783055" lbRx="0.67878393" />
<p fId="3" fbTx="0.678882096" lbTx="0.67888218" tId="0" fbRx="0.688882096" lbRx="0.68888218" />
<p fId="0" fbTx="0.67888218" lbTx="0.678883055" tId="1" fbRx="0.67888218" lbRx="0.678883055" />
<p fId="1" fbTx="0.678883055" lbTx="0.67888393" tId="4" fbRx="0.678883055" lbRx="0.67888393" />
<p fId="3" fbTx="0.678982096" lbTx="0.67898218" tId="0" fbRx="0.688982096" lbRx="0.68898218" />
<p fId="0" fbTx="0.67898218" lbTx="0.678983055" tId="1" fbRx="0.67898218" lbRx="0.678983055" />
<p fId="1" fbTx="0.678983055" lbTx="0.67898393" tId="4" fbRx="0.678983055" lbRx="0.67898393" />
<p fId="3" fbTx="0.679082096" lbTx="0.67908218" tId="0" fbRx="0.689082096" lbRx="0.68908218" />
<p fId="0" fbTx="0.67908218" lbTx="0.679083055" tId="1" fbRx="0.67908218" lbRx="0.679083055" />
<p fId="1" fbTx="0.679083055" lbTx="0.67908393" tId="4" fbRx="0.679083055" lbRx="0.67908393" />
<p fId="3" fbTx="0.679182096" lbTx="0.67918218" tId="0" fbRx="0.689182096" lbRx="0.68918218" />
<p fId="0" fbTx="0.67918218" lbTx="0.679183055" tId="1" fbRx="0.67918218" lbRx="0.679183055" />
<p fId="1" fbTx="0.679183055" lbTx="0.67918393" tId="4" fbRx="0.679183055" lbRx="0.67918393" />
<pr uId="657" fId="4" fbTx="0.679214286" />
<wpr uId="657" tId="5" fbRx="0.679214286" lbRx="0" />
<wpr uId="657" tId="6" fbRx="0.679214286" lbRx="0" />
<p fId="3" fbTx="0.679282096" lbTx="0.67928218" tId="0" fbRx="0.689282096" lbRx="0.68928218" />
<p fId="0" fbTx="0.67928218" lbTx="0.679283055" tId="1" fbRx="0.67928218" lbRx="0.679283055" />
<p fId="1" fbTx="0.679283055" lbTx="0.67928393" tId="4" fbRx="0.679283055" lbRx="0.67928393" />
<p fId="3" fbTx="0.679382096" lbTx="0.67938218" tId="0" fbRx="0.689382096" lbRx="0.68938218" />
<p fId="0" fbTx="0.67938218" lbTx="0.679383055" tId="1" fbRx="0.67938218" lbRx="0.679383055" />
<p fId="1" fbTx="0.679383055" lbTx="0.67938393" tId="4" fbRx="0.679383055" lbRx="0.67938393" />
<p fId="3" fbTx="0.679482096" lbTx="0.67948218" tId="0" fbRx="0.689482096" lbRx="0.68948218" />
<p fId="0" fbTx="0.67948218" lbTx="0.679483055" tId="1" fbRx="0.67948218" lbRx="0.679483055" />
<p fId="1" fbTx="0.679483055" lbTx="0.67948393" tId="4" fbRx="0.679483055" lbRx="0.67948393" />
<p fId="3" fbTx="0.679582096" lbTx="0.67958218" tId="0" fbRx="0.689582096" lbRx="0.68958218" />
<p fId="0" fbTx="0.67958218" lbTx="0.679583055" tId="1" fbRx="0.67958218" lbRx="0.679583055" />
<p fId="1" fbTx="0.679583055" lbTx="0.67958393" tId="4" fbRx="0.679583055" lbRx="0.67958393" />
<p fId="3" fbTx="0.679682096" lbTx="0.67968218" tId="0" fbRx="0.689682096" lbRx="0.68968218" />
<p fId="0" fbTx="0.67968218" lbTx="0.679683055" tId="1" fbRx="0.67968218" lbRx="0.679683055" />
<p fId="1" fbTx="0.679683055" lbTx="0.67968393" tId="4" fbRx="0.679683055" lbRx="0.67968393" />
<p fId="3" fbTx="0.679782096" lbTx="0.67978218" tId="0" fbRx="0.689782096" lbRx="0.68978218" />
<p fId="0" fbTx="0.67978218" lbTx="0.679783055" tId="1" fbRx="0.67978218" lbRx="0.679783055" />
<p fId="1" fbTx="0.679783055" lbTx="0.67978393" tId="4" fbRx="0.679783055" lbRx="0.67978393" />
<p fId="3" fbTx="0.679882096" lbTx="0.67988218" tId="0" fbRx="0.689882096" lbRx="0.68988218" />
<p fId="0" fbTx="0.67988218" lbTx="0.679883055" tId="1" fbRx="0.67988218" lbRx="0.679883055" />
<p fId="1" fbTx="0.679883055" lbTx="0.67988393" tId="4" fbRx="0.679883055" lbRx="0.67988393" />
<p fId="3" fbTx="0.679982096" lbTx="0.67998218" tId="0" fbRx="0.689982096" lbRx="0.68998218" />
<p fId="0" fbTx="0.67998218" lbTx="0.679983055" tId="1" fbRx="0.67998218" lbRx="0.679983055" />
<p fId="1" fbTx="0.679983055" lbTx="0.67998393" tId="4" fbRx="0.679983055" lbRx="0.67998393" />
<p fId="3" fbTx="0.680082096" lbTx="0.68008218" tId="0" fbRx="0.690082096" lbRx="0.69008218" />
<p fId="0" fbTx="0.68008218" lbTx="0.680083055" tId="1" fbRx="0.68008218" lbRx="0.680083055" />
<p fId="1" fbTx="0.680083055" lbTx="0.68008393" tId="4" fbRx="0.680083055" lbRx="0.68008393" />
<p fId="3" fbTx="0.680182096" lbTx="0.68018218" tId="0" fbRx="0.690182096" lbRx="0.69018218" />
<p fId="0" fbTx="0.68018218" lbTx="0.680183055" tId="1" fbRx="0.68018218" lbRx="0.680183055" />
<p fId="1" fbTx="0.680183055" lbTx="0.68018393" tId="4" fbRx="0.680183055" lbRx="0.68018393" />
<pr uId="658" fId="4" fbTx="0.680214286" />
<wpr uId="658" tId="5" fbRx="0.680214286" lbRx="0" />
<wpr uId="658" tId="6" fbRx="0.680214286" lbRx="0" />
<p fId="3" fbTx="0.680282096" lbTx="0.68028218" tId="0" fbRx="0.690282096" lbRx="0.69028218" />
<p fId="0" fbTx="0.68028218" lbTx="0.680283055" tId="1" fbRx="0.68028218" lbRx="0.680283055" />
<p fId="1" fbTx="0.680283055" lbTx="0.68028393" tId="4" fbRx="0.680283055" lbRx="0.68028393" />
<p fId="3" fbTx="0.680382096" lbTx="0.68038218" tId="0" fbRx="0.690382096" lbRx="0.69038218" />
<p fId="0" fbTx="0.68038218" lbTx="0.680383055" tId="1" fbRx="0.68038218" lbRx="0.680383055" />
<p fId="1" fbTx="0.680383055" lbTx="0.68038393" tId="4" fbRx="0.680383055" lbRx="0.68038393" />
<p fId="3" fbTx="0.680482096" lbTx="0.68048218" tId="0" fbRx="0.690482096" lbRx="0.69048218" />
<p fId="0" fbTx="0.68048218" lbTx="0.680483055" tId="1" fbRx="0.68048218" lbRx="0.680483055" />
<p fId="1" fbTx="0.680483055" lbTx="0.68048393" tId="4" fbRx="0.680483055" lbRx="0.68048393" />
<p fId="3" fbTx="0.680582096" lbTx="0.68058218" tId="0" fbRx="0.690582096" lbRx="0.69058218" />
<p fId="0" fbTx="0.68058218" lbTx="0.680583055" tId="1" fbRx="0.68058218" lbRx="0.680583055" />
<p fId="1" fbTx="0.680583055" lbTx="0.68058393" tId="4" fbRx="0.680583055" lbRx="0.68058393" />
<p fId="3" fbTx="0.680682096" lbTx="0.68068218" tId="0" fbRx="0.690682096" lbRx="0.69068218" />
<p fId="0" fbTx="0.68068218" lbTx="0.680683055" tId="1" fbRx="0.68068218" lbRx="0.680683055" />
<p fId="1" fbTx="0.680683055" lbTx="0.68068393" tId="4" fbRx="0.680683055" lbRx="0.68068393" />
<p fId="3" fbTx="0.680782096" lbTx="0.68078218" tId="0" fbRx="0.690782096" lbRx="0.69078218" />
<p fId="0" fbTx="0.68078218" lbTx="0.680783055" tId="1" fbRx="0.68078218" lbRx="0.680783055" />
<p fId="1" fbTx="0.680783055" lbTx="0.68078393" tId="4" fbRx="0.680783055" lbRx="0.68078393" />
<p fId="3" fbTx="0.680882096" lbTx="0.68088218" tId="0" fbRx="0.690882096" lbRx="0.69088218" />
<p fId="0" fbTx="0.68088218" lbTx="0.680883055" tId="1" fbRx="0.68088218" lbRx="0.680883055" />
<p fId="1" fbTx="0.680883055" lbTx="0.68088393" tId="4" fbRx="0.680883055" lbRx="0.68088393" />
<p fId="3" fbTx="0.680982096" lbTx="0.68098218" tId="0" fbRx="0.690982096" lbRx="0.69098218" />
<p fId="0" fbTx="0.68098218" lbTx="0.680983055" tId="1" fbRx="0.68098218" lbRx="0.680983055" />
<p fId="1" fbTx="0.680983055" lbTx="0.68098393" tId="4" fbRx="0.680983055" lbRx="0.68098393" />
<p fId="3" fbTx="0.681082096" lbTx="0.68108218" tId="0" fbRx="0.691082096" lbRx="0.69108218" />
<p fId="0" fbTx="0.68108218" lbTx="0.681083055" tId="1" fbRx="0.68108218" lbRx="0.681083055" />
<p fId="1" fbTx="0.681083055" lbTx="0.68108393" tId="4" fbRx="0.681083055" lbRx="0.68108393" />
<p fId="3" fbTx="0.681182096" lbTx="0.68118218" tId="0" fbRx="0.691182096" lbRx="0.69118218" />
<p fId="0" fbTx="0.68118218" lbTx="0.681183055" tId="1" fbRx="0.68118218" lbRx="0.681183055" />
<p fId="1" fbTx="0.681183055" lbTx="0.68118393" tId="4" fbRx="0.681183055" lbRx="0.68118393" />
<pr uId="659" fId="4" fbTx="0.681214286" />
<wpr uId="659" tId="5" fbRx="0.681214286" lbRx="0" />
<wpr uId="659" tId="6" fbRx="0.681214286" lbRx="0" />
<p fId="3" fbTx="0.681282096" lbTx="0.68128218" tId="0" fbRx="0.691282096" lbRx="0.69128218" />
<p fId="0" fbTx="0.68128218" lbTx="0.681283055" tId="1" fbRx="0.68128218" lbRx="0.681283055" />
<p fId="1" fbTx="0.681283055" lbTx="0.68128393" tId="4" fbRx="0.681283055" lbRx="0.68128393" />
<p fId="3" fbTx="0.681382096" lbTx="0.68138218" tId="0" fbRx="0.691382096" lbRx="0.69138218" />
<p fId="0" fbTx="0.68138218" lbTx="0.681383055" tId="1" fbRx="0.68138218" lbRx="0.681383055" />
<p fId="1" fbTx="0.681383055" lbTx="0.68138393" tId="4" fbRx="0.681383055" lbRx="0.68138393" />
<p fId="3" fbTx="0.681482096" lbTx="0.68148218" tId="0" fbRx="0.691482096" lbRx="0.69148218" />
<p fId="0" fbTx="0.68148218" lbTx="0.681483055" tId="1" fbRx="0.68148218" lbRx="0.681483055" />
<p fId="1" fbTx="0.681483055" lbTx="0.68148393" tId="4" fbRx="0.681483055" lbRx="0.68148393" />
<p fId="3" fbTx="0.681582096" lbTx="0.68158218" tId="0" fbRx="0.691582096" lbRx="0.69158218" />
<p fId="0" fbTx="0.68158218" lbTx="0.681583055" tId="1" fbRx="0.68158218" lbRx="0.681583055" />
<p fId="1" fbTx="0.681583055" lbTx="0.68158393" tId="4" fbRx="0.681583055" lbRx="0.68158393" />
<p fId="3" fbTx="0.681682096" lbTx="0.68168218" tId="0" fbRx="0.691682096" lbRx="0.69168218" />
<p fId="0" fbTx="0.68168218" lbTx="0.681683055" tId="1" fbRx="0.68168218" lbRx="0.681683055" />
<p fId="1" fbTx="0.681683055" lbTx="0.68168393" tId="4" fbRx="0.681683055" lbRx="0.68168393" />
<p fId="3" fbTx="0.681782096" lbTx="0.68178218" tId="0" fbRx="0.691782096" lbRx="0.69178218" />
<p fId="0" fbTx="0.68178218" lbTx="0.681783055" tId="1" fbRx="0.68178218" lbRx="0.681783055" />
<p fId="1" fbTx="0.681783055" lbTx="0.68178393" tId="4" fbRx="0.681783055" lbRx="0.68178393" />
<p fId="3" fbTx="0.681882096" lbTx="0.68188218" tId="0" fbRx="0.691882096" lbRx="0.69188218" />
<p fId="0" fbTx="0.68188218" lbTx="0.681883055" tId="1" fbRx="0.68188218" lbRx="0.681883055" />
<p fId="1" fbTx="0.681883055" lbTx="0.68188393" tId="4" fbRx="0.681883055" lbRx="0.68188393" />
<p fId="3" fbTx="0.681982096" lbTx="0.68198218" tId="0" fbRx="0.691982096" lbRx="0.69198218" />
<p fId="0" fbTx="0.68198218" lbTx="0.681983055" tId="1" fbRx="0.68198218" lbRx="0.681983055" />
<p fId="1" fbTx="0.681983055" lbTx="0.68198393" tId="4" fbRx="0.681983055" lbRx="0.68198393" />
<p fId="3" fbTx="0.682082096" lbTx="0.68208218" tId="0" fbRx="0.692082096" lbRx="0.69208218" />
<p fId="0" fbTx="0.68208218" lbTx="0.682083055" tId="1" fbRx="0.68208218" lbRx="0.682083055" />
<p fId="1" fbTx="0.682083055" lbTx="0.68208393" tId="4" fbRx="0.682083055" lbRx="0.68208393" />
<p fId="3" fbTx="0.682182096" lbTx="0.68218218" tId="0" fbRx="0.692182096" lbRx="0.69218218" />
<p fId="0" fbTx="0.68218218" lbTx="0.682183055" tId="1" fbRx="0.68218218" lbRx="0.682183055" />
<p fId="1" fbTx="0.682183055" lbTx="0.68218393" tId="4" fbRx="0.682183055" lbRx="0.68218393" />
<pr uId="660" fId="4" fbTx="0.682214286" />
<wpr uId="660" tId="5" fbRx="0.682214286" lbRx="0" />
<wpr uId="660" tId="6" fbRx="0.682214286" lbRx="0" />
<p fId="3" fbTx="0.682282096" lbTx="0.68228218" tId="0" fbRx="0.692282096" lbRx="0.69228218" />
<p fId="0" fbTx="0.68228218" lbTx="0.682283055" tId="1" fbRx="0.68228218" lbRx="0.682283055" />
<p fId="1" fbTx="0.682283055" lbTx="0.68228393" tId="4" fbRx="0.682283055" lbRx="0.68228393" />
<p fId="3" fbTx="0.682382096" lbTx="0.68238218" tId="0" fbRx="0.692382096" lbRx="0.69238218" />
<p fId="0" fbTx="0.68238218" lbTx="0.682383055" tId="1" fbRx="0.68238218" lbRx="0.682383055" />
<p fId="1" fbTx="0.682383055" lbTx="0.68238393" tId="4" fbRx="0.682383055" lbRx="0.68238393" />
<p fId="3" fbTx="0.682482096" lbTx="0.68248218" tId="0" fbRx="0.692482096" lbRx="0.69248218" />
<p fId="0" fbTx="0.68248218" lbTx="0.682483055" tId="1" fbRx="0.68248218" lbRx="0.682483055" />
<p fId="1" fbTx="0.682483055" lbTx="0.68248393" tId="4" fbRx="0.682483055" lbRx="0.68248393" />
<p fId="3" fbTx="0.682582096" lbTx="0.68258218" tId="0" fbRx="0.692582096" lbRx="0.69258218" />
<p fId="0" fbTx="0.68258218" lbTx="0.682583055" tId="1" fbRx="0.68258218" lbRx="0.682583055" />
<p fId="1" fbTx="0.682583055" lbTx="0.68258393" tId="4" fbRx="0.682583055" lbRx="0.68258393" />
<p fId="3" fbTx="0.682682096" lbTx="0.68268218" tId="0" fbRx="0.692682096" lbRx="0.69268218" />
<p fId="0" fbTx="0.68268218" lbTx="0.682683055" tId="1" fbRx="0.68268218" lbRx="0.682683055" />
<p fId="1" fbTx="0.682683055" lbTx="0.68268393" tId="4" fbRx="0.682683055" lbRx="0.68268393" />
<p fId="3" fbTx="0.682782096" lbTx="0.68278218" tId="0" fbRx="0.692782096" lbRx="0.69278218" />
<p fId="0" fbTx="0.68278218" lbTx="0.682783055" tId="1" fbRx="0.68278218" lbRx="0.682783055" />
<p fId="1" fbTx="0.682783055" lbTx="0.68278393" tId="4" fbRx="0.682783055" lbRx="0.68278393" />
<p fId="3" fbTx="0.682882096" lbTx="0.68288218" tId="0" fbRx="0.692882096" lbRx="0.69288218" />
<p fId="0" fbTx="0.68288218" lbTx="0.682883055" tId="1" fbRx="0.68288218" lbRx="0.682883055" />
<p fId="1" fbTx="0.682883055" lbTx="0.68288393" tId="4" fbRx="0.682883055" lbRx="0.68288393" />
<p fId="3" fbTx="0.682982096" lbTx="0.68298218" tId="0" fbRx="0.692982096" lbRx="0.69298218" />
<p fId="0" fbTx="0.68298218" lbTx="0.682983055" tId="1" fbRx="0.68298218" lbRx="0.682983055" />
<p fId="1" fbTx="0.682983055" lbTx="0.68298393" tId="4" fbRx="0.682983055" lbRx="0.68298393" />
<p fId="3" fbTx="0.683082096" lbTx="0.68308218" tId="0" fbRx="0.693082096" lbRx="0.69308218" />
<p fId="0" fbTx="0.68308218" lbTx="0.683083055" tId="1" fbRx="0.68308218" lbRx="0.683083055" />
<p fId="1" fbTx="0.683083055" lbTx="0.68308393" tId="4" fbRx="0.683083055" lbRx="0.68308393" />
<p fId="3" fbTx="0.683182096" lbTx="0.68318218" tId="0" fbRx="0.693182096" lbRx="0.69318218" />
<p fId="0" fbTx="0.68318218" lbTx="0.683183055" tId="1" fbRx="0.68318218" lbRx="0.683183055" />
<p fId="1" fbTx="0.683183055" lbTx="0.68318393" tId="4" fbRx="0.683183055" lbRx="0.68318393" />
<pr uId="661" fId="4" fbTx="0.683214286" />
<wpr uId="661" tId="5" fbRx="0.683214286" lbRx="0" />
<wpr uId="661" tId="6" fbRx="0.683214286" lbRx="0" />
<p fId="3" fbTx="0.683282096" lbTx="0.68328218" tId="0" fbRx="0.693282096" lbRx="0.69328218" />
<p fId="0" fbTx="0.68328218" lbTx="0.683283055" tId="1" fbRx="0.68328218" lbRx="0.683283055" />
<p fId="1" fbTx="0.683283055" lbTx="0.68328393" tId="4" fbRx="0.683283055" lbRx="0.68328393" />
<p fId="3" fbTx="0.683382096" lbTx="0.68338218" tId="0" fbRx="0.693382096" lbRx="0.69338218" />
<p fId="0" fbTx="0.68338218" lbTx="0.683383055" tId="1" fbRx="0.68338218" lbRx="0.683383055" />
<p fId="1" fbTx="0.683383055" lbTx="0.68338393" tId="4" fbRx="0.683383055" lbRx="0.68338393" />
<p fId="3" fbTx="0.683482096" lbTx="0.68348218" tId="0" fbRx="0.693482096" lbRx="0.69348218" />
<p fId="0" fbTx="0.68348218" lbTx="0.683483055" tId="1" fbRx="0.68348218" lbRx="0.683483055" />
<p fId="1" fbTx="0.683483055" lbTx="0.68348393" tId="4" fbRx="0.683483055" lbRx="0.68348393" />
<p fId="3" fbTx="0.683582096" lbTx="0.68358218" tId="0" fbRx="0.693582096" lbRx="0.69358218" />
<p fId="0" fbTx="0.68358218" lbTx="0.683583055" tId="1" fbRx="0.68358218" lbRx="0.683583055" />
<p fId="1" fbTx="0.683583055" lbTx="0.68358393" tId="4" fbRx="0.683583055" lbRx="0.68358393" />
<p fId="3" fbTx="0.683682096" lbTx="0.68368218" tId="0" fbRx="0.693682096" lbRx="0.69368218" />
<p fId="0" fbTx="0.68368218" lbTx="0.683683055" tId="1" fbRx="0.68368218" lbRx="0.683683055" />
<p fId="1" fbTx="0.683683055" lbTx="0.68368393" tId="4" fbRx="0.683683055" lbRx="0.68368393" />
<p fId="3" fbTx="0.683782096" lbTx="0.68378218" tId="0" fbRx="0.693782096" lbRx="0.69378218" />
<p fId="0" fbTx="0.68378218" lbTx="0.683783055" tId="1" fbRx="0.68378218" lbRx="0.683783055" />
<p fId="1" fbTx="0.683783055" lbTx="0.68378393" tId="4" fbRx="0.683783055" lbRx="0.68378393" />
<p fId="3" fbTx="0.683882096" lbTx="0.68388218" tId="0" fbRx="0.693882096" lbRx="0.69388218" />
<p fId="0" fbTx="0.68388218" lbTx="0.683883055" tId="1" fbRx="0.68388218" lbRx="0.683883055" />
<p fId="1" fbTx="0.683883055" lbTx="0.68388393" tId="4" fbRx="0.683883055" lbRx="0.68388393" />
<p fId="3" fbTx="0.683982096" lbTx="0.68398218" tId="0" fbRx="0.693982096" lbRx="0.69398218" />
<p fId="0" fbTx="0.68398218" lbTx="0.683983055" tId="1" fbRx="0.68398218" lbRx="0.683983055" />
<p fId="1" fbTx="0.683983055" lbTx="0.68398393" tId="4" fbRx="0.683983055" lbRx="0.68398393" />
<p fId="3" fbTx="0.684082096" lbTx="0.68408218" tId="0" fbRx="0.694082096" lbRx="0.69408218" />
<p fId="0" fbTx="0.68408218" lbTx="0.684083055" tId="1" fbRx="0.68408218" lbRx="0.684083055" />
<p fId="1" fbTx="0.684083055" lbTx="0.68408393" tId="4" fbRx="0.684083055" lbRx="0.68408393" />
<p fId="3" fbTx="0.684182096" lbTx="0.68418218" tId="0" fbRx="0.694182096" lbRx="0.69418218" />
<p fId="0" fbTx="0.68418218" lbTx="0.684183055" tId="1" fbRx="0.68418218" lbRx="0.684183055" />
<p fId="1" fbTx="0.684183055" lbTx="0.68418393" tId="4" fbRx="0.684183055" lbRx="0.68418393" />
<pr uId="662" fId="4" fbTx="0.684214286" />
<wpr uId="662" tId="5" fbRx="0.684214286" lbRx="0" />
<wpr uId="662" tId="6" fbRx="0.684214286" lbRx="0" />
<p fId="3" fbTx="0.684282096" lbTx="0.68428218" tId="0" fbRx="0.694282096" lbRx="0.69428218" />
<p fId="0" fbTx="0.68428218" lbTx="0.684283055" tId="1" fbRx="0.68428218" lbRx="0.684283055" />
<p fId="1" fbTx="0.684283055" lbTx="0.68428393" tId="4" fbRx="0.684283055" lbRx="0.68428393" />
<p fId="3" fbTx="0.684382096" lbTx="0.68438218" tId="0" fbRx="0.694382096" lbRx="0.69438218" />
<p fId="0" fbTx="0.68438218" lbTx="0.684383055" tId="1" fbRx="0.68438218" lbRx="0.684383055" />
<p fId="1" fbTx="0.684383055" lbTx="0.68438393" tId="4" fbRx="0.684383055" lbRx="0.68438393" />
<p fId="3" fbTx="0.684482096" lbTx="0.68448218" tId="0" fbRx="0.694482096" lbRx="0.69448218" />
<p fId="0" fbTx="0.68448218" lbTx="0.684483055" tId="1" fbRx="0.68448218" lbRx="0.684483055" />
<p fId="1" fbTx="0.684483055" lbTx="0.68448393" tId="4" fbRx="0.684483055" lbRx="0.68448393" />
<p fId="3" fbTx="0.684582096" lbTx="0.68458218" tId="0" fbRx="0.694582096" lbRx="0.69458218" />
<p fId="0" fbTx="0.68458218" lbTx="0.684583055" tId="1" fbRx="0.68458218" lbRx="0.684583055" />
<p fId="1" fbTx="0.684583055" lbTx="0.68458393" tId="4" fbRx="0.684583055" lbRx="0.68458393" />
<p fId="3" fbTx="0.684682096" lbTx="0.68468218" tId="0" fbRx="0.694682096" lbRx="0.69468218" />
<p fId="0" fbTx="0.68468218" lbTx="0.684683055" tId="1" fbRx="0.68468218" lbRx="0.684683055" />
<p fId="1" fbTx="0.684683055" lbTx="0.68468393" tId="4" fbRx="0.684683055" lbRx="0.68468393" />
<p fId="3" fbTx="0.684782096" lbTx="0.68478218" tId="0" fbRx="0.694782096" lbRx="0.69478218" />
<p fId="0" fbTx="0.68478218" lbTx="0.684783055" tId="1" fbRx="0.68478218" lbRx="0.684783055" />
<p fId="1" fbTx="0.684783055" lbTx="0.68478393" tId="4" fbRx="0.684783055" lbRx="0.68478393" />
<p fId="3" fbTx="0.684882096" lbTx="0.68488218" tId="0" fbRx="0.694882096" lbRx="0.69488218" />
<p fId="0" fbTx="0.68488218" lbTx="0.684883055" tId="1" fbRx="0.68488218" lbRx="0.684883055" />
<p fId="1" fbTx="0.684883055" lbTx="0.68488393" tId="4" fbRx="0.684883055" lbRx="0.68488393" />
<p fId="3" fbTx="0.684982096" lbTx="0.68498218" tId="0" fbRx="0.694982096" lbRx="0.69498218" />
<p fId="0" fbTx="0.68498218" lbTx="0.684983055" tId="1" fbRx="0.68498218" lbRx="0.684983055" />
<p fId="1" fbTx="0.684983055" lbTx="0.68498393" tId="4" fbRx="0.684983055" lbRx="0.68498393" />
<p fId="3" fbTx="0.685082096" lbTx="0.68508218" tId="0" fbRx="0.695082096" lbRx="0.69508218" />
<p fId="0" fbTx="0.68508218" lbTx="0.685083055" tId="1" fbRx="0.68508218" lbRx="0.685083055" />
<p fId="1" fbTx="0.685083055" lbTx="0.68508393" tId="4" fbRx="0.685083055" lbRx="0.68508393" />
<p fId="3" fbTx="0.685182096" lbTx="0.68518218" tId="0" fbRx="0.695182096" lbRx="0.69518218" />
<p fId="0" fbTx="0.68518218" lbTx="0.685183055" tId="1" fbRx="0.68518218" lbRx="0.685183055" />
<p fId="1" fbTx="0.685183055" lbTx="0.68518393" tId="4" fbRx="0.685183055" lbRx="0.68518393" />
<pr uId="663" fId="4" fbTx="0.685214286" />
<wpr uId="663" tId="5" fbRx="0.685214286" lbRx="0" />
<wpr uId="663" tId="6" fbRx="0.685214286" lbRx="0" />
<p fId="3" fbTx="0.685282096" lbTx="0.68528218" tId="0" fbRx="0.695282096" lbRx="0.69528218" />
<p fId="0" fbTx="0.68528218" lbTx="0.685283055" tId="1" fbRx="0.68528218" lbRx="0.685283055" />
<p fId="1" fbTx="0.685283055" lbTx="0.68528393" tId="4" fbRx="0.685283055" lbRx="0.68528393" />
<p fId="3" fbTx="0.685382096" lbTx="0.68538218" tId="0" fbRx="0.695382096" lbRx="0.69538218" />
<p fId="0" fbTx="0.68538218" lbTx="0.685383055" tId="1" fbRx="0.68538218" lbRx="0.685383055" />
<p fId="1" fbTx="0.685383055" lbTx="0.68538393" tId="4" fbRx="0.685383055" lbRx="0.68538393" />
<p fId="3" fbTx="0.685482096" lbTx="0.68548218" tId="0" fbRx="0.695482096" lbRx="0.69548218" />
<p fId="0" fbTx="0.68548218" lbTx="0.685483055" tId="1" fbRx="0.68548218" lbRx="0.685483055" />
<p fId="1" fbTx="0.685483055" lbTx="0.68548393" tId="4" fbRx="0.685483055" lbRx="0.68548393" />
<p fId="3" fbTx="0.685582096" lbTx="0.68558218" tId="0" fbRx="0.695582096" lbRx="0.69558218" />
<p fId="0" fbTx="0.68558218" lbTx="0.685583055" tId="1" fbRx="0.68558218" lbRx="0.685583055" />
<p fId="1" fbTx="0.685583055" lbTx="0.68558393" tId="4" fbRx="0.685583055" lbRx="0.68558393" />
<p fId="3" fbTx="0.685682096" lbTx="0.68568218" tId="0" fbRx="0.695682096" lbRx="0.69568218" />
<p fId="0" fbTx="0.68568218" lbTx="0.685683055" tId="1" fbRx="0.68568218" lbRx="0.685683055" />
<p fId="1" fbTx="0.685683055" lbTx="0.68568393" tId="4" fbRx="0.685683055" lbRx="0.68568393" />
<p fId="3" fbTx="0.685782096" lbTx="0.68578218" tId="0" fbRx="0.695782096" lbRx="0.69578218" />
<p fId="0" fbTx="0.68578218" lbTx="0.685783055" tId="1" fbRx="0.68578218" lbRx="0.685783055" />
<p fId="1" fbTx="0.685783055" lbTx="0.68578393" tId="4" fbRx="0.685783055" lbRx="0.68578393" />
<p fId="3" fbTx="0.685882096" lbTx="0.68588218" tId="0" fbRx="0.695882096" lbRx="0.69588218" />
<p fId="0" fbTx="0.68588218" lbTx="0.685883055" tId="1" fbRx="0.68588218" lbRx="0.685883055" />
<p fId="1" fbTx="0.685883055" lbTx="0.68588393" tId="4" fbRx="0.685883055" lbRx="0.68588393" />
<p fId="3" fbTx="0.685982096" lbTx="0.68598218" tId="0" fbRx="0.695982096" lbRx="0.69598218" />
<p fId="0" fbTx="0.68598218" lbTx="0.685983055" tId="1" fbRx="0.68598218" lbRx="0.685983055" />
<p fId="1" fbTx="0.685983055" lbTx="0.68598393" tId="4" fbRx="0.685983055" lbRx="0.68598393" />
<p fId="3" fbTx="0.686082096" lbTx="0.68608218" tId="0" fbRx="0.696082096" lbRx="0.69608218" />
<p fId="0" fbTx="0.68608218" lbTx="0.686083055" tId="1" fbRx="0.68608218" lbRx="0.686083055" />
<p fId="1" fbTx="0.686083055" lbTx="0.68608393" tId="4" fbRx="0.686083055" lbRx="0.68608393" />
<p fId="3" fbTx="0.686182096" lbTx="0.68618218" tId="0" fbRx="0.696182096" lbRx="0.69618218" />
<p fId="0" fbTx="0.68618218" lbTx="0.686183055" tId="1" fbRx="0.68618218" lbRx="0.686183055" />
<p fId="1" fbTx="0.686183055" lbTx="0.68618393" tId="4" fbRx="0.686183055" lbRx="0.68618393" />
<pr uId="664" fId="4" fbTx="0.686214286" />
<wpr uId="664" tId="5" fbRx="0.686214286" lbRx="0" />
<wpr uId="664" tId="6" fbRx="0.686214286" lbRx="0" />
<p fId="3" fbTx="0.686282096" lbTx="0.68628218" tId="0" fbRx="0.696282096" lbRx="0.69628218" />
<p fId="0" fbTx="0.68628218" lbTx="0.686283055" tId="1" fbRx="0.68628218" lbRx="0.686283055" />
<p fId="1" fbTx="0.686283055" lbTx="0.68628393" tId="4" fbRx="0.686283055" lbRx="0.68628393" />
<p fId="3" fbTx="0.686382096" lbTx="0.68638218" tId="0" fbRx="0.696382096" lbRx="0.69638218" />
<p fId="0" fbTx="0.68638218" lbTx="0.686383055" tId="1" fbRx="0.68638218" lbRx="0.686383055" />
<p fId="1" fbTx="0.686383055" lbTx="0.68638393" tId="4" fbRx="0.686383055" lbRx="0.68638393" />
<p fId="3" fbTx="0.686482096" lbTx="0.68648218" tId="0" fbRx="0.696482096" lbRx="0.69648218" />
<p fId="0" fbTx="0.68648218" lbTx="0.686483055" tId="1" fbRx="0.68648218" lbRx="0.686483055" />
<p fId="1" fbTx="0.686483055" lbTx="0.68648393" tId="4" fbRx="0.686483055" lbRx="0.68648393" />
<p fId="3" fbTx="0.686582096" lbTx="0.68658218" tId="0" fbRx="0.696582096" lbRx="0.69658218" />
<p fId="0" fbTx="0.68658218" lbTx="0.686583055" tId="1" fbRx="0.68658218" lbRx="0.686583055" />
<p fId="1" fbTx="0.686583055" lbTx="0.68658393" tId="4" fbRx="0.686583055" lbRx="0.68658393" />
<p fId="3" fbTx="0.686682096" lbTx="0.68668218" tId="0" fbRx="0.696682096" lbRx="0.69668218" />
<p fId="0" fbTx="0.68668218" lbTx="0.686683055" tId="1" fbRx="0.68668218" lbRx="0.686683055" />
<p fId="1" fbTx="0.686683055" lbTx="0.68668393" tId="4" fbRx="0.686683055" lbRx="0.68668393" />
<p fId="3" fbTx="0.686782096" lbTx="0.68678218" tId="0" fbRx="0.696782096" lbRx="0.69678218" />
<p fId="0" fbTx="0.68678218" lbTx="0.686783055" tId="1" fbRx="0.68678218" lbRx="0.686783055" />
<p fId="1" fbTx="0.686783055" lbTx="0.68678393" tId="4" fbRx="0.686783055" lbRx="0.68678393" />
<p fId="3" fbTx="0.686882096" lbTx="0.68688218" tId="0" fbRx="0.696882096" lbRx="0.69688218" />
<p fId="0" fbTx="0.68688218" lbTx="0.686883055" tId="1" fbRx="0.68688218" lbRx="0.686883055" />
<p fId="1" fbTx="0.686883055" lbTx="0.68688393" tId="4" fbRx="0.686883055" lbRx="0.68688393" />
<p fId="3" fbTx="0.686982096" lbTx="0.68698218" tId="0" fbRx="0.696982096" lbRx="0.69698218" />
<p fId="0" fbTx="0.68698218" lbTx="0.686983055" tId="1" fbRx="0.68698218" lbRx="0.686983055" />
<p fId="1" fbTx="0.686983055" lbTx="0.68698393" tId="4" fbRx="0.686983055" lbRx="0.68698393" />
<p fId="3" fbTx="0.687082096" lbTx="0.68708218" tId="0" fbRx="0.697082096" lbRx="0.69708218" />
<p fId="0" fbTx="0.68708218" lbTx="0.687083055" tId="1" fbRx="0.68708218" lbRx="0.687083055" />
<p fId="1" fbTx="0.687083055" lbTx="0.68708393" tId="4" fbRx="0.687083055" lbRx="0.68708393" />
<p fId="3" fbTx="0.687182096" lbTx="0.68718218" tId="0" fbRx="0.697182096" lbRx="0.69718218" />
<p fId="0" fbTx="0.68718218" lbTx="0.687183055" tId="1" fbRx="0.68718218" lbRx="0.687183055" />
<p fId="1" fbTx="0.687183055" lbTx="0.68718393" tId="4" fbRx="0.687183055" lbRx="0.68718393" />
<pr uId="665" fId="4" fbTx="0.687214286" />
<wpr uId="665" tId="5" fbRx="0.687214286" lbRx="0" />
<wpr uId="665" tId="6" fbRx="0.687214286" lbRx="0" />
<p fId="3" fbTx="0.687282096" lbTx="0.68728218" tId="0" fbRx="0.697282096" lbRx="0.69728218" />
<p fId="0" fbTx="0.68728218" lbTx="0.687283055" tId="1" fbRx="0.68728218" lbRx="0.687283055" />
<p fId="1" fbTx="0.687283055" lbTx="0.68728393" tId="4" fbRx="0.687283055" lbRx="0.68728393" />
<p fId="3" fbTx="0.687382096" lbTx="0.68738218" tId="0" fbRx="0.697382096" lbRx="0.69738218" />
<p fId="0" fbTx="0.68738218" lbTx="0.687383055" tId="1" fbRx="0.68738218" lbRx="0.687383055" />
<p fId="1" fbTx="0.687383055" lbTx="0.68738393" tId="4" fbRx="0.687383055" lbRx="0.68738393" />
<p fId="3" fbTx="0.687482096" lbTx="0.68748218" tId="0" fbRx="0.697482096" lbRx="0.69748218" />
<p fId="0" fbTx="0.68748218" lbTx="0.687483055" tId="1" fbRx="0.68748218" lbRx="0.687483055" />
<p fId="1" fbTx="0.687483055" lbTx="0.68748393" tId="4" fbRx="0.687483055" lbRx="0.68748393" />
<p fId="3" fbTx="0.687582096" lbTx="0.68758218" tId="0" fbRx="0.697582096" lbRx="0.69758218" />
<p fId="0" fbTx="0.68758218" lbTx="0.687583055" tId="1" fbRx="0.68758218" lbRx="0.687583055" />
<p fId="1" fbTx="0.687583055" lbTx="0.68758393" tId="4" fbRx="0.687583055" lbRx="0.68758393" />
<p fId="3" fbTx="0.687682096" lbTx="0.68768218" tId="0" fbRx="0.697682096" lbRx="0.69768218" />
<p fId="0" fbTx="0.68768218" lbTx="0.687683055" tId="1" fbRx="0.68768218" lbRx="0.687683055" />
<p fId="1" fbTx="0.687683055" lbTx="0.68768393" tId="4" fbRx="0.687683055" lbRx="0.68768393" />
<p fId="3" fbTx="0.687782096" lbTx="0.68778218" tId="0" fbRx="0.697782096" lbRx="0.69778218" />
<p fId="0" fbTx="0.68778218" lbTx="0.687783055" tId="1" fbRx="0.68778218" lbRx="0.687783055" />
<p fId="1" fbTx="0.687783055" lbTx="0.68778393" tId="4" fbRx="0.687783055" lbRx="0.68778393" />
<p fId="3" fbTx="0.687882096" lbTx="0.68788218" tId="0" fbRx="0.697882096" lbRx="0.69788218" />
<p fId="0" fbTx="0.68788218" lbTx="0.687883055" tId="1" fbRx="0.68788218" lbRx="0.687883055" />
<p fId="1" fbTx="0.687883055" lbTx="0.68788393" tId="4" fbRx="0.687883055" lbRx="0.68788393" />
<p fId="3" fbTx="0.687982096" lbTx="0.68798218" tId="0" fbRx="0.697982096" lbRx="0.69798218" />
<p fId="0" fbTx="0.68798218" lbTx="0.687983055" tId="1" fbRx="0.68798218" lbRx="0.687983055" />
<p fId="1" fbTx="0.687983055" lbTx="0.68798393" tId="4" fbRx="0.687983055" lbRx="0.68798393" />
<p fId="3" fbTx="0.688082096" lbTx="0.68808218" tId="0" fbRx="0.698082096" lbRx="0.69808218" />
<p fId="0" fbTx="0.68808218" lbTx="0.688083055" tId="1" fbRx="0.68808218" lbRx="0.688083055" />
<p fId="1" fbTx="0.688083055" lbTx="0.68808393" tId="4" fbRx="0.688083055" lbRx="0.68808393" />
<p fId="3" fbTx="0.688182096" lbTx="0.68818218" tId="0" fbRx="0.698182096" lbRx="0.69818218" />
<p fId="0" fbTx="0.68818218" lbTx="0.688183055" tId="1" fbRx="0.68818218" lbRx="0.688183055" />
<p fId="1" fbTx="0.688183055" lbTx="0.68818393" tId="4" fbRx="0.688183055" lbRx="0.68818393" />
<pr uId="666" fId="4" fbTx="0.688214286" />
<wpr uId="666" tId="5" fbRx="0.688214286" lbRx="0" />
<wpr uId="666" tId="6" fbRx="0.688214286" lbRx="0" />
<p fId="3" fbTx="0.688282096" lbTx="0.68828218" tId="0" fbRx="0.698282096" lbRx="0.69828218" />
<p fId="0" fbTx="0.68828218" lbTx="0.688283055" tId="1" fbRx="0.68828218" lbRx="0.688283055" />
<p fId="1" fbTx="0.688283055" lbTx="0.68828393" tId="4" fbRx="0.688283055" lbRx="0.68828393" />
<p fId="3" fbTx="0.688382096" lbTx="0.68838218" tId="0" fbRx="0.698382096" lbRx="0.69838218" />
<p fId="0" fbTx="0.68838218" lbTx="0.688383055" tId="1" fbRx="0.68838218" lbRx="0.688383055" />
<p fId="1" fbTx="0.688383055" lbTx="0.68838393" tId="4" fbRx="0.688383055" lbRx="0.68838393" />
<p fId="3" fbTx="0.688482096" lbTx="0.68848218" tId="0" fbRx="0.698482096" lbRx="0.69848218" />
<p fId="0" fbTx="0.68848218" lbTx="0.688483055" tId="1" fbRx="0.68848218" lbRx="0.688483055" />
<p fId="1" fbTx="0.688483055" lbTx="0.68848393" tId="4" fbRx="0.688483055" lbRx="0.68848393" />
<p fId="3" fbTx="0.688582096" lbTx="0.68858218" tId="0" fbRx="0.698582096" lbRx="0.69858218" />
<p fId="0" fbTx="0.68858218" lbTx="0.688583055" tId="1" fbRx="0.68858218" lbRx="0.688583055" />
<p fId="1" fbTx="0.688583055" lbTx="0.68858393" tId="4" fbRx="0.688583055" lbRx="0.68858393" />
<p fId="3" fbTx="0.688682096" lbTx="0.68868218" tId="0" fbRx="0.698682096" lbRx="0.69868218" />
<p fId="0" fbTx="0.68868218" lbTx="0.688683055" tId="1" fbRx="0.68868218" lbRx="0.688683055" />
<p fId="1" fbTx="0.688683055" lbTx="0.68868393" tId="4" fbRx="0.688683055" lbRx="0.68868393" />
<p fId="3" fbTx="0.688782096" lbTx="0.68878218" tId="0" fbRx="0.698782096" lbRx="0.69878218" />
<p fId="0" fbTx="0.68878218" lbTx="0.688783055" tId="1" fbRx="0.68878218" lbRx="0.688783055" />
<p fId="1" fbTx="0.688783055" lbTx="0.68878393" tId="4" fbRx="0.688783055" lbRx="0.68878393" />
<p fId="3" fbTx="0.688882096" lbTx="0.68888218" tId="0" fbRx="0.698882096" lbRx="0.69888218" />
<p fId="0" fbTx="0.68888218" lbTx="0.688883055" tId="1" fbRx="0.68888218" lbRx="0.688883055" />
<p fId="1" fbTx="0.688883055" lbTx="0.68888393" tId="4" fbRx="0.688883055" lbRx="0.68888393" />
<p fId="3" fbTx="0.688982096" lbTx="0.68898218" tId="0" fbRx="0.698982096" lbRx="0.69898218" />
<p fId="0" fbTx="0.68898218" lbTx="0.688983055" tId="1" fbRx="0.68898218" lbRx="0.688983055" />
<p fId="1" fbTx="0.688983055" lbTx="0.68898393" tId="4" fbRx="0.688983055" lbRx="0.68898393" />
<p fId="3" fbTx="0.689082096" lbTx="0.68908218" tId="0" fbRx="0.699082096" lbRx="0.69908218" />
<p fId="0" fbTx="0.68908218" lbTx="0.689083055" tId="1" fbRx="0.68908218" lbRx="0.689083055" />
<p fId="1" fbTx="0.689083055" lbTx="0.68908393" tId="4" fbRx="0.689083055" lbRx="0.68908393" />
<p fId="3" fbTx="0.689182096" lbTx="0.68918218" tId="0" fbRx="0.699182096" lbRx="0.69918218" />
<p fId="0" fbTx="0.68918218" lbTx="0.689183055" tId="1" fbRx="0.68918218" lbRx="0.689183055" />
<p fId="1" fbTx="0.689183055" lbTx="0.68918393" tId="4" fbRx="0.689183055" lbRx="0.68918393" />
<pr uId="667" fId="4" fbTx="0.689214286" />
<wpr uId="667" tId="5" fbRx="0.689214286" lbRx="0" />
<wpr uId="667" tId="6" fbRx="0.689214286" lbRx="0" />
<p fId="3" fbTx="0.689282096" lbTx="0.68928218" tId="0" fbRx="0.699282096" lbRx="0.69928218" />
<p fId="0" fbTx="0.68928218" lbTx="0.689283055" tId="1" fbRx="0.68928218" lbRx="0.689283055" />
<p fId="1" fbTx="0.689283055" lbTx="0.68928393" tId="4" fbRx="0.689283055" lbRx="0.68928393" />
<p fId="3" fbTx="0.689382096" lbTx="0.68938218" tId="0" fbRx="0.699382096" lbRx="0.69938218" />
<p fId="0" fbTx="0.68938218" lbTx="0.689383055" tId="1" fbRx="0.68938218" lbRx="0.689383055" />
<p fId="1" fbTx="0.689383055" lbTx="0.68938393" tId="4" fbRx="0.689383055" lbRx="0.68938393" />
<p fId="3" fbTx="0.689482096" lbTx="0.68948218" tId="0" fbRx="0.699482096" lbRx="0.69948218" />
<p fId="0" fbTx="0.68948218" lbTx="0.689483055" tId="1" fbRx="0.68948218" lbRx="0.689483055" />
<p fId="1" fbTx="0.689483055" lbTx="0.68948393" tId="4" fbRx="0.689483055" lbRx="0.68948393" />
<p fId="3" fbTx="0.689582096" lbTx="0.68958218" tId="0" fbRx="0.699582096" lbRx="0.69958218" />
<p fId="0" fbTx="0.68958218" lbTx="0.689583055" tId="1" fbRx="0.68958218" lbRx="0.689583055" />
<p fId="1" fbTx="0.689583055" lbTx="0.68958393" tId="4" fbRx="0.689583055" lbRx="0.68958393" />
<p fId="3" fbTx="0.689682096" lbTx="0.68968218" tId="0" fbRx="0.699682096" lbRx="0.69968218" />
<p fId="0" fbTx="0.68968218" lbTx="0.689683055" tId="1" fbRx="0.68968218" lbRx="0.689683055" />
<p fId="1" fbTx="0.689683055" lbTx="0.68968393" tId="4" fbRx="0.689683055" lbRx="0.68968393" />
<p fId="3" fbTx="0.689782096" lbTx="0.68978218" tId="0" fbRx="0.699782096" lbRx="0.69978218" />
<p fId="0" fbTx="0.68978218" lbTx="0.689783055" tId="1" fbRx="0.68978218" lbRx="0.689783055" />
<p fId="1" fbTx="0.689783055" lbTx="0.68978393" tId="4" fbRx="0.689783055" lbRx="0.68978393" />
<p fId="3" fbTx="0.689882096" lbTx="0.68988218" tId="0" fbRx="0.699882096" lbRx="0.69988218" />
<p fId="0" fbTx="0.68988218" lbTx="0.689883055" tId="1" fbRx="0.68988218" lbRx="0.689883055" />
<p fId="1" fbTx="0.689883055" lbTx="0.68988393" tId="4" fbRx="0.689883055" lbRx="0.68988393" />
<p fId="3" fbTx="0.689982096" lbTx="0.68998218" tId="0" fbRx="0.699982096" lbRx="0.69998218" />
<p fId="0" fbTx="0.68998218" lbTx="0.689983055" tId="1" fbRx="0.68998218" lbRx="0.689983055" />
<p fId="1" fbTx="0.689983055" lbTx="0.68998393" tId="4" fbRx="0.689983055" lbRx="0.68998393" />
<p fId="3" fbTx="0.690082096" lbTx="0.69008218" tId="0" fbRx="0.700082096" lbRx="0.70008218" />
<p fId="0" fbTx="0.69008218" lbTx="0.690083055" tId="1" fbRx="0.69008218" lbRx="0.690083055" />
<p fId="1" fbTx="0.690083055" lbTx="0.69008393" tId="4" fbRx="0.690083055" lbRx="0.69008393" />
<p fId="3" fbTx="0.690182096" lbTx="0.69018218" tId="0" fbRx="0.700182096" lbRx="0.70018218" />
<p fId="0" fbTx="0.69018218" lbTx="0.690183055" tId="1" fbRx="0.69018218" lbRx="0.690183055" />
<p fId="1" fbTx="0.690183055" lbTx="0.69018393" tId="4" fbRx="0.690183055" lbRx="0.69018393" />
<pr uId="668" fId="4" fbTx="0.690214286" />
<wpr uId="668" tId="5" fbRx="0.690214286" lbRx="0" />
<wpr uId="668" tId="6" fbRx="0.690214286" lbRx="0" />
<p fId="3" fbTx="0.690282096" lbTx="0.69028218" tId="0" fbRx="0.700282096" lbRx="0.70028218" />
<p fId="0" fbTx="0.69028218" lbTx="0.690283055" tId="1" fbRx="0.69028218" lbRx="0.690283055" />
<p fId="1" fbTx="0.690283055" lbTx="0.69028393" tId="4" fbRx="0.690283055" lbRx="0.69028393" />
<p fId="3" fbTx="0.690382096" lbTx="0.69038218" tId="0" fbRx="0.700382096" lbRx="0.70038218" />
<p fId="0" fbTx="0.69038218" lbTx="0.690383055" tId="1" fbRx="0.69038218" lbRx="0.690383055" />
<p fId="1" fbTx="0.690383055" lbTx="0.69038393" tId="4" fbRx="0.690383055" lbRx="0.69038393" />
<p fId="3" fbTx="0.690482096" lbTx="0.69048218" tId="0" fbRx="0.700482096" lbRx="0.70048218" />
<p fId="0" fbTx="0.69048218" lbTx="0.690483055" tId="1" fbRx="0.69048218" lbRx="0.690483055" />
<p fId="1" fbTx="0.690483055" lbTx="0.69048393" tId="4" fbRx="0.690483055" lbRx="0.69048393" />
<p fId="3" fbTx="0.690582096" lbTx="0.69058218" tId="0" fbRx="0.700582096" lbRx="0.70058218" />
<p fId="0" fbTx="0.69058218" lbTx="0.690583055" tId="1" fbRx="0.69058218" lbRx="0.690583055" />
<p fId="1" fbTx="0.690583055" lbTx="0.69058393" tId="4" fbRx="0.690583055" lbRx="0.69058393" />
<p fId="3" fbTx="0.690682096" lbTx="0.69068218" tId="0" fbRx="0.700682096" lbRx="0.70068218" />
<p fId="0" fbTx="0.69068218" lbTx="0.690683055" tId="1" fbRx="0.69068218" lbRx="0.690683055" />
<p fId="1" fbTx="0.690683055" lbTx="0.69068393" tId="4" fbRx="0.690683055" lbRx="0.69068393" />
<p fId="3" fbTx="0.690782096" lbTx="0.69078218" tId="0" fbRx="0.700782096" lbRx="0.70078218" />
<p fId="0" fbTx="0.69078218" lbTx="0.690783055" tId="1" fbRx="0.69078218" lbRx="0.690783055" />
<p fId="1" fbTx="0.690783055" lbTx="0.69078393" tId="4" fbRx="0.690783055" lbRx="0.69078393" />
<p fId="3" fbTx="0.690882096" lbTx="0.69088218" tId="0" fbRx="0.700882096" lbRx="0.70088218" />
<p fId="0" fbTx="0.69088218" lbTx="0.690883055" tId="1" fbRx="0.69088218" lbRx="0.690883055" />
<p fId="1" fbTx="0.690883055" lbTx="0.69088393" tId="4" fbRx="0.690883055" lbRx="0.69088393" />
<p fId="3" fbTx="0.690982096" lbTx="0.69098218" tId="0" fbRx="0.700982096" lbRx="0.70098218" />
<p fId="0" fbTx="0.69098218" lbTx="0.690983055" tId="1" fbRx="0.69098218" lbRx="0.690983055" />
<p fId="1" fbTx="0.690983055" lbTx="0.69098393" tId="4" fbRx="0.690983055" lbRx="0.69098393" />
<p fId="3" fbTx="0.691082096" lbTx="0.69108218" tId="0" fbRx="0.701082096" lbRx="0.70108218" />
<p fId="0" fbTx="0.69108218" lbTx="0.691083055" tId="1" fbRx="0.69108218" lbRx="0.691083055" />
<p fId="1" fbTx="0.691083055" lbTx="0.69108393" tId="4" fbRx="0.691083055" lbRx="0.69108393" />
<p fId="3" fbTx="0.691182096" lbTx="0.69118218" tId="0" fbRx="0.701182096" lbRx="0.70118218" />
<p fId="0" fbTx="0.69118218" lbTx="0.691183055" tId="1" fbRx="0.69118218" lbRx="0.691183055" />
<p fId="1" fbTx="0.691183055" lbTx="0.69118393" tId="4" fbRx="0.691183055" lbRx="0.69118393" />
<pr uId="669" fId="4" fbTx="0.691214286" />
<wpr uId="669" tId="5" fbRx="0.691214286" lbRx="0" />
<wpr uId="669" tId="6" fbRx="0.691214286" lbRx="0" />
<p fId="3" fbTx="0.691282096" lbTx="0.69128218" tId="0" fbRx="0.701282096" lbRx="0.70128218" />
<p fId="0" fbTx="0.69128218" lbTx="0.691283055" tId="1" fbRx="0.69128218" lbRx="0.691283055" />
<p fId="1" fbTx="0.691283055" lbTx="0.69128393" tId="4" fbRx="0.691283055" lbRx="0.69128393" />
<p fId="3" fbTx="0.691382096" lbTx="0.69138218" tId="0" fbRx="0.701382096" lbRx="0.70138218" />
<p fId="0" fbTx="0.69138218" lbTx="0.691383055" tId="1" fbRx="0.69138218" lbRx="0.691383055" />
<p fId="1" fbTx="0.691383055" lbTx="0.69138393" tId="4" fbRx="0.691383055" lbRx="0.69138393" />
<p fId="3" fbTx="0.691482096" lbTx="0.69148218" tId="0" fbRx="0.701482096" lbRx="0.70148218" />
<p fId="0" fbTx="0.69148218" lbTx="0.691483055" tId="1" fbRx="0.69148218" lbRx="0.691483055" />
<p fId="1" fbTx="0.691483055" lbTx="0.69148393" tId="4" fbRx="0.691483055" lbRx="0.69148393" />
<p fId="3" fbTx="0.691582096" lbTx="0.69158218" tId="0" fbRx="0.701582096" lbRx="0.70158218" />
<p fId="0" fbTx="0.69158218" lbTx="0.691583055" tId="1" fbRx="0.69158218" lbRx="0.691583055" />
<p fId="1" fbTx="0.691583055" lbTx="0.69158393" tId="4" fbRx="0.691583055" lbRx="0.69158393" />
<p fId="3" fbTx="0.691682096" lbTx="0.69168218" tId="0" fbRx="0.701682096" lbRx="0.70168218" />
<p fId="0" fbTx="0.69168218" lbTx="0.691683055" tId="1" fbRx="0.69168218" lbRx="0.691683055" />
<p fId="1" fbTx="0.691683055" lbTx="0.69168393" tId="4" fbRx="0.691683055" lbRx="0.69168393" />
<p fId="3" fbTx="0.691782096" lbTx="0.69178218" tId="0" fbRx="0.701782096" lbRx="0.70178218" />
<p fId="0" fbTx="0.69178218" lbTx="0.691783055" tId="1" fbRx="0.69178218" lbRx="0.691783055" />
<p fId="1" fbTx="0.691783055" lbTx="0.69178393" tId="4" fbRx="0.691783055" lbRx="0.69178393" />
<p fId="3" fbTx="0.691882096" lbTx="0.69188218" tId="0" fbRx="0.701882096" lbRx="0.70188218" />
<p fId="0" fbTx="0.69188218" lbTx="0.691883055" tId="1" fbRx="0.69188218" lbRx="0.691883055" />
<p fId="1" fbTx="0.691883055" lbTx="0.69188393" tId="4" fbRx="0.691883055" lbRx="0.69188393" />
<p fId="3" fbTx="0.691982096" lbTx="0.69198218" tId="0" fbRx="0.701982096" lbRx="0.70198218" />
<p fId="0" fbTx="0.69198218" lbTx="0.691983055" tId="1" fbRx="0.69198218" lbRx="0.691983055" />
<p fId="1" fbTx="0.691983055" lbTx="0.69198393" tId="4" fbRx="0.691983055" lbRx="0.69198393" />
<p fId="3" fbTx="0.692082096" lbTx="0.69208218" tId="0" fbRx="0.702082096" lbRx="0.70208218" />
<p fId="0" fbTx="0.69208218" lbTx="0.692083055" tId="1" fbRx="0.69208218" lbRx="0.692083055" />
<p fId="1" fbTx="0.692083055" lbTx="0.69208393" tId="4" fbRx="0.692083055" lbRx="0.69208393" />
<p fId="3" fbTx="0.692182096" lbTx="0.69218218" tId="0" fbRx="0.702182096" lbRx="0.70218218" />
<p fId="0" fbTx="0.69218218" lbTx="0.692183055" tId="1" fbRx="0.69218218" lbRx="0.692183055" />
<p fId="1" fbTx="0.692183055" lbTx="0.69218393" tId="4" fbRx="0.692183055" lbRx="0.69218393" />
<pr uId="670" fId="4" fbTx="0.692214286" />
<wpr uId="670" tId="5" fbRx="0.692214286" lbRx="0" />
<wpr uId="670" tId="6" fbRx="0.692214286" lbRx="0" />
<p fId="3" fbTx="0.692282096" lbTx="0.69228218" tId="0" fbRx="0.702282096" lbRx="0.70228218" />
<p fId="0" fbTx="0.69228218" lbTx="0.692283055" tId="1" fbRx="0.69228218" lbRx="0.692283055" />
<p fId="1" fbTx="0.692283055" lbTx="0.69228393" tId="4" fbRx="0.692283055" lbRx="0.69228393" />
<p fId="3" fbTx="0.692382096" lbTx="0.69238218" tId="0" fbRx="0.702382096" lbRx="0.70238218" />
<p fId="0" fbTx="0.69238218" lbTx="0.692383055" tId="1" fbRx="0.69238218" lbRx="0.692383055" />
<p fId="1" fbTx="0.692383055" lbTx="0.69238393" tId="4" fbRx="0.692383055" lbRx="0.69238393" />
<p fId="3" fbTx="0.692482096" lbTx="0.69248218" tId="0" fbRx="0.702482096" lbRx="0.70248218" />
<p fId="0" fbTx="0.69248218" lbTx="0.692483055" tId="1" fbRx="0.69248218" lbRx="0.692483055" />
<p fId="1" fbTx="0.692483055" lbTx="0.69248393" tId="4" fbRx="0.692483055" lbRx="0.69248393" />
<p fId="3" fbTx="0.692582096" lbTx="0.69258218" tId="0" fbRx="0.702582096" lbRx="0.70258218" />
<p fId="0" fbTx="0.69258218" lbTx="0.692583055" tId="1" fbRx="0.69258218" lbRx="0.692583055" />
<p fId="1" fbTx="0.692583055" lbTx="0.69258393" tId="4" fbRx="0.692583055" lbRx="0.69258393" />
<p fId="3" fbTx="0.692682096" lbTx="0.69268218" tId="0" fbRx="0.702682096" lbRx="0.70268218" />
<p fId="0" fbTx="0.69268218" lbTx="0.692683055" tId="1" fbRx="0.69268218" lbRx="0.692683055" />
<p fId="1" fbTx="0.692683055" lbTx="0.69268393" tId="4" fbRx="0.692683055" lbRx="0.69268393" />
<p fId="3" fbTx="0.692782096" lbTx="0.69278218" tId="0" fbRx="0.702782096" lbRx="0.70278218" />
<p fId="0" fbTx="0.69278218" lbTx="0.692783055" tId="1" fbRx="0.69278218" lbRx="0.692783055" />
<p fId="1" fbTx="0.692783055" lbTx="0.69278393" tId="4" fbRx="0.692783055" lbRx="0.69278393" />
<p fId="3" fbTx="0.692882096" lbTx="0.69288218" tId="0" fbRx="0.702882096" lbRx="0.70288218" />
<p fId="0" fbTx="0.69288218" lbTx="0.692883055" tId="1" fbRx="0.69288218" lbRx="0.692883055" />
<p fId="1" fbTx="0.692883055" lbTx="0.69288393" tId="4" fbRx="0.692883055" lbRx="0.69288393" />
<p fId="3" fbTx="0.692982096" lbTx="0.69298218" tId="0" fbRx="0.702982096" lbRx="0.70298218" />
<p fId="0" fbTx="0.69298218" lbTx="0.692983055" tId="1" fbRx="0.69298218" lbRx="0.692983055" />
<p fId="1" fbTx="0.692983055" lbTx="0.69298393" tId="4" fbRx="0.692983055" lbRx="0.69298393" />
<p fId="3" fbTx="0.693082096" lbTx="0.69308218" tId="0" fbRx="0.703082096" lbRx="0.70308218" />
<p fId="0" fbTx="0.69308218" lbTx="0.693083055" tId="1" fbRx="0.69308218" lbRx="0.693083055" />
<p fId="1" fbTx="0.693083055" lbTx="0.69308393" tId="4" fbRx="0.693083055" lbRx="0.69308393" />
<p fId="3" fbTx="0.693182096" lbTx="0.69318218" tId="0" fbRx="0.703182096" lbRx="0.70318218" />
<p fId="0" fbTx="0.69318218" lbTx="0.693183055" tId="1" fbRx="0.69318218" lbRx="0.693183055" />
<p fId="1" fbTx="0.693183055" lbTx="0.69318393" tId="4" fbRx="0.693183055" lbRx="0.69318393" />
<pr uId="671" fId="4" fbTx="0.693214286" />
<wpr uId="671" tId="5" fbRx="0.693214286" lbRx="0" />
<wpr uId="671" tId="6" fbRx="0.693214286" lbRx="0" />
<p fId="3" fbTx="0.693282096" lbTx="0.69328218" tId="0" fbRx="0.703282096" lbRx="0.70328218" />
<p fId="0" fbTx="0.69328218" lbTx="0.693283055" tId="1" fbRx="0.69328218" lbRx="0.693283055" />
<p fId="1" fbTx="0.693283055" lbTx="0.69328393" tId="4" fbRx="0.693283055" lbRx="0.69328393" />
<p fId="3" fbTx="0.693382096" lbTx="0.69338218" tId="0" fbRx="0.703382096" lbRx="0.70338218" />
<p fId="0" fbTx="0.69338218" lbTx="0.693383055" tId="1" fbRx="0.69338218" lbRx="0.693383055" />
<p fId="1" fbTx="0.693383055" lbTx="0.69338393" tId="4" fbRx="0.693383055" lbRx="0.69338393" />
<p fId="3" fbTx="0.693482096" lbTx="0.69348218" tId="0" fbRx="0.703482096" lbRx="0.70348218" />
<p fId="0" fbTx="0.69348218" lbTx="0.693483055" tId="1" fbRx="0.69348218" lbRx="0.693483055" />
<p fId="1" fbTx="0.693483055" lbTx="0.69348393" tId="4" fbRx="0.693483055" lbRx="0.69348393" />
<p fId="3" fbTx="0.693582096" lbTx="0.69358218" tId="0" fbRx="0.703582096" lbRx="0.70358218" />
<p fId="0" fbTx="0.69358218" lbTx="0.693583055" tId="1" fbRx="0.69358218" lbRx="0.693583055" />
<p fId="1" fbTx="0.693583055" lbTx="0.69358393" tId="4" fbRx="0.693583055" lbRx="0.69358393" />
<p fId="3" fbTx="0.693682096" lbTx="0.69368218" tId="0" fbRx="0.703682096" lbRx="0.70368218" />
<p fId="0" fbTx="0.69368218" lbTx="0.693683055" tId="1" fbRx="0.69368218" lbRx="0.693683055" />
<p fId="1" fbTx="0.693683055" lbTx="0.69368393" tId="4" fbRx="0.693683055" lbRx="0.69368393" />
<p fId="3" fbTx="0.693782096" lbTx="0.69378218" tId="0" fbRx="0.703782096" lbRx="0.70378218" />
<p fId="0" fbTx="0.69378218" lbTx="0.693783055" tId="1" fbRx="0.69378218" lbRx="0.693783055" />
<p fId="1" fbTx="0.693783055" lbTx="0.69378393" tId="4" fbRx="0.693783055" lbRx="0.69378393" />
<p fId="3" fbTx="0.693882096" lbTx="0.69388218" tId="0" fbRx="0.703882096" lbRx="0.70388218" />
<p fId="0" fbTx="0.69388218" lbTx="0.693883055" tId="1" fbRx="0.69388218" lbRx="0.693883055" />
<p fId="1" fbTx="0.693883055" lbTx="0.69388393" tId="4" fbRx="0.693883055" lbRx="0.69388393" />
<p fId="3" fbTx="0.693982096" lbTx="0.69398218" tId="0" fbRx="0.703982096" lbRx="0.70398218" />
<p fId="0" fbTx="0.69398218" lbTx="0.693983055" tId="1" fbRx="0.69398218" lbRx="0.693983055" />
<p fId="1" fbTx="0.693983055" lbTx="0.69398393" tId="4" fbRx="0.693983055" lbRx="0.69398393" />
<p fId="3" fbTx="0.694082096" lbTx="0.69408218" tId="0" fbRx="0.704082096" lbRx="0.70408218" />
<p fId="0" fbTx="0.69408218" lbTx="0.694083055" tId="1" fbRx="0.69408218" lbRx="0.694083055" />
<p fId="1" fbTx="0.694083055" lbTx="0.69408393" tId="4" fbRx="0.694083055" lbRx="0.69408393" />
<p fId="3" fbTx="0.694182096" lbTx="0.69418218" tId="0" fbRx="0.704182096" lbRx="0.70418218" />
<p fId="0" fbTx="0.69418218" lbTx="0.694183055" tId="1" fbRx="0.69418218" lbRx="0.694183055" />
<p fId="1" fbTx="0.694183055" lbTx="0.69418393" tId="4" fbRx="0.694183055" lbRx="0.69418393" />
<pr uId="672" fId="4" fbTx="0.694214286" />
<wpr uId="672" tId="5" fbRx="0.694214286" lbRx="0" />
<wpr uId="672" tId="6" fbRx="0.694214286" lbRx="0" />
<p fId="3" fbTx="0.694282096" lbTx="0.69428218" tId="0" fbRx="0.704282096" lbRx="0.70428218" />
<p fId="0" fbTx="0.69428218" lbTx="0.694283055" tId="1" fbRx="0.69428218" lbRx="0.694283055" />
<p fId="1" fbTx="0.694283055" lbTx="0.69428393" tId="4" fbRx="0.694283055" lbRx="0.69428393" />
<p fId="3" fbTx="0.694382096" lbTx="0.69438218" tId="0" fbRx="0.704382096" lbRx="0.70438218" />
<p fId="0" fbTx="0.69438218" lbTx="0.694383055" tId="1" fbRx="0.69438218" lbRx="0.694383055" />
<p fId="1" fbTx="0.694383055" lbTx="0.69438393" tId="4" fbRx="0.694383055" lbRx="0.69438393" />
<p fId="3" fbTx="0.694482096" lbTx="0.69448218" tId="0" fbRx="0.704482096" lbRx="0.70448218" />
<p fId="0" fbTx="0.69448218" lbTx="0.694483055" tId="1" fbRx="0.69448218" lbRx="0.694483055" />
<p fId="1" fbTx="0.694483055" lbTx="0.69448393" tId="4" fbRx="0.694483055" lbRx="0.69448393" />
<p fId="3" fbTx="0.694582096" lbTx="0.69458218" tId="0" fbRx="0.704582096" lbRx="0.70458218" />
<p fId="0" fbTx="0.69458218" lbTx="0.694583055" tId="1" fbRx="0.69458218" lbRx="0.694583055" />
<p fId="1" fbTx="0.694583055" lbTx="0.69458393" tId="4" fbRx="0.694583055" lbRx="0.69458393" />
<p fId="3" fbTx="0.694682096" lbTx="0.69468218" tId="0" fbRx="0.704682096" lbRx="0.70468218" />
<p fId="0" fbTx="0.69468218" lbTx="0.694683055" tId="1" fbRx="0.69468218" lbRx="0.694683055" />
<p fId="1" fbTx="0.694683055" lbTx="0.69468393" tId="4" fbRx="0.694683055" lbRx="0.69468393" />
<p fId="3" fbTx="0.694782096" lbTx="0.69478218" tId="0" fbRx="0.704782096" lbRx="0.70478218" />
<p fId="0" fbTx="0.69478218" lbTx="0.694783055" tId="1" fbRx="0.69478218" lbRx="0.694783055" />
<p fId="1" fbTx="0.694783055" lbTx="0.69478393" tId="4" fbRx="0.694783055" lbRx="0.69478393" />
<p fId="3" fbTx="0.694882096" lbTx="0.69488218" tId="0" fbRx="0.704882096" lbRx="0.70488218" />
<p fId="0" fbTx="0.69488218" lbTx="0.694883055" tId="1" fbRx="0.69488218" lbRx="0.694883055" />
<p fId="1" fbTx="0.694883055" lbTx="0.69488393" tId="4" fbRx="0.694883055" lbRx="0.69488393" />
<p fId="3" fbTx="0.694982096" lbTx="0.69498218" tId="0" fbRx="0.704982096" lbRx="0.70498218" />
<p fId="0" fbTx="0.69498218" lbTx="0.694983055" tId="1" fbRx="0.69498218" lbRx="0.694983055" />
<p fId="1" fbTx="0.694983055" lbTx="0.69498393" tId="4" fbRx="0.694983055" lbRx="0.69498393" />
<p fId="3" fbTx="0.695082096" lbTx="0.69508218" tId="0" fbRx="0.705082096" lbRx="0.70508218" />
<p fId="0" fbTx="0.69508218" lbTx="0.695083055" tId="1" fbRx="0.69508218" lbRx="0.695083055" />
<p fId="1" fbTx="0.695083055" lbTx="0.69508393" tId="4" fbRx="0.695083055" lbRx="0.69508393" />
<p fId="3" fbTx="0.695182096" lbTx="0.69518218" tId="0" fbRx="0.705182096" lbRx="0.70518218" />
<p fId="0" fbTx="0.69518218" lbTx="0.695183055" tId="1" fbRx="0.69518218" lbRx="0.695183055" />
<p fId="1" fbTx="0.695183055" lbTx="0.69518393" tId="4" fbRx="0.695183055" lbRx="0.69518393" />
<pr uId="673" fId="4" fbTx="0.695214286" />
<wpr uId="673" tId="5" fbRx="0.695214286" lbRx="0" />
<wpr uId="673" tId="6" fbRx="0.695214286" lbRx="0" />
<p fId="3" fbTx="0.695282096" lbTx="0.69528218" tId="0" fbRx="0.705282096" lbRx="0.70528218" />
<p fId="0" fbTx="0.69528218" lbTx="0.695283055" tId="1" fbRx="0.69528218" lbRx="0.695283055" />
<p fId="1" fbTx="0.695283055" lbTx="0.69528393" tId="4" fbRx="0.695283055" lbRx="0.69528393" />
<p fId="3" fbTx="0.695382096" lbTx="0.69538218" tId="0" fbRx="0.705382096" lbRx="0.70538218" />
<p fId="0" fbTx="0.69538218" lbTx="0.695383055" tId="1" fbRx="0.69538218" lbRx="0.695383055" />
<p fId="1" fbTx="0.695383055" lbTx="0.69538393" tId="4" fbRx="0.695383055" lbRx="0.69538393" />
<p fId="3" fbTx="0.695482096" lbTx="0.69548218" tId="0" fbRx="0.705482096" lbRx="0.70548218" />
<p fId="0" fbTx="0.69548218" lbTx="0.695483055" tId="1" fbRx="0.69548218" lbRx="0.695483055" />
<p fId="1" fbTx="0.695483055" lbTx="0.69548393" tId="4" fbRx="0.695483055" lbRx="0.69548393" />
<p fId="3" fbTx="0.695582096" lbTx="0.69558218" tId="0" fbRx="0.705582096" lbRx="0.70558218" />
<p fId="0" fbTx="0.69558218" lbTx="0.695583055" tId="1" fbRx="0.69558218" lbRx="0.695583055" />
<p fId="1" fbTx="0.695583055" lbTx="0.69558393" tId="4" fbRx="0.695583055" lbRx="0.69558393" />
<p fId="3" fbTx="0.695682096" lbTx="0.69568218" tId="0" fbRx="0.705682096" lbRx="0.70568218" />
<p fId="0" fbTx="0.69568218" lbTx="0.695683055" tId="1" fbRx="0.69568218" lbRx="0.695683055" />
<p fId="1" fbTx="0.695683055" lbTx="0.69568393" tId="4" fbRx="0.695683055" lbRx="0.69568393" />
<p fId="3" fbTx="0.695782096" lbTx="0.69578218" tId="0" fbRx="0.705782096" lbRx="0.70578218" />
<p fId="0" fbTx="0.69578218" lbTx="0.695783055" tId="1" fbRx="0.69578218" lbRx="0.695783055" />
<p fId="1" fbTx="0.695783055" lbTx="0.69578393" tId="4" fbRx="0.695783055" lbRx="0.69578393" />
<p fId="3" fbTx="0.695882096" lbTx="0.69588218" tId="0" fbRx="0.705882096" lbRx="0.70588218" />
<p fId="0" fbTx="0.69588218" lbTx="0.695883055" tId="1" fbRx="0.69588218" lbRx="0.695883055" />
<p fId="1" fbTx="0.695883055" lbTx="0.69588393" tId="4" fbRx="0.695883055" lbRx="0.69588393" />
<p fId="3" fbTx="0.695982096" lbTx="0.69598218" tId="0" fbRx="0.705982096" lbRx="0.70598218" />
<p fId="0" fbTx="0.69598218" lbTx="0.695983055" tId="1" fbRx="0.69598218" lbRx="0.695983055" />
<p fId="1" fbTx="0.695983055" lbTx="0.69598393" tId="4" fbRx="0.695983055" lbRx="0.69598393" />
<p fId="3" fbTx="0.696082096" lbTx="0.69608218" tId="0" fbRx="0.706082096" lbRx="0.70608218" />
<p fId="0" fbTx="0.69608218" lbTx="0.696083055" tId="1" fbRx="0.69608218" lbRx="0.696083055" />
<p fId="1" fbTx="0.696083055" lbTx="0.69608393" tId="4" fbRx="0.696083055" lbRx="0.69608393" />
<p fId="3" fbTx="0.696182096" lbTx="0.69618218" tId="0" fbRx="0.706182096" lbRx="0.70618218" />
<p fId="0" fbTx="0.69618218" lbTx="0.696183055" tId="1" fbRx="0.69618218" lbRx="0.696183055" />
<p fId="1" fbTx="0.696183055" lbTx="0.69618393" tId="4" fbRx="0.696183055" lbRx="0.69618393" />
<pr uId="674" fId="4" fbTx="0.696214286" />
<wpr uId="674" tId="5" fbRx="0.696214286" lbRx="0" />
<wpr uId="674" tId="6" fbRx="0.696214286" lbRx="0" />
<p fId="3" fbTx="0.696282096" lbTx="0.69628218" tId="0" fbRx="0.706282096" lbRx="0.70628218" />
<p fId="0" fbTx="0.69628218" lbTx="0.696283055" tId="1" fbRx="0.69628218" lbRx="0.696283055" />
<p fId="1" fbTx="0.696283055" lbTx="0.69628393" tId="4" fbRx="0.696283055" lbRx="0.69628393" />
<p fId="3" fbTx="0.696382096" lbTx="0.69638218" tId="0" fbRx="0.706382096" lbRx="0.70638218" />
<p fId="0" fbTx="0.69638218" lbTx="0.696383055" tId="1" fbRx="0.69638218" lbRx="0.696383055" />
<p fId="1" fbTx="0.696383055" lbTx="0.69638393" tId="4" fbRx="0.696383055" lbRx="0.69638393" />
<p fId="3" fbTx="0.696482096" lbTx="0.69648218" tId="0" fbRx="0.706482096" lbRx="0.70648218" />
<p fId="0" fbTx="0.69648218" lbTx="0.696483055" tId="1" fbRx="0.69648218" lbRx="0.696483055" />
<p fId="1" fbTx="0.696483055" lbTx="0.69648393" tId="4" fbRx="0.696483055" lbRx="0.69648393" />
<p fId="3" fbTx="0.696582096" lbTx="0.69658218" tId="0" fbRx="0.706582096" lbRx="0.70658218" />
<p fId="0" fbTx="0.69658218" lbTx="0.696583055" tId="1" fbRx="0.69658218" lbRx="0.696583055" />
<p fId="1" fbTx="0.696583055" lbTx="0.69658393" tId="4" fbRx="0.696583055" lbRx="0.69658393" />
<p fId="3" fbTx="0.696682096" lbTx="0.69668218" tId="0" fbRx="0.706682096" lbRx="0.70668218" />
<p fId="0" fbTx="0.69668218" lbTx="0.696683055" tId="1" fbRx="0.69668218" lbRx="0.696683055" />
<p fId="1" fbTx="0.696683055" lbTx="0.69668393" tId="4" fbRx="0.696683055" lbRx="0.69668393" />
<p fId="3" fbTx="0.696782096" lbTx="0.69678218" tId="0" fbRx="0.706782096" lbRx="0.70678218" />
<p fId="0" fbTx="0.69678218" lbTx="0.696783055" tId="1" fbRx="0.69678218" lbRx="0.696783055" />
<p fId="1" fbTx="0.696783055" lbTx="0.69678393" tId="4" fbRx="0.696783055" lbRx="0.69678393" />
<p fId="3" fbTx="0.696882096" lbTx="0.69688218" tId="0" fbRx="0.706882096" lbRx="0.70688218" />
<p fId="0" fbTx="0.69688218" lbTx="0.696883055" tId="1" fbRx="0.69688218" lbRx="0.696883055" />
<p fId="1" fbTx="0.696883055" lbTx="0.69688393" tId="4" fbRx="0.696883055" lbRx="0.69688393" />
<p fId="3" fbTx="0.696982096" lbTx="0.69698218" tId="0" fbRx="0.706982096" lbRx="0.70698218" />
<p fId="0" fbTx="0.69698218" lbTx="0.696983055" tId="1" fbRx="0.69698218" lbRx="0.696983055" />
<p fId="1" fbTx="0.696983055" lbTx="0.69698393" tId="4" fbRx="0.696983055" lbRx="0.69698393" />
<p fId="3" fbTx="0.697082096" lbTx="0.69708218" tId="0" fbRx="0.707082096" lbRx="0.70708218" />
<p fId="0" fbTx="0.69708218" lbTx="0.697083055" tId="1" fbRx="0.69708218" lbRx="0.697083055" />
<p fId="1" fbTx="0.697083055" lbTx="0.69708393" tId="4" fbRx="0.697083055" lbRx="0.69708393" />
<p fId="3" fbTx="0.697182096" lbTx="0.69718218" tId="0" fbRx="0.707182096" lbRx="0.70718218" />
<p fId="0" fbTx="0.69718218" lbTx="0.697183055" tId="1" fbRx="0.69718218" lbRx="0.697183055" />
<p fId="1" fbTx="0.697183055" lbTx="0.69718393" tId="4" fbRx="0.697183055" lbRx="0.69718393" />
<pr uId="675" fId="4" fbTx="0.697214286" />
<wpr uId="675" tId="5" fbRx="0.697214286" lbRx="0" />
<wpr uId="675" tId="6" fbRx="0.697214286" lbRx="0" />
<p fId="3" fbTx="0.697282096" lbTx="0.69728218" tId="0" fbRx="0.707282096" lbRx="0.70728218" />
<p fId="0" fbTx="0.69728218" lbTx="0.697283055" tId="1" fbRx="0.69728218" lbRx="0.697283055" />
<p fId="1" fbTx="0.697283055" lbTx="0.69728393" tId="4" fbRx="0.697283055" lbRx="0.69728393" />
<p fId="3" fbTx="0.697382096" lbTx="0.69738218" tId="0" fbRx="0.707382096" lbRx="0.70738218" />
<p fId="0" fbTx="0.69738218" lbTx="0.697383055" tId="1" fbRx="0.69738218" lbRx="0.697383055" />
<p fId="1" fbTx="0.697383055" lbTx="0.69738393" tId="4" fbRx="0.697383055" lbRx="0.69738393" />
<p fId="3" fbTx="0.697482096" lbTx="0.69748218" tId="0" fbRx="0.707482096" lbRx="0.70748218" />
<p fId="0" fbTx="0.69748218" lbTx="0.697483055" tId="1" fbRx="0.69748218" lbRx="0.697483055" />
<p fId="1" fbTx="0.697483055" lbTx="0.69748393" tId="4" fbRx="0.697483055" lbRx="0.69748393" />
<p fId="3" fbTx="0.697582096" lbTx="0.69758218" tId="0" fbRx="0.707582096" lbRx="0.70758218" />
<p fId="0" fbTx="0.69758218" lbTx="0.697583055" tId="1" fbRx="0.69758218" lbRx="0.697583055" />
<p fId="1" fbTx="0.697583055" lbTx="0.69758393" tId="4" fbRx="0.697583055" lbRx="0.69758393" />
<p fId="3" fbTx="0.697682096" lbTx="0.69768218" tId="0" fbRx="0.707682096" lbRx="0.70768218" />
<p fId="0" fbTx="0.69768218" lbTx="0.697683055" tId="1" fbRx="0.69768218" lbRx="0.697683055" />
<p fId="1" fbTx="0.697683055" lbTx="0.69768393" tId="4" fbRx="0.697683055" lbRx="0.69768393" />
<p fId="3" fbTx="0.697782096" lbTx="0.69778218" tId="0" fbRx="0.707782096" lbRx="0.70778218" />
<p fId="0" fbTx="0.69778218" lbTx="0.697783055" tId="1" fbRx="0.69778218" lbRx="0.697783055" />
<p fId="1" fbTx="0.697783055" lbTx="0.69778393" tId="4" fbRx="0.697783055" lbRx="0.69778393" />
<p fId="3" fbTx="0.697882096" lbTx="0.69788218" tId="0" fbRx="0.707882096" lbRx="0.70788218" />
<p fId="0" fbTx="0.69788218" lbTx="0.697883055" tId="1" fbRx="0.69788218" lbRx="0.697883055" />
<p fId="1" fbTx="0.697883055" lbTx="0.69788393" tId="4" fbRx="0.697883055" lbRx="0.69788393" />
<p fId="3" fbTx="0.697982096" lbTx="0.69798218" tId="0" fbRx="0.707982096" lbRx="0.70798218" />
<p fId="0" fbTx="0.69798218" lbTx="0.697983055" tId="1" fbRx="0.69798218" lbRx="0.697983055" />
<p fId="1" fbTx="0.697983055" lbTx="0.69798393" tId="4" fbRx="0.697983055" lbRx="0.69798393" />
<p fId="3" fbTx="0.698082096" lbTx="0.69808218" tId="0" fbRx="0.708082096" lbRx="0.70808218" />
<p fId="0" fbTx="0.69808218" lbTx="0.698083055" tId="1" fbRx="0.69808218" lbRx="0.698083055" />
<p fId="1" fbTx="0.698083055" lbTx="0.69808393" tId="4" fbRx="0.698083055" lbRx="0.69808393" />
<p fId="3" fbTx="0.698182096" lbTx="0.69818218" tId="0" fbRx="0.708182096" lbRx="0.70818218" />
<p fId="0" fbTx="0.69818218" lbTx="0.698183055" tId="1" fbRx="0.69818218" lbRx="0.698183055" />
<p fId="1" fbTx="0.698183055" lbTx="0.69818393" tId="4" fbRx="0.698183055" lbRx="0.69818393" />
<pr uId="676" fId="4" fbTx="0.698214286" />
<wpr uId="676" tId="5" fbRx="0.698214286" lbRx="0" />
<wpr uId="676" tId="6" fbRx="0.698214286" lbRx="0" />
<p fId="3" fbTx="0.698282096" lbTx="0.69828218" tId="0" fbRx="0.708282096" lbRx="0.70828218" />
<p fId="0" fbTx="0.69828218" lbTx="0.698283055" tId="1" fbRx="0.69828218" lbRx="0.698283055" />
<p fId="1" fbTx="0.698283055" lbTx="0.69828393" tId="4" fbRx="0.698283055" lbRx="0.69828393" />
<p fId="3" fbTx="0.698382096" lbTx="0.69838218" tId="0" fbRx="0.708382096" lbRx="0.70838218" />
<p fId="0" fbTx="0.69838218" lbTx="0.698383055" tId="1" fbRx="0.69838218" lbRx="0.698383055" />
<p fId="1" fbTx="0.698383055" lbTx="0.69838393" tId="4" fbRx="0.698383055" lbRx="0.69838393" />
<p fId="3" fbTx="0.698482096" lbTx="0.69848218" tId="0" fbRx="0.708482096" lbRx="0.70848218" />
<p fId="0" fbTx="0.69848218" lbTx="0.698483055" tId="1" fbRx="0.69848218" lbRx="0.698483055" />
<p fId="1" fbTx="0.698483055" lbTx="0.69848393" tId="4" fbRx="0.698483055" lbRx="0.69848393" />
<p fId="3" fbTx="0.698582096" lbTx="0.69858218" tId="0" fbRx="0.708582096" lbRx="0.70858218" />
<p fId="0" fbTx="0.69858218" lbTx="0.698583055" tId="1" fbRx="0.69858218" lbRx="0.698583055" />
<p fId="1" fbTx="0.698583055" lbTx="0.69858393" tId="4" fbRx="0.698583055" lbRx="0.69858393" />
<p fId="3" fbTx="0.698682096" lbTx="0.69868218" tId="0" fbRx="0.708682096" lbRx="0.70868218" />
<p fId="0" fbTx="0.69868218" lbTx="0.698683055" tId="1" fbRx="0.69868218" lbRx="0.698683055" />
<p fId="1" fbTx="0.698683055" lbTx="0.69868393" tId="4" fbRx="0.698683055" lbRx="0.69868393" />
<p fId="3" fbTx="0.698782096" lbTx="0.69878218" tId="0" fbRx="0.708782096" lbRx="0.70878218" />
<p fId="0" fbTx="0.69878218" lbTx="0.698783055" tId="1" fbRx="0.69878218" lbRx="0.698783055" />
<p fId="1" fbTx="0.698783055" lbTx="0.69878393" tId="4" fbRx="0.698783055" lbRx="0.69878393" />
<p fId="3" fbTx="0.698882096" lbTx="0.69888218" tId="0" fbRx="0.708882096" lbRx="0.70888218" />
<p fId="0" fbTx="0.69888218" lbTx="0.698883055" tId="1" fbRx="0.69888218" lbRx="0.698883055" />
<p fId="1" fbTx="0.698883055" lbTx="0.69888393" tId="4" fbRx="0.698883055" lbRx="0.69888393" />
<p fId="3" fbTx="0.698982096" lbTx="0.69898218" tId="0" fbRx="0.708982096" lbRx="0.70898218" />
<p fId="0" fbTx="0.69898218" lbTx="0.698983055" tId="1" fbRx="0.69898218" lbRx="0.698983055" />
<p fId="1" fbTx="0.698983055" lbTx="0.69898393" tId="4" fbRx="0.698983055" lbRx="0.69898393" />
<p fId="3" fbTx="0.699082096" lbTx="0.69908218" tId="0" fbRx="0.709082096" lbRx="0.70908218" />
<p fId="0" fbTx="0.69908218" lbTx="0.699083055" tId="1" fbRx="0.69908218" lbRx="0.699083055" />
<p fId="1" fbTx="0.699083055" lbTx="0.69908393" tId="4" fbRx="0.699083055" lbRx="0.69908393" />
<p fId="3" fbTx="0.699182096" lbTx="0.69918218" tId="0" fbRx="0.709182096" lbRx="0.70918218" />
<p fId="0" fbTx="0.69918218" lbTx="0.699183055" tId="1" fbRx="0.69918218" lbRx="0.699183055" />
<p fId="1" fbTx="0.699183055" lbTx="0.69918393" tId="4" fbRx="0.699183055" lbRx="0.69918393" />
<pr uId="677" fId="4" fbTx="0.699214286" />
<wpr uId="677" tId="5" fbRx="0.699214286" lbRx="0" />
<wpr uId="677" tId="6" fbRx="0.699214286" lbRx="0" />
<p fId="3" fbTx="0.699282096" lbTx="0.69928218" tId="0" fbRx="0.709282096" lbRx="0.70928218" />
<p fId="0" fbTx="0.69928218" lbTx="0.699283055" tId="1" fbRx="0.69928218" lbRx="0.699283055" />
<p fId="1" fbTx="0.699283055" lbTx="0.69928393" tId="4" fbRx="0.699283055" lbRx="0.69928393" />
<p fId="3" fbTx="0.699382096" lbTx="0.69938218" tId="0" fbRx="0.709382096" lbRx="0.70938218" />
<p fId="0" fbTx="0.69938218" lbTx="0.699383055" tId="1" fbRx="0.69938218" lbRx="0.699383055" />
<p fId="1" fbTx="0.699383055" lbTx="0.69938393" tId="4" fbRx="0.699383055" lbRx="0.69938393" />
<p fId="3" fbTx="0.699482096" lbTx="0.69948218" tId="0" fbRx="0.709482096" lbRx="0.70948218" />
<p fId="0" fbTx="0.69948218" lbTx="0.699483055" tId="1" fbRx="0.69948218" lbRx="0.699483055" />
<p fId="1" fbTx="0.699483055" lbTx="0.69948393" tId="4" fbRx="0.699483055" lbRx="0.69948393" />
<p fId="3" fbTx="0.699582096" lbTx="0.69958218" tId="0" fbRx="0.709582096" lbRx="0.70958218" />
<p fId="0" fbTx="0.69958218" lbTx="0.699583055" tId="1" fbRx="0.69958218" lbRx="0.699583055" />
<p fId="1" fbTx="0.699583055" lbTx="0.69958393" tId="4" fbRx="0.699583055" lbRx="0.69958393" />
<p fId="3" fbTx="0.699682096" lbTx="0.69968218" tId="0" fbRx="0.709682096" lbRx="0.70968218" />
<p fId="0" fbTx="0.69968218" lbTx="0.699683055" tId="1" fbRx="0.69968218" lbRx="0.699683055" />
<p fId="1" fbTx="0.699683055" lbTx="0.69968393" tId="4" fbRx="0.699683055" lbRx="0.69968393" />
<p fId="3" fbTx="0.699782096" lbTx="0.69978218" tId="0" fbRx="0.709782096" lbRx="0.70978218" />
<p fId="0" fbTx="0.69978218" lbTx="0.699783055" tId="1" fbRx="0.69978218" lbRx="0.699783055" />
<p fId="1" fbTx="0.699783055" lbTx="0.69978393" tId="4" fbRx="0.699783055" lbRx="0.69978393" />
<p fId="3" fbTx="0.699882096" lbTx="0.69988218" tId="0" fbRx="0.709882096" lbRx="0.70988218" />
<p fId="0" fbTx="0.69988218" lbTx="0.699883055" tId="1" fbRx="0.69988218" lbRx="0.699883055" />
<p fId="1" fbTx="0.699883055" lbTx="0.69988393" tId="4" fbRx="0.699883055" lbRx="0.69988393" />
<p fId="3" fbTx="0.699982096" lbTx="0.69998218" tId="0" fbRx="0.709982096" lbRx="0.70998218" />
<p fId="0" fbTx="0.69998218" lbTx="0.699983055" tId="1" fbRx="0.69998218" lbRx="0.699983055" />
<p fId="1" fbTx="0.699983055" lbTx="0.69998393" tId="4" fbRx="0.699983055" lbRx="0.69998393" />
<p fId="3" fbTx="0.700082096" lbTx="0.70008218" tId="0" fbRx="0.710082096" lbRx="0.71008218" />
<p fId="0" fbTx="0.70008218" lbTx="0.700083055" tId="1" fbRx="0.70008218" lbRx="0.700083055" />
<p fId="1" fbTx="0.700083055" lbTx="0.70008393" tId="4" fbRx="0.700083055" lbRx="0.70008393" />
<p fId="3" fbTx="0.700182096" lbTx="0.70018218" tId="0" fbRx="0.710182096" lbRx="0.71018218" />
<p fId="0" fbTx="0.70018218" lbTx="0.700183055" tId="1" fbRx="0.70018218" lbRx="0.700183055" />
<p fId="1" fbTx="0.700183055" lbTx="0.70018393" tId="4" fbRx="0.700183055" lbRx="0.70018393" />
<pr uId="678" fId="4" fbTx="0.700214286" />
<wpr uId="678" tId="5" fbRx="0.700214286" lbRx="0" />
<wpr uId="678" tId="6" fbRx="0.700214286" lbRx="0" />
<p fId="3" fbTx="0.700282096" lbTx="0.70028218" tId="0" fbRx="0.710282096" lbRx="0.71028218" />
<p fId="0" fbTx="0.70028218" lbTx="0.700283055" tId="1" fbRx="0.70028218" lbRx="0.700283055" />
<p fId="1" fbTx="0.700283055" lbTx="0.70028393" tId="4" fbRx="0.700283055" lbRx="0.70028393" />
<p fId="3" fbTx="0.700382096" lbTx="0.70038218" tId="0" fbRx="0.710382096" lbRx="0.71038218" />
<p fId="0" fbTx="0.70038218" lbTx="0.700383055" tId="1" fbRx="0.70038218" lbRx="0.700383055" />
<p fId="1" fbTx="0.700383055" lbTx="0.70038393" tId="4" fbRx="0.700383055" lbRx="0.70038393" />
<p fId="3" fbTx="0.700482096" lbTx="0.70048218" tId="0" fbRx="0.710482096" lbRx="0.71048218" />
<p fId="0" fbTx="0.70048218" lbTx="0.700483055" tId="1" fbRx="0.70048218" lbRx="0.700483055" />
<p fId="1" fbTx="0.700483055" lbTx="0.70048393" tId="4" fbRx="0.700483055" lbRx="0.70048393" />
<p fId="3" fbTx="0.700582096" lbTx="0.70058218" tId="0" fbRx="0.710582096" lbRx="0.71058218" />
<p fId="0" fbTx="0.70058218" lbTx="0.700583055" tId="1" fbRx="0.70058218" lbRx="0.700583055" />
<p fId="1" fbTx="0.700583055" lbTx="0.70058393" tId="4" fbRx="0.700583055" lbRx="0.70058393" />
<p fId="3" fbTx="0.700682096" lbTx="0.70068218" tId="0" fbRx="0.710682096" lbRx="0.71068218" />
<p fId="0" fbTx="0.70068218" lbTx="0.700683055" tId="1" fbRx="0.70068218" lbRx="0.700683055" />
<p fId="1" fbTx="0.700683055" lbTx="0.70068393" tId="4" fbRx="0.700683055" lbRx="0.70068393" />
<p fId="3" fbTx="0.700782096" lbTx="0.70078218" tId="0" fbRx="0.710782096" lbRx="0.71078218" />
<p fId="0" fbTx="0.70078218" lbTx="0.700783055" tId="1" fbRx="0.70078218" lbRx="0.700783055" />
<p fId="1" fbTx="0.700783055" lbTx="0.70078393" tId="4" fbRx="0.700783055" lbRx="0.70078393" />
<p fId="3" fbTx="0.700882096" lbTx="0.70088218" tId="0" fbRx="0.710882096" lbRx="0.71088218" />
<p fId="0" fbTx="0.70088218" lbTx="0.700883055" tId="1" fbRx="0.70088218" lbRx="0.700883055" />
<p fId="1" fbTx="0.700883055" lbTx="0.70088393" tId="4" fbRx="0.700883055" lbRx="0.70088393" />
<p fId="3" fbTx="0.700982096" lbTx="0.70098218" tId="0" fbRx="0.710982096" lbRx="0.71098218" />
<p fId="0" fbTx="0.70098218" lbTx="0.700983055" tId="1" fbRx="0.70098218" lbRx="0.700983055" />
<p fId="1" fbTx="0.700983055" lbTx="0.70098393" tId="4" fbRx="0.700983055" lbRx="0.70098393" />
<p fId="3" fbTx="0.701082096" lbTx="0.70108218" tId="0" fbRx="0.711082096" lbRx="0.71108218" />
<p fId="0" fbTx="0.70108218" lbTx="0.701083055" tId="1" fbRx="0.70108218" lbRx="0.701083055" />
<p fId="1" fbTx="0.701083055" lbTx="0.70108393" tId="4" fbRx="0.701083055" lbRx="0.70108393" />
<p fId="3" fbTx="0.701182096" lbTx="0.70118218" tId="0" fbRx="0.711182096" lbRx="0.71118218" />
<p fId="0" fbTx="0.70118218" lbTx="0.701183055" tId="1" fbRx="0.70118218" lbRx="0.701183055" />
<p fId="1" fbTx="0.701183055" lbTx="0.70118393" tId="4" fbRx="0.701183055" lbRx="0.70118393" />
<pr uId="679" fId="4" fbTx="0.701214286" />
<wpr uId="679" tId="5" fbRx="0.701214286" lbRx="0" />
<wpr uId="679" tId="6" fbRx="0.701214286" lbRx="0" />
<p fId="3" fbTx="0.701282096" lbTx="0.70128218" tId="0" fbRx="0.711282096" lbRx="0.71128218" />
<p fId="0" fbTx="0.70128218" lbTx="0.701283055" tId="1" fbRx="0.70128218" lbRx="0.701283055" />
<p fId="1" fbTx="0.701283055" lbTx="0.70128393" tId="4" fbRx="0.701283055" lbRx="0.70128393" />
<p fId="3" fbTx="0.701382096" lbTx="0.70138218" tId="0" fbRx="0.711382096" lbRx="0.71138218" />
<p fId="0" fbTx="0.70138218" lbTx="0.701383055" tId="1" fbRx="0.70138218" lbRx="0.701383055" />
<p fId="1" fbTx="0.701383055" lbTx="0.70138393" tId="4" fbRx="0.701383055" lbRx="0.70138393" />
<p fId="3" fbTx="0.701482096" lbTx="0.70148218" tId="0" fbRx="0.711482096" lbRx="0.71148218" />
<p fId="0" fbTx="0.70148218" lbTx="0.701483055" tId="1" fbRx="0.70148218" lbRx="0.701483055" />
<p fId="1" fbTx="0.701483055" lbTx="0.70148393" tId="4" fbRx="0.701483055" lbRx="0.70148393" />
<p fId="3" fbTx="0.701582096" lbTx="0.70158218" tId="0" fbRx="0.711582096" lbRx="0.71158218" />
<p fId="0" fbTx="0.70158218" lbTx="0.701583055" tId="1" fbRx="0.70158218" lbRx="0.701583055" />
<p fId="1" fbTx="0.701583055" lbTx="0.70158393" tId="4" fbRx="0.701583055" lbRx="0.70158393" />
<p fId="3" fbTx="0.701682096" lbTx="0.70168218" tId="0" fbRx="0.711682096" lbRx="0.71168218" />
<p fId="0" fbTx="0.70168218" lbTx="0.701683055" tId="1" fbRx="0.70168218" lbRx="0.701683055" />
<p fId="1" fbTx="0.701683055" lbTx="0.70168393" tId="4" fbRx="0.701683055" lbRx="0.70168393" />
<p fId="3" fbTx="0.701782096" lbTx="0.70178218" tId="0" fbRx="0.711782096" lbRx="0.71178218" />
<p fId="0" fbTx="0.70178218" lbTx="0.701783055" tId="1" fbRx="0.70178218" lbRx="0.701783055" />
<p fId="1" fbTx="0.701783055" lbTx="0.70178393" tId="4" fbRx="0.701783055" lbRx="0.70178393" />
<p fId="3" fbTx="0.701882096" lbTx="0.70188218" tId="0" fbRx="0.711882096" lbRx="0.71188218" />
<p fId="0" fbTx="0.70188218" lbTx="0.701883055" tId="1" fbRx="0.70188218" lbRx="0.701883055" />
<p fId="1" fbTx="0.701883055" lbTx="0.70188393" tId="4" fbRx="0.701883055" lbRx="0.70188393" />
<p fId="3" fbTx="0.701982096" lbTx="0.70198218" tId="0" fbRx="0.711982096" lbRx="0.71198218" />
<p fId="0" fbTx="0.70198218" lbTx="0.701983055" tId="1" fbRx="0.70198218" lbRx="0.701983055" />
<p fId="1" fbTx="0.701983055" lbTx="0.70198393" tId="4" fbRx="0.701983055" lbRx="0.70198393" />
<p fId="3" fbTx="0.702082096" lbTx="0.70208218" tId="0" fbRx="0.712082096" lbRx="0.71208218" />
<p fId="0" fbTx="0.70208218" lbTx="0.702083055" tId="1" fbRx="0.70208218" lbRx="0.702083055" />
<p fId="1" fbTx="0.702083055" lbTx="0.70208393" tId="4" fbRx="0.702083055" lbRx="0.70208393" />
<p fId="3" fbTx="0.702182096" lbTx="0.70218218" tId="0" fbRx="0.712182096" lbRx="0.71218218" />
<p fId="0" fbTx="0.70218218" lbTx="0.702183055" tId="1" fbRx="0.70218218" lbRx="0.702183055" />
<p fId="1" fbTx="0.702183055" lbTx="0.70218393" tId="4" fbRx="0.702183055" lbRx="0.70218393" />
<pr uId="680" fId="4" fbTx="0.702214286" />
<wpr uId="680" tId="5" fbRx="0.702214286" lbRx="0" />
<wpr uId="680" tId="6" fbRx="0.702214286" lbRx="0" />
<p fId="3" fbTx="0.702282096" lbTx="0.70228218" tId="0" fbRx="0.712282096" lbRx="0.71228218" />
<p fId="0" fbTx="0.70228218" lbTx="0.702283055" tId="1" fbRx="0.70228218" lbRx="0.702283055" />
<p fId="1" fbTx="0.702283055" lbTx="0.70228393" tId="4" fbRx="0.702283055" lbRx="0.70228393" />
<p fId="3" fbTx="0.702382096" lbTx="0.70238218" tId="0" fbRx="0.712382096" lbRx="0.71238218" />
<p fId="0" fbTx="0.70238218" lbTx="0.702383055" tId="1" fbRx="0.70238218" lbRx="0.702383055" />
<p fId="1" fbTx="0.702383055" lbTx="0.70238393" tId="4" fbRx="0.702383055" lbRx="0.70238393" />
<p fId="3" fbTx="0.702482096" lbTx="0.70248218" tId="0" fbRx="0.712482096" lbRx="0.71248218" />
<p fId="0" fbTx="0.70248218" lbTx="0.702483055" tId="1" fbRx="0.70248218" lbRx="0.702483055" />
<p fId="1" fbTx="0.702483055" lbTx="0.70248393" tId="4" fbRx="0.702483055" lbRx="0.70248393" />
<p fId="3" fbTx="0.702582096" lbTx="0.70258218" tId="0" fbRx="0.712582096" lbRx="0.71258218" />
<p fId="0" fbTx="0.70258218" lbTx="0.702583055" tId="1" fbRx="0.70258218" lbRx="0.702583055" />
<p fId="1" fbTx="0.702583055" lbTx="0.70258393" tId="4" fbRx="0.702583055" lbRx="0.70258393" />
<p fId="3" fbTx="0.702682096" lbTx="0.70268218" tId="0" fbRx="0.712682096" lbRx="0.71268218" />
<p fId="0" fbTx="0.70268218" lbTx="0.702683055" tId="1" fbRx="0.70268218" lbRx="0.702683055" />
<p fId="1" fbTx="0.702683055" lbTx="0.70268393" tId="4" fbRx="0.702683055" lbRx="0.70268393" />
<p fId="3" fbTx="0.702782096" lbTx="0.70278218" tId="0" fbRx="0.712782096" lbRx="0.71278218" />
<p fId="0" fbTx="0.70278218" lbTx="0.702783055" tId="1" fbRx="0.70278218" lbRx="0.702783055" />
<p fId="1" fbTx="0.702783055" lbTx="0.70278393" tId="4" fbRx="0.702783055" lbRx="0.70278393" />
<p fId="3" fbTx="0.702882096" lbTx="0.70288218" tId="0" fbRx="0.712882096" lbRx="0.71288218" />
<p fId="0" fbTx="0.70288218" lbTx="0.702883055" tId="1" fbRx="0.70288218" lbRx="0.702883055" />
<p fId="1" fbTx="0.702883055" lbTx="0.70288393" tId="4" fbRx="0.702883055" lbRx="0.70288393" />
<p fId="3" fbTx="0.702982096" lbTx="0.70298218" tId="0" fbRx="0.712982096" lbRx="0.71298218" />
<p fId="0" fbTx="0.70298218" lbTx="0.702983055" tId="1" fbRx="0.70298218" lbRx="0.702983055" />
<p fId="1" fbTx="0.702983055" lbTx="0.70298393" tId="4" fbRx="0.702983055" lbRx="0.70298393" />
<p fId="3" fbTx="0.703082096" lbTx="0.70308218" tId="0" fbRx="0.713082096" lbRx="0.71308218" />
<p fId="0" fbTx="0.70308218" lbTx="0.703083055" tId="1" fbRx="0.70308218" lbRx="0.703083055" />
<p fId="1" fbTx="0.703083055" lbTx="0.70308393" tId="4" fbRx="0.703083055" lbRx="0.70308393" />
<p fId="3" fbTx="0.703182096" lbTx="0.70318218" tId="0" fbRx="0.713182096" lbRx="0.71318218" />
<p fId="0" fbTx="0.70318218" lbTx="0.703183055" tId="1" fbRx="0.70318218" lbRx="0.703183055" />
<p fId="1" fbTx="0.703183055" lbTx="0.70318393" tId="4" fbRx="0.703183055" lbRx="0.70318393" />
<pr uId="681" fId="4" fbTx="0.703214286" />
<wpr uId="681" tId="5" fbRx="0.703214286" lbRx="0" />
<wpr uId="681" tId="6" fbRx="0.703214286" lbRx="0" />
<p fId="3" fbTx="0.703282096" lbTx="0.70328218" tId="0" fbRx="0.713282096" lbRx="0.71328218" />
<p fId="0" fbTx="0.70328218" lbTx="0.703283055" tId="1" fbRx="0.70328218" lbRx="0.703283055" />
<p fId="1" fbTx="0.703283055" lbTx="0.70328393" tId="4" fbRx="0.703283055" lbRx="0.70328393" />
<p fId="3" fbTx="0.703382096" lbTx="0.70338218" tId="0" fbRx="0.713382096" lbRx="0.71338218" />
<p fId="0" fbTx="0.70338218" lbTx="0.703383055" tId="1" fbRx="0.70338218" lbRx="0.703383055" />
<p fId="1" fbTx="0.703383055" lbTx="0.70338393" tId="4" fbRx="0.703383055" lbRx="0.70338393" />
<p fId="3" fbTx="0.703482096" lbTx="0.70348218" tId="0" fbRx="0.713482096" lbRx="0.71348218" />
<p fId="0" fbTx="0.70348218" lbTx="0.703483055" tId="1" fbRx="0.70348218" lbRx="0.703483055" />
<p fId="1" fbTx="0.703483055" lbTx="0.70348393" tId="4" fbRx="0.703483055" lbRx="0.70348393" />
<p fId="3" fbTx="0.703582096" lbTx="0.70358218" tId="0" fbRx="0.713582096" lbRx="0.71358218" />
<p fId="0" fbTx="0.70358218" lbTx="0.703583055" tId="1" fbRx="0.70358218" lbRx="0.703583055" />
<p fId="1" fbTx="0.703583055" lbTx="0.70358393" tId="4" fbRx="0.703583055" lbRx="0.70358393" />
<p fId="3" fbTx="0.703682096" lbTx="0.70368218" tId="0" fbRx="0.713682096" lbRx="0.71368218" />
<p fId="0" fbTx="0.70368218" lbTx="0.703683055" tId="1" fbRx="0.70368218" lbRx="0.703683055" />
<p fId="1" fbTx="0.703683055" lbTx="0.70368393" tId="4" fbRx="0.703683055" lbRx="0.70368393" />
<p fId="3" fbTx="0.703782096" lbTx="0.70378218" tId="0" fbRx="0.713782096" lbRx="0.71378218" />
<p fId="0" fbTx="0.70378218" lbTx="0.703783055" tId="1" fbRx="0.70378218" lbRx="0.703783055" />
<p fId="1" fbTx="0.703783055" lbTx="0.70378393" tId="4" fbRx="0.703783055" lbRx="0.70378393" />
<p fId="3" fbTx="0.703882096" lbTx="0.70388218" tId="0" fbRx="0.713882096" lbRx="0.71388218" />
<p fId="0" fbTx="0.70388218" lbTx="0.703883055" tId="1" fbRx="0.70388218" lbRx="0.703883055" />
<p fId="1" fbTx="0.703883055" lbTx="0.70388393" tId="4" fbRx="0.703883055" lbRx="0.70388393" />
<p fId="3" fbTx="0.703982096" lbTx="0.70398218" tId="0" fbRx="0.713982096" lbRx="0.71398218" />
<p fId="0" fbTx="0.70398218" lbTx="0.703983055" tId="1" fbRx="0.70398218" lbRx="0.703983055" />
<p fId="1" fbTx="0.703983055" lbTx="0.70398393" tId="4" fbRx="0.703983055" lbRx="0.70398393" />
<p fId="3" fbTx="0.704082096" lbTx="0.70408218" tId="0" fbRx="0.714082096" lbRx="0.71408218" />
<p fId="0" fbTx="0.70408218" lbTx="0.704083055" tId="1" fbRx="0.70408218" lbRx="0.704083055" />
<p fId="1" fbTx="0.704083055" lbTx="0.70408393" tId="4" fbRx="0.704083055" lbRx="0.70408393" />
<p fId="3" fbTx="0.704182096" lbTx="0.70418218" tId="0" fbRx="0.714182096" lbRx="0.71418218" />
<p fId="0" fbTx="0.70418218" lbTx="0.704183055" tId="1" fbRx="0.70418218" lbRx="0.704183055" />
<p fId="1" fbTx="0.704183055" lbTx="0.70418393" tId="4" fbRx="0.704183055" lbRx="0.70418393" />
<pr uId="682" fId="4" fbTx="0.704214286" />
<wpr uId="682" tId="5" fbRx="0.704214286" lbRx="0" />
<wpr uId="682" tId="6" fbRx="0.704214286" lbRx="0" />
<p fId="3" fbTx="0.704282096" lbTx="0.70428218" tId="0" fbRx="0.714282096" lbRx="0.71428218" />
<p fId="0" fbTx="0.70428218" lbTx="0.704283055" tId="1" fbRx="0.70428218" lbRx="0.704283055" />
<p fId="1" fbTx="0.704283055" lbTx="0.70428393" tId="4" fbRx="0.704283055" lbRx="0.70428393" />
<p fId="3" fbTx="0.704382096" lbTx="0.70438218" tId="0" fbRx="0.714382096" lbRx="0.71438218" />
<p fId="0" fbTx="0.70438218" lbTx="0.704383055" tId="1" fbRx="0.70438218" lbRx="0.704383055" />
<p fId="1" fbTx="0.704383055" lbTx="0.70438393" tId="4" fbRx="0.704383055" lbRx="0.70438393" />
<p fId="3" fbTx="0.704482096" lbTx="0.70448218" tId="0" fbRx="0.714482096" lbRx="0.71448218" />
<p fId="0" fbTx="0.70448218" lbTx="0.704483055" tId="1" fbRx="0.70448218" lbRx="0.704483055" />
<p fId="1" fbTx="0.704483055" lbTx="0.70448393" tId="4" fbRx="0.704483055" lbRx="0.70448393" />
<p fId="3" fbTx="0.704582096" lbTx="0.70458218" tId="0" fbRx="0.714582096" lbRx="0.71458218" />
<p fId="0" fbTx="0.70458218" lbTx="0.704583055" tId="1" fbRx="0.70458218" lbRx="0.704583055" />
<p fId="1" fbTx="0.704583055" lbTx="0.70458393" tId="4" fbRx="0.704583055" lbRx="0.70458393" />
<p fId="3" fbTx="0.704682096" lbTx="0.70468218" tId="0" fbRx="0.714682096" lbRx="0.71468218" />
<p fId="0" fbTx="0.70468218" lbTx="0.704683055" tId="1" fbRx="0.70468218" lbRx="0.704683055" />
<p fId="1" fbTx="0.704683055" lbTx="0.70468393" tId="4" fbRx="0.704683055" lbRx="0.70468393" />
<p fId="3" fbTx="0.704782096" lbTx="0.70478218" tId="0" fbRx="0.714782096" lbRx="0.71478218" />
<p fId="0" fbTx="0.70478218" lbTx="0.704783055" tId="1" fbRx="0.70478218" lbRx="0.704783055" />
<p fId="1" fbTx="0.704783055" lbTx="0.70478393" tId="4" fbRx="0.704783055" lbRx="0.70478393" />
<p fId="3" fbTx="0.704882096" lbTx="0.70488218" tId="0" fbRx="0.714882096" lbRx="0.71488218" />
<p fId="0" fbTx="0.70488218" lbTx="0.704883055" tId="1" fbRx="0.70488218" lbRx="0.704883055" />
<p fId="1" fbTx="0.704883055" lbTx="0.70488393" tId="4" fbRx="0.704883055" lbRx="0.70488393" />
<p fId="3" fbTx="0.704982096" lbTx="0.70498218" tId="0" fbRx="0.714982096" lbRx="0.71498218" />
<p fId="0" fbTx="0.70498218" lbTx="0.704983055" tId="1" fbRx="0.70498218" lbRx="0.704983055" />
<p fId="1" fbTx="0.704983055" lbTx="0.70498393" tId="4" fbRx="0.704983055" lbRx="0.70498393" />
<p fId="3" fbTx="0.705082096" lbTx="0.70508218" tId="0" fbRx="0.715082096" lbRx="0.71508218" />
<p fId="0" fbTx="0.70508218" lbTx="0.705083055" tId="1" fbRx="0.70508218" lbRx="0.705083055" />
<p fId="1" fbTx="0.705083055" lbTx="0.70508393" tId="4" fbRx="0.705083055" lbRx="0.70508393" />
<p fId="3" fbTx="0.705182096" lbTx="0.70518218" tId="0" fbRx="0.715182096" lbRx="0.71518218" />
<p fId="0" fbTx="0.70518218" lbTx="0.705183055" tId="1" fbRx="0.70518218" lbRx="0.705183055" />
<p fId="1" fbTx="0.705183055" lbTx="0.70518393" tId="4" fbRx="0.705183055" lbRx="0.70518393" />
<pr uId="683" fId="4" fbTx="0.705214286" />
<wpr uId="683" tId="5" fbRx="0.705214286" lbRx="0" />
<wpr uId="683" tId="6" fbRx="0.705214286" lbRx="0" />
<p fId="3" fbTx="0.705282096" lbTx="0.70528218" tId="0" fbRx="0.715282096" lbRx="0.71528218" />
<p fId="0" fbTx="0.70528218" lbTx="0.705283055" tId="1" fbRx="0.70528218" lbRx="0.705283055" />
<p fId="1" fbTx="0.705283055" lbTx="0.70528393" tId="4" fbRx="0.705283055" lbRx="0.70528393" />
<p fId="3" fbTx="0.705382096" lbTx="0.70538218" tId="0" fbRx="0.715382096" lbRx="0.71538218" />
<p fId="0" fbTx="0.70538218" lbTx="0.705383055" tId="1" fbRx="0.70538218" lbRx="0.705383055" />
<p fId="1" fbTx="0.705383055" lbTx="0.70538393" tId="4" fbRx="0.705383055" lbRx="0.70538393" />
<p fId="3" fbTx="0.705482096" lbTx="0.70548218" tId="0" fbRx="0.715482096" lbRx="0.71548218" />
<p fId="0" fbTx="0.70548218" lbTx="0.705483055" tId="1" fbRx="0.70548218" lbRx="0.705483055" />
<p fId="1" fbTx="0.705483055" lbTx="0.70548393" tId="4" fbRx="0.705483055" lbRx="0.70548393" />
<p fId="3" fbTx="0.705582096" lbTx="0.70558218" tId="0" fbRx="0.715582096" lbRx="0.71558218" />
<p fId="0" fbTx="0.70558218" lbTx="0.705583055" tId="1" fbRx="0.70558218" lbRx="0.705583055" />
<p fId="1" fbTx="0.705583055" lbTx="0.70558393" tId="4" fbRx="0.705583055" lbRx="0.70558393" />
<p fId="3" fbTx="0.705682096" lbTx="0.70568218" tId="0" fbRx="0.715682096" lbRx="0.71568218" />
<p fId="0" fbTx="0.70568218" lbTx="0.705683055" tId="1" fbRx="0.70568218" lbRx="0.705683055" />
<p fId="1" fbTx="0.705683055" lbTx="0.70568393" tId="4" fbRx="0.705683055" lbRx="0.70568393" />
<p fId="3" fbTx="0.705782096" lbTx="0.70578218" tId="0" fbRx="0.715782096" lbRx="0.71578218" />
<p fId="0" fbTx="0.70578218" lbTx="0.705783055" tId="1" fbRx="0.70578218" lbRx="0.705783055" />
<p fId="1" fbTx="0.705783055" lbTx="0.70578393" tId="4" fbRx="0.705783055" lbRx="0.70578393" />
<p fId="3" fbTx="0.705882096" lbTx="0.70588218" tId="0" fbRx="0.715882096" lbRx="0.71588218" />
<p fId="0" fbTx="0.70588218" lbTx="0.705883055" tId="1" fbRx="0.70588218" lbRx="0.705883055" />
<p fId="1" fbTx="0.705883055" lbTx="0.70588393" tId="4" fbRx="0.705883055" lbRx="0.70588393" />
<p fId="3" fbTx="0.705982096" lbTx="0.70598218" tId="0" fbRx="0.715982096" lbRx="0.71598218" />
<p fId="0" fbTx="0.70598218" lbTx="0.705983055" tId="1" fbRx="0.70598218" lbRx="0.705983055" />
<p fId="1" fbTx="0.705983055" lbTx="0.70598393" tId="4" fbRx="0.705983055" lbRx="0.70598393" />
<p fId="3" fbTx="0.706082096" lbTx="0.70608218" tId="0" fbRx="0.716082096" lbRx="0.71608218" />
<p fId="0" fbTx="0.70608218" lbTx="0.706083055" tId="1" fbRx="0.70608218" lbRx="0.706083055" />
<p fId="1" fbTx="0.706083055" lbTx="0.70608393" tId="4" fbRx="0.706083055" lbRx="0.70608393" />
<p fId="3" fbTx="0.706182096" lbTx="0.70618218" tId="0" fbRx="0.716182096" lbRx="0.71618218" />
<p fId="0" fbTx="0.70618218" lbTx="0.706183055" tId="1" fbRx="0.70618218" lbRx="0.706183055" />
<p fId="1" fbTx="0.706183055" lbTx="0.70618393" tId="4" fbRx="0.706183055" lbRx="0.70618393" />
<pr uId="684" fId="4" fbTx="0.706214286" />
<wpr uId="684" tId="5" fbRx="0.706214286" lbRx="0" />
<wpr uId="684" tId="6" fbRx="0.706214286" lbRx="0" />
<p fId="3" fbTx="0.706282096" lbTx="0.70628218" tId="0" fbRx="0.716282096" lbRx="0.71628218" />
<p fId="0" fbTx="0.70628218" lbTx="0.706283055" tId="1" fbRx="0.70628218" lbRx="0.706283055" />
<p fId="1" fbTx="0.706283055" lbTx="0.70628393" tId="4" fbRx="0.706283055" lbRx="0.70628393" />
<p fId="3" fbTx="0.706382096" lbTx="0.70638218" tId="0" fbRx="0.716382096" lbRx="0.71638218" />
<p fId="0" fbTx="0.70638218" lbTx="0.706383055" tId="1" fbRx="0.70638218" lbRx="0.706383055" />
<p fId="1" fbTx="0.706383055" lbTx="0.70638393" tId="4" fbRx="0.706383055" lbRx="0.70638393" />
<p fId="3" fbTx="0.706482096" lbTx="0.70648218" tId="0" fbRx="0.716482096" lbRx="0.71648218" />
<p fId="0" fbTx="0.70648218" lbTx="0.706483055" tId="1" fbRx="0.70648218" lbRx="0.706483055" />
<p fId="1" fbTx="0.706483055" lbTx="0.70648393" tId="4" fbRx="0.706483055" lbRx="0.70648393" />
<p fId="3" fbTx="0.706582096" lbTx="0.70658218" tId="0" fbRx="0.716582096" lbRx="0.71658218" />
<p fId="0" fbTx="0.70658218" lbTx="0.706583055" tId="1" fbRx="0.70658218" lbRx="0.706583055" />
<p fId="1" fbTx="0.706583055" lbTx="0.70658393" tId="4" fbRx="0.706583055" lbRx="0.70658393" />
<p fId="3" fbTx="0.706682096" lbTx="0.70668218" tId="0" fbRx="0.716682096" lbRx="0.71668218" />
<p fId="0" fbTx="0.70668218" lbTx="0.706683055" tId="1" fbRx="0.70668218" lbRx="0.706683055" />
<p fId="1" fbTx="0.706683055" lbTx="0.70668393" tId="4" fbRx="0.706683055" lbRx="0.70668393" />
<p fId="3" fbTx="0.706782096" lbTx="0.70678218" tId="0" fbRx="0.716782096" lbRx="0.71678218" />
<p fId="0" fbTx="0.70678218" lbTx="0.706783055" tId="1" fbRx="0.70678218" lbRx="0.706783055" />
<p fId="1" fbTx="0.706783055" lbTx="0.70678393" tId="4" fbRx="0.706783055" lbRx="0.70678393" />
<p fId="3" fbTx="0.706882096" lbTx="0.70688218" tId="0" fbRx="0.716882096" lbRx="0.71688218" />
<p fId="0" fbTx="0.70688218" lbTx="0.706883055" tId="1" fbRx="0.70688218" lbRx="0.706883055" />
<p fId="1" fbTx="0.706883055" lbTx="0.70688393" tId="4" fbRx="0.706883055" lbRx="0.70688393" />
<p fId="3" fbTx="0.706982096" lbTx="0.70698218" tId="0" fbRx="0.716982096" lbRx="0.71698218" />
<p fId="0" fbTx="0.70698218" lbTx="0.706983055" tId="1" fbRx="0.70698218" lbRx="0.706983055" />
<p fId="1" fbTx="0.706983055" lbTx="0.70698393" tId="4" fbRx="0.706983055" lbRx="0.70698393" />
<p fId="3" fbTx="0.707082096" lbTx="0.70708218" tId="0" fbRx="0.717082096" lbRx="0.71708218" />
<p fId="0" fbTx="0.70708218" lbTx="0.707083055" tId="1" fbRx="0.70708218" lbRx="0.707083055" />
<p fId="1" fbTx="0.707083055" lbTx="0.70708393" tId="4" fbRx="0.707083055" lbRx="0.70708393" />
<p fId="3" fbTx="0.707182096" lbTx="0.70718218" tId="0" fbRx="0.717182096" lbRx="0.71718218" />
<p fId="0" fbTx="0.70718218" lbTx="0.707183055" tId="1" fbRx="0.70718218" lbRx="0.707183055" />
<p fId="1" fbTx="0.707183055" lbTx="0.70718393" tId="4" fbRx="0.707183055" lbRx="0.70718393" />
<pr uId="685" fId="4" fbTx="0.707214286" />
<wpr uId="685" tId="5" fbRx="0.707214286" lbRx="0" />
<wpr uId="685" tId="6" fbRx="0.707214286" lbRx="0" />
<p fId="3" fbTx="0.707282096" lbTx="0.70728218" tId="0" fbRx="0.717282096" lbRx="0.71728218" />
<p fId="0" fbTx="0.70728218" lbTx="0.707283055" tId="1" fbRx="0.70728218" lbRx="0.707283055" />
<p fId="1" fbTx="0.707283055" lbTx="0.70728393" tId="4" fbRx="0.707283055" lbRx="0.70728393" />
<p fId="3" fbTx="0.707382096" lbTx="0.70738218" tId="0" fbRx="0.717382096" lbRx="0.71738218" />
<p fId="0" fbTx="0.70738218" lbTx="0.707383055" tId="1" fbRx="0.70738218" lbRx="0.707383055" />
<p fId="1" fbTx="0.707383055" lbTx="0.70738393" tId="4" fbRx="0.707383055" lbRx="0.70738393" />
<p fId="3" fbTx="0.707482096" lbTx="0.70748218" tId="0" fbRx="0.717482096" lbRx="0.71748218" />
<p fId="0" fbTx="0.70748218" lbTx="0.707483055" tId="1" fbRx="0.70748218" lbRx="0.707483055" />
<p fId="1" fbTx="0.707483055" lbTx="0.70748393" tId="4" fbRx="0.707483055" lbRx="0.70748393" />
<p fId="3" fbTx="0.707582096" lbTx="0.70758218" tId="0" fbRx="0.717582096" lbRx="0.71758218" />
<p fId="0" fbTx="0.70758218" lbTx="0.707583055" tId="1" fbRx="0.70758218" lbRx="0.707583055" />
<p fId="1" fbTx="0.707583055" lbTx="0.70758393" tId="4" fbRx="0.707583055" lbRx="0.70758393" />
<p fId="3" fbTx="0.707682096" lbTx="0.70768218" tId="0" fbRx="0.717682096" lbRx="0.71768218" />
<p fId="0" fbTx="0.70768218" lbTx="0.707683055" tId="1" fbRx="0.70768218" lbRx="0.707683055" />
<p fId="1" fbTx="0.707683055" lbTx="0.70768393" tId="4" fbRx="0.707683055" lbRx="0.70768393" />
<p fId="3" fbTx="0.707782096" lbTx="0.70778218" tId="0" fbRx="0.717782096" lbRx="0.71778218" />
<p fId="0" fbTx="0.70778218" lbTx="0.707783055" tId="1" fbRx="0.70778218" lbRx="0.707783055" />
<p fId="1" fbTx="0.707783055" lbTx="0.70778393" tId="4" fbRx="0.707783055" lbRx="0.70778393" />
<p fId="3" fbTx="0.707882096" lbTx="0.70788218" tId="0" fbRx="0.717882096" lbRx="0.71788218" />
<p fId="0" fbTx="0.70788218" lbTx="0.707883055" tId="1" fbRx="0.70788218" lbRx="0.707883055" />
<p fId="1" fbTx="0.707883055" lbTx="0.70788393" tId="4" fbRx="0.707883055" lbRx="0.70788393" />
<p fId="3" fbTx="0.707982096" lbTx="0.70798218" tId="0" fbRx="0.717982096" lbRx="0.71798218" />
<p fId="0" fbTx="0.70798218" lbTx="0.707983055" tId="1" fbRx="0.70798218" lbRx="0.707983055" />
<p fId="1" fbTx="0.707983055" lbTx="0.70798393" tId="4" fbRx="0.707983055" lbRx="0.70798393" />
<p fId="3" fbTx="0.708082096" lbTx="0.70808218" tId="0" fbRx="0.718082096" lbRx="0.71808218" />
<p fId="0" fbTx="0.70808218" lbTx="0.708083055" tId="1" fbRx="0.70808218" lbRx="0.708083055" />
<p fId="1" fbTx="0.708083055" lbTx="0.70808393" tId="4" fbRx="0.708083055" lbRx="0.70808393" />
<p fId="3" fbTx="0.708182096" lbTx="0.70818218" tId="0" fbRx="0.718182096" lbRx="0.71818218" />
<p fId="0" fbTx="0.70818218" lbTx="0.708183055" tId="1" fbRx="0.70818218" lbRx="0.708183055" />
<p fId="1" fbTx="0.708183055" lbTx="0.70818393" tId="4" fbRx="0.708183055" lbRx="0.70818393" />
<pr uId="686" fId="4" fbTx="0.708214286" />
<wpr uId="686" tId="5" fbRx="0.708214286" lbRx="0" />
<wpr uId="686" tId="6" fbRx="0.708214286" lbRx="0" />
<p fId="3" fbTx="0.708282096" lbTx="0.70828218" tId="0" fbRx="0.718282096" lbRx="0.71828218" />
<p fId="0" fbTx="0.70828218" lbTx="0.708283055" tId="1" fbRx="0.70828218" lbRx="0.708283055" />
<p fId="1" fbTx="0.708283055" lbTx="0.70828393" tId="4" fbRx="0.708283055" lbRx="0.70828393" />
<p fId="3" fbTx="0.708382096" lbTx="0.70838218" tId="0" fbRx="0.718382096" lbRx="0.71838218" />
<p fId="0" fbTx="0.70838218" lbTx="0.708383055" tId="1" fbRx="0.70838218" lbRx="0.708383055" />
<p fId="1" fbTx="0.708383055" lbTx="0.70838393" tId="4" fbRx="0.708383055" lbRx="0.70838393" />
<p fId="3" fbTx="0.708482096" lbTx="0.70848218" tId="0" fbRx="0.718482096" lbRx="0.71848218" />
<p fId="0" fbTx="0.70848218" lbTx="0.708483055" tId="1" fbRx="0.70848218" lbRx="0.708483055" />
<p fId="1" fbTx="0.708483055" lbTx="0.70848393" tId="4" fbRx="0.708483055" lbRx="0.70848393" />
<p fId="3" fbTx="0.708582096" lbTx="0.70858218" tId="0" fbRx="0.718582096" lbRx="0.71858218" />
<p fId="0" fbTx="0.70858218" lbTx="0.708583055" tId="1" fbRx="0.70858218" lbRx="0.708583055" />
<p fId="1" fbTx="0.708583055" lbTx="0.70858393" tId="4" fbRx="0.708583055" lbRx="0.70858393" />
<p fId="3" fbTx="0.708682096" lbTx="0.70868218" tId="0" fbRx="0.718682096" lbRx="0.71868218" />
<p fId="0" fbTx="0.70868218" lbTx="0.708683055" tId="1" fbRx="0.70868218" lbRx="0.708683055" />
<p fId="1" fbTx="0.708683055" lbTx="0.70868393" tId="4" fbRx="0.708683055" lbRx="0.70868393" />
<p fId="3" fbTx="0.708782096" lbTx="0.70878218" tId="0" fbRx="0.718782096" lbRx="0.71878218" />
<p fId="0" fbTx="0.70878218" lbTx="0.708783055" tId="1" fbRx="0.70878218" lbRx="0.708783055" />
<p fId="1" fbTx="0.708783055" lbTx="0.70878393" tId="4" fbRx="0.708783055" lbRx="0.70878393" />
<p fId="3" fbTx="0.708882096" lbTx="0.70888218" tId="0" fbRx="0.718882096" lbRx="0.71888218" />
<p fId="0" fbTx="0.70888218" lbTx="0.708883055" tId="1" fbRx="0.70888218" lbRx="0.708883055" />
<p fId="1" fbTx="0.708883055" lbTx="0.70888393" tId="4" fbRx="0.708883055" lbRx="0.70888393" />
<p fId="3" fbTx="0.708982096" lbTx="0.70898218" tId="0" fbRx="0.718982096" lbRx="0.71898218" />
<p fId="0" fbTx="0.70898218" lbTx="0.708983055" tId="1" fbRx="0.70898218" lbRx="0.708983055" />
<p fId="1" fbTx="0.708983055" lbTx="0.70898393" tId="4" fbRx="0.708983055" lbRx="0.70898393" />
<p fId="3" fbTx="0.709082096" lbTx="0.70908218" tId="0" fbRx="0.719082096" lbRx="0.71908218" />
<p fId="0" fbTx="0.70908218" lbTx="0.709083055" tId="1" fbRx="0.70908218" lbRx="0.709083055" />
<p fId="1" fbTx="0.709083055" lbTx="0.70908393" tId="4" fbRx="0.709083055" lbRx="0.70908393" />
<p fId="3" fbTx="0.709182096" lbTx="0.70918218" tId="0" fbRx="0.719182096" lbRx="0.71918218" />
<p fId="0" fbTx="0.70918218" lbTx="0.709183055" tId="1" fbRx="0.70918218" lbRx="0.709183055" />
<p fId="1" fbTx="0.709183055" lbTx="0.70918393" tId="4" fbRx="0.709183055" lbRx="0.70918393" />
<pr uId="687" fId="4" fbTx="0.709214286" />
<wpr uId="687" tId="5" fbRx="0.709214286" lbRx="0" />
<wpr uId="687" tId="6" fbRx="0.709214286" lbRx="0" />
<p fId="3" fbTx="0.709282096" lbTx="0.70928218" tId="0" fbRx="0.719282096" lbRx="0.71928218" />
<p fId="0" fbTx="0.70928218" lbTx="0.709283055" tId="1" fbRx="0.70928218" lbRx="0.709283055" />
<p fId="1" fbTx="0.709283055" lbTx="0.70928393" tId="4" fbRx="0.709283055" lbRx="0.70928393" />
<p fId="3" fbTx="0.709382096" lbTx="0.70938218" tId="0" fbRx="0.719382096" lbRx="0.71938218" />
<p fId="0" fbTx="0.70938218" lbTx="0.709383055" tId="1" fbRx="0.70938218" lbRx="0.709383055" />
<p fId="1" fbTx="0.709383055" lbTx="0.70938393" tId="4" fbRx="0.709383055" lbRx="0.70938393" />
<p fId="3" fbTx="0.709482096" lbTx="0.70948218" tId="0" fbRx="0.719482096" lbRx="0.71948218" />
<p fId="0" fbTx="0.70948218" lbTx="0.709483055" tId="1" fbRx="0.70948218" lbRx="0.709483055" />
<p fId="1" fbTx="0.709483055" lbTx="0.70948393" tId="4" fbRx="0.709483055" lbRx="0.70948393" />
<p fId="3" fbTx="0.709582096" lbTx="0.70958218" tId="0" fbRx="0.719582096" lbRx="0.71958218" />
<p fId="0" fbTx="0.70958218" lbTx="0.709583055" tId="1" fbRx="0.70958218" lbRx="0.709583055" />
<p fId="1" fbTx="0.709583055" lbTx="0.70958393" tId="4" fbRx="0.709583055" lbRx="0.70958393" />
<p fId="3" fbTx="0.709682096" lbTx="0.70968218" tId="0" fbRx="0.719682096" lbRx="0.71968218" />
<p fId="0" fbTx="0.70968218" lbTx="0.709683055" tId="1" fbRx="0.70968218" lbRx="0.709683055" />
<p fId="1" fbTx="0.709683055" lbTx="0.70968393" tId="4" fbRx="0.709683055" lbRx="0.70968393" />
<p fId="3" fbTx="0.709782096" lbTx="0.70978218" tId="0" fbRx="0.719782096" lbRx="0.71978218" />
<p fId="0" fbTx="0.70978218" lbTx="0.709783055" tId="1" fbRx="0.70978218" lbRx="0.709783055" />
<p fId="1" fbTx="0.709783055" lbTx="0.70978393" tId="4" fbRx="0.709783055" lbRx="0.70978393" />
<p fId="3" fbTx="0.709882096" lbTx="0.70988218" tId="0" fbRx="0.719882096" lbRx="0.71988218" />
<p fId="0" fbTx="0.70988218" lbTx="0.709883055" tId="1" fbRx="0.70988218" lbRx="0.709883055" />
<p fId="1" fbTx="0.709883055" lbTx="0.70988393" tId="4" fbRx="0.709883055" lbRx="0.70988393" />
<p fId="3" fbTx="0.709982096" lbTx="0.70998218" tId="0" fbRx="0.719982096" lbRx="0.71998218" />
<p fId="0" fbTx="0.70998218" lbTx="0.709983055" tId="1" fbRx="0.70998218" lbRx="0.709983055" />
<p fId="1" fbTx="0.709983055" lbTx="0.70998393" tId="4" fbRx="0.709983055" lbRx="0.70998393" />
<p fId="3" fbTx="0.710082096" lbTx="0.71008218" tId="0" fbRx="0.720082096" lbRx="0.72008218" />
<p fId="0" fbTx="0.71008218" lbTx="0.710083055" tId="1" fbRx="0.71008218" lbRx="0.710083055" />
<p fId="1" fbTx="0.710083055" lbTx="0.71008393" tId="4" fbRx="0.710083055" lbRx="0.71008393" />
<p fId="3" fbTx="0.710182096" lbTx="0.71018218" tId="0" fbRx="0.720182096" lbRx="0.72018218" />
<p fId="0" fbTx="0.71018218" lbTx="0.710183055" tId="1" fbRx="0.71018218" lbRx="0.710183055" />
<p fId="1" fbTx="0.710183055" lbTx="0.71018393" tId="4" fbRx="0.710183055" lbRx="0.71018393" />
<pr uId="688" fId="4" fbTx="0.710214286" />
<wpr uId="688" tId="5" fbRx="0.710214286" lbRx="0" />
<wpr uId="688" tId="6" fbRx="0.710214286" lbRx="0" />
<p fId="3" fbTx="0.710282096" lbTx="0.71028218" tId="0" fbRx="0.720282096" lbRx="0.72028218" />
<p fId="0" fbTx="0.71028218" lbTx="0.710283055" tId="1" fbRx="0.71028218" lbRx="0.710283055" />
<p fId="1" fbTx="0.710283055" lbTx="0.71028393" tId="4" fbRx="0.710283055" lbRx="0.71028393" />
<p fId="3" fbTx="0.710382096" lbTx="0.71038218" tId="0" fbRx="0.720382096" lbRx="0.72038218" />
<p fId="0" fbTx="0.71038218" lbTx="0.710383055" tId="1" fbRx="0.71038218" lbRx="0.710383055" />
<p fId="1" fbTx="0.710383055" lbTx="0.71038393" tId="4" fbRx="0.710383055" lbRx="0.71038393" />
<p fId="3" fbTx="0.710482096" lbTx="0.71048218" tId="0" fbRx="0.720482096" lbRx="0.72048218" />
<p fId="0" fbTx="0.71048218" lbTx="0.710483055" tId="1" fbRx="0.71048218" lbRx="0.710483055" />
<p fId="1" fbTx="0.710483055" lbTx="0.71048393" tId="4" fbRx="0.710483055" lbRx="0.71048393" />
<p fId="3" fbTx="0.710582096" lbTx="0.71058218" tId="0" fbRx="0.720582096" lbRx="0.72058218" />
<p fId="0" fbTx="0.71058218" lbTx="0.710583055" tId="1" fbRx="0.71058218" lbRx="0.710583055" />
<p fId="1" fbTx="0.710583055" lbTx="0.71058393" tId="4" fbRx="0.710583055" lbRx="0.71058393" />
<p fId="3" fbTx="0.710682096" lbTx="0.71068218" tId="0" fbRx="0.720682096" lbRx="0.72068218" />
<p fId="0" fbTx="0.71068218" lbTx="0.710683055" tId="1" fbRx="0.71068218" lbRx="0.710683055" />
<p fId="1" fbTx="0.710683055" lbTx="0.71068393" tId="4" fbRx="0.710683055" lbRx="0.71068393" />
<p fId="3" fbTx="0.710782096" lbTx="0.71078218" tId="0" fbRx="0.720782096" lbRx="0.72078218" />
<p fId="0" fbTx="0.71078218" lbTx="0.710783055" tId="1" fbRx="0.71078218" lbRx="0.710783055" />
<p fId="1" fbTx="0.710783055" lbTx="0.71078393" tId="4" fbRx="0.710783055" lbRx="0.71078393" />
<p fId="3" fbTx="0.710882096" lbTx="0.71088218" tId="0" fbRx="0.720882096" lbRx="0.72088218" />
<p fId="0" fbTx="0.71088218" lbTx="0.710883055" tId="1" fbRx="0.71088218" lbRx="0.710883055" />
<p fId="1" fbTx="0.710883055" lbTx="0.71088393" tId="4" fbRx="0.710883055" lbRx="0.71088393" />
<p fId="3" fbTx="0.710982096" lbTx="0.71098218" tId="0" fbRx="0.720982096" lbRx="0.72098218" />
<p fId="0" fbTx="0.71098218" lbTx="0.710983055" tId="1" fbRx="0.71098218" lbRx="0.710983055" />
<p fId="1" fbTx="0.710983055" lbTx="0.71098393" tId="4" fbRx="0.710983055" lbRx="0.71098393" />
<p fId="3" fbTx="0.711082096" lbTx="0.71108218" tId="0" fbRx="0.721082096" lbRx="0.72108218" />
<p fId="0" fbTx="0.71108218" lbTx="0.711083055" tId="1" fbRx="0.71108218" lbRx="0.711083055" />
<p fId="1" fbTx="0.711083055" lbTx="0.71108393" tId="4" fbRx="0.711083055" lbRx="0.71108393" />
<p fId="3" fbTx="0.711182096" lbTx="0.71118218" tId="0" fbRx="0.721182096" lbRx="0.72118218" />
<p fId="0" fbTx="0.71118218" lbTx="0.711183055" tId="1" fbRx="0.71118218" lbRx="0.711183055" />
<p fId="1" fbTx="0.711183055" lbTx="0.71118393" tId="4" fbRx="0.711183055" lbRx="0.71118393" />
<pr uId="689" fId="4" fbTx="0.711214286" />
<wpr uId="689" tId="5" fbRx="0.711214286" lbRx="0" />
<wpr uId="689" tId="6" fbRx="0.711214286" lbRx="0" />
<p fId="3" fbTx="0.711282096" lbTx="0.71128218" tId="0" fbRx="0.721282096" lbRx="0.72128218" />
<p fId="0" fbTx="0.71128218" lbTx="0.711283055" tId="1" fbRx="0.71128218" lbRx="0.711283055" />
<p fId="1" fbTx="0.711283055" lbTx="0.71128393" tId="4" fbRx="0.711283055" lbRx="0.71128393" />
<p fId="3" fbTx="0.711382096" lbTx="0.71138218" tId="0" fbRx="0.721382096" lbRx="0.72138218" />
<p fId="0" fbTx="0.71138218" lbTx="0.711383055" tId="1" fbRx="0.71138218" lbRx="0.711383055" />
<p fId="1" fbTx="0.711383055" lbTx="0.71138393" tId="4" fbRx="0.711383055" lbRx="0.71138393" />
<p fId="3" fbTx="0.711482096" lbTx="0.71148218" tId="0" fbRx="0.721482096" lbRx="0.72148218" />
<p fId="0" fbTx="0.71148218" lbTx="0.711483055" tId="1" fbRx="0.71148218" lbRx="0.711483055" />
<p fId="1" fbTx="0.711483055" lbTx="0.71148393" tId="4" fbRx="0.711483055" lbRx="0.71148393" />
<p fId="3" fbTx="0.711582096" lbTx="0.71158218" tId="0" fbRx="0.721582096" lbRx="0.72158218" />
<p fId="0" fbTx="0.71158218" lbTx="0.711583055" tId="1" fbRx="0.71158218" lbRx="0.711583055" />
<p fId="1" fbTx="0.711583055" lbTx="0.71158393" tId="4" fbRx="0.711583055" lbRx="0.71158393" />
<p fId="3" fbTx="0.711682096" lbTx="0.71168218" tId="0" fbRx="0.721682096" lbRx="0.72168218" />
<p fId="0" fbTx="0.71168218" lbTx="0.711683055" tId="1" fbRx="0.71168218" lbRx="0.711683055" />
<p fId="1" fbTx="0.711683055" lbTx="0.71168393" tId="4" fbRx="0.711683055" lbRx="0.71168393" />
<p fId="3" fbTx="0.711782096" lbTx="0.71178218" tId="0" fbRx="0.721782096" lbRx="0.72178218" />
<p fId="0" fbTx="0.71178218" lbTx="0.711783055" tId="1" fbRx="0.71178218" lbRx="0.711783055" />
<p fId="1" fbTx="0.711783055" lbTx="0.71178393" tId="4" fbRx="0.711783055" lbRx="0.71178393" />
<p fId="3" fbTx="0.711882096" lbTx="0.71188218" tId="0" fbRx="0.721882096" lbRx="0.72188218" />
<p fId="0" fbTx="0.71188218" lbTx="0.711883055" tId="1" fbRx="0.71188218" lbRx="0.711883055" />
<p fId="1" fbTx="0.711883055" lbTx="0.71188393" tId="4" fbRx="0.711883055" lbRx="0.71188393" />
<p fId="3" fbTx="0.711982096" lbTx="0.71198218" tId="0" fbRx="0.721982096" lbRx="0.72198218" />
<p fId="0" fbTx="0.71198218" lbTx="0.711983055" tId="1" fbRx="0.71198218" lbRx="0.711983055" />
<p fId="1" fbTx="0.711983055" lbTx="0.71198393" tId="4" fbRx="0.711983055" lbRx="0.71198393" />
<p fId="3" fbTx="0.712082096" lbTx="0.71208218" tId="0" fbRx="0.722082096" lbRx="0.72208218" />
<p fId="0" fbTx="0.71208218" lbTx="0.712083055" tId="1" fbRx="0.71208218" lbRx="0.712083055" />
<p fId="1" fbTx="0.712083055" lbTx="0.71208393" tId="4" fbRx="0.712083055" lbRx="0.71208393" />
<p fId="3" fbTx="0.712182096" lbTx="0.71218218" tId="0" fbRx="0.722182096" lbRx="0.72218218" />
<p fId="0" fbTx="0.71218218" lbTx="0.712183055" tId="1" fbRx="0.71218218" lbRx="0.712183055" />
<p fId="1" fbTx="0.712183055" lbTx="0.71218393" tId="4" fbRx="0.712183055" lbRx="0.71218393" />
<pr uId="690" fId="4" fbTx="0.712214286" />
<wpr uId="690" tId="5" fbRx="0.712214286" lbRx="0" />
<wpr uId="690" tId="6" fbRx="0.712214286" lbRx="0" />
<p fId="3" fbTx="0.712282096" lbTx="0.71228218" tId="0" fbRx="0.722282096" lbRx="0.72228218" />
<p fId="0" fbTx="0.71228218" lbTx="0.712283055" tId="1" fbRx="0.71228218" lbRx="0.712283055" />
<p fId="1" fbTx="0.712283055" lbTx="0.71228393" tId="4" fbRx="0.712283055" lbRx="0.71228393" />
<p fId="3" fbTx="0.712382096" lbTx="0.71238218" tId="0" fbRx="0.722382096" lbRx="0.72238218" />
<p fId="0" fbTx="0.71238218" lbTx="0.712383055" tId="1" fbRx="0.71238218" lbRx="0.712383055" />
<p fId="1" fbTx="0.712383055" lbTx="0.71238393" tId="4" fbRx="0.712383055" lbRx="0.71238393" />
<p fId="3" fbTx="0.712482096" lbTx="0.71248218" tId="0" fbRx="0.722482096" lbRx="0.72248218" />
<p fId="0" fbTx="0.71248218" lbTx="0.712483055" tId="1" fbRx="0.71248218" lbRx="0.712483055" />
<p fId="1" fbTx="0.712483055" lbTx="0.71248393" tId="4" fbRx="0.712483055" lbRx="0.71248393" />
<p fId="3" fbTx="0.712582096" lbTx="0.71258218" tId="0" fbRx="0.722582096" lbRx="0.72258218" />
<p fId="0" fbTx="0.71258218" lbTx="0.712583055" tId="1" fbRx="0.71258218" lbRx="0.712583055" />
<p fId="1" fbTx="0.712583055" lbTx="0.71258393" tId="4" fbRx="0.712583055" lbRx="0.71258393" />
<p fId="3" fbTx="0.712682096" lbTx="0.71268218" tId="0" fbRx="0.722682096" lbRx="0.72268218" />
<p fId="0" fbTx="0.71268218" lbTx="0.712683055" tId="1" fbRx="0.71268218" lbRx="0.712683055" />
<p fId="1" fbTx="0.712683055" lbTx="0.71268393" tId="4" fbRx="0.712683055" lbRx="0.71268393" />
<p fId="3" fbTx="0.712782096" lbTx="0.71278218" tId="0" fbRx="0.722782096" lbRx="0.72278218" />
<p fId="0" fbTx="0.71278218" lbTx="0.712783055" tId="1" fbRx="0.71278218" lbRx="0.712783055" />
<p fId="1" fbTx="0.712783055" lbTx="0.71278393" tId="4" fbRx="0.712783055" lbRx="0.71278393" />
<p fId="3" fbTx="0.712882096" lbTx="0.71288218" tId="0" fbRx="0.722882096" lbRx="0.72288218" />
<p fId="0" fbTx="0.71288218" lbTx="0.712883055" tId="1" fbRx="0.71288218" lbRx="0.712883055" />
<p fId="1" fbTx="0.712883055" lbTx="0.71288393" tId="4" fbRx="0.712883055" lbRx="0.71288393" />
<p fId="3" fbTx="0.712982096" lbTx="0.71298218" tId="0" fbRx="0.722982096" lbRx="0.72298218" />
<p fId="0" fbTx="0.71298218" lbTx="0.712983055" tId="1" fbRx="0.71298218" lbRx="0.712983055" />
<p fId="1" fbTx="0.712983055" lbTx="0.71298393" tId="4" fbRx="0.712983055" lbRx="0.71298393" />
<p fId="3" fbTx="0.713082096" lbTx="0.71308218" tId="0" fbRx="0.723082096" lbRx="0.72308218" />
<p fId="0" fbTx="0.71308218" lbTx="0.713083055" tId="1" fbRx="0.71308218" lbRx="0.713083055" />
<p fId="1" fbTx="0.713083055" lbTx="0.71308393" tId="4" fbRx="0.713083055" lbRx="0.71308393" />
<p fId="3" fbTx="0.713182096" lbTx="0.71318218" tId="0" fbRx="0.723182096" lbRx="0.72318218" />
<p fId="0" fbTx="0.71318218" lbTx="0.713183055" tId="1" fbRx="0.71318218" lbRx="0.713183055" />
<p fId="1" fbTx="0.713183055" lbTx="0.71318393" tId="4" fbRx="0.713183055" lbRx="0.71318393" />
<pr uId="691" fId="4" fbTx="0.713214286" />
<wpr uId="691" tId="5" fbRx="0.713214286" lbRx="0" />
<wpr uId="691" tId="6" fbRx="0.713214286" lbRx="0" />
<p fId="3" fbTx="0.713282096" lbTx="0.71328218" tId="0" fbRx="0.723282096" lbRx="0.72328218" />
<p fId="0" fbTx="0.71328218" lbTx="0.713283055" tId="1" fbRx="0.71328218" lbRx="0.713283055" />
<p fId="1" fbTx="0.713283055" lbTx="0.71328393" tId="4" fbRx="0.713283055" lbRx="0.71328393" />
<p fId="3" fbTx="0.713382096" lbTx="0.71338218" tId="0" fbRx="0.723382096" lbRx="0.72338218" />
<p fId="0" fbTx="0.71338218" lbTx="0.713383055" tId="1" fbRx="0.71338218" lbRx="0.713383055" />
<p fId="1" fbTx="0.713383055" lbTx="0.71338393" tId="4" fbRx="0.713383055" lbRx="0.71338393" />
<p fId="3" fbTx="0.713482096" lbTx="0.71348218" tId="0" fbRx="0.723482096" lbRx="0.72348218" />
<p fId="0" fbTx="0.71348218" lbTx="0.713483055" tId="1" fbRx="0.71348218" lbRx="0.713483055" />
<p fId="1" fbTx="0.713483055" lbTx="0.71348393" tId="4" fbRx="0.713483055" lbRx="0.71348393" />
<p fId="3" fbTx="0.713582096" lbTx="0.71358218" tId="0" fbRx="0.723582096" lbRx="0.72358218" />
<p fId="0" fbTx="0.71358218" lbTx="0.713583055" tId="1" fbRx="0.71358218" lbRx="0.713583055" />
<p fId="1" fbTx="0.713583055" lbTx="0.71358393" tId="4" fbRx="0.713583055" lbRx="0.71358393" />
<p fId="3" fbTx="0.713682096" lbTx="0.71368218" tId="0" fbRx="0.723682096" lbRx="0.72368218" />
<p fId="0" fbTx="0.71368218" lbTx="0.713683055" tId="1" fbRx="0.71368218" lbRx="0.713683055" />
<p fId="1" fbTx="0.713683055" lbTx="0.71368393" tId="4" fbRx="0.713683055" lbRx="0.71368393" />
<p fId="3" fbTx="0.713782096" lbTx="0.71378218" tId="0" fbRx="0.723782096" lbRx="0.72378218" />
<p fId="0" fbTx="0.71378218" lbTx="0.713783055" tId="1" fbRx="0.71378218" lbRx="0.713783055" />
<p fId="1" fbTx="0.713783055" lbTx="0.71378393" tId="4" fbRx="0.713783055" lbRx="0.71378393" />
<p fId="3" fbTx="0.713882096" lbTx="0.71388218" tId="0" fbRx="0.723882096" lbRx="0.72388218" />
<p fId="0" fbTx="0.71388218" lbTx="0.713883055" tId="1" fbRx="0.71388218" lbRx="0.713883055" />
<p fId="1" fbTx="0.713883055" lbTx="0.71388393" tId="4" fbRx="0.713883055" lbRx="0.71388393" />
<p fId="3" fbTx="0.713982096" lbTx="0.71398218" tId="0" fbRx="0.723982096" lbRx="0.72398218" />
<p fId="0" fbTx="0.71398218" lbTx="0.713983055" tId="1" fbRx="0.71398218" lbRx="0.713983055" />
<p fId="1" fbTx="0.713983055" lbTx="0.71398393" tId="4" fbRx="0.713983055" lbRx="0.71398393" />
<p fId="3" fbTx="0.714082096" lbTx="0.71408218" tId="0" fbRx="0.724082096" lbRx="0.72408218" />
<p fId="0" fbTx="0.71408218" lbTx="0.714083055" tId="1" fbRx="0.71408218" lbRx="0.714083055" />
<p fId="1" fbTx="0.714083055" lbTx="0.71408393" tId="4" fbRx="0.714083055" lbRx="0.71408393" />
<p fId="3" fbTx="0.714182096" lbTx="0.71418218" tId="0" fbRx="0.724182096" lbRx="0.72418218" />
<p fId="0" fbTx="0.71418218" lbTx="0.714183055" tId="1" fbRx="0.71418218" lbRx="0.714183055" />
<p fId="1" fbTx="0.714183055" lbTx="0.71418393" tId="4" fbRx="0.714183055" lbRx="0.71418393" />
<pr uId="692" fId="4" fbTx="0.714214286" />
<wpr uId="692" tId="5" fbRx="0.714214286" lbRx="0" />
<wpr uId="692" tId="6" fbRx="0.714214286" lbRx="0" />
<p fId="3" fbTx="0.714282096" lbTx="0.71428218" tId="0" fbRx="0.724282096" lbRx="0.72428218" />
<p fId="0" fbTx="0.71428218" lbTx="0.714283055" tId="1" fbRx="0.71428218" lbRx="0.714283055" />
<p fId="1" fbTx="0.714283055" lbTx="0.71428393" tId="4" fbRx="0.714283055" lbRx="0.71428393" />
<p fId="3" fbTx="0.714382096" lbTx="0.71438218" tId="0" fbRx="0.724382096" lbRx="0.72438218" />
<p fId="0" fbTx="0.71438218" lbTx="0.714383055" tId="1" fbRx="0.71438218" lbRx="0.714383055" />
<p fId="1" fbTx="0.714383055" lbTx="0.71438393" tId="4" fbRx="0.714383055" lbRx="0.71438393" />
<p fId="3" fbTx="0.714482096" lbTx="0.71448218" tId="0" fbRx="0.724482096" lbRx="0.72448218" />
<p fId="0" fbTx="0.71448218" lbTx="0.714483055" tId="1" fbRx="0.71448218" lbRx="0.714483055" />
<p fId="1" fbTx="0.714483055" lbTx="0.71448393" tId="4" fbRx="0.714483055" lbRx="0.71448393" />
<p fId="3" fbTx="0.714582096" lbTx="0.71458218" tId="0" fbRx="0.724582096" lbRx="0.72458218" />
<p fId="0" fbTx="0.71458218" lbTx="0.714583055" tId="1" fbRx="0.71458218" lbRx="0.714583055" />
<p fId="1" fbTx="0.714583055" lbTx="0.71458393" tId="4" fbRx="0.714583055" lbRx="0.71458393" />
<p fId="3" fbTx="0.714682096" lbTx="0.71468218" tId="0" fbRx="0.724682096" lbRx="0.72468218" />
<p fId="0" fbTx="0.71468218" lbTx="0.714683055" tId="1" fbRx="0.71468218" lbRx="0.714683055" />
<p fId="1" fbTx="0.714683055" lbTx="0.71468393" tId="4" fbRx="0.714683055" lbRx="0.71468393" />
<p fId="3" fbTx="0.714782096" lbTx="0.71478218" tId="0" fbRx="0.724782096" lbRx="0.72478218" />
<p fId="0" fbTx="0.71478218" lbTx="0.714783055" tId="1" fbRx="0.71478218" lbRx="0.714783055" />
<p fId="1" fbTx="0.714783055" lbTx="0.71478393" tId="4" fbRx="0.714783055" lbRx="0.71478393" />
<p fId="3" fbTx="0.714882096" lbTx="0.71488218" tId="0" fbRx="0.724882096" lbRx="0.72488218" />
<p fId="0" fbTx="0.71488218" lbTx="0.714883055" tId="1" fbRx="0.71488218" lbRx="0.714883055" />
<p fId="1" fbTx="0.714883055" lbTx="0.71488393" tId="4" fbRx="0.714883055" lbRx="0.71488393" />
<p fId="3" fbTx="0.714982096" lbTx="0.71498218" tId="0" fbRx="0.724982096" lbRx="0.72498218" />
<p fId="0" fbTx="0.71498218" lbTx="0.714983055" tId="1" fbRx="0.71498218" lbRx="0.714983055" />
<p fId="1" fbTx="0.714983055" lbTx="0.71498393" tId="4" fbRx="0.714983055" lbRx="0.71498393" />
<p fId="3" fbTx="0.715082096" lbTx="0.71508218" tId="0" fbRx="0.725082096" lbRx="0.72508218" />
<p fId="0" fbTx="0.71508218" lbTx="0.715083055" tId="1" fbRx="0.71508218" lbRx="0.715083055" />
<p fId="1" fbTx="0.715083055" lbTx="0.71508393" tId="4" fbRx="0.715083055" lbRx="0.71508393" />
<p fId="3" fbTx="0.715182096" lbTx="0.71518218" tId="0" fbRx="0.725182096" lbRx="0.72518218" />
<p fId="0" fbTx="0.71518218" lbTx="0.715183055" tId="1" fbRx="0.71518218" lbRx="0.715183055" />
<p fId="1" fbTx="0.715183055" lbTx="0.71518393" tId="4" fbRx="0.715183055" lbRx="0.71518393" />
<pr uId="693" fId="4" fbTx="0.715214286" />
<wpr uId="693" tId="5" fbRx="0.715214286" lbRx="0" />
<wpr uId="693" tId="6" fbRx="0.715214286" lbRx="0" />
<p fId="3" fbTx="0.715282096" lbTx="0.71528218" tId="0" fbRx="0.725282096" lbRx="0.72528218" />
<p fId="0" fbTx="0.71528218" lbTx="0.715283055" tId="1" fbRx="0.71528218" lbRx="0.715283055" />
<p fId="1" fbTx="0.715283055" lbTx="0.71528393" tId="4" fbRx="0.715283055" lbRx="0.71528393" />
<p fId="3" fbTx="0.715382096" lbTx="0.71538218" tId="0" fbRx="0.725382096" lbRx="0.72538218" />
<p fId="0" fbTx="0.71538218" lbTx="0.715383055" tId="1" fbRx="0.71538218" lbRx="0.715383055" />
<p fId="1" fbTx="0.715383055" lbTx="0.71538393" tId="4" fbRx="0.715383055" lbRx="0.71538393" />
<p fId="3" fbTx="0.715482096" lbTx="0.71548218" tId="0" fbRx="0.725482096" lbRx="0.72548218" />
<p fId="0" fbTx="0.71548218" lbTx="0.715483055" tId="1" fbRx="0.71548218" lbRx="0.715483055" />
<p fId="1" fbTx="0.715483055" lbTx="0.71548393" tId="4" fbRx="0.715483055" lbRx="0.71548393" />
<p fId="3" fbTx="0.715582096" lbTx="0.71558218" tId="0" fbRx="0.725582096" lbRx="0.72558218" />
<p fId="0" fbTx="0.71558218" lbTx="0.715583055" tId="1" fbRx="0.71558218" lbRx="0.715583055" />
<p fId="1" fbTx="0.715583055" lbTx="0.71558393" tId="4" fbRx="0.715583055" lbRx="0.71558393" />
<p fId="3" fbTx="0.715682096" lbTx="0.71568218" tId="0" fbRx="0.725682096" lbRx="0.72568218" />
<p fId="0" fbTx="0.71568218" lbTx="0.715683055" tId="1" fbRx="0.71568218" lbRx="0.715683055" />
<p fId="1" fbTx="0.715683055" lbTx="0.71568393" tId="4" fbRx="0.715683055" lbRx="0.71568393" />
<p fId="3" fbTx="0.715782096" lbTx="0.71578218" tId="0" fbRx="0.725782096" lbRx="0.72578218" />
<p fId="0" fbTx="0.71578218" lbTx="0.715783055" tId="1" fbRx="0.71578218" lbRx="0.715783055" />
<p fId="1" fbTx="0.715783055" lbTx="0.71578393" tId="4" fbRx="0.715783055" lbRx="0.71578393" />
<p fId="3" fbTx="0.715882096" lbTx="0.71588218" tId="0" fbRx="0.725882096" lbRx="0.72588218" />
<p fId="0" fbTx="0.71588218" lbTx="0.715883055" tId="1" fbRx="0.71588218" lbRx="0.715883055" />
<p fId="1" fbTx="0.715883055" lbTx="0.71588393" tId="4" fbRx="0.715883055" lbRx="0.71588393" />
<p fId="3" fbTx="0.715982096" lbTx="0.71598218" tId="0" fbRx="0.725982096" lbRx="0.72598218" />
<p fId="0" fbTx="0.71598218" lbTx="0.715983055" tId="1" fbRx="0.71598218" lbRx="0.715983055" />
<p fId="1" fbTx="0.715983055" lbTx="0.71598393" tId="4" fbRx="0.715983055" lbRx="0.71598393" />
<p fId="3" fbTx="0.716082096" lbTx="0.71608218" tId="0" fbRx="0.726082096" lbRx="0.72608218" />
<p fId="0" fbTx="0.71608218" lbTx="0.716083055" tId="1" fbRx="0.71608218" lbRx="0.716083055" />
<p fId="1" fbTx="0.716083055" lbTx="0.71608393" tId="4" fbRx="0.716083055" lbRx="0.71608393" />
<p fId="3" fbTx="0.716182096" lbTx="0.71618218" tId="0" fbRx="0.726182096" lbRx="0.72618218" />
<p fId="0" fbTx="0.71618218" lbTx="0.716183055" tId="1" fbRx="0.71618218" lbRx="0.716183055" />
<p fId="1" fbTx="0.716183055" lbTx="0.71618393" tId="4" fbRx="0.716183055" lbRx="0.71618393" />
<pr uId="694" fId="4" fbTx="0.716214286" />
<wpr uId="694" tId="5" fbRx="0.716214286" lbRx="0" />
<wpr uId="694" tId="6" fbRx="0.716214286" lbRx="0" />
<p fId="3" fbTx="0.716282096" lbTx="0.71628218" tId="0" fbRx="0.726282096" lbRx="0.72628218" />
<p fId="0" fbTx="0.71628218" lbTx="0.716283055" tId="1" fbRx="0.71628218" lbRx="0.716283055" />
<p fId="1" fbTx="0.716283055" lbTx="0.71628393" tId="4" fbRx="0.716283055" lbRx="0.71628393" />
<p fId="3" fbTx="0.716382096" lbTx="0.71638218" tId="0" fbRx="0.726382096" lbRx="0.72638218" />
<p fId="0" fbTx="0.71638218" lbTx="0.716383055" tId="1" fbRx="0.71638218" lbRx="0.716383055" />
<p fId="1" fbTx="0.716383055" lbTx="0.71638393" tId="4" fbRx="0.716383055" lbRx="0.71638393" />
<p fId="3" fbTx="0.716482096" lbTx="0.71648218" tId="0" fbRx="0.726482096" lbRx="0.72648218" />
<p fId="0" fbTx="0.71648218" lbTx="0.716483055" tId="1" fbRx="0.71648218" lbRx="0.716483055" />
<p fId="1" fbTx="0.716483055" lbTx="0.71648393" tId="4" fbRx="0.716483055" lbRx="0.71648393" />
<p fId="3" fbTx="0.716582096" lbTx="0.71658218" tId="0" fbRx="0.726582096" lbRx="0.72658218" />
<p fId="0" fbTx="0.71658218" lbTx="0.716583055" tId="1" fbRx="0.71658218" lbRx="0.716583055" />
<p fId="1" fbTx="0.716583055" lbTx="0.71658393" tId="4" fbRx="0.716583055" lbRx="0.71658393" />
<p fId="3" fbTx="0.716682096" lbTx="0.71668218" tId="0" fbRx="0.726682096" lbRx="0.72668218" />
<p fId="0" fbTx="0.71668218" lbTx="0.716683055" tId="1" fbRx="0.71668218" lbRx="0.716683055" />
<p fId="1" fbTx="0.716683055" lbTx="0.71668393" tId="4" fbRx="0.716683055" lbRx="0.71668393" />
<p fId="3" fbTx="0.716782096" lbTx="0.71678218" tId="0" fbRx="0.726782096" lbRx="0.72678218" />
<p fId="0" fbTx="0.71678218" lbTx="0.716783055" tId="1" fbRx="0.71678218" lbRx="0.716783055" />
<p fId="1" fbTx="0.716783055" lbTx="0.71678393" tId="4" fbRx="0.716783055" lbRx="0.71678393" />
<p fId="3" fbTx="0.716882096" lbTx="0.71688218" tId="0" fbRx="0.726882096" lbRx="0.72688218" />
<p fId="0" fbTx="0.71688218" lbTx="0.716883055" tId="1" fbRx="0.71688218" lbRx="0.716883055" />
<p fId="1" fbTx="0.716883055" lbTx="0.71688393" tId="4" fbRx="0.716883055" lbRx="0.71688393" />
<p fId="3" fbTx="0.716982096" lbTx="0.71698218" tId="0" fbRx="0.726982096" lbRx="0.72698218" />
<p fId="0" fbTx="0.71698218" lbTx="0.716983055" tId="1" fbRx="0.71698218" lbRx="0.716983055" />
<p fId="1" fbTx="0.716983055" lbTx="0.71698393" tId="4" fbRx="0.716983055" lbRx="0.71698393" />
<p fId="3" fbTx="0.717082096" lbTx="0.71708218" tId="0" fbRx="0.727082096" lbRx="0.72708218" />
<p fId="0" fbTx="0.71708218" lbTx="0.717083055" tId="1" fbRx="0.71708218" lbRx="0.717083055" />
<p fId="1" fbTx="0.717083055" lbTx="0.71708393" tId="4" fbRx="0.717083055" lbRx="0.71708393" />
<p fId="3" fbTx="0.717182096" lbTx="0.71718218" tId="0" fbRx="0.727182096" lbRx="0.72718218" />
<p fId="0" fbTx="0.71718218" lbTx="0.717183055" tId="1" fbRx="0.71718218" lbRx="0.717183055" />
<p fId="1" fbTx="0.717183055" lbTx="0.71718393" tId="4" fbRx="0.717183055" lbRx="0.71718393" />
<pr uId="695" fId="4" fbTx="0.717214286" />
<wpr uId="695" tId="5" fbRx="0.717214286" lbRx="0" />
<wpr uId="695" tId="6" fbRx="0.717214286" lbRx="0" />
<p fId="3" fbTx="0.717282096" lbTx="0.71728218" tId="0" fbRx="0.727282096" lbRx="0.72728218" />
<p fId="0" fbTx="0.71728218" lbTx="0.717283055" tId="1" fbRx="0.71728218" lbRx="0.717283055" />
<p fId="1" fbTx="0.717283055" lbTx="0.71728393" tId="4" fbRx="0.717283055" lbRx="0.71728393" />
<p fId="3" fbTx="0.717382096" lbTx="0.71738218" tId="0" fbRx="0.727382096" lbRx="0.72738218" />
<p fId="0" fbTx="0.71738218" lbTx="0.717383055" tId="1" fbRx="0.71738218" lbRx="0.717383055" />
<p fId="1" fbTx="0.717383055" lbTx="0.71738393" tId="4" fbRx="0.717383055" lbRx="0.71738393" />
<p fId="3" fbTx="0.717482096" lbTx="0.71748218" tId="0" fbRx="0.727482096" lbRx="0.72748218" />
<p fId="0" fbTx="0.71748218" lbTx="0.717483055" tId="1" fbRx="0.71748218" lbRx="0.717483055" />
<p fId="1" fbTx="0.717483055" lbTx="0.71748393" tId="4" fbRx="0.717483055" lbRx="0.71748393" />
<p fId="3" fbTx="0.717582096" lbTx="0.71758218" tId="0" fbRx="0.727582096" lbRx="0.72758218" />
<p fId="0" fbTx="0.71758218" lbTx="0.717583055" tId="1" fbRx="0.71758218" lbRx="0.717583055" />
<p fId="1" fbTx="0.717583055" lbTx="0.71758393" tId="4" fbRx="0.717583055" lbRx="0.71758393" />
<p fId="3" fbTx="0.717682096" lbTx="0.71768218" tId="0" fbRx="0.727682096" lbRx="0.72768218" />
<p fId="0" fbTx="0.71768218" lbTx="0.717683055" tId="1" fbRx="0.71768218" lbRx="0.717683055" />
<p fId="1" fbTx="0.717683055" lbTx="0.71768393" tId="4" fbRx="0.717683055" lbRx="0.71768393" />
<p fId="3" fbTx="0.717782096" lbTx="0.71778218" tId="0" fbRx="0.727782096" lbRx="0.72778218" />
<p fId="0" fbTx="0.71778218" lbTx="0.717783055" tId="1" fbRx="0.71778218" lbRx="0.717783055" />
<p fId="1" fbTx="0.717783055" lbTx="0.71778393" tId="4" fbRx="0.717783055" lbRx="0.71778393" />
<p fId="3" fbTx="0.717882096" lbTx="0.71788218" tId="0" fbRx="0.727882096" lbRx="0.72788218" />
<p fId="0" fbTx="0.71788218" lbTx="0.717883055" tId="1" fbRx="0.71788218" lbRx="0.717883055" />
<p fId="1" fbTx="0.717883055" lbTx="0.71788393" tId="4" fbRx="0.717883055" lbRx="0.71788393" />
<p fId="3" fbTx="0.717982096" lbTx="0.71798218" tId="0" fbRx="0.727982096" lbRx="0.72798218" />
<p fId="0" fbTx="0.71798218" lbTx="0.717983055" tId="1" fbRx="0.71798218" lbRx="0.717983055" />
<p fId="1" fbTx="0.717983055" lbTx="0.71798393" tId="4" fbRx="0.717983055" lbRx="0.71798393" />
<p fId="3" fbTx="0.718082096" lbTx="0.71808218" tId="0" fbRx="0.728082096" lbRx="0.72808218" />
<p fId="0" fbTx="0.71808218" lbTx="0.718083055" tId="1" fbRx="0.71808218" lbRx="0.718083055" />
<p fId="1" fbTx="0.718083055" lbTx="0.71808393" tId="4" fbRx="0.718083055" lbRx="0.71808393" />
<p fId="3" fbTx="0.718182096" lbTx="0.71818218" tId="0" fbRx="0.728182096" lbRx="0.72818218" />
<p fId="0" fbTx="0.71818218" lbTx="0.718183055" tId="1" fbRx="0.71818218" lbRx="0.718183055" />
<p fId="1" fbTx="0.718183055" lbTx="0.71818393" tId="4" fbRx="0.718183055" lbRx="0.71818393" />
<pr uId="696" fId="4" fbTx="0.718214286" />
<wpr uId="696" tId="5" fbRx="0.718214286" lbRx="0" />
<wpr uId="696" tId="6" fbRx="0.718214286" lbRx="0" />
<p fId="3" fbTx="0.718282096" lbTx="0.71828218" tId="0" fbRx="0.728282096" lbRx="0.72828218" />
<p fId="0" fbTx="0.71828218" lbTx="0.718283055" tId="1" fbRx="0.71828218" lbRx="0.718283055" />
<p fId="1" fbTx="0.718283055" lbTx="0.71828393" tId="4" fbRx="0.718283055" lbRx="0.71828393" />
<p fId="3" fbTx="0.718382096" lbTx="0.71838218" tId="0" fbRx="0.728382096" lbRx="0.72838218" />
<p fId="0" fbTx="0.71838218" lbTx="0.718383055" tId="1" fbRx="0.71838218" lbRx="0.718383055" />
<p fId="1" fbTx="0.718383055" lbTx="0.71838393" tId="4" fbRx="0.718383055" lbRx="0.71838393" />
<p fId="3" fbTx="0.718482096" lbTx="0.71848218" tId="0" fbRx="0.728482096" lbRx="0.72848218" />
<p fId="0" fbTx="0.71848218" lbTx="0.718483055" tId="1" fbRx="0.71848218" lbRx="0.718483055" />
<p fId="1" fbTx="0.718483055" lbTx="0.71848393" tId="4" fbRx="0.718483055" lbRx="0.71848393" />
<p fId="3" fbTx="0.718582096" lbTx="0.71858218" tId="0" fbRx="0.728582096" lbRx="0.72858218" />
<p fId="0" fbTx="0.71858218" lbTx="0.718583055" tId="1" fbRx="0.71858218" lbRx="0.718583055" />
<p fId="1" fbTx="0.718583055" lbTx="0.71858393" tId="4" fbRx="0.718583055" lbRx="0.71858393" />
<p fId="3" fbTx="0.718682096" lbTx="0.71868218" tId="0" fbRx="0.728682096" lbRx="0.72868218" />
<p fId="0" fbTx="0.71868218" lbTx="0.718683055" tId="1" fbRx="0.71868218" lbRx="0.718683055" />
<p fId="1" fbTx="0.718683055" lbTx="0.71868393" tId="4" fbRx="0.718683055" lbRx="0.71868393" />
<p fId="3" fbTx="0.718782096" lbTx="0.71878218" tId="0" fbRx="0.728782096" lbRx="0.72878218" />
<p fId="0" fbTx="0.71878218" lbTx="0.718783055" tId="1" fbRx="0.71878218" lbRx="0.718783055" />
<p fId="1" fbTx="0.718783055" lbTx="0.71878393" tId="4" fbRx="0.718783055" lbRx="0.71878393" />
<p fId="3" fbTx="0.718882096" lbTx="0.71888218" tId="0" fbRx="0.728882096" lbRx="0.72888218" />
<p fId="0" fbTx="0.71888218" lbTx="0.718883055" tId="1" fbRx="0.71888218" lbRx="0.718883055" />
<p fId="1" fbTx="0.718883055" lbTx="0.71888393" tId="4" fbRx="0.718883055" lbRx="0.71888393" />
<p fId="3" fbTx="0.718982096" lbTx="0.71898218" tId="0" fbRx="0.728982096" lbRx="0.72898218" />
<p fId="0" fbTx="0.71898218" lbTx="0.718983055" tId="1" fbRx="0.71898218" lbRx="0.718983055" />
<p fId="1" fbTx="0.718983055" lbTx="0.71898393" tId="4" fbRx="0.718983055" lbRx="0.71898393" />
<p fId="3" fbTx="0.719082096" lbTx="0.71908218" tId="0" fbRx="0.729082096" lbRx="0.72908218" />
<p fId="0" fbTx="0.71908218" lbTx="0.719083055" tId="1" fbRx="0.71908218" lbRx="0.719083055" />
<p fId="1" fbTx="0.719083055" lbTx="0.71908393" tId="4" fbRx="0.719083055" lbRx="0.71908393" />
<p fId="3" fbTx="0.719182096" lbTx="0.71918218" tId="0" fbRx="0.729182096" lbRx="0.72918218" />
<p fId="0" fbTx="0.71918218" lbTx="0.719183055" tId="1" fbRx="0.71918218" lbRx="0.719183055" />
<p fId="1" fbTx="0.719183055" lbTx="0.71918393" tId="4" fbRx="0.719183055" lbRx="0.71918393" />
<pr uId="697" fId="4" fbTx="0.719214286" />
<wpr uId="697" tId="5" fbRx="0.719214286" lbRx="0" />
<wpr uId="697" tId="6" fbRx="0.719214286" lbRx="0" />
<p fId="3" fbTx="0.719282096" lbTx="0.71928218" tId="0" fbRx="0.729282096" lbRx="0.72928218" />
<p fId="0" fbTx="0.71928218" lbTx="0.719283055" tId="1" fbRx="0.71928218" lbRx="0.719283055" />
<p fId="1" fbTx="0.719283055" lbTx="0.71928393" tId="4" fbRx="0.719283055" lbRx="0.71928393" />
<p fId="3" fbTx="0.719382096" lbTx="0.71938218" tId="0" fbRx="0.729382096" lbRx="0.72938218" />
<p fId="0" fbTx="0.71938218" lbTx="0.719383055" tId="1" fbRx="0.71938218" lbRx="0.719383055" />
<p fId="1" fbTx="0.719383055" lbTx="0.71938393" tId="4" fbRx="0.719383055" lbRx="0.71938393" />
<p fId="3" fbTx="0.719482096" lbTx="0.71948218" tId="0" fbRx="0.729482096" lbRx="0.72948218" />
<p fId="0" fbTx="0.71948218" lbTx="0.719483055" tId="1" fbRx="0.71948218" lbRx="0.719483055" />
<p fId="1" fbTx="0.719483055" lbTx="0.71948393" tId="4" fbRx="0.719483055" lbRx="0.71948393" />
<p fId="3" fbTx="0.719582096" lbTx="0.71958218" tId="0" fbRx="0.729582096" lbRx="0.72958218" />
<p fId="0" fbTx="0.71958218" lbTx="0.719583055" tId="1" fbRx="0.71958218" lbRx="0.719583055" />
<p fId="1" fbTx="0.719583055" lbTx="0.71958393" tId="4" fbRx="0.719583055" lbRx="0.71958393" />
<p fId="3" fbTx="0.719682096" lbTx="0.71968218" tId="0" fbRx="0.729682096" lbRx="0.72968218" />
<p fId="0" fbTx="0.71968218" lbTx="0.719683055" tId="1" fbRx="0.71968218" lbRx="0.719683055" />
<p fId="1" fbTx="0.719683055" lbTx="0.71968393" tId="4" fbRx="0.719683055" lbRx="0.71968393" />
<p fId="3" fbTx="0.719782096" lbTx="0.71978218" tId="0" fbRx="0.729782096" lbRx="0.72978218" />
<p fId="0" fbTx="0.71978218" lbTx="0.719783055" tId="1" fbRx="0.71978218" lbRx="0.719783055" />
<p fId="1" fbTx="0.719783055" lbTx="0.71978393" tId="4" fbRx="0.719783055" lbRx="0.71978393" />
<p fId="3" fbTx="0.719882096" lbTx="0.71988218" tId="0" fbRx="0.729882096" lbRx="0.72988218" />
<p fId="0" fbTx="0.71988218" lbTx="0.719883055" tId="1" fbRx="0.71988218" lbRx="0.719883055" />
<p fId="1" fbTx="0.719883055" lbTx="0.71988393" tId="4" fbRx="0.719883055" lbRx="0.71988393" />
<p fId="3" fbTx="0.719982096" lbTx="0.71998218" tId="0" fbRx="0.729982096" lbRx="0.72998218" />
<p fId="0" fbTx="0.71998218" lbTx="0.719983055" tId="1" fbRx="0.71998218" lbRx="0.719983055" />
<p fId="1" fbTx="0.719983055" lbTx="0.71998393" tId="4" fbRx="0.719983055" lbRx="0.71998393" />
<p fId="3" fbTx="0.720082096" lbTx="0.72008218" tId="0" fbRx="0.730082096" lbRx="0.73008218" />
<p fId="0" fbTx="0.72008218" lbTx="0.720083055" tId="1" fbRx="0.72008218" lbRx="0.720083055" />
<p fId="1" fbTx="0.720083055" lbTx="0.72008393" tId="4" fbRx="0.720083055" lbRx="0.72008393" />
<p fId="3" fbTx="0.720182096" lbTx="0.72018218" tId="0" fbRx="0.730182096" lbRx="0.73018218" />
<p fId="0" fbTx="0.72018218" lbTx="0.720183055" tId="1" fbRx="0.72018218" lbRx="0.720183055" />
<p fId="1" fbTx="0.720183055" lbTx="0.72018393" tId="4" fbRx="0.720183055" lbRx="0.72018393" />
<pr uId="698" fId="4" fbTx="0.720214286" />
<wpr uId="698" tId="5" fbRx="0.720214286" lbRx="0" />
<wpr uId="698" tId="6" fbRx="0.720214286" lbRx="0" />
<p fId="3" fbTx="0.720282096" lbTx="0.72028218" tId="0" fbRx="0.730282096" lbRx="0.73028218" />
<p fId="0" fbTx="0.72028218" lbTx="0.720283055" tId="1" fbRx="0.72028218" lbRx="0.720283055" />
<p fId="1" fbTx="0.720283055" lbTx="0.72028393" tId="4" fbRx="0.720283055" lbRx="0.72028393" />
<p fId="3" fbTx="0.720382096" lbTx="0.72038218" tId="0" fbRx="0.730382096" lbRx="0.73038218" />
<p fId="0" fbTx="0.72038218" lbTx="0.720383055" tId="1" fbRx="0.72038218" lbRx="0.720383055" />
<p fId="1" fbTx="0.720383055" lbTx="0.72038393" tId="4" fbRx="0.720383055" lbRx="0.72038393" />
<p fId="3" fbTx="0.720482096" lbTx="0.72048218" tId="0" fbRx="0.730482096" lbRx="0.73048218" />
<p fId="0" fbTx="0.72048218" lbTx="0.720483055" tId="1" fbRx="0.72048218" lbRx="0.720483055" />
<p fId="1" fbTx="0.720483055" lbTx="0.72048393" tId="4" fbRx="0.720483055" lbRx="0.72048393" />
<p fId="3" fbTx="0.720582096" lbTx="0.72058218" tId="0" fbRx="0.730582096" lbRx="0.73058218" />
<p fId="0" fbTx="0.72058218" lbTx="0.720583055" tId="1" fbRx="0.72058218" lbRx="0.720583055" />
<p fId="1" fbTx="0.720583055" lbTx="0.72058393" tId="4" fbRx="0.720583055" lbRx="0.72058393" />
<p fId="3" fbTx="0.720682096" lbTx="0.72068218" tId="0" fbRx="0.730682096" lbRx="0.73068218" />
<p fId="0" fbTx="0.72068218" lbTx="0.720683055" tId="1" fbRx="0.72068218" lbRx="0.720683055" />
<p fId="1" fbTx="0.720683055" lbTx="0.72068393" tId="4" fbRx="0.720683055" lbRx="0.72068393" />
<p fId="3" fbTx="0.720782096" lbTx="0.72078218" tId="0" fbRx="0.730782096" lbRx="0.73078218" />
<p fId="0" fbTx="0.72078218" lbTx="0.720783055" tId="1" fbRx="0.72078218" lbRx="0.720783055" />
<p fId="1" fbTx="0.720783055" lbTx="0.72078393" tId="4" fbRx="0.720783055" lbRx="0.72078393" />
<p fId="3" fbTx="0.720882096" lbTx="0.72088218" tId="0" fbRx="0.730882096" lbRx="0.73088218" />
<p fId="0" fbTx="0.72088218" lbTx="0.720883055" tId="1" fbRx="0.72088218" lbRx="0.720883055" />
<p fId="1" fbTx="0.720883055" lbTx="0.72088393" tId="4" fbRx="0.720883055" lbRx="0.72088393" />
<p fId="3" fbTx="0.720982096" lbTx="0.72098218" tId="0" fbRx="0.730982096" lbRx="0.73098218" />
<p fId="0" fbTx="0.72098218" lbTx="0.720983055" tId="1" fbRx="0.72098218" lbRx="0.720983055" />
<p fId="1" fbTx="0.720983055" lbTx="0.72098393" tId="4" fbRx="0.720983055" lbRx="0.72098393" />
<p fId="3" fbTx="0.721082096" lbTx="0.72108218" tId="0" fbRx="0.731082096" lbRx="0.73108218" />
<p fId="0" fbTx="0.72108218" lbTx="0.721083055" tId="1" fbRx="0.72108218" lbRx="0.721083055" />
<p fId="1" fbTx="0.721083055" lbTx="0.72108393" tId="4" fbRx="0.721083055" lbRx="0.72108393" />
<p fId="3" fbTx="0.721182096" lbTx="0.72118218" tId="0" fbRx="0.731182096" lbRx="0.73118218" />
<p fId="0" fbTx="0.72118218" lbTx="0.721183055" tId="1" fbRx="0.72118218" lbRx="0.721183055" />
<p fId="1" fbTx="0.721183055" lbTx="0.72118393" tId="4" fbRx="0.721183055" lbRx="0.72118393" />
<pr uId="699" fId="4" fbTx="0.721214286" />
<wpr uId="699" tId="5" fbRx="0.721214286" lbRx="0" />
<wpr uId="699" tId="6" fbRx="0.721214286" lbRx="0" />
<p fId="3" fbTx="0.721282096" lbTx="0.72128218" tId="0" fbRx="0.731282096" lbRx="0.73128218" />
<p fId="0" fbTx="0.72128218" lbTx="0.721283055" tId="1" fbRx="0.72128218" lbRx="0.721283055" />
<p fId="1" fbTx="0.721283055" lbTx="0.72128393" tId="4" fbRx="0.721283055" lbRx="0.72128393" />
<p fId="3" fbTx="0.721382096" lbTx="0.72138218" tId="0" fbRx="0.731382096" lbRx="0.73138218" />
<p fId="0" fbTx="0.72138218" lbTx="0.721383055" tId="1" fbRx="0.72138218" lbRx="0.721383055" />
<p fId="1" fbTx="0.721383055" lbTx="0.72138393" tId="4" fbRx="0.721383055" lbRx="0.72138393" />
<p fId="3" fbTx="0.721482096" lbTx="0.72148218" tId="0" fbRx="0.731482096" lbRx="0.73148218" />
<p fId="0" fbTx="0.72148218" lbTx="0.721483055" tId="1" fbRx="0.72148218" lbRx="0.721483055" />
<p fId="1" fbTx="0.721483055" lbTx="0.72148393" tId="4" fbRx="0.721483055" lbRx="0.72148393" />
<p fId="3" fbTx="0.721582096" lbTx="0.72158218" tId="0" fbRx="0.731582096" lbRx="0.73158218" />
<p fId="0" fbTx="0.72158218" lbTx="0.721583055" tId="1" fbRx="0.72158218" lbRx="0.721583055" />
<p fId="1" fbTx="0.721583055" lbTx="0.72158393" tId="4" fbRx="0.721583055" lbRx="0.72158393" />
<p fId="3" fbTx="0.721682096" lbTx="0.72168218" tId="0" fbRx="0.731682096" lbRx="0.73168218" />
<p fId="0" fbTx="0.72168218" lbTx="0.721683055" tId="1" fbRx="0.72168218" lbRx="0.721683055" />
<p fId="1" fbTx="0.721683055" lbTx="0.72168393" tId="4" fbRx="0.721683055" lbRx="0.72168393" />
<p fId="3" fbTx="0.721782096" lbTx="0.72178218" tId="0" fbRx="0.731782096" lbRx="0.73178218" />
<p fId="0" fbTx="0.72178218" lbTx="0.721783055" tId="1" fbRx="0.72178218" lbRx="0.721783055" />
<p fId="1" fbTx="0.721783055" lbTx="0.72178393" tId="4" fbRx="0.721783055" lbRx="0.72178393" />
<p fId="3" fbTx="0.721882096" lbTx="0.72188218" tId="0" fbRx="0.731882096" lbRx="0.73188218" />
<p fId="0" fbTx="0.72188218" lbTx="0.721883055" tId="1" fbRx="0.72188218" lbRx="0.721883055" />
<p fId="1" fbTx="0.721883055" lbTx="0.72188393" tId="4" fbRx="0.721883055" lbRx="0.72188393" />
<p fId="3" fbTx="0.721982096" lbTx="0.72198218" tId="0" fbRx="0.731982096" lbRx="0.73198218" />
<p fId="0" fbTx="0.72198218" lbTx="0.721983055" tId="1" fbRx="0.72198218" lbRx="0.721983055" />
<p fId="1" fbTx="0.721983055" lbTx="0.72198393" tId="4" fbRx="0.721983055" lbRx="0.72198393" />
<p fId="3" fbTx="0.722082096" lbTx="0.72208218" tId="0" fbRx="0.732082096" lbRx="0.73208218" />
<p fId="0" fbTx="0.72208218" lbTx="0.722083055" tId="1" fbRx="0.72208218" lbRx="0.722083055" />
<p fId="1" fbTx="0.722083055" lbTx="0.72208393" tId="4" fbRx="0.722083055" lbRx="0.72208393" />
<p fId="3" fbTx="0.722182096" lbTx="0.72218218" tId="0" fbRx="0.732182096" lbRx="0.73218218" />
<p fId="0" fbTx="0.72218218" lbTx="0.722183055" tId="1" fbRx="0.72218218" lbRx="0.722183055" />
<p fId="1" fbTx="0.722183055" lbTx="0.72218393" tId="4" fbRx="0.722183055" lbRx="0.72218393" />
<pr uId="700" fId="4" fbTx="0.722214286" />
<wpr uId="700" tId="5" fbRx="0.722214286" lbRx="0" />
<wpr uId="700" tId="6" fbRx="0.722214286" lbRx="0" />
<p fId="3" fbTx="0.722282096" lbTx="0.72228218" tId="0" fbRx="0.732282096" lbRx="0.73228218" />
<p fId="0" fbTx="0.72228218" lbTx="0.722283055" tId="1" fbRx="0.72228218" lbRx="0.722283055" />
<p fId="1" fbTx="0.722283055" lbTx="0.72228393" tId="4" fbRx="0.722283055" lbRx="0.72228393" />
<p fId="3" fbTx="0.722382096" lbTx="0.72238218" tId="0" fbRx="0.732382096" lbRx="0.73238218" />
<p fId="0" fbTx="0.72238218" lbTx="0.722383055" tId="1" fbRx="0.72238218" lbRx="0.722383055" />
<p fId="1" fbTx="0.722383055" lbTx="0.72238393" tId="4" fbRx="0.722383055" lbRx="0.72238393" />
<p fId="3" fbTx="0.722482096" lbTx="0.72248218" tId="0" fbRx="0.732482096" lbRx="0.73248218" />
<p fId="0" fbTx="0.72248218" lbTx="0.722483055" tId="1" fbRx="0.72248218" lbRx="0.722483055" />
<p fId="1" fbTx="0.722483055" lbTx="0.72248393" tId="4" fbRx="0.722483055" lbRx="0.72248393" />
<p fId="3" fbTx="0.722582096" lbTx="0.72258218" tId="0" fbRx="0.732582096" lbRx="0.73258218" />
<p fId="0" fbTx="0.72258218" lbTx="0.722583055" tId="1" fbRx="0.72258218" lbRx="0.722583055" />
<p fId="1" fbTx="0.722583055" lbTx="0.72258393" tId="4" fbRx="0.722583055" lbRx="0.72258393" />
<p fId="3" fbTx="0.722682096" lbTx="0.72268218" tId="0" fbRx="0.732682096" lbRx="0.73268218" />
<p fId="0" fbTx="0.72268218" lbTx="0.722683055" tId="1" fbRx="0.72268218" lbRx="0.722683055" />
<p fId="1" fbTx="0.722683055" lbTx="0.72268393" tId="4" fbRx="0.722683055" lbRx="0.72268393" />
<p fId="3" fbTx="0.722782096" lbTx="0.72278218" tId="0" fbRx="0.732782096" lbRx="0.73278218" />
<p fId="0" fbTx="0.72278218" lbTx="0.722783055" tId="1" fbRx="0.72278218" lbRx="0.722783055" />
<p fId="1" fbTx="0.722783055" lbTx="0.72278393" tId="4" fbRx="0.722783055" lbRx="0.72278393" />
<p fId="3" fbTx="0.722882096" lbTx="0.72288218" tId="0" fbRx="0.732882096" lbRx="0.73288218" />
<p fId="0" fbTx="0.72288218" lbTx="0.722883055" tId="1" fbRx="0.72288218" lbRx="0.722883055" />
<p fId="1" fbTx="0.722883055" lbTx="0.72288393" tId="4" fbRx="0.722883055" lbRx="0.72288393" />
<p fId="3" fbTx="0.722982096" lbTx="0.72298218" tId="0" fbRx="0.732982096" lbRx="0.73298218" />
<p fId="0" fbTx="0.72298218" lbTx="0.722983055" tId="1" fbRx="0.72298218" lbRx="0.722983055" />
<p fId="1" fbTx="0.722983055" lbTx="0.72298393" tId="4" fbRx="0.722983055" lbRx="0.72298393" />
<p fId="3" fbTx="0.723082096" lbTx="0.72308218" tId="0" fbRx="0.733082096" lbRx="0.73308218" />
<p fId="0" fbTx="0.72308218" lbTx="0.723083055" tId="1" fbRx="0.72308218" lbRx="0.723083055" />
<p fId="1" fbTx="0.723083055" lbTx="0.72308393" tId="4" fbRx="0.723083055" lbRx="0.72308393" />
<p fId="3" fbTx="0.723182096" lbTx="0.72318218" tId="0" fbRx="0.733182096" lbRx="0.73318218" />
<p fId="0" fbTx="0.72318218" lbTx="0.723183055" tId="1" fbRx="0.72318218" lbRx="0.723183055" />
<p fId="1" fbTx="0.723183055" lbTx="0.72318393" tId="4" fbRx="0.723183055" lbRx="0.72318393" />
<pr uId="701" fId="4" fbTx="0.723214286" />
<wpr uId="701" tId="5" fbRx="0.723214286" lbRx="0" />
<wpr uId="701" tId="6" fbRx="0.723214286" lbRx="0" />
<p fId="3" fbTx="0.723282096" lbTx="0.72328218" tId="0" fbRx="0.733282096" lbRx="0.73328218" />
<p fId="0" fbTx="0.72328218" lbTx="0.723283055" tId="1" fbRx="0.72328218" lbRx="0.723283055" />
<p fId="1" fbTx="0.723283055" lbTx="0.72328393" tId="4" fbRx="0.723283055" lbRx="0.72328393" />
<p fId="3" fbTx="0.723382096" lbTx="0.72338218" tId="0" fbRx="0.733382096" lbRx="0.73338218" />
<p fId="0" fbTx="0.72338218" lbTx="0.723383055" tId="1" fbRx="0.72338218" lbRx="0.723383055" />
<p fId="1" fbTx="0.723383055" lbTx="0.72338393" tId="4" fbRx="0.723383055" lbRx="0.72338393" />
<p fId="3" fbTx="0.723482096" lbTx="0.72348218" tId="0" fbRx="0.733482096" lbRx="0.73348218" />
<p fId="0" fbTx="0.72348218" lbTx="0.723483055" tId="1" fbRx="0.72348218" lbRx="0.723483055" />
<p fId="1" fbTx="0.723483055" lbTx="0.72348393" tId="4" fbRx="0.723483055" lbRx="0.72348393" />
<p fId="3" fbTx="0.723582096" lbTx="0.72358218" tId="0" fbRx="0.733582096" lbRx="0.73358218" />
<p fId="0" fbTx="0.72358218" lbTx="0.723583055" tId="1" fbRx="0.72358218" lbRx="0.723583055" />
<p fId="1" fbTx="0.723583055" lbTx="0.72358393" tId="4" fbRx="0.723583055" lbRx="0.72358393" />
<p fId="3" fbTx="0.723682096" lbTx="0.72368218" tId="0" fbRx="0.733682096" lbRx="0.73368218" />
<p fId="0" fbTx="0.72368218" lbTx="0.723683055" tId="1" fbRx="0.72368218" lbRx="0.723683055" />
<p fId="1" fbTx="0.723683055" lbTx="0.72368393" tId="4" fbRx="0.723683055" lbRx="0.72368393" />
<p fId="3" fbTx="0.723782096" lbTx="0.72378218" tId="0" fbRx="0.733782096" lbRx="0.73378218" />
<p fId="0" fbTx="0.72378218" lbTx="0.723783055" tId="1" fbRx="0.72378218" lbRx="0.723783055" />
<p fId="1" fbTx="0.723783055" lbTx="0.72378393" tId="4" fbRx="0.723783055" lbRx="0.72378393" />
<p fId="3" fbTx="0.723882096" lbTx="0.72388218" tId="0" fbRx="0.733882096" lbRx="0.73388218" />
<p fId="0" fbTx="0.72388218" lbTx="0.723883055" tId="1" fbRx="0.72388218" lbRx="0.723883055" />
<p fId="1" fbTx="0.723883055" lbTx="0.72388393" tId="4" fbRx="0.723883055" lbRx="0.72388393" />
<p fId="3" fbTx="0.723982096" lbTx="0.72398218" tId="0" fbRx="0.733982096" lbRx="0.73398218" />
<p fId="0" fbTx="0.72398218" lbTx="0.723983055" tId="1" fbRx="0.72398218" lbRx="0.723983055" />
<p fId="1" fbTx="0.723983055" lbTx="0.72398393" tId="4" fbRx="0.723983055" lbRx="0.72398393" />
<p fId="3" fbTx="0.724082096" lbTx="0.72408218" tId="0" fbRx="0.734082096" lbRx="0.73408218" />
<p fId="0" fbTx="0.72408218" lbTx="0.724083055" tId="1" fbRx="0.72408218" lbRx="0.724083055" />
<p fId="1" fbTx="0.724083055" lbTx="0.72408393" tId="4" fbRx="0.724083055" lbRx="0.72408393" />
<p fId="3" fbTx="0.724182096" lbTx="0.72418218" tId="0" fbRx="0.734182096" lbRx="0.73418218" />
<p fId="0" fbTx="0.72418218" lbTx="0.724183055" tId="1" fbRx="0.72418218" lbRx="0.724183055" />
<p fId="1" fbTx="0.724183055" lbTx="0.72418393" tId="4" fbRx="0.724183055" lbRx="0.72418393" />
<pr uId="702" fId="4" fbTx="0.724214286" />
<wpr uId="702" tId="5" fbRx="0.724214286" lbRx="0" />
<wpr uId="702" tId="6" fbRx="0.724214286" lbRx="0" />
<p fId="3" fbTx="0.724282096" lbTx="0.72428218" tId="0" fbRx="0.734282096" lbRx="0.73428218" />
<p fId="0" fbTx="0.72428218" lbTx="0.724283055" tId="1" fbRx="0.72428218" lbRx="0.724283055" />
<p fId="1" fbTx="0.724283055" lbTx="0.72428393" tId="4" fbRx="0.724283055" lbRx="0.72428393" />
<p fId="3" fbTx="0.724382096" lbTx="0.72438218" tId="0" fbRx="0.734382096" lbRx="0.73438218" />
<p fId="0" fbTx="0.72438218" lbTx="0.724383055" tId="1" fbRx="0.72438218" lbRx="0.724383055" />
<p fId="1" fbTx="0.724383055" lbTx="0.72438393" tId="4" fbRx="0.724383055" lbRx="0.72438393" />
<p fId="3" fbTx="0.724482096" lbTx="0.72448218" tId="0" fbRx="0.734482096" lbRx="0.73448218" />
<p fId="0" fbTx="0.72448218" lbTx="0.724483055" tId="1" fbRx="0.72448218" lbRx="0.724483055" />
<p fId="1" fbTx="0.724483055" lbTx="0.72448393" tId="4" fbRx="0.724483055" lbRx="0.72448393" />
<p fId="3" fbTx="0.724582096" lbTx="0.72458218" tId="0" fbRx="0.734582096" lbRx="0.73458218" />
<p fId="0" fbTx="0.72458218" lbTx="0.724583055" tId="1" fbRx="0.72458218" lbRx="0.724583055" />
<p fId="1" fbTx="0.724583055" lbTx="0.72458393" tId="4" fbRx="0.724583055" lbRx="0.72458393" />
<p fId="3" fbTx="0.724682096" lbTx="0.72468218" tId="0" fbRx="0.734682096" lbRx="0.73468218" />
<p fId="0" fbTx="0.72468218" lbTx="0.724683055" tId="1" fbRx="0.72468218" lbRx="0.724683055" />
<p fId="1" fbTx="0.724683055" lbTx="0.72468393" tId="4" fbRx="0.724683055" lbRx="0.72468393" />
<p fId="3" fbTx="0.724782096" lbTx="0.72478218" tId="0" fbRx="0.734782096" lbRx="0.73478218" />
<p fId="0" fbTx="0.72478218" lbTx="0.724783055" tId="1" fbRx="0.72478218" lbRx="0.724783055" />
<p fId="1" fbTx="0.724783055" lbTx="0.72478393" tId="4" fbRx="0.724783055" lbRx="0.72478393" />
<p fId="3" fbTx="0.724882096" lbTx="0.72488218" tId="0" fbRx="0.734882096" lbRx="0.73488218" />
<p fId="0" fbTx="0.72488218" lbTx="0.724883055" tId="1" fbRx="0.72488218" lbRx="0.724883055" />
<p fId="1" fbTx="0.724883055" lbTx="0.72488393" tId="4" fbRx="0.724883055" lbRx="0.72488393" />
<p fId="3" fbTx="0.724982096" lbTx="0.72498218" tId="0" fbRx="0.734982096" lbRx="0.73498218" />
<p fId="0" fbTx="0.72498218" lbTx="0.724983055" tId="1" fbRx="0.72498218" lbRx="0.724983055" />
<p fId="1" fbTx="0.724983055" lbTx="0.72498393" tId="4" fbRx="0.724983055" lbRx="0.72498393" />
<p fId="3" fbTx="0.725082096" lbTx="0.72508218" tId="0" fbRx="0.735082096" lbRx="0.73508218" />
<p fId="0" fbTx="0.72508218" lbTx="0.725083055" tId="1" fbRx="0.72508218" lbRx="0.725083055" />
<p fId="1" fbTx="0.725083055" lbTx="0.72508393" tId="4" fbRx="0.725083055" lbRx="0.72508393" />
<p fId="3" fbTx="0.725182096" lbTx="0.72518218" tId="0" fbRx="0.735182096" lbRx="0.73518218" />
<p fId="0" fbTx="0.72518218" lbTx="0.725183055" tId="1" fbRx="0.72518218" lbRx="0.725183055" />
<p fId="1" fbTx="0.725183055" lbTx="0.72518393" tId="4" fbRx="0.725183055" lbRx="0.72518393" />
<pr uId="703" fId="4" fbTx="0.725214286" />
<wpr uId="703" tId="5" fbRx="0.725214286" lbRx="0" />
<wpr uId="703" tId="6" fbRx="0.725214286" lbRx="0" />
<p fId="3" fbTx="0.725282096" lbTx="0.72528218" tId="0" fbRx="0.735282096" lbRx="0.73528218" />
<p fId="0" fbTx="0.72528218" lbTx="0.725283055" tId="1" fbRx="0.72528218" lbRx="0.725283055" />
<p fId="1" fbTx="0.725283055" lbTx="0.72528393" tId="4" fbRx="0.725283055" lbRx="0.72528393" />
<p fId="3" fbTx="0.725382096" lbTx="0.72538218" tId="0" fbRx="0.735382096" lbRx="0.73538218" />
<p fId="0" fbTx="0.72538218" lbTx="0.725383055" tId="1" fbRx="0.72538218" lbRx="0.725383055" />
<p fId="1" fbTx="0.725383055" lbTx="0.72538393" tId="4" fbRx="0.725383055" lbRx="0.72538393" />
<p fId="3" fbTx="0.725482096" lbTx="0.72548218" tId="0" fbRx="0.735482096" lbRx="0.73548218" />
<p fId="0" fbTx="0.72548218" lbTx="0.725483055" tId="1" fbRx="0.72548218" lbRx="0.725483055" />
<p fId="1" fbTx="0.725483055" lbTx="0.72548393" tId="4" fbRx="0.725483055" lbRx="0.72548393" />
<p fId="3" fbTx="0.725582096" lbTx="0.72558218" tId="0" fbRx="0.735582096" lbRx="0.73558218" />
<p fId="0" fbTx="0.72558218" lbTx="0.725583055" tId="1" fbRx="0.72558218" lbRx="0.725583055" />
<p fId="1" fbTx="0.725583055" lbTx="0.72558393" tId="4" fbRx="0.725583055" lbRx="0.72558393" />
<p fId="3" fbTx="0.725682096" lbTx="0.72568218" tId="0" fbRx="0.735682096" lbRx="0.73568218" />
<p fId="0" fbTx="0.72568218" lbTx="0.725683055" tId="1" fbRx="0.72568218" lbRx="0.725683055" />
<p fId="1" fbTx="0.725683055" lbTx="0.72568393" tId="4" fbRx="0.725683055" lbRx="0.72568393" />
<p fId="3" fbTx="0.725782096" lbTx="0.72578218" tId="0" fbRx="0.735782096" lbRx="0.73578218" />
<p fId="0" fbTx="0.72578218" lbTx="0.725783055" tId="1" fbRx="0.72578218" lbRx="0.725783055" />
<p fId="1" fbTx="0.725783055" lbTx="0.72578393" tId="4" fbRx="0.725783055" lbRx="0.72578393" />
<p fId="3" fbTx="0.725882096" lbTx="0.72588218" tId="0" fbRx="0.735882096" lbRx="0.73588218" />
<p fId="0" fbTx="0.72588218" lbTx="0.725883055" tId="1" fbRx="0.72588218" lbRx="0.725883055" />
<p fId="1" fbTx="0.725883055" lbTx="0.72588393" tId="4" fbRx="0.725883055" lbRx="0.72588393" />
<p fId="3" fbTx="0.725982096" lbTx="0.72598218" tId="0" fbRx="0.735982096" lbRx="0.73598218" />
<p fId="0" fbTx="0.72598218" lbTx="0.725983055" tId="1" fbRx="0.72598218" lbRx="0.725983055" />
<p fId="1" fbTx="0.725983055" lbTx="0.72598393" tId="4" fbRx="0.725983055" lbRx="0.72598393" />
<p fId="3" fbTx="0.726082096" lbTx="0.72608218" tId="0" fbRx="0.736082096" lbRx="0.73608218" />
<p fId="0" fbTx="0.72608218" lbTx="0.726083055" tId="1" fbRx="0.72608218" lbRx="0.726083055" />
<p fId="1" fbTx="0.726083055" lbTx="0.72608393" tId="4" fbRx="0.726083055" lbRx="0.72608393" />
<p fId="3" fbTx="0.726182096" lbTx="0.72618218" tId="0" fbRx="0.736182096" lbRx="0.73618218" />
<p fId="0" fbTx="0.72618218" lbTx="0.726183055" tId="1" fbRx="0.72618218" lbRx="0.726183055" />
<p fId="1" fbTx="0.726183055" lbTx="0.72618393" tId="4" fbRx="0.726183055" lbRx="0.72618393" />
<pr uId="704" fId="4" fbTx="0.726214286" />
<wpr uId="704" tId="5" fbRx="0.726214286" lbRx="0" />
<wpr uId="704" tId="6" fbRx="0.726214286" lbRx="0" />
<p fId="3" fbTx="0.726282096" lbTx="0.72628218" tId="0" fbRx="0.736282096" lbRx="0.73628218" />
<p fId="0" fbTx="0.72628218" lbTx="0.726283055" tId="1" fbRx="0.72628218" lbRx="0.726283055" />
<p fId="1" fbTx="0.726283055" lbTx="0.72628393" tId="4" fbRx="0.726283055" lbRx="0.72628393" />
<p fId="3" fbTx="0.726382096" lbTx="0.72638218" tId="0" fbRx="0.736382096" lbRx="0.73638218" />
<p fId="0" fbTx="0.72638218" lbTx="0.726383055" tId="1" fbRx="0.72638218" lbRx="0.726383055" />
<p fId="1" fbTx="0.726383055" lbTx="0.72638393" tId="4" fbRx="0.726383055" lbRx="0.72638393" />
<p fId="3" fbTx="0.726482096" lbTx="0.72648218" tId="0" fbRx="0.736482096" lbRx="0.73648218" />
<p fId="0" fbTx="0.72648218" lbTx="0.726483055" tId="1" fbRx="0.72648218" lbRx="0.726483055" />
<p fId="1" fbTx="0.726483055" lbTx="0.72648393" tId="4" fbRx="0.726483055" lbRx="0.72648393" />
<p fId="3" fbTx="0.726582096" lbTx="0.72658218" tId="0" fbRx="0.736582096" lbRx="0.73658218" />
<p fId="0" fbTx="0.72658218" lbTx="0.726583055" tId="1" fbRx="0.72658218" lbRx="0.726583055" />
<p fId="1" fbTx="0.726583055" lbTx="0.72658393" tId="4" fbRx="0.726583055" lbRx="0.72658393" />
<p fId="3" fbTx="0.726682096" lbTx="0.72668218" tId="0" fbRx="0.736682096" lbRx="0.73668218" />
<p fId="0" fbTx="0.72668218" lbTx="0.726683055" tId="1" fbRx="0.72668218" lbRx="0.726683055" />
<p fId="1" fbTx="0.726683055" lbTx="0.72668393" tId="4" fbRx="0.726683055" lbRx="0.72668393" />
<p fId="3" fbTx="0.726782096" lbTx="0.72678218" tId="0" fbRx="0.736782096" lbRx="0.73678218" />
<p fId="0" fbTx="0.72678218" lbTx="0.726783055" tId="1" fbRx="0.72678218" lbRx="0.726783055" />
<p fId="1" fbTx="0.726783055" lbTx="0.72678393" tId="4" fbRx="0.726783055" lbRx="0.72678393" />
<p fId="3" fbTx="0.726882096" lbTx="0.72688218" tId="0" fbRx="0.736882096" lbRx="0.73688218" />
<p fId="0" fbTx="0.72688218" lbTx="0.726883055" tId="1" fbRx="0.72688218" lbRx="0.726883055" />
<p fId="1" fbTx="0.726883055" lbTx="0.72688393" tId="4" fbRx="0.726883055" lbRx="0.72688393" />
<p fId="3" fbTx="0.726982096" lbTx="0.72698218" tId="0" fbRx="0.736982096" lbRx="0.73698218" />
<p fId="0" fbTx="0.72698218" lbTx="0.726983055" tId="1" fbRx="0.72698218" lbRx="0.726983055" />
<p fId="1" fbTx="0.726983055" lbTx="0.72698393" tId="4" fbRx="0.726983055" lbRx="0.72698393" />
<p fId="3" fbTx="0.727082096" lbTx="0.72708218" tId="0" fbRx="0.737082096" lbRx="0.73708218" />
<p fId="0" fbTx="0.72708218" lbTx="0.727083055" tId="1" fbRx="0.72708218" lbRx="0.727083055" />
<p fId="1" fbTx="0.727083055" lbTx="0.72708393" tId="4" fbRx="0.727083055" lbRx="0.72708393" />
<p fId="3" fbTx="0.727182096" lbTx="0.72718218" tId="0" fbRx="0.737182096" lbRx="0.73718218" />
<p fId="0" fbTx="0.72718218" lbTx="0.727183055" tId="1" fbRx="0.72718218" lbRx="0.727183055" />
<p fId="1" fbTx="0.727183055" lbTx="0.72718393" tId="4" fbRx="0.727183055" lbRx="0.72718393" />
<pr uId="705" fId="4" fbTx="0.727214286" />
<wpr uId="705" tId="5" fbRx="0.727214286" lbRx="0" />
<wpr uId="705" tId="6" fbRx="0.727214286" lbRx="0" />
<p fId="3" fbTx="0.727282096" lbTx="0.72728218" tId="0" fbRx="0.737282096" lbRx="0.73728218" />
<p fId="0" fbTx="0.72728218" lbTx="0.727283055" tId="1" fbRx="0.72728218" lbRx="0.727283055" />
<p fId="1" fbTx="0.727283055" lbTx="0.72728393" tId="4" fbRx="0.727283055" lbRx="0.72728393" />
<p fId="3" fbTx="0.727382096" lbTx="0.72738218" tId="0" fbRx="0.737382096" lbRx="0.73738218" />
<p fId="0" fbTx="0.72738218" lbTx="0.727383055" tId="1" fbRx="0.72738218" lbRx="0.727383055" />
<p fId="1" fbTx="0.727383055" lbTx="0.72738393" tId="4" fbRx="0.727383055" lbRx="0.72738393" />
<p fId="3" fbTx="0.727482096" lbTx="0.72748218" tId="0" fbRx="0.737482096" lbRx="0.73748218" />
<p fId="0" fbTx="0.72748218" lbTx="0.727483055" tId="1" fbRx="0.72748218" lbRx="0.727483055" />
<p fId="1" fbTx="0.727483055" lbTx="0.72748393" tId="4" fbRx="0.727483055" lbRx="0.72748393" />
<p fId="3" fbTx="0.727582096" lbTx="0.72758218" tId="0" fbRx="0.737582096" lbRx="0.73758218" />
<p fId="0" fbTx="0.72758218" lbTx="0.727583055" tId="1" fbRx="0.72758218" lbRx="0.727583055" />
<p fId="1" fbTx="0.727583055" lbTx="0.72758393" tId="4" fbRx="0.727583055" lbRx="0.72758393" />
<p fId="3" fbTx="0.727682096" lbTx="0.72768218" tId="0" fbRx="0.737682096" lbRx="0.73768218" />
<p fId="0" fbTx="0.72768218" lbTx="0.727683055" tId="1" fbRx="0.72768218" lbRx="0.727683055" />
<p fId="1" fbTx="0.727683055" lbTx="0.72768393" tId="4" fbRx="0.727683055" lbRx="0.72768393" />
<p fId="3" fbTx="0.727782096" lbTx="0.72778218" tId="0" fbRx="0.737782096" lbRx="0.73778218" />
<p fId="0" fbTx="0.72778218" lbTx="0.727783055" tId="1" fbRx="0.72778218" lbRx="0.727783055" />
<p fId="1" fbTx="0.727783055" lbTx="0.72778393" tId="4" fbRx="0.727783055" lbRx="0.72778393" />
<p fId="3" fbTx="0.727882096" lbTx="0.72788218" tId="0" fbRx="0.737882096" lbRx="0.73788218" />
<p fId="0" fbTx="0.72788218" lbTx="0.727883055" tId="1" fbRx="0.72788218" lbRx="0.727883055" />
<p fId="1" fbTx="0.727883055" lbTx="0.72788393" tId="4" fbRx="0.727883055" lbRx="0.72788393" />
<p fId="3" fbTx="0.727982096" lbTx="0.72798218" tId="0" fbRx="0.737982096" lbRx="0.73798218" />
<p fId="0" fbTx="0.72798218" lbTx="0.727983055" tId="1" fbRx="0.72798218" lbRx="0.727983055" />
<p fId="1" fbTx="0.727983055" lbTx="0.72798393" tId="4" fbRx="0.727983055" lbRx="0.72798393" />
<p fId="3" fbTx="0.728082096" lbTx="0.72808218" tId="0" fbRx="0.738082096" lbRx="0.73808218" />
<p fId="0" fbTx="0.72808218" lbTx="0.728083055" tId="1" fbRx="0.72808218" lbRx="0.728083055" />
<p fId="1" fbTx="0.728083055" lbTx="0.72808393" tId="4" fbRx="0.728083055" lbRx="0.72808393" />
<p fId="3" fbTx="0.728182096" lbTx="0.72818218" tId="0" fbRx="0.738182096" lbRx="0.73818218" />
<p fId="0" fbTx="0.72818218" lbTx="0.728183055" tId="1" fbRx="0.72818218" lbRx="0.728183055" />
<p fId="1" fbTx="0.728183055" lbTx="0.72818393" tId="4" fbRx="0.728183055" lbRx="0.72818393" />
<pr uId="706" fId="4" fbTx="0.728214286" />
<wpr uId="706" tId="5" fbRx="0.728214286" lbRx="0" />
<wpr uId="706" tId="6" fbRx="0.728214286" lbRx="0" />
<p fId="3" fbTx="0.728282096" lbTx="0.72828218" tId="0" fbRx="0.738282096" lbRx="0.73828218" />
<p fId="0" fbTx="0.72828218" lbTx="0.728283055" tId="1" fbRx="0.72828218" lbRx="0.728283055" />
<p fId="1" fbTx="0.728283055" lbTx="0.72828393" tId="4" fbRx="0.728283055" lbRx="0.72828393" />
<p fId="3" fbTx="0.728382096" lbTx="0.72838218" tId="0" fbRx="0.738382096" lbRx="0.73838218" />
<p fId="0" fbTx="0.72838218" lbTx="0.728383055" tId="1" fbRx="0.72838218" lbRx="0.728383055" />
<p fId="1" fbTx="0.728383055" lbTx="0.72838393" tId="4" fbRx="0.728383055" lbRx="0.72838393" />
<p fId="3" fbTx="0.728482096" lbTx="0.72848218" tId="0" fbRx="0.738482096" lbRx="0.73848218" />
<p fId="0" fbTx="0.72848218" lbTx="0.728483055" tId="1" fbRx="0.72848218" lbRx="0.728483055" />
<p fId="1" fbTx="0.728483055" lbTx="0.72848393" tId="4" fbRx="0.728483055" lbRx="0.72848393" />
<p fId="3" fbTx="0.728582096" lbTx="0.72858218" tId="0" fbRx="0.738582096" lbRx="0.73858218" />
<p fId="0" fbTx="0.72858218" lbTx="0.728583055" tId="1" fbRx="0.72858218" lbRx="0.728583055" />
<p fId="1" fbTx="0.728583055" lbTx="0.72858393" tId="4" fbRx="0.728583055" lbRx="0.72858393" />
<p fId="3" fbTx="0.728682096" lbTx="0.72868218" tId="0" fbRx="0.738682096" lbRx="0.73868218" />
<p fId="0" fbTx="0.72868218" lbTx="0.728683055" tId="1" fbRx="0.72868218" lbRx="0.728683055" />
<p fId="1" fbTx="0.728683055" lbTx="0.72868393" tId="4" fbRx="0.728683055" lbRx="0.72868393" />
<p fId="3" fbTx="0.728782096" lbTx="0.72878218" tId="0" fbRx="0.738782096" lbRx="0.73878218" />
<p fId="0" fbTx="0.72878218" lbTx="0.728783055" tId="1" fbRx="0.72878218" lbRx="0.728783055" />
<p fId="1" fbTx="0.728783055" lbTx="0.72878393" tId="4" fbRx="0.728783055" lbRx="0.72878393" />
<p fId="3" fbTx="0.728882096" lbTx="0.72888218" tId="0" fbRx="0.738882096" lbRx="0.73888218" />
<p fId="0" fbTx="0.72888218" lbTx="0.728883055" tId="1" fbRx="0.72888218" lbRx="0.728883055" />
<p fId="1" fbTx="0.728883055" lbTx="0.72888393" tId="4" fbRx="0.728883055" lbRx="0.72888393" />
<p fId="3" fbTx="0.728982096" lbTx="0.72898218" tId="0" fbRx="0.738982096" lbRx="0.73898218" />
<p fId="0" fbTx="0.72898218" lbTx="0.728983055" tId="1" fbRx="0.72898218" lbRx="0.728983055" />
<p fId="1" fbTx="0.728983055" lbTx="0.72898393" tId="4" fbRx="0.728983055" lbRx="0.72898393" />
<p fId="3" fbTx="0.729082096" lbTx="0.72908218" tId="0" fbRx="0.739082096" lbRx="0.73908218" />
<p fId="0" fbTx="0.72908218" lbTx="0.729083055" tId="1" fbRx="0.72908218" lbRx="0.729083055" />
<p fId="1" fbTx="0.729083055" lbTx="0.72908393" tId="4" fbRx="0.729083055" lbRx="0.72908393" />
<p fId="3" fbTx="0.729182096" lbTx="0.72918218" tId="0" fbRx="0.739182096" lbRx="0.73918218" />
<p fId="0" fbTx="0.72918218" lbTx="0.729183055" tId="1" fbRx="0.72918218" lbRx="0.729183055" />
<p fId="1" fbTx="0.729183055" lbTx="0.72918393" tId="4" fbRx="0.729183055" lbRx="0.72918393" />
<pr uId="707" fId="4" fbTx="0.729214286" />
<wpr uId="707" tId="5" fbRx="0.729214286" lbRx="0" />
<wpr uId="707" tId="6" fbRx="0.729214286" lbRx="0" />
<p fId="3" fbTx="0.729282096" lbTx="0.72928218" tId="0" fbRx="0.739282096" lbRx="0.73928218" />
<p fId="0" fbTx="0.72928218" lbTx="0.729283055" tId="1" fbRx="0.72928218" lbRx="0.729283055" />
<p fId="1" fbTx="0.729283055" lbTx="0.72928393" tId="4" fbRx="0.729283055" lbRx="0.72928393" />
<p fId="3" fbTx="0.729382096" lbTx="0.72938218" tId="0" fbRx="0.739382096" lbRx="0.73938218" />
<p fId="0" fbTx="0.72938218" lbTx="0.729383055" tId="1" fbRx="0.72938218" lbRx="0.729383055" />
<p fId="1" fbTx="0.729383055" lbTx="0.72938393" tId="4" fbRx="0.729383055" lbRx="0.72938393" />
<p fId="3" fbTx="0.729482096" lbTx="0.72948218" tId="0" fbRx="0.739482096" lbRx="0.73948218" />
<p fId="0" fbTx="0.72948218" lbTx="0.729483055" tId="1" fbRx="0.72948218" lbRx="0.729483055" />
<p fId="1" fbTx="0.729483055" lbTx="0.72948393" tId="4" fbRx="0.729483055" lbRx="0.72948393" />
<p fId="3" fbTx="0.729582096" lbTx="0.72958218" tId="0" fbRx="0.739582096" lbRx="0.73958218" />
<p fId="0" fbTx="0.72958218" lbTx="0.729583055" tId="1" fbRx="0.72958218" lbRx="0.729583055" />
<p fId="1" fbTx="0.729583055" lbTx="0.72958393" tId="4" fbRx="0.729583055" lbRx="0.72958393" />
<p fId="3" fbTx="0.729682096" lbTx="0.72968218" tId="0" fbRx="0.739682096" lbRx="0.73968218" />
<p fId="0" fbTx="0.72968218" lbTx="0.729683055" tId="1" fbRx="0.72968218" lbRx="0.729683055" />
<p fId="1" fbTx="0.729683055" lbTx="0.72968393" tId="4" fbRx="0.729683055" lbRx="0.72968393" />
<p fId="3" fbTx="0.729782096" lbTx="0.72978218" tId="0" fbRx="0.739782096" lbRx="0.73978218" />
<p fId="0" fbTx="0.72978218" lbTx="0.729783055" tId="1" fbRx="0.72978218" lbRx="0.729783055" />
<p fId="1" fbTx="0.729783055" lbTx="0.72978393" tId="4" fbRx="0.729783055" lbRx="0.72978393" />
<p fId="3" fbTx="0.729882096" lbTx="0.72988218" tId="0" fbRx="0.739882096" lbRx="0.73988218" />
<p fId="0" fbTx="0.72988218" lbTx="0.729883055" tId="1" fbRx="0.72988218" lbRx="0.729883055" />
<p fId="1" fbTx="0.729883055" lbTx="0.72988393" tId="4" fbRx="0.729883055" lbRx="0.72988393" />
<p fId="3" fbTx="0.729982096" lbTx="0.72998218" tId="0" fbRx="0.739982096" lbRx="0.73998218" />
<p fId="0" fbTx="0.72998218" lbTx="0.729983055" tId="1" fbRx="0.72998218" lbRx="0.729983055" />
<p fId="1" fbTx="0.729983055" lbTx="0.72998393" tId="4" fbRx="0.729983055" lbRx="0.72998393" />
<p fId="3" fbTx="0.730082096" lbTx="0.73008218" tId="0" fbRx="0.740082096" lbRx="0.74008218" />
<p fId="0" fbTx="0.73008218" lbTx="0.730083055" tId="1" fbRx="0.73008218" lbRx="0.730083055" />
<p fId="1" fbTx="0.730083055" lbTx="0.73008393" tId="4" fbRx="0.730083055" lbRx="0.73008393" />
<p fId="3" fbTx="0.730182096" lbTx="0.73018218" tId="0" fbRx="0.740182096" lbRx="0.74018218" />
<p fId="0" fbTx="0.73018218" lbTx="0.730183055" tId="1" fbRx="0.73018218" lbRx="0.730183055" />
<p fId="1" fbTx="0.730183055" lbTx="0.73018393" tId="4" fbRx="0.730183055" lbRx="0.73018393" />
<pr uId="708" fId="4" fbTx="0.730214286" />
<wpr uId="708" tId="5" fbRx="0.730214286" lbRx="0" />
<wpr uId="708" tId="6" fbRx="0.730214286" lbRx="0" />
<p fId="3" fbTx="0.730282096" lbTx="0.73028218" tId="0" fbRx="0.740282096" lbRx="0.74028218" />
<p fId="0" fbTx="0.73028218" lbTx="0.730283055" tId="1" fbRx="0.73028218" lbRx="0.730283055" />
<p fId="1" fbTx="0.730283055" lbTx="0.73028393" tId="4" fbRx="0.730283055" lbRx="0.73028393" />
<p fId="3" fbTx="0.730382096" lbTx="0.73038218" tId="0" fbRx="0.740382096" lbRx="0.74038218" />
<p fId="0" fbTx="0.73038218" lbTx="0.730383055" tId="1" fbRx="0.73038218" lbRx="0.730383055" />
<p fId="1" fbTx="0.730383055" lbTx="0.73038393" tId="4" fbRx="0.730383055" lbRx="0.73038393" />
<p fId="3" fbTx="0.730482096" lbTx="0.73048218" tId="0" fbRx="0.740482096" lbRx="0.74048218" />
<p fId="0" fbTx="0.73048218" lbTx="0.730483055" tId="1" fbRx="0.73048218" lbRx="0.730483055" />
<p fId="1" fbTx="0.730483055" lbTx="0.73048393" tId="4" fbRx="0.730483055" lbRx="0.73048393" />
<p fId="3" fbTx="0.730582096" lbTx="0.73058218" tId="0" fbRx="0.740582096" lbRx="0.74058218" />
<p fId="0" fbTx="0.73058218" lbTx="0.730583055" tId="1" fbRx="0.73058218" lbRx="0.730583055" />
<p fId="1" fbTx="0.730583055" lbTx="0.73058393" tId="4" fbRx="0.730583055" lbRx="0.73058393" />
<p fId="3" fbTx="0.730682096" lbTx="0.73068218" tId="0" fbRx="0.740682096" lbRx="0.74068218" />
<p fId="0" fbTx="0.73068218" lbTx="0.730683055" tId="1" fbRx="0.73068218" lbRx="0.730683055" />
<p fId="1" fbTx="0.730683055" lbTx="0.73068393" tId="4" fbRx="0.730683055" lbRx="0.73068393" />
<p fId="3" fbTx="0.730782096" lbTx="0.73078218" tId="0" fbRx="0.740782096" lbRx="0.74078218" />
<p fId="0" fbTx="0.73078218" lbTx="0.730783055" tId="1" fbRx="0.73078218" lbRx="0.730783055" />
<p fId="1" fbTx="0.730783055" lbTx="0.73078393" tId="4" fbRx="0.730783055" lbRx="0.73078393" />
<p fId="3" fbTx="0.730882096" lbTx="0.73088218" tId="0" fbRx="0.740882096" lbRx="0.74088218" />
<p fId="0" fbTx="0.73088218" lbTx="0.730883055" tId="1" fbRx="0.73088218" lbRx="0.730883055" />
<p fId="1" fbTx="0.730883055" lbTx="0.73088393" tId="4" fbRx="0.730883055" lbRx="0.73088393" />
<p fId="3" fbTx="0.730982096" lbTx="0.73098218" tId="0" fbRx="0.740982096" lbRx="0.74098218" />
<p fId="0" fbTx="0.73098218" lbTx="0.730983055" tId="1" fbRx="0.73098218" lbRx="0.730983055" />
<p fId="1" fbTx="0.730983055" lbTx="0.73098393" tId="4" fbRx="0.730983055" lbRx="0.73098393" />
<p fId="3" fbTx="0.731082096" lbTx="0.73108218" tId="0" fbRx="0.741082096" lbRx="0.74108218" />
<p fId="0" fbTx="0.73108218" lbTx="0.731083055" tId="1" fbRx="0.73108218" lbRx="0.731083055" />
<p fId="1" fbTx="0.731083055" lbTx="0.73108393" tId="4" fbRx="0.731083055" lbRx="0.73108393" />
<p fId="3" fbTx="0.731182096" lbTx="0.73118218" tId="0" fbRx="0.741182096" lbRx="0.74118218" />
<p fId="0" fbTx="0.73118218" lbTx="0.731183055" tId="1" fbRx="0.73118218" lbRx="0.731183055" />
<p fId="1" fbTx="0.731183055" lbTx="0.73118393" tId="4" fbRx="0.731183055" lbRx="0.73118393" />
<pr uId="709" fId="4" fbTx="0.731214286" />
<wpr uId="709" tId="5" fbRx="0.731214286" lbRx="0" />
<wpr uId="709" tId="6" fbRx="0.731214286" lbRx="0" />
<p fId="3" fbTx="0.731282096" lbTx="0.73128218" tId="0" fbRx="0.741282096" lbRx="0.74128218" />
<p fId="0" fbTx="0.73128218" lbTx="0.731283055" tId="1" fbRx="0.73128218" lbRx="0.731283055" />
<p fId="1" fbTx="0.731283055" lbTx="0.73128393" tId="4" fbRx="0.731283055" lbRx="0.73128393" />
<p fId="3" fbTx="0.731382096" lbTx="0.73138218" tId="0" fbRx="0.741382096" lbRx="0.74138218" />
<p fId="0" fbTx="0.73138218" lbTx="0.731383055" tId="1" fbRx="0.73138218" lbRx="0.731383055" />
<p fId="1" fbTx="0.731383055" lbTx="0.73138393" tId="4" fbRx="0.731383055" lbRx="0.73138393" />
<p fId="3" fbTx="0.731482096" lbTx="0.73148218" tId="0" fbRx="0.741482096" lbRx="0.74148218" />
<p fId="0" fbTx="0.73148218" lbTx="0.731483055" tId="1" fbRx="0.73148218" lbRx="0.731483055" />
<p fId="1" fbTx="0.731483055" lbTx="0.73148393" tId="4" fbRx="0.731483055" lbRx="0.73148393" />
<p fId="3" fbTx="0.731582096" lbTx="0.73158218" tId="0" fbRx="0.741582096" lbRx="0.74158218" />
<p fId="0" fbTx="0.73158218" lbTx="0.731583055" tId="1" fbRx="0.73158218" lbRx="0.731583055" />
<p fId="1" fbTx="0.731583055" lbTx="0.73158393" tId="4" fbRx="0.731583055" lbRx="0.73158393" />
<p fId="3" fbTx="0.731682096" lbTx="0.73168218" tId="0" fbRx="0.741682096" lbRx="0.74168218" />
<p fId="0" fbTx="0.73168218" lbTx="0.731683055" tId="1" fbRx="0.73168218" lbRx="0.731683055" />
<p fId="1" fbTx="0.731683055" lbTx="0.73168393" tId="4" fbRx="0.731683055" lbRx="0.73168393" />
<p fId="3" fbTx="0.731782096" lbTx="0.73178218" tId="0" fbRx="0.741782096" lbRx="0.74178218" />
<p fId="0" fbTx="0.73178218" lbTx="0.731783055" tId="1" fbRx="0.73178218" lbRx="0.731783055" />
<p fId="1" fbTx="0.731783055" lbTx="0.73178393" tId="4" fbRx="0.731783055" lbRx="0.73178393" />
<p fId="3" fbTx="0.731882096" lbTx="0.73188218" tId="0" fbRx="0.741882096" lbRx="0.74188218" />
<p fId="0" fbTx="0.73188218" lbTx="0.731883055" tId="1" fbRx="0.73188218" lbRx="0.731883055" />
<p fId="1" fbTx="0.731883055" lbTx="0.73188393" tId="4" fbRx="0.731883055" lbRx="0.73188393" />
<p fId="3" fbTx="0.731982096" lbTx="0.73198218" tId="0" fbRx="0.741982096" lbRx="0.74198218" />
<p fId="0" fbTx="0.73198218" lbTx="0.731983055" tId="1" fbRx="0.73198218" lbRx="0.731983055" />
<p fId="1" fbTx="0.731983055" lbTx="0.73198393" tId="4" fbRx="0.731983055" lbRx="0.73198393" />
<p fId="3" fbTx="0.732082096" lbTx="0.73208218" tId="0" fbRx="0.742082096" lbRx="0.74208218" />
<p fId="0" fbTx="0.73208218" lbTx="0.732083055" tId="1" fbRx="0.73208218" lbRx="0.732083055" />
<p fId="1" fbTx="0.732083055" lbTx="0.73208393" tId="4" fbRx="0.732083055" lbRx="0.73208393" />
<p fId="3" fbTx="0.732182096" lbTx="0.73218218" tId="0" fbRx="0.742182096" lbRx="0.74218218" />
<p fId="0" fbTx="0.73218218" lbTx="0.732183055" tId="1" fbRx="0.73218218" lbRx="0.732183055" />
<p fId="1" fbTx="0.732183055" lbTx="0.73218393" tId="4" fbRx="0.732183055" lbRx="0.73218393" />
<pr uId="710" fId="4" fbTx="0.732214286" />
<wpr uId="710" tId="5" fbRx="0.732214286" lbRx="0" />
<wpr uId="710" tId="6" fbRx="0.732214286" lbRx="0" />
<p fId="3" fbTx="0.732282096" lbTx="0.73228218" tId="0" fbRx="0.742282096" lbRx="0.74228218" />
<p fId="0" fbTx="0.73228218" lbTx="0.732283055" tId="1" fbRx="0.73228218" lbRx="0.732283055" />
<p fId="1" fbTx="0.732283055" lbTx="0.73228393" tId="4" fbRx="0.732283055" lbRx="0.73228393" />
<p fId="3" fbTx="0.732382096" lbTx="0.73238218" tId="0" fbRx="0.742382096" lbRx="0.74238218" />
<p fId="0" fbTx="0.73238218" lbTx="0.732383055" tId="1" fbRx="0.73238218" lbRx="0.732383055" />
<p fId="1" fbTx="0.732383055" lbTx="0.73238393" tId="4" fbRx="0.732383055" lbRx="0.73238393" />
<p fId="3" fbTx="0.732482096" lbTx="0.73248218" tId="0" fbRx="0.742482096" lbRx="0.74248218" />
<p fId="0" fbTx="0.73248218" lbTx="0.732483055" tId="1" fbRx="0.73248218" lbRx="0.732483055" />
<p fId="1" fbTx="0.732483055" lbTx="0.73248393" tId="4" fbRx="0.732483055" lbRx="0.73248393" />
<p fId="3" fbTx="0.732582096" lbTx="0.73258218" tId="0" fbRx="0.742582096" lbRx="0.74258218" />
<p fId="0" fbTx="0.73258218" lbTx="0.732583055" tId="1" fbRx="0.73258218" lbRx="0.732583055" />
<p fId="1" fbTx="0.732583055" lbTx="0.73258393" tId="4" fbRx="0.732583055" lbRx="0.73258393" />
<p fId="3" fbTx="0.732682096" lbTx="0.73268218" tId="0" fbRx="0.742682096" lbRx="0.74268218" />
<p fId="0" fbTx="0.73268218" lbTx="0.732683055" tId="1" fbRx="0.73268218" lbRx="0.732683055" />
<p fId="1" fbTx="0.732683055" lbTx="0.73268393" tId="4" fbRx="0.732683055" lbRx="0.73268393" />
<p fId="3" fbTx="0.732782096" lbTx="0.73278218" tId="0" fbRx="0.742782096" lbRx="0.74278218" />
<p fId="0" fbTx="0.73278218" lbTx="0.732783055" tId="1" fbRx="0.73278218" lbRx="0.732783055" />
<p fId="1" fbTx="0.732783055" lbTx="0.73278393" tId="4" fbRx="0.732783055" lbRx="0.73278393" />
<p fId="3" fbTx="0.732882096" lbTx="0.73288218" tId="0" fbRx="0.742882096" lbRx="0.74288218" />
<p fId="0" fbTx="0.73288218" lbTx="0.732883055" tId="1" fbRx="0.73288218" lbRx="0.732883055" />
<p fId="1" fbTx="0.732883055" lbTx="0.73288393" tId="4" fbRx="0.732883055" lbRx="0.73288393" />
<p fId="3" fbTx="0.732982096" lbTx="0.73298218" tId="0" fbRx="0.742982096" lbRx="0.74298218" />
<p fId="0" fbTx="0.73298218" lbTx="0.732983055" tId="1" fbRx="0.73298218" lbRx="0.732983055" />
<p fId="1" fbTx="0.732983055" lbTx="0.73298393" tId="4" fbRx="0.732983055" lbRx="0.73298393" />
<p fId="3" fbTx="0.733082096" lbTx="0.73308218" tId="0" fbRx="0.743082096" lbRx="0.74308218" />
<p fId="0" fbTx="0.73308218" lbTx="0.733083055" tId="1" fbRx="0.73308218" lbRx="0.733083055" />
<p fId="1" fbTx="0.733083055" lbTx="0.73308393" tId="4" fbRx="0.733083055" lbRx="0.73308393" />
<p fId="3" fbTx="0.733182096" lbTx="0.73318218" tId="0" fbRx="0.743182096" lbRx="0.74318218" />
<p fId="0" fbTx="0.73318218" lbTx="0.733183055" tId="1" fbRx="0.73318218" lbRx="0.733183055" />
<p fId="1" fbTx="0.733183055" lbTx="0.73318393" tId="4" fbRx="0.733183055" lbRx="0.73318393" />
<pr uId="711" fId="4" fbTx="0.733214286" />
<wpr uId="711" tId="5" fbRx="0.733214286" lbRx="0" />
<wpr uId="711" tId="6" fbRx="0.733214286" lbRx="0" />
<p fId="3" fbTx="0.733282096" lbTx="0.73328218" tId="0" fbRx="0.743282096" lbRx="0.74328218" />
<p fId="0" fbTx="0.73328218" lbTx="0.733283055" tId="1" fbRx="0.73328218" lbRx="0.733283055" />
<p fId="1" fbTx="0.733283055" lbTx="0.73328393" tId="4" fbRx="0.733283055" lbRx="0.73328393" />
<p fId="3" fbTx="0.733382096" lbTx="0.73338218" tId="0" fbRx="0.743382096" lbRx="0.74338218" />
<p fId="0" fbTx="0.73338218" lbTx="0.733383055" tId="1" fbRx="0.73338218" lbRx="0.733383055" />
<p fId="1" fbTx="0.733383055" lbTx="0.73338393" tId="4" fbRx="0.733383055" lbRx="0.73338393" />
<p fId="3" fbTx="0.733482096" lbTx="0.73348218" tId="0" fbRx="0.743482096" lbRx="0.74348218" />
<p fId="0" fbTx="0.73348218" lbTx="0.733483055" tId="1" fbRx="0.73348218" lbRx="0.733483055" />
<p fId="1" fbTx="0.733483055" lbTx="0.73348393" tId="4" fbRx="0.733483055" lbRx="0.73348393" />
<p fId="3" fbTx="0.733582096" lbTx="0.73358218" tId="0" fbRx="0.743582096" lbRx="0.74358218" />
<p fId="0" fbTx="0.73358218" lbTx="0.733583055" tId="1" fbRx="0.73358218" lbRx="0.733583055" />
<p fId="1" fbTx="0.733583055" lbTx="0.73358393" tId="4" fbRx="0.733583055" lbRx="0.73358393" />
<p fId="3" fbTx="0.733682096" lbTx="0.73368218" tId="0" fbRx="0.743682096" lbRx="0.74368218" />
<p fId="0" fbTx="0.73368218" lbTx="0.733683055" tId="1" fbRx="0.73368218" lbRx="0.733683055" />
<p fId="1" fbTx="0.733683055" lbTx="0.73368393" tId="4" fbRx="0.733683055" lbRx="0.73368393" />
<p fId="3" fbTx="0.733782096" lbTx="0.73378218" tId="0" fbRx="0.743782096" lbRx="0.74378218" />
<p fId="0" fbTx="0.73378218" lbTx="0.733783055" tId="1" fbRx="0.73378218" lbRx="0.733783055" />
<p fId="1" fbTx="0.733783055" lbTx="0.73378393" tId="4" fbRx="0.733783055" lbRx="0.73378393" />
<p fId="3" fbTx="0.733882096" lbTx="0.73388218" tId="0" fbRx="0.743882096" lbRx="0.74388218" />
<p fId="0" fbTx="0.73388218" lbTx="0.733883055" tId="1" fbRx="0.73388218" lbRx="0.733883055" />
<p fId="1" fbTx="0.733883055" lbTx="0.73388393" tId="4" fbRx="0.733883055" lbRx="0.73388393" />
<p fId="3" fbTx="0.733982096" lbTx="0.73398218" tId="0" fbRx="0.743982096" lbRx="0.74398218" />
<p fId="0" fbTx="0.73398218" lbTx="0.733983055" tId="1" fbRx="0.73398218" lbRx="0.733983055" />
<p fId="1" fbTx="0.733983055" lbTx="0.73398393" tId="4" fbRx="0.733983055" lbRx="0.73398393" />
<p fId="3" fbTx="0.734082096" lbTx="0.73408218" tId="0" fbRx="0.744082096" lbRx="0.74408218" />
<p fId="0" fbTx="0.73408218" lbTx="0.734083055" tId="1" fbRx="0.73408218" lbRx="0.734083055" />
<p fId="1" fbTx="0.734083055" lbTx="0.73408393" tId="4" fbRx="0.734083055" lbRx="0.73408393" />
<p fId="3" fbTx="0.734182096" lbTx="0.73418218" tId="0" fbRx="0.744182096" lbRx="0.74418218" />
<p fId="0" fbTx="0.73418218" lbTx="0.734183055" tId="1" fbRx="0.73418218" lbRx="0.734183055" />
<p fId="1" fbTx="0.734183055" lbTx="0.73418393" tId="4" fbRx="0.734183055" lbRx="0.73418393" />
<pr uId="712" fId="4" fbTx="0.734214286" />
<wpr uId="712" tId="5" fbRx="0.734214286" lbRx="0" />
<wpr uId="712" tId="6" fbRx="0.734214286" lbRx="0" />
<p fId="3" fbTx="0.734282096" lbTx="0.73428218" tId="0" fbRx="0.744282096" lbRx="0.74428218" />
<p fId="0" fbTx="0.73428218" lbTx="0.734283055" tId="1" fbRx="0.73428218" lbRx="0.734283055" />
<p fId="1" fbTx="0.734283055" lbTx="0.73428393" tId="4" fbRx="0.734283055" lbRx="0.73428393" />
<p fId="3" fbTx="0.734382096" lbTx="0.73438218" tId="0" fbRx="0.744382096" lbRx="0.74438218" />
<p fId="0" fbTx="0.73438218" lbTx="0.734383055" tId="1" fbRx="0.73438218" lbRx="0.734383055" />
<p fId="1" fbTx="0.734383055" lbTx="0.73438393" tId="4" fbRx="0.734383055" lbRx="0.73438393" />
<p fId="3" fbTx="0.734482096" lbTx="0.73448218" tId="0" fbRx="0.744482096" lbRx="0.74448218" />
<p fId="0" fbTx="0.73448218" lbTx="0.734483055" tId="1" fbRx="0.73448218" lbRx="0.734483055" />
<p fId="1" fbTx="0.734483055" lbTx="0.73448393" tId="4" fbRx="0.734483055" lbRx="0.73448393" />
<p fId="3" fbTx="0.734582096" lbTx="0.73458218" tId="0" fbRx="0.744582096" lbRx="0.74458218" />
<p fId="0" fbTx="0.73458218" lbTx="0.734583055" tId="1" fbRx="0.73458218" lbRx="0.734583055" />
<p fId="1" fbTx="0.734583055" lbTx="0.73458393" tId="4" fbRx="0.734583055" lbRx="0.73458393" />
<p fId="3" fbTx="0.734682096" lbTx="0.73468218" tId="0" fbRx="0.744682096" lbRx="0.74468218" />
<p fId="0" fbTx="0.73468218" lbTx="0.734683055" tId="1" fbRx="0.73468218" lbRx="0.734683055" />
<p fId="1" fbTx="0.734683055" lbTx="0.73468393" tId="4" fbRx="0.734683055" lbRx="0.73468393" />
<p fId="3" fbTx="0.734782096" lbTx="0.73478218" tId="0" fbRx="0.744782096" lbRx="0.74478218" />
<p fId="0" fbTx="0.73478218" lbTx="0.734783055" tId="1" fbRx="0.73478218" lbRx="0.734783055" />
<p fId="1" fbTx="0.734783055" lbTx="0.73478393" tId="4" fbRx="0.734783055" lbRx="0.73478393" />
<p fId="3" fbTx="0.734882096" lbTx="0.73488218" tId="0" fbRx="0.744882096" lbRx="0.74488218" />
<p fId="0" fbTx="0.73488218" lbTx="0.734883055" tId="1" fbRx="0.73488218" lbRx="0.734883055" />
<p fId="1" fbTx="0.734883055" lbTx="0.73488393" tId="4" fbRx="0.734883055" lbRx="0.73488393" />
<p fId="3" fbTx="0.734982096" lbTx="0.73498218" tId="0" fbRx="0.744982096" lbRx="0.74498218" />
<p fId="0" fbTx="0.73498218" lbTx="0.734983055" tId="1" fbRx="0.73498218" lbRx="0.734983055" />
<p fId="1" fbTx="0.734983055" lbTx="0.73498393" tId="4" fbRx="0.734983055" lbRx="0.73498393" />
<p fId="3" fbTx="0.735082096" lbTx="0.73508218" tId="0" fbRx="0.745082096" lbRx="0.74508218" />
<p fId="0" fbTx="0.73508218" lbTx="0.735083055" tId="1" fbRx="0.73508218" lbRx="0.735083055" />
<p fId="1" fbTx="0.735083055" lbTx="0.73508393" tId="4" fbRx="0.735083055" lbRx="0.73508393" />
<p fId="3" fbTx="0.735182096" lbTx="0.73518218" tId="0" fbRx="0.745182096" lbRx="0.74518218" />
<p fId="0" fbTx="0.73518218" lbTx="0.735183055" tId="1" fbRx="0.73518218" lbRx="0.735183055" />
<p fId="1" fbTx="0.735183055" lbTx="0.73518393" tId="4" fbRx="0.735183055" lbRx="0.73518393" />
<pr uId="713" fId="4" fbTx="0.735214286" />
<wpr uId="713" tId="5" fbRx="0.735214286" lbRx="0" />
<wpr uId="713" tId="6" fbRx="0.735214286" lbRx="0" />
<p fId="3" fbTx="0.735282096" lbTx="0.73528218" tId="0" fbRx="0.745282096" lbRx="0.74528218" />
<p fId="0" fbTx="0.73528218" lbTx="0.735283055" tId="1" fbRx="0.73528218" lbRx="0.735283055" />
<p fId="1" fbTx="0.735283055" lbTx="0.73528393" tId="4" fbRx="0.735283055" lbRx="0.73528393" />
<p fId="3" fbTx="0.735382096" lbTx="0.73538218" tId="0" fbRx="0.745382096" lbRx="0.74538218" />
<p fId="0" fbTx="0.73538218" lbTx="0.735383055" tId="1" fbRx="0.73538218" lbRx="0.735383055" />
<p fId="1" fbTx="0.735383055" lbTx="0.73538393" tId="4" fbRx="0.735383055" lbRx="0.73538393" />
<p fId="3" fbTx="0.735482096" lbTx="0.73548218" tId="0" fbRx="0.745482096" lbRx="0.74548218" />
<p fId="0" fbTx="0.73548218" lbTx="0.735483055" tId="1" fbRx="0.73548218" lbRx="0.735483055" />
<p fId="1" fbTx="0.735483055" lbTx="0.73548393" tId="4" fbRx="0.735483055" lbRx="0.73548393" />
<p fId="3" fbTx="0.735582096" lbTx="0.73558218" tId="0" fbRx="0.745582096" lbRx="0.74558218" />
<p fId="0" fbTx="0.73558218" lbTx="0.735583055" tId="1" fbRx="0.73558218" lbRx="0.735583055" />
<p fId="1" fbTx="0.735583055" lbTx="0.73558393" tId="4" fbRx="0.735583055" lbRx="0.73558393" />
<p fId="3" fbTx="0.735682096" lbTx="0.73568218" tId="0" fbRx="0.745682096" lbRx="0.74568218" />
<p fId="0" fbTx="0.73568218" lbTx="0.735683055" tId="1" fbRx="0.73568218" lbRx="0.735683055" />
<p fId="1" fbTx="0.735683055" lbTx="0.73568393" tId="4" fbRx="0.735683055" lbRx="0.73568393" />
<p fId="3" fbTx="0.735782096" lbTx="0.73578218" tId="0" fbRx="0.745782096" lbRx="0.74578218" />
<p fId="0" fbTx="0.73578218" lbTx="0.735783055" tId="1" fbRx="0.73578218" lbRx="0.735783055" />
<p fId="1" fbTx="0.735783055" lbTx="0.73578393" tId="4" fbRx="0.735783055" lbRx="0.73578393" />
<p fId="3" fbTx="0.735882096" lbTx="0.73588218" tId="0" fbRx="0.745882096" lbRx="0.74588218" />
<p fId="0" fbTx="0.73588218" lbTx="0.735883055" tId="1" fbRx="0.73588218" lbRx="0.735883055" />
<p fId="1" fbTx="0.735883055" lbTx="0.73588393" tId="4" fbRx="0.735883055" lbRx="0.73588393" />
<p fId="3" fbTx="0.735982096" lbTx="0.73598218" tId="0" fbRx="0.745982096" lbRx="0.74598218" />
<p fId="0" fbTx="0.73598218" lbTx="0.735983055" tId="1" fbRx="0.73598218" lbRx="0.735983055" />
<p fId="1" fbTx="0.735983055" lbTx="0.73598393" tId="4" fbRx="0.735983055" lbRx="0.73598393" />
<p fId="3" fbTx="0.736082096" lbTx="0.73608218" tId="0" fbRx="0.746082096" lbRx="0.74608218" />
<p fId="0" fbTx="0.73608218" lbTx="0.736083055" tId="1" fbRx="0.73608218" lbRx="0.736083055" />
<p fId="1" fbTx="0.736083055" lbTx="0.73608393" tId="4" fbRx="0.736083055" lbRx="0.73608393" />
<p fId="3" fbTx="0.736182096" lbTx="0.73618218" tId="0" fbRx="0.746182096" lbRx="0.74618218" />
<p fId="0" fbTx="0.73618218" lbTx="0.736183055" tId="1" fbRx="0.73618218" lbRx="0.736183055" />
<p fId="1" fbTx="0.736183055" lbTx="0.73618393" tId="4" fbRx="0.736183055" lbRx="0.73618393" />
<pr uId="714" fId="4" fbTx="0.736214286" />
<wpr uId="714" tId="5" fbRx="0.736214286" lbRx="0" />
<wpr uId="714" tId="6" fbRx="0.736214286" lbRx="0" />
<p fId="3" fbTx="0.736282096" lbTx="0.73628218" tId="0" fbRx="0.746282096" lbRx="0.74628218" />
<p fId="0" fbTx="0.73628218" lbTx="0.736283055" tId="1" fbRx="0.73628218" lbRx="0.736283055" />
<p fId="1" fbTx="0.736283055" lbTx="0.73628393" tId="4" fbRx="0.736283055" lbRx="0.73628393" />
<p fId="3" fbTx="0.736382096" lbTx="0.73638218" tId="0" fbRx="0.746382096" lbRx="0.74638218" />
<p fId="0" fbTx="0.73638218" lbTx="0.736383055" tId="1" fbRx="0.73638218" lbRx="0.736383055" />
<p fId="1" fbTx="0.736383055" lbTx="0.73638393" tId="4" fbRx="0.736383055" lbRx="0.73638393" />
<p fId="3" fbTx="0.736482096" lbTx="0.73648218" tId="0" fbRx="0.746482096" lbRx="0.74648218" />
<p fId="0" fbTx="0.73648218" lbTx="0.736483055" tId="1" fbRx="0.73648218" lbRx="0.736483055" />
<p fId="1" fbTx="0.736483055" lbTx="0.73648393" tId="4" fbRx="0.736483055" lbRx="0.73648393" />
<p fId="3" fbTx="0.736582096" lbTx="0.73658218" tId="0" fbRx="0.746582096" lbRx="0.74658218" />
<p fId="0" fbTx="0.73658218" lbTx="0.736583055" tId="1" fbRx="0.73658218" lbRx="0.736583055" />
<p fId="1" fbTx="0.736583055" lbTx="0.73658393" tId="4" fbRx="0.736583055" lbRx="0.73658393" />
<p fId="3" fbTx="0.736682096" lbTx="0.73668218" tId="0" fbRx="0.746682096" lbRx="0.74668218" />
<p fId="0" fbTx="0.73668218" lbTx="0.736683055" tId="1" fbRx="0.73668218" lbRx="0.736683055" />
<p fId="1" fbTx="0.736683055" lbTx="0.73668393" tId="4" fbRx="0.736683055" lbRx="0.73668393" />
<p fId="3" fbTx="0.736782096" lbTx="0.73678218" tId="0" fbRx="0.746782096" lbRx="0.74678218" />
<p fId="0" fbTx="0.73678218" lbTx="0.736783055" tId="1" fbRx="0.73678218" lbRx="0.736783055" />
<p fId="1" fbTx="0.736783055" lbTx="0.73678393" tId="4" fbRx="0.736783055" lbRx="0.73678393" />
<p fId="3" fbTx="0.736882096" lbTx="0.73688218" tId="0" fbRx="0.746882096" lbRx="0.74688218" />
<p fId="0" fbTx="0.73688218" lbTx="0.736883055" tId="1" fbRx="0.73688218" lbRx="0.736883055" />
<p fId="1" fbTx="0.736883055" lbTx="0.73688393" tId="4" fbRx="0.736883055" lbRx="0.73688393" />
<p fId="3" fbTx="0.736982096" lbTx="0.73698218" tId="0" fbRx="0.746982096" lbRx="0.74698218" />
<p fId="0" fbTx="0.73698218" lbTx="0.736983055" tId="1" fbRx="0.73698218" lbRx="0.736983055" />
<p fId="1" fbTx="0.736983055" lbTx="0.73698393" tId="4" fbRx="0.736983055" lbRx="0.73698393" />
<p fId="3" fbTx="0.737082096" lbTx="0.73708218" tId="0" fbRx="0.747082096" lbRx="0.74708218" />
<p fId="0" fbTx="0.73708218" lbTx="0.737083055" tId="1" fbRx="0.73708218" lbRx="0.737083055" />
<p fId="1" fbTx="0.737083055" lbTx="0.73708393" tId="4" fbRx="0.737083055" lbRx="0.73708393" />
<p fId="3" fbTx="0.737182096" lbTx="0.73718218" tId="0" fbRx="0.747182096" lbRx="0.74718218" />
<p fId="0" fbTx="0.73718218" lbTx="0.737183055" tId="1" fbRx="0.73718218" lbRx="0.737183055" />
<p fId="1" fbTx="0.737183055" lbTx="0.73718393" tId="4" fbRx="0.737183055" lbRx="0.73718393" />
<pr uId="715" fId="4" fbTx="0.737214286" />
<wpr uId="715" tId="5" fbRx="0.737214286" lbRx="0" />
<wpr uId="715" tId="6" fbRx="0.737214286" lbRx="0" />
<p fId="3" fbTx="0.737282096" lbTx="0.73728218" tId="0" fbRx="0.747282096" lbRx="0.74728218" />
<p fId="0" fbTx="0.73728218" lbTx="0.737283055" tId="1" fbRx="0.73728218" lbRx="0.737283055" />
<p fId="1" fbTx="0.737283055" lbTx="0.73728393" tId="4" fbRx="0.737283055" lbRx="0.73728393" />
<p fId="3" fbTx="0.737382096" lbTx="0.73738218" tId="0" fbRx="0.747382096" lbRx="0.74738218" />
<p fId="0" fbTx="0.73738218" lbTx="0.737383055" tId="1" fbRx="0.73738218" lbRx="0.737383055" />
<p fId="1" fbTx="0.737383055" lbTx="0.73738393" tId="4" fbRx="0.737383055" lbRx="0.73738393" />
<p fId="3" fbTx="0.737482096" lbTx="0.73748218" tId="0" fbRx="0.747482096" lbRx="0.74748218" />
<p fId="0" fbTx="0.73748218" lbTx="0.737483055" tId="1" fbRx="0.73748218" lbRx="0.737483055" />
<p fId="1" fbTx="0.737483055" lbTx="0.73748393" tId="4" fbRx="0.737483055" lbRx="0.73748393" />
<p fId="3" fbTx="0.737582096" lbTx="0.73758218" tId="0" fbRx="0.747582096" lbRx="0.74758218" />
<p fId="0" fbTx="0.73758218" lbTx="0.737583055" tId="1" fbRx="0.73758218" lbRx="0.737583055" />
<p fId="1" fbTx="0.737583055" lbTx="0.73758393" tId="4" fbRx="0.737583055" lbRx="0.73758393" />
<p fId="3" fbTx="0.737682096" lbTx="0.73768218" tId="0" fbRx="0.747682096" lbRx="0.74768218" />
<p fId="0" fbTx="0.73768218" lbTx="0.737683055" tId="1" fbRx="0.73768218" lbRx="0.737683055" />
<p fId="1" fbTx="0.737683055" lbTx="0.73768393" tId="4" fbRx="0.737683055" lbRx="0.73768393" />
<p fId="3" fbTx="0.737782096" lbTx="0.73778218" tId="0" fbRx="0.747782096" lbRx="0.74778218" />
<p fId="0" fbTx="0.73778218" lbTx="0.737783055" tId="1" fbRx="0.73778218" lbRx="0.737783055" />
<p fId="1" fbTx="0.737783055" lbTx="0.73778393" tId="4" fbRx="0.737783055" lbRx="0.73778393" />
<p fId="3" fbTx="0.737882096" lbTx="0.73788218" tId="0" fbRx="0.747882096" lbRx="0.74788218" />
<p fId="0" fbTx="0.73788218" lbTx="0.737883055" tId="1" fbRx="0.73788218" lbRx="0.737883055" />
<p fId="1" fbTx="0.737883055" lbTx="0.73788393" tId="4" fbRx="0.737883055" lbRx="0.73788393" />
<p fId="3" fbTx="0.737982096" lbTx="0.73798218" tId="0" fbRx="0.747982096" lbRx="0.74798218" />
<p fId="0" fbTx="0.73798218" lbTx="0.737983055" tId="1" fbRx="0.73798218" lbRx="0.737983055" />
<p fId="1" fbTx="0.737983055" lbTx="0.73798393" tId="4" fbRx="0.737983055" lbRx="0.73798393" />
<p fId="3" fbTx="0.738082096" lbTx="0.73808218" tId="0" fbRx="0.748082096" lbRx="0.74808218" />
<p fId="0" fbTx="0.73808218" lbTx="0.738083055" tId="1" fbRx="0.73808218" lbRx="0.738083055" />
<p fId="1" fbTx="0.738083055" lbTx="0.73808393" tId="4" fbRx="0.738083055" lbRx="0.73808393" />
<p fId="3" fbTx="0.738182096" lbTx="0.73818218" tId="0" fbRx="0.748182096" lbRx="0.74818218" />
<p fId="0" fbTx="0.73818218" lbTx="0.738183055" tId="1" fbRx="0.73818218" lbRx="0.738183055" />
<p fId="1" fbTx="0.738183055" lbTx="0.73818393" tId="4" fbRx="0.738183055" lbRx="0.73818393" />
<pr uId="716" fId="4" fbTx="0.738214286" />
<wpr uId="716" tId="5" fbRx="0.738214286" lbRx="0" />
<wpr uId="716" tId="6" fbRx="0.738214286" lbRx="0" />
<p fId="3" fbTx="0.738282096" lbTx="0.73828218" tId="0" fbRx="0.748282096" lbRx="0.74828218" />
<p fId="0" fbTx="0.73828218" lbTx="0.738283055" tId="1" fbRx="0.73828218" lbRx="0.738283055" />
<p fId="1" fbTx="0.738283055" lbTx="0.73828393" tId="4" fbRx="0.738283055" lbRx="0.73828393" />
<p fId="3" fbTx="0.738382096" lbTx="0.73838218" tId="0" fbRx="0.748382096" lbRx="0.74838218" />
<p fId="0" fbTx="0.73838218" lbTx="0.738383055" tId="1" fbRx="0.73838218" lbRx="0.738383055" />
<p fId="1" fbTx="0.738383055" lbTx="0.73838393" tId="4" fbRx="0.738383055" lbRx="0.73838393" />
<p fId="3" fbTx="0.738482096" lbTx="0.73848218" tId="0" fbRx="0.748482096" lbRx="0.74848218" />
<p fId="0" fbTx="0.73848218" lbTx="0.738483055" tId="1" fbRx="0.73848218" lbRx="0.738483055" />
<p fId="1" fbTx="0.738483055" lbTx="0.73848393" tId="4" fbRx="0.738483055" lbRx="0.73848393" />
<p fId="3" fbTx="0.738582096" lbTx="0.73858218" tId="0" fbRx="0.748582096" lbRx="0.74858218" />
<p fId="0" fbTx="0.73858218" lbTx="0.738583055" tId="1" fbRx="0.73858218" lbRx="0.738583055" />
<p fId="1" fbTx="0.738583055" lbTx="0.73858393" tId="4" fbRx="0.738583055" lbRx="0.73858393" />
<p fId="3" fbTx="0.738682096" lbTx="0.73868218" tId="0" fbRx="0.748682096" lbRx="0.74868218" />
<p fId="0" fbTx="0.73868218" lbTx="0.738683055" tId="1" fbRx="0.73868218" lbRx="0.738683055" />
<p fId="1" fbTx="0.738683055" lbTx="0.73868393" tId="4" fbRx="0.738683055" lbRx="0.73868393" />
<p fId="3" fbTx="0.738782096" lbTx="0.73878218" tId="0" fbRx="0.748782096" lbRx="0.74878218" />
<p fId="0" fbTx="0.73878218" lbTx="0.738783055" tId="1" fbRx="0.73878218" lbRx="0.738783055" />
<p fId="1" fbTx="0.738783055" lbTx="0.73878393" tId="4" fbRx="0.738783055" lbRx="0.73878393" />
<p fId="3" fbTx="0.738882096" lbTx="0.73888218" tId="0" fbRx="0.748882096" lbRx="0.74888218" />
<p fId="0" fbTx="0.73888218" lbTx="0.738883055" tId="1" fbRx="0.73888218" lbRx="0.738883055" />
<p fId="1" fbTx="0.738883055" lbTx="0.73888393" tId="4" fbRx="0.738883055" lbRx="0.73888393" />
<p fId="3" fbTx="0.738982096" lbTx="0.73898218" tId="0" fbRx="0.748982096" lbRx="0.74898218" />
<p fId="0" fbTx="0.73898218" lbTx="0.738983055" tId="1" fbRx="0.73898218" lbRx="0.738983055" />
<p fId="1" fbTx="0.738983055" lbTx="0.73898393" tId="4" fbRx="0.738983055" lbRx="0.73898393" />
<p fId="3" fbTx="0.739082096" lbTx="0.73908218" tId="0" fbRx="0.749082096" lbRx="0.74908218" />
<p fId="0" fbTx="0.73908218" lbTx="0.739083055" tId="1" fbRx="0.73908218" lbRx="0.739083055" />
<p fId="1" fbTx="0.739083055" lbTx="0.73908393" tId="4" fbRx="0.739083055" lbRx="0.73908393" />
<p fId="3" fbTx="0.739182096" lbTx="0.73918218" tId="0" fbRx="0.749182096" lbRx="0.74918218" />
<p fId="0" fbTx="0.73918218" lbTx="0.739183055" tId="1" fbRx="0.73918218" lbRx="0.739183055" />
<p fId="1" fbTx="0.739183055" lbTx="0.73918393" tId="4" fbRx="0.739183055" lbRx="0.73918393" />
<pr uId="717" fId="4" fbTx="0.739214286" />
<wpr uId="717" tId="5" fbRx="0.739214286" lbRx="0" />
<wpr uId="717" tId="6" fbRx="0.739214286" lbRx="0" />
<p fId="3" fbTx="0.739282096" lbTx="0.73928218" tId="0" fbRx="0.749282096" lbRx="0.74928218" />
<p fId="0" fbTx="0.73928218" lbTx="0.739283055" tId="1" fbRx="0.73928218" lbRx="0.739283055" />
<p fId="1" fbTx="0.739283055" lbTx="0.73928393" tId="4" fbRx="0.739283055" lbRx="0.73928393" />
<p fId="3" fbTx="0.739382096" lbTx="0.73938218" tId="0" fbRx="0.749382096" lbRx="0.74938218" />
<p fId="0" fbTx="0.73938218" lbTx="0.739383055" tId="1" fbRx="0.73938218" lbRx="0.739383055" />
<p fId="1" fbTx="0.739383055" lbTx="0.73938393" tId="4" fbRx="0.739383055" lbRx="0.73938393" />
<p fId="3" fbTx="0.739482096" lbTx="0.73948218" tId="0" fbRx="0.749482096" lbRx="0.74948218" />
<p fId="0" fbTx="0.73948218" lbTx="0.739483055" tId="1" fbRx="0.73948218" lbRx="0.739483055" />
<p fId="1" fbTx="0.739483055" lbTx="0.73948393" tId="4" fbRx="0.739483055" lbRx="0.73948393" />
<p fId="3" fbTx="0.739582096" lbTx="0.73958218" tId="0" fbRx="0.749582096" lbRx="0.74958218" />
<p fId="0" fbTx="0.73958218" lbTx="0.739583055" tId="1" fbRx="0.73958218" lbRx="0.739583055" />
<p fId="1" fbTx="0.739583055" lbTx="0.73958393" tId="4" fbRx="0.739583055" lbRx="0.73958393" />
<p fId="3" fbTx="0.739682096" lbTx="0.73968218" tId="0" fbRx="0.749682096" lbRx="0.74968218" />
<p fId="0" fbTx="0.73968218" lbTx="0.739683055" tId="1" fbRx="0.73968218" lbRx="0.739683055" />
<p fId="1" fbTx="0.739683055" lbTx="0.73968393" tId="4" fbRx="0.739683055" lbRx="0.73968393" />
<p fId="3" fbTx="0.739782096" lbTx="0.73978218" tId="0" fbRx="0.749782096" lbRx="0.74978218" />
<p fId="0" fbTx="0.73978218" lbTx="0.739783055" tId="1" fbRx="0.73978218" lbRx="0.739783055" />
<p fId="1" fbTx="0.739783055" lbTx="0.73978393" tId="4" fbRx="0.739783055" lbRx="0.73978393" />
<p fId="3" fbTx="0.739882096" lbTx="0.73988218" tId="0" fbRx="0.749882096" lbRx="0.74988218" />
<p fId="0" fbTx="0.73988218" lbTx="0.739883055" tId="1" fbRx="0.73988218" lbRx="0.739883055" />
<p fId="1" fbTx="0.739883055" lbTx="0.73988393" tId="4" fbRx="0.739883055" lbRx="0.73988393" />
<p fId="3" fbTx="0.739982096" lbTx="0.73998218" tId="0" fbRx="0.749982096" lbRx="0.74998218" />
<p fId="0" fbTx="0.73998218" lbTx="0.739983055" tId="1" fbRx="0.73998218" lbRx="0.739983055" />
<p fId="1" fbTx="0.739983055" lbTx="0.73998393" tId="4" fbRx="0.739983055" lbRx="0.73998393" />
<p fId="3" fbTx="0.740082096" lbTx="0.74008218" tId="0" fbRx="0.750082096" lbRx="0.75008218" />
<p fId="0" fbTx="0.74008218" lbTx="0.740083055" tId="1" fbRx="0.74008218" lbRx="0.740083055" />
<p fId="1" fbTx="0.740083055" lbTx="0.74008393" tId="4" fbRx="0.740083055" lbRx="0.74008393" />
<p fId="3" fbTx="0.740182096" lbTx="0.74018218" tId="0" fbRx="0.750182096" lbRx="0.75018218" />
<p fId="0" fbTx="0.74018218" lbTx="0.740183055" tId="1" fbRx="0.74018218" lbRx="0.740183055" />
<p fId="1" fbTx="0.740183055" lbTx="0.74018393" tId="4" fbRx="0.740183055" lbRx="0.74018393" />
<pr uId="718" fId="4" fbTx="0.740214286" />
<wpr uId="718" tId="5" fbRx="0.740214286" lbRx="0" />
<wpr uId="718" tId="6" fbRx="0.740214286" lbRx="0" />
<p fId="3" fbTx="0.740282096" lbTx="0.74028218" tId="0" fbRx="0.750282096" lbRx="0.75028218" />
<p fId="0" fbTx="0.74028218" lbTx="0.740283055" tId="1" fbRx="0.74028218" lbRx="0.740283055" />
<p fId="1" fbTx="0.740283055" lbTx="0.74028393" tId="4" fbRx="0.740283055" lbRx="0.74028393" />
<p fId="3" fbTx="0.740382096" lbTx="0.74038218" tId="0" fbRx="0.750382096" lbRx="0.75038218" />
<p fId="0" fbTx="0.74038218" lbTx="0.740383055" tId="1" fbRx="0.74038218" lbRx="0.740383055" />
<p fId="1" fbTx="0.740383055" lbTx="0.74038393" tId="4" fbRx="0.740383055" lbRx="0.74038393" />
<p fId="3" fbTx="0.740482096" lbTx="0.74048218" tId="0" fbRx="0.750482096" lbRx="0.75048218" />
<p fId="0" fbTx="0.74048218" lbTx="0.740483055" tId="1" fbRx="0.74048218" lbRx="0.740483055" />
<p fId="1" fbTx="0.740483055" lbTx="0.74048393" tId="4" fbRx="0.740483055" lbRx="0.74048393" />
<p fId="3" fbTx="0.740582096" lbTx="0.74058218" tId="0" fbRx="0.750582096" lbRx="0.75058218" />
<p fId="0" fbTx="0.74058218" lbTx="0.740583055" tId="1" fbRx="0.74058218" lbRx="0.740583055" />
<p fId="1" fbTx="0.740583055" lbTx="0.74058393" tId="4" fbRx="0.740583055" lbRx="0.74058393" />
<p fId="3" fbTx="0.740682096" lbTx="0.74068218" tId="0" fbRx="0.750682096" lbRx="0.75068218" />
<p fId="0" fbTx="0.74068218" lbTx="0.740683055" tId="1" fbRx="0.74068218" lbRx="0.740683055" />
<p fId="1" fbTx="0.740683055" lbTx="0.74068393" tId="4" fbRx="0.740683055" lbRx="0.74068393" />
<p fId="3" fbTx="0.740782096" lbTx="0.74078218" tId="0" fbRx="0.750782096" lbRx="0.75078218" />
<p fId="0" fbTx="0.74078218" lbTx="0.740783055" tId="1" fbRx="0.74078218" lbRx="0.740783055" />
<p fId="1" fbTx="0.740783055" lbTx="0.74078393" tId="4" fbRx="0.740783055" lbRx="0.74078393" />
<p fId="3" fbTx="0.740882096" lbTx="0.74088218" tId="0" fbRx="0.750882096" lbRx="0.75088218" />
<p fId="0" fbTx="0.74088218" lbTx="0.740883055" tId="1" fbRx="0.74088218" lbRx="0.740883055" />
<p fId="1" fbTx="0.740883055" lbTx="0.74088393" tId="4" fbRx="0.740883055" lbRx="0.74088393" />
<p fId="3" fbTx="0.740982096" lbTx="0.74098218" tId="0" fbRx="0.750982096" lbRx="0.75098218" />
<p fId="0" fbTx="0.74098218" lbTx="0.740983055" tId="1" fbRx="0.74098218" lbRx="0.740983055" />
<p fId="1" fbTx="0.740983055" lbTx="0.74098393" tId="4" fbRx="0.740983055" lbRx="0.74098393" />
<p fId="3" fbTx="0.741082096" lbTx="0.74108218" tId="0" fbRx="0.751082096" lbRx="0.75108218" />
<p fId="0" fbTx="0.74108218" lbTx="0.741083055" tId="1" fbRx="0.74108218" lbRx="0.741083055" />
<p fId="1" fbTx="0.741083055" lbTx="0.74108393" tId="4" fbRx="0.741083055" lbRx="0.74108393" />
<p fId="3" fbTx="0.741182096" lbTx="0.74118218" tId="0" fbRx="0.751182096" lbRx="0.75118218" />
<p fId="0" fbTx="0.74118218" lbTx="0.741183055" tId="1" fbRx="0.74118218" lbRx="0.741183055" />
<p fId="1" fbTx="0.741183055" lbTx="0.74118393" tId="4" fbRx="0.741183055" lbRx="0.74118393" />
<pr uId="719" fId="4" fbTx="0.741214286" />
<wpr uId="719" tId="5" fbRx="0.741214286" lbRx="0" />
<wpr uId="719" tId="6" fbRx="0.741214286" lbRx="0" />
<p fId="3" fbTx="0.741282096" lbTx="0.74128218" tId="0" fbRx="0.751282096" lbRx="0.75128218" />
<p fId="0" fbTx="0.74128218" lbTx="0.741283055" tId="1" fbRx="0.74128218" lbRx="0.741283055" />
<p fId="1" fbTx="0.741283055" lbTx="0.74128393" tId="4" fbRx="0.741283055" lbRx="0.74128393" />
<p fId="3" fbTx="0.741382096" lbTx="0.74138218" tId="0" fbRx="0.751382096" lbRx="0.75138218" />
<p fId="0" fbTx="0.74138218" lbTx="0.741383055" tId="1" fbRx="0.74138218" lbRx="0.741383055" />
<p fId="1" fbTx="0.741383055" lbTx="0.74138393" tId="4" fbRx="0.741383055" lbRx="0.74138393" />
<p fId="3" fbTx="0.741482096" lbTx="0.74148218" tId="0" fbRx="0.751482096" lbRx="0.75148218" />
<p fId="0" fbTx="0.74148218" lbTx="0.741483055" tId="1" fbRx="0.74148218" lbRx="0.741483055" />
<p fId="1" fbTx="0.741483055" lbTx="0.74148393" tId="4" fbRx="0.741483055" lbRx="0.74148393" />
<p fId="3" fbTx="0.741582096" lbTx="0.74158218" tId="0" fbRx="0.751582096" lbRx="0.75158218" />
<p fId="0" fbTx="0.74158218" lbTx="0.741583055" tId="1" fbRx="0.74158218" lbRx="0.741583055" />
<p fId="1" fbTx="0.741583055" lbTx="0.74158393" tId="4" fbRx="0.741583055" lbRx="0.74158393" />
<p fId="3" fbTx="0.741682096" lbTx="0.74168218" tId="0" fbRx="0.751682096" lbRx="0.75168218" />
<p fId="0" fbTx="0.74168218" lbTx="0.741683055" tId="1" fbRx="0.74168218" lbRx="0.741683055" />
<p fId="1" fbTx="0.741683055" lbTx="0.74168393" tId="4" fbRx="0.741683055" lbRx="0.74168393" />
<p fId="3" fbTx="0.741782096" lbTx="0.74178218" tId="0" fbRx="0.751782096" lbRx="0.75178218" />
<p fId="0" fbTx="0.74178218" lbTx="0.741783055" tId="1" fbRx="0.74178218" lbRx="0.741783055" />
<p fId="1" fbTx="0.741783055" lbTx="0.74178393" tId="4" fbRx="0.741783055" lbRx="0.74178393" />
<p fId="3" fbTx="0.741882096" lbTx="0.74188218" tId="0" fbRx="0.751882096" lbRx="0.75188218" />
<p fId="0" fbTx="0.74188218" lbTx="0.741883055" tId="1" fbRx="0.74188218" lbRx="0.741883055" />
<p fId="1" fbTx="0.741883055" lbTx="0.74188393" tId="4" fbRx="0.741883055" lbRx="0.74188393" />
<p fId="3" fbTx="0.741982096" lbTx="0.74198218" tId="0" fbRx="0.751982096" lbRx="0.75198218" />
<p fId="0" fbTx="0.74198218" lbTx="0.741983055" tId="1" fbRx="0.74198218" lbRx="0.741983055" />
<p fId="1" fbTx="0.741983055" lbTx="0.74198393" tId="4" fbRx="0.741983055" lbRx="0.74198393" />
<p fId="3" fbTx="0.742082096" lbTx="0.74208218" tId="0" fbRx="0.752082096" lbRx="0.75208218" />
<p fId="0" fbTx="0.74208218" lbTx="0.742083055" tId="1" fbRx="0.74208218" lbRx="0.742083055" />
<p fId="1" fbTx="0.742083055" lbTx="0.74208393" tId="4" fbRx="0.742083055" lbRx="0.74208393" />
<p fId="3" fbTx="0.742182096" lbTx="0.74218218" tId="0" fbRx="0.752182096" lbRx="0.75218218" />
<p fId="0" fbTx="0.74218218" lbTx="0.742183055" tId="1" fbRx="0.74218218" lbRx="0.742183055" />
<p fId="1" fbTx="0.742183055" lbTx="0.74218393" tId="4" fbRx="0.742183055" lbRx="0.74218393" />
<pr uId="720" fId="4" fbTx="0.742214286" />
<wpr uId="720" tId="5" fbRx="0.742214286" lbRx="0" />
<wpr uId="720" tId="6" fbRx="0.742214286" lbRx="0" />
<p fId="3" fbTx="0.742282096" lbTx="0.74228218" tId="0" fbRx="0.752282096" lbRx="0.75228218" />
<p fId="0" fbTx="0.74228218" lbTx="0.742283055" tId="1" fbRx="0.74228218" lbRx="0.742283055" />
<p fId="1" fbTx="0.742283055" lbTx="0.74228393" tId="4" fbRx="0.742283055" lbRx="0.74228393" />
<p fId="3" fbTx="0.742382096" lbTx="0.74238218" tId="0" fbRx="0.752382096" lbRx="0.75238218" />
<p fId="0" fbTx="0.74238218" lbTx="0.742383055" tId="1" fbRx="0.74238218" lbRx="0.742383055" />
<p fId="1" fbTx="0.742383055" lbTx="0.74238393" tId="4" fbRx="0.742383055" lbRx="0.74238393" />
<p fId="3" fbTx="0.742482096" lbTx="0.74248218" tId="0" fbRx="0.752482096" lbRx="0.75248218" />
<p fId="0" fbTx="0.74248218" lbTx="0.742483055" tId="1" fbRx="0.74248218" lbRx="0.742483055" />
<p fId="1" fbTx="0.742483055" lbTx="0.74248393" tId="4" fbRx="0.742483055" lbRx="0.74248393" />
<p fId="3" fbTx="0.742582096" lbTx="0.74258218" tId="0" fbRx="0.752582096" lbRx="0.75258218" />
<p fId="0" fbTx="0.74258218" lbTx="0.742583055" tId="1" fbRx="0.74258218" lbRx="0.742583055" />
<p fId="1" fbTx="0.742583055" lbTx="0.74258393" tId="4" fbRx="0.742583055" lbRx="0.74258393" />
<p fId="3" fbTx="0.742682096" lbTx="0.74268218" tId="0" fbRx="0.752682096" lbRx="0.75268218" />
<p fId="0" fbTx="0.74268218" lbTx="0.742683055" tId="1" fbRx="0.74268218" lbRx="0.742683055" />
<p fId="1" fbTx="0.742683055" lbTx="0.74268393" tId="4" fbRx="0.742683055" lbRx="0.74268393" />
<p fId="3" fbTx="0.742782096" lbTx="0.74278218" tId="0" fbRx="0.752782096" lbRx="0.75278218" />
<p fId="0" fbTx="0.74278218" lbTx="0.742783055" tId="1" fbRx="0.74278218" lbRx="0.742783055" />
<p fId="1" fbTx="0.742783055" lbTx="0.74278393" tId="4" fbRx="0.742783055" lbRx="0.74278393" />
<p fId="3" fbTx="0.742882096" lbTx="0.74288218" tId="0" fbRx="0.752882096" lbRx="0.75288218" />
<p fId="0" fbTx="0.74288218" lbTx="0.742883055" tId="1" fbRx="0.74288218" lbRx="0.742883055" />
<p fId="1" fbTx="0.742883055" lbTx="0.74288393" tId="4" fbRx="0.742883055" lbRx="0.74288393" />
<p fId="3" fbTx="0.742982096" lbTx="0.74298218" tId="0" fbRx="0.752982096" lbRx="0.75298218" />
<p fId="0" fbTx="0.74298218" lbTx="0.742983055" tId="1" fbRx="0.74298218" lbRx="0.742983055" />
<p fId="1" fbTx="0.742983055" lbTx="0.74298393" tId="4" fbRx="0.742983055" lbRx="0.74298393" />
<p fId="3" fbTx="0.743082096" lbTx="0.74308218" tId="0" fbRx="0.753082096" lbRx="0.75308218" />
<p fId="0" fbTx="0.74308218" lbTx="0.743083055" tId="1" fbRx="0.74308218" lbRx="0.743083055" />
<p fId="1" fbTx="0.743083055" lbTx="0.74308393" tId="4" fbRx="0.743083055" lbRx="0.74308393" />
<p fId="3" fbTx="0.743182096" lbTx="0.74318218" tId="0" fbRx="0.753182096" lbRx="0.75318218" />
<p fId="0" fbTx="0.74318218" lbTx="0.743183055" tId="1" fbRx="0.74318218" lbRx="0.743183055" />
<p fId="1" fbTx="0.743183055" lbTx="0.74318393" tId="4" fbRx="0.743183055" lbRx="0.74318393" />
<pr uId="721" fId="4" fbTx="0.743214286" />
<wpr uId="721" tId="5" fbRx="0.743214286" lbRx="0" />
<wpr uId="721" tId="6" fbRx="0.743214286" lbRx="0" />
<p fId="3" fbTx="0.743282096" lbTx="0.74328218" tId="0" fbRx="0.753282096" lbRx="0.75328218" />
<p fId="0" fbTx="0.74328218" lbTx="0.743283055" tId="1" fbRx="0.74328218" lbRx="0.743283055" />
<p fId="1" fbTx="0.743283055" lbTx="0.74328393" tId="4" fbRx="0.743283055" lbRx="0.74328393" />
<p fId="3" fbTx="0.743382096" lbTx="0.74338218" tId="0" fbRx="0.753382096" lbRx="0.75338218" />
<p fId="0" fbTx="0.74338218" lbTx="0.743383055" tId="1" fbRx="0.74338218" lbRx="0.743383055" />
<p fId="1" fbTx="0.743383055" lbTx="0.74338393" tId="4" fbRx="0.743383055" lbRx="0.74338393" />
<p fId="3" fbTx="0.743482096" lbTx="0.74348218" tId="0" fbRx="0.753482096" lbRx="0.75348218" />
<p fId="0" fbTx="0.74348218" lbTx="0.743483055" tId="1" fbRx="0.74348218" lbRx="0.743483055" />
<p fId="1" fbTx="0.743483055" lbTx="0.74348393" tId="4" fbRx="0.743483055" lbRx="0.74348393" />
<p fId="3" fbTx="0.743582096" lbTx="0.74358218" tId="0" fbRx="0.753582096" lbRx="0.75358218" />
<p fId="0" fbTx="0.74358218" lbTx="0.743583055" tId="1" fbRx="0.74358218" lbRx="0.743583055" />
<p fId="1" fbTx="0.743583055" lbTx="0.74358393" tId="4" fbRx="0.743583055" lbRx="0.74358393" />
<p fId="3" fbTx="0.743682096" lbTx="0.74368218" tId="0" fbRx="0.753682096" lbRx="0.75368218" />
<p fId="0" fbTx="0.74368218" lbTx="0.743683055" tId="1" fbRx="0.74368218" lbRx="0.743683055" />
<p fId="1" fbTx="0.743683055" lbTx="0.74368393" tId="4" fbRx="0.743683055" lbRx="0.74368393" />
<p fId="3" fbTx="0.743782096" lbTx="0.74378218" tId="0" fbRx="0.753782096" lbRx="0.75378218" />
<p fId="0" fbTx="0.74378218" lbTx="0.743783055" tId="1" fbRx="0.74378218" lbRx="0.743783055" />
<p fId="1" fbTx="0.743783055" lbTx="0.74378393" tId="4" fbRx="0.743783055" lbRx="0.74378393" />
<p fId="3" fbTx="0.743882096" lbTx="0.74388218" tId="0" fbRx="0.753882096" lbRx="0.75388218" />
<p fId="0" fbTx="0.74388218" lbTx="0.743883055" tId="1" fbRx="0.74388218" lbRx="0.743883055" />
<p fId="1" fbTx="0.743883055" lbTx="0.74388393" tId="4" fbRx="0.743883055" lbRx="0.74388393" />
<p fId="3" fbTx="0.743982096" lbTx="0.74398218" tId="0" fbRx="0.753982096" lbRx="0.75398218" />
<p fId="0" fbTx="0.74398218" lbTx="0.743983055" tId="1" fbRx="0.74398218" lbRx="0.743983055" />
<p fId="1" fbTx="0.743983055" lbTx="0.74398393" tId="4" fbRx="0.743983055" lbRx="0.74398393" />
<p fId="3" fbTx="0.744082096" lbTx="0.74408218" tId="0" fbRx="0.754082096" lbRx="0.75408218" />
<p fId="0" fbTx="0.74408218" lbTx="0.744083055" tId="1" fbRx="0.74408218" lbRx="0.744083055" />
<p fId="1" fbTx="0.744083055" lbTx="0.74408393" tId="4" fbRx="0.744083055" lbRx="0.74408393" />
<p fId="3" fbTx="0.744182096" lbTx="0.74418218" tId="0" fbRx="0.754182096" lbRx="0.75418218" />
<p fId="0" fbTx="0.74418218" lbTx="0.744183055" tId="1" fbRx="0.74418218" lbRx="0.744183055" />
<p fId="1" fbTx="0.744183055" lbTx="0.74418393" tId="4" fbRx="0.744183055" lbRx="0.74418393" />
<pr uId="722" fId="4" fbTx="0.744214286" />
<wpr uId="722" tId="5" fbRx="0.744214286" lbRx="0" />
<wpr uId="722" tId="6" fbRx="0.744214286" lbRx="0" />
<p fId="3" fbTx="0.744282096" lbTx="0.74428218" tId="0" fbRx="0.754282096" lbRx="0.75428218" />
<p fId="0" fbTx="0.74428218" lbTx="0.744283055" tId="1" fbRx="0.74428218" lbRx="0.744283055" />
<p fId="1" fbTx="0.744283055" lbTx="0.74428393" tId="4" fbRx="0.744283055" lbRx="0.74428393" />
<p fId="3" fbTx="0.744382096" lbTx="0.74438218" tId="0" fbRx="0.754382096" lbRx="0.75438218" />
<p fId="0" fbTx="0.74438218" lbTx="0.744383055" tId="1" fbRx="0.74438218" lbRx="0.744383055" />
<p fId="1" fbTx="0.744383055" lbTx="0.74438393" tId="4" fbRx="0.744383055" lbRx="0.74438393" />
<p fId="3" fbTx="0.744482096" lbTx="0.74448218" tId="0" fbRx="0.754482096" lbRx="0.75448218" />
<p fId="0" fbTx="0.74448218" lbTx="0.744483055" tId="1" fbRx="0.74448218" lbRx="0.744483055" />
<p fId="1" fbTx="0.744483055" lbTx="0.74448393" tId="4" fbRx="0.744483055" lbRx="0.74448393" />
<p fId="3" fbTx="0.744582096" lbTx="0.74458218" tId="0" fbRx="0.754582096" lbRx="0.75458218" />
<p fId="0" fbTx="0.74458218" lbTx="0.744583055" tId="1" fbRx="0.74458218" lbRx="0.744583055" />
<p fId="1" fbTx="0.744583055" lbTx="0.74458393" tId="4" fbRx="0.744583055" lbRx="0.74458393" />
<p fId="3" fbTx="0.744682096" lbTx="0.74468218" tId="0" fbRx="0.754682096" lbRx="0.75468218" />
<p fId="0" fbTx="0.74468218" lbTx="0.744683055" tId="1" fbRx="0.74468218" lbRx="0.744683055" />
<p fId="1" fbTx="0.744683055" lbTx="0.74468393" tId="4" fbRx="0.744683055" lbRx="0.74468393" />
<p fId="3" fbTx="0.744782096" lbTx="0.74478218" tId="0" fbRx="0.754782096" lbRx="0.75478218" />
<p fId="0" fbTx="0.74478218" lbTx="0.744783055" tId="1" fbRx="0.74478218" lbRx="0.744783055" />
<p fId="1" fbTx="0.744783055" lbTx="0.74478393" tId="4" fbRx="0.744783055" lbRx="0.74478393" />
<p fId="3" fbTx="0.744882096" lbTx="0.74488218" tId="0" fbRx="0.754882096" lbRx="0.75488218" />
<p fId="0" fbTx="0.74488218" lbTx="0.744883055" tId="1" fbRx="0.74488218" lbRx="0.744883055" />
<p fId="1" fbTx="0.744883055" lbTx="0.74488393" tId="4" fbRx="0.744883055" lbRx="0.74488393" />
<p fId="3" fbTx="0.744982096" lbTx="0.74498218" tId="0" fbRx="0.754982096" lbRx="0.75498218" />
<p fId="0" fbTx="0.74498218" lbTx="0.744983055" tId="1" fbRx="0.74498218" lbRx="0.744983055" />
<p fId="1" fbTx="0.744983055" lbTx="0.74498393" tId="4" fbRx="0.744983055" lbRx="0.74498393" />
<p fId="3" fbTx="0.745082096" lbTx="0.74508218" tId="0" fbRx="0.755082096" lbRx="0.75508218" />
<p fId="0" fbTx="0.74508218" lbTx="0.745083055" tId="1" fbRx="0.74508218" lbRx="0.745083055" />
<p fId="1" fbTx="0.745083055" lbTx="0.74508393" tId="4" fbRx="0.745083055" lbRx="0.74508393" />
<p fId="3" fbTx="0.745182096" lbTx="0.74518218" tId="0" fbRx="0.755182096" lbRx="0.75518218" />
<p fId="0" fbTx="0.74518218" lbTx="0.745183055" tId="1" fbRx="0.74518218" lbRx="0.745183055" />
<p fId="1" fbTx="0.745183055" lbTx="0.74518393" tId="4" fbRx="0.745183055" lbRx="0.74518393" />
<pr uId="723" fId="4" fbTx="0.745214286" />
<wpr uId="723" tId="5" fbRx="0.745214286" lbRx="0" />
<wpr uId="723" tId="6" fbRx="0.745214286" lbRx="0" />
<p fId="3" fbTx="0.745282096" lbTx="0.74528218" tId="0" fbRx="0.755282096" lbRx="0.75528218" />
<p fId="0" fbTx="0.74528218" lbTx="0.745283055" tId="1" fbRx="0.74528218" lbRx="0.745283055" />
<p fId="1" fbTx="0.745283055" lbTx="0.74528393" tId="4" fbRx="0.745283055" lbRx="0.74528393" />
<p fId="3" fbTx="0.745382096" lbTx="0.74538218" tId="0" fbRx="0.755382096" lbRx="0.75538218" />
<p fId="0" fbTx="0.74538218" lbTx="0.745383055" tId="1" fbRx="0.74538218" lbRx="0.745383055" />
<p fId="1" fbTx="0.745383055" lbTx="0.74538393" tId="4" fbRx="0.745383055" lbRx="0.74538393" />
<p fId="3" fbTx="0.745482096" lbTx="0.74548218" tId="0" fbRx="0.755482096" lbRx="0.75548218" />
<p fId="0" fbTx="0.74548218" lbTx="0.745483055" tId="1" fbRx="0.74548218" lbRx="0.745483055" />
<p fId="1" fbTx="0.745483055" lbTx="0.74548393" tId="4" fbRx="0.745483055" lbRx="0.74548393" />
<p fId="3" fbTx="0.745582096" lbTx="0.74558218" tId="0" fbRx="0.755582096" lbRx="0.75558218" />
<p fId="0" fbTx="0.74558218" lbTx="0.745583055" tId="1" fbRx="0.74558218" lbRx="0.745583055" />
<p fId="1" fbTx="0.745583055" lbTx="0.74558393" tId="4" fbRx="0.745583055" lbRx="0.74558393" />
<p fId="3" fbTx="0.745682096" lbTx="0.74568218" tId="0" fbRx="0.755682096" lbRx="0.75568218" />
<p fId="0" fbTx="0.74568218" lbTx="0.745683055" tId="1" fbRx="0.74568218" lbRx="0.745683055" />
<p fId="1" fbTx="0.745683055" lbTx="0.74568393" tId="4" fbRx="0.745683055" lbRx="0.74568393" />
<p fId="3" fbTx="0.745782096" lbTx="0.74578218" tId="0" fbRx="0.755782096" lbRx="0.75578218" />
<p fId="0" fbTx="0.74578218" lbTx="0.745783055" tId="1" fbRx="0.74578218" lbRx="0.745783055" />
<p fId="1" fbTx="0.745783055" lbTx="0.74578393" tId="4" fbRx="0.745783055" lbRx="0.74578393" />
<p fId="3" fbTx="0.745882096" lbTx="0.74588218" tId="0" fbRx="0.755882096" lbRx="0.75588218" />
<p fId="0" fbTx="0.74588218" lbTx="0.745883055" tId="1" fbRx="0.74588218" lbRx="0.745883055" />
<p fId="1" fbTx="0.745883055" lbTx="0.74588393" tId="4" fbRx="0.745883055" lbRx="0.74588393" />
<p fId="3" fbTx="0.745982096" lbTx="0.74598218" tId="0" fbRx="0.755982096" lbRx="0.75598218" />
<p fId="0" fbTx="0.74598218" lbTx="0.745983055" tId="1" fbRx="0.74598218" lbRx="0.745983055" />
<p fId="1" fbTx="0.745983055" lbTx="0.74598393" tId="4" fbRx="0.745983055" lbRx="0.74598393" />
<p fId="3" fbTx="0.746082096" lbTx="0.74608218" tId="0" fbRx="0.756082096" lbRx="0.75608218" />
<p fId="0" fbTx="0.74608218" lbTx="0.746083055" tId="1" fbRx="0.74608218" lbRx="0.746083055" />
<p fId="1" fbTx="0.746083055" lbTx="0.74608393" tId="4" fbRx="0.746083055" lbRx="0.74608393" />
<p fId="3" fbTx="0.746182096" lbTx="0.74618218" tId="0" fbRx="0.756182096" lbRx="0.75618218" />
<p fId="0" fbTx="0.74618218" lbTx="0.746183055" tId="1" fbRx="0.74618218" lbRx="0.746183055" />
<p fId="1" fbTx="0.746183055" lbTx="0.74618393" tId="4" fbRx="0.746183055" lbRx="0.74618393" />
<pr uId="724" fId="4" fbTx="0.746214286" />
<wpr uId="724" tId="5" fbRx="0.746214286" lbRx="0" />
<wpr uId="724" tId="6" fbRx="0.746214286" lbRx="0" />
<p fId="3" fbTx="0.746282096" lbTx="0.74628218" tId="0" fbRx="0.756282096" lbRx="0.75628218" />
<p fId="0" fbTx="0.74628218" lbTx="0.746283055" tId="1" fbRx="0.74628218" lbRx="0.746283055" />
<p fId="1" fbTx="0.746283055" lbTx="0.74628393" tId="4" fbRx="0.746283055" lbRx="0.74628393" />
<p fId="3" fbTx="0.746382096" lbTx="0.74638218" tId="0" fbRx="0.756382096" lbRx="0.75638218" />
<p fId="0" fbTx="0.74638218" lbTx="0.746383055" tId="1" fbRx="0.74638218" lbRx="0.746383055" />
<p fId="1" fbTx="0.746383055" lbTx="0.74638393" tId="4" fbRx="0.746383055" lbRx="0.74638393" />
<p fId="3" fbTx="0.746482096" lbTx="0.74648218" tId="0" fbRx="0.756482096" lbRx="0.75648218" />
<p fId="0" fbTx="0.74648218" lbTx="0.746483055" tId="1" fbRx="0.74648218" lbRx="0.746483055" />
<p fId="1" fbTx="0.746483055" lbTx="0.74648393" tId="4" fbRx="0.746483055" lbRx="0.74648393" />
<p fId="3" fbTx="0.746582096" lbTx="0.74658218" tId="0" fbRx="0.756582096" lbRx="0.75658218" />
<p fId="0" fbTx="0.74658218" lbTx="0.746583055" tId="1" fbRx="0.74658218" lbRx="0.746583055" />
<p fId="1" fbTx="0.746583055" lbTx="0.74658393" tId="4" fbRx="0.746583055" lbRx="0.74658393" />
<p fId="3" fbTx="0.746682096" lbTx="0.74668218" tId="0" fbRx="0.756682096" lbRx="0.75668218" />
<p fId="0" fbTx="0.74668218" lbTx="0.746683055" tId="1" fbRx="0.74668218" lbRx="0.746683055" />
<p fId="1" fbTx="0.746683055" lbTx="0.74668393" tId="4" fbRx="0.746683055" lbRx="0.74668393" />
<p fId="3" fbTx="0.746782096" lbTx="0.74678218" tId="0" fbRx="0.756782096" lbRx="0.75678218" />
<p fId="0" fbTx="0.74678218" lbTx="0.746783055" tId="1" fbRx="0.74678218" lbRx="0.746783055" />
<p fId="1" fbTx="0.746783055" lbTx="0.74678393" tId="4" fbRx="0.746783055" lbRx="0.74678393" />
<p fId="3" fbTx="0.746882096" lbTx="0.74688218" tId="0" fbRx="0.756882096" lbRx="0.75688218" />
<p fId="0" fbTx="0.74688218" lbTx="0.746883055" tId="1" fbRx="0.74688218" lbRx="0.746883055" />
<p fId="1" fbTx="0.746883055" lbTx="0.74688393" tId="4" fbRx="0.746883055" lbRx="0.74688393" />
<p fId="3" fbTx="0.746982096" lbTx="0.74698218" tId="0" fbRx="0.756982096" lbRx="0.75698218" />
<p fId="0" fbTx="0.74698218" lbTx="0.746983055" tId="1" fbRx="0.74698218" lbRx="0.746983055" />
<p fId="1" fbTx="0.746983055" lbTx="0.74698393" tId="4" fbRx="0.746983055" lbRx="0.74698393" />
<p fId="3" fbTx="0.747082096" lbTx="0.74708218" tId="0" fbRx="0.757082096" lbRx="0.75708218" />
<p fId="0" fbTx="0.74708218" lbTx="0.747083055" tId="1" fbRx="0.74708218" lbRx="0.747083055" />
<p fId="1" fbTx="0.747083055" lbTx="0.74708393" tId="4" fbRx="0.747083055" lbRx="0.74708393" />
<p fId="3" fbTx="0.747182096" lbTx="0.74718218" tId="0" fbRx="0.757182096" lbRx="0.75718218" />
<p fId="0" fbTx="0.74718218" lbTx="0.747183055" tId="1" fbRx="0.74718218" lbRx="0.747183055" />
<p fId="1" fbTx="0.747183055" lbTx="0.74718393" tId="4" fbRx="0.747183055" lbRx="0.74718393" />
<pr uId="725" fId="4" fbTx="0.747214286" />
<wpr uId="725" tId="5" fbRx="0.747214286" lbRx="0" />
<wpr uId="725" tId="6" fbRx="0.747214286" lbRx="0" />
<p fId="3" fbTx="0.747282096" lbTx="0.74728218" tId="0" fbRx="0.757282096" lbRx="0.75728218" />
<p fId="0" fbTx="0.74728218" lbTx="0.747283055" tId="1" fbRx="0.74728218" lbRx="0.747283055" />
<p fId="1" fbTx="0.747283055" lbTx="0.74728393" tId="4" fbRx="0.747283055" lbRx="0.74728393" />
<p fId="3" fbTx="0.747382096" lbTx="0.74738218" tId="0" fbRx="0.757382096" lbRx="0.75738218" />
<p fId="0" fbTx="0.74738218" lbTx="0.747383055" tId="1" fbRx="0.74738218" lbRx="0.747383055" />
<p fId="1" fbTx="0.747383055" lbTx="0.74738393" tId="4" fbRx="0.747383055" lbRx="0.74738393" />
<p fId="3" fbTx="0.747482096" lbTx="0.74748218" tId="0" fbRx="0.757482096" lbRx="0.75748218" />
<p fId="0" fbTx="0.74748218" lbTx="0.747483055" tId="1" fbRx="0.74748218" lbRx="0.747483055" />
<p fId="1" fbTx="0.747483055" lbTx="0.74748393" tId="4" fbRx="0.747483055" lbRx="0.74748393" />
<p fId="3" fbTx="0.747582096" lbTx="0.74758218" tId="0" fbRx="0.757582096" lbRx="0.75758218" />
<p fId="0" fbTx="0.74758218" lbTx="0.747583055" tId="1" fbRx="0.74758218" lbRx="0.747583055" />
<p fId="1" fbTx="0.747583055" lbTx="0.74758393" tId="4" fbRx="0.747583055" lbRx="0.74758393" />
<p fId="3" fbTx="0.747682096" lbTx="0.74768218" tId="0" fbRx="0.757682096" lbRx="0.75768218" />
<p fId="0" fbTx="0.74768218" lbTx="0.747683055" tId="1" fbRx="0.74768218" lbRx="0.747683055" />
<p fId="1" fbTx="0.747683055" lbTx="0.74768393" tId="4" fbRx="0.747683055" lbRx="0.74768393" />
<p fId="3" fbTx="0.747782096" lbTx="0.74778218" tId="0" fbRx="0.757782096" lbRx="0.75778218" />
<p fId="0" fbTx="0.74778218" lbTx="0.747783055" tId="1" fbRx="0.74778218" lbRx="0.747783055" />
<p fId="1" fbTx="0.747783055" lbTx="0.74778393" tId="4" fbRx="0.747783055" lbRx="0.74778393" />
<p fId="3" fbTx="0.747882096" lbTx="0.74788218" tId="0" fbRx="0.757882096" lbRx="0.75788218" />
<p fId="0" fbTx="0.74788218" lbTx="0.747883055" tId="1" fbRx="0.74788218" lbRx="0.747883055" />
<p fId="1" fbTx="0.747883055" lbTx="0.74788393" tId="4" fbRx="0.747883055" lbRx="0.74788393" />
<p fId="3" fbTx="0.747982096" lbTx="0.74798218" tId="0" fbRx="0.757982096" lbRx="0.75798218" />
<p fId="0" fbTx="0.74798218" lbTx="0.747983055" tId="1" fbRx="0.74798218" lbRx="0.747983055" />
<p fId="1" fbTx="0.747983055" lbTx="0.74798393" tId="4" fbRx="0.747983055" lbRx="0.74798393" />
<p fId="3" fbTx="0.748082096" lbTx="0.74808218" tId="0" fbRx="0.758082096" lbRx="0.75808218" />
<p fId="0" fbTx="0.74808218" lbTx="0.748083055" tId="1" fbRx="0.74808218" lbRx="0.748083055" />
<p fId="1" fbTx="0.748083055" lbTx="0.74808393" tId="4" fbRx="0.748083055" lbRx="0.74808393" />
<p fId="3" fbTx="0.748182096" lbTx="0.74818218" tId="0" fbRx="0.758182096" lbRx="0.75818218" />
<p fId="0" fbTx="0.74818218" lbTx="0.748183055" tId="1" fbRx="0.74818218" lbRx="0.748183055" />
<p fId="1" fbTx="0.748183055" lbTx="0.74818393" tId="4" fbRx="0.748183055" lbRx="0.74818393" />
<pr uId="726" fId="4" fbTx="0.748214286" />
<wpr uId="726" tId="5" fbRx="0.748214286" lbRx="0" />
<wpr uId="726" tId="6" fbRx="0.748214286" lbRx="0" />
<p fId="3" fbTx="0.748282096" lbTx="0.74828218" tId="0" fbRx="0.758282096" lbRx="0.75828218" />
<p fId="0" fbTx="0.74828218" lbTx="0.748283055" tId="1" fbRx="0.74828218" lbRx="0.748283055" />
<p fId="1" fbTx="0.748283055" lbTx="0.74828393" tId="4" fbRx="0.748283055" lbRx="0.74828393" />
<p fId="3" fbTx="0.748382096" lbTx="0.74838218" tId="0" fbRx="0.758382096" lbRx="0.75838218" />
<p fId="0" fbTx="0.74838218" lbTx="0.748383055" tId="1" fbRx="0.74838218" lbRx="0.748383055" />
<p fId="1" fbTx="0.748383055" lbTx="0.74838393" tId="4" fbRx="0.748383055" lbRx="0.74838393" />
<p fId="3" fbTx="0.748482096" lbTx="0.74848218" tId="0" fbRx="0.758482096" lbRx="0.75848218" />
<p fId="0" fbTx="0.74848218" lbTx="0.748483055" tId="1" fbRx="0.74848218" lbRx="0.748483055" />
<p fId="1" fbTx="0.748483055" lbTx="0.74848393" tId="4" fbRx="0.748483055" lbRx="0.74848393" />
<p fId="3" fbTx="0.748582096" lbTx="0.74858218" tId="0" fbRx="0.758582096" lbRx="0.75858218" />
<p fId="0" fbTx="0.74858218" lbTx="0.748583055" tId="1" fbRx="0.74858218" lbRx="0.748583055" />
<p fId="1" fbTx="0.748583055" lbTx="0.74858393" tId="4" fbRx="0.748583055" lbRx="0.74858393" />
<p fId="3" fbTx="0.748682096" lbTx="0.74868218" tId="0" fbRx="0.758682096" lbRx="0.75868218" />
<p fId="0" fbTx="0.74868218" lbTx="0.748683055" tId="1" fbRx="0.74868218" lbRx="0.748683055" />
<p fId="1" fbTx="0.748683055" lbTx="0.74868393" tId="4" fbRx="0.748683055" lbRx="0.74868393" />
<p fId="3" fbTx="0.748782096" lbTx="0.74878218" tId="0" fbRx="0.758782096" lbRx="0.75878218" />
<p fId="0" fbTx="0.74878218" lbTx="0.748783055" tId="1" fbRx="0.74878218" lbRx="0.748783055" />
<p fId="1" fbTx="0.748783055" lbTx="0.74878393" tId="4" fbRx="0.748783055" lbRx="0.74878393" />
<p fId="3" fbTx="0.748882096" lbTx="0.74888218" tId="0" fbRx="0.758882096" lbRx="0.75888218" />
<p fId="0" fbTx="0.74888218" lbTx="0.748883055" tId="1" fbRx="0.74888218" lbRx="0.748883055" />
<p fId="1" fbTx="0.748883055" lbTx="0.74888393" tId="4" fbRx="0.748883055" lbRx="0.74888393" />
<p fId="3" fbTx="0.748982096" lbTx="0.74898218" tId="0" fbRx="0.758982096" lbRx="0.75898218" />
<p fId="0" fbTx="0.74898218" lbTx="0.748983055" tId="1" fbRx="0.74898218" lbRx="0.748983055" />
<p fId="1" fbTx="0.748983055" lbTx="0.74898393" tId="4" fbRx="0.748983055" lbRx="0.74898393" />
<p fId="3" fbTx="0.749082096" lbTx="0.74908218" tId="0" fbRx="0.759082096" lbRx="0.75908218" />
<p fId="0" fbTx="0.74908218" lbTx="0.749083055" tId="1" fbRx="0.74908218" lbRx="0.749083055" />
<p fId="1" fbTx="0.749083055" lbTx="0.74908393" tId="4" fbRx="0.749083055" lbRx="0.74908393" />
<p fId="3" fbTx="0.749182096" lbTx="0.74918218" tId="0" fbRx="0.759182096" lbRx="0.75918218" />
<p fId="0" fbTx="0.74918218" lbTx="0.749183055" tId="1" fbRx="0.74918218" lbRx="0.749183055" />
<p fId="1" fbTx="0.749183055" lbTx="0.74918393" tId="4" fbRx="0.749183055" lbRx="0.74918393" />
<pr uId="727" fId="4" fbTx="0.749214286" />
<wpr uId="727" tId="5" fbRx="0.749214286" lbRx="0" />
<wpr uId="727" tId="6" fbRx="0.749214286" lbRx="0" />
<p fId="3" fbTx="0.749282096" lbTx="0.74928218" tId="0" fbRx="0.759282096" lbRx="0.75928218" />
<p fId="0" fbTx="0.74928218" lbTx="0.749283055" tId="1" fbRx="0.74928218" lbRx="0.749283055" />
<p fId="1" fbTx="0.749283055" lbTx="0.74928393" tId="4" fbRx="0.749283055" lbRx="0.74928393" />
<p fId="3" fbTx="0.749382096" lbTx="0.74938218" tId="0" fbRx="0.759382096" lbRx="0.75938218" />
<p fId="0" fbTx="0.74938218" lbTx="0.749383055" tId="1" fbRx="0.74938218" lbRx="0.749383055" />
<p fId="1" fbTx="0.749383055" lbTx="0.74938393" tId="4" fbRx="0.749383055" lbRx="0.74938393" />
<p fId="3" fbTx="0.749482096" lbTx="0.74948218" tId="0" fbRx="0.759482096" lbRx="0.75948218" />
<p fId="0" fbTx="0.74948218" lbTx="0.749483055" tId="1" fbRx="0.74948218" lbRx="0.749483055" />
<p fId="1" fbTx="0.749483055" lbTx="0.74948393" tId="4" fbRx="0.749483055" lbRx="0.74948393" />
<p fId="3" fbTx="0.749582096" lbTx="0.74958218" tId="0" fbRx="0.759582096" lbRx="0.75958218" />
<p fId="0" fbTx="0.74958218" lbTx="0.749583055" tId="1" fbRx="0.74958218" lbRx="0.749583055" />
<p fId="1" fbTx="0.749583055" lbTx="0.74958393" tId="4" fbRx="0.749583055" lbRx="0.74958393" />
<p fId="3" fbTx="0.749682096" lbTx="0.74968218" tId="0" fbRx="0.759682096" lbRx="0.75968218" />
<p fId="0" fbTx="0.74968218" lbTx="0.749683055" tId="1" fbRx="0.74968218" lbRx="0.749683055" />
<p fId="1" fbTx="0.749683055" lbTx="0.74968393" tId="4" fbRx="0.749683055" lbRx="0.74968393" />
<p fId="3" fbTx="0.749782096" lbTx="0.74978218" tId="0" fbRx="0.759782096" lbRx="0.75978218" />
<p fId="0" fbTx="0.74978218" lbTx="0.749783055" tId="1" fbRx="0.74978218" lbRx="0.749783055" />
<p fId="1" fbTx="0.749783055" lbTx="0.74978393" tId="4" fbRx="0.749783055" lbRx="0.74978393" />
<p fId="3" fbTx="0.749882096" lbTx="0.74988218" tId="0" fbRx="0.759882096" lbRx="0.75988218" />
<p fId="0" fbTx="0.74988218" lbTx="0.749883055" tId="1" fbRx="0.74988218" lbRx="0.749883055" />
<p fId="1" fbTx="0.749883055" lbTx="0.74988393" tId="4" fbRx="0.749883055" lbRx="0.74988393" />
<p fId="3" fbTx="0.749982096" lbTx="0.74998218" tId="0" fbRx="0.759982096" lbRx="0.75998218" />
<p fId="0" fbTx="0.74998218" lbTx="0.749983055" tId="1" fbRx="0.74998218" lbRx="0.749983055" />
<p fId="1" fbTx="0.749983055" lbTx="0.74998393" tId="4" fbRx="0.749983055" lbRx="0.74998393" />
<p fId="3" fbTx="0.750082096" lbTx="0.75008218" tId="0" fbRx="0.760082096" lbRx="0.76008218" />
<p fId="0" fbTx="0.75008218" lbTx="0.750083055" tId="1" fbRx="0.75008218" lbRx="0.750083055" />
<p fId="1" fbTx="0.750083055" lbTx="0.75008393" tId="4" fbRx="0.750083055" lbRx="0.75008393" />
<p fId="3" fbTx="0.750182096" lbTx="0.75018218" tId="0" fbRx="0.760182096" lbRx="0.76018218" />
<p fId="0" fbTx="0.75018218" lbTx="0.750183055" tId="1" fbRx="0.75018218" lbRx="0.750183055" />
<p fId="1" fbTx="0.750183055" lbTx="0.75018393" tId="4" fbRx="0.750183055" lbRx="0.75018393" />
<pr uId="728" fId="4" fbTx="0.750214286" />
<wpr uId="728" tId="5" fbRx="0.750214286" lbRx="0" />
<wpr uId="728" tId="6" fbRx="0.750214286" lbRx="0" />
<p fId="3" fbTx="0.750282096" lbTx="0.75028218" tId="0" fbRx="0.760282096" lbRx="0.76028218" />
<p fId="0" fbTx="0.75028218" lbTx="0.750283055" tId="1" fbRx="0.75028218" lbRx="0.750283055" />
<p fId="1" fbTx="0.750283055" lbTx="0.75028393" tId="4" fbRx="0.750283055" lbRx="0.75028393" />
<p fId="3" fbTx="0.750382096" lbTx="0.75038218" tId="0" fbRx="0.760382096" lbRx="0.76038218" />
<p fId="0" fbTx="0.75038218" lbTx="0.750383055" tId="1" fbRx="0.75038218" lbRx="0.750383055" />
<p fId="1" fbTx="0.750383055" lbTx="0.75038393" tId="4" fbRx="0.750383055" lbRx="0.75038393" />
<p fId="3" fbTx="0.750482096" lbTx="0.75048218" tId="0" fbRx="0.760482096" lbRx="0.76048218" />
<p fId="0" fbTx="0.75048218" lbTx="0.750483055" tId="1" fbRx="0.75048218" lbRx="0.750483055" />
<p fId="1" fbTx="0.750483055" lbTx="0.75048393" tId="4" fbRx="0.750483055" lbRx="0.75048393" />
<p fId="3" fbTx="0.750582096" lbTx="0.75058218" tId="0" fbRx="0.760582096" lbRx="0.76058218" />
<p fId="0" fbTx="0.75058218" lbTx="0.750583055" tId="1" fbRx="0.75058218" lbRx="0.750583055" />
<p fId="1" fbTx="0.750583055" lbTx="0.75058393" tId="4" fbRx="0.750583055" lbRx="0.75058393" />
<p fId="3" fbTx="0.750682096" lbTx="0.75068218" tId="0" fbRx="0.760682096" lbRx="0.76068218" />
<p fId="0" fbTx="0.75068218" lbTx="0.750683055" tId="1" fbRx="0.75068218" lbRx="0.750683055" />
<p fId="1" fbTx="0.750683055" lbTx="0.75068393" tId="4" fbRx="0.750683055" lbRx="0.75068393" />
<p fId="3" fbTx="0.750782096" lbTx="0.75078218" tId="0" fbRx="0.760782096" lbRx="0.76078218" />
<p fId="0" fbTx="0.75078218" lbTx="0.750783055" tId="1" fbRx="0.75078218" lbRx="0.750783055" />
<p fId="1" fbTx="0.750783055" lbTx="0.75078393" tId="4" fbRx="0.750783055" lbRx="0.75078393" />
<p fId="3" fbTx="0.750882096" lbTx="0.75088218" tId="0" fbRx="0.760882096" lbRx="0.76088218" />
<p fId="0" fbTx="0.75088218" lbTx="0.750883055" tId="1" fbRx="0.75088218" lbRx="0.750883055" />
<p fId="1" fbTx="0.750883055" lbTx="0.75088393" tId="4" fbRx="0.750883055" lbRx="0.75088393" />
<p fId="3" fbTx="0.750982096" lbTx="0.75098218" tId="0" fbRx="0.760982096" lbRx="0.76098218" />
<p fId="0" fbTx="0.75098218" lbTx="0.750983055" tId="1" fbRx="0.75098218" lbRx="0.750983055" />
<p fId="1" fbTx="0.750983055" lbTx="0.75098393" tId="4" fbRx="0.750983055" lbRx="0.75098393" />
<p fId="3" fbTx="0.751082096" lbTx="0.75108218" tId="0" fbRx="0.761082096" lbRx="0.76108218" />
<p fId="0" fbTx="0.75108218" lbTx="0.751083055" tId="1" fbRx="0.75108218" lbRx="0.751083055" />
<p fId="1" fbTx="0.751083055" lbTx="0.75108393" tId="4" fbRx="0.751083055" lbRx="0.75108393" />
<p fId="3" fbTx="0.751182096" lbTx="0.75118218" tId="0" fbRx="0.761182096" lbRx="0.76118218" />
<p fId="0" fbTx="0.75118218" lbTx="0.751183055" tId="1" fbRx="0.75118218" lbRx="0.751183055" />
<p fId="1" fbTx="0.751183055" lbTx="0.75118393" tId="4" fbRx="0.751183055" lbRx="0.75118393" />
<pr uId="729" fId="4" fbTx="0.751214286" />
<wpr uId="729" tId="5" fbRx="0.751214286" lbRx="0" />
<wpr uId="729" tId="6" fbRx="0.751214286" lbRx="0" />
<p fId="3" fbTx="0.751282096" lbTx="0.75128218" tId="0" fbRx="0.761282096" lbRx="0.76128218" />
<p fId="0" fbTx="0.75128218" lbTx="0.751283055" tId="1" fbRx="0.75128218" lbRx="0.751283055" />
<p fId="1" fbTx="0.751283055" lbTx="0.75128393" tId="4" fbRx="0.751283055" lbRx="0.75128393" />
<p fId="3" fbTx="0.751382096" lbTx="0.75138218" tId="0" fbRx="0.761382096" lbRx="0.76138218" />
<p fId="0" fbTx="0.75138218" lbTx="0.751383055" tId="1" fbRx="0.75138218" lbRx="0.751383055" />
<p fId="1" fbTx="0.751383055" lbTx="0.75138393" tId="4" fbRx="0.751383055" lbRx="0.75138393" />
<p fId="3" fbTx="0.751482096" lbTx="0.75148218" tId="0" fbRx="0.761482096" lbRx="0.76148218" />
<p fId="0" fbTx="0.75148218" lbTx="0.751483055" tId="1" fbRx="0.75148218" lbRx="0.751483055" />
<p fId="1" fbTx="0.751483055" lbTx="0.75148393" tId="4" fbRx="0.751483055" lbRx="0.75148393" />
<p fId="3" fbTx="0.751582096" lbTx="0.75158218" tId="0" fbRx="0.761582096" lbRx="0.76158218" />
<p fId="0" fbTx="0.75158218" lbTx="0.751583055" tId="1" fbRx="0.75158218" lbRx="0.751583055" />
<p fId="1" fbTx="0.751583055" lbTx="0.75158393" tId="4" fbRx="0.751583055" lbRx="0.75158393" />
<p fId="3" fbTx="0.751682096" lbTx="0.75168218" tId="0" fbRx="0.761682096" lbRx="0.76168218" />
<p fId="0" fbTx="0.75168218" lbTx="0.751683055" tId="1" fbRx="0.75168218" lbRx="0.751683055" />
<p fId="1" fbTx="0.751683055" lbTx="0.75168393" tId="4" fbRx="0.751683055" lbRx="0.75168393" />
<p fId="3" fbTx="0.751782096" lbTx="0.75178218" tId="0" fbRx="0.761782096" lbRx="0.76178218" />
<p fId="0" fbTx="0.75178218" lbTx="0.751783055" tId="1" fbRx="0.75178218" lbRx="0.751783055" />
<p fId="1" fbTx="0.751783055" lbTx="0.75178393" tId="4" fbRx="0.751783055" lbRx="0.75178393" />
<p fId="3" fbTx="0.751882096" lbTx="0.75188218" tId="0" fbRx="0.761882096" lbRx="0.76188218" />
<p fId="0" fbTx="0.75188218" lbTx="0.751883055" tId="1" fbRx="0.75188218" lbRx="0.751883055" />
<p fId="1" fbTx="0.751883055" lbTx="0.75188393" tId="4" fbRx="0.751883055" lbRx="0.75188393" />
<p fId="3" fbTx="0.751982096" lbTx="0.75198218" tId="0" fbRx="0.761982096" lbRx="0.76198218" />
<p fId="0" fbTx="0.75198218" lbTx="0.751983055" tId="1" fbRx="0.75198218" lbRx="0.751983055" />
<p fId="1" fbTx="0.751983055" lbTx="0.75198393" tId="4" fbRx="0.751983055" lbRx="0.75198393" />
<p fId="3" fbTx="0.752082096" lbTx="0.75208218" tId="0" fbRx="0.762082096" lbRx="0.76208218" />
<p fId="0" fbTx="0.75208218" lbTx="0.752083055" tId="1" fbRx="0.75208218" lbRx="0.752083055" />
<p fId="1" fbTx="0.752083055" lbTx="0.75208393" tId="4" fbRx="0.752083055" lbRx="0.75208393" />
<p fId="3" fbTx="0.752182096" lbTx="0.75218218" tId="0" fbRx="0.762182096" lbRx="0.76218218" />
<p fId="0" fbTx="0.75218218" lbTx="0.752183055" tId="1" fbRx="0.75218218" lbRx="0.752183055" />
<p fId="1" fbTx="0.752183055" lbTx="0.75218393" tId="4" fbRx="0.752183055" lbRx="0.75218393" />
<pr uId="730" fId="4" fbTx="0.752214286" />
<wpr uId="730" tId="5" fbRx="0.752214286" lbRx="0" />
<wpr uId="730" tId="6" fbRx="0.752214286" lbRx="0" />
<p fId="3" fbTx="0.752282096" lbTx="0.75228218" tId="0" fbRx="0.762282096" lbRx="0.76228218" />
<p fId="0" fbTx="0.75228218" lbTx="0.752283055" tId="1" fbRx="0.75228218" lbRx="0.752283055" />
<p fId="1" fbTx="0.752283055" lbTx="0.75228393" tId="4" fbRx="0.752283055" lbRx="0.75228393" />
<p fId="3" fbTx="0.752382096" lbTx="0.75238218" tId="0" fbRx="0.762382096" lbRx="0.76238218" />
<p fId="0" fbTx="0.75238218" lbTx="0.752383055" tId="1" fbRx="0.75238218" lbRx="0.752383055" />
<p fId="1" fbTx="0.752383055" lbTx="0.75238393" tId="4" fbRx="0.752383055" lbRx="0.75238393" />
<p fId="3" fbTx="0.752482096" lbTx="0.75248218" tId="0" fbRx="0.762482096" lbRx="0.76248218" />
<p fId="0" fbTx="0.75248218" lbTx="0.752483055" tId="1" fbRx="0.75248218" lbRx="0.752483055" />
<p fId="1" fbTx="0.752483055" lbTx="0.75248393" tId="4" fbRx="0.752483055" lbRx="0.75248393" />
<p fId="3" fbTx="0.752582096" lbTx="0.75258218" tId="0" fbRx="0.762582096" lbRx="0.76258218" />
<p fId="0" fbTx="0.75258218" lbTx="0.752583055" tId="1" fbRx="0.75258218" lbRx="0.752583055" />
<p fId="1" fbTx="0.752583055" lbTx="0.75258393" tId="4" fbRx="0.752583055" lbRx="0.75258393" />
<p fId="3" fbTx="0.752682096" lbTx="0.75268218" tId="0" fbRx="0.762682096" lbRx="0.76268218" />
<p fId="0" fbTx="0.75268218" lbTx="0.752683055" tId="1" fbRx="0.75268218" lbRx="0.752683055" />
<p fId="1" fbTx="0.752683055" lbTx="0.75268393" tId="4" fbRx="0.752683055" lbRx="0.75268393" />
<p fId="3" fbTx="0.752782096" lbTx="0.75278218" tId="0" fbRx="0.762782096" lbRx="0.76278218" />
<p fId="0" fbTx="0.75278218" lbTx="0.752783055" tId="1" fbRx="0.75278218" lbRx="0.752783055" />
<p fId="1" fbTx="0.752783055" lbTx="0.75278393" tId="4" fbRx="0.752783055" lbRx="0.75278393" />
<p fId="3" fbTx="0.752882096" lbTx="0.75288218" tId="0" fbRx="0.762882096" lbRx="0.76288218" />
<p fId="0" fbTx="0.75288218" lbTx="0.752883055" tId="1" fbRx="0.75288218" lbRx="0.752883055" />
<p fId="1" fbTx="0.752883055" lbTx="0.75288393" tId="4" fbRx="0.752883055" lbRx="0.75288393" />
<p fId="3" fbTx="0.752982096" lbTx="0.75298218" tId="0" fbRx="0.762982096" lbRx="0.76298218" />
<p fId="0" fbTx="0.75298218" lbTx="0.752983055" tId="1" fbRx="0.75298218" lbRx="0.752983055" />
<p fId="1" fbTx="0.752983055" lbTx="0.75298393" tId="4" fbRx="0.752983055" lbRx="0.75298393" />
<p fId="3" fbTx="0.753082096" lbTx="0.75308218" tId="0" fbRx="0.763082096" lbRx="0.76308218" />
<p fId="0" fbTx="0.75308218" lbTx="0.753083055" tId="1" fbRx="0.75308218" lbRx="0.753083055" />
<p fId="1" fbTx="0.753083055" lbTx="0.75308393" tId="4" fbRx="0.753083055" lbRx="0.75308393" />
<p fId="3" fbTx="0.753182096" lbTx="0.75318218" tId="0" fbRx="0.763182096" lbRx="0.76318218" />
<p fId="0" fbTx="0.75318218" lbTx="0.753183055" tId="1" fbRx="0.75318218" lbRx="0.753183055" />
<p fId="1" fbTx="0.753183055" lbTx="0.75318393" tId="4" fbRx="0.753183055" lbRx="0.75318393" />
<pr uId="731" fId="4" fbTx="0.753214286" />
<wpr uId="731" tId="5" fbRx="0.753214286" lbRx="0" />
<wpr uId="731" tId="6" fbRx="0.753214286" lbRx="0" />
<p fId="3" fbTx="0.753282096" lbTx="0.75328218" tId="0" fbRx="0.763282096" lbRx="0.76328218" />
<p fId="0" fbTx="0.75328218" lbTx="0.753283055" tId="1" fbRx="0.75328218" lbRx="0.753283055" />
<p fId="1" fbTx="0.753283055" lbTx="0.75328393" tId="4" fbRx="0.753283055" lbRx="0.75328393" />
<p fId="3" fbTx="0.753382096" lbTx="0.75338218" tId="0" fbRx="0.763382096" lbRx="0.76338218" />
<p fId="0" fbTx="0.75338218" lbTx="0.753383055" tId="1" fbRx="0.75338218" lbRx="0.753383055" />
<p fId="1" fbTx="0.753383055" lbTx="0.75338393" tId="4" fbRx="0.753383055" lbRx="0.75338393" />
<p fId="3" fbTx="0.753482096" lbTx="0.75348218" tId="0" fbRx="0.763482096" lbRx="0.76348218" />
<p fId="0" fbTx="0.75348218" lbTx="0.753483055" tId="1" fbRx="0.75348218" lbRx="0.753483055" />
<p fId="1" fbTx="0.753483055" lbTx="0.75348393" tId="4" fbRx="0.753483055" lbRx="0.75348393" />
<p fId="3" fbTx="0.753582096" lbTx="0.75358218" tId="0" fbRx="0.763582096" lbRx="0.76358218" />
<p fId="0" fbTx="0.75358218" lbTx="0.753583055" tId="1" fbRx="0.75358218" lbRx="0.753583055" />
<p fId="1" fbTx="0.753583055" lbTx="0.75358393" tId="4" fbRx="0.753583055" lbRx="0.75358393" />
<p fId="3" fbTx="0.753682096" lbTx="0.75368218" tId="0" fbRx="0.763682096" lbRx="0.76368218" />
<p fId="0" fbTx="0.75368218" lbTx="0.753683055" tId="1" fbRx="0.75368218" lbRx="0.753683055" />
<p fId="1" fbTx="0.753683055" lbTx="0.75368393" tId="4" fbRx="0.753683055" lbRx="0.75368393" />
<p fId="3" fbTx="0.753782096" lbTx="0.75378218" tId="0" fbRx="0.763782096" lbRx="0.76378218" />
<p fId="0" fbTx="0.75378218" lbTx="0.753783055" tId="1" fbRx="0.75378218" lbRx="0.753783055" />
<p fId="1" fbTx="0.753783055" lbTx="0.75378393" tId="4" fbRx="0.753783055" lbRx="0.75378393" />
<p fId="3" fbTx="0.753882096" lbTx="0.75388218" tId="0" fbRx="0.763882096" lbRx="0.76388218" />
<p fId="0" fbTx="0.75388218" lbTx="0.753883055" tId="1" fbRx="0.75388218" lbRx="0.753883055" />
<p fId="1" fbTx="0.753883055" lbTx="0.75388393" tId="4" fbRx="0.753883055" lbRx="0.75388393" />
<p fId="3" fbTx="0.753982096" lbTx="0.75398218" tId="0" fbRx="0.763982096" lbRx="0.76398218" />
<p fId="0" fbTx="0.75398218" lbTx="0.753983055" tId="1" fbRx="0.75398218" lbRx="0.753983055" />
<p fId="1" fbTx="0.753983055" lbTx="0.75398393" tId="4" fbRx="0.753983055" lbRx="0.75398393" />
<p fId="3" fbTx="0.754082096" lbTx="0.75408218" tId="0" fbRx="0.764082096" lbRx="0.76408218" />
<p fId="0" fbTx="0.75408218" lbTx="0.754083055" tId="1" fbRx="0.75408218" lbRx="0.754083055" />
<p fId="1" fbTx="0.754083055" lbTx="0.75408393" tId="4" fbRx="0.754083055" lbRx="0.75408393" />
<p fId="3" fbTx="0.754182096" lbTx="0.75418218" tId="0" fbRx="0.764182096" lbRx="0.76418218" />
<p fId="0" fbTx="0.75418218" lbTx="0.754183055" tId="1" fbRx="0.75418218" lbRx="0.754183055" />
<p fId="1" fbTx="0.754183055" lbTx="0.75418393" tId="4" fbRx="0.754183055" lbRx="0.75418393" />
<pr uId="732" fId="4" fbTx="0.754214286" />
<wpr uId="732" tId="5" fbRx="0.754214286" lbRx="0" />
<wpr uId="732" tId="6" fbRx="0.754214286" lbRx="0" />
<p fId="3" fbTx="0.754282096" lbTx="0.75428218" tId="0" fbRx="0.764282096" lbRx="0.76428218" />
<p fId="0" fbTx="0.75428218" lbTx="0.754283055" tId="1" fbRx="0.75428218" lbRx="0.754283055" />
<p fId="1" fbTx="0.754283055" lbTx="0.75428393" tId="4" fbRx="0.754283055" lbRx="0.75428393" />
<p fId="3" fbTx="0.754382096" lbTx="0.75438218" tId="0" fbRx="0.764382096" lbRx="0.76438218" />
<p fId="0" fbTx="0.75438218" lbTx="0.754383055" tId="1" fbRx="0.75438218" lbRx="0.754383055" />
<p fId="1" fbTx="0.754383055" lbTx="0.75438393" tId="4" fbRx="0.754383055" lbRx="0.75438393" />
<p fId="3" fbTx="0.754482096" lbTx="0.75448218" tId="0" fbRx="0.764482096" lbRx="0.76448218" />
<p fId="0" fbTx="0.75448218" lbTx="0.754483055" tId="1" fbRx="0.75448218" lbRx="0.754483055" />
<p fId="1" fbTx="0.754483055" lbTx="0.75448393" tId="4" fbRx="0.754483055" lbRx="0.75448393" />
<p fId="3" fbTx="0.754582096" lbTx="0.75458218" tId="0" fbRx="0.764582096" lbRx="0.76458218" />
<p fId="0" fbTx="0.75458218" lbTx="0.754583055" tId="1" fbRx="0.75458218" lbRx="0.754583055" />
<p fId="1" fbTx="0.754583055" lbTx="0.75458393" tId="4" fbRx="0.754583055" lbRx="0.75458393" />
<p fId="3" fbTx="0.754682096" lbTx="0.75468218" tId="0" fbRx="0.764682096" lbRx="0.76468218" />
<p fId="0" fbTx="0.75468218" lbTx="0.754683055" tId="1" fbRx="0.75468218" lbRx="0.754683055" />
<p fId="1" fbTx="0.754683055" lbTx="0.75468393" tId="4" fbRx="0.754683055" lbRx="0.75468393" />
<p fId="3" fbTx="0.754782096" lbTx="0.75478218" tId="0" fbRx="0.764782096" lbRx="0.76478218" />
<p fId="0" fbTx="0.75478218" lbTx="0.754783055" tId="1" fbRx="0.75478218" lbRx="0.754783055" />
<p fId="1" fbTx="0.754783055" lbTx="0.75478393" tId="4" fbRx="0.754783055" lbRx="0.75478393" />
<p fId="3" fbTx="0.754882096" lbTx="0.75488218" tId="0" fbRx="0.764882096" lbRx="0.76488218" />
<p fId="0" fbTx="0.75488218" lbTx="0.754883055" tId="1" fbRx="0.75488218" lbRx="0.754883055" />
<p fId="1" fbTx="0.754883055" lbTx="0.75488393" tId="4" fbRx="0.754883055" lbRx="0.75488393" />
<p fId="3" fbTx="0.754982096" lbTx="0.75498218" tId="0" fbRx="0.764982096" lbRx="0.76498218" />
<p fId="0" fbTx="0.75498218" lbTx="0.754983055" tId="1" fbRx="0.75498218" lbRx="0.754983055" />
<p fId="1" fbTx="0.754983055" lbTx="0.75498393" tId="4" fbRx="0.754983055" lbRx="0.75498393" />
<p fId="3" fbTx="0.755082096" lbTx="0.75508218" tId="0" fbRx="0.765082096" lbRx="0.76508218" />
<p fId="0" fbTx="0.75508218" lbTx="0.755083055" tId="1" fbRx="0.75508218" lbRx="0.755083055" />
<p fId="1" fbTx="0.755083055" lbTx="0.75508393" tId="4" fbRx="0.755083055" lbRx="0.75508393" />
<p fId="3" fbTx="0.755182096" lbTx="0.75518218" tId="0" fbRx="0.765182096" lbRx="0.76518218" />
<p fId="0" fbTx="0.75518218" lbTx="0.755183055" tId="1" fbRx="0.75518218" lbRx="0.755183055" />
<p fId="1" fbTx="0.755183055" lbTx="0.75518393" tId="4" fbRx="0.755183055" lbRx="0.75518393" />
<pr uId="733" fId="4" fbTx="0.755214286" />
<wpr uId="733" tId="5" fbRx="0.755214286" lbRx="0" />
<wpr uId="733" tId="6" fbRx="0.755214286" lbRx="0" />
<p fId="3" fbTx="0.755282096" lbTx="0.75528218" tId="0" fbRx="0.765282096" lbRx="0.76528218" />
<p fId="0" fbTx="0.75528218" lbTx="0.755283055" tId="1" fbRx="0.75528218" lbRx="0.755283055" />
<p fId="1" fbTx="0.755283055" lbTx="0.75528393" tId="4" fbRx="0.755283055" lbRx="0.75528393" />
<p fId="3" fbTx="0.755382096" lbTx="0.75538218" tId="0" fbRx="0.765382096" lbRx="0.76538218" />
<p fId="0" fbTx="0.75538218" lbTx="0.755383055" tId="1" fbRx="0.75538218" lbRx="0.755383055" />
<p fId="1" fbTx="0.755383055" lbTx="0.75538393" tId="4" fbRx="0.755383055" lbRx="0.75538393" />
<p fId="3" fbTx="0.755482096" lbTx="0.75548218" tId="0" fbRx="0.765482096" lbRx="0.76548218" />
<p fId="0" fbTx="0.75548218" lbTx="0.755483055" tId="1" fbRx="0.75548218" lbRx="0.755483055" />
<p fId="1" fbTx="0.755483055" lbTx="0.75548393" tId="4" fbRx="0.755483055" lbRx="0.75548393" />
<p fId="3" fbTx="0.755582096" lbTx="0.75558218" tId="0" fbRx="0.765582096" lbRx="0.76558218" />
<p fId="0" fbTx="0.75558218" lbTx="0.755583055" tId="1" fbRx="0.75558218" lbRx="0.755583055" />
<p fId="1" fbTx="0.755583055" lbTx="0.75558393" tId="4" fbRx="0.755583055" lbRx="0.75558393" />
<p fId="3" fbTx="0.755682096" lbTx="0.75568218" tId="0" fbRx="0.765682096" lbRx="0.76568218" />
<p fId="0" fbTx="0.75568218" lbTx="0.755683055" tId="1" fbRx="0.75568218" lbRx="0.755683055" />
<p fId="1" fbTx="0.755683055" lbTx="0.75568393" tId="4" fbRx="0.755683055" lbRx="0.75568393" />
<p fId="3" fbTx="0.755782096" lbTx="0.75578218" tId="0" fbRx="0.765782096" lbRx="0.76578218" />
<p fId="0" fbTx="0.75578218" lbTx="0.755783055" tId="1" fbRx="0.75578218" lbRx="0.755783055" />
<p fId="1" fbTx="0.755783055" lbTx="0.75578393" tId="4" fbRx="0.755783055" lbRx="0.75578393" />
<p fId="3" fbTx="0.755882096" lbTx="0.75588218" tId="0" fbRx="0.765882096" lbRx="0.76588218" />
<p fId="0" fbTx="0.75588218" lbTx="0.755883055" tId="1" fbRx="0.75588218" lbRx="0.755883055" />
<p fId="1" fbTx="0.755883055" lbTx="0.75588393" tId="4" fbRx="0.755883055" lbRx="0.75588393" />
<p fId="3" fbTx="0.755982096" lbTx="0.75598218" tId="0" fbRx="0.765982096" lbRx="0.76598218" />
<p fId="0" fbTx="0.75598218" lbTx="0.755983055" tId="1" fbRx="0.75598218" lbRx="0.755983055" />
<p fId="1" fbTx="0.755983055" lbTx="0.75598393" tId="4" fbRx="0.755983055" lbRx="0.75598393" />
<p fId="3" fbTx="0.756082096" lbTx="0.75608218" tId="0" fbRx="0.766082096" lbRx="0.76608218" />
<p fId="0" fbTx="0.75608218" lbTx="0.756083055" tId="1" fbRx="0.75608218" lbRx="0.756083055" />
<p fId="1" fbTx="0.756083055" lbTx="0.75608393" tId="4" fbRx="0.756083055" lbRx="0.75608393" />
<p fId="3" fbTx="0.756182096" lbTx="0.75618218" tId="0" fbRx="0.766182096" lbRx="0.76618218" />
<p fId="0" fbTx="0.75618218" lbTx="0.756183055" tId="1" fbRx="0.75618218" lbRx="0.756183055" />
<p fId="1" fbTx="0.756183055" lbTx="0.75618393" tId="4" fbRx="0.756183055" lbRx="0.75618393" />
<pr uId="734" fId="4" fbTx="0.756214286" />
<wpr uId="734" tId="5" fbRx="0.756214286" lbRx="0" />
<wpr uId="734" tId="6" fbRx="0.756214286" lbRx="0" />
<p fId="3" fbTx="0.756282096" lbTx="0.75628218" tId="0" fbRx="0.766282096" lbRx="0.76628218" />
<p fId="0" fbTx="0.75628218" lbTx="0.756283055" tId="1" fbRx="0.75628218" lbRx="0.756283055" />
<p fId="1" fbTx="0.756283055" lbTx="0.75628393" tId="4" fbRx="0.756283055" lbRx="0.75628393" />
<p fId="3" fbTx="0.756382096" lbTx="0.75638218" tId="0" fbRx="0.766382096" lbRx="0.76638218" />
<p fId="0" fbTx="0.75638218" lbTx="0.756383055" tId="1" fbRx="0.75638218" lbRx="0.756383055" />
<p fId="1" fbTx="0.756383055" lbTx="0.75638393" tId="4" fbRx="0.756383055" lbRx="0.75638393" />
<p fId="3" fbTx="0.756482096" lbTx="0.75648218" tId="0" fbRx="0.766482096" lbRx="0.76648218" />
<p fId="0" fbTx="0.75648218" lbTx="0.756483055" tId="1" fbRx="0.75648218" lbRx="0.756483055" />
<p fId="1" fbTx="0.756483055" lbTx="0.75648393" tId="4" fbRx="0.756483055" lbRx="0.75648393" />
<p fId="3" fbTx="0.756582096" lbTx="0.75658218" tId="0" fbRx="0.766582096" lbRx="0.76658218" />
<p fId="0" fbTx="0.75658218" lbTx="0.756583055" tId="1" fbRx="0.75658218" lbRx="0.756583055" />
<p fId="1" fbTx="0.756583055" lbTx="0.75658393" tId="4" fbRx="0.756583055" lbRx="0.75658393" />
<p fId="3" fbTx="0.756682096" lbTx="0.75668218" tId="0" fbRx="0.766682096" lbRx="0.76668218" />
<p fId="0" fbTx="0.75668218" lbTx="0.756683055" tId="1" fbRx="0.75668218" lbRx="0.756683055" />
<p fId="1" fbTx="0.756683055" lbTx="0.75668393" tId="4" fbRx="0.756683055" lbRx="0.75668393" />
<p fId="3" fbTx="0.756782096" lbTx="0.75678218" tId="0" fbRx="0.766782096" lbRx="0.76678218" />
<p fId="0" fbTx="0.75678218" lbTx="0.756783055" tId="1" fbRx="0.75678218" lbRx="0.756783055" />
<p fId="1" fbTx="0.756783055" lbTx="0.75678393" tId="4" fbRx="0.756783055" lbRx="0.75678393" />
<p fId="3" fbTx="0.756882096" lbTx="0.75688218" tId="0" fbRx="0.766882096" lbRx="0.76688218" />
<p fId="0" fbTx="0.75688218" lbTx="0.756883055" tId="1" fbRx="0.75688218" lbRx="0.756883055" />
<p fId="1" fbTx="0.756883055" lbTx="0.75688393" tId="4" fbRx="0.756883055" lbRx="0.75688393" />
<p fId="3" fbTx="0.756982096" lbTx="0.75698218" tId="0" fbRx="0.766982096" lbRx="0.76698218" />
<p fId="0" fbTx="0.75698218" lbTx="0.756983055" tId="1" fbRx="0.75698218" lbRx="0.756983055" />
<p fId="1" fbTx="0.756983055" lbTx="0.75698393" tId="4" fbRx="0.756983055" lbRx="0.75698393" />
<p fId="3" fbTx="0.757082096" lbTx="0.75708218" tId="0" fbRx="0.767082096" lbRx="0.76708218" />
<p fId="0" fbTx="0.75708218" lbTx="0.757083055" tId="1" fbRx="0.75708218" lbRx="0.757083055" />
<p fId="1" fbTx="0.757083055" lbTx="0.75708393" tId="4" fbRx="0.757083055" lbRx="0.75708393" />
<p fId="3" fbTx="0.757182096" lbTx="0.75718218" tId="0" fbRx="0.767182096" lbRx="0.76718218" />
<p fId="0" fbTx="0.75718218" lbTx="0.757183055" tId="1" fbRx="0.75718218" lbRx="0.757183055" />
<p fId="1" fbTx="0.757183055" lbTx="0.75718393" tId="4" fbRx="0.757183055" lbRx="0.75718393" />
<pr uId="735" fId="4" fbTx="0.757214286" />
<wpr uId="735" tId="5" fbRx="0.757214286" lbRx="0" />
<wpr uId="735" tId="6" fbRx="0.757214286" lbRx="0" />
<p fId="3" fbTx="0.757282096" lbTx="0.75728218" tId="0" fbRx="0.767282096" lbRx="0.76728218" />
<p fId="0" fbTx="0.75728218" lbTx="0.757283055" tId="1" fbRx="0.75728218" lbRx="0.757283055" />
<p fId="1" fbTx="0.757283055" lbTx="0.75728393" tId="4" fbRx="0.757283055" lbRx="0.75728393" />
<p fId="3" fbTx="0.757382096" lbTx="0.75738218" tId="0" fbRx="0.767382096" lbRx="0.76738218" />
<p fId="0" fbTx="0.75738218" lbTx="0.757383055" tId="1" fbRx="0.75738218" lbRx="0.757383055" />
<p fId="1" fbTx="0.757383055" lbTx="0.75738393" tId="4" fbRx="0.757383055" lbRx="0.75738393" />
<p fId="3" fbTx="0.757482096" lbTx="0.75748218" tId="0" fbRx="0.767482096" lbRx="0.76748218" />
<p fId="0" fbTx="0.75748218" lbTx="0.757483055" tId="1" fbRx="0.75748218" lbRx="0.757483055" />
<p fId="1" fbTx="0.757483055" lbTx="0.75748393" tId="4" fbRx="0.757483055" lbRx="0.75748393" />
<p fId="3" fbTx="0.757582096" lbTx="0.75758218" tId="0" fbRx="0.767582096" lbRx="0.76758218" />
<p fId="0" fbTx="0.75758218" lbTx="0.757583055" tId="1" fbRx="0.75758218" lbRx="0.757583055" />
<p fId="1" fbTx="0.757583055" lbTx="0.75758393" tId="4" fbRx="0.757583055" lbRx="0.75758393" />
<p fId="3" fbTx="0.757682096" lbTx="0.75768218" tId="0" fbRx="0.767682096" lbRx="0.76768218" />
<p fId="0" fbTx="0.75768218" lbTx="0.757683055" tId="1" fbRx="0.75768218" lbRx="0.757683055" />
<p fId="1" fbTx="0.757683055" lbTx="0.75768393" tId="4" fbRx="0.757683055" lbRx="0.75768393" />
<p fId="3" fbTx="0.757782096" lbTx="0.75778218" tId="0" fbRx="0.767782096" lbRx="0.76778218" />
<p fId="0" fbTx="0.75778218" lbTx="0.757783055" tId="1" fbRx="0.75778218" lbRx="0.757783055" />
<p fId="1" fbTx="0.757783055" lbTx="0.75778393" tId="4" fbRx="0.757783055" lbRx="0.75778393" />
<p fId="3" fbTx="0.757882096" lbTx="0.75788218" tId="0" fbRx="0.767882096" lbRx="0.76788218" />
<p fId="0" fbTx="0.75788218" lbTx="0.757883055" tId="1" fbRx="0.75788218" lbRx="0.757883055" />
<p fId="1" fbTx="0.757883055" lbTx="0.75788393" tId="4" fbRx="0.757883055" lbRx="0.75788393" />
<p fId="3" fbTx="0.757982096" lbTx="0.75798218" tId="0" fbRx="0.767982096" lbRx="0.76798218" />
<p fId="0" fbTx="0.75798218" lbTx="0.757983055" tId="1" fbRx="0.75798218" lbRx="0.757983055" />
<p fId="1" fbTx="0.757983055" lbTx="0.75798393" tId="4" fbRx="0.757983055" lbRx="0.75798393" />
<p fId="3" fbTx="0.758082096" lbTx="0.75808218" tId="0" fbRx="0.768082096" lbRx="0.76808218" />
<p fId="0" fbTx="0.75808218" lbTx="0.758083055" tId="1" fbRx="0.75808218" lbRx="0.758083055" />
<p fId="1" fbTx="0.758083055" lbTx="0.75808393" tId="4" fbRx="0.758083055" lbRx="0.75808393" />
<p fId="3" fbTx="0.758182096" lbTx="0.75818218" tId="0" fbRx="0.768182096" lbRx="0.76818218" />
<p fId="0" fbTx="0.75818218" lbTx="0.758183055" tId="1" fbRx="0.75818218" lbRx="0.758183055" />
<p fId="1" fbTx="0.758183055" lbTx="0.75818393" tId="4" fbRx="0.758183055" lbRx="0.75818393" />
<pr uId="736" fId="4" fbTx="0.758214286" />
<wpr uId="736" tId="5" fbRx="0.758214286" lbRx="0" />
<wpr uId="736" tId="6" fbRx="0.758214286" lbRx="0" />
<p fId="3" fbTx="0.758282096" lbTx="0.75828218" tId="0" fbRx="0.768282096" lbRx="0.76828218" />
<p fId="0" fbTx="0.75828218" lbTx="0.758283055" tId="1" fbRx="0.75828218" lbRx="0.758283055" />
<p fId="1" fbTx="0.758283055" lbTx="0.75828393" tId="4" fbRx="0.758283055" lbRx="0.75828393" />
<p fId="3" fbTx="0.758382096" lbTx="0.75838218" tId="0" fbRx="0.768382096" lbRx="0.76838218" />
<p fId="0" fbTx="0.75838218" lbTx="0.758383055" tId="1" fbRx="0.75838218" lbRx="0.758383055" />
<p fId="1" fbTx="0.758383055" lbTx="0.75838393" tId="4" fbRx="0.758383055" lbRx="0.75838393" />
<p fId="3" fbTx="0.758482096" lbTx="0.75848218" tId="0" fbRx="0.768482096" lbRx="0.76848218" />
<p fId="0" fbTx="0.75848218" lbTx="0.758483055" tId="1" fbRx="0.75848218" lbRx="0.758483055" />
<p fId="1" fbTx="0.758483055" lbTx="0.75848393" tId="4" fbRx="0.758483055" lbRx="0.75848393" />
<p fId="3" fbTx="0.758582096" lbTx="0.75858218" tId="0" fbRx="0.768582096" lbRx="0.76858218" />
<p fId="0" fbTx="0.75858218" lbTx="0.758583055" tId="1" fbRx="0.75858218" lbRx="0.758583055" />
<p fId="1" fbTx="0.758583055" lbTx="0.75858393" tId="4" fbRx="0.758583055" lbRx="0.75858393" />
<p fId="3" fbTx="0.758682096" lbTx="0.75868218" tId="0" fbRx="0.768682096" lbRx="0.76868218" />
<p fId="0" fbTx="0.75868218" lbTx="0.758683055" tId="1" fbRx="0.75868218" lbRx="0.758683055" />
<p fId="1" fbTx="0.758683055" lbTx="0.75868393" tId="4" fbRx="0.758683055" lbRx="0.75868393" />
<p fId="3" fbTx="0.758782096" lbTx="0.75878218" tId="0" fbRx="0.768782096" lbRx="0.76878218" />
<p fId="0" fbTx="0.75878218" lbTx="0.758783055" tId="1" fbRx="0.75878218" lbRx="0.758783055" />
<p fId="1" fbTx="0.758783055" lbTx="0.75878393" tId="4" fbRx="0.758783055" lbRx="0.75878393" />
<p fId="3" fbTx="0.758882096" lbTx="0.75888218" tId="0" fbRx="0.768882096" lbRx="0.76888218" />
<p fId="0" fbTx="0.75888218" lbTx="0.758883055" tId="1" fbRx="0.75888218" lbRx="0.758883055" />
<p fId="1" fbTx="0.758883055" lbTx="0.75888393" tId="4" fbRx="0.758883055" lbRx="0.75888393" />
<p fId="3" fbTx="0.758982096" lbTx="0.75898218" tId="0" fbRx="0.768982096" lbRx="0.76898218" />
<p fId="0" fbTx="0.75898218" lbTx="0.758983055" tId="1" fbRx="0.75898218" lbRx="0.758983055" />
<p fId="1" fbTx="0.758983055" lbTx="0.75898393" tId="4" fbRx="0.758983055" lbRx="0.75898393" />
<p fId="3" fbTx="0.759082096" lbTx="0.75908218" tId="0" fbRx="0.769082096" lbRx="0.76908218" />
<p fId="0" fbTx="0.75908218" lbTx="0.759083055" tId="1" fbRx="0.75908218" lbRx="0.759083055" />
<p fId="1" fbTx="0.759083055" lbTx="0.75908393" tId="4" fbRx="0.759083055" lbRx="0.75908393" />
<p fId="3" fbTx="0.759182096" lbTx="0.75918218" tId="0" fbRx="0.769182096" lbRx="0.76918218" />
<p fId="0" fbTx="0.75918218" lbTx="0.759183055" tId="1" fbRx="0.75918218" lbRx="0.759183055" />
<p fId="1" fbTx="0.759183055" lbTx="0.75918393" tId="4" fbRx="0.759183055" lbRx="0.75918393" />
<pr uId="737" fId="4" fbTx="0.759214286" />
<wpr uId="737" tId="5" fbRx="0.759214286" lbRx="0" />
<wpr uId="737" tId="6" fbRx="0.759214286" lbRx="0" />
<p fId="3" fbTx="0.759282096" lbTx="0.75928218" tId="0" fbRx="0.769282096" lbRx="0.76928218" />
<p fId="0" fbTx="0.75928218" lbTx="0.759283055" tId="1" fbRx="0.75928218" lbRx="0.759283055" />
<p fId="1" fbTx="0.759283055" lbTx="0.75928393" tId="4" fbRx="0.759283055" lbRx="0.75928393" />
<p fId="3" fbTx="0.759382096" lbTx="0.75938218" tId="0" fbRx="0.769382096" lbRx="0.76938218" />
<p fId="0" fbTx="0.75938218" lbTx="0.759383055" tId="1" fbRx="0.75938218" lbRx="0.759383055" />
<p fId="1" fbTx="0.759383055" lbTx="0.75938393" tId="4" fbRx="0.759383055" lbRx="0.75938393" />
<p fId="3" fbTx="0.759482096" lbTx="0.75948218" tId="0" fbRx="0.769482096" lbRx="0.76948218" />
<p fId="0" fbTx="0.75948218" lbTx="0.759483055" tId="1" fbRx="0.75948218" lbRx="0.759483055" />
<p fId="1" fbTx="0.759483055" lbTx="0.75948393" tId="4" fbRx="0.759483055" lbRx="0.75948393" />
<p fId="3" fbTx="0.759582096" lbTx="0.75958218" tId="0" fbRx="0.769582096" lbRx="0.76958218" />
<p fId="0" fbTx="0.75958218" lbTx="0.759583055" tId="1" fbRx="0.75958218" lbRx="0.759583055" />
<p fId="1" fbTx="0.759583055" lbTx="0.75958393" tId="4" fbRx="0.759583055" lbRx="0.75958393" />
<p fId="3" fbTx="0.759682096" lbTx="0.75968218" tId="0" fbRx="0.769682096" lbRx="0.76968218" />
<p fId="0" fbTx="0.75968218" lbTx="0.759683055" tId="1" fbRx="0.75968218" lbRx="0.759683055" />
<p fId="1" fbTx="0.759683055" lbTx="0.75968393" tId="4" fbRx="0.759683055" lbRx="0.75968393" />
<p fId="3" fbTx="0.759782096" lbTx="0.75978218" tId="0" fbRx="0.769782096" lbRx="0.76978218" />
<p fId="0" fbTx="0.75978218" lbTx="0.759783055" tId="1" fbRx="0.75978218" lbRx="0.759783055" />
<p fId="1" fbTx="0.759783055" lbTx="0.75978393" tId="4" fbRx="0.759783055" lbRx="0.75978393" />
<p fId="3" fbTx="0.759882096" lbTx="0.75988218" tId="0" fbRx="0.769882096" lbRx="0.76988218" />
<p fId="0" fbTx="0.75988218" lbTx="0.759883055" tId="1" fbRx="0.75988218" lbRx="0.759883055" />
<p fId="1" fbTx="0.759883055" lbTx="0.75988393" tId="4" fbRx="0.759883055" lbRx="0.75988393" />
<p fId="3" fbTx="0.759982096" lbTx="0.75998218" tId="0" fbRx="0.769982096" lbRx="0.76998218" />
<p fId="0" fbTx="0.75998218" lbTx="0.759983055" tId="1" fbRx="0.75998218" lbRx="0.759983055" />
<p fId="1" fbTx="0.759983055" lbTx="0.75998393" tId="4" fbRx="0.759983055" lbRx="0.75998393" />
<p fId="3" fbTx="0.760082096" lbTx="0.76008218" tId="0" fbRx="0.770082096" lbRx="0.77008218" />
<p fId="0" fbTx="0.76008218" lbTx="0.760083055" tId="1" fbRx="0.76008218" lbRx="0.760083055" />
<p fId="1" fbTx="0.760083055" lbTx="0.76008393" tId="4" fbRx="0.760083055" lbRx="0.76008393" />
<p fId="3" fbTx="0.760182096" lbTx="0.76018218" tId="0" fbRx="0.770182096" lbRx="0.77018218" />
<p fId="0" fbTx="0.76018218" lbTx="0.760183055" tId="1" fbRx="0.76018218" lbRx="0.760183055" />
<p fId="1" fbTx="0.760183055" lbTx="0.76018393" tId="4" fbRx="0.760183055" lbRx="0.76018393" />
<pr uId="738" fId="4" fbTx="0.760214286" />
<wpr uId="738" tId="5" fbRx="0.760214286" lbRx="0" />
<wpr uId="738" tId="6" fbRx="0.760214286" lbRx="0" />
<p fId="3" fbTx="0.760282096" lbTx="0.76028218" tId="0" fbRx="0.770282096" lbRx="0.77028218" />
<p fId="0" fbTx="0.76028218" lbTx="0.760283055" tId="1" fbRx="0.76028218" lbRx="0.760283055" />
<p fId="1" fbTx="0.760283055" lbTx="0.76028393" tId="4" fbRx="0.760283055" lbRx="0.76028393" />
<p fId="3" fbTx="0.760382096" lbTx="0.76038218" tId="0" fbRx="0.770382096" lbRx="0.77038218" />
<p fId="0" fbTx="0.76038218" lbTx="0.760383055" tId="1" fbRx="0.76038218" lbRx="0.760383055" />
<p fId="1" fbTx="0.760383055" lbTx="0.76038393" tId="4" fbRx="0.760383055" lbRx="0.76038393" />
<p fId="3" fbTx="0.760482096" lbTx="0.76048218" tId="0" fbRx="0.770482096" lbRx="0.77048218" />
<p fId="0" fbTx="0.76048218" lbTx="0.760483055" tId="1" fbRx="0.76048218" lbRx="0.760483055" />
<p fId="1" fbTx="0.760483055" lbTx="0.76048393" tId="4" fbRx="0.760483055" lbRx="0.76048393" />
<p fId="3" fbTx="0.760582096" lbTx="0.76058218" tId="0" fbRx="0.770582096" lbRx="0.77058218" />
<p fId="0" fbTx="0.76058218" lbTx="0.760583055" tId="1" fbRx="0.76058218" lbRx="0.760583055" />
<p fId="1" fbTx="0.760583055" lbTx="0.76058393" tId="4" fbRx="0.760583055" lbRx="0.76058393" />
<p fId="3" fbTx="0.760682096" lbTx="0.76068218" tId="0" fbRx="0.770682096" lbRx="0.77068218" />
<p fId="0" fbTx="0.76068218" lbTx="0.760683055" tId="1" fbRx="0.76068218" lbRx="0.760683055" />
<p fId="1" fbTx="0.760683055" lbTx="0.76068393" tId="4" fbRx="0.760683055" lbRx="0.76068393" />
<p fId="3" fbTx="0.760782096" lbTx="0.76078218" tId="0" fbRx="0.770782096" lbRx="0.77078218" />
<p fId="0" fbTx="0.76078218" lbTx="0.760783055" tId="1" fbRx="0.76078218" lbRx="0.760783055" />
<p fId="1" fbTx="0.760783055" lbTx="0.76078393" tId="4" fbRx="0.760783055" lbRx="0.76078393" />
<p fId="3" fbTx="0.760882096" lbTx="0.76088218" tId="0" fbRx="0.770882096" lbRx="0.77088218" />
<p fId="0" fbTx="0.76088218" lbTx="0.760883055" tId="1" fbRx="0.76088218" lbRx="0.760883055" />
<p fId="1" fbTx="0.760883055" lbTx="0.76088393" tId="4" fbRx="0.760883055" lbRx="0.76088393" />
<p fId="3" fbTx="0.760982096" lbTx="0.76098218" tId="0" fbRx="0.770982096" lbRx="0.77098218" />
<p fId="0" fbTx="0.76098218" lbTx="0.760983055" tId="1" fbRx="0.76098218" lbRx="0.760983055" />
<p fId="1" fbTx="0.760983055" lbTx="0.76098393" tId="4" fbRx="0.760983055" lbRx="0.76098393" />
<p fId="3" fbTx="0.761082096" lbTx="0.76108218" tId="0" fbRx="0.771082096" lbRx="0.77108218" />
<p fId="0" fbTx="0.76108218" lbTx="0.761083055" tId="1" fbRx="0.76108218" lbRx="0.761083055" />
<p fId="1" fbTx="0.761083055" lbTx="0.76108393" tId="4" fbRx="0.761083055" lbRx="0.76108393" />
<p fId="3" fbTx="0.761182096" lbTx="0.76118218" tId="0" fbRx="0.771182096" lbRx="0.77118218" />
<p fId="0" fbTx="0.76118218" lbTx="0.761183055" tId="1" fbRx="0.76118218" lbRx="0.761183055" />
<p fId="1" fbTx="0.761183055" lbTx="0.76118393" tId="4" fbRx="0.761183055" lbRx="0.76118393" />
<pr uId="739" fId="4" fbTx="0.761214286" />
<wpr uId="739" tId="5" fbRx="0.761214286" lbRx="0" />
<wpr uId="739" tId="6" fbRx="0.761214286" lbRx="0" />
<p fId="3" fbTx="0.761282096" lbTx="0.76128218" tId="0" fbRx="0.771282096" lbRx="0.77128218" />
<p fId="0" fbTx="0.76128218" lbTx="0.761283055" tId="1" fbRx="0.76128218" lbRx="0.761283055" />
<p fId="1" fbTx="0.761283055" lbTx="0.76128393" tId="4" fbRx="0.761283055" lbRx="0.76128393" />
<p fId="3" fbTx="0.761382096" lbTx="0.76138218" tId="0" fbRx="0.771382096" lbRx="0.77138218" />
<p fId="0" fbTx="0.76138218" lbTx="0.761383055" tId="1" fbRx="0.76138218" lbRx="0.761383055" />
<p fId="1" fbTx="0.761383055" lbTx="0.76138393" tId="4" fbRx="0.761383055" lbRx="0.76138393" />
<p fId="3" fbTx="0.761482096" lbTx="0.76148218" tId="0" fbRx="0.771482096" lbRx="0.77148218" />
<p fId="0" fbTx="0.76148218" lbTx="0.761483055" tId="1" fbRx="0.76148218" lbRx="0.761483055" />
<p fId="1" fbTx="0.761483055" lbTx="0.76148393" tId="4" fbRx="0.761483055" lbRx="0.76148393" />
<p fId="3" fbTx="0.761582096" lbTx="0.76158218" tId="0" fbRx="0.771582096" lbRx="0.77158218" />
<p fId="0" fbTx="0.76158218" lbTx="0.761583055" tId="1" fbRx="0.76158218" lbRx="0.761583055" />
<p fId="1" fbTx="0.761583055" lbTx="0.76158393" tId="4" fbRx="0.761583055" lbRx="0.76158393" />
<p fId="3" fbTx="0.761682096" lbTx="0.76168218" tId="0" fbRx="0.771682096" lbRx="0.77168218" />
<p fId="0" fbTx="0.76168218" lbTx="0.761683055" tId="1" fbRx="0.76168218" lbRx="0.761683055" />
<p fId="1" fbTx="0.761683055" lbTx="0.76168393" tId="4" fbRx="0.761683055" lbRx="0.76168393" />
<p fId="3" fbTx="0.761782096" lbTx="0.76178218" tId="0" fbRx="0.771782096" lbRx="0.77178218" />
<p fId="0" fbTx="0.76178218" lbTx="0.761783055" tId="1" fbRx="0.76178218" lbRx="0.761783055" />
<p fId="1" fbTx="0.761783055" lbTx="0.76178393" tId="4" fbRx="0.761783055" lbRx="0.76178393" />
<p fId="3" fbTx="0.761882096" lbTx="0.76188218" tId="0" fbRx="0.771882096" lbRx="0.77188218" />
<p fId="0" fbTx="0.76188218" lbTx="0.761883055" tId="1" fbRx="0.76188218" lbRx="0.761883055" />
<p fId="1" fbTx="0.761883055" lbTx="0.76188393" tId="4" fbRx="0.761883055" lbRx="0.76188393" />
<p fId="3" fbTx="0.761982096" lbTx="0.76198218" tId="0" fbRx="0.771982096" lbRx="0.77198218" />
<p fId="0" fbTx="0.76198218" lbTx="0.761983055" tId="1" fbRx="0.76198218" lbRx="0.761983055" />
<p fId="1" fbTx="0.761983055" lbTx="0.76198393" tId="4" fbRx="0.761983055" lbRx="0.76198393" />
<p fId="3" fbTx="0.762082096" lbTx="0.76208218" tId="0" fbRx="0.772082096" lbRx="0.77208218" />
<p fId="0" fbTx="0.76208218" lbTx="0.762083055" tId="1" fbRx="0.76208218" lbRx="0.762083055" />
<p fId="1" fbTx="0.762083055" lbTx="0.76208393" tId="4" fbRx="0.762083055" lbRx="0.76208393" />
<p fId="3" fbTx="0.762182096" lbTx="0.76218218" tId="0" fbRx="0.772182096" lbRx="0.77218218" />
<p fId="0" fbTx="0.76218218" lbTx="0.762183055" tId="1" fbRx="0.76218218" lbRx="0.762183055" />
<p fId="1" fbTx="0.762183055" lbTx="0.76218393" tId="4" fbRx="0.762183055" lbRx="0.76218393" />
<pr uId="740" fId="4" fbTx="0.762214286" />
<wpr uId="740" tId="5" fbRx="0.762214286" lbRx="0" />
<wpr uId="740" tId="6" fbRx="0.762214286" lbRx="0" />
<p fId="3" fbTx="0.762282096" lbTx="0.76228218" tId="0" fbRx="0.772282096" lbRx="0.77228218" />
<p fId="0" fbTx="0.76228218" lbTx="0.762283055" tId="1" fbRx="0.76228218" lbRx="0.762283055" />
<p fId="1" fbTx="0.762283055" lbTx="0.76228393" tId="4" fbRx="0.762283055" lbRx="0.76228393" />
<p fId="3" fbTx="0.762382096" lbTx="0.76238218" tId="0" fbRx="0.772382096" lbRx="0.77238218" />
<p fId="0" fbTx="0.76238218" lbTx="0.762383055" tId="1" fbRx="0.76238218" lbRx="0.762383055" />
<p fId="1" fbTx="0.762383055" lbTx="0.76238393" tId="4" fbRx="0.762383055" lbRx="0.76238393" />
<p fId="3" fbTx="0.762482096" lbTx="0.76248218" tId="0" fbRx="0.772482096" lbRx="0.77248218" />
<p fId="0" fbTx="0.76248218" lbTx="0.762483055" tId="1" fbRx="0.76248218" lbRx="0.762483055" />
<p fId="1" fbTx="0.762483055" lbTx="0.76248393" tId="4" fbRx="0.762483055" lbRx="0.76248393" />
<p fId="3" fbTx="0.762582096" lbTx="0.76258218" tId="0" fbRx="0.772582096" lbRx="0.77258218" />
<p fId="0" fbTx="0.76258218" lbTx="0.762583055" tId="1" fbRx="0.76258218" lbRx="0.762583055" />
<p fId="1" fbTx="0.762583055" lbTx="0.76258393" tId="4" fbRx="0.762583055" lbRx="0.76258393" />
<p fId="3" fbTx="0.762682096" lbTx="0.76268218" tId="0" fbRx="0.772682096" lbRx="0.77268218" />
<p fId="0" fbTx="0.76268218" lbTx="0.762683055" tId="1" fbRx="0.76268218" lbRx="0.762683055" />
<p fId="1" fbTx="0.762683055" lbTx="0.76268393" tId="4" fbRx="0.762683055" lbRx="0.76268393" />
<p fId="3" fbTx="0.762782096" lbTx="0.76278218" tId="0" fbRx="0.772782096" lbRx="0.77278218" />
<p fId="0" fbTx="0.76278218" lbTx="0.762783055" tId="1" fbRx="0.76278218" lbRx="0.762783055" />
<p fId="1" fbTx="0.762783055" lbTx="0.76278393" tId="4" fbRx="0.762783055" lbRx="0.76278393" />
<p fId="3" fbTx="0.762882096" lbTx="0.76288218" tId="0" fbRx="0.772882096" lbRx="0.77288218" />
<p fId="0" fbTx="0.76288218" lbTx="0.762883055" tId="1" fbRx="0.76288218" lbRx="0.762883055" />
<p fId="1" fbTx="0.762883055" lbTx="0.76288393" tId="4" fbRx="0.762883055" lbRx="0.76288393" />
<p fId="3" fbTx="0.762982096" lbTx="0.76298218" tId="0" fbRx="0.772982096" lbRx="0.77298218" />
<p fId="0" fbTx="0.76298218" lbTx="0.762983055" tId="1" fbRx="0.76298218" lbRx="0.762983055" />
<p fId="1" fbTx="0.762983055" lbTx="0.76298393" tId="4" fbRx="0.762983055" lbRx="0.76298393" />
<p fId="3" fbTx="0.763082096" lbTx="0.76308218" tId="0" fbRx="0.773082096" lbRx="0.77308218" />
<p fId="0" fbTx="0.76308218" lbTx="0.763083055" tId="1" fbRx="0.76308218" lbRx="0.763083055" />
<p fId="1" fbTx="0.763083055" lbTx="0.76308393" tId="4" fbRx="0.763083055" lbRx="0.76308393" />
<p fId="3" fbTx="0.763182096" lbTx="0.76318218" tId="0" fbRx="0.773182096" lbRx="0.77318218" />
<p fId="0" fbTx="0.76318218" lbTx="0.763183055" tId="1" fbRx="0.76318218" lbRx="0.763183055" />
<p fId="1" fbTx="0.763183055" lbTx="0.76318393" tId="4" fbRx="0.763183055" lbRx="0.76318393" />
<pr uId="741" fId="4" fbTx="0.763214286" />
<wpr uId="741" tId="5" fbRx="0.763214286" lbRx="0" />
<wpr uId="741" tId="6" fbRx="0.763214286" lbRx="0" />
<p fId="3" fbTx="0.763282096" lbTx="0.76328218" tId="0" fbRx="0.773282096" lbRx="0.77328218" />
<p fId="0" fbTx="0.76328218" lbTx="0.763283055" tId="1" fbRx="0.76328218" lbRx="0.763283055" />
<p fId="1" fbTx="0.763283055" lbTx="0.76328393" tId="4" fbRx="0.763283055" lbRx="0.76328393" />
<p fId="3" fbTx="0.763382096" lbTx="0.76338218" tId="0" fbRx="0.773382096" lbRx="0.77338218" />
<p fId="0" fbTx="0.76338218" lbTx="0.763383055" tId="1" fbRx="0.76338218" lbRx="0.763383055" />
<p fId="1" fbTx="0.763383055" lbTx="0.76338393" tId="4" fbRx="0.763383055" lbRx="0.76338393" />
<p fId="3" fbTx="0.763482096" lbTx="0.76348218" tId="0" fbRx="0.773482096" lbRx="0.77348218" />
<p fId="0" fbTx="0.76348218" lbTx="0.763483055" tId="1" fbRx="0.76348218" lbRx="0.763483055" />
<p fId="1" fbTx="0.763483055" lbTx="0.76348393" tId="4" fbRx="0.763483055" lbRx="0.76348393" />
<p fId="3" fbTx="0.763582096" lbTx="0.76358218" tId="0" fbRx="0.773582096" lbRx="0.77358218" />
<p fId="0" fbTx="0.76358218" lbTx="0.763583055" tId="1" fbRx="0.76358218" lbRx="0.763583055" />
<p fId="1" fbTx="0.763583055" lbTx="0.76358393" tId="4" fbRx="0.763583055" lbRx="0.76358393" />
<p fId="3" fbTx="0.763682096" lbTx="0.76368218" tId="0" fbRx="0.773682096" lbRx="0.77368218" />
<p fId="0" fbTx="0.76368218" lbTx="0.763683055" tId="1" fbRx="0.76368218" lbRx="0.763683055" />
<p fId="1" fbTx="0.763683055" lbTx="0.76368393" tId="4" fbRx="0.763683055" lbRx="0.76368393" />
<p fId="3" fbTx="0.763782096" lbTx="0.76378218" tId="0" fbRx="0.773782096" lbRx="0.77378218" />
<p fId="0" fbTx="0.76378218" lbTx="0.763783055" tId="1" fbRx="0.76378218" lbRx="0.763783055" />
<p fId="1" fbTx="0.763783055" lbTx="0.76378393" tId="4" fbRx="0.763783055" lbRx="0.76378393" />
<p fId="3" fbTx="0.763882096" lbTx="0.76388218" tId="0" fbRx="0.773882096" lbRx="0.77388218" />
<p fId="0" fbTx="0.76388218" lbTx="0.763883055" tId="1" fbRx="0.76388218" lbRx="0.763883055" />
<p fId="1" fbTx="0.763883055" lbTx="0.76388393" tId="4" fbRx="0.763883055" lbRx="0.76388393" />
<p fId="3" fbTx="0.763982096" lbTx="0.76398218" tId="0" fbRx="0.773982096" lbRx="0.77398218" />
<p fId="0" fbTx="0.76398218" lbTx="0.763983055" tId="1" fbRx="0.76398218" lbRx="0.763983055" />
<p fId="1" fbTx="0.763983055" lbTx="0.76398393" tId="4" fbRx="0.763983055" lbRx="0.76398393" />
<p fId="3" fbTx="0.764082096" lbTx="0.76408218" tId="0" fbRx="0.774082096" lbRx="0.77408218" />
<p fId="0" fbTx="0.76408218" lbTx="0.764083055" tId="1" fbRx="0.76408218" lbRx="0.764083055" />
<p fId="1" fbTx="0.764083055" lbTx="0.76408393" tId="4" fbRx="0.764083055" lbRx="0.76408393" />
<p fId="3" fbTx="0.764182096" lbTx="0.76418218" tId="0" fbRx="0.774182096" lbRx="0.77418218" />
<p fId="0" fbTx="0.76418218" lbTx="0.764183055" tId="1" fbRx="0.76418218" lbRx="0.764183055" />
<p fId="1" fbTx="0.764183055" lbTx="0.76418393" tId="4" fbRx="0.764183055" lbRx="0.76418393" />
<pr uId="742" fId="4" fbTx="0.764214286" />
<wpr uId="742" tId="5" fbRx="0.764214286" lbRx="0" />
<wpr uId="742" tId="6" fbRx="0.764214286" lbRx="0" />
<p fId="3" fbTx="0.764282096" lbTx="0.76428218" tId="0" fbRx="0.774282096" lbRx="0.77428218" />
<p fId="0" fbTx="0.76428218" lbTx="0.764283055" tId="1" fbRx="0.76428218" lbRx="0.764283055" />
<p fId="1" fbTx="0.764283055" lbTx="0.76428393" tId="4" fbRx="0.764283055" lbRx="0.76428393" />
<p fId="3" fbTx="0.764382096" lbTx="0.76438218" tId="0" fbRx="0.774382096" lbRx="0.77438218" />
<p fId="0" fbTx="0.76438218" lbTx="0.764383055" tId="1" fbRx="0.76438218" lbRx="0.764383055" />
<p fId="1" fbTx="0.764383055" lbTx="0.76438393" tId="4" fbRx="0.764383055" lbRx="0.76438393" />
<p fId="3" fbTx="0.764482096" lbTx="0.76448218" tId="0" fbRx="0.774482096" lbRx="0.77448218" />
<p fId="0" fbTx="0.76448218" lbTx="0.764483055" tId="1" fbRx="0.76448218" lbRx="0.764483055" />
<p fId="1" fbTx="0.764483055" lbTx="0.76448393" tId="4" fbRx="0.764483055" lbRx="0.76448393" />
<p fId="3" fbTx="0.764582096" lbTx="0.76458218" tId="0" fbRx="0.774582096" lbRx="0.77458218" />
<p fId="0" fbTx="0.76458218" lbTx="0.764583055" tId="1" fbRx="0.76458218" lbRx="0.764583055" />
<p fId="1" fbTx="0.764583055" lbTx="0.76458393" tId="4" fbRx="0.764583055" lbRx="0.76458393" />
<p fId="3" fbTx="0.764682096" lbTx="0.76468218" tId="0" fbRx="0.774682096" lbRx="0.77468218" />
<p fId="0" fbTx="0.76468218" lbTx="0.764683055" tId="1" fbRx="0.76468218" lbRx="0.764683055" />
<p fId="1" fbTx="0.764683055" lbTx="0.76468393" tId="4" fbRx="0.764683055" lbRx="0.76468393" />
<p fId="3" fbTx="0.764782096" lbTx="0.76478218" tId="0" fbRx="0.774782096" lbRx="0.77478218" />
<p fId="0" fbTx="0.76478218" lbTx="0.764783055" tId="1" fbRx="0.76478218" lbRx="0.764783055" />
<p fId="1" fbTx="0.764783055" lbTx="0.76478393" tId="4" fbRx="0.764783055" lbRx="0.76478393" />
<p fId="3" fbTx="0.764882096" lbTx="0.76488218" tId="0" fbRx="0.774882096" lbRx="0.77488218" />
<p fId="0" fbTx="0.76488218" lbTx="0.764883055" tId="1" fbRx="0.76488218" lbRx="0.764883055" />
<p fId="1" fbTx="0.764883055" lbTx="0.76488393" tId="4" fbRx="0.764883055" lbRx="0.76488393" />
<p fId="3" fbTx="0.764982096" lbTx="0.76498218" tId="0" fbRx="0.774982096" lbRx="0.77498218" />
<p fId="0" fbTx="0.76498218" lbTx="0.764983055" tId="1" fbRx="0.76498218" lbRx="0.764983055" />
<p fId="1" fbTx="0.764983055" lbTx="0.76498393" tId="4" fbRx="0.764983055" lbRx="0.76498393" />
<p fId="3" fbTx="0.765082096" lbTx="0.76508218" tId="0" fbRx="0.775082096" lbRx="0.77508218" />
<p fId="0" fbTx="0.76508218" lbTx="0.765083055" tId="1" fbRx="0.76508218" lbRx="0.765083055" />
<p fId="1" fbTx="0.765083055" lbTx="0.76508393" tId="4" fbRx="0.765083055" lbRx="0.76508393" />
<p fId="3" fbTx="0.765182096" lbTx="0.76518218" tId="0" fbRx="0.775182096" lbRx="0.77518218" />
<p fId="0" fbTx="0.76518218" lbTx="0.765183055" tId="1" fbRx="0.76518218" lbRx="0.765183055" />
<p fId="1" fbTx="0.765183055" lbTx="0.76518393" tId="4" fbRx="0.765183055" lbRx="0.76518393" />
<pr uId="743" fId="4" fbTx="0.765214286" />
<wpr uId="743" tId="5" fbRx="0.765214286" lbRx="0" />
<wpr uId="743" tId="6" fbRx="0.765214286" lbRx="0" />
<p fId="3" fbTx="0.765282096" lbTx="0.76528218" tId="0" fbRx="0.775282096" lbRx="0.77528218" />
<p fId="0" fbTx="0.76528218" lbTx="0.765283055" tId="1" fbRx="0.76528218" lbRx="0.765283055" />
<p fId="1" fbTx="0.765283055" lbTx="0.76528393" tId="4" fbRx="0.765283055" lbRx="0.76528393" />
<p fId="3" fbTx="0.765382096" lbTx="0.76538218" tId="0" fbRx="0.775382096" lbRx="0.77538218" />
<p fId="0" fbTx="0.76538218" lbTx="0.765383055" tId="1" fbRx="0.76538218" lbRx="0.765383055" />
<p fId="1" fbTx="0.765383055" lbTx="0.76538393" tId="4" fbRx="0.765383055" lbRx="0.76538393" />
<p fId="3" fbTx="0.765482096" lbTx="0.76548218" tId="0" fbRx="0.775482096" lbRx="0.77548218" />
<p fId="0" fbTx="0.76548218" lbTx="0.765483055" tId="1" fbRx="0.76548218" lbRx="0.765483055" />
<p fId="1" fbTx="0.765483055" lbTx="0.76548393" tId="4" fbRx="0.765483055" lbRx="0.76548393" />
<p fId="3" fbTx="0.765582096" lbTx="0.76558218" tId="0" fbRx="0.775582096" lbRx="0.77558218" />
<p fId="0" fbTx="0.76558218" lbTx="0.765583055" tId="1" fbRx="0.76558218" lbRx="0.765583055" />
<p fId="1" fbTx="0.765583055" lbTx="0.76558393" tId="4" fbRx="0.765583055" lbRx="0.76558393" />
<p fId="3" fbTx="0.765682096" lbTx="0.76568218" tId="0" fbRx="0.775682096" lbRx="0.77568218" />
<p fId="0" fbTx="0.76568218" lbTx="0.765683055" tId="1" fbRx="0.76568218" lbRx="0.765683055" />
<p fId="1" fbTx="0.765683055" lbTx="0.76568393" tId="4" fbRx="0.765683055" lbRx="0.76568393" />
<p fId="3" fbTx="0.765782096" lbTx="0.76578218" tId="0" fbRx="0.775782096" lbRx="0.77578218" />
<p fId="0" fbTx="0.76578218" lbTx="0.765783055" tId="1" fbRx="0.76578218" lbRx="0.765783055" />
<p fId="1" fbTx="0.765783055" lbTx="0.76578393" tId="4" fbRx="0.765783055" lbRx="0.76578393" />
<p fId="3" fbTx="0.765882096" lbTx="0.76588218" tId="0" fbRx="0.775882096" lbRx="0.77588218" />
<p fId="0" fbTx="0.76588218" lbTx="0.765883055" tId="1" fbRx="0.76588218" lbRx="0.765883055" />
<p fId="1" fbTx="0.765883055" lbTx="0.76588393" tId="4" fbRx="0.765883055" lbRx="0.76588393" />
<p fId="3" fbTx="0.765982096" lbTx="0.76598218" tId="0" fbRx="0.775982096" lbRx="0.77598218" />
<p fId="0" fbTx="0.76598218" lbTx="0.765983055" tId="1" fbRx="0.76598218" lbRx="0.765983055" />
<p fId="1" fbTx="0.765983055" lbTx="0.76598393" tId="4" fbRx="0.765983055" lbRx="0.76598393" />
<p fId="3" fbTx="0.766082096" lbTx="0.76608218" tId="0" fbRx="0.776082096" lbRx="0.77608218" />
<p fId="0" fbTx="0.76608218" lbTx="0.766083055" tId="1" fbRx="0.76608218" lbRx="0.766083055" />
<p fId="1" fbTx="0.766083055" lbTx="0.76608393" tId="4" fbRx="0.766083055" lbRx="0.76608393" />
<p fId="3" fbTx="0.766182096" lbTx="0.76618218" tId="0" fbRx="0.776182096" lbRx="0.77618218" />
<p fId="0" fbTx="0.76618218" lbTx="0.766183055" tId="1" fbRx="0.76618218" lbRx="0.766183055" />
<p fId="1" fbTx="0.766183055" lbTx="0.76618393" tId="4" fbRx="0.766183055" lbRx="0.76618393" />
<pr uId="744" fId="4" fbTx="0.766214286" />
<wpr uId="744" tId="5" fbRx="0.766214286" lbRx="0" />
<wpr uId="744" tId="6" fbRx="0.766214286" lbRx="0" />
<p fId="3" fbTx="0.766282096" lbTx="0.76628218" tId="0" fbRx="0.776282096" lbRx="0.77628218" />
<p fId="0" fbTx="0.76628218" lbTx="0.766283055" tId="1" fbRx="0.76628218" lbRx="0.766283055" />
<p fId="1" fbTx="0.766283055" lbTx="0.76628393" tId="4" fbRx="0.766283055" lbRx="0.76628393" />
<p fId="3" fbTx="0.766382096" lbTx="0.76638218" tId="0" fbRx="0.776382096" lbRx="0.77638218" />
<p fId="0" fbTx="0.76638218" lbTx="0.766383055" tId="1" fbRx="0.76638218" lbRx="0.766383055" />
<p fId="1" fbTx="0.766383055" lbTx="0.76638393" tId="4" fbRx="0.766383055" lbRx="0.76638393" />
<p fId="3" fbTx="0.766482096" lbTx="0.76648218" tId="0" fbRx="0.776482096" lbRx="0.77648218" />
<p fId="0" fbTx="0.76648218" lbTx="0.766483055" tId="1" fbRx="0.76648218" lbRx="0.766483055" />
<p fId="1" fbTx="0.766483055" lbTx="0.76648393" tId="4" fbRx="0.766483055" lbRx="0.76648393" />
<p fId="3" fbTx="0.766582096" lbTx="0.76658218" tId="0" fbRx="0.776582096" lbRx="0.77658218" />
<p fId="0" fbTx="0.76658218" lbTx="0.766583055" tId="1" fbRx="0.76658218" lbRx="0.766583055" />
<p fId="1" fbTx="0.766583055" lbTx="0.76658393" tId="4" fbRx="0.766583055" lbRx="0.76658393" />
<p fId="3" fbTx="0.766682096" lbTx="0.76668218" tId="0" fbRx="0.776682096" lbRx="0.77668218" />
<p fId="0" fbTx="0.76668218" lbTx="0.766683055" tId="1" fbRx="0.76668218" lbRx="0.766683055" />
<p fId="1" fbTx="0.766683055" lbTx="0.76668393" tId="4" fbRx="0.766683055" lbRx="0.76668393" />
<p fId="3" fbTx="0.766782096" lbTx="0.76678218" tId="0" fbRx="0.776782096" lbRx="0.77678218" />
<p fId="0" fbTx="0.76678218" lbTx="0.766783055" tId="1" fbRx="0.76678218" lbRx="0.766783055" />
<p fId="1" fbTx="0.766783055" lbTx="0.76678393" tId="4" fbRx="0.766783055" lbRx="0.76678393" />
<p fId="3" fbTx="0.766882096" lbTx="0.76688218" tId="0" fbRx="0.776882096" lbRx="0.77688218" />
<p fId="0" fbTx="0.76688218" lbTx="0.766883055" tId="1" fbRx="0.76688218" lbRx="0.766883055" />
<p fId="1" fbTx="0.766883055" lbTx="0.76688393" tId="4" fbRx="0.766883055" lbRx="0.76688393" />
<p fId="3" fbTx="0.766982096" lbTx="0.76698218" tId="0" fbRx="0.776982096" lbRx="0.77698218" />
<p fId="0" fbTx="0.76698218" lbTx="0.766983055" tId="1" fbRx="0.76698218" lbRx="0.766983055" />
<p fId="1" fbTx="0.766983055" lbTx="0.76698393" tId="4" fbRx="0.766983055" lbRx="0.76698393" />
<p fId="3" fbTx="0.767082096" lbTx="0.76708218" tId="0" fbRx="0.777082096" lbRx="0.77708218" />
<p fId="0" fbTx="0.76708218" lbTx="0.767083055" tId="1" fbRx="0.76708218" lbRx="0.767083055" />
<p fId="1" fbTx="0.767083055" lbTx="0.76708393" tId="4" fbRx="0.767083055" lbRx="0.76708393" />
<p fId="3" fbTx="0.767182096" lbTx="0.76718218" tId="0" fbRx="0.777182096" lbRx="0.77718218" />
<p fId="0" fbTx="0.76718218" lbTx="0.767183055" tId="1" fbRx="0.76718218" lbRx="0.767183055" />
<p fId="1" fbTx="0.767183055" lbTx="0.76718393" tId="4" fbRx="0.767183055" lbRx="0.76718393" />
<pr uId="745" fId="4" fbTx="0.767214286" />
<wpr uId="745" tId="5" fbRx="0.767214286" lbRx="0" />
<wpr uId="745" tId="6" fbRx="0.767214286" lbRx="0" />
<p fId="3" fbTx="0.767282096" lbTx="0.76728218" tId="0" fbRx="0.777282096" lbRx="0.77728218" />
<p fId="0" fbTx="0.76728218" lbTx="0.767283055" tId="1" fbRx="0.76728218" lbRx="0.767283055" />
<p fId="1" fbTx="0.767283055" lbTx="0.76728393" tId="4" fbRx="0.767283055" lbRx="0.76728393" />
<p fId="3" fbTx="0.767382096" lbTx="0.76738218" tId="0" fbRx="0.777382096" lbRx="0.77738218" />
<p fId="0" fbTx="0.76738218" lbTx="0.767383055" tId="1" fbRx="0.76738218" lbRx="0.767383055" />
<p fId="1" fbTx="0.767383055" lbTx="0.76738393" tId="4" fbRx="0.767383055" lbRx="0.76738393" />
<p fId="3" fbTx="0.767482096" lbTx="0.76748218" tId="0" fbRx="0.777482096" lbRx="0.77748218" />
<p fId="0" fbTx="0.76748218" lbTx="0.767483055" tId="1" fbRx="0.76748218" lbRx="0.767483055" />
<p fId="1" fbTx="0.767483055" lbTx="0.76748393" tId="4" fbRx="0.767483055" lbRx="0.76748393" />
<p fId="3" fbTx="0.767582096" lbTx="0.76758218" tId="0" fbRx="0.777582096" lbRx="0.77758218" />
<p fId="0" fbTx="0.76758218" lbTx="0.767583055" tId="1" fbRx="0.76758218" lbRx="0.767583055" />
<p fId="1" fbTx="0.767583055" lbTx="0.76758393" tId="4" fbRx="0.767583055" lbRx="0.76758393" />
<p fId="3" fbTx="0.767682096" lbTx="0.76768218" tId="0" fbRx="0.777682096" lbRx="0.77768218" />
<p fId="0" fbTx="0.76768218" lbTx="0.767683055" tId="1" fbRx="0.76768218" lbRx="0.767683055" />
<p fId="1" fbTx="0.767683055" lbTx="0.76768393" tId="4" fbRx="0.767683055" lbRx="0.76768393" />
<p fId="3" fbTx="0.767782096" lbTx="0.76778218" tId="0" fbRx="0.777782096" lbRx="0.77778218" />
<p fId="0" fbTx="0.76778218" lbTx="0.767783055" tId="1" fbRx="0.76778218" lbRx="0.767783055" />
<p fId="1" fbTx="0.767783055" lbTx="0.76778393" tId="4" fbRx="0.767783055" lbRx="0.76778393" />
<p fId="3" fbTx="0.767882096" lbTx="0.76788218" tId="0" fbRx="0.777882096" lbRx="0.77788218" />
<p fId="0" fbTx="0.76788218" lbTx="0.767883055" tId="1" fbRx="0.76788218" lbRx="0.767883055" />
<p fId="1" fbTx="0.767883055" lbTx="0.76788393" tId="4" fbRx="0.767883055" lbRx="0.76788393" />
<p fId="3" fbTx="0.767982096" lbTx="0.76798218" tId="0" fbRx="0.777982096" lbRx="0.77798218" />
<p fId="0" fbTx="0.76798218" lbTx="0.767983055" tId="1" fbRx="0.76798218" lbRx="0.767983055" />
<p fId="1" fbTx="0.767983055" lbTx="0.76798393" tId="4" fbRx="0.767983055" lbRx="0.76798393" />
<p fId="3" fbTx="0.768082096" lbTx="0.76808218" tId="0" fbRx="0.778082096" lbRx="0.77808218" />
<p fId="0" fbTx="0.76808218" lbTx="0.768083055" tId="1" fbRx="0.76808218" lbRx="0.768083055" />
<p fId="1" fbTx="0.768083055" lbTx="0.76808393" tId="4" fbRx="0.768083055" lbRx="0.76808393" />
<p fId="3" fbTx="0.768182096" lbTx="0.76818218" tId="0" fbRx="0.778182096" lbRx="0.77818218" />
<p fId="0" fbTx="0.76818218" lbTx="0.768183055" tId="1" fbRx="0.76818218" lbRx="0.768183055" />
<p fId="1" fbTx="0.768183055" lbTx="0.76818393" tId="4" fbRx="0.768183055" lbRx="0.76818393" />
<pr uId="746" fId="4" fbTx="0.768214286" />
<wpr uId="746" tId="5" fbRx="0.768214286" lbRx="0" />
<wpr uId="746" tId="6" fbRx="0.768214286" lbRx="0" />
<p fId="3" fbTx="0.768282096" lbTx="0.76828218" tId="0" fbRx="0.778282096" lbRx="0.77828218" />
<p fId="0" fbTx="0.76828218" lbTx="0.768283055" tId="1" fbRx="0.76828218" lbRx="0.768283055" />
<p fId="1" fbTx="0.768283055" lbTx="0.76828393" tId="4" fbRx="0.768283055" lbRx="0.76828393" />
<p fId="3" fbTx="0.768382096" lbTx="0.76838218" tId="0" fbRx="0.778382096" lbRx="0.77838218" />
<p fId="0" fbTx="0.76838218" lbTx="0.768383055" tId="1" fbRx="0.76838218" lbRx="0.768383055" />
<p fId="1" fbTx="0.768383055" lbTx="0.76838393" tId="4" fbRx="0.768383055" lbRx="0.76838393" />
<p fId="3" fbTx="0.768482096" lbTx="0.76848218" tId="0" fbRx="0.778482096" lbRx="0.77848218" />
<p fId="0" fbTx="0.76848218" lbTx="0.768483055" tId="1" fbRx="0.76848218" lbRx="0.768483055" />
<p fId="1" fbTx="0.768483055" lbTx="0.76848393" tId="4" fbRx="0.768483055" lbRx="0.76848393" />
<p fId="3" fbTx="0.768582096" lbTx="0.76858218" tId="0" fbRx="0.778582096" lbRx="0.77858218" />
<p fId="0" fbTx="0.76858218" lbTx="0.768583055" tId="1" fbRx="0.76858218" lbRx="0.768583055" />
<p fId="1" fbTx="0.768583055" lbTx="0.76858393" tId="4" fbRx="0.768583055" lbRx="0.76858393" />
<p fId="3" fbTx="0.768682096" lbTx="0.76868218" tId="0" fbRx="0.778682096" lbRx="0.77868218" />
<p fId="0" fbTx="0.76868218" lbTx="0.768683055" tId="1" fbRx="0.76868218" lbRx="0.768683055" />
<p fId="1" fbTx="0.768683055" lbTx="0.76868393" tId="4" fbRx="0.768683055" lbRx="0.76868393" />
<p fId="3" fbTx="0.768782096" lbTx="0.76878218" tId="0" fbRx="0.778782096" lbRx="0.77878218" />
<p fId="0" fbTx="0.76878218" lbTx="0.768783055" tId="1" fbRx="0.76878218" lbRx="0.768783055" />
<p fId="1" fbTx="0.768783055" lbTx="0.76878393" tId="4" fbRx="0.768783055" lbRx="0.76878393" />
<p fId="3" fbTx="0.768882096" lbTx="0.76888218" tId="0" fbRx="0.778882096" lbRx="0.77888218" />
<p fId="0" fbTx="0.76888218" lbTx="0.768883055" tId="1" fbRx="0.76888218" lbRx="0.768883055" />
<p fId="1" fbTx="0.768883055" lbTx="0.76888393" tId="4" fbRx="0.768883055" lbRx="0.76888393" />
<p fId="3" fbTx="0.768982096" lbTx="0.76898218" tId="0" fbRx="0.778982096" lbRx="0.77898218" />
<p fId="0" fbTx="0.76898218" lbTx="0.768983055" tId="1" fbRx="0.76898218" lbRx="0.768983055" />
<p fId="1" fbTx="0.768983055" lbTx="0.76898393" tId="4" fbRx="0.768983055" lbRx="0.76898393" />
<p fId="3" fbTx="0.769082096" lbTx="0.76908218" tId="0" fbRx="0.779082096" lbRx="0.77908218" />
<p fId="0" fbTx="0.76908218" lbTx="0.769083055" tId="1" fbRx="0.76908218" lbRx="0.769083055" />
<p fId="1" fbTx="0.769083055" lbTx="0.76908393" tId="4" fbRx="0.769083055" lbRx="0.76908393" />
<p fId="3" fbTx="0.769182096" lbTx="0.76918218" tId="0" fbRx="0.779182096" lbRx="0.77918218" />
<p fId="0" fbTx="0.76918218" lbTx="0.769183055" tId="1" fbRx="0.76918218" lbRx="0.769183055" />
<p fId="1" fbTx="0.769183055" lbTx="0.76918393" tId="4" fbRx="0.769183055" lbRx="0.76918393" />
<pr uId="747" fId="4" fbTx="0.769214286" />
<wpr uId="747" tId="5" fbRx="0.769214286" lbRx="0" />
<wpr uId="747" tId="6" fbRx="0.769214286" lbRx="0" />
<p fId="3" fbTx="0.769282096" lbTx="0.76928218" tId="0" fbRx="0.779282096" lbRx="0.77928218" />
<p fId="0" fbTx="0.76928218" lbTx="0.769283055" tId="1" fbRx="0.76928218" lbRx="0.769283055" />
<p fId="1" fbTx="0.769283055" lbTx="0.76928393" tId="4" fbRx="0.769283055" lbRx="0.76928393" />
<p fId="3" fbTx="0.769382096" lbTx="0.76938218" tId="0" fbRx="0.779382096" lbRx="0.77938218" />
<p fId="0" fbTx="0.76938218" lbTx="0.769383055" tId="1" fbRx="0.76938218" lbRx="0.769383055" />
<p fId="1" fbTx="0.769383055" lbTx="0.76938393" tId="4" fbRx="0.769383055" lbRx="0.76938393" />
<p fId="3" fbTx="0.769482096" lbTx="0.76948218" tId="0" fbRx="0.779482096" lbRx="0.77948218" />
<p fId="0" fbTx="0.76948218" lbTx="0.769483055" tId="1" fbRx="0.76948218" lbRx="0.769483055" />
<p fId="1" fbTx="0.769483055" lbTx="0.76948393" tId="4" fbRx="0.769483055" lbRx="0.76948393" />
<p fId="3" fbTx="0.769582096" lbTx="0.76958218" tId="0" fbRx="0.779582096" lbRx="0.77958218" />
<p fId="0" fbTx="0.76958218" lbTx="0.769583055" tId="1" fbRx="0.76958218" lbRx="0.769583055" />
<p fId="1" fbTx="0.769583055" lbTx="0.76958393" tId="4" fbRx="0.769583055" lbRx="0.76958393" />
<p fId="3" fbTx="0.769682096" lbTx="0.76968218" tId="0" fbRx="0.779682096" lbRx="0.77968218" />
<p fId="0" fbTx="0.76968218" lbTx="0.769683055" tId="1" fbRx="0.76968218" lbRx="0.769683055" />
<p fId="1" fbTx="0.769683055" lbTx="0.76968393" tId="4" fbRx="0.769683055" lbRx="0.76968393" />
<p fId="3" fbTx="0.769782096" lbTx="0.76978218" tId="0" fbRx="0.779782096" lbRx="0.77978218" />
<p fId="0" fbTx="0.76978218" lbTx="0.769783055" tId="1" fbRx="0.76978218" lbRx="0.769783055" />
<p fId="1" fbTx="0.769783055" lbTx="0.76978393" tId="4" fbRx="0.769783055" lbRx="0.76978393" />
<p fId="3" fbTx="0.769882096" lbTx="0.76988218" tId="0" fbRx="0.779882096" lbRx="0.77988218" />
<p fId="0" fbTx="0.76988218" lbTx="0.769883055" tId="1" fbRx="0.76988218" lbRx="0.769883055" />
<p fId="1" fbTx="0.769883055" lbTx="0.76988393" tId="4" fbRx="0.769883055" lbRx="0.76988393" />
<p fId="3" fbTx="0.769982096" lbTx="0.76998218" tId="0" fbRx="0.779982096" lbRx="0.77998218" />
<p fId="0" fbTx="0.76998218" lbTx="0.769983055" tId="1" fbRx="0.76998218" lbRx="0.769983055" />
<p fId="1" fbTx="0.769983055" lbTx="0.76998393" tId="4" fbRx="0.769983055" lbRx="0.76998393" />
<p fId="3" fbTx="0.770082096" lbTx="0.77008218" tId="0" fbRx="0.780082096" lbRx="0.78008218" />
<p fId="0" fbTx="0.77008218" lbTx="0.770083055" tId="1" fbRx="0.77008218" lbRx="0.770083055" />
<p fId="1" fbTx="0.770083055" lbTx="0.77008393" tId="4" fbRx="0.770083055" lbRx="0.77008393" />
<p fId="3" fbTx="0.770182096" lbTx="0.77018218" tId="0" fbRx="0.780182096" lbRx="0.78018218" />
<p fId="0" fbTx="0.77018218" lbTx="0.770183055" tId="1" fbRx="0.77018218" lbRx="0.770183055" />
<p fId="1" fbTx="0.770183055" lbTx="0.77018393" tId="4" fbRx="0.770183055" lbRx="0.77018393" />
<pr uId="748" fId="4" fbTx="0.770214286" />
<wpr uId="748" tId="5" fbRx="0.770214286" lbRx="0" />
<wpr uId="748" tId="6" fbRx="0.770214286" lbRx="0" />
<p fId="3" fbTx="0.770282096" lbTx="0.77028218" tId="0" fbRx="0.780282096" lbRx="0.78028218" />
<p fId="0" fbTx="0.77028218" lbTx="0.770283055" tId="1" fbRx="0.77028218" lbRx="0.770283055" />
<p fId="1" fbTx="0.770283055" lbTx="0.77028393" tId="4" fbRx="0.770283055" lbRx="0.77028393" />
<p fId="3" fbTx="0.770382096" lbTx="0.77038218" tId="0" fbRx="0.780382096" lbRx="0.78038218" />
<p fId="0" fbTx="0.77038218" lbTx="0.770383055" tId="1" fbRx="0.77038218" lbRx="0.770383055" />
<p fId="1" fbTx="0.770383055" lbTx="0.77038393" tId="4" fbRx="0.770383055" lbRx="0.77038393" />
<p fId="3" fbTx="0.770482096" lbTx="0.77048218" tId="0" fbRx="0.780482096" lbRx="0.78048218" />
<p fId="0" fbTx="0.77048218" lbTx="0.770483055" tId="1" fbRx="0.77048218" lbRx="0.770483055" />
<p fId="1" fbTx="0.770483055" lbTx="0.77048393" tId="4" fbRx="0.770483055" lbRx="0.77048393" />
<p fId="3" fbTx="0.770582096" lbTx="0.77058218" tId="0" fbRx="0.780582096" lbRx="0.78058218" />
<p fId="0" fbTx="0.77058218" lbTx="0.770583055" tId="1" fbRx="0.77058218" lbRx="0.770583055" />
<p fId="1" fbTx="0.770583055" lbTx="0.77058393" tId="4" fbRx="0.770583055" lbRx="0.77058393" />
<p fId="3" fbTx="0.770682096" lbTx="0.77068218" tId="0" fbRx="0.780682096" lbRx="0.78068218" />
<p fId="0" fbTx="0.77068218" lbTx="0.770683055" tId="1" fbRx="0.77068218" lbRx="0.770683055" />
<p fId="1" fbTx="0.770683055" lbTx="0.77068393" tId="4" fbRx="0.770683055" lbRx="0.77068393" />
<p fId="3" fbTx="0.770782096" lbTx="0.77078218" tId="0" fbRx="0.780782096" lbRx="0.78078218" />
<p fId="0" fbTx="0.77078218" lbTx="0.770783055" tId="1" fbRx="0.77078218" lbRx="0.770783055" />
<p fId="1" fbTx="0.770783055" lbTx="0.77078393" tId="4" fbRx="0.770783055" lbRx="0.77078393" />
<p fId="3" fbTx="0.770882096" lbTx="0.77088218" tId="0" fbRx="0.780882096" lbRx="0.78088218" />
<p fId="0" fbTx="0.77088218" lbTx="0.770883055" tId="1" fbRx="0.77088218" lbRx="0.770883055" />
<p fId="1" fbTx="0.770883055" lbTx="0.77088393" tId="4" fbRx="0.770883055" lbRx="0.77088393" />
<p fId="3" fbTx="0.770982096" lbTx="0.77098218" tId="0" fbRx="0.780982096" lbRx="0.78098218" />
<p fId="0" fbTx="0.77098218" lbTx="0.770983055" tId="1" fbRx="0.77098218" lbRx="0.770983055" />
<p fId="1" fbTx="0.770983055" lbTx="0.77098393" tId="4" fbRx="0.770983055" lbRx="0.77098393" />
<p fId="3" fbTx="0.771082096" lbTx="0.77108218" tId="0" fbRx="0.781082096" lbRx="0.78108218" />
<p fId="0" fbTx="0.77108218" lbTx="0.771083055" tId="1" fbRx="0.77108218" lbRx="0.771083055" />
<p fId="1" fbTx="0.771083055" lbTx="0.77108393" tId="4" fbRx="0.771083055" lbRx="0.77108393" />
<p fId="3" fbTx="0.771182096" lbTx="0.77118218" tId="0" fbRx="0.781182096" lbRx="0.78118218" />
<p fId="0" fbTx="0.77118218" lbTx="0.771183055" tId="1" fbRx="0.77118218" lbRx="0.771183055" />
<p fId="1" fbTx="0.771183055" lbTx="0.77118393" tId="4" fbRx="0.771183055" lbRx="0.77118393" />
<pr uId="749" fId="4" fbTx="0.771214286" />
<wpr uId="749" tId="5" fbRx="0.771214286" lbRx="0" />
<wpr uId="749" tId="6" fbRx="0.771214286" lbRx="0" />
<p fId="3" fbTx="0.771282096" lbTx="0.77128218" tId="0" fbRx="0.781282096" lbRx="0.78128218" />
<p fId="0" fbTx="0.77128218" lbTx="0.771283055" tId="1" fbRx="0.77128218" lbRx="0.771283055" />
<p fId="1" fbTx="0.771283055" lbTx="0.77128393" tId="4" fbRx="0.771283055" lbRx="0.77128393" />
<p fId="3" fbTx="0.771382096" lbTx="0.77138218" tId="0" fbRx="0.781382096" lbRx="0.78138218" />
<p fId="0" fbTx="0.77138218" lbTx="0.771383055" tId="1" fbRx="0.77138218" lbRx="0.771383055" />
<p fId="1" fbTx="0.771383055" lbTx="0.77138393" tId="4" fbRx="0.771383055" lbRx="0.77138393" />
<p fId="3" fbTx="0.771482096" lbTx="0.77148218" tId="0" fbRx="0.781482096" lbRx="0.78148218" />
<p fId="0" fbTx="0.77148218" lbTx="0.771483055" tId="1" fbRx="0.77148218" lbRx="0.771483055" />
<p fId="1" fbTx="0.771483055" lbTx="0.77148393" tId="4" fbRx="0.771483055" lbRx="0.77148393" />
<p fId="3" fbTx="0.771582096" lbTx="0.77158218" tId="0" fbRx="0.781582096" lbRx="0.78158218" />
<p fId="0" fbTx="0.77158218" lbTx="0.771583055" tId="1" fbRx="0.77158218" lbRx="0.771583055" />
<p fId="1" fbTx="0.771583055" lbTx="0.77158393" tId="4" fbRx="0.771583055" lbRx="0.77158393" />
<p fId="3" fbTx="0.771682096" lbTx="0.77168218" tId="0" fbRx="0.781682096" lbRx="0.78168218" />
<p fId="0" fbTx="0.77168218" lbTx="0.771683055" tId="1" fbRx="0.77168218" lbRx="0.771683055" />
<p fId="1" fbTx="0.771683055" lbTx="0.77168393" tId="4" fbRx="0.771683055" lbRx="0.77168393" />
<p fId="3" fbTx="0.771782096" lbTx="0.77178218" tId="0" fbRx="0.781782096" lbRx="0.78178218" />
<p fId="0" fbTx="0.77178218" lbTx="0.771783055" tId="1" fbRx="0.77178218" lbRx="0.771783055" />
<p fId="1" fbTx="0.771783055" lbTx="0.77178393" tId="4" fbRx="0.771783055" lbRx="0.77178393" />
<p fId="3" fbTx="0.771882096" lbTx="0.77188218" tId="0" fbRx="0.781882096" lbRx="0.78188218" />
<p fId="0" fbTx="0.77188218" lbTx="0.771883055" tId="1" fbRx="0.77188218" lbRx="0.771883055" />
<p fId="1" fbTx="0.771883055" lbTx="0.77188393" tId="4" fbRx="0.771883055" lbRx="0.77188393" />
<p fId="3" fbTx="0.771982096" lbTx="0.77198218" tId="0" fbRx="0.781982096" lbRx="0.78198218" />
<p fId="0" fbTx="0.77198218" lbTx="0.771983055" tId="1" fbRx="0.77198218" lbRx="0.771983055" />
<p fId="1" fbTx="0.771983055" lbTx="0.77198393" tId="4" fbRx="0.771983055" lbRx="0.77198393" />
<p fId="3" fbTx="0.772082096" lbTx="0.77208218" tId="0" fbRx="0.782082096" lbRx="0.78208218" />
<p fId="0" fbTx="0.77208218" lbTx="0.772083055" tId="1" fbRx="0.77208218" lbRx="0.772083055" />
<p fId="1" fbTx="0.772083055" lbTx="0.77208393" tId="4" fbRx="0.772083055" lbRx="0.77208393" />
<p fId="3" fbTx="0.772182096" lbTx="0.77218218" tId="0" fbRx="0.782182096" lbRx="0.78218218" />
<p fId="0" fbTx="0.77218218" lbTx="0.772183055" tId="1" fbRx="0.77218218" lbRx="0.772183055" />
<p fId="1" fbTx="0.772183055" lbTx="0.77218393" tId="4" fbRx="0.772183055" lbRx="0.77218393" />
<pr uId="750" fId="4" fbTx="0.772214286" />
<wpr uId="750" tId="5" fbRx="0.772214286" lbRx="0" />
<wpr uId="750" tId="6" fbRx="0.772214286" lbRx="0" />
<p fId="3" fbTx="0.772282096" lbTx="0.77228218" tId="0" fbRx="0.782282096" lbRx="0.78228218" />
<p fId="0" fbTx="0.77228218" lbTx="0.772283055" tId="1" fbRx="0.77228218" lbRx="0.772283055" />
<p fId="1" fbTx="0.772283055" lbTx="0.77228393" tId="4" fbRx="0.772283055" lbRx="0.77228393" />
<p fId="3" fbTx="0.772382096" lbTx="0.77238218" tId="0" fbRx="0.782382096" lbRx="0.78238218" />
<p fId="0" fbTx="0.77238218" lbTx="0.772383055" tId="1" fbRx="0.77238218" lbRx="0.772383055" />
<p fId="1" fbTx="0.772383055" lbTx="0.77238393" tId="4" fbRx="0.772383055" lbRx="0.77238393" />
<p fId="3" fbTx="0.772482096" lbTx="0.77248218" tId="0" fbRx="0.782482096" lbRx="0.78248218" />
<p fId="0" fbTx="0.77248218" lbTx="0.772483055" tId="1" fbRx="0.77248218" lbRx="0.772483055" />
<p fId="1" fbTx="0.772483055" lbTx="0.77248393" tId="4" fbRx="0.772483055" lbRx="0.77248393" />
<p fId="3" fbTx="0.772582096" lbTx="0.77258218" tId="0" fbRx="0.782582096" lbRx="0.78258218" />
<p fId="0" fbTx="0.77258218" lbTx="0.772583055" tId="1" fbRx="0.77258218" lbRx="0.772583055" />
<p fId="1" fbTx="0.772583055" lbTx="0.77258393" tId="4" fbRx="0.772583055" lbRx="0.77258393" />
<p fId="3" fbTx="0.772682096" lbTx="0.77268218" tId="0" fbRx="0.782682096" lbRx="0.78268218" />
<p fId="0" fbTx="0.77268218" lbTx="0.772683055" tId="1" fbRx="0.77268218" lbRx="0.772683055" />
<p fId="1" fbTx="0.772683055" lbTx="0.77268393" tId="4" fbRx="0.772683055" lbRx="0.77268393" />
<p fId="3" fbTx="0.772782096" lbTx="0.77278218" tId="0" fbRx="0.782782096" lbRx="0.78278218" />
<p fId="0" fbTx="0.77278218" lbTx="0.772783055" tId="1" fbRx="0.77278218" lbRx="0.772783055" />
<p fId="1" fbTx="0.772783055" lbTx="0.77278393" tId="4" fbRx="0.772783055" lbRx="0.77278393" />
<p fId="3" fbTx="0.772882096" lbTx="0.77288218" tId="0" fbRx="0.782882096" lbRx="0.78288218" />
<p fId="0" fbTx="0.77288218" lbTx="0.772883055" tId="1" fbRx="0.77288218" lbRx="0.772883055" />
<p fId="1" fbTx="0.772883055" lbTx="0.77288393" tId="4" fbRx="0.772883055" lbRx="0.77288393" />
<p fId="3" fbTx="0.772982096" lbTx="0.77298218" tId="0" fbRx="0.782982096" lbRx="0.78298218" />
<p fId="0" fbTx="0.77298218" lbTx="0.772983055" tId="1" fbRx="0.77298218" lbRx="0.772983055" />
<p fId="1" fbTx="0.772983055" lbTx="0.77298393" tId="4" fbRx="0.772983055" lbRx="0.77298393" />
<p fId="3" fbTx="0.773082096" lbTx="0.77308218" tId="0" fbRx="0.783082096" lbRx="0.78308218" />
<p fId="0" fbTx="0.77308218" lbTx="0.773083055" tId="1" fbRx="0.77308218" lbRx="0.773083055" />
<p fId="1" fbTx="0.773083055" lbTx="0.77308393" tId="4" fbRx="0.773083055" lbRx="0.77308393" />
<p fId="3" fbTx="0.773182096" lbTx="0.77318218" tId="0" fbRx="0.783182096" lbRx="0.78318218" />
<p fId="0" fbTx="0.77318218" lbTx="0.773183055" tId="1" fbRx="0.77318218" lbRx="0.773183055" />
<p fId="1" fbTx="0.773183055" lbTx="0.77318393" tId="4" fbRx="0.773183055" lbRx="0.77318393" />
<pr uId="751" fId="4" fbTx="0.773214286" />
<wpr uId="751" tId="5" fbRx="0.773214286" lbRx="0" />
<wpr uId="751" tId="6" fbRx="0.773214286" lbRx="0" />
<p fId="3" fbTx="0.773282096" lbTx="0.77328218" tId="0" fbRx="0.783282096" lbRx="0.78328218" />
<p fId="0" fbTx="0.77328218" lbTx="0.773283055" tId="1" fbRx="0.77328218" lbRx="0.773283055" />
<p fId="1" fbTx="0.773283055" lbTx="0.77328393" tId="4" fbRx="0.773283055" lbRx="0.77328393" />
<p fId="3" fbTx="0.773382096" lbTx="0.77338218" tId="0" fbRx="0.783382096" lbRx="0.78338218" />
<p fId="0" fbTx="0.77338218" lbTx="0.773383055" tId="1" fbRx="0.77338218" lbRx="0.773383055" />
<p fId="1" fbTx="0.773383055" lbTx="0.77338393" tId="4" fbRx="0.773383055" lbRx="0.77338393" />
<p fId="3" fbTx="0.773482096" lbTx="0.77348218" tId="0" fbRx="0.783482096" lbRx="0.78348218" />
<p fId="0" fbTx="0.77348218" lbTx="0.773483055" tId="1" fbRx="0.77348218" lbRx="0.773483055" />
<p fId="1" fbTx="0.773483055" lbTx="0.77348393" tId="4" fbRx="0.773483055" lbRx="0.77348393" />
<p fId="3" fbTx="0.773582096" lbTx="0.77358218" tId="0" fbRx="0.783582096" lbRx="0.78358218" />
<p fId="0" fbTx="0.77358218" lbTx="0.773583055" tId="1" fbRx="0.77358218" lbRx="0.773583055" />
<p fId="1" fbTx="0.773583055" lbTx="0.77358393" tId="4" fbRx="0.773583055" lbRx="0.77358393" />
<p fId="3" fbTx="0.773682096" lbTx="0.77368218" tId="0" fbRx="0.783682096" lbRx="0.78368218" />
<p fId="0" fbTx="0.77368218" lbTx="0.773683055" tId="1" fbRx="0.77368218" lbRx="0.773683055" />
<p fId="1" fbTx="0.773683055" lbTx="0.77368393" tId="4" fbRx="0.773683055" lbRx="0.77368393" />
<p fId="3" fbTx="0.773782096" lbTx="0.77378218" tId="0" fbRx="0.783782096" lbRx="0.78378218" />
<p fId="0" fbTx="0.77378218" lbTx="0.773783055" tId="1" fbRx="0.77378218" lbRx="0.773783055" />
<p fId="1" fbTx="0.773783055" lbTx="0.77378393" tId="4" fbRx="0.773783055" lbRx="0.77378393" />
<p fId="3" fbTx="0.773882096" lbTx="0.77388218" tId="0" fbRx="0.783882096" lbRx="0.78388218" />
<p fId="0" fbTx="0.77388218" lbTx="0.773883055" tId="1" fbRx="0.77388218" lbRx="0.773883055" />
<p fId="1" fbTx="0.773883055" lbTx="0.77388393" tId="4" fbRx="0.773883055" lbRx="0.77388393" />
<p fId="3" fbTx="0.773982096" lbTx="0.77398218" tId="0" fbRx="0.783982096" lbRx="0.78398218" />
<p fId="0" fbTx="0.77398218" lbTx="0.773983055" tId="1" fbRx="0.77398218" lbRx="0.773983055" />
<p fId="1" fbTx="0.773983055" lbTx="0.77398393" tId="4" fbRx="0.773983055" lbRx="0.77398393" />
<p fId="3" fbTx="0.774082096" lbTx="0.77408218" tId="0" fbRx="0.784082096" lbRx="0.78408218" />
<p fId="0" fbTx="0.77408218" lbTx="0.774083055" tId="1" fbRx="0.77408218" lbRx="0.774083055" />
<p fId="1" fbTx="0.774083055" lbTx="0.77408393" tId="4" fbRx="0.774083055" lbRx="0.77408393" />
<p fId="3" fbTx="0.774182096" lbTx="0.77418218" tId="0" fbRx="0.784182096" lbRx="0.78418218" />
<p fId="0" fbTx="0.77418218" lbTx="0.774183055" tId="1" fbRx="0.77418218" lbRx="0.774183055" />
<p fId="1" fbTx="0.774183055" lbTx="0.77418393" tId="4" fbRx="0.774183055" lbRx="0.77418393" />
<pr uId="752" fId="4" fbTx="0.774214286" />
<wpr uId="752" tId="5" fbRx="0.774214286" lbRx="0" />
<wpr uId="752" tId="6" fbRx="0.774214286" lbRx="0" />
<p fId="3" fbTx="0.774282096" lbTx="0.77428218" tId="0" fbRx="0.784282096" lbRx="0.78428218" />
<p fId="0" fbTx="0.77428218" lbTx="0.774283055" tId="1" fbRx="0.77428218" lbRx="0.774283055" />
<p fId="1" fbTx="0.774283055" lbTx="0.77428393" tId="4" fbRx="0.774283055" lbRx="0.77428393" />
<p fId="3" fbTx="0.774382096" lbTx="0.77438218" tId="0" fbRx="0.784382096" lbRx="0.78438218" />
<p fId="0" fbTx="0.77438218" lbTx="0.774383055" tId="1" fbRx="0.77438218" lbRx="0.774383055" />
<p fId="1" fbTx="0.774383055" lbTx="0.77438393" tId="4" fbRx="0.774383055" lbRx="0.77438393" />
<p fId="3" fbTx="0.774482096" lbTx="0.77448218" tId="0" fbRx="0.784482096" lbRx="0.78448218" />
<p fId="0" fbTx="0.77448218" lbTx="0.774483055" tId="1" fbRx="0.77448218" lbRx="0.774483055" />
<p fId="1" fbTx="0.774483055" lbTx="0.77448393" tId="4" fbRx="0.774483055" lbRx="0.77448393" />
<p fId="3" fbTx="0.774582096" lbTx="0.77458218" tId="0" fbRx="0.784582096" lbRx="0.78458218" />
<p fId="0" fbTx="0.77458218" lbTx="0.774583055" tId="1" fbRx="0.77458218" lbRx="0.774583055" />
<p fId="1" fbTx="0.774583055" lbTx="0.77458393" tId="4" fbRx="0.774583055" lbRx="0.77458393" />
<p fId="3" fbTx="0.774682096" lbTx="0.77468218" tId="0" fbRx="0.784682096" lbRx="0.78468218" />
<p fId="0" fbTx="0.77468218" lbTx="0.774683055" tId="1" fbRx="0.77468218" lbRx="0.774683055" />
<p fId="1" fbTx="0.774683055" lbTx="0.77468393" tId="4" fbRx="0.774683055" lbRx="0.77468393" />
<p fId="3" fbTx="0.774782096" lbTx="0.77478218" tId="0" fbRx="0.784782096" lbRx="0.78478218" />
<p fId="0" fbTx="0.77478218" lbTx="0.774783055" tId="1" fbRx="0.77478218" lbRx="0.774783055" />
<p fId="1" fbTx="0.774783055" lbTx="0.77478393" tId="4" fbRx="0.774783055" lbRx="0.77478393" />
<p fId="3" fbTx="0.774882096" lbTx="0.77488218" tId="0" fbRx="0.784882096" lbRx="0.78488218" />
<p fId="0" fbTx="0.77488218" lbTx="0.774883055" tId="1" fbRx="0.77488218" lbRx="0.774883055" />
<p fId="1" fbTx="0.774883055" lbTx="0.77488393" tId="4" fbRx="0.774883055" lbRx="0.77488393" />
<p fId="3" fbTx="0.774982096" lbTx="0.77498218" tId="0" fbRx="0.784982096" lbRx="0.78498218" />
<p fId="0" fbTx="0.77498218" lbTx="0.774983055" tId="1" fbRx="0.77498218" lbRx="0.774983055" />
<p fId="1" fbTx="0.774983055" lbTx="0.77498393" tId="4" fbRx="0.774983055" lbRx="0.77498393" />
<p fId="3" fbTx="0.775082096" lbTx="0.77508218" tId="0" fbRx="0.785082096" lbRx="0.78508218" />
<p fId="0" fbTx="0.77508218" lbTx="0.775083055" tId="1" fbRx="0.77508218" lbRx="0.775083055" />
<p fId="1" fbTx="0.775083055" lbTx="0.77508393" tId="4" fbRx="0.775083055" lbRx="0.77508393" />
<p fId="3" fbTx="0.775182096" lbTx="0.77518218" tId="0" fbRx="0.785182096" lbRx="0.78518218" />
<p fId="0" fbTx="0.77518218" lbTx="0.775183055" tId="1" fbRx="0.77518218" lbRx="0.775183055" />
<p fId="1" fbTx="0.775183055" lbTx="0.77518393" tId="4" fbRx="0.775183055" lbRx="0.77518393" />
<pr uId="753" fId="4" fbTx="0.775214286" />
<wpr uId="753" tId="5" fbRx="0.775214286" lbRx="0" />
<wpr uId="753" tId="6" fbRx="0.775214286" lbRx="0" />
<p fId="3" fbTx="0.775282096" lbTx="0.77528218" tId="0" fbRx="0.785282096" lbRx="0.78528218" />
<p fId="0" fbTx="0.77528218" lbTx="0.775283055" tId="1" fbRx="0.77528218" lbRx="0.775283055" />
<p fId="1" fbTx="0.775283055" lbTx="0.77528393" tId="4" fbRx="0.775283055" lbRx="0.77528393" />
<p fId="3" fbTx="0.775382096" lbTx="0.77538218" tId="0" fbRx="0.785382096" lbRx="0.78538218" />
<p fId="0" fbTx="0.77538218" lbTx="0.775383055" tId="1" fbRx="0.77538218" lbRx="0.775383055" />
<p fId="1" fbTx="0.775383055" lbTx="0.77538393" tId="4" fbRx="0.775383055" lbRx="0.77538393" />
<p fId="3" fbTx="0.775482096" lbTx="0.77548218" tId="0" fbRx="0.785482096" lbRx="0.78548218" />
<p fId="0" fbTx="0.77548218" lbTx="0.775483055" tId="1" fbRx="0.77548218" lbRx="0.775483055" />
<p fId="1" fbTx="0.775483055" lbTx="0.77548393" tId="4" fbRx="0.775483055" lbRx="0.77548393" />
<p fId="3" fbTx="0.775582096" lbTx="0.77558218" tId="0" fbRx="0.785582096" lbRx="0.78558218" />
<p fId="0" fbTx="0.77558218" lbTx="0.775583055" tId="1" fbRx="0.77558218" lbRx="0.775583055" />
<p fId="1" fbTx="0.775583055" lbTx="0.77558393" tId="4" fbRx="0.775583055" lbRx="0.77558393" />
<p fId="3" fbTx="0.775682096" lbTx="0.77568218" tId="0" fbRx="0.785682096" lbRx="0.78568218" />
<p fId="0" fbTx="0.77568218" lbTx="0.775683055" tId="1" fbRx="0.77568218" lbRx="0.775683055" />
<p fId="1" fbTx="0.775683055" lbTx="0.77568393" tId="4" fbRx="0.775683055" lbRx="0.77568393" />
<p fId="3" fbTx="0.775782096" lbTx="0.77578218" tId="0" fbRx="0.785782096" lbRx="0.78578218" />
<p fId="0" fbTx="0.77578218" lbTx="0.775783055" tId="1" fbRx="0.77578218" lbRx="0.775783055" />
<p fId="1" fbTx="0.775783055" lbTx="0.77578393" tId="4" fbRx="0.775783055" lbRx="0.77578393" />
<p fId="3" fbTx="0.775882096" lbTx="0.77588218" tId="0" fbRx="0.785882096" lbRx="0.78588218" />
<p fId="0" fbTx="0.77588218" lbTx="0.775883055" tId="1" fbRx="0.77588218" lbRx="0.775883055" />
<p fId="1" fbTx="0.775883055" lbTx="0.77588393" tId="4" fbRx="0.775883055" lbRx="0.77588393" />
<p fId="3" fbTx="0.775982096" lbTx="0.77598218" tId="0" fbRx="0.785982096" lbRx="0.78598218" />
<p fId="0" fbTx="0.77598218" lbTx="0.775983055" tId="1" fbRx="0.77598218" lbRx="0.775983055" />
<p fId="1" fbTx="0.775983055" lbTx="0.77598393" tId="4" fbRx="0.775983055" lbRx="0.77598393" />
<p fId="3" fbTx="0.776082096" lbTx="0.77608218" tId="0" fbRx="0.786082096" lbRx="0.78608218" />
<p fId="0" fbTx="0.77608218" lbTx="0.776083055" tId="1" fbRx="0.77608218" lbRx="0.776083055" />
<p fId="1" fbTx="0.776083055" lbTx="0.77608393" tId="4" fbRx="0.776083055" lbRx="0.77608393" />
<p fId="3" fbTx="0.776182096" lbTx="0.77618218" tId="0" fbRx="0.786182096" lbRx="0.78618218" />
<p fId="0" fbTx="0.77618218" lbTx="0.776183055" tId="1" fbRx="0.77618218" lbRx="0.776183055" />
<p fId="1" fbTx="0.776183055" lbTx="0.77618393" tId="4" fbRx="0.776183055" lbRx="0.77618393" />
<pr uId="754" fId="4" fbTx="0.776214286" />
<wpr uId="754" tId="5" fbRx="0.776214286" lbRx="0" />
<wpr uId="754" tId="6" fbRx="0.776214286" lbRx="0" />
<p fId="3" fbTx="0.776282096" lbTx="0.77628218" tId="0" fbRx="0.786282096" lbRx="0.78628218" />
<p fId="0" fbTx="0.77628218" lbTx="0.776283055" tId="1" fbRx="0.77628218" lbRx="0.776283055" />
<p fId="1" fbTx="0.776283055" lbTx="0.77628393" tId="4" fbRx="0.776283055" lbRx="0.77628393" />
<p fId="3" fbTx="0.776382096" lbTx="0.77638218" tId="0" fbRx="0.786382096" lbRx="0.78638218" />
<p fId="0" fbTx="0.77638218" lbTx="0.776383055" tId="1" fbRx="0.77638218" lbRx="0.776383055" />
<p fId="1" fbTx="0.776383055" lbTx="0.77638393" tId="4" fbRx="0.776383055" lbRx="0.77638393" />
<p fId="3" fbTx="0.776482096" lbTx="0.77648218" tId="0" fbRx="0.786482096" lbRx="0.78648218" />
<p fId="0" fbTx="0.77648218" lbTx="0.776483055" tId="1" fbRx="0.77648218" lbRx="0.776483055" />
<p fId="1" fbTx="0.776483055" lbTx="0.77648393" tId="4" fbRx="0.776483055" lbRx="0.77648393" />
<p fId="3" fbTx="0.776582096" lbTx="0.77658218" tId="0" fbRx="0.786582096" lbRx="0.78658218" />
<p fId="0" fbTx="0.77658218" lbTx="0.776583055" tId="1" fbRx="0.77658218" lbRx="0.776583055" />
<p fId="1" fbTx="0.776583055" lbTx="0.77658393" tId="4" fbRx="0.776583055" lbRx="0.77658393" />
<p fId="3" fbTx="0.776682096" lbTx="0.77668218" tId="0" fbRx="0.786682096" lbRx="0.78668218" />
<p fId="0" fbTx="0.77668218" lbTx="0.776683055" tId="1" fbRx="0.77668218" lbRx="0.776683055" />
<p fId="1" fbTx="0.776683055" lbTx="0.77668393" tId="4" fbRx="0.776683055" lbRx="0.77668393" />
<p fId="3" fbTx="0.776782096" lbTx="0.77678218" tId="0" fbRx="0.786782096" lbRx="0.78678218" />
<p fId="0" fbTx="0.77678218" lbTx="0.776783055" tId="1" fbRx="0.77678218" lbRx="0.776783055" />
<p fId="1" fbTx="0.776783055" lbTx="0.77678393" tId="4" fbRx="0.776783055" lbRx="0.77678393" />
<p fId="3" fbTx="0.776882096" lbTx="0.77688218" tId="0" fbRx="0.786882096" lbRx="0.78688218" />
<p fId="0" fbTx="0.77688218" lbTx="0.776883055" tId="1" fbRx="0.77688218" lbRx="0.776883055" />
<p fId="1" fbTx="0.776883055" lbTx="0.77688393" tId="4" fbRx="0.776883055" lbRx="0.77688393" />
<p fId="3" fbTx="0.776982096" lbTx="0.77698218" tId="0" fbRx="0.786982096" lbRx="0.78698218" />
<p fId="0" fbTx="0.77698218" lbTx="0.776983055" tId="1" fbRx="0.77698218" lbRx="0.776983055" />
<p fId="1" fbTx="0.776983055" lbTx="0.77698393" tId="4" fbRx="0.776983055" lbRx="0.77698393" />
<p fId="3" fbTx="0.777082096" lbTx="0.77708218" tId="0" fbRx="0.787082096" lbRx="0.78708218" />
<p fId="0" fbTx="0.77708218" lbTx="0.777083055" tId="1" fbRx="0.77708218" lbRx="0.777083055" />
<p fId="1" fbTx="0.777083055" lbTx="0.77708393" tId="4" fbRx="0.777083055" lbRx="0.77708393" />
<p fId="3" fbTx="0.777182096" lbTx="0.77718218" tId="0" fbRx="0.787182096" lbRx="0.78718218" />
<p fId="0" fbTx="0.77718218" lbTx="0.777183055" tId="1" fbRx="0.77718218" lbRx="0.777183055" />
<p fId="1" fbTx="0.777183055" lbTx="0.77718393" tId="4" fbRx="0.777183055" lbRx="0.77718393" />
<pr uId="755" fId="4" fbTx="0.777214286" />
<wpr uId="755" tId="5" fbRx="0.777214286" lbRx="0" />
<wpr uId="755" tId="6" fbRx="0.777214286" lbRx="0" />
<p fId="3" fbTx="0.777282096" lbTx="0.77728218" tId="0" fbRx="0.787282096" lbRx="0.78728218" />
<p fId="0" fbTx="0.77728218" lbTx="0.777283055" tId="1" fbRx="0.77728218" lbRx="0.777283055" />
<p fId="1" fbTx="0.777283055" lbTx="0.77728393" tId="4" fbRx="0.777283055" lbRx="0.77728393" />
<p fId="3" fbTx="0.777382096" lbTx="0.77738218" tId="0" fbRx="0.787382096" lbRx="0.78738218" />
<p fId="0" fbTx="0.77738218" lbTx="0.777383055" tId="1" fbRx="0.77738218" lbRx="0.777383055" />
<p fId="1" fbTx="0.777383055" lbTx="0.77738393" tId="4" fbRx="0.777383055" lbRx="0.77738393" />
<p fId="3" fbTx="0.777482096" lbTx="0.77748218" tId="0" fbRx="0.787482096" lbRx="0.78748218" />
<p fId="0" fbTx="0.77748218" lbTx="0.777483055" tId="1" fbRx="0.77748218" lbRx="0.777483055" />
<p fId="1" fbTx="0.777483055" lbTx="0.77748393" tId="4" fbRx="0.777483055" lbRx="0.77748393" />
<p fId="3" fbTx="0.777582096" lbTx="0.77758218" tId="0" fbRx="0.787582096" lbRx="0.78758218" />
<p fId="0" fbTx="0.77758218" lbTx="0.777583055" tId="1" fbRx="0.77758218" lbRx="0.777583055" />
<p fId="1" fbTx="0.777583055" lbTx="0.77758393" tId="4" fbRx="0.777583055" lbRx="0.77758393" />
<p fId="3" fbTx="0.777682096" lbTx="0.77768218" tId="0" fbRx="0.787682096" lbRx="0.78768218" />
<p fId="0" fbTx="0.77768218" lbTx="0.777683055" tId="1" fbRx="0.77768218" lbRx="0.777683055" />
<p fId="1" fbTx="0.777683055" lbTx="0.77768393" tId="4" fbRx="0.777683055" lbRx="0.77768393" />
<p fId="3" fbTx="0.777782096" lbTx="0.77778218" tId="0" fbRx="0.787782096" lbRx="0.78778218" />
<p fId="0" fbTx="0.77778218" lbTx="0.777783055" tId="1" fbRx="0.77778218" lbRx="0.777783055" />
<p fId="1" fbTx="0.777783055" lbTx="0.77778393" tId="4" fbRx="0.777783055" lbRx="0.77778393" />
<p fId="3" fbTx="0.777882096" lbTx="0.77788218" tId="0" fbRx="0.787882096" lbRx="0.78788218" />
<p fId="0" fbTx="0.77788218" lbTx="0.777883055" tId="1" fbRx="0.77788218" lbRx="0.777883055" />
<p fId="1" fbTx="0.777883055" lbTx="0.77788393" tId="4" fbRx="0.777883055" lbRx="0.77788393" />
<p fId="3" fbTx="0.777982096" lbTx="0.77798218" tId="0" fbRx="0.787982096" lbRx="0.78798218" />
<p fId="0" fbTx="0.77798218" lbTx="0.777983055" tId="1" fbRx="0.77798218" lbRx="0.777983055" />
<p fId="1" fbTx="0.777983055" lbTx="0.77798393" tId="4" fbRx="0.777983055" lbRx="0.77798393" />
<p fId="3" fbTx="0.778082096" lbTx="0.77808218" tId="0" fbRx="0.788082096" lbRx="0.78808218" />
<p fId="0" fbTx="0.77808218" lbTx="0.778083055" tId="1" fbRx="0.77808218" lbRx="0.778083055" />
<p fId="1" fbTx="0.778083055" lbTx="0.77808393" tId="4" fbRx="0.778083055" lbRx="0.77808393" />
<p fId="3" fbTx="0.778182096" lbTx="0.77818218" tId="0" fbRx="0.788182096" lbRx="0.78818218" />
<p fId="0" fbTx="0.77818218" lbTx="0.778183055" tId="1" fbRx="0.77818218" lbRx="0.778183055" />
<p fId="1" fbTx="0.778183055" lbTx="0.77818393" tId="4" fbRx="0.778183055" lbRx="0.77818393" />
<pr uId="756" fId="4" fbTx="0.778214286" />
<wpr uId="756" tId="5" fbRx="0.778214286" lbRx="0" />
<wpr uId="756" tId="6" fbRx="0.778214286" lbRx="0" />
<p fId="3" fbTx="0.778282096" lbTx="0.77828218" tId="0" fbRx="0.788282096" lbRx="0.78828218" />
<p fId="0" fbTx="0.77828218" lbTx="0.778283055" tId="1" fbRx="0.77828218" lbRx="0.778283055" />
<p fId="1" fbTx="0.778283055" lbTx="0.77828393" tId="4" fbRx="0.778283055" lbRx="0.77828393" />
<p fId="3" fbTx="0.778382096" lbTx="0.77838218" tId="0" fbRx="0.788382096" lbRx="0.78838218" />
<p fId="0" fbTx="0.77838218" lbTx="0.778383055" tId="1" fbRx="0.77838218" lbRx="0.778383055" />
<p fId="1" fbTx="0.778383055" lbTx="0.77838393" tId="4" fbRx="0.778383055" lbRx="0.77838393" />
<p fId="3" fbTx="0.778482096" lbTx="0.77848218" tId="0" fbRx="0.788482096" lbRx="0.78848218" />
<p fId="0" fbTx="0.77848218" lbTx="0.778483055" tId="1" fbRx="0.77848218" lbRx="0.778483055" />
<p fId="1" fbTx="0.778483055" lbTx="0.77848393" tId="4" fbRx="0.778483055" lbRx="0.77848393" />
<p fId="3" fbTx="0.778582096" lbTx="0.77858218" tId="0" fbRx="0.788582096" lbRx="0.78858218" />
<p fId="0" fbTx="0.77858218" lbTx="0.778583055" tId="1" fbRx="0.77858218" lbRx="0.778583055" />
<p fId="1" fbTx="0.778583055" lbTx="0.77858393" tId="4" fbRx="0.778583055" lbRx="0.77858393" />
<p fId="3" fbTx="0.778682096" lbTx="0.77868218" tId="0" fbRx="0.788682096" lbRx="0.78868218" />
<p fId="0" fbTx="0.77868218" lbTx="0.778683055" tId="1" fbRx="0.77868218" lbRx="0.778683055" />
<p fId="1" fbTx="0.778683055" lbTx="0.77868393" tId="4" fbRx="0.778683055" lbRx="0.77868393" />
<p fId="3" fbTx="0.778782096" lbTx="0.77878218" tId="0" fbRx="0.788782096" lbRx="0.78878218" />
<p fId="0" fbTx="0.77878218" lbTx="0.778783055" tId="1" fbRx="0.77878218" lbRx="0.778783055" />
<p fId="1" fbTx="0.778783055" lbTx="0.77878393" tId="4" fbRx="0.778783055" lbRx="0.77878393" />
<p fId="3" fbTx="0.778882096" lbTx="0.77888218" tId="0" fbRx="0.788882096" lbRx="0.78888218" />
<p fId="0" fbTx="0.77888218" lbTx="0.778883055" tId="1" fbRx="0.77888218" lbRx="0.778883055" />
<p fId="1" fbTx="0.778883055" lbTx="0.77888393" tId="4" fbRx="0.778883055" lbRx="0.77888393" />
<p fId="3" fbTx="0.778982096" lbTx="0.77898218" tId="0" fbRx="0.788982096" lbRx="0.78898218" />
<p fId="0" fbTx="0.77898218" lbTx="0.778983055" tId="1" fbRx="0.77898218" lbRx="0.778983055" />
<p fId="1" fbTx="0.778983055" lbTx="0.77898393" tId="4" fbRx="0.778983055" lbRx="0.77898393" />
<p fId="3" fbTx="0.779082096" lbTx="0.77908218" tId="0" fbRx="0.789082096" lbRx="0.78908218" />
<p fId="0" fbTx="0.77908218" lbTx="0.779083055" tId="1" fbRx="0.77908218" lbRx="0.779083055" />
<p fId="1" fbTx="0.779083055" lbTx="0.77908393" tId="4" fbRx="0.779083055" lbRx="0.77908393" />
<p fId="3" fbTx="0.779182096" lbTx="0.77918218" tId="0" fbRx="0.789182096" lbRx="0.78918218" />
<p fId="0" fbTx="0.77918218" lbTx="0.779183055" tId="1" fbRx="0.77918218" lbRx="0.779183055" />
<p fId="1" fbTx="0.779183055" lbTx="0.77918393" tId="4" fbRx="0.779183055" lbRx="0.77918393" />
<pr uId="757" fId="4" fbTx="0.779214286" />
<wpr uId="757" tId="5" fbRx="0.779214286" lbRx="0" />
<wpr uId="757" tId="6" fbRx="0.779214286" lbRx="0" />
<p fId="3" fbTx="0.779282096" lbTx="0.77928218" tId="0" fbRx="0.789282096" lbRx="0.78928218" />
<p fId="0" fbTx="0.77928218" lbTx="0.779283055" tId="1" fbRx="0.77928218" lbRx="0.779283055" />
<p fId="1" fbTx="0.779283055" lbTx="0.77928393" tId="4" fbRx="0.779283055" lbRx="0.77928393" />
<p fId="3" fbTx="0.779382096" lbTx="0.77938218" tId="0" fbRx="0.789382096" lbRx="0.78938218" />
<p fId="0" fbTx="0.77938218" lbTx="0.779383055" tId="1" fbRx="0.77938218" lbRx="0.779383055" />
<p fId="1" fbTx="0.779383055" lbTx="0.77938393" tId="4" fbRx="0.779383055" lbRx="0.77938393" />
<p fId="3" fbTx="0.779482096" lbTx="0.77948218" tId="0" fbRx="0.789482096" lbRx="0.78948218" />
<p fId="0" fbTx="0.77948218" lbTx="0.779483055" tId="1" fbRx="0.77948218" lbRx="0.779483055" />
<p fId="1" fbTx="0.779483055" lbTx="0.77948393" tId="4" fbRx="0.779483055" lbRx="0.77948393" />
<p fId="3" fbTx="0.779582096" lbTx="0.77958218" tId="0" fbRx="0.789582096" lbRx="0.78958218" />
<p fId="0" fbTx="0.77958218" lbTx="0.779583055" tId="1" fbRx="0.77958218" lbRx="0.779583055" />
<p fId="1" fbTx="0.779583055" lbTx="0.77958393" tId="4" fbRx="0.779583055" lbRx="0.77958393" />
<p fId="3" fbTx="0.779682096" lbTx="0.77968218" tId="0" fbRx="0.789682096" lbRx="0.78968218" />
<p fId="0" fbTx="0.77968218" lbTx="0.779683055" tId="1" fbRx="0.77968218" lbRx="0.779683055" />
<p fId="1" fbTx="0.779683055" lbTx="0.77968393" tId="4" fbRx="0.779683055" lbRx="0.77968393" />
<p fId="3" fbTx="0.779782096" lbTx="0.77978218" tId="0" fbRx="0.789782096" lbRx="0.78978218" />
<p fId="0" fbTx="0.77978218" lbTx="0.779783055" tId="1" fbRx="0.77978218" lbRx="0.779783055" />
<p fId="1" fbTx="0.779783055" lbTx="0.77978393" tId="4" fbRx="0.779783055" lbRx="0.77978393" />
<p fId="3" fbTx="0.779882096" lbTx="0.77988218" tId="0" fbRx="0.789882096" lbRx="0.78988218" />
<p fId="0" fbTx="0.77988218" lbTx="0.779883055" tId="1" fbRx="0.77988218" lbRx="0.779883055" />
<p fId="1" fbTx="0.779883055" lbTx="0.77988393" tId="4" fbRx="0.779883055" lbRx="0.77988393" />
<p fId="3" fbTx="0.779982096" lbTx="0.77998218" tId="0" fbRx="0.789982096" lbRx="0.78998218" />
<p fId="0" fbTx="0.77998218" lbTx="0.779983055" tId="1" fbRx="0.77998218" lbRx="0.779983055" />
<p fId="1" fbTx="0.779983055" lbTx="0.77998393" tId="4" fbRx="0.779983055" lbRx="0.77998393" />
<p fId="3" fbTx="0.780082096" lbTx="0.78008218" tId="0" fbRx="0.790082096" lbRx="0.79008218" />
<p fId="0" fbTx="0.78008218" lbTx="0.780083055" tId="1" fbRx="0.78008218" lbRx="0.780083055" />
<p fId="1" fbTx="0.780083055" lbTx="0.78008393" tId="4" fbRx="0.780083055" lbRx="0.78008393" />
<p fId="3" fbTx="0.780182096" lbTx="0.78018218" tId="0" fbRx="0.790182096" lbRx="0.79018218" />
<p fId="0" fbTx="0.78018218" lbTx="0.780183055" tId="1" fbRx="0.78018218" lbRx="0.780183055" />
<p fId="1" fbTx="0.780183055" lbTx="0.78018393" tId="4" fbRx="0.780183055" lbRx="0.78018393" />
<pr uId="758" fId="4" fbTx="0.780214286" />
<wpr uId="758" tId="5" fbRx="0.780214286" lbRx="0" />
<wpr uId="758" tId="6" fbRx="0.780214286" lbRx="0" />
<p fId="3" fbTx="0.780282096" lbTx="0.78028218" tId="0" fbRx="0.790282096" lbRx="0.79028218" />
<p fId="0" fbTx="0.78028218" lbTx="0.780283055" tId="1" fbRx="0.78028218" lbRx="0.780283055" />
<p fId="1" fbTx="0.780283055" lbTx="0.78028393" tId="4" fbRx="0.780283055" lbRx="0.78028393" />
<p fId="3" fbTx="0.780382096" lbTx="0.78038218" tId="0" fbRx="0.790382096" lbRx="0.79038218" />
<p fId="0" fbTx="0.78038218" lbTx="0.780383055" tId="1" fbRx="0.78038218" lbRx="0.780383055" />
<p fId="1" fbTx="0.780383055" lbTx="0.78038393" tId="4" fbRx="0.780383055" lbRx="0.78038393" />
<p fId="3" fbTx="0.780482096" lbTx="0.78048218" tId="0" fbRx="0.790482096" lbRx="0.79048218" />
<p fId="0" fbTx="0.78048218" lbTx="0.780483055" tId="1" fbRx="0.78048218" lbRx="0.780483055" />
<p fId="1" fbTx="0.780483055" lbTx="0.78048393" tId="4" fbRx="0.780483055" lbRx="0.78048393" />
<p fId="3" fbTx="0.780582096" lbTx="0.78058218" tId="0" fbRx="0.790582096" lbRx="0.79058218" />
<p fId="0" fbTx="0.78058218" lbTx="0.780583055" tId="1" fbRx="0.78058218" lbRx="0.780583055" />
<p fId="1" fbTx="0.780583055" lbTx="0.78058393" tId="4" fbRx="0.780583055" lbRx="0.78058393" />
<p fId="3" fbTx="0.780682096" lbTx="0.78068218" tId="0" fbRx="0.790682096" lbRx="0.79068218" />
<p fId="0" fbTx="0.78068218" lbTx="0.780683055" tId="1" fbRx="0.78068218" lbRx="0.780683055" />
<p fId="1" fbTx="0.780683055" lbTx="0.78068393" tId="4" fbRx="0.780683055" lbRx="0.78068393" />
<p fId="3" fbTx="0.780782096" lbTx="0.78078218" tId="0" fbRx="0.790782096" lbRx="0.79078218" />
<p fId="0" fbTx="0.78078218" lbTx="0.780783055" tId="1" fbRx="0.78078218" lbRx="0.780783055" />
<p fId="1" fbTx="0.780783055" lbTx="0.78078393" tId="4" fbRx="0.780783055" lbRx="0.78078393" />
<p fId="3" fbTx="0.780882096" lbTx="0.78088218" tId="0" fbRx="0.790882096" lbRx="0.79088218" />
<p fId="0" fbTx="0.78088218" lbTx="0.780883055" tId="1" fbRx="0.78088218" lbRx="0.780883055" />
<p fId="1" fbTx="0.780883055" lbTx="0.78088393" tId="4" fbRx="0.780883055" lbRx="0.78088393" />
<p fId="3" fbTx="0.780982096" lbTx="0.78098218" tId="0" fbRx="0.790982096" lbRx="0.79098218" />
<p fId="0" fbTx="0.78098218" lbTx="0.780983055" tId="1" fbRx="0.78098218" lbRx="0.780983055" />
<p fId="1" fbTx="0.780983055" lbTx="0.78098393" tId="4" fbRx="0.780983055" lbRx="0.78098393" />
<p fId="3" fbTx="0.781082096" lbTx="0.78108218" tId="0" fbRx="0.791082096" lbRx="0.79108218" />
<p fId="0" fbTx="0.78108218" lbTx="0.781083055" tId="1" fbRx="0.78108218" lbRx="0.781083055" />
<p fId="1" fbTx="0.781083055" lbTx="0.78108393" tId="4" fbRx="0.781083055" lbRx="0.78108393" />
<p fId="3" fbTx="0.781182096" lbTx="0.78118218" tId="0" fbRx="0.791182096" lbRx="0.79118218" />
<p fId="0" fbTx="0.78118218" lbTx="0.781183055" tId="1" fbRx="0.78118218" lbRx="0.781183055" />
<p fId="1" fbTx="0.781183055" lbTx="0.78118393" tId="4" fbRx="0.781183055" lbRx="0.78118393" />
<pr uId="759" fId="4" fbTx="0.781214286" />
<wpr uId="759" tId="5" fbRx="0.781214286" lbRx="0" />
<wpr uId="759" tId="6" fbRx="0.781214286" lbRx="0" />
<p fId="3" fbTx="0.781282096" lbTx="0.78128218" tId="0" fbRx="0.791282096" lbRx="0.79128218" />
<p fId="0" fbTx="0.78128218" lbTx="0.781283055" tId="1" fbRx="0.78128218" lbRx="0.781283055" />
<p fId="1" fbTx="0.781283055" lbTx="0.78128393" tId="4" fbRx="0.781283055" lbRx="0.78128393" />
<p fId="3" fbTx="0.781382096" lbTx="0.78138218" tId="0" fbRx="0.791382096" lbRx="0.79138218" />
<p fId="0" fbTx="0.78138218" lbTx="0.781383055" tId="1" fbRx="0.78138218" lbRx="0.781383055" />
<p fId="1" fbTx="0.781383055" lbTx="0.78138393" tId="4" fbRx="0.781383055" lbRx="0.78138393" />
<p fId="3" fbTx="0.781482096" lbTx="0.78148218" tId="0" fbRx="0.791482096" lbRx="0.79148218" />
<p fId="0" fbTx="0.78148218" lbTx="0.781483055" tId="1" fbRx="0.78148218" lbRx="0.781483055" />
<p fId="1" fbTx="0.781483055" lbTx="0.78148393" tId="4" fbRx="0.781483055" lbRx="0.78148393" />
<p fId="3" fbTx="0.781582096" lbTx="0.78158218" tId="0" fbRx="0.791582096" lbRx="0.79158218" />
<p fId="0" fbTx="0.78158218" lbTx="0.781583055" tId="1" fbRx="0.78158218" lbRx="0.781583055" />
<p fId="1" fbTx="0.781583055" lbTx="0.78158393" tId="4" fbRx="0.781583055" lbRx="0.78158393" />
<p fId="3" fbTx="0.781682096" lbTx="0.78168218" tId="0" fbRx="0.791682096" lbRx="0.79168218" />
<p fId="0" fbTx="0.78168218" lbTx="0.781683055" tId="1" fbRx="0.78168218" lbRx="0.781683055" />
<p fId="1" fbTx="0.781683055" lbTx="0.78168393" tId="4" fbRx="0.781683055" lbRx="0.78168393" />
<p fId="3" fbTx="0.781782096" lbTx="0.78178218" tId="0" fbRx="0.791782096" lbRx="0.79178218" />
<p fId="0" fbTx="0.78178218" lbTx="0.781783055" tId="1" fbRx="0.78178218" lbRx="0.781783055" />
<p fId="1" fbTx="0.781783055" lbTx="0.78178393" tId="4" fbRx="0.781783055" lbRx="0.78178393" />
<p fId="3" fbTx="0.781882096" lbTx="0.78188218" tId="0" fbRx="0.791882096" lbRx="0.79188218" />
<p fId="0" fbTx="0.78188218" lbTx="0.781883055" tId="1" fbRx="0.78188218" lbRx="0.781883055" />
<p fId="1" fbTx="0.781883055" lbTx="0.78188393" tId="4" fbRx="0.781883055" lbRx="0.78188393" />
<p fId="3" fbTx="0.781982096" lbTx="0.78198218" tId="0" fbRx="0.791982096" lbRx="0.79198218" />
<p fId="0" fbTx="0.78198218" lbTx="0.781983055" tId="1" fbRx="0.78198218" lbRx="0.781983055" />
<p fId="1" fbTx="0.781983055" lbTx="0.78198393" tId="4" fbRx="0.781983055" lbRx="0.78198393" />
<p fId="3" fbTx="0.782082096" lbTx="0.78208218" tId="0" fbRx="0.792082096" lbRx="0.79208218" />
<p fId="0" fbTx="0.78208218" lbTx="0.782083055" tId="1" fbRx="0.78208218" lbRx="0.782083055" />
<p fId="1" fbTx="0.782083055" lbTx="0.78208393" tId="4" fbRx="0.782083055" lbRx="0.78208393" />
<p fId="3" fbTx="0.782182096" lbTx="0.78218218" tId="0" fbRx="0.792182096" lbRx="0.79218218" />
<p fId="0" fbTx="0.78218218" lbTx="0.782183055" tId="1" fbRx="0.78218218" lbRx="0.782183055" />
<p fId="1" fbTx="0.782183055" lbTx="0.78218393" tId="4" fbRx="0.782183055" lbRx="0.78218393" />
<pr uId="760" fId="4" fbTx="0.782214286" />
<wpr uId="760" tId="5" fbRx="0.782214286" lbRx="0" />
<wpr uId="760" tId="6" fbRx="0.782214286" lbRx="0" />
<p fId="3" fbTx="0.782282096" lbTx="0.78228218" tId="0" fbRx="0.792282096" lbRx="0.79228218" />
<p fId="0" fbTx="0.78228218" lbTx="0.782283055" tId="1" fbRx="0.78228218" lbRx="0.782283055" />
<p fId="1" fbTx="0.782283055" lbTx="0.78228393" tId="4" fbRx="0.782283055" lbRx="0.78228393" />
<p fId="3" fbTx="0.782382096" lbTx="0.78238218" tId="0" fbRx="0.792382096" lbRx="0.79238218" />
<p fId="0" fbTx="0.78238218" lbTx="0.782383055" tId="1" fbRx="0.78238218" lbRx="0.782383055" />
<p fId="1" fbTx="0.782383055" lbTx="0.78238393" tId="4" fbRx="0.782383055" lbRx="0.78238393" />
<p fId="3" fbTx="0.782482096" lbTx="0.78248218" tId="0" fbRx="0.792482096" lbRx="0.79248218" />
<p fId="0" fbTx="0.78248218" lbTx="0.782483055" tId="1" fbRx="0.78248218" lbRx="0.782483055" />
<p fId="1" fbTx="0.782483055" lbTx="0.78248393" tId="4" fbRx="0.782483055" lbRx="0.78248393" />
<p fId="3" fbTx="0.782582096" lbTx="0.78258218" tId="0" fbRx="0.792582096" lbRx="0.79258218" />
<p fId="0" fbTx="0.78258218" lbTx="0.782583055" tId="1" fbRx="0.78258218" lbRx="0.782583055" />
<p fId="1" fbTx="0.782583055" lbTx="0.78258393" tId="4" fbRx="0.782583055" lbRx="0.78258393" />
<p fId="3" fbTx="0.782682096" lbTx="0.78268218" tId="0" fbRx="0.792682096" lbRx="0.79268218" />
<p fId="0" fbTx="0.78268218" lbTx="0.782683055" tId="1" fbRx="0.78268218" lbRx="0.782683055" />
<p fId="1" fbTx="0.782683055" lbTx="0.78268393" tId="4" fbRx="0.782683055" lbRx="0.78268393" />
<p fId="3" fbTx="0.782782096" lbTx="0.78278218" tId="0" fbRx="0.792782096" lbRx="0.79278218" />
<p fId="0" fbTx="0.78278218" lbTx="0.782783055" tId="1" fbRx="0.78278218" lbRx="0.782783055" />
<p fId="1" fbTx="0.782783055" lbTx="0.78278393" tId="4" fbRx="0.782783055" lbRx="0.78278393" />
<p fId="3" fbTx="0.782882096" lbTx="0.78288218" tId="0" fbRx="0.792882096" lbRx="0.79288218" />
<p fId="0" fbTx="0.78288218" lbTx="0.782883055" tId="1" fbRx="0.78288218" lbRx="0.782883055" />
<p fId="1" fbTx="0.782883055" lbTx="0.78288393" tId="4" fbRx="0.782883055" lbRx="0.78288393" />
<p fId="3" fbTx="0.782982096" lbTx="0.78298218" tId="0" fbRx="0.792982096" lbRx="0.79298218" />
<p fId="0" fbTx="0.78298218" lbTx="0.782983055" tId="1" fbRx="0.78298218" lbRx="0.782983055" />
<p fId="1" fbTx="0.782983055" lbTx="0.78298393" tId="4" fbRx="0.782983055" lbRx="0.78298393" />
<p fId="3" fbTx="0.783082096" lbTx="0.78308218" tId="0" fbRx="0.793082096" lbRx="0.79308218" />
<p fId="0" fbTx="0.78308218" lbTx="0.783083055" tId="1" fbRx="0.78308218" lbRx="0.783083055" />
<p fId="1" fbTx="0.783083055" lbTx="0.78308393" tId="4" fbRx="0.783083055" lbRx="0.78308393" />
<p fId="3" fbTx="0.783182096" lbTx="0.78318218" tId="0" fbRx="0.793182096" lbRx="0.79318218" />
<p fId="0" fbTx="0.78318218" lbTx="0.783183055" tId="1" fbRx="0.78318218" lbRx="0.783183055" />
<p fId="1" fbTx="0.783183055" lbTx="0.78318393" tId="4" fbRx="0.783183055" lbRx="0.78318393" />
<pr uId="761" fId="4" fbTx="0.783214286" />
<wpr uId="761" tId="5" fbRx="0.783214286" lbRx="0" />
<wpr uId="761" tId="6" fbRx="0.783214286" lbRx="0" />
<p fId="3" fbTx="0.783282096" lbTx="0.78328218" tId="0" fbRx="0.793282096" lbRx="0.79328218" />
<p fId="0" fbTx="0.78328218" lbTx="0.783283055" tId="1" fbRx="0.78328218" lbRx="0.783283055" />
<p fId="1" fbTx="0.783283055" lbTx="0.78328393" tId="4" fbRx="0.783283055" lbRx="0.78328393" />
<p fId="3" fbTx="0.783382096" lbTx="0.78338218" tId="0" fbRx="0.793382096" lbRx="0.79338218" />
<p fId="0" fbTx="0.78338218" lbTx="0.783383055" tId="1" fbRx="0.78338218" lbRx="0.783383055" />
<p fId="1" fbTx="0.783383055" lbTx="0.78338393" tId="4" fbRx="0.783383055" lbRx="0.78338393" />
<p fId="3" fbTx="0.783482096" lbTx="0.78348218" tId="0" fbRx="0.793482096" lbRx="0.79348218" />
<p fId="0" fbTx="0.78348218" lbTx="0.783483055" tId="1" fbRx="0.78348218" lbRx="0.783483055" />
<p fId="1" fbTx="0.783483055" lbTx="0.78348393" tId="4" fbRx="0.783483055" lbRx="0.78348393" />
<p fId="3" fbTx="0.783582096" lbTx="0.78358218" tId="0" fbRx="0.793582096" lbRx="0.79358218" />
<p fId="0" fbTx="0.78358218" lbTx="0.783583055" tId="1" fbRx="0.78358218" lbRx="0.783583055" />
<p fId="1" fbTx="0.783583055" lbTx="0.78358393" tId="4" fbRx="0.783583055" lbRx="0.78358393" />
<p fId="3" fbTx="0.783682096" lbTx="0.78368218" tId="0" fbRx="0.793682096" lbRx="0.79368218" />
<p fId="0" fbTx="0.78368218" lbTx="0.783683055" tId="1" fbRx="0.78368218" lbRx="0.783683055" />
<p fId="1" fbTx="0.783683055" lbTx="0.78368393" tId="4" fbRx="0.783683055" lbRx="0.78368393" />
<p fId="3" fbTx="0.783782096" lbTx="0.78378218" tId="0" fbRx="0.793782096" lbRx="0.79378218" />
<p fId="0" fbTx="0.78378218" lbTx="0.783783055" tId="1" fbRx="0.78378218" lbRx="0.783783055" />
<p fId="1" fbTx="0.783783055" lbTx="0.78378393" tId="4" fbRx="0.783783055" lbRx="0.78378393" />
<p fId="3" fbTx="0.783882096" lbTx="0.78388218" tId="0" fbRx="0.793882096" lbRx="0.79388218" />
<p fId="0" fbTx="0.78388218" lbTx="0.783883055" tId="1" fbRx="0.78388218" lbRx="0.783883055" />
<p fId="1" fbTx="0.783883055" lbTx="0.78388393" tId="4" fbRx="0.783883055" lbRx="0.78388393" />
<p fId="3" fbTx="0.783982096" lbTx="0.78398218" tId="0" fbRx="0.793982096" lbRx="0.79398218" />
<p fId="0" fbTx="0.78398218" lbTx="0.783983055" tId="1" fbRx="0.78398218" lbRx="0.783983055" />
<p fId="1" fbTx="0.783983055" lbTx="0.78398393" tId="4" fbRx="0.783983055" lbRx="0.78398393" />
<p fId="3" fbTx="0.784082096" lbTx="0.78408218" tId="0" fbRx="0.794082096" lbRx="0.79408218" />
<p fId="0" fbTx="0.78408218" lbTx="0.784083055" tId="1" fbRx="0.78408218" lbRx="0.784083055" />
<p fId="1" fbTx="0.784083055" lbTx="0.78408393" tId="4" fbRx="0.784083055" lbRx="0.78408393" />
<p fId="3" fbTx="0.784182096" lbTx="0.78418218" tId="0" fbRx="0.794182096" lbRx="0.79418218" />
<p fId="0" fbTx="0.78418218" lbTx="0.784183055" tId="1" fbRx="0.78418218" lbRx="0.784183055" />
<p fId="1" fbTx="0.784183055" lbTx="0.78418393" tId="4" fbRx="0.784183055" lbRx="0.78418393" />
<pr uId="762" fId="4" fbTx="0.784214286" />
<wpr uId="762" tId="5" fbRx="0.784214286" lbRx="0" />
<wpr uId="762" tId="6" fbRx="0.784214286" lbRx="0" />
<p fId="3" fbTx="0.784282096" lbTx="0.78428218" tId="0" fbRx="0.794282096" lbRx="0.79428218" />
<p fId="0" fbTx="0.78428218" lbTx="0.784283055" tId="1" fbRx="0.78428218" lbRx="0.784283055" />
<p fId="1" fbTx="0.784283055" lbTx="0.78428393" tId="4" fbRx="0.784283055" lbRx="0.78428393" />
<p fId="3" fbTx="0.784382096" lbTx="0.78438218" tId="0" fbRx="0.794382096" lbRx="0.79438218" />
<p fId="0" fbTx="0.78438218" lbTx="0.784383055" tId="1" fbRx="0.78438218" lbRx="0.784383055" />
<p fId="1" fbTx="0.784383055" lbTx="0.78438393" tId="4" fbRx="0.784383055" lbRx="0.78438393" />
<p fId="3" fbTx="0.784482096" lbTx="0.78448218" tId="0" fbRx="0.794482096" lbRx="0.79448218" />
<p fId="0" fbTx="0.78448218" lbTx="0.784483055" tId="1" fbRx="0.78448218" lbRx="0.784483055" />
<p fId="1" fbTx="0.784483055" lbTx="0.78448393" tId="4" fbRx="0.784483055" lbRx="0.78448393" />
<p fId="3" fbTx="0.784582096" lbTx="0.78458218" tId="0" fbRx="0.794582096" lbRx="0.79458218" />
<p fId="0" fbTx="0.78458218" lbTx="0.784583055" tId="1" fbRx="0.78458218" lbRx="0.784583055" />
<p fId="1" fbTx="0.784583055" lbTx="0.78458393" tId="4" fbRx="0.784583055" lbRx="0.78458393" />
<p fId="3" fbTx="0.784682096" lbTx="0.78468218" tId="0" fbRx="0.794682096" lbRx="0.79468218" />
<p fId="0" fbTx="0.78468218" lbTx="0.784683055" tId="1" fbRx="0.78468218" lbRx="0.784683055" />
<p fId="1" fbTx="0.784683055" lbTx="0.78468393" tId="4" fbRx="0.784683055" lbRx="0.78468393" />
<p fId="3" fbTx="0.784782096" lbTx="0.78478218" tId="0" fbRx="0.794782096" lbRx="0.79478218" />
<p fId="0" fbTx="0.78478218" lbTx="0.784783055" tId="1" fbRx="0.78478218" lbRx="0.784783055" />
<p fId="1" fbTx="0.784783055" lbTx="0.78478393" tId="4" fbRx="0.784783055" lbRx="0.78478393" />
<p fId="3" fbTx="0.784882096" lbTx="0.78488218" tId="0" fbRx="0.794882096" lbRx="0.79488218" />
<p fId="0" fbTx="0.78488218" lbTx="0.784883055" tId="1" fbRx="0.78488218" lbRx="0.784883055" />
<p fId="1" fbTx="0.784883055" lbTx="0.78488393" tId="4" fbRx="0.784883055" lbRx="0.78488393" />
<p fId="3" fbTx="0.784982096" lbTx="0.78498218" tId="0" fbRx="0.794982096" lbRx="0.79498218" />
<p fId="0" fbTx="0.78498218" lbTx="0.784983055" tId="1" fbRx="0.78498218" lbRx="0.784983055" />
<p fId="1" fbTx="0.784983055" lbTx="0.78498393" tId="4" fbRx="0.784983055" lbRx="0.78498393" />
<p fId="3" fbTx="0.785082096" lbTx="0.78508218" tId="0" fbRx="0.795082096" lbRx="0.79508218" />
<p fId="0" fbTx="0.78508218" lbTx="0.785083055" tId="1" fbRx="0.78508218" lbRx="0.785083055" />
<p fId="1" fbTx="0.785083055" lbTx="0.78508393" tId="4" fbRx="0.785083055" lbRx="0.78508393" />
<p fId="3" fbTx="0.785182096" lbTx="0.78518218" tId="0" fbRx="0.795182096" lbRx="0.79518218" />
<p fId="0" fbTx="0.78518218" lbTx="0.785183055" tId="1" fbRx="0.78518218" lbRx="0.785183055" />
<p fId="1" fbTx="0.785183055" lbTx="0.78518393" tId="4" fbRx="0.785183055" lbRx="0.78518393" />
<pr uId="763" fId="4" fbTx="0.785214286" />
<wpr uId="763" tId="5" fbRx="0.785214286" lbRx="0" />
<wpr uId="763" tId="6" fbRx="0.785214286" lbRx="0" />
<p fId="3" fbTx="0.785282096" lbTx="0.78528218" tId="0" fbRx="0.795282096" lbRx="0.79528218" />
<p fId="0" fbTx="0.78528218" lbTx="0.785283055" tId="1" fbRx="0.78528218" lbRx="0.785283055" />
<p fId="1" fbTx="0.785283055" lbTx="0.78528393" tId="4" fbRx="0.785283055" lbRx="0.78528393" />
<p fId="3" fbTx="0.785382096" lbTx="0.78538218" tId="0" fbRx="0.795382096" lbRx="0.79538218" />
<p fId="0" fbTx="0.78538218" lbTx="0.785383055" tId="1" fbRx="0.78538218" lbRx="0.785383055" />
<p fId="1" fbTx="0.785383055" lbTx="0.78538393" tId="4" fbRx="0.785383055" lbRx="0.78538393" />
<p fId="3" fbTx="0.785482096" lbTx="0.78548218" tId="0" fbRx="0.795482096" lbRx="0.79548218" />
<p fId="0" fbTx="0.78548218" lbTx="0.785483055" tId="1" fbRx="0.78548218" lbRx="0.785483055" />
<p fId="1" fbTx="0.785483055" lbTx="0.78548393" tId="4" fbRx="0.785483055" lbRx="0.78548393" />
<p fId="3" fbTx="0.785582096" lbTx="0.78558218" tId="0" fbRx="0.795582096" lbRx="0.79558218" />
<p fId="0" fbTx="0.78558218" lbTx="0.785583055" tId="1" fbRx="0.78558218" lbRx="0.785583055" />
<p fId="1" fbTx="0.785583055" lbTx="0.78558393" tId="4" fbRx="0.785583055" lbRx="0.78558393" />
<p fId="3" fbTx="0.785682096" lbTx="0.78568218" tId="0" fbRx="0.795682096" lbRx="0.79568218" />
<p fId="0" fbTx="0.78568218" lbTx="0.785683055" tId="1" fbRx="0.78568218" lbRx="0.785683055" />
<p fId="1" fbTx="0.785683055" lbTx="0.78568393" tId="4" fbRx="0.785683055" lbRx="0.78568393" />
<p fId="3" fbTx="0.785782096" lbTx="0.78578218" tId="0" fbRx="0.795782096" lbRx="0.79578218" />
<p fId="0" fbTx="0.78578218" lbTx="0.785783055" tId="1" fbRx="0.78578218" lbRx="0.785783055" />
<p fId="1" fbTx="0.785783055" lbTx="0.78578393" tId="4" fbRx="0.785783055" lbRx="0.78578393" />
<p fId="3" fbTx="0.785882096" lbTx="0.78588218" tId="0" fbRx="0.795882096" lbRx="0.79588218" />
<p fId="0" fbTx="0.78588218" lbTx="0.785883055" tId="1" fbRx="0.78588218" lbRx="0.785883055" />
<p fId="1" fbTx="0.785883055" lbTx="0.78588393" tId="4" fbRx="0.785883055" lbRx="0.78588393" />
<p fId="3" fbTx="0.785982096" lbTx="0.78598218" tId="0" fbRx="0.795982096" lbRx="0.79598218" />
<p fId="0" fbTx="0.78598218" lbTx="0.785983055" tId="1" fbRx="0.78598218" lbRx="0.785983055" />
<p fId="1" fbTx="0.785983055" lbTx="0.78598393" tId="4" fbRx="0.785983055" lbRx="0.78598393" />
<p fId="3" fbTx="0.786082096" lbTx="0.78608218" tId="0" fbRx="0.796082096" lbRx="0.79608218" />
<p fId="0" fbTx="0.78608218" lbTx="0.786083055" tId="1" fbRx="0.78608218" lbRx="0.786083055" />
<p fId="1" fbTx="0.786083055" lbTx="0.78608393" tId="4" fbRx="0.786083055" lbRx="0.78608393" />
<p fId="3" fbTx="0.786182096" lbTx="0.78618218" tId="0" fbRx="0.796182096" lbRx="0.79618218" />
<p fId="0" fbTx="0.78618218" lbTx="0.786183055" tId="1" fbRx="0.78618218" lbRx="0.786183055" />
<p fId="1" fbTx="0.786183055" lbTx="0.78618393" tId="4" fbRx="0.786183055" lbRx="0.78618393" />
<pr uId="764" fId="4" fbTx="0.786214286" />
<wpr uId="764" tId="5" fbRx="0.786214286" lbRx="0" />
<wpr uId="764" tId="6" fbRx="0.786214286" lbRx="0" />
<p fId="3" fbTx="0.786282096" lbTx="0.78628218" tId="0" fbRx="0.796282096" lbRx="0.79628218" />
<p fId="0" fbTx="0.78628218" lbTx="0.786283055" tId="1" fbRx="0.78628218" lbRx="0.786283055" />
<p fId="1" fbTx="0.786283055" lbTx="0.78628393" tId="4" fbRx="0.786283055" lbRx="0.78628393" />
<p fId="3" fbTx="0.786382096" lbTx="0.78638218" tId="0" fbRx="0.796382096" lbRx="0.79638218" />
<p fId="0" fbTx="0.78638218" lbTx="0.786383055" tId="1" fbRx="0.78638218" lbRx="0.786383055" />
<p fId="1" fbTx="0.786383055" lbTx="0.78638393" tId="4" fbRx="0.786383055" lbRx="0.78638393" />
<p fId="3" fbTx="0.786482096" lbTx="0.78648218" tId="0" fbRx="0.796482096" lbRx="0.79648218" />
<p fId="0" fbTx="0.78648218" lbTx="0.786483055" tId="1" fbRx="0.78648218" lbRx="0.786483055" />
<p fId="1" fbTx="0.786483055" lbTx="0.78648393" tId="4" fbRx="0.786483055" lbRx="0.78648393" />
<p fId="3" fbTx="0.786582096" lbTx="0.78658218" tId="0" fbRx="0.796582096" lbRx="0.79658218" />
<p fId="0" fbTx="0.78658218" lbTx="0.786583055" tId="1" fbRx="0.78658218" lbRx="0.786583055" />
<p fId="1" fbTx="0.786583055" lbTx="0.78658393" tId="4" fbRx="0.786583055" lbRx="0.78658393" />
<p fId="3" fbTx="0.786682096" lbTx="0.78668218" tId="0" fbRx="0.796682096" lbRx="0.79668218" />
<p fId="0" fbTx="0.78668218" lbTx="0.786683055" tId="1" fbRx="0.78668218" lbRx="0.786683055" />
<p fId="1" fbTx="0.786683055" lbTx="0.78668393" tId="4" fbRx="0.786683055" lbRx="0.78668393" />
<p fId="3" fbTx="0.786782096" lbTx="0.78678218" tId="0" fbRx="0.796782096" lbRx="0.79678218" />
<p fId="0" fbTx="0.78678218" lbTx="0.786783055" tId="1" fbRx="0.78678218" lbRx="0.786783055" />
<p fId="1" fbTx="0.786783055" lbTx="0.78678393" tId="4" fbRx="0.786783055" lbRx="0.78678393" />
<p fId="3" fbTx="0.786882096" lbTx="0.78688218" tId="0" fbRx="0.796882096" lbRx="0.79688218" />
<p fId="0" fbTx="0.78688218" lbTx="0.786883055" tId="1" fbRx="0.78688218" lbRx="0.786883055" />
<p fId="1" fbTx="0.786883055" lbTx="0.78688393" tId="4" fbRx="0.786883055" lbRx="0.78688393" />
<p fId="3" fbTx="0.786982096" lbTx="0.78698218" tId="0" fbRx="0.796982096" lbRx="0.79698218" />
<p fId="0" fbTx="0.78698218" lbTx="0.786983055" tId="1" fbRx="0.78698218" lbRx="0.786983055" />
<p fId="1" fbTx="0.786983055" lbTx="0.78698393" tId="4" fbRx="0.786983055" lbRx="0.78698393" />
<p fId="3" fbTx="0.787082096" lbTx="0.78708218" tId="0" fbRx="0.797082096" lbRx="0.79708218" />
<p fId="0" fbTx="0.78708218" lbTx="0.787083055" tId="1" fbRx="0.78708218" lbRx="0.787083055" />
<p fId="1" fbTx="0.787083055" lbTx="0.78708393" tId="4" fbRx="0.787083055" lbRx="0.78708393" />
<p fId="3" fbTx="0.787182096" lbTx="0.78718218" tId="0" fbRx="0.797182096" lbRx="0.79718218" />
<p fId="0" fbTx="0.78718218" lbTx="0.787183055" tId="1" fbRx="0.78718218" lbRx="0.787183055" />
<p fId="1" fbTx="0.787183055" lbTx="0.78718393" tId="4" fbRx="0.787183055" lbRx="0.78718393" />
<pr uId="765" fId="4" fbTx="0.787214286" />
<wpr uId="765" tId="5" fbRx="0.787214286" lbRx="0" />
<wpr uId="765" tId="6" fbRx="0.787214286" lbRx="0" />
<p fId="3" fbTx="0.787282096" lbTx="0.78728218" tId="0" fbRx="0.797282096" lbRx="0.79728218" />
<p fId="0" fbTx="0.78728218" lbTx="0.787283055" tId="1" fbRx="0.78728218" lbRx="0.787283055" />
<p fId="1" fbTx="0.787283055" lbTx="0.78728393" tId="4" fbRx="0.787283055" lbRx="0.78728393" />
<p fId="3" fbTx="0.787382096" lbTx="0.78738218" tId="0" fbRx="0.797382096" lbRx="0.79738218" />
<p fId="0" fbTx="0.78738218" lbTx="0.787383055" tId="1" fbRx="0.78738218" lbRx="0.787383055" />
<p fId="1" fbTx="0.787383055" lbTx="0.78738393" tId="4" fbRx="0.787383055" lbRx="0.78738393" />
<p fId="3" fbTx="0.787482096" lbTx="0.78748218" tId="0" fbRx="0.797482096" lbRx="0.79748218" />
<p fId="0" fbTx="0.78748218" lbTx="0.787483055" tId="1" fbRx="0.78748218" lbRx="0.787483055" />
<p fId="1" fbTx="0.787483055" lbTx="0.78748393" tId="4" fbRx="0.787483055" lbRx="0.78748393" />
<p fId="3" fbTx="0.787582096" lbTx="0.78758218" tId="0" fbRx="0.797582096" lbRx="0.79758218" />
<p fId="0" fbTx="0.78758218" lbTx="0.787583055" tId="1" fbRx="0.78758218" lbRx="0.787583055" />
<p fId="1" fbTx="0.787583055" lbTx="0.78758393" tId="4" fbRx="0.787583055" lbRx="0.78758393" />
<p fId="3" fbTx="0.787682096" lbTx="0.78768218" tId="0" fbRx="0.797682096" lbRx="0.79768218" />
<p fId="0" fbTx="0.78768218" lbTx="0.787683055" tId="1" fbRx="0.78768218" lbRx="0.787683055" />
<p fId="1" fbTx="0.787683055" lbTx="0.78768393" tId="4" fbRx="0.787683055" lbRx="0.78768393" />
<p fId="3" fbTx="0.787782096" lbTx="0.78778218" tId="0" fbRx="0.797782096" lbRx="0.79778218" />
<p fId="0" fbTx="0.78778218" lbTx="0.787783055" tId="1" fbRx="0.78778218" lbRx="0.787783055" />
<p fId="1" fbTx="0.787783055" lbTx="0.78778393" tId="4" fbRx="0.787783055" lbRx="0.78778393" />
<p fId="3" fbTx="0.787882096" lbTx="0.78788218" tId="0" fbRx="0.797882096" lbRx="0.79788218" />
<p fId="0" fbTx="0.78788218" lbTx="0.787883055" tId="1" fbRx="0.78788218" lbRx="0.787883055" />
<p fId="1" fbTx="0.787883055" lbTx="0.78788393" tId="4" fbRx="0.787883055" lbRx="0.78788393" />
<p fId="3" fbTx="0.787982096" lbTx="0.78798218" tId="0" fbRx="0.797982096" lbRx="0.79798218" />
<p fId="0" fbTx="0.78798218" lbTx="0.787983055" tId="1" fbRx="0.78798218" lbRx="0.787983055" />
<p fId="1" fbTx="0.787983055" lbTx="0.78798393" tId="4" fbRx="0.787983055" lbRx="0.78798393" />
<p fId="3" fbTx="0.788082096" lbTx="0.78808218" tId="0" fbRx="0.798082096" lbRx="0.79808218" />
<p fId="0" fbTx="0.78808218" lbTx="0.788083055" tId="1" fbRx="0.78808218" lbRx="0.788083055" />
<p fId="1" fbTx="0.788083055" lbTx="0.78808393" tId="4" fbRx="0.788083055" lbRx="0.78808393" />
<p fId="3" fbTx="0.788182096" lbTx="0.78818218" tId="0" fbRx="0.798182096" lbRx="0.79818218" />
<p fId="0" fbTx="0.78818218" lbTx="0.788183055" tId="1" fbRx="0.78818218" lbRx="0.788183055" />
<p fId="1" fbTx="0.788183055" lbTx="0.78818393" tId="4" fbRx="0.788183055" lbRx="0.78818393" />
<pr uId="766" fId="4" fbTx="0.788214286" />
<wpr uId="766" tId="5" fbRx="0.788214286" lbRx="0" />
<wpr uId="766" tId="6" fbRx="0.788214286" lbRx="0" />
<p fId="3" fbTx="0.788282096" lbTx="0.78828218" tId="0" fbRx="0.798282096" lbRx="0.79828218" />
<p fId="0" fbTx="0.78828218" lbTx="0.788283055" tId="1" fbRx="0.78828218" lbRx="0.788283055" />
<p fId="1" fbTx="0.788283055" lbTx="0.78828393" tId="4" fbRx="0.788283055" lbRx="0.78828393" />
<p fId="3" fbTx="0.788382096" lbTx="0.78838218" tId="0" fbRx="0.798382096" lbRx="0.79838218" />
<p fId="0" fbTx="0.78838218" lbTx="0.788383055" tId="1" fbRx="0.78838218" lbRx="0.788383055" />
<p fId="1" fbTx="0.788383055" lbTx="0.78838393" tId="4" fbRx="0.788383055" lbRx="0.78838393" />
<p fId="3" fbTx="0.788482096" lbTx="0.78848218" tId="0" fbRx="0.798482096" lbRx="0.79848218" />
<p fId="0" fbTx="0.78848218" lbTx="0.788483055" tId="1" fbRx="0.78848218" lbRx="0.788483055" />
<p fId="1" fbTx="0.788483055" lbTx="0.78848393" tId="4" fbRx="0.788483055" lbRx="0.78848393" />
<p fId="3" fbTx="0.788582096" lbTx="0.78858218" tId="0" fbRx="0.798582096" lbRx="0.79858218" />
<p fId="0" fbTx="0.78858218" lbTx="0.788583055" tId="1" fbRx="0.78858218" lbRx="0.788583055" />
<p fId="1" fbTx="0.788583055" lbTx="0.78858393" tId="4" fbRx="0.788583055" lbRx="0.78858393" />
<p fId="3" fbTx="0.788682096" lbTx="0.78868218" tId="0" fbRx="0.798682096" lbRx="0.79868218" />
<p fId="0" fbTx="0.78868218" lbTx="0.788683055" tId="1" fbRx="0.78868218" lbRx="0.788683055" />
<p fId="1" fbTx="0.788683055" lbTx="0.78868393" tId="4" fbRx="0.788683055" lbRx="0.78868393" />
<p fId="3" fbTx="0.788782096" lbTx="0.78878218" tId="0" fbRx="0.798782096" lbRx="0.79878218" />
<p fId="0" fbTx="0.78878218" lbTx="0.788783055" tId="1" fbRx="0.78878218" lbRx="0.788783055" />
<p fId="1" fbTx="0.788783055" lbTx="0.78878393" tId="4" fbRx="0.788783055" lbRx="0.78878393" />
<p fId="3" fbTx="0.788882096" lbTx="0.78888218" tId="0" fbRx="0.798882096" lbRx="0.79888218" />
<p fId="0" fbTx="0.78888218" lbTx="0.788883055" tId="1" fbRx="0.78888218" lbRx="0.788883055" />
<p fId="1" fbTx="0.788883055" lbTx="0.78888393" tId="4" fbRx="0.788883055" lbRx="0.78888393" />
<p fId="3" fbTx="0.788982096" lbTx="0.78898218" tId="0" fbRx="0.798982096" lbRx="0.79898218" />
<p fId="0" fbTx="0.78898218" lbTx="0.788983055" tId="1" fbRx="0.78898218" lbRx="0.788983055" />
<p fId="1" fbTx="0.788983055" lbTx="0.78898393" tId="4" fbRx="0.788983055" lbRx="0.78898393" />
<p fId="3" fbTx="0.789082096" lbTx="0.78908218" tId="0" fbRx="0.799082096" lbRx="0.79908218" />
<p fId="0" fbTx="0.78908218" lbTx="0.789083055" tId="1" fbRx="0.78908218" lbRx="0.789083055" />
<p fId="1" fbTx="0.789083055" lbTx="0.78908393" tId="4" fbRx="0.789083055" lbRx="0.78908393" />
<p fId="3" fbTx="0.789182096" lbTx="0.78918218" tId="0" fbRx="0.799182096" lbRx="0.79918218" />
<p fId="0" fbTx="0.78918218" lbTx="0.789183055" tId="1" fbRx="0.78918218" lbRx="0.789183055" />
<p fId="1" fbTx="0.789183055" lbTx="0.78918393" tId="4" fbRx="0.789183055" lbRx="0.78918393" />
<pr uId="767" fId="4" fbTx="0.789214286" />
<wpr uId="767" tId="5" fbRx="0.789214286" lbRx="0" />
<wpr uId="767" tId="6" fbRx="0.789214286" lbRx="0" />
<p fId="3" fbTx="0.789282096" lbTx="0.78928218" tId="0" fbRx="0.799282096" lbRx="0.79928218" />
<p fId="0" fbTx="0.78928218" lbTx="0.789283055" tId="1" fbRx="0.78928218" lbRx="0.789283055" />
<p fId="1" fbTx="0.789283055" lbTx="0.78928393" tId="4" fbRx="0.789283055" lbRx="0.78928393" />
<p fId="3" fbTx="0.789382096" lbTx="0.78938218" tId="0" fbRx="0.799382096" lbRx="0.79938218" />
<p fId="0" fbTx="0.78938218" lbTx="0.789383055" tId="1" fbRx="0.78938218" lbRx="0.789383055" />
<p fId="1" fbTx="0.789383055" lbTx="0.78938393" tId="4" fbRx="0.789383055" lbRx="0.78938393" />
<p fId="3" fbTx="0.789482096" lbTx="0.78948218" tId="0" fbRx="0.799482096" lbRx="0.79948218" />
<p fId="0" fbTx="0.78948218" lbTx="0.789483055" tId="1" fbRx="0.78948218" lbRx="0.789483055" />
<p fId="1" fbTx="0.789483055" lbTx="0.78948393" tId="4" fbRx="0.789483055" lbRx="0.78948393" />
<p fId="3" fbTx="0.789582096" lbTx="0.78958218" tId="0" fbRx="0.799582096" lbRx="0.79958218" />
<p fId="0" fbTx="0.78958218" lbTx="0.789583055" tId="1" fbRx="0.78958218" lbRx="0.789583055" />
<p fId="1" fbTx="0.789583055" lbTx="0.78958393" tId="4" fbRx="0.789583055" lbRx="0.78958393" />
<p fId="3" fbTx="0.789682096" lbTx="0.78968218" tId="0" fbRx="0.799682096" lbRx="0.79968218" />
<p fId="0" fbTx="0.78968218" lbTx="0.789683055" tId="1" fbRx="0.78968218" lbRx="0.789683055" />
<p fId="1" fbTx="0.789683055" lbTx="0.78968393" tId="4" fbRx="0.789683055" lbRx="0.78968393" />
<p fId="3" fbTx="0.789782096" lbTx="0.78978218" tId="0" fbRx="0.799782096" lbRx="0.79978218" />
<p fId="0" fbTx="0.78978218" lbTx="0.789783055" tId="1" fbRx="0.78978218" lbRx="0.789783055" />
<p fId="1" fbTx="0.789783055" lbTx="0.78978393" tId="4" fbRx="0.789783055" lbRx="0.78978393" />
<p fId="3" fbTx="0.789882096" lbTx="0.78988218" tId="0" fbRx="0.799882096" lbRx="0.79988218" />
<p fId="0" fbTx="0.78988218" lbTx="0.789883055" tId="1" fbRx="0.78988218" lbRx="0.789883055" />
<p fId="1" fbTx="0.789883055" lbTx="0.78988393" tId="4" fbRx="0.789883055" lbRx="0.78988393" />
<p fId="3" fbTx="0.789982096" lbTx="0.78998218" tId="0" fbRx="0.799982096" lbRx="0.79998218" />
<p fId="0" fbTx="0.78998218" lbTx="0.789983055" tId="1" fbRx="0.78998218" lbRx="0.789983055" />
<p fId="1" fbTx="0.789983055" lbTx="0.78998393" tId="4" fbRx="0.789983055" lbRx="0.78998393" />
<p fId="3" fbTx="0.790082096" lbTx="0.79008218" tId="0" fbRx="0.800082096" lbRx="0.80008218" />
<p fId="0" fbTx="0.79008218" lbTx="0.790083055" tId="1" fbRx="0.79008218" lbRx="0.790083055" />
<p fId="1" fbTx="0.790083055" lbTx="0.79008393" tId="4" fbRx="0.790083055" lbRx="0.79008393" />
<p fId="3" fbTx="0.790182096" lbTx="0.79018218" tId="0" fbRx="0.800182096" lbRx="0.80018218" />
<p fId="0" fbTx="0.79018218" lbTx="0.790183055" tId="1" fbRx="0.79018218" lbRx="0.790183055" />
<p fId="1" fbTx="0.790183055" lbTx="0.79018393" tId="4" fbRx="0.790183055" lbRx="0.79018393" />
<pr uId="768" fId="4" fbTx="0.790214286" />
<wpr uId="768" tId="5" fbRx="0.790214286" lbRx="0" />
<wpr uId="768" tId="6" fbRx="0.790214286" lbRx="0" />
<p fId="3" fbTx="0.790282096" lbTx="0.79028218" tId="0" fbRx="0.800282096" lbRx="0.80028218" />
<p fId="0" fbTx="0.79028218" lbTx="0.790283055" tId="1" fbRx="0.79028218" lbRx="0.790283055" />
<p fId="1" fbTx="0.790283055" lbTx="0.79028393" tId="4" fbRx="0.790283055" lbRx="0.79028393" />
<p fId="3" fbTx="0.790382096" lbTx="0.79038218" tId="0" fbRx="0.800382096" lbRx="0.80038218" />
<p fId="0" fbTx="0.79038218" lbTx="0.790383055" tId="1" fbRx="0.79038218" lbRx="0.790383055" />
<p fId="1" fbTx="0.790383055" lbTx="0.79038393" tId="4" fbRx="0.790383055" lbRx="0.79038393" />
<p fId="3" fbTx="0.790482096" lbTx="0.79048218" tId="0" fbRx="0.800482096" lbRx="0.80048218" />
<p fId="0" fbTx="0.79048218" lbTx="0.790483055" tId="1" fbRx="0.79048218" lbRx="0.790483055" />
<p fId="1" fbTx="0.790483055" lbTx="0.79048393" tId="4" fbRx="0.790483055" lbRx="0.79048393" />
<p fId="3" fbTx="0.790582096" lbTx="0.79058218" tId="0" fbRx="0.800582096" lbRx="0.80058218" />
<p fId="0" fbTx="0.79058218" lbTx="0.790583055" tId="1" fbRx="0.79058218" lbRx="0.790583055" />
<p fId="1" fbTx="0.790583055" lbTx="0.79058393" tId="4" fbRx="0.790583055" lbRx="0.79058393" />
<p fId="3" fbTx="0.790682096" lbTx="0.79068218" tId="0" fbRx="0.800682096" lbRx="0.80068218" />
<p fId="0" fbTx="0.79068218" lbTx="0.790683055" tId="1" fbRx="0.79068218" lbRx="0.790683055" />
<p fId="1" fbTx="0.790683055" lbTx="0.79068393" tId="4" fbRx="0.790683055" lbRx="0.79068393" />
<p fId="3" fbTx="0.790782096" lbTx="0.79078218" tId="0" fbRx="0.800782096" lbRx="0.80078218" />
<p fId="0" fbTx="0.79078218" lbTx="0.790783055" tId="1" fbRx="0.79078218" lbRx="0.790783055" />
<p fId="1" fbTx="0.790783055" lbTx="0.79078393" tId="4" fbRx="0.790783055" lbRx="0.79078393" />
<p fId="3" fbTx="0.790882096" lbTx="0.79088218" tId="0" fbRx="0.800882096" lbRx="0.80088218" />
<p fId="0" fbTx="0.79088218" lbTx="0.790883055" tId="1" fbRx="0.79088218" lbRx="0.790883055" />
<p fId="1" fbTx="0.790883055" lbTx="0.79088393" tId="4" fbRx="0.790883055" lbRx="0.79088393" />
<p fId="3" fbTx="0.790982096" lbTx="0.79098218" tId="0" fbRx="0.800982096" lbRx="0.80098218" />
<p fId="0" fbTx="0.79098218" lbTx="0.790983055" tId="1" fbRx="0.79098218" lbRx="0.790983055" />
<p fId="1" fbTx="0.790983055" lbTx="0.79098393" tId="4" fbRx="0.790983055" lbRx="0.79098393" />
<p fId="3" fbTx="0.791082096" lbTx="0.79108218" tId="0" fbRx="0.801082096" lbRx="0.80108218" />
<p fId="0" fbTx="0.79108218" lbTx="0.791083055" tId="1" fbRx="0.79108218" lbRx="0.791083055" />
<p fId="1" fbTx="0.791083055" lbTx="0.79108393" tId="4" fbRx="0.791083055" lbRx="0.79108393" />
<p fId="3" fbTx="0.791182096" lbTx="0.79118218" tId="0" fbRx="0.801182096" lbRx="0.80118218" />
<p fId="0" fbTx="0.79118218" lbTx="0.791183055" tId="1" fbRx="0.79118218" lbRx="0.791183055" />
<p fId="1" fbTx="0.791183055" lbTx="0.79118393" tId="4" fbRx="0.791183055" lbRx="0.79118393" />
<pr uId="769" fId="4" fbTx="0.791214286" />
<wpr uId="769" tId="5" fbRx="0.791214286" lbRx="0" />
<wpr uId="769" tId="6" fbRx="0.791214286" lbRx="0" />
<p fId="3" fbTx="0.791282096" lbTx="0.79128218" tId="0" fbRx="0.801282096" lbRx="0.80128218" />
<p fId="0" fbTx="0.79128218" lbTx="0.791283055" tId="1" fbRx="0.79128218" lbRx="0.791283055" />
<p fId="1" fbTx="0.791283055" lbTx="0.79128393" tId="4" fbRx="0.791283055" lbRx="0.79128393" />
<p fId="3" fbTx="0.791382096" lbTx="0.79138218" tId="0" fbRx="0.801382096" lbRx="0.80138218" />
<p fId="0" fbTx="0.79138218" lbTx="0.791383055" tId="1" fbRx="0.79138218" lbRx="0.791383055" />
<p fId="1" fbTx="0.791383055" lbTx="0.79138393" tId="4" fbRx="0.791383055" lbRx="0.79138393" />
<p fId="3" fbTx="0.791482096" lbTx="0.79148218" tId="0" fbRx="0.801482096" lbRx="0.80148218" />
<p fId="0" fbTx="0.79148218" lbTx="0.791483055" tId="1" fbRx="0.79148218" lbRx="0.791483055" />
<p fId="1" fbTx="0.791483055" lbTx="0.79148393" tId="4" fbRx="0.791483055" lbRx="0.79148393" />
<p fId="3" fbTx="0.791582096" lbTx="0.79158218" tId="0" fbRx="0.801582096" lbRx="0.80158218" />
<p fId="0" fbTx="0.79158218" lbTx="0.791583055" tId="1" fbRx="0.79158218" lbRx="0.791583055" />
<p fId="1" fbTx="0.791583055" lbTx="0.79158393" tId="4" fbRx="0.791583055" lbRx="0.79158393" />
<p fId="3" fbTx="0.791682096" lbTx="0.79168218" tId="0" fbRx="0.801682096" lbRx="0.80168218" />
<p fId="0" fbTx="0.79168218" lbTx="0.791683055" tId="1" fbRx="0.79168218" lbRx="0.791683055" />
<p fId="1" fbTx="0.791683055" lbTx="0.79168393" tId="4" fbRx="0.791683055" lbRx="0.79168393" />
<p fId="3" fbTx="0.791782096" lbTx="0.79178218" tId="0" fbRx="0.801782096" lbRx="0.80178218" />
<p fId="0" fbTx="0.79178218" lbTx="0.791783055" tId="1" fbRx="0.79178218" lbRx="0.791783055" />
<p fId="1" fbTx="0.791783055" lbTx="0.79178393" tId="4" fbRx="0.791783055" lbRx="0.79178393" />
<p fId="3" fbTx="0.791882096" lbTx="0.79188218" tId="0" fbRx="0.801882096" lbRx="0.80188218" />
<p fId="0" fbTx="0.79188218" lbTx="0.791883055" tId="1" fbRx="0.79188218" lbRx="0.791883055" />
<p fId="1" fbTx="0.791883055" lbTx="0.79188393" tId="4" fbRx="0.791883055" lbRx="0.79188393" />
<p fId="3" fbTx="0.791982096" lbTx="0.79198218" tId="0" fbRx="0.801982096" lbRx="0.80198218" />
<p fId="0" fbTx="0.79198218" lbTx="0.791983055" tId="1" fbRx="0.79198218" lbRx="0.791983055" />
<p fId="1" fbTx="0.791983055" lbTx="0.79198393" tId="4" fbRx="0.791983055" lbRx="0.79198393" />
<p fId="3" fbTx="0.792082096" lbTx="0.79208218" tId="0" fbRx="0.802082096" lbRx="0.80208218" />
<p fId="0" fbTx="0.79208218" lbTx="0.792083055" tId="1" fbRx="0.79208218" lbRx="0.792083055" />
<p fId="1" fbTx="0.792083055" lbTx="0.79208393" tId="4" fbRx="0.792083055" lbRx="0.79208393" />
<p fId="3" fbTx="0.792182096" lbTx="0.79218218" tId="0" fbRx="0.802182096" lbRx="0.80218218" />
<p fId="0" fbTx="0.79218218" lbTx="0.792183055" tId="1" fbRx="0.79218218" lbRx="0.792183055" />
<p fId="1" fbTx="0.792183055" lbTx="0.79218393" tId="4" fbRx="0.792183055" lbRx="0.79218393" />
<pr uId="770" fId="4" fbTx="0.792214286" />
<wpr uId="770" tId="5" fbRx="0.792214286" lbRx="0" />
<wpr uId="770" tId="6" fbRx="0.792214286" lbRx="0" />
<p fId="3" fbTx="0.792282096" lbTx="0.79228218" tId="0" fbRx="0.802282096" lbRx="0.80228218" />
<p fId="0" fbTx="0.79228218" lbTx="0.792283055" tId="1" fbRx="0.79228218" lbRx="0.792283055" />
<p fId="1" fbTx="0.792283055" lbTx="0.79228393" tId="4" fbRx="0.792283055" lbRx="0.79228393" />
<p fId="3" fbTx="0.792382096" lbTx="0.79238218" tId="0" fbRx="0.802382096" lbRx="0.80238218" />
<p fId="0" fbTx="0.79238218" lbTx="0.792383055" tId="1" fbRx="0.79238218" lbRx="0.792383055" />
<p fId="1" fbTx="0.792383055" lbTx="0.79238393" tId="4" fbRx="0.792383055" lbRx="0.79238393" />
<p fId="3" fbTx="0.792482096" lbTx="0.79248218" tId="0" fbRx="0.802482096" lbRx="0.80248218" />
<p fId="0" fbTx="0.79248218" lbTx="0.792483055" tId="1" fbRx="0.79248218" lbRx="0.792483055" />
<p fId="1" fbTx="0.792483055" lbTx="0.79248393" tId="4" fbRx="0.792483055" lbRx="0.79248393" />
<p fId="3" fbTx="0.792582096" lbTx="0.79258218" tId="0" fbRx="0.802582096" lbRx="0.80258218" />
<p fId="0" fbTx="0.79258218" lbTx="0.792583055" tId="1" fbRx="0.79258218" lbRx="0.792583055" />
<p fId="1" fbTx="0.792583055" lbTx="0.79258393" tId="4" fbRx="0.792583055" lbRx="0.79258393" />
<p fId="3" fbTx="0.792682096" lbTx="0.79268218" tId="0" fbRx="0.802682096" lbRx="0.80268218" />
<p fId="0" fbTx="0.79268218" lbTx="0.792683055" tId="1" fbRx="0.79268218" lbRx="0.792683055" />
<p fId="1" fbTx="0.792683055" lbTx="0.79268393" tId="4" fbRx="0.792683055" lbRx="0.79268393" />
<p fId="3" fbTx="0.792782096" lbTx="0.79278218" tId="0" fbRx="0.802782096" lbRx="0.80278218" />
<p fId="0" fbTx="0.79278218" lbTx="0.792783055" tId="1" fbRx="0.79278218" lbRx="0.792783055" />
<p fId="1" fbTx="0.792783055" lbTx="0.79278393" tId="4" fbRx="0.792783055" lbRx="0.79278393" />
<p fId="3" fbTx="0.792882096" lbTx="0.79288218" tId="0" fbRx="0.802882096" lbRx="0.80288218" />
<p fId="0" fbTx="0.79288218" lbTx="0.792883055" tId="1" fbRx="0.79288218" lbRx="0.792883055" />
<p fId="1" fbTx="0.792883055" lbTx="0.79288393" tId="4" fbRx="0.792883055" lbRx="0.79288393" />
<p fId="3" fbTx="0.792982096" lbTx="0.79298218" tId="0" fbRx="0.802982096" lbRx="0.80298218" />
<p fId="0" fbTx="0.79298218" lbTx="0.792983055" tId="1" fbRx="0.79298218" lbRx="0.792983055" />
<p fId="1" fbTx="0.792983055" lbTx="0.79298393" tId="4" fbRx="0.792983055" lbRx="0.79298393" />
<p fId="3" fbTx="0.793082096" lbTx="0.79308218" tId="0" fbRx="0.803082096" lbRx="0.80308218" />
<p fId="0" fbTx="0.79308218" lbTx="0.793083055" tId="1" fbRx="0.79308218" lbRx="0.793083055" />
<p fId="1" fbTx="0.793083055" lbTx="0.79308393" tId="4" fbRx="0.793083055" lbRx="0.79308393" />
<p fId="3" fbTx="0.793182096" lbTx="0.79318218" tId="0" fbRx="0.803182096" lbRx="0.80318218" />
<p fId="0" fbTx="0.79318218" lbTx="0.793183055" tId="1" fbRx="0.79318218" lbRx="0.793183055" />
<p fId="1" fbTx="0.793183055" lbTx="0.79318393" tId="4" fbRx="0.793183055" lbRx="0.79318393" />
<pr uId="771" fId="4" fbTx="0.793214286" />
<wpr uId="771" tId="5" fbRx="0.793214286" lbRx="0" />
<wpr uId="771" tId="6" fbRx="0.793214286" lbRx="0" />
<p fId="3" fbTx="0.793282096" lbTx="0.79328218" tId="0" fbRx="0.803282096" lbRx="0.80328218" />
<p fId="0" fbTx="0.79328218" lbTx="0.793283055" tId="1" fbRx="0.79328218" lbRx="0.793283055" />
<p fId="1" fbTx="0.793283055" lbTx="0.79328393" tId="4" fbRx="0.793283055" lbRx="0.79328393" />
<p fId="3" fbTx="0.793382096" lbTx="0.79338218" tId="0" fbRx="0.803382096" lbRx="0.80338218" />
<p fId="0" fbTx="0.79338218" lbTx="0.793383055" tId="1" fbRx="0.79338218" lbRx="0.793383055" />
<p fId="1" fbTx="0.793383055" lbTx="0.79338393" tId="4" fbRx="0.793383055" lbRx="0.79338393" />
<p fId="3" fbTx="0.793482096" lbTx="0.79348218" tId="0" fbRx="0.803482096" lbRx="0.80348218" />
<p fId="0" fbTx="0.79348218" lbTx="0.793483055" tId="1" fbRx="0.79348218" lbRx="0.793483055" />
<p fId="1" fbTx="0.793483055" lbTx="0.79348393" tId="4" fbRx="0.793483055" lbRx="0.79348393" />
<p fId="3" fbTx="0.793582096" lbTx="0.79358218" tId="0" fbRx="0.803582096" lbRx="0.80358218" />
<p fId="0" fbTx="0.79358218" lbTx="0.793583055" tId="1" fbRx="0.79358218" lbRx="0.793583055" />
<p fId="1" fbTx="0.793583055" lbTx="0.79358393" tId="4" fbRx="0.793583055" lbRx="0.79358393" />
<p fId="3" fbTx="0.793682096" lbTx="0.79368218" tId="0" fbRx="0.803682096" lbRx="0.80368218" />
<p fId="0" fbTx="0.79368218" lbTx="0.793683055" tId="1" fbRx="0.79368218" lbRx="0.793683055" />
<p fId="1" fbTx="0.793683055" lbTx="0.79368393" tId="4" fbRx="0.793683055" lbRx="0.79368393" />
<p fId="3" fbTx="0.793782096" lbTx="0.79378218" tId="0" fbRx="0.803782096" lbRx="0.80378218" />
<p fId="0" fbTx="0.79378218" lbTx="0.793783055" tId="1" fbRx="0.79378218" lbRx="0.793783055" />
<p fId="1" fbTx="0.793783055" lbTx="0.79378393" tId="4" fbRx="0.793783055" lbRx="0.79378393" />
<p fId="3" fbTx="0.793882096" lbTx="0.79388218" tId="0" fbRx="0.803882096" lbRx="0.80388218" />
<p fId="0" fbTx="0.79388218" lbTx="0.793883055" tId="1" fbRx="0.79388218" lbRx="0.793883055" />
<p fId="1" fbTx="0.793883055" lbTx="0.79388393" tId="4" fbRx="0.793883055" lbRx="0.79388393" />
<p fId="3" fbTx="0.793982096" lbTx="0.79398218" tId="0" fbRx="0.803982096" lbRx="0.80398218" />
<p fId="0" fbTx="0.79398218" lbTx="0.793983055" tId="1" fbRx="0.79398218" lbRx="0.793983055" />
<p fId="1" fbTx="0.793983055" lbTx="0.79398393" tId="4" fbRx="0.793983055" lbRx="0.79398393" />
<p fId="3" fbTx="0.794082096" lbTx="0.79408218" tId="0" fbRx="0.804082096" lbRx="0.80408218" />
<p fId="0" fbTx="0.79408218" lbTx="0.794083055" tId="1" fbRx="0.79408218" lbRx="0.794083055" />
<p fId="1" fbTx="0.794083055" lbTx="0.79408393" tId="4" fbRx="0.794083055" lbRx="0.79408393" />
<p fId="3" fbTx="0.794182096" lbTx="0.79418218" tId="0" fbRx="0.804182096" lbRx="0.80418218" />
<p fId="0" fbTx="0.79418218" lbTx="0.794183055" tId="1" fbRx="0.79418218" lbRx="0.794183055" />
<p fId="1" fbTx="0.794183055" lbTx="0.79418393" tId="4" fbRx="0.794183055" lbRx="0.79418393" />
<pr uId="772" fId="4" fbTx="0.794214286" />
<wpr uId="772" tId="5" fbRx="0.794214286" lbRx="0" />
<wpr uId="772" tId="6" fbRx="0.794214286" lbRx="0" />
<p fId="3" fbTx="0.794282096" lbTx="0.79428218" tId="0" fbRx="0.804282096" lbRx="0.80428218" />
<p fId="0" fbTx="0.79428218" lbTx="0.794283055" tId="1" fbRx="0.79428218" lbRx="0.794283055" />
<p fId="1" fbTx="0.794283055" lbTx="0.79428393" tId="4" fbRx="0.794283055" lbRx="0.79428393" />
<p fId="3" fbTx="0.794382096" lbTx="0.79438218" tId="0" fbRx="0.804382096" lbRx="0.80438218" />
<p fId="0" fbTx="0.79438218" lbTx="0.794383055" tId="1" fbRx="0.79438218" lbRx="0.794383055" />
<p fId="1" fbTx="0.794383055" lbTx="0.79438393" tId="4" fbRx="0.794383055" lbRx="0.79438393" />
<p fId="3" fbTx="0.794482096" lbTx="0.79448218" tId="0" fbRx="0.804482096" lbRx="0.80448218" />
<p fId="0" fbTx="0.79448218" lbTx="0.794483055" tId="1" fbRx="0.79448218" lbRx="0.794483055" />
<p fId="1" fbTx="0.794483055" lbTx="0.79448393" tId="4" fbRx="0.794483055" lbRx="0.79448393" />
<p fId="3" fbTx="0.794582096" lbTx="0.79458218" tId="0" fbRx="0.804582096" lbRx="0.80458218" />
<p fId="0" fbTx="0.79458218" lbTx="0.794583055" tId="1" fbRx="0.79458218" lbRx="0.794583055" />
<p fId="1" fbTx="0.794583055" lbTx="0.79458393" tId="4" fbRx="0.794583055" lbRx="0.79458393" />
<p fId="3" fbTx="0.794682096" lbTx="0.79468218" tId="0" fbRx="0.804682096" lbRx="0.80468218" />
<p fId="0" fbTx="0.79468218" lbTx="0.794683055" tId="1" fbRx="0.79468218" lbRx="0.794683055" />
<p fId="1" fbTx="0.794683055" lbTx="0.79468393" tId="4" fbRx="0.794683055" lbRx="0.79468393" />
<p fId="3" fbTx="0.794782096" lbTx="0.79478218" tId="0" fbRx="0.804782096" lbRx="0.80478218" />
<p fId="0" fbTx="0.79478218" lbTx="0.794783055" tId="1" fbRx="0.79478218" lbRx="0.794783055" />
<p fId="1" fbTx="0.794783055" lbTx="0.79478393" tId="4" fbRx="0.794783055" lbRx="0.79478393" />
<p fId="3" fbTx="0.794882096" lbTx="0.79488218" tId="0" fbRx="0.804882096" lbRx="0.80488218" />
<p fId="0" fbTx="0.79488218" lbTx="0.794883055" tId="1" fbRx="0.79488218" lbRx="0.794883055" />
<p fId="1" fbTx="0.794883055" lbTx="0.79488393" tId="4" fbRx="0.794883055" lbRx="0.79488393" />
<p fId="3" fbTx="0.794982096" lbTx="0.79498218" tId="0" fbRx="0.804982096" lbRx="0.80498218" />
<p fId="0" fbTx="0.79498218" lbTx="0.794983055" tId="1" fbRx="0.79498218" lbRx="0.794983055" />
<p fId="1" fbTx="0.794983055" lbTx="0.79498393" tId="4" fbRx="0.794983055" lbRx="0.79498393" />
<p fId="3" fbTx="0.795082096" lbTx="0.79508218" tId="0" fbRx="0.805082096" lbRx="0.80508218" />
<p fId="0" fbTx="0.79508218" lbTx="0.795083055" tId="1" fbRx="0.79508218" lbRx="0.795083055" />
<p fId="1" fbTx="0.795083055" lbTx="0.79508393" tId="4" fbRx="0.795083055" lbRx="0.79508393" />
<p fId="3" fbTx="0.795182096" lbTx="0.79518218" tId="0" fbRx="0.805182096" lbRx="0.80518218" />
<p fId="0" fbTx="0.79518218" lbTx="0.795183055" tId="1" fbRx="0.79518218" lbRx="0.795183055" />
<p fId="1" fbTx="0.795183055" lbTx="0.79518393" tId="4" fbRx="0.795183055" lbRx="0.79518393" />
<pr uId="773" fId="4" fbTx="0.795214286" />
<wpr uId="773" tId="5" fbRx="0.795214286" lbRx="0" />
<wpr uId="773" tId="6" fbRx="0.795214286" lbRx="0" />
<p fId="3" fbTx="0.795282096" lbTx="0.79528218" tId="0" fbRx="0.805282096" lbRx="0.80528218" />
<p fId="0" fbTx="0.79528218" lbTx="0.795283055" tId="1" fbRx="0.79528218" lbRx="0.795283055" />
<p fId="1" fbTx="0.795283055" lbTx="0.79528393" tId="4" fbRx="0.795283055" lbRx="0.79528393" />
<p fId="3" fbTx="0.795382096" lbTx="0.79538218" tId="0" fbRx="0.805382096" lbRx="0.80538218" />
<p fId="0" fbTx="0.79538218" lbTx="0.795383055" tId="1" fbRx="0.79538218" lbRx="0.795383055" />
<p fId="1" fbTx="0.795383055" lbTx="0.79538393" tId="4" fbRx="0.795383055" lbRx="0.79538393" />
<p fId="3" fbTx="0.795482096" lbTx="0.79548218" tId="0" fbRx="0.805482096" lbRx="0.80548218" />
<p fId="0" fbTx="0.79548218" lbTx="0.795483055" tId="1" fbRx="0.79548218" lbRx="0.795483055" />
<p fId="1" fbTx="0.795483055" lbTx="0.79548393" tId="4" fbRx="0.795483055" lbRx="0.79548393" />
<p fId="3" fbTx="0.795582096" lbTx="0.79558218" tId="0" fbRx="0.805582096" lbRx="0.80558218" />
<p fId="0" fbTx="0.79558218" lbTx="0.795583055" tId="1" fbRx="0.79558218" lbRx="0.795583055" />
<p fId="1" fbTx="0.795583055" lbTx="0.79558393" tId="4" fbRx="0.795583055" lbRx="0.79558393" />
<p fId="3" fbTx="0.795682096" lbTx="0.79568218" tId="0" fbRx="0.805682096" lbRx="0.80568218" />
<p fId="0" fbTx="0.79568218" lbTx="0.795683055" tId="1" fbRx="0.79568218" lbRx="0.795683055" />
<p fId="1" fbTx="0.795683055" lbTx="0.79568393" tId="4" fbRx="0.795683055" lbRx="0.79568393" />
<p fId="3" fbTx="0.795782096" lbTx="0.79578218" tId="0" fbRx="0.805782096" lbRx="0.80578218" />
<p fId="0" fbTx="0.79578218" lbTx="0.795783055" tId="1" fbRx="0.79578218" lbRx="0.795783055" />
<p fId="1" fbTx="0.795783055" lbTx="0.79578393" tId="4" fbRx="0.795783055" lbRx="0.79578393" />
<p fId="3" fbTx="0.795882096" lbTx="0.79588218" tId="0" fbRx="0.805882096" lbRx="0.80588218" />
<p fId="0" fbTx="0.79588218" lbTx="0.795883055" tId="1" fbRx="0.79588218" lbRx="0.795883055" />
<p fId="1" fbTx="0.795883055" lbTx="0.79588393" tId="4" fbRx="0.795883055" lbRx="0.79588393" />
<p fId="3" fbTx="0.795982096" lbTx="0.79598218" tId="0" fbRx="0.805982096" lbRx="0.80598218" />
<p fId="0" fbTx="0.79598218" lbTx="0.795983055" tId="1" fbRx="0.79598218" lbRx="0.795983055" />
<p fId="1" fbTx="0.795983055" lbTx="0.79598393" tId="4" fbRx="0.795983055" lbRx="0.79598393" />
<p fId="3" fbTx="0.796082096" lbTx="0.79608218" tId="0" fbRx="0.806082096" lbRx="0.80608218" />
<p fId="0" fbTx="0.79608218" lbTx="0.796083055" tId="1" fbRx="0.79608218" lbRx="0.796083055" />
<p fId="1" fbTx="0.796083055" lbTx="0.79608393" tId="4" fbRx="0.796083055" lbRx="0.79608393" />
<p fId="3" fbTx="0.796182096" lbTx="0.79618218" tId="0" fbRx="0.806182096" lbRx="0.80618218" />
<p fId="0" fbTx="0.79618218" lbTx="0.796183055" tId="1" fbRx="0.79618218" lbRx="0.796183055" />
<p fId="1" fbTx="0.796183055" lbTx="0.79618393" tId="4" fbRx="0.796183055" lbRx="0.79618393" />
<pr uId="774" fId="4" fbTx="0.796214286" />
<wpr uId="774" tId="5" fbRx="0.796214286" lbRx="0" />
<wpr uId="774" tId="6" fbRx="0.796214286" lbRx="0" />
<p fId="3" fbTx="0.796282096" lbTx="0.79628218" tId="0" fbRx="0.806282096" lbRx="0.80628218" />
<p fId="0" fbTx="0.79628218" lbTx="0.796283055" tId="1" fbRx="0.79628218" lbRx="0.796283055" />
<p fId="1" fbTx="0.796283055" lbTx="0.79628393" tId="4" fbRx="0.796283055" lbRx="0.79628393" />
<p fId="3" fbTx="0.796382096" lbTx="0.79638218" tId="0" fbRx="0.806382096" lbRx="0.80638218" />
<p fId="0" fbTx="0.79638218" lbTx="0.796383055" tId="1" fbRx="0.79638218" lbRx="0.796383055" />
<p fId="1" fbTx="0.796383055" lbTx="0.79638393" tId="4" fbRx="0.796383055" lbRx="0.79638393" />
<p fId="3" fbTx="0.796482096" lbTx="0.79648218" tId="0" fbRx="0.806482096" lbRx="0.80648218" />
<p fId="0" fbTx="0.79648218" lbTx="0.796483055" tId="1" fbRx="0.79648218" lbRx="0.796483055" />
<p fId="1" fbTx="0.796483055" lbTx="0.79648393" tId="4" fbRx="0.796483055" lbRx="0.79648393" />
<p fId="3" fbTx="0.796582096" lbTx="0.79658218" tId="0" fbRx="0.806582096" lbRx="0.80658218" />
<p fId="0" fbTx="0.79658218" lbTx="0.796583055" tId="1" fbRx="0.79658218" lbRx="0.796583055" />
<p fId="1" fbTx="0.796583055" lbTx="0.79658393" tId="4" fbRx="0.796583055" lbRx="0.79658393" />
<p fId="3" fbTx="0.796682096" lbTx="0.79668218" tId="0" fbRx="0.806682096" lbRx="0.80668218" />
<p fId="0" fbTx="0.79668218" lbTx="0.796683055" tId="1" fbRx="0.79668218" lbRx="0.796683055" />
<p fId="1" fbTx="0.796683055" lbTx="0.79668393" tId="4" fbRx="0.796683055" lbRx="0.79668393" />
<p fId="3" fbTx="0.796782096" lbTx="0.79678218" tId="0" fbRx="0.806782096" lbRx="0.80678218" />
<p fId="0" fbTx="0.79678218" lbTx="0.796783055" tId="1" fbRx="0.79678218" lbRx="0.796783055" />
<p fId="1" fbTx="0.796783055" lbTx="0.79678393" tId="4" fbRx="0.796783055" lbRx="0.79678393" />
<p fId="3" fbTx="0.796882096" lbTx="0.79688218" tId="0" fbRx="0.806882096" lbRx="0.80688218" />
<p fId="0" fbTx="0.79688218" lbTx="0.796883055" tId="1" fbRx="0.79688218" lbRx="0.796883055" />
<p fId="1" fbTx="0.796883055" lbTx="0.79688393" tId="4" fbRx="0.796883055" lbRx="0.79688393" />
<p fId="3" fbTx="0.796982096" lbTx="0.79698218" tId="0" fbRx="0.806982096" lbRx="0.80698218" />
<p fId="0" fbTx="0.79698218" lbTx="0.796983055" tId="1" fbRx="0.79698218" lbRx="0.796983055" />
<p fId="1" fbTx="0.796983055" lbTx="0.79698393" tId="4" fbRx="0.796983055" lbRx="0.79698393" />
<p fId="3" fbTx="0.797082096" lbTx="0.79708218" tId="0" fbRx="0.807082096" lbRx="0.80708218" />
<p fId="0" fbTx="0.79708218" lbTx="0.797083055" tId="1" fbRx="0.79708218" lbRx="0.797083055" />
<p fId="1" fbTx="0.797083055" lbTx="0.79708393" tId="4" fbRx="0.797083055" lbRx="0.79708393" />
<p fId="3" fbTx="0.797182096" lbTx="0.79718218" tId="0" fbRx="0.807182096" lbRx="0.80718218" />
<p fId="0" fbTx="0.79718218" lbTx="0.797183055" tId="1" fbRx="0.79718218" lbRx="0.797183055" />
<p fId="1" fbTx="0.797183055" lbTx="0.79718393" tId="4" fbRx="0.797183055" lbRx="0.79718393" />
<pr uId="775" fId="4" fbTx="0.797214286" />
<wpr uId="775" tId="5" fbRx="0.797214286" lbRx="0" />
<wpr uId="775" tId="6" fbRx="0.797214286" lbRx="0" />
<p fId="3" fbTx="0.797282096" lbTx="0.79728218" tId="0" fbRx="0.807282096" lbRx="0.80728218" />
<p fId="0" fbTx="0.79728218" lbTx="0.797283055" tId="1" fbRx="0.79728218" lbRx="0.797283055" />
<p fId="1" fbTx="0.797283055" lbTx="0.79728393" tId="4" fbRx="0.797283055" lbRx="0.79728393" />
<p fId="3" fbTx="0.797382096" lbTx="0.79738218" tId="0" fbRx="0.807382096" lbRx="0.80738218" />
<p fId="0" fbTx="0.79738218" lbTx="0.797383055" tId="1" fbRx="0.79738218" lbRx="0.797383055" />
<p fId="1" fbTx="0.797383055" lbTx="0.79738393" tId="4" fbRx="0.797383055" lbRx="0.79738393" />
<p fId="3" fbTx="0.797482096" lbTx="0.79748218" tId="0" fbRx="0.807482096" lbRx="0.80748218" />
<p fId="0" fbTx="0.79748218" lbTx="0.797483055" tId="1" fbRx="0.79748218" lbRx="0.797483055" />
<p fId="1" fbTx="0.797483055" lbTx="0.79748393" tId="4" fbRx="0.797483055" lbRx="0.79748393" />
<p fId="3" fbTx="0.797582096" lbTx="0.79758218" tId="0" fbRx="0.807582096" lbRx="0.80758218" />
<p fId="0" fbTx="0.79758218" lbTx="0.797583055" tId="1" fbRx="0.79758218" lbRx="0.797583055" />
<p fId="1" fbTx="0.797583055" lbTx="0.79758393" tId="4" fbRx="0.797583055" lbRx="0.79758393" />
<p fId="3" fbTx="0.797682096" lbTx="0.79768218" tId="0" fbRx="0.807682096" lbRx="0.80768218" />
<p fId="0" fbTx="0.79768218" lbTx="0.797683055" tId="1" fbRx="0.79768218" lbRx="0.797683055" />
<p fId="1" fbTx="0.797683055" lbTx="0.79768393" tId="4" fbRx="0.797683055" lbRx="0.79768393" />
<p fId="3" fbTx="0.797782096" lbTx="0.79778218" tId="0" fbRx="0.807782096" lbRx="0.80778218" />
<p fId="0" fbTx="0.79778218" lbTx="0.797783055" tId="1" fbRx="0.79778218" lbRx="0.797783055" />
<p fId="1" fbTx="0.797783055" lbTx="0.79778393" tId="4" fbRx="0.797783055" lbRx="0.79778393" />
<p fId="3" fbTx="0.797882096" lbTx="0.79788218" tId="0" fbRx="0.807882096" lbRx="0.80788218" />
<p fId="0" fbTx="0.79788218" lbTx="0.797883055" tId="1" fbRx="0.79788218" lbRx="0.797883055" />
<p fId="1" fbTx="0.797883055" lbTx="0.79788393" tId="4" fbRx="0.797883055" lbRx="0.79788393" />
<p fId="3" fbTx="0.797982096" lbTx="0.79798218" tId="0" fbRx="0.807982096" lbRx="0.80798218" />
<p fId="0" fbTx="0.79798218" lbTx="0.797983055" tId="1" fbRx="0.79798218" lbRx="0.797983055" />
<p fId="1" fbTx="0.797983055" lbTx="0.79798393" tId="4" fbRx="0.797983055" lbRx="0.79798393" />
<p fId="3" fbTx="0.798082096" lbTx="0.79808218" tId="0" fbRx="0.808082096" lbRx="0.80808218" />
<p fId="0" fbTx="0.79808218" lbTx="0.798083055" tId="1" fbRx="0.79808218" lbRx="0.798083055" />
<p fId="1" fbTx="0.798083055" lbTx="0.79808393" tId="4" fbRx="0.798083055" lbRx="0.79808393" />
<p fId="3" fbTx="0.798182096" lbTx="0.79818218" tId="0" fbRx="0.808182096" lbRx="0.80818218" />
<p fId="0" fbTx="0.79818218" lbTx="0.798183055" tId="1" fbRx="0.79818218" lbRx="0.798183055" />
<p fId="1" fbTx="0.798183055" lbTx="0.79818393" tId="4" fbRx="0.798183055" lbRx="0.79818393" />
<pr uId="776" fId="4" fbTx="0.798214286" />
<wpr uId="776" tId="5" fbRx="0.798214286" lbRx="0" />
<wpr uId="776" tId="6" fbRx="0.798214286" lbRx="0" />
<p fId="3" fbTx="0.798282096" lbTx="0.79828218" tId="0" fbRx="0.808282096" lbRx="0.80828218" />
<p fId="0" fbTx="0.79828218" lbTx="0.798283055" tId="1" fbRx="0.79828218" lbRx="0.798283055" />
<p fId="1" fbTx="0.798283055" lbTx="0.79828393" tId="4" fbRx="0.798283055" lbRx="0.79828393" />
<p fId="3" fbTx="0.798382096" lbTx="0.79838218" tId="0" fbRx="0.808382096" lbRx="0.80838218" />
<p fId="0" fbTx="0.79838218" lbTx="0.798383055" tId="1" fbRx="0.79838218" lbRx="0.798383055" />
<p fId="1" fbTx="0.798383055" lbTx="0.79838393" tId="4" fbRx="0.798383055" lbRx="0.79838393" />
<p fId="3" fbTx="0.798482096" lbTx="0.79848218" tId="0" fbRx="0.808482096" lbRx="0.80848218" />
<p fId="0" fbTx="0.79848218" lbTx="0.798483055" tId="1" fbRx="0.79848218" lbRx="0.798483055" />
<p fId="1" fbTx="0.798483055" lbTx="0.79848393" tId="4" fbRx="0.798483055" lbRx="0.79848393" />
<p fId="3" fbTx="0.798582096" lbTx="0.79858218" tId="0" fbRx="0.808582096" lbRx="0.80858218" />
<p fId="0" fbTx="0.79858218" lbTx="0.798583055" tId="1" fbRx="0.79858218" lbRx="0.798583055" />
<p fId="1" fbTx="0.798583055" lbTx="0.79858393" tId="4" fbRx="0.798583055" lbRx="0.79858393" />
<p fId="3" fbTx="0.798682096" lbTx="0.79868218" tId="0" fbRx="0.808682096" lbRx="0.80868218" />
<p fId="0" fbTx="0.79868218" lbTx="0.798683055" tId="1" fbRx="0.79868218" lbRx="0.798683055" />
<p fId="1" fbTx="0.798683055" lbTx="0.79868393" tId="4" fbRx="0.798683055" lbRx="0.79868393" />
<p fId="3" fbTx="0.798782096" lbTx="0.79878218" tId="0" fbRx="0.808782096" lbRx="0.80878218" />
<p fId="0" fbTx="0.79878218" lbTx="0.798783055" tId="1" fbRx="0.79878218" lbRx="0.798783055" />
<p fId="1" fbTx="0.798783055" lbTx="0.79878393" tId="4" fbRx="0.798783055" lbRx="0.79878393" />
<p fId="3" fbTx="0.798882096" lbTx="0.79888218" tId="0" fbRx="0.808882096" lbRx="0.80888218" />
<p fId="0" fbTx="0.79888218" lbTx="0.798883055" tId="1" fbRx="0.79888218" lbRx="0.798883055" />
<p fId="1" fbTx="0.798883055" lbTx="0.79888393" tId="4" fbRx="0.798883055" lbRx="0.79888393" />
<p fId="3" fbTx="0.798982096" lbTx="0.79898218" tId="0" fbRx="0.808982096" lbRx="0.80898218" />
<p fId="0" fbTx="0.79898218" lbTx="0.798983055" tId="1" fbRx="0.79898218" lbRx="0.798983055" />
<p fId="1" fbTx="0.798983055" lbTx="0.79898393" tId="4" fbRx="0.798983055" lbRx="0.79898393" />
<p fId="3" fbTx="0.799082096" lbTx="0.79908218" tId="0" fbRx="0.809082096" lbRx="0.80908218" />
<p fId="0" fbTx="0.79908218" lbTx="0.799083055" tId="1" fbRx="0.79908218" lbRx="0.799083055" />
<p fId="1" fbTx="0.799083055" lbTx="0.79908393" tId="4" fbRx="0.799083055" lbRx="0.79908393" />
<p fId="3" fbTx="0.799182096" lbTx="0.79918218" tId="0" fbRx="0.809182096" lbRx="0.80918218" />
<p fId="0" fbTx="0.79918218" lbTx="0.799183055" tId="1" fbRx="0.79918218" lbRx="0.799183055" />
<p fId="1" fbTx="0.799183055" lbTx="0.79918393" tId="4" fbRx="0.799183055" lbRx="0.79918393" />
<pr uId="777" fId="4" fbTx="0.799214286" />
<wpr uId="777" tId="5" fbRx="0.799214286" lbRx="0" />
<wpr uId="777" tId="6" fbRx="0.799214286" lbRx="0" />
<p fId="3" fbTx="0.799282096" lbTx="0.79928218" tId="0" fbRx="0.809282096" lbRx="0.80928218" />
<p fId="0" fbTx="0.79928218" lbTx="0.799283055" tId="1" fbRx="0.79928218" lbRx="0.799283055" />
<p fId="1" fbTx="0.799283055" lbTx="0.79928393" tId="4" fbRx="0.799283055" lbRx="0.79928393" />
<p fId="3" fbTx="0.799382096" lbTx="0.79938218" tId="0" fbRx="0.809382096" lbRx="0.80938218" />
<p fId="0" fbTx="0.79938218" lbTx="0.799383055" tId="1" fbRx="0.79938218" lbRx="0.799383055" />
<p fId="1" fbTx="0.799383055" lbTx="0.79938393" tId="4" fbRx="0.799383055" lbRx="0.79938393" />
<p fId="3" fbTx="0.799482096" lbTx="0.79948218" tId="0" fbRx="0.809482096" lbRx="0.80948218" />
<p fId="0" fbTx="0.79948218" lbTx="0.799483055" tId="1" fbRx="0.79948218" lbRx="0.799483055" />
<p fId="1" fbTx="0.799483055" lbTx="0.79948393" tId="4" fbRx="0.799483055" lbRx="0.79948393" />
<p fId="3" fbTx="0.799582096" lbTx="0.79958218" tId="0" fbRx="0.809582096" lbRx="0.80958218" />
<p fId="0" fbTx="0.79958218" lbTx="0.799583055" tId="1" fbRx="0.79958218" lbRx="0.799583055" />
<p fId="1" fbTx="0.799583055" lbTx="0.79958393" tId="4" fbRx="0.799583055" lbRx="0.79958393" />
<p fId="3" fbTx="0.799682096" lbTx="0.79968218" tId="0" fbRx="0.809682096" lbRx="0.80968218" />
<p fId="0" fbTx="0.79968218" lbTx="0.799683055" tId="1" fbRx="0.79968218" lbRx="0.799683055" />
<p fId="1" fbTx="0.799683055" lbTx="0.79968393" tId="4" fbRx="0.799683055" lbRx="0.79968393" />
<p fId="3" fbTx="0.799782096" lbTx="0.79978218" tId="0" fbRx="0.809782096" lbRx="0.80978218" />
<p fId="0" fbTx="0.79978218" lbTx="0.799783055" tId="1" fbRx="0.79978218" lbRx="0.799783055" />
<p fId="1" fbTx="0.799783055" lbTx="0.79978393" tId="4" fbRx="0.799783055" lbRx="0.79978393" />
<p fId="3" fbTx="0.799882096" lbTx="0.79988218" tId="0" fbRx="0.809882096" lbRx="0.80988218" />
<p fId="0" fbTx="0.79988218" lbTx="0.799883055" tId="1" fbRx="0.79988218" lbRx="0.799883055" />
<p fId="1" fbTx="0.799883055" lbTx="0.79988393" tId="4" fbRx="0.799883055" lbRx="0.79988393" />
<p fId="3" fbTx="0.799982096" lbTx="0.79998218" tId="0" fbRx="0.809982096" lbRx="0.80998218" />
<p fId="0" fbTx="0.79998218" lbTx="0.799983055" tId="1" fbRx="0.79998218" lbRx="0.799983055" />
<p fId="1" fbTx="0.799983055" lbTx="0.79998393" tId="4" fbRx="0.799983055" lbRx="0.79998393" />
<p fId="3" fbTx="0.800082096" lbTx="0.80008218" tId="0" fbRx="0.810082096" lbRx="0.81008218" />
<p fId="0" fbTx="0.80008218" lbTx="0.800083055" tId="1" fbRx="0.80008218" lbRx="0.800083055" />
<p fId="1" fbTx="0.800083055" lbTx="0.80008393" tId="4" fbRx="0.800083055" lbRx="0.80008393" />
<p fId="3" fbTx="0.800182096" lbTx="0.80018218" tId="0" fbRx="0.810182096" lbRx="0.81018218" />
<p fId="0" fbTx="0.80018218" lbTx="0.800183055" tId="1" fbRx="0.80018218" lbRx="0.800183055" />
<p fId="1" fbTx="0.800183055" lbTx="0.80018393" tId="4" fbRx="0.800183055" lbRx="0.80018393" />
<pr uId="778" fId="4" fbTx="0.800214286" />
<wpr uId="778" tId="5" fbRx="0.800214286" lbRx="0" />
<wpr uId="778" tId="6" fbRx="0.800214286" lbRx="0" />
<p fId="3" fbTx="0.800282096" lbTx="0.80028218" tId="0" fbRx="0.810282096" lbRx="0.81028218" />
<p fId="0" fbTx="0.80028218" lbTx="0.800283055" tId="1" fbRx="0.80028218" lbRx="0.800283055" />
<p fId="1" fbTx="0.800283055" lbTx="0.80028393" tId="4" fbRx="0.800283055" lbRx="0.80028393" />
<p fId="3" fbTx="0.800382096" lbTx="0.80038218" tId="0" fbRx="0.810382096" lbRx="0.81038218" />
<p fId="0" fbTx="0.80038218" lbTx="0.800383055" tId="1" fbRx="0.80038218" lbRx="0.800383055" />
<p fId="1" fbTx="0.800383055" lbTx="0.80038393" tId="4" fbRx="0.800383055" lbRx="0.80038393" />
<p fId="3" fbTx="0.800482096" lbTx="0.80048218" tId="0" fbRx="0.810482096" lbRx="0.81048218" />
<p fId="0" fbTx="0.80048218" lbTx="0.800483055" tId="1" fbRx="0.80048218" lbRx="0.800483055" />
<p fId="1" fbTx="0.800483055" lbTx="0.80048393" tId="4" fbRx="0.800483055" lbRx="0.80048393" />
<p fId="3" fbTx="0.800582096" lbTx="0.80058218" tId="0" fbRx="0.810582096" lbRx="0.81058218" />
<p fId="0" fbTx="0.80058218" lbTx="0.800583055" tId="1" fbRx="0.80058218" lbRx="0.800583055" />
<p fId="1" fbTx="0.800583055" lbTx="0.80058393" tId="4" fbRx="0.800583055" lbRx="0.80058393" />
<p fId="3" fbTx="0.800682096" lbTx="0.80068218" tId="0" fbRx="0.810682096" lbRx="0.81068218" />
<p fId="0" fbTx="0.80068218" lbTx="0.800683055" tId="1" fbRx="0.80068218" lbRx="0.800683055" />
<p fId="1" fbTx="0.800683055" lbTx="0.80068393" tId="4" fbRx="0.800683055" lbRx="0.80068393" />
<p fId="3" fbTx="0.800782096" lbTx="0.80078218" tId="0" fbRx="0.810782096" lbRx="0.81078218" />
<p fId="0" fbTx="0.80078218" lbTx="0.800783055" tId="1" fbRx="0.80078218" lbRx="0.800783055" />
<p fId="1" fbTx="0.800783055" lbTx="0.80078393" tId="4" fbRx="0.800783055" lbRx="0.80078393" />
<p fId="3" fbTx="0.800882096" lbTx="0.80088218" tId="0" fbRx="0.810882096" lbRx="0.81088218" />
<p fId="0" fbTx="0.80088218" lbTx="0.800883055" tId="1" fbRx="0.80088218" lbRx="0.800883055" />
<p fId="1" fbTx="0.800883055" lbTx="0.80088393" tId="4" fbRx="0.800883055" lbRx="0.80088393" />
<p fId="3" fbTx="0.800982096" lbTx="0.80098218" tId="0" fbRx="0.810982096" lbRx="0.81098218" />
<p fId="0" fbTx="0.80098218" lbTx="0.800983055" tId="1" fbRx="0.80098218" lbRx="0.800983055" />
<p fId="1" fbTx="0.800983055" lbTx="0.80098393" tId="4" fbRx="0.800983055" lbRx="0.80098393" />
<p fId="3" fbTx="0.801082096" lbTx="0.80108218" tId="0" fbRx="0.811082096" lbRx="0.81108218" />
<p fId="0" fbTx="0.80108218" lbTx="0.801083055" tId="1" fbRx="0.80108218" lbRx="0.801083055" />
<p fId="1" fbTx="0.801083055" lbTx="0.80108393" tId="4" fbRx="0.801083055" lbRx="0.80108393" />
<p fId="3" fbTx="0.801182096" lbTx="0.80118218" tId="0" fbRx="0.811182096" lbRx="0.81118218" />
<p fId="0" fbTx="0.80118218" lbTx="0.801183055" tId="1" fbRx="0.80118218" lbRx="0.801183055" />
<p fId="1" fbTx="0.801183055" lbTx="0.80118393" tId="4" fbRx="0.801183055" lbRx="0.80118393" />
<pr uId="779" fId="4" fbTx="0.801214286" />
<wpr uId="779" tId="5" fbRx="0.801214286" lbRx="0" />
<wpr uId="779" tId="6" fbRx="0.801214286" lbRx="0" />
<p fId="3" fbTx="0.801282096" lbTx="0.80128218" tId="0" fbRx="0.811282096" lbRx="0.81128218" />
<p fId="0" fbTx="0.80128218" lbTx="0.801283055" tId="1" fbRx="0.80128218" lbRx="0.801283055" />
<p fId="1" fbTx="0.801283055" lbTx="0.80128393" tId="4" fbRx="0.801283055" lbRx="0.80128393" />
<p fId="3" fbTx="0.801382096" lbTx="0.80138218" tId="0" fbRx="0.811382096" lbRx="0.81138218" />
<p fId="0" fbTx="0.80138218" lbTx="0.801383055" tId="1" fbRx="0.80138218" lbRx="0.801383055" />
<p fId="1" fbTx="0.801383055" lbTx="0.80138393" tId="4" fbRx="0.801383055" lbRx="0.80138393" />
<p fId="3" fbTx="0.801482096" lbTx="0.80148218" tId="0" fbRx="0.811482096" lbRx="0.81148218" />
<p fId="0" fbTx="0.80148218" lbTx="0.801483055" tId="1" fbRx="0.80148218" lbRx="0.801483055" />
<p fId="1" fbTx="0.801483055" lbTx="0.80148393" tId="4" fbRx="0.801483055" lbRx="0.80148393" />
<p fId="3" fbTx="0.801582096" lbTx="0.80158218" tId="0" fbRx="0.811582096" lbRx="0.81158218" />
<p fId="0" fbTx="0.80158218" lbTx="0.801583055" tId="1" fbRx="0.80158218" lbRx="0.801583055" />
<p fId="1" fbTx="0.801583055" lbTx="0.80158393" tId="4" fbRx="0.801583055" lbRx="0.80158393" />
<p fId="3" fbTx="0.801682096" lbTx="0.80168218" tId="0" fbRx="0.811682096" lbRx="0.81168218" />
<p fId="0" fbTx="0.80168218" lbTx="0.801683055" tId="1" fbRx="0.80168218" lbRx="0.801683055" />
<p fId="1" fbTx="0.801683055" lbTx="0.80168393" tId="4" fbRx="0.801683055" lbRx="0.80168393" />
<p fId="3" fbTx="0.801782096" lbTx="0.80178218" tId="0" fbRx="0.811782096" lbRx="0.81178218" />
<p fId="0" fbTx="0.80178218" lbTx="0.801783055" tId="1" fbRx="0.80178218" lbRx="0.801783055" />
<p fId="1" fbTx="0.801783055" lbTx="0.80178393" tId="4" fbRx="0.801783055" lbRx="0.80178393" />
<p fId="3" fbTx="0.801882096" lbTx="0.80188218" tId="0" fbRx="0.811882096" lbRx="0.81188218" />
<p fId="0" fbTx="0.80188218" lbTx="0.801883055" tId="1" fbRx="0.80188218" lbRx="0.801883055" />
<p fId="1" fbTx="0.801883055" lbTx="0.80188393" tId="4" fbRx="0.801883055" lbRx="0.80188393" />
<p fId="3" fbTx="0.801982096" lbTx="0.80198218" tId="0" fbRx="0.811982096" lbRx="0.81198218" />
<p fId="0" fbTx="0.80198218" lbTx="0.801983055" tId="1" fbRx="0.80198218" lbRx="0.801983055" />
<p fId="1" fbTx="0.801983055" lbTx="0.80198393" tId="4" fbRx="0.801983055" lbRx="0.80198393" />
<p fId="3" fbTx="0.802082096" lbTx="0.80208218" tId="0" fbRx="0.812082096" lbRx="0.81208218" />
<p fId="0" fbTx="0.80208218" lbTx="0.802083055" tId="1" fbRx="0.80208218" lbRx="0.802083055" />
<p fId="1" fbTx="0.802083055" lbTx="0.80208393" tId="4" fbRx="0.802083055" lbRx="0.80208393" />
<p fId="3" fbTx="0.802182096" lbTx="0.80218218" tId="0" fbRx="0.812182096" lbRx="0.81218218" />
<p fId="0" fbTx="0.80218218" lbTx="0.802183055" tId="1" fbRx="0.80218218" lbRx="0.802183055" />
<p fId="1" fbTx="0.802183055" lbTx="0.80218393" tId="4" fbRx="0.802183055" lbRx="0.80218393" />
<pr uId="780" fId="4" fbTx="0.802214286" />
<wpr uId="780" tId="5" fbRx="0.802214286" lbRx="0" />
<wpr uId="780" tId="6" fbRx="0.802214286" lbRx="0" />
<p fId="3" fbTx="0.802282096" lbTx="0.80228218" tId="0" fbRx="0.812282096" lbRx="0.81228218" />
<p fId="0" fbTx="0.80228218" lbTx="0.802283055" tId="1" fbRx="0.80228218" lbRx="0.802283055" />
<p fId="1" fbTx="0.802283055" lbTx="0.80228393" tId="4" fbRx="0.802283055" lbRx="0.80228393" />
<p fId="3" fbTx="0.802382096" lbTx="0.80238218" tId="0" fbRx="0.812382096" lbRx="0.81238218" />
<p fId="0" fbTx="0.80238218" lbTx="0.802383055" tId="1" fbRx="0.80238218" lbRx="0.802383055" />
<p fId="1" fbTx="0.802383055" lbTx="0.80238393" tId="4" fbRx="0.802383055" lbRx="0.80238393" />
<p fId="3" fbTx="0.802482096" lbTx="0.80248218" tId="0" fbRx="0.812482096" lbRx="0.81248218" />
<p fId="0" fbTx="0.80248218" lbTx="0.802483055" tId="1" fbRx="0.80248218" lbRx="0.802483055" />
<p fId="1" fbTx="0.802483055" lbTx="0.80248393" tId="4" fbRx="0.802483055" lbRx="0.80248393" />
<p fId="3" fbTx="0.802582096" lbTx="0.80258218" tId="0" fbRx="0.812582096" lbRx="0.81258218" />
<p fId="0" fbTx="0.80258218" lbTx="0.802583055" tId="1" fbRx="0.80258218" lbRx="0.802583055" />
<p fId="1" fbTx="0.802583055" lbTx="0.80258393" tId="4" fbRx="0.802583055" lbRx="0.80258393" />
<p fId="3" fbTx="0.802682096" lbTx="0.80268218" tId="0" fbRx="0.812682096" lbRx="0.81268218" />
<p fId="0" fbTx="0.80268218" lbTx="0.802683055" tId="1" fbRx="0.80268218" lbRx="0.802683055" />
<p fId="1" fbTx="0.802683055" lbTx="0.80268393" tId="4" fbRx="0.802683055" lbRx="0.80268393" />
<p fId="3" fbTx="0.802782096" lbTx="0.80278218" tId="0" fbRx="0.812782096" lbRx="0.81278218" />
<p fId="0" fbTx="0.80278218" lbTx="0.802783055" tId="1" fbRx="0.80278218" lbRx="0.802783055" />
<p fId="1" fbTx="0.802783055" lbTx="0.80278393" tId="4" fbRx="0.802783055" lbRx="0.80278393" />
<p fId="3" fbTx="0.802882096" lbTx="0.80288218" tId="0" fbRx="0.812882096" lbRx="0.81288218" />
<p fId="0" fbTx="0.80288218" lbTx="0.802883055" tId="1" fbRx="0.80288218" lbRx="0.802883055" />
<p fId="1" fbTx="0.802883055" lbTx="0.80288393" tId="4" fbRx="0.802883055" lbRx="0.80288393" />
<p fId="3" fbTx="0.802982096" lbTx="0.80298218" tId="0" fbRx="0.812982096" lbRx="0.81298218" />
<p fId="0" fbTx="0.80298218" lbTx="0.802983055" tId="1" fbRx="0.80298218" lbRx="0.802983055" />
<p fId="1" fbTx="0.802983055" lbTx="0.80298393" tId="4" fbRx="0.802983055" lbRx="0.80298393" />
<p fId="3" fbTx="0.803082096" lbTx="0.80308218" tId="0" fbRx="0.813082096" lbRx="0.81308218" />
<p fId="0" fbTx="0.80308218" lbTx="0.803083055" tId="1" fbRx="0.80308218" lbRx="0.803083055" />
<p fId="1" fbTx="0.803083055" lbTx="0.80308393" tId="4" fbRx="0.803083055" lbRx="0.80308393" />
<p fId="3" fbTx="0.803182096" lbTx="0.80318218" tId="0" fbRx="0.813182096" lbRx="0.81318218" />
<p fId="0" fbTx="0.80318218" lbTx="0.803183055" tId="1" fbRx="0.80318218" lbRx="0.803183055" />
<p fId="1" fbTx="0.803183055" lbTx="0.80318393" tId="4" fbRx="0.803183055" lbRx="0.80318393" />
<pr uId="781" fId="4" fbTx="0.803214286" />
<wpr uId="781" tId="5" fbRx="0.803214286" lbRx="0" />
<wpr uId="781" tId="6" fbRx="0.803214286" lbRx="0" />
<p fId="3" fbTx="0.803282096" lbTx="0.80328218" tId="0" fbRx="0.813282096" lbRx="0.81328218" />
<p fId="0" fbTx="0.80328218" lbTx="0.803283055" tId="1" fbRx="0.80328218" lbRx="0.803283055" />
<p fId="1" fbTx="0.803283055" lbTx="0.80328393" tId="4" fbRx="0.803283055" lbRx="0.80328393" />
<p fId="3" fbTx="0.803382096" lbTx="0.80338218" tId="0" fbRx="0.813382096" lbRx="0.81338218" />
<p fId="0" fbTx="0.80338218" lbTx="0.803383055" tId="1" fbRx="0.80338218" lbRx="0.803383055" />
<p fId="1" fbTx="0.803383055" lbTx="0.80338393" tId="4" fbRx="0.803383055" lbRx="0.80338393" />
<p fId="3" fbTx="0.803482096" lbTx="0.80348218" tId="0" fbRx="0.813482096" lbRx="0.81348218" />
<p fId="0" fbTx="0.80348218" lbTx="0.803483055" tId="1" fbRx="0.80348218" lbRx="0.803483055" />
<p fId="1" fbTx="0.803483055" lbTx="0.80348393" tId="4" fbRx="0.803483055" lbRx="0.80348393" />
<p fId="3" fbTx="0.803582096" lbTx="0.80358218" tId="0" fbRx="0.813582096" lbRx="0.81358218" />
<p fId="0" fbTx="0.80358218" lbTx="0.803583055" tId="1" fbRx="0.80358218" lbRx="0.803583055" />
<p fId="1" fbTx="0.803583055" lbTx="0.80358393" tId="4" fbRx="0.803583055" lbRx="0.80358393" />
<p fId="3" fbTx="0.803682096" lbTx="0.80368218" tId="0" fbRx="0.813682096" lbRx="0.81368218" />
<p fId="0" fbTx="0.80368218" lbTx="0.803683055" tId="1" fbRx="0.80368218" lbRx="0.803683055" />
<p fId="1" fbTx="0.803683055" lbTx="0.80368393" tId="4" fbRx="0.803683055" lbRx="0.80368393" />
<p fId="3" fbTx="0.803782096" lbTx="0.80378218" tId="0" fbRx="0.813782096" lbRx="0.81378218" />
<p fId="0" fbTx="0.80378218" lbTx="0.803783055" tId="1" fbRx="0.80378218" lbRx="0.803783055" />
<p fId="1" fbTx="0.803783055" lbTx="0.80378393" tId="4" fbRx="0.803783055" lbRx="0.80378393" />
<p fId="3" fbTx="0.803882096" lbTx="0.80388218" tId="0" fbRx="0.813882096" lbRx="0.81388218" />
<p fId="0" fbTx="0.80388218" lbTx="0.803883055" tId="1" fbRx="0.80388218" lbRx="0.803883055" />
<p fId="1" fbTx="0.803883055" lbTx="0.80388393" tId="4" fbRx="0.803883055" lbRx="0.80388393" />
<p fId="3" fbTx="0.803982096" lbTx="0.80398218" tId="0" fbRx="0.813982096" lbRx="0.81398218" />
<p fId="0" fbTx="0.80398218" lbTx="0.803983055" tId="1" fbRx="0.80398218" lbRx="0.803983055" />
<p fId="1" fbTx="0.803983055" lbTx="0.80398393" tId="4" fbRx="0.803983055" lbRx="0.80398393" />
<p fId="3" fbTx="0.804082096" lbTx="0.80408218" tId="0" fbRx="0.814082096" lbRx="0.81408218" />
<p fId="0" fbTx="0.80408218" lbTx="0.804083055" tId="1" fbRx="0.80408218" lbRx="0.804083055" />
<p fId="1" fbTx="0.804083055" lbTx="0.80408393" tId="4" fbRx="0.804083055" lbRx="0.80408393" />
<p fId="3" fbTx="0.804182096" lbTx="0.80418218" tId="0" fbRx="0.814182096" lbRx="0.81418218" />
<p fId="0" fbTx="0.80418218" lbTx="0.804183055" tId="1" fbRx="0.80418218" lbRx="0.804183055" />
<p fId="1" fbTx="0.804183055" lbTx="0.80418393" tId="4" fbRx="0.804183055" lbRx="0.80418393" />
<pr uId="782" fId="4" fbTx="0.804214286" />
<wpr uId="782" tId="5" fbRx="0.804214286" lbRx="0" />
<wpr uId="782" tId="6" fbRx="0.804214286" lbRx="0" />
<p fId="3" fbTx="0.804282096" lbTx="0.80428218" tId="0" fbRx="0.814282096" lbRx="0.81428218" />
<p fId="0" fbTx="0.80428218" lbTx="0.804283055" tId="1" fbRx="0.80428218" lbRx="0.804283055" />
<p fId="1" fbTx="0.804283055" lbTx="0.80428393" tId="4" fbRx="0.804283055" lbRx="0.80428393" />
<p fId="3" fbTx="0.804382096" lbTx="0.80438218" tId="0" fbRx="0.814382096" lbRx="0.81438218" />
<p fId="0" fbTx="0.80438218" lbTx="0.804383055" tId="1" fbRx="0.80438218" lbRx="0.804383055" />
<p fId="1" fbTx="0.804383055" lbTx="0.80438393" tId="4" fbRx="0.804383055" lbRx="0.80438393" />
<p fId="3" fbTx="0.804482096" lbTx="0.80448218" tId="0" fbRx="0.814482096" lbRx="0.81448218" />
<p fId="0" fbTx="0.80448218" lbTx="0.804483055" tId="1" fbRx="0.80448218" lbRx="0.804483055" />
<p fId="1" fbTx="0.804483055" lbTx="0.80448393" tId="4" fbRx="0.804483055" lbRx="0.80448393" />
<p fId="3" fbTx="0.804582096" lbTx="0.80458218" tId="0" fbRx="0.814582096" lbRx="0.81458218" />
<p fId="0" fbTx="0.80458218" lbTx="0.804583055" tId="1" fbRx="0.80458218" lbRx="0.804583055" />
<p fId="1" fbTx="0.804583055" lbTx="0.80458393" tId="4" fbRx="0.804583055" lbRx="0.80458393" />
<p fId="3" fbTx="0.804682096" lbTx="0.80468218" tId="0" fbRx="0.814682096" lbRx="0.81468218" />
<p fId="0" fbTx="0.80468218" lbTx="0.804683055" tId="1" fbRx="0.80468218" lbRx="0.804683055" />
<p fId="1" fbTx="0.804683055" lbTx="0.80468393" tId="4" fbRx="0.804683055" lbRx="0.80468393" />
<p fId="3" fbTx="0.804782096" lbTx="0.80478218" tId="0" fbRx="0.814782096" lbRx="0.81478218" />
<p fId="0" fbTx="0.80478218" lbTx="0.804783055" tId="1" fbRx="0.80478218" lbRx="0.804783055" />
<p fId="1" fbTx="0.804783055" lbTx="0.80478393" tId="4" fbRx="0.804783055" lbRx="0.80478393" />
<p fId="3" fbTx="0.804882096" lbTx="0.80488218" tId="0" fbRx="0.814882096" lbRx="0.81488218" />
<p fId="0" fbTx="0.80488218" lbTx="0.804883055" tId="1" fbRx="0.80488218" lbRx="0.804883055" />
<p fId="1" fbTx="0.804883055" lbTx="0.80488393" tId="4" fbRx="0.804883055" lbRx="0.80488393" />
<p fId="3" fbTx="0.804982096" lbTx="0.80498218" tId="0" fbRx="0.814982096" lbRx="0.81498218" />
<p fId="0" fbTx="0.80498218" lbTx="0.804983055" tId="1" fbRx="0.80498218" lbRx="0.804983055" />
<p fId="1" fbTx="0.804983055" lbTx="0.80498393" tId="4" fbRx="0.804983055" lbRx="0.80498393" />
<p fId="3" fbTx="0.805082096" lbTx="0.80508218" tId="0" fbRx="0.815082096" lbRx="0.81508218" />
<p fId="0" fbTx="0.80508218" lbTx="0.805083055" tId="1" fbRx="0.80508218" lbRx="0.805083055" />
<p fId="1" fbTx="0.805083055" lbTx="0.80508393" tId="4" fbRx="0.805083055" lbRx="0.80508393" />
<p fId="3" fbTx="0.805182096" lbTx="0.80518218" tId="0" fbRx="0.815182096" lbRx="0.81518218" />
<p fId="0" fbTx="0.80518218" lbTx="0.805183055" tId="1" fbRx="0.80518218" lbRx="0.805183055" />
<p fId="1" fbTx="0.805183055" lbTx="0.80518393" tId="4" fbRx="0.805183055" lbRx="0.80518393" />
<pr uId="783" fId="4" fbTx="0.805214286" />
<wpr uId="783" tId="5" fbRx="0.805214286" lbRx="0" />
<wpr uId="783" tId="6" fbRx="0.805214286" lbRx="0" />
<p fId="3" fbTx="0.805282096" lbTx="0.80528218" tId="0" fbRx="0.815282096" lbRx="0.81528218" />
<p fId="0" fbTx="0.80528218" lbTx="0.805283055" tId="1" fbRx="0.80528218" lbRx="0.805283055" />
<p fId="1" fbTx="0.805283055" lbTx="0.80528393" tId="4" fbRx="0.805283055" lbRx="0.80528393" />
<p fId="3" fbTx="0.805382096" lbTx="0.80538218" tId="0" fbRx="0.815382096" lbRx="0.81538218" />
<p fId="0" fbTx="0.80538218" lbTx="0.805383055" tId="1" fbRx="0.80538218" lbRx="0.805383055" />
<p fId="1" fbTx="0.805383055" lbTx="0.80538393" tId="4" fbRx="0.805383055" lbRx="0.80538393" />
<p fId="3" fbTx="0.805482096" lbTx="0.80548218" tId="0" fbRx="0.815482096" lbRx="0.81548218" />
<p fId="0" fbTx="0.80548218" lbTx="0.805483055" tId="1" fbRx="0.80548218" lbRx="0.805483055" />
<p fId="1" fbTx="0.805483055" lbTx="0.80548393" tId="4" fbRx="0.805483055" lbRx="0.80548393" />
<p fId="3" fbTx="0.805582096" lbTx="0.80558218" tId="0" fbRx="0.815582096" lbRx="0.81558218" />
<p fId="0" fbTx="0.80558218" lbTx="0.805583055" tId="1" fbRx="0.80558218" lbRx="0.805583055" />
<p fId="1" fbTx="0.805583055" lbTx="0.80558393" tId="4" fbRx="0.805583055" lbRx="0.80558393" />
<p fId="3" fbTx="0.805682096" lbTx="0.80568218" tId="0" fbRx="0.815682096" lbRx="0.81568218" />
<p fId="0" fbTx="0.80568218" lbTx="0.805683055" tId="1" fbRx="0.80568218" lbRx="0.805683055" />
<p fId="1" fbTx="0.805683055" lbTx="0.80568393" tId="4" fbRx="0.805683055" lbRx="0.80568393" />
<p fId="3" fbTx="0.805782096" lbTx="0.80578218" tId="0" fbRx="0.815782096" lbRx="0.81578218" />
<p fId="0" fbTx="0.80578218" lbTx="0.805783055" tId="1" fbRx="0.80578218" lbRx="0.805783055" />
<p fId="1" fbTx="0.805783055" lbTx="0.80578393" tId="4" fbRx="0.805783055" lbRx="0.80578393" />
<p fId="3" fbTx="0.805882096" lbTx="0.80588218" tId="0" fbRx="0.815882096" lbRx="0.81588218" />
<p fId="0" fbTx="0.80588218" lbTx="0.805883055" tId="1" fbRx="0.80588218" lbRx="0.805883055" />
<p fId="1" fbTx="0.805883055" lbTx="0.80588393" tId="4" fbRx="0.805883055" lbRx="0.80588393" />
<p fId="3" fbTx="0.805982096" lbTx="0.80598218" tId="0" fbRx="0.815982096" lbRx="0.81598218" />
<p fId="0" fbTx="0.80598218" lbTx="0.805983055" tId="1" fbRx="0.80598218" lbRx="0.805983055" />
<p fId="1" fbTx="0.805983055" lbTx="0.80598393" tId="4" fbRx="0.805983055" lbRx="0.80598393" />
<p fId="3" fbTx="0.806082096" lbTx="0.80608218" tId="0" fbRx="0.816082096" lbRx="0.81608218" />
<p fId="0" fbTx="0.80608218" lbTx="0.806083055" tId="1" fbRx="0.80608218" lbRx="0.806083055" />
<p fId="1" fbTx="0.806083055" lbTx="0.80608393" tId="4" fbRx="0.806083055" lbRx="0.80608393" />
<p fId="3" fbTx="0.806182096" lbTx="0.80618218" tId="0" fbRx="0.816182096" lbRx="0.81618218" />
<p fId="0" fbTx="0.80618218" lbTx="0.806183055" tId="1" fbRx="0.80618218" lbRx="0.806183055" />
<p fId="1" fbTx="0.806183055" lbTx="0.80618393" tId="4" fbRx="0.806183055" lbRx="0.80618393" />
<pr uId="784" fId="4" fbTx="0.806214286" />
<wpr uId="784" tId="5" fbRx="0.806214286" lbRx="0" />
<wpr uId="784" tId="6" fbRx="0.806214286" lbRx="0" />
<p fId="3" fbTx="0.806282096" lbTx="0.80628218" tId="0" fbRx="0.816282096" lbRx="0.81628218" />
<p fId="0" fbTx="0.80628218" lbTx="0.806283055" tId="1" fbRx="0.80628218" lbRx="0.806283055" />
<p fId="1" fbTx="0.806283055" lbTx="0.80628393" tId="4" fbRx="0.806283055" lbRx="0.80628393" />
<p fId="3" fbTx="0.806382096" lbTx="0.80638218" tId="0" fbRx="0.816382096" lbRx="0.81638218" />
<p fId="0" fbTx="0.80638218" lbTx="0.806383055" tId="1" fbRx="0.80638218" lbRx="0.806383055" />
<p fId="1" fbTx="0.806383055" lbTx="0.80638393" tId="4" fbRx="0.806383055" lbRx="0.80638393" />
<p fId="3" fbTx="0.806482096" lbTx="0.80648218" tId="0" fbRx="0.816482096" lbRx="0.81648218" />
<p fId="0" fbTx="0.80648218" lbTx="0.806483055" tId="1" fbRx="0.80648218" lbRx="0.806483055" />
<p fId="1" fbTx="0.806483055" lbTx="0.80648393" tId="4" fbRx="0.806483055" lbRx="0.80648393" />
<p fId="3" fbTx="0.806582096" lbTx="0.80658218" tId="0" fbRx="0.816582096" lbRx="0.81658218" />
<p fId="0" fbTx="0.80658218" lbTx="0.806583055" tId="1" fbRx="0.80658218" lbRx="0.806583055" />
<p fId="1" fbTx="0.806583055" lbTx="0.80658393" tId="4" fbRx="0.806583055" lbRx="0.80658393" />
<p fId="3" fbTx="0.806682096" lbTx="0.80668218" tId="0" fbRx="0.816682096" lbRx="0.81668218" />
<p fId="0" fbTx="0.80668218" lbTx="0.806683055" tId="1" fbRx="0.80668218" lbRx="0.806683055" />
<p fId="1" fbTx="0.806683055" lbTx="0.80668393" tId="4" fbRx="0.806683055" lbRx="0.80668393" />
<p fId="3" fbTx="0.806782096" lbTx="0.80678218" tId="0" fbRx="0.816782096" lbRx="0.81678218" />
<p fId="0" fbTx="0.80678218" lbTx="0.806783055" tId="1" fbRx="0.80678218" lbRx="0.806783055" />
<p fId="1" fbTx="0.806783055" lbTx="0.80678393" tId="4" fbRx="0.806783055" lbRx="0.80678393" />
<p fId="3" fbTx="0.806882096" lbTx="0.80688218" tId="0" fbRx="0.816882096" lbRx="0.81688218" />
<p fId="0" fbTx="0.80688218" lbTx="0.806883055" tId="1" fbRx="0.80688218" lbRx="0.806883055" />
<p fId="1" fbTx="0.806883055" lbTx="0.80688393" tId="4" fbRx="0.806883055" lbRx="0.80688393" />
<p fId="3" fbTx="0.806982096" lbTx="0.80698218" tId="0" fbRx="0.816982096" lbRx="0.81698218" />
<p fId="0" fbTx="0.80698218" lbTx="0.806983055" tId="1" fbRx="0.80698218" lbRx="0.806983055" />
<p fId="1" fbTx="0.806983055" lbTx="0.80698393" tId="4" fbRx="0.806983055" lbRx="0.80698393" />
<p fId="3" fbTx="0.807082096" lbTx="0.80708218" tId="0" fbRx="0.817082096" lbRx="0.81708218" />
<p fId="0" fbTx="0.80708218" lbTx="0.807083055" tId="1" fbRx="0.80708218" lbRx="0.807083055" />
<p fId="1" fbTx="0.807083055" lbTx="0.80708393" tId="4" fbRx="0.807083055" lbRx="0.80708393" />
<p fId="3" fbTx="0.807182096" lbTx="0.80718218" tId="0" fbRx="0.817182096" lbRx="0.81718218" />
<p fId="0" fbTx="0.80718218" lbTx="0.807183055" tId="1" fbRx="0.80718218" lbRx="0.807183055" />
<p fId="1" fbTx="0.807183055" lbTx="0.80718393" tId="4" fbRx="0.807183055" lbRx="0.80718393" />
<pr uId="785" fId="4" fbTx="0.807214286" />
<wpr uId="785" tId="5" fbRx="0.807214286" lbRx="0" />
<wpr uId="785" tId="6" fbRx="0.807214286" lbRx="0" />
<p fId="3" fbTx="0.807282096" lbTx="0.80728218" tId="0" fbRx="0.817282096" lbRx="0.81728218" />
<p fId="0" fbTx="0.80728218" lbTx="0.807283055" tId="1" fbRx="0.80728218" lbRx="0.807283055" />
<p fId="1" fbTx="0.807283055" lbTx="0.80728393" tId="4" fbRx="0.807283055" lbRx="0.80728393" />
<p fId="3" fbTx="0.807382096" lbTx="0.80738218" tId="0" fbRx="0.817382096" lbRx="0.81738218" />
<p fId="0" fbTx="0.80738218" lbTx="0.807383055" tId="1" fbRx="0.80738218" lbRx="0.807383055" />
<p fId="1" fbTx="0.807383055" lbTx="0.80738393" tId="4" fbRx="0.807383055" lbRx="0.80738393" />
<p fId="3" fbTx="0.807482096" lbTx="0.80748218" tId="0" fbRx="0.817482096" lbRx="0.81748218" />
<p fId="0" fbTx="0.80748218" lbTx="0.807483055" tId="1" fbRx="0.80748218" lbRx="0.807483055" />
<p fId="1" fbTx="0.807483055" lbTx="0.80748393" tId="4" fbRx="0.807483055" lbRx="0.80748393" />
<p fId="3" fbTx="0.807582096" lbTx="0.80758218" tId="0" fbRx="0.817582096" lbRx="0.81758218" />
<p fId="0" fbTx="0.80758218" lbTx="0.807583055" tId="1" fbRx="0.80758218" lbRx="0.807583055" />
<p fId="1" fbTx="0.807583055" lbTx="0.80758393" tId="4" fbRx="0.807583055" lbRx="0.80758393" />
<p fId="3" fbTx="0.807682096" lbTx="0.80768218" tId="0" fbRx="0.817682096" lbRx="0.81768218" />
<p fId="0" fbTx="0.80768218" lbTx="0.807683055" tId="1" fbRx="0.80768218" lbRx="0.807683055" />
<p fId="1" fbTx="0.807683055" lbTx="0.80768393" tId="4" fbRx="0.807683055" lbRx="0.80768393" />
<p fId="3" fbTx="0.807782096" lbTx="0.80778218" tId="0" fbRx="0.817782096" lbRx="0.81778218" />
<p fId="0" fbTx="0.80778218" lbTx="0.807783055" tId="1" fbRx="0.80778218" lbRx="0.807783055" />
<p fId="1" fbTx="0.807783055" lbTx="0.80778393" tId="4" fbRx="0.807783055" lbRx="0.80778393" />
<p fId="3" fbTx="0.807882096" lbTx="0.80788218" tId="0" fbRx="0.817882096" lbRx="0.81788218" />
<p fId="0" fbTx="0.80788218" lbTx="0.807883055" tId="1" fbRx="0.80788218" lbRx="0.807883055" />
<p fId="1" fbTx="0.807883055" lbTx="0.80788393" tId="4" fbRx="0.807883055" lbRx="0.80788393" />
<p fId="3" fbTx="0.807982096" lbTx="0.80798218" tId="0" fbRx="0.817982096" lbRx="0.81798218" />
<p fId="0" fbTx="0.80798218" lbTx="0.807983055" tId="1" fbRx="0.80798218" lbRx="0.807983055" />
<p fId="1" fbTx="0.807983055" lbTx="0.80798393" tId="4" fbRx="0.807983055" lbRx="0.80798393" />
<p fId="3" fbTx="0.808082096" lbTx="0.80808218" tId="0" fbRx="0.818082096" lbRx="0.81808218" />
<p fId="0" fbTx="0.80808218" lbTx="0.808083055" tId="1" fbRx="0.80808218" lbRx="0.808083055" />
<p fId="1" fbTx="0.808083055" lbTx="0.80808393" tId="4" fbRx="0.808083055" lbRx="0.80808393" />
<p fId="3" fbTx="0.808182096" lbTx="0.80818218" tId="0" fbRx="0.818182096" lbRx="0.81818218" />
<p fId="0" fbTx="0.80818218" lbTx="0.808183055" tId="1" fbRx="0.80818218" lbRx="0.808183055" />
<p fId="1" fbTx="0.808183055" lbTx="0.80818393" tId="4" fbRx="0.808183055" lbRx="0.80818393" />
<pr uId="786" fId="4" fbTx="0.808214286" />
<wpr uId="786" tId="5" fbRx="0.808214286" lbRx="0" />
<wpr uId="786" tId="6" fbRx="0.808214286" lbRx="0" />
<p fId="3" fbTx="0.808282096" lbTx="0.80828218" tId="0" fbRx="0.818282096" lbRx="0.81828218" />
<p fId="0" fbTx="0.80828218" lbTx="0.808283055" tId="1" fbRx="0.80828218" lbRx="0.808283055" />
<p fId="1" fbTx="0.808283055" lbTx="0.80828393" tId="4" fbRx="0.808283055" lbRx="0.80828393" />
<p fId="3" fbTx="0.808382096" lbTx="0.80838218" tId="0" fbRx="0.818382096" lbRx="0.81838218" />
<p fId="0" fbTx="0.80838218" lbTx="0.808383055" tId="1" fbRx="0.80838218" lbRx="0.808383055" />
<p fId="1" fbTx="0.808383055" lbTx="0.80838393" tId="4" fbRx="0.808383055" lbRx="0.80838393" />
<p fId="3" fbTx="0.808482096" lbTx="0.80848218" tId="0" fbRx="0.818482096" lbRx="0.81848218" />
<p fId="0" fbTx="0.80848218" lbTx="0.808483055" tId="1" fbRx="0.80848218" lbRx="0.808483055" />
<p fId="1" fbTx="0.808483055" lbTx="0.80848393" tId="4" fbRx="0.808483055" lbRx="0.80848393" />
<p fId="3" fbTx="0.808582096" lbTx="0.80858218" tId="0" fbRx="0.818582096" lbRx="0.81858218" />
<p fId="0" fbTx="0.80858218" lbTx="0.808583055" tId="1" fbRx="0.80858218" lbRx="0.808583055" />
<p fId="1" fbTx="0.808583055" lbTx="0.80858393" tId="4" fbRx="0.808583055" lbRx="0.80858393" />
<p fId="3" fbTx="0.808682096" lbTx="0.80868218" tId="0" fbRx="0.818682096" lbRx="0.81868218" />
<p fId="0" fbTx="0.80868218" lbTx="0.808683055" tId="1" fbRx="0.80868218" lbRx="0.808683055" />
<p fId="1" fbTx="0.808683055" lbTx="0.80868393" tId="4" fbRx="0.808683055" lbRx="0.80868393" />
<p fId="3" fbTx="0.808782096" lbTx="0.80878218" tId="0" fbRx="0.818782096" lbRx="0.81878218" />
<p fId="0" fbTx="0.80878218" lbTx="0.808783055" tId="1" fbRx="0.80878218" lbRx="0.808783055" />
<p fId="1" fbTx="0.808783055" lbTx="0.80878393" tId="4" fbRx="0.808783055" lbRx="0.80878393" />
<p fId="3" fbTx="0.808882096" lbTx="0.80888218" tId="0" fbRx="0.818882096" lbRx="0.81888218" />
<p fId="0" fbTx="0.80888218" lbTx="0.808883055" tId="1" fbRx="0.80888218" lbRx="0.808883055" />
<p fId="1" fbTx="0.808883055" lbTx="0.80888393" tId="4" fbRx="0.808883055" lbRx="0.80888393" />
<p fId="3" fbTx="0.808982096" lbTx="0.80898218" tId="0" fbRx="0.818982096" lbRx="0.81898218" />
<p fId="0" fbTx="0.80898218" lbTx="0.808983055" tId="1" fbRx="0.80898218" lbRx="0.808983055" />
<p fId="1" fbTx="0.808983055" lbTx="0.80898393" tId="4" fbRx="0.808983055" lbRx="0.80898393" />
<p fId="3" fbTx="0.809082096" lbTx="0.80908218" tId="0" fbRx="0.819082096" lbRx="0.81908218" />
<p fId="0" fbTx="0.80908218" lbTx="0.809083055" tId="1" fbRx="0.80908218" lbRx="0.809083055" />
<p fId="1" fbTx="0.809083055" lbTx="0.80908393" tId="4" fbRx="0.809083055" lbRx="0.80908393" />
<p fId="3" fbTx="0.809182096" lbTx="0.80918218" tId="0" fbRx="0.819182096" lbRx="0.81918218" />
<p fId="0" fbTx="0.80918218" lbTx="0.809183055" tId="1" fbRx="0.80918218" lbRx="0.809183055" />
<p fId="1" fbTx="0.809183055" lbTx="0.80918393" tId="4" fbRx="0.809183055" lbRx="0.80918393" />
<pr uId="787" fId="4" fbTx="0.809214286" />
<wpr uId="787" tId="5" fbRx="0.809214286" lbRx="0" />
<wpr uId="787" tId="6" fbRx="0.809214286" lbRx="0" />
<p fId="3" fbTx="0.809282096" lbTx="0.80928218" tId="0" fbRx="0.819282096" lbRx="0.81928218" />
<p fId="0" fbTx="0.80928218" lbTx="0.809283055" tId="1" fbRx="0.80928218" lbRx="0.809283055" />
<p fId="1" fbTx="0.809283055" lbTx="0.80928393" tId="4" fbRx="0.809283055" lbRx="0.80928393" />
<p fId="3" fbTx="0.809382096" lbTx="0.80938218" tId="0" fbRx="0.819382096" lbRx="0.81938218" />
<p fId="0" fbTx="0.80938218" lbTx="0.809383055" tId="1" fbRx="0.80938218" lbRx="0.809383055" />
<p fId="1" fbTx="0.809383055" lbTx="0.80938393" tId="4" fbRx="0.809383055" lbRx="0.80938393" />
<p fId="3" fbTx="0.809482096" lbTx="0.80948218" tId="0" fbRx="0.819482096" lbRx="0.81948218" />
<p fId="0" fbTx="0.80948218" lbTx="0.809483055" tId="1" fbRx="0.80948218" lbRx="0.809483055" />
<p fId="1" fbTx="0.809483055" lbTx="0.80948393" tId="4" fbRx="0.809483055" lbRx="0.80948393" />
<p fId="3" fbTx="0.809582096" lbTx="0.80958218" tId="0" fbRx="0.819582096" lbRx="0.81958218" />
<p fId="0" fbTx="0.80958218" lbTx="0.809583055" tId="1" fbRx="0.80958218" lbRx="0.809583055" />
<p fId="1" fbTx="0.809583055" lbTx="0.80958393" tId="4" fbRx="0.809583055" lbRx="0.80958393" />
<p fId="3" fbTx="0.809682096" lbTx="0.80968218" tId="0" fbRx="0.819682096" lbRx="0.81968218" />
<p fId="0" fbTx="0.80968218" lbTx="0.809683055" tId="1" fbRx="0.80968218" lbRx="0.809683055" />
<p fId="1" fbTx="0.809683055" lbTx="0.80968393" tId="4" fbRx="0.809683055" lbRx="0.80968393" />
<p fId="3" fbTx="0.809782096" lbTx="0.80978218" tId="0" fbRx="0.819782096" lbRx="0.81978218" />
<p fId="0" fbTx="0.80978218" lbTx="0.809783055" tId="1" fbRx="0.80978218" lbRx="0.809783055" />
<p fId="1" fbTx="0.809783055" lbTx="0.80978393" tId="4" fbRx="0.809783055" lbRx="0.80978393" />
<p fId="3" fbTx="0.809882096" lbTx="0.80988218" tId="0" fbRx="0.819882096" lbRx="0.81988218" />
<p fId="0" fbTx="0.80988218" lbTx="0.809883055" tId="1" fbRx="0.80988218" lbRx="0.809883055" />
<p fId="1" fbTx="0.809883055" lbTx="0.80988393" tId="4" fbRx="0.809883055" lbRx="0.80988393" />
<p fId="3" fbTx="0.809982096" lbTx="0.80998218" tId="0" fbRx="0.819982096" lbRx="0.81998218" />
<p fId="0" fbTx="0.80998218" lbTx="0.809983055" tId="1" fbRx="0.80998218" lbRx="0.809983055" />
<p fId="1" fbTx="0.809983055" lbTx="0.80998393" tId="4" fbRx="0.809983055" lbRx="0.80998393" />
<p fId="3" fbTx="0.810082096" lbTx="0.81008218" tId="0" fbRx="0.820082096" lbRx="0.82008218" />
<p fId="0" fbTx="0.81008218" lbTx="0.810083055" tId="1" fbRx="0.81008218" lbRx="0.810083055" />
<p fId="1" fbTx="0.810083055" lbTx="0.81008393" tId="4" fbRx="0.810083055" lbRx="0.81008393" />
<p fId="3" fbTx="0.810182096" lbTx="0.81018218" tId="0" fbRx="0.820182096" lbRx="0.82018218" />
<p fId="0" fbTx="0.81018218" lbTx="0.810183055" tId="1" fbRx="0.81018218" lbRx="0.810183055" />
<p fId="1" fbTx="0.810183055" lbTx="0.81018393" tId="4" fbRx="0.810183055" lbRx="0.81018393" />
<pr uId="788" fId="4" fbTx="0.810214286" />
<wpr uId="788" tId="5" fbRx="0.810214286" lbRx="0" />
<wpr uId="788" tId="6" fbRx="0.810214286" lbRx="0" />
<p fId="3" fbTx="0.810282096" lbTx="0.81028218" tId="0" fbRx="0.820282096" lbRx="0.82028218" />
<p fId="0" fbTx="0.81028218" lbTx="0.810283055" tId="1" fbRx="0.81028218" lbRx="0.810283055" />
<p fId="1" fbTx="0.810283055" lbTx="0.81028393" tId="4" fbRx="0.810283055" lbRx="0.81028393" />
<p fId="3" fbTx="0.810382096" lbTx="0.81038218" tId="0" fbRx="0.820382096" lbRx="0.82038218" />
<p fId="0" fbTx="0.81038218" lbTx="0.810383055" tId="1" fbRx="0.81038218" lbRx="0.810383055" />
<p fId="1" fbTx="0.810383055" lbTx="0.81038393" tId="4" fbRx="0.810383055" lbRx="0.81038393" />
<p fId="3" fbTx="0.810482096" lbTx="0.81048218" tId="0" fbRx="0.820482096" lbRx="0.82048218" />
<p fId="0" fbTx="0.81048218" lbTx="0.810483055" tId="1" fbRx="0.81048218" lbRx="0.810483055" />
<p fId="1" fbTx="0.810483055" lbTx="0.81048393" tId="4" fbRx="0.810483055" lbRx="0.81048393" />
<p fId="3" fbTx="0.810582096" lbTx="0.81058218" tId="0" fbRx="0.820582096" lbRx="0.82058218" />
<p fId="0" fbTx="0.81058218" lbTx="0.810583055" tId="1" fbRx="0.81058218" lbRx="0.810583055" />
<p fId="1" fbTx="0.810583055" lbTx="0.81058393" tId="4" fbRx="0.810583055" lbRx="0.81058393" />
<p fId="3" fbTx="0.810682096" lbTx="0.81068218" tId="0" fbRx="0.820682096" lbRx="0.82068218" />
<p fId="0" fbTx="0.81068218" lbTx="0.810683055" tId="1" fbRx="0.81068218" lbRx="0.810683055" />
<p fId="1" fbTx="0.810683055" lbTx="0.81068393" tId="4" fbRx="0.810683055" lbRx="0.81068393" />
<p fId="3" fbTx="0.810782096" lbTx="0.81078218" tId="0" fbRx="0.820782096" lbRx="0.82078218" />
<p fId="0" fbTx="0.81078218" lbTx="0.810783055" tId="1" fbRx="0.81078218" lbRx="0.810783055" />
<p fId="1" fbTx="0.810783055" lbTx="0.81078393" tId="4" fbRx="0.810783055" lbRx="0.81078393" />
<p fId="3" fbTx="0.810882096" lbTx="0.81088218" tId="0" fbRx="0.820882096" lbRx="0.82088218" />
<p fId="0" fbTx="0.81088218" lbTx="0.810883055" tId="1" fbRx="0.81088218" lbRx="0.810883055" />
<p fId="1" fbTx="0.810883055" lbTx="0.81088393" tId="4" fbRx="0.810883055" lbRx="0.81088393" />
<p fId="3" fbTx="0.810982096" lbTx="0.81098218" tId="0" fbRx="0.820982096" lbRx="0.82098218" />
<p fId="0" fbTx="0.81098218" lbTx="0.810983055" tId="1" fbRx="0.81098218" lbRx="0.810983055" />
<p fId="1" fbTx="0.810983055" lbTx="0.81098393" tId="4" fbRx="0.810983055" lbRx="0.81098393" />
<p fId="3" fbTx="0.811082096" lbTx="0.81108218" tId="0" fbRx="0.821082096" lbRx="0.82108218" />
<p fId="0" fbTx="0.81108218" lbTx="0.811083055" tId="1" fbRx="0.81108218" lbRx="0.811083055" />
<p fId="1" fbTx="0.811083055" lbTx="0.81108393" tId="4" fbRx="0.811083055" lbRx="0.81108393" />
<p fId="3" fbTx="0.811182096" lbTx="0.81118218" tId="0" fbRx="0.821182096" lbRx="0.82118218" />
<p fId="0" fbTx="0.81118218" lbTx="0.811183055" tId="1" fbRx="0.81118218" lbRx="0.811183055" />
<p fId="1" fbTx="0.811183055" lbTx="0.81118393" tId="4" fbRx="0.811183055" lbRx="0.81118393" />
<pr uId="789" fId="4" fbTx="0.811214286" />
<wpr uId="789" tId="5" fbRx="0.811214286" lbRx="0" />
<wpr uId="789" tId="6" fbRx="0.811214286" lbRx="0" />
<p fId="3" fbTx="0.811282096" lbTx="0.81128218" tId="0" fbRx="0.821282096" lbRx="0.82128218" />
<p fId="0" fbTx="0.81128218" lbTx="0.811283055" tId="1" fbRx="0.81128218" lbRx="0.811283055" />
<p fId="1" fbTx="0.811283055" lbTx="0.81128393" tId="4" fbRx="0.811283055" lbRx="0.81128393" />
<p fId="3" fbTx="0.811382096" lbTx="0.81138218" tId="0" fbRx="0.821382096" lbRx="0.82138218" />
<p fId="0" fbTx="0.81138218" lbTx="0.811383055" tId="1" fbRx="0.81138218" lbRx="0.811383055" />
<p fId="1" fbTx="0.811383055" lbTx="0.81138393" tId="4" fbRx="0.811383055" lbRx="0.81138393" />
<p fId="3" fbTx="0.811482096" lbTx="0.81148218" tId="0" fbRx="0.821482096" lbRx="0.82148218" />
<p fId="0" fbTx="0.81148218" lbTx="0.811483055" tId="1" fbRx="0.81148218" lbRx="0.811483055" />
<p fId="1" fbTx="0.811483055" lbTx="0.81148393" tId="4" fbRx="0.811483055" lbRx="0.81148393" />
<p fId="3" fbTx="0.811582096" lbTx="0.81158218" tId="0" fbRx="0.821582096" lbRx="0.82158218" />
<p fId="0" fbTx="0.81158218" lbTx="0.811583055" tId="1" fbRx="0.81158218" lbRx="0.811583055" />
<p fId="1" fbTx="0.811583055" lbTx="0.81158393" tId="4" fbRx="0.811583055" lbRx="0.81158393" />
<p fId="3" fbTx="0.811682096" lbTx="0.81168218" tId="0" fbRx="0.821682096" lbRx="0.82168218" />
<p fId="0" fbTx="0.81168218" lbTx="0.811683055" tId="1" fbRx="0.81168218" lbRx="0.811683055" />
<p fId="1" fbTx="0.811683055" lbTx="0.81168393" tId="4" fbRx="0.811683055" lbRx="0.81168393" />
<p fId="3" fbTx="0.811782096" lbTx="0.81178218" tId="0" fbRx="0.821782096" lbRx="0.82178218" />
<p fId="0" fbTx="0.81178218" lbTx="0.811783055" tId="1" fbRx="0.81178218" lbRx="0.811783055" />
<p fId="1" fbTx="0.811783055" lbTx="0.81178393" tId="4" fbRx="0.811783055" lbRx="0.81178393" />
<p fId="3" fbTx="0.811882096" lbTx="0.81188218" tId="0" fbRx="0.821882096" lbRx="0.82188218" />
<p fId="0" fbTx="0.81188218" lbTx="0.811883055" tId="1" fbRx="0.81188218" lbRx="0.811883055" />
<p fId="1" fbTx="0.811883055" lbTx="0.81188393" tId="4" fbRx="0.811883055" lbRx="0.81188393" />
<p fId="3" fbTx="0.811982096" lbTx="0.81198218" tId="0" fbRx="0.821982096" lbRx="0.82198218" />
<p fId="0" fbTx="0.81198218" lbTx="0.811983055" tId="1" fbRx="0.81198218" lbRx="0.811983055" />
<p fId="1" fbTx="0.811983055" lbTx="0.81198393" tId="4" fbRx="0.811983055" lbRx="0.81198393" />
<p fId="3" fbTx="0.812082096" lbTx="0.81208218" tId="0" fbRx="0.822082096" lbRx="0.82208218" />
<p fId="0" fbTx="0.81208218" lbTx="0.812083055" tId="1" fbRx="0.81208218" lbRx="0.812083055" />
<p fId="1" fbTx="0.812083055" lbTx="0.81208393" tId="4" fbRx="0.812083055" lbRx="0.81208393" />
<p fId="3" fbTx="0.812182096" lbTx="0.81218218" tId="0" fbRx="0.822182096" lbRx="0.82218218" />
<p fId="0" fbTx="0.81218218" lbTx="0.812183055" tId="1" fbRx="0.81218218" lbRx="0.812183055" />
<p fId="1" fbTx="0.812183055" lbTx="0.81218393" tId="4" fbRx="0.812183055" lbRx="0.81218393" />
<pr uId="790" fId="4" fbTx="0.812214286" />
<wpr uId="790" tId="5" fbRx="0.812214286" lbRx="0" />
<wpr uId="790" tId="6" fbRx="0.812214286" lbRx="0" />
<p fId="3" fbTx="0.812282096" lbTx="0.81228218" tId="0" fbRx="0.822282096" lbRx="0.82228218" />
<p fId="0" fbTx="0.81228218" lbTx="0.812283055" tId="1" fbRx="0.81228218" lbRx="0.812283055" />
<p fId="1" fbTx="0.812283055" lbTx="0.81228393" tId="4" fbRx="0.812283055" lbRx="0.81228393" />
<p fId="3" fbTx="0.812382096" lbTx="0.81238218" tId="0" fbRx="0.822382096" lbRx="0.82238218" />
<p fId="0" fbTx="0.81238218" lbTx="0.812383055" tId="1" fbRx="0.81238218" lbRx="0.812383055" />
<p fId="1" fbTx="0.812383055" lbTx="0.81238393" tId="4" fbRx="0.812383055" lbRx="0.81238393" />
<p fId="3" fbTx="0.812482096" lbTx="0.81248218" tId="0" fbRx="0.822482096" lbRx="0.82248218" />
<p fId="0" fbTx="0.81248218" lbTx="0.812483055" tId="1" fbRx="0.81248218" lbRx="0.812483055" />
<p fId="1" fbTx="0.812483055" lbTx="0.81248393" tId="4" fbRx="0.812483055" lbRx="0.81248393" />
<p fId="3" fbTx="0.812582096" lbTx="0.81258218" tId="0" fbRx="0.822582096" lbRx="0.82258218" />
<p fId="0" fbTx="0.81258218" lbTx="0.812583055" tId="1" fbRx="0.81258218" lbRx="0.812583055" />
<p fId="1" fbTx="0.812583055" lbTx="0.81258393" tId="4" fbRx="0.812583055" lbRx="0.81258393" />
<p fId="3" fbTx="0.812682096" lbTx="0.81268218" tId="0" fbRx="0.822682096" lbRx="0.82268218" />
<p fId="0" fbTx="0.81268218" lbTx="0.812683055" tId="1" fbRx="0.81268218" lbRx="0.812683055" />
<p fId="1" fbTx="0.812683055" lbTx="0.81268393" tId="4" fbRx="0.812683055" lbRx="0.81268393" />
<p fId="3" fbTx="0.812782096" lbTx="0.81278218" tId="0" fbRx="0.822782096" lbRx="0.82278218" />
<p fId="0" fbTx="0.81278218" lbTx="0.812783055" tId="1" fbRx="0.81278218" lbRx="0.812783055" />
<p fId="1" fbTx="0.812783055" lbTx="0.81278393" tId="4" fbRx="0.812783055" lbRx="0.81278393" />
<p fId="3" fbTx="0.812882096" lbTx="0.81288218" tId="0" fbRx="0.822882096" lbRx="0.82288218" />
<p fId="0" fbTx="0.81288218" lbTx="0.812883055" tId="1" fbRx="0.81288218" lbRx="0.812883055" />
<p fId="1" fbTx="0.812883055" lbTx="0.81288393" tId="4" fbRx="0.812883055" lbRx="0.81288393" />
<p fId="3" fbTx="0.812982096" lbTx="0.81298218" tId="0" fbRx="0.822982096" lbRx="0.82298218" />
<p fId="0" fbTx="0.81298218" lbTx="0.812983055" tId="1" fbRx="0.81298218" lbRx="0.812983055" />
<p fId="1" fbTx="0.812983055" lbTx="0.81298393" tId="4" fbRx="0.812983055" lbRx="0.81298393" />
<p fId="3" fbTx="0.813082096" lbTx="0.81308218" tId="0" fbRx="0.823082096" lbRx="0.82308218" />
<p fId="0" fbTx="0.81308218" lbTx="0.813083055" tId="1" fbRx="0.81308218" lbRx="0.813083055" />
<p fId="1" fbTx="0.813083055" lbTx="0.81308393" tId="4" fbRx="0.813083055" lbRx="0.81308393" />
<p fId="3" fbTx="0.813182096" lbTx="0.81318218" tId="0" fbRx="0.823182096" lbRx="0.82318218" />
<p fId="0" fbTx="0.81318218" lbTx="0.813183055" tId="1" fbRx="0.81318218" lbRx="0.813183055" />
<p fId="1" fbTx="0.813183055" lbTx="0.81318393" tId="4" fbRx="0.813183055" lbRx="0.81318393" />
<pr uId="791" fId="4" fbTx="0.813214286" />
<wpr uId="791" tId="5" fbRx="0.813214286" lbRx="0" />
<wpr uId="791" tId="6" fbRx="0.813214286" lbRx="0" />
<p fId="3" fbTx="0.813282096" lbTx="0.81328218" tId="0" fbRx="0.823282096" lbRx="0.82328218" />
<p fId="0" fbTx="0.81328218" lbTx="0.813283055" tId="1" fbRx="0.81328218" lbRx="0.813283055" />
<p fId="1" fbTx="0.813283055" lbTx="0.81328393" tId="4" fbRx="0.813283055" lbRx="0.81328393" />
<p fId="3" fbTx="0.813382096" lbTx="0.81338218" tId="0" fbRx="0.823382096" lbRx="0.82338218" />
<p fId="0" fbTx="0.81338218" lbTx="0.813383055" tId="1" fbRx="0.81338218" lbRx="0.813383055" />
<p fId="1" fbTx="0.813383055" lbTx="0.81338393" tId="4" fbRx="0.813383055" lbRx="0.81338393" />
<p fId="3" fbTx="0.813482096" lbTx="0.81348218" tId="0" fbRx="0.823482096" lbRx="0.82348218" />
<p fId="0" fbTx="0.81348218" lbTx="0.813483055" tId="1" fbRx="0.81348218" lbRx="0.813483055" />
<p fId="1" fbTx="0.813483055" lbTx="0.81348393" tId="4" fbRx="0.813483055" lbRx="0.81348393" />
<p fId="3" fbTx="0.813582096" lbTx="0.81358218" tId="0" fbRx="0.823582096" lbRx="0.82358218" />
<p fId="0" fbTx="0.81358218" lbTx="0.813583055" tId="1" fbRx="0.81358218" lbRx="0.813583055" />
<p fId="1" fbTx="0.813583055" lbTx="0.81358393" tId="4" fbRx="0.813583055" lbRx="0.81358393" />
<p fId="3" fbTx="0.813682096" lbTx="0.81368218" tId="0" fbRx="0.823682096" lbRx="0.82368218" />
<p fId="0" fbTx="0.81368218" lbTx="0.813683055" tId="1" fbRx="0.81368218" lbRx="0.813683055" />
<p fId="1" fbTx="0.813683055" lbTx="0.81368393" tId="4" fbRx="0.813683055" lbRx="0.81368393" />
<p fId="3" fbTx="0.813782096" lbTx="0.81378218" tId="0" fbRx="0.823782096" lbRx="0.82378218" />
<p fId="0" fbTx="0.81378218" lbTx="0.813783055" tId="1" fbRx="0.81378218" lbRx="0.813783055" />
<p fId="1" fbTx="0.813783055" lbTx="0.81378393" tId="4" fbRx="0.813783055" lbRx="0.81378393" />
<p fId="3" fbTx="0.813882096" lbTx="0.81388218" tId="0" fbRx="0.823882096" lbRx="0.82388218" />
<p fId="0" fbTx="0.81388218" lbTx="0.813883055" tId="1" fbRx="0.81388218" lbRx="0.813883055" />
<p fId="1" fbTx="0.813883055" lbTx="0.81388393" tId="4" fbRx="0.813883055" lbRx="0.81388393" />
<p fId="3" fbTx="0.813982096" lbTx="0.81398218" tId="0" fbRx="0.823982096" lbRx="0.82398218" />
<p fId="0" fbTx="0.81398218" lbTx="0.813983055" tId="1" fbRx="0.81398218" lbRx="0.813983055" />
<p fId="1" fbTx="0.813983055" lbTx="0.81398393" tId="4" fbRx="0.813983055" lbRx="0.81398393" />
<p fId="3" fbTx="0.814082096" lbTx="0.81408218" tId="0" fbRx="0.824082096" lbRx="0.82408218" />
<p fId="0" fbTx="0.81408218" lbTx="0.814083055" tId="1" fbRx="0.81408218" lbRx="0.814083055" />
<p fId="1" fbTx="0.814083055" lbTx="0.81408393" tId="4" fbRx="0.814083055" lbRx="0.81408393" />
<p fId="3" fbTx="0.814182096" lbTx="0.81418218" tId="0" fbRx="0.824182096" lbRx="0.82418218" />
<p fId="0" fbTx="0.81418218" lbTx="0.814183055" tId="1" fbRx="0.81418218" lbRx="0.814183055" />
<p fId="1" fbTx="0.814183055" lbTx="0.81418393" tId="4" fbRx="0.814183055" lbRx="0.81418393" />
<pr uId="792" fId="4" fbTx="0.814214286" />
<wpr uId="792" tId="5" fbRx="0.814214286" lbRx="0" />
<wpr uId="792" tId="6" fbRx="0.814214286" lbRx="0" />
<p fId="3" fbTx="0.814282096" lbTx="0.81428218" tId="0" fbRx="0.824282096" lbRx="0.82428218" />
<p fId="0" fbTx="0.81428218" lbTx="0.814283055" tId="1" fbRx="0.81428218" lbRx="0.814283055" />
<p fId="1" fbTx="0.814283055" lbTx="0.81428393" tId="4" fbRx="0.814283055" lbRx="0.81428393" />
<p fId="3" fbTx="0.814382096" lbTx="0.81438218" tId="0" fbRx="0.824382096" lbRx="0.82438218" />
<p fId="0" fbTx="0.81438218" lbTx="0.814383055" tId="1" fbRx="0.81438218" lbRx="0.814383055" />
<p fId="1" fbTx="0.814383055" lbTx="0.81438393" tId="4" fbRx="0.814383055" lbRx="0.81438393" />
<p fId="3" fbTx="0.814482096" lbTx="0.81448218" tId="0" fbRx="0.824482096" lbRx="0.82448218" />
<p fId="0" fbTx="0.81448218" lbTx="0.814483055" tId="1" fbRx="0.81448218" lbRx="0.814483055" />
<p fId="1" fbTx="0.814483055" lbTx="0.81448393" tId="4" fbRx="0.814483055" lbRx="0.81448393" />
<p fId="3" fbTx="0.814582096" lbTx="0.81458218" tId="0" fbRx="0.824582096" lbRx="0.82458218" />
<p fId="0" fbTx="0.81458218" lbTx="0.814583055" tId="1" fbRx="0.81458218" lbRx="0.814583055" />
<p fId="1" fbTx="0.814583055" lbTx="0.81458393" tId="4" fbRx="0.814583055" lbRx="0.81458393" />
<p fId="3" fbTx="0.814682096" lbTx="0.81468218" tId="0" fbRx="0.824682096" lbRx="0.82468218" />
<p fId="0" fbTx="0.81468218" lbTx="0.814683055" tId="1" fbRx="0.81468218" lbRx="0.814683055" />
<p fId="1" fbTx="0.814683055" lbTx="0.81468393" tId="4" fbRx="0.814683055" lbRx="0.81468393" />
<p fId="3" fbTx="0.814782096" lbTx="0.81478218" tId="0" fbRx="0.824782096" lbRx="0.82478218" />
<p fId="0" fbTx="0.81478218" lbTx="0.814783055" tId="1" fbRx="0.81478218" lbRx="0.814783055" />
<p fId="1" fbTx="0.814783055" lbTx="0.81478393" tId="4" fbRx="0.814783055" lbRx="0.81478393" />
<p fId="3" fbTx="0.814882096" lbTx="0.81488218" tId="0" fbRx="0.824882096" lbRx="0.82488218" />
<p fId="0" fbTx="0.81488218" lbTx="0.814883055" tId="1" fbRx="0.81488218" lbRx="0.814883055" />
<p fId="1" fbTx="0.814883055" lbTx="0.81488393" tId="4" fbRx="0.814883055" lbRx="0.81488393" />
<p fId="3" fbTx="0.814982096" lbTx="0.81498218" tId="0" fbRx="0.824982096" lbRx="0.82498218" />
<p fId="0" fbTx="0.81498218" lbTx="0.814983055" tId="1" fbRx="0.81498218" lbRx="0.814983055" />
<p fId="1" fbTx="0.814983055" lbTx="0.81498393" tId="4" fbRx="0.814983055" lbRx="0.81498393" />
<p fId="3" fbTx="0.815082096" lbTx="0.81508218" tId="0" fbRx="0.825082096" lbRx="0.82508218" />
<p fId="0" fbTx="0.81508218" lbTx="0.815083055" tId="1" fbRx="0.81508218" lbRx="0.815083055" />
<p fId="1" fbTx="0.815083055" lbTx="0.81508393" tId="4" fbRx="0.815083055" lbRx="0.81508393" />
<p fId="3" fbTx="0.815182096" lbTx="0.81518218" tId="0" fbRx="0.825182096" lbRx="0.82518218" />
<p fId="0" fbTx="0.81518218" lbTx="0.815183055" tId="1" fbRx="0.81518218" lbRx="0.815183055" />
<p fId="1" fbTx="0.815183055" lbTx="0.81518393" tId="4" fbRx="0.815183055" lbRx="0.81518393" />
<pr uId="793" fId="4" fbTx="0.815214286" />
<wpr uId="793" tId="5" fbRx="0.815214286" lbRx="0" />
<wpr uId="793" tId="6" fbRx="0.815214286" lbRx="0" />
<p fId="3" fbTx="0.815282096" lbTx="0.81528218" tId="0" fbRx="0.825282096" lbRx="0.82528218" />
<p fId="0" fbTx="0.81528218" lbTx="0.815283055" tId="1" fbRx="0.81528218" lbRx="0.815283055" />
<p fId="1" fbTx="0.815283055" lbTx="0.81528393" tId="4" fbRx="0.815283055" lbRx="0.81528393" />
<p fId="3" fbTx="0.815382096" lbTx="0.81538218" tId="0" fbRx="0.825382096" lbRx="0.82538218" />
<p fId="0" fbTx="0.81538218" lbTx="0.815383055" tId="1" fbRx="0.81538218" lbRx="0.815383055" />
<p fId="1" fbTx="0.815383055" lbTx="0.81538393" tId="4" fbRx="0.815383055" lbRx="0.81538393" />
<p fId="3" fbTx="0.815482096" lbTx="0.81548218" tId="0" fbRx="0.825482096" lbRx="0.82548218" />
<p fId="0" fbTx="0.81548218" lbTx="0.815483055" tId="1" fbRx="0.81548218" lbRx="0.815483055" />
<p fId="1" fbTx="0.815483055" lbTx="0.81548393" tId="4" fbRx="0.815483055" lbRx="0.81548393" />
<p fId="3" fbTx="0.815582096" lbTx="0.81558218" tId="0" fbRx="0.825582096" lbRx="0.82558218" />
<p fId="0" fbTx="0.81558218" lbTx="0.815583055" tId="1" fbRx="0.81558218" lbRx="0.815583055" />
<p fId="1" fbTx="0.815583055" lbTx="0.81558393" tId="4" fbRx="0.815583055" lbRx="0.81558393" />
<p fId="3" fbTx="0.815682096" lbTx="0.81568218" tId="0" fbRx="0.825682096" lbRx="0.82568218" />
<p fId="0" fbTx="0.81568218" lbTx="0.815683055" tId="1" fbRx="0.81568218" lbRx="0.815683055" />
<p fId="1" fbTx="0.815683055" lbTx="0.81568393" tId="4" fbRx="0.815683055" lbRx="0.81568393" />
<p fId="3" fbTx="0.815782096" lbTx="0.81578218" tId="0" fbRx="0.825782096" lbRx="0.82578218" />
<p fId="0" fbTx="0.81578218" lbTx="0.815783055" tId="1" fbRx="0.81578218" lbRx="0.815783055" />
<p fId="1" fbTx="0.815783055" lbTx="0.81578393" tId="4" fbRx="0.815783055" lbRx="0.81578393" />
<p fId="3" fbTx="0.815882096" lbTx="0.81588218" tId="0" fbRx="0.825882096" lbRx="0.82588218" />
<p fId="0" fbTx="0.81588218" lbTx="0.815883055" tId="1" fbRx="0.81588218" lbRx="0.815883055" />
<p fId="1" fbTx="0.815883055" lbTx="0.81588393" tId="4" fbRx="0.815883055" lbRx="0.81588393" />
<p fId="3" fbTx="0.815982096" lbTx="0.81598218" tId="0" fbRx="0.825982096" lbRx="0.82598218" />
<p fId="0" fbTx="0.81598218" lbTx="0.815983055" tId="1" fbRx="0.81598218" lbRx="0.815983055" />
<p fId="1" fbTx="0.815983055" lbTx="0.81598393" tId="4" fbRx="0.815983055" lbRx="0.81598393" />
<p fId="3" fbTx="0.816082096" lbTx="0.81608218" tId="0" fbRx="0.826082096" lbRx="0.82608218" />
<p fId="0" fbTx="0.81608218" lbTx="0.816083055" tId="1" fbRx="0.81608218" lbRx="0.816083055" />
<p fId="1" fbTx="0.816083055" lbTx="0.81608393" tId="4" fbRx="0.816083055" lbRx="0.81608393" />
<p fId="3" fbTx="0.816182096" lbTx="0.81618218" tId="0" fbRx="0.826182096" lbRx="0.82618218" />
<p fId="0" fbTx="0.81618218" lbTx="0.816183055" tId="1" fbRx="0.81618218" lbRx="0.816183055" />
<p fId="1" fbTx="0.816183055" lbTx="0.81618393" tId="4" fbRx="0.816183055" lbRx="0.81618393" />
<pr uId="794" fId="4" fbTx="0.816214286" />
<wpr uId="794" tId="5" fbRx="0.816214286" lbRx="0" />
<wpr uId="794" tId="6" fbRx="0.816214286" lbRx="0" />
<p fId="3" fbTx="0.816282096" lbTx="0.81628218" tId="0" fbRx="0.826282096" lbRx="0.82628218" />
<p fId="0" fbTx="0.81628218" lbTx="0.816283055" tId="1" fbRx="0.81628218" lbRx="0.816283055" />
<p fId="1" fbTx="0.816283055" lbTx="0.81628393" tId="4" fbRx="0.816283055" lbRx="0.81628393" />
<p fId="3" fbTx="0.816382096" lbTx="0.81638218" tId="0" fbRx="0.826382096" lbRx="0.82638218" />
<p fId="0" fbTx="0.81638218" lbTx="0.816383055" tId="1" fbRx="0.81638218" lbRx="0.816383055" />
<p fId="1" fbTx="0.816383055" lbTx="0.81638393" tId="4" fbRx="0.816383055" lbRx="0.81638393" />
<p fId="3" fbTx="0.816482096" lbTx="0.81648218" tId="0" fbRx="0.826482096" lbRx="0.82648218" />
<p fId="0" fbTx="0.81648218" lbTx="0.816483055" tId="1" fbRx="0.81648218" lbRx="0.816483055" />
<p fId="1" fbTx="0.816483055" lbTx="0.81648393" tId="4" fbRx="0.816483055" lbRx="0.81648393" />
<p fId="3" fbTx="0.816582096" lbTx="0.81658218" tId="0" fbRx="0.826582096" lbRx="0.82658218" />
<p fId="0" fbTx="0.81658218" lbTx="0.816583055" tId="1" fbRx="0.81658218" lbRx="0.816583055" />
<p fId="1" fbTx="0.816583055" lbTx="0.81658393" tId="4" fbRx="0.816583055" lbRx="0.81658393" />
<p fId="3" fbTx="0.816682096" lbTx="0.81668218" tId="0" fbRx="0.826682096" lbRx="0.82668218" />
<p fId="0" fbTx="0.81668218" lbTx="0.816683055" tId="1" fbRx="0.81668218" lbRx="0.816683055" />
<p fId="1" fbTx="0.816683055" lbTx="0.81668393" tId="4" fbRx="0.816683055" lbRx="0.81668393" />
<p fId="3" fbTx="0.816782096" lbTx="0.81678218" tId="0" fbRx="0.826782096" lbRx="0.82678218" />
<p fId="0" fbTx="0.81678218" lbTx="0.816783055" tId="1" fbRx="0.81678218" lbRx="0.816783055" />
<p fId="1" fbTx="0.816783055" lbTx="0.81678393" tId="4" fbRx="0.816783055" lbRx="0.81678393" />
<p fId="3" fbTx="0.816882096" lbTx="0.81688218" tId="0" fbRx="0.826882096" lbRx="0.82688218" />
<p fId="0" fbTx="0.81688218" lbTx="0.816883055" tId="1" fbRx="0.81688218" lbRx="0.816883055" />
<p fId="1" fbTx="0.816883055" lbTx="0.81688393" tId="4" fbRx="0.816883055" lbRx="0.81688393" />
<p fId="3" fbTx="0.816982096" lbTx="0.81698218" tId="0" fbRx="0.826982096" lbRx="0.82698218" />
<p fId="0" fbTx="0.81698218" lbTx="0.816983055" tId="1" fbRx="0.81698218" lbRx="0.816983055" />
<p fId="1" fbTx="0.816983055" lbTx="0.81698393" tId="4" fbRx="0.816983055" lbRx="0.81698393" />
<p fId="3" fbTx="0.817082096" lbTx="0.81708218" tId="0" fbRx="0.827082096" lbRx="0.82708218" />
<p fId="0" fbTx="0.81708218" lbTx="0.817083055" tId="1" fbRx="0.81708218" lbRx="0.817083055" />
<p fId="1" fbTx="0.817083055" lbTx="0.81708393" tId="4" fbRx="0.817083055" lbRx="0.81708393" />
<p fId="3" fbTx="0.817182096" lbTx="0.81718218" tId="0" fbRx="0.827182096" lbRx="0.82718218" />
<p fId="0" fbTx="0.81718218" lbTx="0.817183055" tId="1" fbRx="0.81718218" lbRx="0.817183055" />
<p fId="1" fbTx="0.817183055" lbTx="0.81718393" tId="4" fbRx="0.817183055" lbRx="0.81718393" />
<pr uId="795" fId="4" fbTx="0.817214286" />
<wpr uId="795" tId="5" fbRx="0.817214286" lbRx="0" />
<wpr uId="795" tId="6" fbRx="0.817214286" lbRx="0" />
<p fId="3" fbTx="0.817282096" lbTx="0.81728218" tId="0" fbRx="0.827282096" lbRx="0.82728218" />
<p fId="0" fbTx="0.81728218" lbTx="0.817283055" tId="1" fbRx="0.81728218" lbRx="0.817283055" />
<p fId="1" fbTx="0.817283055" lbTx="0.81728393" tId="4" fbRx="0.817283055" lbRx="0.81728393" />
<p fId="3" fbTx="0.817382096" lbTx="0.81738218" tId="0" fbRx="0.827382096" lbRx="0.82738218" />
<p fId="0" fbTx="0.81738218" lbTx="0.817383055" tId="1" fbRx="0.81738218" lbRx="0.817383055" />
<p fId="1" fbTx="0.817383055" lbTx="0.81738393" tId="4" fbRx="0.817383055" lbRx="0.81738393" />
<p fId="3" fbTx="0.817482096" lbTx="0.81748218" tId="0" fbRx="0.827482096" lbRx="0.82748218" />
<p fId="0" fbTx="0.81748218" lbTx="0.817483055" tId="1" fbRx="0.81748218" lbRx="0.817483055" />
<p fId="1" fbTx="0.817483055" lbTx="0.81748393" tId="4" fbRx="0.817483055" lbRx="0.81748393" />
<p fId="3" fbTx="0.817582096" lbTx="0.81758218" tId="0" fbRx="0.827582096" lbRx="0.82758218" />
<p fId="0" fbTx="0.81758218" lbTx="0.817583055" tId="1" fbRx="0.81758218" lbRx="0.817583055" />
<p fId="1" fbTx="0.817583055" lbTx="0.81758393" tId="4" fbRx="0.817583055" lbRx="0.81758393" />
<p fId="3" fbTx="0.817682096" lbTx="0.81768218" tId="0" fbRx="0.827682096" lbRx="0.82768218" />
<p fId="0" fbTx="0.81768218" lbTx="0.817683055" tId="1" fbRx="0.81768218" lbRx="0.817683055" />
<p fId="1" fbTx="0.817683055" lbTx="0.81768393" tId="4" fbRx="0.817683055" lbRx="0.81768393" />
<p fId="3" fbTx="0.817782096" lbTx="0.81778218" tId="0" fbRx="0.827782096" lbRx="0.82778218" />
<p fId="0" fbTx="0.81778218" lbTx="0.817783055" tId="1" fbRx="0.81778218" lbRx="0.817783055" />
<p fId="1" fbTx="0.817783055" lbTx="0.81778393" tId="4" fbRx="0.817783055" lbRx="0.81778393" />
<p fId="3" fbTx="0.817882096" lbTx="0.81788218" tId="0" fbRx="0.827882096" lbRx="0.82788218" />
<p fId="0" fbTx="0.81788218" lbTx="0.817883055" tId="1" fbRx="0.81788218" lbRx="0.817883055" />
<p fId="1" fbTx="0.817883055" lbTx="0.81788393" tId="4" fbRx="0.817883055" lbRx="0.81788393" />
<p fId="3" fbTx="0.817982096" lbTx="0.81798218" tId="0" fbRx="0.827982096" lbRx="0.82798218" />
<p fId="0" fbTx="0.81798218" lbTx="0.817983055" tId="1" fbRx="0.81798218" lbRx="0.817983055" />
<p fId="1" fbTx="0.817983055" lbTx="0.81798393" tId="4" fbRx="0.817983055" lbRx="0.81798393" />
<p fId="3" fbTx="0.818082096" lbTx="0.81808218" tId="0" fbRx="0.828082096" lbRx="0.82808218" />
<p fId="0" fbTx="0.81808218" lbTx="0.818083055" tId="1" fbRx="0.81808218" lbRx="0.818083055" />
<p fId="1" fbTx="0.818083055" lbTx="0.81808393" tId="4" fbRx="0.818083055" lbRx="0.81808393" />
<p fId="3" fbTx="0.818182096" lbTx="0.81818218" tId="0" fbRx="0.828182096" lbRx="0.82818218" />
<p fId="0" fbTx="0.81818218" lbTx="0.818183055" tId="1" fbRx="0.81818218" lbRx="0.818183055" />
<p fId="1" fbTx="0.818183055" lbTx="0.81818393" tId="4" fbRx="0.818183055" lbRx="0.81818393" />
<pr uId="796" fId="4" fbTx="0.818214286" />
<wpr uId="796" tId="5" fbRx="0.818214286" lbRx="0" />
<wpr uId="796" tId="6" fbRx="0.818214286" lbRx="0" />
<p fId="3" fbTx="0.818282096" lbTx="0.81828218" tId="0" fbRx="0.828282096" lbRx="0.82828218" />
<p fId="0" fbTx="0.81828218" lbTx="0.818283055" tId="1" fbRx="0.81828218" lbRx="0.818283055" />
<p fId="1" fbTx="0.818283055" lbTx="0.81828393" tId="4" fbRx="0.818283055" lbRx="0.81828393" />
<p fId="3" fbTx="0.818382096" lbTx="0.81838218" tId="0" fbRx="0.828382096" lbRx="0.82838218" />
<p fId="0" fbTx="0.81838218" lbTx="0.818383055" tId="1" fbRx="0.81838218" lbRx="0.818383055" />
<p fId="1" fbTx="0.818383055" lbTx="0.81838393" tId="4" fbRx="0.818383055" lbRx="0.81838393" />
<p fId="3" fbTx="0.818482096" lbTx="0.81848218" tId="0" fbRx="0.828482096" lbRx="0.82848218" />
<p fId="0" fbTx="0.81848218" lbTx="0.818483055" tId="1" fbRx="0.81848218" lbRx="0.818483055" />
<p fId="1" fbTx="0.818483055" lbTx="0.81848393" tId="4" fbRx="0.818483055" lbRx="0.81848393" />
<p fId="3" fbTx="0.818582096" lbTx="0.81858218" tId="0" fbRx="0.828582096" lbRx="0.82858218" />
<p fId="0" fbTx="0.81858218" lbTx="0.818583055" tId="1" fbRx="0.81858218" lbRx="0.818583055" />
<p fId="1" fbTx="0.818583055" lbTx="0.81858393" tId="4" fbRx="0.818583055" lbRx="0.81858393" />
<p fId="3" fbTx="0.818682096" lbTx="0.81868218" tId="0" fbRx="0.828682096" lbRx="0.82868218" />
<p fId="0" fbTx="0.81868218" lbTx="0.818683055" tId="1" fbRx="0.81868218" lbRx="0.818683055" />
<p fId="1" fbTx="0.818683055" lbTx="0.81868393" tId="4" fbRx="0.818683055" lbRx="0.81868393" />
<p fId="3" fbTx="0.818782096" lbTx="0.81878218" tId="0" fbRx="0.828782096" lbRx="0.82878218" />
<p fId="0" fbTx="0.81878218" lbTx="0.818783055" tId="1" fbRx="0.81878218" lbRx="0.818783055" />
<p fId="1" fbTx="0.818783055" lbTx="0.81878393" tId="4" fbRx="0.818783055" lbRx="0.81878393" />
<p fId="3" fbTx="0.818882096" lbTx="0.81888218" tId="0" fbRx="0.828882096" lbRx="0.82888218" />
<p fId="0" fbTx="0.81888218" lbTx="0.818883055" tId="1" fbRx="0.81888218" lbRx="0.818883055" />
<p fId="1" fbTx="0.818883055" lbTx="0.81888393" tId="4" fbRx="0.818883055" lbRx="0.81888393" />
<p fId="3" fbTx="0.818982096" lbTx="0.81898218" tId="0" fbRx="0.828982096" lbRx="0.82898218" />
<p fId="0" fbTx="0.81898218" lbTx="0.818983055" tId="1" fbRx="0.81898218" lbRx="0.818983055" />
<p fId="1" fbTx="0.818983055" lbTx="0.81898393" tId="4" fbRx="0.818983055" lbRx="0.81898393" />
<p fId="3" fbTx="0.819082096" lbTx="0.81908218" tId="0" fbRx="0.829082096" lbRx="0.82908218" />
<p fId="0" fbTx="0.81908218" lbTx="0.819083055" tId="1" fbRx="0.81908218" lbRx="0.819083055" />
<p fId="1" fbTx="0.819083055" lbTx="0.81908393" tId="4" fbRx="0.819083055" lbRx="0.81908393" />
<p fId="3" fbTx="0.819182096" lbTx="0.81918218" tId="0" fbRx="0.829182096" lbRx="0.82918218" />
<p fId="0" fbTx="0.81918218" lbTx="0.819183055" tId="1" fbRx="0.81918218" lbRx="0.819183055" />
<p fId="1" fbTx="0.819183055" lbTx="0.81918393" tId="4" fbRx="0.819183055" lbRx="0.81918393" />
<pr uId="797" fId="4" fbTx="0.819214286" />
<wpr uId="797" tId="5" fbRx="0.819214286" lbRx="0" />
<wpr uId="797" tId="6" fbRx="0.819214286" lbRx="0" />
<p fId="3" fbTx="0.819282096" lbTx="0.81928218" tId="0" fbRx="0.829282096" lbRx="0.82928218" />
<p fId="0" fbTx="0.81928218" lbTx="0.819283055" tId="1" fbRx="0.81928218" lbRx="0.819283055" />
<p fId="1" fbTx="0.819283055" lbTx="0.81928393" tId="4" fbRx="0.819283055" lbRx="0.81928393" />
<p fId="3" fbTx="0.819382096" lbTx="0.81938218" tId="0" fbRx="0.829382096" lbRx="0.82938218" />
<p fId="0" fbTx="0.81938218" lbTx="0.819383055" tId="1" fbRx="0.81938218" lbRx="0.819383055" />
<p fId="1" fbTx="0.819383055" lbTx="0.81938393" tId="4" fbRx="0.819383055" lbRx="0.81938393" />
<p fId="3" fbTx="0.819482096" lbTx="0.81948218" tId="0" fbRx="0.829482096" lbRx="0.82948218" />
<p fId="0" fbTx="0.81948218" lbTx="0.819483055" tId="1" fbRx="0.81948218" lbRx="0.819483055" />
<p fId="1" fbTx="0.819483055" lbTx="0.81948393" tId="4" fbRx="0.819483055" lbRx="0.81948393" />
<p fId="3" fbTx="0.819582096" lbTx="0.81958218" tId="0" fbRx="0.829582096" lbRx="0.82958218" />
<p fId="0" fbTx="0.81958218" lbTx="0.819583055" tId="1" fbRx="0.81958218" lbRx="0.819583055" />
<p fId="1" fbTx="0.819583055" lbTx="0.81958393" tId="4" fbRx="0.819583055" lbRx="0.81958393" />
<p fId="3" fbTx="0.819682096" lbTx="0.81968218" tId="0" fbRx="0.829682096" lbRx="0.82968218" />
<p fId="0" fbTx="0.81968218" lbTx="0.819683055" tId="1" fbRx="0.81968218" lbRx="0.819683055" />
<p fId="1" fbTx="0.819683055" lbTx="0.81968393" tId="4" fbRx="0.819683055" lbRx="0.81968393" />
<p fId="3" fbTx="0.819782096" lbTx="0.81978218" tId="0" fbRx="0.829782096" lbRx="0.82978218" />
<p fId="0" fbTx="0.81978218" lbTx="0.819783055" tId="1" fbRx="0.81978218" lbRx="0.819783055" />
<p fId="1" fbTx="0.819783055" lbTx="0.81978393" tId="4" fbRx="0.819783055" lbRx="0.81978393" />
<p fId="3" fbTx="0.819882096" lbTx="0.81988218" tId="0" fbRx="0.829882096" lbRx="0.82988218" />
<p fId="0" fbTx="0.81988218" lbTx="0.819883055" tId="1" fbRx="0.81988218" lbRx="0.819883055" />
<p fId="1" fbTx="0.819883055" lbTx="0.81988393" tId="4" fbRx="0.819883055" lbRx="0.81988393" />
<p fId="3" fbTx="0.819982096" lbTx="0.81998218" tId="0" fbRx="0.829982096" lbRx="0.82998218" />
<p fId="0" fbTx="0.81998218" lbTx="0.819983055" tId="1" fbRx="0.81998218" lbRx="0.819983055" />
<p fId="1" fbTx="0.819983055" lbTx="0.81998393" tId="4" fbRx="0.819983055" lbRx="0.81998393" />
<p fId="3" fbTx="0.820082096" lbTx="0.82008218" tId="0" fbRx="0.830082096" lbRx="0.83008218" />
<p fId="0" fbTx="0.82008218" lbTx="0.820083055" tId="1" fbRx="0.82008218" lbRx="0.820083055" />
<p fId="1" fbTx="0.820083055" lbTx="0.82008393" tId="4" fbRx="0.820083055" lbRx="0.82008393" />
<p fId="3" fbTx="0.820182096" lbTx="0.82018218" tId="0" fbRx="0.830182096" lbRx="0.83018218" />
<p fId="0" fbTx="0.82018218" lbTx="0.820183055" tId="1" fbRx="0.82018218" lbRx="0.820183055" />
<p fId="1" fbTx="0.820183055" lbTx="0.82018393" tId="4" fbRx="0.820183055" lbRx="0.82018393" />
<pr uId="798" fId="4" fbTx="0.820214286" />
<wpr uId="798" tId="5" fbRx="0.820214286" lbRx="0" />
<wpr uId="798" tId="6" fbRx="0.820214286" lbRx="0" />
<p fId="3" fbTx="0.820282096" lbTx="0.82028218" tId="0" fbRx="0.830282096" lbRx="0.83028218" />
<p fId="0" fbTx="0.82028218" lbTx="0.820283055" tId="1" fbRx="0.82028218" lbRx="0.820283055" />
<p fId="1" fbTx="0.820283055" lbTx="0.82028393" tId="4" fbRx="0.820283055" lbRx="0.82028393" />
<p fId="3" fbTx="0.820382096" lbTx="0.82038218" tId="0" fbRx="0.830382096" lbRx="0.83038218" />
<p fId="0" fbTx="0.82038218" lbTx="0.820383055" tId="1" fbRx="0.82038218" lbRx="0.820383055" />
<p fId="1" fbTx="0.820383055" lbTx="0.82038393" tId="4" fbRx="0.820383055" lbRx="0.82038393" />
<p fId="3" fbTx="0.820482096" lbTx="0.82048218" tId="0" fbRx="0.830482096" lbRx="0.83048218" />
<p fId="0" fbTx="0.82048218" lbTx="0.820483055" tId="1" fbRx="0.82048218" lbRx="0.820483055" />
<p fId="1" fbTx="0.820483055" lbTx="0.82048393" tId="4" fbRx="0.820483055" lbRx="0.82048393" />
<p fId="3" fbTx="0.820582096" lbTx="0.82058218" tId="0" fbRx="0.830582096" lbRx="0.83058218" />
<p fId="0" fbTx="0.82058218" lbTx="0.820583055" tId="1" fbRx="0.82058218" lbRx="0.820583055" />
<p fId="1" fbTx="0.820583055" lbTx="0.82058393" tId="4" fbRx="0.820583055" lbRx="0.82058393" />
<p fId="3" fbTx="0.820682096" lbTx="0.82068218" tId="0" fbRx="0.830682096" lbRx="0.83068218" />
<p fId="0" fbTx="0.82068218" lbTx="0.820683055" tId="1" fbRx="0.82068218" lbRx="0.820683055" />
<p fId="1" fbTx="0.820683055" lbTx="0.82068393" tId="4" fbRx="0.820683055" lbRx="0.82068393" />
<p fId="3" fbTx="0.820782096" lbTx="0.82078218" tId="0" fbRx="0.830782096" lbRx="0.83078218" />
<p fId="0" fbTx="0.82078218" lbTx="0.820783055" tId="1" fbRx="0.82078218" lbRx="0.820783055" />
<p fId="1" fbTx="0.820783055" lbTx="0.82078393" tId="4" fbRx="0.820783055" lbRx="0.82078393" />
<p fId="3" fbTx="0.820882096" lbTx="0.82088218" tId="0" fbRx="0.830882096" lbRx="0.83088218" />
<p fId="0" fbTx="0.82088218" lbTx="0.820883055" tId="1" fbRx="0.82088218" lbRx="0.820883055" />
<p fId="1" fbTx="0.820883055" lbTx="0.82088393" tId="4" fbRx="0.820883055" lbRx="0.82088393" />
<p fId="3" fbTx="0.820982096" lbTx="0.82098218" tId="0" fbRx="0.830982096" lbRx="0.83098218" />
<p fId="0" fbTx="0.82098218" lbTx="0.820983055" tId="1" fbRx="0.82098218" lbRx="0.820983055" />
<p fId="1" fbTx="0.820983055" lbTx="0.82098393" tId="4" fbRx="0.820983055" lbRx="0.82098393" />
<p fId="3" fbTx="0.821082096" lbTx="0.82108218" tId="0" fbRx="0.831082096" lbRx="0.83108218" />
<p fId="0" fbTx="0.82108218" lbTx="0.821083055" tId="1" fbRx="0.82108218" lbRx="0.821083055" />
<p fId="1" fbTx="0.821083055" lbTx="0.82108393" tId="4" fbRx="0.821083055" lbRx="0.82108393" />
<p fId="3" fbTx="0.821182096" lbTx="0.82118218" tId="0" fbRx="0.831182096" lbRx="0.83118218" />
<p fId="0" fbTx="0.82118218" lbTx="0.821183055" tId="1" fbRx="0.82118218" lbRx="0.821183055" />
<p fId="1" fbTx="0.821183055" lbTx="0.82118393" tId="4" fbRx="0.821183055" lbRx="0.82118393" />
<pr uId="799" fId="4" fbTx="0.821214286" />
<wpr uId="799" tId="5" fbRx="0.821214286" lbRx="0" />
<wpr uId="799" tId="6" fbRx="0.821214286" lbRx="0" />
<p fId="3" fbTx="0.821282096" lbTx="0.82128218" tId="0" fbRx="0.831282096" lbRx="0.83128218" />
<p fId="0" fbTx="0.82128218" lbTx="0.821283055" tId="1" fbRx="0.82128218" lbRx="0.821283055" />
<p fId="1" fbTx="0.821283055" lbTx="0.82128393" tId="4" fbRx="0.821283055" lbRx="0.82128393" />
<p fId="3" fbTx="0.821382096" lbTx="0.82138218" tId="0" fbRx="0.831382096" lbRx="0.83138218" />
<p fId="0" fbTx="0.82138218" lbTx="0.821383055" tId="1" fbRx="0.82138218" lbRx="0.821383055" />
<p fId="1" fbTx="0.821383055" lbTx="0.82138393" tId="4" fbRx="0.821383055" lbRx="0.82138393" />
<p fId="3" fbTx="0.821482096" lbTx="0.82148218" tId="0" fbRx="0.831482096" lbRx="0.83148218" />
<p fId="0" fbTx="0.82148218" lbTx="0.821483055" tId="1" fbRx="0.82148218" lbRx="0.821483055" />
<p fId="1" fbTx="0.821483055" lbTx="0.82148393" tId="4" fbRx="0.821483055" lbRx="0.82148393" />
<p fId="3" fbTx="0.821582096" lbTx="0.82158218" tId="0" fbRx="0.831582096" lbRx="0.83158218" />
<p fId="0" fbTx="0.82158218" lbTx="0.821583055" tId="1" fbRx="0.82158218" lbRx="0.821583055" />
<p fId="1" fbTx="0.821583055" lbTx="0.82158393" tId="4" fbRx="0.821583055" lbRx="0.82158393" />
<p fId="3" fbTx="0.821682096" lbTx="0.82168218" tId="0" fbRx="0.831682096" lbRx="0.83168218" />
<p fId="0" fbTx="0.82168218" lbTx="0.821683055" tId="1" fbRx="0.82168218" lbRx="0.821683055" />
<p fId="1" fbTx="0.821683055" lbTx="0.82168393" tId="4" fbRx="0.821683055" lbRx="0.82168393" />
<p fId="3" fbTx="0.821782096" lbTx="0.82178218" tId="0" fbRx="0.831782096" lbRx="0.83178218" />
<p fId="0" fbTx="0.82178218" lbTx="0.821783055" tId="1" fbRx="0.82178218" lbRx="0.821783055" />
<p fId="1" fbTx="0.821783055" lbTx="0.82178393" tId="4" fbRx="0.821783055" lbRx="0.82178393" />
<p fId="3" fbTx="0.821882096" lbTx="0.82188218" tId="0" fbRx="0.831882096" lbRx="0.83188218" />
<p fId="0" fbTx="0.82188218" lbTx="0.821883055" tId="1" fbRx="0.82188218" lbRx="0.821883055" />
<p fId="1" fbTx="0.821883055" lbTx="0.82188393" tId="4" fbRx="0.821883055" lbRx="0.82188393" />
<p fId="3" fbTx="0.821982096" lbTx="0.82198218" tId="0" fbRx="0.831982096" lbRx="0.83198218" />
<p fId="0" fbTx="0.82198218" lbTx="0.821983055" tId="1" fbRx="0.82198218" lbRx="0.821983055" />
<p fId="1" fbTx="0.821983055" lbTx="0.82198393" tId="4" fbRx="0.821983055" lbRx="0.82198393" />
<p fId="3" fbTx="0.822082096" lbTx="0.82208218" tId="0" fbRx="0.832082096" lbRx="0.83208218" />
<p fId="0" fbTx="0.82208218" lbTx="0.822083055" tId="1" fbRx="0.82208218" lbRx="0.822083055" />
<p fId="1" fbTx="0.822083055" lbTx="0.82208393" tId="4" fbRx="0.822083055" lbRx="0.82208393" />
<p fId="3" fbTx="0.822182096" lbTx="0.82218218" tId="0" fbRx="0.832182096" lbRx="0.83218218" />
<p fId="0" fbTx="0.82218218" lbTx="0.822183055" tId="1" fbRx="0.82218218" lbRx="0.822183055" />
<p fId="1" fbTx="0.822183055" lbTx="0.82218393" tId="4" fbRx="0.822183055" lbRx="0.82218393" />
<pr uId="800" fId="4" fbTx="0.822214286" />
<wpr uId="800" tId="5" fbRx="0.822214286" lbRx="0" />
<wpr uId="800" tId="6" fbRx="0.822214286" lbRx="0" />
<p fId="3" fbTx="0.822282096" lbTx="0.82228218" tId="0" fbRx="0.832282096" lbRx="0.83228218" />
<p fId="0" fbTx="0.82228218" lbTx="0.822283055" tId="1" fbRx="0.82228218" lbRx="0.822283055" />
<p fId="1" fbTx="0.822283055" lbTx="0.82228393" tId="4" fbRx="0.822283055" lbRx="0.82228393" />
<p fId="3" fbTx="0.822382096" lbTx="0.82238218" tId="0" fbRx="0.832382096" lbRx="0.83238218" />
<p fId="0" fbTx="0.82238218" lbTx="0.822383055" tId="1" fbRx="0.82238218" lbRx="0.822383055" />
<p fId="1" fbTx="0.822383055" lbTx="0.82238393" tId="4" fbRx="0.822383055" lbRx="0.82238393" />
<p fId="3" fbTx="0.822482096" lbTx="0.82248218" tId="0" fbRx="0.832482096" lbRx="0.83248218" />
<p fId="0" fbTx="0.82248218" lbTx="0.822483055" tId="1" fbRx="0.82248218" lbRx="0.822483055" />
<p fId="1" fbTx="0.822483055" lbTx="0.82248393" tId="4" fbRx="0.822483055" lbRx="0.82248393" />
<p fId="3" fbTx="0.822582096" lbTx="0.82258218" tId="0" fbRx="0.832582096" lbRx="0.83258218" />
<p fId="0" fbTx="0.82258218" lbTx="0.822583055" tId="1" fbRx="0.82258218" lbRx="0.822583055" />
<p fId="1" fbTx="0.822583055" lbTx="0.82258393" tId="4" fbRx="0.822583055" lbRx="0.82258393" />
<p fId="3" fbTx="0.822682096" lbTx="0.82268218" tId="0" fbRx="0.832682096" lbRx="0.83268218" />
<p fId="0" fbTx="0.82268218" lbTx="0.822683055" tId="1" fbRx="0.82268218" lbRx="0.822683055" />
<p fId="1" fbTx="0.822683055" lbTx="0.82268393" tId="4" fbRx="0.822683055" lbRx="0.82268393" />
<p fId="3" fbTx="0.822782096" lbTx="0.82278218" tId="0" fbRx="0.832782096" lbRx="0.83278218" />
<p fId="0" fbTx="0.82278218" lbTx="0.822783055" tId="1" fbRx="0.82278218" lbRx="0.822783055" />
<p fId="1" fbTx="0.822783055" lbTx="0.82278393" tId="4" fbRx="0.822783055" lbRx="0.82278393" />
<p fId="3" fbTx="0.822882096" lbTx="0.82288218" tId="0" fbRx="0.832882096" lbRx="0.83288218" />
<p fId="0" fbTx="0.82288218" lbTx="0.822883055" tId="1" fbRx="0.82288218" lbRx="0.822883055" />
<p fId="1" fbTx="0.822883055" lbTx="0.82288393" tId="4" fbRx="0.822883055" lbRx="0.82288393" />
<p fId="3" fbTx="0.822982096" lbTx="0.82298218" tId="0" fbRx="0.832982096" lbRx="0.83298218" />
<p fId="0" fbTx="0.82298218" lbTx="0.822983055" tId="1" fbRx="0.82298218" lbRx="0.822983055" />
<p fId="1" fbTx="0.822983055" lbTx="0.82298393" tId="4" fbRx="0.822983055" lbRx="0.82298393" />
<p fId="3" fbTx="0.823082096" lbTx="0.82308218" tId="0" fbRx="0.833082096" lbRx="0.83308218" />
<p fId="0" fbTx="0.82308218" lbTx="0.823083055" tId="1" fbRx="0.82308218" lbRx="0.823083055" />
<p fId="1" fbTx="0.823083055" lbTx="0.82308393" tId="4" fbRx="0.823083055" lbRx="0.82308393" />
<p fId="3" fbTx="0.823182096" lbTx="0.82318218" tId="0" fbRx="0.833182096" lbRx="0.83318218" />
<p fId="0" fbTx="0.82318218" lbTx="0.823183055" tId="1" fbRx="0.82318218" lbRx="0.823183055" />
<p fId="1" fbTx="0.823183055" lbTx="0.82318393" tId="4" fbRx="0.823183055" lbRx="0.82318393" />
<pr uId="801" fId="4" fbTx="0.823214286" />
<wpr uId="801" tId="5" fbRx="0.823214286" lbRx="0" />
<wpr uId="801" tId="6" fbRx="0.823214286" lbRx="0" />
<p fId="3" fbTx="0.823282096" lbTx="0.82328218" tId="0" fbRx="0.833282096" lbRx="0.83328218" />
<p fId="0" fbTx="0.82328218" lbTx="0.823283055" tId="1" fbRx="0.82328218" lbRx="0.823283055" />
<p fId="1" fbTx="0.823283055" lbTx="0.82328393" tId="4" fbRx="0.823283055" lbRx="0.82328393" />
<p fId="3" fbTx="0.823382096" lbTx="0.82338218" tId="0" fbRx="0.833382096" lbRx="0.83338218" />
<p fId="0" fbTx="0.82338218" lbTx="0.823383055" tId="1" fbRx="0.82338218" lbRx="0.823383055" />
<p fId="1" fbTx="0.823383055" lbTx="0.82338393" tId="4" fbRx="0.823383055" lbRx="0.82338393" />
<p fId="3" fbTx="0.823482096" lbTx="0.82348218" tId="0" fbRx="0.833482096" lbRx="0.83348218" />
<p fId="0" fbTx="0.82348218" lbTx="0.823483055" tId="1" fbRx="0.82348218" lbRx="0.823483055" />
<p fId="1" fbTx="0.823483055" lbTx="0.82348393" tId="4" fbRx="0.823483055" lbRx="0.82348393" />
<p fId="3" fbTx="0.823582096" lbTx="0.82358218" tId="0" fbRx="0.833582096" lbRx="0.83358218" />
<p fId="0" fbTx="0.82358218" lbTx="0.823583055" tId="1" fbRx="0.82358218" lbRx="0.823583055" />
<p fId="1" fbTx="0.823583055" lbTx="0.82358393" tId="4" fbRx="0.823583055" lbRx="0.82358393" />
<p fId="3" fbTx="0.823682096" lbTx="0.82368218" tId="0" fbRx="0.833682096" lbRx="0.83368218" />
<p fId="0" fbTx="0.82368218" lbTx="0.823683055" tId="1" fbRx="0.82368218" lbRx="0.823683055" />
<p fId="1" fbTx="0.823683055" lbTx="0.82368393" tId="4" fbRx="0.823683055" lbRx="0.82368393" />
<p fId="3" fbTx="0.823782096" lbTx="0.82378218" tId="0" fbRx="0.833782096" lbRx="0.83378218" />
<p fId="0" fbTx="0.82378218" lbTx="0.823783055" tId="1" fbRx="0.82378218" lbRx="0.823783055" />
<p fId="1" fbTx="0.823783055" lbTx="0.82378393" tId="4" fbRx="0.823783055" lbRx="0.82378393" />
<p fId="3" fbTx="0.823882096" lbTx="0.82388218" tId="0" fbRx="0.833882096" lbRx="0.83388218" />
<p fId="0" fbTx="0.82388218" lbTx="0.823883055" tId="1" fbRx="0.82388218" lbRx="0.823883055" />
<p fId="1" fbTx="0.823883055" lbTx="0.82388393" tId="4" fbRx="0.823883055" lbRx="0.82388393" />
<p fId="3" fbTx="0.823982096" lbTx="0.82398218" tId="0" fbRx="0.833982096" lbRx="0.83398218" />
<p fId="0" fbTx="0.82398218" lbTx="0.823983055" tId="1" fbRx="0.82398218" lbRx="0.823983055" />
<p fId="1" fbTx="0.823983055" lbTx="0.82398393" tId="4" fbRx="0.823983055" lbRx="0.82398393" />
<p fId="3" fbTx="0.824082096" lbTx="0.82408218" tId="0" fbRx="0.834082096" lbRx="0.83408218" />
<p fId="0" fbTx="0.82408218" lbTx="0.824083055" tId="1" fbRx="0.82408218" lbRx="0.824083055" />
<p fId="1" fbTx="0.824083055" lbTx="0.82408393" tId="4" fbRx="0.824083055" lbRx="0.82408393" />
<p fId="3" fbTx="0.824182096" lbTx="0.82418218" tId="0" fbRx="0.834182096" lbRx="0.83418218" />
<p fId="0" fbTx="0.82418218" lbTx="0.824183055" tId="1" fbRx="0.82418218" lbRx="0.824183055" />
<p fId="1" fbTx="0.824183055" lbTx="0.82418393" tId="4" fbRx="0.824183055" lbRx="0.82418393" />
<pr uId="802" fId="4" fbTx="0.824214286" />
<wpr uId="802" tId="5" fbRx="0.824214286" lbRx="0" />
<wpr uId="802" tId="6" fbRx="0.824214286" lbRx="0" />
<p fId="3" fbTx="0.824282096" lbTx="0.82428218" tId="0" fbRx="0.834282096" lbRx="0.83428218" />
<p fId="0" fbTx="0.82428218" lbTx="0.824283055" tId="1" fbRx="0.82428218" lbRx="0.824283055" />
<p fId="1" fbTx="0.824283055" lbTx="0.82428393" tId="4" fbRx="0.824283055" lbRx="0.82428393" />
<p fId="3" fbTx="0.824382096" lbTx="0.82438218" tId="0" fbRx="0.834382096" lbRx="0.83438218" />
<p fId="0" fbTx="0.82438218" lbTx="0.824383055" tId="1" fbRx="0.82438218" lbRx="0.824383055" />
<p fId="1" fbTx="0.824383055" lbTx="0.82438393" tId="4" fbRx="0.824383055" lbRx="0.82438393" />
<p fId="3" fbTx="0.824482096" lbTx="0.82448218" tId="0" fbRx="0.834482096" lbRx="0.83448218" />
<p fId="0" fbTx="0.82448218" lbTx="0.824483055" tId="1" fbRx="0.82448218" lbRx="0.824483055" />
<p fId="1" fbTx="0.824483055" lbTx="0.82448393" tId="4" fbRx="0.824483055" lbRx="0.82448393" />
<p fId="3" fbTx="0.824582096" lbTx="0.82458218" tId="0" fbRx="0.834582096" lbRx="0.83458218" />
<p fId="0" fbTx="0.82458218" lbTx="0.824583055" tId="1" fbRx="0.82458218" lbRx="0.824583055" />
<p fId="1" fbTx="0.824583055" lbTx="0.82458393" tId="4" fbRx="0.824583055" lbRx="0.82458393" />
<p fId="3" fbTx="0.824682096" lbTx="0.82468218" tId="0" fbRx="0.834682096" lbRx="0.83468218" />
<p fId="0" fbTx="0.82468218" lbTx="0.824683055" tId="1" fbRx="0.82468218" lbRx="0.824683055" />
<p fId="1" fbTx="0.824683055" lbTx="0.82468393" tId="4" fbRx="0.824683055" lbRx="0.82468393" />
<p fId="3" fbTx="0.824782096" lbTx="0.82478218" tId="0" fbRx="0.834782096" lbRx="0.83478218" />
<p fId="0" fbTx="0.82478218" lbTx="0.824783055" tId="1" fbRx="0.82478218" lbRx="0.824783055" />
<p fId="1" fbTx="0.824783055" lbTx="0.82478393" tId="4" fbRx="0.824783055" lbRx="0.82478393" />
<p fId="3" fbTx="0.824882096" lbTx="0.82488218" tId="0" fbRx="0.834882096" lbRx="0.83488218" />
<p fId="0" fbTx="0.82488218" lbTx="0.824883055" tId="1" fbRx="0.82488218" lbRx="0.824883055" />
<p fId="1" fbTx="0.824883055" lbTx="0.82488393" tId="4" fbRx="0.824883055" lbRx="0.82488393" />
<p fId="3" fbTx="0.824982096" lbTx="0.82498218" tId="0" fbRx="0.834982096" lbRx="0.83498218" />
<p fId="0" fbTx="0.82498218" lbTx="0.824983055" tId="1" fbRx="0.82498218" lbRx="0.824983055" />
<p fId="1" fbTx="0.824983055" lbTx="0.82498393" tId="4" fbRx="0.824983055" lbRx="0.82498393" />
<p fId="3" fbTx="0.825082096" lbTx="0.82508218" tId="0" fbRx="0.835082096" lbRx="0.83508218" />
<p fId="0" fbTx="0.82508218" lbTx="0.825083055" tId="1" fbRx="0.82508218" lbRx="0.825083055" />
<p fId="1" fbTx="0.825083055" lbTx="0.82508393" tId="4" fbRx="0.825083055" lbRx="0.82508393" />
<p fId="3" fbTx="0.825182096" lbTx="0.82518218" tId="0" fbRx="0.835182096" lbRx="0.83518218" />
<p fId="0" fbTx="0.82518218" lbTx="0.825183055" tId="1" fbRx="0.82518218" lbRx="0.825183055" />
<p fId="1" fbTx="0.825183055" lbTx="0.82518393" tId="4" fbRx="0.825183055" lbRx="0.82518393" />
<pr uId="803" fId="4" fbTx="0.825214286" />
<wpr uId="803" tId="5" fbRx="0.825214286" lbRx="0" />
<wpr uId="803" tId="6" fbRx="0.825214286" lbRx="0" />
<p fId="3" fbTx="0.825282096" lbTx="0.82528218" tId="0" fbRx="0.835282096" lbRx="0.83528218" />
<p fId="0" fbTx="0.82528218" lbTx="0.825283055" tId="1" fbRx="0.82528218" lbRx="0.825283055" />
<p fId="1" fbTx="0.825283055" lbTx="0.82528393" tId="4" fbRx="0.825283055" lbRx="0.82528393" />
<p fId="3" fbTx="0.825382096" lbTx="0.82538218" tId="0" fbRx="0.835382096" lbRx="0.83538218" />
<p fId="0" fbTx="0.82538218" lbTx="0.825383055" tId="1" fbRx="0.82538218" lbRx="0.825383055" />
<p fId="1" fbTx="0.825383055" lbTx="0.82538393" tId="4" fbRx="0.825383055" lbRx="0.82538393" />
<p fId="3" fbTx="0.825482096" lbTx="0.82548218" tId="0" fbRx="0.835482096" lbRx="0.83548218" />
<p fId="0" fbTx="0.82548218" lbTx="0.825483055" tId="1" fbRx="0.82548218" lbRx="0.825483055" />
<p fId="1" fbTx="0.825483055" lbTx="0.82548393" tId="4" fbRx="0.825483055" lbRx="0.82548393" />
<p fId="3" fbTx="0.825582096" lbTx="0.82558218" tId="0" fbRx="0.835582096" lbRx="0.83558218" />
<p fId="0" fbTx="0.82558218" lbTx="0.825583055" tId="1" fbRx="0.82558218" lbRx="0.825583055" />
<p fId="1" fbTx="0.825583055" lbTx="0.82558393" tId="4" fbRx="0.825583055" lbRx="0.82558393" />
<p fId="3" fbTx="0.825682096" lbTx="0.82568218" tId="0" fbRx="0.835682096" lbRx="0.83568218" />
<p fId="0" fbTx="0.82568218" lbTx="0.825683055" tId="1" fbRx="0.82568218" lbRx="0.825683055" />
<p fId="1" fbTx="0.825683055" lbTx="0.82568393" tId="4" fbRx="0.825683055" lbRx="0.82568393" />
<p fId="3" fbTx="0.825782096" lbTx="0.82578218" tId="0" fbRx="0.835782096" lbRx="0.83578218" />
<p fId="0" fbTx="0.82578218" lbTx="0.825783055" tId="1" fbRx="0.82578218" lbRx="0.825783055" />
<p fId="1" fbTx="0.825783055" lbTx="0.82578393" tId="4" fbRx="0.825783055" lbRx="0.82578393" />
<p fId="3" fbTx="0.825882096" lbTx="0.82588218" tId="0" fbRx="0.835882096" lbRx="0.83588218" />
<p fId="0" fbTx="0.82588218" lbTx="0.825883055" tId="1" fbRx="0.82588218" lbRx="0.825883055" />
<p fId="1" fbTx="0.825883055" lbTx="0.82588393" tId="4" fbRx="0.825883055" lbRx="0.82588393" />
<p fId="3" fbTx="0.825982096" lbTx="0.82598218" tId="0" fbRx="0.835982096" lbRx="0.83598218" />
<p fId="0" fbTx="0.82598218" lbTx="0.825983055" tId="1" fbRx="0.82598218" lbRx="0.825983055" />
<p fId="1" fbTx="0.825983055" lbTx="0.82598393" tId="4" fbRx="0.825983055" lbRx="0.82598393" />
<p fId="3" fbTx="0.826082096" lbTx="0.82608218" tId="0" fbRx="0.836082096" lbRx="0.83608218" />
<p fId="0" fbTx="0.82608218" lbTx="0.826083055" tId="1" fbRx="0.82608218" lbRx="0.826083055" />
<p fId="1" fbTx="0.826083055" lbTx="0.82608393" tId="4" fbRx="0.826083055" lbRx="0.82608393" />
<p fId="3" fbTx="0.826182096" lbTx="0.82618218" tId="0" fbRx="0.836182096" lbRx="0.83618218" />
<p fId="0" fbTx="0.82618218" lbTx="0.826183055" tId="1" fbRx="0.82618218" lbRx="0.826183055" />
<p fId="1" fbTx="0.826183055" lbTx="0.82618393" tId="4" fbRx="0.826183055" lbRx="0.82618393" />
<pr uId="804" fId="4" fbTx="0.826214286" />
<wpr uId="804" tId="5" fbRx="0.826214286" lbRx="0" />
<wpr uId="804" tId="6" fbRx="0.826214286" lbRx="0" />
<p fId="3" fbTx="0.826282096" lbTx="0.82628218" tId="0" fbRx="0.836282096" lbRx="0.83628218" />
<p fId="0" fbTx="0.82628218" lbTx="0.826283055" tId="1" fbRx="0.82628218" lbRx="0.826283055" />
<p fId="1" fbTx="0.826283055" lbTx="0.82628393" tId="4" fbRx="0.826283055" lbRx="0.82628393" />
<p fId="3" fbTx="0.826382096" lbTx="0.82638218" tId="0" fbRx="0.836382096" lbRx="0.83638218" />
<p fId="0" fbTx="0.82638218" lbTx="0.826383055" tId="1" fbRx="0.82638218" lbRx="0.826383055" />
<p fId="1" fbTx="0.826383055" lbTx="0.82638393" tId="4" fbRx="0.826383055" lbRx="0.82638393" />
<p fId="3" fbTx="0.826482096" lbTx="0.82648218" tId="0" fbRx="0.836482096" lbRx="0.83648218" />
<p fId="0" fbTx="0.82648218" lbTx="0.826483055" tId="1" fbRx="0.82648218" lbRx="0.826483055" />
<p fId="1" fbTx="0.826483055" lbTx="0.82648393" tId="4" fbRx="0.826483055" lbRx="0.82648393" />
<p fId="3" fbTx="0.826582096" lbTx="0.82658218" tId="0" fbRx="0.836582096" lbRx="0.83658218" />
<p fId="0" fbTx="0.82658218" lbTx="0.826583055" tId="1" fbRx="0.82658218" lbRx="0.826583055" />
<p fId="1" fbTx="0.826583055" lbTx="0.82658393" tId="4" fbRx="0.826583055" lbRx="0.82658393" />
<p fId="3" fbTx="0.826682096" lbTx="0.82668218" tId="0" fbRx="0.836682096" lbRx="0.83668218" />
<p fId="0" fbTx="0.82668218" lbTx="0.826683055" tId="1" fbRx="0.82668218" lbRx="0.826683055" />
<p fId="1" fbTx="0.826683055" lbTx="0.82668393" tId="4" fbRx="0.826683055" lbRx="0.82668393" />
<p fId="3" fbTx="0.826782096" lbTx="0.82678218" tId="0" fbRx="0.836782096" lbRx="0.83678218" />
<p fId="0" fbTx="0.82678218" lbTx="0.826783055" tId="1" fbRx="0.82678218" lbRx="0.826783055" />
<p fId="1" fbTx="0.826783055" lbTx="0.82678393" tId="4" fbRx="0.826783055" lbRx="0.82678393" />
<p fId="3" fbTx="0.826882096" lbTx="0.82688218" tId="0" fbRx="0.836882096" lbRx="0.83688218" />
<p fId="0" fbTx="0.82688218" lbTx="0.826883055" tId="1" fbRx="0.82688218" lbRx="0.826883055" />
<p fId="1" fbTx="0.826883055" lbTx="0.82688393" tId="4" fbRx="0.826883055" lbRx="0.82688393" />
<p fId="3" fbTx="0.826982096" lbTx="0.82698218" tId="0" fbRx="0.836982096" lbRx="0.83698218" />
<p fId="0" fbTx="0.82698218" lbTx="0.826983055" tId="1" fbRx="0.82698218" lbRx="0.826983055" />
<p fId="1" fbTx="0.826983055" lbTx="0.82698393" tId="4" fbRx="0.826983055" lbRx="0.82698393" />
<p fId="3" fbTx="0.827082096" lbTx="0.82708218" tId="0" fbRx="0.837082096" lbRx="0.83708218" />
<p fId="0" fbTx="0.82708218" lbTx="0.827083055" tId="1" fbRx="0.82708218" lbRx="0.827083055" />
<p fId="1" fbTx="0.827083055" lbTx="0.82708393" tId="4" fbRx="0.827083055" lbRx="0.82708393" />
<p fId="3" fbTx="0.827182096" lbTx="0.82718218" tId="0" fbRx="0.837182096" lbRx="0.83718218" />
<p fId="0" fbTx="0.82718218" lbTx="0.827183055" tId="1" fbRx="0.82718218" lbRx="0.827183055" />
<p fId="1" fbTx="0.827183055" lbTx="0.82718393" tId="4" fbRx="0.827183055" lbRx="0.82718393" />
<pr uId="805" fId="4" fbTx="0.827214286" />
<wpr uId="805" tId="5" fbRx="0.827214286" lbRx="0" />
<wpr uId="805" tId="6" fbRx="0.827214286" lbRx="0" />
<p fId="3" fbTx="0.827282096" lbTx="0.82728218" tId="0" fbRx="0.837282096" lbRx="0.83728218" />
<p fId="0" fbTx="0.82728218" lbTx="0.827283055" tId="1" fbRx="0.82728218" lbRx="0.827283055" />
<p fId="1" fbTx="0.827283055" lbTx="0.82728393" tId="4" fbRx="0.827283055" lbRx="0.82728393" />
<p fId="3" fbTx="0.827382096" lbTx="0.82738218" tId="0" fbRx="0.837382096" lbRx="0.83738218" />
<p fId="0" fbTx="0.82738218" lbTx="0.827383055" tId="1" fbRx="0.82738218" lbRx="0.827383055" />
<p fId="1" fbTx="0.827383055" lbTx="0.82738393" tId="4" fbRx="0.827383055" lbRx="0.82738393" />
<p fId="3" fbTx="0.827482096" lbTx="0.82748218" tId="0" fbRx="0.837482096" lbRx="0.83748218" />
<p fId="0" fbTx="0.82748218" lbTx="0.827483055" tId="1" fbRx="0.82748218" lbRx="0.827483055" />
<p fId="1" fbTx="0.827483055" lbTx="0.82748393" tId="4" fbRx="0.827483055" lbRx="0.82748393" />
<p fId="3" fbTx="0.827582096" lbTx="0.82758218" tId="0" fbRx="0.837582096" lbRx="0.83758218" />
<p fId="0" fbTx="0.82758218" lbTx="0.827583055" tId="1" fbRx="0.82758218" lbRx="0.827583055" />
<p fId="1" fbTx="0.827583055" lbTx="0.82758393" tId="4" fbRx="0.827583055" lbRx="0.82758393" />
<p fId="3" fbTx="0.827682096" lbTx="0.82768218" tId="0" fbRx="0.837682096" lbRx="0.83768218" />
<p fId="0" fbTx="0.82768218" lbTx="0.827683055" tId="1" fbRx="0.82768218" lbRx="0.827683055" />
<p fId="1" fbTx="0.827683055" lbTx="0.82768393" tId="4" fbRx="0.827683055" lbRx="0.82768393" />
<p fId="3" fbTx="0.827782096" lbTx="0.82778218" tId="0" fbRx="0.837782096" lbRx="0.83778218" />
<p fId="0" fbTx="0.82778218" lbTx="0.827783055" tId="1" fbRx="0.82778218" lbRx="0.827783055" />
<p fId="1" fbTx="0.827783055" lbTx="0.82778393" tId="4" fbRx="0.827783055" lbRx="0.82778393" />
<p fId="3" fbTx="0.827882096" lbTx="0.82788218" tId="0" fbRx="0.837882096" lbRx="0.83788218" />
<p fId="0" fbTx="0.82788218" lbTx="0.827883055" tId="1" fbRx="0.82788218" lbRx="0.827883055" />
<p fId="1" fbTx="0.827883055" lbTx="0.82788393" tId="4" fbRx="0.827883055" lbRx="0.82788393" />
<p fId="3" fbTx="0.827982096" lbTx="0.82798218" tId="0" fbRx="0.837982096" lbRx="0.83798218" />
<p fId="0" fbTx="0.82798218" lbTx="0.827983055" tId="1" fbRx="0.82798218" lbRx="0.827983055" />
<p fId="1" fbTx="0.827983055" lbTx="0.82798393" tId="4" fbRx="0.827983055" lbRx="0.82798393" />
<p fId="3" fbTx="0.828082096" lbTx="0.82808218" tId="0" fbRx="0.838082096" lbRx="0.83808218" />
<p fId="0" fbTx="0.82808218" lbTx="0.828083055" tId="1" fbRx="0.82808218" lbRx="0.828083055" />
<p fId="1" fbTx="0.828083055" lbTx="0.82808393" tId="4" fbRx="0.828083055" lbRx="0.82808393" />
<p fId="3" fbTx="0.828182096" lbTx="0.82818218" tId="0" fbRx="0.838182096" lbRx="0.83818218" />
<p fId="0" fbTx="0.82818218" lbTx="0.828183055" tId="1" fbRx="0.82818218" lbRx="0.828183055" />
<p fId="1" fbTx="0.828183055" lbTx="0.82818393" tId="4" fbRx="0.828183055" lbRx="0.82818393" />
<pr uId="806" fId="4" fbTx="0.828214286" />
<wpr uId="806" tId="5" fbRx="0.828214286" lbRx="0" />
<wpr uId="806" tId="6" fbRx="0.828214286" lbRx="0" />
<p fId="3" fbTx="0.828282096" lbTx="0.82828218" tId="0" fbRx="0.838282096" lbRx="0.83828218" />
<p fId="0" fbTx="0.82828218" lbTx="0.828283055" tId="1" fbRx="0.82828218" lbRx="0.828283055" />
<p fId="1" fbTx="0.828283055" lbTx="0.82828393" tId="4" fbRx="0.828283055" lbRx="0.82828393" />
<p fId="3" fbTx="0.828382096" lbTx="0.82838218" tId="0" fbRx="0.838382096" lbRx="0.83838218" />
<p fId="0" fbTx="0.82838218" lbTx="0.828383055" tId="1" fbRx="0.82838218" lbRx="0.828383055" />
<p fId="1" fbTx="0.828383055" lbTx="0.82838393" tId="4" fbRx="0.828383055" lbRx="0.82838393" />
<p fId="3" fbTx="0.828482096" lbTx="0.82848218" tId="0" fbRx="0.838482096" lbRx="0.83848218" />
<p fId="0" fbTx="0.82848218" lbTx="0.828483055" tId="1" fbRx="0.82848218" lbRx="0.828483055" />
<p fId="1" fbTx="0.828483055" lbTx="0.82848393" tId="4" fbRx="0.828483055" lbRx="0.82848393" />
<p fId="3" fbTx="0.828582096" lbTx="0.82858218" tId="0" fbRx="0.838582096" lbRx="0.83858218" />
<p fId="0" fbTx="0.82858218" lbTx="0.828583055" tId="1" fbRx="0.82858218" lbRx="0.828583055" />
<p fId="1" fbTx="0.828583055" lbTx="0.82858393" tId="4" fbRx="0.828583055" lbRx="0.82858393" />
<p fId="3" fbTx="0.828682096" lbTx="0.82868218" tId="0" fbRx="0.838682096" lbRx="0.83868218" />
<p fId="0" fbTx="0.82868218" lbTx="0.828683055" tId="1" fbRx="0.82868218" lbRx="0.828683055" />
<p fId="1" fbTx="0.828683055" lbTx="0.82868393" tId="4" fbRx="0.828683055" lbRx="0.82868393" />
<p fId="3" fbTx="0.828782096" lbTx="0.82878218" tId="0" fbRx="0.838782096" lbRx="0.83878218" />
<p fId="0" fbTx="0.82878218" lbTx="0.828783055" tId="1" fbRx="0.82878218" lbRx="0.828783055" />
<p fId="1" fbTx="0.828783055" lbTx="0.82878393" tId="4" fbRx="0.828783055" lbRx="0.82878393" />
<p fId="3" fbTx="0.828882096" lbTx="0.82888218" tId="0" fbRx="0.838882096" lbRx="0.83888218" />
<p fId="0" fbTx="0.82888218" lbTx="0.828883055" tId="1" fbRx="0.82888218" lbRx="0.828883055" />
<p fId="1" fbTx="0.828883055" lbTx="0.82888393" tId="4" fbRx="0.828883055" lbRx="0.82888393" />
<p fId="3" fbTx="0.828982096" lbTx="0.82898218" tId="0" fbRx="0.838982096" lbRx="0.83898218" />
<p fId="0" fbTx="0.82898218" lbTx="0.828983055" tId="1" fbRx="0.82898218" lbRx="0.828983055" />
<p fId="1" fbTx="0.828983055" lbTx="0.82898393" tId="4" fbRx="0.828983055" lbRx="0.82898393" />
<p fId="3" fbTx="0.829082096" lbTx="0.82908218" tId="0" fbRx="0.839082096" lbRx="0.83908218" />
<p fId="0" fbTx="0.82908218" lbTx="0.829083055" tId="1" fbRx="0.82908218" lbRx="0.829083055" />
<p fId="1" fbTx="0.829083055" lbTx="0.82908393" tId="4" fbRx="0.829083055" lbRx="0.82908393" />
<p fId="3" fbTx="0.829182096" lbTx="0.82918218" tId="0" fbRx="0.839182096" lbRx="0.83918218" />
<p fId="0" fbTx="0.82918218" lbTx="0.829183055" tId="1" fbRx="0.82918218" lbRx="0.829183055" />
<p fId="1" fbTx="0.829183055" lbTx="0.82918393" tId="4" fbRx="0.829183055" lbRx="0.82918393" />
<pr uId="807" fId="4" fbTx="0.829214286" />
<wpr uId="807" tId="5" fbRx="0.829214286" lbRx="0" />
<wpr uId="807" tId="6" fbRx="0.829214286" lbRx="0" />
<p fId="3" fbTx="0.829282096" lbTx="0.82928218" tId="0" fbRx="0.839282096" lbRx="0.83928218" />
<p fId="0" fbTx="0.82928218" lbTx="0.829283055" tId="1" fbRx="0.82928218" lbRx="0.829283055" />
<p fId="1" fbTx="0.829283055" lbTx="0.82928393" tId="4" fbRx="0.829283055" lbRx="0.82928393" />
<p fId="3" fbTx="0.829382096" lbTx="0.82938218" tId="0" fbRx="0.839382096" lbRx="0.83938218" />
<p fId="0" fbTx="0.82938218" lbTx="0.829383055" tId="1" fbRx="0.82938218" lbRx="0.829383055" />
<p fId="1" fbTx="0.829383055" lbTx="0.82938393" tId="4" fbRx="0.829383055" lbRx="0.82938393" />
<p fId="3" fbTx="0.829482096" lbTx="0.82948218" tId="0" fbRx="0.839482096" lbRx="0.83948218" />
<p fId="0" fbTx="0.82948218" lbTx="0.829483055" tId="1" fbRx="0.82948218" lbRx="0.829483055" />
<p fId="1" fbTx="0.829483055" lbTx="0.82948393" tId="4" fbRx="0.829483055" lbRx="0.82948393" />
<p fId="3" fbTx="0.829582096" lbTx="0.82958218" tId="0" fbRx="0.839582096" lbRx="0.83958218" />
<p fId="0" fbTx="0.82958218" lbTx="0.829583055" tId="1" fbRx="0.82958218" lbRx="0.829583055" />
<p fId="1" fbTx="0.829583055" lbTx="0.82958393" tId="4" fbRx="0.829583055" lbRx="0.82958393" />
<p fId="3" fbTx="0.829682096" lbTx="0.82968218" tId="0" fbRx="0.839682096" lbRx="0.83968218" />
<p fId="0" fbTx="0.82968218" lbTx="0.829683055" tId="1" fbRx="0.82968218" lbRx="0.829683055" />
<p fId="1" fbTx="0.829683055" lbTx="0.82968393" tId="4" fbRx="0.829683055" lbRx="0.82968393" />
<p fId="3" fbTx="0.829782096" lbTx="0.82978218" tId="0" fbRx="0.839782096" lbRx="0.83978218" />
<p fId="0" fbTx="0.82978218" lbTx="0.829783055" tId="1" fbRx="0.82978218" lbRx="0.829783055" />
<p fId="1" fbTx="0.829783055" lbTx="0.82978393" tId="4" fbRx="0.829783055" lbRx="0.82978393" />
<p fId="3" fbTx="0.829882096" lbTx="0.82988218" tId="0" fbRx="0.839882096" lbRx="0.83988218" />
<p fId="0" fbTx="0.82988218" lbTx="0.829883055" tId="1" fbRx="0.82988218" lbRx="0.829883055" />
<p fId="1" fbTx="0.829883055" lbTx="0.82988393" tId="4" fbRx="0.829883055" lbRx="0.82988393" />
<p fId="3" fbTx="0.829982096" lbTx="0.82998218" tId="0" fbRx="0.839982096" lbRx="0.83998218" />
<p fId="0" fbTx="0.82998218" lbTx="0.829983055" tId="1" fbRx="0.82998218" lbRx="0.829983055" />
<p fId="1" fbTx="0.829983055" lbTx="0.82998393" tId="4" fbRx="0.829983055" lbRx="0.82998393" />
<p fId="3" fbTx="0.830082096" lbTx="0.83008218" tId="0" fbRx="0.840082096" lbRx="0.84008218" />
<p fId="0" fbTx="0.83008218" lbTx="0.830083055" tId="1" fbRx="0.83008218" lbRx="0.830083055" />
<p fId="1" fbTx="0.830083055" lbTx="0.83008393" tId="4" fbRx="0.830083055" lbRx="0.83008393" />
<p fId="3" fbTx="0.830182096" lbTx="0.83018218" tId="0" fbRx="0.840182096" lbRx="0.84018218" />
<p fId="0" fbTx="0.83018218" lbTx="0.830183055" tId="1" fbRx="0.83018218" lbRx="0.830183055" />
<p fId="1" fbTx="0.830183055" lbTx="0.83018393" tId="4" fbRx="0.830183055" lbRx="0.83018393" />
<pr uId="808" fId="4" fbTx="0.830214286" />
<wpr uId="808" tId="5" fbRx="0.830214286" lbRx="0" />
<wpr uId="808" tId="6" fbRx="0.830214286" lbRx="0" />
<p fId="3" fbTx="0.830282096" lbTx="0.83028218" tId="0" fbRx="0.840282096" lbRx="0.84028218" />
<p fId="0" fbTx="0.83028218" lbTx="0.830283055" tId="1" fbRx="0.83028218" lbRx="0.830283055" />
<p fId="1" fbTx="0.830283055" lbTx="0.83028393" tId="4" fbRx="0.830283055" lbRx="0.83028393" />
<p fId="3" fbTx="0.830382096" lbTx="0.83038218" tId="0" fbRx="0.840382096" lbRx="0.84038218" />
<p fId="0" fbTx="0.83038218" lbTx="0.830383055" tId="1" fbRx="0.83038218" lbRx="0.830383055" />
<p fId="1" fbTx="0.830383055" lbTx="0.83038393" tId="4" fbRx="0.830383055" lbRx="0.83038393" />
<p fId="3" fbTx="0.830482096" lbTx="0.83048218" tId="0" fbRx="0.840482096" lbRx="0.84048218" />
<p fId="0" fbTx="0.83048218" lbTx="0.830483055" tId="1" fbRx="0.83048218" lbRx="0.830483055" />
<p fId="1" fbTx="0.830483055" lbTx="0.83048393" tId="4" fbRx="0.830483055" lbRx="0.83048393" />
<p fId="3" fbTx="0.830582096" lbTx="0.83058218" tId="0" fbRx="0.840582096" lbRx="0.84058218" />
<p fId="0" fbTx="0.83058218" lbTx="0.830583055" tId="1" fbRx="0.83058218" lbRx="0.830583055" />
<p fId="1" fbTx="0.830583055" lbTx="0.83058393" tId="4" fbRx="0.830583055" lbRx="0.83058393" />
<p fId="3" fbTx="0.830682096" lbTx="0.83068218" tId="0" fbRx="0.840682096" lbRx="0.84068218" />
<p fId="0" fbTx="0.83068218" lbTx="0.830683055" tId="1" fbRx="0.83068218" lbRx="0.830683055" />
<p fId="1" fbTx="0.830683055" lbTx="0.83068393" tId="4" fbRx="0.830683055" lbRx="0.83068393" />
<p fId="3" fbTx="0.830782096" lbTx="0.83078218" tId="0" fbRx="0.840782096" lbRx="0.84078218" />
<p fId="0" fbTx="0.83078218" lbTx="0.830783055" tId="1" fbRx="0.83078218" lbRx="0.830783055" />
<p fId="1" fbTx="0.830783055" lbTx="0.83078393" tId="4" fbRx="0.830783055" lbRx="0.83078393" />
<p fId="3" fbTx="0.830882096" lbTx="0.83088218" tId="0" fbRx="0.840882096" lbRx="0.84088218" />
<p fId="0" fbTx="0.83088218" lbTx="0.830883055" tId="1" fbRx="0.83088218" lbRx="0.830883055" />
<p fId="1" fbTx="0.830883055" lbTx="0.83088393" tId="4" fbRx="0.830883055" lbRx="0.83088393" />
<p fId="3" fbTx="0.830982096" lbTx="0.83098218" tId="0" fbRx="0.840982096" lbRx="0.84098218" />
<p fId="0" fbTx="0.83098218" lbTx="0.830983055" tId="1" fbRx="0.83098218" lbRx="0.830983055" />
<p fId="1" fbTx="0.830983055" lbTx="0.83098393" tId="4" fbRx="0.830983055" lbRx="0.83098393" />
<p fId="3" fbTx="0.831082096" lbTx="0.83108218" tId="0" fbRx="0.841082096" lbRx="0.84108218" />
<p fId="0" fbTx="0.83108218" lbTx="0.831083055" tId="1" fbRx="0.83108218" lbRx="0.831083055" />
<p fId="1" fbTx="0.831083055" lbTx="0.83108393" tId="4" fbRx="0.831083055" lbRx="0.83108393" />
<p fId="3" fbTx="0.831182096" lbTx="0.83118218" tId="0" fbRx="0.841182096" lbRx="0.84118218" />
<p fId="0" fbTx="0.83118218" lbTx="0.831183055" tId="1" fbRx="0.83118218" lbRx="0.831183055" />
<p fId="1" fbTx="0.831183055" lbTx="0.83118393" tId="4" fbRx="0.831183055" lbRx="0.83118393" />
<pr uId="809" fId="4" fbTx="0.831214286" />
<wpr uId="809" tId="5" fbRx="0.831214286" lbRx="0" />
<wpr uId="809" tId="6" fbRx="0.831214286" lbRx="0" />
<p fId="3" fbTx="0.831282096" lbTx="0.83128218" tId="0" fbRx="0.841282096" lbRx="0.84128218" />
<p fId="0" fbTx="0.83128218" lbTx="0.831283055" tId="1" fbRx="0.83128218" lbRx="0.831283055" />
<p fId="1" fbTx="0.831283055" lbTx="0.83128393" tId="4" fbRx="0.831283055" lbRx="0.83128393" />
<p fId="3" fbTx="0.831382096" lbTx="0.83138218" tId="0" fbRx="0.841382096" lbRx="0.84138218" />
<p fId="0" fbTx="0.83138218" lbTx="0.831383055" tId="1" fbRx="0.83138218" lbRx="0.831383055" />
<p fId="1" fbTx="0.831383055" lbTx="0.83138393" tId="4" fbRx="0.831383055" lbRx="0.83138393" />
<p fId="3" fbTx="0.831482096" lbTx="0.83148218" tId="0" fbRx="0.841482096" lbRx="0.84148218" />
<p fId="0" fbTx="0.83148218" lbTx="0.831483055" tId="1" fbRx="0.83148218" lbRx="0.831483055" />
<p fId="1" fbTx="0.831483055" lbTx="0.83148393" tId="4" fbRx="0.831483055" lbRx="0.83148393" />
<p fId="3" fbTx="0.831582096" lbTx="0.83158218" tId="0" fbRx="0.841582096" lbRx="0.84158218" />
<p fId="0" fbTx="0.83158218" lbTx="0.831583055" tId="1" fbRx="0.83158218" lbRx="0.831583055" />
<p fId="1" fbTx="0.831583055" lbTx="0.83158393" tId="4" fbRx="0.831583055" lbRx="0.83158393" />
<p fId="3" fbTx="0.831682096" lbTx="0.83168218" tId="0" fbRx="0.841682096" lbRx="0.84168218" />
<p fId="0" fbTx="0.83168218" lbTx="0.831683055" tId="1" fbRx="0.83168218" lbRx="0.831683055" />
<p fId="1" fbTx="0.831683055" lbTx="0.83168393" tId="4" fbRx="0.831683055" lbRx="0.83168393" />
<p fId="3" fbTx="0.831782096" lbTx="0.83178218" tId="0" fbRx="0.841782096" lbRx="0.84178218" />
<p fId="0" fbTx="0.83178218" lbTx="0.831783055" tId="1" fbRx="0.83178218" lbRx="0.831783055" />
<p fId="1" fbTx="0.831783055" lbTx="0.83178393" tId="4" fbRx="0.831783055" lbRx="0.83178393" />
<p fId="3" fbTx="0.831882096" lbTx="0.83188218" tId="0" fbRx="0.841882096" lbRx="0.84188218" />
<p fId="0" fbTx="0.83188218" lbTx="0.831883055" tId="1" fbRx="0.83188218" lbRx="0.831883055" />
<p fId="1" fbTx="0.831883055" lbTx="0.83188393" tId="4" fbRx="0.831883055" lbRx="0.83188393" />
<p fId="3" fbTx="0.831982096" lbTx="0.83198218" tId="0" fbRx="0.841982096" lbRx="0.84198218" />
<p fId="0" fbTx="0.83198218" lbTx="0.831983055" tId="1" fbRx="0.83198218" lbRx="0.831983055" />
<p fId="1" fbTx="0.831983055" lbTx="0.83198393" tId="4" fbRx="0.831983055" lbRx="0.83198393" />
<p fId="3" fbTx="0.832082096" lbTx="0.83208218" tId="0" fbRx="0.842082096" lbRx="0.84208218" />
<p fId="0" fbTx="0.83208218" lbTx="0.832083055" tId="1" fbRx="0.83208218" lbRx="0.832083055" />
<p fId="1" fbTx="0.832083055" lbTx="0.83208393" tId="4" fbRx="0.832083055" lbRx="0.83208393" />
<p fId="3" fbTx="0.832182096" lbTx="0.83218218" tId="0" fbRx="0.842182096" lbRx="0.84218218" />
<p fId="0" fbTx="0.83218218" lbTx="0.832183055" tId="1" fbRx="0.83218218" lbRx="0.832183055" />
<p fId="1" fbTx="0.832183055" lbTx="0.83218393" tId="4" fbRx="0.832183055" lbRx="0.83218393" />
<pr uId="810" fId="4" fbTx="0.832214286" />
<wpr uId="810" tId="5" fbRx="0.832214286" lbRx="0" />
<wpr uId="810" tId="6" fbRx="0.832214286" lbRx="0" />
<p fId="3" fbTx="0.832282096" lbTx="0.83228218" tId="0" fbRx="0.842282096" lbRx="0.84228218" />
<p fId="0" fbTx="0.83228218" lbTx="0.832283055" tId="1" fbRx="0.83228218" lbRx="0.832283055" />
<p fId="1" fbTx="0.832283055" lbTx="0.83228393" tId="4" fbRx="0.832283055" lbRx="0.83228393" />
<p fId="3" fbTx="0.832382096" lbTx="0.83238218" tId="0" fbRx="0.842382096" lbRx="0.84238218" />
<p fId="0" fbTx="0.83238218" lbTx="0.832383055" tId="1" fbRx="0.83238218" lbRx="0.832383055" />
<p fId="1" fbTx="0.832383055" lbTx="0.83238393" tId="4" fbRx="0.832383055" lbRx="0.83238393" />
<p fId="3" fbTx="0.832482096" lbTx="0.83248218" tId="0" fbRx="0.842482096" lbRx="0.84248218" />
<p fId="0" fbTx="0.83248218" lbTx="0.832483055" tId="1" fbRx="0.83248218" lbRx="0.832483055" />
<p fId="1" fbTx="0.832483055" lbTx="0.83248393" tId="4" fbRx="0.832483055" lbRx="0.83248393" />
<p fId="3" fbTx="0.832582096" lbTx="0.83258218" tId="0" fbRx="0.842582096" lbRx="0.84258218" />
<p fId="0" fbTx="0.83258218" lbTx="0.832583055" tId="1" fbRx="0.83258218" lbRx="0.832583055" />
<p fId="1" fbTx="0.832583055" lbTx="0.83258393" tId="4" fbRx="0.832583055" lbRx="0.83258393" />
<p fId="3" fbTx="0.832682096" lbTx="0.83268218" tId="0" fbRx="0.842682096" lbRx="0.84268218" />
<p fId="0" fbTx="0.83268218" lbTx="0.832683055" tId="1" fbRx="0.83268218" lbRx="0.832683055" />
<p fId="1" fbTx="0.832683055" lbTx="0.83268393" tId="4" fbRx="0.832683055" lbRx="0.83268393" />
<p fId="3" fbTx="0.832782096" lbTx="0.83278218" tId="0" fbRx="0.842782096" lbRx="0.84278218" />
<p fId="0" fbTx="0.83278218" lbTx="0.832783055" tId="1" fbRx="0.83278218" lbRx="0.832783055" />
<p fId="1" fbTx="0.832783055" lbTx="0.83278393" tId="4" fbRx="0.832783055" lbRx="0.83278393" />
<p fId="3" fbTx="0.832882096" lbTx="0.83288218" tId="0" fbRx="0.842882096" lbRx="0.84288218" />
<p fId="0" fbTx="0.83288218" lbTx="0.832883055" tId="1" fbRx="0.83288218" lbRx="0.832883055" />
<p fId="1" fbTx="0.832883055" lbTx="0.83288393" tId="4" fbRx="0.832883055" lbRx="0.83288393" />
<p fId="3" fbTx="0.832982096" lbTx="0.83298218" tId="0" fbRx="0.842982096" lbRx="0.84298218" />
<p fId="0" fbTx="0.83298218" lbTx="0.832983055" tId="1" fbRx="0.83298218" lbRx="0.832983055" />
<p fId="1" fbTx="0.832983055" lbTx="0.83298393" tId="4" fbRx="0.832983055" lbRx="0.83298393" />
<p fId="3" fbTx="0.833082096" lbTx="0.83308218" tId="0" fbRx="0.843082096" lbRx="0.84308218" />
<p fId="0" fbTx="0.83308218" lbTx="0.833083055" tId="1" fbRx="0.83308218" lbRx="0.833083055" />
<p fId="1" fbTx="0.833083055" lbTx="0.83308393" tId="4" fbRx="0.833083055" lbRx="0.83308393" />
<p fId="3" fbTx="0.833182096" lbTx="0.83318218" tId="0" fbRx="0.843182096" lbRx="0.84318218" />
<p fId="0" fbTx="0.83318218" lbTx="0.833183055" tId="1" fbRx="0.83318218" lbRx="0.833183055" />
<p fId="1" fbTx="0.833183055" lbTx="0.83318393" tId="4" fbRx="0.833183055" lbRx="0.83318393" />
<pr uId="811" fId="4" fbTx="0.833214286" />
<wpr uId="811" tId="5" fbRx="0.833214286" lbRx="0" />
<wpr uId="811" tId="6" fbRx="0.833214286" lbRx="0" />
<p fId="3" fbTx="0.833282096" lbTx="0.83328218" tId="0" fbRx="0.843282096" lbRx="0.84328218" />
<p fId="0" fbTx="0.83328218" lbTx="0.833283055" tId="1" fbRx="0.83328218" lbRx="0.833283055" />
<p fId="1" fbTx="0.833283055" lbTx="0.83328393" tId="4" fbRx="0.833283055" lbRx="0.83328393" />
<p fId="3" fbTx="0.833382096" lbTx="0.83338218" tId="0" fbRx="0.843382096" lbRx="0.84338218" />
<p fId="0" fbTx="0.83338218" lbTx="0.833383055" tId="1" fbRx="0.83338218" lbRx="0.833383055" />
<p fId="1" fbTx="0.833383055" lbTx="0.83338393" tId="4" fbRx="0.833383055" lbRx="0.83338393" />
<p fId="3" fbTx="0.833482096" lbTx="0.83348218" tId="0" fbRx="0.843482096" lbRx="0.84348218" />
<p fId="0" fbTx="0.83348218" lbTx="0.833483055" tId="1" fbRx="0.83348218" lbRx="0.833483055" />
<p fId="1" fbTx="0.833483055" lbTx="0.83348393" tId="4" fbRx="0.833483055" lbRx="0.83348393" />
<p fId="3" fbTx="0.833582096" lbTx="0.83358218" tId="0" fbRx="0.843582096" lbRx="0.84358218" />
<p fId="0" fbTx="0.83358218" lbTx="0.833583055" tId="1" fbRx="0.83358218" lbRx="0.833583055" />
<p fId="1" fbTx="0.833583055" lbTx="0.83358393" tId="4" fbRx="0.833583055" lbRx="0.83358393" />
<p fId="3" fbTx="0.833682096" lbTx="0.83368218" tId="0" fbRx="0.843682096" lbRx="0.84368218" />
<p fId="0" fbTx="0.83368218" lbTx="0.833683055" tId="1" fbRx="0.83368218" lbRx="0.833683055" />
<p fId="1" fbTx="0.833683055" lbTx="0.83368393" tId="4" fbRx="0.833683055" lbRx="0.83368393" />
<p fId="3" fbTx="0.833782096" lbTx="0.83378218" tId="0" fbRx="0.843782096" lbRx="0.84378218" />
<p fId="0" fbTx="0.83378218" lbTx="0.833783055" tId="1" fbRx="0.83378218" lbRx="0.833783055" />
<p fId="1" fbTx="0.833783055" lbTx="0.83378393" tId="4" fbRx="0.833783055" lbRx="0.83378393" />
<p fId="3" fbTx="0.833882096" lbTx="0.83388218" tId="0" fbRx="0.843882096" lbRx="0.84388218" />
<p fId="0" fbTx="0.83388218" lbTx="0.833883055" tId="1" fbRx="0.83388218" lbRx="0.833883055" />
<p fId="1" fbTx="0.833883055" lbTx="0.83388393" tId="4" fbRx="0.833883055" lbRx="0.83388393" />
<p fId="3" fbTx="0.833982096" lbTx="0.83398218" tId="0" fbRx="0.843982096" lbRx="0.84398218" />
<p fId="0" fbTx="0.83398218" lbTx="0.833983055" tId="1" fbRx="0.83398218" lbRx="0.833983055" />
<p fId="1" fbTx="0.833983055" lbTx="0.83398393" tId="4" fbRx="0.833983055" lbRx="0.83398393" />
<p fId="3" fbTx="0.834082096" lbTx="0.83408218" tId="0" fbRx="0.844082096" lbRx="0.84408218" />
<p fId="0" fbTx="0.83408218" lbTx="0.834083055" tId="1" fbRx="0.83408218" lbRx="0.834083055" />
<p fId="1" fbTx="0.834083055" lbTx="0.83408393" tId="4" fbRx="0.834083055" lbRx="0.83408393" />
<p fId="3" fbTx="0.834182096" lbTx="0.83418218" tId="0" fbRx="0.844182096" lbRx="0.84418218" />
<p fId="0" fbTx="0.83418218" lbTx="0.834183055" tId="1" fbRx="0.83418218" lbRx="0.834183055" />
<p fId="1" fbTx="0.834183055" lbTx="0.83418393" tId="4" fbRx="0.834183055" lbRx="0.83418393" />
<pr uId="812" fId="4" fbTx="0.834214286" />
<wpr uId="812" tId="5" fbRx="0.834214286" lbRx="0" />
<wpr uId="812" tId="6" fbRx="0.834214286" lbRx="0" />
<p fId="3" fbTx="0.834282096" lbTx="0.83428218" tId="0" fbRx="0.844282096" lbRx="0.84428218" />
<p fId="0" fbTx="0.83428218" lbTx="0.834283055" tId="1" fbRx="0.83428218" lbRx="0.834283055" />
<p fId="1" fbTx="0.834283055" lbTx="0.83428393" tId="4" fbRx="0.834283055" lbRx="0.83428393" />
<p fId="3" fbTx="0.834382096" lbTx="0.83438218" tId="0" fbRx="0.844382096" lbRx="0.84438218" />
<p fId="0" fbTx="0.83438218" lbTx="0.834383055" tId="1" fbRx="0.83438218" lbRx="0.834383055" />
<p fId="1" fbTx="0.834383055" lbTx="0.83438393" tId="4" fbRx="0.834383055" lbRx="0.83438393" />
<p fId="3" fbTx="0.834482096" lbTx="0.83448218" tId="0" fbRx="0.844482096" lbRx="0.84448218" />
<p fId="0" fbTx="0.83448218" lbTx="0.834483055" tId="1" fbRx="0.83448218" lbRx="0.834483055" />
<p fId="1" fbTx="0.834483055" lbTx="0.83448393" tId="4" fbRx="0.834483055" lbRx="0.83448393" />
<p fId="3" fbTx="0.834582096" lbTx="0.83458218" tId="0" fbRx="0.844582096" lbRx="0.84458218" />
<p fId="0" fbTx="0.83458218" lbTx="0.834583055" tId="1" fbRx="0.83458218" lbRx="0.834583055" />
<p fId="1" fbTx="0.834583055" lbTx="0.83458393" tId="4" fbRx="0.834583055" lbRx="0.83458393" />
<p fId="3" fbTx="0.834682096" lbTx="0.83468218" tId="0" fbRx="0.844682096" lbRx="0.84468218" />
<p fId="0" fbTx="0.83468218" lbTx="0.834683055" tId="1" fbRx="0.83468218" lbRx="0.834683055" />
<p fId="1" fbTx="0.834683055" lbTx="0.83468393" tId="4" fbRx="0.834683055" lbRx="0.83468393" />
<p fId="3" fbTx="0.834782096" lbTx="0.83478218" tId="0" fbRx="0.844782096" lbRx="0.84478218" />
<p fId="0" fbTx="0.83478218" lbTx="0.834783055" tId="1" fbRx="0.83478218" lbRx="0.834783055" />
<p fId="1" fbTx="0.834783055" lbTx="0.83478393" tId="4" fbRx="0.834783055" lbRx="0.83478393" />
<p fId="3" fbTx="0.834882096" lbTx="0.83488218" tId="0" fbRx="0.844882096" lbRx="0.84488218" />
<p fId="0" fbTx="0.83488218" lbTx="0.834883055" tId="1" fbRx="0.83488218" lbRx="0.834883055" />
<p fId="1" fbTx="0.834883055" lbTx="0.83488393" tId="4" fbRx="0.834883055" lbRx="0.83488393" />
<p fId="3" fbTx="0.834982096" lbTx="0.83498218" tId="0" fbRx="0.844982096" lbRx="0.84498218" />
<p fId="0" fbTx="0.83498218" lbTx="0.834983055" tId="1" fbRx="0.83498218" lbRx="0.834983055" />
<p fId="1" fbTx="0.834983055" lbTx="0.83498393" tId="4" fbRx="0.834983055" lbRx="0.83498393" />
<p fId="3" fbTx="0.835082096" lbTx="0.83508218" tId="0" fbRx="0.845082096" lbRx="0.84508218" />
<p fId="0" fbTx="0.83508218" lbTx="0.835083055" tId="1" fbRx="0.83508218" lbRx="0.835083055" />
<p fId="1" fbTx="0.835083055" lbTx="0.83508393" tId="4" fbRx="0.835083055" lbRx="0.83508393" />
<p fId="3" fbTx="0.835182096" lbTx="0.83518218" tId="0" fbRx="0.845182096" lbRx="0.84518218" />
<p fId="0" fbTx="0.83518218" lbTx="0.835183055" tId="1" fbRx="0.83518218" lbRx="0.835183055" />
<p fId="1" fbTx="0.835183055" lbTx="0.83518393" tId="4" fbRx="0.835183055" lbRx="0.83518393" />
<pr uId="813" fId="4" fbTx="0.835214286" />
<wpr uId="813" tId="5" fbRx="0.835214286" lbRx="0" />
<wpr uId="813" tId="6" fbRx="0.835214286" lbRx="0" />
<p fId="3" fbTx="0.835282096" lbTx="0.83528218" tId="0" fbRx="0.845282096" lbRx="0.84528218" />
<p fId="0" fbTx="0.83528218" lbTx="0.835283055" tId="1" fbRx="0.83528218" lbRx="0.835283055" />
<p fId="1" fbTx="0.835283055" lbTx="0.83528393" tId="4" fbRx="0.835283055" lbRx="0.83528393" />
<p fId="3" fbTx="0.835382096" lbTx="0.83538218" tId="0" fbRx="0.845382096" lbRx="0.84538218" />
<p fId="0" fbTx="0.83538218" lbTx="0.835383055" tId="1" fbRx="0.83538218" lbRx="0.835383055" />
<p fId="1" fbTx="0.835383055" lbTx="0.83538393" tId="4" fbRx="0.835383055" lbRx="0.83538393" />
<p fId="3" fbTx="0.835482096" lbTx="0.83548218" tId="0" fbRx="0.845482096" lbRx="0.84548218" />
<p fId="0" fbTx="0.83548218" lbTx="0.835483055" tId="1" fbRx="0.83548218" lbRx="0.835483055" />
<p fId="1" fbTx="0.835483055" lbTx="0.83548393" tId="4" fbRx="0.835483055" lbRx="0.83548393" />
<p fId="3" fbTx="0.835582096" lbTx="0.83558218" tId="0" fbRx="0.845582096" lbRx="0.84558218" />
<p fId="0" fbTx="0.83558218" lbTx="0.835583055" tId="1" fbRx="0.83558218" lbRx="0.835583055" />
<p fId="1" fbTx="0.835583055" lbTx="0.83558393" tId="4" fbRx="0.835583055" lbRx="0.83558393" />
<p fId="3" fbTx="0.835682096" lbTx="0.83568218" tId="0" fbRx="0.845682096" lbRx="0.84568218" />
<p fId="0" fbTx="0.83568218" lbTx="0.835683055" tId="1" fbRx="0.83568218" lbRx="0.835683055" />
<p fId="1" fbTx="0.835683055" lbTx="0.83568393" tId="4" fbRx="0.835683055" lbRx="0.83568393" />
<p fId="3" fbTx="0.835782096" lbTx="0.83578218" tId="0" fbRx="0.845782096" lbRx="0.84578218" />
<p fId="0" fbTx="0.83578218" lbTx="0.835783055" tId="1" fbRx="0.83578218" lbRx="0.835783055" />
<p fId="1" fbTx="0.835783055" lbTx="0.83578393" tId="4" fbRx="0.835783055" lbRx="0.83578393" />
<p fId="3" fbTx="0.835882096" lbTx="0.83588218" tId="0" fbRx="0.845882096" lbRx="0.84588218" />
<p fId="0" fbTx="0.83588218" lbTx="0.835883055" tId="1" fbRx="0.83588218" lbRx="0.835883055" />
<p fId="1" fbTx="0.835883055" lbTx="0.83588393" tId="4" fbRx="0.835883055" lbRx="0.83588393" />
<p fId="3" fbTx="0.835982096" lbTx="0.83598218" tId="0" fbRx="0.845982096" lbRx="0.84598218" />
<p fId="0" fbTx="0.83598218" lbTx="0.835983055" tId="1" fbRx="0.83598218" lbRx="0.835983055" />
<p fId="1" fbTx="0.835983055" lbTx="0.83598393" tId="4" fbRx="0.835983055" lbRx="0.83598393" />
<p fId="3" fbTx="0.836082096" lbTx="0.83608218" tId="0" fbRx="0.846082096" lbRx="0.84608218" />
<p fId="0" fbTx="0.83608218" lbTx="0.836083055" tId="1" fbRx="0.83608218" lbRx="0.836083055" />
<p fId="1" fbTx="0.836083055" lbTx="0.83608393" tId="4" fbRx="0.836083055" lbRx="0.83608393" />
<p fId="3" fbTx="0.836182096" lbTx="0.83618218" tId="0" fbRx="0.846182096" lbRx="0.84618218" />
<p fId="0" fbTx="0.83618218" lbTx="0.836183055" tId="1" fbRx="0.83618218" lbRx="0.836183055" />
<p fId="1" fbTx="0.836183055" lbTx="0.83618393" tId="4" fbRx="0.836183055" lbRx="0.83618393" />
<pr uId="814" fId="4" fbTx="0.836214286" />
<wpr uId="814" tId="5" fbRx="0.836214286" lbRx="0" />
<wpr uId="814" tId="6" fbRx="0.836214286" lbRx="0" />
<p fId="3" fbTx="0.836282096" lbTx="0.83628218" tId="0" fbRx="0.846282096" lbRx="0.84628218" />
<p fId="0" fbTx="0.83628218" lbTx="0.836283055" tId="1" fbRx="0.83628218" lbRx="0.836283055" />
<p fId="1" fbTx="0.836283055" lbTx="0.83628393" tId="4" fbRx="0.836283055" lbRx="0.83628393" />
<p fId="3" fbTx="0.836382096" lbTx="0.83638218" tId="0" fbRx="0.846382096" lbRx="0.84638218" />
<p fId="0" fbTx="0.83638218" lbTx="0.836383055" tId="1" fbRx="0.83638218" lbRx="0.836383055" />
<p fId="1" fbTx="0.836383055" lbTx="0.83638393" tId="4" fbRx="0.836383055" lbRx="0.83638393" />
<p fId="3" fbTx="0.836482096" lbTx="0.83648218" tId="0" fbRx="0.846482096" lbRx="0.84648218" />
<p fId="0" fbTx="0.83648218" lbTx="0.836483055" tId="1" fbRx="0.83648218" lbRx="0.836483055" />
<p fId="1" fbTx="0.836483055" lbTx="0.83648393" tId="4" fbRx="0.836483055" lbRx="0.83648393" />
<p fId="3" fbTx="0.836582096" lbTx="0.83658218" tId="0" fbRx="0.846582096" lbRx="0.84658218" />
<p fId="0" fbTx="0.83658218" lbTx="0.836583055" tId="1" fbRx="0.83658218" lbRx="0.836583055" />
<p fId="1" fbTx="0.836583055" lbTx="0.83658393" tId="4" fbRx="0.836583055" lbRx="0.83658393" />
<p fId="3" fbTx="0.836682096" lbTx="0.83668218" tId="0" fbRx="0.846682096" lbRx="0.84668218" />
<p fId="0" fbTx="0.83668218" lbTx="0.836683055" tId="1" fbRx="0.83668218" lbRx="0.836683055" />
<p fId="1" fbTx="0.836683055" lbTx="0.83668393" tId="4" fbRx="0.836683055" lbRx="0.83668393" />
<p fId="3" fbTx="0.836782096" lbTx="0.83678218" tId="0" fbRx="0.846782096" lbRx="0.84678218" />
<p fId="0" fbTx="0.83678218" lbTx="0.836783055" tId="1" fbRx="0.83678218" lbRx="0.836783055" />
<p fId="1" fbTx="0.836783055" lbTx="0.83678393" tId="4" fbRx="0.836783055" lbRx="0.83678393" />
<p fId="3" fbTx="0.836882096" lbTx="0.83688218" tId="0" fbRx="0.846882096" lbRx="0.84688218" />
<p fId="0" fbTx="0.83688218" lbTx="0.836883055" tId="1" fbRx="0.83688218" lbRx="0.836883055" />
<p fId="1" fbTx="0.836883055" lbTx="0.83688393" tId="4" fbRx="0.836883055" lbRx="0.83688393" />
<p fId="3" fbTx="0.836982096" lbTx="0.83698218" tId="0" fbRx="0.846982096" lbRx="0.84698218" />
<p fId="0" fbTx="0.83698218" lbTx="0.836983055" tId="1" fbRx="0.83698218" lbRx="0.836983055" />
<p fId="1" fbTx="0.836983055" lbTx="0.83698393" tId="4" fbRx="0.836983055" lbRx="0.83698393" />
<p fId="3" fbTx="0.837082096" lbTx="0.83708218" tId="0" fbRx="0.847082096" lbRx="0.84708218" />
<p fId="0" fbTx="0.83708218" lbTx="0.837083055" tId="1" fbRx="0.83708218" lbRx="0.837083055" />
<p fId="1" fbTx="0.837083055" lbTx="0.83708393" tId="4" fbRx="0.837083055" lbRx="0.83708393" />
<p fId="3" fbTx="0.837182096" lbTx="0.83718218" tId="0" fbRx="0.847182096" lbRx="0.84718218" />
<p fId="0" fbTx="0.83718218" lbTx="0.837183055" tId="1" fbRx="0.83718218" lbRx="0.837183055" />
<p fId="1" fbTx="0.837183055" lbTx="0.83718393" tId="4" fbRx="0.837183055" lbRx="0.83718393" />
<pr uId="815" fId="4" fbTx="0.837214286" />
<wpr uId="815" tId="5" fbRx="0.837214286" lbRx="0" />
<wpr uId="815" tId="6" fbRx="0.837214286" lbRx="0" />
<p fId="3" fbTx="0.837282096" lbTx="0.83728218" tId="0" fbRx="0.847282096" lbRx="0.84728218" />
<p fId="0" fbTx="0.83728218" lbTx="0.837283055" tId="1" fbRx="0.83728218" lbRx="0.837283055" />
<p fId="1" fbTx="0.837283055" lbTx="0.83728393" tId="4" fbRx="0.837283055" lbRx="0.83728393" />
<p fId="3" fbTx="0.837382096" lbTx="0.83738218" tId="0" fbRx="0.847382096" lbRx="0.84738218" />
<p fId="0" fbTx="0.83738218" lbTx="0.837383055" tId="1" fbRx="0.83738218" lbRx="0.837383055" />
<p fId="1" fbTx="0.837383055" lbTx="0.83738393" tId="4" fbRx="0.837383055" lbRx="0.83738393" />
<p fId="3" fbTx="0.837482096" lbTx="0.83748218" tId="0" fbRx="0.847482096" lbRx="0.84748218" />
<p fId="0" fbTx="0.83748218" lbTx="0.837483055" tId="1" fbRx="0.83748218" lbRx="0.837483055" />
<p fId="1" fbTx="0.837483055" lbTx="0.83748393" tId="4" fbRx="0.837483055" lbRx="0.83748393" />
<p fId="3" fbTx="0.837582096" lbTx="0.83758218" tId="0" fbRx="0.847582096" lbRx="0.84758218" />
<p fId="0" fbTx="0.83758218" lbTx="0.837583055" tId="1" fbRx="0.83758218" lbRx="0.837583055" />
<p fId="1" fbTx="0.837583055" lbTx="0.83758393" tId="4" fbRx="0.837583055" lbRx="0.83758393" />
<p fId="3" fbTx="0.837682096" lbTx="0.83768218" tId="0" fbRx="0.847682096" lbRx="0.84768218" />
<p fId="0" fbTx="0.83768218" lbTx="0.837683055" tId="1" fbRx="0.83768218" lbRx="0.837683055" />
<p fId="1" fbTx="0.837683055" lbTx="0.83768393" tId="4" fbRx="0.837683055" lbRx="0.83768393" />
<p fId="3" fbTx="0.837782096" lbTx="0.83778218" tId="0" fbRx="0.847782096" lbRx="0.84778218" />
<p fId="0" fbTx="0.83778218" lbTx="0.837783055" tId="1" fbRx="0.83778218" lbRx="0.837783055" />
<p fId="1" fbTx="0.837783055" lbTx="0.83778393" tId="4" fbRx="0.837783055" lbRx="0.83778393" />
<p fId="3" fbTx="0.837882096" lbTx="0.83788218" tId="0" fbRx="0.847882096" lbRx="0.84788218" />
<p fId="0" fbTx="0.83788218" lbTx="0.837883055" tId="1" fbRx="0.83788218" lbRx="0.837883055" />
<p fId="1" fbTx="0.837883055" lbTx="0.83788393" tId="4" fbRx="0.837883055" lbRx="0.83788393" />
<p fId="3" fbTx="0.837982096" lbTx="0.83798218" tId="0" fbRx="0.847982096" lbRx="0.84798218" />
<p fId="0" fbTx="0.83798218" lbTx="0.837983055" tId="1" fbRx="0.83798218" lbRx="0.837983055" />
<p fId="1" fbTx="0.837983055" lbTx="0.83798393" tId="4" fbRx="0.837983055" lbRx="0.83798393" />
<p fId="3" fbTx="0.838082096" lbTx="0.83808218" tId="0" fbRx="0.848082096" lbRx="0.84808218" />
<p fId="0" fbTx="0.83808218" lbTx="0.838083055" tId="1" fbRx="0.83808218" lbRx="0.838083055" />
<p fId="1" fbTx="0.838083055" lbTx="0.83808393" tId="4" fbRx="0.838083055" lbRx="0.83808393" />
<p fId="3" fbTx="0.838182096" lbTx="0.83818218" tId="0" fbRx="0.848182096" lbRx="0.84818218" />
<p fId="0" fbTx="0.83818218" lbTx="0.838183055" tId="1" fbRx="0.83818218" lbRx="0.838183055" />
<p fId="1" fbTx="0.838183055" lbTx="0.83818393" tId="4" fbRx="0.838183055" lbRx="0.83818393" />
<pr uId="816" fId="4" fbTx="0.838214286" />
<wpr uId="816" tId="5" fbRx="0.838214286" lbRx="0" />
<wpr uId="816" tId="6" fbRx="0.838214286" lbRx="0" />
<p fId="3" fbTx="0.838282096" lbTx="0.83828218" tId="0" fbRx="0.848282096" lbRx="0.84828218" />
<p fId="0" fbTx="0.83828218" lbTx="0.838283055" tId="1" fbRx="0.83828218" lbRx="0.838283055" />
<p fId="1" fbTx="0.838283055" lbTx="0.83828393" tId="4" fbRx="0.838283055" lbRx="0.83828393" />
<p fId="3" fbTx="0.838382096" lbTx="0.83838218" tId="0" fbRx="0.848382096" lbRx="0.84838218" />
<p fId="0" fbTx="0.83838218" lbTx="0.838383055" tId="1" fbRx="0.83838218" lbRx="0.838383055" />
<p fId="1" fbTx="0.838383055" lbTx="0.83838393" tId="4" fbRx="0.838383055" lbRx="0.83838393" />
<p fId="3" fbTx="0.838482096" lbTx="0.83848218" tId="0" fbRx="0.848482096" lbRx="0.84848218" 