<anim ver="netanim-3.108" filetype="animation" >
<node id="0" sysId="0" locX="6" locY="3" />
<node id="1" sysId="0" locX="0" locY="0" />
<node id="2" sysId="0" locX="98" locY="18" />
<nu p="c" t="0" id="0" r="255" g="0" b="0" />
<nu p="c" t="0" id="1" r="255" g="0" b="0" />
<nu p="c" t="0" id="2" r="255" g="0" b="0" />
<nonp2plinkproperties id="0" ipAddress="10.1.1.1~00:00:00:00:00:01" channelType="ns3::CsmaChannel" />
<nonp2plinkproperties id="0" ipAddress="127.0.0.1~00:00:00:00:00:00" channelType="Unknown channel" />
<nonp2plinkproperties id="1" ipAddress="10.1.1.2~00:00:00:00:00:02" channelType="ns3::CsmaChannel" />
<nonp2plinkproperties id="1" ipAddress="127.0.0.1~00:00:00:00:00:00" channelType="Unknown channel" />
<nonp2plinkproperties id="2" ipAddress="10.1.1.3~00:00:00:00:00:03" channelType="ns3::CsmaChannel" />
<nonp2plinkproperties id="2" ipAddress="127.0.0.1~00:00:00:00:00:00" channelType="Unknown channel" />
<ip n="0" >
<address >10.1.1.1</address>

<address >127.0.0.1</address>

</ip>
<ip n="0" >
<address >10.1.1.1</address>

<address >127.0.0.1</address>

</ip>
<ip n="1" >
<address >10.1.1.2</address>

<address >127.0.0.1</address>

</ip>
<ip n="1" >
<address >10.1.1.2</address>

<address >127.0.0.1</address>

</ip>
<ip n="2" >
<address >10.1.1.3</address>

<address >127.0.0.1</address>

</ip>
<ip n="2" >
<address >10.1.1.3</address>

<address >127.0.0.1</address>

</ip>
<ipv6 n="0" >
<address >::1</address>

</ipv6>
<ipv6 n="1" >
<address >::1</address>

</ipv6>
<ipv6 n="2" >
<address >::1</address>

</ipv6>
<nu p="s" t="0" id="0" w="1" h="1" />
<nu p="s" t="0" id="1" w="1" h="1" />
<nu p="s" t="0" id="2" w="1" h="1" />
<ncs ncId="0" n="RemainingEnergy" t="DOUBLE" />
<p fId="1" fbTx="0.007" lbTx="0.00700512" tId="0" fbRx="0.00701168" lbRx="0" />
<p fId="1" fbTx="0.007" lbTx="0.00700512" tId="0" fbRx="0.00701168" lbRx="0" />
<p fId="1" fbTx="0.007" lbTx="0.00700512" tId="2" fbRx="0.00701168" lbRx="0" />
<p fId="1" fbTx="0.007" lbTx="0.00700512" tId="2" fbRx="0.00701168" lbRx="0" />
<p fId="2" fbTx="0.00701268" lbTx="0.0070178" tId="0" fbRx="0.00702436" lbRx="0" />
<p fId="2" fbTx="0.00701268" lbTx="0.0070178" tId="1" fbRx="0.00702436" lbRx="0" />
<p fId="2" fbTx="0.00701268" lbTx="0.0070178" tId="1" fbRx="0.00702436" lbRx="0" />
<p fId="1" fbTx="0.00702536" lbTx="0.00703128" tId="0" fbRx="0.00703784" lbRx="0" />
<p fId="1" fbTx="0.00702536" lbTx="0.00703128" tId="2" fbRx="0.00703784" lbRx="0" />
<p fId="1" fbTx="0.00702536" lbTx="0.00703128" tId="2" fbRx="0.00703784" lbRx="0" />
<p fId="2" fbTx="0.00703784" lbTx="0.00704296" tId="0" fbRx="0.00704952" lbRx="0" />
<p fId="2" fbTx="0.00703784" lbTx="0.00704296" tId="0" fbRx="0.00704952" lbRx="0" />
<p fId="2" fbTx="0.00703784" lbTx="0.00704296" tId="1" fbRx="0.00704952" lbRx="0" />
<p fId="2" fbTx="0.00703784" lbTx="0.00704296" tId="1" fbRx="0.00704952" lbRx="0" />
<p fId="1" fbTx="0.00705052" lbTx="0.00705564" tId="0" fbRx="0.0070622" lbRx="0" />
<p fId="1" fbTx="0.00705052" lbTx="0.00705564" tId="2" fbRx="0.0070622" lbRx="0" />
<p fId="1" fbTx="0.00705052" lbTx="0.00705564" tId="2" fbRx="0.0070622" lbRx="0" />
<p fId="2" fbTx="0.0070632" lbTx="0.00706912" tId="0" fbRx="0.00707568" lbRx="0" />
<p fId="2" fbTx="0.0070632" lbTx="0.00706912" tId="1" fbRx="0.00707568" lbRx="0" />
<p fId="2" fbTx="0.0070632" lbTx="0.00706912" tId="1" fbRx="0.00707568" lbRx="0" />
<p fId="1" fbTx="0.00707668" lbTx="0.00708228" tId="0" fbRx="0.00708884" lbRx="0" />
<p fId="1" fbTx="0.00707668" lbTx="0.00708228" tId="2" fbRx="0.00708884" lbRx="0" />
<p fId="1" fbTx="0.00707668" lbTx="0.00708228" tId="2" fbRx="0.00708884" lbRx="0" />
<p fId="1" fbTx="0.00709124" lbTx="0.00712484" tId="0" fbRx="0.0071314" lbRx="0" />
<p fId="1" fbTx="0.00709124" lbTx="0.00712484" tId="2" fbRx="0.0071314" lbRx="0" />
<p fId="1" fbTx="0.00709124" lbTx="0.00712484" tId="2" fbRx="0.0071314" lbRx="0" />
<p fId="2" fbTx="0.0071324" lbTx="0.007138" tId="0" fbRx="0.00714456" lbRx="0" />
<p fId="2" fbTx="0.0071324" lbTx="0.007138" tId="1" fbRx="0.00714456" lbRx="0" />
<p fId="2" fbTx="0.0071324" lbTx="0.007138" tId="1" fbRx="0.00714456" lbRx="0" />
<p fId="2" fbTx="0.00715596" lbTx="0.00720444" tId="0" fbRx="0.007211" lbRx="0" />
<p fId="2" fbTx="0.00715596" lbTx="0.00720444" tId="1" fbRx="0.007211" lbRx="0" />
<p fId="2" fbTx="0.00715596" lbTx="0.00720444" tId="1" fbRx="0.007211" lbRx="0" />
<p fId="2" fbTx="0.0072174" lbTx="0.00726588" tId="0" fbRx="0.00727244" lbRx="0" />
<p fId="2" fbTx="0.0072174" lbTx="0.00726588" tId="1" fbRx="0.00727244" lbRx="0" />
<p fId="2" fbTx="0.0072174" lbTx="0.00726588" tId="1" fbRx="0.00727244" lbRx="0" />
<p fId="2" fbTx="0.00727284" lbTx="0.00732132" tId="0" fbRx="0.00732788" lbRx="0" />
<p fId="2" fbTx="0.00727284" lbTx="0.00732132" tId="1" fbRx="0.00732788" lbRx="0" />
<p fId="2" fbTx="0.00727284" lbTx="0.00732132" tId="1" fbRx="0.00732788" lbRx="0" />
<p fId="2" fbTx="0.00733128" lbTx="0.00737976" tId="0" fbRx="0.00738632" lbRx="0" />
<p fId="2" fbTx="0.00733128" lbTx="0.00737976" tId="1" fbRx="0.00738632" lbRx="0" />
<p fId="2" fbTx="0.00733128" lbTx="0.00737976" tId="1" fbRx="0.00738632" lbRx="0" />
<p fId="2" fbTx="0.00738772" lbTx="0.0074362" tId="0" fbRx="0.00744276" lbRx="0" />
<p fId="2" fbTx="0.00738772" lbTx="0.0074362" tId="1" fbRx="0.00744276" lbRx="0" />
<p fId="2" fbTx="0.00738772" lbTx="0.0074362" tId="1" fbRx="0.00744276" lbRx="0" />
<p fId="2" fbTx="0.00744416" lbTx="0.00749264" tId="0" fbRx="0.0074992" lbRx="0" />
<p fId="2" fbTx="0.00744416" lbTx="0.00749264" tId="1" fbRx="0.0074992" lbRx="0" />
<p fId="2" fbTx="0.00744416" lbTx="0.00749264" tId="1" fbRx="0.0074992" lbRx="0" />
<p fId="2" fbTx="0.0075026" lbTx="0.00755108" tId="0" fbRx="0.00755764" lbRx="0" />
<p fId="2" fbTx="0.0075026" lbTx="0.00755108" tId="1" fbRx="0.00755764" lbRx="0" />
<p fId="2" fbTx="0.0075026" lbTx="0.00755108" tId="1" fbRx="0.00755764" lbRx="0" />
<p fId="2" fbTx="0.00756104" lbTx="0.00760952" tId="0" fbRx="0.00761608" lbRx="0" />
<p fId="2" fbTx="0.00756104" lbTx="0.00760952" tId="1" fbRx="0.00761608" lbRx="0" />
<p fId="2" fbTx="0.00756104" lbTx="0.00760952" tId="1" fbRx="0.00761608" lbRx="0" />
<p fId="2" fbTx="0.00762048" lbTx="0.00766896" tId="0" fbRx="0.00767552" lbRx="0" />
<p fId="2" fbTx="0.00762048" lbTx="0.00766896" tId="1" fbRx="0.00767552" lbRx="0" />
<p fId="2" fbTx="0.00762048" lbTx="0.00766896" tId="1" fbRx="0.00767552" lbRx="0" />
<p fId="2" fbTx="0.00767792" lbTx="0.0077264" tId="0" fbRx="0.00773296" lbRx="0" />
<p fId="2" fbTx="0.00767792" lbTx="0.0077264" tId="1" fbRx="0.00773296" lbRx="0" />
<p fId="2" fbTx="0.00767792" lbTx="0.0077264" tId="1" fbRx="0.00773296" lbRx="0" />
<p fId="1" fbTx="0.00791644" lbTx="0.00792204" tId="0" fbRx="0.0079286" lbRx="0" />
<p fId="1" fbTx="0.00791644" lbTx="0.00792204" tId="2" fbRx="0.0079286" lbRx="0" />
<p fId="1" fbTx="0.00791644" lbTx="0.00792204" tId="2" fbRx="0.0079286" lbRx="0" />
<p fId="2" fbTx="0.0079296" lbTx="0.00797808" tId="0" fbRx="0.00798464" lbRx="0" />
<p fId="2" fbTx="0.0079296" lbTx="0.00797808" tId="1" fbRx="0.00798464" lbRx="0" />
<p fId="2" fbTx="0.0079296" lbTx="0.00797808" tId="1" fbRx="0.00798464" lbRx="0" />
<p fId="2" fbTx="0.00798704" lbTx="0.00803552" tId="0" fbRx="0.00804208" lbRx="0" />
<p fId="2" fbTx="0.00798704" lbTx="0.00803552" tId="1" fbRx="0.00804208" lbRx="0" />
<p fId="2" fbTx="0.00798704" lbTx="0.00803552" tId="1" fbRx="0.00804208" lbRx="0" />
<p fId="2" fbTx="0.00804748" lbTx="0.00809596" tId="0" fbRx="0.00810252" lbRx="0" />
<p fId="2" fbTx="0.00804748" lbTx="0.00809596" tId="1" fbRx="0.00810252" lbRx="0" />
<p fId="2" fbTx="0.00804748" lbTx="0.00809596" tId="1" fbRx="0.00810252" lbRx="0" />
<p fId="1" fbTx="0.008147" lbTx="0.0081526" tId="0" fbRx="0.00815916" lbRx="0" />
<p fId="1" fbTx="0.008147" lbTx="0.0081526" tId="2" fbRx="0.00815916" lbRx="0" />
<p fId="1" fbTx="0.008147" lbTx="0.0081526" tId="2" fbRx="0.00815916" lbRx="0" />
<p fId="1" fbTx="0.00815956" lbTx="0.00816516" tId="0" fbRx="0.00817172" lbRx="0" />
<p fId="1" fbTx="0.00815956" lbTx="0.00816516" tId="2" fbRx="0.00817172" lbRx="0" />
<p fId="1" fbTx="0.00815956" lbTx="0.00816516" tId="2" fbRx="0.00817172" lbRx="0" />
<p fId="2" fbTx="0.00817516" lbTx="0.00822364" tId="0" fbRx="0.0082302" lbRx="0" />
<p fId="2" fbTx="0.00817516" lbTx="0.00822364" tId="1" fbRx="0.0082302" lbRx="0" />
<p fId="2" fbTx="0.00817516" lbTx="0.00822364" tId="1" fbRx="0.0082302" lbRx="0" />
<p fId="2" fbTx="0.0082306" lbTx="0.00827908" tId="0" fbRx="0.00828564" lbRx="0" />
<p fId="2" fbTx="0.0082306" lbTx="0.00827908" tId="1" fbRx="0.00828564" lbRx="0" />
<p fId="2" fbTx="0.0082306" lbTx="0.00827908" tId="1" fbRx="0.00828564" lbRx="0" />
<p fId="2" fbTx="0.00828904" lbTx="0.00833752" tId="0" fbRx="0.00834408" lbRx="0" />
<p fId="2" fbTx="0.00828904" lbTx="0.00833752" tId="1" fbRx="0.00834408" lbRx="0" />
<p fId="2" fbTx="0.00828904" lbTx="0.00833752" tId="1" fbRx="0.00834408" lbRx="0" />
<p fId="2" fbTx="0.00835248" lbTx="0.00840096" tId="0" fbRx="0.00840752" lbRx="0" />
<p fId="2" fbTx="0.00835248" lbTx="0.00840096" tId="1" fbRx="0.00840752" lbRx="0" />
<p fId="2" fbTx="0.00835248" lbTx="0.00840096" tId="1" fbRx="0.00840752" lbRx="0" />
<p fId="2" fbTx="0.00840792" lbTx="0.0084564" tId="0" fbRx="0.00846296" lbRx="0" />
<p fId="2" fbTx="0.00840792" lbTx="0.0084564" tId="1" fbRx="0.00846296" lbRx="0" />
<p fId="2" fbTx="0.00840792" lbTx="0.0084564" tId="1" fbRx="0.00846296" lbRx="0" />
<p fId="2" fbTx="0.00846736" lbTx="0.00851584" tId="0" fbRx="0.0085224" lbRx="0" />
<p fId="2" fbTx="0.00846736" lbTx="0.00851584" tId="1" fbRx="0.0085224" lbRx="0" />
<p fId="2" fbTx="0.00846736" lbTx="0.00851584" tId="1" fbRx="0.0085224" lbRx="0" />
<p fId="1" fbTx="0.00852912" lbTx="0.00853472" tId="0" fbRx="0.00854128" lbRx="0" />
<p fId="1" fbTx="0.00852912" lbTx="0.00853472" tId="2" fbRx="0.00854128" lbRx="0" />
<p fId="1" fbTx="0.00852912" lbTx="0.00853472" tId="2" fbRx="0.00854128" lbRx="0" />
<p fId="2" fbTx="0.00854228" lbTx="0.00859076" tId="0" fbRx="0.00859732" lbRx="0" />
<p fId="2" fbTx="0.00854228" lbTx="0.00859076" tId="1" fbRx="0.00859732" lbRx="0" />
<p fId="2" fbTx="0.00854228" lbTx="0.00859076" tId="1" fbRx="0.00859732" lbRx="0" />
<p fId="2" fbTx="0.00859772" lbTx="0.0086462" tId="0" fbRx="0.00865276" lbRx="0" />
<p fId="2" fbTx="0.00859772" lbTx="0.0086462" tId="1" fbRx="0.00865276" lbRx="0" />
<p fId="2" fbTx="0.00859772" lbTx="0.0086462" tId="1" fbRx="0.00865276" lbRx="0" />
<p fId="2" fbTx="0.00865316" lbTx="0.00870164" tId="0" fbRx="0.0087082" lbRx="0" />
<p fId="2" fbTx="0.00865316" lbTx="0.00870164" tId="1" fbRx="0.0087082" lbRx="0" />
<p fId="2" fbTx="0.00865316" lbTx="0.00870164" tId="1" fbRx="0.0087082" lbRx="0" />
<p fId="1" fbTx="0.00883668" lbTx="0.00884228" tId="0" fbRx="0.00884884" lbRx="0" />
<p fId="1" fbTx="0.00883668" lbTx="0.00884228" tId="2" fbRx="0.00884884" lbRx="0" />
<p fId="1" fbTx="0.00883668" lbTx="0.00884228" tId="2" fbRx="0.00884884" lbRx="0" />
<p fId="2" fbTx="0.00884984" lbTx="0.00889832" tId="0" fbRx="0.00890488" lbRx="0" />
<p fId="2" fbTx="0.00884984" lbTx="0.00889832" tId="1" fbRx="0.00890488" lbRx="0" />
<p fId="2" fbTx="0.00884984" lbTx="0.00889832" tId="1" fbRx="0.00890488" lbRx="0" />
<p fId="2" fbTx="0.00890528" lbTx="0.00895376" tId="0" fbRx="0.00896032" lbRx="0" />
<p fId="2" fbTx="0.00890528" lbTx="0.00895376" tId="1" fbRx="0.00896032" lbRx="0" />
<p fId="2" fbTx="0.00890528" lbTx="0.00895376" tId="1" fbRx="0.00896032" lbRx="0" />
<p fId="2" fbTx="0.00896372" lbTx="0.0090122" tId="0" fbRx="0.00901876" lbRx="0" />
<p fId="2" fbTx="0.00896372" lbTx="0.0090122" tId="1" fbRx="0.00901876" lbRx="0" />
<p fId="2" fbTx="0.00896372" lbTx="0.0090122" tId="1" fbRx="0.00901876" lbRx="0" />
<p fId="0" fbTx="0.009024" lbTx="0.00902912" tId="1" fbRx="0.00903568" lbRx="0" />
<p fId="0" fbTx="0.009024" lbTx="0.00902912" tId="1" fbRx="0.00903568" lbRx="0" />
<p fId="0" fbTx="0.009024" lbTx="0.00902912" tId="2" fbRx="0.00903568" lbRx="0" />
<p fId="0" fbTx="0.009024" lbTx="0.00902912" tId="2" fbRx="0.00903568" lbRx="0" />
<p fId="2" fbTx="0.00903668" lbTx="0.0090418" tId="0" fbRx="0.00904836" lbRx="0" />
<p fId="2" fbTx="0.00903668" lbTx="0.0090418" tId="0" fbRx="0.00904836" lbRx="0" />
<p fId="2" fbTx="0.00903668" lbTx="0.0090418" tId="1" fbRx="0.00904836" lbRx="0" />
<p fId="0" fbTx="0.00904936" lbTx="0.00905528" tId="1" fbRx="0.00906184" lbRx="0" />
<p fId="0" fbTx="0.00904936" lbTx="0.00905528" tId="2" fbRx="0.00906184" lbRx="0" />
<p fId="0" fbTx="0.00904936" lbTx="0.00905528" tId="2" fbRx="0.00906184" lbRx="0" />
<p fId="1" fbTx="0.00918724" lbTx="0.00919284" tId="0" fbRx="0.0091994" lbRx="0" />
<p fId="1" fbTx="0.00918724" lbTx="0.00919284" tId="2" fbRx="0.0091994" lbRx="0" />
<p fId="1" fbTx="0.00918724" lbTx="0.00919284" tId="2" fbRx="0.0091994" lbRx="0" />
<p fId="2" fbTx="0.0092004" lbTx="0.00924888" tId="0" fbRx="0.00925544" lbRx="0" />
<p fId="2" fbTx="0.0092004" lbTx="0.00924888" tId="1" fbRx="0.00925544" lbRx="0" />
<p fId="2" fbTx="0.0092004" lbTx="0.00924888" tId="1" fbRx="0.00925544" lbRx="0" />
<p fId="2" fbTx="0.00926584" lbTx="0.00931432" tId="0" fbRx="0.00932088" lbRx="0" />
<p fId="2" fbTx="0.00926584" lbTx="0.00931432" tId="1" fbRx="0.00932088" lbRx="0" />
<p fId="2" fbTx="0.00926584" lbTx="0.00931432" tId="1" fbRx="0.00932088" lbRx="0" />
<p fId="2" fbTx="0.00932428" lbTx="0.00937276" tId="0" fbRx="0.00937932" lbRx="0" />
<p fId="2" fbTx="0.00932428" lbTx="0.00937276" tId="1" fbRx="0.00937932" lbRx="0" />
<p fId="2" fbTx="0.00932428" lbTx="0.00937276" tId="1" fbRx="0.00937932" lbRx="0" />
<p fId="1" fbTx="0.0097538" lbTx="0.0097594" tId="0" fbRx="0.00976596" lbRx="0" />
<p fId="1" fbTx="0.0097538" lbTx="0.0097594" tId="2" fbRx="0.00976596" lbRx="0" />
<p fId="1" fbTx="0.0097538" lbTx="0.0097594" tId="2" fbRx="0.00976596" lbRx="0" />
<p fId="2" fbTx="0.00976696" lbTx="0.00981544" tId="0" fbRx="0.009822" lbRx="0" />
<p fId="2" fbTx="0.00976696" lbTx="0.00981544" tId="1" fbRx="0.009822" lbRx="0" />
<p fId="2" fbTx="0.00976696" lbTx="0.00981544" tId="1" fbRx="0.009822" lbRx="0" />
<p fId="2" fbTx="0.0098234" lbTx="0.00987188" tId="0" fbRx="0.00987844" lbRx="0" />
<p fId="2" fbTx="0.0098234" lbTx="0.00987188" tId="1" fbRx="0.00987844" lbRx="0" />
<p fId="2" fbTx="0.0098234" lbTx="0.00987188" tId="1" fbRx="0.00987844" lbRx="0" />
<p fId="2" fbTx="0.00988284" lbTx="0.00993132" tId="0" fbRx="0.00993788" lbRx="0" />
<p fId="2" fbTx="0.00988284" lbTx="0.00993132" tId="1" fbRx="0.00993788" lbRx="0" />
<p fId="2" fbTx="0.00988284" lbTx="0.00993132" tId="1" fbRx="0.00993788" lbRx="0" />
<p fId="1" fbTx="0.00995536" lbTx="0.00996096" tId="0" fbRx="0.00996752" lbRx="0" />
<p fId="1" fbTx="0.00995536" lbTx="0.00996096" tId="2" fbRx="0.00996752" lbRx="0" />
<p fId="1" fbTx="0.00995536" lbTx="0.00996096" tId="2" fbRx="0.00996752" lbRx="0" />
<p fId="2" fbTx="0.00996852" lbTx="0.010017" tId="0" fbRx="0.01002356" lbRx="0" />
<p fId="2" fbTx="0.00996852" lbTx="0.010017" tId="1" fbRx="0.01002356" lbRx="0" />
<p fId="2" fbTx="0.00996852" lbTx="0.010017" tId="1" fbRx="0.01002356" lbRx="0" />
<p fId="2" fbTx="0.01002696" lbTx="0.01007544" tId="0" fbRx="0.010082" lbRx="0" />
<p fId="2" fbTx="0.01002696" lbTx="0.01007544" tId="1" fbRx="0.010082" lbRx="0" />
<p fId="2" fbTx="0.01002696" lbTx="0.01007544" tId="1" fbRx="0.010082" lbRx="0" />
<p fId="2" fbTx="0.0100844" lbTx="0.01013288" tId="0" fbRx="0.01013944" lbRx="0" />
<p fId="2" fbTx="0.0100844" lbTx="0.01013288" tId="1" fbRx="0.01013944" lbRx="0" />
<p fId="2" fbTx="0.0100844" lbTx="0.01013288" tId="1" fbRx="0.01013944" lbRx="0" />
<p fId="1" fbTx="0.01021292" lbTx="0.01021852" tId="0" fbRx="0.01022508" lbRx="0" />
<p fId="1" fbTx="0.01021292" lbTx="0.01021852" tId="2" fbRx="0.01022508" lbRx="0" />
<p fId="1" fbTx="0.01021292" lbTx="0.01021852" tId="2" fbRx="0.01022508" lbRx="0" />
<p fId="1" fbTx="0.01022548" lbTx="0.01023108" tId="0" fbRx="0.01023764" lbRx="0" />
<p fId="1" fbTx="0.01022548" lbTx="0.01023108" tId="2" fbRx="0.01023764" lbRx="0" />
<p fId="1" fbTx="0.01022548" lbTx="0.01023108" tId="2" fbRx="0.01023764" lbRx="0" />
<p fId="2" fbTx="0.01024108" lbTx="0.01028956" tId="0" fbRx="0.01029612" lbRx="0" />
<p fId="2" fbTx="0.01024108" lbTx="0.01028956" tId="1" fbRx="0.01029612" lbRx="0" />
<p fId="2" fbTx="0.01024108" lbTx="0.01028956" tId="1" fbRx="0.01029612" lbRx="0" />
<p fId="2" fbTx="0.01030052" lbTx="0.010349" tId="0" fbRx="0.01035556" lbRx="0" />
<p fId="2" fbTx="0.01030052" lbTx="0.010349" tId="1" fbRx="0.01035556" lbRx="0" />
<p fId="2" fbTx="0.01030052" lbTx="0.010349" tId="1" fbRx="0.01035556" lbRx="0" />
<p fId="2" fbTx="0.01035796" lbTx="0.01040644" tId="0" fbRx="0.010413" lbRx="0" />
<p fId="2" fbTx="0.01035796" lbTx="0.01040644" tId="1" fbRx="0.010413" lbRx="0" />
<p fId="2" fbTx="0.01035796" lbTx="0.01040644" tId="1" fbRx="0.010413" lbRx="0" />
<p fId="2" fbTx="0.0104144" lbTx="0.01046288" tId="0" fbRx="0.01046944" lbRx="0" />
<p fId="2" fbTx="0.0104144" lbTx="0.01046288" tId="1" fbRx="0.01046944" lbRx="0" />
<p fId="2" fbTx="0.0104144" lbTx="0.01046288" tId="1" fbRx="0.01046944" lbRx="0" />
<p fId="2" fbTx="0.01047084" lbTx="0.01051932" tId="0" fbRx="0.01052588" lbRx="0" />
<p fId="2" fbTx="0.01047084" lbTx="0.01051932" tId="1" fbRx="0.01052588" lbRx="0" />
<p fId="2" fbTx="0.01047084" lbTx="0.01051932" tId="1" fbRx="0.01052588" lbRx="0" />
<p fId="2" fbTx="0.01053328" lbTx="0.01058176" tId="0" fbRx="0.01058832" lbRx="0" />
<p fId="2" fbTx="0.01053328" lbTx="0.01058176" tId="1" fbRx="0.01058832" lbRx="0" />
<p fId="2" fbTx="0.01053328" lbTx="0.01058176" tId="1" fbRx="0.01058832" lbRx="0" />
<p fId="1" fbTx="0.01063104" lbTx="0.01063664" tId="0" fbRx="0.0106432" lbRx="0" />
<p fId="1" fbTx="0.01063104" lbTx="0.01063664" tId="2" fbRx="0.0106432" lbRx="0" />
<p fId="1" fbTx="0.01063104" lbTx="0.01063664" tId="2" fbRx="0.0106432" lbRx="0" />
<p fId="2" fbTx="0.0106442" lbTx="0.01069268" tId="0" fbRx="0.01069924" lbRx="0" />
<p fId="2" fbTx="0.0106442" lbTx="0.01069268" tId="1" fbRx="0.01069924" lbRx="0" />
<p fId="2" fbTx="0.0106442" lbTx="0.01069268" tId="1" fbRx="0.01069924" lbRx="0" />
<p fId="2" fbTx="0.01070164" lbTx="0.01075012" tId="0" fbRx="0.01075668" lbRx="0" />
<p fId="2" fbTx="0.01070164" lbTx="0.01075012" tId="1" fbRx="0.01075668" lbRx="0" />
<p fId="2" fbTx="0.01070164" lbTx="0.01075012" tId="1" fbRx="0.01075668" lbRx="0" />
<p fId="2" fbTx="0.01075908" lbTx="0.01080756" tId="0" fbRx="0.01081412" lbRx="0" />
<p fId="2" fbTx="0.01075908" lbTx="0.01080756" tId="1" fbRx="0.01081412" lbRx="0" />
<p fId="2" fbTx="0.01075908" lbTx="0.01080756" tId="1" fbRx="0.01081412" lbRx="0" />
<p fId="1" fbTx="0.0108266" lbTx="0.0108322" tId="0" fbRx="0.01083876" lbRx="0" />
<p fId="1" fbTx="0.0108266" lbTx="0.0108322" tId="2" fbRx="0.01083876" lbRx="0" />
<p fId="1" fbTx="0.0108266" lbTx="0.0108322" tId="2" fbRx="0.01083876" lbRx="0" />
<p fId="2" fbTx="0.01083976" lbTx="0.01088824" tId="0" fbRx="0.0108948" lbRx="0" />
<p fId="2" fbTx="0.01083976" lbTx="0.01088824" tId="1" fbRx="0.0108948" lbRx="0" />
<p fId="2" fbTx="0.01083976" lbTx="0.01088824" tId="1" fbRx="0.0108948" lbRx="0" />
<p fId="2" fbTx="0.0108992" lbTx="0.01094768" tId="0" fbRx="0.01095424" lbRx="0" />
<p fId="2" fbTx="0.0108992" lbTx="0.01094768" tId="1" fbRx="0.01095424" lbRx="0" />
<p fId="2" fbTx="0.0108992" lbTx="0.01094768" tId="1" fbRx="0.01095424" lbRx="0" />
<p fId="2" fbTx="0.01095664" lbTx="0.01100512" tId="0" fbRx="0.01101168" lbRx="0" />
<p fId="2" fbTx="0.01095664" lbTx="0.01100512" tId="1" fbRx="0.01101168" lbRx="0" />
<p fId="2" fbTx="0.01095664" lbTx="0.01100512" tId="1" fbRx="0.01101168" lbRx="0" />
<p fId="1" fbTx="0.01117716" lbTx="0.01118276" tId="0" fbRx="0.01118932" lbRx="0" />
<p fId="1" fbTx="0.01117716" lbTx="0.01118276" tId="2" fbRx="0.01118932" lbRx="0" />
<p fId="1" fbTx="0.01117716" lbTx="0.01118276" tId="2" fbRx="0.01118932" lbRx="0" />
<p fId="2" fbTx="0.01119032" lbTx="0.0112388" tId="0" fbRx="0.01124536" lbRx="0" />
<p fId="2" fbTx="0.01119032" lbTx="0.0112388" tId="1" fbRx="0.01124536" lbRx="0" />
<p fId="2" fbTx="0.01119032" lbTx="0.0112388" tId="1" fbRx="0.01124536" lbRx="0" />
<p fId="2" fbTx="0.01124576" lbTx="0.01129424" tId="0" fbRx="0.0113008" lbRx="0" />
<p fId="2" fbTx="0.01124576" lbTx="0.01129424" tId="1" fbRx="0.0113008" lbRx="0" />
<p fId="2" fbTx="0.01124576" lbTx="0.01129424" tId="1" fbRx="0.0113008" lbRx="0" />
<p fId="2" fbTx="0.0113012" lbTx="0.01134968" tId="0" fbRx="0.01135624" lbRx="0" />
<p fId="2" fbTx="0.0113012" lbTx="0.01134968" tId="1" fbRx="0.01135624" lbRx="0" />
<p fId="2" fbTx="0.0113012" lbTx="0.01134968" tId="1" fbRx="0.01135624" lbRx="0" />
<p fId="1" fbTx="0.01136672" lbTx="0.01137232" tId="0" fbRx="0.01137888" lbRx="0" />
<p fId="1" fbTx="0.01136672" lbTx="0.01137232" tId="2" fbRx="0.01137888" lbRx="0" />
<p fId="1" fbTx="0.01136672" lbTx="0.01137232" tId="2" fbRx="0.01137888" lbRx="0" />
<p fId="1" fbTx="0.01137928" lbTx="0.01138488" tId="0" fbRx="0.01139144" lbRx="0" />
<p fId="1" fbTx="0.01137928" lbTx="0.01138488" tId="2" fbRx="0.01139144" lbRx="0" />
<p fId="1" fbTx="0.01137928" lbTx="0.01138488" tId="2" fbRx="0.01139144" lbRx="0" />
<p fId="1" fbTx="0.01139284" lbTx="0.01139844" tId="0" fbRx="0.011405" lbRx="0" />
<p fId="1" fbTx="0.01139284" lbTx="0.01139844" tId="2" fbRx="0.011405" lbRx="0" />
<p fId="1" fbTx="0.01139284" lbTx="0.01139844" tId="2" fbRx="0.011405" lbRx="0" />
<p fId="1" fbTx="0.0114124" lbTx="0.011418" tId="0" fbRx="0.01142456" lbRx="0" />
<p fId="1" fbTx="0.0114124" lbTx="0.011418" tId="2" fbRx="0.01142456" lbRx="0" />
<p fId="1" fbTx="0.0114124" lbTx="0.011418" tId="2" fbRx="0.01142456" lbRx="0" />
<p fId="1" fbTx="0.01142596" lbTx="0.01143156" tId="0" fbRx="0.01143812" lbRx="0" />
<p fId="1" fbTx="0.01142596" lbTx="0.01143156" tId="2" fbRx="0.01143812" lbRx="0" />
<p fId="1" fbTx="0.01142596" lbTx="0.01143156" tId="2" fbRx="0.01143812" lbRx="0" />
<p fId="1" fbTx="0.01143952" lbTx="0.01144512" tId="0" fbRx="0.01145168" lbRx="0" />
<p fId="1" fbTx="0.01143952" lbTx="0.01144512" tId="2" fbRx="0.01145168" lbRx="0" />
<p fId="1" fbTx="0.01143952" lbTx="0.01144512" tId="2" fbRx="0.01145168" lbRx="0" />
<p fId="1" fbTx="0.01145208" lbTx="0.01145768" tId="0" fbRx="0.01146424" lbRx="0" />
<p fId="1" fbTx="0.01145208" lbTx="0.01145768" tId="2" fbRx="0.01146424" lbRx="0" />
<p fId="1" fbTx="0.01145208" lbTx="0.01145768" tId="2" fbRx="0.01146424" lbRx="0" />
<p fId="2" fbTx="0.01146688" lbTx="0.01151536" tId="0" fbRx="0.01152192" lbRx="0" />
<p fId="2" fbTx="0.01146688" lbTx="0.01151536" tId="1" fbRx="0.01152192" lbRx="0" />
<p fId="2" fbTx="0.01146688" lbTx="0.01151536" tId="1" fbRx="0.01152192" lbRx="0" />
<p fId="2" fbTx="0.01153532" lbTx="0.0115838" tId="0" fbRx="0.01159036" lbRx="0" />
<p fId="2" fbTx="0.01153532" lbTx="0.0115838" tId="1" fbRx="0.01159036" lbRx="0" />
<p fId="2" fbTx="0.01153532" lbTx="0.0115838" tId="1" fbRx="0.01159036" lbRx="0" />
<p fId="2" fbTx="0.01159376" lbTx="0.01164224" tId="0" fbRx="0.0116488" lbRx="0" />
<p fId="2" fbTx="0.01159376" lbTx="0.01164224" tId="1" fbRx="0.0116488" lbRx="0" />
<p fId="2" fbTx="0.01159376" lbTx="0.01164224" tId="1" fbRx="0.0116488" lbRx="0" />
<p fId="2" fbTx="0.0116592" lbTx="0.01170768" tId="0" fbRx="0.01171424" lbRx="0" />
<p fId="2" fbTx="0.0116592" lbTx="0.01170768" tId="1" fbRx="0.01171424" lbRx="0" />
<p fId="2" fbTx="0.0116592" lbTx="0.01170768" tId="1" fbRx="0.01171424" lbRx="0" />
<p fId="2" fbTx="0.01171464" lbTx="0.01176312" tId="0" fbRx="0.01176968" lbRx="0" />
<p fId="2" fbTx="0.01171464" lbTx="0.01176312" tId="1" fbRx="0.01176968" lbRx="0" />
<p fId="2" fbTx="0.01171464" lbTx="0.01176312" tId="1" fbRx="0.01176968" lbRx="0" />
<p fId="2" fbTx="0.01177108" lbTx="0.01181956" tId="0" fbRx="0.01182612" lbRx="0" />
<p fId="2" fbTx="0.01177108" lbTx="0.01181956" tId="1" fbRx="0.01182612" lbRx="0" />
<p fId="2" fbTx="0.01177108" lbTx="0.01181956" tId="1" fbRx="0.01182612" lbRx="0" />
<p fId="2" fbTx="0.01184352" lbTx="0.011892" tId="0" fbRx="0.01189856" lbRx="0" />
<p fId="2" fbTx="0.01184352" lbTx="0.011892" tId="1" fbRx="0.01189856" lbRx="0" />
<p fId="2" fbTx="0.01184352" lbTx="0.011892" tId="1" fbRx="0.01189856" lbRx="0" />
<p fId="2" fbTx="0.01189896" lbTx="0.01194744" tId="0" fbRx="0.011954" lbRx="0" />
<p fId="2" fbTx="0.01189896" lbTx="0.01194744" tId="1" fbRx="0.011954" lbRx="0" />
<p fId="2" fbTx="0.01189896" lbTx="0.01194744" tId="1" fbRx="0.011954" lbRx="0" />
<p fId="2" fbTx="0.0119554" lbTx="0.01200388" tId="0" fbRx="0.01201044" lbRx="0" />
<p fId="2" fbTx="0.0119554" lbTx="0.01200388" tId="1" fbRx="0.01201044" lbRx="0" />
<p fId="2" fbTx="0.0119554" lbTx="0.01200388" tId="1" fbRx="0.01201044" lbRx="0" />
<p fId="2" fbTx="0.01201284" lbTx="0.01206132" tId="0" fbRx="0.01206788" lbRx="0" />
<p fId="2" fbTx="0.01201284" lbTx="0.01206132" tId="1" fbRx="0.01206788" lbRx="0" />
<p fId="2" fbTx="0.01201284" lbTx="0.01206132" tId="1" fbRx="0.01206788" lbRx="0" />
<p fId="2" fbTx="0.01206928" lbTx="0.01211776" tId="0" fbRx="0.01212432" lbRx="0" />
<p fId="2" fbTx="0.01206928" lbTx="0.01211776" tId="1" fbRx="0.01212432" lbRx="0" />
<p fId="2" fbTx="0.01206928" lbTx="0.01211776" tId="1" fbRx="0.01212432" lbRx="0" />
<p fId="2" fbTx="0.01213472" lbTx="0.0121832" tId="0" fbRx="0.01218976" lbRx="0" />
<p fId="2" fbTx="0.01213472" lbTx="0.0121832" tId="1" fbRx="0.01218976" lbRx="0" />
<p fId="2" fbTx="0.01213472" lbTx="0.0121832" tId="1" fbRx="0.01218976" lbRx="0" />
<p fId="2" fbTx="0.01219316" lbTx="0.01224164" tId="0" fbRx="0.0122482" lbRx="0" />
<p fId="2" fbTx="0.01219316" lbTx="0.01224164" tId="1" fbRx="0.0122482" lbRx="0" />
<p fId="2" fbTx="0.01219316" lbTx="0.01224164" tId="1" fbRx="0.0122482" lbRx="0" />
<p fId="2" fbTx="0.0122506" lbTx="0.01229908" tId="0" fbRx="0.01230564" lbRx="0" />
<p fId="2" fbTx="0.0122506" lbTx="0.01229908" tId="1" fbRx="0.01230564" lbRx="0" />
<p fId="2" fbTx="0.0122506" lbTx="0.01229908" tId="1" fbRx="0.01230564" lbRx="0" />
<p fId="2" fbTx="0.01230904" lbTx="0.01235752" tId="0" fbRx="0.01236408" lbRx="0" />
<p fId="2" fbTx="0.01230904" lbTx="0.01235752" tId="1" fbRx="0.01236408" lbRx="0" />
<p fId="2" fbTx="0.01230904" lbTx="0.01235752" tId="1" fbRx="0.01236408" lbRx="0" />
<p fId="2" fbTx="0.01236848" lbTx="0.01241696" tId="0" fbRx="0.01242352" lbRx="0" />
<p fId="2" fbTx="0.01236848" lbTx="0.01241696" tId="1" fbRx="0.01242352" lbRx="0" />
<p fId="2" fbTx="0.01236848" lbTx="0.01241696" tId="1" fbRx="0.01242352" lbRx="0" />
<p fId="2" fbTx="0.01243292" lbTx="0.0124814" tId="0" fbRx="0.01248796" lbRx="0" />
<p fId="2" fbTx="0.01243292" lbTx="0.0124814" tId="1" fbRx="0.01248796" lbRx="0" />
<p fId="2" fbTx="0.01243292" lbTx="0.0124814" tId="1" fbRx="0.01248796" lbRx="0" />
<p fId="2" fbTx="0.01248836" lbTx="0.01253684" tId="0" fbRx="0.0125434" lbRx="0" />
<p fId="2" fbTx="0.01248836" lbTx="0.01253684" tId="1" fbRx="0.0125434" lbRx="0" />
<p fId="2" fbTx="0.01248836" lbTx="0.01253684" tId="1" fbRx="0.0125434" lbRx="0" />
<p fId="2" fbTx="0.0125448" lbTx="0.01259328" tId="0" fbRx="0.01259984" lbRx="0" />
<p fId="2" fbTx="0.0125448" lbTx="0.01259328" tId="1" fbRx="0.01259984" lbRx="0" />
<p fId="2" fbTx="0.0125448" lbTx="0.01259328" tId="1" fbRx="0.01259984" lbRx="0" />
<p fId="2" fbTx="0.01260124" lbTx="0.01264972" tId="0" fbRx="0.01265628" lbRx="0" />
<p fId="2" fbTx="0.01260124" lbTx="0.01264972" tId="1" fbRx="0.01265628" lbRx="0" />
<p fId="2" fbTx="0.01260124" lbTx="0.01264972" tId="1" fbRx="0.01265628" lbRx="0" />
<p fId="2" fbTx="0.01266568" lbTx="0.01271416" tId="0" fbRx="0.01272072" lbRx="0" />
<p fId="2" fbTx="0.01266568" lbTx="0.01271416" tId="1" fbRx="0.01272072" lbRx="0" />
<p fId="2" fbTx="0.01266568" lbTx="0.01271416" tId="1" fbRx="0.01272072" lbRx="0" />
<p fId="1" fbTx="0.01282064" lbTx="0.01282624" tId="0" fbRx="0.0128328" lbRx="0" />
<p fId="1" fbTx="0.01282064" lbTx="0.01282624" tId="2" fbRx="0.0128328" lbRx="0" />
<p fId="1" fbTx="0.01282064" lbTx="0.01282624" tId="2" fbRx="0.0128328" lbRx="0" />
<p fId="1" fbTx="0.0128332" lbTx="0.0128388" tId="0" fbRx="0.01284536" lbRx="0" />
<p fId="1" fbTx="0.0128332" lbTx="0.0128388" tId="2" fbRx="0.01284536" lbRx="0" />
<p fId="1" fbTx="0.0128332" lbTx="0.0128388" tId="2" fbRx="0.01284536" lbRx="0" />
<p fId="1" fbTx="0.01284776" lbTx="0.01285336" tId="0" fbRx="0.01285992" lbRx="0" />
<p fId="1" fbTx="0.01284776" lbTx="0.01285336" tId="2" fbRx="0.01285992" lbRx="0" />
<p fId="1" fbTx="0.01284776" lbTx="0.01285336" tId="2" fbRx="0.01285992" lbRx="0" />
<p fId="1" fbTx="0.01286132" lbTx="0.01286692" tId="0" fbRx="0.01287348" lbRx="0" />
<p fId="1" fbTx="0.01286132" lbTx="0.01286692" tId="2" fbRx="0.01287348" lbRx="0" />
<p fId="1" fbTx="0.01286132" lbTx="0.01286692" tId="2" fbRx="0.01287348" lbRx="0" />
<p fId="1" fbTx="0.01287388" lbTx="0.01287948" tId="0" fbRx="0.01288604" lbRx="0" />
<p fId="1" fbTx="0.01287388" lbTx="0.01287948" tId="2" fbRx="0.01288604" lbRx="0" />
<p fId="1" fbTx="0.01287388" lbTx="0.01287948" tId="2" fbRx="0.01288604" lbRx="0" />
<p fId="1" fbTx="0.01288944" lbTx="0.01289504" tId="0" fbRx="0.0129016" lbRx="0" />
<p fId="1" fbTx="0.01288944" lbTx="0.01289504" tId="2" fbRx="0.0129016" lbRx="0" />
<p fId="1" fbTx="0.01288944" lbTx="0.01289504" tId="2" fbRx="0.0129016" lbRx="0" />
<p fId="1" fbTx="0.012903" lbTx="0.0129086" tId="0" fbRx="0.01291516" lbRx="0" />
<p fId="1" fbTx="0.012903" lbTx="0.0129086" tId="2" fbRx="0.01291516" lbRx="0" />
<p fId="1" fbTx="0.012903" lbTx="0.0129086" tId="2" fbRx="0.01291516" lbRx="0" />
<p fId="1" fbTx="0.01291756" lbTx="0.01292316" tId="0" fbRx="0.01292972" lbRx="0" />
<p fId="1" fbTx="0.01291756" lbTx="0.01292316" tId="2" fbRx="0.01292972" lbRx="0" />
<p fId="1" fbTx="0.01291756" lbTx="0.01292316" tId="2" fbRx="0.01292972" lbRx="0" />
<p fId="1" fbTx="0.01293812" lbTx="0.01294372" tId="0" fbRx="0.01295028" lbRx="0" />
<p fId="1" fbTx="0.01293812" lbTx="0.01294372" tId="2" fbRx="0.01295028" lbRx="0" />
<p fId="1" fbTx="0.01293812" lbTx="0.01294372" tId="2" fbRx="0.01295028" lbRx="0" />
<p fId="1" fbTx="0.01295368" lbTx="0.01295928" tId="0" fbRx="0.01296584" lbRx="0" />
<p fId="1" fbTx="0.01295368" lbTx="0.01295928" tId="2" fbRx="0.01296584" lbRx="0" />
<p fId="1" fbTx="0.01295368" lbTx="0.01295928" tId="2" fbRx="0.01296584" lbRx="0" />
<p fId="1" fbTx="0.01296724" lbTx="0.01297284" tId="0" fbRx="0.0129794" lbRx="0" />
<p fId="1" fbTx="0.01296724" lbTx="0.01297284" tId="2" fbRx="0.0129794" lbRx="0" />
<p fId="1" fbTx="0.01296724" lbTx="0.01297284" tId="2" fbRx="0.0129794" lbRx="0" />
<p fId="1" fbTx="0.0129808" lbTx="0.0129864" tId="0" fbRx="0.01299296" lbRx="0" />
<p fId="1" fbTx="0.0129808" lbTx="0.0129864" tId="2" fbRx="0.01299296" lbRx="0" />
<p fId="1" fbTx="0.0129808" lbTx="0.0129864" tId="2" fbRx="0.01299296" lbRx="0" />
<p fId="2" fbTx="0.0129938" lbTx="0.01304228" tId="0" fbRx="0.01304884" lbRx="0" />
<p fId="2" fbTx="0.0129938" lbTx="0.01304228" tId="1" fbRx="0.01304884" lbRx="0" />
<p fId="2" fbTx="0.0129938" lbTx="0.01304228" tId="1" fbRx="0.01304884" lbRx="0" />
<p fId="2" fbTx="0.01305024" lbTx="0.01309872" tId="0" fbRx="0.01310528" lbRx="0" />
<p fId="2" fbTx="0.01305024" lbTx="0.01309872" tId="1" fbRx="0.01310528" lbRx="0" />
<p fId="2" fbTx="0.01305024" lbTx="0.01309872" tId="1" fbRx="0.01310528" lbRx="0" />
<p fId="2" fbTx="0.01310768" lbTx="0.01315616" tId="0" fbRx="0.01316272" lbRx="0" />
<p fId="2" fbTx="0.01310768" lbTx="0.01315616" tId="1" fbRx="0.01316272" lbRx="0" />
<p fId="2" fbTx="0.01310768" lbTx="0.01315616" tId="1" fbRx="0.01316272" lbRx="0" />
<p fId="2" fbTx="0.01316312" lbTx="0.0132116" tId="0" fbRx="0.01321816" lbRx="0" />
<p fId="2" fbTx="0.01316312" lbTx="0.0132116" tId="1" fbRx="0.01321816" lbRx="0" />
<p fId="2" fbTx="0.01316312" lbTx="0.0132116" tId="1" fbRx="0.01321816" lbRx="0" />
<p fId="2" fbTx="0.01321956" lbTx="0.01326804" tId="0" fbRx="0.0132746" lbRx="0" />
<p fId="2" fbTx="0.01321956" lbTx="0.01326804" tId="1" fbRx="0.0132746" lbRx="0" />
<p fId="2" fbTx="0.01321956" lbTx="0.01326804" tId="1" fbRx="0.0132746" lbRx="0" />
<p fId="2" fbTx="0.013277" lbTx="0.01332548" tId="0" fbRx="0.01333204" lbRx="0" />
<p fId="2" fbTx="0.013277" lbTx="0.01332548" tId="1" fbRx="0.01333204" lbRx="0" />
<p fId="2" fbTx="0.013277" lbTx="0.01332548" tId="1" fbRx="0.01333204" lbRx="0" />
<p fId="2" fbTx="0.01333244" lbTx="0.01338092" tId="0" fbRx="0.01338748" lbRx="0" />
<p fId="2" fbTx="0.01333244" lbTx="0.01338092" tId="1" fbRx="0.01338748" lbRx="0" />
<p fId="2" fbTx="0.01333244" lbTx="0.01338092" tId="1" fbRx="0.01338748" lbRx="0" />
<p fId="2" fbTx="0.01339588" lbTx="0.01344436" tId="0" fbRx="0.01345092" lbRx="0" />
<p fId="2" fbTx="0.01339588" lbTx="0.01344436" tId="1" fbRx="0.01345092" lbRx="0" />
<p fId="2" fbTx="0.01339588" lbTx="0.01344436" tId="1" fbRx="0.01345092" lbRx="0" />
<p fId="2" fbTx="0.01345132" lbTx="0.0134998" tId="0" fbRx="0.01350636" lbRx="0" />
<p fId="2" fbTx="0.01345132" lbTx="0.0134998" tId="1" fbRx="0.01350636" lbRx="0" />
<p fId="2" fbTx="0.01345132" lbTx="0.0134998" tId="1" fbRx="0.01350636" lbRx="0" />
<p fId="2" fbTx="0.01350876" lbTx="0.01355724" tId="0" fbRx="0.0135638" lbRx="0" />
<p fId="2" fbTx="0.01350876" lbTx="0.01355724" tId="1" fbRx="0.0135638" lbRx="0" />
<p fId="2" fbTx="0.01350876" lbTx="0.01355724" tId="1" fbRx="0.0135638" lbRx="0" />
<p fId="2" fbTx="0.0135692" lbTx="0.01361768" tId="0" fbRx="0.01362424" lbRx="0" />
<p fId="2" fbTx="0.0135692" lbTx="0.01361768" tId="1" fbRx="0.01362424" lbRx="0" />
<p fId="2" fbTx="0.0135692" lbTx="0.01361768" tId="1" fbRx="0.01362424" lbRx="0" />
<p fId="2" fbTx="0.01363564" lbTx="0.01368412" tId="0" fbRx="0.01369068" lbRx="0" />
<p fId="2" fbTx="0.01363564" lbTx="0.01368412" tId="1" fbRx="0.01369068" lbRx="0" />
<p fId="2" fbTx="0.01363564" lbTx="0.01368412" tId="1" fbRx="0.01369068" lbRx="0" />
<p fId="2" fbTx="0.01369108" lbTx="0.01373956" tId="0" fbRx="0.01374612" lbRx="0" />
<p fId="2" fbTx="0.01369108" lbTx="0.01373956" tId="1" fbRx="0.01374612" lbRx="0" />
<p fId="2" fbTx="0.01369108" lbTx="0.01373956" tId="1" fbRx="0.01374612" lbRx="0" />
<p fId="2" fbTx="0.01375652" lbTx="0.013805" tId="0" fbRx="0.01381156" lbRx="0" />
<p fId="2" fbTx="0.01375652" lbTx="0.013805" tId="1" fbRx="0.01381156" lbRx="0" />
<p fId="2" fbTx="0.01375652" lbTx="0.013805" tId="1" fbRx="0.01381156" lbRx="0" />
<p fId="2" fbTx="0.01381196" lbTx="0.01386044" tId="0" fbRx="0.013867" lbRx="0" />
<p fId="2" fbTx="0.01381196" lbTx="0.01386044" tId="1" fbRx="0.013867" lbRx="0" />
<p fId="2" fbTx="0.01381196" lbTx="0.01386044" tId="1" fbRx="0.013867" lbRx="0" />
<p fId="2" fbTx="0.0138694" lbTx="0.01391788" tId="0" fbRx="0.01392444" lbRx="0" />
<p fId="2" fbTx="0.0138694" lbTx="0.01391788" tId="1" fbRx="0.01392444" lbRx="0" />
<p fId="2" fbTx="0.0138694" lbTx="0.01391788" tId="1" fbRx="0.01392444" lbRx="0" />
<p fId="2" fbTx="0.01392784" lbTx="0.01397632" tId="0" fbRx="0.01398288" lbRx="0" />
<p fId="2" fbTx="0.01392784" lbTx="0.01397632" tId="1" fbRx="0.01398288" lbRx="0" />
<p fId="2" fbTx="0.01392784" lbTx="0.01397632" tId="1" fbRx="0.01398288" lbRx="0" />
<p fId="2" fbTx="0.01398828" lbTx="0.01403676" tId="0" fbRx="0.01404332" lbRx="0" />
<p fId="2" fbTx="0.01398828" lbTx="0.01403676" tId="1" fbRx="0.01404332" lbRx="0" />
<p fId="2" fbTx="0.01398828" lbTx="0.01403676" tId="1" fbRx="0.01404332" lbRx="0" />
<p fId="2" fbTx="0.01404372" lbTx="0.0140922" tId="0" fbRx="0.01409876" lbRx="0" />
<p fId="2" fbTx="0.01404372" lbTx="0.0140922" tId="1" fbRx="0.01409876" lbRx="0" />
<p fId="2" fbTx="0.01404372" lbTx="0.0140922" tId="1" fbRx="0.01409876" lbRx="0" />
<p fId="2" fbTx="0.01410116" lbTx="0.01414964" tId="0" fbRx="0.0141562" lbRx="0" />
<p fId="2" fbTx="0.01410116" lbTx="0.01414964" tId="1" fbRx="0.0141562" lbRx="0" />
<p fId="2" fbTx="0.01410116" lbTx="0.01414964" tId="1" fbRx="0.0141562" lbRx="0" />
<p fId="2" fbTx="0.0141606" lbTx="0.01420908" tId="0" fbRx="0.01421564" lbRx="0" />
<p fId="2" fbTx="0.0141606" lbTx="0.01420908" tId="1" fbRx="0.01421564" lbRx="0" />
<p fId="2" fbTx="0.0141606" lbTx="0.01420908" tId="1" fbRx="0.01421564" lbRx="0" />
<p fId="2" fbTx="0.01421804" lbTx="0.01426652" tId="0" fbRx="0.01427308" lbRx="0" />
<p fId="2" fbTx="0.01421804" lbTx="0.01426652" tId="1" fbRx="0.01427308" lbRx="0" />
<p fId="2" fbTx="0.01421804" lbTx="0.01426652" tId="1" fbRx="0.01427308" lbRx="0" />
<p fId="2" fbTx="0.01428548" lbTx="0.01433396" tId="0" fbRx="0.01434052" lbRx="0" />
<p fId="2" fbTx="0.01428548" lbTx="0.01433396" tId="1" fbRx="0.01434052" lbRx="0" />
<p fId="2" fbTx="0.01428548" lbTx="0.01433396" tId="1" fbRx="0.01434052" lbRx="0" />
<p fId="2" fbTx="0.01434392" lbTx="0.0143924" tId="0" fbRx="0.01439896" lbRx="0" />
<p fId="2" fbTx="0.01434392" lbTx="0.0143924" tId="1" fbRx="0.01439896" lbRx="0" />
<p fId="2" fbTx="0.01434392" lbTx="0.0143924" tId="1" fbRx="0.01439896" lbRx="0" />
<p fId="2" fbTx="0.01440736" lbTx="0.01445584" tId="0" fbRx="0.0144624" lbRx="0" />
<p fId="2" fbTx="0.01440736" lbTx="0.01445584" tId="1" fbRx="0.0144624" lbRx="0" />
<p fId="2" fbTx="0.01440736" lbTx="0.01445584" tId="1" fbRx="0.0144624" lbRx="0" />
<p fId="2" fbTx="0.0144758" lbTx="0.01452428" tId="0" fbRx="0.01453084" lbRx="0" />
<p fId="2" fbTx="0.0144758" lbTx="0.01452428" tId="1" fbRx="0.01453084" lbRx="0" />
<p fId="2" fbTx="0.0144758" lbTx="0.01452428" tId="1" fbRx="0.01453084" lbRx="0" />
<p fId="2" fbTx="0.01453124" lbTx="0.01457972" tId="0" fbRx="0.01458628" lbRx="0" />
<p fId="2" fbTx="0.01453124" lbTx="0.01457972" tId="1" fbRx="0.01458628" lbRx="0" />
<p fId="2" fbTx="0.01453124" lbTx="0.01457972" tId="1" fbRx="0.01458628" lbRx="0" />
<p fId="2" fbTx="0.01459768" lbTx="0.01464616" tId="0" fbRx="0.01465272" lbRx="0" />
<p fId="2" fbTx="0.01459768" lbTx="0.01464616" tId="1" fbRx="0.01465272" lbRx="0" />
<p fId="2" fbTx="0.01459768" lbTx="0.01464616" tId="1" fbRx="0.01465272" lbRx="0" />
<p fId="2" fbTx="0.01465812" lbTx="0.0147066" tId="0" fbRx="0.01471316" lbRx="0" />
<p fId="2" fbTx="0.01465812" lbTx="0.0147066" tId="1" fbRx="0.01471316" lbRx="0" />
<p fId="2" fbTx="0.01465812" lbTx="0.0147066" tId="1" fbRx="0.01471316" lbRx="0" />
<p fId="2" fbTx="0.01471356" lbTx="0.01476204" tId="0" fbRx="0.0147686" lbRx="0" />
<p fId="2" fbTx="0.01471356" lbTx="0.01476204" tId="1" fbRx="0.0147686" lbRx="0" />
<p fId="2" fbTx="0.01471356" lbTx="0.01476204" tId="1" fbRx="0.0147686" lbRx="0" />
<p fId="2" fbTx="0.01477" lbTx="0.01481848" tId="0" fbRx="0.01482504" lbRx="0" />
<p fId="2" fbTx="0.01477" lbTx="0.01481848" tId="1" fbRx="0.01482504" lbRx="0" />
<p fId="2" fbTx="0.01477" lbTx="0.01481848" tId="1" fbRx="0.01482504" lbRx="0" />
<p fId="2" fbTx="0.01482544" lbTx="0.01487392" tId="0" fbRx="0.01488048" lbRx="0" />
<p fId="2" fbTx="0.01482544" lbTx="0.01487392" tId="1" fbRx="0.01488048" lbRx="0" />
<p fId="2" fbTx="0.01482544" lbTx="0.01487392" tId="1" fbRx="0.01488048" lbRx="0" />
<p fId="2" fbTx="0.01490488" lbTx="0.01495336" tId="0" fbRx="0.01495992" lbRx="0" />
<p fId="2" fbTx="0.01490488" lbTx="0.01495336" tId="1" fbRx="0.01495992" lbRx="0" />
<p fId="2" fbTx="0.01490488" lbTx="0.01495336" tId="1" fbRx="0.01495992" lbRx="0" />
<p fId="2" fbTx="0.01496032" lbTx="0.0150088" tId="0" fbRx="0.01501536" lbRx="0" />
<p fId="2" fbTx="0.01496032" lbTx="0.0150088" tId="1" fbRx="0.01501536" lbRx="0" />
<p fId="2" fbTx="0.01496032" lbTx="0.0150088" tId="1" fbRx="0.01501536" lbRx="0" />
<p fId="2" fbTx="0.01501776" lbTx="0.01506624" tId="0" fbRx="0.0150728" lbRx="0" />
<p fId="2" fbTx="0.01501776" lbTx="0.01506624" tId="1" fbRx="0.0150728" lbRx="0" />
<p fId="2" fbTx="0.01501776" lbTx="0.01506624" tId="1" fbRx="0.0150728" lbRx="0" />
<p fId="2" fbTx="0.0150832" lbTx="0.01513168" tId="0" fbRx="0.01513824" lbRx="0" />
<p fId="2" fbTx="0.0150832" lbTx="0.01513168" tId="1" fbRx="0.01513824" lbRx="0" />
<p fId="2" fbTx="0.0150832" lbTx="0.01513168" tId="1" fbRx="0.01513824" lbRx="0" />
<p fId="1" fbTx="0.01526536" lbTx="0.01527096" tId="0" fbRx="0.01527752" lbRx="0" />
<p fId="1" fbTx="0.01526536" lbTx="0.01527096" tId="2" fbRx="0.01527752" lbRx="0" />
<p fId="1" fbTx="0.01526536" lbTx="0.01527096" tId="2" fbRx="0.01527752" lbRx="0" />
<p fId="2" fbTx="0.01527852" lbTx="0.015327" tId="0" fbRx="0.01533356" lbRx="0" />
<p fId="2" fbTx="0.01527852" lbTx="0.015327" tId="1" fbRx="0.01533356" lbRx="0" />
<p fId="2" fbTx="0.01527852" lbTx="0.015327" tId="1" fbRx="0.01533356" lbRx="0" />
<p fId="1" fbTx="0.01533392" lbTx="0.01533952" tId="0" fbRx="0.01534608" lbRx="0" />
<p fId="1" fbTx="0.01533392" lbTx="0.01533952" tId="2" fbRx="0.01534608" lbRx="0" />
<p fId="1" fbTx="0.01533392" lbTx="0.01533952" tId="2" fbRx="0.01534608" lbRx="0" />
<p fId="1" fbTx="0.01534948" lbTx="0.01535508" tId="0" fbRx="0.01536164" lbRx="0" />
<p fId="1" fbTx="0.01534948" lbTx="0.01535508" tId="2" fbRx="0.01536164" lbRx="0" />
<p fId="1" fbTx="0.01534948" lbTx="0.01535508" tId="2" fbRx="0.01536164" lbRx="0" />
<p fId="2" fbTx="0.01536196" lbTx="0.01541044" tId="0" fbRx="0.015417" lbRx="0" />
<p fId="2" fbTx="0.01536196" lbTx="0.01541044" tId="1" fbRx="0.015417" lbRx="0" />
<p fId="2" fbTx="0.01536196" lbTx="0.01541044" tId="1" fbRx="0.015417" lbRx="0" />
<p fId="2" fbTx="0.0154194" lbTx="0.01546788" tId="0" fbRx="0.01547444" lbRx="0" />
<p fId="2" fbTx="0.0154194" lbTx="0.01546788" tId="1" fbRx="0.01547444" lbRx="0" />
<p fId="2" fbTx="0.0154194" lbTx="0.01546788" tId="1" fbRx="0.01547444" lbRx="0" />
<p fId="2" fbTx="0.01547584" lbTx="0.01552432" tId="0" fbRx="0.01553088" lbRx="0" />
<p fId="2" fbTx="0.01547584" lbTx="0.01552432" tId="1" fbRx="0.01553088" lbRx="0" />
<p fId="2" fbTx="0.01547584" lbTx="0.01552432" tId="1" fbRx="0.01553088" lbRx="0" />
<p fId="2" fbTx="0.01553228" lbTx="0.01558076" tId="0" fbRx="0.01558732" lbRx="0" />
<p fId="2" fbTx="0.01553228" lbTx="0.01558076" tId="1" fbRx="0.01558732" lbRx="0" />
<p fId="2" fbTx="0.01553228" lbTx="0.01558076" tId="1" fbRx="0.01558732" lbRx="0" />
<p fId="2" fbTx="0.01558972" lbTx="0.0156382" tId="0" fbRx="0.01564476" lbRx="0" />
<p fId="2" fbTx="0.01558972" lbTx="0.0156382" tId="1" fbRx="0.01564476" lbRx="0" />
<p fId="2" fbTx="0.01558972" lbTx="0.0156382" tId="1" fbRx="0.01564476" lbRx="0" />
<p fId="2" fbTx="0.01564516" lbTx="0.01569364" tId="0" fbRx="0.0157002" lbRx="0" />
<p fId="2" fbTx="0.01564516" lbTx="0.01569364" tId="1" fbRx="0.0157002" lbRx="0" />
<p fId="2" fbTx="0.01564516" lbTx="0.01569364" tId="1" fbRx="0.0157002" lbRx="0" />
<p fId="2" fbTx="0.0157026" lbTx="0.01575108" tId="0" fbRx="0.01575764" lbRx="0" />
<p fId="2" fbTx="0.0157026" lbTx="0.01575108" tId="1" fbRx="0.01575764" lbRx="0" />
<p fId="2" fbTx="0.0157026" lbTx="0.01575108" tId="1" fbRx="0.01575764" lbRx="0" />
<p fId="2" fbTx="0.01576004" lbTx="0.01580852" tId="0" fbRx="0.01581508" lbRx="0" />
<p fId="2" fbTx="0.01576004" lbTx="0.01580852" tId="1" fbRx="0.01581508" lbRx="0" />
<p fId="2" fbTx="0.01576004" lbTx="0.01580852" tId="1" fbRx="0.01581508" lbRx="0" />
<p fId="1" fbTx="0.01599104" lbTx="0.01599664" tId="0" fbRx="0.0160032" lbRx="0" />
<p fId="1" fbTx="0.01599104" lbTx="0.01599664" tId="2" fbRx="0.0160032" lbRx="0" />
<p fId="1" fbTx="0.01599104" lbTx="0.01599664" tId="2" fbRx="0.0160032" lbRx="0" />
<p fId="2" fbTx="0.0160042" lbTx="0.01605268" tId="0" fbRx="0.01605924" lbRx="0" />
<p fId="2" fbTx="0.0160042" lbTx="0.01605268" tId="1" fbRx="0.01605924" lbRx="0" />
<p fId="2" fbTx="0.0160042" lbTx="0.01605268" tId="1" fbRx="0.01605924" lbRx="0" />
<p fId="1" fbTx="0.0160596" lbTx="0.0160652" tId="0" fbRx="0.01607176" lbRx="0" />
<p fId="1" fbTx="0.0160596" lbTx="0.0160652" tId="2" fbRx="0.01607176" lbRx="0" />
<p fId="1" fbTx="0.0160596" lbTx="0.0160652" tId="2" fbRx="0.01607176" lbRx="0" />
<p fId="1" fbTx="0.01607716" lbTx="0.01608276" tId="0" fbRx="0.01608932" lbRx="0" />
<p fId="1" fbTx="0.01607716" lbTx="0.01608276" tId="2" fbRx="0.01608932" lbRx="0" />
<p fId="1" fbTx="0.01607716" lbTx="0.01608276" tId="2" fbRx="0.01608932" lbRx="0" />
<p fId="1" fbTx="0.01608972" lbTx="0.01609532" tId="0" fbRx="0.01610188" lbRx="0" />
<p fId="1" fbTx="0.01608972" lbTx="0.01609532" tId="2" fbRx="0.01610188" lbRx="0" />
<p fId="1" fbTx="0.01608972" lbTx="0.01609532" tId="2" fbRx="0.01610188" lbRx="0" />
<p fId="1" fbTx="0.01610528" lbTx="0.01611088" tId="0" fbRx="0.01611744" lbRx="0" />
<p fId="1" fbTx="0.01610528" lbTx="0.01611088" tId="2" fbRx="0.01611744" lbRx="0" />
<p fId="1" fbTx="0.01610528" lbTx="0.01611088" tId="2" fbRx="0.01611744" lbRx="0" />
<p fId="1" fbTx="0.01611984" lbTx="0.01612544" tId="0" fbRx="0.016132" lbRx="0" />
<p fId="1" fbTx="0.01611984" lbTx="0.01612544" tId="2" fbRx="0.016132" lbRx="0" />
<p fId="1" fbTx="0.01611984" lbTx="0.01612544" tId="2" fbRx="0.016132" lbRx="0" />
<p fId="1" fbTx="0.0161324" lbTx="0.016138" tId="0" fbRx="0.01614456" lbRx="0" />
<p fId="1" fbTx="0.0161324" lbTx="0.016138" tId="2" fbRx="0.01614456" lbRx="0" />
<p fId="1" fbTx="0.0161324" lbTx="0.016138" tId="2" fbRx="0.01614456" lbRx="0" />
<p fId="1" fbTx="0.01614796" lbTx="0.01615356" tId="0" fbRx="0.01616012" lbRx="0" />
<p fId="1" fbTx="0.01614796" lbTx="0.01615356" tId="2" fbRx="0.01616012" lbRx="0" />
<p fId="1" fbTx="0.01614796" lbTx="0.01615356" tId="2" fbRx="0.01616012" lbRx="0" />
<p fId="1" fbTx="0.01616252" lbTx="0.01616812" tId="0" fbRx="0.01617468" lbRx="0" />
<p fId="1" fbTx="0.01616252" lbTx="0.01616812" tId="2" fbRx="0.01617468" lbRx="0" />
<p fId="1" fbTx="0.01616252" lbTx="0.01616812" tId="2" fbRx="0.01617468" lbRx="0" />
<p fId="1" fbTx="0.01618708" lbTx="0.01619268" tId="0" fbRx="0.01619924" lbRx="0" />
<p fId="1" fbTx="0.01618708" lbTx="0.01619268" tId="2" fbRx="0.01619924" lbRx="0" />
<p fId="1" fbTx="0.01618708" lbTx="0.01619268" tId="2" fbRx="0.01619924" lbRx="0" />
<p fId="1" fbTx="0.01619964" lbTx="0.01620524" tId="0" fbRx="0.0162118" lbRx="0" />
<p fId="1" fbTx="0.01619964" lbTx="0.01620524" tId="2" fbRx="0.0162118" lbRx="0" />
<p fId="1" fbTx="0.01619964" lbTx="0.01620524" tId="2" fbRx="0.0162118" lbRx="0" />
<p fId="1" fbTx="0.0162162" lbTx="0.0162218" tId="0" fbRx="0.01622836" lbRx="0" />
<p fId="1" fbTx="0.0162162" lbTx="0.0162218" tId="2" fbRx="0.01622836" lbRx="0" />
<p fId="1" fbTx="0.0162162" lbTx="0.0162218" tId="2" fbRx="0.01622836" lbRx="0" />
<p fId="1" fbTx="0.01623076" lbTx="0.01623636" tId="0" fbRx="0.01624292" lbRx="0" />
<p fId="1" fbTx="0.01623076" lbTx="0.01623636" tId="2" fbRx="0.01624292" lbRx="0" />
<p fId="1" fbTx="0.01623076" lbTx="0.01623636" tId="2" fbRx="0.01624292" lbRx="0" />
<p fId="1" fbTx="0.01624932" lbTx="0.01625492" tId="0" fbRx="0.01626148" lbRx="0" />
<p fId="1" fbTx="0.01624932" lbTx="0.01625492" tId="2" fbRx="0.01626148" lbRx="0" />
<p fId="1" fbTx="0.01624932" lbTx="0.01625492" tId="2" fbRx="0.01626148" lbRx="0" />
<p fId="1" fbTx="0.01626188" lbTx="0.01626748" tId="0" fbRx="0.01627404" lbRx="0" />
<p fId="1" fbTx="0.01626188" lbTx="0.01626748" tId="2" fbRx="0.01627404" lbRx="0" />
<p fId="1" fbTx="0.01626188" lbTx="0.01626748" tId="2" fbRx="0.01627404" lbRx="0" />
<p fId="1" fbTx="0.01627544" lbTx="0.01628104" tId="0" fbRx="0.0162876" lbRx="0" />
<p fId="1" fbTx="0.01627544" lbTx="0.01628104" tId="2" fbRx="0.0162876" lbRx="0" />
<p fId="1" fbTx="0.01627544" lbTx="0.01628104" tId="2" fbRx="0.0162876" lbRx="0" />
<p fId="1" fbTx="0.01629" lbTx="0.0162956" tId="0" fbRx="0.01630216" lbRx="0" />
<p fId="1" fbTx="0.01629" lbTx="0.0162956" tId="2" fbRx="0.01630216" lbRx="0" />
<p fId="1" fbTx="0.01629" lbTx="0.0162956" tId="2" fbRx="0.01630216" lbRx="0" />
<p fId="1" fbTx="0.01630256" lbTx="0.01630816" tId="0" fbRx="0.01631472" lbRx="0" />
<p fId="1" fbTx="0.01630256" lbTx="0.01630816" tId="2" fbRx="0.01631472" lbRx="0" />
<p fId="1" fbTx="0.01630256" lbTx="0.01630816" tId="2" fbRx="0.01631472" lbRx="0" />
<p fId="1" fbTx="0.01631512" lbTx="0.01632072" tId="0" fbRx="0.01632728" lbRx="0" />
<p fId="1" fbTx="0.01631512" lbTx="0.01632072" tId="2" fbRx="0.01632728" lbRx="0" />
<p fId="1" fbTx="0.01631512" lbTx="0.01632072" tId="2" fbRx="0.01632728" lbRx="0" />
<p fId="1" fbTx="0.01633868" lbTx="0.01634428" tId="0" fbRx="0.01635084" lbRx="0" />
<p fId="1" fbTx="0.01633868" lbTx="0.01634428" tId="2" fbRx="0.01635084" lbRx="0" />
<p fId="1" fbTx="0.01633868" lbTx="0.01634428" tId="2" fbRx="0.01635084" lbRx="0" />
<p fId="1" fbTx="0.01635924" lbTx="0.01636484" tId="0" fbRx="0.0163714" lbRx="0" />
<p fId="1" fbTx="0.01635924" lbTx="0.01636484" tId="2" fbRx="0.0163714" lbRx="0" />
<p fId="1" fbTx="0.01635924" lbTx="0.01636484" tId="2" fbRx="0.0163714" lbRx="0" />
<p fId="1" fbTx="0.0163728" lbTx="0.0163784" tId="0" fbRx="0.01638496" lbRx="0" />
<p fId="1" fbTx="0.0163728" lbTx="0.0163784" tId="2" fbRx="0.01638496" lbRx="0" />
<p fId="1" fbTx="0.0163728" lbTx="0.0163784" tId="2" fbRx="0.01638496" lbRx="0" />
<p fId="1" fbTx="0.01639636" lbTx="0.01640196" tId="0" fbRx="0.01640852" lbRx="0" />
<p fId="1" fbTx="0.01639636" lbTx="0.01640196" tId="2" fbRx="0.01640852" lbRx="0" />
<p fId="1" fbTx="0.01639636" lbTx="0.01640196" tId="2" fbRx="0.01640852" lbRx="0" />
<p fId="2" fbTx="0.01649864" lbTx="0.01654712" tId="0" fbRx="0.01655368" lbRx="0" />
<p fId="2" fbTx="0.01649864" lbTx="0.01654712" tId="1" fbRx="0.01655368" lbRx="0" />
<p fId="2" fbTx="0.01649864" lbTx="0.01654712" tId="1" fbRx="0.01655368" lbRx="0" />
<p fId="2" fbTx="0.01655408" lbTx="0.01660256" tId="0" fbRx="0.01660912" lbRx="0" />
<p fId="2" fbTx="0.01655408" lbTx="0.01660256" tId="1" fbRx="0.01660912" lbRx="0" />
<p fId="2" fbTx="0.01655408" lbTx="0.01660256" tId="1" fbRx="0.01660912" lbRx="0" />
<p fId="1" fbTx="0.01661012" lbTx="0.01661572" tId="0" fbRx="0.01662228" lbRx="0" />
<p fId="1" fbTx="0.01661012" lbTx="0.01661572" tId="2" fbRx="0.01662228" lbRx="0" />
<p fId="1" fbTx="0.01661012" lbTx="0.01661572" tId="2" fbRx="0.01662228" lbRx="0" />
<p fId="2" fbTx="0.01662252" lbTx="0.01662764" tId="0" fbRx="0.0166342" lbRx="0" />
<p fId="2" fbTx="0.01662252" lbTx="0.01662764" tId="0" fbRx="0.0166342" lbRx="0" />
<p fId="2" fbTx="0.01662252" lbTx="0.01662764" tId="1" fbRx="0.0166342" lbRx="0" />
<p fId="2" fbTx="0.01662252" lbTx="0.01662764" tId="1" fbRx="0.0166342" lbRx="0" />
<p fId="0" fbTx="0.0166352" lbTx="0.01664032" tId="1" fbRx="0.01664688" lbRx="0" />
<p fId="0" fbTx="0.0166352" lbTx="0.01664032" tId="2" fbRx="0.01664688" lbRx="0" />
<p fId="0" fbTx="0.0166352" lbTx="0.01664032" tId="2" fbRx="0.01664688" lbRx="0" />
<p fId="2" fbTx="0.0166476" lbTx="0.01669608" tId="0" fbRx="0.01670264" lbRx="0" />
<p fId="2" fbTx="0.0166476" lbTx="0.01669608" tId="1" fbRx="0.01670264" lbRx="0" />
<p fId="2" fbTx="0.0166476" lbTx="0.01669608" tId="1" fbRx="0.01670264" lbRx="0" />
<p fId="2" fbTx="0.01670504" lbTx="0.01675352" tId="0" fbRx="0.01676008" lbRx="0" />
<p fId="2" fbTx="0.01670504" lbTx="0.01675352" tId="1" fbRx="0.01676008" lbRx="0" />
<p fId="2" fbTx="0.01670504" lbTx="0.01675352" tId="1" fbRx="0.01676008" lbRx="0" />
<p fId="1" fbTx="0.01676108" lbTx="0.01676668" tId="0" fbRx="0.01677324" lbRx="0" />
<p fId="1" fbTx="0.01676108" lbTx="0.01676668" tId="2" fbRx="0.01677324" lbRx="0" />
<p fId="1" fbTx="0.01676108" lbTx="0.01676668" tId="2" fbRx="0.01677324" lbRx="0" />
<p fId="2" fbTx="0.01678548" lbTx="0.01683396" tId="0" fbRx="0.01684052" lbRx="0" />
<p fId="2" fbTx="0.01678548" lbTx="0.01683396" tId="1" fbRx="0.01684052" lbRx="0" />
<p fId="2" fbTx="0.01678548" lbTx="0.01683396" tId="1" fbRx="0.01684052" lbRx="0" />
<p fId="2" fbTx="0.01684592" lbTx="0.0168944" tId="0" fbRx="0.01690096" lbRx="0" />
<p fId="2" fbTx="0.01684592" lbTx="0.0168944" tId="1" fbRx="0.01690096" lbRx="0" />
<p fId="2" fbTx="0.01684592" lbTx="0.0168944" tId="1" fbRx="0.01690096" lbRx="0" />
<p fId="1" fbTx="0.01690196" lbTx="0.01690756" tId="0" fbRx="0.01691412" lbRx="0" />
<p fId="1" fbTx="0.01690196" lbTx="0.01690756" tId="2" fbRx="0.01691412" lbRx="0" />
<p fId="1" fbTx="0.01690196" lbTx="0.01690756" tId="2" fbRx="0.01691412" lbRx="0" />
<p fId="2" fbTx="0.01691536" lbTx="0.01696384" tId="0" fbRx="0.0169704" lbRx="0" />
<p fId="2" fbTx="0.01691536" lbTx="0.01696384" tId="1" fbRx="0.0169704" lbRx="0" />
<p fId="2" fbTx="0.01691536" lbTx="0.01696384" tId="1" fbRx="0.0169704" lbRx="0" />
<p fId="2" fbTx="0.0169768" lbTx="0.01702528" tId="0" fbRx="0.01703184" lbRx="0" />
<p fId="2" fbTx="0.0169768" lbTx="0.01702528" tId="1" fbRx="0.01703184" lbRx="0" />
<p fId="2" fbTx="0.0169768" lbTx="0.01702528" tId="1" fbRx="0.01703184" lbRx="0" />
<p fId="1" fbTx="0.01703284" lbTx="0.01703844" tId="0" fbRx="0.017045" lbRx="0" />
<p fId="1" fbTx="0.01703284" lbTx="0.01703844" tId="2" fbRx="0.017045" lbRx="0" />
<p fId="1" fbTx="0.01703284" lbTx="0.01703844" tId="2" fbRx="0.017045" lbRx="0" />
<p fId="2" fbTx="0.01705824" lbTx="0.01710672" tId="0" fbRx="0.01711328" lbRx="0" />
<p fId="2" fbTx="0.01705824" lbTx="0.01710672" tId="1" fbRx="0.01711328" lbRx="0" />
<p fId="2" fbTx="0.01705824" lbTx="0.01710672" tId="1" fbRx="0.01711328" lbRx="0" />
<p fId="2" fbTx="0.01711668" lbTx="0.01716516" tId="0" fbRx="0.01717172" lbRx="0" />
<p fId="2" fbTx="0.01711668" lbTx="0.01716516" tId="1" fbRx="0.01717172" lbRx="0" />
<p fId="2" fbTx="0.01711668" lbTx="0.01716516" tId="1" fbRx="0.01717172" lbRx="0" />
<p fId="1" fbTx="0.01717272" lbTx="0.01717832" tId="0" fbRx="0.01718488" lbRx="0" />
<p fId="1" fbTx="0.01717272" lbTx="0.01717832" tId="2" fbRx="0.01718488" lbRx="0" />
<p fId="1" fbTx="0.01717272" lbTx="0.01717832" tId="2" fbRx="0.01718488" lbRx="0" />
<p fId="2" fbTx="0.01720312" lbTx="0.0172516" tId="0" fbRx="0.01725816" lbRx="0" />
<p fId="2" fbTx="0.01720312" lbTx="0.0172516" tId="1" fbRx="0.01725816" lbRx="0" />
<p fId="2" fbTx="0.01720312" lbTx="0.0172516" tId="1" fbRx="0.01725816" lbRx="0" />
<p fId="2" fbTx="0.01725856" lbTx="0.01730704" tId="0" fbRx="0.0173136" lbRx="0" />
<p fId="2" fbTx="0.01725856" lbTx="0.01730704" tId="1" fbRx="0.0173136" lbRx="0" />
<p fId="2" fbTx="0.01725856" lbTx="0.01730704" tId="1" fbRx="0.0173136" lbRx="0" />
<p fId="2" fbTx="0.017314" lbTx="0.01736248" tId="0" fbRx="0.01736904" lbRx="0" />
<p fId="2" fbTx="0.017314" lbTx="0.01736248" tId="1" fbRx="0.01736904" lbRx="0" />
<p fId="2" fbTx="0.017314" lbTx="0.01736248" tId="1" fbRx="0.01736904" lbRx="0" />
<p fId="1" fbTx="0.0173776" lbTx="0.0173832" tId="0" fbRx="0.01738976" lbRx="0" />
<p fId="1" fbTx="0.0173776" lbTx="0.0173832" tId="2" fbRx="0.01738976" lbRx="0" />
<p fId="1" fbTx="0.0173776" lbTx="0.0173832" tId="2" fbRx="0.01738976" lbRx="0" />
<p fId="2" fbTx="0.01740544" lbTx="0.01745392" tId="0" fbRx="0.01746048" lbRx="0" />
<p fId="2" fbTx="0.01740544" lbTx="0.01745392" tId="1" fbRx="0.01746048" lbRx="0" />
<p fId="2" fbTx="0.01740544" lbTx="0.01745392" tId="1" fbRx="0.01746048" lbRx="0" />
<p fId="1" fbTx="0.01746148" lbTx="0.01746708" tId="0" fbRx="0.01747364" lbRx="0" />
<p fId="1" fbTx="0.01746148" lbTx="0.01746708" tId="2" fbRx="0.01747364" lbRx="0" />
<p fId="1" fbTx="0.01746148" lbTx="0.01746708" tId="2" fbRx="0.01747364" lbRx="0" />
<p fId="2" fbTx="0.01748788" lbTx="0.01753636" tId="0" fbRx="0.01754292" lbRx="0" />
<p fId="2" fbTx="0.01748788" lbTx="0.01753636" tId="1" fbRx="0.01754292" lbRx="0" />
<p fId="2" fbTx="0.01748788" lbTx="0.01753636" tId="1" fbRx="0.01754292" lbRx="0" />
<p fId="2" fbTx="0.01754632" lbTx="0.0175948" tId="0" fbRx="0.01760136" lbRx="0" />
<p fId="2" fbTx="0.01754632" lbTx="0.0175948" tId="1" fbRx="0.01760136" lbRx="0" />
<p fId="2" fbTx="0.01754632" lbTx="0.0175948" tId="1" fbRx="0.01760136" lbRx="0" />
<p fId="1" fbTx="0.01760236" lbTx="0.01760796" tId="0" fbRx="0.01761452" lbRx="0" />
<p fId="1" fbTx="0.01760236" lbTx="0.01760796" tId="2" fbRx="0.01761452" lbRx="0" />
<p fId="1" fbTx="0.01760236" lbTx="0.01760796" tId="2" fbRx="0.01761452" lbRx="0" />
<p fId="2" fbTx="0.01762676" lbTx="0.01767524" tId="0" fbRx="0.0176818" lbRx="0" />
<p fId="2" fbTx="0.01762676" lbTx="0.01767524" tId="1" fbRx="0.0176818" lbRx="0" />
<p fId="2" fbTx="0.01762676" lbTx="0.01767524" tId="1" fbRx="0.0176818" lbRx="0" />
<p fId="2" fbTx="0.0176862" lbTx="0.01773468" tId="0" fbRx="0.01774124" lbRx="0" />
<p fId="2" fbTx="0.0176862" lbTx="0.01773468" tId="1" fbRx="0.01774124" lbRx="0" />
<p fId="2" fbTx="0.0176862" lbTx="0.01773468" tId="1" fbRx="0.01774124" lbRx="0" />
<p fId="1" fbTx="0.01774224" lbTx="0.01774784" tId="0" fbRx="0.0177544" lbRx="0" />
<p fId="1" fbTx="0.01774224" lbTx="0.01774784" tId="2" fbRx="0.0177544" lbRx="0" />
<p fId="1" fbTx="0.01774224" lbTx="0.01774784" tId="2" fbRx="0.0177544" lbRx="0" />
<p fId="2" fbTx="0.01775464" lbTx="0.01780312" tId="0" fbRx="0.01780968" lbRx="0" />
<p fId="2" fbTx="0.01775464" lbTx="0.01780312" tId="1" fbRx="0.01780968" lbRx="0" />
<p fId="2" fbTx="0.01775464" lbTx="0.01780312" tId="1" fbRx="0.01780968" lbRx="0" />
<p fId="2" fbTx="0.01781108" lbTx="0.01785956" tId="0" fbRx="0.01786612" lbRx="0" />
<p fId="2" fbTx="0.01781108" lbTx="0.01785956" tId="1" fbRx="0.01786612" lbRx="0" />
<p fId="2" fbTx="0.01781108" lbTx="0.01785956" tId="1" fbRx="0.01786612" lbRx="0" />
<p fId="1" fbTx="0.01786712" lbTx="0.01787272" tId="0" fbRx="0.01787928" lbRx="0" />
<p fId="1" fbTx="0.01786712" lbTx="0.01787272" tId="2" fbRx="0.01787928" lbRx="0" />
<p fId="1" fbTx="0.01786712" lbTx="0.01787272" tId="2" fbRx="0.01787928" lbRx="0" />
<p fId="2" fbTx="0.01789452" lbTx="0.017943" tId="0" fbRx="0.01794956" lbRx="0" />
<p fId="2" fbTx="0.01789452" lbTx="0.017943" tId="1" fbRx="0.01794956" lbRx="0" />
<p fId="2" fbTx="0.01789452" lbTx="0.017943" tId="1" fbRx="0.01794956" lbRx="0" />
<p fId="2" fbTx="0.01796196" lbTx="0.01801044" tId="0" fbRx="0.018017" lbRx="0" />
<p fId="2" fbTx="0.01796196" lbTx="0.01801044" tId="1" fbRx="0.018017" lbRx="0" />
<p fId="2" fbTx="0.01796196" lbTx="0.01801044" tId="1" fbRx="0.018017" lbRx="0" />
<p fId="1" fbTx="0.018018" lbTx="0.0180236" tId="0" fbRx="0.01803016" lbRx="0" />
<p fId="1" fbTx="0.018018" lbTx="0.0180236" tId="2" fbRx="0.01803016" lbRx="0" />
<p fId="1" fbTx="0.018018" lbTx="0.0180236" tId="2" fbRx="0.01803016" lbRx="0" />
<p fId="2" fbTx="0.0180524" lbTx="0.01810088" tId="0" fbRx="0.01810744" lbRx="0" />
<p fId="2" fbTx="0.0180524" lbTx="0.01810088" tId="1" fbRx="0.01810744" lbRx="0" />
<p fId="2" fbTx="0.0180524" lbTx="0.01810088" tId="1" fbRx="0.01810744" lbRx="0" />
<p fId="2" fbTx="0.01810784" lbTx="0.01815632" tId="0" fbRx="0.01816288" lbRx="0" />
<p fId="2" fbTx="0.01810784" lbTx="0.01815632" tId="1" fbRx="0.01816288" lbRx="0" />
<p fId="2" fbTx="0.01810784" lbTx="0.01815632" tId="1" fbRx="0.01816288" lbRx="0" />
<p fId="1" fbTx="0.01816388" lbTx="0.01816948" tId="0" fbRx="0.01817604" lbRx="0" />
<p fId="1" fbTx="0.01816388" lbTx="0.01816948" tId="2" fbRx="0.01817604" lbRx="0" />
<p fId="1" fbTx="0.01816388" lbTx="0.01816948" tId="2" fbRx="0.01817604" lbRx="0" />
<p fId="2" fbTx="0.01823328" lbTx="0.01828176" tId="0" fbRx="0.01828832" lbRx="0" />
<p fId="2" fbTx="0.01823328" lbTx="0.01828176" tId="1" fbRx="0.01828832" lbRx="0" />
<p fId="2" fbTx="0.01823328" lbTx="0.01828176" tId="1" fbRx="0.01828832" lbRx="0" />
<p fId="2" fbTx="0.01829272" lbTx="0.0183412" tId="0" fbRx="0.01834776" lbRx="0" />
<p fId="2" fbTx="0.01829272" lbTx="0.0183412" tId="1" fbRx="0.01834776" lbRx="0" />
<p fId="2" fbTx="0.01829272" lbTx="0.0183412" tId="1" fbRx="0.01834776" lbRx="0" />
<p fId="1" fbTx="0.01834876" lbTx="0.01835436" tId="0" fbRx="0.01836092" lbRx="0" />
<p fId="1" fbTx="0.01834876" lbTx="0.01835436" tId="2" fbRx="0.01836092" lbRx="0" />
<p fId="1" fbTx="0.01834876" lbTx="0.01835436" tId="2" fbRx="0.01836092" lbRx="0" />
<p fId="2" fbTx="0.01836816" lbTx="0.01841664" tId="0" fbRx="0.0184232" lbRx="0" />
<p fId="2" fbTx="0.01836816" lbTx="0.01841664" tId="1" fbRx="0.0184232" lbRx="0" />
<p fId="2" fbTx="0.01836816" lbTx="0.01841664" tId="1" fbRx="0.0184232" lbRx="0" />
<p fId="2" fbTx="0.0184336" lbTx="0.01848208" tId="0" fbRx="0.01848864" lbRx="0" />
<p fId="2" fbTx="0.0184336" lbTx="0.01848208" tId="1" fbRx="0.01848864" lbRx="0" />
<p fId="2" fbTx="0.0184336" lbTx="0.01848208" tId="1" fbRx="0.01848864" lbRx="0" />
<p fId="1" fbTx="0.01848964" lbTx="0.01849524" tId="0" fbRx="0.0185018" lbRx="0" />
<p fId="1" fbTx="0.01848964" lbTx="0.01849524" tId="2" fbRx="0.0185018" lbRx="0" />
<p fId="1" fbTx="0.01848964" lbTx="0.01849524" tId="2" fbRx="0.0185018" lbRx="0" />
<p fId="2" fbTx="0.01852704" lbTx="0.01857552" tId="0" fbRx="0.01858208" lbRx="0" />
<p fId="2" fbTx="0.01852704" lbTx="0.01857552" tId="1" fbRx="0.01858208" lbRx="0" />
<p fId="2" fbTx="0.01852704" lbTx="0.01857552" tId="1" fbRx="0.01858208" lbRx="0" />
<p fId="2" fbTx="0.01858548" lbTx="0.01863396" tId="0" fbRx="0.01864052" lbRx="0" />
<p fId="2" fbTx="0.01858548" lbTx="0.01863396" tId="1" fbRx="0.01864052" lbRx="0" />
<p fId="2" fbTx="0.01858548" lbTx="0.01863396" tId="1" fbRx="0.01864052" lbRx="0" />
<p fId="1" fbTx="0.01864152" lbTx="0.01864712" tId="0" fbRx="0.01865368" lbRx="0" />
<p fId="1" fbTx="0.01864152" lbTx="0.01864712" tId="2" fbRx="0.01865368" lbRx="0" />
<p fId="1" fbTx="0.01864152" lbTx="0.01864712" tId="2" fbRx="0.01865368" lbRx="0" />
<p fId="2" fbTx="0.01866992" lbTx="0.0187184" tId="0" fbRx="0.01872496" lbRx="0" />
<p fId="2" fbTx="0.01866992" lbTx="0.0187184" tId="1" fbRx="0.01872496" lbRx="0" />
<p fId="2" fbTx="0.01866992" lbTx="0.0187184" tId="1" fbRx="0.01872496" lbRx="0" />
<p fId="2" fbTx="0.01873436" lbTx="0.01878284" tId="0" fbRx="0.0187894" lbRx="0" />
<p fId="2" fbTx="0.01873436" lbTx="0.01878284" tId="1" fbRx="0.0187894" lbRx="0" />
<p fId="2" fbTx="0.01873436" lbTx="0.01878284" tId="1" fbRx="0.0187894" lbRx="0" />
<p fId="1" fbTx="0.0187904" lbTx="0.018796" tId="0" fbRx="0.01880256" lbRx="0" />
<p fId="1" fbTx="0.0187904" lbTx="0.018796" tId="2" fbRx="0.01880256" lbRx="0" />
<p fId="1" fbTx="0.0187904" lbTx="0.018796" tId="2" fbRx="0.01880256" lbRx="0" />
<p fId="2" fbTx="0.0188048" lbTx="0.01885328" tId="0" fbRx="0.01885984" lbRx="0" />
<p fId="2" fbTx="0.0188048" lbTx="0.01885328" tId="1" fbRx="0.01885984" lbRx="0" />
<p fId="2" fbTx="0.0188048" lbTx="0.01885328" tId="1" fbRx="0.01885984" lbRx="0" />
<p fId="2" fbTx="0.01886124" lbTx="0.01890972" tId="0" fbRx="0.01891628" lbRx="0" />
<p fId="2" fbTx="0.01886124" lbTx="0.01890972" tId="1" fbRx="0.01891628" lbRx="0" />
<p fId="2" fbTx="0.01886124" lbTx="0.01890972" tId="1" fbRx="0.01891628" lbRx="0" />
<p fId="1" fbTx="0.01891728" lbTx="0.01892288" tId="0" fbRx="0.01892944" lbRx="0" />
<p fId="1" fbTx="0.01891728" lbTx="0.01892288" tId="2" fbRx="0.01892944" lbRx="0" />
<p fId="1" fbTx="0.01891728" lbTx="0.01892288" tId="2" fbRx="0.01892944" lbRx="0" />
<p fId="2" fbTx="0.01893068" lbTx="0.01897916" tId="0" fbRx="0.01898572" lbRx="0" />
<p fId="2" fbTx="0.01893068" lbTx="0.01897916" tId="1" fbRx="0.01898572" lbRx="0" />
<p fId="2" fbTx="0.01893068" lbTx="0.01897916" tId="1" fbRx="0.01898572" lbRx="0" />
<p fId="2" fbTx="0.01898612" lbTx="0.0190346" tId="0" fbRx="0.01904116" lbRx="0" />
<p fId="2" fbTx="0.01898612" lbTx="0.0190346" tId="1" fbRx="0.01904116" lbRx="0" />
<p fId="2" fbTx="0.01898612" lbTx="0.0190346" tId="1" fbRx="0.01904116" lbRx="0" />
<p fId="1" fbTx="0.01904216" lbTx="0.01904776" tId="0" fbRx="0.01905432" lbRx="0" />
<p fId="1" fbTx="0.01904216" lbTx="0.01904776" tId="2" fbRx="0.01905432" lbRx="0" />
<p fId="1" fbTx="0.01904216" lbTx="0.01904776" tId="2" fbRx="0.01905432" lbRx="0" />
<p fId="2" fbTx="0.01905556" lbTx="0.01910404" tId="0" fbRx="0.0191106" lbRx="0" />
<p fId="2" fbTx="0.01905556" lbTx="0.01910404" tId="1" fbRx="0.0191106" lbRx="0" />
<p fId="2" fbTx="0.01905556" lbTx="0.01910404" tId="1" fbRx="0.0191106" lbRx="0" />
<p fId="2" fbTx="0.019113" lbTx="0.01916148" tId="0" fbRx="0.01916804" lbRx="0" />
<p fId="2" fbTx="0.019113" lbTx="0.01916148" tId="1" fbRx="0.01916804" lbRx="0" />
<p fId="2" fbTx="0.019113" lbTx="0.01916148" tId="1" fbRx="0.01916804" lbRx="0" />
<p fId="2" fbTx="0.01916844" lbTx="0.01921692" tId="0" fbRx="0.01922348" lbRx="0" />
<p fId="2" fbTx="0.01916844" lbTx="0.01921692" tId="1" fbRx="0.01922348" lbRx="0" />
<p fId="2" fbTx="0.01916844" lbTx="0.01921692" tId="1" fbRx="0.01922348" lbRx="0" />
<p fId="2" fbTx="0.01922688" lbTx="0.01927536" tId="0" fbRx="0.01928192" lbRx="0" />
<p fId="2" fbTx="0.01922688" lbTx="0.01927536" tId="1" fbRx="0.01928192" lbRx="0" />
<p fId="2" fbTx="0.01922688" lbTx="0.01927536" tId="1" fbRx="0.01928192" lbRx="0" />
<p fId="2" fbTx="0.01928332" lbTx="0.0193318" tId="0" fbRx="0.01933836" lbRx="0" />
<p fId="2" fbTx="0.01928332" lbTx="0.0193318" tId="1" fbRx="0.01933836" lbRx="0" />
<p fId="2" fbTx="0.01928332" lbTx="0.0193318" tId="1" fbRx="0.01933836" lbRx="0" />
<p fId="2" fbTx="0.01933976" lbTx="0.01938824" tId="0" fbRx="0.0193948" lbRx="0" />
<p fId="2" fbTx="0.01933976" lbTx="0.01938824" tId="1" fbRx="0.0193948" lbRx="0" />
<p fId="2" fbTx="0.01933976" lbTx="0.01938824" tId="1" fbRx="0.0193948" lbRx="0" />
<p fId="2" fbTx="0.0193952" lbTx="0.01944368" tId="0" fbRx="0.01945024" lbRx="0" />
<p fId="2" fbTx="0.0193952" lbTx="0.01944368" tId="1" fbRx="0.01945024" lbRx="0" />
<p fId="2" fbTx="0.0193952" lbTx="0.01944368" tId="1" fbRx="0.01945024" lbRx="0" />
<p fId="2" fbTx="0.01946164" lbTx="0.01951012" tId="0" fbRx="0.01951668" lbRx="0" />
<p fId="2" fbTx="0.01946164" lbTx="0.01951012" tId="1" fbRx="0.01951668" lbRx="0" />
<p fId="2" fbTx="0.01946164" lbTx="0.01951012" tId="1" fbRx="0.01951668" lbRx="0" />
<p fId="2" fbTx="0.01952708" lbTx="0.01957556" tId="0" fbRx="0.01958212" lbRx="0" />
<p fId="2" fbTx="0.01952708" lbTx="0.01957556" tId="1" fbRx="0.01958212" lbRx="0" />
<p fId="2" fbTx="0.01952708" lbTx="0.01957556" tId="1" fbRx="0.01958212" lbRx="0" />
<p fId="2" fbTx="0.01959252" lbTx="0.019641" tId="0" fbRx="0.01964756" lbRx="0" />
<p fId="2" fbTx="0.01959252" lbTx="0.019641" tId="1" fbRx="0.01964756" lbRx="0" />
<p fId="2" fbTx="0.01959252" lbTx="0.019641" tId="1" fbRx="0.01964756" lbRx="0" />
<p fId="2" fbTx="0.01964896" lbTx="0.01969744" tId="0" fbRx="0.019704" lbRx="0" />
<p fId="2" fbTx="0.01964896" lbTx="0.01969744" tId="1" fbRx="0.019704" lbRx="0" />
<p fId="2" fbTx="0.01964896" lbTx="0.01969744" tId="1" fbRx="0.019704" lbRx="0" />
<p fId="2" fbTx="0.0197114" lbTx="0.01975988" tId="0" fbRx="0.01976644" lbRx="0" />
<p fId="2" fbTx="0.0197114" lbTx="0.01975988" tId="1" fbRx="0.01976644" lbRx="0" />
<p fId="2" fbTx="0.0197114" lbTx="0.01975988" tId="1" fbRx="0.01976644" lbRx="0" />
<p fId="2" fbTx="0.01977984" lbTx="0.01982832" tId="0" fbRx="0.01983488" lbRx="0" />
<p fId="2" fbTx="0.01977984" lbTx="0.01982832" tId="1" fbRx="0.01983488" lbRx="0" />
<p fId="2" fbTx="0.01977984" lbTx="0.01982832" tId="1" fbRx="0.01983488" lbRx="0" />
<p fId="2" fbTx="0.01983628" lbTx="0.01988476" tId="0" fbRx="0.01989132" lbRx="0" />
<p fId="2" fbTx="0.01983628" lbTx="0.01988476" tId="1" fbRx="0.01989132" lbRx="0" />
<p fId="2" fbTx="0.01983628" lbTx="0.01988476" tId="1" fbRx="0.01989132" lbRx="0" />
<p fId="2" fbTx="0.01989472" lbTx="0.0199432" tId="0" fbRx="0.01994976" lbRx="0" />
<p fId="2" fbTx="0.01989472" lbTx="0.0199432" tId="1" fbRx="0.01994976" lbRx="0" />
<p fId="2" fbTx="0.01989472" lbTx="0.0199432" tId="1" fbRx="0.01994976" lbRx="0" />
<p fId="2" fbTx="0.01995316" lbTx="0.02000164" tId="0" fbRx="0.0200082" lbRx="0" />
<p fId="2" fbTx="0.01995316" lbTx="0.02000164" tId="1" fbRx="0.0200082" lbRx="0" />
<p fId="2" fbTx="0.01995316" lbTx="0.02000164" tId="1" fbRx="0.0200082" lbRx="0" />
<p fId="2" fbTx="0.0200086" lbTx="0.02005708" tId="0" fbRx="0.02006364" lbRx="0" />
<p fId="2" fbTx="0.0200086" lbTx="0.02005708" tId="1" fbRx="0.02006364" lbRx="0" />
<p fId="2" fbTx="0.0200086" lbTx="0.02005708" tId="1" fbRx="0.02006364" lbRx="0" />
<p fId="2" fbTx="0.02006404" lbTx="0.02011252" tId="0" fbRx="0.02011908" lbRx="0" />
<p fId="2" fbTx="0.02006404" lbTx="0.02011252" tId="1" fbRx="0.02011908" lbRx="0" />
<p fId="2" fbTx="0.02006404" lbTx="0.02011252" tId="1" fbRx="0.02011908" lbRx="0" />
<p fId="2" fbTx="0.02012048" lbTx="0.02016896" tId="0" fbRx="0.02017552" lbRx="0" />
<p fId="2" fbTx="0.02012048" lbTx="0.02016896" tId="1" fbRx="0.02017552" lbRx="0" />
<p fId="2" fbTx="0.02012048" lbTx="0.02016896" tId="1" fbRx="0.02017552" lbRx="0" />
<p fId="2" fbTx="0.02018592" lbTx="0.0202344" tId="0" fbRx="0.02024096" lbRx="0" />
<p fId="2" fbTx="0.02018592" lbTx="0.0202344" tId="1" fbRx="0.02024096" lbRx="0" />
<p fId="2" fbTx="0.02018592" lbTx="0.0202344" tId="1" fbRx="0.02024096" lbRx="0" />
<p fId="2" fbTx="0.02024336" lbTx="0.02029184" tId="0" fbRx="0.0202984" lbRx="0" />
<p fId="2" fbTx="0.02024336" lbTx="0.02029184" tId="1" fbRx="0.0202984" lbRx="0" />
<p fId="2" fbTx="0.02024336" lbTx="0.02029184" tId="1" fbRx="0.0202984" lbRx="0" />
<p fId="2" fbTx="0.0202988" lbTx="0.02034728" tId="0" fbRx="0.02035384" lbRx="0" />
<p fId="2" fbTx="0.0202988" lbTx="0.02034728" tId="1" fbRx="0.02035384" lbRx="0" />
<p fId="2" fbTx="0.0202988" lbTx="0.02034728" tId="1" fbRx="0.02035384" lbRx="0" />
<p fId="2" fbTx="0.02035924" lbTx="0.02040772" tId="0" fbRx="0.02041428" lbRx="0" />
<p fId="2" fbTx="0.02035924" lbTx="0.02040772" tId="1" fbRx="0.02041428" lbRx="0" />
<p fId="2" fbTx="0.02035924" lbTx="0.02040772" tId="1" fbRx="0.02041428" lbRx="0" />
<p fId="2" fbTx="0.02041668" lbTx="0.02046516" tId="0" fbRx="0.02047172" lbRx="0" />
<p fId="2" fbTx="0.02041668" lbTx="0.02046516" tId="1" fbRx="0.02047172" lbRx="0" />
<p fId="2" fbTx="0.02041668" lbTx="0.02046516" tId="1" fbRx="0.02047172" lbRx="0" />
<p fId="2" fbTx="0.02047312" lbTx="0.0205216" tId="0" fbRx="0.02052816" lbRx="0" />
<p fId="2" fbTx="0.02047312" lbTx="0.0205216" tId="1" fbRx="0.02052816" lbRx="0" />
<p fId="2" fbTx="0.02047312" lbTx="0.0205216" tId="1" fbRx="0.02052816" lbRx="0" />
<p fId="2" fbTx="0.02053156" lbTx="0.02054772" tId="0" fbRx="0.02055428" lbRx="0" />
<p fId="2" fbTx="0.02053156" lbTx="0.02054772" tId="1" fbRx="0.02055428" lbRx="0" />
<p fId="2" fbTx="0.02053156" lbTx="0.02054772" tId="1" fbRx="0.02055428" lbRx="0" />
<p fId="2" fbTx="0.02055768" lbTx="0.0205636" tId="0" fbRx="0.02057016" lbRx="0" />
<p fId="2" fbTx="0.02055768" lbTx="0.0205636" tId="0" fbRx="0.02057016" lbRx="0" />
<p fId="2" fbTx="0.02055768" lbTx="0.0205636" tId="1" fbRx="0.02057016" lbRx="0" />
<p fId="0" fbTx="0.02057116" lbTx="0.02057676" tId="1" fbRx="0.02058332" lbRx="0" />
<p fId="0" fbTx="0.02057116" lbTx="0.02057676" tId="2" fbRx="0.02058332" lbRx="0" />
<p fId="0" fbTx="0.02057116" lbTx="0.02057676" tId="2" fbRx="0.02058332" lbRx="0" />
<p fId="0" fbTx="0.02058572" lbTx="0.02061932" tId="1" fbRx="0.02062588" lbRx="0" />
<p fId="0" fbTx="0.02058572" lbTx="0.02061932" tId="2" fbRx="0.02062588" lbRx="0" />
<p fId="0" fbTx="0.02058572" lbTx="0.02061932" tId="2" fbRx="0.02062588" lbRx="0" />
<p fId="2" fbTx="0.02062688" lbTx="0.02063248" tId="0" fbRx="0.02063904" lbRx="0" />
<p fId="2" fbTx="0.02062688" lbTx="0.02063248" tId="0" fbRx="0.02063904" lbRx="0" />
<p fId="2" fbTx="0.02062688" lbTx="0.02063248" tId="1" fbRx="0.02063904" lbRx="0" />
<p fId="2" fbTx="0.02064044" lbTx="0.02068892" tId="0" fbRx="0.02069548" lbRx="0" />
<p fId="2" fbTx="0.02064044" lbTx="0.02068892" tId="0" fbRx="0.02069548" lbRx="0" />
<p fId="2" fbTx="0.02064044" lbTx="0.02068892" tId="1" fbRx="0.02069548" lbRx="0" />
<p fId="2" fbTx="0.02069588" lbTx="0.02074436" tId="0" fbRx="0.02075092" lbRx="0" />
<p fId="2" fbTx="0.02069588" lbTx="0.02074436" tId="0" fbRx="0.02075092" lbRx="0" />
<p fId="2" fbTx="0.02069588" lbTx="0.02074436" tId="1" fbRx="0.02075092" lbRx="0" />
<p fId="2" fbTx="0.02075132" lbTx="0.0207998" tId="0" fbRx="0.02080636" lbRx="0" />
<p fId="2" fbTx="0.02075132" lbTx="0.0207998" tId="0" fbRx="0.02080636" lbRx="0" />
<p fId="2" fbTx="0.02075132" lbTx="0.0207998" tId="1" fbRx="0.02080636" lbRx="0" />
<p fId="2" fbTx="0.02080876" lbTx="0.02085724" tId="0" fbRx="0.0208638" lbRx="0" />
<p fId="2" fbTx="0.02080876" lbTx="0.02085724" tId="0" fbRx="0.0208638" lbRx="0" />
<p fId="2" fbTx="0.02080876" lbTx="0.02085724" tId="1" fbRx="0.0208638" lbRx="0" />
<p fId="2" fbTx="0.0208692" lbTx="0.02091768" tId="0" fbRx="0.02092424" lbRx="0" />
<p fId="2" fbTx="0.0208692" lbTx="0.02091768" tId="0" fbRx="0.02092424" lbRx="0" />
<p fId="2" fbTx="0.0208692" lbTx="0.02091768" tId="1" fbRx="0.02092424" lbRx="0" />
<p fId="2" fbTx="0.02092664" lbTx="0.02097512" tId="0" fbRx="0.02098168" lbRx="0" />
<p fId="2" fbTx="0.02092664" lbTx="0.02097512" tId="0" fbRx="0.02098168" lbRx="0" />
<p fId="2" fbTx="0.02092664" lbTx="0.02097512" tId="1" fbRx="0.02098168" lbRx="0" />
<p fId="2" fbTx="0.02098308" lbTx="0.02103156" tId="0" fbRx="0.02103812" lbRx="0" />
<p fId="2" fbTx="0.02098308" lbTx="0.02103156" tId="0" fbRx="0.02103812" lbRx="0" />
<p fId="2" fbTx="0.02098308" lbTx="0.02103156" tId="1" fbRx="0.02103812" lbRx="0" />
<p fId="2" fbTx="0.02103852" lbTx="0.021087" tId="0" fbRx="0.02109356" lbRx="0" />
<p fId="2" fbTx="0.02103852" lbTx="0.021087" tId="0" fbRx="0.02109356" lbRx="0" />
<p fId="2" fbTx="0.02103852" lbTx="0.021087" tId="1" fbRx="0.02109356" lbRx="0" />
<p fId="2" fbTx="0.02109596" lbTx="0.02114444" tId="0" fbRx="0.021151" lbRx="0" />
<p fId="2" fbTx="0.02109596" lbTx="0.02114444" tId="0" fbRx="0.021151" lbRx="0" />
<p fId="2" fbTx="0.02109596" lbTx="0.02114444" tId="1" fbRx="0.021151" lbRx="0" />
<p fId="2" fbTx="0.0211644" lbTx="0.02121288" tId="0" fbRx="0.02121944" lbRx="0" />
<p fId="2" fbTx="0.0211644" lbTx="0.02121288" tId="0" fbRx="0.02121944" lbRx="0" />
<p fId="2" fbTx="0.0211644" lbTx="0.02121288" tId="1" fbRx="0.02121944" lbRx="0" />
<p fId="0" fbTx="0.02122992" lbTx="0.02123552" tId="1" fbRx="0.02124208" lbRx="0" />
<p fId="0" fbTx="0.02122992" lbTx="0.02123552" tId="2" fbRx="0.02124208" lbRx="0" />
<p fId="0" fbTx="0.02122992" lbTx="0.02123552" tId="2" fbRx="0.02124208" lbRx="0" />
<p fId="2" fbTx="0.02124308" lbTx="0.02129156" tId="0" fbRx="0.02129812" lbRx="0" />
<p fId="2" fbTx="0.02124308" lbTx="0.02129156" tId="0" fbRx="0.02129812" lbRx="0" />
<p fId="2" fbTx="0.02124308" lbTx="0.02129156" tId="1" fbRx="0.02129812" lbRx="0" />
<p fId="2" fbTx="0.02129952" lbTx="0.021348" tId="0" fbRx="0.02135456" lbRx="0" />
<p fId="2" fbTx="0.02129952" lbTx="0.021348" tId="0" fbRx="0.02135456" lbRx="0" />
<p fId="2" fbTx="0.02129952" lbTx="0.021348" tId="1" fbRx="0.02135456" lbRx="0" />
<p fId="2" fbTx="0.02136596" lbTx="0.02141444" tId="0" fbRx="0.021421" lbRx="0" />
<p fId="2" fbTx="0.02136596" lbTx="0.02141444" tId="0" fbRx="0.021421" lbRx="0" />
<p fId="2" fbTx="0.02136596" lbTx="0.02141444" tId="1" fbRx="0.021421" lbRx="0" />
<p fId="0" fbTx="0.02142948" lbTx="0.02143508" tId="1" fbRx="0.02144164" lbRx="0" />
<p fId="0" fbTx="0.02142948" lbTx="0.02143508" tId="2" fbRx="0.02144164" lbRx="0" />
<p fId="0" fbTx="0.02142948" lbTx="0.02143508" tId="2" fbRx="0.02144164" lbRx="0" />
<p fId="0" fbTx="0.02144204" lbTx="0.02144764" tId="1" fbRx="0.0214542" lbRx="0" />
<p fId="0" fbTx="0.02144204" lbTx="0.02144764" tId="2" fbRx="0.0214542" lbRx="0" />
<p fId="0" fbTx="0.02144204" lbTx="0.02144764" tId="2" fbRx="0.0214542" lbRx="0" />
<p fId="2" fbTx="0.02145564" lbTx="0.02150412" tId="0" fbRx="0.02151068" lbRx="0" />
<p fId="2" fbTx="0.02145564" lbTx="0.02150412" tId="0" fbRx="0.02151068" lbRx="0" />
<p fId="2" fbTx="0.02145564" lbTx="0.02150412" tId="1" fbRx="0.02151068" lbRx="0" />
<p fId="2" fbTx="0.02152808" lbTx="0.02157656" tId="0" fbRx="0.02158312" lbRx="0" />
<p fId="2" fbTx="0.02152808" lbTx="0.02157656" tId="0" fbRx="0.02158312" lbRx="0" />
<p fId="2" fbTx="0.02152808" lbTx="0.02157656" tId="1" fbRx="0.02158312" lbRx="0" />
<p fId="0" fbTx="0.0215946" lbTx="0.0216002" tId="1" fbRx="0.02160676" lbRx="0" />
<p fId="0" fbTx="0.0215946" lbTx="0.0216002" tId="2" fbRx="0.02160676" lbRx="0" />
<p fId="0" fbTx="0.0215946" lbTx="0.0216002" tId="2" fbRx="0.02160676" lbRx="0" />
<p fId="0" fbTx="0.02161116" lbTx="0.02161676" tId="1" fbRx="0.02162332" lbRx="0" />
<p fId="0" fbTx="0.02161116" lbTx="0.02161676" tId="2" fbRx="0.02162332" lbRx="0" />
<p fId="0" fbTx="0.02161116" lbTx="0.02161676" tId="2" fbRx="0.02162332" lbRx="0" />
<p fId="0" fbTx="0.02162872" lbTx="0.02163432" tId="1" fbRx="0.02164088" lbRx="0" />
<p fId="0" fbTx="0.02162872" lbTx="0.02163432" tId="2" fbRx="0.02164088" lbRx="0" />
<p fId="0" fbTx="0.02162872" lbTx="0.02163432" tId="2" fbRx="0.02164088" lbRx="0" />
<p fId="0" fbTx="0.02164128" lbTx="0.02164688" tId="1" fbRx="0.02165344" lbRx="0" />
<p fId="0" fbTx="0.02164128" lbTx="0.02164688" tId="2" fbRx="0.02165344" lbRx="0" />
<p fId="0" fbTx="0.02164128" lbTx="0.02164688" tId="2" fbRx="0.02165344" lbRx="0" />
<p fId="2" fbTx="0.02167052" lbTx="0.021719" tId="0" fbRx="0.02172556" lbRx="0" />
<p fId="2" fbTx="0.02167052" lbTx="0.021719" tId="0" fbRx="0.02172556" lbRx="0" />
<p fId="2" fbTx="0.02167052" lbTx="0.021719" tId="1" fbRx="0.02172556" lbRx="0" />
<p fId="0" fbTx="0.02172656" lbTx="0.02173216" tId="1" fbRx="0.02173872" lbRx="0" />
<p fId="0" fbTx="0.02172656" lbTx="0.02173216" tId="2" fbRx="0.02173872" lbRx="0" />
<p fId="0" fbTx="0.02172656" lbTx="0.02173216" tId="2" fbRx="0.02173872" lbRx="0" />
<p fId="2" fbTx="0.02174996" lbTx="0.02179844" tId="0" fbRx="0.021805" lbRx="0" />
<p fId="2" fbTx="0.02174996" lbTx="0.02179844" tId="0" fbRx="0.021805" lbRx="0" />
<p fId="2" fbTx="0.02174996" lbTx="0.02179844" tId="1" fbRx="0.021805" lbRx="0" />
<p fId="2" fbTx="0.0218124" lbTx="0.02186088" tId="0" fbRx="0.02186744" lbRx="0" />
<p fId="2" fbTx="0.0218124" lbTx="0.02186088" tId="0" fbRx="0.02186744" lbRx="0" />
<p fId="2" fbTx="0.0218124" lbTx="0.02186088" tId="1" fbRx="0.02186744" lbRx="0" />
<p fId="0" fbTx="0.02186844" lbTx="0.02187404" tId="1" fbRx="0.0218806" lbRx="0" />
<p fId="0" fbTx="0.02186844" lbTx="0.02187404" tId="2" fbRx="0.0218806" lbRx="0" />
<p fId="0" fbTx="0.02186844" lbTx="0.02187404" tId="2" fbRx="0.0218806" lbRx="0" />
<p fId="2" fbTx="0.02188584" lbTx="0.02193432" tId="0" fbRx="0.02194088" lbRx="0" />
<p fId="2" fbTx="0.02188584" lbTx="0.02193432" tId="0" fbRx="0.02194088" lbRx="0" />
<p fId="2" fbTx="0.02188584" lbTx="0.02193432" tId="1" fbRx="0.02194088" lbRx="0" />
<p fId="2" fbTx="0.02194328" lbTx="0.02199176" tId="0" fbRx="0.02199832" lbRx="0" />
<p fId="2" fbTx="0.02194328" lbTx="0.02199176" tId="0" fbRx="0.02199832" lbRx="0" />
<p fId="2" fbTx="0.02194328" lbTx="0.02199176" tId="1" fbRx="0.02199832" lbRx="0" />
<p fId="0" fbTx="0.02199932" lbTx="0.02200492" tId="1" fbRx="0.02201148" lbRx="0" />
<p fId="0" fbTx="0.02199932" lbTx="0.02200492" tId="2" fbRx="0.02201148" lbRx="0" />
<p fId="0" fbTx="0.02199932" lbTx="0.02200492" tId="2" fbRx="0.02201148" lbRx="0" />
<p fId="2" fbTx="0.02202672" lbTx="0.0220752" tId="0" fbRx="0.02208176" lbRx="0" />
<p fId="2" fbTx="0.02202672" lbTx="0.0220752" tId="0" fbRx="0.02208176" lbRx="0" />
<p fId="2" fbTx="0.02202672" lbTx="0.0220752" tId="1" fbRx="0.02208176" lbRx="0" />
<p fId="1" fbTx="0.02208604" lbTx="0.02209164" tId="0" fbRx="0.0220982" lbRx="0" />
<p fId="1" fbTx="0.02208604" lbTx="0.02209164" tId="2" fbRx="0.0220982" lbRx="0" />
<p fId="1" fbTx="0.02208604" lbTx="0.02209164" tId="2" fbRx="0.0220982" lbRx="0" />
<p fId="1" fbTx="0.0221006" lbTx="0.0221062" tId="0" fbRx="0.02211276" lbRx="0" />
<p fId="1" fbTx="0.0221006" lbTx="0.0221062" tId="2" fbRx="0.02211276" lbRx="0" />
<p fId="1" fbTx="0.0221006" lbTx="0.0221062" tId="2" fbRx="0.02211276" lbRx="0" />
<p fId="2" fbTx="0.02211316" lbTx="0.02216164" tId="0" fbRx="0.0221682" lbRx="0" />
<p fId="2" fbTx="0.02211316" lbTx="0.02216164" tId="0" fbRx="0.0221682" lbRx="0" />
<p fId="2" fbTx="0.02211316" lbTx="0.02216164" tId="1" fbRx="0.0221682" lbRx="0" />
<p fId="0" fbTx="0.0221692" lbTx="0.0221748" tId="1" fbRx="0.02218136" lbRx="0" />
<p fId="0" fbTx="0.0221692" lbTx="0.0221748" tId="2" fbRx="0.02218136" lbRx="0" />
<p fId="0" fbTx="0.0221692" lbTx="0.0221748" tId="2" fbRx="0.02218136" lbRx="0" />
<p fId="1" fbTx="0.02218616" lbTx="0.02219176" tId="0" fbRx="0.02219832" lbRx="0" />
<p fId="1" fbTx="0.02218616" lbTx="0.02219176" tId="2" fbRx="0.02219832" lbRx="0" />
<p fId="1" fbTx="0.02218616" lbTx="0.02219176" tId="2" fbRx="0.02219832" lbRx="0" />
<p fId="1" fbTx="0.02219872" lbTx="0.02220432" tId="0" fbRx="0.02221088" lbRx="0" />
<p fId="1" fbTx="0.02219872" lbTx="0.02220432" tId="2" fbRx="0.02221088" lbRx="0" />
<p fId="1" fbTx="0.02219872" lbTx="0.02220432" tId="2" fbRx="0.02221088" lbRx="0" />
<p fId="1" fbTx="0.02221128" lbTx="0.02221688" tId="0" fbRx="0.02222344" lbRx="0" />
<p fId="1" fbTx="0.02221128" lbTx="0.02221688" tId="2" fbRx="0.02222344" lbRx="0" />
<p fId="1" fbTx="0.02221128" lbTx="0.02221688" tId="2" fbRx="0.02222344" lbRx="0" />
<p fId="1" fbTx="0.02222584" lbTx="0.02223144" tId="0" fbRx="0.022238" lbRx="0" />
<p fId="1" fbTx="0.02222584" lbTx="0.02223144" tId="2" fbRx="0.022238" lbRx="0" />
<p fId="1" fbTx="0.02222584" lbTx="0.02223144" tId="2" fbRx="0.022238" lbRx="0" />
<p fId="1" fbTx="0.0222394" lbTx="0.022245" tId="0" fbRx="0.02225156" lbRx="0" />
<p fId="1" fbTx="0.0222394" lbTx="0.022245" tId="2" fbRx="0.02225156" lbRx="0" />
<p fId="1" fbTx="0.0222394" lbTx="0.022245" tId="2" fbRx="0.02225156" lbRx="0" />
<p fId="1" fbTx="0.02225196" lbTx="0.02225756" tId="0" fbRx="0.02226412" lbRx="0" />
<p fId="1" fbTx="0.02225196" lbTx="0.02225756" tId="2" fbRx="0.02226412" lbRx="0" />
<p fId="1" fbTx="0.02225196" lbTx="0.02225756" tId="2" fbRx="0.02226412" lbRx="0" />
<p fId="1" fbTx="0.02226552" lbTx="0.02227112" tId="0" fbRx="0.02227768" lbRx="0" />
<p fId="1" fbTx="0.02226552" lbTx="0.02227112" tId="2" fbRx="0.02227768" lbRx="0" />
<p fId="1" fbTx="0.02226552" lbTx="0.02227112" tId="2" fbRx="0.02227768" lbRx="0" />
<p fId="1" fbTx="0.02228608" lbTx="0.02229168" tId="0" fbRx="0.02229824" lbRx="0" />
<p fId="1" fbTx="0.02228608" lbTx="0.02229168" tId="2" fbRx="0.02229824" lbRx="0" />
<p fId="1" fbTx="0.02228608" lbTx="0.02229168" tId="2" fbRx="0.02229824" lbRx="0" />
<p fId="1" fbTx="0.02230064" lbTx="0.02230624" tId="0" fbRx="0.0223128" lbRx="0" />
<p fId="1" fbTx="0.02230064" lbTx="0.02230624" tId="2" fbRx="0.0223128" lbRx="0" />
<p fId="1" fbTx="0.02230064" lbTx="0.02230624" tId="2" fbRx="0.0223128" lbRx="0" />
<p fId="1" fbTx="0.0223142" lbTx="0.0223198" tId="0" fbRx="0.02232636" lbRx="0" />
<p fId="1" fbTx="0.0223142" lbTx="0.0223198" tId="2" fbRx="0.02232636" lbRx="0" />
<p fId="1" fbTx="0.0223142" lbTx="0.0223198" tId="2" fbRx="0.02232636" lbRx="0" />
<p fId="1" fbTx="0.02232876" lbTx="0.02233436" tId="0" fbRx="0.02234092" lbRx="0" />
<p fId="1" fbTx="0.02232876" lbTx="0.02233436" tId="2" fbRx="0.02234092" lbRx="0" />
<p fId="1" fbTx="0.02232876" lbTx="0.02233436" tId="2" fbRx="0.02234092" lbRx="0" />
<p fId="2" fbTx="0.0223606" lbTx="0.02240908" tId="0" fbRx="0.02241564" lbRx="0" />
<p fId="2" fbTx="0.0223606" lbTx="0.02240908" tId="0" fbRx="0.02241564" lbRx="0" />
<p fId="2" fbTx="0.0223606" lbTx="0.02240908" tId="1" fbRx="0.02241564" lbRx="0" />
<p fId="2" fbTx="0.02241704" lbTx="0.02246552" tId="0" fbRx="0.02247208" lbRx="0" />
<p fId="2" fbTx="0.02241704" lbTx="0.02246552" tId="0" fbRx="0.02247208" lbRx="0" />
<p fId="2" fbTx="0.02241704" lbTx="0.02246552" tId="1" fbRx="0.02247208" lbRx="0" />
<p fId="0" fbTx="0.02247308" lbTx="0.02247868" tId="1" fbRx="0.02248524" lbRx="0" />
<p fId="0" fbTx="0.02247308" lbTx="0.02247868" tId="2" fbRx="0.02248524" lbRx="0" />
<p fId="0" fbTx="0.02247308" lbTx="0.02247868" tId="2" fbRx="0.02248524" lbRx="0" />
<p fId="2" fbTx="0.02248848" lbTx="0.02253696" tId="0" fbRx="0.02254352" lbRx="0" />
<p fId="2" fbTx="0.02248848" lbTx="0.02253696" tId="0" fbRx="0.02254352" lbRx="0" />
<p fId="2" fbTx="0.02248848" lbTx="0.02253696" tId="1" fbRx="0.02254352" lbRx="0" />
<p fId="2" fbTx="0.02254592" lbTx="0.0225944" tId="0" fbRx="0.02260096" lbRx="0" />
<p fId="2" fbTx="0.02254592" lbTx="0.0225944" tId="0" fbRx="0.02260096" lbRx="0" />
<p fId="2" fbTx="0.02254592" lbTx="0.0225944" tId="1" fbRx="0.02260096" lbRx="0" />
<p fId="0" fbTx="0.02260196" lbTx="0.02260756" tId="1" fbRx="0.02261412" lbRx="0" />
<p fId="0" fbTx="0.02260196" lbTx="0.02260756" tId="2" fbRx="0.02261412" lbRx="0" />
<p fId="0" fbTx="0.02260196" lbTx="0.02260756" tId="2" fbRx="0.02261412" lbRx="0" />
<p fId="2" fbTx="0.02263136" lbTx="0.02267984" tId="0" fbRx="0.0226864" lbRx="0" />
<p fId="2" fbTx="0.02263136" lbTx="0.02267984" tId="0" fbRx="0.0226864" lbRx="0" />
<p fId="2" fbTx="0.02263136" lbTx="0.02267984" tId="1" fbRx="0.0226864" lbRx="0" />
<p fId="2" fbTx="0.0226868" lbTx="0.02273528" tId="0" fbRx="0.02274184" lbRx="0" />
<p fId="2" fbTx="0.0226868" lbTx="0.02273528" tId="0" fbRx="0.02274184" lbRx="0" />
<p fId="2" fbTx="0.0226868" lbTx="0.02273528" tId="1" fbRx="0.02274184" lbRx="0" />
<p fId="0" fbTx="0.02274284" lbTx="0.02274844" tId="1" fbRx="0.022755" lbRx="0" />
<p fId="0" fbTx="0.02274284" lbTx="0.02274844" tId="2" fbRx="0.022755" lbRx="0" />
<p fId="0" fbTx="0.02274284" lbTx="0.02274844" tId="2" fbRx="0.022755" lbRx="0" />
<p fId="2" fbTx="0.02276424" lbTx="0.02281272" tId="0" fbRx="0.02281928" lbRx="0" />
<p fId="2" fbTx="0.02276424" lbTx="0.02281272" tId="0" fbRx="0.02281928" lbRx="0" />
<p fId="2" fbTx="0.02276424" lbTx="0.02281272" tId="1" fbRx="0.02281928" lbRx="0" />
<p fId="2" fbTx="0.02281968" lbTx="0.02286816" tId="0" fbRx="0.02287472" lbRx="0" />
<p fId="2" fbTx="0.02281968" lbTx="0.02286816" tId="0" fbRx="0.02287472" lbRx="0" />
<p fId="2" fbTx="0.02281968" lbTx="0.02286816" tId="1" fbRx="0.02287472" lbRx="0" />
<p fId="0" fbTx="0.02287572" lbTx="0.02288132" tId="1" fbRx="0.02288788" lbRx="0" />
<p fId="0" fbTx="0.02287572" lbTx="0.02288132" tId="2" fbRx="0.02288788" lbRx="0" />
<p fId="0" fbTx="0.02287572" lbTx="0.02288132" tId="2" fbRx="0.02288788" lbRx="0" />
<p fId="2" fbTx="0.02290612" lbTx="0.0229546" tId="0" fbRx="0.02296116" lbRx="0" />
<p fId="2" fbTx="0.02290612" lbTx="0.0229546" tId="0" fbRx="0.02296116" lbRx="0" />
<p fId="2" fbTx="0.02290612" lbTx="0.0229546" tId="1" fbRx="0.02296116" lbRx="0" />
<p fId="2" fbTx="0.02296256" lbTx="0.02301104" tId="0" fbRx="0.0230176" lbRx="0" />
<p fId="2" fbTx="0.02296256" lbTx="0.02301104" tId="0" fbRx="0.0230176" lbRx="0" />
<p fId="2" fbTx="0.02296256" lbTx="0.02301104" tId="1" fbRx="0.0230176" lbRx="0" />
<p fId="0" fbTx="0.0230186" lbTx="0.0230242" tId="1" fbRx="0.02303076" lbRx="0" />
<p fId="0" fbTx="0.0230186" lbTx="0.0230242" tId="2" fbRx="0.02303076" lbRx="0" />
<p fId="0" fbTx="0.0230186" lbTx="0.0230242" tId="2" fbRx="0.02303076" lbRx="0" />
<p fId="2" fbTx="0.02304" lbTx="0.02308848" tId="0" fbRx="0.02309504" lbRx="0" />
<p fId="2" fbTx="0.02304" lbTx="0.02308848" tId="0" fbRx="0.02309504" lbRx="0" />
<p fId="2" fbTx="0.02304" lbTx="0.02308848" tId="1" fbRx="0.02309504" lbRx="0" />
<p fId="2" fbTx="0.02309544" lbTx="0.02314392" tId="0" fbRx="0.02315048" lbRx="0" />
<p fId="2" fbTx="0.02309544" lbTx="0.02314392" tId="0" fbRx="0.02315048" lbRx="0" />
<p fId="2" fbTx="0.02309544" lbTx="0.02314392" tId="1" fbRx="0.02315048" lbRx="0" />
<p fId="0" fbTx="0.02315148" lbTx="0.02315708" tId="1" fbRx="0.02316364" lbRx="0" />
<p fId="0" fbTx="0.02315148" lbTx="0.02315708" tId="2" fbRx="0.02316364" lbRx="0" />
<p fId="0" fbTx="0.02315148" lbTx="0.02315708" tId="2" fbRx="0.02316364" lbRx="0" />
<p fId="2" fbTx="0.02317288" lbTx="0.02322136" tId="0" fbRx="0.02322792" lbRx="0" />
<p fId="2" fbTx="0.02317288" lbTx="0.02322136" tId="0" fbRx="0.02322792" lbRx="0" />
<p fId="2" fbTx="0.02317288" lbTx="0.02322136" tId="1" fbRx="0.02322792" lbRx="0" />
<p fId="2" fbTx="0.02322832" lbTx="0.0232768" tId="0" fbRx="0.02328336" lbRx="0" />
<p fId="2" fbTx="0.02322832" lbTx="0.0232768" tId="0" fbRx="0.02328336" lbRx="0" />
<p fId="2" fbTx="0.02322832" lbTx="0.0232768" tId="1" fbRx="0.02328336" lbRx="0" />
<p fId="0" fbTx="0.02328436" lbTx="0.02328996" tId="1" fbRx="0.02329652" lbRx="0" />
<p fId="0" fbTx="0.02328436" lbTx="0.02328996" tId="2" fbRx="0.02329652" lbRx="0" />
<p fId="0" fbTx="0.02328436" lbTx="0.02328996" tId="2" fbRx="0.02329652" lbRx="0" />
<p fId="2" fbTx="0.02331376" lbTx="0.02336224" tId="0" fbRx="0.0233688" lbRx="0" />
<p fId="2" fbTx="0.02331376" lbTx="0.02336224" tId="0" fbRx="0.0233688" lbRx="0" />
<p fId="2" fbTx="0.02331376" lbTx="0.02336224" tId="1" fbRx="0.0233688" lbRx="0" />
<p fId="2" fbTx="0.0233742" lbTx="0.02342268" tId="0" fbRx="0.02342924" lbRx="0" />
<p fId="2" fbTx="0.0233742" lbTx="0.02342268" tId="0" fbRx="0.02342924" lbRx="0" />
<p fId="2" fbTx="0.0233742" lbTx="0.02342268" tId="1" fbRx="0.02342924" lbRx="0" />
<p fId="0" fbTx="0.02343024" lbTx="0.02343584" tId="1" fbRx="0.0234424" lbRx="0" />
<p fId="0" fbTx="0.02343024" lbTx="0.02343584" tId="2" fbRx="0.0234424" lbRx="0" />
<p fId="0" fbTx="0.02343024" lbTx="0.02343584" tId="2" fbRx="0.0234424" lbRx="0" />
<p fId="2" fbTx="0.02344664" lbTx="0.02349512" tId="0" fbRx="0.02350168" lbRx="0" />
<p fId="2" fbTx="0.02344664" lbTx="0.02349512" tId="0" fbRx="0.02350168" lbRx="0" />
<p fId="2" fbTx="0.02344664" lbTx="0.02349512" tId="1" fbRx="0.02350168" lbRx="0" />
<p fId="2" fbTx="0.02351408" lbTx="0.02356256" tId="0" fbRx="0.02356912" lbRx="0" />
<p fId="2" fbTx="0.02351408" lbTx="0.02356256" tId="0" fbRx="0.02356912" lbRx="0" />
<p fId="2" fbTx="0.02351408" lbTx="0.02356256" tId="1" fbRx="0.02356912" lbRx="0" />
<p fId="2" fbTx="0.02356952" lbTx="0.023618" tId="0" fbRx="0.02362456" lbRx="0" />
<p fId="2" fbTx="0.02356952" lbTx="0.023618" tId="0" fbRx="0.02362456" lbRx="0" />
<p fId="2" fbTx="0.02356952" lbTx="0.023618" tId="1" fbRx="0.02362456" lbRx="0" />
<p fId="2" fbTx="0.02362596" lbTx="0.02367444" tId="0" fbRx="0.023681" lbRx="0" />
<p fId="2" fbTx="0.02362596" lbTx="0.02367444" tId="0" fbRx="0.023681" lbRx="0" />
<p fId="2" fbTx="0.02362596" lbTx="0.02367444" tId="1" fbRx="0.023681" lbRx="0" />
<p fId="2" fbTx="0.0236834" lbTx="0.02373188" tId="0" fbRx="0.02373844" lbRx="0" />
<p fId="2" fbTx="0.0236834" lbTx="0.02373188" tId="0" fbRx="0.02373844" lbRx="0" />
<p fId="2" fbTx="0.0236834" lbTx="0.02373188" tId="1" fbRx="0.02373844" lbRx="0" />
<p fId="2" fbTx="0.02374184" lbTx="0.02379032" tId="0" fbRx="0.02379688" lbRx="0" />
<p fId="2" fbTx="0.02374184" lbTx="0.02379032" tId="0" fbRx="0.02379688" lbRx="0" />
<p fId="2" fbTx="0.02374184" lbTx="0.02379032" tId="1" fbRx="0.02379688" lbRx="0" />
<p fId="2" fbTx="0.02379728" lbTx="0.02384576" tId="0" fbRx="0.02385232" lbRx="0" />
<p fId="2" fbTx="0.02379728" lbTx="0.02384576" tId="0" fbRx="0.02385232" lbRx="0" />
<p fId="2" fbTx="0.02379728" lbTx="0.02384576" tId="1" fbRx="0.02385232" lbRx="0" />
<p fId="2" fbTx="0.02385372" lbTx="0.0239022" tId="0" fbRx="0.02390876" lbRx="0" />
<p fId="2" fbTx="0.02385372" lbTx="0.0239022" tId="0" fbRx="0.02390876" lbRx="0" />
<p fId="2" fbTx="0.02385372" lbTx="0.0239022" tId="1" fbRx="0.02390876" lbRx="0" />
<p fId="2" fbTx="0.02390916" lbTx="0.02395764" tId="0" fbRx="0.0239642" lbRx="0" />
<p fId="2" fbTx="0.02390916" lbTx="0.02395764" tId="0" fbRx="0.0239642" lbRx="0" />
<p fId="2" fbTx="0.02390916" lbTx="0.02395764" tId="1" fbRx="0.0239642" lbRx="0" />
<p fId="2" fbTx="0.0239656" lbTx="0.02401408" tId="0" fbRx="0.02402064" lbRx="0" />
<p fId="2" fbTx="0.0239656" lbTx="0.02401408" tId="0" fbRx="0.02402064" lbRx="0" />
<p fId="2" fbTx="0.0239656" lbTx="0.02401408" tId="1" fbRx="0.02402064" lbRx="0" />
<p fId="2" fbTx="0.02402904" lbTx="0.02407752" tId="0" fbRx="0.02408408" lbRx="0" />
<p fId="2" fbTx="0.02402904" lbTx="0.02407752" tId="0" fbRx="0.02408408" lbRx="0" />
<p fId="2" fbTx="0.02402904" lbTx="0.02407752" tId="1" fbRx="0.02408408" lbRx="0" />
<p fId="2" fbTx="0.02408748" lbTx="0.02413596" tId="0" fbRx="0.02414252" lbRx="0" />
<p fId="2" fbTx="0.02408748" lbTx="0.02413596" tId="0" fbRx="0.02414252" lbRx="0" />
<p fId="2" fbTx="0.02408748" lbTx="0.02413596" tId="1" fbRx="0.02414252" lbRx="0" />
<p fId="2" fbTx="0.02414792" lbTx="0.0241964" tId="0" fbRx="0.02420296" lbRx="0" />
<p fId="2" fbTx="0.02414792" lbTx="0.0241964" tId="0" fbRx="0.02420296" lbRx="0" />
<p fId="2" fbTx="0.02414792" lbTx="0.0241964" tId="1" fbRx="0.02420296" lbRx="0" />
<p fId="2" fbTx="0.02420536" lbTx="0.02425384" tId="0" fbRx="0.0242604" lbRx="0" />
<p fId="2" fbTx="0.02420536" lbTx="0.02425384" tId="0" fbRx="0.0242604" lbRx="0" />
<p fId="2" fbTx="0.02420536" lbTx="0.02425384" tId="1" fbRx="0.0242604" lbRx="0" />
<p fId="2" fbTx="0.0242608" lbTx="0.02430928" tId="0" fbRx="0.02431584" lbRx="0" />
<p fId="2" fbTx="0.0242608" lbTx="0.02430928" tId="0" fbRx="0.02431584" lbRx="0" />
<p fId="2" fbTx="0.0242608" lbTx="0.02430928" tId="1" fbRx="0.02431584" lbRx="0" />
<p fId="2" fbTx="0.02431724" lbTx="0.02436572" tId="0" fbRx="0.02437228" lbRx="0" />
<p fId="2" fbTx="0.02431724" lbTx="0.02436572" tId="0" fbRx="0.02437228" lbRx="0" />
<p fId="2" fbTx="0.02431724" lbTx="0.02436572" tId="1" fbRx="0.02437228" lbRx="0" />
<p fId="2" fbTx="0.02437268" lbTx="0.02442116" tId="0" fbRx="0.02442772" lbRx="0" />
<p fId="2" fbTx="0.02437268" lbTx="0.02442116" tId="0" fbRx="0.02442772" lbRx="0" />
<p fId="2" fbTx="0.02437268" lbTx="0.02442116" tId="1" fbRx="0.02442772" lbRx="0" />
<p fId="2" fbTx="0.02442912" lbTx="0.0244776" tId="0" fbRx="0.02448416" lbRx="0" />
<p fId="2" fbTx="0.02442912" lbTx="0.0244776" tId="0" fbRx="0.02448416" lbRx="0" />
<p fId="2" fbTx="0.02442912" lbTx="0.0244776" tId="1" fbRx="0.02448416" lbRx="0" />
<p fId="2" fbTx="0.02449256" lbTx="0.02454104" tId="0" fbRx="0.0245476" lbRx="0" />
<p fId="2" fbTx="0.02449256" lbTx="0.02454104" tId="0" fbRx="0.0245476" lbRx="0" />
<p fId="2" fbTx="0.02449256" lbTx="0.02454104" tId="1" fbRx="0.0245476" lbRx="0" />
<p fId="2" fbTx="0.024567" lbTx="0.02461548" tId="0" fbRx="0.02462204" lbRx="0" />
<p fId="2" fbTx="0.024567" lbTx="0.02461548" tId="0" fbRx="0.02462204" lbRx="0" />
<p fId="2" fbTx="0.024567" lbTx="0.02461548" tId="1" fbRx="0.02462204" lbRx="0" />
<p fId="2" fbTx="0.02462244" lbTx="0.02467092" tId="0" fbRx="0.02467748" lbRx="0" />
<p fId="2" fbTx="0.02462244" lbTx="0.02467092" tId="0" fbRx="0.02467748" lbRx="0" />
<p fId="2" fbTx="0.02462244" lbTx="0.02467092" tId="1" fbRx="0.02467748" lbRx="0" />
<p fId="2" fbTx="0.02467988" lbTx="0.02472836" tId="0" fbRx="0.02473492" lbRx="0" />
<p fId="2" fbTx="0.02467988" lbTx="0.02472836" tId="0" fbRx="0.02473492" lbRx="0" />
<p fId="2" fbTx="0.02467988" lbTx="0.02472836" tId="1" fbRx="0.02473492" lbRx="0" />
<p fId="2" fbTx="0.02473732" lbTx="0.0247858" tId="0" fbRx="0.02479236" lbRx="0" />
<p fId="2" fbTx="0.02473732" lbTx="0.0247858" tId="0" fbRx="0.02479236" lbRx="0" />
<p fId="2" fbTx="0.02473732" lbTx="0.0247858" tId="1" fbRx="0.02479236" lbRx="0" />
<p fId="2" fbTx="0.02479276" lbTx="0.02484124" tId="0" fbRx="0.0248478" lbRx="0" />
<p fId="2" fbTx="0.02479276" lbTx="0.02484124" tId="0" fbRx="0.0248478" lbRx="0" />
<p fId="2" fbTx="0.02479276" lbTx="0.02484124" tId="1" fbRx="0.0248478" lbRx="0" />
<p fId="2" fbTx="0.0248562" lbTx="0.02490468" tId="0" fbRx="0.02491124" lbRx="0" />
<p fId="2" fbTx="0.0248562" lbTx="0.02490468" tId="0" fbRx="0.02491124" lbRx="0" />
<p fId="2" fbTx="0.0248562" lbTx="0.02490468" tId="1" fbRx="0.02491124" lbRx="0" />
<p fId="2" fbTx="0.02491364" lbTx="0.02496212" tId="0" fbRx="0.02496868" lbRx="0" />
<p fId="2" fbTx="0.02491364" lbTx="0.02496212" tId="0" fbRx="0.02496868" lbRx="0" />
<p fId="2" fbTx="0.02491364" lbTx="0.02496212" tId="1" fbRx="0.02496868" lbRx="0" />
<p fId="0" fbTx="0.02497412" lbTx="0.02497972" tId="1" fbRx="0.02498628" lbRx="0" />
<p fId="0" fbTx="0.02497412" lbTx="0.02497972" tId="2" fbRx="0.02498628" lbRx="0" />
<p fId="0" fbTx="0.02497412" lbTx="0.02497972" tId="2" fbRx="0.02498628" lbRx="0" />
<p fId="0" fbTx="0.02498968" lbTx="0.02499528" tId="1" fbRx="0.02500184" lbRx="0" />
<p fId="0" fbTx="0.02498968" lbTx="0.02499528" tId="2" fbRx="0.02500184" lbRx="0" />
<p fId="0" fbTx="0.02498968" lbTx="0.02499528" tId="2" fbRx="0.02500184" lbRx="0" />
<p fId="0" fbTx="0.02500324" lbTx="0.02500884" tId="1" fbRx="0.0250154" lbRx="0" />
<p fId="0" fbTx="0.02500324" lbTx="0.02500884" tId="2" fbRx="0.0250154" lbRx="0" />
<p fId="0" fbTx="0.02500324" lbTx="0.02500884" tId="2" fbRx="0.0250154" lbRx="0" />
<p fId="2" fbTx="0.02502008" lbTx="0.02506856" tId="0" fbRx="0.02507512" lbRx="0" />
<p fId="2" fbTx="0.02502008" lbTx="0.02506856" tId="0" fbRx="0.02507512" lbRx="0" />
<p fId="2" fbTx="0.02502008" lbTx="0.02506856" tId="1" fbRx="0.02507512" lbRx="0" />
<p fId="2" fbTx="0.02507552" lbTx="0.025124" tId="0" fbRx="0.02513056" lbRx="0" />
<p fId="2" fbTx="0.02507552" lbTx="0.025124" tId="0" fbRx="0.02513056" lbRx="0" />
<p fId="2" fbTx="0.02507552" lbTx="0.025124" tId="1" fbRx="0.02513056" lbRx="0" />
<p fId="2" fbTx="0.02513696" lbTx="0.02518544" tId="0" fbRx="0.025192" lbRx="0" />
<p fId="2" fbTx="0.02513696" lbTx="0.02518544" tId="0" fbRx="0.025192" lbRx="0" />
<p fId="2" fbTx="0.02513696" lbTx="0.02518544" tId="1" fbRx="0.025192" lbRx="0" />
<p fId="0" fbTx="0.0251968" lbTx="0.0252024" tId="1" fbRx="0.02520896" lbRx="0" />
<p fId="0" fbTx="0.0251968" lbTx="0.0252024" tId="2" fbRx="0.02520896" lbRx="0" />
<p fId="0" fbTx="0.0251968" lbTx="0.0252024" tId="2" fbRx="0.02520896" lbRx="0" />
<p fId="2" fbTx="0.0252184" lbTx="0.02526688" tId="0" fbRx="0.02527344" lbRx="0" />
<p fId="2" fbTx="0.0252184" lbTx="0.02526688" tId="0" fbRx="0.02527344" lbRx="0" />
<p fId="2" fbTx="0.0252184" lbTx="0.02526688" tId="1" fbRx="0.02527344" lbRx="0" />
<p fId="2" fbTx="0.02527684" lbTx="0.02532532" tId="0" fbRx="0.02533188" lbRx="0" />
<p fId="2" fbTx="0.02527684" lbTx="0.02532532" tId="0" fbRx="0.02533188" lbRx="0" />
<p fId="2" fbTx="0.02527684" lbTx="0.02532532" tId="1" fbRx="0.02533188" lbRx="0" />
<p fId="2" fbTx="0.02534428" lbTx="0.02539276" tId="0" fbRx="0.02539932" lbRx="0" />
<p fId="2" fbTx="0.02534428" lbTx="0.02539276" tId="0" fbRx="0.02539932" lbRx="0" />
<p fId="2" fbTx="0.02534428" lbTx="0.02539276" tId="1" fbRx="0.02539932" lbRx="0" />
<p fId="2" fbTx="0.02540072" lbTx="0.0254492" tId="0" fbRx="0.02545576" lbRx="0" />
<p fId="2" fbTx="0.02540072" lbTx="0.0254492" tId="0" fbRx="0.02545576" lbRx="0" />
<p fId="2" fbTx="0.02540072" lbTx="0.0254492" tId="1" fbRx="0.02545576" lbRx="0" />
<p fId="2" fbTx="0.02545616" lbTx="0.02550464" tId="0" fbRx="0.0255112" lbRx="0" />
<p fId="2" fbTx="0.02545616" lbTx="0.02550464" tId="0" fbRx="0.0255112" lbRx="0" />
<p fId="2" fbTx="0.02545616" lbTx="0.02550464" tId="1" fbRx="0.0255112" lbRx="0" />
<p fId="2" fbTx="0.0255126" lbTx="0.02556108" tId="0" fbRx="0.02556764" lbRx="0" />
<p fId="2" fbTx="0.0255126" lbTx="0.02556108" tId="0" fbRx="0.02556764" lbRx="0" />
<p fId="2" fbTx="0.0255126" lbTx="0.02556108" tId="1" fbRx="0.02556764" lbRx="0" />
<p fId="2" fbTx="0.02557404" lbTx="0.02562252" tId="0" fbRx="0.02562908" lbRx="0" />
<p fId="2" fbTx="0.02557404" lbTx="0.02562252" tId="0" fbRx="0.02562908" lbRx="0" />
<p fId="2" fbTx="0.02557404" lbTx="0.02562252" tId="1" fbRx="0.02562908" lbRx="0" />
<p fId="2" fbTx="0.02563248" lbTx="0.02568096" tId="0" fbRx="0.02568752" lbRx="0" />
<p fId="2" fbTx="0.02563248" lbTx="0.02568096" tId="0" fbRx="0.02568752" lbRx="0" />
<p fId="2" fbTx="0.02563248" lbTx="0.02568096" tId="1" fbRx="0.02568752" lbRx="0" />
<p fId="2" fbTx="0.02568992" lbTx="0.0257384" tId="0" fbRx="0.02574496" lbRx="0" />
<p fId="2" fbTx="0.02568992" lbTx="0.0257384" tId="0" fbRx="0.02574496" lbRx="0" />
<p fId="2" fbTx="0.02568992" lbTx="0.0257384" tId="1" fbRx="0.02574496" lbRx="0" />
<p fId="2" fbTx="0.02574736" lbTx="0.02579584" tId="0" fbRx="0.0258024" lbRx="0" />
<p fId="2" fbTx="0.02574736" lbTx="0.02579584" tId="0" fbRx="0.0258024" lbRx="0" />
<p fId="2" fbTx="0.02574736" lbTx="0.02579584" tId="1" fbRx="0.0258024" lbRx="0" />
<p fId="2" fbTx="0.0258058" lbTx="0.02585428" tId="0" fbRx="0.02586084" lbRx="0" />
<p fId="2" fbTx="0.0258058" lbTx="0.02585428" tId="0" fbRx="0.02586084" lbRx="0" />
<p fId="2" fbTx="0.0258058" lbTx="0.02585428" tId="1" fbRx="0.02586084" lbRx="0" />
<p fId="2" fbTx="0.02586324" lbTx="0.02591172" tId="0" fbRx="0.02591828" lbRx="0" />
<p fId="2" fbTx="0.02586324" lbTx="0.02591172" tId="0" fbRx="0.02591828" lbRx="0" />
<p fId="2" fbTx="0.02586324" lbTx="0.02591172" tId="1" fbRx="0.02591828" lbRx="0" />
<p fId="0" fbTx="0.02603936" lbTx="0.02604496" tId="1" fbRx="0.02605152" lbRx="0" />
<p fId="0" fbTx="0.02603936" lbTx="0.02604496" tId="2" fbRx="0.02605152" lbRx="0" />
<p fId="0" fbTx="0.02603936" lbTx="0.02604496" tId="2" fbRx="0.02605152" lbRx="0" />
<p fId="2" fbTx="0.02605252" lbTx="0.026101" tId="0" fbRx="0.02610756" lbRx="0" />
<p fId="2" fbTx="0.02605252" lbTx="0.026101" tId="0" fbRx="0.02610756" lbRx="0" />
<p fId="2" fbTx="0.02605252" lbTx="0.026101" tId="1" fbRx="0.02610756" lbRx="0" />
<p fId="2" fbTx="0.02610796" lbTx="0.02615644" tId="0" fbRx="0.026163" lbRx="0" />
<p fId="2" fbTx="0.02610796" lbTx="0.02615644" tId="0" fbRx="0.026163" lbRx="0" />
<p fId="2" fbTx="0.02610796" lbTx="0.02615644" tId="1" fbRx="0.026163" lbRx="0" />
<p fId="2" fbTx="0.0261644" lbTx="0.02621288" tId="0" fbRx="0.02621944" lbRx="0" />
<p fId="2" fbTx="0.0261644" lbTx="0.02621288" tId="0" fbRx="0.02621944" lbRx="0" />
<p fId="2" fbTx="0.0261644" lbTx="0.02621288" tId="1" fbRx="0.02621944" lbRx="0" />
<p fId="0" fbTx="0.02629992" lbTx="0.02630552" tId="1" fbRx="0.02631208" lbRx="0" />
<p fId="0" fbTx="0.02629992" lbTx="0.02630552" tId="2" fbRx="0.02631208" lbRx="0" />
<p fId="0" fbTx="0.02629992" lbTx="0.02630552" tId="2" fbRx="0.02631208" lbRx="0" />
<p fId="2" fbTx="0.02631308" lbTx="0.02636156" tId="0" fbRx="0.02636812" lbRx="0" />
<p fId="2" fbTx="0.02631308" lbTx="0.02636156" tId="0" fbRx="0.02636812" lbRx="0" />
<p fId="2" fbTx="0.02631308" lbTx="0.02636156" tId="1" fbRx="0.02636812" lbRx="0" />
<p fId="2" fbTx="0.02636952" lbTx="0.026418" tId="0" fbRx="0.02642456" lbRx="0" />
<p fId="2" fbTx="0.02636952" lbTx="0.026418" tId="0" fbRx="0.02642456" lbRx="0" />
<p fId="2" fbTx="0.02636952" lbTx="0.026418" tId="1" fbRx="0.02642456" lbRx="0" />
<p fId="2" fbTx="0.02642696" lbTx="0.02647544" tId="0" fbRx="0.026482" lbRx="0" />
<p fId="2" fbTx="0.02642696" lbTx="0.02647544" tId="0" fbRx="0.026482" lbRx="0" />
<p fId="2" fbTx="0.02642696" lbTx="0.02647544" tId="1" fbRx="0.026482" lbRx="0" />
<p fId="0" fbTx="0.02657948" lbTx="0.02658508" tId="1" fbRx="0.02659164" lbRx="0" />
<p fId="0" fbTx="0.02657948" lbTx="0.02658508" tId="2" fbRx="0.02659164" lbRx="0" />
<p fId="0" fbTx="0.02657948" lbTx="0.02658508" tId="2" fbRx="0.02659164" lbRx="0" />
<p fId="2" fbTx="0.02659264" lbTx="0.02664112" tId="0" fbRx="0.02664768" lbRx="0" />
<p fId="2" fbTx="0.02659264" lbTx="0.02664112" tId="0" fbRx="0.02664768" lbRx="0" />
<p fId="2" fbTx="0.02659264" lbTx="0.02664112" tId="1" fbRx="0.02664768" lbRx="0" />
<p fId="2" fbTx="0.02665108" lbTx="0.02669956" tId="0" fbRx="0.02670612" lbRx="0" />
<p fId="2" fbTx="0.02665108" lbTx="0.02669956" tId="0" fbRx="0.02670612" lbRx="0" />
<p fId="2" fbTx="0.02665108" lbTx="0.02669956" tId="1" fbRx="0.02670612" lbRx="0" />
<p fId="2" fbTx="0.02670652" lbTx="0.026755" tId="0" fbRx="0.02676156" lbRx="0" />
<p fId="2" fbTx="0.02670652" lbTx="0.026755" tId="0" fbRx="0.02676156" lbRx="0" />
<p fId="2" fbTx="0.02670652" lbTx="0.026755" tId="1" fbRx="0.02676156" lbRx="0" />
<p fId="0" fbTx="0.02677904" lbTx="0.02678464" tId="1" fbRx="0.0267912" lbRx="0" />
<p fId="0" fbTx="0.02677904" lbTx="0.02678464" tId="2" fbRx="0.0267912" lbRx="0" />
<p fId="0" fbTx="0.02677904" lbTx="0.02678464" tId="2" fbRx="0.0267912" lbRx="0" />
<p fId="0" fbTx="0.0267916" lbTx="0.0267972" tId="1" fbRx="0.02680376" lbRx="0" />
<p fId="0" fbTx="0.0267916" lbTx="0.0267972" tId="2" fbRx="0.02680376" lbRx="0" />
<p fId="0" fbTx="0.0267916" lbTx="0.0267972" tId="2" fbRx="0.02680376" lbRx="0" />
<p fId="0" fbTx="0.02681316" lbTx="0.02681876" tId="1" fbRx="0.02682532" lbRx="0" />
<p fId="0" fbTx="0.02681316" lbTx="0.02681876" tId="2" fbRx="0.02682532" lbRx="0" />
<p fId="0" fbTx="0.02681316" lbTx="0.02681876" tId="2" fbRx="0.02682532" lbRx="0" />
<p fId="0" fbTx="0.02682872" lbTx="0.02683432" tId="1" fbRx="0.02684088" lbRx="0" />
<p fId="0" fbTx="0.02682872" lbTx="0.02683432" tId="2" fbRx="0.02684088" lbRx="0" />
<p fId="0" fbTx="0.02682872" lbTx="0.02683432" tId="2" fbRx="0.02684088" lbRx="0" />
<p fId="0" fbTx="0.02684328" lbTx="0.02684888" tId="1" fbRx="0.02685544" lbRx="0" />
<p fId="0" fbTx="0.02684328" lbTx="0.02684888" tId="2" fbRx="0.02685544" lbRx="0" />
<p fId="0" fbTx="0.02684328" lbTx="0.02684888" tId="2" fbRx="0.02685544" lbRx="0" />
<p fId="0" fbTx="0.02685784" lbTx="0.02686344" tId="1" fbRx="0.02687" lbRx="0" />
<p fId="0" fbTx="0.02685784" lbTx="0.02686344" tId="2" fbRx="0.02687" lbRx="0" />
<p fId="0" fbTx="0.02685784" lbTx="0.02686344" tId="2" fbRx="0.02687" lbRx="0" />
<p fId="0" fbTx="0.0268704" lbTx="0.026876" tId="1" fbRx="0.02688256" lbRx="0" />
<p fId="0" fbTx="0.0268704" lbTx="0.026876" tId="2" fbRx="0.02688256" lbRx="0" />
<p fId="0" fbTx="0.0268704" lbTx="0.026876" tId="2" fbRx="0.02688256" lbRx="0" />
<p fId="0" fbTx="0.02688496" lbTx="0.02689056" tId="1" fbRx="0.02689712" lbRx="0" />
<p fId="0" fbTx="0.02688496" lbTx="0.02689056" tId="2" fbRx="0.02689712" lbRx="0" />
<p fId="0" fbTx="0.02688496" lbTx="0.02689056" tId="2" fbRx="0.02689712" lbRx="0" />
<p fId="0" fbTx="0.02691052" lbTx="0.02691612" tId="1" fbRx="0.02692268" lbRx="0" />
<p fId="0" fbTx="0.02691052" lbTx="0.02691612" tId="2" fbRx="0.02692268" lbRx="0" />
<p fId="0" fbTx="0.02691052" lbTx="0.02691612" tId="2" fbRx="0.02692268" lbRx="0" />
<p fId="0" fbTx="0.02693208" lbTx="0.02693768" tId="1" fbRx="0.02694424" lbRx="0" />
<p fId="0" fbTx="0.02693208" lbTx="0.02693768" tId="2" fbRx="0.02694424" lbRx="0" />
<p fId="0" fbTx="0.02693208" lbTx="0.02693768" tId="2" fbRx="0.02694424" lbRx="0" />
<p fId="0" fbTx="0.02694664" lbTx="0.02695224" tId="1" fbRx="0.0269588" lbRx="0" />
<p fId="0" fbTx="0.02694664" lbTx="0.02695224" tId="2" fbRx="0.0269588" lbRx="0" />
<p fId="0" fbTx="0.02694664" lbTx="0.02695224" tId="2" fbRx="0.0269588" lbRx="0" />
<p fId="0" fbTx="0.0269652" lbTx="0.0269708" tId="1" fbRx="0.02697736" lbRx="0" />
<p fId="0" fbTx="0.0269652" lbTx="0.0269708" tId="2" fbRx="0.02697736" lbRx="0" />
<p fId="0" fbTx="0.0269652" lbTx="0.0269708" tId="2" fbRx="0.02697736" lbRx="0" />
<p fId="0" fbTx="0.02697776" lbTx="0.02698336" tId="1" fbRx="0.02698992" lbRx="0" />
<p fId="0" fbTx="0.02697776" lbTx="0.02698336" tId="2" fbRx="0.02698992" lbRx="0" />
<p fId="0" fbTx="0.02697776" lbTx="0.02698336" tId="2" fbRx="0.02698992" lbRx="0" />
<p fId="0" fbTx="0.02699732" lbTx="0.02700292" tId="1" fbRx="0.02700948" lbRx="0" />
<p fId="0" fbTx="0.02699732" lbTx="0.02700292" tId="2" fbRx="0.02700948" lbRx="0" />
<p fId="0" fbTx="0.02699732" lbTx="0.02700292" tId="2" fbRx="0.02700948" lbRx="0" />
<p fId="0" fbTx="0.02701188" lbTx="0.02701748" tId="1" fbRx="0.02702404" lbRx="0" />
<p fId="0" fbTx="0.02701188" lbTx="0.02701748" tId="2" fbRx="0.02702404" lbRx="0" />
<p fId="0" fbTx="0.02701188" lbTx="0.02701748" tId="2" fbRx="0.02702404" lbRx="0" />
<p fId="0" fbTx="0.02702644" lbTx="0.02703204" tId="1" fbRx="0.0270386" lbRx="0" />
<p fId="0" fbTx="0.02702644" lbTx="0.02703204" tId="2" fbRx="0.0270386" lbRx="0" />
<p fId="0" fbTx="0.02702644" lbTx="0.02703204" tId="2" fbRx="0.0270386" lbRx="0" />
<p fId="0" fbTx="0.027045" lbTx="0.0270506" tId="1" fbRx="0.02705716" lbRx="0" />
<p fId="0" fbTx="0.027045" lbTx="0.0270506" tId="2" fbRx="0.02705716" lbRx="0" />
<p fId="0" fbTx="0.027045" lbTx="0.0270506" tId="2" fbRx="0.02705716" lbRx="0" />
<p fId="0" fbTx="0.02706556" lbTx="0.02707116" tId="1" fbRx="0.02707772" lbRx="0" />
<p fId="0" fbTx="0.02706556" lbTx="0.02707116" tId="2" fbRx="0.02707772" lbRx="0" />
<p fId="0" fbTx="0.02706556" lbTx="0.02707116" tId="2" fbRx="0.02707772" lbRx="0" />
<p fId="2" fbTx="0.0271712" lbTx="0.02721968" tId="0" fbRx="0.02722624" lbRx="0" />
<p fId="2" fbTx="0.0271712" lbTx="0.02721968" tId="0" fbRx="0.02722624" lbRx="0" />
<p fId="2" fbTx="0.0271712" lbTx="0.02721968" tId="1" fbRx="0.02722624" lbRx="0" />
<p fId="2" fbTx="0.02722964" lbTx="0.02727812" tId="0" fbRx="0.02728468" lbRx="0" />
<p fId="2" fbTx="0.02722964" lbTx="0.02727812" tId="0" fbRx="0.02728468" lbRx="0" />
<p fId="2" fbTx="0.02722964" lbTx="0.02727812" tId="1" fbRx="0.02728468" lbRx="0" />
<p fId="2" fbTx="0.02728508" lbTx="0.02733356" tId="0" fbRx="0.02734012" lbRx="0" />
<p fId="2" fbTx="0.02728508" lbTx="0.02733356" tId="0" fbRx="0.02734012" lbRx="0" />
<p fId="2" fbTx="0.02728508" lbTx="0.02733356" tId="1" fbRx="0.02734012" lbRx="0" />
<p fId="2" fbTx="0.02734152" lbTx="0.02739" tId="0" fbRx="0.02739656" lbRx="0" />
<p fId="2" fbTx="0.02734152" lbTx="0.02739" tId="0" fbRx="0.02739656" lbRx="0" />
<p fId="2" fbTx="0.02734152" lbTx="0.02739" tId="1" fbRx="0.02739656" lbRx="0" />
<p fId="2" fbTx="0.02739996" lbTx="0.02744844" tId="0" fbRx="0.027455" lbRx="0" />
<p fId="2" fbTx="0.02739996" lbTx="0.02744844" tId="0" fbRx="0.027455" lbRx="0" />
<p fId="2" fbTx="0.02739996" lbTx="0.02744844" tId="1" fbRx="0.027455" lbRx="0" />
<p fId="2" fbTx="0.0274554" lbTx="0.02750388" tId="0" fbRx="0.02751044" lbRx="0" />
<p fId="2" fbTx="0.0274554" lbTx="0.02750388" tId="0" fbRx="0.02751044" lbRx="0" />
<p fId="2" fbTx="0.0274554" lbTx="0.02750388" tId="1" fbRx="0.02751044" lbRx="0" />
<p fId="2" fbTx="0.02751284" lbTx="0.02756132" tId="0" fbRx="0.02756788" lbRx="0" />
<p fId="2" fbTx="0.02751284" lbTx="0.02756132" tId="0" fbRx="0.02756788" lbRx="0" />
<p fId="2" fbTx="0.02751284" lbTx="0.02756132" tId="1" fbRx="0.02756788" lbRx="0" />
<p fId="2" fbTx="0.02757228" lbTx="0.02762076" tId="0" fbRx="0.02762732" lbRx="0" />
<p fId="2" fbTx="0.02757228" lbTx="0.02762076" tId="0" fbRx="0.02762732" lbRx="0" />
<p fId="2" fbTx="0.02757228" lbTx="0.02762076" tId="1" fbRx="0.02762732" lbRx="0" />
<p fId="2" fbTx="0.02762972" lbTx="0.0276782" tId="0" fbRx="0.02768476" lbRx="0" />
<p fId="2" fbTx="0.02762972" lbTx="0.0276782" tId="0" fbRx="0.02768476" lbRx="0" />
<p fId="2" fbTx="0.02762972" lbTx="0.0276782" tId="1" fbRx="0.02768476" lbRx="0" />
<p fId="2" fbTx="0.02769316" lbTx="0.02774164" tId="0" fbRx="0.0277482" lbRx="0" />
<p fId="2" fbTx="0.02769316" lbTx="0.02774164" tId="0" fbRx="0.0277482" lbRx="0" />
<p fId="2" fbTx="0.02769316" lbTx="0.02774164" tId="1" fbRx="0.0277482" lbRx="0" />
<p fId="2" fbTx="0.0277516" lbTx="0.02780008" tId="0" fbRx="0.02780664" lbRx="0" />
<p fId="2" fbTx="0.0277516" lbTx="0.02780008" tId="0" fbRx="0.02780664" lbRx="0" />
<p fId="2" fbTx="0.0277516" lbTx="0.02780008" tId="1" fbRx="0.02780664" lbRx="0" />
<p fId="2" fbTx="0.02781304" lbTx="0.02786152" tId="0" fbRx="0.02786808" lbRx="0" />
<p fId="2" fbTx="0.02781304" lbTx="0.02786152" tId="0" fbRx="0.02786808" lbRx="0" />
<p fId="2" fbTx="0.02781304" lbTx="0.02786152" tId="1" fbRx="0.02786808" lbRx="0" />
<p fId="2" fbTx="0.02786948" lbTx="0.02791796" tId="0" fbRx="0.02792452" lbRx="0" />
<p fId="2" fbTx="0.02786948" lbTx="0.02791796" tId="0" fbRx="0.02792452" lbRx="0" />
<p fId="2" fbTx="0.02786948" lbTx="0.02791796" tId="1" fbRx="0.02792452" lbRx="0" />
<p fId="2" fbTx="0.02792592" lbTx="0.0279744" tId="0" fbRx="0.02798096" lbRx="0" />
<p fId="2" fbTx="0.02792592" lbTx="0.0279744" tId="0" fbRx="0.02798096" lbRx="0" />
<p fId="2" fbTx="0.02792592" lbTx="0.0279744" tId="1" fbRx="0.02798096" lbRx="0" />
<p fId="2" fbTx="0.02798236" lbTx="0.02803084" tId="0" fbRx="0.0280374" lbRx="0" />
<p fId="2" fbTx="0.02798236" lbTx="0.02803084" tId="0" fbRx="0.0280374" lbRx="0" />
<p fId="2" fbTx="0.02798236" lbTx="0.02803084" tId="1" fbRx="0.0280374" lbRx="0" />
<p fId="2" fbTx="0.0280378" lbTx="0.02808628" tId="0" fbRx="0.02809284" lbRx="0" />
<p fId="2" fbTx="0.0280378" lbTx="0.02808628" tId="0" fbRx="0.02809284" lbRx="0" />
<p fId="2" fbTx="0.0280378" lbTx="0.02808628" tId="1" fbRx="0.02809284" lbRx="0" />
<p fId="2" fbTx="0.02809924" lbTx="0.02814772" tId="0" fbRx="0.02815428" lbRx="0" />
<p fId="2" fbTx="0.02809924" lbTx="0.02814772" tId="0" fbRx="0.02815428" lbRx="0" />
<p fId="2" fbTx="0.02809924" lbTx="0.02814772" tId="1" fbRx="0.02815428" lbRx="0" />
<p fId="2" fbTx="0.02815468" lbTx="0.02820316" tId="0" fbRx="0.02820972" lbRx="0" />
<p fId="2" fbTx="0.02815468" lbTx="0.02820316" tId="0" fbRx="0.02820972" lbRx="0" />
<p fId="2" fbTx="0.02815468" lbTx="0.02820316" tId="1" fbRx="0.02820972" lbRx="0" />
<p fId="2" fbTx="0.02821312" lbTx="0.0282616" tId="0" fbRx="0.02826816" lbRx="0" />
<p fId="2" fbTx="0.02821312" lbTx="0.0282616" tId="0" fbRx="0.02826816" lbRx="0" />
<p fId="2" fbTx="0.02821312" lbTx="0.0282616" tId="1" fbRx="0.02826816" lbRx="0" />
<p fId="2" fbTx="0.02827056" lbTx="0.02831904" tId="0" fbRx="0.0283256" lbRx="0" />
<p fId="2" fbTx="0.02827056" lbTx="0.02831904" tId="0" fbRx="0.0283256" lbRx="0" />
<p fId="2" fbTx="0.02827056" lbTx="0.02831904" tId="1" fbRx="0.0283256" lbRx="0" />
<p fId="2" fbTx="0.028328" lbTx="0.02837648" tId="0" fbRx="0.02838304" lbRx="0" />
<p fId="2" fbTx="0.028328" lbTx="0.02837648" tId="0" fbRx="0.02838304" lbRx="0" />
<p fId="2" fbTx="0.028328" lbTx="0.02837648" tId="1" fbRx="0.02838304" lbRx="0" />
<p fId="2" fbTx="0.02838644" lbTx="0.02843492" tId="0" fbRx="0.02844148" lbRx="0" />
<p fId="2" fbTx="0.02838644" lbTx="0.02843492" tId="0" fbRx="0.02844148" lbRx="0" />
<p fId="2" fbTx="0.02838644" lbTx="0.02843492" tId="1" fbRx="0.02844148" lbRx="0" />
<p fId="2" fbTx="0.02844188" lbTx="0.02849036" tId="0" fbRx="0.02849692" lbRx="0" />
<p fId="2" fbTx="0.02844188" lbTx="0.02849036" tId="0" fbRx="0.02849692" lbRx="0" />
<p fId="2" fbTx="0.02844188" lbTx="0.02849036" tId="1" fbRx="0.02849692" lbRx="0" />
<p fId="2" fbTx="0.02850032" lbTx="0.0285488" tId="0" fbRx="0.02855536" lbRx="0" />
<p fId="2" fbTx="0.02850032" lbTx="0.0285488" tId="0" fbRx="0.02855536" lbRx="0" />
<p fId="2" fbTx="0.02850032" lbTx="0.0285488" tId="1" fbRx="0.02855536" lbRx="0" />
<p fId="2" fbTx="0.02855776" lbTx="0.02860624" tId="0" fbRx="0.0286128" lbRx="0" />
<p fId="2" fbTx="0.02855776" lbTx="0.02860624" tId="0" fbRx="0.0286128" lbRx="0" />
<p fId="2" fbTx="0.02855776" lbTx="0.02860624" tId="1" fbRx="0.0286128" lbRx="0" />
<p fId="2" fbTx="0.0286142" lbTx="0.02866268" tId="0" fbRx="0.02866924" lbRx="0" />
<p fId="2" fbTx="0.0286142" lbTx="0.02866268" tId="0" fbRx="0.02866924" lbRx="0" />
<p fId="2" fbTx="0.0286142" lbTx="0.02866268" tId="1" fbRx="0.02866924" lbRx="0" />
<p fId="2" fbTx="0.02868164" lbTx="0.02873012" tId="0" fbRx="0.02873668" lbRx="0" />
<p fId="2" fbTx="0.02868164" lbTx="0.02873012" tId="0" fbRx="0.02873668" lbRx="0" />
<p fId="2" fbTx="0.02868164" lbTx="0.02873012" tId="1" fbRx="0.02873668" lbRx="0" />
<p fId="2" fbTx="0.02873808" lbTx="0.02878656" tId="0" fbRx="0.02879312" lbRx="0" />
<p fId="2" fbTx="0.02873808" lbTx="0.02878656" tId="0" fbRx="0.02879312" lbRx="0" />
<p fId="2" fbTx="0.02873808" lbTx="0.02878656" tId="1" fbRx="0.02879312" lbRx="0" />
<p fId="2" fbTx="0.02879452" lbTx="0.028843" tId="0" fbRx="0.02884956" lbRx="0" />
<p fId="2" fbTx="0.02879452" lbTx="0.028843" tId="0" fbRx="0.02884956" lbRx="0" />
<p fId="2" fbTx="0.02879452" lbTx="0.028843" tId="1" fbRx="0.02884956" lbRx="0" />
<p fId="2" fbTx="0.02884996" lbTx="0.02889844" tId="0" fbRx="0.028905" lbRx="0" />
<p fId="2" fbTx="0.02884996" lbTx="0.02889844" tId="0" fbRx="0.028905" lbRx="0" />
<p fId="2" fbTx="0.02884996" lbTx="0.02889844" tId="1" fbRx="0.028905" lbRx="0" />
<p fId="2" fbTx="0.0289084" lbTx="0.02895688" tId="0" fbRx="0.02896344" lbRx="0" />
<p fId="2" fbTx="0.0289084" lbTx="0.02895688" tId="0" fbRx="0.02896344" lbRx="0" />
<p fId="2" fbTx="0.0289084" lbTx="0.02895688" tId="1" fbRx="0.02896344" lbRx="0" />
<p fId="2" fbTx="0.02896484" lbTx="0.02901332" tId="0" fbRx="0.02901988" lbRx="0" />
<p fId="2" fbTx="0.02896484" lbTx="0.02901332" tId="0" fbRx="0.02901988" lbRx="0" />
<p fId="2" fbTx="0.02896484" lbTx="0.02901332" tId="1" fbRx="0.02901988" lbRx="0" />
<p fId="2" fbTx="0.02902128" lbTx="0.02906976" tId="0" fbRx="0.02907632" lbRx="0" />
<p fId="2" fbTx="0.02902128" lbTx="0.02906976" tId="0" fbRx="0.02907632" lbRx="0" />
<p fId="2" fbTx="0.02902128" lbTx="0.02906976" tId="1" fbRx="0.02907632" lbRx="0" />
<p fId="2" fbTx="0.02907672" lbTx="0.0291252" tId="0" fbRx="0.02913176" lbRx="0" />
<p fId="2" fbTx="0.02907672" lbTx="0.0291252" tId="0" fbRx="0.02913176" lbRx="0" />
<p fId="2" fbTx="0.02907672" lbTx="0.0291252" tId="1" fbRx="0.02913176" lbRx="0" />
<p fId="2" fbTx="0.02914216" lbTx="0.02919064" tId="0" fbRx="0.0291972" lbRx="0" />
<p fId="2" fbTx="0.02914216" lbTx="0.02919064" tId="0" fbRx="0.0291972" lbRx="0" />
<p fId="2" fbTx="0.02914216" lbTx="0.02919064" tId="1" fbRx="0.0291972" lbRx="0" />
<p fId="2" fbTx="0.0292006" lbTx="0.02924908" tId="0" fbRx="0.02925564" lbRx="0" />
<p fId="2" fbTx="0.0292006" lbTx="0.02924908" tId="0" fbRx="0.02925564" lbRx="0" />
<p fId="2" fbTx="0.0292006" lbTx="0.02924908" tId="1" fbRx="0.02925564" lbRx="0" />
<p fId="2" fbTx="0.02925804" lbTx="0.02930652" tId="0" fbRx="0.02931308" lbRx="0" />
<p fId="2" fbTx="0.02925804" lbTx="0.02930652" tId="0" fbRx="0.02931308" lbRx="0" />
<p fId="2" fbTx="0.02925804" lbTx="0.02930652" tId="1" fbRx="0.02931308" lbRx="0" />
<p fId="2" fbTx="0.02932048" lbTx="0.02936896" tId="0" fbRx="0.02937552" lbRx="0" />
<p fId="2" fbTx="0.02932048" lbTx="0.02936896" tId="0" fbRx="0.02937552" lbRx="0" />
<p fId="2" fbTx="0.02932048" lbTx="0.02936896" tId="1" fbRx="0.02937552" lbRx="0" />
<p fId="2" fbTx="0.02937892" lbTx="0.0294274" tId="0" fbRx="0.02943396" lbRx="0" />
<p fId="2" fbTx="0.02937892" lbTx="0.0294274" tId="0" fbRx="0.02943396" lbRx="0" />
<p fId="2" fbTx="0.02937892" lbTx="0.0294274" tId="1" fbRx="0.02943396" lbRx="0" />
<p fId="2" fbTx="0.02944236" lbTx="0.02949084" tId="0" fbRx="0.0294974" lbRx="0" />
<p fId="2" fbTx="0.02944236" lbTx="0.02949084" tId="0" fbRx="0.0294974" lbRx="0" />
<p fId="2" fbTx="0.02944236" lbTx="0.02949084" tId="1" fbRx="0.0294974" lbRx="0" />
<p fId="2" fbTx="0.0294998" lbTx="0.02954828" tId="0" fbRx="0.02955484" lbRx="0" />
<p fId="2" fbTx="0.0294998" lbTx="0.02954828" tId="0" fbRx="0.02955484" lbRx="0" />
<p fId="2" fbTx="0.0294998" lbTx="0.02954828" tId="1" fbRx="0.02955484" lbRx="0" />
<p fId="2" fbTx="0.02955724" lbTx="0.02960572" tId="0" fbRx="0.02961228" lbRx="0" />
<p fId="2" fbTx="0.02955724" lbTx="0.02960572" tId="0" fbRx="0.02961228" lbRx="0" />
<p fId="2" fbTx="0.02955724" lbTx="0.02960572" tId="1" fbRx="0.02961228" lbRx="0" />
<p fId="2" fbTx="0.02961468" lbTx="0.02966316" tId="0" fbRx="0.02966972" lbRx="0" />
<p fId="2" fbTx="0.02961468" lbTx="0.02966316" tId="0" fbRx="0.02966972" lbRx="0" />
<p fId="2" fbTx="0.02961468" lbTx="0.02966316" tId="1" fbRx="0.02966972" lbRx="0" />
<p fId="2" fbTx="0.02967112" lbTx="0.0297196" tId="0" fbRx="0.02972616" lbRx="0" />
<p fId="2" fbTx="0.02967112" lbTx="0.0297196" tId="0" fbRx="0.02972616" lbRx="0" />
<p fId="2" fbTx="0.02967112" lbTx="0.0297196" tId="1" fbRx="0.02972616" lbRx="0" />
<p fId="2" fbTx="0.02972956" lbTx="0.02977804" tId="0" fbRx="0.0297846" lbRx="0" />
<p fId="2" fbTx="0.02972956" lbTx="0.02977804" tId="0" fbRx="0.0297846" lbRx="0" />
<p fId="2" fbTx="0.02972956" lbTx="0.02977804" tId="1" fbRx="0.0297846" lbRx="0" />
<p fId="2" fbTx="0.029797" lbTx="0.02984548" tId="0" fbRx="0.02985204" lbRx="0" />
<p fId="2" fbTx="0.029797" lbTx="0.02984548" tId="0" fbRx="0.02985204" lbRx="0" />
<p fId="2" fbTx="0.029797" lbTx="0.02984548" tId="1" fbRx="0.02985204" lbRx="0" />
<p fId="2" fbTx="0.02985244" lbTx="0.02990092" tId="0" fbRx="0.02990748" lbRx="0" />
<p fId="2" fbTx="0.02985244" lbTx="0.02990092" tId="0" fbRx="0.02990748" lbRx="0" />
<p fId="2" fbTx="0.02985244" lbTx="0.02990092" tId="1" fbRx="0.02990748" lbRx="0" />
<p fId="2" fbTx="0.02990788" lbTx="0.02995636" tId="0" fbRx="0.02996292" lbRx="0" />
<p fId="2" fbTx="0.02990788" lbTx="0.02995636" tId="0" fbRx="0.02996292" lbRx="0" />
<p fId="2" fbTx="0.02990788" lbTx="0.02995636" tId="1" fbRx="0.02996292" lbRx="0" />
<p fId="2" fbTx="0.02996832" lbTx="0.0300168" tId="0" fbRx="0.03002336" lbRx="0" />
<p fId="2" fbTx="0.02996832" lbTx="0.0300168" tId="0" fbRx="0.03002336" lbRx="0" />
<p fId="2" fbTx="0.02996832" lbTx="0.0300168" tId="1" fbRx="0.03002336" lbRx="0" />
<p fId="2" fbTx="0.03002576" lbTx="0.03007424" tId="0" fbRx="0.0300808" lbRx="0" />
<p fId="2" fbTx="0.03002576" lbTx="0.03007424" tId="0" fbRx="0.0300808" lbRx="0" />
<p fId="2" fbTx="0.03002576" lbTx="0.03007424" tId="1" fbRx="0.0300808" lbRx="0" />
<p fId="2" fbTx="0.0300812" lbTx="0.03012968" tId="0" fbRx="0.03013624" lbRx="0" />
<p fId="2" fbTx="0.0300812" lbTx="0.03012968" tId="0" fbRx="0.03013624" lbRx="0" />
<p fId="2" fbTx="0.0300812" lbTx="0.03012968" tId="1" fbRx="0.03013624" lbRx="0" />
<p fId="2" fbTx="0.03014864" lbTx="0.03019712" tId="0" fbRx="0.03020368" lbRx="0" />
<p fId="2" fbTx="0.03014864" lbTx="0.03019712" tId="0" fbRx="0.03020368" lbRx="0" />
<p fId="2" fbTx="0.03014864" lbTx="0.03019712" tId="1" fbRx="0.03020368" lbRx="0" />
<p fId="2" fbTx="0.03020708" lbTx="0.03025556" tId="0" fbRx="0.03026212" lbRx="0" />
<p fId="2" fbTx="0.03020708" lbTx="0.03025556" tId="0" fbRx="0.03026212" lbRx="0" />
<p fId="2" fbTx="0.03020708" lbTx="0.03025556" tId="1" fbRx="0.03026212" lbRx="0" />
<p fId="2" fbTx="0.03027352" lbTx="0.03031224" tId="0" fbRx="0.0303188" lbRx="0" />
<p fId="2" fbTx="0.03027352" lbTx="0.03031224" tId="0" fbRx="0.0303188" lbRx="0" />
<p fId="2" fbTx="0.03027352" lbTx="0.03031224" tId="1" fbRx="0.0303188" lbRx="0" />
<p fId="0" fbTx="0.03076368" lbTx="0.03076928" tId="1" fbRx="0.03077584" lbRx="0" />
<p fId="0" fbTx="0.03076368" lbTx="0.03076928" tId="2" fbRx="0.03077584" lbRx="0" />
<p fId="0" fbTx="0.03076368" lbTx="0.03076928" tId="2" fbRx="0.03077584" lbRx="0" />
<p fId="0" fbTx="0.03080324" lbTx="0.03080884" tId="1" fbRx="0.0308154" lbRx="0" />
<p fId="0" fbTx="0.03080324" lbTx="0.03080884" tId="2" fbRx="0.0308154" lbRx="0" />
<p fId="0" fbTx="0.03080324" lbTx="0.03080884" tId="2" fbRx="0.0308154" lbRx="0" />
<p fId="0" fbTx="0.0308248" lbTx="0.0308304" tId="1" fbRx="0.03083696" lbRx="0" />
<p fId="0" fbTx="0.0308248" lbTx="0.0308304" tId="2" fbRx="0.03083696" lbRx="0" />
<p fId="0" fbTx="0.0308248" lbTx="0.0308304" tId="2" fbRx="0.03083696" lbRx="0" />
<p fId="0" fbTx="0.03084536" lbTx="0.03085096" tId="1" fbRx="0.03085752" lbRx="0" />
<p fId="0" fbTx="0.03084536" lbTx="0.03085096" tId="2" fbRx="0.03085752" lbRx="0" />
<p fId="0" fbTx="0.03084536" lbTx="0.03085096" tId="2" fbRx="0.03085752" lbRx="0" />
<p fId="0" fbTx="0.03085892" lbTx="0.03086452" tId="1" fbRx="0.03087108" lbRx="0" />
<p fId="0" fbTx="0.03085892" lbTx="0.03086452" tId="2" fbRx="0.03087108" lbRx="0" />
<p fId="0" fbTx="0.03085892" lbTx="0.03086452" tId="2" fbRx="0.03087108" lbRx="0" />
<p fId="0" fbTx="0.03087548" lbTx="0.03088108" tId="1" fbRx="0.03088764" lbRx="0" />
<p fId="0" fbTx="0.03087548" lbTx="0.03088108" tId="2" fbRx="0.03088764" lbRx="0" />
<p fId="0" fbTx="0.03087548" lbTx="0.03088108" tId="2" fbRx="0.03088764" lbRx="0" />
<p fId="0" fbTx="0.03088904" lbTx="0.03089464" tId="1" fbRx="0.0309012" lbRx="0" />
<p fId="0" fbTx="0.03088904" lbTx="0.03089464" tId="2" fbRx="0.0309012" lbRx="0" />
<p fId="0" fbTx="0.03088904" lbTx="0.03089464" tId="2" fbRx="0.0309012" lbRx="0" />
<p fId="0" fbTx="0.0309116" lbTx="0.0309172" tId="1" fbRx="0.03092376" lbRx="0" />
<p fId="0" fbTx="0.0309116" lbTx="0.0309172" tId="2" fbRx="0.03092376" lbRx="0" />
<p fId="0" fbTx="0.0309116" lbTx="0.0309172" tId="2" fbRx="0.03092376" lbRx="0" />
<p fId="0" fbTx="0.03092416" lbTx="0.03092976" tId="1" fbRx="0.03093632" lbRx="0" />
<p fId="0" fbTx="0.03092416" lbTx="0.03092976" tId="2" fbRx="0.03093632" lbRx="0" />
<p fId="0" fbTx="0.03092416" lbTx="0.03092976" tId="2" fbRx="0.03093632" lbRx="0" />
<p fId="0" fbTx="0.03093672" lbTx="0.03094232" tId="1" fbRx="0.03094888" lbRx="0" />
<p fId="0" fbTx="0.03093672" lbTx="0.03094232" tId="2" fbRx="0.03094888" lbRx="0" />
<p fId="0" fbTx="0.03093672" lbTx="0.03094232" tId="2" fbRx="0.03094888" lbRx="0" />
<p fId="0" fbTx="0.03095328" lbTx="0.03095888" tId="1" fbRx="0.03096544" lbRx="0" />
<p fId="0" fbTx="0.03095328" lbTx="0.03095888" tId="2" fbRx="0.03096544" lbRx="0" />
<p fId="0" fbTx="0.03095328" lbTx="0.03095888" tId="2" fbRx="0.03096544" lbRx="0" />
<p fId="0" fbTx="0.03096584" lbTx="0.03097144" tId="1" fbRx="0.030978" lbRx="0" />
<p fId="0" fbTx="0.03096584" lbTx="0.03097144" tId="2" fbRx="0.030978" lbRx="0" />
<p fId="0" fbTx="0.03096584" lbTx="0.03097144" tId="2" fbRx="0.030978" lbRx="0" />
<p fId="0" fbTx="0.0309894" lbTx="0.030995" tId="1" fbRx="0.03100156" lbRx="0" />
<p fId="0" fbTx="0.0309894" lbTx="0.030995" tId="2" fbRx="0.03100156" lbRx="0" />
<p fId="0" fbTx="0.0309894" lbTx="0.030995" tId="2" fbRx="0.03100156" lbRx="0" />
<p fId="0" fbTx="0.03100496" lbTx="0.03101056" tId="1" fbRx="0.03101712" lbRx="0" />
<p fId="0" fbTx="0.03100496" lbTx="0.03101056" tId="2" fbRx="0.03101712" lbRx="0" />
<p fId="0" fbTx="0.03100496" lbTx="0.03101056" tId="2" fbRx="0.03101712" lbRx="0" />
<p fId="0" fbTx="0.03101852" lbTx="0.03102412" tId="1" fbRx="0.03103068" lbRx="0" />
<p fId="0" fbTx="0.03101852" lbTx="0.03102412" tId="2" fbRx="0.03103068" lbRx="0" />
<p fId="0" fbTx="0.03101852" lbTx="0.03102412" tId="2" fbRx="0.03103068" lbRx="0" />
<p fId="0" fbTx="0.03103508" lbTx="0.03104068" tId="1" fbRx="0.03104724" lbRx="0" />
<p fId="0" fbTx="0.03103508" lbTx="0.03104068" tId="2" fbRx="0.03104724" lbRx="0" />
<p fId="0" fbTx="0.03103508" lbTx="0.03104068" tId="2" fbRx="0.03104724" lbRx="0" />
<p fId="0" fbTx="0.03104764" lbTx="0.03105324" tId="1" fbRx="0.0310598" lbRx="0" />
<p fId="0" fbTx="0.03104764" lbTx="0.03105324" tId="2" fbRx="0.0310598" lbRx="0" />
<p fId="0" fbTx="0.03104764" lbTx="0.03105324" tId="2" fbRx="0.0310598" lbRx="0" />
<p fId="0" fbTx="0.0310612" lbTx="0.0310668" tId="1" fbRx="0.03107336" lbRx="0" />
<p fId="0" fbTx="0.0310612" lbTx="0.0310668" tId="2" fbRx="0.03107336" lbRx="0" />
<p fId="0" fbTx="0.0310612" lbTx="0.0310668" tId="2" fbRx="0.03107336" lbRx="0" />
<p fId="0" fbTx="0.03108276" lbTx="0.03108836" tId="1" fbRx="0.03109492" lbRx="0" />
<p fId="0" fbTx="0.03108276" lbTx="0.03108836" tId="2" fbRx="0.03109492" lbRx="0" />
<p fId="0" fbTx="0.03108276" lbTx="0.03108836" tId="2" fbRx="0.03109492" lbRx="0" />
<p fId="0" fbTx="0.03109532" lbTx="0.03110092" tId="1" fbRx="0.03110748" lbRx="0" />
<p fId="0" fbTx="0.03109532" lbTx="0.03110092" tId="2" fbRx="0.03110748" lbRx="0" />
<p fId="0" fbTx="0.03109532" lbTx="0.03110092" tId="2" fbRx="0.03110748" lbRx="0" />
<p fId="0" fbTx="0.03110888" lbTx="0.03111448" tId="1" fbRx="0.03112104" lbRx="0" />
<p fId="0" fbTx="0.03110888" lbTx="0.03111448" tId="2" fbRx="0.03112104" lbRx="0" />
<p fId="0" fbTx="0.03110888" lbTx="0.03111448" tId="2" fbRx="0.03112104" lbRx="0" />
<p fId="0" fbTx="0.03112444" lbTx="0.03113004" tId="1" fbRx="0.0311366" lbRx="0" />
<p fId="0" fbTx="0.03112444" lbTx="0.03113004" tId="2" fbRx="0.0311366" lbRx="0" />
<p fId="0" fbTx="0.03112444" lbTx="0.03113004" tId="2" fbRx="0.0311366" lbRx="0" />
<p fId="0" fbTx="0.031144" lbTx="0.0311496" tId="1" fbRx="0.03115616" lbRx="0" />
<p fId="0" fbTx="0.031144" lbTx="0.0311496" tId="2" fbRx="0.03115616" lbRx="0" />
<p fId="0" fbTx="0.031144" lbTx="0.0311496" tId="2" fbRx="0.03115616" lbRx="0" />
<p fId="0" fbTx="0.03115956" lbTx="0.03116516" tId="1" fbRx="0.03117172" lbRx="0" />
<p fId="0" fbTx="0.03115956" lbTx="0.03116516" tId="2" fbRx="0.03117172" lbRx="0" />
<p fId="0" fbTx="0.03115956" lbTx="0.03116516" tId="2" fbRx="0.03117172" lbRx="0" />
<p fId="0" fbTx="0.03117512" lbTx="0.03118072" tId="1" fbRx="0.03118728" lbRx="0" />
<p fId="0" fbTx="0.03117512" lbTx="0.03118072" tId="2" fbRx="0.03118728" lbRx="0" />
<p fId="0" fbTx="0.03117512" lbTx="0.03118072" tId="2" fbRx="0.03118728" lbRx="0" />
<p fId="0" fbTx="0.03118868" lbTx="0.03119428" tId="1" fbRx="0.03120084" lbRx="0" />
<p fId="0" fbTx="0.03118868" lbTx="0.03119428" tId="2" fbRx="0.03120084" lbRx="0" />
<p fId="0" fbTx="0.03118868" lbTx="0.03119428" tId="2" fbRx="0.03120084" lbRx="0" />
<p fId="0" fbTx="0.03120324" lbTx="0.03120884" tId="1" fbRx="0.0312154" lbRx="0" />
<p fId="0" fbTx="0.03120324" lbTx="0.03120884" tId="2" fbRx="0.0312154" lbRx="0" />
<p fId="0" fbTx="0.03120324" lbTx="0.03120884" tId="2" fbRx="0.0312154" lbRx="0" />
<p fId="1" fbTx="9.64700333" lbTx="9.64703693" tId="0" fbRx="9.64704349" lbRx="0" />
<p fId="1" fbTx="9.64700333" lbTx="9.64703693" tId="2" fbRx="9.64704349" lbRx="0" />
<p fId="1" fbTx="9.64700333" lbTx="9.64703693" tId="2" fbRx="9.64704349" lbRx="0" />
<p fId="2" fbTx="9.647043491" lbTx="9.647091971" tId="0" fbRx="9.647098531" lbRx="0" />
<p fId="2" fbTx="9.647043491" lbTx="9.647091971" tId="1" fbRx="9.647098531" lbRx="0" />
<p fId="2" fbTx="9.647043491" lbTx="9.647091971" tId="1" fbRx="9.647098531" lbRx="0" />
<p fId="2" fbTx="9.647099931" lbTx="9.647148411" tId="0" fbRx="9.647154971" lbRx="0" />
<p fId="2" fbTx="9.647099931" lbTx="9.647148411" tId="1" fbRx="9.647154971" lbRx="0" />
<p fId="2" fbTx="9.647099931" lbTx="9.647148411" tId="1" fbRx="9.647154971" lbRx="0" />
<p fId="1" fbTx="9.647155971" lbTx="9.647161571" tId="0" fbRx="9.647168131" lbRx="0" />
<p fId="1" fbTx="9.647155971" lbTx="9.647161571" tId="2" fbRx="9.647168131" lbRx="0" />
<p fId="1" fbTx="9.647155971" lbTx="9.647161571" tId="2" fbRx="9.647168131" lbRx="0" />
<p fId="2" fbTx="9.647185371" lbTx="9.647233851" tId="0" fbRx="9.647240411" lbRx="0" />
<p fId="2" fbTx="9.647185371" lbTx="9.647233851" tId="1" fbRx="9.647240411" lbRx="0" />
<p fId="2" fbTx="9.647185371" lbTx="9.647233851" tId="1" fbRx="9.647240411" lbRx="0" />
<p fId="2" fbTx="9.647243811" lbTx="9.647292291" tId="0" fbRx="9.647298851" lbRx="0" />
<p fId="2" fbTx="9.647243811" lbTx="9.647292291" tId="1" fbRx="9.647298851" lbRx="0" />
<p fId="2" fbTx="9.647243811" lbTx="9.647292291" tId="1" fbRx="9.647298851" lbRx="0" />
<p fId="1" fbTx="9.647299851" lbTx="9.647305451" tId="0" fbRx="9.647312011" lbRx="0" />
<p fId="1" fbTx="9.647299851" lbTx="9.647305451" tId="2" fbRx="9.647312011" lbRx="0" />
<p fId="1" fbTx="9.647299851" lbTx="9.647305451" tId="2" fbRx="9.647312011" lbRx="0" />
<p fId="2" fbTx="9.647326251" lbTx="9.647374731" tId="0" fbRx="9.647381291" lbRx="0" />
<p fId="2" fbTx="9.647326251" lbTx="9.647374731" tId="1" fbRx="9.647381291" lbRx="0" />
<p fId="2" fbTx="9.647326251" lbTx="9.647374731" tId="1" fbRx="9.647381291" lbRx="0" />
<p fId="2" fbTx="9.647393691" lbTx="9.647442171" tId="0" fbRx="9.647448731" lbRx="0" />
<p fId="2" fbTx="9.647393691" lbTx="9.647442171" tId="1" fbRx="9.647448731" lbRx="0" />
<p fId="2" fbTx="9.647393691" lbTx="9.647442171" tId="1" fbRx="9.647448731" lbRx="0" />
<p fId="1" fbTx="9.647449731" lbTx="9.647455331" tId="0" fbRx="9.647461891" lbRx="0" />
<p fId="1" fbTx="9.647449731" lbTx="9.647455331" tId="2" fbRx="9.647461891" lbRx="0" />
<p fId="1" fbTx="9.647449731" lbTx="9.647455331" tId="2" fbRx="9.647461891" lbRx="0" />
<p fId="2" fbTx="9.647464131" lbTx="9.647512611" tId="0" fbRx="9.647519171" lbRx="0" />
<p fId="2" fbTx="9.647464131" lbTx="9.647512611" tId="1" fbRx="9.647519171" lbRx="0" />
<p fId="2" fbTx="9.647464131" lbTx="9.647512611" tId="1" fbRx="9.647519171" lbRx="0" />
<p fId="2" fbTx="9.647520571" lbTx="9.647569051" tId="0" fbRx="9.647575611" lbRx="0" />
<p fId="2" fbTx="9.647520571" lbTx="9.647569051" tId="1" fbRx="9.647575611" lbRx="0" />
<p fId="2" fbTx="9.647520571" lbTx="9.647569051" tId="1" fbRx="9.647575611" lbRx="0" />
<p fId="2" fbTx="9.647576011" lbTx="9.647624491" tId="0" fbRx="9.647631051" lbRx="0" />
<p fId="2" fbTx="9.647576011" lbTx="9.647624491" tId="1" fbRx="9.647631051" lbRx="0" />
<p fId="2" fbTx="9.647576011" lbTx="9.647624491" tId="1" fbRx="9.647631051" lbRx="0" />
<p fId="2" fbTx="9.647633451" lbTx="9.647681931" tId="0" fbRx="9.647688491" lbRx="0" />
<p fId="2" fbTx="9.647633451" lbTx="9.647681931" tId="1" fbRx="9.647688491" lbRx="0" />
<p fId="2" fbTx="9.647633451" lbTx="9.647681931" tId="1" fbRx="9.647688491" lbRx="0" />
<p fId="2" fbTx="9.647688891" lbTx="9.647737371" tId="0" fbRx="9.647743931" lbRx="0" />
<p fId="2" fbTx="9.647688891" lbTx="9.647737371" tId="1" fbRx="9.647743931" lbRx="0" />
<p fId="2" fbTx="9.647688891" lbTx="9.647737371" tId="1" fbRx="9.647743931" lbRx="0" />
<p fId="2" fbTx="9.647745331" lbTx="9.647793811" tId="0" fbRx="9.647800371" lbRx="0" />
<p fId="2" fbTx="9.647745331" lbTx="9.647793811" tId="1" fbRx="9.647800371" lbRx="0" />
<p fId="2" fbTx="9.647745331" lbTx="9.647793811" tId="1" fbRx="9.647800371" lbRx="0" />
<p fId="2" fbTx="9.647817771" lbTx="9.647866251" tId="0" fbRx="9.647872811" lbRx="0" />
<p fId="2" fbTx="9.647817771" lbTx="9.647866251" tId="1" fbRx="9.647872811" lbRx="0" />
<p fId="2" fbTx="9.647817771" lbTx="9.647866251" tId="1" fbRx="9.647872811" lbRx="0" />
<p fId="2" fbTx="9.647883211" lbTx="9.647931691" tId="0" fbRx="9.647938251" lbRx="0" />
<p fId="2" fbTx="9.647883211" lbTx="9.647931691" tId="1" fbRx="9.647938251" lbRx="0" />
<p fId="2" fbTx="9.647883211" lbTx="9.647931691" tId="1" fbRx="9.647938251" lbRx="0" />
<p fId="2" fbTx="9.647939651" lbTx="9.647988131" tId="0" fbRx="9.647994691" lbRx="0" />
<p fId="2" fbTx="9.647939651" lbTx="9.647988131" tId="1" fbRx="9.647994691" lbRx="0" />
<p fId="2" fbTx="9.647939651" lbTx="9.647988131" tId="1" fbRx="9.647994691" lbRx="0" />
<p fId="2" fbTx="9.648005091" lbTx="9.648053571" tId="0" fbRx="9.648060131" lbRx="0" />
<p fId="2" fbTx="9.648005091" lbTx="9.648053571" tId="1" fbRx="9.648060131" lbRx="0" />
<p fId="2" fbTx="9.648005091" lbTx="9.648053571" tId="1" fbRx="9.648060131" lbRx="0" />
<p fId="2" fbTx="9.648063531" lbTx="9.648112011" tId="0" fbRx="9.648118571" lbRx="0" />
<p fId="2" fbTx="9.648063531" lbTx="9.648112011" tId="1" fbRx="9.648118571" lbRx="0" />
<p fId="2" fbTx="9.648063531" lbTx="9.648112011" tId="1" fbRx="9.648118571" lbRx="0" />
<p fId="2" fbTx="9.648119971" lbTx="9.648168451" tId="0" fbRx="9.648175011" lbRx="0" />
<p fId="2" fbTx="9.648119971" lbTx="9.648168451" tId="1" fbRx="9.648175011" lbRx="0" />
<p fId="2" fbTx="9.648119971" lbTx="9.648168451" tId="1" fbRx="9.648175011" lbRx="0" />
<p fId="1" fbTx="9.648177611" lbTx="9.648183211" tId="0" fbRx="9.648189771" lbRx="0" />
<p fId="1" fbTx="9.648177611" lbTx="9.648183211" tId="2" fbRx="9.648189771" lbRx="0" />
<p fId="1" fbTx="9.648177611" lbTx="9.648183211" tId="2" fbRx="9.648189771" lbRx="0" />
<p fId="1" fbTx="9.648198171" lbTx="9.648203771" tId="0" fbRx="9.648210331" lbRx="0" />
<p fId="1" fbTx="9.648198171" lbTx="9.648203771" tId="2" fbRx="9.648210331" lbRx="0" />
<p fId="1" fbTx="9.648198171" lbTx="9.648203771" tId="2" fbRx="9.648210331" lbRx="0" />
<p fId="1" fbTx="9.648213731" lbTx="9.648219331" tId="0" fbRx="9.648225891" lbRx="0" />
<p fId="1" fbTx="9.648213731" lbTx="9.648219331" tId="2" fbRx="9.648225891" lbRx="0" />
<p fId="1" fbTx="9.648213731" lbTx="9.648219331" tId="2" fbRx="9.648225891" lbRx="0" />
<p fId="1" fbTx="9.648226291" lbTx="9.648231891" tId="0" fbRx="9.648238451" lbRx="0" />
<p fId="1" fbTx="9.648226291" lbTx="9.648231891" tId="2" fbRx="9.648238451" lbRx="0" />
<p fId="1" fbTx="9.648226291" lbTx="9.648231891" tId="2" fbRx="9.648238451" lbRx="0" />
<p fId="1" fbTx="9.648240851" lbTx="9.648246451" tId="0" fbRx="9.648253011" lbRx="0" />
<p fId="1" fbTx="9.648240851" lbTx="9.648246451" tId="2" fbRx="9.648253011" lbRx="0" />
<p fId="1" fbTx="9.648240851" lbTx="9.648246451" tId="2" fbRx="9.648253011" lbRx="0" />
<p fId="2" fbTx="9.648253411" lbTx="9.648301891" tId="0" fbRx="9.648308451" lbRx="0" />
<p fId="2" fbTx="9.648253411" lbTx="9.648301891" tId="1" fbRx="9.648308451" lbRx="0" />
<p fId="2" fbTx="9.648253411" lbTx="9.648301891" tId="1" fbRx="9.648308451" lbRx="0" />
<p fId="2" fbTx="9.648313851" lbTx="9.648362331" tId="0" fbRx="9.648368891" lbRx="0" />
<p fId="2" fbTx="9.648313851" lbTx="9.648362331" tId="1" fbRx="9.648368891" lbRx="0" />
<p fId="2" fbTx="9.648313851" lbTx="9.648362331" tId="1" fbRx="9.648368891" lbRx="0" />
<p fId="2" fbTx="9.648369291" lbTx="9.648417771" tId="0" fbRx="9.648424331" lbRx="0" />
<p fId="2" fbTx="9.648369291" lbTx="9.648417771" tId="1" fbRx="9.648424331" lbRx="0" />
<p fId="2" fbTx="9.648369291" lbTx="9.648417771" tId="1" fbRx="9.648424331" lbRx="0" />
<p fId="2" fbTx="9.648427731" lbTx="9.648476211" tId="0" fbRx="9.648482771" lbRx="0" />
<p fId="2" fbTx="9.648427731" lbTx="9.648476211" tId="1" fbRx="9.648482771" lbRx="0" />
<p fId="2" fbTx="9.648427731" lbTx="9.648476211" tId="1" fbRx="9.648482771" lbRx="0" />
<p fId="2" fbTx="9.648506171" lbTx="9.648554651" tId="0" fbRx="9.648561211" lbRx="0" />
<p fId="2" fbTx="9.648506171" lbTx="9.648554651" tId="1" fbRx="9.648561211" lbRx="0" />
<p fId="2" fbTx="9.648506171" lbTx="9.648554651" tId="1" fbRx="9.648561211" lbRx="0" />
<p fId="2" fbTx="9.648562611" lbTx="9.648611091" tId="0" fbRx="9.648617651" lbRx="0" />
<p fId="2" fbTx="9.648562611" lbTx="9.648611091" tId="1" fbRx="9.648617651" lbRx="0" />
<p fId="2" fbTx="9.648562611" lbTx="9.648611091" tId="1" fbRx="9.648617651" lbRx="0" />
<p fId="1" fbTx="9.648624411" lbTx="9.648630011" tId="0" fbRx="9.648636571" lbRx="0" />
<p fId="1" fbTx="9.648624411" lbTx="9.648630011" tId="2" fbRx="9.648636571" lbRx="0" />
<p fId="1" fbTx="9.648624411" lbTx="9.648630011" tId="2" fbRx="9.648636571" lbRx="0" />
<p fId="1" fbTx="9.648636971" lbTx="9.648642571" tId="0" fbRx="9.648649131" lbRx="0" />
<p fId="1" fbTx="9.648636971" lbTx="9.648642571" tId="2" fbRx="9.648649131" lbRx="0" />
<p fId="1" fbTx="9.648636971" lbTx="9.648642571" tId="2" fbRx="9.648649131" lbRx="0" />
<p fId="1" fbTx="9.648649531" lbTx="9.648655131" tId="0" fbRx="9.648661691" lbRx="0" />
<p fId="1" fbTx="9.648649531" lbTx="9.648655131" tId="2" fbRx="9.648661691" lbRx="0" />
<p fId="1" fbTx="9.648649531" lbTx="9.648655131" tId="2" fbRx="9.648661691" lbRx="0" />
<p fId="1" fbTx="9.648668091" lbTx="9.648673691" tId="0" fbRx="9.648680251" lbRx="0" />
<p fId="1" fbTx="9.648668091" lbTx="9.648673691" tId="2" fbRx="9.648680251" lbRx="0" />
<p fId="1" fbTx="9.648668091" lbTx="9.648673691" tId="2" fbRx="9.648680251" lbRx="0" />
<p fId="2" fbTx="9.648780051" lbTx="9.648828531" tId="0" fbRx="9.648835091" lbRx="0" />
<p fId="2" fbTx="9.648780051" lbTx="9.648828531" tId="1" fbRx="9.648835091" lbRx="0" />
<p fId="2" fbTx="9.648780051" lbTx="9.648828531" tId="1" fbRx="9.648835091" lbRx="0" />
<p fId="2" fbTx="9.648835491" lbTx="9.648883971" tId="0" fbRx="9.648890531" lbRx="0" />
<p fId="2" fbTx="9.648835491" lbTx="9.648883971" tId="1" fbRx="9.648890531" lbRx="0" />
<p fId="2" fbTx="9.648835491" lbTx="9.648883971" tId="1" fbRx="9.648890531" lbRx="0" />
<p fId="2" fbTx="9.648890931" lbTx="9.648939411" tId="0" fbRx="9.648945971" lbRx="0" />
<p fId="2" fbTx="9.648890931" lbTx="9.648939411" tId="1" fbRx="9.648945971" lbRx="0" />
<p fId="2" fbTx="9.648890931" lbTx="9.648939411" tId="1" fbRx="9.648945971" lbRx="0" />
<p fId="2" fbTx="9.648949371" lbTx="9.648997851" tId="0" fbRx="9.649004411" lbRx="0" />
<p fId="2" fbTx="9.648949371" lbTx="9.648997851" tId="1" fbRx="9.649004411" lbRx="0" />
<p fId="2" fbTx="9.648949371" lbTx="9.648997851" tId="1" fbRx="9.649004411" lbRx="0" />
<p fId="2" fbTx="9.649005811" lbTx="9.649054291" tId="0" fbRx="9.649060851" lbRx="0" />
<p fId="2" fbTx="9.649005811" lbTx="9.649054291" tId="1" fbRx="9.649060851" lbRx="0" />
<p fId="2" fbTx="9.649005811" lbTx="9.649054291" tId="1" fbRx="9.649060851" lbRx="0" />
<p fId="2" fbTx="9.649070251" lbTx="9.649118731" tId="0" fbRx="9.649125291" lbRx="0" />
<p fId="2" fbTx="9.649070251" lbTx="9.649118731" tId="1" fbRx="9.649125291" lbRx="0" />
<p fId="2" fbTx="9.649070251" lbTx="9.649118731" tId="1" fbRx="9.649125291" lbRx="0" />
<p fId="2" fbTx="9.649126691" lbTx="9.649175171" tId="0" fbRx="9.649181731" lbRx="0" />
<p fId="2" fbTx="9.649126691" lbTx="9.649175171" tId="1" fbRx="9.649181731" lbRx="0" />
<p fId="2" fbTx="9.649126691" lbTx="9.649175171" tId="1" fbRx="9.649181731" lbRx="0" />
<p fId="2" fbTx="9.649184131" lbTx="9.649232611" tId="0" fbRx="9.649239171" lbRx="0" />
<p fId="2" fbTx="9.649184131" lbTx="9.649232611" tId="1" fbRx="9.649239171" lbRx="0" />
<p fId="2" fbTx="9.649184131" lbTx="9.649232611" tId="1" fbRx="9.649239171" lbRx="0" />
<p fId="2" fbTx="9.649242571" lbTx="9.649291051" tId="0" fbRx="9.649297611" lbRx="0" />
<p fId="2" fbTx="9.649242571" lbTx="9.649291051" tId="1" fbRx="9.649297611" lbRx="0" />
<p fId="2" fbTx="9.649242571" lbTx="9.649291051" tId="1" fbRx="9.649297611" lbRx="0" />
<p fId="2" fbTx="9.649307011" lbTx="9.649355491" tId="0" fbRx="9.649362051" lbRx="0" />
<p fId="2" fbTx="9.649307011" lbTx="9.649355491" tId="1" fbRx="9.649362051" lbRx="0" />
<p fId="2" fbTx="9.649307011" lbTx="9.649355491" tId="1" fbRx="9.649362051" lbRx="0" />
<p fId="2" fbTx="9.649365451" lbTx="9.649413931" tId="0" fbRx="9.649420491" lbRx="0" />
<p fId="2" fbTx="9.649365451" lbTx="9.649413931" tId="1" fbRx="9.649420491" lbRx="0" />
<p fId="2" fbTx="9.649365451" lbTx="9.649413931" tId="1" fbRx="9.649420491" lbRx="0" />
<p fId="2" fbTx="9.649422891" lbTx="9.649471371" tId="0" fbRx="9.649477931" lbRx="0" />
<p fId="2" fbTx="9.649422891" lbTx="9.649471371" tId="1" fbRx="9.649477931" lbRx="0" />
<p fId="2" fbTx="9.649422891" lbTx="9.649471371" tId="1" fbRx="9.649477931" lbRx="0" />
<p fId="2" fbTx="9.649480331" lbTx="9.649528811" tId="0" fbRx="9.649535371" lbRx="0" />
<p fId="2" fbTx="9.649480331" lbTx="9.649528811" tId="1" fbRx="9.649535371" lbRx="0" />
<p fId="2" fbTx="9.649480331" lbTx="9.649528811" tId="1" fbRx="9.649535371" lbRx="0" />
<p fId="2" fbTx="9.649536771" lbTx="9.649585251" tId="0" fbRx="9.649591811" lbRx="0" />
<p fId="2" fbTx="9.649536771" lbTx="9.649585251" tId="1" fbRx="9.649591811" lbRx="0" />
<p fId="2" fbTx="9.649536771" lbTx="9.649585251" tId="1" fbRx="9.649591811" lbRx="0" />
<p fId="2" fbTx="9.649595211" lbTx="9.649643691" tId="0" fbRx="9.649650251" lbRx="0" />
<p fId="2" fbTx="9.649595211" lbTx="9.649643691" tId="1" fbRx="9.649650251" lbRx="0" />
<p fId="2" fbTx="9.649595211" lbTx="9.649643691" tId="1" fbRx="9.649650251" lbRx="0" />
<p fId="2" fbTx="9.649651651" lbTx="9.649700131" tId="0" fbRx="9.649706691" lbRx="0" />
<p fId="2" fbTx="9.649651651" lbTx="9.649700131" tId="1" fbRx="9.649706691" lbRx="0" />
<p fId="2" fbTx="9.649651651" lbTx="9.649700131" tId="1" fbRx="9.649706691" lbRx="0" />
<p fId="2" fbTx="9.649707091" lbTx="9.649755571" tId="0" fbRx="9.649762131" lbRx="0" />
<p fId="2" fbTx="9.649707091" lbTx="9.649755571" tId="1" fbRx="9.649762131" lbRx="0" />
<p fId="2" fbTx="9.649707091" lbTx="9.649755571" tId="1" fbRx="9.649762131" lbRx="0" />
<p fId="2" fbTx="9.649772531" lbTx="9.649821011" tId="0" fbRx="9.649827571" lbRx="0" />
<p fId="2" fbTx="9.649772531" lbTx="9.649821011" tId="1" fbRx="9.649827571" lbRx="0" />
<p fId="2" fbTx="9.649772531" lbTx="9.649821011" tId="1" fbRx="9.649827571" lbRx="0" />
<p fId="2" fbTx="9.649828971" lbTx="9.649877451" tId="0" fbRx="9.649884011" lbRx="0" />
<p fId="2" fbTx="9.649828971" lbTx="9.649877451" tId="1" fbRx="9.649884011" lbRx="0" />
<p fId="2" fbTx="9.649828971" lbTx="9.649877451" tId="1" fbRx="9.649884011" lbRx="0" />
<p fId="2" fbTx="9.649894411" lbTx="9.649942891" tId="0" fbRx="9.649949451" lbRx="0" />
<p fId="2" fbTx="9.649894411" lbTx="9.649942891" tId="1" fbRx="9.649949451" lbRx="0" />
<p fId="2" fbTx="9.649894411" lbTx="9.649942891" tId="1" fbRx="9.649949451" lbRx="0" />
<p fId="2" fbTx="9.649951851" lbTx="9.650000331" tId="0" fbRx="9.650006891" lbRx="0" />
<p fId="2" fbTx="9.649951851" lbTx="9.650000331" tId="1" fbRx="9.650006891" lbRx="0" />
<p fId="2" fbTx="9.649951851" lbTx="9.650000331" tId="1" fbRx="9.650006891" lbRx="0" />
<p fId="2" fbTx="9.650015291" lbTx="9.650063771" tId="0" fbRx="9.650070331" lbRx="0" />
<p fId="2" fbTx="9.650015291" lbTx="9.650063771" tId="1" fbRx="9.650070331" lbRx="0" />
<p fId="2" fbTx="9.650015291" lbTx="9.650063771" tId="1" fbRx="9.650070331" lbRx="0" />
<p fId="2" fbTx="9.650073731" lbTx="9.650122211" tId="0" fbRx="9.650128771" lbRx="0" />
<p fId="2" fbTx="9.650073731" lbTx="9.650122211" tId="1" fbRx="9.650128771" lbRx="0" />
<p fId="2" fbTx="9.650073731" lbTx="9.650122211" tId="1" fbRx="9.650128771" lbRx="0" />
<p fId="2" fbTx="9.650130171" lbTx="9.650178651" tId="0" fbRx="9.650185211" lbRx="0" />
<p fId="2" fbTx="9.650130171" lbTx="9.650178651" tId="1" fbRx="9.650185211" lbRx="0" />
<p fId="2" fbTx="9.650130171" lbTx="9.650178651" tId="1" fbRx="9.650185211" lbRx="0" />
<p fId="2" fbTx="9.650191611" lbTx="9.650240091" tId="0" fbRx="9.650246651" lbRx="0" />
<p fId="2" fbTx="9.650191611" lbTx="9.650240091" tId="1" fbRx="9.650246651" lbRx="0" />
<p fId="2" fbTx="9.650191611" lbTx="9.650240091" tId="1" fbRx="9.650246651" lbRx="0" />
<p fId="2" fbTx="9.650250051" lbTx="9.650298531" tId="0" fbRx="9.650305091" lbRx="0" />
<p fId="2" fbTx="9.650250051" lbTx="9.650298531" tId="1" fbRx="9.650305091" lbRx="0" />
<p fId="2" fbTx="9.650250051" lbTx="9.650298531" tId="1" fbRx="9.650305091" lbRx="0" />
<p fId="2" fbTx="9.650311491" lbTx="9.650359971" tId="0" fbRx="9.650366531" lbRx="0" />
<p fId="2" fbTx="9.650311491" lbTx="9.650359971" tId="1" fbRx="9.650366531" lbRx="0" />
<p fId="2" fbTx="9.650311491" lbTx="9.650359971" tId="1" fbRx="9.650366531" lbRx="0" />
<p fId="2" fbTx="9.650376931" lbTx="9.650425411" tId="0" fbRx="9.650431971" lbRx="0" />
<p fId="2" fbTx="9.650376931" lbTx="9.650425411" tId="1" fbRx="9.650431971" lbRx="0" />
<p fId="2" fbTx="9.650376931" lbTx="9.650425411" tId="1" fbRx="9.650431971" lbRx="0" />
<p fId="2" fbTx="9.650442371" lbTx="9.650490851" tId="0" fbRx="9.650497411" lbRx="0" />
<p fId="2" fbTx="9.650442371" lbTx="9.650490851" tId="1" fbRx="9.650497411" lbRx="0" />
<p fId="2" fbTx="9.650442371" lbTx="9.650490851" tId="1" fbRx="9.650497411" lbRx="0" />
<p fId="2" fbTx="9.650498811" lbTx="9.650547291" tId="0" fbRx="9.650553851" lbRx="0" />
<p fId="2" fbTx="9.650498811" lbTx="9.650547291" tId="1" fbRx="9.650553851" lbRx="0" />
<p fId="2" fbTx="9.650498811" lbTx="9.650547291" tId="1" fbRx="9.650553851" lbRx="0" />
<p fId="2" fbTx="9.650554251" lbTx="9.650602731" tId="0" fbRx="9.650609291" lbRx="0" />
<p fId="2" fbTx="9.650554251" lbTx="9.650602731" tId="1" fbRx="9.650609291" lbRx="0" />
<p fId="2" fbTx="9.650554251" lbTx="9.650602731" tId="1" fbRx="9.650609291" lbRx="0" />
<p fId="2" fbTx="9.650612691" lbTx="9.650661171" tId="0" fbRx="9.650667731" lbRx="0" />
<p fId="2" fbTx="9.650612691" lbTx="9.650661171" tId="1" fbRx="9.650667731" lbRx="0" />
<p fId="2" fbTx="9.650612691" lbTx="9.650661171" tId="1" fbRx="9.650667731" lbRx="0" />
<p fId="2" fbTx="9.650670131" lbTx="9.650718611" tId="0" fbRx="9.650725171" lbRx="0" />
<p fId="2" fbTx="9.650670131" lbTx="9.650718611" tId="1" fbRx="9.650725171" lbRx="0" />
<p fId="2" fbTx="9.650670131" lbTx="9.650718611" tId="1" fbRx="9.650725171" lbRx="0" />
<p fId="2" fbTx="9.650726571" lbTx="9.650775051" tId="0" fbRx="9.650781611" lbRx="0" />
<p fId="2" fbTx="9.650726571" lbTx="9.650775051" tId="1" fbRx="9.650781611" lbRx="0" />
<p fId="2" fbTx="9.650726571" lbTx="9.650775051" tId="1" fbRx="9.650781611" lbRx="0" />
<p fId="2" fbTx="9.650782011" lbTx="9.650830491" tId="0" fbRx="9.650837051" lbRx="0" />
<p fId="2" fbTx="9.650782011" lbTx="9.650830491" tId="1" fbRx="9.650837051" lbRx="0" />
<p fId="2" fbTx="9.650782011" lbTx="9.650830491" tId="1" fbRx="9.650837051" lbRx="0" />
<p fId="2" fbTx="9.650844451" lbTx="9.650892931" tId="0" fbRx="9.650899491" lbRx="0" />
<p fId="2" fbTx="9.650844451" lbTx="9.650892931" tId="1" fbRx="9.650899491" lbRx="0" />
<p fId="2" fbTx="9.650844451" lbTx="9.650892931" tId="1" fbRx="9.650899491" lbRx="0" />
<p fId="2" fbTx="9.650900891" lbTx="9.650949371" tId="0" fbRx="9.650955931" lbRx="0" />
<p fId="2" fbTx="9.650900891" lbTx="9.650949371" tId="1" fbRx="9.650955931" lbRx="0" />
<p fId="2" fbTx="9.650900891" lbTx="9.650949371" tId="1" fbRx="9.650955931" lbRx="0" />
<p fId="2" fbTx="9.650965331" lbTx="9.651013811" tId="0" fbRx="9.651020371" lbRx="0" />
<p fId="2" fbTx="9.650965331" lbTx="9.651013811" tId="1" fbRx="9.651020371" lbRx="0" />
<p fId="2" fbTx="9.650965331" lbTx="9.651013811" tId="1" fbRx="9.651020371" lbRx="0" />
<p fId="2" fbTx="9.651037771" lbTx="9.651086251" tId="0" fbRx="9.651092811" lbRx="0" />
<p fId="2" fbTx="9.651037771" lbTx="9.651086251" tId="1" fbRx="9.651092811" lbRx="0" />
<p fId="2" fbTx="9.651037771" lbTx="9.651086251" tId="1" fbRx="9.651092811" lbRx="0" />
<p fId="2" fbTx="9.651095211" lbTx="9.651143691" tId="0" fbRx="9.651150251" lbRx="0" />
<p fId="2" fbTx="9.651095211" lbTx="9.651143691" tId="1" fbRx="9.651150251" lbRx="0" />
<p fId="2" fbTx="9.651095211" lbTx="9.651143691" tId="1" fbRx="9.651150251" lbRx="0" />
<p fId="2" fbTx="9.651156651" lbTx="9.651205131" tId="0" fbRx="9.651211691" lbRx="0" />
<p fId="2" fbTx="9.651156651" lbTx="9.651205131" tId="1" fbRx="9.651211691" lbRx="0" />
<p fId="2" fbTx="9.651156651" lbTx="9.651205131" tId="1" fbRx="9.651211691" lbRx="0" />
<p fId="2" fbTx="9.651212091" lbTx="9.651260571" tId="0" fbRx="9.651267131" lbRx="0" />
<p fId="2" fbTx="9.651212091" lbTx="9.651260571" tId="1" fbRx="9.651267131" lbRx="0" />
<p fId="2" fbTx="9.651212091" lbTx="9.651260571" tId="1" fbRx="9.651267131" lbRx="0" />
<p fId="2" fbTx="9.651268531" lbTx="9.651317011" tId="0" fbRx="9.651323571" lbRx="0" />
<p fId="2" fbTx="9.651268531" lbTx="9.651317011" tId="1" fbRx="9.651323571" lbRx="0" />
<p fId="2" fbTx="9.651268531" lbTx="9.651317011" tId="1" fbRx="9.651323571" lbRx="0" />
<p fId="2" fbTx="9.651326971" lbTx="9.651375451" tId="0" fbRx="9.651382011" lbRx="0" />
<p fId="2" fbTx="9.651326971" lbTx="9.651375451" tId="1" fbRx="9.651382011" lbRx="0" />
<p fId="2" fbTx="9.651326971" lbTx="9.651375451" tId="1" fbRx="9.651382011" lbRx="0" />
<p fId="2" fbTx="9.651383411" lbTx="9.651431891" tId="0" fbRx="9.651438451" lbRx="0" />
<p fId="2" fbTx="9.651383411" lbTx="9.651431891" tId="1" fbRx="9.651438451" lbRx="0" />
<p fId="2" fbTx="9.651383411" lbTx="9.651431891" tId="1" fbRx="9.651438451" lbRx="0" />
<p fId="2" fbTx="9.651441851" lbTx="9.651490331" tId="0" fbRx="9.651496891" lbRx="0" />
<p fId="2" fbTx="9.651441851" lbTx="9.651490331" tId="1" fbRx="9.651496891" lbRx="0" />
<p fId="2" fbTx="9.651441851" lbTx="9.651490331" tId="1" fbRx="9.651496891" lbRx="0" />
<p fId="2" fbTx="9.651498291" lbTx="9.651546771" tId="0" fbRx="9.651553331" lbRx="0" />
<p fId="2" fbTx="9.651498291" lbTx="9.651546771" tId="1" fbRx="9.651553331" lbRx="0" />
<p fId="2" fbTx="9.651498291" lbTx="9.651546771" tId="1" fbRx="9.651553331" lbRx="0" />
<p fId="2" fbTx="9.651554731" lbTx="9.651603211" tId="0" fbRx="9.651609771" lbRx="0" />
<p fId="2" fbTx="9.651554731" lbTx="9.651603211" tId="1" fbRx="9.651609771" lbRx="0" />
<p fId="2" fbTx="9.651554731" lbTx="9.651603211" tId="1" fbRx="9.651609771" lbRx="0" />
<p fId="2" fbTx="9.651611171" lbTx="9.651659651" tId="0" fbRx="9.651666211" lbRx="0" />
<p fId="2" fbTx="9.651611171" lbTx="9.651659651" tId="1" fbRx="9.651666211" lbRx="0" />
<p fId="2" fbTx="9.651611171" lbTx="9.651659651" tId="1" fbRx="9.651666211" lbRx="0" />
<p fId="2" fbTx="9.651673611" lbTx="9.651722091" tId="0" fbRx="9.651728651" lbRx="0" />
<p fId="2" fbTx="9.651673611" lbTx="9.651722091" tId="1" fbRx="9.651728651" lbRx="0" />
<p fId="2" fbTx="9.651673611" lbTx="9.651722091" tId="1" fbRx="9.651728651" lbRx="0" />
<p fId="2" fbTx="9.651739051" lbTx="9.651787531" tId="0" fbRx="9.651794091" lbRx="0" />
<p fId="2" fbTx="9.651739051" lbTx="9.651787531" tId="1" fbRx="9.651794091" lbRx="0" />
<p fId="2" fbTx="9.651739051" lbTx="9.651787531" tId="1" fbRx="9.651794091" lbRx="0" />
<p fId="2" fbTx="9.651797491" lbTx="9.651845971" tId="0" fbRx="9.651852531" lbRx="0" />
<p fId="2" fbTx="9.651797491" lbTx="9.651845971" tId="1" fbRx="9.651852531" lbRx="0" />
<p fId="2" fbTx="9.651797491" lbTx="9.651845971" tId="1" fbRx="9.651852531" lbRx="0" />
<p fId="2" fbTx="9.651855931" lbTx="9.651904411" tId="0" fbRx="9.651910971" lbRx="0" />
<p fId="2" fbTx="9.651855931" lbTx="9.651904411" tId="1" fbRx="9.651910971" lbRx="0" />
<p fId="2" fbTx="9.651855931" lbTx="9.651904411" tId="1" fbRx="9.651910971" lbRx="0" />
<p fId="2" fbTx="9.651920371" lbTx="9.651968851" tId="0" fbRx="9.651975411" lbRx="0" />
<p fId="2" fbTx="9.651920371" lbTx="9.651968851" tId="1" fbRx="9.651975411" lbRx="0" />
<p fId="2" fbTx="9.651920371" lbTx="9.651968851" tId="1" fbRx="9.651975411" lbRx="0" />
<p fId="2" fbTx="9.651987811" lbTx="9.652036291" tId="0" fbRx="9.652042851" lbRx="0" />
<p fId="2" fbTx="9.651987811" lbTx="9.652036291" tId="1" fbRx="9.652042851" lbRx="0" />
<p fId="2" fbTx="9.651987811" lbTx="9.652036291" tId="1" fbRx="9.652042851" lbRx="0" />
<p fId="2" fbTx="9.652048251" lbTx="9.652096731" tId="0" fbRx="9.652103291" lbRx="0" />
<p fId="2" fbTx="9.652048251" lbTx="9.652096731" tId="1" fbRx="9.652103291" lbRx="0" />
<p fId="2" fbTx="9.652048251" lbTx="9.652096731" tId="1" fbRx="9.652103291" lbRx="0" />
<p fId="2" fbTx="9.652104691" lbTx="9.652153171" tId="0" fbRx="9.652159731" lbRx="0" />
<p fId="2" fbTx="9.652104691" lbTx="9.652153171" tId="1" fbRx="9.652159731" lbRx="0" />
<p fId="2" fbTx="9.652104691" lbTx="9.652153171" tId="1" fbRx="9.652159731" lbRx="0" />
<p fId="2" fbTx="9.652165131" lbTx="9.652213611" tId="0" fbRx="9.652220171" lbRx="0" />
<p fId="2" fbTx="9.652165131" lbTx="9.652213611" tId="1" fbRx="9.652220171" lbRx="0" />
<p fId="2" fbTx="9.652165131" lbTx="9.652213611" tId="1" fbRx="9.652220171" lbRx="0" />
<p fId="2" fbTx="9.652222571" lbTx="9.652271051" tId="0" fbRx="9.652277611" lbRx="0" />
<p fId="2" fbTx="9.652222571" lbTx="9.652271051" tId="1" fbRx="9.652277611" lbRx="0" />
<p fId="2" fbTx="9.652222571" lbTx="9.652271051" tId="1" fbRx="9.652277611" lbRx="0" />
<p fId="2" fbTx="9.652279011" lbTx="9.652327491" tId="0" fbRx="9.652334051" lbRx="0" />
<p fId="2" fbTx="9.652279011" lbTx="9.652327491" tId="1" fbRx="9.652334051" lbRx="0" />
<p fId="2" fbTx="9.652279011" lbTx="9.652327491" tId="1" fbRx="9.652334051" lbRx="0" />
<p fId="2" fbTx="9.652340451" lbTx="9.652388931" tId="0" fbRx="9.652395491" lbRx="0" />
<p fId="2" fbTx="9.652340451" lbTx="9.652388931" tId="1" fbRx="9.652395491" lbRx="0" />
<p fId="2" fbTx="9.652340451" lbTx="9.652388931" tId="1" fbRx="9.652395491" lbRx="0" />
<p fId="2" fbTx="9.652406891" lbTx="9.652455371" tId="0" fbRx="9.652461931" lbRx="0" />
<p fId="2" fbTx="9.652406891" lbTx="9.652455371" tId="1" fbRx="9.652461931" lbRx="0" />
<p fId="2" fbTx="9.652406891" lbTx="9.652455371" tId="1" fbRx="9.652461931" lbRx="0" />
<p fId="2" fbTx="9.652464331" lbTx="9.652512811" tId="0" fbRx="9.652519371" lbRx="0" />
<p fId="2" fbTx="9.652464331" lbTx="9.652512811" tId="1" fbRx="9.652519371" lbRx="0" />
<p fId="2" fbTx="9.652464331" lbTx="9.652512811" tId="1" fbRx="9.652519371" lbRx="0" />
<p fId="2" fbTx="9.652520771" lbTx="9.652569251" tId="0" fbRx="9.652575811" lbRx="0" />
<p fId="2" fbTx="9.652520771" lbTx="9.652569251" tId="1" fbRx="9.652575811" lbRx="0" />
<p fId="2" fbTx="9.652520771" lbTx="9.652569251" tId="1" fbRx="9.652575811" lbRx="0" />
<p fId="2" fbTx="9.652576211" lbTx="9.652624691" tId="0" fbRx="9.652631251" lbRx="0" />
<p fId="2" fbTx="9.652576211" lbTx="9.652624691" tId="1" fbRx="9.652631251" lbRx="0" />
<p fId="2" fbTx="9.652576211" lbTx="9.652624691" tId="1" fbRx="9.652631251" lbRx="0" />
<p fId="2" fbTx="9.652633651" lbTx="9.652682131" tId="0" fbRx="9.652688691" lbRx="0" />
<p fId="2" fbTx="9.652633651" lbTx="9.652682131" tId="1" fbRx="9.652688691" lbRx="0" />
<p fId="2" fbTx="9.652633651" lbTx="9.652682131" tId="1" fbRx="9.652688691" lbRx="0" />
<p fId="2" fbTx="9.652690091" lbTx="9.652738571" tId="0" fbRx="9.652745131" lbRx="0" />
<p fId="2" fbTx="9.652690091" lbTx="9.652738571" tId="1" fbRx="9.652745131" lbRx="0" />
<p fId="2" fbTx="9.652690091" lbTx="9.652738571" tId="1" fbRx="9.652745131" lbRx="0" />
<p fId="2" fbTx="9.652752531" lbTx="9.652801011" tId="0" fbRx="9.652807571" lbRx="0" />
<p fId="2" fbTx="9.652752531" lbTx="9.652801011" tId="1" fbRx="9.652807571" lbRx="0" />
<p fId="2" fbTx="9.652752531" lbTx="9.652801011" tId="1" fbRx="9.652807571" lbRx="0" />
<p fId="2" fbTx="9.652807971" lbTx="9.652856451" tId="0" fbRx="9.652863011" lbRx="0" />
<p fId="2" fbTx="9.652807971" lbTx="9.652856451" tId="1" fbRx="9.652863011" lbRx="0" />
<p fId="2" fbTx="9.652807971" lbTx="9.652856451" tId="1" fbRx="9.652863011" lbRx="0" />
<p fId="2" fbTx="9.652864411" lbTx="9.652912891" tId="0" fbRx="9.652919451" lbRx="0" />
<p fId="2" fbTx="9.652864411" lbTx="9.652912891" tId="1" fbRx="9.652919451" lbRx="0" />
<p fId="2" fbTx="9.652864411" lbTx="9.652912891" tId="1" fbRx="9.652919451" lbRx="0" />
<p fId="2" fbTx="9.652922851" lbTx="9.652971331" tId="0" fbRx="9.652977891" lbRx="0" />
<p fId="2" fbTx="9.652922851" lbTx="9.652971331" tId="1" fbRx="9.652977891" lbRx="0" />
<p fId="2" fbTx="9.652922851" lbTx="9.652971331" tId="1" fbRx="9.652977891" lbRx="0" />
<p fId="2" fbTx="9.652983291" lbTx="9.653031771" tId="0" fbRx="9.653038331" lbRx="0" />
<p fId="2" fbTx="9.652983291" lbTx="9.653031771" tId="1" fbRx="9.653038331" lbRx="0" />
<p fId="2" fbTx="9.652983291" lbTx="9.653031771" tId="1" fbRx="9.653038331" lbRx="0" />
<p fId="2" fbTx="9.653039731" lbTx="9.653088211" tId="0" fbRx="9.653094771" lbRx="0" />
<p fId="2" fbTx="9.653039731" lbTx="9.653088211" tId="1" fbRx="9.653094771" lbRx="0" />
<p fId="2" fbTx="9.653039731" lbTx="9.653088211" tId="1" fbRx="9.653094771" lbRx="0" />
<p fId="2" fbTx="9.653096171" lbTx="9.653144651" tId="0" fbRx="9.653151211" lbRx="0" />
<p fId="2" fbTx="9.653096171" lbTx="9.653144651" tId="1" fbRx="9.653151211" lbRx="0" />
<p fId="2" fbTx="9.653096171" lbTx="9.653144651" tId="1" fbRx="9.653151211" lbRx="0" />
<p fId="2" fbTx="9.653151611" lbTx="9.653200091" tId="0" fbRx="9.653206651" lbRx="0" />
<p fId="2" fbTx="9.653151611" lbTx="9.653200091" tId="1" fbRx="9.653206651" lbRx="0" />
<p fId="2" fbTx="9.653151611" lbTx="9.653200091" tId="1" fbRx="9.653206651" lbRx="0" />
<p fId="2" fbTx="9.653214051" lbTx="9.653262531" tId="0" fbRx="9.653269091" lbRx="0" />
<p fId="2" fbTx="9.653214051" lbTx="9.653262531" tId="1" fbRx="9.653269091" lbRx="0" />
<p fId="2" fbTx="9.653214051" lbTx="9.653262531" tId="1" fbRx="9.653269091" lbRx="0" />
<p fId="2" fbTx="9.653269491" lbTx="9.653317971" tId="0" fbRx="9.653324531" lbRx="0" />
<p fId="2" fbTx="9.653269491" lbTx="9.653317971" tId="1" fbRx="9.653324531" lbRx="0" />
<p fId="2" fbTx="9.653269491" lbTx="9.653317971" tId="1" fbRx="9.653324531" lbRx="0" />
<p fId="2" fbTx="9.653328931" lbTx="9.653377411" tId="0" fbRx="9.653383971" lbRx="0" />
<p fId="2" fbTx="9.653328931" lbTx="9.653377411" tId="1" fbRx="9.653383971" lbRx="0" />
<p fId="2" fbTx="9.653328931" lbTx="9.653377411" tId="1" fbRx="9.653383971" lbRx="0" />
<p fId="2" fbTx="9.653391371" lbTx="9.653439851" tId="0" fbRx="9.653446411" lbRx="0" />
<p fId="2" fbTx="9.653391371" lbTx="9.653439851" tId="1" fbRx="9.653446411" lbRx="0" />
<p fId="2" fbTx="9.653391371" lbTx="9.653439851" tId="1" fbRx="9.653446411" lbRx="0" />
<p fId="2" fbTx="9.653449811" lbTx="9.653498291" tId="0" fbRx="9.653504851" lbRx="0" />
<p fId="2" fbTx="9.653449811" lbTx="9.653498291" tId="1" fbRx="9.653504851" lbRx="0" />
<p fId="2" fbTx="9.653449811" lbTx="9.653498291" tId="1" fbRx="9.653504851" lbRx="0" />
<p fId="2" fbTx="9.653506251" lbTx="9.653554731" tId="0" fbRx="9.653561291" lbRx="0" />
<p fId="2" fbTx="9.653506251" lbTx="9.653554731" tId="1" fbRx="9.653561291" lbRx="0" />
<p fId="2" fbTx="9.653506251" lbTx="9.653554731" tId="1" fbRx="9.653561291" lbRx="0" />
<p fId="2" fbTx="9.653561691" lbTx="9.653610171" tId="0" fbRx="9.653616731" lbRx="0" />
<p fId="2" fbTx="9.653561691" lbTx="9.653610171" tId="1" fbRx="9.653616731" lbRx="0" />
<p fId="2" fbTx="9.653561691" lbTx="9.653610171" tId="1" fbRx="9.653616731" lbRx="0" />
<p fId="2" fbTx="9.653618131" lbTx="9.653666611" tId="0" fbRx="9.653673171" lbRx="0" />
<p fId="2" fbTx="9.653618131" lbTx="9.653666611" tId="1" fbRx="9.653673171" lbRx="0" />
<p fId="2" fbTx="9.653618131" lbTx="9.653666611" tId="1" fbRx="9.653673171" lbRx="0" />
<p fId="2" fbTx="9.653677571" lbTx="9.653726051" tId="0" fbRx="9.653732611" lbRx="0" />
<p fId="2" fbTx="9.653677571" lbTx="9.653726051" tId="1" fbRx="9.653732611" lbRx="0" />
<p fId="2" fbTx="9.653677571" lbTx="9.653726051" tId="1" fbRx="9.653732611" lbRx="0" />
<p fId="2" fbTx="9.653733011" lbTx="9.653781491" tId="0" fbRx="9.653788051" lbRx="0" />
<p fId="2" fbTx="9.653733011" lbTx="9.653781491" tId="1" fbRx="9.653788051" lbRx="0" />
<p fId="2" fbTx="9.653733011" lbTx="9.653781491" tId="1" fbRx="9.653788051" lbRx="0" />
<p fId="2" fbTx="9.653790451" lbTx="9.653838931" tId="0" fbRx="9.653845491" lbRx="0" />
<p fId="2" fbTx="9.653790451" lbTx="9.653838931" tId="1" fbRx="9.653845491" lbRx="0" />
<p fId="2" fbTx="9.653790451" lbTx="9.653838931" tId="1" fbRx="9.653845491" lbRx="0" />
<p fId="2" fbTx="9.653846891" lbTx="9.653895371" tId="0" fbRx="9.653901931" lbRx="0" />
<p fId="2" fbTx="9.653846891" lbTx="9.653895371" tId="1" fbRx="9.653901931" lbRx="0" />
<p fId="2" fbTx="9.653846891" lbTx="9.653895371" tId="1" fbRx="9.653901931" lbRx="0" />
<p fId="2" fbTx="9.653903331" lbTx="9.653951811" tId="0" fbRx="9.653958371" lbRx="0" />
<p fId="2" fbTx="9.653903331" lbTx="9.653951811" tId="1" fbRx="9.653958371" lbRx="0" />
<p fId="2" fbTx="9.653903331" lbTx="9.653951811" tId="1" fbRx="9.653958371" lbRx="0" />
<p fId="2" fbTx="9.653958771" lbTx="9.654007251" tId="0" fbRx="9.654013811" lbRx="0" />
<p fId="2" fbTx="9.653958771" lbTx="9.654007251" tId="1" fbRx="9.654013811" lbRx="0" />
<p fId="2" fbTx="9.653958771" lbTx="9.654007251" tId="1" fbRx="9.654013811" lbRx="0" />
<p fId="2" fbTx="9.654016211" lbTx="9.654064691" tId="0" fbRx="9.654071251" lbRx="0" />
<p fId="2" fbTx="9.654016211" lbTx="9.654064691" tId="1" fbRx="9.654071251" lbRx="0" />
<p fId="2" fbTx="9.654016211" lbTx="9.654064691" tId="1" fbRx="9.654071251" lbRx="0" />
<p fId="2" fbTx="9.654071651" lbTx="9.654120131" tId="0" fbRx="9.654126691" lbRx="0" />
<p fId="2" fbTx="9.654071651" lbTx="9.654120131" tId="1" fbRx="9.654126691" lbRx="0" />
<p fId="2" fbTx="9.654071651" lbTx="9.654120131" tId="1" fbRx="9.654126691" lbRx="0" />
<p fId="2" fbTx="9.654128091" lbTx="9.654176571" tId="0" fbRx="9.654183131" lbRx="0" />
<p fId="2" fbTx="9.654128091" lbTx="9.654176571" tId="1" fbRx="9.654183131" lbRx="0" />
<p fId="2" fbTx="9.654128091" lbTx="9.654176571" tId="1" fbRx="9.654183131" lbRx="0" />
<p fId="2" fbTx="9.654183531" lbTx="9.654232011" tId="0" fbRx="9.654238571" lbRx="0" />
<p fId="2" fbTx="9.654183531" lbTx="9.654232011" tId="1" fbRx="9.654238571" lbRx="0" />
<p fId="2" fbTx="9.654183531" lbTx="9.654232011" tId="1" fbRx="9.654238571" lbRx="0" />
<p fId="2" fbTx="9.654240971" lbTx="9.654289451" tId="0" fbRx="9.654296011" lbRx="0" />
<p fId="2" fbTx="9.654240971" lbTx="9.654289451" tId="1" fbRx="9.654296011" lbRx="0" />
<p fId="2" fbTx="9.654240971" lbTx="9.654289451" tId="1" fbRx="9.654296011" lbRx="0" />
<p fId="2" fbTx="9.654302411" lbTx="9.654350891" tId="0" fbRx="9.654357451" lbRx="0" />
<p fId="2" fbTx="9.654302411" lbTx="9.654350891" tId="1" fbRx="9.654357451" lbRx="0" />
<p fId="2" fbTx="9.654302411" lbTx="9.654350891" tId="1" fbRx="9.654357451" lbRx="0" />
<p fId="2" fbTx="9.654358851" lbTx="9.654407331" tId="0" fbRx="9.654413891" lbRx="0" />
<p fId="2" fbTx="9.654358851" lbTx="9.654407331" tId="1" fbRx="9.654413891" lbRx="0" />
<p fId="2" fbTx="9.654358851" lbTx="9.654407331" tId="1" fbRx="9.654413891" lbRx="0" />
<p fId="2" fbTx="9.654416291" lbTx="9.654464771" tId="0" fbRx="9.654471331" lbRx="0" />
<p fId="2" fbTx="9.654416291" lbTx="9.654464771" tId="1" fbRx="9.654471331" lbRx="0" />
<p fId="2" fbTx="9.654416291" lbTx="9.654464771" tId="1" fbRx="9.654471331" lbRx="0" />
<p fId="2" fbTx="9.654473731" lbTx="9.654522211" tId="0" fbRx="9.654528771" lbRx="0" />
<p fId="2" fbTx="9.654473731" lbTx="9.654522211" tId="1" fbRx="9.654528771" lbRx="0" />
<p fId="2" fbTx="9.654473731" lbTx="9.654522211" tId="1" fbRx="9.654528771" lbRx="0" />
<p fId="2" fbTx="9.654533171" lbTx="9.654581651" tId="0" fbRx="9.654588211" lbRx="0" />
<p fId="2" fbTx="9.654533171" lbTx="9.654581651" tId="1" fbRx="9.654588211" lbRx="0" />
<p fId="2" fbTx="9.654533171" lbTx="9.654581651" tId="1" fbRx="9.654588211" lbRx="0" />
<p fId="2" fbTx="9.654591611" lbTx="9.654640091" tId="0" fbRx="9.654646651" lbRx="0" />
<p fId="2" fbTx="9.654591611" lbTx="9.654640091" tId="1" fbRx="9.654646651" lbRx="0" />
<p fId="2" fbTx="9.654591611" lbTx="9.654640091" tId="1" fbRx="9.654646651" lbRx="0" />
<p fId="2" fbTx="9.654655051" lbTx="9.654703531" tId="0" fbRx="9.654710091" lbRx="0" />
<p fId="2" fbTx="9.654655051" lbTx="9.654703531" tId="1" fbRx="9.654710091" lbRx="0" />
<p fId="2" fbTx="9.654655051" lbTx="9.654703531" tId="1" fbRx="9.654710091" lbRx="0" />
<p fId="2" fbTx="9.654713491" lbTx="9.654761971" tId="0" fbRx="9.654768531" lbRx="0" />
<p fId="2" fbTx="9.654713491" lbTx="9.654761971" tId="1" fbRx="9.654768531" lbRx="0" />
<p fId="2" fbTx="9.654713491" lbTx="9.654761971" tId="1" fbRx="9.654768531" lbRx="0" />
<p fId="2" fbTx="9.654771931" lbTx="9.654820411" tId="0" fbRx="9.654826971" lbRx="0" />
<p fId="2" fbTx="9.654771931" lbTx="9.654820411" tId="1" fbRx="9.654826971" lbRx="0" />
<p fId="2" fbTx="9.654771931" lbTx="9.654820411" tId="1" fbRx="9.654826971" lbRx="0" />
<p fId="2" fbTx="9.654827371" lbTx="9.654875851" tId="0" fbRx="9.654882411" lbRx="0" />
<p fId="2" fbTx="9.654827371" lbTx="9.654875851" tId="1" fbRx="9.654882411" lbRx="0" />
<p fId="2" fbTx="9.654827371" lbTx="9.654875851" tId="1" fbRx="9.654882411" lbRx="0" />
<p fId="2" fbTx="9.654883811" lbTx="9.654932291" tId="0" fbRx="9.654938851" lbRx="0" />
<p fId="2" fbTx="9.654883811" lbTx="9.654932291" tId="1" fbRx="9.654938851" lbRx="0" />
<p fId="2" fbTx="9.654883811" lbTx="9.654932291" tId="1" fbRx="9.654938851" lbRx="0" />
<p fId="2" fbTx="9.654941251" lbTx="9.654989731" tId="0" fbRx="9.654996291" lbRx="0" />
<p fId="2" fbTx="9.654941251" lbTx="9.654989731" tId="1" fbRx="9.654996291" lbRx="0" />
<p fId="2" fbTx="9.654941251" lbTx="9.654989731" tId="1" fbRx="9.654996291" lbRx="0" />
<p fId="2" fbTx="9.654996691" lbTx="9.655045171" tId="0" fbRx="9.655051731" lbRx="0" />
<p fId="2" fbTx="9.654996691" lbTx="9.655045171" tId="1" fbRx="9.655051731" lbRx="0" />
<p fId="2" fbTx="9.654996691" lbTx="9.655045171" tId="1" fbRx="9.655051731" lbRx="0" />
<p fId="2" fbTx="9.655054131" lbTx="9.655102611" tId="0" fbRx="9.655109171" lbRx="0" />
<p fId="2" fbTx="9.655054131" lbTx="9.655102611" tId="1" fbRx="9.655109171" lbRx="0" />
<p fId="2" fbTx="9.655054131" lbTx="9.655102611" tId="1" fbRx="9.655109171" lbRx="0" />
<p fId="2" fbTx="9.655111571" lbTx="9.655160051" tId="0" fbRx="9.655166611" lbRx="0" />
<p fId="2" fbTx="9.655111571" lbTx="9.655160051" tId="1" fbRx="9.655166611" lbRx="0" />
<p fId="2" fbTx="9.655111571" lbTx="9.655160051" tId="1" fbRx="9.655166611" lbRx="0" />
<p fId="2" fbTx="9.655168011" lbTx="9.655216491" tId="0" fbRx="9.655223051" lbRx="0" />
<p fId="2" fbTx="9.655168011" lbTx="9.655216491" tId="1" fbRx="9.655223051" lbRx="0" />
<p fId="2" fbTx="9.655168011" lbTx="9.655216491" tId="1" fbRx="9.655223051" lbRx="0" />
<p fId="2" fbTx="9.655223451" lbTx="9.655271931" tId="0" fbRx="9.655278491" lbRx="0" />
<p fId="2" fbTx="9.655223451" lbTx="9.655271931" tId="1" fbRx="9.655278491" lbRx="0" />
<p fId="2" fbTx="9.655223451" lbTx="9.655271931" tId="1" fbRx="9.655278491" lbRx="0" />
<p fId="1" fbTx="9.655626531" lbTx="9.655632131" tId="0" fbRx="9.655638691" lbRx="0" />
<p fId="1" fbTx="9.655626531" lbTx="9.655632131" tId="2" fbRx="9.655638691" lbRx="0" />
<p fId="1" fbTx="9.655626531" lbTx="9.655632131" tId="2" fbRx="9.655638691" lbRx="0" />
<p fId="2" fbTx="9.655639691" lbTx="9.655688171" tId="0" fbRx="9.655694731" lbRx="0" />
<p fId="2" fbTx="9.655639691" lbTx="9.655688171" tId="1" fbRx="9.655694731" lbRx="0" />
<p fId="2" fbTx="9.655639691" lbTx="9.655688171" tId="1" fbRx="9.655694731" lbRx="0" />
<p fId="2" fbTx="9.655695131" lbTx="9.655743611" tId="0" fbRx="9.655750171" lbRx="0" />
<p fId="2" fbTx="9.655695131" lbTx="9.655743611" tId="1" fbRx="9.655750171" lbRx="0" />
<p fId="2" fbTx="9.655695131" lbTx="9.655743611" tId="1" fbRx="9.655750171" lbRx="0" />
<p fId="2" fbTx="9.655758571" lbTx="9.655807051" tId="0" fbRx="9.655813611" lbRx="0" />
<p fId="2" fbTx="9.655758571" lbTx="9.655807051" tId="1" fbRx="9.655813611" lbRx="0" />
<p fId="2" fbTx="9.655758571" lbTx="9.655807051" tId="1" fbRx="9.655813611" lbRx="0" />
<p fId="1" fbTx="9.656239091" lbTx="9.656244691" tId="0" fbRx="9.656251251" lbRx="0" />
<p fId="1" fbTx="9.656239091" lbTx="9.656244691" tId="2" fbRx="9.656251251" lbRx="0" />
<p fId="1" fbTx="9.656239091" lbTx="9.656244691" tId="2" fbRx="9.656251251" lbRx="0" />
<p fId="1" fbTx="9.656251651" lbTx="9.656257251" tId="0" fbRx="9.656263811" lbRx="0" />
<p fId="1" fbTx="9.656251651" lbTx="9.656257251" tId="2" fbRx="9.656263811" lbRx="0" />
<p fId="1" fbTx="9.656251651" lbTx="9.656257251" tId="2" fbRx="9.656263811" lbRx="0" />
<p fId="1" fbTx="9.656266211" lbTx="9.656271811" tId="0" fbRx="9.656278371" lbRx="0" />
<p fId="1" fbTx="9.656266211" lbTx="9.656271811" tId="2" fbRx="9.656278371" lbRx="0" />
<p fId="1" fbTx="9.656266211" lbTx="9.656271811" tId="2" fbRx="9.656278371" lbRx="0" />
<p fId="1" fbTx="9.656279771" lbTx="9.656285371" tId="0" fbRx="9.656291931" lbRx="0" />
<p fId="1" fbTx="9.656279771" lbTx="9.656285371" tId="2" fbRx="9.656291931" lbRx="0" />
<p fId="1" fbTx="9.656279771" lbTx="9.656285371" tId="2" fbRx="9.656291931" lbRx="0" />
<p fId="2" fbTx="9.656292251" lbTx="9.656340731" tId="0" fbRx="9.656347291" lbRx="0" />
<p fId="2" fbTx="9.656292251" lbTx="9.656340731" tId="1" fbRx="9.656347291" lbRx="0" />
<p fId="2" fbTx="9.656292251" lbTx="9.656340731" tId="1" fbRx="9.656347291" lbRx="0" />
<p fId="2" fbTx="9.656348691" lbTx="9.656397171" tId="0" fbRx="9.656403731" lbRx="0" />
<p fId="2" fbTx="9.656348691" lbTx="9.656397171" tId="1" fbRx="9.656403731" lbRx="0" />
<p fId="2" fbTx="9.656348691" lbTx="9.656397171" tId="1" fbRx="9.656403731" lbRx="0" />
<p fId="2" fbTx="9.656404131" lbTx="9.656452611" tId="0" fbRx="9.656459171" lbRx="0" />
<p fId="2" fbTx="9.656404131" lbTx="9.656452611" tId="1" fbRx="9.656459171" lbRx="0" />
<p fId="2" fbTx="9.656404131" lbTx="9.656452611" tId="1" fbRx="9.656459171" lbRx="0" />
<p fId="2" fbTx="9.656459571" lbTx="9.656508051" tId="0" fbRx="9.656514611" lbRx="0" />
<p fId="2" fbTx="9.656459571" lbTx="9.656508051" tId="1" fbRx="9.656514611" lbRx="0" />
<p fId="2" fbTx="9.656459571" lbTx="9.656508051" tId="1" fbRx="9.656514611" lbRx="0" />
<p fId="2" fbTx="9.656515011" lbTx="9.656563491" tId="0" fbRx="9.656570051" lbRx="0" />
<p fId="2" fbTx="9.656515011" lbTx="9.656563491" tId="1" fbRx="9.656570051" lbRx="0" />
<p fId="2" fbTx="9.656515011" lbTx="9.656563491" tId="1" fbRx="9.656570051" lbRx="0" />
<p fId="2" fbTx="9.656571451" lbTx="9.656619931" tId="0" fbRx="9.656626491" lbRx="0" />
<p fId="2" fbTx="9.656571451" lbTx="9.656619931" tId="1" fbRx="9.656626491" lbRx="0" />
<p fId="2" fbTx="9.656571451" lbTx="9.656619931" tId="1" fbRx="9.656626491" lbRx="0" />
<p fId="2" fbTx="9.656627891" lbTx="9.656676371" tId="0" fbRx="9.656682931" lbRx="0" />
<p fId="2" fbTx="9.656627891" lbTx="9.656676371" tId="1" fbRx="9.656682931" lbRx="0" />
<p fId="2" fbTx="9.656627891" lbTx="9.656676371" tId="1" fbRx="9.656682931" lbRx="0" />
<p fId="2" fbTx="9.656693331" lbTx="9.656741811" tId="0" fbRx="9.656748371" lbRx="0" />
<p fId="2" fbTx="9.656693331" lbTx="9.656741811" tId="1" fbRx="9.656748371" lbRx="0" />
<p fId="2" fbTx="9.656693331" lbTx="9.656741811" tId="1" fbRx="9.656748371" lbRx="0" />
<p fId="2" fbTx="9.656749771" lbTx="9.656798251" tId="0" fbRx="9.656804811" lbRx="0" />
<p fId="2" fbTx="9.656749771" lbTx="9.656798251" tId="1" fbRx="9.656804811" lbRx="0" />
<p fId="2" fbTx="9.656749771" lbTx="9.656798251" tId="1" fbRx="9.656804811" lbRx="0" />
<p fId="2" fbTx="9.656808211" lbTx="9.656856691" tId="0" fbRx="9.656863251" lbRx="0" />
<p fId="2" fbTx="9.656808211" lbTx="9.656856691" tId="1" fbRx="9.656863251" lbRx="0" />
<p fId="2" fbTx="9.656808211" lbTx="9.656856691" tId="1" fbRx="9.656863251" lbRx="0" />
<p fId="2" fbTx="9.656865651" lbTx="9.656914131" tId="0" fbRx="9.656920691" lbRx="0" />
<p fId="2" fbTx="9.656865651" lbTx="9.656914131" tId="1" fbRx="9.656920691" lbRx="0" />
<p fId="2" fbTx="9.656865651" lbTx="9.656914131" tId="1" fbRx="9.656920691" lbRx="0" />
<p fId="2" fbTx="9.656923091" lbTx="9.656971571" tId="0" fbRx="9.656978131" lbRx="0" />
<p fId="2" fbTx="9.656923091" lbTx="9.656971571" tId="1" fbRx="9.656978131" lbRx="0" />
<p fId="2" fbTx="9.656923091" lbTx="9.656971571" tId="1" fbRx="9.656978131" lbRx="0" />
<p fId="1" fbTx="9.657018331" lbTx="9.657023931" tId="0" fbRx="9.657030491" lbRx="0" />
<p fId="1" fbTx="9.657018331" lbTx="9.657023931" tId="2" fbRx="9.657030491" lbRx="0" />
<p fId="1" fbTx="9.657018331" lbTx="9.657023931" tId="2" fbRx="9.657030491" lbRx="0" />
<p fId="2" fbTx="9.657031491" lbTx="9.657079971" tId="0" fbRx="9.657086531" lbRx="0" />
<p fId="2" fbTx="9.657031491" lbTx="9.657079971" tId="1" fbRx="9.657086531" lbRx="0" />
<p fId="2" fbTx="9.657031491" lbTx="9.657079971" tId="1" fbRx="9.657086531" lbRx="0" />
<p fId="2" fbTx="9.657088931" lbTx="9.657137411" tId="0" fbRx="9.657143971" lbRx="0" />
<p fId="2" fbTx="9.657088931" lbTx="9.657137411" tId="1" fbRx="9.657143971" lbRx="0" />
<p fId="2" fbTx="9.657088931" lbTx="9.657137411" tId="1" fbRx="9.657143971" lbRx="0" />
<p fId="2" fbTx="9.657144371" lbTx="9.657192851" tId="0" fbRx="9.657199411" lbRx="0" />
<p fId="2" fbTx="9.657144371" lbTx="9.657192851" tId="1" fbRx="9.657199411" lbRx="0" />
<p fId="2" fbTx="9.657144371" lbTx="9.657192851" tId="1" fbRx="9.657199411" lbRx="0" />
<p fId="1" fbTx="9.657200891" lbTx="9.657206491" tId="0" fbRx="9.657213051" lbRx="0" />
<p fId="1" fbTx="9.657200891" lbTx="9.657206491" tId="2" fbRx="9.657213051" lbRx="0" />
<p fId="1" fbTx="9.657200891" lbTx="9.657206491" tId="2" fbRx="9.657213051" lbRx="0" />
<p fId="2" fbTx="9.657214051" lbTx="9.657262531" tId="0" fbRx="9.657269091" lbRx="0" />
<p fId="2" fbTx="9.657214051" lbTx="9.657262531" tId="1" fbRx="9.657269091" lbRx="0" />
<p fId="2" fbTx="9.657214051" lbTx="9.657262531" tId="1" fbRx="9.657269091" lbRx="0" />
<p fId="1" fbTx="9.657269451" lbTx="9.657275051" tId="0" fbRx="9.657281611" lbRx="0" />
<p fId="1" fbTx="9.657269451" lbTx="9.657275051" tId="2" fbRx="9.657281611" lbRx="0" />
<p fId="1" fbTx="9.657269451" lbTx="9.657275051" tId="2" fbRx="9.657281611" lbRx="0" />
<p fId="1" fbTx="9.657284011" lbTx="9.657289611" tId="0" fbRx="9.657296171" lbRx="0" />
<p fId="1" fbTx="9.657284011" lbTx="9.657289611" tId="2" fbRx="9.657296171" lbRx="0" />
<p fId="1" fbTx="9.657284011" lbTx="9.657289611" tId="2" fbRx="9.657296171" lbRx="0" />
<p fId="1" fbTx="9.657303571" lbTx="9.657309171" tId="0" fbRx="9.657315731" lbRx="0" />
<p fId="1" fbTx="9.657303571" lbTx="9.657309171" tId="2" fbRx="9.657315731" lbRx="0" />
<p fId="1" fbTx="9.657303571" lbTx="9.657309171" tId="2" fbRx="9.657315731" lbRx="0" />
<p fId="1" fbTx="9.657316131" lbTx="9.657321731" tId="0" fbRx="9.657328291" lbRx="0" />
<p fId="1" fbTx="9.657316131" lbTx="9.657321731" tId="2" fbRx="9.657328291" lbRx="0" />
<p fId="1" fbTx="9.657316131" lbTx="9.657321731" tId="2" fbRx="9.657328291" lbRx="0" />
<p fId="1" fbTx="9.657329691" lbTx="9.657335291" tId="0" fbRx="9.657341851" lbRx="0" />
<p fId="1" fbTx="9.657329691" lbTx="9.657335291" tId="2" fbRx="9.657341851" lbRx="0" />
<p fId="1" fbTx="9.657329691" lbTx="9.657335291" tId="2" fbRx="9.657341851" lbRx="0" />
<p fId="1" fbTx="9.657343251" lbTx="9.657348851" tId="0" fbRx="9.657355411" lbRx="0" />
<p fId="1" fbTx="9.657343251" lbTx="9.657348851" tId="2" fbRx="9.657355411" lbRx="0" />
<p fId="1" fbTx="9.657343251" lbTx="9.657348851" tId="2" fbRx="9.657355411" lbRx="0" />
<p fId="1" fbTx="9.657358811" lbTx="9.657364411" tId="0" fbRx="9.657370971" lbRx="0" />
<p fId="1" fbTx="9.657358811" lbTx="9.657364411" tId="2" fbRx="9.657370971" lbRx="0" />
<p fId="1" fbTx="9.657358811" lbTx="9.657364411" tId="2" fbRx="9.657370971" lbRx="0" />
<p fId="1" fbTx="9.657373371" lbTx="9.657378971" tId="0" fbRx="9.657385531" lbRx="0" />
<p fId="1" fbTx="9.657373371" lbTx="9.657378971" tId="2" fbRx="9.657385531" lbRx="0" />
<p fId="1" fbTx="9.657373371" lbTx="9.657378971" tId="2" fbRx="9.657385531" lbRx="0" />
<p fId="1" fbTx="9.657387931" lbTx="9.657393531" tId="0" fbRx="9.657400091" lbRx="0" />
<p fId="1" fbTx="9.657387931" lbTx="9.657393531" tId="2" fbRx="9.657400091" lbRx="0" />
<p fId="1" fbTx="9.657387931" lbTx="9.657393531" tId="2" fbRx="9.657400091" lbRx="0" />
<p fId="1" fbTx="9.657400491" lbTx="9.657406091" tId="0" fbRx="9.657412651" lbRx="0" />
<p fId="1" fbTx="9.657400491" lbTx="9.657406091" tId="2" fbRx="9.657412651" lbRx="0" />
<p fId="1" fbTx="9.657400491" lbTx="9.657406091" tId="2" fbRx="9.657412651" lbRx="0" />
<p fId="1" fbTx="9.657413051" lbTx="9.657418651" tId="0" fbRx="9.657425211" lbRx="0" />
<p fId="1" fbTx="9.657413051" lbTx="9.657418651" tId="2" fbRx="9.657425211" lbRx="0" />
<p fId="1" fbTx="9.657413051" lbTx="9.657418651" tId="2" fbRx="9.657425211" lbRx="0" />
<p fId="1" fbTx="9.657435611" lbTx="9.657441211" tId="0" fbRx="9.657447771" lbRx="0" />
<p fId="1" fbTx="9.657435611" lbTx="9.657441211" tId="2" fbRx="9.657447771" lbRx="0" />
<p fId="1" fbTx="9.657435611" lbTx="9.657441211" tId="2" fbRx="9.657447771" lbRx="0" />
<p fId="1" fbTx="9.657457171" lbTx="9.657462771" tId="0" fbRx="9.657469331" lbRx="0" />
<p fId="1" fbTx="9.657457171" lbTx="9.657462771" tId="2" fbRx="9.657469331" lbRx="0" />
<p fId="1" fbTx="9.657457171" lbTx="9.657462771" tId="2" fbRx="9.657469331" lbRx="0" />
<p fId="1" fbTx="9.657480731" lbTx="9.657486331" tId="0" fbRx="9.657492891" lbRx="0" />
<p fId="1" fbTx="9.657480731" lbTx="9.657486331" tId="2" fbRx="9.657492891" lbRx="0" />
<p fId="1" fbTx="9.657480731" lbTx="9.657486331" tId="2" fbRx="9.657492891" lbRx="0" />
<p fId="1" fbTx="9.657493291" lbTx="9.657498891" tId="0" fbRx="9.657505451" lbRx="0" />
<p fId="1" fbTx="9.657493291" lbTx="9.657498891" tId="2" fbRx="9.657505451" lbRx="0" />
<p fId="1" fbTx="9.657493291" lbTx="9.657498891" tId="2" fbRx="9.657505451" lbRx="0" />
<p fId="1" fbTx="9.657510851" lbTx="9.657516451" tId="0" fbRx="9.657523011" lbRx="0" />
<p fId="1" fbTx="9.657510851" lbTx="9.657516451" tId="2" fbRx="9.657523011" lbRx="0" />
<p fId="1" fbTx="9.657510851" lbTx="9.657516451" tId="2" fbRx="9.657523011" lbRx="0" />
<p fId="1" fbTx="9.657525411" lbTx="9.657531011" tId="0" fbRx="9.657537571" lbRx="0" />
<p fId="1" fbTx="9.657525411" lbTx="9.657531011" tId="2" fbRx="9.657537571" lbRx="0" />
<p fId="1" fbTx="9.657525411" lbTx="9.657531011" tId="2" fbRx="9.657537571" lbRx="0" />
<p fId="1" fbTx="9.657538971" lbTx="9.657544571" tId="0" fbRx="9.657551131" lbRx="0" />
<p fId="1" fbTx="9.657538971" lbTx="9.657544571" tId="2" fbRx="9.657551131" lbRx="0" />
<p fId="1" fbTx="9.657538971" lbTx="9.657544571" tId="2" fbRx="9.657551131" lbRx="0" />
<p fId="1" fbTx="9.657551531" lbTx="9.657557131" tId="0" fbRx="9.657563691" lbRx="0" />
<p fId="1" fbTx="9.657551531" lbTx="9.657557131" tId="2" fbRx="9.657563691" lbRx="0" />
<p fId="1" fbTx="9.657551531" lbTx="9.657557131" tId="2" fbRx="9.657563691" lbRx="0" />
<p fId="1" fbTx="9.657566091" lbTx="9.657571691" tId="0" fbRx="9.657578251" lbRx="0" />
<p fId="1" fbTx="9.657566091" lbTx="9.657571691" tId="2" fbRx="9.657578251" lbRx="0" />
<p fId="1" fbTx="9.657566091" lbTx="9.657571691" tId="2" fbRx="9.657578251" lbRx="0" />
<p fId="1" fbTx="9.657585651" lbTx="9.657591251" tId="0" fbRx="9.657597811" lbRx="0" />
<p fId="1" fbTx="9.657585651" lbTx="9.657591251" tId="2" fbRx="9.657597811" lbRx="0" />
<p fId="1" fbTx="9.657585651" lbTx="9.657591251" tId="2" fbRx="9.657597811" lbRx="0" />
<p fId="1" fbTx="9.657600211" lbTx="9.657605811" tId="0" fbRx="9.657612371" lbRx="0" />
<p fId="1" fbTx="9.657600211" lbTx="9.657605811" tId="2" fbRx="9.657612371" lbRx="0" />
<p fId="1" fbTx="9.657600211" lbTx="9.657605811" tId="2" fbRx="9.657612371" lbRx="0" />
<p fId="1" fbTx="9.657612771" lbTx="9.657618371" tId="0" fbRx="9.657624931" lbRx="0" />
<p fId="1" fbTx="9.657612771" lbTx="9.657618371" tId="2" fbRx="9.657624931" lbRx="0" />
<p fId="1" fbTx="9.657612771" lbTx="9.657618371" tId="2" fbRx="9.657624931" lbRx="0" />
<p fId="1" fbTx="9.657635331" lbTx="9.657640931" tId="0" fbRx="9.657647491" lbRx="0" />
<p fId="1" fbTx="9.657635331" lbTx="9.657640931" tId="2" fbRx="9.657647491" lbRx="0" />
<p fId="1" fbTx="9.657635331" lbTx="9.657640931" tId="2" fbRx="9.657647491" lbRx="0" />
<p fId="1" fbTx="9.657647891" lbTx="9.657653491" tId="0" fbRx="9.657660051" lbRx="0" />
<p fId="1" fbTx="9.657647891" lbTx="9.657653491" tId="2" fbRx="9.657660051" lbRx="0" />
<p fId="1" fbTx="9.657647891" lbTx="9.657653491" tId="2" fbRx="9.657660051" lbRx="0" />
<p fId="1" fbTx="9.657663451" lbTx="9.657669051" tId="0" fbRx="9.657675611" lbRx="0" />
<p fId="1" fbTx="9.657663451" lbTx="9.657669051" tId="2" fbRx="9.657675611" lbRx="0" />
<p fId="1" fbTx="9.657663451" lbTx="9.657669051" tId="2" fbRx="9.657675611" lbRx="0" />
<p fId="1" fbTx="9.657682011" lbTx="9.657687611" tId="0" fbRx="9.657694171" lbRx="0" />
<p fId="1" fbTx="9.657682011" lbTx="9.657687611" tId="2" fbRx="9.657694171" lbRx="0" />
<p fId="1" fbTx="9.657682011" lbTx="9.657687611" tId="2" fbRx="9.657694171" lbRx="0" />
<p fId="1" fbTx="9.657695571" lbTx="9.657701171" tId="0" fbRx="9.657707731" lbRx="0" />
<p fId="1" fbTx="9.657695571" lbTx="9.657701171" tId="2" fbRx="9.657707731" lbRx="0" />
<p fId="1" fbTx="9.657695571" lbTx="9.657701171" tId="2" fbRx="9.657707731" lbRx="0" />
<p fId="1" fbTx="9.657708131" lbTx="9.657713731" tId="0" fbRx="9.657720291" lbRx="0" />
<p fId="1" fbTx="9.657708131" lbTx="9.657713731" tId="2" fbRx="9.657720291" lbRx="0" />
<p fId="1" fbTx="9.657708131" lbTx="9.657713731" tId="2" fbRx="9.657720291" lbRx="0" />
<p fId="1" fbTx="9.657721691" lbTx="9.657727291" tId="0" fbRx="9.657733851" lbRx="0" />
<p fId="1" fbTx="9.657721691" lbTx="9.657727291" tId="2" fbRx="9.657733851" lbRx="0" />
<p fId="1" fbTx="9.657721691" lbTx="9.657727291" tId="2" fbRx="9.657733851" lbRx="0" />
<p fId="1" fbTx="9.657742251" lbTx="9.657747851" tId="0" fbRx="9.657754411" lbRx="0" />
<p fId="1" fbTx="9.657742251" lbTx="9.657747851" tId="2" fbRx="9.657754411" lbRx="0" />
<p fId="1" fbTx="9.657742251" lbTx="9.657747851" tId="2" fbRx="9.657754411" lbRx="0" />
<p fId="1" fbTx="9.657756811" lbTx="9.657762411" tId="0" fbRx="9.657768971" lbRx="0" />
<p fId="1" fbTx="9.657756811" lbTx="9.657762411" tId="2" fbRx="9.657768971" lbRx="0" />
<p fId="1" fbTx="9.657756811" lbTx="9.657762411" tId="2" fbRx="9.657768971" lbRx="0" />
<p fId="1" fbTx="9.657776371" lbTx="9.657781971" tId="0" fbRx="9.657788531" lbRx="0" />
<p fId="1" fbTx="9.657776371" lbTx="9.657781971" tId="2" fbRx="9.657788531" lbRx="0" />
<p fId="1" fbTx="9.657776371" lbTx="9.657781971" tId="2" fbRx="9.657788531" lbRx="0" />
<p fId="1" fbTx="9.657788931" lbTx="9.657794531" tId="0" fbRx="9.657801091" lbRx="0" />
<p fId="1" fbTx="9.657788931" lbTx="9.657794531" tId="2" fbRx="9.657801091" lbRx="0" />
<p fId="1" fbTx="9.657788931" lbTx="9.657794531" tId="2" fbRx="9.657801091" lbRx="0" />
<p fId="1" fbTx="9.657809491" lbTx="9.657815091" tId="0" fbRx="9.657821651" lbRx="0" />
<p fId="1" fbTx="9.657809491" lbTx="9.657815091" tId="2" fbRx="9.657821651" lbRx="0" />
<p fId="1" fbTx="9.657809491" lbTx="9.657815091" tId="2" fbRx="9.657821651" lbRx="0" />
<p fId="1" fbTx="9.657825051" lbTx="9.657830651" tId="0" fbRx="9.657837211" lbRx="0" />
<p fId="1" fbTx="9.657825051" lbTx="9.657830651" tId="2" fbRx="9.657837211" lbRx="0" />
<p fId="1" fbTx="9.657825051" lbTx="9.657830651" tId="2" fbRx="9.657837211" lbRx="0" />
<p fId="1" fbTx="9.657839611" lbTx="9.657845211" tId="0" fbRx="9.657851771" lbRx="0" />
<p fId="1" fbTx="9.657839611" lbTx="9.657845211" tId="2" fbRx="9.657851771" lbRx="0" />
<p fId="1" fbTx="9.657839611" lbTx="9.657845211" tId="2" fbRx="9.657851771" lbRx="0" />
<p fId="1" fbTx="9.657852171" lbTx="9.657857771" tId="0" fbRx="9.657864331" lbRx="0" />
<p fId="1" fbTx="9.657852171" lbTx="9.657857771" tId="2" fbRx="9.657864331" lbRx="0" />
<p fId="1" fbTx="9.657852171" lbTx="9.657857771" tId="2" fbRx="9.657864331" lbRx="0" />
<p fId="1" fbTx="9.657868731" lbTx="9.657874331" tId="0" fbRx="9.657880891" lbRx="0" />
<p fId="1" fbTx="9.657868731" lbTx="9.657874331" tId="2" fbRx="9.657880891" lbRx="0" />
<p fId="1" fbTx="9.657868731" lbTx="9.657874331" tId="2" fbRx="9.657880891" lbRx="0" />
<p fId="1" fbTx="9.657881291" lbTx="9.657886891" tId="0" fbRx="9.657893451" lbRx="0" />
<p fId="1" fbTx="9.657881291" lbTx="9.657886891" tId="2" fbRx="9.657893451" lbRx="0" />
<p fId="1" fbTx="9.657881291" lbTx="9.657886891" tId="2" fbRx="9.657893451" lbRx="0" />
<p fId="1" fbTx="9.657894851" lbTx="9.657900451" tId="0" fbRx="9.657907011" lbRx="0" />
<p fId="1" fbTx="9.657894851" lbTx="9.657900451" tId="2" fbRx="9.657907011" lbRx="0" />
<p fId="1" fbTx="9.657894851" lbTx="9.657900451" tId="2" fbRx="9.657907011" lbRx="0" />
<p fId="1" fbTx="9.657908411" lbTx="9.657914011" tId="0" fbRx="9.657920571" lbRx="0" />
<p fId="1" fbTx="9.657908411" lbTx="9.657914011" tId="2" fbRx="9.657920571" lbRx="0" />
<p fId="1" fbTx="9.657908411" lbTx="9.657914011" tId="2" fbRx="9.657920571" lbRx="0" />
<p fId="1" fbTx="9.657920971" lbTx="9.657926571" tId="0" fbRx="9.657933131" lbRx="0" />
<p fId="1" fbTx="9.657920971" lbTx="9.657926571" tId="2" fbRx="9.657933131" lbRx="0" />
<p fId="1" fbTx="9.657920971" lbTx="9.657926571" tId="2" fbRx="9.657933131" lbRx="0" />
<p fId="1" fbTx="9.657935531" lbTx="9.657941131" tId="0" fbRx="9.657947691" lbRx="0" />
<p fId="1" fbTx="9.657935531" lbTx="9.657941131" tId="2" fbRx="9.657947691" lbRx="0" />
<p fId="1" fbTx="9.657935531" lbTx="9.657941131" tId="2" fbRx="9.657947691" lbRx="0" />
<p fId="1" fbTx="9.657953091" lbTx="9.657958691" tId="0" fbRx="9.657965251" lbRx="0" />
<p fId="1" fbTx="9.657953091" lbTx="9.657958691" tId="2" fbRx="9.657965251" lbRx="0" />
<p fId="1" fbTx="9.657953091" lbTx="9.657958691" tId="2" fbRx="9.657965251" lbRx="0" />
<p fId="1" fbTx="9.657967651" lbTx="9.657973251" tId="0" fbRx="9.657979811" lbRx="0" />
<p fId="1" fbTx="9.657967651" lbTx="9.657973251" tId="2" fbRx="9.657979811" lbRx="0" />
<p fId="1" fbTx="9.657967651" lbTx="9.657973251" tId="2" fbRx="9.657979811" lbRx="0" />
<p fId="1" fbTx="9.657981211" lbTx="9.657986811" tId="0" fbRx="9.657993371" lbRx="0" />
<p fId="1" fbTx="9.657981211" lbTx="9.657986811" tId="2" fbRx="9.657993371" lbRx="0" />
<p fId="1" fbTx="9.657981211" lbTx="9.657986811" tId="2" fbRx="9.657993371" lbRx="0" />
<p fId="1" fbTx="9.657994771" lbTx="9.658000371" tId="0" fbRx="9.658006931" lbRx="0" />
<p fId="1" fbTx="9.657994771" lbTx="9.658000371" tId="2" fbRx="9.658006931" lbRx="0" />
<p fId="1" fbTx="9.657994771" lbTx="9.658000371" tId="2" fbRx="9.658006931" lbRx="0" />
<p fId="1" fbTx="9.658014331" lbTx="9.658019931" tId="0" fbRx="9.658026491" lbRx="0" />
<p fId="1" fbTx="9.658014331" lbTx="9.658019931" tId="2" fbRx="9.658026491" lbRx="0" />
<p fId="1" fbTx="9.658014331" lbTx="9.658019931" tId="2" fbRx="9.658026491" lbRx="0" />
<p fId="1" fbTx="9.658028891" lbTx="9.658034491" tId="0" fbRx="9.658041051" lbRx="0" />
<p fId="1" fbTx="9.658028891" lbTx="9.658034491" tId="2" fbRx="9.658041051" lbRx="0" />
<p fId="1" fbTx="9.658028891" lbTx="9.658034491" tId="2" fbRx="9.658041051" lbRx="0" />
<p fId="1" fbTx="9.658046451" lbTx="9.658052051" tId="0" fbRx="9.658058611" lbRx="0" />
<p fId="1" fbTx="9.658046451" lbTx="9.658052051" tId="2" fbRx="9.658058611" lbRx="0" />
<p fId="1" fbTx="9.658046451" lbTx="9.658052051" tId="2" fbRx="9.658058611" lbRx="0" />
<p fId="1" fbTx="9.658070011" lbTx="9.658075611" tId="0" fbRx="9.658082171" lbRx="0" />
<p fId="1" fbTx="9.658070011" lbTx="9.658075611" tId="2" fbRx="9.658082171" lbRx="0" />
<p fId="1" fbTx="9.658070011" lbTx="9.658075611" tId="2" fbRx="9.658082171" lbRx="0" />
<p fId="1" fbTx="9.658083571" lbTx="9.658089171" tId="0" fbRx="9.658095731" lbRx="0" />
<p fId="1" fbTx="9.658083571" lbTx="9.658089171" tId="2" fbRx="9.658095731" lbRx="0" />
<p fId="1" fbTx="9.658083571" lbTx="9.658089171" tId="2" fbRx="9.658095731" lbRx="0" />
<p fId="1" fbTx="9.658098131" lbTx="9.658103731" tId="0" fbRx="9.658110291" lbRx="0" />
<p fId="1" fbTx="9.658098131" lbTx="9.658103731" tId="2" fbRx="9.658110291" lbRx="0" />
<p fId="1" fbTx="9.658098131" lbTx="9.658103731" tId="2" fbRx="9.658110291" lbRx="0" />
<p fId="1" fbTx="9.658113691" lbTx="9.658119291" tId="0" fbRx="9.658125851" lbRx="0" />
<p fId="1" fbTx="9.658113691" lbTx="9.658119291" tId="2" fbRx="9.658125851" lbRx="0" />
<p fId="1" fbTx="9.658113691" lbTx="9.658119291" tId="2" fbRx="9.658125851" lbRx="0" />
<p fId="1" fbTx="9.658133251" lbTx="9.658138851" tId="0" fbRx="9.658145411" lbRx="0" />
<p fId="1" fbTx="9.658133251" lbTx="9.658138851" tId="2" fbRx="9.658145411" lbRx="0" />
<p fId="1" fbTx="9.658133251" lbTx="9.658138851" tId="2" fbRx="9.658145411" lbRx="0" />
<p fId="1" fbTx="9.658154811" lbTx="9.658160411" tId="0" fbRx="9.658166971" lbRx="0" />
<p fId="1" fbTx="9.658154811" lbTx="9.658160411" tId="2" fbRx="9.658166971" lbRx="0" />
<p fId="1" fbTx="9.658154811" lbTx="9.658160411" tId="2" fbRx="9.658166971" lbRx="0" />
<p fId="1" fbTx="9.658173371" lbTx="9.658178971" tId="0" fbRx="9.658185531" lbRx="0" />
<p fId="1" fbTx="9.658173371" lbTx="9.658178971" tId="2" fbRx="9.658185531" lbRx="0" />
<p fId="1" fbTx="9.658173371" lbTx="9.658178971" tId="2" fbRx="9.658185531" lbRx="0" />
<p fId="2" fbTx="9.658253491" lbTx="9.658301971" tId="0" fbRx="9.658308531" lbRx="0" />
<p fId="2" fbTx="9.658253491" lbTx="9.658301971" tId="1" fbRx="9.658308531" lbRx="0" />
<p fId="2" fbTx="9.658253491" lbTx="9.658301971" tId="1" fbRx="9.658308531" lbRx="0" />
<p fId="2" fbTx="9.658313931" lbTx="9.658362411" tId="0" fbRx="9.658368971" lbRx="0" />
<p fId="2" fbTx="9.658313931" lbTx="9.658362411" tId="1" fbRx="9.658368971" lbRx="0" />
<p fId="2" fbTx="9.658313931" lbTx="9.658362411" tId="1" fbRx="9.658368971" lbRx="0" />
<p fId="1" fbTx="9.658369971" lbTx="9.658375571" tId="0" fbRx="9.658382131" lbRx="0" />
<p fId="1" fbTx="9.658369971" lbTx="9.658375571" tId="2" fbRx="9.658382131" lbRx="0" />
<p fId="1" fbTx="9.658369971" lbTx="9.658375571" tId="2" fbRx="9.658382131" lbRx="0" />
<p fId="2" fbTx="9.658382371" lbTx="9.658430851" tId="0" fbRx="9.658437411" lbRx="0" />
<p fId="2" fbTx="9.658382371" lbTx="9.658430851" tId="1" fbRx="9.658437411" lbRx="0" />
<p fId="2" fbTx="9.658382371" lbTx="9.658430851" tId="1" fbRx="9.658437411" lbRx="0" />
<p fId="2" fbTx="9.658439811" lbTx="9.658488291" tId="0" fbRx="9.658494851" lbRx="0" />
<p fId="2" fbTx="9.658439811" lbTx="9.658488291" tId="1" fbRx="9.658494851" lbRx="0" />
<p fId="2" fbTx="9.658439811" lbTx="9.658488291" tId="1" fbRx="9.658494851" lbRx="0" />
<p fId="1" fbTx="9.658495851" lbTx="9.658501451" tId="0" fbRx="9.658508011" lbRx="0" />
<p fId="1" fbTx="9.658495851" lbTx="9.658501451" tId="2" fbRx="9.658508011" lbRx="0" />
<p fId="1" fbTx="9.658495851" lbTx="9.658501451" tId="2" fbRx="9.658508011" lbRx="0" />
<p fId="2" fbTx="9.658536251" lbTx="9.658584731" tId="0" fbRx="9.658591291" lbRx="0" />
<p fId="2" fbTx="9.658536251" lbTx="9.658584731" tId="1" fbRx="9.658591291" lbRx="0" />
<p fId="2" fbTx="9.658536251" lbTx="9.658584731" tId="1" fbRx="9.658591291" lbRx="0" />
<p fId="2" fbTx="9.658596691" lbTx="9.658645171" tId="0" fbRx="9.658651731" lbRx="0" />
<p fId="2" fbTx="9.658596691" lbTx="9.658645171" tId="1" fbRx="9.658651731" lbRx="0" />
<p fId="2" fbTx="9.658596691" lbTx="9.658645171" tId="1" fbRx="9.658651731" lbRx="0" />
<p fId="2" fbTx="9.658652131" lbTx="9.658700611" tId="0" fbRx="9.658707171" lbRx="0" />
<p fId="2" fbTx="9.658652131" lbTx="9.658700611" tId="1" fbRx="9.658707171" lbRx="0" />
<p fId="2" fbTx="9.658652131" lbTx="9.658700611" tId="1" fbRx="9.658707171" lbRx="0" />
<p fId="2" fbTx="9.658708571" lbTx="9.658757051" tId="0" fbRx="9.658763611" lbRx="0" />
<p fId="2" fbTx="9.658708571" lbTx="9.658757051" tId="1" fbRx="9.658763611" lbRx="0" />
<p fId="2" fbTx="9.658708571" lbTx="9.658757051" tId="1" fbRx="9.658763611" lbRx="0" />
<p fId="2" fbTx="9.658768011" lbTx="9.658816491" tId="0" fbRx="9.658823051" lbRx="0" />
<p fId="2" fbTx="9.658768011" lbTx="9.658816491" tId="1" fbRx="9.658823051" lbRx="0" />
<p fId="2" fbTx="9.658768011" lbTx="9.658816491" tId="1" fbRx="9.658823051" lbRx="0" />
<p fId="2" fbTx="9.658823451" lbTx="9.658871931" tId="0" fbRx="9.658878491" lbRx="0" />
<p fId="2" fbTx="9.658823451" lbTx="9.658871931" tId="1" fbRx="9.658878491" lbRx="0" />
<p fId="2" fbTx="9.658823451" lbTx="9.658871931" tId="1" fbRx="9.658878491" lbRx="0" />
<p fId="2" fbTx="9.658880891" lbTx="9.658929371" tId="0" fbRx="9.658935931" lbRx="0" />
<p fId="2" fbTx="9.658880891" lbTx="9.658929371" tId="1" fbRx="9.658935931" lbRx="0" />
<p fId="2" fbTx="9.658880891" lbTx="9.658929371" tId="1" fbRx="9.658935931" lbRx="0" />
<p fId="2" fbTx="9.658938331" lbTx="9.658986811" tId="0" fbRx="9.658993371" lbRx="0" />
<p fId="2" fbTx="9.658938331" lbTx="9.658986811" tId="1" fbRx="9.658993371" lbRx="0" />
<p fId="2" fbTx="9.658938331" lbTx="9.658986811" tId="1" fbRx="9.658993371" lbRx="0" />
<p fId="2" fbTx="9.658994771" lbTx="9.659043251" tId="0" fbRx="9.659049811" lbRx="0" />
<p fId="2" fbTx="9.658994771" lbTx="9.659043251" tId="1" fbRx="9.659049811" lbRx="0" />
<p fId="2" fbTx="9.658994771" lbTx="9.659043251" tId="1" fbRx="9.659049811" lbRx="0" />
<p fId="2" fbTx="9.659054211" lbTx="9.659102691" tId="0" fbRx="9.659109251" lbRx="0" />
<p fId="2" fbTx="9.659054211" lbTx="9.659102691" tId="1" fbRx="9.659109251" lbRx="0" />
<p fId="2" fbTx="9.659054211" lbTx="9.659102691" tId="1" fbRx="9.659109251" lbRx="0" />
<p fId="2" fbTx="9.659116651" lbTx="9.659165131" tId="0" fbRx="9.659171691" lbRx="0" />
<p fId="2" fbTx="9.659116651" lbTx="9.659165131" tId="1" fbRx="9.659171691" lbRx="0" />
<p fId="2" fbTx="9.659116651" lbTx="9.659165131" tId="1" fbRx="9.659171691" lbRx="0" />
<p fId="2" fbTx="9.659180091" lbTx="9.659228571" tId="0" fbRx="9.659235131" lbRx="0" />
<p fId="2" fbTx="9.659180091" lbTx="9.659228571" tId="1" fbRx="9.659235131" lbRx="0" />
<p fId="2" fbTx="9.659180091" lbTx="9.659228571" tId="1" fbRx="9.659235131" lbRx="0" />
<p fId="2" fbTx="9.659241531" lbTx="9.659290011" tId="0" fbRx="9.659296571" lbRx="0" />
<p fId="2" fbTx="9.659241531" lbTx="9.659290011" tId="1" fbRx="9.659296571" lbRx="0" />
<p fId="2" fbTx="9.659241531" lbTx="9.659290011" tId="1" fbRx="9.659296571" lbRx="0" />
<p fId="2" fbTx="9.659306971" lbTx="9.659355451" tId="0" fbRx="9.659362011" lbRx="0" />
<p fId="2" fbTx="9.659306971" lbTx="9.659355451" tId="1" fbRx="9.659362011" lbRx="0" />
<p fId="2" fbTx="9.659306971" lbTx="9.659355451" tId="1" fbRx="9.659362011" lbRx="0" />
<p fId="2" fbTx="9.659362411" lbTx="9.659410891" tId="0" fbRx="9.659417451" lbRx="0" />
<p fId="2" fbTx="9.659362411" lbTx="9.659410891" tId="1" fbRx="9.659417451" lbRx="0" />
<p fId="2" fbTx="9.659362411" lbTx="9.659410891" tId="1" fbRx="9.659417451" lbRx="0" />
<p fId="2" fbTx="9.659425851" lbTx="9.659474331" tId="0" fbRx="9.659480891" lbRx="0" />
<p fId="2" fbTx="9.659425851" lbTx="9.659474331" tId="1" fbRx="9.659480891" lbRx="0" />
<p fId="2" fbTx="9.659425851" lbTx="9.659474331" tId="1" fbRx="9.659480891" lbRx="0" />
<p fId="2" fbTx="9.659482291" lbTx="9.659530771" tId="0" fbRx="9.659537331" lbRx="0" />
<p fId="2" fbTx="9.659482291" lbTx="9.659530771" tId="1" fbRx="9.659537331" lbRx="0" />
<p fId="2" fbTx="9.659482291" lbTx="9.659530771" tId="1" fbRx="9.659537331" lbRx="0" />
<p fId="2" fbTx="9.659540731" lbTx="9.659589211" tId="0" fbRx="9.659595771" lbRx="0" />
<p fId="2" fbTx="9.659540731" lbTx="9.659589211" tId="1" fbRx="9.659595771" lbRx="0" />
<p fId="2" fbTx="9.659540731" lbTx="9.659589211" tId="1" fbRx="9.659595771" lbRx="0" />
<p fId="2" fbTx="9.659596171" lbTx="9.659644651" tId="0" fbRx="9.659651211" lbRx="0" />
<p fId="2" fbTx="9.659596171" lbTx="9.659644651" tId="1" fbRx="9.659651211" lbRx="0" />
<p fId="2" fbTx="9.659596171" lbTx="9.659644651" tId="1" fbRx="9.659651211" lbRx="0" />
<p fId="2" fbTx="9.659652611" lbTx="9.659701091" tId="0" fbRx="9.659707651" lbRx="0" />
<p fId="2" fbTx="9.659652611" lbTx="9.659701091" tId="1" fbRx="9.659707651" lbRx="0" />
<p fId="2" fbTx="9.659652611" lbTx="9.659701091" tId="1" fbRx="9.659707651" lbRx="0" />
<p fId="2" fbTx="9.659710051" lbTx="9.659758531" tId="0" fbRx="9.659765091" lbRx="0" />
<p fId="2" fbTx="9.659710051" lbTx="9.659758531" tId="1" fbRx="9.659765091" lbRx="0" />
<p fId="2" fbTx="9.659710051" lbTx="9.659758531" tId="1" fbRx="9.659765091" lbRx="0" />
<p fId="2" fbTx="9.659770491" lbTx="9.659818971" tId="0" fbRx="9.659825531" lbRx="0" />
<p fId="2" fbTx="9.659770491" lbTx="9.659818971" tId="1" fbRx="9.659825531" lbRx="0" />
<p fId="2" fbTx="9.659770491" lbTx="9.659818971" tId="1" fbRx="9.659825531" lbRx="0" />
<p fId="2" fbTx="9.659827931" lbTx="9.659876411" tId="0" fbRx="9.659882971" lbRx="0" />
<p fId="2" fbTx="9.659827931" lbTx="9.659876411" tId="1" fbRx="9.659882971" lbRx="0" />
<p fId="2" fbTx="9.659827931" lbTx="9.659876411" tId="1" fbRx="9.659882971" lbRx="0" />
<p fId="2" fbTx="9.659883371" lbTx="9.659931851" tId="0" fbRx="9.659938411" lbRx="0" />
<p fId="2" fbTx="9.659883371" lbTx="9.659931851" tId="1" fbRx="9.659938411" lbRx="0" />
<p fId="2" fbTx="9.659883371" lbTx="9.659931851" tId="1" fbRx="9.659938411" lbRx="0" />
<p fId="2" fbTx="9.659938811" lbTx="9.659987291" tId="0" fbRx="9.659993851" lbRx="0" />
<p fId="2" fbTx="9.659938811" lbTx="9.659987291" tId="1" fbRx="9.659993851" lbRx="0" />
<p fId="2" fbTx="9.659938811" lbTx="9.659987291" tId="1" fbRx="9.659993851" lbRx="0" />
<p fId="2" fbTx="9.659995251" lbTx="9.660043731" tId="0" fbRx="9.660050291" lbRx="0" />
<p fId="2" fbTx="9.659995251" lbTx="9.660043731" tId="1" fbRx="9.660050291" lbRx="0" />
<p fId="2" fbTx="9.659995251" lbTx="9.660043731" tId="1" fbRx="9.660050291" lbRx="0" />
<p fId="2" fbTx="9.660060691" lbTx="9.660088691" tId="0" fbRx="9.660095251" lbRx="0" />
<p fId="2" fbTx="9.660060691" lbTx="9.660088691" tId="1" fbRx="9.660095251" lbRx="0" />
<p fId="2" fbTx="9.660060691" lbTx="9.660088691" tId="1" fbRx="9.660095251" lbRx="0" />
<p fId="1" fbTx="9.660107731" lbTx="9.660113331" tId="0" fbRx="9.660119891" lbRx="0" />
<p fId="1" fbTx="9.660107731" lbTx="9.660113331" tId="2" fbRx="9.660119891" lbRx="0" />
<p fId="1" fbTx="9.660107731" lbTx="9.660113331" tId="2" fbRx="9.660119891" lbRx="0" />
<p fId="1" fbTx="9.660125291" lbTx="9.660130891" tId="0" fbRx="9.660137451" lbRx="0" />
<p fId="1" fbTx="9.660125291" lbTx="9.660130891" tId="2" fbRx="9.660137451" lbRx="0" />
<p fId="1" fbTx="9.660125291" lbTx="9.660130891" tId="2" fbRx="9.660137451" lbRx="0" />
<p fId="1" fbTx="9.660139851" lbTx="9.660145451" tId="0" fbRx="9.660152011" lbRx="0" />
<p fId="1" fbTx="9.660139851" lbTx="9.660145451" tId="2" fbRx="9.660152011" lbRx="0" />
<p fId="1" fbTx="9.660139851" lbTx="9.660145451" tId="2" fbRx="9.660152011" lbRx="0" />
<p fId="1" fbTx="9.660152411" lbTx="9.660158011" tId="0" fbRx="9.660164571" lbRx="0" />
<p fId="1" fbTx="9.660152411" lbTx="9.660158011" tId="2" fbRx="9.660164571" lbRx="0" />
<p fId="1" fbTx="9.660152411" lbTx="9.660158011" tId="2" fbRx="9.660164571" lbRx="0" />
<p fId="1" fbTx="9.660170971" lbTx="9.660176571" tId="0" fbRx="9.660183131" lbRx="0" />
<p fId="1" fbTx="9.660170971" lbTx="9.660176571" tId="2" fbRx="9.660183131" lbRx="0" />
<p fId="1" fbTx="9.660170971" lbTx="9.660176571" tId="2" fbRx="9.660183131" lbRx="0" />
<p fId="1" fbTx="9.660185531" lbTx="9.660191131" tId="0" fbRx="9.660197691" lbRx="0" />
<p fId="1" fbTx="9.660185531" lbTx="9.660191131" tId="2" fbRx="9.660197691" lbRx="0" />
<p fId="1" fbTx="9.660185531" lbTx="9.660191131" tId="2" fbRx="9.660197691" lbRx="0" />
<p fId="1" fbTx="9.660200091" lbTx="9.660205691" tId="0" fbRx="9.660212251" lbRx="0" />
<p fId="1" fbTx="9.660200091" lbTx="9.660205691" tId="2" fbRx="9.660212251" lbRx="0" />
<p fId="1" fbTx="9.660200091" lbTx="9.660205691" tId="2" fbRx="9.660212251" lbRx="0" />
<p fId="1" fbTx="9.660213651" lbTx="9.660219251" tId="0" fbRx="9.660225811" lbRx="0" />
<p fId="1" fbTx="9.660213651" lbTx="9.660219251" tId="2" fbRx="9.660225811" lbRx="0" />
<p fId="1" fbTx="9.660213651" lbTx="9.660219251" tId="2" fbRx="9.660225811" lbRx="0" />
<p fId="1" fbTx="9.660254211" lbTx="9.660259811" tId="0" fbRx="9.660266371" lbRx="0" />
<p fId="1" fbTx="9.660254211" lbTx="9.660259811" tId="2" fbRx="9.660266371" lbRx="0" />
<p fId="1" fbTx="9.660254211" lbTx="9.660259811" tId="2" fbRx="9.660266371" lbRx="0" />
<p fId="1" fbTx="9.660277771" lbTx="9.660283371" tId="0" fbRx="9.660289931" lbRx="0" />
<p fId="1" fbTx="9.660277771" lbTx="9.660283371" tId="2" fbRx="9.660289931" lbRx="0" />
<p fId="1" fbTx="9.660277771" lbTx="9.660283371" tId="2" fbRx="9.660289931" lbRx="0" />
<p fId="1" fbTx="9.660290331" lbTx="9.660295931" tId="0" fbRx="9.660302491" lbRx="0" />
<p fId="1" fbTx="9.660290331" lbTx="9.660295931" tId="2" fbRx="9.660302491" lbRx="0" />
<p fId="1" fbTx="9.660290331" lbTx="9.660295931" tId="2" fbRx="9.660302491" lbRx="0" />
<p fId="1" fbTx="9.660302891" lbTx="9.660308491" tId="0" fbRx="9.660315051" lbRx="0" />
<p fId="1" fbTx="9.660302891" lbTx="9.660308491" tId="2" fbRx="9.660315051" lbRx="0" />
<p fId="1" fbTx="9.660302891" lbTx="9.660308491" tId="2" fbRx="9.660315051" lbRx="0" />
<p fId="1" fbTx="9.660315451" lbTx="9.660321051" tId="0" fbRx="9.660327611" lbRx="0" />
<p fId="1" fbTx="9.660315451" lbTx="9.660321051" tId="2" fbRx="9.660327611" lbRx="0" />
<p fId="1" fbTx="9.660315451" lbTx="9.660321051" tId="2" fbRx="9.660327611" lbRx="0" />
<p fId="1" fbTx="9.672183209" lbTx="9.672216809" tId="0" fbRx="9.672223369" lbRx="0" />
<p fId="1" fbTx="9.672183209" lbTx="9.672216809" tId="2" fbRx="9.672223369" lbRx="0" />
<p fId="1" fbTx="9.672183209" lbTx="9.672216809" tId="2" fbRx="9.672223369" lbRx="0" />
<p fId="2" fbTx="9.67222337" lbTx="9.67227185" tId="0" fbRx="9.67227841" lbRx="0" />
<p fId="2" fbTx="9.67222337" lbTx="9.67227185" tId="1" fbRx="9.67227841" lbRx="0" />
<p fId="2" fbTx="9.67222337" lbTx="9.67227185" tId="1" fbRx="9.67227841" lbRx="0" />
<p fId="2" fbTx="9.67228181" lbTx="9.67231365" tId="0" fbRx="9.67232021" lbRx="0" />
<p fId="2" fbTx="9.67228181" lbTx="9.67231365" tId="1" fbRx="9.67232021" lbRx="0" />
<p fId="2" fbTx="9.67228181" lbTx="9.67231365" tId="1" fbRx="9.67232021" lbRx="0" />
<p fId="1" fbTx="9.67232121" lbTx="9.67232681" tId="0" fbRx="9.67233337" lbRx="0" />
<p fId="1" fbTx="9.67232121" lbTx="9.67232681" tId="2" fbRx="9.67233337" lbRx="0" />
<p fId="1" fbTx="9.67232121" lbTx="9.67232681" tId="2" fbRx="9.67233337" lbRx="0" />
<p fId="1" fbTx="37.391883" lbTx="37.3919166" tId="0" fbRx="37.39192316" lbRx="0" />
<p fId="1" fbTx="37.391883" lbTx="37.3919166" tId="2" fbRx="37.39192316" lbRx="0" />
<p fId="1" fbTx="37.391883" lbTx="37.3919166" tId="2" fbRx="37.39192316" lbRx="0" />
<p fId="2" fbTx="37.39192316" lbTx="37.39197164" tId="0" fbRx="37.3919782" lbRx="0" />
<p fId="2" fbTx="37.39192316" lbTx="37.39197164" tId="1" fbRx="37.3919782" lbRx="0" />
<p fId="2" fbTx="37.39192316" lbTx="37.39197164" tId="1" fbRx="37.3919782" lbRx="0" />
<p fId="2" fbTx="37.3919796" lbTx="37.39202808" tId="0" fbRx="37.39203464" lbRx="0" />
<p fId="2" fbTx="37.3919796" lbTx="37.39202808" tId="1" fbRx="37.39203464" lbRx="0" />
<p fId="2" fbTx="37.3919796" lbTx="37.39202808" tId="1" fbRx="37.39203464" lbRx="0" />
<p fId="1" fbTx="37.39203564" lbTx="37.39204124" tId="0" fbRx="37.3920478" lbRx="0" />
<p fId="1" fbTx="37.39203564" lbTx="37.39204124" tId="2" fbRx="37.3920478" lbRx="0" />
<p fId="1" fbTx="37.39203564" lbTx="37.39204124" tId="2" fbRx="37.3920478" lbRx="0" />
<p fId="2" fbTx="37.39205704" lbTx="37.39210552" tId="0" fbRx="37.39211208" lbRx="0" />
<p fId="2" fbTx="37.39205704" lbTx="37.39210552" tId="1" fbRx="37.39211208" lbRx="0" />
<p fId="2" fbTx="37.39205704" lbTx="37.39210552" tId="1" fbRx="37.39211208" lbRx="0" />
<p fId="2" fbTx="37.39211448" lbTx="37.39216296" tId="0" fbRx="37.39216952" lbRx="0" />
<p fId="2" fbTx="37.39211448" lbTx="37.39216296" tId="1" fbRx="37.39216952" lbRx="0" />
<p fId="2" fbTx="37.39211448" lbTx="37.39216296" tId="1" fbRx="37.39216952" lbRx="0" />
<p fId="1" fbTx="37.39217052" lbTx="37.39217612" tId="0" fbRx="37.39218268" lbRx="0" />
<p fId="1" fbTx="37.39217052" lbTx="37.39217612" tId="2" fbRx="37.39218268" lbRx="0" />
<p fId="1" fbTx="37.39217052" lbTx="37.39217612" tId="2" fbRx="37.39218268" lbRx="0" />
<p fId="2" fbTx="37.39219992" lbTx="37.3922484" tId="0" fbRx="37.39225496" lbRx="0" />
<p fId="2" fbTx="37.39219992" lbTx="37.3922484" tId="1" fbRx="37.39225496" lbRx="0" />
<p fId="2" fbTx="37.39219992" lbTx="37.3922484" tId="1" fbRx="37.39225496" lbRx="0" />
<p fId="2" fbTx="37.39227536" lbTx="37.39232384" tId="0" fbRx="37.3923304" lbRx="0" />
<p fId="2" fbTx="37.39227536" lbTx="37.39232384" tId="1" fbRx="37.3923304" lbRx="0" />
<p fId="2" fbTx="37.39227536" lbTx="37.39232384" tId="1" fbRx="37.3923304" lbRx="0" />
<p fId="1" fbTx="37.3923314" lbTx="37.392337" tId="0" fbRx="37.39234356" lbRx="0" />
<p fId="1" fbTx="37.3923314" lbTx="37.392337" tId="2" fbRx="37.39234356" lbRx="0" />
<p fId="1" fbTx="37.3923314" lbTx="37.392337" tId="2" fbRx="37.39234356" lbRx="0" />
<p fId="2" fbTx="37.3923628" lbTx="37.39241128" tId="0" fbRx="37.39241784" lbRx="0" />
<p fId="2" fbTx="37.3923628" lbTx="37.39241128" tId="1" fbRx="37.39241784" lbRx="0" />
<p fId="2" fbTx="37.3923628" lbTx="37.39241128" tId="1" fbRx="37.39241784" lbRx="0" />
<p fId="2" fbTx="37.39243824" lbTx="37.39248672" tId="0" fbRx="37.39249328" lbRx="0" />
<p fId="2" fbTx="37.39243824" lbTx="37.39248672" tId="1" fbRx="37.39249328" lbRx="0" />
<p fId="2" fbTx="37.39243824" lbTx="37.39248672" tId="1" fbRx="37.39249328" lbRx="0" />
<p fId="1" fbTx="37.39249428" lbTx="37.39249988" tId="0" fbRx="37.39250644" lbRx="0" />
<p fId="1" fbTx="37.39249428" lbTx="37.39249988" tId="2" fbRx="37.39250644" lbRx="0" />
<p fId="1" fbTx="37.39249428" lbTx="37.39249988" tId="2" fbRx="37.39250644" lbRx="0" />
<p fId="2" fbTx="37.39253068" lbTx="37.39257916" tId="0" fbRx="37.39258572" lbRx="0" />
<p fId="2" fbTx="37.39253068" lbTx="37.39257916" tId="1" fbRx="37.39258572" lbRx="0" />
<p fId="2" fbTx="37.39253068" lbTx="37.39257916" tId="1" fbRx="37.39258572" lbRx="0" />
<p fId="2" fbTx="37.39258712" lbTx="37.3926356" tId="0" fbRx="37.39264216" lbRx="0" />
<p fId="2" fbTx="37.39258712" lbTx="37.3926356" tId="1" fbRx="37.39264216" lbRx="0" />
<p fId="2" fbTx="37.39258712" lbTx="37.3926356" tId="1" fbRx="37.39264216" lbRx="0" />
<p fId="2" fbTx="37.39264256" lbTx="37.39269104" tId="0" fbRx="37.3926976" lbRx="0" />
<p fId="2" fbTx="37.39264256" lbTx="37.39269104" tId="1" fbRx="37.3926976" lbRx="0" />
<p fId="2" fbTx="37.39264256" lbTx="37.39269104" tId="1" fbRx="37.3926976" lbRx="0" />
<p fId="2" fbTx="37.392699" lbTx="37.39274748" tId="0" fbRx="37.39275404" lbRx="0" />
<p fId="2" fbTx="37.392699" lbTx="37.39274748" tId="1" fbRx="37.39275404" lbRx="0" />
<p fId="2" fbTx="37.392699" lbTx="37.39274748" tId="1" fbRx="37.39275404" lbRx="0" />
<p fId="2" fbTx="37.39275544" lbTx="37.39280392" tId="0" fbRx="37.39281048" lbRx="0" />
<p fId="2" fbTx="37.39275544" lbTx="37.39280392" tId="1" fbRx="37.39281048" lbRx="0" />
<p fId="2" fbTx="37.39275544" lbTx="37.39280392" tId="1" fbRx="37.39281048" lbRx="0" />
<p fId="2" fbTx="37.39281988" lbTx="37.39286836" tId="0" fbRx="37.39287492" lbRx="0" />
<p fId="2" fbTx="37.39281988" lbTx="37.39286836" tId="1" fbRx="37.39287492" lbRx="0" />
<p fId="2" fbTx="37.39281988" lbTx="37.39286836" tId="1" fbRx="37.39287492" lbRx="0" />
<p fId="2" fbTx="37.39287532" lbTx="37.3929238" tId="0" fbRx="37.39293036" lbRx="0" />
<p fId="2" fbTx="37.39287532" lbTx="37.3929238" tId="1" fbRx="37.39293036" lbRx="0" />
<p fId="2" fbTx="37.39287532" lbTx="37.3929238" tId="1" fbRx="37.39293036" lbRx="0" />
<p fId="2" fbTx="37.39293076" lbTx="37.39297924" tId="0" fbRx="37.3929858" lbRx="0" />
<p fId="2" fbTx="37.39293076" lbTx="37.39297924" tId="1" fbRx="37.3929858" lbRx="0" />
<p fId="2" fbTx="37.39293076" lbTx="37.39297924" tId="1" fbRx="37.3929858" lbRx="0" />
<p fId="2" fbTx="37.3929862" lbTx="37.39303468" tId="0" fbRx="37.39304124" lbRx="0" />
<p fId="2" fbTx="37.3929862" lbTx="37.39303468" tId="1" fbRx="37.39304124" lbRx="0" />
<p fId="2" fbTx="37.3929862" lbTx="37.39303468" tId="1" fbRx="37.39304124" lbRx="0" />
<p fId="2" fbTx="37.39305364" lbTx="37.39310212" tId="0" fbRx="37.39310868" lbRx="0" />
<p fId="2" fbTx="37.39305364" lbTx="37.39310212" tId="1" fbRx="37.39310868" lbRx="0" />
<p fId="2" fbTx="37.39305364" lbTx="37.39310212" tId="1" fbRx="37.39310868" lbRx="0" />
<p fId="2" fbTx="37.39311108" lbTx="37.39315956" tId="0" fbRx="37.39316612" lbRx="0" />
<p fId="2" fbTx="37.39311108" lbTx="37.39315956" tId="1" fbRx="37.39316612" lbRx="0" />
<p fId="2" fbTx="37.39311108" lbTx="37.39315956" tId="1" fbRx="37.39316612" lbRx="0" />
<p fId="2" fbTx="37.39316652" lbTx="37.393215" tId="0" fbRx="37.39322156" lbRx="0" />
<p fId="2" fbTx="37.39316652" lbTx="37.393215" tId="1" fbRx="37.39322156" lbRx="0" />
<p fId="2" fbTx="37.39316652" lbTx="37.393215" tId="1" fbRx="37.39322156" lbRx="0" />
<p fId="2" fbTx="37.39322496" lbTx="37.39327344" tId="0" fbRx="37.39328" lbRx="0" />
<p fId="2" fbTx="37.39322496" lbTx="37.39327344" tId="1" fbRx="37.39328" lbRx="0" />
<p fId="2" fbTx="37.39322496" lbTx="37.39327344" tId="1" fbRx="37.39328" lbRx="0" />
<p fId="2" fbTx="37.3932884" lbTx="37.39333688" tId="0" fbRx="37.39334344" lbRx="0" />
<p fId="2" fbTx="37.3932884" lbTx="37.39333688" tId="1" fbRx="37.39334344" lbRx="0" />
<p fId="2" fbTx="37.3932884" lbTx="37.39333688" tId="1" fbRx="37.39334344" lbRx="0" />
<p fId="2" fbTx="37.39334484" lbTx="37.39339332" tId="0" fbRx="37.39339988" lbRx="0" />
<p fId="2" fbTx="37.39334484" lbTx="37.39339332" tId="1" fbRx="37.39339988" lbRx="0" />
<p fId="2" fbTx="37.39334484" lbTx="37.39339332" tId="1" fbRx="37.39339988" lbRx="0" />
<p fId="2" fbTx="37.39340328" lbTx="37.39345176" tId="0" fbRx="37.39345832" lbRx="0" />
<p fId="2" fbTx="37.39340328" lbTx="37.39345176" tId="1" fbRx="37.39345832" lbRx="0" />
<p fId="2" fbTx="37.39340328" lbTx="37.39345176" tId="1" fbRx="37.39345832" lbRx="0" />
<p fId="2" fbTx="37.39346572" lbTx="37.3935142" tId="0" fbRx="37.39352076" lbRx="0" />
<p fId="2" fbTx="37.39346572" lbTx="37.3935142" tId="1" fbRx="37.39352076" lbRx="0" />
<p fId="2" fbTx="37.39346572" lbTx="37.3935142" tId="1" fbRx="37.39352076" lbRx="0" />
<p fId="2" fbTx="37.39352216" lbTx="37.39357064" tId="0" fbRx="37.3935772" lbRx="0" />
<p fId="2" fbTx="37.39352216" lbTx="37.39357064" tId="1" fbRx="37.3935772" lbRx="0" />
<p fId="2" fbTx="37.39352216" lbTx="37.39357064" tId="1" fbRx="37.3935772" lbRx="0" />
<p fId="2" fbTx="37.3935786" lbTx="37.39362708" tId="0" fbRx="37.39363364" lbRx="0" />
<p fId="2" fbTx="37.3935786" lbTx="37.39362708" tId="1" fbRx="37.39363364" lbRx="0" />
<p fId="2" fbTx="37.3935786" lbTx="37.39362708" tId="1" fbRx="37.39363364" lbRx="0" />
<p fId="2" fbTx="37.39363504" lbTx="37.39368352" tId="0" fbRx="37.39369008" lbRx="0" />
<p fId="2" fbTx="37.39363504" lbTx="37.39368352" tId="1" fbRx="37.39369008" lbRx="0" />
<p fId="2" fbTx="37.39363504" lbTx="37.39368352" tId="1" fbRx="37.39369008" lbRx="0" />
<p fId="2" fbTx="37.39369248" lbTx="37.39374096" tId="0" fbRx="37.39374752" lbRx="0" />
<p fId="2" fbTx="37.39369248" lbTx="37.39374096" tId="1" fbRx="37.39374752" lbRx="0" />
<p fId="2" fbTx="37.39369248" lbTx="37.39374096" tId="1" fbRx="37.39374752" lbRx="0" />
<p fId="2" fbTx="37.39374992" lbTx="37.3937984" tId="0" fbRx="37.39380496" lbRx="0" />
<p fId="2" fbTx="37.39374992" lbTx="37.3937984" tId="1" fbRx="37.39380496" lbRx="0" />
<p fId="2" fbTx="37.39374992" lbTx="37.3937984" tId="1" fbRx="37.39380496" lbRx="0" />
<p fId="2" fbTx="37.39380536" lbTx="37.39385384" tId="0" fbRx="37.3938604" lbRx="0" />
<p fId="2" fbTx="37.39380536" lbTx="37.39385384" tId="1" fbRx="37.3938604" lbRx="0" />
<p fId="2" fbTx="37.39380536" lbTx="37.39385384" tId="1" fbRx="37.3938604" lbRx="0" />
<p fId="2" fbTx="37.3938718" lbTx="37.39392028" tId="0" fbRx="37.39392684" lbRx="0" />
<p fId="2" fbTx="37.3938718" lbTx="37.39392028" tId="1" fbRx="37.39392684" lbRx="0" />
<p fId="2" fbTx="37.3938718" lbTx="37.39392028" tId="1" fbRx="37.39392684" lbRx="0" />
<p fId="2" fbTx="37.39392924" lbTx="37.39397772" tId="0" fbRx="37.39398428" lbRx="0" />
<p fId="2" fbTx="37.39392924" lbTx="37.39397772" tId="1" fbRx="37.39398428" lbRx="0" />
<p fId="2" fbTx="37.39392924" lbTx="37.39397772" tId="1" fbRx="37.39398428" lbRx="0" />
<p fId="2" fbTx="37.39399468" lbTx="37.39404316" tId="0" fbRx="37.39404972" lbRx="0" />
<p fId="2" fbTx="37.39399468" lbTx="37.39404316" tId="1" fbRx="37.39404972" lbRx="0" />
<p fId="2" fbTx="37.39399468" lbTx="37.39404316" tId="1" fbRx="37.39404972" lbRx="0" />
<p fId="2" fbTx="37.39405312" lbTx="37.3941016" tId="0" fbRx="37.39410816" lbRx="0" />
<p fId="2" fbTx="37.39405312" lbTx="37.3941016" tId="1" fbRx="37.39410816" lbRx="0" />
<p fId="2" fbTx="37.39405312" lbTx="37.3941016" tId="1" fbRx="37.39410816" lbRx="0" />
<p fId="2" fbTx="37.39411856" lbTx="37.39416704" tId="0" fbRx="37.3941736" lbRx="0" />
<p fId="2" fbTx="37.39411856" lbTx="37.39416704" tId="1" fbRx="37.3941736" lbRx="0" />
<p fId="2" fbTx="37.39411856" lbTx="37.39416704" tId="1" fbRx="37.3941736" lbRx="0" />
<p fId="2" fbTx="37.394182" lbTx="37.39423048" tId="0" fbRx="37.39423704" lbRx="0" />
<p fId="2" fbTx="37.394182" lbTx="37.39423048" tId="1" fbRx="37.39423704" lbRx="0" />
<p fId="2" fbTx="37.394182" lbTx="37.39423048" tId="1" fbRx="37.39423704" lbRx="0" />
<p fId="2" fbTx="37.39424744" lbTx="37.39429592" tId="0" fbRx="37.39430248" lbRx="0" />
<p fId="2" fbTx="37.39424744" lbTx="37.39429592" tId="1" fbRx="37.39430248" lbRx="0" />
<p fId="2" fbTx="37.39424744" lbTx="37.39429592" tId="1" fbRx="37.39430248" lbRx="0" />
<p fId="2" fbTx="37.39430488" lbTx="37.39435336" tId="0" fbRx="37.39435992" lbRx="0" />
<p fId="2" fbTx="37.39430488" lbTx="37.39435336" tId="1" fbRx="37.39435992" lbRx="0" />
<p fId="2" fbTx="37.39430488" lbTx="37.39435336" tId="1" fbRx="37.39435992" lbRx="0" />
<p fId="2" fbTx="37.39436932" lbTx="37.3944178" tId="0" fbRx="37.39442436" lbRx="0" />
<p fId="2" fbTx="37.39436932" lbTx="37.3944178" tId="1" fbRx="37.39442436" lbRx="0" />
<p fId="2" fbTx="37.39436932" lbTx="37.3944178" tId="1" fbRx="37.39442436" lbRx="0" />
<p fId="2" fbTx="37.39442576" lbTx="37.39447424" tId="0" fbRx="37.3944808" lbRx="0" />
<p fId="2" fbTx="37.39442576" lbTx="37.39447424" tId="1" fbRx="37.3944808" lbRx="0" />
<p fId="2" fbTx="37.39442576" lbTx="37.39447424" tId="1" fbRx="37.3944808" lbRx="0" />
<p fId="2" fbTx="37.3944812" lbTx="37.39452968" tId="0" fbRx="37.39453624" lbRx="0" />
<p fId="2" fbTx="37.3944812" lbTx="37.39452968" tId="1" fbRx="37.39453624" lbRx="0" />
<p fId="2" fbTx="37.3944812" lbTx="37.39452968" tId="1" fbRx="37.39453624" lbRx="0" />
<p fId="2" fbTx="37.39454864" lbTx="37.39459712" tId="0" fbRx="37.39460368" lbRx="0" />
<p fId="2" fbTx="37.39454864" lbTx="37.39459712" tId="1" fbRx="37.39460368" lbRx="0" />
<p fId="2" fbTx="37.39454864" lbTx="37.39459712" tId="1" fbRx="37.39460368" lbRx="0" />
<p fId="2" fbTx="37.39460708" lbTx="37.39465556" tId="0" fbRx="37.39466212" lbRx="0" />
<p fId="2" fbTx="37.39460708" lbTx="37.39465556" tId="1" fbRx="37.39466212" lbRx="0" />
<p fId="2" fbTx="37.39460708" lbTx="37.39465556" tId="1" fbRx="37.39466212" lbRx="0" />
<p fId="2" fbTx="37.39466352" lbTx="37.394712" tId="0" fbRx="37.39471856" lbRx="0" />
<p fId="2" fbTx="37.39466352" lbTx="37.394712" tId="1" fbRx="37.39471856" lbRx="0" />
<p fId="2" fbTx="37.39466352" lbTx="37.394712" tId="1" fbRx="37.39471856" lbRx="0" />
<p fId="2" fbTx="37.39472096" lbTx="37.39476944" tId="0" fbRx="37.394776" lbRx="0" />
<p fId="2" fbTx="37.39472096" lbTx="37.39476944" tId="1" fbRx="37.394776" lbRx="0" />
<p fId="2" fbTx="37.39472096" lbTx="37.39476944" tId="1" fbRx="37.394776" lbRx="0" />
<p fId="2" fbTx="37.3947784" lbTx="37.39482688" tId="0" fbRx="37.39483344" lbRx="0" />
<p fId="2" fbTx="37.3947784" lbTx="37.39482688" tId="1" fbRx="37.39483344" lbRx="0" />
<p fId="2" fbTx="37.3947784" lbTx="37.39482688" tId="1" fbRx="37.39483344" lbRx="0" />
<p fId="2" fbTx="37.39483484" lbTx="37.39488332" tId="0" fbRx="37.39488988" lbRx="0" />
<p fId="2" fbTx="37.39483484" lbTx="37.39488332" tId="1" fbRx="37.39488988" lbRx="0" />
<p fId="2" fbTx="37.39483484" lbTx="37.39488332" tId="1" fbRx="37.39488988" lbRx="0" />
<p fId="2" fbTx="37.39490128" lbTx="37.39494976" tId="0" fbRx="37.39495632" lbRx="0" />
<p fId="2" fbTx="37.39490128" lbTx="37.39494976" tId="1" fbRx="37.39495632" lbRx="0" />
<p fId="2" fbTx="37.39490128" lbTx="37.39494976" tId="1" fbRx="37.39495632" lbRx="0" />
<p fId="2" fbTx="37.39496472" lbTx="37.3950132" tId="0" fbRx="37.39501976" lbRx="0" />
<p fId="2" fbTx="37.39496472" lbTx="37.3950132" tId="1" fbRx="37.39501976" lbRx="0" />
<p fId="2" fbTx="37.39496472" lbTx="37.3950132" tId="1" fbRx="37.39501976" lbRx="0" />
<p fId="2" fbTx="37.39502116" lbTx="37.39506964" tId="0" fbRx="37.3950762" lbRx="0" />
<p fId="2" fbTx="37.39502116" lbTx="37.39506964" tId="1" fbRx="37.3950762" lbRx="0" />
<p fId="2" fbTx="37.39502116" lbTx="37.39506964" tId="1" fbRx="37.3950762" lbRx="0" />
<p fId="2" fbTx="37.3950796" lbTx="37.39512808" tId="0" fbRx="37.39513464" lbRx="0" />
<p fId="2" fbTx="37.3950796" lbTx="37.39512808" tId="1" fbRx="37.39513464" lbRx="0" />
<p fId="2" fbTx="37.3950796" lbTx="37.39512808" tId="1" fbRx="37.39513464" lbRx="0" />
<p fId="2" fbTx="37.39514104" lbTx="37.39518952" tId="0" fbRx="37.39519608" lbRx="0" />
<p fId="2" fbTx="37.39514104" lbTx="37.39518952" tId="1" fbRx="37.39519608" lbRx="0" />
<p fId="2" fbTx="37.39514104" lbTx="37.39518952" tId="1" fbRx="37.39519608" lbRx="0" />
<p fId="2" fbTx="37.39519948" lbTx="37.39524796" tId="0" fbRx="37.39525452" lbRx="0" />
<p fId="2" fbTx="37.39519948" lbTx="37.39524796" tId="1" fbRx="37.39525452" lbRx="0" />
<p fId="2" fbTx="37.39519948" lbTx="37.39524796" tId="1" fbRx="37.39525452" lbRx="0" />
<p fId="2" fbTx="37.39525492" lbTx="37.3953034" tId="0" fbRx="37.39530996" lbRx="0" />
<p fId="2" fbTx="37.39525492" lbTx="37.3953034" tId="1" fbRx="37.39530996" lbRx="0" />
<p fId="2" fbTx="37.39525492" lbTx="37.3953034" tId="1" fbRx="37.39530996" lbRx="0" />
<p fId="2" fbTx="37.39532236" lbTx="37.39537084" tId="0" fbRx="37.3953774" lbRx="0" />
<p fId="2" fbTx="37.39532236" lbTx="37.39537084" tId="1" fbRx="37.3953774" lbRx="0" />
<p fId="2" fbTx="37.39532236" lbTx="37.39537084" tId="1" fbRx="37.3953774" lbRx="0" />
<p fId="2" fbTx="37.3953818" lbTx="37.39543028" tId="0" fbRx="37.39543684" lbRx="0" />
<p fId="2" fbTx="37.3953818" lbTx="37.39543028" tId="1" fbRx="37.39543684" lbRx="0" />
<p fId="2" fbTx="37.3953818" lbTx="37.39543028" tId="1" fbRx="37.39543684" lbRx="0" />
<p fId="2" fbTx="37.39546424" lbTx="37.39551272" tId="0" fbRx="37.39551928" lbRx="0" />
<p fId="2" fbTx="37.39546424" lbTx="37.39551272" tId="1" fbRx="37.39551928" lbRx="0" />
<p fId="2" fbTx="37.39546424" lbTx="37.39551272" tId="1" fbRx="37.39551928" lbRx="0" />
<p fId="2" fbTx="37.39552168" lbTx="37.39557016" tId="0" fbRx="37.39557672" lbRx="0" />
<p fId="2" fbTx="37.39552168" lbTx="37.39557016" tId="1" fbRx="37.39557672" lbRx="0" />
<p fId="2" fbTx="37.39552168" lbTx="37.39557016" tId="1" fbRx="37.39557672" lbRx="0" />
<p fId="2" fbTx="37.39558812" lbTx="37.3956366" tId="0" fbRx="37.39564316" lbRx="0" />
<p fId="2" fbTx="37.39558812" lbTx="37.3956366" tId="1" fbRx="37.39564316" lbRx="0" />
<p fId="2" fbTx="37.39558812" lbTx="37.3956366" tId="1" fbRx="37.39564316" lbRx="0" />
<p fId="2" fbTx="37.39564456" lbTx="37.39569304" tId="0" fbRx="37.3956996" lbRx="0" />
<p fId="2" fbTx="37.39564456" lbTx="37.39569304" tId="1" fbRx="37.3956996" lbRx="0" />
<p fId="2" fbTx="37.39564456" lbTx="37.39569304" tId="1" fbRx="37.3956996" lbRx="0" />
<p fId="2" fbTx="37.3957" lbTx="37.39574848" tId="0" fbRx="37.39575504" lbRx="0" />
<p fId="2" fbTx="37.3957" lbTx="37.39574848" tId="1" fbRx="37.39575504" lbRx="0" />
<p fId="2" fbTx="37.3957" lbTx="37.39574848" tId="1" fbRx="37.39575504" lbRx="0" />
<p fId="2" fbTx="37.39575644" lbTx="37.39580492" tId="0" fbRx="37.39581148" lbRx="0" />
<p fId="2" fbTx="37.39575644" lbTx="37.39580492" tId="1" fbRx="37.39581148" lbRx="0" />
<p fId="2" fbTx="37.39575644" lbTx="37.39580492" tId="1" fbRx="37.39581148" lbRx="0" />
<p fId="2" fbTx="37.39581488" lbTx="37.39586336" tId="0" fbRx="37.39586992" lbRx="0" />
<p fId="2" fbTx="37.39581488" lbTx="37.39586336" tId="1" fbRx="37.39586992" lbRx="0" />
<p fId="2" fbTx="37.39581488" lbTx="37.39586336" tId="1" fbRx="37.39586992" lbRx="0" />
<p fId="2" fbTx="37.39587132" lbTx="37.3959198" tId="0" fbRx="37.39592636" lbRx="0" />
<p fId="2" fbTx="37.39587132" lbTx="37.3959198" tId="1" fbRx="37.39592636" lbRx="0" />
<p fId="2" fbTx="37.39587132" lbTx="37.3959198" tId="1" fbRx="37.39592636" lbRx="0" />
<p fId="2" fbTx="37.39592676" lbTx="37.39597524" tId="0" fbRx="37.3959818" lbRx="0" />
<p fId="2" fbTx="37.39592676" lbTx="37.39597524" tId="1" fbRx="37.3959818" lbRx="0" />
<p fId="2" fbTx="37.39592676" lbTx="37.39597524" tId="1" fbRx="37.3959818" lbRx="0" />
<p fId="2" fbTx="37.3959852" lbTx="37.39603368" tId="0" fbRx="37.39604024" lbRx="0" />
<p fId="2" fbTx="37.3959852" lbTx="37.39603368" tId="1" fbRx="37.39604024" lbRx="0" />
<p fId="2" fbTx="37.3959852" lbTx="37.39603368" tId="1" fbRx="37.39604024" lbRx="0" />
<p fId="2" fbTx="37.39604064" lbTx="37.39608912" tId="0" fbRx="37.39609568" lbRx="0" />
<p fId="2" fbTx="37.39604064" lbTx="37.39608912" tId="1" fbRx="37.39609568" lbRx="0" />
<p fId="2" fbTx="37.39604064" lbTx="37.39608912" tId="1" fbRx="37.39609568" lbRx="0" />
<p fId="2" fbTx="37.39610508" lbTx="37.39615356" tId="0" fbRx="37.39616012" lbRx="0" />
<p fId="2" fbTx="37.39610508" lbTx="37.39615356" tId="1" fbRx="37.39616012" lbRx="0" />
<p fId="2" fbTx="37.39610508" lbTx="37.39615356" tId="1" fbRx="37.39616012" lbRx="0" />
<p fId="2" fbTx="37.39617152" lbTx="37.39622" tId="0" fbRx="37.39622656" lbRx="0" />
<p fId="2" fbTx="37.39617152" lbTx="37.39622" tId="1" fbRx="37.39622656" lbRx="0" />
<p fId="2" fbTx="37.39617152" lbTx="37.39622" tId="1" fbRx="37.39622656" lbRx="0" />
<p fId="2" fbTx="37.39622896" lbTx="37.39627744" tId="0" fbRx="37.396284" lbRx="0" />
<p fId="2" fbTx="37.39622896" lbTx="37.39627744" tId="1" fbRx="37.396284" lbRx="0" />
<p fId="2" fbTx="37.39622896" lbTx="37.39627744" tId="1" fbRx="37.396284" lbRx="0" />
<p fId="2" fbTx="37.3962874" lbTx="37.39633588" tId="0" fbRx="37.39634244" lbRx="0" />
<p fId="2" fbTx="37.3962874" lbTx="37.39633588" tId="1" fbRx="37.39634244" lbRx="0" />
<p fId="2" fbTx="37.3962874" lbTx="37.39633588" tId="1" fbRx="37.39634244" lbRx="0" />
<p fId="2" fbTx="37.39634584" lbTx="37.39639432" tId="0" fbRx="37.39640088" lbRx="0" />
<p fId="2" fbTx="37.39634584" lbTx="37.39639432" tId="1" fbRx="37.39640088" lbRx="0" />
<p fId="2" fbTx="37.39634584" lbTx="37.39639432" tId="1" fbRx="37.39640088" lbRx="0" />
<p fId="2" fbTx="37.39640328" lbTx="37.39645176" tId="0" fbRx="37.39645832" lbRx="0" />
<p fId="2" fbTx="37.39640328" lbTx="37.39645176" tId="1" fbRx="37.39645832" lbRx="0" />
<p fId="2" fbTx="37.39640328" lbTx="37.39645176" tId="1" fbRx="37.39645832" lbRx="0" />
<p fId="2" fbTx="37.39645872" lbTx="37.3965072" tId="0" fbRx="37.39651376" lbRx="0" />
<p fId="2" fbTx="37.39645872" lbTx="37.3965072" tId="1" fbRx="37.39651376" lbRx="0" />
<p fId="2" fbTx="37.39645872" lbTx="37.3965072" tId="1" fbRx="37.39651376" lbRx="0" />
<p fId="2" fbTx="37.39651416" lbTx="37.39656264" tId="0" fbRx="37.3965692" lbRx="0" />
<p fId="2" fbTx="37.39651416" lbTx="37.39656264" tId="1" fbRx="37.3965692" lbRx="0" />
<p fId="2" fbTx="37.39651416" lbTx="37.39656264" tId="1" fbRx="37.3965692" lbRx="0" />
<p fId="2" fbTx="37.3965726" lbTx="37.39662108" tId="0" fbRx="37.39662764" lbRx="0" />
<p fId="2" fbTx="37.3965726" lbTx="37.39662108" tId="1" fbRx="37.39662764" lbRx="0" />
<p fId="2" fbTx="37.3965726" lbTx="37.39662108" tId="1" fbRx="37.39662764" lbRx="0" />
<p fId="2" fbTx="37.39662904" lbTx="37.39667752" tId="0" fbRx="37.39668408" lbRx="0" />
<p fId="2" fbTx="37.39662904" lbTx="37.39667752" tId="1" fbRx="37.39668408" lbRx="0" />
<p fId="2" fbTx="37.39662904" lbTx="37.39667752" tId="1" fbRx="37.39668408" lbRx="0" />
<p fId="2" fbTx="37.39668448" lbTx="37.39673296" tId="0" fbRx="37.39673952" lbRx="0" />
<p fId="2" fbTx="37.39668448" lbTx="37.39673296" tId="1" fbRx="37.39673952" lbRx="0" />
<p fId="2" fbTx="37.39668448" lbTx="37.39673296" tId="1" fbRx="37.39673952" lbRx="0" />
<p fId="2" fbTx="37.39674192" lbTx="37.3967904" tId="0" fbRx="37.39679696" lbRx="0" />
<p fId="2" fbTx="37.39674192" lbTx="37.3967904" tId="1" fbRx="37.39679696" lbRx="0" />
<p fId="2" fbTx="37.39674192" lbTx="37.3967904" tId="1" fbRx="37.39679696" lbRx="0" />
<p fId="2" fbTx="37.39679736" lbTx="37.39684584" tId="0" fbRx="37.3968524" lbRx="0" />
<p fId="2" fbTx="37.39679736" lbTx="37.39684584" tId="1" fbRx="37.3968524" lbRx="0" />
<p fId="2" fbTx="37.39679736" lbTx="37.39684584" tId="1" fbRx="37.3968524" lbRx="0" />
<p fId="2" fbTx="37.3968558" lbTx="37.39690428" tId="0" fbRx="37.39691084" lbRx="0" />
<p fId="2" fbTx="37.3968558" lbTx="37.39690428" tId="1" fbRx="37.39691084" lbRx="0" />
<p fId="2" fbTx="37.3968558" lbTx="37.39690428" tId="1" fbRx="37.39691084" lbRx="0" />
<p fId="2" fbTx="37.39691324" lbTx="37.39696172" tId="0" fbRx="37.39696828" lbRx="0" />
<p fId="2" fbTx="37.39691324" lbTx="37.39696172" tId="1" fbRx="37.39696828" lbRx="0" />
<p fId="2" fbTx="37.39691324" lbTx="37.39696172" tId="1" fbRx="37.39696828" lbRx="0" />
<p fId="2" fbTx="37.39697968" lbTx="37.39702816" tId="0" fbRx="37.39703472" lbRx="0" />
<p fId="2" fbTx="37.39697968" lbTx="37.39702816" tId="1" fbRx="37.39703472" lbRx="0" />
<p fId="2" fbTx="37.39697968" lbTx="37.39702816" tId="1" fbRx="37.39703472" lbRx="0" />
<p fId="2" fbTx="37.39703612" lbTx="37.3970846" tId="0" fbRx="37.39709116" lbRx="0" />
<p fId="2" fbTx="37.39703612" lbTx="37.3970846" tId="1" fbRx="37.39709116" lbRx="0" />
<p fId="2" fbTx="37.39703612" lbTx="37.3970846" tId="1" fbRx="37.39709116" lbRx="0" />
<p fId="2" fbTx="37.39709456" lbTx="37.39714304" tId="0" fbRx="37.3971496" lbRx="0" />
<p fId="2" fbTx="37.39709456" lbTx="37.39714304" tId="1" fbRx="37.3971496" lbRx="0" />
<p fId="2" fbTx="37.39709456" lbTx="37.39714304" tId="1" fbRx="37.3971496" lbRx="0" />
<p fId="2" fbTx="37.397151" lbTx="37.39719948" tId="0" fbRx="37.39720604" lbRx="0" />
<p fId="2" fbTx="37.397151" lbTx="37.39719948" tId="1" fbRx="37.39720604" lbRx="0" />
<p fId="2" fbTx="37.397151" lbTx="37.39719948" tId="1" fbRx="37.39720604" lbRx="0" />
<p fId="2" fbTx="37.39721844" lbTx="37.39726692" tId="0" fbRx="37.39727348" lbRx="0" />
<p fId="2" fbTx="37.39721844" lbTx="37.39726692" tId="1" fbRx="37.39727348" lbRx="0" />
<p fId="2" fbTx="37.39721844" lbTx="37.39726692" tId="1" fbRx="37.39727348" lbRx="0" />
<p fId="2" fbTx="37.39728588" lbTx="37.39733436" tId="0" fbRx="37.39734092" lbRx="0" />
<p fId="2" fbTx="37.39728588" lbTx="37.39733436" tId="1" fbRx="37.39734092" lbRx="0" />
<p fId="2" fbTx="37.39728588" lbTx="37.39733436" tId="1" fbRx="37.39734092" lbRx="0" />
<p fId="2" fbTx="37.39734832" lbTx="37.3973968" tId="0" fbRx="37.39740336" lbRx="0" />
<p fId="2" fbTx="37.39734832" lbTx="37.3973968" tId="1" fbRx="37.39740336" lbRx="0" />
<p fId="2" fbTx="37.39734832" lbTx="37.3973968" tId="1" fbRx="37.39740336" lbRx="0" />
<p fId="2" fbTx="37.39740576" lbTx="37.39745424" tId="0" fbRx="37.3974608" lbRx="0" />
<p fId="2" fbTx="37.39740576" lbTx="37.39745424" tId="1" fbRx="37.3974608" lbRx="0" />
<p fId="2" fbTx="37.39740576" lbTx="37.39745424" tId="1" fbRx="37.3974608" lbRx="0" />
<p fId="2" fbTx="37.3974612" lbTx="37.39750968" tId="0" fbRx="37.39751624" lbRx="0" />
<p fId="2" fbTx="37.3974612" lbTx="37.39750968" tId="1" fbRx="37.39751624" lbRx="0" />
<p fId="2" fbTx="37.3974612" lbTx="37.39750968" tId="1" fbRx="37.39751624" lbRx="0" />
<p fId="2" fbTx="37.39752664" lbTx="37.39757512" tId="0" fbRx="37.39758168" lbRx="0" />
<p fId="2" fbTx="37.39752664" lbTx="37.39757512" tId="1" fbRx="37.39758168" lbRx="0" />
<p fId="2" fbTx="37.39752664" lbTx="37.39757512" tId="1" fbRx="37.39758168" lbRx="0" />
<p fId="2" fbTx="37.39758408" lbTx="37.39763256" tId="0" fbRx="37.39763912" lbRx="0" />
<p fId="2" fbTx="37.39758408" lbTx="37.39763256" tId="1" fbRx="37.39763912" lbRx="0" />
<p fId="2" fbTx="37.39758408" lbTx="37.39763256" tId="1" fbRx="37.39763912" lbRx="0" />
<p fId="2" fbTx="37.39764852" lbTx="37.397697" tId="0" fbRx="37.39770356" lbRx="0" />
<p fId="2" fbTx="37.39764852" lbTx="37.397697" tId="1" fbRx="37.39770356" lbRx="0" />
<p fId="2" fbTx="37.39764852" lbTx="37.397697" tId="1" fbRx="37.39770356" lbRx="0" />
<p fId="2" fbTx="37.39770496" lbTx="37.39775344" tId="0" fbRx="37.39776" lbRx="0" />
<p fId="2" fbTx="37.39770496" lbTx="37.39775344" tId="1" fbRx="37.39776" lbRx="0" />
<p fId="2" fbTx="37.39770496" lbTx="37.39775344" tId="1" fbRx="37.39776" lbRx="0" />
<p fId="2" fbTx="37.3977694" lbTx="37.39781788" tId="0" fbRx="37.39782444" lbRx="0" />
<p fId="2" fbTx="37.3977694" lbTx="37.39781788" tId="1" fbRx="37.39782444" lbRx="0" />
<p fId="2" fbTx="37.3977694" lbTx="37.39781788" tId="1" fbRx="37.39782444" lbRx="0" />
<p fId="2" fbTx="37.39782984" lbTx="37.39787832" tId="0" fbRx="37.39788488" lbRx="0" />
<p fId="2" fbTx="37.39782984" lbTx="37.39787832" tId="1" fbRx="37.39788488" lbRx="0" />
<p fId="2" fbTx="37.39782984" lbTx="37.39787832" tId="1" fbRx="37.39788488" lbRx="0" />
<p fId="2" fbTx="37.39788528" lbTx="37.39793376" tId="0" fbRx="37.39794032" lbRx="0" />
<p fId="2" fbTx="37.39788528" lbTx="37.39793376" tId="1" fbRx="37.39794032" lbRx="0" />
<p fId="2" fbTx="37.39788528" lbTx="37.39793376" tId="1" fbRx="37.39794032" lbRx="0" />
<p fId="2" fbTx="37.39794072" lbTx="37.3979892" tId="0" fbRx="37.39799576" lbRx="0" />
<p fId="2" fbTx="37.39794072" lbTx="37.3979892" tId="1" fbRx="37.39799576" lbRx="0" />
<p fId="2" fbTx="37.39794072" lbTx="37.3979892" tId="1" fbRx="37.39799576" lbRx="0" />
<p fId="2" fbTx="37.39799716" lbTx="37.39804564" tId="0" fbRx="37.3980522" lbRx="0" />
<p fId="2" fbTx="37.39799716" lbTx="37.39804564" tId="1" fbRx="37.3980522" lbRx="0" />
<p fId="2" fbTx="37.39799716" lbTx="37.39804564" tId="1" fbRx="37.3980522" lbRx="0" />
<p fId="2" fbTx="37.3980586" lbTx="37.39810708" tId="0" fbRx="37.39811364" lbRx="0" />
<p fId="2" fbTx="37.3980586" lbTx="37.39810708" tId="1" fbRx="37.39811364" lbRx="0" />
<p fId="2" fbTx="37.3980586" lbTx="37.39810708" tId="1" fbRx="37.39811364" lbRx="0" />
<p fId="2" fbTx="37.39811404" lbTx="37.39816252" tId="0" fbRx="37.39816908" lbRx="0" />
<p fId="2" fbTx="37.39811404" lbTx="37.39816252" tId="1" fbRx="37.39816908" lbRx="0" />
<p fId="2" fbTx="37.39811404" lbTx="37.39816252" tId="1" fbRx="37.39816908" lbRx="0" />
<p fId="2" fbTx="37.39817148" lbTx="37.39821996" tId="0" fbRx="37.39822652" lbRx="0" />
<p fId="2" fbTx="37.39817148" lbTx="37.39821996" tId="1" fbRx="37.39822652" lbRx="0" />
<p fId="2" fbTx="37.39817148" lbTx="37.39821996" tId="1" fbRx="37.39822652" lbRx="0" />
<p fId="2" fbTx="37.39822692" lbTx="37.3982754" tId="0" fbRx="37.39828196" lbRx="0" />
<p fId="2" fbTx="37.39822692" lbTx="37.3982754" tId="1" fbRx="37.39828196" lbRx="0" />
<p fId="2" fbTx="37.39822692" lbTx="37.3982754" tId="1" fbRx="37.39828196" lbRx="0" />
<p fId="2" fbTx="37.39828336" lbTx="37.39833184" tId="0" fbRx="37.3983384" lbRx="0" />
<p fId="2" fbTx="37.39828336" lbTx="37.39833184" tId="1" fbRx="37.3983384" lbRx="0" />
<p fId="2" fbTx="37.39828336" lbTx="37.39833184" tId="1" fbRx="37.3983384" lbRx="0" />
<p fId="2" fbTx="37.3983418" lbTx="37.39839028" tId="0" fbRx="37.39839684" lbRx="0" />
<p fId="2" fbTx="37.3983418" lbTx="37.39839028" tId="1" fbRx="37.39839684" lbRx="0" />
<p fId="2" fbTx="37.3983418" lbTx="37.39839028" tId="1" fbRx="37.39839684" lbRx="0" />
<p fId="2" fbTx="37.39839824" lbTx="37.39844672" tId="0" fbRx="37.39845328" lbRx="0" />
<p fId="2" fbTx="37.39839824" lbTx="37.39844672" tId="1" fbRx="37.39845328" lbRx="0" />
<p fId="2" fbTx="37.39839824" lbTx="37.39844672" tId="1" fbRx="37.39845328" lbRx="0" />
<p fId="2" fbTx="37.39845568" lbTx="37.39850416" tId="0" fbRx="37.39851072" lbRx="0" />
<p fId="2" fbTx="37.39845568" lbTx="37.39850416" tId="1" fbRx="37.39851072" lbRx="0" />
<p fId="2" fbTx="37.39845568" lbTx="37.39850416" tId="1" fbRx="37.39851072" lbRx="0" />
<p fId="2" fbTx="37.39852212" lbTx="37.3985706" tId="0" fbRx="37.39857716" lbRx="0" />
<p fId="2" fbTx="37.39852212" lbTx="37.3985706" tId="1" fbRx="37.39857716" lbRx="0" />
<p fId="2" fbTx="37.39852212" lbTx="37.3985706" tId="1" fbRx="37.39857716" lbRx="0" />
<p fId="2" fbTx="37.39857956" lbTx="37.39862804" tId="0" fbRx="37.3986346" lbRx="0" />
<p fId="2" fbTx="37.39857956" lbTx="37.39862804" tId="1" fbRx="37.3986346" lbRx="0" />
<p fId="2" fbTx="37.39857956" lbTx="37.39862804" tId="1" fbRx="37.3986346" lbRx="0" />
<p fId="2" fbTx="37.39864" lbTx="37.39868848" tId="0" fbRx="37.39869504" lbRx="0" />
<p fId="2" fbTx="37.39864" lbTx="37.39868848" tId="1" fbRx="37.39869504" lbRx="0" />
<p fId="2" fbTx="37.39864" lbTx="37.39868848" tId="1" fbRx="37.39869504" lbRx="0" />
<p fId="2" fbTx="37.39870044" lbTx="37.39874892" tId="0" fbRx="37.39875548" lbRx="0" />
<p fId="2" fbTx="37.39870044" lbTx="37.39874892" tId="1" fbRx="37.39875548" lbRx="0" />
<p fId="2" fbTx="37.39870044" lbTx="37.39874892" tId="1" fbRx="37.39875548" lbRx="0" />
<p fId="2" fbTx="37.39875688" lbTx="37.39880536" tId="0" fbRx="37.39881192" lbRx="0" />
<p fId="2" fbTx="37.39875688" lbTx="37.39880536" tId="1" fbRx="37.39881192" lbRx="0" />
<p fId="2" fbTx="37.39875688" lbTx="37.39880536" tId="1" fbRx="37.39881192" lbRx="0" />
<p fId="2" fbTx="37.39881232" lbTx="37.3988608" tId="0" fbRx="37.39886736" lbRx="0" />
<p fId="2" fbTx="37.39881232" lbTx="37.3988608" tId="1" fbRx="37.39886736" lbRx="0" />
<p fId="2" fbTx="37.39881232" lbTx="37.3988608" tId="1" fbRx="37.39886736" lbRx="0" />
<p fId="2" fbTx="37.39886976" lbTx="37.39891824" tId="0" fbRx="37.3989248" lbRx="0" />
<p fId="2" fbTx="37.39886976" lbTx="37.39891824" tId="1" fbRx="37.3989248" lbRx="0" />
<p fId="2" fbTx="37.39886976" lbTx="37.39891824" tId="1" fbRx="37.3989248" lbRx="0" />
<p fId="2" fbTx="37.3989362" lbTx="37.39898468" tId="0" fbRx="37.39899124" lbRx="0" />
<p fId="2" fbTx="37.3989362" lbTx="37.39898468" tId="1" fbRx="37.39899124" lbRx="0" />
<p fId="2" fbTx="37.3989362" lbTx="37.39898468" tId="1" fbRx="37.39899124" lbRx="0" />
<p fId="2" fbTx="37.39899364" lbTx="37.39904212" tId="0" fbRx="37.39904868" lbRx="0" />
<p fId="2" fbTx="37.39899364" lbTx="37.39904212" tId="1" fbRx="37.39904868" lbRx="0" />
<p fId="2" fbTx="37.39899364" lbTx="37.39904212" tId="1" fbRx="37.39904868" lbRx="0" />
<p fId="2" fbTx="37.39905108" lbTx="37.39909956" tId="0" fbRx="37.39910612" lbRx="0" />
<p fId="2" fbTx="37.39905108" lbTx="37.39909956" tId="1" fbRx="37.39910612" lbRx="0" />
<p fId="2" fbTx="37.39905108" lbTx="37.39909956" tId="1" fbRx="37.39910612" lbRx="0" />
<p fId="2" fbTx="37.39910652" lbTx="37.399155" tId="0" fbRx="37.39916156" lbRx="0" />
<p fId="2" fbTx="37.39910652" lbTx="37.399155" tId="1" fbRx="37.39916156" lbRx="0" />
<p fId="2" fbTx="37.39910652" lbTx="37.399155" tId="1" fbRx="37.39916156" lbRx="0" />
<p fId="2" fbTx="37.39916296" lbTx="37.39921144" tId="0" fbRx="37.399218" lbRx="0" />
<p fId="2" fbTx="37.39916296" lbTx="37.39921144" tId="1" fbRx="37.399218" lbRx="0" />
<p fId="2" fbTx="37.39916296" lbTx="37.39921144" tId="1" fbRx="37.399218" lbRx="0" />
<p fId="2" fbTx="37.3992184" lbTx="37.39926688" tId="0" fbRx="37.39927344" lbRx="0" />
<p fId="2" fbTx="37.3992184" lbTx="37.39926688" tId="1" fbRx="37.39927344" lbRx="0" />
<p fId="2" fbTx="37.3992184" lbTx="37.39926688" tId="1" fbRx="37.39927344" lbRx="0" />
<p fId="2" fbTx="37.39927484" lbTx="37.39932332" tId="0" fbRx="37.39932988" lbRx="0" />
<p fId="2" fbTx="37.39927484" lbTx="37.39932332" tId="1" fbRx="37.39932988" lbRx="0" />
<p fId="2" fbTx="37.39927484" lbTx="37.39932332" tId="1" fbRx="37.39932988" lbRx="0" />
<p fId="2" fbTx="37.39934228" lbTx="37.39939076" tId="0" fbRx="37.39939732" lbRx="0" />
<p fId="2" fbTx="37.39934228" lbTx="37.39939076" tId="1" fbRx="37.39939732" lbRx="0" />
<p fId="2" fbTx="37.39934228" lbTx="37.39939076" tId="1" fbRx="37.39939732" lbRx="0" />
<p fId="2" fbTx="37.39940672" lbTx="37.3994552" tId="0" fbRx="37.39946176" lbRx="0" />
<p fId="2" fbTx="37.39940672" lbTx="37.3994552" tId="1" fbRx="37.39946176" lbRx="0" />
<p fId="2" fbTx="37.39940672" lbTx="37.3994552" tId="1" fbRx="37.39946176" lbRx="0" />
<p fId="2" fbTx="37.39946216" lbTx="37.39951064" tId="0" fbRx="37.3995172" lbRx="0" />
<p fId="2" fbTx="37.39946216" lbTx="37.39951064" tId="1" fbRx="37.3995172" lbRx="0" />
<p fId="2" fbTx="37.39946216" lbTx="37.39951064" tId="1" fbRx="37.3995172" lbRx="0" />
<p fId="2" fbTx="37.3995186" lbTx="37.39956708" tId="0" fbRx="37.39957364" lbRx="0" />
<p fId="2" fbTx="37.3995186" lbTx="37.39956708" tId="1" fbRx="37.39957364" lbRx="0" />
<p fId="2" fbTx="37.3995186" lbTx="37.39956708" tId="1" fbRx="37.39957364" lbRx="0" />
<p fId="2" fbTx="37.39957704" lbTx="37.39962552" tId="0" fbRx="37.39963208" lbRx="0" />
<p fId="2" fbTx="37.39957704" lbTx="37.39962552" tId="1" fbRx="37.39963208" lbRx="0" />
<p fId="2" fbTx="37.39957704" lbTx="37.39962552" tId="1" fbRx="37.39963208" lbRx="0" />
<p fId="2" fbTx="37.39963248" lbTx="37.39968096" tId="0" fbRx="37.39968752" lbRx="0" />
<p fId="2" fbTx="37.39963248" lbTx="37.39968096" tId="1" fbRx="37.39968752" lbRx="0" />
<p fId="2" fbTx="37.39963248" lbTx="37.39968096" tId="1" fbRx="37.39968752" lbRx="0" />
<p fId="2" fbTx="37.39968992" lbTx="37.3997384" tId="0" fbRx="37.39974496" lbRx="0" />
<p fId="2" fbTx="37.39968992" lbTx="37.3997384" tId="1" fbRx="37.39974496" lbRx="0" />
<p fId="2" fbTx="37.39968992" lbTx="37.3997384" tId="1" fbRx="37.39974496" lbRx="0" />
<p fId="2" fbTx="37.39975236" lbTx="37.39980084" tId="0" fbRx="37.3998074" lbRx="0" />
<p fId="2" fbTx="37.39975236" lbTx="37.39980084" tId="1" fbRx="37.3998074" lbRx="0" />
<p fId="2" fbTx="37.39975236" lbTx="37.39980084" tId="1" fbRx="37.3998074" lbRx="0" />
<p fId="2" fbTx="37.3998098" lbTx="37.39985828" tId="0" fbRx="37.39986484" lbRx="0" />
<p fId="2" fbTx="37.3998098" lbTx="37.39985828" tId="1" fbRx="37.39986484" lbRx="0" />
<p fId="2" fbTx="37.3998098" lbTx="37.39985828" tId="1" fbRx="37.39986484" lbRx="0" />
<p fId="2" fbTx="37.39986624" lbTx="37.39991472" tId="0" fbRx="37.39992128" lbRx="0" />
<p fId="2" fbTx="37.39986624" lbTx="37.39991472" tId="1" fbRx="37.39992128" lbRx="0" />
<p fId="2" fbTx="37.39986624" lbTx="37.39991472" tId="1" fbRx="37.39992128" lbRx="0" />
<p fId="2" fbTx="37.39992268" lbTx="37.39997116" tId="0" fbRx="37.39997772" lbRx="0" />
<p fId="2" fbTx="37.39992268" lbTx="37.39997116" tId="1" fbRx="37.39997772" lbRx="0" />
<p fId="2" fbTx="37.39992268" lbTx="37.39997116" tId="1" fbRx="37.39997772" lbRx="0" />
<p fId="2" fbTx="37.39997812" lbTx="37.4000266" tId="0" fbRx="37.40003316" lbRx="0" />
<p fId="2" fbTx="37.39997812" lbTx="37.4000266" tId="1" fbRx="37.40003316" lbRx="0" />
<p fId="2" fbTx="37.39997812" lbTx="37.4000266" tId="1" fbRx="37.40003316" lbRx="0" />
<p fId="2" fbTx="37.40004556" lbTx="37.40009404" tId="0" fbRx="37.4001006" lbRx="0" />
<p fId="2" fbTx="37.40004556" lbTx="37.40009404" tId="1" fbRx="37.4001006" lbRx="0" />
<p fId="2" fbTx="37.40004556" lbTx="37.40009404" tId="1" fbRx="37.4001006" lbRx="0" />
<p fId="2" fbTx="37.400101" lbTx="37.40014948" tId="0" fbRx="37.40015604" lbRx="0" />
<p fId="2" fbTx="37.400101" lbTx="37.40014948" tId="1" fbRx="37.40015604" lbRx="0" />
<p fId="2" fbTx="37.400101" lbTx="37.40014948" tId="1" fbRx="37.40015604" lbRx="0" />
<p fId="2" fbTx="37.40015844" lbTx="37.40020692" tId="0" fbRx="37.40021348" lbRx="0" />
<p fId="2" fbTx="37.40015844" lbTx="37.40020692" tId="1" fbRx="37.40021348" lbRx="0" />
<p fId="2" fbTx="37.40015844" lbTx="37.40020692" tId="1" fbRx="37.40021348" lbRx="0" />
<p fId="2" fbTx="37.40021588" lbTx="37.40026436" tId="0" fbRx="37.40027092" lbRx="0" />
<p fId="2" fbTx="37.40021588" lbTx="37.40026436" tId="1" fbRx="37.40027092" lbRx="0" />
<p fId="2" fbTx="37.40021588" lbTx="37.40026436" tId="1" fbRx="37.40027092" lbRx="0" />
<p fId="1" fbTx="37.40027316" lbTx="37.40027876" tId="0" fbRx="37.40028532" lbRx="0" />
<p fId="1" fbTx="37.40027316" lbTx="37.40027876" tId="2" fbRx="37.40028532" lbRx="0" />
<p fId="1" fbTx="37.40027316" lbTx="37.40027876" tId="2" fbRx="37.40028532" lbRx="0" />
<p fId="1" fbTx="37.40028572" lbTx="37.40029132" tId="0" fbRx="37.40029788" lbRx="0" />
<p fId="1" fbTx="37.40028572" lbTx="37.40029132" tId="2" fbRx="37.40029788" lbRx="0" />
<p fId="1" fbTx="37.40028572" lbTx="37.40029132" tId="2" fbRx="37.40029788" lbRx="0" />
<p fId="1" fbTx="37.40030328" lbTx="37.40030888" tId="0" fbRx="37.40031544" lbRx="0" />
<p fId="1" fbTx="37.40030328" lbTx="37.40030888" tId="2" fbRx="37.40031544" lbRx="0" />
<p fId="1" fbTx="37.40030328" lbTx="37.40030888" tId="2" fbRx="37.40031544" lbRx="0" />
<p fId="1" fbTx="37.40031684" lbTx="37.40032244" tId="0" fbRx="37.400329" lbRx="0" />
<p fId="1" fbTx="37.40031684" lbTx="37.40032244" tId="2" fbRx="37.400329" lbRx="0" />
<p fId="1" fbTx="37.40031684" lbTx="37.40032244" tId="2" fbRx="37.400329" lbRx="0" />
<p fId="2" fbTx="37.40032932" lbTx="37.4003778" tId="0" fbRx="37.40038436" lbRx="0" />
<p fId="2" fbTx="37.40032932" lbTx="37.4003778" tId="1" fbRx="37.40038436" lbRx="0" />
<p fId="2" fbTx="37.40032932" lbTx="37.4003778" tId="1" fbRx="37.40038436" lbRx="0" />
<p fId="1" fbTx="37.4003884" lbTx="37.400394" tId="0" fbRx="37.40040056" lbRx="0" />
<p fId="1" fbTx="37.4003884" lbTx="37.400394" tId="2" fbRx="37.40040056" lbRx="0" />
<p fId="1" fbTx="37.4003884" lbTx="37.400394" tId="2" fbRx="37.40040056" lbRx="0" />
<p fId="1" fbTx="37.40040196" lbTx="37.40040756" tId="0" fbRx="37.40041412" lbRx="0" />
<p fId="1" fbTx="37.40040196" lbTx="37.40040756" tId="2" fbRx="37.40041412" lbRx="0" />
<p fId="1" fbTx="37.40040196" lbTx="37.40040756" tId="2" fbRx="37.40041412" lbRx="0" />
<p fId="2" fbTx="37.40042476" lbTx="37.40047324" tId="0" fbRx="37.4004798" lbRx="0" />
<p fId="2" fbTx="37.40042476" lbTx="37.40047324" tId="1" fbRx="37.4004798" lbRx="0" />
<p fId="2" fbTx="37.40042476" lbTx="37.40047324" tId="1" fbRx="37.4004798" lbRx="0" />
<p fId="2" fbTx="37.4004892" lbTx="37.40053768" tId="0" fbRx="37.40054424" lbRx="0" />
<p fId="2" fbTx="37.4004892" lbTx="37.40053768" tId="1" fbRx="37.40054424" lbRx="0" />
<p fId="2" fbTx="37.4004892" lbTx="37.40053768" tId="1" fbRx="37.40054424" lbRx="0" />
<p fId="2" fbTx="37.40054664" lbTx="37.40059512" tId="0" fbRx="37.40060168" lbRx="0" />
<p fId="2" fbTx="37.40054664" lbTx="37.40059512" tId="1" fbRx="37.40060168" lbRx="0" />
<p fId="2" fbTx="37.40054664" lbTx="37.40059512" tId="1" fbRx="37.40060168" lbRx="0" />
<p fId="2" fbTx="37.40060908" lbTx="37.40065756" tId="0" fbRx="37.40066412" lbRx="0" />
<p fId="2" fbTx="37.40060908" lbTx="37.40065756" tId="1" fbRx="37.40066412" lbRx="0" />
<p fId="2" fbTx="37.40060908" lbTx="37.40065756" tId="1" fbRx="37.40066412" lbRx="0" />
<p fId="2" fbTx="37.40067652" lbTx="37.400725" tId="0" fbRx="37.40073156" lbRx="0" />
<p fId="2" fbTx="37.40067652" lbTx="37.400725" tId="1" fbRx="37.40073156" lbRx="0" />
<p fId="2" fbTx="37.40067652" lbTx="37.400725" tId="1" fbRx="37.40073156" lbRx="0" />
<p fId="2" fbTx="37.40073296" lbTx="37.40078144" tId="0" fbRx="37.400788" lbRx="0" />
<p fId="2" fbTx="37.40073296" lbTx="37.40078144" tId="1" fbRx="37.400788" lbRx="0" />
<p fId="2" fbTx="37.40073296" lbTx="37.40078144" tId="1" fbRx="37.400788" lbRx="0" />
<p fId="2" fbTx="37.4007994" lbTx="37.40084788" tId="0" fbRx="37.40085444" lbRx="0" />
<p fId="2" fbTx="37.4007994" lbTx="37.40084788" tId="1" fbRx="37.40085444" lbRx="0" />
<p fId="2" fbTx="37.4007994" lbTx="37.40084788" tId="1" fbRx="37.40085444" lbRx="0" />
<p fId="2" fbTx="37.40085784" lbTx="37.40090632" tId="0" fbRx="37.40091288" lbRx="0" />
<p fId="2" fbTx="37.40085784" lbTx="37.40090632" tId="1" fbRx="37.40091288" lbRx="0" />
<p fId="2" fbTx="37.40085784" lbTx="37.40090632" tId="1" fbRx="37.40091288" lbRx="0" />
<p fId="2" fbTx="37.40091328" lbTx="37.40096176" tId="0" fbRx="37.40096832" lbRx="0" />
<p fId="2" fbTx="37.40091328" lbTx="37.40096176" tId="1" fbRx="37.40096832" lbRx="0" />
<p fId="2" fbTx="37.40091328" lbTx="37.40096176" tId="1" fbRx="37.40096832" lbRx="0" />
<p fId="2" fbTx="37.40097972" lbTx="37.4010282" tId="0" fbRx="37.40103476" lbRx="0" />
<p fId="2" fbTx="37.40097972" lbTx="37.4010282" tId="1" fbRx="37.40103476" lbRx="0" />
<p fId="2" fbTx="37.40097972" lbTx="37.4010282" tId="1" fbRx="37.40103476" lbRx="0" />
<p fId="2" fbTx="37.40103716" lbTx="37.40108564" tId="0" fbRx="37.4010922" lbRx="0" />
<p fId="2" fbTx="37.40103716" lbTx="37.40108564" tId="1" fbRx="37.4010922" lbRx="0" />
<p fId="2" fbTx="37.40103716" lbTx="37.40108564" tId="1" fbRx="37.4010922" lbRx="0" />
<p fId="2" fbTx="37.4011036" lbTx="37.40115208" tId="0" fbRx="37.40115864" lbRx="0" />
<p fId="2" fbTx="37.4011036" lbTx="37.40115208" tId="1" fbRx="37.40115864" lbRx="0" />
<p fId="2" fbTx="37.4011036" lbTx="37.40115208" tId="1" fbRx="37.40115864" lbRx="0" />
<p fId="2" fbTx="37.40116104" lbTx="37.40120952" tId="0" fbRx="37.40121608" lbRx="0" />
<p fId="2" fbTx="37.40116104" lbTx="37.40120952" tId="1" fbRx="37.40121608" lbRx="0" />
<p fId="2" fbTx="37.40116104" lbTx="37.40120952" tId="1" fbRx="37.40121608" lbRx="0" />
<p fId="2" fbTx="37.40122748" lbTx="37.40127596" tId="0" fbRx="37.40128252" lbRx="0" />
<p fId="2" fbTx="37.40122748" lbTx="37.40127596" tId="1" fbRx="37.40128252" lbRx="0" />
<p fId="2" fbTx="37.40122748" lbTx="37.40127596" tId="1" fbRx="37.40128252" lbRx="0" />
<p fId="2" fbTx="37.40128492" lbTx="37.4013334" tId="0" fbRx="37.40133996" lbRx="0" />
<p fId="2" fbTx="37.40128492" lbTx="37.4013334" tId="1" fbRx="37.40133996" lbRx="0" />
<p fId="2" fbTx="37.40128492" lbTx="37.4013334" tId="1" fbRx="37.40133996" lbRx="0" />
<p fId="2" fbTx="37.40135036" lbTx="37.40139884" tId="0" fbRx="37.4014054" lbRx="0" />
<p fId="2" fbTx="37.40135036" lbTx="37.40139884" tId="1" fbRx="37.4014054" lbRx="0" />
<p fId="2" fbTx="37.40135036" lbTx="37.40139884" tId="1" fbRx="37.4014054" lbRx="0" />
<p fId="2" fbTx="37.4014138" lbTx="37.40146228" tId="0" fbRx="37.40146884" lbRx="0" />
<p fId="2" fbTx="37.4014138" lbTx="37.40146228" tId="1" fbRx="37.40146884" lbRx="0" />
<p fId="2" fbTx="37.4014138" lbTx="37.40146228" tId="1" fbRx="37.40146884" lbRx="0" />
<p fId="2" fbTx="37.40147524" lbTx="37.40152372" tId="0" fbRx="37.40153028" lbRx="0" />
<p fId="2" fbTx="37.40147524" lbTx="37.40152372" tId="1" fbRx="37.40153028" lbRx="0" />
<p fId="2" fbTx="37.40147524" lbTx="37.40152372" tId="1" fbRx="37.40153028" lbRx="0" />
<p fId="2" fbTx="37.40153168" lbTx="37.40158016" tId="0" fbRx="37.40158672" lbRx="0" />
<p fId="2" fbTx="37.40153168" lbTx="37.40158016" tId="1" fbRx="37.40158672" lbRx="0" />
<p fId="2" fbTx="37.40153168" lbTx="37.40158016" tId="1" fbRx="37.40158672" lbRx="0" />
<p fId="2" fbTx="37.40159012" lbTx="37.4016386" tId="0" fbRx="37.40164516" lbRx="0" />
<p fId="2" fbTx="37.40159012" lbTx="37.4016386" tId="1" fbRx="37.40164516" lbRx="0" />
<p fId="2" fbTx="37.40159012" lbTx="37.4016386" tId="1" fbRx="37.40164516" lbRx="0" />
<p fId="2" fbTx="37.40164656" lbTx="37.40169504" tId="0" fbRx="37.4017016" lbRx="0" />
<p fId="2" fbTx="37.40164656" lbTx="37.40169504" tId="1" fbRx="37.4017016" lbRx="0" />
<p fId="2" fbTx="37.40164656" lbTx="37.40169504" tId="1" fbRx="37.4017016" lbRx="0" />
<p fId="2" fbTx="37.401705" lbTx="37.40175348" tId="0" fbRx="37.40176004" lbRx="0" />
<p fId="2" fbTx="37.401705" lbTx="37.40175348" tId="1" fbRx="37.40176004" lbRx="0" />
<p fId="2" fbTx="37.401705" lbTx="37.40175348" tId="1" fbRx="37.40176004" lbRx="0" />
<p fId="2" fbTx="37.40176244" lbTx="37.40181092" tId="0" fbRx="37.40181748" lbRx="0" />
<p fId="2" fbTx="37.40176244" lbTx="37.40181092" tId="1" fbRx="37.40181748" lbRx="0" />
<p fId="2" fbTx="37.40176244" lbTx="37.40181092" tId="1" fbRx="37.40181748" lbRx="0" />
<p fId="2" fbTx="37.40182088" lbTx="37.40186936" tId="0" fbRx="37.40187592" lbRx="0" />
<p fId="2" fbTx="37.40182088" lbTx="37.40186936" tId="1" fbRx="37.40187592" lbRx="0" />
<p fId="2" fbTx="37.40182088" lbTx="37.40186936" tId="1" fbRx="37.40187592" lbRx="0" />
<p fId="2" fbTx="37.40188632" lbTx="37.4019348" tId="0" fbRx="37.40194136" lbRx="0" />
<p fId="2" fbTx="37.40188632" lbTx="37.4019348" tId="1" fbRx="37.40194136" lbRx="0" />
<p fId="2" fbTx="37.40188632" lbTx="37.4019348" tId="1" fbRx="37.40194136" lbRx="0" />
<p fId="2" fbTx="37.40194676" lbTx="37.40199524" tId="0" fbRx="37.4020018" lbRx="0" />
<p fId="2" fbTx="37.40194676" lbTx="37.40199524" tId="1" fbRx="37.4020018" lbRx="0" />
<p fId="2" fbTx="37.40194676" lbTx="37.40199524" tId="1" fbRx="37.4020018" lbRx="0" />
<p fId="2" fbTx="37.4020132" lbTx="37.40206168" tId="0" fbRx="37.40206824" lbRx="0" />
<p fId="2" fbTx="37.4020132" lbTx="37.40206168" tId="1" fbRx="37.40206824" lbRx="0" />
<p fId="2" fbTx="37.4020132" lbTx="37.40206168" tId="1" fbRx="37.40206824" lbRx="0" />
<p fId="2" fbTx="37.40206864" lbTx="37.40211712" tId="0" fbRx="37.40212368" lbRx="0" />
<p fId="2" fbTx="37.40206864" lbTx="37.40211712" tId="1" fbRx="37.40212368" lbRx="0" />
<p fId="2" fbTx="37.40206864" lbTx="37.40211712" tId="1" fbRx="37.40212368" lbRx="0" />
<p fId="2" fbTx="37.40212408" lbTx="37.40217256" tId="0" fbRx="37.40217912" lbRx="0" />
<p fId="2" fbTx="37.40212408" lbTx="37.40217256" tId="1" fbRx="37.40217912" lbRx="0" />
<p fId="2" fbTx="37.40212408" lbTx="37.40217256" tId="1" fbRx="37.40217912" lbRx="0" />
<p fId="2" fbTx="37.40217952" lbTx="37.402228" tId="0" fbRx="37.40223456" lbRx="0" />
<p fId="2" fbTx="37.40217952" lbTx="37.402228" tId="1" fbRx="37.40223456" lbRx="0" />
<p fId="2" fbTx="37.40217952" lbTx="37.402228" tId="1" fbRx="37.40223456" lbRx="0" />
<p fId="2" fbTx="37.40223696" lbTx="37.40228544" tId="0" fbRx="37.402292" lbRx="0" />
<p fId="2" fbTx="37.40223696" lbTx="37.40228544" tId="1" fbRx="37.402292" lbRx="0" />
<p fId="2" fbTx="37.40223696" lbTx="37.40228544" tId="1" fbRx="37.402292" lbRx="0" />
<p fId="2" fbTx="37.4022944" lbTx="37.40234288" tId="0" fbRx="37.40234944" lbRx="0" />
<p fId="2" fbTx="37.4022944" lbTx="37.40234288" tId="1" fbRx="37.40234944" lbRx="0" />
<p fId="2" fbTx="37.4022944" lbTx="37.40234288" tId="1" fbRx="37.40234944" lbRx="0" />
<p fId="2" fbTx="37.40235284" lbTx="37.40240132" tId="0" fbRx="37.40240788" lbRx="0" />
<p fId="2" fbTx="37.40235284" lbTx="37.40240132" tId="1" fbRx="37.40240788" lbRx="0" />
<p fId="2" fbTx="37.40235284" lbTx="37.40240132" tId="1" fbRx="37.40240788" lbRx="0" />
<p fId="2" fbTx="37.40240928" lbTx="37.40245776" tId="0" fbRx="37.40246432" lbRx="0" />
<p fId="2" fbTx="37.40240928" lbTx="37.40245776" tId="1" fbRx="37.40246432" lbRx="0" />
<p fId="2" fbTx="37.40240928" lbTx="37.40245776" tId="1" fbRx="37.40246432" lbRx="0" />
<p fId="2" fbTx="37.40246472" lbTx="37.4025132" tId="0" fbRx="37.40251976" lbRx="0" />
<p fId="2" fbTx="37.40246472" lbTx="37.4025132" tId="1" fbRx="37.40251976" lbRx="0" />
<p fId="2" fbTx="37.40246472" lbTx="37.4025132" tId="1" fbRx="37.40251976" lbRx="0" />
<p fId="2" fbTx="37.40252316" lbTx="37.40257164" tId="0" fbRx="37.4025782" lbRx="0" />
<p fId="2" fbTx="37.40252316" lbTx="37.40257164" tId="1" fbRx="37.4025782" lbRx="0" />
<p fId="2" fbTx="37.40252316" lbTx="37.40257164" tId="1" fbRx="37.4025782" lbRx="0" />
<p fId="2" fbTx="37.4025816" lbTx="37.40263008" tId="0" fbRx="37.40263664" lbRx="0" />
<p fId="2" fbTx="37.4025816" lbTx="37.40263008" tId="1" fbRx="37.40263664" lbRx="0" />
<p fId="2" fbTx="37.4025816" lbTx="37.40263008" tId="1" fbRx="37.40263664" lbRx="0" />
<p fId="2" fbTx="37.40264204" lbTx="37.40269052" tId="0" fbRx="37.40269708" lbRx="0" />
<p fId="2" fbTx="37.40264204" lbTx="37.40269052" tId="1" fbRx="37.40269708" lbRx="0" />
<p fId="2" fbTx="37.40264204" lbTx="37.40269052" tId="1" fbRx="37.40269708" lbRx="0" />
<p fId="2" fbTx="37.40270048" lbTx="37.40274896" tId="0" fbRx="37.40275552" lbRx="0" />
<p fId="2" fbTx="37.40270048" lbTx="37.40274896" tId="1" fbRx="37.40275552" lbRx="0" />
<p fId="2" fbTx="37.40270048" lbTx="37.40274896" tId="1" fbRx="37.40275552" lbRx="0" />
<p fId="2" fbTx="37.40275792" lbTx="37.4028064" tId="0" fbRx="37.40281296" lbRx="0" />
<p fId="2" fbTx="37.40275792" lbTx="37.4028064" tId="1" fbRx="37.40281296" lbRx="0" />
<p fId="2" fbTx="37.40275792" lbTx="37.4028064" tId="1" fbRx="37.40281296" lbRx="0" />
<p fId="2" fbTx="37.40281536" lbTx="37.40286384" tId="0" fbRx="37.4028704" lbRx="0" />
<p fId="2" fbTx="37.40281536" lbTx="37.40286384" tId="1" fbRx="37.4028704" lbRx="0" />
<p fId="2" fbTx="37.40281536" lbTx="37.40286384" tId="1" fbRx="37.4028704" lbRx="0" />
<p fId="2" fbTx="37.4028738" lbTx="37.40292228" tId="0" fbRx="37.40292884" lbRx="0" />
<p fId="2" fbTx="37.4028738" lbTx="37.40292228" tId="1" fbRx="37.40292884" lbRx="0" />
<p fId="2" fbTx="37.4028738" lbTx="37.40292228" tId="1" fbRx="37.40292884" lbRx="0" />
<p fId="2" fbTx="37.40293024" lbTx="37.40297872" tId="0" fbRx="37.40298528" lbRx="0" />
<p fId="2" fbTx="37.40293024" lbTx="37.40297872" tId="1" fbRx="37.40298528" lbRx="0" />
<p fId="2" fbTx="37.40293024" lbTx="37.40297872" tId="1" fbRx="37.40298528" lbRx="0" />
<p fId="2" fbTx="37.40298568" lbTx="37.40303416" tId="0" fbRx="37.40304072" lbRx="0" />
<p fId="2" fbTx="37.40298568" lbTx="37.40303416" tId="1" fbRx="37.40304072" lbRx="0" />
<p fId="2" fbTx="37.40298568" lbTx="37.40303416" tId="1" fbRx="37.40304072" lbRx="0" />
<p fId="2" fbTx="37.40304312" lbTx="37.4030916" tId="0" fbRx="37.40309816" lbRx="0" />
<p fId="2" fbTx="37.40304312" lbTx="37.4030916" tId="1" fbRx="37.40309816" lbRx="0" />
<p fId="2" fbTx="37.40304312" lbTx="37.4030916" tId="1" fbRx="37.40309816" lbRx="0" />
<p fId="2" fbTx="37.40310656" lbTx="37.40315504" tId="0" fbRx="37.4031616" lbRx="0" />
<p fId="2" fbTx="37.40310656" lbTx="37.40315504" tId="1" fbRx="37.4031616" lbRx="0" />
<p fId="2" fbTx="37.40310656" lbTx="37.40315504" tId="1" fbRx="37.4031616" lbRx="0" />
<p fId="2" fbTx="37.403164" lbTx="37.40321248" tId="0" fbRx="37.40321904" lbRx="0" />
<p fId="2" fbTx="37.403164" lbTx="37.40321248" tId="1" fbRx="37.40321904" lbRx="0" />
<p fId="2" fbTx="37.403164" lbTx="37.40321248" tId="1" fbRx="37.40321904" lbRx="0" />
<p fId="2" fbTx="37.40322144" lbTx="37.40326992" tId="0" fbRx="37.40327648" lbRx="0" />
<p fId="2" fbTx="37.40322144" lbTx="37.40326992" tId="1" fbRx="37.40327648" lbRx="0" />
<p fId="2" fbTx="37.40322144" lbTx="37.40326992" tId="1" fbRx="37.40327648" lbRx="0" />
<p fId="2" fbTx="37.40327888" lbTx="37.40332736" tId="0" fbRx="37.40333392" lbRx="0" />
<p fId="2" fbTx="37.40327888" lbTx="37.40332736" tId="1" fbRx="37.40333392" lbRx="0" />
<p fId="2" fbTx="37.40327888" lbTx="37.40332736" tId="1" fbRx="37.40333392" lbRx="0" />
<p fId="2" fbTx="37.40333432" lbTx="37.4033828" tId="0" fbRx="37.40338936" lbRx="0" />
<p fId="2" fbTx="37.40333432" lbTx="37.4033828" tId="1" fbRx="37.40338936" lbRx="0" />
<p fId="2" fbTx="37.40333432" lbTx="37.4033828" tId="1" fbRx="37.40338936" lbRx="0" />
<p fId="2" fbTx="37.40339476" lbTx="37.40344324" tId="0" fbRx="37.4034498" lbRx="0" />
<p fId="2" fbTx="37.40339476" lbTx="37.40344324" tId="1" fbRx="37.4034498" lbRx="0" />
<p fId="2" fbTx="37.40339476" lbTx="37.40344324" tId="1" fbRx="37.4034498" lbRx="0" />
<p fId="2" fbTx="37.4034512" lbTx="37.40349968" tId="0" fbRx="37.40350624" lbRx="0" />
<p fId="2" fbTx="37.4034512" lbTx="37.40349968" tId="1" fbRx="37.40350624" lbRx="0" />
<p fId="2" fbTx="37.4034512" lbTx="37.40349968" tId="1" fbRx="37.40350624" lbRx="0" />
<p fId="2" fbTx="37.40351364" lbTx="37.40356212" tId="0" fbRx="37.40356868" lbRx="0" />
<p fId="2" fbTx="37.40351364" lbTx="37.40356212" tId="1" fbRx="37.40356868" lbRx="0" />
<p fId="2" fbTx="37.40351364" lbTx="37.40356212" tId="1" fbRx="37.40356868" lbRx="0" />
<p fId="2" fbTx="37.40357008" lbTx="37.40361856" tId="0" fbRx="37.40362512" lbRx="0" />
<p fId="2" fbTx="37.40357008" lbTx="37.40361856" tId="1" fbRx="37.40362512" lbRx="0" />
<p fId="2" fbTx="37.40357008" lbTx="37.40361856" tId="1" fbRx="37.40362512" lbRx="0" />
<p fId="2" fbTx="37.40362552" lbTx="37.403674" tId="0" fbRx="37.40368056" lbRx="0" />
<p fId="2" fbTx="37.40362552" lbTx="37.403674" tId="1" fbRx="37.40368056" lbRx="0" />
<p fId="2" fbTx="37.40362552" lbTx="37.403674" tId="1" fbRx="37.40368056" lbRx="0" />
<p fId="2" fbTx="37.40368196" lbTx="37.40373044" tId="0" fbRx="37.403737" lbRx="0" />
<p fId="2" fbTx="37.40368196" lbTx="37.40373044" tId="1" fbRx="37.403737" lbRx="0" />
<p fId="2" fbTx="37.40368196" lbTx="37.40373044" tId="1" fbRx="37.403737" lbRx="0" />
<p fId="2" fbTx="37.4037444" lbTx="37.40379288" tId="0" fbRx="37.40379944" lbRx="0" />
<p fId="2" fbTx="37.4037444" lbTx="37.40379288" tId="1" fbRx="37.40379944" lbRx="0" />
<p fId="2" fbTx="37.4037444" lbTx="37.40379288" tId="1" fbRx="37.40379944" lbRx="0" />
<p fId="2" fbTx="37.40380684" lbTx="37.40385532" tId="0" fbRx="37.40386188" lbRx="0" />
<p fId="2" fbTx="37.40380684" lbTx="37.40385532" tId="1" fbRx="37.40386188" lbRx="0" />
<p fId="2" fbTx="37.40380684" lbTx="37.40385532" tId="1" fbRx="37.40386188" lbRx="0" />
<p fId="2" fbTx="37.40386428" lbTx="37.40391276" tId="0" fbRx="37.40391932" lbRx="0" />
<p fId="2" fbTx="37.40386428" lbTx="37.40391276" tId="1" fbRx="37.40391932" lbRx="0" />
<p fId="2" fbTx="37.40386428" lbTx="37.40391276" tId="1" fbRx="37.40391932" lbRx="0" />
<p fId="2" fbTx="37.40392072" lbTx="37.4039692" tId="0" fbRx="37.40397576" lbRx="0" />
<p fId="2" fbTx="37.40392072" lbTx="37.4039692" tId="1" fbRx="37.40397576" lbRx="0" />
<p fId="2" fbTx="37.40392072" lbTx="37.4039692" tId="1" fbRx="37.40397576" lbRx="0" />
<p fId="2" fbTx="37.40397816" lbTx="37.40402664" tId="0" fbRx="37.4040332" lbRx="0" />
<p fId="2" fbTx="37.40397816" lbTx="37.40402664" tId="1" fbRx="37.4040332" lbRx="0" />
<p fId="2" fbTx="37.40397816" lbTx="37.40402664" tId="1" fbRx="37.4040332" lbRx="0" />
<p fId="2" fbTx="37.4040336" lbTx="37.40408208" tId="0" fbRx="37.40408864" lbRx="0" />
<p fId="2" fbTx="37.4040336" lbTx="37.40408208" tId="1" fbRx="37.40408864" lbRx="0" />
<p fId="2" fbTx="37.4040336" lbTx="37.40408208" tId="1" fbRx="37.40408864" lbRx="0" />
<p fId="2" fbTx="37.40409604" lbTx="37.40414452" tId="0" fbRx="37.40415108" lbRx="0" />
<p fId="2" fbTx="37.40409604" lbTx="37.40414452" tId="1" fbRx="37.40415108" lbRx="0" />
<p fId="2" fbTx="37.40409604" lbTx="37.40414452" tId="1" fbRx="37.40415108" lbRx="0" />
<p fId="2" fbTx="37.40415248" lbTx="37.40420096" tId="0" fbRx="37.40420752" lbRx="0" />
<p fId="2" fbTx="37.40415248" lbTx="37.40420096" tId="1" fbRx="37.40420752" lbRx="0" />
<p fId="2" fbTx="37.40415248" lbTx="37.40420096" tId="1" fbRx="37.40420752" lbRx="0" />
<p fId="2" fbTx="37.40420892" lbTx="37.4042574" tId="0" fbRx="37.40426396" lbRx="0" />
<p fId="2" fbTx="37.40420892" lbTx="37.4042574" tId="1" fbRx="37.40426396" lbRx="0" />
<p fId="2" fbTx="37.40420892" lbTx="37.4042574" tId="1" fbRx="37.40426396" lbRx="0" />
<p fId="2" fbTx="37.40426436" lbTx="37.40431284" tId="0" fbRx="37.4043194" lbRx="0" />
<p fId="2" fbTx="37.40426436" lbTx="37.40431284" tId="1" fbRx="37.4043194" lbRx="0" />
<p fId="2" fbTx="37.40426436" lbTx="37.40431284" tId="1" fbRx="37.4043194" lbRx="0" />
<p fId="2" fbTx="37.4043198" lbTx="37.40436828" tId="0" fbRx="37.40437484" lbRx="0" />
<p fId="2" fbTx="37.4043198" lbTx="37.40436828" tId="1" fbRx="37.40437484" lbRx="0" />
<p fId="2" fbTx="37.4043198" lbTx="37.40436828" tId="1" fbRx="37.40437484" lbRx="0" />
<p fId="2" fbTx="37.40437724" lbTx="37.40442572" tId="0" fbRx="37.40443228" lbRx="0" />
<p fId="2" fbTx="37.40437724" lbTx="37.40442572" tId="1" fbRx="37.40443228" lbRx="0" />
<p fId="2" fbTx="37.40437724" lbTx="37.40442572" tId="1" fbRx="37.40443228" lbRx="0" />
<p fId="2" fbTx="37.40444068" lbTx="37.40448916" tId="0" fbRx="37.40449572" lbRx="0" />
<p fId="2" fbTx="37.40444068" lbTx="37.40448916" tId="1" fbRx="37.40449572" lbRx="0" />
<p fId="2" fbTx="37.40444068" lbTx="37.40448916" tId="1" fbRx="37.40449572" lbRx="0" />
<p fId="2" fbTx="37.40449812" lbTx="37.4045466" tId="0" fbRx="37.40455316" lbRx="0" />
<p fId="2" fbTx="37.40449812" lbTx="37.4045466" tId="1" fbRx="37.40455316" lbRx="0" />
<p fId="2" fbTx="37.40449812" lbTx="37.4045466" tId="1" fbRx="37.40455316" lbRx="0" />
<p fId="2" fbTx="37.40455356" lbTx="37.40460068" tId="0" fbRx="37.40460724" lbRx="0" />
<p fId="2" fbTx="37.40455356" lbTx="37.40460068" tId="1" fbRx="37.40460724" lbRx="0" />
<p fId="2" fbTx="37.40455356" lbTx="37.40460068" tId="1" fbRx="37.40460724" lbRx="0" />
<p fId="1" fbTx="37.40479452" lbTx="37.40480012" tId="0" fbRx="37.40480668" lbRx="0" />
<p fId="1" fbTx="37.40479452" lbTx="37.40480012" tId="2" fbRx="37.40480668" lbRx="0" />
<p fId="1" fbTx="37.40479452" lbTx="37.40480012" tId="2" fbRx="37.40480668" lbRx="0" />
<p fId="1" fbTx="37.40481408" lbTx="37.40481968" tId="0" fbRx="37.40482624" lbRx="0" />
<p fId="1" fbTx="37.40481408" lbTx="37.40481968" tId="2" fbRx="37.40482624" lbRx="0" />
<p fId="1" fbTx="37.40481408" lbTx="37.40481968" tId="2" fbRx="37.40482624" lbRx="0" />
<p fId="1" fbTx="37.40482664" lbTx="37.40483224" tId="0" fbRx="37.4048388" lbRx="0" />
<p fId="1" fbTx="37.40482664" lbTx="37.40483224" tId="2" fbRx="37.4048388" lbRx="0" />
<p fId="1" fbTx="37.40482664" lbTx="37.40483224" tId="2" fbRx="37.4048388" lbRx="0" />
<p fId="1" fbTx="37.4048402" lbTx="37.4048458" tId="0" fbRx="37.40485236" lbRx="0" />
<p fId="1" fbTx="37.4048402" lbTx="37.4048458" tId="2" fbRx="37.40485236" lbRx="0" />
<p fId="1" fbTx="37.4048402" lbTx="37.4048458" tId="2" fbRx="37.40485236" lbRx="0" />
<p fId="1" fbTx="37.40485276" lbTx="37.40485836" tId="0" fbRx="37.40486492" lbRx="0" />
<p fId="1" fbTx="37.40485276" lbTx="37.40485836" tId="2" fbRx="37.40486492" lbRx="0" />
<p fId="1" fbTx="37.40485276" lbTx="37.40485836" tId="2" fbRx="37.40486492" lbRx="0" />
<p fId="1" fbTx="37.40489332" lbTx="37.40489892" tId="0" fbRx="37.40490548" lbRx="0" />
<p fId="1" fbTx="37.40489332" lbTx="37.40489892" tId="2" fbRx="37.40490548" lbRx="0" />
<p fId="1" fbTx="37.40489332" lbTx="37.40489892" tId="2" fbRx="37.40490548" lbRx="0" />
<p fId="1" fbTx="37.40491288" lbTx="37.40491848" tId="0" fbRx="37.40492504" lbRx="0" />
<p fId="1" fbTx="37.40491288" lbTx="37.40491848" tId="2" fbRx="37.40492504" lbRx="0" />
<p fId="1" fbTx="37.40491288" lbTx="37.40491848" tId="2" fbRx="37.40492504" lbRx="0" />
<p fId="1" fbTx="37.40492944" lbTx="37.40493504" tId="0" fbRx="37.4049416" lbRx="0" />
<p fId="1" fbTx="37.40492944" lbTx="37.40493504" tId="2" fbRx="37.4049416" lbRx="0" />
<p fId="1" fbTx="37.40492944" lbTx="37.40493504" tId="2" fbRx="37.4049416" lbRx="0" />
<p fId="1" fbTx="37.40495" lbTx="37.4049556" tId="0" fbRx="37.40496216" lbRx="0" />
<p fId="1" fbTx="37.40495" lbTx="37.4049556" tId="2" fbRx="37.40496216" lbRx="0" />
<p fId="1" fbTx="37.40495" lbTx="37.4049556" tId="2" fbRx="37.40496216" lbRx="0" />
<p fId="1" fbTx="37.40496556" lbTx="37.40497116" tId="0" fbRx="37.40497772" lbRx="0" />
<p fId="1" fbTx="37.40496556" lbTx="37.40497116" tId="2" fbRx="37.40497772" lbRx="0" />
<p fId="1" fbTx="37.40496556" lbTx="37.40497116" tId="2" fbRx="37.40497772" lbRx="0" />
<p fId="1" fbTx="37.40498812" lbTx="37.40499372" tId="0" fbRx="37.40500028" lbRx="0" />
<p fId="1" fbTx="37.40498812" lbTx="37.40499372" tId="2" fbRx="37.40500028" lbRx="0" />
<p fId="1" fbTx="37.40498812" lbTx="37.40499372" tId="2" fbRx="37.40500028" lbRx="0" />
<p fId="1" fbTx="37.40500168" lbTx="37.40500728" tId="0" fbRx="37.40501384" lbRx="0" />
<p fId="1" fbTx="37.40500168" lbTx="37.40500728" tId="2" fbRx="37.40501384" lbRx="0" />
<p fId="1" fbTx="37.40500168" lbTx="37.40500728" tId="2" fbRx="37.40501384" lbRx="0" />
<p fId="1" fbTx="37.40501624" lbTx="37.40502184" tId="0" fbRx="37.4050284" lbRx="0" />
<p fId="1" fbTx="37.40501624" lbTx="37.40502184" tId="2" fbRx="37.4050284" lbRx="0" />
<p fId="1" fbTx="37.40501624" lbTx="37.40502184" tId="2" fbRx="37.4050284" lbRx="0" />
<p fId="1" fbTx="37.4050288" lbTx="37.4050344" tId="0" fbRx="37.40504096" lbRx="0" />
<p fId="1" fbTx="37.4050288" lbTx="37.4050344" tId="2" fbRx="37.40504096" lbRx="0" />
<p fId="1" fbTx="37.4050288" lbTx="37.4050344" tId="2" fbRx="37.40504096" lbRx="0" />
<p fId="1" fbTx="37.40504236" lbTx="37.40504796" tId="0" fbRx="37.40505452" lbRx="0" />
<p fId="1" fbTx="37.40504236" lbTx="37.40504796" tId="2" fbRx="37.40505452" lbRx="0" />
<p fId="1" fbTx="37.40504236" lbTx="37.40504796" tId="2" fbRx="37.40505452" lbRx="0" />
<p fId="1" fbTx="37.40505592" lbTx="37.40506152" tId="0" fbRx="37.40506808" lbRx="0" />
<p fId="1" fbTx="37.40505592" lbTx="37.40506152" tId="2" fbRx="37.40506808" lbRx="0" />
<p fId="1" fbTx="37.40505592" lbTx="37.40506152" tId="2" fbRx="37.40506808" lbRx="0" />
<p fId="1" fbTx="37.40506948" lbTx="37.40507508" tId="0" fbRx="37.40508164" lbRx="0" />
<p fId="1" fbTx="37.40506948" lbTx="37.40507508" tId="2" fbRx="37.40508164" lbRx="0" />
<p fId="1" fbTx="37.40506948" lbTx="37.40507508" tId="2" fbRx="37.40508164" lbRx="0" />
<p fId="1" fbTx="37.40508304" lbTx="37.40508864" tId="0" fbRx="37.4050952" lbRx="0" />
<p fId="1" fbTx="37.40508304" lbTx="37.40508864" tId="2" fbRx="37.4050952" lbRx="0" />
<p fId="1" fbTx="37.40508304" lbTx="37.40508864" tId="2" fbRx="37.4050952" lbRx="0" />
<p fId="1" fbTx="37.4050966" lbTx="37.4051022" tId="0" fbRx="37.40510876" lbRx="0" />
<p fId="1" fbTx="37.4050966" lbTx="37.4051022" tId="2" fbRx="37.40510876" lbRx="0" />
<p fId="1" fbTx="37.4050966" lbTx="37.4051022" tId="2" fbRx="37.40510876" lbRx="0" />
<p fId="1" fbTx="37.40511016" lbTx="37.40511576" tId="0" fbRx="37.40512232" lbRx="0" />
<p fId="1" fbTx="37.40511016" lbTx="37.40511576" tId="2" fbRx="37.40512232" lbRx="0" />
<p fId="1" fbTx="37.40511016" lbTx="37.40511576" tId="2" fbRx="37.40512232" lbRx="0" />
<p fId="1" fbTx="37.40512772" lbTx="37.40513332" tId="0" fbRx="37.40513988" lbRx="0" />
<p fId="1" fbTx="37.40512772" lbTx="37.40513332" tId="2" fbRx="37.40513988" lbRx="0" />
<p fId="1" fbTx="37.40512772" lbTx="37.40513332" tId="2" fbRx="37.40513988" lbRx="0" />
<p fId="1" fbTx="37.40514228" lbTx="37.40514788" tId="0" fbRx="37.40515444" lbRx="0" />
<p fId="1" fbTx="37.40514228" lbTx="37.40514788" tId="2" fbRx="37.40515444" lbRx="0" />
<p fId="1" fbTx="37.40514228" lbTx="37.40514788" tId="2" fbRx="37.40515444" lbRx="0" />
<p fId="1" fbTx="37.40515584" lbTx="37.40516144" tId="0" fbRx="37.405168" lbRx="0" />
<p fId="1" fbTx="37.40515584" lbTx="37.40516144" tId="2" fbRx="37.405168" lbRx="0" />
<p fId="1" fbTx="37.40515584" lbTx="37.40516144" tId="2" fbRx="37.405168" lbRx="0" />
<p fId="1" fbTx="37.4051714" lbTx="37.405177" tId="0" fbRx="37.40518356" lbRx="0" />
<p fId="1" fbTx="37.4051714" lbTx="37.405177" tId="2" fbRx="37.40518356" lbRx="0" />
<p fId="1" fbTx="37.4051714" lbTx="37.405177" tId="2" fbRx="37.40518356" lbRx="0" />
<p fId="1" fbTx="37.40518496" lbTx="37.40519056" tId="0" fbRx="37.40519712" lbRx="0" />
<p fId="1" fbTx="37.40518496" lbTx="37.40519056" tId="2" fbRx="37.40519712" lbRx="0" />
<p fId="1" fbTx="37.40518496" lbTx="37.40519056" tId="2" fbRx="37.40519712" lbRx="0" />
<p fId="1" fbTx="37.40519952" lbTx="37.40520512" tId="0" fbRx="37.40521168" lbRx="0" />
<p fId="1" fbTx="37.40519952" lbTx="37.40520512" tId="2" fbRx="37.40521168" lbRx="0" />
<p fId="1" fbTx="37.40519952" lbTx="37.40520512" tId="2" fbRx="37.40521168" lbRx="0" />
<p fId="1" fbTx="37.40521408" lbTx="37.40521968" tId="0" fbRx="37.40522624" lbRx="0" />
<p fId="1" fbTx="37.40521408" lbTx="37.40521968" tId="2" fbRx="37.40522624" lbRx="0" />
<p fId="1" fbTx="37.40521408" lbTx="37.40521968" tId="2" fbRx="37.40522624" lbRx="0" />
<p fId="1" fbTx="37.40522964" lbTx="37.40523524" tId="0" fbRx="37.4052418" lbRx="0" />
<p fId="1" fbTx="37.40522964" lbTx="37.40523524" tId="2" fbRx="37.4052418" lbRx="0" />
<p fId="1" fbTx="37.40522964" lbTx="37.40523524" tId="2" fbRx="37.4052418" lbRx="0" />
<p fId="1" fbTx="37.4052442" lbTx="37.4052498" tId="0" fbRx="37.40525636" lbRx="0" />
<p fId="1" fbTx="37.4052442" lbTx="37.4052498" tId="2" fbRx="37.40525636" lbRx="0" />
<p fId="1" fbTx="37.4052442" lbTx="37.4052498" tId="2" fbRx="37.40525636" lbRx="0" />
<p fId="1" fbTx="37.40526876" lbTx="37.40527436" tId="0" fbRx="37.40528092" lbRx="0" />
<p fId="1" fbTx="37.40526876" lbTx="37.40527436" tId="2" fbRx="37.40528092" lbRx="0" />
<p fId="1" fbTx="37.40526876" lbTx="37.40527436" tId="2" fbRx="37.40528092" lbRx="0" />
<p fId="1" fbTx="37.40528932" lbTx="37.40529492" tId="0" fbRx="37.40530148" lbRx="0" />
<p fId="1" fbTx="37.40528932" lbTx="37.40529492" tId="2" fbRx="37.40530148" lbRx="0" />
<p fId="1" fbTx="37.40528932" lbTx="37.40529492" tId="2" fbRx="37.40530148" lbRx="0" />
<p fId="1" fbTx="37.40530388" lbTx="37.40530948" tId="0" fbRx="37.40531604" lbRx="0" />
<p fId="1" fbTx="37.40530388" lbTx="37.40530948" tId="2" fbRx="37.40531604" lbRx="0" />
<p fId="1" fbTx="37.40530388" lbTx="37.40530948" tId="2" fbRx="37.40531604" lbRx="0" />
<p fId="1" fbTx="37.40533644" lbTx="37.40534204" tId="0" fbRx="37.4053486" lbRx="0" />
<p fId="1" fbTx="37.40533644" lbTx="37.40534204" tId="2" fbRx="37.4053486" lbRx="0" />
<p fId="1" fbTx="37.40533644" lbTx="37.40534204" tId="2" fbRx="37.4053486" lbRx="0" />
<p fId="1" fbTx="37.405351" lbTx="37.4053566" tId="0" fbRx="37.40536316" lbRx="0" />
<p fId="1" fbTx="37.405351" lbTx="37.4053566" tId="2" fbRx="37.40536316" lbRx="0" />
<p fId="1" fbTx="37.405351" lbTx="37.4053566" tId="2" fbRx="37.40536316" lbRx="0" />
<p fId="1" fbTx="37.40537156" lbTx="37.40537716" tId="0" fbRx="37.40538372" lbRx="0" />
<p fId="1" fbTx="37.40537156" lbTx="37.40537716" tId="2" fbRx="37.40538372" lbRx="0" />
<p fId="1" fbTx="37.40537156" lbTx="37.40537716" tId="2" fbRx="37.40538372" lbRx="0" />
<p fId="1" fbTx="37.40538612" lbTx="37.40539172" tId="0" fbRx="37.40539828" lbRx="0" />
<p fId="1" fbTx="37.40538612" lbTx="37.40539172" tId="2" fbRx="37.40539828" lbRx="0" />
<p fId="1" fbTx="37.40538612" lbTx="37.40539172" tId="2" fbRx="37.40539828" lbRx="0" />
<p fId="1" fbTx="37.40540368" lbTx="37.40540928" tId="0" fbRx="37.40541584" lbRx="0" />
<p fId="1" fbTx="37.40540368" lbTx="37.40540928" tId="2" fbRx="37.40541584" lbRx="0" />
<p fId="1" fbTx="37.40540368" lbTx="37.40540928" tId="2" fbRx="37.40541584" lbRx="0" />
<p fId="1" fbTx="37.40542124" lbTx="37.40542684" tId="0" fbRx="37.4054334" lbRx="0" />
<p fId="1" fbTx="37.40542124" lbTx="37.40542684" tId="2" fbRx="37.4054334" lbRx="0" />
<p fId="1" fbTx="37.40542124" lbTx="37.40542684" tId="2" fbRx="37.4054334" lbRx="0" />
<p fId="1" fbTx="37.4054468" lbTx="37.4054524" tId="0" fbRx="37.40545896" lbRx="0" />
<p fId="1" fbTx="37.4054468" lbTx="37.4054524" tId="2" fbRx="37.40545896" lbRx="0" />
<p fId="1" fbTx="37.4054468" lbTx="37.4054524" tId="2" fbRx="37.40545896" lbRx="0" />
<p fId="1" fbTx="37.40546236" lbTx="37.40546796" tId="0" fbRx="37.40547452" lbRx="0" />
<p fId="1" fbTx="37.40546236" lbTx="37.40546796" tId="2" fbRx="37.40547452" lbRx="0" />
<p fId="1" fbTx="37.40546236" lbTx="37.40546796" tId="2" fbRx="37.40547452" lbRx="0" />
<p fId="1" fbTx="37.40547692" lbTx="37.40548252" tId="0" fbRx="37.40548908" lbRx="0" />
<p fId="1" fbTx="37.40547692" lbTx="37.40548252" tId="2" fbRx="37.40548908" lbRx="0" />
<p fId="1" fbTx="37.40547692" lbTx="37.40548252" tId="2" fbRx="37.40548908" lbRx="0" />
<p fId="1" fbTx="37.40549148" lbTx="37.40549708" tId="0" fbRx="37.40550364" lbRx="0" />
<p fId="1" fbTx="37.40549148" lbTx="37.40549708" tId="2" fbRx="37.40550364" lbRx="0" />
<p fId="1" fbTx="37.40549148" lbTx="37.40549708" tId="2" fbRx="37.40550364" lbRx="0" />
<p fId="1" fbTx="37.40550604" lbTx="37.40551164" tId="0" fbRx="37.4055182" lbRx="0" />
<p fId="1" fbTx="37.40550604" lbTx="37.40551164" tId="2" fbRx="37.4055182" lbRx="0" />
<p fId="1" fbTx="37.40550604" lbTx="37.40551164" tId="2" fbRx="37.4055182" lbRx="0" />
<p fId="1" fbTx="37.4055246" lbTx="37.4055302" tId="0" fbRx="37.40553676" lbRx="0" />
<p fId="1" fbTx="37.4055246" lbTx="37.4055302" tId="2" fbRx="37.40553676" lbRx="0" />
<p fId="1" fbTx="37.4055246" lbTx="37.4055302" tId="2" fbRx="37.40553676" lbRx="0" />
<p fId="1" fbTx="37.40553916" lbTx="37.40554476" tId="0" fbRx="37.40555132" lbRx="0" />
<p fId="1" fbTx="37.40553916" lbTx="37.40554476" tId="2" fbRx="37.40555132" lbRx="0" />
<p fId="1" fbTx="37.40553916" lbTx="37.40554476" tId="2" fbRx="37.40555132" lbRx="0" />
<p fId="1" fbTx="37.40555372" lbTx="37.40555932" tId="0" fbRx="37.40556588" lbRx="0" />
<p fId="1" fbTx="37.40555372" lbTx="37.40555932" tId="2" fbRx="37.40556588" lbRx="0" />
<p fId="1" fbTx="37.40555372" lbTx="37.40555932" tId="2" fbRx="37.40556588" lbRx="0" />
<p fId="1" fbTx="37.40556628" lbTx="37.40557188" tId="0" fbRx="37.40557844" lbRx="0" />
<p fId="1" fbTx="37.40556628" lbTx="37.40557188" tId="2" fbRx="37.40557844" lbRx="0" />
<p fId="1" fbTx="37.40556628" lbTx="37.40557188" tId="2" fbRx="37.40557844" lbRx="0" />
<p fId="1" fbTx="37.40558084" lbTx="37.40558644" tId="0" fbRx="37.405593" lbRx="0" />
<p fId="1" fbTx="37.40558084" lbTx="37.40558644" tId="2" fbRx="37.405593" lbRx="0" />
<p fId="1" fbTx="37.40558084" lbTx="37.40558644" tId="2" fbRx="37.405593" lbRx="0" />
<p fId="1" fbTx="37.4055974" lbTx="37.405603" tId="0" fbRx="37.40560956" lbRx="0" />
<p fId="1" fbTx="37.4055974" lbTx="37.405603" tId="2" fbRx="37.40560956" lbRx="0" />
<p fId="1" fbTx="37.4055974" lbTx="37.405603" tId="2" fbRx="37.40560956" lbRx="0" />
<p fId="1" fbTx="37.40561196" lbTx="37.40561756" tId="0" fbRx="37.40562412" lbRx="0" />
<p fId="1" fbTx="37.40561196" lbTx="37.40561756" tId="2" fbRx="37.40562412" lbRx="0" />
<p fId="1" fbTx="37.40561196" lbTx="37.40561756" tId="2" fbRx="37.40562412" lbRx="0" />
<p fId="1" fbTx="37.40562552" lbTx="37.40563112" tId="0" fbRx="37.40563768" lbRx="0" />
<p fId="1" fbTx="37.40562552" lbTx="37.40563112" tId="2" fbRx="37.40563768" lbRx="0" />
<p fId="1" fbTx="37.40562552" lbTx="37.40563112" tId="2" fbRx="37.40563768" lbRx="0" />
<p fId="1" fbTx="37.40564008" lbTx="37.40564568" tId="0" fbRx="37.40565224" lbRx="0" />
<p fId="1" fbTx="37.40564008" lbTx="37.40564568" tId="2" fbRx="37.40565224" lbRx="0" />
<p fId="1" fbTx="37.40564008" lbTx="37.40564568" tId="2" fbRx="37.40565224" lbRx="0" />
<p fId="1" fbTx="37.40565564" lbTx="37.40566124" tId="0" fbRx="37.4056678" lbRx="0" />
<p fId="1" fbTx="37.40565564" lbTx="37.40566124" tId="2" fbRx="37.4056678" lbRx="0" />
<p fId="1" fbTx="37.40565564" lbTx="37.40566124" tId="2" fbRx="37.4056678" lbRx="0" />
<p fId="1" fbTx="37.4056692" lbTx="37.4056748" tId="0" fbRx="37.40568136" lbRx="0" />
<p fId="1" fbTx="37.4056692" lbTx="37.4056748" tId="2" fbRx="37.40568136" lbRx="0" />
<p fId="1" fbTx="37.4056692" lbTx="37.4056748" tId="2" fbRx="37.40568136" lbRx="0" />
<p fId="1" fbTx="37.40568376" lbTx="37.40568936" tId="0" fbRx="37.40569592" lbRx="0" />
<p fId="1" fbTx="37.40568376" lbTx="37.40568936" tId="2" fbRx="37.40569592" lbRx="0" />
<p fId="1" fbTx="37.40568376" lbTx="37.40568936" tId="2" fbRx="37.40569592" lbRx="0" />
<p fId="1" fbTx="37.40569632" lbTx="37.40570192" tId="0" fbRx="37.40570848" lbRx="0" />
<p fId="1" fbTx="37.40569632" lbTx="37.40570192" tId="2" fbRx="37.40570848" lbRx="0" />
<p fId="1" fbTx="37.40569632" lbTx="37.40570192" tId="2" fbRx="37.40570848" lbRx="0" />
<p fId="1" fbTx="37.40571188" lbTx="37.40571748" tId="0" fbRx="37.40572404" lbRx="0" />
<p fId="1" fbTx="37.40571188" lbTx="37.40571748" tId="2" fbRx="37.40572404" lbRx="0" />
<p fId="1" fbTx="37.40571188" lbTx="37.40571748" tId="2" fbRx="37.40572404" lbRx="0" />
<p fId="1" fbTx="37.40572644" lbTx="37.40573204" tId="0" fbRx="37.4057386" lbRx="0" />
<p fId="1" fbTx="37.40572644" lbTx="37.40573204" tId="2" fbRx="37.4057386" lbRx="0" />
<p fId="1" fbTx="37.40572644" lbTx="37.40573204" tId="2" fbRx="37.4057386" lbRx="0" />
<p fId="1" fbTx="37.405741" lbTx="37.4057466" tId="0" fbRx="37.40575316" lbRx="0" />
<p fId="1" fbTx="37.405741" lbTx="37.4057466" tId="2" fbRx="37.40575316" lbRx="0" />
<p fId="1" fbTx="37.405741" lbTx="37.4057466" tId="2" fbRx="37.40575316" lbRx="0" />
<p fId="1" fbTx="37.40575356" lbTx="37.40575916" tId="0" fbRx="37.40576572" lbRx="0" />
<p fId="1" fbTx="37.40575356" lbTx="37.40575916" tId="2" fbRx="37.40576572" lbRx="0" />
<p fId="1" fbTx="37.40575356" lbTx="37.40575916" tId="2" fbRx="37.40576572" lbRx="0" />
<p fId="1" fbTx="37.40576612" lbTx="37.40577172" tId="0" fbRx="37.40577828" lbRx="0" />
<p fId="1" fbTx="37.40576612" lbTx="37.40577172" tId="2" fbRx="37.40577828" lbRx="0" />
<p fId="1" fbTx="37.40576612" lbTx="37.40577172" tId="2" fbRx="37.40577828" lbRx="0" />
<p fId="1" fbTx="37.40578068" lbTx="37.40578628" tId="0" fbRx="37.40579284" lbRx="0" />
<p fId="1" fbTx="37.40578068" lbTx="37.40578628" tId="2" fbRx="37.40579284" lbRx="0" />
<p fId="1" fbTx="37.40578068" lbTx="37.40578628" tId="2" fbRx="37.40579284" lbRx="0" />
<p fId="1" fbTx="37.40579724" lbTx="37.40580284" tId="0" fbRx="37.4058094" lbRx="0" />
<p fId="1" fbTx="37.40579724" lbTx="37.40580284" tId="2" fbRx="37.4058094" lbRx="0" />
<p fId="1" fbTx="37.40579724" lbTx="37.40580284" tId="2" fbRx="37.4058094" lbRx="0" />
<p fId="1" fbTx="37.4058198" lbTx="37.4058254" tId="0" fbRx="37.40583196" lbRx="0" />
<p fId="1" fbTx="37.4058198" lbTx="37.4058254" tId="2" fbRx="37.40583196" lbRx="0" />
<p fId="1" fbTx="37.4058198" lbTx="37.4058254" tId="2" fbRx="37.40583196" lbRx="0" />
<p fId="1" fbTx="37.40583436" lbTx="37.40583996" tId="0" fbRx="37.40584652" lbRx="0" />
<p fId="1" fbTx="37.40583436" lbTx="37.40583996" tId="2" fbRx="37.40584652" lbRx="0" />
<p fId="1" fbTx="37.40583436" lbTx="37.40583996" tId="2" fbRx="37.40584652" lbRx="0" />
<p fId="1" fbTx="37.40584792" lbTx="37.40585352" tId="0" fbRx="37.40586008" lbRx="0" />
<p fId="1" fbTx="37.40584792" lbTx="37.40585352" tId="2" fbRx="37.40586008" lbRx="0" />
<p fId="1" fbTx="37.40584792" lbTx="37.40585352" tId="2" fbRx="37.40586008" lbRx="0" />
<p fId="1" fbTx="37.40586948" lbTx="37.40587508" tId="0" fbRx="37.40588164" lbRx="0" />
<p fId="1" fbTx="37.40586948" lbTx="37.40587508" tId="2" fbRx="37.40588164" lbRx="0" />
<p fId="1" fbTx="37.40586948" lbTx="37.40587508" tId="2" fbRx="37.40588164" lbRx="0" />
<p fId="1" fbTx="37.40588504" lbTx="37.40589064" tId="0" fbRx="37.4058972" lbRx="0" />
<p fId="1" fbTx="37.40588504" lbTx="37.40589064" tId="2" fbRx="37.4058972" lbRx="0" />
<p fId="1" fbTx="37.40588504" lbTx="37.40589064" tId="2" fbRx="37.4058972" lbRx="0" />
<p fId="1" fbTx="37.4058996" lbTx="37.4059052" tId="0" fbRx="37.40591176" lbRx="0" />
<p fId="1" fbTx="37.4058996" lbTx="37.4059052" tId="2" fbRx="37.40591176" lbRx="0" />
<p fId="1" fbTx="37.4058996" lbTx="37.4059052" tId="2" fbRx="37.40591176" lbRx="0" />
<p fId="1" fbTx="37.40592216" lbTx="37.40592776" tId="0" fbRx="37.40593432" lbRx="0" />
<p fId="1" fbTx="37.40592216" lbTx="37.40592776" tId="2" fbRx="37.40593432" lbRx="0" />
<p fId="1" fbTx="37.40592216" lbTx="37.40592776" tId="2" fbRx="37.40593432" lbRx="0" />
<p fId="1" fbTx="37.40594272" lbTx="37.40594832" tId="0" fbRx="37.40595488" lbRx="0" />
<p fId="1" fbTx="37.40594272" lbTx="37.40594832" tId="2" fbRx="37.40595488" lbRx="0" />
<p fId="1" fbTx="37.40594272" lbTx="37.40594832" tId="2" fbRx="37.40595488" lbRx="0" />
<p fId="1" fbTx="37.40595728" lbTx="37.40596288" tId="0" fbRx="37.40596944" lbRx="0" />
<p fId="1" fbTx="37.40595728" lbTx="37.40596288" tId="2" fbRx="37.40596944" lbRx="0" />
<p fId="1" fbTx="37.40595728" lbTx="37.40596288" tId="2" fbRx="37.40596944" lbRx="0" />
<p fId="1" fbTx="37.40597284" lbTx="37.40597844" tId="0" fbRx="37.405985" lbRx="0" />
<p fId="1" fbTx="37.40597284" lbTx="37.40597844" tId="2" fbRx="37.405985" lbRx="0" />
<p fId="1" fbTx="37.40597284" lbTx="37.40597844" tId="2" fbRx="37.405985" lbRx="0" />
<p fId="1" fbTx="37.4059864" lbTx="37.405992" tId="0" fbRx="37.40599856" lbRx="0" />
<p fId="1" fbTx="37.4059864" lbTx="37.405992" tId="2" fbRx="37.40599856" lbRx="0" />
<p fId="1" fbTx="37.4059864" lbTx="37.405992" tId="2" fbRx="37.40599856" lbRx="0" />
<p fId="1" fbTx="37.40600196" lbTx="37.40600756" tId="0" fbRx="37.40601412" lbRx="0" />
<p fId="1" fbTx="37.40600196" lbTx="37.40600756" tId="2" fbRx="37.40601412" lbRx="0" />
<p fId="1" fbTx="37.40600196" lbTx="37.40600756" tId="2" fbRx="37.40601412" lbRx="0" />
<p fId="1" fbTx="37.40602252" lbTx="37.40602812" tId="0" fbRx="37.40603468" lbRx="0" />
<p fId="1" fbTx="37.40602252" lbTx="37.40602812" tId="2" fbRx="37.40603468" lbRx="0" />
<p fId="1" fbTx="37.40602252" lbTx="37.40602812" tId="2" fbRx="37.40603468" lbRx="0" />
<p fId="1" fbTx="37.40603708" lbTx="37.40604268" tId="0" fbRx="37.40604924" lbRx="0" />
<p fId="1" fbTx="37.40603708" lbTx="37.40604268" tId="2" fbRx="37.40604924" lbRx="0" />
<p fId="1" fbTx="37.40603708" lbTx="37.40604268" tId="2" fbRx="37.40604924" lbRx="0" />
<p fId="1" fbTx="37.40605164" lbTx="37.40605724" tId="0" fbRx="37.4060638" lbRx="0" />
<p fId="1" fbTx="37.40605164" lbTx="37.40605724" tId="2" fbRx="37.4060638" lbRx="0" />
<p fId="1" fbTx="37.40605164" lbTx="37.40605724" tId="2" fbRx="37.4060638" lbRx="0" />
<p fId="1" fbTx="37.4060642" lbTx="37.4060698" tId="0" fbRx="37.40607636" lbRx="0" />
<p fId="1" fbTx="37.4060642" lbTx="37.4060698" tId="2" fbRx="37.40607636" lbRx="0" />
<p fId="1" fbTx="37.4060642" lbTx="37.4060698" tId="2" fbRx="37.40607636" lbRx="0" />
<p fId="1" fbTx="37.40607676" lbTx="37.40608236" tId="0" fbRx="37.40608892" lbRx="0" />
<p fId="1" fbTx="37.40607676" lbTx="37.40608236" tId="2" fbRx="37.40608892" lbRx="0" />
<p fId="1" fbTx="37.40607676" lbTx="37.40608236" tId="2" fbRx="37.40608892" lbRx="0" />
<p fId="1" fbTx="37.40609032" lbTx="37.40609592" tId="0" fbRx="37.40610248" lbRx="0" />
<p fId="1" fbTx="37.40609032" lbTx="37.40609592" tId="2" fbRx="37.40610248" lbRx="0" />
<p fId="1" fbTx="37.40609032" lbTx="37.40609592" tId="2" fbRx="37.40610248" lbRx="0" />
<p fId="1" fbTx="37.40610288" lbTx="37.40610848" tId="0" fbRx="37.40611504" lbRx="0" />
<p fId="1" fbTx="37.40610288" lbTx="37.40610848" tId="2" fbRx="37.40611504" lbRx="0" />
<p fId="1" fbTx="37.40610288" lbTx="37.40610848" tId="2" fbRx="37.40611504" lbRx="0" />
<p fId="1" fbTx="37.40612044" lbTx="37.40612604" tId="0" fbRx="37.4061326" lbRx="0" />
<p fId="1" fbTx="37.40612044" lbTx="37.40612604" tId="2" fbRx="37.4061326" lbRx="0" />
<p fId="1" fbTx="37.40612044" lbTx="37.40612604" tId="2" fbRx="37.4061326" lbRx="0" />
<p fId="1" fbTx="37.406134" lbTx="37.4061396" tId="0" fbRx="37.40614616" lbRx="0" />
<p fId="1" fbTx="37.406134" lbTx="37.4061396" tId="2" fbRx="37.40614616" lbRx="0" />
<p fId="1" fbTx="37.406134" lbTx="37.4061396" tId="2" fbRx="37.40614616" lbRx="0" />
<p fId="1" fbTx="37.40615056" lbTx="37.40615616" tId="0" fbRx="37.40616272" lbRx="0" />
<p fId="1" fbTx="37.40615056" lbTx="37.40615616" tId="2" fbRx="37.40616272" lbRx="0" />
<p fId="1" fbTx="37.40615056" lbTx="37.40615616" tId="2" fbRx="37.40616272" lbRx="0" />
<p fId="1" fbTx="37.40616612" lbTx="37.40617172" tId="0" fbRx="37.40617828" lbRx="0" />
<p fId="1" fbTx="37.40616612" lbTx="37.40617172" tId="2" fbRx="37.40617828" lbRx="0" />
<p fId="1" fbTx="37.40616612" lbTx="37.40617172" tId="2" fbRx="37.40617828" lbRx="0" />
<p fId="1" fbTx="37.40619068" lbTx="37.40619628" tId="0" fbRx="37.40620284" lbRx="0" />
<p fId="1" fbTx="37.40619068" lbTx="37.40619628" tId="2" fbRx="37.40620284" lbRx="0" />
<p fId="1" fbTx="37.40619068" lbTx="37.40619628" tId="2" fbRx="37.40620284" lbRx="0" />
<p fId="1" fbTx="37.40620324" lbTx="37.40620884" tId="0" fbRx="37.4062154" lbRx="0" />
<p fId="1" fbTx="37.40620324" lbTx="37.40620884" tId="2" fbRx="37.4062154" lbRx="0" />
<p fId="1" fbTx="37.40620324" lbTx="37.40620884" tId="2" fbRx="37.4062154" lbRx="0" />
<p fId="1" fbTx="37.4062158" lbTx="37.4062214" tId="0" fbRx="37.40622796" lbRx="0" />
<p fId="1" fbTx="37.4062158" lbTx="37.4062214" tId="2" fbRx="37.40622796" lbRx="0" />
<p fId="1" fbTx="37.4062158" lbTx="37.4062214" tId="2" fbRx="37.40622796" lbRx="0" />
<p fId="1" fbTx="37.40622936" lbTx="37.40623496" tId="0" fbRx="37.40624152" lbRx="0" />
<p fId="1" fbTx="37.40622936" lbTx="37.40623496" tId="2" fbRx="37.40624152" lbRx="0" />
<p fId="1" fbTx="37.40622936" lbTx="37.40623496" tId="2" fbRx="37.40624152" lbRx="0" />
<p fId="1" fbTx="37.40624192" lbTx="37.40624752" tId="0" fbRx="37.40625408" lbRx="0" />
<p fId="1" fbTx="37.40624192" lbTx="37.40624752" tId="2" fbRx="37.40625408" lbRx="0" />
<p fId="1" fbTx="37.40624192" lbTx="37.40624752" tId="2" fbRx="37.40625408" lbRx="0" />
<p fId="1" fbTx="37.40626048" lbTx="37.40626608" tId="0" fbRx="37.40627264" lbRx="0" />
<p fId="1" fbTx="37.40626048" lbTx="37.40626608" tId="2" fbRx="37.40627264" lbRx="0" />
<p fId="1" fbTx="37.40626048" lbTx="37.40626608" tId="2" fbRx="37.40627264" lbRx="0" />
<p fId="1" fbTx="37.40628604" lbTx="37.40629164" tId="0" fbRx="37.4062982" lbRx="0" />
<p fId="1" fbTx="37.40628604" lbTx="37.40629164" tId="2" fbRx="37.4062982" lbRx="0" />
<p fId="1" fbTx="37.40628604" lbTx="37.40629164" tId="2" fbRx="37.4062982" lbRx="0" />
<p fId="1" fbTx="37.4062986" lbTx="37.4063042" tId="0" fbRx="37.40631076" lbRx="0" />
<p fId="1" fbTx="37.4062986" lbTx="37.4063042" tId="2" fbRx="37.40631076" lbRx="0" />
<p fId="1" fbTx="37.4062986" lbTx="37.4063042" tId="2" fbRx="37.40631076" lbRx="0" />
<p fId="1" fbTx="37.40631316" lbTx="37.40631876" tId="0" fbRx="37.40632532" lbRx="0" />
<p fId="1" fbTx="37.40631316" lbTx="37.40631876" tId="2" fbRx="37.40632532" lbRx="0" />
<p fId="1" fbTx="37.40631316" lbTx="37.40631876" tId="2" fbRx="37.40632532" lbRx="0" />
<p fId="1" fbTx="37.49813127" lbTx="37.49816488" tId="0" fbRx="37.49817144" lbRx="0" />
<p fId="1" fbTx="37.49813127" lbTx="37.49816488" tId="2" fbRx="37.49817144" lbRx="0" />
<p fId="1" fbTx="37.49813127" lbTx="37.49816488" tId="2" fbRx="37.49817144" lbRx="0" />
<p fId="2" fbTx="37.49817144" lbTx="37.49818824" tId="0" fbRx="37.4981948" lbRx="0" />
<p fId="2" fbTx="37.49817144" lbTx="37.49818824" tId="1" fbRx="37.4981948" lbRx="0" />
<p fId="2" fbTx="37.49817144" lbTx="37.49818824" tId="1" fbRx="37.4981948" lbRx="0" />
<p fId="1" fbTx="37.4981948" lbTx="37.4982284" tId="0" fbRx="37.49823496" lbRx="0" />
<p fId="1" fbTx="37.4981948" lbTx="37.4982284" tId="2" fbRx="37.49823496" lbRx="0" />
<p fId="1" fbTx="37.4981948" lbTx="37.4982284" tId="2" fbRx="37.49823496" lbRx="0" />
<p fId="2" fbTx="37.49823496" lbTx="37.49825376" tId="0" fbRx="37.49826032" lbRx="0" />
<p fId="2" fbTx="37.49823496" lbTx="37.49825376" tId="1" fbRx="37.49826032" lbRx="0" />
<p fId="2" fbTx="37.49823496" lbTx="37.49825376" tId="1" fbRx="37.49826032" lbRx="0" />
<p fId="1" fbTx="37.49826032" lbTx="37.49829392" tId="0" fbRx="37.49830048" lbRx="0" />
<p fId="1" fbTx="37.49826032" lbTx="37.49829392" tId="2" fbRx="37.49830048" lbRx="0" />
<p fId="1" fbTx="37.49826032" lbTx="37.49829392" tId="2" fbRx="37.49830048" lbRx="0" />
<p fId="2" fbTx="37.49830048" lbTx="37.49831336" tId="0" fbRx="37.49831992" lbRx="0" />
<p fId="2" fbTx="37.49830048" lbTx="37.49831336" tId="1" fbRx="37.49831992" lbRx="0" />
<p fId="2" fbTx="37.49830048" lbTx="37.49831336" tId="1" fbRx="37.49831992" lbRx="0" />
<p fId="1" fbTx="37.69831992" lbTx="37.69832552" tId="0" fbRx="37.69833208" lbRx="0" />
<p fId="1" fbTx="37.69831992" lbTx="37.69832552" tId="2" fbRx="37.69833208" lbRx="0" />
<p fId="1" fbTx="37.69831992" lbTx="37.69832552" tId="2" fbRx="37.69833208" lbRx="0" />
<p fId="0" fbTx="56.13182805" lbTx="56.13186165" tId="1" fbRx="56.13186821" lbRx="0" />
<p fId="0" fbTx="56.13182805" lbTx="56.13186165" tId="2" fbRx="56.13186821" lbRx="0" />
<p fId="0" fbTx="56.13182805" lbTx="56.13186165" tId="2" fbRx="56.13186821" lbRx="0" />
<p fId="2" fbTx="56.13186821" lbTx="56.13191669" tId="0" fbRx="56.13192325" lbRx="0" />
<p fId="2" fbTx="56.13186821" lbTx="56.13191669" tId="0" fbRx="56.13192325" lbRx="0" />
<p fId="2" fbTx="56.13186821" lbTx="56.13191669" tId="1" fbRx="56.13192325" lbRx="0" />
<p fId="2" fbTx="56.13192365" lbTx="56.13197213" tId="0" fbRx="56.13197869" lbRx="0" />
<p fId="2" fbTx="56.13192365" lbTx="56.13197213" tId="0" fbRx="56.13197869" lbRx="0" />
<p fId="2" fbTx="56.13192365" lbTx="56.13197213" tId="1" fbRx="56.13197869" lbRx="0" />
<p fId="2" fbTx="56.13197909" lbTx="56.13202757" tId="0" fbRx="56.13203413" lbRx="0" />
<p fId="2" fbTx="56.13197909" lbTx="56.13202757" tId="0" fbRx="56.13203413" lbRx="0" />
<p fId="2" fbTx="56.13197909" lbTx="56.13202757" tId="1" fbRx="56.13203413" lbRx="0" />
<p fId="2" fbTx="56.13204553" lbTx="56.13209401" tId="0" fbRx="56.13210057" lbRx="0" />
<p fId="2" fbTx="56.13204553" lbTx="56.13209401" tId="0" fbRx="56.13210057" lbRx="0" />
<p fId="2" fbTx="56.13204553" lbTx="56.13209401" tId="1" fbRx="56.13210057" lbRx="0" />
<p fId="2" fbTx="56.13210397" lbTx="56.13215245" tId="0" fbRx="56.13215901" lbRx="0" />
<p fId="2" fbTx="56.13210397" lbTx="56.13215245" tId="0" fbRx="56.13215901" lbRx="0" />
<p fId="2" fbTx="56.13210397" lbTx="56.13215245" tId="1" fbRx="56.13215901" lbRx="0" />
<p fId="2" fbTx="56.13215941" lbTx="56.13220789" tId="0" fbRx="56.13221445" lbRx="0" />
<p fId="2" fbTx="56.13215941" lbTx="56.13220789" tId="0" fbRx="56.13221445" lbRx="0" />
<p fId="2" fbTx="56.13215941" lbTx="56.13220789" tId="1" fbRx="56.13221445" lbRx="0" />
<p fId="2" fbTx="56.13221785" lbTx="56.13226633" tId="0" fbRx="56.13227289" lbRx="0" />
<p fId="2" fbTx="56.13221785" lbTx="56.13226633" tId="0" fbRx="56.13227289" lbRx="0" />
<p fId="2" fbTx="56.13221785" lbTx="56.13226633" tId="1" fbRx="56.13227289" lbRx="0" />
<p fId="2" fbTx="56.13228429" lbTx="56.13233277" tId="0" fbRx="56.13233933" lbRx="0" />
<p fId="2" fbTx="56.13228429" lbTx="56.13233277" tId="0" fbRx="56.13233933" lbRx="0" />
<p fId="2" fbTx="56.13228429" lbTx="56.13233277" tId="1" fbRx="56.13233933" lbRx="0" />
<p fId="2" fbTx="56.13233973" lbTx="56.13238821" tId="0" fbRx="56.13239477" lbRx="0" />
<p fId="2" fbTx="56.13233973" lbTx="56.13238821" tId="0" fbRx="56.13239477" lbRx="0" />
<p fId="2" fbTx="56.13233973" lbTx="56.13238821" tId="1" fbRx="56.13239477" lbRx="0" />
<p fId="2" fbTx="56.13240117" lbTx="56.13244965" tId="0" fbRx="56.13245621" lbRx="0" />
<p fId="2" fbTx="56.13240117" lbTx="56.13244965" tId="0" fbRx="56.13245621" lbRx="0" />
<p fId="2" fbTx="56.13240117" lbTx="56.13244965" tId="1" fbRx="56.13245621" lbRx="0" />
<p fId="2" fbTx="56.13245661" lbTx="56.13250509" tId="0" fbRx="56.13251165" lbRx="0" />
<p fId="2" fbTx="56.13245661" lbTx="56.13250509" tId="0" fbRx="56.13251165" lbRx="0" />
<p fId="2" fbTx="56.13245661" lbTx="56.13250509" tId="1" fbRx="56.13251165" lbRx="0" />
<p fId="2" fbTx="56.13251205" lbTx="56.13256053" tId="0" fbRx="56.13256709" lbRx="0" />
<p fId="2" fbTx="56.13251205" lbTx="56.13256053" tId="0" fbRx="56.13256709" lbRx="0" />
<p fId="2" fbTx="56.13251205" lbTx="56.13256053" tId="1" fbRx="56.13256709" lbRx="0" />
<p fId="2" fbTx="56.13257249" lbTx="56.13262097" tId="0" fbRx="56.13262753" lbRx="0" />
<p fId="2" fbTx="56.13257249" lbTx="56.13262097" tId="0" fbRx="56.13262753" lbRx="0" />
<p fId="2" fbTx="56.13257249" lbTx="56.13262097" tId="1" fbRx="56.13262753" lbRx="0" />
<p fId="2" fbTx="56.13263093" lbTx="56.13267941" tId="0" fbRx="56.13268597" lbRx="0" />
<p fId="2" fbTx="56.13263093" lbTx="56.13267941" tId="0" fbRx="56.13268597" lbRx="0" />
<p fId="2" fbTx="56.13263093" lbTx="56.13267941" tId="1" fbRx="56.13268597" lbRx="0" />
<p fId="2" fbTx="56.13268837" lbTx="56.13273685" tId="0" fbRx="56.13274341" lbRx="0" />
<p fId="2" fbTx="56.13268837" lbTx="56.13273685" tId="0" fbRx="56.13274341" lbRx="0" />
<p fId="2" fbTx="56.13268837" lbTx="56.13273685" tId="1" fbRx="56.13274341" lbRx="0" />
<p fId="2" fbTx="56.13274481" lbTx="56.13279329" tId="0" fbRx="56.13279985" lbRx="0" />
<p fId="2" fbTx="56.13274481" lbTx="56.13279329" tId="0" fbRx="56.13279985" lbRx="0" />
<p fId="2" fbTx="56.13274481" lbTx="56.13279329" tId="1" fbRx="56.13279985" lbRx="0" />
<p fId="2" fbTx="56.13280525" lbTx="56.13285373" tId="0" fbRx="56.13286029" lbRx="0" />
<p fId="2" fbTx="56.13280525" lbTx="56.13285373" tId="0" fbRx="56.13286029" lbRx="0" />
<p fId="2" fbTx="56.13280525" lbTx="56.13285373" tId="1" fbRx="56.13286029" lbRx="0" />
<p fId="2" fbTx="56.13286369" lbTx="56.13291217" tId="0" fbRx="56.13291873" lbRx="0" />
<p fId="2" fbTx="56.13286369" lbTx="56.13291217" tId="0" fbRx="56.13291873" lbRx="0" />
<p fId="2" fbTx="56.13286369" lbTx="56.13291217" tId="1" fbRx="56.13291873" lbRx="0" />
<p fId="2" fbTx="56.13292013" lbTx="56.13296861" tId="0" fbRx="56.13297517" lbRx="0" />
<p fId="2" fbTx="56.13292013" lbTx="56.13296861" tId="0" fbRx="56.13297517" lbRx="0" />
<p fId="2" fbTx="56.13292013" lbTx="56.13296861" tId="1" fbRx="56.13297517" lbRx="0" />
<p fId="2" fbTx="56.13297557" lbTx="56.13302405" tId="0" fbRx="56.13303061" lbRx="0" />
<p fId="2" fbTx="56.13297557" lbTx="56.13302405" tId="0" fbRx="56.13303061" lbRx="0" />
<p fId="2" fbTx="56.13297557" lbTx="56.13302405" tId="1" fbRx="56.13303061" lbRx="0" />
<p fId="2" fbTx="56.13303101" lbTx="56.13307949" tId="0" fbRx="56.13308605" lbRx="0" />
<p fId="2" fbTx="56.13303101" lbTx="56.13307949" tId="0" fbRx="56.13308605" lbRx="0" />
<p fId="2" fbTx="56.13303101" lbTx="56.13307949" tId="1" fbRx="56.13308605" lbRx="0" />
<p fId="2" fbTx="56.13308645" lbTx="56.13313493" tId="0" fbRx="56.13314149" lbRx="0" />
<p fId="2" fbTx="56.13308645" lbTx="56.13313493" tId="0" fbRx="56.13314149" lbRx="0" />
<p fId="2" fbTx="56.13308645" lbTx="56.13313493" tId="1" fbRx="56.13314149" lbRx="0" />
<p fId="2" fbTx="56.13314289" lbTx="56.13319137" tId="0" fbRx="56.13319793" lbRx="0" />
<p fId="2" fbTx="56.13314289" lbTx="56.13319137" tId="0" fbRx="56.13319793" lbRx="0" />
<p fId="2" fbTx="56.13314289" lbTx="56.13319137" tId="1" fbRx="56.13319793" lbRx="0" />
<p fId="2" fbTx="56.13320033" lbTx="56.13324881" tId="0" fbRx="56.13325537" lbRx="0" />
<p fId="2" fbTx="56.13320033" lbTx="56.13324881" tId="0" fbRx="56.13325537" lbRx="0" />
<p fId="2" fbTx="56.13320033" lbTx="56.13324881" tId="1" fbRx="56.13325537" lbRx="0" />
<p fId="2" fbTx="56.13326477" lbTx="56.13331325" tId="0" fbRx="56.13331981" lbRx="0" />
<p fId="2" fbTx="56.13326477" lbTx="56.13331325" tId="0" fbRx="56.13331981" lbRx="0" />
<p fId="2" fbTx="56.13326477" lbTx="56.13331325" tId="1" fbRx="56.13331981" lbRx="0" />
<p fId="2" fbTx="56.13332021" lbTx="56.13336869" tId="0" fbRx="56.13337525" lbRx="0" />
<p fId="2" fbTx="56.13332021" lbTx="56.13336869" tId="0" fbRx="56.13337525" lbRx="0" />
<p fId="2" fbTx="56.13332021" lbTx="56.13336869" tId="1" fbRx="56.13337525" lbRx="0" />
<p fId="2" fbTx="56.13337765" lbTx="56.13342613" tId="0" fbRx="56.13343269" lbRx="0" />
<p fId="2" fbTx="56.13337765" lbTx="56.13342613" tId="0" fbRx="56.13343269" lbRx="0" />
<p fId="2" fbTx="56.13337765" lbTx="56.13342613" tId="1" fbRx="56.13343269" lbRx="0" />
<p fId="2" fbTx="56.13343309" lbTx="56.13348157" tId="0" fbRx="56.13348813" lbRx="0" />
<p fId="2" fbTx="56.13343309" lbTx="56.13348157" tId="0" fbRx="56.13348813" lbRx="0" />
<p fId="2" fbTx="56.13343309" lbTx="56.13348157" tId="1" fbRx="56.13348813" lbRx="0" />
<p fId="2" fbTx="56.13348853" lbTx="56.13353701" tId="0" fbRx="56.13354357" lbRx="0" />
<p fId="2" fbTx="56.13348853" lbTx="56.13353701" tId="0" fbRx="56.13354357" lbRx="0" />
<p fId="2" fbTx="56.13348853" lbTx="56.13353701" tId="1" fbRx="56.13354357" lbRx="0" />
<p fId="2" fbTx="56.13354397" lbTx="56.13359245" tId="0" fbRx="56.13359901" lbRx="0" />
<p fId="2" fbTx="56.13354397" lbTx="56.13359245" tId="0" fbRx="56.13359901" lbRx="0" />
<p fId="2" fbTx="56.13354397" lbTx="56.13359245" tId="1" fbRx="56.13359901" lbRx="0" />
<p fId="2" fbTx="56.13359941" lbTx="56.13364789" tId="0" fbRx="56.13365445" lbRx="0" />
<p fId="2" fbTx="56.13359941" lbTx="56.13364789" tId="0" fbRx="56.13365445" lbRx="0" />
<p fId="2" fbTx="56.13359941" lbTx="56.13364789" tId="1" fbRx="56.13365445" lbRx="0" />
<p fId="2" fbTx="56.13365785" lbTx="56.13370633" tId="0" fbRx="56.13371289" lbRx="0" />
<p fId="2" fbTx="56.13365785" lbTx="56.13370633" tId="0" fbRx="56.13371289" lbRx="0" />
<p fId="2" fbTx="56.13365785" lbTx="56.13370633" tId="1" fbRx="56.13371289" lbRx="0" />
<p fId="2" fbTx="56.13371329" lbTx="56.13376177" tId="0" fbRx="56.13376833" lbRx="0" />
<p fId="2" fbTx="56.13371329" lbTx="56.13376177" tId="0" fbRx="56.13376833" lbRx="0" />
<p fId="2" fbTx="56.13371329" lbTx="56.13376177" tId="1" fbRx="56.13376833" lbRx="0" />
<p fId="2" fbTx="56.13376873" lbTx="56.13381721" tId="0" fbRx="56.13382377" lbRx="0" />
<p fId="2" fbTx="56.13376873" lbTx="56.13381721" tId="0" fbRx="56.13382377" lbRx="0" />
<p fId="2" fbTx="56.13376873" lbTx="56.13381721" tId="1" fbRx="56.13382377" lbRx="0" />
<p fId="2" fbTx="56.13382517" lbTx="56.13387365" tId="0" fbRx="56.13388021" lbRx="0" />
<p fId="2" fbTx="56.13382517" lbTx="56.13387365" tId="0" fbRx="56.13388021" lbRx="0" />
<p fId="2" fbTx="56.13382517" lbTx="56.13387365" tId="1" fbRx="56.13388021" lbRx="0" />
<p fId="2" fbTx="56.13388261" lbTx="56.13393109" tId="0" fbRx="56.13393765" lbRx="0" />
<p fId="2" fbTx="56.13388261" lbTx="56.13393109" tId="0" fbRx="56.13393765" lbRx="0" />
<p fId="2" fbTx="56.13388261" lbTx="56.13393109" tId="1" fbRx="56.13393765" lbRx="0" />
<p fId="2" fbTx="56.13395605" lbTx="56.13400453" tId="0" fbRx="56.13401109" lbRx="0" />
<p fId="2" fbTx="56.13395605" lbTx="56.13400453" tId="0" fbRx="56.13401109" lbRx="0" />
<p fId="2" fbTx="56.13395605" lbTx="56.13400453" tId="1" fbRx="56.13401109" lbRx="0" />
<p fId="2" fbTx="56.13401749" lbTx="56.13406597" tId="0" fbRx="56.13407253" lbRx="0" />
<p fId="2" fbTx="56.13401749" lbTx="56.13406597" tId="0" fbRx="56.13407253" lbRx="0" />
<p fId="2" fbTx="56.13401749" lbTx="56.13406597" tId="1" fbRx="56.13407253" lbRx="0" />
<p fId="2" fbTx="56.13407793" lbTx="56.13412641" tId="0" fbRx="56.13413297" lbRx="0" />
<p fId="2" fbTx="56.13407793" lbTx="56.13412641" tId="0" fbRx="56.13413297" lbRx="0" />
<p fId="2" fbTx="56.13407793" lbTx="56.13412641" tId="1" fbRx="56.13413297" lbRx="0" />
<p fId="2" fbTx="56.13414137" lbTx="56.13418985" tId="0" fbRx="56.13419641" lbRx="0" />
<p fId="2" fbTx="56.13414137" lbTx="56.13418985" tId="0" fbRx="56.13419641" lbRx="0" />
<p fId="2" fbTx="56.13414137" lbTx="56.13418985" tId="1" fbRx="56.13419641" lbRx="0" />
<p fId="2" fbTx="56.13419781" lbTx="56.13424629" tId="0" fbRx="56.13425285" lbRx="0" />
<p fId="2" fbTx="56.13419781" lbTx="56.13424629" tId="0" fbRx="56.13425285" lbRx="0" />
<p fId="2" fbTx="56.13419781" lbTx="56.13424629" tId="1" fbRx="56.13425285" lbRx="0" />
<p fId="2" fbTx="56.13425425" lbTx="56.13430273" tId="0" fbRx="56.13430929" lbRx="0" />
<p fId="2" fbTx="56.13425425" lbTx="56.13430273" tId="0" fbRx="56.13430929" lbRx="0" />
<p fId="2" fbTx="56.13425425" lbTx="56.13430273" tId="1" fbRx="56.13430929" lbRx="0" />
<p fId="2" fbTx="56.13431069" lbTx="56.13435917" tId="0" fbRx="56.13436573" lbRx="0" />
<p fId="2" fbTx="56.13431069" lbTx="56.13435917" tId="0" fbRx="56.13436573" lbRx="0" />
<p fId="2" fbTx="56.13431069" lbTx="56.13435917" tId="1" fbRx="56.13436573" lbRx="0" />
<p fId="2" fbTx="56.13436713" lbTx="56.13441561" tId="0" fbRx="56.13442217" lbRx="0" />
<p fId="2" fbTx="56.13436713" lbTx="56.13441561" tId="0" fbRx="56.13442217" lbRx="0" />
<p fId="2" fbTx="56.13436713" lbTx="56.13441561" tId="1" fbRx="56.13442217" lbRx="0" />
<p fId="2" fbTx="56.13442657" lbTx="56.13447505" tId="0" fbRx="56.13448161" lbRx="0" />
<p fId="2" fbTx="56.13442657" lbTx="56.13447505" tId="0" fbRx="56.13448161" lbRx="0" />
<p fId="2" fbTx="56.13442657" lbTx="56.13447505" tId="1" fbRx="56.13448161" lbRx="0" />
<p fId="2" fbTx="56.13449001" lbTx="56.13453849" tId="0" fbRx="56.13454505" lbRx="0" />
<p fId="2" fbTx="56.13449001" lbTx="56.13453849" tId="0" fbRx="56.13454505" lbRx="0" />
<p fId="2" fbTx="56.13449001" lbTx="56.13453849" tId="1" fbRx="56.13454505" lbRx="0" />
<p fId="2" fbTx="56.13454645" lbTx="56.13459493" tId="0" fbRx="56.13460149" lbRx="0" />
<p fId="2" fbTx="56.13454645" lbTx="56.13459493" tId="0" fbRx="56.13460149" lbRx="0" />
<p fId="2" fbTx="56.13454645" lbTx="56.13459493" tId="1" fbRx="56.13460149" lbRx="0" />
<p fId="2" fbTx="56.13460389" lbTx="56.13465237" tId="0" fbRx="56.13465893" lbRx="0" />
<p fId="2" fbTx="56.13460389" lbTx="56.13465237" tId="0" fbRx="56.13465893" lbRx="0" />
<p fId="2" fbTx="56.13460389" lbTx="56.13465237" tId="1" fbRx="56.13465893" lbRx="0" />
<p fId="2" fbTx="56.13466133" lbTx="56.13470981" tId="0" fbRx="56.13471637" lbRx="0" />
<p fId="2" fbTx="56.13466133" lbTx="56.13470981" tId="0" fbRx="56.13471637" lbRx="0" />
<p fId="2" fbTx="56.13466133" lbTx="56.13470981" tId="1" fbRx="56.13471637" lbRx="0" />
<p fId="2" fbTx="56.13471777" lbTx="56.13476625" tId="0" fbRx="56.13477281" lbRx="0" />
<p fId="2" fbTx="56.13471777" lbTx="56.13476625" tId="0" fbRx="56.13477281" lbRx="0" />
<p fId="2" fbTx="56.13471777" lbTx="56.13476625" tId="1" fbRx="56.13477281" lbRx="0" />
<p fId="2" fbTx="56.13477721" lbTx="56.13482569" tId="0" fbRx="56.13483225" lbRx="0" />
<p fId="2" fbTx="56.13477721" lbTx="56.13482569" tId="0" fbRx="56.13483225" lbRx="0" />
<p fId="2" fbTx="56.13477721" lbTx="56.13482569" tId="1" fbRx="56.13483225" lbRx="0" />
<p fId="2" fbTx="56.13483265" lbTx="56.13488113" tId="0" fbRx="56.13488769" lbRx="0" />
<p fId="2" fbTx="56.13483265" lbTx="56.13488113" tId="0" fbRx="56.13488769" lbRx="0" />
<p fId="2" fbTx="56.13483265" lbTx="56.13488113" tId="1" fbRx="56.13488769" lbRx="0" />
<p fId="2" fbTx="56.13488809" lbTx="56.13493657" tId="0" fbRx="56.13494313" lbRx="0" />
<p fId="2" fbTx="56.13488809" lbTx="56.13493657" tId="0" fbRx="56.13494313" lbRx="0" />
<p fId="2" fbTx="56.13488809" lbTx="56.13493657" tId="1" fbRx="56.13494313" lbRx="0" />
<p fId="2" fbTx="56.13495253" lbTx="56.13500101" tId="0" fbRx="56.13500757" lbRx="0" />
<p fId="2" fbTx="56.13495253" lbTx="56.13500101" tId="0" fbRx="56.13500757" lbRx="0" />
<p fId="2" fbTx="56.13495253" lbTx="56.13500101" tId="1" fbRx="56.13500757" lbRx="0" />
<p fId="2" fbTx="56.13501697" lbTx="56.13506545" tId="0" fbRx="56.13507201" lbRx="0" />
<p fId="2" fbTx="56.13501697" lbTx="56.13506545" tId="0" fbRx="56.13507201" lbRx="0" />
<p fId="2" fbTx="56.13501697" lbTx="56.13506545" tId="1" fbRx="56.13507201" lbRx="0" />
<p fId="2" fbTx="56.13508041" lbTx="56.13512889" tId="0" fbRx="56.13513545" lbRx="0" />
<p fId="2" fbTx="56.13508041" lbTx="56.13512889" tId="0" fbRx="56.13513545" lbRx="0" />
<p fId="2" fbTx="56.13508041" lbTx="56.13512889" tId="1" fbRx="56.13513545" lbRx="0" />
<p fId="2" fbTx="56.13513785" lbTx="56.13518633" tId="0" fbRx="56.13519289" lbRx="0" />
<p fId="2" fbTx="56.13513785" lbTx="56.13518633" tId="0" fbRx="56.13519289" lbRx="0" />
<p fId="2" fbTx="56.13513785" lbTx="56.13518633" tId="1" fbRx="56.13519289" lbRx="0" />
<p fId="2" fbTx="56.13519629" lbTx="56.13524477" tId="0" fbRx="56.13525133" lbRx="0" />
<p fId="2" fbTx="56.13519629" lbTx="56.13524477" tId="0" fbRx="56.13525133" lbRx="0" />
<p fId="2" fbTx="56.13519629" lbTx="56.13524477" tId="1" fbRx="56.13525133" lbRx="0" />
<p fId="2" fbTx="56.13525273" lbTx="56.13530121" tId="0" fbRx="56.13530777" lbRx="0" />
<p fId="2" fbTx="56.13525273" lbTx="56.13530121" tId="0" fbRx="56.13530777" lbRx="0" />
<p fId="2" fbTx="56.13525273" lbTx="56.13530121" tId="1" fbRx="56.13530777" lbRx="0" />
<p fId="2" fbTx="56.13530817" lbTx="56.13535665" tId="0" fbRx="56.13536321" lbRx="0" />
<p fId="2" fbTx="56.13530817" lbTx="56.13535665" tId="0" fbRx="56.13536321" lbRx="0" />
<p fId="2" fbTx="56.13530817" lbTx="56.13535665" tId="1" fbRx="56.13536321" lbRx="0" />
<p fId="2" fbTx="56.13536361" lbTx="56.13541209" tId="0" fbRx="56.13541865" lbRx="0" />
<p fId="2" fbTx="56.13536361" lbTx="56.13541209" tId="0" fbRx="56.13541865" lbRx="0" />
<p fId="2" fbTx="56.13536361" lbTx="56.13541209" tId="1" fbRx="56.13541865" lbRx="0" />
<p fId="2" fbTx="56.13542005" lbTx="56.13546853" tId="0" fbRx="56.13547509" lbRx="0" />
<p fId="2" fbTx="56.13542005" lbTx="56.13546853" tId="0" fbRx="56.13547509" lbRx="0" />
<p fId="2" fbTx="56.13542005" lbTx="56.13546853" tId="1" fbRx="56.13547509" lbRx="0" />
<p fId="2" fbTx="56.13547549" lbTx="56.13552397" tId="0" fbRx="56.13553053" lbRx="0" />
<p fId="2" fbTx="56.13547549" lbTx="56.13552397" tId="0" fbRx="56.13553053" lbRx="0" />
<p fId="2" fbTx="56.13547549" lbTx="56.13552397" tId="1" fbRx="56.13553053" lbRx="0" />
<p fId="2" fbTx="56.13553293" lbTx="56.13558141" tId="0" fbRx="56.13558797" lbRx="0" />
<p fId="2" fbTx="56.13553293" lbTx="56.13558141" tId="0" fbRx="56.13558797" lbRx="0" />
<p fId="2" fbTx="56.13553293" lbTx="56.13558141" tId="1" fbRx="56.13558797" lbRx="0" />
<p fId="2" fbTx="56.13558937" lbTx="56.13563785" tId="0" fbRx="56.13564441" lbRx="0" />
<p fId="2" fbTx="56.13558937" lbTx="56.13563785" tId="0" fbRx="56.13564441" lbRx="0" />
<p fId="2" fbTx="56.13558937" lbTx="56.13563785" tId="1" fbRx="56.13564441" lbRx="0" />
<p fId="2" fbTx="56.13564681" lbTx="56.13569529" tId="0" fbRx="56.13570185" lbRx="0" />
<p fId="2" fbTx="56.13564681" lbTx="56.13569529" tId="0" fbRx="56.13570185" lbRx="0" />
<p fId="2" fbTx="56.13564681" lbTx="56.13569529" tId="1" fbRx="56.13570185" lbRx="0" />
<p fId="2" fbTx="56.13571225" lbTx="56.13576073" tId="0" fbRx="56.13576729" lbRx="0" />
<p fId="2" fbTx="56.13571225" lbTx="56.13576073" tId="0" fbRx="56.13576729" lbRx="0" />
<p fId="2" fbTx="56.13571225" lbTx="56.13576073" tId="1" fbRx="56.13576729" lbRx="0" />
<p fId="2" fbTx="56.13577569" lbTx="56.13582417" tId="0" fbRx="56.13583073" lbRx="0" />
<p fId="2" fbTx="56.13577569" lbTx="56.13582417" tId="0" fbRx="56.13583073" lbRx="0" />
<p fId="2" fbTx="56.13577569" lbTx="56.13582417" tId="1" fbRx="56.13583073" lbRx="0" />
<p fId="2" fbTx="56.13583213" lbTx="56.13588061" tId="0" fbRx="56.13588717" lbRx="0" />
<p fId="2" fbTx="56.13583213" lbTx="56.13588061" tId="0" fbRx="56.13588717" lbRx="0" />
<p fId="2" fbTx="56.13583213" lbTx="56.13588061" tId="1" fbRx="56.13588717" lbRx="0" />
<p fId="2" fbTx="56.13588757" lbTx="56.13593605" tId="0" fbRx="56.13594261" lbRx="0" />
<p fId="2" fbTx="56.13588757" lbTx="56.13593605" tId="0" fbRx="56.13594261" lbRx="0" />
<p fId="2" fbTx="56.13588757" lbTx="56.13593605" tId="1" fbRx="56.13594261" lbRx="0" />
<p fId="2" fbTx="56.13594601" lbTx="56.13599449" tId="0" fbRx="56.13600105" lbRx="0" />
<p fId="2" fbTx="56.13594601" lbTx="56.13599449" tId="0" fbRx="56.13600105" lbRx="0" />
<p fId="2" fbTx="56.13594601" lbTx="56.13599449" tId="1" fbRx="56.13600105" lbRx="0" />
<p fId="2" fbTx="56.13600445" lbTx="56.13605293" tId="0" fbRx="56.13605949" lbRx="0" />
<p fId="2" fbTx="56.13600445" lbTx="56.13605293" tId="0" fbRx="56.13605949" lbRx="0" />
<p fId="2" fbTx="56.13600445" lbTx="56.13605293" tId="1" fbRx="56.13605949" lbRx="0" />
<p fId="2" fbTx="56.13606089" lbTx="56.13610937" tId="0" fbRx="56.13611593" lbRx="0" />
<p fId="2" fbTx="56.13606089" lbTx="56.13610937" tId="0" fbRx="56.13611593" lbRx="0" />
<p fId="2" fbTx="56.13606089" lbTx="56.13610937" tId="1" fbRx="56.13611593" lbRx="0" />
<p fId="2" fbTx="56.13611933" lbTx="56.13616781" tId="0" fbRx="56.13617437" lbRx="0" />
<p fId="2" fbTx="56.13611933" lbTx="56.13616781" tId="0" fbRx="56.13617437" lbRx="0" />
<p fId="2" fbTx="56.13611933" lbTx="56.13616781" tId="1" fbRx="56.13617437" lbRx="0" />
<p fId="2" fbTx="56.13617477" lbTx="56.13622325" tId="0" fbRx="56.13622981" lbRx="0" />
<p fId="2" fbTx="56.13617477" lbTx="56.13622325" tId="0" fbRx="56.13622981" lbRx="0" />
<p fId="2" fbTx="56.13617477" lbTx="56.13622325" tId="1" fbRx="56.13622981" lbRx="0" />
<p fId="2" fbTx="56.13623021" lbTx="56.13627869" tId="0" fbRx="56.13628525" lbRx="0" />
<p fId="2" fbTx="56.13623021" lbTx="56.13627869" tId="0" fbRx="56.13628525" lbRx="0" />
<p fId="2" fbTx="56.13623021" lbTx="56.13627869" tId="1" fbRx="56.13628525" lbRx="0" />
<p fId="2" fbTx="56.13628765" lbTx="56.13633613" tId="0" fbRx="56.13634269" lbRx="0" />
<p fId="2" fbTx="56.13628765" lbTx="56.13633613" tId="0" fbRx="56.13634269" lbRx="0" />
<p fId="2" fbTx="56.13628765" lbTx="56.13633613" tId="1" fbRx="56.13634269" lbRx="0" />
<p fId="2" fbTx="56.13634509" lbTx="56.13639357" tId="0" fbRx="56.13640013" lbRx="0" />
<p fId="2" fbTx="56.13634509" lbTx="56.13639357" tId="0" fbRx="56.13640013" lbRx="0" />
<p fId="2" fbTx="56.13634509" lbTx="56.13639357" tId="1" fbRx="56.13640013" lbRx="0" />
<p fId="2" fbTx="56.13640253" lbTx="56.13645101" tId="0" fbRx="56.13645757" lbRx="0" />
<p fId="2" fbTx="56.13640253" lbTx="56.13645101" tId="0" fbRx="56.13645757" lbRx="0" />
<p fId="2" fbTx="56.13640253" lbTx="56.13645101" tId="1" fbRx="56.13645757" lbRx="0" />
<p fId="0" fbTx="56.13645769" lbTx="56.13646329" tId="1" fbRx="56.13646985" lbRx="0" />
<p fId="0" fbTx="56.13645769" lbTx="56.13646329" tId="2" fbRx="56.13646985" lbRx="0" />
<p fId="0" fbTx="56.13645769" lbTx="56.13646329" tId="2" fbRx="56.13646985" lbRx="0" />
<p fId="0" fbTx="56.13647025" lbTx="56.13647585" tId="1" fbRx="56.13648241" lbRx="0" />
<p fId="0" fbTx="56.13647025" lbTx="56.13647585" tId="2" fbRx="56.13648241" lbRx="0" />
<p fId="0" fbTx="56.13647025" lbTx="56.13647585" tId="2" fbRx="56.13648241" lbRx="0" />
<p fId="2" fbTx="56.13648997" lbTx="56.13653845" tId="0" fbRx="56.13654501" lbRx="0" />
<p fId="2" fbTx="56.13648997" lbTx="56.13653845" tId="0" fbRx="56.13654501" lbRx="0" />
<p fId="2" fbTx="56.13648997" lbTx="56.13653845" tId="1" fbRx="56.13654501" lbRx="0" />
<p fId="2" fbTx="56.13654741" lbTx="56.13659589" tId="0" fbRx="56.13660245" lbRx="0" />
<p fId="2" fbTx="56.13654741" lbTx="56.13659589" tId="0" fbRx="56.13660245" lbRx="0" />
<p fId="2" fbTx="56.13654741" lbTx="56.13659589" tId="1" fbRx="56.13660245" lbRx="0" />
<p fId="2" fbTx="56.13660385" lbTx="56.13665233" tId="0" fbRx="56.13665889" lbRx="0" />
<p fId="2" fbTx="56.13660385" lbTx="56.13665233" tId="0" fbRx="56.13665889" lbRx="0" />
<p fId="2" fbTx="56.13660385" lbTx="56.13665233" tId="1" fbRx="56.13665889" lbRx="0" />
<p fId="2" fbTx="56.13665929" lbTx="56.13670777" tId="0" fbRx="56.13671433" lbRx="0" />
<p fId="2" fbTx="56.13665929" lbTx="56.13670777" tId="0" fbRx="56.13671433" lbRx="0" />
<p fId="2" fbTx="56.13665929" lbTx="56.13670777" tId="1" fbRx="56.13671433" lbRx="0" />
<p fId="2" fbTx="56.13671873" lbTx="56.13676721" tId="0" fbRx="56.13677377" lbRx="0" />
<p fId="2" fbTx="56.13671873" lbTx="56.13676721" tId="0" fbRx="56.13677377" lbRx="0" />
<p fId="2" fbTx="56.13671873" lbTx="56.13676721" tId="1" fbRx="56.13677377" lbRx="0" />
<p fId="2" fbTx="56.13677617" lbTx="56.13682465" tId="0" fbRx="56.13683121" lbRx="0" />
<p fId="2" fbTx="56.13677617" lbTx="56.13682465" tId="0" fbRx="56.13683121" lbRx="0" />
<p fId="2" fbTx="56.13677617" lbTx="56.13682465" tId="1" fbRx="56.13683121" lbRx="0" />
<p fId="2" fbTx="56.13683761" lbTx="56.13688609" tId="0" fbRx="56.13689265" lbRx="0" />
<p fId="2" fbTx="56.13683761" lbTx="56.13688609" tId="0" fbRx="56.13689265" lbRx="0" />
<p fId="2" fbTx="56.13683761" lbTx="56.13688609" tId="1" fbRx="56.13689265" lbRx="0" />
<p fId="0" fbTx="56.13689481" lbTx="56.13690041" tId="1" fbRx="56.13690697" lbRx="0" />
<p fId="0" fbTx="56.13689481" lbTx="56.13690041" tId="2" fbRx="56.13690697" lbRx="0" />
<p fId="0" fbTx="56.13689481" lbTx="56.13690041" tId="2" fbRx="56.13690697" lbRx="0" />
<p fId="0" fbTx="56.13690937" lbTx="56.13691497" tId="1" fbRx="56.13692153" lbRx="0" />
<p fId="0" fbTx="56.13690937" lbTx="56.13691497" tId="2" fbRx="56.13692153" lbRx="0" />
<p fId="0" fbTx="56.13690937" lbTx="56.13691497" tId="2" fbRx="56.13692153" lbRx="0" />
<p fId="0" fbTx="56.13692193" lbTx="56.13692753" tId="1" fbRx="56.13693409" lbRx="0" />
<p fId="0" fbTx="56.13692193" lbTx="56.13692753" tId="2" fbRx="56.13693409" lbRx="0" />
<p fId="0" fbTx="56.13692193" lbTx="56.13692753" tId="2" fbRx="56.13693409" lbRx="0" />
<p fId="0" fbTx="56.13693749" lbTx="56.13694309" tId="1" fbRx="56.13694965" lbRx="0" />
<p fId="0" fbTx="56.13693749" lbTx="56.13694309" tId="2" fbRx="56.13694965" lbRx="0" />
<p fId="0" fbTx="56.13693749" lbTx="56.13694309" tId="2" fbRx="56.13694965" lbRx="0" />
<p fId="0" fbTx="56.13695005" lbTx="56.13695565" tId="1" fbRx="56.13696221" lbRx="0" />
<p fId="0" fbTx="56.13695005" lbTx="56.13695565" tId="2" fbRx="56.13696221" lbRx="0" />
<p fId="0" fbTx="56.13695005" lbTx="56.13695565" tId="2" fbRx="56.13696221" lbRx="0" />
<p fId="0" fbTx="56.13696461" lbTx="56.13697021" tId="1" fbRx="56.13697677" lbRx="0" />
<p fId="0" fbTx="56.13696461" lbTx="56.13697021" tId="2" fbRx="56.13697677" lbRx="0" />
<p fId="0" fbTx="56.13696461" lbTx="56.13697021" tId="2" fbRx="56.13697677" lbRx="0" />
<p fId="0" fbTx="56.13697817" lbTx="56.13698377" tId="1" fbRx="56.13699033" lbRx="0" />
<p fId="0" fbTx="56.13697817" lbTx="56.13698377" tId="2" fbRx="56.13699033" lbRx="0" />
<p fId="0" fbTx="56.13697817" lbTx="56.13698377" tId="2" fbRx="56.13699033" lbRx="0" />
<p fId="0" fbTx="56.13699373" lbTx="56.13699933" tId="1" fbRx="56.13700589" lbRx="0" />
<p fId="0" fbTx="56.13699373" lbTx="56.13699933" tId="2" fbRx="56.13700589" lbRx="0" />
<p fId="0" fbTx="56.13699373" lbTx="56.13699933" tId="2" fbRx="56.13700589" lbRx="0" />
<p fId="0" fbTx="56.13700829" lbTx="56.13701389" tId="1" fbRx="56.13702045" lbRx="0" />
<p fId="0" fbTx="56.13700829" lbTx="56.13701389" tId="2" fbRx="56.13702045" lbRx="0" />
<p fId="0" fbTx="56.13700829" lbTx="56.13701389" tId="2" fbRx="56.13702045" lbRx="0" />
<p fId="0" fbTx="56.13702185" lbTx="56.13702745" tId="1" fbRx="56.13703401" lbRx="0" />
<p fId="0" fbTx="56.13702185" lbTx="56.13702745" tId="2" fbRx="56.13703401" lbRx="0" />
<p fId="0" fbTx="56.13702185" lbTx="56.13702745" tId="2" fbRx="56.13703401" lbRx="0" />
<p fId="0" fbTx="56.13704141" lbTx="56.13704701" tId="1" fbRx="56.13705357" lbRx="0" />
<p fId="0" fbTx="56.13704141" lbTx="56.13704701" tId="2" fbRx="56.13705357" lbRx="0" />
<p fId="0" fbTx="56.13704141" lbTx="56.13704701" tId="2" fbRx="56.13705357" lbRx="0" />
<p fId="0" fbTx="56.13705697" lbTx="56.13706257" tId="1" fbRx="56.13706913" lbRx="0" />
<p fId="0" fbTx="56.13705697" lbTx="56.13706257" tId="2" fbRx="56.13706913" lbRx="0" />
<p fId="0" fbTx="56.13705697" lbTx="56.13706257" tId="2" fbRx="56.13706913" lbRx="0" />
<p fId="0" fbTx="56.13709853" lbTx="56.13710413" tId="1" fbRx="56.13711069" lbRx="0" />
<p fId="0" fbTx="56.13709853" lbTx="56.13710413" tId="2" fbRx="56.13711069" lbRx="0" />
<p fId="0" fbTx="56.13709853" lbTx="56.13710413" tId="2" fbRx="56.13711069" lbRx="0" />
<p fId="0" fbTx="56.13711209" lbTx="56.13711769" tId="1" fbRx="56.13712425" lbRx="0" />
<p fId="0" fbTx="56.13711209" lbTx="56.13711769" tId="2" fbRx="56.13712425" lbRx="0" />
<p fId="0" fbTx="56.13711209" lbTx="56.13711769" tId="2" fbRx="56.13712425" lbRx="0" />
<p fId="0" fbTx="56.13712465" lbTx="56.13713025" tId="1" fbRx="56.13713681" lbRx="0" />
<p fId="0" fbTx="56.13712465" lbTx="56.13713025" tId="2" fbRx="56.13713681" lbRx="0" />
<p fId="0" fbTx="56.13712465" lbTx="56.13713025" tId="2" fbRx="56.13713681" lbRx="0" />
<p fId="0" fbTx="56.13713921" lbTx="56.13714481" tId="1" fbRx="56.13715137" lbRx="0" />
<p fId="0" fbTx="56.13713921" lbTx="56.13714481" tId="2" fbRx="56.13715137" lbRx="0" />
<p fId="0" fbTx="56.13713921" lbTx="56.13714481" tId="2" fbRx="56.13715137" lbRx="0" />
<p fId="0" fbTx="56.13716077" lbTx="56.13716637" tId="1" fbRx="56.13717293" lbRx="0" />
<p fId="0" fbTx="56.13716077" lbTx="56.13716637" tId="2" fbRx="56.13717293" lbRx="0" />
<p fId="0" fbTx="56.13716077" lbTx="56.13716637" tId="2" fbRx="56.13717293" lbRx="0" />
<p fId="0" fbTx="56.13717333" lbTx="56.13717893" tId="1" fbRx="56.13718549" lbRx="0" />
<p fId="0" fbTx="56.13717333" lbTx="56.13717893" tId="2" fbRx="56.13718549" lbRx="0" />
<p fId="0" fbTx="56.13717333" lbTx="56.13717893" tId="2" fbRx="56.13718549" lbRx="0" />
<p fId="0" fbTx="56.13718589" lbTx="56.13719149" tId="1" fbRx="56.13719805" lbRx="0" />
<p fId="0" fbTx="56.13718589" lbTx="56.13719149" tId="2" fbRx="56.13719805" lbRx="0" />
<p fId="0" fbTx="56.13718589" lbTx="56.13719149" tId="2" fbRx="56.13719805" lbRx="0" />
<p fId="0" fbTx="56.13720045" lbTx="56.13720605" tId="1" fbRx="56.13721261" lbRx="0" />
<p fId="0" fbTx="56.13720045" lbTx="56.13720605" tId="2" fbRx="56.13721261" lbRx="0" />
<p fId="0" fbTx="56.13720045" lbTx="56.13720605" tId="2" fbRx="56.13721261" lbRx="0" />
<p fId="0" fbTx="56.13721501" lbTx="56.13722061" tId="1" fbRx="56.13722717" lbRx="0" />
<p fId="0" fbTx="56.13721501" lbTx="56.13722061" tId="2" fbRx="56.13722717" lbRx="0" />
<p fId="0" fbTx="56.13721501" lbTx="56.13722061" tId="2" fbRx="56.13722717" lbRx="0" />
<p fId="0" fbTx="56.13722757" lbTx="56.13723317" tId="1" fbRx="56.13723973" lbRx="0" />
<p fId="0" fbTx="56.13722757" lbTx="56.13723317" tId="2" fbRx="56.13723973" lbRx="0" />
<p fId="0" fbTx="56.13722757" lbTx="56.13723317" tId="2" fbRx="56.13723973" lbRx="0" />
<p fId="0" fbTx="56.13724013" lbTx="56.13724573" tId="1" fbRx="56.13725229" lbRx="0" />
<p fId="0" fbTx="56.13724013" lbTx="56.13724573" tId="2" fbRx="56.13725229" lbRx="0" />
<p fId="0" fbTx="56.13724013" lbTx="56.13724573" tId="2" fbRx="56.13725229" lbRx="0" />
<p fId="0" fbTx="56.13725469" lbTx="56.13726029" tId="1" fbRx="56.13726685" lbRx="0" />
<p fId="0" fbTx="56.13725469" lbTx="56.13726029" tId="2" fbRx="56.13726685" lbRx="0" />
<p fId="0" fbTx="56.13725469" lbTx="56.13726029" tId="2" fbRx="56.13726685" lbRx="0" />
<p fId="0" fbTx="56.13726925" lbTx="56.13727485" tId="1" fbRx="56.13728141" lbRx="0" />
<p fId="0" fbTx="56.13726925" lbTx="56.13727485" tId="2" fbRx="56.13728141" lbRx="0" />
<p fId="0" fbTx="56.13726925" lbTx="56.13727485" tId="2" fbRx="56.13728141" lbRx="0" />
<p fId="0" fbTx="56.13728181" lbTx="56.13728741" tId="1" fbRx="56.13729397" lbRx="0" />
<p fId="0" fbTx="56.13728181" lbTx="56.13728741" tId="2" fbRx="56.13729397" lbRx="0" />
<p fId="0" fbTx="56.13728181" lbTx="56.13728741" tId="2" fbRx="56.13729397" lbRx="0" />
<p fId="0" fbTx="56.13729437" lbTx="56.13729997" tId="1" fbRx="56.13730653" lbRx="0" />
<p fId="0" fbTx="56.13729437" lbTx="56.13729997" tId="2" fbRx="56.13730653" lbRx="0" />
<p fId="0" fbTx="56.13729437" lbTx="56.13729997" tId="2" fbRx="56.13730653" lbRx="0" />
<p fId="0" fbTx="56.13730893" lbTx="56.13731453" tId="1" fbRx="56.13732109" lbRx="0" />
<p fId="0" fbTx="56.13730893" lbTx="56.13731453" tId="2" fbRx="56.13732109" lbRx="0" />
<p fId="0" fbTx="56.13730893" lbTx="56.13731453" tId="2" fbRx="56.13732109" lbRx="0" />
<p fId="0" fbTx="56.13732249" lbTx="56.13732809" tId="1" fbRx="56.13733465" lbRx="0" />
<p fId="0" fbTx="56.13732249" lbTx="56.13732809" tId="2" fbRx="56.13733465" lbRx="0" />
<p fId="0" fbTx="56.13732249" lbTx="56.13732809" tId="2" fbRx="56.13733465" lbRx="0" />
<p fId="0" fbTx="56.13733505" lbTx="56.13734065" tId="1" fbRx="56.13734721" lbRx="0" />
<p fId="0" fbTx="56.13733505" lbTx="56.13734065" tId="2" fbRx="56.13734721" lbRx="0" />
<p fId="0" fbTx="56.13733505" lbTx="56.13734065" tId="2" fbRx="56.13734721" lbRx="0" />
<p fId="0" fbTx="56.13735161" lbTx="56.13735721" tId="1" fbRx="56.13736377" lbRx="0" />
<p fId="0" fbTx="56.13735161" lbTx="56.13735721" tId="2" fbRx="56.13736377" lbRx="0" />
<p fId="0" fbTx="56.13735161" lbTx="56.13735721" tId="2" fbRx="56.13736377" lbRx="0" />
<p fId="0" fbTx="56.13736617" lbTx="56.13737177" tId="1" fbRx="56.13737833" lbRx="0" />
<p fId="0" fbTx="56.13736617" lbTx="56.13737177" tId="2" fbRx="56.13737833" lbRx="0" />
<p fId="0" fbTx="56.13736617" lbTx="56.13737177" tId="2" fbRx="56.13737833" lbRx="0" />
<p fId="0" fbTx="56.13738073" lbTx="56.13738633" tId="1" fbRx="56.13739289" lbRx="0" />
<p fId="0" fbTx="56.13738073" lbTx="56.13738633" tId="2" fbRx="56.13739289" lbRx="0" />
<p fId="0" fbTx="56.13738073" lbTx="56.13738633" tId="2" fbRx="56.13739289" lbRx="0" />
<p fId="0" fbTx="56.13739629" lbTx="56.13740189" tId="1" fbRx="56.13740845" lbRx="0" />
<p fId="0" fbTx="56.13739629" lbTx="56.13740189" tId="2" fbRx="56.13740845" lbRx="0" />
<p fId="0" fbTx="56.13739629" lbTx="56.13740189" tId="2" fbRx="56.13740845" lbRx="0" />
<p fId="0" fbTx="56.13741085" lbTx="56.13741645" tId="1" fbRx="56.13742301" lbRx="0" />
<p fId="0" fbTx="56.13741085" lbTx="56.13741645" tId="2" fbRx="56.13742301" lbRx="0" />
<p fId="0" fbTx="56.13741085" lbTx="56.13741645" tId="2" fbRx="56.13742301" lbRx="0" />
<p fId="0" fbTx="56.13742441" lbTx="56.13743001" tId="1" fbRx="56.13743657" lbRx="0" />
<p fId="0" fbTx="56.13742441" lbTx="56.13743001" tId="2" fbRx="56.13743657" lbRx="0" />
<p fId="0" fbTx="56.13742441" lbTx="56.13743001" tId="2" fbRx="56.13743657" lbRx="0" />
<p fId="0" fbTx="56.13743697" lbTx="56.13744257" tId="1" fbRx="56.13744913" lbRx="0" />
<p fId="0" fbTx="56.13743697" lbTx="56.13744257" tId="2" fbRx="56.13744913" lbRx="0" />
<p fId="0" fbTx="56.13743697" lbTx="56.13744257" tId="2" fbRx="56.13744913" lbRx="0" />
<p fId="0" fbTx="56.13745153" lbTx="56.13745713" tId="1" fbRx="56.13746369" lbRx="0" />
<p fId="0" fbTx="56.13745153" lbTx="56.13745713" tId="2" fbRx="56.13746369" lbRx="0" />
<p fId="0" fbTx="56.13745153" lbTx="56.13745713" tId="2" fbRx="56.13746369" lbRx="0" />
<p fId="0" fbTx="56.13746509" lbTx="56.13747069" tId="1" fbRx="56.13747725" lbRx="0" />
<p fId="0" fbTx="56.13746509" lbTx="56.13747069" tId="2" fbRx="56.13747725" lbRx="0" />
<p fId="0" fbTx="56.13746509" lbTx="56.13747069" tId="2" fbRx="56.13747725" lbRx="0" />
<p fId="0" fbTx="56.13747765" lbTx="56.13748325" tId="1" fbRx="56.13748981" lbRx="0" />
<p fId="0" fbTx="56.13747765" lbTx="56.13748325" tId="2" fbRx="56.13748981" lbRx="0" />
<p fId="0" fbTx="56.13747765" lbTx="56.13748325" tId="2" fbRx="56.13748981" lbRx="0" />
<p fId="0" fbTx="56.13749121" lbTx="56.13749681" tId="1" fbRx="56.13750337" lbRx="0" />
<p fId="0" fbTx="56.13749121" lbTx="56.13749681" tId="2" fbRx="56.13750337" lbRx="0" />
<p fId="0" fbTx="56.13749121" lbTx="56.13749681" tId="2" fbRx="56.13750337" lbRx="0" />
<p fId="2" fbTx="56.13794205" lbTx="56.13799053" tId="0" fbRx="56.13799709" lbRx="0" />
<p fId="2" fbTx="56.13794205" lbTx="56.13799053" tId="0" fbRx="56.13799709" lbRx="0" />
<p fId="2" fbTx="56.13794205" lbTx="56.13799053" tId="1" fbRx="56.13799709" lbRx="0" />
<p fId="2" fbTx="56.13799749" lbTx="56.13804597" tId="0" fbRx="56.13805253" lbRx="0" />
<p fId="2" fbTx="56.13799749" lbTx="56.13804597" tId="0" fbRx="56.13805253" lbRx="0" />
<p fId="2" fbTx="56.13799749" lbTx="56.13804597" tId="1" fbRx="56.13805253" lbRx="0" />
<p fId="0" fbTx="56.13805353" lbTx="56.13805913" tId="1" fbRx="56.13806569" lbRx="0" />
<p fId="0" fbTx="56.13805353" lbTx="56.13805913" tId="2" fbRx="56.13806569" lbRx="0" />
<p fId="0" fbTx="56.13805353" lbTx="56.13805913" tId="2" fbRx="56.13806569" lbRx="0" />
<p fId="2" fbTx="56.13808793" lbTx="56.13813641" tId="0" fbRx="56.13814297" lbRx="0" />
<p fId="2" fbTx="56.13808793" lbTx="56.13813641" tId="0" fbRx="56.13814297" lbRx="0" />
<p fId="2" fbTx="56.13808793" lbTx="56.13813641" tId="1" fbRx="56.13814297" lbRx="0" />
<p fId="2" fbTx="56.13815337" lbTx="56.13820185" tId="0" fbRx="56.13820841" lbRx="0" />
<p fId="2" fbTx="56.13815337" lbTx="56.13820185" tId="0" fbRx="56.13820841" lbRx="0" />
<p fId="2" fbTx="56.13815337" lbTx="56.13820185" tId="1" fbRx="56.13820841" lbRx="0" />
<p fId="0" fbTx="56.13820941" lbTx="56.13821501" tId="1" fbRx="56.13822157" lbRx="0" />
<p fId="0" fbTx="56.13820941" lbTx="56.13821501" tId="2" fbRx="56.13822157" lbRx="0" />
<p fId="0" fbTx="56.13820941" lbTx="56.13821501" tId="2" fbRx="56.13822157" lbRx="0" />
<p fId="2" fbTx="56.13823081" lbTx="56.13827929" tId="0" fbRx="56.13828585" lbRx="0" />
<p fId="2" fbTx="56.13823081" lbTx="56.13827929" tId="0" fbRx="56.13828585" lbRx="0" />
<p fId="2" fbTx="56.13823081" lbTx="56.13827929" tId="1" fbRx="56.13828585" lbRx="0" />
<p fId="2" fbTx="56.13829425" lbTx="56.13834273" tId="0" fbRx="56.13834929" lbRx="0" />
<p fId="2" fbTx="56.13829425" lbTx="56.13834273" tId="0" fbRx="56.13834929" lbRx="0" />
<p fId="2" fbTx="56.13829425" lbTx="56.13834273" tId="1" fbRx="56.13834929" lbRx="0" />
<p fId="0" fbTx="56.13835029" lbTx="56.13835589" tId="1" fbRx="56.13836245" lbRx="0" />
<p fId="0" fbTx="56.13835029" lbTx="56.13835589" tId="2" fbRx="56.13836245" lbRx="0" />
<p fId="0" fbTx="56.13835029" lbTx="56.13835589" tId="2" fbRx="56.13836245" lbRx="0" />
<p fId="2" fbTx="56.13837769" lbTx="56.13842617" tId="0" fbRx="56.13843273" lbRx="0" />
<p fId="2" fbTx="56.13837769" lbTx="56.13842617" tId="0" fbRx="56.13843273" lbRx="0" />
<p fId="2" fbTx="56.13837769" lbTx="56.13842617" tId="1" fbRx="56.13843273" lbRx="0" />
<p fId="2" fbTx="56.13844613" lbTx="56.13849461" tId="0" fbRx="56.13850117" lbRx="0" />
<p fId="2" fbTx="56.13844613" lbTx="56.13849461" tId="0" fbRx="56.13850117" lbRx="0" />
<p fId="2" fbTx="56.13844613" lbTx="56.13849461" tId="1" fbRx="56.13850117" lbRx="0" />
<p fId="2" fbTx="56.13850157" lbTx="56.13855005" tId="0" fbRx="56.13855661" lbRx="0" />
<p fId="2" fbTx="56.13850157" lbTx="56.13855005" tId="0" fbRx="56.13855661" lbRx="0" />
<p fId="2" fbTx="56.13850157" lbTx="56.13855005" tId="1" fbRx="56.13855661" lbRx="0" />
<p fId="2" fbTx="56.13856001" lbTx="56.13860849" tId="0" fbRx="56.13861505" lbRx="0" />
<p fId="2" fbTx="56.13856001" lbTx="56.13860849" tId="0" fbRx="56.13861505" lbRx="0" />
<p fId="2" fbTx="56.13856001" lbTx="56.13860849" tId="1" fbRx="56.13861505" lbRx="0" />
<p fId="2" fbTx="56.13861645" lbTx="56.13866493" tId="0" fbRx="56.13867149" lbRx="0" />
<p fId="2" fbTx="56.13861645" lbTx="56.13866493" tId="0" fbRx="56.13867149" lbRx="0" />
<p fId="2" fbTx="56.13861645" lbTx="56.13866493" tId="1" fbRx="56.13867149" lbRx="0" />
<p fId="2" fbTx="56.13867589" lbTx="56.13872437" tId="0" fbRx="56.13873093" lbRx="0" />
<p fId="2" fbTx="56.13867589" lbTx="56.13872437" tId="0" fbRx="56.13873093" lbRx="0" />
<p fId="2" fbTx="56.13867589" lbTx="56.13872437" tId="1" fbRx="56.13873093" lbRx="0" />
<p fId="2" fbTx="56.13873233" lbTx="56.13878081" tId="0" fbRx="56.13878737" lbRx="0" />
<p fId="2" fbTx="56.13873233" lbTx="56.13878081" tId="0" fbRx="56.13878737" lbRx="0" />
<p fId="2" fbTx="56.13873233" lbTx="56.13878081" tId="1" fbRx="56.13878737" lbRx="0" />
<p fId="2" fbTx="56.13878777" lbTx="56.13883625" tId="0" fbRx="56.13884281" lbRx="0" />
<p fId="2" fbTx="56.13878777" lbTx="56.13883625" tId="0" fbRx="56.13884281" lbRx="0" />
<p fId="2" fbTx="56.13878777" lbTx="56.13883625" tId="1" fbRx="56.13884281" lbRx="0" />
<p fId="2" fbTx="56.13884921" lbTx="56.13889769" tId="0" fbRx="56.13890425" lbRx="0" />
<p fId="2" fbTx="56.13884921" lbTx="56.13889769" tId="0" fbRx="56.13890425" lbRx="0" />
<p fId="2" fbTx="56.13884921" lbTx="56.13889769" tId="1" fbRx="56.13890425" lbRx="0" />
<p fId="2" fbTx="56.13890665" lbTx="56.13895513" tId="0" fbRx="56.13896169" lbRx="0" />
<p fId="2" fbTx="56.13890665" lbTx="56.13895513" tId="0" fbRx="56.13896169" lbRx="0" />
<p fId="2" fbTx="56.13890665" lbTx="56.13895513" tId="1" fbRx="56.13896169" lbRx="0" />
<p fId="2" fbTx="56.13896309" lbTx="56.13901157" tId="0" fbRx="56.13901813" lbRx="0" />
<p fId="2" fbTx="56.13896309" lbTx="56.13901157" tId="0" fbRx="56.13901813" lbRx="0" />
<p fId="2" fbTx="56.13896309" lbTx="56.13901157" tId="1" fbRx="56.13901813" lbRx="0" />
<p fId="2" fbTx="56.13902053" lbTx="56.13906901" tId="0" fbRx="56.13907557" lbRx="0" />
<p fId="2" fbTx="56.13902053" lbTx="56.13906901" tId="0" fbRx="56.13907557" lbRx="0" />
<p fId="2" fbTx="56.13902053" lbTx="56.13906901" tId="1" fbRx="56.13907557" lbRx="0" />
<p fId="2" fbTx="56.13908197" lbTx="56.13913045" tId="0" fbRx="56.13913701" lbRx="0" />
<p fId="2" fbTx="56.13908197" lbTx="56.13913045" tId="0" fbRx="56.13913701" lbRx="0" />
<p fId="2" fbTx="56.13908197" lbTx="56.13913045" tId="1" fbRx="56.13913701" lbRx="0" />
<p fId="2" fbTx="56.13913841" lbTx="56.13918689" tId="0" fbRx="56.13919345" lbRx="0" />
<p fId="2" fbTx="56.13913841" lbTx="56.13918689" tId="0" fbRx="56.13919345" lbRx="0" />
<p fId="2" fbTx="56.13913841" lbTx="56.13918689" tId="1" fbRx="56.13919345" lbRx="0" />
<p fId="2" fbTx="56.13919485" lbTx="56.13924333" tId="0" fbRx="56.13924989" lbRx="0" />
<p fId="2" fbTx="56.13919485" lbTx="56.13924333" tId="0" fbRx="56.13924989" lbRx="0" />
<p fId="2" fbTx="56.13919485" lbTx="56.13924333" tId="1" fbRx="56.13924989" lbRx="0" />
<p fId="2" fbTx="56.13925329" lbTx="56.13930177" tId="0" fbRx="56.13930833" lbRx="0" />
<p fId="2" fbTx="56.13925329" lbTx="56.13930177" tId="0" fbRx="56.13930833" lbRx="0" />
<p fId="2" fbTx="56.13925329" lbTx="56.13930177" tId="1" fbRx="56.13930833" lbRx="0" />
<p fId="2" fbTx="56.13930973" lbTx="56.13935821" tId="0" fbRx="56.13936477" lbRx="0" />
<p fId="2" fbTx="56.13930973" lbTx="56.13935821" tId="0" fbRx="56.13936477" lbRx="0" />
<p fId="2" fbTx="56.13930973" lbTx="56.13935821" tId="1" fbRx="56.13936477" lbRx="0" />
<p fId="2" fbTx="56.13936817" lbTx="56.13941665" tId="0" fbRx="56.13942321" lbRx="0" />
<p fId="2" fbTx="56.13936817" lbTx="56.13941665" tId="0" fbRx="56.13942321" lbRx="0" />
<p fId="2" fbTx="56.13936817" lbTx="56.13941665" tId="1" fbRx="56.13942321" lbRx="0" />
<p fId="2" fbTx="56.13942461" lbTx="56.13947309" tId="0" fbRx="56.13947965" lbRx="0" />
<p fId="2" fbTx="56.13942461" lbTx="56.13947309" tId="0" fbRx="56.13947965" lbRx="0" />
<p fId="2" fbTx="56.13942461" lbTx="56.13947309" tId="1" fbRx="56.13947965" lbRx="0" />
<p fId="2" fbTx="56.13948005" lbTx="56.13952853" tId="0" fbRx="56.13953509" lbRx="0" />
<p fId="2" fbTx="56.13948005" lbTx="56.13952853" tId="0" fbRx="56.13953509" lbRx="0" />
<p fId="2" fbTx="56.13948005" lbTx="56.13952853" tId="1" fbRx="56.13953509" lbRx="0" />
<p fId="2" fbTx="56.13953649" lbTx="56.13958497" tId="0" fbRx="56.13959153" lbRx="0" />
<p fId="2" fbTx="56.13953649" lbTx="56.13958497" tId="0" fbRx="56.13959153" lbRx="0" />
<p fId="2" fbTx="56.13953649" lbTx="56.13958497" tId="1" fbRx="56.13959153" lbRx="0" />
<p fId="2" fbTx="56.13959493" lbTx="56.13964341" tId="0" fbRx="56.13964997" lbRx="0" />
<p fId="2" fbTx="56.13959493" lbTx="56.13964341" tId="0" fbRx="56.13964997" lbRx="0" />
<p fId="2" fbTx="56.13959493" lbTx="56.13964341" tId="1" fbRx="56.13964997" lbRx="0" />
<p fId="2" fbTx="56.13965237" lbTx="56.13970085" tId="0" fbRx="56.13970741" lbRx="0" />
<p fId="2" fbTx="56.13965237" lbTx="56.13970085" tId="0" fbRx="56.13970741" lbRx="0" />
<p fId="2" fbTx="56.13965237" lbTx="56.13970085" tId="1" fbRx="56.13970741" lbRx="0" />
<p fId="2" fbTx="56.13970881" lbTx="56.13975729" tId="0" fbRx="56.13976385" lbRx="0" />
<p fId="2" fbTx="56.13970881" lbTx="56.13975729" tId="0" fbRx="56.13976385" lbRx="0" />
<p fId="2" fbTx="56.13970881" lbTx="56.13975729" tId="1" fbRx="56.13976385" lbRx="0" />
<p fId="2" fbTx="56.13977925" lbTx="56.13982773" tId="0" fbRx="56.13983429" lbRx="0" />
<p fId="2" fbTx="56.13977925" lbTx="56.13982773" tId="0" fbRx="56.13983429" lbRx="0" />
<p fId="2" fbTx="56.13977925" lbTx="56.13982773" tId="1" fbRx="56.13983429" lbRx="0" />
<p fId="2" fbTx="56.13983669" lbTx="56.13988517" tId="0" fbRx="56.13989173" lbRx="0" />
<p fId="2" fbTx="56.13983669" lbTx="56.13988517" tId="0" fbRx="56.13989173" lbRx="0" />
<p fId="2" fbTx="56.13983669" lbTx="56.13988517" tId="1" fbRx="56.13989173" lbRx="0" />
<p fId="2" fbTx="56.13989213" lbTx="56.13994061" tId="0" fbRx="56.13994717" lbRx="0" />
<p fId="2" fbTx="56.13989213" lbTx="56.13994061" tId="0" fbRx="56.13994717" lbRx="0" />
<p fId="2" fbTx="56.13989213" lbTx="56.13994061" tId="1" fbRx="56.13994717" lbRx="0" />
<p fId="2" fbTx="56.13994857" lbTx="56.13999705" tId="0" fbRx="56.14000361" lbRx="0" />
<p fId="2" fbTx="56.13994857" lbTx="56.13999705" tId="0" fbRx="56.14000361" lbRx="0" />
<p fId="2" fbTx="56.13994857" lbTx="56.13999705" tId="1" fbRx="56.14000361" lbRx="0" />
<p fId="2" fbTx="56.14000501" lbTx="56.14005349" tId="0" fbRx="56.14006005" lbRx="0" />
<p fId="2" fbTx="56.14000501" lbTx="56.14005349" tId="0" fbRx="56.14006005" lbRx="0" />
<p fId="2" fbTx="56.14000501" lbTx="56.14005349" tId="1" fbRx="56.14006005" lbRx="0" />
<p fId="2" fbTx="56.14006145" lbTx="56.14010993" tId="0" fbRx="56.14011649" lbRx="0" />
<p fId="2" fbTx="56.14006145" lbTx="56.14010993" tId="0" fbRx="56.14011649" lbRx="0" />
<p fId="2" fbTx="56.14006145" lbTx="56.14010993" tId="1" fbRx="56.14011649" lbRx="0" />
<p fId="2" fbTx="56.14011989" lbTx="56.14016837" tId="0" fbRx="56.14017493" lbRx="0" />
<p fId="2" fbTx="56.14011989" lbTx="56.14016837" tId="0" fbRx="56.14017493" lbRx="0" />
<p fId="2" fbTx="56.14011989" lbTx="56.14016837" tId="1" fbRx="56.14017493" lbRx="0" />
<p fId="2" fbTx="56.14018833" lbTx="56.14023681" tId="0" fbRx="56.14024337" lbRx="0" />
<p fId="2" fbTx="56.14018833" lbTx="56.14023681" tId="0" fbRx="56.14024337" lbRx="0" />
<p fId="2" fbTx="56.14018833" lbTx="56.14023681" tId="1" fbRx="56.14024337" lbRx="0" />
<p fId="2" fbTx="56.14024577" lbTx="56.14029425" tId="0" fbRx="56.14030081" lbRx="0" />
<p fId="2" fbTx="56.14024577" lbTx="56.14029425" tId="0" fbRx="56.14030081" lbRx="0" />
<p fId="2" fbTx="56.14024577" lbTx="56.14029425" tId="1" fbRx="56.14030081" lbRx="0" />
<p fId="2" fbTx="56.14030121" lbTx="56.14034969" tId="0" fbRx="56.14035625" lbRx="0" />
<p fId="2" fbTx="56.14030121" lbTx="56.14034969" tId="0" fbRx="56.14035625" lbRx="0" />
<p fId="2" fbTx="56.14030121" lbTx="56.14034969" tId="1" fbRx="56.14035625" lbRx="0" />
<p fId="2" fbTx="56.14036265" lbTx="56.14041113" tId="0" fbRx="56.14041769" lbRx="0" />
<p fId="2" fbTx="56.14036265" lbTx="56.14041113" tId="0" fbRx="56.14041769" lbRx="0" />
<p fId="2" fbTx="56.14036265" lbTx="56.14041113" tId="1" fbRx="56.14041769" lbRx="0" />
<p fId="2" fbTx="56.14041909" lbTx="56.14046757" tId="0" fbRx="56.14047413" lbRx="0" />
<p fId="2" fbTx="56.14041909" lbTx="56.14046757" tId="0" fbRx="56.14047413" lbRx="0" />
<p fId="2" fbTx="56.14041909" lbTx="56.14046757" tId="1" fbRx="56.14047413" lbRx="0" />
<p fId="2" fbTx="56.14047653" lbTx="56.14052501" tId="0" fbRx="56.14053157" lbRx="0" />
<p fId="2" fbTx="56.14047653" lbTx="56.14052501" tId="0" fbRx="56.14053157" lbRx="0" />
<p fId="2" fbTx="56.14047653" lbTx="56.14052501" tId="1" fbRx="56.14053157" lbRx="0" />
<p fId="2" fbTx="56.14053297" lbTx="56.14058145" tId="0" fbRx="56.14058801" lbRx="0" />
<p fId="2" fbTx="56.14053297" lbTx="56.14058145" tId="0" fbRx="56.14058801" lbRx="0" />
<p fId="2" fbTx="56.14053297" lbTx="56.14058145" tId="1" fbRx="56.14058801" lbRx="0" />
<p fId="2" fbTx="56.14059041" lbTx="56.14063889" tId="0" fbRx="56.14064545" lbRx="0" />
<p fId="2" fbTx="56.14059041" lbTx="56.14063889" tId="0" fbRx="56.14064545" lbRx="0" />
<p fId="2" fbTx="56.14059041" lbTx="56.14063889" tId="1" fbRx="56.14064545" lbRx="0" />
<p fId="2" fbTx="56.14065785" lbTx="56.14070633" tId="0" fbRx="56.14071289" lbRx="0" />
<p fId="2" fbTx="56.14065785" lbTx="56.14070633" tId="0" fbRx="56.14071289" lbRx="0" />
<p fId="2" fbTx="56.14065785" lbTx="56.14070633" tId="1" fbRx="56.14071289" lbRx="0" />
<p fId="2" fbTx="56.14071429" lbTx="56.14076277" tId="0" fbRx="56.14076933" lbRx="0" />
<p fId="2" fbTx="56.14071429" lbTx="56.14076277" tId="0" fbRx="56.14076933" lbRx="0" />
<p fId="2" fbTx="56.14071429" lbTx="56.14076277" tId="1" fbRx="56.14076933" lbRx="0" />
<p fId="2" fbTx="56.14077773" lbTx="56.14082621" tId="0" fbRx="56.14083277" lbRx="0" />
<p fId="2" fbTx="56.14077773" lbTx="56.14082621" tId="0" fbRx="56.14083277" lbRx="0" />
<p fId="2" fbTx="56.14077773" lbTx="56.14082621" tId="1" fbRx="56.14083277" lbRx="0" />
<p fId="2" fbTx="56.14085917" lbTx="56.14090765" tId="0" fbRx="56.14091421" lbRx="0" />
<p fId="2" fbTx="56.14085917" lbTx="56.14090765" tId="0" fbRx="56.14091421" lbRx="0" />
<p fId="2" fbTx="56.14085917" lbTx="56.14090765" tId="1" fbRx="56.14091421" lbRx="0" />
<p fId="2" fbTx="56.14091461" lbTx="56.14096309" tId="0" fbRx="56.14096965" lbRx="0" />
<p fId="2" fbTx="56.14091461" lbTx="56.14096309" tId="0" fbRx="56.14096965" lbRx="0" />
<p fId="2" fbTx="56.14091461" lbTx="56.14096309" tId="1" fbRx="56.14096965" lbRx="0" />
<p fId="2" fbTx="56.14098205" lbTx="56.14103053" tId="0" fbRx="56.14103709" lbRx="0" />
<p fId="2" fbTx="56.14098205" lbTx="56.14103053" tId="0" fbRx="56.14103709" lbRx="0" />
<p fId="2" fbTx="56.14098205" lbTx="56.14103053" tId="1" fbRx="56.14103709" lbRx="0" />
<p fId="0" fbTx="56.14104117" lbTx="56.14104677" tId="1" fbRx="56.14105333" lbRx="0" />
<p fId="0" fbTx="56.14104117" lbTx="56.14104677" tId="2" fbRx="56.14105333" lbRx="0" />
<p fId="0" fbTx="56.14104117" lbTx="56.14104677" tId="2" fbRx="56.14105333" lbRx="0" />
<p fId="0" fbTx="56.14105873" lbTx="56.14106433" tId="1" fbRx="56.14107089" lbRx="0" />
<p fId="0" fbTx="56.14105873" lbTx="56.14106433" tId="2" fbRx="56.14107089" lbRx="0" />
<p fId="0" fbTx="56.14105873" lbTx="56.14106433" tId="2" fbRx="56.14107089" lbRx="0" />
<p fId="0" fbTx="56.14107429" lbTx="56.14107989" tId="1" fbRx="56.14108645" lbRx="0" />
<p fId="0" fbTx="56.14107429" lbTx="56.14107989" tId="2" fbRx="56.14108645" lbRx="0" />
<p fId="0" fbTx="56.14107429" lbTx="56.14107989" tId="2" fbRx="56.14108645" lbRx="0" />
<p fId="0" fbTx="56.14108785" lbTx="56.14109345" tId="1" fbRx="56.14110001" lbRx="0" />
<p fId="0" fbTx="56.14108785" lbTx="56.14109345" tId="2" fbRx="56.14110001" lbRx="0" />
<p fId="0" fbTx="56.14108785" lbTx="56.14109345" tId="2" fbRx="56.14110001" lbRx="0" />
<p fId="0" fbTx="56.14110641" lbTx="56.14111201" tId="1" fbRx="56.14111857" lbRx="0" />
<p fId="0" fbTx="56.14110641" lbTx="56.14111201" tId="2" fbRx="56.14111857" lbRx="0" />
<p fId="0" fbTx="56.14110641" lbTx="56.14111201" tId="2" fbRx="56.14111857" lbRx="0" />
<p fId="0" fbTx="56.14111897" lbTx="56.14112457" tId="1" fbRx="56.14113113" lbRx="0" />
<p fId="0" fbTx="56.14111897" lbTx="56.14112457" tId="2" fbRx="56.14113113" lbRx="0" />
<p fId="0" fbTx="56.14111897" lbTx="56.14112457" tId="2" fbRx="56.14113113" lbRx="0" />
<p fId="0" fbTx="56.14113253" lbTx="56.14113813" tId="1" fbRx="56.14114469" lbRx="0" />
<p fId="0" fbTx="56.14113253" lbTx="56.14113813" tId="2" fbRx="56.14114469" lbRx="0" />
<p fId="0" fbTx="56.14113253" lbTx="56.14113813" tId="2" fbRx="56.14114469" lbRx="0" />
<p fId="0" fbTx="56.14114809" lbTx="56.14115369" tId="1" fbRx="56.14116025" lbRx="0" />
<p fId="0" fbTx="56.14114809" lbTx="56.14115369" tId="2" fbRx="56.14116025" lbRx="0" />
<p fId="0" fbTx="56.14114809" lbTx="56.14115369" tId="2" fbRx="56.14116025" lbRx="0" />
<p fId="0" fbTx="56.14116165" lbTx="56.14116725" tId="1" fbRx="56.14117381" lbRx="0" />
<p fId="0" fbTx="56.14116165" lbTx="56.14116725" tId="2" fbRx="56.14117381" lbRx="0" />
<p fId="0" fbTx="56.14116165" lbTx="56.14116725" tId="2" fbRx="56.14117381" lbRx="0" />
<p fId="0" fbTx="56.14117421" lbTx="56.14117981" tId="1" fbRx="56.14118637" lbRx="0" />
<p fId="0" fbTx="56.14117421" lbTx="56.14117981" tId="2" fbRx="56.14118637" lbRx="0" />
<p fId="0" fbTx="56.14117421" lbTx="56.14117981" tId="2" fbRx="56.14118637" lbRx="0" />
<p fId="0" fbTx="56.14118877" lbTx="56.14119437" tId="1" fbRx="56.14120093" lbRx="0" />
<p fId="0" fbTx="56.14118877" lbTx="56.14119437" tId="2" fbRx="56.14120093" lbRx="0" />
<p fId="0" fbTx="56.14118877" lbTx="56.14119437" tId="2" fbRx="56.14120093" lbRx="0" />
<p fId="0" fbTx="56.14121133" lbTx="56.14121693" tId="1" fbRx="56.14122349" lbRx="0" />
<p fId="0" fbTx="56.14121133" lbTx="56.14121693" tId="2" fbRx="56.14122349" lbRx="0" />
<p fId="0" fbTx="56.14121133" lbTx="56.14121693" tId="2" fbRx="56.14122349" lbRx="0" />
<p fId="0" fbTx="56.14122489" lbTx="56.14123049" tId="1" fbRx="56.14123705" lbRx="0" />
<p fId="0" fbTx="56.14122489" lbTx="56.14123049" tId="2" fbRx="56.14123705" lbRx="0" />
<p fId="0" fbTx="56.14122489" lbTx="56.14123049" tId="2" fbRx="56.14123705" lbRx="0" />
<p fId="0" fbTx="56.14124945" lbTx="56.14125505" tId="1" fbRx="56.14126161" lbRx="0" />
<p fId="0" fbTx="56.14124945" lbTx="56.14125505" tId="2" fbRx="56.14126161" lbRx="0" />
<p fId="0" fbTx="56.14124945" lbTx="56.14125505" tId="2" fbRx="56.14126161" lbRx="0" />
<p fId="0" fbTx="56.14126601" lbTx="56.14127161" tId="1" fbRx="56.14127817" lbRx="0" />
<p fId="0" fbTx="56.14126601" lbTx="56.14127161" tId="2" fbRx="56.14127817" lbRx="0" />
<p fId="0" fbTx="56.14126601" lbTx="56.14127161" tId="2" fbRx="56.14127817" lbRx="0" />
<p fId="0" fbTx="56.14127857" lbTx="56.14128417" tId="1" fbRx="56.14129073" lbRx="0" />
<p fId="0" fbTx="56.14127857" lbTx="56.14128417" tId="2" fbRx="56.14129073" lbRx="0" />
<p fId="0" fbTx="56.14127857" lbTx="56.14128417" tId="2" fbRx="56.14129073" lbRx="0" />
<p fId="0" fbTx="56.14129113" lbTx="56.14129673" tId="1" fbRx="56.14130329" lbRx="0" />
<p fId="0" fbTx="56.14129113" lbTx="56.14129673" tId="2" fbRx="56.14130329" lbRx="0" />
<p fId="0" fbTx="56.14129113" lbTx="56.14129673" tId="2" fbRx="56.14130329" lbRx="0" />
<p fId="0" fbTx="56.14130869" lbTx="56.14131429" tId="1" fbRx="56.14132085" lbRx="0" />
<p fId="0" fbTx="56.14130869" lbTx="56.14131429" tId="2" fbRx="56.14132085" lbRx="0" />
<p fId="0" fbTx="56.14130869" lbTx="56.14131429" tId="2" fbRx="56.14132085" lbRx="0" />
<p fId="0" fbTx="56.14132425" lbTx="56.14132985" tId="1" fbRx="56.14133641" lbRx="0" />
<p fId="0" fbTx="56.14132425" lbTx="56.14132985" tId="2" fbRx="56.14133641" lbRx="0" />
<p fId="0" fbTx="56.14132425" lbTx="56.14132985" tId="2" fbRx="56.14133641" lbRx="0" />
<p fId="0" fbTx="56.14133781" lbTx="56.14134341" tId="1" fbRx="56.14134997" lbRx="0" />
<p fId="0" fbTx="56.14133781" lbTx="56.14134341" tId="2" fbRx="56.14134997" lbRx="0" />
<p fId="0" fbTx="56.14133781" lbTx="56.14134341" tId="2" fbRx="56.14134997" lbRx="0" />
<p fId="0" fbTx="56.14135237" lbTx="56.14135797" tId="1" fbRx="56.14136453" lbRx="0" />
<p fId="0" fbTx="56.14135237" lbTx="56.14135797" tId="2" fbRx="56.14136453" lbRx="0" />
<p fId="0" fbTx="56.14135237" lbTx="56.14135797" tId="2" fbRx="56.14136453" lbRx="0" />
<p fId="0" fbTx="56.14138393" lbTx="56.14138953" tId="1" fbRx="56.14139609" lbRx="0" />
<p fId="0" fbTx="56.14138393" lbTx="56.14138953" tId="2" fbRx="56.14139609" lbRx="0" />
<p fId="0" fbTx="56.14138393" lbTx="56.14138953" tId="2" fbRx="56.14139609" lbRx="0" />
<p fId="2" fbTx="56.14147049" lbTx="56.14151897" tId="0" fbRx="56.14152553" lbRx="0" />
<p fId="2" fbTx="56.14147049" lbTx="56.14151897" tId="0" fbRx="56.14152553" lbRx="0" />
<p fId="2" fbTx="56.14147049" lbTx="56.14151897" tId="1" fbRx="56.14152553" lbRx="0" />
<p fId="0" fbTx="56.14152653" lbTx="56.14153213" tId="1" fbRx="56.14153869" lbRx="0" />
<p fId="0" fbTx="56.14152653" lbTx="56.14153213" tId="2" fbRx="56.14153869" lbRx="0" />
<p fId="0" fbTx="56.14152653" lbTx="56.14153213" tId="2" fbRx="56.14153869" lbRx="0" />
<p fId="2" fbTx="56.14154493" lbTx="56.14159341" tId="0" fbRx="56.14159997" lbRx="0" />
<p fId="2" fbTx="56.14154493" lbTx="56.14159341" tId="0" fbRx="56.14159997" lbRx="0" />
<p fId="2" fbTx="56.14154493" lbTx="56.14159341" tId="1" fbRx="56.14159997" lbRx="0" />
<p fId="2" fbTx="56.14160137" lbTx="56.14164985" tId="0" fbRx="56.14165641" lbRx="0" />
<p fId="2" fbTx="56.14160137" lbTx="56.14164985" tId="0" fbRx="56.14165641" lbRx="0" />
<p fId="2" fbTx="56.14160137" lbTx="56.14164985" tId="1" fbRx="56.14165641" lbRx="0" />
<p fId="0" fbTx="56.14165741" lbTx="56.14166301" tId="1" fbRx="56.14166957" lbRx="0" />
<p fId="0" fbTx="56.14165741" lbTx="56.14166301" tId="2" fbRx="56.14166957" lbRx="0" />
<p fId="0" fbTx="56.14165741" lbTx="56.14166301" tId="2" fbRx="56.14166957" lbRx="0" />
<p fId="2" fbTx="56.14167781" lbTx="56.14172629" tId="0" fbRx="56.14173285" lbRx="0" />
<p fId="2" fbTx="56.14167781" lbTx="56.14172629" tId="0" fbRx="56.14173285" lbRx="0" />
<p fId="2" fbTx="56.14167781" lbTx="56.14172629" tId="1" fbRx="56.14173285" lbRx="0" />
<p fId="2" fbTx="56.14173325" lbTx="56.14178173" tId="0" fbRx="56.14178829" lbRx="0" />
<p fId="2" fbTx="56.14173325" lbTx="56.14178173" tId="0" fbRx="56.14178829" lbRx="0" />
<p fId="2" fbTx="56.14173325" lbTx="56.14178173" tId="1" fbRx="56.14178829" lbRx="0" />
<p fId="0" fbTx="56.14178929" lbTx="56.14179489" tId="1" fbRx="56.14180145" lbRx="0" />
<p fId="0" fbTx="56.14178929" lbTx="56.14179489" tId="2" fbRx="56.14180145" lbRx="0" />
<p fId="0" fbTx="56.14178929" lbTx="56.14179489" tId="2" fbRx="56.14180145" lbRx="0" />
<p fId="2" fbTx="56.14180369" lbTx="56.14185217" tId="0" fbRx="56.14185873" lbRx="0" />
<p fId="2" fbTx="56.14180369" lbTx="56.14185217" tId="0" fbRx="56.14185873" lbRx="0" />
<p fId="2" fbTx="56.14180369" lbTx="56.14185217" tId="1" fbRx="56.14185873" lbRx="0" />
<p fId="2" fbTx="56.14186113" lbTx="56.14190961" tId="0" fbRx="56.14191617" lbRx="0" />
<p fId="2" fbTx="56.14186113" lbTx="56.14190961" tId="0" fbRx="56.14191617" lbRx="0" />
<p fId="2" fbTx="56.14186113" lbTx="56.14190961" tId="1" fbRx="56.14191617" lbRx="0" />
<p fId="0" fbTx="56.14191717" lbTx="56.14192277" tId="1" fbRx="56.14192933" lbRx="0" />
<p fId="0" fbTx="56.14191717" lbTx="56.14192277" tId="2" fbRx="56.14192933" lbRx="0" />
<p fId="0" fbTx="56.14191717" lbTx="56.14192277" tId="2" fbRx="56.14192933" lbRx="0" />
<p fId="2" fbTx="56.14196857" lbTx="56.14201705" tId="0" fbRx="56.14202361" lbRx="0" />
<p fId="2" fbTx="56.14196857" lbTx="56.14201705" tId="0" fbRx="56.14202361" lbRx="0" />
<p fId="2" fbTx="56.14196857" lbTx="56.14201705" tId="1" fbRx="56.14202361" lbRx="0" />
<p fId="2" fbTx="56.14203101" lbTx="56.14207949" tId="0" fbRx="56.14208605" lbRx="0" />
<p fId="2" fbTx="56.14203101" lbTx="56.14207949" tId="0" fbRx="56.14208605" lbRx="0" />
<p fId="2" fbTx="56.14203101" lbTx="56.14207949" tId="1" fbRx="56.14208605" lbRx="0" />
<p fId="2" fbTx="56.14208645" lbTx="56.14213493" tId="0" fbRx="56.14214149" lbRx="0" />
<p fId="2" fbTx="56.14208645" lbTx="56.14213493" tId="0" fbRx="56.14214149" lbRx="0" />
<p fId="2" fbTx="56.14208645" lbTx="56.14213493" tId="1" fbRx="56.14214149" lbRx="0" />
<p fId="2" fbTx="56.14214389" lbTx="56.14219237" tId="0" fbRx="56.14219893" lbRx="0" />
<p fId="2" fbTx="56.14214389" lbTx="56.14219237" tId="0" fbRx="56.14219893" lbRx="0" />
<p fId="2" fbTx="56.14214389" lbTx="56.14219237" tId="1" fbRx="56.14219893" lbRx="0" />
<p fId="2" fbTx="56.14220033" lbTx="56.14224881" tId="0" fbRx="56.14225537" lbRx="0" />
<p fId="2" fbTx="56.14220033" lbTx="56.14224881" tId="0" fbRx="56.14225537" lbRx="0" />
<p fId="2" fbTx="56.14220033" lbTx="56.14224881" tId="1" fbRx="56.14225537" lbRx="0" />
<p fId="2" fbTx="56.14225677" lbTx="56.14230525" tId="0" fbRx="56.14231181" lbRx="0" />
<p fId="2" fbTx="56.14225677" lbTx="56.14230525" tId="0" fbRx="56.14231181" lbRx="0" />
<p fId="2" fbTx="56.14225677" lbTx="56.14230525" tId="1" fbRx="56.14231181" lbRx="0" />
<p fId="2" fbTx="56.14232321" lbTx="56.14237169" tId="0" fbRx="56.14237825" lbRx="0" />
<p fId="2" fbTx="56.14232321" lbTx="56.14237169" tId="0" fbRx="56.14237825" lbRx="0" />
<p fId="2" fbTx="56.14232321" lbTx="56.14237169" tId="1" fbRx="56.14237825" lbRx="0" />
<p fId="2" fbTx="56.14238065" lbTx="56.14242913" tId="0" fbRx="56.14243569" lbRx="0" />
<p fId="2" fbTx="56.14238065" lbTx="56.14242913" tId="0" fbRx="56.14243569" lbRx="0" />
<p fId="2" fbTx="56.14238065" lbTx="56.14242913" tId="1" fbRx="56.14243569" lbRx="0" />
<p fId="2" fbTx="56.14244909" lbTx="56.14249757" tId="0" fbRx="56.14250413" lbRx="0" />
<p fId="2" fbTx="56.14244909" lbTx="56.14249757" tId="0" fbRx="56.14250413" lbRx="0" />
<p fId="2" fbTx="56.14244909" lbTx="56.14249757" tId="1" fbRx="56.14250413" lbRx="0" />
<p fId="2" fbTx="56.14251253" lbTx="56.14256101" tId="0" fbRx="56.14256757" lbRx="0" />
<p fId="2" fbTx="56.14251253" lbTx="56.14256101" tId="0" fbRx="56.14256757" lbRx="0" />
<p fId="2" fbTx="56.14251253" lbTx="56.14256101" tId="1" fbRx="56.14256757" lbRx="0" />
<p fId="2" fbTx="56.14257097" lbTx="56.14261945" tId="0" fbRx="56.14262601" lbRx="0" />
<p fId="2" fbTx="56.14257097" lbTx="56.14261945" tId="0" fbRx="56.14262601" lbRx="0" />
<p fId="2" fbTx="56.14257097" lbTx="56.14261945" tId="1" fbRx="56.14262601" lbRx="0" />
<p fId="2" fbTx="56.14262841" lbTx="56.14267689" tId="0" fbRx="56.14268345" lbRx="0" />
<p fId="2" fbTx="56.14262841" lbTx="56.14267689" tId="0" fbRx="56.14268345" lbRx="0" />
<p fId="2" fbTx="56.14262841" lbTx="56.14267689" tId="1" fbRx="56.14268345" lbRx="0" />
<p fId="2" fbTx="56.14268385" lbTx="56.14273233" tId="0" fbRx="56.14273889" lbRx="0" />
<p fId="2" fbTx="56.14268385" lbTx="56.14273233" tId="0" fbRx="56.14273889" lbRx="0" />
<p fId="2" fbTx="56.14268385" lbTx="56.14273233" tId="1" fbRx="56.14273889" lbRx="0" />
<p fId="2" fbTx="56.14273929" lbTx="56.14278777" tId="0" fbRx="56.14279433" lbRx="0" />
<p fId="2" fbTx="56.14273929" lbTx="56.14278777" tId="0" fbRx="56.14279433" lbRx="0" />
<p fId="2" fbTx="56.14273929" lbTx="56.14278777" tId="1" fbRx="56.14279433" lbRx="0" />
<p fId="2" fbTx="56.14280173" lbTx="56.14285021" tId="0" fbRx="56.14285677" lbRx="0" />
<p fId="2" fbTx="56.14280173" lbTx="56.14285021" tId="0" fbRx="56.14285677" lbRx="0" />
<p fId="2" fbTx="56.14280173" lbTx="56.14285021" tId="1" fbRx="56.14285677" lbRx="0" />
<p fId="2" fbTx="56.14286017" lbTx="56.14290865" tId="0" fbRx="56.14291521" lbRx="0" />
<p fId="2" fbTx="56.14286017" lbTx="56.14290865" tId="0" fbRx="56.14291521" lbRx="0" />
<p fId="2" fbTx="56.14286017" lbTx="56.14290865" tId="1" fbRx="56.14291521" lbRx="0" />
<p fId="2" fbTx="56.14291761" lbTx="56.14296609" tId="0" fbRx="56.14297265" lbRx="0" />
<p fId="2" fbTx="56.14291761" lbTx="56.14296609" tId="0" fbRx="56.14297265" lbRx="0" />
<p fId="2" fbTx="56.14291761" lbTx="56.14296609" tId="1" fbRx="56.14297265" lbRx="0" />
<p fId="2" fbTx="56.14297405" lbTx="56.14302253" tId="0" fbRx="56.14302909" lbRx="0" />
<p fId="2" fbTx="56.14297405" lbTx="56.14302253" tId="0" fbRx="56.14302909" lbRx="0" />
<p fId="2" fbTx="56.14297405" lbTx="56.14302253" tId="1" fbRx="56.14302909" lbRx="0" />
<p fId="2" fbTx="56.14302949" lbTx="56.14307797" tId="0" fbRx="56.14308453" lbRx="0" />
<p fId="2" fbTx="56.14302949" lbTx="56.14307797" tId="0" fbRx="56.14308453" lbRx="0" />
<p fId="2" fbTx="56.14302949" lbTx="56.14307797" tId="1" fbRx="56.14308453" lbRx="0" />
<p fId="2" fbTx="56.14308593" lbTx="56.14313441" tId="0" fbRx="56.14314097" lbRx="0" />
<p fId="2" fbTx="56.14308593" lbTx="56.14313441" tId="0" fbRx="56.14314097" lbRx="0" />
<p fId="2" fbTx="56.14308593" lbTx="56.14313441" tId="1" fbRx="56.14314097" lbRx="0" />
<p fId="2" fbTx="56.14314637" lbTx="56.14319485" tId="0" fbRx="56.14320141" lbRx="0" />
<p fId="2" fbTx="56.14314637" lbTx="56.14319485" tId="0" fbRx="56.14320141" lbRx="0" />
<p fId="2" fbTx="56.14314637" lbTx="56.14319485" tId="1" fbRx="56.14320141" lbRx="0" />
<p fId="2" fbTx="56.14320581" lbTx="56.14325429" tId="0" fbRx="56.14326085" lbRx="0" />
<p fId="2" fbTx="56.14320581" lbTx="56.14325429" tId="0" fbRx="56.14326085" lbRx="0" />
<p fId="2" fbTx="56.14320581" lbTx="56.14325429" tId="1" fbRx="56.14326085" lbRx="0" />
<p fId="2" fbTx="56.14326325" lbTx="56.14331173" tId="0" fbRx="56.14331829" lbRx="0" />
<p fId="2" fbTx="56.14326325" lbTx="56.14331173" tId="0" fbRx="56.14331829" lbRx="0" />
<p fId="2" fbTx="56.14326325" lbTx="56.14331173" tId="1" fbRx="56.14331829" lbRx="0" />
<p fId="2" fbTx="56.14331869" lbTx="56.14336717" tId="0" fbRx="56.14337373" lbRx="0" />
<p fId="2" fbTx="56.14331869" lbTx="56.14336717" tId="0" fbRx="56.14337373" lbRx="0" />
<p fId="2" fbTx="56.14331869" lbTx="56.14336717" tId="1" fbRx="56.14337373" lbRx="0" />
<p fId="2" fbTx="56.14337913" lbTx="56.14342761" tId="0" fbRx="56.14343417" lbRx="0" />
<p fId="2" fbTx="56.14337913" lbTx="56.14342761" tId="0" fbRx="56.14343417" lbRx="0" />
<p fId="2" fbTx="56.14337913" lbTx="56.14342761" tId="1" fbRx="56.14343417" lbRx="0" />
<p fId="2" fbTx="56.14344657" lbTx="56.14349505" tId="0" fbRx="56.14350161" lbRx="0" />
<p fId="2" fbTx="56.14344657" lbTx="56.14349505" tId="0" fbRx="56.14350161" lbRx="0" />
<p fId="2" fbTx="56.14344657" lbTx="56.14349505" tId="1" fbRx="56.14350161" lbRx="0" />
<p fId="2" fbTx="56.14350401" lbTx="56.14355249" tId="0" fbRx="56.14355905" lbRx="0" />
<p fId="2" fbTx="56.14350401" lbTx="56.14355249" tId="0" fbRx="56.14355905" lbRx="0" />
<p fId="2" fbTx="56.14350401" lbTx="56.14355249" tId="1" fbRx="56.14355905" lbRx="0" />
<p fId="2" fbTx="56.14355945" lbTx="56.14360793" tId="0" fbRx="56.14361449" lbRx="0" />
<p fId="2" fbTx="56.14355945" lbTx="56.14360793" tId="0" fbRx="56.14361449" lbRx="0" />
<p fId="2" fbTx="56.14355945" lbTx="56.14360793" tId="1" fbRx="56.14361449" lbRx="0" />
<p fId="2" fbTx="56.14362289" lbTx="56.14367137" tId="0" fbRx="56.14367793" lbRx="0" />
<p fId="2" fbTx="56.14362289" lbTx="56.14367137" tId="0" fbRx="56.14367793" lbRx="0" />
<p fId="2" fbTx="56.14362289" lbTx="56.14367137" tId="1" fbRx="56.14367793" lbRx="0" />
<p fId="2" fbTx="56.14368033" lbTx="56.14372881" tId="0" fbRx="56.14373537" lbRx="0" />
<p fId="2" fbTx="56.14368033" lbTx="56.14372881" tId="0" fbRx="56.14373537" lbRx="0" />
<p fId="2" fbTx="56.14368033" lbTx="56.14372881" tId="1" fbRx="56.14373537" lbRx="0" />
<p fId="2" fbTx="56.14373577" lbTx="56.14378425" tId="0" fbRx="56.14379081" lbRx="0" />
<p fId="2" fbTx="56.14373577" lbTx="56.14378425" tId="0" fbRx="56.14379081" lbRx="0" />
<p fId="2" fbTx="56.14373577" lbTx="56.14378425" tId="1" fbRx="56.14379081" lbRx="0" />
<p fId="2" fbTx="56.14380221" lbTx="56.14385069" tId="0" fbRx="56.14385725" lbRx="0" />
<p fId="2" fbTx="56.14380221" lbTx="56.14385069" tId="0" fbRx="56.14385725" lbRx="0" />
<p fId="2" fbTx="56.14380221" lbTx="56.14385069" tId="1" fbRx="56.14385725" lbRx="0" />
<p fId="2" fbTx="56.14385865" lbTx="56.14390713" tId="0" fbRx="56.14391369" lbRx="0" />
<p fId="2" fbTx="56.14385865" lbTx="56.14390713" tId="0" fbRx="56.14391369" lbRx="0" />
<p fId="2" fbTx="56.14385865" lbTx="56.14390713" tId="1" fbRx="56.14391369" lbRx="0" />
<p fId="2" fbTx="56.14391609" lbTx="56.14396457" tId="0" fbRx="56.14397113" lbRx="0" />
<p fId="2" fbTx="56.14391609" lbTx="56.14396457" tId="0" fbRx="56.14397113" lbRx="0" />
<p fId="2" fbTx="56.14391609" lbTx="56.14396457" tId="1" fbRx="56.14397113" lbRx="0" />
<p fId="2" fbTx="56.14397253" lbTx="56.14402101" tId="0" fbRx="56.14402757" lbRx="0" />
<p fId="2" fbTx="56.14397253" lbTx="56.14402101" tId="0" fbRx="56.14402757" lbRx="0" />
<p fId="2" fbTx="56.14397253" lbTx="56.14402101" tId="1" fbRx="56.14402757" lbRx="0" />
<p fId="2" fbTx="56.14402897" lbTx="56.14407745" tId="0" fbRx="56.14408401" lbRx="0" />
<p fId="2" fbTx="56.14402897" lbTx="56.14407745" tId="0" fbRx="56.14408401" lbRx="0" />
<p fId="2" fbTx="56.14402897" lbTx="56.14407745" tId="1" fbRx="56.14408401" lbRx="0" />
<p fId="2" fbTx="56.14409341" lbTx="56.14414189" tId="0" fbRx="56.14414845" lbRx="0" />
<p fId="2" fbTx="56.14409341" lbTx="56.14414189" tId="0" fbRx="56.14414845" lbRx="0" />
<p fId="2" fbTx="56.14409341" lbTx="56.14414189" tId="1" fbRx="56.14414845" lbRx="0" />
<p fId="2" fbTx="56.14416085" lbTx="56.14420933" tId="0" fbRx="56.14421589" lbRx="0" />
<p fId="2" fbTx="56.14416085" lbTx="56.14420933" tId="0" fbRx="56.14421589" lbRx="0" />
<p fId="2" fbTx="56.14416085" lbTx="56.14420933" tId="1" fbRx="56.14421589" lbRx="0" />
<p fId="2" fbTx="56.14421729" lbTx="56.14426577" tId="0" fbRx="56.14427233" lbRx="0" />
<p fId="2" fbTx="56.14421729" lbTx="56.14426577" tId="0" fbRx="56.14427233" lbRx="0" />
<p fId="2" fbTx="56.14421729" lbTx="56.14426577" tId="1" fbRx="56.14427233" lbRx="0" />
<p fId="2" fbTx="56.14427373" lbTx="56.14432221" tId="0" fbRx="56.14432877" lbRx="0" />
<p fId="2" fbTx="56.14427373" lbTx="56.14432221" tId="0" fbRx="56.14432877" lbRx="0" />
<p fId="2" fbTx="56.14427373" lbTx="56.14432221" tId="1" fbRx="56.14432877" lbRx="0" />
<p fId="2" fbTx="56.14432917" lbTx="56.14437765" tId="0" fbRx="56.14438421" lbRx="0" />
<p fId="2" fbTx="56.14432917" lbTx="56.14437765" tId="0" fbRx="56.14438421" lbRx="0" />
<p fId="2" fbTx="56.14432917" lbTx="56.14437765" tId="1" fbRx="56.14438421" lbRx="0" />
<p fId="2" fbTx="56.14438461" lbTx="56.14443309" tId="0" fbRx="56.14443965" lbRx="0" />
<p fId="2" fbTx="56.14438461" lbTx="56.14443309" tId="0" fbRx="56.14443965" lbRx="0" />
<p fId="2" fbTx="56.14438461" lbTx="56.14443309" tId="1" fbRx="56.14443965" lbRx="0" />
<p fId="2" fbTx="56.14444205" lbTx="56.14449053" tId="0" fbRx="56.14449709" lbRx="0" />
<p fId="2" fbTx="56.14444205" lbTx="56.14449053" tId="0" fbRx="56.14449709" lbRx="0" />
<p fId="2" fbTx="56.14444205" lbTx="56.14449053" tId="1" fbRx="56.14449709" lbRx="0" />
<p fId="2" fbTx="56.14449749" lbTx="56.14454597" tId="0" fbRx="56.14455253" lbRx="0" />
<p fId="2" fbTx="56.14449749" lbTx="56.14454597" tId="0" fbRx="56.14455253" lbRx="0" />
<p fId="2" fbTx="56.14449749" lbTx="56.14454597" tId="1" fbRx="56.14455253" lbRx="0" />
<p fId="2" fbTx="56.14455493" lbTx="56.14460341" tId="0" fbRx="56.14460997" lbRx="0" />
<p fId="2" fbTx="56.14455493" lbTx="56.14460341" tId="0" fbRx="56.14460997" lbRx="0" />
<p fId="2" fbTx="56.14455493" lbTx="56.14460341" tId="1" fbRx="56.14460997" lbRx="0" />
<p fId="2" fbTx="56.14462237" lbTx="56.14467085" tId="0" fbRx="56.14467741" lbRx="0" />
<p fId="2" fbTx="56.14462237" lbTx="56.14467085" tId="0" fbRx="56.14467741" lbRx="0" />
<p fId="2" fbTx="56.14462237" lbTx="56.14467085" tId="1" fbRx="56.14467741" lbRx="0" />
<p fId="0" fbTx="56.14468005" lbTx="56.14468565" tId="1" fbRx="56.14469221" lbRx="0" />
<p fId="0" fbTx="56.14468005" lbTx="56.14468565" tId="2" fbRx="56.14469221" lbRx="0" />
<p fId="0" fbTx="56.14468005" lbTx="56.14468565" tId="2" fbRx="56.14469221" lbRx="0" />
<p fId="0" fbTx="56.14469461" lbTx="56.14470021" tId="1" fbRx="56.14470677" lbRx="0" />
<p fId="0" fbTx="56.14469461" lbTx="56.14470021" tId="2" fbRx="56.14470677" lbRx="0" />
<p fId="0" fbTx="56.14469461" lbTx="56.14470021" tId="2" fbRx="56.14470677" lbRx="0" />
<p fId="0" fbTx="56.14470817" lbTx="56.14471377" tId="1" fbRx="56.14472033" lbRx="0" />
<p fId="0" fbTx="56.14470817" lbTx="56.14471377" tId="2" fbRx="56.14472033" lbRx="0" />
<p fId="0" fbTx="56.14470817" lbTx="56.14471377" tId="2" fbRx="56.14472033" lbRx="0" />
<p fId="0" fbTx="56.14473173" lbTx="56.14473733" tId="1" fbRx="56.14474389" lbRx="0" />
<p fId="0" fbTx="56.14473173" lbTx="56.14473733" tId="2" fbRx="56.14474389" lbRx="0" />
<p fId="0" fbTx="56.14473173" lbTx="56.14473733" tId="2" fbRx="56.14474389" lbRx="0" />
<p fId="2" fbTx="56.14474981" lbTx="56.14479829" tId="0" fbRx="56.14480485" lbRx="0" />
<p fId="2" fbTx="56.14474981" lbTx="56.14479829" tId="0" fbRx="56.14480485" lbRx="0" />
<p fId="2" fbTx="56.14474981" lbTx="56.14479829" tId="1" fbRx="56.14480485" lbRx="0" />
<p fId="0" fbTx="56.14480529" lbTx="56.14481089" tId="1" fbRx="56.14481745" lbRx="0" />
<p fId="0" fbTx="56.14480529" lbTx="56.14481089" tId="2" fbRx="56.14481745" lbRx="0" />
<p fId="0" fbTx="56.14480529" lbTx="56.14481089" tId="2" fbRx="56.14481745" lbRx="0" />
<p fId="2" fbTx="56.14483125" lbTx="56.14487973" tId="0" fbRx="56.14488629" lbRx="0" />
<p fId="2" fbTx="56.14483125" lbTx="56.14487973" tId="0" fbRx="56.14488629" lbRx="0" />
<p fId="2" fbTx="56.14483125" lbTx="56.14487973" tId="1" fbRx="56.14488629" lbRx="0" />
<p fId="2" fbTx="56.14488969" lbTx="56.14493817" tId="0" fbRx="56.14494473" lbRx="0" />
<p fId="2" fbTx="56.14488969" lbTx="56.14493817" tId="0" fbRx="56.14494473" lbRx="0" />
<p fId="2" fbTx="56.14488969" lbTx="56.14493817" tId="1" fbRx="56.14494473" lbRx="0" />
<p fId="2" fbTx="56.14494513" lbTx="56.14499361" tId="0" fbRx="56.14500017" lbRx="0" />
<p fId="2" fbTx="56.14494513" lbTx="56.14499361" tId="0" fbRx="56.14500017" lbRx="0" />
<p fId="2" fbTx="56.14494513" lbTx="56.14499361" tId="1" fbRx="56.14500017" lbRx="0" />
<p fId="2" fbTx="56.14500657" lbTx="56.14505505" tId="0" fbRx="56.14506161" lbRx="0" />
<p fId="2" fbTx="56.14500657" lbTx="56.14505505" tId="0" fbRx="56.14506161" lbRx="0" />
<p fId="2" fbTx="56.14500657" lbTx="56.14505505" tId="1" fbRx="56.14506161" lbRx="0" />
<p fId="2" fbTx="56.14506501" lbTx="56.14511349" tId="0" fbRx="56.14512005" lbRx="0" />
<p fId="2" fbTx="56.14506501" lbTx="56.14511349" tId="0" fbRx="56.14512005" lbRx="0" />
<p fId="2" fbTx="56.14506501" lbTx="56.14511349" tId="1" fbRx="56.14512005" lbRx="0" />
<p fId="2" fbTx="56.14513245" lbTx="56.14518093" tId="0" fbRx="56.14518749" lbRx="0" />
<p fId="2" fbTx="56.14513245" lbTx="56.14518093" tId="0" fbRx="56.14518749" lbRx="0" />
<p fId="2" fbTx="56.14513245" lbTx="56.14518093" tId="1" fbRx="56.14518749" lbRx="0" />
<p fId="2" fbTx="56.14519789" lbTx="56.14524637" tId="0" fbRx="56.14525293" lbRx="0" />
<p fId="2" fbTx="56.14519789" lbTx="56.14524637" tId="0" fbRx="56.14525293" lbRx="0" />
<p fId="2" fbTx="56.14519789" lbTx="56.14524637" tId="1" fbRx="56.14525293" lbRx="0" />
<p fId="2" fbTx="56.14525433" lbTx="56.14530281" tId="0" fbRx="56.14530937" lbRx="0" />
<p fId="2" fbTx="56.14525433" lbTx="56.14530281" tId="0" fbRx="56.14530937" lbRx="0" />
<p fId="2" fbTx="56.14525433" lbTx="56.14530281" tId="1" fbRx="56.14530937" lbRx="0" />
<p fId="2" fbTx="56.14531177" lbTx="56.14536025" tId="0" fbRx="56.14536681" lbRx="0" />
<p fId="2" fbTx="56.14531177" lbTx="56.14536025" tId="0" fbRx="56.14536681" lbRx="0" />
<p fId="2" fbTx="56.14531177" lbTx="56.14536025" tId="1" fbRx="56.14536681" lbRx="0" />
<p fId="2" fbTx="56.14536821" lbTx="56.14541669" tId="0" fbRx="56.14542325" lbRx="0" />
<p fId="2" fbTx="56.14536821" lbTx="56.14541669" tId="0" fbRx="56.14542325" lbRx="0" />
<p fId="2" fbTx="56.14536821" lbTx="56.14541669" tId="1" fbRx="56.14542325" lbRx="0" />
<p fId="2" fbTx="56.14543065" lbTx="56.14547913" tId="0" fbRx="56.14548569" lbRx="0" />
<p fId="2" fbTx="56.14543065" lbTx="56.14547913" tId="0" fbRx="56.14548569" lbRx="0" />
<p fId="2" fbTx="56.14543065" lbTx="56.14547913" tId="1" fbRx="56.14548569" lbRx="0" />
<p fId="2" fbTx="56.14548909" lbTx="56.14553757" tId="0" fbRx="56.14554413" lbRx="0" />
<p fId="2" fbTx="56.14548909" lbTx="56.14553757" tId="0" fbRx="56.14554413" lbRx="0" />
<p fId="2" fbTx="56.14548909" lbTx="56.14553757" tId="1" fbRx="56.14554413" lbRx="0" />
<p fId="2" fbTx="56.14554653" lbTx="56.14559501" tId="0" fbRx="56.14560157" lbRx="0" />
<p fId="2" fbTx="56.14554653" lbTx="56.14559501" tId="0" fbRx="56.14560157" lbRx="0" />
<p fId="2" fbTx="56.14554653" lbTx="56.14559501" tId="1" fbRx="56.14560157" lbRx="0" />
<p fId="2" fbTx="56.14560397" lbTx="56.14565245" tId="0" fbRx="56.14565901" lbRx="0" />
<p fId="2" fbTx="56.14560397" lbTx="56.14565245" tId="0" fbRx="56.14565901" lbRx="0" />
<p fId="2" fbTx="56.14560397" lbTx="56.14565245" tId="1" fbRx="56.14565901" lbRx="0" />
<p fId="2" fbTx="56.14566841" lbTx="56.14571689" tId="0" fbRx="56.14572345" lbRx="0" />
<p fId="2" fbTx="56.14566841" lbTx="56.14571689" tId="0" fbRx="56.14572345" lbRx="0" />
<p fId="2" fbTx="56.14566841" lbTx="56.14571689" tId="1" fbRx="56.14572345" lbRx="0" />
<p fId="2" fbTx="56.14573185" lbTx="56.14575609" tId="0" fbRx="56.14576265" lbRx="0" />
<p fId="2" fbTx="56.14573185" lbTx="56.14575609" tId="0" fbRx="56.14576265" lbRx="0" />
<p fId="2" fbTx="56.14573185" lbTx="56.14575609" tId="1" fbRx="56.14576265" lbRx="0" />
<p fId="0" fbTx="56.14602385" lbTx="56.14602945" tId="1" fbRx="56.14603601" lbRx="0" />
<p fId="0" fbTx="56.14602385" lbTx="56.14602945" tId="2" fbRx="56.14603601" lbRx="0" />
<p fId="0" fbTx="56.14602385" lbTx="56.14602945" tId="2" fbRx="56.14603601" lbRx="0" />
<p fId="0" fbTx="56.14603841" lbTx="56.14604401" tId="1" fbRx="56.14605057" lbRx="0" />
<p fId="0" fbTx="56.14603841" lbTx="56.14604401" tId="2" fbRx="56.14605057" lbRx="0" />
<p fId="0" fbTx="56.14603841" lbTx="56.14604401" tId="2" fbRx="56.14605057" lbRx="0" />
<p fId="0" fbTx="56.14605297" lbTx="56.14605857" tId="1" fbRx="56.14606513" lbRx="0" />
<p fId="0" fbTx="56.14605297" lbTx="56.14605857" tId="2" fbRx="56.14606513" lbRx="0" />
<p fId="0" fbTx="56.14605297" lbTx="56.14605857" tId="2" fbRx="56.14606513" lbRx="0" />
<p fId="0" fbTx="56.14606653" lbTx="56.14607213" tId="1" fbRx="56.14607869" lbRx="0" />
<p fId="0" fbTx="56.14606653" lbTx="56.14607213" tId="2" fbRx="56.14607869" lbRx="0" />
<p fId="0" fbTx="56.14606653" lbTx="56.14607213" tId="2" fbRx="56.14607869" lbRx="0" />
<p fId="0" fbTx="56.14608009" lbTx="56.14608569" tId="1" fbRx="56.14609225" lbRx="0" />
<p fId="0" fbTx="56.14608009" lbTx="56.14608569" tId="2" fbRx="56.14609225" lbRx="0" />
<p fId="0" fbTx="56.14608009" lbTx="56.14608569" tId="2" fbRx="56.14609225" lbRx="0" />
<p fId="0" fbTx="56.14609365" lbTx="56.14609925" tId="1" fbRx="56.14610581" lbRx="0" />
<p fId="0" fbTx="56.14609365" lbTx="56.14609925" tId="2" fbRx="56.14610581" lbRx="0" />
<p fId="0" fbTx="56.14609365" lbTx="56.14609925" tId="2" fbRx="56.14610581" lbRx="0" />
<p fId="0" fbTx="56.14611821" lbTx="56.14612381" tId="1" fbRx="56.14613037" lbRx="0" />
<p fId="0" fbTx="56.14611821" lbTx="56.14612381" tId="2" fbRx="56.14613037" lbRx="0" />
<p fId="0" fbTx="56.14611821" lbTx="56.14612381" tId="2" fbRx="56.14613037" lbRx="0" />
<p fId="0" fbTx="56.14613977" lbTx="56.14614537" tId="1" fbRx="56.14615193" lbRx="0" />
<p fId="0" fbTx="56.14613977" lbTx="56.14614537" tId="2" fbRx="56.14615193" lbRx="0" />
<p fId="0" fbTx="56.14613977" lbTx="56.14614537" tId="2" fbRx="56.14615193" lbRx="0" />
<p fId="0" fbTx="56.14616133" lbTx="56.14616693" tId="1" fbRx="56.14617349" lbRx="0" />
<p fId="0" fbTx="56.14616133" lbTx="56.14616693" tId="2" fbRx="56.14617349" lbRx="0" />
<p fId="0" fbTx="56.14616133" lbTx="56.14616693" tId="2" fbRx="56.14617349" lbRx="0" />
<p fId="0" fbTx="56.14617589" lbTx="56.14618149" tId="1" fbRx="56.14618805" lbRx="0" />
<p fId="0" fbTx="56.14617589" lbTx="56.14618149" tId="2" fbRx="56.14618805" lbRx="0" />
<p fId="0" fbTx="56.14617589" lbTx="56.14618149" tId="2" fbRx="56.14618805" lbRx="0" />
<p fId="0" fbTx="56.14618845" lbTx="56.14619405" tId="1" fbRx="56.14620061" lbRx="0" />
<p fId="0" fbTx="56.14618845" lbTx="56.14619405" tId="2" fbRx="56.14620061" lbRx="0" />
<p fId="0" fbTx="56.14618845" lbTx="56.14619405" tId="2" fbRx="56.14620061" lbRx="0" />
<p fId="0" fbTx="56.14620301" lbTx="56.14620861" tId="1" fbRx="56.14621517" lbRx="0" />
<p fId="0" fbTx="56.14620301" lbTx="56.14620861" tId="2" fbRx="56.14621517" lbRx="0" />
<p fId="0" fbTx="56.14620301" lbTx="56.14620861" tId="2" fbRx="56.14621517" lbRx="0" />
<p fId="0" fbTx="56.14621857" lbTx="56.14622417" tId="1" fbRx="56.14623073" lbRx="0" />
<p fId="0" fbTx="56.14621857" lbTx="56.14622417" tId="2" fbRx="56.14623073" lbRx="0" />
<p fId="0" fbTx="56.14621857" lbTx="56.14622417" tId="2" fbRx="56.14623073" lbRx="0" />
<p fId="0" fbTx="56.14623413" lbTx="56.14623973" tId="1" fbRx="56.14624629" lbRx="0" />
<p fId="0" fbTx="56.14623413" lbTx="56.14623973" tId="2" fbRx="56.14624629" lbRx="0" />
<p fId="0" fbTx="56.14623413" lbTx="56.14623973" tId="2" fbRx="56.14624629" lbRx="0" />
<p fId="0" fbTx="56.14624969" lbTx="56.14625529" tId="1" fbRx="56.14626185" lbRx="0" />
<p fId="0" fbTx="56.14624969" lbTx="56.14625529" tId="2" fbRx="56.14626185" lbRx="0" />
<p fId="0" fbTx="56.14624969" lbTx="56.14625529" tId="2" fbRx="56.14626185" lbRx="0" />
<p fId="0" fbTx="56.14626325" lbTx="56.14626885" tId="1" fbRx="56.14627541" lbRx="0" />
<p fId="0" fbTx="56.14626325" lbTx="56.14626885" tId="2" fbRx="56.14627541" lbRx="0" />
<p fId="0" fbTx="56.14626325" lbTx="56.14626885" tId="2" fbRx="56.14627541" lbRx="0" />
<p fId="0" fbTx="56.14628281" lbTx="56.14628841" tId="1" fbRx="56.14629497" lbRx="0" />
<p fId="0" fbTx="56.14628281" lbTx="56.14628841" tId="2" fbRx="56.14629497" lbRx="0" />
<p fId="0" fbTx="56.14628281" lbTx="56.14628841" tId="2" fbRx="56.14629497" lbRx="0" />
<p fId="0" fbTx="56.14630737" lbTx="56.14631297" tId="1" fbRx="56.14631953" lbRx="0" />
<p fId="0" fbTx="56.14630737" lbTx="56.14631297" tId="2" fbRx="56.14631953" lbRx="0" />
<p fId="0" fbTx="56.14630737" lbTx="56.14631297" tId="2" fbRx="56.14631953" lbRx="0" />
<p fId="0" fbTx="56.14632093" lbTx="56.14632653" tId="1" fbRx="56.14633309" lbRx="0" />
<p fId="0" fbTx="56.14632093" lbTx="56.14632653" tId="2" fbRx="56.14633309" lbRx="0" />
<p fId="0" fbTx="56.14632093" lbTx="56.14632653" tId="2" fbRx="56.14633309" lbRx="0" />
<p fId="0" fbTx="56.14633749" lbTx="56.14634309" tId="1" fbRx="56.14634965" lbRx="0" />
<p fId="0" fbTx="56.14633749" lbTx="56.14634309" tId="2" fbRx="56.14634965" lbRx="0" />
<p fId="0" fbTx="56.14633749" lbTx="56.14634309" tId="2" fbRx="56.14634965" lbRx="0" />
<p fId="0" fbTx="56.14635305" lbTx="56.14635865" tId="1" fbRx="56.14636521" lbRx="0" />
<p fId="0" fbTx="56.14635305" lbTx="56.14635865" tId="2" fbRx="56.14636521" lbRx="0" />
<p fId="0" fbTx="56.14635305" lbTx="56.14635865" tId="2" fbRx="56.14636521" lbRx="0" />
<p fId="0" fbTx="56.14636561" lbTx="56.14637121" tId="1" fbRx="56.14637777" lbRx="0" />
<p fId="0" fbTx="56.14636561" lbTx="56.14637121" tId="2" fbRx="56.14637777" lbRx="0" />
<p fId="0" fbTx="56.14636561" lbTx="56.14637121" tId="2" fbRx="56.14637777" lbRx="0" />
<p fId="0" fbTx="56.14638017" lbTx="56.14638577" tId="1" fbRx="56.14639233" lbRx="0" />
<p fId="0" fbTx="56.14638017" lbTx="56.14638577" tId="2" fbRx="56.14639233" lbRx="0" />
<p fId="0" fbTx="56.14638017" lbTx="56.14638577" tId="2" fbRx="56.14639233" lbRx="0" />
<p fId="0" fbTx="56.14639573" lbTx="56.14640133" tId="1" fbRx="56.14640789" lbRx="0" />
<p fId="0" fbTx="56.14639573" lbTx="56.14640133" tId="2" fbRx="56.14640789" lbRx="0" />
<p fId="0" fbTx="56.14639573" lbTx="56.14640133" tId="2" fbRx="56.14640789" lbRx="0" />
<p fId="0" fbTx="56.14641229" lbTx="56.14641789" tId="1" fbRx="56.14642445" lbRx="0" />
<p fId="0" fbTx="56.14641229" lbTx="56.14641789" tId="2" fbRx="56.14642445" lbRx="0" />
<p fId="0" fbTx="56.14641229" lbTx="56.14641789" tId="2" fbRx="56.14642445" lbRx="0" />
<p fId="0" fbTx="56.14642685" lbTx="56.14643245" tId="1" fbRx="56.14643901" lbRx="0" />
<p fId="0" fbTx="56.14642685" lbTx="56.14643245" tId="2" fbRx="56.14643901" lbRx="0" />
<p fId="0" fbTx="56.14642685" lbTx="56.14643245" tId="2" fbRx="56.14643901" lbRx="0" />
<p fId="0" fbTx="56.18670391" lbTx="56.18673751" tId="1" fbRx="56.18674407" lbRx="0" />
<p fId="0" fbTx="56.18670391" lbTx="56.18673751" tId="2" fbRx="56.18674407" lbRx="0" />
<p fId="0" fbTx="56.18670391" lbTx="56.18673751" tId="2" fbRx="56.18674407" lbRx="0" />
<p fId="2" fbTx="56.18674407" lbTx="56.18679255" tId="0" fbRx="56.18679911" lbRx="0" />
<p fId="2" fbTx="56.18674407" lbTx="56.18679255" tId="0" fbRx="56.18679911" lbRx="0" />
<p fId="2" fbTx="56.18674407" lbTx="56.18679255" tId="1" fbRx="56.18679911" lbRx="0" />
<p fId="2" fbTx="56.18680451" lbTx="56.18685299" tId="0" fbRx="56.18685955" lbRx="0" />
<p fId="2" fbTx="56.18680451" lbTx="56.18685299" tId="0" fbRx="56.18685955" lbRx="0" />
<p fId="2" fbTx="56.18680451" lbTx="56.18685299" tId="1" fbRx="56.18685955" lbRx="0" />
<p fId="0" fbTx="56.18686055" lbTx="56.18686615" tId="1" fbRx="56.18687271" lbRx="0" />
<p fId="0" fbTx="56.18686055" lbTx="56.18686615" tId="2" fbRx="56.18687271" lbRx="0" />
<p fId="0" fbTx="56.18686055" lbTx="56.18686615" tId="2" fbRx="56.18687271" lbRx="0" />
<p fId="2" fbTx="56.18689795" lbTx="56.18694643" tId="0" fbRx="56.18695299" lbRx="0" />
<p fId="2" fbTx="56.18689795" lbTx="56.18694643" tId="0" fbRx="56.18695299" lbRx="0" />
<p fId="2" fbTx="56.18689795" lbTx="56.18694643" tId="1" fbRx="56.18695299" lbRx="0" />
<p fId="2" fbTx="56.18695339" lbTx="56.18700187" tId="0" fbRx="56.18700843" lbRx="0" />
<p fId="2" fbTx="56.18695339" lbTx="56.18700187" tId="0" fbRx="56.18700843" lbRx="0" />
<p fId="2" fbTx="56.18695339" lbTx="56.18700187" tId="1" fbRx="56.18700843" lbRx="0" />
<p fId="0" fbTx="56.18700943" lbTx="56.18701503" tId="1" fbRx="56.18702159" lbRx="0" />
<p fId="0" fbTx="56.18700943" lbTx="56.18701503" tId="2" fbRx="56.18702159" lbRx="0" />
<p fId="0" fbTx="56.18700943" lbTx="56.18701503" tId="2" fbRx="56.18702159" lbRx="0" />
<p fId="2" fbTx="56.18704583" lbTx="56.18709431" tId="0" fbRx="56.18710087" lbRx="0" />
<p fId="2" fbTx="56.18704583" lbTx="56.18709431" tId="0" fbRx="56.18710087" lbRx="0" />
<p fId="2" fbTx="56.18704583" lbTx="56.18709431" tId="1" fbRx="56.18710087" lbRx="0" />
<p fId="2" fbTx="56.18710127" lbTx="56.18714975" tId="0" fbRx="56.18715631" lbRx="0" />
<p fId="2" fbTx="56.18710127" lbTx="56.18714975" tId="0" fbRx="56.18715631" lbRx="0" />
<p fId="2" fbTx="56.18710127" lbTx="56.18714975" tId="1" fbRx="56.18715631" lbRx="0" />
<p fId="0" fbTx="56.18715731" lbTx="56.18716291" tId="1" fbRx="56.18716947" lbRx="0" />
<p fId="0" fbTx="56.18715731" lbTx="56.18716291" tId="2" fbRx="56.18716947" lbRx="0" />
<p fId="0" fbTx="56.18715731" lbTx="56.18716291" tId="2" fbRx="56.18716947" lbRx="0" />
<p fId="2" fbTx="56.18719671" lbTx="56.18724519" tId="0" fbRx="56.18725175" lbRx="0" />
<p fId="2" fbTx="56.18719671" lbTx="56.18724519" tId="0" fbRx="56.18725175" lbRx="0" />
<p fId="2" fbTx="56.18719671" lbTx="56.18724519" tId="1" fbRx="56.18725175" lbRx="0" />
<p fId="2" fbTx="56.18725215" lbTx="56.18730063" tId="0" fbRx="56.18730719" lbRx="0" />
<p fId="2" fbTx="56.18725215" lbTx="56.18730063" tId="0" fbRx="56.18730719" lbRx="0" />
<p fId="2" fbTx="56.18725215" lbTx="56.18730063" tId="1" fbRx="56.18730719" lbRx="0" />
<p fId="2" fbTx="56.18730759" lbTx="56.18735607" tId="0" fbRx="56.18736263" lbRx="0" />
<p fId="2" fbTx="56.18730759" lbTx="56.18735607" tId="0" fbRx="56.18736263" lbRx="0" />
<p fId="2" fbTx="56.18730759" lbTx="56.18735607" tId="1" fbRx="56.18736263" lbRx="0" />
<p fId="2" fbTx="56.18736603" lbTx="56.18738011" tId="0" fbRx="56.18738667" lbRx="0" />
<p fId="2" fbTx="56.18736603" lbTx="56.18738011" tId="0" fbRx="56.18738667" lbRx="0" />
<p fId="2" fbTx="56.18736603" lbTx="56.18738011" tId="1" fbRx="56.18738667" lbRx="0" />
<p fId="0" fbTx="56.18752719" lbTx="56.18753279" tId="1" fbRx="56.18753935" lbRx="0" />
<p fId="0" fbTx="56.18752719" lbTx="56.18753279" tId="2" fbRx="56.18753935" lbRx="0" />
<p fId="0" fbTx="56.18752719" lbTx="56.18753279" tId="2" fbRx="56.18753935" lbRx="0" />
<p fId="0" fbTx="56.18754975" lbTx="56.18755535" tId="1" fbRx="56.18756191" lbRx="0" />
<p fId="0" fbTx="56.18754975" lbTx="56.18755535" tId="2" fbRx="56.18756191" lbRx="0" />
<p fId="0" fbTx="56.18754975" lbTx="56.18755535" tId="2" fbRx="56.18756191" lbRx="0" />
<p fId="0" fbTx="56.18756831" lbTx="56.18760191" tId="1" fbRx="56.18760847" lbRx="0" />
<p fId="0" fbTx="56.18756831" lbTx="56.18760191" tId="2" fbRx="56.18760847" lbRx="0" />
<p fId="0" fbTx="56.18756831" lbTx="56.18760191" tId="2" fbRx="56.18760847" lbRx="0" />
<p fId="2" fbTx="56.18760847" lbTx="56.18764151" tId="0" fbRx="56.18764807" lbRx="0" />
<p fId="2" fbTx="56.18760847" lbTx="56.18764151" tId="0" fbRx="56.18764807" lbRx="0" />
<p fId="2" fbTx="56.18760847" lbTx="56.18764151" tId="1" fbRx="56.18764807" lbRx="0" />
<p fId="0" fbTx="56.18764807" lbTx="56.18768167" tId="1" fbRx="56.18768823" lbRx="0" />
<p fId="0" fbTx="56.18764807" lbTx="56.18768167" tId="2" fbRx="56.18768823" lbRx="0" />
<p fId="0" fbTx="56.18764807" lbTx="56.18768167" tId="2" fbRx="56.18768823" lbRx="0" />
<p fId="2" fbTx="56.18768823" lbTx="56.18772095" tId="0" fbRx="56.18772751" lbRx="0" />
<p fId="2" fbTx="56.18768823" lbTx="56.18772095" tId="0" fbRx="56.18772751" lbRx="0" />
<p fId="2" fbTx="56.18768823" lbTx="56.18772095" tId="1" fbRx="56.18772751" lbRx="0" />
<p fId="0" fbTx="56.38772751" lbTx="56.38773311" tId="1" fbRx="56.38773967" lbRx="0" />
<p fId="0" fbTx="56.38772751" lbTx="56.38773311" tId="2" fbRx="56.38773967" lbRx="0" />
<p fId="0" fbTx="56.38772751" lbTx="56.38773311" tId="2" fbRx="56.38773967" lbRx="0" />
<p fId="0" fbTx="67.54933332" lbTx="67.54936692" tId="1" fbRx="67.54937348" lbRx="0" />
<p fId="0" fbTx="67.54933332" lbTx="67.54936692" tId="2" fbRx="67.54937348" lbRx="0" />
<p fId="0" fbTx="67.54933332" lbTx="67.54936692" tId="2" fbRx="67.54937348" lbRx="0" />
<p fId="2" fbTx="67.54937348" lbTx="67.54942196" tId="0" fbRx="67.54942852" lbRx="0" />
<p fId="2" fbTx="67.54937348" lbTx="67.54942196" tId="0" fbRx="67.54942852" lbRx="0" />
<p fId="2" fbTx="67.54937348" lbTx="67.54942196" tId="1" fbRx="67.54942852" lbRx="0" />
<p fId="2" fbTx="67.54942892" lbTx="67.5494774" tId="0" fbRx="67.54948396" lbRx="0" />
<p fId="2" fbTx="67.54942892" lbTx="67.5494774" tId="0" fbRx="67.54948396" lbRx="0" />
<p fId="2" fbTx="67.54942892" lbTx="67.5494774" tId="1" fbRx="67.54948396" lbRx="0" />
<p fId="0" fbTx="67.54948496" lbTx="67.54949056" tId="1" fbRx="67.54949712" lbRx="0" />
<p fId="0" fbTx="67.54948496" lbTx="67.54949056" tId="2" fbRx="67.54949712" lbRx="0" />
<p fId="0" fbTx="67.54948496" lbTx="67.54949056" tId="2" fbRx="67.54949712" lbRx="0" />
<p fId="2" fbTx="67.54954236" lbTx="67.54959084" tId="0" fbRx="67.5495974" lbRx="0" />
<p fId="2" fbTx="67.54954236" lbTx="67.54959084" tId="0" fbRx="67.5495974" lbRx="0" />
<p fId="2" fbTx="67.54954236" lbTx="67.54959084" tId="1" fbRx="67.5495974" lbRx="0" />
<p fId="2" fbTx="67.5496008" lbTx="67.54964928" tId="0" fbRx="67.54965584" lbRx="0" />
<p fId="2" fbTx="67.5496008" lbTx="67.54964928" tId="0" fbRx="67.54965584" lbRx="0" />
<p fId="2" fbTx="67.5496008" lbTx="67.54964928" tId="1" fbRx="67.54965584" lbRx="0" />
<p fId="0" fbTx="67.54965684" lbTx="67.54966244" tId="1" fbRx="67.549669" lbRx="0" />
<p fId="0" fbTx="67.54965684" lbTx="67.54966244" tId="2" fbRx="67.549669" lbRx="0" />
<p fId="0" fbTx="67.54965684" lbTx="67.54966244" tId="2" fbRx="67.549669" lbRx="0" />
<p fId="2" fbTx="67.54969024" lbTx="67.54973872" tId="0" fbRx="67.54974528" lbRx="0" />
<p fId="2" fbTx="67.54969024" lbTx="67.54973872" tId="0" fbRx="67.54974528" lbRx="0" />
<p fId="2" fbTx="67.54969024" lbTx="67.54973872" tId="1" fbRx="67.54974528" lbRx="0" />
<p fId="2" fbTx="67.54975268" lbTx="67.54980116" tId="0" fbRx="67.54980772" lbRx="0" />
<p fId="2" fbTx="67.54975268" lbTx="67.54980116" tId="0" fbRx="67.54980772" lbRx="0" />
<p fId="2" fbTx="67.54975268" lbTx="67.54980116" tId="1" fbRx="67.54980772" lbRx="0" />
<p fId="0" fbTx="67.54980872" lbTx="67.54981432" tId="1" fbRx="67.54982088" lbRx="0" />
<p fId="0" fbTx="67.54980872" lbTx="67.54981432" tId="2" fbRx="67.54982088" lbRx="0" />
<p fId="0" fbTx="67.54980872" lbTx="67.54981432" tId="2" fbRx="67.54982088" lbRx="0" />
<p fId="2" fbTx="67.54983912" lbTx="67.5498876" tId="0" fbRx="67.54989416" lbRx="0" />
<p fId="2" fbTx="67.54983912" lbTx="67.5498876" tId="0" fbRx="67.54989416" lbRx="0" />
<p fId="2" fbTx="67.54983912" lbTx="67.5498876" tId="1" fbRx="67.54989416" lbRx="0" />
<p fId="2" fbTx="67.54990056" lbTx="67.54994904" tId="0" fbRx="67.5499556" lbRx="0" />
<p fId="2" fbTx="67.54990056" lbTx="67.54994904" tId="0" fbRx="67.5499556" lbRx="0" />
<p fId="2" fbTx="67.54990056" lbTx="67.54994904" tId="1" fbRx="67.5499556" lbRx="0" />
<p fId="2" fbTx="67.549956" lbTx="67.55000448" tId="0" fbRx="67.55001104" lbRx="0" />
<p fId="2" fbTx="67.549956" lbTx="67.55000448" tId="0" fbRx="67.55001104" lbRx="0" />
<p fId="2" fbTx="67.549956" lbTx="67.55000448" tId="1" fbRx="67.55001104" lbRx="0" />
<p fId="2" fbTx="67.55001344" lbTx="67.55006192" tId="0" fbRx="67.55006848" lbRx="0" />
<p fId="2" fbTx="67.55001344" lbTx="67.55006192" tId="0" fbRx="67.55006848" lbRx="0" />
<p fId="2" fbTx="67.55001344" lbTx="67.55006192" tId="1" fbRx="67.55006848" lbRx="0" />
<p fId="2" fbTx="67.55006888" lbTx="67.55011736" tId="0" fbRx="67.55012392" lbRx="0" />
<p fId="2" fbTx="67.55006888" lbTx="67.55011736" tId="0" fbRx="67.55012392" lbRx="0" />
<p fId="2" fbTx="67.55006888" lbTx="67.55011736" tId="1" fbRx="67.55012392" lbRx="0" />
<p fId="2" fbTx="67.55012432" lbTx="67.5501728" tId="0" fbRx="67.55017936" lbRx="0" />
<p fId="2" fbTx="67.55012432" lbTx="67.5501728" tId="0" fbRx="67.55017936" lbRx="0" />
<p fId="2" fbTx="67.55012432" lbTx="67.5501728" tId="1" fbRx="67.55017936" lbRx="0" />
<p fId="2" fbTx="67.55018176" lbTx="67.55023024" tId="0" fbRx="67.5502368" lbRx="0" />
<p fId="2" fbTx="67.55018176" lbTx="67.55023024" tId="0" fbRx="67.5502368" lbRx="0" />
<p fId="2" fbTx="67.55018176" lbTx="67.55023024" tId="1" fbRx="67.5502368" lbRx="0" />
<p fId="2" fbTx="67.5502382" lbTx="67.55028668" tId="0" fbRx="67.55029324" lbRx="0" />
<p fId="2" fbTx="67.5502382" lbTx="67.55028668" tId="0" fbRx="67.55029324" lbRx="0" />
<p fId="2" fbTx="67.5502382" lbTx="67.55028668" tId="1" fbRx="67.55029324" lbRx="0" />
<p fId="2" fbTx="67.55029464" lbTx="67.55034312" tId="0" fbRx="67.55034968" lbRx="0" />
<p fId="2" fbTx="67.55029464" lbTx="67.55034312" tId="0" fbRx="67.55034968" lbRx="0" />
<p fId="2" fbTx="67.55029464" lbTx="67.55034312" tId="1" fbRx="67.55034968" lbRx="0" />
<p fId="2" fbTx="67.55035308" lbTx="67.55040156" tId="0" fbRx="67.55040812" lbRx="0" />
<p fId="2" fbTx="67.55035308" lbTx="67.55040156" tId="0" fbRx="67.55040812" lbRx="0" />
<p fId="2" fbTx="67.55035308" lbTx="67.55040156" tId="1" fbRx="67.55040812" lbRx="0" />
<p fId="2" fbTx="67.55041052" lbTx="67.550459" tId="0" fbRx="67.55046556" lbRx="0" />
<p fId="2" fbTx="67.55041052" lbTx="67.550459" tId="0" fbRx="67.55046556" lbRx="0" />
<p fId="2" fbTx="67.55041052" lbTx="67.550459" tId="1" fbRx="67.55046556" lbRx="0" />
<p fId="2" fbTx="67.55046596" lbTx="67.55051444" tId="0" fbRx="67.550521" lbRx="0" />
<p fId="2" fbTx="67.55046596" lbTx="67.55051444" tId="0" fbRx="67.550521" lbRx="0" />
<p fId="2" fbTx="67.55046596" lbTx="67.55051444" tId="1" fbRx="67.550521" lbRx="0" />
<p fId="2" fbTx="67.5505234" lbTx="67.55057188" tId="0" fbRx="67.55057844" lbRx="0" />
<p fId="2" fbTx="67.5505234" lbTx="67.55057188" tId="0" fbRx="67.55057844" lbRx="0" />
<p fId="2" fbTx="67.5505234" lbTx="67.55057188" tId="1" fbRx="67.55057844" lbRx="0" />
<p fId="2" fbTx="67.55058184" lbTx="67.55063032" tId="0" fbRx="67.55063688" lbRx="0" />
<p fId="2" fbTx="67.55058184" lbTx="67.55063032" tId="0" fbRx="67.55063688" lbRx="0" />
<p fId="2" fbTx="67.55058184" lbTx="67.55063032" tId="1" fbRx="67.55063688" lbRx="0" />
<p fId="2" fbTx="67.55063928" lbTx="67.55068776" tId="0" fbRx="67.55069432" lbRx="0" />
<p fId="2" fbTx="67.55063928" lbTx="67.55068776" tId="0" fbRx="67.55069432" lbRx="0" />
<p fId="2" fbTx="67.55063928" lbTx="67.55068776" tId="1" fbRx="67.55069432" lbRx="0" />
<p fId="2" fbTx="67.55069572" lbTx="67.5507442" tId="0" fbRx="67.55075076" lbRx="0" />
<p fId="2" fbTx="67.55069572" lbTx="67.5507442" tId="0" fbRx="67.55075076" lbRx="0" />
<p fId="2" fbTx="67.55069572" lbTx="67.5507442" tId="1" fbRx="67.55075076" lbRx="0" />
<p fId="2" fbTx="67.55075216" lbTx="67.55080064" tId="0" fbRx="67.5508072" lbRx="0" />
<p fId="2" fbTx="67.55075216" lbTx="67.55080064" tId="0" fbRx="67.5508072" lbRx="0" />
<p fId="2" fbTx="67.55075216" lbTx="67.55080064" tId="1" fbRx="67.5508072" lbRx="0" />
<p fId="2" fbTx="67.5508186" lbTx="67.55086708" tId="0" fbRx="67.55087364" lbRx="0" />
<p fId="2" fbTx="67.5508186" lbTx="67.55086708" tId="0" fbRx="67.55087364" lbRx="0" />
<p fId="2" fbTx="67.5508186" lbTx="67.55086708" tId="1" fbRx="67.55087364" lbRx="0" />
<p fId="2" fbTx="67.55088504" lbTx="67.55093352" tId="0" fbRx="67.55094008" lbRx="0" />
<p fId="2" fbTx="67.55088504" lbTx="67.55093352" tId="0" fbRx="67.55094008" lbRx="0" />
<p fId="2" fbTx="67.55088504" lbTx="67.55093352" tId="1" fbRx="67.55094008" lbRx="0" />
<p fId="2" fbTx="67.55094148" lbTx="67.55098996" tId="0" fbRx="67.55099652" lbRx="0" />
<p fId="2" fbTx="67.55094148" lbTx="67.55098996" tId="0" fbRx="67.55099652" lbRx="0" />
<p fId="2" fbTx="67.55094148" lbTx="67.55098996" tId="1" fbRx="67.55099652" lbRx="0" />
<p fId="2" fbTx="67.55099892" lbTx="67.5510474" tId="0" fbRx="67.55105396" lbRx="0" />
<p fId="2" fbTx="67.55099892" lbTx="67.5510474" tId="0" fbRx="67.55105396" lbRx="0" />
<p fId="2" fbTx="67.55099892" lbTx="67.5510474" tId="1" fbRx="67.55105396" lbRx="0" />
<p fId="2" fbTx="67.55105636" lbTx="67.55110484" tId="0" fbRx="67.5511114" lbRx="0" />
<p fId="2" fbTx="67.55105636" lbTx="67.55110484" tId="0" fbRx="67.5511114" lbRx="0" />
<p fId="2" fbTx="67.55105636" lbTx="67.55110484" tId="1" fbRx="67.5511114" lbRx="0" />
<p fId="2" fbTx="67.5511118" lbTx="67.55116028" tId="0" fbRx="67.55116684" lbRx="0" />
<p fId="2" fbTx="67.5511118" lbTx="67.55116028" tId="0" fbRx="67.55116684" lbRx="0" />
<p fId="2" fbTx="67.5511118" lbTx="67.55116028" tId="1" fbRx="67.55116684" lbRx="0" />
<p fId="2" fbTx="67.55116824" lbTx="67.55121672" tId="0" fbRx="67.55122328" lbRx="0" />
<p fId="2" fbTx="67.55116824" lbTx="67.55121672" tId="0" fbRx="67.55122328" lbRx="0" />
<p fId="2" fbTx="67.55116824" lbTx="67.55121672" tId="1" fbRx="67.55122328" lbRx="0" />
<p fId="2" fbTx="67.55122668" lbTx="67.55127516" tId="0" fbRx="67.55128172" lbRx="0" />
<p fId="2" fbTx="67.55122668" lbTx="67.55127516" tId="0" fbRx="67.55128172" lbRx="0" />
<p fId="2" fbTx="67.55122668" lbTx="67.55127516" tId="1" fbRx="67.55128172" lbRx="0" />
<p fId="2" fbTx="67.55128212" lbTx="67.5513306" tId="0" fbRx="67.55133716" lbRx="0" />
<p fId="2" fbTx="67.55128212" lbTx="67.5513306" tId="0" fbRx="67.55133716" lbRx="0" />
<p fId="2" fbTx="67.55128212" lbTx="67.5513306" tId="1" fbRx="67.55133716" lbRx="0" />
<p fId="2" fbTx="67.55133756" lbTx="67.55138604" tId="0" fbRx="67.5513926" lbRx="0" />
<p fId="2" fbTx="67.55133756" lbTx="67.55138604" tId="0" fbRx="67.5513926" lbRx="0" />
<p fId="2" fbTx="67.55133756" lbTx="67.55138604" tId="1" fbRx="67.5513926" lbRx="0" />
<p fId="2" fbTx="67.551404" lbTx="67.55145248" tId="0" fbRx="67.55145904" lbRx="0" />
<p fId="2" fbTx="67.551404" lbTx="67.55145248" tId="0" fbRx="67.55145904" lbRx="0" />
<p fId="2" fbTx="67.551404" lbTx="67.55145248" tId="1" fbRx="67.55145904" lbRx="0" />
<p fId="2" fbTx="67.55146044" lbTx="67.55150892" tId="0" fbRx="67.55151548" lbRx="0" />
<p fId="2" fbTx="67.55146044" lbTx="67.55150892" tId="0" fbRx="67.55151548" lbRx="0" />
<p fId="2" fbTx="67.55146044" lbTx="67.55150892" tId="1" fbRx="67.55151548" lbRx="0" />
<p fId="2" fbTx="67.55151588" lbTx="67.55156436" tId="0" fbRx="67.55157092" lbRx="0" />
<p fId="2" fbTx="67.55151588" lbTx="67.55156436" tId="0" fbRx="67.55157092" lbRx="0" />
<p fId="2" fbTx="67.55151588" lbTx="67.55156436" tId="1" fbRx="67.55157092" lbRx="0" />
<p fId="2" fbTx="67.55157232" lbTx="67.5516208" tId="0" fbRx="67.55162736" lbRx="0" />
<p fId="2" fbTx="67.55157232" lbTx="67.5516208" tId="0" fbRx="67.55162736" lbRx="0" />
<p fId="2" fbTx="67.55157232" lbTx="67.5516208" tId="1" fbRx="67.55162736" lbRx="0" />
<p fId="2" fbTx="67.55163076" lbTx="67.55167924" tId="0" fbRx="67.5516858" lbRx="0" />
<p fId="2" fbTx="67.55163076" lbTx="67.55167924" tId="0" fbRx="67.5516858" lbRx="0" />
<p fId="2" fbTx="67.55163076" lbTx="67.55167924" tId="1" fbRx="67.5516858" lbRx="0" />
<p fId="2" fbTx="67.5516862" lbTx="67.55173468" tId="0" fbRx="67.55174124" lbRx="0" />
<p fId="2" fbTx="67.5516862" lbTx="67.55173468" tId="0" fbRx="67.55174124" lbRx="0" />
<p fId="2" fbTx="67.5516862" lbTx="67.55173468" tId="1" fbRx="67.55174124" lbRx="0" />
<p fId="2" fbTx="67.55174264" lbTx="67.55179112" tId="0" fbRx="67.55179768" lbRx="0" />
<p fId="2" fbTx="67.55174264" lbTx="67.55179112" tId="0" fbRx="67.55179768" lbRx="0" />
<p fId="2" fbTx="67.55174264" lbTx="67.55179112" tId="1" fbRx="67.55179768" lbRx="0" />
<p fId="2" fbTx="67.55179808" lbTx="67.55184656" tId="0" fbRx="67.55185312" lbRx="0" />
<p fId="2" fbTx="67.55179808" lbTx="67.55184656" tId="0" fbRx="67.55185312" lbRx="0" />
<p fId="2" fbTx="67.55179808" lbTx="67.55184656" tId="1" fbRx="67.55185312" lbRx="0" />
<p fId="2" fbTx="67.55185552" lbTx="67.551904" tId="0" fbRx="67.55191056" lbRx="0" />
<p fId="2" fbTx="67.55185552" lbTx="67.551904" tId="0" fbRx="67.55191056" lbRx="0" />
<p fId="2" fbTx="67.55185552" lbTx="67.551904" tId="1" fbRx="67.55191056" lbRx="0" />
<p fId="2" fbTx="67.55191796" lbTx="67.55196644" tId="0" fbRx="67.551973" lbRx="0" />
<p fId="2" fbTx="67.55191796" lbTx="67.55196644" tId="0" fbRx="67.551973" lbRx="0" />
<p fId="2" fbTx="67.55191796" lbTx="67.55196644" tId="1" fbRx="67.551973" lbRx="0" />
<p fId="2" fbTx="67.5519754" lbTx="67.55202388" tId="0" fbRx="67.55203044" lbRx="0" />
<p fId="2" fbTx="67.5519754" lbTx="67.55202388" tId="0" fbRx="67.55203044" lbRx="0" />
<p fId="2" fbTx="67.5519754" lbTx="67.55202388" tId="1" fbRx="67.55203044" lbRx="0" />
<p fId="2" fbTx="67.55204584" lbTx="67.55209432" tId="0" fbRx="67.55210088" lbRx="0" />
<p fId="2" fbTx="67.55204584" lbTx="67.55209432" tId="0" fbRx="67.55210088" lbRx="0" />
<p fId="2" fbTx="67.55204584" lbTx="67.55209432" tId="1" fbRx="67.55210088" lbRx="0" />
<p fId="2" fbTx="67.55210228" lbTx="67.55215076" tId="0" fbRx="67.55215732" lbRx="0" />
<p fId="2" fbTx="67.55210228" lbTx="67.55215076" tId="0" fbRx="67.55215732" lbRx="0" />
<p fId="2" fbTx="67.55210228" lbTx="67.55215076" tId="1" fbRx="67.55215732" lbRx="0" />
<p fId="2" fbTx="67.55216672" lbTx="67.5522152" tId="0" fbRx="67.55222176" lbRx="0" />
<p fId="2" fbTx="67.55216672" lbTx="67.5522152" tId="0" fbRx="67.55222176" lbRx="0" />
<p fId="2" fbTx="67.55216672" lbTx="67.5522152" tId="1" fbRx="67.55222176" lbRx="0" />
<p fId="2" fbTx="67.55223116" lbTx="67.55227964" tId="0" fbRx="67.5522862" lbRx="0" />
<p fId="2" fbTx="67.55223116" lbTx="67.55227964" tId="0" fbRx="67.5522862" lbRx="0" />
<p fId="2" fbTx="67.55223116" lbTx="67.55227964" tId="1" fbRx="67.5522862" lbRx="0" />
<p fId="2" fbTx="67.5522966" lbTx="67.55234508" tId="0" fbRx="67.55235164" lbRx="0" />
<p fId="2" fbTx="67.5522966" lbTx="67.55234508" tId="0" fbRx="67.55235164" lbRx="0" />
<p fId="2" fbTx="67.5522966" lbTx="67.55234508" tId="1" fbRx="67.55235164" lbRx="0" />
<p fId="2" fbTx="67.55236304" lbTx="67.55241152" tId="0" fbRx="67.55241808" lbRx="0" />
<p fId="2" fbTx="67.55236304" lbTx="67.55241152" tId="0" fbRx="67.55241808" lbRx="0" />
<p fId="2" fbTx="67.55236304" lbTx="67.55241152" tId="1" fbRx="67.55241808" lbRx="0" />
<p fId="2" fbTx="67.55241948" lbTx="67.55246796" tId="0" fbRx="67.55247452" lbRx="0" />
<p fId="2" fbTx="67.55241948" lbTx="67.55246796" tId="0" fbRx="67.55247452" lbRx="0" />
<p fId="2" fbTx="67.55241948" lbTx="67.55246796" tId="1" fbRx="67.55247452" lbRx="0" />
<p fId="2" fbTx="67.55248292" lbTx="67.5525314" tId="0" fbRx="67.55253796" lbRx="0" />
<p fId="2" fbTx="67.55248292" lbTx="67.5525314" tId="0" fbRx="67.55253796" lbRx="0" />
<p fId="2" fbTx="67.55248292" lbTx="67.5525314" tId="1" fbRx="67.55253796" lbRx="0" />
<p fId="2" fbTx="67.55254136" lbTx="67.55258984" tId="0" fbRx="67.5525964" lbRx="0" />
<p fId="2" fbTx="67.55254136" lbTx="67.55258984" tId="0" fbRx="67.5525964" lbRx="0" />
<p fId="2" fbTx="67.55254136" lbTx="67.55258984" tId="1" fbRx="67.5525964" lbRx="0" />
<p fId="2" fbTx="67.5526008" lbTx="67.55264928" tId="0" fbRx="67.55265584" lbRx="0" />
<p fId="2" fbTx="67.5526008" lbTx="67.55264928" tId="0" fbRx="67.55265584" lbRx="0" />
<p fId="2" fbTx="67.5526008" lbTx="67.55264928" tId="1" fbRx="67.55265584" lbRx="0" />
<p fId="2" fbTx="67.55265824" lbTx="67.55270672" tId="0" fbRx="67.55271328" lbRx="0" />
<p fId="2" fbTx="67.55265824" lbTx="67.55270672" tId="0" fbRx="67.55271328" lbRx="0" />
<p fId="2" fbTx="67.55265824" lbTx="67.55270672" tId="1" fbRx="67.55271328" lbRx="0" />
<p fId="2" fbTx="67.55272368" lbTx="67.55277216" tId="0" fbRx="67.55277872" lbRx="0" />
<p fId="2" fbTx="67.55272368" lbTx="67.55277216" tId="0" fbRx="67.55277872" lbRx="0" />
<p fId="2" fbTx="67.55272368" lbTx="67.55277216" tId="1" fbRx="67.55277872" lbRx="0" />
<p fId="2" fbTx="67.55277912" lbTx="67.5528276" tId="0" fbRx="67.55283416" lbRx="0" />
<p fId="2" fbTx="67.55277912" lbTx="67.5528276" tId="0" fbRx="67.55283416" lbRx="0" />
<p fId="2" fbTx="67.55277912" lbTx="67.5528276" tId="1" fbRx="67.55283416" lbRx="0" />
<p fId="2" fbTx="67.55284056" lbTx="67.55288904" tId="0" fbRx="67.5528956" lbRx="0" />
<p fId="2" fbTx="67.55284056" lbTx="67.55288904" tId="0" fbRx="67.5528956" lbRx="0" />
<p fId="2" fbTx="67.55284056" lbTx="67.55288904" tId="1" fbRx="67.5528956" lbRx="0" />
<p fId="2" fbTx="67.552896" lbTx="67.55294448" tId="0" fbRx="67.55295104" lbRx="0" />
<p fId="2" fbTx="67.552896" lbTx="67.55294448" tId="0" fbRx="67.55295104" lbRx="0" />
<p fId="2" fbTx="67.552896" lbTx="67.55294448" tId="1" fbRx="67.55295104" lbRx="0" />
<p fId="2" fbTx="67.55295944" lbTx="67.55300792" tId="0" fbRx="67.55301448" lbRx="0" />
<p fId="2" fbTx="67.55295944" lbTx="67.55300792" tId="0" fbRx="67.55301448" lbRx="0" />
<p fId="2" fbTx="67.55295944" lbTx="67.55300792" tId="1" fbRx="67.55301448" lbRx="0" />
<p fId="2" fbTx="67.55301688" lbTx="67.55306536" tId="0" fbRx="67.55307192" lbRx="0" />
<p fId="2" fbTx="67.55301688" lbTx="67.55306536" tId="0" fbRx="67.55307192" lbRx="0" />
<p fId="2" fbTx="67.55301688" lbTx="67.55306536" tId="1" fbRx="67.55307192" lbRx="0" />
<p fId="2" fbTx="67.55307632" lbTx="67.5531248" tId="0" fbRx="67.55313136" lbRx="0" />
<p fId="2" fbTx="67.55307632" lbTx="67.5531248" tId="0" fbRx="67.55313136" lbRx="0" />
<p fId="2" fbTx="67.55307632" lbTx="67.5531248" tId="1" fbRx="67.55313136" lbRx="0" />
<p fId="2" fbTx="67.55313176" lbTx="67.55318024" tId="0" fbRx="67.5531868" lbRx="0" />
<p fId="2" fbTx="67.55313176" lbTx="67.55318024" tId="0" fbRx="67.5531868" lbRx="0" />
<p fId="2" fbTx="67.55313176" lbTx="67.55318024" tId="1" fbRx="67.5531868" lbRx="0" />
<p fId="2" fbTx="67.5531962" lbTx="67.55324468" tId="0" fbRx="67.55325124" lbRx="0" />
<p fId="2" fbTx="67.5531962" lbTx="67.55324468" tId="0" fbRx="67.55325124" lbRx="0" />
<p fId="2" fbTx="67.5531962" lbTx="67.55324468" tId="1" fbRx="67.55325124" lbRx="0" />
<p fId="2" fbTx="67.55325964" lbTx="67.55330812" tId="0" fbRx="67.55331468" lbRx="0" />
<p fId="2" fbTx="67.55325964" lbTx="67.55330812" tId="0" fbRx="67.55331468" lbRx="0" />
<p fId="2" fbTx="67.55325964" lbTx="67.55330812" tId="1" fbRx="67.55331468" lbRx="0" />
<p fId="2" fbTx="67.55331508" lbTx="67.55336356" tId="0" fbRx="67.55337012" lbRx="0" />
<p fId="2" fbTx="67.55331508" lbTx="67.55336356" tId="0" fbRx="67.55337012" lbRx="0" />
<p fId="2" fbTx="67.55331508" lbTx="67.55336356" tId="1" fbRx="67.55337012" lbRx="0" />
<p fId="2" fbTx="67.55338152" lbTx="67.55343" tId="0" fbRx="67.55343656" lbRx="0" />
<p fId="2" fbTx="67.55338152" lbTx="67.55343" tId="0" fbRx="67.55343656" lbRx="0" />
<p fId="2" fbTx="67.55338152" lbTx="67.55343" tId="1" fbRx="67.55343656" lbRx="0" />
<p fId="2" fbTx="67.55344196" lbTx="67.55349044" tId="0" fbRx="67.553497" lbRx="0" />
<p fId="2" fbTx="67.55344196" lbTx="67.55349044" tId="0" fbRx="67.553497" lbRx="0" />
<p fId="2" fbTx="67.55344196" lbTx="67.55349044" tId="1" fbRx="67.553497" lbRx="0" />
<p fId="2" fbTx="67.5534974" lbTx="67.55354588" tId="0" fbRx="67.55355244" lbRx="0" />
<p fId="2" fbTx="67.5534974" lbTx="67.55354588" tId="0" fbRx="67.55355244" lbRx="0" />
<p fId="2" fbTx="67.5534974" lbTx="67.55354588" tId="1" fbRx="67.55355244" lbRx="0" />
<p fId="2" fbTx="67.55355384" lbTx="67.55360232" tId="0" fbRx="67.55360888" lbRx="0" />
<p fId="2" fbTx="67.55355384" lbTx="67.55360232" tId="0" fbRx="67.55360888" lbRx="0" />
<p fId="2" fbTx="67.55355384" lbTx="67.55360232" tId="1" fbRx="67.55360888" lbRx="0" />
<p fId="2" fbTx="67.55361728" lbTx="67.55366576" tId="0" fbRx="67.55367232" lbRx="0" />
<p fId="2" fbTx="67.55361728" lbTx="67.55366576" tId="0" fbRx="67.55367232" lbRx="0" />
<p fId="2" fbTx="67.55361728" lbTx="67.55366576" tId="1" fbRx="67.55367232" lbRx="0" />
<p fId="2" fbTx="67.55367472" lbTx="67.5537232" tId="0" fbRx="67.55372976" lbRx="0" />
<p fId="2" fbTx="67.55367472" lbTx="67.5537232" tId="0" fbRx="67.55372976" lbRx="0" />
<p fId="2" fbTx="67.55367472" lbTx="67.5537232" tId="1" fbRx="67.55372976" lbRx="0" />
<p fId="2" fbTx="67.55374116" lbTx="67.55378964" tId="0" fbRx="67.5537962" lbRx="0" />
<p fId="2" fbTx="67.55374116" lbTx="67.55378964" tId="0" fbRx="67.5537962" lbRx="0" />
<p fId="2" fbTx="67.55374116" lbTx="67.55378964" tId="1" fbRx="67.5537962" lbRx="0" />
<p fId="2" fbTx="67.5537966" lbTx="67.55384508" tId="0" fbRx="67.55385164" lbRx="0" />
<p fId="2" fbTx="67.5537966" lbTx="67.55384508" tId="0" fbRx="67.55385164" lbRx="0" />
<p fId="2" fbTx="67.5537966" lbTx="67.55384508" tId="1" fbRx="67.55385164" lbRx="0" />
<p fId="2" fbTx="67.55385304" lbTx="67.55390152" tId="0" fbRx="67.55390808" lbRx="0" />
<p fId="2" fbTx="67.55385304" lbTx="67.55390152" tId="0" fbRx="67.55390808" lbRx="0" />
<p fId="2" fbTx="67.55385304" lbTx="67.55390152" tId="1" fbRx="67.55390808" lbRx="0" />
<p fId="2" fbTx="67.55390948" lbTx="67.55395796" tId="0" fbRx="67.55396452" lbRx="0" />
<p fId="2" fbTx="67.55390948" lbTx="67.55395796" tId="0" fbRx="67.55396452" lbRx="0" />
<p fId="2" fbTx="67.55390948" lbTx="67.55395796" tId="1" fbRx="67.55396452" lbRx="0" />
<p fId="2" fbTx="67.55396592" lbTx="67.5540144" tId="0" fbRx="67.55402096" lbRx="0" />
<p fId="2" fbTx="67.55396592" lbTx="67.5540144" tId="0" fbRx="67.55402096" lbRx="0" />
<p fId="2" fbTx="67.55396592" lbTx="67.5540144" tId="1" fbRx="67.55402096" lbRx="0" />
<p fId="2" fbTx="67.55402836" lbTx="67.55407684" tId="0" fbRx="67.5540834" lbRx="0" />
<p fId="2" fbTx="67.55402836" lbTx="67.55407684" tId="0" fbRx="67.5540834" lbRx="0" />
<p fId="2" fbTx="67.55402836" lbTx="67.55407684" tId="1" fbRx="67.5540834" lbRx="0" />
<p fId="2" fbTx="67.5540848" lbTx="67.55413328" tId="0" fbRx="67.55413984" lbRx="0" />
<p fId="2" fbTx="67.5540848" lbTx="67.55413328" tId="0" fbRx="67.55413984" lbRx="0" />
<p fId="2" fbTx="67.5540848" lbTx="67.55413328" tId="1" fbRx="67.55413984" lbRx="0" />
<p fId="2" fbTx="67.55415224" lbTx="67.55420072" tId="0" fbRx="67.55420728" lbRx="0" />
<p fId="2" fbTx="67.55415224" lbTx="67.55420072" tId="0" fbRx="67.55420728" lbRx="0" />
<p fId="2" fbTx="67.55415224" lbTx="67.55420072" tId="1" fbRx="67.55420728" lbRx="0" />
<p fId="2" fbTx="67.55421068" lbTx="67.55425916" tId="0" fbRx="67.55426572" lbRx="0" />
<p fId="2" fbTx="67.55421068" lbTx="67.55425916" tId="0" fbRx="67.55426572" lbRx="0" />
<p fId="2" fbTx="67.55421068" lbTx="67.55425916" tId="1" fbRx="67.55426572" lbRx="0" />
<p fId="2" fbTx="67.55426612" lbTx="67.5543146" tId="0" fbRx="67.55432116" lbRx="0" />
<p fId="2" fbTx="67.55426612" lbTx="67.5543146" tId="0" fbRx="67.55432116" lbRx="0" />
<p fId="2" fbTx="67.55426612" lbTx="67.5543146" tId="1" fbRx="67.55432116" lbRx="0" />
<p fId="2" fbTx="67.55432356" lbTx="67.55436636" tId="0" fbRx="67.55437292" lbRx="0" />
<p fId="2" fbTx="67.55432356" lbTx="67.55436636" tId="0" fbRx="67.55437292" lbRx="0" />
<p fId="2" fbTx="67.55432356" lbTx="67.55436636" tId="1" fbRx="67.55437292" lbRx="0" />
<p fId="0" fbTx="67.5548946" lbTx="67.5549002" tId="1" fbRx="67.55490676" lbRx="0" />
<p fId="0" fbTx="67.5548946" lbTx="67.5549002" tId="2" fbRx="67.55490676" lbRx="0" />
<p fId="0" fbTx="67.5548946" lbTx="67.5549002" tId="2" fbRx="67.55490676" lbRx="0" />
<p fId="0" fbTx="67.55492016" lbTx="67.55492576" tId="1" fbRx="67.55493232" lbRx="0" />
<p fId="0" fbTx="67.55492016" lbTx="67.55492576" tId="2" fbRx="67.55493232" lbRx="0" />
<p fId="0" fbTx="67.55492016" lbTx="67.55492576" tId="2" fbRx="67.55493232" lbRx="0" />
<p fId="0" fbTx="67.55493272" lbTx="67.55493832" tId="1" fbRx="67.55494488" lbRx="0" />
<p fId="0" fbTx="67.55493272" lbTx="67.55493832" tId="2" fbRx="67.55494488" lbRx="0" />
<p fId="0" fbTx="67.55493272" lbTx="67.55493832" tId="2" fbRx="67.55494488" lbRx="0" />
<p fId="0" fbTx="67.55494528" lbTx="67.55495088" tId="1" fbRx="67.55495744" lbRx="0" />
<p fId="0" fbTx="67.55494528" lbTx="67.55495088" tId="2" fbRx="67.55495744" lbRx="0" />
<p fId="0" fbTx="67.55494528" lbTx="67.55495088" tId="2" fbRx="67.55495744" lbRx="0" />
<p fId="0" fbTx="67.55495884" lbTx="67.55496444" tId="1" fbRx="67.554971" lbRx="0" />
<p fId="0" fbTx="67.55495884" lbTx="67.55496444" tId="2" fbRx="67.554971" lbRx="0" />
<p fId="0" fbTx="67.55495884" lbTx="67.55496444" tId="2" fbRx="67.554971" lbRx="0" />
<p fId="0" fbTx="67.5549724" lbTx="67.554978" tId="1" fbRx="67.55498456" lbRx="0" />
<p fId="0" fbTx="67.5549724" lbTx="67.554978" tId="2" fbRx="67.55498456" lbRx="0" />
<p fId="0" fbTx="67.5549724" lbTx="67.554978" tId="2" fbRx="67.55498456" lbRx="0" />
<p fId="0" fbTx="67.55498696" lbTx="67.55499256" tId="1" fbRx="67.55499912" lbRx="0" />
<p fId="0" fbTx="67.55498696" lbTx="67.55499256" tId="2" fbRx="67.55499912" lbRx="0" />
<p fId="0" fbTx="67.55498696" lbTx="67.55499256" tId="2" fbRx="67.55499912" lbRx="0" />
<p fId="0" fbTx="67.55501052" lbTx="67.55501612" tId="1" fbRx="67.55502268" lbRx="0" />
<p fId="0" fbTx="67.55501052" lbTx="67.55501612" tId="2" fbRx="67.55502268" lbRx="0" />
<p fId="0" fbTx="67.55501052" lbTx="67.55501612" tId="2" fbRx="67.55502268" lbRx="0" />
<p fId="0" fbTx="67.55502308" lbTx="67.55502868" tId="1" fbRx="67.55503524" lbRx="0" />
<p fId="0" fbTx="67.55502308" lbTx="67.55502868" tId="2" fbRx="67.55503524" lbRx="0" />
<p fId="0" fbTx="67.55502308" lbTx="67.55502868" tId="2" fbRx="67.55503524" lbRx="0" />
<p fId="0" fbTx="67.55503664" lbTx="67.55504224" tId="1" fbRx="67.5550488" lbRx="0" />
<p fId="0" fbTx="67.55503664" lbTx="67.55504224" tId="2" fbRx="67.5550488" lbRx="0" />
<p fId="0" fbTx="67.55503664" lbTx="67.55504224" tId="2" fbRx="67.5550488" lbRx="0" />
<p fId="0" fbTx="67.5550602" lbTx="67.5550658" tId="1" fbRx="67.55507236" lbRx="0" />
<p fId="0" fbTx="67.5550602" lbTx="67.5550658" tId="2" fbRx="67.55507236" lbRx="0" />
<p fId="0" fbTx="67.5550602" lbTx="67.5550658" tId="2" fbRx="67.55507236" lbRx="0" />
<p fId="0" fbTx="67.55507476" lbTx="67.55508036" tId="1" fbRx="67.55508692" lbRx="0" />
<p fId="0" fbTx="67.55507476" lbTx="67.55508036" tId="2" fbRx="67.55508692" lbRx="0" />
<p fId="0" fbTx="67.55507476" lbTx="67.55508036" tId="2" fbRx="67.55508692" lbRx="0" />
<p fId="0" fbTx="67.55509132" lbTx="67.55509692" tId="1" fbRx="67.55510348" lbRx="0" />
<p fId="0" fbTx="67.55509132" lbTx="67.55509692" tId="2" fbRx="67.55510348" lbRx="0" />
<p fId="0" fbTx="67.55509132" lbTx="67.55509692" tId="2" fbRx="67.55510348" lbRx="0" />
<p fId="0" fbTx="67.55510588" lbTx="67.55511148" tId="1" fbRx="67.55511804" lbRx="0" />
<p fId="0" fbTx="67.55510588" lbTx="67.55511148" tId="2" fbRx="67.55511804" lbRx="0" />
<p fId="0" fbTx="67.55510588" lbTx="67.55511148" tId="2" fbRx="67.55511804" lbRx="0" />
<p fId="0" fbTx="67.55511944" lbTx="67.55512504" tId="1" fbRx="67.5551316" lbRx="0" />
<p fId="0" fbTx="67.55511944" lbTx="67.55512504" tId="2" fbRx="67.5551316" lbRx="0" />
<p fId="0" fbTx="67.55511944" lbTx="67.55512504" tId="2" fbRx="67.5551316" lbRx="0" />
<p fId="0" fbTx="67.555138" lbTx="67.5551436" tId="1" fbRx="67.55515016" lbRx="0" />
<p fId="0" fbTx="67.555138" lbTx="67.5551436" tId="2" fbRx="67.55515016" lbRx="0" />
<p fId="0" fbTx="67.555138" lbTx="67.5551436" tId="2" fbRx="67.55515016" lbRx="0" />
<p fId="0" fbTx="67.55515256" lbTx="67.55515816" tId="1" fbRx="67.55516472" lbRx="0" />
<p fId="0" fbTx="67.55515256" lbTx="67.55515816" tId="2" fbRx="67.55516472" lbRx="0" />
<p fId="0" fbTx="67.55515256" lbTx="67.55515816" tId="2" fbRx="67.55516472" lbRx="0" />
<p fId="0" fbTx="67.55516612" lbTx="67.55517172" tId="1" fbRx="67.55517828" lbRx="0" />
<p fId="0" fbTx="67.55516612" lbTx="67.55517172" tId="2" fbRx="67.55517828" lbRx="0" />
<p fId="0" fbTx="67.55516612" lbTx="67.55517172" tId="2" fbRx="67.55517828" lbRx="0" />
<p fId="0" fbTx="67.55518468" lbTx="67.55519028" tId="1" fbRx="67.55519684" lbRx="0" />
<p fId="0" fbTx="67.55518468" lbTx="67.55519028" tId="2" fbRx="67.55519684" lbRx="0" />
<p fId="0" fbTx="67.55518468" lbTx="67.55519028" tId="2" fbRx="67.55519684" lbRx="0" />
<p fId="0" fbTx="67.55520624" lbTx="67.55521184" tId="1" fbRx="67.5552184" lbRx="0" />
<p fId="0" fbTx="67.55520624" lbTx="67.55521184" tId="2" fbRx="67.5552184" lbRx="0" />
<p fId="0" fbTx="67.55520624" lbTx="67.55521184" tId="2" fbRx="67.5552184" lbRx="0" />
<p fId="0" fbTx="67.5552208" lbTx="67.5552264" tId="1" fbRx="67.55523296" lbRx="0" />
<p fId="0" fbTx="67.5552208" lbTx="67.5552264" tId="2" fbRx="67.55523296" lbRx="0" />
<p fId="0" fbTx="67.5552208" lbTx="67.5552264" tId="2" fbRx="67.55523296" lbRx="0" />
<p fId="0" fbTx="67.55523436" lbTx="67.55523996" tId="1" fbRx="67.55524652" lbRx="0" />
<p fId="0" fbTx="67.55523436" lbTx="67.55523996" tId="2" fbRx="67.55524652" lbRx="0" />
<p fId="0" fbTx="67.55523436" lbTx="67.55523996" tId="2" fbRx="67.55524652" lbRx="0" />
<p fId="0" fbTx="67.55524792" lbTx="67.55525352" tId="1" fbRx="67.55526008" lbRx="0" />
<p fId="0" fbTx="67.55524792" lbTx="67.55525352" tId="2" fbRx="67.55526008" lbRx="0" />
<p fId="0" fbTx="67.55524792" lbTx="67.55525352" tId="2" fbRx="67.55526008" lbRx="0" />
<p fId="0" fbTx="67.55526248" lbTx="67.55526808" tId="1" fbRx="67.55527464" lbRx="0" />
<p fId="0" fbTx="67.55526248" lbTx="67.55526808" tId="2" fbRx="67.55527464" lbRx="0" />
<p fId="0" fbTx="67.55526248" lbTx="67.55526808" tId="2" fbRx="67.55527464" lbRx="0" />
<p fId="0" fbTx="67.55528604" lbTx="67.55529164" tId="1" fbRx="67.5552982" lbRx="0" />
<p fId="0" fbTx="67.55528604" lbTx="67.55529164" tId="2" fbRx="67.5552982" lbRx="0" />
<p fId="0" fbTx="67.55528604" lbTx="67.55529164" tId="2" fbRx="67.5552982" lbRx="0" />
<p fId="0" fbTx="67.5553006" lbTx="67.5553062" tId="1" fbRx="67.55531276" lbRx="0" />
<p fId="0" fbTx="67.5553006" lbTx="67.5553062" tId="2" fbRx="67.55531276" lbRx="0" />
<p fId="0" fbTx="67.5553006" lbTx="67.5553062" tId="2" fbRx="67.55531276" lbRx="0" />
<p fId="0" fbTx="67.55531816" lbTx="67.55532376" tId="1" fbRx="67.55533032" lbRx="0" />
<p fId="0" fbTx="67.55531816" lbTx="67.55532376" tId="2" fbRx="67.55533032" lbRx="0" />
<p fId="0" fbTx="67.55531816" lbTx="67.55532376" tId="2" fbRx="67.55533032" lbRx="0" />
<p fId="0" fbTx="67.55534372" lbTx="67.55534932" tId="1" fbRx="67.55535588" lbRx="0" />
<p fId="0" fbTx="67.55534372" lbTx="67.55534932" tId="2" fbRx="67.55535588" lbRx="0" />
<p fId="0" fbTx="67.55534372" lbTx="67.55534932" tId="2" fbRx="67.55535588" lbRx="0" />
<p fId="0" fbTx="67.55536528" lbTx="67.55537088" tId="1" fbRx="67.55537744" lbRx="0" />
<p fId="0" fbTx="67.55536528" lbTx="67.55537088" tId="2" fbRx="67.55537744" lbRx="0" />
<p fId="0" fbTx="67.55536528" lbTx="67.55537088" tId="2" fbRx="67.55537744" lbRx="0" />
<p fId="0" fbTx="67.55539184" lbTx="67.55539744" tId="1" fbRx="67.555404" lbRx="0" />
<p fId="0" fbTx="67.55539184" lbTx="67.55539744" tId="2" fbRx="67.555404" lbRx="0" />
<p fId="0" fbTx="67.55539184" lbTx="67.55539744" tId="2" fbRx="67.555404" lbRx="0" />
<p fId="0" fbTx="67.5554064" lbTx="67.555412" tId="1" fbRx="67.55541856" lbRx="0" />
<p fId="0" fbTx="67.5554064" lbTx="67.555412" tId="2" fbRx="67.55541856" lbRx="0" />
<p fId="0" fbTx="67.5554064" lbTx="67.555412" tId="2" fbRx="67.55541856" lbRx="0" />
<p fId="0" fbTx="67.55543096" lbTx="67.55543656" tId="1" fbRx="67.55544312" lbRx="0" />
<p fId="0" fbTx="67.55543096" lbTx="67.55543656" tId="2" fbRx="67.55544312" lbRx="0" />
<p fId="0" fbTx="67.55543096" lbTx="67.55543656" tId="2" fbRx="67.55544312" lbRx="0" />
<p fId="0" fbTx="67.55544352" lbTx="67.55544912" tId="1" fbRx="67.55545568" lbRx="0" />
<p fId="0" fbTx="67.55544352" lbTx="67.55544912" tId="2" fbRx="67.55545568" lbRx="0" />
<p fId="0" fbTx="67.55544352" lbTx="67.55544912" tId="2" fbRx="67.55545568" lbRx="0" />
<p fId="0" fbTx="67.55545708" lbTx="67.55546268" tId="1" fbRx="67.55546924" lbRx="0" />
<p fId="0" fbTx="67.55545708" lbTx="67.55546268" tId="2" fbRx="67.55546924" lbRx="0" />
<p fId="0" fbTx="67.55545708" lbTx="67.55546268" tId="2" fbRx="67.55546924" lbRx="0" />
<p fId="0" fbTx="67.55546964" lbTx="67.55547524" tId="1" fbRx="67.5554818" lbRx="0" />
<p fId="0" fbTx="67.55546964" lbTx="67.55547524" tId="2" fbRx="67.5554818" lbRx="0" />
<p fId="0" fbTx="67.55546964" lbTx="67.55547524" tId="2" fbRx="67.5554818" lbRx="0" />
<p fId="0" fbTx="67.5554832" lbTx="67.5554888" tId="1" fbRx="67.55549536" lbRx="0" />
<p fId="0" fbTx="67.5554832" lbTx="67.5554888" tId="2" fbRx="67.55549536" lbRx="0" />
<p fId="0" fbTx="67.5554832" lbTx="67.5554888" tId="2" fbRx="67.55549536" lbRx="0" />
<p fId="0" fbTx="67.55550176" lbTx="67.55550736" tId="1" fbRx="67.55551392" lbRx="0" />
<p fId="0" fbTx="67.55550176" lbTx="67.55550736" tId="2" fbRx="67.55551392" lbRx="0" />
<p fId="0" fbTx="67.55550176" lbTx="67.55550736" tId="2" fbRx="67.55551392" lbRx="0" />
<p fId="0" fbTx="67.55551632" lbTx="67.55552192" tId="1" fbRx="67.55552848" lbRx="0" />
<p fId="0" fbTx="67.55551632" lbTx="67.55552192" tId="2" fbRx="67.55552848" lbRx="0" />
<p fId="0" fbTx="67.55551632" lbTx="67.55552192" tId="2" fbRx="67.55552848" lbRx="0" />
<p fId="0" fbTx="67.75437292" lbTx="67.75437852" tId="1" fbRx="67.75438508" lbRx="0" />
<p fId="0" fbTx="67.75437292" lbTx="67.75437852" tId="2" fbRx="67.75438508" lbRx="0" />
<p fId="0" fbTx="67.75437292" lbTx="67.75437852" tId="2" fbRx="67.75438508" lbRx="0" />
<p fId="1" fbTx="88.69838414" lbTx="88.69841774" tId="0" fbRx="88.6984243" lbRx="0" />
<p fId="1" fbTx="88.69838414" lbTx="88.69841774" tId="2" fbRx="88.6984243" lbRx="0" />
<p fId="1" fbTx="88.69838414" lbTx="88.69841774" tId="2" fbRx="88.6984243" lbRx="0" />
<p fId="2" fbTx="88.6984243" lbTx="88.69847278" tId="0" fbRx="88.69847934" lbRx="0" />
<p fId="2" fbTx="88.6984243" lbTx="88.69847278" tId="1" fbRx="88.69847934" lbRx="0" />
<p fId="2" fbTx="88.6984243" lbTx="88.69847278" tId="1" fbRx="88.69847934" lbRx="0" />
<p fId="2" fbTx="88.69848874" lbTx="88.69853722" tId="0" fbRx="88.69854378" lbRx="0" />
<p fId="2" fbTx="88.69848874" lbTx="88.69853722" tId="1" fbRx="88.69854378" lbRx="0" />
<p fId="2" fbTx="88.69848874" lbTx="88.69853722" tId="1" fbRx="88.69854378" lbRx="0" />
<p fId="2" fbTx="88.69854418" lbTx="88.69859266" tId="0" fbRx="88.69859922" lbRx="0" />
<p fId="2" fbTx="88.69854418" lbTx="88.69859266" tId="1" fbRx="88.69859922" lbRx="0" />
<p fId="2" fbTx="88.69854418" lbTx="88.69859266" tId="1" fbRx="88.69859922" lbRx="0" />
<p fId="2" fbTx="88.69860762" lbTx="88.6986561" tId="0" fbRx="88.69866266" lbRx="0" />
<p fId="2" fbTx="88.69860762" lbTx="88.6986561" tId="1" fbRx="88.69866266" lbRx="0" />
<p fId="2" fbTx="88.69860762" lbTx="88.6986561" tId="1" fbRx="88.69866266" lbRx="0" />
<p fId="2" fbTx="88.69866306" lbTx="88.69871154" tId="0" fbRx="88.6987181" lbRx="0" />
<p fId="2" fbTx="88.69866306" lbTx="88.69871154" tId="1" fbRx="88.6987181" lbRx="0" />
<p fId="2" fbTx="88.69866306" lbTx="88.69871154" tId="1" fbRx="88.6987181" lbRx="0" />
<p fId="2" fbTx="88.6987195" lbTx="88.69876798" tId="0" fbRx="88.69877454" lbRx="0" />
<p fId="2" fbTx="88.6987195" lbTx="88.69876798" tId="1" fbRx="88.69877454" lbRx="0" />
<p fId="2" fbTx="88.6987195" lbTx="88.69876798" tId="1" fbRx="88.69877454" lbRx="0" />
<p fId="2" fbTx="88.69878694" lbTx="88.69883542" tId="0" fbRx="88.69884198" lbRx="0" />
<p fId="2" fbTx="88.69878694" lbTx="88.69883542" tId="1" fbRx="88.69884198" lbRx="0" />
<p fId="2" fbTx="88.69878694" lbTx="88.69883542" tId="1" fbRx="88.69884198" lbRx="0" />
<p fId="2" fbTx="88.69884438" lbTx="88.69889286" tId="0" fbRx="88.69889942" lbRx="0" />
<p fId="2" fbTx="88.69884438" lbTx="88.69889286" tId="1" fbRx="88.69889942" lbRx="0" />
<p fId="2" fbTx="88.69884438" lbTx="88.69889286" tId="1" fbRx="88.69889942" lbRx="0" />
<p fId="1" fbTx="88.69890278" lbTx="88.69890838" tId="0" fbRx="88.69891494" lbRx="0" />
<p fId="1" fbTx="88.69890278" lbTx="88.69890838" tId="2" fbRx="88.69891494" lbRx="0" />
<p fId="1" fbTx="88.69890278" lbTx="88.69890838" tId="2" fbRx="88.69891494" lbRx="0" />
<p fId="1" fbTx="88.69891734" lbTx="88.69892294" tId="0" fbRx="88.6989295" lbRx="0" />
<p fId="1" fbTx="88.69891734" lbTx="88.69892294" tId="2" fbRx="88.6989295" lbRx="0" />
<p fId="1" fbTx="88.69891734" lbTx="88.69892294" tId="2" fbRx="88.6989295" lbRx="0" />
<p fId="1" fbTx="88.6989319" lbTx="88.6989375" tId="0" fbRx="88.69894406" lbRx="0" />
<p fId="1" fbTx="88.6989319" lbTx="88.6989375" tId="2" fbRx="88.69894406" lbRx="0" />
<p fId="1" fbTx="88.6989319" lbTx="88.6989375" tId="2" fbRx="88.69894406" lbRx="0" />
<p fId="1" fbTx="88.69894446" lbTx="88.69895006" tId="0" fbRx="88.69895662" lbRx="0" />
<p fId="1" fbTx="88.69894446" lbTx="88.69895006" tId="2" fbRx="88.69895662" lbRx="0" />
<p fId="1" fbTx="88.69894446" lbTx="88.69895006" tId="2" fbRx="88.69895662" lbRx="0" />
<p fId="2" fbTx="88.69903682" lbTx="88.6990853" tId="0" fbRx="88.69909186" lbRx="0" />
<p fId="2" fbTx="88.69903682" lbTx="88.6990853" tId="1" fbRx="88.69909186" lbRx="0" />
<p fId="2" fbTx="88.69903682" lbTx="88.6990853" tId="1" fbRx="88.69909186" lbRx="0" />
<p fId="2" fbTx="88.69909426" lbTx="88.69914274" tId="0" fbRx="88.6991493" lbRx="0" />
<p fId="2" fbTx="88.69909426" lbTx="88.69914274" tId="1" fbRx="88.6991493" lbRx="0" />
<p fId="2" fbTx="88.69909426" lbTx="88.69914274" tId="1" fbRx="88.6991493" lbRx="0" />
<p fId="1" fbTx="88.6991503" lbTx="88.6991559" tId="0" fbRx="88.69916246" lbRx="0" />
<p fId="1" fbTx="88.6991503" lbTx="88.6991559" tId="2" fbRx="88.69916246" lbRx="0" />
<p fId="1" fbTx="88.6991503" lbTx="88.6991559" tId="2" fbRx="88.69916246" lbRx="0" />
<p fId="2" fbTx="88.6991767" lbTx="88.69922518" tId="0" fbRx="88.69923174" lbRx="0" />
<p fId="2" fbTx="88.6991767" lbTx="88.69922518" tId="1" fbRx="88.69923174" lbRx="0" />
<p fId="2" fbTx="88.6991767" lbTx="88.69922518" tId="1" fbRx="88.69923174" lbRx="0" />
<p fId="2" fbTx="88.69923414" lbTx="88.69928262" tId="0" fbRx="88.69928918" lbRx="0" />
<p fId="2" fbTx="88.69923414" lbTx="88.69928262" tId="1" fbRx="88.69928918" lbRx="0" />
<p fId="2" fbTx="88.69923414" lbTx="88.69928262" tId="1" fbRx="88.69928918" lbRx="0" />
<p fId="1" fbTx="88.69929018" lbTx="88.69929578" tId="0" fbRx="88.69930234" lbRx="0" />
<p fId="1" fbTx="88.69929018" lbTx="88.69929578" tId="2" fbRx="88.69930234" lbRx="0" />
<p fId="1" fbTx="88.69929018" lbTx="88.69929578" tId="2" fbRx="88.69930234" lbRx="0" />
<p fId="2" fbTx="88.69932258" lbTx="88.69937106" tId="0" fbRx="88.69937762" lbRx="0" />
<p fId="2" fbTx="88.69932258" lbTx="88.69937106" tId="1" fbRx="88.69937762" lbRx="0" />
<p fId="2" fbTx="88.69932258" lbTx="88.69937106" tId="1" fbRx="88.69937762" lbRx="0" />
<p fId="2" fbTx="88.69937802" lbTx="88.6994265" tId="0" fbRx="88.69943306" lbRx="0" />
<p fId="2" fbTx="88.69937802" lbTx="88.6994265" tId="1" fbRx="88.69943306" lbRx="0" />
<p fId="2" fbTx="88.69937802" lbTx="88.6994265" tId="1" fbRx="88.69943306" lbRx="0" />
<p fId="2" fbTx="88.69943346" lbTx="88.69948194" tId="0" fbRx="88.6994885" lbRx="0" />
<p fId="2" fbTx="88.69943346" lbTx="88.69948194" tId="1" fbRx="88.6994885" lbRx="0" />
<p fId="2" fbTx="88.69943346" lbTx="88.69948194" tId="1" fbRx="88.6994885" lbRx="0" />
<p fId="2" fbTx="88.6994919" lbTx="88.69954038" tId="0" fbRx="88.69954694" lbRx="0" />
<p fId="2" fbTx="88.6994919" lbTx="88.69954038" tId="1" fbRx="88.69954694" lbRx="0" />
<p fId="2" fbTx="88.6994919" lbTx="88.69954038" tId="1" fbRx="88.69954694" lbRx="0" />
<p fId="2" fbTx="88.69955534" lbTx="88.69960382" tId="0" fbRx="88.69961038" lbRx="0" />
<p fId="2" fbTx="88.69955534" lbTx="88.69960382" tId="1" fbRx="88.69961038" lbRx="0" />
<p fId="2" fbTx="88.69955534" lbTx="88.69960382" tId="1" fbRx="88.69961038" lbRx="0" />
<p fId="2" fbTx="88.69961078" lbTx="88.69965926" tId="0" fbRx="88.69966582" lbRx="0" />
<p fId="2" fbTx="88.69961078" lbTx="88.69965926" tId="1" fbRx="88.69966582" lbRx="0" />
<p fId="2" fbTx="88.69961078" lbTx="88.69965926" tId="1" fbRx="88.69966582" lbRx="0" />
<p fId="2" fbTx="88.69967022" lbTx="88.6997187" tId="0" fbRx="88.69972526" lbRx="0" />
<p fId="2" fbTx="88.69967022" lbTx="88.6997187" tId="1" fbRx="88.69972526" lbRx="0" />
<p fId="2" fbTx="88.69967022" lbTx="88.6997187" tId="1" fbRx="88.69972526" lbRx="0" />
<p fId="2" fbTx="88.69972566" lbTx="88.69977414" tId="0" fbRx="88.6997807" lbRx="0" />
<p fId="2" fbTx="88.69972566" lbTx="88.69977414" tId="1" fbRx="88.6997807" lbRx="0" />
<p fId="2" fbTx="88.69972566" lbTx="88.69977414" tId="1" fbRx="88.6997807" lbRx="0" />
<p fId="2" fbTx="88.6997811" lbTx="88.69982958" tId="0" fbRx="88.69983614" lbRx="0" />
<p fId="2" fbTx="88.6997811" lbTx="88.69982958" tId="1" fbRx="88.69983614" lbRx="0" />
<p fId="2" fbTx="88.6997811" lbTx="88.69982958" tId="1" fbRx="88.69983614" lbRx="0" />
<p fId="2" fbTx="88.69983954" lbTx="88.69988802" tId="0" fbRx="88.69989458" lbRx="0" />
<p fId="2" fbTx="88.69983954" lbTx="88.69988802" tId="1" fbRx="88.69989458" lbRx="0" />
<p fId="2" fbTx="88.69983954" lbTx="88.69988802" tId="1" fbRx="88.69989458" lbRx="0" />
<p fId="2" fbTx="88.69990298" lbTx="88.69995146" tId="0" fbRx="88.69995802" lbRx="0" />
<p fId="2" fbTx="88.69990298" lbTx="88.69995146" tId="1" fbRx="88.69995802" lbRx="0" />
<p fId="2" fbTx="88.69990298" lbTx="88.69995146" tId="1" fbRx="88.69995802" lbRx="0" />
<p fId="2" fbTx="88.69996942" lbTx="88.7000179" tId="0" fbRx="88.70002446" lbRx="0" />
<p fId="2" fbTx="88.69996942" lbTx="88.7000179" tId="1" fbRx="88.70002446" lbRx="0" />
<p fId="2" fbTx="88.69996942" lbTx="88.7000179" tId="1" fbRx="88.70002446" lbRx="0" />
<p fId="2" fbTx="88.70002486" lbTx="88.70007334" tId="0" fbRx="88.7000799" lbRx="0" />
<p fId="2" fbTx="88.70002486" lbTx="88.70007334" tId="1" fbRx="88.7000799" lbRx="0" />
<p fId="2" fbTx="88.70002486" lbTx="88.70007334" tId="1" fbRx="88.7000799" lbRx="0" />
<p fId="2" fbTx="88.7000803" lbTx="88.70012878" tId="0" fbRx="88.70013534" lbRx="0" />
<p fId="2" fbTx="88.7000803" lbTx="88.70012878" tId="1" fbRx="88.70013534" lbRx="0" />
<p fId="2" fbTx="88.7000803" lbTx="88.70012878" tId="1" fbRx="88.70013534" lbRx="0" />
<p fId="2" fbTx="88.70013674" lbTx="88.70018522" tId="0" fbRx="88.70019178" lbRx="0" />
<p fId="2" fbTx="88.70013674" lbTx="88.70018522" tId="1" fbRx="88.70019178" lbRx="0" />
<p fId="2" fbTx="88.70013674" lbTx="88.70018522" tId="1" fbRx="88.70019178" lbRx="0" />
<p fId="2" fbTx="88.70020018" lbTx="88.70024866" tId="0" fbRx="88.70025522" lbRx="0" />
<p fId="2" fbTx="88.70020018" lbTx="88.70024866" tId="1" fbRx="88.70025522" lbRx="0" />
<p fId="2" fbTx="88.70020018" lbTx="88.70024866" tId="1" fbRx="88.70025522" lbRx="0" />
<p fId="2" fbTx="88.70025562" lbTx="88.7003041" tId="0" fbRx="88.70031066" lbRx="0" />
<p fId="2" fbTx="88.70025562" lbTx="88.7003041" tId="1" fbRx="88.70031066" lbRx="0" />
<p fId="2" fbTx="88.70025562" lbTx="88.7003041" tId="1" fbRx="88.70031066" lbRx="0" />
<p fId="2" fbTx="88.70031606" lbTx="88.70036454" tId="0" fbRx="88.7003711" lbRx="0" />
<p fId="2" fbTx="88.70031606" lbTx="88.70036454" tId="1" fbRx="88.7003711" lbRx="0" />
<p fId="2" fbTx="88.70031606" lbTx="88.70036454" tId="1" fbRx="88.7003711" lbRx="0" />
<p fId="2" fbTx="88.7003735" lbTx="88.70042198" tId="0" fbRx="88.70042854" lbRx="0" />
<p fId="2" fbTx="88.7003735" lbTx="88.70042198" tId="1" fbRx="88.70042854" lbRx="0" />
<p fId="2" fbTx="88.7003735" lbTx="88.70042198" tId="1" fbRx="88.70042854" lbRx="0" />
<p fId="2" fbTx="88.70042994" lbTx="88.70047842" tId="0" fbRx="88.70048498" lbRx="0" />
<p fId="2" fbTx="88.70042994" lbTx="88.70047842" tId="1" fbRx="88.70048498" lbRx="0" />
<p fId="2" fbTx="88.70042994" lbTx="88.70047842" tId="1" fbRx="88.70048498" lbRx="0" />
<p fId="2" fbTx="88.70049138" lbTx="88.70053986" tId="0" fbRx="88.70054642" lbRx="0" />
<p fId="2" fbTx="88.70049138" lbTx="88.70053986" tId="1" fbRx="88.70054642" lbRx="0" />
<p fId="2" fbTx="88.70049138" lbTx="88.70053986" tId="1" fbRx="88.70054642" lbRx="0" />
<p fId="2" fbTx="88.70054682" lbTx="88.7005953" tId="0" fbRx="88.70060186" lbRx="0" />
<p fId="2" fbTx="88.70054682" lbTx="88.7005953" tId="1" fbRx="88.70060186" lbRx="0" />
<p fId="2" fbTx="88.70054682" lbTx="88.7005953" tId="1" fbRx="88.70060186" lbRx="0" />
<p fId="2" fbTx="88.70060326" lbTx="88.70065174" tId="0" fbRx="88.7006583" lbRx="0" />
<p fId="2" fbTx="88.70060326" lbTx="88.70065174" tId="1" fbRx="88.7006583" lbRx="0" />
<p fId="2" fbTx="88.70060326" lbTx="88.70065174" tId="1" fbRx="88.7006583" lbRx="0" />
<p fId="2" fbTx="88.7006587" lbTx="88.70070718" tId="0" fbRx="88.70071374" lbRx="0" />
<p fId="2" fbTx="88.7006587" lbTx="88.70070718" tId="1" fbRx="88.70071374" lbRx="0" />
<p fId="2" fbTx="88.7006587" lbTx="88.70070718" tId="1" fbRx="88.70071374" lbRx="0" />
<p fId="2" fbTx="88.70072314" lbTx="88.70077162" tId="0" fbRx="88.70077818" lbRx="0" />
<p fId="2" fbTx="88.70072314" lbTx="88.70077162" tId="1" fbRx="88.70077818" lbRx="0" />
<p fId="2" fbTx="88.70072314" lbTx="88.70077162" tId="1" fbRx="88.70077818" lbRx="0" />
<p fId="2" fbTx="88.70077858" lbTx="88.70082706" tId="0" fbRx="88.70083362" lbRx="0" />
<p fId="2" fbTx="88.70077858" lbTx="88.70082706" tId="1" fbRx="88.70083362" lbRx="0" />
<p fId="2" fbTx="88.70077858" lbTx="88.70082706" tId="1" fbRx="88.70083362" lbRx="0" />
<p fId="2" fbTx="88.70083602" lbTx="88.7008845" tId="0" fbRx="88.70089106" lbRx="0" />
<p fId="2" fbTx="88.70083602" lbTx="88.7008845" tId="1" fbRx="88.70089106" lbRx="0" />
<p fId="2" fbTx="88.70083602" lbTx="88.7008845" tId="1" fbRx="88.70089106" lbRx="0" />
<p fId="2" fbTx="88.70089446" lbTx="88.70094294" tId="0" fbRx="88.7009495" lbRx="0" />
<p fId="2" fbTx="88.70089446" lbTx="88.70094294" tId="1" fbRx="88.7009495" lbRx="0" />
<p fId="2" fbTx="88.70089446" lbTx="88.70094294" tId="1" fbRx="88.7009495" lbRx="0" />
<p fId="2" fbTx="88.7009529" lbTx="88.70100138" tId="0" fbRx="88.70100794" lbRx="0" />
<p fId="2" fbTx="88.7009529" lbTx="88.70100138" tId="1" fbRx="88.70100794" lbRx="0" />
<p fId="2" fbTx="88.7009529" lbTx="88.70100138" tId="1" fbRx="88.70100794" lbRx="0" />
<p fId="2" fbTx="88.70101134" lbTx="88.70105982" tId="0" fbRx="88.70106638" lbRx="0" />
<p fId="2" fbTx="88.70101134" lbTx="88.70105982" tId="1" fbRx="88.70106638" lbRx="0" />
<p fId="2" fbTx="88.70101134" lbTx="88.70105982" tId="1" fbRx="88.70106638" lbRx="0" />
<p fId="2" fbTx="88.70106678" lbTx="88.70111526" tId="0" fbRx="88.70112182" lbRx="0" />
<p fId="2" fbTx="88.70106678" lbTx="88.70111526" tId="1" fbRx="88.70112182" lbRx="0" />
<p fId="2" fbTx="88.70106678" lbTx="88.70111526" tId="1" fbRx="88.70112182" lbRx="0" />
<p fId="2" fbTx="88.70112222" lbTx="88.7011707" tId="0" fbRx="88.70117726" lbRx="0" />
<p fId="2" fbTx="88.70112222" lbTx="88.7011707" tId="1" fbRx="88.70117726" lbRx="0" />
<p fId="2" fbTx="88.70112222" lbTx="88.7011707" tId="1" fbRx="88.70117726" lbRx="0" />
<p fId="2" fbTx="88.70117966" lbTx="88.70122814" tId="0" fbRx="88.7012347" lbRx="0" />
<p fId="2" fbTx="88.70117966" lbTx="88.70122814" tId="1" fbRx="88.7012347" lbRx="0" />
<p fId="2" fbTx="88.70117966" lbTx="88.70122814" tId="1" fbRx="88.7012347" lbRx="0" />
<p fId="2" fbTx="88.7012361" lbTx="88.70128458" tId="0" fbRx="88.70129114" lbRx="0" />
<p fId="2" fbTx="88.7012361" lbTx="88.70128458" tId="1" fbRx="88.70129114" lbRx="0" />
<p fId="2" fbTx="88.7012361" lbTx="88.70128458" tId="1" fbRx="88.70129114" lbRx="0" />
<p fId="2" fbTx="88.70129954" lbTx="88.70134802" tId="0" fbRx="88.70135458" lbRx="0" />
<p fId="2" fbTx="88.70129954" lbTx="88.70134802" tId="1" fbRx="88.70135458" lbRx="0" />
<p fId="2" fbTx="88.70129954" lbTx="88.70134802" tId="1" fbRx="88.70135458" lbRx="0" />
<p fId="2" fbTx="88.70135698" lbTx="88.70140546" tId="0" fbRx="88.70141202" lbRx="0" />
<p fId="2" fbTx="88.70135698" lbTx="88.70140546" tId="1" fbRx="88.70141202" lbRx="0" />
<p fId="2" fbTx="88.70135698" lbTx="88.70140546" tId="1" fbRx="88.70141202" lbRx="0" />
<p fId="2" fbTx="88.70141942" lbTx="88.7014679" tId="0" fbRx="88.70147446" lbRx="0" />
<p fId="2" fbTx="88.70141942" lbTx="88.7014679" tId="1" fbRx="88.70147446" lbRx="0" />
<p fId="2" fbTx="88.70141942" lbTx="88.7014679" tId="1" fbRx="88.70147446" lbRx="0" />
<p fId="2" fbTx="88.70147586" lbTx="88.70152434" tId="0" fbRx="88.7015309" lbRx="0" />
<p fId="2" fbTx="88.70147586" lbTx="88.70152434" tId="1" fbRx="88.7015309" lbRx="0" />
<p fId="2" fbTx="88.70147586" lbTx="88.70152434" tId="1" fbRx="88.7015309" lbRx="0" />
<p fId="2" fbTx="88.7015323" lbTx="88.70158078" tId="0" fbRx="88.70158734" lbRx="0" />
<p fId="2" fbTx="88.7015323" lbTx="88.70158078" tId="1" fbRx="88.70158734" lbRx="0" />
<p fId="2" fbTx="88.7015323" lbTx="88.70158078" tId="1" fbRx="88.70158734" lbRx="0" />
<p fId="2" fbTx="88.70158874" lbTx="88.70163722" tId="0" fbRx="88.70164378" lbRx="0" />
<p fId="2" fbTx="88.70158874" lbTx="88.70163722" tId="1" fbRx="88.70164378" lbRx="0" />
<p fId="2" fbTx="88.70158874" lbTx="88.70163722" tId="1" fbRx="88.70164378" lbRx="0" />
<p fId="2" fbTx="88.70165318" lbTx="88.70170166" tId="0" fbRx="88.70170822" lbRx="0" />
<p fId="2" fbTx="88.70165318" lbTx="88.70170166" tId="1" fbRx="88.70170822" lbRx="0" />
<p fId="2" fbTx="88.70165318" lbTx="88.70170166" tId="1" fbRx="88.70170822" lbRx="0" />
<p fId="2" fbTx="88.70170962" lbTx="88.7017581" tId="0" fbRx="88.70176466" lbRx="0" />
<p fId="2" fbTx="88.70170962" lbTx="88.7017581" tId="1" fbRx="88.70176466" lbRx="0" />
<p fId="2" fbTx="88.70170962" lbTx="88.7017581" tId="1" fbRx="88.70176466" lbRx="0" />
<p fId="2" fbTx="88.70177406" lbTx="88.70182254" tId="0" fbRx="88.7018291" lbRx="0" />
<p fId="2" fbTx="88.70177406" lbTx="88.70182254" tId="1" fbRx="88.7018291" lbRx="0" />
<p fId="2" fbTx="88.70177406" lbTx="88.70182254" tId="1" fbRx="88.7018291" lbRx="0" />
<p fId="2" fbTx="88.7018295" lbTx="88.70187798" tId="0" fbRx="88.70188454" lbRx="0" />
<p fId="2" fbTx="88.7018295" lbTx="88.70187798" tId="1" fbRx="88.70188454" lbRx="0" />
<p fId="2" fbTx="88.7018295" lbTx="88.70187798" tId="1" fbRx="88.70188454" lbRx="0" />
<p fId="2" fbTx="88.70188594" lbTx="88.70193442" tId="0" fbRx="88.70194098" lbRx="0" />
<p fId="2" fbTx="88.70188594" lbTx="88.70193442" tId="1" fbRx="88.70194098" lbRx="0" />
<p fId="2" fbTx="88.70188594" lbTx="88.70193442" tId="1" fbRx="88.70194098" lbRx="0" />
<p fId="2" fbTx="88.70194238" lbTx="88.70199086" tId="0" fbRx="88.70199742" lbRx="0" />
<p fId="2" fbTx="88.70194238" lbTx="88.70199086" tId="1" fbRx="88.70199742" lbRx="0" />
<p fId="2" fbTx="88.70194238" lbTx="88.70199086" tId="1" fbRx="88.70199742" lbRx="0" />
<p fId="2" fbTx="88.70200082" lbTx="88.7020493" tId="0" fbRx="88.70205586" lbRx="0" />
<p fId="2" fbTx="88.70200082" lbTx="88.7020493" tId="1" fbRx="88.70205586" lbRx="0" />
<p fId="2" fbTx="88.70200082" lbTx="88.7020493" tId="1" fbRx="88.70205586" lbRx="0" />
<p fId="2" fbTx="88.70205826" lbTx="88.70210674" tId="0" fbRx="88.7021133" lbRx="0" />
<p fId="2" fbTx="88.70205826" lbTx="88.70210674" tId="1" fbRx="88.7021133" lbRx="0" />
<p fId="2" fbTx="88.70205826" lbTx="88.70210674" tId="1" fbRx="88.7021133" lbRx="0" />
<p fId="2" fbTx="88.7021157" lbTx="88.70216418" tId="0" fbRx="88.70217074" lbRx="0" />
<p fId="2" fbTx="88.7021157" lbTx="88.70216418" tId="1" fbRx="88.70217074" lbRx="0" />
<p fId="2" fbTx="88.7021157" lbTx="88.70216418" tId="1" fbRx="88.70217074" lbRx="0" />
<p fId="2" fbTx="88.70217114" lbTx="88.70221962" tId="0" fbRx="88.70222618" lbRx="0" />
<p fId="2" fbTx="88.70217114" lbTx="88.70221962" tId="1" fbRx="88.70222618" lbRx="0" />
<p fId="2" fbTx="88.70217114" lbTx="88.70221962" tId="1" fbRx="88.70222618" lbRx="0" />
<p fId="2" fbTx="88.70222658" lbTx="88.70227506" tId="0" fbRx="88.70228162" lbRx="0" />
<p fId="2" fbTx="88.70222658" lbTx="88.70227506" tId="1" fbRx="88.70228162" lbRx="0" />
<p fId="2" fbTx="88.70222658" lbTx="88.70227506" tId="1" fbRx="88.70228162" lbRx="0" />
<p fId="2" fbTx="88.70228302" lbTx="88.7023315" tId="0" fbRx="88.70233806" lbRx="0" />
<p fId="2" fbTx="88.70228302" lbTx="88.7023315" tId="1" fbRx="88.70233806" lbRx="0" />
<p fId="2" fbTx="88.70228302" lbTx="88.7023315" tId="1" fbRx="88.70233806" lbRx="0" />
<p fId="2" fbTx="88.70234646" lbTx="88.70239494" tId="0" fbRx="88.7024015" lbRx="0" />
<p fId="2" fbTx="88.70234646" lbTx="88.70239494" tId="1" fbRx="88.7024015" lbRx="0" />
<p fId="2" fbTx="88.70234646" lbTx="88.70239494" tId="1" fbRx="88.7024015" lbRx="0" />
<p fId="2" fbTx="88.7024039" lbTx="88.70245238" tId="0" fbRx="88.70245894" lbRx="0" />
<p fId="2" fbTx="88.7024039" lbTx="88.70245238" tId="1" fbRx="88.70245894" lbRx="0" />
<p fId="2" fbTx="88.7024039" lbTx="88.70245238" tId="1" fbRx="88.70245894" lbRx="0" />
<p fId="2" fbTx="88.70246234" lbTx="88.70251082" tId="0" fbRx="88.70251738" lbRx="0" />
<p fId="2" fbTx="88.70246234" lbTx="88.70251082" tId="1" fbRx="88.70251738" lbRx="0" />
<p fId="2" fbTx="88.70246234" lbTx="88.70251082" tId="1" fbRx="88.70251738" lbRx="0" />
<p fId="2" fbTx="88.70251978" lbTx="88.70256826" tId="0" fbRx="88.70257482" lbRx="0" />
<p fId="2" fbTx="88.70251978" lbTx="88.70256826" tId="1" fbRx="88.70257482" lbRx="0" />
<p fId="2" fbTx="88.70251978" lbTx="88.70256826" tId="1" fbRx="88.70257482" lbRx="0" />
<p fId="2" fbTx="88.70257522" lbTx="88.7026237" tId="0" fbRx="88.70263026" lbRx="0" />
<p fId="2" fbTx="88.70257522" lbTx="88.7026237" tId="1" fbRx="88.70263026" lbRx="0" />
<p fId="2" fbTx="88.70257522" lbTx="88.7026237" tId="1" fbRx="88.70263026" lbRx="0" />
<p fId="2" fbTx="88.70263866" lbTx="88.70268714" tId="0" fbRx="88.7026937" lbRx="0" />
<p fId="2" fbTx="88.70263866" lbTx="88.70268714" tId="1" fbRx="88.7026937" lbRx="0" />
<p fId="2" fbTx="88.70263866" lbTx="88.70268714" tId="1" fbRx="88.7026937" lbRx="0" />
<p fId="2" fbTx="88.7026991" lbTx="88.70274758" tId="0" fbRx="88.70275414" lbRx="0" />
<p fId="2" fbTx="88.7026991" lbTx="88.70274758" tId="1" fbRx="88.70275414" lbRx="0" />
<p fId="2" fbTx="88.7026991" lbTx="88.70274758" tId="1" fbRx="88.70275414" lbRx="0" />
<p fId="2" fbTx="88.70275554" lbTx="88.70280402" tId="0" fbRx="88.70281058" lbRx="0" />
<p fId="2" fbTx="88.70275554" lbTx="88.70280402" tId="1" fbRx="88.70281058" lbRx="0" />
<p fId="2" fbTx="88.70275554" lbTx="88.70280402" tId="1" fbRx="88.70281058" lbRx="0" />
<p fId="2" fbTx="88.70281998" lbTx="88.70286846" tId="0" fbRx="88.70287502" lbRx="0" />
<p fId="2" fbTx="88.70281998" lbTx="88.70286846" tId="1" fbRx="88.70287502" lbRx="0" />
<p fId="2" fbTx="88.70281998" lbTx="88.70286846" tId="1" fbRx="88.70287502" lbRx="0" />
<p fId="2" fbTx="88.70289042" lbTx="88.7029389" tId="0" fbRx="88.70294546" lbRx="0" />
<p fId="2" fbTx="88.70289042" lbTx="88.7029389" tId="1" fbRx="88.70294546" lbRx="0" />
<p fId="2" fbTx="88.70289042" lbTx="88.7029389" tId="1" fbRx="88.70294546" lbRx="0" />
<p fId="2" fbTx="88.70294586" lbTx="88.70299434" tId="0" fbRx="88.7030009" lbRx="0" />
<p fId="2" fbTx="88.70294586" lbTx="88.70299434" tId="1" fbRx="88.7030009" lbRx="0" />
<p fId="2" fbTx="88.70294586" lbTx="88.70299434" tId="1" fbRx="88.7030009" lbRx="0" />
<p fId="2" fbTx="88.7030123" lbTx="88.70306078" tId="0" fbRx="88.70306734" lbRx="0" />
<p fId="2" fbTx="88.7030123" lbTx="88.70306078" tId="1" fbRx="88.70306734" lbRx="0" />
<p fId="2" fbTx="88.7030123" lbTx="88.70306078" tId="1" fbRx="88.70306734" lbRx="0" />
<p fId="2" fbTx="88.70307074" lbTx="88.70311922" tId="0" fbRx="88.70312578" lbRx="0" />
<p fId="2" fbTx="88.70307074" lbTx="88.70311922" tId="1" fbRx="88.70312578" lbRx="0" />
<p fId="2" fbTx="88.70307074" lbTx="88.70311922" tId="1" fbRx="88.70312578" lbRx="0" />
<p fId="2" fbTx="88.70312718" lbTx="88.70317566" tId="0" fbRx="88.70318222" lbRx="0" />
<p fId="2" fbTx="88.70312718" lbTx="88.70317566" tId="1" fbRx="88.70318222" lbRx="0" />
<p fId="2" fbTx="88.70312718" lbTx="88.70317566" tId="1" fbRx="88.70318222" lbRx="0" />
<p fId="2" fbTx="88.70318362" lbTx="88.7032321" tId="0" fbRx="88.70323866" lbRx="0" />
<p fId="2" fbTx="88.70318362" lbTx="88.7032321" tId="1" fbRx="88.70323866" lbRx="0" />
<p fId="2" fbTx="88.70318362" lbTx="88.7032321" tId="1" fbRx="88.70323866" lbRx="0" />
<p fId="2" fbTx="88.70324006" lbTx="88.70328854" tId="0" fbRx="88.7032951" lbRx="0" />
<p fId="2" fbTx="88.70324006" lbTx="88.70328854" tId="1" fbRx="88.7032951" lbRx="0" />
<p fId="2" fbTx="88.70324006" lbTx="88.70328854" tId="1" fbRx="88.7032951" lbRx="0" />
<p fId="2" fbTx="88.7033025" lbTx="88.70335098" tId="0" fbRx="88.70335754" lbRx="0" />
<p fId="2" fbTx="88.7033025" lbTx="88.70335098" tId="1" fbRx="88.70335754" lbRx="0" />
<p fId="2" fbTx="88.7033025" lbTx="88.70335098" tId="1" fbRx="88.70335754" lbRx="0" />
<p fId="2" fbTx="88.70336094" lbTx="88.70340942" tId="0" fbRx="88.70341598" lbRx="0" />
<p fId="2" fbTx="88.70336094" lbTx="88.70340942" tId="1" fbRx="88.70341598" lbRx="0" />
<p fId="2" fbTx="88.70336094" lbTx="88.70340942" tId="1" fbRx="88.70341598" lbRx="0" />
<p fId="2" fbTx="88.70341838" lbTx="88.70346686" tId="0" fbRx="88.70347342" lbRx="0" />
<p fId="2" fbTx="88.70341838" lbTx="88.70346686" tId="1" fbRx="88.70347342" lbRx="0" />
<p fId="2" fbTx="88.70341838" lbTx="88.70346686" tId="1" fbRx="88.70347342" lbRx="0" />
<p fId="2" fbTx="88.70347582" lbTx="88.7035243" tId="0" fbRx="88.70353086" lbRx="0" />
<p fId="2" fbTx="88.70347582" lbTx="88.7035243" tId="1" fbRx="88.70353086" lbRx="0" />
<p fId="2" fbTx="88.70347582" lbTx="88.7035243" tId="1" fbRx="88.70353086" lbRx="0" />
<p fId="2" fbTx="88.70353226" lbTx="88.70358074" tId="0" fbRx="88.7035873" lbRx="0" />
<p fId="2" fbTx="88.70353226" lbTx="88.70358074" tId="1" fbRx="88.7035873" lbRx="0" />
<p fId="2" fbTx="88.70353226" lbTx="88.70358074" tId="1" fbRx="88.7035873" lbRx="0" />
<p fId="2" fbTx="88.7035877" lbTx="88.70363618" tId="0" fbRx="88.70364274" lbRx="0" />
<p fId="2" fbTx="88.7035877" lbTx="88.70363618" tId="1" fbRx="88.70364274" lbRx="0" />
<p fId="2" fbTx="88.7035877" lbTx="88.70363618" tId="1" fbRx="88.70364274" lbRx="0" />
<p fId="2" fbTx="88.70364914" lbTx="88.70369762" tId="0" fbRx="88.70370418" lbRx="0" />
<p fId="2" fbTx="88.70364914" lbTx="88.70369762" tId="1" fbRx="88.70370418" lbRx="0" />
<p fId="2" fbTx="88.70364914" lbTx="88.70369762" tId="1" fbRx="88.70370418" lbRx="0" />
<p fId="2" fbTx="88.70370958" lbTx="88.70375806" tId="0" fbRx="88.70376462" lbRx="0" />
<p fId="2" fbTx="88.70370958" lbTx="88.70375806" tId="1" fbRx="88.70376462" lbRx="0" />
<p fId="2" fbTx="88.70370958" lbTx="88.70375806" tId="1" fbRx="88.70376462" lbRx="0" />
<p fId="2" fbTx="88.70377202" lbTx="88.7038205" tId="0" fbRx="88.70382706" lbRx="0" />
<p fId="2" fbTx="88.70377202" lbTx="88.7038205" tId="1" fbRx="88.70382706" lbRx="0" />
<p fId="2" fbTx="88.70377202" lbTx="88.7038205" tId="1" fbRx="88.70382706" lbRx="0" />
<p fId="2" fbTx="88.70383046" lbTx="88.70387894" tId="0" fbRx="88.7038855" lbRx="0" />
<p fId="2" fbTx="88.70383046" lbTx="88.70387894" tId="1" fbRx="88.7038855" lbRx="0" />
<p fId="2" fbTx="88.70383046" lbTx="88.70387894" tId="1" fbRx="88.7038855" lbRx="0" />
<p fId="2" fbTx="88.7038859" lbTx="88.70393438" tId="0" fbRx="88.70394094" lbRx="0" />
<p fId="2" fbTx="88.7038859" lbTx="88.70393438" tId="1" fbRx="88.70394094" lbRx="0" />
<p fId="2" fbTx="88.7038859" lbTx="88.70393438" tId="1" fbRx="88.70394094" lbRx="0" />
<p fId="2" fbTx="88.70394934" lbTx="88.70399782" tId="0" fbRx="88.70400438" lbRx="0" />
<p fId="2" fbTx="88.70394934" lbTx="88.70399782" tId="1" fbRx="88.70400438" lbRx="0" />
<p fId="2" fbTx="88.70394934" lbTx="88.70399782" tId="1" fbRx="88.70400438" lbRx="0" />
<p fId="2" fbTx="88.70400578" lbTx="88.70405426" tId="0" fbRx="88.70406082" lbRx="0" />
<p fId="2" fbTx="88.70400578" lbTx="88.70405426" tId="1" fbRx="88.70406082" lbRx="0" />
<p fId="2" fbTx="88.70400578" lbTx="88.70405426" tId="1" fbRx="88.70406082" lbRx="0" />
<p fId="2" fbTx="88.70406222" lbTx="88.7041107" tId="0" fbRx="88.70411726" lbRx="0" />
<p fId="2" fbTx="88.70406222" lbTx="88.7041107" tId="1" fbRx="88.70411726" lbRx="0" />
<p fId="2" fbTx="88.70406222" lbTx="88.7041107" tId="1" fbRx="88.70411726" lbRx="0" />
<p fId="2" fbTx="88.70412366" lbTx="88.70417214" tId="0" fbRx="88.7041787" lbRx="0" />
<p fId="2" fbTx="88.70412366" lbTx="88.70417214" tId="1" fbRx="88.7041787" lbRx="0" />
<p fId="2" fbTx="88.70412366" lbTx="88.70417214" tId="1" fbRx="88.7041787" lbRx="0" />
<p fId="2" fbTx="88.7041891" lbTx="88.70423758" tId="0" fbRx="88.70424414" lbRx="0" />
<p fId="2" fbTx="88.7041891" lbTx="88.70423758" tId="1" fbRx="88.70424414" lbRx="0" />
<p fId="2" fbTx="88.7041891" lbTx="88.70423758" tId="1" fbRx="88.70424414" lbRx="0" />
<p fId="2" fbTx="88.70424654" lbTx="88.70429502" tId="0" fbRx="88.70430158" lbRx="0" />
<p fId="2" fbTx="88.70424654" lbTx="88.70429502" tId="1" fbRx="88.70430158" lbRx="0" />
<p fId="2" fbTx="88.70424654" lbTx="88.70429502" tId="1" fbRx="88.70430158" lbRx="0" />
<p fId="2" fbTx="88.70432098" lbTx="88.70436946" tId="0" fbRx="88.70437602" lbRx="0" />
<p fId="2" fbTx="88.70432098" lbTx="88.70436946" tId="1" fbRx="88.70437602" lbRx="0" />
<p fId="2" fbTx="88.70432098" lbTx="88.70436946" tId="1" fbRx="88.70437602" lbRx="0" />
<p fId="2" fbTx="88.70437742" lbTx="88.7044259" tId="0" fbRx="88.70443246" lbRx="0" />
<p fId="2" fbTx="88.70437742" lbTx="88.7044259" tId="1" fbRx="88.70443246" lbRx="0" />
<p fId="2" fbTx="88.70437742" lbTx="88.7044259" tId="1" fbRx="88.70443246" lbRx="0" />
<p fId="2" fbTx="88.70443586" lbTx="88.70448434" tId="0" fbRx="88.7044909" lbRx="0" />
<p fId="2" fbTx="88.70443586" lbTx="88.70448434" tId="1" fbRx="88.7044909" lbRx="0" />
<p fId="2" fbTx="88.70443586" lbTx="88.70448434" tId="1" fbRx="88.7044909" lbRx="0" />
<p fId="2" fbTx="88.7045013" lbTx="88.70454978" tId="0" fbRx="88.70455634" lbRx="0" />
<p fId="2" fbTx="88.7045013" lbTx="88.70454978" tId="1" fbRx="88.70455634" lbRx="0" />
<p fId="2" fbTx="88.7045013" lbTx="88.70454978" tId="1" fbRx="88.70455634" lbRx="0" />
<p fId="2" fbTx="88.70455674" lbTx="88.70460522" tId="0" fbRx="88.70461178" lbRx="0" />
<p fId="2" fbTx="88.70455674" lbTx="88.70460522" tId="1" fbRx="88.70461178" lbRx="0" />
<p fId="2" fbTx="88.70455674" lbTx="88.70460522" tId="1" fbRx="88.70461178" lbRx="0" />
<p fId="1" fbTx="88.70461906" lbTx="88.70462466" tId="0" fbRx="88.70463122" lbRx="0" />
<p fId="1" fbTx="88.70461906" lbTx="88.70462466" tId="2" fbRx="88.70463122" lbRx="0" />
<p fId="1" fbTx="88.70461906" lbTx="88.70462466" tId="2" fbRx="88.70463122" lbRx="0" />
<p fId="1" fbTx="88.70463162" lbTx="88.70463722" tId="0" fbRx="88.70464378" lbRx="0" />
<p fId="1" fbTx="88.70463162" lbTx="88.70463722" tId="2" fbRx="88.70464378" lbRx="0" />
<p fId="1" fbTx="88.70463162" lbTx="88.70463722" tId="2" fbRx="88.70464378" lbRx="0" />
<p fId="1" fbTx="88.70464518" lbTx="88.70465078" tId="0" fbRx="88.70465734" lbRx="0" />
<p fId="1" fbTx="88.70464518" lbTx="88.70465078" tId="2" fbRx="88.70465734" lbRx="0" />
<p fId="1" fbTx="88.70464518" lbTx="88.70465078" tId="2" fbRx="88.70465734" lbRx="0" />
<p fId="1" fbTx="88.70466374" lbTx="88.70466934" tId="0" fbRx="88.7046759" lbRx="0" />
<p fId="1" fbTx="88.70466374" lbTx="88.70466934" tId="2" fbRx="88.7046759" lbRx="0" />
<p fId="1" fbTx="88.70466374" lbTx="88.70466934" tId="2" fbRx="88.7046759" lbRx="0" />
<p fId="1" fbTx="88.7046773" lbTx="88.7046829" tId="0" fbRx="88.70468946" lbRx="0" />
<p fId="1" fbTx="88.7046773" lbTx="88.7046829" tId="2" fbRx="88.70468946" lbRx="0" />
<p fId="1" fbTx="88.7046773" lbTx="88.7046829" tId="2" fbRx="88.70468946" lbRx="0" />
<p fId="1" fbTx="88.70469386" lbTx="88.70469946" tId="0" fbRx="88.70470602" lbRx="0" />
<p fId="1" fbTx="88.70469386" lbTx="88.70469946" tId="2" fbRx="88.70470602" lbRx="0" />
<p fId="1" fbTx="88.70469386" lbTx="88.70469946" tId="2" fbRx="88.70470602" lbRx="0" />
<p fId="1" fbTx="88.70471342" lbTx="88.70471902" tId="0" fbRx="88.70472558" lbRx="0" />
<p fId="1" fbTx="88.70471342" lbTx="88.70471902" tId="2" fbRx="88.70472558" lbRx="0" />
<p fId="1" fbTx="88.70471342" lbTx="88.70471902" tId="2" fbRx="88.70472558" lbRx="0" />
<p fId="1" fbTx="88.70472598" lbTx="88.70473158" tId="0" fbRx="88.70473814" lbRx="0" />
<p fId="1" fbTx="88.70472598" lbTx="88.70473158" tId="2" fbRx="88.70473814" lbRx="0" />
<p fId="1" fbTx="88.70472598" lbTx="88.70473158" tId="2" fbRx="88.70473814" lbRx="0" />
<p fId="1" fbTx="88.70475154" lbTx="88.70475714" tId="0" fbRx="88.7047637" lbRx="0" />
<p fId="1" fbTx="88.70475154" lbTx="88.70475714" tId="2" fbRx="88.7047637" lbRx="0" />
<p fId="1" fbTx="88.70475154" lbTx="88.70475714" tId="2" fbRx="88.7047637" lbRx="0" />
<p fId="1" fbTx="88.7047641" lbTx="88.7047697" tId="0" fbRx="88.70477626" lbRx="0" />
<p fId="1" fbTx="88.7047641" lbTx="88.7047697" tId="2" fbRx="88.70477626" lbRx="0" />
<p fId="1" fbTx="88.7047641" lbTx="88.7047697" tId="2" fbRx="88.70477626" lbRx="0" />
<p fId="1" fbTx="88.70477966" lbTx="88.70478526" tId="0" fbRx="88.70479182" lbRx="0" />
<p fId="1" fbTx="88.70477966" lbTx="88.70478526" tId="2" fbRx="88.70479182" lbRx="0" />
<p fId="1" fbTx="88.70477966" lbTx="88.70478526" tId="2" fbRx="88.70479182" lbRx="0" />
<p fId="1" fbTx="88.70479422" lbTx="88.70479982" tId="0" fbRx="88.70480638" lbRx="0" />
<p fId="1" fbTx="88.70479422" lbTx="88.70479982" tId="2" fbRx="88.70480638" lbRx="0" />
<p fId="1" fbTx="88.70479422" lbTx="88.70479982" tId="2" fbRx="88.70480638" lbRx="0" />
<p fId="1" fbTx="88.70480778" lbTx="88.70481338" tId="0" fbRx="88.70481994" lbRx="0" />
<p fId="1" fbTx="88.70480778" lbTx="88.70481338" tId="2" fbRx="88.70481994" lbRx="0" />
<p fId="1" fbTx="88.70480778" lbTx="88.70481338" tId="2" fbRx="88.70481994" lbRx="0" />
<p fId="1" fbTx="88.70482134" lbTx="88.70482694" tId="0" fbRx="88.7048335" lbRx="0" />
<p fId="1" fbTx="88.70482134" lbTx="88.70482694" tId="2" fbRx="88.7048335" lbRx="0" />
<p fId="1" fbTx="88.70482134" lbTx="88.70482694" tId="2" fbRx="88.7048335" lbRx="0" />
<p fId="1" fbTx="88.7048349" lbTx="88.7048405" tId="0" fbRx="88.70484706" lbRx="0" />
<p fId="1" fbTx="88.7048349" lbTx="88.7048405" tId="2" fbRx="88.70484706" lbRx="0" />
<p fId="1" fbTx="88.7048349" lbTx="88.7048405" tId="2" fbRx="88.70484706" lbRx="0" />
<p fId="1" fbTx="88.70484746" lbTx="88.70485306" tId="0" fbRx="88.70485962" lbRx="0" />
<p fId="1" fbTx="88.70484746" lbTx="88.70485306" tId="2" fbRx="88.70485962" lbRx="0" />
<p fId="1" fbTx="88.70484746" lbTx="88.70485306" tId="2" fbRx="88.70485962" lbRx="0" />
<p fId="1" fbTx="88.70486802" lbTx="88.70487362" tId="0" fbRx="88.70488018" lbRx="0" />
<p fId="1" fbTx="88.70486802" lbTx="88.70487362" tId="2" fbRx="88.70488018" lbRx="0" />
<p fId="1" fbTx="88.70486802" lbTx="88.70487362" tId="2" fbRx="88.70488018" lbRx="0" />
<p fId="1" fbTx="88.70488358" lbTx="88.70488918" tId="0" fbRx="88.70489574" lbRx="0" />
<p fId="1" fbTx="88.70488358" lbTx="88.70488918" tId="2" fbRx="88.70489574" lbRx="0" />
<p fId="1" fbTx="88.70488358" lbTx="88.70488918" tId="2" fbRx="88.70489574" lbRx="0" />
<p fId="1" fbTx="88.70489914" lbTx="88.70490474" tId="0" fbRx="88.7049113" lbRx="0" />
<p fId="1" fbTx="88.70489914" lbTx="88.70490474" tId="2" fbRx="88.7049113" lbRx="0" />
<p fId="1" fbTx="88.70489914" lbTx="88.70490474" tId="2" fbRx="88.7049113" lbRx="0" />
<p fId="1" fbTx="88.7049117" lbTx="88.7049173" tId="0" fbRx="88.70492386" lbRx="0" />
<p fId="1" fbTx="88.7049117" lbTx="88.7049173" tId="2" fbRx="88.70492386" lbRx="0" />
<p fId="1" fbTx="88.7049117" lbTx="88.7049173" tId="2" fbRx="88.70492386" lbRx="0" />
<p fId="1" fbTx="88.70493226" lbTx="88.70493786" tId="0" fbRx="88.70494442" lbRx="0" />
<p fId="1" fbTx="88.70493226" lbTx="88.70493786" tId="2" fbRx="88.70494442" lbRx="0" />
<p fId="1" fbTx="88.70493226" lbTx="88.70493786" tId="2" fbRx="88.70494442" lbRx="0" />
<p fId="1" fbTx="88.70494482" lbTx="88.70495042" tId="0" fbRx="88.70495698" lbRx="0" />
<p fId="1" fbTx="88.70494482" lbTx="88.70495042" tId="2" fbRx="88.70495698" lbRx="0" />
<p fId="1" fbTx="88.70494482" lbTx="88.70495042" tId="2" fbRx="88.70495698" lbRx="0" />
<p fId="1" fbTx="88.70495838" lbTx="88.70496398" tId="0" fbRx="88.70497054" lbRx="0" />
<p fId="1" fbTx="88.70495838" lbTx="88.70496398" tId="2" fbRx="88.70497054" lbRx="0" />
<p fId="1" fbTx="88.70495838" lbTx="88.70496398" tId="2" fbRx="88.70497054" lbRx="0" />
<p fId="1" fbTx="88.70497094" lbTx="88.70497654" tId="0" fbRx="88.7049831" lbRx="0" />
<p fId="1" fbTx="88.70497094" lbTx="88.70497654" tId="2" fbRx="88.7049831" lbRx="0" />
<p fId="1" fbTx="88.70497094" lbTx="88.70497654" tId="2" fbRx="88.7049831" lbRx="0" />
<p fId="1" fbTx="88.7049835" lbTx="88.7049891" tId="0" fbRx="88.70499566" lbRx="0" />
<p fId="1" fbTx="88.7049835" lbTx="88.7049891" tId="2" fbRx="88.70499566" lbRx="0" />
<p fId="1" fbTx="88.7049835" lbTx="88.7049891" tId="2" fbRx="88.70499566" lbRx="0" />
<p fId="1" fbTx="88.70499806" lbTx="88.70500366" tId="0" fbRx="88.70501022" lbRx="0" />
<p fId="1" fbTx="88.70499806" lbTx="88.70500366" tId="2" fbRx="88.70501022" lbRx="0" />
<p fId="1" fbTx="88.70499806" lbTx="88.70500366" tId="2" fbRx="88.70501022" lbRx="0" />
<p fId="1" fbTx="88.70501862" lbTx="88.70502422" tId="0" fbRx="88.70503078" lbRx="0" />
<p fId="1" fbTx="88.70501862" lbTx="88.70502422" tId="2" fbRx="88.70503078" lbRx="0" />
<p fId="1" fbTx="88.70501862" lbTx="88.70502422" tId="2" fbRx="88.70503078" lbRx="0" />
<p fId="1" fbTx="88.70504018" lbTx="88.70504578" tId="0" fbRx="88.70505234" lbRx="0" />
<p fId="1" fbTx="88.70504018" lbTx="88.70504578" tId="2" fbRx="88.70505234" lbRx="0" />
<p fId="1" fbTx="88.70504018" lbTx="88.70504578" tId="2" fbRx="88.70505234" lbRx="0" />
<p fId="1" fbTx="88.70505674" lbTx="88.70506234" tId="0" fbRx="88.7050689" lbRx="0" />
<p fId="1" fbTx="88.70505674" lbTx="88.70506234" tId="2" fbRx="88.7050689" lbRx="0" />
<p fId="1" fbTx="88.70505674" lbTx="88.70506234" tId="2" fbRx="88.7050689" lbRx="0" />
<p fId="1" fbTx="88.7050723" lbTx="88.7050779" tId="0" fbRx="88.70508446" lbRx="0" />
<p fId="1" fbTx="88.7050723" lbTx="88.7050779" tId="2" fbRx="88.70508446" lbRx="0" />
<p fId="1" fbTx="88.7050723" lbTx="88.7050779" tId="2" fbRx="88.70508446" lbRx="0" />
<p fId="1" fbTx="88.70508486" lbTx="88.70509046" tId="0" fbRx="88.70509702" lbRx="0" />
<p fId="1" fbTx="88.70508486" lbTx="88.70509046" tId="2" fbRx="88.70509702" lbRx="0" />
<p fId="1" fbTx="88.70508486" lbTx="88.70509046" tId="2" fbRx="88.70509702" lbRx="0" />
<p fId="1" fbTx="88.70509742" lbTx="88.70510302" tId="0" fbRx="88.70510958" lbRx="0" />
<p fId="1" fbTx="88.70509742" lbTx="88.70510302" tId="2" fbRx="88.70510958" lbRx="0" />
<p fId="1" fbTx="88.70509742" lbTx="88.70510302" tId="2" fbRx="88.70510958" lbRx="0" />
<p fId="1" fbTx="88.70511198" lbTx="88.70511758" tId="0" fbRx="88.70512414" lbRx="0" />
<p fId="1" fbTx="88.70511198" lbTx="88.70511758" tId="2" fbRx="88.70512414" lbRx="0" />
<p fId="1" fbTx="88.70511198" lbTx="88.70511758" tId="2" fbRx="88.70512414" lbRx="0" />
<p fId="1" fbTx="88.70512554" lbTx="88.70513114" tId="0" fbRx="88.7051377" lbRx="0" />
<p fId="1" fbTx="88.70512554" lbTx="88.70513114" tId="2" fbRx="88.7051377" lbRx="0" />
<p fId="1" fbTx="88.70512554" lbTx="88.70513114" tId="2" fbRx="88.7051377" lbRx="0" />
<p fId="1" fbTx="88.7051381" lbTx="88.7051437" tId="0" fbRx="88.70515026" lbRx="0" />
<p fId="1" fbTx="88.7051381" lbTx="88.7051437" tId="2" fbRx="88.70515026" lbRx="0" />
<p fId="1" fbTx="88.7051381" lbTx="88.7051437" tId="2" fbRx="88.70515026" lbRx="0" />
<p fId="1" fbTx="88.70515366" lbTx="88.70515926" tId="0" fbRx="88.70516582" lbRx="0" />
<p fId="1" fbTx="88.70515366" lbTx="88.70515926" tId="2" fbRx="88.70516582" lbRx="0" />
<p fId="1" fbTx="88.70515366" lbTx="88.70515926" tId="2" fbRx="88.70516582" lbRx="0" />
<p fId="1" fbTx="88.70517522" lbTx="88.70518082" tId="0" fbRx="88.70518738" lbRx="0" />
<p fId="1" fbTx="88.70517522" lbTx="88.70518082" tId="2" fbRx="88.70518738" lbRx="0" />
<p fId="1" fbTx="88.70517522" lbTx="88.70518082" tId="2" fbRx="88.70518738" lbRx="0" />
<p fId="1" fbTx="88.70519478" lbTx="88.70520038" tId="0" fbRx="88.70520694" lbRx="0" />
<p fId="1" fbTx="88.70519478" lbTx="88.70520038" tId="2" fbRx="88.70520694" lbRx="0" />
<p fId="1" fbTx="88.70519478" lbTx="88.70520038" tId="2" fbRx="88.70520694" lbRx="0" />
<p fId="1" fbTx="88.70521134" lbTx="88.70521694" tId="0" fbRx="88.7052235" lbRx="0" />
<p fId="1" fbTx="88.70521134" lbTx="88.70521694" tId="2" fbRx="88.7052235" lbRx="0" />
<p fId="1" fbTx="88.70521134" lbTx="88.70521694" tId="2" fbRx="88.7052235" lbRx="0" />
<p fId="1" fbTx="88.7052289" lbTx="88.7052345" tId="0" fbRx="88.70524106" lbRx="0" />
<p fId="1" fbTx="88.7052289" lbTx="88.7052345" tId="2" fbRx="88.70524106" lbRx="0" />
<p fId="1" fbTx="88.7052289" lbTx="88.7052345" tId="2" fbRx="88.70524106" lbRx="0" />
<p fId="1" fbTx="88.70524146" lbTx="88.70524706" tId="0" fbRx="88.70525362" lbRx="0" />
<p fId="1" fbTx="88.70524146" lbTx="88.70524706" tId="2" fbRx="88.70525362" lbRx="0" />
<p fId="1" fbTx="88.70524146" lbTx="88.70524706" tId="2" fbRx="88.70525362" lbRx="0" />
<p fId="1" fbTx="88.70525502" lbTx="88.70526062" tId="0" fbRx="88.70526718" lbRx="0" />
<p fId="1" fbTx="88.70525502" lbTx="88.70526062" tId="2" fbRx="88.70526718" lbRx="0" />
<p fId="1" fbTx="88.70525502" lbTx="88.70526062" tId="2" fbRx="88.70526718" lbRx="0" />
<p fId="1" fbTx="88.70527658" lbTx="88.70528218" tId="0" fbRx="88.70528874" lbRx="0" />
<p fId="1" fbTx="88.70527658" lbTx="88.70528218" tId="2" fbRx="88.70528874" lbRx="0" />
<p fId="1" fbTx="88.70527658" lbTx="88.70528218" tId="2" fbRx="88.70528874" lbRx="0" />
<p fId="1" fbTx="88.70529114" lbTx="88.70529674" tId="0" fbRx="88.7053033" lbRx="0" />
<p fId="1" fbTx="88.70529114" lbTx="88.70529674" tId="2" fbRx="88.7053033" lbRx="0" />
<p fId="1" fbTx="88.70529114" lbTx="88.70529674" tId="2" fbRx="88.7053033" lbRx="0" />
<p fId="1" fbTx="88.7053057" lbTx="88.7053113" tId="0" fbRx="88.70531786" lbRx="0" />
<p fId="1" fbTx="88.7053057" lbTx="88.7053113" tId="2" fbRx="88.70531786" lbRx="0" />
<p fId="1" fbTx="88.7053057" lbTx="88.7053113" tId="2" fbRx="88.70531786" lbRx="0" />
<p fId="2" fbTx="88.70573618" lbTx="88.70578466" tId="0" fbRx="88.70579122" lbRx="0" />
<p fId="2" fbTx="88.70573618" lbTx="88.70578466" tId="1" fbRx="88.70579122" lbRx="0" />
<p fId="2" fbTx="88.70573618" lbTx="88.70578466" tId="1" fbRx="88.70579122" lbRx="0" />
<p fId="2" fbTx="88.70579962" lbTx="88.7058481" tId="0" fbRx="88.70585466" lbRx="0" />
<p fId="2" fbTx="88.70579962" lbTx="88.7058481" tId="1" fbRx="88.70585466" lbRx="0" />
<p fId="2" fbTx="88.70579962" lbTx="88.7058481" tId="1" fbRx="88.70585466" lbRx="0" />
<p fId="1" fbTx="88.70585566" lbTx="88.70586126" tId="0" fbRx="88.70586782" lbRx="0" />
<p fId="1" fbTx="88.70585566" lbTx="88.70586126" tId="2" fbRx="88.70586782" lbRx="0" />
<p fId="1" fbTx="88.70585566" lbTx="88.70586126" tId="2" fbRx="88.70586782" lbRx="0" />
<p fId="2" fbTx="88.70588506" lbTx="88.70593354" tId="0" fbRx="88.7059401" lbRx="0" />
<p fId="2" fbTx="88.70588506" lbTx="88.70593354" tId="1" fbRx="88.7059401" lbRx="0" />
<p fId="2" fbTx="88.70588506" lbTx="88.70593354" tId="1" fbRx="88.7059401" lbRx="0" />
<p fId="2" fbTx="88.7059405" lbTx="88.70598898" tId="0" fbRx="88.70599554" lbRx="0" />
<p fId="2" fbTx="88.7059405" lbTx="88.70598898" tId="1" fbRx="88.70599554" lbRx="0" />
<p fId="2" fbTx="88.7059405" lbTx="88.70598898" tId="1" fbRx="88.70599554" lbRx="0" />
<p fId="2" fbTx="88.70599594" lbTx="88.70604442" tId="0" fbRx="88.70605098" lbRx="0" />
<p fId="2" fbTx="88.70599594" lbTx="88.70604442" tId="1" fbRx="88.70605098" lbRx="0" />
<p fId="2" fbTx="88.70599594" lbTx="88.70604442" tId="1" fbRx="88.70605098" lbRx="0" />
<p fId="2" fbTx="88.70605338" lbTx="88.70610186" tId="0" fbRx="88.70610842" lbRx="0" />
<p fId="2" fbTx="88.70605338" lbTx="88.70610186" tId="1" fbRx="88.70610842" lbRx="0" />
<p fId="2" fbTx="88.70605338" lbTx="88.70610186" tId="1" fbRx="88.70610842" lbRx="0" />
<p fId="2" fbTx="88.70610882" lbTx="88.7061573" tId="0" fbRx="88.70616386" lbRx="0" />
<p fId="2" fbTx="88.70610882" lbTx="88.7061573" tId="1" fbRx="88.70616386" lbRx="0" />
<p fId="2" fbTx="88.70610882" lbTx="88.7061573" tId="1" fbRx="88.70616386" lbRx="0" />
<p fId="2" fbTx="88.70616626" lbTx="88.70621474" tId="0" fbRx="88.7062213" lbRx="0" />
<p fId="2" fbTx="88.70616626" lbTx="88.70621474" tId="1" fbRx="88.7062213" lbRx="0" />
<p fId="2" fbTx="88.70616626" lbTx="88.70621474" tId="1" fbRx="88.7062213" lbRx="0" />
<p fId="2" fbTx="88.7062227" lbTx="88.70623142" tId="0" fbRx="88.70623798" lbRx="0" />
<p fId="2" fbTx="88.7062227" lbTx="88.70623142" tId="1" fbRx="88.70623798" lbRx="0" />
<p fId="2" fbTx="88.7062227" lbTx="88.70623142" tId="1" fbRx="88.70623798" lbRx="0" />
<p fId="1" fbTx="88.70625454" lbTx="88.70626014" tId="0" fbRx="88.7062667" lbRx="0" />
<p fId="1" fbTx="88.70625454" lbTx="88.70626014" tId="2" fbRx="88.7062667" lbRx="0" />
<p fId="1" fbTx="88.70625454" lbTx="88.70626014" tId="2" fbRx="88.7062667" lbRx="0" />
<p fId="1" fbTx="88.7062691" lbTx="88.7062747" tId="0" fbRx="88.70628126" lbRx="0" />
<p fId="1" fbTx="88.7062691" lbTx="88.7062747" tId="2" fbRx="88.70628126" lbRx="0" />
<p fId="1" fbTx="88.7062691" lbTx="88.7062747" tId="2" fbRx="88.70628126" lbRx="0" />
<p fId="1" fbTx="88.70628366" lbTx="88.70628926" tId="0" fbRx="88.70629582" lbRx="0" />
<p fId="1" fbTx="88.70628366" lbTx="88.70628926" tId="2" fbRx="88.70629582" lbRx="0" />
<p fId="1" fbTx="88.70628366" lbTx="88.70628926" tId="2" fbRx="88.70629582" lbRx="0" />
<p fId="1" fbTx="88.90623798" lbTx="88.90624358" tId="0" fbRx="88.90625014" lbRx="0" />
<p fId="1" fbTx="88.90623798" lbTx="88.90624358" tId="2" fbRx="88.90625014" lbRx="0" />
<p fId="1" fbTx="88.90623798" lbTx="88.90624358" tId="2" fbRx="88.90625014" lbRx="0" />
<p fId="0" fbTx="91.07785858" lbTx="91.07789218" tId="1" fbRx="91.07789874" lbRx="0" />
<p fId="0" fbTx="91.07785858" lbTx="91.07789218" tId="2" fbRx="91.07789874" lbRx="0" />
<p fId="0" fbTx="91.07785858" lbTx="91.07789218" tId="2" fbRx="91.07789874" lbRx="0" />
<p fId="2" fbTx="91.07789874" lbTx="91.07794722" tId="0" fbRx="91.07795378" lbRx="0" />
<p fId="2" fbTx="91.07789874" lbTx="91.07794722" tId="0" fbRx="91.07795378" lbRx="0" />
<p fId="2" fbTx="91.07789874" lbTx="91.07794722" tId="1" fbRx="91.07795378" lbRx="0" />
<p fId="2" fbTx="91.07795818" lbTx="91.07800666" tId="0" fbRx="91.07801322" lbRx="0" />
<p fId="2" fbTx="91.07795818" lbTx="91.07800666" tId="0" fbRx="91.07801322" lbRx="0" />
<p fId="2" fbTx="91.07795818" lbTx="91.07800666" tId="1" fbRx="91.07801322" lbRx="0" />
<p fId="0" fbTx="91.07801422" lbTx="91.07801982" tId="1" fbRx="91.07802638" lbRx="0" />
<p fId="0" fbTx="91.07801422" lbTx="91.07801982" tId="2" fbRx="91.07802638" lbRx="0" />
<p fId="0" fbTx="91.07801422" lbTx="91.07801982" tId="2" fbRx="91.07802638" lbRx="0" />
<p fId="2" fbTx="91.07802762" lbTx="91.0780761" tId="0" fbRx="91.07808266" lbRx="0" />
<p fId="2" fbTx="91.07802762" lbTx="91.0780761" tId="0" fbRx="91.07808266" lbRx="0" />
<p fId="2" fbTx="91.07802762" lbTx="91.0780761" tId="1" fbRx="91.07808266" lbRx="0" />
<p fId="2" fbTx="91.07808406" lbTx="91.07813254" tId="0" fbRx="91.0781391" lbRx="0" />
<p fId="2" fbTx="91.07808406" lbTx="91.07813254" tId="0" fbRx="91.0781391" lbRx="0" />
<p fId="2" fbTx="91.07808406" lbTx="91.07813254" tId="1" fbRx="91.0781391" lbRx="0" />
<p fId="0" fbTx="91.0781401" lbTx="91.0781457" tId="1" fbRx="91.07815226" lbRx="0" />
<p fId="0" fbTx="91.0781401" lbTx="91.0781457" tId="2" fbRx="91.07815226" lbRx="0" />
<p fId="0" fbTx="91.0781401" lbTx="91.0781457" tId="2" fbRx="91.07815226" lbRx="0" />
<p fId="2" fbTx="91.0781765" lbTx="91.07822498" tId="0" fbRx="91.07823154" lbRx="0" />
<p fId="2" fbTx="91.0781765" lbTx="91.07822498" tId="0" fbRx="91.07823154" lbRx="0" />
<p fId="2" fbTx="91.0781765" lbTx="91.07822498" tId="1" fbRx="91.07823154" lbRx="0" />
<p fId="2" fbTx="91.07823894" lbTx="91.07828742" tId="0" fbRx="91.07829398" lbRx="0" />
<p fId="2" fbTx="91.07823894" lbTx="91.07828742" tId="0" fbRx="91.07829398" lbRx="0" />
<p fId="2" fbTx="91.07823894" lbTx="91.07828742" tId="1" fbRx="91.07829398" lbRx="0" />
<p fId="0" fbTx="91.07829498" lbTx="91.07830058" tId="1" fbRx="91.07830714" lbRx="0" />
<p fId="0" fbTx="91.07829498" lbTx="91.07830058" tId="2" fbRx="91.07830714" lbRx="0" />
<p fId="0" fbTx="91.07829498" lbTx="91.07830058" tId="2" fbRx="91.07830714" lbRx="0" />
<p fId="2" fbTx="91.07834638" lbTx="91.07839486" tId="0" fbRx="91.07840142" lbRx="0" />
<p fId="2" fbTx="91.07834638" lbTx="91.07839486" tId="0" fbRx="91.07840142" lbRx="0" />
<p fId="2" fbTx="91.07834638" lbTx="91.07839486" tId="1" fbRx="91.07840142" lbRx="0" />
<p fId="2" fbTx="91.07841082" lbTx="91.0784593" tId="0" fbRx="91.07846586" lbRx="0" />
<p fId="2" fbTx="91.07841082" lbTx="91.0784593" tId="0" fbRx="91.07846586" lbRx="0" />
<p fId="2" fbTx="91.07841082" lbTx="91.0784593" tId="1" fbRx="91.07846586" lbRx="0" />
<p fId="0" fbTx="91.07846686" lbTx="91.07847246" tId="1" fbRx="91.07847902" lbRx="0" />
<p fId="0" fbTx="91.07846686" lbTx="91.07847246" tId="2" fbRx="91.07847902" lbRx="0" />
<p fId="0" fbTx="91.07846686" lbTx="91.07847246" tId="2" fbRx="91.07847902" lbRx="0" />
<p fId="2" fbTx="91.07850726" lbTx="91.07855574" tId="0" fbRx="91.0785623" lbRx="0" />
<p fId="2" fbTx="91.07850726" lbTx="91.07855574" tId="0" fbRx="91.0785623" lbRx="0" />
<p fId="2" fbTx="91.07850726" lbTx="91.07855574" tId="1" fbRx="91.0785623" lbRx="0" />
<p fId="2" fbTx="91.0785727" lbTx="91.07862118" tId="0" fbRx="91.07862774" lbRx="0" />
<p fId="2" fbTx="91.0785727" lbTx="91.07862118" tId="0" fbRx="91.07862774" lbRx="0" />
<p fId="2" fbTx="91.0785727" lbTx="91.07862118" tId="1" fbRx="91.07862774" lbRx="0" />
<p fId="0" fbTx="91.07862874" lbTx="91.07863434" tId="1" fbRx="91.0786409" lbRx="0" />
<p fId="0" fbTx="91.07862874" lbTx="91.07863434" tId="2" fbRx="91.0786409" lbRx="0" />
<p fId="0" fbTx="91.07862874" lbTx="91.07863434" tId="2" fbRx="91.0786409" lbRx="0" />
<p fId="2" fbTx="91.07865414" lbTx="91.07870262" tId="0" fbRx="91.07870918" lbRx="0" />
<p fId="2" fbTx="91.07865414" lbTx="91.07870262" tId="0" fbRx="91.07870918" lbRx="0" />
<p fId="2" fbTx="91.07865414" lbTx="91.07870262" tId="1" fbRx="91.07870918" lbRx="0" />
<p fId="2" fbTx="91.07871858" lbTx="91.07876706" tId="0" fbRx="91.07877362" lbRx="0" />
<p fId="2" fbTx="91.07871858" lbTx="91.07876706" tId="0" fbRx="91.07877362" lbRx="0" />
<p fId="2" fbTx="91.07871858" lbTx="91.07876706" tId="1" fbRx="91.07877362" lbRx="0" />
<p fId="0" fbTx="91.07877462" lbTx="91.07878022" tId="1" fbRx="91.07878678" lbRx="0" />
<p fId="0" fbTx="91.07877462" lbTx="91.07878022" tId="2" fbRx="91.07878678" lbRx="0" />
<p fId="0" fbTx="91.07877462" lbTx="91.07878022" tId="2" fbRx="91.07878678" lbRx="0" />
<p fId="2" fbTx="91.07878702" lbTx="91.0788355" tId="0" fbRx="91.07884206" lbRx="0" />
<p fId="2" fbTx="91.07878702" lbTx="91.0788355" tId="0" fbRx="91.07884206" lbRx="0" />
<p fId="2" fbTx="91.07878702" lbTx="91.0788355" tId="1" fbRx="91.07884206" lbRx="0" />
<p fId="2" fbTx="91.07884446" lbTx="91.07889294" tId="0" fbRx="91.0788995" lbRx="0" />
<p fId="2" fbTx="91.07884446" lbTx="91.07889294" tId="0" fbRx="91.0788995" lbRx="0" />
<p fId="2" fbTx="91.07884446" lbTx="91.07889294" tId="1" fbRx="91.0788995" lbRx="0" />
<p fId="0" fbTx="91.0789005" lbTx="91.0789061" tId="1" fbRx="91.07891266" lbRx="0" />
<p fId="0" fbTx="91.0789005" lbTx="91.0789061" tId="2" fbRx="91.07891266" lbRx="0" />
<p fId="0" fbTx="91.0789005" lbTx="91.0789061" tId="2" fbRx="91.07891266" lbRx="0" />
<p fId="2" fbTx="91.0789229" lbTx="91.07897138" tId="0" fbRx="91.07897794" lbRx="0" />
<p fId="2" fbTx="91.0789229" lbTx="91.07897138" tId="0" fbRx="91.07897794" lbRx="0" />
<p fId="2" fbTx="91.0789229" lbTx="91.07897138" tId="1" fbRx="91.07897794" lbRx="0" />
<p fId="2" fbTx="91.07899134" lbTx="91.07903982" tId="0" fbRx="91.07904638" lbRx="0" />
<p fId="2" fbTx="91.07899134" lbTx="91.07903982" tId="0" fbRx="91.07904638" lbRx="0" />
<p fId="2" fbTx="91.07899134" lbTx="91.07903982" tId="1" fbRx="91.07904638" lbRx="0" />
<p fId="0" fbTx="91.07904738" lbTx="91.07905298" tId="1" fbRx="91.07905954" lbRx="0" />
<p fId="0" fbTx="91.07904738" lbTx="91.07905298" tId="2" fbRx="91.07905954" lbRx="0" />
<p fId="0" fbTx="91.07904738" lbTx="91.07905298" tId="2" fbRx="91.07905954" lbRx="0" />
<p fId="2" fbTx="91.07908378" lbTx="91.07913226" tId="0" fbRx="91.07913882" lbRx="0" />
<p fId="2" fbTx="91.07908378" lbTx="91.07913226" tId="0" fbRx="91.07913882" lbRx="0" />
<p fId="2" fbTx="91.07908378" lbTx="91.07913226" tId="1" fbRx="91.07913882" lbRx="0" />
<p fId="2" fbTx="91.07916622" lbTx="91.0792147" tId="0" fbRx="91.07922126" lbRx="0" />
<p fId="2" fbTx="91.07916622" lbTx="91.0792147" tId="0" fbRx="91.07922126" lbRx="0" />
<p fId="2" fbTx="91.07916622" lbTx="91.0792147" tId="1" fbRx="91.07922126" lbRx="0" />
<p fId="0" fbTx="91.07922226" lbTx="91.07922786" tId="1" fbRx="91.07923442" lbRx="0" />
<p fId="0" fbTx="91.07922226" lbTx="91.07922786" tId="2" fbRx="91.07923442" lbRx="0" />
<p fId="0" fbTx="91.07922226" lbTx="91.07922786" tId="2" fbRx="91.07923442" lbRx="0" />
<p fId="2" fbTx="91.07924166" lbTx="91.07929014" tId="0" fbRx="91.0792967" lbRx="0" />
<p fId="2" fbTx="91.07924166" lbTx="91.07929014" tId="0" fbRx="91.0792967" lbRx="0" />
<p fId="2" fbTx="91.07924166" lbTx="91.07929014" tId="1" fbRx="91.0792967" lbRx="0" />
<p fId="2" fbTx="91.0792991" lbTx="91.07934758" tId="0" fbRx="91.07935414" lbRx="0" />
<p fId="2" fbTx="91.0792991" lbTx="91.07934758" tId="0" fbRx="91.07935414" lbRx="0" />
<p fId="2" fbTx="91.0792991" lbTx="91.07934758" tId="1" fbRx="91.07935414" lbRx="0" />
<p fId="0" fbTx="91.07935514" lbTx="91.07936074" tId="1" fbRx="91.0793673" lbRx="0" />
<p fId="0" fbTx="91.07935514" lbTx="91.07936074" tId="2" fbRx="91.0793673" lbRx="0" />
<p fId="0" fbTx="91.07935514" lbTx="91.07936074" tId="2" fbRx="91.0793673" lbRx="0" />
<p fId="2" fbTx="91.07938254" lbTx="91.07943102" tId="0" fbRx="91.07943758" lbRx="0" />
<p fId="2" fbTx="91.07938254" lbTx="91.07943102" tId="0" fbRx="91.07943758" lbRx="0" />
<p fId="2" fbTx="91.07938254" lbTx="91.07943102" tId="1" fbRx="91.07943758" lbRx="0" />
<p fId="2" fbTx="91.07944098" lbTx="91.07948946" tId="0" fbRx="91.07949602" lbRx="0" />
<p fId="2" fbTx="91.07944098" lbTx="91.07948946" tId="0" fbRx="91.07949602" lbRx="0" />
<p fId="2" fbTx="91.07944098" lbTx="91.07948946" tId="1" fbRx="91.07949602" lbRx="0" />
<p fId="0" fbTx="91.07949702" lbTx="91.07950262" tId="1" fbRx="91.07950918" lbRx="0" />
<p fId="0" fbTx="91.07949702" lbTx="91.07950262" tId="2" fbRx="91.07950918" lbRx="0" />
<p fId="0" fbTx="91.07949702" lbTx="91.07950262" tId="2" fbRx="91.07950918" lbRx="0" />
<p fId="2" fbTx="91.07955442" lbTx="91.0796029" tId="0" fbRx="91.07960946" lbRx="0" />
<p fId="2" fbTx="91.07955442" lbTx="91.0796029" tId="0" fbRx="91.07960946" lbRx="0" />
<p fId="2" fbTx="91.07955442" lbTx="91.0796029" tId="1" fbRx="91.07960946" lbRx="0" />
<p fId="2" fbTx="91.07961086" lbTx="91.07965934" tId="0" fbRx="91.0796659" lbRx="0" />
<p fId="2" fbTx="91.07961086" lbTx="91.07965934" tId="0" fbRx="91.0796659" lbRx="0" />
<p fId="2" fbTx="91.07961086" lbTx="91.07965934" tId="1" fbRx="91.0796659" lbRx="0" />
<p fId="0" fbTx="91.0796669" lbTx="91.0796725" tId="1" fbRx="91.07967906" lbRx="0" />
<p fId="0" fbTx="91.0796669" lbTx="91.0796725" tId="2" fbRx="91.07967906" lbRx="0" />
<p fId="0" fbTx="91.0796669" lbTx="91.0796725" tId="2" fbRx="91.07967906" lbRx="0" />
<p fId="2" fbTx="91.0796853" lbTx="91.07973378" tId="0" fbRx="91.07974034" lbRx="0" />
<p fId="2" fbTx="91.0796853" lbTx="91.07973378" tId="0" fbRx="91.07974034" lbRx="0" />
<p fId="2" fbTx="91.0796853" lbTx="91.07973378" tId="1" fbRx="91.07974034" lbRx="0" />
<p fId="2" fbTx="91.07974174" lbTx="91.07979022" tId="0" fbRx="91.07979678" lbRx="0" />
<p fId="2" fbTx="91.07974174" lbTx="91.07979022" tId="0" fbRx="91.07979678" lbRx="0" />
<p fId="2" fbTx="91.07974174" lbTx="91.07979022" tId="1" fbRx="91.07979678" lbRx="0" />
<p fId="0" fbTx="91.07979778" lbTx="91.07980338" tId="1" fbRx="91.07980994" lbRx="0" />
<p fId="0" fbTx="91.07979778" lbTx="91.07980338" tId="2" fbRx="91.07980994" lbRx="0" />
<p fId="0" fbTx="91.07979778" lbTx="91.07980338" tId="2" fbRx="91.07980994" lbRx="0" />
<p fId="2" fbTx="91.07981818" lbTx="91.07986666" tId="0" fbRx="91.07987322" lbRx="0" />
<p fId="2" fbTx="91.07981818" lbTx="91.07986666" tId="0" fbRx="91.07987322" lbRx="0" />
<p fId="2" fbTx="91.07981818" lbTx="91.07986666" tId="1" fbRx="91.07987322" lbRx="0" />
<p fId="2" fbTx="91.07987562" lbTx="91.0799241" tId="0" fbRx="91.07993066" lbRx="0" />
<p fId="2" fbTx="91.07987562" lbTx="91.0799241" tId="0" fbRx="91.07993066" lbRx="0" />
<p fId="2" fbTx="91.07987562" lbTx="91.0799241" tId="1" fbRx="91.07993066" lbRx="0" />
<p fId="2" fbTx="91.07993106" lbTx="91.07997954" tId="0" fbRx="91.0799861" lbRx="0" />
<p fId="2" fbTx="91.07993106" lbTx="91.07997954" tId="0" fbRx="91.0799861" lbRx="0" />
<p fId="2" fbTx="91.07993106" lbTx="91.07997954" tId="1" fbRx="91.0799861" lbRx="0" />
<p fId="2" fbTx="91.0799885" lbTx="91.08003698" tId="0" fbRx="91.08004354" lbRx="0" />
<p fId="2" fbTx="91.0799885" lbTx="91.08003698" tId="0" fbRx="91.08004354" lbRx="0" />
<p fId="2" fbTx="91.0799885" lbTx="91.08003698" tId="1" fbRx="91.08004354" lbRx="0" />
<p fId="2" fbTx="91.08004594" lbTx="91.08009442" tId="0" fbRx="91.08010098" lbRx="0" />
<p fId="2" fbTx="91.08004594" lbTx="91.08009442" tId="0" fbRx="91.08010098" lbRx="0" />
<p fId="2" fbTx="91.08004594" lbTx="91.08009442" tId="1" fbRx="91.08010098" lbRx="0" />
<p fId="2" fbTx="91.08010338" lbTx="91.08015186" tId="0" fbRx="91.08015842" lbRx="0" />
<p fId="2" fbTx="91.08010338" lbTx="91.08015186" tId="0" fbRx="91.08015842" lbRx="0" />
<p fId="2" fbTx="91.08010338" lbTx="91.08015186" tId="1" fbRx="91.08015842" lbRx="0" />
<p fId="2" fbTx="91.08016182" lbTx="91.0802103" tId="0" fbRx="91.08021686" lbRx="0" />
<p fId="2" fbTx="91.08016182" lbTx="91.0802103" tId="0" fbRx="91.08021686" lbRx="0" />
<p fId="2" fbTx="91.08016182" lbTx="91.0802103" tId="1" fbRx="91.08021686" lbRx="0" />
<p fId="2" fbTx="91.08021926" lbTx="91.08026774" tId="0" fbRx="91.0802743" lbRx="0" />
<p fId="2" fbTx="91.08021926" lbTx="91.08026774" tId="0" fbRx="91.0802743" lbRx="0" />
<p fId="2" fbTx="91.08021926" lbTx="91.08026774" tId="1" fbRx="91.0802743" lbRx="0" />
<p fId="2" fbTx="91.0802747" lbTx="91.08032318" tId="0" fbRx="91.08032974" lbRx="0" />
<p fId="2" fbTx="91.0802747" lbTx="91.08032318" tId="0" fbRx="91.08032974" lbRx="0" />
<p fId="2" fbTx="91.0802747" lbTx="91.08032318" tId="1" fbRx="91.08032974" lbRx="0" />
<p fId="2" fbTx="91.08033314" lbTx="91.08038162" tId="0" fbRx="91.08038818" lbRx="0" />
<p fId="2" fbTx="91.08033314" lbTx="91.08038162" tId="0" fbRx="91.08038818" lbRx="0" />
<p fId="2" fbTx="91.08033314" lbTx="91.08038162" tId="1" fbRx="91.08038818" lbRx="0" />
<p fId="2" fbTx="91.08039158" lbTx="91.08044006" tId="0" fbRx="91.08044662" lbRx="0" />
<p fId="2" fbTx="91.08039158" lbTx="91.08044006" tId="0" fbRx="91.08044662" lbRx="0" />
<p fId="2" fbTx="91.08039158" lbTx="91.08044006" tId="1" fbRx="91.08044662" lbRx="0" />
<p fId="2" fbTx="91.08044702" lbTx="91.0804955" tId="0" fbRx="91.08050206" lbRx="0" />
<p fId="2" fbTx="91.08044702" lbTx="91.0804955" tId="0" fbRx="91.08050206" lbRx="0" />
<p fId="2" fbTx="91.08044702" lbTx="91.0804955" tId="1" fbRx="91.08050206" lbRx="0" />
<p fId="2" fbTx="91.08051046" lbTx="91.08055894" tId="0" fbRx="91.0805655" lbRx="0" />
<p fId="2" fbTx="91.08051046" lbTx="91.08055894" tId="0" fbRx="91.0805655" lbRx="0" />
<p fId="2" fbTx="91.08051046" lbTx="91.08055894" tId="1" fbRx="91.0805655" lbRx="0" />
<p fId="2" fbTx="91.0805749" lbTx="91.08062338" tId="0" fbRx="91.08062994" lbRx="0" />
<p fId="2" fbTx="91.0805749" lbTx="91.08062338" tId="0" fbRx="91.08062994" lbRx="0" />
<p fId="2" fbTx="91.0805749" lbTx="91.08062338" tId="1" fbRx="91.08062994" lbRx="0" />
<p fId="2" fbTx="91.08063334" lbTx="91.08068182" tId="0" fbRx="91.08068838" lbRx="0" />
<p fId="2" fbTx="91.08063334" lbTx="91.08068182" tId="0" fbRx="91.08068838" lbRx="0" />
<p fId="2" fbTx="91.08063334" lbTx="91.08068182" tId="1" fbRx="91.08068838" lbRx="0" />
<p fId="2" fbTx="91.08068978" lbTx="91.08073826" tId="0" fbRx="91.08074482" lbRx="0" />
<p fId="2" fbTx="91.08068978" lbTx="91.08073826" tId="0" fbRx="91.08074482" lbRx="0" />
<p fId="2" fbTx="91.08068978" lbTx="91.08073826" tId="1" fbRx="91.08074482" lbRx="0" />
<p fId="2" fbTx="91.08075122" lbTx="91.0807997" tId="0" fbRx="91.08080626" lbRx="0" />
<p fId="2" fbTx="91.08075122" lbTx="91.0807997" tId="0" fbRx="91.08080626" lbRx="0" />
<p fId="2" fbTx="91.08075122" lbTx="91.0807997" tId="1" fbRx="91.08080626" lbRx="0" />
<p fId="0" fbTx="91.08081466" lbTx="91.08082026" tId="1" fbRx="91.08082682" lbRx="0" />
<p fId="0" fbTx="91.08081466" lbTx="91.08082026" tId="2" fbRx="91.08082682" lbRx="0" />
<p fId="0" fbTx="91.08081466" lbTx="91.08082026" tId="2" fbRx="91.08082682" lbRx="0" />
<p fId="0" fbTx="91.08082822" lbTx="91.08083382" tId="1" fbRx="91.08084038" lbRx="0" />
<p fId="0" fbTx="91.08082822" lbTx="91.08083382" tId="2" fbRx="91.08084038" lbRx="0" />
<p fId="0" fbTx="91.08082822" lbTx="91.08083382" tId="2" fbRx="91.08084038" lbRx="0" />
<p fId="0" fbTx="91.08084378" lbTx="91.08084938" tId="1" fbRx="91.08085594" lbRx="0" />
<p fId="0" fbTx="91.08084378" lbTx="91.08084938" tId="2" fbRx="91.08085594" lbRx="0" />
<p fId="0" fbTx="91.08084378" lbTx="91.08084938" tId="2" fbRx="91.08085594" lbRx="0" />
<p fId="0" fbTx="91.08085934" lbTx="91.08086494" tId="1" fbRx="91.0808715" lbRx="0" />
<p fId="0" fbTx="91.08085934" lbTx="91.08086494" tId="2" fbRx="91.0808715" lbRx="0" />
<p fId="0" fbTx="91.08085934" lbTx="91.08086494" tId="2" fbRx="91.0808715" lbRx="0" />
<p fId="0" fbTx="91.0808769" lbTx="91.0808825" tId="1" fbRx="91.08088906" lbRx="0" />
<p fId="0" fbTx="91.0808769" lbTx="91.0808825" tId="2" fbRx="91.08088906" lbRx="0" />
<p fId="0" fbTx="91.0808769" lbTx="91.0808825" tId="2" fbRx="91.08088906" lbRx="0" />
<p fId="0" fbTx="91.08089146" lbTx="91.08089706" tId="1" fbRx="91.08090362" lbRx="0" />
<p fId="0" fbTx="91.08089146" lbTx="91.08089706" tId="2" fbRx="91.08090362" lbRx="0" />
<p fId="0" fbTx="91.08089146" lbTx="91.08089706" tId="2" fbRx="91.08090362" lbRx="0" />
<p fId="0" fbTx="91.08090502" lbTx="91.08091062" tId="1" fbRx="91.08091718" lbRx="0" />
<p fId="0" fbTx="91.08090502" lbTx="91.08091062" tId="2" fbRx="91.08091718" lbRx="0" />
<p fId="0" fbTx="91.08090502" lbTx="91.08091062" tId="2" fbRx="91.08091718" lbRx="0" />
<p fId="0" fbTx="91.08092058" lbTx="91.08092618" tId="1" fbRx="91.08093274" lbRx="0" />
<p fId="0" fbTx="91.08092058" lbTx="91.08092618" tId="2" fbRx="91.08093274" lbRx="0" />
<p fId="0" fbTx="91.08092058" lbTx="91.08092618" tId="2" fbRx="91.08093274" lbRx="0" />
<p fId="2" fbTx="91.08109466" lbTx="91.08114314" tId="0" fbRx="91.0811497" lbRx="0" />
<p fId="2" fbTx="91.08109466" lbTx="91.08114314" tId="0" fbRx="91.0811497" lbRx="0" />
<p fId="2" fbTx="91.08109466" lbTx="91.08114314" tId="1" fbRx="91.0811497" lbRx="0" />
<p fId="0" fbTx="91.0811507" lbTx="91.0811563" tId="1" fbRx="91.08116286" lbRx="0" />
<p fId="0" fbTx="91.0811507" lbTx="91.0811563" tId="2" fbRx="91.08116286" lbRx="0" />
<p fId="0" fbTx="91.0811507" lbTx="91.0811563" tId="2" fbRx="91.08116286" lbRx="0" />
<p fId="2" fbTx="91.0811901" lbTx="91.08123858" tId="0" fbRx="91.08124514" lbRx="0" />
<p fId="2" fbTx="91.0811901" lbTx="91.08123858" tId="0" fbRx="91.08124514" lbRx="0" />
<p fId="2" fbTx="91.0811901" lbTx="91.08123858" tId="1" fbRx="91.08124514" lbRx="0" />
<p fId="2" fbTx="91.08124754" lbTx="91.08129602" tId="0" fbRx="91.08130258" lbRx="0" />
<p fId="2" fbTx="91.08124754" lbTx="91.08129602" tId="0" fbRx="91.08130258" lbRx="0" />
<p fId="2" fbTx="91.08124754" lbTx="91.08129602" tId="1" fbRx="91.08130258" lbRx="0" />
<p fId="2" fbTx="91.08130298" lbTx="91.08135146" tId="0" fbRx="91.08135802" lbRx="0" />
<p fId="2" fbTx="91.08130298" lbTx="91.08135146" tId="0" fbRx="91.08135802" lbRx="0" />
<p fId="2" fbTx="91.08130298" lbTx="91.08135146" tId="1" fbRx="91.08135802" lbRx="0" />
<p fId="2" fbTx="91.08136342" lbTx="91.0814119" tId="0" fbRx="91.08141846" lbRx="0" />
<p fId="2" fbTx="91.08136342" lbTx="91.0814119" tId="0" fbRx="91.08141846" lbRx="0" />
<p fId="2" fbTx="91.08136342" lbTx="91.0814119" tId="1" fbRx="91.08141846" lbRx="0" />
<p fId="0" fbTx="91.08141958" lbTx="91.08142518" tId="1" fbRx="91.08143174" lbRx="0" />
<p fId="0" fbTx="91.08141958" lbTx="91.08142518" tId="2" fbRx="91.08143174" lbRx="0" />
<p fId="0" fbTx="91.08141958" lbTx="91.08142518" tId="2" fbRx="91.08143174" lbRx="0" />
<p fId="2" fbTx="91.08143186" lbTx="91.08148034" tId="0" fbRx="91.0814869" lbRx="0" />
<p fId="2" fbTx="91.08143186" lbTx="91.08148034" tId="0" fbRx="91.0814869" lbRx="0" />
<p fId="2" fbTx="91.08143186" lbTx="91.08148034" tId="1" fbRx="91.0814869" lbRx="0" />
<p fId="2" fbTx="91.0814903" lbTx="91.08153878" tId="0" fbRx="91.08154534" lbRx="0" />
<p fId="2" fbTx="91.0814903" lbTx="91.08153878" tId="0" fbRx="91.08154534" lbRx="0" />
<p fId="2" fbTx="91.0814903" lbTx="91.08153878" tId="1" fbRx="91.08154534" lbRx="0" />
<p fId="2" fbTx="91.08154674" lbTx="91.08159522" tId="0" fbRx="91.08160178" lbRx="0" />
<p fId="2" fbTx="91.08154674" lbTx="91.08159522" tId="0" fbRx="91.08160178" lbRx="0" />
<p fId="2" fbTx="91.08154674" lbTx="91.08159522" tId="1" fbRx="91.08160178" lbRx="0" />
<p fId="2" fbTx="91.08160318" lbTx="91.08165166" tId="0" fbRx="91.08165822" lbRx="0" />
<p fId="2" fbTx="91.08160318" lbTx="91.08165166" tId="0" fbRx="91.08165822" lbRx="0" />
<p fId="2" fbTx="91.08160318" lbTx="91.08165166" tId="1" fbRx="91.08165822" lbRx="0" />
<p fId="2" fbTx="91.08166062" lbTx="91.0817091" tId="0" fbRx="91.08171566" lbRx="0" />
<p fId="2" fbTx="91.08166062" lbTx="91.0817091" tId="0" fbRx="91.08171566" lbRx="0" />
<p fId="2" fbTx="91.08166062" lbTx="91.0817091" tId="1" fbRx="91.08171566" lbRx="0" />
<p fId="2" fbTx="91.08171606" lbTx="91.08176454" tId="0" fbRx="91.0817711" lbRx="0" />
<p fId="2" fbTx="91.08171606" lbTx="91.08176454" tId="0" fbRx="91.0817711" lbRx="0" />
<p fId="2" fbTx="91.08171606" lbTx="91.08176454" tId="1" fbRx="91.0817711" lbRx="0" />
<p fId="2" fbTx="91.0817715" lbTx="91.08181998" tId="0" fbRx="91.08182654" lbRx="0" />
<p fId="2" fbTx="91.0817715" lbTx="91.08181998" tId="0" fbRx="91.08182654" lbRx="0" />
<p fId="2" fbTx="91.0817715" lbTx="91.08181998" tId="1" fbRx="91.08182654" lbRx="0" />
<p fId="2" fbTx="91.08183094" lbTx="91.08187942" tId="0" fbRx="91.08188598" lbRx="0" />
<p fId="2" fbTx="91.08183094" lbTx="91.08187942" tId="0" fbRx="91.08188598" lbRx="0" />
<p fId="2" fbTx="91.08183094" lbTx="91.08187942" tId="1" fbRx="91.08188598" lbRx="0" />
<p fId="2" fbTx="91.08188838" lbTx="91.08193686" tId="0" fbRx="91.08194342" lbRx="0" />
<p fId="2" fbTx="91.08188838" lbTx="91.08193686" tId="0" fbRx="91.08194342" lbRx="0" />
<p fId="2" fbTx="91.08188838" lbTx="91.08193686" tId="1" fbRx="91.08194342" lbRx="0" />
<p fId="2" fbTx="91.08194582" lbTx="91.0819943" tId="0" fbRx="91.08200086" lbRx="0" />
<p fId="2" fbTx="91.08194582" lbTx="91.0819943" tId="0" fbRx="91.08200086" lbRx="0" />
<p fId="2" fbTx="91.08194582" lbTx="91.0819943" tId="1" fbRx="91.08200086" lbRx="0" />
<p fId="2" fbTx="91.08201126" lbTx="91.08205974" tId="0" fbRx="91.0820663" lbRx="0" />
<p fId="2" fbTx="91.08201126" lbTx="91.08205974" tId="0" fbRx="91.0820663" lbRx="0" />
<p fId="2" fbTx="91.08201126" lbTx="91.08205974" tId="1" fbRx="91.0820663" lbRx="0" />
<p fId="2" fbTx="91.0820697" lbTx="91.08211818" tId="0" fbRx="91.08212474" lbRx="0" />
<p fId="2" fbTx="91.0820697" lbTx="91.08211818" tId="0" fbRx="91.08212474" lbRx="0" />
<p fId="2" fbTx="91.0820697" lbTx="91.08211818" tId="1" fbRx="91.08212474" lbRx="0" />
<p fId="2" fbTx="91.08212814" lbTx="91.08217662" tId="0" fbRx="91.08218318" lbRx="0" />
<p fId="2" fbTx="91.08212814" lbTx="91.08217662" tId="0" fbRx="91.08218318" lbRx="0" />
<p fId="2" fbTx="91.08212814" lbTx="91.08217662" tId="1" fbRx="91.08218318" lbRx="0" />
<p fId="2" fbTx="91.08218558" lbTx="91.08223406" tId="0" fbRx="91.08224062" lbRx="0" />
<p fId="2" fbTx="91.08218558" lbTx="91.08223406" tId="0" fbRx="91.08224062" lbRx="0" />
<p fId="2" fbTx="91.08218558" lbTx="91.08223406" tId="1" fbRx="91.08224062" lbRx="0" />
<p fId="2" fbTx="91.08224302" lbTx="91.0822915" tId="0" fbRx="91.08229806" lbRx="0" />
<p fId="2" fbTx="91.08224302" lbTx="91.0822915" tId="0" fbRx="91.08229806" lbRx="0" />
<p fId="2" fbTx="91.08224302" lbTx="91.0822915" tId="1" fbRx="91.08229806" lbRx="0" />
<p fId="2" fbTx="91.08230046" lbTx="91.08234894" tId="0" fbRx="91.0823555" lbRx="0" />
<p fId="2" fbTx="91.08230046" lbTx="91.08234894" tId="0" fbRx="91.0823555" lbRx="0" />
<p fId="2" fbTx="91.08230046" lbTx="91.08234894" tId="1" fbRx="91.0823555" lbRx="0" />
<p fId="2" fbTx="91.0823579" lbTx="91.08240638" tId="0" fbRx="91.08241294" lbRx="0" />
<p fId="2" fbTx="91.0823579" lbTx="91.08240638" tId="0" fbRx="91.08241294" lbRx="0" />
<p fId="2" fbTx="91.0823579" lbTx="91.08240638" tId="1" fbRx="91.08241294" lbRx="0" />
<p fId="2" fbTx="91.08241634" lbTx="91.08246482" tId="0" fbRx="91.08247138" lbRx="0" />
<p fId="2" fbTx="91.08241634" lbTx="91.08246482" tId="0" fbRx="91.08247138" lbRx="0" />
<p fId="2" fbTx="91.08241634" lbTx="91.08246482" tId="1" fbRx="91.08247138" lbRx="0" />
<p fId="2" fbTx="91.08248178" lbTx="91.08253026" tId="0" fbRx="91.08253682" lbRx="0" />
<p fId="2" fbTx="91.08248178" lbTx="91.08253026" tId="0" fbRx="91.08253682" lbRx="0" />
<p fId="2" fbTx="91.08248178" lbTx="91.08253026" tId="1" fbRx="91.08253682" lbRx="0" />
<p fId="2" fbTx="91.08253922" lbTx="91.0825877" tId="0" fbRx="91.08259426" lbRx="0" />
<p fId="2" fbTx="91.08253922" lbTx="91.0825877" tId="0" fbRx="91.08259426" lbRx="0" />
<p fId="2" fbTx="91.08253922" lbTx="91.0825877" tId="1" fbRx="91.08259426" lbRx="0" />
<p fId="2" fbTx="91.08259866" lbTx="91.08264714" tId="0" fbRx="91.0826537" lbRx="0" />
<p fId="2" fbTx="91.08259866" lbTx="91.08264714" tId="0" fbRx="91.0826537" lbRx="0" />
<p fId="2" fbTx="91.08259866" lbTx="91.08264714" tId="1" fbRx="91.0826537" lbRx="0" />
<p fId="2" fbTx="91.0826561" lbTx="91.08270458" tId="0" fbRx="91.08271114" lbRx="0" />
<p fId="2" fbTx="91.0826561" lbTx="91.08270458" tId="0" fbRx="91.08271114" lbRx="0" />
<p fId="2" fbTx="91.0826561" lbTx="91.08270458" tId="1" fbRx="91.08271114" lbRx="0" />
<p fId="2" fbTx="91.08271354" lbTx="91.08276202" tId="0" fbRx="91.08276858" lbRx="0" />
<p fId="2" fbTx="91.08271354" lbTx="91.08276202" tId="0" fbRx="91.08276858" lbRx="0" />
<p fId="2" fbTx="91.08271354" lbTx="91.08276202" tId="1" fbRx="91.08276858" lbRx="0" />
<p fId="2" fbTx="91.08277698" lbTx="91.08282546" tId="0" fbRx="91.08283202" lbRx="0" />
<p fId="2" fbTx="91.08277698" lbTx="91.08282546" tId="0" fbRx="91.08283202" lbRx="0" />
<p fId="2" fbTx="91.08277698" lbTx="91.08282546" tId="1" fbRx="91.08283202" lbRx="0" />
<p fId="2" fbTx="91.08283442" lbTx="91.0828829" tId="0" fbRx="91.08288946" lbRx="0" />
<p fId="2" fbTx="91.08283442" lbTx="91.0828829" tId="0" fbRx="91.08288946" lbRx="0" />
<p fId="2" fbTx="91.08283442" lbTx="91.0828829" tId="1" fbRx="91.08288946" lbRx="0" />
<p fId="2" fbTx="91.08288986" lbTx="91.08293834" tId="0" fbRx="91.0829449" lbRx="0" />
<p fId="2" fbTx="91.08288986" lbTx="91.08293834" tId="0" fbRx="91.0829449" lbRx="0" />
<p fId="2" fbTx="91.08288986" lbTx="91.08293834" tId="1" fbRx="91.0829449" lbRx="0" />
<p fId="2" fbTx="91.0829543" lbTx="91.08300278" tId="0" fbRx="91.08300934" lbRx="0" />
<p fId="2" fbTx="91.0829543" lbTx="91.08300278" tId="0" fbRx="91.08300934" lbRx="0" />
<p fId="2" fbTx="91.0829543" lbTx="91.08300278" tId="1" fbRx="91.08300934" lbRx="0" />
<p fId="2" fbTx="91.08301374" lbTx="91.08306222" tId="0" fbRx="91.08306878" lbRx="0" />
<p fId="2" fbTx="91.08301374" lbTx="91.08306222" tId="0" fbRx="91.08306878" lbRx="0" />
<p fId="2" fbTx="91.08301374" lbTx="91.08306222" tId="1" fbRx="91.08306878" lbRx="0" />
<p fId="2" fbTx="91.08307018" lbTx="91.08311866" tId="0" fbRx="91.08312522" lbRx="0" />
<p fId="2" fbTx="91.08307018" lbTx="91.08311866" tId="0" fbRx="91.08312522" lbRx="0" />
<p fId="2" fbTx="91.08307018" lbTx="91.08311866" tId="1" fbRx="91.08312522" lbRx="0" />
<p fId="2" fbTx="91.08312562" lbTx="91.0831741" tId="0" fbRx="91.08318066" lbRx="0" />
<p fId="2" fbTx="91.08312562" lbTx="91.0831741" tId="0" fbRx="91.08318066" lbRx="0" />
<p fId="2" fbTx="91.08312562" lbTx="91.0831741" tId="1" fbRx="91.08318066" lbRx="0" />
<p fId="2" fbTx="91.08318206" lbTx="91.08323054" tId="0" fbRx="91.0832371" lbRx="0" />
<p fId="2" fbTx="91.08318206" lbTx="91.08323054" tId="0" fbRx="91.0832371" lbRx="0" />
<p fId="2" fbTx="91.08318206" lbTx="91.08323054" tId="1" fbRx="91.0832371" lbRx="0" />
<p fId="2" fbTx="91.0832385" lbTx="91.08328698" tId="0" fbRx="91.08329354" lbRx="0" />
<p fId="2" fbTx="91.0832385" lbTx="91.08328698" tId="0" fbRx="91.08329354" lbRx="0" />
<p fId="2" fbTx="91.0832385" lbTx="91.08328698" tId="1" fbRx="91.08329354" lbRx="0" />
<p fId="2" fbTx="91.08329394" lbTx="91.08334242" tId="0" fbRx="91.08334898" lbRx="0" />
<p fId="2" fbTx="91.08329394" lbTx="91.08334242" tId="0" fbRx="91.08334898" lbRx="0" />
<p fId="2" fbTx="91.08329394" lbTx="91.08334242" tId="1" fbRx="91.08334898" lbRx="0" />
<p fId="2" fbTx="91.08335038" lbTx="91.08339886" tId="0" fbRx="91.08340542" lbRx="0" />
<p fId="2" fbTx="91.08335038" lbTx="91.08339886" tId="0" fbRx="91.08340542" lbRx="0" />
<p fId="2" fbTx="91.08335038" lbTx="91.08339886" tId="1" fbRx="91.08340542" lbRx="0" />
<p fId="2" fbTx="91.08341082" lbTx="91.0834593" tId="0" fbRx="91.08346586" lbRx="0" />
<p fId="2" fbTx="91.08341082" lbTx="91.0834593" tId="0" fbRx="91.08346586" lbRx="0" />
<p fId="2" fbTx="91.08341082" lbTx="91.0834593" tId="1" fbRx="91.08346586" lbRx="0" />
<p fId="2" fbTx="91.08346726" lbTx="91.08351574" tId="0" fbRx="91.0835223" lbRx="0" />
<p fId="2" fbTx="91.08346726" lbTx="91.08351574" tId="0" fbRx="91.0835223" lbRx="0" />
<p fId="2" fbTx="91.08346726" lbTx="91.08351574" tId="1" fbRx="91.0835223" lbRx="0" />
<p fId="2" fbTx="91.0835277" lbTx="91.08357618" tId="0" fbRx="91.08358274" lbRx="0" />
<p fId="2" fbTx="91.0835277" lbTx="91.08357618" tId="0" fbRx="91.08358274" lbRx="0" />
<p fId="2" fbTx="91.0835277" lbTx="91.08357618" tId="1" fbRx="91.08358274" lbRx="0" />
<p fId="2" fbTx="91.08358314" lbTx="91.08363162" tId="0" fbRx="91.08363818" lbRx="0" />
<p fId="2" fbTx="91.08358314" lbTx="91.08363162" tId="0" fbRx="91.08363818" lbRx="0" />
<p fId="2" fbTx="91.08358314" lbTx="91.08363162" tId="1" fbRx="91.08363818" lbRx="0" />
<p fId="2" fbTx="91.08363858" lbTx="91.08368706" tId="0" fbRx="91.08369362" lbRx="0" />
<p fId="2" fbTx="91.08363858" lbTx="91.08368706" tId="0" fbRx="91.08369362" lbRx="0" />
<p fId="2" fbTx="91.08363858" lbTx="91.08368706" tId="1" fbRx="91.08369362" lbRx="0" />
<p fId="2" fbTx="91.08369402" lbTx="91.0837425" tId="0" fbRx="91.08374906" lbRx="0" />
<p fId="2" fbTx="91.08369402" lbTx="91.0837425" tId="0" fbRx="91.08374906" lbRx="0" />
<p fId="2" fbTx="91.08369402" lbTx="91.0837425" tId="1" fbRx="91.08374906" lbRx="0" />
<p fId="2" fbTx="91.08374946" lbTx="91.08379794" tId="0" fbRx="91.0838045" lbRx="0" />
<p fId="2" fbTx="91.08374946" lbTx="91.08379794" tId="0" fbRx="91.0838045" lbRx="0" />
<p fId="2" fbTx="91.08374946" lbTx="91.08379794" tId="1" fbRx="91.0838045" lbRx="0" />
<p fId="2" fbTx="91.0838059" lbTx="91.08385438" tId="0" fbRx="91.08386094" lbRx="0" />
<p fId="2" fbTx="91.0838059" lbTx="91.08385438" tId="0" fbRx="91.08386094" lbRx="0" />
<p fId="2" fbTx="91.0838059" lbTx="91.08385438" tId="1" fbRx="91.08386094" lbRx="0" />
<p fId="2" fbTx="91.08386634" lbTx="91.08391482" tId="0" fbRx="91.08392138" lbRx="0" />
<p fId="2" fbTx="91.08386634" lbTx="91.08391482" tId="0" fbRx="91.08392138" lbRx="0" />
<p fId="2" fbTx="91.08386634" lbTx="91.08391482" tId="1" fbRx="91.08392138" lbRx="0" />
<p fId="2" fbTx="91.08392378" lbTx="91.08397226" tId="0" fbRx="91.08397882" lbRx="0" />
<p fId="2" fbTx="91.08392378" lbTx="91.08397226" tId="0" fbRx="91.08397882" lbRx="0" />
<p fId="2" fbTx="91.08392378" lbTx="91.08397226" tId="1" fbRx="91.08397882" lbRx="0" />
<p fId="2" fbTx="91.08398822" lbTx="91.0840367" tId="0" fbRx="91.08404326" lbRx="0" />
<p fId="2" fbTx="91.08398822" lbTx="91.0840367" tId="0" fbRx="91.08404326" lbRx="0" />
<p fId="2" fbTx="91.08398822" lbTx="91.0840367" tId="1" fbRx="91.08404326" lbRx="0" />
<p fId="2" fbTx="91.08405466" lbTx="91.08410314" tId="0" fbRx="91.0841097" lbRx="0" />
<p fId="2" fbTx="91.08405466" lbTx="91.08410314" tId="0" fbRx="91.0841097" lbRx="0" />
<p fId="2" fbTx="91.08405466" lbTx="91.08410314" tId="1" fbRx="91.0841097" lbRx="0" />
<p fId="2" fbTx="91.0841111" lbTx="91.08415958" tId="0" fbRx="91.08416614" lbRx="0" />
<p fId="2" fbTx="91.0841111" lbTx="91.08415958" tId="0" fbRx="91.08416614" lbRx="0" />
<p fId="2" fbTx="91.0841111" lbTx="91.08415958" tId="1" fbRx="91.08416614" lbRx="0" />
<p fId="2" fbTx="91.08416854" lbTx="91.08421702" tId="0" fbRx="91.08422358" lbRx="0" />
<p fId="2" fbTx="91.08416854" lbTx="91.08421702" tId="0" fbRx="91.08422358" lbRx="0" />
<p fId="2" fbTx="91.08416854" lbTx="91.08421702" tId="1" fbRx="91.08422358" lbRx="0" />
<p fId="2" fbTx="91.08422898" lbTx="91.08427746" tId="0" fbRx="91.08428402" lbRx="0" />
<p fId="2" fbTx="91.08422898" lbTx="91.08427746" tId="0" fbRx="91.08428402" lbRx="0" />
<p fId="2" fbTx="91.08422898" lbTx="91.08427746" tId="1" fbRx="91.08428402" lbRx="0" />
<p fId="0" fbTx="91.08429014" lbTx="91.08429574" tId="1" fbRx="91.0843023" lbRx="0" />
<p fId="0" fbTx="91.08429014" lbTx="91.08429574" tId="2" fbRx="91.0843023" lbRx="0" />
<p fId="0" fbTx="91.08429014" lbTx="91.08429574" tId="2" fbRx="91.0843023" lbRx="0" />
<p fId="0" fbTx="91.0843027" lbTx="91.0843083" tId="1" fbRx="91.08431486" lbRx="0" />
<p fId="0" fbTx="91.0843027" lbTx="91.0843083" tId="2" fbRx="91.08431486" lbRx="0" />
<p fId="0" fbTx="91.0843027" lbTx="91.0843083" tId="2" fbRx="91.08431486" lbRx="0" />
<p fId="2" fbTx="91.08431742" lbTx="91.0843659" tId="0" fbRx="91.08437246" lbRx="0" />
<p fId="2" fbTx="91.08431742" lbTx="91.0843659" tId="0" fbRx="91.08437246" lbRx="0" />
<p fId="2" fbTx="91.08431742" lbTx="91.0843659" tId="1" fbRx="91.08437246" lbRx="0" />
<p fId="2" fbTx="91.08437786" lbTx="91.08442634" tId="0" fbRx="91.0844329" lbRx="0" />
<p fId="2" fbTx="91.08437786" lbTx="91.08442634" tId="0" fbRx="91.0844329" lbRx="0" />
<p fId="2" fbTx="91.08437786" lbTx="91.08442634" tId="1" fbRx="91.0844329" lbRx="0" />
<p fId="2" fbTx="91.0844413" lbTx="91.08448978" tId="0" fbRx="91.08449634" lbRx="0" />
<p fId="2" fbTx="91.0844413" lbTx="91.08448978" tId="0" fbRx="91.08449634" lbRx="0" />
<p fId="2" fbTx="91.0844413" lbTx="91.08448978" tId="1" fbRx="91.08449634" lbRx="0" />
<p fId="2" fbTx="91.08449674" lbTx="91.08454522" tId="0" fbRx="91.08455178" lbRx="0" />
<p fId="2" fbTx="91.08449674" lbTx="91.08454522" tId="0" fbRx="91.08455178" lbRx="0" />
<p fId="2" fbTx="91.08449674" lbTx="91.08454522" tId="1" fbRx="91.08455178" lbRx="0" />
<p fId="2" fbTx="91.08455418" lbTx="91.08460266" tId="0" fbRx="91.08460922" lbRx="0" />
<p fId="2" fbTx="91.08455418" lbTx="91.08460266" tId="0" fbRx="91.08460922" lbRx="0" />
<p fId="2" fbTx="91.08455418" lbTx="91.08460266" tId="1" fbRx="91.08460922" lbRx="0" />
<p fId="2" fbTx="91.08461262" lbTx="91.0846611" tId="0" fbRx="91.08466766" lbRx="0" />
<p fId="2" fbTx="91.08461262" lbTx="91.0846611" tId="0" fbRx="91.08466766" lbRx="0" />
<p fId="2" fbTx="91.08461262" lbTx="91.0846611" tId="1" fbRx="91.08466766" lbRx="0" />
<p fId="2" fbTx="91.08467006" lbTx="91.08471854" tId="0" fbRx="91.0847251" lbRx="0" />
<p fId="2" fbTx="91.08467006" lbTx="91.08471854" tId="0" fbRx="91.0847251" lbRx="0" />
<p fId="2" fbTx="91.08467006" lbTx="91.08471854" tId="1" fbRx="91.0847251" lbRx="0" />
<p fId="2" fbTx="91.0847255" lbTx="91.08477398" tId="0" fbRx="91.08478054" lbRx="0" />
<p fId="2" fbTx="91.0847255" lbTx="91.08477398" tId="0" fbRx="91.08478054" lbRx="0" />
<p fId="2" fbTx="91.0847255" lbTx="91.08477398" tId="1" fbRx="91.08478054" lbRx="0" />
<p fId="2" fbTx="91.08479394" lbTx="91.08484242" tId="0" fbRx="91.08484898" lbRx="0" />
<p fId="2" fbTx="91.08479394" lbTx="91.08484242" tId="0" fbRx="91.08484898" lbRx="0" />
<p fId="2" fbTx="91.08479394" lbTx="91.08484242" tId="1" fbRx="91.08484898" lbRx="0" />
<p fId="2" fbTx="91.08485038" lbTx="91.08489886" tId="0" fbRx="91.08490542" lbRx="0" />
<p fId="2" fbTx="91.08485038" lbTx="91.08489886" tId="0" fbRx="91.08490542" lbRx="0" />
<p fId="2" fbTx="91.08485038" lbTx="91.08489886" tId="1" fbRx="91.08490542" lbRx="0" />
<p fId="2" fbTx="91.08490882" lbTx="91.0849573" tId="0" fbRx="91.08496386" lbRx="0" />
<p fId="2" fbTx="91.08490882" lbTx="91.0849573" tId="0" fbRx="91.08496386" lbRx="0" />
<p fId="2" fbTx="91.08490882" lbTx="91.0849573" tId="1" fbRx="91.08496386" lbRx="0" />
<p fId="2" fbTx="91.08496426" lbTx="91.08501274" tId="0" fbRx="91.0850193" lbRx="0" />
<p fId="2" fbTx="91.08496426" lbTx="91.08501274" tId="0" fbRx="91.0850193" lbRx="0" />
<p fId="2" fbTx="91.08496426" lbTx="91.08501274" tId="1" fbRx="91.0850193" lbRx="0" />
<p fId="2" fbTx="91.0850257" lbTx="91.08507418" tId="0" fbRx="91.08508074" lbRx="0" />
<p fId="2" fbTx="91.0850257" lbTx="91.08507418" tId="0" fbRx="91.08508074" lbRx="0" />
<p fId="2" fbTx="91.0850257" lbTx="91.08507418" tId="1" fbRx="91.08508074" lbRx="0" />
<p fId="2" fbTx="91.08508214" lbTx="91.08513062" tId="0" fbRx="91.08513718" lbRx="0" />
<p fId="2" fbTx="91.08508214" lbTx="91.08513062" tId="0" fbRx="91.08513718" lbRx="0" />
<p fId="2" fbTx="91.08508214" lbTx="91.08513062" tId="1" fbRx="91.08513718" lbRx="0" />
<p fId="2" fbTx="91.08513858" lbTx="91.08518706" tId="0" fbRx="91.08519362" lbRx="0" />
<p fId="2" fbTx="91.08513858" lbTx="91.08518706" tId="0" fbRx="91.08519362" lbRx="0" />
<p fId="2" fbTx="91.08513858" lbTx="91.08518706" tId="1" fbRx="91.08519362" lbRx="0" />
<p fId="2" fbTx="91.08519602" lbTx="91.0852445" tId="0" fbRx="91.08525106" lbRx="0" />
<p fId="2" fbTx="91.08519602" lbTx="91.0852445" tId="0" fbRx="91.08525106" lbRx="0" />
<p fId="2" fbTx="91.08519602" lbTx="91.0852445" tId="1" fbRx="91.08525106" lbRx="0" />
<p fId="2" fbTx="91.08525146" lbTx="91.08529994" tId="0" fbRx="91.0853065" lbRx="0" />
<p fId="2" fbTx="91.08525146" lbTx="91.08529994" tId="0" fbRx="91.0853065" lbRx="0" />
<p fId="2" fbTx="91.08525146" lbTx="91.08529994" tId="1" fbRx="91.0853065" lbRx="0" />
<p fId="2" fbTx="91.0853149" lbTx="91.08536338" tId="0" fbRx="91.08536994" lbRx="0" />
<p fId="2" fbTx="91.0853149" lbTx="91.08536338" tId="0" fbRx="91.08536994" lbRx="0" />
<p fId="2" fbTx="91.0853149" lbTx="91.08536338" tId="1" fbRx="91.08536994" lbRx="0" />
<p fId="2" fbTx="91.08537934" lbTx="91.08542782" tId="0" fbRx="91.08543438" lbRx="0" />
<p fId="2" fbTx="91.08537934" lbTx="91.08542782" tId="0" fbRx="91.08543438" lbRx="0" />
<p fId="2" fbTx="91.08537934" lbTx="91.08542782" tId="1" fbRx="91.08543438" lbRx="0" />
<p fId="2" fbTx="91.08543678" lbTx="91.08548526" tId="0" fbRx="91.08549182" lbRx="0" />
<p fId="2" fbTx="91.08543678" lbTx="91.08548526" tId="0" fbRx="91.08549182" lbRx="0" />
<p fId="2" fbTx="91.08543678" lbTx="91.08548526" tId="1" fbRx="91.08549182" lbRx="0" />
<p fId="2" fbTx="91.08549422" lbTx="91.0855427" tId="0" fbRx="91.08554926" lbRx="0" />
<p fId="2" fbTx="91.08549422" lbTx="91.0855427" tId="0" fbRx="91.08554926" lbRx="0" />
<p fId="2" fbTx="91.08549422" lbTx="91.0855427" tId="1" fbRx="91.08554926" lbRx="0" />
<p fId="2" fbTx="91.08555066" lbTx="91.08559914" tId="0" fbRx="91.0856057" lbRx="0" />
<p fId="2" fbTx="91.08555066" lbTx="91.08559914" tId="0" fbRx="91.0856057" lbRx="0" />
<p fId="2" fbTx="91.08555066" lbTx="91.08559914" tId="1" fbRx="91.0856057" lbRx="0" />
<p fId="2" fbTx="91.0856121" lbTx="91.08566058" tId="0" fbRx="91.08566714" lbRx="0" />
<p fId="2" fbTx="91.0856121" lbTx="91.08566058" tId="0" fbRx="91.08566714" lbRx="0" />
<p fId="2" fbTx="91.0856121" lbTx="91.08566058" tId="1" fbRx="91.08566714" lbRx="0" />
<p fId="2" fbTx="91.08566854" lbTx="91.08571702" tId="0" fbRx="91.08572358" lbRx="0" />
<p fId="2" fbTx="91.08566854" lbTx="91.08571702" tId="0" fbRx="91.08572358" lbRx="0" />
<p fId="2" fbTx="91.08566854" lbTx="91.08571702" tId="1" fbRx="91.08572358" lbRx="0" />
<p fId="2" fbTx="91.08573498" lbTx="91.08578346" tId="0" fbRx="91.08579002" lbRx="0" />
<p fId="2" fbTx="91.08573498" lbTx="91.08578346" tId="0" fbRx="91.08579002" lbRx="0" />
<p fId="2" fbTx="91.08573498" lbTx="91.08578346" tId="1" fbRx="91.08579002" lbRx="0" />
<p fId="2" fbTx="91.08580042" lbTx="91.0858489" tId="0" fbRx="91.08585546" lbRx="0" />
<p fId="2" fbTx="91.08580042" lbTx="91.0858489" tId="0" fbRx="91.08585546" lbRx="0" />
<p fId="2" fbTx="91.08580042" lbTx="91.0858489" tId="1" fbRx="91.08585546" lbRx="0" />
<p fId="2" fbTx="91.08585686" lbTx="91.08590534" tId="0" fbRx="91.0859119" lbRx="0" />
<p fId="2" fbTx="91.08585686" lbTx="91.08590534" tId="0" fbRx="91.0859119" lbRx="0" />
<p fId="2" fbTx="91.08585686" lbTx="91.08590534" tId="1" fbRx="91.0859119" lbRx="0" />
<p fId="2" fbTx="91.0859143" lbTx="91.08596278" tId="0" fbRx="91.08596934" lbRx="0" />
<p fId="2" fbTx="91.0859143" lbTx="91.08596278" tId="0" fbRx="91.08596934" lbRx="0" />
<p fId="2" fbTx="91.0859143" lbTx="91.08596278" tId="1" fbRx="91.08596934" lbRx="0" />
<p fId="2" fbTx="91.08597074" lbTx="91.08601922" tId="0" fbRx="91.08602578" lbRx="0" />
<p fId="2" fbTx="91.08597074" lbTx="91.08601922" tId="0" fbRx="91.08602578" lbRx="0" />
<p fId="2" fbTx="91.08597074" lbTx="91.08601922" tId="1" fbRx="91.08602578" lbRx="0" />
<p fId="2" fbTx="91.08602818" lbTx="91.08607666" tId="0" fbRx="91.08608322" lbRx="0" />
<p fId="2" fbTx="91.08602818" lbTx="91.08607666" tId="0" fbRx="91.08608322" lbRx="0" />
<p fId="2" fbTx="91.08602818" lbTx="91.08607666" tId="1" fbRx="91.08608322" lbRx="0" />
<p fId="2" fbTx="91.08608562" lbTx="91.0861341" tId="0" fbRx="91.08614066" lbRx="0" />
<p fId="2" fbTx="91.08608562" lbTx="91.0861341" tId="0" fbRx="91.08614066" lbRx="0" />
<p fId="2" fbTx="91.08608562" lbTx="91.0861341" tId="1" fbRx="91.08614066" lbRx="0" />
<p fId="2" fbTx="91.08614106" lbTx="91.08618954" tId="0" fbRx="91.0861961" lbRx="0" />
<p fId="2" fbTx="91.08614106" lbTx="91.08618954" tId="0" fbRx="91.0861961" lbRx="0" />
<p fId="2" fbTx="91.08614106" lbTx="91.08618954" tId="1" fbRx="91.0861961" lbRx="0" />
<p fId="2" fbTx="91.0861985" lbTx="91.08624698" tId="0" fbRx="91.08625354" lbRx="0" />
<p fId="2" fbTx="91.0861985" lbTx="91.08624698" tId="0" fbRx="91.08625354" lbRx="0" />
<p fId="2" fbTx="91.0861985" lbTx="91.08624698" tId="1" fbRx="91.08625354" lbRx="0" />
<p fId="2" fbTx="91.08626594" lbTx="91.08631442" tId="0" fbRx="91.08632098" lbRx="0" />
<p fId="2" fbTx="91.08626594" lbTx="91.08631442" tId="0" fbRx="91.08632098" lbRx="0" />
<p fId="2" fbTx="91.08626594" lbTx="91.08631442" tId="1" fbRx="91.08632098" lbRx="0" />
<p fId="2" fbTx="91.08632238" lbTx="91.08637086" tId="0" fbRx="91.08637742" lbRx="0" />
<p fId="2" fbTx="91.08632238" lbTx="91.08637086" tId="0" fbRx="91.08637742" lbRx="0" />
<p fId="2" fbTx="91.08632238" lbTx="91.08637086" tId="1" fbRx="91.08637742" lbRx="0" />
<p fId="2" fbTx="91.08637982" lbTx="91.0864283" tId="0" fbRx="91.08643486" lbRx="0" />
<p fId="2" fbTx="91.08637982" lbTx="91.0864283" tId="0" fbRx="91.08643486" lbRx="0" />
<p fId="2" fbTx="91.08637982" lbTx="91.0864283" tId="1" fbRx="91.08643486" lbRx="0" />
<p fId="2" fbTx="91.08643826" lbTx="91.08648674" tId="0" fbRx="91.0864933" lbRx="0" />
<p fId="2" fbTx="91.08643826" lbTx="91.08648674" tId="0" fbRx="91.0864933" lbRx="0" />
<p fId="2" fbTx="91.08643826" lbTx="91.08648674" tId="1" fbRx="91.0864933" lbRx="0" />
<p fId="2" fbTx="91.0864957" lbTx="91.08654418" tId="0" fbRx="91.08655074" lbRx="0" />
<p fId="2" fbTx="91.0864957" lbTx="91.08654418" tId="0" fbRx="91.08655074" lbRx="0" />
<p fId="2" fbTx="91.0864957" lbTx="91.08654418" tId="1" fbRx="91.08655074" lbRx="0" />
<p fId="2" fbTx="91.08655214" lbTx="91.08660062" tId="0" fbRx="91.08660718" lbRx="0" />
<p fId="2" fbTx="91.08655214" lbTx="91.08660062" tId="0" fbRx="91.08660718" lbRx="0" />
<p fId="2" fbTx="91.08655214" lbTx="91.08660062" tId="1" fbRx="91.08660718" lbRx="0" />
<p fId="2" fbTx="91.08660758" lbTx="91.08665606" tId="0" fbRx="91.08666262" lbRx="0" />
<p fId="2" fbTx="91.08660758" lbTx="91.08665606" tId="0" fbRx="91.08666262" lbRx="0" />
<p fId="2" fbTx="91.08660758" lbTx="91.08665606" tId="1" fbRx="91.08666262" lbRx="0" />
<p fId="2" fbTx="91.08666602" lbTx="91.0867145" tId="0" fbRx="91.08672106" lbRx="0" />
<p fId="2" fbTx="91.08666602" lbTx="91.0867145" tId="0" fbRx="91.08672106" lbRx="0" />
<p fId="2" fbTx="91.08666602" lbTx="91.0867145" tId="1" fbRx="91.08672106" lbRx="0" />
<p fId="2" fbTx="91.08673146" lbTx="91.08677994" tId="0" fbRx="91.0867865" lbRx="0" />
<p fId="2" fbTx="91.08673146" lbTx="91.08677994" tId="0" fbRx="91.0867865" lbRx="0" />
<p fId="2" fbTx="91.08673146" lbTx="91.08677994" tId="1" fbRx="91.0867865" lbRx="0" />
<p fId="2" fbTx="91.0867889" lbTx="91.08683738" tId="0" fbRx="91.08684394" lbRx="0" />
<p fId="2" fbTx="91.0867889" lbTx="91.08683738" tId="0" fbRx="91.08684394" lbRx="0" />
<p fId="2" fbTx="91.0867889" lbTx="91.08683738" tId="1" fbRx="91.08684394" lbRx="0" />
<p fId="2" fbTx="91.08684634" lbTx="91.08689482" tId="0" fbRx="91.08690138" lbRx="0" />
<p fId="2" fbTx="91.08684634" lbTx="91.08689482" tId="0" fbRx="91.08690138" lbRx="0" />
<p fId="2" fbTx="91.08684634" lbTx="91.08689482" tId="1" fbRx="91.08690138" lbRx="0" />
<p fId="2" fbTx="91.08690178" lbTx="91.08695026" tId="0" fbRx="91.08695682" lbRx="0" />
<p fId="2" fbTx="91.08690178" lbTx="91.08695026" tId="0" fbRx="91.08695682" lbRx="0" />
<p fId="2" fbTx="91.08690178" lbTx="91.08695026" tId="1" fbRx="91.08695682" lbRx="0" />
<p fId="2" fbTx="91.08695822" lbTx="91.0870067" tId="0" fbRx="91.08701326" lbRx="0" />
<p fId="2" fbTx="91.08695822" lbTx="91.0870067" tId="0" fbRx="91.08701326" lbRx="0" />
<p fId="2" fbTx="91.08695822" lbTx="91.0870067" tId="1" fbRx="91.08701326" lbRx="0" />
<p fId="2" fbTx="91.08702666" lbTx="91.08707514" tId="0" fbRx="91.0870817" lbRx="0" />
<p fId="2" fbTx="91.08702666" lbTx="91.08707514" tId="0" fbRx="91.0870817" lbRx="0" />
<p fId="2" fbTx="91.08702666" lbTx="91.08707514" tId="1" fbRx="91.0870817" lbRx="0" />
<p fId="2" fbTx="91.0870931" lbTx="91.08714158" tId="0" fbRx="91.08714814" lbRx="0" />
<p fId="2" fbTx="91.0870931" lbTx="91.08714158" tId="0" fbRx="91.08714814" lbRx="0" />
<p fId="2" fbTx="91.0870931" lbTx="91.08714158" tId="1" fbRx="91.08714814" lbRx="0" />
<p fId="2" fbTx="91.08715054" lbTx="91.08719902" tId="0" fbRx="91.08720558" lbRx="0" />
<p fId="2" fbTx="91.08715054" lbTx="91.08719902" tId="0" fbRx="91.08720558" lbRx="0" />
<p fId="2" fbTx="91.08715054" lbTx="91.08719902" tId="1" fbRx="91.08720558" lbRx="0" />
<p fId="2" fbTx="91.08721198" lbTx="91.08726046" tId="0" fbRx="91.08726702" lbRx="0" />
<p fId="2" fbTx="91.08721198" lbTx="91.08726046" tId="0" fbRx="91.08726702" lbRx="0" />
<p fId="2" fbTx="91.08721198" lbTx="91.08726046" tId="1" fbRx="91.08726702" lbRx="0" />
<p fId="2" fbTx="91.08726842" lbTx="91.0873169" tId="0" fbRx="91.08732346" lbRx="0" />
<p fId="2" fbTx="91.08726842" lbTx="91.0873169" tId="0" fbRx="91.08732346" lbRx="0" />
<p fId="2" fbTx="91.08726842" lbTx="91.0873169" tId="1" fbRx="91.08732346" lbRx="0" />
<p fId="2" fbTx="91.08732586" lbTx="91.08737434" tId="0" fbRx="91.0873809" lbRx="0" />
<p fId="2" fbTx="91.08732586" lbTx="91.08737434" tId="0" fbRx="91.0873809" lbRx="0" />
<p fId="2" fbTx="91.08732586" lbTx="91.08737434" tId="1" fbRx="91.0873809" lbRx="0" />
<p fId="2" fbTx="91.0873823" lbTx="91.08743078" tId="0" fbRx="91.08743734" lbRx="0" />
<p fId="2" fbTx="91.0873823" lbTx="91.08743078" tId="0" fbRx="91.08743734" lbRx="0" />
<p fId="2" fbTx="91.0873823" lbTx="91.08743078" tId="1" fbRx="91.08743734" lbRx="0" />
<p fId="2" fbTx="91.08744874" lbTx="91.08749722" tId="0" fbRx="91.08750378" lbRx="0" />
<p fId="2" fbTx="91.08744874" lbTx="91.08749722" tId="0" fbRx="91.08750378" lbRx="0" />
<p fId="2" fbTx="91.08744874" lbTx="91.08749722" tId="1" fbRx="91.08750378" lbRx="0" />
<p fId="2" fbTx="91.08751318" lbTx="91.08756166" tId="0" fbRx="91.08756822" lbRx="0" />
<p fId="2" fbTx="91.08751318" lbTx="91.08756166" tId="0" fbRx="91.08756822" lbRx="0" />
<p fId="2" fbTx="91.08751318" lbTx="91.08756166" tId="1" fbRx="91.08756822" lbRx="0" />
<p fId="2" fbTx="91.08757162" lbTx="91.0876201" tId="0" fbRx="91.08762666" lbRx="0" />
<p fId="2" fbTx="91.08757162" lbTx="91.0876201" tId="0" fbRx="91.08762666" lbRx="0" />
<p fId="2" fbTx="91.08757162" lbTx="91.0876201" tId="1" fbRx="91.08762666" lbRx="0" />
<p fId="2" fbTx="91.08762906" lbTx="91.08767754" tId="0" fbRx="91.0876841" lbRx="0" />
<p fId="2" fbTx="91.08762906" lbTx="91.08767754" tId="0" fbRx="91.0876841" lbRx="0" />
<p fId="2" fbTx="91.08762906" lbTx="91.08767754" tId="1" fbRx="91.0876841" lbRx="0" />
<p fId="2" fbTx="91.0876845" lbTx="91.08773298" tId="0" fbRx="91.08773954" lbRx="0" />
<p fId="2" fbTx="91.0876845" lbTx="91.08773298" tId="0" fbRx="91.08773954" lbRx="0" />
<p fId="2" fbTx="91.0876845" lbTx="91.08773298" tId="1" fbRx="91.08773954" lbRx="0" />
<p fId="2" fbTx="91.08773994" lbTx="91.08778842" tId="0" fbRx="91.08779498" lbRx="0" />
<p fId="2" fbTx="91.08773994" lbTx="91.08778842" tId="0" fbRx="91.08779498" lbRx="0" />
<p fId="2" fbTx="91.08773994" lbTx="91.08778842" tId="1" fbRx="91.08779498" lbRx="0" />
<p fId="2" fbTx="91.08780138" lbTx="91.08784986" tId="0" fbRx="91.08785642" lbRx="0" />
<p fId="2" fbTx="91.08780138" lbTx="91.08784986" tId="0" fbRx="91.08785642" lbRx="0" />
<p fId="2" fbTx="91.08780138" lbTx="91.08784986" tId="1" fbRx="91.08785642" lbRx="0" />
<p fId="2" fbTx="91.08785882" lbTx="91.0879073" tId="0" fbRx="91.08791386" lbRx="0" />
<p fId="2" fbTx="91.08785882" lbTx="91.0879073" tId="0" fbRx="91.08791386" lbRx="0" />
<p fId="2" fbTx="91.08785882" lbTx="91.0879073" tId="1" fbRx="91.08791386" lbRx="0" />
<p fId="2" fbTx="91.08791526" lbTx="91.08796374" tId="0" fbRx="91.0879703" lbRx="0" />
<p fId="2" fbTx="91.08791526" lbTx="91.08796374" tId="0" fbRx="91.0879703" lbRx="0" />
<p fId="2" fbTx="91.08791526" lbTx="91.08796374" tId="1" fbRx="91.0879703" lbRx="0" />
<p fId="2" fbTx="91.0879717" lbTx="91.08802018" tId="0" fbRx="91.08802674" lbRx="0" />
<p fId="2" fbTx="91.0879717" lbTx="91.08802018" tId="0" fbRx="91.08802674" lbRx="0" />
<p fId="2" fbTx="91.0879717" lbTx="91.08802018" tId="1" fbRx="91.08802674" lbRx="0" />
<p fId="2" fbTx="91.08802814" lbTx="91.08807662" tId="0" fbRx="91.08808318" lbRx="0" />
<p fId="2" fbTx="91.08802814" lbTx="91.08807662" tId="0" fbRx="91.08808318" lbRx="0" />
<p fId="2" fbTx="91.08802814" lbTx="91.08807662" tId="1" fbRx="91.08808318" lbRx="0" />
<p fId="2" fbTx="91.08808458" lbTx="91.08813306" tId="0" fbRx="91.08813962" lbRx="0" />
<p fId="2" fbTx="91.08808458" lbTx="91.08813306" tId="0" fbRx="91.08813962" lbRx="0" />
<p fId="2" fbTx="91.08808458" lbTx="91.08813306" tId="1" fbRx="91.08813962" lbRx="0" />
<p fId="2" fbTx="91.08814002" lbTx="91.0881885" tId="0" fbRx="91.08819506" lbRx="0" />
<p fId="2" fbTx="91.08814002" lbTx="91.0881885" tId="0" fbRx="91.08819506" lbRx="0" />
<p fId="2" fbTx="91.08814002" lbTx="91.0881885" tId="1" fbRx="91.08819506" lbRx="0" />
<p fId="2" fbTx="91.08819646" lbTx="91.08824494" tId="0" fbRx="91.0882515" lbRx="0" />
<p fId="2" fbTx="91.08819646" lbTx="91.08824494" tId="0" fbRx="91.0882515" lbRx="0" />
<p fId="2" fbTx="91.08819646" lbTx="91.08824494" tId="1" fbRx="91.0882515" lbRx="0" />
<p fId="2" fbTx="91.0882539" lbTx="91.08830238" tId="0" fbRx="91.08830894" lbRx="0" />
<p fId="2" fbTx="91.0882539" lbTx="91.08830238" tId="0" fbRx="91.08830894" lbRx="0" />
<p fId="2" fbTx="91.0882539" lbTx="91.08830238" tId="1" fbRx="91.08830894" lbRx="0" />
<p fId="2" fbTx="91.08831134" lbTx="91.08835982" tId="0" fbRx="91.08836638" lbRx="0" />
<p fId="2" fbTx="91.08831134" lbTx="91.08835982" tId="0" fbRx="91.08836638" lbRx="0" />
<p fId="2" fbTx="91.08831134" lbTx="91.08835982" tId="1" fbRx="91.08836638" lbRx="0" />
<p fId="2" fbTx="91.08836678" lbTx="91.08841526" tId="0" fbRx="91.08842182" lbRx="0" />
<p fId="2" fbTx="91.08836678" lbTx="91.08841526" tId="0" fbRx="91.08842182" lbRx="0" />
<p fId="2" fbTx="91.08836678" lbTx="91.08841526" tId="1" fbRx="91.08842182" lbRx="0" />
<p fId="2" fbTx="91.08843022" lbTx="91.0884787" tId="0" fbRx="91.08848526" lbRx="0" />
<p fId="2" fbTx="91.08843022" lbTx="91.0884787" tId="0" fbRx="91.08848526" lbRx="0" />
<p fId="2" fbTx="91.08843022" lbTx="91.0884787" tId="1" fbRx="91.08848526" lbRx="0" />
<p fId="2" fbTx="91.08849066" lbTx="91.08853914" tId="0" fbRx="91.0885457" lbRx="0" />
<p fId="2" fbTx="91.08849066" lbTx="91.08853914" tId="0" fbRx="91.0885457" lbRx="0" />
<p fId="2" fbTx="91.08849066" lbTx="91.08853914" tId="1" fbRx="91.0885457" lbRx="0" />
<p fId="2" fbTx="91.0885511" lbTx="91.08859958" tId="0" fbRx="91.08860614" lbRx="0" />
<p fId="2" fbTx="91.0885511" lbTx="91.08859958" tId="0" fbRx="91.08860614" lbRx="0" />
<p fId="2" fbTx="91.0885511" lbTx="91.08859958" tId="1" fbRx="91.08860614" lbRx="0" />
<p fId="2" fbTx="91.08860954" lbTx="91.08865802" tId="0" fbRx="91.08866458" lbRx="0" />
<p fId="2" fbTx="91.08860954" lbTx="91.08865802" tId="0" fbRx="91.08866458" lbRx="0" />
<p fId="2" fbTx="91.08860954" lbTx="91.08865802" tId="1" fbRx="91.08866458" lbRx="0" />
<p fId="2" fbTx="91.08866498" lbTx="91.08871346" tId="0" fbRx="91.08872002" lbRx="0" />
<p fId="2" fbTx="91.08866498" lbTx="91.08871346" tId="0" fbRx="91.08872002" lbRx="0" />
<p fId="2" fbTx="91.08866498" lbTx="91.08871346" tId="1" fbRx="91.08872002" lbRx="0" />
<p fId="2" fbTx="91.08873142" lbTx="91.0887799" tId="0" fbRx="91.08878646" lbRx="0" />
<p fId="2" fbTx="91.08873142" lbTx="91.0887799" tId="0" fbRx="91.08878646" lbRx="0" />
<p fId="2" fbTx="91.08873142" lbTx="91.0887799" tId="1" fbRx="91.08878646" lbRx="0" />
<p fId="2" fbTx="91.08878986" lbTx="91.08883834" tId="0" fbRx="91.0888449" lbRx="0" />
<p fId="2" fbTx="91.08878986" lbTx="91.08883834" tId="0" fbRx="91.0888449" lbRx="0" />
<p fId="2" fbTx="91.08878986" lbTx="91.08883834" tId="1" fbRx="91.0888449" lbRx="0" />
<p fId="2" fbTx="91.0888453" lbTx="91.08889378" tId="0" fbRx="91.08890034" lbRx="0" />
<p fId="2" fbTx="91.0888453" lbTx="91.08889378" tId="0" fbRx="91.08890034" lbRx="0" />
<p fId="2" fbTx="91.0888453" lbTx="91.08889378" tId="1" fbRx="91.08890034" lbRx="0" />
<p fId="2" fbTx="91.08890074" lbTx="91.08894922" tId="0" fbRx="91.08895578" lbRx="0" />
<p fId="2" fbTx="91.08890074" lbTx="91.08894922" tId="0" fbRx="91.08895578" lbRx="0" />
<p fId="2" fbTx="91.08890074" lbTx="91.08894922" tId="1" fbRx="91.08895578" lbRx="0" />
<p fId="2" fbTx="91.08895718" lbTx="91.08900566" tId="0" fbRx="91.08901222" lbRx="0" />
<p fId="2" fbTx="91.08895718" lbTx="91.08900566" tId="0" fbRx="91.08901222" lbRx="0" />
<p fId="2" fbTx="91.08895718" lbTx="91.08900566" tId="1" fbRx="91.08901222" lbRx="0" />
<p fId="2" fbTx="91.08901462" lbTx="91.0890579" tId="0" fbRx="91.08906446" lbRx="0" />
<p fId="2" fbTx="91.08901462" lbTx="91.0890579" tId="0" fbRx="91.08906446" lbRx="0" />
<p fId="2" fbTx="91.08901462" lbTx="91.0890579" tId="1" fbRx="91.08906446" lbRx="0" />
<p fId="0" fbTx="91.08973326" lbTx="91.08973886" tId="1" fbRx="91.08974542" lbRx="0" />
<p fId="0" fbTx="91.08973326" lbTx="91.08973886" tId="2" fbRx="91.08974542" lbRx="0" />
<p fId="0" fbTx="91.08973326" lbTx="91.08973886" tId="2" fbRx="91.08974542" lbRx="0" />
<p fId="0" fbTx="91.08975182" lbTx="91.08975742" tId="1" fbRx="91.08976398" lbRx="0" />
<p fId="0" fbTx="91.08975182" lbTx="91.08975742" tId="2" fbRx="91.08976398" lbRx="0" />
<p fId="0" fbTx="91.08975182" lbTx="91.08975742" tId="2" fbRx="91.08976398" lbRx="0" />
<p fId="0" fbTx="91.08976438" lbTx="91.08976998" tId="1" fbRx="91.08977654" lbRx="0" />
<p fId="0" fbTx="91.08976438" lbTx="91.08976998" tId="2" fbRx="91.08977654" lbRx="0" />
<p fId="0" fbTx="91.08976438" lbTx="91.08976998" tId="2" fbRx="91.08977654" lbRx="0" />
<p fId="0" fbTx="91.08977694" lbTx="91.08978254" tId="1" fbRx="91.0897891" lbRx="0" />
<p fId="0" fbTx="91.08977694" lbTx="91.08978254" tId="2" fbRx="91.0897891" lbRx="0" />
<p fId="0" fbTx="91.08977694" lbTx="91.08978254" tId="2" fbRx="91.0897891" lbRx="0" />
<p fId="0" fbTx="91.0897915" lbTx="91.0897971" tId="1" fbRx="91.08980366" lbRx="0" />
<p fId="0" fbTx="91.0897915" lbTx="91.0897971" tId="2" fbRx="91.08980366" lbRx="0" />
<p fId="0" fbTx="91.0897915" lbTx="91.0897971" tId="2" fbRx="91.08980366" lbRx="0" />
<p fId="0" fbTx="91.08980506" lbTx="91.08981066" tId="1" fbRx="91.08981722" lbRx="0" />
<p fId="0" fbTx="91.08980506" lbTx="91.08981066" tId="2" fbRx="91.08981722" lbRx="0" />
<p fId="0" fbTx="91.08980506" lbTx="91.08981066" tId="2" fbRx="91.08981722" lbRx="0" />
<p fId="0" fbTx="91.08982962" lbTx="91.08983522" tId="1" fbRx="91.08984178" lbRx="0" />
<p fId="0" fbTx="91.08982962" lbTx="91.08983522" tId="2" fbRx="91.08984178" lbRx="0" />
<p fId="0" fbTx="91.08982962" lbTx="91.08983522" tId="2" fbRx="91.08984178" lbRx="0" />
<p fId="0" fbTx="91.08984718" lbTx="91.08985278" tId="1" fbRx="91.08985934" lbRx="0" />
<p fId="0" fbTx="91.08984718" lbTx="91.08985278" tId="2" fbRx="91.08985934" lbRx="0" />
<p fId="0" fbTx="91.08984718" lbTx="91.08985278" tId="2" fbRx="91.08985934" lbRx="0" />
<p fId="0" fbTx="91.08985974" lbTx="91.08986534" tId="1" fbRx="91.0898719" lbRx="0" />
<p fId="0" fbTx="91.08985974" lbTx="91.08986534" tId="2" fbRx="91.0898719" lbRx="0" />
<p fId="0" fbTx="91.08985974" lbTx="91.08986534" tId="2" fbRx="91.0898719" lbRx="0" />
<p fId="0" fbTx="91.0898843" lbTx="91.0898899" tId="1" fbRx="91.08989646" lbRx="0" />
<p fId="0" fbTx="91.0898843" lbTx="91.0898899" tId="2" fbRx="91.08989646" lbRx="0" />
<p fId="0" fbTx="91.0898843" lbTx="91.0898899" tId="2" fbRx="91.08989646" lbRx="0" />
<p fId="0" fbTx="91.08989986" lbTx="91.08990546" tId="1" fbRx="91.08991202" lbRx="0" />
<p fId="0" fbTx="91.08989986" lbTx="91.08990546" tId="2" fbRx="91.08991202" lbRx="0" />
<p fId="0" fbTx="91.08989986" lbTx="91.08990546" tId="2" fbRx="91.08991202" lbRx="0" />
<p fId="0" fbTx="91.08991342" lbTx="91.08991902" tId="1" fbRx="91.08992558" lbRx="0" />
<p fId="0" fbTx="91.08991342" lbTx="91.08991902" tId="2" fbRx="91.08992558" lbRx="0" />
<p fId="0" fbTx="91.08991342" lbTx="91.08991902" tId="2" fbRx="91.08992558" lbRx="0" />
<p fId="0" fbTx="91.08992798" lbTx="91.08993358" tId="1" fbRx="91.08994014" lbRx="0" />
<p fId="0" fbTx="91.08992798" lbTx="91.08993358" tId="2" fbRx="91.08994014" lbRx="0" />
<p fId="0" fbTx="91.08992798" lbTx="91.08993358" tId="2" fbRx="91.08994014" lbRx="0" />
<p fId="0" fbTx="91.08994054" lbTx="91.08994614" tId="1" fbRx="91.0899527" lbRx="0" />
<p fId="0" fbTx="91.08994054" lbTx="91.08994614" tId="2" fbRx="91.0899527" lbRx="0" />
<p fId="0" fbTx="91.08994054" lbTx="91.08994614" tId="2" fbRx="91.0899527" lbRx="0" />
<p fId="0" fbTx="91.0899561" lbTx="91.0899617" tId="1" fbRx="91.08996826" lbRx="0" />
<p fId="0" fbTx="91.0899561" lbTx="91.0899617" tId="2" fbRx="91.08996826" lbRx="0" />
<p fId="0" fbTx="91.0899561" lbTx="91.0899617" tId="2" fbRx="91.08996826" lbRx="0" />
<p fId="0" fbTx="91.08997166" lbTx="91.08997726" tId="1" fbRx="91.08998382" lbRx="0" />
<p fId="0" fbTx="91.08997166" lbTx="91.08997726" tId="2" fbRx="91.08998382" lbRx="0" />
<p fId="0" fbTx="91.08997166" lbTx="91.08997726" tId="2" fbRx="91.08998382" lbRx="0" />
<p fId="0" fbTx="91.08998422" lbTx="91.08998982" tId="1" fbRx="91.08999638" lbRx="0" />
<p fId="0" fbTx="91.08998422" lbTx="91.08998982" tId="2" fbRx="91.08999638" lbRx="0" />
<p fId="0" fbTx="91.08998422" lbTx="91.08998982" tId="2" fbRx="91.08999638" lbRx="0" />
<p fId="0" fbTx="91.08999678" lbTx="91.09000238" tId="1" fbRx="91.09000894" lbRx="0" />
<p fId="0" fbTx="91.08999678" lbTx="91.09000238" tId="2" fbRx="91.09000894" lbRx="0" />
<p fId="0" fbTx="91.08999678" lbTx="91.09000238" tId="2" fbRx="91.09000894" lbRx="0" />
<p fId="0" fbTx="91.09001034" lbTx="91.09001594" tId="1" fbRx="91.0900225" lbRx="0" />
<p fId="0" fbTx="91.09001034" lbTx="91.09001594" tId="2" fbRx="91.0900225" lbRx="0" />
<p fId="0" fbTx="91.09001034" lbTx="91.09001594" tId="2" fbRx="91.0900225" lbRx="0" />
<p fId="0" fbTx="91.0900249" lbTx="91.0900305" tId="1" fbRx="91.09003706" lbRx="0" />
<p fId="0" fbTx="91.0900249" lbTx="91.0900305" tId="2" fbRx="91.09003706" lbRx="0" />
<p fId="0" fbTx="91.0900249" lbTx="91.0900305" tId="2" fbRx="91.09003706" lbRx="0" />
<p fId="0" fbTx="91.09003946" lbTx="91.09004506" tId="1" fbRx="91.09005162" lbRx="0" />
<p fId="0" fbTx="91.09003946" lbTx="91.09004506" tId="2" fbRx="91.09005162" lbRx="0" />
<p fId="0" fbTx="91.09003946" lbTx="91.09004506" tId="2" fbRx="91.09005162" lbRx="0" />
<p fId="0" fbTx="91.09005302" lbTx="91.09005862" tId="1" fbRx="91.09006518" lbRx="0" />
<p fId="0" fbTx="91.09005302" lbTx="91.09005862" tId="2" fbRx="91.09006518" lbRx="0" />
<p fId="0" fbTx="91.09005302" lbTx="91.09005862" tId="2" fbRx="91.09006518" lbRx="0" />
<p fId="0" fbTx="91.09006658" lbTx="91.09007218" tId="1" fbRx="91.09007874" lbRx="0" />
<p fId="0" fbTx="91.09006658" lbTx="91.09007218" tId="2" fbRx="91.09007874" lbRx="0" />
<p fId="0" fbTx="91.09006658" lbTx="91.09007218" tId="2" fbRx="91.09007874" lbRx="0" />
<p fId="0" fbTx="91.09008914" lbTx="91.09009474" tId="1" fbRx="91.0901013" lbRx="0" />
<p fId="0" fbTx="91.09008914" lbTx="91.09009474" tId="2" fbRx="91.0901013" lbRx="0" />
<p fId="0" fbTx="91.09008914" lbTx="91.09009474" tId="2" fbRx="91.0901013" lbRx="0" />
<p fId="0" fbTx="91.0901027" lbTx="91.0901083" tId="1" fbRx="91.09011486" lbRx="0" />
<p fId="0" fbTx="91.0901027" lbTx="91.0901083" tId="2" fbRx="91.09011486" lbRx="0" />
<p fId="0" fbTx="91.0901027" lbTx="91.0901083" tId="2" fbRx="91.09011486" lbRx="0" />
<p fId="0" fbTx="91.09011526" lbTx="91.09012086" tId="1" fbRx="91.09012742" lbRx="0" />
<p fId="0" fbTx="91.09011526" lbTx="91.09012086" tId="2" fbRx="91.09012742" lbRx="0" />
<p fId="0" fbTx="91.09011526" lbTx="91.09012086" tId="2" fbRx="91.09012742" lbRx="0" />
<p fId="0" fbTx="91.09012882" lbTx="91.09013442" tId="1" fbRx="91.09014098" lbRx="0" />
<p fId="0" fbTx="91.09012882" lbTx="91.09013442" tId="2" fbRx="91.09014098" lbRx="0" />
<p fId="0" fbTx="91.09012882" lbTx="91.09013442" tId="2" fbRx="91.09014098" lbRx="0" />
<p fId="0" fbTx="91.09014938" lbTx="91.09015498" tId="1" fbRx="91.09016154" lbRx="0" />
<p fId="0" fbTx="91.09014938" lbTx="91.09015498" tId="2" fbRx="91.09016154" lbRx="0" />
<p fId="0" fbTx="91.09014938" lbTx="91.09015498" tId="2" fbRx="91.09016154" lbRx="0" />
<p fId="0" fbTx="91.09016394" lbTx="91.09016954" tId="1" fbRx="91.0901761" lbRx="0" />
<p fId="0" fbTx="91.09016394" lbTx="91.09016954" tId="2" fbRx="91.0901761" lbRx="0" />
<p fId="0" fbTx="91.09016394" lbTx="91.09016954" tId="2" fbRx="91.0901761" lbRx="0" />
<p fId="0" fbTx="91.0901795" lbTx="91.0901851" tId="1" fbRx="91.09019166" lbRx="0" />
<p fId="0" fbTx="91.0901795" lbTx="91.0901851" tId="2" fbRx="91.09019166" lbRx="0" />
<p fId="0" fbTx="91.0901795" lbTx="91.0901851" tId="2" fbRx="91.09019166" lbRx="0" />
<p fId="0" fbTx="91.09019206" lbTx="91.09019766" tId="1" fbRx="91.09020422" lbRx="0" />
<p fId="0" fbTx="91.09019206" lbTx="91.09019766" tId="2" fbRx="91.09020422" lbRx="0" />
<p fId="0" fbTx="91.09019206" lbTx="91.09019766" tId="2" fbRx="91.09020422" lbRx="0" />
<p fId="0" fbTx="91.09020462" lbTx="91.09021022" tId="1" fbRx="91.09021678" lbRx="0" />
<p fId="0" fbTx="91.09020462" lbTx="91.09021022" tId="2" fbRx="91.09021678" lbRx="0" />
<p fId="0" fbTx="91.09020462" lbTx="91.09021022" tId="2" fbRx="91.09021678" lbRx="0" />
<p fId="0" fbTx="91.09021918" lbTx="91.09022478" tId="1" fbRx="91.09023134" lbRx="0" />
<p fId="0" fbTx="91.09021918" lbTx="91.09022478" tId="2" fbRx="91.09023134" lbRx="0" />
<p fId="0" fbTx="91.09021918" lbTx="91.09022478" tId="2" fbRx="91.09023134" lbRx="0" />
<p fId="0" fbTx="91.09024174" lbTx="91.09024734" tId="1" fbRx="91.0902539" lbRx="0" />
<p fId="0" fbTx="91.09024174" lbTx="91.09024734" tId="2" fbRx="91.0902539" lbRx="0" />
<p fId="0" fbTx="91.09024174" lbTx="91.09024734" tId="2" fbRx="91.0902539" lbRx="0" />
<p fId="0" fbTx="91.0902543" lbTx="91.0902599" tId="1" fbRx="91.09026646" lbRx="0" />
<p fId="0" fbTx="91.0902543" lbTx="91.0902599" tId="2" fbRx="91.09026646" lbRx="0" />
<p fId="0" fbTx="91.0902543" lbTx="91.0902599" tId="2" fbRx="91.09026646" lbRx="0" />
<p fId="0" fbTx="91.09027786" lbTx="91.09028346" tId="1" fbRx="91.09029002" lbRx="0" />
<p fId="0" fbTx="91.09027786" lbTx="91.09028346" tId="2" fbRx="91.09029002" lbRx="0" />
<p fId="0" fbTx="91.09027786" lbTx="91.09028346" tId="2" fbRx="91.09029002" lbRx="0" />
<p fId="0" fbTx="91.09029242" lbTx="91.09029802" tId="1" fbRx="91.09030458" lbRx="0" />
<p fId="0" fbTx="91.09029242" lbTx="91.09029802" tId="2" fbRx="91.09030458" lbRx="0" />
<p fId="0" fbTx="91.09029242" lbTx="91.09029802" tId="2" fbRx="91.09030458" lbRx="0" />
<p fId="0" fbTx="91.09030698" lbTx="91.09031258" tId="1" fbRx="91.09031914" lbRx="0" />
<p fId="0" fbTx="91.09030698" lbTx="91.09031258" tId="2" fbRx="91.09031914" lbRx="0" />
<p fId="0" fbTx="91.09030698" lbTx="91.09031258" tId="2" fbRx="91.09031914" lbRx="0" />
<p fId="0" fbTx="91.09032754" lbTx="91.09033314" tId="1" fbRx="91.0903397" lbRx="0" />
<p fId="0" fbTx="91.09032754" lbTx="91.09033314" tId="2" fbRx="91.0903397" lbRx="0" />
<p fId="0" fbTx="91.09032754" lbTx="91.09033314" tId="2" fbRx="91.0903397" lbRx="0" />
<p fId="0" fbTx="91.0903411" lbTx="91.0903467" tId="1" fbRx="91.09035326" lbRx="0" />
<p fId="0" fbTx="91.0903411" lbTx="91.0903467" tId="2" fbRx="91.09035326" lbRx="0" />
<p fId="0" fbTx="91.0903411" lbTx="91.0903467" tId="2" fbRx="91.09035326" lbRx="0" />
<p fId="0" fbTx="91.09035566" lbTx="91.09036126" tId="1" fbRx="91.09036782" lbRx="0" />
<p fId="0" fbTx="91.09035566" lbTx="91.09036126" tId="2" fbRx="91.09036782" lbRx="0" />
<p fId="0" fbTx="91.09035566" lbTx="91.09036126" tId="2" fbRx="91.09036782" lbRx="0" />
<p fId="0" fbTx="91.09037022" lbTx="91.09037582" tId="1" fbRx="91.09038238" lbRx="0" />
<p fId="0" fbTx="91.09037022" lbTx="91.09037582" tId="2" fbRx="91.09038238" lbRx="0" />
<p fId="0" fbTx="91.09037022" lbTx="91.09037582" tId="2" fbRx="91.09038238" lbRx="0" />
<p fId="0" fbTx="91.09038378" lbTx="91.09038938" tId="1" fbRx="91.09039594" lbRx="0" />
<p fId="0" fbTx="91.09038378" lbTx="91.09038938" tId="2" fbRx="91.09039594" lbRx="0" />
<p fId="0" fbTx="91.09038378" lbTx="91.09038938" tId="2" fbRx="91.09039594" lbRx="0" />
<p fId="0" fbTx="91.09040734" lbTx="91.09041294" tId="1" fbRx="91.0904195" lbRx="0" />
<p fId="0" fbTx="91.09040734" lbTx="91.09041294" tId="2" fbRx="91.0904195" lbRx="0" />
<p fId="0" fbTx="91.09040734" lbTx="91.09041294" tId="2" fbRx="91.0904195" lbRx="0" />
<p fId="0" fbTx="91.0904209" lbTx="91.0904265" tId="1" fbRx="91.09043306" lbRx="0" />
<p fId="0" fbTx="91.0904209" lbTx="91.0904265" tId="2" fbRx="91.09043306" lbRx="0" />
<p fId="0" fbTx="91.0904209" lbTx="91.0904265" tId="2" fbRx="91.09043306" lbRx="0" />
<p fId="0" fbTx="91.09043646" lbTx="91.09044206" tId="1" fbRx="91.09044862" lbRx="0" />
<p fId="0" fbTx="91.09043646" lbTx="91.09044206" tId="2" fbRx="91.09044862" lbRx="0" />
<p fId="0" fbTx="91.09043646" lbTx="91.09044206" tId="2" fbRx="91.09044862" lbRx="0" />
<p fId="0" fbTx="91.09045102" lbTx="91.09045662" tId="1" fbRx="91.09046318" lbRx="0" />
<p fId="0" fbTx="91.09045102" lbTx="91.09045662" tId="2" fbRx="91.09046318" lbRx="0" />
<p fId="0" fbTx="91.09045102" lbTx="91.09045662" tId="2" fbRx="91.09046318" lbRx="0" />
<p fId="0" fbTx="91.09047058" lbTx="91.09047618" tId="1" fbRx="91.09048274" lbRx="0" />
<p fId="0" fbTx="91.09047058" lbTx="91.09047618" tId="2" fbRx="91.09048274" lbRx="0" />
<p fId="0" fbTx="91.09047058" lbTx="91.09047618" tId="2" fbRx="91.09048274" lbRx="0" />
<p fId="0" fbTx="91.09049114" lbTx="91.09049674" tId="1" fbRx="91.0905033" lbRx="0" />
<p fId="0" fbTx="91.09049114" lbTx="91.09049674" tId="2" fbRx="91.0905033" lbRx="0" />
<p fId="0" fbTx="91.09049114" lbTx="91.09049674" tId="2" fbRx="91.0905033" lbRx="0" />
<p fId="0" fbTx="91.0905087" lbTx="91.0905143" tId="1" fbRx="91.09052086" lbRx="0" />
<p fId="0" fbTx="91.0905087" lbTx="91.0905143" tId="2" fbRx="91.09052086" lbRx="0" />
<p fId="0" fbTx="91.0905087" lbTx="91.0905143" tId="2" fbRx="91.09052086" lbRx="0" />
<p fId="0" fbTx="91.09052226" lbTx="91.09052786" tId="1" fbRx="91.09053442" lbRx="0" />
<p fId="0" fbTx="91.09052226" lbTx="91.09052786" tId="2" fbRx="91.09053442" lbRx="0" />
<p fId="0" fbTx="91.09052226" lbTx="91.09052786" tId="2" fbRx="91.09053442" lbRx="0" />
<p fId="0" fbTx="91.09053582" lbTx="91.09054142" tId="1" fbRx="91.09054798" lbRx="0" />
<p fId="0" fbTx="91.09053582" lbTx="91.09054142" tId="2" fbRx="91.09054798" lbRx="0" />
<p fId="0" fbTx="91.09053582" lbTx="91.09054142" tId="2" fbRx="91.09054798" lbRx="0" />
<p fId="0" fbTx="91.09055538" lbTx="91.09056098" tId="1" fbRx="91.09056754" lbRx="0" />
<p fId="0" fbTx="91.09055538" lbTx="91.09056098" tId="2" fbRx="91.09056754" lbRx="0" />
<p fId="0" fbTx="91.09055538" lbTx="91.09056098" tId="2" fbRx="91.09056754" lbRx="0" />
<p fId="0" fbTx="91.09056794" lbTx="91.09057354" tId="1" fbRx="91.0905801" lbRx="0" />
<p fId="0" fbTx="91.09056794" lbTx="91.09057354" tId="2" fbRx="91.0905801" lbRx="0" />
<p fId="0" fbTx="91.09056794" lbTx="91.09057354" tId="2" fbRx="91.0905801" lbRx="0" />
<p fId="0" fbTx="91.0905805" lbTx="91.0905861" tId="1" fbRx="91.09059266" lbRx="0" />
<p fId="0" fbTx="91.0905805" lbTx="91.0905861" tId="2" fbRx="91.09059266" lbRx="0" />
<p fId="0" fbTx="91.0905805" lbTx="91.0905861" tId="2" fbRx="91.09059266" lbRx="0" />
<p fId="0" fbTx="91.09059406" lbTx="91.09059966" tId="1" fbRx="91.09060622" lbRx="0" />
<p fId="0" fbTx="91.09059406" lbTx="91.09059966" tId="2" fbRx="91.09060622" lbRx="0" />
<p fId="0" fbTx="91.09059406" lbTx="91.09059966" tId="2" fbRx="91.09060622" lbRx="0" />
<p fId="0" fbTx="91.09060662" lbTx="91.09061222" tId="1" fbRx="91.09061878" lbRx="0" />
<p fId="0" fbTx="91.09060662" lbTx="91.09061222" tId="2" fbRx="91.09061878" lbRx="0" />
<p fId="0" fbTx="91.09060662" lbTx="91.09061222" tId="2" fbRx="91.09061878" lbRx="0" />
<p fId="0" fbTx="91.09062618" lbTx="91.09063178" tId="1" fbRx="91.09063834" lbRx="0" />
<p fId="0" fbTx="91.09062618" lbTx="91.09063178" tId="2" fbRx="91.09063834" lbRx="0" />
<p fId="0" fbTx="91.09062618" lbTx="91.09063178" tId="2" fbRx="91.09063834" lbRx="0" />
<p fId="0" fbTx="91.09064074" lbTx="91.09064634" tId="1" fbRx="91.0906529" lbRx="0" />
<p fId="0" fbTx="91.09064074" lbTx="91.09064634" tId="2" fbRx="91.0906529" lbRx="0" />
<p fId="0" fbTx="91.09064074" lbTx="91.09064634" tId="2" fbRx="91.0906529" lbRx="0" />
<p fId="0" fbTx="91.0906543" lbTx="91.0906599" tId="1" fbRx="91.09066646" lbRx="0" />
<p fId="0" fbTx="91.0906543" lbTx="91.0906599" tId="2" fbRx="91.09066646" lbRx="0" />
<p fId="0" fbTx="91.0906543" lbTx="91.0906599" tId="2" fbRx="91.09066646" lbRx="0" />
<p fId="0" fbTx="91.09066886" lbTx="91.09067446" tId="1" fbRx="91.09068102" lbRx="0" />
<p fId="0" fbTx="91.09066886" lbTx="91.09067446" tId="2" fbRx="91.09068102" lbRx="0" />
<p fId="0" fbTx="91.09066886" lbTx="91.09067446" tId="2" fbRx="91.09068102" lbRx="0" />
<p fId="0" fbTx="91.09068342" lbTx="91.09068902" tId="1" fbRx="91.09069558" lbRx="0" />
<p fId="0" fbTx="91.09068342" lbTx="91.09068902" tId="2" fbRx="91.09069558" lbRx="0" />
<p fId="0" fbTx="91.09068342" lbTx="91.09068902" tId="2" fbRx="91.09069558" lbRx="0" />
<p fId="0" fbTx="91.09069598" lbTx="91.09070158" tId="1" fbRx="91.09070814" lbRx="0" />
<p fId="0" fbTx="91.09069598" lbTx="91.09070158" tId="2" fbRx="91.09070814" lbRx="0" />
<p fId="0" fbTx="91.09069598" lbTx="91.09070158" tId="2" fbRx="91.09070814" lbRx="0" />
<p fId="0" fbTx="91.09071054" lbTx="91.09071614" tId="1" fbRx="91.0907227" lbRx="0" />
<p fId="0" fbTx="91.09071054" lbTx="91.09071614" tId="2" fbRx="91.0907227" lbRx="0" />
<p fId="0" fbTx="91.09071054" lbTx="91.09071614" tId="2" fbRx="91.0907227" lbRx="0" />
<p fId="1" fbTx="101.539089" lbTx="101.5391226" tId="0" fbRx="101.5391292" lbRx="0" />
<p fId="1" fbTx="101.539089" lbTx="101.5391226" tId="2" fbRx="101.5391292" lbRx="0" />
<p fId="1" fbTx="101.539089" lbTx="101.5391226" tId="2" fbRx="101.5391292" lbRx="0" />
<p fId="2" fbTx="101.5391292" lbTx="101.5391776" tId="0" fbRx="101.5391842" lbRx="0" />
<p fId="2" fbTx="101.5391292" lbTx="101.5391776" tId="1" fbRx="101.5391842" lbRx="0" />
<p fId="2" fbTx="101.5391292" lbTx="101.5391776" tId="1" fbRx="101.5391842" lbRx="0" />
<p fId="2" fbTx="101.5391866" lbTx="101.5392351" tId="0" fbRx="101.5392416" lbRx="0" />
<p fId="2" fbTx="101.5391866" lbTx="101.5392351" tId="1" fbRx="101.5392416" lbRx="0" />
<p fId="2" fbTx="101.5391866" lbTx="101.5392351" tId="1" fbRx="101.5392416" lbRx="0" />
<p fId="2" fbTx="101.539242" lbTx="101.5392905" tId="0" fbRx="101.5392971" lbRx="0" />
<p fId="2" fbTx="101.539242" lbTx="101.5392905" tId="1" fbRx="101.5392971" lbRx="0" />
<p fId="2" fbTx="101.539242" lbTx="101.5392905" tId="1" fbRx="101.5392971" lbRx="0" />
<p fId="2" fbTx="101.5392995" lbTx="101.539348" tId="0" fbRx="101.5393545" lbRx="0" />
<p fId="2" fbTx="101.5392995" lbTx="101.539348" tId="1" fbRx="101.5393545" lbRx="0" />
<p fId="2" fbTx="101.5392995" lbTx="101.539348" tId="1" fbRx="101.5393545" lbRx="0" />
<p fId="2" fbTx="101.5393549" lbTx="101.5394034" tId="0" fbRx="101.53941" lbRx="0" />
<p fId="2" fbTx="101.5393549" lbTx="101.5394034" tId="1" fbRx="101.53941" lbRx="0" />
<p fId="2" fbTx="101.5393549" lbTx="101.5394034" tId="1" fbRx="101.53941" lbRx="0" />
<p fId="2" fbTx="101.5394104" lbTx="101.5394588" tId="0" fbRx="101.5394654" lbRx="0" />
<p fId="2" fbTx="101.5394104" lbTx="101.5394588" tId="1" fbRx="101.5394654" lbRx="0" />
<p fId="2" fbTx="101.5394104" lbTx="101.5394588" tId="1" fbRx="101.5394654" lbRx="0" />
<p fId="2" fbTx="101.5394738" lbTx="101.5395223" tId="0" fbRx="101.5395288" lbRx="0" />
<p fId="2" fbTx="101.5394738" lbTx="101.5395223" tId="1" fbRx="101.5395288" lbRx="0" />
<p fId="2" fbTx="101.5394738" lbTx="101.5395223" tId="1" fbRx="101.5395288" lbRx="0" />
<p fId="2" fbTx="101.5395292" lbTx="101.5395777" tId="0" fbRx="101.5395843" lbRx="0" />
<p fId="2" fbTx="101.5395292" lbTx="101.5395777" tId="1" fbRx="101.5395843" lbRx="0" />
<p fId="2" fbTx="101.5395292" lbTx="101.5395777" tId="1" fbRx="101.5395843" lbRx="0" />
<p fId="2" fbTx="101.5395857" lbTx="101.5396342" tId="0" fbRx="101.5396407" lbRx="0" />
<p fId="2" fbTx="101.5395857" lbTx="101.5396342" tId="1" fbRx="101.5396407" lbRx="0" />
<p fId="2" fbTx="101.5395857" lbTx="101.5396342" tId="1" fbRx="101.5396407" lbRx="0" />
<p fId="2" fbTx="101.5396531" lbTx="101.5397016" tId="0" fbRx="101.5397082" lbRx="0" />
<p fId="2" fbTx="101.5396531" lbTx="101.5397016" tId="1" fbRx="101.5397082" lbRx="0" />
<p fId="2" fbTx="101.5396531" lbTx="101.5397016" tId="1" fbRx="101.5397082" lbRx="0" />
<p fId="2" fbTx="101.5397206" lbTx="101.539769" tId="0" fbRx="101.5397756" lbRx="0" />
<p fId="2" fbTx="101.5397206" lbTx="101.539769" tId="1" fbRx="101.5397756" lbRx="0" />
<p fId="2" fbTx="101.5397206" lbTx="101.539769" tId="1" fbRx="101.5397756" lbRx="0" />
<p fId="2" fbTx="101.539778" lbTx="101.5398265" tId="0" fbRx="101.539833" lbRx="0" />
<p fId="2" fbTx="101.539778" lbTx="101.5398265" tId="1" fbRx="101.539833" lbRx="0" />
<p fId="2" fbTx="101.539778" lbTx="101.5398265" tId="1" fbRx="101.539833" lbRx="0" />
<p fId="2" fbTx="101.5398334" lbTx="101.5398819" tId="0" fbRx="101.5398885" lbRx="0" />
<p fId="2" fbTx="101.5398334" lbTx="101.5398819" tId="1" fbRx="101.5398885" lbRx="0" />
<p fId="2" fbTx="101.5398334" lbTx="101.5398819" tId="1" fbRx="101.5398885" lbRx="0" />
<p fId="2" fbTx="101.5398909" lbTx="101.5399394" tId="0" fbRx="101.5399459" lbRx="0" />
<p fId="2" fbTx="101.5398909" lbTx="101.5399394" tId="1" fbRx="101.5399459" lbRx="0" />
<p fId="2" fbTx="101.5398909" lbTx="101.5399394" tId="1" fbRx="101.5399459" lbRx="0" />
<p fId="2" fbTx="101.5399553" lbTx="101.5400038" tId="0" fbRx="101.5400104" lbRx="0" />
<p fId="2" fbTx="101.5399553" lbTx="101.5400038" tId="1" fbRx="101.5400104" lbRx="0" />
<p fId="2" fbTx="101.5399553" lbTx="101.5400038" tId="1" fbRx="101.5400104" lbRx="0" />
<p fId="2" fbTx="101.5400138" lbTx="101.5400622" tId="0" fbRx="101.5400688" lbRx="0" />
<p fId="2" fbTx="101.5400138" lbTx="101.5400622" tId="1" fbRx="101.5400688" lbRx="0" />
<p fId="2" fbTx="101.5400138" lbTx="101.5400622" tId="1" fbRx="101.5400688" lbRx="0" />
<p fId="2" fbTx="101.5400712" lbTx="101.5401197" tId="0" fbRx="101.5401262" lbRx="0" />
<p fId="2" fbTx="101.5400712" lbTx="101.5401197" tId="1" fbRx="101.5401262" lbRx="0" />
<p fId="2" fbTx="101.5400712" lbTx="101.5401197" tId="1" fbRx="101.5401262" lbRx="0" />
<p fId="2" fbTx="101.5401286" lbTx="101.5401771" tId="0" fbRx="101.5401837" lbRx="0" />
<p fId="2" fbTx="101.5401286" lbTx="101.5401771" tId="1" fbRx="101.5401837" lbRx="0" />
<p fId="2" fbTx="101.5401286" lbTx="101.5401771" tId="1" fbRx="101.5401837" lbRx="0" />
<p fId="2" fbTx="101.5401861" lbTx="101.5402346" tId="0" fbRx="101.5402411" lbRx="0" />
<p fId="2" fbTx="101.5401861" lbTx="101.5402346" tId="1" fbRx="101.5402411" lbRx="0" />
<p fId="2" fbTx="101.5401861" lbTx="101.5402346" tId="1" fbRx="101.5402411" lbRx="0" />
<p fId="2" fbTx="101.5402435" lbTx="101.540292" tId="0" fbRx="101.5402986" lbRx="0" />
<p fId="2" fbTx="101.5402435" lbTx="101.540292" tId="1" fbRx="101.5402986" lbRx="0" />
<p fId="2" fbTx="101.5402435" lbTx="101.540292" tId="1" fbRx="101.5402986" lbRx="0" />
<p fId="2" fbTx="101.5403" lbTx="101.5403484" tId="0" fbRx="101.540355" lbRx="0" />
<p fId="2" fbTx="101.5403" lbTx="101.5403484" tId="1" fbRx="101.540355" lbRx="0" />
<p fId="2" fbTx="101.5403" lbTx="101.5403484" tId="1" fbRx="101.540355" lbRx="0" />
<p fId="2" fbTx="101.5403554" lbTx="101.5404039" tId="0" fbRx="101.5404104" lbRx="0" />
<p fId="2" fbTx="101.5403554" lbTx="101.5404039" tId="1" fbRx="101.5404104" lbRx="0" />
<p fId="2" fbTx="101.5403554" lbTx="101.5404039" tId="1" fbRx="101.5404104" lbRx="0" />
<p fId="2" fbTx="101.5404108" lbTx="101.5404593" tId="0" fbRx="101.5404659" lbRx="0" />
<p fId="2" fbTx="101.5404108" lbTx="101.5404593" tId="1" fbRx="101.5404659" lbRx="0" />
<p fId="2" fbTx="101.5404108" lbTx="101.5404593" tId="1" fbRx="101.5404659" lbRx="0" />
<p fId="2" fbTx="101.5404663" lbTx="101.5405148" tId="0" fbRx="101.5405213" lbRx="0" />
<p fId="2" fbTx="101.5404663" lbTx="101.5405148" tId="1" fbRx="101.5405213" lbRx="0" />
<p fId="2" fbTx="101.5404663" lbTx="101.5405148" tId="1" fbRx="101.5405213" lbRx="0" />
<p fId="2" fbTx="101.5405217" lbTx="101.5405702" tId="0" fbRx="101.5405768" lbRx="0" />
<p fId="2" fbTx="101.5405217" lbTx="101.5405702" tId="1" fbRx="101.5405768" lbRx="0" />
<p fId="2" fbTx="101.5405217" lbTx="101.5405702" tId="1" fbRx="101.5405768" lbRx="0" />
<p fId="2" fbTx="101.5405782" lbTx="101.5406266" tId="0" fbRx="101.5406332" lbRx="0" />
<p fId="2" fbTx="101.5405782" lbTx="101.5406266" tId="1" fbRx="101.5406332" lbRx="0" />
<p fId="2" fbTx="101.5405782" lbTx="101.5406266" tId="1" fbRx="101.5406332" lbRx="0" />
<p fId="2" fbTx="101.5406356" lbTx="101.5406841" tId="0" fbRx="101.5406906" lbRx="0" />
<p fId="2" fbTx="101.5406356" lbTx="101.5406841" tId="1" fbRx="101.5406906" lbRx="0" />
<p fId="2" fbTx="101.5406356" lbTx="101.5406841" tId="1" fbRx="101.5406906" lbRx="0" />
<p fId="2" fbTx="101.540697" lbTx="101.5407455" tId="0" fbRx="101.5407521" lbRx="0" />
<p fId="2" fbTx="101.540697" lbTx="101.5407455" tId="1" fbRx="101.5407521" lbRx="0" />
<p fId="2" fbTx="101.540697" lbTx="101.5407455" tId="1" fbRx="101.5407521" lbRx="0" />
<p fId="2" fbTx="101.5407535" lbTx="101.540802" tId="0" fbRx="101.5408085" lbRx="0" />
<p fId="2" fbTx="101.5407535" lbTx="101.540802" tId="1" fbRx="101.5408085" lbRx="0" />
<p fId="2" fbTx="101.5407535" lbTx="101.540802" tId="1" fbRx="101.5408085" lbRx="0" />
<p fId="2" fbTx="101.5408109" lbTx="101.5408594" tId="0" fbRx="101.540866" lbRx="0" />
<p fId="2" fbTx="101.5408109" lbTx="101.5408594" tId="1" fbRx="101.540866" lbRx="0" />
<p fId="2" fbTx="101.5408109" lbTx="101.5408594" tId="1" fbRx="101.540866" lbRx="0" />
<p fId="2" fbTx="101.5408794" lbTx="101.5409278" tId="0" fbRx="101.5409344" lbRx="0" />
<p fId="2" fbTx="101.5408794" lbTx="101.5409278" tId="1" fbRx="101.5409344" lbRx="0" />
<p fId="2" fbTx="101.5408794" lbTx="101.5409278" tId="1" fbRx="101.5409344" lbRx="0" />
<p fId="2" fbTx="101.5409358" lbTx="101.5409843" tId="0" fbRx="101.5409908" lbRx="0" />
<p fId="2" fbTx="101.5409358" lbTx="101.5409843" tId="1" fbRx="101.5409908" lbRx="0" />
<p fId="2" fbTx="101.5409358" lbTx="101.5409843" tId="1" fbRx="101.5409908" lbRx="0" />
<p fId="2" fbTx="101.5409952" lbTx="101.5410437" tId="0" fbRx="101.5410503" lbRx="0" />
<p fId="2" fbTx="101.5409952" lbTx="101.5410437" tId="1" fbRx="101.5410503" lbRx="0" />
<p fId="2" fbTx="101.5409952" lbTx="101.5410437" tId="1" fbRx="101.5410503" lbRx="0" />
<p fId="2" fbTx="101.5410507" lbTx="101.5410992" tId="0" fbRx="101.5411057" lbRx="0" />
<p fId="2" fbTx="101.5410507" lbTx="101.5410992" tId="1" fbRx="101.5411057" lbRx="0" />
<p fId="2" fbTx="101.5410507" lbTx="101.5410992" tId="1" fbRx="101.5411057" lbRx="0" />
<p fId="2" fbTx="101.5411081" lbTx="101.5411566" tId="0" fbRx="101.5411632" lbRx="0" />
<p fId="2" fbTx="101.5411081" lbTx="101.5411566" tId="1" fbRx="101.5411632" lbRx="0" />
<p fId="2" fbTx="101.5411081" lbTx="101.5411566" tId="1" fbRx="101.5411632" lbRx="0" />
<p fId="2" fbTx="101.5411646" lbTx="101.541213" tId="0" fbRx="101.5412196" lbRx="0" />
<p fId="2" fbTx="101.5411646" lbTx="101.541213" tId="1" fbRx="101.5412196" lbRx="0" />
<p fId="2" fbTx="101.5411646" lbTx="101.541213" tId="1" fbRx="101.5412196" lbRx="0" />
<p fId="2" fbTx="101.54122" lbTx="101.5412685" tId="0" fbRx="101.541275" lbRx="0" />
<p fId="2" fbTx="101.54122" lbTx="101.5412685" tId="1" fbRx="101.541275" lbRx="0" />
<p fId="2" fbTx="101.54122" lbTx="101.5412685" tId="1" fbRx="101.541275" lbRx="0" />
<p fId="2" fbTx="101.5412784" lbTx="101.5413269" tId="0" fbRx="101.5413335" lbRx="0" />
<p fId="2" fbTx="101.5412784" lbTx="101.5413269" tId="1" fbRx="101.5413335" lbRx="0" />
<p fId="2" fbTx="101.5412784" lbTx="101.5413269" tId="1" fbRx="101.5413335" lbRx="0" />
<p fId="2" fbTx="101.5413339" lbTx="101.5413824" tId="0" fbRx="101.5413889" lbRx="0" />
<p fId="2" fbTx="101.5413339" lbTx="101.5413824" tId="1" fbRx="101.5413889" lbRx="0" />
<p fId="2" fbTx="101.5413339" lbTx="101.5413824" tId="1" fbRx="101.5413889" lbRx="0" />
<p fId="2" fbTx="101.5413903" lbTx="101.5414388" tId="0" fbRx="101.5414454" lbRx="0" />
<p fId="2" fbTx="101.5413903" lbTx="101.5414388" tId="1" fbRx="101.5414454" lbRx="0" />
<p fId="2" fbTx="101.5413903" lbTx="101.5414388" tId="1" fbRx="101.5414454" lbRx="0" />
<p fId="2" fbTx="101.5414498" lbTx="101.5414982" tId="0" fbRx="101.5415048" lbRx="0" />
<p fId="2" fbTx="101.5414498" lbTx="101.5414982" tId="1" fbRx="101.5415048" lbRx="0" />
<p fId="2" fbTx="101.5414498" lbTx="101.5414982" tId="1" fbRx="101.5415048" lbRx="0" />
<p fId="2" fbTx="101.5415072" lbTx="101.5415557" tId="0" fbRx="101.5415622" lbRx="0" />
<p fId="2" fbTx="101.5415072" lbTx="101.5415557" tId="1" fbRx="101.5415622" lbRx="0" />
<p fId="2" fbTx="101.5415072" lbTx="101.5415557" tId="1" fbRx="101.5415622" lbRx="0" />
<p fId="2" fbTx="101.5415746" lbTx="101.5416231" tId="0" fbRx="101.5416297" lbRx="0" />
<p fId="2" fbTx="101.5415746" lbTx="101.5416231" tId="1" fbRx="101.5416297" lbRx="0" />
<p fId="2" fbTx="101.5415746" lbTx="101.5416231" tId="1" fbRx="101.5416297" lbRx="0" />
<p fId="2" fbTx="101.5416311" lbTx="101.5416796" tId="0" fbRx="101.5416861" lbRx="0" />
<p fId="2" fbTx="101.5416311" lbTx="101.5416796" tId="1" fbRx="101.5416861" lbRx="0" />
<p fId="2" fbTx="101.5416311" lbTx="101.5416796" tId="1" fbRx="101.5416861" lbRx="0" />
<p fId="2" fbTx="101.5416885" lbTx="101.541737" tId="0" fbRx="101.5417436" lbRx="0" />
<p fId="2" fbTx="101.5416885" lbTx="101.541737" tId="1" fbRx="101.5417436" lbRx="0" />
<p fId="2" fbTx="101.5416885" lbTx="101.541737" tId="1" fbRx="101.5417436" lbRx="0" />
<p fId="2" fbTx="101.541756" lbTx="101.5418044" tId="0" fbRx="101.541811" lbRx="0" />
<p fId="2" fbTx="101.541756" lbTx="101.5418044" tId="1" fbRx="101.541811" lbRx="0" />
<p fId="2" fbTx="101.541756" lbTx="101.5418044" tId="1" fbRx="101.541811" lbRx="0" />
<p fId="2" fbTx="101.5418114" lbTx="101.5418599" tId="0" fbRx="101.5418664" lbRx="0" />
<p fId="2" fbTx="101.5418114" lbTx="101.5418599" tId="1" fbRx="101.5418664" lbRx="0" />
<p fId="2" fbTx="101.5418114" lbTx="101.5418599" tId="1" fbRx="101.5418664" lbRx="0" />
<p fId="2" fbTx="101.5418668" lbTx="101.5419153" tId="0" fbRx="101.5419219" lbRx="0" />
<p fId="2" fbTx="101.5418668" lbTx="101.5419153" tId="1" fbRx="101.5419219" lbRx="0" />
<p fId="2" fbTx="101.5418668" lbTx="101.5419153" tId="1" fbRx="101.5419219" lbRx="0" />
<p fId="2" fbTx="101.5419223" lbTx="101.5419708" tId="0" fbRx="101.5419773" lbRx="0" />
<p fId="2" fbTx="101.5419223" lbTx="101.5419708" tId="1" fbRx="101.5419773" lbRx="0" />
<p fId="2" fbTx="101.5419223" lbTx="101.5419708" tId="1" fbRx="101.5419773" lbRx="0" />
<p fId="2" fbTx="101.5419807" lbTx="101.5420292" tId="0" fbRx="101.5420358" lbRx="0" />
<p fId="2" fbTx="101.5419807" lbTx="101.5420292" tId="1" fbRx="101.5420358" lbRx="0" />
<p fId="2" fbTx="101.5419807" lbTx="101.5420292" tId="1" fbRx="101.5420358" lbRx="0" />
<p fId="2" fbTx="101.5420382" lbTx="101.5420866" tId="0" fbRx="101.5420932" lbRx="0" />
<p fId="2" fbTx="101.5420382" lbTx="101.5420866" tId="1" fbRx="101.5420932" lbRx="0" />
<p fId="2" fbTx="101.5420382" lbTx="101.5420866" tId="1" fbRx="101.5420932" lbRx="0" />
<p fId="2" fbTx="101.5420946" lbTx="101.5421431" tId="0" fbRx="101.5421496" lbRx="0" />
<p fId="2" fbTx="101.5420946" lbTx="101.5421431" tId="1" fbRx="101.5421496" lbRx="0" />
<p fId="2" fbTx="101.5420946" lbTx="101.5421431" tId="1" fbRx="101.5421496" lbRx="0" />
<p fId="2" fbTx="101.542153" lbTx="101.5422015" tId="0" fbRx="101.5422081" lbRx="0" />
<p fId="2" fbTx="101.542153" lbTx="101.5422015" tId="1" fbRx="101.5422081" lbRx="0" />
<p fId="2" fbTx="101.542153" lbTx="101.5422015" tId="1" fbRx="101.5422081" lbRx="0" />
<p fId="2" fbTx="101.5422115" lbTx="101.54226" tId="0" fbRx="101.5422665" lbRx="0" />
<p fId="2" fbTx="101.5422115" lbTx="101.54226" tId="1" fbRx="101.5422665" lbRx="0" />
<p fId="2" fbTx="101.5422115" lbTx="101.54226" tId="1" fbRx="101.5422665" lbRx="0" />
<p fId="2" fbTx="101.5422779" lbTx="101.5423264" tId="0" fbRx="101.542333" lbRx="0" />
<p fId="2" fbTx="101.5422779" lbTx="101.5423264" tId="1" fbRx="101.542333" lbRx="0" />
<p fId="2" fbTx="101.5422779" lbTx="101.5423264" tId="1" fbRx="101.542333" lbRx="0" />
<p fId="2" fbTx="101.5423424" lbTx="101.5423908" tId="0" fbRx="101.5423974" lbRx="0" />
<p fId="2" fbTx="101.5423424" lbTx="101.5423908" tId="1" fbRx="101.5423974" lbRx="0" />
<p fId="2" fbTx="101.5423424" lbTx="101.5423908" tId="1" fbRx="101.5423974" lbRx="0" />
<p fId="2" fbTx="101.5424008" lbTx="101.5424493" tId="0" fbRx="101.5424558" lbRx="0" />
<p fId="2" fbTx="101.5424008" lbTx="101.5424493" tId="1" fbRx="101.5424558" lbRx="0" />
<p fId="2" fbTx="101.5424008" lbTx="101.5424493" tId="1" fbRx="101.5424558" lbRx="0" />
<p fId="2" fbTx="101.5424672" lbTx="101.5425157" tId="0" fbRx="101.5425223" lbRx="0" />
<p fId="2" fbTx="101.5424672" lbTx="101.5425157" tId="1" fbRx="101.5425223" lbRx="0" />
<p fId="2" fbTx="101.5424672" lbTx="101.5425157" tId="1" fbRx="101.5425223" lbRx="0" />
<p fId="2" fbTx="101.5425267" lbTx="101.5425752" tId="0" fbRx="101.5425817" lbRx="0" />
<p fId="2" fbTx="101.5425267" lbTx="101.5425752" tId="1" fbRx="101.5425817" lbRx="0" />
<p fId="2" fbTx="101.5425267" lbTx="101.5425752" tId="1" fbRx="101.5425817" lbRx="0" />
<p fId="2" fbTx="101.5425821" lbTx="101.5426306" tId="0" fbRx="101.5426372" lbRx="0" />
<p fId="2" fbTx="101.5425821" lbTx="101.5426306" tId="1" fbRx="101.5426372" lbRx="0" />
<p fId="2" fbTx="101.5425821" lbTx="101.5426306" tId="1" fbRx="101.5426372" lbRx="0" />
<p fId="2" fbTx="101.5426406" lbTx="101.542689" tId="0" fbRx="101.5426956" lbRx="0" />
<p fId="2" fbTx="101.5426406" lbTx="101.542689" tId="1" fbRx="101.5426956" lbRx="0" />
<p fId="2" fbTx="101.5426406" lbTx="101.542689" tId="1" fbRx="101.5426956" lbRx="0" />
<p fId="2" fbTx="101.542696" lbTx="101.5427445" tId="0" fbRx="101.542751" lbRx="0" />
<p fId="2" fbTx="101.542696" lbTx="101.5427445" tId="1" fbRx="101.542751" lbRx="0" />
<p fId="2" fbTx="101.542696" lbTx="101.5427445" tId="1" fbRx="101.542751" lbRx="0" />
<p fId="2" fbTx="101.5427634" lbTx="101.5428119" tId="0" fbRx="101.5428185" lbRx="0" />
<p fId="2" fbTx="101.5427634" lbTx="101.5428119" tId="1" fbRx="101.5428185" lbRx="0" />
<p fId="2" fbTx="101.5427634" lbTx="101.5428119" tId="1" fbRx="101.5428185" lbRx="0" />
<p fId="2" fbTx="101.5428199" lbTx="101.5428684" tId="0" fbRx="101.5428749" lbRx="0" />
<p fId="2" fbTx="101.5428199" lbTx="101.5428684" tId="1" fbRx="101.5428749" lbRx="0" />
<p fId="2" fbTx="101.5428199" lbTx="101.5428684" tId="1" fbRx="101.5428749" lbRx="0" />
<p fId="2" fbTx="101.5428773" lbTx="101.5429258" tId="0" fbRx="101.5429324" lbRx="0" />
<p fId="2" fbTx="101.5428773" lbTx="101.5429258" tId="1" fbRx="101.5429324" lbRx="0" />
<p fId="2" fbTx="101.5428773" lbTx="101.5429258" tId="1" fbRx="101.5429324" lbRx="0" />
<p fId="2" fbTx="101.5429338" lbTx="101.5429822" tId="0" fbRx="101.5429888" lbRx="0" />
<p fId="2" fbTx="101.5429338" lbTx="101.5429822" tId="1" fbRx="101.5429888" lbRx="0" />
<p fId="2" fbTx="101.5429338" lbTx="101.5429822" tId="1" fbRx="101.5429888" lbRx="0" />
<p fId="2" fbTx="101.5429942" lbTx="101.5430427" tId="0" fbRx="101.5430492" lbRx="0" />
<p fId="2" fbTx="101.5429942" lbTx="101.5430427" tId="1" fbRx="101.5430492" lbRx="0" />
<p fId="2" fbTx="101.5429942" lbTx="101.5430427" tId="1" fbRx="101.5430492" lbRx="0" />
<p fId="2" fbTx="101.5430606" lbTx="101.5431091" tId="0" fbRx="101.5431157" lbRx="0" />
<p fId="2" fbTx="101.5430606" lbTx="101.5431091" tId="1" fbRx="101.5431157" lbRx="0" />
<p fId="2" fbTx="101.5430606" lbTx="101.5431091" tId="1" fbRx="101.5431157" lbRx="0" />
<p fId="2" fbTx="101.5431161" lbTx="101.5431646" tId="0" fbRx="101.5431711" lbRx="0" />
<p fId="2" fbTx="101.5431161" lbTx="101.5431646" tId="1" fbRx="101.5431711" lbRx="0" />
<p fId="2" fbTx="101.5431161" lbTx="101.5431646" tId="1" fbRx="101.5431711" lbRx="0" />
<p fId="2" fbTx="101.5431815" lbTx="101.54323" tId="0" fbRx="101.5432366" lbRx="0" />
<p fId="2" fbTx="101.5431815" lbTx="101.54323" tId="1" fbRx="101.5432366" lbRx="0" />
<p fId="2" fbTx="101.5431815" lbTx="101.54323" tId="1" fbRx="101.5432366" lbRx="0" />
<p fId="2" fbTx="101.543237" lbTx="101.5432854" tId="0" fbRx="101.543292" lbRx="0" />
<p fId="2" fbTx="101.543237" lbTx="101.5432854" tId="1" fbRx="101.543292" lbRx="0" />
<p fId="2" fbTx="101.543237" lbTx="101.5432854" tId="1" fbRx="101.543292" lbRx="0" />
<p fId="2" fbTx="101.5432924" lbTx="101.5433409" tId="0" fbRx="101.5433474" lbRx="0" />
<p fId="2" fbTx="101.5432924" lbTx="101.5433409" tId="1" fbRx="101.5433474" lbRx="0" />
<p fId="2" fbTx="101.5432924" lbTx="101.5433409" tId="1" fbRx="101.5433474" lbRx="0" />
<p fId="2" fbTx="101.5433488" lbTx="101.5433973" tId="0" fbRx="101.5434039" lbRx="0" />
<p fId="2" fbTx="101.5433488" lbTx="101.5433973" tId="1" fbRx="101.5434039" lbRx="0" />
<p fId="2" fbTx="101.5433488" lbTx="101.5433973" tId="1" fbRx="101.5434039" lbRx="0" />
<p fId="2" fbTx="101.5434073" lbTx="101.5434558" tId="0" fbRx="101.5434623" lbRx="0" />
<p fId="2" fbTx="101.5434073" lbTx="101.5434558" tId="1" fbRx="101.5434623" lbRx="0" />
<p fId="2" fbTx="101.5434073" lbTx="101.5434558" tId="1" fbRx="101.5434623" lbRx="0" />
<p fId="2" fbTx="101.5434657" lbTx="101.5435142" tId="0" fbRx="101.5435208" lbRx="0" />
<p fId="2" fbTx="101.5434657" lbTx="101.5435142" tId="1" fbRx="101.5435208" lbRx="0" />
<p fId="2" fbTx="101.5434657" lbTx="101.5435142" tId="1" fbRx="101.5435208" lbRx="0" />
<p fId="2" fbTx="101.5435232" lbTx="101.5435716" tId="0" fbRx="101.5435782" lbRx="0" />
<p fId="2" fbTx="101.5435232" lbTx="101.5435716" tId="1" fbRx="101.5435782" lbRx="0" />
<p fId="2" fbTx="101.5435232" lbTx="101.5435716" tId="1" fbRx="101.5435782" lbRx="0" />
<p fId="2" fbTx="101.5435866" lbTx="101.5436351" tId="0" fbRx="101.5436416" lbRx="0" />
<p fId="2" fbTx="101.5435866" lbTx="101.5436351" tId="1" fbRx="101.5436416" lbRx="0" />
<p fId="2" fbTx="101.5435866" lbTx="101.5436351" tId="1" fbRx="101.5436416" lbRx="0" />
<p fId="2" fbTx="101.543649" lbTx="101.5436975" tId="0" fbRx="101.5437041" lbRx="0" />
<p fId="2" fbTx="101.543649" lbTx="101.5436975" tId="1" fbRx="101.5437041" lbRx="0" />
<p fId="2" fbTx="101.543649" lbTx="101.5436975" tId="1" fbRx="101.5437041" lbRx="0" />
<p fId="2" fbTx="101.5437125" lbTx="101.543761" tId="0" fbRx="101.5437675" lbRx="0" />
<p fId="2" fbTx="101.5437125" lbTx="101.543761" tId="1" fbRx="101.5437675" lbRx="0" />
<p fId="2" fbTx="101.5437125" lbTx="101.543761" tId="1" fbRx="101.5437675" lbRx="0" />
<p fId="2" fbTx="101.5437699" lbTx="101.5438184" tId="0" fbRx="101.543825" lbRx="0" />
<p fId="2" fbTx="101.5437699" lbTx="101.5438184" tId="1" fbRx="101.543825" lbRx="0" />
<p fId="2" fbTx="101.5437699" lbTx="101.5438184" tId="1" fbRx="101.543825" lbRx="0" />
<p fId="2" fbTx="101.5438304" lbTx="101.5438788" tId="0" fbRx="101.5438854" lbRx="0" />
<p fId="2" fbTx="101.5438304" lbTx="101.5438788" tId="1" fbRx="101.5438854" lbRx="0" />
<p fId="2" fbTx="101.5438304" lbTx="101.5438788" tId="1" fbRx="101.5438854" lbRx="0" />
<p fId="2" fbTx="101.5438878" lbTx="101.5439363" tId="0" fbRx="101.5439428" lbRx="0" />
<p fId="2" fbTx="101.5438878" lbTx="101.5439363" tId="1" fbRx="101.5439428" lbRx="0" />
<p fId="2" fbTx="101.5438878" lbTx="101.5439363" tId="1" fbRx="101.5439428" lbRx="0" />
<p fId="2" fbTx="101.5439442" lbTx="101.5439927" tId="0" fbRx="101.5439993" lbRx="0" />
<p fId="2" fbTx="101.5439442" lbTx="101.5439927" tId="1" fbRx="101.5439993" lbRx="0" />
<p fId="2" fbTx="101.5439442" lbTx="101.5439927" tId="1" fbRx="101.5439993" lbRx="0" />
<p fId="2" fbTx="101.5440067" lbTx="101.5440552" tId="0" fbRx="101.5440617" lbRx="0" />
<p fId="2" fbTx="101.5440067" lbTx="101.5440552" tId="1" fbRx="101.5440617" lbRx="0" />
<p fId="2" fbTx="101.5440067" lbTx="101.5440552" tId="1" fbRx="101.5440617" lbRx="0" />
<p fId="2" fbTx="101.5440621" lbTx="101.5441106" tId="0" fbRx="101.5441172" lbRx="0" />
<p fId="2" fbTx="101.5440621" lbTx="101.5441106" tId="1" fbRx="101.5441172" lbRx="0" />
<p fId="2" fbTx="101.5440621" lbTx="101.5441106" tId="1" fbRx="101.5441172" lbRx="0" />
<p fId="2" fbTx="101.5441266" lbTx="101.544175" tId="0" fbRx="101.5441816" lbRx="0" />
<p fId="2" fbTx="101.5441266" lbTx="101.544175" tId="1" fbRx="101.5441816" lbRx="0" />
<p fId="2" fbTx="101.5441266" lbTx="101.544175" tId="1" fbRx="101.5441816" lbRx="0" />
<p fId="2" fbTx="101.544186" lbTx="101.5442345" tId="0" fbRx="101.544241" lbRx="0" />
<p fId="2" fbTx="101.544186" lbTx="101.5442345" tId="1" fbRx="101.544241" lbRx="0" />
<p fId="2" fbTx="101.544186" lbTx="101.5442345" tId="1" fbRx="101.544241" lbRx="0" />
<p fId="2" fbTx="101.5442434" lbTx="101.5442919" tId="0" fbRx="101.5442985" lbRx="0" />
<p fId="2" fbTx="101.5442434" lbTx="101.5442919" tId="1" fbRx="101.5442985" lbRx="0" />
<p fId="2" fbTx="101.5442434" lbTx="101.5442919" tId="1" fbRx="101.5442985" lbRx="0" />
<p fId="2" fbTx="101.5443059" lbTx="101.5443544" tId="0" fbRx="101.5443609" lbRx="0" />
<p fId="2" fbTx="101.5443059" lbTx="101.5443544" tId="1" fbRx="101.5443609" lbRx="0" />
<p fId="2" fbTx="101.5443059" lbTx="101.5443544" tId="1" fbRx="101.5443609" lbRx="0" />
<p fId="2" fbTx="101.5443643" lbTx="101.5444128" tId="0" fbRx="101.5444194" lbRx="0" />
<p fId="2" fbTx="101.5443643" lbTx="101.5444128" tId="1" fbRx="101.5444194" lbRx="0" />
<p fId="2" fbTx="101.5443643" lbTx="101.5444128" tId="1" fbRx="101.5444194" lbRx="0" />
<p fId="2" fbTx="101.5444198" lbTx="101.5444682" tId="0" fbRx="101.5444748" lbRx="0" />
<p fId="2" fbTx="101.5444198" lbTx="101.5444682" tId="1" fbRx="101.5444748" lbRx="0" />
<p fId="2" fbTx="101.5444198" lbTx="101.5444682" tId="1" fbRx="101.5444748" lbRx="0" />
<p fId="2" fbTx="101.5444762" lbTx="101.5445247" tId="0" fbRx="101.5445312" lbRx="0" />
<p fId="2" fbTx="101.5444762" lbTx="101.5445247" tId="1" fbRx="101.5445312" lbRx="0" />
<p fId="2" fbTx="101.5444762" lbTx="101.5445247" tId="1" fbRx="101.5445312" lbRx="0" />
<p fId="2" fbTx="101.5445346" lbTx="101.5445831" tId="0" fbRx="101.5445897" lbRx="0" />
<p fId="2" fbTx="101.5445346" lbTx="101.5445831" tId="1" fbRx="101.5445897" lbRx="0" />
<p fId="2" fbTx="101.5445346" lbTx="101.5445831" tId="1" fbRx="101.5445897" lbRx="0" />
<p fId="2" fbTx="101.5445931" lbTx="101.5446416" tId="0" fbRx="101.5446481" lbRx="0" />
<p fId="2" fbTx="101.5445931" lbTx="101.5446416" tId="1" fbRx="101.5446481" lbRx="0" />
<p fId="2" fbTx="101.5445931" lbTx="101.5446416" tId="1" fbRx="101.5446481" lbRx="0" />
<p fId="2" fbTx="101.5446505" lbTx="101.544699" tId="0" fbRx="101.5447056" lbRx="0" />
<p fId="2" fbTx="101.5446505" lbTx="101.544699" tId="1" fbRx="101.5447056" lbRx="0" />
<p fId="2" fbTx="101.5446505" lbTx="101.544699" tId="1" fbRx="101.5447056" lbRx="0" />
<p fId="2" fbTx="101.544709" lbTx="101.5447574" tId="0" fbRx="101.544764" lbRx="0" />
<p fId="2" fbTx="101.544709" lbTx="101.5447574" tId="1" fbRx="101.544764" lbRx="0" />
<p fId="2" fbTx="101.544709" lbTx="101.5447574" tId="1" fbRx="101.544764" lbRx="0" />
<p fId="2" fbTx="101.5447754" lbTx="101.5448239" tId="0" fbRx="101.5448304" lbRx="0" />
<p fId="2" fbTx="101.5447754" lbTx="101.5448239" tId="1" fbRx="101.5448304" lbRx="0" />
<p fId="2" fbTx="101.5447754" lbTx="101.5448239" tId="1" fbRx="101.5448304" lbRx="0" />
<p fId="2" fbTx="101.5448308" lbTx="101.5448793" tId="0" fbRx="101.5448859" lbRx="0" />
<p fId="2" fbTx="101.5448308" lbTx="101.5448793" tId="1" fbRx="101.5448859" lbRx="0" />
<p fId="2" fbTx="101.5448308" lbTx="101.5448793" tId="1" fbRx="101.5448859" lbRx="0" />
<p fId="2" fbTx="101.5448863" lbTx="101.5449348" tId="0" fbRx="101.5449413" lbRx="0" />
<p fId="2" fbTx="101.5448863" lbTx="101.5449348" tId="1" fbRx="101.5449413" lbRx="0" />
<p fId="2" fbTx="101.5448863" lbTx="101.5449348" tId="1" fbRx="101.5449413" lbRx="0" />
<p fId="2" fbTx="101.5449447" lbTx="101.5449932" tId="0" fbRx="101.5449998" lbRx="0" />
<p fId="2" fbTx="101.5449447" lbTx="101.5449932" tId="1" fbRx="101.5449998" lbRx="0" />
<p fId="2" fbTx="101.5449447" lbTx="101.5449932" tId="1" fbRx="101.5449998" lbRx="0" />
<p fId="2" fbTx="101.5450112" lbTx="101.5450596" tId="0" fbRx="101.5450662" lbRx="0" />
<p fId="2" fbTx="101.5450112" lbTx="101.5450596" tId="1" fbRx="101.5450662" lbRx="0" />
<p fId="2" fbTx="101.5450112" lbTx="101.5450596" tId="1" fbRx="101.5450662" lbRx="0" />
<p fId="2" fbTx="101.5450696" lbTx="101.5451181" tId="0" fbRx="101.5451246" lbRx="0" />
<p fId="2" fbTx="101.5450696" lbTx="101.5451181" tId="1" fbRx="101.5451246" lbRx="0" />
<p fId="2" fbTx="101.5450696" lbTx="101.5451181" tId="1" fbRx="101.5451246" lbRx="0" />
<p fId="2" fbTx="101.545129" lbTx="101.5451775" tId="0" fbRx="101.5451841" lbRx="0" />
<p fId="2" fbTx="101.545129" lbTx="101.5451775" tId="1" fbRx="101.5451841" lbRx="0" />
<p fId="2" fbTx="101.545129" lbTx="101.5451775" tId="1" fbRx="101.5451841" lbRx="0" />
<p fId="2" fbTx="101.5451975" lbTx="101.545246" tId="0" fbRx="101.5452525" lbRx="0" />
<p fId="2" fbTx="101.5451975" lbTx="101.545246" tId="1" fbRx="101.5452525" lbRx="0" />
<p fId="2" fbTx="101.5451975" lbTx="101.545246" tId="1" fbRx="101.5452525" lbRx="0" />
<p fId="2" fbTx="101.5452579" lbTx="101.5453064" tId="0" fbRx="101.545313" lbRx="0" />
<p fId="2" fbTx="101.5452579" lbTx="101.5453064" tId="1" fbRx="101.545313" lbRx="0" />
<p fId="2" fbTx="101.5452579" lbTx="101.5453064" tId="1" fbRx="101.545313" lbRx="0" />
<p fId="2" fbTx="101.5453164" lbTx="101.5453648" tId="0" fbRx="101.5453714" lbRx="0" />
<p fId="2" fbTx="101.5453164" lbTx="101.5453648" tId="1" fbRx="101.5453714" lbRx="0" />
<p fId="2" fbTx="101.5453164" lbTx="101.5453648" tId="1" fbRx="101.5453714" lbRx="0" />
<p fId="2" fbTx="101.5453738" lbTx="101.5454223" tId="0" fbRx="101.5454288" lbRx="0" />
<p fId="2" fbTx="101.5453738" lbTx="101.5454223" tId="1" fbRx="101.5454288" lbRx="0" />
<p fId="2" fbTx="101.5453738" lbTx="101.5454223" tId="1" fbRx="101.5454288" lbRx="0" />
<p fId="2" fbTx="101.5454302" lbTx="101.5454787" tId="0" fbRx="101.5454853" lbRx="0" />
<p fId="2" fbTx="101.5454302" lbTx="101.5454787" tId="1" fbRx="101.5454853" lbRx="0" />
<p fId="2" fbTx="101.5454302" lbTx="101.5454787" tId="1" fbRx="101.5454853" lbRx="0" />
<p fId="2" fbTx="101.5454887" lbTx="101.5455372" tId="0" fbRx="101.5455437" lbRx="0" />
<p fId="2" fbTx="101.5454887" lbTx="101.5455372" tId="1" fbRx="101.5455437" lbRx="0" />
<p fId="2" fbTx="101.5454887" lbTx="101.5455372" tId="1" fbRx="101.5455437" lbRx="0" />
<p fId="2" fbTx="101.5455491" lbTx="101.5455976" tId="0" fbRx="101.5456042" lbRx="0" />
<p fId="2" fbTx="101.5455491" lbTx="101.5455976" tId="1" fbRx="101.5456042" lbRx="0" />
<p fId="2" fbTx="101.5455491" lbTx="101.5455976" tId="1" fbRx="101.5456042" lbRx="0" />
<p fId="2" fbTx="101.5456076" lbTx="101.545656" tId="0" fbRx="101.5456626" lbRx="0" />
<p fId="2" fbTx="101.5456076" lbTx="101.545656" tId="1" fbRx="101.5456626" lbRx="0" />
<p fId="2" fbTx="101.5456076" lbTx="101.545656" tId="1" fbRx="101.5456626" lbRx="0" />
<p fId="2" fbTx="101.545665" lbTx="101.5457135" tId="0" fbRx="101.54572" lbRx="0" />
<p fId="2" fbTx="101.545665" lbTx="101.5457135" tId="1" fbRx="101.54572" lbRx="0" />
<p fId="2" fbTx="101.545665" lbTx="101.5457135" tId="1" fbRx="101.54572" lbRx="0" />
<p fId="2" fbTx="101.5457214" lbTx="101.5457699" tId="0" fbRx="101.5457765" lbRx="0" />
<p fId="2" fbTx="101.5457214" lbTx="101.5457699" tId="1" fbRx="101.5457765" lbRx="0" />
<p fId="2" fbTx="101.5457214" lbTx="101.5457699" tId="1" fbRx="101.5457765" lbRx="0" />
<p fId="2" fbTx="101.5457769" lbTx="101.5458254" tId="0" fbRx="101.5458319" lbRx="0" />
<p fId="2" fbTx="101.5457769" lbTx="101.5458254" tId="1" fbRx="101.5458319" lbRx="0" />
<p fId="2" fbTx="101.5457769" lbTx="101.5458254" tId="1" fbRx="101.5458319" lbRx="0" />
<p fId="2" fbTx="101.5458353" lbTx="101.5458838" tId="0" fbRx="101.5458904" lbRx="0" />
<p fId="2" fbTx="101.5458353" lbTx="101.5458838" tId="1" fbRx="101.5458904" lbRx="0" />
<p fId="2" fbTx="101.5458353" lbTx="101.5458838" tId="1" fbRx="101.5458904" lbRx="0" />
<p fId="2" fbTx="101.5458938" lbTx="101.5459422" tId="0" fbRx="101.5459488" lbRx="0" />
<p fId="2" fbTx="101.5458938" lbTx="101.5459422" tId="1" fbRx="101.5459488" lbRx="0" />
<p fId="2" fbTx="101.5458938" lbTx="101.5459422" tId="1" fbRx="101.5459488" lbRx="0" />
<p fId="2" fbTx="101.5459512" lbTx="101.5459997" tId="0" fbRx="101.5460062" lbRx="0" />
<p fId="2" fbTx="101.5459512" lbTx="101.5459997" tId="1" fbRx="101.5460062" lbRx="0" />
<p fId="2" fbTx="101.5459512" lbTx="101.5459997" tId="1" fbRx="101.5460062" lbRx="0" />
<p fId="2" fbTx="101.5460136" lbTx="101.5460621" tId="0" fbRx="101.5460687" lbRx="0" />
<p fId="2" fbTx="101.5460136" lbTx="101.5460621" tId="1" fbRx="101.5460687" lbRx="0" />
<p fId="2" fbTx="101.5460136" lbTx="101.5460621" tId="1" fbRx="101.5460687" lbRx="0" />
<p fId="2" fbTx="101.5460701" lbTx="101.5461186" tId="0" fbRx="101.5461251" lbRx="0" />
<p fId="2" fbTx="101.5460701" lbTx="101.5461186" tId="1" fbRx="101.5461251" lbRx="0" />
<p fId="2" fbTx="101.5460701" lbTx="101.5461186" tId="1" fbRx="101.5461251" lbRx="0" />
<p fId="2" fbTx="101.5461275" lbTx="101.546176" tId="0" fbRx="101.5461826" lbRx="0" />
<p fId="2" fbTx="101.5461275" lbTx="101.546176" tId="1" fbRx="101.5461826" lbRx="0" />
<p fId="2" fbTx="101.5461275" lbTx="101.546176" tId="1" fbRx="101.5461826" lbRx="0" />
<p fId="2" fbTx="101.546184" lbTx="101.5462324" tId="0" fbRx="101.546239" lbRx="0" />
<p fId="2" fbTx="101.546184" lbTx="101.5462324" tId="1" fbRx="101.546239" lbRx="0" />
<p fId="2" fbTx="101.546184" lbTx="101.5462324" tId="1" fbRx="101.546239" lbRx="0" />
<p fId="2" fbTx="101.5462484" lbTx="101.5462969" tId="0" fbRx="101.5463034" lbRx="0" />
<p fId="2" fbTx="101.5462484" lbTx="101.5462969" tId="1" fbRx="101.5463034" lbRx="0" />
<p fId="2" fbTx="101.5462484" lbTx="101.5462969" tId="1" fbRx="101.5463034" lbRx="0" />
<p fId="2" fbTx="101.5463038" lbTx="101.5463523" tId="0" fbRx="101.5463589" lbRx="0" />
<p fId="2" fbTx="101.5463038" lbTx="101.5463523" tId="1" fbRx="101.5463589" lbRx="0" />
<p fId="2" fbTx="101.5463038" lbTx="101.5463523" tId="1" fbRx="101.5463589" lbRx="0" />
<p fId="2" fbTx="101.5463623" lbTx="101.5464108" tId="0" fbRx="101.5464173" lbRx="0" />
<p fId="2" fbTx="101.5463623" lbTx="101.5464108" tId="1" fbRx="101.5464173" lbRx="0" />
<p fId="2" fbTx="101.5463623" lbTx="101.5464108" tId="1" fbRx="101.5464173" lbRx="0" />
<p fId="2" fbTx="101.5464237" lbTx="101.5464722" tId="0" fbRx="101.5464788" lbRx="0" />
<p fId="2" fbTx="101.5464237" lbTx="101.5464722" tId="1" fbRx="101.5464788" lbRx="0" />
<p fId="2" fbTx="101.5464237" lbTx="101.5464722" tId="1" fbRx="101.5464788" lbRx="0" />
<p fId="2" fbTx="101.5464872" lbTx="101.5465356" tId="0" fbRx="101.5465422" lbRx="0" />
<p fId="2" fbTx="101.5464872" lbTx="101.5465356" tId="1" fbRx="101.5465422" lbRx="0" />
<p fId="2" fbTx="101.5464872" lbTx="101.5465356" tId="1" fbRx="101.5465422" lbRx="0" />
<p fId="2" fbTx="101.5465446" lbTx="101.5465931" tId="0" fbRx="101.5465996" lbRx="0" />
<p fId="2" fbTx="101.5465446" lbTx="101.5465931" tId="1" fbRx="101.5465996" lbRx="0" />
<p fId="2" fbTx="101.5465446" lbTx="101.5465931" tId="1" fbRx="101.5465996" lbRx="0" />
<p fId="2" fbTx="101.546602" lbTx="101.5466505" tId="0" fbRx="101.5466571" lbRx="0" />
<p fId="2" fbTx="101.546602" lbTx="101.5466505" tId="1" fbRx="101.5466571" lbRx="0" />
<p fId="2" fbTx="101.546602" lbTx="101.5466505" tId="1" fbRx="101.5466571" lbRx="0" />
<p fId="2" fbTx="101.5466595" lbTx="101.546708" tId="0" fbRx="101.5467145" lbRx="0" />
<p fId="2" fbTx="101.5466595" lbTx="101.546708" tId="1" fbRx="101.5467145" lbRx="0" />
<p fId="2" fbTx="101.5466595" lbTx="101.546708" tId="1" fbRx="101.5467145" lbRx="0" />
<p fId="2" fbTx="101.5467169" lbTx="101.5467654" tId="0" fbRx="101.546772" lbRx="0" />
<p fId="2" fbTx="101.5467169" lbTx="101.5467654" tId="1" fbRx="101.546772" lbRx="0" />
<p fId="2" fbTx="101.5467169" lbTx="101.5467654" tId="1" fbRx="101.546772" lbRx="0" />
<p fId="2" fbTx="101.5467804" lbTx="101.5468288" tId="0" fbRx="101.5468354" lbRx="0" />
<p fId="2" fbTx="101.5467804" lbTx="101.5468288" tId="1" fbRx="101.5468354" lbRx="0" />
<p fId="2" fbTx="101.5467804" lbTx="101.5468288" tId="1" fbRx="101.5468354" lbRx="0" />
<p fId="2" fbTx="101.5468448" lbTx="101.5468933" tId="0" fbRx="101.5468998" lbRx="0" />
<p fId="2" fbTx="101.5468448" lbTx="101.5468933" tId="1" fbRx="101.5468998" lbRx="0" />
<p fId="2" fbTx="101.5468448" lbTx="101.5468933" tId="1" fbRx="101.5468998" lbRx="0" />
<p fId="2" fbTx="101.5469032" lbTx="101.5469517" tId="0" fbRx="101.5469583" lbRx="0" />
<p fId="2" fbTx="101.5469032" lbTx="101.5469517" tId="1" fbRx="101.5469583" lbRx="0" />
<p fId="2" fbTx="101.5469032" lbTx="101.5469517" tId="1" fbRx="101.5469583" lbRx="0" />
<p fId="2" fbTx="101.5469677" lbTx="101.5470162" tId="0" fbRx="101.5470227" lbRx="0" />
<p fId="2" fbTx="101.5469677" lbTx="101.5470162" tId="1" fbRx="101.5470227" lbRx="0" />
<p fId="2" fbTx="101.5469677" lbTx="101.5470162" tId="1" fbRx="101.5470227" lbRx="0" />
<p fId="2" fbTx="101.5470231" lbTx="101.5470716" tId="0" fbRx="101.5470782" lbRx="0" />
<p fId="2" fbTx="101.5470231" lbTx="101.5470716" tId="1" fbRx="101.5470782" lbRx="0" />
<p fId="2" fbTx="101.5470231" lbTx="101.5470716" tId="1" fbRx="101.5470782" lbRx="0" />
<p fId="2" fbTx="101.5470816" lbTx="101.54713" tId="0" fbRx="101.5471366" lbRx="0" />
<p fId="2" fbTx="101.5470816" lbTx="101.54713" tId="1" fbRx="101.5471366" lbRx="0" />
<p fId="2" fbTx="101.5470816" lbTx="101.54713" tId="1" fbRx="101.5471366" lbRx="0" />
<p fId="2" fbTx="101.547139" lbTx="101.5471875" tId="0" fbRx="101.547194" lbRx="0" />
<p fId="2" fbTx="101.547139" lbTx="101.5471875" tId="1" fbRx="101.547194" lbRx="0" />
<p fId="2" fbTx="101.547139" lbTx="101.5471875" tId="1" fbRx="101.547194" lbRx="0" />
<p fId="2" fbTx="101.5471964" lbTx="101.5472449" tId="0" fbRx="101.5472515" lbRx="0" />
<p fId="2" fbTx="101.5471964" lbTx="101.5472449" tId="1" fbRx="101.5472515" lbRx="0" />
<p fId="2" fbTx="101.5471964" lbTx="101.5472449" tId="1" fbRx="101.5472515" lbRx="0" />
<p fId="2" fbTx="101.5472589" lbTx="101.5473074" tId="0" fbRx="101.5473139" lbRx="0" />
<p fId="2" fbTx="101.5472589" lbTx="101.5473074" tId="1" fbRx="101.5473139" lbRx="0" />
<p fId="2" fbTx="101.5472589" lbTx="101.5473074" tId="1" fbRx="101.5473139" lbRx="0" />
<p fId="2" fbTx="101.5473143" lbTx="101.5473628" tId="0" fbRx="101.5473694" lbRx="0" />
<p fId="2" fbTx="101.5473143" lbTx="101.5473628" tId="1" fbRx="101.5473694" lbRx="0" />
<p fId="2" fbTx="101.5473143" lbTx="101.5473628" tId="1" fbRx="101.5473694" lbRx="0" />
<p fId="2" fbTx="101.5473778" lbTx="101.5474262" tId="0" fbRx="101.5474328" lbRx="0" />
<p fId="2" fbTx="101.5473778" lbTx="101.5474262" tId="1" fbRx="101.5474328" lbRx="0" />
<p fId="2" fbTx="101.5473778" lbTx="101.5474262" tId="1" fbRx="101.5474328" lbRx="0" />
<p fId="2" fbTx="101.5474362" lbTx="101.5474847" tId="0" fbRx="101.5474912" lbRx="0" />
<p fId="2" fbTx="101.5474362" lbTx="101.5474847" tId="1" fbRx="101.5474912" lbRx="0" />
<p fId="2" fbTx="101.5474362" lbTx="101.5474847" tId="1" fbRx="101.5474912" lbRx="0" />
<p fId="2" fbTx="101.5474966" lbTx="101.5475451" tId="0" fbRx="101.5475517" lbRx="0" />
<p fId="2" fbTx="101.5474966" lbTx="101.5475451" tId="1" fbRx="101.5475517" lbRx="0" />
<p fId="2" fbTx="101.5474966" lbTx="101.5475451" tId="1" fbRx="101.5475517" lbRx="0" />
<p fId="2" fbTx="101.5475691" lbTx="101.5476176" tId="0" fbRx="101.5476241" lbRx="0" />
<p fId="2" fbTx="101.5475691" lbTx="101.5476176" tId="1" fbRx="101.5476241" lbRx="0" />
<p fId="2" fbTx="101.5475691" lbTx="101.5476176" tId="1" fbRx="101.5476241" lbRx="0" />
<p fId="2" fbTx="101.5476245" lbTx="101.547673" tId="0" fbRx="101.5476796" lbRx="0" />
<p fId="2" fbTx="101.5476245" lbTx="101.547673" tId="1" fbRx="101.5476796" lbRx="0" />
<p fId="2" fbTx="101.5476245" lbTx="101.547673" tId="1" fbRx="101.5476796" lbRx="0" />
<p fId="2" fbTx="101.547682" lbTx="101.5477304" tId="0" fbRx="101.547737" lbRx="0" />
<p fId="2" fbTx="101.547682" lbTx="101.5477304" tId="1" fbRx="101.547737" lbRx="0" />
<p fId="2" fbTx="101.547682" lbTx="101.5477304" tId="1" fbRx="101.547737" lbRx="0" />
<p fId="2" fbTx="101.5477424" lbTx="101.5477909" tId="0" fbRx="101.5477974" lbRx="0" />
<p fId="2" fbTx="101.5477424" lbTx="101.5477909" tId="1" fbRx="101.5477974" lbRx="0" />
<p fId="2" fbTx="101.5477424" lbTx="101.5477909" tId="1" fbRx="101.5477974" lbRx="0" />
<p fId="2" fbTx="101.5478008" lbTx="101.5478493" tId="0" fbRx="101.5478559" lbRx="0" />
<p fId="2" fbTx="101.5478008" lbTx="101.5478493" tId="1" fbRx="101.5478559" lbRx="0" />
<p fId="2" fbTx="101.5478008" lbTx="101.5478493" tId="1" fbRx="101.5478559" lbRx="0" />
<p fId="2" fbTx="101.5478603" lbTx="101.5479088" tId="0" fbRx="101.5479153" lbRx="0" />
<p fId="2" fbTx="101.5478603" lbTx="101.5479088" tId="1" fbRx="101.5479153" lbRx="0" />
<p fId="2" fbTx="101.5478603" lbTx="101.5479088" tId="1" fbRx="101.5479153" lbRx="0" />
<p fId="2" fbTx="101.5479247" lbTx="101.5479732" tId="0" fbRx="101.5479798" lbRx="0" />
<p fId="2" fbTx="101.5479247" lbTx="101.5479732" tId="1" fbRx="101.5479798" lbRx="0" />
<p fId="2" fbTx="101.5479247" lbTx="101.5479732" tId="1" fbRx="101.5479798" lbRx="0" />
<p fId="2" fbTx="101.5479822" lbTx="101.5480306" tId="0" fbRx="101.5480372" lbRx="0" />
<p fId="2" fbTx="101.5479822" lbTx="101.5480306" tId="1" fbRx="101.5480372" lbRx="0" />
<p fId="2" fbTx="101.5479822" lbTx="101.5480306" tId="1" fbRx="101.5480372" lbRx="0" />
<p fId="2" fbTx="101.5480396" lbTx="101.5480881" tId="0" fbRx="101.5480946" lbRx="0" />
<p fId="2" fbTx="101.5480396" lbTx="101.5480881" tId="1" fbRx="101.5480946" lbRx="0" />
<p fId="2" fbTx="101.5480396" lbTx="101.5480881" tId="1" fbRx="101.5480946" lbRx="0" />
<p fId="1" fbTx="101.5481046" lbTx="101.5481102" tId="0" fbRx="101.5481168" lbRx="0" />
<p fId="1" fbTx="101.5481046" lbTx="101.5481102" tId="2" fbRx="101.5481168" lbRx="0" />
<p fId="1" fbTx="101.5481046" lbTx="101.5481102" tId="2" fbRx="101.5481168" lbRx="0" />
<p fId="1" fbTx="101.5481242" lbTx="101.5481298" tId="0" fbRx="101.5481364" lbRx="0" />
<p fId="1" fbTx="101.5481242" lbTx="101.5481298" tId="2" fbRx="101.5481364" lbRx="0" />
<p fId="1" fbTx="101.5481242" lbTx="101.5481298" tId="2" fbRx="101.5481364" lbRx="0" />
<p fId="1" fbTx="101.5481408" lbTx="101.5481464" tId="0" fbRx="101.5481529" lbRx="0" />
<p fId="1" fbTx="101.5481408" lbTx="101.5481464" tId="2" fbRx="101.5481529" lbRx="0" />
<p fId="1" fbTx="101.5481408" lbTx="101.5481464" tId="2" fbRx="101.5481529" lbRx="0" />
<p fId="1" fbTx="101.5481563" lbTx="101.5481619" tId="0" fbRx="101.5481685" lbRx="0" />
<p fId="1" fbTx="101.5481563" lbTx="101.5481619" tId="2" fbRx="101.5481685" lbRx="0" />
<p fId="1" fbTx="101.5481563" lbTx="101.5481619" tId="2" fbRx="101.5481685" lbRx="0" />
<p fId="1" fbTx="101.5481689" lbTx="101.5481745" tId="0" fbRx="101.548181" lbRx="0" />
<p fId="1" fbTx="101.5481689" lbTx="101.5481745" tId="2" fbRx="101.548181" lbRx="0" />
<p fId="1" fbTx="101.5481689" lbTx="101.5481745" tId="2" fbRx="101.548181" lbRx="0" />
<p fId="1" fbTx="101.5481834" lbTx="101.548189" tId="0" fbRx="101.5481956" lbRx="0" />
<p fId="1" fbTx="101.5481834" lbTx="101.548189" tId="2" fbRx="101.5481956" lbRx="0" />
<p fId="1" fbTx="101.5481834" lbTx="101.548189" tId="2" fbRx="101.5481956" lbRx="0" />
<p fId="1" fbTx="101.548196" lbTx="101.5482016" tId="0" fbRx="101.5482082" lbRx="0" />
<p fId="1" fbTx="101.548196" lbTx="101.5482016" tId="2" fbRx="101.5482082" lbRx="0" />
<p fId="1" fbTx="101.548196" lbTx="101.5482016" tId="2" fbRx="101.5482082" lbRx="0" />
<p fId="1" fbTx="101.5482106" lbTx="101.5482162" tId="0" fbRx="101.5482227" lbRx="0" />
<p fId="1" fbTx="101.5482106" lbTx="101.5482162" tId="2" fbRx="101.5482227" lbRx="0" />
<p fId="1" fbTx="101.5482106" lbTx="101.5482162" tId="2" fbRx="101.5482227" lbRx="0" />
<p fId="1" fbTx="101.5482271" lbTx="101.5482327" tId="0" fbRx="101.5482393" lbRx="0" />
<p fId="1" fbTx="101.5482271" lbTx="101.5482327" tId="2" fbRx="101.5482393" lbRx="0" />
<p fId="1" fbTx="101.5482271" lbTx="101.5482327" tId="2" fbRx="101.5482393" lbRx="0" />
<p fId="1" fbTx="101.5482397" lbTx="101.5482453" tId="0" fbRx="101.5482518" lbRx="0" />
<p fId="1" fbTx="101.5482397" lbTx="101.5482453" tId="2" fbRx="101.5482518" lbRx="0" />
<p fId="1" fbTx="101.5482397" lbTx="101.5482453" tId="2" fbRx="101.5482518" lbRx="0" />
<p fId="1" fbTx="101.5482522" lbTx="101.5482578" tId="0" fbRx="101.5482644" lbRx="0" />
<p fId="1" fbTx="101.5482522" lbTx="101.5482578" tId="2" fbRx="101.5482644" lbRx="0" />
<p fId="1" fbTx="101.5482522" lbTx="101.5482578" tId="2" fbRx="101.5482644" lbRx="0" />
<p fId="1" fbTx="101.5482648" lbTx="101.5482704" tId="0" fbRx="101.548277" lbRx="0" />
<p fId="1" fbTx="101.5482648" lbTx="101.5482704" tId="2" fbRx="101.548277" lbRx="0" />
<p fId="1" fbTx="101.5482648" lbTx="101.5482704" tId="2" fbRx="101.548277" lbRx="0" />
<p fId="2" fbTx="101.548283" lbTx="101.5483315" tId="0" fbRx="101.5483381" lbRx="0" />
<p fId="2" fbTx="101.548283" lbTx="101.5483315" tId="1" fbRx="101.5483381" lbRx="0" />
<p fId="2" fbTx="101.548283" lbTx="101.5483315" tId="1" fbRx="101.5483381" lbRx="0" />
<p fId="2" fbTx="101.5483415" lbTx="101.54839" tId="0" fbRx="101.5483965" lbRx="0" />
<p fId="2" fbTx="101.5483415" lbTx="101.54839" tId="1" fbRx="101.5483965" lbRx="0" />
<p fId="2" fbTx="101.5483415" lbTx="101.54839" tId="1" fbRx="101.5483965" lbRx="0" />
<p fId="2" fbTx="101.5483989" lbTx="101.5484474" tId="0" fbRx="101.548454" lbRx="0" />
<p fId="2" fbTx="101.5483989" lbTx="101.5484474" tId="1" fbRx="101.548454" lbRx="0" />
<p fId="2" fbTx="101.5483989" lbTx="101.5484474" tId="1" fbRx="101.548454" lbRx="0" />
<p fId="2" fbTx="101.5484584" lbTx="101.5485068" tId="0" fbRx="101.5485134" lbRx="0" />
<p fId="2" fbTx="101.5484584" lbTx="101.5485068" tId="1" fbRx="101.5485134" lbRx="0" />
<p fId="2" fbTx="101.5484584" lbTx="101.5485068" tId="1" fbRx="101.5485134" lbRx="0" />
<p fId="2" fbTx="101.5485138" lbTx="101.5485623" tId="0" fbRx="101.5485688" lbRx="0" />
<p fId="2" fbTx="101.5485138" lbTx="101.5485623" tId="1" fbRx="101.5485688" lbRx="0" />
<p fId="2" fbTx="101.5485138" lbTx="101.5485623" tId="1" fbRx="101.5485688" lbRx="0" />
<p fId="2" fbTx="101.5485692" lbTx="101.5486177" tId="0" fbRx="101.5486243" lbRx="0" />
<p fId="2" fbTx="101.5485692" lbTx="101.5486177" tId="1" fbRx="101.5486243" lbRx="0" />
<p fId="2" fbTx="101.5485692" lbTx="101.5486177" tId="1" fbRx="101.5486243" lbRx="0" />
<p fId="2" fbTx="101.5486257" lbTx="101.5486742" tId="0" fbRx="101.5486807" lbRx="0" />
<p fId="2" fbTx="101.5486257" lbTx="101.5486742" tId="1" fbRx="101.5486807" lbRx="0" />
<p fId="2" fbTx="101.5486257" lbTx="101.5486742" tId="1" fbRx="101.5486807" lbRx="0" />
<p fId="2" fbTx="101.5486911" lbTx="101.5487396" tId="0" fbRx="101.5487462" lbRx="0" />
<p fId="2" fbTx="101.5486911" lbTx="101.5487396" tId="1" fbRx="101.5487462" lbRx="0" />
<p fId="2" fbTx="101.5486911" lbTx="101.5487396" tId="1" fbRx="101.5487462" lbRx="0" />
<p fId="2" fbTx="101.5487546" lbTx="101.548803" tId="0" fbRx="101.5488096" lbRx="0" />
<p fId="2" fbTx="101.5487546" lbTx="101.548803" tId="1" fbRx="101.5488096" lbRx="0" />
<p fId="2" fbTx="101.5487546" lbTx="101.548803" tId="1" fbRx="101.5488096" lbRx="0" />
<p fId="2" fbTx="101.548813" lbTx="101.5488615" tId="0" fbRx="101.548868" lbRx="0" />
<p fId="2" fbTx="101.548813" lbTx="101.5488615" tId="1" fbRx="101.548868" lbRx="0" />
<p fId="2" fbTx="101.548813" lbTx="101.5488615" tId="1" fbRx="101.548868" lbRx="0" />
<p fId="2" fbTx="101.5488804" lbTx="101.5489289" tId="0" fbRx="101.5489355" lbRx="0" />
<p fId="2" fbTx="101.5488804" lbTx="101.5489289" tId="1" fbRx="101.5489355" lbRx="0" />
<p fId="2" fbTx="101.5488804" lbTx="101.5489289" tId="1" fbRx="101.5489355" lbRx="0" />
<p fId="2" fbTx="101.5489369" lbTx="101.5489854" tId="0" fbRx="101.5489919" lbRx="0" />
<p fId="2" fbTx="101.5489369" lbTx="101.5489854" tId="1" fbRx="101.5489919" lbRx="0" />
<p fId="2" fbTx="101.5489369" lbTx="101.5489854" tId="1" fbRx="101.5489919" lbRx="0" />
<p fId="2" fbTx="101.5489933" lbTx="101.5490418" tId="0" fbRx="101.5490484" lbRx="0" />
<p fId="2" fbTx="101.5489933" lbTx="101.5490418" tId="1" fbRx="101.5490484" lbRx="0" />
<p fId="2" fbTx="101.5489933" lbTx="101.5490418" tId="1" fbRx="101.5490484" lbRx="0" />
<p fId="2" fbTx="101.5490518" lbTx="101.5491002" tId="0" fbRx="101.5491068" lbRx="0" />
<p fId="2" fbTx="101.5490518" lbTx="101.5491002" tId="1" fbRx="101.5491068" lbRx="0" />
<p fId="2" fbTx="101.5490518" lbTx="101.5491002" tId="1" fbRx="101.5491068" lbRx="0" />
<p fId="2" fbTx="101.5491152" lbTx="101.5491637" tId="0" fbRx="101.5491702" lbRx="0" />
<p fId="2" fbTx="101.5491152" lbTx="101.5491637" tId="1" fbRx="101.5491702" lbRx="0" />
<p fId="2" fbTx="101.5491152" lbTx="101.5491637" tId="1" fbRx="101.5491702" lbRx="0" />
<p fId="2" fbTx="101.5491726" lbTx="101.5492211" tId="0" fbRx="101.5492277" lbRx="0" />
<p fId="2" fbTx="101.5491726" lbTx="101.5492211" tId="1" fbRx="101.5492277" lbRx="0" />
<p fId="2" fbTx="101.5491726" lbTx="101.5492211" tId="1" fbRx="101.5492277" lbRx="0" />
<p fId="2" fbTx="101.5492331" lbTx="101.5492816" tId="0" fbRx="101.5492881" lbRx="0" />
<p fId="2" fbTx="101.5492331" lbTx="101.5492816" tId="1" fbRx="101.5492881" lbRx="0" />
<p fId="2" fbTx="101.5492331" lbTx="101.5492816" tId="1" fbRx="101.5492881" lbRx="0" />
<p fId="2" fbTx="101.5492935" lbTx="101.549342" tId="0" fbRx="101.5493486" lbRx="0" />
<p fId="2" fbTx="101.5492935" lbTx="101.549342" tId="1" fbRx="101.5493486" lbRx="0" />
<p fId="2" fbTx="101.5492935" lbTx="101.549342" tId="1" fbRx="101.5493486" lbRx="0" />
<p fId="2" fbTx="101.54935" lbTx="101.5493984" tId="0" fbRx="101.549405" lbRx="0" />
<p fId="2" fbTx="101.54935" lbTx="101.5493984" tId="1" fbRx="101.549405" lbRx="0" />
<p fId="2" fbTx="101.54935" lbTx="101.5493984" tId="1" fbRx="101.549405" lbRx="0" />
<p fId="2" fbTx="101.5494084" lbTx="101.5494569" tId="0" fbRx="101.5494634" lbRx="0" />
<p fId="2" fbTx="101.5494084" lbTx="101.5494569" tId="1" fbRx="101.5494634" lbRx="0" />
<p fId="2" fbTx="101.5494084" lbTx="101.5494569" tId="1" fbRx="101.5494634" lbRx="0" />
<p fId="2" fbTx="101.5494668" lbTx="101.5495153" tId="0" fbRx="101.5495219" lbRx="0" />
<p fId="2" fbTx="101.5494668" lbTx="101.5495153" tId="1" fbRx="101.5495219" lbRx="0" />
<p fId="2" fbTx="101.5494668" lbTx="101.5495153" tId="1" fbRx="101.5495219" lbRx="0" />
<p fId="2" fbTx="101.5495323" lbTx="101.5495808" tId="0" fbRx="101.5495873" lbRx="0" />
<p fId="2" fbTx="101.5495323" lbTx="101.5495808" tId="1" fbRx="101.5495873" lbRx="0" />
<p fId="2" fbTx="101.5495323" lbTx="101.5495808" tId="1" fbRx="101.5495873" lbRx="0" />
<p fId="2" fbTx="101.5495887" lbTx="101.5496372" tId="0" fbRx="101.5496438" lbRx="0" />
<p fId="2" fbTx="101.5495887" lbTx="101.5496372" tId="1" fbRx="101.5496438" lbRx="0" />
<p fId="2" fbTx="101.5495887" lbTx="101.5496372" tId="1" fbRx="101.5496438" lbRx="0" />
<p fId="2" fbTx="101.5496442" lbTx="101.5496926" tId="0" fbRx="101.5496992" lbRx="0" />
<p fId="2" fbTx="101.5496442" lbTx="101.5496926" tId="1" fbRx="101.5496992" lbRx="0" />
<p fId="2" fbTx="101.5496442" lbTx="101.5496926" tId="1" fbRx="101.5496992" lbRx="0" />
<p fId="2" fbTx="101.5497016" lbTx="101.5497501" tId="0" fbRx="101.5497566" lbRx="0" />
<p fId="2" fbTx="101.5497016" lbTx="101.5497501" tId="1" fbRx="101.5497566" lbRx="0" />
<p fId="2" fbTx="101.5497016" lbTx="101.5497501" tId="1" fbRx="101.5497566" lbRx="0" />
<p fId="2" fbTx="101.549759" lbTx="101.5498075" tId="0" fbRx="101.5498141" lbRx="0" />
<p fId="2" fbTx="101.549759" lbTx="101.5498075" tId="1" fbRx="101.5498141" lbRx="0" />
<p fId="2" fbTx="101.549759" lbTx="101.5498075" tId="1" fbRx="101.5498141" lbRx="0" />
<p fId="2" fbTx="101.5498175" lbTx="101.549866" tId="0" fbRx="101.5498725" lbRx="0" />
<p fId="2" fbTx="101.5498175" lbTx="101.549866" tId="1" fbRx="101.5498725" lbRx="0" />
<p fId="2" fbTx="101.5498175" lbTx="101.549866" tId="1" fbRx="101.5498725" lbRx="0" />
<p fId="2" fbTx="101.5498729" lbTx="101.5499214" tId="0" fbRx="101.549928" lbRx="0" />
<p fId="2" fbTx="101.5498729" lbTx="101.5499214" tId="1" fbRx="101.549928" lbRx="0" />
<p fId="2" fbTx="101.5498729" lbTx="101.5499214" tId="1" fbRx="101.549928" lbRx="0" />
<p fId="2" fbTx="101.5499354" lbTx="101.5499838" tId="0" fbRx="101.5499904" lbRx="0" />
<p fId="2" fbTx="101.5499354" lbTx="101.5499838" tId="1" fbRx="101.5499904" lbRx="0" />
<p fId="2" fbTx="101.5499354" lbTx="101.5499838" tId="1" fbRx="101.5499904" lbRx="0" />
<p fId="2" fbTx="101.5499918" lbTx="101.5500403" tId="0" fbRx="101.5500468" lbRx="0" />
<p fId="2" fbTx="101.5499918" lbTx="101.5500403" tId="1" fbRx="101.5500468" lbRx="0" />
<p fId="2" fbTx="101.5499918" lbTx="101.5500403" tId="1" fbRx="101.5500468" lbRx="0" />
<p fId="2" fbTx="101.5500582" lbTx="101.5501067" tId="0" fbRx="101.5501133" lbRx="0" />
<p fId="2" fbTx="101.5500582" lbTx="101.5501067" tId="1" fbRx="101.5501133" lbRx="0" />
<p fId="2" fbTx="101.5500582" lbTx="101.5501067" tId="1" fbRx="101.5501133" lbRx="0" />
<p fId="2" fbTx="101.5501147" lbTx="101.5501632" tId="0" fbRx="101.5501697" lbRx="0" />
<p fId="2" fbTx="101.5501147" lbTx="101.5501632" tId="1" fbRx="101.5501697" lbRx="0" />
<p fId="2" fbTx="101.5501147" lbTx="101.5501632" tId="1" fbRx="101.5501697" lbRx="0" />
<p fId="2" fbTx="101.5501771" lbTx="101.5502256" tId="0" fbRx="101.5502322" lbRx="0" />
<p fId="2" fbTx="101.5501771" lbTx="101.5502256" tId="1" fbRx="101.5502322" lbRx="0" />
<p fId="2" fbTx="101.5501771" lbTx="101.5502256" tId="1" fbRx="101.5502322" lbRx="0" />
<p fId="2" fbTx="101.5502366" lbTx="101.550285" tId="0" fbRx="101.5502916" lbRx="0" />
<p fId="2" fbTx="101.5502366" lbTx="101.550285" tId="1" fbRx="101.5502916" lbRx="0" />
<p fId="2" fbTx="101.5502366" lbTx="101.550285" tId="1" fbRx="101.5502916" lbRx="0" />
<p fId="2" fbTx="101.550293" lbTx="101.5503415" tId="0" fbRx="101.550348" lbRx="0" />
<p fId="2" fbTx="101.550293" lbTx="101.5503415" tId="1" fbRx="101.550348" lbRx="0" />
<p fId="2" fbTx="101.550293" lbTx="101.5503415" tId="1" fbRx="101.550348" lbRx="0" />
<p fId="1" fbTx="101.5503484" lbTx="101.550354" tId="0" fbRx="101.5503605" lbRx="0" />
<p fId="1" fbTx="101.5503484" lbTx="101.550354" tId="2" fbRx="101.5503605" lbRx="0" />
<p fId="1" fbTx="101.5503484" lbTx="101.550354" tId="2" fbRx="101.5503605" lbRx="0" />
<p fId="1" fbTx="101.5503729" lbTx="101.5503785" tId="0" fbRx="101.5503851" lbRx="0" />
<p fId="1" fbTx="101.5503729" lbTx="101.5503785" tId="2" fbRx="101.5503851" lbRx="0" />
<p fId="1" fbTx="101.5503729" lbTx="101.5503785" tId="2" fbRx="101.5503851" lbRx="0" />
<p fId="2" fbTx="101.5503924" lbTx="101.5504409" tId="0" fbRx="101.5504475" lbRx="0" />
<p fId="2" fbTx="101.5503924" lbTx="101.5504409" tId="1" fbRx="101.5504475" lbRx="0" />
<p fId="2" fbTx="101.5503924" lbTx="101.5504409" tId="1" fbRx="101.5504475" lbRx="0" />
<p fId="2" fbTx="101.5504489" lbTx="101.5504974" tId="0" fbRx="101.5505039" lbRx="0" />
<p fId="2" fbTx="101.5504489" lbTx="101.5504974" tId="1" fbRx="101.5505039" lbRx="0" />
<p fId="2" fbTx="101.5504489" lbTx="101.5504974" tId="1" fbRx="101.5505039" lbRx="0" />
<p fId="2" fbTx="101.5505063" lbTx="101.5505548" tId="0" fbRx="101.5505614" lbRx="0" />
<p fId="2" fbTx="101.5505063" lbTx="101.5505548" tId="1" fbRx="101.5505614" lbRx="0" />
<p fId="2" fbTx="101.5505063" lbTx="101.5505548" tId="1" fbRx="101.5505614" lbRx="0" />
<p fId="1" fbTx="101.5505635" lbTx="101.5505691" tId="0" fbRx="101.5505756" lbRx="0" />
<p fId="1" fbTx="101.5505635" lbTx="101.5505691" tId="2" fbRx="101.5505756" lbRx="0" />
<p fId="1" fbTx="101.5505635" lbTx="101.5505691" tId="2" fbRx="101.5505756" lbRx="0" />
<p fId="1" fbTx="101.550577" lbTx="101.5505826" tId="0" fbRx="101.5505892" lbRx="0" />
<p fId="1" fbTx="101.550577" lbTx="101.5505826" tId="2" fbRx="101.5505892" lbRx="0" />
<p fId="1" fbTx="101.550577" lbTx="101.5505826" tId="2" fbRx="101.5505892" lbRx="0" />
<p fId="2" fbTx="101.5505968" lbTx="101.5506452" tId="0" fbRx="101.5506518" lbRx="0" />
<p fId="2" fbTx="101.5505968" lbTx="101.5506452" tId="1" fbRx="101.5506518" lbRx="0" />
<p fId="2" fbTx="101.5505968" lbTx="101.5506452" tId="1" fbRx="101.5506518" lbRx="0" />
<p fId="2" fbTx="101.5506572" lbTx="101.5507057" tId="0" fbRx="101.5507122" lbRx="0" />
<p fId="2" fbTx="101.5506572" lbTx="101.5507057" tId="1" fbRx="101.5507122" lbRx="0" />
<p fId="2" fbTx="101.5506572" lbTx="101.5507057" tId="1" fbRx="101.5507122" lbRx="0" />
<p fId="2" fbTx="101.5507146" lbTx="101.5507631" tId="0" fbRx="101.5507697" lbRx="0" />
<p fId="2" fbTx="101.5507146" lbTx="101.5507631" tId="1" fbRx="101.5507697" lbRx="0" />
<p fId="2" fbTx="101.5507146" lbTx="101.5507631" tId="1" fbRx="101.5507697" lbRx="0" />
<p fId="2" fbTx="101.5507711" lbTx="101.5508196" tId="0" fbRx="101.5508261" lbRx="0" />
<p fId="2" fbTx="101.5507711" lbTx="101.5508196" tId="1" fbRx="101.5508261" lbRx="0" />
<p fId="2" fbTx="101.5507711" lbTx="101.5508196" tId="1" fbRx="101.5508261" lbRx="0" />
<p fId="2" fbTx="101.5508275" lbTx="101.550876" tId="0" fbRx="101.5508826" lbRx="0" />
<p fId="2" fbTx="101.5508275" lbTx="101.550876" tId="1" fbRx="101.5508826" lbRx="0" />
<p fId="2" fbTx="101.5508275" lbTx="101.550876" tId="1" fbRx="101.5508826" lbRx="0" />
<p fId="2" fbTx="101.550884" lbTx="101.5509324" tId="0" fbRx="101.550939" lbRx="0" />
<p fId="2" fbTx="101.550884" lbTx="101.5509324" tId="1" fbRx="101.550939" lbRx="0" />
<p fId="2" fbTx="101.550884" lbTx="101.5509324" tId="1" fbRx="101.550939" lbRx="0" />
<p fId="2" fbTx="101.5509394" lbTx="101.5509879" tId="0" fbRx="101.5509944" lbRx="0" />
<p fId="2" fbTx="101.5509394" lbTx="101.5509879" tId="1" fbRx="101.5509944" lbRx="0" />
<p fId="2" fbTx="101.5509394" lbTx="101.5509879" tId="1" fbRx="101.5509944" lbRx="0" />
<p fId="2" fbTx="101.5510128" lbTx="101.5510613" tId="0" fbRx="101.5510679" lbRx="0" />
<p fId="2" fbTx="101.5510128" lbTx="101.5510613" tId="1" fbRx="101.5510679" lbRx="0" />
<p fId="2" fbTx="101.5510128" lbTx="101.5510613" tId="1" fbRx="101.5510679" lbRx="0" />
<p fId="2" fbTx="101.5510703" lbTx="101.5511188" tId="0" fbRx="101.5511253" lbRx="0" />
<p fId="2" fbTx="101.5510703" lbTx="101.5511188" tId="1" fbRx="101.5511253" lbRx="0" />
<p fId="2" fbTx="101.5510703" lbTx="101.5511188" tId="1" fbRx="101.5511253" lbRx="0" />
<p fId="2" fbTx="101.5511287" lbTx="101.5511772" tId="0" fbRx="101.5511838" lbRx="0" />
<p fId="2" fbTx="101.5511287" lbTx="101.5511772" tId="1" fbRx="101.5511838" lbRx="0" />
<p fId="2" fbTx="101.5511287" lbTx="101.5511772" tId="1" fbRx="101.5511838" lbRx="0" />
<p fId="2" fbTx="101.5511862" lbTx="101.5512346" tId="0" fbRx="101.5512412" lbRx="0" />
<p fId="2" fbTx="101.5511862" lbTx="101.5512346" tId="1" fbRx="101.5512412" lbRx="0" />
<p fId="2" fbTx="101.5511862" lbTx="101.5512346" tId="1" fbRx="101.5512412" lbRx="0" />
<p fId="2" fbTx="101.5512416" lbTx="101.5512901" tId="0" fbRx="101.5512966" lbRx="0" />
<p fId="2" fbTx="101.5512416" lbTx="101.5512901" tId="1" fbRx="101.5512966" lbRx="0" />
<p fId="2" fbTx="101.5512416" lbTx="101.5512901" tId="1" fbRx="101.5512966" lbRx="0" />
<p fId="2" fbTx="101.551301" lbTx="101.5513495" tId="0" fbRx="101.5513561" lbRx="0" />
<p fId="2" fbTx="101.551301" lbTx="101.5513495" tId="1" fbRx="101.5513561" lbRx="0" />
<p fId="2" fbTx="101.551301" lbTx="101.5513495" tId="1" fbRx="101.5513561" lbRx="0" />
<p fId="2" fbTx="101.5513595" lbTx="101.551408" tId="0" fbRx="101.5514145" lbRx="0" />
<p fId="2" fbTx="101.5513595" lbTx="101.551408" tId="1" fbRx="101.5514145" lbRx="0" />
<p fId="2" fbTx="101.5513595" lbTx="101.551408" tId="1" fbRx="101.5514145" lbRx="0" />
<p fId="2" fbTx="101.5514229" lbTx="101.5514714" tId="0" fbRx="101.551478" lbRx="0" />
<p fId="2" fbTx="101.5514229" lbTx="101.5514714" tId="1" fbRx="101.551478" lbRx="0" />
<p fId="2" fbTx="101.5514229" lbTx="101.5514714" tId="1" fbRx="101.551478" lbRx="0" />
<p fId="2" fbTx="101.5514794" lbTx="101.5515278" tId="0" fbRx="101.5515344" lbRx="0" />
<p fId="2" fbTx="101.5514794" lbTx="101.5515278" tId="1" fbRx="101.5515344" lbRx="0" />
<p fId="2" fbTx="101.5514794" lbTx="101.5515278" tId="1" fbRx="101.5515344" lbRx="0" />
<p fId="2" fbTx="101.5515358" lbTx="101.5515843" tId="0" fbRx="101.5515908" lbRx="0" />
<p fId="2" fbTx="101.5515358" lbTx="101.5515843" tId="1" fbRx="101.5515908" lbRx="0" />
<p fId="2" fbTx="101.5515358" lbTx="101.5515843" tId="1" fbRx="101.5515908" lbRx="0" />
<p fId="2" fbTx="101.5515942" lbTx="101.5516427" tId="0" fbRx="101.5516493" lbRx="0" />
<p fId="2" fbTx="101.5515942" lbTx="101.5516427" tId="1" fbRx="101.5516493" lbRx="0" />
<p fId="2" fbTx="101.5515942" lbTx="101.5516427" tId="1" fbRx="101.5516493" lbRx="0" />
<p fId="2" fbTx="101.5516517" lbTx="101.5517002" tId="0" fbRx="101.5517067" lbRx="0" />
<p fId="2" fbTx="101.5516517" lbTx="101.5517002" tId="1" fbRx="101.5517067" lbRx="0" />
<p fId="2" fbTx="101.5516517" lbTx="101.5517002" tId="1" fbRx="101.5517067" lbRx="0" />
<p fId="2" fbTx="101.5517071" lbTx="101.5517556" tId="0" fbRx="101.5517622" lbRx="0" />
<p fId="2" fbTx="101.5517071" lbTx="101.5517556" tId="1" fbRx="101.5517622" lbRx="0" />
<p fId="2" fbTx="101.5517071" lbTx="101.5517556" tId="1" fbRx="101.5517622" lbRx="0" />
<p fId="2" fbTx="101.5517626" lbTx="101.551811" tId="0" fbRx="101.5518176" lbRx="0" />
<p fId="2" fbTx="101.5517626" lbTx="101.551811" tId="1" fbRx="101.5518176" lbRx="0" />
<p fId="2" fbTx="101.5517626" lbTx="101.551811" tId="1" fbRx="101.5518176" lbRx="0" />
<p fId="2" fbTx="101.551825" lbTx="101.5518735" tId="0" fbRx="101.55188" lbRx="0" />
<p fId="2" fbTx="101.551825" lbTx="101.5518735" tId="1" fbRx="101.55188" lbRx="0" />
<p fId="2" fbTx="101.551825" lbTx="101.5518735" tId="1" fbRx="101.55188" lbRx="0" />
<p fId="2" fbTx="101.5518864" lbTx="101.5519349" tId="0" fbRx="101.5519415" lbRx="0" />
<p fId="2" fbTx="101.5518864" lbTx="101.5519349" tId="1" fbRx="101.5519415" lbRx="0" />
<p fId="2" fbTx="101.5518864" lbTx="101.5519349" tId="1" fbRx="101.5519415" lbRx="0" />
<p fId="2" fbTx="101.5519419" lbTx="101.5519904" tId="0" fbRx="101.5519969" lbRx="0" />
<p fId="2" fbTx="101.5519419" lbTx="101.5519904" tId="1" fbRx="101.5519969" lbRx="0" />
<p fId="2" fbTx="101.5519419" lbTx="101.5519904" tId="1" fbRx="101.5519969" lbRx="0" />
<p fId="2" fbTx="101.5520003" lbTx="101.5520488" tId="0" fbRx="101.5520554" lbRx="0" />
<p fId="2" fbTx="101.5520003" lbTx="101.5520488" tId="1" fbRx="101.5520554" lbRx="0" />
<p fId="2" fbTx="101.5520003" lbTx="101.5520488" tId="1" fbRx="101.5520554" lbRx="0" />
<p fId="2" fbTx="101.5520658" lbTx="101.5521142" tId="0" fbRx="101.5521208" lbRx="0" />
<p fId="2" fbTx="101.5520658" lbTx="101.5521142" tId="1" fbRx="101.5521208" lbRx="0" />
<p fId="2" fbTx="101.5520658" lbTx="101.5521142" tId="1" fbRx="101.5521208" lbRx="0" />
<p fId="2" fbTx="101.5521222" lbTx="101.5521707" tId="0" fbRx="101.5521772" lbRx="0" />
<p fId="2" fbTx="101.5521222" lbTx="101.5521707" tId="1" fbRx="101.5521772" lbRx="0" />
<p fId="2" fbTx="101.5521222" lbTx="101.5521707" tId="1" fbRx="101.5521772" lbRx="0" />
<p fId="2" fbTx="101.5521876" lbTx="101.5522361" tId="0" fbRx="101.5522427" lbRx="0" />
<p fId="2" fbTx="101.5521876" lbTx="101.5522361" tId="1" fbRx="101.5522427" lbRx="0" />
<p fId="2" fbTx="101.5521876" lbTx="101.5522361" tId="1" fbRx="101.5522427" lbRx="0" />
<p fId="2" fbTx="101.5522441" lbTx="101.5522926" tId="0" fbRx="101.5522991" lbRx="0" />
<p fId="2" fbTx="101.5522441" lbTx="101.5522926" tId="1" fbRx="101.5522991" lbRx="0" />
<p fId="2" fbTx="101.5522441" lbTx="101.5522926" tId="1" fbRx="101.5522991" lbRx="0" />
<p fId="2" fbTx="101.5523055" lbTx="101.552354" tId="0" fbRx="101.5523606" lbRx="0" />
<p fId="2" fbTx="101.5523055" lbTx="101.552354" tId="1" fbRx="101.5523606" lbRx="0" />
<p fId="2" fbTx="101.5523055" lbTx="101.552354" tId="1" fbRx="101.5523606" lbRx="0" />
<p fId="2" fbTx="101.552382" lbTx="101.5524304" tId="0" fbRx="101.552437" lbRx="0" />
<p fId="2" fbTx="101.552382" lbTx="101.5524304" tId="1" fbRx="101.552437" lbRx="0" />
<p fId="2" fbTx="101.552382" lbTx="101.5524304" tId="1" fbRx="101.552437" lbRx="0" />
<p fId="2" fbTx="101.5524374" lbTx="101.5524859" tId="0" fbRx="101.5524924" lbRx="0" />
<p fId="2" fbTx="101.5524374" lbTx="101.5524859" tId="1" fbRx="101.5524924" lbRx="0" />
<p fId="2" fbTx="101.5524374" lbTx="101.5524859" tId="1" fbRx="101.5524924" lbRx="0" />
<p fId="2" fbTx="101.5525038" lbTx="101.5525523" tId="0" fbRx="101.5525589" lbRx="0" />
<p fId="2" fbTx="101.5525038" lbTx="101.5525523" tId="1" fbRx="101.5525589" lbRx="0" />
<p fId="2" fbTx="101.5525038" lbTx="101.5525523" tId="1" fbRx="101.5525589" lbRx="0" />
<p fId="2" fbTx="101.5525713" lbTx="101.5526198" tId="0" fbRx="101.5526263" lbRx="0" />
<p fId="2" fbTx="101.5525713" lbTx="101.5526198" tId="1" fbRx="101.5526263" lbRx="0" />
<p fId="2" fbTx="101.5525713" lbTx="101.5526198" tId="1" fbRx="101.5526263" lbRx="0" />
<p fId="2" fbTx="101.5526287" lbTx="101.5526772" tId="0" fbRx="101.5526838" lbRx="0" />
<p fId="2" fbTx="101.5526287" lbTx="101.5526772" tId="1" fbRx="101.5526838" lbRx="0" />
<p fId="2" fbTx="101.5526287" lbTx="101.5526772" tId="1" fbRx="101.5526838" lbRx="0" />
<p fId="2" fbTx="101.5526862" lbTx="101.5527346" tId="0" fbRx="101.5527412" lbRx="0" />
<p fId="2" fbTx="101.5526862" lbTx="101.5527346" tId="1" fbRx="101.5527412" lbRx="0" />
<p fId="2" fbTx="101.5526862" lbTx="101.5527346" tId="1" fbRx="101.5527412" lbRx="0" />
<p fId="2" fbTx="101.5527436" lbTx="101.5527921" tId="0" fbRx="101.5527986" lbRx="0" />
<p fId="2" fbTx="101.5527436" lbTx="101.5527921" tId="1" fbRx="101.5527986" lbRx="0" />
<p fId="2" fbTx="101.5527436" lbTx="101.5527921" tId="1" fbRx="101.5527986" lbRx="0" />
<p fId="2" fbTx="101.5528" lbTx="101.5528485" tId="0" fbRx="101.5528551" lbRx="0" />
<p fId="2" fbTx="101.5528" lbTx="101.5528485" tId="1" fbRx="101.5528551" lbRx="0" />
<p fId="2" fbTx="101.5528" lbTx="101.5528485" tId="1" fbRx="101.5528551" lbRx="0" />
<p fId="2" fbTx="101.5528555" lbTx="101.552904" tId="0" fbRx="101.5529105" lbRx="0" />
<p fId="2" fbTx="101.5528555" lbTx="101.552904" tId="1" fbRx="101.5529105" lbRx="0" />
<p fId="2" fbTx="101.5528555" lbTx="101.552904" tId="1" fbRx="101.5529105" lbRx="0" />
<p fId="2" fbTx="101.5529119" lbTx="101.5529604" tId="0" fbRx="101.552967" lbRx="0" />
<p fId="2" fbTx="101.5529119" lbTx="101.5529604" tId="1" fbRx="101.552967" lbRx="0" />
<p fId="2" fbTx="101.5529119" lbTx="101.5529604" tId="1" fbRx="101.552967" lbRx="0" />
<p fId="2" fbTx="101.5529704" lbTx="101.5530188" tId="0" fbRx="101.5530254" lbRx="0" />
<p fId="2" fbTx="101.5529704" lbTx="101.5530188" tId="1" fbRx="101.5530254" lbRx="0" />
<p fId="2" fbTx="101.5529704" lbTx="101.5530188" tId="1" fbRx="101.5530254" lbRx="0" />
<p fId="2" fbTx="101.5530278" lbTx="101.5530763" tId="0" fbRx="101.5530828" lbRx="0" />
<p fId="2" fbTx="101.5530278" lbTx="101.5530763" tId="1" fbRx="101.5530828" lbRx="0" />
<p fId="2" fbTx="101.5530278" lbTx="101.5530763" tId="1" fbRx="101.5530828" lbRx="0" />
<p fId="2" fbTx="101.5530922" lbTx="101.5531407" tId="0" fbRx="101.5531473" lbRx="0" />
<p fId="2" fbTx="101.5530922" lbTx="101.5531407" tId="1" fbRx="101.5531473" lbRx="0" />
<p fId="2" fbTx="101.5530922" lbTx="101.5531407" tId="1" fbRx="101.5531473" lbRx="0" />
<p fId="2" fbTx="101.5531497" lbTx="101.5531982" tId="0" fbRx="101.5532047" lbRx="0" />
<p fId="2" fbTx="101.5531497" lbTx="101.5531982" tId="1" fbRx="101.5532047" lbRx="0" />
<p fId="2" fbTx="101.5531497" lbTx="101.5531982" tId="1" fbRx="101.5532047" lbRx="0" />
<p fId="2" fbTx="101.5532071" lbTx="101.5532556" tId="0" fbRx="101.5532622" lbRx="0" />
<p fId="2" fbTx="101.5532071" lbTx="101.5532556" tId="1" fbRx="101.5532622" lbRx="0" />
<p fId="2" fbTx="101.5532071" lbTx="101.5532556" tId="1" fbRx="101.5532622" lbRx="0" />
<p fId="2" fbTx="101.5532646" lbTx="101.553313" tId="0" fbRx="101.5533196" lbRx="0" />
<p fId="2" fbTx="101.5532646" lbTx="101.553313" tId="1" fbRx="101.5533196" lbRx="0" />
<p fId="2" fbTx="101.5532646" lbTx="101.553313" tId="1" fbRx="101.5533196" lbRx="0" />
<p fId="2" fbTx="101.55332" lbTx="101.5533685" tId="0" fbRx="101.553375" lbRx="0" />
<p fId="2" fbTx="101.55332" lbTx="101.5533685" tId="1" fbRx="101.553375" lbRx="0" />
<p fId="2" fbTx="101.55332" lbTx="101.5533685" tId="1" fbRx="101.553375" lbRx="0" />
<p fId="2" fbTx="101.5533764" lbTx="101.5534249" tId="0" fbRx="101.5534315" lbRx="0" />
<p fId="2" fbTx="101.5533764" lbTx="101.5534249" tId="1" fbRx="101.5534315" lbRx="0" />
<p fId="2" fbTx="101.5533764" lbTx="101.5534249" tId="1" fbRx="101.5534315" lbRx="0" />
<p fId="2" fbTx="101.5534339" lbTx="101.5534824" tId="0" fbRx="101.5534889" lbRx="0" />
<p fId="2" fbTx="101.5534339" lbTx="101.5534824" tId="1" fbRx="101.5534889" lbRx="0" />
<p fId="2" fbTx="101.5534339" lbTx="101.5534824" tId="1" fbRx="101.5534889" lbRx="0" />
<p fId="2" fbTx="101.5534923" lbTx="101.5535408" tId="0" fbRx="101.5535474" lbRx="0" />
<p fId="2" fbTx="101.5534923" lbTx="101.5535408" tId="1" fbRx="101.5535474" lbRx="0" />
<p fId="2" fbTx="101.5534923" lbTx="101.5535408" tId="1" fbRx="101.5535474" lbRx="0" />
<p fId="2" fbTx="101.5535488" lbTx="101.5535972" tId="0" fbRx="101.5536038" lbRx="0" />
<p fId="2" fbTx="101.5535488" lbTx="101.5535972" tId="1" fbRx="101.5536038" lbRx="0" />
<p fId="2" fbTx="101.5535488" lbTx="101.5535972" tId="1" fbRx="101.5536038" lbRx="0" />
<p fId="2" fbTx="101.5536052" lbTx="101.5536537" tId="0" fbRx="101.5536602" lbRx="0" />
<p fId="2" fbTx="101.5536052" lbTx="101.5536537" tId="1" fbRx="101.5536602" lbRx="0" />
<p fId="2" fbTx="101.5536052" lbTx="101.5536537" tId="1" fbRx="101.5536602" lbRx="0" />
<p fId="2" fbTx="101.5536626" lbTx="101.5537111" tId="0" fbRx="101.5537177" lbRx="0" />
<p fId="2" fbTx="101.5536626" lbTx="101.5537111" tId="1" fbRx="101.5537177" lbRx="0" />
<p fId="2" fbTx="101.5536626" lbTx="101.5537111" tId="1" fbRx="101.5537177" lbRx="0" />
<p fId="2" fbTx="101.5537181" lbTx="101.5537666" tId="0" fbRx="101.5537731" lbRx="0" />
<p fId="2" fbTx="101.5537181" lbTx="101.5537666" tId="1" fbRx="101.5537731" lbRx="0" />
<p fId="2" fbTx="101.5537181" lbTx="101.5537666" tId="1" fbRx="101.5537731" lbRx="0" />
<p fId="2" fbTx="101.5537745" lbTx="101.5538032" tId="0" fbRx="101.5538097" lbRx="0" />
<p fId="2" fbTx="101.5537745" lbTx="101.5538032" tId="1" fbRx="101.5538097" lbRx="0" />
<p fId="2" fbTx="101.5537745" lbTx="101.5538032" tId="1" fbRx="101.5538097" lbRx="0" />
<p fId="2" fbTx="101.5538101" lbTx="101.5538586" tId="0" fbRx="101.5538652" lbRx="0" />
<p fId="2" fbTx="101.5538101" lbTx="101.5538586" tId="1" fbRx="101.5538652" lbRx="0" />
<p fId="2" fbTx="101.5538101" lbTx="101.5538586" tId="1" fbRx="101.5538652" lbRx="0" />
<p fId="2" fbTx="101.5538656" lbTx="101.5539123" tId="0" fbRx="101.5539188" lbRx="0" />
<p fId="2" fbTx="101.5538656" lbTx="101.5539123" tId="1" fbRx="101.5539188" lbRx="0" />
<p fId="2" fbTx="101.5538656" lbTx="101.5539123" tId="1" fbRx="101.5539188" lbRx="0" />
<p fId="2" fbTx="101.5539192" lbTx="101.5539677" tId="0" fbRx="101.5539743" lbRx="0" />
<p fId="2" fbTx="101.5539192" lbTx="101.5539677" tId="1" fbRx="101.5539743" lbRx="0" />
<p fId="2" fbTx="101.5539192" lbTx="101.5539677" tId="1" fbRx="101.5539743" lbRx="0" />
<p fId="2" fbTx="101.5539747" lbTx="101.5540232" tId="0" fbRx="101.5540297" lbRx="0" />
<p fId="2" fbTx="101.5539747" lbTx="101.5540232" tId="1" fbRx="101.5540297" lbRx="0" />
<p fId="2" fbTx="101.5539747" lbTx="101.5540232" tId="1" fbRx="101.5540297" lbRx="0" />
<p fId="2" fbTx="101.5540321" lbTx="101.5540806" tId="0" fbRx="101.5540872" lbRx="0" />
<p fId="2" fbTx="101.5540321" lbTx="101.5540806" tId="1" fbRx="101.5540872" lbRx="0" />
<p fId="2" fbTx="101.5540321" lbTx="101.5540806" tId="1" fbRx="101.5540872" lbRx="0" />
<p fId="2" fbTx="101.5540986" lbTx="101.554147" tId="0" fbRx="101.5541536" lbRx="0" />
<p fId="2" fbTx="101.5540986" lbTx="101.554147" tId="1" fbRx="101.5541536" lbRx="0" />
<p fId="2" fbTx="101.5540986" lbTx="101.554147" tId="1" fbRx="101.5541536" lbRx="0" />
<p fId="2" fbTx="101.554167" lbTx="101.5542155" tId="0" fbRx="101.554222" lbRx="0" />
<p fId="2" fbTx="101.554167" lbTx="101.5542155" tId="1" fbRx="101.554222" lbRx="0" />
<p fId="2" fbTx="101.554167" lbTx="101.5542155" tId="1" fbRx="101.554222" lbRx="0" />
<p fId="2" fbTx="101.5542314" lbTx="101.5542799" tId="0" fbRx="101.5542865" lbRx="0" />
<p fId="2" fbTx="101.5542314" lbTx="101.5542799" tId="1" fbRx="101.5542865" lbRx="0" />
<p fId="2" fbTx="101.5542314" lbTx="101.5542799" tId="1" fbRx="101.5542865" lbRx="0" />
<p fId="2" fbTx="101.5542989" lbTx="101.5543474" tId="0" fbRx="101.5543539" lbRx="0" />
<p fId="2" fbTx="101.5542989" lbTx="101.5543474" tId="1" fbRx="101.5543539" lbRx="0" />
<p fId="2" fbTx="101.5542989" lbTx="101.5543474" tId="1" fbRx="101.5543539" lbRx="0" />
<p fId="2" fbTx="101.5543573" lbTx="101.5544058" tId="0" fbRx="101.5544124" lbRx="0" />
<p fId="2" fbTx="101.5543573" lbTx="101.5544058" tId="1" fbRx="101.5544124" lbRx="0" />
<p fId="2" fbTx="101.5543573" lbTx="101.5544058" tId="1" fbRx="101.5544124" lbRx="0" />
<p fId="2" fbTx="101.5544148" lbTx="101.5544632" tId="0" fbRx="101.5544698" lbRx="0" />
<p fId="2" fbTx="101.5544148" lbTx="101.5544632" tId="1" fbRx="101.5544698" lbRx="0" />
<p fId="2" fbTx="101.5544148" lbTx="101.5544632" tId="1" fbRx="101.5544698" lbRx="0" />
<p fId="2" fbTx="101.5544762" lbTx="101.5545247" tId="0" fbRx="101.5545312" lbRx="0" />
<p fId="2" fbTx="101.5544762" lbTx="101.5545247" tId="1" fbRx="101.5545312" lbRx="0" />
<p fId="2" fbTx="101.5544762" lbTx="101.5545247" tId="1" fbRx="101.5545312" lbRx="0" />
<p fId="2" fbTx="101.5545316" lbTx="101.5545801" tId="0" fbRx="101.5545867" lbRx="0" />
<p fId="2" fbTx="101.5545316" lbTx="101.5545801" tId="1" fbRx="101.5545867" lbRx="0" />
<p fId="2" fbTx="101.5545316" lbTx="101.5545801" tId="1" fbRx="101.5545867" lbRx="0" />
<p fId="2" fbTx="101.5545991" lbTx="101.5546476" tId="0" fbRx="101.5546541" lbRx="0" />
<p fId="2" fbTx="101.5545991" lbTx="101.5546476" tId="1" fbRx="101.5546541" lbRx="0" />
<p fId="2" fbTx="101.5545991" lbTx="101.5546476" tId="1" fbRx="101.5546541" lbRx="0" />
<p fId="2" fbTx="101.5546615" lbTx="101.55471" tId="0" fbRx="101.5547166" lbRx="0" />
<p fId="2" fbTx="101.5546615" lbTx="101.55471" tId="1" fbRx="101.5547166" lbRx="0" />
<p fId="2" fbTx="101.5546615" lbTx="101.55471" tId="1" fbRx="101.5547166" lbRx="0" />
<p fId="2" fbTx="101.554727" lbTx="101.5547754" tId="0" fbRx="101.554782" lbRx="0" />
<p fId="2" fbTx="101.554727" lbTx="101.5547754" tId="1" fbRx="101.554782" lbRx="0" />
<p fId="2" fbTx="101.554727" lbTx="101.5547754" tId="1" fbRx="101.554782" lbRx="0" />
<p fId="2" fbTx="101.5547844" lbTx="101.5548329" tId="0" fbRx="101.5548394" lbRx="0" />
<p fId="2" fbTx="101.5547844" lbTx="101.5548329" tId="1" fbRx="101.5548394" lbRx="0" />
<p fId="2" fbTx="101.5547844" lbTx="101.5548329" tId="1" fbRx="101.5548394" lbRx="0" />
<p fId="2" fbTx="101.5548398" lbTx="101.5548883" tId="0" fbRx="101.5548949" lbRx="0" />
<p fId="2" fbTx="101.5548398" lbTx="101.5548883" tId="1" fbRx="101.5548949" lbRx="0" />
<p fId="2" fbTx="101.5548398" lbTx="101.5548883" tId="1" fbRx="101.5548949" lbRx="0" />
<p fId="2" fbTx="101.5549003" lbTx="101.5549488" tId="0" fbRx="101.5549553" lbRx="0" />
<p fId="2" fbTx="101.5549003" lbTx="101.5549488" tId="1" fbRx="101.5549553" lbRx="0" />
<p fId="2" fbTx="101.5549003" lbTx="101.5549488" tId="1" fbRx="101.5549553" lbRx="0" />
<p fId="2" fbTx="101.5549577" lbTx="101.5550062" tId="0" fbRx="101.5550128" lbRx="0" />
<p fId="2" fbTx="101.5549577" lbTx="101.5550062" tId="1" fbRx="101.5550128" lbRx="0" />
<p fId="2" fbTx="101.5549577" lbTx="101.5550062" tId="1" fbRx="101.5550128" lbRx="0" />
<p fId="2" fbTx="101.5550152" lbTx="101.5550636" tId="0" fbRx="101.5550702" lbRx="0" />
<p fId="2" fbTx="101.5550152" lbTx="101.5550636" tId="1" fbRx="101.5550702" lbRx="0" />
<p fId="2" fbTx="101.5550152" lbTx="101.5550636" tId="1" fbRx="101.5550702" lbRx="0" />
<p fId="2" fbTx="101.5550736" lbTx="101.5551221" tId="0" fbRx="101.5551286" lbRx="0" />
<p fId="2" fbTx="101.5550736" lbTx="101.5551221" tId="1" fbRx="101.5551286" lbRx="0" />
<p fId="2" fbTx="101.5550736" lbTx="101.5551221" tId="1" fbRx="101.5551286" lbRx="0" />
<p fId="2" fbTx="101.555129" lbTx="101.5551775" tId="0" fbRx="101.5551841" lbRx="0" />
<p fId="2" fbTx="101.555129" lbTx="101.5551775" tId="1" fbRx="101.5551841" lbRx="0" />
<p fId="2" fbTx="101.555129" lbTx="101.5551775" tId="1" fbRx="101.5551841" lbRx="0" />
<p fId="2" fbTx="101.5551845" lbTx="101.555233" tId="0" fbRx="101.5552395" lbRx="0" />
<p fId="2" fbTx="101.5551845" lbTx="101.555233" tId="1" fbRx="101.5552395" lbRx="0" />
<p fId="2" fbTx="101.5551845" lbTx="101.555233" tId="1" fbRx="101.5552395" lbRx="0" />
<p fId="2" fbTx="101.5552509" lbTx="101.5552994" tId="0" fbRx="101.555306" lbRx="0" />
<p fId="2" fbTx="101.5552509" lbTx="101.5552994" tId="1" fbRx="101.555306" lbRx="0" />
<p fId="2" fbTx="101.5552509" lbTx="101.5552994" tId="1" fbRx="101.555306" lbRx="0" />
<p fId="2" fbTx="101.5553064" lbTx="101.5553548" tId="0" fbRx="101.5553614" lbRx="0" />
<p fId="2" fbTx="101.5553064" lbTx="101.5553548" tId="1" fbRx="101.5553614" lbRx="0" />
<p fId="2" fbTx="101.5553064" lbTx="101.5553548" tId="1" fbRx="101.5553614" lbRx="0" />
<p fId="2" fbTx="101.5553618" lbTx="101.5554103" tId="0" fbRx="101.5554168" lbRx="0" />
<p fId="2" fbTx="101.5553618" lbTx="101.5554103" tId="1" fbRx="101.5554168" lbRx="0" />
<p fId="2" fbTx="101.5553618" lbTx="101.5554103" tId="1" fbRx="101.5554168" lbRx="0" />
<p fId="2" fbTx="101.5554242" lbTx="101.5554727" tId="0" fbRx="101.5554793" lbRx="0" />
<p fId="2" fbTx="101.5554242" lbTx="101.5554727" tId="1" fbRx="101.5554793" lbRx="0" />
<p fId="2" fbTx="101.5554242" lbTx="101.5554727" tId="1" fbRx="101.5554793" lbRx="0" />
<p fId="2" fbTx="101.5554807" lbTx="101.5555292" tId="0" fbRx="101.5555357" lbRx="0" />
<p fId="2" fbTx="101.5554807" lbTx="101.5555292" tId="1" fbRx="101.5555357" lbRx="0" />
<p fId="2" fbTx="101.5554807" lbTx="101.5555292" tId="1" fbRx="101.5555357" lbRx="0" />
<p fId="2" fbTx="101.5555391" lbTx="101.5555876" tId="0" fbRx="101.5555942" lbRx="0" />
<p fId="2" fbTx="101.5555391" lbTx="101.5555876" tId="1" fbRx="101.5555942" lbRx="0" />
<p fId="2" fbTx="101.5555391" lbTx="101.5555876" tId="1" fbRx="101.5555942" lbRx="0" />
<p fId="2" fbTx="101.5556006" lbTx="101.555649" tId="0" fbRx="101.5556556" lbRx="0" />
<p fId="2" fbTx="101.5556006" lbTx="101.555649" tId="1" fbRx="101.5556556" lbRx="0" />
<p fId="2" fbTx="101.5556006" lbTx="101.555649" tId="1" fbRx="101.5556556" lbRx="0" />
<p fId="2" fbTx="101.555656" lbTx="101.5557045" tId="0" fbRx="101.555711" lbRx="0" />
<p fId="2" fbTx="101.555656" lbTx="101.5557045" tId="1" fbRx="101.555711" lbRx="0" />
<p fId="2" fbTx="101.555656" lbTx="101.5557045" tId="1" fbRx="101.555711" lbRx="0" />
<p fId="1" fbTx="101.5563526" lbTx="101.5563582" tId="0" fbRx="101.5563648" lbRx="0" />
<p fId="1" fbTx="101.5563526" lbTx="101.5563582" tId="2" fbRx="101.5563648" lbRx="0" />
<p fId="1" fbTx="101.5563526" lbTx="101.5563582" tId="2" fbRx="101.5563648" lbRx="0" />
<p fId="2" fbTx="101.5563658" lbTx="101.5564142" tId="0" fbRx="101.5564208" lbRx="0" />
<p fId="2" fbTx="101.5563658" lbTx="101.5564142" tId="1" fbRx="101.5564208" lbRx="0" />
<p fId="2" fbTx="101.5563658" lbTx="101.5564142" tId="1" fbRx="101.5564208" lbRx="0" />
<p fId="2" fbTx="101.5564222" lbTx="101.5564707" tId="0" fbRx="101.5564772" lbRx="0" />
<p fId="2" fbTx="101.5564222" lbTx="101.5564707" tId="1" fbRx="101.5564772" lbRx="0" />
<p fId="2" fbTx="101.5564222" lbTx="101.5564707" tId="1" fbRx="101.5564772" lbRx="0" />
<p fId="1" fbTx="101.5565622" lbTx="101.5565678" tId="0" fbRx="101.5565743" lbRx="0" />
<p fId="1" fbTx="101.5565622" lbTx="101.5565678" tId="2" fbRx="101.5565743" lbRx="0" />
<p fId="1" fbTx="101.5565622" lbTx="101.5565678" tId="2" fbRx="101.5565743" lbRx="0" />
<p fId="2" fbTx="101.5565753" lbTx="101.5566238" tId="0" fbRx="101.5566304" lbRx="0" />
<p fId="2" fbTx="101.5565753" lbTx="101.5566238" tId="1" fbRx="101.5566304" lbRx="0" />
<p fId="2" fbTx="101.5565753" lbTx="101.5566238" tId="1" fbRx="101.5566304" lbRx="0" />
<p fId="2" fbTx="101.5566318" lbTx="101.5566802" tId="0" fbRx="101.5566868" lbRx="0" />
<p fId="2" fbTx="101.5566318" lbTx="101.5566802" tId="1" fbRx="101.5566868" lbRx="0" />
<p fId="2" fbTx="101.5566318" lbTx="101.5566802" tId="1" fbRx="101.5566868" lbRx="0" />
<p fId="1" fbTx="101.5567657" lbTx="101.5567713" tId="0" fbRx="101.5567779" lbRx="0" />
<p fId="1" fbTx="101.5567657" lbTx="101.5567713" tId="2" fbRx="101.5567779" lbRx="0" />
<p fId="1" fbTx="101.5567657" lbTx="101.5567713" tId="2" fbRx="101.5567779" lbRx="0" />
<p fId="2" fbTx="101.5567789" lbTx="101.5568274" tId="0" fbRx="101.5568339" lbRx="0" />
<p fId="2" fbTx="101.5567789" lbTx="101.5568274" tId="1" fbRx="101.5568339" lbRx="0" />
<p fId="2" fbTx="101.5567789" lbTx="101.5568274" tId="1" fbRx="101.5568339" lbRx="0" />
<p fId="2" fbTx="101.5568343" lbTx="101.5568828" tId="0" fbRx="101.5568894" lbRx="0" />
<p fId="2" fbTx="101.5568343" lbTx="101.5568828" tId="1" fbRx="101.5568894" lbRx="0" />
<p fId="2" fbTx="101.5568343" lbTx="101.5568828" tId="1" fbRx="101.5568894" lbRx="0" />
<p fId="1" fbTx="101.5569263" lbTx="101.5569319" tId="0" fbRx="101.5569384" lbRx="0" />
<p fId="1" fbTx="101.5569263" lbTx="101.5569319" tId="2" fbRx="101.5569384" lbRx="0" />
<p fId="1" fbTx="101.5569263" lbTx="101.5569319" tId="2" fbRx="101.5569384" lbRx="0" />
<p fId="2" fbTx="101.5569394" lbTx="101.5569879" tId="0" fbRx="101.5569945" lbRx="0" />
<p fId="2" fbTx="101.5569394" lbTx="101.5569879" tId="1" fbRx="101.5569945" lbRx="0" />
<p fId="2" fbTx="101.5569394" lbTx="101.5569879" tId="1" fbRx="101.5569945" lbRx="0" />
<p fId="2" fbTx="101.5570069" lbTx="101.5570554" tId="0" fbRx="101.5570619" lbRx="0" />
<p fId="2" fbTx="101.5570069" lbTx="101.5570554" tId="1" fbRx="101.5570619" lbRx="0" />
<p fId="2" fbTx="101.5570069" lbTx="101.5570554" tId="1" fbRx="101.5570619" lbRx="0" />
<p fId="1" fbTx="101.5571478" lbTx="101.5571534" tId="0" fbRx="101.55716" lbRx="0" />
<p fId="1" fbTx="101.5571478" lbTx="101.5571534" tId="2" fbRx="101.55716" lbRx="0" />
<p fId="1" fbTx="101.5571478" lbTx="101.5571534" tId="2" fbRx="101.55716" lbRx="0" />
<p fId="2" fbTx="101.557161" lbTx="101.5572095" tId="0" fbRx="101.557216" lbRx="0" />
<p fId="2" fbTx="101.557161" lbTx="101.5572095" tId="1" fbRx="101.557216" lbRx="0" />
<p fId="2" fbTx="101.557161" lbTx="101.5572095" tId="1" fbRx="101.557216" lbRx="0" />
<p fId="1" fbTx="101.5572174" lbTx="101.557223" tId="0" fbRx="101.5572296" lbRx="0" />
<p fId="1" fbTx="101.5572174" lbTx="101.557223" tId="2" fbRx="101.5572296" lbRx="0" />
<p fId="1" fbTx="101.5572174" lbTx="101.557223" tId="2" fbRx="101.5572296" lbRx="0" />
<p fId="2" fbTx="101.5572304" lbTx="101.5572789" tId="0" fbRx="101.5572855" lbRx="0" />
<p fId="2" fbTx="101.5572304" lbTx="101.5572789" tId="1" fbRx="101.5572855" lbRx="0" />
<p fId="2" fbTx="101.5572304" lbTx="101.5572789" tId="1" fbRx="101.5572855" lbRx="0" />
<p fId="2" fbTx="101.5572859" lbTx="101.5573344" tId="0" fbRx="101.5573409" lbRx="0" />
<p fId="2" fbTx="101.5572859" lbTx="101.5573344" tId="1" fbRx="101.5573409" lbRx="0" />
<p fId="2" fbTx="101.5572859" lbTx="101.5573344" tId="1" fbRx="101.5573409" lbRx="0" />
<p fId="2" fbTx="101.5573463" lbTx="101.5573948" tId="0" fbRx="101.5574014" lbRx="0" />
<p fId="2" fbTx="101.5573463" lbTx="101.5573948" tId="1" fbRx="101.5574014" lbRx="0" />
<p fId="2" fbTx="101.5573463" lbTx="101.5573948" tId="1" fbRx="101.5574014" lbRx="0" />
<p fId="1" fbTx="101.557471" lbTx="101.5574766" tId="0" fbRx="101.5574831" lbRx="0" />
<p fId="1" fbTx="101.557471" lbTx="101.5574766" tId="2" fbRx="101.5574831" lbRx="0" />
<p fId="1" fbTx="101.557471" lbTx="101.5574766" tId="2" fbRx="101.5574831" lbRx="0" />
<p fId="2" fbTx="101.5574841" lbTx="101.5575326" tId="0" fbRx="101.5575392" lbRx="0" />
<p fId="2" fbTx="101.5574841" lbTx="101.5575326" tId="1" fbRx="101.5575392" lbRx="0" />
<p fId="2" fbTx="101.5574841" lbTx="101.5575326" tId="1" fbRx="101.5575392" lbRx="0" />
<p fId="2" fbTx="101.5575396" lbTx="101.557588" tId="0" fbRx="101.5575946" lbRx="0" />
<p fId="2" fbTx="101.5575396" lbTx="101.557588" tId="1" fbRx="101.5575946" lbRx="0" />
<p fId="2" fbTx="101.5575396" lbTx="101.557588" tId="1" fbRx="101.5575946" lbRx="0" />
<p fId="1" fbTx="101.5576005" lbTx="101.5576061" tId="0" fbRx="101.5576127" lbRx="0" />
<p fId="1" fbTx="101.5576005" lbTx="101.5576061" tId="2" fbRx="101.5576127" lbRx="0" />
<p fId="1" fbTx="101.5576005" lbTx="101.5576061" tId="2" fbRx="101.5576127" lbRx="0" />
<p fId="2" fbTx="101.5576137" lbTx="101.5576622" tId="0" fbRx="101.5576687" lbRx="0" />
<p fId="2" fbTx="101.5576137" lbTx="101.5576622" tId="1" fbRx="101.5576687" lbRx="0" />
<p fId="2" fbTx="101.5576137" lbTx="101.5576622" tId="1" fbRx="101.5576687" lbRx="0" />
<p fId="2" fbTx="101.5576741" lbTx="101.5577226" tId="0" fbRx="101.5577292" lbRx="0" />
<p fId="2" fbTx="101.5576741" lbTx="101.5577226" tId="1" fbRx="101.5577292" lbRx="0" />
<p fId="2" fbTx="101.5576741" lbTx="101.5577226" tId="1" fbRx="101.5577292" lbRx="0" />
<p fId="1" fbTx="101.5577521" lbTx="101.5577577" tId="0" fbRx="101.5577642" lbRx="0" />
<p fId="1" fbTx="101.5577521" lbTx="101.5577577" tId="2" fbRx="101.5577642" lbRx="0" />
<p fId="1" fbTx="101.5577521" lbTx="101.5577577" tId="2" fbRx="101.5577642" lbRx="0" />
<p fId="2" fbTx="101.5577652" lbTx="101.5578137" tId="0" fbRx="101.5578203" lbRx="0" />
<p fId="2" fbTx="101.5577652" lbTx="101.5578137" tId="1" fbRx="101.5578203" lbRx="0" />
<p fId="2" fbTx="101.5577652" lbTx="101.5578137" tId="1" fbRx="101.5578203" lbRx="0" />
<p fId="2" fbTx="101.5578237" lbTx="101.5578722" tId="0" fbRx="101.5578787" lbRx="0" />
<p fId="2" fbTx="101.5578237" lbTx="101.5578722" tId="1" fbRx="101.5578787" lbRx="0" />
<p fId="2" fbTx="101.5578237" lbTx="101.5578722" tId="1" fbRx="101.5578787" lbRx="0" />
<p fId="1" fbTx="101.5580096" lbTx="101.5580152" tId="0" fbRx="101.5580218" lbRx="0" />
<p fId="1" fbTx="101.5580096" lbTx="101.5580152" tId="2" fbRx="101.5580218" lbRx="0" />
<p fId="1" fbTx="101.5580096" lbTx="101.5580152" tId="2" fbRx="101.5580218" lbRx="0" />
<p fId="2" fbTx="101.5580228" lbTx="101.5580713" tId="0" fbRx="101.5580778" lbRx="0" />
<p fId="2" fbTx="101.5580228" lbTx="101.5580713" tId="1" fbRx="101.5580778" lbRx="0" />
<p fId="2" fbTx="101.5580228" lbTx="101.5580713" tId="1" fbRx="101.5580778" lbRx="0" />
<p fId="2" fbTx="101.5580802" lbTx="101.5581287" tId="0" fbRx="101.5581353" lbRx="0" />
<p fId="2" fbTx="101.5580802" lbTx="101.5581287" tId="1" fbRx="101.5581353" lbRx="0" />
<p fId="2" fbTx="101.5580802" lbTx="101.5581287" tId="1" fbRx="101.5581353" lbRx="0" />
<p fId="1" fbTx="101.5581412" lbTx="101.5581468" tId="0" fbRx="101.5581534" lbRx="0" />
<p fId="1" fbTx="101.5581412" lbTx="101.5581468" tId="2" fbRx="101.5581534" lbRx="0" />
<p fId="1" fbTx="101.5581412" lbTx="101.5581468" tId="2" fbRx="101.5581534" lbRx="0" />
<p fId="2" fbTx="101.5581544" lbTx="101.5582028" tId="0" fbRx="101.5582094" lbRx="0" />
<p fId="2" fbTx="101.5581544" lbTx="101.5582028" tId="1" fbRx="101.5582094" lbRx="0" />
<p fId="2" fbTx="101.5581544" lbTx="101.5582028" tId="1" fbRx="101.5582094" lbRx="0" />
<p fId="2" fbTx="101.5582098" lbTx="101.5582583" tId="0" fbRx="101.5582648" lbRx="0" />
<p fId="2" fbTx="101.5582098" lbTx="101.5582583" tId="1" fbRx="101.5582648" lbRx="0" />
<p fId="2" fbTx="101.5582098" lbTx="101.5582583" tId="1" fbRx="101.5582648" lbRx="0" />
<p fId="1" fbTx="101.5583118" lbTx="101.5583174" tId="0" fbRx="101.5583239" lbRx="0" />
<p fId="1" fbTx="101.5583118" lbTx="101.5583174" tId="2" fbRx="101.5583239" lbRx="0" />
<p fId="1" fbTx="101.5583118" lbTx="101.5583174" tId="2" fbRx="101.5583239" lbRx="0" />
<p fId="2" fbTx="101.5583249" lbTx="101.5583734" tId="0" fbRx="101.55838" lbRx="0" />
<p fId="2" fbTx="101.5583249" lbTx="101.5583734" tId="1" fbRx="101.55838" lbRx="0" />
<p fId="2" fbTx="101.5583249" lbTx="101.5583734" tId="1" fbRx="101.55838" lbRx="0" />
<p fId="2" fbTx="101.5583814" lbTx="101.5584298" tId="0" fbRx="101.5584364" lbRx="0" />
<p fId="2" fbTx="101.5583814" lbTx="101.5584298" tId="1" fbRx="101.5584364" lbRx="0" />
<p fId="2" fbTx="101.5583814" lbTx="101.5584298" tId="1" fbRx="101.5584364" lbRx="0" />
<p fId="1" fbTx="101.5584663" lbTx="101.5584719" tId="0" fbRx="101.5584785" lbRx="0" />
<p fId="1" fbTx="101.5584663" lbTx="101.5584719" tId="2" fbRx="101.5584785" lbRx="0" />
<p fId="1" fbTx="101.5584663" lbTx="101.5584719" tId="2" fbRx="101.5584785" lbRx="0" />
<p fId="2" fbTx="101.5584795" lbTx="101.558528" tId="0" fbRx="101.5585345" lbRx="0" />
<p fId="2" fbTx="101.5584795" lbTx="101.558528" tId="1" fbRx="101.5585345" lbRx="0" />
<p fId="2" fbTx="101.5584795" lbTx="101.558528" tId="1" fbRx="101.5585345" lbRx="0" />
<p fId="2" fbTx="101.5585459" lbTx="101.5585944" tId="0" fbRx="101.558601" lbRx="0" />
<p fId="2" fbTx="101.5585459" lbTx="101.5585944" tId="1" fbRx="101.558601" lbRx="0" />
<p fId="2" fbTx="101.5585459" lbTx="101.5585944" tId="1" fbRx="101.558601" lbRx="0" />
<p fId="1" fbTx="101.5586569" lbTx="101.5586625" tId="0" fbRx="101.558669" lbRx="0" />
<p fId="1" fbTx="101.5586569" lbTx="101.5586625" tId="2" fbRx="101.558669" lbRx="0" />
<p fId="1" fbTx="101.5586569" lbTx="101.5586625" tId="2" fbRx="101.558669" lbRx="0" />
<p fId="2" fbTx="101.55867" lbTx="101.5587185" tId="0" fbRx="101.5587251" lbRx="0" />
<p fId="2" fbTx="101.55867" lbTx="101.5587185" tId="1" fbRx="101.5587251" lbRx="0" />
<p fId="2" fbTx="101.55867" lbTx="101.5587185" tId="1" fbRx="101.5587251" lbRx="0" />
<p fId="2" fbTx="101.5587265" lbTx="101.558775" tId="0" fbRx="101.5587815" lbRx="0" />
<p fId="2" fbTx="101.5587265" lbTx="101.558775" tId="1" fbRx="101.5587815" lbRx="0" />
<p fId="2" fbTx="101.5587265" lbTx="101.558775" tId="1" fbRx="101.5587815" lbRx="0" />
<p fId="1" fbTx="101.5589754" lbTx="101.558981" tId="0" fbRx="101.5589876" lbRx="0" />
<p fId="1" fbTx="101.5589754" lbTx="101.558981" tId="2" fbRx="101.5589876" lbRx="0" />
<p fId="1" fbTx="101.5589754" lbTx="101.558981" tId="2" fbRx="101.5589876" lbRx="0" />
<p fId="2" fbTx="101.5589886" lbTx="101.5590371" tId="0" fbRx="101.5590436" lbRx="0" />
<p fId="2" fbTx="101.5589886" lbTx="101.5590371" tId="1" fbRx="101.5590436" lbRx="0" />
<p fId="2" fbTx="101.5589886" lbTx="101.5590371" tId="1" fbRx="101.5590436" lbRx="0" />
<p fId="2" fbTx="101.559046" lbTx="101.5590945" tId="0" fbRx="101.5591011" lbRx="0" />
<p fId="2" fbTx="101.559046" lbTx="101.5590945" tId="1" fbRx="101.5591011" lbRx="0" />
<p fId="2" fbTx="101.559046" lbTx="101.5590945" tId="1" fbRx="101.5591011" lbRx="0" />
<p fId="1" fbTx="101.559134" lbTx="101.5591396" tId="0" fbRx="101.5591462" lbRx="0" />
<p fId="1" fbTx="101.559134" lbTx="101.5591396" tId="2" fbRx="101.5591462" lbRx="0" />
<p fId="1" fbTx="101.559134" lbTx="101.5591396" tId="2" fbRx="101.5591462" lbRx="0" />
<p fId="2" fbTx="101.5591472" lbTx="101.5591956" tId="0" fbRx="101.5592022" lbRx="0" />
<p fId="2" fbTx="101.5591472" lbTx="101.5591956" tId="1" fbRx="101.5592022" lbRx="0" />
<p fId="2" fbTx="101.5591472" lbTx="101.5591956" tId="1" fbRx="101.5592022" lbRx="0" />
<p fId="2" fbTx="101.5592076" lbTx="101.5592561" tId="0" fbRx="101.5592626" lbRx="0" />
<p fId="2" fbTx="101.5592076" lbTx="101.5592561" tId="1" fbRx="101.5592626" lbRx="0" />
<p fId="2" fbTx="101.5592076" lbTx="101.5592561" tId="1" fbRx="101.5592626" lbRx="0" />
<p fId="1" fbTx="101.5592906" lbTx="101.5592962" tId="0" fbRx="101.5593027" lbRx="0" />
<p fId="1" fbTx="101.5592906" lbTx="101.5592962" tId="2" fbRx="101.5593027" lbRx="0" />
<p fId="1" fbTx="101.5592906" lbTx="101.5592962" tId="2" fbRx="101.5593027" lbRx="0" />
<p fId="2" fbTx="101.5593037" lbTx="101.5593522" tId="0" fbRx="101.5593588" lbRx="0" />
<p fId="2" fbTx="101.5593037" lbTx="101.5593522" tId="1" fbRx="101.5593588" lbRx="0" />
<p fId="2" fbTx="101.5593037" lbTx="101.5593522" tId="1" fbRx="101.5593588" lbRx="0" />
<p fId="2" fbTx="101.5593602" lbTx="101.5594086" tId="0" fbRx="101.5594152" lbRx="0" />
<p fId="2" fbTx="101.5593602" lbTx="101.5594086" tId="1" fbRx="101.5594152" lbRx="0" />
<p fId="2" fbTx="101.5593602" lbTx="101.5594086" tId="1" fbRx="101.5594152" lbRx="0" />
<p fId="1" fbTx="101.5594761" lbTx="101.5594817" tId="0" fbRx="101.5594883" lbRx="0" />
<p fId="1" fbTx="101.5594761" lbTx="101.5594817" tId="2" fbRx="101.5594883" lbRx="0" />
<p fId="1" fbTx="101.5594761" lbTx="101.5594817" tId="2" fbRx="101.5594883" lbRx="0" />
<p fId="2" fbTx="101.5594893" lbTx="101.5595378" tId="0" fbRx="101.5595443" lbRx="0" />
<p fId="2" fbTx="101.5594893" lbTx="101.5595378" tId="1" fbRx="101.5595443" lbRx="0" />
<p fId="2" fbTx="101.5594893" lbTx="101.5595378" tId="1" fbRx="101.5595443" lbRx="0" />
<p fId="1" fbTx="101.5595447" lbTx="101.5595503" tId="0" fbRx="101.5595568" lbRx="0" />
<p fId="1" fbTx="101.5595447" lbTx="101.5595503" tId="2" fbRx="101.5595568" lbRx="0" />
<p fId="1" fbTx="101.5595447" lbTx="101.5595503" tId="2" fbRx="101.5595568" lbRx="0" />
<p fId="1" fbTx="101.5595572" lbTx="101.5595628" tId="0" fbRx="101.5595694" lbRx="0" />
<p fId="1" fbTx="101.5595572" lbTx="101.5595628" tId="2" fbRx="101.5595694" lbRx="0" />
<p fId="1" fbTx="101.5595572" lbTx="101.5595628" tId="2" fbRx="101.5595694" lbRx="0" />
<p fId="1" fbTx="101.5595708" lbTx="101.5595764" tId="0" fbRx="101.559583" lbRx="0" />
<p fId="1" fbTx="101.5595708" lbTx="101.5595764" tId="2" fbRx="101.559583" lbRx="0" />
<p fId="1" fbTx="101.5595708" lbTx="101.5595764" tId="2" fbRx="101.559583" lbRx="0" />
<p fId="1" fbTx="101.5595864" lbTx="101.559592" tId="0" fbRx="101.5595985" lbRx="0" />
<p fId="1" fbTx="101.5595864" lbTx="101.559592" tId="2" fbRx="101.5595985" lbRx="0" />
<p fId="1" fbTx="101.5595864" lbTx="101.559592" tId="2" fbRx="101.5595985" lbRx="0" />
<p fId="1" fbTx="101.5595989" lbTx="101.5596045" tId="0" fbRx="101.5596111" lbRx="0" />
<p fId="1" fbTx="101.5595989" lbTx="101.5596045" tId="2" fbRx="101.5596111" lbRx="0" />
<p fId="1" fbTx="101.5595989" lbTx="101.5596045" tId="2" fbRx="101.5596111" lbRx="0" />
<p fId="1" fbTx="101.5596115" lbTx="101.5596171" tId="0" fbRx="101.5596236" lbRx="0" />
<p fId="1" fbTx="101.5596115" lbTx="101.5596171" tId="2" fbRx="101.5596236" lbRx="0" />
<p fId="1" fbTx="101.5596115" lbTx="101.5596171" tId="2" fbRx="101.5596236" lbRx="0" />
<p fId="1" fbTx="101.559624" lbTx="101.5596296" tId="0" fbRx="101.5596362" lbRx="0" />
<p fId="1" fbTx="101.559624" lbTx="101.5596296" tId="2" fbRx="101.5596362" lbRx="0" />
<p fId="1" fbTx="101.559624" lbTx="101.5596296" tId="2" fbRx="101.5596362" lbRx="0" />
<p fId="1" fbTx="101.5596376" lbTx="101.5596432" tId="0" fbRx="101.5596498" lbRx="0" />
<p fId="1" fbTx="101.5596376" lbTx="101.5596432" tId="2" fbRx="101.5596498" lbRx="0" />
<p fId="1" fbTx="101.5596376" lbTx="101.5596432" tId="2" fbRx="101.5596498" lbRx="0" />
<p fId="1" fbTx="101.5596512" lbTx="101.5596568" tId="0" fbRx="101.5596633" lbRx="0" />
<p fId="1" fbTx="101.5596512" lbTx="101.5596568" tId="2" fbRx="101.5596633" lbRx="0" />
<p fId="1" fbTx="101.5596512" lbTx="101.5596568" tId="2" fbRx="101.5596633" lbRx="0" />
<p fId="1" fbTx="101.5596657" lbTx="101.5596713" tId="0" fbRx="101.5596779" lbRx="0" />
<p fId="1" fbTx="101.5596657" lbTx="101.5596713" tId="2" fbRx="101.5596779" lbRx="0" />
<p fId="1" fbTx="101.5596657" lbTx="101.5596713" tId="2" fbRx="101.5596779" lbRx="0" />
<p fId="1" fbTx="101.5596783" lbTx="101.5596839" tId="0" fbRx="101.5596904" lbRx="0" />
<p fId="1" fbTx="101.5596783" lbTx="101.5596839" tId="2" fbRx="101.5596904" lbRx="0" />
<p fId="1" fbTx="101.5596783" lbTx="101.5596839" tId="2" fbRx="101.5596904" lbRx="0" />
<p fId="1" fbTx="101.5596918" lbTx="101.5596974" tId="0" fbRx="101.559704" lbRx="0" />
<p fId="1" fbTx="101.5596918" lbTx="101.5596974" tId="2" fbRx="101.559704" lbRx="0" />
<p fId="1" fbTx="101.5596918" lbTx="101.5596974" tId="2" fbRx="101.559704" lbRx="0" />
<p fId="1" fbTx="101.5597064" lbTx="101.559712" tId="0" fbRx="101.5597186" lbRx="0" />
<p fId="1" fbTx="101.5597064" lbTx="101.559712" tId="2" fbRx="101.5597186" lbRx="0" />
<p fId="1" fbTx="101.5597064" lbTx="101.559712" tId="2" fbRx="101.5597186" lbRx="0" />
<p fId="1" fbTx="101.55972" lbTx="101.5597256" tId="0" fbRx="101.5597321" lbRx="0" />
<p fId="1" fbTx="101.55972" lbTx="101.5597256" tId="2" fbRx="101.5597321" lbRx="0" />
<p fId="1" fbTx="101.55972" lbTx="101.5597256" tId="2" fbRx="101.5597321" lbRx="0" />
<p fId="1" fbTx="101.5597325" lbTx="101.5597381" tId="0" fbRx="101.5597447" lbRx="0" />
<p fId="1" fbTx="101.5597325" lbTx="101.5597381" tId="2" fbRx="101.5597447" lbRx="0" />
<p fId="1" fbTx="101.5597325" lbTx="101.5597381" tId="2" fbRx="101.5597447" lbRx="0" />
<p fId="1" fbTx="101.5597541" lbTx="101.5597597" tId="0" fbRx="101.5597662" lbRx="0" />
<p fId="1" fbTx="101.5597541" lbTx="101.5597597" tId="2" fbRx="101.5597662" lbRx="0" />
<p fId="1" fbTx="101.5597541" lbTx="101.5597597" tId="2" fbRx="101.5597662" lbRx="0" />
<p fId="1" fbTx="101.5597676" lbTx="101.5597732" tId="0" fbRx="101.5597798" lbRx="0" />
<p fId="1" fbTx="101.5597676" lbTx="101.5597732" tId="2" fbRx="101.5597798" lbRx="0" />
<p fId="1" fbTx="101.5597676" lbTx="101.5597732" tId="2" fbRx="101.5597798" lbRx="0" />
<p fId="1" fbTx="101.5597802" lbTx="101.5597858" tId="0" fbRx="101.5597924" lbRx="0" />
<p fId="1" fbTx="101.5597802" lbTx="101.5597858" tId="2" fbRx="101.5597924" lbRx="0" />
<p fId="1" fbTx="101.5597802" lbTx="101.5597858" tId="2" fbRx="101.5597924" lbRx="0" />
<p fId="1" fbTx="101.5597928" lbTx="101.5597984" tId="0" fbRx="101.5598049" lbRx="0" />
<p fId="1" fbTx="101.5597928" lbTx="101.5597984" tId="2" fbRx="101.5598049" lbRx="0" />
<p fId="1" fbTx="101.5597928" lbTx="101.5597984" tId="2" fbRx="101.5598049" lbRx="0" />
<p fId="1" fbTx="101.5598073" lbTx="101.5598129" tId="0" fbRx="101.5598195" lbRx="0" />
<p fId="1" fbTx="101.5598073" lbTx="101.5598129" tId="2" fbRx="101.5598195" lbRx="0" />
<p fId="1" fbTx="101.5598073" lbTx="101.5598129" tId="2" fbRx="101.5598195" lbRx="0" />
<p fId="1" fbTx="101.5598219" lbTx="101.5598275" tId="0" fbRx="101.559834" lbRx="0" />
<p fId="1" fbTx="101.5598219" lbTx="101.5598275" tId="2" fbRx="101.559834" lbRx="0" />
<p fId="1" fbTx="101.5598219" lbTx="101.5598275" tId="2" fbRx="101.559834" lbRx="0" />
<p fId="1" fbTx="101.5598354" lbTx="101.559841" tId="0" fbRx="101.5598476" lbRx="0" />
<p fId="1" fbTx="101.5598354" lbTx="101.559841" tId="2" fbRx="101.5598476" lbRx="0" />
<p fId="1" fbTx="101.5598354" lbTx="101.559841" tId="2" fbRx="101.5598476" lbRx="0" />
<p fId="1" fbTx="101.559852" lbTx="101.5598576" tId="0" fbRx="101.5598642" lbRx="0" />
<p fId="1" fbTx="101.559852" lbTx="101.5598576" tId="2" fbRx="101.5598642" lbRx="0" />
<p fId="1" fbTx="101.559852" lbTx="101.5598576" tId="2" fbRx="101.5598642" lbRx="0" />
<p fId="1" fbTx="101.5598676" lbTx="101.5598732" tId="0" fbRx="101.5598797" lbRx="0" />
<p fId="1" fbTx="101.5598676" lbTx="101.5598732" tId="2" fbRx="101.5598797" lbRx="0" />
<p fId="1" fbTx="101.5598676" lbTx="101.5598732" tId="2" fbRx="101.5598797" lbRx="0" />
<p fId="1" fbTx="101.5598811" lbTx="101.5598867" tId="0" fbRx="101.5598933" lbRx="0" />
<p fId="1" fbTx="101.5598811" lbTx="101.5598867" tId="2" fbRx="101.5598933" lbRx="0" />
<p fId="1" fbTx="101.5598811" lbTx="101.5598867" tId="2" fbRx="101.5598933" lbRx="0" />
<p fId="1" fbTx="101.5598947" lbTx="101.5599003" tId="0" fbRx="101.5599068" lbRx="0" />
<p fId="1" fbTx="101.5598947" lbTx="101.5599003" tId="2" fbRx="101.5599068" lbRx="0" />
<p fId="1" fbTx="101.5598947" lbTx="101.5599003" tId="2" fbRx="101.5599068" lbRx="0" />
<p fId="1" fbTx="101.5599092" lbTx="101.5599148" tId="0" fbRx="101.5599214" lbRx="0" />
<p fId="1" fbTx="101.5599092" lbTx="101.5599148" tId="2" fbRx="101.5599214" lbRx="0" />
<p fId="1" fbTx="101.5599092" lbTx="101.5599148" tId="2" fbRx="101.5599214" lbRx="0" />
<p fId="1" fbTx="101.5599248" lbTx="101.5599304" tId="0" fbRx="101.559937" lbRx="0" />
<p fId="1" fbTx="101.5599248" lbTx="101.5599304" tId="2" fbRx="101.559937" lbRx="0" />
<p fId="1" fbTx="101.5599248" lbTx="101.5599304" tId="2" fbRx="101.559937" lbRx="0" />
<p fId="1" fbTx="101.5599634" lbTx="101.559969" tId="0" fbRx="101.5599755" lbRx="0" />
<p fId="1" fbTx="101.5599634" lbTx="101.559969" tId="2" fbRx="101.5599755" lbRx="0" />
<p fId="1" fbTx="101.5599634" lbTx="101.559969" tId="2" fbRx="101.5599755" lbRx="0" />
<p fId="1" fbTx="101.5599879" lbTx="101.5599935" tId="0" fbRx="101.5600001" lbRx="0" />
<p fId="1" fbTx="101.5599879" lbTx="101.5599935" tId="2" fbRx="101.5600001" lbRx="0" />
<p fId="1" fbTx="101.5599879" lbTx="101.5599935" tId="2" fbRx="101.5600001" lbRx="0" />
<p fId="1" fbTx="101.5600025" lbTx="101.5600081" tId="0" fbRx="101.5600146" lbRx="0" />
<p fId="1" fbTx="101.5600025" lbTx="101.5600081" tId="2" fbRx="101.5600146" lbRx="0" />
<p fId="1" fbTx="101.5600025" lbTx="101.5600081" tId="2" fbRx="101.5600146" lbRx="0" />
<p fId="1" fbTx="101.560024" lbTx="101.5600296" tId="0" fbRx="101.5600362" lbRx="0" />
<p fId="1" fbTx="101.560024" lbTx="101.5600296" tId="2" fbRx="101.5600362" lbRx="0" />
<p fId="1" fbTx="101.560024" lbTx="101.5600296" tId="2" fbRx="101.5600362" lbRx="0" />
<p fId="1" fbTx="101.5600386" lbTx="101.5600442" tId="0" fbRx="101.5600508" lbRx="0" />
<p fId="1" fbTx="101.5600386" lbTx="101.5600442" tId="2" fbRx="101.5600508" lbRx="0" />
<p fId="1" fbTx="101.5600386" lbTx="101.5600442" tId="2" fbRx="101.5600508" lbRx="0" />
<p fId="1" fbTx="101.5600542" lbTx="101.5600598" tId="0" fbRx="101.5600663" lbRx="0" />
<p fId="1" fbTx="101.5600542" lbTx="101.5600598" tId="2" fbRx="101.5600663" lbRx="0" />
<p fId="1" fbTx="101.5600542" lbTx="101.5600598" tId="2" fbRx="101.5600663" lbRx="0" />
<p fId="1" fbTx="101.5600697" lbTx="101.5600753" tId="0" fbRx="101.5600819" lbRx="0" />
<p fId="1" fbTx="101.5600697" lbTx="101.5600753" tId="2" fbRx="101.5600819" lbRx="0" />
<p fId="1" fbTx="101.5600697" lbTx="101.5600753" tId="2" fbRx="101.5600819" lbRx="0" />
<p fId="1" fbTx="101.5600883" lbTx="101.5600939" tId="0" fbRx="101.5601004" lbRx="0" />
<p fId="1" fbTx="101.5600883" lbTx="101.5600939" tId="2" fbRx="101.5601004" lbRx="0" />
<p fId="1" fbTx="101.5600883" lbTx="101.5600939" tId="2" fbRx="101.5601004" lbRx="0" />
<p fId="1" fbTx="101.5601088" lbTx="101.5601144" tId="0" fbRx="101.560121" lbRx="0" />
<p fId="1" fbTx="101.5601088" lbTx="101.5601144" tId="2" fbRx="101.560121" lbRx="0" />
<p fId="1" fbTx="101.5601088" lbTx="101.5601144" tId="2" fbRx="101.560121" lbRx="0" />
<p fId="1" fbTx="101.5601254" lbTx="101.560131" tId="0" fbRx="101.5601376" lbRx="0" />
<p fId="1" fbTx="101.5601254" lbTx="101.560131" tId="2" fbRx="101.5601376" lbRx="0" />
<p fId="1" fbTx="101.5601254" lbTx="101.560131" tId="2" fbRx="101.5601376" lbRx="0" />
<p fId="1" fbTx="101.560138" lbTx="101.5601436" tId="0" fbRx="101.5601501" lbRx="0" />
<p fId="1" fbTx="101.560138" lbTx="101.5601436" tId="2" fbRx="101.5601501" lbRx="0" />
<p fId="1" fbTx="101.560138" lbTx="101.5601436" tId="2" fbRx="101.5601501" lbRx="0" />
<p fId="1" fbTx="101.5601515" lbTx="101.5601571" tId="0" fbRx="101.5601637" lbRx="0" />
<p fId="1" fbTx="101.5601515" lbTx="101.5601571" tId="2" fbRx="101.5601637" lbRx="0" />
<p fId="1" fbTx="101.5601515" lbTx="101.5601571" tId="2" fbRx="101.5601637" lbRx="0" />
<p fId="1" fbTx="101.5601731" lbTx="101.5601787" tId="0" fbRx="101.5601852" lbRx="0" />
<p fId="1" fbTx="101.5601731" lbTx="101.5601787" tId="2" fbRx="101.5601852" lbRx="0" />
<p fId="1" fbTx="101.5601731" lbTx="101.5601787" tId="2" fbRx="101.5601852" lbRx="0" />
<p fId="1" fbTx="101.5601956" lbTx="101.5602012" tId="0" fbRx="101.5602078" lbRx="0" />
<p fId="1" fbTx="101.5601956" lbTx="101.5602012" tId="2" fbRx="101.5602078" lbRx="0" />
<p fId="1" fbTx="101.5601956" lbTx="101.5602012" tId="2" fbRx="101.5602078" lbRx="0" />
<p fId="1" fbTx="101.5602102" lbTx="101.5602158" tId="0" fbRx="101.5602224" lbRx="0" />
<p fId="1" fbTx="101.5602102" lbTx="101.5602158" tId="2" fbRx="101.5602224" lbRx="0" />
<p fId="1" fbTx="101.5602102" lbTx="101.5602158" tId="2" fbRx="101.5602224" lbRx="0" />
<p fId="1" fbTx="101.5602228" lbTx="101.5602284" tId="0" fbRx="101.5602349" lbRx="0" />
<p fId="1" fbTx="101.5602228" lbTx="101.5602284" tId="2" fbRx="101.5602349" lbRx="0" />
<p fId="1" fbTx="101.5602228" lbTx="101.5602284" tId="2" fbRx="101.5602349" lbRx="0" />
<p fId="1" fbTx="101.5602403" lbTx="101.5602459" tId="0" fbRx="101.5602525" lbRx="0" />
<p fId="1" fbTx="101.5602403" lbTx="101.5602459" tId="2" fbRx="101.5602525" lbRx="0" />
<p fId="1" fbTx="101.5602403" lbTx="101.5602459" tId="2" fbRx="101.5602525" lbRx="0" />
<p fId="1" fbTx="101.5602619" lbTx="101.5602675" tId="0" fbRx="101.560274" lbRx="0" />
<p fId="1" fbTx="101.5602619" lbTx="101.5602675" tId="2" fbRx="101.560274" lbRx="0" />
<p fId="1" fbTx="101.5602619" lbTx="101.5602675" tId="2" fbRx="101.560274" lbRx="0" />
<p fId="1" fbTx="101.5602774" lbTx="101.560283" tId="0" fbRx="101.5602896" lbRx="0" />
<p fId="1" fbTx="101.5602774" lbTx="101.560283" tId="2" fbRx="101.5602896" lbRx="0" />
<p fId="1" fbTx="101.5602774" lbTx="101.560283" tId="2" fbRx="101.5602896" lbRx="0" />
<p fId="1" fbTx="101.560294" lbTx="101.5602996" tId="0" fbRx="101.5603062" lbRx="0" />
<p fId="1" fbTx="101.560294" lbTx="101.5602996" tId="2" fbRx="101.5603062" lbRx="0" />
<p fId="1" fbTx="101.560294" lbTx="101.5602996" tId="2" fbRx="101.5603062" lbRx="0" />
<p fId="1" fbTx="101.5603076" lbTx="101.5603132" tId="0" fbRx="101.5603197" lbRx="0" />
<p fId="1" fbTx="101.5603076" lbTx="101.5603132" tId="2" fbRx="101.5603197" lbRx="0" />
<p fId="1" fbTx="101.5603076" lbTx="101.5603132" tId="2" fbRx="101.5603197" lbRx="0" />
<p fId="1" fbTx="101.5603201" lbTx="101.5603257" tId="0" fbRx="101.5603323" lbRx="0" />
<p fId="1" fbTx="101.5603201" lbTx="101.5603257" tId="2" fbRx="101.5603323" lbRx="0" />
<p fId="1" fbTx="101.5603201" lbTx="101.5603257" tId="2" fbRx="101.5603323" lbRx="0" />
<p fId="1" fbTx="101.5603327" lbTx="101.5603383" tId="0" fbRx="101.5603448" lbRx="0" />
<p fId="1" fbTx="101.5603327" lbTx="101.5603383" tId="2" fbRx="101.5603448" lbRx="0" />
<p fId="1" fbTx="101.5603327" lbTx="101.5603383" tId="2" fbRx="101.5603448" lbRx="0" />
<p fId="1" fbTx="101.5603452" lbTx="101.5603508" tId="0" fbRx="101.5603574" lbRx="0" />
<p fId="1" fbTx="101.5603452" lbTx="101.5603508" tId="2" fbRx="101.5603574" lbRx="0" />
<p fId="1" fbTx="101.5603452" lbTx="101.5603508" tId="2" fbRx="101.5603574" lbRx="0" />
<p fId="1" fbTx="101.5603628" lbTx="101.5603684" tId="0" fbRx="101.560375" lbRx="0" />
<p fId="1" fbTx="101.5603628" lbTx="101.5603684" tId="2" fbRx="101.560375" lbRx="0" />
<p fId="1" fbTx="101.5603628" lbTx="101.5603684" tId="2" fbRx="101.560375" lbRx="0" />
<p fId="1" fbTx="101.5603754" lbTx="101.560381" tId="0" fbRx="101.5603875" lbRx="0" />
<p fId="1" fbTx="101.5603754" lbTx="101.560381" tId="2" fbRx="101.5603875" lbRx="0" />
<p fId="1" fbTx="101.5603754" lbTx="101.560381" tId="2" fbRx="101.5603875" lbRx="0" />
<p fId="1" fbTx="101.5603889" lbTx="101.5603945" tId="0" fbRx="101.5604011" lbRx="0" />
<p fId="1" fbTx="101.5603889" lbTx="101.5603945" tId="2" fbRx="101.5604011" lbRx="0" />
<p fId="1" fbTx="101.5603889" lbTx="101.5603945" tId="2" fbRx="101.5604011" lbRx="0" />
<p fId="1" fbTx="101.5604075" lbTx="101.5604131" tId="0" fbRx="101.5604196" lbRx="0" />
<p fId="1" fbTx="101.5604075" lbTx="101.5604131" tId="2" fbRx="101.5604196" lbRx="0" />
<p fId="1" fbTx="101.5604075" lbTx="101.5604131" tId="2" fbRx="101.5604196" lbRx="0" />
<p fId="1" fbTx="101.560423" lbTx="101.5604286" tId="0" fbRx="101.5604352" lbRx="0" />
<p fId="1" fbTx="101.560423" lbTx="101.5604286" tId="2" fbRx="101.5604352" lbRx="0" />
<p fId="1" fbTx="101.560423" lbTx="101.5604286" tId="2" fbRx="101.5604352" lbRx="0" />
<p fId="1" fbTx="101.5604406" lbTx="101.5604462" tId="0" fbRx="101.5604528" lbRx="0" />
<p fId="1" fbTx="101.5604406" lbTx="101.5604462" tId="2" fbRx="101.5604528" lbRx="0" />
<p fId="1" fbTx="101.5604406" lbTx="101.5604462" tId="2" fbRx="101.5604528" lbRx="0" />
<p fId="1" fbTx="101.5604662" lbTx="101.5604718" tId="0" fbRx="101.5604783" lbRx="0" />
<p fId="1" fbTx="101.5604662" lbTx="101.5604718" tId="2" fbRx="101.5604783" lbRx="0" />
<p fId="1" fbTx="101.5604662" lbTx="101.5604718" tId="2" fbRx="101.5604783" lbRx="0" />
<p fId="1" fbTx="101.5604807" lbTx="101.5604863" tId="0" fbRx="101.5604929" lbRx="0" />
<p fId="1" fbTx="101.5604807" lbTx="101.5604863" tId="2" fbRx="101.5604929" lbRx="0" />
<p fId="1" fbTx="101.5604807" lbTx="101.5604863" tId="2" fbRx="101.5604929" lbRx="0" />
<p fId="1" fbTx="101.5604953" lbTx="101.5605009" tId="0" fbRx="101.5605074" lbRx="0" />
<p fId="1" fbTx="101.5604953" lbTx="101.5605009" tId="2" fbRx="101.5605074" lbRx="0" />
<p fId="1" fbTx="101.5604953" lbTx="101.5605009" tId="2" fbRx="101.5605074" lbRx="0" />
<p fId="1" fbTx="101.5605098" lbTx="101.5605154" tId="0" fbRx="101.560522" lbRx="0" />
<p fId="1" fbTx="101.5605098" lbTx="101.5605154" tId="2" fbRx="101.560522" lbRx="0" />
<p fId="1" fbTx="101.5605098" lbTx="101.5605154" tId="2" fbRx="101.560522" lbRx="0" />
<p fId="2" fbTx="101.5605327" lbTx="101.5605812" tId="0" fbRx="101.5605878" lbRx="0" />
<p fId="2" fbTx="101.5605327" lbTx="101.5605812" tId="1" fbRx="101.5605878" lbRx="0" />
<p fId="2" fbTx="101.5605327" lbTx="101.5605812" tId="1" fbRx="101.5605878" lbRx="0" />
<p fId="2" fbTx="101.5605892" lbTx="101.5606376" tId="0" fbRx="101.5606442" lbRx="0" />
<p fId="2" fbTx="101.5605892" lbTx="101.5606376" tId="1" fbRx="101.5606442" lbRx="0" />
<p fId="2" fbTx="101.5605892" lbTx="101.5606376" tId="1" fbRx="101.5606442" lbRx="0" />
<p fId="2" fbTx="101.5606476" lbTx="101.5606961" tId="0" fbRx="101.5607026" lbRx="0" />
<p fId="2" fbTx="101.5606476" lbTx="101.5606961" tId="1" fbRx="101.5607026" lbRx="0" />
<p fId="2" fbTx="101.5606476" lbTx="101.5606961" tId="1" fbRx="101.5607026" lbRx="0" />
<p fId="2" fbTx="101.560704" lbTx="101.5607525" tId="0" fbRx="101.5607591" lbRx="0" />
<p fId="2" fbTx="101.560704" lbTx="101.5607525" tId="1" fbRx="101.5607591" lbRx="0" />
<p fId="2" fbTx="101.560704" lbTx="101.5607525" tId="1" fbRx="101.5607591" lbRx="0" />
<p fId="2" fbTx="101.5607615" lbTx="101.56081" tId="0" fbRx="101.5608165" lbRx="0" />
<p fId="2" fbTx="101.5607615" lbTx="101.56081" tId="1" fbRx="101.5608165" lbRx="0" />
<p fId="2" fbTx="101.5607615" lbTx="101.56081" tId="1" fbRx="101.5608165" lbRx="0" />
<p fId="2" fbTx="101.5608169" lbTx="101.5608654" tId="0" fbRx="101.560872" lbRx="0" />
<p fId="2" fbTx="101.5608169" lbTx="101.5608654" tId="1" fbRx="101.560872" lbRx="0" />
<p fId="2" fbTx="101.5608169" lbTx="101.5608654" tId="1" fbRx="101.560872" lbRx="0" />
<p fId="2" fbTx="101.5608734" lbTx="101.5609218" tId="0" fbRx="101.5609284" lbRx="0" />
<p fId="2" fbTx="101.5608734" lbTx="101.5609218" tId="1" fbRx="101.5609284" lbRx="0" />
<p fId="2" fbTx="101.5608734" lbTx="101.5609218" tId="1" fbRx="101.5609284" lbRx="0" />
<p fId="2" fbTx="101.5609378" lbTx="101.5609863" tId="0" fbRx="101.5609928" lbRx="0" />
<p fId="2" fbTx="101.5609378" lbTx="101.5609863" tId="1" fbRx="101.5609928" lbRx="0" />
<p fId="2" fbTx="101.5609378" lbTx="101.5609863" tId="1" fbRx="101.5609928" lbRx="0" />
<p fId="2" fbTx="101.5609932" lbTx="101.5610417" tId="0" fbRx="101.5610483" lbRx="0" />
<p fId="2" fbTx="101.5609932" lbTx="101.5610417" tId="1" fbRx="101.5610483" lbRx="0" />
<p fId="2" fbTx="101.5609932" lbTx="101.5610417" tId="1" fbRx="101.5610483" lbRx="0" />
<p fId="2" fbTx="101.5610487" lbTx="101.5610972" tId="0" fbRx="101.5611037" lbRx="0" />
<p fId="2" fbTx="101.5610487" lbTx="101.5610972" tId="1" fbRx="101.5611037" lbRx="0" />
<p fId="2" fbTx="101.5610487" lbTx="101.5610972" tId="1" fbRx="101.5611037" lbRx="0" />
<p fId="2" fbTx="101.5611141" lbTx="101.5611626" tId="0" fbRx="101.5611692" lbRx="0" />
<p fId="2" fbTx="101.5611141" lbTx="101.5611626" tId="1" fbRx="101.5611692" lbRx="0" />
<p fId="2" fbTx="101.5611141" lbTx="101.5611626" tId="1" fbRx="101.5611692" lbRx="0" />
<p fId="2" fbTx="101.5611696" lbTx="101.561218" tId="0" fbRx="101.5612246" lbRx="0" />
<p fId="2" fbTx="101.5611696" lbTx="101.561218" tId="1" fbRx="101.5612246" lbRx="0" />
<p fId="2" fbTx="101.5611696" lbTx="101.561218" tId="1" fbRx="101.5612246" lbRx="0" />
<p fId="2" fbTx="101.561227" lbTx="101.5612755" tId="0" fbRx="101.561282" lbRx="0" />
<p fId="2" fbTx="101.561227" lbTx="101.5612755" tId="1" fbRx="101.561282" lbRx="0" />
<p fId="2" fbTx="101.561227" lbTx="101.5612755" tId="1" fbRx="101.561282" lbRx="0" />
<p fId="2" fbTx="101.5612824" lbTx="101.5613309" tId="0" fbRx="101.5613375" lbRx="0" />
<p fId="2" fbTx="101.5612824" lbTx="101.5613309" tId="1" fbRx="101.5613375" lbRx="0" />
<p fId="2" fbTx="101.5612824" lbTx="101.5613309" tId="1" fbRx="101.5613375" lbRx="0" />
<p fId="2" fbTx="101.5613469" lbTx="101.5613954" tId="0" fbRx="101.5614019" lbRx="0" />
<p fId="2" fbTx="101.5613469" lbTx="101.5613954" tId="1" fbRx="101.5614019" lbRx="0" />
<p fId="2" fbTx="101.5613469" lbTx="101.5613954" tId="1" fbRx="101.5614019" lbRx="0" />
<p fId="2" fbTx="101.5614043" lbTx="101.5614528" tId="0" fbRx="101.5614594" lbRx="0" />
<p fId="2" fbTx="101.5614043" lbTx="101.5614528" tId="1" fbRx="101.5614594" lbRx="0" />
<p fId="2" fbTx="101.5614043" lbTx="101.5614528" tId="1" fbRx="101.5614594" lbRx="0" />
<p fId="2" fbTx="101.5614618" lbTx="101.5615102" tId="0" fbRx="101.5615168" lbRx="0" />
<p fId="2" fbTx="101.5614618" lbTx="101.5615102" tId="1" fbRx="101.5615168" lbRx="0" />
<p fId="2" fbTx="101.5614618" lbTx="101.5615102" tId="1" fbRx="101.5615168" lbRx="0" />
<p fId="2" fbTx="101.5615202" lbTx="101.5615687" tId="0" fbRx="101.5615752" lbRx="0" />
<p fId="2" fbTx="101.5615202" lbTx="101.5615687" tId="1" fbRx="101.5615752" lbRx="0" />
<p fId="2" fbTx="101.5615202" lbTx="101.5615687" tId="1" fbRx="101.5615752" lbRx="0" />
<p fId="2" fbTx="101.5615776" lbTx="101.5616261" tId="0" fbRx="101.5616327" lbRx="0" />
<p fId="2" fbTx="101.5615776" lbTx="101.5616261" tId="1" fbRx="101.5616327" lbRx="0" />
<p fId="2" fbTx="101.5615776" lbTx="101.5616261" tId="1" fbRx="101.5616327" lbRx="0" />
<p fId="2" fbTx="101.5616351" lbTx="101.5616836" tId="0" fbRx="101.5616901" lbRx="0" />
<p fId="2" fbTx="101.5616351" lbTx="101.5616836" tId="1" fbRx="101.5616901" lbRx="0" />
<p fId="2" fbTx="101.5616351" lbTx="101.5616836" tId="1" fbRx="101.5616901" lbRx="0" />
<p fId="2" fbTx="101.5617005" lbTx="101.561749" tId="0" fbRx="101.5617556" lbRx="0" />
<p fId="2" fbTx="101.5617005" lbTx="101.561749" tId="1" fbRx="101.5617556" lbRx="0" />
<p fId="2" fbTx="101.5617005" lbTx="101.561749" tId="1" fbRx="101.5617556" lbRx="0" />
<p fId="2" fbTx="101.561758" lbTx="101.5618064" tId="0" fbRx="101.561813" lbRx="0" />
<p fId="2" fbTx="101.561758" lbTx="101.5618064" tId="1" fbRx="101.561813" lbRx="0" />
<p fId="2" fbTx="101.561758" lbTx="101.5618064" tId="1" fbRx="101.561813" lbRx="0" />
<p fId="2" fbTx="101.5618144" lbTx="101.5618629" tId="0" fbRx="101.5618694" lbRx="0" />
<p fId="2" fbTx="101.5618144" lbTx="101.5618629" tId="1" fbRx="101.5618694" lbRx="0" />
<p fId="2" fbTx="101.5618144" lbTx="101.5618629" tId="1" fbRx="101.5618694" lbRx="0" />
<p fId="2" fbTx="101.5618808" lbTx="101.5619293" tId="0" fbRx="101.5619359" lbRx="0" />
<p fId="2" fbTx="101.5618808" lbTx="101.5619293" tId="1" fbRx="101.5619359" lbRx="0" />
<p fId="2" fbTx="101.5618808" lbTx="101.5619293" tId="1" fbRx="101.5619359" lbRx="0" />
<p fId="2" fbTx="101.5619373" lbTx="101.5619858" tId="0" fbRx="101.5619923" lbRx="0" />
<p fId="2" fbTx="101.5619373" lbTx="101.5619858" tId="1" fbRx="101.5619923" lbRx="0" />
<p fId="2" fbTx="101.5619373" lbTx="101.5619858" tId="1" fbRx="101.5619923" lbRx="0" />
<p fId="2" fbTx="101.5619977" lbTx="101.5620462" tId="0" fbRx="101.5620528" lbRx="0" />
<p fId="2" fbTx="101.5619977" lbTx="101.5620462" tId="1" fbRx="101.5620528" lbRx="0" />
<p fId="2" fbTx="101.5619977" lbTx="101.5620462" tId="1" fbRx="101.5620528" lbRx="0" />
<p fId="2" fbTx="101.5620542" lbTx="101.5621026" tId="0" fbRx="101.5621092" lbRx="0" />
<p fId="2" fbTx="101.5620542" lbTx="101.5621026" tId="1" fbRx="101.5621092" lbRx="0" />
<p fId="2" fbTx="101.5620542" lbTx="101.5621026" tId="1" fbRx="101.5621092" lbRx="0" />
<p fId="2" fbTx="101.5621116" lbTx="101.5621601" tId="0" fbRx="101.5621666" lbRx="0" />
<p fId="2" fbTx="101.5621116" lbTx="101.5621601" tId="1" fbRx="101.5621666" lbRx="0" />
<p fId="2" fbTx="101.5621116" lbTx="101.5621601" tId="1" fbRx="101.5621666" lbRx="0" />
<p fId="2" fbTx="101.562169" lbTx="101.5622175" tId="0" fbRx="101.5622241" lbRx="0" />
<p fId="2" fbTx="101.562169" lbTx="101.5622175" tId="1" fbRx="101.5622241" lbRx="0" />
<p fId="2" fbTx="101.562169" lbTx="101.5622175" tId="1" fbRx="101.5622241" lbRx="0" />
<p fId="2" fbTx="101.5622335" lbTx="101.562282" tId="0" fbRx="101.5622885" lbRx="0" />
<p fId="2" fbTx="101.5622335" lbTx="101.562282" tId="1" fbRx="101.5622885" lbRx="0" />
<p fId="2" fbTx="101.5622335" lbTx="101.562282" tId="1" fbRx="101.5622885" lbRx="0" />
<p fId="2" fbTx="101.5622919" lbTx="101.5623404" tId="0" fbRx="101.562347" lbRx="0" />
<p fId="2" fbTx="101.5622919" lbTx="101.5623404" tId="1" fbRx="101.562347" lbRx="0" />
<p fId="2" fbTx="101.5622919" lbTx="101.5623404" tId="1" fbRx="101.562347" lbRx="0" />
<p fId="2" fbTx="101.5623474" lbTx="101.5623958" tId="0" fbRx="101.5624024" lbRx="0" />
<p fId="2" fbTx="101.5623474" lbTx="101.5623958" tId="1" fbRx="101.5624024" lbRx="0" />
<p fId="2" fbTx="101.5623474" lbTx="101.5623958" tId="1" fbRx="101.5624024" lbRx="0" />
<p fId="2" fbTx="101.5624058" lbTx="101.5624543" tId="0" fbRx="101.5624608" lbRx="0" />
<p fId="2" fbTx="101.5624058" lbTx="101.5624543" tId="1" fbRx="101.5624608" lbRx="0" />
<p fId="2" fbTx="101.5624058" lbTx="101.5624543" tId="1" fbRx="101.5624608" lbRx="0" />
<p fId="2" fbTx="101.5624612" lbTx="101.5625097" tId="0" fbRx="101.5625163" lbRx="0" />
<p fId="2" fbTx="101.5624612" lbTx="101.5625097" tId="1" fbRx="101.5625163" lbRx="0" />
<p fId="2" fbTx="101.5624612" lbTx="101.5625097" tId="1" fbRx="101.5625163" lbRx="0" />
<p fId="2" fbTx="101.5625237" lbTx="101.5625722" tId="0" fbRx="101.5625787" lbRx="0" />
<p fId="2" fbTx="101.5625237" lbTx="101.5625722" tId="1" fbRx="101.5625787" lbRx="0" />
<p fId="2" fbTx="101.5625237" lbTx="101.5625722" tId="1" fbRx="101.5625787" lbRx="0" />
<p fId="2" fbTx="101.5625791" lbTx="101.5626276" tId="0" fbRx="101.5626342" lbRx="0" />
<p fId="2" fbTx="101.5625791" lbTx="101.5626276" tId="1" fbRx="101.5626342" lbRx="0" />
<p fId="2" fbTx="101.5625791" lbTx="101.5626276" tId="1" fbRx="101.5626342" lbRx="0" />
<p fId="2" fbTx="101.5626386" lbTx="101.562687" tId="0" fbRx="101.5626936" lbRx="0" />
<p fId="2" fbTx="101.5626386" lbTx="101.562687" tId="1" fbRx="101.5626936" lbRx="0" />
<p fId="2" fbTx="101.5626386" lbTx="101.562687" tId="1" fbRx="101.5626936" lbRx="0" />
<p fId="2" fbTx="101.562694" lbTx="101.5627425" tId="0" fbRx="101.562749" lbRx="0" />
<p fId="2" fbTx="101.562694" lbTx="101.5627425" tId="1" fbRx="101.562749" lbRx="0" />
<p fId="2" fbTx="101.562694" lbTx="101.5627425" tId="1" fbRx="101.562749" lbRx="0" />
<p fId="2" fbTx="101.5627514" lbTx="101.5627999" tId="0" fbRx="101.5628065" lbRx="0" />
<p fId="2" fbTx="101.5627514" lbTx="101.5627999" tId="1" fbRx="101.5628065" lbRx="0" />
<p fId="2" fbTx="101.5627514" lbTx="101.5627999" tId="1" fbRx="101.5628065" lbRx="0" />
<p fId="2" fbTx="101.5628069" lbTx="101.5628554" tId="0" fbRx="101.5628619" lbRx="0" />
<p fId="2" fbTx="101.5628069" lbTx="101.5628554" tId="1" fbRx="101.5628619" lbRx="0" />
<p fId="2" fbTx="101.5628069" lbTx="101.5628554" tId="1" fbRx="101.5628619" lbRx="0" />
<p fId="2" fbTx="101.5628623" lbTx="101.5629108" tId="0" fbRx="101.5629174" lbRx="0" />
<p fId="2" fbTx="101.5628623" lbTx="101.5629108" tId="1" fbRx="101.5629174" lbRx="0" />
<p fId="2" fbTx="101.5628623" lbTx="101.5629108" tId="1" fbRx="101.5629174" lbRx="0" />
<p fId="2" fbTx="101.5629178" lbTx="101.5629662" tId="0" fbRx="101.5629728" lbRx="0" />
<p fId="2" fbTx="101.5629178" lbTx="101.5629662" tId="1" fbRx="101.5629728" lbRx="0" />
<p fId="2" fbTx="101.5629178" lbTx="101.5629662" tId="1" fbRx="101.5629728" lbRx="0" />
<p fId="2" fbTx="101.5629752" lbTx="101.5630237" tId="0" fbRx="101.5630302" lbRx="0" />
<p fId="2" fbTx="101.5629752" lbTx="101.5630237" tId="1" fbRx="101.5630302" lbRx="0" />
<p fId="2" fbTx="101.5629752" lbTx="101.5630237" tId="1" fbRx="101.5630302" lbRx="0" />
<p fId="2" fbTx="101.5630316" lbTx="101.5630801" tId="0" fbRx="101.5630867" lbRx="0" />
<p fId="2" fbTx="101.5630316" lbTx="101.5630801" tId="1" fbRx="101.5630867" lbRx="0" />
<p fId="2" fbTx="101.5630316" lbTx="101.5630801" tId="1" fbRx="101.5630867" lbRx="0" />
<p fId="2" fbTx="101.5630881" lbTx="101.5631366" tId="0" fbRx="101.5631431" lbRx="0" />
<p fId="2" fbTx="101.5630881" lbTx="101.5631366" tId="1" fbRx="101.5631431" lbRx="0" />
<p fId="2" fbTx="101.5630881" lbTx="101.5631366" tId="1" fbRx="101.5631431" lbRx="0" />
<p fId="2" fbTx="101.5631445" lbTx="101.563193" tId="0" fbRx="101.5631996" lbRx="0" />
<p fId="2" fbTx="101.5631445" lbTx="101.563193" tId="1" fbRx="101.5631996" lbRx="0" />
<p fId="2" fbTx="101.5631445" lbTx="101.563193" tId="1" fbRx="101.5631996" lbRx="0" />
<p fId="2" fbTx="101.563202" lbTx="101.5632504" tId="0" fbRx="101.563257" lbRx="0" />
<p fId="2" fbTx="101.563202" lbTx="101.5632504" tId="1" fbRx="101.563257" lbRx="0" />
<p fId="2" fbTx="101.563202" lbTx="101.5632504" tId="1" fbRx="101.563257" lbRx="0" />
<p fId="2" fbTx="101.5632594" lbTx="101.5633079" tId="0" fbRx="101.5633144" lbRx="0" />
<p fId="2" fbTx="101.5632594" lbTx="101.5633079" tId="1" fbRx="101.5633144" lbRx="0" />
<p fId="2" fbTx="101.5632594" lbTx="101.5633079" tId="1" fbRx="101.5633144" lbRx="0" />
<p fId="2" fbTx="101.5633268" lbTx="101.5633753" tId="0" fbRx="101.5633819" lbRx="0" />
<p fId="2" fbTx="101.5633268" lbTx="101.5633753" tId="1" fbRx="101.5633819" lbRx="0" />
<p fId="2" fbTx="101.5633268" lbTx="101.5633753" tId="1" fbRx="101.5633819" lbRx="0" />
<p fId="2" fbTx="101.5633823" lbTx="101.5634308" tId="0" fbRx="101.5634373" lbRx="0" />
<p fId="2" fbTx="101.5633823" lbTx="101.5634308" tId="1" fbRx="101.5634373" lbRx="0" />
<p fId="2" fbTx="101.5633823" lbTx="101.5634308" tId="1" fbRx="101.5634373" lbRx="0" />
<p fId="2" fbTx="101.5634377" lbTx="101.5634862" tId="0" fbRx="101.5634928" lbRx="0" />
<p fId="2" fbTx="101.5634377" lbTx="101.5634862" tId="1" fbRx="101.5634928" lbRx="0" />
<p fId="2" fbTx="101.5634377" lbTx="101.5634862" tId="1" fbRx="101.5634928" lbRx="0" />
<p fId="2" fbTx="101.5634962" lbTx="101.5635446" tId="0" fbRx="101.5635512" lbRx="0" />
<p fId="2" fbTx="101.5634962" lbTx="101.5635446" tId="1" fbRx="101.5635512" lbRx="0" />
<p fId="2" fbTx="101.5634962" lbTx="101.5635446" tId="1" fbRx="101.5635512" lbRx="0" />
<p fId="2" fbTx="101.5635536" lbTx="101.5636021" tId="0" fbRx="101.5636086" lbRx="0" />
<p fId="2" fbTx="101.5635536" lbTx="101.5636021" tId="1" fbRx="101.5636086" lbRx="0" />
<p fId="2" fbTx="101.5635536" lbTx="101.5636021" tId="1" fbRx="101.5636086" lbRx="0" />
<p fId="2" fbTx="101.56361" lbTx="101.5636585" tId="0" fbRx="101.5636651" lbRx="0" />
<p fId="2" fbTx="101.56361" lbTx="101.5636585" tId="1" fbRx="101.5636651" lbRx="0" />
<p fId="2" fbTx="101.56361" lbTx="101.5636585" tId="1" fbRx="101.5636651" lbRx="0" />
<p fId="2" fbTx="101.5636655" lbTx="101.563714" tId="0" fbRx="101.5637205" lbRx="0" />
<p fId="2" fbTx="101.5636655" lbTx="101.563714" tId="1" fbRx="101.5637205" lbRx="0" />
<p fId="2" fbTx="101.5636655" lbTx="101.563714" tId="1" fbRx="101.5637205" lbRx="0" />
<p fId="2" fbTx="101.5637229" lbTx="101.5637714" tId="0" fbRx="101.563778" lbRx="0" />
<p fId="2" fbTx="101.5637229" lbTx="101.5637714" tId="1" fbRx="101.563778" lbRx="0" />
<p fId="2" fbTx="101.5637229" lbTx="101.5637714" tId="1" fbRx="101.563778" lbRx="0" />
<p fId="2" fbTx="101.5637904" lbTx="101.5638388" tId="0" fbRx="101.5638454" lbRx="0" />
<p fId="2" fbTx="101.5637904" lbTx="101.5638388" tId="1" fbRx="101.5638454" lbRx="0" />
<p fId="2" fbTx="101.5637904" lbTx="101.5638388" tId="1" fbRx="101.5638454" lbRx="0" />
<p fId="2" fbTx="101.5638548" lbTx="101.5639033" tId="0" fbRx="101.5639098" lbRx="0" />
<p fId="2" fbTx="101.5638548" lbTx="101.5639033" tId="1" fbRx="101.5639098" lbRx="0" />
<p fId="2" fbTx="101.5638548" lbTx="101.5639033" tId="1" fbRx="101.5639098" lbRx="0" />
<p fId="2" fbTx="101.5639122" lbTx="101.5639607" tId="0" fbRx="101.5639673" lbRx="0" />
<p fId="2" fbTx="101.5639122" lbTx="101.5639607" tId="1" fbRx="101.5639673" lbRx="0" />
<p fId="2" fbTx="101.5639122" lbTx="101.5639607" tId="1" fbRx="101.5639673" lbRx="0" />
<p fId="2" fbTx="101.5639797" lbTx="101.5640282" tId="0" fbRx="101.5640347" lbRx="0" />
<p fId="2" fbTx="101.5639797" lbTx="101.5640282" tId="1" fbRx="101.5640347" lbRx="0" />
<p fId="2" fbTx="101.5639797" lbTx="101.5640282" tId="1" fbRx="101.5640347" lbRx="0" />
<p fId="2" fbTx="101.5640361" lbTx="101.5640846" tId="0" fbRx="101.5640912" lbRx="0" />
<p fId="2" fbTx="101.5640361" lbTx="101.5640846" tId="1" fbRx="101.5640912" lbRx="0" />
<p fId="2" fbTx="101.5640361" lbTx="101.5640846" tId="1" fbRx="101.5640912" lbRx="0" />
<p fId="2" fbTx="101.5640946" lbTx="101.564143" tId="0" fbRx="101.5641496" lbRx="0" />
<p fId="2" fbTx="101.5640946" lbTx="101.564143" tId="1" fbRx="101.5641496" lbRx="0" />
<p fId="2" fbTx="101.5640946" lbTx="101.564143" tId="1" fbRx="101.5641496" lbRx="0" />
<p fId="2" fbTx="101.564152" lbTx="101.5642005" tId="0" fbRx="101.564207" lbRx="0" />
<p fId="2" fbTx="101.564152" lbTx="101.5642005" tId="1" fbRx="101.564207" lbRx="0" />
<p fId="2" fbTx="101.564152" lbTx="101.5642005" tId="1" fbRx="101.564207" lbRx="0" />
<p fId="2" fbTx="101.5642194" lbTx="101.5642679" tId="0" fbRx="101.5642745" lbRx="0" />
<p fId="2" fbTx="101.5642194" lbTx="101.5642679" tId="1" fbRx="101.5642745" lbRx="0" />
<p fId="2" fbTx="101.5642194" lbTx="101.5642679" tId="1" fbRx="101.5642745" lbRx="0" />
<p fId="2" fbTx="101.5642799" lbTx="101.5643284" tId="0" fbRx="101.5643349" lbRx="0" />
<p fId="2" fbTx="101.5642799" lbTx="101.5643284" tId="1" fbRx="101.5643349" lbRx="0" />
<p fId="2" fbTx="101.5642799" lbTx="101.5643284" tId="1" fbRx="101.5643349" lbRx="0" />
<p fId="2" fbTx="101.5643353" lbTx="101.5643838" tId="0" fbRx="101.5643904" lbRx="0" />
<p fId="2" fbTx="101.5643353" lbTx="101.5643838" tId="1" fbRx="101.5643904" lbRx="0" />
<p fId="2" fbTx="101.5643353" lbTx="101.5643838" tId="1" fbRx="101.5643904" lbRx="0" />
<p fId="2" fbTx="101.5643988" lbTx="101.5644472" tId="0" fbRx="101.5644538" lbRx="0" />
<p fId="2" fbTx="101.5643988" lbTx="101.5644472" tId="1" fbRx="101.5644538" lbRx="0" />
<p fId="2" fbTx="101.5643988" lbTx="101.5644472" tId="1" fbRx="101.5644538" lbRx="0" />
<p fId="2" fbTx="101.5644612" lbTx="101.5645097" tId="0" fbRx="101.5645162" lbRx="0" />
<p fId="2" fbTx="101.5644612" lbTx="101.5645097" tId="1" fbRx="101.5645162" lbRx="0" />
<p fId="2" fbTx="101.5644612" lbTx="101.5645097" tId="1" fbRx="101.5645162" lbRx="0" />
<p fId="2" fbTx="101.5645186" lbTx="101.5645671" tId="0" fbRx="101.5645737" lbRx="0" />
<p fId="2" fbTx="101.5645186" lbTx="101.5645671" tId="1" fbRx="101.5645737" lbRx="0" />
<p fId="2" fbTx="101.5645186" lbTx="101.5645671" tId="1" fbRx="101.5645737" lbRx="0" />
<p fId="2" fbTx="101.5645851" lbTx="101.5646336" tId="0" fbRx="101.5646401" lbRx="0" />
<p fId="2" fbTx="101.5645851" lbTx="101.5646336" tId="1" fbRx="101.5646401" lbRx="0" />
<p fId="2" fbTx="101.5645851" lbTx="101.5646336" tId="1" fbRx="101.5646401" lbRx="0" />
<p fId="2" fbTx="101.5646435" lbTx="101.564692" tId="0" fbRx="101.5646986" lbRx="0" />
<p fId="2" fbTx="101.5646435" lbTx="101.564692" tId="1" fbRx="101.5646986" lbRx="0" />
<p fId="2" fbTx="101.5646435" lbTx="101.564692" tId="1" fbRx="101.5646986" lbRx="0" />
<p fId="2" fbTx="101.564701" lbTx="101.5647494" tId="0" fbRx="101.564756" lbRx="0" />
<p fId="2" fbTx="101.564701" lbTx="101.5647494" tId="1" fbRx="101.564756" lbRx="0" />
<p fId="2" fbTx="101.564701" lbTx="101.5647494" tId="1" fbRx="101.564756" lbRx="0" />
<p fId="2" fbTx="101.5647564" lbTx="101.5648049" tId="0" fbRx="101.5648114" lbRx="0" />
<p fId="2" fbTx="101.5647564" lbTx="101.5648049" tId="1" fbRx="101.5648114" lbRx="0" />
<p fId="2" fbTx="101.5647564" lbTx="101.5648049" tId="1" fbRx="101.5648114" lbRx="0" />
<p fId="2" fbTx="101.5648208" lbTx="101.5648693" tId="0" fbRx="101.5648759" lbRx="0" />
<p fId="2" fbTx="101.5648208" lbTx="101.5648693" tId="1" fbRx="101.5648759" lbRx="0" />
<p fId="2" fbTx="101.5648208" lbTx="101.5648693" tId="1" fbRx="101.5648759" lbRx="0" />
<p fId="2" fbTx="101.5648843" lbTx="101.5649328" tId="0" fbRx="101.5649393" lbRx="0" />
<p fId="2" fbTx="101.5648843" lbTx="101.5649328" tId="1" fbRx="101.5649393" lbRx="0" />
<p fId="2" fbTx="101.5648843" lbTx="101.5649328" tId="1" fbRx="101.5649393" lbRx="0" />
<p fId="2" fbTx="101.5649417" lbTx="101.5649902" tId="0" fbRx="101.5649968" lbRx="0" />
<p fId="2" fbTx="101.5649417" lbTx="101.5649902" tId="1" fbRx="101.5649968" lbRx="0" />
<p fId="2" fbTx="101.5649417" lbTx="101.5649902" tId="1" fbRx="101.5649968" lbRx="0" />
<p fId="2" fbTx="101.5650002" lbTx="101.5650486" tId="0" fbRx="101.5650552" lbRx="0" />
<p fId="2" fbTx="101.5650002" lbTx="101.5650486" tId="1" fbRx="101.5650552" lbRx="0" />
<p fId="2" fbTx="101.5650002" lbTx="101.5650486" tId="1" fbRx="101.5650552" lbRx="0" />
<p fId="2" fbTx="101.5650566" lbTx="101.5651051" tId="0" fbRx="101.5651116" lbRx="0" />
<p fId="2" fbTx="101.5650566" lbTx="101.5651051" tId="1" fbRx="101.5651116" lbRx="0" />
<p fId="2" fbTx="101.5650566" lbTx="101.5651051" tId="1" fbRx="101.5651116" lbRx="0" />
<p fId="2" fbTx="101.565121" lbTx="101.5651695" tId="0" fbRx="101.5651761" lbRx="0" />
<p fId="2" fbTx="101.565121" lbTx="101.5651695" tId="1" fbRx="101.5651761" lbRx="0" />
<p fId="2" fbTx="101.565121" lbTx="101.5651695" tId="1" fbRx="101.5651761" lbRx="0" />
<p fId="2" fbTx="101.5651795" lbTx="101.565228" tId="0" fbRx="101.5652345" lbRx="0" />
<p fId="2" fbTx="101.5651795" lbTx="101.565228" tId="1" fbRx="101.5652345" lbRx="0" />
<p fId="2" fbTx="101.5651795" lbTx="101.565228" tId="1" fbRx="101.5652345" lbRx="0" />
<p fId="2" fbTx="101.5652419" lbTx="101.5652904" tId="0" fbRx="101.565297" lbRx="0" />
<p fId="2" fbTx="101.5652419" lbTx="101.5652904" tId="1" fbRx="101.565297" lbRx="0" />
<p fId="2" fbTx="101.5652419" lbTx="101.5652904" tId="1" fbRx="101.565297" lbRx="0" />
<p fId="2" fbTx="101.5652974" lbTx="101.5653458" tId="0" fbRx="101.5653524" lbRx="0" />
<p fId="2" fbTx="101.5652974" lbTx="101.5653458" tId="1" fbRx="101.5653524" lbRx="0" />
<p fId="2" fbTx="101.5652974" lbTx="101.5653458" tId="1" fbRx="101.5653524" lbRx="0" />
<p fId="2" fbTx="101.5653548" lbTx="101.5654033" tId="0" fbRx="101.5654098" lbRx="0" />
<p fId="2" fbTx="101.5653548" lbTx="101.5654033" tId="1" fbRx="101.5654098" lbRx="0" />
<p fId="2" fbTx="101.5653548" lbTx="101.5654033" tId="1" fbRx="101.5654098" lbRx="0" />
<p fId="2" fbTx="101.5654132" lbTx="101.5654617" tId="0" fbRx="101.5654683" lbRx="0" />
<p fId="2" fbTx="101.5654132" lbTx="101.5654617" tId="1" fbRx="101.5654683" lbRx="0" />
<p fId="2" fbTx="101.5654132" lbTx="101.5654617" tId="1" fbRx="101.5654683" lbRx="0" />
<p fId="2" fbTx="101.5654697" lbTx="101.5655182" tId="0" fbRx="101.5655247" lbRx="0" />
<p fId="2" fbTx="101.5654697" lbTx="101.5655182" tId="1" fbRx="101.5655247" lbRx="0" />
<p fId="2" fbTx="101.5654697" lbTx="101.5655182" tId="1" fbRx="101.5655247" lbRx="0" />
<p fId="2" fbTx="101.5655261" lbTx="101.5655746" tId="0" fbRx="101.5655812" lbRx="0" />
<p fId="2" fbTx="101.5655261" lbTx="101.5655746" tId="1" fbRx="101.5655812" lbRx="0" />
<p fId="2" fbTx="101.5655261" lbTx="101.5655746" tId="1" fbRx="101.5655812" lbRx="0" />
<p fId="2" fbTx="101.5655926" lbTx="101.565641" tId="0" fbRx="101.5656476" lbRx="0" />
<p fId="2" fbTx="101.5655926" lbTx="101.565641" tId="1" fbRx="101.5656476" lbRx="0" />
<p fId="2" fbTx="101.5655926" lbTx="101.565641" tId="1" fbRx="101.5656476" lbRx="0" />
<p fId="2" fbTx="101.565651" lbTx="101.5656995" tId="0" fbRx="101.565706" lbRx="0" />
<p fId="2" fbTx="101.565651" lbTx="101.5656995" tId="1" fbRx="101.565706" lbRx="0" />
<p fId="2" fbTx="101.565651" lbTx="101.5656995" tId="1" fbRx="101.565706" lbRx="0" />
<p fId="2" fbTx="101.5657094" lbTx="101.5657579" tId="0" fbRx="101.5657645" lbRx="0" />
<p fId="2" fbTx="101.5657094" lbTx="101.5657579" tId="1" fbRx="101.5657645" lbRx="0" />
<p fId="2" fbTx="101.5657094" lbTx="101.5657579" tId="1" fbRx="101.5657645" lbRx="0" />
<p fId="2" fbTx="101.5657669" lbTx="101.5658154" tId="0" fbRx="101.5658219" lbRx="0" />
<p fId="2" fbTx="101.5657669" lbTx="101.5658154" tId="1" fbRx="101.5658219" lbRx="0" />
<p fId="2" fbTx="101.5657669" lbTx="101.5658154" tId="1" fbRx="101.5658219" lbRx="0" />
<p fId="2" fbTx="101.5658253" lbTx="101.5658738" tId="0" fbRx="101.5658804" lbRx="0" />
<p fId="2" fbTx="101.5658253" lbTx="101.5658738" tId="1" fbRx="101.5658804" lbRx="0" />
<p fId="2" fbTx="101.5658253" lbTx="101.5658738" tId="1" fbRx="101.5658804" lbRx="0" />
<p fId="2" fbTx="101.5658818" lbTx="101.5659302" tId="0" fbRx="101.5659368" lbRx="0" />
<p fId="2" fbTx="101.5658818" lbTx="101.5659302" tId="1" fbRx="101.5659368" lbRx="0" />
<p fId="2" fbTx="101.5658818" lbTx="101.5659302" tId="1" fbRx="101.5659368" lbRx="0" />
<p fId="2" fbTx="101.5659412" lbTx="101.5659897" tId="0" fbRx="101.5659962" lbRx="0" />
<p fId="2" fbTx="101.5659412" lbTx="101.5659897" tId="1" fbRx="101.5659962" lbRx="0" />
<p fId="2" fbTx="101.5659412" lbTx="101.5659897" tId="1" fbRx="101.5659962" lbRx="0" />
<p fId="2" fbTx="101.5660076" lbTx="101.5660561" tId="0" fbRx="101.5660627" lbRx="0" />
<p fId="2" fbTx="101.5660076" lbTx="101.5660561" tId="1" fbRx="101.5660627" lbRx="0" />
<p fId="2" fbTx="101.5660076" lbTx="101.5660561" tId="1" fbRx="101.5660627" lbRx="0" />
<p fId="1" fbTx="101.5660784" lbTx="101.566084" tId="0" fbRx="101.5660906" lbRx="0" />
<p fId="1" fbTx="101.5660784" lbTx="101.566084" tId="2" fbRx="101.5660906" lbRx="0" />
<p fId="1" fbTx="101.5660784" lbTx="101.566084" tId="2" fbRx="101.5660906" lbRx="0" />
<p fId="1" fbTx="101.566092" lbTx="101.5660976" tId="0" fbRx="101.5661041" lbRx="0" />
<p fId="1" fbTx="101.566092" lbTx="101.5660976" tId="2" fbRx="101.5661041" lbRx="0" />
<p fId="1" fbTx="101.566092" lbTx="101.5660976" tId="2" fbRx="101.5661041" lbRx="0" />
<p fId="1" fbTx="101.5661055" lbTx="101.5661111" tId="0" fbRx="101.5661177" lbRx="0" />
<p fId="1" fbTx="101.5661055" lbTx="101.5661111" tId="2" fbRx="101.5661177" lbRx="0" />
<p fId="1" fbTx="101.5661055" lbTx="101.5661111" tId="2" fbRx="101.5661177" lbRx="0" />
<p fId="1" fbTx="101.5661201" lbTx="101.5661257" tId="0" fbRx="101.5661322" lbRx="0" />
<p fId="1" fbTx="101.5661201" lbTx="101.5661257" tId="2" fbRx="101.5661322" lbRx="0" />
<p fId="1" fbTx="101.5661201" lbTx="101.5661257" tId="2" fbRx="101.5661322" lbRx="0" />
<p fId="1" fbTx="101.5661346" lbTx="101.5661402" tId="0" fbRx="101.5661468" lbRx="0" />
<p fId="1" fbTx="101.5661346" lbTx="101.5661402" tId="2" fbRx="101.5661468" lbRx="0" />
<p fId="1" fbTx="101.5661346" lbTx="101.5661402" tId="2" fbRx="101.5661468" lbRx="0" />
<p fId="1" fbTx="101.5661482" lbTx="101.5661538" tId="0" fbRx="101.5661604" lbRx="0" />
<p fId="1" fbTx="101.5661482" lbTx="101.5661538" tId="2" fbRx="101.5661604" lbRx="0" />
<p fId="1" fbTx="101.5661482" lbTx="101.5661538" tId="2" fbRx="101.5661604" lbRx="0" />
<p fId="1" fbTx="101.5661628" lbTx="101.5661684" tId="0" fbRx="101.5661749" lbRx="0" />
<p fId="1" fbTx="101.5661628" lbTx="101.5661684" tId="2" fbRx="101.5661749" lbRx="0" />
<p fId="1" fbTx="101.5661628" lbTx="101.5661684" tId="2" fbRx="101.5661749" lbRx="0" />
<p fId="1" fbTx="101.5661753" lbTx="101.5661809" tId="0" fbRx="101.5661875" lbRx="0" />
<p fId="1" fbTx="101.5661753" lbTx="101.5661809" tId="2" fbRx="101.5661875" lbRx="0" />
<p fId="1" fbTx="101.5661753" lbTx="101.5661809" tId="2" fbRx="101.5661875" lbRx="0" />
<p fId="2" fbTx="101.5661891" lbTx="101.5662376" tId="0" fbRx="101.5662441" lbRx="0" />
<p fId="2" fbTx="101.5661891" lbTx="101.5662376" tId="1" fbRx="101.5662441" lbRx="0" />
<p fId="2" fbTx="101.5661891" lbTx="101.5662376" tId="1" fbRx="101.5662441" lbRx="0" />
<p fId="2" fbTx="101.5662505" lbTx="101.566299" tId="0" fbRx="101.5663056" lbRx="0" />
<p fId="2" fbTx="101.5662505" lbTx="101.566299" tId="1" fbRx="101.5663056" lbRx="0" />
<p fId="2" fbTx="101.5662505" lbTx="101.566299" tId="1" fbRx="101.5663056" lbRx="0" />
<p fId="2" fbTx="101.566306" lbTx="101.5663544" tId="0" fbRx="101.566361" lbRx="0" />
<p fId="2" fbTx="101.566306" lbTx="101.5663544" tId="1" fbRx="101.566361" lbRx="0" />
<p fId="2" fbTx="101.566306" lbTx="101.5663544" tId="1" fbRx="101.566361" lbRx="0" />
<p fId="2" fbTx="101.5663664" lbTx="101.5664149" tId="0" fbRx="101.5664214" lbRx="0" />
<p fId="2" fbTx="101.5663664" lbTx="101.5664149" tId="1" fbRx="101.5664214" lbRx="0" />
<p fId="2" fbTx="101.5663664" lbTx="101.5664149" tId="1" fbRx="101.5664214" lbRx="0" />
<p fId="2" fbTx="101.5664348" lbTx="101.5664833" tId="0" fbRx="101.5664899" lbRx="0" />
<p fId="2" fbTx="101.5664348" lbTx="101.5664833" tId="1" fbRx="101.5664899" lbRx="0" />
<p fId="2" fbTx="101.5664348" lbTx="101.5664833" tId="1" fbRx="101.5664899" lbRx="0" />
<p fId="2" fbTx="101.5664973" lbTx="101.5665458" tId="0" fbRx="101.5665523" lbRx="0" />
<p fId="2" fbTx="101.5664973" lbTx="101.5665458" tId="1" fbRx="101.5665523" lbRx="0" />
<p fId="2" fbTx="101.5664973" lbTx="101.5665458" tId="1" fbRx="101.5665523" lbRx="0" />
<p fId="2" fbTx="101.5665627" lbTx="101.5666112" tId="0" fbRx="101.5666178" lbRx="0" />
<p fId="2" fbTx="101.5665627" lbTx="101.5666112" tId="1" fbRx="101.5666178" lbRx="0" />
<p fId="2" fbTx="101.5665627" lbTx="101.5666112" tId="1" fbRx="101.5666178" lbRx="0" />
<p fId="2" fbTx="101.5666212" lbTx="101.5666696" tId="0" fbRx="101.5666762" lbRx="0" />
<p fId="2" fbTx="101.5666212" lbTx="101.5666696" tId="1" fbRx="101.5666762" lbRx="0" />
<p fId="2" fbTx="101.5666212" lbTx="101.5666696" tId="1" fbRx="101.5666762" lbRx="0" />
<p fId="2" fbTx="101.5666766" lbTx="101.5667251" tId="0" fbRx="101.5667316" lbRx="0" />
<p fId="2" fbTx="101.5666766" lbTx="101.5667251" tId="1" fbRx="101.5667316" lbRx="0" />
<p fId="2" fbTx="101.5666766" lbTx="101.5667251" tId="1" fbRx="101.5667316" lbRx="0" />
<p fId="2" fbTx="101.566733" lbTx="101.5667815" tId="0" fbRx="101.5667881" lbRx="0" />
<p fId="2" fbTx="101.566733" lbTx="101.5667815" tId="1" fbRx="101.5667881" lbRx="0" />
<p fId="2" fbTx="101.566733" lbTx="101.5667815" tId="1" fbRx="101.5667881" lbRx="0" />
<p fId="2" fbTx="101.5667895" lbTx="101.566838" tId="0" fbRx="101.5668445" lbRx="0" />
<p fId="2" fbTx="101.5667895" lbTx="101.566838" tId="1" fbRx="101.5668445" lbRx="0" />
<p fId="2" fbTx="101.5667895" lbTx="101.566838" tId="1" fbRx="101.5668445" lbRx="0" />
<p fId="2" fbTx="101.5668459" lbTx="101.5668944" tId="0" fbRx="101.566901" lbRx="0" />
<p fId="2" fbTx="101.5668459" lbTx="101.5668944" tId="1" fbRx="101.566901" lbRx="0" />
<p fId="2" fbTx="101.5668459" lbTx="101.5668944" tId="1" fbRx="101.566901" lbRx="0" />
<p fId="2" fbTx="101.5669064" lbTx="101.5669548" tId="0" fbRx="101.5669614" lbRx="0" />
<p fId="2" fbTx="101.5669064" lbTx="101.5669548" tId="1" fbRx="101.5669614" lbRx="0" />
<p fId="2" fbTx="101.5669064" lbTx="101.5669548" tId="1" fbRx="101.5669614" lbRx="0" />
<p fId="2" fbTx="101.5669628" lbTx="101.5670113" tId="0" fbRx="101.5670178" lbRx="0" />
<p fId="2" fbTx="101.5669628" lbTx="101.5670113" tId="1" fbRx="101.5670178" lbRx="0" />
<p fId="2" fbTx="101.5669628" lbTx="101.5670113" tId="1" fbRx="101.5670178" lbRx="0" />
<p fId="2" fbTx="101.5670252" lbTx="101.5670737" tId="0" fbRx="101.5670803" lbRx="0" />
<p fId="2" fbTx="101.5670252" lbTx="101.5670737" tId="1" fbRx="101.5670803" lbRx="0" />
<p fId="2" fbTx="101.5670252" lbTx="101.5670737" tId="1" fbRx="101.5670803" lbRx="0" />
<p fId="2" fbTx="101.5670817" lbTx="101.5671302" tId="0" fbRx="101.5671367" lbRx="0" />
<p fId="2" fbTx="101.5670817" lbTx="101.5671302" tId="1" fbRx="101.5671367" lbRx="0" />
<p fId="2" fbTx="101.5670817" lbTx="101.5671302" tId="1" fbRx="101.5671367" lbRx="0" />
<p fId="2" fbTx="101.5671401" lbTx="101.5671886" tId="0" fbRx="101.5671952" lbRx="0" />
<p fId="2" fbTx="101.5671401" lbTx="101.5671886" tId="1" fbRx="101.5671952" lbRx="0" />
<p fId="2" fbTx="101.5671401" lbTx="101.5671886" tId="1" fbRx="101.5671952" lbRx="0" />
<p fId="2" fbTx="101.5671976" lbTx="101.567246" tId="0" fbRx="101.5672526" lbRx="0" />
<p fId="2" fbTx="101.5671976" lbTx="101.567246" tId="1" fbRx="101.5672526" lbRx="0" />
<p fId="2" fbTx="101.5671976" lbTx="101.567246" tId="1" fbRx="101.5672526" lbRx="0" />
<p fId="2" fbTx="101.567257" lbTx="101.5673055" tId="0" fbRx="101.567312" lbRx="0" />
<p fId="2" fbTx="101.567257" lbTx="101.5673055" tId="1" fbRx="101.567312" lbRx="0" />
<p fId="2" fbTx="101.567257" lbTx="101.5673055" tId="1" fbRx="101.567312" lbRx="0" />
<p fId="2" fbTx="101.5673354" lbTx="101.5673839" tId="0" fbRx="101.5673905" lbRx="0" />
<p fId="2" fbTx="101.5673354" lbTx="101.5673839" tId="1" fbRx="101.5673905" lbRx="0" />
<p fId="2" fbTx="101.5673354" lbTx="101.5673839" tId="1" fbRx="101.5673905" lbRx="0" />
<p fId="2" fbTx="101.5673939" lbTx="101.5674424" tId="0" fbRx="101.5674489" lbRx="0" />
<p fId="2" fbTx="101.5673939" lbTx="101.5674424" tId="1" fbRx="101.5674489" lbRx="0" />
<p fId="2" fbTx="101.5673939" lbTx="101.5674424" tId="1" fbRx="101.5674489" lbRx="0" />
<p fId="2" fbTx="101.5674513" lbTx="101.5674998" tId="0" fbRx="101.5675064" lbRx="0" />
<p fId="2" fbTx="101.5674513" lbTx="101.5674998" tId="1" fbRx="101.5675064" lbRx="0" />
<p fId="2" fbTx="101.5674513" lbTx="101.5674998" tId="1" fbRx="101.5675064" lbRx="0" />
<p fId="2" fbTx="101.5675078" lbTx="101.5675562" tId="0" fbRx="101.5675628" lbRx="0" />
<p fId="2" fbTx="101.5675078" lbTx="101.5675562" tId="1" fbRx="101.5675628" lbRx="0" />
<p fId="2" fbTx="101.5675078" lbTx="101.5675562" tId="1" fbRx="101.5675628" lbRx="0" />
<p fId="2" fbTx="101.5675642" lbTx="101.5676127" tId="0" fbRx="101.5676192" lbRx="0" />
<p fId="2" fbTx="101.5675642" lbTx="101.5676127" tId="1" fbRx="101.5676192" lbRx="0" />
<p fId="2" fbTx="101.5675642" lbTx="101.5676127" tId="1" fbRx="101.5676192" lbRx="0" />
<p fId="2" fbTx="101.5676216" lbTx="101.5676701" tId="0" fbRx="101.5676767" lbRx="0" />
<p fId="2" fbTx="101.5676216" lbTx="101.5676701" tId="1" fbRx="101.5676767" lbRx="0" />
<p fId="2" fbTx="101.5676216" lbTx="101.5676701" tId="1" fbRx="101.5676767" lbRx="0" />
<p fId="2" fbTx="101.5676781" lbTx="101.5677266" tId="0" fbRx="101.5677331" lbRx="0" />
<p fId="2" fbTx="101.5676781" lbTx="101.5677266" tId="1" fbRx="101.5677331" lbRx="0" />
<p fId="2" fbTx="101.5676781" lbTx="101.5677266" tId="1" fbRx="101.5677331" lbRx="0" />
<p fId="2" fbTx="101.5677415" lbTx="101.56779" tId="0" fbRx="101.5677966" lbRx="0" />
<p fId="2" fbTx="101.5677415" lbTx="101.56779" tId="1" fbRx="101.5677966" lbRx="0" />
<p fId="2" fbTx="101.5677415" lbTx="101.56779" tId="1" fbRx="101.5677966" lbRx="0" />
<p fId="2" fbTx="101.567804" lbTx="101.5678524" tId="0" fbRx="101.567859" lbRx="0" />
<p fId="2" fbTx="101.567804" lbTx="101.5678524" tId="1" fbRx="101.567859" lbRx="0" />
<p fId="2" fbTx="101.567804" lbTx="101.5678524" tId="1" fbRx="101.567859" lbRx="0" />
<p fId="2" fbTx="101.5678694" lbTx="101.5679179" tId="0" fbRx="101.5679244" lbRx="0" />
<p fId="2" fbTx="101.5678694" lbTx="101.5679179" tId="1" fbRx="101.5679244" lbRx="0" />
<p fId="2" fbTx="101.5678694" lbTx="101.5679179" tId="1" fbRx="101.5679244" lbRx="0" />
<p fId="2" fbTx="101.5679268" lbTx="101.5679753" tId="0" fbRx="101.5679819" lbRx="0" />
<p fId="2" fbTx="101.5679268" lbTx="101.5679753" tId="1" fbRx="101.5679819" lbRx="0" />
<p fId="2" fbTx="101.5679268" lbTx="101.5679753" tId="1" fbRx="101.5679819" lbRx="0" />
<p fId="2" fbTx="101.5679823" lbTx="101.5680308" tId="0" fbRx="101.5680373" lbRx="0" />
<p fId="2" fbTx="101.5679823" lbTx="101.5680308" tId="1" fbRx="101.5680373" lbRx="0" />
<p fId="2" fbTx="101.5679823" lbTx="101.5680308" tId="1" fbRx="101.5680373" lbRx="0" />
<p fId="2" fbTx="101.5680397" lbTx="101.5680882" tId="0" fbRx="101.5680948" lbRx="0" />
<p fId="2" fbTx="101.5680397" lbTx="101.5680882" tId="1" fbRx="101.5680948" lbRx="0" />
<p fId="2" fbTx="101.5680397" lbTx="101.5680882" tId="1" fbRx="101.5680948" lbRx="0" />
<p fId="2" fbTx="101.5680972" lbTx="101.5681456" tId="0" fbRx="101.5681522" lbRx="0" />
<p fId="2" fbTx="101.5680972" lbTx="101.5681456" tId="1" fbRx="101.5681522" lbRx="0" />
<p fId="2" fbTx="101.5680972" lbTx="101.5681456" tId="1" fbRx="101.5681522" lbRx="0" />
<p fId="2" fbTx="101.5681526" lbTx="101.5682011" tId="0" fbRx="101.5682076" lbRx="0" />
<p fId="2" fbTx="101.5681526" lbTx="101.5682011" tId="1" fbRx="101.5682076" lbRx="0" />
<p fId="2" fbTx="101.5681526" lbTx="101.5682011" tId="1" fbRx="101.5682076" lbRx="0" />
<p fId="2" fbTx="101.568211" lbTx="101.5682595" tId="0" fbRx="101.5682661" lbRx="0" />
<p fId="2" fbTx="101.568211" lbTx="101.5682595" tId="1" fbRx="101.5682661" lbRx="0" />
<p fId="2" fbTx="101.568211" lbTx="101.5682595" tId="1" fbRx="101.5682661" lbRx="0" />
<p fId="2" fbTx="101.5682665" lbTx="101.568315" tId="0" fbRx="101.5683215" lbRx="0" />
<p fId="2" fbTx="101.5682665" lbTx="101.568315" tId="1" fbRx="101.5683215" lbRx="0" />
<p fId="2" fbTx="101.5682665" lbTx="101.568315" tId="1" fbRx="101.5683215" lbRx="0" />
<p fId="2" fbTx="101.5683339" lbTx="101.5683824" tId="0" fbRx="101.568389" lbRx="0" />
<p fId="2" fbTx="101.5683339" lbTx="101.5683824" tId="1" fbRx="101.568389" lbRx="0" />
<p fId="2" fbTx="101.5683339" lbTx="101.5683824" tId="1" fbRx="101.568389" lbRx="0" />
<p fId="2" fbTx="101.5683944" lbTx="101.5684428" tId="0" fbRx="101.5684494" lbRx="0" />
<p fId="2" fbTx="101.5683944" lbTx="101.5684428" tId="1" fbRx="101.5684494" lbRx="0" />
<p fId="2" fbTx="101.5683944" lbTx="101.5684428" tId="1" fbRx="101.5684494" lbRx="0" />
<p fId="2" fbTx="101.5684568" lbTx="101.5685053" tId="0" fbRx="101.5685118" lbRx="0" />
<p fId="2" fbTx="101.5684568" lbTx="101.5685053" tId="1" fbRx="101.5685118" lbRx="0" />
<p fId="2" fbTx="101.5684568" lbTx="101.5685053" tId="1" fbRx="101.5685118" lbRx="0" />
<p fId="2" fbTx="101.5685122" lbTx="101.5685607" tId="0" fbRx="101.5685673" lbRx="0" />
<p fId="2" fbTx="101.5685122" lbTx="101.5685607" tId="1" fbRx="101.5685673" lbRx="0" />
<p fId="2" fbTx="101.5685122" lbTx="101.5685607" tId="1" fbRx="101.5685673" lbRx="0" />
<p fId="2" fbTx="101.5685677" lbTx="101.5686162" tId="0" fbRx="101.5686227" lbRx="0" />
<p fId="2" fbTx="101.5685677" lbTx="101.5686162" tId="1" fbRx="101.5686227" lbRx="0" />
<p fId="2" fbTx="101.5685677" lbTx="101.5686162" tId="1" fbRx="101.5686227" lbRx="0" />
<p fId="2" fbTx="101.5686241" lbTx="101.5686726" tId="0" fbRx="101.5686792" lbRx="0" />
<p fId="2" fbTx="101.5686241" lbTx="101.5686726" tId="1" fbRx="101.5686792" lbRx="0" />
<p fId="2" fbTx="101.5686241" lbTx="101.5686726" tId="1" fbRx="101.5686792" lbRx="0" />
<p fId="2" fbTx="101.5686806" lbTx="101.568729" tId="0" fbRx="101.5687356" lbRx="0" />
<p fId="2" fbTx="101.5686806" lbTx="101.568729" tId="1" fbRx="101.5687356" lbRx="0" />
<p fId="2" fbTx="101.5686806" lbTx="101.568729" tId="1" fbRx="101.5687356" lbRx="0" />
<p fId="2" fbTx="101.568741" lbTx="101.5687895" tId="0" fbRx="101.568796" lbRx="0" />
<p fId="2" fbTx="101.568741" lbTx="101.5687895" tId="1" fbRx="101.568796" lbRx="0" />
<p fId="2" fbTx="101.568741" lbTx="101.5687895" tId="1" fbRx="101.568796" lbRx="0" />
<p fId="2" fbTx="101.5687964" lbTx="101.5688449" tId="0" fbRx="101.5688515" lbRx="0" />
<p fId="2" fbTx="101.5687964" lbTx="101.5688449" tId="1" fbRx="101.5688515" lbRx="0" />
<p fId="2" fbTx="101.5687964" lbTx="101.5688449" tId="1" fbRx="101.5688515" lbRx="0" />
<p fId="2" fbTx="101.5688549" lbTx="101.5689034" tId="0" fbRx="101.5689099" lbRx="0" />
<p fId="2" fbTx="101.5688549" lbTx="101.5689034" tId="1" fbRx="101.5689099" lbRx="0" />
<p fId="2" fbTx="101.5688549" lbTx="101.5689034" tId="1" fbRx="101.5689099" lbRx="0" />
<p fId="2" fbTx="101.5689213" lbTx="101.5689698" tId="0" fbRx="101.5689764" lbRx="0" />
<p fId="2" fbTx="101.5689213" lbTx="101.5689698" tId="1" fbRx="101.5689764" lbRx="0" />
<p fId="2" fbTx="101.5689213" lbTx="101.5689698" tId="1" fbRx="101.5689764" lbRx="0" />
<p fId="1" fbTx="101.5690689" lbTx="101.5690745" tId="0" fbRx="101.569081" lbRx="0" />
<p fId="1" fbTx="101.5690689" lbTx="101.5690745" tId="2" fbRx="101.569081" lbRx="0" />
<p fId="1" fbTx="101.5690689" lbTx="101.5690745" tId="2" fbRx="101.569081" lbRx="0" />
<p fId="2" fbTx="101.569082" lbTx="101.5691305" tId="0" fbRx="101.5691371" lbRx="0" />
<p fId="2" fbTx="101.569082" lbTx="101.5691305" tId="1" fbRx="101.5691371" lbRx="0" />
<p fId="2" fbTx="101.569082" lbTx="101.5691305" tId="1" fbRx="101.5691371" lbRx="0" />
<p fId="2" fbTx="101.5691415" lbTx="101.56919" tId="0" fbRx="101.5691965" lbRx="0" />
<p fId="2" fbTx="101.5691415" lbTx="101.56919" tId="1" fbRx="101.5691965" lbRx="0" />
<p fId="2" fbTx="101.5691415" lbTx="101.56919" tId="1" fbRx="101.5691965" lbRx="0" />
<p fId="1" fbTx="101.5692644" lbTx="101.56927" tId="0" fbRx="101.5692766" lbRx="0" />
<p fId="1" fbTx="101.5692644" lbTx="101.56927" tId="2" fbRx="101.5692766" lbRx="0" />
<p fId="1" fbTx="101.5692644" lbTx="101.56927" tId="2" fbRx="101.5692766" lbRx="0" />
<p fId="1" fbTx="101.569277" lbTx="101.5692826" tId="0" fbRx="101.5692892" lbRx="0" />
<p fId="1" fbTx="101.569277" lbTx="101.5692826" tId="2" fbRx="101.5692892" lbRx="0" />
<p fId="1" fbTx="101.569277" lbTx="101.5692826" tId="2" fbRx="101.5692892" lbRx="0" />
<p fId="1" fbTx="101.5692916" lbTx="101.5692972" tId="0" fbRx="101.5693037" lbRx="0" />
<p fId="1" fbTx="101.5692916" lbTx="101.5692972" tId="2" fbRx="101.5693037" lbRx="0" />
<p fId="1" fbTx="101.5692916" lbTx="101.5692972" tId="2" fbRx="101.5693037" lbRx="0" />
<p fId="1" fbTx="101.5693061" lbTx="101.5693117" tId="0" fbRx="101.5693183" lbRx="0" />
<p fId="1" fbTx="101.5693061" lbTx="101.5693117" tId="2" fbRx="101.5693183" lbRx="0" />
<p fId="1" fbTx="101.5693061" lbTx="101.5693117" tId="2" fbRx="101.5693183" lbRx="0" />
<p fId="1" fbTx="101.5693207" lbTx="101.5693263" tId="0" fbRx="101.5693328" lbRx="0" />
<p fId="1" fbTx="101.5693207" lbTx="101.5693263" tId="2" fbRx="101.5693328" lbRx="0" />
<p fId="1" fbTx="101.5693207" lbTx="101.5693263" tId="2" fbRx="101.5693328" lbRx="0" />
<p fId="1" fbTx="101.5693362" lbTx="101.5693418" tId="0" fbRx="101.5693484" lbRx="0" />
<p fId="1" fbTx="101.5693362" lbTx="101.5693418" tId="2" fbRx="101.5693484" lbRx="0" />
<p fId="1" fbTx="101.5693362" lbTx="101.5693418" tId="2" fbRx="101.5693484" lbRx="0" />
<p fId="1" fbTx="101.5693518" lbTx="101.5693574" tId="0" fbRx="101.569364" lbRx="0" />
<p fId="1" fbTx="101.5693518" lbTx="101.5693574" tId="2" fbRx="101.569364" lbRx="0" />
<p fId="1" fbTx="101.5693518" lbTx="101.5693574" tId="2" fbRx="101.569364" lbRx="0" />
<p fId="1" fbTx="101.5693854" lbTx="101.569391" tId="0" fbRx="101.5693975" lbRx="0" />
<p fId="1" fbTx="101.5693854" lbTx="101.569391" tId="2" fbRx="101.5693975" lbRx="0" />
<p fId="1" fbTx="101.5693854" lbTx="101.569391" tId="2" fbRx="101.5693975" lbRx="0" />
<p fId="1" fbTx="101.5693999" lbTx="101.5694055" tId="0" fbRx="101.5694121" lbRx="0" />
<p fId="1" fbTx="101.5693999" lbTx="101.5694055" tId="2" fbRx="101.5694121" lbRx="0" />
<p fId="1" fbTx="101.5693999" lbTx="101.5694055" tId="2" fbRx="101.5694121" lbRx="0" />
<p fId="1" fbTx="101.5694155" lbTx="101.5694211" tId="0" fbRx="101.5694276" lbRx="0" />
<p fId="1" fbTx="101.5694155" lbTx="101.5694211" tId="2" fbRx="101.5694276" lbRx="0" />
<p fId="1" fbTx="101.5694155" lbTx="101.5694211" tId="2" fbRx="101.5694276" lbRx="0" />
<p fId="1" fbTx="101.56943" lbTx="101.5694356" tId="0" fbRx="101.5694422" lbRx="0" />
<p fId="1" fbTx="101.56943" lbTx="101.5694356" tId="2" fbRx="101.5694422" lbRx="0" />
<p fId="1" fbTx="101.56943" lbTx="101.5694356" tId="2" fbRx="101.5694422" lbRx="0" />
<p fId="1" fbTx="101.5694446" lbTx="101.5694502" tId="0" fbRx="101.5694568" lbRx="0" />
<p fId="1" fbTx="101.5694446" lbTx="101.5694502" tId="2" fbRx="101.5694568" lbRx="0" />
<p fId="1" fbTx="101.5694446" lbTx="101.5694502" tId="2" fbRx="101.5694568" lbRx="0" />
<p fId="1" fbTx="101.5694582" lbTx="101.5694638" tId="0" fbRx="101.5694703" lbRx="0" />
<p fId="1" fbTx="101.5694582" lbTx="101.5694638" tId="2" fbRx="101.5694703" lbRx="0" />
<p fId="1" fbTx="101.5694582" lbTx="101.5694638" tId="2" fbRx="101.5694703" lbRx="0" />
<p fId="1" fbTx="101.5694757" lbTx="101.5694813" tId="0" fbRx="101.5694879" lbRx="0" />
<p fId="1" fbTx="101.5694757" lbTx="101.5694813" tId="2" fbRx="101.5694879" lbRx="0" />
<p fId="1" fbTx="101.5694757" lbTx="101.5694813" tId="2" fbRx="101.5694879" lbRx="0" />
<p fId="1" fbTx="101.5694913" lbTx="101.5694969" tId="0" fbRx="101.5695034" lbRx="0" />
<p fId="1" fbTx="101.5694913" lbTx="101.5694969" tId="2" fbRx="101.5695034" lbRx="0" />
<p fId="1" fbTx="101.5694913" lbTx="101.5694969" tId="2" fbRx="101.5695034" lbRx="0" />
<p fId="1" fbTx="101.5695048" lbTx="101.5695104" tId="0" fbRx="101.569517" lbRx="0" />
<p fId="1" fbTx="101.5695048" lbTx="101.5695104" tId="2" fbRx="101.569517" lbRx="0" />
<p fId="1" fbTx="101.5695048" lbTx="101.5695104" tId="2" fbRx="101.569517" lbRx="0" />
<p fId="1" fbTx="101.5695194" lbTx="101.569525" tId="0" fbRx="101.5695316" lbRx="0" />
<p fId="1" fbTx="101.5695194" lbTx="101.569525" tId="2" fbRx="101.5695316" lbRx="0" />
<p fId="1" fbTx="101.5695194" lbTx="101.569525" tId="2" fbRx="101.5695316" lbRx="0" />
<p fId="1" fbTx="101.569537" lbTx="101.5695426" tId="0" fbRx="101.5695491" lbRx="0" />
<p fId="1" fbTx="101.569537" lbTx="101.5695426" tId="2" fbRx="101.5695491" lbRx="0" />
<p fId="1" fbTx="101.569537" lbTx="101.5695426" tId="2" fbRx="101.5695491" lbRx="0" />
<p fId="1" fbTx="101.5695625" lbTx="101.5695681" tId="0" fbRx="101.5695747" lbRx="0" />
<p fId="1" fbTx="101.5695625" lbTx="101.5695681" tId="2" fbRx="101.5695747" lbRx="0" />
<p fId="1" fbTx="101.5695625" lbTx="101.5695681" tId="2" fbRx="101.5695747" lbRx="0" />
<p fId="1" fbTx="101.5695751" lbTx="101.5695807" tId="0" fbRx="101.5695872" lbRx="0" />
<p fId="1" fbTx="101.5695751" lbTx="101.5695807" tId="2" fbRx="101.5695872" lbRx="0" />
<p fId="1" fbTx="101.5695751" lbTx="101.5695807" tId="2" fbRx="101.5695872" lbRx="0" />
<p fId="1" fbTx="101.5695876" lbTx="101.5695932" tId="0" fbRx="101.5695998" lbRx="0" />
<p fId="1" fbTx="101.5695876" lbTx="101.5695932" tId="2" fbRx="101.5695998" lbRx="0" />
<p fId="1" fbTx="101.5695876" lbTx="101.5695932" tId="2" fbRx="101.5695998" lbRx="0" />
<p fId="1" fbTx="101.5696072" lbTx="101.5696128" tId="0" fbRx="101.5696194" lbRx="0" />
<p fId="1" fbTx="101.5696072" lbTx="101.5696128" tId="2" fbRx="101.5696194" lbRx="0" />
<p fId="1" fbTx="101.5696072" lbTx="101.5696128" tId="2" fbRx="101.5696194" lbRx="0" />
<p fId="1" fbTx="101.5696368" lbTx="101.5696424" tId="0" fbRx="101.5696489" lbRx="0" />
<p fId="1" fbTx="101.5696368" lbTx="101.5696424" tId="2" fbRx="101.5696489" lbRx="0" />
<p fId="1" fbTx="101.5696368" lbTx="101.5696424" tId="2" fbRx="101.5696489" lbRx="0" />
<p fId="1" fbTx="101.5696523" lbTx="101.5696579" tId="0" fbRx="101.5696645" lbRx="0" />
<p fId="1" fbTx="101.5696523" lbTx="101.5696579" tId="2" fbRx="101.5696645" lbRx="0" />
<p fId="1" fbTx="101.5696523" lbTx="101.5696579" tId="2" fbRx="101.5696645" lbRx="0" />
<p fId="1" fbTx="101.5696649" lbTx="101.5696705" tId="0" fbRx="101.569677" lbRx="0" />
<p fId="1" fbTx="101.5696649" lbTx="101.5696705" tId="2" fbRx="101.569677" lbRx="0" />
<p fId="1" fbTx="101.5696649" lbTx="101.5696705" tId="2" fbRx="101.569677" lbRx="0" />
<p fId="2" fbTx="101.5696776" lbTx="101.5697261" tId="0" fbRx="101.5697326" lbRx="0" />
<p fId="2" fbTx="101.5696776" lbTx="101.5697261" tId="1" fbRx="101.5697326" lbRx="0" />
<p fId="2" fbTx="101.5696776" lbTx="101.5697261" tId="1" fbRx="101.5697326" lbRx="0" />
<p fId="2" fbTx="101.569736" lbTx="101.5697845" tId="0" fbRx="101.5697911" lbRx="0" />
<p fId="2" fbTx="101.569736" lbTx="101.5697845" tId="1" fbRx="101.5697911" lbRx="0" />
<p fId="2" fbTx="101.569736" lbTx="101.5697845" tId="1" fbRx="101.5697911" lbRx="0" />
<p fId="2" fbTx="101.5697995" lbTx="101.569848" tId="0" fbRx="101.5698545" lbRx="0" />
<p fId="2" fbTx="101.5697995" lbTx="101.569848" tId="1" fbRx="101.5698545" lbRx="0" />
<p fId="2" fbTx="101.5697995" lbTx="101.569848" tId="1" fbRx="101.5698545" lbRx="0" />
<p fId="2" fbTx="101.5698549" lbTx="101.5699034" tId="0" fbRx="101.56991" lbRx="0" />
<p fId="2" fbTx="101.5698549" lbTx="101.5699034" tId="1" fbRx="101.56991" lbRx="0" />
<p fId="2" fbTx="101.5698549" lbTx="101.5699034" tId="1" fbRx="101.56991" lbRx="0" />
<p fId="2" fbTx="101.5699124" lbTx="101.5699608" tId="0" fbRx="101.5699674" lbRx="0" />
<p fId="2" fbTx="101.5699124" lbTx="101.5699608" tId="1" fbRx="101.5699674" lbRx="0" />
<p fId="2" fbTx="101.5699124" lbTx="101.5699608" tId="1" fbRx="101.5699674" lbRx="0" />
<p fId="2" fbTx="101.5699678" lbTx="101.5700163" tId="0" fbRx="101.5700228" lbRx="0" />
<p fId="2" fbTx="101.5699678" lbTx="101.5700163" tId="1" fbRx="101.5700228" lbRx="0" />
<p fId="2" fbTx="101.5699678" lbTx="101.5700163" tId="1" fbRx="101.5700228" lbRx="0" />
<p fId="2" fbTx="101.5700242" lbTx="101.5700727" tId="0" fbRx="101.5700793" lbRx="0" />
<p fId="2" fbTx="101.5700242" lbTx="101.5700727" tId="1" fbRx="101.5700793" lbRx="0" />
<p fId="2" fbTx="101.5700242" lbTx="101.5700727" tId="1" fbRx="101.5700793" lbRx="0" />
<p fId="2" fbTx="101.5700827" lbTx="101.5701312" tId="0" fbRx="101.5701377" lbRx="0" />
<p fId="2" fbTx="101.5700827" lbTx="101.5701312" tId="1" fbRx="101.5701377" lbRx="0" />
<p fId="2" fbTx="101.5700827" lbTx="101.5701312" tId="1" fbRx="101.5701377" lbRx="0" />
<p fId="2" fbTx="101.5701401" lbTx="101.5701886" tId="0" fbRx="101.5701952" lbRx="0" />
<p fId="2" fbTx="101.5701401" lbTx="101.5701886" tId="1" fbRx="101.5701952" lbRx="0" />
<p fId="2" fbTx="101.5701401" lbTx="101.5701886" tId="1" fbRx="101.5701952" lbRx="0" />
<p fId="2" fbTx="101.5702086" lbTx="101.570257" tId="0" fbRx="101.5702636" lbRx="0" />
<p fId="2" fbTx="101.5702086" lbTx="101.570257" tId="1" fbRx="101.5702636" lbRx="0" />
<p fId="2" fbTx="101.5702086" lbTx="101.570257" tId="1" fbRx="101.5702636" lbRx="0" />
<p fId="2" fbTx="101.570264" lbTx="101.5703125" tId="0" fbRx="101.570319" lbRx="0" />
<p fId="2" fbTx="101.570264" lbTx="101.5703125" tId="1" fbRx="101.570319" lbRx="0" />
<p fId="2" fbTx="101.570264" lbTx="101.5703125" tId="1" fbRx="101.570319" lbRx="0" />
<p fId="2" fbTx="101.5703204" lbTx="101.5703689" tId="0" fbRx="101.5703755" lbRx="0" />
<p fId="2" fbTx="101.5703204" lbTx="101.5703689" tId="1" fbRx="101.5703755" lbRx="0" />
<p fId="2" fbTx="101.5703204" lbTx="101.5703689" tId="1" fbRx="101.5703755" lbRx="0" />
<p fId="2" fbTx="101.5703779" lbTx="101.5704264" tId="0" fbRx="101.5704329" lbRx="0" />
<p fId="2" fbTx="101.5703779" lbTx="101.5704264" tId="1" fbRx="101.5704329" lbRx="0" />
<p fId="2" fbTx="101.5703779" lbTx="101.5704264" tId="1" fbRx="101.5704329" lbRx="0" />
<p fId="2" fbTx="101.5704333" lbTx="101.5704818" tId="0" fbRx="101.5704884" lbRx="0" />
<p fId="2" fbTx="101.5704333" lbTx="101.5704818" tId="1" fbRx="101.5704884" lbRx="0" />
<p fId="2" fbTx="101.5704333" lbTx="101.5704818" tId="1" fbRx="101.5704884" lbRx="0" />
<p fId="2" fbTx="101.5704948" lbTx="101.5705432" tId="0" fbRx="101.5705498" lbRx="0" />
<p fId="2" fbTx="101.5704948" lbTx="101.5705432" tId="1" fbRx="101.5705498" lbRx="0" />
<p fId="2" fbTx="101.5704948" lbTx="101.5705432" tId="1" fbRx="101.5705498" lbRx="0" />
<p fId="2" fbTx="101.5705592" lbTx="101.5706077" tId="0" fbRx="101.5706142" lbRx="0" />
<p fId="2" fbTx="101.5705592" lbTx="101.5706077" tId="1" fbRx="101.5706142" lbRx="0" />
<p fId="2" fbTx="101.5705592" lbTx="101.5706077" tId="1" fbRx="101.5706142" lbRx="0" />
<p fId="2" fbTx="101.5706146" lbTx="101.5706631" tId="0" fbRx="101.5706697" lbRx="0" />
<p fId="2" fbTx="101.5706146" lbTx="101.5706631" tId="1" fbRx="101.5706697" lbRx="0" />
<p fId="2" fbTx="101.5706146" lbTx="101.5706631" tId="1" fbRx="101.5706697" lbRx="0" />
<p fId="2" fbTx="101.5706731" lbTx="101.5707216" tId="0" fbRx="101.5707281" lbRx="0" />
<p fId="2" fbTx="101.5706731" lbTx="101.5707216" tId="1" fbRx="101.5707281" lbRx="0" />
<p fId="2" fbTx="101.5706731" lbTx="101.5707216" tId="1" fbRx="101.5707281" lbRx="0" />
<p fId="2" fbTx="101.5707315" lbTx="101.57078" tId="0" fbRx="101.5707866" lbRx="0" />
<p fId="2" fbTx="101.5707315" lbTx="101.57078" tId="1" fbRx="101.5707866" lbRx="0" />
<p fId="2" fbTx="101.5707315" lbTx="101.57078" tId="1" fbRx="101.5707866" lbRx="0" />
<p fId="2" fbTx="101.570794" lbTx="101.5708424" tId="0" fbRx="101.570849" lbRx="0" />
<p fId="2" fbTx="101.570794" lbTx="101.5708424" tId="1" fbRx="101.570849" lbRx="0" />
<p fId="2" fbTx="101.570794" lbTx="101.5708424" tId="1" fbRx="101.570849" lbRx="0" />
<p fId="2" fbTx="101.5708504" lbTx="101.5708989" tId="0" fbRx="101.5709054" lbRx="0" />
<p fId="2" fbTx="101.5708504" lbTx="101.5708989" tId="1" fbRx="101.5709054" lbRx="0" />
<p fId="2" fbTx="101.5708504" lbTx="101.5708989" tId="1" fbRx="101.5709054" lbRx="0" />
<p fId="2" fbTx="101.5709168" lbTx="101.5709653" tId="0" fbRx="101.5709719" lbRx="0" />
<p fId="2" fbTx="101.5709168" lbTx="101.5709653" tId="1" fbRx="101.5709719" lbRx="0" />
<p fId="2" fbTx="101.5709168" lbTx="101.5709653" tId="1" fbRx="101.5709719" lbRx="0" />
<p fId="2" fbTx="101.5709743" lbTx="101.5710228" tId="0" fbRx="101.5710293" lbRx="0" />
<p fId="2" fbTx="101.5709743" lbTx="101.5710228" tId="1" fbRx="101.5710293" lbRx="0" />
<p fId="2" fbTx="101.5709743" lbTx="101.5710228" tId="1" fbRx="101.5710293" lbRx="0" />
<p fId="2" fbTx="101.5710297" lbTx="101.5710782" tId="0" fbRx="101.5710848" lbRx="0" />
<p fId="2" fbTx="101.5710297" lbTx="101.5710782" tId="1" fbRx="101.5710848" lbRx="0" />
<p fId="2" fbTx="101.5710297" lbTx="101.5710782" tId="1" fbRx="101.5710848" lbRx="0" />
<p fId="2" fbTx="101.5710982" lbTx="101.5711466" tId="0" fbRx="101.5711532" lbRx="0" />
<p fId="2" fbTx="101.5710982" lbTx="101.5711466" tId="1" fbRx="101.5711532" lbRx="0" />
<p fId="2" fbTx="101.5710982" lbTx="101.5711466" tId="1" fbRx="101.5711532" lbRx="0" />
<p fId="2" fbTx="101.5711686" lbTx="101.5712171" tId="0" fbRx="101.5712236" lbRx="0" />
<p fId="2" fbTx="101.5711686" lbTx="101.5712171" tId="1" fbRx="101.5712236" lbRx="0" />
<p fId="2" fbTx="101.5711686" lbTx="101.5712171" tId="1" fbRx="101.5712236" lbRx="0" />
<p fId="2" fbTx="101.571229" lbTx="101.5712775" tId="0" fbRx="101.5712841" lbRx="0" />
<p fId="2" fbTx="101.571229" lbTx="101.5712775" tId="1" fbRx="101.5712841" lbRx="0" />
<p fId="2" fbTx="101.571229" lbTx="101.5712775" tId="1" fbRx="101.5712841" lbRx="0" />
<p fId="2" fbTx="101.5712855" lbTx="101.571334" tId="0" fbRx="101.5713405" lbRx="0" />
<p fId="2" fbTx="101.5712855" lbTx="101.571334" tId="1" fbRx="101.5713405" lbRx="0" />
<p fId="2" fbTx="101.5712855" lbTx="101.571334" tId="1" fbRx="101.5713405" lbRx="0" />
<p fId="2" fbTx="101.5713449" lbTx="101.5713934" tId="0" fbRx="101.5714" lbRx="0" />
<p fId="2" fbTx="101.5713449" lbTx="101.5713934" tId="1" fbRx="101.5714" lbRx="0" />
<p fId="2" fbTx="101.5713449" lbTx="101.5713934" tId="1" fbRx="101.5714" lbRx="0" />
<p fId="2" fbTx="101.5714024" lbTx="101.5714508" tId="0" fbRx="101.5714574" lbRx="0" />
<p fId="2" fbTx="101.5714024" lbTx="101.5714508" tId="1" fbRx="101.5714574" lbRx="0" />
<p fId="2" fbTx="101.5714024" lbTx="101.5714508" tId="1" fbRx="101.5714574" lbRx="0" />
<p fId="2" fbTx="101.5714648" lbTx="101.5715133" tId="0" fbRx="101.5715198" lbRx="0" />
<p fId="2" fbTx="101.5714648" lbTx="101.5715133" tId="1" fbRx="101.5715198" lbRx="0" />
<p fId="2" fbTx="101.5714648" lbTx="101.5715133" tId="1" fbRx="101.5715198" lbRx="0" />
<p fId="2" fbTx="101.5715212" lbTx="101.5715697" tId="0" fbRx="101.5715763" lbRx="0" />
<p fId="2" fbTx="101.5715212" lbTx="101.5715697" tId="1" fbRx="101.5715763" lbRx="0" />
<p fId="2" fbTx="101.5715212" lbTx="101.5715697" tId="1" fbRx="101.5715763" lbRx="0" />
<p fId="2" fbTx="101.5715777" lbTx="101.5716262" tId="0" fbRx="101.5716327" lbRx="0" />
<p fId="2" fbTx="101.5715777" lbTx="101.5716262" tId="1" fbRx="101.5716327" lbRx="0" />
<p fId="2" fbTx="101.5715777" lbTx="101.5716262" tId="1" fbRx="101.5716327" lbRx="0" />
<p fId="2" fbTx="101.5716381" lbTx="101.5716866" tId="0" fbRx="101.5716932" lbRx="0" />
<p fId="2" fbTx="101.5716381" lbTx="101.5716866" tId="1" fbRx="101.5716932" lbRx="0" />
<p fId="2" fbTx="101.5716381" lbTx="101.5716866" tId="1" fbRx="101.5716932" lbRx="0" />
<p fId="2" fbTx="101.5716966" lbTx="101.571745" tId="0" fbRx="101.5717516" lbRx="0" />
<p fId="2" fbTx="101.5716966" lbTx="101.571745" tId="1" fbRx="101.5717516" lbRx="0" />
<p fId="2" fbTx="101.5716966" lbTx="101.571745" tId="1" fbRx="101.5717516" lbRx="0" />
<p fId="2" fbTx="101.571752" lbTx="101.5717806" tId="0" fbRx="101.5717872" lbRx="0" />
<p fId="2" fbTx="101.571752" lbTx="101.5717806" tId="1" fbRx="101.5717872" lbRx="0" />
<p fId="2" fbTx="101.571752" lbTx="101.5717806" tId="1" fbRx="101.5717872" lbRx="0" />
<p fId="2" fbTx="101.5718026" lbTx="101.5718511" tId="0" fbRx="101.5718576" lbRx="0" />
<p fId="2" fbTx="101.5718026" lbTx="101.5718511" tId="1" fbRx="101.5718576" lbRx="0" />
<p fId="2" fbTx="101.5718026" lbTx="101.5718511" tId="1" fbRx="101.5718576" lbRx="0" />
<p fId="2" fbTx="101.571859" lbTx="101.5719058" tId="0" fbRx="101.5719123" lbRx="0" />
<p fId="2" fbTx="101.571859" lbTx="101.5719058" tId="1" fbRx="101.5719123" lbRx="0" />
<p fId="2" fbTx="101.571859" lbTx="101.5719058" tId="1" fbRx="101.5719123" lbRx="0" />
<p fId="2" fbTx="101.5719137" lbTx="101.5719622" tId="0" fbRx="101.5719688" lbRx="0" />
<p fId="2" fbTx="101.5719137" lbTx="101.5719622" tId="1" fbRx="101.5719688" lbRx="0" />
<p fId="2" fbTx="101.5719137" lbTx="101.5719622" tId="1" fbRx="101.5719688" lbRx="0" />
<p fId="2" fbTx="101.5719692" lbTx="101.5720176" tId="0" fbRx="101.5720242" lbRx="0" />
<p fId="2" fbTx="101.5719692" lbTx="101.5720176" tId="1" fbRx="101.5720242" lbRx="0" />
<p fId="2" fbTx="101.5719692" lbTx="101.5720176" tId="1" fbRx="101.5720242" lbRx="0" />
<p fId="2" fbTx="101.5720356" lbTx="101.5720841" tId="0" fbRx="101.5720906" lbRx="0" />
<p fId="2" fbTx="101.5720356" lbTx="101.5720841" tId="1" fbRx="101.5720906" lbRx="0" />
<p fId="2" fbTx="101.5720356" lbTx="101.5720841" tId="1" fbRx="101.5720906" lbRx="0" />
<p fId="2" fbTx="101.572094" lbTx="101.5721425" tId="0" fbRx="101.5721491" lbRx="0" />
<p fId="2" fbTx="101.572094" lbTx="101.5721425" tId="1" fbRx="101.5721491" lbRx="0" />
<p fId="2" fbTx="101.572094" lbTx="101.5721425" tId="1" fbRx="101.5721491" lbRx="0" />
<p fId="2" fbTx="101.5721515" lbTx="101.5722" tId="0" fbRx="101.5722065" lbRx="0" />
<p fId="2" fbTx="101.5721515" lbTx="101.5722" tId="1" fbRx="101.5722065" lbRx="0" />
<p fId="2" fbTx="101.5721515" lbTx="101.5722" tId="1" fbRx="101.5722065" lbRx="0" />
<p fId="2" fbTx="101.5722089" lbTx="101.5722574" tId="0" fbRx="101.572264" lbRx="0" />
<p fId="2" fbTx="101.5722089" lbTx="101.5722574" tId="1" fbRx="101.572264" lbRx="0" />
<p fId="2" fbTx="101.5722089" lbTx="101.5722574" tId="1" fbRx="101.572264" lbRx="0" />
<p fId="2" fbTx="101.5722644" lbTx="101.5723128" tId="0" fbRx="101.5723194" lbRx="0" />
<p fId="2" fbTx="101.5722644" lbTx="101.5723128" tId="1" fbRx="101.5723194" lbRx="0" />
<p fId="2" fbTx="101.5722644" lbTx="101.5723128" tId="1" fbRx="101.5723194" lbRx="0" />
<p fId="2" fbTx="101.5723278" lbTx="101.5723763" tId="0" fbRx="101.5723828" lbRx="0" />
<p fId="2" fbTx="101.5723278" lbTx="101.5723763" tId="1" fbRx="101.5723828" lbRx="0" />
<p fId="2" fbTx="101.5723278" lbTx="101.5723763" tId="1" fbRx="101.5723828" lbRx="0" />
<p fId="2" fbTx="101.5723842" lbTx="101.5724327" tId="0" fbRx="101.5724393" lbRx="0" />
<p fId="2" fbTx="101.5723842" lbTx="101.5724327" tId="1" fbRx="101.5724393" lbRx="0" />
<p fId="2" fbTx="101.5723842" lbTx="101.5724327" tId="1" fbRx="101.5724393" lbRx="0" />
<p fId="2" fbTx="101.5724417" lbTx="101.5724902" tId="0" fbRx="101.5724967" lbRx="0" />
<p fId="2" fbTx="101.5724417" lbTx="101.5724902" tId="1" fbRx="101.5724967" lbRx="0" />
<p fId="2" fbTx="101.5724417" lbTx="101.5724902" tId="1" fbRx="101.5724967" lbRx="0" />
<p fId="2" fbTx="101.5724981" lbTx="101.5725466" tId="0" fbRx="101.5725532" lbRx="0" />
<p fId="2" fbTx="101.5724981" lbTx="101.5725466" tId="1" fbRx="101.5725532" lbRx="0" />
<p fId="2" fbTx="101.5724981" lbTx="101.5725466" tId="1" fbRx="101.5725532" lbRx="0" />
<p fId="2" fbTx="101.5725546" lbTx="101.572603" tId="0" fbRx="101.5726096" lbRx="0" />
<p fId="2" fbTx="101.5725546" lbTx="101.572603" tId="1" fbRx="101.5726096" lbRx="0" />
<p fId="2" fbTx="101.5725546" lbTx="101.572603" tId="1" fbRx="101.5726096" lbRx="0" />
<p fId="1" fbTx="101.5730584" lbTx="101.573064" tId="0" fbRx="101.5730706" lbRx="0" />
<p fId="1" fbTx="101.5730584" lbTx="101.573064" tId="2" fbRx="101.5730706" lbRx="0" />
<p fId="1" fbTx="101.5730584" lbTx="101.573064" tId="2" fbRx="101.5730706" lbRx="0" />
<p fId="2" fbTx="101.5730716" lbTx="101.5731201" tId="0" fbRx="101.5731266" lbRx="0" />
<p fId="2" fbTx="101.5730716" lbTx="101.5731201" tId="1" fbRx="101.5731266" lbRx="0" />
<p fId="2" fbTx="101.5730716" lbTx="101.5731201" tId="1" fbRx="101.5731266" lbRx="0" />
<p fId="2" fbTx="101.573127" lbTx="101.5731755" tId="0" fbRx="101.5731821" lbRx="0" />
<p fId="2" fbTx="101.573127" lbTx="101.5731755" tId="1" fbRx="101.5731821" lbRx="0" />
<p fId="2" fbTx="101.573127" lbTx="101.5731755" tId="1" fbRx="101.5731821" lbRx="0" />
<p fId="1" fbTx="101.573302" lbTx="101.5733076" tId="0" fbRx="101.5733142" lbRx="0" />
<p fId="1" fbTx="101.573302" lbTx="101.5733076" tId="2" fbRx="101.5733142" lbRx="0" />
<p fId="1" fbTx="101.573302" lbTx="101.5733076" tId="2" fbRx="101.5733142" lbRx="0" />
<p fId="1" fbTx="101.5733146" lbTx="101.5733202" tId="0" fbRx="101.5733267" lbRx="0" />
<p fId="1" fbTx="101.5733146" lbTx="101.5733202" tId="2" fbRx="101.5733267" lbRx="0" />
<p fId="1" fbTx="101.5733146" lbTx="101.5733202" tId="2" fbRx="101.5733267" lbRx="0" />
<p fId="1" fbTx="101.5733271" lbTx="101.5733327" tId="0" fbRx="101.5733393" lbRx="0" />
<p fId="1" fbTx="101.5733271" lbTx="101.5733327" tId="2" fbRx="101.5733393" lbRx="0" />
<p fId="1" fbTx="101.5733271" lbTx="101.5733327" tId="2" fbRx="101.5733393" lbRx="0" />
<p fId="1" fbTx="101.5733417" lbTx="101.5733473" tId="0" fbRx="101.5733538" lbRx="0" />
<p fId="1" fbTx="101.5733417" lbTx="101.5733473" tId="2" fbRx="101.5733538" lbRx="0" />
<p fId="1" fbTx="101.5733417" lbTx="101.5733473" tId="2" fbRx="101.5733538" lbRx="0" />
<p fId="1" fbTx="101.5733612" lbTx="101.5733668" tId="0" fbRx="101.5733734" lbRx="0" />
<p fId="1" fbTx="101.5733612" lbTx="101.5733668" tId="2" fbRx="101.5733734" lbRx="0" />
<p fId="1" fbTx="101.5733612" lbTx="101.5733668" tId="2" fbRx="101.5733734" lbRx="0" />
<p fId="1" fbTx="101.5733748" lbTx="101.5733804" tId="0" fbRx="101.573387" lbRx="0" />
<p fId="1" fbTx="101.5733748" lbTx="101.5733804" tId="2" fbRx="101.573387" lbRx="0" />
<p fId="1" fbTx="101.5733748" lbTx="101.5733804" tId="2" fbRx="101.573387" lbRx="0" />
<p fId="1" fbTx="101.5733894" lbTx="101.573395" tId="0" fbRx="101.5734015" lbRx="0" />
<p fId="1" fbTx="101.5733894" lbTx="101.573395" tId="2" fbRx="101.5734015" lbRx="0" />
<p fId="1" fbTx="101.5733894" lbTx="101.573395" tId="2" fbRx="101.5734015" lbRx="0" />
<p fId="1" fbTx="101.5734079" lbTx="101.5734135" tId="0" fbRx="101.5734201" lbRx="0" />
<p fId="1" fbTx="101.5734079" lbTx="101.5734135" tId="2" fbRx="101.5734201" lbRx="0" />
<p fId="1" fbTx="101.5734079" lbTx="101.5734135" tId="2" fbRx="101.5734201" lbRx="0" />
<p fId="1" fbTx="101.5734275" lbTx="101.5734331" tId="0" fbRx="101.5734396" lbRx="0" />
<p fId="1" fbTx="101.5734275" lbTx="101.5734331" tId="2" fbRx="101.5734396" lbRx="0" />
<p fId="1" fbTx="101.5734275" lbTx="101.5734331" tId="2" fbRx="101.5734396" lbRx="0" />
<p fId="1" fbTx="101.573446" lbTx="101.5734516" tId="0" fbRx="101.5734582" lbRx="0" />
<p fId="1" fbTx="101.573446" lbTx="101.5734516" tId="2" fbRx="101.5734582" lbRx="0" />
<p fId="1" fbTx="101.573446" lbTx="101.5734516" tId="2" fbRx="101.5734582" lbRx="0" />
<p fId="1" fbTx="101.5734616" lbTx="101.5734672" tId="0" fbRx="101.5734738" lbRx="0" />
<p fId="1" fbTx="101.5734616" lbTx="101.5734672" tId="2" fbRx="101.5734738" lbRx="0" />
<p fId="1" fbTx="101.5734616" lbTx="101.5734672" tId="2" fbRx="101.5734738" lbRx="0" />
<p fId="1" fbTx="101.5734742" lbTx="101.5734798" tId="0" fbRx="101.5734863" lbRx="0" />
<p fId="1" fbTx="101.5734742" lbTx="101.5734798" tId="2" fbRx="101.5734863" lbRx="0" />
<p fId="1" fbTx="101.5734742" lbTx="101.5734798" tId="2" fbRx="101.5734863" lbRx="0" />
<p fId="1" fbTx="101.5734887" lbTx="101.5734943" tId="0" fbRx="101.5735009" lbRx="0" />
<p fId="1" fbTx="101.5734887" lbTx="101.5734943" tId="2" fbRx="101.5735009" lbRx="0" />
<p fId="1" fbTx="101.5734887" lbTx="101.5734943" tId="2" fbRx="101.5735009" lbRx="0" />
<p fId="1" fbTx="101.5735133" lbTx="101.5735189" tId="0" fbRx="101.5735254" lbRx="0" />
<p fId="1" fbTx="101.5735133" lbTx="101.5735189" tId="2" fbRx="101.5735254" lbRx="0" />
<p fId="1" fbTx="101.5735133" lbTx="101.5735189" tId="2" fbRx="101.5735254" lbRx="0" />
<p fId="1" fbTx="101.5735328" lbTx="101.5735384" tId="0" fbRx="101.573545" lbRx="0" />
<p fId="1" fbTx="101.5735328" lbTx="101.5735384" tId="2" fbRx="101.573545" lbRx="0" />
<p fId="1" fbTx="101.5735328" lbTx="101.5735384" tId="2" fbRx="101.573545" lbRx="0" />
<p fId="1" fbTx="101.5735484" lbTx="101.573554" tId="0" fbRx="101.5735606" lbRx="0" />
<p fId="1" fbTx="101.5735484" lbTx="101.573554" tId="2" fbRx="101.5735606" lbRx="0" />
<p fId="1" fbTx="101.5735484" lbTx="101.573554" tId="2" fbRx="101.5735606" lbRx="0" />
<p fId="1" fbTx="101.573563" lbTx="101.5735686" tId="0" fbRx="101.5735751" lbRx="0" />
<p fId="1" fbTx="101.573563" lbTx="101.5735686" tId="2" fbRx="101.5735751" lbRx="0" />
<p fId="1" fbTx="101.573563" lbTx="101.5735686" tId="2" fbRx="101.5735751" lbRx="0" />
<p fId="1" fbTx="101.5735805" lbTx="101.5735861" tId="0" fbRx="101.5735927" lbRx="0" />
<p fId="1" fbTx="101.5735805" lbTx="101.5735861" tId="2" fbRx="101.5735927" lbRx="0" />
<p fId="1" fbTx="101.5735805" lbTx="101.5735861" tId="2" fbRx="101.5735927" lbRx="0" />
<p fId="1" fbTx="101.5735951" lbTx="101.5736007" tId="0" fbRx="101.5736072" lbRx="0" />
<p fId="1" fbTx="101.5735951" lbTx="101.5736007" tId="2" fbRx="101.5736072" lbRx="0" />
<p fId="1" fbTx="101.5735951" lbTx="101.5736007" tId="2" fbRx="101.5736072" lbRx="0" />
<p fId="1" fbTx="101.5736076" lbTx="101.5736132" tId="0" fbRx="101.5736198" lbRx="0" />
<p fId="1" fbTx="101.5736076" lbTx="101.5736132" tId="2" fbRx="101.5736198" lbRx="0" />
<p fId="1" fbTx="101.5736076" lbTx="101.5736132" tId="2" fbRx="101.5736198" lbRx="0" />
<p fId="1" fbTx="101.5736222" lbTx="101.5736278" tId="0" fbRx="101.5736344" lbRx="0" />
<p fId="1" fbTx="101.5736222" lbTx="101.5736278" tId="2" fbRx="101.5736344" lbRx="0" />
<p fId="1" fbTx="101.5736222" lbTx="101.5736278" tId="2" fbRx="101.5736344" lbRx="0" />
<p fId="1" fbTx="101.5736358" lbTx="101.5736414" tId="0" fbRx="101.5736479" lbRx="0" />
<p fId="1" fbTx="101.5736358" lbTx="101.5736414" tId="2" fbRx="101.5736479" lbRx="0" />
<p fId="1" fbTx="101.5736358" lbTx="101.5736414" tId="2" fbRx="101.5736479" lbRx="0" />
<p fId="1" fbTx="101.5736673" lbTx="101.5736729" tId="0" fbRx="101.5736795" lbRx="0" />
<p fId="1" fbTx="101.5736673" lbTx="101.5736729" tId="2" fbRx="101.5736795" lbRx="0" />
<p fId="1" fbTx="101.5736673" lbTx="101.5736729" tId="2" fbRx="101.5736795" lbRx="0" />
<p fId="1" fbTx="101.5736799" lbTx="101.5736855" tId="0" fbRx="101.573692" lbRx="0" />
<p fId="1" fbTx="101.5736799" lbTx="101.5736855" tId="2" fbRx="101.573692" lbRx="0" />
<p fId="1" fbTx="101.5736799" lbTx="101.5736855" tId="2" fbRx="101.573692" lbRx="0" />
<p fId="1" fbTx="101.5736924" lbTx="101.573698" tId="0" fbRx="101.5737046" lbRx="0" />
<p fId="1" fbTx="101.5736924" lbTx="101.573698" tId="2" fbRx="101.5737046" lbRx="0" />
<p fId="1" fbTx="101.5736924" lbTx="101.573698" tId="2" fbRx="101.5737046" lbRx="0" />
<p fId="1" fbTx="101.573705" lbTx="101.5737106" tId="0" fbRx="101.5737172" lbRx="0" />
<p fId="1" fbTx="101.573705" lbTx="101.5737106" tId="2" fbRx="101.5737172" lbRx="0" />
<p fId="1" fbTx="101.573705" lbTx="101.5737106" tId="2" fbRx="101.5737172" lbRx="0" />
<p fId="1" fbTx="101.5737296" lbTx="101.5737352" tId="0" fbRx="101.5737417" lbRx="0" />
<p fId="1" fbTx="101.5737296" lbTx="101.5737352" tId="2" fbRx="101.5737417" lbRx="0" />
<p fId="1" fbTx="101.5737296" lbTx="101.5737352" tId="2" fbRx="101.5737417" lbRx="0" />
<p fId="1" fbTx="101.5737441" lbTx="101.5737497" tId="0" fbRx="101.5737563" lbRx="0" />
<p fId="1" fbTx="101.5737441" lbTx="101.5737497" tId="2" fbRx="101.5737563" lbRx="0" />
<p fId="1" fbTx="101.5737441" lbTx="101.5737497" tId="2" fbRx="101.5737563" lbRx="0" />
<p fId="1" fbTx="101.5737587" lbTx="101.5737643" tId="0" fbRx="101.5737708" lbRx="0" />
<p fId="1" fbTx="101.5737587" lbTx="101.5737643" tId="2" fbRx="101.5737708" lbRx="0" />
<p fId="1" fbTx="101.5737587" lbTx="101.5737643" tId="2" fbRx="101.5737708" lbRx="0" />
<p fId="1" fbTx="101.5737782" lbTx="101.5737838" tId="0" fbRx="101.5737904" lbRx="0" />
<p fId="1" fbTx="101.5737782" lbTx="101.5737838" tId="2" fbRx="101.5737904" lbRx="0" />
<p fId="1" fbTx="101.5737782" lbTx="101.5737838" tId="2" fbRx="101.5737904" lbRx="0" />
<p fId="1" fbTx="101.5737978" lbTx="101.5738034" tId="0" fbRx="101.57381" lbRx="0" />
<p fId="1" fbTx="101.5737978" lbTx="101.5738034" tId="2" fbRx="101.57381" lbRx="0" />
<p fId="1" fbTx="101.5737978" lbTx="101.5738034" tId="2" fbRx="101.57381" lbRx="0" />
<p fId="1" fbTx="101.5738184" lbTx="101.573824" tId="0" fbRx="101.5738305" lbRx="0" />
<p fId="1" fbTx="101.5738184" lbTx="101.573824" tId="2" fbRx="101.5738305" lbRx="0" />
<p fId="1" fbTx="101.5738184" lbTx="101.573824" tId="2" fbRx="101.5738305" lbRx="0" />
<p fId="1" fbTx="101.5738309" lbTx="101.5738365" tId="0" fbRx="101.5738431" lbRx="0" />
<p fId="1" fbTx="101.5738309" lbTx="101.5738365" tId="2" fbRx="101.5738431" lbRx="0" />
<p fId="1" fbTx="101.5738309" lbTx="101.5738365" tId="2" fbRx="101.5738431" lbRx="0" />
<p fId="1" fbTx="101.5738555" lbTx="101.5738611" tId="0" fbRx="101.5738676" lbRx="0" />
<p fId="1" fbTx="101.5738555" lbTx="101.5738611" tId="2" fbRx="101.5738676" lbRx="0" />
<p fId="1" fbTx="101.5738555" lbTx="101.5738611" tId="2" fbRx="101.5738676" lbRx="0" />
<p fId="1" fbTx="101.57387" lbTx="101.5738756" tId="0" fbRx="101.5738822" lbRx="0" />
<p fId="1" fbTx="101.57387" lbTx="101.5738756" tId="2" fbRx="101.5738822" lbRx="0" />
<p fId="1" fbTx="101.57387" lbTx="101.5738756" tId="2" fbRx="101.5738822" lbRx="0" />
<p fId="1" fbTx="101.5738926" lbTx="101.5738982" tId="0" fbRx="101.5739048" lbRx="0" />
<p fId="1" fbTx="101.5738926" lbTx="101.5738982" tId="2" fbRx="101.5739048" lbRx="0" />
<p fId="1" fbTx="101.5738926" lbTx="101.5738982" tId="2" fbRx="101.5739048" lbRx="0" />
<p fId="1" fbTx="101.5739082" lbTx="101.5739138" tId="0" fbRx="101.5739203" lbRx="0" />
<p fId="1" fbTx="101.5739082" lbTx="101.5739138" tId="2" fbRx="101.5739203" lbRx="0" />
<p fId="1" fbTx="101.5739082" lbTx="101.5739138" tId="2" fbRx="101.5739203" lbRx="0" />
<p fId="1" fbTx="101.5739217" lbTx="101.5739273" tId="0" fbRx="101.5739339" lbRx="0" />
<p fId="1" fbTx="101.5739217" lbTx="101.5739273" tId="2" fbRx="101.5739339" lbRx="0" />
<p fId="1" fbTx="101.5739217" lbTx="101.5739273" tId="2" fbRx="101.5739339" lbRx="0" />
<p fId="1" fbTx="101.5739343" lbTx="101.5739399" tId="0" fbRx="101.5739464" lbRx="0" />
<p fId="1" fbTx="101.5739343" lbTx="101.5739399" tId="2" fbRx="101.5739464" lbRx="0" />
<p fId="1" fbTx="101.5739343" lbTx="101.5739399" tId="2" fbRx="101.5739464" lbRx="0" />
<p fId="1" fbTx="101.5739468" lbTx="101.5739524" tId="0" fbRx="101.573959" lbRx="0" />
<p fId="1" fbTx="101.5739468" lbTx="101.5739524" tId="2" fbRx="101.573959" lbRx="0" />
<p fId="1" fbTx="101.5739468" lbTx="101.5739524" tId="2" fbRx="101.573959" lbRx="0" />
<p fId="1" fbTx="101.5739594" lbTx="101.573965" tId="0" fbRx="101.5739716" lbRx="0" />
<p fId="1" fbTx="101.5739594" lbTx="101.573965" tId="2" fbRx="101.5739716" lbRx="0" />
<p fId="1" fbTx="101.5739594" lbTx="101.573965" tId="2" fbRx="101.5739716" lbRx="0" />
<p fId="1" fbTx="101.573973" lbTx="101.5739786" tId="0" fbRx="101.5739851" lbRx="0" />
<p fId="1" fbTx="101.573973" lbTx="101.5739786" tId="2" fbRx="101.5739851" lbRx="0" />
<p fId="1" fbTx="101.573973" lbTx="101.5739786" tId="2" fbRx="101.5739851" lbRx="0" />
<p fId="1" fbTx="101.5739885" lbTx="101.5739941" tId="0" fbRx="101.5740007" lbRx="0" />
<p fId="1" fbTx="101.5739885" lbTx="101.5739941" tId="2" fbRx="101.5740007" lbRx="0" />
<p fId="1" fbTx="101.5739885" lbTx="101.5739941" tId="2" fbRx="101.5740007" lbRx="0" />
<p fId="1" fbTx="101.5740031" lbTx="101.5740087" tId="0" fbRx="101.5740152" lbRx="0" />
<p fId="1" fbTx="101.5740031" lbTx="101.5740087" tId="2" fbRx="101.5740152" lbRx="0" />
<p fId="1" fbTx="101.5740031" lbTx="101.5740087" tId="2" fbRx="101.5740152" lbRx="0" />
<p fId="1" fbTx="101.5740206" lbTx="101.5740262" tId="0" fbRx="101.5740328" lbRx="0" />
<p fId="1" fbTx="101.5740206" lbTx="101.5740262" tId="2" fbRx="101.5740328" lbRx="0" />
<p fId="1" fbTx="101.5740206" lbTx="101.5740262" tId="2" fbRx="101.5740328" lbRx="0" />
<p fId="1" fbTx="101.5740332" lbTx="101.5740388" tId="0" fbRx="101.5740454" lbRx="0" />
<p fId="1" fbTx="101.5740332" lbTx="101.5740388" tId="2" fbRx="101.5740454" lbRx="0" />
<p fId="1" fbTx="101.5740332" lbTx="101.5740388" tId="2" fbRx="101.5740454" lbRx="0" />
<p fId="1" fbTx="101.5740458" lbTx="101.5740514" tId="0" fbRx="101.5740579" lbRx="0" />
<p fId="1" fbTx="101.5740458" lbTx="101.5740514" tId="2" fbRx="101.5740579" lbRx="0" />
<p fId="1" fbTx="101.5740458" lbTx="101.5740514" tId="2" fbRx="101.5740579" lbRx="0" />
<p fId="1" fbTx="101.5740603" lbTx="101.5740659" tId="0" fbRx="101.5740725" lbRx="0" />
<p fId="1" fbTx="101.5740603" lbTx="101.5740659" tId="2" fbRx="101.5740725" lbRx="0" />
<p fId="1" fbTx="101.5740603" lbTx="101.5740659" tId="2" fbRx="101.5740725" lbRx="0" />
<p fId="1" fbTx="101.5740769" lbTx="101.5740825" tId="0" fbRx="101.574089" lbRx="0" />
<p fId="1" fbTx="101.5740769" lbTx="101.5740825" tId="2" fbRx="101.574089" lbRx="0" />
<p fId="1" fbTx="101.5740769" lbTx="101.5740825" tId="2" fbRx="101.574089" lbRx="0" />
<p fId="1" fbTx="101.5740924" lbTx="101.574098" tId="0" fbRx="101.5741046" lbRx="0" />
<p fId="1" fbTx="101.5740924" lbTx="101.574098" tId="2" fbRx="101.5741046" lbRx="0" />
<p fId="1" fbTx="101.5740924" lbTx="101.574098" tId="2" fbRx="101.5741046" lbRx="0" />
<p fId="1" fbTx="101.574116" lbTx="101.5741216" tId="0" fbRx="101.5741282" lbRx="0" />
<p fId="1" fbTx="101.574116" lbTx="101.5741216" tId="2" fbRx="101.5741282" lbRx="0" />
<p fId="1" fbTx="101.574116" lbTx="101.5741216" tId="2" fbRx="101.5741282" lbRx="0" />
<p fId="1" fbTx="101.5741286" lbTx="101.5741342" tId="0" fbRx="101.5741407" lbRx="0" />
<p fId="1" fbTx="101.5741286" lbTx="101.5741342" tId="2" fbRx="101.5741407" lbRx="0" />
<p fId="1" fbTx="101.5741286" lbTx="101.5741342" tId="2" fbRx="101.5741407" lbRx="0" />
<p fId="1" fbTx="101.5741421" lbTx="101.5741477" tId="0" fbRx="101.5741543" lbRx="0" />
<p fId="1" fbTx="101.5741421" lbTx="101.5741477" tId="2" fbRx="101.5741543" lbRx="0" />
<p fId="1" fbTx="101.5741421" lbTx="101.5741477" tId="2" fbRx="101.5741543" lbRx="0" />
<p fId="1" fbTx="101.5741577" lbTx="101.5741633" tId="0" fbRx="101.5741698" lbRx="0" />
<p fId="1" fbTx="101.5741577" lbTx="101.5741633" tId="2" fbRx="101.5741698" lbRx="0" />
<p fId="1" fbTx="101.5741577" lbTx="101.5741633" tId="2" fbRx="101.5741698" lbRx="0" />
<p fId="1" fbTx="101.5741722" lbTx="101.5741778" tId="0" fbRx="101.5741844" lbRx="0" />
<p fId="1" fbTx="101.5741722" lbTx="101.5741778" tId="2" fbRx="101.5741844" lbRx="0" />
<p fId="1" fbTx="101.5741722" lbTx="101.5741778" tId="2" fbRx="101.5741844" lbRx="0" />
<p fId="1" fbTx="101.5741938" lbTx="101.5741994" tId="0" fbRx="101.574206" lbRx="0" />
<p fId="1" fbTx="101.5741938" lbTx="101.5741994" tId="2" fbRx="101.574206" lbRx="0" />
<p fId="1" fbTx="101.5741938" lbTx="101.5741994" tId="2" fbRx="101.574206" lbRx="0" />
<p fId="1" fbTx="101.5742174" lbTx="101.574223" tId="0" fbRx="101.5742295" lbRx="0" />
<p fId="1" fbTx="101.5742174" lbTx="101.574223" tId="2" fbRx="101.5742295" lbRx="0" />
<p fId="1" fbTx="101.5742174" lbTx="101.574223" tId="2" fbRx="101.5742295" lbRx="0" />
<p fId="1" fbTx="101.5742309" lbTx="101.5742365" tId="0" fbRx="101.5742431" lbRx="0" />
<p fId="1" fbTx="101.5742309" lbTx="101.5742365" tId="2" fbRx="101.5742431" lbRx="0" />
<p fId="1" fbTx="101.5742309" lbTx="101.5742365" tId="2" fbRx="101.5742431" lbRx="0" />
<p fId="1" fbTx="101.5742485" lbTx="101.5742541" tId="0" fbRx="101.5742606" lbRx="0" />
<p fId="1" fbTx="101.5742485" lbTx="101.5742541" tId="2" fbRx="101.5742606" lbRx="0" />
<p fId="1" fbTx="101.5742485" lbTx="101.5742541" tId="2" fbRx="101.5742606" lbRx="0" />
<p fId="1" fbTx="101.574264" lbTx="101.5742696" tId="0" fbRx="101.5742762" lbRx="0" />
<p fId="1" fbTx="101.574264" lbTx="101.5742696" tId="2" fbRx="101.5742762" lbRx="0" />
<p fId="1" fbTx="101.574264" lbTx="101.5742696" tId="2" fbRx="101.5742762" lbRx="0" />
<p fId="1" fbTx="101.5742866" lbTx="101.5742922" tId="0" fbRx="101.5742988" lbRx="0" />
<p fId="1" fbTx="101.5742866" lbTx="101.5742922" tId="2" fbRx="101.5742988" lbRx="0" />
<p fId="1" fbTx="101.5742866" lbTx="101.5742922" tId="2" fbRx="101.5742988" lbRx="0" />
<p fId="1" fbTx="101.5743002" lbTx="101.5743058" tId="0" fbRx="101.5743123" lbRx="0" />
<p fId="1" fbTx="101.5743002" lbTx="101.5743058" tId="2" fbRx="101.5743123" lbRx="0" />
<p fId="1" fbTx="101.5743002" lbTx="101.5743058" tId="2" fbRx="101.5743123" lbRx="0" />
<p fId="1" fbTx="101.5743147" lbTx="101.5743203" tId="0" fbRx="101.5743269" lbRx="0" />
<p fId="1" fbTx="101.5743147" lbTx="101.5743203" tId="2" fbRx="101.5743269" lbRx="0" />
<p fId="1" fbTx="101.5743147" lbTx="101.5743203" tId="2" fbRx="101.5743269" lbRx="0" />
<p fId="1" fbTx="101.5743353" lbTx="101.5743409" tId="0" fbRx="101.5743474" lbRx="0" />
<p fId="1" fbTx="101.5743353" lbTx="101.5743409" tId="2" fbRx="101.5743474" lbRx="0" />
<p fId="1" fbTx="101.5743353" lbTx="101.5743409" tId="2" fbRx="101.5743474" lbRx="0" />
<p fId="1" fbTx="101.5743498" lbTx="101.5743554" tId="0" fbRx="101.574362" lbRx="0" />
<p fId="1" fbTx="101.5743498" lbTx="101.5743554" tId="2" fbRx="101.574362" lbRx="0" />
<p fId="1" fbTx="101.5743498" lbTx="101.5743554" tId="2" fbRx="101.574362" lbRx="0" />
<p fId="1" fbTx="101.5743654" lbTx="101.574371" tId="0" fbRx="101.5743776" lbRx="0" />
<p fId="1" fbTx="101.5743654" lbTx="101.574371" tId="2" fbRx="101.5743776" lbRx="0" />
<p fId="1" fbTx="101.5743654" lbTx="101.574371" tId="2" fbRx="101.5743776" lbRx="0" />
<p fId="1" fbTx="101.574379" lbTx="101.5743846" tId="0" fbRx="101.5743911" lbRx="0" />
<p fId="1" fbTx="101.574379" lbTx="101.5743846" tId="2" fbRx="101.5743911" lbRx="0" />
<p fId="1" fbTx="101.574379" lbTx="101.5743846" tId="2" fbRx="101.5743911" lbRx="0" />
<p fId="1" fbTx="101.5743935" lbTx="101.5743991" tId="0" fbRx="101.5744057" lbRx="0" />
<p fId="1" fbTx="101.5743935" lbTx="101.5743991" tId="2" fbRx="101.5744057" lbRx="0" />
<p fId="1" fbTx="101.5743935" lbTx="101.5743991" tId="2" fbRx="101.5744057" lbRx="0" />
<p fId="1" fbTx="101.5744181" lbTx="101.5744237" tId="0" fbRx="101.5744302" lbRx="0" />
<p fId="1" fbTx="101.5744181" lbTx="101.5744237" tId="2" fbRx="101.5744302" lbRx="0" />
<p fId="1" fbTx="101.5744181" lbTx="101.5744237" tId="2" fbRx="101.5744302" lbRx="0" />
<p fId="1" fbTx="101.5744316" lbTx="101.5744372" tId="0" fbRx="101.5744438" lbRx="0" />
<p fId="1" fbTx="101.5744316" lbTx="101.5744372" tId="2" fbRx="101.5744438" lbRx="0" />
<p fId="1" fbTx="101.5744316" lbTx="101.5744372" tId="2" fbRx="101.5744438" lbRx="0" />
<p fId="1" fbTx="101.5744542" lbTx="101.5744598" tId="0" fbRx="101.5744664" lbRx="0" />
<p fId="1" fbTx="101.5744542" lbTx="101.5744598" tId="2" fbRx="101.5744664" lbRx="0" />
<p fId="1" fbTx="101.5744542" lbTx="101.5744598" tId="2" fbRx="101.5744664" lbRx="0" />
<p fId="1" fbTx="101.5744778" lbTx="101.5744834" tId="0" fbRx="101.5744899" lbRx="0" />
<p fId="1" fbTx="101.5744778" lbTx="101.5744834" tId="2" fbRx="101.5744899" lbRx="0" />
<p fId="1" fbTx="101.5744778" lbTx="101.5744834" tId="2" fbRx="101.5744899" lbRx="0" />
<p fId="1" fbTx="101.5744903" lbTx="101.5744959" tId="0" fbRx="101.5745025" lbRx="0" />
<p fId="1" fbTx="101.5744903" lbTx="101.5744959" tId="2" fbRx="101.5745025" lbRx="0" />
<p fId="1" fbTx="101.5744903" lbTx="101.5744959" tId="2" fbRx="101.5745025" lbRx="0" />
<p fId="1" fbTx="101.5745059" lbTx="101.5745115" tId="0" fbRx="101.574518" lbRx="0" />
<p fId="1" fbTx="101.5745059" lbTx="101.5745115" tId="2" fbRx="101.574518" lbRx="0" />
<p fId="1" fbTx="101.5745059" lbTx="101.5745115" tId="2" fbRx="101.574518" lbRx="0" />
<p fId="1" fbTx="101.5745234" lbTx="101.574529" tId="0" fbRx="101.5745356" lbRx="0" />
<p fId="1" fbTx="101.5745234" lbTx="101.574529" tId="2" fbRx="101.5745356" lbRx="0" />
<p fId="1" fbTx="101.5745234" lbTx="101.574529" tId="2" fbRx="101.5745356" lbRx="0" />
<p fId="1" fbTx="101.574536" lbTx="101.5745416" tId="0" fbRx="101.5745482" lbRx="0" />
<p fId="1" fbTx="101.574536" lbTx="101.5745416" tId="2" fbRx="101.5745482" lbRx="0" />
<p fId="1" fbTx="101.574536" lbTx="101.5745416" tId="2" fbRx="101.5745482" lbRx="0" />
<p fId="1" fbTx="101.5745486" lbTx="101.5745542" tId="0" fbRx="101.5745607" lbRx="0" />
<p fId="1" fbTx="101.5745486" lbTx="101.5745542" tId="2" fbRx="101.5745607" lbRx="0" />
<p fId="1" fbTx="101.5745486" lbTx="101.5745542" tId="2" fbRx="101.5745607" lbRx="0" />
<p fId="1" fbTx="101.5745701" lbTx="101.5745757" tId="0" fbRx="101.5745823" lbRx="0" />
<p fId="1" fbTx="101.5745701" lbTx="101.5745757" tId="2" fbRx="101.5745823" lbRx="0" />
<p fId="1" fbTx="101.5745701" lbTx="101.5745757" tId="2" fbRx="101.5745823" lbRx="0" />
<p fId="1" fbTx="101.5745947" lbTx="101.5746003" tId="0" fbRx="101.5746068" lbRx="0" />
<p fId="1" fbTx="101.5745947" lbTx="101.5746003" tId="2" fbRx="101.5746068" lbRx="0" />
<p fId="1" fbTx="101.5745947" lbTx="101.5746003" tId="2" fbRx="101.5746068" lbRx="0" />
<p fId="1" fbTx="101.5746132" lbTx="101.5746188" tId="0" fbRx="101.5746254" lbRx="0" />
<p fId="1" fbTx="101.5746132" lbTx="101.5746188" tId="2" fbRx="101.5746254" lbRx="0" />
<p fId="1" fbTx="101.5746132" lbTx="101.5746188" tId="2" fbRx="101.5746254" lbRx="0" />
<p fId="1" fbTx="101.5746298" lbTx="101.5746354" tId="0" fbRx="101.574642" lbRx="0" />
<p fId="1" fbTx="101.5746298" lbTx="101.5746354" tId="2" fbRx="101.574642" lbRx="0" />
<p fId="1" fbTx="101.5746298" lbTx="101.5746354" tId="2" fbRx="101.574642" lbRx="0" />
<p fId="1" fbTx="101.5746434" lbTx="101.574649" tId="0" fbRx="101.5746555" lbRx="0" />
<p fId="1" fbTx="101.5746434" lbTx="101.574649" tId="2" fbRx="101.5746555" lbRx="0" />
<p fId="1" fbTx="101.5746434" lbTx="101.574649" tId="2" fbRx="101.5746555" lbRx="0" />
<p fId="1" fbTx="101.5746579" lbTx="101.5746635" tId="0" fbRx="101.5746701" lbRx="0" />
<p fId="1" fbTx="101.5746579" lbTx="101.5746635" tId="2" fbRx="101.5746701" lbRx="0" />
<p fId="1" fbTx="101.5746579" lbTx="101.5746635" tId="2" fbRx="101.5746701" lbRx="0" />
<p fId="1" fbTx="101.5746705" lbTx="101.5746761" tId="0" fbRx="101.5746826" lbRx="0" />
<p fId="1" fbTx="101.5746705" lbTx="101.5746761" tId="2" fbRx="101.5746826" lbRx="0" />
<p fId="1" fbTx="101.5746705" lbTx="101.5746761" tId="2" fbRx="101.5746826" lbRx="0" />
<p fId="1" fbTx="101.574683" lbTx="101.5746886" tId="0" fbRx="101.5746952" lbRx="0" />
<p fId="1" fbTx="101.574683" lbTx="101.5746886" tId="2" fbRx="101.5746952" lbRx="0" />
<p fId="1" fbTx="101.574683" lbTx="101.5746886" tId="2" fbRx="101.5746952" lbRx="0" />
<p fId="1" fbTx="101.5746956" lbTx="101.5747012" tId="0" fbRx="101.5747078" lbRx="0" />
<p fId="1" fbTx="101.5746956" lbTx="101.5747012" tId="2" fbRx="101.5747078" lbRx="0" />
<p fId="1" fbTx="101.5746956" lbTx="101.5747012" tId="2" fbRx="101.5747078" lbRx="0" />
<p fId="1" fbTx="101.5747092" lbTx="101.5747148" tId="0" fbRx="101.5747213" lbRx="0" />
<p fId="1" fbTx="101.5747092" lbTx="101.5747148" tId="2" fbRx="101.5747213" lbRx="0" />
<p fId="1" fbTx="101.5747092" lbTx="101.5747148" tId="2" fbRx="101.5747213" lbRx="0" />
<p fId="1" fbTx="101.5747297" lbTx="101.5747353" tId="0" fbRx="101.5747419" lbRx="0" />
<p fId="1" fbTx="101.5747297" lbTx="101.5747353" tId="2" fbRx="101.5747419" lbRx="0" />
<p fId="1" fbTx="101.5747297" lbTx="101.5747353" tId="2" fbRx="101.5747419" lbRx="0" />
<p fId="1" fbTx="101.5747463" lbTx="101.5747519" tId="0" fbRx="101.5747584" lbRx="0" />
<p fId="1" fbTx="101.5747463" lbTx="101.5747519" tId="2" fbRx="101.5747584" lbRx="0" />
<p fId="1" fbTx="101.5747463" lbTx="101.5747519" tId="2" fbRx="101.5747584" lbRx="0" />
<p fId="1" fbTx="101.5747608" lbTx="101.5747664" tId="0" fbRx="101.574773" lbRx="0" />
<p fId="1" fbTx="101.5747608" lbTx="101.5747664" tId="2" fbRx="101.574773" lbRx="0" />
<p fId="1" fbTx="101.5747608" lbTx="101.5747664" tId="2" fbRx="101.574773" lbRx="0" />
<p fId="1" fbTx="101.5747754" lbTx="101.574781" tId="0" fbRx="101.5747876" lbRx="0" />
<p fId="1" fbTx="101.5747754" lbTx="101.574781" tId="2" fbRx="101.5747876" lbRx="0" />
<p fId="1" fbTx="101.5747754" lbTx="101.574781" tId="2" fbRx="101.5747876" lbRx="0" />
<p fId="1" fbTx="101.574791" lbTx="101.5747966" tId="0" fbRx="101.5748031" lbRx="0" />
<p fId="1" fbTx="101.574791" lbTx="101.5747966" tId="2" fbRx="101.5748031" lbRx="0" />
<p fId="1" fbTx="101.574791" lbTx="101.5747966" tId="2" fbRx="101.5748031" lbRx="0" />
<p fId="1" fbTx="101.5748105" lbTx="101.5748161" tId="0" fbRx="101.5748227" lbRx="0" />
<p fId="1" fbTx="101.5748105" lbTx="101.5748161" tId="2" fbRx="101.5748227" lbRx="0" />
<p fId="1" fbTx="101.5748105" lbTx="101.5748161" tId="2" fbRx="101.5748227" lbRx="0" />
<p fId="1" fbTx="101.5748251" lbTx="101.5748307" tId="0" fbRx="101.5748372" lbRx="0" />
<p fId="1" fbTx="101.5748251" lbTx="101.5748307" tId="2" fbRx="101.5748372" lbRx="0" />
<p fId="1" fbTx="101.5748251" lbTx="101.5748307" tId="2" fbRx="101.5748372" lbRx="0" />
<p fId="1" fbTx="101.5748486" lbTx="101.5748542" tId="0" fbRx="101.5748608" lbRx="0" />
<p fId="1" fbTx="101.5748486" lbTx="101.5748542" tId="2" fbRx="101.5748608" lbRx="0" />
<p fId="1" fbTx="101.5748486" lbTx="101.5748542" tId="2" fbRx="101.5748608" lbRx="0" />
<p fId="1" fbTx="101.5748642" lbTx="101.5748698" tId="0" fbRx="101.5748764" lbRx="0" />
<p fId="1" fbTx="101.5748642" lbTx="101.5748698" tId="2" fbRx="101.5748764" lbRx="0" />
<p fId="1" fbTx="101.5748642" lbTx="101.5748698" tId="2" fbRx="101.5748764" lbRx="0" />
<p fId="1" fbTx="101.5748848" lbTx="101.5748904" tId="0" fbRx="101.5748969" lbRx="0" />
<p fId="1" fbTx="101.5748848" lbTx="101.5748904" tId="2" fbRx="101.5748969" lbRx="0" />
<p fId="1" fbTx="101.5748848" lbTx="101.5748904" tId="2" fbRx="101.5748969" lbRx="0" />
<p fId="1" fbTx="101.5749003" lbTx="101.5749059" tId="0" fbRx="101.5749125" lbRx="0" />
<p fId="1" fbTx="101.5749003" lbTx="101.5749059" tId="2" fbRx="101.5749125" lbRx="0" />
<p fId="1" fbTx="101.5749003" lbTx="101.5749059" tId="2" fbRx="101.5749125" lbRx="0" />
<p fId="1" fbTx="101.5749139" lbTx="101.5749195" tId="0" fbRx="101.574926" lbRx="0" />
<p fId="1" fbTx="101.5749139" lbTx="101.5749195" tId="2" fbRx="101.574926" lbRx="0" />
<p fId="1" fbTx="101.5749139" lbTx="101.5749195" tId="2" fbRx="101.574926" lbRx="0" />
<p fId="1" fbTx="101.5749274" lbTx="101.574933" tId="0" fbRx="101.5749396" lbRx="0" />
<p fId="1" fbTx="101.5749274" lbTx="101.574933" tId="2" fbRx="101.5749396" lbRx="0" />
<p fId="1" fbTx="101.5749274" lbTx="101.574933" tId="2" fbRx="101.5749396" lbRx="0" />
<p fId="1" fbTx="101.574946" lbTx="101.5749516" tId="0" fbRx="101.5749582" lbRx="0" />
<p fId="1" fbTx="101.574946" lbTx="101.5749516" tId="2" fbRx="101.5749582" lbRx="0" />
<p fId="1" fbTx="101.574946" lbTx="101.5749516" tId="2" fbRx="101.5749582" lbRx="0" />
<p fId="1" fbTx="101.5749686" lbTx="101.5749742" tId="0" fbRx="101.5749807" lbRx="0" />
<p fId="1" fbTx="101.5749686" lbTx="101.5749742" tId="2" fbRx="101.5749807" lbRx="0" />
<p fId="1" fbTx="101.5749686" lbTx="101.5749742" tId="2" fbRx="101.5749807" lbRx="0" />
<p fId="1" fbTx="101.5749811" lbTx="101.5749867" tId="0" fbRx="101.5749933" lbRx="0" />
<p fId="1" fbTx="101.5749811" lbTx="101.5749867" tId="2" fbRx="101.5749933" lbRx="0" />
<p fId="1" fbTx="101.5749811" lbTx="101.5749867" tId="2" fbRx="101.5749933" lbRx="0" />
<p fId="1" fbTx="101.5749937" lbTx="101.5749993" tId="0" fbRx="101.5750058" lbRx="0" />
<p fId="1" fbTx="101.5749937" lbTx="101.5749993" tId="2" fbRx="101.5750058" lbRx="0" />
<p fId="1" fbTx="101.5749937" lbTx="101.5749993" tId="2" fbRx="101.5750058" lbRx="0" />
<p fId="1" fbTx="101.5750062" lbTx="101.5750118" tId="0" fbRx="101.5750184" lbRx="0" />
<p fId="1" fbTx="101.5750062" lbTx="101.5750118" tId="2" fbRx="101.5750184" lbRx="0" />
<p fId="1" fbTx="101.5750062" lbTx="101.5750118" tId="2" fbRx="101.5750184" lbRx="0" />
<p fId="1" fbTx="101.5750268" lbTx="101.5750324" tId="0" fbRx="101.575039" lbRx="0" />
<p fId="1" fbTx="101.5750268" lbTx="101.5750324" tId="2" fbRx="101.575039" lbRx="0" />
<p fId="1" fbTx="101.5750268" lbTx="101.5750324" tId="2" fbRx="101.575039" lbRx="0" />
<p fId="1" fbTx="101.5750394" lbTx="101.575045" tId="0" fbRx="101.5750515" lbRx="0" />
<p fId="1" fbTx="101.5750394" lbTx="101.575045" tId="2" fbRx="101.5750515" lbRx="0" />
<p fId="1" fbTx="101.5750394" lbTx="101.575045" tId="2" fbRx="101.5750515" lbRx="0" />
<p fId="1" fbTx="101.5750519" lbTx="101.5750575" tId="0" fbRx="101.5750641" lbRx="0" />
<p fId="1" fbTx="101.5750519" lbTx="101.5750575" tId="2" fbRx="101.5750641" lbRx="0" />
<p fId="1" fbTx="101.5750519" lbTx="101.5750575" tId="2" fbRx="101.5750641" lbRx="0" />
<p fId="1" fbTx="101.5750765" lbTx="101.5750821" tId="0" fbRx="101.5750886" lbRx="0" />
<p fId="1" fbTx="101.5750765" lbTx="101.5750821" tId="2" fbRx="101.5750886" lbRx="0" />
<p fId="1" fbTx="101.5750765" lbTx="101.5750821" tId="2" fbRx="101.5750886" lbRx="0" />
<p fId="1" fbTx="101.575102" lbTx="101.5751076" tId="0" fbRx="101.5751142" lbRx="0" />
<p fId="1" fbTx="101.575102" lbTx="101.5751076" tId="2" fbRx="101.5751142" lbRx="0" />
<p fId="1" fbTx="101.575102" lbTx="101.5751076" tId="2" fbRx="101.5751142" lbRx="0" />
<p fId="1" fbTx="101.5751166" lbTx="101.5751222" tId="0" fbRx="101.5751288" lbRx="0" />
<p fId="1" fbTx="101.5751166" lbTx="101.5751222" tId="2" fbRx="101.5751288" lbRx="0" />
<p fId="1" fbTx="101.5751166" lbTx="101.5751222" tId="2" fbRx="101.5751288" lbRx="0" />
<p fId="1" fbTx="101.5751302" lbTx="101.5751358" tId="0" fbRx="101.5751423" lbRx="0" />
<p fId="1" fbTx="101.5751302" lbTx="101.5751358" tId="2" fbRx="101.5751423" lbRx="0" />
<p fId="1" fbTx="101.5751302" lbTx="101.5751358" tId="2" fbRx="101.5751423" lbRx="0" />
<p fId="1" fbTx="101.5751457" lbTx="101.5751513" tId="0" fbRx="101.5751579" lbRx="0" />
<p fId="1" fbTx="101.5751457" lbTx="101.5751513" tId="2" fbRx="101.5751579" lbRx="0" />
<p fId="1" fbTx="101.5751457" lbTx="101.5751513" tId="2" fbRx="101.5751579" lbRx="0" />
<p fId="1" fbTx="101.5751603" lbTx="101.5751659" tId="0" fbRx="101.5751724" lbRx="0" />
<p fId="1" fbTx="101.5751603" lbTx="101.5751659" tId="2" fbRx="101.5751724" lbRx="0" />
<p fId="1" fbTx="101.5751603" lbTx="101.5751659" tId="2" fbRx="101.5751724" lbRx="0" />
<p fId="1" fbTx="101.5751728" lbTx="101.5751784" tId="0" fbRx="101.575185" lbRx="0" />
<p fId="1" fbTx="101.5751728" lbTx="101.5751784" tId="2" fbRx="101.575185" lbRx="0" />
<p fId="1" fbTx="101.5751728" lbTx="101.5751784" tId="2" fbRx="101.575185" lbRx="0" />
<p fId="1" fbTx="101.5751864" lbTx="101.575192" tId="0" fbRx="101.5751986" lbRx="0" />
<p fId="1" fbTx="101.5751864" lbTx="101.575192" tId="2" fbRx="101.5751986" lbRx="0" />
<p fId="1" fbTx="101.5751864" lbTx="101.575192" tId="2" fbRx="101.5751986" lbRx="0" />
<p fId="1" fbTx="101.575199" lbTx="101.5752046" tId="0" fbRx="101.5752111" lbRx="0" />
<p fId="1" fbTx="101.575199" lbTx="101.5752046" tId="2" fbRx="101.5752111" lbRx="0" />
<p fId="1" fbTx="101.575199" lbTx="101.5752046" tId="2" fbRx="101.5752111" lbRx="0" />
<p fId="1" fbTx="101.5752125" lbTx="101.5752181" tId="0" fbRx="101.5752247" lbRx="0" />
<p fId="1" fbTx="101.5752125" lbTx="101.5752181" tId="2" fbRx="101.5752247" lbRx="0" />
<p fId="1" fbTx="101.5752125" lbTx="101.5752181" tId="2" fbRx="101.5752247" lbRx="0" />
<p fId="1" fbTx="101.5752341" lbTx="101.5752397" tId="0" fbRx="101.5752462" lbRx="0" />
<p fId="1" fbTx="101.5752341" lbTx="101.5752397" tId="2" fbRx="101.5752462" lbRx="0" />
<p fId="1" fbTx="101.5752341" lbTx="101.5752397" tId="2" fbRx="101.5752462" lbRx="0" />
<p fId="1" fbTx="101.5752526" lbTx="101.5752582" tId="0" fbRx="101.5752648" lbRx="0" />
<p fId="1" fbTx="101.5752526" lbTx="101.5752582" tId="2" fbRx="101.5752648" lbRx="0" />
<p fId="1" fbTx="101.5752526" lbTx="101.5752582" tId="2" fbRx="101.5752648" lbRx="0" />
<p fId="1" fbTx="101.5752782" lbTx="101.5752838" tId="0" fbRx="101.5752904" lbRx="0" />
<p fId="1" fbTx="101.5752782" lbTx="101.5752838" tId="2" fbRx="101.5752904" lbRx="0" />
<p fId="1" fbTx="101.5752782" lbTx="101.5752838" tId="2" fbRx="101.5752904" lbRx="0" />
<p fId="1" fbTx="101.5752918" lbTx="101.5752974" tId="0" fbRx="101.5753039" lbRx="0" />
<p fId="1" fbTx="101.5752918" lbTx="101.5752974" tId="2" fbRx="101.5753039" lbRx="0" />
<p fId="1" fbTx="101.5752918" lbTx="101.5752974" tId="2" fbRx="101.5753039" lbRx="0" />
<p fId="2" fbTx="101.5755882" lbTx="101.5756366" tId="0" fbRx="101.5756432" lbRx="0" />
<p fId="2" fbTx="101.5755882" lbTx="101.5756366" tId="1" fbRx="101.5756432" lbRx="0" />
<p fId="2" fbTx="101.5755882" lbTx="101.5756366" tId="1" fbRx="101.5756432" lbRx="0" />
<p fId="1" fbTx="101.5756442" lbTx="101.5756498" tId="0" fbRx="101.5756564" lbRx="0" />
<p fId="1" fbTx="101.5756442" lbTx="101.5756498" tId="2" fbRx="101.5756564" lbRx="0" />
<p fId="1" fbTx="101.5756442" lbTx="101.5756498" tId="2" fbRx="101.5756564" lbRx="0" />
<p fId="2" fbTx="101.5756596" lbTx="101.5757081" tId="0" fbRx="101.5757146" lbRx="0" />
<p fId="2" fbTx="101.5756596" lbTx="101.5757081" tId="1" fbRx="101.5757146" lbRx="0" />
<p fId="2" fbTx="101.5756596" lbTx="101.5757081" tId="1" fbRx="101.5757146" lbRx="0" />
<p fId="2" fbTx="101.575725" lbTx="101.5757735" tId="0" fbRx="101.5757801" lbRx="0" />
<p fId="2" fbTx="101.575725" lbTx="101.5757735" tId="1" fbRx="101.5757801" lbRx="0" />
<p fId="2" fbTx="101.575725" lbTx="101.5757735" tId="1" fbRx="101.5757801" lbRx="0" />
<p fId="1" fbTx="101.5757811" lbTx="101.5757867" tId="0" fbRx="101.5757932" lbRx="0" />
<p fId="1" fbTx="101.5757811" lbTx="101.5757867" tId="2" fbRx="101.5757932" lbRx="0" />
<p fId="1" fbTx="101.5757811" lbTx="101.5757867" tId="2" fbRx="101.5757932" lbRx="0" />
<p fId="2" fbTx="101.5758065" lbTx="101.575855" tId="0" fbRx="101.5758615" lbRx="0" />
<p fId="2" fbTx="101.5758065" lbTx="101.575855" tId="1" fbRx="101.5758615" lbRx="0" />
<p fId="2" fbTx="101.5758065" lbTx="101.575855" tId="1" fbRx="101.5758615" lbRx="0" />
<p fId="2" fbTx="101.5758639" lbTx="101.5759124" tId="0" fbRx="101.575919" lbRx="0" />
<p fId="2" fbTx="101.5758639" lbTx="101.5759124" tId="1" fbRx="101.575919" lbRx="0" />
<p fId="2" fbTx="101.5758639" lbTx="101.5759124" tId="1" fbRx="101.575919" lbRx="0" />
<p fId="1" fbTx="101.57592" lbTx="101.5759256" tId="0" fbRx="101.5759321" lbRx="0" />
<p fId="1" fbTx="101.57592" lbTx="101.5759256" tId="2" fbRx="101.5759321" lbRx="0" />
<p fId="1" fbTx="101.57592" lbTx="101.5759256" tId="2" fbRx="101.5759321" lbRx="0" />
<p fId="2" fbTx="101.5759364" lbTx="101.5759848" tId="0" fbRx="101.5759914" lbRx="0" />
<p fId="2" fbTx="101.5759364" lbTx="101.5759848" tId="1" fbRx="101.5759914" lbRx="0" />
<p fId="2" fbTx="101.5759364" lbTx="101.5759848" tId="1" fbRx="101.5759914" lbRx="0" />
<p fId="2" fbTx="101.5759948" lbTx="101.5760433" tId="0" fbRx="101.5760498" lbRx="0" />
<p fId="2" fbTx="101.5759948" lbTx="101.5760433" tId="1" fbRx="101.5760498" lbRx="0" />
<p fId="2" fbTx="101.5759948" lbTx="101.5760433" tId="1" fbRx="101.5760498" lbRx="0" />
<p fId="1" fbTx="101.5760508" lbTx="101.5760564" tId="0" fbRx="101.576063" lbRx="0" />
<p fId="1" fbTx="101.5760508" lbTx="101.5760564" tId="2" fbRx="101.576063" lbRx="0" />
<p fId="1" fbTx="101.5760508" lbTx="101.5760564" tId="2" fbRx="101.576063" lbRx="0" />
<p fId="2" fbTx="101.5760882" lbTx="101.5761367" tId="0" fbRx="101.5761433" lbRx="0" />
<p fId="2" fbTx="101.5760882" lbTx="101.5761367" tId="1" fbRx="101.5761433" lbRx="0" />
<p fId="2" fbTx="101.5760882" lbTx="101.5761367" tId="1" fbRx="101.5761433" lbRx="0" />
<p fId="2" fbTx="101.5761497" lbTx="101.5761982" tId="0" fbRx="101.5762047" lbRx="0" />
<p fId="2" fbTx="101.5761497" lbTx="101.5761982" tId="1" fbRx="101.5762047" lbRx="0" />
<p fId="2" fbTx="101.5761497" lbTx="101.5761982" tId="1" fbRx="101.5762047" lbRx="0" />
<p fId="1" fbTx="101.5762057" lbTx="101.5762113" tId="0" fbRx="101.5762179" lbRx="0" />
<p fId="1" fbTx="101.5762057" lbTx="101.5762113" tId="2" fbRx="101.5762179" lbRx="0" />
<p fId="1" fbTx="101.5762057" lbTx="101.5762113" tId="2" fbRx="101.5762179" lbRx="0" />
<p fId="2" fbTx="101.5762701" lbTx="101.5763186" tId="0" fbRx="101.5763252" lbRx="0" />
<p fId="2" fbTx="101.5762701" lbTx="101.5763186" tId="1" fbRx="101.5763252" lbRx="0" />
<p fId="2" fbTx="101.5762701" lbTx="101.5763186" tId="1" fbRx="101.5763252" lbRx="0" />
<p fId="2" fbTx="101.5763276" lbTx="101.576376" tId="0" fbRx="101.5763826" lbRx="0" />
<p fId="2" fbTx="101.5763276" lbTx="101.576376" tId="1" fbRx="101.5763826" lbRx="0" />
<p fId="2" fbTx="101.5763276" lbTx="101.576376" tId="1" fbRx="101.5763826" lbRx="0" />
<p fId="2" fbTx="101.576383" lbTx="101.5764315" tId="0" fbRx="101.576438" lbRx="0" />
<p fId="2" fbTx="101.576383" lbTx="101.5764315" tId="1" fbRx="101.576438" lbRx="0" />
<p fId="2" fbTx="101.576383" lbTx="101.5764315" tId="1" fbRx="101.576438" lbRx="0" />
<p fId="2" fbTx="101.5764394" lbTx="101.5764879" tId="0" fbRx="101.5764945" lbRx="0" />
<p fId="2" fbTx="101.5764394" lbTx="101.5764879" tId="1" fbRx="101.5764945" lbRx="0" />
<p fId="2" fbTx="101.5764394" lbTx="101.5764879" tId="1" fbRx="101.5764945" lbRx="0" />
<p fId="2" fbTx="101.5764949" lbTx="101.5765434" tId="0" fbRx="101.5765499" lbRx="0" />
<p fId="2" fbTx="101.5764949" lbTx="101.5765434" tId="1" fbRx="101.5765499" lbRx="0" />
<p fId="2" fbTx="101.5764949" lbTx="101.5765434" tId="1" fbRx="101.5765499" lbRx="0" />
<p fId="2" fbTx="101.5765593" lbTx="101.5766078" tId="0" fbRx="101.5766144" lbRx="0" />
<p fId="2" fbTx="101.5765593" lbTx="101.5766078" tId="1" fbRx="101.5766144" lbRx="0" />
<p fId="2" fbTx="101.5765593" lbTx="101.5766078" tId="1" fbRx="101.5766144" lbRx="0" />
<p fId="1" fbTx="101.5766146" lbTx="101.5766202" tId="0" fbRx="101.5766268" lbRx="0" />
<p fId="1" fbTx="101.5766146" lbTx="101.5766202" tId="2" fbRx="101.5766268" lbRx="0" />
<p fId="1" fbTx="101.5766146" lbTx="101.5766202" tId="2" fbRx="101.5766268" lbRx="0" />
<p fId="1" fbTx="101.5766322" lbTx="101.5766378" tId="0" fbRx="101.5766443" lbRx="0" />
<p fId="1" fbTx="101.5766322" lbTx="101.5766378" tId="2" fbRx="101.5766443" lbRx="0" />
<p fId="1" fbTx="101.5766322" lbTx="101.5766378" tId="2" fbRx="101.5766443" lbRx="0" />
<p fId="2" fbTx="101.5766528" lbTx="101.5767012" tId="0" fbRx="101.5767078" lbRx="0" />
<p fId="2" fbTx="101.5766528" lbTx="101.5767012" tId="1" fbRx="101.5767078" lbRx="0" />
<p fId="2" fbTx="101.5766528" lbTx="101.5767012" tId="1" fbRx="101.5767078" lbRx="0" />
<p fId="2" fbTx="101.5767112" lbTx="101.5767597" tId="0" fbRx="101.5767662" lbRx="0" />
<p fId="2" fbTx="101.5767112" lbTx="101.5767597" tId="1" fbRx="101.5767662" lbRx="0" />
<p fId="2" fbTx="101.5767112" lbTx="101.5767597" tId="1" fbRx="101.5767662" lbRx="0" />
<p fId="2" fbTx="101.5767666" lbTx="101.5768151" tId="0" fbRx="101.5768217" lbRx="0" />
<p fId="2" fbTx="101.5767666" lbTx="101.5768151" tId="1" fbRx="101.5768217" lbRx="0" />
<p fId="2" fbTx="101.5767666" lbTx="101.5768151" tId="1" fbRx="101.5768217" lbRx="0" />
<p fId="2" fbTx="101.5768321" lbTx="101.5768806" tId="0" fbRx="101.5768871" lbRx="0" />
<p fId="2" fbTx="101.5768321" lbTx="101.5768806" tId="1" fbRx="101.5768871" lbRx="0" />
<p fId="2" fbTx="101.5768321" lbTx="101.5768806" tId="1" fbRx="101.5768871" lbRx="0" />
<p fId="2" fbTx="101.5769075" lbTx="101.576956" tId="0" fbRx="101.5769626" lbRx="0" />
<p fId="2" fbTx="101.5769075" lbTx="101.576956" tId="1" fbRx="101.5769626" lbRx="0" />
<p fId="2" fbTx="101.5769075" lbTx="101.576956" tId="1" fbRx="101.5769626" lbRx="0" />
<p fId="2" fbTx="101.576964" lbTx="101.5770124" tId="0" fbRx="101.577019" lbRx="0" />
<p fId="2" fbTx="101.576964" lbTx="101.5770124" tId="1" fbRx="101.577019" lbRx="0" />
<p fId="2" fbTx="101.576964" lbTx="101.5770124" tId="1" fbRx="101.577019" lbRx="0" />
<p fId="2" fbTx="101.5770224" lbTx="101.5770709" tId="0" fbRx="101.5770774" lbRx="0" />
<p fId="2" fbTx="101.5770224" lbTx="101.5770709" tId="1" fbRx="101.5770774" lbRx="0" />
<p fId="2" fbTx="101.5770224" lbTx="101.5770709" tId="1" fbRx="101.5770774" lbRx="0" />
<p fId="2" fbTx="101.5770788" lbTx="101.5771273" tId="0" fbRx="101.5771339" lbRx="0" />
<p fId="2" fbTx="101.5770788" lbTx="101.5771273" tId="1" fbRx="101.5771339" lbRx="0" />
<p fId="2" fbTx="101.5770788" lbTx="101.5771273" tId="1" fbRx="101.5771339" lbRx="0" />
<p fId="2" fbTx="101.5771343" lbTx="101.5771828" tId="0" fbRx="101.5771893" lbRx="0" />
<p fId="2" fbTx="101.5771343" lbTx="101.5771828" tId="1" fbRx="101.5771893" lbRx="0" />
<p fId="2" fbTx="101.5771343" lbTx="101.5771828" tId="1" fbRx="101.5771893" lbRx="0" />
<p fId="2" fbTx="101.5771917" lbTx="101.5772402" tId="0" fbRx="101.5772468" lbRx="0" />
<p fId="2" fbTx="101.5771917" lbTx="101.5772402" tId="1" fbRx="101.5772468" lbRx="0" />
<p fId="2" fbTx="101.5771917" lbTx="101.5772402" tId="1" fbRx="101.5772468" lbRx="0" />
<p fId="2" fbTx="101.5772492" lbTx="101.5772976" tId="0" fbRx="101.5773042" lbRx="0" />
<p fId="2" fbTx="101.5772492" lbTx="101.5772976" tId="1" fbRx="101.5773042" lbRx="0" />
<p fId="2" fbTx="101.5772492" lbTx="101.5772976" tId="1" fbRx="101.5773042" lbRx="0" />
<p fId="2" fbTx="101.5773046" lbTx="101.5773531" tId="0" fbRx="101.5773596" lbRx="0" />
<p fId="2" fbTx="101.5773046" lbTx="101.5773531" tId="1" fbRx="101.5773596" lbRx="0" />
<p fId="2" fbTx="101.5773046" lbTx="101.5773531" tId="1" fbRx="101.5773596" lbRx="0" />
<p fId="2" fbTx="101.577361" lbTx="101.5774095" tId="0" fbRx="101.5774161" lbRx="0" />
<p fId="2" fbTx="101.577361" lbTx="101.5774095" tId="1" fbRx="101.5774161" lbRx="0" />
<p fId="2" fbTx="101.577361" lbTx="101.5774095" tId="1" fbRx="101.5774161" lbRx="0" />
<p fId="2" fbTx="101.5774175" lbTx="101.577466" tId="0" fbRx="101.5774725" lbRx="0" />
<p fId="2" fbTx="101.5774175" lbTx="101.577466" tId="1" fbRx="101.5774725" lbRx="0" />
<p fId="2" fbTx="101.5774175" lbTx="101.577466" tId="1" fbRx="101.5774725" lbRx="0" />
<p fId="2" fbTx="101.5774729" lbTx="101.5775214" tId="0" fbRx="101.577528" lbRx="0" />
<p fId="2" fbTx="101.5774729" lbTx="101.5775214" tId="1" fbRx="101.577528" lbRx="0" />
<p fId="2" fbTx="101.5774729" lbTx="101.5775214" tId="1" fbRx="101.577528" lbRx="0" />
<p fId="2" fbTx="101.5775284" lbTx="101.5775768" tId="0" fbRx="101.5775834" lbRx="0" />
<p fId="2" fbTx="101.5775284" lbTx="101.5775768" tId="1" fbRx="101.5775834" lbRx="0" />
<p fId="2" fbTx="101.5775284" lbTx="101.5775768" tId="1" fbRx="101.5775834" lbRx="0" />
<p fId="2" fbTx="101.5775958" lbTx="101.5776443" tId="0" fbRx="101.5776508" lbRx="0" />
<p fId="2" fbTx="101.5775958" lbTx="101.5776443" tId="1" fbRx="101.5776508" lbRx="0" />
<p fId="2" fbTx="101.5775958" lbTx="101.5776443" tId="1" fbRx="101.5776508" lbRx="0" />
<p fId="2" fbTx="101.5776552" lbTx="101.5777037" tId="0" fbRx="101.5777103" lbRx="0" />
<p fId="2" fbTx="101.5776552" lbTx="101.5777037" tId="1" fbRx="101.5777103" lbRx="0" />
<p fId="2" fbTx="101.5776552" lbTx="101.5777037" tId="1" fbRx="101.5777103" lbRx="0" />
<p fId="2" fbTx="101.5777107" lbTx="101.5777442" tId="0" fbRx="101.5777508" lbRx="0" />
<p fId="2" fbTx="101.5777107" lbTx="101.5777442" tId="1" fbRx="101.5777508" lbRx="0" />
<p fId="2" fbTx="101.5777107" lbTx="101.5777442" tId="1" fbRx="101.5777508" lbRx="0" />
<p fId="1" fbTx="101.5778337" lbTx="101.5778393" tId="0" fbRx="101.5778459" lbRx="0" />
<p fId="1" fbTx="101.5778337" lbTx="101.5778393" tId="2" fbRx="101.5778459" lbRx="0" />
<p fId="1" fbTx="101.5778337" lbTx="101.5778393" tId="2" fbRx="101.5778459" lbRx="0" />
<p fId="1" fbTx="101.5778533" lbTx="101.5778589" tId="0" fbRx="101.5778654" lbRx="0" />
<p fId="1" fbTx="101.5778533" lbTx="101.5778589" tId="2" fbRx="101.5778654" lbRx="0" />
<p fId="1" fbTx="101.5778533" lbTx="101.5778589" tId="2" fbRx="101.5778654" lbRx="0" />
<p fId="1" fbTx="101.5778678" lbTx="101.5778734" tId="0" fbRx="101.57788" lbRx="0" />
<p fId="1" fbTx="101.5778678" lbTx="101.5778734" tId="2" fbRx="101.57788" lbRx="0" />
<p fId="1" fbTx="101.5778678" lbTx="101.5778734" tId="2" fbRx="101.57788" lbRx="0" />
<p fId="1" fbTx="101.5778914" lbTx="101.577897" tId="0" fbRx="101.5779036" lbRx="0" />
<p fId="1" fbTx="101.5778914" lbTx="101.577897" tId="2" fbRx="101.5779036" lbRx="0" />
<p fId="1" fbTx="101.5778914" lbTx="101.577897" tId="2" fbRx="101.5779036" lbRx="0" />
<p fId="1" fbTx="101.577907" lbTx="101.5779126" tId="0" fbRx="101.5779191" lbRx="0" />
<p fId="1" fbTx="101.577907" lbTx="101.5779126" tId="2" fbRx="101.5779191" lbRx="0" />
<p fId="1" fbTx="101.577907" lbTx="101.5779126" tId="2" fbRx="101.5779191" lbRx="0" />
<p fId="1" fbTx="101.5779225" lbTx="101.5779281" tId="0" fbRx="101.5779347" lbRx="0" />
<p fId="1" fbTx="101.5779225" lbTx="101.5779281" tId="2" fbRx="101.5779347" lbRx="0" />
<p fId="1" fbTx="101.5779225" lbTx="101.5779281" tId="2" fbRx="101.5779347" lbRx="0" />
<p fId="1" fbTx="101.5779371" lbTx="101.5779427" tId="0" fbRx="101.5779492" lbRx="0" />
<p fId="1" fbTx="101.5779371" lbTx="101.5779427" tId="2" fbRx="101.5779492" lbRx="0" />
<p fId="1" fbTx="101.5779371" lbTx="101.5779427" tId="2" fbRx="101.5779492" lbRx="0" />
<p fId="1" fbTx="101.5779526" lbTx="101.5779582" tId="0" fbRx="101.5779648" lbRx="0" />
<p fId="1" fbTx="101.5779526" lbTx="101.5779582" tId="2" fbRx="101.5779648" lbRx="0" />
<p fId="1" fbTx="101.5779526" lbTx="101.5779582" tId="2" fbRx="101.5779648" lbRx="0" />
<p fId="1" fbTx="101.5779772" lbTx="101.5779828" tId="0" fbRx="101.5779894" lbRx="0" />
<p fId="1" fbTx="101.5779772" lbTx="101.5779828" tId="2" fbRx="101.5779894" lbRx="0" />
<p fId="1" fbTx="101.5779772" lbTx="101.5779828" tId="2" fbRx="101.5779894" lbRx="0" />
<p fId="1" fbTx="101.5779968" lbTx="101.5780024" tId="0" fbRx="101.5780089" lbRx="0" />
<p fId="1" fbTx="101.5779968" lbTx="101.5780024" tId="2" fbRx="101.5780089" lbRx="0" />
<p fId="1" fbTx="101.5779968" lbTx="101.5780024" tId="2" fbRx="101.5780089" lbRx="0" />
<p fId="1" fbTx="101.6033127" lbTx="101.6033463" tId="0" fbRx="101.6033528" lbRx="0" />
<p fId="1" fbTx="101.6033127" lbTx="101.6033463" tId="2" fbRx="101.6033528" lbRx="0" />
<p fId="1" fbTx="101.6033127" lbTx="101.6033463" tId="2" fbRx="101.6033528" lbRx="0" />
<p fId="2" fbTx="101.6033528" lbTx="101.6034013" tId="0" fbRx="101.6034079" lbRx="0" />
<p fId="2" fbTx="101.6033528" lbTx="101.6034013" tId="1" fbRx="101.6034079" lbRx="0" />
<p fId="2" fbTx="101.6033528" lbTx="101.6034013" tId="1" fbRx="101.6034079" lbRx="0" />
<p fId="2" fbTx="101.6034083" lbTx="101.6034568" tId="0" fbRx="101.6034633" lbRx="0" />
<p fId="2" fbTx="101.6034083" lbTx="101.6034568" tId="1" fbRx="101.6034633" lbRx="0" />
<p fId="2" fbTx="101.6034083" lbTx="101.6034568" tId="1" fbRx="101.6034633" lbRx="0" />
<p fId="1" fbTx="101.6034643" lbTx="101.6034699" tId="0" fbRx="101.6034765" lbRx="0" />
<p fId="1" fbTx="101.6034643" lbTx="101.6034699" tId="2" fbRx="101.6034765" lbRx="0" />
<p fId="1" fbTx="101.6034643" lbTx="101.6034699" tId="2" fbRx="101.6034765" lbRx="0" />
<p fId="2" fbTx="101.6034827" lbTx="101.6035312" tId="0" fbRx="101.6035378" lbRx="0" />
<p fId="2" fbTx="101.6034827" lbTx="101.6035312" tId="1" fbRx="101.6035378" lbRx="0" />
<p fId="2" fbTx="101.6034827" lbTx="101.6035312" tId="1" fbRx="101.6035378" lbRx="0" />
<p fId="2" fbTx="101.6035402" lbTx="101.6035593" tId="0" fbRx="101.6035658" lbRx="0" />
<p fId="2" fbTx="101.6035402" lbTx="101.6035593" tId="1" fbRx="101.6035658" lbRx="0" />
<p fId="2" fbTx="101.6035402" lbTx="101.6035593" tId="1" fbRx="101.6035658" lbRx="0" />
<p fId="1" fbTx="101.6035668" lbTx="101.6035724" tId="0" fbRx="101.603579" lbRx="0" />
<p fId="1" fbTx="101.6035668" lbTx="101.6035724" tId="2" fbRx="101.603579" lbRx="0" />
<p fId="1" fbTx="101.6035668" lbTx="101.6035724" tId="2" fbRx="101.603579" lbRx="0" />
<p fId="1" fbTx="101.6035824" lbTx="101.603616" tId="0" fbRx="101.6036226" lbRx="0" />
<p fId="1" fbTx="101.6035824" lbTx="101.603616" tId="2" fbRx="101.6036226" lbRx="0" />
<p fId="1" fbTx="101.6035824" lbTx="101.603616" tId="2" fbRx="101.6036226" lbRx="0" />
<p fId="2" fbTx="101.6036226" lbTx="101.603671" tId="0" fbRx="101.6036776" lbRx="0" />
<p fId="2" fbTx="101.6036226" lbTx="101.603671" tId="1" fbRx="101.6036776" lbRx="0" />
<p fId="2" fbTx="101.6036226" lbTx="101.603671" tId="1" fbRx="101.6036776" lbRx="0" />
<p fId="2" fbTx="101.60369" lbTx="101.6037385" tId="0" fbRx="101.603745" lbRx="0" />
<p fId="2" fbTx="101.60369" lbTx="101.6037385" tId="1" fbRx="101.603745" lbRx="0" />
<p fId="2" fbTx="101.60369" lbTx="101.6037385" tId="1" fbRx="101.603745" lbRx="0" />
<p fId="1" fbTx="101.603746" lbTx="101.6037516" tId="0" fbRx="101.6037582" lbRx="0" />
<p fId="1" fbTx="101.603746" lbTx="101.6037516" tId="2" fbRx="101.6037582" lbRx="0" />
<p fId="1" fbTx="101.603746" lbTx="101.6037516" tId="2" fbRx="101.6037582" lbRx="0" />
<p fId="2" fbTx="101.6037594" lbTx="101.6038079" tId="0" fbRx="101.6038145" lbRx="0" />
<p fId="2" fbTx="101.6037594" lbTx="101.6038079" tId="1" fbRx="101.6038145" lbRx="0" />
<p fId="2" fbTx="101.6037594" lbTx="101.6038079" tId="1" fbRx="101.6038145" lbRx="0" />
<p fId="2" fbTx="101.6038209" lbTx="101.6038694" tId="0" fbRx="101.6038759" lbRx="0" />
<p fId="2" fbTx="101.6038209" lbTx="101.6038694" tId="1" fbRx="101.6038759" lbRx="0" />
<p fId="2" fbTx="101.6038209" lbTx="101.6038694" tId="1" fbRx="101.6038759" lbRx="0" />
<p fId="1" fbTx="101.6038769" lbTx="101.6038825" tId="0" fbRx="101.6038891" lbRx="0" />
<p fId="1" fbTx="101.6038769" lbTx="101.6038825" tId="2" fbRx="101.6038891" lbRx="0" />
<p fId="1" fbTx="101.6038769" lbTx="101.6038825" tId="2" fbRx="101.6038891" lbRx="0" />
<p fId="2" fbTx="101.6038903" lbTx="101.6039388" tId="0" fbRx="101.6039454" lbRx="0" />
<p fId="2" fbTx="101.6038903" lbTx="101.6039388" tId="1" fbRx="101.6039454" lbRx="0" />
<p fId="2" fbTx="101.6038903" lbTx="101.6039388" tId="1" fbRx="101.6039454" lbRx="0" />
<p fId="2" fbTx="101.6039588" lbTx="101.6040072" tId="0" fbRx="101.6040138" lbRx="0" />
<p fId="2" fbTx="101.6039588" lbTx="101.6040072" tId="1" fbRx="101.6040138" lbRx="0" />
<p fId="2" fbTx="101.6039588" lbTx="101.6040072" tId="1" fbRx="101.6040138" lbRx="0" />
<p fId="1" fbTx="101.6040148" lbTx="101.6040204" tId="0" fbRx="101.604027" lbRx="0" />
<p fId="1" fbTx="101.6040148" lbTx="101.6040204" tId="2" fbRx="101.604027" lbRx="0" />
<p fId="1" fbTx="101.6040148" lbTx="101.6040204" tId="2" fbRx="101.604027" lbRx="0" />
<p fId="2" fbTx="101.6040272" lbTx="101.6040757" tId="0" fbRx="101.6040822" lbRx="0" />
<p fId="2" fbTx="101.6040272" lbTx="101.6040757" tId="1" fbRx="101.6040822" lbRx="0" />
<p fId="2" fbTx="101.6040272" lbTx="101.6040757" tId="1" fbRx="101.6040822" lbRx="0" />
<p fId="2" fbTx="101.6040836" lbTx="101.6041321" tId="0" fbRx="101.6041387" lbRx="0" />
<p fId="2" fbTx="101.6040836" lbTx="101.6041321" tId="1" fbRx="101.6041387" lbRx="0" />
<p fId="2" fbTx="101.6040836" lbTx="101.6041321" tId="1" fbRx="101.6041387" lbRx="0" />
<p fId="1" fbTx="101.6041397" lbTx="101.6041453" tId="0" fbRx="101.6041518" lbRx="0" />
<p fId="1" fbTx="101.6041397" lbTx="101.6041453" tId="2" fbRx="101.6041518" lbRx="0" />
<p fId="1" fbTx="101.6041397" lbTx="101.6041453" tId="2" fbRx="101.6041518" lbRx="0" />
<p fId="2" fbTx="101.6041731" lbTx="101.6042216" tId="0" fbRx="101.6042281" lbRx="0" />
<p fId="2" fbTx="101.6041731" lbTx="101.6042216" tId="1" fbRx="101.6042281" lbRx="0" />
<p fId="2" fbTx="101.6041731" lbTx="101.6042216" tId="1" fbRx="101.6042281" lbRx="0" />
<p fId="2" fbTx="101.6042295" lbTx="101.604278" tId="0" fbRx="101.6042846" lbRx="0" />
<p fId="2" fbTx="101.6042295" lbTx="101.604278" tId="1" fbRx="101.6042846" lbRx="0" />
<p fId="2" fbTx="101.6042295" lbTx="101.604278" tId="1" fbRx="101.6042846" lbRx="0" />
<p fId="1" fbTx="101.6042856" lbTx="101.6042912" tId="0" fbRx="101.6042977" lbRx="0" />
<p fId="1" fbTx="101.6042856" lbTx="101.6042912" tId="2" fbRx="101.6042977" lbRx="0" />
<p fId="1" fbTx="101.6042856" lbTx="101.6042912" tId="2" fbRx="101.6042977" lbRx="0" />
<p fId="2" fbTx="101.604313" lbTx="101.6043614" tId="0" fbRx="101.604368" lbRx="0" />
<p fId="2" fbTx="101.604313" lbTx="101.6043614" tId="1" fbRx="101.604368" lbRx="0" />
<p fId="2" fbTx="101.604313" lbTx="101.6043614" tId="1" fbRx="101.604368" lbRx="0" />
<p fId="2" fbTx="101.6043744" lbTx="101.6044229" tId="0" fbRx="101.6044294" lbRx="0" />
<p fId="2" fbTx="101.6043744" lbTx="101.6044229" tId="1" fbRx="101.6044294" lbRx="0" />
<p fId="2" fbTx="101.6043744" lbTx="101.6044229" tId="1" fbRx="101.6044294" lbRx="0" />
<p fId="1" fbTx="101.6044304" lbTx="101.604436" tId="0" fbRx="101.6044426" lbRx="0" />
<p fId="1" fbTx="101.6044304" lbTx="101.604436" tId="2" fbRx="101.6044426" lbRx="0" />
<p fId="1" fbTx="101.6044304" lbTx="101.604436" tId="2" fbRx="101.6044426" lbRx="0" />
<p fId="2" fbTx="101.6044458" lbTx="101.6044943" tId="0" fbRx="101.6045009" lbRx="0" />
<p fId="2" fbTx="101.6044458" lbTx="101.6044943" tId="1" fbRx="101.6045009" lbRx="0" />
<p fId="2" fbTx="101.6044458" lbTx="101.6044943" tId="1" fbRx="101.6045009" lbRx="0" />
<p fId="2" fbTx="101.6045073" lbTx="101.6045558" tId="0" fbRx="101.6045623" lbRx="0" />
<p fId="2" fbTx="101.6045073" lbTx="101.6045558" tId="1" fbRx="101.6045623" lbRx="0" />
<p fId="2" fbTx="101.6045073" lbTx="101.6045558" tId="1" fbRx="101.6045623" lbRx="0" />
<p fId="1" fbTx="101.6045633" lbTx="101.6045689" tId="0" fbRx="101.6045755" lbRx="0" />
<p fId="1" fbTx="101.6045633" lbTx="101.6045689" tId="2" fbRx="101.6045755" lbRx="0" />
<p fId="1" fbTx="101.6045633" lbTx="101.6045689" tId="2" fbRx="101.6045755" lbRx="0" />
<p fId="2" fbTx="101.6046137" lbTx="101.6046622" tId="0" fbRx="101.6046688" lbRx="0" />
<p fId="2" fbTx="101.6046137" lbTx="101.6046622" tId="1" fbRx="101.6046688" lbRx="0" />
<p fId="2" fbTx="101.6046137" lbTx="101.6046622" tId="1" fbRx="101.6046688" lbRx="0" />
<p fId="2" fbTx="101.6046692" lbTx="101.6047176" tId="0" fbRx="101.6047242" lbRx="0" />
<p fId="2" fbTx="101.6046692" lbTx="101.6047176" tId="1" fbRx="101.6047242" lbRx="0" />
<p fId="2" fbTx="101.6046692" lbTx="101.6047176" tId="1" fbRx="101.6047242" lbRx="0" />
<p fId="2" fbTx="101.6047246" lbTx="101.6047731" tId="0" fbRx="101.6047796" lbRx="0" />
<p fId="2" fbTx="101.6047246" lbTx="101.6047731" tId="1" fbRx="101.6047796" lbRx="0" />
<p fId="2" fbTx="101.6047246" lbTx="101.6047731" tId="1" fbRx="101.6047796" lbRx="0" />
<p fId="2" fbTx="101.60478" lbTx="101.6048285" tId="0" fbRx="101.6048351" lbRx="0" />
<p fId="2" fbTx="101.60478" lbTx="101.6048285" tId="1" fbRx="101.6048351" lbRx="0" />
<p fId="2" fbTx="101.60478" lbTx="101.6048285" tId="1" fbRx="101.6048351" lbRx="0" />
<p fId="2" fbTx="101.6048585" lbTx="101.604907" tId="0" fbRx="101.6049135" lbRx="0" />
<p fId="2" fbTx="101.6048585" lbTx="101.604907" tId="1" fbRx="101.6049135" lbRx="0" />
<p fId="2" fbTx="101.6048585" lbTx="101.604907" tId="1" fbRx="101.6049135" lbRx="0" />
<p fId="2" fbTx="101.6049199" lbTx="101.6049684" tId="0" fbRx="101.604975" lbRx="0" />
<p fId="2" fbTx="101.6049199" lbTx="101.6049684" tId="1" fbRx="101.604975" lbRx="0" />
<p fId="2" fbTx="101.6049199" lbTx="101.6049684" tId="1" fbRx="101.604975" lbRx="0" />
<p fId="2" fbTx="101.6049774" lbTx="101.6050258" tId="0" fbRx="101.6050324" lbRx="0" />
<p fId="2" fbTx="101.6049774" lbTx="101.6050258" tId="1" fbRx="101.6050324" lbRx="0" />
<p fId="2" fbTx="101.6049774" lbTx="101.6050258" tId="1" fbRx="101.6050324" lbRx="0" />
<p fId="2" fbTx="101.6050338" lbTx="101.6050823" tId="0" fbRx="101.6050888" lbRx="0" />
<p fId="2" fbTx="101.6050338" lbTx="101.6050823" tId="1" fbRx="101.6050888" lbRx="0" />
<p fId="2" fbTx="101.6050338" lbTx="101.6050823" tId="1" fbRx="101.6050888" lbRx="0" />
<p fId="2" fbTx="101.6050912" lbTx="101.6051388" tId="0" fbRx="101.6051453" lbRx="0" />
<p fId="2" fbTx="101.6050912" lbTx="101.6051388" tId="1" fbRx="101.6051453" lbRx="0" />
<p fId="2" fbTx="101.6050912" lbTx="101.6051388" tId="1" fbRx="101.6051453" lbRx="0" />
<p fId="1" fbTx="101.6051662" lbTx="101.6051718" tId="0" fbRx="101.6051784" lbRx="0" />
<p fId="1" fbTx="101.6051662" lbTx="101.6051718" tId="2" fbRx="101.6051784" lbRx="0" />
<p fId="1" fbTx="101.6051662" lbTx="101.6051718" tId="2" fbRx="101.6051784" lbRx="0" />
<p fId="1" fbTx="101.6051788" lbTx="101.6051844" tId="0" fbRx="101.6051909" lbRx="0" />
<p fId="1" fbTx="101.6051788" lbTx="101.6051844" tId="2" fbRx="101.6051909" lbRx="0" />
<p fId="1" fbTx="101.6051788" lbTx="101.6051844" tId="2" fbRx="101.6051909" lbRx="0" />
<p fId="1" fbTx="101.6051933" lbTx="101.6051989" tId="0" fbRx="101.6052055" lbRx="0" />
<p fId="1" fbTx="101.6051933" lbTx="101.6051989" tId="2" fbRx="101.6052055" lbRx="0" />
<p fId="1" fbTx="101.6051933" lbTx="101.6051989" tId="2" fbRx="101.6052055" lbRx="0" />
<p fId="1" fbTx="101.6052069" lbTx="101.6052125" tId="0" fbRx="101.605219" lbRx="0" />
<p fId="1" fbTx="101.6052069" lbTx="101.6052125" tId="2" fbRx="101.605219" lbRx="0" />
<p fId="1" fbTx="101.6052069" lbTx="101.6052125" tId="2" fbRx="101.605219" lbRx="0" />
<p fId="1" fbTx="101.6052204" lbTx="101.605254" tId="0" fbRx="101.6052606" lbRx="0" />
<p fId="1" fbTx="101.6052204" lbTx="101.605254" tId="2" fbRx="101.6052606" lbRx="0" />
<p fId="1" fbTx="101.6052204" lbTx="101.605254" tId="2" fbRx="101.6052606" lbRx="0" />
<p fId="2" fbTx="101.6052606" lbTx="101.6053091" tId="0" fbRx="101.6053156" lbRx="0" />
<p fId="2" fbTx="101.6052606" lbTx="101.6053091" tId="1" fbRx="101.6053156" lbRx="0" />
<p fId="2" fbTx="101.6052606" lbTx="101.6053091" tId="1" fbRx="101.6053156" lbRx="0" />
<p fId="2" fbTx="101.605323" lbTx="101.6053715" tId="0" fbRx="101.6053781" lbRx="0" />
<p fId="2" fbTx="101.605323" lbTx="101.6053715" tId="1" fbRx="101.6053781" lbRx="0" />
<p fId="2" fbTx="101.605323" lbTx="101.6053715" tId="1" fbRx="101.6053781" lbRx="0" />
<p fId="2" fbTx="101.6053785" lbTx="101.605427" tId="0" fbRx="101.6054335" lbRx="0" />
<p fId="2" fbTx="101.6053785" lbTx="101.605427" tId="1" fbRx="101.6054335" lbRx="0" />
<p fId="2" fbTx="101.6053785" lbTx="101.605427" tId="1" fbRx="101.6054335" lbRx="0" />
<p fId="2" fbTx="101.6054359" lbTx="101.6054844" tId="0" fbRx="101.605491" lbRx="0" />
<p fId="2" fbTx="101.6054359" lbTx="101.6054844" tId="1" fbRx="101.605491" lbRx="0" />
<p fId="2" fbTx="101.6054359" lbTx="101.6054844" tId="1" fbRx="101.605491" lbRx="0" />
<p fId="2" fbTx="101.6054944" lbTx="101.6055118" tId="0" fbRx="101.6055184" lbRx="0" />
<p fId="2" fbTx="101.6054944" lbTx="101.6055118" tId="1" fbRx="101.6055184" lbRx="0" />
<p fId="2" fbTx="101.6054944" lbTx="101.6055118" tId="1" fbRx="101.6055184" lbRx="0" />
<p fId="1" fbTx="101.6055301" lbTx="101.6055357" tId="0" fbRx="101.6055422" lbRx="0" />
<p fId="1" fbTx="101.6055301" lbTx="101.6055357" tId="2" fbRx="101.6055422" lbRx="0" />
<p fId="1" fbTx="101.6055301" lbTx="101.6055357" tId="2" fbRx="101.6055422" lbRx="0" />
<p fId="1" fbTx="101.6055446" lbTx="101.6055502" tId="0" fbRx="101.6055568" lbRx="0" />
<p fId="1" fbTx="101.6055446" lbTx="101.6055502" tId="2" fbRx="101.6055568" lbRx="0" />
<p fId="1" fbTx="101.6055446" lbTx="101.6055502" tId="2" fbRx="101.6055568" lbRx="0" />
<p fId="1" fbTx="101.6055592" lbTx="101.6055928" tId="0" fbRx="101.6055994" lbRx="0" />
<p fId="1" fbTx="101.6055592" lbTx="101.6055928" tId="2" fbRx="101.6055994" lbRx="0" />
<p fId="1" fbTx="101.6055592" lbTx="101.6055928" tId="2" fbRx="101.6055994" lbRx="0" />
<p fId="2" fbTx="101.6055994" lbTx="101.6056478" tId="0" fbRx="101.6056544" lbRx="0" />
<p fId="2" fbTx="101.6055994" lbTx="101.6056478" tId="1" fbRx="101.6056544" lbRx="0" />
<p fId="2" fbTx="101.6055994" lbTx="101.6056478" tId="1" fbRx="101.6056544" lbRx="0" />
<p fId="2" fbTx="101.6056558" lbTx="101.6057043" tId="0" fbRx="101.6057108" lbRx="0" />
<p fId="2" fbTx="101.6056558" lbTx="101.6057043" tId="1" fbRx="101.6057108" lbRx="0" />
<p fId="2" fbTx="101.6056558" lbTx="101.6057043" tId="1" fbRx="101.6057108" lbRx="0" />
<p fId="1" fbTx="101.6057118" lbTx="101.6057174" tId="0" fbRx="101.605724" lbRx="0" />
<p fId="1" fbTx="101.6057118" lbTx="101.6057174" tId="2" fbRx="101.605724" lbRx="0" />
<p fId="1" fbTx="101.6057118" lbTx="101.6057174" tId="2" fbRx="101.605724" lbRx="0" />
<p fId="2" fbTx="101.6057342" lbTx="101.6057827" tId="0" fbRx="101.6057893" lbRx="0" />
<p fId="2" fbTx="101.6057342" lbTx="101.6057827" tId="1" fbRx="101.6057893" lbRx="0" />
<p fId="2" fbTx="101.6057342" lbTx="101.6057827" tId="1" fbRx="101.6057893" lbRx="0" />
<p fId="2" fbTx="101.6057917" lbTx="101.6058402" tId="0" fbRx="101.6058467" lbRx="0" />
<p fId="2" fbTx="101.6057917" lbTx="101.6058402" tId="1" fbRx="101.6058467" lbRx="0" />
<p fId="2" fbTx="101.6057917" lbTx="101.6058402" tId="1" fbRx="101.6058467" lbRx="0" />
<p fId="1" fbTx="101.6058477" lbTx="101.6058533" tId="0" fbRx="101.6058599" lbRx="0" />
<p fId="1" fbTx="101.6058477" lbTx="101.6058533" tId="2" fbRx="101.6058599" lbRx="0" />
<p fId="1" fbTx="101.6058477" lbTx="101.6058533" tId="2" fbRx="101.6058599" lbRx="0" />
<p fId="2" fbTx="101.6058821" lbTx="101.6059306" tId="0" fbRx="101.6059372" lbRx="0" />
<p fId="2" fbTx="101.6058821" lbTx="101.6059306" tId="1" fbRx="101.6059372" lbRx="0" />
<p fId="2" fbTx="101.6058821" lbTx="101.6059306" tId="1" fbRx="101.6059372" lbRx="0" />
<p fId="2" fbTx="101.6059476" lbTx="101.605996" tId="0" fbRx="101.6060026" lbRx="0" />
<p fId="2" fbTx="101.6059476" lbTx="101.605996" tId="1" fbRx="101.6060026" lbRx="0" />
<p fId="2" fbTx="101.6059476" lbTx="101.605996" tId="1" fbRx="101.6060026" lbRx="0" />
<p fId="1" fbTx="101.6060036" lbTx="101.6060092" tId="0" fbRx="101.6060158" lbRx="0" />
<p fId="1" fbTx="101.6060036" lbTx="101.6060092" tId="2" fbRx="101.6060158" lbRx="0" />
<p fId="1" fbTx="101.6060036" lbTx="101.6060092" tId="2" fbRx="101.6060158" lbRx="0" />
<p fId="2" fbTx="101.606017" lbTx="101.6060655" tId="0" fbRx="101.606072" lbRx="0" />
<p fId="2" fbTx="101.606017" lbTx="101.6060655" tId="1" fbRx="101.606072" lbRx="0" />
<p fId="2" fbTx="101.606017" lbTx="101.6060655" tId="1" fbRx="101.606072" lbRx="0" />
<p fId="2" fbTx="101.6060834" lbTx="101.6061319" tId="0" fbRx="101.6061385" lbRx="0" />
<p fId="2" fbTx="101.6060834" lbTx="101.6061319" tId="1" fbRx="101.6061385" lbRx="0" />
<p fId="2" fbTx="101.6060834" lbTx="101.6061319" tId="1" fbRx="101.6061385" lbRx="0" />
<p fId="1" fbTx="101.6061395" lbTx="101.6061451" tId="0" fbRx="101.6061516" lbRx="0" />
<p fId="1" fbTx="101.6061395" lbTx="101.6061451" tId="2" fbRx="101.6061516" lbRx="0" />
<p fId="1" fbTx="101.6061395" lbTx="101.6061451" tId="2" fbRx="101.6061516" lbRx="0" />
<p fId="2" fbTx="101.6061549" lbTx="101.6062034" tId="0" fbRx="101.6062099" lbRx="0" />
<p fId="2" fbTx="101.6061549" lbTx="101.6062034" tId="1" fbRx="101.6062099" lbRx="0" />
<p fId="2" fbTx="101.6061549" lbTx="101.6062034" tId="1" fbRx="101.6062099" lbRx="0" />
<p fId="2" fbTx="101.6062133" lbTx="101.6062618" tId="0" fbRx="101.6062684" lbRx="0" />
<p fId="2" fbTx="101.6062133" lbTx="101.6062618" tId="1" fbRx="101.6062684" lbRx="0" />
<p fId="2" fbTx="101.6062133" lbTx="101.6062618" tId="1" fbRx="101.6062684" lbRx="0" />
<p fId="1" fbTx="101.6062694" lbTx="101.606275" tId="0" fbRx="101.6062815" lbRx="0" />
<p fId="1" fbTx="101.6062694" lbTx="101.606275" tId="2" fbRx="101.6062815" lbRx="0" />
<p fId="1" fbTx="101.6062694" lbTx="101.606275" tId="2" fbRx="101.6062815" lbRx="0" />
<p fId="2" fbTx="101.6062998" lbTx="101.6063482" tId="0" fbRx="101.6063548" lbRx="0" />
<p fId="2" fbTx="101.6062998" lbTx="101.6063482" tId="1" fbRx="101.6063548" lbRx="0" />
<p fId="2" fbTx="101.6062998" lbTx="101.6063482" tId="1" fbRx="101.6063548" lbRx="0" />
<p fId="2" fbTx="101.6063552" lbTx="101.6064037" tId="0" fbRx="101.6064102" lbRx="0" />
<p fId="2" fbTx="101.6063552" lbTx="101.6064037" tId="1" fbRx="101.6064102" lbRx="0" />
<p fId="2" fbTx="101.6063552" lbTx="101.6064037" tId="1" fbRx="101.6064102" lbRx="0" />
<p fId="1" fbTx="101.6064112" lbTx="101.6064168" tId="0" fbRx="101.6064234" lbRx="0" />
<p fId="1" fbTx="101.6064112" lbTx="101.6064168" tId="2" fbRx="101.6064234" lbRx="0" />
<p fId="1" fbTx="101.6064112" lbTx="101.6064168" tId="2" fbRx="101.6064234" lbRx="0" />
<p fId="2" fbTx="101.6064286" lbTx="101.6064771" tId="0" fbRx="101.6064837" lbRx="0" />
<p fId="2" fbTx="101.6064286" lbTx="101.6064771" tId="1" fbRx="101.6064837" lbRx="0" />
<p fId="2" fbTx="101.6064286" lbTx="101.6064771" tId="1" fbRx="101.6064837" lbRx="0" />
<p fId="2" fbTx="101.6064851" lbTx="101.6065336" tId="0" fbRx="101.6065401" lbRx="0" />
<p fId="2" fbTx="101.6064851" lbTx="101.6065336" tId="1" fbRx="101.6065401" lbRx="0" />
<p fId="2" fbTx="101.6064851" lbTx="101.6065336" tId="1" fbRx="101.6065401" lbRx="0" />
<p fId="1" fbTx="101.6065411" lbTx="101.6065467" tId="0" fbRx="101.6065533" lbRx="0" />
<p fId="1" fbTx="101.6065411" lbTx="101.6065467" tId="2" fbRx="101.6065533" lbRx="0" />
<p fId="1" fbTx="101.6065411" lbTx="101.6065467" tId="2" fbRx="101.6065533" lbRx="0" />
<p fId="2" fbTx="101.6065555" lbTx="101.606604" tId="0" fbRx="101.6066106" lbRx="0" />
<p fId="2" fbTx="101.6065555" lbTx="101.606604" tId="1" fbRx="101.6066106" lbRx="0" />
<p fId="2" fbTx="101.6065555" lbTx="101.606604" tId="1" fbRx="101.6066106" lbRx="0" />
<p fId="2" fbTx="101.606611" lbTx="101.6066594" tId="0" fbRx="101.606666" lbRx="0" />
<p fId="2" fbTx="101.606611" lbTx="101.6066594" tId="1" fbRx="101.606666" lbRx="0" />
<p fId="2" fbTx="101.606611" lbTx="101.6066594" tId="1" fbRx="101.606666" lbRx="0" />
<p fId="2" fbTx="101.6066664" lbTx="101.6067149" tId="0" fbRx="101.6067214" lbRx="0" />
<p fId="2" fbTx="101.6066664" lbTx="101.6067149" tId="1" fbRx="101.6067214" lbRx="0" />
<p fId="2" fbTx="101.6066664" lbTx="101.6067149" tId="1" fbRx="101.6067214" lbRx="0" />
<p fId="2" fbTx="101.6067328" lbTx="101.6067813" tId="0" fbRx="101.6067879" lbRx="0" />
<p fId="2" fbTx="101.6067328" lbTx="101.6067813" tId="1" fbRx="101.6067879" lbRx="0" />
<p fId="2" fbTx="101.6067328" lbTx="101.6067813" tId="1" fbRx="101.6067879" lbRx="0" />
<p fId="2" fbTx="101.6067893" lbTx="101.6068378" tId="0" fbRx="101.6068443" lbRx="0" />
<p fId="2" fbTx="101.6067893" lbTx="101.6068378" tId="1" fbRx="101.6068443" lbRx="0" />
<p fId="2" fbTx="101.6067893" lbTx="101.6068378" tId="1" fbRx="101.6068443" lbRx="0" />
<p fId="2" fbTx="101.6068477" lbTx="101.6068962" tId="0" fbRx="101.6069028" lbRx="0" />
<p fId="2" fbTx="101.6068477" lbTx="101.6068962" tId="1" fbRx="101.6069028" lbRx="0" />
<p fId="2" fbTx="101.6068477" lbTx="101.6068962" tId="1" fbRx="101.6069028" lbRx="0" />
<p fId="2" fbTx="101.6069052" lbTx="101.6069536" tId="0" fbRx="101.6069602" lbRx="0" />
<p fId="2" fbTx="101.6069052" lbTx="101.6069536" tId="1" fbRx="101.6069602" lbRx="0" />
<p fId="2" fbTx="101.6069052" lbTx="101.6069536" tId="1" fbRx="101.6069602" lbRx="0" />
<p fId="2" fbTx="101.6069626" lbTx="101.6070111" tId="0" fbRx="101.6070176" lbRx="0" />
<p fId="2" fbTx="101.6069626" lbTx="101.6070111" tId="1" fbRx="101.6070176" lbRx="0" />
<p fId="2" fbTx="101.6069626" lbTx="101.6070111" tId="1" fbRx="101.6070176" lbRx="0" />
<p fId="2" fbTx="101.60702" lbTx="101.6070685" tId="0" fbRx="101.6070751" lbRx="0" />
<p fId="2" fbTx="101.60702" lbTx="101.6070685" tId="1" fbRx="101.6070751" lbRx="0" />
<p fId="2" fbTx="101.60702" lbTx="101.6070685" tId="1" fbRx="101.6070751" lbRx="0" />
<p fId="2" fbTx="101.6070805" lbTx="101.607129" tId="0" fbRx="101.6071355" lbRx="0" />
<p fId="2" fbTx="101.6070805" lbTx="101.607129" tId="1" fbRx="101.6071355" lbRx="0" />
<p fId="2" fbTx="101.6070805" lbTx="101.607129" tId="1" fbRx="101.6071355" lbRx="0" />
<p fId="2" fbTx="101.6071389" lbTx="101.6071874" tId="0" fbRx="101.607194" lbRx="0" />
<p fId="2" fbTx="101.6071389" lbTx="101.6071874" tId="1" fbRx="101.607194" lbRx="0" />
<p fId="2" fbTx="101.6071389" lbTx="101.6071874" tId="1" fbRx="101.607194" lbRx="0" />
<p fId="2" fbTx="101.6071944" lbTx="101.6072428" tId="0" fbRx="101.6072494" lbRx="0" />
<p fId="2" fbTx="101.6071944" lbTx="101.6072428" tId="1" fbRx="101.6072494" lbRx="0" />
<p fId="2" fbTx="101.6071944" lbTx="101.6072428" tId="1" fbRx="101.6072494" lbRx="0" />
<p fId="2" fbTx="101.6072508" lbTx="101.6072993" tId="0" fbRx="101.6073058" lbRx="0" />
<p fId="2" fbTx="101.6072508" lbTx="101.6072993" tId="1" fbRx="101.6073058" lbRx="0" />
<p fId="2" fbTx="101.6072508" lbTx="101.6072993" tId="1" fbRx="101.6073058" lbRx="0" />
<p fId="2" fbTx="101.6073062" lbTx="101.6073547" tId="0" fbRx="101.6073613" lbRx="0" />
<p fId="2" fbTx="101.6073062" lbTx="101.6073547" tId="1" fbRx="101.6073613" lbRx="0" />
<p fId="2" fbTx="101.6073062" lbTx="101.6073547" tId="1" fbRx="101.6073613" lbRx="0" />
<p fId="2" fbTx="101.6073737" lbTx="101.6074222" tId="0" fbRx="101.6074287" lbRx="0" />
<p fId="2" fbTx="101.6073737" lbTx="101.6074222" tId="1" fbRx="101.6074287" lbRx="0" />
<p fId="2" fbTx="101.6073737" lbTx="101.6074222" tId="1" fbRx="101.6074287" lbRx="0" />
<p fId="2" fbTx="101.6074321" lbTx="101.6074806" tId="0" fbRx="101.6074872" lbRx="0" />
<p fId="2" fbTx="101.6074321" lbTx="101.6074806" tId="1" fbRx="101.6074872" lbRx="0" />
<p fId="2" fbTx="101.6074321" lbTx="101.6074806" tId="1" fbRx="101.6074872" lbRx="0" />
<p fId="2" fbTx="101.6074906" lbTx="101.607539" tId="0" fbRx="101.6075456" lbRx="0" />
<p fId="2" fbTx="101.6074906" lbTx="101.607539" tId="1" fbRx="101.6075456" lbRx="0" />
<p fId="2" fbTx="101.6074906" lbTx="101.607539" tId="1" fbRx="101.6075456" lbRx="0" />
<p fId="2" fbTx="101.607548" lbTx="101.6075965" tId="0" fbRx="101.607603" lbRx="0" />
<p fId="2" fbTx="101.607548" lbTx="101.6075965" tId="1" fbRx="101.607603" lbRx="0" />
<p fId="2" fbTx="101.607548" lbTx="101.6075965" tId="1" fbRx="101.607603" lbRx="0" />
<p fId="2" fbTx="101.6076064" lbTx="101.6076549" tId="0" fbRx="101.6076615" lbRx="0" />
<p fId="2" fbTx="101.6076064" lbTx="101.6076549" tId="1" fbRx="101.6076615" lbRx="0" />
<p fId="2" fbTx="101.6076064" lbTx="101.6076549" tId="1" fbRx="101.6076615" lbRx="0" />
<p fId="2" fbTx="101.6076619" lbTx="101.6077104" tId="0" fbRx="101.6077169" lbRx="0" />
<p fId="2" fbTx="101.6076619" lbTx="101.6077104" tId="1" fbRx="101.6077169" lbRx="0" />
<p fId="2" fbTx="101.6076619" lbTx="101.6077104" tId="1" fbRx="101.6077169" lbRx="0" />
<p fId="2" fbTx="101.6077173" lbTx="101.6077658" tId="0" fbRx="101.6077724" lbRx="0" />
<p fId="2" fbTx="101.6077173" lbTx="101.6077658" tId="1" fbRx="101.6077724" lbRx="0" />
<p fId="2" fbTx="101.6077173" lbTx="101.6077658" tId="1" fbRx="101.6077724" lbRx="0" />
<p fId="2" fbTx="101.6077728" lbTx="101.6078212" tId="0" fbRx="101.6078278" lbRx="0" />
<p fId="2" fbTx="101.6077728" lbTx="101.6078212" tId="1" fbRx="101.6078278" lbRx="0" />
<p fId="2" fbTx="101.6077728" lbTx="101.6078212" tId="1" fbRx="101.6078278" lbRx="0" />
<p fId="2" fbTx="101.6078322" lbTx="101.6078807" tId="0" fbRx="101.6078872" lbRx="0" />
<p fId="2" fbTx="101.6078322" lbTx="101.6078807" tId="1" fbRx="101.6078872" lbRx="0" />
<p fId="2" fbTx="101.6078322" lbTx="101.6078807" tId="1" fbRx="101.6078872" lbRx="0" />
<p fId="2" fbTx="101.6078896" lbTx="101.6079381" tId="0" fbRx="101.6079447" lbRx="0" />
<p fId="2" fbTx="101.6078896" lbTx="101.6079381" tId="1" fbRx="101.6079447" lbRx="0" />
<p fId="2" fbTx="101.6078896" lbTx="101.6079381" tId="1" fbRx="101.6079447" lbRx="0" />
<p fId="2" fbTx="101.6079471" lbTx="101.6079956" tId="0" fbRx="101.6080021" lbRx="0" />
<p fId="2" fbTx="101.6079471" lbTx="101.6079956" tId="1" fbRx="101.6080021" lbRx="0" />
<p fId="2" fbTx="101.6079471" lbTx="101.6079956" tId="1" fbRx="101.6080021" lbRx="0" />
<p fId="2" fbTx="101.6080135" lbTx="101.608062" tId="0" fbRx="101.6080686" lbRx="0" />
<p fId="2" fbTx="101.6080135" lbTx="101.608062" tId="1" fbRx="101.6080686" lbRx="0" />
<p fId="2" fbTx="101.6080135" lbTx="101.608062" tId="1" fbRx="101.6080686" lbRx="0" />
<p fId="2" fbTx="101.608074" lbTx="101.6081224" tId="0" fbRx="101.608129" lbRx="0" />
<p fId="2" fbTx="101.608074" lbTx="101.6081224" tId="1" fbRx="101.608129" lbRx="0" />
<p fId="2" fbTx="101.608074" lbTx="101.6081224" tId="1" fbRx="101.608129" lbRx="0" />
<p fId="2" fbTx="101.6081314" lbTx="101.6081799" tId="0" fbRx="101.6081864" lbRx="0" />
<p fId="2" fbTx="101.6081314" lbTx="101.6081799" tId="1" fbRx="101.6081864" lbRx="0" />
<p fId="2" fbTx="101.6081314" lbTx="101.6081799" tId="1" fbRx="101.6081864" lbRx="0" />
<p fId="2" fbTx="101.6081908" lbTx="101.6082393" tId="0" fbRx="101.6082459" lbRx="0" />
<p fId="2" fbTx="101.6081908" lbTx="101.6082393" tId="1" fbRx="101.6082459" lbRx="0" />
<p fId="2" fbTx="101.6081908" lbTx="101.6082393" tId="1" fbRx="101.6082459" lbRx="0" />
<p fId="2" fbTx="101.6082543" lbTx="101.6083028" tId="0" fbRx="101.6083093" lbRx="0" />
<p fId="2" fbTx="101.6082543" lbTx="101.6083028" tId="1" fbRx="101.6083093" lbRx="0" />
<p fId="2" fbTx="101.6082543" lbTx="101.6083028" tId="1" fbRx="101.6083093" lbRx="0" />
<p fId="2" fbTx="101.6083117" lbTx="101.6083602" tId="0" fbRx="101.6083668" lbRx="0" />
<p fId="2" fbTx="101.6083117" lbTx="101.6083602" tId="1" fbRx="101.6083668" lbRx="0" />
<p fId="2" fbTx="101.6083117" lbTx="101.6083602" tId="1" fbRx="101.6083668" lbRx="0" />
<p fId="2" fbTx="101.6083682" lbTx="101.6084166" tId="0" fbRx="101.6084232" lbRx="0" />
<p fId="2" fbTx="101.6083682" lbTx="101.6084166" tId="1" fbRx="101.6084232" lbRx="0" />
<p fId="2" fbTx="101.6083682" lbTx="101.6084166" tId="1" fbRx="101.6084232" lbRx="0" />
<p fId="2" fbTx="101.6084256" lbTx="101.6084741" tId="0" fbRx="101.6084806" lbRx="0" />
<p fId="2" fbTx="101.6084256" lbTx="101.6084741" tId="1" fbRx="101.6084806" lbRx="0" />
<p fId="2" fbTx="101.6084256" lbTx="101.6084741" tId="1" fbRx="101.6084806" lbRx="0" />
<p fId="2" fbTx="101.608489" lbTx="101.6085375" tId="0" fbRx="101.6085441" lbRx="0" />
<p fId="2" fbTx="101.608489" lbTx="101.6085375" tId="1" fbRx="101.6085441" lbRx="0" />
<p fId="2" fbTx="101.608489" lbTx="101.6085375" tId="1" fbRx="101.6085441" lbRx="0" />
<p fId="2" fbTx="101.6085455" lbTx="101.608594" tId="0" fbRx="101.6086005" lbRx="0" />
<p fId="2" fbTx="101.6085455" lbTx="101.608594" tId="1" fbRx="101.6086005" lbRx="0" />
<p fId="2" fbTx="101.6085455" lbTx="101.608594" tId="1" fbRx="101.6086005" lbRx="0" />
<p fId="2" fbTx="101.6086009" lbTx="101.6086494" tId="0" fbRx="101.608656" lbRx="0" />
<p fId="2" fbTx="101.6086009" lbTx="101.6086494" tId="1" fbRx="101.608656" lbRx="0" />
<p fId="2" fbTx="101.6086009" lbTx="101.6086494" tId="1" fbRx="101.608656" lbRx="0" />
<p fId="2" fbTx="101.6086584" lbTx="101.6087068" tId="0" fbRx="101.6087134" lbRx="0" />
<p fId="2" fbTx="101.6086584" lbTx="101.6087068" tId="1" fbRx="101.6087134" lbRx="0" />
<p fId="2" fbTx="101.6086584" lbTx="101.6087068" tId="1" fbRx="101.6087134" lbRx="0" />
<p fId="2" fbTx="101.6087138" lbTx="101.6087623" tId="0" fbRx="101.6087688" lbRx="0" />
<p fId="2" fbTx="101.6087138" lbTx="101.6087623" tId="1" fbRx="101.6087688" lbRx="0" />
<p fId="2" fbTx="101.6087138" lbTx="101.6087623" tId="1" fbRx="101.6087688" lbRx="0" />
<p fId="2" fbTx="101.6087722" lbTx="101.6088207" tId="0" fbRx="101.6088273" lbRx="0" />
<p fId="2" fbTx="101.6087722" lbTx="101.6088207" tId="1" fbRx="101.6088273" lbRx="0" />
<p fId="2" fbTx="101.6087722" lbTx="101.6088207" tId="1" fbRx="101.6088273" lbRx="0" />
<p fId="2" fbTx="101.6088357" lbTx="101.6088842" tId="0" fbRx="101.6088907" lbRx="0" />
<p fId="2" fbTx="101.6088357" lbTx="101.6088842" tId="1" fbRx="101.6088907" lbRx="0" />
<p fId="2" fbTx="101.6088357" lbTx="101.6088842" tId="1" fbRx="101.6088907" lbRx="0" />
<p fId="2" fbTx="101.6088931" lbTx="101.6089416" tId="0" fbRx="101.6089482" lbRx="0" />
<p fId="2" fbTx="101.6088931" lbTx="101.6089416" tId="1" fbRx="101.6089482" lbRx="0" />
<p fId="2" fbTx="101.6088931" lbTx="101.6089416" tId="1" fbRx="101.6089482" lbRx="0" />
<p fId="2" fbTx="101.6089496" lbTx="101.608998" tId="0" fbRx="101.6090046" lbRx="0" />
<p fId="2" fbTx="101.6089496" lbTx="101.608998" tId="1" fbRx="101.6090046" lbRx="0" />
<p fId="2" fbTx="101.6089496" lbTx="101.608998" tId="1" fbRx="101.6090046" lbRx="0" />
<p fId="2" fbTx="101.609006" lbTx="101.6090545" tId="0" fbRx="101.609061" lbRx="0" />
<p fId="2" fbTx="101.609006" lbTx="101.6090545" tId="1" fbRx="101.609061" lbRx="0" />
<p fId="2" fbTx="101.609006" lbTx="101.6090545" tId="1" fbRx="101.609061" lbRx="0" />
<p fId="2" fbTx="101.6090634" lbTx="101.6091119" tId="0" fbRx="101.6091185" lbRx="0" />
<p fId="2" fbTx="101.6090634" lbTx="101.6091119" tId="1" fbRx="101.6091185" lbRx="0" />
<p fId="2" fbTx="101.6090634" lbTx="101.6091119" tId="1" fbRx="101.6091185" lbRx="0" />
<p fId="2" fbTx="101.6091209" lbTx="101.6091694" tId="0" fbRx="101.6091759" lbRx="0" />
<p fId="2" fbTx="101.6091209" lbTx="101.6091694" tId="1" fbRx="101.6091759" lbRx="0" />
<p fId="2" fbTx="101.6091209" lbTx="101.6091694" tId="1" fbRx="101.6091759" lbRx="0" />
<p fId="2" fbTx="101.6091783" lbTx="101.6092268" tId="0" fbRx="101.6092334" lbRx="0" />
<p fId="2" fbTx="101.6091783" lbTx="101.6092268" tId="1" fbRx="101.6092334" lbRx="0" />
<p fId="2" fbTx="101.6091783" lbTx="101.6092268" tId="1" fbRx="101.6092334" lbRx="0" />
<p fId="2" fbTx="101.6092448" lbTx="101.6092932" tId="0" fbRx="101.6092998" lbRx="0" />
<p fId="2" fbTx="101.6092448" lbTx="101.6092932" tId="1" fbRx="101.6092998" lbRx="0" />
<p fId="2" fbTx="101.6092448" lbTx="101.6092932" tId="1" fbRx="101.6092998" lbRx="0" />
<p fId="2" fbTx="101.6093012" lbTx="101.6093497" tId="0" fbRx="101.6093562" lbRx="0" />
<p fId="2" fbTx="101.6093012" lbTx="101.6093497" tId="1" fbRx="101.6093562" lbRx="0" />
<p fId="2" fbTx="101.6093012" lbTx="101.6093497" tId="1" fbRx="101.6093562" lbRx="0" />
<p fId="2" fbTx="101.6093566" lbTx="101.6094051" tId="0" fbRx="101.6094117" lbRx="0" />
<p fId="2" fbTx="101.6093566" lbTx="101.6094051" tId="1" fbRx="101.6094117" lbRx="0" />
<p fId="2" fbTx="101.6093566" lbTx="101.6094051" tId="1" fbRx="101.6094117" lbRx="0" />
<p fId="2" fbTx="101.6094221" lbTx="101.6094706" tId="0" fbRx="101.6094771" lbRx="0" />
<p fId="2" fbTx="101.6094221" lbTx="101.6094706" tId="1" fbRx="101.6094771" lbRx="0" />
<p fId="2" fbTx="101.6094221" lbTx="101.6094706" tId="1" fbRx="101.6094771" lbRx="0" />
<p fId="2" fbTx="101.6094795" lbTx="101.609528" tId="0" fbRx="101.6095346" lbRx="0" />
<p fId="2" fbTx="101.6094795" lbTx="101.609528" tId="1" fbRx="101.6095346" lbRx="0" />
<p fId="2" fbTx="101.6094795" lbTx="101.609528" tId="1" fbRx="101.6095346" lbRx="0" />
<p fId="2" fbTx="101.609535" lbTx="101.6095834" tId="0" fbRx="101.60959" lbRx="0" />
<p fId="2" fbTx="101.609535" lbTx="101.6095834" tId="1" fbRx="101.60959" lbRx="0" />
<p fId="2" fbTx="101.609535" lbTx="101.6095834" tId="1" fbRx="101.60959" lbRx="0" />
<p fId="2" fbTx="101.6095954" lbTx="101.6096439" tId="0" fbRx="101.6096504" lbRx="0" />
<p fId="2" fbTx="101.6095954" lbTx="101.6096439" tId="1" fbRx="101.6096504" lbRx="0" />
<p fId="2" fbTx="101.6095954" lbTx="101.6096439" tId="1" fbRx="101.6096504" lbRx="0" />
<p fId="2" fbTx="101.6096538" lbTx="101.6097023" tId="0" fbRx="101.6097089" lbRx="0" />
<p fId="2" fbTx="101.6096538" lbTx="101.6097023" tId="1" fbRx="101.6097089" lbRx="0" />
<p fId="2" fbTx="101.6096538" lbTx="101.6097023" tId="1" fbRx="101.6097089" lbRx="0" />
<p fId="2" fbTx="101.6097103" lbTx="101.6097588" tId="0" fbRx="101.6097653" lbRx="0" />
<p fId="2" fbTx="101.6097103" lbTx="101.6097588" tId="1" fbRx="101.6097653" lbRx="0" />
<p fId="2" fbTx="101.6097103" lbTx="101.6097588" tId="1" fbRx="101.6097653" lbRx="0" />
<p fId="2" fbTx="101.6097747" lbTx="101.6098232" tId="0" fbRx="101.6098298" lbRx="0" />
<p fId="2" fbTx="101.6097747" lbTx="101.6098232" tId="1" fbRx="101.6098298" lbRx="0" />
<p fId="2" fbTx="101.6097747" lbTx="101.6098232" tId="1" fbRx="101.6098298" lbRx="0" />
<p fId="2" fbTx="101.6098352" lbTx="101.6098836" tId="0" fbRx="101.6098902" lbRx="0" />
<p fId="2" fbTx="101.6098352" lbTx="101.6098836" tId="1" fbRx="101.6098902" lbRx="0" />
<p fId="2" fbTx="101.6098352" lbTx="101.6098836" tId="1" fbRx="101.6098902" lbRx="0" />
<p fId="2" fbTx="101.6098926" lbTx="101.6099411" tId="0" fbRx="101.6099476" lbRx="0" />
<p fId="2" fbTx="101.6098926" lbTx="101.6099411" tId="1" fbRx="101.6099476" lbRx="0" />
<p fId="2" fbTx="101.6098926" lbTx="101.6099411" tId="1" fbRx="101.6099476" lbRx="0" />
<p fId="2" fbTx="101.609958" lbTx="101.6100065" tId="0" fbRx="101.6100131" lbRx="0" />
<p fId="2" fbTx="101.609958" lbTx="101.6100065" tId="1" fbRx="101.6100131" lbRx="0" />
<p fId="2" fbTx="101.609958" lbTx="101.6100065" tId="1" fbRx="101.6100131" lbRx="0" />
<p fId="2" fbTx="101.6100135" lbTx="101.6100385" tId="0" fbRx="101.6100451" lbRx="0" />
<p fId="2" fbTx="101.6100135" lbTx="101.6100385" tId="1" fbRx="101.6100451" lbRx="0" />
<p fId="2" fbTx="101.6100135" lbTx="101.6100385" tId="1" fbRx="101.6100451" lbRx="0" />
<p fId="1" fbTx="101.610137" lbTx="101.6101426" tId="0" fbRx="101.6101492" lbRx="0" />
<p fId="1" fbTx="101.610137" lbTx="101.6101426" tId="2" fbRx="101.6101492" lbRx="0" />
<p fId="1" fbTx="101.610137" lbTx="101.6101426" tId="2" fbRx="101.6101492" lbRx="0" />
<p fId="1" fbTx="101.6101516" lbTx="101.6101572" tId="0" fbRx="101.6101637" lbRx="0" />
<p fId="1" fbTx="101.6101516" lbTx="101.6101572" tId="2" fbRx="101.6101637" lbRx="0" />
<p fId="1" fbTx="101.6101516" lbTx="101.6101572" tId="2" fbRx="101.6101637" lbRx="0" />
<p fId="1" fbTx="101.6101641" lbTx="101.6101697" tId="0" fbRx="101.6101763" lbRx="0" />
<p fId="1" fbTx="101.6101641" lbTx="101.6101697" tId="2" fbRx="101.6101763" lbRx="0" />
<p fId="1" fbTx="101.6101641" lbTx="101.6101697" tId="2" fbRx="101.6101763" lbRx="0" />
<p fId="1" fbTx="101.6101777" lbTx="101.6101833" tId="0" fbRx="101.6101898" lbRx="0" />
<p fId="1" fbTx="101.6101777" lbTx="101.6101833" tId="2" fbRx="101.6101898" lbRx="0" />
<p fId="1" fbTx="101.6101777" lbTx="101.6101833" tId="2" fbRx="101.6101898" lbRx="0" />
<p fId="1" fbTx="101.6101902" lbTx="101.6101958" tId="0" fbRx="101.6102024" lbRx="0" />
<p fId="1" fbTx="101.6101902" lbTx="101.6101958" tId="2" fbRx="101.6102024" lbRx="0" />
<p fId="1" fbTx="101.6101902" lbTx="101.6101958" tId="2" fbRx="101.6102024" lbRx="0" />
<p fId="1" fbTx="101.6102028" lbTx="101.6102084" tId="0" fbRx="101.610215" lbRx="0" />
<p fId="1" fbTx="101.6102028" lbTx="101.6102084" tId="2" fbRx="101.610215" lbRx="0" />
<p fId="1" fbTx="101.6102028" lbTx="101.6102084" tId="2" fbRx="101.610215" lbRx="0" />
<p fId="1" fbTx="101.6102174" lbTx="101.610223" tId="0" fbRx="101.6102295" lbRx="0" />
<p fId="1" fbTx="101.6102174" lbTx="101.610223" tId="2" fbRx="101.6102295" lbRx="0" />
<p fId="1" fbTx="101.6102174" lbTx="101.610223" tId="2" fbRx="101.6102295" lbRx="0" />
<p fId="1" fbTx="101.6102409" lbTx="101.6102465" tId="0" fbRx="101.6102531" lbRx="0" />
<p fId="1" fbTx="101.6102409" lbTx="101.6102465" tId="2" fbRx="101.6102531" lbRx="0" />
<p fId="1" fbTx="101.6102409" lbTx="101.6102465" tId="2" fbRx="101.6102531" lbRx="0" />
<p fId="1" fbTx="101.6102545" lbTx="101.6102601" tId="0" fbRx="101.6102666" lbRx="0" />
<p fId="1" fbTx="101.6102545" lbTx="101.6102601" tId="2" fbRx="101.6102666" lbRx="0" />
<p fId="1" fbTx="101.6102545" lbTx="101.6102601" tId="2" fbRx="101.6102666" lbRx="0" />
<p fId="1" fbTx="101.61028" lbTx="101.6102856" tId="0" fbRx="101.6102922" lbRx="0" />
<p fId="1" fbTx="101.61028" lbTx="101.6102856" tId="2" fbRx="101.6102922" lbRx="0" />
<p fId="1" fbTx="101.61028" lbTx="101.6102856" tId="2" fbRx="101.6102922" lbRx="0" />
<p fId="1" fbTx="101.6102956" lbTx="101.6103012" tId="0" fbRx="101.6103078" lbRx="0" />
<p fId="1" fbTx="101.6102956" lbTx="101.6103012" tId="2" fbRx="101.6103078" lbRx="0" />
<p fId="1" fbTx="101.6102956" lbTx="101.6103012" tId="2" fbRx="101.6103078" lbRx="0" />
<p fId="1" fbTx="101.6103092" lbTx="101.6103148" tId="0" fbRx="101.6103213" lbRx="0" />
<p fId="1" fbTx="101.6103092" lbTx="101.6103148" tId="2" fbRx="101.6103213" lbRx="0" />
<p fId="1" fbTx="101.6103092" lbTx="101.6103148" tId="2" fbRx="101.6103213" lbRx="0" />
<p fId="1" fbTx="101.6103217" lbTx="101.6103273" tId="0" fbRx="101.6103339" lbRx="0" />
<p fId="1" fbTx="101.6103217" lbTx="101.6103273" tId="2" fbRx="101.6103339" lbRx="0" />
<p fId="1" fbTx="101.6103217" lbTx="101.6103273" tId="2" fbRx="101.6103339" lbRx="0" />
<p fId="1" fbTx="101.6103433" lbTx="101.6103489" tId="0" fbRx="101.6103554" lbRx="0" />
<p fId="1" fbTx="101.6103433" lbTx="101.6103489" tId="2" fbRx="101.6103554" lbRx="0" />
<p fId="1" fbTx="101.6103433" lbTx="101.6103489" tId="2" fbRx="101.6103554" lbRx="0" />
<p fId="1" fbTx="101.6103598" lbTx="101.6103654" tId="0" fbRx="101.610372" lbRx="0" />
<p fId="1" fbTx="101.6103598" lbTx="101.6103654" tId="2" fbRx="101.610372" lbRx="0" />
<p fId="1" fbTx="101.6103598" lbTx="101.6103654" tId="2" fbRx="101.610372" lbRx="0" />
<p fId="1" fbTx="101.6103804" lbTx="101.610386" tId="0" fbRx="101.6103926" lbRx="0" />
<p fId="1" fbTx="101.6103804" lbTx="101.610386" tId="2" fbRx="101.6103926" lbRx="0" />
<p fId="1" fbTx="101.6103804" lbTx="101.610386" tId="2" fbRx="101.6103926" lbRx="0" />
<p fId="1" fbTx="101.610393" lbTx="101.6103986" tId="0" fbRx="101.6104051" lbRx="0" />
<p fId="1" fbTx="101.610393" lbTx="101.6103986" tId="2" fbRx="101.6104051" lbRx="0" />
<p fId="1" fbTx="101.610393" lbTx="101.6103986" tId="2" fbRx="101.6104051" lbRx="0" />
<p fId="1" fbTx="101.6104055" lbTx="101.6104111" tId="0" fbRx="101.6104177" lbRx="0" />
<p fId="1" fbTx="101.6104055" lbTx="101.6104111" tId="2" fbRx="101.6104177" lbRx="0" />
<p fId="1" fbTx="101.6104055" lbTx="101.6104111" tId="2" fbRx="101.6104177" lbRx="0" />
<p fId="1" fbTx="101.6104191" lbTx="101.6104247" tId="0" fbRx="101.6104312" lbRx="0" />
<p fId="1" fbTx="101.6104191" lbTx="101.6104247" tId="2" fbRx="101.6104312" lbRx="0" />
<p fId="1" fbTx="101.6104191" lbTx="101.6104247" tId="2" fbRx="101.6104312" lbRx="0" />
<p fId="1" fbTx="101.6104436" lbTx="101.6104492" tId="0" fbRx="101.6104558" lbRx="0" />
<p fId="1" fbTx="101.6104436" lbTx="101.6104492" tId="2" fbRx="101.6104558" lbRx="0" />
<p fId="1" fbTx="101.6104436" lbTx="101.6104492" tId="2" fbRx="101.6104558" lbRx="0" />
<p fId="1" fbTx="101.6104582" lbTx="101.6104638" tId="0" fbRx="101.6104704" lbRx="0" />
<p fId="1" fbTx="101.6104582" lbTx="101.6104638" tId="2" fbRx="101.6104704" lbRx="0" />
<p fId="1" fbTx="101.6104582" lbTx="101.6104638" tId="2" fbRx="101.6104704" lbRx="0" />
<p fId="1" fbTx="101.6104708" lbTx="101.6104764" tId="0" fbRx="101.6104829" lbRx="0" />
<p fId="1" fbTx="101.6104708" lbTx="101.6104764" tId="2" fbRx="101.6104829" lbRx="0" />
<p fId="1" fbTx="101.6104708" lbTx="101.6104764" tId="2" fbRx="101.6104829" lbRx="0" />
<p fId="1" fbTx="101.6104863" lbTx="101.6104919" tId="0" fbRx="101.6104985" lbRx="0" />
<p fId="1" fbTx="101.6104863" lbTx="101.6104919" tId="2" fbRx="101.6104985" lbRx="0" />
<p fId="1" fbTx="101.6104863" lbTx="101.6104919" tId="2" fbRx="101.6104985" lbRx="0" />
<p fId="1" fbTx="101.6105009" lbTx="101.6105065" tId="0" fbRx="101.610513" lbRx="0" />
<p fId="1" fbTx="101.6105009" lbTx="101.6105065" tId="2" fbRx="101.610513" lbRx="0" />
<p fId="1" fbTx="101.6105009" lbTx="101.6105065" tId="2" fbRx="101.610513" lbRx="0" />
<p fId="1" fbTx="101.6105144" lbTx="101.61052" tId="0" fbRx="101.6105266" lbRx="0" />
<p fId="1" fbTx="101.6105144" lbTx="101.61052" tId="2" fbRx="101.6105266" lbRx="0" />
<p fId="1" fbTx="101.6105144" lbTx="101.61052" tId="2" fbRx="101.6105266" lbRx="0" />
<p fId="1" fbTx="101.610529" lbTx="101.6105346" tId="0" fbRx="101.6105412" lbRx="0" />
<p fId="1" fbTx="101.610529" lbTx="101.6105346" tId="2" fbRx="101.6105412" lbRx="0" />
<p fId="1" fbTx="101.610529" lbTx="101.6105346" tId="2" fbRx="101.6105412" lbRx="0" />
<p fId="1" fbTx="101.6105496" lbTx="101.6105552" tId="0" fbRx="101.6105617" lbRx="0" />
<p fId="1" fbTx="101.6105496" lbTx="101.6105552" tId="2" fbRx="101.6105617" lbRx="0" />
<p fId="1" fbTx="101.6105496" lbTx="101.6105552" tId="2" fbRx="101.6105617" lbRx="0" />
<p fId="1" fbTx="101.6105641" lbTx="101.6105697" tId="0" fbRx="101.6105763" lbRx="0" />
<p fId="1" fbTx="101.6105641" lbTx="101.6105697" tId="2" fbRx="101.6105763" lbRx="0" />
<p fId="1" fbTx="101.6105641" lbTx="101.6105697" tId="2" fbRx="101.6105763" lbRx="0" />
<p fId="1" fbTx="101.6105777" lbTx="101.6105833" tId="0" fbRx="101.6105898" lbRx="0" />
<p fId="1" fbTx="101.6105777" lbTx="101.6105833" tId="2" fbRx="101.6105898" lbRx="0" />
<p fId="1" fbTx="101.6105777" lbTx="101.6105833" tId="2" fbRx="101.6105898" lbRx="0" />
<p fId="1" fbTx="101.6105912" lbTx="101.6105968" tId="0" fbRx="101.6106034" lbRx="0" />
<p fId="1" fbTx="101.6105912" lbTx="101.6105968" tId="2" fbRx="101.6106034" lbRx="0" />
<p fId="1" fbTx="101.6105912" lbTx="101.6105968" tId="2" fbRx="101.6106034" lbRx="0" />
<p fId="1" fbTx="101.6106128" lbTx="101.6106464" tId="0" fbRx="101.610653" lbRx="0" />
<p fId="1" fbTx="101.6106128" lbTx="101.6106464" tId="2" fbRx="101.610653" lbRx="0" />
<p fId="1" fbTx="101.6106128" lbTx="101.6106464" tId="2" fbRx="101.610653" lbRx="0" />
<p fId="2" fbTx="101.610653" lbTx="101.6107014" tId="0" fbRx="101.610708" lbRx="0" />
<p fId="2" fbTx="101.610653" lbTx="101.6107014" tId="1" fbRx="101.610708" lbRx="0" />
<p fId="2" fbTx="101.610653" lbTx="101.6107014" tId="1" fbRx="101.610708" lbRx="0" />
<p fId="2" fbTx="101.6107094" lbTx="101.6107579" tId="0" fbRx="101.6107644" lbRx="0" />
<p fId="2" fbTx="101.6107094" lbTx="101.6107579" tId="1" fbRx="101.6107644" lbRx="0" />
<p fId="2" fbTx="101.6107094" lbTx="101.6107579" tId="1" fbRx="101.6107644" lbRx="0" />
<p fId="1" fbTx="101.6107654" lbTx="101.610771" tId="0" fbRx="101.6107776" lbRx="0" />
<p fId="1" fbTx="101.6107654" lbTx="101.610771" tId="2" fbRx="101.6107776" lbRx="0" />
<p fId="1" fbTx="101.6107654" lbTx="101.610771" tId="2" fbRx="101.6107776" lbRx="0" />
<p fId="2" fbTx="101.6107888" lbTx="101.6108373" tId="0" fbRx="101.6108439" lbRx="0" />
<p fId="2" fbTx="101.6107888" lbTx="101.6108373" tId="1" fbRx="101.6108439" lbRx="0" />
<p fId="2" fbTx="101.6107888" lbTx="101.6108373" tId="1" fbRx="101.6108439" lbRx="0" />
<p fId="2" fbTx="101.6108453" lbTx="101.6108938" tId="0" fbRx="101.6109003" lbRx="0" />
<p fId="2" fbTx="101.6108453" lbTx="101.6108938" tId="1" fbRx="101.6109003" lbRx="0" />
<p fId="2" fbTx="101.6108453" lbTx="101.6108938" tId="1" fbRx="101.6109003" lbRx="0" />
<p fId="1" fbTx="101.6109013" lbTx="101.6109069" tId="0" fbRx="101.6109135" lbRx="0" />
<p fId="1" fbTx="101.6109013" lbTx="101.6109069" tId="2" fbRx="101.6109135" lbRx="0" />
<p fId="1" fbTx="101.6109013" lbTx="101.6109069" tId="2" fbRx="101.6109135" lbRx="0" />
<p fId="2" fbTx="101.6109147" lbTx="101.6109632" tId="0" fbRx="101.6109698" lbRx="0" />
<p fId="2" fbTx="101.6109147" lbTx="101.6109632" tId="1" fbRx="101.6109698" lbRx="0" />
<p fId="2" fbTx="101.6109147" lbTx="101.6109632" tId="1" fbRx="101.6109698" lbRx="0" />
<p fId="2" fbTx="101.6109702" lbTx="101.6110186" tId="0" fbRx="101.6110252" lbRx="0" />
<p fId="2" fbTx="101.6109702" lbTx="101.6110186" tId="1" fbRx="101.6110252" lbRx="0" />
<p fId="2" fbTx="101.6109702" lbTx="101.6110186" tId="1" fbRx="101.6110252" lbRx="0" />
<p fId="1" fbTx="101.6110262" lbTx="101.6110318" tId="0" fbRx="101.6110384" lbRx="0" />
<p fId="1" fbTx="101.6110262" lbTx="101.6110318" tId="2" fbRx="101.6110384" lbRx="0" />
<p fId="1" fbTx="101.6110262" lbTx="101.6110318" tId="2" fbRx="101.6110384" lbRx="0" />
<p fId="2" fbTx="101.6110516" lbTx="101.6111001" tId="0" fbRx="101.6111066" lbRx="0" />
<p fId="2" fbTx="101.6110516" lbTx="101.6111001" tId="1" fbRx="101.6111066" lbRx="0" />
<p fId="2" fbTx="101.6110516" lbTx="101.6111001" tId="1" fbRx="101.6111066" lbRx="0" />
<p fId="2" fbTx="101.61111" lbTx="101.6111585" tId="0" fbRx="101.6111651" lbRx="0" />
<p fId="2" fbTx="101.61111" lbTx="101.6111585" tId="1" fbRx="101.6111651" lbRx="0" />
<p fId="2" fbTx="101.61111" lbTx="101.6111585" tId="1" fbRx="101.6111651" lbRx="0" />
<p fId="1" fbTx="101.6111661" lbTx="101.6111717" tId="0" fbRx="101.6111782" lbRx="0" />
<p fId="1" fbTx="101.6111661" lbTx="101.6111717" tId="2" fbRx="101.6111782" lbRx="0" />
<p fId="1" fbTx="101.6111661" lbTx="101.6111717" tId="2" fbRx="101.6111782" lbRx="0" />
<p fId="2" fbTx="101.6111825" lbTx="101.611231" tId="0" fbRx="101.6112375" lbRx="0" />
<p fId="2" fbTx="101.6111825" lbTx="101.611231" tId="1" fbRx="101.6112375" lbRx="0" />
<p fId="2" fbTx="101.6111825" lbTx="101.611231" tId="1" fbRx="101.6112375" lbRx="0" />
<p fId="2" fbTx="101.6112399" lbTx="101.6112884" tId="0" fbRx="101.611295" lbRx="0" />
<p fId="2" fbTx="101.6112399" lbTx="101.6112884" tId="1" fbRx="101.611295" lbRx="0" />
<p fId="2" fbTx="101.6112399" lbTx="101.6112884" tId="1" fbRx="101.611295" lbRx="0" />
<p fId="1" fbTx="101.611296" lbTx="101.6113016" tId="0" fbRx="101.6113081" lbRx="0" />
<p fId="1" fbTx="101.611296" lbTx="101.6113016" tId="2" fbRx="101.6113081" lbRx="0" />
<p fId="1" fbTx="101.611296" lbTx="101.6113016" tId="2" fbRx="101.6113081" lbRx="0" />
<p fId="2" fbTx="101.6113294" lbTx="101.6113778" tId="0" fbRx="101.6113844" lbRx="0" />
<p fId="2" fbTx="101.6113294" lbTx="101.6113778" tId="1" fbRx="101.6113844" lbRx="0" />
<p fId="2" fbTx="101.6113294" lbTx="101.6113778" tId="1" fbRx="101.6113844" lbRx="0" />
<p fId="2" fbTx="101.6113928" lbTx="101.6114413" tId="0" fbRx="101.6114478" lbRx="0" />
<p fId="2" fbTx="101.6113928" lbTx="101.6114413" tId="1" fbRx="101.6114478" lbRx="0" />
<p fId="2" fbTx="101.6113928" lbTx="101.6114413" tId="1" fbRx="101.6114478" lbRx="0" />
<p fId="2" fbTx="101.6114482" lbTx="101.6114967" tId="0" fbRx="101.6115033" lbRx="0" />
<p fId="2" fbTx="101.6114482" lbTx="101.6114967" tId="1" fbRx="101.6115033" lbRx="0" />
<p fId="2" fbTx="101.6114482" lbTx="101.6114967" tId="1" fbRx="101.6115033" lbRx="0" />
<p fId="1" fbTx="101.6115068" lbTx="101.6115124" tId="0" fbRx="101.611519" lbRx="0" />
<p fId="1" fbTx="101.6115068" lbTx="101.6115124" tId="2" fbRx="101.611519" lbRx="0" />
<p fId="1" fbTx="101.6115068" lbTx="101.6115124" tId="2" fbRx="101.611519" lbRx="0" />
<p fId="2" fbTx="101.6115317" lbTx="101.6115802" tId="0" fbRx="101.6115867" lbRx="0" />
<p fId="2" fbTx="101.6115317" lbTx="101.6115802" tId="1" fbRx="101.6115867" lbRx="0" />
<p fId="2" fbTx="101.6115317" lbTx="101.6115802" tId="1" fbRx="101.6115867" lbRx="0" />
<p fId="1" fbTx="101.6115877" lbTx="101.6115933" tId="0" fbRx="101.6115999" lbRx="0" />
<p fId="1" fbTx="101.6115877" lbTx="101.6115933" tId="2" fbRx="101.6115999" lbRx="0" />
<p fId="1" fbTx="101.6115877" lbTx="101.6115933" tId="2" fbRx="101.6115999" lbRx="0" />
<p fId="2" fbTx="101.6116261" lbTx="101.6116746" tId="0" fbRx="101.6116812" lbRx="0" />
<p fId="2" fbTx="101.6116261" lbTx="101.6116746" tId="1" fbRx="101.6116812" lbRx="0" />
<p fId="2" fbTx="101.6116261" lbTx="101.6116746" tId="1" fbRx="101.6116812" lbRx="0" />
<p fId="2" fbTx="101.6116846" lbTx="101.611733" tId="0" fbRx="101.6117396" lbRx="0" />
<p fId="2" fbTx="101.6116846" lbTx="101.611733" tId="1" fbRx="101.6117396" lbRx="0" />
<p fId="2" fbTx="101.6116846" lbTx="101.611733" tId="1" fbRx="101.6117396" lbRx="0" />
<p fId="1" fbTx="101.6117406" lbTx="101.6117462" tId="0" fbRx="101.6117528" lbRx="0" />
<p fId="1" fbTx="101.6117406" lbTx="101.6117462" tId="2" fbRx="101.6117528" lbRx="0" />
<p fId="1" fbTx="101.6117406" lbTx="101.6117462" tId="2" fbRx="101.6117528" lbRx="0" />
<p fId="2" fbTx="101.611753" lbTx="101.6118015" tId="0" fbRx="101.611808" lbRx="0" />
<p fId="2" fbTx="101.611753" lbTx="101.6118015" tId="1" fbRx="101.611808" lbRx="0" />
<p fId="2" fbTx="101.611753" lbTx="101.6118015" tId="1" fbRx="101.611808" lbRx="0" />
<p fId="2" fbTx="101.6118114" lbTx="101.6118599" tId="0" fbRx="101.6118665" lbRx="0" />
<p fId="2" fbTx="101.6118114" lbTx="101.6118599" tId="1" fbRx="101.6118665" lbRx="0" />
<p fId="2" fbTx="101.6118114" lbTx="101.6118599" tId="1" fbRx="101.6118665" lbRx="0" />
<p fId="1" fbTx="101.6118675" lbTx="101.6118731" tId="0" fbRx="101.6118796" lbRx="0" />
<p fId="1" fbTx="101.6118675" lbTx="101.6118731" tId="2" fbRx="101.6118796" lbRx="0" />
<p fId="1" fbTx="101.6118675" lbTx="101.6118731" tId="2" fbRx="101.6118796" lbRx="0" />
<p fId="2" fbTx="101.6118819" lbTx="101.6119304" tId="0" fbRx="101.6119369" lbRx="0" />
<p fId="2" fbTx="101.6118819" lbTx="101.6119304" tId="1" fbRx="101.6119369" lbRx="0" />
<p fId="2" fbTx="101.6118819" lbTx="101.6119304" tId="1" fbRx="101.6119369" lbRx="0" />
<p fId="2" fbTx="101.6119393" lbTx="101.6119878" tId="0" fbRx="101.6119944" lbRx="0" />
<p fId="2" fbTx="101.6119393" lbTx="101.6119878" tId="1" fbRx="101.6119944" lbRx="0" />
<p fId="2" fbTx="101.6119393" lbTx="101.6119878" tId="1" fbRx="101.6119944" lbRx="0" />
<p fId="1" fbTx="101.6119954" lbTx="101.612001" tId="0" fbRx="101.6120075" lbRx="0" />
<p fId="1" fbTx="101.6119954" lbTx="101.612001" tId="2" fbRx="101.6120075" lbRx="0" />
<p fId="1" fbTx="101.6119954" lbTx="101.612001" tId="2" fbRx="101.6120075" lbRx="0" />
<p fId="2" fbTx="101.6120318" lbTx="101.6120802" tId="0" fbRx="101.6120868" lbRx="0" />
<p fId="2" fbTx="101.6120318" lbTx="101.6120802" tId="1" fbRx="101.6120868" lbRx="0" />
<p fId="2" fbTx="101.6120318" lbTx="101.6120802" tId="1" fbRx="101.6120868" lbRx="0" />
<p fId="2" fbTx="101.6120872" lbTx="101.6121357" tId="0" fbRx="101.6121422" lbRx="0" />
<p fId="2" fbTx="101.6120872" lbTx="101.6121357" tId="1" fbRx="101.6121422" lbRx="0" />
<p fId="2" fbTx="101.6120872" lbTx="101.6121357" tId="1" fbRx="101.6121422" lbRx="0" />
<p fId="1" fbTx="101.6121432" lbTx="101.6121488" tId="0" fbRx="101.6121554" lbRx="0" />
<p fId="1" fbTx="101.6121432" lbTx="101.6121488" tId="2" fbRx="101.6121554" lbRx="0" />
<p fId="1" fbTx="101.6121432" lbTx="101.6121488" tId="2" fbRx="101.6121554" lbRx="0" />
<p fId="2" fbTx="101.6121566" lbTx="101.6122051" tId="0" fbRx="101.6122117" lbRx="0" />
<p fId="2" fbTx="101.6121566" lbTx="101.6122051" tId="1" fbRx="101.6122117" lbRx="0" />
<p fId="2" fbTx="101.6121566" lbTx="101.6122051" tId="1" fbRx="101.6122117" lbRx="0" />
<p fId="2" fbTx="101.6122171" lbTx="101.6122656" tId="0" fbRx="101.6122721" lbRx="0" />
<p fId="2" fbTx="101.6122171" lbTx="101.6122656" tId="1" fbRx="101.6122721" lbRx="0" />
<p fId="2" fbTx="101.6122171" lbTx="101.6122656" tId="1" fbRx="101.6122721" lbRx="0" />
<p fId="1" fbTx="101.6122731" lbTx="101.6122787" tId="0" fbRx="101.6122853" lbRx="0" />
<p fId="1" fbTx="101.6122731" lbTx="101.6122787" tId="2" fbRx="101.6122853" lbRx="0" />
<p fId="1" fbTx="101.6122731" lbTx="101.6122787" tId="2" fbRx="101.6122853" lbRx="0" />
<p fId="2" fbTx="101.6122875" lbTx="101.612336" tId="0" fbRx="101.6123426" lbRx="0" />
<p fId="2" fbTx="101.6122875" lbTx="101.612336" tId="1" fbRx="101.6123426" lbRx="0" />
<p fId="2" fbTx="101.6122875" lbTx="101.612336" tId="1" fbRx="101.6123426" lbRx="0" />
<p fId="2" fbTx="101.612345" lbTx="101.6123934" tId="0" fbRx="101.6124" lbRx="0" />
<p fId="2" fbTx="101.612345" lbTx="101.6123934" tId="1" fbRx="101.6124" lbRx="0" />
<p fId="2" fbTx="101.612345" lbTx="101.6123934" tId="1" fbRx="101.6124" lbRx="0" />
<p fId="1" fbTx="101.612401" lbTx="101.6124066" tId="0" fbRx="101.6124132" lbRx="0" />
<p fId="1" fbTx="101.612401" lbTx="101.6124066" tId="2" fbRx="101.6124132" lbRx="0" />
<p fId="1" fbTx="101.612401" lbTx="101.6124066" tId="2" fbRx="101.6124132" lbRx="0" />
<p fId="2" fbTx="101.6124174" lbTx="101.6124659" tId="0" fbRx="101.6124724" lbRx="0" />
<p fId="2" fbTx="101.6124174" lbTx="101.6124659" tId="1" fbRx="101.6124724" lbRx="0" />
<p fId="2" fbTx="101.6124174" lbTx="101.6124659" tId="1" fbRx="101.6124724" lbRx="0" />
<p fId="2" fbTx="101.6124788" lbTx="101.6125273" tId="0" fbRx="101.6125339" lbRx="0" />
<p fId="2" fbTx="101.6124788" lbTx="101.6125273" tId="1" fbRx="101.6125339" lbRx="0" />
<p fId="2" fbTx="101.6124788" lbTx="101.6125273" tId="1" fbRx="101.6125339" lbRx="0" />
<p fId="1" fbTx="101.6125349" lbTx="101.6125405" tId="0" fbRx="101.612547" lbRx="0" />
<p fId="1" fbTx="101.6125349" lbTx="101.6125405" tId="2" fbRx="101.612547" lbRx="0" />
<p fId="1" fbTx="101.6125349" lbTx="101.6125405" tId="2" fbRx="101.612547" lbRx="0" />
<p fId="2" fbTx="101.6125683" lbTx="101.6126168" tId="0" fbRx="101.6126233" lbRx="0" />
<p fId="2" fbTx="101.6125683" lbTx="101.6126168" tId="1" fbRx="101.6126233" lbRx="0" />
<p fId="2" fbTx="101.6125683" lbTx="101.6126168" tId="1" fbRx="101.6126233" lbRx="0" />
<p fId="2" fbTx="101.6126257" lbTx="101.6126742" tId="0" fbRx="101.6126808" lbRx="0" />
<p fId="2" fbTx="101.6126257" lbTx="101.6126742" tId="1" fbRx="101.6126808" lbRx="0" />
<p fId="2" fbTx="101.6126257" lbTx="101.6126742" tId="1" fbRx="101.6126808" lbRx="0" />
<p fId="1" fbTx="101.6126818" lbTx="101.6126874" tId="0" fbRx="101.6126939" lbRx="0" />
<p fId="1" fbTx="101.6126818" lbTx="101.6126874" tId="2" fbRx="101.6126939" lbRx="0" />
<p fId="1" fbTx="101.6126818" lbTx="101.6126874" tId="2" fbRx="101.6126939" lbRx="0" />
<p fId="2" fbTx="101.6127142" lbTx="101.6127626" tId="0" fbRx="101.6127692" lbRx="0" />
<p fId="2" fbTx="101.6127142" lbTx="101.6127626" tId="1" fbRx="101.6127692" lbRx="0" />
<p fId="2" fbTx="101.6127142" lbTx="101.6127626" tId="1" fbRx="101.6127692" lbRx="0" />
<p fId="2" fbTx="101.6127726" lbTx="101.6128211" tId="0" fbRx="101.6128276" lbRx="0" />
<p fId="2" fbTx="101.6127726" lbTx="101.6128211" tId="1" fbRx="101.6128276" lbRx="0" />
<p fId="2" fbTx="101.6127726" lbTx="101.6128211" tId="1" fbRx="101.6128276" lbRx="0" />
<p fId="1" fbTx="101.6128286" lbTx="101.6128342" tId="0" fbRx="101.6128408" lbRx="0" />
<p fId="1" fbTx="101.6128286" lbTx="101.6128342" tId="2" fbRx="101.6128408" lbRx="0" />
<p fId="1" fbTx="101.6128286" lbTx="101.6128342" tId="2" fbRx="101.6128408" lbRx="0" />
<p fId="2" fbTx="101.612859" lbTx="101.6129075" tId="0" fbRx="101.6129141" lbRx="0" />
<p fId="2" fbTx="101.612859" lbTx="101.6129075" tId="1" fbRx="101.6129141" lbRx="0" />
<p fId="2" fbTx="101.612859" lbTx="101.6129075" tId="1" fbRx="101.6129141" lbRx="0" />
<p fId="2" fbTx="101.6129145" lbTx="101.612963" tId="0" fbRx="101.6129695" lbRx="0" />
<p fId="2" fbTx="101.6129145" lbTx="101.612963" tId="1" fbRx="101.6129695" lbRx="0" />
<p fId="2" fbTx="101.6129145" lbTx="101.612963" tId="1" fbRx="101.6129695" lbRx="0" />
<p fId="1" fbTx="101.6129705" lbTx="101.6129761" tId="0" fbRx="101.6129827" lbRx="0" />
<p fId="1" fbTx="101.6129705" lbTx="101.6129761" tId="2" fbRx="101.6129827" lbRx="0" />
<p fId="1" fbTx="101.6129705" lbTx="101.6129761" tId="2" fbRx="101.6129827" lbRx="0" />
<p fId="2" fbTx="101.6129909" lbTx="101.6130394" tId="0" fbRx="101.613046" lbRx="0" />
<p fId="2" fbTx="101.6129909" lbTx="101.6130394" tId="1" fbRx="101.613046" lbRx="0" />
<p fId="2" fbTx="101.6129909" lbTx="101.6130394" tId="1" fbRx="101.613046" lbRx="0" />
<p fId="2" fbTx="101.6130474" lbTx="101.6130958" tId="0" fbRx="101.6131024" lbRx="0" />
<p fId="2" fbTx="101.6130474" lbTx="101.6130958" tId="1" fbRx="101.6131024" lbRx="0" />
<p fId="2" fbTx="101.6130474" lbTx="101.6130958" tId="1" fbRx="101.6131024" lbRx="0" />
<p fId="1" fbTx="101.6131034" lbTx="101.613109" tId="0" fbRx="101.6131156" lbRx="0" />
<p fId="1" fbTx="101.6131034" lbTx="101.613109" tId="2" fbRx="101.6131156" lbRx="0" />
<p fId="1" fbTx="101.6131034" lbTx="101.613109" tId="2" fbRx="101.6131156" lbRx="0" />
<p fId="2" fbTx="101.6131158" lbTx="101.6131643" tId="0" fbRx="101.6131708" lbRx="0" />
<p fId="2" fbTx="101.6131158" lbTx="101.6131643" tId="1" fbRx="101.6131708" lbRx="0" />
<p fId="2" fbTx="101.6131158" lbTx="101.6131643" tId="1" fbRx="101.6131708" lbRx="0" />
<p fId="2" fbTx="101.6131722" lbTx="101.6132207" tId="0" fbRx="101.6132273" lbRx="0" />
<p fId="2" fbTx="101.6131722" lbTx="101.6132207" tId="1" fbRx="101.6132273" lbRx="0" />
<p fId="2" fbTx="101.6131722" lbTx="101.6132207" tId="1" fbRx="101.6132273" lbRx="0" />
<p fId="1" fbTx="101.6132283" lbTx="101.6132339" tId="0" fbRx="101.6132404" lbRx="0" />
<p fId="1" fbTx="101.6132283" lbTx="101.6132339" tId="2" fbRx="101.6132404" lbRx="0" />
<p fId="1" fbTx="101.6132283" lbTx="101.6132339" tId="2" fbRx="101.6132404" lbRx="0" />
<p fId="2" fbTx="101.6132497" lbTx="101.6132982" tId="0" fbRx="101.6133047" lbRx="0" />
<p fId="2" fbTx="101.6132497" lbTx="101.6132982" tId="1" fbRx="101.6133047" lbRx="0" />
<p fId="2" fbTx="101.6132497" lbTx="101.6132982" tId="1" fbRx="101.6133047" lbRx="0" />
<p fId="2" fbTx="101.6133051" lbTx="101.6133536" tId="0" fbRx="101.6133602" lbRx="0" />
<p fId="2" fbTx="101.6133051" lbTx="101.6133536" tId="1" fbRx="101.6133602" lbRx="0" />
<p fId="2" fbTx="101.6133051" lbTx="101.6133536" tId="1" fbRx="101.6133602" lbRx="0" />
<p fId="1" fbTx="101.6133612" lbTx="101.6133668" tId="0" fbRx="101.6133733" lbRx="0" />
<p fId="1" fbTx="101.6133612" lbTx="101.6133668" tId="2" fbRx="101.6133733" lbRx="0" />
<p fId="1" fbTx="101.6133612" lbTx="101.6133668" tId="2" fbRx="101.6133733" lbRx="0" />
<p fId="2" fbTx="101.6133776" lbTx="101.613426" tId="0" fbRx="101.6134326" lbRx="0" />
<p fId="2" fbTx="101.6133776" lbTx="101.613426" tId="1" fbRx="101.6134326" lbRx="0" />
<p fId="2" fbTx="101.6133776" lbTx="101.613426" tId="1" fbRx="101.6134326" lbRx="0" />
<p fId="2" fbTx="101.613434" lbTx="101.6134825" tId="0" fbRx="101.613489" lbRx="0" />
<p fId="2" fbTx="101.613434" lbTx="101.6134825" tId="1" fbRx="101.613489" lbRx="0" />
<p fId="2" fbTx="101.613434" lbTx="101.6134825" tId="1" fbRx="101.613489" lbRx="0" />
<p fId="1" fbTx="101.61349" lbTx="101.6134956" tId="0" fbRx="101.6135022" lbRx="0" />
<p fId="1" fbTx="101.61349" lbTx="101.6134956" tId="2" fbRx="101.6135022" lbRx="0" />
<p fId="1" fbTx="101.61349" lbTx="101.6134956" tId="2" fbRx="101.6135022" lbRx="0" />
<p fId="2" fbTx="101.6135484" lbTx="101.6135969" tId="0" fbRx="101.6136035" lbRx="0" />
<p fId="2" fbTx="101.6135484" lbTx="101.6135969" tId="1" fbRx="101.6136035" lbRx="0" />
<p fId="2" fbTx="101.6135484" lbTx="101.6135969" tId="1" fbRx="101.6136035" lbRx="0" />
<p fId="2" fbTx="101.6136049" lbTx="101.6136534" tId="0" fbRx="101.6136599" lbRx="0" />
<p fId="2" fbTx="101.6136049" lbTx="101.6136534" tId="1" fbRx="101.6136599" lbRx="0" />
<p fId="2" fbTx="101.6136049" lbTx="101.6136534" tId="1" fbRx="101.6136599" lbRx="0" />
<p fId="1" fbTx="101.6136609" lbTx="101.6136665" tId="0" fbRx="101.6136731" lbRx="0" />
<p fId="1" fbTx="101.6136609" lbTx="101.6136665" tId="2" fbRx="101.6136731" lbRx="0" />
<p fId="1" fbTx="101.6136609" lbTx="101.6136665" tId="2" fbRx="101.6136731" lbRx="0" />
<p fId="2" fbTx="101.6136813" lbTx="101.6137298" tId="0" fbRx="101.6137364" lbRx="0" />
<p fId="2" fbTx="101.6136813" lbTx="101.6137298" tId="1" fbRx="101.6137364" lbRx="0" />
<p fId="2" fbTx="101.6136813" lbTx="101.6137298" tId="1" fbRx="101.6137364" lbRx="0" />
<p fId="2" fbTx="101.6137438" lbTx="101.6137922" tId="0" fbRx="101.6137988" lbRx="0" />
<p fId="2" fbTx="101.6137438" lbTx="101.6137922" tId="1" fbRx="101.6137988" lbRx="0" />
<p fId="2" fbTx="101.6137438" lbTx="101.6137922" tId="1" fbRx="101.6137988" lbRx="0" />
<p fId="1" fbTx="101.6137998" lbTx="101.6138054" tId="0" fbRx="101.613812" lbRx="0" />
<p fId="1" fbTx="101.6137998" lbTx="101.6138054" tId="2" fbRx="101.613812" lbRx="0" />
<p fId="1" fbTx="101.6137998" lbTx="101.6138054" tId="2" fbRx="101.613812" lbRx="0" />
<p fId="2" fbTx="101.6138272" lbTx="101.6138757" tId="0" fbRx="101.6138822" lbRx="0" />
<p fId="2" fbTx="101.6138272" lbTx="101.6138757" tId="1" fbRx="101.6138822" lbRx="0" />
<p fId="2" fbTx="101.6138272" lbTx="101.6138757" tId="1" fbRx="101.6138822" lbRx="0" />
<p fId="2" fbTx="101.6138926" lbTx="101.6139411" tId="0" fbRx="101.6139477" lbRx="0" />
<p fId="2" fbTx="101.6138926" lbTx="101.6139411" tId="1" fbRx="101.6139477" lbRx="0" />
<p fId="2" fbTx="101.6138926" lbTx="101.6139411" tId="1" fbRx="101.6139477" lbRx="0" />
<p fId="2" fbTx="101.6139481" lbTx="101.6139966" tId="0" fbRx="101.6140031" lbRx="0" />
<p fId="2" fbTx="101.6139481" lbTx="101.6139966" tId="1" fbRx="101.6140031" lbRx="0" />
<p fId="2" fbTx="101.6139481" lbTx="101.6139966" tId="1" fbRx="101.6140031" lbRx="0" />
<p fId="2" fbTx="101.6140055" lbTx="101.614054" tId="0" fbRx="101.6140606" lbRx="0" />
<p fId="2" fbTx="101.6140055" lbTx="101.614054" tId="1" fbRx="101.6140606" lbRx="0" />
<p fId="2" fbTx="101.6140055" lbTx="101.614054" tId="1" fbRx="101.6140606" lbRx="0" />
<p fId="2" fbTx="101.614062" lbTx="101.6141104" tId="0" fbRx="101.614117" lbRx="0" />
<p fId="2" fbTx="101.614062" lbTx="101.6141104" tId="1" fbRx="101.614117" lbRx="0" />
<p fId="2" fbTx="101.614062" lbTx="101.6141104" tId="1" fbRx="101.614117" lbRx="0" />
<p fId="2" fbTx="101.6141184" lbTx="101.6141669" tId="0" fbRx="101.6141734" lbRx="0" />
<p fId="2" fbTx="101.6141184" lbTx="101.6141669" tId="1" fbRx="101.6141734" lbRx="0" />
<p fId="2" fbTx="101.6141184" lbTx="101.6141669" tId="1" fbRx="101.6141734" lbRx="0" />
<p fId="2" fbTx="101.6141768" lbTx="101.6142253" tId="0" fbRx="101.6142319" lbRx="0" />
<p fId="2" fbTx="101.6141768" lbTx="101.6142253" tId="1" fbRx="101.6142319" lbRx="0" />
<p fId="2" fbTx="101.6141768" lbTx="101.6142253" tId="1" fbRx="101.6142319" lbRx="0" />
<p fId="2" fbTx="101.6142323" lbTx="101.6142808" tId="0" fbRx="101.6142873" lbRx="0" />
<p fId="2" fbTx="101.6142323" lbTx="101.6142808" tId="1" fbRx="101.6142873" lbRx="0" />
<p fId="2" fbTx="101.6142323" lbTx="101.6142808" tId="1" fbRx="101.6142873" lbRx="0" />
<p fId="2" fbTx="101.6142977" lbTx="101.6143462" tId="0" fbRx="101.6143528" lbRx="0" />
<p fId="2" fbTx="101.6142977" lbTx="101.6143462" tId="1" fbRx="101.6143528" lbRx="0" />
<p fId="2" fbTx="101.6142977" lbTx="101.6143462" tId="1" fbRx="101.6143528" lbRx="0" />
<p fId="2" fbTx="101.6143642" lbTx="101.6144126" tId="0" fbRx="101.6144192" lbRx="0" />
<p fId="2" fbTx="101.6143642" lbTx="101.6144126" tId="1" fbRx="101.6144192" lbRx="0" />
<p fId="2" fbTx="101.6143642" lbTx="101.6144126" tId="1" fbRx="101.6144192" lbRx="0" />
<p fId="2" fbTx="101.6144216" lbTx="101.6144701" tId="0" fbRx="101.6144766" lbRx="0" />
<p fId="2" fbTx="101.6144216" lbTx="101.6144701" tId="1" fbRx="101.6144766" lbRx="0" />
<p fId="2" fbTx="101.6144216" lbTx="101.6144701" tId="1" fbRx="101.6144766" lbRx="0" />
<p fId="2" fbTx="101.614488" lbTx="101.6145365" tId="0" fbRx="101.6145431" lbRx="0" />
<p fId="2" fbTx="101.614488" lbTx="101.6145365" tId="1" fbRx="101.6145431" lbRx="0" />
<p fId="2" fbTx="101.614488" lbTx="101.6145365" tId="1" fbRx="101.6145431" lbRx="0" />
<p fId="2" fbTx="101.6145465" lbTx="101.614595" tId="0" fbRx="101.6146015" lbRx="0" />
<p fId="2" fbTx="101.6145465" lbTx="101.614595" tId="1" fbRx="101.6146015" lbRx="0" />
<p fId="2" fbTx="101.6145465" lbTx="101.614595" tId="1" fbRx="101.6146015" lbRx="0" />
<p fId="2" fbTx="101.6146039" lbTx="101.6146524" tId="0" fbRx="101.614659" lbRx="0" />
<p fId="2" fbTx="101.6146039" lbTx="101.6146524" tId="1" fbRx="101.614659" lbRx="0" />
<p fId="2" fbTx="101.6146039" lbTx="101.6146524" tId="1" fbRx="101.614659" lbRx="0" />
<p fId="2" fbTx="101.6146594" lbTx="101.6147078" tId="0" fbRx="101.6147144" lbRx="0" />
<p fId="2" fbTx="101.6146594" lbTx="101.6147078" tId="1" fbRx="101.6147144" lbRx="0" />
<p fId="2" fbTx="101.6146594" lbTx="101.6147078" tId="1" fbRx="101.6147144" lbRx="0" />
<p fId="2" fbTx="101.6147148" lbTx="101.6147633" tId="0" fbRx="101.6147698" lbRx="0" />
<p fId="2" fbTx="101.6147148" lbTx="101.6147633" tId="1" fbRx="101.6147698" lbRx="0" />
<p fId="2" fbTx="101.6147148" lbTx="101.6147633" tId="1" fbRx="101.6147698" lbRx="0" />
<p fId="2" fbTx="101.6147722" lbTx="101.6147965" tId="0" fbRx="101.614803" lbRx="0" />
<p fId="2" fbTx="101.6147722" lbTx="101.6147965" tId="1" fbRx="101.614803" lbRx="0" />
<p fId="2" fbTx="101.6147722" lbTx="101.6147965" tId="1" fbRx="101.614803" lbRx="0" />
<p fId="1" fbTx="101.6149177" lbTx="101.6149233" tId="0" fbRx="101.6149298" lbRx="0" />
<p fId="1" fbTx="101.6149177" lbTx="101.6149233" tId="2" fbRx="101.6149298" lbRx="0" />
<p fId="1" fbTx="101.6149177" lbTx="101.6149233" tId="2" fbRx="101.6149298" lbRx="0" />
<p fId="1" fbTx="101.6149392" lbTx="101.6149448" tId="0" fbRx="101.6149514" lbRx="0" />
<p fId="1" fbTx="101.6149392" lbTx="101.6149448" tId="2" fbRx="101.6149514" lbRx="0" />
<p fId="1" fbTx="101.6149392" lbTx="101.6149448" tId="2" fbRx="101.6149514" lbRx="0" />
<p fId="1" fbTx="101.6149538" lbTx="101.6149594" tId="0" fbRx="101.614966" lbRx="0" />
<p fId="1" fbTx="101.6149538" lbTx="101.6149594" tId="2" fbRx="101.614966" lbRx="0" />
<p fId="1" fbTx="101.6149538" lbTx="101.6149594" tId="2" fbRx="101.614966" lbRx="0" />
<p fId="1" fbTx="101.6149684" lbTx="101.614974" tId="0" fbRx="101.6149805" lbRx="0" />
<p fId="1" fbTx="101.6149684" lbTx="101.614974" tId="2" fbRx="101.6149805" lbRx="0" />
<p fId="1" fbTx="101.6149684" lbTx="101.614974" tId="2" fbRx="101.6149805" lbRx="0" />
<p fId="1" fbTx="101.6149849" lbTx="101.6149905" tId="0" fbRx="101.6149971" lbRx="0" />
<p fId="1" fbTx="101.6149849" lbTx="101.6149905" tId="2" fbRx="101.6149971" lbRx="0" />
<p fId="1" fbTx="101.6149849" lbTx="101.6149905" tId="2" fbRx="101.6149971" lbRx="0" />
<p fId="1" fbTx="101.6149975" lbTx="101.6150031" tId="0" fbRx="101.6150096" lbRx="0" />
<p fId="1" fbTx="101.6149975" lbTx="101.6150031" tId="2" fbRx="101.6150096" lbRx="0" />
<p fId="1" fbTx="101.6149975" lbTx="101.6150031" tId="2" fbRx="101.6150096" lbRx="0" />
<p fId="1" fbTx="101.61501" lbTx="101.6150156" tId="0" fbRx="101.6150222" lbRx="0" />
<p fId="1" fbTx="101.61501" lbTx="101.6150156" tId="2" fbRx="101.6150222" lbRx="0" />
<p fId="1" fbTx="101.61501" lbTx="101.6150156" tId="2" fbRx="101.6150222" lbRx="0" />
<p fId="1" fbTx="101.6150246" lbTx="101.6150302" tId="0" fbRx="101.6150368" lbRx="0" />
<p fId="1" fbTx="101.6150246" lbTx="101.6150302" tId="2" fbRx="101.6150368" lbRx="0" />
<p fId="1" fbTx="101.6150246" lbTx="101.6150302" tId="2" fbRx="101.6150368" lbRx="0" />
<p fId="1" fbTx="101.814803" lbTx="101.8148086" tId="0" fbRx="101.8148152" lbRx="0" />
<p fId="1" fbTx="101.814803" lbTx="101.8148086" tId="2" fbRx="101.8148152" lbRx="0" />
<p fId="1" fbTx="101.814803" lbTx="101.8148086" tId="2" fbRx="101.8148152" lbRx="0" />
<p fId="0" fbTx="103.1935537" lbTx="103.1935873" tId="1" fbRx="103.1935938" lbRx="0" />
<p fId="0" fbTx="103.1935537" lbTx="103.1935873" tId="2" fbRx="103.1935938" lbRx="0" />
<p fId="0" fbTx="103.1935537" lbTx="103.1935873" tId="2" fbRx="103.1935938" lbRx="0" />
<p fId="2" fbTx="103.1935938" lbTx="103.1936423" tId="0" fbRx="103.1936489" lbRx="0" />
<p fId="2" fbTx="103.1935938" lbTx="103.1936423" tId="0" fbRx="103.1936489" lbRx="0" />
<p fId="2" fbTx="103.1935938" lbTx="103.1936423" tId="1" fbRx="103.1936489" lbRx="0" />
<p fId="2" fbTx="103.1936513" lbTx="103.1936998" tId="0" fbRx="103.1937063" lbRx="0" />
<p fId="2" fbTx="103.1936513" lbTx="103.1936998" tId="0" fbRx="103.1937063" lbRx="0" />
<p fId="2" fbTx="103.1936513" lbTx="103.1936998" tId="1" fbRx="103.1937063" lbRx="0" />
<p fId="2" fbTx="103.1937067" lbTx="103.1937552" tId="0" fbRx="103.1937618" lbRx="0" />
<p fId="2" fbTx="103.1937067" lbTx="103.1937552" tId="0" fbRx="103.1937618" lbRx="0" />
<p fId="2" fbTx="103.1937067" lbTx="103.1937552" tId="1" fbRx="103.1937618" lbRx="0" />
<p fId="2" fbTx="103.1937642" lbTx="103.1938126" tId="0" fbRx="103.1938192" lbRx="0" />
<p fId="2" fbTx="103.1937642" lbTx="103.1938126" tId="0" fbRx="103.1938192" lbRx="0" />
<p fId="2" fbTx="103.1937642" lbTx="103.1938126" tId="1" fbRx="103.1938192" lbRx="0" />
<p fId="2" fbTx="103.1938246" lbTx="103.1938731" tId="0" fbRx="103.1938796" lbRx="0" />
<p fId="2" fbTx="103.1938246" lbTx="103.1938731" tId="0" fbRx="103.1938796" lbRx="0" />
<p fId="2" fbTx="103.1938246" lbTx="103.1938731" tId="1" fbRx="103.1938796" lbRx="0" />
<p fId="2" fbTx="103.193882" lbTx="103.1939305" tId="0" fbRx="103.1939371" lbRx="0" />
<p fId="2" fbTx="103.193882" lbTx="103.1939305" tId="0" fbRx="103.1939371" lbRx="0" />
<p fId="2" fbTx="103.193882" lbTx="103.1939305" tId="1" fbRx="103.1939371" lbRx="0" />
<p fId="2" fbTx="103.1939375" lbTx="103.193986" tId="0" fbRx="103.1939925" lbRx="0" />
<p fId="2" fbTx="103.1939375" lbTx="103.193986" tId="0" fbRx="103.1939925" lbRx="0" />
<p fId="2" fbTx="103.1939375" lbTx="103.193986" tId="1" fbRx="103.1939925" lbRx="0" />
<p fId="2" fbTx="103.1940029" lbTx="103.1940514" tId="0" fbRx="103.194058" lbRx="0" />
<p fId="2" fbTx="103.1940029" lbTx="103.1940514" tId="0" fbRx="103.194058" lbRx="0" />
<p fId="2" fbTx="103.1940029" lbTx="103.1940514" tId="1" fbRx="103.194058" lbRx="0" />
<p fId="2" fbTx="103.1940654" lbTx="103.1941138" tId="0" fbRx="103.1941204" lbRx="0" />
<p fId="2" fbTx="103.1940654" lbTx="103.1941138" tId="0" fbRx="103.1941204" lbRx="0" />
<p fId="2" fbTx="103.1940654" lbTx="103.1941138" tId="1" fbRx="103.1941204" lbRx="0" />
<p fId="2" fbTx="103.1941288" lbTx="103.1941773" tId="0" fbRx="103.1941838" lbRx="0" />
<p fId="2" fbTx="103.1941288" lbTx="103.1941773" tId="0" fbRx="103.1941838" lbRx="0" />
<p fId="2" fbTx="103.1941288" lbTx="103.1941773" tId="1" fbRx="103.1941838" lbRx="0" />
<p fId="2" fbTx="103.1941862" lbTx="103.1942347" tId="0" fbRx="103.1942413" lbRx="0" />
<p fId="2" fbTx="103.1941862" lbTx="103.1942347" tId="0" fbRx="103.1942413" lbRx="0" />
<p fId="2" fbTx="103.1941862" lbTx="103.1942347" tId="1" fbRx="103.1942413" lbRx="0" />
<p fId="2" fbTx="103.1942497" lbTx="103.1942982" tId="0" fbRx="103.1943047" lbRx="0" />
<p fId="2" fbTx="103.1942497" lbTx="103.1942982" tId="0" fbRx="103.1943047" lbRx="0" />
<p fId="2" fbTx="103.1942497" lbTx="103.1942982" tId="1" fbRx="103.1943047" lbRx="0" />
<p fId="2" fbTx="103.1943061" lbTx="103.1943546" tId="0" fbRx="103.1943612" lbRx="0" />
<p fId="2" fbTx="103.1943061" lbTx="103.1943546" tId="0" fbRx="103.1943612" lbRx="0" />
<p fId="2" fbTx="103.1943061" lbTx="103.1943546" tId="1" fbRx="103.1943612" lbRx="0" />
<p fId="2" fbTx="103.1943626" lbTx="103.194411" tId="0" fbRx="103.1944176" lbRx="0" />
<p fId="2" fbTx="103.1943626" lbTx="103.194411" tId="0" fbRx="103.1944176" lbRx="0" />
<p fId="2" fbTx="103.1943626" lbTx="103.194411" tId="1" fbRx="103.1944176" lbRx="0" />
<p fId="2" fbTx="103.194418" lbTx="103.1944665" tId="0" fbRx="103.194473" lbRx="0" />
<p fId="2" fbTx="103.194418" lbTx="103.1944665" tId="0" fbRx="103.194473" lbRx="0" />
<p fId="2" fbTx="103.194418" lbTx="103.1944665" tId="1" fbRx="103.194473" lbRx="0" />
<p fId="2" fbTx="103.1944734" lbTx="103.1945219" tId="0" fbRx="103.1945285" lbRx="0" />
<p fId="2" fbTx="103.1944734" lbTx="103.1945219" tId="0" fbRx="103.1945285" lbRx="0" />
<p fId="2" fbTx="103.1944734" lbTx="103.1945219" tId="1" fbRx="103.1945285" lbRx="0" />
<p fId="2" fbTx="103.1945399" lbTx="103.1945884" tId="0" fbRx="103.1945949" lbRx="0" />
<p fId="2" fbTx="103.1945399" lbTx="103.1945884" tId="0" fbRx="103.1945949" lbRx="0" />
<p fId="2" fbTx="103.1945399" lbTx="103.1945884" tId="1" fbRx="103.1945949" lbRx="0" />
<p fId="2" fbTx="103.1945963" lbTx="103.1946448" tId="0" fbRx="103.1946514" lbRx="0" />
<p fId="2" fbTx="103.1945963" lbTx="103.1946448" tId="0" fbRx="103.1946514" lbRx="0" />
<p fId="2" fbTx="103.1945963" lbTx="103.1946448" tId="1" fbRx="103.1946514" lbRx="0" />
<p fId="2" fbTx="103.1946548" lbTx="103.1947032" tId="0" fbRx="103.1947098" lbRx="0" />
<p fId="2" fbTx="103.1946548" lbTx="103.1947032" tId="0" fbRx="103.1947098" lbRx="0" />
<p fId="2" fbTx="103.1946548" lbTx="103.1947032" tId="1" fbRx="103.1947098" lbRx="0" />
<p fId="2" fbTx="103.1947162" lbTx="103.1947647" tId="0" fbRx="103.1947712" lbRx="0" />
<p fId="2" fbTx="103.1947162" lbTx="103.1947647" tId="0" fbRx="103.1947712" lbRx="0" />
<p fId="2" fbTx="103.1947162" lbTx="103.1947647" tId="1" fbRx="103.1947712" lbRx="0" />
<p fId="2" fbTx="103.1947826" lbTx="103.1948311" tId="0" fbRx="103.1948377" lbRx="0" />
<p fId="2" fbTx="103.1947826" lbTx="103.1948311" tId="0" fbRx="103.1948377" lbRx="0" />
<p fId="2" fbTx="103.1947826" lbTx="103.1948311" tId="1" fbRx="103.1948377" lbRx="0" />
<p fId="2" fbTx="103.1948401" lbTx="103.1948886" tId="0" fbRx="103.1948951" lbRx="0" />
<p fId="2" fbTx="103.1948401" lbTx="103.1948886" tId="0" fbRx="103.1948951" lbRx="0" />
<p fId="2" fbTx="103.1948401" lbTx="103.1948886" tId="1" fbRx="103.1948951" lbRx="0" />
<p fId="2" fbTx="103.1948965" lbTx="103.194945" tId="0" fbRx="103.1949516" lbRx="0" />
<p fId="2" fbTx="103.1948965" lbTx="103.194945" tId="0" fbRx="103.1949516" lbRx="0" />
<p fId="2" fbTx="103.1948965" lbTx="103.194945" tId="1" fbRx="103.1949516" lbRx="0" />
<p fId="2" fbTx="103.194955" lbTx="103.1950034" tId="0" fbRx="103.19501" lbRx="0" />
<p fId="2" fbTx="103.194955" lbTx="103.1950034" tId="0" fbRx="103.19501" lbRx="0" />
<p fId="2" fbTx="103.194955" lbTx="103.1950034" tId="1" fbRx="103.19501" lbRx="0" />
<p fId="2" fbTx="103.1950114" lbTx="103.1950599" tId="0" fbRx="103.1950664" lbRx="0" />
<p fId="2" fbTx="103.1950114" lbTx="103.1950599" tId="0" fbRx="103.1950664" lbRx="0" />
<p fId="2" fbTx="103.1950114" lbTx="103.1950599" tId="1" fbRx="103.1950664" lbRx="0" />
<p fId="2" fbTx="103.1950698" lbTx="103.1951183" tId="0" fbRx="103.1951249" lbRx="0" />
<p fId="2" fbTx="103.1950698" lbTx="103.1951183" tId="0" fbRx="103.1951249" lbRx="0" />
<p fId="2" fbTx="103.1950698" lbTx="103.1951183" tId="1" fbRx="103.1951249" lbRx="0" />
<p fId="2" fbTx="103.1951263" lbTx="103.1951748" tId="0" fbRx="103.1951813" lbRx="0" />
<p fId="2" fbTx="103.1951263" lbTx="103.1951748" tId="0" fbRx="103.1951813" lbRx="0" />
<p fId="2" fbTx="103.1951263" lbTx="103.1951748" tId="1" fbRx="103.1951813" lbRx="0" />
<p fId="2" fbTx="103.1951827" lbTx="103.1952312" tId="0" fbRx="103.1952378" lbRx="0" />
<p fId="2" fbTx="103.1951827" lbTx="103.1952312" tId="0" fbRx="103.1952378" lbRx="0" />
<p fId="2" fbTx="103.1951827" lbTx="103.1952312" tId="1" fbRx="103.1952378" lbRx="0" />
<p fId="2" fbTx="103.1952492" lbTx="103.1952976" tId="0" fbRx="103.1953042" lbRx="0" />
<p fId="2" fbTx="103.1952492" lbTx="103.1952976" tId="0" fbRx="103.1953042" lbRx="0" />
<p fId="2" fbTx="103.1952492" lbTx="103.1952976" tId="1" fbRx="103.1953042" lbRx="0" />
<p fId="2" fbTx="103.1953096" lbTx="103.1953581" tId="0" fbRx="103.1953646" lbRx="0" />
<p fId="2" fbTx="103.1953096" lbTx="103.1953581" tId="0" fbRx="103.1953646" lbRx="0" />
<p fId="2" fbTx="103.1953096" lbTx="103.1953581" tId="1" fbRx="103.1953646" lbRx="0" />
<p fId="2" fbTx="103.195366" lbTx="103.1954145" tId="0" fbRx="103.1954211" lbRx="0" />
<p fId="2" fbTx="103.195366" lbTx="103.1954145" tId="0" fbRx="103.1954211" lbRx="0" />
<p fId="2" fbTx="103.195366" lbTx="103.1954145" tId="1" fbRx="103.1954211" lbRx="0" />
<p fId="2" fbTx="103.1954235" lbTx="103.195472" tId="0" fbRx="103.1954785" lbRx="0" />
<p fId="2" fbTx="103.1954235" lbTx="103.195472" tId="0" fbRx="103.1954785" lbRx="0" />
<p fId="2" fbTx="103.1954235" lbTx="103.195472" tId="1" fbRx="103.1954785" lbRx="0" />
<p fId="2" fbTx="103.1954799" lbTx="103.1955284" tId="0" fbRx="103.195535" lbRx="0" />
<p fId="2" fbTx="103.1954799" lbTx="103.1955284" tId="0" fbRx="103.195535" lbRx="0" />
<p fId="2" fbTx="103.1954799" lbTx="103.1955284" tId="1" fbRx="103.195535" lbRx="0" />
<p fId="2" fbTx="103.1955384" lbTx="103.1955868" tId="0" fbRx="103.1955934" lbRx="0" />
<p fId="2" fbTx="103.1955384" lbTx="103.1955868" tId="0" fbRx="103.1955934" lbRx="0" />
<p fId="2" fbTx="103.1955384" lbTx="103.1955868" tId="1" fbRx="103.1955934" lbRx="0" />
<p fId="2" fbTx="103.1955938" lbTx="103.1956423" tId="0" fbRx="103.1956488" lbRx="0" />
<p fId="2" fbTx="103.1955938" lbTx="103.1956423" tId="0" fbRx="103.1956488" lbRx="0" />
<p fId="2" fbTx="103.1955938" lbTx="103.1956423" tId="1" fbRx="103.1956488" lbRx="0" />
<p fId="2" fbTx="103.1956612" lbTx="103.1957097" tId="0" fbRx="103.1957163" lbRx="0" />
<p fId="2" fbTx="103.1956612" lbTx="103.1957097" tId="0" fbRx="103.1957163" lbRx="0" />
<p fId="2" fbTx="103.1956612" lbTx="103.1957097" tId="1" fbRx="103.1957163" lbRx="0" />
<p fId="2" fbTx="103.1957227" lbTx="103.1957712" tId="0" fbRx="103.1957777" lbRx="0" />
<p fId="2" fbTx="103.1957227" lbTx="103.1957712" tId="0" fbRx="103.1957777" lbRx="0" />
<p fId="2" fbTx="103.1957227" lbTx="103.1957712" tId="1" fbRx="103.1957777" lbRx="0" />
<p fId="2" fbTx="103.1957861" lbTx="103.1958346" tId="0" fbRx="103.1958412" lbRx="0" />
<p fId="2" fbTx="103.1957861" lbTx="103.1958346" tId="0" fbRx="103.1958412" lbRx="0" />
<p fId="2" fbTx="103.1957861" lbTx="103.1958346" tId="1" fbRx="103.1958412" lbRx="0" />
<p fId="2" fbTx="103.1958426" lbTx="103.195891" tId="0" fbRx="103.1958976" lbRx="0" />
<p fId="2" fbTx="103.1958426" lbTx="103.195891" tId="0" fbRx="103.1958976" lbRx="0" />
<p fId="2" fbTx="103.1958426" lbTx="103.195891" tId="1" fbRx="103.1958976" lbRx="0" />
<p fId="2" fbTx="103.195899" lbTx="103.1959475" tId="0" fbRx="103.195954" lbRx="0" />
<p fId="2" fbTx="103.195899" lbTx="103.1959475" tId="0" fbRx="103.195954" lbRx="0" />
<p fId="2" fbTx="103.195899" lbTx="103.1959475" tId="1" fbRx="103.195954" lbRx="0" />
<p fId="2" fbTx="103.1959544" lbTx="103.1960029" tId="0" fbRx="103.1960095" lbRx="0" />
<p fId="2" fbTx="103.1959544" lbTx="103.1960029" tId="0" fbRx="103.1960095" lbRx="0" />
<p fId="2" fbTx="103.1959544" lbTx="103.1960029" tId="1" fbRx="103.1960095" lbRx="0" />
<p fId="2" fbTx="103.1960109" lbTx="103.1960594" tId="0" fbRx="103.1960659" lbRx="0" />
<p fId="2" fbTx="103.1960109" lbTx="103.1960594" tId="0" fbRx="103.1960659" lbRx="0" />
<p fId="2" fbTx="103.1960109" lbTx="103.1960594" tId="1" fbRx="103.1960659" lbRx="0" />
<p fId="2" fbTx="103.1960673" lbTx="103.1961158" tId="0" fbRx="103.1961224" lbRx="0" />
<p fId="2" fbTx="103.1960673" lbTx="103.1961158" tId="0" fbRx="103.1961224" lbRx="0" />
<p fId="2" fbTx="103.1960673" lbTx="103.1961158" tId="1" fbRx="103.1961224" lbRx="0" />
<p fId="2" fbTx="103.1961228" lbTx="103.1961712" tId="0" fbRx="103.1961778" lbRx="0" />
<p fId="2" fbTx="103.1961228" lbTx="103.1961712" tId="0" fbRx="103.1961778" lbRx="0" />
<p fId="2" fbTx="103.1961228" lbTx="103.1961712" tId="1" fbRx="103.1961778" lbRx="0" />
<p fId="2" fbTx="103.1961792" lbTx="103.1962277" tId="0" fbRx="103.1962342" lbRx="0" />
<p fId="2" fbTx="103.1961792" lbTx="103.1962277" tId="0" fbRx="103.1962342" lbRx="0" />
<p fId="2" fbTx="103.1961792" lbTx="103.1962277" tId="1" fbRx="103.1962342" lbRx="0" />
<p fId="2" fbTx="103.1962346" lbTx="103.1962831" tId="0" fbRx="103.1962897" lbRx="0" />
<p fId="2" fbTx="103.1962346" lbTx="103.1962831" tId="0" fbRx="103.1962897" lbRx="0" />
<p fId="2" fbTx="103.1962346" lbTx="103.1962831" tId="1" fbRx="103.1962897" lbRx="0" />
<p fId="2" fbTx="103.1963011" lbTx="103.1963496" tId="0" fbRx="103.1963561" lbRx="0" />
<p fId="2" fbTx="103.1963011" lbTx="103.1963496" tId="0" fbRx="103.1963561" lbRx="0" />
<p fId="2" fbTx="103.1963011" lbTx="103.1963496" tId="1" fbRx="103.1963561" lbRx="0" />
<p fId="2" fbTx="103.1963565" lbTx="103.196405" tId="0" fbRx="103.1964116" lbRx="0" />
<p fId="2" fbTx="103.1963565" lbTx="103.196405" tId="0" fbRx="103.1964116" lbRx="0" />
<p fId="2" fbTx="103.1963565" lbTx="103.196405" tId="1" fbRx="103.1964116" lbRx="0" />
<p fId="2" fbTx="103.196414" lbTx="103.1964624" tId="0" fbRx="103.196469" lbRx="0" />
<p fId="2" fbTx="103.196414" lbTx="103.1964624" tId="0" fbRx="103.196469" lbRx="0" />
<p fId="2" fbTx="103.196414" lbTx="103.1964624" tId="1" fbRx="103.196469" lbRx="0" />
<p fId="2" fbTx="103.1964734" lbTx="103.1965219" tId="0" fbRx="103.1965284" lbRx="0" />
<p fId="2" fbTx="103.1964734" lbTx="103.1965219" tId="0" fbRx="103.1965284" lbRx="0" />
<p fId="2" fbTx="103.1964734" lbTx="103.1965219" tId="1" fbRx="103.1965284" lbRx="0" />
<p fId="2" fbTx="103.1965408" lbTx="103.1965893" tId="0" fbRx="103.1965959" lbRx="0" />
<p fId="2" fbTx="103.1965408" lbTx="103.1965893" tId="0" fbRx="103.1965959" lbRx="0" />
<p fId="2" fbTx="103.1965408" lbTx="103.1965893" tId="1" fbRx="103.1965959" lbRx="0" />
<p fId="2" fbTx="103.1965973" lbTx="103.1966458" tId="0" fbRx="103.1966523" lbRx="0" />
<p fId="2" fbTx="103.1965973" lbTx="103.1966458" tId="0" fbRx="103.1966523" lbRx="0" />
<p fId="2" fbTx="103.1965973" lbTx="103.1966458" tId="1" fbRx="103.1966523" lbRx="0" />
<p fId="2" fbTx="103.1966537" lbTx="103.1967022" tId="0" fbRx="103.1967088" lbRx="0" />
<p fId="2" fbTx="103.1966537" lbTx="103.1967022" tId="0" fbRx="103.1967088" lbRx="0" />
<p fId="2" fbTx="103.1966537" lbTx="103.1967022" tId="1" fbRx="103.1967088" lbRx="0" />
<p fId="2" fbTx="103.1967122" lbTx="103.1967606" tId="0" fbRx="103.1967672" lbRx="0" />
<p fId="2" fbTx="103.1967122" lbTx="103.1967606" tId="0" fbRx="103.1967672" lbRx="0" />
<p fId="2" fbTx="103.1967122" lbTx="103.1967606" tId="1" fbRx="103.1967672" lbRx="0" />
<p fId="2" fbTx="103.1967706" lbTx="103.1968191" tId="0" fbRx="103.1968256" lbRx="0" />
<p fId="2" fbTx="103.1967706" lbTx="103.1968191" tId="0" fbRx="103.1968256" lbRx="0" />
<p fId="2" fbTx="103.1967706" lbTx="103.1968191" tId="1" fbRx="103.1968256" lbRx="0" />
<p fId="2" fbTx="103.196826" lbTx="103.1968745" tId="0" fbRx="103.1968811" lbRx="0" />
<p fId="2" fbTx="103.196826" lbTx="103.1968745" tId="0" fbRx="103.1968811" lbRx="0" />
<p fId="2" fbTx="103.196826" lbTx="103.1968745" tId="1" fbRx="103.1968811" lbRx="0" />
<p fId="2" fbTx="103.1968815" lbTx="103.19693" tId="0" fbRx="103.1969365" lbRx="0" />
<p fId="2" fbTx="103.1968815" lbTx="103.19693" tId="0" fbRx="103.1969365" lbRx="0" />
<p fId="2" fbTx="103.1968815" lbTx="103.19693" tId="1" fbRx="103.1969365" lbRx="0" />
<p fId="2" fbTx="103.1969379" lbTx="103.1969864" tId="0" fbRx="103.196993" lbRx="0" />
<p fId="2" fbTx="103.1969379" lbTx="103.1969864" tId="0" fbRx="103.196993" lbRx="0" />
<p fId="2" fbTx="103.1969379" lbTx="103.1969864" tId="1" fbRx="103.196993" lbRx="0" />
<p fId="2" fbTx="103.1969954" lbTx="103.1970438" tId="0" fbRx="103.1970504" lbRx="0" />
<p fId="2" fbTx="103.1969954" lbTx="103.1970438" tId="0" fbRx="103.1970504" lbRx="0" />
<p fId="2" fbTx="103.1969954" lbTx="103.1970438" tId="1" fbRx="103.1970504" lbRx="0" />
<p fId="2" fbTx="103.1970528" lbTx="103.1971013" tId="0" fbRx="103.1971078" lbRx="0" />
<p fId="2" fbTx="103.1970528" lbTx="103.1971013" tId="0" fbRx="103.1971078" lbRx="0" />
<p fId="2" fbTx="103.1970528" lbTx="103.1971013" tId="1" fbRx="103.1971078" lbRx="0" />
<p fId="2" fbTx="103.1971092" lbTx="103.1971577" tId="0" fbRx="103.1971643" lbRx="0" />
<p fId="2" fbTx="103.1971092" lbTx="103.1971577" tId="0" fbRx="103.1971643" lbRx="0" />
<p fId="2" fbTx="103.1971092" lbTx="103.1971577" tId="1" fbRx="103.1971643" lbRx="0" />
<p fId="2" fbTx="103.1971767" lbTx="103.1972252" tId="0" fbRx="103.1972317" lbRx="0" />
<p fId="2" fbTx="103.1971767" lbTx="103.1972252" tId="0" fbRx="103.1972317" lbRx="0" />
<p fId="2" fbTx="103.1971767" lbTx="103.1972252" tId="1" fbRx="103.1972317" lbRx="0" />
<p fId="2" fbTx="103.1972321" lbTx="103.1972806" tId="0" fbRx="103.1972872" lbRx="0" />
<p fId="2" fbTx="103.1972321" lbTx="103.1972806" tId="0" fbRx="103.1972872" lbRx="0" />
<p fId="2" fbTx="103.1972321" lbTx="103.1972806" tId="1" fbRx="103.1972872" lbRx="0" />
<p fId="2" fbTx="103.1972876" lbTx="103.197336" tId="0" fbRx="103.1973426" lbRx="0" />
<p fId="2" fbTx="103.1972876" lbTx="103.197336" tId="0" fbRx="103.1973426" lbRx="0" />
<p fId="2" fbTx="103.1972876" lbTx="103.197336" tId="1" fbRx="103.1973426" lbRx="0" />
<p fId="2" fbTx="103.197343" lbTx="103.1973915" tId="0" fbRx="103.197398" lbRx="0" />
<p fId="2" fbTx="103.197343" lbTx="103.1973915" tId="0" fbRx="103.197398" lbRx="0" />
<p fId="2" fbTx="103.197343" lbTx="103.1973915" tId="1" fbRx="103.197398" lbRx="0" />
<p fId="2" fbTx="103.1973994" lbTx="103.1974479" tId="0" fbRx="103.1974545" lbRx="0" />
<p fId="2" fbTx="103.1973994" lbTx="103.1974479" tId="0" fbRx="103.1974545" lbRx="0" />
<p fId="2" fbTx="103.1973994" lbTx="103.1974479" tId="1" fbRx="103.1974545" lbRx="0" />
<p fId="2" fbTx="103.1974559" lbTx="103.1975044" tId="0" fbRx="103.1975109" lbRx="0" />
<p fId="2" fbTx="103.1974559" lbTx="103.1975044" tId="0" fbRx="103.1975109" lbRx="0" />
<p fId="2" fbTx="103.1974559" lbTx="103.1975044" tId="1" fbRx="103.1975109" lbRx="0" />
<p fId="2" fbTx="103.1975113" lbTx="103.1975598" tId="0" fbRx="103.1975664" lbRx="0" />
<p fId="2" fbTx="103.1975113" lbTx="103.1975598" tId="0" fbRx="103.1975664" lbRx="0" />
<p fId="2" fbTx="103.1975113" lbTx="103.1975598" tId="1" fbRx="103.1975664" lbRx="0" />
<p fId="2" fbTx="103.1975698" lbTx="103.1976182" tId="0" fbRx="103.1976248" lbRx="0" />
<p fId="2" fbTx="103.1975698" lbTx="103.1976182" tId="0" fbRx="103.1976248" lbRx="0" />
<p fId="2" fbTx="103.1975698" lbTx="103.1976182" tId="1" fbRx="103.1976248" lbRx="0" />
<p fId="2" fbTx="103.1976262" lbTx="103.1976747" tId="0" fbRx="103.1976812" lbRx="0" />
<p fId="2" fbTx="103.1976262" lbTx="103.1976747" tId="0" fbRx="103.1976812" lbRx="0" />
<p fId="2" fbTx="103.1976262" lbTx="103.1976747" tId="1" fbRx="103.1976812" lbRx="0" />
<p fId="2" fbTx="103.1976866" lbTx="103.1977351" tId="0" fbRx="103.1977417" lbRx="0" />
<p fId="2" fbTx="103.1976866" lbTx="103.1977351" tId="0" fbRx="103.1977417" lbRx="0" />
<p fId="2" fbTx="103.1976866" lbTx="103.1977351" tId="1" fbRx="103.1977417" lbRx="0" />
<p fId="2" fbTx="103.1977461" lbTx="103.1977946" tId="0" fbRx="103.1978011" lbRx="0" />
<p fId="2" fbTx="103.1977461" lbTx="103.1977946" tId="0" fbRx="103.1978011" lbRx="0" />
<p fId="2" fbTx="103.1977461" lbTx="103.1977946" tId="1" fbRx="103.1978011" lbRx="0" />
<p fId="2" fbTx="103.1978035" lbTx="103.197852" tId="0" fbRx="103.1978586" lbRx="0" />
<p fId="2" fbTx="103.1978035" lbTx="103.197852" tId="0" fbRx="103.1978586" lbRx="0" />
<p fId="2" fbTx="103.1978035" lbTx="103.197852" tId="1" fbRx="103.1978586" lbRx="0" />
<p fId="2" fbTx="103.197861" lbTx="103.1979094" tId="0" fbRx="103.197916" lbRx="0" />
<p fId="2" fbTx="103.197861" lbTx="103.1979094" tId="0" fbRx="103.197916" lbRx="0" />
<p fId="2" fbTx="103.197861" lbTx="103.1979094" tId="1" fbRx="103.197916" lbRx="0" />
<p fId="2" fbTx="103.1979294" lbTx="103.1979779" tId="0" fbRx="103.1979844" lbRx="0" />
<p fId="2" fbTx="103.1979294" lbTx="103.1979779" tId="0" fbRx="103.1979844" lbRx="0" />
<p fId="2" fbTx="103.1979294" lbTx="103.1979779" tId="1" fbRx="103.1979844" lbRx="0" />
<p fId="2" fbTx="103.1979868" lbTx="103.1980353" tId="0" fbRx="103.1980419" lbRx="0" />
<p fId="2" fbTx="103.1979868" lbTx="103.1980353" tId="0" fbRx="103.1980419" lbRx="0" />
<p fId="2" fbTx="103.1979868" lbTx="103.1980353" tId="1" fbRx="103.1980419" lbRx="0" />
<p fId="2" fbTx="103.1980423" lbTx="103.1980908" tId="0" fbRx="103.1980973" lbRx="0" />
<p fId="2" fbTx="103.1980423" lbTx="103.1980908" tId="0" fbRx="103.1980973" lbRx="0" />
<p fId="2" fbTx="103.1980423" lbTx="103.1980908" tId="1" fbRx="103.1980973" lbRx="0" />
<p fId="2" fbTx="103.1981027" lbTx="103.1981512" tId="0" fbRx="103.1981578" lbRx="0" />
<p fId="2" fbTx="103.1981027" lbTx="103.1981512" tId="0" fbRx="103.1981578" lbRx="0" />
<p fId="2" fbTx="103.1981027" lbTx="103.1981512" tId="1" fbRx="103.1981578" lbRx="0" />
<p fId="2" fbTx="103.1981612" lbTx="103.1982096" tId="0" fbRx="103.1982162" lbRx="0" />
<p fId="2" fbTx="103.1981612" lbTx="103.1982096" tId="0" fbRx="103.1982162" lbRx="0" />
<p fId="2" fbTx="103.1981612" lbTx="103.1982096" tId="1" fbRx="103.1982162" lbRx="0" />
<p fId="2" fbTx="103.1982176" lbTx="103.1982661" tId="0" fbRx="103.1982726" lbRx="0" />
<p fId="2" fbTx="103.1982176" lbTx="103.1982661" tId="0" fbRx="103.1982726" lbRx="0" />
<p fId="2" fbTx="103.1982176" lbTx="103.1982661" tId="1" fbRx="103.1982726" lbRx="0" />
<p fId="2" fbTx="103.198275" lbTx="103.1983235" tId="0" fbRx="103.1983301" lbRx="0" />
<p fId="2" fbTx="103.198275" lbTx="103.1983235" tId="0" fbRx="103.1983301" lbRx="0" />
<p fId="2" fbTx="103.198275" lbTx="103.1983235" tId="1" fbRx="103.1983301" lbRx="0" />
<p fId="2" fbTx="103.1983325" lbTx="103.198381" tId="0" fbRx="103.1983875" lbRx="0" />
<p fId="2" fbTx="103.1983325" lbTx="103.198381" tId="0" fbRx="103.1983875" lbRx="0" />
<p fId="2" fbTx="103.1983325" lbTx="103.198381" tId="1" fbRx="103.1983875" lbRx="0" />
<p fId="2" fbTx="103.1983979" lbTx="103.1984464" tId="0" fbRx="103.198453" lbRx="0" />
<p fId="2" fbTx="103.1983979" lbTx="103.1984464" tId="0" fbRx="103.198453" lbRx="0" />
<p fId="2" fbTx="103.1983979" lbTx="103.1984464" tId="1" fbRx="103.198453" lbRx="0" />
<p fId="2" fbTx="103.1984614" lbTx="103.1985098" tId="0" fbRx="103.1985164" lbRx="0" />
<p fId="2" fbTx="103.1984614" lbTx="103.1985098" tId="0" fbRx="103.1985164" lbRx="0" />
<p fId="2" fbTx="103.1984614" lbTx="103.1985098" tId="1" fbRx="103.1985164" lbRx="0" />
<p fId="2" fbTx="103.1985188" lbTx="103.1985673" tId="0" fbRx="103.1985738" lbRx="0" />
<p fId="2" fbTx="103.1985188" lbTx="103.1985673" tId="0" fbRx="103.1985738" lbRx="0" />
<p fId="2" fbTx="103.1985188" lbTx="103.1985673" tId="1" fbRx="103.1985738" lbRx="0" />
<p fId="2" fbTx="103.1985752" lbTx="103.1986237" tId="0" fbRx="103.1986303" lbRx="0" />
<p fId="2" fbTx="103.1985752" lbTx="103.1986237" tId="0" fbRx="103.1986303" lbRx="0" />
<p fId="2" fbTx="103.1985752" lbTx="103.1986237" tId="1" fbRx="103.1986303" lbRx="0" />
<p fId="2" fbTx="103.1986327" lbTx="103.1986812" tId="0" fbRx="103.1986877" lbRx="0" />
<p fId="2" fbTx="103.1986327" lbTx="103.1986812" tId="0" fbRx="103.1986877" lbRx="0" />
<p fId="2" fbTx="103.1986327" lbTx="103.1986812" tId="1" fbRx="103.1986877" lbRx="0" />
<p fId="2" fbTx="103.1986911" lbTx="103.1987396" tId="0" fbRx="103.1987462" lbRx="0" />
<p fId="2" fbTx="103.1986911" lbTx="103.1987396" tId="0" fbRx="103.1987462" lbRx="0" />
<p fId="2" fbTx="103.1986911" lbTx="103.1987396" tId="1" fbRx="103.1987462" lbRx="0" />
<p fId="2" fbTx="103.1987576" lbTx="103.198806" tId="0" fbRx="103.1988126" lbRx="0" />
<p fId="2" fbTx="103.1987576" lbTx="103.198806" tId="0" fbRx="103.1988126" lbRx="0" />
<p fId="2" fbTx="103.1987576" lbTx="103.198806" tId="1" fbRx="103.1988126" lbRx="0" />
<p fId="2" fbTx="103.198814" lbTx="103.1988625" tId="0" fbRx="103.198869" lbRx="0" />
<p fId="2" fbTx="103.198814" lbTx="103.1988625" tId="0" fbRx="103.198869" lbRx="0" />
<p fId="2" fbTx="103.198814" lbTx="103.1988625" tId="1" fbRx="103.198869" lbRx="0" />
<p fId="2" fbTx="103.1988714" lbTx="103.1989199" tId="0" fbRx="103.1989265" lbRx="0" />
<p fId="2" fbTx="103.1988714" lbTx="103.1989199" tId="0" fbRx="103.1989265" lbRx="0" />
<p fId="2" fbTx="103.1988714" lbTx="103.1989199" tId="1" fbRx="103.1989265" lbRx="0" />
<p fId="2" fbTx="103.1989269" lbTx="103.1989754" tId="0" fbRx="103.1989819" lbRx="0" />
<p fId="2" fbTx="103.1989269" lbTx="103.1989754" tId="0" fbRx="103.1989819" lbRx="0" />
<p fId="2" fbTx="103.1989269" lbTx="103.1989754" tId="1" fbRx="103.1989819" lbRx="0" />
<p fId="2" fbTx="103.1989833" lbTx="103.1990318" tId="0" fbRx="103.1990384" lbRx="0" />
<p fId="2" fbTx="103.1989833" lbTx="103.1990318" tId="0" fbRx="103.1990384" lbRx="0" />
<p fId="2" fbTx="103.1989833" lbTx="103.1990318" tId="1" fbRx="103.1990384" lbRx="0" />
<p fId="2" fbTx="103.1990438" lbTx="103.1990922" tId="0" fbRx="103.1990988" lbRx="0" />
<p fId="2" fbTx="103.1990438" lbTx="103.1990922" tId="0" fbRx="103.1990988" lbRx="0" />
<p fId="2" fbTx="103.1990438" lbTx="103.1990922" tId="1" fbRx="103.1990988" lbRx="0" />
<p fId="2" fbTx="103.1991012" lbTx="103.1991497" tId="0" fbRx="103.1991562" lbRx="0" />
<p fId="2" fbTx="103.1991012" lbTx="103.1991497" tId="0" fbRx="103.1991562" lbRx="0" />
<p fId="2" fbTx="103.1991012" lbTx="103.1991497" tId="1" fbRx="103.1991562" lbRx="0" />
<p fId="2" fbTx="103.1991606" lbTx="103.1992091" tId="0" fbRx="103.1992157" lbRx="0" />
<p fId="2" fbTx="103.1991606" lbTx="103.1992091" tId="0" fbRx="103.1992157" lbRx="0" />
<p fId="2" fbTx="103.1991606" lbTx="103.1992091" tId="1" fbRx="103.1992157" lbRx="0" />
<p fId="2" fbTx="103.1992171" lbTx="103.1992656" tId="0" fbRx="103.1992721" lbRx="0" />
<p fId="2" fbTx="103.1992171" lbTx="103.1992656" tId="0" fbRx="103.1992721" lbRx="0" />
<p fId="2" fbTx="103.1992171" lbTx="103.1992656" tId="1" fbRx="103.1992721" lbRx="0" />
<p fId="2" fbTx="103.1992735" lbTx="103.199322" tId="0" fbRx="103.1993286" lbRx="0" />
<p fId="2" fbTx="103.1992735" lbTx="103.199322" tId="0" fbRx="103.1993286" lbRx="0" />
<p fId="2" fbTx="103.1992735" lbTx="103.199322" tId="1" fbRx="103.1993286" lbRx="0" />
<p fId="2" fbTx="103.19933" lbTx="103.1993784" tId="0" fbRx="103.199385" lbRx="0" />
<p fId="2" fbTx="103.19933" lbTx="103.1993784" tId="0" fbRx="103.199385" lbRx="0" />
<p fId="2" fbTx="103.19933" lbTx="103.1993784" tId="1" fbRx="103.199385" lbRx="0" />
<p fId="2" fbTx="103.1993954" lbTx="103.1994439" tId="0" fbRx="103.1994504" lbRx="0" />
<p fId="2" fbTx="103.1993954" lbTx="103.1994439" tId="0" fbRx="103.1994504" lbRx="0" />
<p fId="2" fbTx="103.1993954" lbTx="103.1994439" tId="1" fbRx="103.1994504" lbRx="0" />
<p fId="2" fbTx="103.1994508" lbTx="103.1994993" tId="0" fbRx="103.1995059" lbRx="0" />
<p fId="2" fbTx="103.1994508" lbTx="103.1994993" tId="0" fbRx="103.1995059" lbRx="0" />
<p fId="2" fbTx="103.1994508" lbTx="103.1994993" tId="1" fbRx="103.1995059" lbRx="0" />
<p fId="2" fbTx="103.1995183" lbTx="103.1995668" tId="0" fbRx="103.1995733" lbRx="0" />
<p fId="2" fbTx="103.1995183" lbTx="103.1995668" tId="0" fbRx="103.1995733" lbRx="0" />
<p fId="2" fbTx="103.1995183" lbTx="103.1995668" tId="1" fbRx="103.1995733" lbRx="0" />
<p fId="2" fbTx="103.1995757" lbTx="103.1996242" tId="0" fbRx="103.1996308" lbRx="0" />
<p fId="2" fbTx="103.1995757" lbTx="103.1996242" tId="0" fbRx="103.1996308" lbRx="0" />
<p fId="2" fbTx="103.1995757" lbTx="103.1996242" tId="1" fbRx="103.1996308" lbRx="0" />
<p fId="2" fbTx="103.1996352" lbTx="103.1996836" tId="0" fbRx="103.1996902" lbRx="0" />
<p fId="2" fbTx="103.1996352" lbTx="103.1996836" tId="0" fbRx="103.1996902" lbRx="0" />
<p fId="2" fbTx="103.1996352" lbTx="103.1996836" tId="1" fbRx="103.1996902" lbRx="0" />
<p fId="2" fbTx="103.1997036" lbTx="103.1997521" tId="0" fbRx="103.1997586" lbRx="0" />
<p fId="2" fbTx="103.1997036" lbTx="103.1997521" tId="0" fbRx="103.1997586" lbRx="0" />
<p fId="2" fbTx="103.1997036" lbTx="103.1997521" tId="1" fbRx="103.1997586" lbRx="0" />
<p fId="2" fbTx="103.19976" lbTx="103.1998085" tId="0" fbRx="103.1998151" lbRx="0" />
<p fId="2" fbTx="103.19976" lbTx="103.1998085" tId="0" fbRx="103.1998151" lbRx="0" />
<p fId="2" fbTx="103.19976" lbTx="103.1998085" tId="1" fbRx="103.1998151" lbRx="0" />
<p fId="2" fbTx="103.1998185" lbTx="103.199867" tId="0" fbRx="103.1998735" lbRx="0" />
<p fId="2" fbTx="103.1998185" lbTx="103.199867" tId="0" fbRx="103.1998735" lbRx="0" />
<p fId="2" fbTx="103.1998185" lbTx="103.199867" tId="1" fbRx="103.1998735" lbRx="0" />
<p fId="2" fbTx="103.1998739" lbTx="103.1999224" tId="0" fbRx="103.199929" lbRx="0" />
<p fId="2" fbTx="103.1998739" lbTx="103.1999224" tId="0" fbRx="103.199929" lbRx="0" />
<p fId="2" fbTx="103.1998739" lbTx="103.1999224" tId="1" fbRx="103.199929" lbRx="0" />
<p fId="2" fbTx="103.1999314" lbTx="103.1999798" tId="0" fbRx="103.1999864" lbRx="0" />
<p fId="2" fbTx="103.1999314" lbTx="103.1999798" tId="0" fbRx="103.1999864" lbRx="0" />
<p fId="2" fbTx="103.1999314" lbTx="103.1999798" tId="1" fbRx="103.1999864" lbRx="0" />
<p fId="2" fbTx="103.1999908" lbTx="103.2000393" tId="0" fbRx="103.2000458" lbRx="0" />
<p fId="2" fbTx="103.1999908" lbTx="103.2000393" tId="0" fbRx="103.2000458" lbRx="0" />
<p fId="2" fbTx="103.1999908" lbTx="103.2000393" tId="1" fbRx="103.2000458" lbRx="0" />
<p fId="2" fbTx="103.2000542" lbTx="103.2001027" tId="0" fbRx="103.2001093" lbRx="0" />
<p fId="2" fbTx="103.2000542" lbTx="103.2001027" tId="0" fbRx="103.2001093" lbRx="0" />
<p fId="2" fbTx="103.2000542" lbTx="103.2001027" tId="1" fbRx="103.2001093" lbRx="0" />
<p fId="2" fbTx="103.2001107" lbTx="103.2001592" tId="0" fbRx="103.2001657" lbRx="0" />
<p fId="2" fbTx="103.2001107" lbTx="103.2001592" tId="0" fbRx="103.2001657" lbRx="0" />
<p fId="2" fbTx="103.2001107" lbTx="103.2001592" tId="1" fbRx="103.2001657" lbRx="0" />
<p fId="2" fbTx="103.2001661" lbTx="103.2002146" tId="0" fbRx="103.2002212" lbRx="0" />
<p fId="2" fbTx="103.2001661" lbTx="103.2002146" tId="0" fbRx="103.2002212" lbRx="0" />
<p fId="2" fbTx="103.2001661" lbTx="103.2002146" tId="1" fbRx="103.2002212" lbRx="0" />
<p fId="2" fbTx="103.2002236" lbTx="103.200272" tId="0" fbRx="103.2002786" lbRx="0" />
<p fId="2" fbTx="103.2002236" lbTx="103.200272" tId="0" fbRx="103.2002786" lbRx="0" />
<p fId="2" fbTx="103.2002236" lbTx="103.200272" tId="1" fbRx="103.2002786" lbRx="0" />
<p fId="2" fbTx="103.200289" lbTx="103.2003375" tId="0" fbRx="103.200344" lbRx="0" />
<p fId="2" fbTx="103.200289" lbTx="103.2003375" tId="0" fbRx="103.200344" lbRx="0" />
<p fId="2" fbTx="103.200289" lbTx="103.2003375" tId="1" fbRx="103.200344" lbRx="0" />
<p fId="2" fbTx="103.2003454" lbTx="103.2003939" tId="0" fbRx="103.2004005" lbRx="0" />
<p fId="2" fbTx="103.2003454" lbTx="103.2003939" tId="0" fbRx="103.2004005" lbRx="0" />
<p fId="2" fbTx="103.2003454" lbTx="103.2003939" tId="1" fbRx="103.2004005" lbRx="0" />
<p fId="2" fbTx="103.2004029" lbTx="103.2004514" tId="0" fbRx="103.2004579" lbRx="0" />
<p fId="2" fbTx="103.2004029" lbTx="103.2004514" tId="0" fbRx="103.2004579" lbRx="0" />
<p fId="2" fbTx="103.2004029" lbTx="103.2004514" tId="1" fbRx="103.2004579" lbRx="0" />
<p fId="2" fbTx="103.2004703" lbTx="103.2005188" tId="0" fbRx="103.2005254" lbRx="0" />
<p fId="2" fbTx="103.2004703" lbTx="103.2005188" tId="0" fbRx="103.2005254" lbRx="0" />
<p fId="2" fbTx="103.2004703" lbTx="103.2005188" tId="1" fbRx="103.2005254" lbRx="0" />
<p fId="2" fbTx="103.2005328" lbTx="103.2005812" tId="0" fbRx="103.2005878" lbRx="0" />
<p fId="2" fbTx="103.2005328" lbTx="103.2005812" tId="0" fbRx="103.2005878" lbRx="0" />
<p fId="2" fbTx="103.2005328" lbTx="103.2005812" tId="1" fbRx="103.2005878" lbRx="0" />
<p fId="2" fbTx="103.2005912" lbTx="103.2006397" tId="0" fbRx="103.2006462" lbRx="0" />
<p fId="2" fbTx="103.2005912" lbTx="103.2006397" tId="0" fbRx="103.2006462" lbRx="0" />
<p fId="2" fbTx="103.2005912" lbTx="103.2006397" tId="1" fbRx="103.2006462" lbRx="0" />
<p fId="2" fbTx="103.2006556" lbTx="103.2007041" tId="0" fbRx="103.2007107" lbRx="0" />
<p fId="2" fbTx="103.2006556" lbTx="103.2007041" tId="0" fbRx="103.2007107" lbRx="0" />
<p fId="2" fbTx="103.2006556" lbTx="103.2007041" tId="1" fbRx="103.2007107" lbRx="0" />
<p fId="2" fbTx="103.2007161" lbTx="103.2007646" tId="0" fbRx="103.2007711" lbRx="0" />
<p fId="2" fbTx="103.2007161" lbTx="103.2007646" tId="0" fbRx="103.2007711" lbRx="0" />
<p fId="2" fbTx="103.2007161" lbTx="103.2007646" tId="1" fbRx="103.2007711" lbRx="0" />
<p fId="2" fbTx="103.2007725" lbTx="103.200821" tId="0" fbRx="103.2008276" lbRx="0" />
<p fId="2" fbTx="103.2007725" lbTx="103.200821" tId="0" fbRx="103.2008276" lbRx="0" />
<p fId="2" fbTx="103.2007725" lbTx="103.200821" tId="1" fbRx="103.2008276" lbRx="0" />
<p fId="2" fbTx="103.200841" lbTx="103.2008894" tId="0" fbRx="103.200896" lbRx="0" />
<p fId="2" fbTx="103.200841" lbTx="103.2008894" tId="0" fbRx="103.200896" lbRx="0" />
<p fId="2" fbTx="103.200841" lbTx="103.2008894" tId="1" fbRx="103.200896" lbRx="0" />
<p fId="2" fbTx="103.2008974" lbTx="103.2009459" tId="0" fbRx="103.2009524" lbRx="0" />
<p fId="2" fbTx="103.2008974" lbTx="103.2009459" tId="0" fbRx="103.2009524" lbRx="0" />
<p fId="2" fbTx="103.2008974" lbTx="103.2009459" tId="1" fbRx="103.2009524" lbRx="0" />
<p fId="2" fbTx="103.2009548" lbTx="103.2010033" tId="0" fbRx="103.2010099" lbRx="0" />
<p fId="2" fbTx="103.2009548" lbTx="103.2010033" tId="0" fbRx="103.2010099" lbRx="0" />
<p fId="2" fbTx="103.2009548" lbTx="103.2010033" tId="1" fbRx="103.2010099" lbRx="0" />
<p fId="2" fbTx="103.2010213" lbTx="103.2010698" tId="0" fbRx="103.2010763" lbRx="0" />
<p fId="2" fbTx="103.2010213" lbTx="103.2010698" tId="0" fbRx="103.2010763" lbRx="0" />
<p fId="2" fbTx="103.2010213" lbTx="103.2010698" tId="1" fbRx="103.2010763" lbRx="0" />
<p fId="2" fbTx="103.2010787" lbTx="103.2011272" tId="0" fbRx="103.2011338" lbRx="0" />
<p fId="2" fbTx="103.2010787" lbTx="103.2011272" tId="0" fbRx="103.2011338" lbRx="0" />
<p fId="2" fbTx="103.2010787" lbTx="103.2011272" tId="1" fbRx="103.2011338" lbRx="0" />
<p fId="2" fbTx="103.2011342" lbTx="103.2011826" tId="0" fbRx="103.2011892" lbRx="0" />
<p fId="2" fbTx="103.2011342" lbTx="103.2011826" tId="0" fbRx="103.2011892" lbRx="0" />
<p fId="2" fbTx="103.2011342" lbTx="103.2011826" tId="1" fbRx="103.2011892" lbRx="0" />
<p fId="2" fbTx="103.2011896" lbTx="103.2012381" tId="0" fbRx="103.2012446" lbRx="0" />
<p fId="2" fbTx="103.2011896" lbTx="103.2012381" tId="0" fbRx="103.2012446" lbRx="0" />
<p fId="2" fbTx="103.2011896" lbTx="103.2012381" tId="1" fbRx="103.2012446" lbRx="0" />
<p fId="2" fbTx="103.201245" lbTx="103.2012935" tId="0" fbRx="103.2013001" lbRx="0" />
<p fId="2" fbTx="103.201245" lbTx="103.2012935" tId="0" fbRx="103.2013001" lbRx="0" />
<p fId="2" fbTx="103.201245" lbTx="103.2012935" tId="1" fbRx="103.2013001" lbRx="0" />
<p fId="2" fbTx="103.2013025" lbTx="103.201351" tId="0" fbRx="103.2013575" lbRx="0" />
<p fId="2" fbTx="103.2013025" lbTx="103.201351" tId="0" fbRx="103.2013575" lbRx="0" />
<p fId="2" fbTx="103.2013025" lbTx="103.201351" tId="1" fbRx="103.2013575" lbRx="0" />
<p fId="2" fbTx="103.2013579" lbTx="103.2014064" tId="0" fbRx="103.201413" lbRx="0" />
<p fId="2" fbTx="103.2013579" lbTx="103.2014064" tId="0" fbRx="103.201413" lbRx="0" />
<p fId="2" fbTx="103.2013579" lbTx="103.2014064" tId="1" fbRx="103.201413" lbRx="0" />
<p fId="2" fbTx="103.2014244" lbTx="103.2014728" tId="0" fbRx="103.2014794" lbRx="0" />
<p fId="2" fbTx="103.2014244" lbTx="103.2014728" tId="0" fbRx="103.2014794" lbRx="0" />
<p fId="2" fbTx="103.2014244" lbTx="103.2014728" tId="1" fbRx="103.2014794" lbRx="0" />
<p fId="2" fbTx="103.2014808" lbTx="103.2015293" tId="0" fbRx="103.2015358" lbRx="0" />
<p fId="2" fbTx="103.2014808" lbTx="103.2015293" tId="0" fbRx="103.2015358" lbRx="0" />
<p fId="2" fbTx="103.2014808" lbTx="103.2015293" tId="1" fbRx="103.2015358" lbRx="0" />
<p fId="2" fbTx="103.2015372" lbTx="103.2015857" tId="0" fbRx="103.2015923" lbRx="0" />
<p fId="2" fbTx="103.2015372" lbTx="103.2015857" tId="0" fbRx="103.2015923" lbRx="0" />
<p fId="2" fbTx="103.2015372" lbTx="103.2015857" tId="1" fbRx="103.2015923" lbRx="0" />
<p fId="2" fbTx="103.2015947" lbTx="103.2016432" tId="0" fbRx="103.2016497" lbRx="0" />
<p fId="2" fbTx="103.2015947" lbTx="103.2016432" tId="0" fbRx="103.2016497" lbRx="0" />
<p fId="2" fbTx="103.2015947" lbTx="103.2016432" tId="1" fbRx="103.2016497" lbRx="0" />
<p fId="2" fbTx="103.2016521" lbTx="103.2017006" tId="0" fbRx="103.2017072" lbRx="0" />
<p fId="2" fbTx="103.2016521" lbTx="103.2017006" tId="0" fbRx="103.2017072" lbRx="0" />
<p fId="2" fbTx="103.2016521" lbTx="103.2017006" tId="1" fbRx="103.2017072" lbRx="0" />
<p fId="2" fbTx="103.2017086" lbTx="103.201757" tId="0" fbRx="103.2017636" lbRx="0" />
<p fId="2" fbTx="103.2017086" lbTx="103.201757" tId="0" fbRx="103.2017636" lbRx="0" />
<p fId="2" fbTx="103.2017086" lbTx="103.201757" tId="1" fbRx="103.2017636" lbRx="0" />
<p fId="2" fbTx="103.201764" lbTx="103.2018125" tId="0" fbRx="103.201819" lbRx="0" />
<p fId="2" fbTx="103.201764" lbTx="103.2018125" tId="0" fbRx="103.201819" lbRx="0" />
<p fId="2" fbTx="103.201764" lbTx="103.2018125" tId="1" fbRx="103.201819" lbRx="0" />
<p fId="2" fbTx="103.2018224" lbTx="103.2018709" tId="0" fbRx="103.2018775" lbRx="0" />
<p fId="2" fbTx="103.2018224" lbTx="103.2018709" tId="0" fbRx="103.2018775" lbRx="0" />
<p fId="2" fbTx="103.2018224" lbTx="103.2018709" tId="1" fbRx="103.2018775" lbRx="0" />
<p fId="2" fbTx="103.2018839" lbTx="103.2019324" tId="0" fbRx="103.2019389" lbRx="0" />
<p fId="2" fbTx="103.2018839" lbTx="103.2019324" tId="0" fbRx="103.2019389" lbRx="0" />
<p fId="2" fbTx="103.2018839" lbTx="103.2019324" tId="1" fbRx="103.2019389" lbRx="0" />
<p fId="2" fbTx="103.2019393" lbTx="103.2019878" tId="0" fbRx="103.2019944" lbRx="0" />
<p fId="2" fbTx="103.2019393" lbTx="103.2019878" tId="0" fbRx="103.2019944" lbRx="0" />
<p fId="2" fbTx="103.2019393" lbTx="103.2019878" tId="1" fbRx="103.2019944" lbRx="0" />
<p fId="2" fbTx="103.2019948" lbTx="103.2020432" tId="0" fbRx="103.2020498" lbRx="0" />
<p fId="2" fbTx="103.2019948" lbTx="103.2020432" tId="0" fbRx="103.2020498" lbRx="0" />
<p fId="2" fbTx="103.2019948" lbTx="103.2020432" tId="1" fbRx="103.2020498" lbRx="0" />
<p fId="2" fbTx="103.2020532" lbTx="103.2021017" tId="0" fbRx="103.2021082" lbRx="0" />
<p fId="2" fbTx="103.2020532" lbTx="103.2021017" tId="0" fbRx="103.2021082" lbRx="0" />
<p fId="2" fbTx="103.2020532" lbTx="103.2021017" tId="1" fbRx="103.2021082" lbRx="0" />
<p fId="2" fbTx="103.2021096" lbTx="103.2021581" tId="0" fbRx="103.2021647" lbRx="0" />
<p fId="2" fbTx="103.2021096" lbTx="103.2021581" tId="0" fbRx="103.2021647" lbRx="0" />
<p fId="2" fbTx="103.2021096" lbTx="103.2021581" tId="1" fbRx="103.2021647" lbRx="0" />
<p fId="2" fbTx="103.2021651" lbTx="103.2022136" tId="0" fbRx="103.2022201" lbRx="0" />
<p fId="2" fbTx="103.2021651" lbTx="103.2022136" tId="0" fbRx="103.2022201" lbRx="0" />
<p fId="2" fbTx="103.2021651" lbTx="103.2022136" tId="1" fbRx="103.2022201" lbRx="0" />
<p fId="2" fbTx="103.2022215" lbTx="103.20227" tId="0" fbRx="103.2022766" lbRx="0" />
<p fId="2" fbTx="103.2022215" lbTx="103.20227" tId="0" fbRx="103.2022766" lbRx="0" />
<p fId="2" fbTx="103.2022215" lbTx="103.20227" tId="1" fbRx="103.2022766" lbRx="0" />
<p fId="2" fbTx="103.202277" lbTx="103.2023254" tId="0" fbRx="103.202332" lbRx="0" />
<p fId="2" fbTx="103.202277" lbTx="103.2023254" tId="0" fbRx="103.202332" lbRx="0" />
<p fId="2" fbTx="103.202277" lbTx="103.2023254" tId="1" fbRx="103.202332" lbRx="0" />
<p fId="2" fbTx="103.2023344" lbTx="103.2023829" tId="0" fbRx="103.2023894" lbRx="0" />
<p fId="2" fbTx="103.2023344" lbTx="103.2023829" tId="0" fbRx="103.2023894" lbRx="0" />
<p fId="2" fbTx="103.2023344" lbTx="103.2023829" tId="1" fbRx="103.2023894" lbRx="0" />
<p fId="2" fbTx="103.2023898" lbTx="103.2024383" tId="0" fbRx="103.2024449" lbRx="0" />
<p fId="2" fbTx="103.2023898" lbTx="103.2024383" tId="0" fbRx="103.2024449" lbRx="0" />
<p fId="2" fbTx="103.2023898" lbTx="103.2024383" tId="1" fbRx="103.2024449" lbRx="0" />
<p fId="2" fbTx="103.2024473" lbTx="103.2024958" tId="0" fbRx="103.2025023" lbRx="0" />
<p fId="2" fbTx="103.2024473" lbTx="103.2024958" tId="0" fbRx="103.2025023" lbRx="0" />
<p fId="2" fbTx="103.2024473" lbTx="103.2024958" tId="1" fbRx="103.2025023" lbRx="0" />
<p fId="2" fbTx="103.2025057" lbTx="103.2025542" tId="0" fbRx="103.2025608" lbRx="0" />
<p fId="2" fbTx="103.2025057" lbTx="103.2025542" tId="0" fbRx="103.2025608" lbRx="0" />
<p fId="2" fbTx="103.2025057" lbTx="103.2025542" tId="1" fbRx="103.2025608" lbRx="0" />
<p fId="2" fbTx="103.2025612" lbTx="103.2026096" tId="0" fbRx="103.2026162" lbRx="0" />
<p fId="2" fbTx="103.2025612" lbTx="103.2026096" tId="0" fbRx="103.2026162" lbRx="0" />
<p fId="2" fbTx="103.2025612" lbTx="103.2026096" tId="1" fbRx="103.2026162" lbRx="0" />
<p fId="2" fbTx="103.2026186" lbTx="103.2026671" tId="0" fbRx="103.2026736" lbRx="0" />
<p fId="2" fbTx="103.2026186" lbTx="103.2026671" tId="0" fbRx="103.2026736" lbRx="0" />
<p fId="2" fbTx="103.2026186" lbTx="103.2026671" tId="1" fbRx="103.2026736" lbRx="0" />
<p fId="2" fbTx="103.202675" lbTx="103.2027235" tId="0" fbRx="103.2027301" lbRx="0" />
<p fId="2" fbTx="103.202675" lbTx="103.2027235" tId="0" fbRx="103.2027301" lbRx="0" />
<p fId="2" fbTx="103.202675" lbTx="103.2027235" tId="1" fbRx="103.2027301" lbRx="0" />
<p fId="2" fbTx="103.2027325" lbTx="103.202781" tId="0" fbRx="103.2027875" lbRx="0" />
<p fId="2" fbTx="103.2027325" lbTx="103.202781" tId="0" fbRx="103.2027875" lbRx="0" />
<p fId="2" fbTx="103.2027325" lbTx="103.202781" tId="1" fbRx="103.2027875" lbRx="0" />
<p fId="2" fbTx="103.2027879" lbTx="103.2028364" tId="0" fbRx="103.202843" lbRx="0" />
<p fId="2" fbTx="103.2027879" lbTx="103.2028364" tId="0" fbRx="103.202843" lbRx="0" />
<p fId="2" fbTx="103.2027879" lbTx="103.2028364" tId="1" fbRx="103.202843" lbRx="0" />
<p fId="2" fbTx="103.2028484" lbTx="103.2028968" tId="0" fbRx="103.2029034" lbRx="0" />
<p fId="2" fbTx="103.2028484" lbTx="103.2028968" tId="0" fbRx="103.2029034" lbRx="0" />
<p fId="2" fbTx="103.2028484" lbTx="103.2028968" tId="1" fbRx="103.2029034" lbRx="0" />
<p fId="2" fbTx="103.2029068" lbTx="103.2029553" tId="0" fbRx="103.2029618" lbRx="0" />
<p fId="2" fbTx="103.2029068" lbTx="103.2029553" tId="0" fbRx="103.2029618" lbRx="0" />
<p fId="2" fbTx="103.2029068" lbTx="103.2029553" tId="1" fbRx="103.2029618" lbRx="0" />
<p fId="2" fbTx="103.2029622" lbTx="103.2030107" tId="0" fbRx="103.2030173" lbRx="0" />
<p fId="2" fbTx="103.2029622" lbTx="103.2030107" tId="0" fbRx="103.2030173" lbRx="0" />
<p fId="2" fbTx="103.2029622" lbTx="103.2030107" tId="1" fbRx="103.2030173" lbRx="0" />
<p fId="2" fbTx="103.2030297" lbTx="103.2030782" tId="0" fbRx="103.2030847" lbRx="0" />
<p fId="2" fbTx="103.2030297" lbTx="103.2030782" tId="0" fbRx="103.2030847" lbRx="0" />
<p fId="2" fbTx="103.2030297" lbTx="103.2030782" tId="1" fbRx="103.2030847" lbRx="0" />
<p fId="2" fbTx="103.2030891" lbTx="103.2031376" tId="0" fbRx="103.2031442" lbRx="0" />
<p fId="2" fbTx="103.2030891" lbTx="103.2031376" tId="0" fbRx="103.2031442" lbRx="0" />
<p fId="2" fbTx="103.2030891" lbTx="103.2031376" tId="1" fbRx="103.2031442" lbRx="0" />
<p fId="2" fbTx="103.2031466" lbTx="103.203195" tId="0" fbRx="103.2032016" lbRx="0" />
<p fId="2" fbTx="103.2031466" lbTx="103.203195" tId="0" fbRx="103.2032016" lbRx="0" />
<p fId="2" fbTx="103.2031466" lbTx="103.203195" tId="1" fbRx="103.2032016" lbRx="0" />
<p fId="2" fbTx="103.203204" lbTx="103.2032525" tId="0" fbRx="103.203259" lbRx="0" />
<p fId="2" fbTx="103.203204" lbTx="103.2032525" tId="0" fbRx="103.203259" lbRx="0" />
<p fId="2" fbTx="103.203204" lbTx="103.2032525" tId="1" fbRx="103.203259" lbRx="0" />
<p fId="2" fbTx="103.2032604" lbTx="103.2033089" tId="0" fbRx="103.2033155" lbRx="0" />
<p fId="2" fbTx="103.2032604" lbTx="103.2033089" tId="0" fbRx="103.2033155" lbRx="0" />
<p fId="2" fbTx="103.2032604" lbTx="103.2033089" tId="1" fbRx="103.2033155" lbRx="0" />
<p fId="2" fbTx="103.2033169" lbTx="103.2033654" tId="0" fbRx="103.2033719" lbRx="0" />
<p fId="2" fbTx="103.2033169" lbTx="103.2033654" tId="0" fbRx="103.2033719" lbRx="0" />
<p fId="2" fbTx="103.2033169" lbTx="103.2033654" tId="1" fbRx="103.2033719" lbRx="0" />
<p fId="2" fbTx="103.2033743" lbTx="103.2034228" tId="0" fbRx="103.2034294" lbRx="0" />
<p fId="2" fbTx="103.2033743" lbTx="103.2034228" tId="0" fbRx="103.2034294" lbRx="0" />
<p fId="2" fbTx="103.2033743" lbTx="103.2034228" tId="1" fbRx="103.2034294" lbRx="0" />
<p fId="2" fbTx="103.2034328" lbTx="103.2034812" tId="0" fbRx="103.2034878" lbRx="0" />
<p fId="2" fbTx="103.2034328" lbTx="103.2034812" tId="0" fbRx="103.2034878" lbRx="0" />
<p fId="2" fbTx="103.2034328" lbTx="103.2034812" tId="1" fbRx="103.2034878" lbRx="0" />
<p fId="2" fbTx="103.2034912" lbTx="103.2035397" tId="0" fbRx="103.2035462" lbRx="0" />
<p fId="2" fbTx="103.2034912" lbTx="103.2035397" tId="0" fbRx="103.2035462" lbRx="0" />
<p fId="2" fbTx="103.2034912" lbTx="103.2035397" tId="1" fbRx="103.2035462" lbRx="0" />
<p fId="2" fbTx="103.2035556" lbTx="103.2036041" tId="0" fbRx="103.2036107" lbRx="0" />
<p fId="2" fbTx="103.2035556" lbTx="103.2036041" tId="0" fbRx="103.2036107" lbRx="0" />
<p fId="2" fbTx="103.2035556" lbTx="103.2036041" tId="1" fbRx="103.2036107" lbRx="0" />
<p fId="2" fbTx="103.2036141" lbTx="103.2036626" tId="0" fbRx="103.2036691" lbRx="0" />
<p fId="2" fbTx="103.2036141" lbTx="103.2036626" tId="0" fbRx="103.2036691" lbRx="0" />
<p fId="2" fbTx="103.2036141" lbTx="103.2036626" tId="1" fbRx="103.2036691" lbRx="0" />
<p fId="2" fbTx="103.2036725" lbTx="103.203721" tId="0" fbRx="103.2037276" lbRx="0" />
<p fId="2" fbTx="103.2036725" lbTx="103.203721" tId="0" fbRx="103.2037276" lbRx="0" />
<p fId="2" fbTx="103.2036725" lbTx="103.203721" tId="1" fbRx="103.2037276" lbRx="0" />
<p fId="2" fbTx="103.20373" lbTx="103.2037784" tId="0" fbRx="103.203785" lbRx="0" />
<p fId="2" fbTx="103.20373" lbTx="103.2037784" tId="0" fbRx="103.203785" lbRx="0" />
<p fId="2" fbTx="103.20373" lbTx="103.2037784" tId="1" fbRx="103.203785" lbRx="0" />
<p fId="2" fbTx="103.2037864" lbTx="103.2038349" tId="0" fbRx="103.2038414" lbRx="0" />
<p fId="2" fbTx="103.2037864" lbTx="103.2038349" tId="0" fbRx="103.2038414" lbRx="0" />
<p fId="2" fbTx="103.2037864" lbTx="103.2038349" tId="1" fbRx="103.2038414" lbRx="0" />
<p fId="2" fbTx="103.2038418" lbTx="103.2038903" tId="0" fbRx="103.2038969" lbRx="0" />
<p fId="2" fbTx="103.2038418" lbTx="103.2038903" tId="0" fbRx="103.2038969" lbRx="0" />
<p fId="2" fbTx="103.2038418" lbTx="103.2038903" tId="1" fbRx="103.2038969" lbRx="0" />
<p fId="2" fbTx="103.2038983" lbTx="103.2039468" tId="0" fbRx="103.2039533" lbRx="0" />
<p fId="2" fbTx="103.2038983" lbTx="103.2039468" tId="0" fbRx="103.2039533" lbRx="0" />
<p fId="2" fbTx="103.2038983" lbTx="103.2039468" tId="1" fbRx="103.2039533" lbRx="0" />
<p fId="2" fbTx="103.2039567" lbTx="103.2040052" tId="0" fbRx="103.2040118" lbRx="0" />
<p fId="2" fbTx="103.2039567" lbTx="103.2040052" tId="0" fbRx="103.2040118" lbRx="0" />
<p fId="2" fbTx="103.2039567" lbTx="103.2040052" tId="1" fbRx="103.2040118" lbRx="0" />
<p fId="2" fbTx="103.2040152" lbTx="103.2040636" tId="0" fbRx="103.2040702" lbRx="0" />
<p fId="2" fbTx="103.2040152" lbTx="103.2040636" tId="0" fbRx="103.2040702" lbRx="0" />
<p fId="2" fbTx="103.2040152" lbTx="103.2040636" tId="1" fbRx="103.2040702" lbRx="0" />
<p fId="2" fbTx="103.2040776" lbTx="103.2041261" tId="0" fbRx="103.2041326" lbRx="0" />
<p fId="2" fbTx="103.2040776" lbTx="103.2041261" tId="0" fbRx="103.2041326" lbRx="0" />
<p fId="2" fbTx="103.2040776" lbTx="103.2041261" tId="1" fbRx="103.2041326" lbRx="0" />
<p fId="2" fbTx="103.204133" lbTx="103.2041815" tId="0" fbRx="103.2041881" lbRx="0" />
<p fId="2" fbTx="103.204133" lbTx="103.2041815" tId="0" fbRx="103.2041881" lbRx="0" />
<p fId="2" fbTx="103.204133" lbTx="103.2041815" tId="1" fbRx="103.2041881" lbRx="0" />
<p fId="2" fbTx="103.2041915" lbTx="103.20424" tId="0" fbRx="103.2042465" lbRx="0" />
<p fId="2" fbTx="103.2041915" lbTx="103.20424" tId="0" fbRx="103.2042465" lbRx="0" />
<p fId="2" fbTx="103.2041915" lbTx="103.20424" tId="1" fbRx="103.2042465" lbRx="0" />
<p fId="2" fbTx="103.2042529" lbTx="103.2043014" tId="0" fbRx="103.204308" lbRx="0" />
<p fId="2" fbTx="103.2042529" lbTx="103.2043014" tId="0" fbRx="103.204308" lbRx="0" />
<p fId="2" fbTx="103.2042529" lbTx="103.2043014" tId="1" fbRx="103.204308" lbRx="0" />
<p fId="2" fbTx="103.2043114" lbTx="103.2043598" tId="0" fbRx="103.2043664" lbRx="0" />
<p fId="2" fbTx="103.2043114" lbTx="103.2043598" tId="0" fbRx="103.2043664" lbRx="0" />
<p fId="2" fbTx="103.2043114" lbTx="103.2043598" tId="1" fbRx="103.2043664" lbRx="0" />
<p fId="2" fbTx="103.2043748" lbTx="103.2044233" tId="0" fbRx="103.2044298" lbRx="0" />
<p fId="2" fbTx="103.2043748" lbTx="103.2044233" tId="0" fbRx="103.2044298" lbRx="0" />
<p fId="2" fbTx="103.2043748" lbTx="103.2044233" tId="1" fbRx="103.2044298" lbRx="0" />
<p fId="2" fbTx="103.2044312" lbTx="103.2044797" tId="0" fbRx="103.2044863" lbRx="0" />
<p fId="2" fbTx="103.2044312" lbTx="103.2044797" tId="0" fbRx="103.2044863" lbRx="0" />
<p fId="2" fbTx="103.2044312" lbTx="103.2044797" tId="1" fbRx="103.2044863" lbRx="0" />
<p fId="2" fbTx="103.2044947" lbTx="103.2045432" tId="0" fbRx="103.2045497" lbRx="0" />
<p fId="2" fbTx="103.2044947" lbTx="103.2045432" tId="0" fbRx="103.2045497" lbRx="0" />
<p fId="2" fbTx="103.2044947" lbTx="103.2045432" tId="1" fbRx="103.2045497" lbRx="0" />
<p fId="2" fbTx="103.2045521" lbTx="103.2046006" tId="0" fbRx="103.2046072" lbRx="0" />
<p fId="2" fbTx="103.2045521" lbTx="103.2046006" tId="0" fbRx="103.2046072" lbRx="0" />
<p fId="2" fbTx="103.2045521" lbTx="103.2046006" tId="1" fbRx="103.2046072" lbRx="0" />
<p fId="2" fbTx="103.2046096" lbTx="103.204658" tId="0" fbRx="103.2046646" lbRx="0" />
<p fId="2" fbTx="103.2046096" lbTx="103.204658" tId="0" fbRx="103.2046646" lbRx="0" />
<p fId="2" fbTx="103.2046096" lbTx="103.204658" tId="1" fbRx="103.2046646" lbRx="0" />
<p fId="2" fbTx="103.204668" lbTx="103.2047165" tId="0" fbRx="103.204723" lbRx="0" />
<p fId="2" fbTx="103.204668" lbTx="103.2047165" tId="0" fbRx="103.204723" lbRx="0" />
<p fId="2" fbTx="103.204668" lbTx="103.2047165" tId="1" fbRx="103.204723" lbRx="0" />
<p fId="2" fbTx="103.2047254" lbTx="103.2047739" tId="0" fbRx="103.2047805" lbRx="0" />
<p fId="2" fbTx="103.2047254" lbTx="103.2047739" tId="0" fbRx="103.2047805" lbRx="0" />
<p fId="2" fbTx="103.2047254" lbTx="103.2047739" tId="1" fbRx="103.2047805" lbRx="0" />
<p fId="2" fbTx="103.2047819" lbTx="103.2048304" tId="0" fbRx="103.2048369" lbRx="0" />
<p fId="2" fbTx="103.2047819" lbTx="103.2048304" tId="0" fbRx="103.2048369" lbRx="0" />
<p fId="2" fbTx="103.2047819" lbTx="103.2048304" tId="1" fbRx="103.2048369" lbRx="0" />
<p fId="2" fbTx="103.2048483" lbTx="103.2048968" tId="0" fbRx="103.2049034" lbRx="0" />
<p fId="2" fbTx="103.2048483" lbTx="103.2048968" tId="0" fbRx="103.2049034" lbRx="0" />
<p fId="2" fbTx="103.2048483" lbTx="103.2048968" tId="1" fbRx="103.2049034" lbRx="0" />
<p fId="2" fbTx="103.2049058" lbTx="103.2049542" tId="0" fbRx="103.2049608" lbRx="0" />
<p fId="2" fbTx="103.2049058" lbTx="103.2049542" tId="0" fbRx="103.2049608" lbRx="0" />
<p fId="2" fbTx="103.2049058" lbTx="103.2049542" tId="1" fbRx="103.2049608" lbRx="0" />
<p fId="2" fbTx="103.2049612" lbTx="103.2050097" tId="0" fbRx="103.2050162" lbRx="0" />
<p fId="2" fbTx="103.2049612" lbTx="103.2050097" tId="0" fbRx="103.2050162" lbRx="0" />
<p fId="2" fbTx="103.2049612" lbTx="103.2050097" tId="1" fbRx="103.2050162" lbRx="0" />
<p fId="2" fbTx="103.2050166" lbTx="103.2050651" tId="0" fbRx="103.2050717" lbRx="0" />
<p fId="2" fbTx="103.2050166" lbTx="103.2050651" tId="0" fbRx="103.2050717" lbRx="0" />
<p fId="2" fbTx="103.2050166" lbTx="103.2050651" tId="1" fbRx="103.2050717" lbRx="0" />
<p fId="2" fbTx="103.2050721" lbTx="103.2051206" tId="0" fbRx="103.2051271" lbRx="0" />
<p fId="2" fbTx="103.2050721" lbTx="103.2051206" tId="0" fbRx="103.2051271" lbRx="0" />
<p fId="2" fbTx="103.2050721" lbTx="103.2051206" tId="1" fbRx="103.2051271" lbRx="0" />
<p fId="2" fbTx="103.2051285" lbTx="103.205177" tId="0" fbRx="103.2051836" lbRx="0" />
<p fId="2" fbTx="103.2051285" lbTx="103.205177" tId="0" fbRx="103.2051836" lbRx="0" />
<p fId="2" fbTx="103.2051285" lbTx="103.205177" tId="1" fbRx="103.2051836" lbRx="0" />
<p fId="2" fbTx="103.205186" lbTx="103.2052344" tId="0" fbRx="103.205241" lbRx="0" />
<p fId="2" fbTx="103.205186" lbTx="103.2052344" tId="0" fbRx="103.205241" lbRx="0" />
<p fId="2" fbTx="103.205186" lbTx="103.2052344" tId="1" fbRx="103.205241" lbRx="0" />
<p fId="2" fbTx="103.2052434" lbTx="103.2052919" tId="0" fbRx="103.2052984" lbRx="0" />
<p fId="2" fbTx="103.2052434" lbTx="103.2052919" tId="0" fbRx="103.2052984" lbRx="0" />
<p fId="2" fbTx="103.2052434" lbTx="103.2052919" tId="1" fbRx="103.2052984" lbRx="0" />
<p fId="2" fbTx="103.2053098" lbTx="103.2053583" tId="0" fbRx="103.2053649" lbRx="0" />
<p fId="2" fbTx="103.2053098" lbTx="103.2053583" tId="0" fbRx="103.2053649" lbRx="0" />
<p fId="2" fbTx="103.2053098" lbTx="103.2053583" tId="1" fbRx="103.2053649" lbRx="0" />
<p fId="2" fbTx="103.2053673" lbTx="103.2054158" tId="0" fbRx="103.2054223" lbRx="0" />
<p fId="2" fbTx="103.2053673" lbTx="103.2054158" tId="0" fbRx="103.2054223" lbRx="0" />
<p fId="2" fbTx="103.2053673" lbTx="103.2054158" tId="1" fbRx="103.2054223" lbRx="0" />
<p fId="2" fbTx="103.2054257" lbTx="103.2054742" tId="0" fbRx="103.2054808" lbRx="0" />
<p fId="2" fbTx="103.2054257" lbTx="103.2054742" tId="0" fbRx="103.2054808" lbRx="0" />
<p fId="2" fbTx="103.2054257" lbTx="103.2054742" tId="1" fbRx="103.2054808" lbRx="0" />
<p fId="2" fbTx="103.2054832" lbTx="103.2055316" tId="0" fbRx="103.2055382" lbRx="0" />
<p fId="2" fbTx="103.2054832" lbTx="103.2055316" tId="0" fbRx="103.2055382" lbRx="0" />
<p fId="2" fbTx="103.2054832" lbTx="103.2055316" tId="1" fbRx="103.2055382" lbRx="0" />
<p fId="2" fbTx="103.2055446" lbTx="103.2055931" tId="0" fbRx="103.2055996" lbRx="0" />
<p fId="2" fbTx="103.2055446" lbTx="103.2055931" tId="0" fbRx="103.2055996" lbRx="0" />
<p fId="2" fbTx="103.2055446" lbTx="103.2055931" tId="1" fbRx="103.2055996" lbRx="0" />
<p fId="2" fbTx="103.205614" lbTx="103.2056625" tId="0" fbRx="103.2056691" lbRx="0" />
<p fId="2" fbTx="103.205614" lbTx="103.2056625" tId="0" fbRx="103.2056691" lbRx="0" />
<p fId="2" fbTx="103.205614" lbTx="103.2056625" tId="1" fbRx="103.2056691" lbRx="0" />
<p fId="2" fbTx="103.2056725" lbTx="103.205721" tId="0" fbRx="103.2057275" lbRx="0" />
<p fId="2" fbTx="103.2056725" lbTx="103.205721" tId="0" fbRx="103.2057275" lbRx="0" />
<p fId="2" fbTx="103.2056725" lbTx="103.205721" tId="1" fbRx="103.2057275" lbRx="0" />
<p fId="2" fbTx="103.2057299" lbTx="103.2057784" tId="0" fbRx="103.205785" lbRx="0" />
<p fId="2" fbTx="103.2057299" lbTx="103.2057784" tId="0" fbRx="103.205785" lbRx="0" />
<p fId="2" fbTx="103.2057299" lbTx="103.2057784" tId="1" fbRx="103.205785" lbRx="0" />
<p fId="2" fbTx="103.2057854" lbTx="103.2058338" tId="0" fbRx="103.2058404" lbRx="0" />
<p fId="2" fbTx="103.2057854" lbTx="103.2058338" tId="0" fbRx="103.2058404" lbRx="0" />
<p fId="2" fbTx="103.2057854" lbTx="103.2058338" tId="1" fbRx="103.2058404" lbRx="0" />
<p fId="2" fbTx="103.2058428" lbTx="103.2058913" tId="0" fbRx="103.2058978" lbRx="0" />
<p fId="2" fbTx="103.2058428" lbTx="103.2058913" tId="0" fbRx="103.2058978" lbRx="0" />
<p fId="2" fbTx="103.2058428" lbTx="103.2058913" tId="1" fbRx="103.2058978" lbRx="0" />
<p fId="2" fbTx="103.2059012" lbTx="103.2059497" tId="0" fbRx="103.2059563" lbRx="0" />
<p fId="2" fbTx="103.2059012" lbTx="103.2059497" tId="0" fbRx="103.2059563" lbRx="0" />
<p fId="2" fbTx="103.2059012" lbTx="103.2059497" tId="1" fbRx="103.2059563" lbRx="0" />
<p fId="2" fbTx="103.2059607" lbTx="103.2060092" tId="0" fbRx="103.2060157" lbRx="0" />
<p fId="2" fbTx="103.2059607" lbTx="103.2060092" tId="0" fbRx="103.2060157" lbRx="0" />
<p fId="2" fbTx="103.2059607" lbTx="103.2060092" tId="1" fbRx="103.2060157" lbRx="0" />
<p fId="2" fbTx="103.2060161" lbTx="103.2060646" tId="0" fbRx="103.2060712" lbRx="0" />
<p fId="2" fbTx="103.2060161" lbTx="103.2060646" tId="0" fbRx="103.2060712" lbRx="0" />
<p fId="2" fbTx="103.2060161" lbTx="103.2060646" tId="1" fbRx="103.2060712" lbRx="0" />
<p fId="2" fbTx="103.2060726" lbTx="103.206121" tId="0" fbRx="103.2061276" lbRx="0" />
<p fId="2" fbTx="103.2060726" lbTx="103.206121" tId="0" fbRx="103.2061276" lbRx="0" />
<p fId="2" fbTx="103.2060726" lbTx="103.206121" tId="1" fbRx="103.2061276" lbRx="0" />
<p fId="2" fbTx="103.206141" lbTx="103.2061895" tId="0" fbRx="103.206196" lbRx="0" />
<p fId="2" fbTx="103.206141" lbTx="103.2061895" tId="0" fbRx="103.206196" lbRx="0" />
<p fId="2" fbTx="103.206141" lbTx="103.2061895" tId="1" fbRx="103.206196" lbRx="0" />
<p fId="2" fbTx="103.2061984" lbTx="103.2062469" tId="0" fbRx="103.2062535" lbRx="0" />
<p fId="2" fbTx="103.2061984" lbTx="103.2062469" tId="0" fbRx="103.2062535" lbRx="0" />
<p fId="2" fbTx="103.2061984" lbTx="103.2062469" tId="1" fbRx="103.2062535" lbRx="0" />
<p fId="2" fbTx="103.2062549" lbTx="103.2063034" tId="0" fbRx="103.2063099" lbRx="0" />
<p fId="2" fbTx="103.2062549" lbTx="103.2063034" tId="0" fbRx="103.2063099" lbRx="0" />
<p fId="2" fbTx="103.2062549" lbTx="103.2063034" tId="1" fbRx="103.2063099" lbRx="0" />
<p fId="2" fbTx="103.2063233" lbTx="103.2063718" tId="0" fbRx="103.2063784" lbRx="0" />
<p fId="2" fbTx="103.2063233" lbTx="103.2063718" tId="0" fbRx="103.2063784" lbRx="0" />
<p fId="2" fbTx="103.2063233" lbTx="103.2063718" tId="1" fbRx="103.2063784" lbRx="0" />
<p fId="2" fbTx="103.2063808" lbTx="103.2064292" tId="0" fbRx="103.2064358" lbRx="0" />
<p fId="2" fbTx="103.2063808" lbTx="103.2064292" tId="0" fbRx="103.2064358" lbRx="0" />
<p fId="2" fbTx="103.2063808" lbTx="103.2064292" tId="1" fbRx="103.2064358" lbRx="0" />
<p fId="2" fbTx="103.2064362" lbTx="103.2064847" tId="0" fbRx="103.2064912" lbRx="0" />
<p fId="2" fbTx="103.2064362" lbTx="103.2064847" tId="0" fbRx="103.2064912" lbRx="0" />
<p fId="2" fbTx="103.2064362" lbTx="103.2064847" tId="1" fbRx="103.2064912" lbRx="0" />
<p fId="2" fbTx="103.2065016" lbTx="103.2065501" tId="0" fbRx="103.2065567" lbRx="0" />
<p fId="2" fbTx="103.2065016" lbTx="103.2065501" tId="0" fbRx="103.2065567" lbRx="0" />
<p fId="2" fbTx="103.2065016" lbTx="103.2065501" tId="1" fbRx="103.2065567" lbRx="0" />
<p fId="2" fbTx="103.2065621" lbTx="103.2066106" tId="0" fbRx="103.2066171" lbRx="0" />
<p fId="2" fbTx="103.2065621" lbTx="103.2066106" tId="0" fbRx="103.2066171" lbRx="0" />
<p fId="2" fbTx="103.2065621" lbTx="103.2066106" tId="1" fbRx="103.2066171" lbRx="0" />
<p fId="2" fbTx="103.2066275" lbTx="103.206676" tId="0" fbRx="103.2066826" lbRx="0" />
<p fId="2" fbTx="103.2066275" lbTx="103.206676" tId="0" fbRx="103.2066826" lbRx="0" />
<p fId="2" fbTx="103.2066275" lbTx="103.206676" tId="1" fbRx="103.2066826" lbRx="0" />
<p fId="2" fbTx="103.206686" lbTx="103.2067344" tId="0" fbRx="103.206741" lbRx="0" />
<p fId="2" fbTx="103.206686" lbTx="103.2067344" tId="0" fbRx="103.206741" lbRx="0" />
<p fId="2" fbTx="103.206686" lbTx="103.2067344" tId="1" fbRx="103.206741" lbRx="0" />
<p fId="2" fbTx="103.2067434" lbTx="103.2067919" tId="0" fbRx="103.2067984" lbRx="0" />
<p fId="2" fbTx="103.2067434" lbTx="103.2067919" tId="0" fbRx="103.2067984" lbRx="0" />
<p fId="2" fbTx="103.2067434" lbTx="103.2067919" tId="1" fbRx="103.2067984" lbRx="0" />
<p fId="2" fbTx="103.2068038" lbTx="103.2068523" tId="0" fbRx="103.2068589" lbRx="0" />
<p fId="2" fbTx="103.2068038" lbTx="103.2068523" tId="0" fbRx="103.2068589" lbRx="0" />
<p fId="2" fbTx="103.2068038" lbTx="103.2068523" tId="1" fbRx="103.2068589" lbRx="0" />
<p fId="2" fbTx="103.2068593" lbTx="103.2069078" tId="0" fbRx="103.2069143" lbRx="0" />
<p fId="2" fbTx="103.2068593" lbTx="103.2069078" tId="0" fbRx="103.2069143" lbRx="0" />
<p fId="2" fbTx="103.2068593" lbTx="103.2069078" tId="1" fbRx="103.2069143" lbRx="0" />
<p fId="2" fbTx="103.2069187" lbTx="103.2069672" tId="0" fbRx="103.2069738" lbRx="0" />
<p fId="2" fbTx="103.2069187" lbTx="103.2069672" tId="0" fbRx="103.2069738" lbRx="0" />
<p fId="2" fbTx="103.2069187" lbTx="103.2069672" tId="1" fbRx="103.2069738" lbRx="0" />
<p fId="2" fbTx="103.2069752" lbTx="103.2070236" tId="0" fbRx="103.2070302" lbRx="0" />
<p fId="2" fbTx="103.2069752" lbTx="103.2070236" tId="0" fbRx="103.2070302" lbRx="0" />
<p fId="2" fbTx="103.2069752" lbTx="103.2070236" tId="1" fbRx="103.2070302" lbRx="0" />
<p fId="2" fbTx="103.2070346" lbTx="103.2070831" tId="0" fbRx="103.2070896" lbRx="0" />
<p fId="2" fbTx="103.2070346" lbTx="103.2070831" tId="0" fbRx="103.2070896" lbRx="0" />
<p fId="2" fbTx="103.2070346" lbTx="103.2070831" tId="1" fbRx="103.2070896" lbRx="0" />
<p fId="2" fbTx="103.207098" lbTx="103.2071465" tId="0" fbRx="103.2071531" lbRx="0" />
<p fId="2" fbTx="103.207098" lbTx="103.2071465" tId="0" fbRx="103.2071531" lbRx="0" />
<p fId="2" fbTx="103.207098" lbTx="103.2071465" tId="1" fbRx="103.2071531" lbRx="0" />
<p fId="2" fbTx="103.2071595" lbTx="103.207208" tId="0" fbRx="103.2072145" lbRx="0" />
<p fId="2" fbTx="103.2071595" lbTx="103.207208" tId="0" fbRx="103.2072145" lbRx="0" />
<p fId="2" fbTx="103.2071595" lbTx="103.207208" tId="1" fbRx="103.2072145" lbRx="0" />
<p fId="2" fbTx="103.2072159" lbTx="103.2072644" tId="0" fbRx="103.207271" lbRx="0" />
<p fId="2" fbTx="103.2072159" lbTx="103.2072644" tId="0" fbRx="103.207271" lbRx="0" />
<p fId="2" fbTx="103.2072159" lbTx="103.2072644" tId="1" fbRx="103.207271" lbRx="0" />
<p fId="2" fbTx="103.2072814" lbTx="103.2073298" tId="0" fbRx="103.2073364" lbRx="0" />
<p fId="2" fbTx="103.2072814" lbTx="103.2073298" tId="0" fbRx="103.2073364" lbRx="0" />
<p fId="2" fbTx="103.2072814" lbTx="103.2073298" tId="1" fbRx="103.2073364" lbRx="0" />
<p fId="2" fbTx="103.2073378" lbTx="103.2073794" tId="0" fbRx="103.207386" lbRx="0" />
<p fId="2" fbTx="103.2073378" lbTx="103.2073794" tId="0" fbRx="103.207386" lbRx="0" />
<p fId="2" fbTx="103.2073378" lbTx="103.2073794" tId="1" fbRx="103.207386" lbRx="0" />
<p fId="0" fbTx="103.2074293" lbTx="103.2074349" tId="1" fbRx="103.2074415" lbRx="0" />
<p fId="0" fbTx="103.2074293" lbTx="103.2074349" tId="2" fbRx="103.2074415" lbRx="0" />
<p fId="0" fbTx="103.2074293" lbTx="103.2074349" tId="2" fbRx="103.2074415" lbRx="0" />
<p fId="0" fbTx="103.2074429" lbTx="103.2074485" tId="1" fbRx="103.207455" lbRx="0" />
<p fId="0" fbTx="103.2074429" lbTx="103.2074485" tId="2" fbRx="103.207455" lbRx="0" />
<p fId="0" fbTx="103.2074429" lbTx="103.2074485" tId="2" fbRx="103.207455" lbRx="0" />
<p fId="0" fbTx="103.2074604" lbTx="103.207466" tId="1" fbRx="103.2074726" lbRx="0" />
<p fId="0" fbTx="103.2074604" lbTx="103.207466" tId="2" fbRx="103.2074726" lbRx="0" />
<p fId="0" fbTx="103.2074604" lbTx="103.207466" tId="2" fbRx="103.2074726" lbRx="0" />
<p fId="0" fbTx="103.207473" lbTx="103.2074786" tId="1" fbRx="103.2074852" lbRx="0" />
<p fId="0" fbTx="103.207473" lbTx="103.2074786" tId="2" fbRx="103.2074852" lbRx="0" />
<p fId="0" fbTx="103.207473" lbTx="103.2074786" tId="2" fbRx="103.2074852" lbRx="0" />
<p fId="0" fbTx="103.2074876" lbTx="103.2074932" tId="1" fbRx="103.2074997" lbRx="0" />
<p fId="0" fbTx="103.2074876" lbTx="103.2074932" tId="2" fbRx="103.2074997" lbRx="0" />
<p fId="0" fbTx="103.2074876" lbTx="103.2074932" tId="2" fbRx="103.2074997" lbRx="0" />
<p fId="0" fbTx="103.2075021" lbTx="103.2075077" tId="1" fbRx="103.2075143" lbRx="0" />
<p fId="0" fbTx="103.2075021" lbTx="103.2075077" tId="2" fbRx="103.2075143" lbRx="0" />
<p fId="0" fbTx="103.2075021" lbTx="103.2075077" tId="2" fbRx="103.2075143" lbRx="0" />
<p fId="0" fbTx="103.2075147" lbTx="103.2075203" tId="1" fbRx="103.2075268" lbRx="0" />
<p fId="0" fbTx="103.2075147" lbTx="103.2075203" tId="2" fbRx="103.2075268" lbRx="0" />
<p fId="0" fbTx="103.2075147" lbTx="103.2075203" tId="2" fbRx="103.2075268" lbRx="0" />
<p fId="0" fbTx="103.2075302" lbTx="103.2075358" tId="1" fbRx="103.2075424" lbRx="0" />
<p fId="0" fbTx="103.2075302" lbTx="103.2075358" tId="2" fbRx="103.2075424" lbRx="0" />
<p fId="0" fbTx="103.2075302" lbTx="103.2075358" tId="2" fbRx="103.2075424" lbRx="0" />
<p fId="0" fbTx="103.2075448" lbTx="103.2075504" tId="1" fbRx="103.207557" lbRx="0" />
<p fId="0" fbTx="103.2075448" lbTx="103.2075504" tId="2" fbRx="103.207557" lbRx="0" />
<p fId="0" fbTx="103.2075448" lbTx="103.2075504" tId="2" fbRx="103.207557" lbRx="0" />
<p fId="0" fbTx="103.2075574" lbTx="103.207563" tId="1" fbRx="103.2075695" lbRx="0" />
<p fId="0" fbTx="103.2075574" lbTx="103.207563" tId="2" fbRx="103.2075695" lbRx="0" />
<p fId="0" fbTx="103.2075574" lbTx="103.207563" tId="2" fbRx="103.2075695" lbRx="0" />
<p fId="0" fbTx="103.2075759" lbTx="103.2075815" tId="1" fbRx="103.2075881" lbRx="0" />
<p fId="0" fbTx="103.2075759" lbTx="103.2075815" tId="2" fbRx="103.2075881" lbRx="0" />
<p fId="0" fbTx="103.2075759" lbTx="103.2075815" tId="2" fbRx="103.2075881" lbRx="0" />
<p fId="0" fbTx="103.2075915" lbTx="103.2075971" tId="1" fbRx="103.2076036" lbRx="0" />
<p fId="0" fbTx="103.2075915" lbTx="103.2075971" tId="2" fbRx="103.2076036" lbRx="0" />
<p fId="0" fbTx="103.2075915" lbTx="103.2075971" tId="2" fbRx="103.2076036" lbRx="0" />
<p fId="0" fbTx="103.207617" lbTx="103.2076226" tId="1" fbRx="103.2076292" lbRx="0" />
<p fId="0" fbTx="103.207617" lbTx="103.2076226" tId="2" fbRx="103.2076292" lbRx="0" />
<p fId="0" fbTx="103.207617" lbTx="103.2076226" tId="2" fbRx="103.2076292" lbRx="0" />
<p fId="0" fbTx="103.2076306" lbTx="103.2076362" tId="1" fbRx="103.2076428" lbRx="0" />
<p fId="0" fbTx="103.2076306" lbTx="103.2076362" tId="2" fbRx="103.2076428" lbRx="0" />
<p fId="0" fbTx="103.2076306" lbTx="103.2076362" tId="2" fbRx="103.2076428" lbRx="0" />
<p fId="0" fbTx="103.2076442" lbTx="103.2076498" tId="1" fbRx="103.2076563" lbRx="0" />
<p fId="0" fbTx="103.2076442" lbTx="103.2076498" tId="2" fbRx="103.2076563" lbRx="0" />
<p fId="0" fbTx="103.2076442" lbTx="103.2076498" tId="2" fbRx="103.2076563" lbRx="0" />
<p fId="0" fbTx="103.2076607" lbTx="103.2076663" tId="1" fbRx="103.2076729" lbRx="0" />
<p fId="0" fbTx="103.2076607" lbTx="103.2076663" tId="2" fbRx="103.2076729" lbRx="0" />
<p fId="0" fbTx="103.2076607" lbTx="103.2076663" tId="2" fbRx="103.2076729" lbRx="0" />
<p fId="0" fbTx="103.2076753" lbTx="103.2076809" tId="1" fbRx="103.2076874" lbRx="0" />
<p fId="0" fbTx="103.2076753" lbTx="103.2076809" tId="2" fbRx="103.2076874" lbRx="0" />
<p fId="0" fbTx="103.2076753" lbTx="103.2076809" tId="2" fbRx="103.2076874" lbRx="0" />
<p fId="0" fbTx="103.2076888" lbTx="103.2076944" tId="1" fbRx="103.207701" lbRx="0" />
<p fId="0" fbTx="103.2076888" lbTx="103.2076944" tId="2" fbRx="103.207701" lbRx="0" />
<p fId="0" fbTx="103.2076888" lbTx="103.2076944" tId="2" fbRx="103.207701" lbRx="0" />
<p fId="0" fbTx="103.2077024" lbTx="103.207708" tId="1" fbRx="103.2077146" lbRx="0" />
<p fId="0" fbTx="103.2077024" lbTx="103.207708" tId="2" fbRx="103.2077146" lbRx="0" />
<p fId="0" fbTx="103.2077024" lbTx="103.207708" tId="2" fbRx="103.2077146" lbRx="0" />
<p fId="0" fbTx="103.207715" lbTx="103.2077206" tId="1" fbRx="103.2077271" lbRx="0" />
<p fId="0" fbTx="103.207715" lbTx="103.2077206" tId="2" fbRx="103.2077271" lbRx="0" />
<p fId="0" fbTx="103.207715" lbTx="103.2077206" tId="2" fbRx="103.2077271" lbRx="0" />
<p fId="0" fbTx="103.2077385" lbTx="103.2077441" tId="1" fbRx="103.2077507" lbRx="0" />
<p fId="0" fbTx="103.2077385" lbTx="103.2077441" tId="2" fbRx="103.2077507" lbRx="0" />
<p fId="0" fbTx="103.2077385" lbTx="103.2077441" tId="2" fbRx="103.2077507" lbRx="0" />
<p fId="0" fbTx="103.2077521" lbTx="103.2077577" tId="1" fbRx="103.2077642" lbRx="0" />
<p fId="0" fbTx="103.2077521" lbTx="103.2077577" tId="2" fbRx="103.2077642" lbRx="0" />
<p fId="0" fbTx="103.2077521" lbTx="103.2077577" tId="2" fbRx="103.2077642" lbRx="0" />
<p fId="0" fbTx="103.2077656" lbTx="103.2077712" tId="1" fbRx="103.2077778" lbRx="0" />
<p fId="0" fbTx="103.2077656" lbTx="103.2077712" tId="2" fbRx="103.2077778" lbRx="0" />
<p fId="0" fbTx="103.2077656" lbTx="103.2077712" tId="2" fbRx="103.2077778" lbRx="0" />
<p fId="0" fbTx="103.2077872" lbTx="103.2077928" tId="1" fbRx="103.2077994" lbRx="0" />
<p fId="0" fbTx="103.2077872" lbTx="103.2077928" tId="2" fbRx="103.2077994" lbRx="0" />
<p fId="0" fbTx="103.2077872" lbTx="103.2077928" tId="2" fbRx="103.2077994" lbRx="0" />
<p fId="0" fbTx="103.2078078" lbTx="103.2078134" tId="1" fbRx="103.2078199" lbRx="0" />
<p fId="0" fbTx="103.2078078" lbTx="103.2078134" tId="2" fbRx="103.2078199" lbRx="0" />
<p fId="0" fbTx="103.2078078" lbTx="103.2078134" tId="2" fbRx="103.2078199" lbRx="0" />
<p fId="0" fbTx="103.2078223" lbTx="103.2078279" tId="1" fbRx="103.2078345" lbRx="0" />
<p fId="0" fbTx="103.2078223" lbTx="103.2078279" tId="2" fbRx="103.2078345" lbRx="0" />
<p fId="0" fbTx="103.2078223" lbTx="103.2078279" tId="2" fbRx="103.2078345" lbRx="0" />
<p fId="0" fbTx="103.2078349" lbTx="103.2078405" tId="1" fbRx="103.207847" lbRx="0" />
<p fId="0" fbTx="103.2078349" lbTx="103.2078405" tId="2" fbRx="103.207847" lbRx="0" />
<p fId="0" fbTx="103.2078349" lbTx="103.2078405" tId="2" fbRx="103.207847" lbRx="0" />
<p fId="0" fbTx="103.2078494" lbTx="103.207855" tId="1" fbRx="103.2078616" lbRx="0" />
<p fId="0" fbTx="103.2078494" lbTx="103.207855" tId="2" fbRx="103.2078616" lbRx="0" />
<p fId="0" fbTx="103.2078494" lbTx="103.207855" tId="2" fbRx="103.2078616" lbRx="0" />
<p fId="0" fbTx="103.207862" lbTx="103.2078676" tId="1" fbRx="103.2078742" lbRx="0" />
<p fId="0" fbTx="103.207862" lbTx="103.2078676" tId="2" fbRx="103.2078742" lbRx="0" />
<p fId="0" fbTx="103.207862" lbTx="103.2078676" tId="2" fbRx="103.2078742" lbRx="0" />
<p fId="0" fbTx="103.2078846" lbTx="103.2078902" tId="1" fbRx="103.2078967" lbRx="0" />
<p fId="0" fbTx="103.2078846" lbTx="103.2078902" tId="2" fbRx="103.2078967" lbRx="0" />
<p fId="0" fbTx="103.2078846" lbTx="103.2078902" tId="2" fbRx="103.2078967" lbRx="0" />
<p fId="0" fbTx="103.2078991" lbTx="103.2079047" tId="1" fbRx="103.2079113" lbRx="0" />
<p fId="0" fbTx="103.2078991" lbTx="103.2079047" tId="2" fbRx="103.2079113" lbRx="0" />
<p fId="0" fbTx="103.2078991" lbTx="103.2079047" tId="2" fbRx="103.2079113" lbRx="0" />
<p fId="0" fbTx="103.2079117" lbTx="103.2079173" tId="1" fbRx="103.2079238" lbRx="0" />
<p fId="0" fbTx="103.2079117" lbTx="103.2079173" tId="2" fbRx="103.2079238" lbRx="0" />
<p fId="0" fbTx="103.2079117" lbTx="103.2079173" tId="2" fbRx="103.2079238" lbRx="0" />
<p fId="0" fbTx="103.2079262" lbTx="103.2079318" tId="1" fbRx="103.2079384" lbRx="0" />
<p fId="0" fbTx="103.2079262" lbTx="103.2079318" tId="2" fbRx="103.2079384" lbRx="0" />
<p fId="0" fbTx="103.2079262" lbTx="103.2079318" tId="2" fbRx="103.2079384" lbRx="0" />
<p fId="0" fbTx="103.2079408" lbTx="103.2079464" tId="1" fbRx="103.207953" lbRx="0" />
<p fId="0" fbTx="103.2079408" lbTx="103.2079464" tId="2" fbRx="103.207953" lbRx="0" />
<p fId="0" fbTx="103.2079408" lbTx="103.2079464" tId="2" fbRx="103.207953" lbRx="0" />
<p fId="0" fbTx="103.2079554" lbTx="103.207961" tId="1" fbRx="103.2079675" lbRx="0" />
<p fId="0" fbTx="103.2079554" lbTx="103.207961" tId="2" fbRx="103.2079675" lbRx="0" />
<p fId="0" fbTx="103.2079554" lbTx="103.207961" tId="2" fbRx="103.2079675" lbRx="0" />
<p fId="0" fbTx="103.2079679" lbTx="103.2079735" tId="1" fbRx="103.2079801" lbRx="0" />
<p fId="0" fbTx="103.2079679" lbTx="103.2079735" tId="2" fbRx="103.2079801" lbRx="0" />
<p fId="0" fbTx="103.2079679" lbTx="103.2079735" tId="2" fbRx="103.2079801" lbRx="0" />
<p fId="0" fbTx="103.2079835" lbTx="103.2079891" tId="1" fbRx="103.2079956" lbRx="0" />
<p fId="0" fbTx="103.2079835" lbTx="103.2079891" tId="2" fbRx="103.2079956" lbRx="0" />
<p fId="0" fbTx="103.2079835" lbTx="103.2079891" tId="2" fbRx="103.2079956" lbRx="0" />
<p fId="0" fbTx="103.207999" lbTx="103.2080046" tId="1" fbRx="103.2080112" lbRx="0" />
<p fId="0" fbTx="103.207999" lbTx="103.2080046" tId="2" fbRx="103.2080112" lbRx="0" />
<p fId="0" fbTx="103.207999" lbTx="103.2080046" tId="2" fbRx="103.2080112" lbRx="0" />
<p fId="0" fbTx="103.2080116" lbTx="103.2080172" tId="1" fbRx="103.2080238" lbRx="0" />
<p fId="0" fbTx="103.2080116" lbTx="103.2080172" tId="2" fbRx="103.2080238" lbRx="0" />
<p fId="0" fbTx="103.2080116" lbTx="103.2080172" tId="2" fbRx="103.2080238" lbRx="0" />
<p fId="0" fbTx="103.2080322" lbTx="103.2080378" tId="1" fbRx="103.2080443" lbRx="0" />
<p fId="0" fbTx="103.2080322" lbTx="103.2080378" tId="2" fbRx="103.2080443" lbRx="0" />
<p fId="0" fbTx="103.2080322" lbTx="103.2080378" tId="2" fbRx="103.2080443" lbRx="0" />
<p fId="0" fbTx="103.2080527" lbTx="103.2080583" tId="1" fbRx="103.2080649" lbRx="0" />
<p fId="0" fbTx="103.2080527" lbTx="103.2080583" tId="2" fbRx="103.2080649" lbRx="0" />
<p fId="0" fbTx="103.2080527" lbTx="103.2080583" tId="2" fbRx="103.2080649" lbRx="0" />
<p fId="0" fbTx="103.2080753" lbTx="103.2080809" tId="1" fbRx="103.2080874" lbRx="0" />
<p fId="0" fbTx="103.2080753" lbTx="103.2080809" tId="2" fbRx="103.2080874" lbRx="0" />
<p fId="0" fbTx="103.2080753" lbTx="103.2080809" tId="2" fbRx="103.2080874" lbRx="0" />
<p fId="0" fbTx="103.2080888" lbTx="103.2080944" tId="1" fbRx="103.208101" lbRx="0" />
<p fId="0" fbTx="103.2080888" lbTx="103.2080944" tId="2" fbRx="103.208101" lbRx="0" />
<p fId="0" fbTx="103.2080888" lbTx="103.2080944" tId="2" fbRx="103.208101" lbRx="0" />
<p fId="0" fbTx="103.2081034" lbTx="103.208109" tId="1" fbRx="103.2081156" lbRx="0" />
<p fId="0" fbTx="103.2081034" lbTx="103.208109" tId="2" fbRx="103.2081156" lbRx="0" />
<p fId="0" fbTx="103.2081034" lbTx="103.208109" tId="2" fbRx="103.2081156" lbRx="0" />
<p fId="0" fbTx="103.208128" lbTx="103.2081336" tId="1" fbRx="103.2081401" lbRx="0" />
<p fId="0" fbTx="103.208128" lbTx="103.2081336" tId="2" fbRx="103.2081401" lbRx="0" />
<p fId="0" fbTx="103.208128" lbTx="103.2081336" tId="2" fbRx="103.2081401" lbRx="0" />
<p fId="0" fbTx="103.2081415" lbTx="103.2081471" tId="1" fbRx="103.2081537" lbRx="0" />
<p fId="0" fbTx="103.2081415" lbTx="103.2081471" tId="2" fbRx="103.2081537" lbRx="0" />
<p fId="0" fbTx="103.2081415" lbTx="103.2081471" tId="2" fbRx="103.2081537" lbRx="0" />
<p fId="0" fbTx="103.2081541" lbTx="103.2081597" tId="1" fbRx="103.2081662" lbRx="0" />
<p fId="0" fbTx="103.2081541" lbTx="103.2081597" tId="2" fbRx="103.2081662" lbRx="0" />
<p fId="0" fbTx="103.2081541" lbTx="103.2081597" tId="2" fbRx="103.2081662" lbRx="0" />
<p fId="0" fbTx="103.2081676" lbTx="103.2081732" tId="1" fbRx="103.2081798" lbRx="0" />
<p fId="0" fbTx="103.2081676" lbTx="103.2081732" tId="2" fbRx="103.2081798" lbRx="0" />
<p fId="0" fbTx="103.2081676" lbTx="103.2081732" tId="2" fbRx="103.2081798" lbRx="0" />
<p fId="0" fbTx="103.2081922" lbTx="103.2081978" tId="1" fbRx="103.2082044" lbRx="0" />
<p fId="0" fbTx="103.2081922" lbTx="103.2081978" tId="2" fbRx="103.2082044" lbRx="0" />
<p fId="0" fbTx="103.2081922" lbTx="103.2081978" tId="2" fbRx="103.2082044" lbRx="0" />
<p fId="0" fbTx="103.2082158" lbTx="103.2082214" tId="1" fbRx="103.2082279" lbRx="0" />
<p fId="0" fbTx="103.2082158" lbTx="103.2082214" tId="2" fbRx="103.2082279" lbRx="0" />
<p fId="0" fbTx="103.2082158" lbTx="103.2082214" tId="2" fbRx="103.2082279" lbRx="0" />
<p fId="0" fbTx="103.2082293" lbTx="103.2082349" tId="1" fbRx="103.2082415" lbRx="0" />
<p fId="0" fbTx="103.2082293" lbTx="103.2082349" tId="2" fbRx="103.2082415" lbRx="0" />
<p fId="0" fbTx="103.2082293" lbTx="103.2082349" tId="2" fbRx="103.2082415" lbRx="0" />
<p fId="0" fbTx="103.2082419" lbTx="103.2082475" tId="1" fbRx="103.208254" lbRx="0" />
<p fId="0" fbTx="103.2082419" lbTx="103.2082475" tId="2" fbRx="103.208254" lbRx="0" />
<p fId="0" fbTx="103.2082419" lbTx="103.2082475" tId="2" fbRx="103.208254" lbRx="0" />
<p fId="0" fbTx="103.2082604" lbTx="103.208266" tId="1" fbRx="103.2082726" lbRx="0" />
<p fId="0" fbTx="103.2082604" lbTx="103.208266" tId="2" fbRx="103.2082726" lbRx="0" />
<p fId="0" fbTx="103.2082604" lbTx="103.208266" tId="2" fbRx="103.2082726" lbRx="0" />
<p fId="0" fbTx="103.208275" lbTx="103.2082806" tId="1" fbRx="103.2082872" lbRx="0" />
<p fId="0" fbTx="103.208275" lbTx="103.2082806" tId="2" fbRx="103.2082872" lbRx="0" />
<p fId="0" fbTx="103.208275" lbTx="103.2082806" tId="2" fbRx="103.2082872" lbRx="0" />
<p fId="0" fbTx="103.2082876" lbTx="103.2082932" tId="1" fbRx="103.2082997" lbRx="0" />
<p fId="0" fbTx="103.2082876" lbTx="103.2082932" tId="2" fbRx="103.2082997" lbRx="0" />
<p fId="0" fbTx="103.2082876" lbTx="103.2082932" tId="2" fbRx="103.2082997" lbRx="0" />
<p fId="0" fbTx="103.2083001" lbTx="103.2083057" tId="1" fbRx="103.2083123" lbRx="0" />
<p fId="0" fbTx="103.2083001" lbTx="103.2083057" tId="2" fbRx="103.2083123" lbRx="0" />
<p fId="0" fbTx="103.2083001" lbTx="103.2083057" tId="2" fbRx="103.2083123" lbRx="0" />
<p fId="0" fbTx="103.2083147" lbTx="103.2083203" tId="1" fbRx="103.2083268" lbRx="0" />
<p fId="0" fbTx="103.2083147" lbTx="103.2083203" tId="2" fbRx="103.2083268" lbRx="0" />
<p fId="0" fbTx="103.2083147" lbTx="103.2083203" tId="2" fbRx="103.2083268" lbRx="0" />
<p fId="0" fbTx="103.2083282" lbTx="103.2083338" tId="1" fbRx="103.2083404" lbRx="0" />
<p fId="0" fbTx="103.2083282" lbTx="103.2083338" tId="2" fbRx="103.2083404" lbRx="0" />
<p fId="0" fbTx="103.2083282" lbTx="103.2083338" tId="2" fbRx="103.2083404" lbRx="0" />
<p fId="0" fbTx="103.2083438" lbTx="103.2083494" tId="1" fbRx="103.208356" lbRx="0" />
<p fId="0" fbTx="103.2083438" lbTx="103.2083494" tId="2" fbRx="103.208356" lbRx="0" />
<p fId="0" fbTx="103.2083438" lbTx="103.2083494" tId="2" fbRx="103.208356" lbRx="0" />
<p fId="0" fbTx="103.2083684" lbTx="103.208374" tId="1" fbRx="103.2083805" lbRx="0" />
<p fId="0" fbTx="103.2083684" lbTx="103.208374" tId="2" fbRx="103.2083805" lbRx="0" />
<p fId="0" fbTx="103.2083684" lbTx="103.208374" tId="2" fbRx="103.2083805" lbRx="0" />
<p fId="0" fbTx="103.2083829" lbTx="103.2083885" tId="1" fbRx="103.2083951" lbRx="0" />
<p fId="0" fbTx="103.2083829" lbTx="103.2083885" tId="2" fbRx="103.2083951" lbRx="0" />
<p fId="0" fbTx="103.2083829" lbTx="103.2083885" tId="2" fbRx="103.2083951" lbRx="0" />
<p fId="0" fbTx="103.2084055" lbTx="103.2084111" tId="1" fbRx="103.2084176" lbRx="0" />
<p fId="0" fbTx="103.2084055" lbTx="103.2084111" tId="2" fbRx="103.2084176" lbRx="0" />
<p fId="0" fbTx="103.2084055" lbTx="103.2084111" tId="2" fbRx="103.2084176" lbRx="0" />
<p fId="0" fbTx="103.208427" lbTx="103.2084326" tId="1" fbRx="103.2084392" lbRx="0" />
<p fId="0" fbTx="103.208427" lbTx="103.2084326" tId="2" fbRx="103.2084392" lbRx="0" />
<p fId="0" fbTx="103.208427" lbTx="103.2084326" tId="2" fbRx="103.2084392" lbRx="0" />
<p fId="0" fbTx="103.2084426" lbTx="103.2084482" tId="1" fbRx="103.2084548" lbRx="0" />
<p fId="0" fbTx="103.2084426" lbTx="103.2084482" tId="2" fbRx="103.2084548" lbRx="0" />
<p fId="0" fbTx="103.2084426" lbTx="103.2084482" tId="2" fbRx="103.2084548" lbRx="0" />
<p fId="0" fbTx="103.2084552" lbTx="103.2084608" tId="1" fbRx="103.2084673" lbRx="0" />
<p fId="0" fbTx="103.2084552" lbTx="103.2084608" tId="2" fbRx="103.2084673" lbRx="0" />
<p fId="0" fbTx="103.2084552" lbTx="103.2084608" tId="2" fbRx="103.2084673" lbRx="0" />
<p fId="0" fbTx="103.2084697" lbTx="103.2084753" tId="1" fbRx="103.2084819" lbRx="0" />
<p fId="0" fbTx="103.2084697" lbTx="103.2084753" tId="2" fbRx="103.2084819" lbRx="0" />
<p fId="0" fbTx="103.2084697" lbTx="103.2084753" tId="2" fbRx="103.2084819" lbRx="0" />
<p fId="0" fbTx="103.2084833" lbTx="103.2084889" tId="1" fbRx="103.2084954" lbRx="0" />
<p fId="0" fbTx="103.2084833" lbTx="103.2084889" tId="2" fbRx="103.2084954" lbRx="0" />
<p fId="0" fbTx="103.2084833" lbTx="103.2084889" tId="2" fbRx="103.2084954" lbRx="0" />
<p fId="0" fbTx="103.2084958" lbTx="103.2085014" tId="1" fbRx="103.208508" lbRx="0" />
<p fId="0" fbTx="103.2084958" lbTx="103.2085014" tId="2" fbRx="103.208508" lbRx="0" />
<p fId="0" fbTx="103.2084958" lbTx="103.2085014" tId="2" fbRx="103.208508" lbRx="0" />
<p fId="0" fbTx="103.2085114" lbTx="103.208517" tId="1" fbRx="103.2085236" lbRx="0" />
<p fId="0" fbTx="103.2085114" lbTx="103.208517" tId="2" fbRx="103.2085236" lbRx="0" />
<p fId="0" fbTx="103.2085114" lbTx="103.208517" tId="2" fbRx="103.2085236" lbRx="0" />
<p fId="0" fbTx="103.208524" lbTx="103.2085296" tId="1" fbRx="103.2085361" lbRx="0" />
<p fId="0" fbTx="103.208524" lbTx="103.2085296" tId="2" fbRx="103.2085361" lbRx="0" />
<p fId="0" fbTx="103.208524" lbTx="103.2085296" tId="2" fbRx="103.2085361" lbRx="0" />
<p fId="0" fbTx="103.2085385" lbTx="103.2085441" tId="1" fbRx="103.2085507" lbRx="0" />
<p fId="0" fbTx="103.2085385" lbTx="103.2085441" tId="2" fbRx="103.2085507" lbRx="0" />
<p fId="0" fbTx="103.2085385" lbTx="103.2085441" tId="2" fbRx="103.2085507" lbRx="0" />
<p fId="0" fbTx="103.2085561" lbTx="103.2085617" tId="1" fbRx="103.2085682" lbRx="0" />
<p fId="0" fbTx="103.2085561" lbTx="103.2085617" tId="2" fbRx="103.2085682" lbRx="0" />
<p fId="0" fbTx="103.2085561" lbTx="103.2085617" tId="2" fbRx="103.2085682" lbRx="0" />
<p fId="0" fbTx="103.2085716" lbTx="103.2085772" tId="1" fbRx="103.2085838" lbRx="0" />
<p fId="0" fbTx="103.2085716" lbTx="103.2085772" tId="2" fbRx="103.2085838" lbRx="0" />
<p fId="0" fbTx="103.2085716" lbTx="103.2085772" tId="2" fbRx="103.2085838" lbRx="0" />
<p fId="0" fbTx="103.2085902" lbTx="103.2085958" tId="1" fbRx="103.2086024" lbRx="0" />
<p fId="0" fbTx="103.2085902" lbTx="103.2085958" tId="2" fbRx="103.2086024" lbRx="0" />
<p fId="0" fbTx="103.2085902" lbTx="103.2085958" tId="2" fbRx="103.2086024" lbRx="0" />
<p fId="0" fbTx="103.2086048" lbTx="103.2086104" tId="1" fbRx="103.2086169" lbRx="0" />
<p fId="0" fbTx="103.2086048" lbTx="103.2086104" tId="2" fbRx="103.2086169" lbRx="0" />
<p fId="0" fbTx="103.2086048" lbTx="103.2086104" tId="2" fbRx="103.2086169" lbRx="0" />
<p fId="0" fbTx="103.2086213" lbTx="103.2086269" tId="1" fbRx="103.2086335" lbRx="0" />
<p fId="0" fbTx="103.2086213" lbTx="103.2086269" tId="2" fbRx="103.2086335" lbRx="0" />
<p fId="0" fbTx="103.2086213" lbTx="103.2086269" tId="2" fbRx="103.2086335" lbRx="0" />
<p fId="0" fbTx="103.2086449" lbTx="103.2086505" tId="1" fbRx="103.208657" lbRx="0" />
<p fId="0" fbTx="103.2086449" lbTx="103.2086505" tId="2" fbRx="103.208657" lbRx="0" />
<p fId="0" fbTx="103.2086449" lbTx="103.2086505" tId="2" fbRx="103.208657" lbRx="0" />
<p fId="0" fbTx="103.2086584" lbTx="103.208664" tId="1" fbRx="103.2086706" lbRx="0" />
<p fId="0" fbTx="103.2086584" lbTx="103.208664" tId="2" fbRx="103.2086706" lbRx="0" />
<p fId="0" fbTx="103.2086584" lbTx="103.208664" tId="2" fbRx="103.2086706" lbRx="0" />
<p fId="0" fbTx="103.208673" lbTx="103.2086786" tId="1" fbRx="103.2086852" lbRx="0" />
<p fId="0" fbTx="103.208673" lbTx="103.2086786" tId="2" fbRx="103.2086852" lbRx="0" />
<p fId="0" fbTx="103.208673" lbTx="103.2086786" tId="2" fbRx="103.2086852" lbRx="0" />
<p fId="0" fbTx="103.2086876" lbTx="103.2086932" tId="1" fbRx="103.2086997" lbRx="0" />
<p fId="0" fbTx="103.2086876" lbTx="103.2086932" tId="2" fbRx="103.2086997" lbRx="0" />
<p fId="0" fbTx="103.2086876" lbTx="103.2086932" tId="2" fbRx="103.2086997" lbRx="0" />
<p fId="0" fbTx="103.2087011" lbTx="103.2087067" tId="1" fbRx="103.2087133" lbRx="0" />
<p fId="0" fbTx="103.2087011" lbTx="103.2087067" tId="2" fbRx="103.2087133" lbRx="0" />
<p fId="0" fbTx="103.2087011" lbTx="103.2087067" tId="2" fbRx="103.2087133" lbRx="0" />
<p fId="0" fbTx="103.2087197" lbTx="103.2087253" tId="1" fbRx="103.2087318" lbRx="0" />
<p fId="0" fbTx="103.2087197" lbTx="103.2087253" tId="2" fbRx="103.2087318" lbRx="0" />
<p fId="0" fbTx="103.2087197" lbTx="103.2087253" tId="2" fbRx="103.2087318" lbRx="0" />
<p fId="0" fbTx="103.2087332" lbTx="103.2087388" tId="1" fbRx="103.2087454" lbRx="0" />
<p fId="0" fbTx="103.2087332" lbTx="103.2087388" tId="2" fbRx="103.2087454" lbRx="0" />
<p fId="0" fbTx="103.2087332" lbTx="103.2087388" tId="2" fbRx="103.2087454" lbRx="0" />
<p fId="0" fbTx="103.2087488" lbTx="103.2087544" tId="1" fbRx="103.208761" lbRx="0" />
<p fId="0" fbTx="103.2087488" lbTx="103.2087544" tId="2" fbRx="103.208761" lbRx="0" />
<p fId="0" fbTx="103.2087488" lbTx="103.2087544" tId="2" fbRx="103.208761" lbRx="0" />
<p fId="0" fbTx="103.2087624" lbTx="103.208768" tId="1" fbRx="103.2087745" lbRx="0" />
<p fId="0" fbTx="103.2087624" lbTx="103.208768" tId="2" fbRx="103.2087745" lbRx="0" />
<p fId="0" fbTx="103.2087624" lbTx="103.208768" tId="2" fbRx="103.2087745" lbRx="0" />
<p fId="0" fbTx="103.2087749" lbTx="103.2087805" tId="1" fbRx="103.2087871" lbRx="0" />
<p fId="0" fbTx="103.2087749" lbTx="103.2087805" tId="2" fbRx="103.2087871" lbRx="0" />
<p fId="0" fbTx="103.2087749" lbTx="103.2087805" tId="2" fbRx="103.2087871" lbRx="0" />
<p fId="0" fbTx="103.2087895" lbTx="103.2087951" tId="1" fbRx="103.2088016" lbRx="0" />
<p fId="0" fbTx="103.2087895" lbTx="103.2087951" tId="2" fbRx="103.2088016" lbRx="0" />
<p fId="0" fbTx="103.2087895" lbTx="103.2087951" tId="2" fbRx="103.2088016" lbRx="0" />
<p fId="0" fbTx="103.208809" lbTx="103.2088146" tId="1" fbRx="103.2088212" lbRx="0" />
<p fId="0" fbTx="103.208809" lbTx="103.2088146" tId="2" fbRx="103.2088212" lbRx="0" />
<p fId="0" fbTx="103.208809" lbTx="103.2088146" tId="2" fbRx="103.2088212" lbRx="0" />
<p fId="0" fbTx="103.2088316" lbTx="103.2088372" tId="1" fbRx="103.2088438" lbRx="0" />
<p fId="0" fbTx="103.2088316" lbTx="103.2088372" tId="2" fbRx="103.2088438" lbRx="0" />
<p fId="0" fbTx="103.2088316" lbTx="103.2088372" tId="2" fbRx="103.2088438" lbRx="0" />
<p fId="0" fbTx="103.2088472" lbTx="103.2088528" tId="1" fbRx="103.2088593" lbRx="0" />
<p fId="0" fbTx="103.2088472" lbTx="103.2088528" tId="2" fbRx="103.2088593" lbRx="0" />
<p fId="0" fbTx="103.2088472" lbTx="103.2088528" tId="2" fbRx="103.2088593" lbRx="0" />
<p fId="0" fbTx="103.2088617" lbTx="103.2088673" tId="1" fbRx="103.2088739" lbRx="0" />
<p fId="0" fbTx="103.2088617" lbTx="103.2088673" tId="2" fbRx="103.2088739" lbRx="0" />
<p fId="0" fbTx="103.2088617" lbTx="103.2088673" tId="2" fbRx="103.2088739" lbRx="0" />
<p fId="0" fbTx="103.2088803" lbTx="103.2088859" tId="1" fbRx="103.2088924" lbRx="0" />
<p fId="0" fbTx="103.2088803" lbTx="103.2088859" tId="2" fbRx="103.2088924" lbRx="0" />
<p fId="0" fbTx="103.2088803" lbTx="103.2088859" tId="2" fbRx="103.2088924" lbRx="0" />
<p fId="0" fbTx="103.2089038" lbTx="103.2089094" tId="1" fbRx="103.208916" lbRx="0" />
<p fId="0" fbTx="103.2089038" lbTx="103.2089094" tId="2" fbRx="103.208916" lbRx="0" />
<p fId="0" fbTx="103.2089038" lbTx="103.2089094" tId="2" fbRx="103.208916" lbRx="0" />
<p fId="0" fbTx="103.2089174" lbTx="103.208923" tId="1" fbRx="103.2089296" lbRx="0" />
<p fId="0" fbTx="103.2089174" lbTx="103.208923" tId="2" fbRx="103.2089296" lbRx="0" />
<p fId="0" fbTx="103.2089174" lbTx="103.208923" tId="2" fbRx="103.2089296" lbRx="0" />
<p fId="0" fbTx="103.208939" lbTx="103.2089446" tId="1" fbRx="103.2089511" lbRx="0" />
<p fId="0" fbTx="103.208939" lbTx="103.2089446" tId="2" fbRx="103.2089511" lbRx="0" />
<p fId="0" fbTx="103.208939" lbTx="103.2089446" tId="2" fbRx="103.2089511" lbRx="0" />
<p fId="0" fbTx="103.2089525" lbTx="103.2089581" tId="1" fbRx="103.2089647" lbRx="0" />
<p fId="0" fbTx="103.2089525" lbTx="103.2089581" tId="2" fbRx="103.2089647" lbRx="0" />
<p fId="0" fbTx="103.2089525" lbTx="103.2089581" tId="2" fbRx="103.2089647" lbRx="0" />
<p fId="0" fbTx="103.2089751" lbTx="103.2089807" tId="1" fbRx="103.2089872" lbRx="0" />
<p fId="0" fbTx="103.2089751" lbTx="103.2089807" tId="2" fbRx="103.2089872" lbRx="0" />
<p fId="0" fbTx="103.2089751" lbTx="103.2089807" tId="2" fbRx="103.2089872" lbRx="0" />
<p fId="0" fbTx="103.2089906" lbTx="103.2089962" tId="1" fbRx="103.2090028" lbRx="0" />
<p fId="0" fbTx="103.2089906" lbTx="103.2089962" tId="2" fbRx="103.2090028" lbRx="0" />
<p fId="0" fbTx="103.2089906" lbTx="103.2089962" tId="2" fbRx="103.2090028" lbRx="0" />
<p fId="0" fbTx="103.2090102" lbTx="103.2090158" tId="1" fbRx="103.2090224" lbRx="0" />
<p fId="0" fbTx="103.2090102" lbTx="103.2090158" tId="2" fbRx="103.2090224" lbRx="0" />
<p fId="0" fbTx="103.2090102" lbTx="103.2090158" tId="2" fbRx="103.2090224" lbRx="0" />
<p fId="0" fbTx="103.2090228" lbTx="103.2090284" tId="1" fbRx="103.2090349" lbRx="0" />
<p fId="0" fbTx="103.2090228" lbTx="103.2090284" tId="2" fbRx="103.2090349" lbRx="0" />
<p fId="0" fbTx="103.2090228" lbTx="103.2090284" tId="2" fbRx="103.2090349" lbRx="0" />
<p fId="0" fbTx="103.2090443" lbTx="103.2090499" tId="1" fbRx="103.2090565" lbRx="0" />
<p fId="0" fbTx="103.2090443" lbTx="103.2090499" tId="2" fbRx="103.2090565" lbRx="0" />
<p fId="0" fbTx="103.2090443" lbTx="103.2090499" tId="2" fbRx="103.2090565" lbRx="0" />
<p fId="0" fbTx="103.2090569" lbTx="103.2090625" tId="1" fbRx="103.209069" lbRx="0" />
<p fId="0" fbTx="103.2090569" lbTx="103.2090625" tId="2" fbRx="103.209069" lbRx="0" />
<p fId="0" fbTx="103.2090569" lbTx="103.2090625" tId="2" fbRx="103.209069" lbRx="0" />
<p fId="0" fbTx="103.2090694" lbTx="103.209075" tId="1" fbRx="103.2090816" lbRx="0" />
<p fId="0" fbTx="103.2090694" lbTx="103.209075" tId="2" fbRx="103.2090816" lbRx="0" />
<p fId="0" fbTx="103.2090694" lbTx="103.209075" tId="2" fbRx="103.2090816" lbRx="0" />
<p fId="0" fbTx="103.209088" lbTx="103.2090936" tId="1" fbRx="103.2091002" lbRx="0" />
<p fId="0" fbTx="103.209088" lbTx="103.2090936" tId="2" fbRx="103.2091002" lbRx="0" />
<p fId="0" fbTx="103.209088" lbTx="103.2090936" tId="2" fbRx="103.2091002" lbRx="0" />
<p fId="0" fbTx="103.2091026" lbTx="103.2091082" tId="1" fbRx="103.2091147" lbRx="0" />
<p fId="0" fbTx="103.2091026" lbTx="103.2091082" tId="2" fbRx="103.2091147" lbRx="0" />
<p fId="0" fbTx="103.2091026" lbTx="103.2091082" tId="2" fbRx="103.2091147" lbRx="0" />
<p fId="0" fbTx="103.2091161" lbTx="103.2091217" tId="1" fbRx="103.2091283" lbRx="0" />
<p fId="0" fbTx="103.2091161" lbTx="103.2091217" tId="2" fbRx="103.2091283" lbRx="0" />
<p fId="0" fbTx="103.2091161" lbTx="103.2091217" tId="2" fbRx="103.2091283" lbRx="0" />
<p fId="0" fbTx="103.2091307" lbTx="103.2091363" tId="1" fbRx="103.2091428" lbRx="0" />
<p fId="0" fbTx="103.2091307" lbTx="103.2091363" tId="2" fbRx="103.2091428" lbRx="0" />
<p fId="0" fbTx="103.2091307" lbTx="103.2091363" tId="2" fbRx="103.2091428" lbRx="0" />
<p fId="0" fbTx="103.2091442" lbTx="103.2091498" tId="1" fbRx="103.2091564" lbRx="0" />
<p fId="0" fbTx="103.2091442" lbTx="103.2091498" tId="2" fbRx="103.2091564" lbRx="0" />
<p fId="0" fbTx="103.2091442" lbTx="103.2091498" tId="2" fbRx="103.2091564" lbRx="0" />
<p fId="0" fbTx="103.2091728" lbTx="103.2091784" tId="1" fbRx="103.209185" lbRx="0" />
<p fId="0" fbTx="103.2091728" lbTx="103.2091784" tId="2" fbRx="103.209185" lbRx="0" />
<p fId="0" fbTx="103.2091728" lbTx="103.2091784" tId="2" fbRx="103.209185" lbRx="0" />
<p fId="0" fbTx="103.2091864" lbTx="103.209192" tId="1" fbRx="103.2091985" lbRx="0" />
<p fId="0" fbTx="103.2091864" lbTx="103.209192" tId="2" fbRx="103.2091985" lbRx="0" />
<p fId="0" fbTx="103.2091864" lbTx="103.209192" tId="2" fbRx="103.2091985" lbRx="0" />
<p fId="0" fbTx="103.2091989" lbTx="103.2092045" tId="1" fbRx="103.2092111" lbRx="0" />
<p fId="0" fbTx="103.2091989" lbTx="103.2092045" tId="2" fbRx="103.2092111" lbRx="0" />
<p fId="0" fbTx="103.2091989" lbTx="103.2092045" tId="2" fbRx="103.2092111" lbRx="0" />
<p fId="0" fbTx="103.2092115" lbTx="103.2092171" tId="1" fbRx="103.2092236" lbRx="0" />
<p fId="0" fbTx="103.2092115" lbTx="103.2092171" tId="2" fbRx="103.2092236" lbRx="0" />
<p fId="0" fbTx="103.2092115" lbTx="103.2092171" tId="2" fbRx="103.2092236" lbRx="0" />
<p fId="0" fbTx="103.209227" lbTx="103.2092326" tId="1" fbRx="103.2092392" lbRx="0" />
<p fId="0" fbTx="103.209227" lbTx="103.2092326" tId="2" fbRx="103.2092392" lbRx="0" />
<p fId="0" fbTx="103.209227" lbTx="103.2092326" tId="2" fbRx="103.2092392" lbRx="0" />
<p fId="0" fbTx="103.2092476" lbTx="103.2092532" tId="1" fbRx="103.2092598" lbRx="0" />
<p fId="0" fbTx="103.2092476" lbTx="103.2092532" tId="2" fbRx="103.2092598" lbRx="0" />
<p fId="0" fbTx="103.2092476" lbTx="103.2092532" tId="2" fbRx="103.2092598" lbRx="0" />
<p fId="0" fbTx="103.2092602" lbTx="103.2092658" tId="1" fbRx="103.2092723" lbRx="0" />
<p fId="0" fbTx="103.2092602" lbTx="103.2092658" tId="2" fbRx="103.2092723" lbRx="0" />
<p fId="0" fbTx="103.2092602" lbTx="103.2092658" tId="2" fbRx="103.2092723" lbRx="0" />
<p fId="0" fbTx="103.2092737" lbTx="103.2092793" tId="1" fbRx="103.2092859" lbRx="0" />
<p fId="0" fbTx="103.2092737" lbTx="103.2092793" tId="2" fbRx="103.2092859" lbRx="0" />
<p fId="0" fbTx="103.2092737" lbTx="103.2092793" tId="2" fbRx="103.2092859" lbRx="0" />
<p fId="0" fbTx="103.2092883" lbTx="103.2092939" tId="1" fbRx="103.2093004" lbRx="0" />
<p fId="0" fbTx="103.2092883" lbTx="103.2092939" tId="2" fbRx="103.2093004" lbRx="0" />
<p fId="0" fbTx="103.2092883" lbTx="103.2092939" tId="2" fbRx="103.2093004" lbRx="0" />
<p fId="0" fbTx="103.2351435" lbTx="103.2351771" tId="1" fbRx="103.2351837" lbRx="0" />
<p fId="0" fbTx="103.2351435" lbTx="103.2351771" tId="2" fbRx="103.2351837" lbRx="0" />
<p fId="0" fbTx="103.2351435" lbTx="103.2351771" tId="2" fbRx="103.2351837" lbRx="0" />
<p fId="2" fbTx="103.2351837" lbTx="103.2352237" tId="0" fbRx="103.2352302" lbRx="0" />
<p fId="2" fbTx="103.2351837" lbTx="103.2352237" tId="0" fbRx="103.2352302" lbRx="0" />
<p fId="2" fbTx="103.2351837" lbTx="103.2352237" tId="1" fbRx="103.2352302" lbRx="0" />
<p fId="0" fbTx="103.2352302" lbTx="103.2352638" tId="1" fbRx="103.2352704" lbRx="0" />
<p fId="0" fbTx="103.2352302" lbTx="103.2352638" tId="2" fbRx="103.2352704" lbRx="0" />
<p fId="0" fbTx="103.2352302" lbTx="103.2352638" tId="2" fbRx="103.2352704" lbRx="0" />
<p fId="2" fbTx="103.2352704" lbTx="103.2352885" tId="0" fbRx="103.235295" lbRx="0" />
<p fId="2" fbTx="103.2352704" lbTx="103.2352885" tId="0" fbRx="103.235295" lbRx="0" />
<p fId="2" fbTx="103.2352704" lbTx="103.2352885" tId="1" fbRx="103.235295" lbRx="0" />
<p fId="0" fbTx="103.235295" lbTx="103.2353286" tId="1" fbRx="103.2353352" lbRx="0" />
<p fId="0" fbTx="103.235295" lbTx="103.2353286" tId="2" fbRx="103.2353352" lbRx="0" />
<p fId="0" fbTx="103.235295" lbTx="103.2353286" tId="2" fbRx="103.2353352" lbRx="0" />
<p fId="2" fbTx="103.2353352" lbTx="103.2353837" tId="0" fbRx="103.2353902" lbRx="0" />
<p fId="2" fbTx="103.2353352" lbTx="103.2353837" tId="0" fbRx="103.2353902" lbRx="0" />
<p fId="2" fbTx="103.2353352" lbTx="103.2353837" tId="1" fbRx="103.2353902" lbRx="0" />
<p fId="2" fbTx="103.2353916" lbTx="103.2354401" tId="0" fbRx="103.2354467" lbRx="0" />
<p fId="2" fbTx="103.2353916" lbTx="103.2354401" tId="0" fbRx="103.2354467" lbRx="0" />
<p fId="2" fbTx="103.2353916" lbTx="103.2354401" tId="1" fbRx="103.2354467" lbRx="0" />
<p fId="0" fbTx="103.2354477" lbTx="103.2354533" tId="1" fbRx="103.2354598" lbRx="0" />
<p fId="0" fbTx="103.2354477" lbTx="103.2354533" tId="2" fbRx="103.2354598" lbRx="0" />
<p fId="0" fbTx="103.2354477" lbTx="103.2354533" tId="2" fbRx="103.2354598" lbRx="0" />
<p fId="2" fbTx="103.2354661" lbTx="103.2355146" tId="0" fbRx="103.2355211" lbRx="0" />
<p fId="2" fbTx="103.2354661" lbTx="103.2355146" tId="0" fbRx="103.2355211" lbRx="0" />
<p fId="2" fbTx="103.2354661" lbTx="103.2355146" tId="1" fbRx="103.2355211" lbRx="0" />
<p fId="2" fbTx="103.2355295" lbTx="103.235578" tId="0" fbRx="103.2355846" lbRx="0" />
<p fId="2" fbTx="103.2355295" lbTx="103.235578" tId="0" fbRx="103.2355846" lbRx="0" />
<p fId="2" fbTx="103.2355295" lbTx="103.235578" tId="1" fbRx="103.2355846" lbRx="0" />
<p fId="0" fbTx="103.2355856" lbTx="103.2355912" tId="1" fbRx="103.2355977" lbRx="0" />
<p fId="0" fbTx="103.2355856" lbTx="103.2355912" tId="2" fbRx="103.2355977" lbRx="0" />
<p fId="0" fbTx="103.2355856" lbTx="103.2355912" tId="2" fbRx="103.2355977" lbRx="0" />
<p fId="2" fbTx="103.235601" lbTx="103.2356494" tId="0" fbRx="103.235656" lbRx="0" />
<p fId="2" fbTx="103.235601" lbTx="103.2356494" tId="0" fbRx="103.235656" lbRx="0" />
<p fId="2" fbTx="103.235601" lbTx="103.2356494" tId="1" fbRx="103.235656" lbRx="0" />
<p fId="2" fbTx="103.2356564" lbTx="103.2356997" tId="0" fbRx="103.2357062" lbRx="0" />
<p fId="2" fbTx="103.2356564" lbTx="103.2356997" tId="0" fbRx="103.2357062" lbRx="0" />
<p fId="2" fbTx="103.2356564" lbTx="103.2356997" tId="1" fbRx="103.2357062" lbRx="0" />
<p fId="0" fbTx="103.2357072" lbTx="103.2357128" tId="1" fbRx="103.2357194" lbRx="0" />
<p fId="0" fbTx="103.2357072" lbTx="103.2357128" tId="2" fbRx="103.2357194" lbRx="0" />
<p fId="0" fbTx="103.2357072" lbTx="103.2357128" tId="2" fbRx="103.2357194" lbRx="0" />
<p fId="0" fbTx="103.2357218" lbTx="103.2357554" tId="1" fbRx="103.235762" lbRx="0" />
<p fId="0" fbTx="103.2357218" lbTx="103.2357554" tId="2" fbRx="103.235762" lbRx="0" />
<p fId="0" fbTx="103.2357218" lbTx="103.2357554" tId="2" fbRx="103.235762" lbRx="0" />
<p fId="2" fbTx="103.235762" lbTx="103.2357801" tId="0" fbRx="103.2357866" lbRx="0" />
<p fId="2" fbTx="103.235762" lbTx="103.2357801" tId="0" fbRx="103.2357866" lbRx="0" />
<p fId="2" fbTx="103.235762" lbTx="103.2357801" tId="1" fbRx="103.2357866" lbRx="0" />
<p fId="0" fbTx="103.2357866" lbTx="103.2358202" tId="1" fbRx="103.2358268" lbRx="0" />
<p fId="0" fbTx="103.2357866" lbTx="103.2358202" tId="2" fbRx="103.2358268" lbRx="0" />
<p fId="0" fbTx="103.2357866" lbTx="103.2358202" tId="2" fbRx="103.2358268" lbRx="0" />
<p fId="2" fbTx="103.2358268" lbTx="103.2358546" tId="0" fbRx="103.2358612" lbRx="0" />
<p fId="2" fbTx="103.2358268" lbTx="103.2358546" tId="0" fbRx="103.2358612" lbRx="0" />
<p fId="2" fbTx="103.2358268" lbTx="103.2358546" tId="1" fbRx="103.2358612" lbRx="0" />
<p fId="0" fbTx="103.4358612" lbTx="103.4358668" tId="1" fbRx="103.4358733" lbRx="0" />
<p fId="0" fbTx="103.4358612" lbTx="103.4358668" tId="2" fbRx="103.4358733" lbRx="0" />
<p fId="0" fbTx="103.4358612" lbTx="103.4358668" tId="2" fbRx="103.4358733" lbRx="0" />
<p fId="0" fbTx="127.0847508" lbTx="127.0847844" tId="1" fbRx="127.084791" lbRx="0" />
<p fId="0" fbTx="127.0847508" lbTx="127.0847844" tId="2" fbRx="127.084791" lbRx="0" />
<p fId="0" fbTx="127.0847508" lbTx="127.0847844" tId="2" fbRx="127.084791" lbRx="0" />
<p fId="2" fbTx="127.084791" lbTx="127.0848394" tId="0" fbRx="127.084846" lbRx="0" />
<p fId="2" fbTx="127.084791" lbTx="127.0848394" tId="0" fbRx="127.084846" lbRx="0" />
<p fId="2" fbTx="127.084791" lbTx="127.0848394" tId="1" fbRx="127.084846" lbRx="0" />
<p fId="2" fbTx="127.0848474" lbTx="127.0848959" tId="0" fbRx="127.0849024" lbRx="0" />
<p fId="2" fbTx="127.0848474" lbTx="127.0848959" tId="0" fbRx="127.0849024" lbRx="0" />
<p fId="2" fbTx="127.0848474" lbTx="127.0848959" tId="1" fbRx="127.0849024" lbRx="0" />
<p fId="0" fbTx="127.0849034" lbTx="127.084909" tId="1" fbRx="127.0849156" lbRx="0" />
<p fId="0" fbTx="127.0849034" lbTx="127.084909" tId="2" fbRx="127.0849156" lbRx="0" />
<p fId="0" fbTx="127.0849034" lbTx="127.084909" tId="2" fbRx="127.0849156" lbRx="0" />
<p fId="2" fbTx="127.0849168" lbTx="127.0849653" tId="0" fbRx="127.0849719" lbRx="0" />
<p fId="2" fbTx="127.0849168" lbTx="127.0849653" tId="0" fbRx="127.0849719" lbRx="0" />
<p fId="2" fbTx="127.0849168" lbTx="127.0849653" tId="1" fbRx="127.0849719" lbRx="0" />
<p fId="2" fbTx="127.0849843" lbTx="127.0850328" tId="0" fbRx="127.0850393" lbRx="0" />
<p fId="2" fbTx="127.0849843" lbTx="127.0850328" tId="0" fbRx="127.0850393" lbRx="0" />
<p fId="2" fbTx="127.0849843" lbTx="127.0850328" tId="1" fbRx="127.0850393" lbRx="0" />
<p fId="0" fbTx="127.0850403" lbTx="127.0850459" tId="1" fbRx="127.0850525" lbRx="0" />
<p fId="0" fbTx="127.0850403" lbTx="127.0850459" tId="2" fbRx="127.0850525" lbRx="0" />
<p fId="0" fbTx="127.0850403" lbTx="127.0850459" tId="2" fbRx="127.0850525" lbRx="0" />
<p fId="2" fbTx="127.0851087" lbTx="127.0851572" tId="0" fbRx="127.0851638" lbRx="0" />
<p fId="2" fbTx="127.0851087" lbTx="127.0851572" tId="0" fbRx="127.0851638" lbRx="0" />
<p fId="2" fbTx="127.0851087" lbTx="127.0851572" tId="1" fbRx="127.0851638" lbRx="0" />
<p fId="2" fbTx="127.0851642" lbTx="127.0852126" tId="0" fbRx="127.0852192" lbRx="0" />
<p fId="2" fbTx="127.0851642" lbTx="127.0852126" tId="0" fbRx="127.0852192" lbRx="0" />
<p fId="2" fbTx="127.0851642" lbTx="127.0852126" tId="1" fbRx="127.0852192" lbRx="0" />
<p fId="2" fbTx="127.0852196" lbTx="127.0852681" tId="0" fbRx="127.0852746" lbRx="0" />
<p fId="2" fbTx="127.0852196" lbTx="127.0852681" tId="0" fbRx="127.0852746" lbRx="0" />
<p fId="2" fbTx="127.0852196" lbTx="127.0852681" tId="1" fbRx="127.0852746" lbRx="0" />
<p fId="2" fbTx="127.085285" lbTx="127.0853335" tId="0" fbRx="127.0853401" lbRx="0" />
<p fId="2" fbTx="127.085285" lbTx="127.0853335" tId="0" fbRx="127.0853401" lbRx="0" />
<p fId="2" fbTx="127.085285" lbTx="127.0853335" tId="1" fbRx="127.0853401" lbRx="0" />
<p fId="0" fbTx="127.0853442" lbTx="127.0853498" tId="1" fbRx="127.0853564" lbRx="0" />
<p fId="0" fbTx="127.0853442" lbTx="127.0853498" tId="2" fbRx="127.0853564" lbRx="0" />
<p fId="0" fbTx="127.0853442" lbTx="127.0853498" tId="2" fbRx="127.0853564" lbRx="0" />
<p fId="0" fbTx="127.0853638" lbTx="127.0853694" tId="1" fbRx="127.0853759" lbRx="0" />
<p fId="0" fbTx="127.0853638" lbTx="127.0853694" tId="2" fbRx="127.0853759" lbRx="0" />
<p fId="0" fbTx="127.0853638" lbTx="127.0853694" tId="2" fbRx="127.0853759" lbRx="0" />
<p fId="2" fbTx="127.0854245" lbTx="127.085473" tId="0" fbRx="127.0854795" lbRx="0" />
<p fId="2" fbTx="127.0854245" lbTx="127.085473" tId="0" fbRx="127.0854795" lbRx="0" />
<p fId="2" fbTx="127.0854245" lbTx="127.085473" tId="1" fbRx="127.0854795" lbRx="0" />
<p fId="2" fbTx="127.0854829" lbTx="127.0855314" tId="0" fbRx="127.085538" lbRx="0" />
<p fId="2" fbTx="127.0854829" lbTx="127.0855314" tId="0" fbRx="127.085538" lbRx="0" />
<p fId="2" fbTx="127.0854829" lbTx="127.0855314" tId="1" fbRx="127.085538" lbRx="0" />
<p fId="0" fbTx="127.085539" lbTx="127.0855446" tId="1" fbRx="127.0855511" lbRx="0" />
<p fId="0" fbTx="127.085539" lbTx="127.0855446" tId="2" fbRx="127.0855511" lbRx="0" />
<p fId="0" fbTx="127.085539" lbTx="127.0855446" tId="2" fbRx="127.0855511" lbRx="0" />
<p fId="2" fbTx="127.0855554" lbTx="127.0856038" tId="0" fbRx="127.0856104" lbRx="0" />
<p fId="2" fbTx="127.0855554" lbTx="127.0856038" tId="0" fbRx="127.0856104" lbRx="0" />
<p fId="2" fbTx="127.0855554" lbTx="127.0856038" tId="1" fbRx="127.0856104" lbRx="0" />
<p fId="2" fbTx="127.0856128" lbTx="127.0856613" tId="0" fbRx="127.0856678" lbRx="0" />
<p fId="2" fbTx="127.0856128" lbTx="127.0856613" tId="0" fbRx="127.0856678" lbRx="0" />
<p fId="2" fbTx="127.0856128" lbTx="127.0856613" tId="1" fbRx="127.0856678" lbRx="0" />
<p fId="0" fbTx="127.0856688" lbTx="127.0856744" tId="1" fbRx="127.085681" lbRx="0" />
<p fId="0" fbTx="127.0856688" lbTx="127.0856744" tId="2" fbRx="127.085681" lbRx="0" />
<p fId="0" fbTx="127.0856688" lbTx="127.0856744" tId="2" fbRx="127.085681" lbRx="0" />
<p fId="2" fbTx="127.0857022" lbTx="127.0857507" tId="0" fbRx="127.0857573" lbRx="0" />
<p fId="2" fbTx="127.0857022" lbTx="127.0857507" tId="0" fbRx="127.0857573" lbRx="0" />
<p fId="2" fbTx="127.0857022" lbTx="127.0857507" tId="1" fbRx="127.0857573" lbRx="0" />
<p fId="2" fbTx="127.0857607" lbTx="127.0858092" tId="0" fbRx="127.0858157" lbRx="0" />
<p fId="2" fbTx="127.0857607" lbTx="127.0858092" tId="0" fbRx="127.0858157" lbRx="0" />
<p fId="2" fbTx="127.0857607" lbTx="127.0858092" tId="1" fbRx="127.0858157" lbRx="0" />
<p fId="0" fbTx="127.0858167" lbTx="127.0858223" tId="1" fbRx="127.0858289" lbRx="0" />
<p fId="0" fbTx="127.0858167" lbTx="127.0858223" tId="2" fbRx="127.0858289" lbRx="0" />
<p fId="0" fbTx="127.0858167" lbTx="127.0858223" tId="2" fbRx="127.0858289" lbRx="0" />
<p fId="2" fbTx="127.0858361" lbTx="127.0858846" tId="0" fbRx="127.0858912" lbRx="0" />
<p fId="2" fbTx="127.0858361" lbTx="127.0858846" tId="0" fbRx="127.0858912" lbRx="0" />
<p fId="2" fbTx="127.0858361" lbTx="127.0858846" tId="1" fbRx="127.0858912" lbRx="0" />
<p fId="2" fbTx="127.0858916" lbTx="127.08594" tId="0" fbRx="127.0859466" lbRx="0" />
<p fId="2" fbTx="127.0858916" lbTx="127.08594" tId="0" fbRx="127.0859466" lbRx="0" />
<p fId="2" fbTx="127.0858916" lbTx="127.08594" tId="1" fbRx="127.0859466" lbRx="0" />
<p fId="0" fbTx="127.0859476" lbTx="127.0859532" tId="1" fbRx="127.0859598" lbRx="0" />
<p fId="0" fbTx="127.0859476" lbTx="127.0859532" tId="2" fbRx="127.0859598" lbRx="0" />
<p fId="0" fbTx="127.0859476" lbTx="127.0859532" tId="2" fbRx="127.0859598" lbRx="0" />
<p fId="2" fbTx="127.085967" lbTx="127.0860155" tId="0" fbRx="127.086022" lbRx="0" />
<p fId="2" fbTx="127.085967" lbTx="127.0860155" tId="0" fbRx="127.086022" lbRx="0" />
<p fId="2" fbTx="127.085967" lbTx="127.0860155" tId="1" fbRx="127.086022" lbRx="0" />
<p fId="2" fbTx="127.0860234" lbTx="127.0860719" tId="0" fbRx="127.0860785" lbRx="0" />
<p fId="2" fbTx="127.0860234" lbTx="127.0860719" tId="0" fbRx="127.0860785" lbRx="0" />
<p fId="2" fbTx="127.0860234" lbTx="127.0860719" tId="1" fbRx="127.0860785" lbRx="0" />
<p fId="0" fbTx="127.0860795" lbTx="127.0860851" tId="1" fbRx="127.0860916" lbRx="0" />
<p fId="0" fbTx="127.0860795" lbTx="127.0860851" tId="2" fbRx="127.0860916" lbRx="0" />
<p fId="0" fbTx="127.0860795" lbTx="127.0860851" tId="2" fbRx="127.0860916" lbRx="0" />
<p fId="2" fbTx="127.0861089" lbTx="127.0861574" tId="0" fbRx="127.0861639" lbRx="0" />
<p fId="2" fbTx="127.0861089" lbTx="127.0861574" tId="0" fbRx="127.0861639" lbRx="0" />
<p fId="2" fbTx="127.0861089" lbTx="127.0861574" tId="1" fbRx="127.0861639" lbRx="0" />
<p fId="2" fbTx="127.0861663" lbTx="127.0862148" tId="0" fbRx="127.0862214" lbRx="0" />
<p fId="2" fbTx="127.0861663" lbTx="127.0862148" tId="0" fbRx="127.0862214" lbRx="0" />
<p fId="2" fbTx="127.0861663" lbTx="127.0862148" tId="1" fbRx="127.0862214" lbRx="0" />
<p fId="0" fbTx="127.0862224" lbTx="127.086228" tId="1" fbRx="127.0862345" lbRx="0" />
<p fId="0" fbTx="127.0862224" lbTx="127.086228" tId="2" fbRx="127.0862345" lbRx="0" />
<p fId="0" fbTx="127.0862224" lbTx="127.086228" tId="2" fbRx="127.0862345" lbRx="0" />
<p fId="2" fbTx="127.0862478" lbTx="127.0862962" tId="0" fbRx="127.0863028" lbRx="0" />
<p fId="2" fbTx="127.0862478" lbTx="127.0862962" tId="0" fbRx="127.0863028" lbRx="0" />
<p fId="2" fbTx="127.0862478" lbTx="127.0862962" tId="1" fbRx="127.0863028" lbRx="0" />
<p fId="2" fbTx="127.0863042" lbTx="127.0863527" tId="0" fbRx="127.0863592" lbRx="0" />
<p fId="2" fbTx="127.0863042" lbTx="127.0863527" tId="0" fbRx="127.0863592" lbRx="0" />
<p fId="2" fbTx="127.0863042" lbTx="127.0863527" tId="1" fbRx="127.0863592" lbRx="0" />
<p fId="0" fbTx="127.0863602" lbTx="127.0863658" tId="1" fbRx="127.0863724" lbRx="0" />
<p fId="0" fbTx="127.0863602" lbTx="127.0863658" tId="2" fbRx="127.0863724" lbRx="0" />
<p fId="0" fbTx="127.0863602" lbTx="127.0863658" tId="2" fbRx="127.0863724" lbRx="0" />
<p fId="2" fbTx="127.0863836" lbTx="127.0864321" tId="0" fbRx="127.0864387" lbRx="0" />
<p fId="2" fbTx="127.0863836" lbTx="127.0864321" tId="0" fbRx="127.0864387" lbRx="0" />
<p fId="2" fbTx="127.0863836" lbTx="127.0864321" tId="1" fbRx="127.0864387" lbRx="0" />
<p fId="2" fbTx="127.0864391" lbTx="127.0864876" tId="0" fbRx="127.0864941" lbRx="0" />
<p fId="2" fbTx="127.0864391" lbTx="127.0864876" tId="0" fbRx="127.0864941" lbRx="0" />
<p fId="2" fbTx="127.0864391" lbTx="127.0864876" tId="1" fbRx="127.0864941" lbRx="0" />
<p fId="0" fbTx="127.0864951" lbTx="127.0865007" tId="1" fbRx="127.0865073" lbRx="0" />
<p fId="0" fbTx="127.0864951" lbTx="127.0865007" tId="2" fbRx="127.0865073" lbRx="0" />
<p fId="0" fbTx="127.0864951" lbTx="127.0865007" tId="2" fbRx="127.0865073" lbRx="0" />
<p fId="2" fbTx="127.0865125" lbTx="127.086561" tId="0" fbRx="127.0865676" lbRx="0" />
<p fId="2" fbTx="127.0865125" lbTx="127.086561" tId="0" fbRx="127.0865676" lbRx="0" />
<p fId="2" fbTx="127.0865125" lbTx="127.086561" tId="1" fbRx="127.0865676" lbRx="0" />
<p fId="2" fbTx="127.08658" lbTx="127.0866284" tId="0" fbRx="127.086635" lbRx="0" />
<p fId="2" fbTx="127.08658" lbTx="127.0866284" tId="0" fbRx="127.086635" lbRx="0" />
<p fId="2" fbTx="127.08658" lbTx="127.0866284" tId="1" fbRx="127.086635" lbRx="0" />
<p fId="0" fbTx="127.086636" lbTx="127.0866416" tId="1" fbRx="127.0866482" lbRx="0" />
<p fId="0" fbTx="127.086636" lbTx="127.0866416" tId="2" fbRx="127.0866482" lbRx="0" />
<p fId="0" fbTx="127.086636" lbTx="127.0866416" tId="2" fbRx="127.0866482" lbRx="0" />
<p fId="2" fbTx="127.0866644" lbTx="127.0867129" tId="0" fbRx="127.0867194" lbRx="0" />
<p fId="2" fbTx="127.0866644" lbTx="127.0867129" tId="0" fbRx="127.0867194" lbRx="0" />
<p fId="2" fbTx="127.0866644" lbTx="127.0867129" tId="1" fbRx="127.0867194" lbRx="0" />
<p fId="2" fbTx="127.0867218" lbTx="127.0867703" tId="0" fbRx="127.0867769" lbRx="0" />
<p fId="2" fbTx="127.0867218" lbTx="127.0867703" tId="0" fbRx="127.0867769" lbRx="0" />
<p fId="2" fbTx="127.0867218" lbTx="127.0867703" tId="1" fbRx="127.0867769" lbRx="0" />
<p fId="0" fbTx="127.0867779" lbTx="127.0867835" tId="1" fbRx="127.08679" lbRx="0" />
<p fId="0" fbTx="127.0867779" lbTx="127.0867835" tId="2" fbRx="127.08679" lbRx="0" />
<p fId="0" fbTx="127.0867779" lbTx="127.0867835" tId="2" fbRx="127.08679" lbRx="0" />
<p fId="2" fbTx="127.0868003" lbTx="127.0868488" tId="0" fbRx="127.0868553" lbRx="0" />
<p fId="2" fbTx="127.0868003" lbTx="127.0868488" tId="0" fbRx="127.0868553" lbRx="0" />
<p fId="2" fbTx="127.0868003" lbTx="127.0868488" tId="1" fbRx="127.0868553" lbRx="0" />
<p fId="2" fbTx="127.0868587" lbTx="127.0869072" tId="0" fbRx="127.0869138" lbRx="0" />
<p fId="2" fbTx="127.0868587" lbTx="127.0869072" tId="0" fbRx="127.0869138" lbRx="0" />
<p fId="2" fbTx="127.0868587" lbTx="127.0869072" tId="1" fbRx="127.0869138" lbRx="0" />
<p fId="0" fbTx="127.0869148" lbTx="127.0869204" tId="1" fbRx="127.0869269" lbRx="0" />
<p fId="0" fbTx="127.0869148" lbTx="127.0869204" tId="2" fbRx="127.0869269" lbRx="0" />
<p fId="0" fbTx="127.0869148" lbTx="127.0869204" tId="2" fbRx="127.0869269" lbRx="0" />
<p fId="2" fbTx="127.0869342" lbTx="127.0869826" tId="0" fbRx="127.0869892" lbRx="0" />
<p fId="2" fbTx="127.0869342" lbTx="127.0869826" tId="0" fbRx="127.0869892" lbRx="0" />
<p fId="2" fbTx="127.0869342" lbTx="127.0869826" tId="1" fbRx="127.0869892" lbRx="0" />
<p fId="2" fbTx="127.0869896" lbTx="127.0870381" tId="0" fbRx="127.0870446" lbRx="0" />
<p fId="2" fbTx="127.0869896" lbTx="127.0870381" tId="0" fbRx="127.0870446" lbRx="0" />
<p fId="2" fbTx="127.0869896" lbTx="127.0870381" tId="1" fbRx="127.0870446" lbRx="0" />
<p fId="0" fbTx="127.0870456" lbTx="127.0870512" tId="1" fbRx="127.0870578" lbRx="0" />
<p fId="0" fbTx="127.0870456" lbTx="127.0870512" tId="2" fbRx="127.0870578" lbRx="0" />
<p fId="0" fbTx="127.0870456" lbTx="127.0870512" tId="2" fbRx="127.0870578" lbRx="0" />
<p fId="2" fbTx="127.087066" lbTx="127.0871145" tId="0" fbRx="127.0871211" lbRx="0" />
<p fId="2" fbTx="127.087066" lbTx="127.0871145" tId="0" fbRx="127.0871211" lbRx="0" />
<p fId="2" fbTx="127.087066" lbTx="127.0871145" tId="1" fbRx="127.0871211" lbRx="0" />
<p fId="2" fbTx="127.0871215" lbTx="127.08717" tId="0" fbRx="127.0871765" lbRx="0" />
<p fId="2" fbTx="127.0871215" lbTx="127.08717" tId="0" fbRx="127.0871765" lbRx="0" />
<p fId="2" fbTx="127.0871215" lbTx="127.08717" tId="1" fbRx="127.0871765" lbRx="0" />
<p fId="0" fbTx="127.0871775" lbTx="127.0871831" tId="1" fbRx="127.0871897" lbRx="0" />
<p fId="0" fbTx="127.0871775" lbTx="127.0871831" tId="2" fbRx="127.0871897" lbRx="0" />
<p fId="0" fbTx="127.0871775" lbTx="127.0871831" tId="2" fbRx="127.0871897" lbRx="0" />
<p fId="2" fbTx="127.0872059" lbTx="127.0872544" tId="0" fbRx="127.087261" lbRx="0" />
<p fId="2" fbTx="127.0872059" lbTx="127.0872544" tId="0" fbRx="127.087261" lbRx="0" />
<p fId="2" fbTx="127.0872059" lbTx="127.0872544" tId="1" fbRx="127.087261" lbRx="0" />
<p fId="2" fbTx="127.0872624" lbTx="127.0873108" tId="0" fbRx="127.0873174" lbRx="0" />
<p fId="2" fbTx="127.0872624" lbTx="127.0873108" tId="0" fbRx="127.0873174" lbRx="0" />
<p fId="2" fbTx="127.0872624" lbTx="127.0873108" tId="1" fbRx="127.0873174" lbRx="0" />
<p fId="2" fbTx="127.0873178" lbTx="127.0873663" tId="0" fbRx="127.0873728" lbRx="0" />
<p fId="2" fbTx="127.0873178" lbTx="127.0873663" tId="0" fbRx="127.0873728" lbRx="0" />
<p fId="2" fbTx="127.0873178" lbTx="127.0873663" tId="1" fbRx="127.0873728" lbRx="0" />
<p fId="2" fbTx="127.0873832" lbTx="127.0874317" tId="0" fbRx="127.0874383" lbRx="0" />
<p fId="2" fbTx="127.0873832" lbTx="127.0874317" tId="0" fbRx="127.0874383" lbRx="0" />
<p fId="2" fbTx="127.0873832" lbTx="127.0874317" tId="1" fbRx="127.0874383" lbRx="0" />
<p fId="2" fbTx="127.0874417" lbTx="127.0874902" tId="0" fbRx="127.0874967" lbRx="0" />
<p fId="2" fbTx="127.0874417" lbTx="127.0874902" tId="0" fbRx="127.0874967" lbRx="0" />
<p fId="2" fbTx="127.0874417" lbTx="127.0874902" tId="1" fbRx="127.0874967" lbRx="0" />
<p fId="2" fbTx="127.0874991" lbTx="127.0875476" tId="0" fbRx="127.0875542" lbRx="0" />
<p fId="2" fbTx="127.0874991" lbTx="127.0875476" tId="0" fbRx="127.0875542" lbRx="0" />
<p fId="2" fbTx="127.0874991" lbTx="127.0875476" tId="1" fbRx="127.0875542" lbRx="0" />
<p fId="2" fbTx="127.0875666" lbTx="127.087615" tId="0" fbRx="127.0876216" lbRx="0" />
<p fId="2" fbTx="127.0875666" lbTx="127.087615" tId="0" fbRx="127.0876216" lbRx="0" />
<p fId="2" fbTx="127.0875666" lbTx="127.087615" tId="1" fbRx="127.0876216" lbRx="0" />
<p fId="2" fbTx="127.087624" lbTx="127.0876725" tId="0" fbRx="127.087679" lbRx="0" />
<p fId="2" fbTx="127.087624" lbTx="127.0876725" tId="0" fbRx="127.087679" lbRx="0" />
<p fId="2" fbTx="127.087624" lbTx="127.0876725" tId="1" fbRx="127.087679" lbRx="0" />
<p fId="2" fbTx="127.0876794" lbTx="127.0877279" tId="0" fbRx="127.0877345" lbRx="0" />
<p fId="2" fbTx="127.0876794" lbTx="127.0877279" tId="0" fbRx="127.0877345" lbRx="0" />
<p fId="2" fbTx="127.0876794" lbTx="127.0877279" tId="1" fbRx="127.0877345" lbRx="0" />
<p fId="2" fbTx="127.0877359" lbTx="127.0877844" tId="0" fbRx="127.0877909" lbRx="0" />
<p fId="2" fbTx="127.0877359" lbTx="127.0877844" tId="0" fbRx="127.0877909" lbRx="0" />
<p fId="2" fbTx="127.0877359" lbTx="127.0877844" tId="1" fbRx="127.0877909" lbRx="0" />
<p fId="2" fbTx="127.0877913" lbTx="127.0878398" tId="0" fbRx="127.0878464" lbRx="0" />
<p fId="2" fbTx="127.0877913" lbTx="127.0878398" tId="0" fbRx="127.0878464" lbRx="0" />
<p fId="2" fbTx="127.0877913" lbTx="127.0878398" tId="1" fbRx="127.0878464" lbRx="0" />
<p fId="2" fbTx="127.0878478" lbTx="127.0878962" tId="0" fbRx="127.0879028" lbRx="0" />
<p fId="2" fbTx="127.0878478" lbTx="127.0878962" tId="0" fbRx="127.0879028" lbRx="0" />
<p fId="2" fbTx="127.0878478" lbTx="127.0878962" tId="1" fbRx="127.0879028" lbRx="0" />
<p fId="2" fbTx="127.0879032" lbTx="127.0879517" tId="0" fbRx="127.0879582" lbRx="0" />
<p fId="2" fbTx="127.0879032" lbTx="127.0879517" tId="0" fbRx="127.0879582" lbRx="0" />
<p fId="2" fbTx="127.0879032" lbTx="127.0879517" tId="1" fbRx="127.0879582" lbRx="0" />
<p fId="2" fbTx="127.0879616" lbTx="127.0880101" tId="0" fbRx="127.0880167" lbRx="0" />
<p fId="2" fbTx="127.0879616" lbTx="127.0880101" tId="0" fbRx="127.0880167" lbRx="0" />
<p fId="2" fbTx="127.0879616" lbTx="127.0880101" tId="1" fbRx="127.0880167" lbRx="0" />
<p fId="2" fbTx="127.0880191" lbTx="127.0880676" tId="0" fbRx="127.0880741" lbRx="0" />
<p fId="2" fbTx="127.0880191" lbTx="127.0880676" tId="0" fbRx="127.0880741" lbRx="0" />
<p fId="2" fbTx="127.0880191" lbTx="127.0880676" tId="1" fbRx="127.0880741" lbRx="0" />
<p fId="2" fbTx="127.0880745" lbTx="127.088123" tId="0" fbRx="127.0881296" lbRx="0" />
<p fId="2" fbTx="127.0880745" lbTx="127.088123" tId="0" fbRx="127.0881296" lbRx="0" />
<p fId="2" fbTx="127.0880745" lbTx="127.088123" tId="1" fbRx="127.0881296" lbRx="0" />
<p fId="2" fbTx="127.088131" lbTx="127.0881794" tId="0" fbRx="127.088186" lbRx="0" />
<p fId="2" fbTx="127.088131" lbTx="127.0881794" tId="0" fbRx="127.088186" lbRx="0" />
<p fId="2" fbTx="127.088131" lbTx="127.0881794" tId="1" fbRx="127.088186" lbRx="0" />
<p fId="2" fbTx="127.0882074" lbTx="127.0882559" tId="0" fbRx="127.0882624" lbRx="0" />
<p fId="2" fbTx="127.0882074" lbTx="127.0882559" tId="0" fbRx="127.0882624" lbRx="0" />
<p fId="2" fbTx="127.0882074" lbTx="127.0882559" tId="1" fbRx="127.0882624" lbRx="0" />
<p fId="2" fbTx="127.0882628" lbTx="127.0883113" tId="0" fbRx="127.0883179" lbRx="0" />
<p fId="2" fbTx="127.0882628" lbTx="127.0883113" tId="0" fbRx="127.0883179" lbRx="0" />
<p fId="2" fbTx="127.0882628" lbTx="127.0883113" tId="1" fbRx="127.0883179" lbRx="0" />
<p fId="2" fbTx="127.0883203" lbTx="127.0883688" tId="0" fbRx="127.0883753" lbRx="0" />
<p fId="2" fbTx="127.0883203" lbTx="127.0883688" tId="0" fbRx="127.0883753" lbRx="0" />
<p fId="2" fbTx="127.0883203" lbTx="127.0883688" tId="1" fbRx="127.0883753" lbRx="0" />
<p fId="2" fbTx="127.0883847" lbTx="127.0884332" tId="0" fbRx="127.0884398" lbRx="0" />
<p fId="2" fbTx="127.0883847" lbTx="127.0884332" tId="0" fbRx="127.0884398" lbRx="0" />
<p fId="2" fbTx="127.0883847" lbTx="127.0884332" tId="1" fbRx="127.0884398" lbRx="0" />
<p fId="2" fbTx="127.0884422" lbTx="127.0884906" tId="0" fbRx="127.0884972" lbRx="0" />
<p fId="2" fbTx="127.0884422" lbTx="127.0884906" tId="0" fbRx="127.0884972" lbRx="0" />
<p fId="2" fbTx="127.0884422" lbTx="127.0884906" tId="1" fbRx="127.0884972" lbRx="0" />
<p fId="2" fbTx="127.0885006" lbTx="127.0885491" tId="0" fbRx="127.0885556" lbRx="0" />
<p fId="2" fbTx="127.0885006" lbTx="127.0885491" tId="0" fbRx="127.0885556" lbRx="0" />
<p fId="2" fbTx="127.0885006" lbTx="127.0885491" tId="1" fbRx="127.0885556" lbRx="0" />
<p fId="2" fbTx="127.088563" lbTx="127.0886115" tId="0" fbRx="127.0886181" lbRx="0" />
<p fId="2" fbTx="127.088563" lbTx="127.0886115" tId="0" fbRx="127.0886181" lbRx="0" />
<p fId="2" fbTx="127.088563" lbTx="127.0886115" tId="1" fbRx="127.0886181" lbRx="0" />
<p fId="2" fbTx="127.0886205" lbTx="127.088669" tId="0" fbRx="127.0886755" lbRx="0" />
<p fId="2" fbTx="127.0886205" lbTx="127.088669" tId="0" fbRx="127.0886755" lbRx="0" />
<p fId="2" fbTx="127.0886205" lbTx="127.088669" tId="1" fbRx="127.0886755" lbRx="0" />
<p fId="2" fbTx="127.0886889" lbTx="127.0887374" tId="0" fbRx="127.088744" lbRx="0" />
<p fId="2" fbTx="127.0886889" lbTx="127.0887374" tId="0" fbRx="127.088744" lbRx="0" />
<p fId="2" fbTx="127.0886889" lbTx="127.0887374" tId="1" fbRx="127.088744" lbRx="0" />
<p fId="2" fbTx="127.0887464" lbTx="127.0887948" tId="0" fbRx="127.0888014" lbRx="0" />
<p fId="2" fbTx="127.0887464" lbTx="127.0887948" tId="0" fbRx="127.0888014" lbRx="0" />
<p fId="2" fbTx="127.0887464" lbTx="127.0887948" tId="1" fbRx="127.0888014" lbRx="0" />
<p fId="2" fbTx="127.0888038" lbTx="127.0888523" tId="0" fbRx="127.0888588" lbRx="0" />
<p fId="2" fbTx="127.0888038" lbTx="127.0888523" tId="0" fbRx="127.0888588" lbRx="0" />
<p fId="2" fbTx="127.0888038" lbTx="127.0888523" tId="1" fbRx="127.0888588" lbRx="0" />
<p fId="2" fbTx="127.0888612" lbTx="127.0889097" tId="0" fbRx="127.0889163" lbRx="0" />
<p fId="2" fbTx="127.0888612" lbTx="127.0889097" tId="0" fbRx="127.0889163" lbRx="0" />
<p fId="2" fbTx="127.0888612" lbTx="127.0889097" tId="1" fbRx="127.0889163" lbRx="0" />
<p fId="2" fbTx="127.0889177" lbTx="127.0889662" tId="0" fbRx="127.0889727" lbRx="0" />
<p fId="2" fbTx="127.0889177" lbTx="127.0889662" tId="0" fbRx="127.0889727" lbRx="0" />
<p fId="2" fbTx="127.0889177" lbTx="127.0889662" tId="1" fbRx="127.0889727" lbRx="0" />
<p fId="2" fbTx="127.0889741" lbTx="127.0890226" tId="0" fbRx="127.0890292" lbRx="0" />
<p fId="2" fbTx="127.0889741" lbTx="127.0890226" tId="0" fbRx="127.0890292" lbRx="0" />
<p fId="2" fbTx="127.0889741" lbTx="127.0890226" tId="1" fbRx="127.0890292" lbRx="0" />
<p fId="2" fbTx="127.0890396" lbTx="127.089088" tId="0" fbRx="127.0890946" lbRx="0" />
<p fId="2" fbTx="127.0890396" lbTx="127.089088" tId="0" fbRx="127.0890946" lbRx="0" />
<p fId="2" fbTx="127.0890396" lbTx="127.089088" tId="1" fbRx="127.0890946" lbRx="0" />
<p fId="2" fbTx="127.089095" lbTx="127.0891435" tId="0" fbRx="127.08915" lbRx="0" />
<p fId="2" fbTx="127.089095" lbTx="127.0891435" tId="0" fbRx="127.08915" lbRx="0" />
<p fId="2" fbTx="127.089095" lbTx="127.0891435" tId="1" fbRx="127.08915" lbRx="0" />
<p fId="0" fbTx="127.0891524" lbTx="127.089158" tId="1" fbRx="127.0891646" lbRx="0" />
<p fId="0" fbTx="127.0891524" lbTx="127.089158" tId="2" fbRx="127.0891646" lbRx="0" />
<p fId="0" fbTx="127.0891524" lbTx="127.089158" tId="2" fbRx="127.0891646" lbRx="0" />
<p fId="2" fbTx="127.0891724" lbTx="127.0892209" tId="0" fbRx="127.0892275" lbRx="0" />
<p fId="2" fbTx="127.0891724" lbTx="127.0892209" tId="0" fbRx="127.0892275" lbRx="0" />
<p fId="2" fbTx="127.0891724" lbTx="127.0892209" tId="1" fbRx="127.0892275" lbRx="0" />
<p fId="2" fbTx="127.0892279" lbTx="127.0892764" tId="0" fbRx="127.0892829" lbRx="0" />
<p fId="2" fbTx="127.0892279" lbTx="127.0892764" tId="0" fbRx="127.0892829" lbRx="0" />
<p fId="2" fbTx="127.0892279" lbTx="127.0892764" tId="1" fbRx="127.0892829" lbRx="0" />
<p fId="2" fbTx="127.0892863" lbTx="127.0893348" tId="0" fbRx="127.0893414" lbRx="0" />
<p fId="2" fbTx="127.0892863" lbTx="127.0893348" tId="0" fbRx="127.0893414" lbRx="0" />
<p fId="2" fbTx="127.0892863" lbTx="127.0893348" tId="1" fbRx="127.0893414" lbRx="0" />
<p fId="2" fbTx="127.0893438" lbTx="127.0893922" tId="0" fbRx="127.0893988" lbRx="0" />
<p fId="2" fbTx="127.0893438" lbTx="127.0893922" tId="0" fbRx="127.0893988" lbRx="0" />
<p fId="2" fbTx="127.0893438" lbTx="127.0893922" tId="1" fbRx="127.0893988" lbRx="0" />
<p fId="2" fbTx="127.0894022" lbTx="127.0894507" tId="0" fbRx="127.0894572" lbRx="0" />
<p fId="2" fbTx="127.0894022" lbTx="127.0894507" tId="0" fbRx="127.0894572" lbRx="0" />
<p fId="2" fbTx="127.0894022" lbTx="127.0894507" tId="1" fbRx="127.0894572" lbRx="0" />
<p fId="0" fbTx="127.089458" lbTx="127.0894636" tId="1" fbRx="127.0894701" lbRx="0" />
<p fId="0" fbTx="127.089458" lbTx="127.0894636" tId="2" fbRx="127.0894701" lbRx="0" />
<p fId="0" fbTx="127.089458" lbTx="127.0894636" tId="2" fbRx="127.0894701" lbRx="0" />
<p fId="2" fbTx="127.0894726" lbTx="127.0895211" tId="0" fbRx="127.0895277" lbRx="0" />
<p fId="2" fbTx="127.0894726" lbTx="127.0895211" tId="0" fbRx="127.0895277" lbRx="0" />
<p fId="2" fbTx="127.0894726" lbTx="127.0895211" tId="1" fbRx="127.0895277" lbRx="0" />
<p fId="2" fbTx="127.0895301" lbTx="127.0895786" tId="0" fbRx="127.0895851" lbRx="0" />
<p fId="2" fbTx="127.0895301" lbTx="127.0895786" tId="0" fbRx="127.0895851" lbRx="0" />
<p fId="2" fbTx="127.0895301" lbTx="127.0895786" tId="1" fbRx="127.0895851" lbRx="0" />
<p fId="0" fbTx="127.0895855" lbTx="127.0895911" tId="1" fbRx="127.0895977" lbRx="0" />
<p fId="0" fbTx="127.0895855" lbTx="127.0895911" tId="2" fbRx="127.0895977" lbRx="0" />
<p fId="0" fbTx="127.0895855" lbTx="127.0895911" tId="2" fbRx="127.0895977" lbRx="0" />
<p fId="0" fbTx="127.0895981" lbTx="127.0896037" tId="1" fbRx="127.0896102" lbRx="0" />
<p fId="0" fbTx="127.0895981" lbTx="127.0896037" tId="2" fbRx="127.0896102" lbRx="0" />
<p fId="0" fbTx="127.0895981" lbTx="127.0896037" tId="2" fbRx="127.0896102" lbRx="0" />
<p fId="0" fbTx="127.0896136" lbTx="127.0896192" tId="1" fbRx="127.0896258" lbRx="0" />
<p fId="0" fbTx="127.0896136" lbTx="127.0896192" tId="2" fbRx="127.0896258" lbRx="0" />
<p fId="0" fbTx="127.0896136" lbTx="127.0896192" tId="2" fbRx="127.0896258" lbRx="0" />
<p fId="2" fbTx="127.0896275" lbTx="127.089676" tId="0" fbRx="127.0896826" lbRx="0" />
<p fId="2" fbTx="127.0896275" lbTx="127.089676" tId="0" fbRx="127.0896826" lbRx="0" />
<p fId="2" fbTx="127.0896275" lbTx="127.089676" tId="1" fbRx="127.0896826" lbRx="0" />
<p fId="2" fbTx="127.089685" lbTx="127.0897334" tId="0" fbRx="127.08974" lbRx="0" />
<p fId="2" fbTx="127.089685" lbTx="127.0897334" tId="0" fbRx="127.08974" lbRx="0" />
<p fId="2" fbTx="127.089685" lbTx="127.0897334" tId="1" fbRx="127.08974" lbRx="0" />
<p fId="2" fbTx="127.0897424" lbTx="127.0897909" tId="0" fbRx="127.0897974" lbRx="0" />
<p fId="2" fbTx="127.0897424" lbTx="127.0897909" tId="0" fbRx="127.0897974" lbRx="0" />
<p fId="2" fbTx="127.0897424" lbTx="127.0897909" tId="1" fbRx="127.0897974" lbRx="0" />
<p fId="2" fbTx="127.0897988" lbTx="127.0898473" tId="0" fbRx="127.0898539" lbRx="0" />
<p fId="2" fbTx="127.0897988" lbTx="127.0898473" tId="0" fbRx="127.0898539" lbRx="0" />
<p fId="2" fbTx="127.0897988" lbTx="127.0898473" tId="1" fbRx="127.0898539" lbRx="0" />
<p fId="2" fbTx="127.0898543" lbTx="127.0899028" tId="0" fbRx="127.0899093" lbRx="0" />
<p fId="2" fbTx="127.0898543" lbTx="127.0899028" tId="0" fbRx="127.0899093" lbRx="0" />
<p fId="2" fbTx="127.0898543" lbTx="127.0899028" tId="1" fbRx="127.0899093" lbRx="0" />
<p fId="2" fbTx="127.0899127" lbTx="127.0899612" tId="0" fbRx="127.0899678" lbRx="0" />
<p fId="2" fbTx="127.0899127" lbTx="127.0899612" tId="0" fbRx="127.0899678" lbRx="0" />
<p fId="2" fbTx="127.0899127" lbTx="127.0899612" tId="1" fbRx="127.0899678" lbRx="0" />
<p fId="2" fbTx="127.0899692" lbTx="127.0900176" tId="0" fbRx="127.0900242" lbRx="0" />
<p fId="2" fbTx="127.0899692" lbTx="127.0900176" tId="0" fbRx="127.0900242" lbRx="0" />
<p fId="2" fbTx="127.0899692" lbTx="127.0900176" tId="1" fbRx="127.0900242" lbRx="0" />
<p fId="2" fbTx="127.0900246" lbTx="127.0900731" tId="0" fbRx="127.0900796" lbRx="0" />
<p fId="2" fbTx="127.0900246" lbTx="127.0900731" tId="0" fbRx="127.0900796" lbRx="0" />
<p fId="2" fbTx="127.0900246" lbTx="127.0900731" tId="1" fbRx="127.0900796" lbRx="0" />
<p fId="2" fbTx="127.090083" lbTx="127.0901315" tId="0" fbRx="127.0901381" lbRx="0" />
<p fId="2" fbTx="127.090083" lbTx="127.0901315" tId="0" fbRx="127.0901381" lbRx="0" />
<p fId="2" fbTx="127.090083" lbTx="127.0901315" tId="1" fbRx="127.0901381" lbRx="0" />
<p fId="2" fbTx="127.0901435" lbTx="127.090192" tId="0" fbRx="127.0901985" lbRx="0" />
<p fId="2" fbTx="127.0901435" lbTx="127.090192" tId="0" fbRx="127.0901985" lbRx="0" />
<p fId="2" fbTx="127.0901435" lbTx="127.090192" tId="1" fbRx="127.0901985" lbRx="0" />
<p fId="2" fbTx="127.0902019" lbTx="127.0902504" tId="0" fbRx="127.090257" lbRx="0" />
<p fId="2" fbTx="127.0902019" lbTx="127.0902504" tId="0" fbRx="127.090257" lbRx="0" />
<p fId="2" fbTx="127.0902019" lbTx="127.0902504" tId="1" fbRx="127.090257" lbRx="0" />
<p fId="2" fbTx="127.0902594" lbTx="127.0903078" tId="0" fbRx="127.0903144" lbRx="0" />
<p fId="2" fbTx="127.0902594" lbTx="127.0903078" tId="0" fbRx="127.0903144" lbRx="0" />
<p fId="2" fbTx="127.0902594" lbTx="127.0903078" tId="1" fbRx="127.0903144" lbRx="0" />
<p fId="2" fbTx="127.0903148" lbTx="127.0903633" tId="0" fbRx="127.0903698" lbRx="0" />
<p fId="2" fbTx="127.0903148" lbTx="127.0903633" tId="0" fbRx="127.0903698" lbRx="0" />
<p fId="2" fbTx="127.0903148" lbTx="127.0903633" tId="1" fbRx="127.0903698" lbRx="0" />
<p fId="2" fbTx="127.0903722" lbTx="127.0904207" tId="0" fbRx="127.0904273" lbRx="0" />
<p fId="2" fbTx="127.0903722" lbTx="127.0904207" tId="0" fbRx="127.0904273" lbRx="0" />
<p fId="2" fbTx="127.0903722" lbTx="127.0904207" tId="1" fbRx="127.0904273" lbRx="0" />
<p fId="2" fbTx="127.0904377" lbTx="127.0904862" tId="0" fbRx="127.0904927" lbRx="0" />
<p fId="2" fbTx="127.0904377" lbTx="127.0904862" tId="0" fbRx="127.0904927" lbRx="0" />
<p fId="2" fbTx="127.0904377" lbTx="127.0904862" tId="1" fbRx="127.0904927" lbRx="0" />
<p fId="2" fbTx="127.0904961" lbTx="127.0905446" tId="0" fbRx="127.0905512" lbRx="0" />
<p fId="2" fbTx="127.0904961" lbTx="127.0905446" tId="0" fbRx="127.0905512" lbRx="0" />
<p fId="2" fbTx="127.0904961" lbTx="127.0905446" tId="1" fbRx="127.0905512" lbRx="0" />
<p fId="2" fbTx="127.0905526" lbTx="127.090601" tId="0" fbRx="127.0906076" lbRx="0" />
<p fId="2" fbTx="127.0905526" lbTx="127.090601" tId="0" fbRx="127.0906076" lbRx="0" />
<p fId="2" fbTx="127.0905526" lbTx="127.090601" tId="1" fbRx="127.0906076" lbRx="0" />
<p fId="2" fbTx="127.090608" lbTx="127.0906565" tId="0" fbRx="127.090663" lbRx="0" />
<p fId="2" fbTx="127.090608" lbTx="127.0906565" tId="0" fbRx="127.090663" lbRx="0" />
<p fId="2" fbTx="127.090608" lbTx="127.0906565" tId="1" fbRx="127.090663" lbRx="0" />
<p fId="2" fbTx="127.0906634" lbTx="127.0907119" tId="0" fbRx="127.0907185" lbRx="0" />
<p fId="2" fbTx="127.0906634" lbTx="127.0907119" tId="0" fbRx="127.0907185" lbRx="0" />
<p fId="2" fbTx="127.0906634" lbTx="127.0907119" tId="1" fbRx="127.0907185" lbRx="0" />
<p fId="2" fbTx="127.0907209" lbTx="127.0907694" tId="0" fbRx="127.0907759" lbRx="0" />
<p fId="2" fbTx="127.0907209" lbTx="127.0907694" tId="0" fbRx="127.0907759" lbRx="0" />
<p fId="2" fbTx="127.0907209" lbTx="127.0907694" tId="1" fbRx="127.0907759" lbRx="0" />
<p fId="2" fbTx="127.0907793" lbTx="127.0908278" tId="0" fbRx="127.0908344" lbRx="0" />
<p fId="2" fbTx="127.0907793" lbTx="127.0908278" tId="0" fbRx="127.0908344" lbRx="0" />
<p fId="2" fbTx="127.0907793" lbTx="127.0908278" tId="1" fbRx="127.0908344" lbRx="0" />
<p fId="2" fbTx="127.0908368" lbTx="127.0908852" tId="0" fbRx="127.0908918" lbRx="0" />
<p fId="2" fbTx="127.0908368" lbTx="127.0908852" tId="0" fbRx="127.0908918" lbRx="0" />
<p fId="2" fbTx="127.0908368" lbTx="127.0908852" tId="1" fbRx="127.0908918" lbRx="0" />
<p fId="2" fbTx="127.0908922" lbTx="127.0909407" tId="0" fbRx="127.0909472" lbRx="0" />
<p fId="2" fbTx="127.0908922" lbTx="127.0909407" tId="0" fbRx="127.0909472" lbRx="0" />
<p fId="2" fbTx="127.0908922" lbTx="127.0909407" tId="1" fbRx="127.0909472" lbRx="0" />
<p fId="2" fbTx="127.0909486" lbTx="127.0909971" tId="0" fbRx="127.0910037" lbRx="0" />
<p fId="2" fbTx="127.0909486" lbTx="127.0909971" tId="0" fbRx="127.0910037" lbRx="0" />
<p fId="2" fbTx="127.0909486" lbTx="127.0909971" tId="1" fbRx="127.0910037" lbRx="0" />
<p fId="2" fbTx="127.0910121" lbTx="127.0910606" tId="0" fbRx="127.0910671" lbRx="0" />
<p fId="2" fbTx="127.0910121" lbTx="127.0910606" tId="0" fbRx="127.0910671" lbRx="0" />
<p fId="2" fbTx="127.0910121" lbTx="127.0910606" tId="1" fbRx="127.0910671" lbRx="0" />
<p fId="2" fbTx="127.0910735" lbTx="127.091122" tId="0" fbRx="127.0911286" lbRx="0" />
<p fId="2" fbTx="127.0910735" lbTx="127.091122" tId="0" fbRx="127.0911286" lbRx="0" />
<p fId="2" fbTx="127.0910735" lbTx="127.091122" tId="1" fbRx="127.0911286" lbRx="0" />
<p fId="2" fbTx="127.09113" lbTx="127.0911784" tId="0" fbRx="127.091185" lbRx="0" />
<p fId="2" fbTx="127.09113" lbTx="127.0911784" tId="0" fbRx="127.091185" lbRx="0" />
<p fId="2" fbTx="127.09113" lbTx="127.0911784" tId="1" fbRx="127.091185" lbRx="0" />
<p fId="2" fbTx="127.0911944" lbTx="127.0912429" tId="0" fbRx="127.0912494" lbRx="0" />
<p fId="2" fbTx="127.0911944" lbTx="127.0912429" tId="0" fbRx="127.0912494" lbRx="0" />
<p fId="2" fbTx="127.0911944" lbTx="127.0912429" tId="1" fbRx="127.0912494" lbRx="0" />
<p fId="2" fbTx="127.0912598" lbTx="127.0913083" tId="0" fbRx="127.0913149" lbRx="0" />
<p fId="2" fbTx="127.0912598" lbTx="127.0913083" tId="0" fbRx="127.0913149" lbRx="0" />
<p fId="2" fbTx="127.0912598" lbTx="127.0913083" tId="1" fbRx="127.0913149" lbRx="0" />
<p fId="2" fbTx="127.0913253" lbTx="127.0913738" tId="0" fbRx="127.0913803" lbRx="0" />
<p fId="2" fbTx="127.0913253" lbTx="127.0913738" tId="0" fbRx="127.0913803" lbRx="0" />
<p fId="2" fbTx="127.0913253" lbTx="127.0913738" tId="1" fbRx="127.0913803" lbRx="0" />
<p fId="2" fbTx="127.0913837" lbTx="127.0914322" tId="0" fbRx="127.0914388" lbRx="0" />
<p fId="2" fbTx="127.0913837" lbTx="127.0914322" tId="0" fbRx="127.0914388" lbRx="0" />
<p fId="2" fbTx="127.0913837" lbTx="127.0914322" tId="1" fbRx="127.0914388" lbRx="0" />
<p fId="2" fbTx="127.0914402" lbTx="127.0914886" tId="0" fbRx="127.0914952" lbRx="0" />
<p fId="2" fbTx="127.0914402" lbTx="127.0914886" tId="0" fbRx="127.0914952" lbRx="0" />
<p fId="2" fbTx="127.0914402" lbTx="127.0914886" tId="1" fbRx="127.0914952" lbRx="0" />
<p fId="2" fbTx="127.0914966" lbTx="127.0915451" tId="0" fbRx="127.0915516" lbRx="0" />
<p fId="2" fbTx="127.0914966" lbTx="127.0915451" tId="0" fbRx="127.0915516" lbRx="0" />
<p fId="2" fbTx="127.0914966" lbTx="127.0915451" tId="1" fbRx="127.0915516" lbRx="0" />
<p fId="2" fbTx="127.091554" lbTx="127.0916025" tId="0" fbRx="127.0916091" lbRx="0" />
<p fId="2" fbTx="127.091554" lbTx="127.0916025" tId="0" fbRx="127.0916091" lbRx="0" />
<p fId="2" fbTx="127.091554" lbTx="127.0916025" tId="1" fbRx="127.0916091" lbRx="0" />
<p fId="2" fbTx="127.0916215" lbTx="127.09167" tId="0" fbRx="127.0916765" lbRx="0" />
<p fId="2" fbTx="127.0916215" lbTx="127.09167" tId="0" fbRx="127.0916765" lbRx="0" />
<p fId="2" fbTx="127.0916215" lbTx="127.09167" tId="1" fbRx="127.0916765" lbRx="0" />
<p fId="2" fbTx="127.0916839" lbTx="127.0917324" tId="0" fbRx="127.091739" lbRx="0" />
<p fId="2" fbTx="127.0916839" lbTx="127.0917324" tId="0" fbRx="127.091739" lbRx="0" />
<p fId="2" fbTx="127.0916839" lbTx="127.0917324" tId="1" fbRx="127.091739" lbRx="0" />
<p fId="2" fbTx="127.0917414" lbTx="127.0917898" tId="0" fbRx="127.0917964" lbRx="0" />
<p fId="2" fbTx="127.0917414" lbTx="127.0917898" tId="0" fbRx="127.0917964" lbRx="0" />
<p fId="2" fbTx="127.0917414" lbTx="127.0917898" tId="1" fbRx="127.0917964" lbRx="0" />
<p fId="2" fbTx="127.0917968" lbTx="127.0918453" tId="0" fbRx="127.0918518" lbRx="0" />
<p fId="2" fbTx="127.0917968" lbTx="127.0918453" tId="0" fbRx="127.0918518" lbRx="0" />
<p fId="2" fbTx="127.0917968" lbTx="127.0918453" tId="1" fbRx="127.0918518" lbRx="0" />
<p fId="2" fbTx="127.0918542" lbTx="127.0919027" tId="0" fbRx="127.0919093" lbRx="0" />
<p fId="2" fbTx="127.0918542" lbTx="127.0919027" tId="0" fbRx="127.0919093" lbRx="0" />
<p fId="2" fbTx="127.0918542" lbTx="127.0919027" tId="1" fbRx="127.0919093" lbRx="0" />
<p fId="2" fbTx="127.0919127" lbTx="127.0919612" tId="0" fbRx="127.0919677" lbRx="0" />
<p fId="2" fbTx="127.0919127" lbTx="127.0919612" tId="0" fbRx="127.0919677" lbRx="0" />
<p fId="2" fbTx="127.0919127" lbTx="127.0919612" tId="1" fbRx="127.0919677" lbRx="0" />
<p fId="2" fbTx="127.0919681" lbTx="127.0920166" tId="0" fbRx="127.0920232" lbRx="0" />
<p fId="2" fbTx="127.0919681" lbTx="127.0920166" tId="0" fbRx="127.0920232" lbRx="0" />
<p fId="2" fbTx="127.0919681" lbTx="127.0920166" tId="1" fbRx="127.0920232" lbRx="0" />
<p fId="2" fbTx="127.0920266" lbTx="127.092075" tId="0" fbRx="127.0920816" lbRx="0" />
<p fId="2" fbTx="127.0920266" lbTx="127.092075" tId="0" fbRx="127.0920816" lbRx="0" />
<p fId="2" fbTx="127.0920266" lbTx="127.092075" tId="1" fbRx="127.0920816" lbRx="0" />
<p fId="2" fbTx="127.092082" lbTx="127.0921305" tId="0" fbRx="127.092137" lbRx="0" />
<p fId="2" fbTx="127.092082" lbTx="127.0921305" tId="0" fbRx="127.092137" lbRx="0" />
<p fId="2" fbTx="127.092082" lbTx="127.0921305" tId="1" fbRx="127.092137" lbRx="0" />
<p fId="2" fbTx="127.0921384" lbTx="127.0921869" tId="0" fbRx="127.0921935" lbRx="0" />
<p fId="2" fbTx="127.0921384" lbTx="127.0921869" tId="0" fbRx="127.0921935" lbRx="0" />
<p fId="2" fbTx="127.0921384" lbTx="127.0921869" tId="1" fbRx="127.0921935" lbRx="0" />
<p fId="2" fbTx="127.0921959" lbTx="127.0922444" tId="0" fbRx="127.0922509" lbRx="0" />
<p fId="2" fbTx="127.0921959" lbTx="127.0922444" tId="0" fbRx="127.0922509" lbRx="0" />
<p fId="2" fbTx="127.0921959" lbTx="127.0922444" tId="1" fbRx="127.0922509" lbRx="0" />
<p fId="2" fbTx="127.0922533" lbTx="127.0923018" tId="0" fbRx="127.0923084" lbRx="0" />
<p fId="2" fbTx="127.0922533" lbTx="127.0923018" tId="0" fbRx="127.0923084" lbRx="0" />
<p fId="2" fbTx="127.0922533" lbTx="127.0923018" tId="1" fbRx="127.0923084" lbRx="0" />
<p fId="2" fbTx="127.0923178" lbTx="127.0923662" tId="0" fbRx="127.0923728" lbRx="0" />
<p fId="2" fbTx="127.0923178" lbTx="127.0923662" tId="0" fbRx="127.0923728" lbRx="0" />
<p fId="2" fbTx="127.0923178" lbTx="127.0923662" tId="1" fbRx="127.0923728" lbRx="0" />
<p fId="2" fbTx="127.0923742" lbTx="127.0924227" tId="0" fbRx="127.0924292" lbRx="0" />
<p fId="2" fbTx="127.0923742" lbTx="127.0924227" tId="0" fbRx="127.0924292" lbRx="0" />
<p fId="2" fbTx="127.0923742" lbTx="127.0924227" tId="1" fbRx="127.0924292" lbRx="0" />
<p fId="2" fbTx="127.0924336" lbTx="127.0924821" tId="0" fbRx="127.0924887" lbRx="0" />
<p fId="2" fbTx="127.0924336" lbTx="127.0924821" tId="0" fbRx="127.0924887" lbRx="0" />
<p fId="2" fbTx="127.0924336" lbTx="127.0924821" tId="1" fbRx="127.0924887" lbRx="0" />
<p fId="2" fbTx="127.0924921" lbTx="127.0925406" tId="0" fbRx="127.0925471" lbRx="0" />
<p fId="2" fbTx="127.0924921" lbTx="127.0925406" tId="0" fbRx="127.0925471" lbRx="0" />
<p fId="2" fbTx="127.0924921" lbTx="127.0925406" tId="1" fbRx="127.0925471" lbRx="0" />
<p fId="2" fbTx="127.0925635" lbTx="127.092612" tId="0" fbRx="127.0926186" lbRx="0" />
<p fId="2" fbTx="127.0925635" lbTx="127.092612" tId="0" fbRx="127.0926186" lbRx="0" />
<p fId="2" fbTx="127.0925635" lbTx="127.092612" tId="1" fbRx="127.0926186" lbRx="0" />
<p fId="2" fbTx="127.09262" lbTx="127.0926684" tId="0" fbRx="127.092675" lbRx="0" />
<p fId="2" fbTx="127.09262" lbTx="127.0926684" tId="0" fbRx="127.092675" lbRx="0" />
<p fId="2" fbTx="127.09262" lbTx="127.0926684" tId="1" fbRx="127.092675" lbRx="0" />
<p fId="2" fbTx="127.0926784" lbTx="127.0927269" tId="0" fbRx="127.0927334" lbRx="0" />
<p fId="2" fbTx="127.0926784" lbTx="127.0927269" tId="0" fbRx="127.0927334" lbRx="0" />
<p fId="2" fbTx="127.0926784" lbTx="127.0927269" tId="1" fbRx="127.0927334" lbRx="0" />
<p fId="2" fbTx="127.0927358" lbTx="127.0927843" tId="0" fbRx="127.0927909" lbRx="0" />
<p fId="2" fbTx="127.0927358" lbTx="127.0927843" tId="0" fbRx="127.0927909" lbRx="0" />
<p fId="2" fbTx="127.0927358" lbTx="127.0927843" tId="1" fbRx="127.0927909" lbRx="0" />
<p fId="2" fbTx="127.0928023" lbTx="127.0928508" tId="0" fbRx="127.0928573" lbRx="0" />
<p fId="2" fbTx="127.0928023" lbTx="127.0928508" tId="0" fbRx="127.0928573" lbRx="0" />
<p fId="2" fbTx="127.0928023" lbTx="127.0928508" tId="1" fbRx="127.0928573" lbRx="0" />
<p fId="2" fbTx="127.0928597" lbTx="127.0929082" tId="0" fbRx="127.0929148" lbRx="0" />
<p fId="2" fbTx="127.0928597" lbTx="127.0929082" tId="0" fbRx="127.0929148" lbRx="0" />
<p fId="2" fbTx="127.0928597" lbTx="127.0929082" tId="1" fbRx="127.0929148" lbRx="0" />
<p fId="2" fbTx="127.0929162" lbTx="127.0929646" tId="0" fbRx="127.0929712" lbRx="0" />
<p fId="2" fbTx="127.0929162" lbTx="127.0929646" tId="0" fbRx="127.0929712" lbRx="0" />
<p fId="2" fbTx="127.0929162" lbTx="127.0929646" tId="1" fbRx="127.0929712" lbRx="0" />
<p fId="2" fbTx="127.0929736" lbTx="127.0930221" tId="0" fbRx="127.0930286" lbRx="0" />
<p fId="2" fbTx="127.0929736" lbTx="127.0930221" tId="0" fbRx="127.0930286" lbRx="0" />
<p fId="2" fbTx="127.0929736" lbTx="127.0930221" tId="1" fbRx="127.0930286" lbRx="0" />
<p fId="2" fbTx="127.093032" lbTx="127.0930805" tId="0" fbRx="127.0930871" lbRx="0" />
<p fId="2" fbTx="127.093032" lbTx="127.0930805" tId="0" fbRx="127.0930871" lbRx="0" />
<p fId="2" fbTx="127.093032" lbTx="127.0930805" tId="1" fbRx="127.0930871" lbRx="0" />
<p fId="2" fbTx="127.0930945" lbTx="127.093143" tId="0" fbRx="127.0931495" lbRx="0" />
<p fId="2" fbTx="127.0930945" lbTx="127.093143" tId="0" fbRx="127.0931495" lbRx="0" />
<p fId="2" fbTx="127.0930945" lbTx="127.093143" tId="1" fbRx="127.0931495" lbRx="0" />
<p fId="2" fbTx="127.0931569" lbTx="127.0932054" tId="0" fbRx="127.093212" lbRx="0" />
<p fId="2" fbTx="127.0931569" lbTx="127.0932054" tId="0" fbRx="127.093212" lbRx="0" />
<p fId="2" fbTx="127.0931569" lbTx="127.0932054" tId="1" fbRx="127.093212" lbRx="0" />
<p fId="2" fbTx="127.0932124" lbTx="127.0932608" tId="0" fbRx="127.0932674" lbRx="0" />
<p fId="2" fbTx="127.0932124" lbTx="127.0932608" tId="0" fbRx="127.0932674" lbRx="0" />
<p fId="2" fbTx="127.0932124" lbTx="127.0932608" tId="1" fbRx="127.0932674" lbRx="0" />
<p fId="2" fbTx="127.0932688" lbTx="127.0933173" tId="0" fbRx="127.0933238" lbRx="0" />
<p fId="2" fbTx="127.0932688" lbTx="127.0933173" tId="0" fbRx="127.0933238" lbRx="0" />
<p fId="2" fbTx="127.0932688" lbTx="127.0933173" tId="1" fbRx="127.0933238" lbRx="0" />
<p fId="2" fbTx="127.0933252" lbTx="127.0933737" tId="0" fbRx="127.0933803" lbRx="0" />
<p fId="2" fbTx="127.0933252" lbTx="127.0933737" tId="0" fbRx="127.0933803" lbRx="0" />
<p fId="2" fbTx="127.0933252" lbTx="127.0933737" tId="1" fbRx="127.0933803" lbRx="0" />
<p fId="2" fbTx="127.0933837" lbTx="127.0934322" tId="0" fbRx="127.0934387" lbRx="0" />
<p fId="2" fbTx="127.0933837" lbTx="127.0934322" tId="0" fbRx="127.0934387" lbRx="0" />
<p fId="2" fbTx="127.0933837" lbTx="127.0934322" tId="1" fbRx="127.0934387" lbRx="0" />
<p fId="2" fbTx="127.0934431" lbTx="127.0934916" tId="0" fbRx="127.0934982" lbRx="0" />
<p fId="2" fbTx="127.0934431" lbTx="127.0934916" tId="0" fbRx="127.0934982" lbRx="0" />
<p fId="2" fbTx="127.0934431" lbTx="127.0934916" tId="1" fbRx="127.0934982" lbRx="0" />
<p fId="2" fbTx="127.0935116" lbTx="127.09356" tId="0" fbRx="127.0935666" lbRx="0" />
<p fId="2" fbTx="127.0935116" lbTx="127.09356" tId="0" fbRx="127.0935666" lbRx="0" />
<p fId="2" fbTx="127.0935116" lbTx="127.09356" tId="1" fbRx="127.0935666" lbRx="0" />
<p fId="2" fbTx="127.093569" lbTx="127.0936175" tId="0" fbRx="127.093624" lbRx="0" />
<p fId="2" fbTx="127.093569" lbTx="127.0936175" tId="0" fbRx="127.093624" lbRx="0" />
<p fId="2" fbTx="127.093569" lbTx="127.0936175" tId="1" fbRx="127.093624" lbRx="0" />
<p fId="2" fbTx="127.0936254" lbTx="127.0936739" tId="0" fbRx="127.0936805" lbRx="0" />
<p fId="2" fbTx="127.0936254" lbTx="127.0936739" tId="0" fbRx="127.0936805" lbRx="0" />
<p fId="2" fbTx="127.0936254" lbTx="127.0936739" tId="1" fbRx="127.0936805" lbRx="0" />
<p fId="2" fbTx="127.0936839" lbTx="127.0937324" tId="0" fbRx="127.0937389" lbRx="0" />
<p fId="2" fbTx="127.0936839" lbTx="127.0937324" tId="0" fbRx="127.0937389" lbRx="0" />
<p fId="2" fbTx="127.0936839" lbTx="127.0937324" tId="1" fbRx="127.0937389" lbRx="0" />
<p fId="2" fbTx="127.0937413" lbTx="127.0937898" tId="0" fbRx="127.0937964" lbRx="0" />
<p fId="2" fbTx="127.0937413" lbTx="127.0937898" tId="0" fbRx="127.0937964" lbRx="0" />
<p fId="2" fbTx="127.0937413" lbTx="127.0937898" tId="1" fbRx="127.0937964" lbRx="0" />
<p fId="2" fbTx="127.0937988" lbTx="127.0938472" tId="0" fbRx="127.0938538" lbRx="0" />
<p fId="2" fbTx="127.0937988" lbTx="127.0938472" tId="0" fbRx="127.0938538" lbRx="0" />
<p fId="2" fbTx="127.0937988" lbTx="127.0938472" tId="1" fbRx="127.0938538" lbRx="0" />
<p fId="2" fbTx="127.0938542" lbTx="127.0939027" tId="0" fbRx="127.0939092" lbRx="0" />
<p fId="2" fbTx="127.0938542" lbTx="127.0939027" tId="0" fbRx="127.0939092" lbRx="0" />
<p fId="2" fbTx="127.0938542" lbTx="127.0939027" tId="1" fbRx="127.0939092" lbRx="0" />
<p fId="2" fbTx="127.0939166" lbTx="127.0939651" tId="0" fbRx="127.0939717" lbRx="0" />
<p fId="2" fbTx="127.0939166" lbTx="127.0939651" tId="0" fbRx="127.0939717" lbRx="0" />
<p fId="2" fbTx="127.0939166" lbTx="127.0939651" tId="1" fbRx="127.0939717" lbRx="0" />
<p fId="2" fbTx="127.0939741" lbTx="127.0940226" tId="0" fbRx="127.0940291" lbRx="0" />
<p fId="2" fbTx="127.0939741" lbTx="127.0940226" tId="0" fbRx="127.0940291" lbRx="0" />
<p fId="2" fbTx="127.0939741" lbTx="127.0940226" tId="1" fbRx="127.0940291" lbRx="0" />
<p fId="2" fbTx="127.0940305" lbTx="127.094079" tId="0" fbRx="127.0940856" lbRx="0" />
<p fId="2" fbTx="127.0940305" lbTx="127.094079" tId="0" fbRx="127.0940856" lbRx="0" />
<p fId="2" fbTx="127.0940305" lbTx="127.094079" tId="1" fbRx="127.0940856" lbRx="0" />
<p fId="2" fbTx="127.094087" lbTx="127.0941354" tId="0" fbRx="127.094142" lbRx="0" />
<p fId="2" fbTx="127.094087" lbTx="127.0941354" tId="0" fbRx="127.094142" lbRx="0" />
<p fId="2" fbTx="127.094087" lbTx="127.0941354" tId="1" fbRx="127.094142" lbRx="0" />
<p fId="2" fbTx="127.0941434" lbTx="127.0941919" tId="0" fbRx="127.0941984" lbRx="0" />
<p fId="2" fbTx="127.0941434" lbTx="127.0941919" tId="0" fbRx="127.0941984" lbRx="0" />
<p fId="2" fbTx="127.0941434" lbTx="127.0941919" tId="1" fbRx="127.0941984" lbRx="0" />
<p fId="2" fbTx="127.0941998" lbTx="127.0942483" tId="0" fbRx="127.0942549" lbRx="0" />
<p fId="2" fbTx="127.0941998" lbTx="127.0942483" tId="0" fbRx="127.0942549" lbRx="0" />
<p fId="2" fbTx="127.0941998" lbTx="127.0942483" tId="1" fbRx="127.0942549" lbRx="0" />
<p fId="2" fbTx="127.0942553" lbTx="127.0943038" tId="0" fbRx="127.0943103" lbRx="0" />
<p fId="2" fbTx="127.0942553" lbTx="127.0943038" tId="0" fbRx="127.0943103" lbRx="0" />
<p fId="2" fbTx="127.0942553" lbTx="127.0943038" tId="1" fbRx="127.0943103" lbRx="0" />
<p fId="2" fbTx="127.0943217" lbTx="127.0943702" tId="0" fbRx="127.0943768" lbRx="0" />
<p fId="2" fbTx="127.0943217" lbTx="127.0943702" tId="0" fbRx="127.0943768" lbRx="0" />
<p fId="2" fbTx="127.0943217" lbTx="127.0943702" tId="1" fbRx="127.0943768" lbRx="0" />
<p fId="2" fbTx="127.0943792" lbTx="127.0944276" tId="0" fbRx="127.0944342" lbRx="0" />
<p fId="2" fbTx="127.0943792" lbTx="127.0944276" tId="0" fbRx="127.0944342" lbRx="0" />
<p fId="2" fbTx="127.0943792" lbTx="127.0944276" tId="1" fbRx="127.0944342" lbRx="0" />
<p fId="2" fbTx="127.0944346" lbTx="127.0944831" tId="0" fbRx="127.0944896" lbRx="0" />
<p fId="2" fbTx="127.0944346" lbTx="127.0944831" tId="0" fbRx="127.0944896" lbRx="0" />
<p fId="2" fbTx="127.0944346" lbTx="127.0944831" tId="1" fbRx="127.0944896" lbRx="0" />
<p fId="2" fbTx="127.0945" lbTx="127.0945485" tId="0" fbRx="127.0945551" lbRx="0" />
<p fId="2" fbTx="127.0945" lbTx="127.0945485" tId="0" fbRx="127.0945551" lbRx="0" />
<p fId="2" fbTx="127.0945" lbTx="127.0945485" tId="1" fbRx="127.0945551" lbRx="0" />
<p fId="2" fbTx="127.0945555" lbTx="127.094604" tId="0" fbRx="127.0946105" lbRx="0" />
<p fId="2" fbTx="127.0945555" lbTx="127.094604" tId="0" fbRx="127.0946105" lbRx="0" />
<p fId="2" fbTx="127.0945555" lbTx="127.094604" tId="1" fbRx="127.0946105" lbRx="0" />
<p fId="2" fbTx="127.0946119" lbTx="127.0946604" tId="0" fbRx="127.094667" lbRx="0" />
<p fId="2" fbTx="127.0946119" lbTx="127.0946604" tId="0" fbRx="127.094667" lbRx="0" />
<p fId="2" fbTx="127.0946119" lbTx="127.0946604" tId="1" fbRx="127.094667" lbRx="0" />
<p fId="2" fbTx="127.0946764" lbTx="127.0947248" tId="0" fbRx="127.0947314" lbRx="0" />
<p fId="2" fbTx="127.0946764" lbTx="127.0947248" tId="0" fbRx="127.0947314" lbRx="0" />
<p fId="2" fbTx="127.0946764" lbTx="127.0947248" tId="1" fbRx="127.0947314" lbRx="0" />
<p fId="2" fbTx="127.0947328" lbTx="127.0947813" tId="0" fbRx="127.0947878" lbRx="0" />
<p fId="2" fbTx="127.0947328" lbTx="127.0947813" tId="0" fbRx="127.0947878" lbRx="0" />
<p fId="2" fbTx="127.0947328" lbTx="127.0947813" tId="1" fbRx="127.0947878" lbRx="0" />
<p fId="2" fbTx="127.0947912" lbTx="127.0948397" tId="0" fbRx="127.0948463" lbRx="0" />
<p fId="2" fbTx="127.0947912" lbTx="127.0948397" tId="0" fbRx="127.0948463" lbRx="0" />
<p fId="2" fbTx="127.0947912" lbTx="127.0948397" tId="1" fbRx="127.0948463" lbRx="0" />
<p fId="2" fbTx="127.0948477" lbTx="127.0948962" tId="0" fbRx="127.0949027" lbRx="0" />
<p fId="2" fbTx="127.0948477" lbTx="127.0948962" tId="0" fbRx="127.0949027" lbRx="0" />
<p fId="2" fbTx="127.0948477" lbTx="127.0948962" tId="1" fbRx="127.0949027" lbRx="0" />
<p fId="2" fbTx="127.0949031" lbTx="127.0949516" tId="0" fbRx="127.0949582" lbRx="0" />
<p fId="2" fbTx="127.0949031" lbTx="127.0949516" tId="0" fbRx="127.0949582" lbRx="0" />
<p fId="2" fbTx="127.0949031" lbTx="127.0949516" tId="1" fbRx="127.0949582" lbRx="0" />
<p fId="2" fbTx="127.0949606" lbTx="127.095009" tId="0" fbRx="127.0950156" lbRx="0" />
<p fId="2" fbTx="127.0949606" lbTx="127.095009" tId="0" fbRx="127.0950156" lbRx="0" />
<p fId="2" fbTx="127.0949606" lbTx="127.095009" tId="1" fbRx="127.0950156" lbRx="0" />
<p fId="2" fbTx="127.095016" lbTx="127.0950645" tId="0" fbRx="127.095071" lbRx="0" />
<p fId="2" fbTx="127.095016" lbTx="127.0950645" tId="0" fbRx="127.095071" lbRx="0" />
<p fId="2" fbTx="127.095016" lbTx="127.0950645" tId="1" fbRx="127.095071" lbRx="0" />
<p fId="2" fbTx="127.0950764" lbTx="127.0951249" tId="0" fbRx="127.0951315" lbRx="0" />
<p fId="2" fbTx="127.0950764" lbTx="127.0951249" tId="0" fbRx="127.0951315" lbRx="0" />
<p fId="2" fbTx="127.0950764" lbTx="127.0951249" tId="1" fbRx="127.0951315" lbRx="0" />
<p fId="2" fbTx="127.0951429" lbTx="127.0951914" tId="0" fbRx="127.0951979" lbRx="0" />
<p fId="2" fbTx="127.0951429" lbTx="127.0951914" tId="0" fbRx="127.0951979" lbRx="0" />
<p fId="2" fbTx="127.0951429" lbTx="127.0951914" tId="1" fbRx="127.0951979" lbRx="0" />
<p fId="2" fbTx="127.0951993" lbTx="127.0952478" tId="0" fbRx="127.0952544" lbRx="0" />
<p fId="2" fbTx="127.0951993" lbTx="127.0952478" tId="0" fbRx="127.0952544" lbRx="0" />
<p fId="2" fbTx="127.0951993" lbTx="127.0952478" tId="1" fbRx="127.0952544" lbRx="0" />
<p fId="2" fbTx="127.0952578" lbTx="127.0953062" tId="0" fbRx="127.0953128" lbRx="0" />
<p fId="2" fbTx="127.0952578" lbTx="127.0953062" tId="0" fbRx="127.0953128" lbRx="0" />
<p fId="2" fbTx="127.0952578" lbTx="127.0953062" tId="1" fbRx="127.0953128" lbRx="0" />
<p fId="2" fbTx="127.0953132" lbTx="127.0953617" tId="0" fbRx="127.0953682" lbRx="0" />
<p fId="2" fbTx="127.0953132" lbTx="127.0953617" tId="0" fbRx="127.0953682" lbRx="0" />
<p fId="2" fbTx="127.0953132" lbTx="127.0953617" tId="1" fbRx="127.0953682" lbRx="0" />
<p fId="2" fbTx="127.0953706" lbTx="127.0954191" tId="0" fbRx="127.0954257" lbRx="0" />
<p fId="2" fbTx="127.0953706" lbTx="127.0954191" tId="0" fbRx="127.0954257" lbRx="0" />
<p fId="2" fbTx="127.0953706" lbTx="127.0954191" tId="1" fbRx="127.0954257" lbRx="0" />
<p fId="2" fbTx="127.0954291" lbTx="127.0954776" tId="0" fbRx="127.0954841" lbRx="0" />
<p fId="2" fbTx="127.0954291" lbTx="127.0954776" tId="0" fbRx="127.0954841" lbRx="0" />
<p fId="2" fbTx="127.0954291" lbTx="127.0954776" tId="1" fbRx="127.0954841" lbRx="0" />
<p fId="2" fbTx="127.0954865" lbTx="127.095535" tId="0" fbRx="127.0955416" lbRx="0" />
<p fId="2" fbTx="127.0954865" lbTx="127.095535" tId="0" fbRx="127.0955416" lbRx="0" />
<p fId="2" fbTx="127.0954865" lbTx="127.095535" tId="1" fbRx="127.0955416" lbRx="0" />
<p fId="2" fbTx="127.095544" lbTx="127.0955924" tId="0" fbRx="127.095599" lbRx="0" />
<p fId="2" fbTx="127.095544" lbTx="127.0955924" tId="0" fbRx="127.095599" lbRx="0" />
<p fId="2" fbTx="127.095544" lbTx="127.0955924" tId="1" fbRx="127.095599" lbRx="0" />
<p fId="2" fbTx="127.0956074" lbTx="127.0956559" tId="0" fbRx="127.0956624" lbRx="0" />
<p fId="2" fbTx="127.0956074" lbTx="127.0956559" tId="0" fbRx="127.0956624" lbRx="0" />
<p fId="2" fbTx="127.0956074" lbTx="127.0956559" tId="1" fbRx="127.0956624" lbRx="0" />
<p fId="2" fbTx="127.0956738" lbTx="127.0957223" tId="0" fbRx="127.0957289" lbRx="0" />
<p fId="2" fbTx="127.0956738" lbTx="127.0957223" tId="0" fbRx="127.0957289" lbRx="0" />
<p fId="2" fbTx="127.0956738" lbTx="127.0957223" tId="1" fbRx="127.0957289" lbRx="0" />
<p fId="2" fbTx="127.0957293" lbTx="127.0957778" tId="0" fbRx="127.0957843" lbRx="0" />
<p fId="2" fbTx="127.0957293" lbTx="127.0957778" tId="0" fbRx="127.0957843" lbRx="0" />
<p fId="2" fbTx="127.0957293" lbTx="127.0957778" tId="1" fbRx="127.0957843" lbRx="0" />
<p fId="2" fbTx="127.0957917" lbTx="127.0958402" tId="0" fbRx="127.0958468" lbRx="0" />
<p fId="2" fbTx="127.0957917" lbTx="127.0958402" tId="0" fbRx="127.0958468" lbRx="0" />
<p fId="2" fbTx="127.0957917" lbTx="127.0958402" tId="1" fbRx="127.0958468" lbRx="0" />
<p fId="2" fbTx="127.0958562" lbTx="127.0959046" tId="0" fbRx="127.0959112" lbRx="0" />
<p fId="2" fbTx="127.0958562" lbTx="127.0959046" tId="0" fbRx="127.0959112" lbRx="0" />
<p fId="2" fbTx="127.0958562" lbTx="127.0959046" tId="1" fbRx="127.0959112" lbRx="0" />
<p fId="2" fbTx="127.0959196" lbTx="127.0959681" tId="0" fbRx="127.0959746" lbRx="0" />
<p fId="2" fbTx="127.0959196" lbTx="127.0959681" tId="0" fbRx="127.0959746" lbRx="0" />
<p fId="2" fbTx="127.0959196" lbTx="127.0959681" tId="1" fbRx="127.0959746" lbRx="0" />
<p fId="2" fbTx="127.095977" lbTx="127.0960255" tId="0" fbRx="127.0960321" lbRx="0" />
<p fId="2" fbTx="127.095977" lbTx="127.0960255" tId="0" fbRx="127.0960321" lbRx="0" />
<p fId="2" fbTx="127.095977" lbTx="127.0960255" tId="1" fbRx="127.0960321" lbRx="0" />
<p fId="2" fbTx="127.0960345" lbTx="127.096083" tId="0" fbRx="127.0960895" lbRx="0" />
<p fId="2" fbTx="127.0960345" lbTx="127.096083" tId="0" fbRx="127.0960895" lbRx="0" />
<p fId="2" fbTx="127.0960345" lbTx="127.096083" tId="1" fbRx="127.0960895" lbRx="0" />
<p fId="2" fbTx="127.0960909" lbTx="127.0961394" tId="0" fbRx="127.096146" lbRx="0" />
<p fId="2" fbTx="127.0960909" lbTx="127.0961394" tId="0" fbRx="127.096146" lbRx="0" />
<p fId="2" fbTx="127.0960909" lbTx="127.0961394" tId="1" fbRx="127.096146" lbRx="0" />
<p fId="2" fbTx="127.0961474" lbTx="127.0961958" tId="0" fbRx="127.0962024" lbRx="0" />
<p fId="2" fbTx="127.0961474" lbTx="127.0961958" tId="0" fbRx="127.0962024" lbRx="0" />
<p fId="2" fbTx="127.0961474" lbTx="127.0961958" tId="1" fbRx="127.0962024" lbRx="0" />
<p fId="2" fbTx="127.0962058" lbTx="127.0962543" tId="0" fbRx="127.0962608" lbRx="0" />
<p fId="2" fbTx="127.0962058" lbTx="127.0962543" tId="0" fbRx="127.0962608" lbRx="0" />
<p fId="2" fbTx="127.0962058" lbTx="127.0962543" tId="1" fbRx="127.0962608" lbRx="0" />
<p fId="2" fbTx="127.0962612" lbTx="127.0963097" tId="0" fbRx="127.0963163" lbRx="0" />
<p fId="2" fbTx="127.0962612" lbTx="127.0963097" tId="0" fbRx="127.0963163" lbRx="0" />
<p fId="2" fbTx="127.0962612" lbTx="127.0963097" tId="1" fbRx="127.0963163" lbRx="0" />
<p fId="2" fbTx="127.0963257" lbTx="127.0963742" tId="0" fbRx="127.0963807" lbRx="0" />
<p fId="2" fbTx="127.0963257" lbTx="127.0963742" tId="0" fbRx="127.0963807" lbRx="0" />
<p fId="2" fbTx="127.0963257" lbTx="127.0963742" tId="1" fbRx="127.0963807" lbRx="0" />
<p fId="2" fbTx="127.0963841" lbTx="127.0964326" tId="0" fbRx="127.0964392" lbRx="0" />
<p fId="2" fbTx="127.0963841" lbTx="127.0964326" tId="0" fbRx="127.0964392" lbRx="0" />
<p fId="2" fbTx="127.0963841" lbTx="127.0964326" tId="1" fbRx="127.0964392" lbRx="0" />
<p fId="2" fbTx="127.0964406" lbTx="127.096489" tId="0" fbRx="127.0964956" lbRx="0" />
<p fId="2" fbTx="127.0964406" lbTx="127.096489" tId="0" fbRx="127.0964956" lbRx="0" />
<p fId="2" fbTx="127.0964406" lbTx="127.096489" tId="1" fbRx="127.0964956" lbRx="0" />
<p fId="2" fbTx="127.096503" lbTx="127.0965515" tId="0" fbRx="127.096558" lbRx="0" />
<p fId="2" fbTx="127.096503" lbTx="127.0965515" tId="0" fbRx="127.096558" lbRx="0" />
<p fId="2" fbTx="127.096503" lbTx="127.0965515" tId="1" fbRx="127.096558" lbRx="0" />
<p fId="2" fbTx="127.0965604" lbTx="127.0966089" tId="0" fbRx="127.0966155" lbRx="0" />
<p fId="2" fbTx="127.0965604" lbTx="127.0966089" tId="0" fbRx="127.0966155" lbRx="0" />
<p fId="2" fbTx="127.0965604" lbTx="127.0966089" tId="1" fbRx="127.0966155" lbRx="0" />
<p fId="2" fbTx="127.0966239" lbTx="127.0966724" tId="0" fbRx="127.0966789" lbRx="0" />
<p fId="2" fbTx="127.0966239" lbTx="127.0966724" tId="0" fbRx="127.0966789" lbRx="0" />
<p fId="2" fbTx="127.0966239" lbTx="127.0966724" tId="1" fbRx="127.0966789" lbRx="0" />
<p fId="2" fbTx="127.0966863" lbTx="127.0967348" tId="0" fbRx="127.0967414" lbRx="0" />
<p fId="2" fbTx="127.0966863" lbTx="127.0967348" tId="0" fbRx="127.0967414" lbRx="0" />
<p fId="2" fbTx="127.0966863" lbTx="127.0967348" tId="1" fbRx="127.0967414" lbRx="0" />
<p fId="2" fbTx="127.0967488" lbTx="127.0967972" tId="0" fbRx="127.0968038" lbRx="0" />
<p fId="2" fbTx="127.0967488" lbTx="127.0967972" tId="0" fbRx="127.0968038" lbRx="0" />
<p fId="2" fbTx="127.0967488" lbTx="127.0967972" tId="1" fbRx="127.0968038" lbRx="0" />
<p fId="2" fbTx="127.0968052" lbTx="127.0968537" tId="0" fbRx="127.0968602" lbRx="0" />
<p fId="2" fbTx="127.0968052" lbTx="127.0968537" tId="0" fbRx="127.0968602" lbRx="0" />
<p fId="2" fbTx="127.0968052" lbTx="127.0968537" tId="1" fbRx="127.0968602" lbRx="0" />
<p fId="2" fbTx="127.0968636" lbTx="127.0969121" tId="0" fbRx="127.0969187" lbRx="0" />
<p fId="2" fbTx="127.0968636" lbTx="127.0969121" tId="0" fbRx="127.0969187" lbRx="0" />
<p fId="2" fbTx="127.0968636" lbTx="127.0969121" tId="1" fbRx="127.0969187" lbRx="0" />
<p fId="2" fbTx="127.0969221" lbTx="127.0969706" tId="0" fbRx="127.0969771" lbRx="0" />
<p fId="2" fbTx="127.0969221" lbTx="127.0969706" tId="0" fbRx="127.0969771" lbRx="0" />
<p fId="2" fbTx="127.0969221" lbTx="127.0969706" tId="1" fbRx="127.0969771" lbRx="0" />
<p fId="2" fbTx="127.0969795" lbTx="127.097028" tId="0" fbRx="127.0970346" lbRx="0" />
<p fId="2" fbTx="127.0969795" lbTx="127.097028" tId="0" fbRx="127.0970346" lbRx="0" />
<p fId="2" fbTx="127.0969795" lbTx="127.097028" tId="1" fbRx="127.0970346" lbRx="0" />
<p fId="2" fbTx="127.097038" lbTx="127.0970864" tId="0" fbRx="127.097093" lbRx="0" />
<p fId="2" fbTx="127.097038" lbTx="127.0970864" tId="0" fbRx="127.097093" lbRx="0" />
<p fId="2" fbTx="127.097038" lbTx="127.0970864" tId="1" fbRx="127.097093" lbRx="0" />
<p fId="2" fbTx="127.0971014" lbTx="127.0971499" tId="0" fbRx="127.0971564" lbRx="0" />
<p fId="2" fbTx="127.0971014" lbTx="127.0971499" tId="0" fbRx="127.0971564" lbRx="0" />
<p fId="2" fbTx="127.0971014" lbTx="127.0971499" tId="1" fbRx="127.0971564" lbRx="0" />
<p fId="2" fbTx="127.0971578" lbTx="127.0972063" tId="0" fbRx="127.0972129" lbRx="0" />
<p fId="2" fbTx="127.0971578" lbTx="127.0972063" tId="0" fbRx="127.0972129" lbRx="0" />
<p fId="2" fbTx="127.0971578" lbTx="127.0972063" tId="1" fbRx="127.0972129" lbRx="0" />
<p fId="2" fbTx="127.0972153" lbTx="127.0972638" tId="0" fbRx="127.0972703" lbRx="0" />
<p fId="2" fbTx="127.0972153" lbTx="127.0972638" tId="0" fbRx="127.0972703" lbRx="0" />
<p fId="2" fbTx="127.0972153" lbTx="127.0972638" tId="1" fbRx="127.0972703" lbRx="0" />
<p fId="2" fbTx="127.0972787" lbTx="127.0973272" tId="0" fbRx="127.0973338" lbRx="0" />
<p fId="2" fbTx="127.0972787" lbTx="127.0973272" tId="0" fbRx="127.0973338" lbRx="0" />
<p fId="2" fbTx="127.0972787" lbTx="127.0973272" tId="1" fbRx="127.0973338" lbRx="0" />
<p fId="2" fbTx="127.0973362" lbTx="127.0973846" tId="0" fbRx="127.0973912" lbRx="0" />
<p fId="2" fbTx="127.0973362" lbTx="127.0973846" tId="0" fbRx="127.0973912" lbRx="0" />
<p fId="2" fbTx="127.0973362" lbTx="127.0973846" tId="1" fbRx="127.0973912" lbRx="0" />
<p fId="2" fbTx="127.0973926" lbTx="127.0974411" tId="0" fbRx="127.0974476" lbRx="0" />
<p fId="2" fbTx="127.0973926" lbTx="127.0974411" tId="0" fbRx="127.0974476" lbRx="0" />
<p fId="2" fbTx="127.0973926" lbTx="127.0974411" tId="1" fbRx="127.0974476" lbRx="0" />
<p fId="2" fbTx="127.097449" lbTx="127.0974975" tId="0" fbRx="127.0975041" lbRx="0" />
<p fId="2" fbTx="127.097449" lbTx="127.0974975" tId="0" fbRx="127.0975041" lbRx="0" />
<p fId="2" fbTx="127.097449" lbTx="127.0974975" tId="1" fbRx="127.0975041" lbRx="0" />
<p fId="2" fbTx="127.0975075" lbTx="127.097556" tId="0" fbRx="127.0975625" lbRx="0" />
<p fId="2" fbTx="127.0975075" lbTx="127.097556" tId="0" fbRx="127.0975625" lbRx="0" />
<p fId="2" fbTx="127.0975075" lbTx="127.097556" tId="1" fbRx="127.0975625" lbRx="0" />
<p fId="2" fbTx="127.0975629" lbTx="127.0976114" tId="0" fbRx="127.097618" lbRx="0" />
<p fId="2" fbTx="127.0975629" lbTx="127.0976114" tId="0" fbRx="127.097618" lbRx="0" />
<p fId="2" fbTx="127.0975629" lbTx="127.0976114" tId="1" fbRx="127.097618" lbRx="0" />
<p fId="2" fbTx="127.0976294" lbTx="127.0976758" tId="0" fbRx="127.0976824" lbRx="0" />
<p fId="2" fbTx="127.0976294" lbTx="127.0976758" tId="0" fbRx="127.0976824" lbRx="0" />
<p fId="2" fbTx="127.0976294" lbTx="127.0976758" tId="1" fbRx="127.0976824" lbRx="0" />
<p fId="0" fbTx="127.0980962" lbTx="127.0981018" tId="1" fbRx="127.0981084" lbRx="0" />
<p fId="0" fbTx="127.0980962" lbTx="127.0981018" tId="2" fbRx="127.0981084" lbRx="0" />
<p fId="0" fbTx="127.0980962" lbTx="127.0981018" tId="2" fbRx="127.0981084" lbRx="0" />
<p fId="0" fbTx="127.0981138" lbTx="127.0981194" tId="1" fbRx="127.0981259" lbRx="0" />
<p fId="0" fbTx="127.0981138" lbTx="127.0981194" tId="2" fbRx="127.0981259" lbRx="0" />
<p fId="0" fbTx="127.0981138" lbTx="127.0981194" tId="2" fbRx="127.0981259" lbRx="0" />
<p fId="0" fbTx="127.0981263" lbTx="127.0981319" tId="1" fbRx="127.0981385" lbRx="0" />
<p fId="0" fbTx="127.0981263" lbTx="127.0981319" tId="2" fbRx="127.0981385" lbRx="0" />
<p fId="0" fbTx="127.0981263" lbTx="127.0981319" tId="2" fbRx="127.0981385" lbRx="0" />
<p fId="0" fbTx="127.0981589" lbTx="127.0981645" tId="1" fbRx="127.098171" lbRx="0" />
<p fId="0" fbTx="127.0981589" lbTx="127.0981645" tId="2" fbRx="127.098171" lbRx="0" />
<p fId="0" fbTx="127.0981589" lbTx="127.0981645" tId="2" fbRx="127.098171" lbRx="0" />
<p fId="0" fbTx="127.0981834" lbTx="127.098189" tId="1" fbRx="127.0981956" lbRx="0" />
<p fId="0" fbTx="127.0981834" lbTx="127.098189" tId="2" fbRx="127.0981956" lbRx="0" />
<p fId="0" fbTx="127.0981834" lbTx="127.098189" tId="2" fbRx="127.0981956" lbRx="0" />
<p fId="0" fbTx="127.098206" lbTx="127.0982116" tId="1" fbRx="127.0982182" lbRx="0" />
<p fId="0" fbTx="127.098206" lbTx="127.0982116" tId="2" fbRx="127.0982182" lbRx="0" />
<p fId="0" fbTx="127.098206" lbTx="127.0982116" tId="2" fbRx="127.0982182" lbRx="0" />
<p fId="0" fbTx="127.0982206" lbTx="127.0982262" tId="1" fbRx="127.0982327" lbRx="0" />
<p fId="0" fbTx="127.0982206" lbTx="127.0982262" tId="2" fbRx="127.0982327" lbRx="0" />
<p fId="0" fbTx="127.0982206" lbTx="127.0982262" tId="2" fbRx="127.0982327" lbRx="0" />
<p fId="0" fbTx="127.0982341" lbTx="127.0982397" tId="1" fbRx="127.0982463" lbRx="0" />
<p fId="0" fbTx="127.0982341" lbTx="127.0982397" tId="2" fbRx="127.0982463" lbRx="0" />
<p fId="0" fbTx="127.0982341" lbTx="127.0982397" tId="2" fbRx="127.0982463" lbRx="0" />
<p fId="0" fbTx="127.0982597" lbTx="127.0982653" tId="1" fbRx="127.0982718" lbRx="0" />
<p fId="0" fbTx="127.0982597" lbTx="127.0982653" tId="2" fbRx="127.0982718" lbRx="0" />
<p fId="0" fbTx="127.0982597" lbTx="127.0982653" tId="2" fbRx="127.0982718" lbRx="0" />
<p fId="0" fbTx="127.0982762" lbTx="127.0982818" tId="1" fbRx="127.0982884" lbRx="0" />
<p fId="0" fbTx="127.0982762" lbTx="127.0982818" tId="2" fbRx="127.0982884" lbRx="0" />
<p fId="0" fbTx="127.0982762" lbTx="127.0982818" tId="2" fbRx="127.0982884" lbRx="0" />
<p fId="0" fbTx="127.0982898" lbTx="127.0982954" tId="1" fbRx="127.098302" lbRx="0" />
<p fId="0" fbTx="127.0982898" lbTx="127.0982954" tId="2" fbRx="127.098302" lbRx="0" />
<p fId="0" fbTx="127.0982898" lbTx="127.0982954" tId="2" fbRx="127.098302" lbRx="0" />
<p fId="0" fbTx="127.0983094" lbTx="127.098315" tId="1" fbRx="127.0983215" lbRx="0" />
<p fId="0" fbTx="127.0983094" lbTx="127.098315" tId="2" fbRx="127.0983215" lbRx="0" />
<p fId="0" fbTx="127.0983094" lbTx="127.098315" tId="2" fbRx="127.0983215" lbRx="0" />
<p fId="0" fbTx="127.0983349" lbTx="127.0983405" tId="1" fbRx="127.0983471" lbRx="0" />
<p fId="0" fbTx="127.0983349" lbTx="127.0983405" tId="2" fbRx="127.0983471" lbRx="0" />
<p fId="0" fbTx="127.0983349" lbTx="127.0983405" tId="2" fbRx="127.0983471" lbRx="0" />
<p fId="0" fbTx="127.0983535" lbTx="127.0983591" tId="1" fbRx="127.0983656" lbRx="0" />
<p fId="0" fbTx="127.0983535" lbTx="127.0983591" tId="2" fbRx="127.0983656" lbRx="0" />
<p fId="0" fbTx="127.0983535" lbTx="127.0983591" tId="2" fbRx="127.0983656" lbRx="0" />
<p fId="0" fbTx="127.098368" lbTx="127.0983736" tId="1" fbRx="127.0983802" lbRx="0" />
<p fId="0" fbTx="127.098368" lbTx="127.0983736" tId="2" fbRx="127.0983802" lbRx="0" />
<p fId="0" fbTx="127.098368" lbTx="127.0983736" tId="2" fbRx="127.0983802" lbRx="0" />
<p fId="0" fbTx="127.0983826" lbTx="127.0983882" tId="1" fbRx="127.0983948" lbRx="0" />
<p fId="0" fbTx="127.0983826" lbTx="127.0983882" tId="2" fbRx="127.0983948" lbRx="0" />
<p fId="0" fbTx="127.0983826" lbTx="127.0983882" tId="2" fbRx="127.0983948" lbRx="0" />
<p fId="0" fbTx="127.0983972" lbTx="127.0984028" tId="1" fbRx="127.0984093" lbRx="0" />
<p fId="0" fbTx="127.0983972" lbTx="127.0984028" tId="2" fbRx="127.0984093" lbRx="0" />
<p fId="0" fbTx="127.0983972" lbTx="127.0984028" tId="2" fbRx="127.0984093" lbRx="0" />
<p fId="0" fbTx="127.0984147" lbTx="127.0984203" tId="1" fbRx="127.0984269" lbRx="0" />
<p fId="0" fbTx="127.0984147" lbTx="127.0984203" tId="2" fbRx="127.0984269" lbRx="0" />
<p fId="0" fbTx="127.0984147" lbTx="127.0984203" tId="2" fbRx="127.0984269" lbRx="0" />
<p fId="0" fbTx="127.0984383" lbTx="127.0984439" tId="1" fbRx="127.0984504" lbRx="0" />
<p fId="0" fbTx="127.0984383" lbTx="127.0984439" tId="2" fbRx="127.0984504" lbRx="0" />
<p fId="0" fbTx="127.0984383" lbTx="127.0984439" tId="2" fbRx="127.0984504" lbRx="0" />
<p fId="0" fbTx="127.0984538" lbTx="127.0984594" tId="1" fbRx="127.098466" lbRx="0" />
<p fId="0" fbTx="127.0984538" lbTx="127.0984594" tId="2" fbRx="127.098466" lbRx="0" />
<p fId="0" fbTx="127.0984538" lbTx="127.0984594" tId="2" fbRx="127.098466" lbRx="0" />
<p fId="0" fbTx="127.0984734" lbTx="127.098479" tId="1" fbRx="127.0984856" lbRx="0" />
<p fId="0" fbTx="127.0984734" lbTx="127.098479" tId="2" fbRx="127.0984856" lbRx="0" />
<p fId="0" fbTx="127.0984734" lbTx="127.098479" tId="2" fbRx="127.0984856" lbRx="0" />
<p fId="0" fbTx="127.098487" lbTx="127.0984926" tId="1" fbRx="127.0984991" lbRx="0" />
<p fId="0" fbTx="127.098487" lbTx="127.0984926" tId="2" fbRx="127.0984991" lbRx="0" />
<p fId="0" fbTx="127.098487" lbTx="127.0984926" tId="2" fbRx="127.0984991" lbRx="0" />
<p fId="0" fbTx="127.0985025" lbTx="127.0985081" tId="1" fbRx="127.0985147" lbRx="0" />
<p fId="0" fbTx="127.0985025" lbTx="127.0985081" tId="2" fbRx="127.0985147" lbRx="0" />
<p fId="0" fbTx="127.0985025" lbTx="127.0985081" tId="2" fbRx="127.0985147" lbRx="0" />
<p fId="0" fbTx="127.0985171" lbTx="127.0985227" tId="1" fbRx="127.0985292" lbRx="0" />
<p fId="0" fbTx="127.0985171" lbTx="127.0985227" tId="2" fbRx="127.0985292" lbRx="0" />
<p fId="0" fbTx="127.0985171" lbTx="127.0985227" tId="2" fbRx="127.0985292" lbRx="0" />
<p fId="0" fbTx="127.0985296" lbTx="127.0985352" tId="1" fbRx="127.0985418" lbRx="0" />
<p fId="0" fbTx="127.0985296" lbTx="127.0985352" tId="2" fbRx="127.0985418" lbRx="0" />
<p fId="0" fbTx="127.0985296" lbTx="127.0985352" tId="2" fbRx="127.0985418" lbRx="0" />
<p fId="0" fbTx="127.0985442" lbTx="127.0985498" tId="1" fbRx="127.0985564" lbRx="0" />
<p fId="0" fbTx="127.0985442" lbTx="127.0985498" tId="2" fbRx="127.0985564" lbRx="0" />
<p fId="0" fbTx="127.0985442" lbTx="127.0985498" tId="2" fbRx="127.0985564" lbRx="0" />
<p fId="0" fbTx="127.0985588" lbTx="127.0985644" tId="1" fbRx="127.0985709" lbRx="0" />
<p fId="0" fbTx="127.0985588" lbTx="127.0985644" tId="2" fbRx="127.0985709" lbRx="0" />
<p fId="0" fbTx="127.0985588" lbTx="127.0985644" tId="2" fbRx="127.0985709" lbRx="0" />
<p fId="0" fbTx="127.0985793" lbTx="127.0985849" tId="1" fbRx="127.0985915" lbRx="0" />
<p fId="0" fbTx="127.0985793" lbTx="127.0985849" tId="2" fbRx="127.0985915" lbRx="0" />
<p fId="0" fbTx="127.0985793" lbTx="127.0985849" tId="2" fbRx="127.0985915" lbRx="0" />
<p fId="0" fbTx="127.0986039" lbTx="127.0986095" tId="1" fbRx="127.098616" lbRx="0" />
<p fId="0" fbTx="127.0986039" lbTx="127.0986095" tId="2" fbRx="127.098616" lbRx="0" />
<p fId="0" fbTx="127.0986039" lbTx="127.0986095" tId="2" fbRx="127.098616" lbRx="0" />
<p fId="0" fbTx="127.0986184" lbTx="127.098624" tId="1" fbRx="127.0986306" lbRx="0" />
<p fId="0" fbTx="127.0986184" lbTx="127.098624" tId="2" fbRx="127.0986306" lbRx="0" />
<p fId="0" fbTx="127.0986184" lbTx="127.098624" tId="2" fbRx="127.0986306" lbRx="0" />
<p fId="0" fbTx="127.098632" lbTx="127.0986376" tId="1" fbRx="127.0986442" lbRx="0" />
<p fId="0" fbTx="127.098632" lbTx="127.0986376" tId="2" fbRx="127.0986442" lbRx="0" />
<p fId="0" fbTx="127.098632" lbTx="127.0986376" tId="2" fbRx="127.0986442" lbRx="0" />
<p fId="0" fbTx="127.0986466" lbTx="127.0986522" tId="1" fbRx="127.0986587" lbRx="0" />
<p fId="0" fbTx="127.0986466" lbTx="127.0986522" tId="2" fbRx="127.0986587" lbRx="0" />
<p fId="0" fbTx="127.0986466" lbTx="127.0986522" tId="2" fbRx="127.0986587" lbRx="0" />
<p fId="0" fbTx="127.0986621" lbTx="127.0986677" tId="1" fbRx="127.0986743" lbRx="0" />
<p fId="0" fbTx="127.0986621" lbTx="127.0986677" tId="2" fbRx="127.0986743" lbRx="0" />
<p fId="0" fbTx="127.0986621" lbTx="127.0986677" tId="2" fbRx="127.0986743" lbRx="0" />
<p fId="0" fbTx="127.0986777" lbTx="127.0986833" tId="1" fbRx="127.0986898" lbRx="0" />
<p fId="0" fbTx="127.0986777" lbTx="127.0986833" tId="2" fbRx="127.0986898" lbRx="0" />
<p fId="0" fbTx="127.0986777" lbTx="127.0986833" tId="2" fbRx="127.0986898" lbRx="0" />
<p fId="0" fbTx="127.0986912" lbTx="127.0986968" tId="1" fbRx="127.0987034" lbRx="0" />
<p fId="0" fbTx="127.0986912" lbTx="127.0986968" tId="2" fbRx="127.0987034" lbRx="0" />
<p fId="0" fbTx="127.0986912" lbTx="127.0986968" tId="2" fbRx="127.0987034" lbRx="0" />
<p fId="0" fbTx="127.0987138" lbTx="127.0987194" tId="1" fbRx="127.098726" lbRx="0" />
<p fId="0" fbTx="127.0987138" lbTx="127.0987194" tId="2" fbRx="127.098726" lbRx="0" />
<p fId="0" fbTx="127.0987138" lbTx="127.0987194" tId="2" fbRx="127.098726" lbRx="0" />
<p fId="0" fbTx="127.0987264" lbTx="127.098732" tId="1" fbRx="127.0987385" lbRx="0" />
<p fId="0" fbTx="127.0987264" lbTx="127.098732" tId="2" fbRx="127.0987385" lbRx="0" />
<p fId="0" fbTx="127.0987264" lbTx="127.098732" tId="2" fbRx="127.0987385" lbRx="0" />
<p fId="0" fbTx="127.0987419" lbTx="127.0987475" tId="1" fbRx="127.0987541" lbRx="0" />
<p fId="0" fbTx="127.0987419" lbTx="127.0987475" tId="2" fbRx="127.0987541" lbRx="0" />
<p fId="0" fbTx="127.0987419" lbTx="127.0987475" tId="2" fbRx="127.0987541" lbRx="0" />
<p fId="0" fbTx="127.0987605" lbTx="127.0987661" tId="1" fbRx="127.0987726" lbRx="0" />
<p fId="0" fbTx="127.0987605" lbTx="127.0987661" tId="2" fbRx="127.0987726" lbRx="0" />
<p fId="0" fbTx="127.0987605" lbTx="127.0987661" tId="2" fbRx="127.0987726" lbRx="0" />
<p fId="0" fbTx="127.098781" lbTx="127.0987866" tId="1" fbRx="127.0987932" lbRx="0" />
<p fId="0" fbTx="127.098781" lbTx="127.0987866" tId="2" fbRx="127.0987932" lbRx="0" />
<p fId="0" fbTx="127.098781" lbTx="127.0987866" tId="2" fbRx="127.0987932" lbRx="0" />
<p fId="0" fbTx="127.0988026" lbTx="127.0988082" tId="1" fbRx="127.0988148" lbRx="0" />
<p fId="0" fbTx="127.0988026" lbTx="127.0988082" tId="2" fbRx="127.0988148" lbRx="0" />
<p fId="0" fbTx="127.0988026" lbTx="127.0988082" tId="2" fbRx="127.0988148" lbRx="0" />
<p fId="0" fbTx="127.0988172" lbTx="127.0988228" tId="1" fbRx="127.0988293" lbRx="0" />
<p fId="0" fbTx="127.0988172" lbTx="127.0988228" tId="2" fbRx="127.0988293" lbRx="0" />
<p fId="0" fbTx="127.0988172" lbTx="127.0988228" tId="2" fbRx="127.0988293" lbRx="0" />
<p fId="0" fbTx="127.0988317" lbTx="127.0988373" tId="1" fbRx="127.0988439" lbRx="0" />
<p fId="0" fbTx="127.0988317" lbTx="127.0988373" tId="2" fbRx="127.0988439" lbRx="0" />
<p fId="0" fbTx="127.0988317" lbTx="127.0988373" tId="2" fbRx="127.0988439" lbRx="0" />
<p fId="0" fbTx="127.0988463" lbTx="127.0988519" tId="1" fbRx="127.0988584" lbRx="0" />
<p fId="0" fbTx="127.0988463" lbTx="127.0988519" tId="2" fbRx="127.0988584" lbRx="0" />
<p fId="0" fbTx="127.0988463" lbTx="127.0988519" tId="2" fbRx="127.0988584" lbRx="0" />
<p fId="0" fbTx="127.0988588" lbTx="127.0988644" tId="1" fbRx="127.098871" lbRx="0" />
<p fId="0" fbTx="127.0988588" lbTx="127.0988644" tId="2" fbRx="127.098871" lbRx="0" />
<p fId="0" fbTx="127.0988588" lbTx="127.0988644" tId="2" fbRx="127.098871" lbRx="0" />
<p fId="0" fbTx="127.0988804" lbTx="127.098886" tId="1" fbRx="127.0988926" lbRx="0" />
<p fId="0" fbTx="127.0988804" lbTx="127.098886" tId="2" fbRx="127.0988926" lbRx="0" />
<p fId="0" fbTx="127.0988804" lbTx="127.098886" tId="2" fbRx="127.0988926" lbRx="0" />
<p fId="0" fbTx="127.098899" lbTx="127.0989046" tId="1" fbRx="127.0989111" lbRx="0" />
<p fId="0" fbTx="127.098899" lbTx="127.0989046" tId="2" fbRx="127.0989111" lbRx="0" />
<p fId="0" fbTx="127.098899" lbTx="127.0989046" tId="2" fbRx="127.0989111" lbRx="0" />
<p fId="0" fbTx="127.0989135" lbTx="127.0989191" tId="1" fbRx="127.0989257" lbRx="0" />
<p fId="0" fbTx="127.0989135" lbTx="127.0989191" tId="2" fbRx="127.0989257" lbRx="0" />
<p fId="0" fbTx="127.0989135" lbTx="127.0989191" tId="2" fbRx="127.0989257" lbRx="0" />
<p fId="0" fbTx="127.0989261" lbTx="127.0989317" tId="1" fbRx="127.0989382" lbRx="0" />
<p fId="0" fbTx="127.0989261" lbTx="127.0989317" tId="2" fbRx="127.0989382" lbRx="0" />
<p fId="0" fbTx="127.0989261" lbTx="127.0989317" tId="2" fbRx="127.0989382" lbRx="0" />
<p fId="0" fbTx="127.0989486" lbTx="127.0989542" tId="1" fbRx="127.0989608" lbRx="0" />
<p fId="0" fbTx="127.0989486" lbTx="127.0989542" tId="2" fbRx="127.0989608" lbRx="0" />
<p fId="0" fbTx="127.0989486" lbTx="127.0989542" tId="2" fbRx="127.0989608" lbRx="0" />
<p fId="0" fbTx="127.0989622" lbTx="127.0989678" tId="1" fbRx="127.0989744" lbRx="0" />
<p fId="0" fbTx="127.0989622" lbTx="127.0989678" tId="2" fbRx="127.0989744" lbRx="0" />
<p fId="0" fbTx="127.0989622" lbTx="127.0989678" tId="2" fbRx="127.0989744" lbRx="0" />
<p fId="0" fbTx="127.0989768" lbTx="127.0989824" tId="1" fbRx="127.0989889" lbRx="0" />
<p fId="0" fbTx="127.0989768" lbTx="127.0989824" tId="2" fbRx="127.0989889" lbRx="0" />
<p fId="0" fbTx="127.0989768" lbTx="127.0989824" tId="2" fbRx="127.0989889" lbRx="0" />
<p fId="0" fbTx="127.0989903" lbTx="127.0989959" tId="1" fbRx="127.0990025" lbRx="0" />
<p fId="0" fbTx="127.0989903" lbTx="127.0989959" tId="2" fbRx="127.0990025" lbRx="0" />
<p fId="0" fbTx="127.0989903" lbTx="127.0989959" tId="2" fbRx="127.0990025" lbRx="0" />
<p fId="0" fbTx="127.0990059" lbTx="127.0990115" tId="1" fbRx="127.099018" lbRx="0" />
<p fId="0" fbTx="127.0990059" lbTx="127.0990115" tId="2" fbRx="127.099018" lbRx="0" />
<p fId="0" fbTx="127.0990059" lbTx="127.0990115" tId="2" fbRx="127.099018" lbRx="0" />
<p fId="0" fbTx="127.0990304" lbTx="127.099036" tId="1" fbRx="127.0990426" lbRx="0" />
<p fId="0" fbTx="127.0990304" lbTx="127.099036" tId="2" fbRx="127.0990426" lbRx="0" />
<p fId="0" fbTx="127.0990304" lbTx="127.099036" tId="2" fbRx="127.0990426" lbRx="0" />
<p fId="0" fbTx="127.099052" lbTx="127.0990576" tId="1" fbRx="127.0990642" lbRx="0" />
<p fId="0" fbTx="127.099052" lbTx="127.0990576" tId="2" fbRx="127.0990642" lbRx="0" />
<p fId="0" fbTx="127.099052" lbTx="127.0990576" tId="2" fbRx="127.0990642" lbRx="0" />
<p fId="0" fbTx="127.0990646" lbTx="127.0990702" tId="1" fbRx="127.0990767" lbRx="0" />
<p fId="0" fbTx="127.0990646" lbTx="127.0990702" tId="2" fbRx="127.0990767" lbRx="0" />
<p fId="0" fbTx="127.0990646" lbTx="127.0990702" tId="2" fbRx="127.0990767" lbRx="0" />
<p fId="0" fbTx="127.0990801" lbTx="127.0990857" tId="1" fbRx="127.0990923" lbRx="0" />
<p fId="0" fbTx="127.0990801" lbTx="127.0990857" tId="2" fbRx="127.0990923" lbRx="0" />
<p fId="0" fbTx="127.0990801" lbTx="127.0990857" tId="2" fbRx="127.0990923" lbRx="0" />
<p fId="0" fbTx="127.0990927" lbTx="127.0990983" tId="1" fbRx="127.0991048" lbRx="0" />
<p fId="0" fbTx="127.0990927" lbTx="127.0990983" tId="2" fbRx="127.0991048" lbRx="0" />
<p fId="0" fbTx="127.0990927" lbTx="127.0990983" tId="2" fbRx="127.0991048" lbRx="0" />
<p fId="0" fbTx="127.0991052" lbTx="127.0991108" tId="1" fbRx="127.0991174" lbRx="0" />
<p fId="0" fbTx="127.0991052" lbTx="127.0991108" tId="2" fbRx="127.0991174" lbRx="0" />
<p fId="0" fbTx="127.0991052" lbTx="127.0991108" tId="2" fbRx="127.0991174" lbRx="0" />
<p fId="0" fbTx="127.0991188" lbTx="127.0991244" tId="1" fbRx="127.099131" lbRx="0" />
<p fId="0" fbTx="127.0991188" lbTx="127.0991244" tId="2" fbRx="127.099131" lbRx="0" />
<p fId="0" fbTx="127.0991188" lbTx="127.0991244" tId="2" fbRx="127.099131" lbRx="0" />
<p fId="0" fbTx="127.0991424" lbTx="127.099148" tId="1" fbRx="127.0991545" lbRx="0" />
<p fId="0" fbTx="127.0991424" lbTx="127.099148" tId="2" fbRx="127.0991545" lbRx="0" />
<p fId="0" fbTx="127.0991424" lbTx="127.099148" tId="2" fbRx="127.0991545" lbRx="0" />
<p fId="0" fbTx="127.0991549" lbTx="127.0991605" tId="1" fbRx="127.0991671" lbRx="0" />
<p fId="0" fbTx="127.0991549" lbTx="127.0991605" tId="2" fbRx="127.0991671" lbRx="0" />
<p fId="0" fbTx="127.0991549" lbTx="127.0991605" tId="2" fbRx="127.0991671" lbRx="0" />
<p fId="0" fbTx="127.0991735" lbTx="127.0991791" tId="1" fbRx="127.0991856" lbRx="0" />
<p fId="0" fbTx="127.0991735" lbTx="127.0991791" tId="2" fbRx="127.0991856" lbRx="0" />
<p fId="0" fbTx="127.0991735" lbTx="127.0991791" tId="2" fbRx="127.0991856" lbRx="0" />
<p fId="0" fbTx="127.099189" lbTx="127.0991946" tId="1" fbRx="127.0992012" lbRx="0" />
<p fId="0" fbTx="127.099189" lbTx="127.0991946" tId="2" fbRx="127.0992012" lbRx="0" />
<p fId="0" fbTx="127.099189" lbTx="127.0991946" tId="2" fbRx="127.0992012" lbRx="0" />
<p fId="0" fbTx="127.0992046" lbTx="127.0992102" tId="1" fbRx="127.0992168" lbRx="0" />
<p fId="0" fbTx="127.0992046" lbTx="127.0992102" tId="2" fbRx="127.0992168" lbRx="0" />
<p fId="0" fbTx="127.0992046" lbTx="127.0992102" tId="2" fbRx="127.0992168" lbRx="0" />
<p fId="0" fbTx="127.0992182" lbTx="127.0992238" tId="1" fbRx="127.0992303" lbRx="0" />
<p fId="0" fbTx="127.0992182" lbTx="127.0992238" tId="2" fbRx="127.0992303" lbRx="0" />
<p fId="0" fbTx="127.0992182" lbTx="127.0992238" tId="2" fbRx="127.0992303" lbRx="0" />
<p fId="0" fbTx="127.0992307" lbTx="127.0992363" tId="1" fbRx="127.0992429" lbRx="0" />
<p fId="0" fbTx="127.0992307" lbTx="127.0992363" tId="2" fbRx="127.0992429" lbRx="0" />
<p fId="0" fbTx="127.0992307" lbTx="127.0992363" tId="2" fbRx="127.0992429" lbRx="0" />
<p fId="0" fbTx="127.0992533" lbTx="127.0992589" tId="1" fbRx="127.0992654" lbRx="0" />
<p fId="0" fbTx="127.0992533" lbTx="127.0992589" tId="2" fbRx="127.0992654" lbRx="0" />
<p fId="0" fbTx="127.0992533" lbTx="127.0992589" tId="2" fbRx="127.0992654" lbRx="0" />
<p fId="0" fbTx="127.0992668" lbTx="127.0992724" tId="1" fbRx="127.099279" lbRx="0" />
<p fId="0" fbTx="127.0992668" lbTx="127.0992724" tId="2" fbRx="127.099279" lbRx="0" />
<p fId="0" fbTx="127.0992668" lbTx="127.0992724" tId="2" fbRx="127.099279" lbRx="0" />
<p fId="0" fbTx="127.0992804" lbTx="127.099286" tId="1" fbRx="127.0992926" lbRx="0" />
<p fId="0" fbTx="127.0992804" lbTx="127.099286" tId="2" fbRx="127.0992926" lbRx="0" />
<p fId="0" fbTx="127.0992804" lbTx="127.099286" tId="2" fbRx="127.0992926" lbRx="0" />
<p fId="0" fbTx="127.0993" lbTx="127.0993056" tId="1" fbRx="127.0993121" lbRx="0" />
<p fId="0" fbTx="127.0993" lbTx="127.0993056" tId="2" fbRx="127.0993121" lbRx="0" />
<p fId="0" fbTx="127.0993" lbTx="127.0993056" tId="2" fbRx="127.0993121" lbRx="0" />
<p fId="0" fbTx="127.0993245" lbTx="127.0993301" tId="1" fbRx="127.0993367" lbRx="0" />
<p fId="0" fbTx="127.0993245" lbTx="127.0993301" tId="2" fbRx="127.0993367" lbRx="0" />
<p fId="0" fbTx="127.0993245" lbTx="127.0993301" tId="2" fbRx="127.0993367" lbRx="0" />
<p fId="0" fbTx="127.0993381" lbTx="127.0993437" tId="1" fbRx="127.0993502" lbRx="0" />
<p fId="0" fbTx="127.0993381" lbTx="127.0993437" tId="2" fbRx="127.0993502" lbRx="0" />
<p fId="0" fbTx="127.0993381" lbTx="127.0993437" tId="2" fbRx="127.0993502" lbRx="0" />
<p fId="0" fbTx="127.0993596" lbTx="127.0993652" tId="1" fbRx="127.0993718" lbRx="0" />
<p fId="0" fbTx="127.0993596" lbTx="127.0993652" tId="2" fbRx="127.0993718" lbRx="0" />
<p fId="0" fbTx="127.0993596" lbTx="127.0993652" tId="2" fbRx="127.0993718" lbRx="0" />
<p fId="0" fbTx="127.0993722" lbTx="127.0993778" tId="1" fbRx="127.0993844" lbRx="0" />
<p fId="0" fbTx="127.0993722" lbTx="127.0993778" tId="2" fbRx="127.0993844" lbRx="0" />
<p fId="0" fbTx="127.0993722" lbTx="127.0993778" tId="2" fbRx="127.0993844" lbRx="0" />
<p fId="0" fbTx="127.0993928" lbTx="127.0993984" tId="1" fbRx="127.0994049" lbRx="0" />
<p fId="0" fbTx="127.0993928" lbTx="127.0993984" tId="2" fbRx="127.0994049" lbRx="0" />
<p fId="0" fbTx="127.0993928" lbTx="127.0993984" tId="2" fbRx="127.0994049" lbRx="0" />
<p fId="0" fbTx="127.0994133" lbTx="127.0994189" tId="1" fbRx="127.0994255" lbRx="0" />
<p fId="0" fbTx="127.0994133" lbTx="127.0994189" tId="2" fbRx="127.0994255" lbRx="0" />
<p fId="0" fbTx="127.0994133" lbTx="127.0994189" tId="2" fbRx="127.0994255" lbRx="0" />
<p fId="0" fbTx="127.0994269" lbTx="127.0994325" tId="1" fbRx="127.099439" lbRx="0" />
<p fId="0" fbTx="127.0994269" lbTx="127.0994325" tId="2" fbRx="127.099439" lbRx="0" />
<p fId="0" fbTx="127.0994269" lbTx="127.0994325" tId="2" fbRx="127.099439" lbRx="0" />
<p fId="0" fbTx="127.0994394" lbTx="127.099445" tId="1" fbRx="127.0994516" lbRx="0" />
<p fId="0" fbTx="127.0994394" lbTx="127.099445" tId="2" fbRx="127.0994516" lbRx="0" />
<p fId="0" fbTx="127.0994394" lbTx="127.099445" tId="2" fbRx="127.0994516" lbRx="0" />
<p fId="0" fbTx="127.099458" lbTx="127.0994636" tId="1" fbRx="127.0994702" lbRx="0" />
<p fId="0" fbTx="127.099458" lbTx="127.0994636" tId="2" fbRx="127.0994702" lbRx="0" />
<p fId="0" fbTx="127.099458" lbTx="127.0994636" tId="2" fbRx="127.0994702" lbRx="0" />
<p fId="0" fbTx="127.0994766" lbTx="127.0994822" tId="1" fbRx="127.0994887" lbRx="0" />
<p fId="0" fbTx="127.0994766" lbTx="127.0994822" tId="2" fbRx="127.0994887" lbRx="0" />
<p fId="0" fbTx="127.0994766" lbTx="127.0994822" tId="2" fbRx="127.0994887" lbRx="0" />
<p fId="0" fbTx="127.0994911" lbTx="127.0994967" tId="1" fbRx="127.0995033" lbRx="0" />
<p fId="0" fbTx="127.0994911" lbTx="127.0994967" tId="2" fbRx="127.0995033" lbRx="0" />
<p fId="0" fbTx="127.0994911" lbTx="127.0994967" tId="2" fbRx="127.0995033" lbRx="0" />
<p fId="0" fbTx="127.1164418" lbTx="127.1164754" tId="1" fbRx="127.116482" lbRx="0" />
<p fId="0" fbTx="127.1164418" lbTx="127.1164754" tId="2" fbRx="127.116482" lbRx="0" />
<p fId="0" fbTx="127.1164418" lbTx="127.1164754" tId="2" fbRx="127.116482" lbRx="0" />
<p fId="2" fbTx="127.116482" lbTx="127.1165305" tId="0" fbRx="127.116537" lbRx="0" />
<p fId="2" fbTx="127.116482" lbTx="127.1165305" tId="0" fbRx="127.116537" lbRx="0" />
<p fId="2" fbTx="127.116482" lbTx="127.1165305" tId="1" fbRx="127.116537" lbRx="0" />
<p fId="2" fbTx="127.1165394" lbTx="127.1165879" tId="0" fbRx="127.1165945" lbRx="0" />
<p fId="2" fbTx="127.1165394" lbTx="127.1165879" tId="0" fbRx="127.1165945" lbRx="0" />
<p fId="2" fbTx="127.1165394" lbTx="127.1165879" tId="1" fbRx="127.1165945" lbRx="0" />
<p fId="0" fbTx="127.1165955" lbTx="127.1166011" tId="1" fbRx="127.1166076" lbRx="0" />
<p fId="0" fbTx="127.1165955" lbTx="127.1166011" tId="2" fbRx="127.1166076" lbRx="0" />
<p fId="0" fbTx="127.1165955" lbTx="127.1166011" tId="2" fbRx="127.1166076" lbRx="0" />
<p fId="2" fbTx="127.1166219" lbTx="127.1166704" tId="0" fbRx="127.1166769" lbRx="0" />
<p fId="2" fbTx="127.1166219" lbTx="127.1166704" tId="0" fbRx="127.1166769" lbRx="0" />
<p fId="2" fbTx="127.1166219" lbTx="127.1166704" tId="1" fbRx="127.1166769" lbRx="0" />
<p fId="2" fbTx="127.1166813" lbTx="127.1167298" tId="0" fbRx="127.1167364" lbRx="0" />
<p fId="2" fbTx="127.1166813" lbTx="127.1167298" tId="0" fbRx="127.1167364" lbRx="0" />
<p fId="2" fbTx="127.1166813" lbTx="127.1167298" tId="1" fbRx="127.1167364" lbRx="0" />
<p fId="0" fbTx="127.1167374" lbTx="127.116743" tId="1" fbRx="127.1167495" lbRx="0" />
<p fId="0" fbTx="127.1167374" lbTx="127.116743" tId="2" fbRx="127.1167495" lbRx="0" />
<p fId="0" fbTx="127.1167374" lbTx="127.116743" tId="2" fbRx="127.1167495" lbRx="0" />
<p fId="2" fbTx="127.1167538" lbTx="127.1168022" tId="0" fbRx="127.1168088" lbRx="0" />
<p fId="2" fbTx="127.1167538" lbTx="127.1168022" tId="0" fbRx="127.1168088" lbRx="0" />
<p fId="2" fbTx="127.1167538" lbTx="127.1168022" tId="1" fbRx="127.1168088" lbRx="0" />
<p fId="2" fbTx="127.1168122" lbTx="127.1168257" tId="0" fbRx="127.1168323" lbRx="0" />
<p fId="2" fbTx="127.1168122" lbTx="127.1168257" tId="0" fbRx="127.1168323" lbRx="0" />
<p fId="2" fbTx="127.1168122" lbTx="127.1168257" tId="1" fbRx="127.1168323" lbRx="0" />
<p fId="0" fbTx="127.1168333" lbTx="127.1168389" tId="1" fbRx="127.1168454" lbRx="0" />
<p fId="0" fbTx="127.1168333" lbTx="127.1168389" tId="2" fbRx="127.1168454" lbRx="0" />
<p fId="0" fbTx="127.1168333" lbTx="127.1168389" tId="2" fbRx="127.1168454" lbRx="0" />
<p fId="0" fbTx="127.1168468" lbTx="127.1168804" tId="1" fbRx="127.116887" lbRx="0" />
<p fId="0" fbTx="127.1168468" lbTx="127.1168804" tId="2" fbRx="127.116887" lbRx="0" />
<p fId="0" fbTx="127.1168468" lbTx="127.1168804" tId="2" fbRx="127.116887" lbRx="0" />
<p fId="2" fbTx="127.116887" lbTx="127.1169355" tId="0" fbRx="127.116942" lbRx="0" />
<p fId="2" fbTx="127.116887" lbTx="127.1169355" tId="0" fbRx="127.116942" lbRx="0" />
<p fId="2" fbTx="127.116887" lbTx="127.1169355" tId="1" fbRx="127.116942" lbRx="0" />
<p fId="2" fbTx="127.1169444" lbTx="127.1169929" tId="0" fbRx="127.1169995" lbRx="0" />
<p fId="2" fbTx="127.1169444" lbTx="127.1169929" tId="0" fbRx="127.1169995" lbRx="0" />
<p fId="2" fbTx="127.1169444" lbTx="127.1169929" tId="1" fbRx="127.1169995" lbRx="0" />
<p fId="0" fbTx="127.1170005" lbTx="127.1170061" tId="1" fbRx="127.1170126" lbRx="0" />
<p fId="0" fbTx="127.1170005" lbTx="127.1170061" tId="2" fbRx="127.1170126" lbRx="0" />
<p fId="0" fbTx="127.1170005" lbTx="127.1170061" tId="2" fbRx="127.1170126" lbRx="0" />
<p fId="2" fbTx="127.1170249" lbTx="127.1170734" tId="0" fbRx="127.1170799" lbRx="0" />
<p fId="2" fbTx="127.1170249" lbTx="127.1170734" tId="0" fbRx="127.1170799" lbRx="0" />
<p fId="2" fbTx="127.1170249" lbTx="127.1170734" tId="1" fbRx="127.1170799" lbRx="0" />
<p fId="2" fbTx="127.1170803" lbTx="127.1171078" tId="0" fbRx="127.1171144" lbRx="0" />
<p fId="2" fbTx="127.1170803" lbTx="127.1171078" tId="0" fbRx="127.1171144" lbRx="0" />
<p fId="2" fbTx="127.1170803" lbTx="127.1171078" tId="1" fbRx="127.1171144" lbRx="0" />
<p fId="0" fbTx="127.1171154" lbTx="127.117121" tId="1" fbRx="127.1171276" lbRx="0" />
<p fId="0" fbTx="127.1171154" lbTx="127.117121" tId="2" fbRx="127.1171276" lbRx="0" />
<p fId="0" fbTx="127.1171154" lbTx="127.117121" tId="2" fbRx="127.1171276" lbRx="0" />
<p fId="0" fbTx="141.7057518" lbTx="141.7057854" tId="1" fbRx="141.705792" lbRx="0" />
<p fId="0" fbTx="141.7057518" lbTx="141.7057854" tId="2" fbRx="141.705792" lbRx="0" />
<p fId="0" fbTx="141.7057518" lbTx="141.7057854" tId="2" fbRx="141.705792" lbRx="0" />
<p fId="2" fbTx="141.705792" lbTx="141.7058405" tId="0" fbRx="141.705847" lbRx="0" />
<p fId="2" fbTx="141.705792" lbTx="141.7058405" tId="0" fbRx="141.705847" lbRx="0" />
<p fId="2" fbTx="141.705792" lbTx="141.7058405" tId="1" fbRx="141.705847" lbRx="0" />
<p fId="2" fbTx="141.7058584" lbTx="141.7059069" tId="0" fbRx="141.7059135" lbRx="0" />
<p fId="2" fbTx="141.7058584" lbTx="141.7059069" tId="0" fbRx="141.7059135" lbRx="0" />
<p fId="2" fbTx="141.7058584" lbTx="141.7059069" tId="1" fbRx="141.7059135" lbRx="0" />
<p fId="0" fbTx="141.7059145" lbTx="141.7059201" tId="1" fbRx="141.7059266" lbRx="0" />
<p fId="0" fbTx="141.7059145" lbTx="141.7059201" tId="2" fbRx="141.7059266" lbRx="0" />
<p fId="0" fbTx="141.7059145" lbTx="141.7059201" tId="2" fbRx="141.7059266" lbRx="0" />
<p fId="2" fbTx="141.7059419" lbTx="141.7059903" tId="0" fbRx="141.7059969" lbRx="0" />
<p fId="2" fbTx="141.7059419" lbTx="141.7059903" tId="0" fbRx="141.7059969" lbRx="0" />
<p fId="2" fbTx="141.7059419" lbTx="141.7059903" tId="1" fbRx="141.7059969" lbRx="0" />
<p fId="2" fbTx="141.7060073" lbTx="141.7060558" tId="0" fbRx="141.7060623" lbRx="0" />
<p fId="2" fbTx="141.7060073" lbTx="141.7060558" tId="0" fbRx="141.7060623" lbRx="0" />
<p fId="2" fbTx="141.7060073" lbTx="141.7060558" tId="1" fbRx="141.7060623" lbRx="0" />
<p fId="0" fbTx="141.7060633" lbTx="141.7060689" tId="1" fbRx="141.7060755" lbRx="0" />
<p fId="0" fbTx="141.7060633" lbTx="141.7060689" tId="2" fbRx="141.7060755" lbRx="0" />
<p fId="0" fbTx="141.7060633" lbTx="141.7060689" tId="2" fbRx="141.7060755" lbRx="0" />
<p fId="2" fbTx="141.7060907" lbTx="141.7061392" tId="0" fbRx="141.7061458" lbRx="0" />
<p fId="2" fbTx="141.7060907" lbTx="141.7061392" tId="0" fbRx="141.7061458" lbRx="0" />
<p fId="2" fbTx="141.7060907" lbTx="141.7061392" tId="1" fbRx="141.7061458" lbRx="0" />
<p fId="2" fbTx="141.7061482" lbTx="141.7061967" tId="0" fbRx="141.7062032" lbRx="0" />
<p fId="2" fbTx="141.7061482" lbTx="141.7061967" tId="0" fbRx="141.7062032" lbRx="0" />
<p fId="2" fbTx="141.7061482" lbTx="141.7061967" tId="1" fbRx="141.7062032" lbRx="0" />
<p fId="0" fbTx="141.7062042" lbTx="141.7062098" tId="1" fbRx="141.7062164" lbRx="0" />
<p fId="0" fbTx="141.7062042" lbTx="141.7062098" tId="2" fbRx="141.7062164" lbRx="0" />
<p fId="0" fbTx="141.7062042" lbTx="141.7062098" tId="2" fbRx="141.7062164" lbRx="0" />
<p fId="2" fbTx="141.7062516" lbTx="141.7063001" tId="0" fbRx="141.7063067" lbRx="0" />
<p fId="2" fbTx="141.7062516" lbTx="141.7063001" tId="0" fbRx="141.7063067" lbRx="0" />
<p fId="2" fbTx="141.7062516" lbTx="141.7063001" tId="1" fbRx="141.7063067" lbRx="0" />
<p fId="2" fbTx="141.7063091" lbTx="141.7063575" tId="0" fbRx="141.7063641" lbRx="0" />
<p fId="2" fbTx="141.7063091" lbTx="141.7063575" tId="0" fbRx="141.7063641" lbRx="0" />
<p fId="2" fbTx="141.7063091" lbTx="141.7063575" tId="1" fbRx="141.7063641" lbRx="0" />
<p fId="0" fbTx="141.7063651" lbTx="141.7063707" tId="1" fbRx="141.7063773" lbRx="0" />
<p fId="0" fbTx="141.7063651" lbTx="141.7063707" tId="2" fbRx="141.7063773" lbRx="0" />
<p fId="0" fbTx="141.7063651" lbTx="141.7063707" tId="2" fbRx="141.7063773" lbRx="0" />
<p fId="2" fbTx="141.7064035" lbTx="141.706452" tId="0" fbRx="141.7064585" lbRx="0" />
<p fId="2" fbTx="141.7064035" lbTx="141.706452" tId="0" fbRx="141.7064585" lbRx="0" />
<p fId="2" fbTx="141.7064035" lbTx="141.706452" tId="1" fbRx="141.7064585" lbRx="0" />
<p fId="2" fbTx="141.7064589" lbTx="141.7065074" tId="0" fbRx="141.706514" lbRx="0" />
<p fId="2" fbTx="141.7064589" lbTx="141.7065074" tId="0" fbRx="141.706514" lbRx="0" />
<p fId="2" fbTx="141.7064589" lbTx="141.7065074" tId="1" fbRx="141.706514" lbRx="0" />
<p fId="0" fbTx="141.706515" lbTx="141.7065206" tId="1" fbRx="141.7065271" lbRx="0" />
<p fId="0" fbTx="141.706515" lbTx="141.7065206" tId="2" fbRx="141.7065271" lbRx="0" />
<p fId="0" fbTx="141.706515" lbTx="141.7065206" tId="2" fbRx="141.7065271" lbRx="0" />
<p fId="2" fbTx="141.7065284" lbTx="141.7065769" tId="0" fbRx="141.7065834" lbRx="0" />
<p fId="2" fbTx="141.7065284" lbTx="141.7065769" tId="0" fbRx="141.7065834" lbRx="0" />
<p fId="2" fbTx="141.7065284" lbTx="141.7065769" tId="1" fbRx="141.7065834" lbRx="0" />
<p fId="2" fbTx="141.7065838" lbTx="141.7066323" tId="0" fbRx="141.7066389" lbRx="0" />
<p fId="2" fbTx="141.7065838" lbTx="141.7066323" tId="0" fbRx="141.7066389" lbRx="0" />
<p fId="2" fbTx="141.7065838" lbTx="141.7066323" tId="1" fbRx="141.7066389" lbRx="0" />
<p fId="0" fbTx="141.7066399" lbTx="141.7066455" tId="1" fbRx="141.706652" lbRx="0" />
<p fId="0" fbTx="141.7066399" lbTx="141.7066455" tId="2" fbRx="141.706652" lbRx="0" />
<p fId="0" fbTx="141.7066399" lbTx="141.7066455" tId="2" fbRx="141.706652" lbRx="0" />
<p fId="2" fbTx="141.7066703" lbTx="141.7067187" tId="0" fbRx="141.7067253" lbRx="0" />
<p fId="2" fbTx="141.7066703" lbTx="141.7067187" tId="0" fbRx="141.7067253" lbRx="0" />
<p fId="2" fbTx="141.7066703" lbTx="141.7067187" tId="1" fbRx="141.7067253" lbRx="0" />
<p fId="2" fbTx="141.7067277" lbTx="141.7067762" tId="0" fbRx="141.7067827" lbRx="0" />
<p fId="2" fbTx="141.7067277" lbTx="141.7067762" tId="0" fbRx="141.7067827" lbRx="0" />
<p fId="2" fbTx="141.7067277" lbTx="141.7067762" tId="1" fbRx="141.7067827" lbRx="0" />
<p fId="0" fbTx="141.7067837" lbTx="141.7067893" tId="1" fbRx="141.7067959" lbRx="0" />
<p fId="0" fbTx="141.7067837" lbTx="141.7067893" tId="2" fbRx="141.7067959" lbRx="0" />
<p fId="0" fbTx="141.7067837" lbTx="141.7067893" tId="2" fbRx="141.7067959" lbRx="0" />
<p fId="2" fbTx="141.7067961" lbTx="141.7068446" tId="0" fbRx="141.7068512" lbRx="0" />
<p fId="2" fbTx="141.7067961" lbTx="141.7068446" tId="0" fbRx="141.7068512" lbRx="0" />
<p fId="2" fbTx="141.7067961" lbTx="141.7068446" tId="1" fbRx="141.7068512" lbRx="0" />
<p fId="2" fbTx="141.7068536" lbTx="141.7069021" tId="0" fbRx="141.7069086" lbRx="0" />
<p fId="2" fbTx="141.7068536" lbTx="141.7069021" tId="0" fbRx="141.7069086" lbRx="0" />
<p fId="2" fbTx="141.7068536" lbTx="141.7069021" tId="1" fbRx="141.7069086" lbRx="0" />
<p fId="2" fbTx="141.706909" lbTx="141.7069575" tId="0" fbRx="141.7069641" lbRx="0" />
<p fId="2" fbTx="141.706909" lbTx="141.7069575" tId="0" fbRx="141.7069641" lbRx="0" />
<p fId="2" fbTx="141.706909" lbTx="141.7069575" tId="1" fbRx="141.7069641" lbRx="0" />
<p fId="2" fbTx="141.7069645" lbTx="141.7070129" tId="0" fbRx="141.7070195" lbRx="0" />
<p fId="2" fbTx="141.7069645" lbTx="141.7070129" tId="0" fbRx="141.7070195" lbRx="0" />
<p fId="2" fbTx="141.7069645" lbTx="141.7070129" tId="1" fbRx="141.7070195" lbRx="0" />
<p fId="2" fbTx="141.7070229" lbTx="141.7070714" tId="0" fbRx="141.7070779" lbRx="0" />
<p fId="2" fbTx="141.7070229" lbTx="141.7070714" tId="0" fbRx="141.7070779" lbRx="0" />
<p fId="2" fbTx="141.7070229" lbTx="141.7070714" tId="1" fbRx="141.7070779" lbRx="0" />
<p fId="2" fbTx="141.7070783" lbTx="141.7071268" tId="0" fbRx="141.7071334" lbRx="0" />
<p fId="2" fbTx="141.7070783" lbTx="141.7071268" tId="0" fbRx="141.7071334" lbRx="0" />
<p fId="2" fbTx="141.7070783" lbTx="141.7071268" tId="1" fbRx="141.7071334" lbRx="0" />
<p fId="2" fbTx="141.7071348" lbTx="141.7071833" tId="0" fbRx="141.7071898" lbRx="0" />
<p fId="2" fbTx="141.7071348" lbTx="141.7071833" tId="0" fbRx="141.7071898" lbRx="0" />
<p fId="2" fbTx="141.7071348" lbTx="141.7071833" tId="1" fbRx="141.7071898" lbRx="0" />
<p fId="2" fbTx="141.7071932" lbTx="141.7072417" tId="0" fbRx="141.7072483" lbRx="0" />
<p fId="2" fbTx="141.7071932" lbTx="141.7072417" tId="0" fbRx="141.7072483" lbRx="0" />
<p fId="2" fbTx="141.7071932" lbTx="141.7072417" tId="1" fbRx="141.7072483" lbRx="0" />
<p fId="2" fbTx="141.7072487" lbTx="141.7072971" tId="0" fbRx="141.7073037" lbRx="0" />
<p fId="2" fbTx="141.7072487" lbTx="141.7072971" tId="0" fbRx="141.7073037" lbRx="0" />
<p fId="2" fbTx="141.7072487" lbTx="141.7072971" tId="1" fbRx="141.7073037" lbRx="0" />
<p fId="2" fbTx="141.7073071" lbTx="141.7073556" tId="0" fbRx="141.7073621" lbRx="0" />
<p fId="2" fbTx="141.7073071" lbTx="141.7073556" tId="0" fbRx="141.7073621" lbRx="0" />
<p fId="2" fbTx="141.7073071" lbTx="141.7073556" tId="1" fbRx="141.7073621" lbRx="0" />
<p fId="2" fbTx="141.7073625" lbTx="141.707411" tId="0" fbRx="141.7074176" lbRx="0" />
<p fId="2" fbTx="141.7073625" lbTx="141.707411" tId="0" fbRx="141.7074176" lbRx="0" />
<p fId="2" fbTx="141.7073625" lbTx="141.707411" tId="1" fbRx="141.7074176" lbRx="0" />
<p fId="2" fbTx="141.707419" lbTx="141.7074675" tId="0" fbRx="141.707474" lbRx="0" />
<p fId="2" fbTx="141.707419" lbTx="141.7074675" tId="0" fbRx="141.707474" lbRx="0" />
<p fId="2" fbTx="141.707419" lbTx="141.7074675" tId="1" fbRx="141.707474" lbRx="0" />
<p fId="2" fbTx="141.7074754" lbTx="141.7075239" tId="0" fbRx="141.7075305" lbRx="0" />
<p fId="2" fbTx="141.7074754" lbTx="141.7075239" tId="0" fbRx="141.7075305" lbRx="0" />
<p fId="2" fbTx="141.7074754" lbTx="141.7075239" tId="1" fbRx="141.7075305" lbRx="0" />
<p fId="2" fbTx="141.7075309" lbTx="141.7075793" tId="0" fbRx="141.7075859" lbRx="0" />
<p fId="2" fbTx="141.7075309" lbTx="141.7075793" tId="0" fbRx="141.7075859" lbRx="0" />
<p fId="2" fbTx="141.7075309" lbTx="141.7075793" tId="1" fbRx="141.7075859" lbRx="0" />
<p fId="2" fbTx="141.7075863" lbTx="141.7076348" tId="0" fbRx="141.7076413" lbRx="0" />
<p fId="2" fbTx="141.7075863" lbTx="141.7076348" tId="0" fbRx="141.7076413" lbRx="0" />
<p fId="2" fbTx="141.7075863" lbTx="141.7076348" tId="1" fbRx="141.7076413" lbRx="0" />
<p fId="2" fbTx="141.7076457" lbTx="141.7076942" tId="0" fbRx="141.7077008" lbRx="0" />
<p fId="2" fbTx="141.7076457" lbTx="141.7076942" tId="0" fbRx="141.7077008" lbRx="0" />
<p fId="2" fbTx="141.7076457" lbTx="141.7076942" tId="1" fbRx="141.7077008" lbRx="0" />
<p fId="2" fbTx="141.7077042" lbTx="141.7077527" tId="0" fbRx="141.7077592" lbRx="0" />
<p fId="2" fbTx="141.7077042" lbTx="141.7077527" tId="0" fbRx="141.7077592" lbRx="0" />
<p fId="2" fbTx="141.7077042" lbTx="141.7077527" tId="1" fbRx="141.7077592" lbRx="0" />
<p fId="2" fbTx="141.7077636" lbTx="141.7078121" tId="0" fbRx="141.7078187" lbRx="0" />
<p fId="2" fbTx="141.7077636" lbTx="141.7078121" tId="0" fbRx="141.7078187" lbRx="0" />
<p fId="2" fbTx="141.7077636" lbTx="141.7078121" tId="1" fbRx="141.7078187" lbRx="0" />
<p fId="2" fbTx="141.7078211" lbTx="141.7078695" tId="0" fbRx="141.7078761" lbRx="0" />
<p fId="2" fbTx="141.7078211" lbTx="141.7078695" tId="0" fbRx="141.7078761" lbRx="0" />
<p fId="2" fbTx="141.7078211" lbTx="141.7078695" tId="1" fbRx="141.7078761" lbRx="0" />
<p fId="2" fbTx="141.7078805" lbTx="141.707929" tId="0" fbRx="141.7079355" lbRx="0" />
<p fId="2" fbTx="141.7078805" lbTx="141.707929" tId="0" fbRx="141.7079355" lbRx="0" />
<p fId="2" fbTx="141.7078805" lbTx="141.707929" tId="1" fbRx="141.7079355" lbRx="0" />
<p fId="2" fbTx="141.7079419" lbTx="141.7079904" tId="0" fbRx="141.707997" lbRx="0" />
<p fId="2" fbTx="141.7079419" lbTx="141.7079904" tId="0" fbRx="141.707997" lbRx="0" />
<p fId="2" fbTx="141.7079419" lbTx="141.7079904" tId="1" fbRx="141.707997" lbRx="0" />
<p fId="2" fbTx="141.7079984" lbTx="141.7080469" tId="0" fbRx="141.7080534" lbRx="0" />
<p fId="2" fbTx="141.7079984" lbTx="141.7080469" tId="0" fbRx="141.7080534" lbRx="0" />
<p fId="2" fbTx="141.7079984" lbTx="141.7080469" tId="1" fbRx="141.7080534" lbRx="0" />
<p fId="2" fbTx="141.7080538" lbTx="141.7081023" tId="0" fbRx="141.7081089" lbRx="0" />
<p fId="2" fbTx="141.7080538" lbTx="141.7081023" tId="0" fbRx="141.7081089" lbRx="0" />
<p fId="2" fbTx="141.7080538" lbTx="141.7081023" tId="1" fbRx="141.7081089" lbRx="0" />
<p fId="2" fbTx="141.7081103" lbTx="141.7081587" tId="0" fbRx="141.7081653" lbRx="0" />
<p fId="2" fbTx="141.7081103" lbTx="141.7081587" tId="0" fbRx="141.7081653" lbRx="0" />
<p fId="2" fbTx="141.7081103" lbTx="141.7081587" tId="1" fbRx="141.7081653" lbRx="0" />
<p fId="2" fbTx="141.7081677" lbTx="141.7082162" tId="0" fbRx="141.7082227" lbRx="0" />
<p fId="2" fbTx="141.7081677" lbTx="141.7082162" tId="0" fbRx="141.7082227" lbRx="0" />
<p fId="2" fbTx="141.7081677" lbTx="141.7082162" tId="1" fbRx="141.7082227" lbRx="0" />
<p fId="2" fbTx="141.7082321" lbTx="141.7082806" tId="0" fbRx="141.7082872" lbRx="0" />
<p fId="2" fbTx="141.7082321" lbTx="141.7082806" tId="0" fbRx="141.7082872" lbRx="0" />
<p fId="2" fbTx="141.7082321" lbTx="141.7082806" tId="1" fbRx="141.7082872" lbRx="0" />
<p fId="2" fbTx="141.7082906" lbTx="141.7083391" tId="0" fbRx="141.7083456" lbRx="0" />
<p fId="2" fbTx="141.7082906" lbTx="141.7083391" tId="0" fbRx="141.7083456" lbRx="0" />
<p fId="2" fbTx="141.7082906" lbTx="141.7083391" tId="1" fbRx="141.7083456" lbRx="0" />
<p fId="2" fbTx="141.708356" lbTx="141.7084045" tId="0" fbRx="141.7084111" lbRx="0" />
<p fId="2" fbTx="141.708356" lbTx="141.7084045" tId="0" fbRx="141.7084111" lbRx="0" />
<p fId="2" fbTx="141.708356" lbTx="141.7084045" tId="1" fbRx="141.7084111" lbRx="0" />
<p fId="2" fbTx="141.7084115" lbTx="141.7084599" tId="0" fbRx="141.7084665" lbRx="0" />
<p fId="2" fbTx="141.7084115" lbTx="141.7084599" tId="0" fbRx="141.7084665" lbRx="0" />
<p fId="2" fbTx="141.7084115" lbTx="141.7084599" tId="1" fbRx="141.7084665" lbRx="0" />
<p fId="2" fbTx="141.7084739" lbTx="141.7085224" tId="0" fbRx="141.7085289" lbRx="0" />
<p fId="2" fbTx="141.7084739" lbTx="141.7085224" tId="0" fbRx="141.7085289" lbRx="0" />
<p fId="2" fbTx="141.7084739" lbTx="141.7085224" tId="1" fbRx="141.7085289" lbRx="0" />
<p fId="2" fbTx="141.7085293" lbTx="141.7085778" tId="0" fbRx="141.7085844" lbRx="0" />
<p fId="2" fbTx="141.7085293" lbTx="141.7085778" tId="0" fbRx="141.7085844" lbRx="0" />
<p fId="2" fbTx="141.7085293" lbTx="141.7085778" tId="1" fbRx="141.7085844" lbRx="0" />
<p fId="2" fbTx="141.7085858" lbTx="141.7086343" tId="0" fbRx="141.7086408" lbRx="0" />
<p fId="2" fbTx="141.7085858" lbTx="141.7086343" tId="0" fbRx="141.7086408" lbRx="0" />
<p fId="2" fbTx="141.7085858" lbTx="141.7086343" tId="1" fbRx="141.7086408" lbRx="0" />
<p fId="2" fbTx="141.7086522" lbTx="141.7087007" tId="0" fbRx="141.7087073" lbRx="0" />
<p fId="2" fbTx="141.7086522" lbTx="141.7087007" tId="0" fbRx="141.7087073" lbRx="0" />
<p fId="2" fbTx="141.7086522" lbTx="141.7087007" tId="1" fbRx="141.7087073" lbRx="0" />
<p fId="2" fbTx="141.7087087" lbTx="141.7087571" tId="0" fbRx="141.7087637" lbRx="0" />
<p fId="2" fbTx="141.7087087" lbTx="141.7087571" tId="0" fbRx="141.7087637" lbRx="0" />
<p fId="2" fbTx="141.7087087" lbTx="141.7087571" tId="1" fbRx="141.7087637" lbRx="0" />
<p fId="2" fbTx="141.7087681" lbTx="141.7088166" tId="0" fbRx="141.7088231" lbRx="0" />
<p fId="2" fbTx="141.7087681" lbTx="141.7088166" tId="0" fbRx="141.7088231" lbRx="0" />
<p fId="2" fbTx="141.7087681" lbTx="141.7088166" tId="1" fbRx="141.7088231" lbRx="0" />
<p fId="2" fbTx="141.7088255" lbTx="141.708874" tId="0" fbRx="141.7088806" lbRx="0" />
<p fId="2" fbTx="141.7088255" lbTx="141.708874" tId="0" fbRx="141.7088806" lbRx="0" />
<p fId="2" fbTx="141.7088255" lbTx="141.708874" tId="1" fbRx="141.7088806" lbRx="0" />
<p fId="2" fbTx="141.708881" lbTx="141.7089295" tId="0" fbRx="141.708936" lbRx="0" />
<p fId="2" fbTx="141.708881" lbTx="141.7089295" tId="0" fbRx="141.708936" lbRx="0" />
<p fId="2" fbTx="141.708881" lbTx="141.7089295" tId="1" fbRx="141.708936" lbRx="0" />
<p fId="2" fbTx="141.7089364" lbTx="141.7089849" tId="0" fbRx="141.7089915" lbRx="0" />
<p fId="2" fbTx="141.7089364" lbTx="141.7089849" tId="0" fbRx="141.7089915" lbRx="0" />
<p fId="2" fbTx="141.7089364" lbTx="141.7089849" tId="1" fbRx="141.7089915" lbRx="0" />
<p fId="2" fbTx="141.7089929" lbTx="141.7090413" tId="0" fbRx="141.7090479" lbRx="0" />
<p fId="2" fbTx="141.7089929" lbTx="141.7090413" tId="0" fbRx="141.7090479" lbRx="0" />
<p fId="2" fbTx="141.7089929" lbTx="141.7090413" tId="1" fbRx="141.7090479" lbRx="0" />
<p fId="2" fbTx="141.7090573" lbTx="141.7091058" tId="0" fbRx="141.7091123" lbRx="0" />
<p fId="2" fbTx="141.7090573" lbTx="141.7091058" tId="0" fbRx="141.7091123" lbRx="0" />
<p fId="2" fbTx="141.7090573" lbTx="141.7091058" tId="1" fbRx="141.7091123" lbRx="0" />
<p fId="2" fbTx="141.7091207" lbTx="141.7091692" tId="0" fbRx="141.7091758" lbRx="0" />
<p fId="2" fbTx="141.7091207" lbTx="141.7091692" tId="0" fbRx="141.7091758" lbRx="0" />
<p fId="2" fbTx="141.7091207" lbTx="141.7091692" tId="1" fbRx="141.7091758" lbRx="0" />
<p fId="2" fbTx="141.7091772" lbTx="141.7092257" tId="0" fbRx="141.7092322" lbRx="0" />
<p fId="2" fbTx="141.7091772" lbTx="141.7092257" tId="0" fbRx="141.7092322" lbRx="0" />
<p fId="2" fbTx="141.7091772" lbTx="141.7092257" tId="1" fbRx="141.7092322" lbRx="0" />
<p fId="2" fbTx="141.7092336" lbTx="141.7092821" tId="0" fbRx="141.7092887" lbRx="0" />
<p fId="2" fbTx="141.7092336" lbTx="141.7092821" tId="0" fbRx="141.7092887" lbRx="0" />
<p fId="2" fbTx="141.7092336" lbTx="141.7092821" tId="1" fbRx="141.7092887" lbRx="0" />
<p fId="2" fbTx="141.7092961" lbTx="141.7093445" tId="0" fbRx="141.7093511" lbRx="0" />
<p fId="2" fbTx="141.7092961" lbTx="141.7093445" tId="0" fbRx="141.7093511" lbRx="0" />
<p fId="2" fbTx="141.7092961" lbTx="141.7093445" tId="1" fbRx="141.7093511" lbRx="0" />
<p fId="2" fbTx="141.7093595" lbTx="141.709408" tId="0" fbRx="141.7094145" lbRx="0" />
<p fId="2" fbTx="141.7093595" lbTx="141.709408" tId="0" fbRx="141.7094145" lbRx="0" />
<p fId="2" fbTx="141.7093595" lbTx="141.709408" tId="1" fbRx="141.7094145" lbRx="0" />
<p fId="2" fbTx="141.7094149" lbTx="141.7094634" tId="0" fbRx="141.70947" lbRx="0" />
<p fId="2" fbTx="141.7094149" lbTx="141.7094634" tId="0" fbRx="141.70947" lbRx="0" />
<p fId="2" fbTx="141.7094149" lbTx="141.7094634" tId="1" fbRx="141.70947" lbRx="0" />
<p fId="2" fbTx="141.7094704" lbTx="141.7095189" tId="0" fbRx="141.7095254" lbRx="0" />
<p fId="2" fbTx="141.7094704" lbTx="141.7095189" tId="0" fbRx="141.7095254" lbRx="0" />
<p fId="2" fbTx="141.7094704" lbTx="141.7095189" tId="1" fbRx="141.7095254" lbRx="0" />
<p fId="2" fbTx="141.7095368" lbTx="141.7095853" tId="0" fbRx="141.7095919" lbRx="0" />
<p fId="2" fbTx="141.7095368" lbTx="141.7095853" tId="0" fbRx="141.7095919" lbRx="0" />
<p fId="2" fbTx="141.7095368" lbTx="141.7095853" tId="1" fbRx="141.7095919" lbRx="0" />
<p fId="2" fbTx="141.7095943" lbTx="141.7096427" tId="0" fbRx="141.7096493" lbRx="0" />
<p fId="2" fbTx="141.7095943" lbTx="141.7096427" tId="0" fbRx="141.7096493" lbRx="0" />
<p fId="2" fbTx="141.7095943" lbTx="141.7096427" tId="1" fbRx="141.7096493" lbRx="0" />
<p fId="2" fbTx="141.7096537" lbTx="141.7097022" tId="0" fbRx="141.7097087" lbRx="0" />
<p fId="2" fbTx="141.7096537" lbTx="141.7097022" tId="0" fbRx="141.7097087" lbRx="0" />
<p fId="2" fbTx="141.7096537" lbTx="141.7097022" tId="1" fbRx="141.7097087" lbRx="0" />
<p fId="2" fbTx="141.7097111" lbTx="141.7097596" tId="0" fbRx="141.7097662" lbRx="0" />
<p fId="2" fbTx="141.7097111" lbTx="141.7097596" tId="0" fbRx="141.7097662" lbRx="0" />
<p fId="2" fbTx="141.7097111" lbTx="141.7097596" tId="1" fbRx="141.7097662" lbRx="0" />
<p fId="2" fbTx="141.7097676" lbTx="141.7098161" tId="0" fbRx="141.7098226" lbRx="0" />
<p fId="2" fbTx="141.7097676" lbTx="141.7098161" tId="0" fbRx="141.7098226" lbRx="0" />
<p fId="2" fbTx="141.7097676" lbTx="141.7098161" tId="1" fbRx="141.7098226" lbRx="0" />
<p fId="2" fbTx="141.709823" lbTx="141.7098715" tId="0" fbRx="141.7098781" lbRx="0" />
<p fId="2" fbTx="141.709823" lbTx="141.7098715" tId="0" fbRx="141.7098781" lbRx="0" />
<p fId="2" fbTx="141.709823" lbTx="141.7098715" tId="1" fbRx="141.7098781" lbRx="0" />
<p fId="2" fbTx="141.7098785" lbTx="141.7099269" tId="0" fbRx="141.7099335" lbRx="0" />
<p fId="2" fbTx="141.7098785" lbTx="141.7099269" tId="0" fbRx="141.7099335" lbRx="0" />
<p fId="2" fbTx="141.7098785" lbTx="141.7099269" tId="1" fbRx="141.7099335" lbRx="0" />
<p fId="2" fbTx="141.7099349" lbTx="141.7099834" tId="0" fbRx="141.7099899" lbRx="0" />
<p fId="2" fbTx="141.7099349" lbTx="141.7099834" tId="0" fbRx="141.7099899" lbRx="0" />
<p fId="2" fbTx="141.7099349" lbTx="141.7099834" tId="1" fbRx="141.7099899" lbRx="0" />
<p fId="2" fbTx="141.7100033" lbTx="141.7100518" tId="0" fbRx="141.7100584" lbRx="0" />
<p fId="2" fbTx="141.7100033" lbTx="141.7100518" tId="0" fbRx="141.7100584" lbRx="0" />
<p fId="2" fbTx="141.7100033" lbTx="141.7100518" tId="1" fbRx="141.7100584" lbRx="0" />
<p fId="2" fbTx="141.7100608" lbTx="141.7101093" tId="0" fbRx="141.7101158" lbRx="0" />
<p fId="2" fbTx="141.7100608" lbTx="141.7101093" tId="0" fbRx="141.7101158" lbRx="0" />
<p fId="2" fbTx="141.7100608" lbTx="141.7101093" tId="1" fbRx="141.7101158" lbRx="0" />
<p fId="2" fbTx="141.7101222" lbTx="141.7101707" tId="0" fbRx="141.7101773" lbRx="0" />
<p fId="2" fbTx="141.7101222" lbTx="141.7101707" tId="0" fbRx="141.7101773" lbRx="0" />
<p fId="2" fbTx="141.7101222" lbTx="141.7101707" tId="1" fbRx="141.7101773" lbRx="0" />
<p fId="2" fbTx="141.7101807" lbTx="141.7102291" tId="0" fbRx="141.7102357" lbRx="0" />
<p fId="2" fbTx="141.7101807" lbTx="141.7102291" tId="0" fbRx="141.7102357" lbRx="0" />
<p fId="2" fbTx="141.7101807" lbTx="141.7102291" tId="1" fbRx="141.7102357" lbRx="0" />
<p fId="2" fbTx="141.7102361" lbTx="141.7102846" tId="0" fbRx="141.7102911" lbRx="0" />
<p fId="2" fbTx="141.7102361" lbTx="141.7102846" tId="0" fbRx="141.7102911" lbRx="0" />
<p fId="2" fbTx="141.7102361" lbTx="141.7102846" tId="1" fbRx="141.7102911" lbRx="0" />
<p fId="2" fbTx="141.7102925" lbTx="141.710341" tId="0" fbRx="141.7103476" lbRx="0" />
<p fId="2" fbTx="141.7102925" lbTx="141.710341" tId="0" fbRx="141.7103476" lbRx="0" />
<p fId="2" fbTx="141.7102925" lbTx="141.710341" tId="1" fbRx="141.7103476" lbRx="0" />
<p fId="2" fbTx="141.710359" lbTx="141.7104075" tId="0" fbRx="141.710414" lbRx="0" />
<p fId="2" fbTx="141.710359" lbTx="141.7104075" tId="0" fbRx="141.710414" lbRx="0" />
<p fId="2" fbTx="141.710359" lbTx="141.7104075" tId="1" fbRx="141.710414" lbRx="0" />
<p fId="2" fbTx="141.7104144" lbTx="141.7104629" tId="0" fbRx="141.7104695" lbRx="0" />
<p fId="2" fbTx="141.7104144" lbTx="141.7104629" tId="0" fbRx="141.7104695" lbRx="0" />
<p fId="2" fbTx="141.7104144" lbTx="141.7104629" tId="1" fbRx="141.7104695" lbRx="0" />
<p fId="2" fbTx="141.7104709" lbTx="141.7105193" tId="0" fbRx="141.7105259" lbRx="0" />
<p fId="2" fbTx="141.7104709" lbTx="141.7105193" tId="0" fbRx="141.7105259" lbRx="0" />
<p fId="2" fbTx="141.7104709" lbTx="141.7105193" tId="1" fbRx="141.7105259" lbRx="0" />
<p fId="2" fbTx="141.7105333" lbTx="141.7105818" tId="0" fbRx="141.7105883" lbRx="0" />
<p fId="2" fbTx="141.7105333" lbTx="141.7105818" tId="0" fbRx="141.7105883" lbRx="0" />
<p fId="2" fbTx="141.7105333" lbTx="141.7105818" tId="1" fbRx="141.7105883" lbRx="0" />
<p fId="2" fbTx="141.7105947" lbTx="141.7106432" tId="0" fbRx="141.7106498" lbRx="0" />
<p fId="2" fbTx="141.7105947" lbTx="141.7106432" tId="0" fbRx="141.7106498" lbRx="0" />
<p fId="2" fbTx="141.7105947" lbTx="141.7106432" tId="1" fbRx="141.7106498" lbRx="0" />
<p fId="2" fbTx="141.7106602" lbTx="141.7107087" tId="0" fbRx="141.7107152" lbRx="0" />
<p fId="2" fbTx="141.7106602" lbTx="141.7107087" tId="0" fbRx="141.7107152" lbRx="0" />
<p fId="2" fbTx="141.7106602" lbTx="141.7107087" tId="1" fbRx="141.7107152" lbRx="0" />
<p fId="2" fbTx="141.7107166" lbTx="141.7107651" tId="0" fbRx="141.7107717" lbRx="0" />
<p fId="2" fbTx="141.7107166" lbTx="141.7107651" tId="0" fbRx="141.7107717" lbRx="0" />
<p fId="2" fbTx="141.7107166" lbTx="141.7107651" tId="1" fbRx="141.7107717" lbRx="0" />
<p fId="2" fbTx="141.7107841" lbTx="141.7108325" tId="0" fbRx="141.7108391" lbRx="0" />
<p fId="2" fbTx="141.7107841" lbTx="141.7108325" tId="0" fbRx="141.7108391" lbRx="0" />
<p fId="2" fbTx="141.7107841" lbTx="141.7108325" tId="1" fbRx="141.7108391" lbRx="0" />
<p fId="2" fbTx="141.7108455" lbTx="141.710894" tId="0" fbRx="141.7109005" lbRx="0" />
<p fId="2" fbTx="141.7108455" lbTx="141.710894" tId="0" fbRx="141.7109005" lbRx="0" />
<p fId="2" fbTx="141.7108455" lbTx="141.710894" tId="1" fbRx="141.7109005" lbRx="0" />
<p fId="2" fbTx="141.7109039" lbTx="141.7109524" tId="0" fbRx="141.710959" lbRx="0" />
<p fId="2" fbTx="141.7109039" lbTx="141.7109524" tId="0" fbRx="141.710959" lbRx="0" />
<p fId="2" fbTx="141.7109039" lbTx="141.7109524" tId="1" fbRx="141.710959" lbRx="0" />
<p fId="2" fbTx="141.7109634" lbTx="141.7110119" tId="0" fbRx="141.7110184" lbRx="0" />
<p fId="2" fbTx="141.7109634" lbTx="141.7110119" tId="0" fbRx="141.7110184" lbRx="0" />
<p fId="2" fbTx="141.7109634" lbTx="141.7110119" tId="1" fbRx="141.7110184" lbRx="0" />
<p fId="2" fbTx="141.7110198" lbTx="141.7110683" tId="0" fbRx="141.7110749" lbRx="0" />
<p fId="2" fbTx="141.7110198" lbTx="141.7110683" tId="0" fbRx="141.7110749" lbRx="0" />
<p fId="2" fbTx="141.7110198" lbTx="141.7110683" tId="1" fbRx="141.7110749" lbRx="0" />
<p fId="2" fbTx="141.7110793" lbTx="141.7111277" tId="0" fbRx="141.7111343" lbRx="0" />
<p fId="2" fbTx="141.7110793" lbTx="141.7111277" tId="0" fbRx="141.7111343" lbRx="0" />
<p fId="2" fbTx="141.7110793" lbTx="141.7111277" tId="1" fbRx="141.7111343" lbRx="0" />
<p fId="2" fbTx="141.7111357" lbTx="141.7111842" tId="0" fbRx="141.7111907" lbRx="0" />
<p fId="2" fbTx="141.7111357" lbTx="141.7111842" tId="0" fbRx="141.7111907" lbRx="0" />
<p fId="2" fbTx="141.7111357" lbTx="141.7111842" tId="1" fbRx="141.7111907" lbRx="0" />
<p fId="2" fbTx="141.7112011" lbTx="141.7112496" tId="0" fbRx="141.7112562" lbRx="0" />
<p fId="2" fbTx="141.7112011" lbTx="141.7112496" tId="0" fbRx="141.7112562" lbRx="0" />
<p fId="2" fbTx="141.7112011" lbTx="141.7112496" tId="1" fbRx="141.7112562" lbRx="0" />
<p fId="2" fbTx="141.7112576" lbTx="141.7113061" tId="0" fbRx="141.7113126" lbRx="0" />
<p fId="2" fbTx="141.7112576" lbTx="141.7113061" tId="0" fbRx="141.7113126" lbRx="0" />
<p fId="2" fbTx="141.7112576" lbTx="141.7113061" tId="1" fbRx="141.7113126" lbRx="0" />
<p fId="2" fbTx="141.711322" lbTx="141.7113705" tId="0" fbRx="141.7113771" lbRx="0" />
<p fId="2" fbTx="141.711322" lbTx="141.7113705" tId="0" fbRx="141.7113771" lbRx="0" />
<p fId="2" fbTx="141.711322" lbTx="141.7113705" tId="1" fbRx="141.7113771" lbRx="0" />
<p fId="2" fbTx="141.7113895" lbTx="141.7114379" tId="0" fbRx="141.7114445" lbRx="0" />
<p fId="2" fbTx="141.7113895" lbTx="141.7114379" tId="0" fbRx="141.7114445" lbRx="0" />
<p fId="2" fbTx="141.7113895" lbTx="141.7114379" tId="1" fbRx="141.7114445" lbRx="0" />
<p fId="2" fbTx="141.7114479" lbTx="141.7114964" tId="0" fbRx="141.7115029" lbRx="0" />
<p fId="2" fbTx="141.7114479" lbTx="141.7114964" tId="0" fbRx="141.7115029" lbRx="0" />
<p fId="2" fbTx="141.7114479" lbTx="141.7114964" tId="1" fbRx="141.7115029" lbRx="0" />
<p fId="2" fbTx="141.7115043" lbTx="141.7115528" tId="0" fbRx="141.7115594" lbRx="0" />
<p fId="2" fbTx="141.7115043" lbTx="141.7115528" tId="0" fbRx="141.7115594" lbRx="0" />
<p fId="2" fbTx="141.7115043" lbTx="141.7115528" tId="1" fbRx="141.7115594" lbRx="0" />
<p fId="2" fbTx="141.7115628" lbTx="141.7116113" tId="0" fbRx="141.7116178" lbRx="0" />
<p fId="2" fbTx="141.7115628" lbTx="141.7116113" tId="0" fbRx="141.7116178" lbRx="0" />
<p fId="2" fbTx="141.7115628" lbTx="141.7116113" tId="1" fbRx="141.7116178" lbRx="0" />
<p fId="2" fbTx="141.7116192" lbTx="141.7116677" tId="0" fbRx="141.7116743" lbRx="0" />
<p fId="2" fbTx="141.7116192" lbTx="141.7116677" tId="0" fbRx="141.7116743" lbRx="0" />
<p fId="2" fbTx="141.7116192" lbTx="141.7116677" tId="1" fbRx="141.7116743" lbRx="0" />
<p fId="2" fbTx="141.7116857" lbTx="141.7117341" tId="0" fbRx="141.7117407" lbRx="0" />
<p fId="2" fbTx="141.7116857" lbTx="141.7117341" tId="0" fbRx="141.7117407" lbRx="0" />
<p fId="2" fbTx="141.7116857" lbTx="141.7117341" tId="1" fbRx="141.7117407" lbRx="0" />
<p fId="2" fbTx="141.7117441" lbTx="141.7117926" tId="0" fbRx="141.7117991" lbRx="0" />
<p fId="2" fbTx="141.7117441" lbTx="141.7117926" tId="0" fbRx="141.7117991" lbRx="0" />
<p fId="2" fbTx="141.7117441" lbTx="141.7117926" tId="1" fbRx="141.7117991" lbRx="0" />
<p fId="2" fbTx="141.7118095" lbTx="141.711858" tId="0" fbRx="141.7118646" lbRx="0" />
<p fId="2" fbTx="141.7118095" lbTx="141.711858" tId="0" fbRx="141.7118646" lbRx="0" />
<p fId="2" fbTx="141.7118095" lbTx="141.711858" tId="1" fbRx="141.7118646" lbRx="0" />
<p fId="2" fbTx="141.711865" lbTx="141.7119135" tId="0" fbRx="141.71192" lbRx="0" />
<p fId="2" fbTx="141.711865" lbTx="141.7119135" tId="0" fbRx="141.71192" lbRx="0" />
<p fId="2" fbTx="141.711865" lbTx="141.7119135" tId="1" fbRx="141.71192" lbRx="0" />
<p fId="2" fbTx="141.7119224" lbTx="141.7119709" tId="0" fbRx="141.7119775" lbRx="0" />
<p fId="2" fbTx="141.7119224" lbTx="141.7119709" tId="0" fbRx="141.7119775" lbRx="0" />
<p fId="2" fbTx="141.7119224" lbTx="141.7119709" tId="1" fbRx="141.7119775" lbRx="0" />
<p fId="2" fbTx="141.7119799" lbTx="141.7120283" tId="0" fbRx="141.7120349" lbRx="0" />
<p fId="2" fbTx="141.7119799" lbTx="141.7120283" tId="0" fbRx="141.7120349" lbRx="0" />
<p fId="2" fbTx="141.7119799" lbTx="141.7120283" tId="1" fbRx="141.7120349" lbRx="0" />
<p fId="2" fbTx="141.7120443" lbTx="141.7120928" tId="0" fbRx="141.7120993" lbRx="0" />
<p fId="2" fbTx="141.7120443" lbTx="141.7120928" tId="0" fbRx="141.7120993" lbRx="0" />
<p fId="2" fbTx="141.7120443" lbTx="141.7120928" tId="1" fbRx="141.7120993" lbRx="0" />
<p fId="2" fbTx="141.7121007" lbTx="141.7121492" tId="0" fbRx="141.7121558" lbRx="0" />
<p fId="2" fbTx="141.7121007" lbTx="141.7121492" tId="0" fbRx="141.7121558" lbRx="0" />
<p fId="2" fbTx="141.7121007" lbTx="141.7121492" tId="1" fbRx="141.7121558" lbRx="0" />
<p fId="2" fbTx="141.7121572" lbTx="141.7122057" tId="0" fbRx="141.7122122" lbRx="0" />
<p fId="2" fbTx="141.7121572" lbTx="141.7122057" tId="0" fbRx="141.7122122" lbRx="0" />
<p fId="2" fbTx="141.7121572" lbTx="141.7122057" tId="1" fbRx="141.7122122" lbRx="0" />
<p fId="2" fbTx="141.7122176" lbTx="141.7122661" tId="0" fbRx="141.7122727" lbRx="0" />
<p fId="2" fbTx="141.7122176" lbTx="141.7122661" tId="0" fbRx="141.7122727" lbRx="0" />
<p fId="2" fbTx="141.7122176" lbTx="141.7122661" tId="1" fbRx="141.7122727" lbRx="0" />
<p fId="2" fbTx="141.7122791" lbTx="141.7123275" tId="0" fbRx="141.7123341" lbRx="0" />
<p fId="2" fbTx="141.7122791" lbTx="141.7123275" tId="0" fbRx="141.7123341" lbRx="0" />
<p fId="2" fbTx="141.7122791" lbTx="141.7123275" tId="1" fbRx="141.7123341" lbRx="0" />
<p fId="2" fbTx="141.7123395" lbTx="141.712388" tId="0" fbRx="141.7123945" lbRx="0" />
<p fId="2" fbTx="141.7123395" lbTx="141.712388" tId="0" fbRx="141.7123945" lbRx="0" />
<p fId="2" fbTx="141.7123395" lbTx="141.712388" tId="1" fbRx="141.7123945" lbRx="0" />
<p fId="2" fbTx="141.7123969" lbTx="141.7124454" tId="0" fbRx="141.712452" lbRx="0" />
<p fId="2" fbTx="141.7123969" lbTx="141.7124454" tId="0" fbRx="141.712452" lbRx="0" />
<p fId="2" fbTx="141.7123969" lbTx="141.7124454" tId="1" fbRx="141.712452" lbRx="0" />
<p fId="2" fbTx="141.7124554" lbTx="141.7125039" tId="0" fbRx="141.7125104" lbRx="0" />
<p fId="2" fbTx="141.7124554" lbTx="141.7125039" tId="0" fbRx="141.7125104" lbRx="0" />
<p fId="2" fbTx="141.7124554" lbTx="141.7125039" tId="1" fbRx="141.7125104" lbRx="0" />
<p fId="2" fbTx="141.7125138" lbTx="141.7125623" tId="0" fbRx="141.7125689" lbRx="0" />
<p fId="2" fbTx="141.7125138" lbTx="141.7125623" tId="0" fbRx="141.7125689" lbRx="0" />
<p fId="2" fbTx="141.7125138" lbTx="141.7125623" tId="1" fbRx="141.7125689" lbRx="0" />
<p fId="2" fbTx="141.7125763" lbTx="141.7126247" tId="0" fbRx="141.7126313" lbRx="0" />
<p fId="2" fbTx="141.7125763" lbTx="141.7126247" tId="0" fbRx="141.7126313" lbRx="0" />
<p fId="2" fbTx="141.7125763" lbTx="141.7126247" tId="1" fbRx="141.7126313" lbRx="0" />
<p fId="2" fbTx="141.7126427" lbTx="141.7126912" tId="0" fbRx="141.7126977" lbRx="0" />
<p fId="2" fbTx="141.7126427" lbTx="141.7126912" tId="0" fbRx="141.7126977" lbRx="0" />
<p fId="2" fbTx="141.7126427" lbTx="141.7126912" tId="1" fbRx="141.7126977" lbRx="0" />
<p fId="2" fbTx="141.7127041" lbTx="141.7127526" tId="0" fbRx="141.7127592" lbRx="0" />
<p fId="2" fbTx="141.7127041" lbTx="141.7127526" tId="0" fbRx="141.7127592" lbRx="0" />
<p fId="2" fbTx="141.7127041" lbTx="141.7127526" tId="1" fbRx="141.7127592" lbRx="0" />
<p fId="2" fbTx="141.7127616" lbTx="141.7128101" tId="0" fbRx="141.7128166" lbRx="0" />
<p fId="2" fbTx="141.7127616" lbTx="141.7128101" tId="0" fbRx="141.7128166" lbRx="0" />
<p fId="2" fbTx="141.7127616" lbTx="141.7128101" tId="1" fbRx="141.7128166" lbRx="0" />
<p fId="2" fbTx="141.712817" lbTx="141.7128655" tId="0" fbRx="141.7128721" lbRx="0" />
<p fId="2" fbTx="141.712817" lbTx="141.7128655" tId="0" fbRx="141.7128721" lbRx="0" />
<p fId="2" fbTx="141.712817" lbTx="141.7128655" tId="1" fbRx="141.7128721" lbRx="0" />
<p fId="2" fbTx="141.7128725" lbTx="141.7129209" tId="0" fbRx="141.7129275" lbRx="0" />
<p fId="2" fbTx="141.7128725" lbTx="141.7129209" tId="0" fbRx="141.7129275" lbRx="0" />
<p fId="2" fbTx="141.7128725" lbTx="141.7129209" tId="1" fbRx="141.7129275" lbRx="0" />
<p fId="2" fbTx="141.7129279" lbTx="141.7129764" tId="0" fbRx="141.7129829" lbRx="0" />
<p fId="2" fbTx="141.7129279" lbTx="141.7129764" tId="0" fbRx="141.7129829" lbRx="0" />
<p fId="2" fbTx="141.7129279" lbTx="141.7129764" tId="1" fbRx="141.7129829" lbRx="0" />
<p fId="2" fbTx="141.7129853" lbTx="141.7130338" tId="0" fbRx="141.7130404" lbRx="0" />
<p fId="2" fbTx="141.7129853" lbTx="141.7130338" tId="0" fbRx="141.7130404" lbRx="0" />
<p fId="2" fbTx="141.7129853" lbTx="141.7130338" tId="1" fbRx="141.7130404" lbRx="0" />
<p fId="2" fbTx="141.7130478" lbTx="141.7130963" tId="0" fbRx="141.7131028" lbRx="0" />
<p fId="2" fbTx="141.7130478" lbTx="141.7130963" tId="0" fbRx="141.7131028" lbRx="0" />
<p fId="2" fbTx="141.7130478" lbTx="141.7130963" tId="1" fbRx="141.7131028" lbRx="0" />
<p fId="2" fbTx="141.7131062" lbTx="141.7131547" tId="0" fbRx="141.7131613" lbRx="0" />
<p fId="2" fbTx="141.7131062" lbTx="141.7131547" tId="0" fbRx="141.7131613" lbRx="0" />
<p fId="2" fbTx="141.7131062" lbTx="141.7131547" tId="1" fbRx="141.7131613" lbRx="0" />
<p fId="2" fbTx="141.7131657" lbTx="141.7132141" tId="0" fbRx="141.7132207" lbRx="0" />
<p fId="2" fbTx="141.7131657" lbTx="141.7132141" tId="0" fbRx="141.7132207" lbRx="0" />
<p fId="2" fbTx="141.7131657" lbTx="141.7132141" tId="1" fbRx="141.7132207" lbRx="0" />
<p fId="2" fbTx="141.7132211" lbTx="141.7132696" tId="0" fbRx="141.7132761" lbRx="0" />
<p fId="2" fbTx="141.7132211" lbTx="141.7132696" tId="0" fbRx="141.7132761" lbRx="0" />
<p fId="2" fbTx="141.7132211" lbTx="141.7132696" tId="1" fbRx="141.7132761" lbRx="0" />
<p fId="2" fbTx="141.7132825" lbTx="141.713331" tId="0" fbRx="141.7133376" lbRx="0" />
<p fId="2" fbTx="141.7132825" lbTx="141.713331" tId="0" fbRx="141.7133376" lbRx="0" />
<p fId="2" fbTx="141.7132825" lbTx="141.713331" tId="1" fbRx="141.7133376" lbRx="0" />
<p fId="2" fbTx="141.713341" lbTx="141.7133895" tId="0" fbRx="141.713396" lbRx="0" />
<p fId="2" fbTx="141.713341" lbTx="141.7133895" tId="0" fbRx="141.713396" lbRx="0" />
<p fId="2" fbTx="141.713341" lbTx="141.7133895" tId="1" fbRx="141.713396" lbRx="0" />
<p fId="0" fbTx="141.7133996" lbTx="141.7134052" tId="1" fbRx="141.7134118" lbRx="0" />
<p fId="0" fbTx="141.7133996" lbTx="141.7134052" tId="2" fbRx="141.7134118" lbRx="0" />
<p fId="0" fbTx="141.7133996" lbTx="141.7134052" tId="2" fbRx="141.7134118" lbRx="0" />
<p fId="2" fbTx="141.7134134" lbTx="141.7134619" tId="0" fbRx="141.7134685" lbRx="0" />
<p fId="2" fbTx="141.7134134" lbTx="141.7134619" tId="0" fbRx="141.7134685" lbRx="0" />
<p fId="2" fbTx="141.7134134" lbTx="141.7134619" tId="1" fbRx="141.7134685" lbRx="0" />
<p fId="2" fbTx="141.7134689" lbTx="141.7135173" tId="0" fbRx="141.7135239" lbRx="0" />
<p fId="2" fbTx="141.7134689" lbTx="141.7135173" tId="0" fbRx="141.7135239" lbRx="0" />
<p fId="2" fbTx="141.7134689" lbTx="141.7135173" tId="1" fbRx="141.7135239" lbRx="0" />
<p fId="2" fbTx="141.7135333" lbTx="141.7135818" tId="0" fbRx="141.7135883" lbRx="0" />
<p fId="2" fbTx="141.7135333" lbTx="141.7135818" tId="0" fbRx="141.7135883" lbRx="0" />
<p fId="2" fbTx="141.7135333" lbTx="141.7135818" tId="1" fbRx="141.7135883" lbRx="0" />
<p fId="2" fbTx="141.7135987" lbTx="141.7136472" tId="0" fbRx="141.7136538" lbRx="0" />
<p fId="2" fbTx="141.7135987" lbTx="141.7136472" tId="0" fbRx="141.7136538" lbRx="0" />
<p fId="2" fbTx="141.7135987" lbTx="141.7136472" tId="1" fbRx="141.7136538" lbRx="0" />
<p fId="2" fbTx="141.7136642" lbTx="141.7137127" tId="0" fbRx="141.7137192" lbRx="0" />
<p fId="2" fbTx="141.7136642" lbTx="141.7137127" tId="0" fbRx="141.7137192" lbRx="0" />
<p fId="2" fbTx="141.7136642" lbTx="141.7137127" tId="1" fbRx="141.7137192" lbRx="0" />
<p fId="2" fbTx="141.7137216" lbTx="141.7137701" tId="0" fbRx="141.7137767" lbRx="0" />
<p fId="2" fbTx="141.7137216" lbTx="141.7137701" tId="0" fbRx="141.7137767" lbRx="0" />
<p fId="2" fbTx="141.7137216" lbTx="141.7137701" tId="1" fbRx="141.7137767" lbRx="0" />
<p fId="2" fbTx="141.7137871" lbTx="141.7138355" tId="0" fbRx="141.7138421" lbRx="0" />
<p fId="2" fbTx="141.7137871" lbTx="141.7138355" tId="0" fbRx="141.7138421" lbRx="0" />
<p fId="2" fbTx="141.7137871" lbTx="141.7138355" tId="1" fbRx="141.7138421" lbRx="0" />
<p fId="2" fbTx="141.7138435" lbTx="141.713892" tId="0" fbRx="141.7138985" lbRx="0" />
<p fId="2" fbTx="141.7138435" lbTx="141.713892" tId="0" fbRx="141.7138985" lbRx="0" />
<p fId="2" fbTx="141.7138435" lbTx="141.713892" tId="1" fbRx="141.7138985" lbRx="0" />
<p fId="2" fbTx="141.7139089" lbTx="141.7139574" tId="0" fbRx="141.713964" lbRx="0" />
<p fId="2" fbTx="141.7139089" lbTx="141.7139574" tId="0" fbRx="141.713964" lbRx="0" />
<p fId="2" fbTx="141.7139089" lbTx="141.7139574" tId="1" fbRx="141.713964" lbRx="0" />
<p fId="2" fbTx="141.7139654" lbTx="141.7140139" tId="0" fbRx="141.7140204" lbRx="0" />
<p fId="2" fbTx="141.7139654" lbTx="141.7140139" tId="0" fbRx="141.7140204" lbRx="0" />
<p fId="2" fbTx="141.7139654" lbTx="141.7140139" tId="1" fbRx="141.7140204" lbRx="0" />
<p fId="2" fbTx="141.7140338" lbTx="141.7140823" tId="0" fbRx="141.7140889" lbRx="0" />
<p fId="2" fbTx="141.7140338" lbTx="141.7140823" tId="0" fbRx="141.7140889" lbRx="0" />
<p fId="2" fbTx="141.7140338" lbTx="141.7140823" tId="1" fbRx="141.7140889" lbRx="0" />
<p fId="2" fbTx="141.7140893" lbTx="141.7141377" tId="0" fbRx="141.7141443" lbRx="0" />
<p fId="2" fbTx="141.7140893" lbTx="141.7141377" tId="0" fbRx="141.7141443" lbRx="0" />
<p fId="2" fbTx="141.7140893" lbTx="141.7141377" tId="1" fbRx="141.7141443" lbRx="0" />
<p fId="2" fbTx="141.7141447" lbTx="141.7141932" tId="0" fbRx="141.7141997" lbRx="0" />
<p fId="2" fbTx="141.7141447" lbTx="141.7141932" tId="0" fbRx="141.7141997" lbRx="0" />
<p fId="2" fbTx="141.7141447" lbTx="141.7141932" tId="1" fbRx="141.7141997" lbRx="0" />
<p fId="2" fbTx="141.7142021" lbTx="141.7142506" tId="0" fbRx="141.7142572" lbRx="0" />
<p fId="2" fbTx="141.7142021" lbTx="141.7142506" tId="0" fbRx="141.7142572" lbRx="0" />
<p fId="2" fbTx="141.7142021" lbTx="141.7142506" tId="1" fbRx="141.7142572" lbRx="0" />
<p fId="2" fbTx="141.7142586" lbTx="141.7143071" tId="0" fbRx="141.7143136" lbRx="0" />
<p fId="2" fbTx="141.7142586" lbTx="141.7143071" tId="0" fbRx="141.7143136" lbRx="0" />
<p fId="2" fbTx="141.7142586" lbTx="141.7143071" tId="1" fbRx="141.7143136" lbRx="0" />
<p fId="2" fbTx="141.714316" lbTx="141.7143645" tId="0" fbRx="141.7143711" lbRx="0" />
<p fId="2" fbTx="141.714316" lbTx="141.7143645" tId="0" fbRx="141.7143711" lbRx="0" />
<p fId="2" fbTx="141.714316" lbTx="141.7143645" tId="1" fbRx="141.7143711" lbRx="0" />
<p fId="2" fbTx="141.7143765" lbTx="141.7144249" tId="0" fbRx="141.7144315" lbRx="0" />
<p fId="2" fbTx="141.7143765" lbTx="141.7144249" tId="0" fbRx="141.7144315" lbRx="0" />
<p fId="2" fbTx="141.7143765" lbTx="141.7144249" tId="1" fbRx="141.7144315" lbRx="0" />
<p fId="2" fbTx="141.7144319" lbTx="141.7144804" tId="0" fbRx="141.7144869" lbRx="0" />
<p fId="2" fbTx="141.7144319" lbTx="141.7144804" tId="0" fbRx="141.7144869" lbRx="0" />
<p fId="2" fbTx="141.7144319" lbTx="141.7144804" tId="1" fbRx="141.7144869" lbRx="0" />
<p fId="2" fbTx="141.7144903" lbTx="141.7145388" tId="0" fbRx="141.7145454" lbRx="0" />
<p fId="2" fbTx="141.7144903" lbTx="141.7145388" tId="0" fbRx="141.7145454" lbRx="0" />
<p fId="2" fbTx="141.7144903" lbTx="141.7145388" tId="1" fbRx="141.7145454" lbRx="0" />
<p fId="2" fbTx="141.7145488" lbTx="141.7145973" tId="0" fbRx="141.7146038" lbRx="0" />
<p fId="2" fbTx="141.7145488" lbTx="141.7145973" tId="0" fbRx="141.7146038" lbRx="0" />
<p fId="2" fbTx="141.7145488" lbTx="141.7145973" tId="1" fbRx="141.7146038" lbRx="0" />
<p fId="2" fbTx="141.7146072" lbTx="141.7146557" tId="0" fbRx="141.7146623" lbRx="0" />
<p fId="2" fbTx="141.7146072" lbTx="141.7146557" tId="0" fbRx="141.7146623" lbRx="0" />
<p fId="2" fbTx="141.7146072" lbTx="141.7146557" tId="1" fbRx="141.7146623" lbRx="0" />
<p fId="2" fbTx="141.7146727" lbTx="141.7147211" tId="0" fbRx="141.7147277" lbRx="0" />
<p fId="2" fbTx="141.7146727" lbTx="141.7147211" tId="0" fbRx="141.7147277" lbRx="0" />
<p fId="2" fbTx="141.7146727" lbTx="141.7147211" tId="1" fbRx="141.7147277" lbRx="0" />
<p fId="2" fbTx="141.7147301" lbTx="141.7147786" tId="0" fbRx="141.7147851" lbRx="0" />
<p fId="2" fbTx="141.7147301" lbTx="141.7147786" tId="0" fbRx="141.7147851" lbRx="0" />
<p fId="2" fbTx="141.7147301" lbTx="141.7147786" tId="1" fbRx="141.7147851" lbRx="0" />
<p fId="2" fbTx="141.7147875" lbTx="141.714836" tId="0" fbRx="141.7148426" lbRx="0" />
<p fId="2" fbTx="141.7147875" lbTx="141.714836" tId="0" fbRx="141.7148426" lbRx="0" />
<p fId="2" fbTx="141.7147875" lbTx="141.714836" tId="1" fbRx="141.7148426" lbRx="0" />
<p fId="2" fbTx="141.714844" lbTx="141.7148925" tId="0" fbRx="141.714899" lbRx="0" />
<p fId="2" fbTx="141.714844" lbTx="141.7148925" tId="0" fbRx="141.714899" lbRx="0" />
<p fId="2" fbTx="141.714844" lbTx="141.7148925" tId="1" fbRx="141.714899" lbRx="0" />
<p fId="2" fbTx="141.7149094" lbTx="141.7149579" tId="0" fbRx="141.7149645" lbRx="0" />
<p fId="2" fbTx="141.7149094" lbTx="141.7149579" tId="0" fbRx="141.7149645" lbRx="0" />
<p fId="2" fbTx="141.7149094" lbTx="141.7149579" tId="1" fbRx="141.7149645" lbRx="0" />
<p fId="2" fbTx="141.7149659" lbTx="141.7150143" tId="0" fbRx="141.7150209" lbRx="0" />
<p fId="2" fbTx="141.7149659" lbTx="141.7150143" tId="0" fbRx="141.7150209" lbRx="0" />
<p fId="2" fbTx="141.7149659" lbTx="141.7150143" tId="1" fbRx="141.7150209" lbRx="0" />
<p fId="2" fbTx="141.7150213" lbTx="141.7150698" tId="0" fbRx="141.7150763" lbRx="0" />
<p fId="2" fbTx="141.7150213" lbTx="141.7150698" tId="0" fbRx="141.7150763" lbRx="0" />
<p fId="2" fbTx="141.7150213" lbTx="141.7150698" tId="1" fbRx="141.7150763" lbRx="0" />
<p fId="2" fbTx="141.7150787" lbTx="141.7151272" tId="0" fbRx="141.7151338" lbRx="0" />
<p fId="2" fbTx="141.7150787" lbTx="141.7151272" tId="0" fbRx="141.7151338" lbRx="0" />
<p fId="2" fbTx="141.7150787" lbTx="141.7151272" tId="1" fbRx="141.7151338" lbRx="0" />
<p fId="2" fbTx="141.7151342" lbTx="141.7151827" tId="0" fbRx="141.7151892" lbRx="0" />
<p fId="2" fbTx="141.7151342" lbTx="141.7151827" tId="0" fbRx="141.7151892" lbRx="0" />
<p fId="2" fbTx="141.7151342" lbTx="141.7151827" tId="1" fbRx="141.7151892" lbRx="0" />
<p fId="2" fbTx="141.7151906" lbTx="141.7152391" tId="0" fbRx="141.7152457" lbRx="0" />
<p fId="2" fbTx="141.7151906" lbTx="141.7152391" tId="0" fbRx="141.7152457" lbRx="0" />
<p fId="2" fbTx="141.7151906" lbTx="141.7152391" tId="1" fbRx="141.7152457" lbRx="0" />
<p fId="2" fbTx="141.7152471" lbTx="141.7152955" tId="0" fbRx="141.7153021" lbRx="0" />
<p fId="2" fbTx="141.7152471" lbTx="141.7152955" tId="0" fbRx="141.7153021" lbRx="0" />
<p fId="2" fbTx="141.7152471" lbTx="141.7152955" tId="1" fbRx="141.7153021" lbRx="0" />
<p fId="2" fbTx="141.7153035" lbTx="141.715352" tId="0" fbRx="141.7153585" lbRx="0" />
<p fId="2" fbTx="141.7153035" lbTx="141.715352" tId="0" fbRx="141.7153585" lbRx="0" />
<p fId="2" fbTx="141.7153035" lbTx="141.715352" tId="1" fbRx="141.7153585" lbRx="0" />
<p fId="2" fbTx="141.7153609" lbTx="141.7154094" tId="0" fbRx="141.715416" lbRx="0" />
<p fId="2" fbTx="141.7153609" lbTx="141.7154094" tId="0" fbRx="141.715416" lbRx="0" />
<p fId="2" fbTx="141.7153609" lbTx="141.7154094" tId="1" fbRx="141.715416" lbRx="0" />
<p fId="2" fbTx="141.7154214" lbTx="141.7154699" tId="0" fbRx="141.7154764" lbRx="0" />
<p fId="2" fbTx="141.7154214" lbTx="141.7154699" tId="0" fbRx="141.7154764" lbRx="0" />
<p fId="2" fbTx="141.7154214" lbTx="141.7154699" tId="1" fbRx="141.7154764" lbRx="0" />
<p fId="2" fbTx="141.7154848" lbTx="141.7155333" tId="0" fbRx="141.7155399" lbRx="0" />
<p fId="2" fbTx="141.7154848" lbTx="141.7155333" tId="0" fbRx="141.7155399" lbRx="0" />
<p fId="2" fbTx="141.7154848" lbTx="141.7155333" tId="1" fbRx="141.7155399" lbRx="0" />
<p fId="2" fbTx="141.7155433" lbTx="141.7155917" tId="0" fbRx="141.7155983" lbRx="0" />
<p fId="2" fbTx="141.7155433" lbTx="141.7155917" tId="0" fbRx="141.7155983" lbRx="0" />
<p fId="2" fbTx="141.7155433" lbTx="141.7155917" tId="1" fbRx="141.7155983" lbRx="0" />
<p fId="2" fbTx="141.7156007" lbTx="141.7156492" tId="0" fbRx="141.7156557" lbRx="0" />
<p fId="2" fbTx="141.7156007" lbTx="141.7156492" tId="0" fbRx="141.7156557" lbRx="0" />
<p fId="2" fbTx="141.7156007" lbTx="141.7156492" tId="1" fbRx="141.7156557" lbRx="0" />
<p fId="2" fbTx="141.7156681" lbTx="141.7157166" tId="0" fbRx="141.7157232" lbRx="0" />
<p fId="2" fbTx="141.7156681" lbTx="141.7157166" tId="0" fbRx="141.7157232" lbRx="0" />
<p fId="2" fbTx="141.7156681" lbTx="141.7157166" tId="1" fbRx="141.7157232" lbRx="0" />
<p fId="2" fbTx="141.7157236" lbTx="141.7157721" tId="0" fbRx="141.7157786" lbRx="0" />
<p fId="2" fbTx="141.7157236" lbTx="141.7157721" tId="0" fbRx="141.7157786" lbRx="0" />
<p fId="2" fbTx="141.7157236" lbTx="141.7157721" tId="1" fbRx="141.7157786" lbRx="0" />
<p fId="2" fbTx="141.715787" lbTx="141.7158355" tId="0" fbRx="141.7158421" lbRx="0" />
<p fId="2" fbTx="141.715787" lbTx="141.7158355" tId="0" fbRx="141.7158421" lbRx="0" />
<p fId="2" fbTx="141.715787" lbTx="141.7158355" tId="1" fbRx="141.7158421" lbRx="0" />
<p fId="2" fbTx="141.7158445" lbTx="141.7158929" tId="0" fbRx="141.7158995" lbRx="0" />
<p fId="2" fbTx="141.7158445" lbTx="141.7158929" tId="0" fbRx="141.7158995" lbRx="0" />
<p fId="2" fbTx="141.7158445" lbTx="141.7158929" tId="1" fbRx="141.7158995" lbRx="0" />
<p fId="2" fbTx="141.7158999" lbTx="141.7159484" tId="0" fbRx="141.7159549" lbRx="0" />
<p fId="2" fbTx="141.7158999" lbTx="141.7159484" tId="0" fbRx="141.7159549" lbRx="0" />
<p fId="2" fbTx="141.7158999" lbTx="141.7159484" tId="1" fbRx="141.7159549" lbRx="0" />
<p fId="2" fbTx="141.7159553" lbTx="141.7160038" tId="0" fbRx="141.7160104" lbRx="0" />
<p fId="2" fbTx="141.7159553" lbTx="141.7160038" tId="0" fbRx="141.7160104" lbRx="0" />
<p fId="2" fbTx="141.7159553" lbTx="141.7160038" tId="1" fbRx="141.7160104" lbRx="0" />
<p fId="2" fbTx="141.7160168" lbTx="141.7160653" tId="0" fbRx="141.7160718" lbRx="0" />
<p fId="2" fbTx="141.7160168" lbTx="141.7160653" tId="0" fbRx="141.7160718" lbRx="0" />
<p fId="2" fbTx="141.7160168" lbTx="141.7160653" tId="1" fbRx="141.7160718" lbRx="0" />
<p fId="2" fbTx="141.7160742" lbTx="141.7161227" tId="0" fbRx="141.7161293" lbRx="0" />
<p fId="2" fbTx="141.7160742" lbTx="141.7161227" tId="0" fbRx="141.7161293" lbRx="0" />
<p fId="2" fbTx="141.7160742" lbTx="141.7161227" tId="1" fbRx="141.7161293" lbRx="0" />
<p fId="2" fbTx="141.7161307" lbTx="141.7161791" tId="0" fbRx="141.7161857" lbRx="0" />
<p fId="2" fbTx="141.7161307" lbTx="141.7161791" tId="0" fbRx="141.7161857" lbRx="0" />
<p fId="2" fbTx="141.7161307" lbTx="141.7161791" tId="1" fbRx="141.7161857" lbRx="0" />
<p fId="2" fbTx="141.7161871" lbTx="141.7162356" tId="0" fbRx="141.7162421" lbRx="0" />
<p fId="2" fbTx="141.7161871" lbTx="141.7162356" tId="0" fbRx="141.7162421" lbRx="0" />
<p fId="2" fbTx="141.7161871" lbTx="141.7162356" tId="1" fbRx="141.7162421" lbRx="0" />
<p fId="2" fbTx="141.7162525" lbTx="141.716301" tId="0" fbRx="141.7163076" lbRx="0" />
<p fId="2" fbTx="141.7162525" lbTx="141.716301" tId="0" fbRx="141.7163076" lbRx="0" />
<p fId="2" fbTx="141.7162525" lbTx="141.716301" tId="1" fbRx="141.7163076" lbRx="0" />
<p fId="2" fbTx="141.716308" lbTx="141.7163565" tId="0" fbRx="141.716363" lbRx="0" />
<p fId="2" fbTx="141.716308" lbTx="141.7163565" tId="0" fbRx="141.716363" lbRx="0" />
<p fId="2" fbTx="141.716308" lbTx="141.7163565" tId="1" fbRx="141.716363" lbRx="0" />
<p fId="2" fbTx="141.7163664" lbTx="141.7164149" tId="0" fbRx="141.7164215" lbRx="0" />
<p fId="2" fbTx="141.7163664" lbTx="141.7164149" tId="0" fbRx="141.7164215" lbRx="0" />
<p fId="2" fbTx="141.7163664" lbTx="141.7164149" tId="1" fbRx="141.7164215" lbRx="0" />
<p fId="2" fbTx="141.7164229" lbTx="141.7164713" tId="0" fbRx="141.7164779" lbRx="0" />
<p fId="2" fbTx="141.7164229" lbTx="141.7164713" tId="0" fbRx="141.7164779" lbRx="0" />
<p fId="2" fbTx="141.7164229" lbTx="141.7164713" tId="1" fbRx="141.7164779" lbRx="0" />
<p fId="2" fbTx="141.7164813" lbTx="141.7165298" tId="0" fbRx="141.7165363" lbRx="0" />
<p fId="2" fbTx="141.7164813" lbTx="141.7165298" tId="0" fbRx="141.7165363" lbRx="0" />
<p fId="2" fbTx="141.7164813" lbTx="141.7165298" tId="1" fbRx="141.7165363" lbRx="0" />
<p fId="2" fbTx="141.7165387" lbTx="141.7165872" tId="0" fbRx="141.7165938" lbRx="0" />
<p fId="2" fbTx="141.7165387" lbTx="141.7165872" tId="0" fbRx="141.7165938" lbRx="0" />
<p fId="2" fbTx="141.7165387" lbTx="141.7165872" tId="1" fbRx="141.7165938" lbRx="0" />
<p fId="2" fbTx="141.7165962" lbTx="141.7166447" tId="0" fbRx="141.7166512" lbRx="0" />
<p fId="2" fbTx="141.7165962" lbTx="141.7166447" tId="0" fbRx="141.7166512" lbRx="0" />
<p fId="2" fbTx="141.7165962" lbTx="141.7166447" tId="1" fbRx="141.7166512" lbRx="0" />
<p fId="2" fbTx="141.7166566" lbTx="141.7167051" tId="0" fbRx="141.7167117" lbRx="0" />
<p fId="2" fbTx="141.7166566" lbTx="141.7167051" tId="0" fbRx="141.7167117" lbRx="0" />
<p fId="2" fbTx="141.7166566" lbTx="141.7167051" tId="1" fbRx="141.7167117" lbRx="0" />
<p fId="2" fbTx="141.7167211" lbTx="141.7167695" tId="0" fbRx="141.7167761" lbRx="0" />
<p fId="2" fbTx="141.7167211" lbTx="141.7167695" tId="0" fbRx="141.7167761" lbRx="0" />
<p fId="2" fbTx="141.7167211" lbTx="141.7167695" tId="1" fbRx="141.7167761" lbRx="0" />
<p fId="2" fbTx="141.7167785" lbTx="141.716827" tId="0" fbRx="141.7168335" lbRx="0" />
<p fId="2" fbTx="141.7167785" lbTx="141.716827" tId="0" fbRx="141.7168335" lbRx="0" />
<p fId="2" fbTx="141.7167785" lbTx="141.716827" tId="1" fbRx="141.7168335" lbRx="0" />
<p fId="2" fbTx="141.7168349" lbTx="141.7168834" tId="0" fbRx="141.71689" lbRx="0" />
<p fId="2" fbTx="141.7168349" lbTx="141.7168834" tId="0" fbRx="141.71689" lbRx="0" />
<p fId="2" fbTx="141.7168349" lbTx="141.7168834" tId="1" fbRx="141.71689" lbRx="0" />
<p fId="2" fbTx="141.7168904" lbTx="141.7169389" tId="0" fbRx="141.7169454" lbRx="0" />
<p fId="2" fbTx="141.7168904" lbTx="141.7169389" tId="0" fbRx="141.7169454" lbRx="0" />
<p fId="2" fbTx="141.7168904" lbTx="141.7169389" tId="1" fbRx="141.7169454" lbRx="0" />
<p fId="2" fbTx="141.7169488" lbTx="141.7169973" tId="0" fbRx="141.7170039" lbRx="0" />
<p fId="2" fbTx="141.7169488" lbTx="141.7169973" tId="0" fbRx="141.7170039" lbRx="0" />
<p fId="2" fbTx="141.7169488" lbTx="141.7169973" tId="1" fbRx="141.7170039" lbRx="0" />
<p fId="2" fbTx="141.7170053" lbTx="141.7170537" tId="0" fbRx="141.7170603" lbRx="0" />
<p fId="2" fbTx="141.7170053" lbTx="141.7170537" tId="0" fbRx="141.7170603" lbRx="0" />
<p fId="2" fbTx="141.7170053" lbTx="141.7170537" tId="1" fbRx="141.7170603" lbRx="0" />
<p fId="2" fbTx="141.7170617" lbTx="141.7171102" tId="0" fbRx="141.7171167" lbRx="0" />
<p fId="2" fbTx="141.7170617" lbTx="141.7171102" tId="0" fbRx="141.7171167" lbRx="0" />
<p fId="2" fbTx="141.7170617" lbTx="141.7171102" tId="1" fbRx="141.7171167" lbRx="0" />
<p fId="2" fbTx="141.7171231" lbTx="141.7171716" tId="0" fbRx="141.7171782" lbRx="0" />
<p fId="2" fbTx="141.7171231" lbTx="141.7171716" tId="0" fbRx="141.7171782" lbRx="0" />
<p fId="2" fbTx="141.7171231" lbTx="141.7171716" tId="1" fbRx="141.7171782" lbRx="0" />
<p fId="2" fbTx="141.7171816" lbTx="141.7172301" tId="0" fbRx="141.7172366" lbRx="0" />
<p fId="2" fbTx="141.7171816" lbTx="141.7172301" tId="0" fbRx="141.7172366" lbRx="0" />
<p fId="2" fbTx="141.7171816" lbTx="141.7172301" tId="1" fbRx="141.7172366" lbRx="0" />
<p fId="2" fbTx="141.717238" lbTx="141.7172865" tId="0" fbRx="141.7172931" lbRx="0" />
<p fId="2" fbTx="141.717238" lbTx="141.7172865" tId="0" fbRx="141.7172931" lbRx="0" />
<p fId="2" fbTx="141.717238" lbTx="141.7172865" tId="1" fbRx="141.7172931" lbRx="0" />
<p fId="2" fbTx="141.7172955" lbTx="141.7173439" tId="0" fbRx="141.7173505" lbRx="0" />
<p fId="2" fbTx="141.7172955" lbTx="141.7173439" tId="0" fbRx="141.7173505" lbRx="0" />
<p fId="2" fbTx="141.7172955" lbTx="141.7173439" tId="1" fbRx="141.7173505" lbRx="0" />
<p fId="2" fbTx="141.7173509" lbTx="141.7173994" tId="0" fbRx="141.7174059" lbRx="0" />
<p fId="2" fbTx="141.7173509" lbTx="141.7173994" tId="0" fbRx="141.7174059" lbRx="0" />
<p fId="2" fbTx="141.7173509" lbTx="141.7173994" tId="1" fbRx="141.7174059" lbRx="0" />
<p fId="2" fbTx="141.7174093" lbTx="141.7174353" tId="0" fbRx="141.7174419" lbRx="0" />
<p fId="2" fbTx="141.7174093" lbTx="141.7174353" tId="0" fbRx="141.7174419" lbRx="0" />
<p fId="2" fbTx="141.7174093" lbTx="141.7174353" tId="1" fbRx="141.7174419" lbRx="0" />
<p fId="0" fbTx="141.7179482" lbTx="141.7179538" tId="1" fbRx="141.7179603" lbRx="0" />
<p fId="0" fbTx="141.7179482" lbTx="141.7179538" tId="2" fbRx="141.7179603" lbRx="0" />
<p fId="0" fbTx="141.7179482" lbTx="141.7179538" tId="2" fbRx="141.7179603" lbRx="0" />
<p fId="0" fbTx="141.7179647" lbTx="141.7179703" tId="1" fbRx="141.7179769" lbRx="0" />
<p fId="0" fbTx="141.7179647" lbTx="141.7179703" tId="2" fbRx="141.7179769" lbRx="0" />
<p fId="0" fbTx="141.7179647" lbTx="141.7179703" tId="2" fbRx="141.7179769" lbRx="0" />
<p fId="0" fbTx="141.7179863" lbTx="141.7179919" tId="1" fbRx="141.7179985" lbRx="0" />
<p fId="0" fbTx="141.7179863" lbTx="141.7179919" tId="2" fbRx="141.7179985" lbRx="0" />
<p fId="0" fbTx="141.7179863" lbTx="141.7179919" tId="2" fbRx="141.7179985" lbRx="0" />
<p fId="0" fbTx="141.7180019" lbTx="141.7180075" tId="1" fbRx="141.718014" lbRx="0" />
<p fId="0" fbTx="141.7180019" lbTx="141.7180075" tId="2" fbRx="141.718014" lbRx="0" />
<p fId="0" fbTx="141.7180019" lbTx="141.7180075" tId="2" fbRx="141.718014" lbRx="0" />
<p fId="0" fbTx="141.7180234" lbTx="141.718029" tId="1" fbRx="141.7180356" lbRx="0" />
<p fId="0" fbTx="141.7180234" lbTx="141.718029" tId="2" fbRx="141.7180356" lbRx="0" />
<p fId="0" fbTx="141.7180234" lbTx="141.718029" tId="2" fbRx="141.7180356" lbRx="0" />
<p fId="0" fbTx="141.718036" lbTx="141.7180416" tId="1" fbRx="141.7180481" lbRx="0" />
<p fId="0" fbTx="141.718036" lbTx="141.7180416" tId="2" fbRx="141.7180481" lbRx="0" />
<p fId="0" fbTx="141.718036" lbTx="141.7180416" tId="2" fbRx="141.7180481" lbRx="0" />
<p fId="0" fbTx="141.7180495" lbTx="141.7180551" tId="1" fbRx="141.7180617" lbRx="0" />
<p fId="0" fbTx="141.7180495" lbTx="141.7180551" tId="2" fbRx="141.7180617" lbRx="0" />
<p fId="0" fbTx="141.7180495" lbTx="141.7180551" tId="2" fbRx="141.7180617" lbRx="0" />
<p fId="0" fbTx="141.7180651" lbTx="141.7180707" tId="1" fbRx="141.7180773" lbRx="0" />
<p fId="0" fbTx="141.7180651" lbTx="141.7180707" tId="2" fbRx="141.7180773" lbRx="0" />
<p fId="0" fbTx="141.7180651" lbTx="141.7180707" tId="2" fbRx="141.7180773" lbRx="0" />
<p fId="0" fbTx="141.7180857" lbTx="141.7180913" tId="1" fbRx="141.7180978" lbRx="0" />
<p fId="0" fbTx="141.7180857" lbTx="141.7180913" tId="2" fbRx="141.7180978" lbRx="0" />
<p fId="0" fbTx="141.7180857" lbTx="141.7180913" tId="2" fbRx="141.7180978" lbRx="0" />
<p fId="0" fbTx="141.7181012" lbTx="141.7181068" tId="1" fbRx="141.7181134" lbRx="0" />
<p fId="0" fbTx="141.7181012" lbTx="141.7181068" tId="2" fbRx="141.7181134" lbRx="0" />
<p fId="0" fbTx="141.7181012" lbTx="141.7181068" tId="2" fbRx="141.7181134" lbRx="0" />
<p fId="0" fbTx="141.7181138" lbTx="141.7181194" tId="1" fbRx="141.7181259" lbRx="0" />
<p fId="0" fbTx="141.7181138" lbTx="141.7181194" tId="2" fbRx="141.7181259" lbRx="0" />
<p fId="0" fbTx="141.7181138" lbTx="141.7181194" tId="2" fbRx="141.7181259" lbRx="0" />
<p fId="0" fbTx="141.7181293" lbTx="141.7181349" tId="1" fbRx="141.7181415" lbRx="0" />
<p fId="0" fbTx="141.7181293" lbTx="141.7181349" tId="2" fbRx="141.7181415" lbRx="0" />
<p fId="0" fbTx="141.7181293" lbTx="141.7181349" tId="2" fbRx="141.7181415" lbRx="0" />
<p fId="0" fbTx="141.7181429" lbTx="141.7181485" tId="1" fbRx="141.7181551" lbRx="0" />
<p fId="0" fbTx="141.7181429" lbTx="141.7181485" tId="2" fbRx="141.7181551" lbRx="0" />
<p fId="0" fbTx="141.7181429" lbTx="141.7181485" tId="2" fbRx="141.7181551" lbRx="0" />
<p fId="0" fbTx="141.7181575" lbTx="141.7181631" tId="1" fbRx="141.7181696" lbRx="0" />
<p fId="0" fbTx="141.7181575" lbTx="141.7181631" tId="2" fbRx="141.7181696" lbRx="0" />
<p fId="0" fbTx="141.7181575" lbTx="141.7181631" tId="2" fbRx="141.7181696" lbRx="0" />
<p fId="0" fbTx="141.71817" lbTx="141.7181756" tId="1" fbRx="141.7181822" lbRx="0" />
<p fId="0" fbTx="141.71817" lbTx="141.7181756" tId="2" fbRx="141.7181822" lbRx="0" />
<p fId="0" fbTx="141.71817" lbTx="141.7181756" tId="2" fbRx="141.7181822" lbRx="0" />
<p fId="0" fbTx="141.7181846" lbTx="141.7181902" tId="1" fbRx="141.7181967" lbRx="0" />
<p fId="0" fbTx="141.7181846" lbTx="141.7181902" tId="2" fbRx="141.7181967" lbRx="0" />
<p fId="0" fbTx="141.7181846" lbTx="141.7181902" tId="2" fbRx="141.7181967" lbRx="0" />
<p fId="0" fbTx="141.7181971" lbTx="141.7182027" tId="1" fbRx="141.7182093" lbRx="0" />
<p fId="0" fbTx="141.7181971" lbTx="141.7182027" tId="2" fbRx="141.7182093" lbRx="0" />
<p fId="0" fbTx="141.7181971" lbTx="141.7182027" tId="2" fbRx="141.7182093" lbRx="0" />
<p fId="0" fbTx="141.7182167" lbTx="141.7182223" tId="1" fbRx="141.7182289" lbRx="0" />
<p fId="0" fbTx="141.7182167" lbTx="141.7182223" tId="2" fbRx="141.7182289" lbRx="0" />
<p fId="0" fbTx="141.7182167" lbTx="141.7182223" tId="2" fbRx="141.7182289" lbRx="0" />
<p fId="0" fbTx="141.7182413" lbTx="141.7182469" tId="1" fbRx="141.7182534" lbRx="0" />
<p fId="0" fbTx="141.7182413" lbTx="141.7182469" tId="2" fbRx="141.7182534" lbRx="0" />
<p fId="0" fbTx="141.7182413" lbTx="141.7182469" tId="2" fbRx="141.7182534" lbRx="0" />
<p fId="0" fbTx="141.7182588" lbTx="141.7182644" tId="1" fbRx="141.718271" lbRx="0" />
<p fId="0" fbTx="141.7182588" lbTx="141.7182644" tId="2" fbRx="141.718271" lbRx="0" />
<p fId="0" fbTx="141.7182588" lbTx="141.7182644" tId="2" fbRx="141.718271" lbRx="0" />
<p fId="0" fbTx="141.7182734" lbTx="141.718279" tId="1" fbRx="141.7182855" lbRx="0" />
<p fId="0" fbTx="141.7182734" lbTx="141.718279" tId="2" fbRx="141.7182855" lbRx="0" />
<p fId="0" fbTx="141.7182734" lbTx="141.718279" tId="2" fbRx="141.7182855" lbRx="0" />
<p fId="0" fbTx="141.7182859" lbTx="141.7182915" tId="1" fbRx="141.7182981" lbRx="0" />
<p fId="0" fbTx="141.7182859" lbTx="141.7182915" tId="2" fbRx="141.7182981" lbRx="0" />
<p fId="0" fbTx="141.7182859" lbTx="141.7182915" tId="2" fbRx="141.7182981" lbRx="0" />
<p fId="0" fbTx="141.7183085" lbTx="141.7183141" tId="1" fbRx="141.7183207" lbRx="0" />
<p fId="0" fbTx="141.7183085" lbTx="141.7183141" tId="2" fbRx="141.7183207" lbRx="0" />
<p fId="0" fbTx="141.7183085" lbTx="141.7183141" tId="2" fbRx="141.7183207" lbRx="0" />
<p fId="0" fbTx="141.7183301" lbTx="141.7183357" tId="1" fbRx="141.7183422" lbRx="0" />
<p fId="0" fbTx="141.7183301" lbTx="141.7183357" tId="2" fbRx="141.7183422" lbRx="0" />
<p fId="0" fbTx="141.7183301" lbTx="141.7183357" tId="2" fbRx="141.7183422" lbRx="0" />
<p fId="0" fbTx="141.7183516" lbTx="141.7183572" tId="1" fbRx="141.7183638" lbRx="0" />
<p fId="0" fbTx="141.7183516" lbTx="141.7183572" tId="2" fbRx="141.7183638" lbRx="0" />
<p fId="0" fbTx="141.7183516" lbTx="141.7183572" tId="2" fbRx="141.7183638" lbRx="0" />
<p fId="0" fbTx="141.7183692" lbTx="141.7183748" tId="1" fbRx="141.7183813" lbRx="0" />
<p fId="0" fbTx="141.7183692" lbTx="141.7183748" tId="2" fbRx="141.7183813" lbRx="0" />
<p fId="0" fbTx="141.7183692" lbTx="141.7183748" tId="2" fbRx="141.7183813" lbRx="0" />
<p fId="0" fbTx="141.7183827" lbTx="141.7183883" tId="1" fbRx="141.7183949" lbRx="0" />
<p fId="0" fbTx="141.7183827" lbTx="141.7183883" tId="2" fbRx="141.7183949" lbRx="0" />
<p fId="0" fbTx="141.7183827" lbTx="141.7183883" tId="2" fbRx="141.7183949" lbRx="0" />
<p fId="0" fbTx="141.7183973" lbTx="141.7184029" tId="1" fbRx="141.7184095" lbRx="0" />
<p fId="0" fbTx="141.7183973" lbTx="141.7184029" tId="2" fbRx="141.7184095" lbRx="0" />
<p fId="0" fbTx="141.7183973" lbTx="141.7184029" tId="2" fbRx="141.7184095" lbRx="0" />
<p fId="0" fbTx="141.7184129" lbTx="141.7184185" tId="1" fbRx="141.718425" lbRx="0" />
<p fId="0" fbTx="141.7184129" lbTx="141.7184185" tId="2" fbRx="141.718425" lbRx="0" />
<p fId="0" fbTx="141.7184129" lbTx="141.7184185" tId="2" fbRx="141.718425" lbRx="0" />
<p fId="0" fbTx="141.7184344" lbTx="141.71844" tId="1" fbRx="141.7184466" lbRx="0" />
<p fId="0" fbTx="141.7184344" lbTx="141.71844" tId="2" fbRx="141.7184466" lbRx="0" />
<p fId="0" fbTx="141.7184344" lbTx="141.71844" tId="2" fbRx="141.7184466" lbRx="0" />
<p fId="0" fbTx="141.718449" lbTx="141.7184546" tId="1" fbRx="141.7184611" lbRx="0" />
<p fId="0" fbTx="141.718449" lbTx="141.7184546" tId="2" fbRx="141.7184611" lbRx="0" />
<p fId="0" fbTx="141.718449" lbTx="141.7184546" tId="2" fbRx="141.7184611" lbRx="0" />
<p fId="0" fbTx="141.7184615" lbTx="141.7184671" tId="1" fbRx="141.7184737" lbRx="0" />
<p fId="0" fbTx="141.7184615" lbTx="141.7184671" tId="2" fbRx="141.7184737" lbRx="0" />
<p fId="0" fbTx="141.7184615" lbTx="141.7184671" tId="2" fbRx="141.7184737" lbRx="0" />
<p fId="0" fbTx="141.7184741" lbTx="141.7184797" tId="1" fbRx="141.7184863" lbRx="0" />
<p fId="0" fbTx="141.7184741" lbTx="141.7184797" tId="2" fbRx="141.7184863" lbRx="0" />
<p fId="0" fbTx="141.7184741" lbTx="141.7184797" tId="2" fbRx="141.7184863" lbRx="0" />
<p fId="0" fbTx="141.7184947" lbTx="141.7185003" tId="1" fbRx="141.7185068" lbRx="0" />
<p fId="0" fbTx="141.7184947" lbTx="141.7185003" tId="2" fbRx="141.7185068" lbRx="0" />
<p fId="0" fbTx="141.7184947" lbTx="141.7185003" tId="2" fbRx="141.7185068" lbRx="0" />
<p fId="0" fbTx="141.7185102" lbTx="141.7185158" tId="1" fbRx="141.7185224" lbRx="0" />
<p fId="0" fbTx="141.7185102" lbTx="141.7185158" tId="2" fbRx="141.7185224" lbRx="0" />
<p fId="0" fbTx="141.7185102" lbTx="141.7185158" tId="2" fbRx="141.7185224" lbRx="0" />
<p fId="0" fbTx="141.7185258" lbTx="141.7185314" tId="1" fbRx="141.7185379" lbRx="0" />
<p fId="0" fbTx="141.7185258" lbTx="141.7185314" tId="2" fbRx="141.7185379" lbRx="0" />
<p fId="0" fbTx="141.7185258" lbTx="141.7185314" tId="2" fbRx="141.7185379" lbRx="0" />
<p fId="0" fbTx="141.7185403" lbTx="141.7185459" tId="1" fbRx="141.7185525" lbRx="0" />
<p fId="0" fbTx="141.7185403" lbTx="141.7185459" tId="2" fbRx="141.7185525" lbRx="0" />
<p fId="0" fbTx="141.7185403" lbTx="141.7185459" tId="2" fbRx="141.7185525" lbRx="0" />
<p fId="0" fbTx="141.7185549" lbTx="141.7185605" tId="1" fbRx="141.7185671" lbRx="0" />
<p fId="0" fbTx="141.7185549" lbTx="141.7185605" tId="2" fbRx="141.7185671" lbRx="0" />
<p fId="0" fbTx="141.7185549" lbTx="141.7185605" tId="2" fbRx="141.7185671" lbRx="0" />
<p fId="0" fbTx="141.7185695" lbTx="141.7185751" tId="1" fbRx="141.7185816" lbRx="0" />
<p fId="0" fbTx="141.7185695" lbTx="141.7185751" tId="2" fbRx="141.7185816" lbRx="0" />
<p fId="0" fbTx="141.7185695" lbTx="141.7185751" tId="2" fbRx="141.7185816" lbRx="0" />
<p fId="0" fbTx="141.718583" lbTx="141.7185886" tId="1" fbRx="141.7185952" lbRx="0" />
<p fId="0" fbTx="141.718583" lbTx="141.7185886" tId="2" fbRx="141.7185952" lbRx="0" />
<p fId="0" fbTx="141.718583" lbTx="141.7185886" tId="2" fbRx="141.7185952" lbRx="0" />
<p fId="0" fbTx="141.7186206" lbTx="141.7186262" tId="1" fbRx="141.7186327" lbRx="0" />
<p fId="0" fbTx="141.7186206" lbTx="141.7186262" tId="2" fbRx="141.7186327" lbRx="0" />
<p fId="0" fbTx="141.7186206" lbTx="141.7186262" tId="2" fbRx="141.7186327" lbRx="0" />
<p fId="0" fbTx="141.7186331" lbTx="141.7186387" tId="1" fbRx="141.7186453" lbRx="0" />
<p fId="0" fbTx="141.7186331" lbTx="141.7186387" tId="2" fbRx="141.7186453" lbRx="0" />
<p fId="0" fbTx="141.7186331" lbTx="141.7186387" tId="2" fbRx="141.7186453" lbRx="0" />
<p fId="0" fbTx="141.7186457" lbTx="141.7186513" tId="1" fbRx="141.7186579" lbRx="0" />
<p fId="0" fbTx="141.7186457" lbTx="141.7186513" tId="2" fbRx="141.7186579" lbRx="0" />
<p fId="0" fbTx="141.7186457" lbTx="141.7186513" tId="2" fbRx="141.7186579" lbRx="0" />
<p fId="0" fbTx="141.7186593" lbTx="141.7186649" tId="1" fbRx="141.7186714" lbRx="0" />
<p fId="0" fbTx="141.7186593" lbTx="141.7186649" tId="2" fbRx="141.7186714" lbRx="0" />
<p fId="0" fbTx="141.7186593" lbTx="141.7186649" tId="2" fbRx="141.7186714" lbRx="0" />
<p fId="0" fbTx="141.7186828" lbTx="141.7186884" tId="1" fbRx="141.718695" lbRx="0" />
<p fId="0" fbTx="141.7186828" lbTx="141.7186884" tId="2" fbRx="141.718695" lbRx="0" />
<p fId="0" fbTx="141.7186828" lbTx="141.7186884" tId="2" fbRx="141.718695" lbRx="0" />
<p fId="0" fbTx="141.7186984" lbTx="141.718704" tId="1" fbRx="141.7187105" lbRx="0" />
<p fId="0" fbTx="141.7186984" lbTx="141.718704" tId="2" fbRx="141.7187105" lbRx="0" />
<p fId="0" fbTx="141.7186984" lbTx="141.718704" tId="2" fbRx="141.7187105" lbRx="0" />
<p fId="0" fbTx="141.7187109" lbTx="141.7187165" tId="1" fbRx="141.7187231" lbRx="0" />
<p fId="0" fbTx="141.7187109" lbTx="141.7187165" tId="2" fbRx="141.7187231" lbRx="0" />
<p fId="0" fbTx="141.7187109" lbTx="141.7187165" tId="2" fbRx="141.7187231" lbRx="0" />
<p fId="0" fbTx="141.7187235" lbTx="141.7187291" tId="1" fbRx="141.7187357" lbRx="0" />
<p fId="0" fbTx="141.7187235" lbTx="141.7187291" tId="2" fbRx="141.7187357" lbRx="0" />
<p fId="0" fbTx="141.7187235" lbTx="141.7187291" tId="2" fbRx="141.7187357" lbRx="0" />
<p fId="0" fbTx="141.7187481" lbTx="141.7187537" tId="1" fbRx="141.7187602" lbRx="0" />
<p fId="0" fbTx="141.7187481" lbTx="141.7187537" tId="2" fbRx="141.7187602" lbRx="0" />
<p fId="0" fbTx="141.7187481" lbTx="141.7187537" tId="2" fbRx="141.7187602" lbRx="0" />
<p fId="0" fbTx="141.7187616" lbTx="141.7187672" tId="1" fbRx="141.7187738" lbRx="0" />
<p fId="0" fbTx="141.7187616" lbTx="141.7187672" tId="2" fbRx="141.7187738" lbRx="0" />
<p fId="0" fbTx="141.7187616" lbTx="141.7187672" tId="2" fbRx="141.7187738" lbRx="0" />
<p fId="0" fbTx="141.7187772" lbTx="141.7187828" tId="1" fbRx="141.7187893" lbRx="0" />
<p fId="0" fbTx="141.7187772" lbTx="141.7187828" tId="2" fbRx="141.7187893" lbRx="0" />
<p fId="0" fbTx="141.7187772" lbTx="141.7187828" tId="2" fbRx="141.7187893" lbRx="0" />
<p fId="0" fbTx="141.7187907" lbTx="141.7187963" tId="1" fbRx="141.7188029" lbRx="0" />
<p fId="0" fbTx="141.7187907" lbTx="141.7187963" tId="2" fbRx="141.7188029" lbRx="0" />
<p fId="0" fbTx="141.7187907" lbTx="141.7187963" tId="2" fbRx="141.7188029" lbRx="0" />
<p fId="0" fbTx="141.7188063" lbTx="141.7188119" tId="1" fbRx="141.7188185" lbRx="0" />
<p fId="0" fbTx="141.7188063" lbTx="141.7188119" tId="2" fbRx="141.7188185" lbRx="0" />
<p fId="0" fbTx="141.7188063" lbTx="141.7188119" tId="2" fbRx="141.7188185" lbRx="0" />
<p fId="0" fbTx="141.7188189" lbTx="141.7188245" tId="1" fbRx="141.718831" lbRx="0" />
<p fId="0" fbTx="141.7188189" lbTx="141.7188245" tId="2" fbRx="141.718831" lbRx="0" />
<p fId="0" fbTx="141.7188189" lbTx="141.7188245" tId="2" fbRx="141.718831" lbRx="0" />
<p fId="0" fbTx="141.7188384" lbTx="141.718844" tId="1" fbRx="141.7188506" lbRx="0" />
<p fId="0" fbTx="141.7188384" lbTx="141.718844" tId="2" fbRx="141.7188506" lbRx="0" />
<p fId="0" fbTx="141.7188384" lbTx="141.718844" tId="2" fbRx="141.7188506" lbRx="0" />
<p fId="0" fbTx="141.718854" lbTx="141.7188596" tId="1" fbRx="141.7188661" lbRx="0" />
<p fId="0" fbTx="141.718854" lbTx="141.7188596" tId="2" fbRx="141.7188661" lbRx="0" />
<p fId="0" fbTx="141.718854" lbTx="141.7188596" tId="2" fbRx="141.7188661" lbRx="0" />
<p fId="0" fbTx="141.7188675" lbTx="141.7188731" tId="1" fbRx="141.7188797" lbRx="0" />
<p fId="0" fbTx="141.7188675" lbTx="141.7188731" tId="2" fbRx="141.7188797" lbRx="0" />
<p fId="0" fbTx="141.7188675" lbTx="141.7188731" tId="2" fbRx="141.7188797" lbRx="0" />
<p fId="0" fbTx="141.7188831" lbTx="141.7188887" tId="1" fbRx="141.7188953" lbRx="0" />
<p fId="0" fbTx="141.7188831" lbTx="141.7188887" tId="2" fbRx="141.7188953" lbRx="0" />
<p fId="0" fbTx="141.7188831" lbTx="141.7188887" tId="2" fbRx="141.7188953" lbRx="0" />
<p fId="0" fbTx="141.7188977" lbTx="141.7189033" tId="1" fbRx="141.7189098" lbRx="0" />
<p fId="0" fbTx="141.7188977" lbTx="141.7189033" tId="2" fbRx="141.7189098" lbRx="0" />
<p fId="0" fbTx="141.7188977" lbTx="141.7189033" tId="2" fbRx="141.7189098" lbRx="0" />
<p fId="0" fbTx="141.7189112" lbTx="141.7189168" tId="1" fbRx="141.7189234" lbRx="0" />
<p fId="0" fbTx="141.7189112" lbTx="141.7189168" tId="2" fbRx="141.7189234" lbRx="0" />
<p fId="0" fbTx="141.7189112" lbTx="141.7189168" tId="2" fbRx="141.7189234" lbRx="0" />
<p fId="0" fbTx="141.7189248" lbTx="141.7189304" tId="1" fbRx="141.7189369" lbRx="0" />
<p fId="0" fbTx="141.7189248" lbTx="141.7189304" tId="2" fbRx="141.7189369" lbRx="0" />
<p fId="0" fbTx="141.7189248" lbTx="141.7189304" tId="2" fbRx="141.7189369" lbRx="0" />
<p fId="0" fbTx="141.7189483" lbTx="141.7189539" tId="1" fbRx="141.7189605" lbRx="0" />
<p fId="0" fbTx="141.7189483" lbTx="141.7189539" tId="2" fbRx="141.7189605" lbRx="0" />
<p fId="0" fbTx="141.7189483" lbTx="141.7189539" tId="2" fbRx="141.7189605" lbRx="0" />
<p fId="0" fbTx="141.7189609" lbTx="141.7189665" tId="1" fbRx="141.7189731" lbRx="0" />
<p fId="0" fbTx="141.7189609" lbTx="141.7189665" tId="2" fbRx="141.7189731" lbRx="0" />
<p fId="0" fbTx="141.7189609" lbTx="141.7189665" tId="2" fbRx="141.7189731" lbRx="0" />
<p fId="0" fbTx="141.7189745" lbTx="141.7189801" tId="1" fbRx="141.7189866" lbRx="0" />
<p fId="0" fbTx="141.7189745" lbTx="141.7189801" tId="2" fbRx="141.7189866" lbRx="0" />
<p fId="0" fbTx="141.7189745" lbTx="141.7189801" tId="2" fbRx="141.7189866" lbRx="0" />
<p fId="0" fbTx="141.718987" lbTx="141.7189926" tId="1" fbRx="141.7189992" lbRx="0" />
<p fId="0" fbTx="141.718987" lbTx="141.7189926" tId="2" fbRx="141.7189992" lbRx="0" />
<p fId="0" fbTx="141.718987" lbTx="141.7189926" tId="2" fbRx="141.7189992" lbRx="0" />
<p fId="0" fbTx="141.7190006" lbTx="141.7190062" tId="1" fbRx="141.7190127" lbRx="0" />
<p fId="0" fbTx="141.7190006" lbTx="141.7190062" tId="2" fbRx="141.7190127" lbRx="0" />
<p fId="0" fbTx="141.7190006" lbTx="141.7190062" tId="2" fbRx="141.7190127" lbRx="0" />
<p fId="0" fbTx="141.7190261" lbTx="141.7190317" tId="1" fbRx="141.7190383" lbRx="0" />
<p fId="0" fbTx="141.7190261" lbTx="141.7190317" tId="2" fbRx="141.7190383" lbRx="0" />
<p fId="0" fbTx="141.7190261" lbTx="141.7190317" tId="2" fbRx="141.7190383" lbRx="0" />
<p fId="0" fbTx="141.7190397" lbTx="141.7190453" tId="1" fbRx="141.7190519" lbRx="0" />
<p fId="0" fbTx="141.7190397" lbTx="141.7190453" tId="2" fbRx="141.7190519" lbRx="0" />
<p fId="0" fbTx="141.7190397" lbTx="141.7190453" tId="2" fbRx="141.7190519" lbRx="0" />
<p fId="0" fbTx="141.7190543" lbTx="141.7190599" tId="1" fbRx="141.7190664" lbRx="0" />
<p fId="0" fbTx="141.7190543" lbTx="141.7190599" tId="2" fbRx="141.7190664" lbRx="0" />
<p fId="0" fbTx="141.7190543" lbTx="141.7190599" tId="2" fbRx="141.7190664" lbRx="0" />
<p fId="0" fbTx="141.7190668" lbTx="141.7190724" tId="1" fbRx="141.719079" lbRx="0" />
<p fId="0" fbTx="141.7190668" lbTx="141.7190724" tId="2" fbRx="141.719079" lbRx="0" />
<p fId="0" fbTx="141.7190668" lbTx="141.7190724" tId="2" fbRx="141.719079" lbRx="0" />
<p fId="0" fbTx="141.7191034" lbTx="141.719109" tId="1" fbRx="141.7191155" lbRx="0" />
<p fId="0" fbTx="141.7191034" lbTx="141.719109" tId="2" fbRx="141.7191155" lbRx="0" />
<p fId="0" fbTx="141.7191034" lbTx="141.719109" tId="2" fbRx="141.7191155" lbRx="0" />
<p fId="0" fbTx="141.7191169" lbTx="141.7191225" tId="1" fbRx="141.7191291" lbRx="0" />
<p fId="0" fbTx="141.7191169" lbTx="141.7191225" tId="2" fbRx="141.7191291" lbRx="0" />
<p fId="0" fbTx="141.7191169" lbTx="141.7191225" tId="2" fbRx="141.7191291" lbRx="0" />
<p fId="0" fbTx="141.7191325" lbTx="141.7191381" tId="1" fbRx="141.7191447" lbRx="0" />
<p fId="0" fbTx="141.7191325" lbTx="141.7191381" tId="2" fbRx="141.7191447" lbRx="0" />
<p fId="0" fbTx="141.7191325" lbTx="141.7191381" tId="2" fbRx="141.7191447" lbRx="0" />
<p fId="0" fbTx="141.7191471" lbTx="141.7191527" tId="1" fbRx="141.7191592" lbRx="0" />
<p fId="0" fbTx="141.7191471" lbTx="141.7191527" tId="2" fbRx="141.7191592" lbRx="0" />
<p fId="0" fbTx="141.7191471" lbTx="141.7191527" tId="2" fbRx="141.7191592" lbRx="0" />
<p fId="0" fbTx="141.7191606" lbTx="141.7191662" tId="1" fbRx="141.7191728" lbRx="0" />
<p fId="0" fbTx="141.7191606" lbTx="141.7191662" tId="2" fbRx="141.7191728" lbRx="0" />
<p fId="0" fbTx="141.7191606" lbTx="141.7191662" tId="2" fbRx="141.7191728" lbRx="0" />
<p fId="0" fbTx="141.7191732" lbTx="141.7191788" tId="1" fbRx="141.7191853" lbRx="0" />
<p fId="0" fbTx="141.7191732" lbTx="141.7191788" tId="2" fbRx="141.7191853" lbRx="0" />
<p fId="0" fbTx="141.7191732" lbTx="141.7191788" tId="2" fbRx="141.7191853" lbRx="0" />
<p fId="0" fbTx="141.7191937" lbTx="141.7191993" tId="1" fbRx="141.7192059" lbRx="0" />
<p fId="0" fbTx="141.7191937" lbTx="141.7191993" tId="2" fbRx="141.7192059" lbRx="0" />
<p fId="0" fbTx="141.7191937" lbTx="141.7191993" tId="2" fbRx="141.7192059" lbRx="0" />
<p fId="0" fbTx="141.7192203" lbTx="141.7192259" tId="1" fbRx="141.7192325" lbRx="0" />
<p fId="0" fbTx="141.7192203" lbTx="141.7192259" tId="2" fbRx="141.7192325" lbRx="0" />
<p fId="0" fbTx="141.7192203" lbTx="141.7192259" tId="2" fbRx="141.7192325" lbRx="0" />
<p fId="0" fbTx="141.7192339" lbTx="141.7192395" tId="1" fbRx="141.719246" lbRx="0" />
<p fId="0" fbTx="141.7192339" lbTx="141.7192395" tId="2" fbRx="141.719246" lbRx="0" />
<p fId="0" fbTx="141.7192339" lbTx="141.7192395" tId="2" fbRx="141.719246" lbRx="0" />
<p fId="0" fbTx="141.7192584" lbTx="141.719264" tId="1" fbRx="141.7192706" lbRx="0" />
<p fId="0" fbTx="141.7192584" lbTx="141.719264" tId="2" fbRx="141.7192706" lbRx="0" />
<p fId="0" fbTx="141.7192584" lbTx="141.719264" tId="2" fbRx="141.7192706" lbRx="0" />
<p fId="0" fbTx="141.719274" lbTx="141.7192796" tId="1" fbRx="141.7192861" lbRx="0" />
<p fId="0" fbTx="141.719274" lbTx="141.7192796" tId="2" fbRx="141.7192861" lbRx="0" />
<p fId="0" fbTx="141.719274" lbTx="141.7192796" tId="2" fbRx="141.7192861" lbRx="0" />
<p fId="0" fbTx="141.7192935" lbTx="141.7192991" tId="1" fbRx="141.7193057" lbRx="0" />
<p fId="0" fbTx="141.7192935" lbTx="141.7192991" tId="2" fbRx="141.7193057" lbRx="0" />
<p fId="0" fbTx="141.7192935" lbTx="141.7192991" tId="2" fbRx="141.7193057" lbRx="0" />
<p fId="0" fbTx="141.7193061" lbTx="141.7193117" tId="1" fbRx="141.7193183" lbRx="0" />
<p fId="0" fbTx="141.7193061" lbTx="141.7193117" tId="2" fbRx="141.7193183" lbRx="0" />
<p fId="0" fbTx="141.7193061" lbTx="141.7193117" tId="2" fbRx="141.7193183" lbRx="0" />
<p fId="0" fbTx="141.7193197" lbTx="141.7193253" tId="1" fbRx="141.7193318" lbRx="0" />
<p fId="0" fbTx="141.7193197" lbTx="141.7193253" tId="2" fbRx="141.7193318" lbRx="0" />
<p fId="0" fbTx="141.7193197" lbTx="141.7193253" tId="2" fbRx="141.7193318" lbRx="0" />
<p fId="0" fbTx="141.7193332" lbTx="141.7193388" tId="1" fbRx="141.7193454" lbRx="0" />
<p fId="0" fbTx="141.7193332" lbTx="141.7193388" tId="2" fbRx="141.7193454" lbRx="0" />
<p fId="0" fbTx="141.7193332" lbTx="141.7193388" tId="2" fbRx="141.7193454" lbRx="0" />
<p fId="0" fbTx="141.7193468" lbTx="141.7193524" tId="1" fbRx="141.7193589" lbRx="0" />
<p fId="0" fbTx="141.7193468" lbTx="141.7193524" tId="2" fbRx="141.7193589" lbRx="0" />
<p fId="0" fbTx="141.7193468" lbTx="141.7193524" tId="2" fbRx="141.7193589" lbRx="0" />
<p fId="0" fbTx="141.7193693" lbTx="141.7193749" tId="1" fbRx="141.7193815" lbRx="0" />
<p fId="0" fbTx="141.7193693" lbTx="141.7193749" tId="2" fbRx="141.7193815" lbRx="0" />
<p fId="0" fbTx="141.7193693" lbTx="141.7193749" tId="2" fbRx="141.7193815" lbRx="0" />
<p fId="0" fbTx="141.7193849" lbTx="141.7193905" tId="1" fbRx="141.7193971" lbRx="0" />
<p fId="0" fbTx="141.7193849" lbTx="141.7193905" tId="2" fbRx="141.7193971" lbRx="0" />
<p fId="0" fbTx="141.7193849" lbTx="141.7193905" tId="2" fbRx="141.7193971" lbRx="0" />
<p fId="0" fbTx="141.7193995" lbTx="141.7194051" tId="1" fbRx="141.7194116" lbRx="0" />
<p fId="0" fbTx="141.7193995" lbTx="141.7194051" tId="2" fbRx="141.7194116" lbRx="0" />
<p fId="0" fbTx="141.7193995" lbTx="141.7194051" tId="2" fbRx="141.7194116" lbRx="0" />
<p fId="0" fbTx="141.9174419" lbTx="141.9174475" tId="1" fbRx="141.9174541" lbRx="0" />
<p fId="0" fbTx="141.9174419" lbTx="141.9174475" tId="2" fbRx="141.9174541" lbRx="0" />
<p fId="0" fbTx="141.9174419" lbTx="141.9174475" tId="2" fbRx="141.9174541" lbRx="0" />
<p fId="1" fbTx="146.7817168" lbTx="146.7817504" tId="0" fbRx="146.7817569" lbRx="0" />
<p fId="1" fbTx="146.7817168" lbTx="146.7817504" tId="2" fbRx="146.7817569" lbRx="0" />
<p fId="1" fbTx="146.7817168" lbTx="146.7817504" tId="2" fbRx="146.7817569" lbRx="0" />
<p fId="2" fbTx="146.781757" lbTx="146.7818054" tId="0" fbRx="146.781812" lbRx="0" />
<p fId="2" fbTx="146.781757" lbTx="146.7818054" tId="1" fbRx="146.781812" lbRx="0" />
<p fId="2" fbTx="146.781757" lbTx="146.7818054" tId="1" fbRx="146.781812" lbRx="0" />
<p fId="2" fbTx="146.7818134" lbTx="146.7818619" tId="0" fbRx="146.7818684" lbRx="0" />
<p fId="2" fbTx="146.7818134" lbTx="146.7818619" tId="1" fbRx="146.7818684" lbRx="0" />
<p fId="2" fbTx="146.7818134" lbTx="146.7818619" tId="1" fbRx="146.7818684" lbRx="0" />
<p fId="1" fbTx="146.7818694" lbTx="146.781875" tId="0" fbRx="146.7818816" lbRx="0" />
<p fId="1" fbTx="146.7818694" lbTx="146.781875" tId="2" fbRx="146.7818816" lbRx="0" />
<p fId="1" fbTx="146.7818694" lbTx="146.781875" tId="2" fbRx="146.7818816" lbRx="0" />
<p fId="2" fbTx="146.7818838" lbTx="146.7819323" tId="0" fbRx="146.7819389" lbRx="0" />
<p fId="2" fbTx="146.7818838" lbTx="146.7819323" tId="1" fbRx="146.7819389" lbRx="0" />
<p fId="2" fbTx="146.7818838" lbTx="146.7819323" tId="1" fbRx="146.7819389" lbRx="0" />
<p fId="2" fbTx="146.7819403" lbTx="146.7819888" tId="0" fbRx="146.7819953" lbRx="0" />
<p fId="2" fbTx="146.7819403" lbTx="146.7819888" tId="1" fbRx="146.7819953" lbRx="0" />
<p fId="2" fbTx="146.7819403" lbTx="146.7819888" tId="1" fbRx="146.7819953" lbRx="0" />
<p fId="1" fbTx="146.7819963" lbTx="146.7820019" tId="0" fbRx="146.7820085" lbRx="0" />
<p fId="1" fbTx="146.7819963" lbTx="146.7820019" tId="2" fbRx="146.7820085" lbRx="0" />
<p fId="1" fbTx="146.7819963" lbTx="146.7820019" tId="2" fbRx="146.7820085" lbRx="0" />
<p fId="2" fbTx="146.7820217" lbTx="146.7820702" tId="0" fbRx="146.7820768" lbRx="0" />
<p fId="2" fbTx="146.7820217" lbTx="146.7820702" tId="1" fbRx="146.7820768" lbRx="0" />
<p fId="2" fbTx="146.7820217" lbTx="146.7820702" tId="1" fbRx="146.7820768" lbRx="0" />
<p fId="2" fbTx="146.7820802" lbTx="146.7821286" tId="0" fbRx="146.7821352" lbRx="0" />
<p fId="2" fbTx="146.7820802" lbTx="146.7821286" tId="1" fbRx="146.7821352" lbRx="0" />
<p fId="2" fbTx="146.7820802" lbTx="146.7821286" tId="1" fbRx="146.7821352" lbRx="0" />
<p fId="2" fbTx="146.7821356" lbTx="146.7821841" tId="0" fbRx="146.7821906" lbRx="0" />
<p fId="2" fbTx="146.7821356" lbTx="146.7821841" tId="1" fbRx="146.7821906" lbRx="0" />
<p fId="2" fbTx="146.7821356" lbTx="146.7821841" tId="1" fbRx="146.7821906" lbRx="0" />
<p fId="2" fbTx="146.782193" lbTx="146.7822415" tId="0" fbRx="146.7822481" lbRx="0" />
<p fId="2" fbTx="146.782193" lbTx="146.7822415" tId="1" fbRx="146.7822481" lbRx="0" />
<p fId="2" fbTx="146.782193" lbTx="146.7822415" tId="1" fbRx="146.7822481" lbRx="0" />
<p fId="2" fbTx="146.7822485" lbTx="146.782297" tId="0" fbRx="146.7823035" lbRx="0" />
<p fId="2" fbTx="146.7822485" lbTx="146.782297" tId="1" fbRx="146.7823035" lbRx="0" />
<p fId="2" fbTx="146.7822485" lbTx="146.782297" tId="1" fbRx="146.7823035" lbRx="0" />
<p fId="2" fbTx="146.7823059" lbTx="146.7823544" tId="0" fbRx="146.782361" lbRx="0" />
<p fId="2" fbTx="146.7823059" lbTx="146.7823544" tId="1" fbRx="146.782361" lbRx="0" />
<p fId="2" fbTx="146.7823059" lbTx="146.7823544" tId="1" fbRx="146.782361" lbRx="0" />
<p fId="2" fbTx="146.7823634" lbTx="146.7824118" tId="0" fbRx="146.7824184" lbRx="0" />
<p fId="2" fbTx="146.7823634" lbTx="146.7824118" tId="1" fbRx="146.7824184" lbRx="0" />
<p fId="2" fbTx="146.7823634" lbTx="146.7824118" tId="1" fbRx="146.7824184" lbRx="0" />
<p fId="2" fbTx="146.7824208" lbTx="146.7824693" tId="0" fbRx="146.7824758" lbRx="0" />
<p fId="2" fbTx="146.7824208" lbTx="146.7824693" tId="1" fbRx="146.7824758" lbRx="0" />
<p fId="2" fbTx="146.7824208" lbTx="146.7824693" tId="1" fbRx="146.7824758" lbRx="0" />
<p fId="2" fbTx="146.7824872" lbTx="146.7825357" tId="0" fbRx="146.7825423" lbRx="0" />
<p fId="2" fbTx="146.7824872" lbTx="146.7825357" tId="1" fbRx="146.7825423" lbRx="0" />
<p fId="2" fbTx="146.7824872" lbTx="146.7825357" tId="1" fbRx="146.7825423" lbRx="0" />
<p fId="2" fbTx="146.7825627" lbTx="146.7826112" tId="0" fbRx="146.7826177" lbRx="0" />
<p fId="2" fbTx="146.7825627" lbTx="146.7826112" tId="1" fbRx="146.7826177" lbRx="0" />
<p fId="2" fbTx="146.7825627" lbTx="146.7826112" tId="1" fbRx="146.7826177" lbRx="0" />
<p fId="2" fbTx="146.7826191" lbTx="146.7826676" tId="0" fbRx="146.7826742" lbRx="0" />
<p fId="2" fbTx="146.7826191" lbTx="146.7826676" tId="1" fbRx="146.7826742" lbRx="0" />
<p fId="2" fbTx="146.7826191" lbTx="146.7826676" tId="1" fbRx="146.7826742" lbRx="0" />
<p fId="2" fbTx="146.7826766" lbTx="146.782725" tId="0" fbRx="146.7827316" lbRx="0" />
<p fId="2" fbTx="146.7826766" lbTx="146.782725" tId="1" fbRx="146.7827316" lbRx="0" />
<p fId="2" fbTx="146.7826766" lbTx="146.782725" tId="1" fbRx="146.7827316" lbRx="0" />
<p fId="2" fbTx="146.782732" lbTx="146.7827805" tId="0" fbRx="146.782787" lbRx="0" />
<p fId="2" fbTx="146.782732" lbTx="146.7827805" tId="1" fbRx="146.782787" lbRx="0" />
<p fId="2" fbTx="146.782732" lbTx="146.7827805" tId="1" fbRx="146.782787" lbRx="0" />
<p fId="2" fbTx="146.7827974" lbTx="146.7828459" tId="0" fbRx="146.7828525" lbRx="0" />
<p fId="2" fbTx="146.7827974" lbTx="146.7828459" tId="1" fbRx="146.7828525" lbRx="0" />
<p fId="2" fbTx="146.7827974" lbTx="146.7828459" tId="1" fbRx="146.7828525" lbRx="0" />
<p fId="2" fbTx="146.7828549" lbTx="146.7829034" tId="0" fbRx="146.7829099" lbRx="0" />
<p fId="2" fbTx="146.7828549" lbTx="146.7829034" tId="1" fbRx="146.7829099" lbRx="0" />
<p fId="2" fbTx="146.7828549" lbTx="146.7829034" tId="1" fbRx="146.7829099" lbRx="0" />
<p fId="2" fbTx="146.7829113" lbTx="146.7829598" tId="0" fbRx="146.7829664" lbRx="0" />
<p fId="2" fbTx="146.7829113" lbTx="146.7829598" tId="1" fbRx="146.7829664" lbRx="0" />
<p fId="2" fbTx="146.7829113" lbTx="146.7829598" tId="1" fbRx="146.7829664" lbRx="0" />
<p fId="2" fbTx="146.7829668" lbTx="146.7830152" tId="0" fbRx="146.7830218" lbRx="0" />
<p fId="2" fbTx="146.7829668" lbTx="146.7830152" tId="1" fbRx="146.7830218" lbRx="0" />
<p fId="2" fbTx="146.7829668" lbTx="146.7830152" tId="1" fbRx="146.7830218" lbRx="0" />
<p fId="2" fbTx="146.7830252" lbTx="146.7830737" tId="0" fbRx="146.7830802" lbRx="0" />
<p fId="2" fbTx="146.7830252" lbTx="146.7830737" tId="1" fbRx="146.7830802" lbRx="0" />
<p fId="2" fbTx="146.7830252" lbTx="146.7830737" tId="1" fbRx="146.7830802" lbRx="0" />
<p fId="2" fbTx="146.7830836" lbTx="146.7831321" tId="0" fbRx="146.7831387" lbRx="0" />
<p fId="2" fbTx="146.7830836" lbTx="146.7831321" tId="1" fbRx="146.7831387" lbRx="0" />
<p fId="2" fbTx="146.7830836" lbTx="146.7831321" tId="1" fbRx="146.7831387" lbRx="0" />
<p fId="2" fbTx="146.7831411" lbTx="146.7831896" tId="0" fbRx="146.7831961" lbRx="0" />
<p fId="2" fbTx="146.7831411" lbTx="146.7831896" tId="1" fbRx="146.7831961" lbRx="0" />
<p fId="2" fbTx="146.7831411" lbTx="146.7831896" tId="1" fbRx="146.7831961" lbRx="0" />
<p fId="2" fbTx="146.7831985" lbTx="146.783247" tId="0" fbRx="146.7832536" lbRx="0" />
<p fId="2" fbTx="146.7831985" lbTx="146.783247" tId="1" fbRx="146.7832536" lbRx="0" />
<p fId="2" fbTx="146.7831985" lbTx="146.783247" tId="1" fbRx="146.7832536" lbRx="0" />
<p fId="2" fbTx="146.783255" lbTx="146.7833034" tId="0" fbRx="146.78331" lbRx="0" />
<p fId="2" fbTx="146.783255" lbTx="146.7833034" tId="1" fbRx="146.78331" lbRx="0" />
<p fId="2" fbTx="146.783255" lbTx="146.7833034" tId="1" fbRx="146.78331" lbRx="0" />
<p fId="2" fbTx="146.7833144" lbTx="146.7833629" tId="0" fbRx="146.7833694" lbRx="0" />
<p fId="2" fbTx="146.7833144" lbTx="146.7833629" tId="1" fbRx="146.7833694" lbRx="0" />
<p fId="2" fbTx="146.7833144" lbTx="146.7833629" tId="1" fbRx="146.7833694" lbRx="0" />
<p fId="2" fbTx="146.7833708" lbTx="146.7834193" tId="0" fbRx="146.7834259" lbRx="0" />
<p fId="2" fbTx="146.7833708" lbTx="146.7834193" tId="1" fbRx="146.7834259" lbRx="0" />
<p fId="2" fbTx="146.7833708" lbTx="146.7834193" tId="1" fbRx="146.7834259" lbRx="0" />
<p fId="2" fbTx="146.7834303" lbTx="146.7834788" tId="0" fbRx="146.7834853" lbRx="0" />
<p fId="2" fbTx="146.7834303" lbTx="146.7834788" tId="1" fbRx="146.7834853" lbRx="0" />
<p fId="2" fbTx="146.7834303" lbTx="146.7834788" tId="1" fbRx="146.7834853" lbRx="0" />
<p fId="2" fbTx="146.7834967" lbTx="146.7835452" tId="0" fbRx="146.7835518" lbRx="0" />
<p fId="2" fbTx="146.7834967" lbTx="146.7835452" tId="1" fbRx="146.7835518" lbRx="0" />
<p fId="2" fbTx="146.7834967" lbTx="146.7835452" tId="1" fbRx="146.7835518" lbRx="0" />
<p fId="2" fbTx="146.7835542" lbTx="146.7836026" tId="0" fbRx="146.7836092" lbRx="0" />
<p fId="2" fbTx="146.7835542" lbTx="146.7836026" tId="1" fbRx="146.7836092" lbRx="0" />
<p fId="2" fbTx="146.7835542" lbTx="146.7836026" tId="1" fbRx="146.7836092" lbRx="0" />
<p fId="2" fbTx="146.7836206" lbTx="146.7836691" tId="0" fbRx="146.7836756" lbRx="0" />
<p fId="2" fbTx="146.7836206" lbTx="146.7836691" tId="1" fbRx="146.7836756" lbRx="0" />
<p fId="2" fbTx="146.7836206" lbTx="146.7836691" tId="1" fbRx="146.7836756" lbRx="0" />
<p fId="2" fbTx="146.783679" lbTx="146.7837275" tId="0" fbRx="146.7837341" lbRx="0" />
<p fId="2" fbTx="146.783679" lbTx="146.7837275" tId="1" fbRx="146.7837341" lbRx="0" />
<p fId="2" fbTx="146.783679" lbTx="146.7837275" tId="1" fbRx="146.7837341" lbRx="0" />
<p fId="2" fbTx="146.7837355" lbTx="146.783784" tId="0" fbRx="146.7837905" lbRx="0" />
<p fId="2" fbTx="146.7837355" lbTx="146.783784" tId="1" fbRx="146.7837905" lbRx="0" />
<p fId="2" fbTx="146.7837355" lbTx="146.783784" tId="1" fbRx="146.7837905" lbRx="0" />
<p fId="2" fbTx="146.7837909" lbTx="146.7838394" tId="0" fbRx="146.783846" lbRx="0" />
<p fId="2" fbTx="146.7837909" lbTx="146.7838394" tId="1" fbRx="146.783846" lbRx="0" />
<p fId="2" fbTx="146.7837909" lbTx="146.7838394" tId="1" fbRx="146.783846" lbRx="0" />
<p fId="2" fbTx="146.7838474" lbTx="146.7838958" tId="0" fbRx="146.7839024" lbRx="0" />
<p fId="2" fbTx="146.7838474" lbTx="146.7838958" tId="1" fbRx="146.7839024" lbRx="0" />
<p fId="2" fbTx="146.7838474" lbTx="146.7838958" tId="1" fbRx="146.7839024" lbRx="0" />
<p fId="2" fbTx="146.7839038" lbTx="146.7839523" tId="0" fbRx="146.7839588" lbRx="0" />
<p fId="2" fbTx="146.7839038" lbTx="146.7839523" tId="1" fbRx="146.7839588" lbRx="0" />
<p fId="2" fbTx="146.7839038" lbTx="146.7839523" tId="1" fbRx="146.7839588" lbRx="0" />
<p fId="2" fbTx="146.7839592" lbTx="146.7840077" tId="0" fbRx="146.7840143" lbRx="0" />
<p fId="2" fbTx="146.7839592" lbTx="146.7840077" tId="1" fbRx="146.7840143" lbRx="0" />
<p fId="2" fbTx="146.7839592" lbTx="146.7840077" tId="1" fbRx="146.7840143" lbRx="0" />
<p fId="2" fbTx="146.7840327" lbTx="146.7840812" tId="0" fbRx="146.7840877" lbRx="0" />
<p fId="2" fbTx="146.7840327" lbTx="146.7840812" tId="1" fbRx="146.7840877" lbRx="0" />
<p fId="2" fbTx="146.7840327" lbTx="146.7840812" tId="1" fbRx="146.7840877" lbRx="0" />
<p fId="2" fbTx="146.7840881" lbTx="146.7841366" tId="0" fbRx="146.7841432" lbRx="0" />
<p fId="2" fbTx="146.7840881" lbTx="146.7841366" tId="1" fbRx="146.7841432" lbRx="0" />
<p fId="2" fbTx="146.7840881" lbTx="146.7841366" tId="1" fbRx="146.7841432" lbRx="0" />
<p fId="2" fbTx="146.7841456" lbTx="146.784194" tId="0" fbRx="146.7842006" lbRx="0" />
<p fId="2" fbTx="146.7841456" lbTx="146.784194" tId="1" fbRx="146.7842006" lbRx="0" />
<p fId="2" fbTx="146.7841456" lbTx="146.784194" tId="1" fbRx="146.7842006" lbRx="0" />
<p fId="2" fbTx="146.784208" lbTx="146.7842565" tId="0" fbRx="146.784263" lbRx="0" />
<p fId="2" fbTx="146.784208" lbTx="146.7842565" tId="1" fbRx="146.784263" lbRx="0" />
<p fId="2" fbTx="146.784208" lbTx="146.7842565" tId="1" fbRx="146.784263" lbRx="0" />
<p fId="2" fbTx="146.7842654" lbTx="146.7843139" tId="0" fbRx="146.7843205" lbRx="0" />
<p fId="2" fbTx="146.7842654" lbTx="146.7843139" tId="1" fbRx="146.7843205" lbRx="0" />
<p fId="2" fbTx="146.7842654" lbTx="146.7843139" tId="1" fbRx="146.7843205" lbRx="0" />
<p fId="2" fbTx="146.7843219" lbTx="146.7843704" tId="0" fbRx="146.7843769" lbRx="0" />
<p fId="2" fbTx="146.7843219" lbTx="146.7843704" tId="1" fbRx="146.7843769" lbRx="0" />
<p fId="2" fbTx="146.7843219" lbTx="146.7843704" tId="1" fbRx="146.7843769" lbRx="0" />
<p fId="2" fbTx="146.7843793" lbTx="146.7844278" tId="0" fbRx="146.7844344" lbRx="0" />
<p fId="2" fbTx="146.7843793" lbTx="146.7844278" tId="1" fbRx="146.7844344" lbRx="0" />
<p fId="2" fbTx="146.7843793" lbTx="146.7844278" tId="1" fbRx="146.7844344" lbRx="0" />
<p fId="2" fbTx="146.7844358" lbTx="146.7844842" tId="0" fbRx="146.7844908" lbRx="0" />
<p fId="2" fbTx="146.7844358" lbTx="146.7844842" tId="1" fbRx="146.7844908" lbRx="0" />
<p fId="2" fbTx="146.7844358" lbTx="146.7844842" tId="1" fbRx="146.7844908" lbRx="0" />
<p fId="2" fbTx="146.7844922" lbTx="146.7845407" tId="0" fbRx="146.7845472" lbRx="0" />
<p fId="2" fbTx="146.7844922" lbTx="146.7845407" tId="1" fbRx="146.7845472" lbRx="0" />
<p fId="2" fbTx="146.7844922" lbTx="146.7845407" tId="1" fbRx="146.7845472" lbRx="0" />
<p fId="2" fbTx="146.7845476" lbTx="146.7845961" tId="0" fbRx="146.7846027" lbRx="0" />
<p fId="2" fbTx="146.7845476" lbTx="146.7845961" tId="1" fbRx="146.7846027" lbRx="0" />
<p fId="2" fbTx="146.7845476" lbTx="146.7845961" tId="1" fbRx="146.7846027" lbRx="0" />
<p fId="2" fbTx="146.7846261" lbTx="146.7846746" tId="0" fbRx="146.7846811" lbRx="0" />
<p fId="2" fbTx="146.7846261" lbTx="146.7846746" tId="1" fbRx="146.7846811" lbRx="0" />
<p fId="2" fbTx="146.7846261" lbTx="146.7846746" tId="1" fbRx="146.7846811" lbRx="0" />
<p fId="2" fbTx="146.7846835" lbTx="146.784732" tId="0" fbRx="146.7847386" lbRx="0" />
<p fId="2" fbTx="146.7846835" lbTx="146.784732" tId="1" fbRx="146.7847386" lbRx="0" />
<p fId="2" fbTx="146.7846835" lbTx="146.784732" tId="1" fbRx="146.7847386" lbRx="0" />
<p fId="2" fbTx="146.78474" lbTx="146.7847884" tId="0" fbRx="146.784795" lbRx="0" />
<p fId="2" fbTx="146.78474" lbTx="146.7847884" tId="1" fbRx="146.784795" lbRx="0" />
<p fId="2" fbTx="146.78474" lbTx="146.7847884" tId="1" fbRx="146.784795" lbRx="0" />
<p fId="2" fbTx="146.7847954" lbTx="146.7848439" tId="0" fbRx="146.7848504" lbRx="0" />
<p fId="2" fbTx="146.7847954" lbTx="146.7848439" tId="1" fbRx="146.7848504" lbRx="0" />
<p fId="2" fbTx="146.7847954" lbTx="146.7848439" tId="1" fbRx="146.7848504" lbRx="0" />
<p fId="2" fbTx="146.7848508" lbTx="146.7848993" tId="0" fbRx="146.7849059" lbRx="0" />
<p fId="2" fbTx="146.7848508" lbTx="146.7848993" tId="1" fbRx="146.7849059" lbRx="0" />
<p fId="2" fbTx="146.7848508" lbTx="146.7848993" tId="1" fbRx="146.7849059" lbRx="0" />
<p fId="2" fbTx="146.7849063" lbTx="146.7849548" tId="0" fbRx="146.7849613" lbRx="0" />
<p fId="2" fbTx="146.7849063" lbTx="146.7849548" tId="1" fbRx="146.7849613" lbRx="0" />
<p fId="2" fbTx="146.7849063" lbTx="146.7849548" tId="1" fbRx="146.7849613" lbRx="0" />
<p fId="2" fbTx="146.7849627" lbTx="146.7850112" tId="0" fbRx="146.7850178" lbRx="0" />
<p fId="2" fbTx="146.7849627" lbTx="146.7850112" tId="1" fbRx="146.7850178" lbRx="0" />
<p fId="2" fbTx="146.7849627" lbTx="146.7850112" tId="1" fbRx="146.7850178" lbRx="0" />
<p fId="2" fbTx="146.7850242" lbTx="146.7850726" tId="0" fbRx="146.7850792" lbRx="0" />
<p fId="2" fbTx="146.7850242" lbTx="146.7850726" tId="1" fbRx="146.7850792" lbRx="0" />
<p fId="2" fbTx="146.7850242" lbTx="146.7850726" tId="1" fbRx="146.7850792" lbRx="0" />
<p fId="2" fbTx="146.7850826" lbTx="146.7851311" tId="0" fbRx="146.7851376" lbRx="0" />
<p fId="2" fbTx="146.7850826" lbTx="146.7851311" tId="1" fbRx="146.7851376" lbRx="0" />
<p fId="2" fbTx="146.7850826" lbTx="146.7851311" tId="1" fbRx="146.7851376" lbRx="0" />
<p fId="2" fbTx="146.785141" lbTx="146.7851895" tId="0" fbRx="146.7851961" lbRx="0" />
<p fId="2" fbTx="146.785141" lbTx="146.7851895" tId="1" fbRx="146.7851961" lbRx="0" />
<p fId="2" fbTx="146.785141" lbTx="146.7851895" tId="1" fbRx="146.7851961" lbRx="0" />
<p fId="2" fbTx="146.7852035" lbTx="146.785252" tId="0" fbRx="146.7852585" lbRx="0" />
<p fId="2" fbTx="146.7852035" lbTx="146.785252" tId="1" fbRx="146.7852585" lbRx="0" />
<p fId="2" fbTx="146.7852035" lbTx="146.785252" tId="1" fbRx="146.7852585" lbRx="0" />
<p fId="2" fbTx="146.7852589" lbTx="146.7853074" tId="0" fbRx="146.785314" lbRx="0" />
<p fId="2" fbTx="146.7852589" lbTx="146.7853074" tId="1" fbRx="146.785314" lbRx="0" />
<p fId="2" fbTx="146.7852589" lbTx="146.7853074" tId="1" fbRx="146.785314" lbRx="0" />
<p fId="2" fbTx="146.7853144" lbTx="146.7853628" tId="0" fbRx="146.7853694" lbRx="0" />
<p fId="2" fbTx="146.7853144" lbTx="146.7853628" tId="1" fbRx="146.7853694" lbRx="0" />
<p fId="2" fbTx="146.7853144" lbTx="146.7853628" tId="1" fbRx="146.7853694" lbRx="0" />
<p fId="2" fbTx="146.7853738" lbTx="146.7854223" tId="0" fbRx="146.7854288" lbRx="0" />
<p fId="2" fbTx="146.7853738" lbTx="146.7854223" tId="1" fbRx="146.7854288" lbRx="0" />
<p fId="2" fbTx="146.7853738" lbTx="146.7854223" tId="1" fbRx="146.7854288" lbRx="0" />
<p fId="2" fbTx="146.7854302" lbTx="146.7854787" tId="0" fbRx="146.7854853" lbRx="0" />
<p fId="2" fbTx="146.7854302" lbTx="146.7854787" tId="1" fbRx="146.7854853" lbRx="0" />
<p fId="2" fbTx="146.7854302" lbTx="146.7854787" tId="1" fbRx="146.7854853" lbRx="0" />
<p fId="2" fbTx="146.7854887" lbTx="146.7855372" tId="0" fbRx="146.7855437" lbRx="0" />
<p fId="2" fbTx="146.7854887" lbTx="146.7855372" tId="1" fbRx="146.7855437" lbRx="0" />
<p fId="2" fbTx="146.7854887" lbTx="146.7855372" tId="1" fbRx="146.7855437" lbRx="0" />
<p fId="2" fbTx="146.7855451" lbTx="146.7855936" tId="0" fbRx="146.7856002" lbRx="0" />
<p fId="2" fbTx="146.7855451" lbTx="146.7855936" tId="1" fbRx="146.7856002" lbRx="0" />
<p fId="2" fbTx="146.7855451" lbTx="146.7855936" tId="1" fbRx="146.7856002" lbRx="0" />
<p fId="2" fbTx="146.7856106" lbTx="146.785659" tId="0" fbRx="146.7856656" lbRx="0" />
<p fId="2" fbTx="146.7856106" lbTx="146.785659" tId="1" fbRx="146.7856656" lbRx="0" />
<p fId="2" fbTx="146.7856106" lbTx="146.785659" tId="1" fbRx="146.7856656" lbRx="0" />
<p fId="2" fbTx="146.785669" lbTx="146.7857175" tId="0" fbRx="146.785724" lbRx="0" />
<p fId="2" fbTx="146.785669" lbTx="146.7857175" tId="1" fbRx="146.785724" lbRx="0" />
<p fId="2" fbTx="146.785669" lbTx="146.7857175" tId="1" fbRx="146.785724" lbRx="0" />
<p fId="2" fbTx="146.7857294" lbTx="146.7857779" tId="0" fbRx="146.7857845" lbRx="0" />
<p fId="2" fbTx="146.7857294" lbTx="146.7857779" tId="1" fbRx="146.7857845" lbRx="0" />
<p fId="2" fbTx="146.7857294" lbTx="146.7857779" tId="1" fbRx="146.7857845" lbRx="0" />
<p fId="2" fbTx="146.7857969" lbTx="146.7858454" tId="0" fbRx="146.7858519" lbRx="0" />
<p fId="2" fbTx="146.7857969" lbTx="146.7858454" tId="1" fbRx="146.7858519" lbRx="0" />
<p fId="2" fbTx="146.7857969" lbTx="146.7858454" tId="1" fbRx="146.7858519" lbRx="0" />
<p fId="2" fbTx="146.7858523" lbTx="146.7859008" tId="0" fbRx="146.7859074" lbRx="0" />
<p fId="2" fbTx="146.7858523" lbTx="146.7859008" tId="1" fbRx="146.7859074" lbRx="0" />
<p fId="2" fbTx="146.7858523" lbTx="146.7859008" tId="1" fbRx="146.7859074" lbRx="0" />
<p fId="2" fbTx="146.7859088" lbTx="146.7859572" tId="0" fbRx="146.7859638" lbRx="0" />
<p fId="2" fbTx="146.7859088" lbTx="146.7859572" tId="1" fbRx="146.7859638" lbRx="0" />
<p fId="2" fbTx="146.7859088" lbTx="146.7859572" tId="1" fbRx="146.7859638" lbRx="0" />
<p fId="2" fbTx="146.7859652" lbTx="146.7860137" tId="0" fbRx="146.7860202" lbRx="0" />
<p fId="2" fbTx="146.7859652" lbTx="146.7860137" tId="1" fbRx="146.7860202" lbRx="0" />
<p fId="2" fbTx="146.7859652" lbTx="146.7860137" tId="1" fbRx="146.7860202" lbRx="0" />
<p fId="2" fbTx="146.7860206" lbTx="146.7860691" tId="0" fbRx="146.7860757" lbRx="0" />
<p fId="2" fbTx="146.7860206" lbTx="146.7860691" tId="1" fbRx="146.7860757" lbRx="0" />
<p fId="2" fbTx="146.7860206" lbTx="146.7860691" tId="1" fbRx="146.7860757" lbRx="0" />
<p fId="2" fbTx="146.7860781" lbTx="146.7861266" tId="0" fbRx="146.7861331" lbRx="0" />
<p fId="2" fbTx="146.7860781" lbTx="146.7861266" tId="1" fbRx="146.7861331" lbRx="0" />
<p fId="2" fbTx="146.7860781" lbTx="146.7861266" tId="1" fbRx="146.7861331" lbRx="0" />
<p fId="2" fbTx="146.7861345" lbTx="146.786183" tId="0" fbRx="146.7861896" lbRx="0" />
<p fId="2" fbTx="146.7861345" lbTx="146.786183" tId="1" fbRx="146.7861896" lbRx="0" />
<p fId="2" fbTx="146.7861345" lbTx="146.786183" tId="1" fbRx="146.7861896" lbRx="0" />
<p fId="2" fbTx="146.786191" lbTx="146.7862394" tId="0" fbRx="146.786246" lbRx="0" />
<p fId="2" fbTx="146.786191" lbTx="146.7862394" tId="1" fbRx="146.786246" lbRx="0" />
<p fId="2" fbTx="146.786191" lbTx="146.7862394" tId="1" fbRx="146.786246" lbRx="0" />
<p fId="2" fbTx="146.7862494" lbTx="146.7862979" tId="0" fbRx="146.7863044" lbRx="0" />
<p fId="2" fbTx="146.7862494" lbTx="146.7862979" tId="1" fbRx="146.7863044" lbRx="0" />
<p fId="2" fbTx="146.7862494" lbTx="146.7862979" tId="1" fbRx="146.7863044" lbRx="0" />
<p fId="2" fbTx="146.7863068" lbTx="146.7863553" tId="0" fbRx="146.7863619" lbRx="0" />
<p fId="2" fbTx="146.7863068" lbTx="146.7863553" tId="1" fbRx="146.7863619" lbRx="0" />
<p fId="2" fbTx="146.7863068" lbTx="146.7863553" tId="1" fbRx="146.7863619" lbRx="0" />
<p fId="2" fbTx="146.7863663" lbTx="146.7864148" tId="0" fbRx="146.7864213" lbRx="0" />
<p fId="2" fbTx="146.7863663" lbTx="146.7864148" tId="1" fbRx="146.7864213" lbRx="0" />
<p fId="2" fbTx="146.7863663" lbTx="146.7864148" tId="1" fbRx="146.7864213" lbRx="0" />
<p fId="2" fbTx="146.7864227" lbTx="146.7864712" tId="0" fbRx="146.7864778" lbRx="0" />
<p fId="2" fbTx="146.7864227" lbTx="146.7864712" tId="1" fbRx="146.7864778" lbRx="0" />
<p fId="2" fbTx="146.7864227" lbTx="146.7864712" tId="1" fbRx="146.7864778" lbRx="0" />
<p fId="2" fbTx="146.7864802" lbTx="146.7865286" tId="0" fbRx="146.7865352" lbRx="0" />
<p fId="2" fbTx="146.7864802" lbTx="146.7865286" tId="1" fbRx="146.7865352" lbRx="0" />
<p fId="2" fbTx="146.7864802" lbTx="146.7865286" tId="1" fbRx="146.7865352" lbRx="0" />
<p fId="1" fbTx="146.7865442" lbTx="146.7865498" tId="0" fbRx="146.7865564" lbRx="0" />
<p fId="1" fbTx="146.7865442" lbTx="146.7865498" tId="2" fbRx="146.7865564" lbRx="0" />
<p fId="1" fbTx="146.7865442" lbTx="146.7865498" tId="2" fbRx="146.7865564" lbRx="0" />
<p fId="1" fbTx="146.7865568" lbTx="146.7865624" tId="0" fbRx="146.7865689" lbRx="0" />
<p fId="1" fbTx="146.7865568" lbTx="146.7865624" tId="2" fbRx="146.7865689" lbRx="0" />
<p fId="1" fbTx="146.7865568" lbTx="146.7865624" tId="2" fbRx="146.7865689" lbRx="0" />
<p fId="2" fbTx="146.7865796" lbTx="146.7866281" tId="0" fbRx="146.7866346" lbRx="0" />
<p fId="2" fbTx="146.7865796" lbTx="146.7866281" tId="1" fbRx="146.7866346" lbRx="0" />
<p fId="2" fbTx="146.7865796" lbTx="146.7866281" tId="1" fbRx="146.7866346" lbRx="0" />
<p fId="2" fbTx="146.786637" lbTx="146.7866855" tId="0" fbRx="146.7866921" lbRx="0" />
<p fId="2" fbTx="146.786637" lbTx="146.7866855" tId="1" fbRx="146.7866921" lbRx="0" />
<p fId="2" fbTx="146.786637" lbTx="146.7866855" tId="1" fbRx="146.7866921" lbRx="0" />
<p fId="2" fbTx="146.7867025" lbTx="146.786751" tId="0" fbRx="146.7867575" lbRx="0" />
<p fId="2" fbTx="146.7867025" lbTx="146.786751" tId="1" fbRx="146.7867575" lbRx="0" />
<p fId="2" fbTx="146.7867025" lbTx="146.786751" tId="1" fbRx="146.7867575" lbRx="0" />
<p fId="2" fbTx="146.7867589" lbTx="146.7868074" tId="0" fbRx="146.786814" lbRx="0" />
<p fId="2" fbTx="146.7867589" lbTx="146.7868074" tId="1" fbRx="146.786814" lbRx="0" />
<p fId="2" fbTx="146.7867589" lbTx="146.7868074" tId="1" fbRx="146.786814" lbRx="0" />
<p fId="2" fbTx="146.7868154" lbTx="146.7868638" tId="0" fbRx="146.7868704" lbRx="0" />
<p fId="2" fbTx="146.7868154" lbTx="146.7868638" tId="1" fbRx="146.7868704" lbRx="0" />
<p fId="2" fbTx="146.7868154" lbTx="146.7868638" tId="1" fbRx="146.7868704" lbRx="0" />
<p fId="2" fbTx="146.7868718" lbTx="146.7869203" tId="0" fbRx="146.7869268" lbRx="0" />
<p fId="2" fbTx="146.7868718" lbTx="146.7869203" tId="1" fbRx="146.7869268" lbRx="0" />
<p fId="2" fbTx="146.7868718" lbTx="146.7869203" tId="1" fbRx="146.7869268" lbRx="0" />
<p fId="2" fbTx="146.7869302" lbTx="146.7869787" tId="0" fbRx="146.7869853" lbRx="0" />
<p fId="2" fbTx="146.7869302" lbTx="146.7869787" tId="1" fbRx="146.7869853" lbRx="0" />
<p fId="2" fbTx="146.7869302" lbTx="146.7869787" tId="1" fbRx="146.7869853" lbRx="0" />
<p fId="2" fbTx="146.7869857" lbTx="146.7870342" tId="0" fbRx="146.7870407" lbRx="0" />
<p fId="2" fbTx="146.7869857" lbTx="146.7870342" tId="1" fbRx="146.7870407" lbRx="0" />
<p fId="2" fbTx="146.7869857" lbTx="146.7870342" tId="1" fbRx="146.7870407" lbRx="0" />
<p fId="2" fbTx="146.7870421" lbTx="146.7870906" tId="0" fbRx="146.7870972" lbRx="0" />
<p fId="2" fbTx="146.7870421" lbTx="146.7870906" tId="1" fbRx="146.7870972" lbRx="0" />
<p fId="2" fbTx="146.7870421" lbTx="146.7870906" tId="1" fbRx="146.7870972" lbRx="0" />
<p fId="2" fbTx="146.7870986" lbTx="146.787147" tId="0" fbRx="146.7871536" lbRx="0" />
<p fId="2" fbTx="146.7870986" lbTx="146.787147" tId="1" fbRx="146.7871536" lbRx="0" />
<p fId="2" fbTx="146.7870986" lbTx="146.787147" tId="1" fbRx="146.7871536" lbRx="0" />
<p fId="2" fbTx="146.787156" lbTx="146.7872045" tId="0" fbRx="146.787211" lbRx="0" />
<p fId="2" fbTx="146.787156" lbTx="146.7872045" tId="1" fbRx="146.787211" lbRx="0" />
<p fId="2" fbTx="146.787156" lbTx="146.7872045" tId="1" fbRx="146.787211" lbRx="0" />
<p fId="2" fbTx="146.7872134" lbTx="146.7872619" tId="0" fbRx="146.7872685" lbRx="0" />
<p fId="2" fbTx="146.7872134" lbTx="146.7872619" tId="1" fbRx="146.7872685" lbRx="0" />
<p fId="2" fbTx="146.7872134" lbTx="146.7872619" tId="1" fbRx="146.7872685" lbRx="0" />
<p fId="2" fbTx="146.7872689" lbTx="146.7873174" tId="0" fbRx="146.7873239" lbRx="0" />
<p fId="2" fbTx="146.7872689" lbTx="146.7873174" tId="1" fbRx="146.7873239" lbRx="0" />
<p fId="2" fbTx="146.7872689" lbTx="146.7873174" tId="1" fbRx="146.7873239" lbRx="0" />
<p fId="2" fbTx="146.7873243" lbTx="146.7873728" tId="0" fbRx="146.7873794" lbRx="0" />
<p fId="2" fbTx="146.7873243" lbTx="146.7873728" tId="1" fbRx="146.7873794" lbRx="0" />
<p fId="2" fbTx="146.7873243" lbTx="146.7873728" tId="1" fbRx="146.7873794" lbRx="0" />
<p fId="2" fbTx="146.7873808" lbTx="146.7874292" tId="0" fbRx="146.7874358" lbRx="0" />
<p fId="2" fbTx="146.7873808" lbTx="146.7874292" tId="1" fbRx="146.7874358" lbRx="0" />
<p fId="2" fbTx="146.7873808" lbTx="146.7874292" tId="1" fbRx="146.7874358" lbRx="0" />
<p fId="2" fbTx="146.7874482" lbTx="146.7874967" tId="0" fbRx="146.7875032" lbRx="0" />
<p fId="2" fbTx="146.7874482" lbTx="146.7874967" tId="1" fbRx="146.7875032" lbRx="0" />
<p fId="2" fbTx="146.7874482" lbTx="146.7874967" tId="1" fbRx="146.7875032" lbRx="0" />
<p fId="2" fbTx="146.7875066" lbTx="146.7875551" tId="0" fbRx="146.7875617" lbRx="0" />
<p fId="2" fbTx="146.7875066" lbTx="146.7875551" tId="1" fbRx="146.7875617" lbRx="0" />
<p fId="2" fbTx="146.7875066" lbTx="146.7875551" tId="1" fbRx="146.7875617" lbRx="0" />
<p fId="2" fbTx="146.7875701" lbTx="146.7876186" tId="0" fbRx="146.7876251" lbRx="0" />
<p fId="2" fbTx="146.7875701" lbTx="146.7876186" tId="1" fbRx="146.7876251" lbRx="0" />
<p fId="2" fbTx="146.7875701" lbTx="146.7876186" tId="1" fbRx="146.7876251" lbRx="0" />
<p fId="2" fbTx="146.7876375" lbTx="146.787686" tId="0" fbRx="146.7876926" lbRx="0" />
<p fId="2" fbTx="146.7876375" lbTx="146.787686" tId="1" fbRx="146.7876926" lbRx="0" />
<p fId="2" fbTx="146.7876375" lbTx="146.787686" tId="1" fbRx="146.7876926" lbRx="0" />
<p fId="2" fbTx="146.787701" lbTx="146.7877494" tId="0" fbRx="146.787756" lbRx="0" />
<p fId="2" fbTx="146.787701" lbTx="146.7877494" tId="1" fbRx="146.787756" lbRx="0" />
<p fId="2" fbTx="146.787701" lbTx="146.7877494" tId="1" fbRx="146.787756" lbRx="0" />
<p fId="2" fbTx="146.7877584" lbTx="146.7878069" tId="0" fbRx="146.7878134" lbRx="0" />
<p fId="2" fbTx="146.7877584" lbTx="146.7878069" tId="1" fbRx="146.7878134" lbRx="0" />
<p fId="2" fbTx="146.7877584" lbTx="146.7878069" tId="1" fbRx="146.7878134" lbRx="0" />
<p fId="2" fbTx="146.7878148" lbTx="146.7878633" tId="0" fbRx="146.7878699" lbRx="0" />
<p fId="2" fbTx="146.7878148" lbTx="146.7878633" tId="1" fbRx="146.7878699" lbRx="0" />
<p fId="2" fbTx="146.7878148" lbTx="146.7878633" tId="1" fbRx="146.7878699" lbRx="0" />
<p fId="2" fbTx="146.7878703" lbTx="146.7879188" tId="0" fbRx="146.7879253" lbRx="0" />
<p fId="2" fbTx="146.7878703" lbTx="146.7879188" tId="1" fbRx="146.7879253" lbRx="0" />
<p fId="2" fbTx="146.7878703" lbTx="146.7879188" tId="1" fbRx="146.7879253" lbRx="0" />
<p fId="2" fbTx="146.7879267" lbTx="146.7879752" tId="0" fbRx="146.7879818" lbRx="0" />
<p fId="2" fbTx="146.7879267" lbTx="146.7879752" tId="1" fbRx="146.7879818" lbRx="0" />
<p fId="2" fbTx="146.7879267" lbTx="146.7879752" tId="1" fbRx="146.7879818" lbRx="0" />
<p fId="2" fbTx="146.7879842" lbTx="146.7880326" tId="0" fbRx="146.7880392" lbRx="0" />
<p fId="2" fbTx="146.7879842" lbTx="146.7880326" tId="1" fbRx="146.7880392" lbRx="0" />
<p fId="2" fbTx="146.7879842" lbTx="146.7880326" tId="1" fbRx="146.7880392" lbRx="0" />
<p fId="2" fbTx="146.7880466" lbTx="146.7880951" tId="0" fbRx="146.7881016" lbRx="0" />
<p fId="2" fbTx="146.7880466" lbTx="146.7880951" tId="1" fbRx="146.7881016" lbRx="0" />
<p fId="2" fbTx="146.7880466" lbTx="146.7880951" tId="1" fbRx="146.7881016" lbRx="0" />
<p fId="2" fbTx="146.788111" lbTx="146.7881595" tId="0" fbRx="146.7881661" lbRx="0" />
<p fId="2" fbTx="146.788111" lbTx="146.7881595" tId="1" fbRx="146.7881661" lbRx="0" />
<p fId="2" fbTx="146.788111" lbTx="146.7881595" tId="1" fbRx="146.7881661" lbRx="0" />
<p fId="2" fbTx="146.7881665" lbTx="146.788215" tId="0" fbRx="146.7882215" lbRx="0" />
<p fId="2" fbTx="146.7881665" lbTx="146.788215" tId="1" fbRx="146.7882215" lbRx="0" />
<p fId="2" fbTx="146.7881665" lbTx="146.788215" tId="1" fbRx="146.7882215" lbRx="0" />
<p fId="2" fbTx="146.7882319" lbTx="146.7882804" tId="0" fbRx="146.788287" lbRx="0" />
<p fId="2" fbTx="146.7882319" lbTx="146.7882804" tId="1" fbRx="146.788287" lbRx="0" />
<p fId="2" fbTx="146.7882319" lbTx="146.7882804" tId="1" fbRx="146.788287" lbRx="0" />
<p fId="2" fbTx="146.7882894" lbTx="146.7883378" tId="0" fbRx="146.7883444" lbRx="0" />
<p fId="2" fbTx="146.7882894" lbTx="146.7883378" tId="1" fbRx="146.7883444" lbRx="0" />
<p fId="2" fbTx="146.7882894" lbTx="146.7883378" tId="1" fbRx="146.7883444" lbRx="0" />
<p fId="2" fbTx="146.7883448" lbTx="146.7883933" tId="0" fbRx="146.7883998" lbRx="0" />
<p fId="2" fbTx="146.7883448" lbTx="146.7883933" tId="1" fbRx="146.7883998" lbRx="0" />
<p fId="2" fbTx="146.7883448" lbTx="146.7883933" tId="1" fbRx="146.7883998" lbRx="0" />
<p fId="2" fbTx="146.7884032" lbTx="146.7884517" tId="0" fbRx="146.7884583" lbRx="0" />
<p fId="2" fbTx="146.7884032" lbTx="146.7884517" tId="1" fbRx="146.7884583" lbRx="0" />
<p fId="2" fbTx="146.7884032" lbTx="146.7884517" tId="1" fbRx="146.7884583" lbRx="0" />
<p fId="2" fbTx="146.7884587" lbTx="146.7885072" tId="0" fbRx="146.7885137" lbRx="0" />
<p fId="2" fbTx="146.7884587" lbTx="146.7885072" tId="1" fbRx="146.7885137" lbRx="0" />
<p fId="2" fbTx="146.7884587" lbTx="146.7885072" tId="1" fbRx="146.7885137" lbRx="0" />
<p fId="2" fbTx="146.7885211" lbTx="146.7885696" tId="0" fbRx="146.7885762" lbRx="0" />
<p fId="2" fbTx="146.7885211" lbTx="146.7885696" tId="1" fbRx="146.7885762" lbRx="0" />
<p fId="2" fbTx="146.7885211" lbTx="146.7885696" tId="1" fbRx="146.7885762" lbRx="0" />
<p fId="2" fbTx="146.7885766" lbTx="146.788625" tId="0" fbRx="146.7886316" lbRx="0" />
<p fId="2" fbTx="146.7885766" lbTx="146.788625" tId="1" fbRx="146.7886316" lbRx="0" />
<p fId="2" fbTx="146.7885766" lbTx="146.788625" tId="1" fbRx="146.7886316" lbRx="0" />
<p fId="2" fbTx="146.788633" lbTx="146.7886815" tId="0" fbRx="146.788688" lbRx="0" />
<p fId="2" fbTx="146.788633" lbTx="146.7886815" tId="1" fbRx="146.788688" lbRx="0" />
<p fId="2" fbTx="146.788633" lbTx="146.7886815" tId="1" fbRx="146.788688" lbRx="0" />
<p fId="2" fbTx="146.7886964" lbTx="146.7887449" tId="0" fbRx="146.7887515" lbRx="0" />
<p fId="2" fbTx="146.7886964" lbTx="146.7887449" tId="1" fbRx="146.7887515" lbRx="0" />
<p fId="2" fbTx="146.7886964" lbTx="146.7887449" tId="1" fbRx="146.7887515" lbRx="0" />
<p fId="2" fbTx="146.7887519" lbTx="146.7888004" tId="0" fbRx="146.7888069" lbRx="0" />
<p fId="2" fbTx="146.7887519" lbTx="146.7888004" tId="1" fbRx="146.7888069" lbRx="0" />
<p fId="2" fbTx="146.7887519" lbTx="146.7888004" tId="1" fbRx="146.7888069" lbRx="0" />
<p fId="2" fbTx="146.7888093" lbTx="146.7888578" tId="0" fbRx="146.7888644" lbRx="0" />
<p fId="2" fbTx="146.7888093" lbTx="146.7888578" tId="1" fbRx="146.7888644" lbRx="0" />
<p fId="2" fbTx="146.7888093" lbTx="146.7888578" tId="1" fbRx="146.7888644" lbRx="0" />
<p fId="2" fbTx="146.7888688" lbTx="146.7889172" tId="0" fbRx="146.7889238" lbRx="0" />
<p fId="2" fbTx="146.7888688" lbTx="146.7889172" tId="1" fbRx="146.7889238" lbRx="0" />
<p fId="2" fbTx="146.7888688" lbTx="146.7889172" tId="1" fbRx="146.7889238" lbRx="0" />
<p fId="2" fbTx="146.7889272" lbTx="146.7889757" tId="0" fbRx="146.7889822" lbRx="0" />
<p fId="2" fbTx="146.7889272" lbTx="146.7889757" tId="1" fbRx="146.7889822" lbRx="0" />
<p fId="2" fbTx="146.7889272" lbTx="146.7889757" tId="1" fbRx="146.7889822" lbRx="0" />
<p fId="2" fbTx="146.7889916" lbTx="146.7890401" tId="0" fbRx="146.7890467" lbRx="0" />
<p fId="2" fbTx="146.7889916" lbTx="146.7890401" tId="1" fbRx="146.7890467" lbRx="0" />
<p fId="2" fbTx="146.7889916" lbTx="146.7890401" tId="1" fbRx="146.7890467" lbRx="0" />
<p fId="2" fbTx="146.7890481" lbTx="146.7890966" tId="0" fbRx="146.7891031" lbRx="0" />
<p fId="2" fbTx="146.7890481" lbTx="146.7890966" tId="1" fbRx="146.7891031" lbRx="0" />
<p fId="2" fbTx="146.7890481" lbTx="146.7890966" tId="1" fbRx="146.7891031" lbRx="0" />
<p fId="2" fbTx="146.7891075" lbTx="146.789156" tId="0" fbRx="146.7891626" lbRx="0" />
<p fId="2" fbTx="146.7891075" lbTx="146.789156" tId="1" fbRx="146.7891626" lbRx="0" />
<p fId="2" fbTx="146.7891075" lbTx="146.789156" tId="1" fbRx="146.7891626" lbRx="0" />
<p fId="2" fbTx="146.789165" lbTx="146.7892134" tId="0" fbRx="146.78922" lbRx="0" />
<p fId="2" fbTx="146.789165" lbTx="146.7892134" tId="1" fbRx="146.78922" lbRx="0" />
<p fId="2" fbTx="146.789165" lbTx="146.7892134" tId="1" fbRx="146.78922" lbRx="0" />
<p fId="2" fbTx="146.7892204" lbTx="146.7892689" tId="0" fbRx="146.7892754" lbRx="0" />
<p fId="2" fbTx="146.7892204" lbTx="146.7892689" tId="1" fbRx="146.7892754" lbRx="0" />
<p fId="2" fbTx="146.7892204" lbTx="146.7892689" tId="1" fbRx="146.7892754" lbRx="0" />
<p fId="2" fbTx="146.7892788" lbTx="146.7893273" tId="0" fbRx="146.7893339" lbRx="0" />
<p fId="2" fbTx="146.7892788" lbTx="146.7893273" tId="1" fbRx="146.7893339" lbRx="0" />
<p fId="2" fbTx="146.7892788" lbTx="146.7893273" tId="1" fbRx="146.7893339" lbRx="0" />
<p fId="2" fbTx="146.7893343" lbTx="146.7893828" tId="0" fbRx="146.7893893" lbRx="0" />
<p fId="2" fbTx="146.7893343" lbTx="146.7893828" tId="1" fbRx="146.7893893" lbRx="0" />
<p fId="2" fbTx="146.7893343" lbTx="146.7893828" tId="1" fbRx="146.7893893" lbRx="0" />
<p fId="2" fbTx="146.7894017" lbTx="146.7894502" tId="0" fbRx="146.7894568" lbRx="0" />
<p fId="2" fbTx="146.7894017" lbTx="146.7894502" tId="1" fbRx="146.7894568" lbRx="0" />
<p fId="2" fbTx="146.7894017" lbTx="146.7894502" tId="1" fbRx="146.7894568" lbRx="0" />
<p fId="2" fbTx="146.7894642" lbTx="146.7895126" tId="0" fbRx="146.7895192" lbRx="0" />
<p fId="2" fbTx="146.7894642" lbTx="146.7895126" tId="1" fbRx="146.7895192" lbRx="0" />
<p fId="2" fbTx="146.7894642" lbTx="146.7895126" tId="1" fbRx="146.7895192" lbRx="0" />
<p fId="2" fbTx="146.7895316" lbTx="146.7895801" tId="0" fbRx="146.7895866" lbRx="0" />
<p fId="2" fbTx="146.7895316" lbTx="146.7895801" tId="1" fbRx="146.7895866" lbRx="0" />
<p fId="2" fbTx="146.7895316" lbTx="146.7895801" tId="1" fbRx="146.7895866" lbRx="0" />
<p fId="2" fbTx="146.789587" lbTx="146.7896355" tId="0" fbRx="146.7896421" lbRx="0" />
<p fId="2" fbTx="146.789587" lbTx="146.7896355" tId="1" fbRx="146.7896421" lbRx="0" />
<p fId="2" fbTx="146.789587" lbTx="146.7896355" tId="1" fbRx="146.7896421" lbRx="0" />
<p fId="2" fbTx="146.7896425" lbTx="146.789691" tId="0" fbRx="146.7896975" lbRx="0" />
<p fId="2" fbTx="146.7896425" lbTx="146.789691" tId="1" fbRx="146.7896975" lbRx="0" />
<p fId="2" fbTx="146.7896425" lbTx="146.789691" tId="1" fbRx="146.7896975" lbRx="0" />
<p fId="2" fbTx="146.7897009" lbTx="146.7897494" tId="0" fbRx="146.789756" lbRx="0" />
<p fId="2" fbTx="146.7897009" lbTx="146.7897494" tId="1" fbRx="146.789756" lbRx="0" />
<p fId="2" fbTx="146.7897009" lbTx="146.7897494" tId="1" fbRx="146.789756" lbRx="0" />
<p fId="2" fbTx="146.7897584" lbTx="146.7898068" tId="0" fbRx="146.7898134" lbRx="0" />
<p fId="2" fbTx="146.7897584" lbTx="146.7898068" tId="1" fbRx="146.7898134" lbRx="0" />
<p fId="2" fbTx="146.7897584" lbTx="146.7898068" tId="1" fbRx="146.7898134" lbRx="0" />
<p fId="2" fbTx="146.7898148" lbTx="146.7898633" tId="0" fbRx="146.7898698" lbRx="0" />
<p fId="2" fbTx="146.7898148" lbTx="146.7898633" tId="1" fbRx="146.7898698" lbRx="0" />
<p fId="2" fbTx="146.7898148" lbTx="146.7898633" tId="1" fbRx="146.7898698" lbRx="0" />
<p fId="2" fbTx="146.7898702" lbTx="146.7899187" tId="0" fbRx="146.7899253" lbRx="0" />
<p fId="2" fbTx="146.7898702" lbTx="146.7899187" tId="1" fbRx="146.7899253" lbRx="0" />
<p fId="2" fbTx="146.7898702" lbTx="146.7899187" tId="1" fbRx="146.7899253" lbRx="0" />
<p fId="2" fbTx="146.7899317" lbTx="146.7899802" tId="0" fbRx="146.7899867" lbRx="0" />
<p fId="2" fbTx="146.7899317" lbTx="146.7899802" tId="1" fbRx="146.7899867" lbRx="0" />
<p fId="2" fbTx="146.7899317" lbTx="146.7899802" tId="1" fbRx="146.7899867" lbRx="0" />
<p fId="2" fbTx="146.7899891" lbTx="146.7900376" tId="0" fbRx="146.7900442" lbRx="0" />
<p fId="2" fbTx="146.7899891" lbTx="146.7900376" tId="1" fbRx="146.7900442" lbRx="0" />
<p fId="2" fbTx="146.7899891" lbTx="146.7900376" tId="1" fbRx="146.7900442" lbRx="0" />
<p fId="2" fbTx="146.7900516" lbTx="146.7901" tId="0" fbRx="146.7901066" lbRx="0" />
<p fId="2" fbTx="146.7900516" lbTx="146.7901" tId="1" fbRx="146.7901066" lbRx="0" />
<p fId="2" fbTx="146.7900516" lbTx="146.7901" tId="1" fbRx="146.7901066" lbRx="0" />
<p fId="2" fbTx="146.79011" lbTx="146.7901585" tId="0" fbRx="146.790165" lbRx="0" />
<p fId="2" fbTx="146.79011" lbTx="146.7901585" tId="1" fbRx="146.790165" lbRx="0" />
<p fId="2" fbTx="146.79011" lbTx="146.7901585" tId="1" fbRx="146.790165" lbRx="0" />
<p fId="2" fbTx="146.7901664" lbTx="146.7902149" tId="0" fbRx="146.7902215" lbRx="0" />
<p fId="2" fbTx="146.7901664" lbTx="146.7902149" tId="1" fbRx="146.7902215" lbRx="0" />
<p fId="2" fbTx="146.7901664" lbTx="146.7902149" tId="1" fbRx="146.7902215" lbRx="0" />
<p fId="2" fbTx="146.7902219" lbTx="146.7902704" tId="0" fbRx="146.7902769" lbRx="0" />
<p fId="2" fbTx="146.7902219" lbTx="146.7902704" tId="1" fbRx="146.7902769" lbRx="0" />
<p fId="2" fbTx="146.7902219" lbTx="146.7902704" tId="1" fbRx="146.7902769" lbRx="0" />
<p fId="2" fbTx="146.7902793" lbTx="146.7903278" tId="0" fbRx="146.7903344" lbRx="0" />
<p fId="2" fbTx="146.7902793" lbTx="146.7903278" tId="1" fbRx="146.7903344" lbRx="0" />
<p fId="2" fbTx="146.7902793" lbTx="146.7903278" tId="1" fbRx="146.7903344" lbRx="0" />
<p fId="2" fbTx="146.7903348" lbTx="146.7903832" tId="0" fbRx="146.7903898" lbRx="0" />
<p fId="2" fbTx="146.7903348" lbTx="146.7903832" tId="1" fbRx="146.7903898" lbRx="0" />
<p fId="2" fbTx="146.7903348" lbTx="146.7903832" tId="1" fbRx="146.7903898" lbRx="0" />
<p fId="2" fbTx="146.7903982" lbTx="146.7904467" tId="0" fbRx="146.7904532" lbRx="0" />
<p fId="2" fbTx="146.7903982" lbTx="146.7904467" tId="1" fbRx="146.7904532" lbRx="0" />
<p fId="2" fbTx="146.7903982" lbTx="146.7904467" tId="1" fbRx="146.7904532" lbRx="0" />
<p fId="2" fbTx="146.7904626" lbTx="146.7905111" tId="0" fbRx="146.7905177" lbRx="0" />
<p fId="2" fbTx="146.7904626" lbTx="146.7905111" tId="1" fbRx="146.7905177" lbRx="0" />
<p fId="2" fbTx="146.7904626" lbTx="146.7905111" tId="1" fbRx="146.7905177" lbRx="0" />
<p fId="2" fbTx="146.7905201" lbTx="146.7905686" tId="0" fbRx="146.7905751" lbRx="0" />
<p fId="2" fbTx="146.7905201" lbTx="146.7905686" tId="1" fbRx="146.7905751" lbRx="0" />
<p fId="2" fbTx="146.7905201" lbTx="146.7905686" tId="1" fbRx="146.7905751" lbRx="0" />
<p fId="2" fbTx="146.7905785" lbTx="146.790627" tId="0" fbRx="146.7906336" lbRx="0" />
<p fId="2" fbTx="146.7905785" lbTx="146.790627" tId="1" fbRx="146.7906336" lbRx="0" />
<p fId="2" fbTx="146.7905785" lbTx="146.790627" tId="1" fbRx="146.7906336" lbRx="0" />
<p fId="2" fbTx="146.790637" lbTx="146.7906854" tId="0" fbRx="146.790692" lbRx="0" />
<p fId="2" fbTx="146.790637" lbTx="146.7906854" tId="1" fbRx="146.790692" lbRx="0" />
<p fId="2" fbTx="146.790637" lbTx="146.7906854" tId="1" fbRx="146.790692" lbRx="0" />
<p fId="2" fbTx="146.7906954" lbTx="146.7907439" tId="0" fbRx="146.7907504" lbRx="0" />
<p fId="2" fbTx="146.7906954" lbTx="146.7907439" tId="1" fbRx="146.7907504" lbRx="0" />
<p fId="2" fbTx="146.7906954" lbTx="146.7907439" tId="1" fbRx="146.7907504" lbRx="0" />
<p fId="2" fbTx="146.7907508" lbTx="146.7907993" tId="0" fbRx="146.7908059" lbRx="0" />
<p fId="2" fbTx="146.7907508" lbTx="146.7907993" tId="1" fbRx="146.7908059" lbRx="0" />
<p fId="2" fbTx="146.7907508" lbTx="146.7907993" tId="1" fbRx="146.7908059" lbRx="0" />
<p fId="2" fbTx="146.7908073" lbTx="146.7908558" tId="0" fbRx="146.7908623" lbRx="0" />
<p fId="2" fbTx="146.7908073" lbTx="146.7908558" tId="1" fbRx="146.7908623" lbRx="0" />
<p fId="2" fbTx="146.7908073" lbTx="146.7908558" tId="1" fbRx="146.7908623" lbRx="0" />
<p fId="2" fbTx="146.7908647" lbTx="146.7909132" tId="0" fbRx="146.7909198" lbRx="0" />
<p fId="2" fbTx="146.7908647" lbTx="146.7909132" tId="1" fbRx="146.7909198" lbRx="0" />
<p fId="2" fbTx="146.7908647" lbTx="146.7909132" tId="1" fbRx="146.7909198" lbRx="0" />
<p fId="2" fbTx="146.7909212" lbTx="146.7909696" tId="0" fbRx="146.7909762" lbRx="0" />
<p fId="2" fbTx="146.7909212" lbTx="146.7909696" tId="1" fbRx="146.7909762" lbRx="0" />
<p fId="2" fbTx="146.7909212" lbTx="146.7909696" tId="1" fbRx="146.7909762" lbRx="0" />
<p fId="2" fbTx="146.7909766" lbTx="146.7910251" tId="0" fbRx="146.7910316" lbRx="0" />
<p fId="2" fbTx="146.7909766" lbTx="146.7910251" tId="1" fbRx="146.7910316" lbRx="0" />
<p fId="2" fbTx="146.7909766" lbTx="146.7910251" tId="1" fbRx="146.7910316" lbRx="0" />
<p fId="2" fbTx="146.791032" lbTx="146.7910805" tId="0" fbRx="146.7910871" lbRx="0" />
<p fId="2" fbTx="146.791032" lbTx="146.7910805" tId="1" fbRx="146.7910871" lbRx="0" />
<p fId="2" fbTx="146.791032" lbTx="146.7910805" tId="1" fbRx="146.7910871" lbRx="0" />
<p fId="2" fbTx="146.7910875" lbTx="146.791136" tId="0" fbRx="146.7911425" lbRx="0" />
<p fId="2" fbTx="146.7910875" lbTx="146.791136" tId="1" fbRx="146.7911425" lbRx="0" />
<p fId="2" fbTx="146.7910875" lbTx="146.791136" tId="1" fbRx="146.7911425" lbRx="0" />
<p fId="2" fbTx="146.7911449" lbTx="146.7911934" tId="0" fbRx="146.7912" lbRx="0" />
<p fId="2" fbTx="146.7911449" lbTx="146.7911934" tId="1" fbRx="146.7912" lbRx="0" />
<p fId="2" fbTx="146.7911449" lbTx="146.7911934" tId="1" fbRx="146.7912" lbRx="0" />
<p fId="2" fbTx="146.7912054" lbTx="146.7912538" tId="0" fbRx="146.7912604" lbRx="0" />
<p fId="2" fbTx="146.7912054" lbTx="146.7912538" tId="1" fbRx="146.7912604" lbRx="0" />
<p fId="2" fbTx="146.7912054" lbTx="146.7912538" tId="1" fbRx="146.7912604" lbRx="0" />
<p fId="2" fbTx="146.7912658" lbTx="146.7913143" tId="0" fbRx="146.7913208" lbRx="0" />
<p fId="2" fbTx="146.7912658" lbTx="146.7913143" tId="1" fbRx="146.7913208" lbRx="0" />
<p fId="2" fbTx="146.7912658" lbTx="146.7913143" tId="1" fbRx="146.7913208" lbRx="0" />
<p fId="2" fbTx="146.7913232" lbTx="146.7913717" tId="0" fbRx="146.7913783" lbRx="0" />
<p fId="2" fbTx="146.7913232" lbTx="146.7913717" tId="1" fbRx="146.7913783" lbRx="0" />
<p fId="2" fbTx="146.7913232" lbTx="146.7913717" tId="1" fbRx="146.7913783" lbRx="0" />
<p fId="2" fbTx="146.7913807" lbTx="146.7914292" tId="0" fbRx="146.7914357" lbRx="0" />
<p fId="2" fbTx="146.7913807" lbTx="146.7914292" tId="1" fbRx="146.7914357" lbRx="0" />
<p fId="2" fbTx="146.7913807" lbTx="146.7914292" tId="1" fbRx="146.7914357" lbRx="0" />
<p fId="2" fbTx="146.7914381" lbTx="146.7914866" tId="0" fbRx="146.7914932" lbRx="0" />
<p fId="2" fbTx="146.7914381" lbTx="146.7914866" tId="1" fbRx="146.7914932" lbRx="0" />
<p fId="2" fbTx="146.7914381" lbTx="146.7914866" tId="1" fbRx="146.7914932" lbRx="0" />
<p fId="2" fbTx="146.7914946" lbTx="146.791543" tId="0" fbRx="146.7915496" lbRx="0" />
<p fId="2" fbTx="146.7914946" lbTx="146.791543" tId="1" fbRx="146.7915496" lbRx="0" />
<p fId="2" fbTx="146.7914946" lbTx="146.791543" tId="1" fbRx="146.7915496" lbRx="0" />
<p fId="2" fbTx="146.79155" lbTx="146.7915985" tId="0" fbRx="146.791605" lbRx="0" />
<p fId="2" fbTx="146.79155" lbTx="146.7915985" tId="1" fbRx="146.791605" lbRx="0" />
<p fId="2" fbTx="146.79155" lbTx="146.7915985" tId="1" fbRx="146.791605" lbRx="0" />
<p fId="2" fbTx="146.7916054" lbTx="146.7916539" tId="0" fbRx="146.7916605" lbRx="0" />
<p fId="2" fbTx="146.7916054" lbTx="146.7916539" tId="1" fbRx="146.7916605" lbRx="0" />
<p fId="2" fbTx="146.7916054" lbTx="146.7916539" tId="1" fbRx="146.7916605" lbRx="0" />
<p fId="2" fbTx="146.7916609" lbTx="146.7917094" tId="0" fbRx="146.7917159" lbRx="0" />
<p fId="2" fbTx="146.7916609" lbTx="146.7917094" tId="1" fbRx="146.7917159" lbRx="0" />
<p fId="2" fbTx="146.7916609" lbTx="146.7917094" tId="1" fbRx="146.7917159" lbRx="0" />
<p fId="2" fbTx="146.7917163" lbTx="146.7917648" tId="0" fbRx="146.7917714" lbRx="0" />
<p fId="2" fbTx="146.7917163" lbTx="146.7917648" tId="1" fbRx="146.7917714" lbRx="0" />
<p fId="2" fbTx="146.7917163" lbTx="146.7917648" tId="1" fbRx="146.7917714" lbRx="0" />
<p fId="2" fbTx="146.7917768" lbTx="146.7918252" tId="0" fbRx="146.7918318" lbRx="0" />
<p fId="2" fbTx="146.7917768" lbTx="146.7918252" tId="1" fbRx="146.7918318" lbRx="0" />
<p fId="2" fbTx="146.7917768" lbTx="146.7918252" tId="1" fbRx="146.7918318" lbRx="0" />
<p fId="2" fbTx="146.7918322" lbTx="146.7918807" tId="0" fbRx="146.7918872" lbRx="0" />
<p fId="2" fbTx="146.7918322" lbTx="146.7918807" tId="1" fbRx="146.7918872" lbRx="0" />
<p fId="2" fbTx="146.7918322" lbTx="146.7918807" tId="1" fbRx="146.7918872" lbRx="0" />
<p fId="2" fbTx="146.7918896" lbTx="146.7919381" tId="0" fbRx="146.7919447" lbRx="0" />
<p fId="2" fbTx="146.7918896" lbTx="146.7919381" tId="1" fbRx="146.7919447" lbRx="0" />
<p fId="2" fbTx="146.7918896" lbTx="146.7919381" tId="1" fbRx="146.7919447" lbRx="0" />
<p fId="2" fbTx="146.7919471" lbTx="146.7919956" tId="0" fbRx="146.7920021" lbRx="0" />
<p fId="2" fbTx="146.7919471" lbTx="146.7919956" tId="1" fbRx="146.7920021" lbRx="0" />
<p fId="2" fbTx="146.7919471" lbTx="146.7919956" tId="1" fbRx="146.7920021" lbRx="0" />
<p fId="2" fbTx="146.7920035" lbTx="146.792052" tId="0" fbRx="146.7920586" lbRx="0" />
<p fId="2" fbTx="146.7920035" lbTx="146.792052" tId="1" fbRx="146.7920586" lbRx="0" />
<p fId="2" fbTx="146.7920035" lbTx="146.792052" tId="1" fbRx="146.7920586" lbRx="0" />
<p fId="2" fbTx="146.792065" lbTx="146.7921134" tId="0" fbRx="146.79212" lbRx="0" />
<p fId="2" fbTx="146.792065" lbTx="146.7921134" tId="1" fbRx="146.79212" lbRx="0" />
<p fId="2" fbTx="146.792065" lbTx="146.7921134" tId="1" fbRx="146.79212" lbRx="0" />
<p fId="2" fbTx="146.7921224" lbTx="146.7921709" tId="0" fbRx="146.7921774" lbRx="0" />
<p fId="2" fbTx="146.7921224" lbTx="146.7921709" tId="1" fbRx="146.7921774" lbRx="0" />
<p fId="2" fbTx="146.7921224" lbTx="146.7921709" tId="1" fbRx="146.7921774" lbRx="0" />
<p fId="2" fbTx="146.7921788" lbTx="146.7922273" tId="0" fbRx="146.7922339" lbRx="0" />
<p fId="2" fbTx="146.7921788" lbTx="146.7922273" tId="1" fbRx="146.7922339" lbRx="0" />
<p fId="2" fbTx="146.7921788" lbTx="146.7922273" tId="1" fbRx="146.7922339" lbRx="0" />
<p fId="2" fbTx="146.7922373" lbTx="146.7922858" tId="0" fbRx="146.7922923" lbRx="0" />
<p fId="2" fbTx="146.7922373" lbTx="146.7922858" tId="1" fbRx="146.7922923" lbRx="0" />
<p fId="2" fbTx="146.7922373" lbTx="146.7922858" tId="1" fbRx="146.7922923" lbRx="0" />
<p fId="2" fbTx="146.7922947" lbTx="146.7923432" tId="0" fbRx="146.7923498" lbRx="0" />
<p fId="2" fbTx="146.7922947" lbTx="146.7923432" tId="1" fbRx="146.7923498" lbRx="0" />
<p fId="2" fbTx="146.7922947" lbTx="146.7923432" tId="1" fbRx="146.7923498" lbRx="0" />
<p fId="2" fbTx="146.7923612" lbTx="146.7924096" tId="0" fbRx="146.7924162" lbRx="0" />
<p fId="2" fbTx="146.7923612" lbTx="146.7924096" tId="1" fbRx="146.7924162" lbRx="0" />
<p fId="2" fbTx="146.7923612" lbTx="146.7924096" tId="1" fbRx="146.7924162" lbRx="0" />
<p fId="2" fbTx="146.7924176" lbTx="146.7924661" tId="0" fbRx="146.7924726" lbRx="0" />
<p fId="2" fbTx="146.7924176" lbTx="146.7924661" tId="1" fbRx="146.7924726" lbRx="0" />
<p fId="2" fbTx="146.7924176" lbTx="146.7924661" tId="1" fbRx="146.7924726" lbRx="0" />
<p fId="2" fbTx="146.792479" lbTx="146.7925275" tId="0" fbRx="146.7925341" lbRx="0" />
<p fId="2" fbTx="146.792479" lbTx="146.7925275" tId="1" fbRx="146.7925341" lbRx="0" />
<p fId="2" fbTx="146.792479" lbTx="146.7925275" tId="1" fbRx="146.7925341" lbRx="0" />
<p fId="2" fbTx="146.7925455" lbTx="146.792594" tId="0" fbRx="146.7926005" lbRx="0" />
<p fId="2" fbTx="146.7925455" lbTx="146.792594" tId="1" fbRx="146.7926005" lbRx="0" />
<p fId="2" fbTx="146.7925455" lbTx="146.792594" tId="1" fbRx="146.7926005" lbRx="0" />
<p fId="2" fbTx="146.7926019" lbTx="146.7926504" tId="0" fbRx="146.792657" lbRx="0" />
<p fId="2" fbTx="146.7926019" lbTx="146.7926504" tId="1" fbRx="146.792657" lbRx="0" />
<p fId="2" fbTx="146.7926019" lbTx="146.7926504" tId="1" fbRx="146.792657" lbRx="0" />
<p fId="2" fbTx="146.7926584" lbTx="146.7927068" tId="0" fbRx="146.7927134" lbRx="0" />
<p fId="2" fbTx="146.7926584" lbTx="146.7927068" tId="1" fbRx="146.7927134" lbRx="0" />
<p fId="2" fbTx="146.7926584" lbTx="146.7927068" tId="1" fbRx="146.7927134" lbRx="0" />
<p fId="2" fbTx="146.7927228" lbTx="146.7927713" tId="0" fbRx="146.7927778" lbRx="0" />
<p fId="2" fbTx="146.7927228" lbTx="146.7927713" tId="1" fbRx="146.7927778" lbRx="0" />
<p fId="2" fbTx="146.7927228" lbTx="146.7927713" tId="1" fbRx="146.7927778" lbRx="0" />
<p fId="2" fbTx="146.7927792" lbTx="146.7928277" tId="0" fbRx="146.7928343" lbRx="0" />
<p fId="2" fbTx="146.7927792" lbTx="146.7928277" tId="1" fbRx="146.7928343" lbRx="0" />
<p fId="2" fbTx="146.7927792" lbTx="146.7928277" tId="1" fbRx="146.7928343" lbRx="0" />
<p fId="2" fbTx="146.7928377" lbTx="146.7928862" tId="0" fbRx="146.7928927" lbRx="0" />
<p fId="2" fbTx="146.7928377" lbTx="146.7928862" tId="1" fbRx="146.7928927" lbRx="0" />
<p fId="2" fbTx="146.7928377" lbTx="146.7928862" tId="1" fbRx="146.7928927" lbRx="0" />
<p fId="2" fbTx="146.7928931" lbTx="146.7929416" tId="0" fbRx="146.7929482" lbRx="0" />
<p fId="2" fbTx="146.7928931" lbTx="146.7929416" tId="1" fbRx="146.7929482" lbRx="0" />
<p fId="2" fbTx="146.7928931" lbTx="146.7929416" tId="1" fbRx="146.7929482" lbRx="0" />
<p fId="2" fbTx="146.7929486" lbTx="146.792997" tId="0" fbRx="146.7930036" lbRx="0" />
<p fId="2" fbTx="146.7929486" lbTx="146.792997" tId="1" fbRx="146.7930036" lbRx="0" />
<p fId="2" fbTx="146.7929486" lbTx="146.792997" tId="1" fbRx="146.7930036" lbRx="0" />
<p fId="2" fbTx="146.793014" lbTx="146.7930625" tId="0" fbRx="146.793069" lbRx="0" />
<p fId="2" fbTx="146.793014" lbTx="146.7930625" tId="1" fbRx="146.793069" lbRx="0" />
<p fId="2" fbTx="146.793014" lbTx="146.7930625" tId="1" fbRx="146.793069" lbRx="0" />
<p fId="2" fbTx="146.7930814" lbTx="146.7931299" tId="0" fbRx="146.7931365" lbRx="0" />
<p fId="2" fbTx="146.7930814" lbTx="146.7931299" tId="1" fbRx="146.7931365" lbRx="0" />
<p fId="2" fbTx="146.7930814" lbTx="146.7931299" tId="1" fbRx="146.7931365" lbRx="0" />
<p fId="2" fbTx="146.7931389" lbTx="146.7931874" tId="0" fbRx="146.7931939" lbRx="0" />
<p fId="2" fbTx="146.7931389" lbTx="146.7931874" tId="1" fbRx="146.7931939" lbRx="0" />
<p fId="2" fbTx="146.7931389" lbTx="146.7931874" tId="1" fbRx="146.7931939" lbRx="0" />
<p fId="2" fbTx="146.7932053" lbTx="146.7932538" tId="0" fbRx="146.7932604" lbRx="0" />
<p fId="2" fbTx="146.7932053" lbTx="146.7932538" tId="1" fbRx="146.7932604" lbRx="0" />
<p fId="2" fbTx="146.7932053" lbTx="146.7932538" tId="1" fbRx="146.7932604" lbRx="0" />
<p fId="2" fbTx="146.7932668" lbTx="146.7933152" tId="0" fbRx="146.7933218" lbRx="0" />
<p fId="2" fbTx="146.7932668" lbTx="146.7933152" tId="1" fbRx="146.7933218" lbRx="0" />
<p fId="2" fbTx="146.7932668" lbTx="146.7933152" tId="1" fbRx="146.7933218" lbRx="0" />
<p fId="2" fbTx="146.7933252" lbTx="146.7933737" tId="0" fbRx="146.7933802" lbRx="0" />
<p fId="2" fbTx="146.7933252" lbTx="146.7933737" tId="1" fbRx="146.7933802" lbRx="0" />
<p fId="2" fbTx="146.7933252" lbTx="146.7933737" tId="1" fbRx="146.7933802" lbRx="0" />
<p fId="2" fbTx="146.7933816" lbTx="146.7934301" tId="0" fbRx="146.7934367" lbRx="0" />
<p fId="2" fbTx="146.7933816" lbTx="146.7934301" tId="1" fbRx="146.7934367" lbRx="0" />
<p fId="2" fbTx="146.7933816" lbTx="146.7934301" tId="1" fbRx="146.7934367" lbRx="0" />
<p fId="2" fbTx="146.7934401" lbTx="146.7934886" tId="0" fbRx="146.7934951" lbRx="0" />
<p fId="2" fbTx="146.7934401" lbTx="146.7934886" tId="1" fbRx="146.7934951" lbRx="0" />
<p fId="2" fbTx="146.7934401" lbTx="146.7934886" tId="1" fbRx="146.7934951" lbRx="0" />
<p fId="2" fbTx="146.7935025" lbTx="146.793551" tId="0" fbRx="146.7935576" lbRx="0" />
<p fId="2" fbTx="146.7935025" lbTx="146.793551" tId="1" fbRx="146.7935576" lbRx="0" />
<p fId="2" fbTx="146.7935025" lbTx="146.793551" tId="1" fbRx="146.7935576" lbRx="0" />
<p fId="2" fbTx="146.793563" lbTx="146.7936114" tId="0" fbRx="146.793618" lbRx="0" />
<p fId="2" fbTx="146.793563" lbTx="146.7936114" tId="1" fbRx="146.793618" lbRx="0" />
<p fId="2" fbTx="146.793563" lbTx="146.7936114" tId="1" fbRx="146.793618" lbRx="0" />
<p fId="2" fbTx="146.7936204" lbTx="146.7936689" tId="0" fbRx="146.7936754" lbRx="0" />
<p fId="2" fbTx="146.7936204" lbTx="146.7936689" tId="1" fbRx="146.7936754" lbRx="0" />
<p fId="2" fbTx="146.7936204" lbTx="146.7936689" tId="1" fbRx="146.7936754" lbRx="0" />
<p fId="2" fbTx="146.7936778" lbTx="146.7937263" tId="0" fbRx="146.7937329" lbRx="0" />
<p fId="2" fbTx="146.7936778" lbTx="146.7937263" tId="1" fbRx="146.7937329" lbRx="0" />
<p fId="2" fbTx="146.7936778" lbTx="146.7937263" tId="1" fbRx="146.7937329" lbRx="0" />
<p fId="2" fbTx="146.7937463" lbTx="146.7937948" tId="0" fbRx="146.7938013" lbRx="0" />
<p fId="2" fbTx="146.7937463" lbTx="146.7937948" tId="1" fbRx="146.7938013" lbRx="0" />
<p fId="2" fbTx="146.7937463" lbTx="146.7937948" tId="1" fbRx="146.7938013" lbRx="0" />
<p fId="2" fbTx="146.7938027" lbTx="146.7938512" tId="0" fbRx="146.7938578" lbRx="0" />
<p fId="2" fbTx="146.7938027" lbTx="146.7938512" tId="1" fbRx="146.7938578" lbRx="0" />
<p fId="2" fbTx="146.7938027" lbTx="146.7938512" tId="1" fbRx="146.7938578" lbRx="0" />
<p fId="2" fbTx="146.7938582" lbTx="146.7939066" tId="0" fbRx="146.7939132" lbRx="0" />
<p fId="2" fbTx="146.7938582" lbTx="146.7939066" tId="1" fbRx="146.7939132" lbRx="0" />
<p fId="2" fbTx="146.7938582" lbTx="146.7939066" tId="1" fbRx="146.7939132" lbRx="0" />
<p fId="2" fbTx="146.7939146" lbTx="146.7939631" tId="0" fbRx="146.7939696" lbRx="0" />
<p fId="2" fbTx="146.7939146" lbTx="146.7939631" tId="1" fbRx="146.7939696" lbRx="0" />
<p fId="2" fbTx="146.7939146" lbTx="146.7939631" tId="1" fbRx="146.7939696" lbRx="0" />
<p fId="2" fbTx="146.793971" lbTx="146.7940195" tId="0" fbRx="146.7940261" lbRx="0" />
<p fId="2" fbTx="146.793971" lbTx="146.7940195" tId="1" fbRx="146.7940261" lbRx="0" />
<p fId="2" fbTx="146.793971" lbTx="146.7940195" tId="1" fbRx="146.7940261" lbRx="0" />
<p fId="2" fbTx="146.7940355" lbTx="146.794084" tId="0" fbRx="146.7940905" lbRx="0" />
<p fId="2" fbTx="146.7940355" lbTx="146.794084" tId="1" fbRx="146.7940905" lbRx="0" />
<p fId="2" fbTx="146.7940355" lbTx="146.794084" tId="1" fbRx="146.7940905" lbRx="0" />
<p fId="2" fbTx="146.7940949" lbTx="146.7941434" tId="0" fbRx="146.79415" lbRx="0" />
<p fId="2" fbTx="146.7940949" lbTx="146.7941434" tId="1" fbRx="146.79415" lbRx="0" />
<p fId="2" fbTx="146.7940949" lbTx="146.7941434" tId="1" fbRx="146.79415" lbRx="0" />
<p fId="2" fbTx="146.7941534" lbTx="146.7942018" tId="0" fbRx="146.7942084" lbRx="0" />
<p fId="2" fbTx="146.7941534" lbTx="146.7942018" tId="1" fbRx="146.7942084" lbRx="0" />
<p fId="2" fbTx="146.7941534" lbTx="146.7942018" tId="1" fbRx="146.7942084" lbRx="0" />
<p fId="2" fbTx="146.7942108" lbTx="146.7942593" tId="0" fbRx="146.7942658" lbRx="0" />
<p fId="2" fbTx="146.7942108" lbTx="146.7942593" tId="1" fbRx="146.7942658" lbRx="0" />
<p fId="2" fbTx="146.7942108" lbTx="146.7942593" tId="1" fbRx="146.7942658" lbRx="0" />
<p fId="2" fbTx="146.7942662" lbTx="146.7943147" tId="0" fbRx="146.7943213" lbRx="0" />
<p fId="2" fbTx="146.7942662" lbTx="146.7943147" tId="1" fbRx="146.7943213" lbRx="0" />
<p fId="2" fbTx="146.7942662" lbTx="146.7943147" tId="1" fbRx="146.7943213" lbRx="0" />
<p fId="2" fbTx="146.7943237" lbTx="146.7943722" tId="0" fbRx="146.7943787" lbRx="0" />
<p fId="2" fbTx="146.7943237" lbTx="146.7943722" tId="1" fbRx="146.7943787" lbRx="0" />
<p fId="2" fbTx="146.7943237" lbTx="146.7943722" tId="1" fbRx="146.7943787" lbRx="0" />
<p fId="2" fbTx="146.7943831" lbTx="146.7944316" tId="0" fbRx="146.7944382" lbRx="0" />
<p fId="2" fbTx="146.7943831" lbTx="146.7944316" tId="1" fbRx="146.7944382" lbRx="0" />
<p fId="2" fbTx="146.7943831" lbTx="146.7944316" tId="1" fbRx="146.7944382" lbRx="0" />
<p fId="2" fbTx="146.7944466" lbTx="146.794495" tId="0" fbRx="146.7945016" lbRx="0" />
<p fId="2" fbTx="146.7944466" lbTx="146.794495" tId="1" fbRx="146.7945016" lbRx="0" />
<p fId="2" fbTx="146.7944466" lbTx="146.794495" tId="1" fbRx="146.7945016" lbRx="0" />
<p fId="2" fbTx="146.794505" lbTx="146.7945535" tId="0" fbRx="146.79456" lbRx="0" />
<p fId="2" fbTx="146.794505" lbTx="146.7945535" tId="1" fbRx="146.79456" lbRx="0" />
<p fId="2" fbTx="146.794505" lbTx="146.7945535" tId="1" fbRx="146.79456" lbRx="0" />
<p fId="2" fbTx="146.7945614" lbTx="146.7946099" tId="0" fbRx="146.7946165" lbRx="0" />
<p fId="2" fbTx="146.7945614" lbTx="146.7946099" tId="1" fbRx="146.7946165" lbRx="0" />
<p fId="2" fbTx="146.7945614" lbTx="146.7946099" tId="1" fbRx="146.7946165" lbRx="0" />
<p fId="2" fbTx="146.7946179" lbTx="146.7946664" tId="0" fbRx="146.7946729" lbRx="0" />
<p fId="2" fbTx="146.7946179" lbTx="146.7946664" tId="1" fbRx="146.7946729" lbRx="0" />
<p fId="2" fbTx="146.7946179" lbTx="146.7946664" tId="1" fbRx="146.7946729" lbRx="0" />
<p fId="2" fbTx="146.7946853" lbTx="146.7947338" tId="0" fbRx="146.7947404" lbRx="0" />
<p fId="2" fbTx="146.7946853" lbTx="146.7947338" tId="1" fbRx="146.7947404" lbRx="0" />
<p fId="2" fbTx="146.7946853" lbTx="146.7947338" tId="1" fbRx="146.7947404" lbRx="0" />
<p fId="2" fbTx="146.7947438" lbTx="146.7947922" tId="0" fbRx="146.7947988" lbRx="0" />
<p fId="2" fbTx="146.7947438" lbTx="146.7947922" tId="1" fbRx="146.7947988" lbRx="0" />
<p fId="2" fbTx="146.7947438" lbTx="146.7947922" tId="1" fbRx="146.7947988" lbRx="0" />
<p fId="2" fbTx="146.7947992" lbTx="146.7948477" tId="0" fbRx="146.7948542" lbRx="0" />
<p fId="2" fbTx="146.7947992" lbTx="146.7948477" tId="1" fbRx="146.7948542" lbRx="0" />
<p fId="2" fbTx="146.7947992" lbTx="146.7948477" tId="1" fbRx="146.7948542" lbRx="0" />
<p fId="2" fbTx="146.7948556" lbTx="146.7949041" tId="0" fbRx="146.7949107" lbRx="0" />
<p fId="2" fbTx="146.7948556" lbTx="146.7949041" tId="1" fbRx="146.7949107" lbRx="0" />
<p fId="2" fbTx="146.7948556" lbTx="146.7949041" tId="1" fbRx="146.7949107" lbRx="0" />
<p fId="2" fbTx="146.7949121" lbTx="146.7949606" tId="0" fbRx="146.7949671" lbRx="0" />
<p fId="2" fbTx="146.7949121" lbTx="146.7949606" tId="1" fbRx="146.7949671" lbRx="0" />
<p fId="2" fbTx="146.7949121" lbTx="146.7949606" tId="1" fbRx="146.7949671" lbRx="0" />
<p fId="2" fbTx="146.7949695" lbTx="146.795018" tId="0" fbRx="146.7950246" lbRx="0" />
<p fId="2" fbTx="146.7949695" lbTx="146.795018" tId="1" fbRx="146.7950246" lbRx="0" />
<p fId="2" fbTx="146.7949695" lbTx="146.795018" tId="1" fbRx="146.7950246" lbRx="0" />
<p fId="2" fbTx="146.795032" lbTx="146.7950804" tId="0" fbRx="146.795087" lbRx="0" />
<p fId="2" fbTx="146.795032" lbTx="146.7950804" tId="1" fbRx="146.795087" lbRx="0" />
<p fId="2" fbTx="146.795032" lbTx="146.7950804" tId="1" fbRx="146.795087" lbRx="0" />
<p fId="2" fbTx="146.7950874" lbTx="146.7951359" tId="0" fbRx="146.7951424" lbRx="0" />
<p fId="2" fbTx="146.7950874" lbTx="146.7951359" tId="1" fbRx="146.7951424" lbRx="0" />
<p fId="2" fbTx="146.7950874" lbTx="146.7951359" tId="1" fbRx="146.7951424" lbRx="0" />
<p fId="2" fbTx="146.7951468" lbTx="146.7951953" tId="0" fbRx="146.7952019" lbRx="0" />
<p fId="2" fbTx="146.7951468" lbTx="146.7951953" tId="1" fbRx="146.7952019" lbRx="0" />
<p fId="2" fbTx="146.7951468" lbTx="146.7951953" tId="1" fbRx="146.7952019" lbRx="0" />
<p fId="2" fbTx="146.7952043" lbTx="146.7952528" tId="0" fbRx="146.7952593" lbRx="0" />
<p fId="2" fbTx="146.7952043" lbTx="146.7952528" tId="1" fbRx="146.7952593" lbRx="0" />
<p fId="2" fbTx="146.7952043" lbTx="146.7952528" tId="1" fbRx="146.7952593" lbRx="0" />
<p fId="2" fbTx="146.7952817" lbTx="146.7953302" tId="0" fbRx="146.7953368" lbRx="0" />
<p fId="2" fbTx="146.7952817" lbTx="146.7953302" tId="1" fbRx="146.7953368" lbRx="0" />
<p fId="2" fbTx="146.7952817" lbTx="146.7953302" tId="1" fbRx="146.7953368" lbRx="0" />
<p fId="2" fbTx="146.7953482" lbTx="146.7953966" tId="0" fbRx="146.7954032" lbRx="0" />
<p fId="2" fbTx="146.7953482" lbTx="146.7953966" tId="1" fbRx="146.7954032" lbRx="0" />
<p fId="2" fbTx="146.7953482" lbTx="146.7953966" tId="1" fbRx="146.7954032" lbRx="0" />
<p fId="2" fbTx="146.7954066" lbTx="146.7954551" tId="0" fbRx="146.7954616" lbRx="0" />
<p fId="2" fbTx="146.7954066" lbTx="146.7954551" tId="1" fbRx="146.7954616" lbRx="0" />
<p fId="2" fbTx="146.7954066" lbTx="146.7954551" tId="1" fbRx="146.7954616" lbRx="0" />
<p fId="2" fbTx="146.795472" lbTx="146.7955205" tId="0" fbRx="146.7955271" lbRx="0" />
<p fId="2" fbTx="146.795472" lbTx="146.7955205" tId="1" fbRx="146.7955271" lbRx="0" />
<p fId="2" fbTx="146.795472" lbTx="146.7955205" tId="1" fbRx="146.7955271" lbRx="0" />
<p fId="2" fbTx="146.7955275" lbTx="146.795576" tId="0" fbRx="146.7955825" lbRx="0" />
<p fId="2" fbTx="146.7955275" lbTx="146.795576" tId="1" fbRx="146.7955825" lbRx="0" />
<p fId="2" fbTx="146.7955275" lbTx="146.795576" tId="1" fbRx="146.7955825" lbRx="0" />
<p fId="2" fbTx="146.7955839" lbTx="146.7956324" tId="0" fbRx="146.795639" lbRx="0" />
<p fId="2" fbTx="146.7955839" lbTx="146.7956324" tId="1" fbRx="146.795639" lbRx="0" />
<p fId="2" fbTx="146.7955839" lbTx="146.7956324" tId="1" fbRx="146.795639" lbRx="0" />
<p fId="2" fbTx="146.7956404" lbTx="146.7956888" tId="0" fbRx="146.7956954" lbRx="0" />
<p fId="2" fbTx="146.7956404" lbTx="146.7956888" tId="1" fbRx="146.7956954" lbRx="0" />
<p fId="2" fbTx="146.7956404" lbTx="146.7956888" tId="1" fbRx="146.7956954" lbRx="0" />
<p fId="2" fbTx="146.7956978" lbTx="146.7957463" tId="0" fbRx="146.7957528" lbRx="0" />
<p fId="2" fbTx="146.7956978" lbTx="146.7957463" tId="1" fbRx="146.7957528" lbRx="0" />
<p fId="2" fbTx="146.7956978" lbTx="146.7957463" tId="1" fbRx="146.7957528" lbRx="0" />
<p fId="2" fbTx="146.7957632" lbTx="146.7958117" tId="0" fbRx="146.7958183" lbRx="0" />
<p fId="2" fbTx="146.7957632" lbTx="146.7958117" tId="1" fbRx="146.7958183" lbRx="0" />
<p fId="2" fbTx="146.7957632" lbTx="146.7958117" tId="1" fbRx="146.7958183" lbRx="0" />
<p fId="2" fbTx="146.7958297" lbTx="146.7958782" tId="0" fbRx="146.7958847" lbRx="0" />
<p fId="2" fbTx="146.7958297" lbTx="146.7958782" tId="1" fbRx="146.7958847" lbRx="0" />
<p fId="2" fbTx="146.7958297" lbTx="146.7958782" tId="1" fbRx="146.7958847" lbRx="0" />
<p fId="2" fbTx="146.7958921" lbTx="146.7959406" tId="0" fbRx="146.7959472" lbRx="0" />
<p fId="2" fbTx="146.7958921" lbTx="146.7959406" tId="1" fbRx="146.7959472" lbRx="0" />
<p fId="2" fbTx="146.7958921" lbTx="146.7959406" tId="1" fbRx="146.7959472" lbRx="0" />
<p fId="2" fbTx="146.7959496" lbTx="146.795998" tId="0" fbRx="146.7960046" lbRx="0" />
<p fId="2" fbTx="146.7959496" lbTx="146.795998" tId="1" fbRx="146.7960046" lbRx="0" />
<p fId="2" fbTx="146.7959496" lbTx="146.795998" tId="1" fbRx="146.7960046" lbRx="0" />
<p fId="2" fbTx="146.796007" lbTx="146.7960555" tId="0" fbRx="146.796062" lbRx="0" />
<p fId="2" fbTx="146.796007" lbTx="146.7960555" tId="1" fbRx="146.796062" lbRx="0" />
<p fId="2" fbTx="146.796007" lbTx="146.7960555" tId="1" fbRx="146.796062" lbRx="0" />
<p fId="2" fbTx="146.7960644" lbTx="146.7961129" tId="0" fbRx="146.7961195" lbRx="0" />
<p fId="2" fbTx="146.7960644" lbTx="146.7961129" tId="1" fbRx="146.7961195" lbRx="0" />
<p fId="2" fbTx="146.7960644" lbTx="146.7961129" tId="1" fbRx="146.7961195" lbRx="0" />
<p fId="2" fbTx="146.7961219" lbTx="146.7961704" tId="0" fbRx="146.7961769" lbRx="0" />
<p fId="2" fbTx="146.7961219" lbTx="146.7961704" tId="1" fbRx="146.7961769" lbRx="0" />
<p fId="2" fbTx="146.7961219" lbTx="146.7961704" tId="1" fbRx="146.7961769" lbRx="0" />
<p fId="2" fbTx="146.7961773" lbTx="146.796206" tId="0" fbRx="146.7962125" lbRx="0" />
<p fId="2" fbTx="146.7961773" lbTx="146.796206" tId="1" fbRx="146.7962125" lbRx="0" />
<p fId="2" fbTx="146.7961773" lbTx="146.796206" tId="1" fbRx="146.7962125" lbRx="0" />
<p fId="2" fbTx="146.7962159" lbTx="146.7962644" tId="0" fbRx="146.796271" lbRx="0" />
<p fId="2" fbTx="146.7962159" lbTx="146.7962644" tId="1" fbRx="146.796271" lbRx="0" />
<p fId="2" fbTx="146.7962159" lbTx="146.7962644" tId="1" fbRx="146.796271" lbRx="0" />
<p fId="2" fbTx="146.7962734" lbTx="146.7963201" tId="0" fbRx="146.7963266" lbRx="0" />
<p fId="2" fbTx="146.7962734" lbTx="146.7963201" tId="1" fbRx="146.7963266" lbRx="0" />
<p fId="2" fbTx="146.7962734" lbTx="146.7963201" tId="1" fbRx="146.7963266" lbRx="0" />
<p fId="2" fbTx="146.796329" lbTx="146.7963775" tId="0" fbRx="146.7963841" lbRx="0" />
<p fId="2" fbTx="146.796329" lbTx="146.7963775" tId="1" fbRx="146.7963841" lbRx="0" />
<p fId="2" fbTx="146.796329" lbTx="146.7963775" tId="1" fbRx="146.7963841" lbRx="0" />
<p fId="2" fbTx="146.7963855" lbTx="146.796434" tId="0" fbRx="146.7964405" lbRx="0" />
<p fId="2" fbTx="146.7963855" lbTx="146.796434" tId="1" fbRx="146.7964405" lbRx="0" />
<p fId="2" fbTx="146.7963855" lbTx="146.796434" tId="1" fbRx="146.7964405" lbRx="0" />
<p fId="2" fbTx="146.7964419" lbTx="146.7964904" tId="0" fbRx="146.796497" lbRx="0" />
<p fId="2" fbTx="146.7964419" lbTx="146.7964904" tId="1" fbRx="146.796497" lbRx="0" />
<p fId="2" fbTx="146.7964419" lbTx="146.7964904" tId="1" fbRx="146.796497" lbRx="0" />
<p fId="2" fbTx="146.7964994" lbTx="146.7965478" tId="0" fbRx="146.7965544" lbRx="0" />
<p fId="2" fbTx="146.7964994" lbTx="146.7965478" tId="1" fbRx="146.7965544" lbRx="0" />
<p fId="2" fbTx="146.7964994" lbTx="146.7965478" tId="1" fbRx="146.7965544" lbRx="0" />
<p fId="2" fbTx="146.7965578" lbTx="146.7966063" tId="0" fbRx="146.7966128" lbRx="0" />
<p fId="2" fbTx="146.7965578" lbTx="146.7966063" tId="1" fbRx="146.7966128" lbRx="0" />
<p fId="2" fbTx="146.7965578" lbTx="146.7966063" tId="1" fbRx="146.7966128" lbRx="0" />
<p fId="2" fbTx="146.7966132" lbTx="146.7966617" tId="0" fbRx="146.7966683" lbRx="0" />
<p fId="2" fbTx="146.7966132" lbTx="146.7966617" tId="1" fbRx="146.7966683" lbRx="0" />
<p fId="2" fbTx="146.7966132" lbTx="146.7966617" tId="1" fbRx="146.7966683" lbRx="0" />
<p fId="1" fbTx="146.7966803" lbTx="146.7966859" tId="0" fbRx="146.7966925" lbRx="0" />
<p fId="1" fbTx="146.7966803" lbTx="146.7966859" tId="2" fbRx="146.7966925" lbRx="0" />
<p fId="1" fbTx="146.7966803" lbTx="146.7966859" tId="2" fbRx="146.7966925" lbRx="0" />
<p fId="2" fbTx="146.7966935" lbTx="146.796742" tId="0" fbRx="146.7967485" lbRx="0" />
<p fId="2" fbTx="146.7966935" lbTx="146.796742" tId="1" fbRx="146.7967485" lbRx="0" />
<p fId="2" fbTx="146.7966935" lbTx="146.796742" tId="1" fbRx="146.7967485" lbRx="0" />
<p fId="2" fbTx="146.7967519" lbTx="146.7968004" tId="0" fbRx="146.796807" lbRx="0" />
<p fId="2" fbTx="146.7967519" lbTx="146.7968004" tId="1" fbRx="146.796807" lbRx="0" />
<p fId="2" fbTx="146.7967519" lbTx="146.7968004" tId="1" fbRx="146.796807" lbRx="0" />
<p fId="1" fbTx="146.7969629" lbTx="146.7969685" tId="0" fbRx="146.796975" lbRx="0" />
<p fId="1" fbTx="146.7969629" lbTx="146.7969685" tId="2" fbRx="146.796975" lbRx="0" />
<p fId="1" fbTx="146.7969629" lbTx="146.7969685" tId="2" fbRx="146.796975" lbRx="0" />
<p fId="2" fbTx="146.796976" lbTx="146.7970245" tId="0" fbRx="146.7970311" lbRx="0" />
<p fId="2" fbTx="146.796976" lbTx="146.7970245" tId="1" fbRx="146.7970311" lbRx="0" />
<p fId="2" fbTx="146.796976" lbTx="146.7970245" tId="1" fbRx="146.7970311" lbRx="0" />
<p fId="2" fbTx="146.7970325" lbTx="146.797081" tId="0" fbRx="146.7970875" lbRx="0" />
<p fId="2" fbTx="146.7970325" lbTx="146.797081" tId="1" fbRx="146.7970875" lbRx="0" />
<p fId="2" fbTx="146.7970325" lbTx="146.797081" tId="1" fbRx="146.7970875" lbRx="0" />
<p fId="1" fbTx="146.7971414" lbTx="146.797147" tId="0" fbRx="146.7971536" lbRx="0" />
<p fId="1" fbTx="146.7971414" lbTx="146.797147" tId="2" fbRx="146.7971536" lbRx="0" />
<p fId="1" fbTx="146.7971414" lbTx="146.797147" tId="2" fbRx="146.7971536" lbRx="0" />
<p fId="2" fbTx="146.7971546" lbTx="146.7972031" tId="0" fbRx="146.7972096" lbRx="0" />
<p fId="2" fbTx="146.7971546" lbTx="146.7972031" tId="1" fbRx="146.7972096" lbRx="0" />
<p fId="2" fbTx="146.7971546" lbTx="146.7972031" tId="1" fbRx="146.7972096" lbRx="0" />
<p fId="2" fbTx="146.797211" lbTx="146.7972595" tId="0" fbRx="146.7972661" lbRx="0" />
<p fId="2" fbTx="146.797211" lbTx="146.7972595" tId="1" fbRx="146.7972661" lbRx="0" />
<p fId="2" fbTx="146.797211" lbTx="146.7972595" tId="1" fbRx="146.7972661" lbRx="0" />
<p fId="1" fbTx="146.79733" lbTx="146.7973356" tId="0" fbRx="146.7973422" lbRx="0" />
<p fId="1" fbTx="146.79733" lbTx="146.7973356" tId="2" fbRx="146.7973422" lbRx="0" />
<p fId="1" fbTx="146.79733" lbTx="146.7973356" tId="2" fbRx="146.7973422" lbRx="0" />
<p fId="2" fbTx="146.7973432" lbTx="146.7973916" tId="0" fbRx="146.7973982" lbRx="0" />
<p fId="2" fbTx="146.7973432" lbTx="146.7973916" tId="1" fbRx="146.7973982" lbRx="0" />
<p fId="2" fbTx="146.7973432" lbTx="146.7973916" tId="1" fbRx="146.7973982" lbRx="0" />
<p fId="2" fbTx="146.7974046" lbTx="146.7974531" tId="0" fbRx="146.7974596" lbRx="0" />
<p fId="2" fbTx="146.7974046" lbTx="146.7974531" tId="1" fbRx="146.7974596" lbRx="0" />
<p fId="2" fbTx="146.7974046" lbTx="146.7974531" tId="1" fbRx="146.7974596" lbRx="0" />
<p fId="1" fbTx="146.7974946" lbTx="146.7975002" tId="0" fbRx="146.7975067" lbRx="0" />
<p fId="1" fbTx="146.7974946" lbTx="146.7975002" tId="2" fbRx="146.7975067" lbRx="0" />
<p fId="1" fbTx="146.7974946" lbTx="146.7975002" tId="2" fbRx="146.7975067" lbRx="0" />
<p fId="1" fbTx="146.7975071" lbTx="146.7975127" tId="0" fbRx="146.7975193" lbRx="0" />
<p fId="1" fbTx="146.7975071" lbTx="146.7975127" tId="2" fbRx="146.7975193" lbRx="0" />
<p fId="1" fbTx="146.7975071" lbTx="146.7975127" tId="2" fbRx="146.7975193" lbRx="0" />
<p fId="2" fbTx="146.7975197" lbTx="146.7975682" tId="0" fbRx="146.7975748" lbRx="0" />
<p fId="2" fbTx="146.7975197" lbTx="146.7975682" tId="1" fbRx="146.7975748" lbRx="0" />
<p fId="2" fbTx="146.7975197" lbTx="146.7975682" tId="1" fbRx="146.7975748" lbRx="0" />
<p fId="1" fbTx="146.7975817" lbTx="146.7975873" tId="0" fbRx="146.7975938" lbRx="0" />
<p fId="1" fbTx="146.7975817" lbTx="146.7975873" tId="2" fbRx="146.7975938" lbRx="0" />
<p fId="1" fbTx="146.7975817" lbTx="146.7975873" tId="2" fbRx="146.7975938" lbRx="0" />
<p fId="1" fbTx="146.7975962" lbTx="146.7976018" tId="0" fbRx="146.7976084" lbRx="0" />
<p fId="1" fbTx="146.7975962" lbTx="146.7976018" tId="2" fbRx="146.7976084" lbRx="0" />
<p fId="1" fbTx="146.7975962" lbTx="146.7976018" tId="2" fbRx="146.7976084" lbRx="0" />
<p fId="1" fbTx="146.7976098" lbTx="146.7976154" tId="0" fbRx="146.797622" lbRx="0" />
<p fId="1" fbTx="146.7976098" lbTx="146.7976154" tId="2" fbRx="146.797622" lbRx="0" />
<p fId="1" fbTx="146.7976098" lbTx="146.7976154" tId="2" fbRx="146.797622" lbRx="0" />
<p fId="1" fbTx="146.7976304" lbTx="146.797636" tId="0" fbRx="146.7976425" lbRx="0" />
<p fId="1" fbTx="146.7976304" lbTx="146.797636" tId="2" fbRx="146.7976425" lbRx="0" />
<p fId="1" fbTx="146.7976304" lbTx="146.797636" tId="2" fbRx="146.7976425" lbRx="0" />
<p fId="1" fbTx="146.7976439" lbTx="146.7976495" tId="0" fbRx="146.7976561" lbRx="0" />
<p fId="1" fbTx="146.7976439" lbTx="146.7976495" tId="2" fbRx="146.7976561" lbRx="0" />
<p fId="1" fbTx="146.7976439" lbTx="146.7976495" tId="2" fbRx="146.7976561" lbRx="0" />
<p fId="1" fbTx="146.7976595" lbTx="146.7976651" tId="0" fbRx="146.7976716" lbRx="0" />
<p fId="1" fbTx="146.7976595" lbTx="146.7976651" tId="2" fbRx="146.7976716" lbRx="0" />
<p fId="1" fbTx="146.7976595" lbTx="146.7976651" tId="2" fbRx="146.7976716" lbRx="0" />
<p fId="1" fbTx="146.797688" lbTx="146.7976936" tId="0" fbRx="146.7977002" lbRx="0" />
<p fId="1" fbTx="146.797688" lbTx="146.7976936" tId="2" fbRx="146.7977002" lbRx="0" />
<p fId="1" fbTx="146.797688" lbTx="146.7976936" tId="2" fbRx="146.7977002" lbRx="0" />
<p fId="1" fbTx="146.7977006" lbTx="146.7977062" tId="0" fbRx="146.7977128" lbRx="0" />
<p fId="1" fbTx="146.7977006" lbTx="146.7977062" tId="2" fbRx="146.7977128" lbRx="0" />
<p fId="1" fbTx="146.7977006" lbTx="146.7977062" tId="2" fbRx="146.7977128" lbRx="0" />
<p fId="1" fbTx="146.7977162" lbTx="146.7977218" tId="0" fbRx="146.7977283" lbRx="0" />
<p fId="1" fbTx="146.7977162" lbTx="146.7977218" tId="2" fbRx="146.7977283" lbRx="0" />
<p fId="1" fbTx="146.7977162" lbTx="146.7977218" tId="2" fbRx="146.7977283" lbRx="0" />
<p fId="1" fbTx="146.7977347" lbTx="146.7977403" tId="0" fbRx="146.7977469" lbRx="0" />
<p fId="1" fbTx="146.7977347" lbTx="146.7977403" tId="2" fbRx="146.7977469" lbRx="0" />
<p fId="1" fbTx="146.7977347" lbTx="146.7977403" tId="2" fbRx="146.7977469" lbRx="0" />
<p fId="1" fbTx="146.7977483" lbTx="146.7977539" tId="0" fbRx="146.7977604" lbRx="0" />
<p fId="1" fbTx="146.7977483" lbTx="146.7977539" tId="2" fbRx="146.7977604" lbRx="0" />
<p fId="1" fbTx="146.7977483" lbTx="146.7977539" tId="2" fbRx="146.7977604" lbRx="0" />
<p fId="1" fbTx="146.7977628" lbTx="146.7977684" tId="0" fbRx="146.797775" lbRx="0" />
<p fId="1" fbTx="146.7977628" lbTx="146.7977684" tId="2" fbRx="146.797775" lbRx="0" />
<p fId="1" fbTx="146.7977628" lbTx="146.7977684" tId="2" fbRx="146.797775" lbRx="0" />
<p fId="1" fbTx="146.7977774" lbTx="146.797783" tId="0" fbRx="146.7977896" lbRx="0" />
<p fId="1" fbTx="146.7977774" lbTx="146.797783" tId="2" fbRx="146.7977896" lbRx="0" />
<p fId="1" fbTx="146.7977774" lbTx="146.797783" tId="2" fbRx="146.7977896" lbRx="0" />
<p fId="1" fbTx="146.797791" lbTx="146.7977966" tId="0" fbRx="146.7978031" lbRx="0" />
<p fId="1" fbTx="146.797791" lbTx="146.7977966" tId="2" fbRx="146.7978031" lbRx="0" />
<p fId="1" fbTx="146.797791" lbTx="146.7977966" tId="2" fbRx="146.7978031" lbRx="0" />
<p fId="1" fbTx="146.7978035" lbTx="146.7978091" tId="0" fbRx="146.7978157" lbRx="0" />
<p fId="1" fbTx="146.7978035" lbTx="146.7978091" tId="2" fbRx="146.7978157" lbRx="0" />
<p fId="1" fbTx="146.7978035" lbTx="146.7978091" tId="2" fbRx="146.7978157" lbRx="0" />
<p fId="1" fbTx="146.7978191" lbTx="146.7978247" tId="0" fbRx="146.7978312" lbRx="0" />
<p fId="1" fbTx="146.7978191" lbTx="146.7978247" tId="2" fbRx="146.7978312" lbRx="0" />
<p fId="1" fbTx="146.7978191" lbTx="146.7978247" tId="2" fbRx="146.7978312" lbRx="0" />
<p fId="1" fbTx="146.7978336" lbTx="146.7978392" tId="0" fbRx="146.7978458" lbRx="0" />
<p fId="1" fbTx="146.7978336" lbTx="146.7978392" tId="2" fbRx="146.7978458" lbRx="0" />
<p fId="1" fbTx="146.7978336" lbTx="146.7978392" tId="2" fbRx="146.7978458" lbRx="0" />
<p fId="1" fbTx="146.7978482" lbTx="146.7978538" tId="0" fbRx="146.7978604" lbRx="0" />
<p fId="1" fbTx="146.7978482" lbTx="146.7978538" tId="2" fbRx="146.7978604" lbRx="0" />
<p fId="1" fbTx="146.7978482" lbTx="146.7978538" tId="2" fbRx="146.7978604" lbRx="0" />
<p fId="1" fbTx="146.7978608" lbTx="146.7978664" tId="0" fbRx="146.7978729" lbRx="0" />
<p fId="1" fbTx="146.7978608" lbTx="146.7978664" tId="2" fbRx="146.7978729" lbRx="0" />
<p fId="1" fbTx="146.7978608" lbTx="146.7978664" tId="2" fbRx="146.7978729" lbRx="0" />
<p fId="1" fbTx="146.7978743" lbTx="146.7978799" tId="0" fbRx="146.7978865" lbRx="0" />
<p fId="1" fbTx="146.7978743" lbTx="146.7978799" tId="2" fbRx="146.7978865" lbRx="0" />
<p fId="1" fbTx="146.7978743" lbTx="146.7978799" tId="2" fbRx="146.7978865" lbRx="0" />
<p fId="1" fbTx="146.7978869" lbTx="146.7978925" tId="0" fbRx="146.797899" lbRx="0" />
<p fId="1" fbTx="146.7978869" lbTx="146.7978925" tId="2" fbRx="146.797899" lbRx="0" />
<p fId="1" fbTx="146.7978869" lbTx="146.7978925" tId="2" fbRx="146.797899" lbRx="0" />
<p fId="1" fbTx="146.7978994" lbTx="146.797905" tId="0" fbRx="146.7979116" lbRx="0" />
<p fId="1" fbTx="146.7978994" lbTx="146.797905" tId="2" fbRx="146.7979116" lbRx="0" />
<p fId="1" fbTx="146.7978994" lbTx="146.797905" tId="2" fbRx="146.7979116" lbRx="0" />
<p fId="1" fbTx="146.797913" lbTx="146.7979186" tId="0" fbRx="146.7979252" lbRx="0" />
<p fId="1" fbTx="146.797913" lbTx="146.7979186" tId="2" fbRx="146.7979252" lbRx="0" />
<p fId="1" fbTx="146.797913" lbTx="146.7979186" tId="2" fbRx="146.7979252" lbRx="0" />
<p fId="1" fbTx="146.7979326" lbTx="146.7979382" tId="0" fbRx="146.7979447" lbRx="0" />
<p fId="1" fbTx="146.7979326" lbTx="146.7979382" tId="2" fbRx="146.7979447" lbRx="0" />
<p fId="1" fbTx="146.7979326" lbTx="146.7979382" tId="2" fbRx="146.7979447" lbRx="0" />
<p fId="1" fbTx="146.7979541" lbTx="146.7979597" tId="0" fbRx="146.7979663" lbRx="0" />
<p fId="1" fbTx="146.7979541" lbTx="146.7979597" tId="2" fbRx="146.7979663" lbRx="0" />
<p fId="1" fbTx="146.7979541" lbTx="146.7979597" tId="2" fbRx="146.7979663" lbRx="0" />
<p fId="1" fbTx="146.7979687" lbTx="146.7979743" tId="0" fbRx="146.7979808" lbRx="0" />
<p fId="1" fbTx="146.7979687" lbTx="146.7979743" tId="2" fbRx="146.7979808" lbRx="0" />
<p fId="1" fbTx="146.7979687" lbTx="146.7979743" tId="2" fbRx="146.7979808" lbRx="0" />
<p fId="1" fbTx="146.7979832" lbTx="146.7979888" tId="0" fbRx="146.7979954" lbRx="0" />
<p fId="1" fbTx="146.7979832" lbTx="146.7979888" tId="2" fbRx="146.7979954" lbRx="0" />
<p fId="1" fbTx="146.7979832" lbTx="146.7979888" tId="2" fbRx="146.7979954" lbRx="0" />
<p fId="1" fbTx="146.7979978" lbTx="146.7980034" tId="0" fbRx="146.79801" lbRx="0" />
<p fId="1" fbTx="146.7979978" lbTx="146.7980034" tId="2" fbRx="146.79801" lbRx="0" />
<p fId="1" fbTx="146.7979978" lbTx="146.7980034" tId="2" fbRx="146.79801" lbRx="0" />
<p fId="1" fbTx="146.7980134" lbTx="146.798019" tId="0" fbRx="146.7980255" lbRx="0" />
<p fId="1" fbTx="146.7980134" lbTx="146.798019" tId="2" fbRx="146.7980255" lbRx="0" />
<p fId="1" fbTx="146.7980134" lbTx="146.798019" tId="2" fbRx="146.7980255" lbRx="0" />
<p fId="1" fbTx="146.7980279" lbTx="146.7980335" tId="0" fbRx="146.7980401" lbRx="0" />
<p fId="1" fbTx="146.7980279" lbTx="146.7980335" tId="2" fbRx="146.7980401" lbRx="0" />
<p fId="1" fbTx="146.7980279" lbTx="146.7980335" tId="2" fbRx="146.7980401" lbRx="0" />
<p fId="1" fbTx="146.7980525" lbTx="146.7980581" tId="0" fbRx="146.7980646" lbRx="0" />
<p fId="1" fbTx="146.7980525" lbTx="146.7980581" tId="2" fbRx="146.7980646" lbRx="0" />
<p fId="1" fbTx="146.7980525" lbTx="146.7980581" tId="2" fbRx="146.7980646" lbRx="0" />
<p fId="1" fbTx="146.798065" lbTx="146.7980706" tId="0" fbRx="146.7980772" lbRx="0" />
<p fId="1" fbTx="146.798065" lbTx="146.7980706" tId="2" fbRx="146.7980772" lbRx="0" />
<p fId="1" fbTx="146.798065" lbTx="146.7980706" tId="2" fbRx="146.7980772" lbRx="0" />
<p fId="1" fbTx="146.7980776" lbTx="146.7980832" tId="0" fbRx="146.7980898" lbRx="0" />
<p fId="1" fbTx="146.7980776" lbTx="146.7980832" tId="2" fbRx="146.7980898" lbRx="0" />
<p fId="1" fbTx="146.7980776" lbTx="146.7980832" tId="2" fbRx="146.7980898" lbRx="0" />
<p fId="1" fbTx="146.7980932" lbTx="146.7980988" tId="0" fbRx="146.7981053" lbRx="0" />
<p fId="1" fbTx="146.7980932" lbTx="146.7980988" tId="2" fbRx="146.7981053" lbRx="0" />
<p fId="1" fbTx="146.7980932" lbTx="146.7980988" tId="2" fbRx="146.7981053" lbRx="0" />
<p fId="1" fbTx="146.7981067" lbTx="146.7981123" tId="0" fbRx="146.7981189" lbRx="0" />
<p fId="1" fbTx="146.7981067" lbTx="146.7981123" tId="2" fbRx="146.7981189" lbRx="0" />
<p fId="1" fbTx="146.7981067" lbTx="146.7981123" tId="2" fbRx="146.7981189" lbRx="0" />
<p fId="1" fbTx="146.7981213" lbTx="146.7981269" tId="0" fbRx="146.7981334" lbRx="0" />
<p fId="1" fbTx="146.7981213" lbTx="146.7981269" tId="2" fbRx="146.7981334" lbRx="0" />
<p fId="1" fbTx="146.7981213" lbTx="146.7981269" tId="2" fbRx="146.7981334" lbRx="0" />
<p fId="1" fbTx="146.7981358" lbTx="146.7981414" tId="0" fbRx="146.798148" lbRx="0" />
<p fId="1" fbTx="146.7981358" lbTx="146.7981414" tId="2" fbRx="146.798148" lbRx="0" />
<p fId="1" fbTx="146.7981358" lbTx="146.7981414" tId="2" fbRx="146.798148" lbRx="0" />
<p fId="1" fbTx="146.7981494" lbTx="146.798155" tId="0" fbRx="146.7981616" lbRx="0" />
<p fId="1" fbTx="146.7981494" lbTx="146.798155" tId="2" fbRx="146.7981616" lbRx="0" />
<p fId="1" fbTx="146.7981494" lbTx="146.798155" tId="2" fbRx="146.7981616" lbRx="0" />
<p fId="1" fbTx="146.798164" lbTx="146.7981696" tId="0" fbRx="146.7981761" lbRx="0" />
<p fId="1" fbTx="146.798164" lbTx="146.7981696" tId="2" fbRx="146.7981761" lbRx="0" />
<p fId="1" fbTx="146.798164" lbTx="146.7981696" tId="2" fbRx="146.7981761" lbRx="0" />
<p fId="1" fbTx="146.7981785" lbTx="146.7981841" tId="0" fbRx="146.7981907" lbRx="0" />
<p fId="1" fbTx="146.7981785" lbTx="146.7981841" tId="2" fbRx="146.7981907" lbRx="0" />
<p fId="1" fbTx="146.7981785" lbTx="146.7981841" tId="2" fbRx="146.7981907" lbRx="0" />
<p fId="1" fbTx="146.7981921" lbTx="146.7981977" tId="0" fbRx="146.7982042" lbRx="0" />
<p fId="1" fbTx="146.7981921" lbTx="146.7981977" tId="2" fbRx="146.7982042" lbRx="0" />
<p fId="1" fbTx="146.7981921" lbTx="146.7981977" tId="2" fbRx="146.7982042" lbRx="0" />
<p fId="1" fbTx="146.7982076" lbTx="146.7982132" tId="0" fbRx="146.7982198" lbRx="0" />
<p fId="1" fbTx="146.7982076" lbTx="146.7982132" tId="2" fbRx="146.7982198" lbRx="0" />
<p fId="1" fbTx="146.7982076" lbTx="146.7982132" tId="2" fbRx="146.7982198" lbRx="0" />
<p fId="1" fbTx="146.7982202" lbTx="146.7982258" tId="0" fbRx="146.7982324" lbRx="0" />
<p fId="1" fbTx="146.7982202" lbTx="146.7982258" tId="2" fbRx="146.7982324" lbRx="0" />
<p fId="1" fbTx="146.7982202" lbTx="146.7982258" tId="2" fbRx="146.7982324" lbRx="0" />
<p fId="1" fbTx="146.7982338" lbTx="146.7982394" tId="0" fbRx="146.7982459" lbRx="0" />
<p fId="1" fbTx="146.7982338" lbTx="146.7982394" tId="2" fbRx="146.7982459" lbRx="0" />
<p fId="1" fbTx="146.7982338" lbTx="146.7982394" tId="2" fbRx="146.7982459" lbRx="0" />
<p fId="1" fbTx="146.7982493" lbTx="146.7982549" tId="0" fbRx="146.7982615" lbRx="0" />
<p fId="1" fbTx="146.7982493" lbTx="146.7982549" tId="2" fbRx="146.7982615" lbRx="0" />
<p fId="1" fbTx="146.7982493" lbTx="146.7982549" tId="2" fbRx="146.7982615" lbRx="0" />
<p fId="1" fbTx="146.7982619" lbTx="146.7982675" tId="0" fbRx="146.798274" lbRx="0" />
<p fId="1" fbTx="146.7982619" lbTx="146.7982675" tId="2" fbRx="146.798274" lbRx="0" />
<p fId="1" fbTx="146.7982619" lbTx="146.7982675" tId="2" fbRx="146.798274" lbRx="0" />
<p fId="1" fbTx="146.7982824" lbTx="146.798288" tId="0" fbRx="146.7982946" lbRx="0" />
<p fId="1" fbTx="146.7982824" lbTx="146.798288" tId="2" fbRx="146.7982946" lbRx="0" />
<p fId="1" fbTx="146.7982824" lbTx="146.798288" tId="2" fbRx="146.7982946" lbRx="0" />
<p fId="1" fbTx="146.798296" lbTx="146.7983016" tId="0" fbRx="146.7983082" lbRx="0" />
<p fId="1" fbTx="146.798296" lbTx="146.7983016" tId="2" fbRx="146.7983082" lbRx="0" />
<p fId="1" fbTx="146.798296" lbTx="146.7983016" tId="2" fbRx="146.7983082" lbRx="0" />
<p fId="1" fbTx="146.7983086" lbTx="146.7983142" tId="0" fbRx="146.7983207" lbRx="0" />
<p fId="1" fbTx="146.7983086" lbTx="146.7983142" tId="2" fbRx="146.7983207" lbRx="0" />
<p fId="1" fbTx="146.7983086" lbTx="146.7983142" tId="2" fbRx="146.7983207" lbRx="0" />
<p fId="1" fbTx="146.7983261" lbTx="146.7983317" tId="0" fbRx="146.7983383" lbRx="0" />
<p fId="1" fbTx="146.7983261" lbTx="146.7983317" tId="2" fbRx="146.7983383" lbRx="0" />
<p fId="1" fbTx="146.7983261" lbTx="146.7983317" tId="2" fbRx="146.7983383" lbRx="0" />
<p fId="1" fbTx="146.7983397" lbTx="146.7983453" tId="0" fbRx="146.7983518" lbRx="0" />
<p fId="1" fbTx="146.7983397" lbTx="146.7983453" tId="2" fbRx="146.7983518" lbRx="0" />
<p fId="1" fbTx="146.7983397" lbTx="146.7983453" tId="2" fbRx="146.7983518" lbRx="0" />
<p fId="1" fbTx="146.7983522" lbTx="146.7983578" tId="0" fbRx="146.7983644" lbRx="0" />
<p fId="1" fbTx="146.7983522" lbTx="146.7983578" tId="2" fbRx="146.7983644" lbRx="0" />
<p fId="1" fbTx="146.7983522" lbTx="146.7983578" tId="2" fbRx="146.7983644" lbRx="0" />
<p fId="1" fbTx="146.7983778" lbTx="146.7983834" tId="0" fbRx="146.79839" lbRx="0" />
<p fId="1" fbTx="146.7983778" lbTx="146.7983834" tId="2" fbRx="146.79839" lbRx="0" />
<p fId="1" fbTx="146.7983778" lbTx="146.7983834" tId="2" fbRx="146.79839" lbRx="0" />
<p fId="1" fbTx="146.7983934" lbTx="146.798399" tId="0" fbRx="146.7984055" lbRx="0" />
<p fId="1" fbTx="146.7983934" lbTx="146.798399" tId="2" fbRx="146.7984055" lbRx="0" />
<p fId="1" fbTx="146.7983934" lbTx="146.798399" tId="2" fbRx="146.7984055" lbRx="0" />
<p fId="1" fbTx="146.7984079" lbTx="146.7984135" tId="0" fbRx="146.7984201" lbRx="0" />
<p fId="1" fbTx="146.7984079" lbTx="146.7984135" tId="2" fbRx="146.7984201" lbRx="0" />
<p fId="1" fbTx="146.7984079" lbTx="146.7984135" tId="2" fbRx="146.7984201" lbRx="0" />
<p fId="1" fbTx="146.7984225" lbTx="146.7984281" tId="0" fbRx="146.7984346" lbRx="0" />
<p fId="1" fbTx="146.7984225" lbTx="146.7984281" tId="2" fbRx="146.7984346" lbRx="0" />
<p fId="1" fbTx="146.7984225" lbTx="146.7984281" tId="2" fbRx="146.7984346" lbRx="0" />
<p fId="1" fbTx="146.798447" lbTx="146.7984526" tId="0" fbRx="146.7984592" lbRx="0" />
<p fId="1" fbTx="146.798447" lbTx="146.7984526" tId="2" fbRx="146.7984592" lbRx="0" />
<p fId="1" fbTx="146.798447" lbTx="146.7984526" tId="2" fbRx="146.7984592" lbRx="0" />
<p fId="1" fbTx="146.7984606" lbTx="146.7984662" tId="0" fbRx="146.7984728" lbRx="0" />
<p fId="1" fbTx="146.7984606" lbTx="146.7984662" tId="2" fbRx="146.7984728" lbRx="0" />
<p fId="1" fbTx="146.7984606" lbTx="146.7984662" tId="2" fbRx="146.7984728" lbRx="0" />
<p fId="1" fbTx="146.7984812" lbTx="146.7984868" tId="0" fbRx="146.7984933" lbRx="0" />
<p fId="1" fbTx="146.7984812" lbTx="146.7984868" tId="2" fbRx="146.7984933" lbRx="0" />
<p fId="1" fbTx="146.7984812" lbTx="146.7984868" tId="2" fbRx="146.7984933" lbRx="0" />
<p fId="1" fbTx="146.7984947" lbTx="146.7985003" tId="0" fbRx="146.7985069" lbRx="0" />
<p fId="1" fbTx="146.7984947" lbTx="146.7985003" tId="2" fbRx="146.7985069" lbRx="0" />
<p fId="1" fbTx="146.7984947" lbTx="146.7985003" tId="2" fbRx="146.7985069" lbRx="0" />
<p fId="1" fbTx="146.7985083" lbTx="146.7985139" tId="0" fbRx="146.7985204" lbRx="0" />
<p fId="1" fbTx="146.7985083" lbTx="146.7985139" tId="2" fbRx="146.7985204" lbRx="0" />
<p fId="1" fbTx="146.7985083" lbTx="146.7985139" tId="2" fbRx="146.7985204" lbRx="0" />
<p fId="1" fbTx="146.7985298" lbTx="146.7985354" tId="0" fbRx="146.798542" lbRx="0" />
<p fId="1" fbTx="146.7985298" lbTx="146.7985354" tId="2" fbRx="146.798542" lbRx="0" />
<p fId="1" fbTx="146.7985298" lbTx="146.7985354" tId="2" fbRx="146.798542" lbRx="0" />
<p fId="1" fbTx="146.7985424" lbTx="146.798548" tId="0" fbRx="146.7985546" lbRx="0" />
<p fId="1" fbTx="146.7985424" lbTx="146.798548" tId="2" fbRx="146.7985546" lbRx="0" />
<p fId="1" fbTx="146.7985424" lbTx="146.798548" tId="2" fbRx="146.7985546" lbRx="0" />
<p fId="1" fbTx="146.798556" lbTx="146.7985616" tId="0" fbRx="146.7985681" lbRx="0" />
<p fId="1" fbTx="146.798556" lbTx="146.7985616" tId="2" fbRx="146.7985681" lbRx="0" />
<p fId="1" fbTx="146.798556" lbTx="146.7985616" tId="2" fbRx="146.7985681" lbRx="0" />
<p fId="1" fbTx="146.7985715" lbTx="146.7985771" tId="0" fbRx="146.7985837" lbRx="0" />
<p fId="1" fbTx="146.7985715" lbTx="146.7985771" tId="2" fbRx="146.7985837" lbRx="0" />
<p fId="1" fbTx="146.7985715" lbTx="146.7985771" tId="2" fbRx="146.7985837" lbRx="0" />
<p fId="1" fbTx="146.7985961" lbTx="146.7986017" tId="0" fbRx="146.7986082" lbRx="0" />
<p fId="1" fbTx="146.7985961" lbTx="146.7986017" tId="2" fbRx="146.7986082" lbRx="0" />
<p fId="1" fbTx="146.7985961" lbTx="146.7986017" tId="2" fbRx="146.7986082" lbRx="0" />
<p fId="1" fbTx="146.7986116" lbTx="146.7986172" tId="0" fbRx="146.7986238" lbRx="0" />
<p fId="1" fbTx="146.7986116" lbTx="146.7986172" tId="2" fbRx="146.7986238" lbRx="0" />
<p fId="1" fbTx="146.7986116" lbTx="146.7986172" tId="2" fbRx="146.7986238" lbRx="0" />
<p fId="1" fbTx="146.7986252" lbTx="146.7986308" tId="0" fbRx="146.7986374" lbRx="0" />
<p fId="1" fbTx="146.7986252" lbTx="146.7986308" tId="2" fbRx="146.7986374" lbRx="0" />
<p fId="1" fbTx="146.7986252" lbTx="146.7986308" tId="2" fbRx="146.7986374" lbRx="0" />
<p fId="1" fbTx="146.7986388" lbTx="146.7986444" tId="0" fbRx="146.7986509" lbRx="0" />
<p fId="1" fbTx="146.7986388" lbTx="146.7986444" tId="2" fbRx="146.7986509" lbRx="0" />
<p fId="1" fbTx="146.7986388" lbTx="146.7986444" tId="2" fbRx="146.7986509" lbRx="0" />
<p fId="1" fbTx="146.7986553" lbTx="146.7986609" tId="0" fbRx="146.7986675" lbRx="0" />
<p fId="1" fbTx="146.7986553" lbTx="146.7986609" tId="2" fbRx="146.7986675" lbRx="0" />
<p fId="1" fbTx="146.7986553" lbTx="146.7986609" tId="2" fbRx="146.7986675" lbRx="0" />
<p fId="1" fbTx="146.7986689" lbTx="146.7986745" tId="0" fbRx="146.798681" lbRx="0" />
<p fId="1" fbTx="146.7986689" lbTx="146.7986745" tId="2" fbRx="146.798681" lbRx="0" />
<p fId="1" fbTx="146.7986689" lbTx="146.7986745" tId="2" fbRx="146.798681" lbRx="0" />
<p fId="1" fbTx="146.7987034" lbTx="146.798709" tId="0" fbRx="146.7987156" lbRx="0" />
<p fId="1" fbTx="146.7987034" lbTx="146.798709" tId="2" fbRx="146.7987156" lbRx="0" />
<p fId="1" fbTx="146.7987034" lbTx="146.798709" tId="2" fbRx="146.7987156" lbRx="0" />
<p fId="1" fbTx="146.798716" lbTx="146.7987216" tId="0" fbRx="146.7987282" lbRx="0" />
<p fId="1" fbTx="146.798716" lbTx="146.7987216" tId="2" fbRx="146.7987282" lbRx="0" />
<p fId="1" fbTx="146.798716" lbTx="146.7987216" tId="2" fbRx="146.7987282" lbRx="0" />
<p fId="1" fbTx="146.7987306" lbTx="146.7987362" tId="0" fbRx="146.7987427" lbRx="0" />
<p fId="1" fbTx="146.7987306" lbTx="146.7987362" tId="2" fbRx="146.7987427" lbRx="0" />
<p fId="1" fbTx="146.7987306" lbTx="146.7987362" tId="2" fbRx="146.7987427" lbRx="0" />
<p fId="1" fbTx="146.7987451" lbTx="146.7987507" tId="0" fbRx="146.7987573" lbRx="0" />
<p fId="1" fbTx="146.7987451" lbTx="146.7987507" tId="2" fbRx="146.7987573" lbRx="0" />
<p fId="1" fbTx="146.7987451" lbTx="146.7987507" tId="2" fbRx="146.7987573" lbRx="0" />
<p fId="1" fbTx="146.7987587" lbTx="146.7987643" tId="0" fbRx="146.7987708" lbRx="0" />
<p fId="1" fbTx="146.7987587" lbTx="146.7987643" tId="2" fbRx="146.7987708" lbRx="0" />
<p fId="1" fbTx="146.7987587" lbTx="146.7987643" tId="2" fbRx="146.7987708" lbRx="0" />
<p fId="1" fbTx="146.7987722" lbTx="146.7987778" tId="0" fbRx="146.7987844" lbRx="0" />
<p fId="1" fbTx="146.7987722" lbTx="146.7987778" tId="2" fbRx="146.7987844" lbRx="0" />
<p fId="1" fbTx="146.7987722" lbTx="146.7987778" tId="2" fbRx="146.7987844" lbRx="0" />
<p fId="1" fbTx="146.7987848" lbTx="146.7987904" tId="0" fbRx="146.798797" lbRx="0" />
<p fId="1" fbTx="146.7987848" lbTx="146.7987904" tId="2" fbRx="146.798797" lbRx="0" />
<p fId="1" fbTx="146.7987848" lbTx="146.7987904" tId="2" fbRx="146.798797" lbRx="0" />
<p fId="1" fbTx="146.7988014" lbTx="146.798807" tId="0" fbRx="146.7988135" lbRx="0" />
<p fId="1" fbTx="146.7988014" lbTx="146.798807" tId="2" fbRx="146.7988135" lbRx="0" />
<p fId="1" fbTx="146.7988014" lbTx="146.798807" tId="2" fbRx="146.7988135" lbRx="0" />
<p fId="1" fbTx="146.7988149" lbTx="146.7988205" tId="0" fbRx="146.7988271" lbRx="0" />
<p fId="1" fbTx="146.7988149" lbTx="146.7988205" tId="2" fbRx="146.7988271" lbRx="0" />
<p fId="1" fbTx="146.7988149" lbTx="146.7988205" tId="2" fbRx="146.7988271" lbRx="0" />
<p fId="1" fbTx="146.7988295" lbTx="146.7988351" tId="0" fbRx="146.7988416" lbRx="0" />
<p fId="1" fbTx="146.7988295" lbTx="146.7988351" tId="2" fbRx="146.7988416" lbRx="0" />
<p fId="1" fbTx="146.7988295" lbTx="146.7988351" tId="2" fbRx="146.7988416" lbRx="0" />
<p fId="1" fbTx="146.798844" lbTx="146.7988496" tId="0" fbRx="146.7988562" lbRx="0" />
<p fId="1" fbTx="146.798844" lbTx="146.7988496" tId="2" fbRx="146.7988562" lbRx="0" />
<p fId="1" fbTx="146.798844" lbTx="146.7988496" tId="2" fbRx="146.7988562" lbRx="0" />
<p fId="1" fbTx="146.7988626" lbTx="146.7988682" tId="0" fbRx="146.7988748" lbRx="0" />
<p fId="1" fbTx="146.7988626" lbTx="146.7988682" tId="2" fbRx="146.7988748" lbRx="0" />
<p fId="1" fbTx="146.7988626" lbTx="146.7988682" tId="2" fbRx="146.7988748" lbRx="0" />
<p fId="1" fbTx="146.7988772" lbTx="146.7988828" tId="0" fbRx="146.7988893" lbRx="0" />
<p fId="1" fbTx="146.7988772" lbTx="146.7988828" tId="2" fbRx="146.7988893" lbRx="0" />
<p fId="1" fbTx="146.7988772" lbTx="146.7988828" tId="2" fbRx="146.7988893" lbRx="0" />
<p fId="1" fbTx="146.7988897" lbTx="146.7988953" tId="0" fbRx="146.7989019" lbRx="0" />
<p fId="1" fbTx="146.7988897" lbTx="146.7988953" tId="2" fbRx="146.7989019" lbRx="0" />
<p fId="1" fbTx="146.7988897" lbTx="146.7988953" tId="2" fbRx="146.7989019" lbRx="0" />
<p fId="1" fbTx="146.7989053" lbTx="146.7989109" tId="0" fbRx="146.7989174" lbRx="0" />
<p fId="1" fbTx="146.7989053" lbTx="146.7989109" tId="2" fbRx="146.7989174" lbRx="0" />
<p fId="1" fbTx="146.7989053" lbTx="146.7989109" tId="2" fbRx="146.7989174" lbRx="0" />
<p fId="1" fbTx="146.7989288" lbTx="146.7989344" tId="0" fbRx="146.798941" lbRx="0" />
<p fId="1" fbTx="146.7989288" lbTx="146.7989344" tId="2" fbRx="146.798941" lbRx="0" />
<p fId="1" fbTx="146.7989288" lbTx="146.7989344" tId="2" fbRx="146.798941" lbRx="0" />
<p fId="1" fbTx="146.7989444" lbTx="146.79895" tId="0" fbRx="146.7989566" lbRx="0" />
<p fId="1" fbTx="146.7989444" lbTx="146.79895" tId="2" fbRx="146.7989566" lbRx="0" />
<p fId="1" fbTx="146.7989444" lbTx="146.79895" tId="2" fbRx="146.7989566" lbRx="0" />
<p fId="1" fbTx="146.798958" lbTx="146.7989636" tId="0" fbRx="146.7989701" lbRx="0" />
<p fId="1" fbTx="146.798958" lbTx="146.7989636" tId="2" fbRx="146.7989701" lbRx="0" />
<p fId="1" fbTx="146.798958" lbTx="146.7989636" tId="2" fbRx="146.7989701" lbRx="0" />
<p fId="1" fbTx="146.7989705" lbTx="146.7989761" tId="0" fbRx="146.7989827" lbRx="0" />
<p fId="1" fbTx="146.7989705" lbTx="146.7989761" tId="2" fbRx="146.7989827" lbRx="0" />
<p fId="1" fbTx="146.7989705" lbTx="146.7989761" tId="2" fbRx="146.7989827" lbRx="0" />
<p fId="1" fbTx="146.7989831" lbTx="146.7989887" tId="0" fbRx="146.7989952" lbRx="0" />
<p fId="1" fbTx="146.7989831" lbTx="146.7989887" tId="2" fbRx="146.7989952" lbRx="0" />
<p fId="1" fbTx="146.7989831" lbTx="146.7989887" tId="2" fbRx="146.7989952" lbRx="0" />
<p fId="1" fbTx="146.7989986" lbTx="146.7990042" tId="0" fbRx="146.7990108" lbRx="0" />
<p fId="1" fbTx="146.7989986" lbTx="146.7990042" tId="2" fbRx="146.7990108" lbRx="0" />
<p fId="1" fbTx="146.7989986" lbTx="146.7990042" tId="2" fbRx="146.7990108" lbRx="0" />
<p fId="1" fbTx="146.7990122" lbTx="146.7990178" tId="0" fbRx="146.7990244" lbRx="0" />
<p fId="1" fbTx="146.7990122" lbTx="146.7990178" tId="2" fbRx="146.7990244" lbRx="0" />
<p fId="1" fbTx="146.7990122" lbTx="146.7990178" tId="2" fbRx="146.7990244" lbRx="0" />
<p fId="1" fbTx="146.7990268" lbTx="146.7990324" tId="0" fbRx="146.7990389" lbRx="0" />
<p fId="1" fbTx="146.7990268" lbTx="146.7990324" tId="2" fbRx="146.7990389" lbRx="0" />
<p fId="1" fbTx="146.7990268" lbTx="146.7990324" tId="2" fbRx="146.7990389" lbRx="0" />
<p fId="1" fbTx="146.7990393" lbTx="146.7990449" tId="0" fbRx="146.7990515" lbRx="0" />
<p fId="1" fbTx="146.7990393" lbTx="146.7990449" tId="2" fbRx="146.7990515" lbRx="0" />
<p fId="1" fbTx="146.7990393" lbTx="146.7990449" tId="2" fbRx="146.7990515" lbRx="0" />
<p fId="1" fbTx="146.7990559" lbTx="146.7990615" tId="0" fbRx="146.799068" lbRx="0" />
<p fId="1" fbTx="146.7990559" lbTx="146.7990615" tId="2" fbRx="146.799068" lbRx="0" />
<p fId="1" fbTx="146.7990559" lbTx="146.7990615" tId="2" fbRx="146.799068" lbRx="0" />
<p fId="1" fbTx="146.7990694" lbTx="146.799075" tId="0" fbRx="146.7990816" lbRx="0" />
<p fId="1" fbTx="146.7990694" lbTx="146.799075" tId="2" fbRx="146.7990816" lbRx="0" />
<p fId="1" fbTx="146.7990694" lbTx="146.799075" tId="2" fbRx="146.7990816" lbRx="0" />
<p fId="1" fbTx="146.799082" lbTx="146.7990876" tId="0" fbRx="146.7990942" lbRx="0" />
<p fId="1" fbTx="146.799082" lbTx="146.7990876" tId="2" fbRx="146.7990942" lbRx="0" />
<p fId="1" fbTx="146.799082" lbTx="146.7990876" tId="2" fbRx="146.7990942" lbRx="0" />
<p fId="1" fbTx="146.7990956" lbTx="146.7991012" tId="0" fbRx="146.7991077" lbRx="0" />
<p fId="1" fbTx="146.7990956" lbTx="146.7991012" tId="2" fbRx="146.7991077" lbRx="0" />
<p fId="1" fbTx="146.7990956" lbTx="146.7991012" tId="2" fbRx="146.7991077" lbRx="0" />
<p fId="1" fbTx="146.7991191" lbTx="146.7991247" tId="0" fbRx="146.7991313" lbRx="0" />
<p fId="1" fbTx="146.7991191" lbTx="146.7991247" tId="2" fbRx="146.7991313" lbRx="0" />
<p fId="1" fbTx="146.7991191" lbTx="146.7991247" tId="2" fbRx="146.7991313" lbRx="0" />
<p fId="1" fbTx="146.7991467" lbTx="146.7991523" tId="0" fbRx="146.7991588" lbRx="0" />
<p fId="1" fbTx="146.7991467" lbTx="146.7991523" tId="2" fbRx="146.7991588" lbRx="0" />
<p fId="1" fbTx="146.7991467" lbTx="146.7991523" tId="2" fbRx="146.7991588" lbRx="0" />
<p fId="1" fbTx="146.7991622" lbTx="146.7991678" tId="0" fbRx="146.7991744" lbRx="0" />
<p fId="1" fbTx="146.7991622" lbTx="146.7991678" tId="2" fbRx="146.7991744" lbRx="0" />
<p fId="1" fbTx="146.7991622" lbTx="146.7991678" tId="2" fbRx="146.7991744" lbRx="0" />
<p fId="1" fbTx="146.7991748" lbTx="146.7991804" tId="0" fbRx="146.799187" lbRx="0" />
<p fId="1" fbTx="146.7991748" lbTx="146.7991804" tId="2" fbRx="146.799187" lbRx="0" />
<p fId="1" fbTx="146.7991748" lbTx="146.7991804" tId="2" fbRx="146.799187" lbRx="0" />
<p fId="1" fbTx="146.7991914" lbTx="146.799197" tId="0" fbRx="146.7992035" lbRx="0" />
<p fId="1" fbTx="146.7991914" lbTx="146.799197" tId="2" fbRx="146.7992035" lbRx="0" />
<p fId="1" fbTx="146.7991914" lbTx="146.799197" tId="2" fbRx="146.7992035" lbRx="0" />
<p fId="1" fbTx="146.7992039" lbTx="146.7992095" tId="0" fbRx="146.7992161" lbRx="0" />
<p fId="1" fbTx="146.7992039" lbTx="146.7992095" tId="2" fbRx="146.7992161" lbRx="0" />
<p fId="1" fbTx="146.7992039" lbTx="146.7992095" tId="2" fbRx="146.7992161" lbRx="0" />
<p fId="1" fbTx="146.7992175" lbTx="146.7992231" tId="0" fbRx="146.7992296" lbRx="0" />
<p fId="1" fbTx="146.7992175" lbTx="146.7992231" tId="2" fbRx="146.7992296" lbRx="0" />
<p fId="1" fbTx="146.7992175" lbTx="146.7992231" tId="2" fbRx="146.7992296" lbRx="0" />
<p fId="1" fbTx="146.799233" lbTx="146.7992386" tId="0" fbRx="146.7992452" lbRx="0" />
<p fId="1" fbTx="146.799233" lbTx="146.7992386" tId="2" fbRx="146.7992452" lbRx="0" />
<p fId="1" fbTx="146.799233" lbTx="146.7992386" tId="2" fbRx="146.7992452" lbRx="0" />
<p fId="1" fbTx="146.7992476" lbTx="146.7992532" tId="0" fbRx="146.7992598" lbRx="0" />
<p fId="1" fbTx="146.7992476" lbTx="146.7992532" tId="2" fbRx="146.7992598" lbRx="0" />
<p fId="1" fbTx="146.7992476" lbTx="146.7992532" tId="2" fbRx="146.7992598" lbRx="0" />
<p fId="1" fbTx="146.7992622" lbTx="146.7992678" tId="0" fbRx="146.7992743" lbRx="0" />
<p fId="1" fbTx="146.7992622" lbTx="146.7992678" tId="2" fbRx="146.7992743" lbRx="0" />
<p fId="1" fbTx="146.7992622" lbTx="146.7992678" tId="2" fbRx="146.7992743" lbRx="0" />
<p fId="1" fbTx="146.7992767" lbTx="146.7992823" tId="0" fbRx="146.7992889" lbRx="0" />
<p fId="1" fbTx="146.7992767" lbTx="146.7992823" tId="2" fbRx="146.7992889" lbRx="0" />
<p fId="1" fbTx="146.7992767" lbTx="146.7992823" tId="2" fbRx="146.7992889" lbRx="0" />
<p fId="1" fbTx="146.7992953" lbTx="146.7993009" tId="0" fbRx="146.7993074" lbRx="0" />
<p fId="1" fbTx="146.7992953" lbTx="146.7993009" tId="2" fbRx="146.7993074" lbRx="0" />
<p fId="1" fbTx="146.7992953" lbTx="146.7993009" tId="2" fbRx="146.7993074" lbRx="0" />
<p fId="1" fbTx="146.7993078" lbTx="146.7993134" tId="0" fbRx="146.79932" lbRx="0" />
<p fId="1" fbTx="146.7993078" lbTx="146.7993134" tId="2" fbRx="146.79932" lbRx="0" />
<p fId="1" fbTx="146.7993078" lbTx="146.7993134" tId="2" fbRx="146.79932" lbRx="0" />
<p fId="1" fbTx="146.7993234" lbTx="146.799329" tId="0" fbRx="146.7993356" lbRx="0" />
<p fId="1" fbTx="146.7993234" lbTx="146.799329" tId="2" fbRx="146.7993356" lbRx="0" />
<p fId="1" fbTx="146.7993234" lbTx="146.799329" tId="2" fbRx="146.7993356" lbRx="0" />
<p fId="1" fbTx="146.799336" lbTx="146.7993416" tId="0" fbRx="146.7993481" lbRx="0" />
<p fId="1" fbTx="146.799336" lbTx="146.7993416" tId="2" fbRx="146.7993481" lbRx="0" />
<p fId="1" fbTx="146.799336" lbTx="146.7993416" tId="2" fbRx="146.7993481" lbRx="0" />
<p fId="1" fbTx="146.7993485" lbTx="146.7993541" tId="0" fbRx="146.7993607" lbRx="0" />
<p fId="1" fbTx="146.7993485" lbTx="146.7993541" tId="2" fbRx="146.7993607" lbRx="0" />
<p fId="1" fbTx="146.7993485" lbTx="146.7993541" tId="2" fbRx="146.7993607" lbRx="0" />
<p fId="1" fbTx="146.7993761" lbTx="146.7993817" tId="0" fbRx="146.7993882" lbRx="0" />
<p fId="1" fbTx="146.7993761" lbTx="146.7993817" tId="2" fbRx="146.7993882" lbRx="0" />
<p fId="1" fbTx="146.7993761" lbTx="146.7993817" tId="2" fbRx="146.7993882" lbRx="0" />
<p fId="1" fbTx="146.7993986" lbTx="146.7994042" tId="0" fbRx="146.7994108" lbRx="0" />
<p fId="1" fbTx="146.7993986" lbTx="146.7994042" tId="2" fbRx="146.7994108" lbRx="0" />
<p fId="1" fbTx="146.7993986" lbTx="146.7994042" tId="2" fbRx="146.7994108" lbRx="0" />
<p fId="1" fbTx="146.7994202" lbTx="146.7994258" tId="0" fbRx="146.7994324" lbRx="0" />
<p fId="1" fbTx="146.7994202" lbTx="146.7994258" tId="2" fbRx="146.7994324" lbRx="0" />
<p fId="1" fbTx="146.7994202" lbTx="146.7994258" tId="2" fbRx="146.7994324" lbRx="0" />
<p fId="1" fbTx="146.7994328" lbTx="146.7994384" tId="0" fbRx="146.7994449" lbRx="0" />
<p fId="1" fbTx="146.7994328" lbTx="146.7994384" tId="2" fbRx="146.7994449" lbRx="0" />
<p fId="1" fbTx="146.7994328" lbTx="146.7994384" tId="2" fbRx="146.7994449" lbRx="0" />
<p fId="1" fbTx="146.7994453" lbTx="146.7994509" tId="0" fbRx="146.7994575" lbRx="0" />
<p fId="1" fbTx="146.7994453" lbTx="146.7994509" tId="2" fbRx="146.7994575" lbRx="0" />
<p fId="1" fbTx="146.7994453" lbTx="146.7994509" tId="2" fbRx="146.7994575" lbRx="0" />
<p fId="1" fbTx="146.7994689" lbTx="146.7994745" tId="0" fbRx="146.799481" lbRx="0" />
<p fId="1" fbTx="146.7994689" lbTx="146.7994745" tId="2" fbRx="146.799481" lbRx="0" />
<p fId="1" fbTx="146.7994689" lbTx="146.7994745" tId="2" fbRx="146.799481" lbRx="0" />
<p fId="2" fbTx="146.7996462" lbTx="146.7996946" tId="0" fbRx="146.7997012" lbRx="0" />
<p fId="2" fbTx="146.7996462" lbTx="146.7996946" tId="1" fbRx="146.7997012" lbRx="0" />
<p fId="2" fbTx="146.7996462" lbTx="146.7996946" tId="1" fbRx="146.7997012" lbRx="0" />
<p fId="2" fbTx="146.7997026" lbTx="146.7997511" tId="0" fbRx="146.7997576" lbRx="0" />
<p fId="2" fbTx="146.7997026" lbTx="146.7997511" tId="1" fbRx="146.7997576" lbRx="0" />
<p fId="2" fbTx="146.7997026" lbTx="146.7997511" tId="1" fbRx="146.7997576" lbRx="0" />
<p fId="2" fbTx="146.799758" lbTx="146.7998065" tId="0" fbRx="146.7998131" lbRx="0" />
<p fId="2" fbTx="146.799758" lbTx="146.7998065" tId="1" fbRx="146.7998131" lbRx="0" />
<p fId="2" fbTx="146.799758" lbTx="146.7998065" tId="1" fbRx="146.7998131" lbRx="0" />
<p fId="2" fbTx="146.7998205" lbTx="146.799869" tId="0" fbRx="146.7998755" lbRx="0" />
<p fId="2" fbTx="146.7998205" lbTx="146.799869" tId="1" fbRx="146.7998755" lbRx="0" />
<p fId="2" fbTx="146.7998205" lbTx="146.799869" tId="1" fbRx="146.7998755" lbRx="0" />
<p fId="2" fbTx="146.7998819" lbTx="146.7999304" tId="0" fbRx="146.799937" lbRx="0" />
<p fId="2" fbTx="146.7998819" lbTx="146.7999304" tId="1" fbRx="146.799937" lbRx="0" />
<p fId="2" fbTx="146.7998819" lbTx="146.7999304" tId="1" fbRx="146.799937" lbRx="0" />
<p fId="2" fbTx="146.7999374" lbTx="146.7999858" tId="0" fbRx="146.7999924" lbRx="0" />
<p fId="2" fbTx="146.7999374" lbTx="146.7999858" tId="1" fbRx="146.7999924" lbRx="0" />
<p fId="2" fbTx="146.7999374" lbTx="146.7999858" tId="1" fbRx="146.7999924" lbRx="0" />
<p fId="2" fbTx="146.7999938" lbTx="146.8000423" tId="0" fbRx="146.8000488" lbRx="0" />
<p fId="2" fbTx="146.7999938" lbTx="146.8000423" tId="1" fbRx="146.8000488" lbRx="0" />
<p fId="2" fbTx="146.7999938" lbTx="146.8000423" tId="1" fbRx="146.8000488" lbRx="0" />
<p fId="2" fbTx="146.8000552" lbTx="146.8001037" tId="0" fbRx="146.8001103" lbRx="0" />
<p fId="2" fbTx="146.8000552" lbTx="146.8001037" tId="1" fbRx="146.8001103" lbRx="0" />
<p fId="2" fbTx="146.8000552" lbTx="146.8001037" tId="1" fbRx="146.8001103" lbRx="0" />
<p fId="2" fbTx="146.8001127" lbTx="146.8001612" tId="0" fbRx="146.8001677" lbRx="0" />
<p fId="2" fbTx="146.8001127" lbTx="146.8001612" tId="1" fbRx="146.8001677" lbRx="0" />
<p fId="2" fbTx="146.8001127" lbTx="146.8001612" tId="1" fbRx="146.8001677" lbRx="0" />
<p fId="2" fbTx="146.8001701" lbTx="146.8002186" tId="0" fbRx="146.8002252" lbRx="0" />
<p fId="2" fbTx="146.8001701" lbTx="146.8002186" tId="1" fbRx="146.8002252" lbRx="0" />
<p fId="2" fbTx="146.8001701" lbTx="146.8002186" tId="1" fbRx="146.8002252" lbRx="0" />
<p fId="2" fbTx="146.8002286" lbTx="146.800277" tId="0" fbRx="146.8002836" lbRx="0" />
<p fId="2" fbTx="146.8002286" lbTx="146.800277" tId="1" fbRx="146.8002836" lbRx="0" />
<p fId="2" fbTx="146.8002286" lbTx="146.800277" tId="1" fbRx="146.8002836" lbRx="0" />
<p fId="2" fbTx="146.800286" lbTx="146.8003345" tId="0" fbRx="146.800341" lbRx="0" />
<p fId="2" fbTx="146.800286" lbTx="146.8003345" tId="1" fbRx="146.800341" lbRx="0" />
<p fId="2" fbTx="146.800286" lbTx="146.8003345" tId="1" fbRx="146.800341" lbRx="0" />
<p fId="2" fbTx="146.8003424" lbTx="146.8003909" tId="0" fbRx="146.8003975" lbRx="0" />
<p fId="2" fbTx="146.8003424" lbTx="146.8003909" tId="1" fbRx="146.8003975" lbRx="0" />
<p fId="2" fbTx="146.8003424" lbTx="146.8003909" tId="1" fbRx="146.8003975" lbRx="0" />
<p fId="2" fbTx="146.8003989" lbTx="146.8004474" tId="0" fbRx="146.8004539" lbRx="0" />
<p fId="2" fbTx="146.8003989" lbTx="146.8004474" tId="1" fbRx="146.8004539" lbRx="0" />
<p fId="2" fbTx="146.8003989" lbTx="146.8004474" tId="1" fbRx="146.8004539" lbRx="0" />
<p fId="2" fbTx="146.8004563" lbTx="146.8005048" tId="0" fbRx="146.8005114" lbRx="0" />
<p fId="2" fbTx="146.8004563" lbTx="146.8005048" tId="1" fbRx="146.8005114" lbRx="0" />
<p fId="2" fbTx="146.8004563" lbTx="146.8005048" tId="1" fbRx="146.8005114" lbRx="0" />
<p fId="2" fbTx="146.8005128" lbTx="146.8005612" tId="0" fbRx="146.8005678" lbRx="0" />
<p fId="2" fbTx="146.8005128" lbTx="146.8005612" tId="1" fbRx="146.8005678" lbRx="0" />
<p fId="2" fbTx="146.8005128" lbTx="146.8005612" tId="1" fbRx="146.8005678" lbRx="0" />
<p fId="2" fbTx="146.8005802" lbTx="146.8006287" tId="0" fbRx="146.8006352" lbRx="0" />
<p fId="2" fbTx="146.8005802" lbTx="146.8006287" tId="1" fbRx="146.8006352" lbRx="0" />
<p fId="2" fbTx="146.8005802" lbTx="146.8006287" tId="1" fbRx="146.8006352" lbRx="0" />
<p fId="2" fbTx="146.8006376" lbTx="146.8006861" tId="0" fbRx="146.8006927" lbRx="0" />
<p fId="2" fbTx="146.8006376" lbTx="146.8006861" tId="1" fbRx="146.8006927" lbRx="0" />
<p fId="2" fbTx="146.8006376" lbTx="146.8006861" tId="1" fbRx="146.8006927" lbRx="0" />
<p fId="2" fbTx="146.8006931" lbTx="146.8007416" tId="0" fbRx="146.8007481" lbRx="0" />
<p fId="2" fbTx="146.8006931" lbTx="146.8007416" tId="1" fbRx="146.8007481" lbRx="0" />
<p fId="2" fbTx="146.8006931" lbTx="146.8007416" tId="1" fbRx="146.8007481" lbRx="0" />
<p fId="2" fbTx="146.8007495" lbTx="146.800798" tId="0" fbRx="146.8008046" lbRx="0" />
<p fId="2" fbTx="146.8007495" lbTx="146.800798" tId="1" fbRx="146.8008046" lbRx="0" />
<p fId="2" fbTx="146.8007495" lbTx="146.800798" tId="1" fbRx="146.8008046" lbRx="0" />
<p fId="2" fbTx="146.800805" lbTx="146.8008534" tId="0" fbRx="146.80086" lbRx="0" />
<p fId="2" fbTx="146.800805" lbTx="146.8008534" tId="1" fbRx="146.80086" lbRx="0" />
<p fId="2" fbTx="146.800805" lbTx="146.8008534" tId="1" fbRx="146.80086" lbRx="0" />
<p fId="2" fbTx="146.8008604" lbTx="146.8009089" tId="0" fbRx="146.8009154" lbRx="0" />
<p fId="2" fbTx="146.8008604" lbTx="146.8009089" tId="1" fbRx="146.8009154" lbRx="0" />
<p fId="2" fbTx="146.8008604" lbTx="146.8009089" tId="1" fbRx="146.8009154" lbRx="0" />
<p fId="2" fbTx="146.8009168" lbTx="146.8009653" tId="0" fbRx="146.8009719" lbRx="0" />
<p fId="2" fbTx="146.8009168" lbTx="146.8009653" tId="1" fbRx="146.8009719" lbRx="0" />
<p fId="2" fbTx="146.8009168" lbTx="146.8009653" tId="1" fbRx="146.8009719" lbRx="0" />
<p fId="2" fbTx="146.8009813" lbTx="146.8010298" tId="0" fbRx="146.8010363" lbRx="0" />
<p fId="2" fbTx="146.8009813" lbTx="146.8010298" tId="1" fbRx="146.8010363" lbRx="0" />
<p fId="2" fbTx="146.8009813" lbTx="146.8010298" tId="1" fbRx="146.8010363" lbRx="0" />
<p fId="2" fbTx="146.8010477" lbTx="146.8010962" tId="0" fbRx="146.8011028" lbRx="0" />
<p fId="2" fbTx="146.8010477" lbTx="146.8010962" tId="1" fbRx="146.8011028" lbRx="0" />
<p fId="2" fbTx="146.8010477" lbTx="146.8010962" tId="1" fbRx="146.8011028" lbRx="0" />
<p fId="2" fbTx="146.8011042" lbTx="146.8011526" tId="0" fbRx="146.8011592" lbRx="0" />
<p fId="2" fbTx="146.8011042" lbTx="146.8011526" tId="1" fbRx="146.8011592" lbRx="0" />
<p fId="2" fbTx="146.8011042" lbTx="146.8011526" tId="1" fbRx="146.8011592" lbRx="0" />
<p fId="2" fbTx="146.8011596" lbTx="146.8012081" tId="0" fbRx="146.8012146" lbRx="0" />
<p fId="2" fbTx="146.8011596" lbTx="146.8012081" tId="1" fbRx="146.8012146" lbRx="0" />
<p fId="2" fbTx="146.8011596" lbTx="146.8012081" tId="1" fbRx="146.8012146" lbRx="0" />
<p fId="2" fbTx="146.801216" lbTx="146.8012645" tId="0" fbRx="146.8012711" lbRx="0" />
<p fId="2" fbTx="146.801216" lbTx="146.8012645" tId="1" fbRx="146.8012711" lbRx="0" />
<p fId="2" fbTx="146.801216" lbTx="146.8012645" tId="1" fbRx="146.8012711" lbRx="0" />
<p fId="2" fbTx="146.8012715" lbTx="146.80132" tId="0" fbRx="146.8013265" lbRx="0" />
<p fId="2" fbTx="146.8012715" lbTx="146.80132" tId="1" fbRx="146.8013265" lbRx="0" />
<p fId="2" fbTx="146.8012715" lbTx="146.80132" tId="1" fbRx="146.8013265" lbRx="0" />
<p fId="2" fbTx="146.8013339" lbTx="146.8013824" tId="0" fbRx="146.801389" lbRx="0" />
<p fId="2" fbTx="146.8013339" lbTx="146.8013824" tId="1" fbRx="146.801389" lbRx="0" />
<p fId="2" fbTx="146.8013339" lbTx="146.8013824" tId="1" fbRx="146.801389" lbRx="0" />
<p fId="2" fbTx="146.8013924" lbTx="146.8014408" tId="0" fbRx="146.8014474" lbRx="0" />
<p fId="2" fbTx="146.8013924" lbTx="146.8014408" tId="1" fbRx="146.8014474" lbRx="0" />
<p fId="2" fbTx="146.8013924" lbTx="146.8014408" tId="1" fbRx="146.8014474" lbRx="0" />
<p fId="2" fbTx="146.8014508" lbTx="146.8014993" tId="0" fbRx="146.8015058" lbRx="0" />
<p fId="2" fbTx="146.8014508" lbTx="146.8014993" tId="1" fbRx="146.8015058" lbRx="0" />
<p fId="2" fbTx="146.8014508" lbTx="146.8014993" tId="1" fbRx="146.8015058" lbRx="0" />
<p fId="2" fbTx="146.8015122" lbTx="146.8015607" tId="0" fbRx="146.8015673" lbRx="0" />
<p fId="2" fbTx="146.8015122" lbTx="146.8015607" tId="1" fbRx="146.8015673" lbRx="0" />
<p fId="2" fbTx="146.8015122" lbTx="146.8015607" tId="1" fbRx="146.8015673" lbRx="0" />
<p fId="2" fbTx="146.8015697" lbTx="146.8016182" tId="0" fbRx="146.8016247" lbRx="0" />
<p fId="2" fbTx="146.8015697" lbTx="146.8016182" tId="1" fbRx="146.8016247" lbRx="0" />
<p fId="2" fbTx="146.8015697" lbTx="146.8016182" tId="1" fbRx="146.8016247" lbRx="0" />
<p fId="2" fbTx="146.8016271" lbTx="146.8016756" tId="0" fbRx="146.8016822" lbRx="0" />
<p fId="2" fbTx="146.8016271" lbTx="146.8016756" tId="1" fbRx="146.8016822" lbRx="0" />
<p fId="2" fbTx="146.8016271" lbTx="146.8016756" tId="1" fbRx="146.8016822" lbRx="0" />
<p fId="2" fbTx="146.8016836" lbTx="146.801732" tId="0" fbRx="146.8017386" lbRx="0" />
<p fId="2" fbTx="146.8016836" lbTx="146.801732" tId="1" fbRx="146.8017386" lbRx="0" />
<p fId="2" fbTx="146.8016836" lbTx="146.801732" tId="1" fbRx="146.8017386" lbRx="0" />
<p fId="2" fbTx="146.801745" lbTx="146.8017935" tId="0" fbRx="146.8018" lbRx="0" />
<p fId="2" fbTx="146.801745" lbTx="146.8017935" tId="1" fbRx="146.8018" lbRx="0" />
<p fId="2" fbTx="146.801745" lbTx="146.8017935" tId="1" fbRx="146.8018" lbRx="0" />
<p fId="2" fbTx="146.8018094" lbTx="146.8018579" tId="0" fbRx="146.8018645" lbRx="0" />
<p fId="2" fbTx="146.8018094" lbTx="146.8018579" tId="1" fbRx="146.8018645" lbRx="0" />
<p fId="2" fbTx="146.8018094" lbTx="146.8018579" tId="1" fbRx="146.8018645" lbRx="0" />
<p fId="2" fbTx="146.8018739" lbTx="146.8019224" tId="0" fbRx="146.8019289" lbRx="0" />
<p fId="2" fbTx="146.8018739" lbTx="146.8019224" tId="1" fbRx="146.8019289" lbRx="0" />
<p fId="2" fbTx="146.8018739" lbTx="146.8019224" tId="1" fbRx="146.8019289" lbRx="0" />
<p fId="2" fbTx="146.8019303" lbTx="146.8019788" tId="0" fbRx="146.8019854" lbRx="0" />
<p fId="2" fbTx="146.8019303" lbTx="146.8019788" tId="1" fbRx="146.8019854" lbRx="0" />
<p fId="2" fbTx="146.8019303" lbTx="146.8019788" tId="1" fbRx="146.8019854" lbRx="0" />
<p fId="2" fbTx="146.8019908" lbTx="146.8020392" tId="0" fbRx="146.8020458" lbRx="0" />
<p fId="2" fbTx="146.8019908" lbTx="146.8020392" tId="1" fbRx="146.8020458" lbRx="0" />
<p fId="2" fbTx="146.8019908" lbTx="146.8020392" tId="1" fbRx="146.8020458" lbRx="0" />
<p fId="2" fbTx="146.8020472" lbTx="146.8020957" tId="0" fbRx="146.8021022" lbRx="0" />
<p fId="2" fbTx="146.8020472" lbTx="146.8020957" tId="1" fbRx="146.8021022" lbRx="0" />
<p fId="2" fbTx="146.8020472" lbTx="146.8020957" tId="1" fbRx="146.8021022" lbRx="0" />
<p fId="2" fbTx="146.8021106" lbTx="146.8021591" tId="0" fbRx="146.8021657" lbRx="0" />
<p fId="2" fbTx="146.8021106" lbTx="146.8021591" tId="1" fbRx="146.8021657" lbRx="0" />
<p fId="2" fbTx="146.8021106" lbTx="146.8021591" tId="1" fbRx="146.8021657" lbRx="0" />
<p fId="2" fbTx="146.8021681" lbTx="146.8022166" tId="0" fbRx="146.8022231" lbRx="0" />
<p fId="2" fbTx="146.8021681" lbTx="146.8022166" tId="1" fbRx="146.8022231" lbRx="0" />
<p fId="2" fbTx="146.8021681" lbTx="146.8022166" tId="1" fbRx="146.8022231" lbRx="0" />
<p fId="2" fbTx="146.8022245" lbTx="146.802273" tId="0" fbRx="146.8022796" lbRx="0" />
<p fId="2" fbTx="146.8022245" lbTx="146.802273" tId="1" fbRx="146.8022796" lbRx="0" />
<p fId="2" fbTx="146.8022245" lbTx="146.802273" tId="1" fbRx="146.8022796" lbRx="0" />
<p fId="2" fbTx="146.802282" lbTx="146.8023304" tId="0" fbRx="146.802337" lbRx="0" />
<p fId="2" fbTx="146.802282" lbTx="146.8023304" tId="1" fbRx="146.802337" lbRx="0" />
<p fId="2" fbTx="146.802282" lbTx="146.8023304" tId="1" fbRx="146.802337" lbRx="0" />
<p fId="2" fbTx="146.8023384" lbTx="146.8023869" tId="0" fbRx="146.8023934" lbRx="0" />
<p fId="2" fbTx="146.8023384" lbTx="146.8023869" tId="1" fbRx="146.8023934" lbRx="0" />
<p fId="2" fbTx="146.8023384" lbTx="146.8023869" tId="1" fbRx="146.8023934" lbRx="0" />
<p fId="2" fbTx="146.8024008" lbTx="146.8024493" tId="0" fbRx="146.8024559" lbRx="0" />
<p fId="2" fbTx="146.8024008" lbTx="146.8024493" tId="1" fbRx="146.8024559" lbRx="0" />
<p fId="2" fbTx="146.8024008" lbTx="146.8024493" tId="1" fbRx="146.8024559" lbRx="0" />
<p fId="2" fbTx="146.8024573" lbTx="146.8025058" tId="0" fbRx="146.8025123" lbRx="0" />
<p fId="2" fbTx="146.8024573" lbTx="146.8025058" tId="1" fbRx="146.8025123" lbRx="0" />
<p fId="2" fbTx="146.8024573" lbTx="146.8025058" tId="1" fbRx="146.8025123" lbRx="0" />
<p fId="2" fbTx="146.8025137" lbTx="146.8025622" tId="0" fbRx="146.8025688" lbRx="0" />
<p fId="2" fbTx="146.8025137" lbTx="146.8025622" tId="1" fbRx="146.8025688" lbRx="0" />
<p fId="2" fbTx="146.8025137" lbTx="146.8025622" tId="1" fbRx="146.8025688" lbRx="0" />
<p fId="2" fbTx="146.8025812" lbTx="146.8026296" tId="0" fbRx="146.8026362" lbRx="0" />
<p fId="2" fbTx="146.8025812" lbTx="146.8026296" tId="1" fbRx="146.8026362" lbRx="0" />
<p fId="2" fbTx="146.8025812" lbTx="146.8026296" tId="1" fbRx="146.8026362" lbRx="0" />
<p fId="2" fbTx="146.8026376" lbTx="146.8026861" tId="0" fbRx="146.8026926" lbRx="0" />
<p fId="2" fbTx="146.8026376" lbTx="146.8026861" tId="1" fbRx="146.8026926" lbRx="0" />
<p fId="2" fbTx="146.8026376" lbTx="146.8026861" tId="1" fbRx="146.8026926" lbRx="0" />
<p fId="2" fbTx="146.802693" lbTx="146.8027415" tId="0" fbRx="146.8027481" lbRx="0" />
<p fId="2" fbTx="146.802693" lbTx="146.8027415" tId="1" fbRx="146.8027481" lbRx="0" />
<p fId="2" fbTx="146.802693" lbTx="146.8027415" tId="1" fbRx="146.8027481" lbRx="0" />
<p fId="2" fbTx="146.8027495" lbTx="146.802798" tId="0" fbRx="146.8028045" lbRx="0" />
<p fId="2" fbTx="146.8027495" lbTx="146.802798" tId="1" fbRx="146.8028045" lbRx="0" />
<p fId="2" fbTx="146.8027495" lbTx="146.802798" tId="1" fbRx="146.8028045" lbRx="0" />
<p fId="2" fbTx="146.8028109" lbTx="146.8028594" tId="0" fbRx="146.802866" lbRx="0" />
<p fId="2" fbTx="146.8028109" lbTx="146.8028594" tId="1" fbRx="146.802866" lbRx="0" />
<p fId="2" fbTx="146.8028109" lbTx="146.8028594" tId="1" fbRx="146.802866" lbRx="0" />
<p fId="2" fbTx="146.8028664" lbTx="146.8029148" tId="0" fbRx="146.8029214" lbRx="0" />
<p fId="2" fbTx="146.8028664" lbTx="146.8029148" tId="1" fbRx="146.8029214" lbRx="0" />
<p fId="2" fbTx="146.8028664" lbTx="146.8029148" tId="1" fbRx="146.8029214" lbRx="0" />
<p fId="2" fbTx="146.8029238" lbTx="146.8029723" tId="0" fbRx="146.8029788" lbRx="0" />
<p fId="2" fbTx="146.8029238" lbTx="146.8029723" tId="1" fbRx="146.8029788" lbRx="0" />
<p fId="2" fbTx="146.8029238" lbTx="146.8029723" tId="1" fbRx="146.8029788" lbRx="0" />
<p fId="2" fbTx="146.8029812" lbTx="146.8030297" tId="0" fbRx="146.8030363" lbRx="0" />
<p fId="2" fbTx="146.8029812" lbTx="146.8030297" tId="1" fbRx="146.8030363" lbRx="0" />
<p fId="2" fbTx="146.8029812" lbTx="146.8030297" tId="1" fbRx="146.8030363" lbRx="0" />
<p fId="2" fbTx="146.8030447" lbTx="146.8030932" tId="0" fbRx="146.8030997" lbRx="0" />
<p fId="2" fbTx="146.8030447" lbTx="146.8030932" tId="1" fbRx="146.8030997" lbRx="0" />
<p fId="2" fbTx="146.8030447" lbTx="146.8030932" tId="1" fbRx="146.8030997" lbRx="0" />
<p fId="2" fbTx="146.8031051" lbTx="146.8031536" tId="0" fbRx="146.8031602" lbRx="0" />
<p fId="2" fbTx="146.8031051" lbTx="146.8031536" tId="1" fbRx="146.8031602" lbRx="0" />
<p fId="2" fbTx="146.8031051" lbTx="146.8031536" tId="1" fbRx="146.8031602" lbRx="0" />
<p fId="2" fbTx="146.8031606" lbTx="146.803209" tId="0" fbRx="146.8032156" lbRx="0" />
<p fId="2" fbTx="146.8031606" lbTx="146.803209" tId="1" fbRx="146.8032156" lbRx="0" />
<p fId="2" fbTx="146.8031606" lbTx="146.803209" tId="1" fbRx="146.8032156" lbRx="0" />
<p fId="2" fbTx="146.803216" lbTx="146.8032645" tId="0" fbRx="146.803271" lbRx="0" />
<p fId="2" fbTx="146.803216" lbTx="146.8032645" tId="1" fbRx="146.803271" lbRx="0" />
<p fId="2" fbTx="146.803216" lbTx="146.8032645" tId="1" fbRx="146.803271" lbRx="0" />
<p fId="2" fbTx="146.8032744" lbTx="146.8033229" tId="0" fbRx="146.8033295" lbRx="0" />
<p fId="2" fbTx="146.8032744" lbTx="146.8033229" tId="1" fbRx="146.8033295" lbRx="0" />
<p fId="2" fbTx="146.8032744" lbTx="146.8033229" tId="1" fbRx="146.8033295" lbRx="0" />
<p fId="2" fbTx="146.8033309" lbTx="146.8033794" tId="0" fbRx="146.8033859" lbRx="0" />
<p fId="2" fbTx="146.8033309" lbTx="146.8033794" tId="1" fbRx="146.8033859" lbRx="0" />
<p fId="2" fbTx="146.8033309" lbTx="146.8033794" tId="1" fbRx="146.8033859" lbRx="0" />
<p fId="2" fbTx="146.8033863" lbTx="146.8034312" tId="0" fbRx="146.8034378" lbRx="0" />
<p fId="2" fbTx="146.8033863" lbTx="146.8034312" tId="1" fbRx="146.8034378" lbRx="0" />
<p fId="2" fbTx="146.8033863" lbTx="146.8034312" tId="1" fbRx="146.8034378" lbRx="0" />
<p fId="1" fbTx="146.8036556" lbTx="146.8036612" tId="0" fbRx="146.8036678" lbRx="0" />
<p fId="1" fbTx="146.8036556" lbTx="146.8036612" tId="2" fbRx="146.8036678" lbRx="0" />
<p fId="1" fbTx="146.8036556" lbTx="146.8036612" tId="2" fbRx="146.8036678" lbRx="0" />
<p fId="1" fbTx="146.8036772" lbTx="146.8036828" tId="0" fbRx="146.8036894" lbRx="0" />
<p fId="1" fbTx="146.8036772" lbTx="146.8036828" tId="2" fbRx="146.8036894" lbRx="0" />
<p fId="1" fbTx="146.8036772" lbTx="146.8036828" tId="2" fbRx="146.8036894" lbRx="0" />
<p fId="1" fbTx="146.8036918" lbTx="146.8036974" tId="0" fbRx="146.8037039" lbRx="0" />
<p fId="1" fbTx="146.8036918" lbTx="146.8036974" tId="2" fbRx="146.8037039" lbRx="0" />
<p fId="1" fbTx="146.8036918" lbTx="146.8036974" tId="2" fbRx="146.8037039" lbRx="0" />
<p fId="1" fbTx="146.8037043" lbTx="146.8037099" tId="0" fbRx="146.8037165" lbRx="0" />
<p fId="1" fbTx="146.8037043" lbTx="146.8037099" tId="2" fbRx="146.8037165" lbRx="0" />
<p fId="1" fbTx="146.8037043" lbTx="146.8037099" tId="2" fbRx="146.8037165" lbRx="0" />
<p fId="1" fbTx="146.8037209" lbTx="146.8037265" tId="0" fbRx="146.803733" lbRx="0" />
<p fId="1" fbTx="146.8037209" lbTx="146.8037265" tId="2" fbRx="146.803733" lbRx="0" />
<p fId="1" fbTx="146.8037209" lbTx="146.8037265" tId="2" fbRx="146.803733" lbRx="0" />
<p fId="1" fbTx="146.8037364" lbTx="146.803742" tId="0" fbRx="146.8037486" lbRx="0" />
<p fId="1" fbTx="146.8037364" lbTx="146.803742" tId="2" fbRx="146.8037486" lbRx="0" />
<p fId="1" fbTx="146.8037364" lbTx="146.803742" tId="2" fbRx="146.8037486" lbRx="0" />
<p fId="1" fbTx="146.803749" lbTx="146.8037546" tId="0" fbRx="146.8037612" lbRx="0" />
<p fId="1" fbTx="146.803749" lbTx="146.8037546" tId="2" fbRx="146.8037612" lbRx="0" />
<p fId="1" fbTx="146.803749" lbTx="146.8037546" tId="2" fbRx="146.8037612" lbRx="0" />
<p fId="1" fbTx="146.8037616" lbTx="146.8037672" tId="0" fbRx="146.8037737" lbRx="0" />
<p fId="1" fbTx="146.8037616" lbTx="146.8037672" tId="2" fbRx="146.8037737" lbRx="0" />
<p fId="1" fbTx="146.8037616" lbTx="146.8037672" tId="2" fbRx="146.8037737" lbRx="0" />
<p fId="1" fbTx="146.8037771" lbTx="146.8037827" tId="0" fbRx="146.8037893" lbRx="0" />
<p fId="1" fbTx="146.8037771" lbTx="146.8037827" tId="2" fbRx="146.8037893" lbRx="0" />
<p fId="1" fbTx="146.8037771" lbTx="146.8037827" tId="2" fbRx="146.8037893" lbRx="0" />
<p fId="1" fbTx="146.8037907" lbTx="146.8037963" tId="0" fbRx="146.8038028" lbRx="0" />
<p fId="1" fbTx="146.8037907" lbTx="146.8037963" tId="2" fbRx="146.8038028" lbRx="0" />
<p fId="1" fbTx="146.8037907" lbTx="146.8037963" tId="2" fbRx="146.8038028" lbRx="0" />
<p fId="1" fbTx="146.8038052" lbTx="146.8038108" tId="0" fbRx="146.8038174" lbRx="0" />
<p fId="1" fbTx="146.8038052" lbTx="146.8038108" tId="2" fbRx="146.8038174" lbRx="0" />
<p fId="1" fbTx="146.8038052" lbTx="146.8038108" tId="2" fbRx="146.8038174" lbRx="0" />
<p fId="1" fbTx="146.8038288" lbTx="146.8038344" tId="0" fbRx="146.803841" lbRx="0" />
<p fId="1" fbTx="146.8038288" lbTx="146.8038344" tId="2" fbRx="146.803841" lbRx="0" />
<p fId="1" fbTx="146.8038288" lbTx="146.8038344" tId="2" fbRx="146.803841" lbRx="0" />
<p fId="1" fbTx="146.8038434" lbTx="146.803849" tId="0" fbRx="146.8038555" lbRx="0" />
<p fId="1" fbTx="146.8038434" lbTx="146.803849" tId="2" fbRx="146.8038555" lbRx="0" />
<p fId="1" fbTx="146.8038434" lbTx="146.803849" tId="2" fbRx="146.8038555" lbRx="0" />
<p fId="1" fbTx="146.8038649" lbTx="146.8038705" tId="0" fbRx="146.8038771" lbRx="0" />
<p fId="1" fbTx="146.8038649" lbTx="146.8038705" tId="2" fbRx="146.8038771" lbRx="0" />
<p fId="1" fbTx="146.8038649" lbTx="146.8038705" tId="2" fbRx="146.8038771" lbRx="0" />
<p fId="1" fbTx="146.8038855" lbTx="146.8038911" tId="0" fbRx="146.8038976" lbRx="0" />
<p fId="1" fbTx="146.8038855" lbTx="146.8038911" tId="2" fbRx="146.8038976" lbRx="0" />
<p fId="1" fbTx="146.8038855" lbTx="146.8038911" tId="2" fbRx="146.8038976" lbRx="0" />
<p fId="1" fbTx="146.803898" lbTx="146.8039036" tId="0" fbRx="146.8039102" lbRx="0" />
<p fId="1" fbTx="146.803898" lbTx="146.8039036" tId="2" fbRx="146.8039102" lbRx="0" />
<p fId="1" fbTx="146.803898" lbTx="146.8039036" tId="2" fbRx="146.8039102" lbRx="0" />
<p fId="1" fbTx="146.8039106" lbTx="146.8039162" tId="0" fbRx="146.8039228" lbRx="0" />
<p fId="1" fbTx="146.8039106" lbTx="146.8039162" tId="2" fbRx="146.8039228" lbRx="0" />
<p fId="1" fbTx="146.8039106" lbTx="146.8039162" tId="2" fbRx="146.8039228" lbRx="0" />
<p fId="1" fbTx="146.8039302" lbTx="146.8039358" tId="0" fbRx="146.8039423" lbRx="0" />
<p fId="1" fbTx="146.8039302" lbTx="146.8039358" tId="2" fbRx="146.8039423" lbRx="0" />
<p fId="1" fbTx="146.8039302" lbTx="146.8039358" tId="2" fbRx="146.8039423" lbRx="0" />
<p fId="1" fbTx="146.8039447" lbTx="146.8039503" tId="0" fbRx="146.8039569" lbRx="0" />
<p fId="1" fbTx="146.8039447" lbTx="146.8039503" tId="2" fbRx="146.8039569" lbRx="0" />
<p fId="1" fbTx="146.8039447" lbTx="146.8039503" tId="2" fbRx="146.8039569" lbRx="0" />
<p fId="1" fbTx="146.8039643" lbTx="146.8039699" tId="0" fbRx="146.8039764" lbRx="0" />
<p fId="1" fbTx="146.8039643" lbTx="146.8039699" tId="2" fbRx="146.8039764" lbRx="0" />
<p fId="1" fbTx="146.8039643" lbTx="146.8039699" tId="2" fbRx="146.8039764" lbRx="0" />
<p fId="1" fbTx="146.8039788" lbTx="146.8039844" tId="0" fbRx="146.803991" lbRx="0" />
<p fId="1" fbTx="146.8039788" lbTx="146.8039844" tId="2" fbRx="146.803991" lbRx="0" />
<p fId="1" fbTx="146.8039788" lbTx="146.8039844" tId="2" fbRx="146.803991" lbRx="0" />
<p fId="1" fbTx="146.8039924" lbTx="146.803998" tId="0" fbRx="146.8040046" lbRx="0" />
<p fId="1" fbTx="146.8039924" lbTx="146.803998" tId="2" fbRx="146.8040046" lbRx="0" />
<p fId="1" fbTx="146.8039924" lbTx="146.803998" tId="2" fbRx="146.8040046" lbRx="0" />
<p fId="1" fbTx="146.804005" lbTx="146.8040106" tId="0" fbRx="146.8040171" lbRx="0" />
<p fId="1" fbTx="146.804005" lbTx="146.8040106" tId="2" fbRx="146.8040171" lbRx="0" />
<p fId="1" fbTx="146.804005" lbTx="146.8040106" tId="2" fbRx="146.8040171" lbRx="0" />
<p fId="1" fbTx="146.8040205" lbTx="146.8040261" tId="0" fbRx="146.8040327" lbRx="0" />
<p fId="1" fbTx="146.8040205" lbTx="146.8040261" tId="2" fbRx="146.8040327" lbRx="0" />
<p fId="1" fbTx="146.8040205" lbTx="146.8040261" tId="2" fbRx="146.8040327" lbRx="0" />
<p fId="1" fbTx="146.8040351" lbTx="146.8040407" tId="0" fbRx="146.8040472" lbRx="0" />
<p fId="1" fbTx="146.8040351" lbTx="146.8040407" tId="2" fbRx="146.8040472" lbRx="0" />
<p fId="1" fbTx="146.8040351" lbTx="146.8040407" tId="2" fbRx="146.8040472" lbRx="0" />
<p fId="1" fbTx="146.8040526" lbTx="146.8040582" tId="0" fbRx="146.8040648" lbRx="0" />
<p fId="1" fbTx="146.8040526" lbTx="146.8040582" tId="2" fbRx="146.8040648" lbRx="0" />
<p fId="1" fbTx="146.8040526" lbTx="146.8040582" tId="2" fbRx="146.8040648" lbRx="0" />
<p fId="1" fbTx="146.8040672" lbTx="146.8040728" tId="0" fbRx="146.8040794" lbRx="0" />
<p fId="1" fbTx="146.8040672" lbTx="146.8040728" tId="2" fbRx="146.8040794" lbRx="0" />
<p fId="1" fbTx="146.8040672" lbTx="146.8040728" tId="2" fbRx="146.8040794" lbRx="0" />
<p fId="1" fbTx="146.8040818" lbTx="146.8040874" tId="0" fbRx="146.8040939" lbRx="0" />
<p fId="1" fbTx="146.8040818" lbTx="146.8040874" tId="2" fbRx="146.8040939" lbRx="0" />
<p fId="1" fbTx="146.8040818" lbTx="146.8040874" tId="2" fbRx="146.8040939" lbRx="0" />
<p fId="1" fbTx="146.8040953" lbTx="146.8041009" tId="0" fbRx="146.8041075" lbRx="0" />
<p fId="1" fbTx="146.8040953" lbTx="146.8041009" tId="2" fbRx="146.8041075" lbRx="0" />
<p fId="1" fbTx="146.8040953" lbTx="146.8041009" tId="2" fbRx="146.8041075" lbRx="0" />
<p fId="1" fbTx="146.8041079" lbTx="146.8041135" tId="0" fbRx="146.80412" lbRx="0" />
<p fId="1" fbTx="146.8041079" lbTx="146.8041135" tId="2" fbRx="146.80412" lbRx="0" />
<p fId="1" fbTx="146.8041079" lbTx="146.8041135" tId="2" fbRx="146.80412" lbRx="0" />
<p fId="1" fbTx="146.8041324" lbTx="146.804138" tId="0" fbRx="146.8041446" lbRx="0" />
<p fId="1" fbTx="146.8041324" lbTx="146.804138" tId="2" fbRx="146.8041446" lbRx="0" />
<p fId="1" fbTx="146.8041324" lbTx="146.804138" tId="2" fbRx="146.8041446" lbRx="0" />
<p fId="1" fbTx="146.804151" lbTx="146.8041566" tId="0" fbRx="146.8041632" lbRx="0" />
<p fId="1" fbTx="146.804151" lbTx="146.8041566" tId="2" fbRx="146.8041632" lbRx="0" />
<p fId="1" fbTx="146.804151" lbTx="146.8041566" tId="2" fbRx="146.8041632" lbRx="0" />
<p fId="0" fbTx="146.9303592" lbTx="146.9303928" tId="1" fbRx="146.9303994" lbRx="0" />
<p fId="0" fbTx="146.9303592" lbTx="146.9303928" tId="2" fbRx="146.9303994" lbRx="0" />
<p fId="0" fbTx="146.9303592" lbTx="146.9303928" tId="2" fbRx="146.9303994" lbRx="0" />
<p fId="2" fbTx="146.9303994" lbTx="146.9304478" tId="0" fbRx="146.9304544" lbRx="0" />
<p fId="2" fbTx="146.9303994" lbTx="146.9304478" tId="0" fbRx="146.9304544" lbRx="0" />
<p fId="2" fbTx="146.9303994" lbTx="146.9304478" tId="1" fbRx="146.9304544" lbRx="0" />
<p fId="2" fbTx="146.9304548" lbTx="146.9305033" tId="0" fbRx="146.9305098" lbRx="0" />
<p fId="2" fbTx="146.9304548" lbTx="146.9305033" tId="0" fbRx="146.9305098" lbRx="0" />
<p fId="2" fbTx="146.9304548" lbTx="146.9305033" tId="1" fbRx="146.9305098" lbRx="0" />
<p fId="0" fbTx="146.9305108" lbTx="146.9305164" tId="1" fbRx="146.930523" lbRx="0" />
<p fId="0" fbTx="146.9305108" lbTx="146.9305164" tId="2" fbRx="146.930523" lbRx="0" />
<p fId="0" fbTx="146.9305108" lbTx="146.9305164" tId="2" fbRx="146.930523" lbRx="0" />
<p fId="2" fbTx="146.9305372" lbTx="146.9305857" tId="0" fbRx="146.9305923" lbRx="0" />
<p fId="2" fbTx="146.9305372" lbTx="146.9305857" tId="0" fbRx="146.9305923" lbRx="0" />
<p fId="2" fbTx="146.9305372" lbTx="146.9305857" tId="1" fbRx="146.9305923" lbRx="0" />
<p fId="2" fbTx="146.9305957" lbTx="146.9306442" tId="0" fbRx="146.9306507" lbRx="0" />
<p fId="2" fbTx="146.9305957" lbTx="146.9306442" tId="0" fbRx="146.9306507" lbRx="0" />
<p fId="2" fbTx="146.9305957" lbTx="146.9306442" tId="1" fbRx="146.9306507" lbRx="0" />
<p fId="0" fbTx="146.9306517" lbTx="146.9306573" tId="1" fbRx="146.9306639" lbRx="0" />
<p fId="0" fbTx="146.9306517" lbTx="146.9306573" tId="2" fbRx="146.9306639" lbRx="0" />
<p fId="0" fbTx="146.9306517" lbTx="146.9306573" tId="2" fbRx="146.9306639" lbRx="0" />
<p fId="2" fbTx="146.9306841" lbTx="146.9307326" tId="0" fbRx="146.9307392" lbRx="0" />
<p fId="2" fbTx="146.9306841" lbTx="146.9307326" tId="0" fbRx="146.9307392" lbRx="0" />
<p fId="2" fbTx="146.9306841" lbTx="146.9307326" tId="1" fbRx="146.9307392" lbRx="0" />
<p fId="2" fbTx="146.9307516" lbTx="146.9308" tId="0" fbRx="146.9308066" lbRx="0" />
<p fId="2" fbTx="146.9307516" lbTx="146.9308" tId="0" fbRx="146.9308066" lbRx="0" />
<p fId="2" fbTx="146.9307516" lbTx="146.9308" tId="1" fbRx="146.9308066" lbRx="0" />
<p fId="0" fbTx="146.9308076" lbTx="146.9308132" tId="1" fbRx="146.9308198" lbRx="0" />
<p fId="0" fbTx="146.9308076" lbTx="146.9308132" tId="2" fbRx="146.9308198" lbRx="0" />
<p fId="0" fbTx="146.9308076" lbTx="146.9308132" tId="2" fbRx="146.9308198" lbRx="0" />
<p fId="2" fbTx="146.930828" lbTx="146.9308765" tId="0" fbRx="146.930883" lbRx="0" />
<p fId="2" fbTx="146.930828" lbTx="146.9308765" tId="0" fbRx="146.930883" lbRx="0" />
<p fId="2" fbTx="146.930828" lbTx="146.9308765" tId="1" fbRx="146.930883" lbRx="0" />
<p fId="2" fbTx="146.9308854" lbTx="146.9309339" tId="0" fbRx="146.9309405" lbRx="0" />
<p fId="2" fbTx="146.9308854" lbTx="146.9309339" tId="0" fbRx="146.9309405" lbRx="0" />
<p fId="2" fbTx="146.9308854" lbTx="146.9309339" tId="1" fbRx="146.9309405" lbRx="0" />
<p fId="2" fbTx="146.9309409" lbTx="146.9309894" tId="0" fbRx="146.9309959" lbRx="0" />
<p fId="2" fbTx="146.9309409" lbTx="146.9309894" tId="0" fbRx="146.9309959" lbRx="0" />
<p fId="2" fbTx="146.9309409" lbTx="146.9309894" tId="1" fbRx="146.9309959" lbRx="0" />
<p fId="2" fbTx="146.9309963" lbTx="146.9310448" tId="0" fbRx="146.9310514" lbRx="0" />
<p fId="2" fbTx="146.9309963" lbTx="146.9310448" tId="0" fbRx="146.9310514" lbRx="0" />
<p fId="2" fbTx="146.9309963" lbTx="146.9310448" tId="1" fbRx="146.9310514" lbRx="0" />
<p fId="2" fbTx="146.9310538" lbTx="146.9311022" tId="0" fbRx="146.9311088" lbRx="0" />
<p fId="2" fbTx="146.9310538" lbTx="146.9311022" tId="0" fbRx="146.9311088" lbRx="0" />
<p fId="2" fbTx="146.9310538" lbTx="146.9311022" tId="1" fbRx="146.9311088" lbRx="0" />
<p fId="2" fbTx="146.9311102" lbTx="146.9311587" tId="0" fbRx="146.9311652" lbRx="0" />
<p fId="2" fbTx="146.9311102" lbTx="146.9311587" tId="0" fbRx="146.9311652" lbRx="0" />
<p fId="2" fbTx="146.9311102" lbTx="146.9311587" tId="1" fbRx="146.9311652" lbRx="0" />
<p fId="2" fbTx="146.9311666" lbTx="146.9312151" tId="0" fbRx="146.9312217" lbRx="0" />
<p fId="2" fbTx="146.9311666" lbTx="146.9312151" tId="0" fbRx="146.9312217" lbRx="0" />
<p fId="2" fbTx="146.9311666" lbTx="146.9312151" tId="1" fbRx="146.9312217" lbRx="0" />
<p fId="2" fbTx="146.9312241" lbTx="146.9312726" tId="0" fbRx="146.9312791" lbRx="0" />
<p fId="2" fbTx="146.9312241" lbTx="146.9312726" tId="0" fbRx="146.9312791" lbRx="0" />
<p fId="2" fbTx="146.9312241" lbTx="146.9312726" tId="1" fbRx="146.9312791" lbRx="0" />
<p fId="2" fbTx="146.9312845" lbTx="146.931333" tId="0" fbRx="146.9313396" lbRx="0" />
<p fId="2" fbTx="146.9312845" lbTx="146.931333" tId="0" fbRx="146.9313396" lbRx="0" />
<p fId="2" fbTx="146.9312845" lbTx="146.931333" tId="1" fbRx="146.9313396" lbRx="0" />
<p fId="2" fbTx="146.931351" lbTx="146.9313994" tId="0" fbRx="146.931406" lbRx="0" />
<p fId="2" fbTx="146.931351" lbTx="146.9313994" tId="0" fbRx="146.931406" lbRx="0" />
<p fId="2" fbTx="146.931351" lbTx="146.9313994" tId="1" fbRx="146.931406" lbRx="0" />
<p fId="2" fbTx="146.9314124" lbTx="146.9314609" tId="0" fbRx="146.9314674" lbRx="0" />
<p fId="2" fbTx="146.9314124" lbTx="146.9314609" tId="0" fbRx="146.9314674" lbRx="0" />
<p fId="2" fbTx="146.9314124" lbTx="146.9314609" tId="1" fbRx="146.9314674" lbRx="0" />
<p fId="2" fbTx="146.9314708" lbTx="146.9315193" tId="0" fbRx="146.9315259" lbRx="0" />
<p fId="2" fbTx="146.9314708" lbTx="146.9315193" tId="0" fbRx="146.9315259" lbRx="0" />
<p fId="2" fbTx="146.9314708" lbTx="146.9315193" tId="1" fbRx="146.9315259" lbRx="0" />
<p fId="2" fbTx="146.9315273" lbTx="146.9315758" tId="0" fbRx="146.9315823" lbRx="0" />
<p fId="2" fbTx="146.9315273" lbTx="146.9315758" tId="0" fbRx="146.9315823" lbRx="0" />
<p fId="2" fbTx="146.9315273" lbTx="146.9315758" tId="1" fbRx="146.9315823" lbRx="0" />
<p fId="2" fbTx="146.9315827" lbTx="146.9316312" tId="0" fbRx="146.9316378" lbRx="0" />
<p fId="2" fbTx="146.9315827" lbTx="146.9316312" tId="0" fbRx="146.9316378" lbRx="0" />
<p fId="2" fbTx="146.9315827" lbTx="146.9316312" tId="1" fbRx="146.9316378" lbRx="0" />
<p fId="2" fbTx="146.9316382" lbTx="146.9316866" tId="0" fbRx="146.9316932" lbRx="0" />
<p fId="2" fbTx="146.9316382" lbTx="146.9316866" tId="0" fbRx="146.9316932" lbRx="0" />
<p fId="2" fbTx="146.9316382" lbTx="146.9316866" tId="1" fbRx="146.9316932" lbRx="0" />
<p fId="2" fbTx="146.9316966" lbTx="146.9317451" tId="0" fbRx="146.9317516" lbRx="0" />
<p fId="2" fbTx="146.9316966" lbTx="146.9317451" tId="0" fbRx="146.9317516" lbRx="0" />
<p fId="2" fbTx="146.9316966" lbTx="146.9317451" tId="1" fbRx="146.9317516" lbRx="0" />
<p fId="2" fbTx="146.931753" lbTx="146.9318015" tId="0" fbRx="146.9318081" lbRx="0" />
<p fId="2" fbTx="146.931753" lbTx="146.9318015" tId="0" fbRx="146.9318081" lbRx="0" />
<p fId="2" fbTx="146.931753" lbTx="146.9318015" tId="1" fbRx="146.9318081" lbRx="0" />
<p fId="2" fbTx="146.9318095" lbTx="146.931858" tId="0" fbRx="146.9318645" lbRx="0" />
<p fId="2" fbTx="146.9318095" lbTx="146.931858" tId="0" fbRx="146.9318645" lbRx="0" />
<p fId="2" fbTx="146.9318095" lbTx="146.931858" tId="1" fbRx="146.9318645" lbRx="0" />
<p fId="2" fbTx="146.9318729" lbTx="146.9319214" tId="0" fbRx="146.931928" lbRx="0" />
<p fId="2" fbTx="146.9318729" lbTx="146.9319214" tId="0" fbRx="146.931928" lbRx="0" />
<p fId="2" fbTx="146.9318729" lbTx="146.9319214" tId="1" fbRx="146.931928" lbRx="0" />
<p fId="2" fbTx="146.9319374" lbTx="146.9319858" tId="0" fbRx="146.9319924" lbRx="0" />
<p fId="2" fbTx="146.9319374" lbTx="146.9319858" tId="0" fbRx="146.9319924" lbRx="0" />
<p fId="2" fbTx="146.9319374" lbTx="146.9319858" tId="1" fbRx="146.9319924" lbRx="0" />
<p fId="2" fbTx="146.9319938" lbTx="146.9320423" tId="0" fbRx="146.9320488" lbRx="0" />
<p fId="2" fbTx="146.9319938" lbTx="146.9320423" tId="0" fbRx="146.9320488" lbRx="0" />
<p fId="2" fbTx="146.9319938" lbTx="146.9320423" tId="1" fbRx="146.9320488" lbRx="0" />
<p fId="2" fbTx="146.9320492" lbTx="146.9320977" tId="0" fbRx="146.9321043" lbRx="0" />
<p fId="2" fbTx="146.9320492" lbTx="146.9320977" tId="0" fbRx="146.9321043" lbRx="0" />
<p fId="2" fbTx="146.9320492" lbTx="146.9320977" tId="1" fbRx="146.9321043" lbRx="0" />
<p fId="2" fbTx="146.9321197" lbTx="146.9321682" tId="0" fbRx="146.9321747" lbRx="0" />
<p fId="2" fbTx="146.9321197" lbTx="146.9321682" tId="0" fbRx="146.9321747" lbRx="0" />
<p fId="2" fbTx="146.9321197" lbTx="146.9321682" tId="1" fbRx="146.9321747" lbRx="0" />
<p fId="2" fbTx="146.9321771" lbTx="146.9322256" tId="0" fbRx="146.9322322" lbRx="0" />
<p fId="2" fbTx="146.9321771" lbTx="146.9322256" tId="0" fbRx="146.9322322" lbRx="0" />
<p fId="2" fbTx="146.9321771" lbTx="146.9322256" tId="1" fbRx="146.9322322" lbRx="0" />
<p fId="2" fbTx="146.9322396" lbTx="146.932288" tId="0" fbRx="146.9322946" lbRx="0" />
<p fId="2" fbTx="146.9322396" lbTx="146.932288" tId="0" fbRx="146.9322946" lbRx="0" />
<p fId="2" fbTx="146.9322396" lbTx="146.932288" tId="1" fbRx="146.9322946" lbRx="0" />
<p fId="2" fbTx="146.932295" lbTx="146.9323435" tId="0" fbRx="146.93235" lbRx="0" />
<p fId="2" fbTx="146.932295" lbTx="146.9323435" tId="0" fbRx="146.93235" lbRx="0" />
<p fId="2" fbTx="146.932295" lbTx="146.9323435" tId="1" fbRx="146.93235" lbRx="0" />
<p fId="2" fbTx="146.9323514" lbTx="146.9323999" tId="0" fbRx="146.9324065" lbRx="0" />
<p fId="2" fbTx="146.9323514" lbTx="146.9323999" tId="0" fbRx="146.9324065" lbRx="0" />
<p fId="2" fbTx="146.9323514" lbTx="146.9323999" tId="1" fbRx="146.9324065" lbRx="0" />
<p fId="2" fbTx="146.9324099" lbTx="146.9324584" tId="0" fbRx="146.9324649" lbRx="0" />
<p fId="2" fbTx="146.9324099" lbTx="146.9324584" tId="0" fbRx="146.9324649" lbRx="0" />
<p fId="2" fbTx="146.9324099" lbTx="146.9324584" tId="1" fbRx="146.9324649" lbRx="0" />
<p fId="2" fbTx="146.9324723" lbTx="146.9325208" tId="0" fbRx="146.9325274" lbRx="0" />
<p fId="2" fbTx="146.9324723" lbTx="146.9325208" tId="0" fbRx="146.9325274" lbRx="0" />
<p fId="2" fbTx="146.9324723" lbTx="146.9325208" tId="1" fbRx="146.9325274" lbRx="0" />
<p fId="2" fbTx="146.9325308" lbTx="146.9325792" tId="0" fbRx="146.9325858" lbRx="0" />
<p fId="2" fbTx="146.9325308" lbTx="146.9325792" tId="0" fbRx="146.9325858" lbRx="0" />
<p fId="2" fbTx="146.9325308" lbTx="146.9325792" tId="1" fbRx="146.9325858" lbRx="0" />
<p fId="2" fbTx="146.9325892" lbTx="146.9326377" tId="0" fbRx="146.9326442" lbRx="0" />
<p fId="2" fbTx="146.9325892" lbTx="146.9326377" tId="0" fbRx="146.9326442" lbRx="0" />
<p fId="2" fbTx="146.9325892" lbTx="146.9326377" tId="1" fbRx="146.9326442" lbRx="0" />
<p fId="2" fbTx="146.9326446" lbTx="146.9326931" tId="0" fbRx="146.9326997" lbRx="0" />
<p fId="2" fbTx="146.9326446" lbTx="146.9326931" tId="0" fbRx="146.9326997" lbRx="0" />
<p fId="2" fbTx="146.9326446" lbTx="146.9326931" tId="1" fbRx="146.9326997" lbRx="0" />
<p fId="2" fbTx="146.9327011" lbTx="146.9327496" tId="0" fbRx="146.9327561" lbRx="0" />
<p fId="2" fbTx="146.9327011" lbTx="146.9327496" tId="0" fbRx="146.9327561" lbRx="0" />
<p fId="2" fbTx="146.9327011" lbTx="146.9327496" tId="1" fbRx="146.9327561" lbRx="0" />
<p fId="2" fbTx="146.9327585" lbTx="146.932807" tId="0" fbRx="146.9328136" lbRx="0" />
<p fId="2" fbTx="146.9327585" lbTx="146.932807" tId="0" fbRx="146.9328136" lbRx="0" />
<p fId="2" fbTx="146.9327585" lbTx="146.932807" tId="1" fbRx="146.9328136" lbRx="0" />
<p fId="2" fbTx="146.932816" lbTx="146.9328644" tId="0" fbRx="146.932871" lbRx="0" />
<p fId="2" fbTx="146.932816" lbTx="146.9328644" tId="0" fbRx="146.932871" lbRx="0" />
<p fId="2" fbTx="146.932816" lbTx="146.9328644" tId="1" fbRx="146.932871" lbRx="0" />
<p fId="2" fbTx="146.9328714" lbTx="146.9329199" tId="0" fbRx="146.9329264" lbRx="0" />
<p fId="2" fbTx="146.9328714" lbTx="146.9329199" tId="0" fbRx="146.9329264" lbRx="0" />
<p fId="2" fbTx="146.9328714" lbTx="146.9329199" tId="1" fbRx="146.9329264" lbRx="0" />
<p fId="2" fbTx="146.9329278" lbTx="146.9329763" tId="0" fbRx="146.9329829" lbRx="0" />
<p fId="2" fbTx="146.9329278" lbTx="146.9329763" tId="0" fbRx="146.9329829" lbRx="0" />
<p fId="2" fbTx="146.9329278" lbTx="146.9329763" tId="1" fbRx="146.9329829" lbRx="0" />
<p fId="2" fbTx="146.9329903" lbTx="146.9330388" tId="0" fbRx="146.9330453" lbRx="0" />
<p fId="2" fbTx="146.9329903" lbTx="146.9330388" tId="0" fbRx="146.9330453" lbRx="0" />
<p fId="2" fbTx="146.9329903" lbTx="146.9330388" tId="1" fbRx="146.9330453" lbRx="0" />
<p fId="2" fbTx="146.9330577" lbTx="146.9331062" tId="0" fbRx="146.9331128" lbRx="0" />
<p fId="2" fbTx="146.9330577" lbTx="146.9331062" tId="0" fbRx="146.9331128" lbRx="0" />
<p fId="2" fbTx="146.9330577" lbTx="146.9331062" tId="1" fbRx="146.9331128" lbRx="0" />
<p fId="2" fbTx="146.9331142" lbTx="146.9331626" tId="0" fbRx="146.9331692" lbRx="0" />
<p fId="2" fbTx="146.9331142" lbTx="146.9331626" tId="0" fbRx="146.9331692" lbRx="0" />
<p fId="2" fbTx="146.9331142" lbTx="146.9331626" tId="1" fbRx="146.9331692" lbRx="0" />
<p fId="2" fbTx="146.9331716" lbTx="146.9332201" tId="0" fbRx="146.9332266" lbRx="0" />
<p fId="2" fbTx="146.9331716" lbTx="146.9332201" tId="0" fbRx="146.9332266" lbRx="0" />
<p fId="2" fbTx="146.9331716" lbTx="146.9332201" tId="1" fbRx="146.9332266" lbRx="0" />
<p fId="2" fbTx="146.93323" lbTx="146.9332785" tId="0" fbRx="146.9332851" lbRx="0" />
<p fId="2" fbTx="146.93323" lbTx="146.9332785" tId="0" fbRx="146.9332851" lbRx="0" />
<p fId="2" fbTx="146.93323" lbTx="146.9332785" tId="1" fbRx="146.9332851" lbRx="0" />
<p fId="2" fbTx="146.9332855" lbTx="146.933334" tId="0" fbRx="146.9333405" lbRx="0" />
<p fId="2" fbTx="146.9332855" lbTx="146.933334" tId="0" fbRx="146.9333405" lbRx="0" />
<p fId="2" fbTx="146.9332855" lbTx="146.933334" tId="1" fbRx="146.9333405" lbRx="0" />
<p fId="2" fbTx="146.9333469" lbTx="146.9333954" tId="0" fbRx="146.933402" lbRx="0" />
<p fId="2" fbTx="146.9333469" lbTx="146.9333954" tId="0" fbRx="146.933402" lbRx="0" />
<p fId="2" fbTx="146.9333469" lbTx="146.9333954" tId="1" fbRx="146.933402" lbRx="0" />
<p fId="2" fbTx="146.9334044" lbTx="146.9334528" tId="0" fbRx="146.9334594" lbRx="0" />
<p fId="2" fbTx="146.9334044" lbTx="146.9334528" tId="0" fbRx="146.9334594" lbRx="0" />
<p fId="2" fbTx="146.9334044" lbTx="146.9334528" tId="1" fbRx="146.9334594" lbRx="0" />
<p fId="2" fbTx="146.9334678" lbTx="146.9335163" tId="0" fbRx="146.9335228" lbRx="0" />
<p fId="2" fbTx="146.9334678" lbTx="146.9335163" tId="0" fbRx="146.9335228" lbRx="0" />
<p fId="2" fbTx="146.9334678" lbTx="146.9335163" tId="1" fbRx="146.9335228" lbRx="0" />
<p fId="2" fbTx="146.9335312" lbTx="146.9335797" tId="0" fbRx="146.9335863" lbRx="0" />
<p fId="2" fbTx="146.9335312" lbTx="146.9335797" tId="0" fbRx="146.9335863" lbRx="0" />
<p fId="2" fbTx="146.9335312" lbTx="146.9335797" tId="1" fbRx="146.9335863" lbRx="0" />
<p fId="2" fbTx="146.9335867" lbTx="146.9336352" tId="0" fbRx="146.9336417" lbRx="0" />
<p fId="2" fbTx="146.9335867" lbTx="146.9336352" tId="0" fbRx="146.9336417" lbRx="0" />
<p fId="2" fbTx="146.9335867" lbTx="146.9336352" tId="1" fbRx="146.9336417" lbRx="0" />
<p fId="2" fbTx="146.9336421" lbTx="146.9336906" tId="0" fbRx="146.9336972" lbRx="0" />
<p fId="2" fbTx="146.9336421" lbTx="146.9336906" tId="0" fbRx="146.9336972" lbRx="0" />
<p fId="2" fbTx="146.9336421" lbTx="146.9336906" tId="1" fbRx="146.9336972" lbRx="0" />
<p fId="2" fbTx="146.9337006" lbTx="146.933749" tId="0" fbRx="146.9337556" lbRx="0" />
<p fId="2" fbTx="146.9337006" lbTx="146.933749" tId="0" fbRx="146.9337556" lbRx="0" />
<p fId="2" fbTx="146.9337006" lbTx="146.933749" tId="1" fbRx="146.9337556" lbRx="0" />
<p fId="2" fbTx="146.933757" lbTx="146.9338055" tId="0" fbRx="146.933812" lbRx="0" />
<p fId="2" fbTx="146.933757" lbTx="146.9338055" tId="0" fbRx="146.933812" lbRx="0" />
<p fId="2" fbTx="146.933757" lbTx="146.9338055" tId="1" fbRx="146.933812" lbRx="0" />
<p fId="2" fbTx="146.9338124" lbTx="146.9338609" tId="0" fbRx="146.9338675" lbRx="0" />
<p fId="2" fbTx="146.9338124" lbTx="146.9338609" tId="0" fbRx="146.9338675" lbRx="0" />
<p fId="2" fbTx="146.9338124" lbTx="146.9338609" tId="1" fbRx="146.9338675" lbRx="0" />
<p fId="2" fbTx="146.9338699" lbTx="146.9339184" tId="0" fbRx="146.9339249" lbRx="0" />
<p fId="2" fbTx="146.9338699" lbTx="146.9339184" tId="0" fbRx="146.9339249" lbRx="0" />
<p fId="2" fbTx="146.9338699" lbTx="146.9339184" tId="1" fbRx="146.9339249" lbRx="0" />
<p fId="2" fbTx="146.9339273" lbTx="146.9339758" tId="0" fbRx="146.9339824" lbRx="0" />
<p fId="2" fbTx="146.9339273" lbTx="146.9339758" tId="0" fbRx="146.9339824" lbRx="0" />
<p fId="2" fbTx="146.9339273" lbTx="146.9339758" tId="1" fbRx="146.9339824" lbRx="0" />
<p fId="2" fbTx="146.9339838" lbTx="146.9340322" tId="0" fbRx="146.9340388" lbRx="0" />
<p fId="2" fbTx="146.9339838" lbTx="146.9340322" tId="0" fbRx="146.9340388" lbRx="0" />
<p fId="2" fbTx="146.9339838" lbTx="146.9340322" tId="1" fbRx="146.9340388" lbRx="0" />
<p fId="2" fbTx="146.9340482" lbTx="146.9340967" tId="0" fbRx="146.9341032" lbRx="0" />
<p fId="2" fbTx="146.9340482" lbTx="146.9340967" tId="0" fbRx="146.9341032" lbRx="0" />
<p fId="2" fbTx="146.9340482" lbTx="146.9340967" tId="1" fbRx="146.9341032" lbRx="0" />
<p fId="2" fbTx="146.9341046" lbTx="146.9341531" tId="0" fbRx="146.9341597" lbRx="0" />
<p fId="2" fbTx="146.9341046" lbTx="146.9341531" tId="0" fbRx="146.9341597" lbRx="0" />
<p fId="2" fbTx="146.9341046" lbTx="146.9341531" tId="1" fbRx="146.9341597" lbRx="0" />
<p fId="2" fbTx="146.9341631" lbTx="146.9342116" tId="0" fbRx="146.9342181" lbRx="0" />
<p fId="2" fbTx="146.9341631" lbTx="146.9342116" tId="0" fbRx="146.9342181" lbRx="0" />
<p fId="2" fbTx="146.9341631" lbTx="146.9342116" tId="1" fbRx="146.9342181" lbRx="0" />
<p fId="2" fbTx="146.9342245" lbTx="146.934273" tId="0" fbRx="146.9342796" lbRx="0" />
<p fId="2" fbTx="146.9342245" lbTx="146.934273" tId="0" fbRx="146.9342796" lbRx="0" />
<p fId="2" fbTx="146.9342245" lbTx="146.934273" tId="1" fbRx="146.9342796" lbRx="0" />
<p fId="2" fbTx="146.934283" lbTx="146.9343314" tId="0" fbRx="146.934338" lbRx="0" />
<p fId="2" fbTx="146.934283" lbTx="146.9343314" tId="0" fbRx="146.934338" lbRx="0" />
<p fId="2" fbTx="146.934283" lbTx="146.9343314" tId="1" fbRx="146.934338" lbRx="0" />
<p fId="2" fbTx="146.9343394" lbTx="146.9343879" tId="0" fbRx="146.9343944" lbRx="0" />
<p fId="2" fbTx="146.9343394" lbTx="146.9343879" tId="0" fbRx="146.9343944" lbRx="0" />
<p fId="2" fbTx="146.9343394" lbTx="146.9343879" tId="1" fbRx="146.9343944" lbRx="0" />
<p fId="2" fbTx="146.9344058" lbTx="146.9344543" tId="0" fbRx="146.9344609" lbRx="0" />
<p fId="2" fbTx="146.9344058" lbTx="146.9344543" tId="0" fbRx="146.9344609" lbRx="0" />
<p fId="2" fbTx="146.9344058" lbTx="146.9344543" tId="1" fbRx="146.9344609" lbRx="0" />
<p fId="2" fbTx="146.9344623" lbTx="146.9345108" tId="0" fbRx="146.9345173" lbRx="0" />
<p fId="2" fbTx="146.9344623" lbTx="146.9345108" tId="0" fbRx="146.9345173" lbRx="0" />
<p fId="2" fbTx="146.9344623" lbTx="146.9345108" tId="1" fbRx="146.9345173" lbRx="0" />
<p fId="2" fbTx="146.9345187" lbTx="146.9345672" tId="0" fbRx="146.9345738" lbRx="0" />
<p fId="2" fbTx="146.9345187" lbTx="146.9345672" tId="0" fbRx="146.9345738" lbRx="0" />
<p fId="2" fbTx="146.9345187" lbTx="146.9345672" tId="1" fbRx="146.9345738" lbRx="0" />
<p fId="2" fbTx="146.9345752" lbTx="146.9346236" tId="0" fbRx="146.9346302" lbRx="0" />
<p fId="2" fbTx="146.9345752" lbTx="146.9346236" tId="0" fbRx="146.9346302" lbRx="0" />
<p fId="2" fbTx="146.9345752" lbTx="146.9346236" tId="1" fbRx="146.9346302" lbRx="0" />
<p fId="2" fbTx="146.9346376" lbTx="146.9346861" tId="0" fbRx="146.9346926" lbRx="0" />
<p fId="2" fbTx="146.9346376" lbTx="146.9346861" tId="0" fbRx="146.9346926" lbRx="0" />
<p fId="2" fbTx="146.9346376" lbTx="146.9346861" tId="1" fbRx="146.9346926" lbRx="0" />
<p fId="2" fbTx="146.934695" lbTx="146.9347435" tId="0" fbRx="146.9347501" lbRx="0" />
<p fId="2" fbTx="146.934695" lbTx="146.9347435" tId="0" fbRx="146.9347501" lbRx="0" />
<p fId="2" fbTx="146.934695" lbTx="146.9347435" tId="1" fbRx="146.9347501" lbRx="0" />
<p fId="2" fbTx="146.9347525" lbTx="146.934801" tId="0" fbRx="146.9348075" lbRx="0" />
<p fId="2" fbTx="146.9347525" lbTx="146.934801" tId="0" fbRx="146.9348075" lbRx="0" />
<p fId="2" fbTx="146.9347525" lbTx="146.934801" tId="1" fbRx="146.9348075" lbRx="0" />
<p fId="2" fbTx="146.9348089" lbTx="146.9348574" tId="0" fbRx="146.934864" lbRx="0" />
<p fId="2" fbTx="146.9348089" lbTx="146.9348574" tId="0" fbRx="146.934864" lbRx="0" />
<p fId="2" fbTx="146.9348089" lbTx="146.9348574" tId="1" fbRx="146.934864" lbRx="0" />
<p fId="2" fbTx="146.9348644" lbTx="146.9349128" tId="0" fbRx="146.9349194" lbRx="0" />
<p fId="2" fbTx="146.9348644" lbTx="146.9349128" tId="0" fbRx="146.9349194" lbRx="0" />
<p fId="2" fbTx="146.9348644" lbTx="146.9349128" tId="1" fbRx="146.9349194" lbRx="0" />
<p fId="2" fbTx="146.9349218" lbTx="146.9349703" tId="0" fbRx="146.9349768" lbRx="0" />
<p fId="2" fbTx="146.9349218" lbTx="146.9349703" tId="0" fbRx="146.9349768" lbRx="0" />
<p fId="2" fbTx="146.9349218" lbTx="146.9349703" tId="1" fbRx="146.9349768" lbRx="0" />
<p fId="2" fbTx="146.9349772" lbTx="146.9350257" tId="0" fbRx="146.9350323" lbRx="0" />
<p fId="2" fbTx="146.9349772" lbTx="146.9350257" tId="0" fbRx="146.9350323" lbRx="0" />
<p fId="2" fbTx="146.9349772" lbTx="146.9350257" tId="1" fbRx="146.9350323" lbRx="0" />
<p fId="2" fbTx="146.9350357" lbTx="146.9350842" tId="0" fbRx="146.9350907" lbRx="0" />
<p fId="2" fbTx="146.9350357" lbTx="146.9350842" tId="0" fbRx="146.9350907" lbRx="0" />
<p fId="2" fbTx="146.9350357" lbTx="146.9350842" tId="1" fbRx="146.9350907" lbRx="0" />
<p fId="2" fbTx="146.9350921" lbTx="146.9351406" tId="0" fbRx="146.9351472" lbRx="0" />
<p fId="2" fbTx="146.9350921" lbTx="146.9351406" tId="0" fbRx="146.9351472" lbRx="0" />
<p fId="2" fbTx="146.9350921" lbTx="146.9351406" tId="1" fbRx="146.9351472" lbRx="0" />
<p fId="2" fbTx="146.9351506" lbTx="146.935199" tId="0" fbRx="146.9352056" lbRx="0" />
<p fId="2" fbTx="146.9351506" lbTx="146.935199" tId="0" fbRx="146.9352056" lbRx="0" />
<p fId="2" fbTx="146.9351506" lbTx="146.935199" tId="1" fbRx="146.9352056" lbRx="0" />
<p fId="2" fbTx="146.935207" lbTx="146.9352555" tId="0" fbRx="146.935262" lbRx="0" />
<p fId="2" fbTx="146.935207" lbTx="146.9352555" tId="0" fbRx="146.935262" lbRx="0" />
<p fId="2" fbTx="146.935207" lbTx="146.9352555" tId="1" fbRx="146.935262" lbRx="0" />
<p fId="2" fbTx="146.9352644" lbTx="146.9353129" tId="0" fbRx="146.9353195" lbRx="0" />
<p fId="2" fbTx="146.9352644" lbTx="146.9353129" tId="0" fbRx="146.9353195" lbRx="0" />
<p fId="2" fbTx="146.9352644" lbTx="146.9353129" tId="1" fbRx="146.9353195" lbRx="0" />
<p fId="2" fbTx="146.9353219" lbTx="146.9353704" tId="0" fbRx="146.9353769" lbRx="0" />
<p fId="2" fbTx="146.9353219" lbTx="146.9353704" tId="0" fbRx="146.9353769" lbRx="0" />
<p fId="2" fbTx="146.9353219" lbTx="146.9353704" tId="1" fbRx="146.9353769" lbRx="0" />
<p fId="2" fbTx="146.9353783" lbTx="146.9354268" tId="0" fbRx="146.9354334" lbRx="0" />
<p fId="2" fbTx="146.9353783" lbTx="146.9354268" tId="0" fbRx="146.9354334" lbRx="0" />
<p fId="2" fbTx="146.9353783" lbTx="146.9354268" tId="1" fbRx="146.9354334" lbRx="0" />
<p fId="2" fbTx="146.9354448" lbTx="146.9354932" tId="0" fbRx="146.9354998" lbRx="0" />
<p fId="2" fbTx="146.9354448" lbTx="146.9354932" tId="0" fbRx="146.9354998" lbRx="0" />
<p fId="2" fbTx="146.9354448" lbTx="146.9354932" tId="1" fbRx="146.9354998" lbRx="0" />
<p fId="2" fbTx="146.9355092" lbTx="146.9355577" tId="0" fbRx="146.9355642" lbRx="0" />
<p fId="2" fbTx="146.9355092" lbTx="146.9355577" tId="0" fbRx="146.9355642" lbRx="0" />
<p fId="2" fbTx="146.9355092" lbTx="146.9355577" tId="1" fbRx="146.9355642" lbRx="0" />
<p fId="2" fbTx="146.9355656" lbTx="146.9356141" tId="0" fbRx="146.9356207" lbRx="0" />
<p fId="2" fbTx="146.9355656" lbTx="146.9356141" tId="0" fbRx="146.9356207" lbRx="0" />
<p fId="2" fbTx="146.9355656" lbTx="146.9356141" tId="1" fbRx="146.9356207" lbRx="0" />
<p fId="2" fbTx="146.9356391" lbTx="146.9356876" tId="0" fbRx="146.9356941" lbRx="0" />
<p fId="2" fbTx="146.9356391" lbTx="146.9356876" tId="0" fbRx="146.9356941" lbRx="0" />
<p fId="2" fbTx="146.9356391" lbTx="146.9356876" tId="1" fbRx="146.9356941" lbRx="0" />
<p fId="2" fbTx="146.9357015" lbTx="146.93575" tId="0" fbRx="146.9357566" lbRx="0" />
<p fId="2" fbTx="146.9357015" lbTx="146.93575" tId="0" fbRx="146.9357566" lbRx="0" />
<p fId="2" fbTx="146.9357015" lbTx="146.93575" tId="1" fbRx="146.9357566" lbRx="0" />
<p fId="2" fbTx="146.935762" lbTx="146.9358104" tId="0" fbRx="146.935817" lbRx="0" />
<p fId="2" fbTx="146.935762" lbTx="146.9358104" tId="0" fbRx="146.935817" lbRx="0" />
<p fId="2" fbTx="146.935762" lbTx="146.9358104" tId="1" fbRx="146.935817" lbRx="0" />
<p fId="2" fbTx="146.9358174" lbTx="146.9358659" tId="0" fbRx="146.9358724" lbRx="0" />
<p fId="2" fbTx="146.9358174" lbTx="146.9358659" tId="0" fbRx="146.9358724" lbRx="0" />
<p fId="2" fbTx="146.9358174" lbTx="146.9358659" tId="1" fbRx="146.9358724" lbRx="0" />
<p fId="2" fbTx="146.9358738" lbTx="146.9359223" tId="0" fbRx="146.9359289" lbRx="0" />
<p fId="2" fbTx="146.9358738" lbTx="146.9359223" tId="0" fbRx="146.9359289" lbRx="0" />
<p fId="2" fbTx="146.9358738" lbTx="146.9359223" tId="1" fbRx="146.9359289" lbRx="0" />
<p fId="2" fbTx="146.9359333" lbTx="146.9359818" tId="0" fbRx="146.9359883" lbRx="0" />
<p fId="2" fbTx="146.9359333" lbTx="146.9359818" tId="0" fbRx="146.9359883" lbRx="0" />
<p fId="2" fbTx="146.9359333" lbTx="146.9359818" tId="1" fbRx="146.9359883" lbRx="0" />
<p fId="2" fbTx="146.9359907" lbTx="146.9360392" tId="0" fbRx="146.9360458" lbRx="0" />
<p fId="2" fbTx="146.9359907" lbTx="146.9360392" tId="0" fbRx="146.9360458" lbRx="0" />
<p fId="2" fbTx="146.9359907" lbTx="146.9360392" tId="1" fbRx="146.9360458" lbRx="0" />
<p fId="2" fbTx="146.9360462" lbTx="146.9360946" tId="0" fbRx="146.9361012" lbRx="0" />
<p fId="2" fbTx="146.9360462" lbTx="146.9360946" tId="0" fbRx="146.9361012" lbRx="0" />
<p fId="2" fbTx="146.9360462" lbTx="146.9360946" tId="1" fbRx="146.9361012" lbRx="0" />
<p fId="2" fbTx="146.9361096" lbTx="146.9361581" tId="0" fbRx="146.9361646" lbRx="0" />
<p fId="2" fbTx="146.9361096" lbTx="146.9361581" tId="0" fbRx="146.9361646" lbRx="0" />
<p fId="2" fbTx="146.9361096" lbTx="146.9361581" tId="1" fbRx="146.9361646" lbRx="0" />
<p fId="2" fbTx="146.936166" lbTx="146.9362145" tId="0" fbRx="146.9362211" lbRx="0" />
<p fId="2" fbTx="146.936166" lbTx="146.9362145" tId="0" fbRx="146.9362211" lbRx="0" />
<p fId="2" fbTx="146.936166" lbTx="146.9362145" tId="1" fbRx="146.9362211" lbRx="0" />
<p fId="2" fbTx="146.9362245" lbTx="146.936273" tId="0" fbRx="146.9362795" lbRx="0" />
<p fId="2" fbTx="146.9362245" lbTx="146.936273" tId="0" fbRx="146.9362795" lbRx="0" />
<p fId="2" fbTx="146.9362245" lbTx="146.936273" tId="1" fbRx="146.9362795" lbRx="0" />
<p fId="2" fbTx="146.9362799" lbTx="146.9363284" tId="0" fbRx="146.936335" lbRx="0" />
<p fId="2" fbTx="146.9362799" lbTx="146.9363284" tId="0" fbRx="146.936335" lbRx="0" />
<p fId="2" fbTx="146.9362799" lbTx="146.9363284" tId="1" fbRx="146.936335" lbRx="0" />
<p fId="2" fbTx="146.9363374" lbTx="146.9363858" tId="0" fbRx="146.9363924" lbRx="0" />
<p fId="2" fbTx="146.9363374" lbTx="146.9363858" tId="0" fbRx="146.9363924" lbRx="0" />
<p fId="2" fbTx="146.9363374" lbTx="146.9363858" tId="1" fbRx="146.9363924" lbRx="0" />
<p fId="2" fbTx="146.9364028" lbTx="146.9364513" tId="0" fbRx="146.9364578" lbRx="0" />
<p fId="2" fbTx="146.9364028" lbTx="146.9364513" tId="0" fbRx="146.9364578" lbRx="0" />
<p fId="2" fbTx="146.9364028" lbTx="146.9364513" tId="1" fbRx="146.9364578" lbRx="0" />
<p fId="2" fbTx="146.9364682" lbTx="146.9365167" tId="0" fbRx="146.9365233" lbRx="0" />
<p fId="2" fbTx="146.9364682" lbTx="146.9365167" tId="0" fbRx="146.9365233" lbRx="0" />
<p fId="2" fbTx="146.9364682" lbTx="146.9365167" tId="1" fbRx="146.9365233" lbRx="0" />
<p fId="2" fbTx="146.9365257" lbTx="146.9365742" tId="0" fbRx="146.9365807" lbRx="0" />
<p fId="2" fbTx="146.9365257" lbTx="146.9365742" tId="0" fbRx="146.9365807" lbRx="0" />
<p fId="2" fbTx="146.9365257" lbTx="146.9365742" tId="1" fbRx="146.9365807" lbRx="0" />
<p fId="2" fbTx="146.9365831" lbTx="146.9366316" tId="0" fbRx="146.9366382" lbRx="0" />
<p fId="2" fbTx="146.9365831" lbTx="146.9366316" tId="0" fbRx="146.9366382" lbRx="0" />
<p fId="2" fbTx="146.9365831" lbTx="146.9366316" tId="1" fbRx="146.9366382" lbRx="0" />
<p fId="2" fbTx="146.9366466" lbTx="146.936695" tId="0" fbRx="146.9367016" lbRx="0" />
<p fId="2" fbTx="146.9366466" lbTx="146.936695" tId="0" fbRx="146.9367016" lbRx="0" />
<p fId="2" fbTx="146.9366466" lbTx="146.936695" tId="1" fbRx="146.9367016" lbRx="0" />
<p fId="2" fbTx="146.936703" lbTx="146.9367515" tId="0" fbRx="146.936758" lbRx="0" />
<p fId="2" fbTx="146.936703" lbTx="146.9367515" tId="0" fbRx="146.936758" lbRx="0" />
<p fId="2" fbTx="146.936703" lbTx="146.9367515" tId="1" fbRx="146.936758" lbRx="0" />
<p fId="2" fbTx="146.9367694" lbTx="146.9368179" tId="0" fbRx="146.9368245" lbRx="0" />
<p fId="2" fbTx="146.9367694" lbTx="146.9368179" tId="0" fbRx="146.9368245" lbRx="0" />
<p fId="2" fbTx="146.9367694" lbTx="146.9368179" tId="1" fbRx="146.9368245" lbRx="0" />
<p fId="2" fbTx="146.9368249" lbTx="146.9368734" tId="0" fbRx="146.9368799" lbRx="0" />
<p fId="2" fbTx="146.9368249" lbTx="146.9368734" tId="0" fbRx="146.9368799" lbRx="0" />
<p fId="2" fbTx="146.9368249" lbTx="146.9368734" tId="1" fbRx="146.9368799" lbRx="0" />
<p fId="2" fbTx="146.9368803" lbTx="146.9369288" tId="0" fbRx="146.9369354" lbRx="0" />
<p fId="2" fbTx="146.9368803" lbTx="146.9369288" tId="0" fbRx="146.9369354" lbRx="0" />
<p fId="2" fbTx="146.9368803" lbTx="146.9369288" tId="1" fbRx="146.9369354" lbRx="0" />
<p fId="2" fbTx="146.9369358" lbTx="146.9369842" tId="0" fbRx="146.9369908" lbRx="0" />
<p fId="2" fbTx="146.9369358" lbTx="146.9369842" tId="0" fbRx="146.9369908" lbRx="0" />
<p fId="2" fbTx="146.9369358" lbTx="146.9369842" tId="1" fbRx="146.9369908" lbRx="0" />
<p fId="2" fbTx="146.9370032" lbTx="146.9370517" tId="0" fbRx="146.9370582" lbRx="0" />
<p fId="2" fbTx="146.9370032" lbTx="146.9370517" tId="0" fbRx="146.9370582" lbRx="0" />
<p fId="2" fbTx="146.9370032" lbTx="146.9370517" tId="1" fbRx="146.9370582" lbRx="0" />
<p fId="2" fbTx="146.9370626" lbTx="146.9371111" tId="0" fbRx="146.9371177" lbRx="0" />
<p fId="2" fbTx="146.9370626" lbTx="146.9371111" tId="0" fbRx="146.9371177" lbRx="0" />
<p fId="2" fbTx="146.9370626" lbTx="146.9371111" tId="1" fbRx="146.9371177" lbRx="0" />
<p fId="2" fbTx="146.9371191" lbTx="146.9371676" tId="0" fbRx="146.9371741" lbRx="0" />
<p fId="2" fbTx="146.9371191" lbTx="146.9371676" tId="0" fbRx="146.9371741" lbRx="0" />
<p fId="2" fbTx="146.9371191" lbTx="146.9371676" tId="1" fbRx="146.9371741" lbRx="0" />
<p fId="2" fbTx="146.9371775" lbTx="146.937226" tId="0" fbRx="146.9372326" lbRx="0" />
<p fId="2" fbTx="146.9371775" lbTx="146.937226" tId="0" fbRx="146.9372326" lbRx="0" />
<p fId="2" fbTx="146.9371775" lbTx="146.937226" tId="1" fbRx="146.9372326" lbRx="0" />
<p fId="2" fbTx="146.937233" lbTx="146.9372814" tId="0" fbRx="146.937288" lbRx="0" />
<p fId="2" fbTx="146.937233" lbTx="146.9372814" tId="0" fbRx="146.937288" lbRx="0" />
<p fId="2" fbTx="146.937233" lbTx="146.9372814" tId="1" fbRx="146.937288" lbRx="0" />
<p fId="2" fbTx="146.9372904" lbTx="146.9373389" tId="0" fbRx="146.9373454" lbRx="0" />
<p fId="2" fbTx="146.9372904" lbTx="146.9373389" tId="0" fbRx="146.9373454" lbRx="0" />
<p fId="2" fbTx="146.9372904" lbTx="146.9373389" tId="1" fbRx="146.9373454" lbRx="0" />
<p fId="2" fbTx="146.9373468" lbTx="146.9373953" tId="0" fbRx="146.9374019" lbRx="0" />
<p fId="2" fbTx="146.9373468" lbTx="146.9373953" tId="0" fbRx="146.9374019" lbRx="0" />
<p fId="2" fbTx="146.9373468" lbTx="146.9373953" tId="1" fbRx="146.9374019" lbRx="0" />
<p fId="2" fbTx="146.9374083" lbTx="146.9374568" tId="0" fbRx="146.9374633" lbRx="0" />
<p fId="2" fbTx="146.9374083" lbTx="146.9374568" tId="0" fbRx="146.9374633" lbRx="0" />
<p fId="2" fbTx="146.9374083" lbTx="146.9374568" tId="1" fbRx="146.9374633" lbRx="0" />
<p fId="2" fbTx="146.9374767" lbTx="146.9375252" tId="0" fbRx="146.9375318" lbRx="0" />
<p fId="2" fbTx="146.9374767" lbTx="146.9375252" tId="0" fbRx="146.9375318" lbRx="0" />
<p fId="2" fbTx="146.9374767" lbTx="146.9375252" tId="1" fbRx="146.9375318" lbRx="0" />
<p fId="2" fbTx="146.9375412" lbTx="146.9375896" tId="0" fbRx="146.9375962" lbRx="0" />
<p fId="2" fbTx="146.9375412" lbTx="146.9375896" tId="0" fbRx="146.9375962" lbRx="0" />
<p fId="2" fbTx="146.9375412" lbTx="146.9375896" tId="1" fbRx="146.9375962" lbRx="0" />
<p fId="2" fbTx="146.9375996" lbTx="146.9376481" tId="0" fbRx="146.9376546" lbRx="0" />
<p fId="2" fbTx="146.9375996" lbTx="146.9376481" tId="0" fbRx="146.9376546" lbRx="0" />
<p fId="2" fbTx="146.9375996" lbTx="146.9376481" tId="1" fbRx="146.9376546" lbRx="0" />
<p fId="2" fbTx="146.937663" lbTx="146.9377115" tId="0" fbRx="146.9377181" lbRx="0" />
<p fId="2" fbTx="146.937663" lbTx="146.9377115" tId="0" fbRx="146.9377181" lbRx="0" />
<p fId="2" fbTx="146.937663" lbTx="146.9377115" tId="1" fbRx="146.9377181" lbRx="0" />
<p fId="2" fbTx="146.9377205" lbTx="146.937769" tId="0" fbRx="146.9377755" lbRx="0" />
<p fId="2" fbTx="146.9377205" lbTx="146.937769" tId="0" fbRx="146.9377755" lbRx="0" />
<p fId="2" fbTx="146.9377205" lbTx="146.937769" tId="1" fbRx="146.9377755" lbRx="0" />
<p fId="2" fbTx="146.9377839" lbTx="146.9378324" tId="0" fbRx="146.937839" lbRx="0" />
<p fId="2" fbTx="146.9377839" lbTx="146.9378324" tId="0" fbRx="146.937839" lbRx="0" />
<p fId="2" fbTx="146.9377839" lbTx="146.9378324" tId="1" fbRx="146.937839" lbRx="0" />
<p fId="2" fbTx="146.9378414" lbTx="146.9378898" tId="0" fbRx="146.9378964" lbRx="0" />
<p fId="2" fbTx="146.9378414" lbTx="146.9378898" tId="0" fbRx="146.9378964" lbRx="0" />
<p fId="2" fbTx="146.9378414" lbTx="146.9378898" tId="1" fbRx="146.9378964" lbRx="0" />
<p fId="2" fbTx="146.9378988" lbTx="146.9379473" tId="0" fbRx="146.9379538" lbRx="0" />
<p fId="2" fbTx="146.9378988" lbTx="146.9379473" tId="0" fbRx="146.9379538" lbRx="0" />
<p fId="2" fbTx="146.9378988" lbTx="146.9379473" tId="1" fbRx="146.9379538" lbRx="0" />
<p fId="2" fbTx="146.9379562" lbTx="146.9380047" tId="0" fbRx="146.9380113" lbRx="0" />
<p fId="2" fbTx="146.9379562" lbTx="146.9380047" tId="0" fbRx="146.9380113" lbRx="0" />
<p fId="2" fbTx="146.9379562" lbTx="146.9380047" tId="1" fbRx="146.9380113" lbRx="0" />
<p fId="2" fbTx="146.9380127" lbTx="146.9380612" tId="0" fbRx="146.9380677" lbRx="0" />
<p fId="2" fbTx="146.9380127" lbTx="146.9380612" tId="0" fbRx="146.9380677" lbRx="0" />
<p fId="2" fbTx="146.9380127" lbTx="146.9380612" tId="1" fbRx="146.9380677" lbRx="0" />
<p fId="2" fbTx="146.9380691" lbTx="146.9381176" tId="0" fbRx="146.9381242" lbRx="0" />
<p fId="2" fbTx="146.9380691" lbTx="146.9381176" tId="0" fbRx="146.9381242" lbRx="0" />
<p fId="2" fbTx="146.9380691" lbTx="146.9381176" tId="1" fbRx="146.9381242" lbRx="0" />
<p fId="2" fbTx="146.9381266" lbTx="146.938175" tId="0" fbRx="146.9381816" lbRx="0" />
<p fId="2" fbTx="146.9381266" lbTx="146.938175" tId="0" fbRx="146.9381816" lbRx="0" />
<p fId="2" fbTx="146.9381266" lbTx="146.938175" tId="1" fbRx="146.9381816" lbRx="0" />
<p fId="2" fbTx="146.938192" lbTx="146.9382405" tId="0" fbRx="146.938247" lbRx="0" />
<p fId="2" fbTx="146.938192" lbTx="146.9382405" tId="0" fbRx="146.938247" lbRx="0" />
<p fId="2" fbTx="146.938192" lbTx="146.9382405" tId="1" fbRx="146.938247" lbRx="0" />
<p fId="2" fbTx="146.9382484" lbTx="146.9382969" tId="0" fbRx="146.9383035" lbRx="0" />
<p fId="2" fbTx="146.9382484" lbTx="146.9382969" tId="0" fbRx="146.9383035" lbRx="0" />
<p fId="2" fbTx="146.9382484" lbTx="146.9382969" tId="1" fbRx="146.9383035" lbRx="0" />
<p fId="2" fbTx="146.9383059" lbTx="146.9383544" tId="0" fbRx="146.9383609" lbRx="0" />
<p fId="2" fbTx="146.9383059" lbTx="146.9383544" tId="0" fbRx="146.9383609" lbRx="0" />
<p fId="2" fbTx="146.9383059" lbTx="146.9383544" tId="1" fbRx="146.9383609" lbRx="0" />
<p fId="2" fbTx="146.9383613" lbTx="146.9384098" tId="0" fbRx="146.9384164" lbRx="0" />
<p fId="2" fbTx="146.9383613" lbTx="146.9384098" tId="0" fbRx="146.9384164" lbRx="0" />
<p fId="2" fbTx="146.9383613" lbTx="146.9384098" tId="1" fbRx="146.9384164" lbRx="0" />
<p fId="2" fbTx="146.9384198" lbTx="146.9384682" tId="0" fbRx="146.9384748" lbRx="0" />
<p fId="2" fbTx="146.9384198" lbTx="146.9384682" tId="0" fbRx="146.9384748" lbRx="0" />
<p fId="2" fbTx="146.9384198" lbTx="146.9384682" tId="1" fbRx="146.9384748" lbRx="0" />
<p fId="2" fbTx="146.9384752" lbTx="146.9385237" tId="0" fbRx="146.9385302" lbRx="0" />
<p fId="2" fbTx="146.9384752" lbTx="146.9385237" tId="0" fbRx="146.9385302" lbRx="0" />
<p fId="2" fbTx="146.9384752" lbTx="146.9385237" tId="1" fbRx="146.9385302" lbRx="0" />
<p fId="2" fbTx="146.9385316" lbTx="146.9385801" tId="0" fbRx="146.9385867" lbRx="0" />
<p fId="2" fbTx="146.9385316" lbTx="146.9385801" tId="0" fbRx="146.9385867" lbRx="0" />
<p fId="2" fbTx="146.9385316" lbTx="146.9385801" tId="1" fbRx="146.9385867" lbRx="0" />
<p fId="2" fbTx="146.9385891" lbTx="146.9386376" tId="0" fbRx="146.9386441" lbRx="0" />
<p fId="2" fbTx="146.9385891" lbTx="146.9386376" tId="0" fbRx="146.9386441" lbRx="0" />
<p fId="2" fbTx="146.9385891" lbTx="146.9386376" tId="1" fbRx="146.9386441" lbRx="0" />
<p fId="2" fbTx="146.9386455" lbTx="146.938694" tId="0" fbRx="146.9387006" lbRx="0" />
<p fId="2" fbTx="146.9386455" lbTx="146.938694" tId="0" fbRx="146.9387006" lbRx="0" />
<p fId="2" fbTx="146.9386455" lbTx="146.938694" tId="1" fbRx="146.9387006" lbRx="0" />
<p fId="2" fbTx="146.938704" lbTx="146.9387169" tId="0" fbRx="146.9387235" lbRx="0" />
<p fId="2" fbTx="146.938704" lbTx="146.9387169" tId="0" fbRx="146.9387235" lbRx="0" />
<p fId="2" fbTx="146.938704" lbTx="146.9387169" tId="1" fbRx="146.9387235" lbRx="0" />
<p fId="0" fbTx="146.9391025" lbTx="146.9391081" tId="1" fbRx="146.9391146" lbRx="0" />
<p fId="0" fbTx="146.9391025" lbTx="146.9391081" tId="2" fbRx="146.9391146" lbRx="0" />
<p fId="0" fbTx="146.9391025" lbTx="146.9391081" tId="2" fbRx="146.9391146" lbRx="0" />
<p fId="0" fbTx="146.939131" lbTx="146.9391366" tId="1" fbRx="146.9391432" lbRx="0" />
<p fId="0" fbTx="146.939131" lbTx="146.9391366" tId="2" fbRx="146.9391432" lbRx="0" />
<p fId="0" fbTx="146.939131" lbTx="146.9391366" tId="2" fbRx="146.9391432" lbRx="0" />
<p fId="0" fbTx="146.9391556" lbTx="146.9391612" tId="1" fbRx="146.9391678" lbRx="0" />
<p fId="0" fbTx="146.9391556" lbTx="146.9391612" tId="2" fbRx="146.9391678" lbRx="0" />
<p fId="0" fbTx="146.9391556" lbTx="146.9391612" tId="2" fbRx="146.9391678" lbRx="0" />
<p fId="0" fbTx="146.9391682" lbTx="146.9391738" tId="1" fbRx="146.9391803" lbRx="0" />
<p fId="0" fbTx="146.9391682" lbTx="146.9391738" tId="2" fbRx="146.9391803" lbRx="0" />
<p fId="0" fbTx="146.9391682" lbTx="146.9391738" tId="2" fbRx="146.9391803" lbRx="0" />
<p fId="0" fbTx="146.9391817" lbTx="146.9391873" tId="1" fbRx="146.9391939" lbRx="0" />
<p fId="0" fbTx="146.9391817" lbTx="146.9391873" tId="2" fbRx="146.9391939" lbRx="0" />
<p fId="0" fbTx="146.9391817" lbTx="146.9391873" tId="2" fbRx="146.9391939" lbRx="0" />
<p fId="0" fbTx="146.9391963" lbTx="146.9392019" tId="1" fbRx="146.9392084" lbRx="0" />
<p fId="0" fbTx="146.9391963" lbTx="146.9392019" tId="2" fbRx="146.9392084" lbRx="0" />
<p fId="0" fbTx="146.9391963" lbTx="146.9392019" tId="2" fbRx="146.9392084" lbRx="0" />
<p fId="0" fbTx="146.9392108" lbTx="146.9392164" tId="1" fbRx="146.939223" lbRx="0" />
<p fId="0" fbTx="146.9392108" lbTx="146.9392164" tId="2" fbRx="146.939223" lbRx="0" />
<p fId="0" fbTx="146.9392108" lbTx="146.9392164" tId="2" fbRx="146.939223" lbRx="0" />
<p fId="0" fbTx="146.9392244" lbTx="146.93923" tId="1" fbRx="146.9392366" lbRx="0" />
<p fId="0" fbTx="146.9392244" lbTx="146.93923" tId="2" fbRx="146.9392366" lbRx="0" />
<p fId="0" fbTx="146.9392244" lbTx="146.93923" tId="2" fbRx="146.9392366" lbRx="0" />
<p fId="0" fbTx="146.939237" lbTx="146.9392426" tId="1" fbRx="146.9392491" lbRx="0" />
<p fId="0" fbTx="146.939237" lbTx="146.9392426" tId="2" fbRx="146.9392491" lbRx="0" />
<p fId="0" fbTx="146.939237" lbTx="146.9392426" tId="2" fbRx="146.9392491" lbRx="0" />
<p fId="0" fbTx="146.9392575" lbTx="146.9392631" tId="1" fbRx="146.9392697" lbRx="0" />
<p fId="0" fbTx="146.9392575" lbTx="146.9392631" tId="2" fbRx="146.9392697" lbRx="0" />
<p fId="0" fbTx="146.9392575" lbTx="146.9392631" tId="2" fbRx="146.9392697" lbRx="0" />
<p fId="0" fbTx="146.9392781" lbTx="146.9392837" tId="1" fbRx="146.9392902" lbRx="0" />
<p fId="0" fbTx="146.9392781" lbTx="146.9392837" tId="2" fbRx="146.9392902" lbRx="0" />
<p fId="0" fbTx="146.9392781" lbTx="146.9392837" tId="2" fbRx="146.9392902" lbRx="0" />
<p fId="0" fbTx="146.9392906" lbTx="146.9392962" tId="1" fbRx="146.9393028" lbRx="0" />
<p fId="0" fbTx="146.9392906" lbTx="146.9392962" tId="2" fbRx="146.9393028" lbRx="0" />
<p fId="0" fbTx="146.9392906" lbTx="146.9392962" tId="2" fbRx="146.9393028" lbRx="0" />
<p fId="0" fbTx="146.9393042" lbTx="146.9393098" tId="1" fbRx="146.9393164" lbRx="0" />
<p fId="0" fbTx="146.9393042" lbTx="146.9393098" tId="2" fbRx="146.9393164" lbRx="0" />
<p fId="0" fbTx="146.9393042" lbTx="146.9393098" tId="2" fbRx="146.9393164" lbRx="0" />
<p fId="0" fbTx="146.9393168" lbTx="146.9393224" tId="1" fbRx="146.9393289" lbRx="0" />
<p fId="0" fbTx="146.9393168" lbTx="146.9393224" tId="2" fbRx="146.9393289" lbRx="0" />
<p fId="0" fbTx="146.9393168" lbTx="146.9393224" tId="2" fbRx="146.9393289" lbRx="0" />
<p fId="0" fbTx="146.9393553" lbTx="146.9393609" tId="1" fbRx="146.9393675" lbRx="0" />
<p fId="0" fbTx="146.9393553" lbTx="146.9393609" tId="2" fbRx="146.9393675" lbRx="0" />
<p fId="0" fbTx="146.9393553" lbTx="146.9393609" tId="2" fbRx="146.9393675" lbRx="0" />
<p fId="0" fbTx="146.9393679" lbTx="146.9393735" tId="1" fbRx="146.93938" lbRx="0" />
<p fId="0" fbTx="146.9393679" lbTx="146.9393735" tId="2" fbRx="146.93938" lbRx="0" />
<p fId="0" fbTx="146.9393679" lbTx="146.9393735" tId="2" fbRx="146.93938" lbRx="0" />
<p fId="0" fbTx="146.9393804" lbTx="146.939386" tId="1" fbRx="146.9393926" lbRx="0" />
<p fId="0" fbTx="146.9393804" lbTx="146.939386" tId="2" fbRx="146.9393926" lbRx="0" />
<p fId="0" fbTx="146.9393804" lbTx="146.939386" tId="2" fbRx="146.9393926" lbRx="0" />
<p fId="0" fbTx="146.939395" lbTx="146.9394006" tId="1" fbRx="146.9394072" lbRx="0" />
<p fId="0" fbTx="146.939395" lbTx="146.9394006" tId="2" fbRx="146.9394072" lbRx="0" />
<p fId="0" fbTx="146.939395" lbTx="146.9394006" tId="2" fbRx="146.9394072" lbRx="0" />
<p fId="0" fbTx="146.9394086" lbTx="146.9394142" tId="1" fbRx="146.9394207" lbRx="0" />
<p fId="0" fbTx="146.9394086" lbTx="146.9394142" tId="2" fbRx="146.9394207" lbRx="0" />
<p fId="0" fbTx="146.9394086" lbTx="146.9394142" tId="2" fbRx="146.9394207" lbRx="0" />
<p fId="0" fbTx="146.9394331" lbTx="146.9394387" tId="1" fbRx="146.9394453" lbRx="0" />
<p fId="0" fbTx="146.9394331" lbTx="146.9394387" tId="2" fbRx="146.9394453" lbRx="0" />
<p fId="0" fbTx="146.9394331" lbTx="146.9394387" tId="2" fbRx="146.9394453" lbRx="0" />
<p fId="0" fbTx="146.9394477" lbTx="146.9394533" tId="1" fbRx="146.9394598" lbRx="0" />
<p fId="0" fbTx="146.9394477" lbTx="146.9394533" tId="2" fbRx="146.9394598" lbRx="0" />
<p fId="0" fbTx="146.9394477" lbTx="146.9394533" tId="2" fbRx="146.9394598" lbRx="0" />
<p fId="0" fbTx="146.9394692" lbTx="146.9394748" tId="1" fbRx="146.9394814" lbRx="0" />
<p fId="0" fbTx="146.9394692" lbTx="146.9394748" tId="2" fbRx="146.9394814" lbRx="0" />
<p fId="0" fbTx="146.9394692" lbTx="146.9394748" tId="2" fbRx="146.9394814" lbRx="0" />
<p fId="0" fbTx="146.9394828" lbTx="146.9394884" tId="1" fbRx="146.939495" lbRx="0" />
<p fId="0" fbTx="146.9394828" lbTx="146.9394884" tId="2" fbRx="146.939495" lbRx="0" />
<p fId="0" fbTx="146.9394828" lbTx="146.9394884" tId="2" fbRx="146.939495" lbRx="0" />
<p fId="0" fbTx="146.9394964" lbTx="146.939502" tId="1" fbRx="146.9395085" lbRx="0" />
<p fId="0" fbTx="146.9394964" lbTx="146.939502" tId="2" fbRx="146.9395085" lbRx="0" />
<p fId="0" fbTx="146.9394964" lbTx="146.939502" tId="2" fbRx="146.9395085" lbRx="0" />
<p fId="0" fbTx="146.9395089" lbTx="146.9395145" tId="1" fbRx="146.9395211" lbRx="0" />
<p fId="0" fbTx="146.9395089" lbTx="146.9395145" tId="2" fbRx="146.9395211" lbRx="0" />
<p fId="0" fbTx="146.9395089" lbTx="146.9395145" tId="2" fbRx="146.9395211" lbRx="0" />
<p fId="0" fbTx="146.9395275" lbTx="146.9395331" tId="1" fbRx="146.9395396" lbRx="0" />
<p fId="0" fbTx="146.9395275" lbTx="146.9395331" tId="2" fbRx="146.9395396" lbRx="0" />
<p fId="0" fbTx="146.9395275" lbTx="146.9395331" tId="2" fbRx="146.9395396" lbRx="0" />
<p fId="0" fbTx="146.939541" lbTx="146.9395466" tId="1" fbRx="146.9395532" lbRx="0" />
<p fId="0" fbTx="146.939541" lbTx="146.9395466" tId="2" fbRx="146.9395532" lbRx="0" />
<p fId="0" fbTx="146.939541" lbTx="146.9395466" tId="2" fbRx="146.9395532" lbRx="0" />
<p fId="0" fbTx="146.9395536" lbTx="146.9395592" tId="1" fbRx="146.9395658" lbRx="0" />
<p fId="0" fbTx="146.9395536" lbTx="146.9395592" tId="2" fbRx="146.9395658" lbRx="0" />
<p fId="0" fbTx="146.9395536" lbTx="146.9395592" tId="2" fbRx="146.9395658" lbRx="0" />
<p fId="0" fbTx="146.9395672" lbTx="146.9395728" tId="1" fbRx="146.9395793" lbRx="0" />
<p fId="0" fbTx="146.9395672" lbTx="146.9395728" tId="2" fbRx="146.9395793" lbRx="0" />
<p fId="0" fbTx="146.9395672" lbTx="146.9395728" tId="2" fbRx="146.9395793" lbRx="0" />
<p fId="0" fbTx="146.9395867" lbTx="146.9395923" tId="1" fbRx="146.9395989" lbRx="0" />
<p fId="0" fbTx="146.9395867" lbTx="146.9395923" tId="2" fbRx="146.9395989" lbRx="0" />
<p fId="0" fbTx="146.9395867" lbTx="146.9395923" tId="2" fbRx="146.9395989" lbRx="0" />
<p fId="0" fbTx="146.9396003" lbTx="146.9396059" tId="1" fbRx="146.9396124" lbRx="0" />
<p fId="0" fbTx="146.9396003" lbTx="146.9396059" tId="2" fbRx="146.9396124" lbRx="0" />
<p fId="0" fbTx="146.9396003" lbTx="146.9396059" tId="2" fbRx="146.9396124" lbRx="0" />
<p fId="0" fbTx="146.9396148" lbTx="146.9396204" tId="1" fbRx="146.939627" lbRx="0" />
<p fId="0" fbTx="146.9396148" lbTx="146.9396204" tId="2" fbRx="146.939627" lbRx="0" />
<p fId="0" fbTx="146.9396148" lbTx="146.9396204" tId="2" fbRx="146.939627" lbRx="0" />
<p fId="0" fbTx="146.9396284" lbTx="146.939634" tId="1" fbRx="146.9396406" lbRx="0" />
<p fId="0" fbTx="146.9396284" lbTx="146.939634" tId="2" fbRx="146.9396406" lbRx="0" />
<p fId="0" fbTx="146.9396284" lbTx="146.939634" tId="2" fbRx="146.9396406" lbRx="0" />
<p fId="0" fbTx="146.93965" lbTx="146.9396556" tId="1" fbRx="146.9396621" lbRx="0" />
<p fId="0" fbTx="146.93965" lbTx="146.9396556" tId="2" fbRx="146.9396621" lbRx="0" />
<p fId="0" fbTx="146.93965" lbTx="146.9396556" tId="2" fbRx="146.9396621" lbRx="0" />
<p fId="0" fbTx="146.9396655" lbTx="146.9396711" tId="1" fbRx="146.9396777" lbRx="0" />
<p fId="0" fbTx="146.9396655" lbTx="146.9396711" tId="2" fbRx="146.9396777" lbRx="0" />
<p fId="0" fbTx="146.9396655" lbTx="146.9396711" tId="2" fbRx="146.9396777" lbRx="0" />
<p fId="0" fbTx="146.9396851" lbTx="146.9396907" tId="1" fbRx="146.9396972" lbRx="0" />
<p fId="0" fbTx="146.9396851" lbTx="146.9396907" tId="2" fbRx="146.9396972" lbRx="0" />
<p fId="0" fbTx="146.9396851" lbTx="146.9396907" tId="2" fbRx="146.9396972" lbRx="0" />
<p fId="0" fbTx="146.9397026" lbTx="146.9397082" tId="1" fbRx="146.9397148" lbRx="0" />
<p fId="0" fbTx="146.9397026" lbTx="146.9397082" tId="2" fbRx="146.9397148" lbRx="0" />
<p fId="0" fbTx="146.9397026" lbTx="146.9397082" tId="2" fbRx="146.9397148" lbRx="0" />
<p fId="0" fbTx="146.9397162" lbTx="146.9397218" tId="1" fbRx="146.9397284" lbRx="0" />
<p fId="0" fbTx="146.9397162" lbTx="146.9397218" tId="2" fbRx="146.9397284" lbRx="0" />
<p fId="0" fbTx="146.9397162" lbTx="146.9397218" tId="2" fbRx="146.9397284" lbRx="0" />
<p fId="0" fbTx="146.9397308" lbTx="146.9397364" tId="1" fbRx="146.9397429" lbRx="0" />
<p fId="0" fbTx="146.9397308" lbTx="146.9397364" tId="2" fbRx="146.9397429" lbRx="0" />
<p fId="0" fbTx="146.9397308" lbTx="146.9397364" tId="2" fbRx="146.9397429" lbRx="0" />
<p fId="0" fbTx="146.9397463" lbTx="146.9397519" tId="1" fbRx="146.9397585" lbRx="0" />
<p fId="0" fbTx="146.9397463" lbTx="146.9397519" tId="2" fbRx="146.9397585" lbRx="0" />
<p fId="0" fbTx="146.9397463" lbTx="146.9397519" tId="2" fbRx="146.9397585" lbRx="0" />
<p fId="0" fbTx="146.9397629" lbTx="146.9397685" tId="1" fbRx="146.939775" lbRx="0" />
<p fId="0" fbTx="146.9397629" lbTx="146.9397685" tId="2" fbRx="146.939775" lbRx="0" />
<p fId="0" fbTx="146.9397629" lbTx="146.9397685" tId="2" fbRx="146.939775" lbRx="0" />
<p fId="0" fbTx="146.9397784" lbTx="146.939784" tId="1" fbRx="146.9397906" lbRx="0" />
<p fId="0" fbTx="146.9397784" lbTx="146.939784" tId="2" fbRx="146.9397906" lbRx="0" />
<p fId="0" fbTx="146.9397784" lbTx="146.939784" tId="2" fbRx="146.9397906" lbRx="0" />
<p fId="0" fbTx="146.939799" lbTx="146.9398046" tId="1" fbRx="146.9398112" lbRx="0" />
<p fId="0" fbTx="146.939799" lbTx="146.9398046" tId="2" fbRx="146.9398112" lbRx="0" />
<p fId="0" fbTx="146.939799" lbTx="146.9398046" tId="2" fbRx="146.9398112" lbRx="0" />
<p fId="0" fbTx="146.9398126" lbTx="146.9398182" tId="1" fbRx="146.9398247" lbRx="0" />
<p fId="0" fbTx="146.9398126" lbTx="146.9398182" tId="2" fbRx="146.9398247" lbRx="0" />
<p fId="0" fbTx="146.9398126" lbTx="146.9398182" tId="2" fbRx="146.9398247" lbRx="0" />
<p fId="0" fbTx="146.9398331" lbTx="146.9398387" tId="1" fbRx="146.9398453" lbRx="0" />
<p fId="0" fbTx="146.9398331" lbTx="146.9398387" tId="2" fbRx="146.9398453" lbRx="0" />
<p fId="0" fbTx="146.9398331" lbTx="146.9398387" tId="2" fbRx="146.9398453" lbRx="0" />
<p fId="0" fbTx="146.9398487" lbTx="146.9398543" tId="1" fbRx="146.9398608" lbRx="0" />
<p fId="0" fbTx="146.9398487" lbTx="146.9398543" tId="2" fbRx="146.9398608" lbRx="0" />
<p fId="0" fbTx="146.9398487" lbTx="146.9398543" tId="2" fbRx="146.9398608" lbRx="0" />
<p fId="0" fbTx="146.9398632" lbTx="146.9398688" tId="1" fbRx="146.9398754" lbRx="0" />
<p fId="0" fbTx="146.9398632" lbTx="146.9398688" tId="2" fbRx="146.9398754" lbRx="0" />
<p fId="0" fbTx="146.9398632" lbTx="146.9398688" tId="2" fbRx="146.9398754" lbRx="0" />
<p fId="0" fbTx="146.9398808" lbTx="146.9398864" tId="1" fbRx="146.939893" lbRx="0" />
<p fId="0" fbTx="146.9398808" lbTx="146.9398864" tId="2" fbRx="146.939893" lbRx="0" />
<p fId="0" fbTx="146.9398808" lbTx="146.9398864" tId="2" fbRx="146.939893" lbRx="0" />
<p fId="0" fbTx="146.9398954" lbTx="146.939901" tId="1" fbRx="146.9399075" lbRx="0" />
<p fId="0" fbTx="146.9398954" lbTx="146.939901" tId="2" fbRx="146.9399075" lbRx="0" />
<p fId="0" fbTx="146.9398954" lbTx="146.939901" tId="2" fbRx="146.9399075" lbRx="0" />
<p fId="0" fbTx="146.9399119" lbTx="146.9399175" tId="1" fbRx="146.9399241" lbRx="0" />
<p fId="0" fbTx="146.9399119" lbTx="146.9399175" tId="2" fbRx="146.9399241" lbRx="0" />
<p fId="0" fbTx="146.9399119" lbTx="146.9399175" tId="2" fbRx="146.9399241" lbRx="0" />
<p fId="0" fbTx="146.9399505" lbTx="146.9399561" tId="1" fbRx="146.9399626" lbRx="0" />
<p fId="0" fbTx="146.9399505" lbTx="146.9399561" tId="2" fbRx="146.9399626" lbRx="0" />
<p fId="0" fbTx="146.9399505" lbTx="146.9399561" tId="2" fbRx="146.9399626" lbRx="0" />
<p fId="0" fbTx="146.939964" lbTx="146.9399696" tId="1" fbRx="146.9399762" lbRx="0" />
<p fId="0" fbTx="146.939964" lbTx="146.9399696" tId="2" fbRx="146.9399762" lbRx="0" />
<p fId="0" fbTx="146.939964" lbTx="146.9399696" tId="2" fbRx="146.9399762" lbRx="0" />
<p fId="0" fbTx="146.9399866" lbTx="146.9399922" tId="1" fbRx="146.9399988" lbRx="0" />
<p fId="0" fbTx="146.9399866" lbTx="146.9399922" tId="2" fbRx="146.9399988" lbRx="0" />
<p fId="0" fbTx="146.9399866" lbTx="146.9399922" tId="2" fbRx="146.9399988" lbRx="0" />
<p fId="0" fbTx="146.9400002" lbTx="146.9400058" tId="1" fbRx="146.9400123" lbRx="0" />
<p fId="0" fbTx="146.9400002" lbTx="146.9400058" tId="2" fbRx="146.9400123" lbRx="0" />
<p fId="0" fbTx="146.9400002" lbTx="146.9400058" tId="2" fbRx="146.9400123" lbRx="0" />
<p fId="0" fbTx="146.9400147" lbTx="146.9400203" tId="1" fbRx="146.9400269" lbRx="0" />
<p fId="0" fbTx="146.9400147" lbTx="146.9400203" tId="2" fbRx="146.9400269" lbRx="0" />
<p fId="0" fbTx="146.9400147" lbTx="146.9400203" tId="2" fbRx="146.9400269" lbRx="0" />
<p fId="0" fbTx="146.9400313" lbTx="146.9400369" tId="1" fbRx="146.9400434" lbRx="0" />
<p fId="0" fbTx="146.9400313" lbTx="146.9400369" tId="2" fbRx="146.9400434" lbRx="0" />
<p fId="0" fbTx="146.9400313" lbTx="146.9400369" tId="2" fbRx="146.9400434" lbRx="0" />
<p fId="0" fbTx="146.9400458" lbTx="146.9400514" tId="1" fbRx="146.940058" lbRx="0" />
<p fId="0" fbTx="146.9400458" lbTx="146.9400514" tId="2" fbRx="146.940058" lbRx="0" />
<p fId="0" fbTx="146.9400458" lbTx="146.9400514" tId="2" fbRx="146.940058" lbRx="0" />
<p fId="0" fbTx="146.9400604" lbTx="146.940066" tId="1" fbRx="146.9400726" lbRx="0" />
<p fId="0" fbTx="146.9400604" lbTx="146.940066" tId="2" fbRx="146.9400726" lbRx="0" />
<p fId="0" fbTx="146.9400604" lbTx="146.940066" tId="2" fbRx="146.9400726" lbRx="0" />
<p fId="0" fbTx="146.940077" lbTx="146.9400826" tId="1" fbRx="146.9400891" lbRx="0" />
<p fId="0" fbTx="146.940077" lbTx="146.9400826" tId="2" fbRx="146.9400891" lbRx="0" />
<p fId="0" fbTx="146.940077" lbTx="146.9400826" tId="2" fbRx="146.9400891" lbRx="0" />
<p fId="0" fbTx="146.9400915" lbTx="146.9400971" tId="1" fbRx="146.9401037" lbRx="0" />
<p fId="0" fbTx="146.9400915" lbTx="146.9400971" tId="2" fbRx="146.9401037" lbRx="0" />
<p fId="0" fbTx="146.9400915" lbTx="146.9400971" tId="2" fbRx="146.9401037" lbRx="0" />
<p fId="0" fbTx="146.9401111" lbTx="146.9401167" tId="1" fbRx="146.9401232" lbRx="0" />
<p fId="0" fbTx="146.9401111" lbTx="146.9401167" tId="2" fbRx="146.9401232" lbRx="0" />
<p fId="0" fbTx="146.9401111" lbTx="146.9401167" tId="2" fbRx="146.9401232" lbRx="0" />
<p fId="0" fbTx="146.9401246" lbTx="146.9401302" tId="1" fbRx="146.9401368" lbRx="0" />
<p fId="0" fbTx="146.9401246" lbTx="146.9401302" tId="2" fbRx="146.9401368" lbRx="0" />
<p fId="0" fbTx="146.9401246" lbTx="146.9401302" tId="2" fbRx="146.9401368" lbRx="0" />
<p fId="0" fbTx="146.9401372" lbTx="146.9401428" tId="1" fbRx="146.9401494" lbRx="0" />
<p fId="0" fbTx="146.9401372" lbTx="146.9401428" tId="2" fbRx="146.9401494" lbRx="0" />
<p fId="0" fbTx="146.9401372" lbTx="146.9401428" tId="2" fbRx="146.9401494" lbRx="0" />
<p fId="0" fbTx="146.9401528" lbTx="146.9401584" tId="1" fbRx="146.9401649" lbRx="0" />
<p fId="0" fbTx="146.9401528" lbTx="146.9401584" tId="2" fbRx="146.9401649" lbRx="0" />
<p fId="0" fbTx="146.9401528" lbTx="146.9401584" tId="2" fbRx="146.9401649" lbRx="0" />
<p fId="0" fbTx="146.9401663" lbTx="146.9401719" tId="1" fbRx="146.9401785" lbRx="0" />
<p fId="0" fbTx="146.9401663" lbTx="146.9401719" tId="2" fbRx="146.9401785" lbRx="0" />
<p fId="0" fbTx="146.9401663" lbTx="146.9401719" tId="2" fbRx="146.9401785" lbRx="0" />
<p fId="0" fbTx="146.9401799" lbTx="146.9401855" tId="1" fbRx="146.940192" lbRx="0" />
<p fId="0" fbTx="146.9401799" lbTx="146.9401855" tId="2" fbRx="146.940192" lbRx="0" />
<p fId="0" fbTx="146.9401799" lbTx="146.9401855" tId="2" fbRx="146.940192" lbRx="0" />
<p fId="0" fbTx="146.9401944" lbTx="146.9402" tId="1" fbRx="146.9402066" lbRx="0" />
<p fId="0" fbTx="146.9401944" lbTx="146.9402" tId="2" fbRx="146.9402066" lbRx="0" />
<p fId="0" fbTx="146.9401944" lbTx="146.9402" tId="2" fbRx="146.9402066" lbRx="0" />
<p fId="1" fbTx="147.0034378" lbTx="147.0034434" tId="0" fbRx="147.0034499" lbRx="0" />
<p fId="1" fbTx="147.0034378" lbTx="147.0034434" tId="2" fbRx="147.0034499" lbRx="0" />
<p fId="1" fbTx="147.0034378" lbTx="147.0034434" tId="2" fbRx="147.0034499" lbRx="0" />
<p fId="1" fbTx="147.1209189" lbTx="147.1209525" tId="0" fbRx="147.120959" lbRx="0" />
<p fId="1" fbTx="147.1209189" lbTx="147.1209525" tId="2" fbRx="147.120959" lbRx="0" />
<p fId="1" fbTx="147.1209189" lbTx="147.1209525" tId="2" fbRx="147.120959" lbRx="0" />
<p fId="2" fbTx="147.120959" lbTx="147.1210075" tId="0" fbRx="147.1210141" lbRx="0" />
<p fId="2" fbTx="147.120959" lbTx="147.1210075" tId="1" fbRx="147.1210141" lbRx="0" />
<p fId="2" fbTx="147.120959" lbTx="147.1210075" tId="1" fbRx="147.1210141" lbRx="0" />
<p fId="2" fbTx="147.1210175" lbTx="147.121066" tId="0" fbRx="147.1210725" lbRx="0" />
<p fId="2" fbTx="147.1210175" lbTx="147.121066" tId="1" fbRx="147.1210725" lbRx="0" />
<p fId="2" fbTx="147.1210175" lbTx="147.121066" tId="1" fbRx="147.1210725" lbRx="0" />
<p fId="1" fbTx="147.1210735" lbTx="147.1210791" tId="0" fbRx="147.1210857" lbRx="0" />
<p fId="1" fbTx="147.1210735" lbTx="147.1210791" tId="2" fbRx="147.1210857" lbRx="0" />
<p fId="1" fbTx="147.1210735" lbTx="147.1210791" tId="2" fbRx="147.1210857" lbRx="0" />
<p fId="2" fbTx="147.1211069" lbTx="147.1211554" tId="0" fbRx="147.121162" lbRx="0" />
<p fId="2" fbTx="147.1211069" lbTx="147.1211554" tId="1" fbRx="147.121162" lbRx="0" />
<p fId="2" fbTx="147.1211069" lbTx="147.1211554" tId="1" fbRx="147.121162" lbRx="0" />
<p fId="2" fbTx="147.1211734" lbTx="147.1212218" tId="0" fbRx="147.1212284" lbRx="0" />
<p fId="2" fbTx="147.1211734" lbTx="147.1212218" tId="1" fbRx="147.1212284" lbRx="0" />
<p fId="2" fbTx="147.1211734" lbTx="147.1212218" tId="1" fbRx="147.1212284" lbRx="0" />
<p fId="1" fbTx="147.1212294" lbTx="147.121235" tId="0" fbRx="147.1212416" lbRx="0" />
<p fId="1" fbTx="147.1212294" lbTx="147.121235" tId="2" fbRx="147.1212416" lbRx="0" />
<p fId="1" fbTx="147.1212294" lbTx="147.121235" tId="2" fbRx="147.1212416" lbRx="0" />
<p fId="2" fbTx="147.1212688" lbTx="147.1213173" tId="0" fbRx="147.1213238" lbRx="0" />
<p fId="2" fbTx="147.1212688" lbTx="147.1213173" tId="1" fbRx="147.1213238" lbRx="0" />
<p fId="2" fbTx="147.1212688" lbTx="147.1213173" tId="1" fbRx="147.1213238" lbRx="0" />
<p fId="2" fbTx="147.1213242" lbTx="147.1213727" tId="0" fbRx="147.1213793" lbRx="0" />
<p fId="2" fbTx="147.1213242" lbTx="147.1213727" tId="1" fbRx="147.1213793" lbRx="0" />
<p fId="2" fbTx="147.1213242" lbTx="147.1213727" tId="1" fbRx="147.1213793" lbRx="0" />
<p fId="1" fbTx="147.1213803" lbTx="147.1213859" tId="0" fbRx="147.1213924" lbRx="0" />
<p fId="1" fbTx="147.1213803" lbTx="147.1213859" tId="2" fbRx="147.1213924" lbRx="0" />
<p fId="1" fbTx="147.1213803" lbTx="147.1213859" tId="2" fbRx="147.1213924" lbRx="0" />
<p fId="2" fbTx="147.1214057" lbTx="147.1214542" tId="0" fbRx="147.1214607" lbRx="0" />
<p fId="2" fbTx="147.1214057" lbTx="147.1214542" tId="1" fbRx="147.1214607" lbRx="0" />
<p fId="2" fbTx="147.1214057" lbTx="147.1214542" tId="1" fbRx="147.1214607" lbRx="0" />
<p fId="2" fbTx="147.1214631" lbTx="147.1215116" tId="0" fbRx="147.1215182" lbRx="0" />
<p fId="2" fbTx="147.1214631" lbTx="147.1215116" tId="1" fbRx="147.1215182" lbRx="0" />
<p fId="2" fbTx="147.1214631" lbTx="147.1215116" tId="1" fbRx="147.1215182" lbRx="0" />
<p fId="1" fbTx="147.1215192" lbTx="147.1215248" tId="0" fbRx="147.1215313" lbRx="0" />
<p fId="1" fbTx="147.1215192" lbTx="147.1215248" tId="2" fbRx="147.1215313" lbRx="0" />
<p fId="1" fbTx="147.1215192" lbTx="147.1215248" tId="2" fbRx="147.1215313" lbRx="0" />
<p fId="2" fbTx="147.1215396" lbTx="147.121588" tId="0" fbRx="147.1215946" lbRx="0" />
<p fId="2" fbTx="147.1215396" lbTx="147.121588" tId="1" fbRx="147.1215946" lbRx="0" />
<p fId="2" fbTx="147.1215396" lbTx="147.121588" tId="1" fbRx="147.1215946" lbRx="0" />
<p fId="2" fbTx="147.121595" lbTx="147.1216435" tId="0" fbRx="147.12165" lbRx="0" />
<p fId="2" fbTx="147.121595" lbTx="147.1216435" tId="1" fbRx="147.12165" lbRx="0" />
<p fId="2" fbTx="147.121595" lbTx="147.1216435" tId="1" fbRx="147.12165" lbRx="0" />
<p fId="1" fbTx="147.121651" lbTx="147.1216566" tId="0" fbRx="147.1216632" lbRx="0" />
<p fId="1" fbTx="147.121651" lbTx="147.1216566" tId="2" fbRx="147.1216632" lbRx="0" />
<p fId="1" fbTx="147.121651" lbTx="147.1216566" tId="2" fbRx="147.1216632" lbRx="0" />
<p fId="2" fbTx="147.1216654" lbTx="147.1217139" tId="0" fbRx="147.1217205" lbRx="0" />
<p fId="2" fbTx="147.1216654" lbTx="147.1217139" tId="1" fbRx="147.1217205" lbRx="0" />
<p fId="2" fbTx="147.1216654" lbTx="147.1217139" tId="1" fbRx="147.1217205" lbRx="0" />
<p fId="2" fbTx="147.1217229" lbTx="147.1217714" tId="0" fbRx="147.1217779" lbRx="0" />
<p fId="2" fbTx="147.1217229" lbTx="147.1217714" tId="1" fbRx="147.1217779" lbRx="0" />
<p fId="2" fbTx="147.1217229" lbTx="147.1217714" tId="1" fbRx="147.1217779" lbRx="0" />
<p fId="1" fbTx="147.1217789" lbTx="147.1217845" tId="0" fbRx="147.1217911" lbRx="0" />
<p fId="1" fbTx="147.1217789" lbTx="147.1217845" tId="2" fbRx="147.1217911" lbRx="0" />
<p fId="1" fbTx="147.1217789" lbTx="147.1217845" tId="2" fbRx="147.1217911" lbRx="0" />
<p fId="2" fbTx="147.1217983" lbTx="147.1218468" tId="0" fbRx="147.1218534" lbRx="0" />
<p fId="2" fbTx="147.1217983" lbTx="147.1218468" tId="1" fbRx="147.1218534" lbRx="0" />
<p fId="2" fbTx="147.1217983" lbTx="147.1218468" tId="1" fbRx="147.1218534" lbRx="0" />
<p fId="2" fbTx="147.1218828" lbTx="147.1219312" tId="0" fbRx="147.1219378" lbRx="0" />
<p fId="2" fbTx="147.1218828" lbTx="147.1219312" tId="1" fbRx="147.1219378" lbRx="0" />
<p fId="2" fbTx="147.1218828" lbTx="147.1219312" tId="1" fbRx="147.1219378" lbRx="0" />
<p fId="1" fbTx="147.1219388" lbTx="147.1219444" tId="0" fbRx="147.121951" lbRx="0" />
<p fId="1" fbTx="147.1219388" lbTx="147.1219444" tId="2" fbRx="147.121951" lbRx="0" />
<p fId="1" fbTx="147.1219388" lbTx="147.1219444" tId="2" fbRx="147.121951" lbRx="0" />
<p fId="2" fbTx="147.1219522" lbTx="147.1220007" tId="0" fbRx="147.1220072" lbRx="0" />
<p fId="2" fbTx="147.1219522" lbTx="147.1220007" tId="1" fbRx="147.1220072" lbRx="0" />
<p fId="2" fbTx="147.1219522" lbTx="147.1220007" tId="1" fbRx="147.1220072" lbRx="0" />
<p fId="2" fbTx="147.1220116" lbTx="147.1220601" tId="0" fbRx="147.1220667" lbRx="0" />
<p fId="2" fbTx="147.1220116" lbTx="147.1220601" tId="1" fbRx="147.1220667" lbRx="0" />
<p fId="2" fbTx="147.1220116" lbTx="147.1220601" tId="1" fbRx="147.1220667" lbRx="0" />
<p fId="2" fbTx="147.1220671" lbTx="147.1221135" tId="0" fbRx="147.12212" lbRx="0" />
<p fId="2" fbTx="147.1220671" lbTx="147.1221135" tId="1" fbRx="147.12212" lbRx="0" />
<p fId="2" fbTx="147.1220671" lbTx="147.1221135" tId="1" fbRx="147.12212" lbRx="0" />
<p fId="1" fbTx="147.1221247" lbTx="147.1221303" tId="0" fbRx="147.1221368" lbRx="0" />
<p fId="1" fbTx="147.1221247" lbTx="147.1221303" tId="2" fbRx="147.1221368" lbRx="0" />
<p fId="1" fbTx="147.1221247" lbTx="147.1221303" tId="2" fbRx="147.1221368" lbRx="0" />
<p fId="1" fbTx="147.1221392" lbTx="147.1221728" tId="0" fbRx="147.1221794" lbRx="0" />
<p fId="1" fbTx="147.1221392" lbTx="147.1221728" tId="2" fbRx="147.1221794" lbRx="0" />
<p fId="1" fbTx="147.1221392" lbTx="147.1221728" tId="2" fbRx="147.1221794" lbRx="0" />
<p fId="2" fbTx="147.1221794" lbTx="147.1221927" tId="0" fbRx="147.1221992" lbRx="0" />
<p fId="2" fbTx="147.1221794" lbTx="147.1221927" tId="1" fbRx="147.1221992" lbRx="0" />
<p fId="2" fbTx="147.1221794" lbTx="147.1221927" tId="1" fbRx="147.1221992" lbRx="0" />
<p fId="1" fbTx="147.1221993" lbTx="147.1222329" tId="0" fbRx="147.1222394" lbRx="0" />
<p fId="1" fbTx="147.1221993" lbTx="147.1222329" tId="2" fbRx="147.1222394" lbRx="0" />
<p fId="1" fbTx="147.1221993" lbTx="147.1222329" tId="2" fbRx="147.1222394" lbRx="0" />
<p fId="2" fbTx="147.1222394" lbTx="147.1222879" tId="0" fbRx="147.1222945" lbRx="0" />
<p fId="2" fbTx="147.1222394" lbTx="147.1222879" tId="1" fbRx="147.1222945" lbRx="0" />
<p fId="2" fbTx="147.1222394" lbTx="147.1222879" tId="1" fbRx="147.1222945" lbRx="0" />
<p fId="2" fbTx="147.1222949" lbTx="147.1223433" tId="0" fbRx="147.1223499" lbRx="0" />
<p fId="2" fbTx="147.1222949" lbTx="147.1223433" tId="1" fbRx="147.1223499" lbRx="0" />
<p fId="2" fbTx="147.1222949" lbTx="147.1223433" tId="1" fbRx="147.1223499" lbRx="0" />
<p fId="1" fbTx="147.1223509" lbTx="147.1223565" tId="0" fbRx="147.1223631" lbRx="0" />
<p fId="1" fbTx="147.1223509" lbTx="147.1223565" tId="2" fbRx="147.1223631" lbRx="0" />
<p fId="1" fbTx="147.1223509" lbTx="147.1223565" tId="2" fbRx="147.1223631" lbRx="0" />
<p fId="2" fbTx="147.1223803" lbTx="147.1224288" tId="0" fbRx="147.1224353" lbRx="0" />
<p fId="2" fbTx="147.1223803" lbTx="147.1224288" tId="1" fbRx="147.1224353" lbRx="0" />
<p fId="2" fbTx="147.1223803" lbTx="147.1224288" tId="1" fbRx="147.1224353" lbRx="0" />
<p fId="2" fbTx="147.1224357" lbTx="147.1224842" tId="0" fbRx="147.1224908" lbRx="0" />
<p fId="2" fbTx="147.1224357" lbTx="147.1224842" tId="1" fbRx="147.1224908" lbRx="0" />
<p fId="2" fbTx="147.1224357" lbTx="147.1224842" tId="1" fbRx="147.1224908" lbRx="0" />
<p fId="1" fbTx="147.1224918" lbTx="147.1224974" tId="0" fbRx="147.1225039" lbRx="0" />
<p fId="1" fbTx="147.1224918" lbTx="147.1224974" tId="2" fbRx="147.1225039" lbRx="0" />
<p fId="1" fbTx="147.1224918" lbTx="147.1224974" tId="2" fbRx="147.1225039" lbRx="0" />
<p fId="2" fbTx="147.1225102" lbTx="147.1225587" tId="0" fbRx="147.1225652" lbRx="0" />
<p fId="2" fbTx="147.1225102" lbTx="147.1225587" tId="1" fbRx="147.1225652" lbRx="0" />
<p fId="2" fbTx="147.1225102" lbTx="147.1225587" tId="1" fbRx="147.1225652" lbRx="0" />
<p fId="2" fbTx="147.1225656" lbTx="147.1226141" tId="0" fbRx="147.1226207" lbRx="0" />
<p fId="2" fbTx="147.1225656" lbTx="147.1226141" tId="1" fbRx="147.1226207" lbRx="0" />
<p fId="2" fbTx="147.1225656" lbTx="147.1226141" tId="1" fbRx="147.1226207" lbRx="0" />
<p fId="1" fbTx="147.1226217" lbTx="147.1226273" tId="0" fbRx="147.1226338" lbRx="0" />
<p fId="1" fbTx="147.1226217" lbTx="147.1226273" tId="2" fbRx="147.1226338" lbRx="0" />
<p fId="1" fbTx="147.1226217" lbTx="147.1226273" tId="2" fbRx="147.1226338" lbRx="0" />
<p fId="2" fbTx="147.1226431" lbTx="147.1226915" tId="0" fbRx="147.1226981" lbRx="0" />
<p fId="2" fbTx="147.1226431" lbTx="147.1226915" tId="1" fbRx="147.1226981" lbRx="0" />
<p fId="2" fbTx="147.1226431" lbTx="147.1226915" tId="1" fbRx="147.1226981" lbRx="0" />
<p fId="2" fbTx="147.1227065" lbTx="147.122755" tId="0" fbRx="147.1227615" lbRx="0" />
<p fId="2" fbTx="147.1227065" lbTx="147.122755" tId="1" fbRx="147.1227615" lbRx="0" />
<p fId="2" fbTx="147.1227065" lbTx="147.122755" tId="1" fbRx="147.1227615" lbRx="0" />
<p fId="1" fbTx="147.1227625" lbTx="147.1227681" tId="0" fbRx="147.1227747" lbRx="0" />
<p fId="1" fbTx="147.1227625" lbTx="147.1227681" tId="2" fbRx="147.1227747" lbRx="0" />
<p fId="1" fbTx="147.1227625" lbTx="147.1227681" tId="2" fbRx="147.1227747" lbRx="0" />
<p fId="2" fbTx="147.1227859" lbTx="147.1228344" tId="0" fbRx="147.122841" lbRx="0" />
<p fId="2" fbTx="147.1227859" lbTx="147.1228344" tId="1" fbRx="147.122841" lbRx="0" />
<p fId="2" fbTx="147.1227859" lbTx="147.1228344" tId="1" fbRx="147.122841" lbRx="0" />
<p fId="2" fbTx="147.1228434" lbTx="147.1228919" tId="0" fbRx="147.1228984" lbRx="0" />
<p fId="2" fbTx="147.1228434" lbTx="147.1228919" tId="1" fbRx="147.1228984" lbRx="0" />
<p fId="2" fbTx="147.1228434" lbTx="147.1228919" tId="1" fbRx="147.1228984" lbRx="0" />
<p fId="1" fbTx="147.1228994" lbTx="147.122905" tId="0" fbRx="147.1229116" lbRx="0" />
<p fId="1" fbTx="147.1228994" lbTx="147.122905" tId="2" fbRx="147.1229116" lbRx="0" />
<p fId="1" fbTx="147.1228994" lbTx="147.122905" tId="2" fbRx="147.1229116" lbRx="0" />
<p fId="2" fbTx="147.1229168" lbTx="147.1229653" tId="0" fbRx="147.1229719" lbRx="0" />
<p fId="2" fbTx="147.1229168" lbTx="147.1229653" tId="1" fbRx="147.1229719" lbRx="0" />
<p fId="2" fbTx="147.1229168" lbTx="147.1229653" tId="1" fbRx="147.1229719" lbRx="0" />
<p fId="2" fbTx="147.1229783" lbTx="147.1230267" tId="0" fbRx="147.1230333" lbRx="0" />
<p fId="2" fbTx="147.1229783" lbTx="147.1230267" tId="1" fbRx="147.1230333" lbRx="0" />
<p fId="2" fbTx="147.1229783" lbTx="147.1230267" tId="1" fbRx="147.1230333" lbRx="0" />
<p fId="1" fbTx="147.1230343" lbTx="147.1230399" tId="0" fbRx="147.1230465" lbRx="0" />
<p fId="1" fbTx="147.1230343" lbTx="147.1230399" tId="2" fbRx="147.1230465" lbRx="0" />
<p fId="1" fbTx="147.1230343" lbTx="147.1230399" tId="2" fbRx="147.1230465" lbRx="0" />
<p fId="2" fbTx="147.1230547" lbTx="147.1231032" tId="0" fbRx="147.1231097" lbRx="0" />
<p fId="2" fbTx="147.1230547" lbTx="147.1231032" tId="1" fbRx="147.1231097" lbRx="0" />
<p fId="2" fbTx="147.1230547" lbTx="147.1231032" tId="1" fbRx="147.1231097" lbRx="0" />
<p fId="2" fbTx="147.1231111" lbTx="147.1231596" tId="0" fbRx="147.1231662" lbRx="0" />
<p fId="2" fbTx="147.1231111" lbTx="147.1231596" tId="1" fbRx="147.1231662" lbRx="0" />
<p fId="2" fbTx="147.1231111" lbTx="147.1231596" tId="1" fbRx="147.1231662" lbRx="0" />
<p fId="2" fbTx="147.1231666" lbTx="147.1232151" tId="0" fbRx="147.1232216" lbRx="0" />
<p fId="2" fbTx="147.1231666" lbTx="147.1232151" tId="1" fbRx="147.1232216" lbRx="0" />
<p fId="2" fbTx="147.1231666" lbTx="147.1232151" tId="1" fbRx="147.1232216" lbRx="0" />
<p fId="2" fbTx="147.123223" lbTx="147.1232715" tId="0" fbRx="147.1232781" lbRx="0" />
<p fId="2" fbTx="147.123223" lbTx="147.1232715" tId="1" fbRx="147.1232781" lbRx="0" />
<p fId="2" fbTx="147.123223" lbTx="147.1232715" tId="1" fbRx="147.1232781" lbRx="0" />
<p fId="2" fbTx="147.1232795" lbTx="147.1233279" tId="0" fbRx="147.1233345" lbRx="0" />
<p fId="2" fbTx="147.1232795" lbTx="147.1233279" tId="1" fbRx="147.1233345" lbRx="0" />
<p fId="2" fbTx="147.1232795" lbTx="147.1233279" tId="1" fbRx="147.1233345" lbRx="0" />
<p fId="2" fbTx="147.1233379" lbTx="147.1233864" tId="0" fbRx="147.1233929" lbRx="0" />
<p fId="2" fbTx="147.1233379" lbTx="147.1233864" tId="1" fbRx="147.1233929" lbRx="0" />
<p fId="2" fbTx="147.1233379" lbTx="147.1233864" tId="1" fbRx="147.1233929" lbRx="0" />
<p fId="2" fbTx="147.1233993" lbTx="147.1234478" tId="0" fbRx="147.1234544" lbRx="0" />
<p fId="2" fbTx="147.1233993" lbTx="147.1234478" tId="1" fbRx="147.1234544" lbRx="0" />
<p fId="2" fbTx="147.1233993" lbTx="147.1234478" tId="1" fbRx="147.1234544" lbRx="0" />
<p fId="2" fbTx="147.1234548" lbTx="147.1235033" tId="0" fbRx="147.1235098" lbRx="0" />
<p fId="2" fbTx="147.1234548" lbTx="147.1235033" tId="1" fbRx="147.1235098" lbRx="0" />
<p fId="2" fbTx="147.1234548" lbTx="147.1235033" tId="1" fbRx="147.1235098" lbRx="0" />
<p fId="2" fbTx="147.1235132" lbTx="147.1235617" tId="0" fbRx="147.1235683" lbRx="0" />
<p fId="2" fbTx="147.1235132" lbTx="147.1235617" tId="1" fbRx="147.1235683" lbRx="0" />
<p fId="2" fbTx="147.1235132" lbTx="147.1235617" tId="1" fbRx="147.1235683" lbRx="0" />
<p fId="2" fbTx="147.1235697" lbTx="147.1236181" tId="0" fbRx="147.1236247" lbRx="0" />
<p fId="2" fbTx="147.1235697" lbTx="147.1236181" tId="1" fbRx="147.1236247" lbRx="0" />
<p fId="2" fbTx="147.1235697" lbTx="147.1236181" tId="1" fbRx="147.1236247" lbRx="0" />
<p fId="2" fbTx="147.1236271" lbTx="147.1236756" tId="0" fbRx="147.1236821" lbRx="0" />
<p fId="2" fbTx="147.1236271" lbTx="147.1236756" tId="1" fbRx="147.1236821" lbRx="0" />
<p fId="2" fbTx="147.1236271" lbTx="147.1236756" tId="1" fbRx="147.1236821" lbRx="0" />
<p fId="2" fbTx="147.1236845" lbTx="147.123733" tId="0" fbRx="147.1237396" lbRx="0" />
<p fId="2" fbTx="147.1236845" lbTx="147.123733" tId="1" fbRx="147.1237396" lbRx="0" />
<p fId="2" fbTx="147.1236845" lbTx="147.123733" tId="1" fbRx="147.1237396" lbRx="0" />
<p fId="2" fbTx="147.12374" lbTx="147.1237885" tId="0" fbRx="147.123795" lbRx="0" />
<p fId="2" fbTx="147.12374" lbTx="147.1237885" tId="1" fbRx="147.123795" lbRx="0" />
<p fId="2" fbTx="147.12374" lbTx="147.1237885" tId="1" fbRx="147.123795" lbRx="0" />
<p fId="2" fbTx="147.1237964" lbTx="147.1238449" tId="0" fbRx="147.1238515" lbRx="0" />
<p fId="2" fbTx="147.1237964" lbTx="147.1238449" tId="1" fbRx="147.1238515" lbRx="0" />
<p fId="2" fbTx="147.1237964" lbTx="147.1238449" tId="1" fbRx="147.1238515" lbRx="0" />
<p fId="2" fbTx="147.1238649" lbTx="147.1239133" tId="0" fbRx="147.1239199" lbRx="0" />
<p fId="2" fbTx="147.1238649" lbTx="147.1239133" tId="1" fbRx="147.1239199" lbRx="0" />
<p fId="2" fbTx="147.1238649" lbTx="147.1239133" tId="1" fbRx="147.1239199" lbRx="0" />
<p fId="2" fbTx="147.1239203" lbTx="147.1239688" tId="0" fbRx="147.1239753" lbRx="0" />
<p fId="2" fbTx="147.1239203" lbTx="147.1239688" tId="1" fbRx="147.1239753" lbRx="0" />
<p fId="2" fbTx="147.1239203" lbTx="147.1239688" tId="1" fbRx="147.1239753" lbRx="0" />
<p fId="2" fbTx="147.1239757" lbTx="147.1240242" tId="0" fbRx="147.1240308" lbRx="0" />
<p fId="2" fbTx="147.1239757" lbTx="147.1240242" tId="1" fbRx="147.1240308" lbRx="0" />
<p fId="2" fbTx="147.1239757" lbTx="147.1240242" tId="1" fbRx="147.1240308" lbRx="0" />
<p fId="2" fbTx="147.1240382" lbTx="147.1240867" tId="0" fbRx="147.1240932" lbRx="0" />
<p fId="2" fbTx="147.1240382" lbTx="147.1240867" tId="1" fbRx="147.1240932" lbRx="0" />
<p fId="2" fbTx="147.1240382" lbTx="147.1240867" tId="1" fbRx="147.1240932" lbRx="0" />
<p fId="2" fbTx="147.1241016" lbTx="147.1241501" tId="0" fbRx="147.1241567" lbRx="0" />
<p fId="2" fbTx="147.1241016" lbTx="147.1241501" tId="1" fbRx="147.1241567" lbRx="0" />
<p fId="2" fbTx="147.1241016" lbTx="147.1241501" tId="1" fbRx="147.1241567" lbRx="0" />
<p fId="2" fbTx="147.1241581" lbTx="147.1242065" tId="0" fbRx="147.1242131" lbRx="0" />
<p fId="2" fbTx="147.1241581" lbTx="147.1242065" tId="1" fbRx="147.1242131" lbRx="0" />
<p fId="2" fbTx="147.1241581" lbTx="147.1242065" tId="1" fbRx="147.1242131" lbRx="0" />
<p fId="2" fbTx="147.1242155" lbTx="147.124264" tId="0" fbRx="147.1242705" lbRx="0" />
<p fId="2" fbTx="147.1242155" lbTx="147.124264" tId="1" fbRx="147.1242705" lbRx="0" />
<p fId="2" fbTx="147.1242155" lbTx="147.124264" tId="1" fbRx="147.1242705" lbRx="0" />
<p fId="2" fbTx="147.1242709" lbTx="147.1243194" tId="0" fbRx="147.124326" lbRx="0" />
<p fId="2" fbTx="147.1242709" lbTx="147.1243194" tId="1" fbRx="147.124326" lbRx="0" />
<p fId="2" fbTx="147.1242709" lbTx="147.1243194" tId="1" fbRx="147.124326" lbRx="0" />
<p fId="2" fbTx="147.1243364" lbTx="147.1243849" tId="0" fbRx="147.1243914" lbRx="0" />
<p fId="2" fbTx="147.1243364" lbTx="147.1243849" tId="1" fbRx="147.1243914" lbRx="0" />
<p fId="2" fbTx="147.1243364" lbTx="147.1243849" tId="1" fbRx="147.1243914" lbRx="0" />
<p fId="2" fbTx="147.1243928" lbTx="147.1244413" tId="0" fbRx="147.1244479" lbRx="0" />
<p fId="2" fbTx="147.1243928" lbTx="147.1244413" tId="1" fbRx="147.1244479" lbRx="0" />
<p fId="2" fbTx="147.1243928" lbTx="147.1244413" tId="1" fbRx="147.1244479" lbRx="0" />
<p fId="2" fbTx="147.1244503" lbTx="147.1244987" tId="0" fbRx="147.1245053" lbRx="0" />
<p fId="2" fbTx="147.1244503" lbTx="147.1244987" tId="1" fbRx="147.1245053" lbRx="0" />
<p fId="2" fbTx="147.1244503" lbTx="147.1244987" tId="1" fbRx="147.1245053" lbRx="0" />
<p fId="2" fbTx="147.1245147" lbTx="147.1245632" tId="0" fbRx="147.1245697" lbRx="0" />
<p fId="2" fbTx="147.1245147" lbTx="147.1245632" tId="1" fbRx="147.1245697" lbRx="0" />
<p fId="2" fbTx="147.1245147" lbTx="147.1245632" tId="1" fbRx="147.1245697" lbRx="0" />
<p fId="2" fbTx="147.1245731" lbTx="147.1246216" tId="0" fbRx="147.1246282" lbRx="0" />
<p fId="2" fbTx="147.1245731" lbTx="147.1246216" tId="1" fbRx="147.1246282" lbRx="0" />
<p fId="2" fbTx="147.1245731" lbTx="147.1246216" tId="1" fbRx="147.1246282" lbRx="0" />
<p fId="2" fbTx="147.1246306" lbTx="147.1246791" tId="0" fbRx="147.1246856" lbRx="0" />
<p fId="2" fbTx="147.1246306" lbTx="147.1246791" tId="1" fbRx="147.1246856" lbRx="0" />
<p fId="2" fbTx="147.1246306" lbTx="147.1246791" tId="1" fbRx="147.1246856" lbRx="0" />
<p fId="2" fbTx="147.124687" lbTx="147.1247355" tId="0" fbRx="147.1247421" lbRx="0" />
<p fId="2" fbTx="147.124687" lbTx="147.1247355" tId="1" fbRx="147.1247421" lbRx="0" />
<p fId="2" fbTx="147.124687" lbTx="147.1247355" tId="1" fbRx="147.1247421" lbRx="0" />
<p fId="2" fbTx="147.1247435" lbTx="147.1247919" tId="0" fbRx="147.1247985" lbRx="0" />
<p fId="2" fbTx="147.1247435" lbTx="147.1247919" tId="1" fbRx="147.1247985" lbRx="0" />
<p fId="2" fbTx="147.1247435" lbTx="147.1247919" tId="1" fbRx="147.1247985" lbRx="0" />
<p fId="2" fbTx="147.1247999" lbTx="147.1248484" tId="0" fbRx="147.1248549" lbRx="0" />
<p fId="2" fbTx="147.1247999" lbTx="147.1248484" tId="1" fbRx="147.1248549" lbRx="0" />
<p fId="2" fbTx="147.1247999" lbTx="147.1248484" tId="1" fbRx="147.1248549" lbRx="0" />
<p fId="2" fbTx="147.1248563" lbTx="147.1249048" tId="0" fbRx="147.1249114" lbRx="0" />
<p fId="2" fbTx="147.1248563" lbTx="147.1249048" tId="1" fbRx="147.1249114" lbRx="0" />
<p fId="2" fbTx="147.1248563" lbTx="147.1249048" tId="1" fbRx="147.1249114" lbRx="0" />
<p fId="2" fbTx="147.1249188" lbTx="147.1249673" tId="0" fbRx="147.1249738" lbRx="0" />
<p fId="2" fbTx="147.1249188" lbTx="147.1249673" tId="1" fbRx="147.1249738" lbRx="0" />
<p fId="2" fbTx="147.1249188" lbTx="147.1249673" tId="1" fbRx="147.1249738" lbRx="0" />
<p fId="2" fbTx="147.1249812" lbTx="147.1250297" tId="0" fbRx="147.1250363" lbRx="0" />
<p fId="2" fbTx="147.1249812" lbTx="147.1250297" tId="1" fbRx="147.1250363" lbRx="0" />
<p fId="2" fbTx="147.1249812" lbTx="147.1250297" tId="1" fbRx="147.1250363" lbRx="0" />
<p fId="2" fbTx="147.1250387" lbTx="147.1250871" tId="0" fbRx="147.1250937" lbRx="0" />
<p fId="2" fbTx="147.1250387" lbTx="147.1250871" tId="1" fbRx="147.1250937" lbRx="0" />
<p fId="2" fbTx="147.1250387" lbTx="147.1250871" tId="1" fbRx="147.1250937" lbRx="0" />
<p fId="2" fbTx="147.1250961" lbTx="147.1251446" tId="0" fbRx="147.1251511" lbRx="0" />
<p fId="2" fbTx="147.1250961" lbTx="147.1251446" tId="1" fbRx="147.1251511" lbRx="0" />
<p fId="2" fbTx="147.1250961" lbTx="147.1251446" tId="1" fbRx="147.1251511" lbRx="0" />
<p fId="2" fbTx="147.1251535" lbTx="147.1251643" tId="0" fbRx="147.1251708" lbRx="0" />
<p fId="2" fbTx="147.1251535" lbTx="147.1251643" tId="1" fbRx="147.1251708" lbRx="0" />
<p fId="2" fbTx="147.1251535" lbTx="147.1251643" tId="1" fbRx="147.1251708" lbRx="0" />
<p fId="1" fbTx="147.1254852" lbTx="147.1254908" tId="0" fbRx="147.1254973" lbRx="0" />
<p fId="1" fbTx="147.1254852" lbTx="147.1254908" tId="2" fbRx="147.1254973" lbRx="0" />
<p fId="1" fbTx="147.1254852" lbTx="147.1254908" tId="2" fbRx="147.1254973" lbRx="0" />
<p fId="1" fbTx="147.1254977" lbTx="147.1255033" tId="0" fbRx="147.1255099" lbRx="0" />
<p fId="1" fbTx="147.1254977" lbTx="147.1255033" tId="2" fbRx="147.1255099" lbRx="0" />
<p fId="1" fbTx="147.1254977" lbTx="147.1255033" tId="2" fbRx="147.1255099" lbRx="0" />
<p fId="1" fbTx="147.1255373" lbTx="147.1255429" tId="0" fbRx="147.1255495" lbRx="0" />
<p fId="1" fbTx="147.1255373" lbTx="147.1255429" tId="2" fbRx="147.1255495" lbRx="0" />
<p fId="1" fbTx="147.1255373" lbTx="147.1255429" tId="2" fbRx="147.1255495" lbRx="0" />
<p fId="1" fbTx="147.1255529" lbTx="147.1255585" tId="0" fbRx="147.125565" lbRx="0" />
<p fId="1" fbTx="147.1255529" lbTx="147.1255585" tId="2" fbRx="147.125565" lbRx="0" />
<p fId="1" fbTx="147.1255529" lbTx="147.1255585" tId="2" fbRx="147.125565" lbRx="0" />
<p fId="1" fbTx="147.1255654" lbTx="147.125571" tId="0" fbRx="147.1255776" lbRx="0" />
<p fId="1" fbTx="147.1255654" lbTx="147.125571" tId="2" fbRx="147.1255776" lbRx="0" />
<p fId="1" fbTx="147.1255654" lbTx="147.125571" tId="2" fbRx="147.1255776" lbRx="0" />
<p fId="1" fbTx="147.125587" lbTx="147.1255926" tId="0" fbRx="147.1255991" lbRx="0" />
<p fId="1" fbTx="147.125587" lbTx="147.1255926" tId="2" fbRx="147.1255991" lbRx="0" />
<p fId="1" fbTx="147.125587" lbTx="147.1255926" tId="2" fbRx="147.1255991" lbRx="0" />
<p fId="1" fbTx="147.1256025" lbTx="147.1256081" tId="0" fbRx="147.1256147" lbRx="0" />
<p fId="1" fbTx="147.1256025" lbTx="147.1256081" tId="2" fbRx="147.1256147" lbRx="0" />
<p fId="1" fbTx="147.1256025" lbTx="147.1256081" tId="2" fbRx="147.1256147" lbRx="0" />
<p fId="1" fbTx="147.1256181" lbTx="147.1256237" tId="0" fbRx="147.1256303" lbRx="0" />
<p fId="1" fbTx="147.1256181" lbTx="147.1256237" tId="2" fbRx="147.1256303" lbRx="0" />
<p fId="1" fbTx="147.1256181" lbTx="147.1256237" tId="2" fbRx="147.1256303" lbRx="0" />
<p fId="1" fbTx="147.1256357" lbTx="147.1256413" tId="0" fbRx="147.1256478" lbRx="0" />
<p fId="1" fbTx="147.1256357" lbTx="147.1256413" tId="2" fbRx="147.1256478" lbRx="0" />
<p fId="1" fbTx="147.1256357" lbTx="147.1256413" tId="2" fbRx="147.1256478" lbRx="0" />
<p fId="1" fbTx="147.1256492" lbTx="147.1256548" tId="0" fbRx="147.1256614" lbRx="0" />
<p fId="1" fbTx="147.1256492" lbTx="147.1256548" tId="2" fbRx="147.1256614" lbRx="0" />
<p fId="1" fbTx="147.1256492" lbTx="147.1256548" tId="2" fbRx="147.1256614" lbRx="0" />
<p fId="1" fbTx="147.1256718" lbTx="147.1256774" tId="0" fbRx="147.1256839" lbRx="0" />
<p fId="1" fbTx="147.1256718" lbTx="147.1256774" tId="2" fbRx="147.1256839" lbRx="0" />
<p fId="1" fbTx="147.1256718" lbTx="147.1256774" tId="2" fbRx="147.1256839" lbRx="0" />
<p fId="1" fbTx="147.1256863" lbTx="147.1256919" tId="0" fbRx="147.1256985" lbRx="0" />
<p fId="1" fbTx="147.1256863" lbTx="147.1256919" tId="2" fbRx="147.1256985" lbRx="0" />
<p fId="1" fbTx="147.1256863" lbTx="147.1256919" tId="2" fbRx="147.1256985" lbRx="0" />
<p fId="1" fbTx="147.1257119" lbTx="147.1257175" tId="0" fbRx="147.1257241" lbRx="0" />
<p fId="1" fbTx="147.1257119" lbTx="147.1257175" tId="2" fbRx="147.1257241" lbRx="0" />
<p fId="1" fbTx="147.1257119" lbTx="147.1257175" tId="2" fbRx="147.1257241" lbRx="0" />
<p fId="1" fbTx="147.1257255" lbTx="147.1257311" tId="0" fbRx="147.1257376" lbRx="0" />
<p fId="1" fbTx="147.1257255" lbTx="147.1257311" tId="2" fbRx="147.1257376" lbRx="0" />
<p fId="1" fbTx="147.1257255" lbTx="147.1257311" tId="2" fbRx="147.1257376" lbRx="0" />
<p fId="1" fbTx="147.125746" lbTx="147.1257516" tId="0" fbRx="147.1257582" lbRx="0" />
<p fId="1" fbTx="147.125746" lbTx="147.1257516" tId="2" fbRx="147.1257582" lbRx="0" />
<p fId="1" fbTx="147.125746" lbTx="147.1257516" tId="2" fbRx="147.1257582" lbRx="0" />
<p fId="1" fbTx="147.1257666" lbTx="147.1257722" tId="0" fbRx="147.1257787" lbRx="0" />
<p fId="1" fbTx="147.1257666" lbTx="147.1257722" tId="2" fbRx="147.1257787" lbRx="0" />
<p fId="1" fbTx="147.1257666" lbTx="147.1257722" tId="2" fbRx="147.1257787" lbRx="0" />
<p fId="1" fbTx="147.1257811" lbTx="147.1257867" tId="0" fbRx="147.1257933" lbRx="0" />
<p fId="1" fbTx="147.1257811" lbTx="147.1257867" tId="2" fbRx="147.1257933" lbRx="0" />
<p fId="1" fbTx="147.1257811" lbTx="147.1257867" tId="2" fbRx="147.1257933" lbRx="0" />
<p fId="1" fbTx="147.1257957" lbTx="147.1258013" tId="0" fbRx="147.1258079" lbRx="0" />
<p fId="1" fbTx="147.1257957" lbTx="147.1258013" tId="2" fbRx="147.1258079" lbRx="0" />
<p fId="1" fbTx="147.1257957" lbTx="147.1258013" tId="2" fbRx="147.1258079" lbRx="0" />
<p fId="1" fbTx="147.1258103" lbTx="147.1258439" tId="0" fbRx="147.1258504" lbRx="0" />
<p fId="1" fbTx="147.1258103" lbTx="147.1258439" tId="2" fbRx="147.1258504" lbRx="0" />
<p fId="1" fbTx="147.1258103" lbTx="147.1258439" tId="2" fbRx="147.1258504" lbRx="0" />
<p fId="2" fbTx="147.1258504" lbTx="147.1258619" tId="0" fbRx="147.1258684" lbRx="0" />
<p fId="2" fbTx="147.1258504" lbTx="147.1258619" tId="1" fbRx="147.1258684" lbRx="0" />
<p fId="2" fbTx="147.1258504" lbTx="147.1258619" tId="1" fbRx="147.1258684" lbRx="0" />
<p fId="0" fbTx="147.1387235" lbTx="147.1387291" tId="1" fbRx="147.1387356" lbRx="0" />
<p fId="0" fbTx="147.1387235" lbTx="147.1387291" tId="2" fbRx="147.1387356" lbRx="0" />
<p fId="0" fbTx="147.1387235" lbTx="147.1387291" tId="2" fbRx="147.1387356" lbRx="0" />
<p fId="1" fbTx="147.3258684" lbTx="147.325874" tId="0" fbRx="147.3258806" lbRx="0" />
<p fId="1" fbTx="147.3258684" lbTx="147.325874" tId="2" fbRx="147.3258806" lbRx="0" />
<p fId="1" fbTx="147.3258684" lbTx="147.325874" tId="2" fbRx="147.3258806" lbRx="0" />
<p fId="1" fbTx="155.651805" lbTx="155.6518386" tId="0" fbRx="155.6518452" lbRx="0" />
<p fId="1" fbTx="155.651805" lbTx="155.6518386" tId="2" fbRx="155.6518452" lbRx="0" />
<p fId="1" fbTx="155.651805" lbTx="155.6518386" tId="2" fbRx="155.6518452" lbRx="0" />
<p fId="2" fbTx="155.6518452" lbTx="155.6518937" tId="0" fbRx="155.6519002" lbRx="0" />
<p fId="2" fbTx="155.6518452" lbTx="155.6518937" tId="1" fbRx="155.6519002" lbRx="0" />
<p fId="2" fbTx="155.6518452" lbTx="155.6518937" tId="1" fbRx="155.6519002" lbRx="0" />
<p fId="2" fbTx="155.6519066" lbTx="155.6519551" tId="0" fbRx="155.6519617" lbRx="0" />
<p fId="2" fbTx="155.6519066" lbTx="155.6519551" tId="1" fbRx="155.6519617" lbRx="0" />
<p fId="2" fbTx="155.6519066" lbTx="155.6519551" tId="1" fbRx="155.6519617" lbRx="0" />
<p fId="1" fbTx="155.6519627" lbTx="155.6519683" tId="0" fbRx="155.6519748" lbRx="0" />
<p fId="1" fbTx="155.6519627" lbTx="155.6519683" tId="2" fbRx="155.6519748" lbRx="0" />
<p fId="1" fbTx="155.6519627" lbTx="155.6519683" tId="2" fbRx="155.6519748" lbRx="0" />
<p fId="2" fbTx="155.6519781" lbTx="155.6520266" tId="0" fbRx="155.6520331" lbRx="0" />
<p fId="2" fbTx="155.6519781" lbTx="155.6520266" tId="1" fbRx="155.6520331" lbRx="0" />
<p fId="2" fbTx="155.6519781" lbTx="155.6520266" tId="1" fbRx="155.6520331" lbRx="0" />
<p fId="2" fbTx="155.6520335" lbTx="155.652082" tId="0" fbRx="155.6520886" lbRx="0" />
<p fId="2" fbTx="155.6520335" lbTx="155.652082" tId="1" fbRx="155.6520886" lbRx="0" />
<p fId="2" fbTx="155.6520335" lbTx="155.652082" tId="1" fbRx="155.6520886" lbRx="0" />
<p fId="1" fbTx="155.6520896" lbTx="155.6520952" tId="0" fbRx="155.6521017" lbRx="0" />
<p fId="1" fbTx="155.6520896" lbTx="155.6520952" tId="2" fbRx="155.6521017" lbRx="0" />
<p fId="1" fbTx="155.6520896" lbTx="155.6520952" tId="2" fbRx="155.6521017" lbRx="0" />
<p fId="2" fbTx="155.652119" lbTx="155.6521674" tId="0" fbRx="155.652174" lbRx="0" />
<p fId="2" fbTx="155.652119" lbTx="155.6521674" tId="1" fbRx="155.652174" lbRx="0" />
<p fId="2" fbTx="155.652119" lbTx="155.6521674" tId="1" fbRx="155.652174" lbRx="0" />
<p fId="2" fbTx="155.6521744" lbTx="155.6522229" tId="0" fbRx="155.6522294" lbRx="0" />
<p fId="2" fbTx="155.6521744" lbTx="155.6522229" tId="1" fbRx="155.6522294" lbRx="0" />
<p fId="2" fbTx="155.6521744" lbTx="155.6522229" tId="1" fbRx="155.6522294" lbRx="0" />
<p fId="2" fbTx="155.6522298" lbTx="155.6522783" tId="0" fbRx="155.6522849" lbRx="0" />
<p fId="2" fbTx="155.6522298" lbTx="155.6522783" tId="1" fbRx="155.6522849" lbRx="0" />
<p fId="2" fbTx="155.6522298" lbTx="155.6522783" tId="1" fbRx="155.6522849" lbRx="0" />
<p fId="2" fbTx="155.6522893" lbTx="155.6523378" tId="0" fbRx="155.6523443" lbRx="0" />
<p fId="2" fbTx="155.6522893" lbTx="155.6523378" tId="1" fbRx="155.6523443" lbRx="0" />
<p fId="2" fbTx="155.6522893" lbTx="155.6523378" tId="1" fbRx="155.6523443" lbRx="0" />
<p fId="2" fbTx="155.6523447" lbTx="155.6523932" tId="0" fbRx="155.6523998" lbRx="0" />
<p fId="2" fbTx="155.6523447" lbTx="155.6523932" tId="1" fbRx="155.6523998" lbRx="0" />
<p fId="2" fbTx="155.6523447" lbTx="155.6523932" tId="1" fbRx="155.6523998" lbRx="0" />
<p fId="2" fbTx="155.6524092" lbTx="155.6524576" tId="0" fbRx="155.6524642" lbRx="0" />
<p fId="2" fbTx="155.6524092" lbTx="155.6524576" tId="1" fbRx="155.6524642" lbRx="0" />
<p fId="2" fbTx="155.6524092" lbTx="155.6524576" tId="1" fbRx="155.6524642" lbRx="0" />
<p fId="2" fbTx="155.6524716" lbTx="155.6525201" tId="0" fbRx="155.6525266" lbRx="0" />
<p fId="2" fbTx="155.6524716" lbTx="155.6525201" tId="1" fbRx="155.6525266" lbRx="0" />
<p fId="2" fbTx="155.6524716" lbTx="155.6525201" tId="1" fbRx="155.6525266" lbRx="0" />
<p fId="2" fbTx="155.652529" lbTx="155.6525775" tId="0" fbRx="155.6525841" lbRx="0" />
<p fId="2" fbTx="155.652529" lbTx="155.6525775" tId="1" fbRx="155.6525841" lbRx="0" />
<p fId="2" fbTx="155.652529" lbTx="155.6525775" tId="1" fbRx="155.6525841" lbRx="0" />
<p fId="2" fbTx="155.6525855" lbTx="155.652634" tId="0" fbRx="155.6526405" lbRx="0" />
<p fId="2" fbTx="155.6525855" lbTx="155.652634" tId="1" fbRx="155.6526405" lbRx="0" />
<p fId="2" fbTx="155.6525855" lbTx="155.652634" tId="1" fbRx="155.6526405" lbRx="0" />
<p fId="2" fbTx="155.6526429" lbTx="155.6526914" tId="0" fbRx="155.652698" lbRx="0" />
<p fId="2" fbTx="155.6526429" lbTx="155.6526914" tId="1" fbRx="155.652698" lbRx="0" />
<p fId="2" fbTx="155.6526429" lbTx="155.6526914" tId="1" fbRx="155.652698" lbRx="0" />
<p fId="2" fbTx="155.6526994" lbTx="155.6527478" tId="0" fbRx="155.6527544" lbRx="0" />
<p fId="2" fbTx="155.6526994" lbTx="155.6527478" tId="1" fbRx="155.6527544" lbRx="0" />
<p fId="2" fbTx="155.6526994" lbTx="155.6527478" tId="1" fbRx="155.6527544" lbRx="0" />
<p fId="2" fbTx="155.6527608" lbTx="155.6528093" tId="0" fbRx="155.6528158" lbRx="0" />
<p fId="2" fbTx="155.6527608" lbTx="155.6528093" tId="1" fbRx="155.6528158" lbRx="0" />
<p fId="2" fbTx="155.6527608" lbTx="155.6528093" tId="1" fbRx="155.6528158" lbRx="0" />
<p fId="2" fbTx="155.6528172" lbTx="155.6528657" tId="0" fbRx="155.6528723" lbRx="0" />
<p fId="2" fbTx="155.6528172" lbTx="155.6528657" tId="1" fbRx="155.6528723" lbRx="0" />
<p fId="2" fbTx="155.6528172" lbTx="155.6528657" tId="1" fbRx="155.6528723" lbRx="0" />
<p fId="2" fbTx="155.6528727" lbTx="155.6529212" tId="0" fbRx="155.6529277" lbRx="0" />
<p fId="2" fbTx="155.6528727" lbTx="155.6529212" tId="1" fbRx="155.6529277" lbRx="0" />
<p fId="2" fbTx="155.6528727" lbTx="155.6529212" tId="1" fbRx="155.6529277" lbRx="0" />
<p fId="2" fbTx="155.6529281" lbTx="155.6529766" tId="0" fbRx="155.6529832" lbRx="0" />
<p fId="2" fbTx="155.6529281" lbTx="155.6529766" tId="1" fbRx="155.6529832" lbRx="0" />
<p fId="2" fbTx="155.6529281" lbTx="155.6529766" tId="1" fbRx="155.6529832" lbRx="0" />
<p fId="2" fbTx="155.6529936" lbTx="155.653042" tId="0" fbRx="155.6530486" lbRx="0" />
<p fId="2" fbTx="155.6529936" lbTx="155.653042" tId="1" fbRx="155.6530486" lbRx="0" />
<p fId="2" fbTx="155.6529936" lbTx="155.653042" tId="1" fbRx="155.6530486" lbRx="0" />
<p fId="2" fbTx="155.653051" lbTx="155.6530995" tId="0" fbRx="155.653106" lbRx="0" />
<p fId="2" fbTx="155.653051" lbTx="155.6530995" tId="1" fbRx="155.653106" lbRx="0" />
<p fId="2" fbTx="155.653051" lbTx="155.6530995" tId="1" fbRx="155.653106" lbRx="0" />
<p fId="2" fbTx="155.6531074" lbTx="155.6531559" tId="0" fbRx="155.6531625" lbRx="0" />
<p fId="2" fbTx="155.6531074" lbTx="155.6531559" tId="1" fbRx="155.6531625" lbRx="0" />
<p fId="2" fbTx="155.6531074" lbTx="155.6531559" tId="1" fbRx="155.6531625" lbRx="0" />
<p fId="2" fbTx="155.6531659" lbTx="155.6532144" tId="0" fbRx="155.6532209" lbRx="0" />
<p fId="2" fbTx="155.6531659" lbTx="155.6532144" tId="1" fbRx="155.6532209" lbRx="0" />
<p fId="2" fbTx="155.6531659" lbTx="155.6532144" tId="1" fbRx="155.6532209" lbRx="0" />
<p fId="2" fbTx="155.6532323" lbTx="155.6532808" tId="0" fbRx="155.6532874" lbRx="0" />
<p fId="2" fbTx="155.6532323" lbTx="155.6532808" tId="1" fbRx="155.6532874" lbRx="0" />
<p fId="2" fbTx="155.6532323" lbTx="155.6532808" tId="1" fbRx="155.6532874" lbRx="0" />
<p fId="2" fbTx="155.6532928" lbTx="155.6533412" tId="0" fbRx="155.6533478" lbRx="0" />
<p fId="2" fbTx="155.6532928" lbTx="155.6533412" tId="1" fbRx="155.6533478" lbRx="0" />
<p fId="2" fbTx="155.6532928" lbTx="155.6533412" tId="1" fbRx="155.6533478" lbRx="0" />
<p fId="2" fbTx="155.6533482" lbTx="155.6533967" tId="0" fbRx="155.6534032" lbRx="0" />
<p fId="2" fbTx="155.6533482" lbTx="155.6533967" tId="1" fbRx="155.6534032" lbRx="0" />
<p fId="2" fbTx="155.6533482" lbTx="155.6533967" tId="1" fbRx="155.6534032" lbRx="0" />
<p fId="2" fbTx="155.6534066" lbTx="155.6534551" tId="0" fbRx="155.6534617" lbRx="0" />
<p fId="2" fbTx="155.6534066" lbTx="155.6534551" tId="1" fbRx="155.6534617" lbRx="0" />
<p fId="2" fbTx="155.6534066" lbTx="155.6534551" tId="1" fbRx="155.6534617" lbRx="0" />
<p fId="2" fbTx="155.6534621" lbTx="155.6535106" tId="0" fbRx="155.6535171" lbRx="0" />
<p fId="2" fbTx="155.6534621" lbTx="155.6535106" tId="1" fbRx="155.6535171" lbRx="0" />
<p fId="2" fbTx="155.6534621" lbTx="155.6535106" tId="1" fbRx="155.6535171" lbRx="0" />
<p fId="2" fbTx="155.6535195" lbTx="155.653568" tId="0" fbRx="155.6535746" lbRx="0" />
<p fId="2" fbTx="155.6535195" lbTx="155.653568" tId="1" fbRx="155.6535746" lbRx="0" />
<p fId="2" fbTx="155.6535195" lbTx="155.653568" tId="1" fbRx="155.6535746" lbRx="0" />
<p fId="2" fbTx="155.65358" lbTx="155.6536284" tId="0" fbRx="155.653635" lbRx="0" />
<p fId="2" fbTx="155.65358" lbTx="155.6536284" tId="1" fbRx="155.653635" lbRx="0" />
<p fId="2" fbTx="155.65358" lbTx="155.6536284" tId="1" fbRx="155.653635" lbRx="0" />
<p fId="2" fbTx="155.6536374" lbTx="155.6536859" tId="0" fbRx="155.6536924" lbRx="0" />
<p fId="2" fbTx="155.6536374" lbTx="155.6536859" tId="1" fbRx="155.6536924" lbRx="0" />
<p fId="2" fbTx="155.6536374" lbTx="155.6536859" tId="1" fbRx="155.6536924" lbRx="0" />
<p fId="2" fbTx="155.6536968" lbTx="155.6537453" tId="0" fbRx="155.6537519" lbRx="0" />
<p fId="2" fbTx="155.6536968" lbTx="155.6537453" tId="1" fbRx="155.6537519" lbRx="0" />
<p fId="2" fbTx="155.6536968" lbTx="155.6537453" tId="1" fbRx="155.6537519" lbRx="0" />
<p fId="2" fbTx="155.6537533" lbTx="155.6538018" tId="0" fbRx="155.6538083" lbRx="0" />
<p fId="2" fbTx="155.6537533" lbTx="155.6538018" tId="1" fbRx="155.6538083" lbRx="0" />
<p fId="2" fbTx="155.6537533" lbTx="155.6538018" tId="1" fbRx="155.6538083" lbRx="0" />
<p fId="2" fbTx="155.6538107" lbTx="155.6538592" tId="0" fbRx="155.6538658" lbRx="0" />
<p fId="2" fbTx="155.6538107" lbTx="155.6538592" tId="1" fbRx="155.6538658" lbRx="0" />
<p fId="2" fbTx="155.6538107" lbTx="155.6538592" tId="1" fbRx="155.6538658" lbRx="0" />
<p fId="2" fbTx="155.6538672" lbTx="155.6539156" tId="0" fbRx="155.6539222" lbRx="0" />
<p fId="2" fbTx="155.6538672" lbTx="155.6539156" tId="1" fbRx="155.6539222" lbRx="0" />
<p fId="2" fbTx="155.6538672" lbTx="155.6539156" tId="1" fbRx="155.6539222" lbRx="0" />
<p fId="2" fbTx="155.6539226" lbTx="155.6539711" tId="0" fbRx="155.6539776" lbRx="0" />
<p fId="2" fbTx="155.6539226" lbTx="155.6539711" tId="1" fbRx="155.6539776" lbRx="0" />
<p fId="2" fbTx="155.6539226" lbTx="155.6539711" tId="1" fbRx="155.6539776" lbRx="0" />
<p fId="2" fbTx="155.653979" lbTx="155.6540275" tId="0" fbRx="155.6540341" lbRx="0" />
<p fId="2" fbTx="155.653979" lbTx="155.6540275" tId="1" fbRx="155.6540341" lbRx="0" />
<p fId="2" fbTx="155.653979" lbTx="155.6540275" tId="1" fbRx="155.6540341" lbRx="0" />
<p fId="2" fbTx="155.6540365" lbTx="155.654085" tId="0" fbRx="155.6540915" lbRx="0" />
<p fId="2" fbTx="155.6540365" lbTx="155.654085" tId="1" fbRx="155.6540915" lbRx="0" />
<p fId="2" fbTx="155.6540365" lbTx="155.654085" tId="1" fbRx="155.6540915" lbRx="0" />
<p fId="2" fbTx="155.6540959" lbTx="155.6541444" tId="0" fbRx="155.654151" lbRx="0" />
<p fId="2" fbTx="155.6540959" lbTx="155.6541444" tId="1" fbRx="155.654151" lbRx="0" />
<p fId="2" fbTx="155.6540959" lbTx="155.6541444" tId="1" fbRx="155.654151" lbRx="0" />
<p fId="2" fbTx="155.6541534" lbTx="155.6542018" tId="0" fbRx="155.6542084" lbRx="0" />
<p fId="2" fbTx="155.6541534" lbTx="155.6542018" tId="1" fbRx="155.6542084" lbRx="0" />
<p fId="2" fbTx="155.6541534" lbTx="155.6542018" tId="1" fbRx="155.6542084" lbRx="0" />
<p fId="2" fbTx="155.6542188" lbTx="155.6542673" tId="0" fbRx="155.6542738" lbRx="0" />
<p fId="2" fbTx="155.6542188" lbTx="155.6542673" tId="1" fbRx="155.6542738" lbRx="0" />
<p fId="2" fbTx="155.6542188" lbTx="155.6542673" tId="1" fbRx="155.6542738" lbRx="0" />
<p fId="2" fbTx="155.6542802" lbTx="155.6543287" tId="0" fbRx="155.6543353" lbRx="0" />
<p fId="2" fbTx="155.6542802" lbTx="155.6543287" tId="1" fbRx="155.6543353" lbRx="0" />
<p fId="2" fbTx="155.6542802" lbTx="155.6543287" tId="1" fbRx="155.6543353" lbRx="0" />
<p fId="2" fbTx="155.6543407" lbTx="155.6543892" tId="0" fbRx="155.6543957" lbRx="0" />
<p fId="2" fbTx="155.6543407" lbTx="155.6543892" tId="1" fbRx="155.6543957" lbRx="0" />
<p fId="2" fbTx="155.6543407" lbTx="155.6543892" tId="1" fbRx="155.6543957" lbRx="0" />
<p fId="2" fbTx="155.6543971" lbTx="155.6544456" tId="0" fbRx="155.6544522" lbRx="0" />
<p fId="2" fbTx="155.6543971" lbTx="155.6544456" tId="1" fbRx="155.6544522" lbRx="0" />
<p fId="2" fbTx="155.6543971" lbTx="155.6544456" tId="1" fbRx="155.6544522" lbRx="0" />
<p fId="2" fbTx="155.6544606" lbTx="155.654509" tId="0" fbRx="155.6545156" lbRx="0" />
<p fId="2" fbTx="155.6544606" lbTx="155.654509" tId="1" fbRx="155.6545156" lbRx="0" />
<p fId="2" fbTx="155.6544606" lbTx="155.654509" tId="1" fbRx="155.6545156" lbRx="0" />
<p fId="2" fbTx="155.654519" lbTx="155.6545675" tId="0" fbRx="155.654574" lbRx="0" />
<p fId="2" fbTx="155.654519" lbTx="155.6545675" tId="1" fbRx="155.654574" lbRx="0" />
<p fId="2" fbTx="155.654519" lbTx="155.6545675" tId="1" fbRx="155.654574" lbRx="0" />
<p fId="2" fbTx="155.6545754" lbTx="155.6546239" tId="0" fbRx="155.6546305" lbRx="0" />
<p fId="2" fbTx="155.6545754" lbTx="155.6546239" tId="1" fbRx="155.6546305" lbRx="0" />
<p fId="2" fbTx="155.6545754" lbTx="155.6546239" tId="1" fbRx="155.6546305" lbRx="0" />
<p fId="2" fbTx="155.6546329" lbTx="155.6546814" tId="0" fbRx="155.6546879" lbRx="0" />
<p fId="2" fbTx="155.6546329" lbTx="155.6546814" tId="1" fbRx="155.6546879" lbRx="0" />
<p fId="2" fbTx="155.6546329" lbTx="155.6546814" tId="1" fbRx="155.6546879" lbRx="0" />
<p fId="2" fbTx="155.6546903" lbTx="155.6547388" tId="0" fbRx="155.6547454" lbRx="0" />
<p fId="2" fbTx="155.6546903" lbTx="155.6547388" tId="1" fbRx="155.6547454" lbRx="0" />
<p fId="2" fbTx="155.6546903" lbTx="155.6547388" tId="1" fbRx="155.6547454" lbRx="0" />
<p fId="2" fbTx="155.6547468" lbTx="155.6547952" tId="0" fbRx="155.6548018" lbRx="0" />
<p fId="2" fbTx="155.6547468" lbTx="155.6547952" tId="1" fbRx="155.6548018" lbRx="0" />
<p fId="2" fbTx="155.6547468" lbTx="155.6547952" tId="1" fbRx="155.6548018" lbRx="0" />
<p fId="2" fbTx="155.6548032" lbTx="155.6548517" tId="0" fbRx="155.6548582" lbRx="0" />
<p fId="2" fbTx="155.6548032" lbTx="155.6548517" tId="1" fbRx="155.6548582" lbRx="0" />
<p fId="2" fbTx="155.6548032" lbTx="155.6548517" tId="1" fbRx="155.6548582" lbRx="0" />
<p fId="2" fbTx="155.6548596" lbTx="155.6549081" tId="0" fbRx="155.6549147" lbRx="0" />
<p fId="2" fbTx="155.6548596" lbTx="155.6549081" tId="1" fbRx="155.6549147" lbRx="0" />
<p fId="2" fbTx="155.6548596" lbTx="155.6549081" tId="1" fbRx="155.6549147" lbRx="0" />
<p fId="2" fbTx="155.6549281" lbTx="155.6549766" tId="0" fbRx="155.6549831" lbRx="0" />
<p fId="2" fbTx="155.6549281" lbTx="155.6549766" tId="1" fbRx="155.6549831" lbRx="0" />
<p fId="2" fbTx="155.6549281" lbTx="155.6549766" tId="1" fbRx="155.6549831" lbRx="0" />
<p fId="2" fbTx="155.6549855" lbTx="155.655034" tId="0" fbRx="155.6550406" lbRx="0" />
<p fId="2" fbTx="155.6549855" lbTx="155.655034" tId="1" fbRx="155.6550406" lbRx="0" />
<p fId="2" fbTx="155.6549855" lbTx="155.655034" tId="1" fbRx="155.6550406" lbRx="0" />
<p fId="2" fbTx="155.655043" lbTx="155.6550914" tId="0" fbRx="155.655098" lbRx="0" />
<p fId="2" fbTx="155.655043" lbTx="155.6550914" tId="1" fbRx="155.655098" lbRx="0" />
<p fId="2" fbTx="155.655043" lbTx="155.6550914" tId="1" fbRx="155.655098" lbRx="0" />
<p fId="2" fbTx="155.6551004" lbTx="155.6551489" tId="0" fbRx="155.6551554" lbRx="0" />
<p fId="2" fbTx="155.6551004" lbTx="155.6551489" tId="1" fbRx="155.6551554" lbRx="0" />
<p fId="2" fbTx="155.6551004" lbTx="155.6551489" tId="1" fbRx="155.6551554" lbRx="0" />
<p fId="2" fbTx="155.6551588" lbTx="155.6552073" tId="0" fbRx="155.6552139" lbRx="0" />
<p fId="2" fbTx="155.6551588" lbTx="155.6552073" tId="1" fbRx="155.6552139" lbRx="0" />
<p fId="2" fbTx="155.6551588" lbTx="155.6552073" tId="1" fbRx="155.6552139" lbRx="0" />
<p fId="2" fbTx="155.6552213" lbTx="155.6552698" tId="0" fbRx="155.6552763" lbRx="0" />
<p fId="2" fbTx="155.6552213" lbTx="155.6552698" tId="1" fbRx="155.6552763" lbRx="0" />
<p fId="2" fbTx="155.6552213" lbTx="155.6552698" tId="1" fbRx="155.6552763" lbRx="0" />
<p fId="2" fbTx="155.6552787" lbTx="155.6553272" tId="0" fbRx="155.6553338" lbRx="0" />
<p fId="2" fbTx="155.6552787" lbTx="155.6553272" tId="1" fbRx="155.6553338" lbRx="0" />
<p fId="2" fbTx="155.6552787" lbTx="155.6553272" tId="1" fbRx="155.6553338" lbRx="0" />
<p fId="2" fbTx="155.6553342" lbTx="155.6553826" tId="0" fbRx="155.6553892" lbRx="0" />
<p fId="2" fbTx="155.6553342" lbTx="155.6553826" tId="1" fbRx="155.6553892" lbRx="0" />
<p fId="2" fbTx="155.6553342" lbTx="155.6553826" tId="1" fbRx="155.6553892" lbRx="0" />
<p fId="2" fbTx="155.6553916" lbTx="155.6554401" tId="0" fbRx="155.6554466" lbRx="0" />
<p fId="2" fbTx="155.6553916" lbTx="155.6554401" tId="1" fbRx="155.6554466" lbRx="0" />
<p fId="2" fbTx="155.6553916" lbTx="155.6554401" tId="1" fbRx="155.6554466" lbRx="0" />
<p fId="2" fbTx="155.655449" lbTx="155.6554975" tId="0" fbRx="155.6555041" lbRx="0" />
<p fId="2" fbTx="155.655449" lbTx="155.6554975" tId="1" fbRx="155.6555041" lbRx="0" />
<p fId="2" fbTx="155.655449" lbTx="155.6554975" tId="1" fbRx="155.6555041" lbRx="0" />
<p fId="2" fbTx="155.6555065" lbTx="155.655555" tId="0" fbRx="155.6555615" lbRx="0" />
<p fId="2" fbTx="155.6555065" lbTx="155.655555" tId="1" fbRx="155.6555615" lbRx="0" />
<p fId="2" fbTx="155.6555065" lbTx="155.655555" tId="1" fbRx="155.6555615" lbRx="0" />
<p fId="2" fbTx="155.6555649" lbTx="155.6556134" tId="0" fbRx="155.65562" lbRx="0" />
<p fId="2" fbTx="155.6555649" lbTx="155.6556134" tId="1" fbRx="155.65562" lbRx="0" />
<p fId="2" fbTx="155.6555649" lbTx="155.6556134" tId="1" fbRx="155.65562" lbRx="0" />
<p fId="2" fbTx="155.6556204" lbTx="155.6556688" tId="0" fbRx="155.6556754" lbRx="0" />
<p fId="2" fbTx="155.6556204" lbTx="155.6556688" tId="1" fbRx="155.6556754" lbRx="0" />
<p fId="2" fbTx="155.6556204" lbTx="155.6556688" tId="1" fbRx="155.6556754" lbRx="0" />
<p fId="2" fbTx="155.6556778" lbTx="155.6557263" tId="0" fbRx="155.6557328" lbRx="0" />
<p fId="2" fbTx="155.6556778" lbTx="155.6557263" tId="1" fbRx="155.6557328" lbRx="0" />
<p fId="2" fbTx="155.6556778" lbTx="155.6557263" tId="1" fbRx="155.6557328" lbRx="0" />
<p fId="2" fbTx="155.6557352" lbTx="155.6557837" tId="0" fbRx="155.6557903" lbRx="0" />
<p fId="2" fbTx="155.6557352" lbTx="155.6557837" tId="1" fbRx="155.6557903" lbRx="0" />
<p fId="2" fbTx="155.6557352" lbTx="155.6557837" tId="1" fbRx="155.6557903" lbRx="0" />
<p fId="2" fbTx="155.6557937" lbTx="155.6558422" tId="0" fbRx="155.6558487" lbRx="0" />
<p fId="2" fbTx="155.6557937" lbTx="155.6558422" tId="1" fbRx="155.6558487" lbRx="0" />
<p fId="2" fbTx="155.6557937" lbTx="155.6558422" tId="1" fbRx="155.6558487" lbRx="0" />
<p fId="2" fbTx="155.6558511" lbTx="155.6558996" tId="0" fbRx="155.6559062" lbRx="0" />
<p fId="2" fbTx="155.6558511" lbTx="155.6558996" tId="1" fbRx="155.6559062" lbRx="0" />
<p fId="2" fbTx="155.6558511" lbTx="155.6558996" tId="1" fbRx="155.6559062" lbRx="0" />
<p fId="2" fbTx="155.6559096" lbTx="155.655958" tId="0" fbRx="155.6559646" lbRx="0" />
<p fId="2" fbTx="155.6559096" lbTx="155.655958" tId="1" fbRx="155.6559646" lbRx="0" />
<p fId="2" fbTx="155.6559096" lbTx="155.655958" tId="1" fbRx="155.6559646" lbRx="0" />
<p fId="2" fbTx="155.655965" lbTx="155.6560135" tId="0" fbRx="155.65602" lbRx="0" />
<p fId="2" fbTx="155.655965" lbTx="155.6560135" tId="1" fbRx="155.65602" lbRx="0" />
<p fId="2" fbTx="155.655965" lbTx="155.6560135" tId="1" fbRx="155.65602" lbRx="0" />
<p fId="2" fbTx="155.6560234" lbTx="155.6560719" tId="0" fbRx="155.6560785" lbRx="0" />
<p fId="2" fbTx="155.6560234" lbTx="155.6560719" tId="1" fbRx="155.6560785" lbRx="0" />
<p fId="2" fbTx="155.6560234" lbTx="155.6560719" tId="1" fbRx="155.6560785" lbRx="0" />
<p fId="2" fbTx="155.6560809" lbTx="155.6561294" tId="0" fbRx="155.6561359" lbRx="0" />
<p fId="2" fbTx="155.6560809" lbTx="155.6561294" tId="1" fbRx="155.6561359" lbRx="0" />
<p fId="2" fbTx="155.6560809" lbTx="155.6561294" tId="1" fbRx="155.6561359" lbRx="0" />
<p fId="2" fbTx="155.6561483" lbTx="155.6561968" tId="0" fbRx="155.6562034" lbRx="0" />
<p fId="2" fbTx="155.6561483" lbTx="155.6561968" tId="1" fbRx="155.6562034" lbRx="0" />
<p fId="2" fbTx="155.6561483" lbTx="155.6561968" tId="1" fbRx="155.6562034" lbRx="0" />
<p fId="2" fbTx="155.6562048" lbTx="155.6562532" tId="0" fbRx="155.6562598" lbRx="0" />
<p fId="2" fbTx="155.6562048" lbTx="155.6562532" tId="1" fbRx="155.6562598" lbRx="0" />
<p fId="2" fbTx="155.6562048" lbTx="155.6562532" tId="1" fbRx="155.6562598" lbRx="0" />
<p fId="2" fbTx="155.6562612" lbTx="155.6563097" tId="0" fbRx="155.6563162" lbRx="0" />
<p fId="2" fbTx="155.6562612" lbTx="155.6563097" tId="1" fbRx="155.6563162" lbRx="0" />
<p fId="2" fbTx="155.6562612" lbTx="155.6563097" tId="1" fbRx="155.6563162" lbRx="0" />
<p fId="2" fbTx="155.6563166" lbTx="155.6563651" tId="0" fbRx="155.6563717" lbRx="0" />
<p fId="2" fbTx="155.6563166" lbTx="155.6563651" tId="1" fbRx="155.6563717" lbRx="0" />
<p fId="2" fbTx="155.6563166" lbTx="155.6563651" tId="1" fbRx="155.6563717" lbRx="0" />
<p fId="2" fbTx="155.6563791" lbTx="155.6564276" tId="0" fbRx="155.6564341" lbRx="0" />
<p fId="2" fbTx="155.6563791" lbTx="155.6564276" tId="1" fbRx="155.6564341" lbRx="0" />
<p fId="2" fbTx="155.6563791" lbTx="155.6564276" tId="1" fbRx="155.6564341" lbRx="0" />
<p fId="2" fbTx="155.6564365" lbTx="155.656485" tId="0" fbRx="155.6564916" lbRx="0" />
<p fId="2" fbTx="155.6564365" lbTx="155.656485" tId="1" fbRx="155.6564916" lbRx="0" />
<p fId="2" fbTx="155.6564365" lbTx="155.656485" tId="1" fbRx="155.6564916" lbRx="0" />
<p fId="2" fbTx="155.656493" lbTx="155.6565414" tId="0" fbRx="155.656548" lbRx="0" />
<p fId="2" fbTx="155.656493" lbTx="155.6565414" tId="1" fbRx="155.656548" lbRx="0" />
<p fId="2" fbTx="155.656493" lbTx="155.6565414" tId="1" fbRx="155.656548" lbRx="0" />
<p fId="2" fbTx="155.6565494" lbTx="155.6565979" tId="0" fbRx="155.6566044" lbRx="0" />
<p fId="2" fbTx="155.6565494" lbTx="155.6565979" tId="1" fbRx="155.6566044" lbRx="0" />
<p fId="2" fbTx="155.6565494" lbTx="155.6565979" tId="1" fbRx="155.6566044" lbRx="0" />
<p fId="2" fbTx="155.6566068" lbTx="155.6566553" tId="0" fbRx="155.6566619" lbRx="0" />
<p fId="2" fbTx="155.6566068" lbTx="155.6566553" tId="1" fbRx="155.6566619" lbRx="0" />
<p fId="2" fbTx="155.6566068" lbTx="155.6566553" tId="1" fbRx="155.6566619" lbRx="0" />
<p fId="2" fbTx="155.6566773" lbTx="155.6567258" tId="0" fbRx="155.6567323" lbRx="0" />
<p fId="2" fbTx="155.6566773" lbTx="155.6567258" tId="1" fbRx="155.6567323" lbRx="0" />
<p fId="2" fbTx="155.6566773" lbTx="155.6567258" tId="1" fbRx="155.6567323" lbRx="0" />
<p fId="2" fbTx="155.6567347" lbTx="155.6567832" tId="0" fbRx="155.6567898" lbRx="0" />
<p fId="2" fbTx="155.6567347" lbTx="155.6567832" tId="1" fbRx="155.6567898" lbRx="0" />
<p fId="2" fbTx="155.6567347" lbTx="155.6567832" tId="1" fbRx="155.6567898" lbRx="0" />
<p fId="2" fbTx="155.6568022" lbTx="155.6568506" tId="0" fbRx="155.6568572" lbRx="0" />
<p fId="2" fbTx="155.6568022" lbTx="155.6568506" tId="1" fbRx="155.6568572" lbRx="0" />
<p fId="2" fbTx="155.6568022" lbTx="155.6568506" tId="1" fbRx="155.6568572" lbRx="0" />
<p fId="2" fbTx="155.6568636" lbTx="155.6569121" tId="0" fbRx="155.6569186" lbRx="0" />
<p fId="2" fbTx="155.6568636" lbTx="155.6569121" tId="1" fbRx="155.6569186" lbRx="0" />
<p fId="2" fbTx="155.6568636" lbTx="155.6569121" tId="1" fbRx="155.6569186" lbRx="0" />
<p fId="2" fbTx="155.656922" lbTx="155.6569705" tId="0" fbRx="155.6569771" lbRx="0" />
<p fId="2" fbTx="155.656922" lbTx="155.6569705" tId="1" fbRx="155.6569771" lbRx="0" />
<p fId="2" fbTx="155.656922" lbTx="155.6569705" tId="1" fbRx="155.6569771" lbRx="0" />
<p fId="2" fbTx="155.6569785" lbTx="155.657027" tId="0" fbRx="155.6570335" lbRx="0" />
<p fId="2" fbTx="155.6569785" lbTx="155.657027" tId="1" fbRx="155.6570335" lbRx="0" />
<p fId="2" fbTx="155.6569785" lbTx="155.657027" tId="1" fbRx="155.6570335" lbRx="0" />
<p fId="2" fbTx="155.6570339" lbTx="155.6570824" tId="0" fbRx="155.657089" lbRx="0" />
<p fId="2" fbTx="155.6570339" lbTx="155.6570824" tId="1" fbRx="155.657089" lbRx="0" />
<p fId="2" fbTx="155.6570339" lbTx="155.6570824" tId="1" fbRx="155.657089" lbRx="0" />
<p fId="2" fbTx="155.6570914" lbTx="155.6571398" tId="0" fbRx="155.6571464" lbRx="0" />
<p fId="2" fbTx="155.6570914" lbTx="155.6571398" tId="1" fbRx="155.6571464" lbRx="0" />
<p fId="2" fbTx="155.6570914" lbTx="155.6571398" tId="1" fbRx="155.6571464" lbRx="0" />
<p fId="2" fbTx="155.6571478" lbTx="155.6571963" tId="0" fbRx="155.6572028" lbRx="0" />
<p fId="2" fbTx="155.6571478" lbTx="155.6571963" tId="1" fbRx="155.6572028" lbRx="0" />
<p fId="2" fbTx="155.6571478" lbTx="155.6571963" tId="1" fbRx="155.6572028" lbRx="0" />
<p fId="2" fbTx="155.6572062" lbTx="155.6572547" tId="0" fbRx="155.6572613" lbRx="0" />
<p fId="2" fbTx="155.6572062" lbTx="155.6572547" tId="1" fbRx="155.6572613" lbRx="0" />
<p fId="2" fbTx="155.6572062" lbTx="155.6572547" tId="1" fbRx="155.6572613" lbRx="0" />
<p fId="1" fbTx="155.6572624" lbTx="155.657268" tId="0" fbRx="155.6572746" lbRx="0" />
<p fId="1" fbTx="155.6572624" lbTx="155.657268" tId="2" fbRx="155.6572746" lbRx="0" />
<p fId="1" fbTx="155.6572624" lbTx="155.657268" tId="2" fbRx="155.6572746" lbRx="0" />
<p fId="1" fbTx="155.657277" lbTx="155.6572826" tId="0" fbRx="155.6572892" lbRx="0" />
<p fId="1" fbTx="155.657277" lbTx="155.6572826" tId="2" fbRx="155.6572892" lbRx="0" />
<p fId="1" fbTx="155.657277" lbTx="155.6572826" tId="2" fbRx="155.6572892" lbRx="0" />
<p fId="1" fbTx="155.6572926" lbTx="155.6572982" tId="0" fbRx="155.6573047" lbRx="0" />
<p fId="1" fbTx="155.6572926" lbTx="155.6572982" tId="2" fbRx="155.6573047" lbRx="0" />
<p fId="1" fbTx="155.6572926" lbTx="155.6572982" tId="2" fbRx="155.6573047" lbRx="0" />
<p fId="1" fbTx="155.6573061" lbTx="155.6573117" tId="0" fbRx="155.6573183" lbRx="0" />
<p fId="1" fbTx="155.6573061" lbTx="155.6573117" tId="2" fbRx="155.6573183" lbRx="0" />
<p fId="1" fbTx="155.6573061" lbTx="155.6573117" tId="2" fbRx="155.6573183" lbRx="0" />
<p fId="1" fbTx="155.6573277" lbTx="155.6573333" tId="0" fbRx="155.6573398" lbRx="0" />
<p fId="1" fbTx="155.6573277" lbTx="155.6573333" tId="2" fbRx="155.6573398" lbRx="0" />
<p fId="1" fbTx="155.6573277" lbTx="155.6573333" tId="2" fbRx="155.6573398" lbRx="0" />
<p fId="1" fbTx="155.6573412" lbTx="155.6573468" tId="0" fbRx="155.6573534" lbRx="0" />
<p fId="1" fbTx="155.6573412" lbTx="155.6573468" tId="2" fbRx="155.6573534" lbRx="0" />
<p fId="1" fbTx="155.6573412" lbTx="155.6573468" tId="2" fbRx="155.6573534" lbRx="0" />
<p fId="1" fbTx="155.6573548" lbTx="155.6573604" tId="0" fbRx="155.657367" lbRx="0" />
<p fId="1" fbTx="155.6573548" lbTx="155.6573604" tId="2" fbRx="155.657367" lbRx="0" />
<p fId="1" fbTx="155.6573548" lbTx="155.6573604" tId="2" fbRx="155.657367" lbRx="0" />
<p fId="1" fbTx="155.6573794" lbTx="155.657385" tId="0" fbRx="155.6573915" lbRx="0" />
<p fId="1" fbTx="155.6573794" lbTx="155.657385" tId="2" fbRx="155.6573915" lbRx="0" />
<p fId="1" fbTx="155.6573794" lbTx="155.657385" tId="2" fbRx="155.6573915" lbRx="0" />
<p fId="1" fbTx="155.6573949" lbTx="155.6574005" tId="0" fbRx="155.6574071" lbRx="0" />
<p fId="1" fbTx="155.6573949" lbTx="155.6574005" tId="2" fbRx="155.6574071" lbRx="0" />
<p fId="1" fbTx="155.6573949" lbTx="155.6574005" tId="2" fbRx="155.6574071" lbRx="0" />
<p fId="1" fbTx="155.6574085" lbTx="155.6574141" tId="0" fbRx="155.6574206" lbRx="0" />
<p fId="1" fbTx="155.6574085" lbTx="155.6574141" tId="2" fbRx="155.6574206" lbRx="0" />
<p fId="1" fbTx="155.6574085" lbTx="155.6574141" tId="2" fbRx="155.6574206" lbRx="0" />
<p fId="1" fbTx="155.657425" lbTx="155.6574306" tId="0" fbRx="155.6574372" lbRx="0" />
<p fId="1" fbTx="155.657425" lbTx="155.6574306" tId="2" fbRx="155.6574372" lbRx="0" />
<p fId="1" fbTx="155.657425" lbTx="155.6574306" tId="2" fbRx="155.6574372" lbRx="0" />
<p fId="1" fbTx="155.6574386" lbTx="155.6574442" tId="0" fbRx="155.6574508" lbRx="0" />
<p fId="1" fbTx="155.6574386" lbTx="155.6574442" tId="2" fbRx="155.6574508" lbRx="0" />
<p fId="1" fbTx="155.6574386" lbTx="155.6574442" tId="2" fbRx="155.6574508" lbRx="0" />
<p fId="1" fbTx="155.6574602" lbTx="155.6574658" tId="0" fbRx="155.6574723" lbRx="0" />
<p fId="1" fbTx="155.6574602" lbTx="155.6574658" tId="2" fbRx="155.6574723" lbRx="0" />
<p fId="1" fbTx="155.6574602" lbTx="155.6574658" tId="2" fbRx="155.6574723" lbRx="0" />
<p fId="1" fbTx="155.6574757" lbTx="155.6574813" tId="0" fbRx="155.6574879" lbRx="0" />
<p fId="1" fbTx="155.6574757" lbTx="155.6574813" tId="2" fbRx="155.6574879" lbRx="0" />
<p fId="1" fbTx="155.6574757" lbTx="155.6574813" tId="2" fbRx="155.6574879" lbRx="0" />
<p fId="1" fbTx="155.6574893" lbTx="155.6574949" tId="0" fbRx="155.6575014" lbRx="0" />
<p fId="1" fbTx="155.6574893" lbTx="155.6574949" tId="2" fbRx="155.6575014" lbRx="0" />
<p fId="1" fbTx="155.6574893" lbTx="155.6574949" tId="2" fbRx="155.6575014" lbRx="0" />
<p fId="1" fbTx="155.6575038" lbTx="155.6575094" tId="0" fbRx="155.657516" lbRx="0" />
<p fId="1" fbTx="155.6575038" lbTx="155.6575094" tId="2" fbRx="155.657516" lbRx="0" />
<p fId="1" fbTx="155.6575038" lbTx="155.6575094" tId="2" fbRx="155.657516" lbRx="0" />
<p fId="1" fbTx="155.6575184" lbTx="155.657524" tId="0" fbRx="155.6575306" lbRx="0" />
<p fId="1" fbTx="155.6575184" lbTx="155.657524" tId="2" fbRx="155.6575306" lbRx="0" />
<p fId="1" fbTx="155.6575184" lbTx="155.657524" tId="2" fbRx="155.6575306" lbRx="0" />
<p fId="1" fbTx="155.657531" lbTx="155.6575366" tId="0" fbRx="155.6575431" lbRx="0" />
<p fId="1" fbTx="155.657531" lbTx="155.6575366" tId="2" fbRx="155.6575431" lbRx="0" />
<p fId="1" fbTx="155.657531" lbTx="155.6575366" tId="2" fbRx="155.6575431" lbRx="0" />
<p fId="1" fbTx="155.6575535" lbTx="155.6575591" tId="0" fbRx="155.6575657" lbRx="0" />
<p fId="1" fbTx="155.6575535" lbTx="155.6575591" tId="2" fbRx="155.6575657" lbRx="0" />
<p fId="1" fbTx="155.6575535" lbTx="155.6575591" tId="2" fbRx="155.6575657" lbRx="0" />
<p fId="1" fbTx="155.6575671" lbTx="155.6575727" tId="0" fbRx="155.6575792" lbRx="0" />
<p fId="1" fbTx="155.6575671" lbTx="155.6575727" tId="2" fbRx="155.6575792" lbRx="0" />
<p fId="1" fbTx="155.6575671" lbTx="155.6575727" tId="2" fbRx="155.6575792" lbRx="0" />
<p fId="1" fbTx="155.6575806" lbTx="155.6575862" tId="0" fbRx="155.6575928" lbRx="0" />
<p fId="1" fbTx="155.6575806" lbTx="155.6575862" tId="2" fbRx="155.6575928" lbRx="0" />
<p fId="1" fbTx="155.6575806" lbTx="155.6575862" tId="2" fbRx="155.6575928" lbRx="0" />
<p fId="1" fbTx="155.6575942" lbTx="155.6575998" tId="0" fbRx="155.6576064" lbRx="0" />
<p fId="1" fbTx="155.6575942" lbTx="155.6575998" tId="2" fbRx="155.6576064" lbRx="0" />
<p fId="1" fbTx="155.6575942" lbTx="155.6575998" tId="2" fbRx="155.6576064" lbRx="0" />
<p fId="1" fbTx="155.6576068" lbTx="155.6576124" tId="0" fbRx="155.6576189" lbRx="0" />
<p fId="1" fbTx="155.6576068" lbTx="155.6576124" tId="2" fbRx="155.6576189" lbRx="0" />
<p fId="1" fbTx="155.6576068" lbTx="155.6576124" tId="2" fbRx="155.6576189" lbRx="0" />
<p fId="1" fbTx="155.6576223" lbTx="155.6576279" tId="0" fbRx="155.6576345" lbRx="0" />
<p fId="1" fbTx="155.6576223" lbTx="155.6576279" tId="2" fbRx="155.6576345" lbRx="0" />
<p fId="1" fbTx="155.6576223" lbTx="155.6576279" tId="2" fbRx="155.6576345" lbRx="0" />
<p fId="1" fbTx="155.6576359" lbTx="155.6576415" tId="0" fbRx="155.657648" lbRx="0" />
<p fId="1" fbTx="155.6576359" lbTx="155.6576415" tId="2" fbRx="155.657648" lbRx="0" />
<p fId="1" fbTx="155.6576359" lbTx="155.6576415" tId="2" fbRx="155.657648" lbRx="0" />
<p fId="1" fbTx="155.6576504" lbTx="155.657656" tId="0" fbRx="155.6576626" lbRx="0" />
<p fId="1" fbTx="155.6576504" lbTx="155.657656" tId="2" fbRx="155.6576626" lbRx="0" />
<p fId="1" fbTx="155.6576504" lbTx="155.657656" tId="2" fbRx="155.6576626" lbRx="0" />
<p fId="1" fbTx="155.657671" lbTx="155.6576766" tId="0" fbRx="155.6576832" lbRx="0" />
<p fId="1" fbTx="155.657671" lbTx="155.6576766" tId="2" fbRx="155.6576832" lbRx="0" />
<p fId="1" fbTx="155.657671" lbTx="155.6576766" tId="2" fbRx="155.6576832" lbRx="0" />
<p fId="1" fbTx="155.6576846" lbTx="155.6576902" tId="0" fbRx="155.6576967" lbRx="0" />
<p fId="1" fbTx="155.6576846" lbTx="155.6576902" tId="2" fbRx="155.6576967" lbRx="0" />
<p fId="1" fbTx="155.6576846" lbTx="155.6576902" tId="2" fbRx="155.6576967" lbRx="0" />
<p fId="1" fbTx="155.6576991" lbTx="155.6577047" tId="0" fbRx="155.6577113" lbRx="0" />
<p fId="1" fbTx="155.6576991" lbTx="155.6577047" tId="2" fbRx="155.6577113" lbRx="0" />
<p fId="1" fbTx="155.6576991" lbTx="155.6577047" tId="2" fbRx="155.6577113" lbRx="0" />
<p fId="1" fbTx="155.6577137" lbTx="155.6577193" tId="0" fbRx="155.6577258" lbRx="0" />
<p fId="1" fbTx="155.6577137" lbTx="155.6577193" tId="2" fbRx="155.6577258" lbRx="0" />
<p fId="1" fbTx="155.6577137" lbTx="155.6577193" tId="2" fbRx="155.6577258" lbRx="0" />
<p fId="1" fbTx="155.6577272" lbTx="155.6577328" tId="0" fbRx="155.6577394" lbRx="0" />
<p fId="1" fbTx="155.6577272" lbTx="155.6577328" tId="2" fbRx="155.6577394" lbRx="0" />
<p fId="1" fbTx="155.6577272" lbTx="155.6577328" tId="2" fbRx="155.6577394" lbRx="0" />
<p fId="1" fbTx="155.6577428" lbTx="155.6577484" tId="0" fbRx="155.657755" lbRx="0" />
<p fId="1" fbTx="155.6577428" lbTx="155.6577484" tId="2" fbRx="155.657755" lbRx="0" />
<p fId="1" fbTx="155.6577428" lbTx="155.6577484" tId="2" fbRx="155.657755" lbRx="0" />
<p fId="1" fbTx="155.6577574" lbTx="155.657763" tId="0" fbRx="155.6577695" lbRx="0" />
<p fId="1" fbTx="155.6577574" lbTx="155.657763" tId="2" fbRx="155.6577695" lbRx="0" />
<p fId="1" fbTx="155.6577574" lbTx="155.657763" tId="2" fbRx="155.6577695" lbRx="0" />
<p fId="1" fbTx="155.6577699" lbTx="155.6577755" tId="0" fbRx="155.6577821" lbRx="0" />
<p fId="1" fbTx="155.6577699" lbTx="155.6577755" tId="2" fbRx="155.6577821" lbRx="0" />
<p fId="1" fbTx="155.6577699" lbTx="155.6577755" tId="2" fbRx="155.6577821" lbRx="0" />
<p fId="1" fbTx="155.6577825" lbTx="155.6577881" tId="0" fbRx="155.6577946" lbRx="0" />
<p fId="1" fbTx="155.6577825" lbTx="155.6577881" tId="2" fbRx="155.6577946" lbRx="0" />
<p fId="1" fbTx="155.6577825" lbTx="155.6577881" tId="2" fbRx="155.6577946" lbRx="0" />
<p fId="1" fbTx="155.657796" lbTx="155.6578016" tId="0" fbRx="155.6578082" lbRx="0" />
<p fId="1" fbTx="155.657796" lbTx="155.6578016" tId="2" fbRx="155.6578082" lbRx="0" />
<p fId="1" fbTx="155.657796" lbTx="155.6578016" tId="2" fbRx="155.6578082" lbRx="0" />
<p fId="1" fbTx="155.6578126" lbTx="155.6578182" tId="0" fbRx="155.6578248" lbRx="0" />
<p fId="1" fbTx="155.6578126" lbTx="155.6578182" tId="2" fbRx="155.6578248" lbRx="0" />
<p fId="1" fbTx="155.6578126" lbTx="155.6578182" tId="2" fbRx="155.6578248" lbRx="0" />
<p fId="1" fbTx="155.6578252" lbTx="155.6578308" tId="0" fbRx="155.6578373" lbRx="0" />
<p fId="1" fbTx="155.6578252" lbTx="155.6578308" tId="2" fbRx="155.6578373" lbRx="0" />
<p fId="1" fbTx="155.6578252" lbTx="155.6578308" tId="2" fbRx="155.6578373" lbRx="0" />
<p fId="1" fbTx="155.6578377" lbTx="155.6578433" tId="0" fbRx="155.6578499" lbRx="0" />
<p fId="1" fbTx="155.6578377" lbTx="155.6578433" tId="2" fbRx="155.6578499" lbRx="0" />
<p fId="1" fbTx="155.6578377" lbTx="155.6578433" tId="2" fbRx="155.6578499" lbRx="0" />
<p fId="1" fbTx="155.6578533" lbTx="155.6578589" tId="0" fbRx="155.6578654" lbRx="0" />
<p fId="1" fbTx="155.6578533" lbTx="155.6578589" tId="2" fbRx="155.6578654" lbRx="0" />
<p fId="1" fbTx="155.6578533" lbTx="155.6578589" tId="2" fbRx="155.6578654" lbRx="0" />
<p fId="1" fbTx="155.6578788" lbTx="155.6578844" tId="0" fbRx="155.657891" lbRx="0" />
<p fId="1" fbTx="155.6578788" lbTx="155.6578844" tId="2" fbRx="155.657891" lbRx="0" />
<p fId="1" fbTx="155.6578788" lbTx="155.6578844" tId="2" fbRx="155.657891" lbRx="0" />
<p fId="1" fbTx="155.6578934" lbTx="155.657899" tId="0" fbRx="155.6579056" lbRx="0" />
<p fId="1" fbTx="155.6578934" lbTx="155.657899" tId="2" fbRx="155.6579056" lbRx="0" />
<p fId="1" fbTx="155.6578934" lbTx="155.657899" tId="2" fbRx="155.6579056" lbRx="0" />
<p fId="1" fbTx="155.657909" lbTx="155.6579146" tId="0" fbRx="155.6579211" lbRx="0" />
<p fId="1" fbTx="155.657909" lbTx="155.6579146" tId="2" fbRx="155.6579211" lbRx="0" />
<p fId="1" fbTx="155.657909" lbTx="155.6579146" tId="2" fbRx="155.6579211" lbRx="0" />
<p fId="1" fbTx="155.6579315" lbTx="155.6579371" tId="0" fbRx="155.6579437" lbRx="0" />
<p fId="1" fbTx="155.6579315" lbTx="155.6579371" tId="2" fbRx="155.6579437" lbRx="0" />
<p fId="1" fbTx="155.6579315" lbTx="155.6579371" tId="2" fbRx="155.6579437" lbRx="0" />
<p fId="2" fbTx="155.6585327" lbTx="155.6585812" tId="0" fbRx="155.6585877" lbRx="0" />
<p fId="2" fbTx="155.6585327" lbTx="155.6585812" tId="1" fbRx="155.6585877" lbRx="0" />
<p fId="2" fbTx="155.6585327" lbTx="155.6585812" tId="1" fbRx="155.6585877" lbRx="0" />
<p fId="2" fbTx="155.6585901" lbTx="155.6586386" tId="0" fbRx="155.6586452" lbRx="0" />
<p fId="2" fbTx="155.6585901" lbTx="155.6586386" tId="1" fbRx="155.6586452" lbRx="0" />
<p fId="2" fbTx="155.6585901" lbTx="155.6586386" tId="1" fbRx="155.6586452" lbRx="0" />
<p fId="1" fbTx="155.6586462" lbTx="155.6586518" tId="0" fbRx="155.6586583" lbRx="0" />
<p fId="1" fbTx="155.6586462" lbTx="155.6586518" tId="2" fbRx="155.6586583" lbRx="0" />
<p fId="1" fbTx="155.6586462" lbTx="155.6586518" tId="2" fbRx="155.6586583" lbRx="0" />
<p fId="2" fbTx="155.6586586" lbTx="155.658707" tId="0" fbRx="155.6587136" lbRx="0" />
<p fId="2" fbTx="155.6586586" lbTx="155.658707" tId="1" fbRx="155.6587136" lbRx="0" />
<p fId="2" fbTx="155.6586586" lbTx="155.658707" tId="1" fbRx="155.6587136" lbRx="0" />
<p fId="2" fbTx="155.658725" lbTx="155.6587735" tId="0" fbRx="155.65878" lbRx="0" />
<p fId="2" fbTx="155.658725" lbTx="155.6587735" tId="1" fbRx="155.65878" lbRx="0" />
<p fId="2" fbTx="155.658725" lbTx="155.6587735" tId="1" fbRx="155.65878" lbRx="0" />
<p fId="1" fbTx="155.658781" lbTx="155.6587866" tId="0" fbRx="155.6587932" lbRx="0" />
<p fId="1" fbTx="155.658781" lbTx="155.6587866" tId="2" fbRx="155.6587932" lbRx="0" />
<p fId="1" fbTx="155.658781" lbTx="155.6587866" tId="2" fbRx="155.6587932" lbRx="0" />
<p fId="2" fbTx="155.6588324" lbTx="155.6588809" tId="0" fbRx="155.6588875" lbRx="0" />
<p fId="2" fbTx="155.6588324" lbTx="155.6588809" tId="1" fbRx="155.6588875" lbRx="0" />
<p fId="2" fbTx="155.6588324" lbTx="155.6588809" tId="1" fbRx="155.6588875" lbRx="0" />
<p fId="2" fbTx="155.6588959" lbTx="155.6589444" tId="0" fbRx="155.6589509" lbRx="0" />
<p fId="2" fbTx="155.6588959" lbTx="155.6589444" tId="1" fbRx="155.6589509" lbRx="0" />
<p fId="2" fbTx="155.6588959" lbTx="155.6589444" tId="1" fbRx="155.6589509" lbRx="0" />
<p fId="1" fbTx="155.6589519" lbTx="155.6589575" tId="0" fbRx="155.6589641" lbRx="0" />
<p fId="1" fbTx="155.6589519" lbTx="155.6589575" tId="2" fbRx="155.6589641" lbRx="0" />
<p fId="1" fbTx="155.6589519" lbTx="155.6589575" tId="2" fbRx="155.6589641" lbRx="0" />
<p fId="2" fbTx="155.6589673" lbTx="155.6590158" tId="0" fbRx="155.6590224" lbRx="0" />
<p fId="2" fbTx="155.6589673" lbTx="155.6590158" tId="1" fbRx="155.6590224" lbRx="0" />
<p fId="2" fbTx="155.6589673" lbTx="155.6590158" tId="1" fbRx="155.6590224" lbRx="0" />
<p fId="2" fbTx="155.6590248" lbTx="155.6590732" tId="0" fbRx="155.6590798" lbRx="0" />
<p fId="2" fbTx="155.6590248" lbTx="155.6590732" tId="1" fbRx="155.6590798" lbRx="0" />
<p fId="2" fbTx="155.6590248" lbTx="155.6590732" tId="1" fbRx="155.6590798" lbRx="0" />
<p fId="1" fbTx="155.6590808" lbTx="155.6590864" tId="0" fbRx="155.659093" lbRx="0" />
<p fId="1" fbTx="155.6590808" lbTx="155.6590864" tId="2" fbRx="155.659093" lbRx="0" />
<p fId="1" fbTx="155.6590808" lbTx="155.6590864" tId="2" fbRx="155.659093" lbRx="0" />
<p fId="2" fbTx="155.6591032" lbTx="155.6591517" tId="0" fbRx="155.6591582" lbRx="0" />
<p fId="2" fbTx="155.6591032" lbTx="155.6591517" tId="1" fbRx="155.6591582" lbRx="0" />
<p fId="2" fbTx="155.6591032" lbTx="155.6591517" tId="1" fbRx="155.6591582" lbRx="0" />
<p fId="2" fbTx="155.6591616" lbTx="155.6592101" tId="0" fbRx="155.6592167" lbRx="0" />
<p fId="2" fbTx="155.6591616" lbTx="155.6592101" tId="1" fbRx="155.6592167" lbRx="0" />
<p fId="2" fbTx="155.6591616" lbTx="155.6592101" tId="1" fbRx="155.6592167" lbRx="0" />
<p fId="1" fbTx="155.6592177" lbTx="155.6592233" tId="0" fbRx="155.6592298" lbRx="0" />
<p fId="1" fbTx="155.6592177" lbTx="155.6592233" tId="2" fbRx="155.6592298" lbRx="0" />
<p fId="1" fbTx="155.6592177" lbTx="155.6592233" tId="2" fbRx="155.6592298" lbRx="0" />
<p fId="2" fbTx="155.6592351" lbTx="155.6592836" tId="0" fbRx="155.6592901" lbRx="0" />
<p fId="2" fbTx="155.6592351" lbTx="155.6592836" tId="1" fbRx="155.6592901" lbRx="0" />
<p fId="2" fbTx="155.6592351" lbTx="155.6592836" tId="1" fbRx="155.6592901" lbRx="0" />
<p fId="2" fbTx="155.6592925" lbTx="155.659341" tId="0" fbRx="155.6593476" lbRx="0" />
<p fId="2" fbTx="155.6592925" lbTx="155.659341" tId="1" fbRx="155.6593476" lbRx="0" />
<p fId="2" fbTx="155.6592925" lbTx="155.659341" tId="1" fbRx="155.6593476" lbRx="0" />
<p fId="1" fbTx="155.6593486" lbTx="155.6593542" tId="0" fbRx="155.6593607" lbRx="0" />
<p fId="1" fbTx="155.6593486" lbTx="155.6593542" tId="2" fbRx="155.6593607" lbRx="0" />
<p fId="1" fbTx="155.6593486" lbTx="155.6593542" tId="2" fbRx="155.6593607" lbRx="0" />
<p fId="2" fbTx="155.659376" lbTx="155.6594244" tId="0" fbRx="155.659431" lbRx="0" />
<p fId="2" fbTx="155.659376" lbTx="155.6594244" tId="1" fbRx="155.659431" lbRx="0" />
<p fId="2" fbTx="155.659376" lbTx="155.6594244" tId="1" fbRx="155.659431" lbRx="0" />
<p fId="2" fbTx="155.6594344" lbTx="155.6594829" tId="0" fbRx="155.6594894" lbRx="0" />
<p fId="2" fbTx="155.6594344" lbTx="155.6594829" tId="1" fbRx="155.6594894" lbRx="0" />
<p fId="2" fbTx="155.6594344" lbTx="155.6594829" tId="1" fbRx="155.6594894" lbRx="0" />
<p fId="1" fbTx="155.6594904" lbTx="155.659496" tId="0" fbRx="155.6595026" lbRx="0" />
<p fId="1" fbTx="155.6594904" lbTx="155.659496" tId="2" fbRx="155.6595026" lbRx="0" />
<p fId="1" fbTx="155.6594904" lbTx="155.659496" tId="2" fbRx="155.6595026" lbRx="0" />
<p fId="2" fbTx="155.6595358" lbTx="155.6595843" tId="0" fbRx="155.6595909" lbRx="0" />
<p fId="2" fbTx="155.6595358" lbTx="155.6595843" tId="1" fbRx="155.6595909" lbRx="0" />
<p fId="2" fbTx="155.6595358" lbTx="155.6595843" tId="1" fbRx="155.6595909" lbRx="0" />
<p fId="2" fbTx="155.6596023" lbTx="155.6596508" tId="0" fbRx="155.6596573" lbRx="0" />
<p fId="2" fbTx="155.6596023" lbTx="155.6596508" tId="1" fbRx="155.6596573" lbRx="0" />
<p fId="2" fbTx="155.6596023" lbTx="155.6596508" tId="1" fbRx="155.6596573" lbRx="0" />
<p fId="1" fbTx="155.6596583" lbTx="155.6596639" tId="0" fbRx="155.6596705" lbRx="0" />
<p fId="1" fbTx="155.6596583" lbTx="155.6596639" tId="2" fbRx="155.6596705" lbRx="0" />
<p fId="1" fbTx="155.6596583" lbTx="155.6596639" tId="2" fbRx="155.6596705" lbRx="0" />
<p fId="2" fbTx="155.6596737" lbTx="155.6597222" tId="0" fbRx="155.6597288" lbRx="0" />
<p fId="2" fbTx="155.6596737" lbTx="155.6597222" tId="1" fbRx="155.6597288" lbRx="0" />
<p fId="2" fbTx="155.6596737" lbTx="155.6597222" tId="1" fbRx="155.6597288" lbRx="0" />
<p fId="2" fbTx="155.6597312" lbTx="155.6597796" tId="0" fbRx="155.6597862" lbRx="0" />
<p fId="2" fbTx="155.6597312" lbTx="155.6597796" tId="1" fbRx="155.6597862" lbRx="0" />
<p fId="2" fbTx="155.6597312" lbTx="155.6597796" tId="1" fbRx="155.6597862" lbRx="0" />
<p fId="1" fbTx="155.6597872" lbTx="155.6597928" tId="0" fbRx="155.6597994" lbRx="0" />
<p fId="1" fbTx="155.6597872" lbTx="155.6597928" tId="2" fbRx="155.6597994" lbRx="0" />
<p fId="1" fbTx="155.6597872" lbTx="155.6597928" tId="2" fbRx="155.6597994" lbRx="0" />
<p fId="2" fbTx="155.6598126" lbTx="155.6598611" tId="0" fbRx="155.6598676" lbRx="0" />
<p fId="2" fbTx="155.6598126" lbTx="155.6598611" tId="1" fbRx="155.6598676" lbRx="0" />
<p fId="2" fbTx="155.6598126" lbTx="155.6598611" tId="1" fbRx="155.6598676" lbRx="0" />
<p fId="2" fbTx="155.659869" lbTx="155.6599175" tId="0" fbRx="155.6599241" lbRx="0" />
<p fId="2" fbTx="155.659869" lbTx="155.6599175" tId="1" fbRx="155.6599241" lbRx="0" />
<p fId="2" fbTx="155.659869" lbTx="155.6599175" tId="1" fbRx="155.6599241" lbRx="0" />
<p fId="1" fbTx="155.6599251" lbTx="155.6599307" tId="0" fbRx="155.6599372" lbRx="0" />
<p fId="1" fbTx="155.6599251" lbTx="155.6599307" tId="2" fbRx="155.6599372" lbRx="0" />
<p fId="1" fbTx="155.6599251" lbTx="155.6599307" tId="2" fbRx="155.6599372" lbRx="0" />
<p fId="2" fbTx="155.6599385" lbTx="155.659987" tId="0" fbRx="155.6599935" lbRx="0" />
<p fId="2" fbTx="155.6599385" lbTx="155.659987" tId="1" fbRx="155.6599935" lbRx="0" />
<p fId="2" fbTx="155.6599385" lbTx="155.659987" tId="1" fbRx="155.6599935" lbRx="0" />
<p fId="2" fbTx="155.6600219" lbTx="155.6600704" tId="0" fbRx="155.660077" lbRx="0" />
<p fId="2" fbTx="155.6600219" lbTx="155.6600704" tId="1" fbRx="155.660077" lbRx="0" />
<p fId="2" fbTx="155.6600219" lbTx="155.6600704" tId="1" fbRx="155.660077" lbRx="0" />
<p fId="1" fbTx="155.660078" lbTx="155.6600836" tId="0" fbRx="155.6600901" lbRx="0" />
<p fId="1" fbTx="155.660078" lbTx="155.6600836" tId="2" fbRx="155.6600901" lbRx="0" />
<p fId="1" fbTx="155.660078" lbTx="155.6600836" tId="2" fbRx="155.6600901" lbRx="0" />
<p fId="2" fbTx="155.6601104" lbTx="155.6601588" tId="0" fbRx="155.6601654" lbRx="0" />
<p fId="2" fbTx="155.6601104" lbTx="155.6601588" tId="1" fbRx="155.6601654" lbRx="0" />
<p fId="2" fbTx="155.6601104" lbTx="155.6601588" tId="1" fbRx="155.6601654" lbRx="0" />
<p fId="2" fbTx="155.6601768" lbTx="155.6602253" tId="0" fbRx="155.6602318" lbRx="0" />
<p fId="2" fbTx="155.6601768" lbTx="155.6602253" tId="1" fbRx="155.6602318" lbRx="0" />
<p fId="2" fbTx="155.6601768" lbTx="155.6602253" tId="1" fbRx="155.6602318" lbRx="0" />
<p fId="2" fbTx="155.6602322" lbTx="155.6602807" tId="0" fbRx="155.6602873" lbRx="0" />
<p fId="2" fbTx="155.6602322" lbTx="155.6602807" tId="1" fbRx="155.6602873" lbRx="0" />
<p fId="2" fbTx="155.6602322" lbTx="155.6602807" tId="1" fbRx="155.6602873" lbRx="0" />
<p fId="2" fbTx="155.6602877" lbTx="155.6603362" tId="0" fbRx="155.6603427" lbRx="0" />
<p fId="2" fbTx="155.6602877" lbTx="155.6603362" tId="1" fbRx="155.6603427" lbRx="0" />
<p fId="2" fbTx="155.6602877" lbTx="155.6603362" tId="1" fbRx="155.6603427" lbRx="0" />
<p fId="1" fbTx="155.6603428" lbTx="155.6603484" tId="0" fbRx="155.660355" lbRx="0" />
<p fId="1" fbTx="155.6603428" lbTx="155.6603484" tId="2" fbRx="155.660355" lbRx="0" />
<p fId="1" fbTx="155.6603428" lbTx="155.6603484" tId="2" fbRx="155.660355" lbRx="0" />
<p fId="1" fbTx="155.6603584" lbTx="155.660364" tId="0" fbRx="155.6603706" lbRx="0" />
<p fId="1" fbTx="155.6603584" lbTx="155.660364" tId="2" fbRx="155.6603706" lbRx="0" />
<p fId="1" fbTx="155.6603584" lbTx="155.660364" tId="2" fbRx="155.6603706" lbRx="0" />
<p fId="2" fbTx="155.6603961" lbTx="155.6604446" tId="0" fbRx="155.6604512" lbRx="0" />
<p fId="2" fbTx="155.6603961" lbTx="155.6604446" tId="1" fbRx="155.6604512" lbRx="0" />
<p fId="2" fbTx="155.6603961" lbTx="155.6604446" tId="1" fbRx="155.6604512" lbRx="0" />
<p fId="2" fbTx="155.6604536" lbTx="155.660502" tId="0" fbRx="155.6605086" lbRx="0" />
<p fId="2" fbTx="155.6604536" lbTx="155.660502" tId="1" fbRx="155.6605086" lbRx="0" />
<p fId="2" fbTx="155.6604536" lbTx="155.660502" tId="1" fbRx="155.6605086" lbRx="0" />
<p fId="2" fbTx="155.660509" lbTx="155.6605575" tId="0" fbRx="155.660564" lbRx="0" />
<p fId="2" fbTx="155.660509" lbTx="155.6605575" tId="1" fbRx="155.660564" lbRx="0" />
<p fId="2" fbTx="155.660509" lbTx="155.6605575" tId="1" fbRx="155.660564" lbRx="0" />
<p fId="2" fbTx="155.6605654" lbTx="155.6606139" tId="0" fbRx="155.6606205" lbRx="0" />
<p fId="2" fbTx="155.6605654" lbTx="155.6606139" tId="1" fbRx="155.6606205" lbRx="0" />
<p fId="2" fbTx="155.6605654" lbTx="155.6606139" tId="1" fbRx="155.6606205" lbRx="0" />
<p fId="2" fbTx="155.6606209" lbTx="155.6606694" tId="0" fbRx="155.6606759" lbRx="0" />
<p fId="2" fbTx="155.6606209" lbTx="155.6606694" tId="1" fbRx="155.6606759" lbRx="0" />
<p fId="2" fbTx="155.6606209" lbTx="155.6606694" tId="1" fbRx="155.6606759" lbRx="0" />
<p fId="2" fbTx="155.6606803" lbTx="155.6607288" tId="0" fbRx="155.6607354" lbRx="0" />
<p fId="2" fbTx="155.6606803" lbTx="155.6607288" tId="1" fbRx="155.6607354" lbRx="0" />
<p fId="2" fbTx="155.6606803" lbTx="155.6607288" tId="1" fbRx="155.6607354" lbRx="0" />
<p fId="2" fbTx="155.6607408" lbTx="155.6607892" tId="0" fbRx="155.6607958" lbRx="0" />
<p fId="2" fbTx="155.6607408" lbTx="155.6607892" tId="1" fbRx="155.6607958" lbRx="0" />
<p fId="2" fbTx="155.6607408" lbTx="155.6607892" tId="1" fbRx="155.6607958" lbRx="0" />
<p fId="2" fbTx="155.6607982" lbTx="155.6608467" tId="0" fbRx="155.6608532" lbRx="0" />
<p fId="2" fbTx="155.6607982" lbTx="155.6608467" tId="1" fbRx="155.6608532" lbRx="0" />
<p fId="2" fbTx="155.6607982" lbTx="155.6608467" tId="1" fbRx="155.6608532" lbRx="0" />
<p fId="2" fbTx="155.6608546" lbTx="155.6609031" tId="0" fbRx="155.6609097" lbRx="0" />
<p fId="2" fbTx="155.6608546" lbTx="155.6609031" tId="1" fbRx="155.6609097" lbRx="0" />
<p fId="2" fbTx="155.6608546" lbTx="155.6609031" tId="1" fbRx="155.6609097" lbRx="0" />
<p fId="2" fbTx="155.6609121" lbTx="155.6609606" tId="0" fbRx="155.6609671" lbRx="0" />
<p fId="2" fbTx="155.6609121" lbTx="155.6609606" tId="1" fbRx="155.6609671" lbRx="0" />
<p fId="2" fbTx="155.6609121" lbTx="155.6609606" tId="1" fbRx="155.6609671" lbRx="0" />
<p fId="2" fbTx="155.6609695" lbTx="155.661018" tId="0" fbRx="155.6610246" lbRx="0" />
<p fId="2" fbTx="155.6609695" lbTx="155.661018" tId="1" fbRx="155.6610246" lbRx="0" />
<p fId="2" fbTx="155.6609695" lbTx="155.661018" tId="1" fbRx="155.6610246" lbRx="0" />
<p fId="2" fbTx="155.661035" lbTx="155.6610834" tId="0" fbRx="155.66109" lbRx="0" />
<p fId="2" fbTx="155.661035" lbTx="155.6610834" tId="1" fbRx="155.66109" lbRx="0" />
<p fId="2" fbTx="155.661035" lbTx="155.6610834" tId="1" fbRx="155.66109" lbRx="0" />
<p fId="2" fbTx="155.6610904" lbTx="155.6611389" tId="0" fbRx="155.6611454" lbRx="0" />
<p fId="2" fbTx="155.6610904" lbTx="155.6611389" tId="1" fbRx="155.6611454" lbRx="0" />
<p fId="2" fbTx="155.6610904" lbTx="155.6611389" tId="1" fbRx="155.6611454" lbRx="0" />
<p fId="2" fbTx="155.6611468" lbTx="155.6611953" tId="0" fbRx="155.6612019" lbRx="0" />
<p fId="2" fbTx="155.6611468" lbTx="155.6611953" tId="1" fbRx="155.6612019" lbRx="0" />
<p fId="2" fbTx="155.6611468" lbTx="155.6611953" tId="1" fbRx="155.6612019" lbRx="0" />
<p fId="2" fbTx="155.6612023" lbTx="155.6612508" tId="0" fbRx="155.6612573" lbRx="0" />
<p fId="2" fbTx="155.6612023" lbTx="155.6612508" tId="1" fbRx="155.6612573" lbRx="0" />
<p fId="2" fbTx="155.6612023" lbTx="155.6612508" tId="1" fbRx="155.6612573" lbRx="0" />
<p fId="2" fbTx="155.6612697" lbTx="155.6613182" tId="0" fbRx="155.6613248" lbRx="0" />
<p fId="2" fbTx="155.6612697" lbTx="155.6613182" tId="1" fbRx="155.6613248" lbRx="0" />
<p fId="2" fbTx="155.6612697" lbTx="155.6613182" tId="1" fbRx="155.6613248" lbRx="0" />
<p fId="2" fbTx="155.6613292" lbTx="155.6613776" tId="0" fbRx="155.6613842" lbRx="0" />
<p fId="2" fbTx="155.6613292" lbTx="155.6613776" tId="1" fbRx="155.6613842" lbRx="0" />
<p fId="2" fbTx="155.6613292" lbTx="155.6613776" tId="1" fbRx="155.6613842" lbRx="0" />
<p fId="2" fbTx="155.6613856" lbTx="155.6614341" tId="0" fbRx="155.6614406" lbRx="0" />
<p fId="2" fbTx="155.6613856" lbTx="155.6614341" tId="1" fbRx="155.6614406" lbRx="0" />
<p fId="2" fbTx="155.6613856" lbTx="155.6614341" tId="1" fbRx="155.6614406" lbRx="0" />
<p fId="2" fbTx="155.661443" lbTx="155.6614915" tId="0" fbRx="155.6614981" lbRx="0" />
<p fId="2" fbTx="155.661443" lbTx="155.6614915" tId="1" fbRx="155.6614981" lbRx="0" />
<p fId="2" fbTx="155.661443" lbTx="155.6614915" tId="1" fbRx="155.6614981" lbRx="0" />
<p fId="2" fbTx="155.6614985" lbTx="155.661547" tId="0" fbRx="155.6615535" lbRx="0" />
<p fId="2" fbTx="155.6614985" lbTx="155.661547" tId="1" fbRx="155.6615535" lbRx="0" />
<p fId="2" fbTx="155.6614985" lbTx="155.661547" tId="1" fbRx="155.6615535" lbRx="0" />
<p fId="2" fbTx="155.6615589" lbTx="155.6616074" tId="0" fbRx="155.661614" lbRx="0" />
<p fId="2" fbTx="155.6615589" lbTx="155.6616074" tId="1" fbRx="155.661614" lbRx="0" />
<p fId="2" fbTx="155.6615589" lbTx="155.6616074" tId="1" fbRx="155.661614" lbRx="0" />
<p fId="2" fbTx="155.6616174" lbTx="155.6616658" tId="0" fbRx="155.6616724" lbRx="0" />
<p fId="2" fbTx="155.6616174" lbTx="155.6616658" tId="1" fbRx="155.6616724" lbRx="0" />
<p fId="2" fbTx="155.6616174" lbTx="155.6616658" tId="1" fbRx="155.6616724" lbRx="0" />
<p fId="2" fbTx="155.6616778" lbTx="155.6617263" tId="0" fbRx="155.6617328" lbRx="0" />
<p fId="2" fbTx="155.6616778" lbTx="155.6617263" tId="1" fbRx="155.6617328" lbRx="0" />
<p fId="2" fbTx="155.6616778" lbTx="155.6617263" tId="1" fbRx="155.6617328" lbRx="0" />
<p fId="2" fbTx="155.6617352" lbTx="155.6617837" tId="0" fbRx="155.6617903" lbRx="0" />
<p fId="2" fbTx="155.6617352" lbTx="155.6617837" tId="1" fbRx="155.6617903" lbRx="0" />
<p fId="2" fbTx="155.6617352" lbTx="155.6617837" tId="1" fbRx="155.6617903" lbRx="0" />
<p fId="2" fbTx="155.6617907" lbTx="155.6618392" tId="0" fbRx="155.6618457" lbRx="0" />
<p fId="2" fbTx="155.6617907" lbTx="155.6618392" tId="1" fbRx="155.6618457" lbRx="0" />
<p fId="2" fbTx="155.6617907" lbTx="155.6618392" tId="1" fbRx="155.6618457" lbRx="0" />
<p fId="2" fbTx="155.6618481" lbTx="155.6618966" tId="0" fbRx="155.6619032" lbRx="0" />
<p fId="2" fbTx="155.6618481" lbTx="155.6618966" tId="1" fbRx="155.6619032" lbRx="0" />
<p fId="2" fbTx="155.6618481" lbTx="155.6618966" tId="1" fbRx="155.6619032" lbRx="0" />
<p fId="2" fbTx="155.6619046" lbTx="155.661953" tId="0" fbRx="155.6619596" lbRx="0" />
<p fId="2" fbTx="155.6619046" lbTx="155.661953" tId="1" fbRx="155.6619596" lbRx="0" />
<p fId="2" fbTx="155.6619046" lbTx="155.661953" tId="1" fbRx="155.6619596" lbRx="0" />
<p fId="2" fbTx="155.661961" lbTx="155.6620095" tId="0" fbRx="155.662016" lbRx="0" />
<p fId="2" fbTx="155.661961" lbTx="155.6620095" tId="1" fbRx="155.662016" lbRx="0" />
<p fId="2" fbTx="155.661961" lbTx="155.6620095" tId="1" fbRx="155.662016" lbRx="0" />
<p fId="2" fbTx="155.6620274" lbTx="155.6620759" tId="0" fbRx="155.6620825" lbRx="0" />
<p fId="2" fbTx="155.6620274" lbTx="155.6620759" tId="1" fbRx="155.6620825" lbRx="0" />
<p fId="2" fbTx="155.6620274" lbTx="155.6620759" tId="1" fbRx="155.6620825" lbRx="0" />
<p fId="2" fbTx="155.6620869" lbTx="155.6621354" tId="0" fbRx="155.6621419" lbRx="0" />
<p fId="2" fbTx="155.6620869" lbTx="155.6621354" tId="1" fbRx="155.6621419" lbRx="0" />
<p fId="2" fbTx="155.6620869" lbTx="155.6621354" tId="1" fbRx="155.6621419" lbRx="0" />
<p fId="2" fbTx="155.6621513" lbTx="155.6621998" tId="0" fbRx="155.6622064" lbRx="0" />
<p fId="2" fbTx="155.6621513" lbTx="155.6621998" tId="1" fbRx="155.6622064" lbRx="0" />
<p fId="2" fbTx="155.6621513" lbTx="155.6621998" tId="1" fbRx="155.6622064" lbRx="0" />
<p fId="2" fbTx="155.6622088" lbTx="155.6622572" tId="0" fbRx="155.6622638" lbRx="0" />
<p fId="2" fbTx="155.6622088" lbTx="155.6622572" tId="1" fbRx="155.6622638" lbRx="0" />
<p fId="2" fbTx="155.6622088" lbTx="155.6622572" tId="1" fbRx="155.6622638" lbRx="0" />
<p fId="2" fbTx="155.6622662" lbTx="155.6623147" tId="0" fbRx="155.6623212" lbRx="0" />
<p fId="2" fbTx="155.6622662" lbTx="155.6623147" tId="1" fbRx="155.6623212" lbRx="0" />
<p fId="2" fbTx="155.6622662" lbTx="155.6623147" tId="1" fbRx="155.6623212" lbRx="0" />
<p fId="2" fbTx="155.6623216" lbTx="155.6623701" tId="0" fbRx="155.6623767" lbRx="0" />
<p fId="2" fbTx="155.6623216" lbTx="155.6623701" tId="1" fbRx="155.6623767" lbRx="0" />
<p fId="2" fbTx="155.6623216" lbTx="155.6623701" tId="1" fbRx="155.6623767" lbRx="0" />
<p fId="2" fbTx="155.6623781" lbTx="155.6624266" tId="0" fbRx="155.6624331" lbRx="0" />
<p fId="2" fbTx="155.6623781" lbTx="155.6624266" tId="1" fbRx="155.6624331" lbRx="0" />
<p fId="2" fbTx="155.6623781" lbTx="155.6624266" tId="1" fbRx="155.6624331" lbRx="0" />
<p fId="2" fbTx="155.6624335" lbTx="155.662482" tId="0" fbRx="155.6624886" lbRx="0" />
<p fId="2" fbTx="155.6624335" lbTx="155.662482" tId="1" fbRx="155.6624886" lbRx="0" />
<p fId="2" fbTx="155.6624335" lbTx="155.662482" tId="1" fbRx="155.6624886" lbRx="0" />
<p fId="2" fbTx="155.662502" lbTx="155.6625504" tId="0" fbRx="155.662557" lbRx="0" />
<p fId="2" fbTx="155.662502" lbTx="155.6625504" tId="1" fbRx="155.662557" lbRx="0" />
<p fId="2" fbTx="155.662502" lbTx="155.6625504" tId="1" fbRx="155.662557" lbRx="0" />
<p fId="2" fbTx="155.6625574" lbTx="155.6626059" tId="0" fbRx="155.6626124" lbRx="0" />
<p fId="2" fbTx="155.6625574" lbTx="155.6626059" tId="1" fbRx="155.6626124" lbRx="0" />
<p fId="2" fbTx="155.6625574" lbTx="155.6626059" tId="1" fbRx="155.6626124" lbRx="0" />
<p fId="2" fbTx="155.6626138" lbTx="155.6626623" tId="0" fbRx="155.6626689" lbRx="0" />
<p fId="2" fbTx="155.6626138" lbTx="155.6626623" tId="1" fbRx="155.6626689" lbRx="0" />
<p fId="2" fbTx="155.6626138" lbTx="155.6626623" tId="1" fbRx="155.6626689" lbRx="0" />
<p fId="2" fbTx="155.6626733" lbTx="155.6627218" tId="0" fbRx="155.6627283" lbRx="0" />
<p fId="2" fbTx="155.6626733" lbTx="155.6627218" tId="1" fbRx="155.6627283" lbRx="0" />
<p fId="2" fbTx="155.6626733" lbTx="155.6627218" tId="1" fbRx="155.6627283" lbRx="0" />
<p fId="2" fbTx="155.6627297" lbTx="155.6627782" tId="0" fbRx="155.6627848" lbRx="0" />
<p fId="2" fbTx="155.6627297" lbTx="155.6627782" tId="1" fbRx="155.6627848" lbRx="0" />
<p fId="2" fbTx="155.6627297" lbTx="155.6627782" tId="1" fbRx="155.6627848" lbRx="0" />
<p fId="2" fbTx="155.6627952" lbTx="155.6628436" tId="0" fbRx="155.6628502" lbRx="0" />
<p fId="2" fbTx="155.6627952" lbTx="155.6628436" tId="1" fbRx="155.6628502" lbRx="0" />
<p fId="2" fbTx="155.6627952" lbTx="155.6628436" tId="1" fbRx="155.6628502" lbRx="0" />
<p fId="2" fbTx="155.6628516" lbTx="155.6628756" tId="0" fbRx="155.6628822" lbRx="0" />
<p fId="2" fbTx="155.6628516" lbTx="155.6628756" tId="1" fbRx="155.6628822" lbRx="0" />
<p fId="2" fbTx="155.6628516" lbTx="155.6628756" tId="1" fbRx="155.6628822" lbRx="0" />
<p fId="1" fbTx="155.6632196" lbTx="155.6632252" tId="0" fbRx="155.6632318" lbRx="0" />
<p fId="1" fbTx="155.6632196" lbTx="155.6632252" tId="2" fbRx="155.6632318" lbRx="0" />
<p fId="1" fbTx="155.6632196" lbTx="155.6632252" tId="2" fbRx="155.6632318" lbRx="0" />
<p fId="1" fbTx="155.6632352" lbTx="155.6632408" tId="0" fbRx="155.6632473" lbRx="0" />
<p fId="1" fbTx="155.6632352" lbTx="155.6632408" tId="2" fbRx="155.6632473" lbRx="0" />
<p fId="1" fbTx="155.6632352" lbTx="155.6632408" tId="2" fbRx="155.6632473" lbRx="0" />
<p fId="1" fbTx="155.6632687" lbTx="155.6632743" tId="0" fbRx="155.6632809" lbRx="0" />
<p fId="1" fbTx="155.6632687" lbTx="155.6632743" tId="2" fbRx="155.6632809" lbRx="0" />
<p fId="1" fbTx="155.6632687" lbTx="155.6632743" tId="2" fbRx="155.6632809" lbRx="0" />
<p fId="1" fbTx="155.6632833" lbTx="155.6632889" tId="0" fbRx="155.6632954" lbRx="0" />
<p fId="1" fbTx="155.6632833" lbTx="155.6632889" tId="2" fbRx="155.6632954" lbRx="0" />
<p fId="1" fbTx="155.6632833" lbTx="155.6632889" tId="2" fbRx="155.6632954" lbRx="0" />
<p fId="1" fbTx="155.6633018" lbTx="155.6633074" tId="0" fbRx="155.663314" lbRx="0" />
<p fId="1" fbTx="155.6633018" lbTx="155.6633074" tId="2" fbRx="155.663314" lbRx="0" />
<p fId="1" fbTx="155.6633018" lbTx="155.6633074" tId="2" fbRx="155.663314" lbRx="0" />
<p fId="1" fbTx="155.6633204" lbTx="155.663326" tId="0" fbRx="155.6633326" lbRx="0" />
<p fId="1" fbTx="155.6633204" lbTx="155.663326" tId="2" fbRx="155.6633326" lbRx="0" />
<p fId="1" fbTx="155.6633204" lbTx="155.663326" tId="2" fbRx="155.6633326" lbRx="0" />
<p fId="1" fbTx="155.663334" lbTx="155.6633396" tId="0" fbRx="155.6633461" lbRx="0" />
<p fId="1" fbTx="155.663334" lbTx="155.6633396" tId="2" fbRx="155.6633461" lbRx="0" />
<p fId="1" fbTx="155.663334" lbTx="155.6633396" tId="2" fbRx="155.6633461" lbRx="0" />
<p fId="1" fbTx="155.6633475" lbTx="155.6633531" tId="0" fbRx="155.6633597" lbRx="0" />
<p fId="1" fbTx="155.6633475" lbTx="155.6633531" tId="2" fbRx="155.6633597" lbRx="0" />
<p fId="1" fbTx="155.6633475" lbTx="155.6633531" tId="2" fbRx="155.6633597" lbRx="0" />
<p fId="1" fbTx="155.6633611" lbTx="155.6633667" tId="0" fbRx="155.6633732" lbRx="0" />
<p fId="1" fbTx="155.6633611" lbTx="155.6633667" tId="2" fbRx="155.6633732" lbRx="0" />
<p fId="1" fbTx="155.6633611" lbTx="155.6633667" tId="2" fbRx="155.6633732" lbRx="0" />
<p fId="1" fbTx="155.6633856" lbTx="155.6633912" tId="0" fbRx="155.6633978" lbRx="0" />
<p fId="1" fbTx="155.6633856" lbTx="155.6633912" tId="2" fbRx="155.6633978" lbRx="0" />
<p fId="1" fbTx="155.6633856" lbTx="155.6633912" tId="2" fbRx="155.6633978" lbRx="0" />
<p fId="1" fbTx="155.6633982" lbTx="155.6634038" tId="0" fbRx="155.6634104" lbRx="0" />
<p fId="1" fbTx="155.6633982" lbTx="155.6634038" tId="2" fbRx="155.6634104" lbRx="0" />
<p fId="1" fbTx="155.6633982" lbTx="155.6634038" tId="2" fbRx="155.6634104" lbRx="0" />
<p fId="1" fbTx="155.6634108" lbTx="155.6634164" tId="0" fbRx="155.6634229" lbRx="0" />
<p fId="1" fbTx="155.6634108" lbTx="155.6634164" tId="2" fbRx="155.6634229" lbRx="0" />
<p fId="1" fbTx="155.6634108" lbTx="155.6634164" tId="2" fbRx="155.6634229" lbRx="0" />
<p fId="1" fbTx="155.6634243" lbTx="155.6634299" tId="0" fbRx="155.6634365" lbRx="0" />
<p fId="1" fbTx="155.6634243" lbTx="155.6634299" tId="2" fbRx="155.6634365" lbRx="0" />
<p fId="1" fbTx="155.6634243" lbTx="155.6634299" tId="2" fbRx="155.6634365" lbRx="0" />
<p fId="1" fbTx="155.6634369" lbTx="155.6634425" tId="0" fbRx="155.663449" lbRx="0" />
<p fId="1" fbTx="155.6634369" lbTx="155.6634425" tId="2" fbRx="155.663449" lbRx="0" />
<p fId="1" fbTx="155.6634369" lbTx="155.6634425" tId="2" fbRx="155.663449" lbRx="0" />
<p fId="1" fbTx="155.6634534" lbTx="155.663459" tId="0" fbRx="155.6634656" lbRx="0" />
<p fId="1" fbTx="155.6634534" lbTx="155.663459" tId="2" fbRx="155.6634656" lbRx="0" />
<p fId="1" fbTx="155.6634534" lbTx="155.663459" tId="2" fbRx="155.6634656" lbRx="0" />
<p fId="1" fbTx="155.663474" lbTx="155.6634796" tId="0" fbRx="155.6634862" lbRx="0" />
<p fId="1" fbTx="155.663474" lbTx="155.6634796" tId="2" fbRx="155.6634862" lbRx="0" />
<p fId="1" fbTx="155.663474" lbTx="155.6634796" tId="2" fbRx="155.6634862" lbRx="0" />
<p fId="1" fbTx="155.6634956" lbTx="155.6635012" tId="0" fbRx="155.6635077" lbRx="0" />
<p fId="1" fbTx="155.6634956" lbTx="155.6635012" tId="2" fbRx="155.6635077" lbRx="0" />
<p fId="1" fbTx="155.6634956" lbTx="155.6635012" tId="2" fbRx="155.6635077" lbRx="0" />
<p fId="1" fbTx="155.6635091" lbTx="155.6635147" tId="0" fbRx="155.6635213" lbRx="0" />
<p fId="1" fbTx="155.6635091" lbTx="155.6635147" tId="2" fbRx="155.6635213" lbRx="0" />
<p fId="1" fbTx="155.6635091" lbTx="155.6635147" tId="2" fbRx="155.6635213" lbRx="0" />
<p fId="1" fbTx="155.6635217" lbTx="155.6635273" tId="0" fbRx="155.6635338" lbRx="0" />
<p fId="1" fbTx="155.6635217" lbTx="155.6635273" tId="2" fbRx="155.6635338" lbRx="0" />
<p fId="1" fbTx="155.6635217" lbTx="155.6635273" tId="2" fbRx="155.6635338" lbRx="0" />
<p fId="1" fbTx="155.6635342" lbTx="155.6635398" tId="0" fbRx="155.6635464" lbRx="0" />
<p fId="1" fbTx="155.6635342" lbTx="155.6635398" tId="2" fbRx="155.6635464" lbRx="0" />
<p fId="1" fbTx="155.6635342" lbTx="155.6635398" tId="2" fbRx="155.6635464" lbRx="0" />
<p fId="1" fbTx="155.6635468" lbTx="155.6635524" tId="0" fbRx="155.663559" lbRx="0" />
<p fId="1" fbTx="155.6635468" lbTx="155.6635524" tId="2" fbRx="155.663559" lbRx="0" />
<p fId="1" fbTx="155.6635468" lbTx="155.6635524" tId="2" fbRx="155.663559" lbRx="0" />
<p fId="1" fbTx="155.8628822" lbTx="155.8628878" tId="0" fbRx="155.8628943" lbRx="0" />
<p fId="1" fbTx="155.8628822" lbTx="155.8628878" tId="2" fbRx="155.8628943" lbRx="0" />
<p fId="1" fbTx="155.8628822" lbTx="155.8628878" tId="2" fbRx="155.8628943" lbRx="0" />
<p fId="1" fbTx="178.4945675" lbTx="178.494601" tId="0" fbRx="178.4946076" lbRx="0" />
<p fId="1" fbTx="178.4945675" lbTx="178.494601" tId="2" fbRx="178.4946076" lbRx="0" />
<p fId="1" fbTx="178.4945675" lbTx="178.494601" tId="2" fbRx="178.4946076" lbRx="0" />
<p fId="2" fbTx="178.4946076" lbTx="178.4946561" tId="0" fbRx="178.4946627" lbRx="0" />
<p fId="2" fbTx="178.4946076" lbTx="178.4946561" tId="1" fbRx="178.4946627" lbRx="0" />
<p fId="2" fbTx="178.4946076" lbTx="178.4946561" tId="1" fbRx="178.4946627" lbRx="0" />
<p fId="2" fbTx="178.4946651" lbTx="178.4947135" tId="0" fbRx="178.4947201" lbRx="0" />
<p fId="2" fbTx="178.4946651" lbTx="178.4947135" tId="1" fbRx="178.4947201" lbRx="0" />
<p fId="2" fbTx="178.4946651" lbTx="178.4947135" tId="1" fbRx="178.4947201" lbRx="0" />
<p fId="1" fbTx="178.4947211" lbTx="178.4947267" tId="0" fbRx="178.4947333" lbRx="0" />
<p fId="1" fbTx="178.4947211" lbTx="178.4947267" tId="2" fbRx="178.4947333" lbRx="0" />
<p fId="1" fbTx="178.4947211" lbTx="178.4947267" tId="2" fbRx="178.4947333" lbRx="0" />
<p fId="2" fbTx="178.4947335" lbTx="178.494782" tId="0" fbRx="178.4947885" lbRx="0" />
<p fId="2" fbTx="178.4947335" lbTx="178.494782" tId="1" fbRx="178.4947885" lbRx="0" />
<p fId="2" fbTx="178.4947335" lbTx="178.494782" tId="1" fbRx="178.4947885" lbRx="0" />
<p fId="2" fbTx="178.4947999" lbTx="178.4948484" tId="0" fbRx="178.494855" lbRx="0" />
<p fId="2" fbTx="178.4947999" lbTx="178.4948484" tId="1" fbRx="178.494855" lbRx="0" />
<p fId="2" fbTx="178.4947999" lbTx="178.4948484" tId="1" fbRx="178.494855" lbRx="0" />
<p fId="2" fbTx="178.4948554" lbTx="178.4949039" tId="0" fbRx="178.4949104" lbRx="0" />
<p fId="2" fbTx="178.4948554" lbTx="178.4949039" tId="1" fbRx="178.4949104" lbRx="0" />
<p fId="2" fbTx="178.4948554" lbTx="178.4949039" tId="1" fbRx="178.4949104" lbRx="0" />
<p fId="2" fbTx="178.4949128" lbTx="178.4949613" tId="0" fbRx="178.4949679" lbRx="0" />
<p fId="2" fbTx="178.4949128" lbTx="178.4949613" tId="1" fbRx="178.4949679" lbRx="0" />
<p fId="2" fbTx="178.4949128" lbTx="178.4949613" tId="1" fbRx="178.4949679" lbRx="0" />
<p fId="2" fbTx="178.4949683" lbTx="178.4950167" tId="0" fbRx="178.4950233" lbRx="0" />
<p fId="2" fbTx="178.4949683" lbTx="178.4950167" tId="1" fbRx="178.4950233" lbRx="0" />
<p fId="2" fbTx="178.4949683" lbTx="178.4950167" tId="1" fbRx="178.4950233" lbRx="0" />
<p fId="2" fbTx="178.4950247" lbTx="178.4950732" tId="0" fbRx="178.4950797" lbRx="0" />
<p fId="2" fbTx="178.4950247" lbTx="178.4950732" tId="1" fbRx="178.4950797" lbRx="0" />
<p fId="2" fbTx="178.4950247" lbTx="178.4950732" tId="1" fbRx="178.4950797" lbRx="0" />
<p fId="2" fbTx="178.4950811" lbTx="178.4951296" tId="0" fbRx="178.4951362" lbRx="0" />
<p fId="2" fbTx="178.4950811" lbTx="178.4951296" tId="1" fbRx="178.4951362" lbRx="0" />
<p fId="2" fbTx="178.4950811" lbTx="178.4951296" tId="1" fbRx="178.4951362" lbRx="0" />
<p fId="2" fbTx="178.4951366" lbTx="178.4951851" tId="0" fbRx="178.4951916" lbRx="0" />
<p fId="2" fbTx="178.4951366" lbTx="178.4951851" tId="1" fbRx="178.4951916" lbRx="0" />
<p fId="2" fbTx="178.4951366" lbTx="178.4951851" tId="1" fbRx="178.4951916" lbRx="0" />
<p fId="2" fbTx="178.495193" lbTx="178.4952415" tId="0" fbRx="178.4952481" lbRx="0" />
<p fId="2" fbTx="178.495193" lbTx="178.4952415" tId="1" fbRx="178.4952481" lbRx="0" />
<p fId="2" fbTx="178.495193" lbTx="178.4952415" tId="1" fbRx="178.4952481" lbRx="0" />
<p fId="2" fbTx="178.4952565" lbTx="178.4953049" tId="0" fbRx="178.4953115" lbRx="0" />
<p fId="2" fbTx="178.4952565" lbTx="178.4953049" tId="1" fbRx="178.4953115" lbRx="0" />
<p fId="2" fbTx="178.4952565" lbTx="178.4953049" tId="1" fbRx="178.4953115" lbRx="0" />
<p fId="2" fbTx="178.4953119" lbTx="178.4953604" tId="0" fbRx="178.4953669" lbRx="0" />
<p fId="2" fbTx="178.4953119" lbTx="178.4953604" tId="1" fbRx="178.4953669" lbRx="0" />
<p fId="2" fbTx="178.4953119" lbTx="178.4953604" tId="1" fbRx="178.4953669" lbRx="0" />
<p fId="2" fbTx="178.4953773" lbTx="178.4954258" tId="0" fbRx="178.4954324" lbRx="0" />
<p fId="2" fbTx="178.4953773" lbTx="178.4954258" tId="1" fbRx="178.4954324" lbRx="0" />
<p fId="2" fbTx="178.4953773" lbTx="178.4954258" tId="1" fbRx="178.4954324" lbRx="0" />
<p fId="2" fbTx="178.4954348" lbTx="178.4954833" tId="0" fbRx="178.4954898" lbRx="0" />
<p fId="2" fbTx="178.4954348" lbTx="178.4954833" tId="1" fbRx="178.4954898" lbRx="0" />
<p fId="2" fbTx="178.4954348" lbTx="178.4954833" tId="1" fbRx="178.4954898" lbRx="0" />
<p fId="2" fbTx="178.4955012" lbTx="178.4955497" tId="0" fbRx="178.4955563" lbRx="0" />
<p fId="2" fbTx="178.4955012" lbTx="178.4955497" tId="1" fbRx="178.4955563" lbRx="0" />
<p fId="2" fbTx="178.4955012" lbTx="178.4955497" tId="1" fbRx="178.4955563" lbRx="0" />
<p fId="2" fbTx="178.4955647" lbTx="178.4956131" tId="0" fbRx="178.4956197" lbRx="0" />
<p fId="2" fbTx="178.4955647" lbTx="178.4956131" tId="1" fbRx="178.4956197" lbRx="0" />
<p fId="2" fbTx="178.4955647" lbTx="178.4956131" tId="1" fbRx="178.4956197" lbRx="0" />
<p fId="2" fbTx="178.4956251" lbTx="178.4956736" tId="0" fbRx="178.4956801" lbRx="0" />
<p fId="2" fbTx="178.4956251" lbTx="178.4956736" tId="1" fbRx="178.4956801" lbRx="0" />
<p fId="2" fbTx="178.4956251" lbTx="178.4956736" tId="1" fbRx="178.4956801" lbRx="0" />
<p fId="2" fbTx="178.4956955" lbTx="178.495744" tId="0" fbRx="178.4957506" lbRx="0" />
<p fId="2" fbTx="178.4956955" lbTx="178.495744" tId="1" fbRx="178.4957506" lbRx="0" />
<p fId="2" fbTx="178.4956955" lbTx="178.495744" tId="1" fbRx="178.4957506" lbRx="0" />
<p fId="2" fbTx="178.495752" lbTx="178.4958005" tId="0" fbRx="178.495807" lbRx="0" />
<p fId="2" fbTx="178.495752" lbTx="178.4958005" tId="1" fbRx="178.495807" lbRx="0" />
<p fId="2" fbTx="178.495752" lbTx="178.4958005" tId="1" fbRx="178.495807" lbRx="0" />
<p fId="2" fbTx="178.4958154" lbTx="178.4958639" tId="0" fbRx="178.4958705" lbRx="0" />
<p fId="2" fbTx="178.4958154" lbTx="178.4958639" tId="1" fbRx="178.4958705" lbRx="0" />
<p fId="2" fbTx="178.4958154" lbTx="178.4958639" tId="1" fbRx="178.4958705" lbRx="0" />
<p fId="2" fbTx="178.4958729" lbTx="178.4959213" tId="0" fbRx="178.4959279" lbRx="0" />
<p fId="2" fbTx="178.4958729" lbTx="178.4959213" tId="1" fbRx="178.4959279" lbRx="0" />
<p fId="2" fbTx="178.4958729" lbTx="178.4959213" tId="1" fbRx="178.4959279" lbRx="0" />
<p fId="2" fbTx="178.4959283" lbTx="178.4959768" tId="0" fbRx="178.4959833" lbRx="0" />
<p fId="2" fbTx="178.4959283" lbTx="178.4959768" tId="1" fbRx="178.4959833" lbRx="0" />
<p fId="2" fbTx="178.4959283" lbTx="178.4959768" tId="1" fbRx="178.4959833" lbRx="0" />
<p fId="2" fbTx="178.4959837" lbTx="178.4960322" tId="0" fbRx="178.4960388" lbRx="0" />
<p fId="2" fbTx="178.4959837" lbTx="178.4960322" tId="1" fbRx="178.4960388" lbRx="0" />
<p fId="2" fbTx="178.4959837" lbTx="178.4960322" tId="1" fbRx="178.4960388" lbRx="0" />
<p fId="2" fbTx="178.4960402" lbTx="178.4960887" tId="0" fbRx="178.4960952" lbRx="0" />
<p fId="2" fbTx="178.4960402" lbTx="178.4960887" tId="1" fbRx="178.4960952" lbRx="0" />
<p fId="2" fbTx="178.4960402" lbTx="178.4960887" tId="1" fbRx="178.4960952" lbRx="0" />
<p fId="2" fbTx="178.4961046" lbTx="178.4961531" tId="0" fbRx="178.4961597" lbRx="0" />
<p fId="2" fbTx="178.4961046" lbTx="178.4961531" tId="1" fbRx="178.4961597" lbRx="0" />
<p fId="2" fbTx="178.4961046" lbTx="178.4961531" tId="1" fbRx="178.4961597" lbRx="0" />
<p fId="2" fbTx="178.4961691" lbTx="178.4962175" tId="0" fbRx="178.4962241" lbRx="0" />
<p fId="2" fbTx="178.4961691" lbTx="178.4962175" tId="1" fbRx="178.4962241" lbRx="0" />
<p fId="2" fbTx="178.4961691" lbTx="178.4962175" tId="1" fbRx="178.4962241" lbRx="0" />
<p fId="2" fbTx="178.4962255" lbTx="178.496274" tId="0" fbRx="178.4962805" lbRx="0" />
<p fId="2" fbTx="178.4962255" lbTx="178.496274" tId="1" fbRx="178.4962805" lbRx="0" />
<p fId="2" fbTx="178.4962255" lbTx="178.496274" tId="1" fbRx="178.4962805" lbRx="0" />
<p fId="2" fbTx="178.4962839" lbTx="178.4963324" tId="0" fbRx="178.496339" lbRx="0" />
<p fId="2" fbTx="178.4962839" lbTx="178.4963324" tId="1" fbRx="178.496339" lbRx="0" />
<p fId="2" fbTx="178.4962839" lbTx="178.4963324" tId="1" fbRx="178.496339" lbRx="0" />
<p fId="2" fbTx="178.4963414" lbTx="178.4963899" tId="0" fbRx="178.4963964" lbRx="0" />
<p fId="2" fbTx="178.4963414" lbTx="178.4963899" tId="1" fbRx="178.4963964" lbRx="0" />
<p fId="2" fbTx="178.4963414" lbTx="178.4963899" tId="1" fbRx="178.4963964" lbRx="0" />
<p fId="2" fbTx="178.4963978" lbTx="178.4964463" tId="0" fbRx="178.4964529" lbRx="0" />
<p fId="2" fbTx="178.4963978" lbTx="178.4964463" tId="1" fbRx="178.4964529" lbRx="0" />
<p fId="2" fbTx="178.4963978" lbTx="178.4964463" tId="1" fbRx="178.4964529" lbRx="0" />
<p fId="2" fbTx="178.4964533" lbTx="178.4965017" tId="0" fbRx="178.4965083" lbRx="0" />
<p fId="2" fbTx="178.4964533" lbTx="178.4965017" tId="1" fbRx="178.4965083" lbRx="0" />
<p fId="2" fbTx="178.4964533" lbTx="178.4965017" tId="1" fbRx="178.4965083" lbRx="0" />
<p fId="2" fbTx="178.4965087" lbTx="178.4965572" tId="0" fbRx="178.4965637" lbRx="0" />
<p fId="2" fbTx="178.4965087" lbTx="178.4965572" tId="1" fbRx="178.4965637" lbRx="0" />
<p fId="2" fbTx="178.4965087" lbTx="178.4965572" tId="1" fbRx="178.4965637" lbRx="0" />
<p fId="2" fbTx="178.4965651" lbTx="178.4966136" tId="0" fbRx="178.4966202" lbRx="0" />
<p fId="2" fbTx="178.4965651" lbTx="178.4966136" tId="1" fbRx="178.4966202" lbRx="0" />
<p fId="2" fbTx="178.4965651" lbTx="178.4966136" tId="1" fbRx="178.4966202" lbRx="0" />
<p fId="2" fbTx="178.4966316" lbTx="178.4966801" tId="0" fbRx="178.4966866" lbRx="0" />
<p fId="2" fbTx="178.4966316" lbTx="178.4966801" tId="1" fbRx="178.4966866" lbRx="0" />
<p fId="2" fbTx="178.4966316" lbTx="178.4966801" tId="1" fbRx="178.4966866" lbRx="0" />
<p fId="2" fbTx="178.496688" lbTx="178.4967365" tId="0" fbRx="178.4967431" lbRx="0" />
<p fId="2" fbTx="178.496688" lbTx="178.4967365" tId="1" fbRx="178.4967431" lbRx="0" />
<p fId="2" fbTx="178.496688" lbTx="178.4967365" tId="1" fbRx="178.4967431" lbRx="0" />
<p fId="2" fbTx="178.4967475" lbTx="178.4967959" tId="0" fbRx="178.4968025" lbRx="0" />
<p fId="2" fbTx="178.4967475" lbTx="178.4967959" tId="1" fbRx="178.4968025" lbRx="0" />
<p fId="2" fbTx="178.4967475" lbTx="178.4967959" tId="1" fbRx="178.4968025" lbRx="0" />
<p fId="2" fbTx="178.4968099" lbTx="178.4968584" tId="0" fbRx="178.4968649" lbRx="0" />
<p fId="2" fbTx="178.4968099" lbTx="178.4968584" tId="1" fbRx="178.4968649" lbRx="0" />
<p fId="2" fbTx="178.4968099" lbTx="178.4968584" tId="1" fbRx="178.4968649" lbRx="0" />
<p fId="2" fbTx="178.4968673" lbTx="178.4969158" tId="0" fbRx="178.4969224" lbRx="0" />
<p fId="2" fbTx="178.4968673" lbTx="178.4969158" tId="1" fbRx="178.4969224" lbRx="0" />
<p fId="2" fbTx="178.4968673" lbTx="178.4969158" tId="1" fbRx="178.4969224" lbRx="0" />
<p fId="2" fbTx="178.4969228" lbTx="178.4969713" tId="0" fbRx="178.4969778" lbRx="0" />
<p fId="2" fbTx="178.4969228" lbTx="178.4969713" tId="1" fbRx="178.4969778" lbRx="0" />
<p fId="2" fbTx="178.4969228" lbTx="178.4969713" tId="1" fbRx="178.4969778" lbRx="0" />
<p fId="2" fbTx="178.4969872" lbTx="178.4970357" tId="0" fbRx="178.4970423" lbRx="0" />
<p fId="2" fbTx="178.4969872" lbTx="178.4970357" tId="1" fbRx="178.4970423" lbRx="0" />
<p fId="2" fbTx="178.4969872" lbTx="178.4970357" tId="1" fbRx="178.4970423" lbRx="0" />
<p fId="2" fbTx="178.4970457" lbTx="178.4970941" tId="0" fbRx="178.4971007" lbRx="0" />
<p fId="2" fbTx="178.4970457" lbTx="178.4970941" tId="1" fbRx="178.4971007" lbRx="0" />
<p fId="2" fbTx="178.4970457" lbTx="178.4970941" tId="1" fbRx="178.4971007" lbRx="0" />
<p fId="2" fbTx="178.4971031" lbTx="178.4971516" tId="0" fbRx="178.4971581" lbRx="0" />
<p fId="2" fbTx="178.4971031" lbTx="178.4971516" tId="1" fbRx="178.4971581" lbRx="0" />
<p fId="2" fbTx="178.4971031" lbTx="178.4971516" tId="1" fbRx="178.4971581" lbRx="0" />
<p fId="2" fbTx="178.4971615" lbTx="178.49721" tId="0" fbRx="178.4972166" lbRx="0" />
<p fId="2" fbTx="178.4971615" lbTx="178.49721" tId="1" fbRx="178.4972166" lbRx="0" />
<p fId="2" fbTx="178.4971615" lbTx="178.49721" tId="1" fbRx="178.4972166" lbRx="0" />
<p fId="2" fbTx="178.497219" lbTx="178.4972675" tId="0" fbRx="178.497274" lbRx="0" />
<p fId="2" fbTx="178.497219" lbTx="178.4972675" tId="1" fbRx="178.497274" lbRx="0" />
<p fId="2" fbTx="178.497219" lbTx="178.4972675" tId="1" fbRx="178.497274" lbRx="0" />
<p fId="2" fbTx="178.4972744" lbTx="178.4973229" tId="0" fbRx="178.4973295" lbRx="0" />
<p fId="2" fbTx="178.4972744" lbTx="178.4973229" tId="1" fbRx="178.4973295" lbRx="0" />
<p fId="2" fbTx="178.4972744" lbTx="178.4973229" tId="1" fbRx="178.4973295" lbRx="0" />
<p fId="2" fbTx="178.4973309" lbTx="178.4973793" tId="0" fbRx="178.4973859" lbRx="0" />
<p fId="2" fbTx="178.4973309" lbTx="178.4973793" tId="1" fbRx="178.4973859" lbRx="0" />
<p fId="2" fbTx="178.4973309" lbTx="178.4973793" tId="1" fbRx="178.4973859" lbRx="0" />
<p fId="2" fbTx="178.4973933" lbTx="178.4974418" tId="0" fbRx="178.4974483" lbRx="0" />
<p fId="2" fbTx="178.4973933" lbTx="178.4974418" tId="1" fbRx="178.4974483" lbRx="0" />
<p fId="2" fbTx="178.4973933" lbTx="178.4974418" tId="1" fbRx="178.4974483" lbRx="0" />
<p fId="2" fbTx="178.4974547" lbTx="178.4975032" tId="0" fbRx="178.4975098" lbRx="0" />
<p fId="2" fbTx="178.4974547" lbTx="178.4975032" tId="1" fbRx="178.4975098" lbRx="0" />
<p fId="2" fbTx="178.4974547" lbTx="178.4975032" tId="1" fbRx="178.4975098" lbRx="0" />
<p fId="2" fbTx="178.4975112" lbTx="178.4975597" tId="0" fbRx="178.4975662" lbRx="0" />
<p fId="2" fbTx="178.4975112" lbTx="178.4975597" tId="1" fbRx="178.4975662" lbRx="0" />
<p fId="2" fbTx="178.4975112" lbTx="178.4975597" tId="1" fbRx="178.4975662" lbRx="0" />
<p fId="2" fbTx="178.4975686" lbTx="178.4976171" tId="0" fbRx="178.4976237" lbRx="0" />
<p fId="2" fbTx="178.4975686" lbTx="178.4976171" tId="1" fbRx="178.4976237" lbRx="0" />
<p fId="2" fbTx="178.4975686" lbTx="178.4976171" tId="1" fbRx="178.4976237" lbRx="0" />
<p fId="2" fbTx="178.4976261" lbTx="178.4976745" tId="0" fbRx="178.4976811" lbRx="0" />
<p fId="2" fbTx="178.4976261" lbTx="178.4976745" tId="1" fbRx="178.4976811" lbRx="0" />
<p fId="2" fbTx="178.4976261" lbTx="178.4976745" tId="1" fbRx="178.4976811" lbRx="0" />
<p fId="2" fbTx="178.4976835" lbTx="178.497732" tId="0" fbRx="178.4977385" lbRx="0" />
<p fId="2" fbTx="178.4976835" lbTx="178.497732" tId="1" fbRx="178.4977385" lbRx="0" />
<p fId="2" fbTx="178.4976835" lbTx="178.497732" tId="1" fbRx="178.4977385" lbRx="0" />
<p fId="2" fbTx="178.4977419" lbTx="178.4977904" tId="0" fbRx="178.497797" lbRx="0" />
<p fId="2" fbTx="178.4977419" lbTx="178.4977904" tId="1" fbRx="178.497797" lbRx="0" />
<p fId="2" fbTx="178.4977419" lbTx="178.4977904" tId="1" fbRx="178.497797" lbRx="0" />
<p fId="2" fbTx="178.4977974" lbTx="178.4978459" tId="0" fbRx="178.4978524" lbRx="0" />
<p fId="2" fbTx="178.4977974" lbTx="178.4978459" tId="1" fbRx="178.4978524" lbRx="0" />
<p fId="2" fbTx="178.4977974" lbTx="178.4978459" tId="1" fbRx="178.4978524" lbRx="0" />
<p fId="2" fbTx="178.4978628" lbTx="178.4979113" tId="0" fbRx="178.4979179" lbRx="0" />
<p fId="2" fbTx="178.4978628" lbTx="178.4979113" tId="1" fbRx="178.4979179" lbRx="0" />
<p fId="2" fbTx="178.4978628" lbTx="178.4979113" tId="1" fbRx="178.4979179" lbRx="0" />
<p fId="2" fbTx="178.4979183" lbTx="178.4979667" tId="0" fbRx="178.4979733" lbRx="0" />
<p fId="2" fbTx="178.4979183" lbTx="178.4979667" tId="1" fbRx="178.4979733" lbRx="0" />
<p fId="2" fbTx="178.4979183" lbTx="178.4979667" tId="1" fbRx="178.4979733" lbRx="0" />
<p fId="2" fbTx="178.4979767" lbTx="178.4980252" tId="0" fbRx="178.4980317" lbRx="0" />
<p fId="2" fbTx="178.4979767" lbTx="178.4980252" tId="1" fbRx="178.4980317" lbRx="0" />
<p fId="2" fbTx="178.4979767" lbTx="178.4980252" tId="1" fbRx="178.4980317" lbRx="0" />
<p fId="2" fbTx="178.4980321" lbTx="178.4980806" tId="0" fbRx="178.4980872" lbRx="0" />
<p fId="2" fbTx="178.4980321" lbTx="178.4980806" tId="1" fbRx="178.4980872" lbRx="0" />
<p fId="2" fbTx="178.4980321" lbTx="178.4980806" tId="1" fbRx="178.4980872" lbRx="0" />
<p fId="2" fbTx="178.4980896" lbTx="178.4981381" tId="0" fbRx="178.4981446" lbRx="0" />
<p fId="2" fbTx="178.4980896" lbTx="178.4981381" tId="1" fbRx="178.4981446" lbRx="0" />
<p fId="2" fbTx="178.4980896" lbTx="178.4981381" tId="1" fbRx="178.4981446" lbRx="0" />
<p fId="2" fbTx="178.498152" lbTx="178.4982005" tId="0" fbRx="178.4982071" lbRx="0" />
<p fId="2" fbTx="178.498152" lbTx="178.4982005" tId="1" fbRx="178.4982071" lbRx="0" />
<p fId="2" fbTx="178.498152" lbTx="178.4982005" tId="1" fbRx="178.4982071" lbRx="0" />
<p fId="2" fbTx="178.4982095" lbTx="178.4982579" tId="0" fbRx="178.4982645" lbRx="0" />
<p fId="2" fbTx="178.4982095" lbTx="178.4982579" tId="1" fbRx="178.4982645" lbRx="0" />
<p fId="2" fbTx="178.4982095" lbTx="178.4982579" tId="1" fbRx="178.4982645" lbRx="0" />
<p fId="2" fbTx="178.4982769" lbTx="178.4983254" tId="0" fbRx="178.4983319" lbRx="0" />
<p fId="2" fbTx="178.4982769" lbTx="178.4983254" tId="1" fbRx="178.4983319" lbRx="0" />
<p fId="2" fbTx="178.4982769" lbTx="178.4983254" tId="1" fbRx="178.4983319" lbRx="0" />
<p fId="2" fbTx="178.4983323" lbTx="178.4983808" tId="0" fbRx="178.4983874" lbRx="0" />
<p fId="2" fbTx="178.4983323" lbTx="178.4983808" tId="1" fbRx="178.4983874" lbRx="0" />
<p fId="2" fbTx="178.4983323" lbTx="178.4983808" tId="1" fbRx="178.4983874" lbRx="0" />
<p fId="2" fbTx="178.4983898" lbTx="178.4984383" tId="0" fbRx="178.4984448" lbRx="0" />
<p fId="2" fbTx="178.4983898" lbTx="178.4984383" tId="1" fbRx="178.4984448" lbRx="0" />
<p fId="2" fbTx="178.4983898" lbTx="178.4984383" tId="1" fbRx="178.4984448" lbRx="0" />
<p fId="2" fbTx="178.4984482" lbTx="178.4984967" tId="0" fbRx="178.4985033" lbRx="0" />
<p fId="2" fbTx="178.4984482" lbTx="178.4984967" tId="1" fbRx="178.4985033" lbRx="0" />
<p fId="2" fbTx="178.4984482" lbTx="178.4984967" tId="1" fbRx="178.4985033" lbRx="0" />
<p fId="2" fbTx="178.4985057" lbTx="178.4985541" tId="0" fbRx="178.4985607" lbRx="0" />
<p fId="2" fbTx="178.4985057" lbTx="178.4985541" tId="1" fbRx="178.4985607" lbRx="0" />
<p fId="2" fbTx="178.4985057" lbTx="178.4985541" tId="1" fbRx="178.4985607" lbRx="0" />
<p fId="2" fbTx="178.4985631" lbTx="178.4986116" tId="0" fbRx="178.4986181" lbRx="0" />
<p fId="2" fbTx="178.4985631" lbTx="178.4986116" tId="1" fbRx="178.4986181" lbRx="0" />
<p fId="2" fbTx="178.4985631" lbTx="178.4986116" tId="1" fbRx="178.4986181" lbRx="0" />
<p fId="2" fbTx="178.4986205" lbTx="178.498669" tId="0" fbRx="178.4986756" lbRx="0" />
<p fId="2" fbTx="178.4986205" lbTx="178.498669" tId="1" fbRx="178.4986756" lbRx="0" />
<p fId="2" fbTx="178.4986205" lbTx="178.498669" tId="1" fbRx="178.4986756" lbRx="0" />
<p fId="2" fbTx="178.498678" lbTx="178.4987265" tId="0" fbRx="178.498733" lbRx="0" />
<p fId="2" fbTx="178.498678" lbTx="178.4987265" tId="1" fbRx="178.498733" lbRx="0" />
<p fId="2" fbTx="178.498678" lbTx="178.4987265" tId="1" fbRx="178.498733" lbRx="0" />
<p fId="2" fbTx="178.4987344" lbTx="178.4987829" tId="0" fbRx="178.4987895" lbRx="0" />
<p fId="2" fbTx="178.4987344" lbTx="178.4987829" tId="1" fbRx="178.4987895" lbRx="0" />
<p fId="2" fbTx="178.4987344" lbTx="178.4987829" tId="1" fbRx="178.4987895" lbRx="0" />
<p fId="2" fbTx="178.4987969" lbTx="178.4988453" tId="0" fbRx="178.4988519" lbRx="0" />
<p fId="2" fbTx="178.4987969" lbTx="178.4988453" tId="1" fbRx="178.4988519" lbRx="0" />
<p fId="2" fbTx="178.4987969" lbTx="178.4988453" tId="1" fbRx="178.4988519" lbRx="0" />
<p fId="2" fbTx="178.4988533" lbTx="178.4989018" tId="0" fbRx="178.4989083" lbRx="0" />
<p fId="2" fbTx="178.4988533" lbTx="178.4989018" tId="1" fbRx="178.4989083" lbRx="0" />
<p fId="2" fbTx="178.4988533" lbTx="178.4989018" tId="1" fbRx="178.4989083" lbRx="0" />
<p fId="2" fbTx="178.4989127" lbTx="178.4989612" tId="0" fbRx="178.4989678" lbRx="0" />
<p fId="2" fbTx="178.4989127" lbTx="178.4989612" tId="1" fbRx="178.4989678" lbRx="0" />
<p fId="2" fbTx="178.4989127" lbTx="178.4989612" tId="1" fbRx="178.4989678" lbRx="0" />
<p fId="2" fbTx="178.4989702" lbTx="178.4990187" tId="0" fbRx="178.4990252" lbRx="0" />
<p fId="2" fbTx="178.4989702" lbTx="178.4990187" tId="1" fbRx="178.4990252" lbRx="0" />
<p fId="2" fbTx="178.4989702" lbTx="178.4990187" tId="1" fbRx="178.4990252" lbRx="0" />
<p fId="2" fbTx="178.4990266" lbTx="178.4990751" tId="0" fbRx="178.4990817" lbRx="0" />
<p fId="2" fbTx="178.4990266" lbTx="178.4990751" tId="1" fbRx="178.4990817" lbRx="0" />
<p fId="2" fbTx="178.4990266" lbTx="178.4990751" tId="1" fbRx="178.4990817" lbRx="0" />
<p fId="2" fbTx="178.4990821" lbTx="178.4991305" tId="0" fbRx="178.4991371" lbRx="0" />
<p fId="2" fbTx="178.4990821" lbTx="178.4991305" tId="1" fbRx="178.4991371" lbRx="0" />
<p fId="2" fbTx="178.4990821" lbTx="178.4991305" tId="1" fbRx="178.4991371" lbRx="0" />
<p fId="2" fbTx="178.4991385" lbTx="178.499187" tId="0" fbRx="178.4991935" lbRx="0" />
<p fId="2" fbTx="178.4991385" lbTx="178.499187" tId="1" fbRx="178.4991935" lbRx="0" />
<p fId="2" fbTx="178.4991385" lbTx="178.499187" tId="1" fbRx="178.4991935" lbRx="0" />
<p fId="2" fbTx="178.4991939" lbTx="178.4992424" tId="0" fbRx="178.499249" lbRx="0" />
<p fId="2" fbTx="178.4991939" lbTx="178.4992424" tId="1" fbRx="178.499249" lbRx="0" />
<p fId="2" fbTx="178.4991939" lbTx="178.4992424" tId="1" fbRx="178.499249" lbRx="0" />
<p fId="2" fbTx="178.4992564" lbTx="178.4993049" tId="0" fbRx="178.4993114" lbRx="0" />
<p fId="2" fbTx="178.4992564" lbTx="178.4993049" tId="1" fbRx="178.4993114" lbRx="0" />
<p fId="2" fbTx="178.4992564" lbTx="178.4993049" tId="1" fbRx="178.4993114" lbRx="0" />
<p fId="2" fbTx="178.4993128" lbTx="178.4993613" tId="0" fbRx="178.4993679" lbRx="0" />
<p fId="2" fbTx="178.4993128" lbTx="178.4993613" tId="1" fbRx="178.4993679" lbRx="0" />
<p fId="2" fbTx="178.4993128" lbTx="178.4993613" tId="1" fbRx="178.4993679" lbRx="0" />
<p fId="2" fbTx="178.4993683" lbTx="178.4994167" tId="0" fbRx="178.4994233" lbRx="0" />
<p fId="2" fbTx="178.4993683" lbTx="178.4994167" tId="1" fbRx="178.4994233" lbRx="0" />
<p fId="2" fbTx="178.4993683" lbTx="178.4994167" tId="1" fbRx="178.4994233" lbRx="0" />
<p fId="2" fbTx="178.4994237" lbTx="178.4994722" tId="0" fbRx="178.4994787" lbRx="0" />
<p fId="2" fbTx="178.4994237" lbTx="178.4994722" tId="1" fbRx="178.4994787" lbRx="0" />
<p fId="2" fbTx="178.4994237" lbTx="178.4994722" tId="1" fbRx="178.4994787" lbRx="0" />
<p fId="2" fbTx="178.4994791" lbTx="178.4995276" tId="0" fbRx="178.4995342" lbRx="0" />
<p fId="2" fbTx="178.4994791" lbTx="178.4995276" tId="1" fbRx="178.4995342" lbRx="0" />
<p fId="2" fbTx="178.4994791" lbTx="178.4995276" tId="1" fbRx="178.4995342" lbRx="0" />
<p fId="2" fbTx="178.4995366" lbTx="178.4995851" tId="0" fbRx="178.4995916" lbRx="0" />
<p fId="2" fbTx="178.4995366" lbTx="178.4995851" tId="1" fbRx="178.4995916" lbRx="0" />
<p fId="2" fbTx="178.4995366" lbTx="178.4995851" tId="1" fbRx="178.4995916" lbRx="0" />
<p fId="2" fbTx="178.499594" lbTx="178.4996425" tId="0" fbRx="178.4996491" lbRx="0" />
<p fId="2" fbTx="178.499594" lbTx="178.4996425" tId="1" fbRx="178.4996491" lbRx="0" />
<p fId="2" fbTx="178.499594" lbTx="178.4996425" tId="1" fbRx="178.4996491" lbRx="0" />
<p fId="2" fbTx="178.4996515" lbTx="178.4996999" tId="0" fbRx="178.4997065" lbRx="0" />
<p fId="2" fbTx="178.4996515" lbTx="178.4996999" tId="1" fbRx="178.4997065" lbRx="0" />
<p fId="2" fbTx="178.4996515" lbTx="178.4996999" tId="1" fbRx="178.4997065" lbRx="0" />
<p fId="2" fbTx="178.4997149" lbTx="178.4997634" tId="0" fbRx="178.4997699" lbRx="0" />
<p fId="2" fbTx="178.4997149" lbTx="178.4997634" tId="1" fbRx="178.4997699" lbRx="0" />
<p fId="2" fbTx="178.4997149" lbTx="178.4997634" tId="1" fbRx="178.4997699" lbRx="0" />
<p fId="2" fbTx="178.4997723" lbTx="178.4998208" tId="0" fbRx="178.4998274" lbRx="0" />
<p fId="2" fbTx="178.4997723" lbTx="178.4998208" tId="1" fbRx="178.4998274" lbRx="0" />
<p fId="2" fbTx="178.4997723" lbTx="178.4998208" tId="1" fbRx="178.4998274" lbRx="0" />
<p fId="2" fbTx="178.4998298" lbTx="178.4998783" tId="0" fbRx="178.4998848" lbRx="0" />
<p fId="2" fbTx="178.4998298" lbTx="178.4998783" tId="1" fbRx="178.4998848" lbRx="0" />
<p fId="2" fbTx="178.4998298" lbTx="178.4998783" tId="1" fbRx="178.4998848" lbRx="0" />
<p fId="2" fbTx="178.4998922" lbTx="178.4999407" tId="0" fbRx="178.4999473" lbRx="0" />
<p fId="2" fbTx="178.4998922" lbTx="178.4999407" tId="1" fbRx="178.4999473" lbRx="0" />
<p fId="2" fbTx="178.4998922" lbTx="178.4999407" tId="1" fbRx="178.4999473" lbRx="0" />
<p fId="2" fbTx="178.4999497" lbTx="178.4999981" tId="0" fbRx="178.5000047" lbRx="0" />
<p fId="2" fbTx="178.4999497" lbTx="178.4999981" tId="1" fbRx="178.5000047" lbRx="0" />
<p fId="2" fbTx="178.4999497" lbTx="178.4999981" tId="1" fbRx="178.5000047" lbRx="0" />
<p fId="2" fbTx="178.5000071" lbTx="178.5000556" tId="0" fbRx="178.5000621" lbRx="0" />
<p fId="2" fbTx="178.5000071" lbTx="178.5000556" tId="1" fbRx="178.5000621" lbRx="0" />
<p fId="2" fbTx="178.5000071" lbTx="178.5000556" tId="1" fbRx="178.5000621" lbRx="0" />
<p fId="2" fbTx="178.5000635" lbTx="178.500112" tId="0" fbRx="178.5001186" lbRx="0" />
<p fId="2" fbTx="178.5000635" lbTx="178.500112" tId="1" fbRx="178.5001186" lbRx="0" />
<p fId="2" fbTx="178.5000635" lbTx="178.500112" tId="1" fbRx="178.5001186" lbRx="0" />
<p fId="2" fbTx="178.500121" lbTx="178.5001695" tId="0" fbRx="178.500176" lbRx="0" />
<p fId="2" fbTx="178.500121" lbTx="178.5001695" tId="1" fbRx="178.500176" lbRx="0" />
<p fId="2" fbTx="178.500121" lbTx="178.5001695" tId="1" fbRx="178.500176" lbRx="0" />
<p fId="2" fbTx="178.5001764" lbTx="178.5002249" tId="0" fbRx="178.5002315" lbRx="0" />
<p fId="2" fbTx="178.5001764" lbTx="178.5002249" tId="1" fbRx="178.5002315" lbRx="0" />
<p fId="2" fbTx="178.5001764" lbTx="178.5002249" tId="1" fbRx="178.5002315" lbRx="0" />
<p fId="2" fbTx="178.5002419" lbTx="178.5002903" tId="0" fbRx="178.5002969" lbRx="0" />
<p fId="2" fbTx="178.5002419" lbTx="178.5002903" tId="1" fbRx="178.5002969" lbRx="0" />
<p fId="2" fbTx="178.5002419" lbTx="178.5002903" tId="1" fbRx="178.5002969" lbRx="0" />
<p fId="2" fbTx="178.5002993" lbTx="178.5003478" tId="0" fbRx="178.5003543" lbRx="0" />
<p fId="2" fbTx="178.5002993" lbTx="178.5003478" tId="1" fbRx="178.5003543" lbRx="0" />
<p fId="2" fbTx="178.5002993" lbTx="178.5003478" tId="1" fbRx="178.5003543" lbRx="0" />
<p fId="2" fbTx="178.5003657" lbTx="178.5004142" tId="0" fbRx="178.5004208" lbRx="0" />
<p fId="2" fbTx="178.5003657" lbTx="178.5004142" tId="1" fbRx="178.5004208" lbRx="0" />
<p fId="2" fbTx="178.5003657" lbTx="178.5004142" tId="1" fbRx="178.5004208" lbRx="0" />
<p fId="2" fbTx="178.5004222" lbTx="178.5004707" tId="0" fbRx="178.5004772" lbRx="0" />
<p fId="2" fbTx="178.5004222" lbTx="178.5004707" tId="1" fbRx="178.5004772" lbRx="0" />
<p fId="2" fbTx="178.5004222" lbTx="178.5004707" tId="1" fbRx="178.5004772" lbRx="0" />
<p fId="2" fbTx="178.5004866" lbTx="178.5005351" tId="0" fbRx="178.5005417" lbRx="0" />
<p fId="2" fbTx="178.5004866" lbTx="178.5005351" tId="1" fbRx="178.5005417" lbRx="0" />
<p fId="2" fbTx="178.5004866" lbTx="178.5005351" tId="1" fbRx="178.5005417" lbRx="0" />
<p fId="2" fbTx="178.5005421" lbTx="178.5005905" tId="0" fbRx="178.5005971" lbRx="0" />
<p fId="2" fbTx="178.5005421" lbTx="178.5005905" tId="1" fbRx="178.5005971" lbRx="0" />
<p fId="2" fbTx="178.5005421" lbTx="178.5005905" tId="1" fbRx="178.5005971" lbRx="0" />
<p fId="2" fbTx="178.5006065" lbTx="178.500655" tId="0" fbRx="178.5006615" lbRx="0" />
<p fId="2" fbTx="178.5006065" lbTx="178.500655" tId="1" fbRx="178.5006615" lbRx="0" />
<p fId="2" fbTx="178.5006065" lbTx="178.500655" tId="1" fbRx="178.5006615" lbRx="0" />
<p fId="2" fbTx="178.5006619" lbTx="178.5007104" tId="0" fbRx="178.500717" lbRx="0" />
<p fId="2" fbTx="178.5006619" lbTx="178.5007104" tId="1" fbRx="178.500717" lbRx="0" />
<p fId="2" fbTx="178.5006619" lbTx="178.5007104" tId="1" fbRx="178.500717" lbRx="0" />
<p fId="2" fbTx="178.5007194" lbTx="178.5007679" tId="0" fbRx="178.5007744" lbRx="0" />
<p fId="2" fbTx="178.5007194" lbTx="178.5007679" tId="1" fbRx="178.5007744" lbRx="0" />
<p fId="2" fbTx="178.5007194" lbTx="178.5007679" tId="1" fbRx="178.5007744" lbRx="0" />
<p fId="2" fbTx="178.5007768" lbTx="178.5008253" tId="0" fbRx="178.5008319" lbRx="0" />
<p fId="2" fbTx="178.5007768" lbTx="178.5008253" tId="1" fbRx="178.5008319" lbRx="0" />
<p fId="2" fbTx="178.5007768" lbTx="178.5008253" tId="1" fbRx="178.5008319" lbRx="0" />
<p fId="2" fbTx="178.5008353" lbTx="178.5008837" tId="0" fbRx="178.5008903" lbRx="0" />
<p fId="2" fbTx="178.5008353" lbTx="178.5008837" tId="1" fbRx="178.5008903" lbRx="0" />
<p fId="2" fbTx="178.5008353" lbTx="178.5008837" tId="1" fbRx="178.5008903" lbRx="0" />
<p fId="2" fbTx="178.5008987" lbTx="178.5009472" tId="0" fbRx="178.5009537" lbRx="0" />
<p fId="2" fbTx="178.5008987" lbTx="178.5009472" tId="1" fbRx="178.5009537" lbRx="0" />
<p fId="2" fbTx="178.5008987" lbTx="178.5009472" tId="1" fbRx="178.5009537" lbRx="0" />
<p fId="2" fbTx="178.5009601" lbTx="178.5010086" tId="0" fbRx="178.5010152" lbRx="0" />
<p fId="2" fbTx="178.5009601" lbTx="178.5010086" tId="1" fbRx="178.5010152" lbRx="0" />
<p fId="2" fbTx="178.5009601" lbTx="178.5010086" tId="1" fbRx="178.5010152" lbRx="0" />
<p fId="2" fbTx="178.5010156" lbTx="178.5010641" tId="0" fbRx="178.5010706" lbRx="0" />
<p fId="2" fbTx="178.5010156" lbTx="178.5010641" tId="1" fbRx="178.5010706" lbRx="0" />
<p fId="2" fbTx="178.5010156" lbTx="178.5010641" tId="1" fbRx="178.5010706" lbRx="0" />
<p fId="1" fbTx="178.501073" lbTx="178.5010786" tId="0" fbRx="178.5010851" lbRx="0" />
<p fId="1" fbTx="178.501073" lbTx="178.5010786" tId="2" fbRx="178.5010851" lbRx="0" />
<p fId="1" fbTx="178.501073" lbTx="178.5010786" tId="2" fbRx="178.5010851" lbRx="0" />
<p fId="1" fbTx="178.5010875" lbTx="178.5010931" tId="0" fbRx="178.5010997" lbRx="0" />
<p fId="1" fbTx="178.5010875" lbTx="178.5010931" tId="2" fbRx="178.5010997" lbRx="0" />
<p fId="1" fbTx="178.5010875" lbTx="178.5010931" tId="2" fbRx="178.5010997" lbRx="0" />
<p fId="1" fbTx="178.5011021" lbTx="178.5011077" tId="0" fbRx="178.5011143" lbRx="0" />
<p fId="1" fbTx="178.5011021" lbTx="178.5011077" tId="2" fbRx="178.5011143" lbRx="0" />
<p fId="1" fbTx="178.5011021" lbTx="178.5011077" tId="2" fbRx="178.5011143" lbRx="0" />
<p fId="1" fbTx="178.5011147" lbTx="178.5011203" tId="0" fbRx="178.5011268" lbRx="0" />
<p fId="1" fbTx="178.5011147" lbTx="178.5011203" tId="2" fbRx="178.5011268" lbRx="0" />
<p fId="1" fbTx="178.5011147" lbTx="178.5011203" tId="2" fbRx="178.5011268" lbRx="0" />
<p fId="1" fbTx="178.5011282" lbTx="178.5011338" tId="0" fbRx="178.5011404" lbRx="0" />
<p fId="1" fbTx="178.5011282" lbTx="178.5011338" tId="2" fbRx="178.5011404" lbRx="0" />
<p fId="1" fbTx="178.5011282" lbTx="178.5011338" tId="2" fbRx="178.5011404" lbRx="0" />
<p fId="1" fbTx="178.5011408" lbTx="178.5011464" tId="0" fbRx="178.5011529" lbRx="0" />
<p fId="1" fbTx="178.5011408" lbTx="178.5011464" tId="2" fbRx="178.5011529" lbRx="0" />
<p fId="1" fbTx="178.5011408" lbTx="178.5011464" tId="2" fbRx="178.5011529" lbRx="0" />
<p fId="1" fbTx="178.5011553" lbTx="178.5011609" tId="0" fbRx="178.5011675" lbRx="0" />
<p fId="1" fbTx="178.5011553" lbTx="178.5011609" tId="2" fbRx="178.5011675" lbRx="0" />
<p fId="1" fbTx="178.5011553" lbTx="178.5011609" tId="2" fbRx="178.5011675" lbRx="0" />
<p fId="1" fbTx="178.5011689" lbTx="178.5011745" tId="0" fbRx="178.5011811" lbRx="0" />
<p fId="1" fbTx="178.5011689" lbTx="178.5011745" tId="2" fbRx="178.5011811" lbRx="0" />
<p fId="1" fbTx="178.5011689" lbTx="178.5011745" tId="2" fbRx="178.5011811" lbRx="0" />
<p fId="1" fbTx="178.5011895" lbTx="178.5011951" tId="0" fbRx="178.5012016" lbRx="0" />
<p fId="1" fbTx="178.5011895" lbTx="178.5011951" tId="2" fbRx="178.5012016" lbRx="0" />
<p fId="1" fbTx="178.5011895" lbTx="178.5011951" tId="2" fbRx="178.5012016" lbRx="0" />
<p fId="1" fbTx="178.501204" lbTx="178.5012096" tId="0" fbRx="178.5012162" lbRx="0" />
<p fId="1" fbTx="178.501204" lbTx="178.5012096" tId="2" fbRx="178.5012162" lbRx="0" />
<p fId="1" fbTx="178.501204" lbTx="178.5012096" tId="2" fbRx="178.5012162" lbRx="0" />
<p fId="1" fbTx="178.5012256" lbTx="178.5012312" tId="0" fbRx="178.5012377" lbRx="0" />
<p fId="1" fbTx="178.5012256" lbTx="178.5012312" tId="2" fbRx="178.5012377" lbRx="0" />
<p fId="1" fbTx="178.5012256" lbTx="178.5012312" tId="2" fbRx="178.5012377" lbRx="0" />
<p fId="1" fbTx="178.5012461" lbTx="178.5012517" tId="0" fbRx="178.5012583" lbRx="0" />
<p fId="1" fbTx="178.5012461" lbTx="178.5012517" tId="2" fbRx="178.5012583" lbRx="0" />
<p fId="1" fbTx="178.5012461" lbTx="178.5012517" tId="2" fbRx="178.5012583" lbRx="0" />
<p fId="1" fbTx="178.5012587" lbTx="178.5012643" tId="0" fbRx="178.5012709" lbRx="0" />
<p fId="1" fbTx="178.5012587" lbTx="178.5012643" tId="2" fbRx="178.5012709" lbRx="0" />
<p fId="1" fbTx="178.5012587" lbTx="178.5012643" tId="2" fbRx="178.5012709" lbRx="0" />
<p fId="1" fbTx="178.5012723" lbTx="178.5012779" tId="0" fbRx="178.5012844" lbRx="0" />
<p fId="1" fbTx="178.5012723" lbTx="178.5012779" tId="2" fbRx="178.5012844" lbRx="0" />
<p fId="1" fbTx="178.5012723" lbTx="178.5012779" tId="2" fbRx="178.5012844" lbRx="0" />
<p fId="1" fbTx="178.5012858" lbTx="178.5012914" tId="0" fbRx="178.501298" lbRx="0" />
<p fId="1" fbTx="178.5012858" lbTx="178.5012914" tId="2" fbRx="178.501298" lbRx="0" />
<p fId="1" fbTx="178.5012858" lbTx="178.5012914" tId="2" fbRx="178.501298" lbRx="0" />
<p fId="1" fbTx="178.5013104" lbTx="178.501316" tId="0" fbRx="178.5013225" lbRx="0" />
<p fId="1" fbTx="178.5013104" lbTx="178.501316" tId="2" fbRx="178.5013225" lbRx="0" />
<p fId="1" fbTx="178.5013104" lbTx="178.501316" tId="2" fbRx="178.5013225" lbRx="0" />
<p fId="1" fbTx="178.5013229" lbTx="178.5013285" tId="0" fbRx="178.5013351" lbRx="0" />
<p fId="1" fbTx="178.5013229" lbTx="178.5013285" tId="2" fbRx="178.5013351" lbRx="0" />
<p fId="1" fbTx="178.5013229" lbTx="178.5013285" tId="2" fbRx="178.5013351" lbRx="0" />
<p fId="1" fbTx="178.5013375" lbTx="178.5013431" tId="0" fbRx="178.5013497" lbRx="0" />
<p fId="1" fbTx="178.5013375" lbTx="178.5013431" tId="2" fbRx="178.5013497" lbRx="0" />
<p fId="1" fbTx="178.5013375" lbTx="178.5013431" tId="2" fbRx="178.5013497" lbRx="0" />
<p fId="1" fbTx="178.5013501" lbTx="178.5013557" tId="0" fbRx="178.5013622" lbRx="0" />
<p fId="1" fbTx="178.5013501" lbTx="178.5013557" tId="2" fbRx="178.5013622" lbRx="0" />
<p fId="1" fbTx="178.5013501" lbTx="178.5013557" tId="2" fbRx="178.5013622" lbRx="0" />
<p fId="1" fbTx="178.5013686" lbTx="178.5013742" tId="0" fbRx="178.5013808" lbRx="0" />
<p fId="1" fbTx="178.5013686" lbTx="178.5013742" tId="2" fbRx="178.5013808" lbRx="0" />
<p fId="1" fbTx="178.5013686" lbTx="178.5013742" tId="2" fbRx="178.5013808" lbRx="0" />
<p fId="1" fbTx="178.5013822" lbTx="178.5013878" tId="0" fbRx="178.5013943" lbRx="0" />
<p fId="1" fbTx="178.5013822" lbTx="178.5013878" tId="2" fbRx="178.5013943" lbRx="0" />
<p fId="1" fbTx="178.5013822" lbTx="178.5013878" tId="2" fbRx="178.5013943" lbRx="0" />
<p fId="1" fbTx="178.5013957" lbTx="178.5014013" tId="0" fbRx="178.5014079" lbRx="0" />
<p fId="1" fbTx="178.5013957" lbTx="178.5014013" tId="2" fbRx="178.5014079" lbRx="0" />
<p fId="1" fbTx="178.5013957" lbTx="178.5014013" tId="2" fbRx="178.5014079" lbRx="0" />
<p fId="1" fbTx="178.5014093" lbTx="178.5014149" tId="0" fbRx="178.5014215" lbRx="0" />
<p fId="1" fbTx="178.5014093" lbTx="178.5014149" tId="2" fbRx="178.5014215" lbRx="0" />
<p fId="1" fbTx="178.5014093" lbTx="178.5014149" tId="2" fbRx="178.5014215" lbRx="0" />
<p fId="1" fbTx="178.5014219" lbTx="178.5014275" tId="0" fbRx="178.501434" lbRx="0" />
<p fId="1" fbTx="178.5014219" lbTx="178.5014275" tId="2" fbRx="178.501434" lbRx="0" />
<p fId="1" fbTx="178.5014219" lbTx="178.5014275" tId="2" fbRx="178.501434" lbRx="0" />
<p fId="1" fbTx="178.5014344" lbTx="178.50144" tId="0" fbRx="178.5014466" lbRx="0" />
<p fId="1" fbTx="178.5014344" lbTx="178.50144" tId="2" fbRx="178.5014466" lbRx="0" />
<p fId="1" fbTx="178.5014344" lbTx="178.50144" tId="2" fbRx="178.5014466" lbRx="0" />
<p fId="1" fbTx="178.501449" lbTx="178.5014546" tId="0" fbRx="178.5014611" lbRx="0" />
<p fId="1" fbTx="178.501449" lbTx="178.5014546" tId="2" fbRx="178.5014611" lbRx="0" />
<p fId="1" fbTx="178.501449" lbTx="178.5014546" tId="2" fbRx="178.5014611" lbRx="0" />
<p fId="1" fbTx="178.5014675" lbTx="178.5014731" tId="0" fbRx="178.5014797" lbRx="0" />
<p fId="1" fbTx="178.5014675" lbTx="178.5014731" tId="2" fbRx="178.5014797" lbRx="0" />
<p fId="1" fbTx="178.5014675" lbTx="178.5014731" tId="2" fbRx="178.5014797" lbRx="0" />
<p fId="1" fbTx="178.5014801" lbTx="178.5014857" tId="0" fbRx="178.5014923" lbRx="0" />
<p fId="1" fbTx="178.5014801" lbTx="178.5014857" tId="2" fbRx="178.5014923" lbRx="0" />
<p fId="1" fbTx="178.5014801" lbTx="178.5014857" tId="2" fbRx="178.5014923" lbRx="0" />
<p fId="1" fbTx="178.5014977" lbTx="178.5015033" tId="0" fbRx="178.5015098" lbRx="0" />
<p fId="1" fbTx="178.5014977" lbTx="178.5015033" tId="2" fbRx="178.5015098" lbRx="0" />
<p fId="1" fbTx="178.5014977" lbTx="178.5015033" tId="2" fbRx="178.5015098" lbRx="0" />
<p fId="1" fbTx="178.5015122" lbTx="178.5015178" tId="0" fbRx="178.5015244" lbRx="0" />
<p fId="1" fbTx="178.5015122" lbTx="178.5015178" tId="2" fbRx="178.5015244" lbRx="0" />
<p fId="1" fbTx="178.5015122" lbTx="178.5015178" tId="2" fbRx="178.5015244" lbRx="0" />
<p fId="1" fbTx="178.5015308" lbTx="178.5015364" tId="0" fbRx="178.5015429" lbRx="0" />
<p fId="1" fbTx="178.5015308" lbTx="178.5015364" tId="2" fbRx="178.5015429" lbRx="0" />
<p fId="1" fbTx="178.5015308" lbTx="178.5015364" tId="2" fbRx="178.5015429" lbRx="0" />
<p fId="1" fbTx="178.5015443" lbTx="178.5015499" tId="0" fbRx="178.5015565" lbRx="0" />
<p fId="1" fbTx="178.5015443" lbTx="178.5015499" tId="2" fbRx="178.5015565" lbRx="0" />
<p fId="1" fbTx="178.5015443" lbTx="178.5015499" tId="2" fbRx="178.5015565" lbRx="0" />
<p fId="1" fbTx="178.5015609" lbTx="178.5015665" tId="0" fbRx="178.5015731" lbRx="0" />
<p fId="1" fbTx="178.5015609" lbTx="178.5015665" tId="2" fbRx="178.5015731" lbRx="0" />
<p fId="1" fbTx="178.5015609" lbTx="178.5015665" tId="2" fbRx="178.5015731" lbRx="0" />
<p fId="1" fbTx="178.5015735" lbTx="178.5015791" tId="0" fbRx="178.5015856" lbRx="0" />
<p fId="1" fbTx="178.5015735" lbTx="178.5015791" tId="2" fbRx="178.5015856" lbRx="0" />
<p fId="1" fbTx="178.5015735" lbTx="178.5015791" tId="2" fbRx="178.5015856" lbRx="0" />
<p fId="1" fbTx="178.501615" lbTx="178.5016206" tId="0" fbRx="178.5016272" lbRx="0" />
<p fId="1" fbTx="178.501615" lbTx="178.5016206" tId="2" fbRx="178.5016272" lbRx="0" />
<p fId="1" fbTx="178.501615" lbTx="178.5016206" tId="2" fbRx="178.5016272" lbRx="0" />
<p fId="1" fbTx="178.5016296" lbTx="178.5016352" tId="0" fbRx="178.5016417" lbRx="0" />
<p fId="1" fbTx="178.5016296" lbTx="178.5016352" tId="2" fbRx="178.5016417" lbRx="0" />
<p fId="1" fbTx="178.5016296" lbTx="178.5016352" tId="2" fbRx="178.5016417" lbRx="0" />
<p fId="1" fbTx="178.5016431" lbTx="178.5016487" tId="0" fbRx="178.5016553" lbRx="0" />
<p fId="1" fbTx="178.5016431" lbTx="178.5016487" tId="2" fbRx="178.5016553" lbRx="0" />
<p fId="1" fbTx="178.5016431" lbTx="178.5016487" tId="2" fbRx="178.5016553" lbRx="0" />
<p fId="1" fbTx="178.5016567" lbTx="178.5016623" tId="0" fbRx="178.5016689" lbRx="0" />
<p fId="1" fbTx="178.5016567" lbTx="178.5016623" tId="2" fbRx="178.5016689" lbRx="0" />
<p fId="1" fbTx="178.5016567" lbTx="178.5016623" tId="2" fbRx="178.5016689" lbRx="0" />
<p fId="1" fbTx="178.5016713" lbTx="178.5016769" tId="0" fbRx="178.5016834" lbRx="0" />
<p fId="1" fbTx="178.5016713" lbTx="178.5016769" tId="2" fbRx="178.5016834" lbRx="0" />
<p fId="1" fbTx="178.5016713" lbTx="178.5016769" tId="2" fbRx="178.5016834" lbRx="0" />
<p fId="1" fbTx="178.5016908" lbTx="178.5016964" tId="0" fbRx="178.501703" lbRx="0" />
<p fId="1" fbTx="178.5016908" lbTx="178.5016964" tId="2" fbRx="178.501703" lbRx="0" />
<p fId="1" fbTx="178.5016908" lbTx="178.5016964" tId="2" fbRx="178.501703" lbRx="0" />
<p fId="1" fbTx="178.5017034" lbTx="178.501709" tId="0" fbRx="178.5017155" lbRx="0" />
<p fId="1" fbTx="178.5017034" lbTx="178.501709" tId="2" fbRx="178.5017155" lbRx="0" />
<p fId="1" fbTx="178.5017034" lbTx="178.501709" tId="2" fbRx="178.5017155" lbRx="0" />
<p fId="1" fbTx="178.5017159" lbTx="178.5017215" tId="0" fbRx="178.5017281" lbRx="0" />
<p fId="1" fbTx="178.5017159" lbTx="178.5017215" tId="2" fbRx="178.5017281" lbRx="0" />
<p fId="1" fbTx="178.5017159" lbTx="178.5017215" tId="2" fbRx="178.5017281" lbRx="0" />
<p fId="1" fbTx="178.5017295" lbTx="178.5017351" tId="0" fbRx="178.5017417" lbRx="0" />
<p fId="1" fbTx="178.5017295" lbTx="178.5017351" tId="2" fbRx="178.5017417" lbRx="0" />
<p fId="1" fbTx="178.5017295" lbTx="178.5017351" tId="2" fbRx="178.5017417" lbRx="0" />
<p fId="1" fbTx="178.5017441" lbTx="178.5017497" tId="0" fbRx="178.5017562" lbRx="0" />
<p fId="1" fbTx="178.5017441" lbTx="178.5017497" tId="2" fbRx="178.5017562" lbRx="0" />
<p fId="1" fbTx="178.5017441" lbTx="178.5017497" tId="2" fbRx="178.5017562" lbRx="0" />
<p fId="1" fbTx="178.5017586" lbTx="178.5017642" tId="0" fbRx="178.5017708" lbRx="0" />
<p fId="1" fbTx="178.5017586" lbTx="178.5017642" tId="2" fbRx="178.5017708" lbRx="0" />
<p fId="1" fbTx="178.5017586" lbTx="178.5017642" tId="2" fbRx="178.5017708" lbRx="0" />
<p fId="1" fbTx="178.5017792" lbTx="178.5017848" tId="0" fbRx="178.5017913" lbRx="0" />
<p fId="1" fbTx="178.5017792" lbTx="178.5017848" tId="2" fbRx="178.5017913" lbRx="0" />
<p fId="1" fbTx="178.5017792" lbTx="178.5017848" tId="2" fbRx="178.5017913" lbRx="0" />
<p fId="1" fbTx="178.5017917" lbTx="178.5017973" tId="0" fbRx="178.5018039" lbRx="0" />
<p fId="1" fbTx="178.5017917" lbTx="178.5017973" tId="2" fbRx="178.5018039" lbRx="0" />
<p fId="1" fbTx="178.5017917" lbTx="178.5017973" tId="2" fbRx="178.5018039" lbRx="0" />
<p fId="1" fbTx="178.5018063" lbTx="178.5018119" tId="0" fbRx="178.5018185" lbRx="0" />
<p fId="1" fbTx="178.5018063" lbTx="178.5018119" tId="2" fbRx="178.5018185" lbRx="0" />
<p fId="1" fbTx="178.5018063" lbTx="178.5018119" tId="2" fbRx="178.5018185" lbRx="0" />
<p fId="1" fbTx="178.5018289" lbTx="178.5018345" tId="0" fbRx="178.501841" lbRx="0" />
<p fId="1" fbTx="178.5018289" lbTx="178.5018345" tId="2" fbRx="178.501841" lbRx="0" />
<p fId="1" fbTx="178.5018289" lbTx="178.5018345" tId="2" fbRx="178.501841" lbRx="0" />
<p fId="1" fbTx="178.5018414" lbTx="178.501847" tId="0" fbRx="178.5018536" lbRx="0" />
<p fId="1" fbTx="178.5018414" lbTx="178.501847" tId="2" fbRx="178.5018536" lbRx="0" />
<p fId="1" fbTx="178.5018414" lbTx="178.501847" tId="2" fbRx="178.5018536" lbRx="0" />
<p fId="1" fbTx="178.501854" lbTx="178.5018596" tId="0" fbRx="178.5018661" lbRx="0" />
<p fId="1" fbTx="178.501854" lbTx="178.5018596" tId="2" fbRx="178.5018661" lbRx="0" />
<p fId="1" fbTx="178.501854" lbTx="178.5018596" tId="2" fbRx="178.5018661" lbRx="0" />
<p fId="1" fbTx="178.5018675" lbTx="178.5018731" tId="0" fbRx="178.5018797" lbRx="0" />
<p fId="1" fbTx="178.5018675" lbTx="178.5018731" tId="2" fbRx="178.5018797" lbRx="0" />
<p fId="1" fbTx="178.5018675" lbTx="178.5018731" tId="2" fbRx="178.5018797" lbRx="0" />
<p fId="1" fbTx="178.5018821" lbTx="178.5018877" tId="0" fbRx="178.5018943" lbRx="0" />
<p fId="1" fbTx="178.5018821" lbTx="178.5018877" tId="2" fbRx="178.5018943" lbRx="0" />
<p fId="1" fbTx="178.5018821" lbTx="178.5018877" tId="2" fbRx="178.5018943" lbRx="0" />
<p fId="1" fbTx="178.5018957" lbTx="178.5019013" tId="0" fbRx="178.5019078" lbRx="0" />
<p fId="1" fbTx="178.5018957" lbTx="178.5019013" tId="2" fbRx="178.5019078" lbRx="0" />
<p fId="1" fbTx="178.5018957" lbTx="178.5019013" tId="2" fbRx="178.5019078" lbRx="0" />
<p fId="2" fbTx="178.502196" lbTx="178.5022445" tId="0" fbRx="178.5022511" lbRx="0" />
<p fId="2" fbTx="178.502196" lbTx="178.5022445" tId="1" fbRx="178.5022511" lbRx="0" />
<p fId="2" fbTx="178.502196" lbTx="178.5022445" tId="1" fbRx="178.5022511" lbRx="0" />
<p fId="2" fbTx="178.5022515" lbTx="178.5022999" tId="0" fbRx="178.5023065" lbRx="0" />
<p fId="2" fbTx="178.5022515" lbTx="178.5022999" tId="1" fbRx="178.5023065" lbRx="0" />
<p fId="2" fbTx="178.5022515" lbTx="178.5022999" tId="1" fbRx="178.5023065" lbRx="0" />
<p fId="1" fbTx="178.5023075" lbTx="178.5023131" tId="0" fbRx="178.5023197" lbRx="0" />
<p fId="1" fbTx="178.5023075" lbTx="178.5023131" tId="2" fbRx="178.5023197" lbRx="0" />
<p fId="1" fbTx="178.5023075" lbTx="178.5023131" tId="2" fbRx="178.5023197" lbRx="0" />
<p fId="2" fbTx="178.5023309" lbTx="178.5023794" tId="0" fbRx="178.5023859" lbRx="0" />
<p fId="2" fbTx="178.5023309" lbTx="178.5023794" tId="1" fbRx="178.5023859" lbRx="0" />
<p fId="2" fbTx="178.5023309" lbTx="178.5023794" tId="1" fbRx="178.5023859" lbRx="0" />
<p fId="2" fbTx="178.5023893" lbTx="178.5024378" tId="0" fbRx="178.5024444" lbRx="0" />
<p fId="2" fbTx="178.5023893" lbTx="178.5024378" tId="1" fbRx="178.5024444" lbRx="0" />
<p fId="2" fbTx="178.5023893" lbTx="178.5024378" tId="1" fbRx="178.5024444" lbRx="0" />
<p fId="1" fbTx="178.5024454" lbTx="178.502451" tId="0" fbRx="178.5024575" lbRx="0" />
<p fId="1" fbTx="178.5024454" lbTx="178.502451" tId="2" fbRx="178.5024575" lbRx="0" />
<p fId="1" fbTx="178.5024454" lbTx="178.502451" tId="2" fbRx="178.5024575" lbRx="0" />
<p fId="2" fbTx="178.5024838" lbTx="178.5025323" tId="0" fbRx="178.5025388" lbRx="0" />
<p fId="2" fbTx="178.5024838" lbTx="178.5025323" tId="1" fbRx="178.5025388" lbRx="0" />
<p fId="2" fbTx="178.5024838" lbTx="178.5025323" tId="1" fbRx="178.5025388" lbRx="0" />
<p fId="2" fbTx="178.5025452" lbTx="178.5025937" tId="0" fbRx="178.5026003" lbRx="0" />
<p fId="2" fbTx="178.5025452" lbTx="178.5025937" tId="1" fbRx="178.5026003" lbRx="0" />
<p fId="2" fbTx="178.5025452" lbTx="178.5025937" tId="1" fbRx="178.5026003" lbRx="0" />
<p fId="1" fbTx="178.5026013" lbTx="178.5026069" tId="0" fbRx="178.5026134" lbRx="0" />
<p fId="1" fbTx="178.5026013" lbTx="178.5026069" tId="2" fbRx="178.5026134" lbRx="0" />
<p fId="1" fbTx="178.5026013" lbTx="178.5026069" tId="2" fbRx="178.5026134" lbRx="0" />
<p fId="2" fbTx="178.5026167" lbTx="178.5026651" tId="0" fbRx="178.5026717" lbRx="0" />
<p fId="2" fbTx="178.5026167" lbTx="178.5026651" tId="1" fbRx="178.5026717" lbRx="0" />
<p fId="2" fbTx="178.5026167" lbTx="178.5026651" tId="1" fbRx="178.5026717" lbRx="0" />
<p fId="2" fbTx="178.5026741" lbTx="178.5027226" tId="0" fbRx="178.5027291" lbRx="0" />
<p fId="2" fbTx="178.5026741" lbTx="178.5027226" tId="1" fbRx="178.5027291" lbRx="0" />
<p fId="2" fbTx="178.5026741" lbTx="178.5027226" tId="1" fbRx="178.5027291" lbRx="0" />
<p fId="1" fbTx="178.5027301" lbTx="178.5027357" tId="0" fbRx="178.5027423" lbRx="0" />
<p fId="1" fbTx="178.5027301" lbTx="178.5027357" tId="2" fbRx="178.5027423" lbRx="0" />
<p fId="1" fbTx="178.5027301" lbTx="178.5027357" tId="2" fbRx="178.5027423" lbRx="0" />
<p fId="2" fbTx="178.5027585" lbTx="178.502807" tId="0" fbRx="178.5028136" lbRx="0" />
<p fId="2" fbTx="178.5027585" lbTx="178.502807" tId="1" fbRx="178.5028136" lbRx="0" />
<p fId="2" fbTx="178.5027585" lbTx="178.502807" tId="1" fbRx="178.5028136" lbRx="0" />
<p fId="2" fbTx="178.502814" lbTx="178.5028625" tId="0" fbRx="178.502869" lbRx="0" />
<p fId="2" fbTx="178.502814" lbTx="178.5028625" tId="1" fbRx="178.502869" lbRx="0" />
<p fId="2" fbTx="178.502814" lbTx="178.5028625" tId="1" fbRx="178.502869" lbRx="0" />
<p fId="1" fbTx="178.50287" lbTx="178.5028756" tId="0" fbRx="178.5028822" lbRx="0" />
<p fId="1" fbTx="178.50287" lbTx="178.5028756" tId="2" fbRx="178.5028822" lbRx="0" />
<p fId="1" fbTx="178.50287" lbTx="178.5028756" tId="2" fbRx="178.5028822" lbRx="0" />
<p fId="2" fbTx="178.5028824" lbTx="178.5029309" tId="0" fbRx="178.5029375" lbRx="0" />
<p fId="2" fbTx="178.5028824" lbTx="178.5029309" tId="1" fbRx="178.5029375" lbRx="0" />
<p fId="2" fbTx="178.5028824" lbTx="178.5029309" tId="1" fbRx="178.5029375" lbRx="0" />
<p fId="2" fbTx="178.5029389" lbTx="178.5029873" tId="0" fbRx="178.5029939" lbRx="0" />
<p fId="2" fbTx="178.5029389" lbTx="178.5029873" tId="1" fbRx="178.5029939" lbRx="0" />
<p fId="2" fbTx="178.5029389" lbTx="178.5029873" tId="1" fbRx="178.5029939" lbRx="0" />
<p fId="1" fbTx="178.5029949" lbTx="178.5030005" tId="0" fbRx="178.5030071" lbRx="0" />
<p fId="1" fbTx="178.5029949" lbTx="178.5030005" tId="2" fbRx="178.5030071" lbRx="0" />
<p fId="1" fbTx="178.5029949" lbTx="178.5030005" tId="2" fbRx="178.5030071" lbRx="0" />
<p fId="2" fbTx="178.5030303" lbTx="178.5030788" tId="0" fbRx="178.5030853" lbRx="0" />
<p fId="2" fbTx="178.5030303" lbTx="178.5030788" tId="1" fbRx="178.5030853" lbRx="0" />
<p fId="2" fbTx="178.5030303" lbTx="178.5030788" tId="1" fbRx="178.5030853" lbRx="0" />
<p fId="2" fbTx="178.5030897" lbTx="178.5031382" tId="0" fbRx="178.5031448" lbRx="0" />
<p fId="2" fbTx="178.5030897" lbTx="178.5031382" tId="1" fbRx="178.5031448" lbRx="0" />
<p fId="2" fbTx="178.5030897" lbTx="178.5031382" tId="1" fbRx="178.5031448" lbRx="0" />
<p fId="1" fbTx="178.5031458" lbTx="178.5031514" tId="0" fbRx="178.5031579" lbRx="0" />
<p fId="1" fbTx="178.5031458" lbTx="178.5031514" tId="2" fbRx="178.5031579" lbRx="0" />
<p fId="1" fbTx="178.5031458" lbTx="178.5031514" tId="2" fbRx="178.5031579" lbRx="0" />
<p fId="2" fbTx="178.5031772" lbTx="178.5032257" tId="0" fbRx="178.5032322" lbRx="0" />
<p fId="2" fbTx="178.5031772" lbTx="178.5032257" tId="1" fbRx="178.5032322" lbRx="0" />
<p fId="2" fbTx="178.5031772" lbTx="178.5032257" tId="1" fbRx="178.5032322" lbRx="0" />
<p fId="2" fbTx="178.5032326" lbTx="178.5032811" tId="0" fbRx="178.5032877" lbRx="0" />
<p fId="2" fbTx="178.5032326" lbTx="178.5032811" tId="1" fbRx="178.5032877" lbRx="0" />
<p fId="2" fbTx="178.5032326" lbTx="178.5032811" tId="1" fbRx="178.5032877" lbRx="0" />
<p fId="1" fbTx="178.5032887" lbTx="178.5032943" tId="0" fbRx="178.5033008" lbRx="0" />
<p fId="1" fbTx="178.5032887" lbTx="178.5032943" tId="2" fbRx="178.5033008" lbRx="0" />
<p fId="1" fbTx="178.5032887" lbTx="178.5032943" tId="2" fbRx="178.5033008" lbRx="0" />
<p fId="2" fbTx="178.5033221" lbTx="178.5033705" tId="0" fbRx="178.5033771" lbRx="0" />
<p fId="2" fbTx="178.5033221" lbTx="178.5033705" tId="1" fbRx="178.5033771" lbRx="0" />
<p fId="2" fbTx="178.5033221" lbTx="178.5033705" tId="1" fbRx="178.5033771" lbRx="0" />
<p fId="2" fbTx="178.5033885" lbTx="178.503437" tId="0" fbRx="178.5034435" lbRx="0" />
<p fId="2" fbTx="178.5033885" lbTx="178.503437" tId="1" fbRx="178.5034435" lbRx="0" />
<p fId="2" fbTx="178.5033885" lbTx="178.503437" tId="1" fbRx="178.5034435" lbRx="0" />
<p fId="1" fbTx="178.5034445" lbTx="178.5034501" tId="0" fbRx="178.5034567" lbRx="0" />
<p fId="1" fbTx="178.5034445" lbTx="178.5034501" tId="2" fbRx="178.5034567" lbRx="0" />
<p fId="1" fbTx="178.5034445" lbTx="178.5034501" tId="2" fbRx="178.5034567" lbRx="0" />
<p fId="2" fbTx="178.5034809" lbTx="178.5035294" tId="0" fbRx="178.503536" lbRx="0" />
<p fId="2" fbTx="178.5034809" lbTx="178.5035294" tId="1" fbRx="178.503536" lbRx="0" />
<p fId="2" fbTx="178.5034809" lbTx="178.5035294" tId="1" fbRx="178.503536" lbRx="0" />
<p fId="2" fbTx="178.5035394" lbTx="178.5035879" tId="0" fbRx="178.5035944" lbRx="0" />
<p fId="2" fbTx="178.5035394" lbTx="178.5035879" tId="1" fbRx="178.5035944" lbRx="0" />
<p fId="2" fbTx="178.5035394" lbTx="178.5035879" tId="1" fbRx="178.5035944" lbRx="0" />
<p fId="1" fbTx="178.5035954" lbTx="178.503601" tId="0" fbRx="178.5036076" lbRx="0" />
<p fId="1" fbTx="178.5035954" lbTx="178.503601" tId="2" fbRx="178.5036076" lbRx="0" />
<p fId="1" fbTx="178.5035954" lbTx="178.503601" tId="2" fbRx="178.5036076" lbRx="0" />
<p fId="2" fbTx="178.5036078" lbTx="178.5036563" tId="0" fbRx="178.5036629" lbRx="0" />
<p fId="2" fbTx="178.5036078" lbTx="178.5036563" tId="1" fbRx="178.5036629" lbRx="0" />
<p fId="2" fbTx="178.5036078" lbTx="178.5036563" tId="1" fbRx="178.5036629" lbRx="0" />
<p fId="2" fbTx="178.5036653" lbTx="178.5037137" tId="0" fbRx="178.5037203" lbRx="0" />
<p fId="2" fbTx="178.5036653" lbTx="178.5037137" tId="1" fbRx="178.5037203" lbRx="0" />
<p fId="2" fbTx="178.5036653" lbTx="178.5037137" tId="1" fbRx="178.5037203" lbRx="0" />
<p fId="2" fbTx="178.5037207" lbTx="178.5037692" tId="0" fbRx="178.5037757" lbRx="0" />
<p fId="2" fbTx="178.5037207" lbTx="178.5037692" tId="1" fbRx="178.5037757" lbRx="0" />
<p fId="2" fbTx="178.5037207" lbTx="178.5037692" tId="1" fbRx="178.5037757" lbRx="0" />
<p fId="1" fbTx="178.5037823" lbTx="178.5037879" tId="0" fbRx="178.5037945" lbRx="0" />
<p fId="1" fbTx="178.5037823" lbTx="178.5037879" tId="2" fbRx="178.5037945" lbRx="0" />
<p fId="1" fbTx="178.5037823" lbTx="178.5037879" tId="2" fbRx="178.5037945" lbRx="0" />
<p fId="2" fbTx="178.5038041" lbTx="178.5038526" tId="0" fbRx="178.5038592" lbRx="0" />
<p fId="2" fbTx="178.5038041" lbTx="178.5038526" tId="1" fbRx="178.5038592" lbRx="0" />
<p fId="2" fbTx="178.5038041" lbTx="178.5038526" tId="1" fbRx="178.5038592" lbRx="0" />
<p fId="1" fbTx="178.5038602" lbTx="178.5038658" tId="0" fbRx="178.5038723" lbRx="0" />
<p fId="1" fbTx="178.5038602" lbTx="178.5038658" tId="2" fbRx="178.5038723" lbRx="0" />
<p fId="1" fbTx="178.5038602" lbTx="178.5038658" tId="2" fbRx="178.5038723" lbRx="0" />
<p fId="2" fbTx="178.5038816" lbTx="178.5039301" tId="0" fbRx="178.5039366" lbRx="0" />
<p fId="2" fbTx="178.5038816" lbTx="178.5039301" tId="1" fbRx="178.5039366" lbRx="0" />
<p fId="2" fbTx="178.5038816" lbTx="178.5039301" tId="1" fbRx="178.5039366" lbRx="0" />
<p fId="2" fbTx="178.503938" lbTx="178.5039865" tId="0" fbRx="178.5039931" lbRx="0" />
<p fId="2" fbTx="178.503938" lbTx="178.5039865" tId="1" fbRx="178.5039931" lbRx="0" />
<p fId="2" fbTx="178.503938" lbTx="178.5039865" tId="1" fbRx="178.5039931" lbRx="0" />
<p fId="1" fbTx="178.5039941" lbTx="178.5039997" tId="0" fbRx="178.5040062" lbRx="0" />
<p fId="1" fbTx="178.5039941" lbTx="178.5039997" tId="2" fbRx="178.5040062" lbRx="0" />
<p fId="1" fbTx="178.5039941" lbTx="178.5039997" tId="2" fbRx="178.5040062" lbRx="0" />
<p fId="2" fbTx="178.5040275" lbTx="178.5040759" tId="0" fbRx="178.5040825" lbRx="0" />
<p fId="2" fbTx="178.5040275" lbTx="178.5040759" tId="1" fbRx="178.5040825" lbRx="0" />
<p fId="2" fbTx="178.5040275" lbTx="178.5040759" tId="1" fbRx="178.5040825" lbRx="0" />
<p fId="2" fbTx="178.5040909" lbTx="178.5041394" tId="0" fbRx="178.5041459" lbRx="0" />
<p fId="2" fbTx="178.5040909" lbTx="178.5041394" tId="1" fbRx="178.5041459" lbRx="0" />
<p fId="2" fbTx="178.5040909" lbTx="178.5041394" tId="1" fbRx="178.5041459" lbRx="0" />
<p fId="2" fbTx="178.5041463" lbTx="178.5041948" tId="0" fbRx="178.5042014" lbRx="0" />
<p fId="2" fbTx="178.5041463" lbTx="178.5041948" tId="1" fbRx="178.5042014" lbRx="0" />
<p fId="2" fbTx="178.5041463" lbTx="178.5041948" tId="1" fbRx="178.5042014" lbRx="0" />
<p fId="2" fbTx="178.5042038" lbTx="178.5042523" tId="0" fbRx="178.5042588" lbRx="0" />
<p fId="2" fbTx="178.5042038" lbTx="178.5042523" tId="1" fbRx="178.5042588" lbRx="0" />
<p fId="2" fbTx="178.5042038" lbTx="178.5042523" tId="1" fbRx="178.5042588" lbRx="0" />
<p fId="2" fbTx="178.5042612" lbTx="178.5043097" tId="0" fbRx="178.5043163" lbRx="0" />
<p fId="2" fbTx="178.5042612" lbTx="178.5043097" tId="1" fbRx="178.5043163" lbRx="0" />
<p fId="2" fbTx="178.5042612" lbTx="178.5043097" tId="1" fbRx="178.5043163" lbRx="0" />
<p fId="2" fbTx="178.5043177" lbTx="178.5043661" tId="0" fbRx="178.5043727" lbRx="0" />
<p fId="2" fbTx="178.5043177" lbTx="178.5043661" tId="1" fbRx="178.5043727" lbRx="0" />
<p fId="2" fbTx="178.5043177" lbTx="178.5043661" tId="1" fbRx="178.5043727" lbRx="0" />
<p fId="2" fbTx="178.5043841" lbTx="178.5044326" tId="0" fbRx="178.5044391" lbRx="0" />
<p fId="2" fbTx="178.5043841" lbTx="178.5044326" tId="1" fbRx="178.5044391" lbRx="0" />
<p fId="2" fbTx="178.5043841" lbTx="178.5044326" tId="1" fbRx="178.5044391" lbRx="0" />
<p fId="2" fbTx="178.5044475" lbTx="178.504496" tId="0" fbRx="178.5045026" lbRx="0" />
<p fId="2" fbTx="178.5044475" lbTx="178.504496" tId="1" fbRx="178.5045026" lbRx="0" />
<p fId="2" fbTx="178.5044475" lbTx="178.504496" tId="1" fbRx="178.5045026" lbRx="0" />
<p fId="2" fbTx="178.504505" lbTx="178.5045535" tId="0" fbRx="178.50456" lbRx="0" />
<p fId="2" fbTx="178.504505" lbTx="178.5045535" tId="1" fbRx="178.50456" lbRx="0" />
<p fId="2" fbTx="178.504505" lbTx="178.5045535" tId="1" fbRx="178.50456" lbRx="0" />
<p fId="2" fbTx="178.5045664" lbTx="178.5046149" tId="0" fbRx="178.5046215" lbRx="0" />
<p fId="2" fbTx="178.5045664" lbTx="178.5046149" tId="1" fbRx="178.5046215" lbRx="0" />
<p fId="2" fbTx="178.5045664" lbTx="178.5046149" tId="1" fbRx="178.5046215" lbRx="0" />
<p fId="2" fbTx="178.5046229" lbTx="178.5046713" tId="0" fbRx="178.5046779" lbRx="0" />
<p fId="2" fbTx="178.5046229" lbTx="178.5046713" tId="1" fbRx="178.5046779" lbRx="0" />
<p fId="2" fbTx="178.5046229" lbTx="178.5046713" tId="1" fbRx="178.5046779" lbRx="0" />
<p fId="2" fbTx="178.5046783" lbTx="178.5047268" tId="0" fbRx="178.5047333" lbRx="0" />
<p fId="2" fbTx="178.5046783" lbTx="178.5047268" tId="1" fbRx="178.5047333" lbRx="0" />
<p fId="2" fbTx="178.5046783" lbTx="178.5047268" tId="1" fbRx="178.5047333" lbRx="0" />
<p fId="2" fbTx="178.5047337" lbTx="178.5047822" tId="0" fbRx="178.5047888" lbRx="0" />
<p fId="2" fbTx="178.5047337" lbTx="178.5047822" tId="1" fbRx="178.5047888" lbRx="0" />
<p fId="2" fbTx="178.5047337" lbTx="178.5047822" tId="1" fbRx="178.5047888" lbRx="0" />
<p fId="2" fbTx="178.5047912" lbTx="178.5048397" tId="0" fbRx="178.5048462" lbRx="0" />
<p fId="2" fbTx="178.5047912" lbTx="178.5048397" tId="1" fbRx="178.5048462" lbRx="0" />
<p fId="2" fbTx="178.5047912" lbTx="178.5048397" tId="1" fbRx="178.5048462" lbRx="0" />
<p fId="2" fbTx="178.5048496" lbTx="178.5048981" tId="0" fbRx="178.5049047" lbRx="0" />
<p fId="2" fbTx="178.5048496" lbTx="178.5048981" tId="1" fbRx="178.5049047" lbRx="0" />
<p fId="2" fbTx="178.5048496" lbTx="178.5048981" tId="1" fbRx="178.5049047" lbRx="0" />
<p fId="2" fbTx="178.5049101" lbTx="178.5049585" tId="0" fbRx="178.5049651" lbRx="0" />
<p fId="2" fbTx="178.5049101" lbTx="178.5049585" tId="1" fbRx="178.5049651" lbRx="0" />
<p fId="2" fbTx="178.5049101" lbTx="178.5049585" tId="1" fbRx="178.5049651" lbRx="0" />
<p fId="2" fbTx="178.5049665" lbTx="178.505015" tId="0" fbRx="178.5050215" lbRx="0" />
<p fId="2" fbTx="178.5049665" lbTx="178.505015" tId="1" fbRx="178.5050215" lbRx="0" />
<p fId="2" fbTx="178.5049665" lbTx="178.505015" tId="1" fbRx="178.5050215" lbRx="0" />
<p fId="2" fbTx="178.5050239" lbTx="178.5050724" tId="0" fbRx="178.505079" lbRx="0" />
<p fId="2" fbTx="178.5050239" lbTx="178.5050724" tId="1" fbRx="178.505079" lbRx="0" />
<p fId="2" fbTx="178.5050239" lbTx="178.5050724" tId="1" fbRx="178.505079" lbRx="0" />
<p fId="2" fbTx="178.5050904" lbTx="178.5051389" tId="0" fbRx="178.5051454" lbRx="0" />
<p fId="2" fbTx="178.5050904" lbTx="178.5051389" tId="1" fbRx="178.5051454" lbRx="0" />
<p fId="2" fbTx="178.5050904" lbTx="178.5051389" tId="1" fbRx="178.5051454" lbRx="0" />
<p fId="2" fbTx="178.5051628" lbTx="178.5052113" tId="0" fbRx="178.5052179" lbRx="0" />
<p fId="2" fbTx="178.5051628" lbTx="178.5052113" tId="1" fbRx="178.5052179" lbRx="0" />
<p fId="2" fbTx="178.5051628" lbTx="178.5052113" tId="1" fbRx="178.5052179" lbRx="0" />
<p fId="2" fbTx="178.5052193" lbTx="178.5052677" tId="0" fbRx="178.5052743" lbRx="0" />
<p fId="2" fbTx="178.5052193" lbTx="178.5052677" tId="1" fbRx="178.5052743" lbRx="0" />
<p fId="2" fbTx="178.5052193" lbTx="178.5052677" tId="1" fbRx="178.5052743" lbRx="0" />
<p fId="2" fbTx="178.5052857" lbTx="178.5053342" tId="0" fbRx="178.5053407" lbRx="0" />
<p fId="2" fbTx="178.5052857" lbTx="178.5053342" tId="1" fbRx="178.5053407" lbRx="0" />
<p fId="2" fbTx="178.5052857" lbTx="178.5053342" tId="1" fbRx="178.5053407" lbRx="0" />
<p fId="2" fbTx="178.5053421" lbTx="178.5053906" tId="0" fbRx="178.5053972" lbRx="0" />
<p fId="2" fbTx="178.5053421" lbTx="178.5053906" tId="1" fbRx="178.5053972" lbRx="0" />
<p fId="2" fbTx="178.5053421" lbTx="178.5053906" tId="1" fbRx="178.5053972" lbRx="0" />
<p fId="2" fbTx="178.5054056" lbTx="178.5054541" tId="0" fbRx="178.5054606" lbRx="0" />
<p fId="2" fbTx="178.5054056" lbTx="178.5054541" tId="1" fbRx="178.5054606" lbRx="0" />
<p fId="2" fbTx="178.5054056" lbTx="178.5054541" tId="1" fbRx="178.5054606" lbRx="0" />
<p fId="2" fbTx="178.505466" lbTx="178.5055145" tId="0" fbRx="178.5055211" lbRx="0" />
<p fId="2" fbTx="178.505466" lbTx="178.5055145" tId="1" fbRx="178.5055211" lbRx="0" />
<p fId="2" fbTx="178.505466" lbTx="178.5055145" tId="1" fbRx="178.5055211" lbRx="0" />
<p fId="2" fbTx="178.5055315" lbTx="178.5055799" tId="0" fbRx="178.5055865" lbRx="0" />
<p fId="2" fbTx="178.5055315" lbTx="178.5055799" tId="1" fbRx="178.5055865" lbRx="0" />
<p fId="2" fbTx="178.5055315" lbTx="178.5055799" tId="1" fbRx="178.5055865" lbRx="0" />
<p fId="2" fbTx="178.5055909" lbTx="178.5056394" tId="0" fbRx="178.5056459" lbRx="0" />
<p fId="2" fbTx="178.5055909" lbTx="178.5056394" tId="1" fbRx="178.5056459" lbRx="0" />
<p fId="2" fbTx="178.5055909" lbTx="178.5056394" tId="1" fbRx="178.5056459" lbRx="0" />
<p fId="2" fbTx="178.5056483" lbTx="178.5056968" tId="0" fbRx="178.5057034" lbRx="0" />
<p fId="2" fbTx="178.5056483" lbTx="178.5056968" tId="1" fbRx="178.5057034" lbRx="0" />
<p fId="2" fbTx="178.5056483" lbTx="178.5056968" tId="1" fbRx="178.5057034" lbRx="0" />
<p fId="2" fbTx="178.5057058" lbTx="178.5057543" tId="0" fbRx="178.5057608" lbRx="0" />
<p fId="2" fbTx="178.5057058" lbTx="178.5057543" tId="1" fbRx="178.5057608" lbRx="0" />
<p fId="2" fbTx="178.5057058" lbTx="178.5057543" tId="1" fbRx="178.5057608" lbRx="0" />
<p fId="2" fbTx="178.5057612" lbTx="178.5058097" tId="0" fbRx="178.5058163" lbRx="0" />
<p fId="2" fbTx="178.5057612" lbTx="178.5058097" tId="1" fbRx="178.5058163" lbRx="0" />
<p fId="2" fbTx="178.5057612" lbTx="178.5058097" tId="1" fbRx="178.5058163" lbRx="0" />
<p fId="2" fbTx="178.5058177" lbTx="178.5058661" tId="0" fbRx="178.5058727" lbRx="0" />
<p fId="2" fbTx="178.5058177" lbTx="178.5058661" tId="1" fbRx="178.5058727" lbRx="0" />
<p fId="2" fbTx="178.5058177" lbTx="178.5058661" tId="1" fbRx="178.5058727" lbRx="0" />
<p fId="2" fbTx="178.5058751" lbTx="178.5059236" tId="0" fbRx="178.5059301" lbRx="0" />
<p fId="2" fbTx="178.5058751" lbTx="178.5059236" tId="1" fbRx="178.5059301" lbRx="0" />
<p fId="2" fbTx="178.5058751" lbTx="178.5059236" tId="1" fbRx="178.5059301" lbRx="0" />
<p fId="2" fbTx="178.5059305" lbTx="178.505979" tId="0" fbRx="178.5059856" lbRx="0" />
<p fId="2" fbTx="178.5059305" lbTx="178.505979" tId="1" fbRx="178.5059856" lbRx="0" />
<p fId="2" fbTx="178.5059305" lbTx="178.505979" tId="1" fbRx="178.5059856" lbRx="0" />
<p fId="2" fbTx="178.505988" lbTx="178.5060365" tId="0" fbRx="178.506043" lbRx="0" />
<p fId="2" fbTx="178.505988" lbTx="178.5060365" tId="1" fbRx="178.506043" lbRx="0" />
<p fId="2" fbTx="178.505988" lbTx="178.5060365" tId="1" fbRx="178.506043" lbRx="0" />
<p fId="2" fbTx="178.5060434" lbTx="178.5060919" tId="0" fbRx="178.5060985" lbRx="0" />
<p fId="2" fbTx="178.5060434" lbTx="178.5060919" tId="1" fbRx="178.5060985" lbRx="0" />
<p fId="2" fbTx="178.5060434" lbTx="178.5060919" tId="1" fbRx="178.5060985" lbRx="0" />
<p fId="2" fbTx="178.5060999" lbTx="178.5061483" tId="0" fbRx="178.5061549" lbRx="0" />
<p fId="2" fbTx="178.5060999" lbTx="178.5061483" tId="1" fbRx="178.5061549" lbRx="0" />
<p fId="2" fbTx="178.5060999" lbTx="178.5061483" tId="1" fbRx="178.5061549" lbRx="0" />
<p fId="2" fbTx="178.5061643" lbTx="178.5062128" tId="0" fbRx="178.5062193" lbRx="0" />
<p fId="2" fbTx="178.5061643" lbTx="178.5062128" tId="1" fbRx="178.5062193" lbRx="0" />
<p fId="2" fbTx="178.5061643" lbTx="178.5062128" tId="1" fbRx="178.5062193" lbRx="0" />
<p fId="2" fbTx="178.5062197" lbTx="178.5062682" tId="0" fbRx="178.5062748" lbRx="0" />
<p fId="2" fbTx="178.5062197" lbTx="178.5062682" tId="1" fbRx="178.5062748" lbRx="0" />
<p fId="2" fbTx="178.5062197" lbTx="178.5062682" tId="1" fbRx="178.5062748" lbRx="0" />
<p fId="2" fbTx="178.5062782" lbTx="178.5063267" tId="0" fbRx="178.5063332" lbRx="0" />
<p fId="2" fbTx="178.5062782" lbTx="178.5063267" tId="1" fbRx="178.5063332" lbRx="0" />
<p fId="2" fbTx="178.5062782" lbTx="178.5063267" tId="1" fbRx="178.5063332" lbRx="0" />
<p fId="2" fbTx="178.5063336" lbTx="178.5063821" tId="0" fbRx="178.5063887" lbRx="0" />
<p fId="2" fbTx="178.5063336" lbTx="178.5063821" tId="1" fbRx="178.5063887" lbRx="0" />
<p fId="2" fbTx="178.5063336" lbTx="178.5063821" tId="1" fbRx="178.5063887" lbRx="0" />
<p fId="2" fbTx="178.5063901" lbTx="178.5064385" tId="0" fbRx="178.5064451" lbRx="0" />
<p fId="2" fbTx="178.5063901" lbTx="178.5064385" tId="1" fbRx="178.5064451" lbRx="0" />
<p fId="2" fbTx="178.5063901" lbTx="178.5064385" tId="1" fbRx="178.5064451" lbRx="0" />
<p fId="2" fbTx="178.5064455" lbTx="178.506494" tId="0" fbRx="178.5065005" lbRx="0" />
<p fId="2" fbTx="178.5064455" lbTx="178.506494" tId="1" fbRx="178.5065005" lbRx="0" />
<p fId="2" fbTx="178.5064455" lbTx="178.506494" tId="1" fbRx="178.5065005" lbRx="0" />
<p fId="2" fbTx="178.5065009" lbTx="178.5065494" tId="0" fbRx="178.506556" lbRx="0" />
<p fId="2" fbTx="178.5065009" lbTx="178.5065494" tId="1" fbRx="178.506556" lbRx="0" />
<p fId="2" fbTx="178.5065009" lbTx="178.5065494" tId="1" fbRx="178.506556" lbRx="0" />
<p fId="2" fbTx="178.5065684" lbTx="178.5066169" tId="0" fbRx="178.5066234" lbRx="0" />
<p fId="2" fbTx="178.5065684" lbTx="178.5066169" tId="1" fbRx="178.5066234" lbRx="0" />
<p fId="2" fbTx="178.5065684" lbTx="178.5066169" tId="1" fbRx="178.5066234" lbRx="0" />
<p fId="2" fbTx="178.5066238" lbTx="178.5066723" tId="0" fbRx="178.5066789" lbRx="0" />
<p fId="2" fbTx="178.5066238" lbTx="178.5066723" tId="1" fbRx="178.5066789" lbRx="0" />
<p fId="2" fbTx="178.5066238" lbTx="178.5066723" tId="1" fbRx="178.5066789" lbRx="0" />
<p fId="2" fbTx="178.5066813" lbTx="178.5067297" tId="0" fbRx="178.5067363" lbRx="0" />
<p fId="2" fbTx="178.5066813" lbTx="178.5067297" tId="1" fbRx="178.5067363" lbRx="0" />
<p fId="2" fbTx="178.5066813" lbTx="178.5067297" tId="1" fbRx="178.5067363" lbRx="0" />
<p fId="2" fbTx="178.5067417" lbTx="178.5067902" tId="0" fbRx="178.5067967" lbRx="0" />
<p fId="2" fbTx="178.5067417" lbTx="178.5067902" tId="1" fbRx="178.5067967" lbRx="0" />
<p fId="2" fbTx="178.5067417" lbTx="178.5067902" tId="1" fbRx="178.5067967" lbRx="0" />
<p fId="2" fbTx="178.5068001" lbTx="178.5068486" tId="0" fbRx="178.5068552" lbRx="0" />
<p fId="2" fbTx="178.5068001" lbTx="178.5068486" tId="1" fbRx="178.5068552" lbRx="0" />
<p fId="2" fbTx="178.5068001" lbTx="178.5068486" tId="1" fbRx="178.5068552" lbRx="0" />
<p fId="2" fbTx="178.5068566" lbTx="178.5069051" tId="0" fbRx="178.5069116" lbRx="0" />
<p fId="2" fbTx="178.5068566" lbTx="178.5069051" tId="1" fbRx="178.5069116" lbRx="0" />
<p fId="2" fbTx="178.5068566" lbTx="178.5069051" tId="1" fbRx="178.5069116" lbRx="0" />
<p fId="2" fbTx="178.506925" lbTx="178.5069735" tId="0" fbRx="178.5069801" lbRx="0" />
<p fId="2" fbTx="178.506925" lbTx="178.5069735" tId="1" fbRx="178.5069801" lbRx="0" />
<p fId="2" fbTx="178.506925" lbTx="178.5069735" tId="1" fbRx="178.5069801" lbRx="0" />
<p fId="2" fbTx="178.5069815" lbTx="178.5070299" tId="0" fbRx="178.5070365" lbRx="0" />
<p fId="2" fbTx="178.5069815" lbTx="178.5070299" tId="1" fbRx="178.5070365" lbRx="0" />
<p fId="2" fbTx="178.5069815" lbTx="178.5070299" tId="1" fbRx="178.5070365" lbRx="0" />
<p fId="2" fbTx="178.5070369" lbTx="178.5070854" tId="0" fbRx="178.5070919" lbRx="0" />
<p fId="2" fbTx="178.5070369" lbTx="178.5070854" tId="1" fbRx="178.5070919" lbRx="0" />
<p fId="2" fbTx="178.5070369" lbTx="178.5070854" tId="1" fbRx="178.5070919" lbRx="0" />
<p fId="2" fbTx="178.5070943" lbTx="178.5071428" tId="0" fbRx="178.5071494" lbRx="0" />
<p fId="2" fbTx="178.5070943" lbTx="178.5071428" tId="1" fbRx="178.5071494" lbRx="0" />
<p fId="2" fbTx="178.5070943" lbTx="178.5071428" tId="1" fbRx="178.5071494" lbRx="0" />
<p fId="2" fbTx="178.5071508" lbTx="178.5071993" tId="0" fbRx="178.5072058" lbRx="0" />
<p fId="2" fbTx="178.5071508" lbTx="178.5071993" tId="1" fbRx="178.5072058" lbRx="0" />
<p fId="2" fbTx="178.5071508" lbTx="178.5071993" tId="1" fbRx="178.5072058" lbRx="0" />
<p fId="2" fbTx="178.5072072" lbTx="178.5072557" tId="0" fbRx="178.5072623" lbRx="0" />
<p fId="2" fbTx="178.5072072" lbTx="178.5072557" tId="1" fbRx="178.5072623" lbRx="0" />
<p fId="2" fbTx="178.5072072" lbTx="178.5072557" tId="1" fbRx="178.5072623" lbRx="0" />
<p fId="2" fbTx="178.5072657" lbTx="178.5073141" tId="0" fbRx="178.5073207" lbRx="0" />
<p fId="2" fbTx="178.5072657" lbTx="178.5073141" tId="1" fbRx="178.5073207" lbRx="0" />
<p fId="2" fbTx="178.5072657" lbTx="178.5073141" tId="1" fbRx="178.5073207" lbRx="0" />
<p fId="2" fbTx="178.5073291" lbTx="178.5073776" tId="0" fbRx="178.5073841" lbRx="0" />
<p fId="2" fbTx="178.5073291" lbTx="178.5073776" tId="1" fbRx="178.5073841" lbRx="0" />
<p fId="2" fbTx="178.5073291" lbTx="178.5073776" tId="1" fbRx="178.5073841" lbRx="0" />
<p fId="2" fbTx="178.5073925" lbTx="178.507441" tId="0" fbRx="178.5074476" lbRx="0" />
<p fId="2" fbTx="178.5073925" lbTx="178.507441" tId="1" fbRx="178.5074476" lbRx="0" />
<p fId="2" fbTx="178.5073925" lbTx="178.507441" tId="1" fbRx="178.5074476" lbRx="0" />
<p fId="2" fbTx="178.507451" lbTx="178.5074995" tId="0" fbRx="178.507506" lbRx="0" />
<p fId="2" fbTx="178.507451" lbTx="178.5074995" tId="1" fbRx="178.507506" lbRx="0" />
<p fId="2" fbTx="178.507451" lbTx="178.5074995" tId="1" fbRx="178.507506" lbRx="0" />
<p fId="2" fbTx="178.5075084" lbTx="178.5075569" tId="0" fbRx="178.5075635" lbRx="0" />
<p fId="2" fbTx="178.5075084" lbTx="178.5075569" tId="1" fbRx="178.5075635" lbRx="0" />
<p fId="2" fbTx="178.5075084" lbTx="178.5075569" tId="1" fbRx="178.5075635" lbRx="0" />
<p fId="2" fbTx="178.5075639" lbTx="178.5076123" tId="0" fbRx="178.5076189" lbRx="0" />
<p fId="2" fbTx="178.5075639" lbTx="178.5076123" tId="1" fbRx="178.5076189" lbRx="0" />
<p fId="2" fbTx="178.5075639" lbTx="178.5076123" tId="1" fbRx="178.5076189" lbRx="0" />
<p fId="2" fbTx="178.5076193" lbTx="178.5076678" tId="0" fbRx="178.5076743" lbRx="0" />
<p fId="2" fbTx="178.5076193" lbTx="178.5076678" tId="1" fbRx="178.5076743" lbRx="0" />
<p fId="2" fbTx="178.5076193" lbTx="178.5076678" tId="1" fbRx="178.5076743" lbRx="0" />
<p fId="2" fbTx="178.5076757" lbTx="178.5077242" tId="0" fbRx="178.5077308" lbRx="0" />
<p fId="2" fbTx="178.5076757" lbTx="178.5077242" tId="1" fbRx="178.5077308" lbRx="0" />
<p fId="2" fbTx="178.5076757" lbTx="178.5077242" tId="1" fbRx="178.5077308" lbRx="0" />
<p fId="2" fbTx="178.5077322" lbTx="178.5077807" tId="0" fbRx="178.5077872" lbRx="0" />
<p fId="2" fbTx="178.5077322" lbTx="178.5077807" tId="1" fbRx="178.5077872" lbRx="0" />
<p fId="2" fbTx="178.5077322" lbTx="178.5077807" tId="1" fbRx="178.5077872" lbRx="0" />
<p fId="2" fbTx="178.5077886" lbTx="178.5078371" tId="0" fbRx="178.5078437" lbRx="0" />
<p fId="2" fbTx="178.5077886" lbTx="178.5078371" tId="1" fbRx="178.5078437" lbRx="0" />
<p fId="2" fbTx="178.5077886" lbTx="178.5078371" tId="1" fbRx="178.5078437" lbRx="0" />
<p fId="2" fbTx="178.5078551" lbTx="178.5079035" tId="0" fbRx="178.5079101" lbRx="0" />
<p fId="2" fbTx="178.5078551" lbTx="178.5079035" tId="1" fbRx="178.5079101" lbRx="0" />
<p fId="2" fbTx="178.5078551" lbTx="178.5079035" tId="1" fbRx="178.5079101" lbRx="0" />
<p fId="2" fbTx="178.5079115" lbTx="178.50796" tId="0" fbRx="178.5079665" lbRx="0" />
<p fId="2" fbTx="178.5079115" lbTx="178.50796" tId="1" fbRx="178.5079665" lbRx="0" />
<p fId="2" fbTx="178.5079115" lbTx="178.50796" tId="1" fbRx="178.5079665" lbRx="0" />
<p fId="2" fbTx="178.5079689" lbTx="178.5080174" tId="0" fbRx="178.508024" lbRx="0" />
<p fId="2" fbTx="178.5079689" lbTx="178.5080174" tId="1" fbRx="178.508024" lbRx="0" />
<p fId="2" fbTx="178.5079689" lbTx="178.5080174" tId="1" fbRx="178.508024" lbRx="0" />
<p fId="2" fbTx="178.5080254" lbTx="178.5080739" tId="0" fbRx="178.5080804" lbRx="0" />
<p fId="2" fbTx="178.5080254" lbTx="178.5080739" tId="1" fbRx="178.5080804" lbRx="0" />
<p fId="2" fbTx="178.5080254" lbTx="178.5080739" tId="1" fbRx="178.5080804" lbRx="0" />
<p fId="2" fbTx="178.5080878" lbTx="178.5081363" tId="0" fbRx="178.5081429" lbRx="0" />
<p fId="2" fbTx="178.5080878" lbTx="178.5081363" tId="1" fbRx="178.5081429" lbRx="0" />
<p fId="2" fbTx="178.5080878" lbTx="178.5081363" tId="1" fbRx="178.5081429" lbRx="0" />
<p fId="2" fbTx="178.5081433" lbTx="178.5081917" tId="0" fbRx="178.5081983" lbRx="0" />
<p fId="2" fbTx="178.5081433" lbTx="178.5081917" tId="1" fbRx="178.5081983" lbRx="0" />
<p fId="2" fbTx="178.5081433" lbTx="178.5081917" tId="1" fbRx="178.5081983" lbRx="0" />
<p fId="2" fbTx="178.5081997" lbTx="178.5082482" tId="0" fbRx="178.5082547" lbRx="0" />
<p fId="2" fbTx="178.5081997" lbTx="178.5082482" tId="1" fbRx="178.5082547" lbRx="0" />
<p fId="2" fbTx="178.5081997" lbTx="178.5082482" tId="1" fbRx="178.5082547" lbRx="0" />
<p fId="2" fbTx="178.5082641" lbTx="178.5083126" tId="0" fbRx="178.5083192" lbRx="0" />
<p fId="2" fbTx="178.5082641" lbTx="178.5083126" tId="1" fbRx="178.5083192" lbRx="0" />
<p fId="2" fbTx="178.5082641" lbTx="178.5083126" tId="1" fbRx="178.5083192" lbRx="0" />
<p fId="2" fbTx="178.5083206" lbTx="178.5083691" tId="0" fbRx="178.5083756" lbRx="0" />
<p fId="2" fbTx="178.5083206" lbTx="178.5083691" tId="1" fbRx="178.5083756" lbRx="0" />
<p fId="2" fbTx="178.5083206" lbTx="178.5083691" tId="1" fbRx="178.5083756" lbRx="0" />
<p fId="2" fbTx="178.508377" lbTx="178.5084255" tId="0" fbRx="178.5084321" lbRx="0" />
<p fId="2" fbTx="178.508377" lbTx="178.5084255" tId="1" fbRx="178.5084321" lbRx="0" />
<p fId="2" fbTx="178.508377" lbTx="178.5084255" tId="1" fbRx="178.5084321" lbRx="0" />
<p fId="2" fbTx="178.5084345" lbTx="178.5084829" tId="0" fbRx="178.5084895" lbRx="0" />
<p fId="2" fbTx="178.5084345" lbTx="178.5084829" tId="1" fbRx="178.5084895" lbRx="0" />
<p fId="2" fbTx="178.5084345" lbTx="178.5084829" tId="1" fbRx="178.5084895" lbRx="0" />
<p fId="2" fbTx="178.5084899" lbTx="178.5085384" tId="0" fbRx="178.5085449" lbRx="0" />
<p fId="2" fbTx="178.5084899" lbTx="178.5085384" tId="1" fbRx="178.5085449" lbRx="0" />
<p fId="2" fbTx="178.5084899" lbTx="178.5085384" tId="1" fbRx="178.5085449" lbRx="0" />
<p fId="2" fbTx="178.5085463" lbTx="178.5085948" tId="0" fbRx="178.5086014" lbRx="0" />
<p fId="2" fbTx="178.5085463" lbTx="178.5085948" tId="1" fbRx="178.5086014" lbRx="0" />
<p fId="2" fbTx="178.5085463" lbTx="178.5085948" tId="1" fbRx="178.5086014" lbRx="0" />
<p fId="2" fbTx="178.5086118" lbTx="178.5086603" tId="0" fbRx="178.5086668" lbRx="0" />
<p fId="2" fbTx="178.5086118" lbTx="178.5086603" tId="1" fbRx="178.5086668" lbRx="0" />
<p fId="2" fbTx="178.5086118" lbTx="178.5086603" tId="1" fbRx="178.5086668" lbRx="0" />
<p fId="2" fbTx="178.5086752" lbTx="178.5087237" tId="0" fbRx="178.5087303" lbRx="0" />
<p fId="2" fbTx="178.5086752" lbTx="178.5087237" tId="1" fbRx="178.5087303" lbRx="0" />
<p fId="2" fbTx="178.5086752" lbTx="178.5087237" tId="1" fbRx="178.5087303" lbRx="0" />
<p fId="2" fbTx="178.5087387" lbTx="178.5087871" tId="0" fbRx="178.5087937" lbRx="0" />
<p fId="2" fbTx="178.5087387" lbTx="178.5087871" tId="1" fbRx="178.5087937" lbRx="0" />
<p fId="2" fbTx="178.5087387" lbTx="178.5087871" tId="1" fbRx="178.5087937" lbRx="0" />
<p fId="2" fbTx="178.5088061" lbTx="178.5088546" tId="0" fbRx="178.5088611" lbRx="0" />
<p fId="2" fbTx="178.5088061" lbTx="178.5088546" tId="1" fbRx="178.5088611" lbRx="0" />
<p fId="2" fbTx="178.5088061" lbTx="178.5088546" tId="1" fbRx="178.5088611" lbRx="0" />
<p fId="2" fbTx="178.5088635" lbTx="178.508912" tId="0" fbRx="178.5089186" lbRx="0" />
<p fId="2" fbTx="178.5088635" lbTx="178.508912" tId="1" fbRx="178.5089186" lbRx="0" />
<p fId="2" fbTx="178.5088635" lbTx="178.508912" tId="1" fbRx="178.5089186" lbRx="0" />
<p fId="2" fbTx="178.508928" lbTx="178.5089765" tId="0" fbRx="178.508983" lbRx="0" />
<p fId="2" fbTx="178.508928" lbTx="178.5089765" tId="1" fbRx="178.508983" lbRx="0" />
<p fId="2" fbTx="178.508928" lbTx="178.5089765" tId="1" fbRx="178.508983" lbRx="0" />
<p fId="2" fbTx="178.5089854" lbTx="178.5090339" tId="0" fbRx="178.5090405" lbRx="0" />
<p fId="2" fbTx="178.5089854" lbTx="178.5090339" tId="1" fbRx="178.5090405" lbRx="0" />
<p fId="2" fbTx="178.5089854" lbTx="178.5090339" tId="1" fbRx="178.5090405" lbRx="0" />
<p fId="2" fbTx="178.5090429" lbTx="178.5090913" tId="0" fbRx="178.5090979" lbRx="0" />
<p fId="2" fbTx="178.5090429" lbTx="178.5090913" tId="1" fbRx="178.5090979" lbRx="0" />
<p fId="2" fbTx="178.5090429" lbTx="178.5090913" tId="1" fbRx="178.5090979" lbRx="0" />
<p fId="2" fbTx="178.5091023" lbTx="178.5091508" tId="0" fbRx="178.5091573" lbRx="0" />
<p fId="2" fbTx="178.5091023" lbTx="178.5091508" tId="1" fbRx="178.5091573" lbRx="0" />
<p fId="2" fbTx="178.5091023" lbTx="178.5091508" tId="1" fbRx="178.5091573" lbRx="0" />
<p fId="2" fbTx="178.5091687" lbTx="178.5092172" tId="0" fbRx="178.5092238" lbRx="0" />
<p fId="2" fbTx="178.5091687" lbTx="178.5092172" tId="1" fbRx="178.5092238" lbRx="0" />
<p fId="2" fbTx="178.5091687" lbTx="178.5092172" tId="1" fbRx="178.5092238" lbRx="0" />
<p fId="2" fbTx="178.5092242" lbTx="178.5092727" tId="0" fbRx="178.5092792" lbRx="0" />
<p fId="2" fbTx="178.5092242" lbTx="178.5092727" tId="1" fbRx="178.5092792" lbRx="0" />
<p fId="2" fbTx="178.5092242" lbTx="178.5092727" tId="1" fbRx="178.5092792" lbRx="0" />
<p fId="2" fbTx="178.5092806" lbTx="178.5093291" tId="0" fbRx="178.5093357" lbRx="0" />
<p fId="2" fbTx="178.5092806" lbTx="178.5093291" tId="1" fbRx="178.5093357" lbRx="0" />
<p fId="2" fbTx="178.5092806" lbTx="178.5093291" tId="1" fbRx="178.5093357" lbRx="0" />
<p fId="2" fbTx="178.5093371" lbTx="178.5093855" tId="0" fbRx="178.5093921" lbRx="0" />
<p fId="2" fbTx="178.5093371" lbTx="178.5093855" tId="1" fbRx="178.5093921" lbRx="0" />
<p fId="2" fbTx="178.5093371" lbTx="178.5093855" tId="1" fbRx="178.5093921" lbRx="0" />
<p fId="2" fbTx="178.5093925" lbTx="178.509441" tId="0" fbRx="178.5094475" lbRx="0" />
<p fId="2" fbTx="178.5093925" lbTx="178.509441" tId="1" fbRx="178.5094475" lbRx="0" />
<p fId="2" fbTx="178.5093925" lbTx="178.509441" tId="1" fbRx="178.5094475" lbRx="0" />
<p fId="2" fbTx="178.5094479" lbTx="178.5094964" tId="0" fbRx="178.509503" lbRx="0" />
<p fId="2" fbTx="178.5094479" lbTx="178.5094964" tId="1" fbRx="178.509503" lbRx="0" />
<p fId="2" fbTx="178.5094479" lbTx="178.5094964" tId="1" fbRx="178.509503" lbRx="0" />
<p fId="2" fbTx="178.5095034" lbTx="178.5095519" tId="0" fbRx="178.5095584" lbRx="0" />
<p fId="2" fbTx="178.5095034" lbTx="178.5095519" tId="1" fbRx="178.5095584" lbRx="0" />
<p fId="2" fbTx="178.5095034" lbTx="178.5095519" tId="1" fbRx="178.5095584" lbRx="0" />
<p fId="2" fbTx="178.5095628" lbTx="178.5096113" tId="0" fbRx="178.5096179" lbRx="0" />
<p fId="2" fbTx="178.5095628" lbTx="178.5096113" tId="1" fbRx="178.5096179" lbRx="0" />
<p fId="2" fbTx="178.5095628" lbTx="178.5096113" tId="1" fbRx="178.5096179" lbRx="0" />
<p fId="2" fbTx="178.5096233" lbTx="178.5096717" tId="0" fbRx="178.5096783" lbRx="0" />
<p fId="2" fbTx="178.5096233" lbTx="178.5096717" tId="1" fbRx="178.5096783" lbRx="0" />
<p fId="2" fbTx="178.5096233" lbTx="178.5096717" tId="1" fbRx="178.5096783" lbRx="0" />
<p fId="2" fbTx="178.5096787" lbTx="178.5097272" tId="0" fbRx="178.5097337" lbRx="0" />
<p fId="2" fbTx="178.5096787" lbTx="178.5097272" tId="1" fbRx="178.5097337" lbRx="0" />
<p fId="2" fbTx="178.5096787" lbTx="178.5097272" tId="1" fbRx="178.5097337" lbRx="0" />
<p fId="2" fbTx="178.5097461" lbTx="178.5097946" tId="0" fbRx="178.5098012" lbRx="0" />
<p fId="2" fbTx="178.5097461" lbTx="178.5097946" tId="1" fbRx="178.5098012" lbRx="0" />
<p fId="2" fbTx="178.5097461" lbTx="178.5097946" tId="1" fbRx="178.5098012" lbRx="0" />
<p fId="2" fbTx="178.5098026" lbTx="178.5098511" tId="0" fbRx="178.5098576" lbRx="0" />
<p fId="2" fbTx="178.5098026" lbTx="178.5098511" tId="1" fbRx="178.5098576" lbRx="0" />
<p fId="2" fbTx="178.5098026" lbTx="178.5098511" tId="1" fbRx="178.5098576" lbRx="0" />
<p fId="2" fbTx="178.50986" lbTx="178.5099085" tId="0" fbRx="178.5099151" lbRx="0" />
<p fId="2" fbTx="178.50986" lbTx="178.5099085" tId="1" fbRx="178.5099151" lbRx="0" />
<p fId="2" fbTx="178.50986" lbTx="178.5099085" tId="1" fbRx="178.5099151" lbRx="0" />
<p fId="2" fbTx="178.5099165" lbTx="178.5099649" tId="0" fbRx="178.5099715" lbRx="0" />
<p fId="2" fbTx="178.5099165" lbTx="178.5099649" tId="1" fbRx="178.5099715" lbRx="0" />
<p fId="2" fbTx="178.5099165" lbTx="178.5099649" tId="1" fbRx="178.5099715" lbRx="0" />
<p fId="2" fbTx="178.5099729" lbTx="178.5100214" tId="0" fbRx="178.5100279" lbRx="0" />
<p fId="2" fbTx="178.5099729" lbTx="178.5100214" tId="1" fbRx="178.5100279" lbRx="0" />
<p fId="2" fbTx="178.5099729" lbTx="178.5100214" tId="1" fbRx="178.5100279" lbRx="0" />
<p fId="2" fbTx="178.5100313" lbTx="178.5100798" tId="0" fbRx="178.5100864" lbRx="0" />
<p fId="2" fbTx="178.5100313" lbTx="178.5100798" tId="1" fbRx="178.5100864" lbRx="0" />
<p fId="2" fbTx="178.5100313" lbTx="178.5100798" tId="1" fbRx="178.5100864" lbRx="0" />
<p fId="2" fbTx="178.5100888" lbTx="178.5101373" tId="0" fbRx="178.5101438" lbRx="0" />
<p fId="2" fbTx="178.5100888" lbTx="178.5101373" tId="1" fbRx="178.5101438" lbRx="0" />
<p fId="2" fbTx="178.5100888" lbTx="178.5101373" tId="1" fbRx="178.5101438" lbRx="0" />
<p fId="2" fbTx="178.5101472" lbTx="178.5101957" tId="0" fbRx="178.5102023" lbRx="0" />
<p fId="2" fbTx="178.5101472" lbTx="178.5101957" tId="1" fbRx="178.5102023" lbRx="0" />
<p fId="2" fbTx="178.5101472" lbTx="178.5101957" tId="1" fbRx="178.5102023" lbRx="0" />
<p fId="2" fbTx="178.5102027" lbTx="178.5102511" tId="0" fbRx="178.5102577" lbRx="0" />
<p fId="2" fbTx="178.5102027" lbTx="178.5102511" tId="1" fbRx="178.5102577" lbRx="0" />
<p fId="2" fbTx="178.5102027" lbTx="178.5102511" tId="1" fbRx="178.5102577" lbRx="0" />
<p fId="2" fbTx="178.5102681" lbTx="178.5103166" tId="0" fbRx="178.5103231" lbRx="0" />
<p fId="2" fbTx="178.5102681" lbTx="178.5103166" tId="1" fbRx="178.5103231" lbRx="0" />
<p fId="2" fbTx="178.5102681" lbTx="178.5103166" tId="1" fbRx="178.5103231" lbRx="0" />
<p fId="2" fbTx="178.5103235" lbTx="178.510372" tId="0" fbRx="178.5103786" lbRx="0" />
<p fId="2" fbTx="178.5103235" lbTx="178.510372" tId="1" fbRx="178.5103786" lbRx="0" />
<p fId="2" fbTx="178.5103235" lbTx="178.510372" tId="1" fbRx="178.5103786" lbRx="0" />
<p fId="2" fbTx="178.510379" lbTx="178.5104076" tId="0" fbRx="178.5104142" lbRx="0" />
<p fId="2" fbTx="178.510379" lbTx="178.5104076" tId="1" fbRx="178.5104142" lbRx="0" />
<p fId="2" fbTx="178.510379" lbTx="178.5104076" tId="1" fbRx="178.5104142" lbRx="0" />
<p fId="2" fbTx="178.5104276" lbTx="178.5104761" tId="0" fbRx="178.5104826" lbRx="0" />
<p fId="2" fbTx="178.5104276" lbTx="178.5104761" tId="1" fbRx="178.5104826" lbRx="0" />
<p fId="2" fbTx="178.5104276" lbTx="178.5104761" tId="1" fbRx="178.5104826" lbRx="0" />
<p fId="2" fbTx="178.510495" lbTx="178.5105417" tId="0" fbRx="178.5105483" lbRx="0" />
<p fId="2" fbTx="178.510495" lbTx="178.5105417" tId="1" fbRx="178.5105483" lbRx="0" />
<p fId="2" fbTx="178.510495" lbTx="178.5105417" tId="1" fbRx="178.5105483" lbRx="0" />
<p fId="2" fbTx="178.5105487" lbTx="178.5105972" tId="0" fbRx="178.5106037" lbRx="0" />
<p fId="2" fbTx="178.5105487" lbTx="178.5105972" tId="1" fbRx="178.5106037" lbRx="0" />
<p fId="2" fbTx="178.5105487" lbTx="178.5105972" tId="1" fbRx="178.5106037" lbRx="0" />
<p fId="2" fbTx="178.5106061" lbTx="178.5106546" tId="0" fbRx="178.5106612" lbRx="0" />
<p fId="2" fbTx="178.5106061" lbTx="178.5106546" tId="1" fbRx="178.5106612" lbRx="0" />
<p fId="2" fbTx="178.5106061" lbTx="178.5106546" tId="1" fbRx="178.5106612" lbRx="0" />
<p fId="2" fbTx="178.5106636" lbTx="178.5107121" tId="0" fbRx="178.5107186" lbRx="0" />
<p fId="2" fbTx="178.5106636" lbTx="178.5107121" tId="1" fbRx="178.5107186" lbRx="0" />
<p fId="2" fbTx="178.5106636" lbTx="178.5107121" tId="1" fbRx="178.5107186" lbRx="0" />
<p fId="2" fbTx="178.510729" lbTx="178.5107775" tId="0" fbRx="178.5107841" lbRx="0" />
<p fId="2" fbTx="178.510729" lbTx="178.5107775" tId="1" fbRx="178.5107841" lbRx="0" />
<p fId="2" fbTx="178.510729" lbTx="178.5107775" tId="1" fbRx="178.5107841" lbRx="0" />
<p fId="1" fbTx="178.5107849" lbTx="178.5107905" tId="0" fbRx="178.5107971" lbRx="0" />
<p fId="1" fbTx="178.5107849" lbTx="178.5107905" tId="2" fbRx="178.5107971" lbRx="0" />
<p fId="1" fbTx="178.5107849" lbTx="178.5107905" tId="2" fbRx="178.5107971" lbRx="0" />
<p fId="2" fbTx="178.5107985" lbTx="178.5108469" tId="0" fbRx="178.5108535" lbRx="0" />
<p fId="2" fbTx="178.5107985" lbTx="178.5108469" tId="1" fbRx="178.5108535" lbRx="0" />
<p fId="2" fbTx="178.5107985" lbTx="178.5108469" tId="1" fbRx="178.5108535" lbRx="0" />
<p fId="2" fbTx="178.5108559" lbTx="178.5109044" tId="0" fbRx="178.5109109" lbRx="0" />
<p fId="2" fbTx="178.5108559" lbTx="178.5109044" tId="1" fbRx="178.5109109" lbRx="0" />
<p fId="2" fbTx="178.5108559" lbTx="178.5109044" tId="1" fbRx="178.5109109" lbRx="0" />
<p fId="2" fbTx="178.5109113" lbTx="178.5109598" tId="0" fbRx="178.5109664" lbRx="0" />
<p fId="2" fbTx="178.5109113" lbTx="178.5109598" tId="1" fbRx="178.5109664" lbRx="0" />
<p fId="2" fbTx="178.5109113" lbTx="178.5109598" tId="1" fbRx="178.5109664" lbRx="0" />
<p fId="2" fbTx="178.5109728" lbTx="178.5110213" tId="0" fbRx="178.5110278" lbRx="0" />
<p fId="2" fbTx="178.5109728" lbTx="178.5110213" tId="1" fbRx="178.5110278" lbRx="0" />
<p fId="2" fbTx="178.5109728" lbTx="178.5110213" tId="1" fbRx="178.5110278" lbRx="0" />
<p fId="2" fbTx="178.5110342" lbTx="178.5110827" tId="0" fbRx="178.5110893" lbRx="0" />
<p fId="2" fbTx="178.5110342" lbTx="178.5110827" tId="1" fbRx="178.5110893" lbRx="0" />
<p fId="2" fbTx="178.5110342" lbTx="178.5110827" tId="1" fbRx="178.5110893" lbRx="0" />
<p fId="2" fbTx="178.5110947" lbTx="178.5111431" tId="0" fbRx="178.5111497" lbRx="0" />
<p fId="2" fbTx="178.5110947" lbTx="178.5111431" tId="1" fbRx="178.5111497" lbRx="0" />
<p fId="2" fbTx="178.5110947" lbTx="178.5111431" tId="1" fbRx="178.5111497" lbRx="0" />
<p fId="2" fbTx="178.5111621" lbTx="178.5112106" tId="0" fbRx="178.5112171" lbRx="0" />
<p fId="2" fbTx="178.5111621" lbTx="178.5112106" tId="1" fbRx="178.5112171" lbRx="0" />
<p fId="2" fbTx="178.5111621" lbTx="178.5112106" tId="1" fbRx="178.5112171" lbRx="0" />
<p fId="2" fbTx="178.5112205" lbTx="178.511269" tId="0" fbRx="178.5112756" lbRx="0" />
<p fId="2" fbTx="178.5112205" lbTx="178.511269" tId="1" fbRx="178.5112756" lbRx="0" />
<p fId="2" fbTx="178.5112205" lbTx="178.511269" tId="1" fbRx="178.5112756" lbRx="0" />
<p fId="2" fbTx="178.511277" lbTx="178.5113255" tId="0" fbRx="178.511332" lbRx="0" />
<p fId="2" fbTx="178.511277" lbTx="178.5113255" tId="1" fbRx="178.511332" lbRx="0" />
<p fId="2" fbTx="178.511277" lbTx="178.5113255" tId="1" fbRx="178.511332" lbRx="0" />
<p fId="2" fbTx="178.5113334" lbTx="178.5113819" tId="0" fbRx="178.5113885" lbRx="0" />
<p fId="2" fbTx="178.5113334" lbTx="178.5113819" tId="1" fbRx="178.5113885" lbRx="0" />
<p fId="2" fbTx="178.5113334" lbTx="178.5113819" tId="1" fbRx="178.5113885" lbRx="0" />
<p fId="2" fbTx="178.5113909" lbTx="178.5114393" tId="0" fbRx="178.5114459" lbRx="0" />
<p fId="2" fbTx="178.5113909" lbTx="178.5114393" tId="1" fbRx="178.5114459" lbRx="0" />
<p fId="2" fbTx="178.5113909" lbTx="178.5114393" tId="1" fbRx="178.5114459" lbRx="0" />
<p fId="2" fbTx="178.5114503" lbTx="178.5114988" tId="0" fbRx="178.5115053" lbRx="0" />
<p fId="2" fbTx="178.5114503" lbTx="178.5114988" tId="1" fbRx="178.5115053" lbRx="0" />
<p fId="2" fbTx="178.5114503" lbTx="178.5114988" tId="1" fbRx="178.5115053" lbRx="0" />
<p fId="2" fbTx="178.5115167" lbTx="178.5115652" tId="0" fbRx="178.5115718" lbRx="0" />
<p fId="2" fbTx="178.5115167" lbTx="178.5115652" tId="1" fbRx="178.5115718" lbRx="0" />
<p fId="2" fbTx="178.5115167" lbTx="178.5115652" tId="1" fbRx="178.5115718" lbRx="0" />
<p fId="2" fbTx="178.5115892" lbTx="178.5116377" tId="0" fbRx="178.5116442" lbRx="0" />
<p fId="2" fbTx="178.5115892" lbTx="178.5116377" tId="1" fbRx="178.5116442" lbRx="0" />
<p fId="2" fbTx="178.5115892" lbTx="178.5116377" tId="1" fbRx="178.5116442" lbRx="0" />
<p fId="2" fbTx="178.5116466" lbTx="178.5116951" tId="0" fbRx="178.5117017" lbRx="0" />
<p fId="2" fbTx="178.5116466" lbTx="178.5116951" tId="1" fbRx="178.5117017" lbRx="0" />
<p fId="2" fbTx="178.5116466" lbTx="178.5116951" tId="1" fbRx="178.5117017" lbRx="0" />
<p fId="2" fbTx="178.5117031" lbTx="178.5117515" tId="0" fbRx="178.5117581" lbRx="0" />
<p fId="2" fbTx="178.5117031" lbTx="178.5117515" tId="1" fbRx="178.5117581" lbRx="0" />
<p fId="2" fbTx="178.5117031" lbTx="178.5117515" tId="1" fbRx="178.5117581" lbRx="0" />
<p fId="2" fbTx="178.5117675" lbTx="178.511816" tId="0" fbRx="178.5118225" lbRx="0" />
<p fId="2" fbTx="178.5117675" lbTx="178.511816" tId="1" fbRx="178.5118225" lbRx="0" />
<p fId="2" fbTx="178.5117675" lbTx="178.511816" tId="1" fbRx="178.5118225" lbRx="0" />
<p fId="2" fbTx="178.5118229" lbTx="178.5118714" tId="0" fbRx="178.511878" lbRx="0" />
<p fId="2" fbTx="178.5118229" lbTx="178.5118714" tId="1" fbRx="178.511878" lbRx="0" />
<p fId="2" fbTx="178.5118229" lbTx="178.5118714" tId="1" fbRx="178.511878" lbRx="0" />
<p fId="2" fbTx="178.5118824" lbTx="178.5119309" tId="0" fbRx="178.5119374" lbRx="0" />
<p fId="2" fbTx="178.5118824" lbTx="178.5119309" tId="1" fbRx="178.5119374" lbRx="0" />
<p fId="2" fbTx="178.5118824" lbTx="178.5119309" tId="1" fbRx="178.5119374" lbRx="0" />
<p fId="2" fbTx="178.5119378" lbTx="178.5119863" tId="0" fbRx="178.5119929" lbRx="0" />
<p fId="2" fbTx="178.5119378" lbTx="178.5119863" tId="1" fbRx="178.5119929" lbRx="0" />
<p fId="2" fbTx="178.5119378" lbTx="178.5119863" tId="1" fbRx="178.5119929" lbRx="0" />
<p fId="2" fbTx="178.5120003" lbTx="178.5120487" tId="0" fbRx="178.5120553" lbRx="0" />
<p fId="2" fbTx="178.5120003" lbTx="178.5120487" tId="1" fbRx="178.5120553" lbRx="0" />
<p fId="2" fbTx="178.5120003" lbTx="178.5120487" tId="1" fbRx="178.5120553" lbRx="0" />
<p fId="2" fbTx="178.5120587" lbTx="178.5121046" tId="0" fbRx="178.5121112" lbRx="0" />
<p fId="2" fbTx="178.5120587" lbTx="178.5121046" tId="1" fbRx="178.5121112" lbRx="0" />
<p fId="2" fbTx="178.5120587" lbTx="178.5121046" tId="1" fbRx="178.5121112" lbRx="0" />
<p fId="1" fbTx="178.5122645" lbTx="178.5122701" tId="0" fbRx="178.5122767" lbRx="0" />
<p fId="1" fbTx="178.5122645" lbTx="178.5122701" tId="2" fbRx="178.5122767" lbRx="0" />
<p fId="1" fbTx="178.5122645" lbTx="178.5122701" tId="2" fbRx="178.5122767" lbRx="0" />
<p fId="1" fbTx="178.5122791" lbTx="178.5122847" tId="0" fbRx="178.5122912" lbRx="0" />
<p fId="1" fbTx="178.5122791" lbTx="178.5122847" tId="2" fbRx="178.5122912" lbRx="0" />
<p fId="1" fbTx="178.5122791" lbTx="178.5122847" tId="2" fbRx="178.5122912" lbRx="0" />
<p fId="1" fbTx="178.5123026" lbTx="178.5123082" tId="0" fbRx="178.5123148" lbRx="0" />
<p fId="1" fbTx="178.5123026" lbTx="178.5123082" tId="2" fbRx="178.5123148" lbRx="0" />
<p fId="1" fbTx="178.5123026" lbTx="178.5123082" tId="2" fbRx="178.5123148" lbRx="0" />
<p fId="1" fbTx="178.5123182" lbTx="178.5123238" tId="0" fbRx="178.5123303" lbRx="0" />
<p fId="1" fbTx="178.5123182" lbTx="178.5123238" tId="2" fbRx="178.5123303" lbRx="0" />
<p fId="1" fbTx="178.5123182" lbTx="178.5123238" tId="2" fbRx="178.5123303" lbRx="0" />
<p fId="1" fbTx="178.5123327" lbTx="178.5123383" tId="0" fbRx="178.5123449" lbRx="0" />
<p fId="1" fbTx="178.5123327" lbTx="178.5123383" tId="2" fbRx="178.5123449" lbRx="0" />
<p fId="1" fbTx="178.5123327" lbTx="178.5123383" tId="2" fbRx="178.5123449" lbRx="0" />
<p fId="1" fbTx="178.5123453" lbTx="178.5123509" tId="0" fbRx="178.5123575" lbRx="0" />
<p fId="1" fbTx="178.5123453" lbTx="178.5123509" tId="2" fbRx="178.5123575" lbRx="0" />
<p fId="1" fbTx="178.5123453" lbTx="178.5123509" tId="2" fbRx="178.5123575" lbRx="0" />
<p fId="1" fbTx="178.5123599" lbTx="178.5123655" tId="0" fbRx="178.512372" lbRx="0" />
<p fId="1" fbTx="178.5123599" lbTx="178.5123655" tId="2" fbRx="178.512372" lbRx="0" />
<p fId="1" fbTx="178.5123599" lbTx="178.5123655" tId="2" fbRx="178.512372" lbRx="0" />
<p fId="1" fbTx="178.5123834" lbTx="178.512389" tId="0" fbRx="178.5123956" lbRx="0" />
<p fId="1" fbTx="178.5123834" lbTx="178.512389" tId="2" fbRx="178.5123956" lbRx="0" />
<p fId="1" fbTx="178.5123834" lbTx="178.512389" tId="2" fbRx="178.5123956" lbRx="0" />
<p fId="1" fbTx="178.512405" lbTx="178.5124106" tId="0" fbRx="178.5124171" lbRx="0" />
<p fId="1" fbTx="178.512405" lbTx="178.5124106" tId="2" fbRx="178.5124171" lbRx="0" />
<p fId="1" fbTx="178.512405" lbTx="178.5124106" tId="2" fbRx="178.5124171" lbRx="0" />
<p fId="1" fbTx="178.5124205" lbTx="178.5124261" tId="0" fbRx="178.5124327" lbRx="0" />
<p fId="1" fbTx="178.5124205" lbTx="178.5124261" tId="2" fbRx="178.5124327" lbRx="0" />
<p fId="1" fbTx="178.5124205" lbTx="178.5124261" tId="2" fbRx="178.5124327" lbRx="0" />
<p fId="1" fbTx="178.5124341" lbTx="178.5124397" tId="0" fbRx="178.5124463" lbRx="0" />
<p fId="1" fbTx="178.5124341" lbTx="178.5124397" tId="2" fbRx="178.5124463" lbRx="0" />
<p fId="1" fbTx="178.5124341" lbTx="178.5124397" tId="2" fbRx="178.5124463" lbRx="0" />
<p fId="1" fbTx="178.5124487" lbTx="178.5124543" tId="0" fbRx="178.5124608" lbRx="0" />
<p fId="1" fbTx="178.5124487" lbTx="178.5124543" tId="2" fbRx="178.5124608" lbRx="0" />
<p fId="1" fbTx="178.5124487" lbTx="178.5124543" tId="2" fbRx="178.5124608" lbRx="0" />
<p fId="1" fbTx="178.5124632" lbTx="178.5124688" tId="0" fbRx="178.5124754" lbRx="0" />
<p fId="1" fbTx="178.5124632" lbTx="178.5124688" tId="2" fbRx="178.5124754" lbRx="0" />
<p fId="1" fbTx="178.5124632" lbTx="178.5124688" tId="2" fbRx="178.5124754" lbRx="0" />
<p fId="1" fbTx="178.5124758" lbTx="178.5124814" tId="0" fbRx="178.5124879" lbRx="0" />
<p fId="1" fbTx="178.5124758" lbTx="178.5124814" tId="2" fbRx="178.5124879" lbRx="0" />
<p fId="1" fbTx="178.5124758" lbTx="178.5124814" tId="2" fbRx="178.5124879" lbRx="0" />
<p fId="1" fbTx="178.5124893" lbTx="178.5124949" tId="0" fbRx="178.5125015" lbRx="0" />
<p fId="1" fbTx="178.5124893" lbTx="178.5124949" tId="2" fbRx="178.5125015" lbRx="0" />
<p fId="1" fbTx="178.5124893" lbTx="178.5124949" tId="2" fbRx="178.5125015" lbRx="0" />
<p fId="1" fbTx="178.5125029" lbTx="178.5125085" tId="0" fbRx="178.5125151" lbRx="0" />
<p fId="1" fbTx="178.5125029" lbTx="178.5125085" tId="2" fbRx="178.5125151" lbRx="0" />
<p fId="1" fbTx="178.5125029" lbTx="178.5125085" tId="2" fbRx="178.5125151" lbRx="0" />
<p fId="1" fbTx="178.5125205" lbTx="178.5125261" tId="0" fbRx="178.5125326" lbRx="0" />
<p fId="1" fbTx="178.5125205" lbTx="178.5125261" tId="2" fbRx="178.5125326" lbRx="0" />
<p fId="1" fbTx="178.5125205" lbTx="178.5125261" tId="2" fbRx="178.5125326" lbRx="0" />
<p fId="1" fbTx="178.512544" lbTx="178.5125496" tId="0" fbRx="178.5125562" lbRx="0" />
<p fId="1" fbTx="178.512544" lbTx="178.5125496" tId="2" fbRx="178.5125562" lbRx="0" />
<p fId="1" fbTx="178.512544" lbTx="178.5125496" tId="2" fbRx="178.5125562" lbRx="0" />
<p fId="1" fbTx="178.5125576" lbTx="178.5125632" tId="0" fbRx="178.5125697" lbRx="0" />
<p fId="1" fbTx="178.5125576" lbTx="178.5125632" tId="2" fbRx="178.5125697" lbRx="0" />
<p fId="1" fbTx="178.5125576" lbTx="178.5125632" tId="2" fbRx="178.5125697" lbRx="0" />
<p fId="1" fbTx="178.5125791" lbTx="178.5125847" tId="0" fbRx="178.5125913" lbRx="0" />
<p fId="1" fbTx="178.5125791" lbTx="178.5125847" tId="2" fbRx="178.5125913" lbRx="0" />
<p fId="1" fbTx="178.5125791" lbTx="178.5125847" tId="2" fbRx="178.5125913" lbRx="0" />
<p fId="1" fbTx="178.5125977" lbTx="178.5126033" tId="0" fbRx="178.5126099" lbRx="0" />
<p fId="1" fbTx="178.5125977" lbTx="178.5126033" tId="2" fbRx="178.5126099" lbRx="0" />
<p fId="1" fbTx="178.5125977" lbTx="178.5126033" tId="2" fbRx="178.5126099" lbRx="0" />
<p fId="1" fbTx="178.5126123" lbTx="178.5126179" tId="0" fbRx="178.5126244" lbRx="0" />
<p fId="1" fbTx="178.5126123" lbTx="178.5126179" tId="2" fbRx="178.5126244" lbRx="0" />
<p fId="1" fbTx="178.5126123" lbTx="178.5126179" tId="2" fbRx="178.5126244" lbRx="0" />
<p fId="1" fbTx="178.5126288" lbTx="178.5126344" tId="0" fbRx="178.512641" lbRx="0" />
<p fId="1" fbTx="178.5126288" lbTx="178.5126344" tId="2" fbRx="178.512641" lbRx="0" />
<p fId="1" fbTx="178.5126288" lbTx="178.5126344" tId="2" fbRx="178.512641" lbRx="0" />
<p fId="1" fbTx="178.5126434" lbTx="178.512649" tId="0" fbRx="178.5126555" lbRx="0" />
<p fId="1" fbTx="178.5126434" lbTx="178.512649" tId="2" fbRx="178.5126555" lbRx="0" />
<p fId="1" fbTx="178.5126434" lbTx="178.512649" tId="2" fbRx="178.5126555" lbRx="0" />
<p fId="1" fbTx="178.5126569" lbTx="178.5126625" tId="0" fbRx="178.5126691" lbRx="0" />
<p fId="1" fbTx="178.5126569" lbTx="178.5126625" tId="2" fbRx="178.5126691" lbRx="0" />
<p fId="1" fbTx="178.5126569" lbTx="178.5126625" tId="2" fbRx="178.5126691" lbRx="0" />
<p fId="1" fbTx="178.5126715" lbTx="178.5126771" tId="0" fbRx="178.5126837" lbRx="0" />
<p fId="1" fbTx="178.5126715" lbTx="178.5126771" tId="2" fbRx="178.5126837" lbRx="0" />
<p fId="1" fbTx="178.5126715" lbTx="178.5126771" tId="2" fbRx="178.5126837" lbRx="0" />
<p fId="1" fbTx="178.5126851" lbTx="178.5126907" tId="0" fbRx="178.5126972" lbRx="0" />
<p fId="1" fbTx="178.5126851" lbTx="178.5126907" tId="2" fbRx="178.5126972" lbRx="0" />
<p fId="1" fbTx="178.5126851" lbTx="178.5126907" tId="2" fbRx="178.5126972" lbRx="0" />
<p fId="1" fbTx="178.5126986" lbTx="178.5127042" tId="0" fbRx="178.5127108" lbRx="0" />
<p fId="1" fbTx="178.5126986" lbTx="178.5127042" tId="2" fbRx="178.5127108" lbRx="0" />
<p fId="1" fbTx="178.5126986" lbTx="178.5127042" tId="2" fbRx="178.5127108" lbRx="0" />
<p fId="1" fbTx="178.5127152" lbTx="178.5127208" tId="0" fbRx="178.5127273" lbRx="0" />
<p fId="1" fbTx="178.5127152" lbTx="178.5127208" tId="2" fbRx="178.5127273" lbRx="0" />
<p fId="1" fbTx="178.5127152" lbTx="178.5127208" tId="2" fbRx="178.5127273" lbRx="0" />
<p fId="1" fbTx="178.5127297" lbTx="178.5127353" tId="0" fbRx="178.5127419" lbRx="0" />
<p fId="1" fbTx="178.5127297" lbTx="178.5127353" tId="2" fbRx="178.5127419" lbRx="0" />
<p fId="1" fbTx="178.5127297" lbTx="178.5127353" tId="2" fbRx="178.5127419" lbRx="0" />
<p fId="1" fbTx="178.5127483" lbTx="178.5127539" tId="0" fbRx="178.5127605" lbRx="0" />
<p fId="1" fbTx="178.5127483" lbTx="178.5127539" tId="2" fbRx="178.5127605" lbRx="0" />
<p fId="1" fbTx="178.5127483" lbTx="178.5127539" tId="2" fbRx="178.5127605" lbRx="0" />
<p fId="1" fbTx="178.5127609" lbTx="178.5127665" tId="0" fbRx="178.512773" lbRx="0" />
<p fId="1" fbTx="178.5127609" lbTx="178.5127665" tId="2" fbRx="178.512773" lbRx="0" />
<p fId="1" fbTx="178.5127609" lbTx="178.5127665" tId="2" fbRx="178.512773" lbRx="0" />
<p fId="1" fbTx="178.5127734" lbTx="178.512779" tId="0" fbRx="178.5127856" lbRx="0" />
<p fId="1" fbTx="178.5127734" lbTx="178.512779" tId="2" fbRx="178.5127856" lbRx="0" />
<p fId="1" fbTx="178.5127734" lbTx="178.512779" tId="2" fbRx="178.5127856" lbRx="0" />
<p fId="1" fbTx="178.512786" lbTx="178.5127916" tId="0" fbRx="178.5127981" lbRx="0" />
<p fId="1" fbTx="178.512786" lbTx="178.5127916" tId="2" fbRx="178.5127981" lbRx="0" />
<p fId="1" fbTx="178.512786" lbTx="178.5127916" tId="2" fbRx="178.5127981" lbRx="0" />
<p fId="1" fbTx="178.5127995" lbTx="178.5128051" tId="0" fbRx="178.5128117" lbRx="0" />
<p fId="1" fbTx="178.5127995" lbTx="178.5128051" tId="2" fbRx="178.5128117" lbRx="0" />
<p fId="1" fbTx="178.5127995" lbTx="178.5128051" tId="2" fbRx="178.5128117" lbRx="0" />
<p fId="1" fbTx="178.5128121" lbTx="178.5128177" tId="0" fbRx="178.5128243" lbRx="0" />
<p fId="1" fbTx="178.5128121" lbTx="178.5128177" tId="2" fbRx="178.5128243" lbRx="0" />
<p fId="1" fbTx="178.5128121" lbTx="178.5128177" tId="2" fbRx="178.5128243" lbRx="0" />
<p fId="1" fbTx="178.5128247" lbTx="178.5128303" tId="0" fbRx="178.5128368" lbRx="0" />
<p fId="1" fbTx="178.5128247" lbTx="178.5128303" tId="2" fbRx="178.5128368" lbRx="0" />
<p fId="1" fbTx="178.5128247" lbTx="178.5128303" tId="2" fbRx="178.5128368" lbRx="0" />
<p fId="1" fbTx="178.5128392" lbTx="178.5128448" tId="0" fbRx="178.5128514" lbRx="0" />
<p fId="1" fbTx="178.5128392" lbTx="178.5128448" tId="2" fbRx="178.5128514" lbRx="0" />
<p fId="1" fbTx="178.5128392" lbTx="178.5128448" tId="2" fbRx="178.5128514" lbRx="0" />
<p fId="1" fbTx="178.5128538" lbTx="178.5128594" tId="0" fbRx="178.5128659" lbRx="0" />
<p fId="1" fbTx="178.5128538" lbTx="178.5128594" tId="2" fbRx="178.5128659" lbRx="0" />
<p fId="1" fbTx="178.5128538" lbTx="178.5128594" tId="2" fbRx="178.5128659" lbRx="0" />
<p fId="1" fbTx="178.5128753" lbTx="178.5128809" tId="0" fbRx="178.5128875" lbRx="0" />
<p fId="1" fbTx="178.5128753" lbTx="178.5128809" tId="2" fbRx="178.5128875" lbRx="0" />
<p fId="1" fbTx="178.5128753" lbTx="178.5128809" tId="2" fbRx="178.5128875" lbRx="0" />
<p fId="1" fbTx="178.5128909" lbTx="178.5128965" tId="0" fbRx="178.5129031" lbRx="0" />
<p fId="1" fbTx="178.5128909" lbTx="178.5128965" tId="2" fbRx="178.5129031" lbRx="0" />
<p fId="1" fbTx="178.5128909" lbTx="178.5128965" tId="2" fbRx="178.5129031" lbRx="0" />
<p fId="1" fbTx="178.5129035" lbTx="178.5129091" tId="0" fbRx="178.5129156" lbRx="0" />
<p fId="1" fbTx="178.5129035" lbTx="178.5129091" tId="2" fbRx="178.5129156" lbRx="0" />
<p fId="1" fbTx="178.5129035" lbTx="178.5129091" tId="2" fbRx="178.5129156" lbRx="0" />
<p fId="1" fbTx="178.512916" lbTx="178.5129216" tId="0" fbRx="178.5129282" lbRx="0" />
<p fId="1" fbTx="178.512916" lbTx="178.5129216" tId="2" fbRx="178.5129282" lbRx="0" />
<p fId="1" fbTx="178.512916" lbTx="178.5129216" tId="2" fbRx="178.5129282" lbRx="0" />
<p fId="1" fbTx="178.5129326" lbTx="178.5129382" tId="0" fbRx="178.5129447" lbRx="0" />
<p fId="1" fbTx="178.5129326" lbTx="178.5129382" tId="2" fbRx="178.5129447" lbRx="0" />
<p fId="1" fbTx="178.5129326" lbTx="178.5129382" tId="2" fbRx="178.5129447" lbRx="0" />
<p fId="1" fbTx="178.5129561" lbTx="178.5129617" tId="0" fbRx="178.5129683" lbRx="0" />
<p fId="1" fbTx="178.5129561" lbTx="178.5129617" tId="2" fbRx="178.5129683" lbRx="0" />
<p fId="1" fbTx="178.5129561" lbTx="178.5129617" tId="2" fbRx="178.5129683" lbRx="0" />
<p fId="1" fbTx="178.5129697" lbTx="178.5129753" tId="0" fbRx="178.5129819" lbRx="0" />
<p fId="1" fbTx="178.5129697" lbTx="178.5129753" tId="2" fbRx="178.5129819" lbRx="0" />
<p fId="1" fbTx="178.5129697" lbTx="178.5129753" tId="2" fbRx="178.5129819" lbRx="0" />
<p fId="1" fbTx="178.5129833" lbTx="178.5129889" tId="0" fbRx="178.5129954" lbRx="0" />
<p fId="1" fbTx="178.5129833" lbTx="178.5129889" tId="2" fbRx="178.5129954" lbRx="0" />
<p fId="1" fbTx="178.5129833" lbTx="178.5129889" tId="2" fbRx="178.5129954" lbRx="0" />
<p fId="1" fbTx="178.5129978" lbTx="178.5130034" tId="0" fbRx="178.51301" lbRx="0" />
<p fId="1" fbTx="178.5129978" lbTx="178.5130034" tId="2" fbRx="178.51301" lbRx="0" />
<p fId="1" fbTx="178.5129978" lbTx="178.5130034" tId="2" fbRx="178.51301" lbRx="0" />
<p fId="1" fbTx="178.5130174" lbTx="178.513023" tId="0" fbRx="178.5130295" lbRx="0" />
<p fId="1" fbTx="178.5130174" lbTx="178.513023" tId="2" fbRx="178.5130295" lbRx="0" />
<p fId="1" fbTx="178.5130174" lbTx="178.513023" tId="2" fbRx="178.5130295" lbRx="0" />
<p fId="1" fbTx="178.5130299" lbTx="178.5130355" tId="0" fbRx="178.5130421" lbRx="0" />
<p fId="1" fbTx="178.5130299" lbTx="178.5130355" tId="2" fbRx="178.5130421" lbRx="0" />
<p fId="1" fbTx="178.5130299" lbTx="178.5130355" tId="2" fbRx="178.5130421" lbRx="0" />
<p fId="1" fbTx="178.5130485" lbTx="178.5130541" tId="0" fbRx="178.5130607" lbRx="0" />
<p fId="1" fbTx="178.5130485" lbTx="178.5130541" tId="2" fbRx="178.5130607" lbRx="0" />
<p fId="1" fbTx="178.5130485" lbTx="178.5130541" tId="2" fbRx="178.5130607" lbRx="0" />
<p fId="1" fbTx="178.5130691" lbTx="178.5130747" tId="0" fbRx="178.5130812" lbRx="0" />
<p fId="1" fbTx="178.5130691" lbTx="178.5130747" tId="2" fbRx="178.5130812" lbRx="0" />
<p fId="1" fbTx="178.5130691" lbTx="178.5130747" tId="2" fbRx="178.5130812" lbRx="0" />
<p fId="1" fbTx="178.5130836" lbTx="178.5130892" tId="0" fbRx="178.5130958" lbRx="0" />
<p fId="1" fbTx="178.5130836" lbTx="178.5130892" tId="2" fbRx="178.5130958" lbRx="0" />
<p fId="1" fbTx="178.5130836" lbTx="178.5130892" tId="2" fbRx="178.5130958" lbRx="0" />
<p fId="1" fbTx="178.5130982" lbTx="178.5131038" tId="0" fbRx="178.5131103" lbRx="0" />
<p fId="1" fbTx="178.5130982" lbTx="178.5131038" tId="2" fbRx="178.5131103" lbRx="0" />
<p fId="1" fbTx="178.5130982" lbTx="178.5131038" tId="2" fbRx="178.5131103" lbRx="0" />
<p fId="1" fbTx="178.5131217" lbTx="178.5131273" tId="0" fbRx="178.5131339" lbRx="0" />
<p fId="1" fbTx="178.5131217" lbTx="178.5131273" tId="2" fbRx="178.5131339" lbRx="0" />
<p fId="1" fbTx="178.5131217" lbTx="178.5131273" tId="2" fbRx="178.5131339" lbRx="0" />
<p fId="1" fbTx="178.5131363" lbTx="178.5131419" tId="0" fbRx="178.5131485" lbRx="0" />
<p fId="1" fbTx="178.5131363" lbTx="178.5131419" tId="2" fbRx="178.5131485" lbRx="0" />
<p fId="1" fbTx="178.5131363" lbTx="178.5131419" tId="2" fbRx="178.5131485" lbRx="0" />
<p fId="1" fbTx="178.5131499" lbTx="178.5131555" tId="0" fbRx="178.513162" lbRx="0" />
<p fId="1" fbTx="178.5131499" lbTx="178.5131555" tId="2" fbRx="178.513162" lbRx="0" />
<p fId="1" fbTx="178.5131499" lbTx="178.5131555" tId="2" fbRx="178.513162" lbRx="0" />
<p fId="1" fbTx="178.5131634" lbTx="178.513169" tId="0" fbRx="178.5131756" lbRx="0" />
<p fId="1" fbTx="178.5131634" lbTx="178.513169" tId="2" fbRx="178.5131756" lbRx="0" />
<p fId="1" fbTx="178.5131634" lbTx="178.513169" tId="2" fbRx="178.5131756" lbRx="0" />
<p fId="1" fbTx="178.513187" lbTx="178.5131926" tId="0" fbRx="178.5131991" lbRx="0" />
<p fId="1" fbTx="178.513187" lbTx="178.5131926" tId="2" fbRx="178.5131991" lbRx="0" />
<p fId="1" fbTx="178.513187" lbTx="178.5131926" tId="2" fbRx="178.5131991" lbRx="0" />
<p fId="1" fbTx="178.5132015" lbTx="178.5132071" tId="0" fbRx="178.5132137" lbRx="0" />
<p fId="1" fbTx="178.5132015" lbTx="178.5132071" tId="2" fbRx="178.5132137" lbRx="0" />
<p fId="1" fbTx="178.5132015" lbTx="178.5132071" tId="2" fbRx="178.5132137" lbRx="0" />
<p fId="1" fbTx="178.5132161" lbTx="178.5132217" tId="0" fbRx="178.5132283" lbRx="0" />
<p fId="1" fbTx="178.5132161" lbTx="178.5132217" tId="2" fbRx="178.5132283" lbRx="0" />
<p fId="1" fbTx="178.5132161" lbTx="178.5132217" tId="2" fbRx="178.5132283" lbRx="0" />
<p fId="1" fbTx="178.5132297" lbTx="178.5132353" tId="0" fbRx="178.5132418" lbRx="0" />
<p fId="1" fbTx="178.5132297" lbTx="178.5132353" tId="2" fbRx="178.5132418" lbRx="0" />
<p fId="1" fbTx="178.5132297" lbTx="178.5132353" tId="2" fbRx="178.5132418" lbRx="0" />
<p fId="1" fbTx="178.5132502" lbTx="178.5132558" tId="0" fbRx="178.5132624" lbRx="0" />
<p fId="1" fbTx="178.5132502" lbTx="178.5132558" tId="2" fbRx="178.5132624" lbRx="0" />
<p fId="1" fbTx="178.5132502" lbTx="178.5132558" tId="2" fbRx="178.5132624" lbRx="0" />
<p fId="1" fbTx="178.5132648" lbTx="178.5132704" tId="0" fbRx="178.5132769" lbRx="0" />
<p fId="1" fbTx="178.5132648" lbTx="178.5132704" tId="2" fbRx="178.5132769" lbRx="0" />
<p fId="1" fbTx="178.5132648" lbTx="178.5132704" tId="2" fbRx="178.5132769" lbRx="0" />
<p fId="1" fbTx="178.5132843" lbTx="178.5132899" tId="0" fbRx="178.5132965" lbRx="0" />
<p fId="1" fbTx="178.5132843" lbTx="178.5132899" tId="2" fbRx="178.5132965" lbRx="0" />
<p fId="1" fbTx="178.5132843" lbTx="178.5132899" tId="2" fbRx="178.5132965" lbRx="0" />
<p fId="1" fbTx="178.5132989" lbTx="178.5133045" tId="0" fbRx="178.5133111" lbRx="0" />
<p fId="1" fbTx="178.5132989" lbTx="178.5133045" tId="2" fbRx="178.5133111" lbRx="0" />
<p fId="1" fbTx="178.5132989" lbTx="178.5133045" tId="2" fbRx="178.5133111" lbRx="0" />
<p fId="1" fbTx="178.5133225" lbTx="178.5133281" tId="0" fbRx="178.5133346" lbRx="0" />
<p fId="1" fbTx="178.5133225" lbTx="178.5133281" tId="2" fbRx="178.5133346" lbRx="0" />
<p fId="1" fbTx="178.5133225" lbTx="178.5133281" tId="2" fbRx="178.5133346" lbRx="0" />
<p fId="1" fbTx="178.6475018" lbTx="178.6475354" tId="0" fbRx="178.647542" lbRx="0" />
<p fId="1" fbTx="178.6475018" lbTx="178.6475354" tId="2" fbRx="178.647542" lbRx="0" />
<p fId="1" fbTx="178.6475018" lbTx="178.6475354" tId="2" fbRx="178.647542" lbRx="0" />
<p fId="2" fbTx="178.647542" lbTx="178.6475905" tId="0" fbRx="178.647597" lbRx="0" />
<p fId="2" fbTx="178.647542" lbTx="178.6475905" tId="1" fbRx="178.647597" lbRx="0" />
<p fId="2" fbTx="178.647542" lbTx="178.6475905" tId="1" fbRx="178.647597" lbRx="0" />
<p fId="2" fbTx="178.6475994" lbTx="178.647627" tId="0" fbRx="178.6476336" lbRx="0" />
<p fId="2" fbTx="178.6475994" lbTx="178.647627" tId="1" fbRx="178.6476336" lbRx="0" />
<p fId="2" fbTx="178.6475994" lbTx="178.647627" tId="1" fbRx="178.6476336" lbRx="0" />
<p fId="1" fbTx="178.6476346" lbTx="178.6476402" tId="0" fbRx="178.6476467" lbRx="0" />
<p fId="1" fbTx="178.6476346" lbTx="178.6476402" tId="2" fbRx="178.6476467" lbRx="0" />
<p fId="1" fbTx="178.6476346" lbTx="178.6476402" tId="2" fbRx="178.6476467" lbRx="0" />
<p fId="1" fbTx="178.6476491" lbTx="178.6476827" tId="0" fbRx="178.6476893" lbRx="0" />
<p fId="1" fbTx="178.6476491" lbTx="178.6476827" tId="2" fbRx="178.6476893" lbRx="0" />
<p fId="1" fbTx="178.6476491" lbTx="178.6476827" tId="2" fbRx="178.6476893" lbRx="0" />
<p fId="2" fbTx="178.6476893" lbTx="178.6477378" tId="0" fbRx="178.6477443" lbRx="0" />
<p fId="2" fbTx="178.6476893" lbTx="178.6477378" tId="1" fbRx="178.6477443" lbRx="0" />
<p fId="2" fbTx="178.6476893" lbTx="178.6477378" tId="1" fbRx="178.6477443" lbRx="0" />
<p fId="2" fbTx="178.6477517" lbTx="178.6478002" tId="0" fbRx="178.6478068" lbRx="0" />
<p fId="2" fbTx="178.6477517" lbTx="178.6478002" tId="1" fbRx="178.6478068" lbRx="0" />
<p fId="2" fbTx="178.6477517" lbTx="178.6478002" tId="1" fbRx="178.6478068" lbRx="0" />
<p fId="1" fbTx="178.6478078" lbTx="178.6478134" tId="0" fbRx="178.6478199" lbRx="0" />
<p fId="1" fbTx="178.6478078" lbTx="178.6478134" tId="2" fbRx="178.6478199" lbRx="0" />
<p fId="1" fbTx="178.6478078" lbTx="178.6478134" tId="2" fbRx="178.6478199" lbRx="0" />
<p fId="2" fbTx="178.6478212" lbTx="178.6478697" tId="0" fbRx="178.6478762" lbRx="0" />
<p fId="2" fbTx="178.6478212" lbTx="178.6478697" tId="1" fbRx="178.6478762" lbRx="0" />
<p fId="2" fbTx="178.6478212" lbTx="178.6478697" tId="1" fbRx="178.6478762" lbRx="0" />
<p fId="2" fbTx="178.6478766" lbTx="178.6479251" tId="0" fbRx="178.6479317" lbRx="0" />
<p fId="2" fbTx="178.6478766" lbTx="178.6479251" tId="1" fbRx="178.6479317" lbRx="0" />
<p fId="2" fbTx="178.6478766" lbTx="178.6479251" tId="1" fbRx="178.6479317" lbRx="0" />
<p fId="1" fbTx="178.6479327" lbTx="178.6479383" tId="0" fbRx="178.6479448" lbRx="0" />
<p fId="1" fbTx="178.6479327" lbTx="178.6479383" tId="2" fbRx="178.6479448" lbRx="0" />
<p fId="1" fbTx="178.6479327" lbTx="178.6479383" tId="2" fbRx="178.6479448" lbRx="0" />
<p fId="2" fbTx="178.6479481" lbTx="178.6479965" tId="0" fbRx="178.6480031" lbRx="0" />
<p fId="2" fbTx="178.6479481" lbTx="178.6479965" tId="1" fbRx="178.6480031" lbRx="0" />
<p fId="2" fbTx="178.6479481" lbTx="178.6479965" tId="1" fbRx="178.6480031" lbRx="0" />
<p fId="2" fbTx="178.6480155" lbTx="178.648064" tId="0" fbRx="178.6480705" lbRx="0" />
<p fId="2" fbTx="178.6480155" lbTx="178.648064" tId="1" fbRx="178.6480705" lbRx="0" />
<p fId="2" fbTx="178.6480155" lbTx="178.648064" tId="1" fbRx="178.6480705" lbRx="0" />
<p fId="1" fbTx="178.6480715" lbTx="178.6480771" tId="0" fbRx="178.6480837" lbRx="0" />
<p fId="1" fbTx="178.6480715" lbTx="178.6480771" tId="2" fbRx="178.6480837" lbRx="0" />
<p fId="1" fbTx="178.6480715" lbTx="178.6480771" tId="2" fbRx="178.6480837" lbRx="0" />
<p fId="2" fbTx="178.6481379" lbTx="178.6481864" tId="0" fbRx="178.648193" lbRx="0" />
<p fId="2" fbTx="178.6481379" lbTx="178.6481864" tId="1" fbRx="178.648193" lbRx="0" />
<p fId="2" fbTx="178.6481379" lbTx="178.6481864" tId="1" fbRx="178.648193" lbRx="0" />
<p fId="2" fbTx="178.6481944" lbTx="178.6482429" tId="0" fbRx="178.6482494" lbRx="0" />
<p fId="2" fbTx="178.6481944" lbTx="178.6482429" tId="1" fbRx="178.6482494" lbRx="0" />
<p fId="2" fbTx="178.6481944" lbTx="178.6482429" tId="1" fbRx="178.6482494" lbRx="0" />
<p fId="1" fbTx="178.6482504" lbTx="178.648256" tId="0" fbRx="178.6482626" lbRx="0" />
<p fId="1" fbTx="178.6482504" lbTx="178.648256" tId="2" fbRx="178.6482626" lbRx="0" />
<p fId="1" fbTx="178.6482504" lbTx="178.648256" tId="2" fbRx="178.6482626" lbRx="0" />
<p fId="2" fbTx="178.6482998" lbTx="178.6483483" tId="0" fbRx="178.6483549" lbRx="0" />
<p fId="2" fbTx="178.6482998" lbTx="178.6483483" tId="1" fbRx="178.6483549" lbRx="0" />
<p fId="2" fbTx="178.6482998" lbTx="178.6483483" tId="1" fbRx="178.6483549" lbRx="0" />
<p fId="2" fbTx="178.6483573" lbTx="178.6484057" tId="0" fbRx="178.6484123" lbRx="0" />
<p fId="2" fbTx="178.6483573" lbTx="178.6484057" tId="1" fbRx="178.6484123" lbRx="0" />
<p fId="2" fbTx="178.6483573" lbTx="178.6484057" tId="1" fbRx="178.6484123" lbRx="0" />
<p fId="1" fbTx="178.6484133" lbTx="178.6484189" tId="0" fbRx="178.6484255" lbRx="0" />
<p fId="1" fbTx="178.6484133" lbTx="178.6484189" tId="2" fbRx="178.6484255" lbRx="0" />
<p fId="1" fbTx="178.6484133" lbTx="178.6484189" tId="2" fbRx="178.6484255" lbRx="0" />
<p fId="2" fbTx="178.6484257" lbTx="178.6484742" tId="0" fbRx="178.6484807" lbRx="0" />
<p fId="2" fbTx="178.6484257" lbTx="178.6484742" tId="1" fbRx="178.6484807" lbRx="0" />
<p fId="2" fbTx="178.6484257" lbTx="178.6484742" tId="1" fbRx="178.6484807" lbRx="0" />
<p fId="2" fbTx="178.6484821" lbTx="178.6485306" tId="0" fbRx="178.6485372" lbRx="0" />
<p fId="2" fbTx="178.6484821" lbTx="178.6485306" tId="1" fbRx="178.6485372" lbRx="0" />
<p fId="2" fbTx="178.6484821" lbTx="178.6485306" tId="1" fbRx="178.6485372" lbRx="0" />
<p fId="1" fbTx="178.6485382" lbTx="178.6485438" tId="0" fbRx="178.6485503" lbRx="0" />
<p fId="1" fbTx="178.6485382" lbTx="178.6485438" tId="2" fbRx="178.6485503" lbRx="0" />
<p fId="1" fbTx="178.6485382" lbTx="178.6485438" tId="2" fbRx="178.6485503" lbRx="0" />
<p fId="2" fbTx="178.6485716" lbTx="178.6486201" tId="0" fbRx="178.6486266" lbRx="0" />
<p fId="2" fbTx="178.6485716" lbTx="178.6486201" tId="1" fbRx="178.6486266" lbRx="0" />
<p fId="2" fbTx="178.6485716" lbTx="178.6486201" tId="1" fbRx="178.6486266" lbRx="0" />
<p fId="2" fbTx="178.648637" lbTx="178.6486855" tId="0" fbRx="178.6486921" lbRx="0" />
<p fId="2" fbTx="178.648637" lbTx="178.6486855" tId="1" fbRx="178.6486921" lbRx="0" />
<p fId="2" fbTx="178.648637" lbTx="178.6486855" tId="1" fbRx="178.6486921" lbRx="0" />
<p fId="2" fbTx="178.6486925" lbTx="178.6487409" tId="0" fbRx="178.6487475" lbRx="0" />
<p fId="2" fbTx="178.6486925" lbTx="178.6487409" tId="1" fbRx="178.6487475" lbRx="0" />
<p fId="2" fbTx="178.6486925" lbTx="178.6487409" tId="1" fbRx="178.6487475" lbRx="0" />
<p fId="2" fbTx="178.6487569" lbTx="178.6488054" tId="0" fbRx="178.6488119" lbRx="0" />
<p fId="2" fbTx="178.6487569" lbTx="178.6488054" tId="1" fbRx="178.6488119" lbRx="0" />
<p fId="2" fbTx="178.6487569" lbTx="178.6488054" tId="1" fbRx="178.6488119" lbRx="0" />
<p fId="2" fbTx="178.6488143" lbTx="178.6488628" tId="0" fbRx="178.6488694" lbRx="0" />
<p fId="2" fbTx="178.6488143" lbTx="178.6488628" tId="1" fbRx="178.6488694" lbRx="0" />
<p fId="2" fbTx="178.6488143" lbTx="178.6488628" tId="1" fbRx="178.6488694" lbRx="0" />
<p fId="2" fbTx="178.6488728" lbTx="178.6489213" tId="0" fbRx="178.6489278" lbRx="0" />
<p fId="2" fbTx="178.6488728" lbTx="178.6489213" tId="1" fbRx="178.6489278" lbRx="0" />
<p fId="2" fbTx="178.6488728" lbTx="178.6489213" tId="1" fbRx="178.6489278" lbRx="0" />
<p fId="2" fbTx="178.6489302" lbTx="178.6489787" tId="0" fbRx="178.6489853" lbRx="0" />
<p fId="2" fbTx="178.6489302" lbTx="178.6489787" tId="1" fbRx="178.6489853" lbRx="0" />
<p fId="2" fbTx="178.6489302" lbTx="178.6489787" tId="1" fbRx="178.6489853" lbRx="0" />
<p fId="2" fbTx="178.6489857" lbTx="178.6490341" tId="0" fbRx="178.6490407" lbRx="0" />
<p fId="2" fbTx="178.6489857" lbTx="178.6490341" tId="1" fbRx="178.6490407" lbRx="0" />
<p fId="2" fbTx="178.6489857" lbTx="178.6490341" tId="1" fbRx="178.6490407" lbRx="0" />
<p fId="2" fbTx="178.6490471" lbTx="178.6490956" tId="0" fbRx="178.6491021" lbRx="0" />
<p fId="2" fbTx="178.6490471" lbTx="178.6490956" tId="1" fbRx="178.6491021" lbRx="0" />
<p fId="2" fbTx="178.6490471" lbTx="178.6490956" tId="1" fbRx="178.6491021" lbRx="0" />
<p fId="2" fbTx="178.6491035" lbTx="178.649152" tId="0" fbRx="178.6491586" lbRx="0" />
<p fId="2" fbTx="178.6491035" lbTx="178.649152" tId="1" fbRx="178.6491586" lbRx="0" />
<p fId="2" fbTx="178.6491035" lbTx="178.649152" tId="1" fbRx="178.6491586" lbRx="0" />
<p fId="2" fbTx="178.649162" lbTx="178.6491761" tId="0" fbRx="178.6491827" lbRx="0" />
<p fId="2" fbTx="178.649162" lbTx="178.6491761" tId="1" fbRx="178.6491827" lbRx="0" />
<p fId="2" fbTx="178.649162" lbTx="178.6491761" tId="1" fbRx="178.6491827" lbRx="0" />
<p fId="1" fbTx="178.6493421" lbTx="178.6493477" tId="0" fbRx="178.6493542" lbRx="0" />
<p fId="1" fbTx="178.6493421" lbTx="178.6493477" tId="2" fbRx="178.6493542" lbRx="0" />
<p fId="1" fbTx="178.6493421" lbTx="178.6493477" tId="2" fbRx="178.6493542" lbRx="0" />
<p fId="1" fbTx="178.6493546" lbTx="178.6493602" tId="0" fbRx="178.6493668" lbRx="0" />
<p fId="1" fbTx="178.6493546" lbTx="178.6493602" tId="2" fbRx="178.6493668" lbRx="0" />
<p fId="1" fbTx="178.6493546" lbTx="178.6493602" tId="2" fbRx="178.6493668" lbRx="0" />
<p fId="1" fbTx="178.6493682" lbTx="178.6493738" tId="0" fbRx="178.6493803" lbRx="0" />
<p fId="1" fbTx="178.6493682" lbTx="178.6493738" tId="2" fbRx="178.6493803" lbRx="0" />
<p fId="1" fbTx="178.6493682" lbTx="178.6493738" tId="2" fbRx="178.6493803" lbRx="0" />
<p fId="1" fbTx="178.6493807" lbTx="178.6493863" tId="0" fbRx="178.6493929" lbRx="0" />
<p fId="1" fbTx="178.6493807" lbTx="178.6493863" tId="2" fbRx="178.6493929" lbRx="0" />
<p fId="1" fbTx="178.6493807" lbTx="178.6493863" tId="2" fbRx="178.6493929" lbRx="0" />
<p fId="1" fbTx="178.6493933" lbTx="178.6493989" tId="0" fbRx="178.6494055" lbRx="0" />
<p fId="1" fbTx="178.6493933" lbTx="178.6493989" tId="2" fbRx="178.6494055" lbRx="0" />
<p fId="1" fbTx="178.6493933" lbTx="178.6493989" tId="2" fbRx="178.6494055" lbRx="0" />
<p fId="1" fbTx="178.8491827" lbTx="178.8491883" tId="0" fbRx="178.8491949" lbRx="0" />
<p fId="1" fbTx="178.8491827" lbTx="178.8491883" tId="2" fbRx="178.8491949" lbRx="0" />
<p fId="1" fbTx="178.8491827" lbTx="178.8491883" tId="2" fbRx="178.8491949" lbRx="0" />
<p fId="0" fbTx="182.9488655" lbTx="182.9488991" tId="1" fbRx="182.9489057" lbRx="0" />
<p fId="0" fbTx="182.9488655" lbTx="182.9488991" tId="2" fbRx="182.9489057" lbRx="0" />
<p fId="0" fbTx="182.9488655" lbTx="182.9488991" tId="2" fbRx="182.9489057" lbRx="0" />
<p fId="2" fbTx="182.9489057" lbTx="182.9489542" tId="0" fbRx="182.9489607" lbRx="0" />
<p fId="2" fbTx="182.9489057" lbTx="182.9489542" tId="0" fbRx="182.9489607" lbRx="0" />
<p fId="2" fbTx="182.9489057" lbTx="182.9489542" tId="1" fbRx="182.9489607" lbRx="0" />
<p fId="2" fbTx="182.9489621" lbTx="182.9490106" tId="0" fbRx="182.9490172" lbRx="0" />
<p fId="2" fbTx="182.9489621" lbTx="182.9490106" tId="0" fbRx="182.9490172" lbRx="0" />
<p fId="2" fbTx="182.9489621" lbTx="182.9490106" tId="1" fbRx="182.9490172" lbRx="0" />
<p fId="0" fbTx="182.9490182" lbTx="182.9490238" tId="1" fbRx="182.9490303" lbRx="0" />
<p fId="0" fbTx="182.9490182" lbTx="182.9490238" tId="2" fbRx="182.9490303" lbRx="0" />
<p fId="0" fbTx="182.9490182" lbTx="182.9490238" tId="2" fbRx="182.9490303" lbRx="0" />
<p fId="2" fbTx="182.9490416" lbTx="182.9490901" tId="0" fbRx="182.9490966" lbRx="0" />
<p fId="2" fbTx="182.9490416" lbTx="182.9490901" tId="0" fbRx="182.9490966" lbRx="0" />
<p fId="2" fbTx="182.9490416" lbTx="182.9490901" tId="1" fbRx="182.9490966" lbRx="0" />
<p fId="2" fbTx="182.949098" lbTx="182.9491465" tId="0" fbRx="182.9491531" lbRx="0" />
<p fId="2" fbTx="182.949098" lbTx="182.9491465" tId="0" fbRx="182.9491531" lbRx="0" />
<p fId="2" fbTx="182.949098" lbTx="182.9491465" tId="1" fbRx="182.9491531" lbRx="0" />
<p fId="2" fbTx="182.9491535" lbTx="182.9492019" tId="0" fbRx="182.9492085" lbRx="0" />
<p fId="2" fbTx="182.9491535" lbTx="182.9492019" tId="0" fbRx="182.9492085" lbRx="0" />
<p fId="2" fbTx="182.9491535" lbTx="182.9492019" tId="1" fbRx="182.9492085" lbRx="0" />
<p fId="2" fbTx="182.9492139" lbTx="182.9492624" tId="0" fbRx="182.9492689" lbRx="0" />
<p fId="2" fbTx="182.9492139" lbTx="182.9492624" tId="0" fbRx="182.9492689" lbRx="0" />
<p fId="2" fbTx="182.9492139" lbTx="182.9492624" tId="1" fbRx="182.9492689" lbRx="0" />
<p fId="2" fbTx="182.9492693" lbTx="182.9493178" tId="0" fbRx="182.9493244" lbRx="0" />
<p fId="2" fbTx="182.9492693" lbTx="182.9493178" tId="0" fbRx="182.9493244" lbRx="0" />
<p fId="2" fbTx="182.9492693" lbTx="182.9493178" tId="1" fbRx="182.9493244" lbRx="0" />
<p fId="2" fbTx="182.9493258" lbTx="182.9493743" tId="0" fbRx="182.9493808" lbRx="0" />
<p fId="2" fbTx="182.9493258" lbTx="182.9493743" tId="0" fbRx="182.9493808" lbRx="0" />
<p fId="2" fbTx="182.9493258" lbTx="182.9493743" tId="1" fbRx="182.9493808" lbRx="0" />
<p fId="2" fbTx="182.9493822" lbTx="182.9494307" tId="0" fbRx="182.9494373" lbRx="0" />
<p fId="2" fbTx="182.9493822" lbTx="182.9494307" tId="0" fbRx="182.9494373" lbRx="0" />
<p fId="2" fbTx="182.9493822" lbTx="182.9494307" tId="1" fbRx="182.9494373" lbRx="0" />
<p fId="2" fbTx="182.9494387" lbTx="182.9494871" tId="0" fbRx="182.9494937" lbRx="0" />
<p fId="2" fbTx="182.9494387" lbTx="182.9494871" tId="0" fbRx="182.9494937" lbRx="0" />
<p fId="2" fbTx="182.9494387" lbTx="182.9494871" tId="1" fbRx="182.9494937" lbRx="0" />
<p fId="2" fbTx="182.9494961" lbTx="182.9495446" tId="0" fbRx="182.9495511" lbRx="0" />
<p fId="2" fbTx="182.9494961" lbTx="182.9495446" tId="0" fbRx="182.9495511" lbRx="0" />
<p fId="2" fbTx="182.9494961" lbTx="182.9495446" tId="1" fbRx="182.9495511" lbRx="0" />
<p fId="2" fbTx="182.9495595" lbTx="182.949608" tId="0" fbRx="182.9496146" lbRx="0" />
<p fId="2" fbTx="182.9495595" lbTx="182.949608" tId="0" fbRx="182.9496146" lbRx="0" />
<p fId="2" fbTx="182.9495595" lbTx="182.949608" tId="1" fbRx="182.9496146" lbRx="0" />
<p fId="2" fbTx="182.949617" lbTx="182.9496655" tId="0" fbRx="182.949672" lbRx="0" />
<p fId="2" fbTx="182.949617" lbTx="182.9496655" tId="0" fbRx="182.949672" lbRx="0" />
<p fId="2" fbTx="182.949617" lbTx="182.9496655" tId="1" fbRx="182.949672" lbRx="0" />
<p fId="2" fbTx="182.9496744" lbTx="182.9497229" tId="0" fbRx="182.9497295" lbRx="0" />
<p fId="2" fbTx="182.9496744" lbTx="182.9497229" tId="0" fbRx="182.9497295" lbRx="0" />
<p fId="2" fbTx="182.9496744" lbTx="182.9497229" tId="1" fbRx="182.9497295" lbRx="0" />
<p fId="2" fbTx="182.9497329" lbTx="182.9497813" tId="0" fbRx="182.9497879" lbRx="0" />
<p fId="2" fbTx="182.9497329" lbTx="182.9497813" tId="0" fbRx="182.9497879" lbRx="0" />
<p fId="2" fbTx="182.9497329" lbTx="182.9497813" tId="1" fbRx="182.9497879" lbRx="0" />
<p fId="2" fbTx="182.9497893" lbTx="182.9498378" tId="0" fbRx="182.9498443" lbRx="0" />
<p fId="2" fbTx="182.9497893" lbTx="182.9498378" tId="0" fbRx="182.9498443" lbRx="0" />
<p fId="2" fbTx="182.9497893" lbTx="182.9498378" tId="1" fbRx="182.9498443" lbRx="0" />
<p fId="2" fbTx="182.9498457" lbTx="182.9498942" tId="0" fbRx="182.9499008" lbRx="0" />
<p fId="2" fbTx="182.9498457" lbTx="182.9498942" tId="0" fbRx="182.9499008" lbRx="0" />
<p fId="2" fbTx="182.9498457" lbTx="182.9498942" tId="1" fbRx="182.9499008" lbRx="0" />
<p fId="2" fbTx="182.9499012" lbTx="182.9499497" tId="0" fbRx="182.9499562" lbRx="0" />
<p fId="2" fbTx="182.9499012" lbTx="182.9499497" tId="0" fbRx="182.9499562" lbRx="0" />
<p fId="2" fbTx="182.9499012" lbTx="182.9499497" tId="1" fbRx="182.9499562" lbRx="0" />
<p fId="2" fbTx="182.9499656" lbTx="182.9500141" tId="0" fbRx="182.9500207" lbRx="0" />
<p fId="2" fbTx="182.9499656" lbTx="182.9500141" tId="0" fbRx="182.9500207" lbRx="0" />
<p fId="2" fbTx="182.9499656" lbTx="182.9500141" tId="1" fbRx="182.9500207" lbRx="0" />
<p fId="2" fbTx="182.9500231" lbTx="182.9500715" tId="0" fbRx="182.9500781" lbRx="0" />
<p fId="2" fbTx="182.9500231" lbTx="182.9500715" tId="0" fbRx="182.9500781" lbRx="0" />
<p fId="2" fbTx="182.9500231" lbTx="182.9500715" tId="1" fbRx="182.9500781" lbRx="0" />
<p fId="2" fbTx="182.9500795" lbTx="182.950128" tId="0" fbRx="182.9501345" lbRx="0" />
<p fId="2" fbTx="182.9500795" lbTx="182.950128" tId="0" fbRx="182.9501345" lbRx="0" />
<p fId="2" fbTx="182.9500795" lbTx="182.950128" tId="1" fbRx="182.9501345" lbRx="0" />
<p fId="2" fbTx="182.9501379" lbTx="182.9501864" tId="0" fbRx="182.950193" lbRx="0" />
<p fId="2" fbTx="182.9501379" lbTx="182.9501864" tId="0" fbRx="182.950193" lbRx="0" />
<p fId="2" fbTx="182.9501379" lbTx="182.9501864" tId="1" fbRx="182.950193" lbRx="0" />
<p fId="2" fbTx="182.9502014" lbTx="182.9502499" tId="0" fbRx="182.9502564" lbRx="0" />
<p fId="2" fbTx="182.9502014" lbTx="182.9502499" tId="0" fbRx="182.9502564" lbRx="0" />
<p fId="2" fbTx="182.9502014" lbTx="182.9502499" tId="1" fbRx="182.9502564" lbRx="0" />
<p fId="2" fbTx="182.9502568" lbTx="182.9503053" tId="0" fbRx="182.9503119" lbRx="0" />
<p fId="2" fbTx="182.9502568" lbTx="182.9503053" tId="0" fbRx="182.9503119" lbRx="0" />
<p fId="2" fbTx="182.9502568" lbTx="182.9503053" tId="1" fbRx="182.9503119" lbRx="0" />
<p fId="2" fbTx="182.9503123" lbTx="182.9503607" tId="0" fbRx="182.9503673" lbRx="0" />
<p fId="2" fbTx="182.9503123" lbTx="182.9503607" tId="0" fbRx="182.9503673" lbRx="0" />
<p fId="2" fbTx="182.9503123" lbTx="182.9503607" tId="1" fbRx="182.9503673" lbRx="0" />
<p fId="2" fbTx="182.9503687" lbTx="182.9504172" tId="0" fbRx="182.9504237" lbRx="0" />
<p fId="2" fbTx="182.9503687" lbTx="182.9504172" tId="0" fbRx="182.9504237" lbRx="0" />
<p fId="2" fbTx="182.9503687" lbTx="182.9504172" tId="1" fbRx="182.9504237" lbRx="0" />
<p fId="2" fbTx="182.9504271" lbTx="182.9504756" tId="0" fbRx="182.9504822" lbRx="0" />
<p fId="2" fbTx="182.9504271" lbTx="182.9504756" tId="0" fbRx="182.9504822" lbRx="0" />
<p fId="2" fbTx="182.9504271" lbTx="182.9504756" tId="1" fbRx="182.9504822" lbRx="0" />
<p fId="2" fbTx="182.9504846" lbTx="182.9505331" tId="0" fbRx="182.9505396" lbRx="0" />
<p fId="2" fbTx="182.9504846" lbTx="182.9505331" tId="0" fbRx="182.9505396" lbRx="0" />
<p fId="2" fbTx="182.9504846" lbTx="182.9505331" tId="1" fbRx="182.9505396" lbRx="0" />
<p fId="2" fbTx="182.950542" lbTx="182.9505905" tId="0" fbRx="182.9505971" lbRx="0" />
<p fId="2" fbTx="182.950542" lbTx="182.9505905" tId="0" fbRx="182.9505971" lbRx="0" />
<p fId="2" fbTx="182.950542" lbTx="182.9505905" tId="1" fbRx="182.9505971" lbRx="0" />
<p fId="2" fbTx="182.9506005" lbTx="182.9506489" tId="0" fbRx="182.9506555" lbRx="0" />
<p fId="2" fbTx="182.9506005" lbTx="182.9506489" tId="0" fbRx="182.9506555" lbRx="0" />
<p fId="2" fbTx="182.9506005" lbTx="182.9506489" tId="1" fbRx="182.9506555" lbRx="0" />
<p fId="2" fbTx="182.9506569" lbTx="182.9507054" tId="0" fbRx="182.9507119" lbRx="0" />
<p fId="2" fbTx="182.9506569" lbTx="182.9507054" tId="0" fbRx="182.9507119" lbRx="0" />
<p fId="2" fbTx="182.9506569" lbTx="182.9507054" tId="1" fbRx="182.9507119" lbRx="0" />
<p fId="2" fbTx="182.9507123" lbTx="182.9507608" tId="0" fbRx="182.9507674" lbRx="0" />
<p fId="2" fbTx="182.9507123" lbTx="182.9507608" tId="0" fbRx="182.9507674" lbRx="0" />
<p fId="2" fbTx="182.9507123" lbTx="182.9507608" tId="1" fbRx="182.9507674" lbRx="0" />
<p fId="2" fbTx="182.9507758" lbTx="182.9508243" tId="0" fbRx="182.9508308" lbRx="0" />
<p fId="2" fbTx="182.9507758" lbTx="182.9508243" tId="0" fbRx="182.9508308" lbRx="0" />
<p fId="2" fbTx="182.9507758" lbTx="182.9508243" tId="1" fbRx="182.9508308" lbRx="0" />
<p fId="2" fbTx="182.9508332" lbTx="182.9508817" tId="0" fbRx="182.9508883" lbRx="0" />
<p fId="2" fbTx="182.9508332" lbTx="182.9508817" tId="0" fbRx="182.9508883" lbRx="0" />
<p fId="2" fbTx="182.9508332" lbTx="182.9508817" tId="1" fbRx="182.9508883" lbRx="0" />
<p fId="2" fbTx="182.9508917" lbTx="182.9509401" tId="0" fbRx="182.9509467" lbRx="0" />
<p fId="2" fbTx="182.9508917" lbTx="182.9509401" tId="0" fbRx="182.9509467" lbRx="0" />
<p fId="2" fbTx="182.9508917" lbTx="182.9509401" tId="1" fbRx="182.9509467" lbRx="0" />
<p fId="2" fbTx="182.9509471" lbTx="182.9509956" tId="0" fbRx="182.9510021" lbRx="0" />
<p fId="2" fbTx="182.9509471" lbTx="182.9509956" tId="0" fbRx="182.9510021" lbRx="0" />
<p fId="2" fbTx="182.9509471" lbTx="182.9509956" tId="1" fbRx="182.9510021" lbRx="0" />
<p fId="2" fbTx="182.9510105" lbTx="182.951059" tId="0" fbRx="182.9510656" lbRx="0" />
<p fId="2" fbTx="182.9510105" lbTx="182.951059" tId="0" fbRx="182.9510656" lbRx="0" />
<p fId="2" fbTx="182.9510105" lbTx="182.951059" tId="1" fbRx="182.9510656" lbRx="0" />
<p fId="2" fbTx="182.951069" lbTx="182.9511175" tId="0" fbRx="182.951124" lbRx="0" />
<p fId="2" fbTx="182.951069" lbTx="182.9511175" tId="0" fbRx="182.951124" lbRx="0" />
<p fId="2" fbTx="182.951069" lbTx="182.9511175" tId="1" fbRx="182.951124" lbRx="0" />
<p fId="2" fbTx="182.9511254" lbTx="182.9511739" tId="0" fbRx="182.9511805" lbRx="0" />
<p fId="2" fbTx="182.9511254" lbTx="182.9511739" tId="0" fbRx="182.9511805" lbRx="0" />
<p fId="2" fbTx="182.9511254" lbTx="182.9511739" tId="1" fbRx="182.9511805" lbRx="0" />
<p fId="2" fbTx="182.9511819" lbTx="182.9512303" tId="0" fbRx="182.9512369" lbRx="0" />
<p fId="2" fbTx="182.9511819" lbTx="182.9512303" tId="0" fbRx="182.9512369" lbRx="0" />
<p fId="2" fbTx="182.9511819" lbTx="182.9512303" tId="1" fbRx="182.9512369" lbRx="0" />
<p fId="2" fbTx="182.9512373" lbTx="182.9512858" tId="0" fbRx="182.9512923" lbRx="0" />
<p fId="2" fbTx="182.9512373" lbTx="182.9512858" tId="0" fbRx="182.9512923" lbRx="0" />
<p fId="2" fbTx="182.9512373" lbTx="182.9512858" tId="1" fbRx="182.9512923" lbRx="0" />
<p fId="2" fbTx="182.9512977" lbTx="182.9513462" tId="0" fbRx="182.9513528" lbRx="0" />
<p fId="2" fbTx="182.9512977" lbTx="182.9513462" tId="0" fbRx="182.9513528" lbRx="0" />
<p fId="2" fbTx="182.9512977" lbTx="182.9513462" tId="1" fbRx="182.9513528" lbRx="0" />
<p fId="2" fbTx="182.9513582" lbTx="182.9514067" tId="0" fbRx="182.9514132" lbRx="0" />
<p fId="2" fbTx="182.9513582" lbTx="182.9514067" tId="0" fbRx="182.9514132" lbRx="0" />
<p fId="2" fbTx="182.9513582" lbTx="182.9514067" tId="1" fbRx="182.9514132" lbRx="0" />
<p fId="2" fbTx="182.9514256" lbTx="182.9514741" tId="0" fbRx="182.9514807" lbRx="0" />
<p fId="2" fbTx="182.9514256" lbTx="182.9514741" tId="0" fbRx="182.9514807" lbRx="0" />
<p fId="2" fbTx="182.9514256" lbTx="182.9514741" tId="1" fbRx="182.9514807" lbRx="0" />
<p fId="2" fbTx="182.9514841" lbTx="182.9515325" tId="0" fbRx="182.9515391" lbRx="0" />
<p fId="2" fbTx="182.9514841" lbTx="182.9515325" tId="0" fbRx="182.9515391" lbRx="0" />
<p fId="2" fbTx="182.9514841" lbTx="182.9515325" tId="1" fbRx="182.9515391" lbRx="0" />
<p fId="2" fbTx="182.9515405" lbTx="182.951589" tId="0" fbRx="182.9515955" lbRx="0" />
<p fId="2" fbTx="182.9515405" lbTx="182.951589" tId="0" fbRx="182.9515955" lbRx="0" />
<p fId="2" fbTx="182.9515405" lbTx="182.951589" tId="1" fbRx="182.9515955" lbRx="0" />
<p fId="2" fbTx="182.9516079" lbTx="182.9516564" tId="0" fbRx="182.951663" lbRx="0" />
<p fId="2" fbTx="182.9516079" lbTx="182.9516564" tId="0" fbRx="182.951663" lbRx="0" />
<p fId="2" fbTx="182.9516079" lbTx="182.9516564" tId="1" fbRx="182.951663" lbRx="0" />
<p fId="2" fbTx="182.9516634" lbTx="182.9517119" tId="0" fbRx="182.9517184" lbRx="0" />
<p fId="2" fbTx="182.9516634" lbTx="182.9517119" tId="0" fbRx="182.9517184" lbRx="0" />
<p fId="2" fbTx="182.9516634" lbTx="182.9517119" tId="1" fbRx="182.9517184" lbRx="0" />
<p fId="2" fbTx="182.9517188" lbTx="182.9517673" tId="0" fbRx="182.9517739" lbRx="0" />
<p fId="2" fbTx="182.9517188" lbTx="182.9517673" tId="0" fbRx="182.9517739" lbRx="0" />
<p fId="2" fbTx="182.9517188" lbTx="182.9517673" tId="1" fbRx="182.9517739" lbRx="0" />
<p fId="2" fbTx="182.9517793" lbTx="182.9518277" tId="0" fbRx="182.9518343" lbRx="0" />
<p fId="2" fbTx="182.9517793" lbTx="182.9518277" tId="0" fbRx="182.9518343" lbRx="0" />
<p fId="2" fbTx="182.9517793" lbTx="182.9518277" tId="1" fbRx="182.9518343" lbRx="0" />
<p fId="2" fbTx="182.9518367" lbTx="182.9518852" tId="0" fbRx="182.9518917" lbRx="0" />
<p fId="2" fbTx="182.9518367" lbTx="182.9518852" tId="0" fbRx="182.9518917" lbRx="0" />
<p fId="2" fbTx="182.9518367" lbTx="182.9518852" tId="1" fbRx="182.9518917" lbRx="0" />
<p fId="2" fbTx="182.9519001" lbTx="182.9519486" tId="0" fbRx="182.9519552" lbRx="0" />
<p fId="2" fbTx="182.9519001" lbTx="182.9519486" tId="0" fbRx="182.9519552" lbRx="0" />
<p fId="2" fbTx="182.9519001" lbTx="182.9519486" tId="1" fbRx="182.9519552" lbRx="0" />
<p fId="2" fbTx="182.9519566" lbTx="182.9520051" tId="0" fbRx="182.9520116" lbRx="0" />
<p fId="2" fbTx="182.9519566" lbTx="182.9520051" tId="0" fbRx="182.9520116" lbRx="0" />
<p fId="2" fbTx="182.9519566" lbTx="182.9520051" tId="1" fbRx="182.9520116" lbRx="0" />
<p fId="2" fbTx="182.952012" lbTx="182.9520605" tId="0" fbRx="182.9520671" lbRx="0" />
<p fId="2" fbTx="182.952012" lbTx="182.9520605" tId="0" fbRx="182.9520671" lbRx="0" />
<p fId="2" fbTx="182.952012" lbTx="182.9520605" tId="1" fbRx="182.9520671" lbRx="0" />
<p fId="2" fbTx="182.9520675" lbTx="182.9521159" tId="0" fbRx="182.9521225" lbRx="0" />
<p fId="2" fbTx="182.9520675" lbTx="182.9521159" tId="0" fbRx="182.9521225" lbRx="0" />
<p fId="2" fbTx="182.9520675" lbTx="182.9521159" tId="1" fbRx="182.9521225" lbRx="0" />
<p fId="2" fbTx="182.9521229" lbTx="182.9521714" tId="0" fbRx="182.9521779" lbRx="0" />
<p fId="2" fbTx="182.9521229" lbTx="182.9521714" tId="0" fbRx="182.9521779" lbRx="0" />
<p fId="2" fbTx="182.9521229" lbTx="182.9521714" tId="1" fbRx="182.9521779" lbRx="0" />
<p fId="2" fbTx="182.9521783" lbTx="182.9522268" tId="0" fbRx="182.9522334" lbRx="0" />
<p fId="2" fbTx="182.9521783" lbTx="182.9522268" tId="0" fbRx="182.9522334" lbRx="0" />
<p fId="2" fbTx="182.9521783" lbTx="182.9522268" tId="1" fbRx="182.9522334" lbRx="0" />
<p fId="0" fbTx="182.9522351" lbTx="182.9522407" tId="1" fbRx="182.9522472" lbRx="0" />
<p fId="0" fbTx="182.9522351" lbTx="182.9522407" tId="2" fbRx="182.9522472" lbRx="0" />
<p fId="0" fbTx="182.9522351" lbTx="182.9522407" tId="2" fbRx="182.9522472" lbRx="0" />
<p fId="0" fbTx="182.9522476" lbTx="182.9522532" tId="1" fbRx="182.9522598" lbRx="0" />
<p fId="0" fbTx="182.9522476" lbTx="182.9522532" tId="2" fbRx="182.9522598" lbRx="0" />
<p fId="0" fbTx="182.9522476" lbTx="182.9522532" tId="2" fbRx="182.9522598" lbRx="0" />
<p fId="0" fbTx="182.9522632" lbTx="182.9522688" tId="1" fbRx="182.9522753" lbRx="0" />
<p fId="0" fbTx="182.9522632" lbTx="182.9522688" tId="2" fbRx="182.9522753" lbRx="0" />
<p fId="0" fbTx="182.9522632" lbTx="182.9522688" tId="2" fbRx="182.9522753" lbRx="0" />
<p fId="0" fbTx="182.9522797" lbTx="182.9522853" tId="1" fbRx="182.9522919" lbRx="0" />
<p fId="0" fbTx="182.9522797" lbTx="182.9522853" tId="2" fbRx="182.9522919" lbRx="0" />
<p fId="0" fbTx="182.9522797" lbTx="182.9522853" tId="2" fbRx="182.9522919" lbRx="0" />
<p fId="0" fbTx="182.9522933" lbTx="182.9522989" tId="1" fbRx="182.9523055" lbRx="0" />
<p fId="0" fbTx="182.9522933" lbTx="182.9522989" tId="2" fbRx="182.9523055" lbRx="0" />
<p fId="0" fbTx="182.9522933" lbTx="182.9522989" tId="2" fbRx="182.9523055" lbRx="0" />
<p fId="0" fbTx="182.9523159" lbTx="182.9523215" tId="1" fbRx="182.952328" lbRx="0" />
<p fId="0" fbTx="182.9523159" lbTx="182.9523215" tId="2" fbRx="182.952328" lbRx="0" />
<p fId="0" fbTx="182.9523159" lbTx="182.9523215" tId="2" fbRx="182.952328" lbRx="0" />
<p fId="0" fbTx="182.9523284" lbTx="182.952334" tId="1" fbRx="182.9523406" lbRx="0" />
<p fId="0" fbTx="182.9523284" lbTx="182.952334" tId="2" fbRx="182.9523406" lbRx="0" />
<p fId="0" fbTx="182.9523284" lbTx="182.952334" tId="2" fbRx="182.9523406" lbRx="0" />
<p fId="0" fbTx="182.952343" lbTx="182.9523486" tId="1" fbRx="182.9523551" lbRx="0" />
<p fId="0" fbTx="182.952343" lbTx="182.9523486" tId="2" fbRx="182.9523551" lbRx="0" />
<p fId="0" fbTx="182.952343" lbTx="182.9523486" tId="2" fbRx="182.9523551" lbRx="0" />
<p fId="0" fbTx="182.9523665" lbTx="182.9523721" tId="1" fbRx="182.9523787" lbRx="0" />
<p fId="0" fbTx="182.9523665" lbTx="182.9523721" tId="2" fbRx="182.9523787" lbRx="0" />
<p fId="0" fbTx="182.9523665" lbTx="182.9523721" tId="2" fbRx="182.9523787" lbRx="0" />
<p fId="0" fbTx="182.9523861" lbTx="182.9523917" tId="1" fbRx="182.9523983" lbRx="0" />
<p fId="0" fbTx="182.9523861" lbTx="182.9523917" tId="2" fbRx="182.9523983" lbRx="0" />
<p fId="0" fbTx="182.9523861" lbTx="182.9523917" tId="2" fbRx="182.9523983" lbRx="0" />
<p fId="0" fbTx="182.9523987" lbTx="182.9524043" tId="1" fbRx="182.9524108" lbRx="0" />
<p fId="0" fbTx="182.9523987" lbTx="182.9524043" tId="2" fbRx="182.9524108" lbRx="0" />
<p fId="0" fbTx="182.9523987" lbTx="182.9524043" tId="2" fbRx="182.9524108" lbRx="0" />
<p fId="0" fbTx="182.9524112" lbTx="182.9524168" tId="1" fbRx="182.9524234" lbRx="0" />
<p fId="0" fbTx="182.9524112" lbTx="182.9524168" tId="2" fbRx="182.9524234" lbRx="0" />
<p fId="0" fbTx="182.9524112" lbTx="182.9524168" tId="2" fbRx="182.9524234" lbRx="0" />
<p fId="0" fbTx="182.9524268" lbTx="182.9524324" tId="1" fbRx="182.9524389" lbRx="0" />
<p fId="0" fbTx="182.9524268" lbTx="182.9524324" tId="2" fbRx="182.9524389" lbRx="0" />
<p fId="0" fbTx="182.9524268" lbTx="182.9524324" tId="2" fbRx="182.9524389" lbRx="0" />
<p fId="0" fbTx="182.9524503" lbTx="182.9524559" tId="1" fbRx="182.9524625" lbRx="0" />
<p fId="0" fbTx="182.9524503" lbTx="182.9524559" tId="2" fbRx="182.9524625" lbRx="0" />
<p fId="0" fbTx="182.9524503" lbTx="182.9524559" tId="2" fbRx="182.9524625" lbRx="0" />
<p fId="0" fbTx="182.9524629" lbTx="182.9524685" tId="1" fbRx="182.9524751" lbRx="0" />
<p fId="0" fbTx="182.9524629" lbTx="182.9524685" tId="2" fbRx="182.9524751" lbRx="0" />
<p fId="0" fbTx="182.9524629" lbTx="182.9524685" tId="2" fbRx="182.9524751" lbRx="0" />
<p fId="0" fbTx="182.9524825" lbTx="182.9524881" tId="1" fbRx="182.9524946" lbRx="0" />
<p fId="0" fbTx="182.9524825" lbTx="182.9524881" tId="2" fbRx="182.9524946" lbRx="0" />
<p fId="0" fbTx="182.9524825" lbTx="182.9524881" tId="2" fbRx="182.9524946" lbRx="0" />
<p fId="0" fbTx="182.952497" lbTx="182.9525026" tId="1" fbRx="182.9525092" lbRx="0" />
<p fId="0" fbTx="182.952497" lbTx="182.9525026" tId="2" fbRx="182.9525092" lbRx="0" />
<p fId="0" fbTx="182.952497" lbTx="182.9525026" tId="2" fbRx="182.9525092" lbRx="0" />
<p fId="0" fbTx="182.9525096" lbTx="182.9525152" tId="1" fbRx="182.9525217" lbRx="0" />
<p fId="0" fbTx="182.9525096" lbTx="182.9525152" tId="2" fbRx="182.9525217" lbRx="0" />
<p fId="0" fbTx="182.9525096" lbTx="182.9525152" tId="2" fbRx="182.9525217" lbRx="0" />
<p fId="0" fbTx="182.9525241" lbTx="182.9525297" tId="1" fbRx="182.9525363" lbRx="0" />
<p fId="0" fbTx="182.9525241" lbTx="182.9525297" tId="2" fbRx="182.9525363" lbRx="0" />
<p fId="0" fbTx="182.9525241" lbTx="182.9525297" tId="2" fbRx="182.9525363" lbRx="0" />
<p fId="0" fbTx="182.9525417" lbTx="182.9525473" tId="1" fbRx="182.9525539" lbRx="0" />
<p fId="0" fbTx="182.9525417" lbTx="182.9525473" tId="2" fbRx="182.9525539" lbRx="0" />
<p fId="0" fbTx="182.9525417" lbTx="182.9525473" tId="2" fbRx="182.9525539" lbRx="0" />
<p fId="0" fbTx="182.9525623" lbTx="182.9525679" tId="1" fbRx="182.9525744" lbRx="0" />
<p fId="0" fbTx="182.9525623" lbTx="182.9525679" tId="2" fbRx="182.9525744" lbRx="0" />
<p fId="0" fbTx="182.9525623" lbTx="182.9525679" tId="2" fbRx="182.9525744" lbRx="0" />
<p fId="0" fbTx="182.9525748" lbTx="182.9525804" tId="1" fbRx="182.952587" lbRx="0" />
<p fId="0" fbTx="182.9525748" lbTx="182.9525804" tId="2" fbRx="182.952587" lbRx="0" />
<p fId="0" fbTx="182.9525748" lbTx="182.9525804" tId="2" fbRx="182.952587" lbRx="0" />
<p fId="0" fbTx="182.9525884" lbTx="182.952594" tId="1" fbRx="182.9526005" lbRx="0" />
<p fId="0" fbTx="182.9525884" lbTx="182.952594" tId="2" fbRx="182.9526005" lbRx="0" />
<p fId="0" fbTx="182.9525884" lbTx="182.952594" tId="2" fbRx="182.9526005" lbRx="0" />
<p fId="0" fbTx="182.9526009" lbTx="182.9526065" tId="1" fbRx="182.9526131" lbRx="0" />
<p fId="0" fbTx="182.9526009" lbTx="182.9526065" tId="2" fbRx="182.9526131" lbRx="0" />
<p fId="0" fbTx="182.9526009" lbTx="182.9526065" tId="2" fbRx="182.9526131" lbRx="0" />
<p fId="0" fbTx="182.9526145" lbTx="182.9526201" tId="1" fbRx="182.9526267" lbRx="0" />
<p fId="0" fbTx="182.9526145" lbTx="182.9526201" tId="2" fbRx="182.9526267" lbRx="0" />
<p fId="0" fbTx="182.9526145" lbTx="182.9526201" tId="2" fbRx="182.9526267" lbRx="0" />
<p fId="0" fbTx="182.9526291" lbTx="182.9526347" tId="1" fbRx="182.9526412" lbRx="0" />
<p fId="0" fbTx="182.9526291" lbTx="182.9526347" tId="2" fbRx="182.9526412" lbRx="0" />
<p fId="0" fbTx="182.9526291" lbTx="182.9526347" tId="2" fbRx="182.9526412" lbRx="0" />
<p fId="0" fbTx="182.9526426" lbTx="182.9526482" tId="1" fbRx="182.9526548" lbRx="0" />
<p fId="0" fbTx="182.9526426" lbTx="182.9526482" tId="2" fbRx="182.9526548" lbRx="0" />
<p fId="0" fbTx="182.9526426" lbTx="182.9526482" tId="2" fbRx="182.9526548" lbRx="0" />
<p fId="2" fbTx="182.9527018" lbTx="182.9527503" tId="0" fbRx="182.9527568" lbRx="0" />
<p fId="2" fbTx="182.9527018" lbTx="182.9527503" tId="0" fbRx="182.9527568" lbRx="0" />
<p fId="2" fbTx="182.9527018" lbTx="182.9527503" tId="1" fbRx="182.9527568" lbRx="0" />
<p fId="0" fbTx="182.9527578" lbTx="182.9527634" tId="1" fbRx="182.95277" lbRx="0" />
<p fId="0" fbTx="182.9527578" lbTx="182.9527634" tId="2" fbRx="182.95277" lbRx="0" />
<p fId="0" fbTx="182.9527578" lbTx="182.9527634" tId="2" fbRx="182.95277" lbRx="0" />
<p fId="2" fbTx="182.9527802" lbTx="182.9528287" tId="0" fbRx="182.9528353" lbRx="0" />
<p fId="2" fbTx="182.9527802" lbTx="182.9528287" tId="0" fbRx="182.9528353" lbRx="0" />
<p fId="2" fbTx="182.9527802" lbTx="182.9528287" tId="1" fbRx="182.9528353" lbRx="0" />
<p fId="2" fbTx="182.9528367" lbTx="182.9528851" tId="0" fbRx="182.9528917" lbRx="0" />
<p fId="2" fbTx="182.9528367" lbTx="182.9528851" tId="0" fbRx="182.9528917" lbRx="0" />
<p fId="2" fbTx="182.9528367" lbTx="182.9528851" tId="1" fbRx="182.9528917" lbRx="0" />
<p fId="0" fbTx="182.9528927" lbTx="182.9528983" tId="1" fbRx="182.9529049" lbRx="0" />
<p fId="0" fbTx="182.9528927" lbTx="182.9528983" tId="2" fbRx="182.9529049" lbRx="0" />
<p fId="0" fbTx="182.9528927" lbTx="182.9528983" tId="2" fbRx="182.9529049" lbRx="0" />
<p fId="2" fbTx="182.9529051" lbTx="182.9529536" tId="0" fbRx="182.9529601" lbRx="0" />
<p fId="2" fbTx="182.9529051" lbTx="182.9529536" tId="0" fbRx="182.9529601" lbRx="0" />
<p fId="2" fbTx="182.9529051" lbTx="182.9529536" tId="1" fbRx="182.9529601" lbRx="0" />
<p fId="2" fbTx="182.9529635" lbTx="182.953012" tId="0" fbRx="182.9530186" lbRx="0" />
<p fId="2" fbTx="182.9529635" lbTx="182.953012" tId="0" fbRx="182.9530186" lbRx="0" />
<p fId="2" fbTx="182.9529635" lbTx="182.953012" tId="1" fbRx="182.9530186" lbRx="0" />
<p fId="0" fbTx="182.9530196" lbTx="182.9530252" tId="1" fbRx="182.9530317" lbRx="0" />
<p fId="0" fbTx="182.9530196" lbTx="182.9530252" tId="2" fbRx="182.9530317" lbRx="0" />
<p fId="0" fbTx="182.9530196" lbTx="182.9530252" tId="2" fbRx="182.9530317" lbRx="0" />
<p fId="2" fbTx="182.953033" lbTx="182.9530815" tId="0" fbRx="182.953088" lbRx="0" />
<p fId="2" fbTx="182.953033" lbTx="182.9530815" tId="0" fbRx="182.953088" lbRx="0" />
<p fId="2" fbTx="182.953033" lbTx="182.9530815" tId="1" fbRx="182.953088" lbRx="0" />
<p fId="2" fbTx="182.9530894" lbTx="182.9531379" tId="0" fbRx="182.9531445" lbRx="0" />
<p fId="2" fbTx="182.9530894" lbTx="182.9531379" tId="0" fbRx="182.9531445" lbRx="0" />
<p fId="2" fbTx="182.9530894" lbTx="182.9531379" tId="1" fbRx="182.9531445" lbRx="0" />
<p fId="0" fbTx="182.9531455" lbTx="182.9531511" tId="1" fbRx="182.9531576" lbRx="0" />
<p fId="0" fbTx="182.9531455" lbTx="182.9531511" tId="2" fbRx="182.9531576" lbRx="0" />
<p fId="0" fbTx="182.9531455" lbTx="182.9531511" tId="2" fbRx="182.9531576" lbRx="0" />
<p fId="2" fbTx="182.9531589" lbTx="182.9532073" tId="0" fbRx="182.9532139" lbRx="0" />
<p fId="2" fbTx="182.9531589" lbTx="182.9532073" tId="0" fbRx="182.9532139" lbRx="0" />
<p fId="2" fbTx="182.9531589" lbTx="182.9532073" tId="1" fbRx="182.9532139" lbRx="0" />
<p fId="2" fbTx="182.9532153" lbTx="182.9532638" tId="0" fbRx="182.9532703" lbRx="0" />
<p fId="2" fbTx="182.9532153" lbTx="182.9532638" tId="0" fbRx="182.9532703" lbRx="0" />
<p fId="2" fbTx="182.9532153" lbTx="182.9532638" tId="1" fbRx="182.9532703" lbRx="0" />
<p fId="2" fbTx="182.9532707" lbTx="182.9533192" tId="0" fbRx="182.9533258" lbRx="0" />
<p fId="2" fbTx="182.9532707" lbTx="182.9533192" tId="0" fbRx="182.9533258" lbRx="0" />
<p fId="2" fbTx="182.9532707" lbTx="182.9533192" tId="1" fbRx="182.9533258" lbRx="0" />
<p fId="2" fbTx="182.9533352" lbTx="182.9533837" tId="0" fbRx="182.9533902" lbRx="0" />
<p fId="2" fbTx="182.9533352" lbTx="182.9533837" tId="0" fbRx="182.9533902" lbRx="0" />
<p fId="2" fbTx="182.9533352" lbTx="182.9533837" tId="1" fbRx="182.9533902" lbRx="0" />
<p fId="2" fbTx="182.9533976" lbTx="182.9534461" tId="0" fbRx="182.9534527" lbRx="0" />
<p fId="2" fbTx="182.9533976" lbTx="182.9534461" tId="0" fbRx="182.9534527" lbRx="0" />
<p fId="2" fbTx="182.9533976" lbTx="182.9534461" tId="1" fbRx="182.9534527" lbRx="0" />
<p fId="2" fbTx="182.9534561" lbTx="182.9535045" tId="0" fbRx="182.9535111" lbRx="0" />
<p fId="2" fbTx="182.9534561" lbTx="182.9535045" tId="0" fbRx="182.9535111" lbRx="0" />
<p fId="2" fbTx="182.9534561" lbTx="182.9535045" tId="1" fbRx="182.9535111" lbRx="0" />
<p fId="2" fbTx="182.9535145" lbTx="182.953563" tId="0" fbRx="182.9535695" lbRx="0" />
<p fId="2" fbTx="182.9535145" lbTx="182.953563" tId="0" fbRx="182.9535695" lbRx="0" />
<p fId="2" fbTx="182.9535145" lbTx="182.953563" tId="1" fbRx="182.9535695" lbRx="0" />
<p fId="2" fbTx="182.9535729" lbTx="182.9536214" tId="0" fbRx="182.953628" lbRx="0" />
<p fId="2" fbTx="182.9535729" lbTx="182.9536214" tId="0" fbRx="182.953628" lbRx="0" />
<p fId="2" fbTx="182.9535729" lbTx="182.9536214" tId="1" fbRx="182.953628" lbRx="0" />
<p fId="2" fbTx="182.9536364" lbTx="182.9536849" tId="0" fbRx="182.9536914" lbRx="0" />
<p fId="2" fbTx="182.9536364" lbTx="182.9536849" tId="0" fbRx="182.9536914" lbRx="0" />
<p fId="2" fbTx="182.9536364" lbTx="182.9536849" tId="1" fbRx="182.9536914" lbRx="0" />
<p fId="2" fbTx="182.9536948" lbTx="182.9537433" tId="0" fbRx="182.9537499" lbRx="0" />
<p fId="2" fbTx="182.9536948" lbTx="182.9537433" tId="0" fbRx="182.9537499" lbRx="0" />
<p fId="2" fbTx="182.9536948" lbTx="182.9537433" tId="1" fbRx="182.9537499" lbRx="0" />
<p fId="2" fbTx="182.9537573" lbTx="182.9538057" tId="0" fbRx="182.9538123" lbRx="0" />
<p fId="2" fbTx="182.9537573" lbTx="182.9538057" tId="0" fbRx="182.9538123" lbRx="0" />
<p fId="2" fbTx="182.9537573" lbTx="182.9538057" tId="1" fbRx="182.9538123" lbRx="0" />
<p fId="2" fbTx="182.9538167" lbTx="182.9538652" tId="0" fbRx="182.9538717" lbRx="0" />
<p fId="2" fbTx="182.9538167" lbTx="182.9538652" tId="0" fbRx="182.9538717" lbRx="0" />
<p fId="2" fbTx="182.9538167" lbTx="182.9538652" tId="1" fbRx="182.9538717" lbRx="0" />
<p fId="2" fbTx="182.9538721" lbTx="182.9539206" tId="0" fbRx="182.9539272" lbRx="0" />
<p fId="2" fbTx="182.9538721" lbTx="182.9539206" tId="0" fbRx="182.9539272" lbRx="0" />
<p fId="2" fbTx="182.9538721" lbTx="182.9539206" tId="1" fbRx="182.9539272" lbRx="0" />
<p fId="2" fbTx="182.9539276" lbTx="182.9539761" tId="0" fbRx="182.9539826" lbRx="0" />
<p fId="2" fbTx="182.9539276" lbTx="182.9539761" tId="0" fbRx="182.9539826" lbRx="0" />
<p fId="2" fbTx="182.9539276" lbTx="182.9539761" tId="1" fbRx="182.9539826" lbRx="0" />
<p fId="2" fbTx="182.953986" lbTx="182.9540345" tId="0" fbRx="182.9540411" lbRx="0" />
<p fId="2" fbTx="182.953986" lbTx="182.9540345" tId="0" fbRx="182.9540411" lbRx="0" />
<p fId="2" fbTx="182.953986" lbTx="182.9540345" tId="1" fbRx="182.9540411" lbRx="0" />
<p fId="2" fbTx="182.9540445" lbTx="182.9540929" tId="0" fbRx="182.9540995" lbRx="0" />
<p fId="2" fbTx="182.9540445" lbTx="182.9540929" tId="0" fbRx="182.9540995" lbRx="0" />
<p fId="2" fbTx="182.9540445" lbTx="182.9540929" tId="1" fbRx="182.9540995" lbRx="0" />
<p fId="2" fbTx="182.9540999" lbTx="182.9541484" tId="0" fbRx="182.9541549" lbRx="0" />
<p fId="2" fbTx="182.9540999" lbTx="182.9541484" tId="0" fbRx="182.9541549" lbRx="0" />
<p fId="2" fbTx="182.9540999" lbTx="182.9541484" tId="1" fbRx="182.9541549" lbRx="0" />
<p fId="2" fbTx="182.9541623" lbTx="182.9542108" tId="0" fbRx="182.9542174" lbRx="0" />
<p fId="2" fbTx="182.9541623" lbTx="182.9542108" tId="0" fbRx="182.9542174" lbRx="0" />
<p fId="2" fbTx="182.9541623" lbTx="182.9542108" tId="1" fbRx="182.9542174" lbRx="0" />
<p fId="2" fbTx="182.9542238" lbTx="182.9542723" tId="0" fbRx="182.9542788" lbRx="0" />
<p fId="2" fbTx="182.9542238" lbTx="182.9542723" tId="0" fbRx="182.9542788" lbRx="0" />
<p fId="2" fbTx="182.9542238" lbTx="182.9542723" tId="1" fbRx="182.9542788" lbRx="0" />
<p fId="2" fbTx="182.9542912" lbTx="182.9543397" tId="0" fbRx="182.9543463" lbRx="0" />
<p fId="2" fbTx="182.9542912" lbTx="182.9543397" tId="0" fbRx="182.9543463" lbRx="0" />
<p fId="2" fbTx="182.9542912" lbTx="182.9543397" tId="1" fbRx="182.9543463" lbRx="0" />
<p fId="2" fbTx="182.9543547" lbTx="182.9544031" tId="0" fbRx="182.9544097" lbRx="0" />
<p fId="2" fbTx="182.9543547" lbTx="182.9544031" tId="0" fbRx="182.9544097" lbRx="0" />
<p fId="2" fbTx="182.9543547" lbTx="182.9544031" tId="1" fbRx="182.9544097" lbRx="0" />
<p fId="2" fbTx="182.9544111" lbTx="182.9544596" tId="0" fbRx="182.9544661" lbRx="0" />
<p fId="2" fbTx="182.9544111" lbTx="182.9544596" tId="0" fbRx="182.9544661" lbRx="0" />
<p fId="2" fbTx="182.9544111" lbTx="182.9544596" tId="1" fbRx="182.9544661" lbRx="0" />
<p fId="2" fbTx="182.9544675" lbTx="182.954516" tId="0" fbRx="182.9545226" lbRx="0" />
<p fId="2" fbTx="182.9544675" lbTx="182.954516" tId="0" fbRx="182.9545226" lbRx="0" />
<p fId="2" fbTx="182.9544675" lbTx="182.954516" tId="1" fbRx="182.9545226" lbRx="0" />
<p fId="2" fbTx="182.954527" lbTx="182.9545755" tId="0" fbRx="182.954582" lbRx="0" />
<p fId="2" fbTx="182.954527" lbTx="182.9545755" tId="0" fbRx="182.954582" lbRx="0" />
<p fId="2" fbTx="182.954527" lbTx="182.9545755" tId="1" fbRx="182.954582" lbRx="0" />
<p fId="2" fbTx="182.9545854" lbTx="182.9546339" tId="0" fbRx="182.9546405" lbRx="0" />
<p fId="2" fbTx="182.9545854" lbTx="182.9546339" tId="0" fbRx="182.9546405" lbRx="0" />
<p fId="2" fbTx="182.9545854" lbTx="182.9546339" tId="1" fbRx="182.9546405" lbRx="0" />
<p fId="2" fbTx="182.9546429" lbTx="182.9546913" tId="0" fbRx="182.9546979" lbRx="0" />
<p fId="2" fbTx="182.9546429" lbTx="182.9546913" tId="0" fbRx="182.9546979" lbRx="0" />
<p fId="2" fbTx="182.9546429" lbTx="182.9546913" tId="1" fbRx="182.9546979" lbRx="0" />
<p fId="2" fbTx="182.9547083" lbTx="182.9547568" tId="0" fbRx="182.9547633" lbRx="0" />
<p fId="2" fbTx="182.9547083" lbTx="182.9547568" tId="0" fbRx="182.9547633" lbRx="0" />
<p fId="2" fbTx="182.9547083" lbTx="182.9547568" tId="1" fbRx="182.9547633" lbRx="0" />
<p fId="2" fbTx="182.9547647" lbTx="182.9548132" tId="0" fbRx="182.9548198" lbRx="0" />
<p fId="2" fbTx="182.9547647" lbTx="182.9548132" tId="0" fbRx="182.9548198" lbRx="0" />
<p fId="2" fbTx="182.9547647" lbTx="182.9548132" tId="1" fbRx="182.9548198" lbRx="0" />
<p fId="2" fbTx="182.9548272" lbTx="182.9548757" tId="0" fbRx="182.9548822" lbRx="0" />
<p fId="2" fbTx="182.9548272" lbTx="182.9548757" tId="0" fbRx="182.9548822" lbRx="0" />
<p fId="2" fbTx="182.9548272" lbTx="182.9548757" tId="1" fbRx="182.9548822" lbRx="0" />
<p fId="2" fbTx="182.9548846" lbTx="182.9549331" tId="0" fbRx="182.9549397" lbRx="0" />
<p fId="2" fbTx="182.9548846" lbTx="182.9549331" tId="0" fbRx="182.9549397" lbRx="0" />
<p fId="2" fbTx="182.9548846" lbTx="182.9549331" tId="1" fbRx="182.9549397" lbRx="0" />
<p fId="2" fbTx="182.9549431" lbTx="182.9549915" tId="0" fbRx="182.9549981" lbRx="0" />
<p fId="2" fbTx="182.9549431" lbTx="182.9549915" tId="0" fbRx="182.9549981" lbRx="0" />
<p fId="2" fbTx="182.9549431" lbTx="182.9549915" tId="1" fbRx="182.9549981" lbRx="0" />
<p fId="2" fbTx="182.9550015" lbTx="182.95505" tId="0" fbRx="182.9550565" lbRx="0" />
<p fId="2" fbTx="182.9550015" lbTx="182.95505" tId="0" fbRx="182.9550565" lbRx="0" />
<p fId="2" fbTx="182.9550015" lbTx="182.95505" tId="1" fbRx="182.9550565" lbRx="0" />
<p fId="2" fbTx="182.9550669" lbTx="182.9551154" tId="0" fbRx="182.955122" lbRx="0" />
<p fId="2" fbTx="182.9550669" lbTx="182.9551154" tId="0" fbRx="182.955122" lbRx="0" />
<p fId="2" fbTx="182.9550669" lbTx="182.9551154" tId="1" fbRx="182.955122" lbRx="0" />
<p fId="2" fbTx="182.9551324" lbTx="182.9551809" tId="0" fbRx="182.9551874" lbRx="0" />
<p fId="2" fbTx="182.9551324" lbTx="182.9551809" tId="0" fbRx="182.9551874" lbRx="0" />
<p fId="2" fbTx="182.9551324" lbTx="182.9551809" tId="1" fbRx="182.9551874" lbRx="0" />
<p fId="2" fbTx="182.9551878" lbTx="182.9552363" tId="0" fbRx="182.9552429" lbRx="0" />
<p fId="2" fbTx="182.9551878" lbTx="182.9552363" tId="0" fbRx="182.9552429" lbRx="0" />
<p fId="2" fbTx="182.9551878" lbTx="182.9552363" tId="1" fbRx="182.9552429" lbRx="0" />
<p fId="2" fbTx="182.9552453" lbTx="182.9552937" tId="0" fbRx="182.9553003" lbRx="0" />
<p fId="2" fbTx="182.9552453" lbTx="182.9552937" tId="0" fbRx="182.9553003" lbRx="0" />
<p fId="2" fbTx="182.9552453" lbTx="182.9552937" tId="1" fbRx="182.9553003" lbRx="0" />
<p fId="2" fbTx="182.9553067" lbTx="182.9553552" tId="0" fbRx="182.9553617" lbRx="0" />
<p fId="2" fbTx="182.9553067" lbTx="182.9553552" tId="0" fbRx="182.9553617" lbRx="0" />
<p fId="2" fbTx="182.9553067" lbTx="182.9553552" tId="1" fbRx="182.9553617" lbRx="0" />
<p fId="2" fbTx="182.9553631" lbTx="182.9554116" tId="0" fbRx="182.9554182" lbRx="0" />
<p fId="2" fbTx="182.9553631" lbTx="182.9554116" tId="0" fbRx="182.9554182" lbRx="0" />
<p fId="2" fbTx="182.9553631" lbTx="182.9554116" tId="1" fbRx="182.9554182" lbRx="0" />
<p fId="2" fbTx="182.9554196" lbTx="182.9554681" tId="0" fbRx="182.9554746" lbRx="0" />
<p fId="2" fbTx="182.9554196" lbTx="182.9554681" tId="0" fbRx="182.9554746" lbRx="0" />
<p fId="2" fbTx="182.9554196" lbTx="182.9554681" tId="1" fbRx="182.9554746" lbRx="0" />
<p fId="2" fbTx="182.955476" lbTx="182.9555245" tId="0" fbRx="182.9555311" lbRx="0" />
<p fId="2" fbTx="182.955476" lbTx="182.9555245" tId="0" fbRx="182.9555311" lbRx="0" />
<p fId="2" fbTx="182.955476" lbTx="182.9555245" tId="1" fbRx="182.9555311" lbRx="0" />
<p fId="2" fbTx="182.9555325" lbTx="182.9555809" tId="0" fbRx="182.9555875" lbRx="0" />
<p fId="2" fbTx="182.9555325" lbTx="182.9555809" tId="0" fbRx="182.9555875" lbRx="0" />
<p fId="2" fbTx="182.9555325" lbTx="182.9555809" tId="1" fbRx="182.9555875" lbRx="0" />
<p fId="2" fbTx="182.9555889" lbTx="182.9556374" tId="0" fbRx="182.9556439" lbRx="0" />
<p fId="2" fbTx="182.9555889" lbTx="182.9556374" tId="0" fbRx="182.9556439" lbRx="0" />
<p fId="2" fbTx="182.9555889" lbTx="182.9556374" tId="1" fbRx="182.9556439" lbRx="0" />
<p fId="2" fbTx="182.9556453" lbTx="182.9556938" tId="0" fbRx="182.9557004" lbRx="0" />
<p fId="2" fbTx="182.9556453" lbTx="182.9556938" tId="0" fbRx="182.9557004" lbRx="0" />
<p fId="2" fbTx="182.9556453" lbTx="182.9556938" tId="1" fbRx="182.9557004" lbRx="0" />
<p fId="0" fbTx="182.9557073" lbTx="182.9557129" tId="1" fbRx="182.9557195" lbRx="0" />
<p fId="0" fbTx="182.9557073" lbTx="182.9557129" tId="2" fbRx="182.9557195" lbRx="0" />
<p fId="0" fbTx="182.9557073" lbTx="182.9557129" tId="2" fbRx="182.9557195" lbRx="0" />
<p fId="0" fbTx="182.9557199" lbTx="182.9557255" tId="1" fbRx="182.9557321" lbRx="0" />
<p fId="0" fbTx="182.9557199" lbTx="182.9557255" tId="2" fbRx="182.9557321" lbRx="0" />
<p fId="0" fbTx="182.9557199" lbTx="182.9557255" tId="2" fbRx="182.9557321" lbRx="0" />
<p fId="0" fbTx="182.9557345" lbTx="182.9557401" tId="1" fbRx="182.9557466" lbRx="0" />
<p fId="0" fbTx="182.9557345" lbTx="182.9557401" tId="2" fbRx="182.9557466" lbRx="0" />
<p fId="0" fbTx="182.9557345" lbTx="182.9557401" tId="2" fbRx="182.9557466" lbRx="0" />
<p fId="0" fbTx="182.955751" lbTx="182.9557566" tId="1" fbRx="182.9557632" lbRx="0" />
<p fId="0" fbTx="182.955751" lbTx="182.9557566" tId="2" fbRx="182.9557632" lbRx="0" />
<p fId="0" fbTx="182.955751" lbTx="182.9557566" tId="2" fbRx="182.9557632" lbRx="0" />
<p fId="0" fbTx="182.9557636" lbTx="182.9557692" tId="1" fbRx="182.9557757" lbRx="0" />
<p fId="0" fbTx="182.9557636" lbTx="182.9557692" tId="2" fbRx="182.9557757" lbRx="0" />
<p fId="0" fbTx="182.9557636" lbTx="182.9557692" tId="2" fbRx="182.9557757" lbRx="0" />
<p fId="0" fbTx="182.9557781" lbTx="182.9557837" tId="1" fbRx="182.9557903" lbRx="0" />
<p fId="0" fbTx="182.9557781" lbTx="182.9557837" tId="2" fbRx="182.9557903" lbRx="0" />
<p fId="0" fbTx="182.9557781" lbTx="182.9557837" tId="2" fbRx="182.9557903" lbRx="0" />
<p fId="0" fbTx="182.9557917" lbTx="182.9557973" tId="1" fbRx="182.9558039" lbRx="0" />
<p fId="0" fbTx="182.9557917" lbTx="182.9557973" tId="2" fbRx="182.9558039" lbRx="0" />
<p fId="0" fbTx="182.9557917" lbTx="182.9557973" tId="2" fbRx="182.9558039" lbRx="0" />
<p fId="0" fbTx="182.9558063" lbTx="182.9558119" tId="1" fbRx="182.9558184" lbRx="0" />
<p fId="0" fbTx="182.9558063" lbTx="182.9558119" tId="2" fbRx="182.9558184" lbRx="0" />
<p fId="0" fbTx="182.9558063" lbTx="182.9558119" tId="2" fbRx="182.9558184" lbRx="0" />
<p fId="0" fbTx="182.9558218" lbTx="182.9558274" tId="1" fbRx="182.955834" lbRx="0" />
<p fId="0" fbTx="182.9558218" lbTx="182.9558274" tId="2" fbRx="182.955834" lbRx="0" />
<p fId="0" fbTx="182.9558218" lbTx="182.9558274" tId="2" fbRx="182.955834" lbRx="0" />
<p fId="0" fbTx="182.9558354" lbTx="182.955841" tId="1" fbRx="182.9558475" lbRx="0" />
<p fId="0" fbTx="182.9558354" lbTx="182.955841" tId="2" fbRx="182.9558475" lbRx="0" />
<p fId="0" fbTx="182.9558354" lbTx="182.955841" tId="2" fbRx="182.9558475" lbRx="0" />
<p fId="0" fbTx="182.9558579" lbTx="182.9558635" tId="1" fbRx="182.9558701" lbRx="0" />
<p fId="0" fbTx="182.9558579" lbTx="182.9558635" tId="2" fbRx="182.9558701" lbRx="0" />
<p fId="0" fbTx="182.9558579" lbTx="182.9558635" tId="2" fbRx="182.9558701" lbRx="0" />
<p fId="0" fbTx="182.9558715" lbTx="182.9558771" tId="1" fbRx="182.9558837" lbRx="0" />
<p fId="0" fbTx="182.9558715" lbTx="182.9558771" tId="2" fbRx="182.9558837" lbRx="0" />
<p fId="0" fbTx="182.9558715" lbTx="182.9558771" tId="2" fbRx="182.9558837" lbRx="0" />
<p fId="0" fbTx="182.9558851" lbTx="182.9558907" tId="1" fbRx="182.9558972" lbRx="0" />
<p fId="0" fbTx="182.9558851" lbTx="182.9558907" tId="2" fbRx="182.9558972" lbRx="0" />
<p fId="0" fbTx="182.9558851" lbTx="182.9558907" tId="2" fbRx="182.9558972" lbRx="0" />
<p fId="0" fbTx="182.9559056" lbTx="182.9559112" tId="1" fbRx="182.9559178" lbRx="0" />
<p fId="0" fbTx="182.9559056" lbTx="182.9559112" tId="2" fbRx="182.9559178" lbRx="0" />
<p fId="0" fbTx="182.9559056" lbTx="182.9559112" tId="2" fbRx="182.9559178" lbRx="0" />
<p fId="0" fbTx="182.9559202" lbTx="182.9559258" tId="1" fbRx="182.9559323" lbRx="0" />
<p fId="0" fbTx="182.9559202" lbTx="182.9559258" tId="2" fbRx="182.9559323" lbRx="0" />
<p fId="0" fbTx="182.9559202" lbTx="182.9559258" tId="2" fbRx="182.9559323" lbRx="0" />
<p fId="0" fbTx="182.9559337" lbTx="182.9559393" tId="1" fbRx="182.9559459" lbRx="0" />
<p fId="0" fbTx="182.9559337" lbTx="182.9559393" tId="2" fbRx="182.9559459" lbRx="0" />
<p fId="0" fbTx="182.9559337" lbTx="182.9559393" tId="2" fbRx="182.9559459" lbRx="0" />
<p fId="0" fbTx="182.9559473" lbTx="182.9559529" tId="1" fbRx="182.9559595" lbRx="0" />
<p fId="0" fbTx="182.9559473" lbTx="182.9559529" tId="2" fbRx="182.9559595" lbRx="0" />
<p fId="0" fbTx="182.9559473" lbTx="182.9559529" tId="2" fbRx="182.9559595" lbRx="0" />
<p fId="0" fbTx="182.9559609" lbTx="182.9559665" tId="1" fbRx="182.955973" lbRx="0" />
<p fId="0" fbTx="182.9559609" lbTx="182.9559665" tId="2" fbRx="182.955973" lbRx="0" />
<p fId="0" fbTx="182.9559609" lbTx="182.9559665" tId="2" fbRx="182.955973" lbRx="0" />
<p fId="0" fbTx="182.9559744" lbTx="182.95598" tId="1" fbRx="182.9559866" lbRx="0" />
<p fId="0" fbTx="182.9559744" lbTx="182.95598" tId="2" fbRx="182.9559866" lbRx="0" />
<p fId="0" fbTx="182.9559744" lbTx="182.95598" tId="2" fbRx="182.9559866" lbRx="0" />
<p fId="0" fbTx="182.955987" lbTx="182.9559926" tId="1" fbRx="182.9559991" lbRx="0" />
<p fId="0" fbTx="182.955987" lbTx="182.9559926" tId="2" fbRx="182.9559991" lbRx="0" />
<p fId="0" fbTx="182.955987" lbTx="182.9559926" tId="2" fbRx="182.9559991" lbRx="0" />
<p fId="0" fbTx="182.9560115" lbTx="182.9560171" tId="1" fbRx="182.9560237" lbRx="0" />
<p fId="0" fbTx="182.9560115" lbTx="182.9560171" tId="2" fbRx="182.9560237" lbRx="0" />
<p fId="0" fbTx="182.9560115" lbTx="182.9560171" tId="2" fbRx="182.9560237" lbRx="0" />
<p fId="2" fbTx="182.9565028" lbTx="182.9565513" tId="0" fbRx="182.9565578" lbRx="0" />
<p fId="2" fbTx="182.9565028" lbTx="182.9565513" tId="0" fbRx="182.9565578" lbRx="0" />
<p fId="2" fbTx="182.9565028" lbTx="182.9565513" tId="1" fbRx="182.9565578" lbRx="0" />
<p fId="0" fbTx="182.9565588" lbTx="182.9565644" tId="1" fbRx="182.956571" lbRx="0" />
<p fId="0" fbTx="182.9565588" lbTx="182.9565644" tId="2" fbRx="182.956571" lbRx="0" />
<p fId="0" fbTx="182.9565588" lbTx="182.9565644" tId="2" fbRx="182.956571" lbRx="0" />
<p fId="2" fbTx="182.9565812" lbTx="182.9566297" tId="0" fbRx="182.9566363" lbRx="0" />
<p fId="2" fbTx="182.9565812" lbTx="182.9566297" tId="0" fbRx="182.9566363" lbRx="0" />
<p fId="2" fbTx="182.9565812" lbTx="182.9566297" tId="1" fbRx="182.9566363" lbRx="0" />
<p fId="2" fbTx="182.9566397" lbTx="182.9566881" tId="0" fbRx="182.9566947" lbRx="0" />
<p fId="2" fbTx="182.9566397" lbTx="182.9566881" tId="0" fbRx="182.9566947" lbRx="0" />
<p fId="2" fbTx="182.9566397" lbTx="182.9566881" tId="1" fbRx="182.9566947" lbRx="0" />
<p fId="0" fbTx="182.9566957" lbTx="182.9567013" tId="1" fbRx="182.9567079" lbRx="0" />
<p fId="0" fbTx="182.9566957" lbTx="182.9567013" tId="2" fbRx="182.9567079" lbRx="0" />
<p fId="0" fbTx="182.9566957" lbTx="182.9567013" tId="2" fbRx="182.9567079" lbRx="0" />
<p fId="2" fbTx="182.9567271" lbTx="182.9567756" tId="0" fbRx="182.9567821" lbRx="0" />
<p fId="2" fbTx="182.9567271" lbTx="182.9567756" tId="0" fbRx="182.9567821" lbRx="0" />
<p fId="2" fbTx="182.9567271" lbTx="182.9567756" tId="1" fbRx="182.9567821" lbRx="0" />
<p fId="2" fbTx="182.9567955" lbTx="182.956844" tId="0" fbRx="182.9568506" lbRx="0" />
<p fId="2" fbTx="182.9567955" lbTx="182.956844" tId="0" fbRx="182.9568506" lbRx="0" />
<p fId="2" fbTx="182.9567955" lbTx="182.956844" tId="1" fbRx="182.9568506" lbRx="0" />
<p fId="0" fbTx="182.9568516" lbTx="182.9568572" tId="1" fbRx="182.9568637" lbRx="0" />
<p fId="0" fbTx="182.9568516" lbTx="182.9568572" tId="2" fbRx="182.9568637" lbRx="0" />
<p fId="0" fbTx="182.9568516" lbTx="182.9568572" tId="2" fbRx="182.9568637" lbRx="0" />
<p fId="2" fbTx="182.956867" lbTx="182.9569155" tId="0" fbRx="182.956922" lbRx="0" />
<p fId="2" fbTx="182.956867" lbTx="182.9569155" tId="0" fbRx="182.956922" lbRx="0" />
<p fId="2" fbTx="182.956867" lbTx="182.9569155" tId="1" fbRx="182.956922" lbRx="0" />
<p fId="2" fbTx="182.9569224" lbTx="182.9569709" tId="0" fbRx="182.9569775" lbRx="0" />
<p fId="2" fbTx="182.9569224" lbTx="182.9569709" tId="0" fbRx="182.9569775" lbRx="0" />
<p fId="2" fbTx="182.9569224" lbTx="182.9569709" tId="1" fbRx="182.9569775" lbRx="0" />
<p fId="0" fbTx="182.9569785" lbTx="182.9569841" tId="1" fbRx="182.9569906" lbRx="0" />
<p fId="0" fbTx="182.9569785" lbTx="182.9569841" tId="2" fbRx="182.9569906" lbRx="0" />
<p fId="0" fbTx="182.9569785" lbTx="182.9569841" tId="2" fbRx="182.9569906" lbRx="0" />
<p fId="2" fbTx="182.9569929" lbTx="182.9570413" tId="0" fbRx="182.9570479" lbRx="0" />
<p fId="2" fbTx="182.9569929" lbTx="182.9570413" tId="0" fbRx="182.9570479" lbRx="0" />
<p fId="2" fbTx="182.9569929" lbTx="182.9570413" tId="1" fbRx="182.9570479" lbRx="0" />
<p fId="2" fbTx="182.9570493" lbTx="182.9570978" tId="0" fbRx="182.9571043" lbRx="0" />
<p fId="2" fbTx="182.9570493" lbTx="182.9570978" tId="0" fbRx="182.9571043" lbRx="0" />
<p fId="2" fbTx="182.9570493" lbTx="182.9570978" tId="1" fbRx="182.9571043" lbRx="0" />
<p fId="0" fbTx="182.9571053" lbTx="182.9571109" tId="1" fbRx="182.9571175" lbRx="0" />
<p fId="0" fbTx="182.9571053" lbTx="182.9571109" tId="2" fbRx="182.9571175" lbRx="0" />
<p fId="0" fbTx="182.9571053" lbTx="182.9571109" tId="2" fbRx="182.9571175" lbRx="0" />
<p fId="2" fbTx="182.9571287" lbTx="182.9571772" tId="0" fbRx="182.9571838" lbRx="0" />
<p fId="2" fbTx="182.9571287" lbTx="182.9571772" tId="0" fbRx="182.9571838" lbRx="0" />
<p fId="2" fbTx="182.9571287" lbTx="182.9571772" tId="1" fbRx="182.9571838" lbRx="0" />
<p fId="2" fbTx="182.9571952" lbTx="182.9572095" tId="0" fbRx="182.9572161" lbRx="0" />
<p fId="2" fbTx="182.9571952" lbTx="182.9572095" tId="0" fbRx="182.9572161" lbRx="0" />
<p fId="2" fbTx="182.9571952" lbTx="182.9572095" tId="1" fbRx="182.9572161" lbRx="0" />
<p fId="0" fbTx="182.9572171" lbTx="182.9572227" tId="1" fbRx="182.9572292" lbRx="0" />
<p fId="0" fbTx="182.9572171" lbTx="182.9572227" tId="2" fbRx="182.9572292" lbRx="0" />
<p fId="0" fbTx="182.9572171" lbTx="182.9572227" tId="2" fbRx="182.9572292" lbRx="0" />
<p fId="0" fbTx="183.0288343" lbTx="183.0288679" tId="1" fbRx="183.0288745" lbRx="0" />
<p fId="0" fbTx="183.0288343" lbTx="183.0288679" tId="2" fbRx="183.0288745" lbRx="0" />
<p fId="0" fbTx="183.0288343" lbTx="183.0288679" tId="2" fbRx="183.0288745" lbRx="0" />
<p fId="2" fbTx="183.0288745" lbTx="183.0288889" tId="0" fbRx="183.0288955" lbRx="0" />
<p fId="2" fbTx="183.0288745" lbTx="183.0288889" tId="0" fbRx="183.0288955" lbRx="0" />
<p fId="2" fbTx="183.0288745" lbTx="183.0288889" tId="1" fbRx="183.0288955" lbRx="0" />
<p fId="0" fbTx="183.2288955" lbTx="183.2289011" tId="1" fbRx="183.2289077" lbRx="0" />
<p fId="0" fbTx="183.2288955" lbTx="183.2289011" tId="2" fbRx="183.2289077" lbRx="0" />
<p fId="0" fbTx="183.2288955" lbTx="183.2289011" tId="2" fbRx="183.2289077" lbRx="0" />
<p fId="0" fbTx="198.3279168" lbTx="198.3279504" tId="1" fbRx="198.327957" lbRx="0" />
<p fId="0" fbTx="198.3279168" lbTx="198.3279504" tId="2" fbRx="198.327957" lbRx="0" />
<p fId="0" fbTx="198.3279168" lbTx="198.3279504" tId="2" fbRx="198.327957" lbRx="0" />
<p fId="2" fbTx="198.327957" lbTx="198.3280055" tId="0" fbRx="198.328012" lbRx="0" />
<p fId="2" fbTx="198.327957" lbTx="198.3280055" tId="0" fbRx="198.328012" lbRx="0" />
<p fId="2" fbTx="198.327957" lbTx="198.3280055" tId="1" fbRx="198.328012" lbRx="0" />
<p fId="2" fbTx="198.3280164" lbTx="198.3280649" tId="0" fbRx="198.3280715" lbRx="0" />
<p fId="2" fbTx="198.3280164" lbTx="198.3280649" tId="0" fbRx="198.3280715" lbRx="0" />
<p fId="2" fbTx="198.3280164" lbTx="198.3280649" tId="1" fbRx="198.3280715" lbRx="0" />
<p fId="2" fbTx="198.3280719" lbTx="198.3281203" tId="0" fbRx="198.3281269" lbRx="0" />
<p fId="2" fbTx="198.3280719" lbTx="198.3281203" tId="0" fbRx="198.3281269" lbRx="0" />
<p fId="2" fbTx="198.3280719" lbTx="198.3281203" tId="1" fbRx="198.3281269" lbRx="0" />
<p fId="2" fbTx="198.3281273" lbTx="198.3281758" tId="0" fbRx="198.3281823" lbRx="0" />
<p fId="2" fbTx="198.3281273" lbTx="198.3281758" tId="0" fbRx="198.3281823" lbRx="0" />
<p fId="2" fbTx="198.3281273" lbTx="198.3281758" tId="1" fbRx="198.3281823" lbRx="0" />
<p fId="2" fbTx="198.3281877" lbTx="198.3282362" tId="0" fbRx="198.3282428" lbRx="0" />
<p fId="2" fbTx="198.3281877" lbTx="198.3282362" tId="0" fbRx="198.3282428" lbRx="0" />
<p fId="2" fbTx="198.3281877" lbTx="198.3282362" tId="1" fbRx="198.3282428" lbRx="0" />
<p fId="2" fbTx="198.3282452" lbTx="198.3282937" tId="0" fbRx="198.3283002" lbRx="0" />
<p fId="2" fbTx="198.3282452" lbTx="198.3282937" tId="0" fbRx="198.3283002" lbRx="0" />
<p fId="2" fbTx="198.3282452" lbTx="198.3282937" tId="1" fbRx="198.3283002" lbRx="0" />
<p fId="0" fbTx="198.3283045" lbTx="198.3283101" tId="1" fbRx="198.3283166" lbRx="0" />
<p fId="0" fbTx="198.3283045" lbTx="198.3283101" tId="2" fbRx="198.3283166" lbRx="0" />
<p fId="0" fbTx="198.3283045" lbTx="198.3283101" tId="2" fbRx="198.3283166" lbRx="0" />
<p fId="0" fbTx="198.328317" lbTx="198.3283226" tId="1" fbRx="198.3283292" lbRx="0" />
<p fId="0" fbTx="198.328317" lbTx="198.3283226" tId="2" fbRx="198.3283292" lbRx="0" />
<p fId="0" fbTx="198.328317" lbTx="198.3283226" tId="2" fbRx="198.3283292" lbRx="0" />
<p fId="2" fbTx="198.3283326" lbTx="198.3283811" tId="0" fbRx="198.3283877" lbRx="0" />
<p fId="2" fbTx="198.3283326" lbTx="198.3283811" tId="0" fbRx="198.3283877" lbRx="0" />
<p fId="2" fbTx="198.3283326" lbTx="198.3283811" tId="1" fbRx="198.3283877" lbRx="0" />
<p fId="2" fbTx="198.3283971" lbTx="198.3284455" tId="0" fbRx="198.3284521" lbRx="0" />
<p fId="2" fbTx="198.3283971" lbTx="198.3284455" tId="0" fbRx="198.3284521" lbRx="0" />
<p fId="2" fbTx="198.3283971" lbTx="198.3284455" tId="1" fbRx="198.3284521" lbRx="0" />
<p fId="2" fbTx="198.3284535" lbTx="198.328502" tId="0" fbRx="198.3285085" lbRx="0" />
<p fId="2" fbTx="198.3284535" lbTx="198.328502" tId="0" fbRx="198.3285085" lbRx="0" />
<p fId="2" fbTx="198.3284535" lbTx="198.328502" tId="1" fbRx="198.3285085" lbRx="0" />
<p fId="2" fbTx="198.3285089" lbTx="198.3285574" tId="0" fbRx="198.328564" lbRx="0" />
<p fId="2" fbTx="198.3285089" lbTx="198.3285574" tId="0" fbRx="198.328564" lbRx="0" />
<p fId="2" fbTx="198.3285089" lbTx="198.3285574" tId="1" fbRx="198.328564" lbRx="0" />
<p fId="2" fbTx="198.3285644" lbTx="198.3286129" tId="0" fbRx="198.3286194" lbRx="0" />
<p fId="2" fbTx="198.3285644" lbTx="198.3286129" tId="0" fbRx="198.3286194" lbRx="0" />
<p fId="2" fbTx="198.3285644" lbTx="198.3286129" tId="1" fbRx="198.3286194" lbRx="0" />
<p fId="2" fbTx="198.3286228" lbTx="198.3286713" tId="0" fbRx="198.3286779" lbRx="0" />
<p fId="2" fbTx="198.3286228" lbTx="198.3286713" tId="0" fbRx="198.3286779" lbRx="0" />
<p fId="2" fbTx="198.3286228" lbTx="198.3286713" tId="1" fbRx="198.3286779" lbRx="0" />
<p fId="2" fbTx="198.3286793" lbTx="198.3287277" tId="0" fbRx="198.3287343" lbRx="0" />
<p fId="2" fbTx="198.3286793" lbTx="198.3287277" tId="0" fbRx="198.3287343" lbRx="0" />
<p fId="2" fbTx="198.3286793" lbTx="198.3287277" tId="1" fbRx="198.3287343" lbRx="0" />
<p fId="2" fbTx="198.3287457" lbTx="198.3287942" tId="0" fbRx="198.3288007" lbRx="0" />
<p fId="2" fbTx="198.3287457" lbTx="198.3287942" tId="0" fbRx="198.3288007" lbRx="0" />
<p fId="2" fbTx="198.3287457" lbTx="198.3287942" tId="1" fbRx="198.3288007" lbRx="0" />
<p fId="2" fbTx="198.3288021" lbTx="198.3288506" tId="0" fbRx="198.3288572" lbRx="0" />
<p fId="2" fbTx="198.3288021" lbTx="198.3288506" tId="0" fbRx="198.3288572" lbRx="0" />
<p fId="2" fbTx="198.3288021" lbTx="198.3288506" tId="1" fbRx="198.3288572" lbRx="0" />
<p fId="2" fbTx="198.3288646" lbTx="198.3289131" tId="0" fbRx="198.3289196" lbRx="0" />
<p fId="2" fbTx="198.3288646" lbTx="198.3289131" tId="0" fbRx="198.3289196" lbRx="0" />
<p fId="2" fbTx="198.3288646" lbTx="198.3289131" tId="1" fbRx="198.3289196" lbRx="0" />
<p fId="2" fbTx="198.32892" lbTx="198.3289685" tId="0" fbRx="198.3289751" lbRx="0" />
<p fId="2" fbTx="198.32892" lbTx="198.3289685" tId="0" fbRx="198.3289751" lbRx="0" />
<p fId="2" fbTx="198.32892" lbTx="198.3289685" tId="1" fbRx="198.3289751" lbRx="0" />
<p fId="2" fbTx="198.3289785" lbTx="198.3290269" tId="0" fbRx="198.3290335" lbRx="0" />
<p fId="2" fbTx="198.3289785" lbTx="198.3290269" tId="0" fbRx="198.3290335" lbRx="0" />
<p fId="2" fbTx="198.3289785" lbTx="198.3290269" tId="1" fbRx="198.3290335" lbRx="0" />
<p fId="2" fbTx="198.3290349" lbTx="198.3290834" tId="0" fbRx="198.3290899" lbRx="0" />
<p fId="2" fbTx="198.3290349" lbTx="198.3290834" tId="0" fbRx="198.3290899" lbRx="0" />
<p fId="2" fbTx="198.3290349" lbTx="198.3290834" tId="1" fbRx="198.3290899" lbRx="0" />
<p fId="2" fbTx="198.3290923" lbTx="198.3291408" tId="0" fbRx="198.3291474" lbRx="0" />
<p fId="2" fbTx="198.3290923" lbTx="198.3291408" tId="0" fbRx="198.3291474" lbRx="0" />
<p fId="2" fbTx="198.3290923" lbTx="198.3291408" tId="1" fbRx="198.3291474" lbRx="0" />
<p fId="2" fbTx="198.3291498" lbTx="198.3291983" tId="0" fbRx="198.3292048" lbRx="0" />
<p fId="2" fbTx="198.3291498" lbTx="198.3291983" tId="0" fbRx="198.3292048" lbRx="0" />
<p fId="2" fbTx="198.3291498" lbTx="198.3291983" tId="1" fbRx="198.3292048" lbRx="0" />
<p fId="2" fbTx="198.3292082" lbTx="198.3292567" tId="0" fbRx="198.3292633" lbRx="0" />
<p fId="2" fbTx="198.3292082" lbTx="198.3292567" tId="0" fbRx="198.3292633" lbRx="0" />
<p fId="2" fbTx="198.3292082" lbTx="198.3292567" tId="1" fbRx="198.3292633" lbRx="0" />
<p fId="2" fbTx="198.3292727" lbTx="198.3293211" tId="0" fbRx="198.3293277" lbRx="0" />
<p fId="2" fbTx="198.3292727" lbTx="198.3293211" tId="0" fbRx="198.3293277" lbRx="0" />
<p fId="2" fbTx="198.3292727" lbTx="198.3293211" tId="1" fbRx="198.3293277" lbRx="0" />
<p fId="2" fbTx="198.3293311" lbTx="198.3293796" tId="0" fbRx="198.3293861" lbRx="0" />
<p fId="2" fbTx="198.3293311" lbTx="198.3293796" tId="0" fbRx="198.3293861" lbRx="0" />
<p fId="2" fbTx="198.3293311" lbTx="198.3293796" tId="1" fbRx="198.3293861" lbRx="0" />
<p fId="2" fbTx="198.3293985" lbTx="198.329447" tId="0" fbRx="198.3294536" lbRx="0" />
<p fId="2" fbTx="198.3293985" lbTx="198.329447" tId="0" fbRx="198.3294536" lbRx="0" />
<p fId="2" fbTx="198.3293985" lbTx="198.329447" tId="1" fbRx="198.3294536" lbRx="0" />
<p fId="2" fbTx="198.329454" lbTx="198.3295025" tId="0" fbRx="198.329509" lbRx="0" />
<p fId="2" fbTx="198.329454" lbTx="198.3295025" tId="0" fbRx="198.329509" lbRx="0" />
<p fId="2" fbTx="198.329454" lbTx="198.3295025" tId="1" fbRx="198.329509" lbRx="0" />
<p fId="2" fbTx="198.3295114" lbTx="198.3295599" tId="0" fbRx="198.3295665" lbRx="0" />
<p fId="2" fbTx="198.3295114" lbTx="198.3295599" tId="0" fbRx="198.3295665" lbRx="0" />
<p fId="2" fbTx="198.3295114" lbTx="198.3295599" tId="1" fbRx="198.3295665" lbRx="0" />
<p fId="2" fbTx="198.3295679" lbTx="198.3296163" tId="0" fbRx="198.3296229" lbRx="0" />
<p fId="2" fbTx="198.3295679" lbTx="198.3296163" tId="0" fbRx="198.3296229" lbRx="0" />
<p fId="2" fbTx="198.3295679" lbTx="198.3296163" tId="1" fbRx="198.3296229" lbRx="0" />
<p fId="2" fbTx="198.3296253" lbTx="198.3296738" tId="0" fbRx="198.3296803" lbRx="0" />
<p fId="2" fbTx="198.3296253" lbTx="198.3296738" tId="0" fbRx="198.3296803" lbRx="0" />
<p fId="2" fbTx="198.3296253" lbTx="198.3296738" tId="1" fbRx="198.3296803" lbRx="0" />
<p fId="2" fbTx="198.3296887" lbTx="198.3297372" tId="0" fbRx="198.3297438" lbRx="0" />
<p fId="2" fbTx="198.3296887" lbTx="198.3297372" tId="0" fbRx="198.3297438" lbRx="0" />
<p fId="2" fbTx="198.3296887" lbTx="198.3297372" tId="1" fbRx="198.3297438" lbRx="0" />
<p fId="2" fbTx="198.3297532" lbTx="198.3298017" tId="0" fbRx="198.3298082" lbRx="0" />
<p fId="2" fbTx="198.3297532" lbTx="198.3298017" tId="0" fbRx="198.3298082" lbRx="0" />
<p fId="2" fbTx="198.3297532" lbTx="198.3298017" tId="1" fbRx="198.3298082" lbRx="0" />
<p fId="2" fbTx="198.3298086" lbTx="198.3298571" tId="0" fbRx="198.3298637" lbRx="0" />
<p fId="2" fbTx="198.3298086" lbTx="198.3298571" tId="0" fbRx="198.3298637" lbRx="0" />
<p fId="2" fbTx="198.3298086" lbTx="198.3298571" tId="1" fbRx="198.3298637" lbRx="0" />
<p fId="2" fbTx="198.3298661" lbTx="198.3299145" tId="0" fbRx="198.3299211" lbRx="0" />
<p fId="2" fbTx="198.3298661" lbTx="198.3299145" tId="0" fbRx="198.3299211" lbRx="0" />
<p fId="2" fbTx="198.3298661" lbTx="198.3299145" tId="1" fbRx="198.3299211" lbRx="0" />
<p fId="2" fbTx="198.3299345" lbTx="198.329983" tId="0" fbRx="198.3299895" lbRx="0" />
<p fId="2" fbTx="198.3299345" lbTx="198.329983" tId="0" fbRx="198.3299895" lbRx="0" />
<p fId="2" fbTx="198.3299345" lbTx="198.329983" tId="1" fbRx="198.3299895" lbRx="0" />
<p fId="2" fbTx="198.3299929" lbTx="198.3300414" tId="0" fbRx="198.330048" lbRx="0" />
<p fId="2" fbTx="198.3299929" lbTx="198.3300414" tId="0" fbRx="198.330048" lbRx="0" />
<p fId="2" fbTx="198.3299929" lbTx="198.3300414" tId="1" fbRx="198.330048" lbRx="0" />
<p fId="2" fbTx="198.3300494" lbTx="198.3300979" tId="0" fbRx="198.3301044" lbRx="0" />
<p fId="2" fbTx="198.3300494" lbTx="198.3300979" tId="0" fbRx="198.3301044" lbRx="0" />
<p fId="2" fbTx="198.3300494" lbTx="198.3300979" tId="1" fbRx="198.3301044" lbRx="0" />
<p fId="2" fbTx="198.3301238" lbTx="198.3301723" tId="0" fbRx="198.3301789" lbRx="0" />
<p fId="2" fbTx="198.3301238" lbTx="198.3301723" tId="0" fbRx="198.3301789" lbRx="0" />
<p fId="2" fbTx="198.3301238" lbTx="198.3301723" tId="1" fbRx="198.3301789" lbRx="0" />
<p fId="2" fbTx="198.3301813" lbTx="198.3302297" tId="0" fbRx="198.3302363" lbRx="0" />
<p fId="2" fbTx="198.3301813" lbTx="198.3302297" tId="0" fbRx="198.3302363" lbRx="0" />
<p fId="2" fbTx="198.3301813" lbTx="198.3302297" tId="1" fbRx="198.3302363" lbRx="0" />
<p fId="0" fbTx="198.3302386" lbTx="198.3302442" tId="1" fbRx="198.3302507" lbRx="0" />
<p fId="0" fbTx="198.3302386" lbTx="198.3302442" tId="2" fbRx="198.3302507" lbRx="0" />
<p fId="0" fbTx="198.3302386" lbTx="198.3302442" tId="2" fbRx="198.3302507" lbRx="0" />
<p fId="0" fbTx="198.3302571" lbTx="198.3302627" tId="1" fbRx="198.3302693" lbRx="0" />
<p fId="0" fbTx="198.3302571" lbTx="198.3302627" tId="2" fbRx="198.3302693" lbRx="0" />
<p fId="0" fbTx="198.3302571" lbTx="198.3302627" tId="2" fbRx="198.3302693" lbRx="0" />
<p fId="0" fbTx="198.3302707" lbTx="198.3302763" tId="1" fbRx="198.3302829" lbRx="0" />
<p fId="0" fbTx="198.3302707" lbTx="198.3302763" tId="2" fbRx="198.3302829" lbRx="0" />
<p fId="0" fbTx="198.3302707" lbTx="198.3302763" tId="2" fbRx="198.3302829" lbRx="0" />
<p fId="0" fbTx="198.3302893" lbTx="198.3302949" tId="1" fbRx="198.3303014" lbRx="0" />
<p fId="0" fbTx="198.3302893" lbTx="198.3302949" tId="2" fbRx="198.3303014" lbRx="0" />
<p fId="0" fbTx="198.3302893" lbTx="198.3302949" tId="2" fbRx="198.3303014" lbRx="0" />
<p fId="0" fbTx="198.3303028" lbTx="198.3303084" tId="1" fbRx="198.330315" lbRx="0" />
<p fId="0" fbTx="198.3303028" lbTx="198.3303084" tId="2" fbRx="198.330315" lbRx="0" />
<p fId="0" fbTx="198.3303028" lbTx="198.3303084" tId="2" fbRx="198.330315" lbRx="0" />
<p fId="0" fbTx="198.3303154" lbTx="198.330321" tId="1" fbRx="198.3303275" lbRx="0" />
<p fId="0" fbTx="198.3303154" lbTx="198.330321" tId="2" fbRx="198.3303275" lbRx="0" />
<p fId="0" fbTx="198.3303154" lbTx="198.330321" tId="2" fbRx="198.3303275" lbRx="0" />
<p fId="0" fbTx="198.3303309" lbTx="198.3303365" tId="1" fbRx="198.3303431" lbRx="0" />
<p fId="0" fbTx="198.3303309" lbTx="198.3303365" tId="2" fbRx="198.3303431" lbRx="0" />
<p fId="0" fbTx="198.3303309" lbTx="198.3303365" tId="2" fbRx="198.3303431" lbRx="0" />
<p fId="0" fbTx="198.3303465" lbTx="198.3303521" tId="1" fbRx="198.3303587" lbRx="0" />
<p fId="0" fbTx="198.3303465" lbTx="198.3303521" tId="2" fbRx="198.3303587" lbRx="0" />
<p fId="0" fbTx="198.3303465" lbTx="198.3303521" tId="2" fbRx="198.3303587" lbRx="0" />
<p fId="0" fbTx="198.3303611" lbTx="198.3303667" tId="1" fbRx="198.3303732" lbRx="0" />
<p fId="0" fbTx="198.3303611" lbTx="198.3303667" tId="2" fbRx="198.3303732" lbRx="0" />
<p fId="0" fbTx="198.3303611" lbTx="198.3303667" tId="2" fbRx="198.3303732" lbRx="0" />
<p fId="0" fbTx="198.3303746" lbTx="198.3303802" tId="1" fbRx="198.3303868" lbRx="0" />
<p fId="0" fbTx="198.3303746" lbTx="198.3303802" tId="2" fbRx="198.3303868" lbRx="0" />
<p fId="0" fbTx="198.3303746" lbTx="198.3303802" tId="2" fbRx="198.3303868" lbRx="0" />
<p fId="0" fbTx="198.3303882" lbTx="198.3303938" tId="1" fbRx="198.3304003" lbRx="0" />
<p fId="0" fbTx="198.3303882" lbTx="198.3303938" tId="2" fbRx="198.3304003" lbRx="0" />
<p fId="0" fbTx="198.3303882" lbTx="198.3303938" tId="2" fbRx="198.3304003" lbRx="0" />
<p fId="0" fbTx="198.3304057" lbTx="198.3304113" tId="1" fbRx="198.3304179" lbRx="0" />
<p fId="0" fbTx="198.3304057" lbTx="198.3304113" tId="2" fbRx="198.3304179" lbRx="0" />
<p fId="0" fbTx="198.3304057" lbTx="198.3304113" tId="2" fbRx="198.3304179" lbRx="0" />
<p fId="0" fbTx="198.3304193" lbTx="198.3304249" tId="1" fbRx="198.3304315" lbRx="0" />
<p fId="0" fbTx="198.3304193" lbTx="198.3304249" tId="2" fbRx="198.3304315" lbRx="0" />
<p fId="0" fbTx="198.3304193" lbTx="198.3304249" tId="2" fbRx="198.3304315" lbRx="0" />
<p fId="0" fbTx="198.3304339" lbTx="198.3304395" tId="1" fbRx="198.330446" lbRx="0" />
<p fId="0" fbTx="198.3304339" lbTx="198.3304395" tId="2" fbRx="198.330446" lbRx="0" />
<p fId="0" fbTx="198.3304339" lbTx="198.3304395" tId="2" fbRx="198.330446" lbRx="0" />
<p fId="0" fbTx="198.3304484" lbTx="198.330454" tId="1" fbRx="198.3304606" lbRx="0" />
<p fId="0" fbTx="198.3304484" lbTx="198.330454" tId="2" fbRx="198.3304606" lbRx="0" />
<p fId="0" fbTx="198.3304484" lbTx="198.330454" tId="2" fbRx="198.3304606" lbRx="0" />
<p fId="0" fbTx="198.330462" lbTx="198.3304676" tId="1" fbRx="198.3304741" lbRx="0" />
<p fId="0" fbTx="198.330462" lbTx="198.3304676" tId="2" fbRx="198.3304741" lbRx="0" />
<p fId="0" fbTx="198.330462" lbTx="198.3304676" tId="2" fbRx="198.3304741" lbRx="0" />
<p fId="0" fbTx="198.3304745" lbTx="198.3304801" tId="1" fbRx="198.3304867" lbRx="0" />
<p fId="0" fbTx="198.3304745" lbTx="198.3304801" tId="2" fbRx="198.3304867" lbRx="0" />
<p fId="0" fbTx="198.3304745" lbTx="198.3304801" tId="2" fbRx="198.3304867" lbRx="0" />
<p fId="2" fbTx="198.3305227" lbTx="198.3305712" tId="0" fbRx="198.3305777" lbRx="0" />
<p fId="2" fbTx="198.3305227" lbTx="198.3305712" tId="0" fbRx="198.3305777" lbRx="0" />
<p fId="2" fbTx="198.3305227" lbTx="198.3305712" tId="1" fbRx="198.3305777" lbRx="0" />
<p fId="2" fbTx="198.3305791" lbTx="198.3306276" tId="0" fbRx="198.3306342" lbRx="0" />
<p fId="2" fbTx="198.3305791" lbTx="198.3306276" tId="0" fbRx="198.3306342" lbRx="0" />
<p fId="2" fbTx="198.3305791" lbTx="198.3306276" tId="1" fbRx="198.3306342" lbRx="0" />
<p fId="0" fbTx="198.3306352" lbTx="198.3306408" tId="1" fbRx="198.3306473" lbRx="0" />
<p fId="0" fbTx="198.3306352" lbTx="198.3306408" tId="2" fbRx="198.3306473" lbRx="0" />
<p fId="0" fbTx="198.3306352" lbTx="198.3306408" tId="2" fbRx="198.3306473" lbRx="0" />
<p fId="2" fbTx="198.3306796" lbTx="198.3307281" tId="0" fbRx="198.3307346" lbRx="0" />
<p fId="2" fbTx="198.3306796" lbTx="198.3307281" tId="0" fbRx="198.3307346" lbRx="0" />
<p fId="2" fbTx="198.3306796" lbTx="198.3307281" tId="1" fbRx="198.3307346" lbRx="0" />
<p fId="2" fbTx="198.330737" lbTx="198.3307855" tId="0" fbRx="198.3307921" lbRx="0" />
<p fId="2" fbTx="198.330737" lbTx="198.3307855" tId="0" fbRx="198.3307921" lbRx="0" />
<p fId="2" fbTx="198.330737" lbTx="198.3307855" tId="1" fbRx="198.3307921" lbRx="0" />
<p fId="2" fbTx="198.3307925" lbTx="198.3308409" tId="0" fbRx="198.3308475" lbRx="0" />
<p fId="2" fbTx="198.3307925" lbTx="198.3308409" tId="0" fbRx="198.3308475" lbRx="0" />
<p fId="2" fbTx="198.3307925" lbTx="198.3308409" tId="1" fbRx="198.3308475" lbRx="0" />
<p fId="2" fbTx="198.3308489" lbTx="198.3308974" tId="0" fbRx="198.3309039" lbRx="0" />
<p fId="2" fbTx="198.3308489" lbTx="198.3308974" tId="0" fbRx="198.3309039" lbRx="0" />
<p fId="2" fbTx="198.3308489" lbTx="198.3308974" tId="1" fbRx="198.3309039" lbRx="0" />
<p fId="2" fbTx="198.3309063" lbTx="198.3309548" tId="0" fbRx="198.3309614" lbRx="0" />
<p fId="2" fbTx="198.3309063" lbTx="198.3309548" tId="0" fbRx="198.3309614" lbRx="0" />
<p fId="2" fbTx="198.3309063" lbTx="198.3309548" tId="1" fbRx="198.3309614" lbRx="0" />
<p fId="2" fbTx="198.3309618" lbTx="198.3310103" tId="0" fbRx="198.3310168" lbRx="0" />
<p fId="2" fbTx="198.3309618" lbTx="198.3310103" tId="0" fbRx="198.3310168" lbRx="0" />
<p fId="2" fbTx="198.3309618" lbTx="198.3310103" tId="1" fbRx="198.3310168" lbRx="0" />
<p fId="2" fbTx="198.3310282" lbTx="198.3310767" tId="0" fbRx="198.3310833" lbRx="0" />
<p fId="2" fbTx="198.3310282" lbTx="198.3310767" tId="0" fbRx="198.3310833" lbRx="0" />
<p fId="2" fbTx="198.3310282" lbTx="198.3310767" tId="1" fbRx="198.3310833" lbRx="0" />
<p fId="2" fbTx="198.3310837" lbTx="198.3311321" tId="0" fbRx="198.3311387" lbRx="0" />
<p fId="2" fbTx="198.3310837" lbTx="198.3311321" tId="0" fbRx="198.3311387" lbRx="0" />
<p fId="2" fbTx="198.3310837" lbTx="198.3311321" tId="1" fbRx="198.3311387" lbRx="0" />
<p fId="2" fbTx="198.3311491" lbTx="198.3311976" tId="0" fbRx="198.3312041" lbRx="0" />
<p fId="2" fbTx="198.3311491" lbTx="198.3311976" tId="0" fbRx="198.3312041" lbRx="0" />
<p fId="2" fbTx="198.3311491" lbTx="198.3311976" tId="1" fbRx="198.3312041" lbRx="0" />
<p fId="2" fbTx="198.3312055" lbTx="198.331254" tId="0" fbRx="198.3312606" lbRx="0" />
<p fId="2" fbTx="198.3312055" lbTx="198.331254" tId="0" fbRx="198.3312606" lbRx="0" />
<p fId="2" fbTx="198.3312055" lbTx="198.331254" tId="1" fbRx="198.3312606" lbRx="0" />
<p fId="2" fbTx="198.331271" lbTx="198.3313195" tId="0" fbRx="198.331326" lbRx="0" />
<p fId="2" fbTx="198.331271" lbTx="198.3313195" tId="0" fbRx="198.331326" lbRx="0" />
<p fId="2" fbTx="198.331271" lbTx="198.3313195" tId="1" fbRx="198.331326" lbRx="0" />
<p fId="2" fbTx="198.3313394" lbTx="198.3313879" tId="0" fbRx="198.3313945" lbRx="0" />
<p fId="2" fbTx="198.3313394" lbTx="198.3313879" tId="0" fbRx="198.3313945" lbRx="0" />
<p fId="2" fbTx="198.3313394" lbTx="198.3313879" tId="1" fbRx="198.3313945" lbRx="0" />
<p fId="2" fbTx="198.3313969" lbTx="198.3314453" tId="0" fbRx="198.3314519" lbRx="0" />
<p fId="2" fbTx="198.3313969" lbTx="198.3314453" tId="0" fbRx="198.3314519" lbRx="0" />
<p fId="2" fbTx="198.3313969" lbTx="198.3314453" tId="1" fbRx="198.3314519" lbRx="0" />
<p fId="2" fbTx="198.3314593" lbTx="198.3315078" tId="0" fbRx="198.3315143" lbRx="0" />
<p fId="2" fbTx="198.3314593" lbTx="198.3315078" tId="0" fbRx="198.3315143" lbRx="0" />
<p fId="2" fbTx="198.3314593" lbTx="198.3315078" tId="1" fbRx="198.3315143" lbRx="0" />
<p fId="2" fbTx="198.3315167" lbTx="198.3315652" tId="0" fbRx="198.3315718" lbRx="0" />
<p fId="2" fbTx="198.3315167" lbTx="198.3315652" tId="0" fbRx="198.3315718" lbRx="0" />
<p fId="2" fbTx="198.3315167" lbTx="198.3315652" tId="1" fbRx="198.3315718" lbRx="0" />
<p fId="2" fbTx="198.3315722" lbTx="198.3316207" tId="0" fbRx="198.3316272" lbRx="0" />
<p fId="2" fbTx="198.3315722" lbTx="198.3316207" tId="0" fbRx="198.3316272" lbRx="0" />
<p fId="2" fbTx="198.3315722" lbTx="198.3316207" tId="1" fbRx="198.3316272" lbRx="0" />
<p fId="2" fbTx="198.3316286" lbTx="198.3316771" tId="0" fbRx="198.3316837" lbRx="0" />
<p fId="2" fbTx="198.3316286" lbTx="198.3316771" tId="0" fbRx="198.3316837" lbRx="0" />
<p fId="2" fbTx="198.3316286" lbTx="198.3316771" tId="1" fbRx="198.3316837" lbRx="0" />
<p fId="2" fbTx="198.3316871" lbTx="198.3317355" tId="0" fbRx="198.3317421" lbRx="0" />
<p fId="2" fbTx="198.3316871" lbTx="198.3317355" tId="0" fbRx="198.3317421" lbRx="0" />
<p fId="2" fbTx="198.3316871" lbTx="198.3317355" tId="1" fbRx="198.3317421" lbRx="0" />
<p fId="2" fbTx="198.3317435" lbTx="198.331792" tId="0" fbRx="198.3317985" lbRx="0" />
<p fId="2" fbTx="198.3317435" lbTx="198.331792" tId="0" fbRx="198.3317985" lbRx="0" />
<p fId="2" fbTx="198.3317435" lbTx="198.331792" tId="1" fbRx="198.3317985" lbRx="0" />
<p fId="2" fbTx="198.3318019" lbTx="198.3318504" tId="0" fbRx="198.331857" lbRx="0" />
<p fId="2" fbTx="198.3318019" lbTx="198.3318504" tId="0" fbRx="198.331857" lbRx="0" />
<p fId="2" fbTx="198.3318019" lbTx="198.3318504" tId="1" fbRx="198.331857" lbRx="0" />
<p fId="2" fbTx="198.3318644" lbTx="198.3319129" tId="0" fbRx="198.3319194" lbRx="0" />
<p fId="2" fbTx="198.3318644" lbTx="198.3319129" tId="0" fbRx="198.3319194" lbRx="0" />
<p fId="2" fbTx="198.3318644" lbTx="198.3319129" tId="1" fbRx="198.3319194" lbRx="0" />
<p fId="2" fbTx="198.3319198" lbTx="198.3319683" tId="0" fbRx="198.3319749" lbRx="0" />
<p fId="2" fbTx="198.3319198" lbTx="198.3319683" tId="0" fbRx="198.3319749" lbRx="0" />
<p fId="2" fbTx="198.3319198" lbTx="198.3319683" tId="1" fbRx="198.3319749" lbRx="0" />
<p fId="2" fbTx="198.3319773" lbTx="198.3320257" tId="0" fbRx="198.3320323" lbRx="0" />
<p fId="2" fbTx="198.3319773" lbTx="198.3320257" tId="0" fbRx="198.3320323" lbRx="0" />
<p fId="2" fbTx="198.3319773" lbTx="198.3320257" tId="1" fbRx="198.3320323" lbRx="0" />
<p fId="2" fbTx="198.3320387" lbTx="198.3320872" tId="0" fbRx="198.3320937" lbRx="0" />
<p fId="2" fbTx="198.3320387" lbTx="198.3320872" tId="0" fbRx="198.3320937" lbRx="0" />
<p fId="2" fbTx="198.3320387" lbTx="198.3320872" tId="1" fbRx="198.3320937" lbRx="0" />
<p fId="2" fbTx="198.3321041" lbTx="198.3321526" tId="0" fbRx="198.3321592" lbRx="0" />
<p fId="2" fbTx="198.3321041" lbTx="198.3321526" tId="0" fbRx="198.3321592" lbRx="0" />
<p fId="2" fbTx="198.3321041" lbTx="198.3321526" tId="1" fbRx="198.3321592" lbRx="0" />
<p fId="2" fbTx="198.3321686" lbTx="198.3322171" tId="0" fbRx="198.3322236" lbRx="0" />
<p fId="2" fbTx="198.3321686" lbTx="198.3322171" tId="0" fbRx="198.3322236" lbRx="0" />
<p fId="2" fbTx="198.3321686" lbTx="198.3322171" tId="1" fbRx="198.3322236" lbRx="0" />
<p fId="2" fbTx="198.332225" lbTx="198.3322735" tId="0" fbRx="198.3322801" lbRx="0" />
<p fId="2" fbTx="198.332225" lbTx="198.3322735" tId="0" fbRx="198.3322801" lbRx="0" />
<p fId="2" fbTx="198.332225" lbTx="198.3322735" tId="1" fbRx="198.3322801" lbRx="0" />
<p fId="2" fbTx="198.3322845" lbTx="198.3323329" tId="0" fbRx="198.3323395" lbRx="0" />
<p fId="2" fbTx="198.3322845" lbTx="198.3323329" tId="0" fbRx="198.3323395" lbRx="0" />
<p fId="2" fbTx="198.3322845" lbTx="198.3323329" tId="1" fbRx="198.3323395" lbRx="0" />
<p fId="2" fbTx="198.3323439" lbTx="198.3323924" tId="0" fbRx="198.3323989" lbRx="0" />
<p fId="2" fbTx="198.3323439" lbTx="198.3323924" tId="0" fbRx="198.3323989" lbRx="0" />
<p fId="2" fbTx="198.3323439" lbTx="198.3323924" tId="1" fbRx="198.3323989" lbRx="0" />
<p fId="2" fbTx="198.3324003" lbTx="198.3324488" tId="0" fbRx="198.3324554" lbRx="0" />
<p fId="2" fbTx="198.3324003" lbTx="198.3324488" tId="0" fbRx="198.3324554" lbRx="0" />
<p fId="2" fbTx="198.3324003" lbTx="198.3324488" tId="1" fbRx="198.3324554" lbRx="0" />
<p fId="2" fbTx="198.3324578" lbTx="198.3325063" tId="0" fbRx="198.3325128" lbRx="0" />
<p fId="2" fbTx="198.3324578" lbTx="198.3325063" tId="0" fbRx="198.3325128" lbRx="0" />
<p fId="2" fbTx="198.3324578" lbTx="198.3325063" tId="1" fbRx="198.3325128" lbRx="0" />
<p fId="2" fbTx="198.3325152" lbTx="198.3325637" tId="0" fbRx="198.3325703" lbRx="0" />
<p fId="2" fbTx="198.3325152" lbTx="198.3325637" tId="0" fbRx="198.3325703" lbRx="0" />
<p fId="2" fbTx="198.3325152" lbTx="198.3325637" tId="1" fbRx="198.3325703" lbRx="0" />
<p fId="2" fbTx="198.3325727" lbTx="198.3326211" tId="0" fbRx="198.3326277" lbRx="0" />
<p fId="2" fbTx="198.3325727" lbTx="198.3326211" tId="0" fbRx="198.3326277" lbRx="0" />
<p fId="2" fbTx="198.3325727" lbTx="198.3326211" tId="1" fbRx="198.3326277" lbRx="0" />
<p fId="2" fbTx="198.3326301" lbTx="198.3326786" tId="0" fbRx="198.3326851" lbRx="0" />
<p fId="2" fbTx="198.3326301" lbTx="198.3326786" tId="0" fbRx="198.3326851" lbRx="0" />
<p fId="2" fbTx="198.3326301" lbTx="198.3326786" tId="1" fbRx="198.3326851" lbRx="0" />
<p fId="2" fbTx="198.3326865" lbTx="198.332735" tId="0" fbRx="198.3327416" lbRx="0" />
<p fId="2" fbTx="198.3326865" lbTx="198.332735" tId="0" fbRx="198.3327416" lbRx="0" />
<p fId="2" fbTx="198.3326865" lbTx="198.332735" tId="1" fbRx="198.3327416" lbRx="0" />
<p fId="2" fbTx="198.332744" lbTx="198.3327925" tId="0" fbRx="198.332799" lbRx="0" />
<p fId="2" fbTx="198.332744" lbTx="198.3327925" tId="0" fbRx="198.332799" lbRx="0" />
<p fId="2" fbTx="198.332744" lbTx="198.3327925" tId="1" fbRx="198.332799" lbRx="0" />
<p fId="2" fbTx="198.3328084" lbTx="198.3328569" tId="0" fbRx="198.3328635" lbRx="0" />
<p fId="2" fbTx="198.3328084" lbTx="198.3328569" tId="0" fbRx="198.3328635" lbRx="0" />
<p fId="2" fbTx="198.3328084" lbTx="198.3328569" tId="1" fbRx="198.3328635" lbRx="0" />
<p fId="2" fbTx="198.3328649" lbTx="198.3329133" tId="0" fbRx="198.3329199" lbRx="0" />
<p fId="2" fbTx="198.3328649" lbTx="198.3329133" tId="0" fbRx="198.3329199" lbRx="0" />
<p fId="2" fbTx="198.3328649" lbTx="198.3329133" tId="1" fbRx="198.3329199" lbRx="0" />
<p fId="2" fbTx="198.3329203" lbTx="198.3329688" tId="0" fbRx="198.3329753" lbRx="0" />
<p fId="2" fbTx="198.3329203" lbTx="198.3329688" tId="0" fbRx="198.3329753" lbRx="0" />
<p fId="2" fbTx="198.3329203" lbTx="198.3329688" tId="1" fbRx="198.3329753" lbRx="0" />
<p fId="2" fbTx="198.3329797" lbTx="198.3330282" tId="0" fbRx="198.3330348" lbRx="0" />
<p fId="2" fbTx="198.3329797" lbTx="198.3330282" tId="0" fbRx="198.3330348" lbRx="0" />
<p fId="2" fbTx="198.3329797" lbTx="198.3330282" tId="1" fbRx="198.3330348" lbRx="0" />
<p fId="2" fbTx="198.3330442" lbTx="198.3330927" tId="0" fbRx="198.3330992" lbRx="0" />
<p fId="2" fbTx="198.3330442" lbTx="198.3330927" tId="0" fbRx="198.3330992" lbRx="0" />
<p fId="2" fbTx="198.3330442" lbTx="198.3330927" tId="1" fbRx="198.3330992" lbRx="0" />
<p fId="2" fbTx="198.3330996" lbTx="198.3331481" tId="0" fbRx="198.3331547" lbRx="0" />
<p fId="2" fbTx="198.3330996" lbTx="198.3331481" tId="0" fbRx="198.3331547" lbRx="0" />
<p fId="2" fbTx="198.3330996" lbTx="198.3331481" tId="1" fbRx="198.3331547" lbRx="0" />
<p fId="2" fbTx="198.3331571" lbTx="198.3332055" tId="0" fbRx="198.3332121" lbRx="0" />
<p fId="2" fbTx="198.3331571" lbTx="198.3332055" tId="0" fbRx="198.3332121" lbRx="0" />
<p fId="2" fbTx="198.3331571" lbTx="198.3332055" tId="1" fbRx="198.3332121" lbRx="0" />
<p fId="2" fbTx="198.3332135" lbTx="198.333262" tId="0" fbRx="198.3332685" lbRx="0" />
<p fId="2" fbTx="198.3332135" lbTx="198.333262" tId="0" fbRx="198.3332685" lbRx="0" />
<p fId="2" fbTx="198.3332135" lbTx="198.333262" tId="1" fbRx="198.3332685" lbRx="0" />
<p fId="2" fbTx="198.3332689" lbTx="198.3333174" tId="0" fbRx="198.333324" lbRx="0" />
<p fId="2" fbTx="198.3332689" lbTx="198.3333174" tId="0" fbRx="198.333324" lbRx="0" />
<p fId="2" fbTx="198.3332689" lbTx="198.3333174" tId="1" fbRx="198.333324" lbRx="0" />
<p fId="2" fbTx="198.3333294" lbTx="198.3333779" tId="0" fbRx="198.3333844" lbRx="0" />
<p fId="2" fbTx="198.3333294" lbTx="198.3333779" tId="0" fbRx="198.3333844" lbRx="0" />
<p fId="2" fbTx="198.3333294" lbTx="198.3333779" tId="1" fbRx="198.3333844" lbRx="0" />
<p fId="2" fbTx="198.3333848" lbTx="198.3334333" tId="0" fbRx="198.3334399" lbRx="0" />
<p fId="2" fbTx="198.3333848" lbTx="198.3334333" tId="0" fbRx="198.3334399" lbRx="0" />
<p fId="2" fbTx="198.3333848" lbTx="198.3334333" tId="1" fbRx="198.3334399" lbRx="0" />
<p fId="2" fbTx="198.3334443" lbTx="198.3334927" tId="0" fbRx="198.3334993" lbRx="0" />
<p fId="2" fbTx="198.3334443" lbTx="198.3334927" tId="0" fbRx="198.3334993" lbRx="0" />
<p fId="2" fbTx="198.3334443" lbTx="198.3334927" tId="1" fbRx="198.3334993" lbRx="0" />
<p fId="2" fbTx="198.3335017" lbTx="198.3335502" tId="0" fbRx="198.3335567" lbRx="0" />
<p fId="2" fbTx="198.3335017" lbTx="198.3335502" tId="0" fbRx="198.3335567" lbRx="0" />
<p fId="2" fbTx="198.3335017" lbTx="198.3335502" tId="1" fbRx="198.3335567" lbRx="0" />
<p fId="2" fbTx="198.3335691" lbTx="198.3336176" tId="0" fbRx="198.3336242" lbRx="0" />
<p fId="2" fbTx="198.3335691" lbTx="198.3336176" tId="0" fbRx="198.3336242" lbRx="0" />
<p fId="2" fbTx="198.3335691" lbTx="198.3336176" tId="1" fbRx="198.3336242" lbRx="0" />
<p fId="2" fbTx="198.3336276" lbTx="198.3336761" tId="0" fbRx="198.3336826" lbRx="0" />
<p fId="2" fbTx="198.3336276" lbTx="198.3336761" tId="0" fbRx="198.3336826" lbRx="0" />
<p fId="2" fbTx="198.3336276" lbTx="198.3336761" tId="1" fbRx="198.3336826" lbRx="0" />
<p fId="2" fbTx="198.333685" lbTx="198.3337335" tId="0" fbRx="198.3337401" lbRx="0" />
<p fId="2" fbTx="198.333685" lbTx="198.3337335" tId="0" fbRx="198.3337401" lbRx="0" />
<p fId="2" fbTx="198.333685" lbTx="198.3337335" tId="1" fbRx="198.3337401" lbRx="0" />
<p fId="2" fbTx="198.3337405" lbTx="198.3337889" tId="0" fbRx="198.3337955" lbRx="0" />
<p fId="2" fbTx="198.3337405" lbTx="198.3337889" tId="0" fbRx="198.3337955" lbRx="0" />
<p fId="2" fbTx="198.3337405" lbTx="198.3337889" tId="1" fbRx="198.3337955" lbRx="0" />
<p fId="2" fbTx="198.3337999" lbTx="198.3338484" tId="0" fbRx="198.3338549" lbRx="0" />
<p fId="2" fbTx="198.3337999" lbTx="198.3338484" tId="0" fbRx="198.3338549" lbRx="0" />
<p fId="2" fbTx="198.3337999" lbTx="198.3338484" tId="1" fbRx="198.3338549" lbRx="0" />
<p fId="2" fbTx="198.3338623" lbTx="198.3339108" tId="0" fbRx="198.3339174" lbRx="0" />
<p fId="2" fbTx="198.3338623" lbTx="198.3339108" tId="0" fbRx="198.3339174" lbRx="0" />
<p fId="2" fbTx="198.3338623" lbTx="198.3339108" tId="1" fbRx="198.3339174" lbRx="0" />
<p fId="2" fbTx="198.3339208" lbTx="198.3339693" tId="0" fbRx="198.3339758" lbRx="0" />
<p fId="2" fbTx="198.3339208" lbTx="198.3339693" tId="0" fbRx="198.3339758" lbRx="0" />
<p fId="2" fbTx="198.3339208" lbTx="198.3339693" tId="1" fbRx="198.3339758" lbRx="0" />
<p fId="2" fbTx="198.3339862" lbTx="198.3340347" tId="0" fbRx="198.3340413" lbRx="0" />
<p fId="2" fbTx="198.3339862" lbTx="198.3340347" tId="0" fbRx="198.3340413" lbRx="0" />
<p fId="2" fbTx="198.3339862" lbTx="198.3340347" tId="1" fbRx="198.3340413" lbRx="0" />
<p fId="2" fbTx="198.3340427" lbTx="198.3340911" tId="0" fbRx="198.3340977" lbRx="0" />
<p fId="2" fbTx="198.3340427" lbTx="198.3340911" tId="0" fbRx="198.3340977" lbRx="0" />
<p fId="2" fbTx="198.3340427" lbTx="198.3340911" tId="1" fbRx="198.3340977" lbRx="0" />
<p fId="2" fbTx="198.3341071" lbTx="198.3341556" tId="0" fbRx="198.3341621" lbRx="0" />
<p fId="2" fbTx="198.3341071" lbTx="198.3341556" tId="0" fbRx="198.3341621" lbRx="0" />
<p fId="2" fbTx="198.3341071" lbTx="198.3341556" tId="1" fbRx="198.3341621" lbRx="0" />
<p fId="2" fbTx="198.3341645" lbTx="198.334213" tId="0" fbRx="198.3342196" lbRx="0" />
<p fId="2" fbTx="198.3341645" lbTx="198.334213" tId="0" fbRx="198.3342196" lbRx="0" />
<p fId="2" fbTx="198.3341645" lbTx="198.334213" tId="1" fbRx="198.3342196" lbRx="0" />
<p fId="2" fbTx="198.33422" lbTx="198.3342685" tId="0" fbRx="198.334275" lbRx="0" />
<p fId="2" fbTx="198.33422" lbTx="198.3342685" tId="0" fbRx="198.334275" lbRx="0" />
<p fId="2" fbTx="198.33422" lbTx="198.3342685" tId="1" fbRx="198.334275" lbRx="0" />
<p fId="2" fbTx="198.3342774" lbTx="198.3343259" tId="0" fbRx="198.3343325" lbRx="0" />
<p fId="2" fbTx="198.3342774" lbTx="198.3343259" tId="0" fbRx="198.3343325" lbRx="0" />
<p fId="2" fbTx="198.3342774" lbTx="198.3343259" tId="1" fbRx="198.3343325" lbRx="0" />
<p fId="2" fbTx="198.3343349" lbTx="198.3343833" tId="0" fbRx="198.3343899" lbRx="0" />
<p fId="2" fbTx="198.3343349" lbTx="198.3343833" tId="0" fbRx="198.3343899" lbRx="0" />
<p fId="2" fbTx="198.3343349" lbTx="198.3343833" tId="1" fbRx="198.3343899" lbRx="0" />
<p fId="2" fbTx="198.3343913" lbTx="198.3344398" tId="0" fbRx="198.3344463" lbRx="0" />
<p fId="2" fbTx="198.3343913" lbTx="198.3344398" tId="0" fbRx="198.3344463" lbRx="0" />
<p fId="2" fbTx="198.3343913" lbTx="198.3344398" tId="1" fbRx="198.3344463" lbRx="0" />
<p fId="2" fbTx="198.3344477" lbTx="198.3344962" tId="0" fbRx="198.3345028" lbRx="0" />
<p fId="2" fbTx="198.3344477" lbTx="198.3344962" tId="0" fbRx="198.3345028" lbRx="0" />
<p fId="2" fbTx="198.3344477" lbTx="198.3344962" tId="1" fbRx="198.3345028" lbRx="0" />
<p fId="2" fbTx="198.3345042" lbTx="198.3345527" tId="0" fbRx="198.3345592" lbRx="0" />
<p fId="2" fbTx="198.3345042" lbTx="198.3345527" tId="0" fbRx="198.3345592" lbRx="0" />
<p fId="2" fbTx="198.3345042" lbTx="198.3345527" tId="1" fbRx="198.3345592" lbRx="0" />
<p fId="2" fbTx="198.3345616" lbTx="198.3346101" tId="0" fbRx="198.3346167" lbRx="0" />
<p fId="2" fbTx="198.3345616" lbTx="198.3346101" tId="0" fbRx="198.3346167" lbRx="0" />
<p fId="2" fbTx="198.3345616" lbTx="198.3346101" tId="1" fbRx="198.3346167" lbRx="0" />
<p fId="2" fbTx="198.3346241" lbTx="198.3346725" tId="0" fbRx="198.3346791" lbRx="0" />
<p fId="2" fbTx="198.3346241" lbTx="198.3346725" tId="0" fbRx="198.3346791" lbRx="0" />
<p fId="2" fbTx="198.3346241" lbTx="198.3346725" tId="1" fbRx="198.3346791" lbRx="0" />
<p fId="2" fbTx="198.3346825" lbTx="198.334731" tId="0" fbRx="198.3347375" lbRx="0" />
<p fId="2" fbTx="198.3346825" lbTx="198.334731" tId="0" fbRx="198.3347375" lbRx="0" />
<p fId="2" fbTx="198.3346825" lbTx="198.334731" tId="1" fbRx="198.3347375" lbRx="0" />
<p fId="2" fbTx="198.3347489" lbTx="198.3347974" tId="0" fbRx="198.334804" lbRx="0" />
<p fId="2" fbTx="198.3347489" lbTx="198.3347974" tId="0" fbRx="198.334804" lbRx="0" />
<p fId="2" fbTx="198.3347489" lbTx="198.3347974" tId="1" fbRx="198.334804" lbRx="0" />
<p fId="2" fbTx="198.3348054" lbTx="198.3348539" tId="0" fbRx="198.3348604" lbRx="0" />
<p fId="2" fbTx="198.3348054" lbTx="198.3348539" tId="0" fbRx="198.3348604" lbRx="0" />
<p fId="2" fbTx="198.3348054" lbTx="198.3348539" tId="1" fbRx="198.3348604" lbRx="0" />
<p fId="2" fbTx="198.3348678" lbTx="198.3349163" tId="0" fbRx="198.3349229" lbRx="0" />
<p fId="2" fbTx="198.3348678" lbTx="198.3349163" tId="0" fbRx="198.3349229" lbRx="0" />
<p fId="2" fbTx="198.3348678" lbTx="198.3349163" tId="1" fbRx="198.3349229" lbRx="0" />
<p fId="2" fbTx="198.3349243" lbTx="198.3349727" tId="0" fbRx="198.3349793" lbRx="0" />
<p fId="2" fbTx="198.3349243" lbTx="198.3349727" tId="0" fbRx="198.3349793" lbRx="0" />
<p fId="2" fbTx="198.3349243" lbTx="198.3349727" tId="1" fbRx="198.3349793" lbRx="0" />
<p fId="2" fbTx="198.3349807" lbTx="198.3350292" tId="0" fbRx="198.3350357" lbRx="0" />
<p fId="2" fbTx="198.3349807" lbTx="198.3350292" tId="0" fbRx="198.3350357" lbRx="0" />
<p fId="2" fbTx="198.3349807" lbTx="198.3350292" tId="1" fbRx="198.3350357" lbRx="0" />
<p fId="2" fbTx="198.3350381" lbTx="198.3350866" tId="0" fbRx="198.3350932" lbRx="0" />
<p fId="2" fbTx="198.3350381" lbTx="198.3350866" tId="0" fbRx="198.3350932" lbRx="0" />
<p fId="2" fbTx="198.3350381" lbTx="198.3350866" tId="1" fbRx="198.3350932" lbRx="0" />
<p fId="2" fbTx="198.3350986" lbTx="198.3351471" tId="0" fbRx="198.3351536" lbRx="0" />
<p fId="2" fbTx="198.3350986" lbTx="198.3351471" tId="0" fbRx="198.3351536" lbRx="0" />
<p fId="2" fbTx="198.3350986" lbTx="198.3351471" tId="1" fbRx="198.3351536" lbRx="0" />
<p fId="2" fbTx="198.335156" lbTx="198.3352045" tId="0" fbRx="198.3352111" lbRx="0" />
<p fId="2" fbTx="198.335156" lbTx="198.3352045" tId="0" fbRx="198.3352111" lbRx="0" />
<p fId="2" fbTx="198.335156" lbTx="198.3352045" tId="1" fbRx="198.3352111" lbRx="0" />
<p fId="2" fbTx="198.3352135" lbTx="198.3352619" tId="0" fbRx="198.3352685" lbRx="0" />
<p fId="2" fbTx="198.3352135" lbTx="198.3352619" tId="0" fbRx="198.3352685" lbRx="0" />
<p fId="2" fbTx="198.3352135" lbTx="198.3352619" tId="1" fbRx="198.3352685" lbRx="0" />
<p fId="2" fbTx="198.3352789" lbTx="198.3353274" tId="0" fbRx="198.3353339" lbRx="0" />
<p fId="2" fbTx="198.3352789" lbTx="198.3353274" tId="0" fbRx="198.3353339" lbRx="0" />
<p fId="2" fbTx="198.3352789" lbTx="198.3353274" tId="1" fbRx="198.3353339" lbRx="0" />
<p fId="2" fbTx="198.3353363" lbTx="198.3353848" tId="0" fbRx="198.3353914" lbRx="0" />
<p fId="2" fbTx="198.3353363" lbTx="198.3353848" tId="0" fbRx="198.3353914" lbRx="0" />
<p fId="2" fbTx="198.3353363" lbTx="198.3353848" tId="1" fbRx="198.3353914" lbRx="0" />
<p fId="2" fbTx="198.3354038" lbTx="198.3354523" tId="0" fbRx="198.3354588" lbRx="0" />
<p fId="2" fbTx="198.3354038" lbTx="198.3354523" tId="0" fbRx="198.3354588" lbRx="0" />
<p fId="2" fbTx="198.3354038" lbTx="198.3354523" tId="1" fbRx="198.3354588" lbRx="0" />
<p fId="2" fbTx="198.3354592" lbTx="198.3355077" tId="0" fbRx="198.3355143" lbRx="0" />
<p fId="2" fbTx="198.3354592" lbTx="198.3355077" tId="0" fbRx="198.3355143" lbRx="0" />
<p fId="2" fbTx="198.3354592" lbTx="198.3355077" tId="1" fbRx="198.3355143" lbRx="0" />
<p fId="2" fbTx="198.3355167" lbTx="198.3355651" tId="0" fbRx="198.3355717" lbRx="0" />
<p fId="2" fbTx="198.3355167" lbTx="198.3355651" tId="0" fbRx="198.3355717" lbRx="0" />
<p fId="2" fbTx="198.3355167" lbTx="198.3355651" tId="1" fbRx="198.3355717" lbRx="0" />
<p fId="2" fbTx="198.3355831" lbTx="198.3356316" tId="0" fbRx="198.3356381" lbRx="0" />
<p fId="2" fbTx="198.3355831" lbTx="198.3356316" tId="0" fbRx="198.3356381" lbRx="0" />
<p fId="2" fbTx="198.3355831" lbTx="198.3356316" tId="1" fbRx="198.3356381" lbRx="0" />
<p fId="2" fbTx="198.3356405" lbTx="198.335689" tId="0" fbRx="198.3356956" lbRx="0" />
<p fId="2" fbTx="198.3356405" lbTx="198.335689" tId="0" fbRx="198.3356956" lbRx="0" />
<p fId="2" fbTx="198.3356405" lbTx="198.335689" tId="1" fbRx="198.3356956" lbRx="0" />
<p fId="2" fbTx="198.335721" lbTx="198.3357695" tId="0" fbRx="198.335776" lbRx="0" />
<p fId="2" fbTx="198.335721" lbTx="198.3357695" tId="0" fbRx="198.335776" lbRx="0" />
<p fId="2" fbTx="198.335721" lbTx="198.3357695" tId="1" fbRx="198.335776" lbRx="0" />
<p fId="2" fbTx="198.3357784" lbTx="198.3358269" tId="0" fbRx="198.3358335" lbRx="0" />
<p fId="2" fbTx="198.3357784" lbTx="198.3358269" tId="0" fbRx="198.3358335" lbRx="0" />
<p fId="2" fbTx="198.3357784" lbTx="198.3358269" tId="1" fbRx="198.3358335" lbRx="0" />
<p fId="2" fbTx="198.3358349" lbTx="198.3358833" tId="0" fbRx="198.3358899" lbRx="0" />
<p fId="2" fbTx="198.3358349" lbTx="198.3358833" tId="0" fbRx="198.3358899" lbRx="0" />
<p fId="2" fbTx="198.3358349" lbTx="198.3358833" tId="1" fbRx="198.3358899" lbRx="0" />
<p fId="2" fbTx="198.3358923" lbTx="198.3359408" tId="0" fbRx="198.3359473" lbRx="0" />
<p fId="2" fbTx="198.3358923" lbTx="198.3359408" tId="0" fbRx="198.3359473" lbRx="0" />
<p fId="2" fbTx="198.3358923" lbTx="198.3359408" tId="1" fbRx="198.3359473" lbRx="0" />
<p fId="2" fbTx="198.3359487" lbTx="198.3359972" tId="0" fbRx="198.3360038" lbRx="0" />
<p fId="2" fbTx="198.3359487" lbTx="198.3359972" tId="0" fbRx="198.3360038" lbRx="0" />
<p fId="2" fbTx="198.3359487" lbTx="198.3359972" tId="1" fbRx="198.3360038" lbRx="0" />
<p fId="2" fbTx="198.3360042" lbTx="198.3360527" tId="0" fbRx="198.3360592" lbRx="0" />
<p fId="2" fbTx="198.3360042" lbTx="198.3360527" tId="0" fbRx="198.3360592" lbRx="0" />
<p fId="2" fbTx="198.3360042" lbTx="198.3360527" tId="1" fbRx="198.3360592" lbRx="0" />
<p fId="2" fbTx="198.3360626" lbTx="198.3361111" tId="0" fbRx="198.3361177" lbRx="0" />
<p fId="2" fbTx="198.3360626" lbTx="198.3361111" tId="0" fbRx="198.3361177" lbRx="0" />
<p fId="2" fbTx="198.3360626" lbTx="198.3361111" tId="1" fbRx="198.3361177" lbRx="0" />
<p fId="2" fbTx="198.3361201" lbTx="198.3361685" tId="0" fbRx="198.3361751" lbRx="0" />
<p fId="2" fbTx="198.3361201" lbTx="198.3361685" tId="0" fbRx="198.3361751" lbRx="0" />
<p fId="2" fbTx="198.3361201" lbTx="198.3361685" tId="1" fbRx="198.3361751" lbRx="0" />
<p fId="2" fbTx="198.3361835" lbTx="198.336232" tId="0" fbRx="198.3362385" lbRx="0" />
<p fId="2" fbTx="198.3361835" lbTx="198.336232" tId="0" fbRx="198.3362385" lbRx="0" />
<p fId="2" fbTx="198.3361835" lbTx="198.336232" tId="1" fbRx="198.3362385" lbRx="0" />
<p fId="2" fbTx="198.3362429" lbTx="198.3362914" tId="0" fbRx="198.336298" lbRx="0" />
<p fId="2" fbTx="198.3362429" lbTx="198.3362914" tId="0" fbRx="198.336298" lbRx="0" />
<p fId="2" fbTx="198.3362429" lbTx="198.3362914" tId="1" fbRx="198.336298" lbRx="0" />
<p fId="2" fbTx="198.3363004" lbTx="198.3363489" tId="0" fbRx="198.3363554" lbRx="0" />
<p fId="2" fbTx="198.3363004" lbTx="198.3363489" tId="0" fbRx="198.3363554" lbRx="0" />
<p fId="2" fbTx="198.3363004" lbTx="198.3363489" tId="1" fbRx="198.3363554" lbRx="0" />
<p fId="2" fbTx="198.3363578" lbTx="198.3364063" tId="0" fbRx="198.3364129" lbRx="0" />
<p fId="2" fbTx="198.3363578" lbTx="198.3364063" tId="0" fbRx="198.3364129" lbRx="0" />
<p fId="2" fbTx="198.3363578" lbTx="198.3364063" tId="1" fbRx="198.3364129" lbRx="0" />
<p fId="2" fbTx="198.3364143" lbTx="198.3364627" tId="0" fbRx="198.3364693" lbRx="0" />
<p fId="2" fbTx="198.3364143" lbTx="198.3364627" tId="0" fbRx="198.3364693" lbRx="0" />
<p fId="2" fbTx="198.3364143" lbTx="198.3364627" tId="1" fbRx="198.3364693" lbRx="0" />
<p fId="2" fbTx="198.3364707" lbTx="198.3365192" tId="0" fbRx="198.3365257" lbRx="0" />
<p fId="2" fbTx="198.3364707" lbTx="198.3365192" tId="0" fbRx="198.3365257" lbRx="0" />
<p fId="2" fbTx="198.3364707" lbTx="198.3365192" tId="1" fbRx="198.3365257" lbRx="0" />
<p fId="2" fbTx="198.3365271" lbTx="198.3365756" tId="0" fbRx="198.3365822" lbRx="0" />
<p fId="2" fbTx="198.3365271" lbTx="198.3365756" tId="0" fbRx="198.3365822" lbRx="0" />
<p fId="2" fbTx="198.3365271" lbTx="198.3365756" tId="1" fbRx="198.3365822" lbRx="0" />
<p fId="2" fbTx="198.3365856" lbTx="198.3366341" tId="0" fbRx="198.3366406" lbRx="0" />
<p fId="2" fbTx="198.3365856" lbTx="198.3366341" tId="0" fbRx="198.3366406" lbRx="0" />
<p fId="2" fbTx="198.3365856" lbTx="198.3366341" tId="1" fbRx="198.3366406" lbRx="0" />
<p fId="2" fbTx="198.336648" lbTx="198.3366965" tId="0" fbRx="198.3367031" lbRx="0" />
<p fId="2" fbTx="198.336648" lbTx="198.3366965" tId="0" fbRx="198.3367031" lbRx="0" />
<p fId="2" fbTx="198.336648" lbTx="198.3366965" tId="1" fbRx="198.3367031" lbRx="0" />
<p fId="2" fbTx="198.3367145" lbTx="198.3367629" tId="0" fbRx="198.3367695" lbRx="0" />
<p fId="2" fbTx="198.3367145" lbTx="198.3367629" tId="0" fbRx="198.3367695" lbRx="0" />
<p fId="2" fbTx="198.3367145" lbTx="198.3367629" tId="1" fbRx="198.3367695" lbRx="0" />
<p fId="2" fbTx="198.3367719" lbTx="198.3368204" tId="0" fbRx="198.3368269" lbRx="0" />
<p fId="2" fbTx="198.3367719" lbTx="198.3368204" tId="0" fbRx="198.3368269" lbRx="0" />
<p fId="2" fbTx="198.3367719" lbTx="198.3368204" tId="1" fbRx="198.3368269" lbRx="0" />
<p fId="2" fbTx="198.3368273" lbTx="198.3368758" tId="0" fbRx="198.3368824" lbRx="0" />
<p fId="2" fbTx="198.3368273" lbTx="198.3368758" tId="0" fbRx="198.3368824" lbRx="0" />
<p fId="2" fbTx="198.3368273" lbTx="198.3368758" tId="1" fbRx="198.3368824" lbRx="0" />
<p fId="2" fbTx="198.3368848" lbTx="198.3369333" tId="0" fbRx="198.3369398" lbRx="0" />
<p fId="2" fbTx="198.3368848" lbTx="198.3369333" tId="0" fbRx="198.3369398" lbRx="0" />
<p fId="2" fbTx="198.3368848" lbTx="198.3369333" tId="1" fbRx="198.3369398" lbRx="0" />
<p fId="2" fbTx="198.3369422" lbTx="198.3369907" tId="0" fbRx="198.3369973" lbRx="0" />
<p fId="2" fbTx="198.3369422" lbTx="198.3369907" tId="0" fbRx="198.3369973" lbRx="0" />
<p fId="2" fbTx="198.3369422" lbTx="198.3369907" tId="1" fbRx="198.3369973" lbRx="0" />
<p fId="2" fbTx="198.3370007" lbTx="198.3370491" tId="0" fbRx="198.3370557" lbRx="0" />
<p fId="2" fbTx="198.3370007" lbTx="198.3370491" tId="0" fbRx="198.3370557" lbRx="0" />
<p fId="2" fbTx="198.3370007" lbTx="198.3370491" tId="1" fbRx="198.3370557" lbRx="0" />
<p fId="2" fbTx="198.3370601" lbTx="198.3371086" tId="0" fbRx="198.3371151" lbRx="0" />
<p fId="2" fbTx="198.3370601" lbTx="198.3371086" tId="0" fbRx="198.3371151" lbRx="0" />
<p fId="2" fbTx="198.3370601" lbTx="198.3371086" tId="1" fbRx="198.3371151" lbRx="0" />
<p fId="2" fbTx="198.3371245" lbTx="198.337173" tId="0" fbRx="198.3371796" lbRx="0" />
<p fId="2" fbTx="198.3371245" lbTx="198.337173" tId="0" fbRx="198.3371796" lbRx="0" />
<p fId="2" fbTx="198.3371245" lbTx="198.337173" tId="1" fbRx="198.3371796" lbRx="0" />
<p fId="2" fbTx="198.337183" lbTx="198.3372315" tId="0" fbRx="198.337238" lbRx="0" />
<p fId="2" fbTx="198.337183" lbTx="198.3372315" tId="0" fbRx="198.337238" lbRx="0" />
<p fId="2" fbTx="198.337183" lbTx="198.3372315" tId="1" fbRx="198.337238" lbRx="0" />
<p fId="2" fbTx="198.3372404" lbTx="198.3372889" tId="0" fbRx="198.3372955" lbRx="0" />
<p fId="2" fbTx="198.3372404" lbTx="198.3372889" tId="0" fbRx="198.3372955" lbRx="0" />
<p fId="2" fbTx="198.3372404" lbTx="198.3372889" tId="1" fbRx="198.3372955" lbRx="0" />
<p fId="2" fbTx="198.3373079" lbTx="198.3373563" tId="0" fbRx="198.3373629" lbRx="0" />
<p fId="2" fbTx="198.3373079" lbTx="198.3373563" tId="0" fbRx="198.3373629" lbRx="0" />
<p fId="2" fbTx="198.3373079" lbTx="198.3373563" tId="1" fbRx="198.3373629" lbRx="0" />
<p fId="2" fbTx="198.3373643" lbTx="198.3374128" tId="0" fbRx="198.3374193" lbRx="0" />
<p fId="2" fbTx="198.3373643" lbTx="198.3374128" tId="0" fbRx="198.3374193" lbRx="0" />
<p fId="2" fbTx="198.3373643" lbTx="198.3374128" tId="1" fbRx="198.3374193" lbRx="0" />
<p fId="2" fbTx="198.3374207" lbTx="198.3374692" tId="0" fbRx="198.3374758" lbRx="0" />
<p fId="2" fbTx="198.3374207" lbTx="198.3374692" tId="0" fbRx="198.3374758" lbRx="0" />
<p fId="2" fbTx="198.3374207" lbTx="198.3374692" tId="1" fbRx="198.3374758" lbRx="0" />
<p fId="2" fbTx="198.3374992" lbTx="198.3375477" tId="0" fbRx="198.3375542" lbRx="0" />
<p fId="2" fbTx="198.3374992" lbTx="198.3375477" tId="0" fbRx="198.3375542" lbRx="0" />
<p fId="2" fbTx="198.3374992" lbTx="198.3375477" tId="1" fbRx="198.3375542" lbRx="0" />
<p fId="2" fbTx="198.3375566" lbTx="198.3376051" tId="0" fbRx="198.3376117" lbRx="0" />
<p fId="2" fbTx="198.3375566" lbTx="198.3376051" tId="0" fbRx="198.3376117" lbRx="0" />
<p fId="2" fbTx="198.3375566" lbTx="198.3376051" tId="1" fbRx="198.3376117" lbRx="0" />
<p fId="2" fbTx="198.3376151" lbTx="198.3376635" tId="0" fbRx="198.3376701" lbRx="0" />
<p fId="2" fbTx="198.3376151" lbTx="198.3376635" tId="0" fbRx="198.3376701" lbRx="0" />
<p fId="2" fbTx="198.3376151" lbTx="198.3376635" tId="1" fbRx="198.3376701" lbRx="0" />
<p fId="2" fbTx="198.3376725" lbTx="198.337721" tId="0" fbRx="198.3377275" lbRx="0" />
<p fId="2" fbTx="198.3376725" lbTx="198.337721" tId="0" fbRx="198.3377275" lbRx="0" />
<p fId="2" fbTx="198.3376725" lbTx="198.337721" tId="1" fbRx="198.3377275" lbRx="0" />
<p fId="2" fbTx="198.3377289" lbTx="198.3377774" tId="0" fbRx="198.337784" lbRx="0" />
<p fId="2" fbTx="198.3377289" lbTx="198.3377774" tId="0" fbRx="198.337784" lbRx="0" />
<p fId="2" fbTx="198.3377289" lbTx="198.3377774" tId="1" fbRx="198.337784" lbRx="0" />
<p fId="2" fbTx="198.3377844" lbTx="198.3378329" tId="0" fbRx="198.3378394" lbRx="0" />
<p fId="2" fbTx="198.3377844" lbTx="198.3378329" tId="0" fbRx="198.3378394" lbRx="0" />
<p fId="2" fbTx="198.3377844" lbTx="198.3378329" tId="1" fbRx="198.3378394" lbRx="0" />
<p fId="2" fbTx="198.3378498" lbTx="198.3378983" tId="0" fbRx="198.3379049" lbRx="0" />
<p fId="2" fbTx="198.3378498" lbTx="198.3378983" tId="0" fbRx="198.3379049" lbRx="0" />
<p fId="2" fbTx="198.3378498" lbTx="198.3378983" tId="1" fbRx="198.3379049" lbRx="0" />
<p fId="2" fbTx="198.3379073" lbTx="198.3379557" tId="0" fbRx="198.3379623" lbRx="0" />
<p fId="2" fbTx="198.3379073" lbTx="198.3379557" tId="0" fbRx="198.3379623" lbRx="0" />
<p fId="2" fbTx="198.3379073" lbTx="198.3379557" tId="1" fbRx="198.3379623" lbRx="0" />
<p fId="2" fbTx="198.3379657" lbTx="198.3380142" tId="0" fbRx="198.3380207" lbRx="0" />
<p fId="2" fbTx="198.3379657" lbTx="198.3380142" tId="0" fbRx="198.3380207" lbRx="0" />
<p fId="2" fbTx="198.3379657" lbTx="198.3380142" tId="1" fbRx="198.3380207" lbRx="0" />
<p fId="2" fbTx="198.3380231" lbTx="198.3380716" tId="0" fbRx="198.3380782" lbRx="0" />
<p fId="2" fbTx="198.3380231" lbTx="198.3380716" tId="0" fbRx="198.3380782" lbRx="0" />
<p fId="2" fbTx="198.3380231" lbTx="198.3380716" tId="1" fbRx="198.3380782" lbRx="0" />
<p fId="2" fbTx="198.3380896" lbTx="198.3381381" tId="0" fbRx="198.3381446" lbRx="0" />
<p fId="2" fbTx="198.3380896" lbTx="198.3381381" tId="0" fbRx="198.3381446" lbRx="0" />
<p fId="2" fbTx="198.3380896" lbTx="198.3381381" tId="1" fbRx="198.3381446" lbRx="0" />
<p fId="2" fbTx="198.338154" lbTx="198.3382025" tId="0" fbRx="198.3382091" lbRx="0" />
<p fId="2" fbTx="198.338154" lbTx="198.3382025" tId="0" fbRx="198.3382091" lbRx="0" />
<p fId="2" fbTx="198.338154" lbTx="198.3382025" tId="1" fbRx="198.3382091" lbRx="0" />
<p fId="2" fbTx="198.3382105" lbTx="198.3382589" tId="0" fbRx="198.3382655" lbRx="0" />
<p fId="2" fbTx="198.3382105" lbTx="198.3382589" tId="0" fbRx="198.3382655" lbRx="0" />
<p fId="2" fbTx="198.3382105" lbTx="198.3382589" tId="1" fbRx="198.3382655" lbRx="0" />
<p fId="2" fbTx="198.3382769" lbTx="198.3383254" tId="0" fbRx="198.3383319" lbRx="0" />
<p fId="2" fbTx="198.3382769" lbTx="198.3383254" tId="0" fbRx="198.3383319" lbRx="0" />
<p fId="2" fbTx="198.3382769" lbTx="198.3383254" tId="1" fbRx="198.3383319" lbRx="0" />
<p fId="2" fbTx="198.3383323" lbTx="198.3383808" tId="0" fbRx="198.3383874" lbRx="0" />
<p fId="2" fbTx="198.3383323" lbTx="198.3383808" tId="0" fbRx="198.3383874" lbRx="0" />
<p fId="2" fbTx="198.3383323" lbTx="198.3383808" tId="1" fbRx="198.3383874" lbRx="0" />
<p fId="2" fbTx="198.3383928" lbTx="198.3384413" tId="0" fbRx="198.3384478" lbRx="0" />
<p fId="2" fbTx="198.3383928" lbTx="198.3384413" tId="0" fbRx="198.3384478" lbRx="0" />
<p fId="2" fbTx="198.3383928" lbTx="198.3384413" tId="1" fbRx="198.3384478" lbRx="0" />
<p fId="2" fbTx="198.3384562" lbTx="198.3385047" tId="0" fbRx="198.3385113" lbRx="0" />
<p fId="2" fbTx="198.3384562" lbTx="198.3385047" tId="0" fbRx="198.3385113" lbRx="0" />
<p fId="2" fbTx="198.3384562" lbTx="198.3385047" tId="1" fbRx="198.3385113" lbRx="0" />
<p fId="2" fbTx="198.3385147" lbTx="198.3385631" tId="0" fbRx="198.3385697" lbRx="0" />
<p fId="2" fbTx="198.3385147" lbTx="198.3385631" tId="0" fbRx="198.3385697" lbRx="0" />
<p fId="2" fbTx="198.3385147" lbTx="198.3385631" tId="1" fbRx="198.3385697" lbRx="0" />
<p fId="2" fbTx="198.3385761" lbTx="198.3385822" tId="0" fbRx="198.3385887" lbRx="0" />
<p fId="2" fbTx="198.3385761" lbTx="198.3385822" tId="0" fbRx="198.3385887" lbRx="0" />
<p fId="2" fbTx="198.3385761" lbTx="198.3385822" tId="1" fbRx="198.3385887" lbRx="0" />
<p fId="0" fbTx="198.3386061" lbTx="198.3386117" tId="1" fbRx="198.3386182" lbRx="0" />
<p fId="0" fbTx="198.3386061" lbTx="198.3386117" tId="2" fbRx="198.3386182" lbRx="0" />
<p fId="0" fbTx="198.3386061" lbTx="198.3386117" tId="2" fbRx="198.3386182" lbRx="0" />
<p fId="0" fbTx="198.3386206" lbTx="198.3386262" tId="1" fbRx="198.3386328" lbRx="0" />
<p fId="0" fbTx="198.3386206" lbTx="198.3386262" tId="2" fbRx="198.3386328" lbRx="0" />
<p fId="0" fbTx="198.3386206" lbTx="198.3386262" tId="2" fbRx="198.3386328" lbRx="0" />
<p fId="0" fbTx="198.3386332" lbTx="198.3386388" tId="1" fbRx="198.3386453" lbRx="0" />
<p fId="0" fbTx="198.3386332" lbTx="198.3386388" tId="2" fbRx="198.3386453" lbRx="0" />
<p fId="0" fbTx="198.3386332" lbTx="198.3386388" tId="2" fbRx="198.3386453" lbRx="0" />
<p fId="0" fbTx="198.3386497" lbTx="198.3386553" tId="1" fbRx="198.3386619" lbRx="0" />
<p fId="0" fbTx="198.3386497" lbTx="198.3386553" tId="2" fbRx="198.3386619" lbRx="0" />
<p fId="0" fbTx="198.3386497" lbTx="198.3386553" tId="2" fbRx="198.3386619" lbRx="0" />
<p fId="0" fbTx="198.3386643" lbTx="198.3386699" tId="1" fbRx="198.3386765" lbRx="0" />
<p fId="0" fbTx="198.3386643" lbTx="198.3386699" tId="2" fbRx="198.3386765" lbRx="0" />
<p fId="0" fbTx="198.3386643" lbTx="198.3386699" tId="2" fbRx="198.3386765" lbRx="0" />
<p fId="0" fbTx="198.3386779" lbTx="198.3386835" tId="1" fbRx="198.33869" lbRx="0" />
<p fId="0" fbTx="198.3386779" lbTx="198.3386835" tId="2" fbRx="198.33869" lbRx="0" />
<p fId="0" fbTx="198.3386779" lbTx="198.3386835" tId="2" fbRx="198.33869" lbRx="0" />
<p fId="0" fbTx="198.3386924" lbTx="198.338698" tId="1" fbRx="198.3387046" lbRx="0" />
<p fId="0" fbTx="198.3386924" lbTx="198.338698" tId="2" fbRx="198.3387046" lbRx="0" />
<p fId="0" fbTx="198.3386924" lbTx="198.338698" tId="2" fbRx="198.3387046" lbRx="0" />
<p fId="0" fbTx="198.338709" lbTx="198.3387146" tId="1" fbRx="198.3387211" lbRx="0" />
<p fId="0" fbTx="198.338709" lbTx="198.3387146" tId="2" fbRx="198.3387211" lbRx="0" />
<p fId="0" fbTx="198.338709" lbTx="198.3387146" tId="2" fbRx="198.3387211" lbRx="0" />
<p fId="0" fbTx="198.3387235" lbTx="198.3387291" tId="1" fbRx="198.3387357" lbRx="0" />
<p fId="0" fbTx="198.3387235" lbTx="198.3387291" tId="2" fbRx="198.3387357" lbRx="0" />
<p fId="0" fbTx="198.3387235" lbTx="198.3387291" tId="2" fbRx="198.3387357" lbRx="0" />
<p fId="0" fbTx="198.3387441" lbTx="198.3387497" tId="1" fbRx="198.3387563" lbRx="0" />
<p fId="0" fbTx="198.3387441" lbTx="198.3387497" tId="2" fbRx="198.3387563" lbRx="0" />
<p fId="0" fbTx="198.3387441" lbTx="198.3387497" tId="2" fbRx="198.3387563" lbRx="0" />
<p fId="0" fbTx="198.3387587" lbTx="198.3387643" tId="1" fbRx="198.3387708" lbRx="0" />
<p fId="0" fbTx="198.3387587" lbTx="198.3387643" tId="2" fbRx="198.3387708" lbRx="0" />
<p fId="0" fbTx="198.3387587" lbTx="198.3387643" tId="2" fbRx="198.3387708" lbRx="0" />
<p fId="0" fbTx="198.3387782" lbTx="198.3387838" tId="1" fbRx="198.3387904" lbRx="0" />
<p fId="0" fbTx="198.3387782" lbTx="198.3387838" tId="2" fbRx="198.3387904" lbRx="0" />
<p fId="0" fbTx="198.3387782" lbTx="198.3387838" tId="2" fbRx="198.3387904" lbRx="0" />
<p fId="0" fbTx="198.3387958" lbTx="198.3388014" tId="1" fbRx="198.3388079" lbRx="0" />
<p fId="0" fbTx="198.3387958" lbTx="198.3388014" tId="2" fbRx="198.3388079" lbRx="0" />
<p fId="0" fbTx="198.3387958" lbTx="198.3388014" tId="2" fbRx="198.3388079" lbRx="0" />
<p fId="0" fbTx="198.3388113" lbTx="198.3388169" tId="1" fbRx="198.3388235" lbRx="0" />
<p fId="0" fbTx="198.3388113" lbTx="198.3388169" tId="2" fbRx="198.3388235" lbRx="0" />
<p fId="0" fbTx="198.3388113" lbTx="198.3388169" tId="2" fbRx="198.3388235" lbRx="0" />
<p fId="0" fbTx="198.3388269" lbTx="198.3388325" tId="1" fbRx="198.3388391" lbRx="0" />
<p fId="0" fbTx="198.3388269" lbTx="198.3388325" tId="2" fbRx="198.3388391" lbRx="0" />
<p fId="0" fbTx="198.3388269" lbTx="198.3388325" tId="2" fbRx="198.3388391" lbRx="0" />
<p fId="0" fbTx="198.3388405" lbTx="198.3388461" tId="1" fbRx="198.3388526" lbRx="0" />
<p fId="0" fbTx="198.3388405" lbTx="198.3388461" tId="2" fbRx="198.3388526" lbRx="0" />
<p fId="0" fbTx="198.3388405" lbTx="198.3388461" tId="2" fbRx="198.3388526" lbRx="0" />
<p fId="0" fbTx="198.338854" lbTx="198.3388596" tId="1" fbRx="198.3388662" lbRx="0" />
<p fId="0" fbTx="198.338854" lbTx="198.3388596" tId="2" fbRx="198.3388662" lbRx="0" />
<p fId="0" fbTx="198.338854" lbTx="198.3388596" tId="2" fbRx="198.3388662" lbRx="0" />
<p fId="0" fbTx="198.3388856" lbTx="198.3388912" tId="1" fbRx="198.3388977" lbRx="0" />
<p fId="0" fbTx="198.3388856" lbTx="198.3388912" tId="2" fbRx="198.3388977" lbRx="0" />
<p fId="0" fbTx="198.3388856" lbTx="198.3388912" tId="2" fbRx="198.3388977" lbRx="0" />
<p fId="0" fbTx="198.3388991" lbTx="198.3389047" tId="1" fbRx="198.3389113" lbRx="0" />
<p fId="0" fbTx="198.3388991" lbTx="198.3389047" tId="2" fbRx="198.3389113" lbRx="0" />
<p fId="0" fbTx="198.3388991" lbTx="198.3389047" tId="2" fbRx="198.3389113" lbRx="0" />
<p fId="0" fbTx="198.3389127" lbTx="198.3389183" tId="1" fbRx="198.3389249" lbRx="0" />
<p fId="0" fbTx="198.3389127" lbTx="198.3389183" tId="2" fbRx="198.3389249" lbRx="0" />
<p fId="0" fbTx="198.3389127" lbTx="198.3389183" tId="2" fbRx="198.3389249" lbRx="0" />
<p fId="0" fbTx="198.3389363" lbTx="198.3389419" tId="1" fbRx="198.3389484" lbRx="0" />
<p fId="0" fbTx="198.3389363" lbTx="198.3389419" tId="2" fbRx="198.3389484" lbRx="0" />
<p fId="0" fbTx="198.3389363" lbTx="198.3389419" tId="2" fbRx="198.3389484" lbRx="0" />
<p fId="0" fbTx="198.3389488" lbTx="198.3389544" tId="1" fbRx="198.338961" lbRx="0" />
<p fId="0" fbTx="198.3389488" lbTx="198.3389544" tId="2" fbRx="198.338961" lbRx="0" />
<p fId="0" fbTx="198.3389488" lbTx="198.3389544" tId="2" fbRx="198.338961" lbRx="0" />
<p fId="0" fbTx="198.3389644" lbTx="198.33897" tId="1" fbRx="198.3389765" lbRx="0" />
<p fId="0" fbTx="198.3389644" lbTx="198.33897" tId="2" fbRx="198.3389765" lbRx="0" />
<p fId="0" fbTx="198.3389644" lbTx="198.33897" tId="2" fbRx="198.3389765" lbRx="0" />
<p fId="0" fbTx="198.3389789" lbTx="198.3389845" tId="1" fbRx="198.3389911" lbRx="0" />
<p fId="0" fbTx="198.3389789" lbTx="198.3389845" tId="2" fbRx="198.3389911" lbRx="0" />
<p fId="0" fbTx="198.3389789" lbTx="198.3389845" tId="2" fbRx="198.3389911" lbRx="0" />
<p fId="0" fbTx="198.3389925" lbTx="198.3389981" tId="1" fbRx="198.3390047" lbRx="0" />
<p fId="0" fbTx="198.3389925" lbTx="198.3389981" tId="2" fbRx="198.3390047" lbRx="0" />
<p fId="0" fbTx="198.3389925" lbTx="198.3389981" tId="2" fbRx="198.3390047" lbRx="0" />
<p fId="0" fbTx="198.3390071" lbTx="198.3390127" tId="1" fbRx="198.3390192" lbRx="0" />
<p fId="0" fbTx="198.3390071" lbTx="198.3390127" tId="2" fbRx="198.3390192" lbRx="0" />
<p fId="0" fbTx="198.3390071" lbTx="198.3390127" tId="2" fbRx="198.3390192" lbRx="0" />
<p fId="0" fbTx="198.3390206" lbTx="198.3390262" tId="1" fbRx="198.3390328" lbRx="0" />
<p fId="0" fbTx="198.3390206" lbTx="198.3390262" tId="2" fbRx="198.3390328" lbRx="0" />
<p fId="0" fbTx="198.3390206" lbTx="198.3390262" tId="2" fbRx="198.3390328" lbRx="0" />
<p fId="0" fbTx="198.3390422" lbTx="198.3390478" tId="1" fbRx="198.3390543" lbRx="0" />
<p fId="0" fbTx="198.3390422" lbTx="198.3390478" tId="2" fbRx="198.3390543" lbRx="0" />
<p fId="0" fbTx="198.3390422" lbTx="198.3390478" tId="2" fbRx="198.3390543" lbRx="0" />
<p fId="0" fbTx="198.3390557" lbTx="198.3390613" tId="1" fbRx="198.3390679" lbRx="0" />
<p fId="0" fbTx="198.3390557" lbTx="198.3390613" tId="2" fbRx="198.3390679" lbRx="0" />
<p fId="0" fbTx="198.3390557" lbTx="198.3390613" tId="2" fbRx="198.3390679" lbRx="0" />
<p fId="0" fbTx="198.3390743" lbTx="198.3390799" tId="1" fbRx="198.3390865" lbRx="0" />
<p fId="0" fbTx="198.3390743" lbTx="198.3390799" tId="2" fbRx="198.3390865" lbRx="0" />
<p fId="0" fbTx="198.3390743" lbTx="198.3390799" tId="2" fbRx="198.3390865" lbRx="0" />
<p fId="0" fbTx="198.3390879" lbTx="198.3390935" tId="1" fbRx="198.3391" lbRx="0" />
<p fId="0" fbTx="198.3390879" lbTx="198.3390935" tId="2" fbRx="198.3391" lbRx="0" />
<p fId="0" fbTx="198.3390879" lbTx="198.3390935" tId="2" fbRx="198.3391" lbRx="0" />
<p fId="0" fbTx="198.3391004" lbTx="198.339106" tId="1" fbRx="198.3391126" lbRx="0" />
<p fId="0" fbTx="198.3391004" lbTx="198.339106" tId="2" fbRx="198.3391126" lbRx="0" />
<p fId="0" fbTx="198.3391004" lbTx="198.339106" tId="2" fbRx="198.3391126" lbRx="0" />
<p fId="0" fbTx="198.339114" lbTx="198.3391196" tId="1" fbRx="198.3391261" lbRx="0" />
<p fId="0" fbTx="198.339114" lbTx="198.3391196" tId="2" fbRx="198.3391261" lbRx="0" />
<p fId="0" fbTx="198.339114" lbTx="198.3391196" tId="2" fbRx="198.3391261" lbRx="0" />
<p fId="0" fbTx="198.3391275" lbTx="198.3391331" tId="1" fbRx="198.3391397" lbRx="0" />
<p fId="0" fbTx="198.3391275" lbTx="198.3391331" tId="2" fbRx="198.3391397" lbRx="0" />
<p fId="0" fbTx="198.3391275" lbTx="198.3391331" tId="2" fbRx="198.3391397" lbRx="0" />
<p fId="0" fbTx="198.3391421" lbTx="198.3391477" tId="1" fbRx="198.3391543" lbRx="0" />
<p fId="0" fbTx="198.3391421" lbTx="198.3391477" tId="2" fbRx="198.3391543" lbRx="0" />
<p fId="0" fbTx="198.3391421" lbTx="198.3391477" tId="2" fbRx="198.3391543" lbRx="0" />
<p fId="0" fbTx="198.3391577" lbTx="198.3391633" tId="1" fbRx="198.3391698" lbRx="0" />
<p fId="0" fbTx="198.3391577" lbTx="198.3391633" tId="2" fbRx="198.3391698" lbRx="0" />
<p fId="0" fbTx="198.3391577" lbTx="198.3391633" tId="2" fbRx="198.3391698" lbRx="0" />
<p fId="0" fbTx="198.3391832" lbTx="198.3391888" tId="1" fbRx="198.3391954" lbRx="0" />
<p fId="0" fbTx="198.3391832" lbTx="198.3391888" tId="2" fbRx="198.3391954" lbRx="0" />
<p fId="0" fbTx="198.3391832" lbTx="198.3391888" tId="2" fbRx="198.3391954" lbRx="0" />
<p fId="0" fbTx="198.3391988" lbTx="198.3392044" tId="1" fbRx="198.3392109" lbRx="0" />
<p fId="0" fbTx="198.3391988" lbTx="198.3392044" tId="2" fbRx="198.3392109" lbRx="0" />
<p fId="0" fbTx="198.3391988" lbTx="198.3392044" tId="2" fbRx="198.3392109" lbRx="0" />
<p fId="0" fbTx="198.3392143" lbTx="198.3392199" tId="1" fbRx="198.3392265" lbRx="0" />
<p fId="0" fbTx="198.3392143" lbTx="198.3392199" tId="2" fbRx="198.3392265" lbRx="0" />
<p fId="0" fbTx="198.3392143" lbTx="198.3392199" tId="2" fbRx="198.3392265" lbRx="0" />
<p fId="0" fbTx="198.3392269" lbTx="198.3392325" tId="1" fbRx="198.3392391" lbRx="0" />
<p fId="0" fbTx="198.3392269" lbTx="198.3392325" tId="2" fbRx="198.3392391" lbRx="0" />
<p fId="0" fbTx="198.3392269" lbTx="198.3392325" tId="2" fbRx="198.3392391" lbRx="0" />
<p fId="0" fbTx="198.3392405" lbTx="198.3392461" tId="1" fbRx="198.3392526" lbRx="0" />
<p fId="0" fbTx="198.3392405" lbTx="198.3392461" tId="2" fbRx="198.3392526" lbRx="0" />
<p fId="0" fbTx="198.3392405" lbTx="198.3392461" tId="2" fbRx="198.3392526" lbRx="0" />
<p fId="0" fbTx="198.339272" lbTx="198.3392776" tId="1" fbRx="198.3392842" lbRx="0" />
<p fId="0" fbTx="198.339272" lbTx="198.3392776" tId="2" fbRx="198.3392842" lbRx="0" />
<p fId="0" fbTx="198.339272" lbTx="198.3392776" tId="2" fbRx="198.3392842" lbRx="0" />
<p fId="0" fbTx="198.3392916" lbTx="198.3392972" tId="1" fbRx="198.3393037" lbRx="0" />
<p fId="0" fbTx="198.3392916" lbTx="198.3392972" tId="2" fbRx="198.3393037" lbRx="0" />
<p fId="0" fbTx="198.3392916" lbTx="198.3392972" tId="2" fbRx="198.3393037" lbRx="0" />
<p fId="0" fbTx="198.3393131" lbTx="198.3393187" tId="1" fbRx="198.3393253" lbRx="0" />
<p fId="0" fbTx="198.3393131" lbTx="198.3393187" tId="2" fbRx="198.3393253" lbRx="0" />
<p fId="0" fbTx="198.3393131" lbTx="198.3393187" tId="2" fbRx="198.3393253" lbRx="0" />
<p fId="0" fbTx="198.3393377" lbTx="198.3393433" tId="1" fbRx="198.3393499" lbRx="0" />
<p fId="0" fbTx="198.3393377" lbTx="198.3393433" tId="2" fbRx="198.3393499" lbRx="0" />
<p fId="0" fbTx="198.3393377" lbTx="198.3393433" tId="2" fbRx="198.3393499" lbRx="0" />
<p fId="0" fbTx="198.3393513" lbTx="198.3393569" tId="1" fbRx="198.3393634" lbRx="0" />
<p fId="0" fbTx="198.3393513" lbTx="198.3393569" tId="2" fbRx="198.3393634" lbRx="0" />
<p fId="0" fbTx="198.3393513" lbTx="198.3393569" tId="2" fbRx="198.3393634" lbRx="0" />
<p fId="0" fbTx="198.3393658" lbTx="198.3393714" tId="1" fbRx="198.339378" lbRx="0" />
<p fId="0" fbTx="198.3393658" lbTx="198.3393714" tId="2" fbRx="198.339378" lbRx="0" />
<p fId="0" fbTx="198.3393658" lbTx="198.3393714" tId="2" fbRx="198.339378" lbRx="0" />
<p fId="0" fbTx="198.3393784" lbTx="198.339384" tId="1" fbRx="198.3393905" lbRx="0" />
<p fId="0" fbTx="198.3393784" lbTx="198.339384" tId="2" fbRx="198.3393905" lbRx="0" />
<p fId="0" fbTx="198.3393784" lbTx="198.339384" tId="2" fbRx="198.3393905" lbRx="0" />
<p fId="0" fbTx="198.3393949" lbTx="198.3394005" tId="1" fbRx="198.3394071" lbRx="0" />
<p fId="0" fbTx="198.3393949" lbTx="198.3394005" tId="2" fbRx="198.3394071" lbRx="0" />
<p fId="0" fbTx="198.3393949" lbTx="198.3394005" tId="2" fbRx="198.3394071" lbRx="0" />
<p fId="0" fbTx="198.3394105" lbTx="198.3394161" tId="1" fbRx="198.3394227" lbRx="0" />
<p fId="0" fbTx="198.3394105" lbTx="198.3394161" tId="2" fbRx="198.3394227" lbRx="0" />
<p fId="0" fbTx="198.3394105" lbTx="198.3394161" tId="2" fbRx="198.3394227" lbRx="0" />
<p fId="0" fbTx="198.3394281" lbTx="198.3394337" tId="1" fbRx="198.3394402" lbRx="0" />
<p fId="0" fbTx="198.3394281" lbTx="198.3394337" tId="2" fbRx="198.3394402" lbRx="0" />
<p fId="0" fbTx="198.3394281" lbTx="198.3394337" tId="2" fbRx="198.3394402" lbRx="0" />
<p fId="0" fbTx="198.3394406" lbTx="198.3394462" tId="1" fbRx="198.3394528" lbRx="0" />
<p fId="0" fbTx="198.3394406" lbTx="198.3394462" tId="2" fbRx="198.3394528" lbRx="0" />
<p fId="0" fbTx="198.3394406" lbTx="198.3394462" tId="2" fbRx="198.3394528" lbRx="0" />
<p fId="0" fbTx="198.3394602" lbTx="198.3394658" tId="1" fbRx="198.3394723" lbRx="0" />
<p fId="0" fbTx="198.3394602" lbTx="198.3394658" tId="2" fbRx="198.3394723" lbRx="0" />
<p fId="0" fbTx="198.3394602" lbTx="198.3394658" tId="2" fbRx="198.3394723" lbRx="0" />
<p fId="0" fbTx="198.3394737" lbTx="198.3394793" tId="1" fbRx="198.3394859" lbRx="0" />
<p fId="0" fbTx="198.3394737" lbTx="198.3394793" tId="2" fbRx="198.3394859" lbRx="0" />
<p fId="0" fbTx="198.3394737" lbTx="198.3394793" tId="2" fbRx="198.3394859" lbRx="0" />
<p fId="0" fbTx="198.3394973" lbTx="198.3395029" tId="1" fbRx="198.3395095" lbRx="0" />
<p fId="0" fbTx="198.3394973" lbTx="198.3395029" tId="2" fbRx="198.3395095" lbRx="0" />
<p fId="0" fbTx="198.3394973" lbTx="198.3395029" tId="2" fbRx="198.3395095" lbRx="0" />
<p fId="0" fbTx="198.3395109" lbTx="198.3395165" tId="1" fbRx="198.339523" lbRx="0" />
<p fId="0" fbTx="198.3395109" lbTx="198.3395165" tId="2" fbRx="198.339523" lbRx="0" />
<p fId="0" fbTx="198.3395109" lbTx="198.3395165" tId="2" fbRx="198.339523" lbRx="0" />
<p fId="0" fbTx="198.3395254" lbTx="198.339531" tId="1" fbRx="198.3395376" lbRx="0" />
<p fId="0" fbTx="198.3395254" lbTx="198.339531" tId="2" fbRx="198.3395376" lbRx="0" />
<p fId="0" fbTx="198.3395254" lbTx="198.339531" tId="2" fbRx="198.3395376" lbRx="0" />
<p fId="0" fbTx="198.339543" lbTx="198.3395486" tId="1" fbRx="198.3395551" lbRx="0" />
<p fId="0" fbTx="198.339543" lbTx="198.3395486" tId="2" fbRx="198.3395551" lbRx="0" />
<p fId="0" fbTx="198.339543" lbTx="198.3395486" tId="2" fbRx="198.3395551" lbRx="0" />
<p fId="0" fbTx="198.3395575" lbTx="198.3395631" tId="1" fbRx="198.3395697" lbRx="0" />
<p fId="0" fbTx="198.3395575" lbTx="198.3395631" tId="2" fbRx="198.3395697" lbRx="0" />
<p fId="0" fbTx="198.3395575" lbTx="198.3395631" tId="2" fbRx="198.3395697" lbRx="0" />
<p fId="0" fbTx="198.3395791" lbTx="198.3395847" tId="1" fbRx="198.3395913" lbRx="0" />
<p fId="0" fbTx="198.3395791" lbTx="198.3395847" tId="2" fbRx="198.3395913" lbRx="0" />
<p fId="0" fbTx="198.3395791" lbTx="198.3395847" tId="2" fbRx="198.3395913" lbRx="0" />
<p fId="0" fbTx="198.3395917" lbTx="198.3395973" tId="1" fbRx="198.3396038" lbRx="0" />
<p fId="0" fbTx="198.3395917" lbTx="198.3395973" tId="2" fbRx="198.3396038" lbRx="0" />
<p fId="0" fbTx="198.3395917" lbTx="198.3395973" tId="2" fbRx="198.3396038" lbRx="0" />
<p fId="0" fbTx="198.3396052" lbTx="198.3396108" tId="1" fbRx="198.3396174" lbRx="0" />
<p fId="0" fbTx="198.3396052" lbTx="198.3396108" tId="2" fbRx="198.3396174" lbRx="0" />
<p fId="0" fbTx="198.3396052" lbTx="198.3396108" tId="2" fbRx="198.3396174" lbRx="0" />
<p fId="0" fbTx="198.3396228" lbTx="198.3396284" tId="1" fbRx="198.3396349" lbRx="0" />
<p fId="0" fbTx="198.3396228" lbTx="198.3396284" tId="2" fbRx="198.3396349" lbRx="0" />
<p fId="0" fbTx="198.3396228" lbTx="198.3396284" tId="2" fbRx="198.3396349" lbRx="0" />
<p fId="0" fbTx="198.3396363" lbTx="198.3396419" tId="1" fbRx="198.3396485" lbRx="0" />
<p fId="0" fbTx="198.3396363" lbTx="198.3396419" tId="2" fbRx="198.3396485" lbRx="0" />
<p fId="0" fbTx="198.3396363" lbTx="198.3396419" tId="2" fbRx="198.3396485" lbRx="0" />
<p fId="0" fbTx="198.3396499" lbTx="198.3396555" tId="1" fbRx="198.3396621" lbRx="0" />
<p fId="0" fbTx="198.3396499" lbTx="198.3396555" tId="2" fbRx="198.3396621" lbRx="0" />
<p fId="0" fbTx="198.3396499" lbTx="198.3396555" tId="2" fbRx="198.3396621" lbRx="0" />
<p fId="0" fbTx="198.3396625" lbTx="198.3396681" tId="1" fbRx="198.3396746" lbRx="0" />
<p fId="0" fbTx="198.3396625" lbTx="198.3396681" tId="2" fbRx="198.3396746" lbRx="0" />
<p fId="0" fbTx="198.3396625" lbTx="198.3396681" tId="2" fbRx="198.3396746" lbRx="0" />
<p fId="0" fbTx="198.339684" lbTx="198.3396896" tId="1" fbRx="198.3396962" lbRx="0" />
<p fId="0" fbTx="198.339684" lbTx="198.3396896" tId="2" fbRx="198.3396962" lbRx="0" />
<p fId="0" fbTx="198.339684" lbTx="198.3396896" tId="2" fbRx="198.3396962" lbRx="0" />
<p fId="0" fbTx="198.3563022" lbTx="198.3563358" tId="1" fbRx="198.3563424" lbRx="0" />
<p fId="0" fbTx="198.3563022" lbTx="198.3563358" tId="2" fbRx="198.3563424" lbRx="0" />
<p fId="0" fbTx="198.3563022" lbTx="198.3563358" tId="2" fbRx="198.3563424" lbRx="0" />
<p fId="2" fbTx="198.3563424" lbTx="198.3563909" tId="0" fbRx="198.3563974" lbRx="0" />
<p fId="2" fbTx="198.3563424" lbTx="198.3563909" tId="0" fbRx="198.3563974" lbRx="0" />
<p fId="2" fbTx="198.3563424" lbTx="198.3563909" tId="1" fbRx="198.3563974" lbRx="0" />
<p fId="2" fbTx="198.3563998" lbTx="198.3564483" tId="0" fbRx="198.3564549" lbRx="0" />
<p fId="2" fbTx="198.3563998" lbTx="198.3564483" tId="0" fbRx="198.3564549" lbRx="0" />
<p fId="2" fbTx="198.3563998" lbTx="198.3564483" tId="1" fbRx="198.3564549" lbRx="0" />
<p fId="0" fbTx="198.3564559" lbTx="198.3564615" tId="1" fbRx="198.356468" lbRx="0" />
<p fId="0" fbTx="198.3564559" lbTx="198.3564615" tId="2" fbRx="198.356468" lbRx="0" />
<p fId="0" fbTx="198.3564559" lbTx="198.3564615" tId="2" fbRx="198.356468" lbRx="0" />
<p fId="2" fbTx="198.3564813" lbTx="198.3565297" tId="0" fbRx="198.3565363" lbRx="0" />
<p fId="2" fbTx="198.3564813" lbTx="198.3565297" tId="0" fbRx="198.3565363" lbRx="0" />
<p fId="2" fbTx="198.3564813" lbTx="198.3565297" tId="1" fbRx="198.3565363" lbRx="0" />
<p fId="2" fbTx="198.3565377" lbTx="198.3565862" tId="0" fbRx="198.3565928" lbRx="0" />
<p fId="2" fbTx="198.3565377" lbTx="198.3565862" tId="0" fbRx="198.3565928" lbRx="0" />
<p fId="2" fbTx="198.3565377" lbTx="198.3565862" tId="1" fbRx="198.3565928" lbRx="0" />
<p fId="0" fbTx="198.3565938" lbTx="198.3565994" tId="1" fbRx="198.3566059" lbRx="0" />
<p fId="0" fbTx="198.3565938" lbTx="198.3565994" tId="2" fbRx="198.3566059" lbRx="0" />
<p fId="0" fbTx="198.3565938" lbTx="198.3565994" tId="2" fbRx="198.3566059" lbRx="0" />
<p fId="2" fbTx="198.3566062" lbTx="198.3566546" tId="0" fbRx="198.3566612" lbRx="0" />
<p fId="2" fbTx="198.3566062" lbTx="198.3566546" tId="0" fbRx="198.3566612" lbRx="0" />
<p fId="2" fbTx="198.3566062" lbTx="198.3566546" tId="1" fbRx="198.3566612" lbRx="0" />
<p fId="2" fbTx="198.3566656" lbTx="198.3567141" tId="0" fbRx="198.3567206" lbRx="0" />
<p fId="2" fbTx="198.3566656" lbTx="198.3567141" tId="0" fbRx="198.3567206" lbRx="0" />
<p fId="2" fbTx="198.3566656" lbTx="198.3567141" tId="1" fbRx="198.3567206" lbRx="0" />
<p fId="0" fbTx="198.3567216" lbTx="198.3567272" tId="1" fbRx="198.3567338" lbRx="0" />
<p fId="0" fbTx="198.3567216" lbTx="198.3567272" tId="2" fbRx="198.3567338" lbRx="0" />
<p fId="0" fbTx="198.3567216" lbTx="198.3567272" tId="2" fbRx="198.3567338" lbRx="0" />
<p fId="2" fbTx="198.356746" lbTx="198.3567673" tId="0" fbRx="198.3567739" lbRx="0" />
<p fId="2" fbTx="198.356746" lbTx="198.3567673" tId="0" fbRx="198.3567739" lbRx="0" />
<p fId="2" fbTx="198.356746" lbTx="198.3567673" tId="1" fbRx="198.3567739" lbRx="0" />
<p fId="0" fbTx="198.5567739" lbTx="198.5567795" tId="1" fbRx="198.556786" lbRx="0" />
<p fId="0" fbTx="198.5567739" lbTx="198.5567795" tId="2" fbRx="198.556786" lbRx="0" />
<p fId="0" fbTx="198.5567739" lbTx="198.5567795" tId="2" fbRx="198.556786" lbRx="0" />
<p fId="1" fbTx="201.3049281" lbTx="201.3049617" tId="0" fbRx="201.3049683" lbRx="0" />
<p fId="1" fbTx="201.3049281" lbTx="201.3049617" tId="2" fbRx="201.3049683" lbRx="0" />
<p fId="1" fbTx="201.3049281" lbTx="201.3049617" tId="2" fbRx="201.3049683" lbRx="0" />
<p fId="2" fbTx="201.3049683" lbTx="201.3050168" tId="0" fbRx="201.3050233" lbRx="0" />
<p fId="2" fbTx="201.3049683" lbTx="201.3050168" tId="1" fbRx="201.3050233" lbRx="0" />
<p fId="2" fbTx="201.3049683" lbTx="201.3050168" tId="1" fbRx="201.3050233" lbRx="0" />
<p fId="2" fbTx="201.3050357" lbTx="201.3050842" tId="0" fbRx="201.3050908" lbRx="0" />
<p fId="2" fbTx="201.3050357" lbTx="201.3050842" tId="1" fbRx="201.3050908" lbRx="0" />
<p fId="2" fbTx="201.3050357" lbTx="201.3050842" tId="1" fbRx="201.3050908" lbRx="0" />
<p fId="1" fbTx="201.3050918" lbTx="201.3050974" tId="0" fbRx="201.3051039" lbRx="0" />
<p fId="1" fbTx="201.3050918" lbTx="201.3050974" tId="2" fbRx="201.3051039" lbRx="0" />
<p fId="1" fbTx="201.3050918" lbTx="201.3050974" tId="2" fbRx="201.3051039" lbRx="0" />
<p fId="2" fbTx="201.3051142" lbTx="201.3051627" tId="0" fbRx="201.3051692" lbRx="0" />
<p fId="2" fbTx="201.3051142" lbTx="201.3051627" tId="1" fbRx="201.3051692" lbRx="0" />
<p fId="2" fbTx="201.3051142" lbTx="201.3051627" tId="1" fbRx="201.3051692" lbRx="0" />
<p fId="2" fbTx="201.3051706" lbTx="201.3052191" tId="0" fbRx="201.3052257" lbRx="0" />
<p fId="2" fbTx="201.3051706" lbTx="201.3052191" tId="1" fbRx="201.3052257" lbRx="0" />
<p fId="2" fbTx="201.3051706" lbTx="201.3052191" tId="1" fbRx="201.3052257" lbRx="0" />
<p fId="1" fbTx="201.3052267" lbTx="201.3052323" tId="0" fbRx="201.3052388" lbRx="0" />
<p fId="1" fbTx="201.3052267" lbTx="201.3052323" tId="2" fbRx="201.3052388" lbRx="0" />
<p fId="1" fbTx="201.3052267" lbTx="201.3052323" tId="2" fbRx="201.3052388" lbRx="0" />
<p fId="2" fbTx="201.3052421" lbTx="201.3052905" tId="0" fbRx="201.3052971" lbRx="0" />
<p fId="2" fbTx="201.3052421" lbTx="201.3052905" tId="1" fbRx="201.3052971" lbRx="0" />
<p fId="2" fbTx="201.3052421" lbTx="201.3052905" tId="1" fbRx="201.3052971" lbRx="0" />
<p fId="2" fbTx="201.3053105" lbTx="201.305359" tId="0" fbRx="201.3053655" lbRx="0" />
<p fId="2" fbTx="201.3053105" lbTx="201.305359" tId="1" fbRx="201.3053655" lbRx="0" />
<p fId="2" fbTx="201.3053105" lbTx="201.305359" tId="1" fbRx="201.3053655" lbRx="0" />
<p fId="1" fbTx="201.3053665" lbTx="201.3053721" tId="0" fbRx="201.3053787" lbRx="0" />
<p fId="1" fbTx="201.3053665" lbTx="201.3053721" tId="2" fbRx="201.3053787" lbRx="0" />
<p fId="1" fbTx="201.3053665" lbTx="201.3053721" tId="2" fbRx="201.3053787" lbRx="0" />
<p fId="2" fbTx="201.3053859" lbTx="201.3054344" tId="0" fbRx="201.305441" lbRx="0" />
<p fId="2" fbTx="201.3053859" lbTx="201.3054344" tId="1" fbRx="201.305441" lbRx="0" />
<p fId="2" fbTx="201.3053859" lbTx="201.3054344" tId="1" fbRx="201.305441" lbRx="0" />
<p fId="2" fbTx="201.3054534" lbTx="201.3055019" tId="0" fbRx="201.3055084" lbRx="0" />
<p fId="2" fbTx="201.3054534" lbTx="201.3055019" tId="1" fbRx="201.3055084" lbRx="0" />
<p fId="2" fbTx="201.3054534" lbTx="201.3055019" tId="1" fbRx="201.3055084" lbRx="0" />
<p fId="2" fbTx="201.3055088" lbTx="201.3055573" tId="0" fbRx="201.3055639" lbRx="0" />
<p fId="2" fbTx="201.3055088" lbTx="201.3055573" tId="1" fbRx="201.3055639" lbRx="0" />
<p fId="2" fbTx="201.3055088" lbTx="201.3055573" tId="1" fbRx="201.3055639" lbRx="0" />
<p fId="2" fbTx="201.3055663" lbTx="201.3056147" tId="0" fbRx="201.3056213" lbRx="0" />
<p fId="2" fbTx="201.3055663" lbTx="201.3056147" tId="1" fbRx="201.3056213" lbRx="0" />
<p fId="2" fbTx="201.3055663" lbTx="201.3056147" tId="1" fbRx="201.3056213" lbRx="0" />
<p fId="2" fbTx="201.3056337" lbTx="201.3056822" tId="0" fbRx="201.3056887" lbRx="0" />
<p fId="2" fbTx="201.3056337" lbTx="201.3056822" tId="1" fbRx="201.3056887" lbRx="0" />
<p fId="2" fbTx="201.3056337" lbTx="201.3056822" tId="1" fbRx="201.3056887" lbRx="0" />
<p fId="2" fbTx="201.3056891" lbTx="201.3057376" tId="0" fbRx="201.3057442" lbRx="0" />
<p fId="2" fbTx="201.3056891" lbTx="201.3057376" tId="1" fbRx="201.3057442" lbRx="0" />
<p fId="2" fbTx="201.3056891" lbTx="201.3057376" tId="1" fbRx="201.3057442" lbRx="0" />
<p fId="2" fbTx="201.3057536" lbTx="201.3058021" tId="0" fbRx="201.3058086" lbRx="0" />
<p fId="2" fbTx="201.3057536" lbTx="201.3058021" tId="1" fbRx="201.3058086" lbRx="0" />
<p fId="2" fbTx="201.3057536" lbTx="201.3058021" tId="1" fbRx="201.3058086" lbRx="0" />
<p fId="2" fbTx="201.305811" lbTx="201.3058595" tId="0" fbRx="201.3058661" lbRx="0" />
<p fId="2" fbTx="201.305811" lbTx="201.3058595" tId="1" fbRx="201.3058661" lbRx="0" />
<p fId="2" fbTx="201.305811" lbTx="201.3058595" tId="1" fbRx="201.3058661" lbRx="0" />
<p fId="2" fbTx="201.3058725" lbTx="201.3059209" tId="0" fbRx="201.3059275" lbRx="0" />
<p fId="2" fbTx="201.3058725" lbTx="201.3059209" tId="1" fbRx="201.3059275" lbRx="0" />
<p fId="2" fbTx="201.3058725" lbTx="201.3059209" tId="1" fbRx="201.3059275" lbRx="0" />
<p fId="2" fbTx="201.3059409" lbTx="201.3059894" tId="0" fbRx="201.3059959" lbRx="0" />
<p fId="2" fbTx="201.3059409" lbTx="201.3059894" tId="1" fbRx="201.3059959" lbRx="0" />
<p fId="2" fbTx="201.3059409" lbTx="201.3059894" tId="1" fbRx="201.3059959" lbRx="0" />
<p fId="2" fbTx="201.3060053" lbTx="201.3060538" tId="0" fbRx="201.3060604" lbRx="0" />
<p fId="2" fbTx="201.3060053" lbTx="201.3060538" tId="1" fbRx="201.3060604" lbRx="0" />
<p fId="2" fbTx="201.3060053" lbTx="201.3060538" tId="1" fbRx="201.3060604" lbRx="0" />
<p fId="2" fbTx="201.3060698" lbTx="201.3061183" tId="0" fbRx="201.3061248" lbRx="0" />
<p fId="2" fbTx="201.3060698" lbTx="201.3061183" tId="1" fbRx="201.3061248" lbRx="0" />
<p fId="2" fbTx="201.3060698" lbTx="201.3061183" tId="1" fbRx="201.3061248" lbRx="0" />
<p fId="2" fbTx="201.3061272" lbTx="201.3061757" tId="0" fbRx="201.3061823" lbRx="0" />
<p fId="2" fbTx="201.3061272" lbTx="201.3061757" tId="1" fbRx="201.3061823" lbRx="0" />
<p fId="2" fbTx="201.3061272" lbTx="201.3061757" tId="1" fbRx="201.3061823" lbRx="0" />
<p fId="2" fbTx="201.3061847" lbTx="201.3062331" tId="0" fbRx="201.3062397" lbRx="0" />
<p fId="2" fbTx="201.3061847" lbTx="201.3062331" tId="1" fbRx="201.3062397" lbRx="0" />
<p fId="2" fbTx="201.3061847" lbTx="201.3062331" tId="1" fbRx="201.3062397" lbRx="0" />
<p fId="2" fbTx="201.3062411" lbTx="201.3062896" tId="0" fbRx="201.3062961" lbRx="0" />
<p fId="2" fbTx="201.3062411" lbTx="201.3062896" tId="1" fbRx="201.3062961" lbRx="0" />
<p fId="2" fbTx="201.3062411" lbTx="201.3062896" tId="1" fbRx="201.3062961" lbRx="0" />
<p fId="2" fbTx="201.3062975" lbTx="201.306346" tId="0" fbRx="201.3063526" lbRx="0" />
<p fId="2" fbTx="201.3062975" lbTx="201.306346" tId="1" fbRx="201.3063526" lbRx="0" />
<p fId="2" fbTx="201.3062975" lbTx="201.306346" tId="1" fbRx="201.3063526" lbRx="0" />
<p fId="2" fbTx="201.306356" lbTx="201.3064045" tId="0" fbRx="201.306411" lbRx="0" />
<p fId="2" fbTx="201.306356" lbTx="201.3064045" tId="1" fbRx="201.306411" lbRx="0" />
<p fId="2" fbTx="201.306356" lbTx="201.3064045" tId="1" fbRx="201.306411" lbRx="0" />
<p fId="2" fbTx="201.3064144" lbTx="201.3064629" tId="0" fbRx="201.3064695" lbRx="0" />
<p fId="2" fbTx="201.3064144" lbTx="201.3064629" tId="1" fbRx="201.3064695" lbRx="0" />
<p fId="2" fbTx="201.3064144" lbTx="201.3064629" tId="1" fbRx="201.3064695" lbRx="0" />
<p fId="2" fbTx="201.3064789" lbTx="201.3065273" tId="0" fbRx="201.3065339" lbRx="0" />
<p fId="2" fbTx="201.3064789" lbTx="201.3065273" tId="1" fbRx="201.3065339" lbRx="0" />
<p fId="2" fbTx="201.3064789" lbTx="201.3065273" tId="1" fbRx="201.3065339" lbRx="0" />
<p fId="2" fbTx="201.3065353" lbTx="201.3065838" tId="0" fbRx="201.3065903" lbRx="0" />
<p fId="2" fbTx="201.3065353" lbTx="201.3065838" tId="1" fbRx="201.3065903" lbRx="0" />
<p fId="2" fbTx="201.3065353" lbTx="201.3065838" tId="1" fbRx="201.3065903" lbRx="0" />
<p fId="2" fbTx="201.3065987" lbTx="201.3066472" tId="0" fbRx="201.3066538" lbRx="0" />
<p fId="2" fbTx="201.3065987" lbTx="201.3066472" tId="1" fbRx="201.3066538" lbRx="0" />
<p fId="2" fbTx="201.3065987" lbTx="201.3066472" tId="1" fbRx="201.3066538" lbRx="0" />
<p fId="2" fbTx="201.3066562" lbTx="201.3067047" tId="0" fbRx="201.3067112" lbRx="0" />
<p fId="2" fbTx="201.3066562" lbTx="201.3067047" tId="1" fbRx="201.3067112" lbRx="0" />
<p fId="2" fbTx="201.3066562" lbTx="201.3067047" tId="1" fbRx="201.3067112" lbRx="0" />
<p fId="2" fbTx="201.3067146" lbTx="201.3067631" tId="0" fbRx="201.3067697" lbRx="0" />
<p fId="2" fbTx="201.3067146" lbTx="201.3067631" tId="1" fbRx="201.3067697" lbRx="0" />
<p fId="2" fbTx="201.3067146" lbTx="201.3067631" tId="1" fbRx="201.3067697" lbRx="0" />
<p fId="2" fbTx="201.3067711" lbTx="201.3068195" tId="0" fbRx="201.3068261" lbRx="0" />
<p fId="2" fbTx="201.3067711" lbTx="201.3068195" tId="1" fbRx="201.3068261" lbRx="0" />
<p fId="2" fbTx="201.3067711" lbTx="201.3068195" tId="1" fbRx="201.3068261" lbRx="0" />
<p fId="2" fbTx="201.3068295" lbTx="201.306878" tId="0" fbRx="201.3068845" lbRx="0" />
<p fId="2" fbTx="201.3068295" lbTx="201.306878" tId="1" fbRx="201.3068845" lbRx="0" />
<p fId="2" fbTx="201.3068295" lbTx="201.306878" tId="1" fbRx="201.3068845" lbRx="0" />
<p fId="2" fbTx="201.3068959" lbTx="201.3069444" tId="0" fbRx="201.306951" lbRx="0" />
<p fId="2" fbTx="201.3068959" lbTx="201.3069444" tId="1" fbRx="201.306951" lbRx="0" />
<p fId="2" fbTx="201.3068959" lbTx="201.3069444" tId="1" fbRx="201.306951" lbRx="0" />
<p fId="2" fbTx="201.3069554" lbTx="201.3070039" tId="0" fbRx="201.3070104" lbRx="0" />
<p fId="2" fbTx="201.3069554" lbTx="201.3070039" tId="1" fbRx="201.3070104" lbRx="0" />
<p fId="2" fbTx="201.3069554" lbTx="201.3070039" tId="1" fbRx="201.3070104" lbRx="0" />
<p fId="2" fbTx="201.3070138" lbTx="201.3070623" tId="0" fbRx="201.3070689" lbRx="0" />
<p fId="2" fbTx="201.3070138" lbTx="201.3070623" tId="1" fbRx="201.3070689" lbRx="0" />
<p fId="2" fbTx="201.3070138" lbTx="201.3070623" tId="1" fbRx="201.3070689" lbRx="0" />
<p fId="2" fbTx="201.3070703" lbTx="201.3071187" tId="0" fbRx="201.3071253" lbRx="0" />
<p fId="2" fbTx="201.3070703" lbTx="201.3071187" tId="1" fbRx="201.3071253" lbRx="0" />
<p fId="2" fbTx="201.3070703" lbTx="201.3071187" tId="1" fbRx="201.3071253" lbRx="0" />
<p fId="2" fbTx="201.3071327" lbTx="201.3071812" tId="0" fbRx="201.3071877" lbRx="0" />
<p fId="2" fbTx="201.3071327" lbTx="201.3071812" tId="1" fbRx="201.3071877" lbRx="0" />
<p fId="2" fbTx="201.3071327" lbTx="201.3071812" tId="1" fbRx="201.3071877" lbRx="0" />
<p fId="2" fbTx="201.3071891" lbTx="201.3072376" tId="0" fbRx="201.3072442" lbRx="0" />
<p fId="2" fbTx="201.3071891" lbTx="201.3072376" tId="1" fbRx="201.3072442" lbRx="0" />
<p fId="2" fbTx="201.3071891" lbTx="201.3072376" tId="1" fbRx="201.3072442" lbRx="0" />
<p fId="2" fbTx="201.3072466" lbTx="201.3072951" tId="0" fbRx="201.3073016" lbRx="0" />
<p fId="2" fbTx="201.3072466" lbTx="201.3072951" tId="1" fbRx="201.3073016" lbRx="0" />
<p fId="2" fbTx="201.3072466" lbTx="201.3072951" tId="1" fbRx="201.3073016" lbRx="0" />
<p fId="2" fbTx="201.307309" lbTx="201.3073575" tId="0" fbRx="201.3073641" lbRx="0" />
<p fId="2" fbTx="201.307309" lbTx="201.3073575" tId="1" fbRx="201.3073641" lbRx="0" />
<p fId="2" fbTx="201.307309" lbTx="201.3073575" tId="1" fbRx="201.3073641" lbRx="0" />
<p fId="2" fbTx="201.3073655" lbTx="201.3074139" tId="0" fbRx="201.3074205" lbRx="0" />
<p fId="2" fbTx="201.3073655" lbTx="201.3074139" tId="1" fbRx="201.3074205" lbRx="0" />
<p fId="2" fbTx="201.3073655" lbTx="201.3074139" tId="1" fbRx="201.3074205" lbRx="0" />
<p fId="2" fbTx="201.3074319" lbTx="201.3074804" tId="0" fbRx="201.3074869" lbRx="0" />
<p fId="2" fbTx="201.3074319" lbTx="201.3074804" tId="1" fbRx="201.3074869" lbRx="0" />
<p fId="2" fbTx="201.3074319" lbTx="201.3074804" tId="1" fbRx="201.3074869" lbRx="0" />
<p fId="2" fbTx="201.3074883" lbTx="201.3075368" tId="0" fbRx="201.3075434" lbRx="0" />
<p fId="2" fbTx="201.3074883" lbTx="201.3075368" tId="1" fbRx="201.3075434" lbRx="0" />
<p fId="2" fbTx="201.3074883" lbTx="201.3075368" tId="1" fbRx="201.3075434" lbRx="0" />
<p fId="2" fbTx="201.3075488" lbTx="201.3075973" tId="0" fbRx="201.3076038" lbRx="0" />
<p fId="2" fbTx="201.3075488" lbTx="201.3075973" tId="1" fbRx="201.3076038" lbRx="0" />
<p fId="2" fbTx="201.3075488" lbTx="201.3075973" tId="1" fbRx="201.3076038" lbRx="0" />
<p fId="2" fbTx="201.3076142" lbTx="201.3076627" tId="0" fbRx="201.3076693" lbRx="0" />
<p fId="2" fbTx="201.3076142" lbTx="201.3076627" tId="1" fbRx="201.3076693" lbRx="0" />
<p fId="2" fbTx="201.3076142" lbTx="201.3076627" tId="1" fbRx="201.3076693" lbRx="0" />
<p fId="2" fbTx="201.3076707" lbTx="201.3077191" tId="0" fbRx="201.3077257" lbRx="0" />
<p fId="2" fbTx="201.3076707" lbTx="201.3077191" tId="1" fbRx="201.3077257" lbRx="0" />
<p fId="2" fbTx="201.3076707" lbTx="201.3077191" tId="1" fbRx="201.3077257" lbRx="0" />
<p fId="2" fbTx="201.3077361" lbTx="201.3077846" tId="0" fbRx="201.3077911" lbRx="0" />
<p fId="2" fbTx="201.3077361" lbTx="201.3077846" tId="1" fbRx="201.3077911" lbRx="0" />
<p fId="2" fbTx="201.3077361" lbTx="201.3077846" tId="1" fbRx="201.3077911" lbRx="0" />
<p fId="2" fbTx="201.3077945" lbTx="201.307843" tId="0" fbRx="201.3078496" lbRx="0" />
<p fId="2" fbTx="201.3077945" lbTx="201.307843" tId="1" fbRx="201.3078496" lbRx="0" />
<p fId="2" fbTx="201.3077945" lbTx="201.307843" tId="1" fbRx="201.3078496" lbRx="0" />
<p fId="2" fbTx="201.307858" lbTx="201.3079065" tId="0" fbRx="201.307913" lbRx="0" />
<p fId="2" fbTx="201.307858" lbTx="201.3079065" tId="1" fbRx="201.307913" lbRx="0" />
<p fId="2" fbTx="201.307858" lbTx="201.3079065" tId="1" fbRx="201.307913" lbRx="0" />
<p fId="2" fbTx="201.3079144" lbTx="201.3079629" tId="0" fbRx="201.3079695" lbRx="0" />
<p fId="2" fbTx="201.3079144" lbTx="201.3079629" tId="1" fbRx="201.3079695" lbRx="0" />
<p fId="2" fbTx="201.3079144" lbTx="201.3079629" tId="1" fbRx="201.3079695" lbRx="0" />
<p fId="2" fbTx="201.3079709" lbTx="201.3080193" tId="0" fbRx="201.3080259" lbRx="0" />
<p fId="2" fbTx="201.3079709" lbTx="201.3080193" tId="1" fbRx="201.3080259" lbRx="0" />
<p fId="2" fbTx="201.3079709" lbTx="201.3080193" tId="1" fbRx="201.3080259" lbRx="0" />
<p fId="1" fbTx="201.3080274" lbTx="201.308033" tId="0" fbRx="201.3080396" lbRx="0" />
<p fId="1" fbTx="201.3080274" lbTx="201.308033" tId="2" fbRx="201.3080396" lbRx="0" />
<p fId="1" fbTx="201.3080274" lbTx="201.308033" tId="2" fbRx="201.3080396" lbRx="0" />
<p fId="1" fbTx="201.308043" lbTx="201.3080486" tId="0" fbRx="201.3080551" lbRx="0" />
<p fId="1" fbTx="201.308043" lbTx="201.3080486" tId="2" fbRx="201.3080551" lbRx="0" />
<p fId="1" fbTx="201.308043" lbTx="201.3080486" tId="2" fbRx="201.3080551" lbRx="0" />
<p fId="1" fbTx="201.3080585" lbTx="201.3080641" tId="0" fbRx="201.3080707" lbRx="0" />
<p fId="1" fbTx="201.3080585" lbTx="201.3080641" tId="2" fbRx="201.3080707" lbRx="0" />
<p fId="1" fbTx="201.3080585" lbTx="201.3080641" tId="2" fbRx="201.3080707" lbRx="0" />
<p fId="1" fbTx="201.3080741" lbTx="201.3080797" tId="0" fbRx="201.3080863" lbRx="0" />
<p fId="1" fbTx="201.3080741" lbTx="201.3080797" tId="2" fbRx="201.3080863" lbRx="0" />
<p fId="1" fbTx="201.3080741" lbTx="201.3080797" tId="2" fbRx="201.3080863" lbRx="0" />
<p fId="1" fbTx="201.3080897" lbTx="201.3080953" tId="0" fbRx="201.3081018" lbRx="0" />
<p fId="1" fbTx="201.3080897" lbTx="201.3080953" tId="2" fbRx="201.3081018" lbRx="0" />
<p fId="1" fbTx="201.3080897" lbTx="201.3080953" tId="2" fbRx="201.3081018" lbRx="0" />
<p fId="1" fbTx="201.3081022" lbTx="201.3081078" tId="0" fbRx="201.3081144" lbRx="0" />
<p fId="1" fbTx="201.3081022" lbTx="201.3081078" tId="2" fbRx="201.3081144" lbRx="0" />
<p fId="1" fbTx="201.3081022" lbTx="201.3081078" tId="2" fbRx="201.3081144" lbRx="0" />
<p fId="1" fbTx="201.3081238" lbTx="201.3081294" tId="0" fbRx="201.3081359" lbRx="0" />
<p fId="1" fbTx="201.3081238" lbTx="201.3081294" tId="2" fbRx="201.3081359" lbRx="0" />
<p fId="1" fbTx="201.3081238" lbTx="201.3081294" tId="2" fbRx="201.3081359" lbRx="0" />
<p fId="1" fbTx="201.3081373" lbTx="201.3081429" tId="0" fbRx="201.3081495" lbRx="0" />
<p fId="1" fbTx="201.3081373" lbTx="201.3081429" tId="2" fbRx="201.3081495" lbRx="0" />
<p fId="1" fbTx="201.3081373" lbTx="201.3081429" tId="2" fbRx="201.3081495" lbRx="0" />
<p fId="1" fbTx="201.3081539" lbTx="201.3081595" tId="0" fbRx="201.3081661" lbRx="0" />
<p fId="1" fbTx="201.3081539" lbTx="201.3081595" tId="2" fbRx="201.3081661" lbRx="0" />
<p fId="1" fbTx="201.3081539" lbTx="201.3081595" tId="2" fbRx="201.3081661" lbRx="0" />
<p fId="1" fbTx="201.3081685" lbTx="201.3081741" tId="0" fbRx="201.3081806" lbRx="0" />
<p fId="1" fbTx="201.3081685" lbTx="201.3081741" tId="2" fbRx="201.3081806" lbRx="0" />
<p fId="1" fbTx="201.3081685" lbTx="201.3081741" tId="2" fbRx="201.3081806" lbRx="0" />
<p fId="1" fbTx="201.308193" lbTx="201.3081986" tId="0" fbRx="201.3082052" lbRx="0" />
<p fId="1" fbTx="201.308193" lbTx="201.3081986" tId="2" fbRx="201.3082052" lbRx="0" />
<p fId="1" fbTx="201.308193" lbTx="201.3081986" tId="2" fbRx="201.3082052" lbRx="0" />
<p fId="1" fbTx="201.3082056" lbTx="201.3082112" tId="0" fbRx="201.3082177" lbRx="0" />
<p fId="1" fbTx="201.3082056" lbTx="201.3082112" tId="2" fbRx="201.3082177" lbRx="0" />
<p fId="1" fbTx="201.3082056" lbTx="201.3082112" tId="2" fbRx="201.3082177" lbRx="0" />
<p fId="1" fbTx="201.3082291" lbTx="201.3082347" tId="0" fbRx="201.3082413" lbRx="0" />
<p fId="1" fbTx="201.3082291" lbTx="201.3082347" tId="2" fbRx="201.3082413" lbRx="0" />
<p fId="1" fbTx="201.3082291" lbTx="201.3082347" tId="2" fbRx="201.3082413" lbRx="0" />
<p fId="1" fbTx="201.3082517" lbTx="201.3082573" tId="0" fbRx="201.3082639" lbRx="0" />
<p fId="1" fbTx="201.3082517" lbTx="201.3082573" tId="2" fbRx="201.3082639" lbRx="0" />
<p fId="1" fbTx="201.3082517" lbTx="201.3082573" tId="2" fbRx="201.3082639" lbRx="0" />
<p fId="1" fbTx="201.3082743" lbTx="201.3082799" tId="0" fbRx="201.3082864" lbRx="0" />
<p fId="1" fbTx="201.3082743" lbTx="201.3082799" tId="2" fbRx="201.3082864" lbRx="0" />
<p fId="1" fbTx="201.3082743" lbTx="201.3082799" tId="2" fbRx="201.3082864" lbRx="0" />
<p fId="1" fbTx="201.3082888" lbTx="201.3082944" tId="0" fbRx="201.308301" lbRx="0" />
<p fId="1" fbTx="201.3082888" lbTx="201.3082944" tId="2" fbRx="201.308301" lbRx="0" />
<p fId="1" fbTx="201.3082888" lbTx="201.3082944" tId="2" fbRx="201.308301" lbRx="0" />
<p fId="1" fbTx="201.3083124" lbTx="201.308318" tId="0" fbRx="201.3083245" lbRx="0" />
<p fId="1" fbTx="201.3083124" lbTx="201.308318" tId="2" fbRx="201.3083245" lbRx="0" />
<p fId="1" fbTx="201.3083124" lbTx="201.308318" tId="2" fbRx="201.3083245" lbRx="0" />
<p fId="1" fbTx="201.3083249" lbTx="201.3083305" tId="0" fbRx="201.3083371" lbRx="0" />
<p fId="1" fbTx="201.3083249" lbTx="201.3083305" tId="2" fbRx="201.3083371" lbRx="0" />
<p fId="1" fbTx="201.3083249" lbTx="201.3083305" tId="2" fbRx="201.3083371" lbRx="0" />
<p fId="1" fbTx="201.3083395" lbTx="201.3083451" tId="0" fbRx="201.3083517" lbRx="0" />
<p fId="1" fbTx="201.3083395" lbTx="201.3083451" tId="2" fbRx="201.3083517" lbRx="0" />
<p fId="1" fbTx="201.3083395" lbTx="201.3083451" tId="2" fbRx="201.3083517" lbRx="0" />
<p fId="1" fbTx="201.3083591" lbTx="201.3083647" tId="0" fbRx="201.3083712" lbRx="0" />
<p fId="1" fbTx="201.3083591" lbTx="201.3083647" tId="2" fbRx="201.3083712" lbRx="0" />
<p fId="1" fbTx="201.3083591" lbTx="201.3083647" tId="2" fbRx="201.3083712" lbRx="0" />
<p fId="1" fbTx="201.3083726" lbTx="201.3083782" tId="0" fbRx="201.3083848" lbRx="0" />
<p fId="1" fbTx="201.3083726" lbTx="201.3083782" tId="2" fbRx="201.3083848" lbRx="0" />
<p fId="1" fbTx="201.3083726" lbTx="201.3083782" tId="2" fbRx="201.3083848" lbRx="0" />
<p fId="1" fbTx="201.3083862" lbTx="201.3083918" tId="0" fbRx="201.3083983" lbRx="0" />
<p fId="1" fbTx="201.3083862" lbTx="201.3083918" tId="2" fbRx="201.3083983" lbRx="0" />
<p fId="1" fbTx="201.3083862" lbTx="201.3083918" tId="2" fbRx="201.3083983" lbRx="0" />
<p fId="2" fbTx="201.3086663" lbTx="201.3087148" tId="0" fbRx="201.3087213" lbRx="0" />
<p fId="2" fbTx="201.3086663" lbTx="201.3087148" tId="1" fbRx="201.3087213" lbRx="0" />
<p fId="2" fbTx="201.3086663" lbTx="201.3087148" tId="1" fbRx="201.3087213" lbRx="0" />
<p fId="2" fbTx="201.3087287" lbTx="201.3087772" tId="0" fbRx="201.3087838" lbRx="0" />
<p fId="2" fbTx="201.3087287" lbTx="201.3087772" tId="1" fbRx="201.3087838" lbRx="0" />
<p fId="2" fbTx="201.3087287" lbTx="201.3087772" tId="1" fbRx="201.3087838" lbRx="0" />
<p fId="2" fbTx="201.3087842" lbTx="201.3088327" tId="0" fbRx="201.3088392" lbRx="0" />
<p fId="2" fbTx="201.3087842" lbTx="201.3088327" tId="1" fbRx="201.3088392" lbRx="0" />
<p fId="2" fbTx="201.3087842" lbTx="201.3088327" tId="1" fbRx="201.3088392" lbRx="0" />
<p fId="2" fbTx="201.3088456" lbTx="201.3088941" tId="0" fbRx="201.3089007" lbRx="0" />
<p fId="2" fbTx="201.3088456" lbTx="201.3088941" tId="1" fbRx="201.3089007" lbRx="0" />
<p fId="2" fbTx="201.3088456" lbTx="201.3088941" tId="1" fbRx="201.3089007" lbRx="0" />
<p fId="2" fbTx="201.3089031" lbTx="201.3089515" tId="0" fbRx="201.3089581" lbRx="0" />
<p fId="2" fbTx="201.3089031" lbTx="201.3089515" tId="1" fbRx="201.3089581" lbRx="0" />
<p fId="2" fbTx="201.3089031" lbTx="201.3089515" tId="1" fbRx="201.3089581" lbRx="0" />
<p fId="2" fbTx="201.3089605" lbTx="201.309009" tId="0" fbRx="201.3090155" lbRx="0" />
<p fId="2" fbTx="201.3089605" lbTx="201.309009" tId="1" fbRx="201.3090155" lbRx="0" />
<p fId="2" fbTx="201.3089605" lbTx="201.309009" tId="1" fbRx="201.3090155" lbRx="0" />
<p fId="2" fbTx="201.3090199" lbTx="201.3090684" tId="0" fbRx="201.309075" lbRx="0" />
<p fId="2" fbTx="201.3090199" lbTx="201.3090684" tId="1" fbRx="201.309075" lbRx="0" />
<p fId="2" fbTx="201.3090199" lbTx="201.3090684" tId="1" fbRx="201.309075" lbRx="0" />
<p fId="2" fbTx="201.3090764" lbTx="201.3091249" tId="0" fbRx="201.3091314" lbRx="0" />
<p fId="2" fbTx="201.3090764" lbTx="201.3091249" tId="1" fbRx="201.3091314" lbRx="0" />
<p fId="2" fbTx="201.3090764" lbTx="201.3091249" tId="1" fbRx="201.3091314" lbRx="0" />
<p fId="2" fbTx="201.3091338" lbTx="201.3091823" tId="0" fbRx="201.3091889" lbRx="0" />
<p fId="2" fbTx="201.3091338" lbTx="201.3091823" tId="1" fbRx="201.3091889" lbRx="0" />
<p fId="2" fbTx="201.3091338" lbTx="201.3091823" tId="1" fbRx="201.3091889" lbRx="0" />
<p fId="2" fbTx="201.3091953" lbTx="201.3092437" tId="0" fbRx="201.3092503" lbRx="0" />
<p fId="2" fbTx="201.3091953" lbTx="201.3092437" tId="1" fbRx="201.3092503" lbRx="0" />
<p fId="2" fbTx="201.3091953" lbTx="201.3092437" tId="1" fbRx="201.3092503" lbRx="0" />
<p fId="2" fbTx="201.3092507" lbTx="201.3092992" tId="0" fbRx="201.3093057" lbRx="0" />
<p fId="2" fbTx="201.3092507" lbTx="201.3092992" tId="1" fbRx="201.3093057" lbRx="0" />
<p fId="2" fbTx="201.3092507" lbTx="201.3092992" tId="1" fbRx="201.3093057" lbRx="0" />
<p fId="2" fbTx="201.3093071" lbTx="201.3093556" tId="0" fbRx="201.3093622" lbRx="0" />
<p fId="2" fbTx="201.3093071" lbTx="201.3093556" tId="1" fbRx="201.3093622" lbRx="0" />
<p fId="2" fbTx="201.3093071" lbTx="201.3093556" tId="1" fbRx="201.3093622" lbRx="0" />
<p fId="2" fbTx="201.3093676" lbTx="201.3094161" tId="0" fbRx="201.3094226" lbRx="0" />
<p fId="2" fbTx="201.3093676" lbTx="201.3094161" tId="1" fbRx="201.3094226" lbRx="0" />
<p fId="2" fbTx="201.3093676" lbTx="201.3094161" tId="1" fbRx="201.3094226" lbRx="0" />
<p fId="2" fbTx="201.309423" lbTx="201.3094715" tId="0" fbRx="201.3094781" lbRx="0" />
<p fId="2" fbTx="201.309423" lbTx="201.3094715" tId="1" fbRx="201.3094781" lbRx="0" />
<p fId="2" fbTx="201.309423" lbTx="201.3094715" tId="1" fbRx="201.3094781" lbRx="0" />
<p fId="2" fbTx="201.3094795" lbTx="201.3095279" tId="0" fbRx="201.3095345" lbRx="0" />
<p fId="2" fbTx="201.3094795" lbTx="201.3095279" tId="1" fbRx="201.3095345" lbRx="0" />
<p fId="2" fbTx="201.3094795" lbTx="201.3095279" tId="1" fbRx="201.3095345" lbRx="0" />
<p fId="2" fbTx="201.3095379" lbTx="201.3095864" tId="0" fbRx="201.3095929" lbRx="0" />
<p fId="2" fbTx="201.3095379" lbTx="201.3095864" tId="1" fbRx="201.3095929" lbRx="0" />
<p fId="2" fbTx="201.3095379" lbTx="201.3095864" tId="1" fbRx="201.3095929" lbRx="0" />
<p fId="2" fbTx="201.3095943" lbTx="201.3096428" tId="0" fbRx="201.3096494" lbRx="0" />
<p fId="2" fbTx="201.3095943" lbTx="201.3096428" tId="1" fbRx="201.3096494" lbRx="0" />
<p fId="2" fbTx="201.3095943" lbTx="201.3096428" tId="1" fbRx="201.3096494" lbRx="0" />
<p fId="2" fbTx="201.3096538" lbTx="201.3097023" tId="0" fbRx="201.3097088" lbRx="0" />
<p fId="2" fbTx="201.3096538" lbTx="201.3097023" tId="1" fbRx="201.3097088" lbRx="0" />
<p fId="2" fbTx="201.3096538" lbTx="201.3097023" tId="1" fbRx="201.3097088" lbRx="0" />
<p fId="2" fbTx="201.3097102" lbTx="201.3097587" tId="0" fbRx="201.3097653" lbRx="0" />
<p fId="2" fbTx="201.3097102" lbTx="201.3097587" tId="1" fbRx="201.3097653" lbRx="0" />
<p fId="2" fbTx="201.3097102" lbTx="201.3097587" tId="1" fbRx="201.3097653" lbRx="0" />
<p fId="2" fbTx="201.3097677" lbTx="201.3098161" tId="0" fbRx="201.3098227" lbRx="0" />
<p fId="2" fbTx="201.3097677" lbTx="201.3098161" tId="1" fbRx="201.3098227" lbRx="0" />
<p fId="2" fbTx="201.3097677" lbTx="201.3098161" tId="1" fbRx="201.3098227" lbRx="0" />
<p fId="2" fbTx="201.3098361" lbTx="201.3098846" tId="0" fbRx="201.3098911" lbRx="0" />
<p fId="2" fbTx="201.3098361" lbTx="201.3098846" tId="1" fbRx="201.3098911" lbRx="0" />
<p fId="2" fbTx="201.3098361" lbTx="201.3098846" tId="1" fbRx="201.3098911" lbRx="0" />
<p fId="2" fbTx="201.3098935" lbTx="201.309942" tId="0" fbRx="201.3099486" lbRx="0" />
<p fId="2" fbTx="201.3098935" lbTx="201.309942" tId="1" fbRx="201.3099486" lbRx="0" />
<p fId="2" fbTx="201.3098935" lbTx="201.309942" tId="1" fbRx="201.3099486" lbRx="0" />
<p fId="2" fbTx="201.309949" lbTx="201.3099975" tId="0" fbRx="201.310004" lbRx="0" />
<p fId="2" fbTx="201.309949" lbTx="201.3099975" tId="1" fbRx="201.310004" lbRx="0" />
<p fId="2" fbTx="201.309949" lbTx="201.3099975" tId="1" fbRx="201.310004" lbRx="0" />
<p fId="2" fbTx="201.3100044" lbTx="201.3100529" tId="0" fbRx="201.3100595" lbRx="0" />
<p fId="2" fbTx="201.3100044" lbTx="201.3100529" tId="1" fbRx="201.3100595" lbRx="0" />
<p fId="2" fbTx="201.3100044" lbTx="201.3100529" tId="1" fbRx="201.3100595" lbRx="0" />
<p fId="1" fbTx="201.3100698" lbTx="201.3100754" tId="0" fbRx="201.3100819" lbRx="0" />
<p fId="1" fbTx="201.3100698" lbTx="201.3100754" tId="2" fbRx="201.3100819" lbRx="0" />
<p fId="1" fbTx="201.3100698" lbTx="201.3100754" tId="2" fbRx="201.3100819" lbRx="0" />
<p fId="1" fbTx="201.3100843" lbTx="201.3100899" tId="0" fbRx="201.3100965" lbRx="0" />
<p fId="1" fbTx="201.3100843" lbTx="201.3100899" tId="2" fbRx="201.3100965" lbRx="0" />
<p fId="1" fbTx="201.3100843" lbTx="201.3100899" tId="2" fbRx="201.3100965" lbRx="0" />
<p fId="1" fbTx="201.3101059" lbTx="201.3101115" tId="0" fbRx="201.3101181" lbRx="0" />
<p fId="1" fbTx="201.3101059" lbTx="201.3101115" tId="2" fbRx="201.3101181" lbRx="0" />
<p fId="1" fbTx="201.3101059" lbTx="201.3101115" tId="2" fbRx="201.3101181" lbRx="0" />
<p fId="1" fbTx="201.3101195" lbTx="201.3101251" tId="0" fbRx="201.3101316" lbRx="0" />
<p fId="1" fbTx="201.3101195" lbTx="201.3101251" tId="2" fbRx="201.3101316" lbRx="0" />
<p fId="1" fbTx="201.3101195" lbTx="201.3101251" tId="2" fbRx="201.3101316" lbRx="0" />
<p fId="1" fbTx="201.310134" lbTx="201.3101396" tId="0" fbRx="201.3101462" lbRx="0" />
<p fId="1" fbTx="201.310134" lbTx="201.3101396" tId="2" fbRx="201.3101462" lbRx="0" />
<p fId="1" fbTx="201.310134" lbTx="201.3101396" tId="2" fbRx="201.3101462" lbRx="0" />
<p fId="1" fbTx="201.3101496" lbTx="201.3101552" tId="0" fbRx="201.3101617" lbRx="0" />
<p fId="1" fbTx="201.3101496" lbTx="201.3101552" tId="2" fbRx="201.3101617" lbRx="0" />
<p fId="1" fbTx="201.3101496" lbTx="201.3101552" tId="2" fbRx="201.3101617" lbRx="0" />
<p fId="1" fbTx="201.3101631" lbTx="201.3101687" tId="0" fbRx="201.3101753" lbRx="0" />
<p fId="1" fbTx="201.3101631" lbTx="201.3101687" tId="2" fbRx="201.3101753" lbRx="0" />
<p fId="1" fbTx="201.3101631" lbTx="201.3101687" tId="2" fbRx="201.3101753" lbRx="0" />
<p fId="1" fbTx="201.3101777" lbTx="201.3101833" tId="0" fbRx="201.3101899" lbRx="0" />
<p fId="1" fbTx="201.3101777" lbTx="201.3101833" tId="2" fbRx="201.3101899" lbRx="0" />
<p fId="1" fbTx="201.3101777" lbTx="201.3101833" tId="2" fbRx="201.3101899" lbRx="0" />
<p fId="1" fbTx="201.3101903" lbTx="201.3101959" tId="0" fbRx="201.3102024" lbRx="0" />
<p fId="1" fbTx="201.3101903" lbTx="201.3101959" tId="2" fbRx="201.3102024" lbRx="0" />
<p fId="1" fbTx="201.3101903" lbTx="201.3101959" tId="2" fbRx="201.3102024" lbRx="0" />
<p fId="1" fbTx="201.3102098" lbTx="201.3102154" tId="0" fbRx="201.310222" lbRx="0" />
<p fId="1" fbTx="201.3102098" lbTx="201.3102154" tId="2" fbRx="201.310222" lbRx="0" />
<p fId="1" fbTx="201.3102098" lbTx="201.3102154" tId="2" fbRx="201.310222" lbRx="0" />
<p fId="1" fbTx="201.3102284" lbTx="201.310234" tId="0" fbRx="201.3102405" lbRx="0" />
<p fId="1" fbTx="201.3102284" lbTx="201.310234" tId="2" fbRx="201.3102405" lbRx="0" />
<p fId="1" fbTx="201.3102284" lbTx="201.310234" tId="2" fbRx="201.3102405" lbRx="0" />
<p fId="1" fbTx="201.3102429" lbTx="201.3102485" tId="0" fbRx="201.3102551" lbRx="0" />
<p fId="1" fbTx="201.3102429" lbTx="201.3102485" tId="2" fbRx="201.3102551" lbRx="0" />
<p fId="1" fbTx="201.3102429" lbTx="201.3102485" tId="2" fbRx="201.3102551" lbRx="0" />
<p fId="2" fbTx="201.3103669" lbTx="201.3104153" tId="0" fbRx="201.3104219" lbRx="0" />
<p fId="2" fbTx="201.3103669" lbTx="201.3104153" tId="1" fbRx="201.3104219" lbRx="0" />
<p fId="2" fbTx="201.3103669" lbTx="201.3104153" tId="1" fbRx="201.3104219" lbRx="0" />
<p fId="2" fbTx="201.3104313" lbTx="201.3104798" tId="0" fbRx="201.3104863" lbRx="0" />
<p fId="2" fbTx="201.3104313" lbTx="201.3104798" tId="1" fbRx="201.3104863" lbRx="0" />
<p fId="2" fbTx="201.3104313" lbTx="201.3104798" tId="1" fbRx="201.3104863" lbRx="0" />
<p fId="1" fbTx="201.3104873" lbTx="201.3104929" tId="0" fbRx="201.3104995" lbRx="0" />
<p fId="1" fbTx="201.3104873" lbTx="201.3104929" tId="2" fbRx="201.3104995" lbRx="0" />
<p fId="1" fbTx="201.3104873" lbTx="201.3104929" tId="2" fbRx="201.3104995" lbRx="0" />
<p fId="2" fbTx="201.3105107" lbTx="201.3105592" tId="0" fbRx="201.3105658" lbRx="0" />
<p fId="2" fbTx="201.3105107" lbTx="201.3105592" tId="1" fbRx="201.3105658" lbRx="0" />
<p fId="2" fbTx="201.3105107" lbTx="201.3105592" tId="1" fbRx="201.3105658" lbRx="0" />
<p fId="2" fbTx="201.3105692" lbTx="201.3106177" tId="0" fbRx="201.3106242" lbRx="0" />
<p fId="2" fbTx="201.3105692" lbTx="201.3106177" tId="1" fbRx="201.3106242" lbRx="0" />
<p fId="2" fbTx="201.3105692" lbTx="201.3106177" tId="1" fbRx="201.3106242" lbRx="0" />
<p fId="1" fbTx="201.3106252" lbTx="201.3106308" tId="0" fbRx="201.3106374" lbRx="0" />
<p fId="1" fbTx="201.3106252" lbTx="201.3106308" tId="2" fbRx="201.3106374" lbRx="0" />
<p fId="1" fbTx="201.3106252" lbTx="201.3106308" tId="2" fbRx="201.3106374" lbRx="0" />
<p fId="2" fbTx="201.3106416" lbTx="201.3106901" tId="0" fbRx="201.3106967" lbRx="0" />
<p fId="2" fbTx="201.3106416" lbTx="201.3106901" tId="1" fbRx="201.3106967" lbRx="0" />
<p fId="2" fbTx="201.3106416" lbTx="201.3106901" tId="1" fbRx="201.3106967" lbRx="0" />
<p fId="2" fbTx="201.3106971" lbTx="201.3107455" tId="0" fbRx="201.3107521" lbRx="0" />
<p fId="2" fbTx="201.3106971" lbTx="201.3107455" tId="1" fbRx="201.3107521" lbRx="0" />
<p fId="2" fbTx="201.3106971" lbTx="201.3107455" tId="1" fbRx="201.3107521" lbRx="0" />
<p fId="1" fbTx="201.3107531" lbTx="201.3107587" tId="0" fbRx="201.3107653" lbRx="0" />
<p fId="1" fbTx="201.3107531" lbTx="201.3107587" tId="2" fbRx="201.3107653" lbRx="0" />
<p fId="1" fbTx="201.3107531" lbTx="201.3107587" tId="2" fbRx="201.3107653" lbRx="0" />
<p fId="2" fbTx="201.3107755" lbTx="201.310824" tId="0" fbRx="201.3108305" lbRx="0" />
<p fId="2" fbTx="201.3107755" lbTx="201.310824" tId="1" fbRx="201.3108305" lbRx="0" />
<p fId="2" fbTx="201.3107755" lbTx="201.310824" tId="1" fbRx="201.3108305" lbRx="0" />
<p fId="2" fbTx="201.3108319" lbTx="201.3108804" tId="0" fbRx="201.310887" lbRx="0" />
<p fId="2" fbTx="201.3108319" lbTx="201.3108804" tId="1" fbRx="201.310887" lbRx="0" />
<p fId="2" fbTx="201.3108319" lbTx="201.3108804" tId="1" fbRx="201.310887" lbRx="0" />
<p fId="1" fbTx="201.310888" lbTx="201.3108936" tId="0" fbRx="201.3109001" lbRx="0" />
<p fId="1" fbTx="201.310888" lbTx="201.3108936" tId="2" fbRx="201.3109001" lbRx="0" />
<p fId="1" fbTx="201.310888" lbTx="201.3108936" tId="2" fbRx="201.3109001" lbRx="0" />
<p fId="2" fbTx="201.3109154" lbTx="201.3109639" tId="0" fbRx="201.3109704" lbRx="0" />
<p fId="2" fbTx="201.3109154" lbTx="201.3109639" tId="1" fbRx="201.3109704" lbRx="0" />
<p fId="2" fbTx="201.3109154" lbTx="201.3109639" tId="1" fbRx="201.3109704" lbRx="0" />
<p fId="2" fbTx="201.3109828" lbTx="201.3110313" tId="0" fbRx="201.3110379" lbRx="0" />
<p fId="2" fbTx="201.3109828" lbTx="201.3110313" tId="1" fbRx="201.3110379" lbRx="0" />
<p fId="2" fbTx="201.3109828" lbTx="201.3110313" tId="1" fbRx="201.3110379" lbRx="0" />
<p fId="2" fbTx="201.3110383" lbTx="201.3110867" tId="0" fbRx="201.3110933" lbRx="0" />
<p fId="2" fbTx="201.3110383" lbTx="201.3110867" tId="1" fbRx="201.3110933" lbRx="0" />
<p fId="2" fbTx="201.3110383" lbTx="201.3110867" tId="1" fbRx="201.3110933" lbRx="0" />
<p fId="2" fbTx="201.3110977" lbTx="201.3111462" tId="0" fbRx="201.3111527" lbRx="0" />
<p fId="2" fbTx="201.3110977" lbTx="201.3111462" tId="1" fbRx="201.3111527" lbRx="0" />
<p fId="2" fbTx="201.3110977" lbTx="201.3111462" tId="1" fbRx="201.3111527" lbRx="0" />
<p fId="2" fbTx="201.3111541" lbTx="201.3112026" tId="0" fbRx="201.3112092" lbRx="0" />
<p fId="2" fbTx="201.3111541" lbTx="201.3112026" tId="1" fbRx="201.3112092" lbRx="0" />
<p fId="2" fbTx="201.3111541" lbTx="201.3112026" tId="1" fbRx="201.3112092" lbRx="0" />
<p fId="2" fbTx="201.3112126" lbTx="201.3112611" tId="0" fbRx="201.3112676" lbRx="0" />
<p fId="2" fbTx="201.3112126" lbTx="201.3112611" tId="1" fbRx="201.3112676" lbRx="0" />
<p fId="2" fbTx="201.3112126" lbTx="201.3112611" tId="1" fbRx="201.3112676" lbRx="0" />
<p fId="2" fbTx="201.311268" lbTx="201.3113165" tId="0" fbRx="201.3113231" lbRx="0" />
<p fId="2" fbTx="201.311268" lbTx="201.3113165" tId="1" fbRx="201.3113231" lbRx="0" />
<p fId="2" fbTx="201.311268" lbTx="201.3113165" tId="1" fbRx="201.3113231" lbRx="0" />
<p fId="2" fbTx="201.3113265" lbTx="201.3113749" tId="0" fbRx="201.3113815" lbRx="0" />
<p fId="2" fbTx="201.3113265" lbTx="201.3113749" tId="1" fbRx="201.3113815" lbRx="0" />
<p fId="2" fbTx="201.3113265" lbTx="201.3113749" tId="1" fbRx="201.3113815" lbRx="0" />
<p fId="2" fbTx="201.3113819" lbTx="201.3114304" tId="0" fbRx="201.3114369" lbRx="0" />
<p fId="2" fbTx="201.3113819" lbTx="201.3114304" tId="1" fbRx="201.3114369" lbRx="0" />
<p fId="2" fbTx="201.3113819" lbTx="201.3114304" tId="1" fbRx="201.3114369" lbRx="0" />
<p fId="2" fbTx="201.3114383" lbTx="201.3114868" tId="0" fbRx="201.3114934" lbRx="0" />
<p fId="2" fbTx="201.3114383" lbTx="201.3114868" tId="1" fbRx="201.3114934" lbRx="0" />
<p fId="2" fbTx="201.3114383" lbTx="201.3114868" tId="1" fbRx="201.3114934" lbRx="0" />
<p fId="2" fbTx="201.3115058" lbTx="201.3115543" tId="0" fbRx="201.3115608" lbRx="0" />
<p fId="2" fbTx="201.3115058" lbTx="201.3115543" tId="1" fbRx="201.3115608" lbRx="0" />
<p fId="2" fbTx="201.3115058" lbTx="201.3115543" tId="1" fbRx="201.3115608" lbRx="0" />
<p fId="2" fbTx="201.3115622" lbTx="201.3116107" tId="0" fbRx="201.3116173" lbRx="0" />
<p fId="2" fbTx="201.3115622" lbTx="201.3116107" tId="1" fbRx="201.3116173" lbRx="0" />
<p fId="2" fbTx="201.3115622" lbTx="201.3116107" tId="1" fbRx="201.3116173" lbRx="0" />
<p fId="2" fbTx="201.3116207" lbTx="201.3116691" tId="0" fbRx="201.3116757" lbRx="0" />
<p fId="2" fbTx="201.3116207" lbTx="201.3116691" tId="1" fbRx="201.3116757" lbRx="0" />
<p fId="2" fbTx="201.3116207" lbTx="201.3116691" tId="1" fbRx="201.3116757" lbRx="0" />
<p fId="2" fbTx="201.3116761" lbTx="201.3117246" tId="0" fbRx="201.3117311" lbRx="0" />
<p fId="2" fbTx="201.3116761" lbTx="201.3117246" tId="1" fbRx="201.3117311" lbRx="0" />
<p fId="2" fbTx="201.3116761" lbTx="201.3117246" tId="1" fbRx="201.3117311" lbRx="0" />
<p fId="2" fbTx="201.3117335" lbTx="201.311782" tId="0" fbRx="201.3117886" lbRx="0" />
<p fId="2" fbTx="201.3117335" lbTx="201.311782" tId="1" fbRx="201.3117886" lbRx="0" />
<p fId="2" fbTx="201.3117335" lbTx="201.311782" tId="1" fbRx="201.3117886" lbRx="0" />
<p fId="2" fbTx="201.311795" lbTx="201.3118435" tId="0" fbRx="201.31185" lbRx="0" />
<p fId="2" fbTx="201.311795" lbTx="201.3118435" tId="1" fbRx="201.31185" lbRx="0" />
<p fId="2" fbTx="201.311795" lbTx="201.3118435" tId="1" fbRx="201.31185" lbRx="0" />
<p fId="2" fbTx="201.3118524" lbTx="201.3119009" tId="0" fbRx="201.3119075" lbRx="0" />
<p fId="2" fbTx="201.3118524" lbTx="201.3119009" tId="1" fbRx="201.3119075" lbRx="0" />
<p fId="2" fbTx="201.3118524" lbTx="201.3119009" tId="1" fbRx="201.3119075" lbRx="0" />
<p fId="2" fbTx="201.3119149" lbTx="201.3119633" tId="0" fbRx="201.3119699" lbRx="0" />
<p fId="2" fbTx="201.3119149" lbTx="201.3119633" tId="1" fbRx="201.3119699" lbRx="0" />
<p fId="2" fbTx="201.3119149" lbTx="201.3119633" tId="1" fbRx="201.3119699" lbRx="0" />
<p fId="2" fbTx="201.3119713" lbTx="201.3120198" tId="0" fbRx="201.3120263" lbRx="0" />
<p fId="2" fbTx="201.3119713" lbTx="201.3120198" tId="1" fbRx="201.3120263" lbRx="0" />
<p fId="2" fbTx="201.3119713" lbTx="201.3120198" tId="1" fbRx="201.3120263" lbRx="0" />
<p fId="2" fbTx="201.3120287" lbTx="201.3120772" tId="0" fbRx="201.3120838" lbRx="0" />
<p fId="2" fbTx="201.3120287" lbTx="201.3120772" tId="1" fbRx="201.3120838" lbRx="0" />
<p fId="2" fbTx="201.3120287" lbTx="201.3120772" tId="1" fbRx="201.3120838" lbRx="0" />
<p fId="2" fbTx="201.3120862" lbTx="201.3121347" tId="0" fbRx="201.3121412" lbRx="0" />
<p fId="2" fbTx="201.3120862" lbTx="201.3121347" tId="1" fbRx="201.3121412" lbRx="0" />
<p fId="2" fbTx="201.3120862" lbTx="201.3121347" tId="1" fbRx="201.3121412" lbRx="0" />
<p fId="2" fbTx="201.3121476" lbTx="201.3121961" tId="0" fbRx="201.3122027" lbRx="0" />
<p fId="2" fbTx="201.3121476" lbTx="201.3121961" tId="1" fbRx="201.3122027" lbRx="0" />
<p fId="2" fbTx="201.3121476" lbTx="201.3121961" tId="1" fbRx="201.3122027" lbRx="0" />
<p fId="2" fbTx="201.3122041" lbTx="201.3122525" tId="0" fbRx="201.3122591" lbRx="0" />
<p fId="2" fbTx="201.3122041" lbTx="201.3122525" tId="1" fbRx="201.3122591" lbRx="0" />
<p fId="2" fbTx="201.3122041" lbTx="201.3122525" tId="1" fbRx="201.3122591" lbRx="0" />
<p fId="2" fbTx="201.3122595" lbTx="201.312308" tId="0" fbRx="201.3123145" lbRx="0" />
<p fId="2" fbTx="201.3122595" lbTx="201.312308" tId="1" fbRx="201.3123145" lbRx="0" />
<p fId="2" fbTx="201.3122595" lbTx="201.312308" tId="1" fbRx="201.3123145" lbRx="0" />
<p fId="2" fbTx="201.3123169" lbTx="201.3123654" tId="0" fbRx="201.312372" lbRx="0" />
<p fId="2" fbTx="201.3123169" lbTx="201.3123654" tId="1" fbRx="201.312372" lbRx="0" />
<p fId="2" fbTx="201.3123169" lbTx="201.3123654" tId="1" fbRx="201.312372" lbRx="0" />
<p fId="2" fbTx="201.3123794" lbTx="201.3124279" tId="0" fbRx="201.3124344" lbRx="0" />
<p fId="2" fbTx="201.3123794" lbTx="201.3124279" tId="1" fbRx="201.3124344" lbRx="0" />
<p fId="2" fbTx="201.3123794" lbTx="201.3124279" tId="1" fbRx="201.3124344" lbRx="0" />
<p fId="2" fbTx="201.3124408" lbTx="201.3124893" tId="0" fbRx="201.3124959" lbRx="0" />
<p fId="2" fbTx="201.3124408" lbTx="201.3124893" tId="1" fbRx="201.3124959" lbRx="0" />
<p fId="2" fbTx="201.3124408" lbTx="201.3124893" tId="1" fbRx="201.3124959" lbRx="0" />
<p fId="2" fbTx="201.3124983" lbTx="201.3125467" tId="0" fbRx="201.3125533" lbRx="0" />
<p fId="2" fbTx="201.3124983" lbTx="201.3125467" tId="1" fbRx="201.3125533" lbRx="0" />
<p fId="2" fbTx="201.3124983" lbTx="201.3125467" tId="1" fbRx="201.3125533" lbRx="0" />
<p fId="2" fbTx="201.3125547" lbTx="201.3126032" tId="0" fbRx="201.3126097" lbRx="0" />
<p fId="2" fbTx="201.3125547" lbTx="201.3126032" tId="1" fbRx="201.3126097" lbRx="0" />
<p fId="2" fbTx="201.3125547" lbTx="201.3126032" tId="1" fbRx="201.3126097" lbRx="0" />
<p fId="2" fbTx="201.3126121" lbTx="201.3126606" tId="0" fbRx="201.3126672" lbRx="0" />
<p fId="2" fbTx="201.3126121" lbTx="201.3126606" tId="1" fbRx="201.3126672" lbRx="0" />
<p fId="2" fbTx="201.3126121" lbTx="201.3126606" tId="1" fbRx="201.3126672" lbRx="0" />
<p fId="2" fbTx="201.3126686" lbTx="201.3127171" tId="0" fbRx="201.3127236" lbRx="0" />
<p fId="2" fbTx="201.3126686" lbTx="201.3127171" tId="1" fbRx="201.3127236" lbRx="0" />
<p fId="2" fbTx="201.3126686" lbTx="201.3127171" tId="1" fbRx="201.3127236" lbRx="0" />
<p fId="2" fbTx="201.312725" lbTx="201.3127735" tId="0" fbRx="201.3127801" lbRx="0" />
<p fId="2" fbTx="201.312725" lbTx="201.3127735" tId="1" fbRx="201.3127801" lbRx="0" />
<p fId="2" fbTx="201.312725" lbTx="201.3127735" tId="1" fbRx="201.3127801" lbRx="0" />
<p fId="2" fbTx="201.3127825" lbTx="201.3128309" tId="0" fbRx="201.3128375" lbRx="0" />
<p fId="2" fbTx="201.3127825" lbTx="201.3128309" tId="1" fbRx="201.3128375" lbRx="0" />
<p fId="2" fbTx="201.3127825" lbTx="201.3128309" tId="1" fbRx="201.3128375" lbRx="0" />
<p fId="2" fbTx="201.3128389" lbTx="201.3128874" tId="0" fbRx="201.3128939" lbRx="0" />
<p fId="2" fbTx="201.3128389" lbTx="201.3128874" tId="1" fbRx="201.3128939" lbRx="0" />
<p fId="2" fbTx="201.3128389" lbTx="201.3128874" tId="1" fbRx="201.3128939" lbRx="0" />
<p fId="2" fbTx="201.3128953" lbTx="201.3129438" tId="0" fbRx="201.3129504" lbRx="0" />
<p fId="2" fbTx="201.3128953" lbTx="201.3129438" tId="1" fbRx="201.3129504" lbRx="0" />
<p fId="2" fbTx="201.3128953" lbTx="201.3129438" tId="1" fbRx="201.3129504" lbRx="0" />
<p fId="2" fbTx="201.3129538" lbTx="201.3130023" tId="0" fbRx="201.3130088" lbRx="0" />
<p fId="2" fbTx="201.3129538" lbTx="201.3130023" tId="1" fbRx="201.3130088" lbRx="0" />
<p fId="2" fbTx="201.3129538" lbTx="201.3130023" tId="1" fbRx="201.3130088" lbRx="0" />
<p fId="2" fbTx="201.3130152" lbTx="201.3130637" tId="0" fbRx="201.3130703" lbRx="0" />
<p fId="2" fbTx="201.3130152" lbTx="201.3130637" tId="1" fbRx="201.3130703" lbRx="0" />
<p fId="2" fbTx="201.3130152" lbTx="201.3130637" tId="1" fbRx="201.3130703" lbRx="0" />
<p fId="2" fbTx="201.3130727" lbTx="201.3131185" tId="0" fbRx="201.3131251" lbRx="0" />
<p fId="2" fbTx="201.3130727" lbTx="201.3131185" tId="1" fbRx="201.3131251" lbRx="0" />
<p fId="2" fbTx="201.3130727" lbTx="201.3131185" tId="1" fbRx="201.3131251" lbRx="0" />
<p fId="1" fbTx="201.3133509" lbTx="201.3133565" tId="0" fbRx="201.313363" lbRx="0" />
<p fId="1" fbTx="201.3133509" lbTx="201.3133565" tId="2" fbRx="201.313363" lbRx="0" />
<p fId="1" fbTx="201.3133509" lbTx="201.3133565" tId="2" fbRx="201.313363" lbRx="0" />
<p fId="1" fbTx="201.3133644" lbTx="201.31337" tId="0" fbRx="201.3133766" lbRx="0" />
<p fId="1" fbTx="201.3133644" lbTx="201.31337" tId="2" fbRx="201.3133766" lbRx="0" />
<p fId="1" fbTx="201.3133644" lbTx="201.31337" tId="2" fbRx="201.3133766" lbRx="0" />
<p fId="1" fbTx="201.313377" lbTx="201.3133826" tId="0" fbRx="201.3133891" lbRx="0" />
<p fId="1" fbTx="201.313377" lbTx="201.3133826" tId="2" fbRx="201.3133891" lbRx="0" />
<p fId="1" fbTx="201.313377" lbTx="201.3133826" tId="2" fbRx="201.3133891" lbRx="0" />
<p fId="1" fbTx="201.3133915" lbTx="201.3133971" tId="0" fbRx="201.3134037" lbRx="0" />
<p fId="1" fbTx="201.3133915" lbTx="201.3133971" tId="2" fbRx="201.3134037" lbRx="0" />
<p fId="1" fbTx="201.3133915" lbTx="201.3133971" tId="2" fbRx="201.3134037" lbRx="0" />
<p fId="1" fbTx="201.3134061" lbTx="201.3134117" tId="0" fbRx="201.3134183" lbRx="0" />
<p fId="1" fbTx="201.3134061" lbTx="201.3134117" tId="2" fbRx="201.3134183" lbRx="0" />
<p fId="1" fbTx="201.3134061" lbTx="201.3134117" tId="2" fbRx="201.3134183" lbRx="0" />
<p fId="1" fbTx="201.3134207" lbTx="201.3134263" tId="0" fbRx="201.3134328" lbRx="0" />
<p fId="1" fbTx="201.3134207" lbTx="201.3134263" tId="2" fbRx="201.3134328" lbRx="0" />
<p fId="1" fbTx="201.3134207" lbTx="201.3134263" tId="2" fbRx="201.3134328" lbRx="0" />
<p fId="1" fbTx="201.3134352" lbTx="201.3134408" tId="0" fbRx="201.3134474" lbRx="0" />
<p fId="1" fbTx="201.3134352" lbTx="201.3134408" tId="2" fbRx="201.3134474" lbRx="0" />
<p fId="1" fbTx="201.3134352" lbTx="201.3134408" tId="2" fbRx="201.3134474" lbRx="0" />
<p fId="1" fbTx="201.3134488" lbTx="201.3134544" tId="0" fbRx="201.3134609" lbRx="0" />
<p fId="1" fbTx="201.3134488" lbTx="201.3134544" tId="2" fbRx="201.3134609" lbRx="0" />
<p fId="1" fbTx="201.3134488" lbTx="201.3134544" tId="2" fbRx="201.3134609" lbRx="0" />
<p fId="1" fbTx="201.3134623" lbTx="201.3134679" tId="0" fbRx="201.3134745" lbRx="0" />
<p fId="1" fbTx="201.3134623" lbTx="201.3134679" tId="2" fbRx="201.3134745" lbRx="0" />
<p fId="1" fbTx="201.3134623" lbTx="201.3134679" tId="2" fbRx="201.3134745" lbRx="0" />
<p fId="1" fbTx="201.3134759" lbTx="201.3134815" tId="0" fbRx="201.3134881" lbRx="0" />
<p fId="1" fbTx="201.3134759" lbTx="201.3134815" tId="2" fbRx="201.3134881" lbRx="0" />
<p fId="1" fbTx="201.3134759" lbTx="201.3134815" tId="2" fbRx="201.3134881" lbRx="0" />
<p fId="1" fbTx="201.3134895" lbTx="201.3134951" tId="0" fbRx="201.3135016" lbRx="0" />
<p fId="1" fbTx="201.3134895" lbTx="201.3134951" tId="2" fbRx="201.3135016" lbRx="0" />
<p fId="1" fbTx="201.3134895" lbTx="201.3134951" tId="2" fbRx="201.3135016" lbRx="0" />
<p fId="1" fbTx="201.313503" lbTx="201.3135086" tId="0" fbRx="201.3135152" lbRx="0" />
<p fId="1" fbTx="201.313503" lbTx="201.3135086" tId="2" fbRx="201.3135152" lbRx="0" />
<p fId="1" fbTx="201.313503" lbTx="201.3135086" tId="2" fbRx="201.3135152" lbRx="0" />
<p fId="1" fbTx="201.3135196" lbTx="201.3135252" tId="0" fbRx="201.3135317" lbRx="0" />
<p fId="1" fbTx="201.3135196" lbTx="201.3135252" tId="2" fbRx="201.3135317" lbRx="0" />
<p fId="1" fbTx="201.3135196" lbTx="201.3135252" tId="2" fbRx="201.3135317" lbRx="0" />
<p fId="1" fbTx="201.3135331" lbTx="201.3135387" tId="0" fbRx="201.3135453" lbRx="0" />
<p fId="1" fbTx="201.3135331" lbTx="201.3135387" tId="2" fbRx="201.3135453" lbRx="0" />
<p fId="1" fbTx="201.3135331" lbTx="201.3135387" tId="2" fbRx="201.3135453" lbRx="0" />
<p fId="1" fbTx="201.3135457" lbTx="201.3135513" tId="0" fbRx="201.3135579" lbRx="0" />
<p fId="1" fbTx="201.3135457" lbTx="201.3135513" tId="2" fbRx="201.3135579" lbRx="0" />
<p fId="1" fbTx="201.3135457" lbTx="201.3135513" tId="2" fbRx="201.3135579" lbRx="0" />
<p fId="1" fbTx="201.3135663" lbTx="201.3135719" tId="0" fbRx="201.3135784" lbRx="0" />
<p fId="1" fbTx="201.3135663" lbTx="201.3135719" tId="2" fbRx="201.3135784" lbRx="0" />
<p fId="1" fbTx="201.3135663" lbTx="201.3135719" tId="2" fbRx="201.3135784" lbRx="0" />
<p fId="1" fbTx="201.3135818" lbTx="201.3135874" tId="0" fbRx="201.313594" lbRx="0" />
<p fId="1" fbTx="201.3135818" lbTx="201.3135874" tId="2" fbRx="201.313594" lbRx="0" />
<p fId="1" fbTx="201.3135818" lbTx="201.3135874" tId="2" fbRx="201.313594" lbRx="0" />
<p fId="1" fbTx="201.3135944" lbTx="201.3136" tId="0" fbRx="201.3136065" lbRx="0" />
<p fId="1" fbTx="201.3135944" lbTx="201.3136" tId="2" fbRx="201.3136065" lbRx="0" />
<p fId="1" fbTx="201.3135944" lbTx="201.3136" tId="2" fbRx="201.3136065" lbRx="0" />
<p fId="1" fbTx="201.3136079" lbTx="201.3136135" tId="0" fbRx="201.3136201" lbRx="0" />
<p fId="1" fbTx="201.3136079" lbTx="201.3136135" tId="2" fbRx="201.3136201" lbRx="0" />
<p fId="1" fbTx="201.3136079" lbTx="201.3136135" tId="2" fbRx="201.3136201" lbRx="0" />
<p fId="1" fbTx="201.7751375" lbTx="201.7751711" tId="0" fbRx="201.7751776" lbRx="0" />
<p fId="1" fbTx="201.7751375" lbTx="201.7751711" tId="2" fbRx="201.7751776" lbRx="0" />
<p fId="1" fbTx="201.7751375" lbTx="201.7751711" tId="2" fbRx="201.7751776" lbRx="0" />
<p fId="2" fbTx="201.7751776" lbTx="201.7752261" tId="0" fbRx="201.7752327" lbRx="0" />
<p fId="2" fbTx="201.7751776" lbTx="201.7752261" tId="1" fbRx="201.7752327" lbRx="0" />
<p fId="2" fbTx="201.7751776" lbTx="201.7752261" tId="1" fbRx="201.7752327" lbRx="0" />
<p fId="2" fbTx="201.7752391" lbTx="201.7752876" tId="0" fbRx="201.7752941" lbRx="0" />
<p fId="2" fbTx="201.7752391" lbTx="201.7752876" tId="1" fbRx="201.7752941" lbRx="0" />
<p fId="2" fbTx="201.7752391" lbTx="201.7752876" tId="1" fbRx="201.7752941" lbRx="0" />
<p fId="2" fbTx="201.7752945" lbTx="201.775343" tId="0" fbRx="201.7753496" lbRx="0" />
<p fId="2" fbTx="201.7752945" lbTx="201.775343" tId="1" fbRx="201.7753496" lbRx="0" />
<p fId="2" fbTx="201.7752945" lbTx="201.775343" tId="1" fbRx="201.7753496" lbRx="0" />
<p fId="2" fbTx="201.77535" lbTx="201.7753984" tId="0" fbRx="201.775405" lbRx="0" />
<p fId="2" fbTx="201.77535" lbTx="201.7753984" tId="1" fbRx="201.775405" lbRx="0" />
<p fId="2" fbTx="201.77535" lbTx="201.7753984" tId="1" fbRx="201.775405" lbRx="0" />
<p fId="2" fbTx="201.7754174" lbTx="201.7754659" tId="0" fbRx="201.7754724" lbRx="0" />
<p fId="2" fbTx="201.7754174" lbTx="201.7754659" tId="1" fbRx="201.7754724" lbRx="0" />
<p fId="2" fbTx="201.7754174" lbTx="201.7754659" tId="1" fbRx="201.7754724" lbRx="0" />
<p fId="2" fbTx="201.7754748" lbTx="201.7755233" tId="0" fbRx="201.7755299" lbRx="0" />
<p fId="2" fbTx="201.7754748" lbTx="201.7755233" tId="1" fbRx="201.7755299" lbRx="0" />
<p fId="2" fbTx="201.7754748" lbTx="201.7755233" tId="1" fbRx="201.7755299" lbRx="0" />
<p fId="2" fbTx="201.7755303" lbTx="201.7755788" tId="0" fbRx="201.7755853" lbRx="0" />
<p fId="2" fbTx="201.7755303" lbTx="201.7755788" tId="1" fbRx="201.7755853" lbRx="0" />
<p fId="2" fbTx="201.7755303" lbTx="201.7755788" tId="1" fbRx="201.7755853" lbRx="0" />
<p fId="2" fbTx="201.7755857" lbTx="201.7756342" tId="0" fbRx="201.7756408" lbRx="0" />
<p fId="2" fbTx="201.7755857" lbTx="201.7756342" tId="1" fbRx="201.7756408" lbRx="0" />
<p fId="2" fbTx="201.7755857" lbTx="201.7756342" tId="1" fbRx="201.7756408" lbRx="0" />
<p fId="2" fbTx="201.7756432" lbTx="201.7756916" tId="0" fbRx="201.7756982" lbRx="0" />
<p fId="2" fbTx="201.7756432" lbTx="201.7756916" tId="1" fbRx="201.7756982" lbRx="0" />
<p fId="2" fbTx="201.7756432" lbTx="201.7756916" tId="1" fbRx="201.7756982" lbRx="0" />
<p fId="2" fbTx="201.7757076" lbTx="201.7757561" tId="0" fbRx="201.7757626" lbRx="0" />
<p fId="2" fbTx="201.7757076" lbTx="201.7757561" tId="1" fbRx="201.7757626" lbRx="0" />
<p fId="2" fbTx="201.7757076" lbTx="201.7757561" tId="1" fbRx="201.7757626" lbRx="0" />
<p fId="2" fbTx="201.775765" lbTx="201.7758135" tId="0" fbRx="201.7758201" lbRx="0" />
<p fId="2" fbTx="201.775765" lbTx="201.7758135" tId="1" fbRx="201.7758201" lbRx="0" />
<p fId="2" fbTx="201.775765" lbTx="201.7758135" tId="1" fbRx="201.7758201" lbRx="0" />
<p fId="2" fbTx="201.7758215" lbTx="201.77587" tId="0" fbRx="201.7758765" lbRx="0" />
<p fId="2" fbTx="201.7758215" lbTx="201.77587" tId="1" fbRx="201.7758765" lbRx="0" />
<p fId="2" fbTx="201.7758215" lbTx="201.77587" tId="1" fbRx="201.7758765" lbRx="0" />
<p fId="2" fbTx="201.7758779" lbTx="201.7759264" tId="0" fbRx="201.775933" lbRx="0" />
<p fId="2" fbTx="201.7758779" lbTx="201.7759264" tId="1" fbRx="201.775933" lbRx="0" />
<p fId="2" fbTx="201.7758779" lbTx="201.7759264" tId="1" fbRx="201.775933" lbRx="0" />
<p fId="2" fbTx="201.7759364" lbTx="201.7759848" tId="0" fbRx="201.7759914" lbRx="0" />
<p fId="2" fbTx="201.7759364" lbTx="201.7759848" tId="1" fbRx="201.7759914" lbRx="0" />
<p fId="2" fbTx="201.7759364" lbTx="201.7759848" tId="1" fbRx="201.7759914" lbRx="0" />
<p fId="2" fbTx="201.7759928" lbTx="201.7760413" tId="0" fbRx="201.7760478" lbRx="0" />
<p fId="2" fbTx="201.7759928" lbTx="201.7760413" tId="1" fbRx="201.7760478" lbRx="0" />
<p fId="2" fbTx="201.7759928" lbTx="201.7760413" tId="1" fbRx="201.7760478" lbRx="0" />
<p fId="2" fbTx="201.7760492" lbTx="201.7760977" tId="0" fbRx="201.7761043" lbRx="0" />
<p fId="2" fbTx="201.7760492" lbTx="201.7760977" tId="1" fbRx="201.7761043" lbRx="0" />
<p fId="2" fbTx="201.7760492" lbTx="201.7760977" tId="1" fbRx="201.7761043" lbRx="0" />
<p fId="2" fbTx="201.7761057" lbTx="201.7761542" tId="0" fbRx="201.7761607" lbRx="0" />
<p fId="2" fbTx="201.7761057" lbTx="201.7761542" tId="1" fbRx="201.7761607" lbRx="0" />
<p fId="2" fbTx="201.7761057" lbTx="201.7761542" tId="1" fbRx="201.7761607" lbRx="0" />
<p fId="2" fbTx="201.7761611" lbTx="201.7762096" tId="0" fbRx="201.7762162" lbRx="0" />
<p fId="2" fbTx="201.7761611" lbTx="201.7762096" tId="1" fbRx="201.7762162" lbRx="0" />
<p fId="2" fbTx="201.7761611" lbTx="201.7762096" tId="1" fbRx="201.7762162" lbRx="0" />
<p fId="2" fbTx="201.7762186" lbTx="201.776267" tId="0" fbRx="201.7762736" lbRx="0" />
<p fId="2" fbTx="201.7762186" lbTx="201.776267" tId="1" fbRx="201.7762736" lbRx="0" />
<p fId="2" fbTx="201.7762186" lbTx="201.776267" tId="1" fbRx="201.7762736" lbRx="0" />
<p fId="2" fbTx="201.77628" lbTx="201.7763285" tId="0" fbRx="201.776335" lbRx="0" />
<p fId="2" fbTx="201.77628" lbTx="201.7763285" tId="1" fbRx="201.776335" lbRx="0" />
<p fId="2" fbTx="201.77628" lbTx="201.7763285" tId="1" fbRx="201.776335" lbRx="0" />
<p fId="2" fbTx="201.7763354" lbTx="201.7763839" tId="0" fbRx="201.7763905" lbRx="0" />
<p fId="2" fbTx="201.7763354" lbTx="201.7763839" tId="1" fbRx="201.7763905" lbRx="0" />
<p fId="2" fbTx="201.7763354" lbTx="201.7763839" tId="1" fbRx="201.7763905" lbRx="0" />
<p fId="2" fbTx="201.7763919" lbTx="201.7764404" tId="0" fbRx="201.7764469" lbRx="0" />
<p fId="2" fbTx="201.7763919" lbTx="201.7764404" tId="1" fbRx="201.7764469" lbRx="0" />
<p fId="2" fbTx="201.7763919" lbTx="201.7764404" tId="1" fbRx="201.7764469" lbRx="0" />
<p fId="2" fbTx="201.7764483" lbTx="201.7764968" tId="0" fbRx="201.7765034" lbRx="0" />
<p fId="2" fbTx="201.7764483" lbTx="201.7764968" tId="1" fbRx="201.7765034" lbRx="0" />
<p fId="2" fbTx="201.7764483" lbTx="201.7764968" tId="1" fbRx="201.7765034" lbRx="0" />
<p fId="2" fbTx="201.7765058" lbTx="201.7765542" tId="0" fbRx="201.7765608" lbRx="0" />
<p fId="2" fbTx="201.7765058" lbTx="201.7765542" tId="1" fbRx="201.7765608" lbRx="0" />
<p fId="2" fbTx="201.7765058" lbTx="201.7765542" tId="1" fbRx="201.7765608" lbRx="0" />
<p fId="2" fbTx="201.7765622" lbTx="201.7766107" tId="0" fbRx="201.7766172" lbRx="0" />
<p fId="2" fbTx="201.7765622" lbTx="201.7766107" tId="1" fbRx="201.7766172" lbRx="0" />
<p fId="2" fbTx="201.7765622" lbTx="201.7766107" tId="1" fbRx="201.7766172" lbRx="0" />
<p fId="2" fbTx="201.7766186" lbTx="201.7766671" tId="0" fbRx="201.7766737" lbRx="0" />
<p fId="2" fbTx="201.7766186" lbTx="201.7766671" tId="1" fbRx="201.7766737" lbRx="0" />
<p fId="2" fbTx="201.7766186" lbTx="201.7766671" tId="1" fbRx="201.7766737" lbRx="0" />
<p fId="2" fbTx="201.7766741" lbTx="201.7767226" tId="0" fbRx="201.7767291" lbRx="0" />
<p fId="2" fbTx="201.7766741" lbTx="201.7767226" tId="1" fbRx="201.7767291" lbRx="0" />
<p fId="2" fbTx="201.7766741" lbTx="201.7767226" tId="1" fbRx="201.7767291" lbRx="0" />
<p fId="2" fbTx="201.7767315" lbTx="201.77678" tId="0" fbRx="201.7767866" lbRx="0" />
<p fId="2" fbTx="201.7767315" lbTx="201.77678" tId="1" fbRx="201.7767866" lbRx="0" />
<p fId="2" fbTx="201.7767315" lbTx="201.77678" tId="1" fbRx="201.7767866" lbRx="0" />
<p fId="2" fbTx="201.776789" lbTx="201.7768374" tId="0" fbRx="201.776844" lbRx="0" />
<p fId="2" fbTx="201.776789" lbTx="201.7768374" tId="1" fbRx="201.776844" lbRx="0" />
<p fId="2" fbTx="201.776789" lbTx="201.7768374" tId="1" fbRx="201.776844" lbRx="0" />
<p fId="2" fbTx="201.7768444" lbTx="201.7768929" tId="0" fbRx="201.7768994" lbRx="0" />
<p fId="2" fbTx="201.7768444" lbTx="201.7768929" tId="1" fbRx="201.7768994" lbRx="0" />
<p fId="2" fbTx="201.7768444" lbTx="201.7768929" tId="1" fbRx="201.7768994" lbRx="0" />
<p fId="2" fbTx="201.7769078" lbTx="201.7769563" tId="0" fbRx="201.7769629" lbRx="0" />
<p fId="2" fbTx="201.7769078" lbTx="201.7769563" tId="1" fbRx="201.7769629" lbRx="0" />
<p fId="2" fbTx="201.7769078" lbTx="201.7769563" tId="1" fbRx="201.7769629" lbRx="0" />
<p fId="2" fbTx="201.7769723" lbTx="201.7770208" tId="0" fbRx="201.7770273" lbRx="0" />
<p fId="2" fbTx="201.7769723" lbTx="201.7770208" tId="1" fbRx="201.7770273" lbRx="0" />
<p fId="2" fbTx="201.7769723" lbTx="201.7770208" tId="1" fbRx="201.7770273" lbRx="0" />
<p fId="2" fbTx="201.7770377" lbTx="201.7770862" tId="0" fbRx="201.7770928" lbRx="0" />
<p fId="2" fbTx="201.7770377" lbTx="201.7770862" tId="1" fbRx="201.7770928" lbRx="0" />
<p fId="2" fbTx="201.7770377" lbTx="201.7770862" tId="1" fbRx="201.7770928" lbRx="0" />
<p fId="2" fbTx="201.7770972" lbTx="201.7771456" tId="0" fbRx="201.7771522" lbRx="0" />
<p fId="2" fbTx="201.7770972" lbTx="201.7771456" tId="1" fbRx="201.7771522" lbRx="0" />
<p fId="2" fbTx="201.7770972" lbTx="201.7771456" tId="1" fbRx="201.7771522" lbRx="0" />
<p fId="2" fbTx="201.7771546" lbTx="201.7772031" tId="0" fbRx="201.7772096" lbRx="0" />
<p fId="2" fbTx="201.7771546" lbTx="201.7772031" tId="1" fbRx="201.7772096" lbRx="0" />
<p fId="2" fbTx="201.7771546" lbTx="201.7772031" tId="1" fbRx="201.7772096" lbRx="0" />
<p fId="2" fbTx="201.777216" lbTx="201.7772645" tId="0" fbRx="201.7772711" lbRx="0" />
<p fId="2" fbTx="201.777216" lbTx="201.7772645" tId="1" fbRx="201.7772711" lbRx="0" />
<p fId="2" fbTx="201.777216" lbTx="201.7772645" tId="1" fbRx="201.7772711" lbRx="0" />
<p fId="2" fbTx="201.7772715" lbTx="201.77732" tId="0" fbRx="201.7773265" lbRx="0" />
<p fId="2" fbTx="201.7772715" lbTx="201.77732" tId="1" fbRx="201.7773265" lbRx="0" />
<p fId="2" fbTx="201.7772715" lbTx="201.77732" tId="1" fbRx="201.7773265" lbRx="0" />
<p fId="2" fbTx="201.7773309" lbTx="201.7773794" tId="0" fbRx="201.777386" lbRx="0" />
<p fId="2" fbTx="201.7773309" lbTx="201.7773794" tId="1" fbRx="201.777386" lbRx="0" />
<p fId="2" fbTx="201.7773309" lbTx="201.7773794" tId="1" fbRx="201.777386" lbRx="0" />
<p fId="2" fbTx="201.7773894" lbTx="201.7774378" tId="0" fbRx="201.7774444" lbRx="0" />
<p fId="2" fbTx="201.7773894" lbTx="201.7774378" tId="1" fbRx="201.7774444" lbRx="0" />
<p fId="2" fbTx="201.7773894" lbTx="201.7774378" tId="1" fbRx="201.7774444" lbRx="0" />
<p fId="2" fbTx="201.7774478" lbTx="201.7774963" tId="0" fbRx="201.7775028" lbRx="0" />
<p fId="2" fbTx="201.7774478" lbTx="201.7774963" tId="1" fbRx="201.7775028" lbRx="0" />
<p fId="2" fbTx="201.7774478" lbTx="201.7774963" tId="1" fbRx="201.7775028" lbRx="0" />
<p fId="2" fbTx="201.7775062" lbTx="201.7775547" tId="0" fbRx="201.7775613" lbRx="0" />
<p fId="2" fbTx="201.7775062" lbTx="201.7775547" tId="1" fbRx="201.7775613" lbRx="0" />
<p fId="2" fbTx="201.7775062" lbTx="201.7775547" tId="1" fbRx="201.7775613" lbRx="0" />
<p fId="2" fbTx="201.7775637" lbTx="201.7776122" tId="0" fbRx="201.7776187" lbRx="0" />
<p fId="2" fbTx="201.7775637" lbTx="201.7776122" tId="1" fbRx="201.7776187" lbRx="0" />
<p fId="2" fbTx="201.7775637" lbTx="201.7776122" tId="1" fbRx="201.7776187" lbRx="0" />
<p fId="2" fbTx="201.7776201" lbTx="201.7776686" tId="0" fbRx="201.7776752" lbRx="0" />
<p fId="2" fbTx="201.7776201" lbTx="201.7776686" tId="1" fbRx="201.7776752" lbRx="0" />
<p fId="2" fbTx="201.7776201" lbTx="201.7776686" tId="1" fbRx="201.7776752" lbRx="0" />
<p fId="2" fbTx="201.7776776" lbTx="201.777726" tId="0" fbRx="201.7777326" lbRx="0" />
<p fId="2" fbTx="201.7776776" lbTx="201.777726" tId="1" fbRx="201.7777326" lbRx="0" />
<p fId="2" fbTx="201.7776776" lbTx="201.777726" tId="1" fbRx="201.7777326" lbRx="0" />
<p fId="2" fbTx="201.777735" lbTx="201.7777835" tId="0" fbRx="201.77779" lbRx="0" />
<p fId="2" fbTx="201.777735" lbTx="201.7777835" tId="1" fbRx="201.77779" lbRx="0" />
<p fId="2" fbTx="201.777735" lbTx="201.7777835" tId="1" fbRx="201.77779" lbRx="0" />
<p fId="2" fbTx="201.7777954" lbTx="201.7778439" tId="0" fbRx="201.7778505" lbRx="0" />
<p fId="2" fbTx="201.7777954" lbTx="201.7778439" tId="1" fbRx="201.7778505" lbRx="0" />
<p fId="2" fbTx="201.7777954" lbTx="201.7778439" tId="1" fbRx="201.7778505" lbRx="0" />
<p fId="2" fbTx="201.7778509" lbTx="201.7778994" tId="0" fbRx="201.7779059" lbRx="0" />
<p fId="2" fbTx="201.7778509" lbTx="201.7778994" tId="1" fbRx="201.7779059" lbRx="0" />
<p fId="2" fbTx="201.7778509" lbTx="201.7778994" tId="1" fbRx="201.7779059" lbRx="0" />
<p fId="2" fbTx="201.7779093" lbTx="201.7779578" tId="0" fbRx="201.7779644" lbRx="0" />
<p fId="2" fbTx="201.7779093" lbTx="201.7779578" tId="1" fbRx="201.7779644" lbRx="0" />
<p fId="2" fbTx="201.7779093" lbTx="201.7779578" tId="1" fbRx="201.7779644" lbRx="0" />
<p fId="2" fbTx="201.7779648" lbTx="201.7780132" tId="0" fbRx="201.7780198" lbRx="0" />
<p fId="2" fbTx="201.7779648" lbTx="201.7780132" tId="1" fbRx="201.7780198" lbRx="0" />
<p fId="2" fbTx="201.7779648" lbTx="201.7780132" tId="1" fbRx="201.7780198" lbRx="0" />
<p fId="2" fbTx="201.7780212" lbTx="201.7780697" tId="0" fbRx="201.7780762" lbRx="0" />
<p fId="2" fbTx="201.7780212" lbTx="201.7780697" tId="1" fbRx="201.7780762" lbRx="0" />
<p fId="2" fbTx="201.7780212" lbTx="201.7780697" tId="1" fbRx="201.7780762" lbRx="0" />
<p fId="2" fbTx="201.7780896" lbTx="201.7781381" tId="0" fbRx="201.7781447" lbRx="0" />
<p fId="2" fbTx="201.7780896" lbTx="201.7781381" tId="1" fbRx="201.7781447" lbRx="0" />
<p fId="2" fbTx="201.7780896" lbTx="201.7781381" tId="1" fbRx="201.7781447" lbRx="0" />
<p fId="2" fbTx="201.7781531" lbTx="201.7782016" tId="0" fbRx="201.7782081" lbRx="0" />
<p fId="2" fbTx="201.7781531" lbTx="201.7782016" tId="1" fbRx="201.7782081" lbRx="0" />
<p fId="2" fbTx="201.7781531" lbTx="201.7782016" tId="1" fbRx="201.7782081" lbRx="0" />
<p fId="2" fbTx="201.7782135" lbTx="201.778262" tId="0" fbRx="201.7782686" lbRx="0" />
<p fId="2" fbTx="201.7782135" lbTx="201.778262" tId="1" fbRx="201.7782686" lbRx="0" />
<p fId="2" fbTx="201.7782135" lbTx="201.778262" tId="1" fbRx="201.7782686" lbRx="0" />
<p fId="2" fbTx="201.778269" lbTx="201.7783174" tId="0" fbRx="201.778324" lbRx="0" />
<p fId="2" fbTx="201.778269" lbTx="201.7783174" tId="1" fbRx="201.778324" lbRx="0" />
<p fId="2" fbTx="201.778269" lbTx="201.7783174" tId="1" fbRx="201.778324" lbRx="0" />
<p fId="2" fbTx="201.7783254" lbTx="201.7783739" tId="0" fbRx="201.7783804" lbRx="0" />
<p fId="2" fbTx="201.7783254" lbTx="201.7783739" tId="1" fbRx="201.7783804" lbRx="0" />
<p fId="2" fbTx="201.7783254" lbTx="201.7783739" tId="1" fbRx="201.7783804" lbRx="0" />
<p fId="2" fbTx="201.7783928" lbTx="201.7784413" tId="0" fbRx="201.7784479" lbRx="0" />
<p fId="2" fbTx="201.7783928" lbTx="201.7784413" tId="1" fbRx="201.7784479" lbRx="0" />
<p fId="2" fbTx="201.7783928" lbTx="201.7784413" tId="1" fbRx="201.7784479" lbRx="0" />
<p fId="2" fbTx="201.7784483" lbTx="201.7784968" tId="0" fbRx="201.7785033" lbRx="0" />
<p fId="2" fbTx="201.7784483" lbTx="201.7784968" tId="1" fbRx="201.7785033" lbRx="0" />
<p fId="2" fbTx="201.7784483" lbTx="201.7784968" tId="1" fbRx="201.7785033" lbRx="0" />
<p fId="2" fbTx="201.7785037" lbTx="201.7785522" tId="0" fbRx="201.7785588" lbRx="0" />
<p fId="2" fbTx="201.7785037" lbTx="201.7785522" tId="1" fbRx="201.7785588" lbRx="0" />
<p fId="2" fbTx="201.7785037" lbTx="201.7785522" tId="1" fbRx="201.7785588" lbRx="0" />
<p fId="2" fbTx="201.7785592" lbTx="201.7786076" tId="0" fbRx="201.7786142" lbRx="0" />
<p fId="2" fbTx="201.7785592" lbTx="201.7786076" tId="1" fbRx="201.7786142" lbRx="0" />
<p fId="2" fbTx="201.7785592" lbTx="201.7786076" tId="1" fbRx="201.7786142" lbRx="0" />
<p fId="2" fbTx="201.7786146" lbTx="201.7786631" tId="0" fbRx="201.7786696" lbRx="0" />
<p fId="2" fbTx="201.7786146" lbTx="201.7786631" tId="1" fbRx="201.7786696" lbRx="0" />
<p fId="2" fbTx="201.7786146" lbTx="201.7786631" tId="1" fbRx="201.7786696" lbRx="0" />
<p fId="2" fbTx="201.778673" lbTx="201.7787215" tId="0" fbRx="201.7787281" lbRx="0" />
<p fId="2" fbTx="201.778673" lbTx="201.7787215" tId="1" fbRx="201.7787281" lbRx="0" />
<p fId="2" fbTx="201.778673" lbTx="201.7787215" tId="1" fbRx="201.7787281" lbRx="0" />
<p fId="2" fbTx="201.7787285" lbTx="201.778777" tId="0" fbRx="201.7787835" lbRx="0" />
<p fId="2" fbTx="201.7787285" lbTx="201.778777" tId="1" fbRx="201.7787835" lbRx="0" />
<p fId="2" fbTx="201.7787285" lbTx="201.778777" tId="1" fbRx="201.7787835" lbRx="0" />
<p fId="2" fbTx="201.7787929" lbTx="201.7788414" tId="0" fbRx="201.778848" lbRx="0" />
<p fId="2" fbTx="201.7787929" lbTx="201.7788414" tId="1" fbRx="201.778848" lbRx="0" />
<p fId="2" fbTx="201.7787929" lbTx="201.7788414" tId="1" fbRx="201.778848" lbRx="0" />
<p fId="2" fbTx="201.7788494" lbTx="201.7788978" tId="0" fbRx="201.7789044" lbRx="0" />
<p fId="2" fbTx="201.7788494" lbTx="201.7788978" tId="1" fbRx="201.7789044" lbRx="0" />
<p fId="2" fbTx="201.7788494" lbTx="201.7788978" tId="1" fbRx="201.7789044" lbRx="0" />
<p fId="2" fbTx="201.7789078" lbTx="201.7789563" tId="0" fbRx="201.7789628" lbRx="0" />
<p fId="2" fbTx="201.7789078" lbTx="201.7789563" tId="1" fbRx="201.7789628" lbRx="0" />
<p fId="2" fbTx="201.7789078" lbTx="201.7789563" tId="1" fbRx="201.7789628" lbRx="0" />
<p fId="2" fbTx="201.7789632" lbTx="201.7790117" tId="0" fbRx="201.7790183" lbRx="0" />
<p fId="2" fbTx="201.7789632" lbTx="201.7790117" tId="1" fbRx="201.7790183" lbRx="0" />
<p fId="2" fbTx="201.7789632" lbTx="201.7790117" tId="1" fbRx="201.7790183" lbRx="0" />
<p fId="2" fbTx="201.7790257" lbTx="201.7790742" tId="0" fbRx="201.7790807" lbRx="0" />
<p fId="2" fbTx="201.7790257" lbTx="201.7790742" tId="1" fbRx="201.7790807" lbRx="0" />
<p fId="2" fbTx="201.7790257" lbTx="201.7790742" tId="1" fbRx="201.7790807" lbRx="0" />
<p fId="2" fbTx="201.7790821" lbTx="201.7791306" tId="0" fbRx="201.7791372" lbRx="0" />
<p fId="2" fbTx="201.7790821" lbTx="201.7791306" tId="1" fbRx="201.7791372" lbRx="0" />
<p fId="2" fbTx="201.7790821" lbTx="201.7791306" tId="1" fbRx="201.7791372" lbRx="0" />
<p fId="2" fbTx="201.7791496" lbTx="201.779198" tId="0" fbRx="201.7792046" lbRx="0" />
<p fId="2" fbTx="201.7791496" lbTx="201.779198" tId="1" fbRx="201.7792046" lbRx="0" />
<p fId="2" fbTx="201.7791496" lbTx="201.779198" tId="1" fbRx="201.7792046" lbRx="0" />
<p fId="2" fbTx="201.779205" lbTx="201.7792535" tId="0" fbRx="201.77926" lbRx="0" />
<p fId="2" fbTx="201.779205" lbTx="201.7792535" tId="1" fbRx="201.77926" lbRx="0" />
<p fId="2" fbTx="201.779205" lbTx="201.7792535" tId="1" fbRx="201.77926" lbRx="0" />
<p fId="2" fbTx="201.7792614" lbTx="201.7793099" tId="0" fbRx="201.7793165" lbRx="0" />
<p fId="2" fbTx="201.7792614" lbTx="201.7793099" tId="1" fbRx="201.7793165" lbRx="0" />
<p fId="2" fbTx="201.7792614" lbTx="201.7793099" tId="1" fbRx="201.7793165" lbRx="0" />
<p fId="2" fbTx="201.7793179" lbTx="201.7793664" tId="0" fbRx="201.7793729" lbRx="0" />
<p fId="2" fbTx="201.7793179" lbTx="201.7793664" tId="1" fbRx="201.7793729" lbRx="0" />
<p fId="2" fbTx="201.7793179" lbTx="201.7793664" tId="1" fbRx="201.7793729" lbRx="0" />
<p fId="2" fbTx="201.7793763" lbTx="201.7794248" tId="0" fbRx="201.7794314" lbRx="0" />
<p fId="2" fbTx="201.7793763" lbTx="201.7794248" tId="1" fbRx="201.7794314" lbRx="0" />
<p fId="2" fbTx="201.7793763" lbTx="201.7794248" tId="1" fbRx="201.7794314" lbRx="0" />
<p fId="2" fbTx="201.7794328" lbTx="201.7794812" tId="0" fbRx="201.7794878" lbRx="0" />
<p fId="2" fbTx="201.7794328" lbTx="201.7794812" tId="1" fbRx="201.7794878" lbRx="0" />
<p fId="2" fbTx="201.7794328" lbTx="201.7794812" tId="1" fbRx="201.7794878" lbRx="0" />
<p fId="2" fbTx="201.7794942" lbTx="201.7795427" tId="0" fbRx="201.7795492" lbRx="0" />
<p fId="2" fbTx="201.7794942" lbTx="201.7795427" tId="1" fbRx="201.7795492" lbRx="0" />
<p fId="2" fbTx="201.7794942" lbTx="201.7795427" tId="1" fbRx="201.7795492" lbRx="0" />
<p fId="2" fbTx="201.7795506" lbTx="201.7795991" tId="0" fbRx="201.7796057" lbRx="0" />
<p fId="2" fbTx="201.7795506" lbTx="201.7795991" tId="1" fbRx="201.7796057" lbRx="0" />
<p fId="2" fbTx="201.7795506" lbTx="201.7795991" tId="1" fbRx="201.7796057" lbRx="0" />
<p fId="2" fbTx="201.7796161" lbTx="201.7796646" tId="0" fbRx="201.7796711" lbRx="0" />
<p fId="2" fbTx="201.7796161" lbTx="201.7796646" tId="1" fbRx="201.7796711" lbRx="0" />
<p fId="2" fbTx="201.7796161" lbTx="201.7796646" tId="1" fbRx="201.7796711" lbRx="0" />
<p fId="2" fbTx="201.7796795" lbTx="201.779728" tId="0" fbRx="201.7797346" lbRx="0" />
<p fId="2" fbTx="201.7796795" lbTx="201.779728" tId="1" fbRx="201.7797346" lbRx="0" />
<p fId="2" fbTx="201.7796795" lbTx="201.779728" tId="1" fbRx="201.7797346" lbRx="0" />
<p fId="2" fbTx="201.779737" lbTx="201.7797854" tId="0" fbRx="201.779792" lbRx="0" />
<p fId="2" fbTx="201.779737" lbTx="201.7797854" tId="1" fbRx="201.779792" lbRx="0" />
<p fId="2" fbTx="201.779737" lbTx="201.7797854" tId="1" fbRx="201.779792" lbRx="0" />
<p fId="2" fbTx="201.7797924" lbTx="201.7798409" tId="0" fbRx="201.7798474" lbRx="0" />
<p fId="2" fbTx="201.7797924" lbTx="201.7798409" tId="1" fbRx="201.7798474" lbRx="0" />
<p fId="2" fbTx="201.7797924" lbTx="201.7798409" tId="1" fbRx="201.7798474" lbRx="0" />
<p fId="2" fbTx="201.7798588" lbTx="201.7799073" tId="0" fbRx="201.7799139" lbRx="0" />
<p fId="2" fbTx="201.7798588" lbTx="201.7799073" tId="1" fbRx="201.7799139" lbRx="0" />
<p fId="2" fbTx="201.7798588" lbTx="201.7799073" tId="1" fbRx="201.7799139" lbRx="0" />
<p fId="2" fbTx="201.7799153" lbTx="201.7799638" tId="0" fbRx="201.7799703" lbRx="0" />
<p fId="2" fbTx="201.7799153" lbTx="201.7799638" tId="1" fbRx="201.7799703" lbRx="0" />
<p fId="2" fbTx="201.7799153" lbTx="201.7799638" tId="1" fbRx="201.7799703" lbRx="0" />
<p fId="2" fbTx="201.7799737" lbTx="201.7800222" tId="0" fbRx="201.7800288" lbRx="0" />
<p fId="2" fbTx="201.7799737" lbTx="201.7800222" tId="1" fbRx="201.7800288" lbRx="0" />
<p fId="2" fbTx="201.7799737" lbTx="201.7800222" tId="1" fbRx="201.7800288" lbRx="0" />
<p fId="2" fbTx="201.7800322" lbTx="201.7800806" tId="0" fbRx="201.7800872" lbRx="0" />
<p fId="2" fbTx="201.7800322" lbTx="201.7800806" tId="1" fbRx="201.7800872" lbRx="0" />
<p fId="2" fbTx="201.7800322" lbTx="201.7800806" tId="1" fbRx="201.7800872" lbRx="0" />
<p fId="2" fbTx="201.7800926" lbTx="201.7801411" tId="0" fbRx="201.7801476" lbRx="0" />
<p fId="2" fbTx="201.7800926" lbTx="201.7801411" tId="1" fbRx="201.7801476" lbRx="0" />
<p fId="2" fbTx="201.7800926" lbTx="201.7801411" tId="1" fbRx="201.7801476" lbRx="0" />
<p fId="2" fbTx="201.780149" lbTx="201.7801975" tId="0" fbRx="201.7802041" lbRx="0" />
<p fId="2" fbTx="201.780149" lbTx="201.7801975" tId="1" fbRx="201.7802041" lbRx="0" />
<p fId="2" fbTx="201.780149" lbTx="201.7801975" tId="1" fbRx="201.7802041" lbRx="0" />
<p fId="2" fbTx="201.7802045" lbTx="201.780253" tId="0" fbRx="201.7802595" lbRx="0" />
<p fId="2" fbTx="201.7802045" lbTx="201.780253" tId="1" fbRx="201.7802595" lbRx="0" />
<p fId="2" fbTx="201.7802045" lbTx="201.780253" tId="1" fbRx="201.7802595" lbRx="0" />
<p fId="2" fbTx="201.7802609" lbTx="201.7803094" tId="0" fbRx="201.780316" lbRx="0" />
<p fId="2" fbTx="201.7802609" lbTx="201.7803094" tId="1" fbRx="201.780316" lbRx="0" />
<p fId="2" fbTx="201.7802609" lbTx="201.7803094" tId="1" fbRx="201.780316" lbRx="0" />
<p fId="2" fbTx="201.7803284" lbTx="201.7803768" tId="0" fbRx="201.7803834" lbRx="0" />
<p fId="2" fbTx="201.7803284" lbTx="201.7803768" tId="1" fbRx="201.7803834" lbRx="0" />
<p fId="2" fbTx="201.7803284" lbTx="201.7803768" tId="1" fbRx="201.7803834" lbRx="0" />
<p fId="2" fbTx="201.7803838" lbTx="201.7804323" tId="0" fbRx="201.7804388" lbRx="0" />
<p fId="2" fbTx="201.7803838" lbTx="201.7804323" tId="1" fbRx="201.7804388" lbRx="0" />
<p fId="2" fbTx="201.7803838" lbTx="201.7804323" tId="1" fbRx="201.7804388" lbRx="0" />
<p fId="2" fbTx="201.7804412" lbTx="201.7804897" tId="0" fbRx="201.7804963" lbRx="0" />
<p fId="2" fbTx="201.7804412" lbTx="201.7804897" tId="1" fbRx="201.7804963" lbRx="0" />
<p fId="2" fbTx="201.7804412" lbTx="201.7804897" tId="1" fbRx="201.7804963" lbRx="0" />
<p fId="2" fbTx="201.7804997" lbTx="201.7805482" tId="0" fbRx="201.7805547" lbRx="0" />
<p fId="2" fbTx="201.7804997" lbTx="201.7805482" tId="1" fbRx="201.7805547" lbRx="0" />
<p fId="2" fbTx="201.7804997" lbTx="201.7805482" tId="1" fbRx="201.7805547" lbRx="0" />
<p fId="2" fbTx="201.7805551" lbTx="201.7806036" tId="0" fbRx="201.7806102" lbRx="0" />
<p fId="2" fbTx="201.7805551" lbTx="201.7806036" tId="1" fbRx="201.7806102" lbRx="0" />
<p fId="2" fbTx="201.7805551" lbTx="201.7806036" tId="1" fbRx="201.7806102" lbRx="0" />
<p fId="2" fbTx="201.7806156" lbTx="201.780664" tId="0" fbRx="201.7806706" lbRx="0" />
<p fId="2" fbTx="201.7806156" lbTx="201.780664" tId="1" fbRx="201.7806706" lbRx="0" />
<p fId="2" fbTx="201.7806156" lbTx="201.780664" tId="1" fbRx="201.7806706" lbRx="0" />
<p fId="2" fbTx="201.780673" lbTx="201.7807215" tId="0" fbRx="201.780728" lbRx="0" />
<p fId="2" fbTx="201.780673" lbTx="201.7807215" tId="1" fbRx="201.780728" lbRx="0" />
<p fId="2" fbTx="201.780673" lbTx="201.7807215" tId="1" fbRx="201.780728" lbRx="0" />
<p fId="2" fbTx="201.7807294" lbTx="201.7807779" tId="0" fbRx="201.7807845" lbRx="0" />
<p fId="2" fbTx="201.7807294" lbTx="201.7807779" tId="1" fbRx="201.7807845" lbRx="0" />
<p fId="2" fbTx="201.7807294" lbTx="201.7807779" tId="1" fbRx="201.7807845" lbRx="0" />
<p fId="2" fbTx="201.7807869" lbTx="201.7808354" tId="0" fbRx="201.7808419" lbRx="0" />
<p fId="2" fbTx="201.7807869" lbTx="201.7808354" tId="1" fbRx="201.7808419" lbRx="0" />
<p fId="2" fbTx="201.7807869" lbTx="201.7808354" tId="1" fbRx="201.7808419" lbRx="0" />
<p fId="2" fbTx="201.7808443" lbTx="201.7808928" tId="0" fbRx="201.7808994" lbRx="0" />
<p fId="2" fbTx="201.7808443" lbTx="201.7808928" tId="1" fbRx="201.7808994" lbRx="0" />
<p fId="2" fbTx="201.7808443" lbTx="201.7808928" tId="1" fbRx="201.7808994" lbRx="0" />
<p fId="2" fbTx="201.7809018" lbTx="201.7809502" tId="0" fbRx="201.7809568" lbRx="0" />
<p fId="2" fbTx="201.7809018" lbTx="201.7809502" tId="1" fbRx="201.7809568" lbRx="0" />
<p fId="2" fbTx="201.7809018" lbTx="201.7809502" tId="1" fbRx="201.7809568" lbRx="0" />
<p fId="2" fbTx="201.7809652" lbTx="201.7810137" tId="0" fbRx="201.7810202" lbRx="0" />
<p fId="2" fbTx="201.7809652" lbTx="201.7810137" tId="1" fbRx="201.7810202" lbRx="0" />
<p fId="2" fbTx="201.7809652" lbTx="201.7810137" tId="1" fbRx="201.7810202" lbRx="0" />
<p fId="2" fbTx="201.7810206" lbTx="201.7810691" tId="0" fbRx="201.7810757" lbRx="0" />
<p fId="2" fbTx="201.7810206" lbTx="201.7810691" tId="1" fbRx="201.7810757" lbRx="0" />
<p fId="2" fbTx="201.7810206" lbTx="201.7810691" tId="1" fbRx="201.7810757" lbRx="0" />
<p fId="2" fbTx="201.7810841" lbTx="201.7811326" tId="0" fbRx="201.7811391" lbRx="0" />
<p fId="2" fbTx="201.7810841" lbTx="201.7811326" tId="1" fbRx="201.7811391" lbRx="0" />
<p fId="2" fbTx="201.7810841" lbTx="201.7811326" tId="1" fbRx="201.7811391" lbRx="0" />
<p fId="2" fbTx="201.7811415" lbTx="201.78119" tId="0" fbRx="201.7811966" lbRx="0" />
<p fId="2" fbTx="201.7811415" lbTx="201.78119" tId="1" fbRx="201.7811966" lbRx="0" />
<p fId="2" fbTx="201.7811415" lbTx="201.78119" tId="1" fbRx="201.7811966" lbRx="0" />
<p fId="2" fbTx="201.781202" lbTx="201.7812504" tId="0" fbRx="201.781257" lbRx="0" />
<p fId="2" fbTx="201.781202" lbTx="201.7812504" tId="1" fbRx="201.781257" lbRx="0" />
<p fId="2" fbTx="201.781202" lbTx="201.7812504" tId="1" fbRx="201.781257" lbRx="0" />
<p fId="2" fbTx="201.7812594" lbTx="201.7813079" tId="0" fbRx="201.7813144" lbRx="0" />
<p fId="2" fbTx="201.7812594" lbTx="201.7813079" tId="1" fbRx="201.7813144" lbRx="0" />
<p fId="2" fbTx="201.7812594" lbTx="201.7813079" tId="1" fbRx="201.7813144" lbRx="0" />
<p fId="2" fbTx="201.7813178" lbTx="201.7813663" tId="0" fbRx="201.7813729" lbRx="0" />
<p fId="2" fbTx="201.7813178" lbTx="201.7813663" tId="1" fbRx="201.7813729" lbRx="0" />
<p fId="2" fbTx="201.7813178" lbTx="201.7813663" tId="1" fbRx="201.7813729" lbRx="0" />
<p fId="2" fbTx="201.7813733" lbTx="201.7814218" tId="0" fbRx="201.7814283" lbRx="0" />
<p fId="2" fbTx="201.7813733" lbTx="201.7814218" tId="1" fbRx="201.7814283" lbRx="0" />
<p fId="2" fbTx="201.7813733" lbTx="201.7814218" tId="1" fbRx="201.7814283" lbRx="0" />
<p fId="2" fbTx="201.7814397" lbTx="201.7814882" tId="0" fbRx="201.7814948" lbRx="0" />
<p fId="2" fbTx="201.7814397" lbTx="201.7814882" tId="1" fbRx="201.7814948" lbRx="0" />
<p fId="2" fbTx="201.7814397" lbTx="201.7814882" tId="1" fbRx="201.7814948" lbRx="0" />
<p fId="2" fbTx="201.7814972" lbTx="201.7815456" tId="0" fbRx="201.7815522" lbRx="0" />
<p fId="2" fbTx="201.7814972" lbTx="201.7815456" tId="1" fbRx="201.7815522" lbRx="0" />
<p fId="2" fbTx="201.7814972" lbTx="201.7815456" tId="1" fbRx="201.7815522" lbRx="0" />
<p fId="2" fbTx="201.7815546" lbTx="201.7816031" tId="0" fbRx="201.7816096" lbRx="0" />
<p fId="2" fbTx="201.7815546" lbTx="201.7816031" tId="1" fbRx="201.7816096" lbRx="0" />
<p fId="2" fbTx="201.7815546" lbTx="201.7816031" tId="1" fbRx="201.7816096" lbRx="0" />
<p fId="2" fbTx="201.78161" lbTx="201.7816585" tId="0" fbRx="201.7816651" lbRx="0" />
<p fId="2" fbTx="201.78161" lbTx="201.7816585" tId="1" fbRx="201.7816651" lbRx="0" />
<p fId="2" fbTx="201.78161" lbTx="201.7816585" tId="1" fbRx="201.7816651" lbRx="0" />
<p fId="2" fbTx="201.7816755" lbTx="201.781724" tId="0" fbRx="201.7817305" lbRx="0" />
<p fId="2" fbTx="201.7816755" lbTx="201.781724" tId="1" fbRx="201.7817305" lbRx="0" />
<p fId="2" fbTx="201.7816755" lbTx="201.781724" tId="1" fbRx="201.7817305" lbRx="0" />
<p fId="2" fbTx="201.7817429" lbTx="201.7817914" tId="0" fbRx="201.781798" lbRx="0" />
<p fId="2" fbTx="201.7817429" lbTx="201.7817914" tId="1" fbRx="201.781798" lbRx="0" />
<p fId="2" fbTx="201.7817429" lbTx="201.7817914" tId="1" fbRx="201.781798" lbRx="0" />
<p fId="2" fbTx="201.7818054" lbTx="201.7818538" tId="0" fbRx="201.7818604" lbRx="0" />
<p fId="2" fbTx="201.7818054" lbTx="201.7818538" tId="1" fbRx="201.7818604" lbRx="0" />
<p fId="2" fbTx="201.7818054" lbTx="201.7818538" tId="1" fbRx="201.7818604" lbRx="0" />
<p fId="2" fbTx="201.7818688" lbTx="201.7819173" tId="0" fbRx="201.7819238" lbRx="0" />
<p fId="2" fbTx="201.7818688" lbTx="201.7819173" tId="1" fbRx="201.7819238" lbRx="0" />
<p fId="2" fbTx="201.7818688" lbTx="201.7819173" tId="1" fbRx="201.7819238" lbRx="0" />
<p fId="2" fbTx="201.7819262" lbTx="201.7819747" tId="0" fbRx="201.7819813" lbRx="0" />
<p fId="2" fbTx="201.7819262" lbTx="201.7819747" tId="1" fbRx="201.7819813" lbRx="0" />
<p fId="2" fbTx="201.7819262" lbTx="201.7819747" tId="1" fbRx="201.7819813" lbRx="0" />
<p fId="2" fbTx="201.7819857" lbTx="201.7820342" tId="0" fbRx="201.7820407" lbRx="0" />
<p fId="2" fbTx="201.7819857" lbTx="201.7820342" tId="1" fbRx="201.7820407" lbRx="0" />
<p fId="2" fbTx="201.7819857" lbTx="201.7820342" tId="1" fbRx="201.7820407" lbRx="0" />
<p fId="2" fbTx="201.7820411" lbTx="201.7820896" tId="0" fbRx="201.7820962" lbRx="0" />
<p fId="2" fbTx="201.7820411" lbTx="201.7820896" tId="1" fbRx="201.7820962" lbRx="0" />
<p fId="2" fbTx="201.7820411" lbTx="201.7820896" tId="1" fbRx="201.7820962" lbRx="0" />
<p fId="2" fbTx="201.7820976" lbTx="201.782146" tId="0" fbRx="201.7821526" lbRx="0" />
<p fId="2" fbTx="201.7820976" lbTx="201.782146" tId="1" fbRx="201.7821526" lbRx="0" />
<p fId="2" fbTx="201.7820976" lbTx="201.782146" tId="1" fbRx="201.7821526" lbRx="0" />
<p fId="2" fbTx="201.782159" lbTx="201.7822075" tId="0" fbRx="201.782214" lbRx="0" />
<p fId="2" fbTx="201.782159" lbTx="201.7822075" tId="1" fbRx="201.782214" lbRx="0" />
<p fId="2" fbTx="201.782159" lbTx="201.7822075" tId="1" fbRx="201.782214" lbRx="0" />
<p fId="2" fbTx="201.7822264" lbTx="201.7822749" tId="0" fbRx="201.7822815" lbRx="0" />
<p fId="2" fbTx="201.7822264" lbTx="201.7822749" tId="1" fbRx="201.7822815" lbRx="0" />
<p fId="2" fbTx="201.7822264" lbTx="201.7822749" tId="1" fbRx="201.7822815" lbRx="0" />
<p fId="2" fbTx="201.7822839" lbTx="201.7823324" tId="0" fbRx="201.7823389" lbRx="0" />
<p fId="2" fbTx="201.7822839" lbTx="201.7823324" tId="1" fbRx="201.7823389" lbRx="0" />
<p fId="2" fbTx="201.7822839" lbTx="201.7823324" tId="1" fbRx="201.7823389" lbRx="0" />
<p fId="2" fbTx="201.7823403" lbTx="201.7823888" tId="0" fbRx="201.7823954" lbRx="0" />
<p fId="2" fbTx="201.7823403" lbTx="201.7823888" tId="1" fbRx="201.7823954" lbRx="0" />
<p fId="2" fbTx="201.7823403" lbTx="201.7823888" tId="1" fbRx="201.7823954" lbRx="0" />
<p fId="2" fbTx="201.7823968" lbTx="201.7824452" tId="0" fbRx="201.7824518" lbRx="0" />
<p fId="2" fbTx="201.7823968" lbTx="201.7824452" tId="1" fbRx="201.7824518" lbRx="0" />
<p fId="2" fbTx="201.7823968" lbTx="201.7824452" tId="1" fbRx="201.7824518" lbRx="0" />
<p fId="2" fbTx="201.7824632" lbTx="201.7825117" tId="0" fbRx="201.7825182" lbRx="0" />
<p fId="2" fbTx="201.7824632" lbTx="201.7825117" tId="1" fbRx="201.7825182" lbRx="0" />
<p fId="2" fbTx="201.7824632" lbTx="201.7825117" tId="1" fbRx="201.7825182" lbRx="0" />
<p fId="2" fbTx="201.7825206" lbTx="201.7825691" tId="0" fbRx="201.7825757" lbRx="0" />
<p fId="2" fbTx="201.7825206" lbTx="201.7825691" tId="1" fbRx="201.7825757" lbRx="0" />
<p fId="2" fbTx="201.7825206" lbTx="201.7825691" tId="1" fbRx="201.7825757" lbRx="0" />
<p fId="2" fbTx="201.7825831" lbTx="201.7826316" tId="0" fbRx="201.7826381" lbRx="0" />
<p fId="2" fbTx="201.7825831" lbTx="201.7826316" tId="1" fbRx="201.7826381" lbRx="0" />
<p fId="2" fbTx="201.7825831" lbTx="201.7826316" tId="1" fbRx="201.7826381" lbRx="0" />
<p fId="2" fbTx="201.7826405" lbTx="201.782689" tId="0" fbRx="201.7826956" lbRx="0" />
<p fId="2" fbTx="201.7826405" lbTx="201.782689" tId="1" fbRx="201.7826956" lbRx="0" />
<p fId="2" fbTx="201.7826405" lbTx="201.782689" tId="1" fbRx="201.7826956" lbRx="0" />
<p fId="2" fbTx="201.782701" lbTx="201.7827185" tId="0" fbRx="201.782725" lbRx="0" />
<p fId="2" fbTx="201.782701" lbTx="201.7827185" tId="1" fbRx="201.782725" lbRx="0" />
<p fId="2" fbTx="201.782701" lbTx="201.7827185" tId="1" fbRx="201.782725" lbRx="0" />
<p fId="1" fbTx="201.7829781" lbTx="201.7829837" tId="0" fbRx="201.7829903" lbRx="0" />
<p fId="1" fbTx="201.7829781" lbTx="201.7829837" tId="2" fbRx="201.7829903" lbRx="0" />
<p fId="1" fbTx="201.7829781" lbTx="201.7829837" tId="2" fbRx="201.7829903" lbRx="0" />
<p fId="1" fbTx="201.7829917" lbTx="201.7829973" tId="0" fbRx="201.7830038" lbRx="0" />
<p fId="1" fbTx="201.7829917" lbTx="201.7829973" tId="2" fbRx="201.7830038" lbRx="0" />
<p fId="1" fbTx="201.7829917" lbTx="201.7829973" tId="2" fbRx="201.7830038" lbRx="0" />
<p fId="1" fbTx="201.7830042" lbTx="201.7830098" tId="0" fbRx="201.7830164" lbRx="0" />
<p fId="1" fbTx="201.7830042" lbTx="201.7830098" tId="2" fbRx="201.7830164" lbRx="0" />
<p fId="1" fbTx="201.7830042" lbTx="201.7830098" tId="2" fbRx="201.7830164" lbRx="0" />
<p fId="1" fbTx="201.7830188" lbTx="201.7830244" tId="0" fbRx="201.783031" lbRx="0" />
<p fId="1" fbTx="201.7830188" lbTx="201.7830244" tId="2" fbRx="201.783031" lbRx="0" />
<p fId="1" fbTx="201.7830188" lbTx="201.7830244" tId="2" fbRx="201.783031" lbRx="0" />
<p fId="1" fbTx="201.7830334" lbTx="201.783039" tId="0" fbRx="201.7830455" lbRx="0" />
<p fId="1" fbTx="201.7830334" lbTx="201.783039" tId="2" fbRx="201.7830455" lbRx="0" />
<p fId="1" fbTx="201.7830334" lbTx="201.783039" tId="2" fbRx="201.7830455" lbRx="0" />
<p fId="1" fbTx="201.7830549" lbTx="201.7830605" tId="0" fbRx="201.7830671" lbRx="0" />
<p fId="1" fbTx="201.7830549" lbTx="201.7830605" tId="2" fbRx="201.7830671" lbRx="0" />
<p fId="1" fbTx="201.7830549" lbTx="201.7830605" tId="2" fbRx="201.7830671" lbRx="0" />
<p fId="1" fbTx="201.7830685" lbTx="201.7830741" tId="0" fbRx="201.7830806" lbRx="0" />
<p fId="1" fbTx="201.7830685" lbTx="201.7830741" tId="2" fbRx="201.7830806" lbRx="0" />
<p fId="1" fbTx="201.7830685" lbTx="201.7830741" tId="2" fbRx="201.7830806" lbRx="0" />
<p fId="1" fbTx="201.783081" lbTx="201.7830866" tId="0" fbRx="201.7830932" lbRx="0" />
<p fId="1" fbTx="201.783081" lbTx="201.7830866" tId="2" fbRx="201.7830932" lbRx="0" />
<p fId="1" fbTx="201.783081" lbTx="201.7830866" tId="2" fbRx="201.7830932" lbRx="0" />
<p fId="1" fbTx="201.7830936" lbTx="201.7830992" tId="0" fbRx="201.7831058" lbRx="0" />
<p fId="1" fbTx="201.7830936" lbTx="201.7830992" tId="2" fbRx="201.7831058" lbRx="0" />
<p fId="1" fbTx="201.7830936" lbTx="201.7830992" tId="2" fbRx="201.7831058" lbRx="0" />
<p fId="1" fbTx="201.7831062" lbTx="201.7831118" tId="0" fbRx="201.7831183" lbRx="0" />
<p fId="1" fbTx="201.7831062" lbTx="201.7831118" tId="2" fbRx="201.7831183" lbRx="0" />
<p fId="1" fbTx="201.7831062" lbTx="201.7831118" tId="2" fbRx="201.7831183" lbRx="0" />
<p fId="1" fbTx="201.7831197" lbTx="201.7831253" tId="0" fbRx="201.7831319" lbRx="0" />
<p fId="1" fbTx="201.7831197" lbTx="201.7831253" tId="2" fbRx="201.7831319" lbRx="0" />
<p fId="1" fbTx="201.7831197" lbTx="201.7831253" tId="2" fbRx="201.7831319" lbRx="0" />
<p fId="1" fbTx="201.7831323" lbTx="201.7831379" tId="0" fbRx="201.7831444" lbRx="0" />
<p fId="1" fbTx="201.7831323" lbTx="201.7831379" tId="2" fbRx="201.7831444" lbRx="0" />
<p fId="1" fbTx="201.7831323" lbTx="201.7831379" tId="2" fbRx="201.7831444" lbRx="0" />
<p fId="1" fbTx="201.7831468" lbTx="201.7831524" tId="0" fbRx="201.783159" lbRx="0" />
<p fId="1" fbTx="201.7831468" lbTx="201.7831524" tId="2" fbRx="201.783159" lbRx="0" />
<p fId="1" fbTx="201.7831468" lbTx="201.7831524" tId="2" fbRx="201.783159" lbRx="0" />
<p fId="1" fbTx="201.7831604" lbTx="201.783166" tId="0" fbRx="201.7831726" lbRx="0" />
<p fId="1" fbTx="201.7831604" lbTx="201.783166" tId="2" fbRx="201.7831726" lbRx="0" />
<p fId="1" fbTx="201.7831604" lbTx="201.783166" tId="2" fbRx="201.7831726" lbRx="0" />
<p fId="1" fbTx="201.783174" lbTx="201.7831796" tId="0" fbRx="201.7831861" lbRx="0" />
<p fId="1" fbTx="201.783174" lbTx="201.7831796" tId="2" fbRx="201.7831861" lbRx="0" />
<p fId="1" fbTx="201.783174" lbTx="201.7831796" tId="2" fbRx="201.7831861" lbRx="0" />
<p fId="1" fbTx="201.7831875" lbTx="201.7831931" tId="0" fbRx="201.7831997" lbRx="0" />
<p fId="1" fbTx="201.7831875" lbTx="201.7831931" tId="2" fbRx="201.7831997" lbRx="0" />
<p fId="1" fbTx="201.7831875" lbTx="201.7831931" tId="2" fbRx="201.7831997" lbRx="0" />
<p fId="1" fbTx="201.7832031" lbTx="201.7832087" tId="0" fbRx="201.7832152" lbRx="0" />
<p fId="1" fbTx="201.7832031" lbTx="201.7832087" tId="2" fbRx="201.7832152" lbRx="0" />
<p fId="1" fbTx="201.7832031" lbTx="201.7832087" tId="2" fbRx="201.7832152" lbRx="0" />
<p fId="1" fbTx="201.7832166" lbTx="201.7832222" tId="0" fbRx="201.7832288" lbRx="0" />
<p fId="1" fbTx="201.7832166" lbTx="201.7832222" tId="2" fbRx="201.7832288" lbRx="0" />
<p fId="1" fbTx="201.7832166" lbTx="201.7832222" tId="2" fbRx="201.7832288" lbRx="0" />
<p fId="1" fbTx="201.7832302" lbTx="201.7832358" tId="0" fbRx="201.7832424" lbRx="0" />
<p fId="1" fbTx="201.7832302" lbTx="201.7832358" tId="2" fbRx="201.7832424" lbRx="0" />
<p fId="1" fbTx="201.7832302" lbTx="201.7832358" tId="2" fbRx="201.7832424" lbRx="0" />
<p fId="1" fbTx="201.7832448" lbTx="201.7832504" tId="0" fbRx="201.7832569" lbRx="0" />
<p fId="1" fbTx="201.7832448" lbTx="201.7832504" tId="2" fbRx="201.7832569" lbRx="0" />
<p fId="1" fbTx="201.7832448" lbTx="201.7832504" tId="2" fbRx="201.7832569" lbRx="0" />
<p fId="1" fbTx="201.7832683" lbTx="201.7832739" tId="0" fbRx="201.7832805" lbRx="0" />
<p fId="1" fbTx="201.7832683" lbTx="201.7832739" tId="2" fbRx="201.7832805" lbRx="0" />
<p fId="1" fbTx="201.7832683" lbTx="201.7832739" tId="2" fbRx="201.7832805" lbRx="0" />
<p fId="1" fbTx="201.7832819" lbTx="201.7832875" tId="0" fbRx="201.783294" lbRx="0" />
<p fId="1" fbTx="201.7832819" lbTx="201.7832875" tId="2" fbRx="201.783294" lbRx="0" />
<p fId="1" fbTx="201.7832819" lbTx="201.7832875" tId="2" fbRx="201.783294" lbRx="0" />
<p fId="1" fbTx="201.7833054" lbTx="201.783311" tId="0" fbRx="201.7833176" lbRx="0" />
<p fId="1" fbTx="201.7833054" lbTx="201.783311" tId="2" fbRx="201.7833176" lbRx="0" />
<p fId="1" fbTx="201.7833054" lbTx="201.783311" tId="2" fbRx="201.7833176" lbRx="0" />
<p fId="1" fbTx="201.783319" lbTx="201.7833246" tId="0" fbRx="201.7833312" lbRx="0" />
<p fId="1" fbTx="201.783319" lbTx="201.7833246" tId="2" fbRx="201.7833312" lbRx="0" />
<p fId="1" fbTx="201.783319" lbTx="201.7833246" tId="2" fbRx="201.7833312" lbRx="0" />
<p fId="1" fbTx="201.7833316" lbTx="201.7833372" tId="0" fbRx="201.7833437" lbRx="0" />
<p fId="1" fbTx="201.7833316" lbTx="201.7833372" tId="2" fbRx="201.7833437" lbRx="0" />
<p fId="1" fbTx="201.7833316" lbTx="201.7833372" tId="2" fbRx="201.7833437" lbRx="0" />
<p fId="1" fbTx="201.7833441" lbTx="201.7833497" tId="0" fbRx="201.7833563" lbRx="0" />
<p fId="1" fbTx="201.7833441" lbTx="201.7833497" tId="2" fbRx="201.7833563" lbRx="0" />
<p fId="1" fbTx="201.7833441" lbTx="201.7833497" tId="2" fbRx="201.7833563" lbRx="0" />
<p fId="1" fbTx="201.7833597" lbTx="201.7833653" tId="0" fbRx="201.7833718" lbRx="0" />
<p fId="1" fbTx="201.7833597" lbTx="201.7833653" tId="2" fbRx="201.7833718" lbRx="0" />
<p fId="1" fbTx="201.7833597" lbTx="201.7833653" tId="2" fbRx="201.7833718" lbRx="0" />
<p fId="1" fbTx="201.7833722" lbTx="201.7833778" tId="0" fbRx="201.7833844" lbRx="0" />
<p fId="1" fbTx="201.7833722" lbTx="201.7833778" tId="2" fbRx="201.7833844" lbRx="0" />
<p fId="1" fbTx="201.7833722" lbTx="201.7833778" tId="2" fbRx="201.7833844" lbRx="0" />
<p fId="1" fbTx="201.7833918" lbTx="201.7833974" tId="0" fbRx="201.783404" lbRx="0" />
<p fId="1" fbTx="201.7833918" lbTx="201.7833974" tId="2" fbRx="201.783404" lbRx="0" />
<p fId="1" fbTx="201.7833918" lbTx="201.7833974" tId="2" fbRx="201.783404" lbRx="0" />
<p fId="1" fbTx="201.7834054" lbTx="201.783411" tId="0" fbRx="201.7834175" lbRx="0" />
<p fId="1" fbTx="201.7834054" lbTx="201.783411" tId="2" fbRx="201.7834175" lbRx="0" />
<p fId="1" fbTx="201.7834054" lbTx="201.783411" tId="2" fbRx="201.7834175" lbRx="0" />
<p fId="1" fbTx="201.7834189" lbTx="201.7834245" tId="0" fbRx="201.7834311" lbRx="0" />
<p fId="1" fbTx="201.7834189" lbTx="201.7834245" tId="2" fbRx="201.7834311" lbRx="0" />
<p fId="1" fbTx="201.7834189" lbTx="201.7834245" tId="2" fbRx="201.7834311" lbRx="0" />
<p fId="1" fbTx="201.7834335" lbTx="201.7834391" tId="0" fbRx="201.7834456" lbRx="0" />
<p fId="1" fbTx="201.7834335" lbTx="201.7834391" tId="2" fbRx="201.7834456" lbRx="0" />
<p fId="1" fbTx="201.7834335" lbTx="201.7834391" tId="2" fbRx="201.7834456" lbRx="0" />
<p fId="1" fbTx="201.783447" lbTx="201.7834526" tId="0" fbRx="201.7834592" lbRx="0" />
<p fId="1" fbTx="201.783447" lbTx="201.7834526" tId="2" fbRx="201.7834592" lbRx="0" />
<p fId="1" fbTx="201.783447" lbTx="201.7834526" tId="2" fbRx="201.7834592" lbRx="0" />
<p fId="1" fbTx="201.7834626" lbTx="201.7834682" tId="0" fbRx="201.7834748" lbRx="0" />
<p fId="1" fbTx="201.7834626" lbTx="201.7834682" tId="2" fbRx="201.7834748" lbRx="0" />
<p fId="1" fbTx="201.7834626" lbTx="201.7834682" tId="2" fbRx="201.7834748" lbRx="0" />
<p fId="1" fbTx="201.7834762" lbTx="201.7834818" tId="0" fbRx="201.7834883" lbRx="0" />
<p fId="1" fbTx="201.7834762" lbTx="201.7834818" tId="2" fbRx="201.7834883" lbRx="0" />
<p fId="1" fbTx="201.7834762" lbTx="201.7834818" tId="2" fbRx="201.7834883" lbRx="0" />
<p fId="1" fbTx="201.7834907" lbTx="201.7834963" tId="0" fbRx="201.7835029" lbRx="0" />
<p fId="1" fbTx="201.7834907" lbTx="201.7834963" tId="2" fbRx="201.7835029" lbRx="0" />
<p fId="1" fbTx="201.7834907" lbTx="201.7834963" tId="2" fbRx="201.7835029" lbRx="0" />
<p fId="1" fbTx="201.7835053" lbTx="201.7835109" tId="0" fbRx="201.7835174" lbRx="0" />
<p fId="1" fbTx="201.7835053" lbTx="201.7835109" tId="2" fbRx="201.7835174" lbRx="0" />
<p fId="1" fbTx="201.7835053" lbTx="201.7835109" tId="2" fbRx="201.7835174" lbRx="0" />
<p fId="1" fbTx="201.7835188" lbTx="201.7835244" tId="0" fbRx="201.783531" lbRx="0" />
<p fId="1" fbTx="201.7835188" lbTx="201.7835244" tId="2" fbRx="201.783531" lbRx="0" />
<p fId="1" fbTx="201.7835188" lbTx="201.7835244" tId="2" fbRx="201.783531" lbRx="0" />
<p fId="1" fbTx="201.7835334" lbTx="201.783539" tId="0" fbRx="201.7835456" lbRx="0" />
<p fId="1" fbTx="201.7835334" lbTx="201.783539" tId="2" fbRx="201.7835456" lbRx="0" />
<p fId="1" fbTx="201.7835334" lbTx="201.783539" tId="2" fbRx="201.7835456" lbRx="0" />
<p fId="1" fbTx="201.783548" lbTx="201.7835536" tId="0" fbRx="201.7835601" lbRx="0" />
<p fId="1" fbTx="201.783548" lbTx="201.7835536" tId="2" fbRx="201.7835601" lbRx="0" />
<p fId="1" fbTx="201.783548" lbTx="201.7835536" tId="2" fbRx="201.7835601" lbRx="0" />
<p fId="1" fbTx="201.7835605" lbTx="201.7835661" tId="0" fbRx="201.7835727" lbRx="0" />
<p fId="1" fbTx="201.7835605" lbTx="201.7835661" tId="2" fbRx="201.7835727" lbRx="0" />
<p fId="1" fbTx="201.7835605" lbTx="201.7835661" tId="2" fbRx="201.7835727" lbRx="0" />
<p fId="1" fbTx="201.7835851" lbTx="201.7835907" tId="0" fbRx="201.7835972" lbRx="0" />
<p fId="1" fbTx="201.7835851" lbTx="201.7835907" tId="2" fbRx="201.7835972" lbRx="0" />
<p fId="1" fbTx="201.7835851" lbTx="201.7835907" tId="2" fbRx="201.7835972" lbRx="0" />
<p fId="1" fbTx="201.7836026" lbTx="201.7836082" tId="0" fbRx="201.7836148" lbRx="0" />
<p fId="1" fbTx="201.7836026" lbTx="201.7836082" tId="2" fbRx="201.7836148" lbRx="0" />
<p fId="1" fbTx="201.7836026" lbTx="201.7836082" tId="2" fbRx="201.7836148" lbRx="0" />
<p fId="1" fbTx="201.7836182" lbTx="201.7836238" tId="0" fbRx="201.7836304" lbRx="0" />
<p fId="1" fbTx="201.7836182" lbTx="201.7836238" tId="2" fbRx="201.7836304" lbRx="0" />
<p fId="1" fbTx="201.7836182" lbTx="201.7836238" tId="2" fbRx="201.7836304" lbRx="0" />
<p fId="1" fbTx="201.7836318" lbTx="201.7836374" tId="0" fbRx="201.7836439" lbRx="0" />
<p fId="1" fbTx="201.7836318" lbTx="201.7836374" tId="2" fbRx="201.7836439" lbRx="0" />
<p fId="1" fbTx="201.7836318" lbTx="201.7836374" tId="2" fbRx="201.7836439" lbRx="0" />
<p fId="1" fbTx="201.7836503" lbTx="201.7836559" tId="0" fbRx="201.7836625" lbRx="0" />
<p fId="1" fbTx="201.7836503" lbTx="201.7836559" tId="2" fbRx="201.7836625" lbRx="0" />
<p fId="1" fbTx="201.7836503" lbTx="201.7836559" tId="2" fbRx="201.7836625" lbRx="0" />
<p fId="1" fbTx="201.7836639" lbTx="201.7836695" tId="0" fbRx="201.783676" lbRx="0" />
<p fId="1" fbTx="201.7836639" lbTx="201.7836695" tId="2" fbRx="201.783676" lbRx="0" />
<p fId="1" fbTx="201.7836639" lbTx="201.7836695" tId="2" fbRx="201.783676" lbRx="0" />
<p fId="1" fbTx="201.7836794" lbTx="201.783685" tId="0" fbRx="201.7836916" lbRx="0" />
<p fId="1" fbTx="201.7836794" lbTx="201.783685" tId="2" fbRx="201.7836916" lbRx="0" />
<p fId="1" fbTx="201.7836794" lbTx="201.783685" tId="2" fbRx="201.7836916" lbRx="0" />
<p fId="1" fbTx="201.783695" lbTx="201.7837006" tId="0" fbRx="201.7837072" lbRx="0" />
<p fId="1" fbTx="201.783695" lbTx="201.7837006" tId="2" fbRx="201.7837072" lbRx="0" />
<p fId="1" fbTx="201.783695" lbTx="201.7837006" tId="2" fbRx="201.7837072" lbRx="0" />
<p fId="1" fbTx="201.7837176" lbTx="201.7837232" tId="0" fbRx="201.7837297" lbRx="0" />
<p fId="1" fbTx="201.7837176" lbTx="201.7837232" tId="2" fbRx="201.7837297" lbRx="0" />
<p fId="1" fbTx="201.7837176" lbTx="201.7837232" tId="2" fbRx="201.7837297" lbRx="0" />
<p fId="1" fbTx="201.7837311" lbTx="201.7837367" tId="0" fbRx="201.7837433" lbRx="0" />
<p fId="1" fbTx="201.7837311" lbTx="201.7837367" tId="2" fbRx="201.7837433" lbRx="0" />
<p fId="1" fbTx="201.7837311" lbTx="201.7837367" tId="2" fbRx="201.7837433" lbRx="0" />
<p fId="1" fbTx="201.7837457" lbTx="201.7837513" tId="0" fbRx="201.7837578" lbRx="0" />
<p fId="1" fbTx="201.7837457" lbTx="201.7837513" tId="2" fbRx="201.7837578" lbRx="0" />
<p fId="1" fbTx="201.7837457" lbTx="201.7837513" tId="2" fbRx="201.7837578" lbRx="0" />
<p fId="1" fbTx="201.7837602" lbTx="201.7837658" tId="0" fbRx="201.7837724" lbRx="0" />
<p fId="1" fbTx="201.7837602" lbTx="201.7837658" tId="2" fbRx="201.7837724" lbRx="0" />
<p fId="1" fbTx="201.7837602" lbTx="201.7837658" tId="2" fbRx="201.7837724" lbRx="0" />
<p fId="1" fbTx="201.7837758" lbTx="201.7837814" tId="0" fbRx="201.783788" lbRx="0" />
<p fId="1" fbTx="201.7837758" lbTx="201.7837814" tId="2" fbRx="201.783788" lbRx="0" />
<p fId="1" fbTx="201.7837758" lbTx="201.7837814" tId="2" fbRx="201.783788" lbRx="0" />
<p fId="1" fbTx="201.7837914" lbTx="201.783797" tId="0" fbRx="201.7838035" lbRx="0" />
<p fId="1" fbTx="201.7837914" lbTx="201.783797" tId="2" fbRx="201.7838035" lbRx="0" />
<p fId="1" fbTx="201.7837914" lbTx="201.783797" tId="2" fbRx="201.7838035" lbRx="0" />
<p fId="1" fbTx="201.7838189" lbTx="201.7838245" tId="0" fbRx="201.7838311" lbRx="0" />
<p fId="1" fbTx="201.7838189" lbTx="201.7838245" tId="2" fbRx="201.7838311" lbRx="0" />
<p fId="1" fbTx="201.7838189" lbTx="201.7838245" tId="2" fbRx="201.7838311" lbRx="0" />
<p fId="1" fbTx="201.7838395" lbTx="201.7838451" tId="0" fbRx="201.7838516" lbRx="0" />
<p fId="1" fbTx="201.7838395" lbTx="201.7838451" tId="2" fbRx="201.7838516" lbRx="0" />
<p fId="1" fbTx="201.7838395" lbTx="201.7838451" tId="2" fbRx="201.7838516" lbRx="0" />
<p fId="1" fbTx="201.783854" lbTx="201.7838596" tId="0" fbRx="201.7838662" lbRx="0" />
<p fId="1" fbTx="201.783854" lbTx="201.7838596" tId="2" fbRx="201.7838662" lbRx="0" />
<p fId="1" fbTx="201.783854" lbTx="201.7838596" tId="2" fbRx="201.7838662" lbRx="0" />
<p fId="1" fbTx="201.7838686" lbTx="201.7838742" tId="0" fbRx="201.7838808" lbRx="0" />
<p fId="1" fbTx="201.7838686" lbTx="201.7838742" tId="2" fbRx="201.7838808" lbRx="0" />
<p fId="1" fbTx="201.7838686" lbTx="201.7838742" tId="2" fbRx="201.7838808" lbRx="0" />
<p fId="1" fbTx="201.7838832" lbTx="201.7838888" tId="0" fbRx="201.7838953" lbRx="0" />
<p fId="1" fbTx="201.7838832" lbTx="201.7838888" tId="2" fbRx="201.7838953" lbRx="0" />
<p fId="1" fbTx="201.7838832" lbTx="201.7838888" tId="2" fbRx="201.7838953" lbRx="0" />
<p fId="1" fbTx="201.7838987" lbTx="201.7839043" tId="0" fbRx="201.7839109" lbRx="0" />
<p fId="1" fbTx="201.7838987" lbTx="201.7839043" tId="2" fbRx="201.7839109" lbRx="0" />
<p fId="1" fbTx="201.7838987" lbTx="201.7839043" tId="2" fbRx="201.7839109" lbRx="0" />
<p fId="1" fbTx="201.7839113" lbTx="201.7839169" tId="0" fbRx="201.7839234" lbRx="0" />
<p fId="1" fbTx="201.7839113" lbTx="201.7839169" tId="2" fbRx="201.7839234" lbRx="0" />
<p fId="1" fbTx="201.7839113" lbTx="201.7839169" tId="2" fbRx="201.7839234" lbRx="0" />
<p fId="1" fbTx="201.7839238" lbTx="201.7839294" tId="0" fbRx="201.783936" lbRx="0" />
<p fId="1" fbTx="201.7839238" lbTx="201.7839294" tId="2" fbRx="201.783936" lbRx="0" />
<p fId="1" fbTx="201.7839238" lbTx="201.7839294" tId="2" fbRx="201.783936" lbRx="0" />
<p fId="1" fbTx="201.7839384" lbTx="201.783944" tId="0" fbRx="201.7839506" lbRx="0" />
<p fId="1" fbTx="201.7839384" lbTx="201.783944" tId="2" fbRx="201.7839506" lbRx="0" />
<p fId="1" fbTx="201.7839384" lbTx="201.783944" tId="2" fbRx="201.7839506" lbRx="0" />
<p fId="1" fbTx="201.7934802" lbTx="201.7935138" tId="0" fbRx="201.7935204" lbRx="0" />
<p fId="1" fbTx="201.7934802" lbTx="201.7935138" tId="2" fbRx="201.7935204" lbRx="0" />
<p fId="1" fbTx="201.7934802" lbTx="201.7935138" tId="2" fbRx="201.7935204" lbRx="0" />
<p fId="2" fbTx="201.7935204" lbTx="201.7935689" tId="0" fbRx="201.7935754" lbRx="0" />
<p fId="2" fbTx="201.7935204" lbTx="201.7935689" tId="1" fbRx="201.7935754" lbRx="0" />
<p fId="2" fbTx="201.7935204" lbTx="201.7935689" tId="1" fbRx="201.7935754" lbRx="0" />
<p fId="2" fbTx="201.7935838" lbTx="201.7936323" tId="0" fbRx="201.7936389" lbRx="0" />
<p fId="2" fbTx="201.7935838" lbTx="201.7936323" tId="1" fbRx="201.7936389" lbRx="0" />
<p fId="2" fbTx="201.7935838" lbTx="201.7936323" tId="1" fbRx="201.7936389" lbRx="0" />
<p fId="1" fbTx="201.7936399" lbTx="201.7936455" tId="0" fbRx="201.793652" lbRx="0" />
<p fId="1" fbTx="201.7936399" lbTx="201.7936455" tId="2" fbRx="201.793652" lbRx="0" />
<p fId="1" fbTx="201.7936399" lbTx="201.7936455" tId="2" fbRx="201.793652" lbRx="0" />
<p fId="2" fbTx="201.7936543" lbTx="201.7936963" tId="0" fbRx="201.7937028" lbRx="0" />
<p fId="2" fbTx="201.7936543" lbTx="201.7936963" tId="1" fbRx="201.7937028" lbRx="0" />
<p fId="2" fbTx="201.7936543" lbTx="201.7936963" tId="1" fbRx="201.7937028" lbRx="0" />
<p fId="1" fbTx="201.9937028" lbTx="201.9937084" tId="0" fbRx="201.993715" lbRx="0" />
<p fId="1" fbTx="201.9937028" lbTx="201.9937084" tId="2" fbRx="201.993715" lbRx="0" />
<p fId="1" fbTx="201.9937028" lbTx="201.9937084" tId="2" fbRx="201.993715" lbRx="0" />
<p fId="0" fbTx="233.9238681" lbTx="233.9239017" tId="1" fbRx="233.9239082" lbRx="0" />
<p fId="0" fbTx="233.9238681" lbTx="233.9239017" tId="2" fbRx="233.9239082" lbRx="0" />
<p fId="0" fbTx="233.9238681" lbTx="233.9239017" tId="2" fbRx="233.9239082" lbRx="0" />
<p fId="2" fbTx="233.9239082" lbTx="233.9239567" tId="0" fbRx="233.9239633" lbRx="0" />
<p fId="2" fbTx="233.9239082" lbTx="233.9239567" tId="0" fbRx="233.9239633" lbRx="0" />
<p fId="2" fbTx="233.9239082" lbTx="233.9239567" tId="1" fbRx="233.9239633" lbRx="0" />
<p fId="2" fbTx="233.9239637" lbTx="233.9240122" tId="0" fbRx="233.9240187" lbRx="0" />
<p fId="2" fbTx="233.9239637" lbTx="233.9240122" tId="0" fbRx="233.9240187" lbRx="0" />
<p fId="2" fbTx="233.9239637" lbTx="233.9240122" tId="1" fbRx="233.9240187" lbRx="0" />
<p fId="0" fbTx="233.9240197" lbTx="233.9240253" tId="1" fbRx="233.9240319" lbRx="0" />
<p fId="0" fbTx="233.9240197" lbTx="233.9240253" tId="2" fbRx="233.9240319" lbRx="0" />
<p fId="0" fbTx="233.9240197" lbTx="233.9240253" tId="2" fbRx="233.9240319" lbRx="0" />
<p fId="2" fbTx="233.9240411" lbTx="233.9240896" tId="0" fbRx="233.9240962" lbRx="0" />
<p fId="2" fbTx="233.9240411" lbTx="233.9240896" tId="0" fbRx="233.9240962" lbRx="0" />
<p fId="2" fbTx="233.9240411" lbTx="233.9240896" tId="1" fbRx="233.9240962" lbRx="0" />
<p fId="2" fbTx="233.9240966" lbTx="233.924145" tId="0" fbRx="233.9241516" lbRx="0" />
<p fId="2" fbTx="233.9240966" lbTx="233.924145" tId="0" fbRx="233.9241516" lbRx="0" />
<p fId="2" fbTx="233.9240966" lbTx="233.924145" tId="1" fbRx="233.9241516" lbRx="0" />
<p fId="0" fbTx="233.9241526" lbTx="233.9241582" tId="1" fbRx="233.9241648" lbRx="0" />
<p fId="0" fbTx="233.9241526" lbTx="233.9241582" tId="2" fbRx="233.9241648" lbRx="0" />
<p fId="0" fbTx="233.9241526" lbTx="233.9241582" tId="2" fbRx="233.9241648" lbRx="0" />
<p fId="2" fbTx="233.924168" lbTx="233.9242165" tId="0" fbRx="233.924223" lbRx="0" />
<p fId="2" fbTx="233.924168" lbTx="233.9242165" tId="0" fbRx="233.924223" lbRx="0" />
<p fId="2" fbTx="233.924168" lbTx="233.9242165" tId="1" fbRx="233.924223" lbRx="0" />
<p fId="2" fbTx="233.9242244" lbTx="233.9242729" tId="0" fbRx="233.9242795" lbRx="0" />
<p fId="2" fbTx="233.9242244" lbTx="233.9242729" tId="0" fbRx="233.9242795" lbRx="0" />
<p fId="2" fbTx="233.9242244" lbTx="233.9242729" tId="1" fbRx="233.9242795" lbRx="0" />
<p fId="0" fbTx="233.9242805" lbTx="233.9242861" tId="1" fbRx="233.9242926" lbRx="0" />
<p fId="0" fbTx="233.9242805" lbTx="233.9242861" tId="2" fbRx="233.9242926" lbRx="0" />
<p fId="0" fbTx="233.9242805" lbTx="233.9242861" tId="2" fbRx="233.9242926" lbRx="0" />
<p fId="2" fbTx="233.9243019" lbTx="233.9243504" tId="0" fbRx="233.9243569" lbRx="0" />
<p fId="2" fbTx="233.9243019" lbTx="233.9243504" tId="0" fbRx="233.9243569" lbRx="0" />
<p fId="2" fbTx="233.9243019" lbTx="233.9243504" tId="1" fbRx="233.9243569" lbRx="0" />
<p fId="2" fbTx="233.9243573" lbTx="233.9244058" tId="0" fbRx="233.9244124" lbRx="0" />
<p fId="2" fbTx="233.9243573" lbTx="233.9244058" tId="0" fbRx="233.9244124" lbRx="0" />
<p fId="2" fbTx="233.9243573" lbTx="233.9244058" tId="1" fbRx="233.9244124" lbRx="0" />
<p fId="0" fbTx="233.9244134" lbTx="233.924419" tId="1" fbRx="233.9244255" lbRx="0" />
<p fId="0" fbTx="233.9244134" lbTx="233.924419" tId="2" fbRx="233.9244255" lbRx="0" />
<p fId="0" fbTx="233.9244134" lbTx="233.924419" tId="2" fbRx="233.9244255" lbRx="0" />
<p fId="2" fbTx="233.9244468" lbTx="233.9244952" tId="0" fbRx="233.9245018" lbRx="0" />
<p fId="2" fbTx="233.9244468" lbTx="233.9244952" tId="0" fbRx="233.9245018" lbRx="0" />
<p fId="2" fbTx="233.9244468" lbTx="233.9244952" tId="1" fbRx="233.9245018" lbRx="0" />
<p fId="2" fbTx="233.9245092" lbTx="233.9245577" tId="0" fbRx="233.9245642" lbRx="0" />
<p fId="2" fbTx="233.9245092" lbTx="233.9245577" tId="0" fbRx="233.9245642" lbRx="0" />
<p fId="2" fbTx="233.9245092" lbTx="233.9245577" tId="1" fbRx="233.9245642" lbRx="0" />
<p fId="0" fbTx="233.9245652" lbTx="233.9245708" tId="1" fbRx="233.9245774" lbRx="0" />
<p fId="0" fbTx="233.9245652" lbTx="233.9245708" tId="2" fbRx="233.9245774" lbRx="0" />
<p fId="0" fbTx="233.9245652" lbTx="233.9245708" tId="2" fbRx="233.9245774" lbRx="0" />
<p fId="2" fbTx="233.9245866" lbTx="233.9246351" tId="0" fbRx="233.9246417" lbRx="0" />
<p fId="2" fbTx="233.9245866" lbTx="233.9246351" tId="0" fbRx="233.9246417" lbRx="0" />
<p fId="2" fbTx="233.9245866" lbTx="233.9246351" tId="1" fbRx="233.9246417" lbRx="0" />
<p fId="2" fbTx="233.9246431" lbTx="233.9246916" tId="0" fbRx="233.9246981" lbRx="0" />
<p fId="2" fbTx="233.9246431" lbTx="233.9246916" tId="0" fbRx="233.9246981" lbRx="0" />
<p fId="2" fbTx="233.9246431" lbTx="233.9246916" tId="1" fbRx="233.9246981" lbRx="0" />
<p fId="0" fbTx="233.9246991" lbTx="233.9247047" tId="1" fbRx="233.9247113" lbRx="0" />
<p fId="0" fbTx="233.9246991" lbTx="233.9247047" tId="2" fbRx="233.9247113" lbRx="0" />
<p fId="0" fbTx="233.9246991" lbTx="233.9247047" tId="2" fbRx="233.9247113" lbRx="0" />
<p fId="2" fbTx="233.9247345" lbTx="233.924783" tId="0" fbRx="233.9247896" lbRx="0" />
<p fId="2" fbTx="233.9247345" lbTx="233.924783" tId="0" fbRx="233.9247896" lbRx="0" />
<p fId="2" fbTx="233.9247345" lbTx="233.924783" tId="1" fbRx="233.9247896" lbRx="0" />
<p fId="2" fbTx="233.924791" lbTx="233.9248394" tId="0" fbRx="233.924846" lbRx="0" />
<p fId="2" fbTx="233.924791" lbTx="233.9248394" tId="0" fbRx="233.924846" lbRx="0" />
<p fId="2" fbTx="233.924791" lbTx="233.9248394" tId="1" fbRx="233.924846" lbRx="0" />
<p fId="0" fbTx="233.924847" lbTx="233.9248526" tId="1" fbRx="233.9248592" lbRx="0" />
<p fId="0" fbTx="233.924847" lbTx="233.9248526" tId="2" fbRx="233.9248592" lbRx="0" />
<p fId="0" fbTx="233.924847" lbTx="233.9248526" tId="2" fbRx="233.9248592" lbRx="0" />
<p fId="2" fbTx="233.9249064" lbTx="233.9249549" tId="0" fbRx="233.9249614" lbRx="0" />
<p fId="2" fbTx="233.9249064" lbTx="233.9249549" tId="0" fbRx="233.9249614" lbRx="0" />
<p fId="2" fbTx="233.9249064" lbTx="233.9249549" tId="1" fbRx="233.9249614" lbRx="0" />
<p fId="2" fbTx="233.9249658" lbTx="233.9250143" tId="0" fbRx="233.9250209" lbRx="0" />
<p fId="2" fbTx="233.9249658" lbTx="233.9250143" tId="0" fbRx="233.9250209" lbRx="0" />
<p fId="2" fbTx="233.9249658" lbTx="233.9250143" tId="1" fbRx="233.9250209" lbRx="0" />
<p fId="0" fbTx="233.9250219" lbTx="233.9250275" tId="1" fbRx="233.925034" lbRx="0" />
<p fId="0" fbTx="233.9250219" lbTx="233.9250275" tId="2" fbRx="233.925034" lbRx="0" />
<p fId="0" fbTx="233.9250219" lbTx="233.9250275" tId="2" fbRx="233.925034" lbRx="0" />
<p fId="2" fbTx="233.9250583" lbTx="233.9251068" tId="0" fbRx="233.9251133" lbRx="0" />
<p fId="2" fbTx="233.9250583" lbTx="233.9251068" tId="0" fbRx="233.9251133" lbRx="0" />
<p fId="2" fbTx="233.9250583" lbTx="233.9251068" tId="1" fbRx="233.9251133" lbRx="0" />
<p fId="2" fbTx="233.9251167" lbTx="233.9251652" tId="0" fbRx="233.9251718" lbRx="0" />
<p fId="2" fbTx="233.9251167" lbTx="233.9251652" tId="0" fbRx="233.9251718" lbRx="0" />
<p fId="2" fbTx="233.9251167" lbTx="233.9251652" tId="1" fbRx="233.9251718" lbRx="0" />
<p fId="0" fbTx="233.9251728" lbTx="233.9251784" tId="1" fbRx="233.9251849" lbRx="0" />
<p fId="0" fbTx="233.9251728" lbTx="233.9251784" tId="2" fbRx="233.9251849" lbRx="0" />
<p fId="0" fbTx="233.9251728" lbTx="233.9251784" tId="2" fbRx="233.9251849" lbRx="0" />
<p fId="2" fbTx="233.9251852" lbTx="233.9252336" tId="0" fbRx="233.9252402" lbRx="0" />
<p fId="2" fbTx="233.9251852" lbTx="233.9252336" tId="0" fbRx="233.9252402" lbRx="0" />
<p fId="2" fbTx="233.9251852" lbTx="233.9252336" tId="1" fbRx="233.9252402" lbRx="0" />
<p fId="2" fbTx="233.9252486" lbTx="233.9252971" tId="0" fbRx="233.9253036" lbRx="0" />
<p fId="2" fbTx="233.9252486" lbTx="233.9252971" tId="0" fbRx="233.9253036" lbRx="0" />
<p fId="2" fbTx="233.9252486" lbTx="233.9252971" tId="1" fbRx="233.9253036" lbRx="0" />
<p fId="0" fbTx="233.9253046" lbTx="233.9253102" tId="1" fbRx="233.9253168" lbRx="0" />
<p fId="0" fbTx="233.9253046" lbTx="233.9253102" tId="2" fbRx="233.9253168" lbRx="0" />
<p fId="0" fbTx="233.9253046" lbTx="233.9253102" tId="2" fbRx="233.9253168" lbRx="0" />
<p fId="2" fbTx="233.925325" lbTx="233.9253735" tId="0" fbRx="233.9253801" lbRx="0" />
<p fId="2" fbTx="233.925325" lbTx="233.9253735" tId="0" fbRx="233.9253801" lbRx="0" />
<p fId="2" fbTx="233.925325" lbTx="233.9253735" tId="1" fbRx="233.9253801" lbRx="0" />
<p fId="2" fbTx="233.9253825" lbTx="233.925431" tId="0" fbRx="233.9254375" lbRx="0" />
<p fId="2" fbTx="233.9253825" lbTx="233.925431" tId="0" fbRx="233.9254375" lbRx="0" />
<p fId="2" fbTx="233.9253825" lbTx="233.925431" tId="1" fbRx="233.9254375" lbRx="0" />
<p fId="0" fbTx="233.9254385" lbTx="233.9254441" tId="1" fbRx="233.9254507" lbRx="0" />
<p fId="0" fbTx="233.9254385" lbTx="233.9254441" tId="2" fbRx="233.9254507" lbRx="0" />
<p fId="0" fbTx="233.9254385" lbTx="233.9254441" tId="2" fbRx="233.9254507" lbRx="0" />
<p fId="2" fbTx="233.9254619" lbTx="233.9255104" tId="0" fbRx="233.925517" lbRx="0" />
<p fId="2" fbTx="233.9254619" lbTx="233.9255104" tId="0" fbRx="233.925517" lbRx="0" />
<p fId="2" fbTx="233.9254619" lbTx="233.9255104" tId="1" fbRx="233.925517" lbRx="0" />
<p fId="2" fbTx="233.9255204" lbTx="233.9255688" tId="0" fbRx="233.9255754" lbRx="0" />
<p fId="2" fbTx="233.9255204" lbTx="233.9255688" tId="0" fbRx="233.9255754" lbRx="0" />
<p fId="2" fbTx="233.9255204" lbTx="233.9255688" tId="1" fbRx="233.9255754" lbRx="0" />
<p fId="2" fbTx="233.9255758" lbTx="233.9256243" tId="0" fbRx="233.9256308" lbRx="0" />
<p fId="2" fbTx="233.9255758" lbTx="233.9256243" tId="0" fbRx="233.9256308" lbRx="0" />
<p fId="2" fbTx="233.9255758" lbTx="233.9256243" tId="1" fbRx="233.9256308" lbRx="0" />
<p fId="2" fbTx="233.9256332" lbTx="233.9256817" tId="0" fbRx="233.9256883" lbRx="0" />
<p fId="2" fbTx="233.9256332" lbTx="233.9256817" tId="0" fbRx="233.9256883" lbRx="0" />
<p fId="2" fbTx="233.9256332" lbTx="233.9256817" tId="1" fbRx="233.9256883" lbRx="0" />
<p fId="2" fbTx="233.9256957" lbTx="233.9257442" tId="0" fbRx="233.9257507" lbRx="0" />
<p fId="2" fbTx="233.9256957" lbTx="233.9257442" tId="0" fbRx="233.9257507" lbRx="0" />
<p fId="2" fbTx="233.9256957" lbTx="233.9257442" tId="1" fbRx="233.9257507" lbRx="0" />
<p fId="2" fbTx="233.9257541" lbTx="233.9258026" tId="0" fbRx="233.9258092" lbRx="0" />
<p fId="2" fbTx="233.9257541" lbTx="233.9258026" tId="0" fbRx="233.9258092" lbRx="0" />
<p fId="2" fbTx="233.9257541" lbTx="233.9258026" tId="1" fbRx="233.9258092" lbRx="0" />
<p fId="2" fbTx="233.9258096" lbTx="233.925858" tId="0" fbRx="233.9258646" lbRx="0" />
<p fId="2" fbTx="233.9258096" lbTx="233.925858" tId="0" fbRx="233.9258646" lbRx="0" />
<p fId="2" fbTx="233.9258096" lbTx="233.925858" tId="1" fbRx="233.9258646" lbRx="0" />
<p fId="2" fbTx="233.925872" lbTx="233.9259205" tId="0" fbRx="233.925927" lbRx="0" />
<p fId="2" fbTx="233.925872" lbTx="233.9259205" tId="0" fbRx="233.925927" lbRx="0" />
<p fId="2" fbTx="233.925872" lbTx="233.9259205" tId="1" fbRx="233.925927" lbRx="0" />
<p fId="2" fbTx="233.9259274" lbTx="233.9259759" tId="0" fbRx="233.9259825" lbRx="0" />
<p fId="2" fbTx="233.9259274" lbTx="233.9259759" tId="0" fbRx="233.9259825" lbRx="0" />
<p fId="2" fbTx="233.9259274" lbTx="233.9259759" tId="1" fbRx="233.9259825" lbRx="0" />
<p fId="2" fbTx="233.9259849" lbTx="233.9260334" tId="0" fbRx="233.9260399" lbRx="0" />
<p fId="2" fbTx="233.9259849" lbTx="233.9260334" tId="0" fbRx="233.9260399" lbRx="0" />
<p fId="2" fbTx="233.9259849" lbTx="233.9260334" tId="1" fbRx="233.9260399" lbRx="0" />
<p fId="2" fbTx="233.9260403" lbTx="233.9260888" tId="0" fbRx="233.9260954" lbRx="0" />
<p fId="2" fbTx="233.9260403" lbTx="233.9260888" tId="0" fbRx="233.9260954" lbRx="0" />
<p fId="2" fbTx="233.9260403" lbTx="233.9260888" tId="1" fbRx="233.9260954" lbRx="0" />
<p fId="2" fbTx="233.9260958" lbTx="233.9261442" tId="0" fbRx="233.9261508" lbRx="0" />
<p fId="2" fbTx="233.9260958" lbTx="233.9261442" tId="0" fbRx="233.9261508" lbRx="0" />
<p fId="2" fbTx="233.9260958" lbTx="233.9261442" tId="1" fbRx="233.9261508" lbRx="0" />
<p fId="2" fbTx="233.9261512" lbTx="233.9261997" tId="0" fbRx="233.9262062" lbRx="0" />
<p fId="2" fbTx="233.9261512" lbTx="233.9261997" tId="0" fbRx="233.9262062" lbRx="0" />
<p fId="2" fbTx="233.9261512" lbTx="233.9261997" tId="1" fbRx="233.9262062" lbRx="0" />
<p fId="2" fbTx="233.9262066" lbTx="233.9262551" tId="0" fbRx="233.9262617" lbRx="0" />
<p fId="2" fbTx="233.9262066" lbTx="233.9262551" tId="0" fbRx="233.9262617" lbRx="0" />
<p fId="2" fbTx="233.9262066" lbTx="233.9262551" tId="1" fbRx="233.9262617" lbRx="0" />
<p fId="2" fbTx="233.9262641" lbTx="233.9263126" tId="0" fbRx="233.9263191" lbRx="0" />
<p fId="2" fbTx="233.9262641" lbTx="233.9263126" tId="0" fbRx="233.9263191" lbRx="0" />
<p fId="2" fbTx="233.9262641" lbTx="233.9263126" tId="1" fbRx="233.9263191" lbRx="0" />
<p fId="2" fbTx="233.9263195" lbTx="233.926368" tId="0" fbRx="233.9263746" lbRx="0" />
<p fId="2" fbTx="233.9263195" lbTx="233.926368" tId="0" fbRx="233.9263746" lbRx="0" />
<p fId="2" fbTx="233.9263195" lbTx="233.926368" tId="1" fbRx="233.9263746" lbRx="0" />
<p fId="2" fbTx="233.926377" lbTx="233.9264254" tId="0" fbRx="233.926432" lbRx="0" />
<p fId="2" fbTx="233.926377" lbTx="233.9264254" tId="0" fbRx="233.926432" lbRx="0" />
<p fId="2" fbTx="233.926377" lbTx="233.9264254" tId="1" fbRx="233.926432" lbRx="0" />
<p fId="2" fbTx="233.9264324" lbTx="233.9264809" tId="0" fbRx="233.9264874" lbRx="0" />
<p fId="2" fbTx="233.9264324" lbTx="233.9264809" tId="0" fbRx="233.9264874" lbRx="0" />
<p fId="2" fbTx="233.9264324" lbTx="233.9264809" tId="1" fbRx="233.9264874" lbRx="0" />
<p fId="2" fbTx="233.9264878" lbTx="233.9265363" tId="0" fbRx="233.9265429" lbRx="0" />
<p fId="2" fbTx="233.9264878" lbTx="233.9265363" tId="0" fbRx="233.9265429" lbRx="0" />
<p fId="2" fbTx="233.9264878" lbTx="233.9265363" tId="1" fbRx="233.9265429" lbRx="0" />
<p fId="2" fbTx="233.9265433" lbTx="233.9265918" tId="0" fbRx="233.9265983" lbRx="0" />
<p fId="2" fbTx="233.9265433" lbTx="233.9265918" tId="0" fbRx="233.9265983" lbRx="0" />
<p fId="2" fbTx="233.9265433" lbTx="233.9265918" tId="1" fbRx="233.9265983" lbRx="0" />
<p fId="2" fbTx="233.9265987" lbTx="233.9266472" tId="0" fbRx="233.9266538" lbRx="0" />
<p fId="2" fbTx="233.9265987" lbTx="233.9266472" tId="0" fbRx="233.9266538" lbRx="0" />
<p fId="2" fbTx="233.9265987" lbTx="233.9266472" tId="1" fbRx="233.9266538" lbRx="0" />
<p fId="2" fbTx="233.9266562" lbTx="233.9267046" tId="0" fbRx="233.9267112" lbRx="0" />
<p fId="2" fbTx="233.9266562" lbTx="233.9267046" tId="0" fbRx="233.9267112" lbRx="0" />
<p fId="2" fbTx="233.9266562" lbTx="233.9267046" tId="1" fbRx="233.9267112" lbRx="0" />
<p fId="2" fbTx="233.9267126" lbTx="233.9267611" tId="0" fbRx="233.9267676" lbRx="0" />
<p fId="2" fbTx="233.9267126" lbTx="233.9267611" tId="0" fbRx="233.9267676" lbRx="0" />
<p fId="2" fbTx="233.9267126" lbTx="233.9267611" tId="1" fbRx="233.9267676" lbRx="0" />
<p fId="2" fbTx="233.926768" lbTx="233.9268165" tId="0" fbRx="233.9268231" lbRx="0" />
<p fId="2" fbTx="233.926768" lbTx="233.9268165" tId="0" fbRx="233.9268231" lbRx="0" />
<p fId="2" fbTx="233.926768" lbTx="233.9268165" tId="1" fbRx="233.9268231" lbRx="0" />
<p fId="2" fbTx="233.9268245" lbTx="233.926873" tId="0" fbRx="233.9268795" lbRx="0" />
<p fId="2" fbTx="233.9268245" lbTx="233.926873" tId="0" fbRx="233.9268795" lbRx="0" />
<p fId="2" fbTx="233.9268245" lbTx="233.926873" tId="1" fbRx="233.9268795" lbRx="0" />
<p fId="2" fbTx="233.9268879" lbTx="233.9269364" tId="0" fbRx="233.926943" lbRx="0" />
<p fId="2" fbTx="233.9268879" lbTx="233.9269364" tId="0" fbRx="233.926943" lbRx="0" />
<p fId="2" fbTx="233.9268879" lbTx="233.9269364" tId="1" fbRx="233.926943" lbRx="0" />
<p fId="2" fbTx="233.9269454" lbTx="233.9269938" tId="0" fbRx="233.9270004" lbRx="0" />
<p fId="2" fbTx="233.9269454" lbTx="233.9269938" tId="0" fbRx="233.9270004" lbRx="0" />
<p fId="2" fbTx="233.9269454" lbTx="233.9269938" tId="1" fbRx="233.9270004" lbRx="0" />
<p fId="2" fbTx="233.9270008" lbTx="233.9270493" tId="0" fbRx="233.9270558" lbRx="0" />
<p fId="2" fbTx="233.9270008" lbTx="233.9270493" tId="0" fbRx="233.9270558" lbRx="0" />
<p fId="2" fbTx="233.9270008" lbTx="233.9270493" tId="1" fbRx="233.9270558" lbRx="0" />
<p fId="2" fbTx="233.9270582" lbTx="233.9271067" tId="0" fbRx="233.9271133" lbRx="0" />
<p fId="2" fbTx="233.9270582" lbTx="233.9271067" tId="0" fbRx="233.9271133" lbRx="0" />
<p fId="2" fbTx="233.9270582" lbTx="233.9271067" tId="1" fbRx="233.9271133" lbRx="0" />
<p fId="2" fbTx="233.9271147" lbTx="233.9271632" tId="0" fbRx="233.9271697" lbRx="0" />
<p fId="2" fbTx="233.9271147" lbTx="233.9271632" tId="0" fbRx="233.9271697" lbRx="0" />
<p fId="2" fbTx="233.9271147" lbTx="233.9271632" tId="1" fbRx="233.9271697" lbRx="0" />
<p fId="2" fbTx="233.9271941" lbTx="233.9272426" tId="0" fbRx="233.9272492" lbRx="0" />
<p fId="2" fbTx="233.9271941" lbTx="233.9272426" tId="0" fbRx="233.9272492" lbRx="0" />
<p fId="2" fbTx="233.9271941" lbTx="233.9272426" tId="1" fbRx="233.9272492" lbRx="0" />
<p fId="2" fbTx="233.9272496" lbTx="233.927298" tId="0" fbRx="233.9273046" lbRx="0" />
<p fId="2" fbTx="233.9272496" lbTx="233.927298" tId="0" fbRx="233.9273046" lbRx="0" />
<p fId="2" fbTx="233.9272496" lbTx="233.927298" tId="1" fbRx="233.9273046" lbRx="0" />
<p fId="2" fbTx="233.927306" lbTx="233.9273545" tId="0" fbRx="233.927361" lbRx="0" />
<p fId="2" fbTx="233.927306" lbTx="233.9273545" tId="0" fbRx="233.927361" lbRx="0" />
<p fId="2" fbTx="233.927306" lbTx="233.9273545" tId="1" fbRx="233.927361" lbRx="0" />
<p fId="2" fbTx="233.9273614" lbTx="233.9274099" tId="0" fbRx="233.9274165" lbRx="0" />
<p fId="2" fbTx="233.9273614" lbTx="233.9274099" tId="0" fbRx="233.9274165" lbRx="0" />
<p fId="2" fbTx="233.9273614" lbTx="233.9274099" tId="1" fbRx="233.9274165" lbRx="0" />
<p fId="2" fbTx="233.9274289" lbTx="233.9274774" tId="0" fbRx="233.9274839" lbRx="0" />
<p fId="2" fbTx="233.9274289" lbTx="233.9274774" tId="0" fbRx="233.9274839" lbRx="0" />
<p fId="2" fbTx="233.9274289" lbTx="233.9274774" tId="1" fbRx="233.9274839" lbRx="0" />
<p fId="2" fbTx="233.9274953" lbTx="233.9275438" tId="0" fbRx="233.9275504" lbRx="0" />
<p fId="2" fbTx="233.9274953" lbTx="233.9275438" tId="0" fbRx="233.9275504" lbRx="0" />
<p fId="2" fbTx="233.9274953" lbTx="233.9275438" tId="1" fbRx="233.9275504" lbRx="0" />
<p fId="2" fbTx="233.9275518" lbTx="233.9276002" tId="0" fbRx="233.9276068" lbRx="0" />
<p fId="2" fbTx="233.9275518" lbTx="233.9276002" tId="0" fbRx="233.9276068" lbRx="0" />
<p fId="2" fbTx="233.9275518" lbTx="233.9276002" tId="1" fbRx="233.9276068" lbRx="0" />
<p fId="2" fbTx="233.9276102" lbTx="233.9276587" tId="0" fbRx="233.9276652" lbRx="0" />
<p fId="2" fbTx="233.9276102" lbTx="233.9276587" tId="0" fbRx="233.9276652" lbRx="0" />
<p fId="2" fbTx="233.9276102" lbTx="233.9276587" tId="1" fbRx="233.9276652" lbRx="0" />
<p fId="2" fbTx="233.9276676" lbTx="233.9277161" tId="0" fbRx="233.9277227" lbRx="0" />
<p fId="2" fbTx="233.9276676" lbTx="233.9277161" tId="0" fbRx="233.9277227" lbRx="0" />
<p fId="2" fbTx="233.9276676" lbTx="233.9277161" tId="1" fbRx="233.9277227" lbRx="0" />
<p fId="2" fbTx="233.9277341" lbTx="233.9277826" tId="0" fbRx="233.9277891" lbRx="0" />
<p fId="2" fbTx="233.9277341" lbTx="233.9277826" tId="0" fbRx="233.9277891" lbRx="0" />
<p fId="2" fbTx="233.9277341" lbTx="233.9277826" tId="1" fbRx="233.9277891" lbRx="0" />
<p fId="2" fbTx="233.9277925" lbTx="233.927841" tId="0" fbRx="233.9278476" lbRx="0" />
<p fId="2" fbTx="233.9277925" lbTx="233.927841" tId="0" fbRx="233.9278476" lbRx="0" />
<p fId="2" fbTx="233.9277925" lbTx="233.927841" tId="1" fbRx="233.9278476" lbRx="0" />
<p fId="2" fbTx="233.927851" lbTx="233.9278994" tId="0" fbRx="233.927906" lbRx="0" />
<p fId="2" fbTx="233.927851" lbTx="233.9278994" tId="0" fbRx="233.927906" lbRx="0" />
<p fId="2" fbTx="233.927851" lbTx="233.9278994" tId="1" fbRx="233.927906" lbRx="0" />
<p fId="2" fbTx="233.9279074" lbTx="233.9279559" tId="0" fbRx="233.9279624" lbRx="0" />
<p fId="2" fbTx="233.9279074" lbTx="233.9279559" tId="0" fbRx="233.9279624" lbRx="0" />
<p fId="2" fbTx="233.9279074" lbTx="233.9279559" tId="1" fbRx="233.9279624" lbRx="0" />
<p fId="2" fbTx="233.9279628" lbTx="233.9280113" tId="0" fbRx="233.9280179" lbRx="0" />
<p fId="2" fbTx="233.9279628" lbTx="233.9280113" tId="0" fbRx="233.9280179" lbRx="0" />
<p fId="2" fbTx="233.9279628" lbTx="233.9280113" tId="1" fbRx="233.9280179" lbRx="0" />
<p fId="2" fbTx="233.9280293" lbTx="233.9280778" tId="0" fbRx="233.9280843" lbRx="0" />
<p fId="2" fbTx="233.9280293" lbTx="233.9280778" tId="0" fbRx="233.9280843" lbRx="0" />
<p fId="2" fbTx="233.9280293" lbTx="233.9280778" tId="1" fbRx="233.9280843" lbRx="0" />
<p fId="2" fbTx="233.9280887" lbTx="233.9281372" tId="0" fbRx="233.9281438" lbRx="0" />
<p fId="2" fbTx="233.9280887" lbTx="233.9281372" tId="0" fbRx="233.9281438" lbRx="0" />
<p fId="2" fbTx="233.9280887" lbTx="233.9281372" tId="1" fbRx="233.9281438" lbRx="0" />
<p fId="2" fbTx="233.9281462" lbTx="233.9281946" tId="0" fbRx="233.9282012" lbRx="0" />
<p fId="2" fbTx="233.9281462" lbTx="233.9281946" tId="0" fbRx="233.9282012" lbRx="0" />
<p fId="2" fbTx="233.9281462" lbTx="233.9281946" tId="1" fbRx="233.9282012" lbRx="0" />
<p fId="2" fbTx="233.9282136" lbTx="233.9282621" tId="0" fbRx="233.9282686" lbRx="0" />
<p fId="2" fbTx="233.9282136" lbTx="233.9282621" tId="0" fbRx="233.9282686" lbRx="0" />
<p fId="2" fbTx="233.9282136" lbTx="233.9282621" tId="1" fbRx="233.9282686" lbRx="0" />
<p fId="2" fbTx="233.928269" lbTx="233.9283175" tId="0" fbRx="233.9283241" lbRx="0" />
<p fId="2" fbTx="233.928269" lbTx="233.9283175" tId="0" fbRx="233.9283241" lbRx="0" />
<p fId="2" fbTx="233.928269" lbTx="233.9283175" tId="1" fbRx="233.9283241" lbRx="0" />
<p fId="2" fbTx="233.9283245" lbTx="233.928373" tId="0" fbRx="233.9283795" lbRx="0" />
<p fId="2" fbTx="233.9283245" lbTx="233.928373" tId="0" fbRx="233.9283795" lbRx="0" />
<p fId="2" fbTx="233.9283245" lbTx="233.928373" tId="1" fbRx="233.9283795" lbRx="0" />
<p fId="2" fbTx="233.9283909" lbTx="233.9284394" tId="0" fbRx="233.928446" lbRx="0" />
<p fId="2" fbTx="233.9283909" lbTx="233.9284394" tId="0" fbRx="233.928446" lbRx="0" />
<p fId="2" fbTx="233.9283909" lbTx="233.9284394" tId="1" fbRx="233.928446" lbRx="0" />
<p fId="2" fbTx="233.9284484" lbTx="233.9284968" tId="0" fbRx="233.9285034" lbRx="0" />
<p fId="2" fbTx="233.9284484" lbTx="233.9284968" tId="0" fbRx="233.9285034" lbRx="0" />
<p fId="2" fbTx="233.9284484" lbTx="233.9284968" tId="1" fbRx="233.9285034" lbRx="0" />
<p fId="2" fbTx="233.9285158" lbTx="233.9285643" tId="0" fbRx="233.9285708" lbRx="0" />
<p fId="2" fbTx="233.9285158" lbTx="233.9285643" tId="0" fbRx="233.9285708" lbRx="0" />
<p fId="2" fbTx="233.9285158" lbTx="233.9285643" tId="1" fbRx="233.9285708" lbRx="0" />
<p fId="2" fbTx="233.9285752" lbTx="233.9286237" tId="0" fbRx="233.9286303" lbRx="0" />
<p fId="2" fbTx="233.9285752" lbTx="233.9286237" tId="0" fbRx="233.9286303" lbRx="0" />
<p fId="2" fbTx="233.9285752" lbTx="233.9286237" tId="1" fbRx="233.9286303" lbRx="0" />
<p fId="2" fbTx="233.9286367" lbTx="233.9286852" tId="0" fbRx="233.9286917" lbRx="0" />
<p fId="2" fbTx="233.9286367" lbTx="233.9286852" tId="0" fbRx="233.9286917" lbRx="0" />
<p fId="2" fbTx="233.9286367" lbTx="233.9286852" tId="1" fbRx="233.9286917" lbRx="0" />
<p fId="2" fbTx="233.9286931" lbTx="233.9287416" tId="0" fbRx="233.9287482" lbRx="0" />
<p fId="2" fbTx="233.9286931" lbTx="233.9287416" tId="0" fbRx="233.9287482" lbRx="0" />
<p fId="2" fbTx="233.9286931" lbTx="233.9287416" tId="1" fbRx="233.9287482" lbRx="0" />
<p fId="2" fbTx="233.9287506" lbTx="233.928799" tId="0" fbRx="233.9288056" lbRx="0" />
<p fId="2" fbTx="233.9287506" lbTx="233.928799" tId="0" fbRx="233.9288056" lbRx="0" />
<p fId="2" fbTx="233.9287506" lbTx="233.928799" tId="1" fbRx="233.9288056" lbRx="0" />
<p fId="2" fbTx="233.928808" lbTx="233.9288565" tId="0" fbRx="233.928863" lbRx="0" />
<p fId="2" fbTx="233.928808" lbTx="233.9288565" tId="0" fbRx="233.928863" lbRx="0" />
<p fId="2" fbTx="233.928808" lbTx="233.9288565" tId="1" fbRx="233.928863" lbRx="0" />
<p fId="2" fbTx="233.9288634" lbTx="233.9289119" tId="0" fbRx="233.9289185" lbRx="0" />
<p fId="2" fbTx="233.9288634" lbTx="233.9289119" tId="0" fbRx="233.9289185" lbRx="0" />
<p fId="2" fbTx="233.9288634" lbTx="233.9289119" tId="1" fbRx="233.9289185" lbRx="0" />
<p fId="2" fbTx="233.9289239" lbTx="233.9289724" tId="0" fbRx="233.9289789" lbRx="0" />
<p fId="2" fbTx="233.9289239" lbTx="233.9289724" tId="0" fbRx="233.9289789" lbRx="0" />
<p fId="2" fbTx="233.9289239" lbTx="233.9289724" tId="1" fbRx="233.9289789" lbRx="0" />
<p fId="2" fbTx="233.9289823" lbTx="233.9290308" tId="0" fbRx="233.9290374" lbRx="0" />
<p fId="2" fbTx="233.9289823" lbTx="233.9290308" tId="0" fbRx="233.9290374" lbRx="0" />
<p fId="2" fbTx="233.9289823" lbTx="233.9290308" tId="1" fbRx="233.9290374" lbRx="0" />
<p fId="2" fbTx="233.9290458" lbTx="233.9290942" tId="0" fbRx="233.9291008" lbRx="0" />
<p fId="2" fbTx="233.9290458" lbTx="233.9290942" tId="0" fbRx="233.9291008" lbRx="0" />
<p fId="2" fbTx="233.9290458" lbTx="233.9290942" tId="1" fbRx="233.9291008" lbRx="0" />
<p fId="2" fbTx="233.9291012" lbTx="233.9291497" tId="0" fbRx="233.9291562" lbRx="0" />
<p fId="2" fbTx="233.9291012" lbTx="233.9291497" tId="0" fbRx="233.9291562" lbRx="0" />
<p fId="2" fbTx="233.9291012" lbTx="233.9291497" tId="1" fbRx="233.9291562" lbRx="0" />
<p fId="2" fbTx="233.9291596" lbTx="233.9292081" tId="0" fbRx="233.9292147" lbRx="0" />
<p fId="2" fbTx="233.9291596" lbTx="233.9292081" tId="0" fbRx="233.9292147" lbRx="0" />
<p fId="2" fbTx="233.9291596" lbTx="233.9292081" tId="1" fbRx="233.9292147" lbRx="0" />
<p fId="2" fbTx="233.9292181" lbTx="233.9292666" tId="0" fbRx="233.9292731" lbRx="0" />
<p fId="2" fbTx="233.9292181" lbTx="233.9292666" tId="0" fbRx="233.9292731" lbRx="0" />
<p fId="2" fbTx="233.9292181" lbTx="233.9292666" tId="1" fbRx="233.9292731" lbRx="0" />
<p fId="2" fbTx="233.9292755" lbTx="233.929324" tId="0" fbRx="233.9293306" lbRx="0" />
<p fId="2" fbTx="233.9292755" lbTx="233.929324" tId="0" fbRx="233.9293306" lbRx="0" />
<p fId="2" fbTx="233.9292755" lbTx="233.929324" tId="1" fbRx="233.9293306" lbRx="0" />
<p fId="2" fbTx="233.929332" lbTx="233.9293804" tId="0" fbRx="233.929387" lbRx="0" />
<p fId="2" fbTx="233.929332" lbTx="233.9293804" tId="0" fbRx="233.929387" lbRx="0" />
<p fId="2" fbTx="233.929332" lbTx="233.9293804" tId="1" fbRx="233.929387" lbRx="0" />
<p fId="2" fbTx="233.9293974" lbTx="233.9294459" tId="0" fbRx="233.9294524" lbRx="0" />
<p fId="2" fbTx="233.9293974" lbTx="233.9294459" tId="0" fbRx="233.9294524" lbRx="0" />
<p fId="2" fbTx="233.9293974" lbTx="233.9294459" tId="1" fbRx="233.9294524" lbRx="0" />
<p fId="2" fbTx="233.9294528" lbTx="233.9295013" tId="0" fbRx="233.9295079" lbRx="0" />
<p fId="2" fbTx="233.9294528" lbTx="233.9295013" tId="0" fbRx="233.9295079" lbRx="0" />
<p fId="2" fbTx="233.9294528" lbTx="233.9295013" tId="1" fbRx="233.9295079" lbRx="0" />
<p fId="2" fbTx="233.9295083" lbTx="233.9295568" tId="0" fbRx="233.9295633" lbRx="0" />
<p fId="2" fbTx="233.9295083" lbTx="233.9295568" tId="0" fbRx="233.9295633" lbRx="0" />
<p fId="2" fbTx="233.9295083" lbTx="233.9295568" tId="1" fbRx="233.9295633" lbRx="0" />
<p fId="2" fbTx="233.9295657" lbTx="233.9296142" tId="0" fbRx="233.9296208" lbRx="0" />
<p fId="2" fbTx="233.9295657" lbTx="233.9296142" tId="0" fbRx="233.9296208" lbRx="0" />
<p fId="2" fbTx="233.9295657" lbTx="233.9296142" tId="1" fbRx="233.9296208" lbRx="0" />
<p fId="2" fbTx="233.9296242" lbTx="233.9296726" tId="0" fbRx="233.9296792" lbRx="0" />
<p fId="2" fbTx="233.9296242" lbTx="233.9296726" tId="0" fbRx="233.9296792" lbRx="0" />
<p fId="2" fbTx="233.9296242" lbTx="233.9296726" tId="1" fbRx="233.9296792" lbRx="0" />
<p fId="2" fbTx="233.9296826" lbTx="233.9297311" tId="0" fbRx="233.9297376" lbRx="0" />
<p fId="2" fbTx="233.9296826" lbTx="233.9297311" tId="0" fbRx="233.9297376" lbRx="0" />
<p fId="2" fbTx="233.9296826" lbTx="233.9297311" tId="1" fbRx="233.9297376" lbRx="0" />
<p fId="2" fbTx="233.929748" lbTx="233.9297965" tId="0" fbRx="233.9298031" lbRx="0" />
<p fId="2" fbTx="233.929748" lbTx="233.9297965" tId="0" fbRx="233.9298031" lbRx="0" />
<p fId="2" fbTx="233.929748" lbTx="233.9297965" tId="1" fbRx="233.9298031" lbRx="0" />
<p fId="2" fbTx="233.9298065" lbTx="233.929855" tId="0" fbRx="233.9298615" lbRx="0" />
<p fId="2" fbTx="233.9298065" lbTx="233.929855" tId="0" fbRx="233.9298615" lbRx="0" />
<p fId="2" fbTx="233.9298065" lbTx="233.929855" tId="1" fbRx="233.9298615" lbRx="0" />
<p fId="2" fbTx="233.9298699" lbTx="233.9299184" tId="0" fbRx="233.929925" lbRx="0" />
<p fId="2" fbTx="233.9298699" lbTx="233.9299184" tId="0" fbRx="233.929925" lbRx="0" />
<p fId="2" fbTx="233.9298699" lbTx="233.9299184" tId="1" fbRx="233.929925" lbRx="0" />
<p fId="2" fbTx="233.9299344" lbTx="233.9299828" tId="0" fbRx="233.9299894" lbRx="0" />
<p fId="2" fbTx="233.9299344" lbTx="233.9299828" tId="0" fbRx="233.9299894" lbRx="0" />
<p fId="2" fbTx="233.9299344" lbTx="233.9299828" tId="1" fbRx="233.9299894" lbRx="0" />
<p fId="2" fbTx="233.9299968" lbTx="233.9300453" tId="0" fbRx="233.9300518" lbRx="0" />
<p fId="2" fbTx="233.9299968" lbTx="233.9300453" tId="0" fbRx="233.9300518" lbRx="0" />
<p fId="2" fbTx="233.9299968" lbTx="233.9300453" tId="1" fbRx="233.9300518" lbRx="0" />
<p fId="2" fbTx="233.9300572" lbTx="233.9301057" tId="0" fbRx="233.9301123" lbRx="0" />
<p fId="2" fbTx="233.9300572" lbTx="233.9301057" tId="0" fbRx="233.9301123" lbRx="0" />
<p fId="2" fbTx="233.9300572" lbTx="233.9301057" tId="1" fbRx="233.9301123" lbRx="0" />
<p fId="2" fbTx="233.9301137" lbTx="233.9301622" tId="0" fbRx="233.9301687" lbRx="0" />
<p fId="2" fbTx="233.9301137" lbTx="233.9301622" tId="0" fbRx="233.9301687" lbRx="0" />
<p fId="2" fbTx="233.9301137" lbTx="233.9301622" tId="1" fbRx="233.9301687" lbRx="0" />
<p fId="2" fbTx="233.9301761" lbTx="233.9302246" tId="0" fbRx="233.9302312" lbRx="0" />
<p fId="2" fbTx="233.9301761" lbTx="233.9302246" tId="0" fbRx="233.9302312" lbRx="0" />
<p fId="2" fbTx="233.9301761" lbTx="233.9302246" tId="1" fbRx="233.9302312" lbRx="0" />
<p fId="2" fbTx="233.9302346" lbTx="233.930283" tId="0" fbRx="233.9302896" lbRx="0" />
<p fId="2" fbTx="233.9302346" lbTx="233.930283" tId="0" fbRx="233.9302896" lbRx="0" />
<p fId="2" fbTx="233.9302346" lbTx="233.930283" tId="1" fbRx="233.9302896" lbRx="0" />
<p fId="2" fbTx="233.930292" lbTx="233.9303405" tId="0" fbRx="233.930347" lbRx="0" />
<p fId="2" fbTx="233.930292" lbTx="233.9303405" tId="0" fbRx="233.930347" lbRx="0" />
<p fId="2" fbTx="233.930292" lbTx="233.9303405" tId="1" fbRx="233.930347" lbRx="0" />
<p fId="2" fbTx="233.9303484" lbTx="233.9303969" tId="0" fbRx="233.9304035" lbRx="0" />
<p fId="2" fbTx="233.9303484" lbTx="233.9303969" tId="0" fbRx="233.9304035" lbRx="0" />
<p fId="2" fbTx="233.9303484" lbTx="233.9303969" tId="1" fbRx="233.9304035" lbRx="0" />
<p fId="2" fbTx="233.9304099" lbTx="233.9304584" tId="0" fbRx="233.9304649" lbRx="0" />
<p fId="2" fbTx="233.9304099" lbTx="233.9304584" tId="0" fbRx="233.9304649" lbRx="0" />
<p fId="2" fbTx="233.9304099" lbTx="233.9304584" tId="1" fbRx="233.9304649" lbRx="0" />
<p fId="2" fbTx="233.9304753" lbTx="233.9305238" tId="0" fbRx="233.9305304" lbRx="0" />
<p fId="2" fbTx="233.9304753" lbTx="233.9305238" tId="0" fbRx="233.9305304" lbRx="0" />
<p fId="2" fbTx="233.9304753" lbTx="233.9305238" tId="1" fbRx="233.9305304" lbRx="0" />
<p fId="2" fbTx="233.9305318" lbTx="233.9305802" tId="0" fbRx="233.9305868" lbRx="0" />
<p fId="2" fbTx="233.9305318" lbTx="233.9305802" tId="0" fbRx="233.9305868" lbRx="0" />
<p fId="2" fbTx="233.9305318" lbTx="233.9305802" tId="1" fbRx="233.9305868" lbRx="0" />
<p fId="2" fbTx="233.9305912" lbTx="233.9306397" tId="0" fbRx="233.9306462" lbRx="0" />
<p fId="2" fbTx="233.9305912" lbTx="233.9306397" tId="0" fbRx="233.9306462" lbRx="0" />
<p fId="2" fbTx="233.9305912" lbTx="233.9306397" tId="1" fbRx="233.9306462" lbRx="0" />
<p fId="2" fbTx="233.9306486" lbTx="233.9306971" tId="0" fbRx="233.9307037" lbRx="0" />
<p fId="2" fbTx="233.9306486" lbTx="233.9306971" tId="0" fbRx="233.9307037" lbRx="0" />
<p fId="2" fbTx="233.9306486" lbTx="233.9306971" tId="1" fbRx="233.9307037" lbRx="0" />
<p fId="2" fbTx="233.9307051" lbTx="233.9307536" tId="0" fbRx="233.9307601" lbRx="0" />
<p fId="2" fbTx="233.9307051" lbTx="233.9307536" tId="0" fbRx="233.9307601" lbRx="0" />
<p fId="2" fbTx="233.9307051" lbTx="233.9307536" tId="1" fbRx="233.9307601" lbRx="0" />
<p fId="0" fbTx="233.9307604" lbTx="233.930766" tId="1" fbRx="233.9307726" lbRx="0" />
<p fId="0" fbTx="233.9307604" lbTx="233.930766" tId="2" fbRx="233.9307726" lbRx="0" />
<p fId="0" fbTx="233.9307604" lbTx="233.930766" tId="2" fbRx="233.9307726" lbRx="0" />
<p fId="0" fbTx="233.930775" lbTx="233.9307806" tId="1" fbRx="233.9307871" lbRx="0" />
<p fId="0" fbTx="233.930775" lbTx="233.9307806" tId="2" fbRx="233.9307871" lbRx="0" />
<p fId="0" fbTx="233.930775" lbTx="233.9307806" tId="2" fbRx="233.9307871" lbRx="0" />
<p fId="0" fbTx="233.9307875" lbTx="233.9307931" tId="1" fbRx="233.9307997" lbRx="0" />
<p fId="0" fbTx="233.9307875" lbTx="233.9307931" tId="2" fbRx="233.9307997" lbRx="0" />
<p fId="0" fbTx="233.9307875" lbTx="233.9307931" tId="2" fbRx="233.9307997" lbRx="0" />
<p fId="0" fbTx="233.9308011" lbTx="233.9308067" tId="1" fbRx="233.9308132" lbRx="0" />
<p fId="0" fbTx="233.9308011" lbTx="233.9308067" tId="2" fbRx="233.9308132" lbRx="0" />
<p fId="0" fbTx="233.9308011" lbTx="233.9308067" tId="2" fbRx="233.9308132" lbRx="0" />
<p fId="0" fbTx="233.9308176" lbTx="233.9308232" tId="1" fbRx="233.9308298" lbRx="0" />
<p fId="0" fbTx="233.9308176" lbTx="233.9308232" tId="2" fbRx="233.9308298" lbRx="0" />
<p fId="0" fbTx="233.9308176" lbTx="233.9308232" tId="2" fbRx="233.9308298" lbRx="0" />
<p fId="0" fbTx="233.9308312" lbTx="233.9308368" tId="1" fbRx="233.9308434" lbRx="0" />
<p fId="0" fbTx="233.9308312" lbTx="233.9308368" tId="2" fbRx="233.9308434" lbRx="0" />
<p fId="0" fbTx="233.9308312" lbTx="233.9308368" tId="2" fbRx="233.9308434" lbRx="0" />
<p fId="0" fbTx="233.9308458" lbTx="233.9308514" tId="1" fbRx="233.9308579" lbRx="0" />
<p fId="0" fbTx="233.9308458" lbTx="233.9308514" tId="2" fbRx="233.9308579" lbRx="0" />
<p fId="0" fbTx="233.9308458" lbTx="233.9308514" tId="2" fbRx="233.9308579" lbRx="0" />
<p fId="0" fbTx="233.9308643" lbTx="233.9308699" tId="1" fbRx="233.9308765" lbRx="0" />
<p fId="0" fbTx="233.9308643" lbTx="233.9308699" tId="2" fbRx="233.9308765" lbRx="0" />
<p fId="0" fbTx="233.9308643" lbTx="233.9308699" tId="2" fbRx="233.9308765" lbRx="0" />
<p fId="0" fbTx="233.9308889" lbTx="233.9308945" tId="1" fbRx="233.930901" lbRx="0" />
<p fId="0" fbTx="233.9308889" lbTx="233.9308945" tId="2" fbRx="233.930901" lbRx="0" />
<p fId="0" fbTx="233.9308889" lbTx="233.9308945" tId="2" fbRx="233.930901" lbRx="0" />
<p fId="0" fbTx="233.9309014" lbTx="233.930907" tId="1" fbRx="233.9309136" lbRx="0" />
<p fId="0" fbTx="233.9309014" lbTx="233.930907" tId="2" fbRx="233.9309136" lbRx="0" />
<p fId="0" fbTx="233.9309014" lbTx="233.930907" tId="2" fbRx="233.9309136" lbRx="0" />
<p fId="0" fbTx="233.930914" lbTx="233.9309196" tId="1" fbRx="233.9309262" lbRx="0" />
<p fId="0" fbTx="233.930914" lbTx="233.9309196" tId="2" fbRx="233.9309262" lbRx="0" />
<p fId="0" fbTx="233.930914" lbTx="233.9309196" tId="2" fbRx="233.9309262" lbRx="0" />
<p fId="0" fbTx="233.9309546" lbTx="233.9309602" tId="1" fbRx="233.9309667" lbRx="0" />
<p fId="0" fbTx="233.9309546" lbTx="233.9309602" tId="2" fbRx="233.9309667" lbRx="0" />
<p fId="0" fbTx="233.9309546" lbTx="233.9309602" tId="2" fbRx="233.9309667" lbRx="0" />
<p fId="0" fbTx="233.9309681" lbTx="233.9309737" tId="1" fbRx="233.9309803" lbRx="0" />
<p fId="0" fbTx="233.9309681" lbTx="233.9309737" tId="2" fbRx="233.9309803" lbRx="0" />
<p fId="0" fbTx="233.9309681" lbTx="233.9309737" tId="2" fbRx="233.9309803" lbRx="0" />
<p fId="0" fbTx="233.9309827" lbTx="233.9309883" tId="1" fbRx="233.9309948" lbRx="0" />
<p fId="0" fbTx="233.9309827" lbTx="233.9309883" tId="2" fbRx="233.9309948" lbRx="0" />
<p fId="0" fbTx="233.9309827" lbTx="233.9309883" tId="2" fbRx="233.9309948" lbRx="0" />
<p fId="0" fbTx="233.9309982" lbTx="233.9310038" tId="1" fbRx="233.9310104" lbRx="0" />
<p fId="0" fbTx="233.9309982" lbTx="233.9310038" tId="2" fbRx="233.9310104" lbRx="0" />
<p fId="0" fbTx="233.9309982" lbTx="233.9310038" tId="2" fbRx="233.9310104" lbRx="0" />
<p fId="0" fbTx="233.9310128" lbTx="233.9310184" tId="1" fbRx="233.931025" lbRx="0" />
<p fId="0" fbTx="233.9310128" lbTx="233.9310184" tId="2" fbRx="233.931025" lbRx="0" />
<p fId="0" fbTx="233.9310128" lbTx="233.9310184" tId="2" fbRx="233.931025" lbRx="0" />
<p fId="0" fbTx="233.9310304" lbTx="233.931036" tId="1" fbRx="233.9310425" lbRx="0" />
<p fId="0" fbTx="233.9310304" lbTx="233.931036" tId="2" fbRx="233.9310425" lbRx="0" />
<p fId="0" fbTx="233.9310304" lbTx="233.931036" tId="2" fbRx="233.9310425" lbRx="0" />
<p fId="0" fbTx="233.9310449" lbTx="233.9310505" tId="1" fbRx="233.9310571" lbRx="0" />
<p fId="0" fbTx="233.9310449" lbTx="233.9310505" tId="2" fbRx="233.9310571" lbRx="0" />
<p fId="0" fbTx="233.9310449" lbTx="233.9310505" tId="2" fbRx="233.9310571" lbRx="0" />
<p fId="0" fbTx="233.9310575" lbTx="233.9310631" tId="1" fbRx="233.9310696" lbRx="0" />
<p fId="0" fbTx="233.9310575" lbTx="233.9310631" tId="2" fbRx="233.9310696" lbRx="0" />
<p fId="0" fbTx="233.9310575" lbTx="233.9310631" tId="2" fbRx="233.9310696" lbRx="0" />
<p fId="0" fbTx="233.931071" lbTx="233.9310766" tId="1" fbRx="233.9310832" lbRx="0" />
<p fId="0" fbTx="233.931071" lbTx="233.9310766" tId="2" fbRx="233.9310832" lbRx="0" />
<p fId="0" fbTx="233.931071" lbTx="233.9310766" tId="2" fbRx="233.9310832" lbRx="0" />
<p fId="0" fbTx="233.9310856" lbTx="233.9310912" tId="1" fbRx="233.9310978" lbRx="0" />
<p fId="0" fbTx="233.9310856" lbTx="233.9310912" tId="2" fbRx="233.9310978" lbRx="0" />
<p fId="0" fbTx="233.9310856" lbTx="233.9310912" tId="2" fbRx="233.9310978" lbRx="0" />
<p fId="0" fbTx="233.9311012" lbTx="233.9311068" tId="1" fbRx="233.9311133" lbRx="0" />
<p fId="0" fbTx="233.9311012" lbTx="233.9311068" tId="2" fbRx="233.9311133" lbRx="0" />
<p fId="0" fbTx="233.9311012" lbTx="233.9311068" tId="2" fbRx="233.9311133" lbRx="0" />
<p fId="0" fbTx="233.9311167" lbTx="233.9311223" tId="1" fbRx="233.9311289" lbRx="0" />
<p fId="0" fbTx="233.9311167" lbTx="233.9311223" tId="2" fbRx="233.9311289" lbRx="0" />
<p fId="0" fbTx="233.9311167" lbTx="233.9311223" tId="2" fbRx="233.9311289" lbRx="0" />
<p fId="0" fbTx="233.9311303" lbTx="233.9311359" tId="1" fbRx="233.9311424" lbRx="0" />
<p fId="0" fbTx="233.9311303" lbTx="233.9311359" tId="2" fbRx="233.9311424" lbRx="0" />
<p fId="0" fbTx="233.9311303" lbTx="233.9311359" tId="2" fbRx="233.9311424" lbRx="0" />
<p fId="0" fbTx="233.9311468" lbTx="233.9311524" tId="1" fbRx="233.931159" lbRx="0" />
<p fId="0" fbTx="233.9311468" lbTx="233.9311524" tId="2" fbRx="233.931159" lbRx="0" />
<p fId="0" fbTx="233.9311468" lbTx="233.9311524" tId="2" fbRx="233.931159" lbRx="0" />
<p fId="0" fbTx="233.9311604" lbTx="233.931166" tId="1" fbRx="233.9311726" lbRx="0" />
<p fId="0" fbTx="233.9311604" lbTx="233.931166" tId="2" fbRx="233.9311726" lbRx="0" />
<p fId="0" fbTx="233.9311604" lbTx="233.931166" tId="2" fbRx="233.9311726" lbRx="0" />
<p fId="0" fbTx="233.931173" lbTx="233.9311786" tId="1" fbRx="233.9311851" lbRx="0" />
<p fId="0" fbTx="233.931173" lbTx="233.9311786" tId="2" fbRx="233.9311851" lbRx="0" />
<p fId="0" fbTx="233.931173" lbTx="233.9311786" tId="2" fbRx="233.9311851" lbRx="0" />
<p fId="0" fbTx="233.9311895" lbTx="233.9311951" tId="1" fbRx="233.9312017" lbRx="0" />
<p fId="0" fbTx="233.9311895" lbTx="233.9311951" tId="2" fbRx="233.9312017" lbRx="0" />
<p fId="0" fbTx="233.9311895" lbTx="233.9311951" tId="2" fbRx="233.9312017" lbRx="0" />
<p fId="0" fbTx="233.9312071" lbTx="233.9312127" tId="1" fbRx="233.9312192" lbRx="0" />
<p fId="0" fbTx="233.9312071" lbTx="233.9312127" tId="2" fbRx="233.9312192" lbRx="0" />
<p fId="0" fbTx="233.9312071" lbTx="233.9312127" tId="2" fbRx="233.9312192" lbRx="0" />
<p fId="0" fbTx="233.9312226" lbTx="233.9312282" tId="1" fbRx="233.9312348" lbRx="0" />
<p fId="0" fbTx="233.9312226" lbTx="233.9312282" tId="2" fbRx="233.9312348" lbRx="0" />
<p fId="0" fbTx="233.9312226" lbTx="233.9312282" tId="2" fbRx="233.9312348" lbRx="0" />
<p fId="0" fbTx="233.9312362" lbTx="233.9312418" tId="1" fbRx="233.9312484" lbRx="0" />
<p fId="0" fbTx="233.9312362" lbTx="233.9312418" tId="2" fbRx="233.9312484" lbRx="0" />
<p fId="0" fbTx="233.9312362" lbTx="233.9312418" tId="2" fbRx="233.9312484" lbRx="0" />
<p fId="0" fbTx="233.9312518" lbTx="233.9312574" tId="1" fbRx="233.9312639" lbRx="0" />
<p fId="0" fbTx="233.9312518" lbTx="233.9312574" tId="2" fbRx="233.9312639" lbRx="0" />
<p fId="0" fbTx="233.9312518" lbTx="233.9312574" tId="2" fbRx="233.9312639" lbRx="0" />
<p fId="0" fbTx="233.9312643" lbTx="233.9312699" tId="1" fbRx="233.9312765" lbRx="0" />
<p fId="0" fbTx="233.9312643" lbTx="233.9312699" tId="2" fbRx="233.9312765" lbRx="0" />
<p fId="0" fbTx="233.9312643" lbTx="233.9312699" tId="2" fbRx="233.9312765" lbRx="0" />
<p fId="0" fbTx="233.9312799" lbTx="233.9312855" tId="1" fbRx="233.931292" lbRx="0" />
<p fId="0" fbTx="233.9312799" lbTx="233.9312855" tId="2" fbRx="233.931292" lbRx="0" />
<p fId="0" fbTx="233.9312799" lbTx="233.9312855" tId="2" fbRx="233.931292" lbRx="0" />
<p fId="0" fbTx="233.9312924" lbTx="233.931298" tId="1" fbRx="233.9313046" lbRx="0" />
<p fId="0" fbTx="233.9312924" lbTx="233.931298" tId="2" fbRx="233.9313046" lbRx="0" />
<p fId="0" fbTx="233.9312924" lbTx="233.931298" tId="2" fbRx="233.9313046" lbRx="0" />
<p fId="0" fbTx="233.931308" lbTx="233.9313136" tId="1" fbRx="233.9313202" lbRx="0" />
<p fId="0" fbTx="233.931308" lbTx="233.9313136" tId="2" fbRx="233.9313202" lbRx="0" />
<p fId="0" fbTx="233.931308" lbTx="233.9313136" tId="2" fbRx="233.9313202" lbRx="0" />
<p fId="0" fbTx="233.9313226" lbTx="233.9313282" tId="1" fbRx="233.9313347" lbRx="0" />
<p fId="0" fbTx="233.9313226" lbTx="233.9313282" tId="2" fbRx="233.9313347" lbRx="0" />
<p fId="0" fbTx="233.9313226" lbTx="233.9313282" tId="2" fbRx="233.9313347" lbRx="0" />
<p fId="0" fbTx="233.9313351" lbTx="233.9313407" tId="1" fbRx="233.9313473" lbRx="0" />
<p fId="0" fbTx="233.9313351" lbTx="233.9313407" tId="2" fbRx="233.9313473" lbRx="0" />
<p fId="0" fbTx="233.9313351" lbTx="233.9313407" tId="2" fbRx="233.9313473" lbRx="0" />
<p fId="0" fbTx="233.9313477" lbTx="233.9313533" tId="1" fbRx="233.9313598" lbRx="0" />
<p fId="0" fbTx="233.9313477" lbTx="233.9313533" tId="2" fbRx="233.9313598" lbRx="0" />
<p fId="0" fbTx="233.9313477" lbTx="233.9313533" tId="2" fbRx="233.9313598" lbRx="0" />
<p fId="0" fbTx="233.9313622" lbTx="233.9313678" tId="1" fbRx="233.9313744" lbRx="0" />
<p fId="0" fbTx="233.9313622" lbTx="233.9313678" tId="2" fbRx="233.9313744" lbRx="0" />
<p fId="0" fbTx="233.9313622" lbTx="233.9313678" tId="2" fbRx="233.9313744" lbRx="0" />
<p fId="0" fbTx="233.9313758" lbTx="233.9313814" tId="1" fbRx="233.931388" lbRx="0" />
<p fId="0" fbTx="233.9313758" lbTx="233.9313814" tId="2" fbRx="233.931388" lbRx="0" />
<p fId="0" fbTx="233.9313758" lbTx="233.9313814" tId="2" fbRx="233.931388" lbRx="0" />
<p fId="0" fbTx="233.9313904" lbTx="233.931396" tId="1" fbRx="233.9314025" lbRx="0" />
<p fId="0" fbTx="233.9313904" lbTx="233.931396" tId="2" fbRx="233.9314025" lbRx="0" />
<p fId="0" fbTx="233.9313904" lbTx="233.931396" tId="2" fbRx="233.9314025" lbRx="0" />
<p fId="0" fbTx="233.9314029" lbTx="233.9314085" tId="1" fbRx="233.9314151" lbRx="0" />
<p fId="0" fbTx="233.9314029" lbTx="233.9314085" tId="2" fbRx="233.9314151" lbRx="0" />
<p fId="0" fbTx="233.9314029" lbTx="233.9314085" tId="2" fbRx="233.9314151" lbRx="0" />
<p fId="0" fbTx="233.9314155" lbTx="233.9314211" tId="1" fbRx="233.9314276" lbRx="0" />
<p fId="0" fbTx="233.9314155" lbTx="233.9314211" tId="2" fbRx="233.9314276" lbRx="0" />
<p fId="0" fbTx="233.9314155" lbTx="233.9314211" tId="2" fbRx="233.9314276" lbRx="0" />
<p fId="0" fbTx="233.931439" lbTx="233.9314446" tId="1" fbRx="233.9314512" lbRx="0" />
<p fId="0" fbTx="233.931439" lbTx="233.9314446" tId="2" fbRx="233.9314512" lbRx="0" />
<p fId="0" fbTx="233.931439" lbTx="233.9314446" tId="2" fbRx="233.9314512" lbRx="0" />
<p fId="2" fbTx="233.9317105" lbTx="233.931759" tId="0" fbRx="233.9317656" lbRx="0" />
<p fId="2" fbTx="233.9317105" lbTx="233.931759" tId="0" fbRx="233.9317656" lbRx="0" />
<p fId="2" fbTx="233.9317105" lbTx="233.931759" tId="1" fbRx="233.9317656" lbRx="0" />
<p fId="2" fbTx="233.931768" lbTx="233.9318164" tId="0" fbRx="233.931823" lbRx="0" />
<p fId="2" fbTx="233.931768" lbTx="233.9318164" tId="0" fbRx="233.931823" lbRx="0" />
<p fId="2" fbTx="233.931768" lbTx="233.9318164" tId="1" fbRx="233.931823" lbRx="0" />
<p fId="0" fbTx="233.931824" lbTx="233.9318296" tId="1" fbRx="233.9318362" lbRx="0" />
<p fId="0" fbTx="233.931824" lbTx="233.9318296" tId="2" fbRx="233.9318362" lbRx="0" />
<p fId="0" fbTx="233.931824" lbTx="233.9318296" tId="2" fbRx="233.9318362" lbRx="0" />
<p fId="2" fbTx="233.9318564" lbTx="233.9319049" tId="0" fbRx="233.9319114" lbRx="0" />
<p fId="2" fbTx="233.9318564" lbTx="233.9319049" tId="0" fbRx="233.9319114" lbRx="0" />
<p fId="2" fbTx="233.9318564" lbTx="233.9319049" tId="1" fbRx="233.9319114" lbRx="0" />
<p fId="2" fbTx="233.9319138" lbTx="233.9319623" tId="0" fbRx="233.9319689" lbRx="0" />
<p fId="2" fbTx="233.9319138" lbTx="233.9319623" tId="0" fbRx="233.9319689" lbRx="0" />
<p fId="2" fbTx="233.9319138" lbTx="233.9319623" tId="1" fbRx="233.9319689" lbRx="0" />
<p fId="0" fbTx="233.9319699" lbTx="233.9319755" tId="1" fbRx="233.931982" lbRx="0" />
<p fId="0" fbTx="233.9319699" lbTx="233.9319755" tId="2" fbRx="233.931982" lbRx="0" />
<p fId="0" fbTx="233.9319699" lbTx="233.9319755" tId="2" fbRx="233.931982" lbRx="0" />
<p fId="2" fbTx="233.9319953" lbTx="233.9320438" tId="0" fbRx="233.9320503" lbRx="0" />
<p fId="2" fbTx="233.9319953" lbTx="233.9320438" tId="0" fbRx="233.9320503" lbRx="0" />
<p fId="2" fbTx="233.9319953" lbTx="233.9320438" tId="1" fbRx="233.9320503" lbRx="0" />
<p fId="2" fbTx="233.9320627" lbTx="233.9321112" tId="0" fbRx="233.9321178" lbRx="0" />
<p fId="2" fbTx="233.9320627" lbTx="233.9321112" tId="0" fbRx="233.9321178" lbRx="0" />
<p fId="2" fbTx="233.9320627" lbTx="233.9321112" tId="1" fbRx="233.9321178" lbRx="0" />
<p fId="0" fbTx="233.9321188" lbTx="233.9321244" tId="1" fbRx="233.9321309" lbRx="0" />
<p fId="0" fbTx="233.9321188" lbTx="233.9321244" tId="2" fbRx="233.9321309" lbRx="0" />
<p fId="0" fbTx="233.9321188" lbTx="233.9321244" tId="2" fbRx="233.9321309" lbRx="0" />
<p fId="2" fbTx="233.9321362" lbTx="233.9321846" tId="0" fbRx="233.9321912" lbRx="0" />
<p fId="2" fbTx="233.9321362" lbTx="233.9321846" tId="0" fbRx="233.9321912" lbRx="0" />
<p fId="2" fbTx="233.9321362" lbTx="233.9321846" tId="1" fbRx="233.9321912" lbRx="0" />
<p fId="2" fbTx="233.9321926" lbTx="233.9322411" tId="0" fbRx="233.9322476" lbRx="0" />
<p fId="2" fbTx="233.9321926" lbTx="233.9322411" tId="0" fbRx="233.9322476" lbRx="0" />
<p fId="2" fbTx="233.9321926" lbTx="233.9322411" tId="1" fbRx="233.9322476" lbRx="0" />
<p fId="0" fbTx="233.9322486" lbTx="233.9322542" tId="1" fbRx="233.9322608" lbRx="0" />
<p fId="0" fbTx="233.9322486" lbTx="233.9322542" tId="2" fbRx="233.9322608" lbRx="0" />
<p fId="0" fbTx="233.9322486" lbTx="233.9322542" tId="2" fbRx="233.9322608" lbRx="0" />
<p fId="2" fbTx="233.932284" lbTx="233.9323325" tId="0" fbRx="233.9323391" lbRx="0" />
<p fId="2" fbTx="233.932284" lbTx="233.9323325" tId="0" fbRx="233.9323391" lbRx="0" />
<p fId="2" fbTx="233.932284" lbTx="233.9323325" tId="1" fbRx="233.9323391" lbRx="0" />
<p fId="2" fbTx="233.9323505" lbTx="233.932399" tId="0" fbRx="233.9324055" lbRx="0" />
<p fId="2" fbTx="233.9323505" lbTx="233.932399" tId="0" fbRx="233.9324055" lbRx="0" />
<p fId="2" fbTx="233.9323505" lbTx="233.932399" tId="1" fbRx="233.9324055" lbRx="0" />
<p fId="0" fbTx="233.9324065" lbTx="233.9324121" tId="1" fbRx="233.9324187" lbRx="0" />
<p fId="0" fbTx="233.9324065" lbTx="233.9324121" tId="2" fbRx="233.9324187" lbRx="0" />
<p fId="0" fbTx="233.9324065" lbTx="233.9324121" tId="2" fbRx="233.9324187" lbRx="0" />
<p fId="2" fbTx="233.9324209" lbTx="233.9324694" tId="0" fbRx="233.932476" lbRx="0" />
<p fId="2" fbTx="233.9324209" lbTx="233.9324694" tId="0" fbRx="233.932476" lbRx="0" />
<p fId="2" fbTx="233.9324209" lbTx="233.9324694" tId="1" fbRx="233.932476" lbRx="0" />
<p fId="2" fbTx="233.9324764" lbTx="233.9325248" tId="0" fbRx="233.9325314" lbRx="0" />
<p fId="2" fbTx="233.9324764" lbTx="233.9325248" tId="0" fbRx="233.9325314" lbRx="0" />
<p fId="2" fbTx="233.9324764" lbTx="233.9325248" tId="1" fbRx="233.9325314" lbRx="0" />
<p fId="0" fbTx="233.9325324" lbTx="233.932538" tId="1" fbRx="233.9325446" lbRx="0" />
<p fId="0" fbTx="233.9325324" lbTx="233.932538" tId="2" fbRx="233.9325446" lbRx="0" />
<p fId="0" fbTx="233.9325324" lbTx="233.932538" tId="2" fbRx="233.9325446" lbRx="0" />
<p fId="2" fbTx="233.9325558" lbTx="233.9326043" tId="0" fbRx="233.9326108" lbRx="0" />
<p fId="2" fbTx="233.9325558" lbTx="233.9326043" tId="0" fbRx="233.9326108" lbRx="0" />
<p fId="2" fbTx="233.9325558" lbTx="233.9326043" tId="1" fbRx="233.9326108" lbRx="0" />
<p fId="2" fbTx="233.9326112" lbTx="233.9326597" tId="0" fbRx="233.9326663" lbRx="0" />
<p fId="2" fbTx="233.9326112" lbTx="233.9326597" tId="0" fbRx="233.9326663" lbRx="0" />
<p fId="2" fbTx="233.9326112" lbTx="233.9326597" tId="1" fbRx="233.9326663" lbRx="0" />
<p fId="0" fbTx="233.9326673" lbTx="233.9326729" tId="1" fbRx="233.9326794" lbRx="0" />
<p fId="0" fbTx="233.9326673" lbTx="233.9326729" tId="2" fbRx="233.9326794" lbRx="0" />
<p fId="0" fbTx="233.9326673" lbTx="233.9326729" tId="2" fbRx="233.9326794" lbRx="0" />
<p fId="2" fbTx="233.9326837" lbTx="233.9327322" tId="0" fbRx="233.9327387" lbRx="0" />
<p fId="2" fbTx="233.9326837" lbTx="233.9327322" tId="0" fbRx="233.9327387" lbRx="0" />
<p fId="2" fbTx="233.9326837" lbTx="233.9327322" tId="1" fbRx="233.9327387" lbRx="0" />
<p fId="2" fbTx="233.9327431" lbTx="233.9327916" tId="0" fbRx="233.9327982" lbRx="0" />
<p fId="2" fbTx="233.9327431" lbTx="233.9327916" tId="0" fbRx="233.9327982" lbRx="0" />
<p fId="2" fbTx="233.9327431" lbTx="233.9327916" tId="1" fbRx="233.9327982" lbRx="0" />
<p fId="0" fbTx="233.9327992" lbTx="233.9328048" tId="1" fbRx="233.9328113" lbRx="0" />
<p fId="0" fbTx="233.9327992" lbTx="233.9328048" tId="2" fbRx="233.9328113" lbRx="0" />
<p fId="0" fbTx="233.9327992" lbTx="233.9328048" tId="2" fbRx="233.9328113" lbRx="0" />
<p fId="2" fbTx="233.9328306" lbTx="233.932879" tId="0" fbRx="233.9328856" lbRx="0" />
<p fId="2" fbTx="233.9328306" lbTx="233.932879" tId="0" fbRx="233.9328856" lbRx="0" />
<p fId="2" fbTx="233.9328306" lbTx="233.932879" tId="1" fbRx="233.9328856" lbRx="0" />
<p fId="2" fbTx="233.932887" lbTx="233.9329355" tId="0" fbRx="233.932942" lbRx="0" />
<p fId="2" fbTx="233.932887" lbTx="233.9329355" tId="0" fbRx="233.932942" lbRx="0" />
<p fId="2" fbTx="233.932887" lbTx="233.9329355" tId="1" fbRx="233.932942" lbRx="0" />
<p fId="0" fbTx="233.932943" lbTx="233.9329486" tId="1" fbRx="233.9329552" lbRx="0" />
<p fId="0" fbTx="233.932943" lbTx="233.9329486" tId="2" fbRx="233.9329552" lbRx="0" />
<p fId="0" fbTx="233.932943" lbTx="233.9329486" tId="2" fbRx="233.9329552" lbRx="0" />
<p fId="2" fbTx="233.9329644" lbTx="233.9330129" tId="0" fbRx="233.9330195" lbRx="0" />
<p fId="2" fbTx="233.9329644" lbTx="233.9330129" tId="0" fbRx="233.9330195" lbRx="0" />
<p fId="2" fbTx="233.9329644" lbTx="233.9330129" tId="1" fbRx="233.9330195" lbRx="0" />
<p fId="2" fbTx="233.9330199" lbTx="233.9330684" tId="0" fbRx="233.9330749" lbRx="0" />
<p fId="2" fbTx="233.9330199" lbTx="233.9330684" tId="0" fbRx="233.9330749" lbRx="0" />
<p fId="2" fbTx="233.9330199" lbTx="233.9330684" tId="1" fbRx="233.9330749" lbRx="0" />
<p fId="0" fbTx="233.9330759" lbTx="233.9330815" tId="1" fbRx="233.9330881" lbRx="0" />
<p fId="0" fbTx="233.9330759" lbTx="233.9330815" tId="2" fbRx="233.9330881" lbRx="0" />
<p fId="0" fbTx="233.9330759" lbTx="233.9330815" tId="2" fbRx="233.9330881" lbRx="0" />
<p fId="2" fbTx="233.9331063" lbTx="233.9331548" tId="0" fbRx="233.9331614" lbRx="0" />
<p fId="2" fbTx="233.9331063" lbTx="233.9331548" tId="0" fbRx="233.9331614" lbRx="0" />
<p fId="2" fbTx="233.9331063" lbTx="233.9331548" tId="1" fbRx="233.9331614" lbRx="0" />
<p fId="2" fbTx="233.9331628" lbTx="233.9332112" tId="0" fbRx="233.9332178" lbRx="0" />
<p fId="2" fbTx="233.9331628" lbTx="233.9332112" tId="0" fbRx="233.9332178" lbRx="0" />
<p fId="2" fbTx="233.9331628" lbTx="233.9332112" tId="1" fbRx="233.9332178" lbRx="0" />
<p fId="2" fbTx="233.9332182" lbTx="233.9332667" tId="0" fbRx="233.9332732" lbRx="0" />
<p fId="2" fbTx="233.9332182" lbTx="233.9332667" tId="0" fbRx="233.9332732" lbRx="0" />
<p fId="2" fbTx="233.9332182" lbTx="233.9332667" tId="1" fbRx="233.9332732" lbRx="0" />
<p fId="2" fbTx="233.9332796" lbTx="233.9333281" tId="0" fbRx="233.9333347" lbRx="0" />
<p fId="2" fbTx="233.9332796" lbTx="233.9333281" tId="0" fbRx="233.9333347" lbRx="0" />
<p fId="2" fbTx="233.9332796" lbTx="233.9333281" tId="1" fbRx="233.9333347" lbRx="0" />
<p fId="2" fbTx="233.9333361" lbTx="233.9333846" tId="0" fbRx="233.9333911" lbRx="0" />
<p fId="2" fbTx="233.9333361" lbTx="233.9333846" tId="0" fbRx="233.9333911" lbRx="0" />
<p fId="2" fbTx="233.9333361" lbTx="233.9333846" tId="1" fbRx="233.9333911" lbRx="0" />
<p fId="2" fbTx="233.9334025" lbTx="233.933451" tId="0" fbRx="233.9334576" lbRx="0" />
<p fId="2" fbTx="233.9334025" lbTx="233.933451" tId="0" fbRx="233.9334576" lbRx="0" />
<p fId="2" fbTx="233.9334025" lbTx="233.933451" tId="1" fbRx="233.9334576" lbRx="0" />
<p fId="2" fbTx="233.933464" lbTx="233.9335124" tId="0" fbRx="233.933519" lbRx="0" />
<p fId="2" fbTx="233.933464" lbTx="233.9335124" tId="0" fbRx="233.933519" lbRx="0" />
<p fId="2" fbTx="233.933464" lbTx="233.9335124" tId="1" fbRx="233.933519" lbRx="0" />
<p fId="2" fbTx="233.9335214" lbTx="233.9335699" tId="0" fbRx="233.9335764" lbRx="0" />
<p fId="2" fbTx="233.9335214" lbTx="233.9335699" tId="0" fbRx="233.9335764" lbRx="0" />
<p fId="2" fbTx="233.9335214" lbTx="233.9335699" tId="1" fbRx="233.9335764" lbRx="0" />
<p fId="2" fbTx="233.9335768" lbTx="233.9336253" tId="0" fbRx="233.9336319" lbRx="0" />
<p fId="2" fbTx="233.9335768" lbTx="233.9336253" tId="0" fbRx="233.9336319" lbRx="0" />
<p fId="2" fbTx="233.9335768" lbTx="233.9336253" tId="1" fbRx="233.9336319" lbRx="0" />
<p fId="2" fbTx="233.9336563" lbTx="233.9337048" tId="0" fbRx="233.9337113" lbRx="0" />
<p fId="2" fbTx="233.9336563" lbTx="233.9337048" tId="0" fbRx="233.9337113" lbRx="0" />
<p fId="2" fbTx="233.9336563" lbTx="233.9337048" tId="1" fbRx="233.9337113" lbRx="0" />
<p fId="2" fbTx="233.9337137" lbTx="233.9337622" tId="0" fbRx="233.9337688" lbRx="0" />
<p fId="2" fbTx="233.9337137" lbTx="233.9337622" tId="0" fbRx="233.9337688" lbRx="0" />
<p fId="2" fbTx="233.9337137" lbTx="233.9337622" tId="1" fbRx="233.9337688" lbRx="0" />
<p fId="2" fbTx="233.9337702" lbTx="233.9338186" tId="0" fbRx="233.9338252" lbRx="0" />
<p fId="2" fbTx="233.9337702" lbTx="233.9338186" tId="0" fbRx="233.9338252" lbRx="0" />
<p fId="2" fbTx="233.9337702" lbTx="233.9338186" tId="1" fbRx="233.9338252" lbRx="0" />
<p fId="2" fbTx="233.9338356" lbTx="233.9338841" tId="0" fbRx="233.9338906" lbRx="0" />
<p fId="2" fbTx="233.9338356" lbTx="233.9338841" tId="0" fbRx="233.9338906" lbRx="0" />
<p fId="2" fbTx="233.9338356" lbTx="233.9338841" tId="1" fbRx="233.9338906" lbRx="0" />
<p fId="2" fbTx="233.933895" lbTx="233.9339435" tId="0" fbRx="233.9339501" lbRx="0" />
<p fId="2" fbTx="233.933895" lbTx="233.9339435" tId="0" fbRx="233.9339501" lbRx="0" />
<p fId="2" fbTx="233.933895" lbTx="233.9339435" tId="1" fbRx="233.9339501" lbRx="0" />
<p fId="2" fbTx="233.9339515" lbTx="233.934" tId="0" fbRx="233.9340065" lbRx="0" />
<p fId="2" fbTx="233.9339515" lbTx="233.934" tId="0" fbRx="233.9340065" lbRx="0" />
<p fId="2" fbTx="233.9339515" lbTx="233.934" tId="1" fbRx="233.9340065" lbRx="0" />
<p fId="2" fbTx="233.9340079" lbTx="233.9340564" tId="0" fbRx="233.934063" lbRx="0" />
<p fId="2" fbTx="233.9340079" lbTx="233.9340564" tId="0" fbRx="233.934063" lbRx="0" />
<p fId="2" fbTx="233.9340079" lbTx="233.9340564" tId="1" fbRx="233.934063" lbRx="0" />
<p fId="2" fbTx="233.9340644" lbTx="233.9341128" tId="0" fbRx="233.9341194" lbRx="0" />
<p fId="2" fbTx="233.9340644" lbTx="233.9341128" tId="0" fbRx="233.9341194" lbRx="0" />
<p fId="2" fbTx="233.9340644" lbTx="233.9341128" tId="1" fbRx="233.9341194" lbRx="0" />
<p fId="2" fbTx="233.9341218" lbTx="233.9341703" tId="0" fbRx="233.9341768" lbRx="0" />
<p fId="2" fbTx="233.9341218" lbTx="233.9341703" tId="0" fbRx="233.9341768" lbRx="0" />
<p fId="2" fbTx="233.9341218" lbTx="233.9341703" tId="1" fbRx="233.9341768" lbRx="0" />
<p fId="2" fbTx="233.9341842" lbTx="233.9342327" tId="0" fbRx="233.9342393" lbRx="0" />
<p fId="2" fbTx="233.9341842" lbTx="233.9342327" tId="0" fbRx="233.9342393" lbRx="0" />
<p fId="2" fbTx="233.9341842" lbTx="233.9342327" tId="1" fbRx="233.9342393" lbRx="0" />
<p fId="2" fbTx="233.9342407" lbTx="233.9342892" tId="0" fbRx="233.9342957" lbRx="0" />
<p fId="2" fbTx="233.9342407" lbTx="233.9342892" tId="0" fbRx="233.9342957" lbRx="0" />
<p fId="2" fbTx="233.9342407" lbTx="233.9342892" tId="1" fbRx="233.9342957" lbRx="0" />
<p fId="2" fbTx="233.9343001" lbTx="233.9343486" tId="0" fbRx="233.9343552" lbRx="0" />
<p fId="2" fbTx="233.9343001" lbTx="233.9343486" tId="0" fbRx="233.9343552" lbRx="0" />
<p fId="2" fbTx="233.9343001" lbTx="233.9343486" tId="1" fbRx="233.9343552" lbRx="0" />
<p fId="2" fbTx="233.9343616" lbTx="233.93441" tId="0" fbRx="233.9344166" lbRx="0" />
<p fId="2" fbTx="233.9343616" lbTx="233.93441" tId="0" fbRx="233.9344166" lbRx="0" />
<p fId="2" fbTx="233.9343616" lbTx="233.93441" tId="1" fbRx="233.9344166" lbRx="0" />
<p fId="2" fbTx="233.934419" lbTx="233.9344675" tId="0" fbRx="233.934474" lbRx="0" />
<p fId="2" fbTx="233.934419" lbTx="233.9344675" tId="0" fbRx="233.934474" lbRx="0" />
<p fId="2" fbTx="233.934419" lbTx="233.9344675" tId="1" fbRx="233.934474" lbRx="0" />
<p fId="2" fbTx="233.9344754" lbTx="233.9345239" tId="0" fbRx="233.9345305" lbRx="0" />
<p fId="2" fbTx="233.9344754" lbTx="233.9345239" tId="0" fbRx="233.9345305" lbRx="0" />
<p fId="2" fbTx="233.9344754" lbTx="233.9345239" tId="1" fbRx="233.9345305" lbRx="0" />
<p fId="2" fbTx="233.9345309" lbTx="233.9345794" tId="0" fbRx="233.9345859" lbRx="0" />
<p fId="2" fbTx="233.9345309" lbTx="233.9345794" tId="0" fbRx="233.9345859" lbRx="0" />
<p fId="2" fbTx="233.9345309" lbTx="233.9345794" tId="1" fbRx="233.9345859" lbRx="0" />
<p fId="2" fbTx="233.9346153" lbTx="233.9346638" tId="0" fbRx="233.9346704" lbRx="0" />
<p fId="2" fbTx="233.9346153" lbTx="233.9346638" tId="0" fbRx="233.9346704" lbRx="0" />
<p fId="2" fbTx="233.9346153" lbTx="233.9346638" tId="1" fbRx="233.9346704" lbRx="0" />
<p fId="2" fbTx="233.9346728" lbTx="233.9347212" tId="0" fbRx="233.9347278" lbRx="0" />
<p fId="2" fbTx="233.9346728" lbTx="233.9347212" tId="0" fbRx="233.9347278" lbRx="0" />
<p fId="2" fbTx="233.9346728" lbTx="233.9347212" tId="1" fbRx="233.9347278" lbRx="0" />
<p fId="2" fbTx="233.9347372" lbTx="233.9347857" tId="0" fbRx="233.9347922" lbRx="0" />
<p fId="2" fbTx="233.9347372" lbTx="233.9347857" tId="0" fbRx="233.9347922" lbRx="0" />
<p fId="2" fbTx="233.9347372" lbTx="233.9347857" tId="1" fbRx="233.9347922" lbRx="0" />
<p fId="2" fbTx="233.9348026" lbTx="233.9348511" tId="0" fbRx="233.9348577" lbRx="0" />
<p fId="2" fbTx="233.9348026" lbTx="233.9348511" tId="0" fbRx="233.9348577" lbRx="0" />
<p fId="2" fbTx="233.9348026" lbTx="233.9348511" tId="1" fbRx="233.9348577" lbRx="0" />
<p fId="2" fbTx="233.9348601" lbTx="233.9349086" tId="0" fbRx="233.9349151" lbRx="0" />
<p fId="2" fbTx="233.9348601" lbTx="233.9349086" tId="0" fbRx="233.9349151" lbRx="0" />
<p fId="2" fbTx="233.9348601" lbTx="233.9349086" tId="1" fbRx="233.9349151" lbRx="0" />
<p fId="2" fbTx="233.9349165" lbTx="233.934965" tId="0" fbRx="233.9349716" lbRx="0" />
<p fId="2" fbTx="233.9349165" lbTx="233.934965" tId="0" fbRx="233.9349716" lbRx="0" />
<p fId="2" fbTx="233.9349165" lbTx="233.934965" tId="1" fbRx="233.9349716" lbRx="0" />
<p fId="2" fbTx="233.934972" lbTx="233.9350204" tId="0" fbRx="233.935027" lbRx="0" />
<p fId="2" fbTx="233.934972" lbTx="233.9350204" tId="0" fbRx="233.935027" lbRx="0" />
<p fId="2" fbTx="233.934972" lbTx="233.9350204" tId="1" fbRx="233.935027" lbRx="0" />
<p fId="2" fbTx="233.9350384" lbTx="233.9350869" tId="0" fbRx="233.9350934" lbRx="0" />
<p fId="2" fbTx="233.9350384" lbTx="233.9350869" tId="0" fbRx="233.9350934" lbRx="0" />
<p fId="2" fbTx="233.9350384" lbTx="233.9350869" tId="1" fbRx="233.9350934" lbRx="0" />
<p fId="2" fbTx="233.9350968" lbTx="233.9351453" tId="0" fbRx="233.9351519" lbRx="0" />
<p fId="2" fbTx="233.9350968" lbTx="233.9351453" tId="0" fbRx="233.9351519" lbRx="0" />
<p fId="2" fbTx="233.9350968" lbTx="233.9351453" tId="1" fbRx="233.9351519" lbRx="0" />
<p fId="2" fbTx="233.9351563" lbTx="233.9352048" tId="0" fbRx="233.9352113" lbRx="0" />
<p fId="2" fbTx="233.9351563" lbTx="233.9352048" tId="0" fbRx="233.9352113" lbRx="0" />
<p fId="2" fbTx="233.9351563" lbTx="233.9352048" tId="1" fbRx="233.9352113" lbRx="0" />
<p fId="2" fbTx="233.9352127" lbTx="233.9352612" tId="0" fbRx="233.9352678" lbRx="0" />
<p fId="2" fbTx="233.9352127" lbTx="233.9352612" tId="0" fbRx="233.9352678" lbRx="0" />
<p fId="2" fbTx="233.9352127" lbTx="233.9352612" tId="1" fbRx="233.9352678" lbRx="0" />
<p fId="2" fbTx="233.9352702" lbTx="233.9353186" tId="0" fbRx="233.9353252" lbRx="0" />
<p fId="2" fbTx="233.9352702" lbTx="233.9353186" tId="0" fbRx="233.9353252" lbRx="0" />
<p fId="2" fbTx="233.9352702" lbTx="233.9353186" tId="1" fbRx="233.9353252" lbRx="0" />
<p fId="2" fbTx="233.9353346" lbTx="233.9353831" tId="0" fbRx="233.9353896" lbRx="0" />
<p fId="2" fbTx="233.9353346" lbTx="233.9353831" tId="0" fbRx="233.9353896" lbRx="0" />
<p fId="2" fbTx="233.9353346" lbTx="233.9353831" tId="1" fbRx="233.9353896" lbRx="0" />
<p fId="2" fbTx="233.935393" lbTx="233.9354415" tId="0" fbRx="233.9354481" lbRx="0" />
<p fId="2" fbTx="233.935393" lbTx="233.9354415" tId="0" fbRx="233.9354481" lbRx="0" />
<p fId="2" fbTx="233.935393" lbTx="233.9354415" tId="1" fbRx="233.9354481" lbRx="0" />
<p fId="2" fbTx="233.9354495" lbTx="233.935498" tId="0" fbRx="233.9355045" lbRx="0" />
<p fId="2" fbTx="233.9354495" lbTx="233.935498" tId="0" fbRx="233.9355045" lbRx="0" />
<p fId="2" fbTx="233.9354495" lbTx="233.935498" tId="1" fbRx="233.9355045" lbRx="0" />
<p fId="2" fbTx="233.9355059" lbTx="233.9355544" tId="0" fbRx="233.935561" lbRx="0" />
<p fId="2" fbTx="233.9355059" lbTx="233.9355544" tId="0" fbRx="233.935561" lbRx="0" />
<p fId="2" fbTx="233.9355059" lbTx="233.9355544" tId="1" fbRx="233.935561" lbRx="0" />
<p fId="2" fbTx="233.9355614" lbTx="233.9356098" tId="0" fbRx="233.9356164" lbRx="0" />
<p fId="2" fbTx="233.9355614" lbTx="233.9356098" tId="0" fbRx="233.9356164" lbRx="0" />
<p fId="2" fbTx="233.9355614" lbTx="233.9356098" tId="1" fbRx="233.9356164" lbRx="0" />
<p fId="2" fbTx="233.9356268" lbTx="233.9356753" tId="0" fbRx="233.9356818" lbRx="0" />
<p fId="2" fbTx="233.9356268" lbTx="233.9356753" tId="0" fbRx="233.9356818" lbRx="0" />
<p fId="2" fbTx="233.9356268" lbTx="233.9356753" tId="1" fbRx="233.9356818" lbRx="0" />
<p fId="2" fbTx="233.9356922" lbTx="233.9357407" tId="0" fbRx="233.9357473" lbRx="0" />
<p fId="2" fbTx="233.9356922" lbTx="233.9357407" tId="0" fbRx="233.9357473" lbRx="0" />
<p fId="2" fbTx="233.9356922" lbTx="233.9357407" tId="1" fbRx="233.9357473" lbRx="0" />
<p fId="2" fbTx="233.9357537" lbTx="233.9358022" tId="0" fbRx="233.9358087" lbRx="0" />
<p fId="2" fbTx="233.9357537" lbTx="233.9358022" tId="0" fbRx="233.9358087" lbRx="0" />
<p fId="2" fbTx="233.9357537" lbTx="233.9358022" tId="1" fbRx="233.9358087" lbRx="0" />
<p fId="2" fbTx="233.9358091" lbTx="233.9358576" tId="0" fbRx="233.9358642" lbRx="0" />
<p fId="2" fbTx="233.9358091" lbTx="233.9358576" tId="0" fbRx="233.9358642" lbRx="0" />
<p fId="2" fbTx="233.9358091" lbTx="233.9358576" tId="1" fbRx="233.9358642" lbRx="0" />
<p fId="2" fbTx="233.9358646" lbTx="233.935913" tId="0" fbRx="233.9359196" lbRx="0" />
<p fId="2" fbTx="233.9358646" lbTx="233.935913" tId="0" fbRx="233.9359196" lbRx="0" />
<p fId="2" fbTx="233.9358646" lbTx="233.935913" tId="1" fbRx="233.9359196" lbRx="0" />
<p fId="2" fbTx="233.935921" lbTx="233.9359695" tId="0" fbRx="233.935976" lbRx="0" />
<p fId="2" fbTx="233.935921" lbTx="233.9359695" tId="0" fbRx="233.935976" lbRx="0" />
<p fId="2" fbTx="233.935921" lbTx="233.9359695" tId="1" fbRx="233.935976" lbRx="0" />
<p fId="2" fbTx="233.9359794" lbTx="233.9360279" tId="0" fbRx="233.9360345" lbRx="0" />
<p fId="2" fbTx="233.9359794" lbTx="233.9360279" tId="0" fbRx="233.9360345" lbRx="0" />
<p fId="2" fbTx="233.9359794" lbTx="233.9360279" tId="1" fbRx="233.9360345" lbRx="0" />
<p fId="2" fbTx="233.9360369" lbTx="233.9360854" tId="0" fbRx="233.9360919" lbRx="0" />
<p fId="2" fbTx="233.9360369" lbTx="233.9360854" tId="0" fbRx="233.9360919" lbRx="0" />
<p fId="2" fbTx="233.9360369" lbTx="233.9360854" tId="1" fbRx="233.9360919" lbRx="0" />
<p fId="2" fbTx="233.9360983" lbTx="233.9361468" tId="0" fbRx="233.9361534" lbRx="0" />
<p fId="2" fbTx="233.9360983" lbTx="233.9361468" tId="0" fbRx="233.9361534" lbRx="0" />
<p fId="2" fbTx="233.9360983" lbTx="233.9361468" tId="1" fbRx="233.9361534" lbRx="0" />
<p fId="2" fbTx="233.9361558" lbTx="233.9362042" tId="0" fbRx="233.9362108" lbRx="0" />
<p fId="2" fbTx="233.9361558" lbTx="233.9362042" tId="0" fbRx="233.9362108" lbRx="0" />
<p fId="2" fbTx="233.9361558" lbTx="233.9362042" tId="1" fbRx="233.9362108" lbRx="0" />
<p fId="2" fbTx="233.9362142" lbTx="233.9362627" tId="0" fbRx="233.9362692" lbRx="0" />
<p fId="2" fbTx="233.9362142" lbTx="233.9362627" tId="0" fbRx="233.9362692" lbRx="0" />
<p fId="2" fbTx="233.9362142" lbTx="233.9362627" tId="1" fbRx="233.9362692" lbRx="0" />
<p fId="2" fbTx="233.9362796" lbTx="233.9363281" tId="0" fbRx="233.9363347" lbRx="0" />
<p fId="2" fbTx="233.9362796" lbTx="233.9363281" tId="0" fbRx="233.9363347" lbRx="0" />
<p fId="2" fbTx="233.9362796" lbTx="233.9363281" tId="1" fbRx="233.9363347" lbRx="0" />
<p fId="2" fbTx="233.9363391" lbTx="233.9363876" tId="0" fbRx="233.9363941" lbRx="0" />
<p fId="2" fbTx="233.9363391" lbTx="233.9363876" tId="0" fbRx="233.9363941" lbRx="0" />
<p fId="2" fbTx="233.9363391" lbTx="233.9363876" tId="1" fbRx="233.9363941" lbRx="0" />
<p fId="2" fbTx="233.9363965" lbTx="233.936445" tId="0" fbRx="233.9364516" lbRx="0" />
<p fId="2" fbTx="233.9363965" lbTx="233.936445" tId="0" fbRx="233.9364516" lbRx="0" />
<p fId="2" fbTx="233.9363965" lbTx="233.936445" tId="1" fbRx="233.9364516" lbRx="0" />
<p fId="2" fbTx="233.936456" lbTx="233.9365044" tId="0" fbRx="233.936511" lbRx="0" />
<p fId="2" fbTx="233.936456" lbTx="233.9365044" tId="0" fbRx="233.936511" lbRx="0" />
<p fId="2" fbTx="233.936456" lbTx="233.9365044" tId="1" fbRx="233.936511" lbRx="0" />
<p fId="2" fbTx="233.9365124" lbTx="233.9365609" tId="0" fbRx="233.9365674" lbRx="0" />
<p fId="2" fbTx="233.9365124" lbTx="233.9365609" tId="0" fbRx="233.9365674" lbRx="0" />
<p fId="2" fbTx="233.9365124" lbTx="233.9365609" tId="1" fbRx="233.9365674" lbRx="0" />
<p fId="2" fbTx="233.9365678" lbTx="233.9366163" tId="0" fbRx="233.9366229" lbRx="0" />
<p fId="2" fbTx="233.9365678" lbTx="233.9366163" tId="0" fbRx="233.9366229" lbRx="0" />
<p fId="2" fbTx="233.9365678" lbTx="233.9366163" tId="1" fbRx="233.9366229" lbRx="0" />
<p fId="2" fbTx="233.9366263" lbTx="233.9366748" tId="0" fbRx="233.9366813" lbRx="0" />
<p fId="2" fbTx="233.9366263" lbTx="233.9366748" tId="0" fbRx="233.9366813" lbRx="0" />
<p fId="2" fbTx="233.9366263" lbTx="233.9366748" tId="1" fbRx="233.9366813" lbRx="0" />
<p fId="2" fbTx="233.9366907" lbTx="233.9367392" tId="0" fbRx="233.9367458" lbRx="0" />
<p fId="2" fbTx="233.9366907" lbTx="233.9367392" tId="0" fbRx="233.9367458" lbRx="0" />
<p fId="2" fbTx="233.9366907" lbTx="233.9367392" tId="1" fbRx="233.9367458" lbRx="0" />
<p fId="2" fbTx="233.9367482" lbTx="233.9367966" tId="0" fbRx="233.9368032" lbRx="0" />
<p fId="2" fbTx="233.9367482" lbTx="233.9367966" tId="0" fbRx="233.9368032" lbRx="0" />
<p fId="2" fbTx="233.9367482" lbTx="233.9367966" tId="1" fbRx="233.9368032" lbRx="0" />
<p fId="2" fbTx="233.9368056" lbTx="233.9368541" tId="0" fbRx="233.9368606" lbRx="0" />
<p fId="2" fbTx="233.9368056" lbTx="233.9368541" tId="0" fbRx="233.9368606" lbRx="0" />
<p fId="2" fbTx="233.9368056" lbTx="233.9368541" tId="1" fbRx="233.9368606" lbRx="0" />
<p fId="2" fbTx="233.936872" lbTx="233.9369205" tId="0" fbRx="233.9369271" lbRx="0" />
<p fId="2" fbTx="233.936872" lbTx="233.9369205" tId="0" fbRx="233.9369271" lbRx="0" />
<p fId="2" fbTx="233.936872" lbTx="233.9369205" tId="1" fbRx="233.9369271" lbRx="0" />
<p fId="2" fbTx="233.9369295" lbTx="233.936978" tId="0" fbRx="233.9369845" lbRx="0" />
<p fId="2" fbTx="233.9369295" lbTx="233.936978" tId="0" fbRx="233.9369845" lbRx="0" />
<p fId="2" fbTx="233.9369295" lbTx="233.936978" tId="1" fbRx="233.9369845" lbRx="0" />
<p fId="2" fbTx="233.9369899" lbTx="233.9370384" tId="0" fbRx="233.937045" lbRx="0" />
<p fId="2" fbTx="233.9369899" lbTx="233.9370384" tId="0" fbRx="233.937045" lbRx="0" />
<p fId="2" fbTx="233.9369899" lbTx="233.9370384" tId="1" fbRx="233.937045" lbRx="0" />
<p fId="2" fbTx="233.9370464" lbTx="233.9370948" tId="0" fbRx="233.9371014" lbRx="0" />
<p fId="2" fbTx="233.9370464" lbTx="233.9370948" tId="0" fbRx="233.9371014" lbRx="0" />
<p fId="2" fbTx="233.9370464" lbTx="233.9370948" tId="1" fbRx="233.9371014" lbRx="0" />
<p fId="2" fbTx="233.9371048" lbTx="233.9371533" tId="0" fbRx="233.9371598" lbRx="0" />
<p fId="2" fbTx="233.9371048" lbTx="233.9371533" tId="0" fbRx="233.9371598" lbRx="0" />
<p fId="2" fbTx="233.9371048" lbTx="233.9371533" tId="1" fbRx="233.9371598" lbRx="0" />
<p fId="2" fbTx="233.9371602" lbTx="233.9372087" tId="0" fbRx="233.9372153" lbRx="0" />
<p fId="2" fbTx="233.9371602" lbTx="233.9372087" tId="0" fbRx="233.9372153" lbRx="0" />
<p fId="2" fbTx="233.9371602" lbTx="233.9372087" tId="1" fbRx="233.9372153" lbRx="0" />
<p fId="2" fbTx="233.9372187" lbTx="233.9372672" tId="0" fbRx="233.9372737" lbRx="0" />
<p fId="2" fbTx="233.9372187" lbTx="233.9372672" tId="0" fbRx="233.9372737" lbRx="0" />
<p fId="2" fbTx="233.9372187" lbTx="233.9372672" tId="1" fbRx="233.9372737" lbRx="0" />
<p fId="2" fbTx="233.9372801" lbTx="233.9373286" tId="0" fbRx="233.9373352" lbRx="0" />
<p fId="2" fbTx="233.9372801" lbTx="233.9373286" tId="0" fbRx="233.9373352" lbRx="0" />
<p fId="2" fbTx="233.9372801" lbTx="233.9373286" tId="1" fbRx="233.9373352" lbRx="0" />
<p fId="2" fbTx="233.9373356" lbTx="233.937384" tId="0" fbRx="233.9373906" lbRx="0" />
<p fId="2" fbTx="233.9373356" lbTx="233.937384" tId="0" fbRx="233.9373906" lbRx="0" />
<p fId="2" fbTx="233.9373356" lbTx="233.937384" tId="1" fbRx="233.9373906" lbRx="0" />
<p fId="2" fbTx="233.937392" lbTx="233.9374405" tId="0" fbRx="233.937447" lbRx="0" />
<p fId="2" fbTx="233.937392" lbTx="233.9374405" tId="0" fbRx="233.937447" lbRx="0" />
<p fId="2" fbTx="233.937392" lbTx="233.9374405" tId="1" fbRx="233.937447" lbRx="0" />
<p fId="2" fbTx="233.9374484" lbTx="233.9374969" tId="0" fbRx="233.9375035" lbRx="0" />
<p fId="2" fbTx="233.9374484" lbTx="233.9374969" tId="0" fbRx="233.9375035" lbRx="0" />
<p fId="2" fbTx="233.9374484" lbTx="233.9374969" tId="1" fbRx="233.9375035" lbRx="0" />
<p fId="2" fbTx="233.9375119" lbTx="233.9375604" tId="0" fbRx="233.9375669" lbRx="0" />
<p fId="2" fbTx="233.9375119" lbTx="233.9375604" tId="0" fbRx="233.9375669" lbRx="0" />
<p fId="2" fbTx="233.9375119" lbTx="233.9375604" tId="1" fbRx="233.9375669" lbRx="0" />
<p fId="2" fbTx="233.9375773" lbTx="233.9376258" tId="0" fbRx="233.9376324" lbRx="0" />
<p fId="2" fbTx="233.9375773" lbTx="233.9376258" tId="0" fbRx="233.9376324" lbRx="0" />
<p fId="2" fbTx="233.9375773" lbTx="233.9376258" tId="1" fbRx="233.9376324" lbRx="0" />
<p fId="2" fbTx="233.9376338" lbTx="233.9376822" tId="0" fbRx="233.9376888" lbRx="0" />
<p fId="2" fbTx="233.9376338" lbTx="233.9376822" tId="0" fbRx="233.9376888" lbRx="0" />
<p fId="2" fbTx="233.9376338" lbTx="233.9376822" tId="1" fbRx="233.9376888" lbRx="0" />
<p fId="2" fbTx="233.9376892" lbTx="233.9377377" tId="0" fbRx="233.9377442" lbRx="0" />
<p fId="2" fbTx="233.9376892" lbTx="233.9377377" tId="0" fbRx="233.9377442" lbRx="0" />
<p fId="2" fbTx="233.9376892" lbTx="233.9377377" tId="1" fbRx="233.9377442" lbRx="0" />
<p fId="2" fbTx="233.9377466" lbTx="233.9377951" tId="0" fbRx="233.9378017" lbRx="0" />
<p fId="2" fbTx="233.9377466" lbTx="233.9377951" tId="0" fbRx="233.9378017" lbRx="0" />
<p fId="2" fbTx="233.9377466" lbTx="233.9377951" tId="1" fbRx="233.9378017" lbRx="0" />
<p fId="2" fbTx="233.9378051" lbTx="233.9378536" tId="0" fbRx="233.9378601" lbRx="0" />
<p fId="2" fbTx="233.9378051" lbTx="233.9378536" tId="0" fbRx="233.9378601" lbRx="0" />
<p fId="2" fbTx="233.9378051" lbTx="233.9378536" tId="1" fbRx="233.9378601" lbRx="0" />
<p fId="2" fbTx="233.9378605" lbTx="233.937909" tId="0" fbRx="233.9379156" lbRx="0" />
<p fId="2" fbTx="233.9378605" lbTx="233.937909" tId="0" fbRx="233.9379156" lbRx="0" />
<p fId="2" fbTx="233.9378605" lbTx="233.937909" tId="1" fbRx="233.9379156" lbRx="0" />
<p fId="0" fbTx="233.9379198" lbTx="233.9379254" tId="1" fbRx="233.937932" lbRx="0" />
<p fId="0" fbTx="233.9379198" lbTx="233.9379254" tId="2" fbRx="233.937932" lbRx="0" />
<p fId="0" fbTx="233.9379198" lbTx="233.9379254" tId="2" fbRx="233.937932" lbRx="0" />
<p fId="0" fbTx="233.9379334" lbTx="233.937939" tId="1" fbRx="233.9379455" lbRx="0" />
<p fId="0" fbTx="233.9379334" lbTx="233.937939" tId="2" fbRx="233.9379455" lbRx="0" />
<p fId="0" fbTx="233.9379334" lbTx="233.937939" tId="2" fbRx="233.9379455" lbRx="0" />
<p fId="0" fbTx="233.9379489" lbTx="233.9379545" tId="1" fbRx="233.9379611" lbRx="0" />
<p fId="0" fbTx="233.9379489" lbTx="233.9379545" tId="2" fbRx="233.9379611" lbRx="0" />
<p fId="0" fbTx="233.9379489" lbTx="233.9379545" tId="2" fbRx="233.9379611" lbRx="0" />
<p fId="0" fbTx="233.9379635" lbTx="233.9379691" tId="1" fbRx="233.9379756" lbRx="0" />
<p fId="0" fbTx="233.9379635" lbTx="233.9379691" tId="2" fbRx="233.9379756" lbRx="0" />
<p fId="0" fbTx="233.9379635" lbTx="233.9379691" tId="2" fbRx="233.9379756" lbRx="0" />
<p fId="0" fbTx="233.937977" lbTx="233.9379826" tId="1" fbRx="233.9379892" lbRx="0" />
<p fId="0" fbTx="233.937977" lbTx="233.9379826" tId="2" fbRx="233.9379892" lbRx="0" />
<p fId="0" fbTx="233.937977" lbTx="233.9379826" tId="2" fbRx="233.9379892" lbRx="0" />
<p fId="0" fbTx="233.9379916" lbTx="233.9379972" tId="1" fbRx="233.9380038" lbRx="0" />
<p fId="0" fbTx="233.9379916" lbTx="233.9379972" tId="2" fbRx="233.9380038" lbRx="0" />
<p fId="0" fbTx="233.9379916" lbTx="233.9379972" tId="2" fbRx="233.9380038" lbRx="0" />
<p fId="0" fbTx="233.9380152" lbTx="233.9380208" tId="1" fbRx="233.9380273" lbRx="0" />
<p fId="0" fbTx="233.9380152" lbTx="233.9380208" tId="2" fbRx="233.9380273" lbRx="0" />
<p fId="0" fbTx="233.9380152" lbTx="233.9380208" tId="2" fbRx="233.9380273" lbRx="0" />
<p fId="0" fbTx="233.9380337" lbTx="233.9380393" tId="1" fbRx="233.9380459" lbRx="0" />
<p fId="0" fbTx="233.9380337" lbTx="233.9380393" tId="2" fbRx="233.9380459" lbRx="0" />
<p fId="0" fbTx="233.9380337" lbTx="233.9380393" tId="2" fbRx="233.9380459" lbRx="0" />
<p fId="0" fbTx="233.9380533" lbTx="233.9380589" tId="1" fbRx="233.9380654" lbRx="0" />
<p fId="0" fbTx="233.9380533" lbTx="233.9380589" tId="2" fbRx="233.9380654" lbRx="0" />
<p fId="0" fbTx="233.9380533" lbTx="233.9380589" tId="2" fbRx="233.9380654" lbRx="0" />
<p fId="0" fbTx="233.9380678" lbTx="233.9380734" tId="1" fbRx="233.93808" lbRx="0" />
<p fId="0" fbTx="233.9380678" lbTx="233.9380734" tId="2" fbRx="233.93808" lbRx="0" />
<p fId="0" fbTx="233.9380678" lbTx="233.9380734" tId="2" fbRx="233.93808" lbRx="0" />
<p fId="0" fbTx="233.9380804" lbTx="233.938086" tId="1" fbRx="233.9380926" lbRx="0" />
<p fId="0" fbTx="233.9380804" lbTx="233.938086" tId="2" fbRx="233.9380926" lbRx="0" />
<p fId="0" fbTx="233.9380804" lbTx="233.938086" tId="2" fbRx="233.9380926" lbRx="0" />
<p fId="0" fbTx="233.938096" lbTx="233.9381016" tId="1" fbRx="233.9381081" lbRx="0" />
<p fId="0" fbTx="233.938096" lbTx="233.9381016" tId="2" fbRx="233.9381081" lbRx="0" />
<p fId="0" fbTx="233.938096" lbTx="233.9381016" tId="2" fbRx="233.9381081" lbRx="0" />
<p fId="0" fbTx="233.9381095" lbTx="233.9381151" tId="1" fbRx="233.9381217" lbRx="0" />
<p fId="0" fbTx="233.9381095" lbTx="233.9381151" tId="2" fbRx="233.9381217" lbRx="0" />
<p fId="0" fbTx="233.9381095" lbTx="233.9381151" tId="2" fbRx="233.9381217" lbRx="0" />
<p fId="0" fbTx="233.9381221" lbTx="233.9381277" tId="1" fbRx="233.9381342" lbRx="0" />
<p fId="0" fbTx="233.9381221" lbTx="233.9381277" tId="2" fbRx="233.9381342" lbRx="0" />
<p fId="0" fbTx="233.9381221" lbTx="233.9381277" tId="2" fbRx="233.9381342" lbRx="0" />
<p fId="0" fbTx="233.9381356" lbTx="233.9381412" tId="1" fbRx="233.9381478" lbRx="0" />
<p fId="0" fbTx="233.9381356" lbTx="233.9381412" tId="2" fbRx="233.9381478" lbRx="0" />
<p fId="0" fbTx="233.9381356" lbTx="233.9381412" tId="2" fbRx="233.9381478" lbRx="0" />
<p fId="0" fbTx="233.9381482" lbTx="233.9381538" tId="1" fbRx="233.9381604" lbRx="0" />
<p fId="0" fbTx="233.9381482" lbTx="233.9381538" tId="2" fbRx="233.9381604" lbRx="0" />
<p fId="0" fbTx="233.9381482" lbTx="233.9381538" tId="2" fbRx="233.9381604" lbRx="0" />
<p fId="0" fbTx="233.9381638" lbTx="233.9381694" tId="1" fbRx="233.9381759" lbRx="0" />
<p fId="0" fbTx="233.9381638" lbTx="233.9381694" tId="2" fbRx="233.9381759" lbRx="0" />
<p fId="0" fbTx="233.9381638" lbTx="233.9381694" tId="2" fbRx="233.9381759" lbRx="0" />
<p fId="0" fbTx="233.9381803" lbTx="233.9381859" tId="1" fbRx="233.9381925" lbRx="0" />
<p fId="0" fbTx="233.9381803" lbTx="233.9381859" tId="2" fbRx="233.9381925" lbRx="0" />
<p fId="0" fbTx="233.9381803" lbTx="233.9381859" tId="2" fbRx="233.9381925" lbRx="0" />
<p fId="0" fbTx="233.9381949" lbTx="233.9382005" tId="1" fbRx="233.938207" lbRx="0" />
<p fId="0" fbTx="233.9381949" lbTx="233.9382005" tId="2" fbRx="233.938207" lbRx="0" />
<p fId="0" fbTx="233.9381949" lbTx="233.9382005" tId="2" fbRx="233.938207" lbRx="0" />
<p fId="0" fbTx="233.9382074" lbTx="233.938213" tId="1" fbRx="233.9382196" lbRx="0" />
<p fId="0" fbTx="233.9382074" lbTx="233.938213" tId="2" fbRx="233.9382196" lbRx="0" />
<p fId="0" fbTx="233.9382074" lbTx="233.938213" tId="2" fbRx="233.9382196" lbRx="0" />
<p fId="0" fbTx="233.93822" lbTx="233.9382256" tId="1" fbRx="233.9382322" lbRx="0" />
<p fId="0" fbTx="233.93822" lbTx="233.9382256" tId="2" fbRx="233.9382322" lbRx="0" />
<p fId="0" fbTx="233.93822" lbTx="233.9382256" tId="2" fbRx="233.9382322" lbRx="0" />
<p fId="0" fbTx="233.9382326" lbTx="233.9382382" tId="1" fbRx="233.9382447" lbRx="0" />
<p fId="0" fbTx="233.9382326" lbTx="233.9382382" tId="2" fbRx="233.9382447" lbRx="0" />
<p fId="0" fbTx="233.9382326" lbTx="233.9382382" tId="2" fbRx="233.9382447" lbRx="0" />
<p fId="0" fbTx="233.9382451" lbTx="233.9382507" tId="1" fbRx="233.9382573" lbRx="0" />
<p fId="0" fbTx="233.9382451" lbTx="233.9382507" tId="2" fbRx="233.9382573" lbRx="0" />
<p fId="0" fbTx="233.9382451" lbTx="233.9382507" tId="2" fbRx="233.9382573" lbRx="0" />
<p fId="0" fbTx="233.9382597" lbTx="233.9382653" tId="1" fbRx="233.9382718" lbRx="0" />
<p fId="0" fbTx="233.9382597" lbTx="233.9382653" tId="2" fbRx="233.9382718" lbRx="0" />
<p fId="0" fbTx="233.9382597" lbTx="233.9382653" tId="2" fbRx="233.9382718" lbRx="0" />
<p fId="0" fbTx="233.9382752" lbTx="233.9382808" tId="1" fbRx="233.9382874" lbRx="0" />
<p fId="0" fbTx="233.9382752" lbTx="233.9382808" tId="2" fbRx="233.9382874" lbRx="0" />
<p fId="0" fbTx="233.9382752" lbTx="233.9382808" tId="2" fbRx="233.9382874" lbRx="0" />
<p fId="0" fbTx="233.9382888" lbTx="233.9382944" tId="1" fbRx="233.938301" lbRx="0" />
<p fId="0" fbTx="233.9382888" lbTx="233.9382944" tId="2" fbRx="233.938301" lbRx="0" />
<p fId="0" fbTx="233.9382888" lbTx="233.9382944" tId="2" fbRx="233.938301" lbRx="0" />
<p fId="0" fbTx="233.9383044" lbTx="233.93831" tId="1" fbRx="233.9383165" lbRx="0" />
<p fId="0" fbTx="233.9383044" lbTx="233.93831" tId="2" fbRx="233.9383165" lbRx="0" />
<p fId="0" fbTx="233.9383044" lbTx="233.93831" tId="2" fbRx="233.9383165" lbRx="0" />
<p fId="0" fbTx="233.9383179" lbTx="233.9383235" tId="1" fbRx="233.9383301" lbRx="0" />
<p fId="0" fbTx="233.9383179" lbTx="233.9383235" tId="2" fbRx="233.9383301" lbRx="0" />
<p fId="0" fbTx="233.9383179" lbTx="233.9383235" tId="2" fbRx="233.9383301" lbRx="0" />
<p fId="0" fbTx="233.9383415" lbTx="233.9383471" tId="1" fbRx="233.9383536" lbRx="0" />
<p fId="0" fbTx="233.9383415" lbTx="233.9383471" tId="2" fbRx="233.9383536" lbRx="0" />
<p fId="0" fbTx="233.9383415" lbTx="233.9383471" tId="2" fbRx="233.9383536" lbRx="0" />
<p fId="0" fbTx="233.938358" lbTx="233.9383636" tId="1" fbRx="233.9383702" lbRx="0" />
<p fId="0" fbTx="233.938358" lbTx="233.9383636" tId="2" fbRx="233.9383702" lbRx="0" />
<p fId="0" fbTx="233.938358" lbTx="233.9383636" tId="2" fbRx="233.9383702" lbRx="0" />
<p fId="0" fbTx="233.9383816" lbTx="233.9383872" tId="1" fbRx="233.9383938" lbRx="0" />
<p fId="0" fbTx="233.9383816" lbTx="233.9383872" tId="2" fbRx="233.9383938" lbRx="0" />
<p fId="0" fbTx="233.9383816" lbTx="233.9383872" tId="2" fbRx="233.9383938" lbRx="0" />
<p fId="0" fbTx="233.9383942" lbTx="233.9383998" tId="1" fbRx="233.9384063" lbRx="0" />
<p fId="0" fbTx="233.9383942" lbTx="233.9383998" tId="2" fbRx="233.9384063" lbRx="0" />
<p fId="0" fbTx="233.9383942" lbTx="233.9383998" tId="2" fbRx="233.9384063" lbRx="0" />
<p fId="0" fbTx="233.9384077" lbTx="233.9384133" tId="1" fbRx="233.9384199" lbRx="0" />
<p fId="0" fbTx="233.9384077" lbTx="233.9384133" tId="2" fbRx="233.9384199" lbRx="0" />
<p fId="0" fbTx="233.9384077" lbTx="233.9384133" tId="2" fbRx="233.9384199" lbRx="0" />
<p fId="0" fbTx="233.9384213" lbTx="233.9384269" tId="1" fbRx="233.9384334" lbRx="0" />
<p fId="0" fbTx="233.9384213" lbTx="233.9384269" tId="2" fbRx="233.9384334" lbRx="0" />
<p fId="0" fbTx="233.9384213" lbTx="233.9384269" tId="2" fbRx="233.9384334" lbRx="0" />
<p fId="0" fbTx="233.9384338" lbTx="233.9384394" tId="1" fbRx="233.938446" lbRx="0" />
<p fId="0" fbTx="233.9384338" lbTx="233.9384394" tId="2" fbRx="233.938446" lbRx="0" />
<p fId="0" fbTx="233.9384338" lbTx="233.9384394" tId="2" fbRx="233.938446" lbRx="0" />
<p fId="0" fbTx="233.9384484" lbTx="233.938454" tId="1" fbRx="233.9384606" lbRx="0" />
<p fId="0" fbTx="233.9384484" lbTx="233.938454" tId="2" fbRx="233.9384606" lbRx="0" />
<p fId="0" fbTx="233.9384484" lbTx="233.938454" tId="2" fbRx="233.9384606" lbRx="0" />
<p fId="0" fbTx="233.938462" lbTx="233.9384676" tId="1" fbRx="233.9384741" lbRx="0" />
<p fId="0" fbTx="233.938462" lbTx="233.9384676" tId="2" fbRx="233.9384741" lbRx="0" />
<p fId="0" fbTx="233.938462" lbTx="233.9384676" tId="2" fbRx="233.9384741" lbRx="0" />
<p fId="0" fbTx="233.9384835" lbTx="233.9384891" tId="1" fbRx="233.9384957" lbRx="0" />
<p fId="0" fbTx="233.9384835" lbTx="233.9384891" tId="2" fbRx="233.9384957" lbRx="0" />
<p fId="0" fbTx="233.9384835" lbTx="233.9384891" tId="2" fbRx="233.9384957" lbRx="0" />
<p fId="0" fbTx="233.9384971" lbTx="233.9385027" tId="1" fbRx="233.9385092" lbRx="0" />
<p fId="0" fbTx="233.9384971" lbTx="233.9385027" tId="2" fbRx="233.9385092" lbRx="0" />
<p fId="0" fbTx="233.9384971" lbTx="233.9385027" tId="2" fbRx="233.9385092" lbRx="0" />
<p fId="0" fbTx="233.9385106" lbTx="233.9385162" tId="1" fbRx="233.9385228" lbRx="0" />
<p fId="0" fbTx="233.9385106" lbTx="233.9385162" tId="2" fbRx="233.9385228" lbRx="0" />
<p fId="0" fbTx="233.9385106" lbTx="233.9385162" tId="2" fbRx="233.9385228" lbRx="0" />
<p fId="2" fbTx="233.938652" lbTx="233.9387004" tId="0" fbRx="233.938707" lbRx="0" />
<p fId="2" fbTx="233.938652" lbTx="233.9387004" tId="0" fbRx="233.938707" lbRx="0" />
<p fId="2" fbTx="233.938652" lbTx="233.9387004" tId="1" fbRx="233.938707" lbRx="0" />
<p fId="2" fbTx="233.9387074" lbTx="233.9387559" tId="0" fbRx="233.9387624" lbRx="0" />
<p fId="2" fbTx="233.9387074" lbTx="233.9387559" tId="0" fbRx="233.9387624" lbRx="0" />
<p fId="2" fbTx="233.9387074" lbTx="233.9387559" tId="1" fbRx="233.9387624" lbRx="0" />
<p fId="2" fbTx="233.9387638" lbTx="233.9387898" tId="0" fbRx="233.9387963" lbRx="0" />
<p fId="2" fbTx="233.9387638" lbTx="233.9387898" tId="0" fbRx="233.9387963" lbRx="0" />
<p fId="2" fbTx="233.9387638" lbTx="233.9387898" tId="1" fbRx="233.9387963" lbRx="0" />
<p fId="0" fbTx="233.938914" lbTx="233.9389196" tId="1" fbRx="233.9389262" lbRx="0" />
<p fId="0" fbTx="233.938914" lbTx="233.9389196" tId="2" fbRx="233.9389262" lbRx="0" />
<p fId="0" fbTx="233.938914" lbTx="233.9389196" tId="2" fbRx="233.9389262" lbRx="0" />
<p fId="0" fbTx="233.9389286" lbTx="233.9389342" tId="1" fbRx="233.9389407" lbRx="0" />
<p fId="0" fbTx="233.9389286" lbTx="233.9389342" tId="2" fbRx="233.9389407" lbRx="0" />
<p fId="0" fbTx="233.9389286" lbTx="233.9389342" tId="2" fbRx="233.9389407" lbRx="0" />
<p fId="0" fbTx="233.9460354" lbTx="233.946069" tId="1" fbRx="233.9460756" lbRx="0" />
<p fId="0" fbTx="233.9460354" lbTx="233.946069" tId="2" fbRx="233.9460756" lbRx="0" />
<p fId="0" fbTx="233.9460354" lbTx="233.946069" tId="2" fbRx="233.9460756" lbRx="0" />
<p fId="2" fbTx="233.9460756" lbTx="233.946124" tId="0" fbRx="233.9461306" lbRx="0" />
<p fId="2" fbTx="233.9460756" lbTx="233.946124" tId="0" fbRx="233.9461306" lbRx="0" />
<p fId="2" fbTx="233.9460756" lbTx="233.946124" tId="1" fbRx="233.9461306" lbRx="0" />
<p fId="2" fbTx="233.946131" lbTx="233.9461795" tId="0" fbRx="233.946186" lbRx="0" />
<p fId="2" fbTx="233.946131" lbTx="233.9461795" tId="0" fbRx="233.946186" lbRx="0" />
<p fId="2" fbTx="233.946131" lbTx="233.9461795" tId="1" fbRx="233.946186" lbRx="0" />
<p fId="0" fbTx="233.946187" lbTx="233.9461926" tId="1" fbRx="233.9461992" lbRx="0" />
<p fId="0" fbTx="233.946187" lbTx="233.9461926" tId="2" fbRx="233.9461992" lbRx="0" />
<p fId="0" fbTx="233.946187" lbTx="233.9461926" tId="2" fbRx="233.9461992" lbRx="0" />
<p fId="2" fbTx="233.9462004" lbTx="233.9462489" tId="0" fbRx="233.9462555" lbRx="0" />
<p fId="2" fbTx="233.9462004" lbTx="233.9462489" tId="0" fbRx="233.9462555" lbRx="0" />
<p fId="2" fbTx="233.9462004" lbTx="233.9462489" tId="1" fbRx="233.9462555" lbRx="0" />
<p fId="2" fbTx="233.9462599" lbTx="233.9463084" tId="0" fbRx="233.9463149" lbRx="0" />
<p fId="2" fbTx="233.9462599" lbTx="233.9463084" tId="0" fbRx="233.9463149" lbRx="0" />
<p fId="2" fbTx="233.9462599" lbTx="233.9463084" tId="1" fbRx="233.9463149" lbRx="0" />
<p fId="0" fbTx="233.9463159" lbTx="233.9463215" tId="1" fbRx="233.9463281" lbRx="0" />
<p fId="0" fbTx="233.9463159" lbTx="233.9463215" tId="2" fbRx="233.9463281" lbRx="0" />
<p fId="0" fbTx="233.9463159" lbTx="233.9463215" tId="2" fbRx="233.9463281" lbRx="0" />
<p fId="2" fbTx="233.9463313" lbTx="233.9463798" tId="0" fbRx="233.9463864" lbRx="0" />
<p fId="2" fbTx="233.9463313" lbTx="233.9463798" tId="0" fbRx="233.9463864" lbRx="0" />
<p fId="2" fbTx="233.9463313" lbTx="233.9463798" tId="1" fbRx="233.9463864" lbRx="0" />
<p fId="2" fbTx="233.9463888" lbTx="233.9464372" tId="0" fbRx="233.9464438" lbRx="0" />
<p fId="2" fbTx="233.9463888" lbTx="233.9464372" tId="0" fbRx="233.9464438" lbRx="0" />
<p fId="2" fbTx="233.9463888" lbTx="233.9464372" tId="1" fbRx="233.9464438" lbRx="0" />
<p fId="0" fbTx="233.9464448" lbTx="233.9464504" tId="1" fbRx="233.946457" lbRx="0" />
<p fId="0" fbTx="233.9464448" lbTx="233.9464504" tId="2" fbRx="233.946457" lbRx="0" />
<p fId="0" fbTx="233.9464448" lbTx="233.9464504" tId="2" fbRx="233.946457" lbRx="0" />
<p fId="2" fbTx="233.9464802" lbTx="233.9465287" tId="0" fbRx="233.9465352" lbRx="0" />
<p fId="2" fbTx="233.9464802" lbTx="233.9465287" tId="0" fbRx="233.9465352" lbRx="0" />
<p fId="2" fbTx="233.9464802" lbTx="233.9465287" tId="1" fbRx="233.9465352" lbRx="0" />
<p fId="2" fbTx="233.9465386" lbTx="233.9465871" tId="0" fbRx="233.9465937" lbRx="0" />
<p fId="2" fbTx="233.9465386" lbTx="233.9465871" tId="0" fbRx="233.9465937" lbRx="0" />
<p fId="2" fbTx="233.9465386" lbTx="233.9465871" tId="1" fbRx="233.9465937" lbRx="0" />
<p fId="0" fbTx="233.9465947" lbTx="233.9466003" tId="1" fbRx="233.9466068" lbRx="0" />
<p fId="0" fbTx="233.9465947" lbTx="233.9466003" tId="2" fbRx="233.9466068" lbRx="0" />
<p fId="0" fbTx="233.9465947" lbTx="233.9466003" tId="2" fbRx="233.9466068" lbRx="0" />
<p fId="2" fbTx="233.9466181" lbTx="233.9466666" tId="0" fbRx="233.9466731" lbRx="0" />
<p fId="2" fbTx="233.9466181" lbTx="233.9466666" tId="0" fbRx="233.9466731" lbRx="0" />
<p fId="2" fbTx="233.9466181" lbTx="233.9466666" tId="1" fbRx="233.9466731" lbRx="0" />
<p fId="2" fbTx="233.9466775" lbTx="233.946726" tId="0" fbRx="233.9467326" lbRx="0" />
<p fId="2" fbTx="233.9466775" lbTx="233.946726" tId="0" fbRx="233.9467326" lbRx="0" />
<p fId="2" fbTx="233.9466775" lbTx="233.946726" tId="1" fbRx="233.9467326" lbRx="0" />
<p fId="2" fbTx="233.946733" lbTx="233.9467814" tId="0" fbRx="233.946788" lbRx="0" />
<p fId="2" fbTx="233.946733" lbTx="233.9467814" tId="0" fbRx="233.946788" lbRx="0" />
<p fId="2" fbTx="233.946733" lbTx="233.9467814" tId="1" fbRx="233.946788" lbRx="0" />
<p fId="2" fbTx="233.9467964" lbTx="233.9468449" tId="0" fbRx="233.9468514" lbRx="0" />
<p fId="2" fbTx="233.9467964" lbTx="233.9468449" tId="0" fbRx="233.9468514" lbRx="0" />
<p fId="2" fbTx="233.9467964" lbTx="233.9468449" tId="1" fbRx="233.9468514" lbRx="0" />
<p fId="2" fbTx="233.9468548" lbTx="233.9468964" tId="0" fbRx="233.9469029" lbRx="0" />
<p fId="2" fbTx="233.9468548" lbTx="233.9468964" tId="0" fbRx="233.9469029" lbRx="0" />
<p fId="2" fbTx="233.9468548" lbTx="233.9468964" tId="1" fbRx="233.9469029" lbRx="0" />
<p fId="0" fbTx="233.9471046" lbTx="233.9471102" tId="1" fbRx="233.9471167" lbRx="0" />
<p fId="0" fbTx="233.9471046" lbTx="233.9471102" tId="2" fbRx="233.9471167" lbRx="0" />
<p fId="0" fbTx="233.9471046" lbTx="233.9471102" tId="2" fbRx="233.9471167" lbRx="0" />
<p fId="0" fbTx="233.9471191" lbTx="233.9471247" tId="1" fbRx="233.9471313" lbRx="0" />
<p fId="0" fbTx="233.9471191" lbTx="233.9471247" tId="2" fbRx="233.9471313" lbRx="0" />
<p fId="0" fbTx="233.9471191" lbTx="233.9471247" tId="2" fbRx="233.9471313" lbRx="0" />
<p fId="0" fbTx="233.9471337" lbTx="233.9471673" tId="1" fbRx="233.9471738" lbRx="0" />
<p fId="0" fbTx="233.9471337" lbTx="233.9471673" tId="2" fbRx="233.9471738" lbRx="0" />
<p fId="0" fbTx="233.9471337" lbTx="233.9471673" tId="2" fbRx="233.9471738" lbRx="0" />
<p fId="2" fbTx="233.9471738" lbTx="233.9471919" tId="0" fbRx="233.9471985" lbRx="0" />
<p fId="2" fbTx="233.9471738" lbTx="233.9471919" tId="0" fbRx="233.9471985" lbRx="0" />
<p fId="2" fbTx="233.9471738" lbTx="233.9471919" tId="1" fbRx="233.9471985" lbRx="0" />
<p fId="0" fbTx="234.1471985" lbTx="234.1472041" tId="1" fbRx="234.1472106" lbRx="0" />
<p fId="0" fbTx="234.1471985" lbTx="234.1472041" tId="2" fbRx="234.1472106" lbRx="0" />
<p fId="0" fbTx="234.1471985" lbTx="234.1472041" tId="2" fbRx="234.1472106" lbRx="0" />
<p fId="0" fbTx="241.2738364" lbTx="241.27387" tId="1" fbRx="241.2738765" lbRx="0" />
<p fId="0" fbTx="241.2738364" lbTx="241.27387" tId="2" fbRx="241.2738765" lbRx="0" />
<p fId="0" fbTx="241.2738364" lbTx="241.27387" tId="2" fbRx="241.2738765" lbRx="0" />
<p fId="2" fbTx="241.2738765" lbTx="241.273925" tId="0" fbRx="241.2739316" lbRx="0" />
<p fId="2" fbTx="241.2738765" lbTx="241.273925" tId="0" fbRx="241.2739316" lbRx="0" />
<p fId="2" fbTx="241.2738765" lbTx="241.273925" tId="1" fbRx="241.2739316" lbRx="0" />
<p fId="2" fbTx="241.273934" lbTx="241.2739825" tId="0" fbRx="241.273989" lbRx="0" />
<p fId="2" fbTx="241.273934" lbTx="241.2739825" tId="0" fbRx="241.273989" lbRx="0" />
<p fId="2" fbTx="241.273934" lbTx="241.2739825" tId="1" fbRx="241.273989" lbRx="0" />
<p fId="0" fbTx="241.27399" lbTx="241.2739956" tId="1" fbRx="241.2740022" lbRx="0" />
<p fId="0" fbTx="241.27399" lbTx="241.2739956" tId="2" fbRx="241.2740022" lbRx="0" />
<p fId="0" fbTx="241.27399" lbTx="241.2739956" tId="2" fbRx="241.2740022" lbRx="0" />
<p fId="2" fbTx="241.2740214" lbTx="241.2740699" tId="0" fbRx="241.2740765" lbRx="0" />
<p fId="2" fbTx="241.2740214" lbTx="241.2740699" tId="0" fbRx="241.2740765" lbRx="0" />
<p fId="2" fbTx="241.2740214" lbTx="241.2740699" tId="1" fbRx="241.2740765" lbRx="0" />
<p fId="2" fbTx="241.2740789" lbTx="241.2741273" tId="0" fbRx="241.2741339" lbRx="0" />
<p fId="2" fbTx="241.2740789" lbTx="241.2741273" tId="0" fbRx="241.2741339" lbRx="0" />
<p fId="2" fbTx="241.2740789" lbTx="241.2741273" tId="1" fbRx="241.2741339" lbRx="0" />
<p fId="0" fbTx="241.2741349" lbTx="241.2741405" tId="1" fbRx="241.2741471" lbRx="0" />
<p fId="0" fbTx="241.2741349" lbTx="241.2741405" tId="2" fbRx="241.2741471" lbRx="0" />
<p fId="0" fbTx="241.2741349" lbTx="241.2741405" tId="2" fbRx="241.2741471" lbRx="0" />
<p fId="2" fbTx="241.2741503" lbTx="241.2741988" tId="0" fbRx="241.2742053" lbRx="0" />
<p fId="2" fbTx="241.2741503" lbTx="241.2741988" tId="0" fbRx="241.2742053" lbRx="0" />
<p fId="2" fbTx="241.2741503" lbTx="241.2741988" tId="1" fbRx="241.2742053" lbRx="0" />
<p fId="2" fbTx="241.2742057" lbTx="241.2742542" tId="0" fbRx="241.2742608" lbRx="0" />
<p fId="2" fbTx="241.2742057" lbTx="241.2742542" tId="0" fbRx="241.2742608" lbRx="0" />
<p fId="2" fbTx="241.2742057" lbTx="241.2742542" tId="1" fbRx="241.2742608" lbRx="0" />
<p fId="0" fbTx="241.2742618" lbTx="241.2742674" tId="1" fbRx="241.2742739" lbRx="0" />
<p fId="0" fbTx="241.2742618" lbTx="241.2742674" tId="2" fbRx="241.2742739" lbRx="0" />
<p fId="0" fbTx="241.2742618" lbTx="241.2742674" tId="2" fbRx="241.2742739" lbRx="0" />
<p fId="2" fbTx="241.2743172" lbTx="241.2743657" tId="0" fbRx="241.2743722" lbRx="0" />
<p fId="2" fbTx="241.2743172" lbTx="241.2743657" tId="0" fbRx="241.2743722" lbRx="0" />
<p fId="2" fbTx="241.2743172" lbTx="241.2743657" tId="1" fbRx="241.2743722" lbRx="0" />
<p fId="2" fbTx="241.2743736" lbTx="241.2744221" tId="0" fbRx="241.2744287" lbRx="0" />
<p fId="2" fbTx="241.2743736" lbTx="241.2744221" tId="0" fbRx="241.2744287" lbRx="0" />
<p fId="2" fbTx="241.2743736" lbTx="241.2744221" tId="1" fbRx="241.2744287" lbRx="0" />
<p fId="2" fbTx="241.2744291" lbTx="241.2744775" tId="0" fbRx="241.2744841" lbRx="0" />
<p fId="2" fbTx="241.2744291" lbTx="241.2744775" tId="0" fbRx="241.2744841" lbRx="0" />
<p fId="2" fbTx="241.2744291" lbTx="241.2744775" tId="1" fbRx="241.2744841" lbRx="0" />
<p fId="2" fbTx="241.2744955" lbTx="241.274544" tId="0" fbRx="241.2745505" lbRx="0" />
<p fId="2" fbTx="241.2744955" lbTx="241.274544" tId="0" fbRx="241.2745505" lbRx="0" />
<p fId="2" fbTx="241.2744955" lbTx="241.274544" tId="1" fbRx="241.2745505" lbRx="0" />
<p fId="2" fbTx="241.2745509" lbTx="241.2745994" tId="0" fbRx="241.274606" lbRx="0" />
<p fId="2" fbTx="241.2745509" lbTx="241.2745994" tId="0" fbRx="241.274606" lbRx="0" />
<p fId="2" fbTx="241.2745509" lbTx="241.2745994" tId="1" fbRx="241.274606" lbRx="0" />
<p fId="2" fbTx="241.2746164" lbTx="241.2746649" tId="0" fbRx="241.2746714" lbRx="0" />
<p fId="2" fbTx="241.2746164" lbTx="241.2746649" tId="0" fbRx="241.2746714" lbRx="0" />
<p fId="2" fbTx="241.2746164" lbTx="241.2746649" tId="1" fbRx="241.2746714" lbRx="0" />
<p fId="2" fbTx="241.2746718" lbTx="241.2747203" tId="0" fbRx="241.2747269" lbRx="0" />
<p fId="2" fbTx="241.2746718" lbTx="241.2747203" tId="0" fbRx="241.2747269" lbRx="0" />
<p fId="2" fbTx="241.2746718" lbTx="241.2747203" tId="1" fbRx="241.2747269" lbRx="0" />
<p fId="2" fbTx="241.2747283" lbTx="241.2747767" tId="0" fbRx="241.2747833" lbRx="0" />
<p fId="2" fbTx="241.2747283" lbTx="241.2747767" tId="0" fbRx="241.2747833" lbRx="0" />
<p fId="2" fbTx="241.2747283" lbTx="241.2747767" tId="1" fbRx="241.2747833" lbRx="0" />
<p fId="2" fbTx="241.2747847" lbTx="241.2748332" tId="0" fbRx="241.2748397" lbRx="0" />
<p fId="2" fbTx="241.2747847" lbTx="241.2748332" tId="0" fbRx="241.2748397" lbRx="0" />
<p fId="2" fbTx="241.2747847" lbTx="241.2748332" tId="1" fbRx="241.2748397" lbRx="0" />
<p fId="2" fbTx="241.2748431" lbTx="241.2748916" tId="0" fbRx="241.2748982" lbRx="0" />
<p fId="2" fbTx="241.2748431" lbTx="241.2748916" tId="0" fbRx="241.2748982" lbRx="0" />
<p fId="2" fbTx="241.2748431" lbTx="241.2748916" tId="1" fbRx="241.2748982" lbRx="0" />
<p fId="2" fbTx="241.2749096" lbTx="241.2749581" tId="0" fbRx="241.2749646" lbRx="0" />
<p fId="2" fbTx="241.2749096" lbTx="241.2749581" tId="0" fbRx="241.2749646" lbRx="0" />
<p fId="2" fbTx="241.2749096" lbTx="241.2749581" tId="1" fbRx="241.2749646" lbRx="0" />
<p fId="2" fbTx="241.274974" lbTx="241.2750225" tId="0" fbRx="241.2750291" lbRx="0" />
<p fId="2" fbTx="241.274974" lbTx="241.2750225" tId="0" fbRx="241.2750291" lbRx="0" />
<p fId="2" fbTx="241.274974" lbTx="241.2750225" tId="1" fbRx="241.2750291" lbRx="0" />
<p fId="2" fbTx="241.2750505" lbTx="241.2750989" tId="0" fbRx="241.2751055" lbRx="0" />
<p fId="2" fbTx="241.2750505" lbTx="241.2750989" tId="0" fbRx="241.2751055" lbRx="0" />
<p fId="2" fbTx="241.2750505" lbTx="241.2750989" tId="1" fbRx="241.2751055" lbRx="0" />
<p fId="2" fbTx="241.2751059" lbTx="241.2751544" tId="0" fbRx="241.2751609" lbRx="0" />
<p fId="2" fbTx="241.2751059" lbTx="241.2751544" tId="0" fbRx="241.2751609" lbRx="0" />
<p fId="2" fbTx="241.2751059" lbTx="241.2751544" tId="1" fbRx="241.2751609" lbRx="0" />
<p fId="2" fbTx="241.2751643" lbTx="241.2752128" tId="0" fbRx="241.2752194" lbRx="0" />
<p fId="2" fbTx="241.2751643" lbTx="241.2752128" tId="0" fbRx="241.2752194" lbRx="0" />
<p fId="2" fbTx="241.2751643" lbTx="241.2752128" tId="1" fbRx="241.2752194" lbRx="0" />
<p fId="2" fbTx="241.2752208" lbTx="241.2752693" tId="0" fbRx="241.2752758" lbRx="0" />
<p fId="2" fbTx="241.2752208" lbTx="241.2752693" tId="0" fbRx="241.2752758" lbRx="0" />
<p fId="2" fbTx="241.2752208" lbTx="241.2752693" tId="1" fbRx="241.2752758" lbRx="0" />
<p fId="2" fbTx="241.2752762" lbTx="241.2753247" tId="0" fbRx="241.2753313" lbRx="0" />
<p fId="2" fbTx="241.2752762" lbTx="241.2753247" tId="0" fbRx="241.2753313" lbRx="0" />
<p fId="2" fbTx="241.2752762" lbTx="241.2753247" tId="1" fbRx="241.2753313" lbRx="0" />
<p fId="2" fbTx="241.2753407" lbTx="241.2753891" tId="0" fbRx="241.2753957" lbRx="0" />
<p fId="2" fbTx="241.2753407" lbTx="241.2753891" tId="0" fbRx="241.2753957" lbRx="0" />
<p fId="2" fbTx="241.2753407" lbTx="241.2753891" tId="1" fbRx="241.2753957" lbRx="0" />
<p fId="2" fbTx="241.2753971" lbTx="241.2754456" tId="0" fbRx="241.2754521" lbRx="0" />
<p fId="2" fbTx="241.2753971" lbTx="241.2754456" tId="0" fbRx="241.2754521" lbRx="0" />
<p fId="2" fbTx="241.2753971" lbTx="241.2754456" tId="1" fbRx="241.2754521" lbRx="0" />
<p fId="2" fbTx="241.2754575" lbTx="241.275506" tId="0" fbRx="241.2755126" lbRx="0" />
<p fId="2" fbTx="241.2754575" lbTx="241.275506" tId="0" fbRx="241.2755126" lbRx="0" />
<p fId="2" fbTx="241.2754575" lbTx="241.275506" tId="1" fbRx="241.2755126" lbRx="0" />
<p fId="2" fbTx="241.275517" lbTx="241.2755655" tId="0" fbRx="241.275572" lbRx="0" />
<p fId="2" fbTx="241.275517" lbTx="241.2755655" tId="0" fbRx="241.275572" lbRx="0" />
<p fId="2" fbTx="241.275517" lbTx="241.2755655" tId="1" fbRx="241.275572" lbRx="0" />
<p fId="2" fbTx="241.2755844" lbTx="241.2756329" tId="0" fbRx="241.2756395" lbRx="0" />
<p fId="2" fbTx="241.2755844" lbTx="241.2756329" tId="0" fbRx="241.2756395" lbRx="0" />
<p fId="2" fbTx="241.2755844" lbTx="241.2756329" tId="1" fbRx="241.2756395" lbRx="0" />
<p fId="2" fbTx="241.2756419" lbTx="241.2756903" tId="0" fbRx="241.2756969" lbRx="0" />
<p fId="2" fbTx="241.2756419" lbTx="241.2756903" tId="0" fbRx="241.2756969" lbRx="0" />
<p fId="2" fbTx="241.2756419" lbTx="241.2756903" tId="1" fbRx="241.2756969" lbRx="0" />
<p fId="2" fbTx="241.2757003" lbTx="241.2757488" tId="0" fbRx="241.2757553" lbRx="0" />
<p fId="2" fbTx="241.2757003" lbTx="241.2757488" tId="0" fbRx="241.2757553" lbRx="0" />
<p fId="2" fbTx="241.2757003" lbTx="241.2757488" tId="1" fbRx="241.2757553" lbRx="0" />
<p fId="2" fbTx="241.2757577" lbTx="241.2758062" tId="0" fbRx="241.2758128" lbRx="0" />
<p fId="2" fbTx="241.2757577" lbTx="241.2758062" tId="0" fbRx="241.2758128" lbRx="0" />
<p fId="2" fbTx="241.2757577" lbTx="241.2758062" tId="1" fbRx="241.2758128" lbRx="0" />
<p fId="2" fbTx="241.2758152" lbTx="241.2758637" tId="0" fbRx="241.2758702" lbRx="0" />
<p fId="2" fbTx="241.2758152" lbTx="241.2758637" tId="0" fbRx="241.2758702" lbRx="0" />
<p fId="2" fbTx="241.2758152" lbTx="241.2758637" tId="1" fbRx="241.2758702" lbRx="0" />
<p fId="2" fbTx="241.2758786" lbTx="241.2759271" tId="0" fbRx="241.2759337" lbRx="0" />
<p fId="2" fbTx="241.2758786" lbTx="241.2759271" tId="0" fbRx="241.2759337" lbRx="0" />
<p fId="2" fbTx="241.2758786" lbTx="241.2759271" tId="1" fbRx="241.2759337" lbRx="0" />
<p fId="2" fbTx="241.2759371" lbTx="241.2759855" tId="0" fbRx="241.2759921" lbRx="0" />
<p fId="2" fbTx="241.2759371" lbTx="241.2759855" tId="0" fbRx="241.2759921" lbRx="0" />
<p fId="2" fbTx="241.2759371" lbTx="241.2759855" tId="1" fbRx="241.2759921" lbRx="0" />
<p fId="2" fbTx="241.2759935" lbTx="241.276042" tId="0" fbRx="241.2760485" lbRx="0" />
<p fId="2" fbTx="241.2759935" lbTx="241.276042" tId="0" fbRx="241.2760485" lbRx="0" />
<p fId="2" fbTx="241.2759935" lbTx="241.276042" tId="1" fbRx="241.2760485" lbRx="0" />
<p fId="2" fbTx="241.2760759" lbTx="241.2761244" tId="0" fbRx="241.276131" lbRx="0" />
<p fId="2" fbTx="241.2760759" lbTx="241.2761244" tId="0" fbRx="241.276131" lbRx="0" />
<p fId="2" fbTx="241.2760759" lbTx="241.2761244" tId="1" fbRx="241.276131" lbRx="0" />
<p fId="2" fbTx="241.2761404" lbTx="241.2761889" tId="0" fbRx="241.2761954" lbRx="0" />
<p fId="2" fbTx="241.2761404" lbTx="241.2761889" tId="0" fbRx="241.2761954" lbRx="0" />
<p fId="2" fbTx="241.2761404" lbTx="241.2761889" tId="1" fbRx="241.2761954" lbRx="0" />
<p fId="2" fbTx="241.2761968" lbTx="241.2762453" tId="0" fbRx="241.2762519" lbRx="0" />
<p fId="2" fbTx="241.2761968" lbTx="241.2762453" tId="0" fbRx="241.2762519" lbRx="0" />
<p fId="2" fbTx="241.2761968" lbTx="241.2762453" tId="1" fbRx="241.2762519" lbRx="0" />
<p fId="2" fbTx="241.2762573" lbTx="241.2763057" tId="0" fbRx="241.2763123" lbRx="0" />
<p fId="2" fbTx="241.2762573" lbTx="241.2763057" tId="0" fbRx="241.2763123" lbRx="0" />
<p fId="2" fbTx="241.2762573" lbTx="241.2763057" tId="1" fbRx="241.2763123" lbRx="0" />
<p fId="2" fbTx="241.2763147" lbTx="241.2763632" tId="0" fbRx="241.2763697" lbRx="0" />
<p fId="2" fbTx="241.2763147" lbTx="241.2763632" tId="0" fbRx="241.2763697" lbRx="0" />
<p fId="2" fbTx="241.2763147" lbTx="241.2763632" tId="1" fbRx="241.2763697" lbRx="0" />
<p fId="2" fbTx="241.2763711" lbTx="241.2764196" tId="0" fbRx="241.2764262" lbRx="0" />
<p fId="2" fbTx="241.2763711" lbTx="241.2764196" tId="0" fbRx="241.2764262" lbRx="0" />
<p fId="2" fbTx="241.2763711" lbTx="241.2764196" tId="1" fbRx="241.2764262" lbRx="0" />
<p fId="2" fbTx="241.2764316" lbTx="241.2764801" tId="0" fbRx="241.2764866" lbRx="0" />
<p fId="2" fbTx="241.2764316" lbTx="241.2764801" tId="0" fbRx="241.2764866" lbRx="0" />
<p fId="2" fbTx="241.2764316" lbTx="241.2764801" tId="1" fbRx="241.2764866" lbRx="0" />
<p fId="2" fbTx="241.276487" lbTx="241.2765355" tId="0" fbRx="241.2765421" lbRx="0" />
<p fId="2" fbTx="241.276487" lbTx="241.2765355" tId="0" fbRx="241.2765421" lbRx="0" />
<p fId="2" fbTx="241.276487" lbTx="241.2765355" tId="1" fbRx="241.2765421" lbRx="0" />
<p fId="2" fbTx="241.2765445" lbTx="241.2765929" tId="0" fbRx="241.2765995" lbRx="0" />
<p fId="2" fbTx="241.2765445" lbTx="241.2765929" tId="0" fbRx="241.2765995" lbRx="0" />
<p fId="2" fbTx="241.2765445" lbTx="241.2765929" tId="1" fbRx="241.2765995" lbRx="0" />
<p fId="2" fbTx="241.2766019" lbTx="241.2766504" tId="0" fbRx="241.2766569" lbRx="0" />
<p fId="2" fbTx="241.2766019" lbTx="241.2766504" tId="0" fbRx="241.2766569" lbRx="0" />
<p fId="2" fbTx="241.2766019" lbTx="241.2766504" tId="1" fbRx="241.2766569" lbRx="0" />
<p fId="2" fbTx="241.2766683" lbTx="241.2767168" tId="0" fbRx="241.2767234" lbRx="0" />
<p fId="2" fbTx="241.2766683" lbTx="241.2767168" tId="0" fbRx="241.2767234" lbRx="0" />
<p fId="2" fbTx="241.2766683" lbTx="241.2767168" tId="1" fbRx="241.2767234" lbRx="0" />
<p fId="2" fbTx="241.2767248" lbTx="241.2767733" tId="0" fbRx="241.2767798" lbRx="0" />
<p fId="2" fbTx="241.2767248" lbTx="241.2767733" tId="0" fbRx="241.2767798" lbRx="0" />
<p fId="2" fbTx="241.2767248" lbTx="241.2767733" tId="1" fbRx="241.2767798" lbRx="0" />
<p fId="2" fbTx="241.2767802" lbTx="241.2768287" tId="0" fbRx="241.2768353" lbRx="0" />
<p fId="2" fbTx="241.2767802" lbTx="241.2768287" tId="0" fbRx="241.2768353" lbRx="0" />
<p fId="2" fbTx="241.2767802" lbTx="241.2768287" tId="1" fbRx="241.2768353" lbRx="0" />
<p fId="2" fbTx="241.2768397" lbTx="241.2768881" tId="0" fbRx="241.2768947" lbRx="0" />
<p fId="2" fbTx="241.2768397" lbTx="241.2768881" tId="0" fbRx="241.2768947" lbRx="0" />
<p fId="2" fbTx="241.2768397" lbTx="241.2768881" tId="1" fbRx="241.2768947" lbRx="0" />
<p fId="2" fbTx="241.2768971" lbTx="241.2769456" tId="0" fbRx="241.2769521" lbRx="0" />
<p fId="2" fbTx="241.2768971" lbTx="241.2769456" tId="0" fbRx="241.2769521" lbRx="0" />
<p fId="2" fbTx="241.2768971" lbTx="241.2769456" tId="1" fbRx="241.2769521" lbRx="0" />
<p fId="2" fbTx="241.2769555" lbTx="241.277004" tId="0" fbRx="241.2770106" lbRx="0" />
<p fId="2" fbTx="241.2769555" lbTx="241.277004" tId="0" fbRx="241.2770106" lbRx="0" />
<p fId="2" fbTx="241.2769555" lbTx="241.277004" tId="1" fbRx="241.2770106" lbRx="0" />
<p fId="2" fbTx="241.277012" lbTx="241.2770605" tId="0" fbRx="241.277067" lbRx="0" />
<p fId="2" fbTx="241.277012" lbTx="241.2770605" tId="0" fbRx="241.277067" lbRx="0" />
<p fId="2" fbTx="241.277012" lbTx="241.2770605" tId="1" fbRx="241.277067" lbRx="0" />
<p fId="2" fbTx="241.2770674" lbTx="241.2771159" tId="0" fbRx="241.2771225" lbRx="0" />
<p fId="2" fbTx="241.2770674" lbTx="241.2771159" tId="0" fbRx="241.2771225" lbRx="0" />
<p fId="2" fbTx="241.2770674" lbTx="241.2771159" tId="1" fbRx="241.2771225" lbRx="0" />
<p fId="2" fbTx="241.2771249" lbTx="241.2771733" tId="0" fbRx="241.2771799" lbRx="0" />
<p fId="2" fbTx="241.2771249" lbTx="241.2771733" tId="0" fbRx="241.2771799" lbRx="0" />
<p fId="2" fbTx="241.2771249" lbTx="241.2771733" tId="1" fbRx="241.2771799" lbRx="0" />
<p fId="2" fbTx="241.2771823" lbTx="241.2772308" tId="0" fbRx="241.2772373" lbRx="0" />
<p fId="2" fbTx="241.2771823" lbTx="241.2772308" tId="0" fbRx="241.2772373" lbRx="0" />
<p fId="2" fbTx="241.2771823" lbTx="241.2772308" tId="1" fbRx="241.2772373" lbRx="0" />
<p fId="2" fbTx="241.2772397" lbTx="241.2772882" tId="0" fbRx="241.2772948" lbRx="0" />
<p fId="2" fbTx="241.2772397" lbTx="241.2772882" tId="0" fbRx="241.2772948" lbRx="0" />
<p fId="2" fbTx="241.2772397" lbTx="241.2772882" tId="1" fbRx="241.2772948" lbRx="0" />
<p fId="2" fbTx="241.2772962" lbTx="241.2773447" tId="0" fbRx="241.2773512" lbRx="0" />
<p fId="2" fbTx="241.2772962" lbTx="241.2773447" tId="0" fbRx="241.2773512" lbRx="0" />
<p fId="2" fbTx="241.2772962" lbTx="241.2773447" tId="1" fbRx="241.2773512" lbRx="0" />
<p fId="2" fbTx="241.2773516" lbTx="241.2774001" tId="0" fbRx="241.2774067" lbRx="0" />
<p fId="2" fbTx="241.2773516" lbTx="241.2774001" tId="0" fbRx="241.2774067" lbRx="0" />
<p fId="2" fbTx="241.2773516" lbTx="241.2774001" tId="1" fbRx="241.2774067" lbRx="0" />
<p fId="2" fbTx="241.2774091" lbTx="241.2774575" tId="0" fbRx="241.2774641" lbRx="0" />
<p fId="2" fbTx="241.2774091" lbTx="241.2774575" tId="0" fbRx="241.2774641" lbRx="0" />
<p fId="2" fbTx="241.2774091" lbTx="241.2774575" tId="1" fbRx="241.2774641" lbRx="0" />
<p fId="2" fbTx="241.2774675" lbTx="241.277516" tId="0" fbRx="241.2775225" lbRx="0" />
<p fId="2" fbTx="241.2774675" lbTx="241.277516" tId="0" fbRx="241.2775225" lbRx="0" />
<p fId="2" fbTx="241.2774675" lbTx="241.277516" tId="1" fbRx="241.2775225" lbRx="0" />
<p fId="2" fbTx="241.2775229" lbTx="241.2775714" tId="0" fbRx="241.277578" lbRx="0" />
<p fId="2" fbTx="241.2775229" lbTx="241.2775714" tId="0" fbRx="241.277578" lbRx="0" />
<p fId="2" fbTx="241.2775229" lbTx="241.2775714" tId="1" fbRx="241.277578" lbRx="0" />
<p fId="2" fbTx="241.2775844" lbTx="241.2776329" tId="0" fbRx="241.2776394" lbRx="0" />
<p fId="2" fbTx="241.2775844" lbTx="241.2776329" tId="0" fbRx="241.2776394" lbRx="0" />
<p fId="2" fbTx="241.2775844" lbTx="241.2776329" tId="1" fbRx="241.2776394" lbRx="0" />
<p fId="2" fbTx="241.2776408" lbTx="241.2776893" tId="0" fbRx="241.2776959" lbRx="0" />
<p fId="2" fbTx="241.2776408" lbTx="241.2776893" tId="0" fbRx="241.2776959" lbRx="0" />
<p fId="2" fbTx="241.2776408" lbTx="241.2776893" tId="1" fbRx="241.2776959" lbRx="0" />
<p fId="2" fbTx="241.2776963" lbTx="241.2777447" tId="0" fbRx="241.2777513" lbRx="0" />
<p fId="2" fbTx="241.2776963" lbTx="241.2777447" tId="0" fbRx="241.2777513" lbRx="0" />
<p fId="2" fbTx="241.2776963" lbTx="241.2777447" tId="1" fbRx="241.2777513" lbRx="0" />
<p fId="2" fbTx="241.2777527" lbTx="241.2778012" tId="0" fbRx="241.2778077" lbRx="0" />
<p fId="2" fbTx="241.2777527" lbTx="241.2778012" tId="0" fbRx="241.2778077" lbRx="0" />
<p fId="2" fbTx="241.2777527" lbTx="241.2778012" tId="1" fbRx="241.2778077" lbRx="0" />
<p fId="2" fbTx="241.2778091" lbTx="241.2778576" tId="0" fbRx="241.2778642" lbRx="0" />
<p fId="2" fbTx="241.2778091" lbTx="241.2778576" tId="0" fbRx="241.2778642" lbRx="0" />
<p fId="2" fbTx="241.2778091" lbTx="241.2778576" tId="1" fbRx="241.2778642" lbRx="0" />
<p fId="2" fbTx="241.2778706" lbTx="241.2779191" tId="0" fbRx="241.2779256" lbRx="0" />
<p fId="2" fbTx="241.2778706" lbTx="241.2779191" tId="0" fbRx="241.2779256" lbRx="0" />
<p fId="2" fbTx="241.2778706" lbTx="241.2779191" tId="1" fbRx="241.2779256" lbRx="0" />
<p fId="2" fbTx="241.277927" lbTx="241.2779755" tId="0" fbRx="241.2779821" lbRx="0" />
<p fId="2" fbTx="241.277927" lbTx="241.2779755" tId="0" fbRx="241.2779821" lbRx="0" />
<p fId="2" fbTx="241.277927" lbTx="241.2779755" tId="1" fbRx="241.2779821" lbRx="0" />
<p fId="2" fbTx="241.2779825" lbTx="241.2780309" tId="0" fbRx="241.2780375" lbRx="0" />
<p fId="2" fbTx="241.2779825" lbTx="241.2780309" tId="0" fbRx="241.2780375" lbRx="0" />
<p fId="2" fbTx="241.2779825" lbTx="241.2780309" tId="1" fbRx="241.2780375" lbRx="0" />
<p fId="2" fbTx="241.2780409" lbTx="241.2780894" tId="0" fbRx="241.2780959" lbRx="0" />
<p fId="2" fbTx="241.2780409" lbTx="241.2780894" tId="0" fbRx="241.2780959" lbRx="0" />
<p fId="2" fbTx="241.2780409" lbTx="241.2780894" tId="1" fbRx="241.2780959" lbRx="0" />
<p fId="2" fbTx="241.2780973" lbTx="241.2781458" tId="0" fbRx="241.2781524" lbRx="0" />
<p fId="2" fbTx="241.2780973" lbTx="241.2781458" tId="0" fbRx="241.2781524" lbRx="0" />
<p fId="2" fbTx="241.2780973" lbTx="241.2781458" tId="1" fbRx="241.2781524" lbRx="0" />
<p fId="2" fbTx="241.2781558" lbTx="241.2782043" tId="0" fbRx="241.2782108" lbRx="0" />
<p fId="2" fbTx="241.2781558" lbTx="241.2782043" tId="0" fbRx="241.2782108" lbRx="0" />
<p fId="2" fbTx="241.2781558" lbTx="241.2782043" tId="1" fbRx="241.2782108" lbRx="0" />
<p fId="2" fbTx="241.2782122" lbTx="241.2782607" tId="0" fbRx="241.2782673" lbRx="0" />
<p fId="2" fbTx="241.2782122" lbTx="241.2782607" tId="0" fbRx="241.2782673" lbRx="0" />
<p fId="2" fbTx="241.2782122" lbTx="241.2782607" tId="1" fbRx="241.2782673" lbRx="0" />
<p fId="2" fbTx="241.2782677" lbTx="241.2783161" tId="0" fbRx="241.2783227" lbRx="0" />
<p fId="2" fbTx="241.2782677" lbTx="241.2783161" tId="0" fbRx="241.2783227" lbRx="0" />
<p fId="2" fbTx="241.2782677" lbTx="241.2783161" tId="1" fbRx="241.2783227" lbRx="0" />
<p fId="2" fbTx="241.2783261" lbTx="241.2783746" tId="0" fbRx="241.2783811" lbRx="0" />
<p fId="2" fbTx="241.2783261" lbTx="241.2783746" tId="0" fbRx="241.2783811" lbRx="0" />
<p fId="2" fbTx="241.2783261" lbTx="241.2783746" tId="1" fbRx="241.2783811" lbRx="0" />
<p fId="2" fbTx="241.2783845" lbTx="241.278433" tId="0" fbRx="241.2784396" lbRx="0" />
<p fId="2" fbTx="241.2783845" lbTx="241.278433" tId="0" fbRx="241.2784396" lbRx="0" />
<p fId="2" fbTx="241.2783845" lbTx="241.278433" tId="1" fbRx="241.2784396" lbRx="0" />
<p fId="2" fbTx="241.278443" lbTx="241.2784915" tId="0" fbRx="241.278498" lbRx="0" />
<p fId="2" fbTx="241.278443" lbTx="241.2784915" tId="0" fbRx="241.278498" lbRx="0" />
<p fId="2" fbTx="241.278443" lbTx="241.2784915" tId="1" fbRx="241.278498" lbRx="0" />
<p fId="2" fbTx="241.2785024" lbTx="241.2785509" tId="0" fbRx="241.2785575" lbRx="0" />
<p fId="2" fbTx="241.2785024" lbTx="241.2785509" tId="0" fbRx="241.2785575" lbRx="0" />
<p fId="2" fbTx="241.2785024" lbTx="241.2785509" tId="1" fbRx="241.2785575" lbRx="0" />
<p fId="2" fbTx="241.2785599" lbTx="241.2786083" tId="0" fbRx="241.2786149" lbRx="0" />
<p fId="2" fbTx="241.2785599" lbTx="241.2786083" tId="0" fbRx="241.2786149" lbRx="0" />
<p fId="2" fbTx="241.2785599" lbTx="241.2786083" tId="1" fbRx="241.2786149" lbRx="0" />
<p fId="2" fbTx="241.2786173" lbTx="241.2786658" tId="0" fbRx="241.2786723" lbRx="0" />
<p fId="2" fbTx="241.2786173" lbTx="241.2786658" tId="0" fbRx="241.2786723" lbRx="0" />
<p fId="2" fbTx="241.2786173" lbTx="241.2786658" tId="1" fbRx="241.2786723" lbRx="0" />
<p fId="2" fbTx="241.2786737" lbTx="241.2787222" tId="0" fbRx="241.2787288" lbRx="0" />
<p fId="2" fbTx="241.2786737" lbTx="241.2787222" tId="0" fbRx="241.2787288" lbRx="0" />
<p fId="2" fbTx="241.2786737" lbTx="241.2787222" tId="1" fbRx="241.2787288" lbRx="0" />
<p fId="2" fbTx="241.2787292" lbTx="241.2787777" tId="0" fbRx="241.2787842" lbRx="0" />
<p fId="2" fbTx="241.2787292" lbTx="241.2787777" tId="0" fbRx="241.2787842" lbRx="0" />
<p fId="2" fbTx="241.2787292" lbTx="241.2787777" tId="1" fbRx="241.2787842" lbRx="0" />
<p fId="2" fbTx="241.2787856" lbTx="241.2788341" tId="0" fbRx="241.2788407" lbRx="0" />
<p fId="2" fbTx="241.2787856" lbTx="241.2788341" tId="0" fbRx="241.2788407" lbRx="0" />
<p fId="2" fbTx="241.2787856" lbTx="241.2788341" tId="1" fbRx="241.2788407" lbRx="0" />
<p fId="2" fbTx="241.2788421" lbTx="241.2788905" tId="0" fbRx="241.2788971" lbRx="0" />
<p fId="2" fbTx="241.2788421" lbTx="241.2788905" tId="0" fbRx="241.2788971" lbRx="0" />
<p fId="2" fbTx="241.2788421" lbTx="241.2788905" tId="1" fbRx="241.2788971" lbRx="0" />
<p fId="2" fbTx="241.2788985" lbTx="241.278947" tId="0" fbRx="241.2789535" lbRx="0" />
<p fId="2" fbTx="241.2788985" lbTx="241.278947" tId="0" fbRx="241.2789535" lbRx="0" />
<p fId="2" fbTx="241.2788985" lbTx="241.278947" tId="1" fbRx="241.2789535" lbRx="0" />
<p fId="2" fbTx="241.2789569" lbTx="241.2790054" tId="0" fbRx="241.279012" lbRx="0" />
<p fId="2" fbTx="241.2789569" lbTx="241.2790054" tId="0" fbRx="241.279012" lbRx="0" />
<p fId="2" fbTx="241.2789569" lbTx="241.2790054" tId="1" fbRx="241.279012" lbRx="0" />
<p fId="2" fbTx="241.2790144" lbTx="241.2790629" tId="0" fbRx="241.2790694" lbRx="0" />
<p fId="2" fbTx="241.2790144" lbTx="241.2790629" tId="0" fbRx="241.2790694" lbRx="0" />
<p fId="2" fbTx="241.2790144" lbTx="241.2790629" tId="1" fbRx="241.2790694" lbRx="0" />
<p fId="2" fbTx="241.2790718" lbTx="241.2791203" tId="0" fbRx="241.2791269" lbRx="0" />
<p fId="2" fbTx="241.2790718" lbTx="241.2791203" tId="0" fbRx="241.2791269" lbRx="0" />
<p fId="2" fbTx="241.2790718" lbTx="241.2791203" tId="1" fbRx="241.2791269" lbRx="0" />
<p fId="2" fbTx="241.2791273" lbTx="241.2791757" tId="0" fbRx="241.2791823" lbRx="0" />
<p fId="2" fbTx="241.2791273" lbTx="241.2791757" tId="0" fbRx="241.2791823" lbRx="0" />
<p fId="2" fbTx="241.2791273" lbTx="241.2791757" tId="1" fbRx="241.2791823" lbRx="0" />
<p fId="2" fbTx="241.2791847" lbTx="241.2792332" tId="0" fbRx="241.2792397" lbRx="0" />
<p fId="2" fbTx="241.2791847" lbTx="241.2792332" tId="0" fbRx="241.2792397" lbRx="0" />
<p fId="2" fbTx="241.2791847" lbTx="241.2792332" tId="1" fbRx="241.2792397" lbRx="0" />
<p fId="2" fbTx="241.2792431" lbTx="241.2792916" tId="0" fbRx="241.2792982" lbRx="0" />
<p fId="2" fbTx="241.2792431" lbTx="241.2792916" tId="0" fbRx="241.2792982" lbRx="0" />
<p fId="2" fbTx="241.2792431" lbTx="241.2792916" tId="1" fbRx="241.2792982" lbRx="0" />
<p fId="2" fbTx="241.2792986" lbTx="241.2793471" tId="0" fbRx="241.2793536" lbRx="0" />
<p fId="2" fbTx="241.2792986" lbTx="241.2793471" tId="0" fbRx="241.2793536" lbRx="0" />
<p fId="2" fbTx="241.2792986" lbTx="241.2793471" tId="1" fbRx="241.2793536" lbRx="0" />
<p fId="2" fbTx="241.279356" lbTx="241.2794045" tId="0" fbRx="241.2794111" lbRx="0" />
<p fId="2" fbTx="241.279356" lbTx="241.2794045" tId="0" fbRx="241.2794111" lbRx="0" />
<p fId="2" fbTx="241.279356" lbTx="241.2794045" tId="1" fbRx="241.2794111" lbRx="0" />
<p fId="2" fbTx="241.2794135" lbTx="241.2794619" tId="0" fbRx="241.2794685" lbRx="0" />
<p fId="2" fbTx="241.2794135" lbTx="241.2794619" tId="0" fbRx="241.2794685" lbRx="0" />
<p fId="2" fbTx="241.2794135" lbTx="241.2794619" tId="1" fbRx="241.2794685" lbRx="0" />
<p fId="2" fbTx="241.2794749" lbTx="241.2795234" tId="0" fbRx="241.2795299" lbRx="0" />
<p fId="2" fbTx="241.2794749" lbTx="241.2795234" tId="0" fbRx="241.2795299" lbRx="0" />
<p fId="2" fbTx="241.2794749" lbTx="241.2795234" tId="1" fbRx="241.2795299" lbRx="0" />
<p fId="2" fbTx="241.2795333" lbTx="241.2795818" tId="0" fbRx="241.2795884" lbRx="0" />
<p fId="2" fbTx="241.2795333" lbTx="241.2795818" tId="0" fbRx="241.2795884" lbRx="0" />
<p fId="2" fbTx="241.2795333" lbTx="241.2795818" tId="1" fbRx="241.2795884" lbRx="0" />
<p fId="2" fbTx="241.2795908" lbTx="241.2796393" tId="0" fbRx="241.2796458" lbRx="0" />
<p fId="2" fbTx="241.2795908" lbTx="241.2796393" tId="0" fbRx="241.2796458" lbRx="0" />
<p fId="2" fbTx="241.2795908" lbTx="241.2796393" tId="1" fbRx="241.2796458" lbRx="0" />
<p fId="2" fbTx="241.2796462" lbTx="241.2796947" tId="0" fbRx="241.2797013" lbRx="0" />
<p fId="2" fbTx="241.2796462" lbTx="241.2796947" tId="0" fbRx="241.2797013" lbRx="0" />
<p fId="2" fbTx="241.2796462" lbTx="241.2796947" tId="1" fbRx="241.2797013" lbRx="0" />
<p fId="2" fbTx="241.2797027" lbTx="241.2797511" tId="0" fbRx="241.2797577" lbRx="0" />
<p fId="2" fbTx="241.2797027" lbTx="241.2797511" tId="0" fbRx="241.2797577" lbRx="0" />
<p fId="2" fbTx="241.2797027" lbTx="241.2797511" tId="1" fbRx="241.2797577" lbRx="0" />
<p fId="2" fbTx="241.2797591" lbTx="241.2798076" tId="0" fbRx="241.2798141" lbRx="0" />
<p fId="2" fbTx="241.2797591" lbTx="241.2798076" tId="0" fbRx="241.2798141" lbRx="0" />
<p fId="2" fbTx="241.2797591" lbTx="241.2798076" tId="1" fbRx="241.2798141" lbRx="0" />
<p fId="2" fbTx="241.2798255" lbTx="241.279874" tId="0" fbRx="241.2798806" lbRx="0" />
<p fId="2" fbTx="241.2798255" lbTx="241.279874" tId="0" fbRx="241.2798806" lbRx="0" />
<p fId="2" fbTx="241.2798255" lbTx="241.279874" tId="1" fbRx="241.2798806" lbRx="0" />
<p fId="2" fbTx="241.279883" lbTx="241.2799315" tId="0" fbRx="241.279938" lbRx="0" />
<p fId="2" fbTx="241.279883" lbTx="241.2799315" tId="0" fbRx="241.279938" lbRx="0" />
<p fId="2" fbTx="241.279883" lbTx="241.2799315" tId="1" fbRx="241.279938" lbRx="0" />
<p fId="2" fbTx="241.2799384" lbTx="241.2799869" tId="0" fbRx="241.2799935" lbRx="0" />
<p fId="2" fbTx="241.2799384" lbTx="241.2799869" tId="0" fbRx="241.2799935" lbRx="0" />
<p fId="2" fbTx="241.2799384" lbTx="241.2799869" tId="1" fbRx="241.2799935" lbRx="0" />
<p fId="2" fbTx="241.2799949" lbTx="241.2800433" tId="0" fbRx="241.2800499" lbRx="0" />
<p fId="2" fbTx="241.2799949" lbTx="241.2800433" tId="0" fbRx="241.2800499" lbRx="0" />
<p fId="2" fbTx="241.2799949" lbTx="241.2800433" tId="1" fbRx="241.2800499" lbRx="0" />
<p fId="2" fbTx="241.2800523" lbTx="241.2801008" tId="0" fbRx="241.2801073" lbRx="0" />
<p fId="2" fbTx="241.2800523" lbTx="241.2801008" tId="0" fbRx="241.2801073" lbRx="0" />
<p fId="2" fbTx="241.2800523" lbTx="241.2801008" tId="1" fbRx="241.2801073" lbRx="0" />
<p fId="2" fbTx="241.2801077" lbTx="241.2801562" tId="0" fbRx="241.2801628" lbRx="0" />
<p fId="2" fbTx="241.2801077" lbTx="241.2801562" tId="0" fbRx="241.2801628" lbRx="0" />
<p fId="2" fbTx="241.2801077" lbTx="241.2801562" tId="1" fbRx="241.2801628" lbRx="0" />
<p fId="2" fbTx="241.2801642" lbTx="241.2802127" tId="0" fbRx="241.2802192" lbRx="0" />
<p fId="2" fbTx="241.2801642" lbTx="241.2802127" tId="0" fbRx="241.2802192" lbRx="0" />
<p fId="2" fbTx="241.2801642" lbTx="241.2802127" tId="1" fbRx="241.2802192" lbRx="0" />
<p fId="2" fbTx="241.2802216" lbTx="241.2802701" tId="0" fbRx="241.2802767" lbRx="0" />
<p fId="2" fbTx="241.2802216" lbTx="241.2802701" tId="0" fbRx="241.2802767" lbRx="0" />
<p fId="2" fbTx="241.2802216" lbTx="241.2802701" tId="1" fbRx="241.2802767" lbRx="0" />
<p fId="2" fbTx="241.2802781" lbTx="241.2803265" tId="0" fbRx="241.2803331" lbRx="0" />
<p fId="2" fbTx="241.2802781" lbTx="241.2803265" tId="0" fbRx="241.2803331" lbRx="0" />
<p fId="2" fbTx="241.2802781" lbTx="241.2803265" tId="1" fbRx="241.2803331" lbRx="0" />
<p fId="2" fbTx="241.2803345" lbTx="241.280383" tId="0" fbRx="241.2803895" lbRx="0" />
<p fId="2" fbTx="241.2803345" lbTx="241.280383" tId="0" fbRx="241.2803895" lbRx="0" />
<p fId="2" fbTx="241.2803345" lbTx="241.280383" tId="1" fbRx="241.2803895" lbRx="0" />
<p fId="2" fbTx="241.2803899" lbTx="241.2804384" tId="0" fbRx="241.280445" lbRx="0" />
<p fId="2" fbTx="241.2803899" lbTx="241.2804384" tId="0" fbRx="241.280445" lbRx="0" />
<p fId="2" fbTx="241.2803899" lbTx="241.2804384" tId="1" fbRx="241.280445" lbRx="0" />
<p fId="0" fbTx="241.2804527" lbTx="241.2804583" tId="1" fbRx="241.2804648" lbRx="0" />
<p fId="0" fbTx="241.2804527" lbTx="241.2804583" tId="2" fbRx="241.2804648" lbRx="0" />
<p fId="0" fbTx="241.2804527" lbTx="241.2804583" tId="2" fbRx="241.2804648" lbRx="0" />
<p fId="0" fbTx="241.2804672" lbTx="241.2804728" tId="1" fbRx="241.2804794" lbRx="0" />
<p fId="0" fbTx="241.2804672" lbTx="241.2804728" tId="2" fbRx="241.2804794" lbRx="0" />
<p fId="0" fbTx="241.2804672" lbTx="241.2804728" tId="2" fbRx="241.2804794" lbRx="0" />
<p fId="0" fbTx="241.2804798" lbTx="241.2804854" tId="1" fbRx="241.2804919" lbRx="0" />
<p fId="0" fbTx="241.2804798" lbTx="241.2804854" tId="2" fbRx="241.2804919" lbRx="0" />
<p fId="0" fbTx="241.2804798" lbTx="241.2804854" tId="2" fbRx="241.2804919" lbRx="0" />
<p fId="2" fbTx="241.2804934" lbTx="241.2805419" tId="0" fbRx="241.2805484" lbRx="0" />
<p fId="2" fbTx="241.2804934" lbTx="241.2805419" tId="0" fbRx="241.2805484" lbRx="0" />
<p fId="2" fbTx="241.2804934" lbTx="241.2805419" tId="1" fbRx="241.2805484" lbRx="0" />
<p fId="2" fbTx="241.2805508" lbTx="241.2805993" tId="0" fbRx="241.2806059" lbRx="0" />
<p fId="2" fbTx="241.2805508" lbTx="241.2805993" tId="0" fbRx="241.2806059" lbRx="0" />
<p fId="2" fbTx="241.2805508" lbTx="241.2805993" tId="1" fbRx="241.2806059" lbRx="0" />
<p fId="2" fbTx="241.2806093" lbTx="241.2806577" tId="0" fbRx="241.2806643" lbRx="0" />
<p fId="2" fbTx="241.2806093" lbTx="241.2806577" tId="0" fbRx="241.2806643" lbRx="0" />
<p fId="2" fbTx="241.2806093" lbTx="241.2806577" tId="1" fbRx="241.2806643" lbRx="0" />
<p fId="2" fbTx="241.2806647" lbTx="241.2807132" tId="0" fbRx="241.2807197" lbRx="0" />
<p fId="2" fbTx="241.2806647" lbTx="241.2807132" tId="0" fbRx="241.2807197" lbRx="0" />
<p fId="2" fbTx="241.2806647" lbTx="241.2807132" tId="1" fbRx="241.2807197" lbRx="0" />
<p fId="2" fbTx="241.2807401" lbTx="241.2807886" tId="0" fbRx="241.2807952" lbRx="0" />
<p fId="2" fbTx="241.2807401" lbTx="241.2807886" tId="0" fbRx="241.2807952" lbRx="0" />
<p fId="2" fbTx="241.2807401" lbTx="241.2807886" tId="1" fbRx="241.2807952" lbRx="0" />
<p fId="2" fbTx="241.2807986" lbTx="241.2808471" tId="0" fbRx="241.2808536" lbRx="0" />
<p fId="2" fbTx="241.2807986" lbTx="241.2808471" tId="0" fbRx="241.2808536" lbRx="0" />
<p fId="2" fbTx="241.2807986" lbTx="241.2808471" tId="1" fbRx="241.2808536" lbRx="0" />
<p fId="2" fbTx="241.280857" lbTx="241.2809055" tId="0" fbRx="241.2809121" lbRx="0" />
<p fId="2" fbTx="241.280857" lbTx="241.2809055" tId="0" fbRx="241.2809121" lbRx="0" />
<p fId="2" fbTx="241.280857" lbTx="241.2809055" tId="1" fbRx="241.2809121" lbRx="0" />
<p fId="2" fbTx="241.2809135" lbTx="241.2809619" tId="0" fbRx="241.2809685" lbRx="0" />
<p fId="2" fbTx="241.2809135" lbTx="241.2809619" tId="0" fbRx="241.2809685" lbRx="0" />
<p fId="2" fbTx="241.2809135" lbTx="241.2809619" tId="1" fbRx="241.2809685" lbRx="0" />
<p fId="2" fbTx="241.2809699" lbTx="241.2810184" tId="0" fbRx="241.2810249" lbRx="0" />
<p fId="2" fbTx="241.2809699" lbTx="241.2810184" tId="0" fbRx="241.2810249" lbRx="0" />
<p fId="2" fbTx="241.2809699" lbTx="241.2810184" tId="1" fbRx="241.2810249" lbRx="0" />
<p fId="2" fbTx="241.2810253" lbTx="241.2810738" tId="0" fbRx="241.2810804" lbRx="0" />
<p fId="2" fbTx="241.2810253" lbTx="241.2810738" tId="0" fbRx="241.2810804" lbRx="0" />
<p fId="2" fbTx="241.2810253" lbTx="241.2810738" tId="1" fbRx="241.2810804" lbRx="0" />
<p fId="2" fbTx="241.2810888" lbTx="241.2811373" tId="0" fbRx="241.2811438" lbRx="0" />
<p fId="2" fbTx="241.2810888" lbTx="241.2811373" tId="0" fbRx="241.2811438" lbRx="0" />
<p fId="2" fbTx="241.2810888" lbTx="241.2811373" tId="1" fbRx="241.2811438" lbRx="0" />
<p fId="2" fbTx="241.2811472" lbTx="241.2811957" tId="0" fbRx="241.2812023" lbRx="0" />
<p fId="2" fbTx="241.2811472" lbTx="241.2811957" tId="0" fbRx="241.2812023" lbRx="0" />
<p fId="2" fbTx="241.2811472" lbTx="241.2811957" tId="1" fbRx="241.2812023" lbRx="0" />
<p fId="2" fbTx="241.2812037" lbTx="241.2812521" tId="0" fbRx="241.2812587" lbRx="0" />
<p fId="2" fbTx="241.2812037" lbTx="241.2812521" tId="0" fbRx="241.2812587" lbRx="0" />
<p fId="2" fbTx="241.2812037" lbTx="241.2812521" tId="1" fbRx="241.2812587" lbRx="0" />
<p fId="2" fbTx="241.2812621" lbTx="241.2813106" tId="0" fbRx="241.2813171" lbRx="0" />
<p fId="2" fbTx="241.2812621" lbTx="241.2813106" tId="0" fbRx="241.2813171" lbRx="0" />
<p fId="2" fbTx="241.2812621" lbTx="241.2813106" tId="1" fbRx="241.2813171" lbRx="0" />
<p fId="2" fbTx="241.2813265" lbTx="241.281375" tId="0" fbRx="241.2813816" lbRx="0" />
<p fId="2" fbTx="241.2813265" lbTx="241.281375" tId="0" fbRx="241.2813816" lbRx="0" />
<p fId="2" fbTx="241.2813265" lbTx="241.281375" tId="1" fbRx="241.2813816" lbRx="0" />
<p fId="2" fbTx="241.281382" lbTx="241.2814305" tId="0" fbRx="241.281437" lbRx="0" />
<p fId="2" fbTx="241.281382" lbTx="241.2814305" tId="0" fbRx="241.281437" lbRx="0" />
<p fId="2" fbTx="241.281382" lbTx="241.2814305" tId="1" fbRx="241.281437" lbRx="0" />
<p fId="2" fbTx="241.2814384" lbTx="241.2814869" tId="0" fbRx="241.2814935" lbRx="0" />
<p fId="2" fbTx="241.2814384" lbTx="241.2814869" tId="0" fbRx="241.2814935" lbRx="0" />
<p fId="2" fbTx="241.2814384" lbTx="241.2814869" tId="1" fbRx="241.2814935" lbRx="0" />
<p fId="2" fbTx="241.2814969" lbTx="241.2815453" tId="0" fbRx="241.2815519" lbRx="0" />
<p fId="2" fbTx="241.2814969" lbTx="241.2815453" tId="0" fbRx="241.2815519" lbRx="0" />
<p fId="2" fbTx="241.2814969" lbTx="241.2815453" tId="1" fbRx="241.2815519" lbRx="0" />
<p fId="2" fbTx="241.2815533" lbTx="241.2816018" tId="0" fbRx="241.2816083" lbRx="0" />
<p fId="2" fbTx="241.2815533" lbTx="241.2816018" tId="0" fbRx="241.2816083" lbRx="0" />
<p fId="2" fbTx="241.2815533" lbTx="241.2816018" tId="1" fbRx="241.2816083" lbRx="0" />
<p fId="2" fbTx="241.2816167" lbTx="241.2816652" tId="0" fbRx="241.2816718" lbRx="0" />
<p fId="2" fbTx="241.2816167" lbTx="241.2816652" tId="0" fbRx="241.2816718" lbRx="0" />
<p fId="2" fbTx="241.2816167" lbTx="241.2816652" tId="1" fbRx="241.2816718" lbRx="0" />
<p fId="2" fbTx="241.2816722" lbTx="241.2817207" tId="0" fbRx="241.2817272" lbRx="0" />
<p fId="2" fbTx="241.2816722" lbTx="241.2817207" tId="0" fbRx="241.2817272" lbRx="0" />
<p fId="2" fbTx="241.2816722" lbTx="241.2817207" tId="1" fbRx="241.2817272" lbRx="0" />
<p fId="2" fbTx="241.2817346" lbTx="241.2817831" tId="0" fbRx="241.2817897" lbRx="0" />
<p fId="2" fbTx="241.2817346" lbTx="241.2817831" tId="0" fbRx="241.2817897" lbRx="0" />
<p fId="2" fbTx="241.2817346" lbTx="241.2817831" tId="1" fbRx="241.2817897" lbRx="0" />
<p fId="2" fbTx="241.2817921" lbTx="241.2818405" tId="0" fbRx="241.2818471" lbRx="0" />
<p fId="2" fbTx="241.2817921" lbTx="241.2818405" tId="0" fbRx="241.2818471" lbRx="0" />
<p fId="2" fbTx="241.2817921" lbTx="241.2818405" tId="1" fbRx="241.2818471" lbRx="0" />
<p fId="2" fbTx="241.2818515" lbTx="241.2819" tId="0" fbRx="241.2819065" lbRx="0" />
<p fId="2" fbTx="241.2818515" lbTx="241.2819" tId="0" fbRx="241.2819065" lbRx="0" />
<p fId="2" fbTx="241.2818515" lbTx="241.2819" tId="1" fbRx="241.2819065" lbRx="0" />
<p fId="2" fbTx="241.2819079" lbTx="241.2819564" tId="0" fbRx="241.281963" lbRx="0" />
<p fId="2" fbTx="241.2819079" lbTx="241.2819564" tId="0" fbRx="241.281963" lbRx="0" />
<p fId="2" fbTx="241.2819079" lbTx="241.2819564" tId="1" fbRx="241.281963" lbRx="0" />
<p fId="2" fbTx="241.2819654" lbTx="241.2820139" tId="0" fbRx="241.2820204" lbRx="0" />
<p fId="2" fbTx="241.2819654" lbTx="241.2820139" tId="0" fbRx="241.2820204" lbRx="0" />
<p fId="2" fbTx="241.2819654" lbTx="241.2820139" tId="1" fbRx="241.2820204" lbRx="0" />
<p fId="2" fbTx="241.2820258" lbTx="241.2820743" tId="0" fbRx="241.2820809" lbRx="0" />
<p fId="2" fbTx="241.2820258" lbTx="241.2820743" tId="0" fbRx="241.2820809" lbRx="0" />
<p fId="2" fbTx="241.2820258" lbTx="241.2820743" tId="1" fbRx="241.2820809" lbRx="0" />
<p fId="2" fbTx="241.2820833" lbTx="241.2821317" tId="0" fbRx="241.2821383" lbRx="0" />
<p fId="2" fbTx="241.2820833" lbTx="241.2821317" tId="0" fbRx="241.2821383" lbRx="0" />
<p fId="2" fbTx="241.2820833" lbTx="241.2821317" tId="1" fbRx="241.2821383" lbRx="0" />
<p fId="2" fbTx="241.2821407" lbTx="241.2821892" tId="0" fbRx="241.2821957" lbRx="0" />
<p fId="2" fbTx="241.2821407" lbTx="241.2821892" tId="0" fbRx="241.2821957" lbRx="0" />
<p fId="2" fbTx="241.2821407" lbTx="241.2821892" tId="1" fbRx="241.2821957" lbRx="0" />
<p fId="2" fbTx="241.2821971" lbTx="241.2822456" tId="0" fbRx="241.2822522" lbRx="0" />
<p fId="2" fbTx="241.2821971" lbTx="241.2822456" tId="0" fbRx="241.2822522" lbRx="0" />
<p fId="2" fbTx="241.2821971" lbTx="241.2822456" tId="1" fbRx="241.2822522" lbRx="0" />
<p fId="2" fbTx="241.2822556" lbTx="241.2823041" tId="0" fbRx="241.2823106" lbRx="0" />
<p fId="2" fbTx="241.2822556" lbTx="241.2823041" tId="0" fbRx="241.2823106" lbRx="0" />
<p fId="2" fbTx="241.2822556" lbTx="241.2823041" tId="1" fbRx="241.2823106" lbRx="0" />
<p fId="2" fbTx="241.282314" lbTx="241.2823625" tId="0" fbRx="241.2823691" lbRx="0" />
<p fId="2" fbTx="241.282314" lbTx="241.2823625" tId="0" fbRx="241.2823691" lbRx="0" />
<p fId="2" fbTx="241.282314" lbTx="241.2823625" tId="1" fbRx="241.2823691" lbRx="0" />
<p fId="2" fbTx="241.2823705" lbTx="241.2824189" tId="0" fbRx="241.2824255" lbRx="0" />
<p fId="2" fbTx="241.2823705" lbTx="241.2824189" tId="0" fbRx="241.2824255" lbRx="0" />
<p fId="2" fbTx="241.2823705" lbTx="241.2824189" tId="1" fbRx="241.2824255" lbRx="0" />
<p fId="2" fbTx="241.2824269" lbTx="241.2824754" tId="0" fbRx="241.2824819" lbRx="0" />
<p fId="2" fbTx="241.2824269" lbTx="241.2824754" tId="0" fbRx="241.2824819" lbRx="0" />
<p fId="2" fbTx="241.2824269" lbTx="241.2824754" tId="1" fbRx="241.2824819" lbRx="0" />
<p fId="2" fbTx="241.2824843" lbTx="241.2825328" tId="0" fbRx="241.2825394" lbRx="0" />
<p fId="2" fbTx="241.2824843" lbTx="241.2825328" tId="0" fbRx="241.2825394" lbRx="0" />
<p fId="2" fbTx="241.2824843" lbTx="241.2825328" tId="1" fbRx="241.2825394" lbRx="0" />
<p fId="2" fbTx="241.2825398" lbTx="241.2825883" tId="0" fbRx="241.2825948" lbRx="0" />
<p fId="2" fbTx="241.2825398" lbTx="241.2825883" tId="0" fbRx="241.2825948" lbRx="0" />
<p fId="2" fbTx="241.2825398" lbTx="241.2825883" tId="1" fbRx="241.2825948" lbRx="0" />
<p fId="2" fbTx="241.2826132" lbTx="241.2826617" tId="0" fbRx="241.2826683" lbRx="0" />
<p fId="2" fbTx="241.2826132" lbTx="241.2826617" tId="0" fbRx="241.2826683" lbRx="0" />
<p fId="2" fbTx="241.2826132" lbTx="241.2826617" tId="1" fbRx="241.2826683" lbRx="0" />
<p fId="2" fbTx="241.2826797" lbTx="241.2827281" tId="0" fbRx="241.2827347" lbRx="0" />
<p fId="2" fbTx="241.2826797" lbTx="241.2827281" tId="0" fbRx="241.2827347" lbRx="0" />
<p fId="2" fbTx="241.2826797" lbTx="241.2827281" tId="1" fbRx="241.2827347" lbRx="0" />
<p fId="2" fbTx="241.2827371" lbTx="241.2827856" tId="0" fbRx="241.2827921" lbRx="0" />
<p fId="2" fbTx="241.2827371" lbTx="241.2827856" tId="0" fbRx="241.2827921" lbRx="0" />
<p fId="2" fbTx="241.2827371" lbTx="241.2827856" tId="1" fbRx="241.2827921" lbRx="0" />
<p fId="2" fbTx="241.2827975" lbTx="241.282846" tId="0" fbRx="241.2828526" lbRx="0" />
<p fId="2" fbTx="241.2827975" lbTx="241.282846" tId="0" fbRx="241.2828526" lbRx="0" />
<p fId="2" fbTx="241.2827975" lbTx="241.282846" tId="1" fbRx="241.2828526" lbRx="0" />
<p fId="2" fbTx="241.282854" lbTx="241.2829025" tId="0" fbRx="241.282909" lbRx="0" />
<p fId="2" fbTx="241.282854" lbTx="241.2829025" tId="0" fbRx="241.282909" lbRx="0" />
<p fId="2" fbTx="241.282854" lbTx="241.2829025" tId="1" fbRx="241.282909" lbRx="0" />
<p fId="2" fbTx="241.2829094" lbTx="241.2829579" tId="0" fbRx="241.2829645" lbRx="0" />
<p fId="2" fbTx="241.2829094" lbTx="241.2829579" tId="0" fbRx="241.2829645" lbRx="0" />
<p fId="2" fbTx="241.2829094" lbTx="241.2829579" tId="1" fbRx="241.2829645" lbRx="0" />
<p fId="2" fbTx="241.2829659" lbTx="241.2830143" tId="0" fbRx="241.2830209" lbRx="0" />
<p fId="2" fbTx="241.2829659" lbTx="241.2830143" tId="0" fbRx="241.2830209" lbRx="0" />
<p fId="2" fbTx="241.2829659" lbTx="241.2830143" tId="1" fbRx="241.2830209" lbRx="0" />
<p fId="2" fbTx="241.2830233" lbTx="241.2830718" tId="0" fbRx="241.2830783" lbRx="0" />
<p fId="2" fbTx="241.2830233" lbTx="241.2830718" tId="0" fbRx="241.2830783" lbRx="0" />
<p fId="2" fbTx="241.2830233" lbTx="241.2830718" tId="1" fbRx="241.2830783" lbRx="0" />
<p fId="2" fbTx="241.2830787" lbTx="241.2831272" tId="0" fbRx="241.2831338" lbRx="0" />
<p fId="2" fbTx="241.2830787" lbTx="241.2831272" tId="0" fbRx="241.2831338" lbRx="0" />
<p fId="2" fbTx="241.2830787" lbTx="241.2831272" tId="1" fbRx="241.2831338" lbRx="0" />
<p fId="2" fbTx="241.2831342" lbTx="241.2831827" tId="0" fbRx="241.2831892" lbRx="0" />
<p fId="2" fbTx="241.2831342" lbTx="241.2831827" tId="0" fbRx="241.2831892" lbRx="0" />
<p fId="2" fbTx="241.2831342" lbTx="241.2831827" tId="1" fbRx="241.2831892" lbRx="0" />
<p fId="2" fbTx="241.2831896" lbTx="241.2832381" tId="0" fbRx="241.2832447" lbRx="0" />
<p fId="2" fbTx="241.2831896" lbTx="241.2832381" tId="0" fbRx="241.2832447" lbRx="0" />
<p fId="2" fbTx="241.2831896" lbTx="241.2832381" tId="1" fbRx="241.2832447" lbRx="0" />
<p fId="2" fbTx="241.2832461" lbTx="241.2832945" tId="0" fbRx="241.2833011" lbRx="0" />
<p fId="2" fbTx="241.2832461" lbTx="241.2832945" tId="0" fbRx="241.2833011" lbRx="0" />
<p fId="2" fbTx="241.2832461" lbTx="241.2832945" tId="1" fbRx="241.2833011" lbRx="0" />
<p fId="2" fbTx="241.2833235" lbTx="241.283372" tId="0" fbRx="241.2833785" lbRx="0" />
<p fId="2" fbTx="241.2833235" lbTx="241.283372" tId="0" fbRx="241.2833785" lbRx="0" />
<p fId="2" fbTx="241.2833235" lbTx="241.283372" tId="1" fbRx="241.2833785" lbRx="0" />
<p fId="2" fbTx="241.2833799" lbTx="241.2834284" tId="0" fbRx="241.283435" lbRx="0" />
<p fId="2" fbTx="241.2833799" lbTx="241.2834284" tId="0" fbRx="241.283435" lbRx="0" />
<p fId="2" fbTx="241.2833799" lbTx="241.2834284" tId="1" fbRx="241.283435" lbRx="0" />
<p fId="2" fbTx="241.2834374" lbTx="241.2834859" tId="0" fbRx="241.2834924" lbRx="0" />
<p fId="2" fbTx="241.2834374" lbTx="241.2834859" tId="0" fbRx="241.2834924" lbRx="0" />
<p fId="2" fbTx="241.2834374" lbTx="241.2834859" tId="1" fbRx="241.2834924" lbRx="0" />
<p fId="2" fbTx="241.2834928" lbTx="241.2835413" tId="0" fbRx="241.2835479" lbRx="0" />
<p fId="2" fbTx="241.2834928" lbTx="241.2835413" tId="0" fbRx="241.2835479" lbRx="0" />
<p fId="2" fbTx="241.2834928" lbTx="241.2835413" tId="1" fbRx="241.2835479" lbRx="0" />
<p fId="2" fbTx="241.2835483" lbTx="241.2835967" tId="0" fbRx="241.2836033" lbRx="0" />
<p fId="2" fbTx="241.2835483" lbTx="241.2835967" tId="0" fbRx="241.2836033" lbRx="0" />
<p fId="2" fbTx="241.2835483" lbTx="241.2835967" tId="1" fbRx="241.2836033" lbRx="0" />
<p fId="2" fbTx="241.2836047" lbTx="241.2836532" tId="0" fbRx="241.2836597" lbRx="0" />
<p fId="2" fbTx="241.2836047" lbTx="241.2836532" tId="0" fbRx="241.2836597" lbRx="0" />
<p fId="2" fbTx="241.2836047" lbTx="241.2836532" tId="1" fbRx="241.2836597" lbRx="0" />
<p fId="2" fbTx="241.2836691" lbTx="241.2837176" tId="0" fbRx="241.2837242" lbRx="0" />
<p fId="2" fbTx="241.2836691" lbTx="241.2837176" tId="0" fbRx="241.2837242" lbRx="0" />
<p fId="2" fbTx="241.2836691" lbTx="241.2837176" tId="1" fbRx="241.2837242" lbRx="0" />
<p fId="2" fbTx="241.2837266" lbTx="241.2837751" tId="0" fbRx="241.2837816" lbRx="0" />
<p fId="2" fbTx="241.2837266" lbTx="241.2837751" tId="0" fbRx="241.2837816" lbRx="0" />
<p fId="2" fbTx="241.2837266" lbTx="241.2837751" tId="1" fbRx="241.2837816" lbRx="0" />
<p fId="2" fbTx="241.283782" lbTx="241.2838305" tId="0" fbRx="241.2838371" lbRx="0" />
<p fId="2" fbTx="241.283782" lbTx="241.2838305" tId="0" fbRx="241.2838371" lbRx="0" />
<p fId="2" fbTx="241.283782" lbTx="241.2838305" tId="1" fbRx="241.2838371" lbRx="0" />
<p fId="2" fbTx="241.2838495" lbTx="241.2838979" tId="0" fbRx="241.2839045" lbRx="0" />
<p fId="2" fbTx="241.2838495" lbTx="241.2838979" tId="0" fbRx="241.2839045" lbRx="0" />
<p fId="2" fbTx="241.2838495" lbTx="241.2838979" tId="1" fbRx="241.2839045" lbRx="0" />
<p fId="2" fbTx="241.2839069" lbTx="241.2839554" tId="0" fbRx="241.2839619" lbRx="0" />
<p fId="2" fbTx="241.2839069" lbTx="241.2839554" tId="0" fbRx="241.2839619" lbRx="0" />
<p fId="2" fbTx="241.2839069" lbTx="241.2839554" tId="1" fbRx="241.2839619" lbRx="0" />
<p fId="2" fbTx="241.2839633" lbTx="241.2840118" tId="0" fbRx="241.2840184" lbRx="0" />
<p fId="2" fbTx="241.2839633" lbTx="241.2840118" tId="0" fbRx="241.2840184" lbRx="0" />
<p fId="2" fbTx="241.2839633" lbTx="241.2840118" tId="1" fbRx="241.2840184" lbRx="0" />
<p fId="2" fbTx="241.2840238" lbTx="241.2840723" tId="0" fbRx="241.2840788" lbRx="0" />
<p fId="2" fbTx="241.2840238" lbTx="241.2840723" tId="0" fbRx="241.2840788" lbRx="0" />
<p fId="2" fbTx="241.2840238" lbTx="241.2840723" tId="1" fbRx="241.2840788" lbRx="0" />
<p fId="2" fbTx="241.2840802" lbTx="241.2841287" tId="0" fbRx="241.2841353" lbRx="0" />
<p fId="2" fbTx="241.2840802" lbTx="241.2841287" tId="0" fbRx="241.2841353" lbRx="0" />
<p fId="2" fbTx="241.2840802" lbTx="241.2841287" tId="1" fbRx="241.2841353" lbRx="0" />
<p fId="2" fbTx="241.2841377" lbTx="241.2841861" tId="0" fbRx="241.2841927" lbRx="0" />
<p fId="2" fbTx="241.2841377" lbTx="241.2841861" tId="0" fbRx="241.2841927" lbRx="0" />
<p fId="2" fbTx="241.2841377" lbTx="241.2841861" tId="1" fbRx="241.2841927" lbRx="0" />
<p fId="2" fbTx="241.2842031" lbTx="241.2842516" tId="0" fbRx="241.2842581" lbRx="0" />
<p fId="2" fbTx="241.2842031" lbTx="241.2842516" tId="0" fbRx="241.2842581" lbRx="0" />
<p fId="2" fbTx="241.2842031" lbTx="241.2842516" tId="1" fbRx="241.2842581" lbRx="0" />
<p fId="2" fbTx="241.2842595" lbTx="241.284308" tId="0" fbRx="241.2843146" lbRx="0" />
<p fId="2" fbTx="241.2842595" lbTx="241.284308" tId="0" fbRx="241.2843146" lbRx="0" />
<p fId="2" fbTx="241.2842595" lbTx="241.284308" tId="1" fbRx="241.2843146" lbRx="0" />
<p fId="2" fbTx="241.284316" lbTx="241.2843645" tId="0" fbRx="241.284371" lbRx="0" />
<p fId="2" fbTx="241.284316" lbTx="241.2843645" tId="0" fbRx="241.284371" lbRx="0" />
<p fId="2" fbTx="241.284316" lbTx="241.2843645" tId="1" fbRx="241.284371" lbRx="0" />
<p fId="2" fbTx="241.2843734" lbTx="241.2844219" tId="0" fbRx="241.2844285" lbRx="0" />
<p fId="2" fbTx="241.2843734" lbTx="241.2844219" tId="0" fbRx="241.2844285" lbRx="0" />
<p fId="2" fbTx="241.2843734" lbTx="241.2844219" tId="1" fbRx="241.2844285" lbRx="0" />
<p fId="2" fbTx="241.2844349" lbTx="241.2844833" tId="0" fbRx="241.2844899" lbRx="0" />
<p fId="2" fbTx="241.2844349" lbTx="241.2844833" tId="0" fbRx="241.2844899" lbRx="0" />
<p fId="2" fbTx="241.2844349" lbTx="241.2844833" tId="1" fbRx="241.2844899" lbRx="0" />
<p fId="2" fbTx="241.2844933" lbTx="241.2845418" tId="0" fbRx="241.2845483" lbRx="0" />
<p fId="2" fbTx="241.2844933" lbTx="241.2845418" tId="0" fbRx="241.2845483" lbRx="0" />
<p fId="2" fbTx="241.2844933" lbTx="241.2845418" tId="1" fbRx="241.2845483" lbRx="0" />
<p fId="2" fbTx="241.2845507" lbTx="241.2845992" tId="0" fbRx="241.2846058" lbRx="0" />
<p fId="2" fbTx="241.2845507" lbTx="241.2845992" tId="0" fbRx="241.2846058" lbRx="0" />
<p fId="2" fbTx="241.2845507" lbTx="241.2845992" tId="1" fbRx="241.2846058" lbRx="0" />
<p fId="2" fbTx="241.2846132" lbTx="241.2846617" tId="0" fbRx="241.2846682" lbRx="0" />
<p fId="2" fbTx="241.2846132" lbTx="241.2846617" tId="0" fbRx="241.2846682" lbRx="0" />
<p fId="2" fbTx="241.2846132" lbTx="241.2846617" tId="1" fbRx="241.2846682" lbRx="0" />
<p fId="2" fbTx="241.2846706" lbTx="241.2847191" tId="0" fbRx="241.2847257" lbRx="0" />
<p fId="2" fbTx="241.2846706" lbTx="241.2847191" tId="0" fbRx="241.2847257" lbRx="0" />
<p fId="2" fbTx="241.2846706" lbTx="241.2847191" tId="1" fbRx="241.2847257" lbRx="0" />
<p fId="2" fbTx="241.2847331" lbTx="241.2847815" tId="0" fbRx="241.2847881" lbRx="0" />
<p fId="2" fbTx="241.2847331" lbTx="241.2847815" tId="0" fbRx="241.2847881" lbRx="0" />
<p fId="2" fbTx="241.2847331" lbTx="241.2847815" tId="1" fbRx="241.2847881" lbRx="0" />
<p fId="2" fbTx="241.2847915" lbTx="241.28484" tId="0" fbRx="241.2848465" lbRx="0" />
<p fId="2" fbTx="241.2847915" lbTx="241.28484" tId="0" fbRx="241.2848465" lbRx="0" />
<p fId="2" fbTx="241.2847915" lbTx="241.28484" tId="1" fbRx="241.2848465" lbRx="0" />
<p fId="2" fbTx="241.2848499" lbTx="241.2848984" tId="0" fbRx="241.284905" lbRx="0" />
<p fId="2" fbTx="241.2848499" lbTx="241.2848984" tId="0" fbRx="241.284905" lbRx="0" />
<p fId="2" fbTx="241.2848499" lbTx="241.2848984" tId="1" fbRx="241.284905" lbRx="0" />
<p fId="2" fbTx="241.2849064" lbTx="241.2849549" tId="0" fbRx="241.2849614" lbRx="0" />
<p fId="2" fbTx="241.2849064" lbTx="241.2849549" tId="0" fbRx="241.2849614" lbRx="0" />
<p fId="2" fbTx="241.2849064" lbTx="241.2849549" tId="1" fbRx="241.2849614" lbRx="0" />
<p fId="2" fbTx="241.2849638" lbTx="241.2850123" tId="0" fbRx="241.2850189" lbRx="0" />
<p fId="2" fbTx="241.2849638" lbTx="241.2850123" tId="0" fbRx="241.2850189" lbRx="0" />
<p fId="2" fbTx="241.2849638" lbTx="241.2850123" tId="1" fbRx="241.2850189" lbRx="0" />
<p fId="2" fbTx="241.2850203" lbTx="241.2850687" tId="0" fbRx="241.2850753" lbRx="0" />
<p fId="2" fbTx="241.2850203" lbTx="241.2850687" tId="0" fbRx="241.2850753" lbRx="0" />
<p fId="2" fbTx="241.2850203" lbTx="241.2850687" tId="1" fbRx="241.2850753" lbRx="0" />
<p fId="2" fbTx="241.2850807" lbTx="241.2851292" tId="0" fbRx="241.2851357" lbRx="0" />
<p fId="2" fbTx="241.2850807" lbTx="241.2851292" tId="0" fbRx="241.2851357" lbRx="0" />
<p fId="2" fbTx="241.2850807" lbTx="241.2851292" tId="1" fbRx="241.2851357" lbRx="0" />
<p fId="2" fbTx="241.2851381" lbTx="241.2851866" tId="0" fbRx="241.2851932" lbRx="0" />
<p fId="2" fbTx="241.2851381" lbTx="241.2851866" tId="0" fbRx="241.2851932" lbRx="0" />
<p fId="2" fbTx="241.2851381" lbTx="241.2851866" tId="1" fbRx="241.2851932" lbRx="0" />
<p fId="2" fbTx="241.2851946" lbTx="241.2852431" tId="0" fbRx="241.2852496" lbRx="0" />
<p fId="2" fbTx="241.2851946" lbTx="241.2852431" tId="0" fbRx="241.2852496" lbRx="0" />
<p fId="2" fbTx="241.2851946" lbTx="241.2852431" tId="1" fbRx="241.2852496" lbRx="0" />
<p fId="2" fbTx="241.285252" lbTx="241.2853005" tId="0" fbRx="241.2853071" lbRx="0" />
<p fId="2" fbTx="241.285252" lbTx="241.2853005" tId="0" fbRx="241.2853071" lbRx="0" />
<p fId="2" fbTx="241.285252" lbTx="241.2853005" tId="1" fbRx="241.2853071" lbRx="0" />
<p fId="2" fbTx="241.2853115" lbTx="241.2853599" tId="0" fbRx="241.2853665" lbRx="0" />
<p fId="2" fbTx="241.2853115" lbTx="241.2853599" tId="0" fbRx="241.2853665" lbRx="0" />
<p fId="2" fbTx="241.2853115" lbTx="241.2853599" tId="1" fbRx="241.2853665" lbRx="0" />
<p fId="2" fbTx="241.2853679" lbTx="241.2854164" tId="0" fbRx="241.2854229" lbRx="0" />
<p fId="2" fbTx="241.2853679" lbTx="241.2854164" tId="0" fbRx="241.2854229" lbRx="0" />
<p fId="2" fbTx="241.2853679" lbTx="241.2854164" tId="1" fbRx="241.2854229" lbRx="0" />
<p fId="2" fbTx="241.2854243" lbTx="241.2854728" tId="0" fbRx="241.2854794" lbRx="0" />
<p fId="2" fbTx="241.2854243" lbTx="241.2854728" tId="0" fbRx="241.2854794" lbRx="0" />
<p fId="2" fbTx="241.2854243" lbTx="241.2854728" tId="1" fbRx="241.2854794" lbRx="0" />
<p fId="2" fbTx="241.2854898" lbTx="241.2855383" tId="0" fbRx="241.2855448" lbRx="0" />
<p fId="2" fbTx="241.2854898" lbTx="241.2855383" tId="0" fbRx="241.2855448" lbRx="0" />
<p fId="2" fbTx="241.2854898" lbTx="241.2855383" tId="1" fbRx="241.2855448" lbRx="0" />
<p fId="2" fbTx="241.2855542" lbTx="241.2856027" tId="0" fbRx="241.2856093" lbRx="0" />
<p fId="2" fbTx="241.2855542" lbTx="241.2856027" tId="0" fbRx="241.2856093" lbRx="0" />
<p fId="2" fbTx="241.2855542" lbTx="241.2856027" tId="1" fbRx="241.2856093" lbRx="0" />
<p fId="2" fbTx="241.2856097" lbTx="241.2856581" tId="0" fbRx="241.2856647" lbRx="0" />
<p fId="2" fbTx="241.2856097" lbTx="241.2856581" tId="0" fbRx="241.2856647" lbRx="0" />
<p fId="2" fbTx="241.2856097" lbTx="241.2856581" tId="1" fbRx="241.2856647" lbRx="0" />
<p fId="2" fbTx="241.2856771" lbTx="241.2857256" tId="0" fbRx="241.2857321" lbRx="0" />
<p fId="2" fbTx="241.2856771" lbTx="241.2857256" tId="0" fbRx="241.2857321" lbRx="0" />
<p fId="2" fbTx="241.2856771" lbTx="241.2857256" tId="1" fbRx="241.2857321" lbRx="0" />
<p fId="2" fbTx="241.2857325" lbTx="241.285781" tId="0" fbRx="241.2857876" lbRx="0" />
<p fId="2" fbTx="241.2857325" lbTx="241.285781" tId="0" fbRx="241.2857876" lbRx="0" />
<p fId="2" fbTx="241.2857325" lbTx="241.285781" tId="1" fbRx="241.2857876" lbRx="0" />
<p fId="2" fbTx="241.285802" lbTx="241.2858505" tId="0" fbRx="241.285857" lbRx="0" />
<p fId="2" fbTx="241.285802" lbTx="241.2858505" tId="0" fbRx="241.285857" lbRx="0" />
<p fId="2" fbTx="241.285802" lbTx="241.2858505" tId="1" fbRx="241.285857" lbRx="0" />
<p fId="2" fbTx="241.2858584" lbTx="241.2859069" tId="0" fbRx="241.2859135" lbRx="0" />
<p fId="2" fbTx="241.2858584" lbTx="241.2859069" tId="0" fbRx="241.2859135" lbRx="0" />
<p fId="2" fbTx="241.2858584" lbTx="241.2859069" tId="1" fbRx="241.2859135" lbRx="0" />
<p fId="2" fbTx="241.2859229" lbTx="241.2859713" tId="0" fbRx="241.2859779" lbRx="0" />
<p fId="2" fbTx="241.2859229" lbTx="241.2859713" tId="0" fbRx="241.2859779" lbRx="0" />
<p fId="2" fbTx="241.2859229" lbTx="241.2859713" tId="1" fbRx="241.2859779" lbRx="0" />
<p fId="2" fbTx="241.2859813" lbTx="241.2860298" tId="0" fbRx="241.2860363" lbRx="0" />
<p fId="2" fbTx="241.2859813" lbTx="241.2860298" tId="0" fbRx="241.2860363" lbRx="0" />
<p fId="2" fbTx="241.2859813" lbTx="241.2860298" tId="1" fbRx="241.2860363" lbRx="0" />
<p fId="2" fbTx="241.2860387" lbTx="241.2860872" tId="0" fbRx="241.2860938" lbRx="0" />
<p fId="2" fbTx="241.2860387" lbTx="241.2860872" tId="0" fbRx="241.2860938" lbRx="0" />
<p fId="2" fbTx="241.2860387" lbTx="241.2860872" tId="1" fbRx="241.2860938" lbRx="0" />
<p fId="2" fbTx="241.2860942" lbTx="241.2861427" tId="0" fbRx="241.2861492" lbRx="0" />
<p fId="2" fbTx="241.2860942" lbTx="241.2861427" tId="0" fbRx="241.2861492" lbRx="0" />
<p fId="2" fbTx="241.2860942" lbTx="241.2861427" tId="1" fbRx="241.2861492" lbRx="0" />
<p fId="2" fbTx="241.2861496" lbTx="241.2861981" tId="0" fbRx="241.2862047" lbRx="0" />
<p fId="2" fbTx="241.2861496" lbTx="241.2861981" tId="0" fbRx="241.2862047" lbRx="0" />
<p fId="2" fbTx="241.2861496" lbTx="241.2861981" tId="1" fbRx="241.2862047" lbRx="0" />
<p fId="2" fbTx="241.2862151" lbTx="241.2862635" tId="0" fbRx="241.2862701" lbRx="0" />
<p fId="2" fbTx="241.2862151" lbTx="241.2862635" tId="0" fbRx="241.2862701" lbRx="0" />
<p fId="2" fbTx="241.2862151" lbTx="241.2862635" tId="1" fbRx="241.2862701" lbRx="0" />
<p fId="2" fbTx="241.2862735" lbTx="241.286322" tId="0" fbRx="241.2863285" lbRx="0" />
<p fId="2" fbTx="241.2862735" lbTx="241.286322" tId="0" fbRx="241.2863285" lbRx="0" />
<p fId="2" fbTx="241.2862735" lbTx="241.286322" tId="1" fbRx="241.2863285" lbRx="0" />
<p fId="2" fbTx="241.2863319" lbTx="241.2863804" tId="0" fbRx="241.286387" lbRx="0" />
<p fId="2" fbTx="241.2863319" lbTx="241.2863804" tId="0" fbRx="241.286387" lbRx="0" />
<p fId="2" fbTx="241.2863319" lbTx="241.2863804" tId="1" fbRx="241.286387" lbRx="0" />
<p fId="2" fbTx="241.2863904" lbTx="241.2864389" tId="0" fbRx="241.2864454" lbRx="0" />
<p fId="2" fbTx="241.2863904" lbTx="241.2864389" tId="0" fbRx="241.2864454" lbRx="0" />
<p fId="2" fbTx="241.2863904" lbTx="241.2864389" tId="1" fbRx="241.2864454" lbRx="0" />
<p fId="2" fbTx="241.2864468" lbTx="241.2864953" tId="0" fbRx="241.2865019" lbRx="0" />
<p fId="2" fbTx="241.2864468" lbTx="241.2864953" tId="0" fbRx="241.2865019" lbRx="0" />
<p fId="2" fbTx="241.2864468" lbTx="241.2864953" tId="1" fbRx="241.2865019" lbRx="0" />
<p fId="2" fbTx="241.2865043" lbTx="241.2865527" tId="0" fbRx="241.2865593" lbRx="0" />
<p fId="2" fbTx="241.2865043" lbTx="241.2865527" tId="0" fbRx="241.2865593" lbRx="0" />
<p fId="2" fbTx="241.2865043" lbTx="241.2865527" tId="1" fbRx="241.2865593" lbRx="0" />
<p fId="2" fbTx="241.2865627" lbTx="241.2866112" tId="0" fbRx="241.2866177" lbRx="0" />
<p fId="2" fbTx="241.2865627" lbTx="241.2866112" tId="0" fbRx="241.2866177" lbRx="0" />
<p fId="2" fbTx="241.2865627" lbTx="241.2866112" tId="1" fbRx="241.2866177" lbRx="0" />
<p fId="2" fbTx="241.2866181" lbTx="241.2866666" tId="0" fbRx="241.2866732" lbRx="0" />
<p fId="2" fbTx="241.2866181" lbTx="241.2866666" tId="0" fbRx="241.2866732" lbRx="0" />
<p fId="2" fbTx="241.2866181" lbTx="241.2866666" tId="1" fbRx="241.2866732" lbRx="0" />
<p fId="2" fbTx="241.2866836" lbTx="241.2867321" tId="0" fbRx="241.2867386" lbRx="0" />
<p fId="2" fbTx="241.2866836" lbTx="241.2867321" tId="0" fbRx="241.2867386" lbRx="0" />
<p fId="2" fbTx="241.2866836" lbTx="241.2867321" tId="1" fbRx="241.2867386" lbRx="0" />
<p fId="2" fbTx="241.286748" lbTx="241.2867965" tId="0" fbRx="241.2868031" lbRx="0" />
<p fId="2" fbTx="241.286748" lbTx="241.2867965" tId="0" fbRx="241.2868031" lbRx="0" />
<p fId="2" fbTx="241.286748" lbTx="241.2867965" tId="1" fbRx="241.2868031" lbRx="0" />
<p fId="2" fbTx="241.2868035" lbTx="241.2868519" tId="0" fbRx="241.2868585" lbRx="0" />
<p fId="2" fbTx="241.2868035" lbTx="241.2868519" tId="0" fbRx="241.2868585" lbRx="0" />
<p fId="2" fbTx="241.2868035" lbTx="241.2868519" tId="1" fbRx="241.2868585" lbRx="0" />
<p fId="2" fbTx="241.2868619" lbTx="241.2869104" tId="0" fbRx="241.2869169" lbRx="0" />
<p fId="2" fbTx="241.2868619" lbTx="241.2869104" tId="0" fbRx="241.2869169" lbRx="0" />
<p fId="2" fbTx="241.2868619" lbTx="241.2869104" tId="1" fbRx="241.2869169" lbRx="0" />
<p fId="2" fbTx="241.2869213" lbTx="241.2869698" tId="0" fbRx="241.2869764" lbRx="0" />
<p fId="2" fbTx="241.2869213" lbTx="241.2869698" tId="0" fbRx="241.2869764" lbRx="0" />
<p fId="2" fbTx="241.2869213" lbTx="241.2869698" tId="1" fbRx="241.2869764" lbRx="0" />
<p fId="2" fbTx="241.2869778" lbTx="241.2869942" tId="0" fbRx="241.2870007" lbRx="0" />
<p fId="2" fbTx="241.2869778" lbTx="241.2869942" tId="0" fbRx="241.2870007" lbRx="0" />
<p fId="2" fbTx="241.2869778" lbTx="241.2869942" tId="1" fbRx="241.2870007" lbRx="0" />
<p fId="0" fbTx="241.2875123" lbTx="241.2875179" tId="1" fbRx="241.2875245" lbRx="0" />
<p fId="0" fbTx="241.2875123" lbTx="241.2875179" tId="2" fbRx="241.2875245" lbRx="0" />
<p fId="0" fbTx="241.2875123" lbTx="241.2875179" tId="2" fbRx="241.2875245" lbRx="0" />
<p fId="0" fbTx="241.2875259" lbTx="241.2875315" tId="1" fbRx="241.2875381" lbRx="0" />
<p fId="0" fbTx="241.2875259" lbTx="241.2875315" tId="2" fbRx="241.2875381" lbRx="0" />
<p fId="0" fbTx="241.2875259" lbTx="241.2875315" tId="2" fbRx="241.2875381" lbRx="0" />
<p fId="0" fbTx="241.2875405" lbTx="241.2875461" tId="1" fbRx="241.2875526" lbRx="0" />
<p fId="0" fbTx="241.2875405" lbTx="241.2875461" tId="2" fbRx="241.2875526" lbRx="0" />
<p fId="0" fbTx="241.2875405" lbTx="241.2875461" tId="2" fbRx="241.2875526" lbRx="0" />
<p fId="0" fbTx="241.287554" lbTx="241.2875596" tId="1" fbRx="241.2875662" lbRx="0" />
<p fId="0" fbTx="241.287554" lbTx="241.2875596" tId="2" fbRx="241.2875662" lbRx="0" />
<p fId="0" fbTx="241.287554" lbTx="241.2875596" tId="2" fbRx="241.2875662" lbRx="0" />
<p fId="0" fbTx="241.2875786" lbTx="241.2875842" tId="1" fbRx="241.2875907" lbRx="0" />
<p fId="0" fbTx="241.2875786" lbTx="241.2875842" tId="2" fbRx="241.2875907" lbRx="0" />
<p fId="0" fbTx="241.2875786" lbTx="241.2875842" tId="2" fbRx="241.2875907" lbRx="0" />
<p fId="0" fbTx="241.2875991" lbTx="241.2876047" tId="1" fbRx="241.2876113" lbRx="0" />
<p fId="0" fbTx="241.2875991" lbTx="241.2876047" tId="2" fbRx="241.2876113" lbRx="0" />
<p fId="0" fbTx="241.2875991" lbTx="241.2876047" tId="2" fbRx="241.2876113" lbRx="0" />
<p fId="0" fbTx="241.2876177" lbTx="241.2876233" tId="1" fbRx="241.2876299" lbRx="0" />
<p fId="0" fbTx="241.2876177" lbTx="241.2876233" tId="2" fbRx="241.2876299" lbRx="0" />
<p fId="0" fbTx="241.2876177" lbTx="241.2876233" tId="2" fbRx="241.2876299" lbRx="0" />
<p fId="0" fbTx="241.2876323" lbTx="241.2876379" tId="1" fbRx="241.2876444" lbRx="0" />
<p fId="0" fbTx="241.2876323" lbTx="241.2876379" tId="2" fbRx="241.2876444" lbRx="0" />
<p fId="0" fbTx="241.2876323" lbTx="241.2876379" tId="2" fbRx="241.2876444" lbRx="0" />
<p fId="0" fbTx="241.2876458" lbTx="241.2876514" tId="1" fbRx="241.287658" lbRx="0" />
<p fId="0" fbTx="241.2876458" lbTx="241.2876514" tId="2" fbRx="241.287658" lbRx="0" />
<p fId="0" fbTx="241.2876458" lbTx="241.2876514" tId="2" fbRx="241.287658" lbRx="0" />
<p fId="0" fbTx="241.2876714" lbTx="241.287677" tId="1" fbRx="241.2876835" lbRx="0" />
<p fId="0" fbTx="241.2876714" lbTx="241.287677" tId="2" fbRx="241.2876835" lbRx="0" />
<p fId="0" fbTx="241.2876714" lbTx="241.287677" tId="2" fbRx="241.2876835" lbRx="0" />
<p fId="0" fbTx="241.2876869" lbTx="241.2876925" tId="1" fbRx="241.2876991" lbRx="0" />
<p fId="0" fbTx="241.2876869" lbTx="241.2876925" tId="2" fbRx="241.2876991" lbRx="0" />
<p fId="0" fbTx="241.2876869" lbTx="241.2876925" tId="2" fbRx="241.2876991" lbRx="0" />
<p fId="0" fbTx="241.2877005" lbTx="241.2877061" tId="1" fbRx="241.2877127" lbRx="0" />
<p fId="0" fbTx="241.2877005" lbTx="241.2877061" tId="2" fbRx="241.2877127" lbRx="0" />
<p fId="0" fbTx="241.2877005" lbTx="241.2877061" tId="2" fbRx="241.2877127" lbRx="0" />
<p fId="0" fbTx="241.2877161" lbTx="241.2877217" tId="1" fbRx="241.2877282" lbRx="0" />
<p fId="0" fbTx="241.2877161" lbTx="241.2877217" tId="2" fbRx="241.2877282" lbRx="0" />
<p fId="0" fbTx="241.2877161" lbTx="241.2877217" tId="2" fbRx="241.2877282" lbRx="0" />
<p fId="0" fbTx="241.2877306" lbTx="241.2877362" tId="1" fbRx="241.2877428" lbRx="0" />
<p fId="0" fbTx="241.2877306" lbTx="241.2877362" tId="2" fbRx="241.2877428" lbRx="0" />
<p fId="0" fbTx="241.2877306" lbTx="241.2877362" tId="2" fbRx="241.2877428" lbRx="0" />
<p fId="0" fbTx="241.2877442" lbTx="241.2877498" tId="1" fbRx="241.2877563" lbRx="0" />
<p fId="0" fbTx="241.2877442" lbTx="241.2877498" tId="2" fbRx="241.2877563" lbRx="0" />
<p fId="0" fbTx="241.2877442" lbTx="241.2877498" tId="2" fbRx="241.2877563" lbRx="0" />
<p fId="0" fbTx="241.2877607" lbTx="241.2877663" tId="1" fbRx="241.2877729" lbRx="0" />
<p fId="0" fbTx="241.2877607" lbTx="241.2877663" tId="2" fbRx="241.2877729" lbRx="0" />
<p fId="0" fbTx="241.2877607" lbTx="241.2877663" tId="2" fbRx="241.2877729" lbRx="0" />
<p fId="0" fbTx="241.2877763" lbTx="241.2877819" tId="1" fbRx="241.2877885" lbRx="0" />
<p fId="0" fbTx="241.2877763" lbTx="241.2877819" tId="2" fbRx="241.2877885" lbRx="0" />
<p fId="0" fbTx="241.2877763" lbTx="241.2877819" tId="2" fbRx="241.2877885" lbRx="0" />
<p fId="0" fbTx="241.2877999" lbTx="241.2878055" tId="1" fbRx="241.287812" lbRx="0" />
<p fId="0" fbTx="241.2877999" lbTx="241.2878055" tId="2" fbRx="241.287812" lbRx="0" />
<p fId="0" fbTx="241.2877999" lbTx="241.2878055" tId="2" fbRx="241.287812" lbRx="0" />
<p fId="0" fbTx="241.2878134" lbTx="241.287819" tId="1" fbRx="241.2878256" lbRx="0" />
<p fId="0" fbTx="241.2878134" lbTx="241.287819" tId="2" fbRx="241.2878256" lbRx="0" />
<p fId="0" fbTx="241.2878134" lbTx="241.287819" tId="2" fbRx="241.2878256" lbRx="0" />
<p fId="0" fbTx="241.287827" lbTx="241.2878326" tId="1" fbRx="241.2878391" lbRx="0" />
<p fId="0" fbTx="241.287827" lbTx="241.2878326" tId="2" fbRx="241.2878391" lbRx="0" />
<p fId="0" fbTx="241.287827" lbTx="241.2878326" tId="2" fbRx="241.2878391" lbRx="0" />
<p fId="0" fbTx="241.2878395" lbTx="241.2878451" tId="1" fbRx="241.2878517" lbRx="0" />
<p fId="0" fbTx="241.2878395" lbTx="241.2878451" tId="2" fbRx="241.2878517" lbRx="0" />
<p fId="0" fbTx="241.2878395" lbTx="241.2878451" tId="2" fbRx="241.2878517" lbRx="0" />
<p fId="0" fbTx="241.2878571" lbTx="241.2878627" tId="1" fbRx="241.2878693" lbRx="0" />
<p fId="0" fbTx="241.2878571" lbTx="241.2878627" tId="2" fbRx="241.2878693" lbRx="0" />
<p fId="0" fbTx="241.2878571" lbTx="241.2878627" tId="2" fbRx="241.2878693" lbRx="0" />
<p fId="0" fbTx="241.2878777" lbTx="241.2878833" tId="1" fbRx="241.2878898" lbRx="0" />
<p fId="0" fbTx="241.2878777" lbTx="241.2878833" tId="2" fbRx="241.2878898" lbRx="0" />
<p fId="0" fbTx="241.2878777" lbTx="241.2878833" tId="2" fbRx="241.2878898" lbRx="0" />
<p fId="0" fbTx="241.2878922" lbTx="241.2878978" tId="1" fbRx="241.2879044" lbRx="0" />
<p fId="0" fbTx="241.2878922" lbTx="241.2878978" tId="2" fbRx="241.2879044" lbRx="0" />
<p fId="0" fbTx="241.2878922" lbTx="241.2878978" tId="2" fbRx="241.2879044" lbRx="0" />
<p fId="0" fbTx="241.2879048" lbTx="241.2879104" tId="1" fbRx="241.2879169" lbRx="0" />
<p fId="0" fbTx="241.2879048" lbTx="241.2879104" tId="2" fbRx="241.2879169" lbRx="0" />
<p fId="0" fbTx="241.2879048" lbTx="241.2879104" tId="2" fbRx="241.2879169" lbRx="0" />
<p fId="0" fbTx="241.2879273" lbTx="241.2879329" tId="1" fbRx="241.2879395" lbRx="0" />
<p fId="0" fbTx="241.2879273" lbTx="241.2879329" tId="2" fbRx="241.2879395" lbRx="0" />
<p fId="0" fbTx="241.2879273" lbTx="241.2879329" tId="2" fbRx="241.2879395" lbRx="0" />
<p fId="0" fbTx="241.2879499" lbTx="241.2879555" tId="1" fbRx="241.2879621" lbRx="0" />
<p fId="0" fbTx="241.2879499" lbTx="241.2879555" tId="2" fbRx="241.2879621" lbRx="0" />
<p fId="0" fbTx="241.2879499" lbTx="241.2879555" tId="2" fbRx="241.2879621" lbRx="0" />
<p fId="0" fbTx="241.2879645" lbTx="241.2879701" tId="1" fbRx="241.2879766" lbRx="0" />
<p fId="0" fbTx="241.2879645" lbTx="241.2879701" tId="2" fbRx="241.2879766" lbRx="0" />
<p fId="0" fbTx="241.2879645" lbTx="241.2879701" tId="2" fbRx="241.2879766" lbRx="0" />
<p fId="0" fbTx="241.287978" lbTx="241.2879836" tId="1" fbRx="241.2879902" lbRx="0" />
<p fId="0" fbTx="241.287978" lbTx="241.2879836" tId="2" fbRx="241.2879902" lbRx="0" />
<p fId="0" fbTx="241.287978" lbTx="241.2879836" tId="2" fbRx="241.2879902" lbRx="0" />
<p fId="0" fbTx="241.2879916" lbTx="241.2879972" tId="1" fbRx="241.2880037" lbRx="0" />
<p fId="0" fbTx="241.2879916" lbTx="241.2879972" tId="2" fbRx="241.2880037" lbRx="0" />
<p fId="0" fbTx="241.2879916" lbTx="241.2879972" tId="2" fbRx="241.2880037" lbRx="0" />
<p fId="0" fbTx="241.2880061" lbTx="241.2880117" tId="1" fbRx="241.2880183" lbRx="0" />
<p fId="0" fbTx="241.2880061" lbTx="241.2880117" tId="2" fbRx="241.2880183" lbRx="0" />
<p fId="0" fbTx="241.2880061" lbTx="241.2880117" tId="2" fbRx="241.2880183" lbRx="0" />
<p fId="0" fbTx="241.2880207" lbTx="241.2880263" tId="1" fbRx="241.2880329" lbRx="0" />
<p fId="0" fbTx="241.2880207" lbTx="241.2880263" tId="2" fbRx="241.2880329" lbRx="0" />
<p fId="0" fbTx="241.2880207" lbTx="241.2880263" tId="2" fbRx="241.2880329" lbRx="0" />
<p fId="0" fbTx="241.2880363" lbTx="241.2880419" tId="1" fbRx="241.2880484" lbRx="0" />
<p fId="0" fbTx="241.2880363" lbTx="241.2880419" tId="2" fbRx="241.2880484" lbRx="0" />
<p fId="0" fbTx="241.2880363" lbTx="241.2880419" tId="2" fbRx="241.2880484" lbRx="0" />
<p fId="0" fbTx="241.2880528" lbTx="241.2880584" tId="1" fbRx="241.288065" lbRx="0" />
<p fId="0" fbTx="241.2880528" lbTx="241.2880584" tId="2" fbRx="241.288065" lbRx="0" />
<p fId="0" fbTx="241.2880528" lbTx="241.2880584" tId="2" fbRx="241.288065" lbRx="0" />
<p fId="0" fbTx="241.2880654" lbTx="241.288071" tId="1" fbRx="241.2880775" lbRx="0" />
<p fId="0" fbTx="241.2880654" lbTx="241.288071" tId="2" fbRx="241.2880775" lbRx="0" />
<p fId="0" fbTx="241.2880654" lbTx="241.288071" tId="2" fbRx="241.2880775" lbRx="0" />
<p fId="0" fbTx="241.2880799" lbTx="241.2880855" tId="1" fbRx="241.2880921" lbRx="0" />
<p fId="0" fbTx="241.2880799" lbTx="241.2880855" tId="2" fbRx="241.2880921" lbRx="0" />
<p fId="0" fbTx="241.2880799" lbTx="241.2880855" tId="2" fbRx="241.2880921" lbRx="0" />
<p fId="0" fbTx="241.2880925" lbTx="241.2880981" tId="1" fbRx="241.2881047" lbRx="0" />
<p fId="0" fbTx="241.2880925" lbTx="241.2880981" tId="2" fbRx="241.2881047" lbRx="0" />
<p fId="0" fbTx="241.2880925" lbTx="241.2880981" tId="2" fbRx="241.2881047" lbRx="0" />
<p fId="0" fbTx="241.2881111" lbTx="241.2881167" tId="1" fbRx="241.2881232" lbRx="0" />
<p fId="0" fbTx="241.2881111" lbTx="241.2881167" tId="2" fbRx="241.2881232" lbRx="0" />
<p fId="0" fbTx="241.2881111" lbTx="241.2881167" tId="2" fbRx="241.2881232" lbRx="0" />
<p fId="0" fbTx="241.2881236" lbTx="241.2881292" tId="1" fbRx="241.2881358" lbRx="0" />
<p fId="0" fbTx="241.2881236" lbTx="241.2881292" tId="2" fbRx="241.2881358" lbRx="0" />
<p fId="0" fbTx="241.2881236" lbTx="241.2881292" tId="2" fbRx="241.2881358" lbRx="0" />
<p fId="0" fbTx="241.2881362" lbTx="241.2881418" tId="1" fbRx="241.2881483" lbRx="0" />
<p fId="0" fbTx="241.2881362" lbTx="241.2881418" tId="2" fbRx="241.2881483" lbRx="0" />
<p fId="0" fbTx="241.2881362" lbTx="241.2881418" tId="2" fbRx="241.2881483" lbRx="0" />
<p fId="0" fbTx="241.2881497" lbTx="241.2881553" tId="1" fbRx="241.2881619" lbRx="0" />
<p fId="0" fbTx="241.2881497" lbTx="241.2881553" tId="2" fbRx="241.2881619" lbRx="0" />
<p fId="0" fbTx="241.2881497" lbTx="241.2881553" tId="2" fbRx="241.2881619" lbRx="0" />
<p fId="0" fbTx="241.2881643" lbTx="241.2881699" tId="1" fbRx="241.2881765" lbRx="0" />
<p fId="0" fbTx="241.2881643" lbTx="241.2881699" tId="2" fbRx="241.2881765" lbRx="0" />
<p fId="0" fbTx="241.2881643" lbTx="241.2881699" tId="2" fbRx="241.2881765" lbRx="0" />
<p fId="0" fbTx="241.2881769" lbTx="241.2881825" tId="1" fbRx="241.288189" lbRx="0" />
<p fId="0" fbTx="241.2881769" lbTx="241.2881825" tId="2" fbRx="241.288189" lbRx="0" />
<p fId="0" fbTx="241.2881769" lbTx="241.2881825" tId="2" fbRx="241.288189" lbRx="0" />
<p fId="0" fbTx="241.2881894" lbTx="241.288195" tId="1" fbRx="241.2882016" lbRx="0" />
<p fId="0" fbTx="241.2881894" lbTx="241.288195" tId="2" fbRx="241.2882016" lbRx="0" />
<p fId="0" fbTx="241.2881894" lbTx="241.288195" tId="2" fbRx="241.2882016" lbRx="0" />
<p fId="0" fbTx="241.288204" lbTx="241.2882096" tId="1" fbRx="241.2882161" lbRx="0" />
<p fId="0" fbTx="241.288204" lbTx="241.2882096" tId="2" fbRx="241.2882161" lbRx="0" />
<p fId="0" fbTx="241.288204" lbTx="241.2882096" tId="2" fbRx="241.2882161" lbRx="0" />
<p fId="0" fbTx="241.2882235" lbTx="241.2882291" tId="1" fbRx="241.2882357" lbRx="0" />
<p fId="0" fbTx="241.2882235" lbTx="241.2882291" tId="2" fbRx="241.2882357" lbRx="0" />
<p fId="0" fbTx="241.2882235" lbTx="241.2882291" tId="2" fbRx="241.2882357" lbRx="0" />
<p fId="0" fbTx="241.2882371" lbTx="241.2882427" tId="1" fbRx="241.2882493" lbRx="0" />
<p fId="0" fbTx="241.2882371" lbTx="241.2882427" tId="2" fbRx="241.2882493" lbRx="0" />
<p fId="0" fbTx="241.2882371" lbTx="241.2882427" tId="2" fbRx="241.2882493" lbRx="0" />
<p fId="0" fbTx="241.2882587" lbTx="241.2882643" tId="1" fbRx="241.2882708" lbRx="0" />
<p fId="0" fbTx="241.2882587" lbTx="241.2882643" tId="2" fbRx="241.2882708" lbRx="0" />
<p fId="0" fbTx="241.2882587" lbTx="241.2882643" tId="2" fbRx="241.2882708" lbRx="0" />
<p fId="0" fbTx="241.2882812" lbTx="241.2882868" tId="1" fbRx="241.2882934" lbRx="0" />
<p fId="0" fbTx="241.2882812" lbTx="241.2882868" tId="2" fbRx="241.2882934" lbRx="0" />
<p fId="0" fbTx="241.2882812" lbTx="241.2882868" tId="2" fbRx="241.2882934" lbRx="0" />
<p fId="0" fbTx="241.2882978" lbTx="241.2883034" tId="1" fbRx="241.2883099" lbRx="0" />
<p fId="0" fbTx="241.2882978" lbTx="241.2883034" tId="2" fbRx="241.2883099" lbRx="0" />
<p fId="0" fbTx="241.2882978" lbTx="241.2883034" tId="2" fbRx="241.2883099" lbRx="0" />
<p fId="0" fbTx="241.2883123" lbTx="241.2883179" tId="1" fbRx="241.2883245" lbRx="0" />
<p fId="0" fbTx="241.2883123" lbTx="241.2883179" tId="2" fbRx="241.2883245" lbRx="0" />
<p fId="0" fbTx="241.2883123" lbTx="241.2883179" tId="2" fbRx="241.2883245" lbRx="0" />
<p fId="0" fbTx="241.2883269" lbTx="241.2883325" tId="1" fbRx="241.2883391" lbRx="0" />
<p fId="0" fbTx="241.2883269" lbTx="241.2883325" tId="2" fbRx="241.2883391" lbRx="0" />
<p fId="0" fbTx="241.2883269" lbTx="241.2883325" tId="2" fbRx="241.2883391" lbRx="0" />
<p fId="0" fbTx="241.2883405" lbTx="241.2883461" tId="1" fbRx="241.2883526" lbRx="0" />
<p fId="0" fbTx="241.2883405" lbTx="241.2883461" tId="2" fbRx="241.2883526" lbRx="0" />
<p fId="0" fbTx="241.2883405" lbTx="241.2883461" tId="2" fbRx="241.2883526" lbRx="0" />
<p fId="0" fbTx="241.288354" lbTx="241.2883596" tId="1" fbRx="241.2883662" lbRx="0" />
<p fId="0" fbTx="241.288354" lbTx="241.2883596" tId="2" fbRx="241.2883662" lbRx="0" />
<p fId="0" fbTx="241.288354" lbTx="241.2883596" tId="2" fbRx="241.2883662" lbRx="0" />
<p fId="0" fbTx="241.2883776" lbTx="241.2883832" tId="1" fbRx="241.2883897" lbRx="0" />
<p fId="0" fbTx="241.2883776" lbTx="241.2883832" tId="2" fbRx="241.2883897" lbRx="0" />
<p fId="0" fbTx="241.2883776" lbTx="241.2883832" tId="2" fbRx="241.2883897" lbRx="0" />
<p fId="0" fbTx="241.2883901" lbTx="241.2883957" tId="1" fbRx="241.2884023" lbRx="0" />
<p fId="0" fbTx="241.2883901" lbTx="241.2883957" tId="2" fbRx="241.2884023" lbRx="0" />
<p fId="0" fbTx="241.2883901" lbTx="241.2883957" tId="2" fbRx="241.2884023" lbRx="0" />
<p fId="0" fbTx="241.2884127" lbTx="241.2884183" tId="1" fbRx="241.2884249" lbRx="0" />
<p fId="0" fbTx="241.2884127" lbTx="241.2884183" tId="2" fbRx="241.2884249" lbRx="0" />
<p fId="0" fbTx="241.2884127" lbTx="241.2884183" tId="2" fbRx="241.2884249" lbRx="0" />
<p fId="0" fbTx="241.2884323" lbTx="241.2884379" tId="1" fbRx="241.2884444" lbRx="0" />
<p fId="0" fbTx="241.2884323" lbTx="241.2884379" tId="2" fbRx="241.2884444" lbRx="0" />
<p fId="0" fbTx="241.2884323" lbTx="241.2884379" tId="2" fbRx="241.2884444" lbRx="0" />
<p fId="0" fbTx="241.2884448" lbTx="241.2884504" tId="1" fbRx="241.288457" lbRx="0" />
<p fId="0" fbTx="241.2884448" lbTx="241.2884504" tId="2" fbRx="241.288457" lbRx="0" />
<p fId="0" fbTx="241.2884448" lbTx="241.2884504" tId="2" fbRx="241.288457" lbRx="0" />
<p fId="0" fbTx="241.2884614" lbTx="241.288467" tId="1" fbRx="241.2884735" lbRx="0" />
<p fId="0" fbTx="241.2884614" lbTx="241.288467" tId="2" fbRx="241.2884735" lbRx="0" />
<p fId="0" fbTx="241.2884614" lbTx="241.288467" tId="2" fbRx="241.2884735" lbRx="0" />
<p fId="0" fbTx="241.2884759" lbTx="241.2884815" tId="1" fbRx="241.2884881" lbRx="0" />
<p fId="0" fbTx="241.2884759" lbTx="241.2884815" tId="2" fbRx="241.2884881" lbRx="0" />
<p fId="0" fbTx="241.2884759" lbTx="241.2884815" tId="2" fbRx="241.2884881" lbRx="0" />
<p fId="0" fbTx="241.2884995" lbTx="241.2885051" tId="1" fbRx="241.2885117" lbRx="0" />
<p fId="0" fbTx="241.2884995" lbTx="241.2885051" tId="2" fbRx="241.2885117" lbRx="0" />
<p fId="0" fbTx="241.2884995" lbTx="241.2885051" tId="2" fbRx="241.2885117" lbRx="0" />
<p fId="0" fbTx="241.2885151" lbTx="241.2885207" tId="1" fbRx="241.2885272" lbRx="0" />
<p fId="0" fbTx="241.2885151" lbTx="241.2885207" tId="2" fbRx="241.2885272" lbRx="0" />
<p fId="0" fbTx="241.2885151" lbTx="241.2885207" tId="2" fbRx="241.2885272" lbRx="0" />
<p fId="0" fbTx="241.2885276" lbTx="241.2885332" tId="1" fbRx="241.2885398" lbRx="0" />
<p fId="0" fbTx="241.2885276" lbTx="241.2885332" tId="2" fbRx="241.2885398" lbRx="0" />
<p fId="0" fbTx="241.2885276" lbTx="241.2885332" tId="2" fbRx="241.2885398" lbRx="0" />
<p fId="0" fbTx="241.2885412" lbTx="241.2885468" tId="1" fbRx="241.2885533" lbRx="0" />
<p fId="0" fbTx="241.2885412" lbTx="241.2885468" tId="2" fbRx="241.2885533" lbRx="0" />
<p fId="0" fbTx="241.2885412" lbTx="241.2885468" tId="2" fbRx="241.2885533" lbRx="0" />
<p fId="0" fbTx="241.2885537" lbTx="241.2885593" tId="1" fbRx="241.2885659" lbRx="0" />
<p fId="0" fbTx="241.2885537" lbTx="241.2885593" tId="2" fbRx="241.2885659" lbRx="0" />
<p fId="0" fbTx="241.2885537" lbTx="241.2885593" tId="2" fbRx="241.2885659" lbRx="0" />
<p fId="0" fbTx="241.2885683" lbTx="241.2885739" tId="1" fbRx="241.2885805" lbRx="0" />
<p fId="0" fbTx="241.2885683" lbTx="241.2885739" tId="2" fbRx="241.2885805" lbRx="0" />
<p fId="0" fbTx="241.2885683" lbTx="241.2885739" tId="2" fbRx="241.2885805" lbRx="0" />
<p fId="0" fbTx="241.2885809" lbTx="241.2885865" tId="1" fbRx="241.288593" lbRx="0" />
<p fId="0" fbTx="241.2885809" lbTx="241.2885865" tId="2" fbRx="241.288593" lbRx="0" />
<p fId="0" fbTx="241.2885809" lbTx="241.2885865" tId="2" fbRx="241.288593" lbRx="0" />
<p fId="0" fbTx="241.2885934" lbTx="241.288599" tId="1" fbRx="241.2886056" lbRx="0" />
<p fId="0" fbTx="241.2885934" lbTx="241.288599" tId="2" fbRx="241.2886056" lbRx="0" />
<p fId="0" fbTx="241.2885934" lbTx="241.288599" tId="2" fbRx="241.2886056" lbRx="0" />
<p fId="0" fbTx="241.288607" lbTx="241.2886126" tId="1" fbRx="241.2886191" lbRx="0" />
<p fId="0" fbTx="241.288607" lbTx="241.2886126" tId="2" fbRx="241.2886191" lbRx="0" />
<p fId="0" fbTx="241.288607" lbTx="241.2886126" tId="2" fbRx="241.2886191" lbRx="0" />
<p fId="0" fbTx="241.2886195" lbTx="241.2886251" tId="1" fbRx="241.2886317" lbRx="0" />
<p fId="0" fbTx="241.2886195" lbTx="241.2886251" tId="2" fbRx="241.2886317" lbRx="0" />
<p fId="0" fbTx="241.2886195" lbTx="241.2886251" tId="2" fbRx="241.2886317" lbRx="0" />
<p fId="0" fbTx="241.2886341" lbTx="241.2886397" tId="1" fbRx="241.2886463" lbRx="0" />
<p fId="0" fbTx="241.2886341" lbTx="241.2886397" tId="2" fbRx="241.2886463" lbRx="0" />
<p fId="0" fbTx="241.2886341" lbTx="241.2886397" tId="2" fbRx="241.2886463" lbRx="0" />
<p fId="0" fbTx="241.2886687" lbTx="241.2886743" tId="1" fbRx="241.2886808" lbRx="0" />
<p fId="0" fbTx="241.2886687" lbTx="241.2886743" tId="2" fbRx="241.2886808" lbRx="0" />
<p fId="0" fbTx="241.2886687" lbTx="241.2886743" tId="2" fbRx="241.2886808" lbRx="0" />
<p fId="0" fbTx="241.2886922" lbTx="241.2886978" tId="1" fbRx="241.2887044" lbRx="0" />
<p fId="0" fbTx="241.2886922" lbTx="241.2886978" tId="2" fbRx="241.2887044" lbRx="0" />
<p fId="0" fbTx="241.2886922" lbTx="241.2886978" tId="2" fbRx="241.2887044" lbRx="0" />
<p fId="0" fbTx="241.2887048" lbTx="241.2887104" tId="1" fbRx="241.2887169" lbRx="0" />
<p fId="0" fbTx="241.2887048" lbTx="241.2887104" tId="2" fbRx="241.2887169" lbRx="0" />
<p fId="0" fbTx="241.2887048" lbTx="241.2887104" tId="2" fbRx="241.2887169" lbRx="0" />
<p fId="0" fbTx="241.2887173" lbTx="241.2887229" tId="1" fbRx="241.2887295" lbRx="0" />
<p fId="0" fbTx="241.2887173" lbTx="241.2887229" tId="2" fbRx="241.2887295" lbRx="0" />
<p fId="0" fbTx="241.2887173" lbTx="241.2887229" tId="2" fbRx="241.2887295" lbRx="0" />
<p fId="0" fbTx="241.2887329" lbTx="241.2887385" tId="1" fbRx="241.2887451" lbRx="0" />
<p fId="0" fbTx="241.2887329" lbTx="241.2887385" tId="2" fbRx="241.2887451" lbRx="0" />
<p fId="0" fbTx="241.2887329" lbTx="241.2887385" tId="2" fbRx="241.2887451" lbRx="0" />
<p fId="0" fbTx="241.2887495" lbTx="241.2887551" tId="1" fbRx="241.2887616" lbRx="0" />
<p fId="0" fbTx="241.2887495" lbTx="241.2887551" tId="2" fbRx="241.2887616" lbRx="0" />
<p fId="0" fbTx="241.2887495" lbTx="241.2887551" tId="2" fbRx="241.2887616" lbRx="0" />
<p fId="0" fbTx="241.288764" lbTx="241.2887696" tId="1" fbRx="241.2887762" lbRx="0" />
<p fId="0" fbTx="241.288764" lbTx="241.2887696" tId="2" fbRx="241.2887762" lbRx="0" />
<p fId="0" fbTx="241.288764" lbTx="241.2887696" tId="2" fbRx="241.2887762" lbRx="0" />
<p fId="0" fbTx="241.2887776" lbTx="241.2887832" tId="1" fbRx="241.2887897" lbRx="0" />
<p fId="0" fbTx="241.2887776" lbTx="241.2887832" tId="2" fbRx="241.2887897" lbRx="0" />
<p fId="0" fbTx="241.2887776" lbTx="241.2887832" tId="2" fbRx="241.2887897" lbRx="0" />
<p fId="0" fbTx="241.2887911" lbTx="241.2887967" tId="1" fbRx="241.2888033" lbRx="0" />
<p fId="0" fbTx="241.2887911" lbTx="241.2887967" tId="2" fbRx="241.2888033" lbRx="0" />
<p fId="0" fbTx="241.2887911" lbTx="241.2887967" tId="2" fbRx="241.2888033" lbRx="0" />
<p fId="0" fbTx="241.2888047" lbTx="241.2888103" tId="1" fbRx="241.2888169" lbRx="0" />
<p fId="0" fbTx="241.2888047" lbTx="241.2888103" tId="2" fbRx="241.2888169" lbRx="0" />
<p fId="0" fbTx="241.2888047" lbTx="241.2888103" tId="2" fbRx="241.2888169" lbRx="0" />
<p fId="0" fbTx="241.2888213" lbTx="241.2888269" tId="1" fbRx="241.2888334" lbRx="0" />
<p fId="0" fbTx="241.2888213" lbTx="241.2888269" tId="2" fbRx="241.2888334" lbRx="0" />
<p fId="0" fbTx="241.2888213" lbTx="241.2888269" tId="2" fbRx="241.2888334" lbRx="0" />
<p fId="0" fbTx="241.2888368" lbTx="241.2888424" tId="1" fbRx="241.288849" lbRx="0" />
<p fId="0" fbTx="241.2888368" lbTx="241.2888424" tId="2" fbRx="241.288849" lbRx="0" />
<p fId="0" fbTx="241.2888368" lbTx="241.2888424" tId="2" fbRx="241.288849" lbRx="0" />
<p fId="0" fbTx="241.2888494" lbTx="241.288855" tId="1" fbRx="241.2888615" lbRx="0" />
<p fId="0" fbTx="241.2888494" lbTx="241.288855" tId="2" fbRx="241.2888615" lbRx="0" />
<p fId="0" fbTx="241.2888494" lbTx="241.288855" tId="2" fbRx="241.2888615" lbRx="0" />
<p fId="0" fbTx="241.2888659" lbTx="241.2888715" tId="1" fbRx="241.2888781" lbRx="0" />
<p fId="0" fbTx="241.2888659" lbTx="241.2888715" tId="2" fbRx="241.2888781" lbRx="0" />
<p fId="0" fbTx="241.2888659" lbTx="241.2888715" tId="2" fbRx="241.2888781" lbRx="0" />
<p fId="0" fbTx="241.2888795" lbTx="241.2888851" tId="1" fbRx="241.2888917" lbRx="0" />
<p fId="0" fbTx="241.2888795" lbTx="241.2888851" tId="2" fbRx="241.2888917" lbRx="0" />
<p fId="0" fbTx="241.2888795" lbTx="241.2888851" tId="2" fbRx="241.2888917" lbRx="0" />
<p fId="0" fbTx="241.2888951" lbTx="241.2889007" tId="1" fbRx="241.2889072" lbRx="0" />
<p fId="0" fbTx="241.2888951" lbTx="241.2889007" tId="2" fbRx="241.2889072" lbRx="0" />
<p fId="0" fbTx="241.2888951" lbTx="241.2889007" tId="2" fbRx="241.2889072" lbRx="0" />
<p fId="0" fbTx="241.2889076" lbTx="241.2889132" tId="1" fbRx="241.2889198" lbRx="0" />
<p fId="0" fbTx="241.2889076" lbTx="241.2889132" tId="2" fbRx="241.2889198" lbRx="0" />
<p fId="0" fbTx="241.2889076" lbTx="241.2889132" tId="2" fbRx="241.2889198" lbRx="0" />
<p fId="0" fbTx="241.2889272" lbTx="241.2889328" tId="1" fbRx="241.2889393" lbRx="0" />
<p fId="0" fbTx="241.2889272" lbTx="241.2889328" tId="2" fbRx="241.2889393" lbRx="0" />
<p fId="0" fbTx="241.2889272" lbTx="241.2889328" tId="2" fbRx="241.2889393" lbRx="0" />
<p fId="0" fbTx="241.2889427" lbTx="241.2889483" tId="1" fbRx="241.2889549" lbRx="0" />
<p fId="0" fbTx="241.2889427" lbTx="241.2889483" tId="2" fbRx="241.2889549" lbRx="0" />
<p fId="0" fbTx="241.2889427" lbTx="241.2889483" tId="2" fbRx="241.2889549" lbRx="0" />
<p fId="0" fbTx="241.2889593" lbTx="241.2889649" tId="1" fbRx="241.2889715" lbRx="0" />
<p fId="0" fbTx="241.2889593" lbTx="241.2889649" tId="2" fbRx="241.2889715" lbRx="0" />
<p fId="0" fbTx="241.2889593" lbTx="241.2889649" tId="2" fbRx="241.2889715" lbRx="0" />
<p fId="0" fbTx="241.2889749" lbTx="241.2889805" tId="1" fbRx="241.288987" lbRx="0" />
<p fId="0" fbTx="241.2889749" lbTx="241.2889805" tId="2" fbRx="241.288987" lbRx="0" />
<p fId="0" fbTx="241.2889749" lbTx="241.2889805" tId="2" fbRx="241.288987" lbRx="0" />
<p fId="0" fbTx="241.2889964" lbTx="241.289002" tId="1" fbRx="241.2890086" lbRx="0" />
<p fId="0" fbTx="241.2889964" lbTx="241.289002" tId="2" fbRx="241.2890086" lbRx="0" />
<p fId="0" fbTx="241.2889964" lbTx="241.289002" tId="2" fbRx="241.2890086" lbRx="0" />
<p fId="0" fbTx="241.289014" lbTx="241.2890196" tId="1" fbRx="241.2890261" lbRx="0" />
<p fId="0" fbTx="241.289014" lbTx="241.2890196" tId="2" fbRx="241.2890261" lbRx="0" />
<p fId="0" fbTx="241.289014" lbTx="241.2890196" tId="2" fbRx="241.2890261" lbRx="0" />
<p fId="0" fbTx="241.2890335" lbTx="241.2890391" tId="1" fbRx="241.2890457" lbRx="0" />
<p fId="0" fbTx="241.2890335" lbTx="241.2890391" tId="2" fbRx="241.2890457" lbRx="0" />
<p fId="0" fbTx="241.2890335" lbTx="241.2890391" tId="2" fbRx="241.2890457" lbRx="0" />
<p fId="0" fbTx="241.2890491" lbTx="241.2890547" tId="1" fbRx="241.2890613" lbRx="0" />
<p fId="0" fbTx="241.2890491" lbTx="241.2890547" tId="2" fbRx="241.2890613" lbRx="0" />
<p fId="0" fbTx="241.2890491" lbTx="241.2890547" tId="2" fbRx="241.2890613" lbRx="0" />
<p fId="0" fbTx="241.2890667" lbTx="241.2890723" tId="1" fbRx="241.2890788" lbRx="0" />
<p fId="0" fbTx="241.2890667" lbTx="241.2890723" tId="2" fbRx="241.2890788" lbRx="0" />
<p fId="0" fbTx="241.2890667" lbTx="241.2890723" tId="2" fbRx="241.2890788" lbRx="0" />
<p fId="0" fbTx="241.2890912" lbTx="241.2890968" tId="1" fbRx="241.2891034" lbRx="0" />
<p fId="0" fbTx="241.2890912" lbTx="241.2890968" tId="2" fbRx="241.2891034" lbRx="0" />
<p fId="0" fbTx="241.2890912" lbTx="241.2890968" tId="2" fbRx="241.2891034" lbRx="0" />
<p fId="0" fbTx="241.2891068" lbTx="241.2891124" tId="1" fbRx="241.2891189" lbRx="0" />
<p fId="0" fbTx="241.2891068" lbTx="241.2891124" tId="2" fbRx="241.2891189" lbRx="0" />
<p fId="0" fbTx="241.2891068" lbTx="241.2891124" tId="2" fbRx="241.2891189" lbRx="0" />
<p fId="0" fbTx="241.2891263" lbTx="241.2891319" tId="1" fbRx="241.2891385" lbRx="0" />
<p fId="0" fbTx="241.2891263" lbTx="241.2891319" tId="2" fbRx="241.2891385" lbRx="0" />
<p fId="0" fbTx="241.2891263" lbTx="241.2891319" tId="2" fbRx="241.2891385" lbRx="0" />
<p fId="0" fbTx="241.2891389" lbTx="241.2891445" tId="1" fbRx="241.2891511" lbRx="0" />
<p fId="0" fbTx="241.2891389" lbTx="241.2891445" tId="2" fbRx="241.2891511" lbRx="0" />
<p fId="0" fbTx="241.2891389" lbTx="241.2891445" tId="2" fbRx="241.2891511" lbRx="0" />
<p fId="0" fbTx="241.2891535" lbTx="241.2891591" tId="1" fbRx="241.2891656" lbRx="0" />
<p fId="0" fbTx="241.2891535" lbTx="241.2891591" tId="2" fbRx="241.2891656" lbRx="0" />
<p fId="0" fbTx="241.2891535" lbTx="241.2891591" tId="2" fbRx="241.2891656" lbRx="0" />
<p fId="0" fbTx="241.289167" lbTx="241.2891726" tId="1" fbRx="241.2891792" lbRx="0" />
<p fId="0" fbTx="241.289167" lbTx="241.2891726" tId="2" fbRx="241.2891792" lbRx="0" />
<p fId="0" fbTx="241.289167" lbTx="241.2891726" tId="2" fbRx="241.2891792" lbRx="0" />
<p fId="0" fbTx="241.2891806" lbTx="241.2891862" tId="1" fbRx="241.2891927" lbRx="0" />
<p fId="0" fbTx="241.2891806" lbTx="241.2891862" tId="2" fbRx="241.2891927" lbRx="0" />
<p fId="0" fbTx="241.2891806" lbTx="241.2891862" tId="2" fbRx="241.2891927" lbRx="0" />
<p fId="0" fbTx="267.9487662" lbTx="267.9487998" tId="1" fbRx="267.9488064" lbRx="0" />
<p fId="0" fbTx="267.9487662" lbTx="267.9487998" tId="2" fbRx="267.9488064" lbRx="0" />
<p fId="0" fbTx="267.9487662" lbTx="267.9487998" tId="2" fbRx="267.9488064" lbRx="0" />
<p fId="2" fbTx="267.9488064" lbTx="267.9488549" tId="0" fbRx="267.9488614" lbRx="0" />
<p fId="2" fbTx="267.9488064" lbTx="267.9488549" tId="0" fbRx="267.9488614" lbRx="0" />
<p fId="2" fbTx="267.9488064" lbTx="267.9488549" tId="1" fbRx="267.9488614" lbRx="0" />
<p fId="2" fbTx="267.9488628" lbTx="267.9489113" tId="0" fbRx="267.9489179" lbRx="0" />
<p fId="2" fbTx="267.9488628" lbTx="267.9489113" tId="0" fbRx="267.9489179" lbRx="0" />
<p fId="2" fbTx="267.9488628" lbTx="267.9489113" tId="1" fbRx="267.9489179" lbRx="0" />
<p fId="0" fbTx="267.9489189" lbTx="267.9489245" tId="1" fbRx="267.948931" lbRx="0" />
<p fId="0" fbTx="267.9489189" lbTx="267.9489245" tId="2" fbRx="267.948931" lbRx="0" />
<p fId="0" fbTx="267.9489189" lbTx="267.9489245" tId="2" fbRx="267.948931" lbRx="0" />
<p fId="2" fbTx="267.9490163" lbTx="267.9490647" tId="0" fbRx="267.9490713" lbRx="0" />
<p fId="2" fbTx="267.9490163" lbTx="267.9490647" tId="0" fbRx="267.9490713" lbRx="0" />
<p fId="2" fbTx="267.9490163" lbTx="267.9490647" tId="1" fbRx="267.9490713" lbRx="0" />
<p fId="2" fbTx="267.9490727" lbTx="267.9491212" tId="0" fbRx="267.9491278" lbRx="0" />
<p fId="2" fbTx="267.9490727" lbTx="267.9491212" tId="0" fbRx="267.9491278" lbRx="0" />
<p fId="2" fbTx="267.9490727" lbTx="267.9491212" tId="1" fbRx="267.9491278" lbRx="0" />
<p fId="0" fbTx="267.9491287" lbTx="267.9491344" tId="1" fbRx="267.9491409" lbRx="0" />
<p fId="0" fbTx="267.9491287" lbTx="267.9491344" tId="2" fbRx="267.9491409" lbRx="0" />
<p fId="0" fbTx="267.9491287" lbTx="267.9491344" tId="2" fbRx="267.9491409" lbRx="0" />
<p fId="2" fbTx="267.9491582" lbTx="267.9492066" tId="0" fbRx="267.9492132" lbRx="0" />
<p fId="2" fbTx="267.9491582" lbTx="267.9492066" tId="0" fbRx="267.9492132" lbRx="0" />
<p fId="2" fbTx="267.9491582" lbTx="267.9492066" tId="1" fbRx="267.9492132" lbRx="0" />
<p fId="2" fbTx="267.9492196" lbTx="267.9492681" tId="0" fbRx="267.9492746" lbRx="0" />
<p fId="2" fbTx="267.9492196" lbTx="267.9492681" tId="0" fbRx="267.9492746" lbRx="0" />
<p fId="2" fbTx="267.9492196" lbTx="267.9492681" tId="1" fbRx="267.9492746" lbRx="0" />
<p fId="2" fbTx="267.949275" lbTx="267.9493235" tId="0" fbRx="267.9493301" lbRx="0" />
<p fId="2" fbTx="267.949275" lbTx="267.9493235" tId="0" fbRx="267.9493301" lbRx="0" />
<p fId="2" fbTx="267.949275" lbTx="267.9493235" tId="1" fbRx="267.9493301" lbRx="0" />
<p fId="2" fbTx="267.9493355" lbTx="267.949384" tId="0" fbRx="267.9493905" lbRx="0" />
<p fId="2" fbTx="267.9493355" lbTx="267.949384" tId="0" fbRx="267.9493905" lbRx="0" />
<p fId="2" fbTx="267.9493355" lbTx="267.949384" tId="1" fbRx="267.9493905" lbRx="0" />
<p fId="2" fbTx="267.9493929" lbTx="267.9494414" tId="0" fbRx="267.9494479" lbRx="0" />
<p fId="2" fbTx="267.9493929" lbTx="267.9494414" tId="0" fbRx="267.9494479" lbRx="0" />
<p fId="2" fbTx="267.9493929" lbTx="267.9494414" tId="1" fbRx="267.9494479" lbRx="0" />
<p fId="2" fbTx="267.9494494" lbTx="267.9494978" tId="0" fbRx="267.9495044" lbRx="0" />
<p fId="2" fbTx="267.9494494" lbTx="267.9494978" tId="0" fbRx="267.9495044" lbRx="0" />
<p fId="2" fbTx="267.9494494" lbTx="267.9494978" tId="1" fbRx="267.9495044" lbRx="0" />
<p fId="2" fbTx="267.9495048" lbTx="267.9495533" tId="0" fbRx="267.9495598" lbRx="0" />
<p fId="2" fbTx="267.9495048" lbTx="267.9495533" tId="0" fbRx="267.9495598" lbRx="0" />
<p fId="2" fbTx="267.9495048" lbTx="267.9495533" tId="1" fbRx="267.9495598" lbRx="0" />
<p fId="2" fbTx="267.9495722" lbTx="267.9496207" tId="0" fbRx="267.9496273" lbRx="0" />
<p fId="2" fbTx="267.9495722" lbTx="267.9496207" tId="0" fbRx="267.9496273" lbRx="0" />
<p fId="2" fbTx="267.9495722" lbTx="267.9496207" tId="1" fbRx="267.9496273" lbRx="0" />
<p fId="2" fbTx="267.9496297" lbTx="267.9496782" tId="0" fbRx="267.9496847" lbRx="0" />
<p fId="2" fbTx="267.9496297" lbTx="267.9496782" tId="0" fbRx="267.9496847" lbRx="0" />
<p fId="2" fbTx="267.9496297" lbTx="267.9496782" tId="1" fbRx="267.9496847" lbRx="0" />
<p fId="2" fbTx="267.9496941" lbTx="267.9497426" tId="0" fbRx="267.9497492" lbRx="0" />
<p fId="2" fbTx="267.9496941" lbTx="267.9497426" tId="0" fbRx="267.9497492" lbRx="0" />
<p fId="2" fbTx="267.9496941" lbTx="267.9497426" tId="1" fbRx="267.9497492" lbRx="0" />
<p fId="2" fbTx="267.9497505" lbTx="267.949799" tId="0" fbRx="267.9498056" lbRx="0" />
<p fId="2" fbTx="267.9497505" lbTx="267.949799" tId="0" fbRx="267.9498056" lbRx="0" />
<p fId="2" fbTx="267.9497505" lbTx="267.949799" tId="1" fbRx="267.9498056" lbRx="0" />
<p fId="2" fbTx="267.949808" lbTx="267.9498565" tId="0" fbRx="267.949863" lbRx="0" />
<p fId="2" fbTx="267.949808" lbTx="267.9498565" tId="0" fbRx="267.949863" lbRx="0" />
<p fId="2" fbTx="267.949808" lbTx="267.9498565" tId="1" fbRx="267.949863" lbRx="0" />
<p fId="2" fbTx="267.9498634" lbTx="267.9499119" tId="0" fbRx="267.9499185" lbRx="0" />
<p fId="2" fbTx="267.9498634" lbTx="267.9499119" tId="0" fbRx="267.9499185" lbRx="0" />
<p fId="2" fbTx="267.9498634" lbTx="267.9499119" tId="1" fbRx="267.9499185" lbRx="0" />
<p fId="2" fbTx="267.9499219" lbTx="267.9499704" tId="0" fbRx="267.9499769" lbRx="0" />
<p fId="2" fbTx="267.9499219" lbTx="267.9499704" tId="0" fbRx="267.9499769" lbRx="0" />
<p fId="2" fbTx="267.9499219" lbTx="267.9499704" tId="1" fbRx="267.9499769" lbRx="0" />
<p fId="2" fbTx="267.9499803" lbTx="267.9500288" tId="0" fbRx="267.9500354" lbRx="0" />
<p fId="2" fbTx="267.9499803" lbTx="267.9500288" tId="0" fbRx="267.9500354" lbRx="0" />
<p fId="2" fbTx="267.9499803" lbTx="267.9500288" tId="1" fbRx="267.9500354" lbRx="0" />
<p fId="2" fbTx="267.9500357" lbTx="267.9500842" tId="0" fbRx="267.9500908" lbRx="0" />
<p fId="2" fbTx="267.9500357" lbTx="267.9500842" tId="0" fbRx="267.9500908" lbRx="0" />
<p fId="2" fbTx="267.9500357" lbTx="267.9500842" tId="1" fbRx="267.9500908" lbRx="0" />
<p fId="2" fbTx="267.9500922" lbTx="267.9501407" tId="0" fbRx="267.9501472" lbRx="0" />
<p fId="2" fbTx="267.9500922" lbTx="267.9501407" tId="0" fbRx="267.9501472" lbRx="0" />
<p fId="2" fbTx="267.9500922" lbTx="267.9501407" tId="1" fbRx="267.9501472" lbRx="0" />
<p fId="2" fbTx="267.9501476" lbTx="267.9501961" tId="0" fbRx="267.9502027" lbRx="0" />
<p fId="2" fbTx="267.9501476" lbTx="267.9501961" tId="0" fbRx="267.9502027" lbRx="0" />
<p fId="2" fbTx="267.9501476" lbTx="267.9501961" tId="1" fbRx="267.9502027" lbRx="0" />
<p fId="2" fbTx="267.9502131" lbTx="267.9502615" tId="0" fbRx="267.9502681" lbRx="0" />
<p fId="2" fbTx="267.9502131" lbTx="267.9502615" tId="0" fbRx="267.9502681" lbRx="0" />
<p fId="2" fbTx="267.9502131" lbTx="267.9502615" tId="1" fbRx="267.9502681" lbRx="0" />
<p fId="2" fbTx="267.9502785" lbTx="267.950327" tId="0" fbRx="267.9503335" lbRx="0" />
<p fId="2" fbTx="267.9502785" lbTx="267.950327" tId="0" fbRx="267.9503335" lbRx="0" />
<p fId="2" fbTx="267.9502785" lbTx="267.950327" tId="1" fbRx="267.9503335" lbRx="0" />
<p fId="2" fbTx="267.950338" lbTx="267.9503864" tId="0" fbRx="267.950393" lbRx="0" />
<p fId="2" fbTx="267.950338" lbTx="267.9503864" tId="0" fbRx="267.950393" lbRx="0" />
<p fId="2" fbTx="267.950338" lbTx="267.9503864" tId="1" fbRx="267.950393" lbRx="0" />
<p fId="2" fbTx="267.9503934" lbTx="267.9504419" tId="0" fbRx="267.9504484" lbRx="0" />
<p fId="2" fbTx="267.9503934" lbTx="267.9504419" tId="0" fbRx="267.9504484" lbRx="0" />
<p fId="2" fbTx="267.9503934" lbTx="267.9504419" tId="1" fbRx="267.9504484" lbRx="0" />
<p fId="2" fbTx="267.9504488" lbTx="267.9504973" tId="0" fbRx="267.9505039" lbRx="0" />
<p fId="2" fbTx="267.9504488" lbTx="267.9504973" tId="0" fbRx="267.9505039" lbRx="0" />
<p fId="2" fbTx="267.9504488" lbTx="267.9504973" tId="1" fbRx="267.9505039" lbRx="0" />
<p fId="2" fbTx="267.9505043" lbTx="267.9505527" tId="0" fbRx="267.9505593" lbRx="0" />
<p fId="2" fbTx="267.9505043" lbTx="267.9505527" tId="0" fbRx="267.9505593" lbRx="0" />
<p fId="2" fbTx="267.9505043" lbTx="267.9505527" tId="1" fbRx="267.9505593" lbRx="0" />
<p fId="2" fbTx="267.9505627" lbTx="267.9506112" tId="0" fbRx="267.9506177" lbRx="0" />
<p fId="2" fbTx="267.9505627" lbTx="267.9506112" tId="0" fbRx="267.9506177" lbRx="0" />
<p fId="2" fbTx="267.9505627" lbTx="267.9506112" tId="1" fbRx="267.9506177" lbRx="0" />
<p fId="2" fbTx="267.9506202" lbTx="267.9506686" tId="0" fbRx="267.9506752" lbRx="0" />
<p fId="2" fbTx="267.9506202" lbTx="267.9506686" tId="0" fbRx="267.9506752" lbRx="0" />
<p fId="2" fbTx="267.9506202" lbTx="267.9506686" tId="1" fbRx="267.9506752" lbRx="0" />
<p fId="2" fbTx="267.9506826" lbTx="267.9507311" tId="0" fbRx="267.9507376" lbRx="0" />
<p fId="2" fbTx="267.9506826" lbTx="267.9507311" tId="0" fbRx="267.9507376" lbRx="0" />
<p fId="2" fbTx="267.9506826" lbTx="267.9507311" tId="1" fbRx="267.9507376" lbRx="0" />
<p fId="2" fbTx="267.950738" lbTx="267.9507865" tId="0" fbRx="267.9507931" lbRx="0" />
<p fId="2" fbTx="267.950738" lbTx="267.9507865" tId="0" fbRx="267.9507931" lbRx="0" />
<p fId="2" fbTx="267.950738" lbTx="267.9507865" tId="1" fbRx="267.9507931" lbRx="0" />
<p fId="2" fbTx="267.9508015" lbTx="267.95085" tId="0" fbRx="267.9508565" lbRx="0" />
<p fId="2" fbTx="267.9508015" lbTx="267.95085" tId="0" fbRx="267.9508565" lbRx="0" />
<p fId="2" fbTx="267.9508015" lbTx="267.95085" tId="1" fbRx="267.9508565" lbRx="0" />
<p fId="2" fbTx="267.9508579" lbTx="267.9509064" tId="0" fbRx="267.9509129" lbRx="0" />
<p fId="2" fbTx="267.9508579" lbTx="267.9509064" tId="0" fbRx="267.9509129" lbRx="0" />
<p fId="2" fbTx="267.9508579" lbTx="267.9509064" tId="1" fbRx="267.9509129" lbRx="0" />
<p fId="2" fbTx="267.9509154" lbTx="267.9509638" tId="0" fbRx="267.9509704" lbRx="0" />
<p fId="2" fbTx="267.9509154" lbTx="267.9509638" tId="0" fbRx="267.9509704" lbRx="0" />
<p fId="2" fbTx="267.9509154" lbTx="267.9509638" tId="1" fbRx="267.9509704" lbRx="0" />
<p fId="2" fbTx="267.9509708" lbTx="267.9510193" tId="0" fbRx="267.9510258" lbRx="0" />
<p fId="2" fbTx="267.9509708" lbTx="267.9510193" tId="0" fbRx="267.9510258" lbRx="0" />
<p fId="2" fbTx="267.9509708" lbTx="267.9510193" tId="1" fbRx="267.9510258" lbRx="0" />
<p fId="2" fbTx="267.9510262" lbTx="267.9510747" tId="0" fbRx="267.9510813" lbRx="0" />
<p fId="2" fbTx="267.9510262" lbTx="267.9510747" tId="0" fbRx="267.9510813" lbRx="0" />
<p fId="2" fbTx="267.9510262" lbTx="267.9510747" tId="1" fbRx="267.9510813" lbRx="0" />
<p fId="2" fbTx="267.9510827" lbTx="267.9511311" tId="0" fbRx="267.9511377" lbRx="0" />
<p fId="2" fbTx="267.9510827" lbTx="267.9511311" tId="0" fbRx="267.9511377" lbRx="0" />
<p fId="2" fbTx="267.9510827" lbTx="267.9511311" tId="1" fbRx="267.9511377" lbRx="0" />
<p fId="2" fbTx="267.9511381" lbTx="267.9511866" tId="0" fbRx="267.9511931" lbRx="0" />
<p fId="2" fbTx="267.9511381" lbTx="267.9511866" tId="0" fbRx="267.9511931" lbRx="0" />
<p fId="2" fbTx="267.9511381" lbTx="267.9511866" tId="1" fbRx="267.9511931" lbRx="0" />
<p fId="2" fbTx="267.9511956" lbTx="267.951244" tId="0" fbRx="267.9512506" lbRx="0" />
<p fId="2" fbTx="267.9511956" lbTx="267.951244" tId="0" fbRx="267.9512506" lbRx="0" />
<p fId="2" fbTx="267.9511956" lbTx="267.951244" tId="1" fbRx="267.9512506" lbRx="0" />
<p fId="2" fbTx="267.951252" lbTx="267.9513005" tId="0" fbRx="267.951307" lbRx="0" />
<p fId="2" fbTx="267.951252" lbTx="267.9513005" tId="0" fbRx="267.951307" lbRx="0" />
<p fId="2" fbTx="267.951252" lbTx="267.9513005" tId="1" fbRx="267.951307" lbRx="0" />
<p fId="2" fbTx="267.9513104" lbTx="267.9513589" tId="0" fbRx="267.9513655" lbRx="0" />
<p fId="2" fbTx="267.9513104" lbTx="267.9513589" tId="0" fbRx="267.9513655" lbRx="0" />
<p fId="2" fbTx="267.9513104" lbTx="267.9513589" tId="1" fbRx="267.9513655" lbRx="0" />
<p fId="2" fbTx="267.9513659" lbTx="267.9514143" tId="0" fbRx="267.9514209" lbRx="0" />
<p fId="2" fbTx="267.9513659" lbTx="267.9514143" tId="0" fbRx="267.9514209" lbRx="0" />
<p fId="2" fbTx="267.9513659" lbTx="267.9514143" tId="1" fbRx="267.9514209" lbRx="0" />
<p fId="2" fbTx="267.9514233" lbTx="267.9514718" tId="0" fbRx="267.9514784" lbRx="0" />
<p fId="2" fbTx="267.9514233" lbTx="267.9514718" tId="0" fbRx="267.9514784" lbRx="0" />
<p fId="2" fbTx="267.9514233" lbTx="267.9514718" tId="1" fbRx="267.9514784" lbRx="0" />
<p fId="2" fbTx="267.9514807" lbTx="267.9515292" tId="0" fbRx="267.9515358" lbRx="0" />
<p fId="2" fbTx="267.9514807" lbTx="267.9515292" tId="0" fbRx="267.9515358" lbRx="0" />
<p fId="2" fbTx="267.9514807" lbTx="267.9515292" tId="1" fbRx="267.9515358" lbRx="0" />
<p fId="2" fbTx="267.9515392" lbTx="267.9515877" tId="0" fbRx="267.9515942" lbRx="0" />
<p fId="2" fbTx="267.9515392" lbTx="267.9515877" tId="0" fbRx="267.9515942" lbRx="0" />
<p fId="2" fbTx="267.9515392" lbTx="267.9515877" tId="1" fbRx="267.9515942" lbRx="0" />
<p fId="2" fbTx="267.9515946" lbTx="267.9516431" tId="0" fbRx="267.9516497" lbRx="0" />
<p fId="2" fbTx="267.9515946" lbTx="267.9516431" tId="0" fbRx="267.9516497" lbRx="0" />
<p fId="2" fbTx="267.9515946" lbTx="267.9516431" tId="1" fbRx="267.9516497" lbRx="0" />
<p fId="2" fbTx="267.9516511" lbTx="267.9516996" tId="0" fbRx="267.9517061" lbRx="0" />
<p fId="2" fbTx="267.9516511" lbTx="267.9516996" tId="0" fbRx="267.9517061" lbRx="0" />
<p fId="2" fbTx="267.9516511" lbTx="267.9516996" tId="1" fbRx="267.9517061" lbRx="0" />
<p fId="2" fbTx="267.9517105" lbTx="267.951759" tId="0" fbRx="267.9517656" lbRx="0" />
<p fId="2" fbTx="267.9517105" lbTx="267.951759" tId="0" fbRx="267.9517656" lbRx="0" />
<p fId="2" fbTx="267.9517105" lbTx="267.951759" tId="1" fbRx="267.9517656" lbRx="0" />
<p fId="2" fbTx="267.9517669" lbTx="267.9518154" tId="0" fbRx="267.951822" lbRx="0" />
<p fId="2" fbTx="267.9517669" lbTx="267.9518154" tId="0" fbRx="267.951822" lbRx="0" />
<p fId="2" fbTx="267.9517669" lbTx="267.9518154" tId="1" fbRx="267.951822" lbRx="0" />
<p fId="2" fbTx="267.9518314" lbTx="267.9518799" tId="0" fbRx="267.9518864" lbRx="0" />
<p fId="2" fbTx="267.9518314" lbTx="267.9518799" tId="0" fbRx="267.9518864" lbRx="0" />
<p fId="2" fbTx="267.9518314" lbTx="267.9518799" tId="1" fbRx="267.9518864" lbRx="0" />
<p fId="2" fbTx="267.9518948" lbTx="267.9519433" tId="0" fbRx="267.9519499" lbRx="0" />
<p fId="2" fbTx="267.9518948" lbTx="267.9519433" tId="0" fbRx="267.9519499" lbRx="0" />
<p fId="2" fbTx="267.9518948" lbTx="267.9519433" tId="1" fbRx="267.9519499" lbRx="0" />
<p fId="2" fbTx="267.9519583" lbTx="267.9520068" tId="0" fbRx="267.9520133" lbRx="0" />
<p fId="2" fbTx="267.9519583" lbTx="267.9520068" tId="0" fbRx="267.9520133" lbRx="0" />
<p fId="2" fbTx="267.9519583" lbTx="267.9520068" tId="1" fbRx="267.9520133" lbRx="0" />
<p fId="2" fbTx="267.9520137" lbTx="267.9520622" tId="0" fbRx="267.9520688" lbRx="0" />
<p fId="2" fbTx="267.9520137" lbTx="267.9520622" tId="0" fbRx="267.9520688" lbRx="0" />
<p fId="2" fbTx="267.9520137" lbTx="267.9520622" tId="1" fbRx="267.9520688" lbRx="0" />
<p fId="2" fbTx="267.9520711" lbTx="267.9521196" tId="0" fbRx="267.9521262" lbRx="0" />
<p fId="2" fbTx="267.9520711" lbTx="267.9521196" tId="0" fbRx="267.9521262" lbRx="0" />
<p fId="2" fbTx="267.9520711" lbTx="267.9521196" tId="1" fbRx="267.9521262" lbRx="0" />
<p fId="2" fbTx="267.9521276" lbTx="267.9521761" tId="0" fbRx="267.9521826" lbRx="0" />
<p fId="2" fbTx="267.9521276" lbTx="267.9521761" tId="0" fbRx="267.9521826" lbRx="0" />
<p fId="2" fbTx="267.9521276" lbTx="267.9521761" tId="1" fbRx="267.9521826" lbRx="0" />
<p fId="2" fbTx="267.952187" lbTx="267.9522355" tId="0" fbRx="267.9522421" lbRx="0" />
<p fId="2" fbTx="267.952187" lbTx="267.9522355" tId="0" fbRx="267.9522421" lbRx="0" />
<p fId="2" fbTx="267.952187" lbTx="267.9522355" tId="1" fbRx="267.9522421" lbRx="0" />
<p fId="2" fbTx="267.9522525" lbTx="267.9523009" tId="0" fbRx="267.9523075" lbRx="0" />
<p fId="2" fbTx="267.9522525" lbTx="267.9523009" tId="0" fbRx="267.9523075" lbRx="0" />
<p fId="2" fbTx="267.9522525" lbTx="267.9523009" tId="1" fbRx="267.9523075" lbRx="0" />
<p fId="2" fbTx="267.9523099" lbTx="267.9523584" tId="0" fbRx="267.952365" lbRx="0" />
<p fId="2" fbTx="267.9523099" lbTx="267.9523584" tId="0" fbRx="267.952365" lbRx="0" />
<p fId="2" fbTx="267.9523099" lbTx="267.9523584" tId="1" fbRx="267.952365" lbRx="0" />
<p fId="2" fbTx="267.9523683" lbTx="267.9524168" tId="0" fbRx="267.9524234" lbRx="0" />
<p fId="2" fbTx="267.9523683" lbTx="267.9524168" tId="0" fbRx="267.9524234" lbRx="0" />
<p fId="2" fbTx="267.9523683" lbTx="267.9524168" tId="1" fbRx="267.9524234" lbRx="0" />
<p fId="2" fbTx="267.9524248" lbTx="267.9524733" tId="0" fbRx="267.9524798" lbRx="0" />
<p fId="2" fbTx="267.9524248" lbTx="267.9524733" tId="0" fbRx="267.9524798" lbRx="0" />
<p fId="2" fbTx="267.9524248" lbTx="267.9524733" tId="1" fbRx="267.9524798" lbRx="0" />
<p fId="2" fbTx="267.9524842" lbTx="267.9525327" tId="0" fbRx="267.9525393" lbRx="0" />
<p fId="2" fbTx="267.9524842" lbTx="267.9525327" tId="0" fbRx="267.9525393" lbRx="0" />
<p fId="2" fbTx="267.9524842" lbTx="267.9525327" tId="1" fbRx="267.9525393" lbRx="0" />
<p fId="2" fbTx="267.9525417" lbTx="267.9525901" tId="0" fbRx="267.9525967" lbRx="0" />
<p fId="2" fbTx="267.9525417" lbTx="267.9525901" tId="0" fbRx="267.9525967" lbRx="0" />
<p fId="2" fbTx="267.9525417" lbTx="267.9525901" tId="1" fbRx="267.9525967" lbRx="0" />
<p fId="2" fbTx="267.9525981" lbTx="267.9526466" tId="0" fbRx="267.9526532" lbRx="0" />
<p fId="2" fbTx="267.9525981" lbTx="267.9526466" tId="0" fbRx="267.9526532" lbRx="0" />
<p fId="2" fbTx="267.9525981" lbTx="267.9526466" tId="1" fbRx="267.9526532" lbRx="0" />
<p fId="2" fbTx="267.9526565" lbTx="267.952705" tId="0" fbRx="267.9527116" lbRx="0" />
<p fId="2" fbTx="267.9526565" lbTx="267.952705" tId="0" fbRx="267.9527116" lbRx="0" />
<p fId="2" fbTx="267.9526565" lbTx="267.952705" tId="1" fbRx="267.9527116" lbRx="0" />
<p fId="2" fbTx="267.952723" lbTx="267.9527715" tId="0" fbRx="267.952778" lbRx="0" />
<p fId="2" fbTx="267.952723" lbTx="267.9527715" tId="0" fbRx="267.952778" lbRx="0" />
<p fId="2" fbTx="267.952723" lbTx="267.9527715" tId="1" fbRx="267.952778" lbRx="0" />
<p fId="2" fbTx="267.9527804" lbTx="267.9528289" tId="0" fbRx="267.9528355" lbRx="0" />
<p fId="2" fbTx="267.9527804" lbTx="267.9528289" tId="0" fbRx="267.9528355" lbRx="0" />
<p fId="2" fbTx="267.9527804" lbTx="267.9528289" tId="1" fbRx="267.9528355" lbRx="0" />
<p fId="2" fbTx="267.9528389" lbTx="267.9528874" tId="0" fbRx="267.9528939" lbRx="0" />
<p fId="2" fbTx="267.9528389" lbTx="267.9528874" tId="0" fbRx="267.9528939" lbRx="0" />
<p fId="2" fbTx="267.9528389" lbTx="267.9528874" tId="1" fbRx="267.9528939" lbRx="0" />
<p fId="2" fbTx="267.9528953" lbTx="267.9529438" tId="0" fbRx="267.9529503" lbRx="0" />
<p fId="2" fbTx="267.9528953" lbTx="267.9529438" tId="0" fbRx="267.9529503" lbRx="0" />
<p fId="2" fbTx="267.9528953" lbTx="267.9529438" tId="1" fbRx="267.9529503" lbRx="0" />
<p fId="2" fbTx="267.9529538" lbTx="267.9530022" tId="0" fbRx="267.9530088" lbRx="0" />
<p fId="2" fbTx="267.9529538" lbTx="267.9530022" tId="0" fbRx="267.9530088" lbRx="0" />
<p fId="2" fbTx="267.9529538" lbTx="267.9530022" tId="1" fbRx="267.9530088" lbRx="0" />
<p fId="2" fbTx="267.9530092" lbTx="267.9530577" tId="0" fbRx="267.9530642" lbRx="0" />
<p fId="2" fbTx="267.9530092" lbTx="267.9530577" tId="0" fbRx="267.9530642" lbRx="0" />
<p fId="2" fbTx="267.9530092" lbTx="267.9530577" tId="1" fbRx="267.9530642" lbRx="0" />
<p fId="2" fbTx="267.9530656" lbTx="267.9531141" tId="0" fbRx="267.9531207" lbRx="0" />
<p fId="2" fbTx="267.9530656" lbTx="267.9531141" tId="0" fbRx="267.9531207" lbRx="0" />
<p fId="2" fbTx="267.9530656" lbTx="267.9531141" tId="1" fbRx="267.9531207" lbRx="0" />
<p fId="2" fbTx="267.9531261" lbTx="267.9531746" tId="0" fbRx="267.9531811" lbRx="0" />
<p fId="2" fbTx="267.9531261" lbTx="267.9531746" tId="0" fbRx="267.9531811" lbRx="0" />
<p fId="2" fbTx="267.9531261" lbTx="267.9531746" tId="1" fbRx="267.9531811" lbRx="0" />
<p fId="2" fbTx="267.9531895" lbTx="267.953238" tId="0" fbRx="267.9532446" lbRx="0" />
<p fId="2" fbTx="267.9531895" lbTx="267.953238" tId="0" fbRx="267.9532446" lbRx="0" />
<p fId="2" fbTx="267.9531895" lbTx="267.953238" tId="1" fbRx="267.9532446" lbRx="0" />
<p fId="2" fbTx="267.9532459" lbTx="267.9532944" tId="0" fbRx="267.953301" lbRx="0" />
<p fId="2" fbTx="267.9532459" lbTx="267.9532944" tId="0" fbRx="267.953301" lbRx="0" />
<p fId="2" fbTx="267.9532459" lbTx="267.9532944" tId="1" fbRx="267.953301" lbRx="0" />
<p fId="2" fbTx="267.9533024" lbTx="267.9533509" tId="0" fbRx="267.9533574" lbRx="0" />
<p fId="2" fbTx="267.9533024" lbTx="267.9533509" tId="0" fbRx="267.9533574" lbRx="0" />
<p fId="2" fbTx="267.9533024" lbTx="267.9533509" tId="1" fbRx="267.9533574" lbRx="0" />
<p fId="2" fbTx="267.9533658" lbTx="267.9534143" tId="0" fbRx="267.9534209" lbRx="0" />
<p fId="2" fbTx="267.9533658" lbTx="267.9534143" tId="0" fbRx="267.9534209" lbRx="0" />
<p fId="2" fbTx="267.9533658" lbTx="267.9534143" tId="1" fbRx="267.9534209" lbRx="0" />
<p fId="2" fbTx="267.9534233" lbTx="267.9534718" tId="0" fbRx="267.9534783" lbRx="0" />
<p fId="2" fbTx="267.9534233" lbTx="267.9534718" tId="0" fbRx="267.9534783" lbRx="0" />
<p fId="2" fbTx="267.9534233" lbTx="267.9534718" tId="1" fbRx="267.9534783" lbRx="0" />
<p fId="2" fbTx="267.9534817" lbTx="267.95349" tId="0" fbRx="267.9534966" lbRx="0" />
<p fId="2" fbTx="267.9534817" lbTx="267.95349" tId="0" fbRx="267.9534966" lbRx="0" />
<p fId="2" fbTx="267.9534817" lbTx="267.95349" tId="1" fbRx="267.9534966" lbRx="0" />
<p fId="0" fbTx="267.9536026" lbTx="267.9536082" tId="1" fbRx="267.9536148" lbRx="0" />
<p fId="0" fbTx="267.9536026" lbTx="267.9536082" tId="2" fbRx="267.9536148" lbRx="0" />
<p fId="0" fbTx="267.9536026" lbTx="267.9536082" tId="2" fbRx="267.9536148" lbRx="0" />
<p fId="0" fbTx="267.9536172" lbTx="267.9536228" tId="1" fbRx="267.9536294" lbRx="0" />
<p fId="0" fbTx="267.9536172" lbTx="267.9536228" tId="2" fbRx="267.9536294" lbRx="0" />
<p fId="0" fbTx="267.9536172" lbTx="267.9536228" tId="2" fbRx="267.9536294" lbRx="0" />
<p fId="0" fbTx="267.9536317" lbTx="267.9536374" tId="1" fbRx="267.9536439" lbRx="0" />
<p fId="0" fbTx="267.9536317" lbTx="267.9536374" tId="2" fbRx="267.9536439" lbRx="0" />
<p fId="0" fbTx="267.9536317" lbTx="267.9536374" tId="2" fbRx="267.9536439" lbRx="0" />
<p fId="0" fbTx="267.9536483" lbTx="267.9536539" tId="1" fbRx="267.9536605" lbRx="0" />
<p fId="0" fbTx="267.9536483" lbTx="267.9536539" tId="2" fbRx="267.9536605" lbRx="0" />
<p fId="0" fbTx="267.9536483" lbTx="267.9536539" tId="2" fbRx="267.9536605" lbRx="0" />
<p fId="0" fbTx="267.9536609" lbTx="267.9536665" tId="1" fbRx="267.953673" lbRx="0" />
<p fId="0" fbTx="267.9536609" lbTx="267.9536665" tId="2" fbRx="267.953673" lbRx="0" />
<p fId="0" fbTx="267.9536609" lbTx="267.9536665" tId="2" fbRx="267.953673" lbRx="0" />
<p fId="0" fbTx="267.9536754" lbTx="267.953681" tId="1" fbRx="267.9536876" lbRx="0" />
<p fId="0" fbTx="267.9536754" lbTx="267.953681" tId="2" fbRx="267.9536876" lbRx="0" />
<p fId="0" fbTx="267.9536754" lbTx="267.953681" tId="2" fbRx="267.9536876" lbRx="0" />
<p fId="0" fbTx="267.953697" lbTx="267.9537026" tId="1" fbRx="267.9537092" lbRx="0" />
<p fId="0" fbTx="267.953697" lbTx="267.9537026" tId="2" fbRx="267.9537092" lbRx="0" />
<p fId="0" fbTx="267.953697" lbTx="267.9537026" tId="2" fbRx="267.9537092" lbRx="0" />
<p fId="0" fbTx="267.9537166" lbTx="267.9537221" tId="1" fbRx="267.9537287" lbRx="0" />
<p fId="0" fbTx="267.9537166" lbTx="267.9537221" tId="2" fbRx="267.9537287" lbRx="0" />
<p fId="0" fbTx="267.9537166" lbTx="267.9537221" tId="2" fbRx="267.9537287" lbRx="0" />
<p fId="0" fbTx="267.9537311" lbTx="267.9537367" tId="1" fbRx="267.9537433" lbRx="0" />
<p fId="0" fbTx="267.9537311" lbTx="267.9537367" tId="2" fbRx="267.9537433" lbRx="0" />
<p fId="0" fbTx="267.9537311" lbTx="267.9537367" tId="2" fbRx="267.9537433" lbRx="0" />
<p fId="0" fbTx="267.9537457" lbTx="267.9537513" tId="1" fbRx="267.9537578" lbRx="0" />
<p fId="0" fbTx="267.9537457" lbTx="267.9537513" tId="2" fbRx="267.9537578" lbRx="0" />
<p fId="0" fbTx="267.9537457" lbTx="267.9537513" tId="2" fbRx="267.9537578" lbRx="0" />
<p fId="0" fbTx="267.9537602" lbTx="267.9537658" tId="1" fbRx="267.9537724" lbRx="0" />
<p fId="0" fbTx="267.9537602" lbTx="267.9537658" tId="2" fbRx="267.9537724" lbRx="0" />
<p fId="0" fbTx="267.9537602" lbTx="267.9537658" tId="2" fbRx="267.9537724" lbRx="0" />
<p fId="0" fbTx="267.9537758" lbTx="267.9537814" tId="1" fbRx="267.9537879" lbRx="0" />
<p fId="0" fbTx="267.9537758" lbTx="267.9537814" tId="2" fbRx="267.9537879" lbRx="0" />
<p fId="0" fbTx="267.9537758" lbTx="267.9537814" tId="2" fbRx="267.9537879" lbRx="0" />
<p fId="0" fbTx="267.9537884" lbTx="267.9537939" tId="1" fbRx="267.9538005" lbRx="0" />
<p fId="0" fbTx="267.9537884" lbTx="267.9537939" tId="2" fbRx="267.9538005" lbRx="0" />
<p fId="0" fbTx="267.9537884" lbTx="267.9537939" tId="2" fbRx="267.9538005" lbRx="0" />
<p fId="0" fbTx="267.9538039" lbTx="267.9538095" tId="1" fbRx="267.9538161" lbRx="0" />
<p fId="0" fbTx="267.9538039" lbTx="267.9538095" tId="2" fbRx="267.9538161" lbRx="0" />
<p fId="0" fbTx="267.9538039" lbTx="267.9538095" tId="2" fbRx="267.9538161" lbRx="0" />
<p fId="0" fbTx="267.9538265" lbTx="267.9538321" tId="1" fbRx="267.9538386" lbRx="0" />
<p fId="0" fbTx="267.9538265" lbTx="267.9538321" tId="2" fbRx="267.9538386" lbRx="0" />
<p fId="0" fbTx="267.9538265" lbTx="267.9538321" tId="2" fbRx="267.9538386" lbRx="0" />
<p fId="0" fbTx="267.953839" lbTx="267.9538446" tId="1" fbRx="267.9538512" lbRx="0" />
<p fId="0" fbTx="267.953839" lbTx="267.9538446" tId="2" fbRx="267.9538512" lbRx="0" />
<p fId="0" fbTx="267.953839" lbTx="267.9538446" tId="2" fbRx="267.9538512" lbRx="0" />
<p fId="0" fbTx="267.9538556" lbTx="267.9538612" tId="1" fbRx="267.9538677" lbRx="0" />
<p fId="0" fbTx="267.9538556" lbTx="267.9538612" tId="2" fbRx="267.9538677" lbRx="0" />
<p fId="0" fbTx="267.9538556" lbTx="267.9538612" tId="2" fbRx="267.9538677" lbRx="0" />
<p fId="0" fbTx="267.9538692" lbTx="267.9538748" tId="1" fbRx="267.9538813" lbRx="0" />
<p fId="0" fbTx="267.9538692" lbTx="267.9538748" tId="2" fbRx="267.9538813" lbRx="0" />
<p fId="0" fbTx="267.9538692" lbTx="267.9538748" tId="2" fbRx="267.9538813" lbRx="0" />
<p fId="0" fbTx="267.9538817" lbTx="267.9538873" tId="1" fbRx="267.9538939" lbRx="0" />
<p fId="0" fbTx="267.9538817" lbTx="267.9538873" tId="2" fbRx="267.9538939" lbRx="0" />
<p fId="0" fbTx="267.9538817" lbTx="267.9538873" tId="2" fbRx="267.9538939" lbRx="0" />
<p fId="0" fbTx="267.9538943" lbTx="267.9538999" tId="1" fbRx="267.9539064" lbRx="0" />
<p fId="0" fbTx="267.9538943" lbTx="267.9538999" tId="2" fbRx="267.9539064" lbRx="0" />
<p fId="0" fbTx="267.9538943" lbTx="267.9538999" tId="2" fbRx="267.9539064" lbRx="0" />
<p fId="0" fbTx="267.9539118" lbTx="267.9539174" tId="1" fbRx="267.953924" lbRx="0" />
<p fId="0" fbTx="267.9539118" lbTx="267.9539174" tId="2" fbRx="267.953924" lbRx="0" />
<p fId="0" fbTx="267.9539118" lbTx="267.9539174" tId="2" fbRx="267.953924" lbRx="0" />
<p fId="0" fbTx="267.9539504" lbTx="267.953956" tId="1" fbRx="267.9539626" lbRx="0" />
<p fId="0" fbTx="267.9539504" lbTx="267.953956" tId="2" fbRx="267.9539626" lbRx="0" />
<p fId="0" fbTx="267.9539504" lbTx="267.953956" tId="2" fbRx="267.9539626" lbRx="0" />
<p fId="0" fbTx="267.953964" lbTx="267.9539696" tId="1" fbRx="267.9539761" lbRx="0" />
<p fId="0" fbTx="267.953964" lbTx="267.9539696" tId="2" fbRx="267.9539761" lbRx="0" />
<p fId="0" fbTx="267.953964" lbTx="267.9539696" tId="2" fbRx="267.9539761" lbRx="0" />
<p fId="0" fbTx="267.9539765" lbTx="267.9539821" tId="1" fbRx="267.9539887" lbRx="0" />
<p fId="0" fbTx="267.9539765" lbTx="267.9539821" tId="2" fbRx="267.9539887" lbRx="0" />
<p fId="0" fbTx="267.9539765" lbTx="267.9539821" tId="2" fbRx="267.9539887" lbRx="0" />
<p fId="0" fbTx="267.9539901" lbTx="267.9539957" tId="1" fbRx="267.9540022" lbRx="0" />
<p fId="0" fbTx="267.9539901" lbTx="267.9539957" tId="2" fbRx="267.9540022" lbRx="0" />
<p fId="0" fbTx="267.9539901" lbTx="267.9539957" tId="2" fbRx="267.9540022" lbRx="0" />
<p fId="0" fbTx="267.9540026" lbTx="267.9540082" tId="1" fbRx="267.9540148" lbRx="0" />
<p fId="0" fbTx="267.9540026" lbTx="267.9540082" tId="2" fbRx="267.9540148" lbRx="0" />
<p fId="0" fbTx="267.9540026" lbTx="267.9540082" tId="2" fbRx="267.9540148" lbRx="0" />
<p fId="0" fbTx="267.9540252" lbTx="267.9540308" tId="1" fbRx="267.9540374" lbRx="0" />
<p fId="0" fbTx="267.9540252" lbTx="267.9540308" tId="2" fbRx="267.9540374" lbRx="0" />
<p fId="0" fbTx="267.9540252" lbTx="267.9540308" tId="2" fbRx="267.9540374" lbRx="0" />
<p fId="0" fbTx="267.9540447" lbTx="267.9540503" tId="1" fbRx="267.9540569" lbRx="0" />
<p fId="0" fbTx="267.9540447" lbTx="267.9540503" tId="2" fbRx="267.9540569" lbRx="0" />
<p fId="0" fbTx="267.9540447" lbTx="267.9540503" tId="2" fbRx="267.9540569" lbRx="0" />
<p fId="0" fbTx="267.9540583" lbTx="267.9540639" tId="1" fbRx="267.9540705" lbRx="0" />
<p fId="0" fbTx="267.9540583" lbTx="267.9540639" tId="2" fbRx="267.9540705" lbRx="0" />
<p fId="0" fbTx="267.9540583" lbTx="267.9540639" tId="2" fbRx="267.9540705" lbRx="0" />
<p fId="0" fbTx="267.9540729" lbTx="267.9540785" tId="1" fbRx="267.954085" lbRx="0" />
<p fId="0" fbTx="267.9540729" lbTx="267.9540785" tId="2" fbRx="267.954085" lbRx="0" />
<p fId="0" fbTx="267.9540729" lbTx="267.9540785" tId="2" fbRx="267.954085" lbRx="0" />
<p fId="0" fbTx="267.9540854" lbTx="267.954091" tId="1" fbRx="267.9540976" lbRx="0" />
<p fId="0" fbTx="267.9540854" lbTx="267.954091" tId="2" fbRx="267.9540976" lbRx="0" />
<p fId="0" fbTx="267.9540854" lbTx="267.954091" tId="2" fbRx="267.9540976" lbRx="0" />
<p fId="0" fbTx="267.954101" lbTx="267.9541066" tId="1" fbRx="267.9541132" lbRx="0" />
<p fId="0" fbTx="267.954101" lbTx="267.9541066" tId="2" fbRx="267.9541132" lbRx="0" />
<p fId="0" fbTx="267.954101" lbTx="267.9541066" tId="2" fbRx="267.9541132" lbRx="0" />
<p fId="0" fbTx="267.9541185" lbTx="267.9541241" tId="1" fbRx="267.9541307" lbRx="0" />
<p fId="0" fbTx="267.9541185" lbTx="267.9541241" tId="2" fbRx="267.9541307" lbRx="0" />
<p fId="0" fbTx="267.9541185" lbTx="267.9541241" tId="2" fbRx="267.9541307" lbRx="0" />
<p fId="0" fbTx="267.9541321" lbTx="267.9541377" tId="1" fbRx="267.9541443" lbRx="0" />
<p fId="0" fbTx="267.9541321" lbTx="267.9541377" tId="2" fbRx="267.9541443" lbRx="0" />
<p fId="0" fbTx="267.9541321" lbTx="267.9541377" tId="2" fbRx="267.9541443" lbRx="0" />
<p fId="0" fbTx="267.9541497" lbTx="267.9541553" tId="1" fbRx="267.9541618" lbRx="0" />
<p fId="0" fbTx="267.9541497" lbTx="267.9541553" tId="2" fbRx="267.9541618" lbRx="0" />
<p fId="0" fbTx="267.9541497" lbTx="267.9541553" tId="2" fbRx="267.9541618" lbRx="0" />
<p fId="0" fbTx="267.9541622" lbTx="267.9541678" tId="1" fbRx="267.9541744" lbRx="0" />
<p fId="0" fbTx="267.9541622" lbTx="267.9541678" tId="2" fbRx="267.9541744" lbRx="0" />
<p fId="0" fbTx="267.9541622" lbTx="267.9541678" tId="2" fbRx="267.9541744" lbRx="0" />
<p fId="0" fbTx="267.9541768" lbTx="267.9541824" tId="1" fbRx="267.954189" lbRx="0" />
<p fId="0" fbTx="267.9541768" lbTx="267.9541824" tId="2" fbRx="267.954189" lbRx="0" />
<p fId="0" fbTx="267.9541768" lbTx="267.9541824" tId="2" fbRx="267.954189" lbRx="0" />
<p fId="0" fbTx="267.9653943" lbTx="267.9654279" tId="1" fbRx="267.9654344" lbRx="0" />
<p fId="0" fbTx="267.9653943" lbTx="267.9654279" tId="2" fbRx="267.9654344" lbRx="0" />
<p fId="0" fbTx="267.9653943" lbTx="267.9654279" tId="2" fbRx="267.9654344" lbRx="0" />
<p fId="2" fbTx="267.9654344" lbTx="267.9654516" tId="0" fbRx="267.9654582" lbRx="0" />
<p fId="2" fbTx="267.9654344" lbTx="267.9654516" tId="0" fbRx="267.9654582" lbRx="0" />
<p fId="2" fbTx="267.9654344" lbTx="267.9654516" tId="1" fbRx="267.9654582" lbRx="0" />
<p fId="0" fbTx="268.1654582" lbTx="268.1654638" tId="1" fbRx="268.1654703" lbRx="0" />
<p fId="0" fbTx="268.1654582" lbTx="268.1654638" tId="2" fbRx="268.1654703" lbRx="0" />
<p fId="0" fbTx="268.1654582" lbTx="268.1654638" tId="2" fbRx="268.1654703" lbRx="0" />
<p fId="1" fbTx="278.5450007" lbTx="278.5450343" tId="0" fbRx="278.5450408" lbRx="0" />
<p fId="1" fbTx="278.5450007" lbTx="278.5450343" tId="2" fbRx="278.5450408" lbRx="0" />
<p fId="1" fbTx="278.5450007" lbTx="278.5450343" tId="2" fbRx="278.5450408" lbRx="0" />
<p fId="2" fbTx="278.5450408" lbTx="278.5450893" tId="0" fbRx="278.5450959" lbRx="0" />
<p fId="2" fbTx="278.5450408" lbTx="278.5450893" tId="1" fbRx="278.5450959" lbRx="0" />
<p fId="2" fbTx="278.5450408" lbTx="278.5450893" tId="1" fbRx="278.5450959" lbRx="0" />
<p fId="2" fbTx="278.5450963" lbTx="278.5451448" tId="0" fbRx="278.5451513" lbRx="0" />
<p fId="2" fbTx="278.5450963" lbTx="278.5451448" tId="1" fbRx="278.5451513" lbRx="0" />
<p fId="2" fbTx="278.5450963" lbTx="278.5451448" tId="1" fbRx="278.5451513" lbRx="0" />
<p fId="1" fbTx="278.5451523" lbTx="278.5451579" tId="0" fbRx="278.5451645" lbRx="0" />
<p fId="1" fbTx="278.5451523" lbTx="278.5451579" tId="2" fbRx="278.5451645" lbRx="0" />
<p fId="1" fbTx="278.5451523" lbTx="278.5451579" tId="2" fbRx="278.5451645" lbRx="0" />
<p fId="2" fbTx="278.5451667" lbTx="278.5452152" tId="0" fbRx="278.5452218" lbRx="0" />
<p fId="2" fbTx="278.5451667" lbTx="278.5452152" tId="1" fbRx="278.5452218" lbRx="0" />
<p fId="2" fbTx="278.5451667" lbTx="278.5452152" tId="1" fbRx="278.5452218" lbRx="0" />
<p fId="2" fbTx="278.5452232" lbTx="278.5452716" tId="0" fbRx="278.5452782" lbRx="0" />
<p fId="2" fbTx="278.5452232" lbTx="278.5452716" tId="1" fbRx="278.5452782" lbRx="0" />
<p fId="2" fbTx="278.5452232" lbTx="278.5452716" tId="1" fbRx="278.5452782" lbRx="0" />
<p fId="1" fbTx="278.5452792" lbTx="278.5452848" tId="0" fbRx="278.5452914" lbRx="0" />
<p fId="1" fbTx="278.5452792" lbTx="278.5452848" tId="2" fbRx="278.5452914" lbRx="0" />
<p fId="1" fbTx="278.5452792" lbTx="278.5452848" tId="2" fbRx="278.5452914" lbRx="0" />
<p fId="2" fbTx="278.5452966" lbTx="278.5453451" tId="0" fbRx="278.5453516" lbRx="0" />
<p fId="2" fbTx="278.5452966" lbTx="278.5453451" tId="1" fbRx="278.5453516" lbRx="0" />
<p fId="2" fbTx="278.5452966" lbTx="278.5453451" tId="1" fbRx="278.5453516" lbRx="0" />
<p fId="2" fbTx="278.545354" lbTx="278.5454025" tId="0" fbRx="278.5454091" lbRx="0" />
<p fId="2" fbTx="278.545354" lbTx="278.5454025" tId="1" fbRx="278.5454091" lbRx="0" />
<p fId="2" fbTx="278.545354" lbTx="278.5454025" tId="1" fbRx="278.5454091" lbRx="0" />
<p fId="1" fbTx="278.5454101" lbTx="278.5454157" tId="0" fbRx="278.5454222" lbRx="0" />
<p fId="1" fbTx="278.5454101" lbTx="278.5454157" tId="2" fbRx="278.5454222" lbRx="0" />
<p fId="1" fbTx="278.5454101" lbTx="278.5454157" tId="2" fbRx="278.5454222" lbRx="0" />
<p fId="2" fbTx="278.5454385" lbTx="278.545487" tId="0" fbRx="278.5454935" lbRx="0" />
<p fId="2" fbTx="278.5454385" lbTx="278.545487" tId="1" fbRx="278.5454935" lbRx="0" />
<p fId="2" fbTx="278.5454385" lbTx="278.545487" tId="1" fbRx="278.5454935" lbRx="0" />
<p fId="2" fbTx="278.5454979" lbTx="278.5455464" tId="0" fbRx="278.545553" lbRx="0" />
<p fId="2" fbTx="278.5454979" lbTx="278.5455464" tId="1" fbRx="278.545553" lbRx="0" />
<p fId="2" fbTx="278.5454979" lbTx="278.5455464" tId="1" fbRx="278.545553" lbRx="0" />
<p fId="1" fbTx="278.545554" lbTx="278.5455596" tId="0" fbRx="278.5455661" lbRx="0" />
<p fId="1" fbTx="278.545554" lbTx="278.5455596" tId="2" fbRx="278.5455661" lbRx="0" />
<p fId="1" fbTx="278.545554" lbTx="278.5455596" tId="2" fbRx="278.5455661" lbRx="0" />
<p fId="2" fbTx="278.5455784" lbTx="278.5456268" tId="0" fbRx="278.5456334" lbRx="0" />
<p fId="2" fbTx="278.5455784" lbTx="278.5456268" tId="1" fbRx="278.5456334" lbRx="0" />
<p fId="2" fbTx="278.5455784" lbTx="278.5456268" tId="1" fbRx="278.5456334" lbRx="0" />
<p fId="2" fbTx="278.5456438" lbTx="278.5456923" tId="0" fbRx="278.5456988" lbRx="0" />
<p fId="2" fbTx="278.5456438" lbTx="278.5456923" tId="1" fbRx="278.5456988" lbRx="0" />
<p fId="2" fbTx="278.5456438" lbTx="278.5456923" tId="1" fbRx="278.5456988" lbRx="0" />
<p fId="1" fbTx="278.5456998" lbTx="278.5457054" tId="0" fbRx="278.545712" lbRx="0" />
<p fId="1" fbTx="278.5456998" lbTx="278.5457054" tId="2" fbRx="278.545712" lbRx="0" />
<p fId="1" fbTx="278.5456998" lbTx="278.5457054" tId="2" fbRx="278.545712" lbRx="0" />
<p fId="2" fbTx="278.5457592" lbTx="278.5458077" tId="0" fbRx="278.5458143" lbRx="0" />
<p fId="2" fbTx="278.5457592" lbTx="278.5458077" tId="1" fbRx="278.5458143" lbRx="0" />
<p fId="2" fbTx="278.5457592" lbTx="278.5458077" tId="1" fbRx="278.5458143" lbRx="0" />
<p fId="2" fbTx="278.5458147" lbTx="278.5458632" tId="0" fbRx="278.5458697" lbRx="0" />
<p fId="2" fbTx="278.5458147" lbTx="278.5458632" tId="1" fbRx="278.5458697" lbRx="0" />
<p fId="2" fbTx="278.5458147" lbTx="278.5458632" tId="1" fbRx="278.5458697" lbRx="0" />
<p fId="1" fbTx="278.5458707" lbTx="278.5458763" tId="0" fbRx="278.5458829" lbRx="0" />
<p fId="1" fbTx="278.5458707" lbTx="278.5458763" tId="2" fbRx="278.5458829" lbRx="0" />
<p fId="1" fbTx="278.5458707" lbTx="278.5458763" tId="2" fbRx="278.5458829" lbRx="0" />
<p fId="2" fbTx="278.5458891" lbTx="278.5459376" tId="0" fbRx="278.5459442" lbRx="0" />
<p fId="2" fbTx="278.5458891" lbTx="278.5459376" tId="1" fbRx="278.5459442" lbRx="0" />
<p fId="2" fbTx="278.5458891" lbTx="278.5459376" tId="1" fbRx="278.5459442" lbRx="0" />
<p fId="2" fbTx="278.5459456" lbTx="278.545994" tId="0" fbRx="278.5460006" lbRx="0" />
<p fId="2" fbTx="278.5459456" lbTx="278.545994" tId="1" fbRx="278.5460006" lbRx="0" />
<p fId="2" fbTx="278.5459456" lbTx="278.545994" tId="1" fbRx="278.5460006" lbRx="0" />
<p fId="1" fbTx="278.5460016" lbTx="278.5460072" tId="0" fbRx="278.5460138" lbRx="0" />
<p fId="1" fbTx="278.5460016" lbTx="278.5460072" tId="2" fbRx="278.5460138" lbRx="0" />
<p fId="1" fbTx="278.5460016" lbTx="278.5460072" tId="2" fbRx="278.5460138" lbRx="0" />
<p fId="2" fbTx="278.54602" lbTx="278.5460685" tId="0" fbRx="278.546075" lbRx="0" />
<p fId="2" fbTx="278.54602" lbTx="278.5460685" tId="1" fbRx="278.546075" lbRx="0" />
<p fId="2" fbTx="278.54602" lbTx="278.5460685" tId="1" fbRx="278.546075" lbRx="0" />
<p fId="2" fbTx="278.5460804" lbTx="278.5461289" tId="0" fbRx="278.5461355" lbRx="0" />
<p fId="2" fbTx="278.5460804" lbTx="278.5461289" tId="1" fbRx="278.5461355" lbRx="0" />
<p fId="2" fbTx="278.5460804" lbTx="278.5461289" tId="1" fbRx="278.5461355" lbRx="0" />
<p fId="1" fbTx="278.5461365" lbTx="278.5461421" tId="0" fbRx="278.5461486" lbRx="0" />
<p fId="1" fbTx="278.5461365" lbTx="278.5461421" tId="2" fbRx="278.5461486" lbRx="0" />
<p fId="1" fbTx="278.5461365" lbTx="278.5461421" tId="2" fbRx="278.5461486" lbRx="0" />
<p fId="2" fbTx="278.5461849" lbTx="278.5462334" tId="0" fbRx="278.5462399" lbRx="0" />
<p fId="2" fbTx="278.5461849" lbTx="278.5462334" tId="1" fbRx="278.5462399" lbRx="0" />
<p fId="2" fbTx="278.5461849" lbTx="278.5462334" tId="1" fbRx="278.5462399" lbRx="0" />
<p fId="2" fbTx="278.5462403" lbTx="278.5462888" tId="0" fbRx="278.5462954" lbRx="0" />
<p fId="2" fbTx="278.5462403" lbTx="278.5462888" tId="1" fbRx="278.5462954" lbRx="0" />
<p fId="2" fbTx="278.5462403" lbTx="278.5462888" tId="1" fbRx="278.5462954" lbRx="0" />
<p fId="1" fbTx="278.5462964" lbTx="278.546302" tId="0" fbRx="278.5463085" lbRx="0" />
<p fId="1" fbTx="278.5462964" lbTx="278.546302" tId="2" fbRx="278.5463085" lbRx="0" />
<p fId="1" fbTx="278.5462964" lbTx="278.546302" tId="2" fbRx="278.5463085" lbRx="0" />
<p fId="2" fbTx="278.5463108" lbTx="278.5463592" tId="0" fbRx="278.5463658" lbRx="0" />
<p fId="2" fbTx="278.5463108" lbTx="278.5463592" tId="1" fbRx="278.5463658" lbRx="0" />
<p fId="2" fbTx="278.5463108" lbTx="278.5463592" tId="1" fbRx="278.5463658" lbRx="0" />
<p fId="2" fbTx="278.5463692" lbTx="278.5464177" tId="0" fbRx="278.5464242" lbRx="0" />
<p fId="2" fbTx="278.5463692" lbTx="278.5464177" tId="1" fbRx="278.5464242" lbRx="0" />
<p fId="2" fbTx="278.5463692" lbTx="278.5464177" tId="1" fbRx="278.5464242" lbRx="0" />
<p fId="1" fbTx="278.5464252" lbTx="278.5464308" tId="0" fbRx="278.5464374" lbRx="0" />
<p fId="1" fbTx="278.5464252" lbTx="278.5464308" tId="2" fbRx="278.5464374" lbRx="0" />
<p fId="1" fbTx="278.5464252" lbTx="278.5464308" tId="2" fbRx="278.5464374" lbRx="0" />
<p fId="2" fbTx="278.5464446" lbTx="278.5464931" tId="0" fbRx="278.5464997" lbRx="0" />
<p fId="2" fbTx="278.5464446" lbTx="278.5464931" tId="1" fbRx="278.5464997" lbRx="0" />
<p fId="2" fbTx="278.5464446" lbTx="278.5464931" tId="1" fbRx="278.5464997" lbRx="0" />
<p fId="2" fbTx="278.5465031" lbTx="278.5465516" tId="0" fbRx="278.5465581" lbRx="0" />
<p fId="2" fbTx="278.5465031" lbTx="278.5465516" tId="1" fbRx="278.5465581" lbRx="0" />
<p fId="2" fbTx="278.5465031" lbTx="278.5465516" tId="1" fbRx="278.5465581" lbRx="0" />
<p fId="1" fbTx="278.5465591" lbTx="278.5465647" tId="0" fbRx="278.5465713" lbRx="0" />
<p fId="1" fbTx="278.5465591" lbTx="278.5465647" tId="2" fbRx="278.5465713" lbRx="0" />
<p fId="1" fbTx="278.5465591" lbTx="278.5465647" tId="2" fbRx="278.5465713" lbRx="0" />
<p fId="2" fbTx="278.5465955" lbTx="278.546644" tId="0" fbRx="278.5466506" lbRx="0" />
<p fId="2" fbTx="278.5465955" lbTx="278.546644" tId="1" fbRx="278.5466506" lbRx="0" />
<p fId="2" fbTx="278.5465955" lbTx="278.546644" tId="1" fbRx="278.5466506" lbRx="0" />
<p fId="2" fbTx="278.546653" lbTx="278.5467014" tId="0" fbRx="278.546708" lbRx="0" />
<p fId="2" fbTx="278.546653" lbTx="278.5467014" tId="1" fbRx="278.546708" lbRx="0" />
<p fId="2" fbTx="278.546653" lbTx="278.5467014" tId="1" fbRx="278.546708" lbRx="0" />
<p fId="1" fbTx="278.546709" lbTx="278.5467146" tId="0" fbRx="278.5467212" lbRx="0" />
<p fId="1" fbTx="278.546709" lbTx="278.5467146" tId="2" fbRx="278.5467212" lbRx="0" />
<p fId="1" fbTx="278.546709" lbTx="278.5467146" tId="2" fbRx="278.5467212" lbRx="0" />
<p fId="2" fbTx="278.5467234" lbTx="278.5467719" tId="0" fbRx="278.5467784" lbRx="0" />
<p fId="2" fbTx="278.5467234" lbTx="278.5467719" tId="1" fbRx="278.5467784" lbRx="0" />
<p fId="2" fbTx="278.5467234" lbTx="278.5467719" tId="1" fbRx="278.5467784" lbRx="0" />
<p fId="2" fbTx="278.5467808" lbTx="278.5468293" tId="0" fbRx="278.5468359" lbRx="0" />
<p fId="2" fbTx="278.5467808" lbTx="278.5468293" tId="1" fbRx="278.5468359" lbRx="0" />
<p fId="2" fbTx="278.5467808" lbTx="278.5468293" tId="1" fbRx="278.5468359" lbRx="0" />
<p fId="1" fbTx="278.5468369" lbTx="278.5468425" tId="0" fbRx="278.546849" lbRx="0" />
<p fId="1" fbTx="278.5468369" lbTx="278.5468425" tId="2" fbRx="278.546849" lbRx="0" />
<p fId="1" fbTx="278.5468369" lbTx="278.5468425" tId="2" fbRx="278.546849" lbRx="0" />
<p fId="2" fbTx="278.5468643" lbTx="278.5469128" tId="0" fbRx="278.5469193" lbRx="0" />
<p fId="2" fbTx="278.5468643" lbTx="278.5469128" tId="1" fbRx="278.5469193" lbRx="0" />
<p fId="2" fbTx="278.5468643" lbTx="278.5469128" tId="1" fbRx="278.5469193" lbRx="0" />
<p fId="2" fbTx="278.5469207" lbTx="278.5469692" tId="0" fbRx="278.5469758" lbRx="0" />
<p fId="2" fbTx="278.5469207" lbTx="278.5469692" tId="1" fbRx="278.5469758" lbRx="0" />
<p fId="2" fbTx="278.5469207" lbTx="278.5469692" tId="1" fbRx="278.5469758" lbRx="0" />
<p fId="1" fbTx="278.5469768" lbTx="278.5469824" tId="0" fbRx="278.5469889" lbRx="0" />
<p fId="1" fbTx="278.5469768" lbTx="278.5469824" tId="2" fbRx="278.5469889" lbRx="0" />
<p fId="1" fbTx="278.5469768" lbTx="278.5469824" tId="2" fbRx="278.5469889" lbRx="0" />
<p fId="2" fbTx="278.5469902" lbTx="278.5470386" tId="0" fbRx="278.5470452" lbRx="0" />
<p fId="2" fbTx="278.5469902" lbTx="278.5470386" tId="1" fbRx="278.5470452" lbRx="0" />
<p fId="2" fbTx="278.5469902" lbTx="278.5470386" tId="1" fbRx="278.5470452" lbRx="0" />
<p fId="2" fbTx="278.5470456" lbTx="278.5470941" tId="0" fbRx="278.5471006" lbRx="0" />
<p fId="2" fbTx="278.5470456" lbTx="278.5470941" tId="1" fbRx="278.5471006" lbRx="0" />
<p fId="2" fbTx="278.5470456" lbTx="278.5470941" tId="1" fbRx="278.5471006" lbRx="0" />
<p fId="1" fbTx="278.5471016" lbTx="278.5471072" tId="0" fbRx="278.5471138" lbRx="0" />
<p fId="1" fbTx="278.5471016" lbTx="278.5471072" tId="2" fbRx="278.5471138" lbRx="0" />
<p fId="1" fbTx="278.5471016" lbTx="278.5471072" tId="2" fbRx="278.5471138" lbRx="0" />
<p fId="2" fbTx="278.547114" lbTx="278.5471625" tId="0" fbRx="278.5471691" lbRx="0" />
<p fId="2" fbTx="278.547114" lbTx="278.5471625" tId="1" fbRx="278.5471691" lbRx="0" />
<p fId="2" fbTx="278.547114" lbTx="278.5471625" tId="1" fbRx="278.5471691" lbRx="0" />
<p fId="2" fbTx="278.5471705" lbTx="278.547219" tId="0" fbRx="278.5472255" lbRx="0" />
<p fId="2" fbTx="278.5471705" lbTx="278.547219" tId="1" fbRx="278.5472255" lbRx="0" />
<p fId="2" fbTx="278.5471705" lbTx="278.547219" tId="1" fbRx="278.5472255" lbRx="0" />
<p fId="2" fbTx="278.5472259" lbTx="278.5472744" tId="0" fbRx="278.547281" lbRx="0" />
<p fId="2" fbTx="278.5472259" lbTx="278.5472744" tId="1" fbRx="278.547281" lbRx="0" />
<p fId="2" fbTx="278.5472259" lbTx="278.5472744" tId="1" fbRx="278.547281" lbRx="0" />
<p fId="2" fbTx="278.5472824" lbTx="278.5473308" tId="0" fbRx="278.5473374" lbRx="0" />
<p fId="2" fbTx="278.5472824" lbTx="278.5473308" tId="1" fbRx="278.5473374" lbRx="0" />
<p fId="2" fbTx="278.5472824" lbTx="278.5473308" tId="1" fbRx="278.5473374" lbRx="0" />
<p fId="2" fbTx="278.5473478" lbTx="278.5473963" tId="0" fbRx="278.5474028" lbRx="0" />
<p fId="2" fbTx="278.5473478" lbTx="278.5473963" tId="1" fbRx="278.5474028" lbRx="0" />
<p fId="2" fbTx="278.5473478" lbTx="278.5473963" tId="1" fbRx="278.5474028" lbRx="0" />
<p fId="2" fbTx="278.5474062" lbTx="278.5474547" tId="0" fbRx="278.5474613" lbRx="0" />
<p fId="2" fbTx="278.5474062" lbTx="278.5474547" tId="1" fbRx="278.5474613" lbRx="0" />
<p fId="2" fbTx="278.5474062" lbTx="278.5474547" tId="1" fbRx="278.5474613" lbRx="0" />
<p fId="2" fbTx="278.5474627" lbTx="278.5475112" tId="0" fbRx="278.5475177" lbRx="0" />
<p fId="2" fbTx="278.5474627" lbTx="278.5475112" tId="1" fbRx="278.5475177" lbRx="0" />
<p fId="2" fbTx="278.5474627" lbTx="278.5475112" tId="1" fbRx="278.5475177" lbRx="0" />
<p fId="2" fbTx="278.5475201" lbTx="278.5475686" tId="0" fbRx="278.5475752" lbRx="0" />
<p fId="2" fbTx="278.5475201" lbTx="278.5475686" tId="1" fbRx="278.5475752" lbRx="0" />
<p fId="2" fbTx="278.5475201" lbTx="278.5475686" tId="1" fbRx="278.5475752" lbRx="0" />
<p fId="2" fbTx="278.5475756" lbTx="278.547624" tId="0" fbRx="278.5476306" lbRx="0" />
<p fId="2" fbTx="278.5475756" lbTx="278.547624" tId="1" fbRx="278.5476306" lbRx="0" />
<p fId="2" fbTx="278.5475756" lbTx="278.547624" tId="1" fbRx="278.5476306" lbRx="0" />
<p fId="2" fbTx="278.547634" lbTx="278.5476825" tId="0" fbRx="278.547689" lbRx="0" />
<p fId="2" fbTx="278.547634" lbTx="278.5476825" tId="1" fbRx="278.547689" lbRx="0" />
<p fId="2" fbTx="278.547634" lbTx="278.5476825" tId="1" fbRx="278.547689" lbRx="0" />
<p fId="2" fbTx="278.5476904" lbTx="278.5477389" tId="0" fbRx="278.5477455" lbRx="0" />
<p fId="2" fbTx="278.5476904" lbTx="278.5477389" tId="1" fbRx="278.5477455" lbRx="0" />
<p fId="2" fbTx="278.5476904" lbTx="278.5477389" tId="1" fbRx="278.5477455" lbRx="0" />
<p fId="2" fbTx="278.5477489" lbTx="278.5477974" tId="0" fbRx="278.5478039" lbRx="0" />
<p fId="2" fbTx="278.5477489" lbTx="278.5477974" tId="1" fbRx="278.5478039" lbRx="0" />
<p fId="2" fbTx="278.5477489" lbTx="278.5477974" tId="1" fbRx="278.5478039" lbRx="0" />
<p fId="2" fbTx="278.5478063" lbTx="278.5478548" tId="0" fbRx="278.5478614" lbRx="0" />
<p fId="2" fbTx="278.5478063" lbTx="278.5478548" tId="1" fbRx="278.5478614" lbRx="0" />
<p fId="2" fbTx="278.5478063" lbTx="278.5478548" tId="1" fbRx="278.5478614" lbRx="0" />
<p fId="2" fbTx="278.5478628" lbTx="278.5479112" tId="0" fbRx="278.5479178" lbRx="0" />
<p fId="2" fbTx="278.5478628" lbTx="278.5479112" tId="1" fbRx="278.5479178" lbRx="0" />
<p fId="2" fbTx="278.5478628" lbTx="278.5479112" tId="1" fbRx="278.5479178" lbRx="0" />
<p fId="2" fbTx="278.5479192" lbTx="278.5479677" tId="0" fbRx="278.5479742" lbRx="0" />
<p fId="2" fbTx="278.5479192" lbTx="278.5479677" tId="1" fbRx="278.5479742" lbRx="0" />
<p fId="2" fbTx="278.5479192" lbTx="278.5479677" tId="1" fbRx="278.5479742" lbRx="0" />
<p fId="2" fbTx="278.5479756" lbTx="278.5480241" tId="0" fbRx="278.5480307" lbRx="0" />
<p fId="2" fbTx="278.5479756" lbTx="278.5480241" tId="1" fbRx="278.5480307" lbRx="0" />
<p fId="2" fbTx="278.5479756" lbTx="278.5480241" tId="1" fbRx="278.5480307" lbRx="0" />
<p fId="2" fbTx="278.5480341" lbTx="278.5480826" tId="0" fbRx="278.5480891" lbRx="0" />
<p fId="2" fbTx="278.5480341" lbTx="278.5480826" tId="1" fbRx="278.5480891" lbRx="0" />
<p fId="2" fbTx="278.5480341" lbTx="278.5480826" tId="1" fbRx="278.5480891" lbRx="0" />
<p fId="2" fbTx="278.5480915" lbTx="278.54814" tId="0" fbRx="278.5481466" lbRx="0" />
<p fId="2" fbTx="278.5480915" lbTx="278.54814" tId="1" fbRx="278.5481466" lbRx="0" />
<p fId="2" fbTx="278.5480915" lbTx="278.54814" tId="1" fbRx="278.5481466" lbRx="0" />
<p fId="2" fbTx="278.548147" lbTx="278.5481954" tId="0" fbRx="278.548202" lbRx="0" />
<p fId="2" fbTx="278.548147" lbTx="278.5481954" tId="1" fbRx="278.548202" lbRx="0" />
<p fId="2" fbTx="278.548147" lbTx="278.5481954" tId="1" fbRx="278.548202" lbRx="0" />
<p fId="2" fbTx="278.5482024" lbTx="278.5482509" tId="0" fbRx="278.5482574" lbRx="0" />
<p fId="2" fbTx="278.5482024" lbTx="278.5482509" tId="1" fbRx="278.5482574" lbRx="0" />
<p fId="2" fbTx="278.5482024" lbTx="278.5482509" tId="1" fbRx="278.5482574" lbRx="0" />
<p fId="2" fbTx="278.5482608" lbTx="278.5483093" tId="0" fbRx="278.5483159" lbRx="0" />
<p fId="2" fbTx="278.5482608" lbTx="278.5483093" tId="1" fbRx="278.5483159" lbRx="0" />
<p fId="2" fbTx="278.5482608" lbTx="278.5483093" tId="1" fbRx="278.5483159" lbRx="0" />
<p fId="2" fbTx="278.5483223" lbTx="278.5483708" tId="0" fbRx="278.5483773" lbRx="0" />
<p fId="2" fbTx="278.5483223" lbTx="278.5483708" tId="1" fbRx="278.5483773" lbRx="0" />
<p fId="2" fbTx="278.5483223" lbTx="278.5483708" tId="1" fbRx="278.5483773" lbRx="0" />
<p fId="2" fbTx="278.5483807" lbTx="278.5484292" tId="0" fbRx="278.5484358" lbRx="0" />
<p fId="2" fbTx="278.5483807" lbTx="278.5484292" tId="1" fbRx="278.5484358" lbRx="0" />
<p fId="2" fbTx="278.5483807" lbTx="278.5484292" tId="1" fbRx="278.5484358" lbRx="0" />
<p fId="2" fbTx="278.5484472" lbTx="278.5484956" tId="0" fbRx="278.5485022" lbRx="0" />
<p fId="2" fbTx="278.5484472" lbTx="278.5484956" tId="1" fbRx="278.5485022" lbRx="0" />
<p fId="2" fbTx="278.5484472" lbTx="278.5484956" tId="1" fbRx="278.5485022" lbRx="0" />
<p fId="2" fbTx="278.5485036" lbTx="278.5485521" tId="0" fbRx="278.5485586" lbRx="0" />
<p fId="2" fbTx="278.5485036" lbTx="278.5485521" tId="1" fbRx="278.5485586" lbRx="0" />
<p fId="2" fbTx="278.5485036" lbTx="278.5485521" tId="1" fbRx="278.5485586" lbRx="0" />
<p fId="2" fbTx="278.548561" lbTx="278.5486095" tId="0" fbRx="278.5486161" lbRx="0" />
<p fId="2" fbTx="278.548561" lbTx="278.5486095" tId="1" fbRx="278.5486161" lbRx="0" />
<p fId="2" fbTx="278.548561" lbTx="278.5486095" tId="1" fbRx="278.5486161" lbRx="0" />
<p fId="2" fbTx="278.5486175" lbTx="278.548666" tId="0" fbRx="278.5486725" lbRx="0" />
<p fId="2" fbTx="278.5486175" lbTx="278.548666" tId="1" fbRx="278.5486725" lbRx="0" />
<p fId="2" fbTx="278.5486175" lbTx="278.548666" tId="1" fbRx="278.5486725" lbRx="0" />
<p fId="2" fbTx="278.5486739" lbTx="278.5487224" tId="0" fbRx="278.548729" lbRx="0" />
<p fId="2" fbTx="278.5486739" lbTx="278.5487224" tId="1" fbRx="278.548729" lbRx="0" />
<p fId="2" fbTx="278.5486739" lbTx="278.5487224" tId="1" fbRx="278.548729" lbRx="0" />
<p fId="2" fbTx="278.5487404" lbTx="278.5487888" tId="0" fbRx="278.5487954" lbRx="0" />
<p fId="2" fbTx="278.5487404" lbTx="278.5487888" tId="1" fbRx="278.5487954" lbRx="0" />
<p fId="2" fbTx="278.5487404" lbTx="278.5487888" tId="1" fbRx="278.5487954" lbRx="0" />
<p fId="2" fbTx="278.5488018" lbTx="278.5488503" tId="0" fbRx="278.5488568" lbRx="0" />
<p fId="2" fbTx="278.5488018" lbTx="278.5488503" tId="1" fbRx="278.5488568" lbRx="0" />
<p fId="2" fbTx="278.5488018" lbTx="278.5488503" tId="1" fbRx="278.5488568" lbRx="0" />
<p fId="2" fbTx="278.5488642" lbTx="278.5489127" tId="0" fbRx="278.5489193" lbRx="0" />
<p fId="2" fbTx="278.5488642" lbTx="278.5489127" tId="1" fbRx="278.5489193" lbRx="0" />
<p fId="2" fbTx="278.5488642" lbTx="278.5489127" tId="1" fbRx="278.5489193" lbRx="0" />
<p fId="2" fbTx="278.5489277" lbTx="278.5489762" tId="0" fbRx="278.5489827" lbRx="0" />
<p fId="2" fbTx="278.5489277" lbTx="278.5489762" tId="1" fbRx="278.5489827" lbRx="0" />
<p fId="2" fbTx="278.5489277" lbTx="278.5489762" tId="1" fbRx="278.5489827" lbRx="0" />
<p fId="2" fbTx="278.5489851" lbTx="278.5490336" tId="0" fbRx="278.5490402" lbRx="0" />
<p fId="2" fbTx="278.5489851" lbTx="278.5490336" tId="1" fbRx="278.5490402" lbRx="0" />
<p fId="2" fbTx="278.5489851" lbTx="278.5490336" tId="1" fbRx="278.5490402" lbRx="0" />
<p fId="2" fbTx="278.5490416" lbTx="278.54909" tId="0" fbRx="278.5490966" lbRx="0" />
<p fId="2" fbTx="278.5490416" lbTx="278.54909" tId="1" fbRx="278.5490966" lbRx="0" />
<p fId="2" fbTx="278.5490416" lbTx="278.54909" tId="1" fbRx="278.5490966" lbRx="0" />
<p fId="2" fbTx="278.5491" lbTx="278.5491485" tId="0" fbRx="278.549155" lbRx="0" />
<p fId="2" fbTx="278.5491" lbTx="278.5491485" tId="1" fbRx="278.549155" lbRx="0" />
<p fId="2" fbTx="278.5491" lbTx="278.5491485" tId="1" fbRx="278.549155" lbRx="0" />
<p fId="2" fbTx="278.5491554" lbTx="278.5492039" tId="0" fbRx="278.5492105" lbRx="0" />
<p fId="2" fbTx="278.5491554" lbTx="278.5492039" tId="1" fbRx="278.5492105" lbRx="0" />
<p fId="2" fbTx="278.5491554" lbTx="278.5492039" tId="1" fbRx="278.5492105" lbRx="0" />
<p fId="2" fbTx="278.5492139" lbTx="278.5492624" tId="0" fbRx="278.5492689" lbRx="0" />
<p fId="2" fbTx="278.5492139" lbTx="278.5492624" tId="1" fbRx="278.5492689" lbRx="0" />
<p fId="2" fbTx="278.5492139" lbTx="278.5492624" tId="1" fbRx="278.5492689" lbRx="0" />
<p fId="2" fbTx="278.5492733" lbTx="278.5493218" tId="0" fbRx="278.5493284" lbRx="0" />
<p fId="2" fbTx="278.5492733" lbTx="278.5493218" tId="1" fbRx="278.5493284" lbRx="0" />
<p fId="2" fbTx="278.5492733" lbTx="278.5493218" tId="1" fbRx="278.5493284" lbRx="0" />
<p fId="2" fbTx="278.5493348" lbTx="278.5493832" tId="0" fbRx="278.5493898" lbRx="0" />
<p fId="2" fbTx="278.5493348" lbTx="278.5493832" tId="1" fbRx="278.5493898" lbRx="0" />
<p fId="2" fbTx="278.5493348" lbTx="278.5493832" tId="1" fbRx="278.5493898" lbRx="0" />
<p fId="2" fbTx="278.5493932" lbTx="278.5494417" tId="0" fbRx="278.5494482" lbRx="0" />
<p fId="2" fbTx="278.5493932" lbTx="278.5494417" tId="1" fbRx="278.5494482" lbRx="0" />
<p fId="2" fbTx="278.5493932" lbTx="278.5494417" tId="1" fbRx="278.5494482" lbRx="0" />
<p fId="2" fbTx="278.5494566" lbTx="278.5495051" tId="0" fbRx="278.5495117" lbRx="0" />
<p fId="2" fbTx="278.5494566" lbTx="278.5495051" tId="1" fbRx="278.5495117" lbRx="0" />
<p fId="2" fbTx="278.5494566" lbTx="278.5495051" tId="1" fbRx="278.5495117" lbRx="0" />
<p fId="2" fbTx="278.5495141" lbTx="278.5495626" tId="0" fbRx="278.5495691" lbRx="0" />
<p fId="2" fbTx="278.5495141" lbTx="278.5495626" tId="1" fbRx="278.5495691" lbRx="0" />
<p fId="2" fbTx="278.5495141" lbTx="278.5495626" tId="1" fbRx="278.5495691" lbRx="0" />
<p fId="2" fbTx="278.5495725" lbTx="278.549621" tId="0" fbRx="278.5496276" lbRx="0" />
<p fId="2" fbTx="278.5495725" lbTx="278.549621" tId="1" fbRx="278.5496276" lbRx="0" />
<p fId="2" fbTx="278.5495725" lbTx="278.549621" tId="1" fbRx="278.5496276" lbRx="0" />
<p fId="2" fbTx="278.549628" lbTx="278.5496764" tId="0" fbRx="278.549683" lbRx="0" />
<p fId="2" fbTx="278.549628" lbTx="278.5496764" tId="1" fbRx="278.549683" lbRx="0" />
<p fId="2" fbTx="278.549628" lbTx="278.5496764" tId="1" fbRx="278.549683" lbRx="0" />
<p fId="2" fbTx="278.5496854" lbTx="278.5497339" tId="0" fbRx="278.5497404" lbRx="0" />
<p fId="2" fbTx="278.5496854" lbTx="278.5497339" tId="1" fbRx="278.5497404" lbRx="0" />
<p fId="2" fbTx="278.5496854" lbTx="278.5497339" tId="1" fbRx="278.5497404" lbRx="0" />
<p fId="2" fbTx="278.5497438" lbTx="278.5497923" tId="0" fbRx="278.5497989" lbRx="0" />
<p fId="2" fbTx="278.5497438" lbTx="278.5497923" tId="1" fbRx="278.5497989" lbRx="0" />
<p fId="2" fbTx="278.5497438" lbTx="278.5497923" tId="1" fbRx="278.5497989" lbRx="0" />
<p fId="2" fbTx="278.5498013" lbTx="278.5498498" tId="0" fbRx="278.5498563" lbRx="0" />
<p fId="2" fbTx="278.5498013" lbTx="278.5498498" tId="1" fbRx="278.5498563" lbRx="0" />
<p fId="2" fbTx="278.5498013" lbTx="278.5498498" tId="1" fbRx="278.5498563" lbRx="0" />
<p fId="2" fbTx="278.5498657" lbTx="278.5499142" tId="0" fbRx="278.5499208" lbRx="0" />
<p fId="2" fbTx="278.5498657" lbTx="278.5499142" tId="1" fbRx="278.5499208" lbRx="0" />
<p fId="2" fbTx="278.5498657" lbTx="278.5499142" tId="1" fbRx="278.5499208" lbRx="0" />
<p fId="2" fbTx="278.5499222" lbTx="278.5499706" tId="0" fbRx="278.5499772" lbRx="0" />
<p fId="2" fbTx="278.5499222" lbTx="278.5499706" tId="1" fbRx="278.5499772" lbRx="0" />
<p fId="2" fbTx="278.5499222" lbTx="278.5499706" tId="1" fbRx="278.5499772" lbRx="0" />
<p fId="2" fbTx="278.5499776" lbTx="278.5500261" tId="0" fbRx="278.5500326" lbRx="0" />
<p fId="2" fbTx="278.5499776" lbTx="278.5500261" tId="1" fbRx="278.5500326" lbRx="0" />
<p fId="2" fbTx="278.5499776" lbTx="278.5500261" tId="1" fbRx="278.5500326" lbRx="0" />
<p fId="2" fbTx="278.550039" lbTx="278.5500875" tId="0" fbRx="278.5500941" lbRx="0" />
<p fId="2" fbTx="278.550039" lbTx="278.5500875" tId="1" fbRx="278.5500941" lbRx="0" />
<p fId="2" fbTx="278.550039" lbTx="278.5500875" tId="1" fbRx="278.5500941" lbRx="0" />
<p fId="2" fbTx="278.5500945" lbTx="278.550143" tId="0" fbRx="278.5501495" lbRx="0" />
<p fId="2" fbTx="278.5500945" lbTx="278.550143" tId="1" fbRx="278.5501495" lbRx="0" />
<p fId="2" fbTx="278.5500945" lbTx="278.550143" tId="1" fbRx="278.5501495" lbRx="0" />
<p fId="2" fbTx="278.5501509" lbTx="278.5501994" tId="0" fbRx="278.550206" lbRx="0" />
<p fId="2" fbTx="278.5501509" lbTx="278.5501994" tId="1" fbRx="278.550206" lbRx="0" />
<p fId="2" fbTx="278.5501509" lbTx="278.5501994" tId="1" fbRx="278.550206" lbRx="0" />
<p fId="2" fbTx="278.5502074" lbTx="278.5502558" tId="0" fbRx="278.5502624" lbRx="0" />
<p fId="2" fbTx="278.5502074" lbTx="278.5502558" tId="1" fbRx="278.5502624" lbRx="0" />
<p fId="2" fbTx="278.5502074" lbTx="278.5502558" tId="1" fbRx="278.5502624" lbRx="0" />
<p fId="2" fbTx="278.5502748" lbTx="278.5503233" tId="0" fbRx="278.5503298" lbRx="0" />
<p fId="2" fbTx="278.5502748" lbTx="278.5503233" tId="1" fbRx="278.5503298" lbRx="0" />
<p fId="2" fbTx="278.5502748" lbTx="278.5503233" tId="1" fbRx="278.5503298" lbRx="0" />
<p fId="2" fbTx="278.5503302" lbTx="278.5503787" tId="0" fbRx="278.5503853" lbRx="0" />
<p fId="2" fbTx="278.5503302" lbTx="278.5503787" tId="1" fbRx="278.5503853" lbRx="0" />
<p fId="2" fbTx="278.5503302" lbTx="278.5503787" tId="1" fbRx="278.5503853" lbRx="0" />
<p fId="2" fbTx="278.5503877" lbTx="278.5504362" tId="0" fbRx="278.5504427" lbRx="0" />
<p fId="2" fbTx="278.5503877" lbTx="278.5504362" tId="1" fbRx="278.5504427" lbRx="0" />
<p fId="2" fbTx="278.5503877" lbTx="278.5504362" tId="1" fbRx="278.5504427" lbRx="0" />
<p fId="2" fbTx="278.5504431" lbTx="278.5504916" tId="0" fbRx="278.5504982" lbRx="0" />
<p fId="2" fbTx="278.5504431" lbTx="278.5504916" tId="1" fbRx="278.5504982" lbRx="0" />
<p fId="2" fbTx="278.5504431" lbTx="278.5504916" tId="1" fbRx="278.5504982" lbRx="0" />
<p fId="2" fbTx="278.5505036" lbTx="278.550552" tId="0" fbRx="278.5505586" lbRx="0" />
<p fId="2" fbTx="278.5505036" lbTx="278.550552" tId="1" fbRx="278.5505586" lbRx="0" />
<p fId="2" fbTx="278.5505036" lbTx="278.550552" tId="1" fbRx="278.5505586" lbRx="0" />
<p fId="2" fbTx="278.550562" lbTx="278.5506105" tId="0" fbRx="278.550617" lbRx="0" />
<p fId="2" fbTx="278.550562" lbTx="278.5506105" tId="1" fbRx="278.550617" lbRx="0" />
<p fId="2" fbTx="278.550562" lbTx="278.5506105" tId="1" fbRx="278.550617" lbRx="0" />
<p fId="2" fbTx="278.5506304" lbTx="278.5506789" tId="0" fbRx="278.5506855" lbRx="0" />
<p fId="2" fbTx="278.5506304" lbTx="278.5506789" tId="1" fbRx="278.5506855" lbRx="0" />
<p fId="2" fbTx="278.5506304" lbTx="278.5506789" tId="1" fbRx="278.5506855" lbRx="0" />
<p fId="2" fbTx="278.5506889" lbTx="278.5507374" tId="0" fbRx="278.5507439" lbRx="0" />
<p fId="2" fbTx="278.5506889" lbTx="278.5507374" tId="1" fbRx="278.5507439" lbRx="0" />
<p fId="2" fbTx="278.5506889" lbTx="278.5507374" tId="1" fbRx="278.5507439" lbRx="0" />
<p fId="2" fbTx="278.5507483" lbTx="278.5507968" tId="0" fbRx="278.5508034" lbRx="0" />
<p fId="2" fbTx="278.5507483" lbTx="278.5507968" tId="1" fbRx="278.5508034" lbRx="0" />
<p fId="2" fbTx="278.5507483" lbTx="278.5507968" tId="1" fbRx="278.5508034" lbRx="0" />
<p fId="2" fbTx="278.5508048" lbTx="278.5508532" tId="0" fbRx="278.5508598" lbRx="0" />
<p fId="2" fbTx="278.5508048" lbTx="278.5508532" tId="1" fbRx="278.5508598" lbRx="0" />
<p fId="2" fbTx="278.5508048" lbTx="278.5508532" tId="1" fbRx="278.5508598" lbRx="0" />
<p fId="2" fbTx="278.5508702" lbTx="278.5509187" tId="0" fbRx="278.5509252" lbRx="0" />
<p fId="2" fbTx="278.5508702" lbTx="278.5509187" tId="1" fbRx="278.5509252" lbRx="0" />
<p fId="2" fbTx="278.5508702" lbTx="278.5509187" tId="1" fbRx="278.5509252" lbRx="0" />
<p fId="2" fbTx="278.5509256" lbTx="278.5509741" tId="0" fbRx="278.5509807" lbRx="0" />
<p fId="2" fbTx="278.5509256" lbTx="278.5509741" tId="1" fbRx="278.5509807" lbRx="0" />
<p fId="2" fbTx="278.5509256" lbTx="278.5509741" tId="1" fbRx="278.5509807" lbRx="0" />
<p fId="2" fbTx="278.5509901" lbTx="278.5510386" tId="0" fbRx="278.5510451" lbRx="0" />
<p fId="2" fbTx="278.5509901" lbTx="278.5510386" tId="1" fbRx="278.5510451" lbRx="0" />
<p fId="2" fbTx="278.5509901" lbTx="278.5510386" tId="1" fbRx="278.5510451" lbRx="0" />
<p fId="2" fbTx="278.5510505" lbTx="278.551099" tId="0" fbRx="278.5511056" lbRx="0" />
<p fId="2" fbTx="278.5510505" lbTx="278.551099" tId="1" fbRx="278.5511056" lbRx="0" />
<p fId="2" fbTx="278.5510505" lbTx="278.551099" tId="1" fbRx="278.5511056" lbRx="0" />
<p fId="2" fbTx="278.551107" lbTx="278.5511554" tId="0" fbRx="278.551162" lbRx="0" />
<p fId="2" fbTx="278.551107" lbTx="278.5511554" tId="1" fbRx="278.551162" lbRx="0" />
<p fId="2" fbTx="278.551107" lbTx="278.5511554" tId="1" fbRx="278.551162" lbRx="0" />
<p fId="2" fbTx="278.5511714" lbTx="278.5512199" tId="0" fbRx="278.5512264" lbRx="0" />
<p fId="2" fbTx="278.5511714" lbTx="278.5512199" tId="1" fbRx="278.5512264" lbRx="0" />
<p fId="2" fbTx="278.5511714" lbTx="278.5512199" tId="1" fbRx="278.5512264" lbRx="0" />
<p fId="2" fbTx="278.5512268" lbTx="278.5512753" tId="0" fbRx="278.5512819" lbRx="0" />
<p fId="2" fbTx="278.5512268" lbTx="278.5512753" tId="1" fbRx="278.5512819" lbRx="0" />
<p fId="2" fbTx="278.5512268" lbTx="278.5512753" tId="1" fbRx="278.5512819" lbRx="0" />
<p fId="2" fbTx="278.5512903" lbTx="278.5513388" tId="0" fbRx="278.5513453" lbRx="0" />
<p fId="2" fbTx="278.5512903" lbTx="278.5513388" tId="1" fbRx="278.5513453" lbRx="0" />
<p fId="2" fbTx="278.5512903" lbTx="278.5513388" tId="1" fbRx="278.5513453" lbRx="0" />
<p fId="2" fbTx="278.5513467" lbTx="278.5513952" tId="0" fbRx="278.5514018" lbRx="0" />
<p fId="2" fbTx="278.5513467" lbTx="278.5513952" tId="1" fbRx="278.5514018" lbRx="0" />
<p fId="2" fbTx="278.5513467" lbTx="278.5513952" tId="1" fbRx="278.5514018" lbRx="0" />
<p fId="2" fbTx="278.5514122" lbTx="278.5514606" tId="0" fbRx="278.5514672" lbRx="0" />
<p fId="2" fbTx="278.5514122" lbTx="278.5514606" tId="1" fbRx="278.5514672" lbRx="0" />
<p fId="2" fbTx="278.5514122" lbTx="278.5514606" tId="1" fbRx="278.5514672" lbRx="0" />
<p fId="2" fbTx="278.5514686" lbTx="278.5515171" tId="0" fbRx="278.5515236" lbRx="0" />
<p fId="2" fbTx="278.5514686" lbTx="278.5515171" tId="1" fbRx="278.5515236" lbRx="0" />
<p fId="2" fbTx="278.5514686" lbTx="278.5515171" tId="1" fbRx="278.5515236" lbRx="0" />
<p fId="2" fbTx="278.551525" lbTx="278.5515735" tId="0" fbRx="278.5515801" lbRx="0" />
<p fId="2" fbTx="278.551525" lbTx="278.5515735" tId="1" fbRx="278.5515801" lbRx="0" />
<p fId="2" fbTx="278.551525" lbTx="278.5515735" tId="1" fbRx="278.5515801" lbRx="0" />
<p fId="2" fbTx="278.5515815" lbTx="278.55163" tId="0" fbRx="278.5516365" lbRx="0" />
<p fId="2" fbTx="278.5515815" lbTx="278.55163" tId="1" fbRx="278.5516365" lbRx="0" />
<p fId="2" fbTx="278.5515815" lbTx="278.55163" tId="1" fbRx="278.5516365" lbRx="0" />
<p fId="2" fbTx="278.5516459" lbTx="278.5516944" tId="0" fbRx="278.551701" lbRx="0" />
<p fId="2" fbTx="278.5516459" lbTx="278.5516944" tId="1" fbRx="278.551701" lbRx="0" />
<p fId="2" fbTx="278.5516459" lbTx="278.5516944" tId="1" fbRx="278.551701" lbRx="0" />
<p fId="2" fbTx="278.5517014" lbTx="278.5517498" tId="0" fbRx="278.5517564" lbRx="0" />
<p fId="2" fbTx="278.5517014" lbTx="278.5517498" tId="1" fbRx="278.5517564" lbRx="0" />
<p fId="2" fbTx="278.5517014" lbTx="278.5517498" tId="1" fbRx="278.5517564" lbRx="0" />
<p fId="2" fbTx="278.5517588" lbTx="278.5518073" tId="0" fbRx="278.5518138" lbRx="0" />
<p fId="2" fbTx="278.5517588" lbTx="278.5518073" tId="1" fbRx="278.5518138" lbRx="0" />
<p fId="2" fbTx="278.5517588" lbTx="278.5518073" tId="1" fbRx="278.5518138" lbRx="0" />
<p fId="2" fbTx="278.5518292" lbTx="278.5518777" tId="0" fbRx="278.5518843" lbRx="0" />
<p fId="2" fbTx="278.5518292" lbTx="278.5518777" tId="1" fbRx="278.5518843" lbRx="0" />
<p fId="2" fbTx="278.5518292" lbTx="278.5518777" tId="1" fbRx="278.5518843" lbRx="0" />
<p fId="2" fbTx="278.5518887" lbTx="278.5519372" tId="0" fbRx="278.5519437" lbRx="0" />
<p fId="2" fbTx="278.5518887" lbTx="278.5519372" tId="1" fbRx="278.5519437" lbRx="0" />
<p fId="2" fbTx="278.5518887" lbTx="278.5519372" tId="1" fbRx="278.5519437" lbRx="0" />
<p fId="2" fbTx="278.5519541" lbTx="278.5520026" tId="0" fbRx="278.5520092" lbRx="0" />
<p fId="2" fbTx="278.5519541" lbTx="278.5520026" tId="1" fbRx="278.5520092" lbRx="0" />
<p fId="2" fbTx="278.5519541" lbTx="278.5520026" tId="1" fbRx="278.5520092" lbRx="0" />
<p fId="2" fbTx="278.5520096" lbTx="278.552058" tId="0" fbRx="278.5520646" lbRx="0" />
<p fId="2" fbTx="278.5520096" lbTx="278.552058" tId="1" fbRx="278.5520646" lbRx="0" />
<p fId="2" fbTx="278.5520096" lbTx="278.552058" tId="1" fbRx="278.5520646" lbRx="0" />
<p fId="2" fbTx="278.552065" lbTx="278.5521135" tId="0" fbRx="278.55212" lbRx="0" />
<p fId="2" fbTx="278.552065" lbTx="278.5521135" tId="1" fbRx="278.55212" lbRx="0" />
<p fId="2" fbTx="278.552065" lbTx="278.5521135" tId="1" fbRx="278.55212" lbRx="0" />
<p fId="1" fbTx="278.5521225" lbTx="278.5521281" tId="0" fbRx="278.5521347" lbRx="0" />
<p fId="1" fbTx="278.5521225" lbTx="278.5521281" tId="2" fbRx="278.5521347" lbRx="0" />
<p fId="1" fbTx="278.5521225" lbTx="278.5521281" tId="2" fbRx="278.5521347" lbRx="0" />
<p fId="1" fbTx="278.5521351" lbTx="278.5521407" tId="0" fbRx="278.5521472" lbRx="0" />
<p fId="1" fbTx="278.5521351" lbTx="278.5521407" tId="2" fbRx="278.5521472" lbRx="0" />
<p fId="1" fbTx="278.5521351" lbTx="278.5521407" tId="2" fbRx="278.5521472" lbRx="0" />
<p fId="1" fbTx="278.5521486" lbTx="278.5521542" tId="0" fbRx="278.5521608" lbRx="0" />
<p fId="1" fbTx="278.5521486" lbTx="278.5521542" tId="2" fbRx="278.5521608" lbRx="0" />
<p fId="1" fbTx="278.5521486" lbTx="278.5521542" tId="2" fbRx="278.5521608" lbRx="0" />
<p fId="1" fbTx="278.5521632" lbTx="278.5521688" tId="0" fbRx="278.5521754" lbRx="0" />
<p fId="1" fbTx="278.5521632" lbTx="278.5521688" tId="2" fbRx="278.5521754" lbRx="0" />
<p fId="1" fbTx="278.5521632" lbTx="278.5521688" tId="2" fbRx="278.5521754" lbRx="0" />
<p fId="1" fbTx="278.5521778" lbTx="278.5521834" tId="0" fbRx="278.5521899" lbRx="0" />
<p fId="1" fbTx="278.5521778" lbTx="278.5521834" tId="2" fbRx="278.5521899" lbRx="0" />
<p fId="1" fbTx="278.5521778" lbTx="278.5521834" tId="2" fbRx="278.5521899" lbRx="0" />
<p fId="1" fbTx="278.5521943" lbTx="278.5521999" tId="0" fbRx="278.5522065" lbRx="0" />
<p fId="1" fbTx="278.5521943" lbTx="278.5521999" tId="2" fbRx="278.5522065" lbRx="0" />
<p fId="1" fbTx="278.5521943" lbTx="278.5521999" tId="2" fbRx="278.5522065" lbRx="0" />
<p fId="1" fbTx="278.5522089" lbTx="278.5522145" tId="0" fbRx="278.552221" lbRx="0" />
<p fId="1" fbTx="278.5522089" lbTx="278.5522145" tId="2" fbRx="278.552221" lbRx="0" />
<p fId="1" fbTx="278.5522089" lbTx="278.5522145" tId="2" fbRx="278.552221" lbRx="0" />
<p fId="1" fbTx="278.5522274" lbTx="278.552233" tId="0" fbRx="278.5522396" lbRx="0" />
<p fId="1" fbTx="278.5522274" lbTx="278.552233" tId="2" fbRx="278.5522396" lbRx="0" />
<p fId="1" fbTx="278.5522274" lbTx="278.552233" tId="2" fbRx="278.5522396" lbRx="0" />
<p fId="1" fbTx="278.552241" lbTx="278.5522466" tId="0" fbRx="278.5522532" lbRx="0" />
<p fId="1" fbTx="278.552241" lbTx="278.5522466" tId="2" fbRx="278.5522532" lbRx="0" />
<p fId="1" fbTx="278.552241" lbTx="278.5522466" tId="2" fbRx="278.5522532" lbRx="0" />
<p fId="1" fbTx="278.5522536" lbTx="278.5522592" tId="0" fbRx="278.5522657" lbRx="0" />
<p fId="1" fbTx="278.5522536" lbTx="278.5522592" tId="2" fbRx="278.5522657" lbRx="0" />
<p fId="1" fbTx="278.5522536" lbTx="278.5522592" tId="2" fbRx="278.5522657" lbRx="0" />
<p fId="1" fbTx="278.5522701" lbTx="278.5522757" tId="0" fbRx="278.5522823" lbRx="0" />
<p fId="1" fbTx="278.5522701" lbTx="278.5522757" tId="2" fbRx="278.5522823" lbRx="0" />
<p fId="1" fbTx="278.5522701" lbTx="278.5522757" tId="2" fbRx="278.5522823" lbRx="0" />
<p fId="1" fbTx="278.5522857" lbTx="278.5522913" tId="0" fbRx="278.5522978" lbRx="0" />
<p fId="1" fbTx="278.5522857" lbTx="278.5522913" tId="2" fbRx="278.5522978" lbRx="0" />
<p fId="1" fbTx="278.5522857" lbTx="278.5522913" tId="2" fbRx="278.5522978" lbRx="0" />
<p fId="1" fbTx="278.5523012" lbTx="278.5523068" tId="0" fbRx="278.5523134" lbRx="0" />
<p fId="1" fbTx="278.5523012" lbTx="278.5523068" tId="2" fbRx="278.5523134" lbRx="0" />
<p fId="1" fbTx="278.5523012" lbTx="278.5523068" tId="2" fbRx="278.5523134" lbRx="0" />
<p fId="1" fbTx="278.5523198" lbTx="278.5523254" tId="0" fbRx="278.552332" lbRx="0" />
<p fId="1" fbTx="278.5523198" lbTx="278.5523254" tId="2" fbRx="278.552332" lbRx="0" />
<p fId="1" fbTx="278.5523198" lbTx="278.5523254" tId="2" fbRx="278.552332" lbRx="0" />
<p fId="1" fbTx="278.5523394" lbTx="278.552345" tId="0" fbRx="278.5523515" lbRx="0" />
<p fId="1" fbTx="278.5523394" lbTx="278.552345" tId="2" fbRx="278.5523515" lbRx="0" />
<p fId="1" fbTx="278.5523394" lbTx="278.552345" tId="2" fbRx="278.5523515" lbRx="0" />
<p fId="1" fbTx="278.5523519" lbTx="278.5523575" tId="0" fbRx="278.5523641" lbRx="0" />
<p fId="1" fbTx="278.5523519" lbTx="278.5523575" tId="2" fbRx="278.5523641" lbRx="0" />
<p fId="1" fbTx="278.5523519" lbTx="278.5523575" tId="2" fbRx="278.5523641" lbRx="0" />
<p fId="1" fbTx="278.5523675" lbTx="278.5523731" tId="0" fbRx="278.5523796" lbRx="0" />
<p fId="1" fbTx="278.5523675" lbTx="278.5523731" tId="2" fbRx="278.5523796" lbRx="0" />
<p fId="1" fbTx="278.5523675" lbTx="278.5523731" tId="2" fbRx="278.5523796" lbRx="0" />
<p fId="1" fbTx="278.552382" lbTx="278.5523876" tId="0" fbRx="278.5523942" lbRx="0" />
<p fId="1" fbTx="278.552382" lbTx="278.5523876" tId="2" fbRx="278.5523942" lbRx="0" />
<p fId="1" fbTx="278.552382" lbTx="278.5523876" tId="2" fbRx="278.5523942" lbRx="0" />
<p fId="1" fbTx="278.5523976" lbTx="278.5524032" tId="0" fbRx="278.5524098" lbRx="0" />
<p fId="1" fbTx="278.5523976" lbTx="278.5524032" tId="2" fbRx="278.5524098" lbRx="0" />
<p fId="1" fbTx="278.5523976" lbTx="278.5524032" tId="2" fbRx="278.5524098" lbRx="0" />
<p fId="1" fbTx="278.5524102" lbTx="278.5524158" tId="0" fbRx="278.5524223" lbRx="0" />
<p fId="1" fbTx="278.5524102" lbTx="278.5524158" tId="2" fbRx="278.5524223" lbRx="0" />
<p fId="1" fbTx="278.5524102" lbTx="278.5524158" tId="2" fbRx="278.5524223" lbRx="0" />
<p fId="1" fbTx="278.5524317" lbTx="278.5524373" tId="0" fbRx="278.5524439" lbRx="0" />
<p fId="1" fbTx="278.5524317" lbTx="278.5524373" tId="2" fbRx="278.5524439" lbRx="0" />
<p fId="1" fbTx="278.5524317" lbTx="278.5524373" tId="2" fbRx="278.5524439" lbRx="0" />
<p fId="1" fbTx="278.5524443" lbTx="278.5524499" tId="0" fbRx="278.5524564" lbRx="0" />
<p fId="1" fbTx="278.5524443" lbTx="278.5524499" tId="2" fbRx="278.5524564" lbRx="0" />
<p fId="1" fbTx="278.5524443" lbTx="278.5524499" tId="2" fbRx="278.5524564" lbRx="0" />
<p fId="1" fbTx="278.5524628" lbTx="278.5524684" tId="0" fbRx="278.552475" lbRx="0" />
<p fId="1" fbTx="278.5524628" lbTx="278.5524684" tId="2" fbRx="278.552475" lbRx="0" />
<p fId="1" fbTx="278.5524628" lbTx="278.5524684" tId="2" fbRx="278.552475" lbRx="0" />
<p fId="1" fbTx="278.5524784" lbTx="278.552484" tId="0" fbRx="278.5524906" lbRx="0" />
<p fId="1" fbTx="278.5524784" lbTx="278.552484" tId="2" fbRx="278.5524906" lbRx="0" />
<p fId="1" fbTx="278.5524784" lbTx="278.552484" tId="2" fbRx="278.5524906" lbRx="0" />
<p fId="1" fbTx="278.552491" lbTx="278.5524966" tId="0" fbRx="278.5525031" lbRx="0" />
<p fId="1" fbTx="278.552491" lbTx="278.5524966" tId="2" fbRx="278.5525031" lbRx="0" />
<p fId="1" fbTx="278.552491" lbTx="278.5524966" tId="2" fbRx="278.5525031" lbRx="0" />
<p fId="2" fbTx="278.5525034" lbTx="278.5525519" tId="0" fbRx="278.5525585" lbRx="0" />
<p fId="2" fbTx="278.5525034" lbTx="278.5525519" tId="1" fbRx="278.5525585" lbRx="0" />
<p fId="2" fbTx="278.5525034" lbTx="278.5525519" tId="1" fbRx="278.5525585" lbRx="0" />
<p fId="1" fbTx="278.5525665" lbTx="278.5525721" tId="0" fbRx="278.5525787" lbRx="0" />
<p fId="1" fbTx="278.5525665" lbTx="278.5525721" tId="2" fbRx="278.5525787" lbRx="0" />
<p fId="1" fbTx="278.5525665" lbTx="278.5525721" tId="2" fbRx="278.5525787" lbRx="0" />
<p fId="1" fbTx="278.5525791" lbTx="278.5525847" tId="0" fbRx="278.5525912" lbRx="0" />
<p fId="1" fbTx="278.5525791" lbTx="278.5525847" tId="2" fbRx="278.5525912" lbRx="0" />
<p fId="1" fbTx="278.5525791" lbTx="278.5525847" tId="2" fbRx="278.5525912" lbRx="0" />
<p fId="1" fbTx="278.5525936" lbTx="278.5525992" tId="0" fbRx="278.5526058" lbRx="0" />
<p fId="1" fbTx="278.5525936" lbTx="278.5525992" tId="2" fbRx="278.5526058" lbRx="0" />
<p fId="1" fbTx="278.5525936" lbTx="278.5525992" tId="2" fbRx="278.5526058" lbRx="0" />
<p fId="1" fbTx="278.5526072" lbTx="278.5526128" tId="0" fbRx="278.5526194" lbRx="0" />
<p fId="1" fbTx="278.5526072" lbTx="278.5526128" tId="2" fbRx="278.5526194" lbRx="0" />
<p fId="1" fbTx="278.5526072" lbTx="278.5526128" tId="2" fbRx="278.5526194" lbRx="0" />
<p fId="1" fbTx="278.5526208" lbTx="278.5526264" tId="0" fbRx="278.5526329" lbRx="0" />
<p fId="1" fbTx="278.5526208" lbTx="278.5526264" tId="2" fbRx="278.5526329" lbRx="0" />
<p fId="1" fbTx="278.5526208" lbTx="278.5526264" tId="2" fbRx="278.5526329" lbRx="0" />
<p fId="1" fbTx="278.5526433" lbTx="278.5526489" tId="0" fbRx="278.5526555" lbRx="0" />
<p fId="1" fbTx="278.5526433" lbTx="278.5526489" tId="2" fbRx="278.5526555" lbRx="0" />
<p fId="1" fbTx="278.5526433" lbTx="278.5526489" tId="2" fbRx="278.5526555" lbRx="0" />
<p fId="2" fbTx="278.5526569" lbTx="278.5527054" tId="0" fbRx="278.5527119" lbRx="0" />
<p fId="2" fbTx="278.5526569" lbTx="278.5527054" tId="1" fbRx="278.5527119" lbRx="0" />
<p fId="2" fbTx="278.5526569" lbTx="278.5527054" tId="1" fbRx="278.5527119" lbRx="0" />
<p fId="2" fbTx="278.5527143" lbTx="278.5527628" tId="0" fbRx="278.5527694" lbRx="0" />
<p fId="2" fbTx="278.5527143" lbTx="278.5527628" tId="1" fbRx="278.5527694" lbRx="0" />
<p fId="2" fbTx="278.5527143" lbTx="278.5527628" tId="1" fbRx="278.5527694" lbRx="0" />
<p fId="2" fbTx="278.5527718" lbTx="278.5528202" tId="0" fbRx="278.5528268" lbRx="0" />
<p fId="2" fbTx="278.5527718" lbTx="278.5528202" tId="1" fbRx="278.5528268" lbRx="0" />
<p fId="2" fbTx="278.5527718" lbTx="278.5528202" tId="1" fbRx="278.5528268" lbRx="0" />
<p fId="2" fbTx="278.5528282" lbTx="278.5528767" tId="0" fbRx="278.5528832" lbRx="0" />
<p fId="2" fbTx="278.5528282" lbTx="278.5528767" tId="1" fbRx="278.5528832" lbRx="0" />
<p fId="2" fbTx="278.5528282" lbTx="278.5528767" tId="1" fbRx="278.5528832" lbRx="0" />
<p fId="2" fbTx="278.5528856" lbTx="278.5529341" tId="0" fbRx="278.5529407" lbRx="0" />
<p fId="2" fbTx="278.5528856" lbTx="278.5529341" tId="1" fbRx="278.5529407" lbRx="0" />
<p fId="2" fbTx="278.5528856" lbTx="278.5529341" tId="1" fbRx="278.5529407" lbRx="0" />
<p fId="2" fbTx="278.5529541" lbTx="278.5530026" tId="0" fbRx="278.5530091" lbRx="0" />
<p fId="2" fbTx="278.5529541" lbTx="278.5530026" tId="1" fbRx="278.5530091" lbRx="0" />
<p fId="2" fbTx="278.5529541" lbTx="278.5530026" tId="1" fbRx="278.5530091" lbRx="0" />
<p fId="2" fbTx="278.5530135" lbTx="278.553062" tId="0" fbRx="278.5530686" lbRx="0" />
<p fId="2" fbTx="278.5530135" lbTx="278.553062" tId="1" fbRx="278.5530686" lbRx="0" />
<p fId="2" fbTx="278.5530135" lbTx="278.553062" tId="1" fbRx="278.5530686" lbRx="0" />
<p fId="2" fbTx="278.553069" lbTx="278.5531174" tId="0" fbRx="278.553124" lbRx="0" />
<p fId="2" fbTx="278.553069" lbTx="278.5531174" tId="1" fbRx="278.553124" lbRx="0" />
<p fId="2" fbTx="278.553069" lbTx="278.5531174" tId="1" fbRx="278.553124" lbRx="0" />
<p fId="2" fbTx="278.5531334" lbTx="278.5531819" tId="0" fbRx="278.5531884" lbRx="0" />
<p fId="2" fbTx="278.5531334" lbTx="278.5531819" tId="1" fbRx="278.5531884" lbRx="0" />
<p fId="2" fbTx="278.5531334" lbTx="278.5531819" tId="1" fbRx="278.5531884" lbRx="0" />
<p fId="2" fbTx="278.5531898" lbTx="278.5532383" tId="0" fbRx="278.5532449" lbRx="0" />
<p fId="2" fbTx="278.5531898" lbTx="278.5532383" tId="1" fbRx="278.5532449" lbRx="0" />
<p fId="2" fbTx="278.5531898" lbTx="278.5532383" tId="1" fbRx="278.5532449" lbRx="0" />
<p fId="2" fbTx="278.5532463" lbTx="278.5532948" tId="0" fbRx="278.5533013" lbRx="0" />
<p fId="2" fbTx="278.5532463" lbTx="278.5532948" tId="1" fbRx="278.5533013" lbRx="0" />
<p fId="2" fbTx="278.5532463" lbTx="278.5532948" tId="1" fbRx="278.5533013" lbRx="0" />
<p fId="2" fbTx="278.5533037" lbTx="278.5533522" tId="0" fbRx="278.5533588" lbRx="0" />
<p fId="2" fbTx="278.5533037" lbTx="278.5533522" tId="1" fbRx="278.5533588" lbRx="0" />
<p fId="2" fbTx="278.5533037" lbTx="278.5533522" tId="1" fbRx="278.5533588" lbRx="0" />
<p fId="2" fbTx="278.5533612" lbTx="278.5534096" tId="0" fbRx="278.5534162" lbRx="0" />
<p fId="2" fbTx="278.5533612" lbTx="278.5534096" tId="1" fbRx="278.5534162" lbRx="0" />
<p fId="2" fbTx="278.5533612" lbTx="278.5534096" tId="1" fbRx="278.5534162" lbRx="0" />
<p fId="2" fbTx="278.5534196" lbTx="278.5534681" tId="0" fbRx="278.5534746" lbRx="0" />
<p fId="2" fbTx="278.5534196" lbTx="278.5534681" tId="1" fbRx="278.5534746" lbRx="0" />
<p fId="2" fbTx="278.5534196" lbTx="278.5534681" tId="1" fbRx="278.5534746" lbRx="0" />
<p fId="2" fbTx="278.553477" lbTx="278.5535255" tId="0" fbRx="278.5535321" lbRx="0" />
<p fId="2" fbTx="278.553477" lbTx="278.5535255" tId="1" fbRx="278.5535321" lbRx="0" />
<p fId="2" fbTx="278.553477" lbTx="278.5535255" tId="1" fbRx="278.5535321" lbRx="0" />
<p fId="2" fbTx="278.5535335" lbTx="278.553582" tId="0" fbRx="278.5535885" lbRx="0" />
<p fId="2" fbTx="278.5535335" lbTx="278.553582" tId="1" fbRx="278.5535885" lbRx="0" />
<p fId="2" fbTx="278.5535335" lbTx="278.553582" tId="1" fbRx="278.5535885" lbRx="0" />
<p fId="2" fbTx="278.5535959" lbTx="278.5536444" tId="0" fbRx="278.553651" lbRx="0" />
<p fId="2" fbTx="278.5535959" lbTx="278.5536444" tId="1" fbRx="278.553651" lbRx="0" />
<p fId="2" fbTx="278.5535959" lbTx="278.5536444" tId="1" fbRx="278.553651" lbRx="0" />
<p fId="2" fbTx="278.5536524" lbTx="278.5537008" tId="0" fbRx="278.5537074" lbRx="0" />
<p fId="2" fbTx="278.5536524" lbTx="278.5537008" tId="1" fbRx="278.5537074" lbRx="0" />
<p fId="2" fbTx="278.5536524" lbTx="278.5537008" tId="1" fbRx="278.5537074" lbRx="0" />
<p fId="2" fbTx="278.5537128" lbTx="278.5537613" tId="0" fbRx="278.5537678" lbRx="0" />
<p fId="2" fbTx="278.5537128" lbTx="278.5537613" tId="1" fbRx="278.5537678" lbRx="0" />
<p fId="2" fbTx="278.5537128" lbTx="278.5537613" tId="1" fbRx="278.5537678" lbRx="0" />
<p fId="2" fbTx="278.5537682" lbTx="278.5538167" tId="0" fbRx="278.5538233" lbRx="0" />
<p fId="2" fbTx="278.5537682" lbTx="278.5538167" tId="1" fbRx="278.5538233" lbRx="0" />
<p fId="2" fbTx="278.5537682" lbTx="278.5538167" tId="1" fbRx="278.5538233" lbRx="0" />
<p fId="2" fbTx="278.5538287" lbTx="278.5538772" tId="0" fbRx="278.5538837" lbRx="0" />
<p fId="2" fbTx="278.5538287" lbTx="278.5538772" tId="1" fbRx="278.5538837" lbRx="0" />
<p fId="2" fbTx="278.5538287" lbTx="278.5538772" tId="1" fbRx="278.5538837" lbRx="0" />
<p fId="2" fbTx="278.5538861" lbTx="278.5539346" tId="0" fbRx="278.5539412" lbRx="0" />
<p fId="2" fbTx="278.5538861" lbTx="278.5539346" tId="1" fbRx="278.5539412" lbRx="0" />
<p fId="2" fbTx="278.5538861" lbTx="278.5539346" tId="1" fbRx="278.5539412" lbRx="0" />
<p fId="2" fbTx="278.5539516" lbTx="278.554" tId="0" fbRx="278.5540066" lbRx="0" />
<p fId="2" fbTx="278.5539516" lbTx="278.554" tId="1" fbRx="278.5540066" lbRx="0" />
<p fId="2" fbTx="278.5539516" lbTx="278.554" tId="1" fbRx="278.5540066" lbRx="0" />
<p fId="2" fbTx="278.554008" lbTx="278.5540565" tId="0" fbRx="278.554063" lbRx="0" />
<p fId="2" fbTx="278.554008" lbTx="278.5540565" tId="1" fbRx="278.554063" lbRx="0" />
<p fId="2" fbTx="278.554008" lbTx="278.5540565" tId="1" fbRx="278.554063" lbRx="0" />
<p fId="2" fbTx="278.5540634" lbTx="278.5541119" tId="0" fbRx="278.5541185" lbRx="0" />
<p fId="2" fbTx="278.5540634" lbTx="278.5541119" tId="1" fbRx="278.5541185" lbRx="0" />
<p fId="2" fbTx="278.5540634" lbTx="278.5541119" tId="1" fbRx="278.5541185" lbRx="0" />
<p fId="2" fbTx="278.5541209" lbTx="278.5541694" tId="0" fbRx="278.5541759" lbRx="0" />
<p fId="2" fbTx="278.5541209" lbTx="278.5541694" tId="1" fbRx="278.5541759" lbRx="0" />
<p fId="2" fbTx="278.5541209" lbTx="278.5541694" tId="1" fbRx="278.5541759" lbRx="0" />
<p fId="2" fbTx="278.5541863" lbTx="278.5542348" tId="0" fbRx="278.5542414" lbRx="0" />
<p fId="2" fbTx="278.5541863" lbTx="278.5542348" tId="1" fbRx="278.5542414" lbRx="0" />
<p fId="2" fbTx="278.5541863" lbTx="278.5542348" tId="1" fbRx="278.5542414" lbRx="0" />
<p fId="2" fbTx="278.5542418" lbTx="278.5542902" tId="0" fbRx="278.5542968" lbRx="0" />
<p fId="2" fbTx="278.5542418" lbTx="278.5542902" tId="1" fbRx="278.5542968" lbRx="0" />
<p fId="2" fbTx="278.5542418" lbTx="278.5542902" tId="1" fbRx="278.5542968" lbRx="0" />
<p fId="2" fbTx="278.5542982" lbTx="278.5543467" tId="0" fbRx="278.5543532" lbRx="0" />
<p fId="2" fbTx="278.5542982" lbTx="278.5543467" tId="1" fbRx="278.5543532" lbRx="0" />
<p fId="2" fbTx="278.5542982" lbTx="278.5543467" tId="1" fbRx="278.5543532" lbRx="0" />
<p fId="2" fbTx="278.5543616" lbTx="278.5544101" tId="0" fbRx="278.5544167" lbRx="0" />
<p fId="2" fbTx="278.5543616" lbTx="278.5544101" tId="1" fbRx="278.5544167" lbRx="0" />
<p fId="2" fbTx="278.5543616" lbTx="278.5544101" tId="1" fbRx="278.5544167" lbRx="0" />
<p fId="2" fbTx="278.5544201" lbTx="278.5544686" tId="0" fbRx="278.5544751" lbRx="0" />
<p fId="2" fbTx="278.5544201" lbTx="278.5544686" tId="1" fbRx="278.5544751" lbRx="0" />
<p fId="2" fbTx="278.5544201" lbTx="278.5544686" tId="1" fbRx="278.5544751" lbRx="0" />
<p fId="2" fbTx="278.5544755" lbTx="278.554524" tId="0" fbRx="278.5545306" lbRx="0" />
<p fId="2" fbTx="278.5544755" lbTx="278.554524" tId="1" fbRx="278.5545306" lbRx="0" />
<p fId="2" fbTx="278.5544755" lbTx="278.554524" tId="1" fbRx="278.5545306" lbRx="0" />
<p fId="2" fbTx="278.554534" lbTx="278.5545824" tId="0" fbRx="278.554589" lbRx="0" />
<p fId="2" fbTx="278.554534" lbTx="278.5545824" tId="1" fbRx="278.554589" lbRx="0" />
<p fId="2" fbTx="278.554534" lbTx="278.5545824" tId="1" fbRx="278.554589" lbRx="0" />
<p fId="2" fbTx="278.5545904" lbTx="278.5546389" tId="0" fbRx="278.5546454" lbRx="0" />
<p fId="2" fbTx="278.5545904" lbTx="278.5546389" tId="1" fbRx="278.5546454" lbRx="0" />
<p fId="2" fbTx="278.5545904" lbTx="278.5546389" tId="1" fbRx="278.5546454" lbRx="0" />
<p fId="2" fbTx="278.5546478" lbTx="278.5546963" tId="0" fbRx="278.5547029" lbRx="0" />
<p fId="2" fbTx="278.5546478" lbTx="278.5546963" tId="1" fbRx="278.5547029" lbRx="0" />
<p fId="2" fbTx="278.5546478" lbTx="278.5546963" tId="1" fbRx="278.5547029" lbRx="0" />
<p fId="2" fbTx="278.5547033" lbTx="278.5547518" tId="0" fbRx="278.5547583" lbRx="0" />
<p fId="2" fbTx="278.5547033" lbTx="278.5547518" tId="1" fbRx="278.5547583" lbRx="0" />
<p fId="2" fbTx="278.5547033" lbTx="278.5547518" tId="1" fbRx="278.5547583" lbRx="0" />
<p fId="2" fbTx="278.5547587" lbTx="278.5548072" tId="0" fbRx="278.5548138" lbRx="0" />
<p fId="2" fbTx="278.5547587" lbTx="278.5548072" tId="1" fbRx="278.5548138" lbRx="0" />
<p fId="2" fbTx="278.5547587" lbTx="278.5548072" tId="1" fbRx="278.5548138" lbRx="0" />
<p fId="2" fbTx="278.5548162" lbTx="278.5548646" tId="0" fbRx="278.5548712" lbRx="0" />
<p fId="2" fbTx="278.5548162" lbTx="278.5548646" tId="1" fbRx="278.5548712" lbRx="0" />
<p fId="2" fbTx="278.5548162" lbTx="278.5548646" tId="1" fbRx="278.5548712" lbRx="0" />
<p fId="2" fbTx="278.5548726" lbTx="278.5549211" tId="0" fbRx="278.5549276" lbRx="0" />
<p fId="2" fbTx="278.5548726" lbTx="278.5549211" tId="1" fbRx="278.5549276" lbRx="0" />
<p fId="2" fbTx="278.5548726" lbTx="278.5549211" tId="1" fbRx="278.5549276" lbRx="0" />
<p fId="2" fbTx="278.554928" lbTx="278.5549765" tId="0" fbRx="278.5549831" lbRx="0" />
<p fId="2" fbTx="278.554928" lbTx="278.5549765" tId="1" fbRx="278.5549831" lbRx="0" />
<p fId="2" fbTx="278.554928" lbTx="278.5549765" tId="1" fbRx="278.5549831" lbRx="0" />
<p fId="2" fbTx="278.5549835" lbTx="278.555032" tId="0" fbRx="278.5550385" lbRx="0" />
<p fId="2" fbTx="278.5549835" lbTx="278.555032" tId="1" fbRx="278.5550385" lbRx="0" />
<p fId="2" fbTx="278.5549835" lbTx="278.555032" tId="1" fbRx="278.5550385" lbRx="0" />
<p fId="2" fbTx="278.5550419" lbTx="278.5550904" tId="0" fbRx="278.555097" lbRx="0" />
<p fId="2" fbTx="278.5550419" lbTx="278.5550904" tId="1" fbRx="278.555097" lbRx="0" />
<p fId="2" fbTx="278.5550419" lbTx="278.5550904" tId="1" fbRx="278.555097" lbRx="0" />
<p fId="2" fbTx="278.5550984" lbTx="278.5551468" tId="0" fbRx="278.5551534" lbRx="0" />
<p fId="2" fbTx="278.5550984" lbTx="278.5551468" tId="1" fbRx="278.5551534" lbRx="0" />
<p fId="2" fbTx="278.5550984" lbTx="278.5551468" tId="1" fbRx="278.5551534" lbRx="0" />
<p fId="2" fbTx="278.5551538" lbTx="278.5552023" tId="0" fbRx="278.5552088" lbRx="0" />
<p fId="2" fbTx="278.5551538" lbTx="278.5552023" tId="1" fbRx="278.5552088" lbRx="0" />
<p fId="2" fbTx="278.5551538" lbTx="278.5552023" tId="1" fbRx="278.5552088" lbRx="0" />
<p fId="2" fbTx="278.5552112" lbTx="278.5552597" tId="0" fbRx="278.5552663" lbRx="0" />
<p fId="2" fbTx="278.5552112" lbTx="278.5552597" tId="1" fbRx="278.5552663" lbRx="0" />
<p fId="2" fbTx="278.5552112" lbTx="278.5552597" tId="1" fbRx="278.5552663" lbRx="0" />
<p fId="2" fbTx="278.5552667" lbTx="278.5553152" tId="0" fbRx="278.5553217" lbRx="0" />
<p fId="2" fbTx="278.5552667" lbTx="278.5553152" tId="1" fbRx="278.5553217" lbRx="0" />
<p fId="2" fbTx="278.5552667" lbTx="278.5553152" tId="1" fbRx="278.5553217" lbRx="0" />
<p fId="2" fbTx="278.5553231" lbTx="278.5553716" tId="0" fbRx="278.5553782" lbRx="0" />
<p fId="2" fbTx="278.5553231" lbTx="278.5553716" tId="1" fbRx="278.5553782" lbRx="0" />
<p fId="2" fbTx="278.5553231" lbTx="278.5553716" tId="1" fbRx="278.5553782" lbRx="0" />
<p fId="2" fbTx="278.5553786" lbTx="278.555427" tId="0" fbRx="278.5554336" lbRx="0" />
<p fId="2" fbTx="278.5553786" lbTx="278.555427" tId="1" fbRx="278.5554336" lbRx="0" />
<p fId="2" fbTx="278.5553786" lbTx="278.555427" tId="1" fbRx="278.5554336" lbRx="0" />
<p fId="2" fbTx="278.555434" lbTx="278.5554825" tId="0" fbRx="278.555489" lbRx="0" />
<p fId="2" fbTx="278.555434" lbTx="278.5554825" tId="1" fbRx="278.555489" lbRx="0" />
<p fId="2" fbTx="278.555434" lbTx="278.5554825" tId="1" fbRx="278.555489" lbRx="0" />
<p fId="2" fbTx="278.5554894" lbTx="278.5555379" tId="0" fbRx="278.5555445" lbRx="0" />
<p fId="2" fbTx="278.5554894" lbTx="278.5555379" tId="1" fbRx="278.5555445" lbRx="0" />
<p fId="2" fbTx="278.5554894" lbTx="278.5555379" tId="1" fbRx="278.5555445" lbRx="0" />
<p fId="2" fbTx="278.5555539" lbTx="278.5556024" tId="0" fbRx="278.5556089" lbRx="0" />
<p fId="2" fbTx="278.5555539" lbTx="278.5556024" tId="1" fbRx="278.5556089" lbRx="0" />
<p fId="2" fbTx="278.5555539" lbTx="278.5556024" tId="1" fbRx="278.5556089" lbRx="0" />
<p fId="2" fbTx="278.5556103" lbTx="278.5556588" tId="0" fbRx="278.5556654" lbRx="0" />
<p fId="2" fbTx="278.5556103" lbTx="278.5556588" tId="1" fbRx="278.5556654" lbRx="0" />
<p fId="2" fbTx="278.5556103" lbTx="278.5556588" tId="1" fbRx="278.5556654" lbRx="0" />
<p fId="2" fbTx="278.5556658" lbTx="278.5557142" tId="0" fbRx="278.5557208" lbRx="0" />
<p fId="2" fbTx="278.5556658" lbTx="278.5557142" tId="1" fbRx="278.5557208" lbRx="0" />
<p fId="2" fbTx="278.5556658" lbTx="278.5557142" tId="1" fbRx="278.5557208" lbRx="0" />
<p fId="2" fbTx="278.5557312" lbTx="278.5557797" tId="0" fbRx="278.5557862" lbRx="0" />
<p fId="2" fbTx="278.5557312" lbTx="278.5557797" tId="1" fbRx="278.5557862" lbRx="0" />
<p fId="2" fbTx="278.5557312" lbTx="278.5557797" tId="1" fbRx="278.5557862" lbRx="0" />
<p fId="2" fbTx="278.5557866" lbTx="278.5558351" tId="0" fbRx="278.5558417" lbRx="0" />
<p fId="2" fbTx="278.5557866" lbTx="278.5558351" tId="1" fbRx="278.5558417" lbRx="0" />
<p fId="2" fbTx="278.5557866" lbTx="278.5558351" tId="1" fbRx="278.5558417" lbRx="0" />
<p fId="2" fbTx="278.5558451" lbTx="278.5558936" tId="0" fbRx="278.5559001" lbRx="0" />
<p fId="2" fbTx="278.5558451" lbTx="278.5558936" tId="1" fbRx="278.5559001" lbRx="0" />
<p fId="2" fbTx="278.5558451" lbTx="278.5558936" tId="1" fbRx="278.5559001" lbRx="0" />
<p fId="2" fbTx="278.5559015" lbTx="278.55595" tId="0" fbRx="278.5559566" lbRx="0" />
<p fId="2" fbTx="278.5559015" lbTx="278.55595" tId="1" fbRx="278.5559566" lbRx="0" />
<p fId="2" fbTx="278.5559015" lbTx="278.55595" tId="1" fbRx="278.5559566" lbRx="0" />
<p fId="2" fbTx="278.555959" lbTx="278.5560074" tId="0" fbRx="278.556014" lbRx="0" />
<p fId="2" fbTx="278.555959" lbTx="278.5560074" tId="1" fbRx="278.556014" lbRx="0" />
<p fId="2" fbTx="278.555959" lbTx="278.5560074" tId="1" fbRx="278.556014" lbRx="0" />
<p fId="2" fbTx="278.5560254" lbTx="278.5560739" tId="0" fbRx="278.5560804" lbRx="0" />
<p fId="2" fbTx="278.5560254" lbTx="278.5560739" tId="1" fbRx="278.5560804" lbRx="0" />
<p fId="2" fbTx="278.5560254" lbTx="278.5560739" tId="1" fbRx="278.5560804" lbRx="0" />
<p fId="2" fbTx="278.5560808" lbTx="278.5561293" tId="0" fbRx="278.5561359" lbRx="0" />
<p fId="2" fbTx="278.5560808" lbTx="278.5561293" tId="1" fbRx="278.5561359" lbRx="0" />
<p fId="2" fbTx="278.5560808" lbTx="278.5561293" tId="1" fbRx="278.5561359" lbRx="0" />
<p fId="2" fbTx="278.5561473" lbTx="278.5561958" tId="0" fbRx="278.5562023" lbRx="0" />
<p fId="2" fbTx="278.5561473" lbTx="278.5561958" tId="1" fbRx="278.5562023" lbRx="0" />
<p fId="2" fbTx="278.5561473" lbTx="278.5561958" tId="1" fbRx="278.5562023" lbRx="0" />
<p fId="2" fbTx="278.5562137" lbTx="278.5562622" tId="0" fbRx="278.5562688" lbRx="0" />
<p fId="2" fbTx="278.5562137" lbTx="278.5562622" tId="1" fbRx="278.5562688" lbRx="0" />
<p fId="2" fbTx="278.5562137" lbTx="278.5562622" tId="1" fbRx="278.5562688" lbRx="0" />
<p fId="2" fbTx="278.5562712" lbTx="278.5563196" tId="0" fbRx="278.5563262" lbRx="0" />
<p fId="2" fbTx="278.5562712" lbTx="278.5563196" tId="1" fbRx="278.5563262" lbRx="0" />
<p fId="2" fbTx="278.5562712" lbTx="278.5563196" tId="1" fbRx="278.5563262" lbRx="0" />
<p fId="2" fbTx="278.5563276" lbTx="278.5563761" tId="0" fbRx="278.5563826" lbRx="0" />
<p fId="2" fbTx="278.5563276" lbTx="278.5563761" tId="1" fbRx="278.5563826" lbRx="0" />
<p fId="2" fbTx="278.5563276" lbTx="278.5563761" tId="1" fbRx="278.5563826" lbRx="0" />
<p fId="2" fbTx="278.556383" lbTx="278.5564315" tId="0" fbRx="278.5564381" lbRx="0" />
<p fId="2" fbTx="278.556383" lbTx="278.5564315" tId="1" fbRx="278.5564381" lbRx="0" />
<p fId="2" fbTx="278.556383" lbTx="278.5564315" tId="1" fbRx="278.5564381" lbRx="0" />
<p fId="2" fbTx="278.5564395" lbTx="278.556488" tId="0" fbRx="278.5564945" lbRx="0" />
<p fId="2" fbTx="278.5564395" lbTx="278.556488" tId="1" fbRx="278.5564945" lbRx="0" />
<p fId="2" fbTx="278.5564395" lbTx="278.556488" tId="1" fbRx="278.5564945" lbRx="0" />
<p fId="2" fbTx="278.5565039" lbTx="278.5565524" tId="0" fbRx="278.556559" lbRx="0" />
<p fId="2" fbTx="278.5565039" lbTx="278.5565524" tId="1" fbRx="278.556559" lbRx="0" />
<p fId="2" fbTx="278.5565039" lbTx="278.5565524" tId="1" fbRx="278.556559" lbRx="0" />
<p fId="2" fbTx="278.5565594" lbTx="278.5566078" tId="0" fbRx="278.5566144" lbRx="0" />
<p fId="2" fbTx="278.5565594" lbTx="278.5566078" tId="1" fbRx="278.5566144" lbRx="0" />
<p fId="2" fbTx="278.5565594" lbTx="278.5566078" tId="1" fbRx="278.5566144" lbRx="0" />
<p fId="2" fbTx="278.5566168" lbTx="278.5566653" tId="0" fbRx="278.5566718" lbRx="0" />
<p fId="2" fbTx="278.5566168" lbTx="278.5566653" tId="1" fbRx="278.5566718" lbRx="0" />
<p fId="2" fbTx="278.5566168" lbTx="278.5566653" tId="1" fbRx="278.5566718" lbRx="0" />
<p fId="2" fbTx="278.5566762" lbTx="278.5567247" tId="0" fbRx="278.5567313" lbRx="0" />
<p fId="2" fbTx="278.5566762" lbTx="278.5567247" tId="1" fbRx="278.5567313" lbRx="0" />
<p fId="2" fbTx="278.5566762" lbTx="278.5567247" tId="1" fbRx="278.5567313" lbRx="0" />
<p fId="2" fbTx="278.5567327" lbTx="278.5567812" tId="0" fbRx="278.5567877" lbRx="0" />
<p fId="2" fbTx="278.5567327" lbTx="278.5567812" tId="1" fbRx="278.5567877" lbRx="0" />
<p fId="2" fbTx="278.5567327" lbTx="278.5567812" tId="1" fbRx="278.5567877" lbRx="0" />
<p fId="2" fbTx="278.5567991" lbTx="278.5568476" tId="0" fbRx="278.5568542" lbRx="0" />
<p fId="2" fbTx="278.5567991" lbTx="278.5568476" tId="1" fbRx="278.5568542" lbRx="0" />
<p fId="2" fbTx="278.5567991" lbTx="278.5568476" tId="1" fbRx="278.5568542" lbRx="0" />
<p fId="2" fbTx="278.5568676" lbTx="278.556916" tId="0" fbRx="278.5569226" lbRx="0" />
<p fId="2" fbTx="278.5568676" lbTx="278.556916" tId="1" fbRx="278.5569226" lbRx="0" />
<p fId="2" fbTx="278.5568676" lbTx="278.556916" tId="1" fbRx="278.5569226" lbRx="0" />
<p fId="2" fbTx="278.556926" lbTx="278.5569745" tId="0" fbRx="278.556981" lbRx="0" />
<p fId="2" fbTx="278.556926" lbTx="278.5569745" tId="1" fbRx="278.556981" lbRx="0" />
<p fId="2" fbTx="278.556926" lbTx="278.5569745" tId="1" fbRx="278.556981" lbRx="0" />
<p fId="2" fbTx="278.5569814" lbTx="278.5570299" tId="0" fbRx="278.5570365" lbRx="0" />
<p fId="2" fbTx="278.5569814" lbTx="278.5570299" tId="1" fbRx="278.5570365" lbRx="0" />
<p fId="2" fbTx="278.5569814" lbTx="278.5570299" tId="1" fbRx="278.5570365" lbRx="0" />
<p fId="2" fbTx="278.5570409" lbTx="278.5570894" tId="0" fbRx="278.5570959" lbRx="0" />
<p fId="2" fbTx="278.5570409" lbTx="278.5570894" tId="1" fbRx="278.5570959" lbRx="0" />
<p fId="2" fbTx="278.5570409" lbTx="278.5570894" tId="1" fbRx="278.5570959" lbRx="0" />
<p fId="2" fbTx="278.5570963" lbTx="278.5571448" tId="0" fbRx="278.5571514" lbRx="0" />
<p fId="2" fbTx="278.5570963" lbTx="278.5571448" tId="1" fbRx="278.5571514" lbRx="0" />
<p fId="2" fbTx="278.5570963" lbTx="278.5571448" tId="1" fbRx="278.5571514" lbRx="0" />
<p fId="2" fbTx="278.5571538" lbTx="278.5572022" tId="0" fbRx="278.5572088" lbRx="0" />
<p fId="2" fbTx="278.5571538" lbTx="278.5572022" tId="1" fbRx="278.5572088" lbRx="0" />
<p fId="2" fbTx="278.5571538" lbTx="278.5572022" tId="1" fbRx="278.5572088" lbRx="0" />
<p fId="2" fbTx="278.5572092" lbTx="278.5572577" tId="0" fbRx="278.5572642" lbRx="0" />
<p fId="2" fbTx="278.5572092" lbTx="278.5572577" tId="1" fbRx="278.5572642" lbRx="0" />
<p fId="2" fbTx="278.5572092" lbTx="278.5572577" tId="1" fbRx="278.5572642" lbRx="0" />
<p fId="2" fbTx="278.5572656" lbTx="278.5573141" tId="0" fbRx="278.5573207" lbRx="0" />
<p fId="2" fbTx="278.5572656" lbTx="278.5573141" tId="1" fbRx="278.5573207" lbRx="0" />
<p fId="2" fbTx="278.5572656" lbTx="278.5573141" tId="1" fbRx="278.5573207" lbRx="0" />
<p fId="2" fbTx="278.5573211" lbTx="278.5573696" tId="0" fbRx="278.5573761" lbRx="0" />
<p fId="2" fbTx="278.5573211" lbTx="278.5573696" tId="1" fbRx="278.5573761" lbRx="0" />
<p fId="2" fbTx="278.5573211" lbTx="278.5573696" tId="1" fbRx="278.5573761" lbRx="0" />
<p fId="2" fbTx="278.5573775" lbTx="278.557426" tId="0" fbRx="278.5574326" lbRx="0" />
<p fId="2" fbTx="278.5573775" lbTx="278.557426" tId="1" fbRx="278.5574326" lbRx="0" />
<p fId="2" fbTx="278.5573775" lbTx="278.557426" tId="1" fbRx="278.5574326" lbRx="0" />
<p fId="2" fbTx="278.557435" lbTx="278.5574834" tId="0" fbRx="278.55749" lbRx="0" />
<p fId="2" fbTx="278.557435" lbTx="278.5574834" tId="1" fbRx="278.55749" lbRx="0" />
<p fId="2" fbTx="278.557435" lbTx="278.5574834" tId="1" fbRx="278.55749" lbRx="0" />
<p fId="2" fbTx="278.5574964" lbTx="278.5575449" tId="0" fbRx="278.5575514" lbRx="0" />
<p fId="2" fbTx="278.5574964" lbTx="278.5575449" tId="1" fbRx="278.5575514" lbRx="0" />
<p fId="2" fbTx="278.5574964" lbTx="278.5575449" tId="1" fbRx="278.5575514" lbRx="0" />
<p fId="2" fbTx="278.5575618" lbTx="278.5576103" tId="0" fbRx="278.5576169" lbRx="0" />
<p fId="2" fbTx="278.5575618" lbTx="278.5576103" tId="1" fbRx="278.5576169" lbRx="0" />
<p fId="2" fbTx="278.5575618" lbTx="278.5576103" tId="1" fbRx="278.5576169" lbRx="0" />
<p fId="2" fbTx="278.5576213" lbTx="278.5576698" tId="0" fbRx="278.5576763" lbRx="0" />
<p fId="2" fbTx="278.5576213" lbTx="278.5576698" tId="1" fbRx="278.5576763" lbRx="0" />
<p fId="2" fbTx="278.5576213" lbTx="278.5576698" tId="1" fbRx="278.5576763" lbRx="0" />
<p fId="2" fbTx="278.5576917" lbTx="278.5577402" tId="0" fbRx="278.5577468" lbRx="0" />
<p fId="2" fbTx="278.5576917" lbTx="278.5577402" tId="1" fbRx="278.5577468" lbRx="0" />
<p fId="2" fbTx="278.5576917" lbTx="278.5577402" tId="1" fbRx="278.5577468" lbRx="0" />
<p fId="2" fbTx="278.5577482" lbTx="278.5577966" tId="0" fbRx="278.5578032" lbRx="0" />
<p fId="2" fbTx="278.5577482" lbTx="278.5577966" tId="1" fbRx="278.5578032" lbRx="0" />
<p fId="2" fbTx="278.5577482" lbTx="278.5577966" tId="1" fbRx="278.5578032" lbRx="0" />
<p fId="2" fbTx="278.5578106" lbTx="278.5578591" tId="0" fbRx="278.5578656" lbRx="0" />
<p fId="2" fbTx="278.5578106" lbTx="278.5578591" tId="1" fbRx="278.5578656" lbRx="0" />
<p fId="2" fbTx="278.5578106" lbTx="278.5578591" tId="1" fbRx="278.5578656" lbRx="0" />
<p fId="2" fbTx="278.557869" lbTx="278.5579175" tId="0" fbRx="278.5579241" lbRx="0" />
<p fId="2" fbTx="278.557869" lbTx="278.5579175" tId="1" fbRx="278.5579241" lbRx="0" />
<p fId="2" fbTx="278.557869" lbTx="278.5579175" tId="1" fbRx="278.5579241" lbRx="0" />
<p fId="2" fbTx="278.5579265" lbTx="278.557975" tId="0" fbRx="278.5579815" lbRx="0" />
<p fId="2" fbTx="278.5579265" lbTx="278.557975" tId="1" fbRx="278.5579815" lbRx="0" />
<p fId="2" fbTx="278.5579265" lbTx="278.557975" tId="1" fbRx="278.5579815" lbRx="0" />
<p fId="2" fbTx="278.5579839" lbTx="278.5580324" tId="0" fbRx="278.558039" lbRx="0" />
<p fId="2" fbTx="278.5579839" lbTx="278.5580324" tId="1" fbRx="278.558039" lbRx="0" />
<p fId="2" fbTx="278.5579839" lbTx="278.5580324" tId="1" fbRx="278.558039" lbRx="0" />
<p fId="2" fbTx="278.5580504" lbTx="278.5580988" tId="0" fbRx="278.5581054" lbRx="0" />
<p fId="2" fbTx="278.5580504" lbTx="278.5580988" tId="1" fbRx="278.5581054" lbRx="0" />
<p fId="2" fbTx="278.5580504" lbTx="278.5580988" tId="1" fbRx="278.5581054" lbRx="0" />
<p fId="2" fbTx="278.5581178" lbTx="278.5581663" tId="0" fbRx="278.5581728" lbRx="0" />
<p fId="2" fbTx="278.5581178" lbTx="278.5581663" tId="1" fbRx="278.5581728" lbRx="0" />
<p fId="2" fbTx="278.5581178" lbTx="278.5581663" tId="1" fbRx="278.5581728" lbRx="0" />
<p fId="2" fbTx="278.5581742" lbTx="278.5582227" tId="0" fbRx="278.5582293" lbRx="0" />
<p fId="2" fbTx="278.5581742" lbTx="278.5582227" tId="1" fbRx="278.5582293" lbRx="0" />
<p fId="2" fbTx="278.5581742" lbTx="278.5582227" tId="1" fbRx="278.5582293" lbRx="0" />
<p fId="2" fbTx="278.5582297" lbTx="278.5582782" tId="0" fbRx="278.5582847" lbRx="0" />
<p fId="2" fbTx="278.5582297" lbTx="278.5582782" tId="1" fbRx="278.5582847" lbRx="0" />
<p fId="2" fbTx="278.5582297" lbTx="278.5582782" tId="1" fbRx="278.5582847" lbRx="0" />
<p fId="2" fbTx="278.5582971" lbTx="278.5583456" tId="0" fbRx="278.5583522" lbRx="0" />
<p fId="2" fbTx="278.5582971" lbTx="278.5583456" tId="1" fbRx="278.5583522" lbRx="0" />
<p fId="2" fbTx="278.5582971" lbTx="278.5583456" tId="1" fbRx="278.5583522" lbRx="0" />
<p fId="2" fbTx="278.5583586" lbTx="278.558407" tId="0" fbRx="278.5584136" lbRx="0" />
<p fId="2" fbTx="278.5583586" lbTx="278.558407" tId="1" fbRx="278.5584136" lbRx="0" />
<p fId="2" fbTx="278.5583586" lbTx="278.558407" tId="1" fbRx="278.5584136" lbRx="0" />
<p fId="2" fbTx="278.558416" lbTx="278.5584645" tId="0" fbRx="278.558471" lbRx="0" />
<p fId="2" fbTx="278.558416" lbTx="278.5584645" tId="1" fbRx="278.558471" lbRx="0" />
<p fId="2" fbTx="278.558416" lbTx="278.5584645" tId="1" fbRx="278.558471" lbRx="0" />
<p fId="2" fbTx="278.5584764" lbTx="278.5585249" tId="0" fbRx="278.5585315" lbRx="0" />
<p fId="2" fbTx="278.5584764" lbTx="278.5585249" tId="1" fbRx="278.5585315" lbRx="0" />
<p fId="2" fbTx="278.5584764" lbTx="278.5585249" tId="1" fbRx="278.5585315" lbRx="0" />
<p fId="2" fbTx="278.5585339" lbTx="278.5585824" tId="0" fbRx="278.5585889" lbRx="0" />
<p fId="2" fbTx="278.5585339" lbTx="278.5585824" tId="1" fbRx="278.5585889" lbRx="0" />
<p fId="2" fbTx="278.5585339" lbTx="278.5585824" tId="1" fbRx="278.5585889" lbRx="0" />
<p fId="2" fbTx="278.5585893" lbTx="278.5586378" tId="0" fbRx="278.5586444" lbRx="0" />
<p fId="2" fbTx="278.5585893" lbTx="278.5586378" tId="1" fbRx="278.5586444" lbRx="0" />
<p fId="2" fbTx="278.5585893" lbTx="278.5586378" tId="1" fbRx="278.5586444" lbRx="0" />
<p fId="2" fbTx="278.5586478" lbTx="278.5586962" tId="0" fbRx="278.5587028" lbRx="0" />
<p fId="2" fbTx="278.5586478" lbTx="278.5586962" tId="1" fbRx="278.5587028" lbRx="0" />
<p fId="2" fbTx="278.5586478" lbTx="278.5586962" tId="1" fbRx="278.5587028" lbRx="0" />
<p fId="2" fbTx="278.5587062" lbTx="278.5587547" tId="0" fbRx="278.5587612" lbRx="0" />
<p fId="2" fbTx="278.5587062" lbTx="278.5587547" tId="1" fbRx="278.5587612" lbRx="0" />
<p fId="2" fbTx="278.5587062" lbTx="278.5587547" tId="1" fbRx="278.5587612" lbRx="0" />
<p fId="2" fbTx="278.5587686" lbTx="278.5588171" tId="0" fbRx="278.5588237" lbRx="0" />
<p fId="2" fbTx="278.5587686" lbTx="278.5588171" tId="1" fbRx="278.5588237" lbRx="0" />
<p fId="2" fbTx="278.5587686" lbTx="278.5588171" tId="1" fbRx="278.5588237" lbRx="0" />
<p fId="2" fbTx="278.5588241" lbTx="278.5588726" tId="0" fbRx="278.5588791" lbRx="0" />
<p fId="2" fbTx="278.5588241" lbTx="278.5588726" tId="1" fbRx="278.5588791" lbRx="0" />
<p fId="2" fbTx="278.5588241" lbTx="278.5588726" tId="1" fbRx="278.5588791" lbRx="0" />
<p fId="2" fbTx="278.5588795" lbTx="278.558928" tId="0" fbRx="278.5589346" lbRx="0" />
<p fId="2" fbTx="278.5588795" lbTx="278.558928" tId="1" fbRx="278.5589346" lbRx="0" />
<p fId="2" fbTx="278.5588795" lbTx="278.558928" tId="1" fbRx="278.5589346" lbRx="0" />
<p fId="2" fbTx="278.558935" lbTx="278.5589834" tId="0" fbRx="278.55899" lbRx="0" />
<p fId="2" fbTx="278.558935" lbTx="278.5589834" tId="1" fbRx="278.55899" lbRx="0" />
<p fId="2" fbTx="278.558935" lbTx="278.5589834" tId="1" fbRx="278.55899" lbRx="0" />
<p fId="2" fbTx="278.5589904" lbTx="278.5590389" tId="0" fbRx="278.5590454" lbRx="0" />
<p fId="2" fbTx="278.5589904" lbTx="278.5590389" tId="1" fbRx="278.5590454" lbRx="0" />
<p fId="2" fbTx="278.5589904" lbTx="278.5590389" tId="1" fbRx="278.5590454" lbRx="0" />
<p fId="2" fbTx="278.5590458" lbTx="278.5590943" tId="0" fbRx="278.5591009" lbRx="0" />
<p fId="2" fbTx="278.5590458" lbTx="278.5590943" tId="1" fbRx="278.5591009" lbRx="0" />
<p fId="2" fbTx="278.5590458" lbTx="278.5590943" tId="1" fbRx="278.5591009" lbRx="0" />
<p fId="2" fbTx="278.5591033" lbTx="278.5591518" tId="0" fbRx="278.5591583" lbRx="0" />
<p fId="2" fbTx="278.5591033" lbTx="278.5591518" tId="1" fbRx="278.5591583" lbRx="0" />
<p fId="2" fbTx="278.5591033" lbTx="278.5591518" tId="1" fbRx="278.5591583" lbRx="0" />
<p fId="2" fbTx="278.5591587" lbTx="278.5592072" tId="0" fbRx="278.5592138" lbRx="0" />
<p fId="2" fbTx="278.5591587" lbTx="278.5592072" tId="1" fbRx="278.5592138" lbRx="0" />
<p fId="2" fbTx="278.5591587" lbTx="278.5592072" tId="1" fbRx="278.5592138" lbRx="0" />
<p fId="2" fbTx="278.5592202" lbTx="278.5592686" tId="0" fbRx="278.5592752" lbRx="0" />
<p fId="2" fbTx="278.5592202" lbTx="278.5592686" tId="1" fbRx="278.5592752" lbRx="0" />
<p fId="2" fbTx="278.5592202" lbTx="278.5592686" tId="1" fbRx="278.5592752" lbRx="0" />
<p fId="2" fbTx="278.5592766" lbTx="278.5593251" tId="0" fbRx="278.5593316" lbRx="0" />
<p fId="2" fbTx="278.5592766" lbTx="278.5593251" tId="1" fbRx="278.5593316" lbRx="0" />
<p fId="2" fbTx="278.5592766" lbTx="278.5593251" tId="1" fbRx="278.5593316" lbRx="0" />
<p fId="2" fbTx="278.559332" lbTx="278.5593805" tId="0" fbRx="278.5593871" lbRx="0" />
<p fId="2" fbTx="278.559332" lbTx="278.5593805" tId="1" fbRx="278.5593871" lbRx="0" />
<p fId="2" fbTx="278.559332" lbTx="278.5593805" tId="1" fbRx="278.5593871" lbRx="0" />
<p fId="2" fbTx="278.5593895" lbTx="278.559438" tId="0" fbRx="278.5594445" lbRx="0" />
<p fId="2" fbTx="278.5593895" lbTx="278.559438" tId="1" fbRx="278.5594445" lbRx="0" />
<p fId="2" fbTx="278.5593895" lbTx="278.559438" tId="1" fbRx="278.5594445" lbRx="0" />
<p fId="2" fbTx="278.5594469" lbTx="278.5594954" tId="0" fbRx="278.559502" lbRx="0" />
<p fId="2" fbTx="278.5594469" lbTx="278.5594954" tId="1" fbRx="278.559502" lbRx="0" />
<p fId="2" fbTx="278.5594469" lbTx="278.5594954" tId="1" fbRx="278.559502" lbRx="0" />
<p fId="2" fbTx="278.5595044" lbTx="278.5595528" tId="0" fbRx="278.5595594" lbRx="0" />
<p fId="2" fbTx="278.5595044" lbTx="278.5595528" tId="1" fbRx="278.5595594" lbRx="0" />
<p fId="2" fbTx="278.5595044" lbTx="278.5595528" tId="1" fbRx="278.5595594" lbRx="0" />
<p fId="2" fbTx="278.5595608" lbTx="278.5596093" tId="0" fbRx="278.5596158" lbRx="0" />
<p fId="2" fbTx="278.5595608" lbTx="278.5596093" tId="1" fbRx="278.5596158" lbRx="0" />
<p fId="2" fbTx="278.5595608" lbTx="278.5596093" tId="1" fbRx="278.5596158" lbRx="0" />
<p fId="2" fbTx="278.5596212" lbTx="278.5596697" tId="0" fbRx="278.5596763" lbRx="0" />
<p fId="2" fbTx="278.5596212" lbTx="278.5596697" tId="1" fbRx="278.5596763" lbRx="0" />
<p fId="2" fbTx="278.5596212" lbTx="278.5596697" tId="1" fbRx="278.5596763" lbRx="0" />
<p fId="2" fbTx="278.5596787" lbTx="278.5597272" tId="0" fbRx="278.5597337" lbRx="0" />
<p fId="2" fbTx="278.5596787" lbTx="278.5597272" tId="1" fbRx="278.5597337" lbRx="0" />
<p fId="2" fbTx="278.5596787" lbTx="278.5597272" tId="1" fbRx="278.5597337" lbRx="0" />
<p fId="2" fbTx="278.5597341" lbTx="278.5597826" tId="0" fbRx="278.5597892" lbRx="0" />
<p fId="2" fbTx="278.5597341" lbTx="278.5597826" tId="1" fbRx="278.5597892" lbRx="0" />
<p fId="2" fbTx="278.5597341" lbTx="278.5597826" tId="1" fbRx="278.5597892" lbRx="0" />
<p fId="2" fbTx="278.5597916" lbTx="278.55984" tId="0" fbRx="278.5598466" lbRx="0" />
<p fId="2" fbTx="278.5597916" lbTx="278.55984" tId="1" fbRx="278.5598466" lbRx="0" />
<p fId="2" fbTx="278.5597916" lbTx="278.55984" tId="1" fbRx="278.5598466" lbRx="0" />
<p fId="2" fbTx="278.559856" lbTx="278.5599045" tId="0" fbRx="278.559911" lbRx="0" />
<p fId="2" fbTx="278.559856" lbTx="278.5599045" tId="1" fbRx="278.559911" lbRx="0" />
<p fId="2" fbTx="278.559856" lbTx="278.5599045" tId="1" fbRx="278.559911" lbRx="0" />
<p fId="2" fbTx="278.5599124" lbTx="278.5599609" tId="0" fbRx="278.5599675" lbRx="0" />
<p fId="2" fbTx="278.5599124" lbTx="278.5599609" tId="1" fbRx="278.5599675" lbRx="0" />
<p fId="2" fbTx="278.5599124" lbTx="278.5599609" tId="1" fbRx="278.5599675" lbRx="0" />
<p fId="2" fbTx="278.5599679" lbTx="278.5600164" tId="0" fbRx="278.5600229" lbRx="0" />
<p fId="2" fbTx="278.5599679" lbTx="278.5600164" tId="1" fbRx="278.5600229" lbRx="0" />
<p fId="2" fbTx="278.5599679" lbTx="278.5600164" tId="1" fbRx="278.5600229" lbRx="0" />
<p fId="2" fbTx="278.5600233" lbTx="278.5600718" tId="0" fbRx="278.5600784" lbRx="0" />
<p fId="2" fbTx="278.5600233" lbTx="278.5600718" tId="1" fbRx="278.5600784" lbRx="0" />
<p fId="2" fbTx="278.5600233" lbTx="278.5600718" tId="1" fbRx="278.5600784" lbRx="0" />
<p fId="2" fbTx="278.5600798" lbTx="278.5601282" tId="0" fbRx="278.5601348" lbRx="0" />
<p fId="2" fbTx="278.5600798" lbTx="278.5601282" tId="1" fbRx="278.5601348" lbRx="0" />
<p fId="2" fbTx="278.5600798" lbTx="278.5601282" tId="1" fbRx="278.5601348" lbRx="0" />
<p fId="2" fbTx="278.5601362" lbTx="278.5601648" tId="0" fbRx="278.5601714" lbRx="0" />
<p fId="2" fbTx="278.5601362" lbTx="278.5601648" tId="1" fbRx="278.5601714" lbRx="0" />
<p fId="2" fbTx="278.5601362" lbTx="278.5601648" tId="1" fbRx="278.5601714" lbRx="0" />
<p fId="2" fbTx="278.5601738" lbTx="278.5602223" tId="0" fbRx="278.5602288" lbRx="0" />
<p fId="2" fbTx="278.5601738" lbTx="278.5602223" tId="1" fbRx="278.5602288" lbRx="0" />
<p fId="2" fbTx="278.5601738" lbTx="278.5602223" tId="1" fbRx="278.5602288" lbRx="0" />
<p fId="2" fbTx="278.5602302" lbTx="278.560277" tId="0" fbRx="278.5602835" lbRx="0" />
<p fId="2" fbTx="278.5602302" lbTx="278.560277" tId="1" fbRx="278.5602835" lbRx="0" />
<p fId="2" fbTx="278.5602302" lbTx="278.560277" tId="1" fbRx="278.5602835" lbRx="0" />
<p fId="2" fbTx="278.5602839" lbTx="278.5603324" tId="0" fbRx="278.560339" lbRx="0" />
<p fId="2" fbTx="278.5602839" lbTx="278.5603324" tId="1" fbRx="278.560339" lbRx="0" />
<p fId="2" fbTx="278.5602839" lbTx="278.5603324" tId="1" fbRx="278.560339" lbRx="0" />
<p fId="2" fbTx="278.5603504" lbTx="278.5603988" tId="0" fbRx="278.5604054" lbRx="0" />
<p fId="2" fbTx="278.5603504" lbTx="278.5603988" tId="1" fbRx="278.5604054" lbRx="0" />
<p fId="2" fbTx="278.5603504" lbTx="278.5603988" tId="1" fbRx="278.5604054" lbRx="0" />
<p fId="2" fbTx="278.5604078" lbTx="278.5604563" tId="0" fbRx="278.5604628" lbRx="0" />
<p fId="2" fbTx="278.5604078" lbTx="278.5604563" tId="1" fbRx="278.5604628" lbRx="0" />
<p fId="2" fbTx="278.5604078" lbTx="278.5604563" tId="1" fbRx="278.5604628" lbRx="0" />
<p fId="2" fbTx="278.5604632" lbTx="278.5605117" tId="0" fbRx="278.5605183" lbRx="0" />
<p fId="2" fbTx="278.5604632" lbTx="278.5605117" tId="1" fbRx="278.5605183" lbRx="0" />
<p fId="2" fbTx="278.5604632" lbTx="278.5605117" tId="1" fbRx="278.5605183" lbRx="0" />
<p fId="2" fbTx="278.5605197" lbTx="278.5605682" tId="0" fbRx="278.5605747" lbRx="0" />
<p fId="2" fbTx="278.5605197" lbTx="278.5605682" tId="1" fbRx="278.5605747" lbRx="0" />
<p fId="2" fbTx="278.5605197" lbTx="278.5605682" tId="1" fbRx="278.5605747" lbRx="0" />
<p fId="2" fbTx="278.5605751" lbTx="278.5606236" tId="0" fbRx="278.5606302" lbRx="0" />
<p fId="2" fbTx="278.5605751" lbTx="278.5606236" tId="1" fbRx="278.5606302" lbRx="0" />
<p fId="2" fbTx="278.5605751" lbTx="278.5606236" tId="1" fbRx="278.5606302" lbRx="0" />
<p fId="2" fbTx="278.5606326" lbTx="278.560681" tId="0" fbRx="278.5606876" lbRx="0" />
<p fId="2" fbTx="278.5606326" lbTx="278.560681" tId="1" fbRx="278.5606876" lbRx="0" />
<p fId="2" fbTx="278.5606326" lbTx="278.560681" tId="1" fbRx="278.5606876" lbRx="0" />
<p fId="2" fbTx="278.560689" lbTx="278.5607375" tId="0" fbRx="278.560744" lbRx="0" />
<p fId="2" fbTx="278.560689" lbTx="278.5607375" tId="1" fbRx="278.560744" lbRx="0" />
<p fId="2" fbTx="278.560689" lbTx="278.5607375" tId="1" fbRx="278.560744" lbRx="0" />
<p fId="2" fbTx="278.5607454" lbTx="278.5607939" tId="0" fbRx="278.5608005" lbRx="0" />
<p fId="2" fbTx="278.5607454" lbTx="278.5607939" tId="1" fbRx="278.5608005" lbRx="0" />
<p fId="2" fbTx="278.5607454" lbTx="278.5607939" tId="1" fbRx="278.5608005" lbRx="0" />
<p fId="2" fbTx="278.5608049" lbTx="278.5608534" tId="0" fbRx="278.5608599" lbRx="0" />
<p fId="2" fbTx="278.5608049" lbTx="278.5608534" tId="1" fbRx="278.5608599" lbRx="0" />
<p fId="2" fbTx="278.5608049" lbTx="278.5608534" tId="1" fbRx="278.5608599" lbRx="0" />
<p fId="2" fbTx="278.5608673" lbTx="278.5609158" tId="0" fbRx="278.5609224" lbRx="0" />
<p fId="2" fbTx="278.5608673" lbTx="278.5609158" tId="1" fbRx="278.5609224" lbRx="0" />
<p fId="2" fbTx="278.5608673" lbTx="278.5609158" tId="1" fbRx="278.5609224" lbRx="0" />
<p fId="2" fbTx="278.5609228" lbTx="278.5609712" tId="0" fbRx="278.5609778" lbRx="0" />
<p fId="2" fbTx="278.5609228" lbTx="278.5609712" tId="1" fbRx="278.5609778" lbRx="0" />
<p fId="2" fbTx="278.5609228" lbTx="278.5609712" tId="1" fbRx="278.5609778" lbRx="0" />
<p fId="2" fbTx="278.5609812" lbTx="278.5610297" tId="0" fbRx="278.5610362" lbRx="0" />
<p fId="2" fbTx="278.5609812" lbTx="278.5610297" tId="1" fbRx="278.5610362" lbRx="0" />
<p fId="2" fbTx="278.5609812" lbTx="278.5610297" tId="1" fbRx="278.5610362" lbRx="0" />
<p fId="2" fbTx="278.5610386" lbTx="278.5610871" tId="0" fbRx="278.5610937" lbRx="0" />
<p fId="2" fbTx="278.5610386" lbTx="278.5610871" tId="1" fbRx="278.5610937" lbRx="0" />
<p fId="2" fbTx="278.5610386" lbTx="278.5610871" tId="1" fbRx="278.5610937" lbRx="0" />
<p fId="2" fbTx="278.5611001" lbTx="278.5611486" tId="0" fbRx="278.5611551" lbRx="0" />
<p fId="2" fbTx="278.5611001" lbTx="278.5611486" tId="1" fbRx="278.5611551" lbRx="0" />
<p fId="2" fbTx="278.5611001" lbTx="278.5611486" tId="1" fbRx="278.5611551" lbRx="0" />
<p fId="2" fbTx="278.5611565" lbTx="278.561205" tId="0" fbRx="278.5612116" lbRx="0" />
<p fId="2" fbTx="278.5611565" lbTx="278.561205" tId="1" fbRx="278.5612116" lbRx="0" />
<p fId="2" fbTx="278.5611565" lbTx="278.561205" tId="1" fbRx="278.5612116" lbRx="0" />
<p fId="2" fbTx="278.561215" lbTx="278.5612634" tId="0" fbRx="278.56127" lbRx="0" />
<p fId="2" fbTx="278.561215" lbTx="278.5612634" tId="1" fbRx="278.56127" lbRx="0" />
<p fId="2" fbTx="278.561215" lbTx="278.5612634" tId="1" fbRx="278.56127" lbRx="0" />
<p fId="2" fbTx="278.5612714" lbTx="278.5613199" tId="0" fbRx="278.5613264" lbRx="0" />
<p fId="2" fbTx="278.5612714" lbTx="278.5613199" tId="1" fbRx="278.5613264" lbRx="0" />
<p fId="2" fbTx="278.5612714" lbTx="278.5613199" tId="1" fbRx="278.5613264" lbRx="0" />
<p fId="2" fbTx="278.5613268" lbTx="278.5613753" tId="0" fbRx="278.5613819" lbRx="0" />
<p fId="2" fbTx="278.5613268" lbTx="278.5613753" tId="1" fbRx="278.5613819" lbRx="0" />
<p fId="2" fbTx="278.5613268" lbTx="278.5613753" tId="1" fbRx="278.5613819" lbRx="0" />
<p fId="2" fbTx="278.5613843" lbTx="278.5614328" tId="0" fbRx="278.5614393" lbRx="0" />
<p fId="2" fbTx="278.5613843" lbTx="278.5614328" tId="1" fbRx="278.5614393" lbRx="0" />
<p fId="2" fbTx="278.5613843" lbTx="278.5614328" tId="1" fbRx="278.5614393" lbRx="0" />
<p fId="2" fbTx="278.5614417" lbTx="278.5614812" tId="0" fbRx="278.5614878" lbRx="0" />
<p fId="2" fbTx="278.5614417" lbTx="278.5614812" tId="1" fbRx="278.5614878" lbRx="0" />
<p fId="2" fbTx="278.5614417" lbTx="278.5614812" tId="1" fbRx="278.5614878" lbRx="0" />
<p fId="1" fbTx="278.5615849" lbTx="278.5615905" tId="0" fbRx="278.561597" lbRx="0" />
<p fId="1" fbTx="278.5615849" lbTx="278.5615905" tId="2" fbRx="278.561597" lbRx="0" />
<p fId="1" fbTx="278.5615849" lbTx="278.5615905" tId="2" fbRx="278.561597" lbRx="0" />
<p fId="1" fbTx="278.5615994" lbTx="278.561605" tId="0" fbRx="278.5616116" lbRx="0" />
<p fId="1" fbTx="278.5615994" lbTx="278.561605" tId="2" fbRx="278.5616116" lbRx="0" />
<p fId="1" fbTx="278.5615994" lbTx="278.561605" tId="2" fbRx="278.5616116" lbRx="0" />
<p fId="1" fbTx="278.561614" lbTx="278.5616196" tId="0" fbRx="278.5616262" lbRx="0" />
<p fId="1" fbTx="278.561614" lbTx="278.5616196" tId="2" fbRx="278.5616262" lbRx="0" />
<p fId="1" fbTx="278.561614" lbTx="278.5616196" tId="2" fbRx="278.5616262" lbRx="0" />
<p fId="1" fbTx="278.5616276" lbTx="278.5616332" tId="0" fbRx="278.5616397" lbRx="0" />
<p fId="1" fbTx="278.5616276" lbTx="278.5616332" tId="2" fbRx="278.5616397" lbRx="0" />
<p fId="1" fbTx="278.5616276" lbTx="278.5616332" tId="2" fbRx="278.5616397" lbRx="0" />
<p fId="1" fbTx="278.5616411" lbTx="278.5616467" tId="0" fbRx="278.5616533" lbRx="0" />
<p fId="1" fbTx="278.5616411" lbTx="278.5616467" tId="2" fbRx="278.5616533" lbRx="0" />
<p fId="1" fbTx="278.5616411" lbTx="278.5616467" tId="2" fbRx="278.5616533" lbRx="0" />
<p fId="1" fbTx="278.5616567" lbTx="278.5616623" tId="0" fbRx="278.5616688" lbRx="0" />
<p fId="1" fbTx="278.5616567" lbTx="278.5616623" tId="2" fbRx="278.5616688" lbRx="0" />
<p fId="1" fbTx="278.5616567" lbTx="278.5616623" tId="2" fbRx="278.5616688" lbRx="0" />
<p fId="1" fbTx="278.5616692" lbTx="278.5616748" tId="0" fbRx="278.5616814" lbRx="0" />
<p fId="1" fbTx="278.5616692" lbTx="278.5616748" tId="2" fbRx="278.5616814" lbRx="0" />
<p fId="1" fbTx="278.5616692" lbTx="278.5616748" tId="2" fbRx="278.5616814" lbRx="0" />
<p fId="1" fbTx="278.5616948" lbTx="278.5617004" tId="0" fbRx="278.561707" lbRx="0" />
<p fId="1" fbTx="278.5616948" lbTx="278.5617004" tId="2" fbRx="278.561707" lbRx="0" />
<p fId="1" fbTx="278.5616948" lbTx="278.5617004" tId="2" fbRx="278.561707" lbRx="0" />
<p fId="1" fbTx="278.5617074" lbTx="278.561713" tId="0" fbRx="278.5617195" lbRx="0" />
<p fId="1" fbTx="278.5617074" lbTx="278.561713" tId="2" fbRx="278.5617195" lbRx="0" />
<p fId="1" fbTx="278.5617074" lbTx="278.561713" tId="2" fbRx="278.5617195" lbRx="0" />
<p fId="1" fbTx="278.5617209" lbTx="278.5617265" tId="0" fbRx="278.5617331" lbRx="0" />
<p fId="1" fbTx="278.5617209" lbTx="278.5617265" tId="2" fbRx="278.5617331" lbRx="0" />
<p fId="1" fbTx="278.5617209" lbTx="278.5617265" tId="2" fbRx="278.5617331" lbRx="0" />
<p fId="1" fbTx="278.5617365" lbTx="278.5617421" tId="0" fbRx="278.5617486" lbRx="0" />
<p fId="1" fbTx="278.5617365" lbTx="278.5617421" tId="2" fbRx="278.5617486" lbRx="0" />
<p fId="1" fbTx="278.5617365" lbTx="278.5617421" tId="2" fbRx="278.5617486" lbRx="0" />
<p fId="1" fbTx="278.56175" lbTx="278.5617556" tId="0" fbRx="278.5617622" lbRx="0" />
<p fId="1" fbTx="278.56175" lbTx="278.5617556" tId="2" fbRx="278.5617622" lbRx="0" />
<p fId="1" fbTx="278.56175" lbTx="278.5617556" tId="2" fbRx="278.5617622" lbRx="0" />
<p fId="1" fbTx="278.5617656" lbTx="278.5617712" tId="0" fbRx="278.5617778" lbRx="0" />
<p fId="1" fbTx="278.5617656" lbTx="278.5617712" tId="2" fbRx="278.5617778" lbRx="0" />
<p fId="1" fbTx="278.5617656" lbTx="278.5617712" tId="2" fbRx="278.5617778" lbRx="0" />
<p fId="1" fbTx="278.5617782" lbTx="278.5617838" tId="0" fbRx="278.5617903" lbRx="0" />
<p fId="1" fbTx="278.5617782" lbTx="278.5617838" tId="2" fbRx="278.5617903" lbRx="0" />
<p fId="1" fbTx="278.5617782" lbTx="278.5617838" tId="2" fbRx="278.5617903" lbRx="0" />
<p fId="1" fbTx="278.5617927" lbTx="278.5617983" tId="0" fbRx="278.5618049" lbRx="0" />
<p fId="1" fbTx="278.5617927" lbTx="278.5617983" tId="2" fbRx="278.5618049" lbRx="0" />
<p fId="1" fbTx="278.5617927" lbTx="278.5617983" tId="2" fbRx="278.5618049" lbRx="0" />
<p fId="1" fbTx="278.5618073" lbTx="278.5618129" tId="0" fbRx="278.5618194" lbRx="0" />
<p fId="1" fbTx="278.5618073" lbTx="278.5618129" tId="2" fbRx="278.5618194" lbRx="0" />
<p fId="1" fbTx="278.5618073" lbTx="278.5618129" tId="2" fbRx="278.5618194" lbRx="0" />
<p fId="1" fbTx="278.5618258" lbTx="278.5618314" tId="0" fbRx="278.561838" lbRx="0" />
<p fId="1" fbTx="278.5618258" lbTx="278.5618314" tId="2" fbRx="278.561838" lbRx="0" />
<p fId="1" fbTx="278.5618258" lbTx="278.5618314" tId="2" fbRx="278.561838" lbRx="0" />
<p fId="1" fbTx="278.5618394" lbTx="278.561845" tId="0" fbRx="278.5618516" lbRx="0" />
<p fId="1" fbTx="278.5618394" lbTx="278.561845" tId="2" fbRx="278.5618516" lbRx="0" />
<p fId="1" fbTx="278.5618394" lbTx="278.561845" tId="2" fbRx="278.5618516" lbRx="0" />
<p fId="1" fbTx="278.561855" lbTx="278.5618606" tId="0" fbRx="278.5618671" lbRx="0" />
<p fId="1" fbTx="278.561855" lbTx="278.5618606" tId="2" fbRx="278.5618671" lbRx="0" />
<p fId="1" fbTx="278.561855" lbTx="278.5618606" tId="2" fbRx="278.5618671" lbRx="0" />
<p fId="1" fbTx="278.5618685" lbTx="278.5618741" tId="0" fbRx="278.5618807" lbRx="0" />
<p fId="1" fbTx="278.5618685" lbTx="278.5618741" tId="2" fbRx="278.5618807" lbRx="0" />
<p fId="1" fbTx="278.5618685" lbTx="278.5618741" tId="2" fbRx="278.5618807" lbRx="0" />
<p fId="1" fbTx="278.5618831" lbTx="278.5618887" tId="0" fbRx="278.5618952" lbRx="0" />
<p fId="1" fbTx="278.5618831" lbTx="278.5618887" tId="2" fbRx="278.5618952" lbRx="0" />
<p fId="1" fbTx="278.5618831" lbTx="278.5618887" tId="2" fbRx="278.5618952" lbRx="0" />
<p fId="1" fbTx="278.5618986" lbTx="278.5619042" tId="0" fbRx="278.5619108" lbRx="0" />
<p fId="1" fbTx="278.5618986" lbTx="278.5619042" tId="2" fbRx="278.5619108" lbRx="0" />
<p fId="1" fbTx="278.5618986" lbTx="278.5619042" tId="2" fbRx="278.5619108" lbRx="0" />
<p fId="1" fbTx="278.5619122" lbTx="278.5619178" tId="0" fbRx="278.5619244" lbRx="0" />
<p fId="1" fbTx="278.5619122" lbTx="278.5619178" tId="2" fbRx="278.5619244" lbRx="0" />
<p fId="1" fbTx="278.5619122" lbTx="278.5619178" tId="2" fbRx="278.5619244" lbRx="0" />
<p fId="1" fbTx="278.5619258" lbTx="278.5619314" tId="0" fbRx="278.5619379" lbRx="0" />
<p fId="1" fbTx="278.5619258" lbTx="278.5619314" tId="2" fbRx="278.5619379" lbRx="0" />
<p fId="1" fbTx="278.5619258" lbTx="278.5619314" tId="2" fbRx="278.5619379" lbRx="0" />
<p fId="1" fbTx="278.5619433" lbTx="278.5619489" tId="0" fbRx="278.5619555" lbRx="0" />
<p fId="1" fbTx="278.5619433" lbTx="278.5619489" tId="2" fbRx="278.5619555" lbRx="0" />
<p fId="1" fbTx="278.5619433" lbTx="278.5619489" tId="2" fbRx="278.5619555" lbRx="0" />
<p fId="1" fbTx="278.5619579" lbTx="278.5619635" tId="0" fbRx="278.56197" lbRx="0" />
<p fId="1" fbTx="278.5619579" lbTx="278.5619635" tId="2" fbRx="278.56197" lbRx="0" />
<p fId="1" fbTx="278.5619579" lbTx="278.5619635" tId="2" fbRx="278.56197" lbRx="0" />
<p fId="1" fbTx="278.5619784" lbTx="278.561984" tId="0" fbRx="278.5619906" lbRx="0" />
<p fId="1" fbTx="278.5619784" lbTx="278.561984" tId="2" fbRx="278.5619906" lbRx="0" />
<p fId="1" fbTx="278.5619784" lbTx="278.561984" tId="2" fbRx="278.5619906" lbRx="0" />
<p fId="1" fbTx="278.561994" lbTx="278.5619996" tId="0" fbRx="278.5620062" lbRx="0" />
<p fId="1" fbTx="278.561994" lbTx="278.5619996" tId="2" fbRx="278.5620062" lbRx="0" />
<p fId="1" fbTx="278.561994" lbTx="278.5619996" tId="2" fbRx="278.5620062" lbRx="0" />
<p fId="1" fbTx="278.5620076" lbTx="278.5620132" tId="0" fbRx="278.5620197" lbRx="0" />
<p fId="1" fbTx="278.5620076" lbTx="278.5620132" tId="2" fbRx="278.5620197" lbRx="0" />
<p fId="1" fbTx="278.5620076" lbTx="278.5620132" tId="2" fbRx="278.5620197" lbRx="0" />
<p fId="1" fbTx="278.5620231" lbTx="278.5620287" tId="0" fbRx="278.5620353" lbRx="0" />
<p fId="1" fbTx="278.5620231" lbTx="278.5620287" tId="2" fbRx="278.5620353" lbRx="0" />
<p fId="1" fbTx="278.5620231" lbTx="278.5620287" tId="2" fbRx="278.5620353" lbRx="0" />
<p fId="1" fbTx="278.5620447" lbTx="278.5620503" tId="0" fbRx="278.5620568" lbRx="0" />
<p fId="1" fbTx="278.5620447" lbTx="278.5620503" tId="2" fbRx="278.5620568" lbRx="0" />
<p fId="1" fbTx="278.5620447" lbTx="278.5620503" tId="2" fbRx="278.5620568" lbRx="0" />
<p fId="1" fbTx="278.5620592" lbTx="278.5620648" tId="0" fbRx="278.5620714" lbRx="0" />
<p fId="1" fbTx="278.5620592" lbTx="278.5620648" tId="2" fbRx="278.5620714" lbRx="0" />
<p fId="1" fbTx="278.5620592" lbTx="278.5620648" tId="2" fbRx="278.5620714" lbRx="0" />
<p fId="1" fbTx="278.5620718" lbTx="278.5620774" tId="0" fbRx="278.562084" lbRx="0" />
<p fId="1" fbTx="278.5620718" lbTx="278.5620774" tId="2" fbRx="278.562084" lbRx="0" />
<p fId="1" fbTx="278.5620718" lbTx="278.5620774" tId="2" fbRx="278.562084" lbRx="0" />
<p fId="1" fbTx="278.5620854" lbTx="278.562091" tId="0" fbRx="278.5620975" lbRx="0" />
<p fId="1" fbTx="278.5620854" lbTx="278.562091" tId="2" fbRx="278.5620975" lbRx="0" />
<p fId="1" fbTx="278.5620854" lbTx="278.562091" tId="2" fbRx="278.5620975" lbRx="0" />
<p fId="1" fbTx="278.5621099" lbTx="278.5621155" tId="0" fbRx="278.5621221" lbRx="0" />
<p fId="1" fbTx="278.5621099" lbTx="278.5621155" tId="2" fbRx="278.5621221" lbRx="0" />
<p fId="1" fbTx="278.5621099" lbTx="278.5621155" tId="2" fbRx="278.5621221" lbRx="0" />
<p fId="1" fbTx="278.5621335" lbTx="278.5621391" tId="0" fbRx="278.5621456" lbRx="0" />
<p fId="1" fbTx="278.5621335" lbTx="278.5621391" tId="2" fbRx="278.5621456" lbRx="0" />
<p fId="1" fbTx="278.5621335" lbTx="278.5621391" tId="2" fbRx="278.5621456" lbRx="0" />
<p fId="1" fbTx="278.562146" lbTx="278.5621516" tId="0" fbRx="278.5621582" lbRx="0" />
<p fId="1" fbTx="278.562146" lbTx="278.5621516" tId="2" fbRx="278.5621582" lbRx="0" />
<p fId="1" fbTx="278.562146" lbTx="278.5621516" tId="2" fbRx="278.5621582" lbRx="0" />
<p fId="1" fbTx="278.5621586" lbTx="278.5621642" tId="0" fbRx="278.5621708" lbRx="0" />
<p fId="1" fbTx="278.5621586" lbTx="278.5621642" tId="2" fbRx="278.5621708" lbRx="0" />
<p fId="1" fbTx="278.5621586" lbTx="278.5621642" tId="2" fbRx="278.5621708" lbRx="0" />
<p fId="1" fbTx="278.5621732" lbTx="278.5621788" tId="0" fbRx="278.5621853" lbRx="0" />
<p fId="1" fbTx="278.5621732" lbTx="278.5621788" tId="2" fbRx="278.5621853" lbRx="0" />
<p fId="1" fbTx="278.5621732" lbTx="278.5621788" tId="2" fbRx="278.5621853" lbRx="0" />
<p fId="1" fbTx="278.5621857" lbTx="278.5621913" tId="0" fbRx="278.5621979" lbRx="0" />
<p fId="1" fbTx="278.5621857" lbTx="278.5621913" tId="2" fbRx="278.5621979" lbRx="0" />
<p fId="1" fbTx="278.5621857" lbTx="278.5621913" tId="2" fbRx="278.5621979" lbRx="0" />
<p fId="1" fbTx="278.5621993" lbTx="278.5622049" tId="0" fbRx="278.5622114" lbRx="0" />
<p fId="1" fbTx="278.5621993" lbTx="278.5622049" tId="2" fbRx="278.5622114" lbRx="0" />
<p fId="1" fbTx="278.5621993" lbTx="278.5622049" tId="2" fbRx="278.5622114" lbRx="0" />
<p fId="1" fbTx="278.5622128" lbTx="278.5622184" tId="0" fbRx="278.562225" lbRx="0" />
<p fId="1" fbTx="278.5622128" lbTx="278.5622184" tId="2" fbRx="278.562225" lbRx="0" />
<p fId="1" fbTx="278.5622128" lbTx="278.5622184" tId="2" fbRx="278.562225" lbRx="0" />
<p fId="1" fbTx="278.5622254" lbTx="278.562231" tId="0" fbRx="278.5622376" lbRx="0" />
<p fId="1" fbTx="278.5622254" lbTx="278.562231" tId="2" fbRx="278.5622376" lbRx="0" />
<p fId="1" fbTx="278.5622254" lbTx="278.562231" tId="2" fbRx="278.5622376" lbRx="0" />
<p fId="1" fbTx="278.562238" lbTx="278.5622436" tId="0" fbRx="278.5622501" lbRx="0" />
<p fId="1" fbTx="278.562238" lbTx="278.5622436" tId="2" fbRx="278.5622501" lbRx="0" />
<p fId="1" fbTx="278.562238" lbTx="278.5622436" tId="2" fbRx="278.5622501" lbRx="0" />
<p fId="1" fbTx="278.5622515" lbTx="278.5622571" tId="0" fbRx="278.5622637" lbRx="0" />
<p fId="1" fbTx="278.5622515" lbTx="278.5622571" tId="2" fbRx="278.5622637" lbRx="0" />
<p fId="1" fbTx="278.5622515" lbTx="278.5622571" tId="2" fbRx="278.5622637" lbRx="0" />
<p fId="1" fbTx="278.5622661" lbTx="278.5622717" tId="0" fbRx="278.5622782" lbRx="0" />
<p fId="1" fbTx="278.5622661" lbTx="278.5622717" tId="2" fbRx="278.5622782" lbRx="0" />
<p fId="1" fbTx="278.5622661" lbTx="278.5622717" tId="2" fbRx="278.5622782" lbRx="0" />
<p fId="1" fbTx="278.5622786" lbTx="278.5622842" tId="0" fbRx="278.5622908" lbRx="0" />
<p fId="1" fbTx="278.5622786" lbTx="278.5622842" tId="2" fbRx="278.5622908" lbRx="0" />
<p fId="1" fbTx="278.5622786" lbTx="278.5622842" tId="2" fbRx="278.5622908" lbRx="0" />
<p fId="1" fbTx="278.5622922" lbTx="278.5622978" tId="0" fbRx="278.5623044" lbRx="0" />
<p fId="1" fbTx="278.5622922" lbTx="278.5622978" tId="2" fbRx="278.5623044" lbRx="0" />
<p fId="1" fbTx="278.5622922" lbTx="278.5622978" tId="2" fbRx="278.5623044" lbRx="0" />
<p fId="1" fbTx="278.5623058" lbTx="278.5623114" tId="0" fbRx="278.5623179" lbRx="0" />
<p fId="1" fbTx="278.5623058" lbTx="278.5623114" tId="2" fbRx="278.5623179" lbRx="0" />
<p fId="1" fbTx="278.5623058" lbTx="278.5623114" tId="2" fbRx="278.5623179" lbRx="0" />
<p fId="1" fbTx="278.5623193" lbTx="278.5623249" tId="0" fbRx="278.5623315" lbRx="0" />
<p fId="1" fbTx="278.5623193" lbTx="278.5623249" tId="2" fbRx="278.5623315" lbRx="0" />
<p fId="1" fbTx="278.5623193" lbTx="278.5623249" tId="2" fbRx="278.5623315" lbRx="0" />
<p fId="1" fbTx="278.5623419" lbTx="278.5623475" tId="0" fbRx="278.562354" lbRx="0" />
<p fId="1" fbTx="278.5623419" lbTx="278.5623475" tId="2" fbRx="278.562354" lbRx="0" />
<p fId="1" fbTx="278.5623419" lbTx="278.5623475" tId="2" fbRx="278.562354" lbRx="0" />
<p fId="1" fbTx="278.5623564" lbTx="278.562362" tId="0" fbRx="278.5623686" lbRx="0" />
<p fId="1" fbTx="278.5623564" lbTx="278.562362" tId="2" fbRx="278.5623686" lbRx="0" />
<p fId="1" fbTx="278.5623564" lbTx="278.562362" tId="2" fbRx="278.5623686" lbRx="0" />
<p fId="1" fbTx="278.562371" lbTx="278.5623766" tId="0" fbRx="278.5623832" lbRx="0" />
<p fId="1" fbTx="278.562371" lbTx="278.5623766" tId="2" fbRx="278.5623832" lbRx="0" />
<p fId="1" fbTx="278.562371" lbTx="278.5623766" tId="2" fbRx="278.5623832" lbRx="0" />
<p fId="1" fbTx="278.5623936" lbTx="278.5623992" tId="0" fbRx="278.5624057" lbRx="0" />
<p fId="1" fbTx="278.5623936" lbTx="278.5623992" tId="2" fbRx="278.5624057" lbRx="0" />
<p fId="1" fbTx="278.5623936" lbTx="278.5623992" tId="2" fbRx="278.5624057" lbRx="0" />
<p fId="1" fbTx="278.5624121" lbTx="278.5624177" tId="0" fbRx="278.5624243" lbRx="0" />
<p fId="1" fbTx="278.5624121" lbTx="278.5624177" tId="2" fbRx="278.5624243" lbRx="0" />
<p fId="1" fbTx="278.5624121" lbTx="278.5624177" tId="2" fbRx="278.5624243" lbRx="0" />
<p fId="1" fbTx="278.5624277" lbTx="278.5624333" tId="0" fbRx="278.5624398" lbRx="0" />
<p fId="1" fbTx="278.5624277" lbTx="278.5624333" tId="2" fbRx="278.5624398" lbRx="0" />
<p fId="1" fbTx="278.5624277" lbTx="278.5624333" tId="2" fbRx="278.5624398" lbRx="0" />
<p fId="1" fbTx="278.5624402" lbTx="278.5624458" tId="0" fbRx="278.5624524" lbRx="0" />
<p fId="1" fbTx="278.5624402" lbTx="278.5624458" tId="2" fbRx="278.5624524" lbRx="0" />
<p fId="1" fbTx="278.5624402" lbTx="278.5624458" tId="2" fbRx="278.5624524" lbRx="0" />
<p fId="1" fbTx="278.5624558" lbTx="278.5624614" tId="0" fbRx="278.562468" lbRx="0" />
<p fId="1" fbTx="278.5624558" lbTx="278.5624614" tId="2" fbRx="278.562468" lbRx="0" />
<p fId="1" fbTx="278.5624558" lbTx="278.5624614" tId="2" fbRx="278.562468" lbRx="0" />
<p fId="1" fbTx="278.5624684" lbTx="278.562474" tId="0" fbRx="278.5624805" lbRx="0" />
<p fId="1" fbTx="278.5624684" lbTx="278.562474" tId="2" fbRx="278.5624805" lbRx="0" />
<p fId="1" fbTx="278.5624684" lbTx="278.562474" tId="2" fbRx="278.5624805" lbRx="0" />
<p fId="1" fbTx="278.5624819" lbTx="278.5624875" tId="0" fbRx="278.5624941" lbRx="0" />
<p fId="1" fbTx="278.5624819" lbTx="278.5624875" tId="2" fbRx="278.5624941" lbRx="0" />
<p fId="1" fbTx="278.5624819" lbTx="278.5624875" tId="2" fbRx="278.5624941" lbRx="0" />
<p fId="1" fbTx="278.5624945" lbTx="278.5625001" tId="0" fbRx="278.5625066" lbRx="0" />
<p fId="1" fbTx="278.5624945" lbTx="278.5625001" tId="2" fbRx="278.5625066" lbRx="0" />
<p fId="1" fbTx="278.5624945" lbTx="278.5625001" tId="2" fbRx="278.5625066" lbRx="0" />
<p fId="1" fbTx="278.562508" lbTx="278.5625136" tId="0" fbRx="278.5625202" lbRx="0" />
<p fId="1" fbTx="278.562508" lbTx="278.5625136" tId="2" fbRx="278.5625202" lbRx="0" />
<p fId="1" fbTx="278.562508" lbTx="278.5625136" tId="2" fbRx="278.5625202" lbRx="0" />
<p fId="1" fbTx="278.5625216" lbTx="278.5625272" tId="0" fbRx="278.5625338" lbRx="0" />
<p fId="1" fbTx="278.5625216" lbTx="278.5625272" tId="2" fbRx="278.5625338" lbRx="0" />
<p fId="1" fbTx="278.5625216" lbTx="278.5625272" tId="2" fbRx="278.5625338" lbRx="0" />
<p fId="1" fbTx="278.5625382" lbTx="278.5625438" tId="0" fbRx="278.5625503" lbRx="0" />
<p fId="1" fbTx="278.5625382" lbTx="278.5625438" tId="2" fbRx="278.5625503" lbRx="0" />
<p fId="1" fbTx="278.5625382" lbTx="278.5625438" tId="2" fbRx="278.5625503" lbRx="0" />
<p fId="1" fbTx="278.5625537" lbTx="278.5625593" tId="0" fbRx="278.5625659" lbRx="0" />
<p fId="1" fbTx="278.5625537" lbTx="278.5625593" tId="2" fbRx="278.5625659" lbRx="0" />
<p fId="1" fbTx="278.5625537" lbTx="278.5625593" tId="2" fbRx="278.5625659" lbRx="0" />
<p fId="1" fbTx="278.5625733" lbTx="278.5625789" tId="0" fbRx="278.5625854" lbRx="0" />
<p fId="1" fbTx="278.5625733" lbTx="278.5625789" tId="2" fbRx="278.5625854" lbRx="0" />
<p fId="1" fbTx="278.5625733" lbTx="278.5625789" tId="2" fbRx="278.5625854" lbRx="0" />
<p fId="1" fbTx="278.5625918" lbTx="278.5625974" tId="0" fbRx="278.562604" lbRx="0" />
<p fId="1" fbTx="278.5625918" lbTx="278.5625974" tId="2" fbRx="278.562604" lbRx="0" />
<p fId="1" fbTx="278.5625918" lbTx="278.5625974" tId="2" fbRx="278.562604" lbRx="0" />
<p fId="1" fbTx="278.5626114" lbTx="278.562617" tId="0" fbRx="278.5626236" lbRx="0" />
<p fId="1" fbTx="278.5626114" lbTx="278.562617" tId="2" fbRx="278.5626236" lbRx="0" />
<p fId="1" fbTx="278.5626114" lbTx="278.562617" tId="2" fbRx="278.5626236" lbRx="0" />
<p fId="1" fbTx="278.562627" lbTx="278.5626326" tId="0" fbRx="278.5626391" lbRx="0" />
<p fId="1" fbTx="278.562627" lbTx="278.5626326" tId="2" fbRx="278.5626391" lbRx="0" />
<p fId="1" fbTx="278.562627" lbTx="278.5626326" tId="2" fbRx="278.5626391" lbRx="0" />
<p fId="1" fbTx="278.5626425" lbTx="278.5626481" tId="0" fbRx="278.5626547" lbRx="0" />
<p fId="1" fbTx="278.5626425" lbTx="278.5626481" tId="2" fbRx="278.5626547" lbRx="0" />
<p fId="1" fbTx="278.5626425" lbTx="278.5626481" tId="2" fbRx="278.5626547" lbRx="0" />
<p fId="1" fbTx="278.5626551" lbTx="278.5626607" tId="0" fbRx="278.5626672" lbRx="0" />
<p fId="1" fbTx="278.5626551" lbTx="278.5626607" tId="2" fbRx="278.5626672" lbRx="0" />
<p fId="1" fbTx="278.5626551" lbTx="278.5626607" tId="2" fbRx="278.5626672" lbRx="0" />
<p fId="1" fbTx="278.5626676" lbTx="278.5626732" tId="0" fbRx="278.5626798" lbRx="0" />
<p fId="1" fbTx="278.5626676" lbTx="278.5626732" tId="2" fbRx="278.5626798" lbRx="0" />
<p fId="1" fbTx="278.5626676" lbTx="278.5626732" tId="2" fbRx="278.5626798" lbRx="0" />
<p fId="1" fbTx="278.5626862" lbTx="278.5626918" tId="0" fbRx="278.5626984" lbRx="0" />
<p fId="1" fbTx="278.5626862" lbTx="278.5626918" tId="2" fbRx="278.5626984" lbRx="0" />
<p fId="1" fbTx="278.5626862" lbTx="278.5626918" tId="2" fbRx="278.5626984" lbRx="0" />
<p fId="1" fbTx="278.5627098" lbTx="278.5627154" tId="0" fbRx="278.5627219" lbRx="0" />
<p fId="1" fbTx="278.5627098" lbTx="278.5627154" tId="2" fbRx="278.5627219" lbRx="0" />
<p fId="1" fbTx="278.5627098" lbTx="278.5627154" tId="2" fbRx="278.5627219" lbRx="0" />
<p fId="1" fbTx="278.5627303" lbTx="278.5627359" tId="0" fbRx="278.5627425" lbRx="0" />
<p fId="1" fbTx="278.5627303" lbTx="278.5627359" tId="2" fbRx="278.5627425" lbRx="0" />
<p fId="1" fbTx="278.5627303" lbTx="278.5627359" tId="2" fbRx="278.5627425" lbRx="0" />
<p fId="1" fbTx="278.5627489" lbTx="278.5627545" tId="0" fbRx="278.562761" lbRx="0" />
<p fId="1" fbTx="278.5627489" lbTx="278.5627545" tId="2" fbRx="278.562761" lbRx="0" />
<p fId="1" fbTx="278.5627489" lbTx="278.5627545" tId="2" fbRx="278.562761" lbRx="0" />
<p fId="1" fbTx="278.5627614" lbTx="278.562767" tId="0" fbRx="278.5627736" lbRx="0" />
<p fId="1" fbTx="278.5627614" lbTx="278.562767" tId="2" fbRx="278.5627736" lbRx="0" />
<p fId="1" fbTx="278.5627614" lbTx="278.562767" tId="2" fbRx="278.5627736" lbRx="0" />
<p fId="1" fbTx="278.562774" lbTx="278.5627796" tId="0" fbRx="278.5627862" lbRx="0" />
<p fId="1" fbTx="278.562774" lbTx="278.5627796" tId="2" fbRx="278.5627862" lbRx="0" />
<p fId="1" fbTx="278.562774" lbTx="278.5627796" tId="2" fbRx="278.5627862" lbRx="0" />
<p fId="1" fbTx="278.5627866" lbTx="278.5627922" tId="0" fbRx="278.5627987" lbRx="0" />
<p fId="1" fbTx="278.5627866" lbTx="278.5627922" tId="2" fbRx="278.5627987" lbRx="0" />
<p fId="1" fbTx="278.5627866" lbTx="278.5627922" tId="2" fbRx="278.5627987" lbRx="0" />
<p fId="1" fbTx="278.5628001" lbTx="278.5628057" tId="0" fbRx="278.5628123" lbRx="0" />
<p fId="1" fbTx="278.5628001" lbTx="278.5628057" tId="2" fbRx="278.5628123" lbRx="0" />
<p fId="1" fbTx="278.5628001" lbTx="278.5628057" tId="2" fbRx="278.5628123" lbRx="0" />
<p fId="1" fbTx="278.5628127" lbTx="278.5628183" tId="0" fbRx="278.5628248" lbRx="0" />
<p fId="1" fbTx="278.5628127" lbTx="278.5628183" tId="2" fbRx="278.5628248" lbRx="0" />
<p fId="1" fbTx="278.5628127" lbTx="278.5628183" tId="2" fbRx="278.5628248" lbRx="0" />
<p fId="1" fbTx="278.5628332" lbTx="278.5628388" tId="0" fbRx="278.5628454" lbRx="0" />
<p fId="1" fbTx="278.5628332" lbTx="278.5628388" tId="2" fbRx="278.5628454" lbRx="0" />
<p fId="1" fbTx="278.5628332" lbTx="278.5628388" tId="2" fbRx="278.5628454" lbRx="0" />
<p fId="1" fbTx="278.5628468" lbTx="278.5628524" tId="0" fbRx="278.562859" lbRx="0" />
<p fId="1" fbTx="278.5628468" lbTx="278.5628524" tId="2" fbRx="278.562859" lbRx="0" />
<p fId="1" fbTx="278.5628468" lbTx="278.5628524" tId="2" fbRx="278.562859" lbRx="0" />
<p fId="1" fbTx="278.5628594" lbTx="278.562865" tId="0" fbRx="278.5628715" lbRx="0" />
<p fId="1" fbTx="278.5628594" lbTx="278.562865" tId="2" fbRx="278.5628715" lbRx="0" />
<p fId="1" fbTx="278.5628594" lbTx="278.562865" tId="2" fbRx="278.5628715" lbRx="0" />
<p fId="1" fbTx="278.5628739" lbTx="278.5628795" tId="0" fbRx="278.5628861" lbRx="0" />
<p fId="1" fbTx="278.5628739" lbTx="278.5628795" tId="2" fbRx="278.5628861" lbRx="0" />
<p fId="1" fbTx="278.5628739" lbTx="278.5628795" tId="2" fbRx="278.5628861" lbRx="0" />
<p fId="1" fbTx="278.5628865" lbTx="278.5628921" tId="0" fbRx="278.5628986" lbRx="0" />
<p fId="1" fbTx="278.5628865" lbTx="278.5628921" tId="2" fbRx="278.5628986" lbRx="0" />
<p fId="1" fbTx="278.5628865" lbTx="278.5628921" tId="2" fbRx="278.5628986" lbRx="0" />
<p fId="1" fbTx="278.562901" lbTx="278.5629066" tId="0" fbRx="278.5629132" lbRx="0" />
<p fId="1" fbTx="278.562901" lbTx="278.5629066" tId="2" fbRx="278.5629132" lbRx="0" />
<p fId="1" fbTx="278.562901" lbTx="278.5629066" tId="2" fbRx="278.5629132" lbRx="0" />
<p fId="1" fbTx="278.5629226" lbTx="278.5629282" tId="0" fbRx="278.5629348" lbRx="0" />
<p fId="1" fbTx="278.5629226" lbTx="278.5629282" tId="2" fbRx="278.5629348" lbRx="0" />
<p fId="1" fbTx="278.5629226" lbTx="278.5629282" tId="2" fbRx="278.5629348" lbRx="0" />
<p fId="0" fbTx="284.1297712" lbTx="284.1298048" tId="1" fbRx="284.1298114" lbRx="0" />
<p fId="0" fbTx="284.1297712" lbTx="284.1298048" tId="2" fbRx="284.1298114" lbRx="0" />
<p fId="0" fbTx="284.1297712" lbTx="284.1298048" tId="2" fbRx="284.1298114" lbRx="0" />
<p fId="2" fbTx="284.1298114" lbTx="284.1298599" tId="0" fbRx="284.1298664" lbRx="0" />
<p fId="2" fbTx="284.1298114" lbTx="284.1298599" tId="0" fbRx="284.1298664" lbRx="0" />
<p fId="2" fbTx="284.1298114" lbTx="284.1298599" tId="1" fbRx="284.1298664" lbRx="0" />
<p fId="2" fbTx="284.1298678" lbTx="284.1299163" tId="0" fbRx="284.1299229" lbRx="0" />
<p fId="2" fbTx="284.1298678" lbTx="284.1299163" tId="0" fbRx="284.1299229" lbRx="0" />
<p fId="2" fbTx="284.1298678" lbTx="284.1299163" tId="1" fbRx="284.1299229" lbRx="0" />
<p fId="0" fbTx="284.1299239" lbTx="284.1299295" tId="1" fbRx="284.129936" lbRx="0" />
<p fId="0" fbTx="284.1299239" lbTx="284.1299295" tId="2" fbRx="284.129936" lbRx="0" />
<p fId="0" fbTx="284.1299239" lbTx="284.1299295" tId="2" fbRx="284.129936" lbRx="0" />
<p fId="2" fbTx="284.1299423" lbTx="284.1299908" tId="0" fbRx="284.1299973" lbRx="0" />
<p fId="2" fbTx="284.1299423" lbTx="284.1299908" tId="0" fbRx="284.1299973" lbRx="0" />
<p fId="2" fbTx="284.1299423" lbTx="284.1299908" tId="1" fbRx="284.1299973" lbRx="0" />
<p fId="2" fbTx="284.1299987" lbTx="284.1300472" tId="0" fbRx="284.1300538" lbRx="0" />
<p fId="2" fbTx="284.1299987" lbTx="284.1300472" tId="0" fbRx="284.1300538" lbRx="0" />
<p fId="2" fbTx="284.1299987" lbTx="284.1300472" tId="1" fbRx="284.1300538" lbRx="0" />
<p fId="0" fbTx="284.1300548" lbTx="284.1300604" tId="1" fbRx="284.1300669" lbRx="0" />
<p fId="0" fbTx="284.1300548" lbTx="284.1300604" tId="2" fbRx="284.1300669" lbRx="0" />
<p fId="0" fbTx="284.1300548" lbTx="284.1300604" tId="2" fbRx="284.1300669" lbRx="0" />
<p fId="2" fbTx="284.1300822" lbTx="284.1301306" tId="0" fbRx="284.1301372" lbRx="0" />
<p fId="2" fbTx="284.1300822" lbTx="284.1301306" tId="0" fbRx="284.1301372" lbRx="0" />
<p fId="2" fbTx="284.1300822" lbTx="284.1301306" tId="1" fbRx="284.1301372" lbRx="0" />
<p fId="2" fbTx="284.1301396" lbTx="284.1301881" tId="0" fbRx="284.1301946" lbRx="0" />
<p fId="2" fbTx="284.1301396" lbTx="284.1301881" tId="0" fbRx="284.1301946" lbRx="0" />
<p fId="2" fbTx="284.1301396" lbTx="284.1301881" tId="1" fbRx="284.1301946" lbRx="0" />
<p fId="0" fbTx="284.1301956" lbTx="284.1302012" tId="1" fbRx="284.1302078" lbRx="0" />
<p fId="0" fbTx="284.1301956" lbTx="284.1302012" tId="2" fbRx="284.1302078" lbRx="0" />
<p fId="0" fbTx="284.1301956" lbTx="284.1302012" tId="2" fbRx="284.1302078" lbRx="0" />
<p fId="2" fbTx="284.130221" lbTx="284.1302695" tId="0" fbRx="284.1302761" lbRx="0" />
<p fId="2" fbTx="284.130221" lbTx="284.1302695" tId="0" fbRx="284.1302761" lbRx="0" />
<p fId="2" fbTx="284.130221" lbTx="284.1302695" tId="1" fbRx="284.1302761" lbRx="0" />
<p fId="2" fbTx="284.1302825" lbTx="284.130331" tId="0" fbRx="284.1303375" lbRx="0" />
<p fId="2" fbTx="284.1302825" lbTx="284.130331" tId="0" fbRx="284.1303375" lbRx="0" />
<p fId="2" fbTx="284.1302825" lbTx="284.130331" tId="1" fbRx="284.1303375" lbRx="0" />
<p fId="2" fbTx="284.1303379" lbTx="284.1303864" tId="0" fbRx="284.130393" lbRx="0" />
<p fId="2" fbTx="284.1303379" lbTx="284.1303864" tId="0" fbRx="284.130393" lbRx="0" />
<p fId="2" fbTx="284.1303379" lbTx="284.1303864" tId="1" fbRx="284.130393" lbRx="0" />
<p fId="2" fbTx="284.1303944" lbTx="284.1304428" tId="0" fbRx="284.1304494" lbRx="0" />
<p fId="2" fbTx="284.1303944" lbTx="284.1304428" tId="0" fbRx="284.1304494" lbRx="0" />
<p fId="2" fbTx="284.1303944" lbTx="284.1304428" tId="1" fbRx="284.1304494" lbRx="0" />
<p fId="2" fbTx="284.1304548" lbTx="284.1305033" tId="0" fbRx="284.1305098" lbRx="0" />
<p fId="2" fbTx="284.1304548" lbTx="284.1305033" tId="0" fbRx="284.1305098" lbRx="0" />
<p fId="2" fbTx="284.1304548" lbTx="284.1305033" tId="1" fbRx="284.1305098" lbRx="0" />
<p fId="2" fbTx="284.1305122" lbTx="284.1305607" tId="0" fbRx="284.1305673" lbRx="0" />
<p fId="2" fbTx="284.1305122" lbTx="284.1305607" tId="0" fbRx="284.1305673" lbRx="0" />
<p fId="2" fbTx="284.1305122" lbTx="284.1305607" tId="1" fbRx="284.1305673" lbRx="0" />
<p fId="2" fbTx="284.1305697" lbTx="284.1306182" tId="0" fbRx="284.1306247" lbRx="0" />
<p fId="2" fbTx="284.1305697" lbTx="284.1306182" tId="0" fbRx="284.1306247" lbRx="0" />
<p fId="2" fbTx="284.1305697" lbTx="284.1306182" tId="1" fbRx="284.1306247" lbRx="0" />
<p fId="2" fbTx="284.1306301" lbTx="284.1306786" tId="0" fbRx="284.1306852" lbRx="0" />
<p fId="2" fbTx="284.1306301" lbTx="284.1306786" tId="0" fbRx="284.1306852" lbRx="0" />
<p fId="2" fbTx="284.1306301" lbTx="284.1306786" tId="1" fbRx="284.1306852" lbRx="0" />
<p fId="2" fbTx="284.1306856" lbTx="284.130734" tId="0" fbRx="284.1307406" lbRx="0" />
<p fId="2" fbTx="284.1306856" lbTx="284.130734" tId="0" fbRx="284.1307406" lbRx="0" />
<p fId="2" fbTx="284.1306856" lbTx="284.130734" tId="1" fbRx="284.1307406" lbRx="0" />
<p fId="2" fbTx="284.130746" lbTx="284.1307945" tId="0" fbRx="284.130801" lbRx="0" />
<p fId="2" fbTx="284.130746" lbTx="284.1307945" tId="0" fbRx="284.130801" lbRx="0" />
<p fId="2" fbTx="284.130746" lbTx="284.1307945" tId="1" fbRx="284.130801" lbRx="0" />
<p fId="2" fbTx="284.1308014" lbTx="284.1308499" tId="0" fbRx="284.1308565" lbRx="0" />
<p fId="2" fbTx="284.1308014" lbTx="284.1308499" tId="0" fbRx="284.1308565" lbRx="0" />
<p fId="2" fbTx="284.1308014" lbTx="284.1308499" tId="1" fbRx="284.1308565" lbRx="0" />
<p fId="2" fbTx="284.1308609" lbTx="284.1309094" tId="0" fbRx="284.1309159" lbRx="0" />
<p fId="2" fbTx="284.1308609" lbTx="284.1309094" tId="0" fbRx="284.1309159" lbRx="0" />
<p fId="2" fbTx="284.1308609" lbTx="284.1309094" tId="1" fbRx="284.1309159" lbRx="0" />
<p fId="2" fbTx="284.1309173" lbTx="284.1309658" tId="0" fbRx="284.1309724" lbRx="0" />
<p fId="2" fbTx="284.1309173" lbTx="284.1309658" tId="0" fbRx="284.1309724" lbRx="0" />
<p fId="2" fbTx="284.1309173" lbTx="284.1309658" tId="1" fbRx="284.1309724" lbRx="0" />
<p fId="2" fbTx="284.1309758" lbTx="284.1310242" tId="0" fbRx="284.1310308" lbRx="0" />
<p fId="2" fbTx="284.1309758" lbTx="284.1310242" tId="0" fbRx="284.1310308" lbRx="0" />
<p fId="2" fbTx="284.1309758" lbTx="284.1310242" tId="1" fbRx="284.1310308" lbRx="0" />
<p fId="2" fbTx="284.1310312" lbTx="284.1310797" tId="0" fbRx="284.1310862" lbRx="0" />
<p fId="2" fbTx="284.1310312" lbTx="284.1310797" tId="0" fbRx="284.1310862" lbRx="0" />
<p fId="2" fbTx="284.1310312" lbTx="284.1310797" tId="1" fbRx="284.1310862" lbRx="0" />
<p fId="2" fbTx="284.1311076" lbTx="284.1311561" tId="0" fbRx="284.1311627" lbRx="0" />
<p fId="2" fbTx="284.1311076" lbTx="284.1311561" tId="0" fbRx="284.1311627" lbRx="0" />
<p fId="2" fbTx="284.1311076" lbTx="284.1311561" tId="1" fbRx="284.1311627" lbRx="0" />
<p fId="2" fbTx="284.1311641" lbTx="284.1312126" tId="0" fbRx="284.1312191" lbRx="0" />
<p fId="2" fbTx="284.1311641" lbTx="284.1312126" tId="0" fbRx="284.1312191" lbRx="0" />
<p fId="2" fbTx="284.1311641" lbTx="284.1312126" tId="1" fbRx="284.1312191" lbRx="0" />
<p fId="2" fbTx="284.1312215" lbTx="284.13127" tId="0" fbRx="284.1312766" lbRx="0" />
<p fId="2" fbTx="284.1312215" lbTx="284.13127" tId="0" fbRx="284.1312766" lbRx="0" />
<p fId="2" fbTx="284.1312215" lbTx="284.13127" tId="1" fbRx="284.1312766" lbRx="0" />
<p fId="2" fbTx="284.131287" lbTx="284.1313354" tId="0" fbRx="284.131342" lbRx="0" />
<p fId="2" fbTx="284.131287" lbTx="284.1313354" tId="0" fbRx="284.131342" lbRx="0" />
<p fId="2" fbTx="284.131287" lbTx="284.1313354" tId="1" fbRx="284.131342" lbRx="0" />
<p fId="2" fbTx="284.1313424" lbTx="284.1313909" tId="0" fbRx="284.1313974" lbRx="0" />
<p fId="2" fbTx="284.1313424" lbTx="284.1313909" tId="0" fbRx="284.1313974" lbRx="0" />
<p fId="2" fbTx="284.1313424" lbTx="284.1313909" tId="1" fbRx="284.1313974" lbRx="0" />
<p fId="2" fbTx="284.1313988" lbTx="284.1314473" tId="0" fbRx="284.1314539" lbRx="0" />
<p fId="2" fbTx="284.1313988" lbTx="284.1314473" tId="0" fbRx="284.1314539" lbRx="0" />
<p fId="2" fbTx="284.1313988" lbTx="284.1314473" tId="1" fbRx="284.1314539" lbRx="0" />
<p fId="2" fbTx="284.1314543" lbTx="284.1315028" tId="0" fbRx="284.1315093" lbRx="0" />
<p fId="2" fbTx="284.1314543" lbTx="284.1315028" tId="0" fbRx="284.1315093" lbRx="0" />
<p fId="2" fbTx="284.1314543" lbTx="284.1315028" tId="1" fbRx="284.1315093" lbRx="0" />
<p fId="2" fbTx="284.1315117" lbTx="284.1315602" tId="0" fbRx="284.1315668" lbRx="0" />
<p fId="2" fbTx="284.1315117" lbTx="284.1315602" tId="0" fbRx="284.1315668" lbRx="0" />
<p fId="2" fbTx="284.1315117" lbTx="284.1315602" tId="1" fbRx="284.1315668" lbRx="0" />
<p fId="2" fbTx="284.1315682" lbTx="284.1316166" tId="0" fbRx="284.1316232" lbRx="0" />
<p fId="2" fbTx="284.1315682" lbTx="284.1316166" tId="0" fbRx="284.1316232" lbRx="0" />
<p fId="2" fbTx="284.1315682" lbTx="284.1316166" tId="1" fbRx="284.1316232" lbRx="0" />
<p fId="2" fbTx="284.1316256" lbTx="284.1316741" tId="0" fbRx="284.1316806" lbRx="0" />
<p fId="2" fbTx="284.1316256" lbTx="284.1316741" tId="0" fbRx="284.1316806" lbRx="0" />
<p fId="2" fbTx="284.1316256" lbTx="284.1316741" tId="1" fbRx="284.1316806" lbRx="0" />
<p fId="2" fbTx="284.131683" lbTx="284.1317315" tId="0" fbRx="284.1317381" lbRx="0" />
<p fId="2" fbTx="284.131683" lbTx="284.1317315" tId="0" fbRx="284.1317381" lbRx="0" />
<p fId="2" fbTx="284.131683" lbTx="284.1317315" tId="1" fbRx="284.1317381" lbRx="0" />
<p fId="2" fbTx="284.1317395" lbTx="284.131788" tId="0" fbRx="284.1317945" lbRx="0" />
<p fId="2" fbTx="284.1317395" lbTx="284.131788" tId="0" fbRx="284.1317945" lbRx="0" />
<p fId="2" fbTx="284.1317395" lbTx="284.131788" tId="1" fbRx="284.1317945" lbRx="0" />
<p fId="2" fbTx="284.1317969" lbTx="284.1318454" tId="0" fbRx="284.131852" lbRx="0" />
<p fId="2" fbTx="284.1317969" lbTx="284.1318454" tId="0" fbRx="284.131852" lbRx="0" />
<p fId="2" fbTx="284.1317969" lbTx="284.1318454" tId="1" fbRx="284.131852" lbRx="0" />
<p fId="2" fbTx="284.1318534" lbTx="284.1319018" tId="0" fbRx="284.1319084" lbRx="0" />
<p fId="2" fbTx="284.1318534" lbTx="284.1319018" tId="0" fbRx="284.1319084" lbRx="0" />
<p fId="2" fbTx="284.1318534" lbTx="284.1319018" tId="1" fbRx="284.1319084" lbRx="0" />
<p fId="2" fbTx="284.1319108" lbTx="284.1319593" tId="0" fbRx="284.1319658" lbRx="0" />
<p fId="2" fbTx="284.1319108" lbTx="284.1319593" tId="0" fbRx="284.1319658" lbRx="0" />
<p fId="2" fbTx="284.1319108" lbTx="284.1319593" tId="1" fbRx="284.1319658" lbRx="0" />
<p fId="2" fbTx="284.1319772" lbTx="284.1320257" tId="0" fbRx="284.1320323" lbRx="0" />
<p fId="2" fbTx="284.1319772" lbTx="284.1320257" tId="0" fbRx="284.1320323" lbRx="0" />
<p fId="2" fbTx="284.1319772" lbTx="284.1320257" tId="1" fbRx="284.1320323" lbRx="0" />
<p fId="2" fbTx="284.1320337" lbTx="284.1320822" tId="0" fbRx="284.1320887" lbRx="0" />
<p fId="2" fbTx="284.1320337" lbTx="284.1320822" tId="0" fbRx="284.1320887" lbRx="0" />
<p fId="2" fbTx="284.1320337" lbTx="284.1320822" tId="1" fbRx="284.1320887" lbRx="0" />
<p fId="2" fbTx="284.1321011" lbTx="284.1321496" tId="0" fbRx="284.1321562" lbRx="0" />
<p fId="2" fbTx="284.1321011" lbTx="284.1321496" tId="0" fbRx="284.1321562" lbRx="0" />
<p fId="2" fbTx="284.1321011" lbTx="284.1321496" tId="1" fbRx="284.1321562" lbRx="0" />
<p fId="2" fbTx="284.1321596" lbTx="284.132208" tId="0" fbRx="284.1322146" lbRx="0" />
<p fId="2" fbTx="284.1321596" lbTx="284.132208" tId="0" fbRx="284.1322146" lbRx="0" />
<p fId="2" fbTx="284.1321596" lbTx="284.132208" tId="1" fbRx="284.1322146" lbRx="0" />
<p fId="2" fbTx="284.132217" lbTx="284.1322655" tId="0" fbRx="284.132272" lbRx="0" />
<p fId="2" fbTx="284.132217" lbTx="284.1322655" tId="0" fbRx="284.132272" lbRx="0" />
<p fId="2" fbTx="284.132217" lbTx="284.1322655" tId="1" fbRx="284.132272" lbRx="0" />
<p fId="2" fbTx="284.1322724" lbTx="284.1323209" tId="0" fbRx="284.1323275" lbRx="0" />
<p fId="2" fbTx="284.1322724" lbTx="284.1323209" tId="0" fbRx="284.1323275" lbRx="0" />
<p fId="2" fbTx="284.1322724" lbTx="284.1323209" tId="1" fbRx="284.1323275" lbRx="0" />
<p fId="2" fbTx="284.1323299" lbTx="284.1323784" tId="0" fbRx="284.1323849" lbRx="0" />
<p fId="2" fbTx="284.1323299" lbTx="284.1323784" tId="0" fbRx="284.1323849" lbRx="0" />
<p fId="2" fbTx="284.1323299" lbTx="284.1323784" tId="1" fbRx="284.1323849" lbRx="0" />
<p fId="2" fbTx="284.1323883" lbTx="284.1324368" tId="0" fbRx="284.1324434" lbRx="0" />
<p fId="2" fbTx="284.1323883" lbTx="284.1324368" tId="0" fbRx="284.1324434" lbRx="0" />
<p fId="2" fbTx="284.1323883" lbTx="284.1324368" tId="1" fbRx="284.1324434" lbRx="0" />
<p fId="2" fbTx="284.1324448" lbTx="284.1324932" tId="0" fbRx="284.1324998" lbRx="0" />
<p fId="2" fbTx="284.1324448" lbTx="284.1324932" tId="0" fbRx="284.1324998" lbRx="0" />
<p fId="2" fbTx="284.1324448" lbTx="284.1324932" tId="1" fbRx="284.1324998" lbRx="0" />
<p fId="2" fbTx="284.1325012" lbTx="284.1325497" tId="0" fbRx="284.1325562" lbRx="0" />
<p fId="2" fbTx="284.1325012" lbTx="284.1325497" tId="0" fbRx="284.1325562" lbRx="0" />
<p fId="2" fbTx="284.1325012" lbTx="284.1325497" tId="1" fbRx="284.1325562" lbRx="0" />
<p fId="2" fbTx="284.1325576" lbTx="284.1326061" tId="0" fbRx="284.1326127" lbRx="0" />
<p fId="2" fbTx="284.1325576" lbTx="284.1326061" tId="0" fbRx="284.1326127" lbRx="0" />
<p fId="2" fbTx="284.1325576" lbTx="284.1326061" tId="1" fbRx="284.1326127" lbRx="0" />
<p fId="2" fbTx="284.1326141" lbTx="284.1326626" tId="0" fbRx="284.1326691" lbRx="0" />
<p fId="2" fbTx="284.1326141" lbTx="284.1326626" tId="0" fbRx="284.1326691" lbRx="0" />
<p fId="2" fbTx="284.1326141" lbTx="284.1326626" tId="1" fbRx="284.1326691" lbRx="0" />
<p fId="2" fbTx="284.1326795" lbTx="284.132728" tId="0" fbRx="284.1327346" lbRx="0" />
<p fId="2" fbTx="284.1326795" lbTx="284.132728" tId="0" fbRx="284.1327346" lbRx="0" />
<p fId="2" fbTx="284.1326795" lbTx="284.132728" tId="1" fbRx="284.1327346" lbRx="0" />
<p fId="2" fbTx="284.132737" lbTx="284.1327854" tId="0" fbRx="284.132792" lbRx="0" />
<p fId="2" fbTx="284.132737" lbTx="284.1327854" tId="0" fbRx="284.132792" lbRx="0" />
<p fId="2" fbTx="284.132737" lbTx="284.1327854" tId="1" fbRx="284.132792" lbRx="0" />
<p fId="2" fbTx="284.1327924" lbTx="284.1328409" tId="0" fbRx="284.1328474" lbRx="0" />
<p fId="2" fbTx="284.1327924" lbTx="284.1328409" tId="0" fbRx="284.1328474" lbRx="0" />
<p fId="2" fbTx="284.1327924" lbTx="284.1328409" tId="1" fbRx="284.1328474" lbRx="0" />
<p fId="2" fbTx="284.1328478" lbTx="284.1328963" tId="0" fbRx="284.1329029" lbRx="0" />
<p fId="2" fbTx="284.1328478" lbTx="284.1328963" tId="0" fbRx="284.1329029" lbRx="0" />
<p fId="2" fbTx="284.1328478" lbTx="284.1328963" tId="1" fbRx="284.1329029" lbRx="0" />
<p fId="2" fbTx="284.1329123" lbTx="284.1329608" tId="0" fbRx="284.1329673" lbRx="0" />
<p fId="2" fbTx="284.1329123" lbTx="284.1329608" tId="0" fbRx="284.1329673" lbRx="0" />
<p fId="2" fbTx="284.1329123" lbTx="284.1329608" tId="1" fbRx="284.1329673" lbRx="0" />
<p fId="2" fbTx="284.1329677" lbTx="284.1330162" tId="0" fbRx="284.1330228" lbRx="0" />
<p fId="2" fbTx="284.1329677" lbTx="284.1330162" tId="0" fbRx="284.1330228" lbRx="0" />
<p fId="2" fbTx="284.1329677" lbTx="284.1330162" tId="1" fbRx="284.1330228" lbRx="0" />
<p fId="2" fbTx="284.1330252" lbTx="284.1330736" tId="0" fbRx="284.1330802" lbRx="0" />
<p fId="2" fbTx="284.1330252" lbTx="284.1330736" tId="0" fbRx="284.1330802" lbRx="0" />
<p fId="2" fbTx="284.1330252" lbTx="284.1330736" tId="1" fbRx="284.1330802" lbRx="0" />
<p fId="2" fbTx="284.1330826" lbTx="284.1331311" tId="0" fbRx="284.1331376" lbRx="0" />
<p fId="2" fbTx="284.1330826" lbTx="284.1331311" tId="0" fbRx="284.1331376" lbRx="0" />
<p fId="2" fbTx="284.1330826" lbTx="284.1331311" tId="1" fbRx="284.1331376" lbRx="0" />
<p fId="2" fbTx="284.13314" lbTx="284.1331885" tId="0" fbRx="284.1331951" lbRx="0" />
<p fId="2" fbTx="284.13314" lbTx="284.1331885" tId="0" fbRx="284.1331951" lbRx="0" />
<p fId="2" fbTx="284.13314" lbTx="284.1331885" tId="1" fbRx="284.1331951" lbRx="0" />
<p fId="2" fbTx="284.1331975" lbTx="284.133246" tId="0" fbRx="284.1332525" lbRx="0" />
<p fId="2" fbTx="284.1331975" lbTx="284.133246" tId="0" fbRx="284.1332525" lbRx="0" />
<p fId="2" fbTx="284.1331975" lbTx="284.133246" tId="1" fbRx="284.1332525" lbRx="0" />
<p fId="2" fbTx="284.1332529" lbTx="284.1333014" tId="0" fbRx="284.133308" lbRx="0" />
<p fId="2" fbTx="284.1332529" lbTx="284.1333014" tId="0" fbRx="284.133308" lbRx="0" />
<p fId="2" fbTx="284.1332529" lbTx="284.1333014" tId="1" fbRx="284.133308" lbRx="0" />
<p fId="2" fbTx="284.1333094" lbTx="284.1333578" tId="0" fbRx="284.1333644" lbRx="0" />
<p fId="2" fbTx="284.1333094" lbTx="284.1333578" tId="0" fbRx="284.1333644" lbRx="0" />
<p fId="2" fbTx="284.1333094" lbTx="284.1333578" tId="1" fbRx="284.1333644" lbRx="0" />
<p fId="2" fbTx="284.1333648" lbTx="284.1334133" tId="0" fbRx="284.1334198" lbRx="0" />
<p fId="2" fbTx="284.1333648" lbTx="284.1334133" tId="0" fbRx="284.1334198" lbRx="0" />
<p fId="2" fbTx="284.1333648" lbTx="284.1334133" tId="1" fbRx="284.1334198" lbRx="0" />
<p fId="2" fbTx="284.1334232" lbTx="284.1334717" tId="0" fbRx="284.1334783" lbRx="0" />
<p fId="2" fbTx="284.1334232" lbTx="284.1334717" tId="0" fbRx="284.1334783" lbRx="0" />
<p fId="2" fbTx="284.1334232" lbTx="284.1334717" tId="1" fbRx="284.1334783" lbRx="0" />
<p fId="2" fbTx="284.1334787" lbTx="284.1335272" tId="0" fbRx="284.1335337" lbRx="0" />
<p fId="2" fbTx="284.1334787" lbTx="284.1335272" tId="0" fbRx="284.1335337" lbRx="0" />
<p fId="2" fbTx="284.1334787" lbTx="284.1335272" tId="1" fbRx="284.1335337" lbRx="0" />
<p fId="2" fbTx="284.1335361" lbTx="284.1335846" tId="0" fbRx="284.1335912" lbRx="0" />
<p fId="2" fbTx="284.1335361" lbTx="284.1335846" tId="0" fbRx="284.1335912" lbRx="0" />
<p fId="2" fbTx="284.1335361" lbTx="284.1335846" tId="1" fbRx="284.1335912" lbRx="0" />
<p fId="2" fbTx="284.1335946" lbTx="284.133643" tId="0" fbRx="284.1336496" lbRx="0" />
<p fId="2" fbTx="284.1335946" lbTx="284.133643" tId="0" fbRx="284.1336496" lbRx="0" />
<p fId="2" fbTx="284.1335946" lbTx="284.133643" tId="1" fbRx="284.1336496" lbRx="0" />
<p fId="2" fbTx="284.133658" lbTx="284.1337065" tId="0" fbRx="284.133713" lbRx="0" />
<p fId="2" fbTx="284.133658" lbTx="284.1337065" tId="0" fbRx="284.133713" lbRx="0" />
<p fId="2" fbTx="284.133658" lbTx="284.1337065" tId="1" fbRx="284.133713" lbRx="0" />
<p fId="2" fbTx="284.1337194" lbTx="284.1337679" tId="0" fbRx="284.1337745" lbRx="0" />
<p fId="2" fbTx="284.1337194" lbTx="284.1337679" tId="0" fbRx="284.1337745" lbRx="0" />
<p fId="2" fbTx="284.1337194" lbTx="284.1337679" tId="1" fbRx="284.1337745" lbRx="0" />
<p fId="2" fbTx="284.1337839" lbTx="284.1338324" tId="0" fbRx="284.1338389" lbRx="0" />
<p fId="2" fbTx="284.1337839" lbTx="284.1338324" tId="0" fbRx="284.1338389" lbRx="0" />
<p fId="2" fbTx="284.1337839" lbTx="284.1338324" tId="1" fbRx="284.1338389" lbRx="0" />
<p fId="2" fbTx="284.1338413" lbTx="284.1338898" tId="0" fbRx="284.1338964" lbRx="0" />
<p fId="2" fbTx="284.1338413" lbTx="284.1338898" tId="0" fbRx="284.1338964" lbRx="0" />
<p fId="2" fbTx="284.1338413" lbTx="284.1338898" tId="1" fbRx="284.1338964" lbRx="0" />
<p fId="2" fbTx="284.1338998" lbTx="284.1339482" tId="0" fbRx="284.1339548" lbRx="0" />
<p fId="2" fbTx="284.1338998" lbTx="284.1339482" tId="0" fbRx="284.1339548" lbRx="0" />
<p fId="2" fbTx="284.1338998" lbTx="284.1339482" tId="1" fbRx="284.1339548" lbRx="0" />
<p fId="2" fbTx="284.1339652" lbTx="284.1340137" tId="0" fbRx="284.1340202" lbRx="0" />
<p fId="2" fbTx="284.1339652" lbTx="284.1340137" tId="0" fbRx="284.1340202" lbRx="0" />
<p fId="2" fbTx="284.1339652" lbTx="284.1340137" tId="1" fbRx="284.1340202" lbRx="0" />
<p fId="2" fbTx="284.1340206" lbTx="284.1340691" tId="0" fbRx="284.1340757" lbRx="0" />
<p fId="2" fbTx="284.1340206" lbTx="284.1340691" tId="0" fbRx="284.1340757" lbRx="0" />
<p fId="2" fbTx="284.1340206" lbTx="284.1340691" tId="1" fbRx="284.1340757" lbRx="0" />
<p fId="2" fbTx="284.1340821" lbTx="284.1341306" tId="0" fbRx="284.1341371" lbRx="0" />
<p fId="2" fbTx="284.1340821" lbTx="284.1341306" tId="0" fbRx="284.1341371" lbRx="0" />
<p fId="2" fbTx="284.1340821" lbTx="284.1341306" tId="1" fbRx="284.1341371" lbRx="0" />
<p fId="2" fbTx="284.1341385" lbTx="284.134187" tId="0" fbRx="284.1341936" lbRx="0" />
<p fId="2" fbTx="284.1341385" lbTx="284.134187" tId="0" fbRx="284.1341936" lbRx="0" />
<p fId="2" fbTx="284.1341385" lbTx="284.134187" tId="1" fbRx="284.1341936" lbRx="0" />
<p fId="2" fbTx="284.134197" lbTx="284.1342454" tId="0" fbRx="284.134252" lbRx="0" />
<p fId="2" fbTx="284.134197" lbTx="284.1342454" tId="0" fbRx="284.134252" lbRx="0" />
<p fId="2" fbTx="284.134197" lbTx="284.1342454" tId="1" fbRx="284.134252" lbRx="0" />
<p fId="2" fbTx="284.1342544" lbTx="284.1343029" tId="0" fbRx="284.1343094" lbRx="0" />
<p fId="2" fbTx="284.1342544" lbTx="284.1343029" tId="0" fbRx="284.1343094" lbRx="0" />
<p fId="2" fbTx="284.1342544" lbTx="284.1343029" tId="1" fbRx="284.1343094" lbRx="0" />
<p fId="2" fbTx="284.1343118" lbTx="284.1343603" tId="0" fbRx="284.1343669" lbRx="0" />
<p fId="2" fbTx="284.1343118" lbTx="284.1343603" tId="0" fbRx="284.1343669" lbRx="0" />
<p fId="2" fbTx="284.1343118" lbTx="284.1343603" tId="1" fbRx="284.1343669" lbRx="0" />
<p fId="2" fbTx="284.1343803" lbTx="284.1344288" tId="0" fbRx="284.1344353" lbRx="0" />
<p fId="2" fbTx="284.1343803" lbTx="284.1344288" tId="0" fbRx="284.1344353" lbRx="0" />
<p fId="2" fbTx="284.1343803" lbTx="284.1344288" tId="1" fbRx="284.1344353" lbRx="0" />
<p fId="2" fbTx="284.1344357" lbTx="284.1344842" tId="0" fbRx="284.1344908" lbRx="0" />
<p fId="2" fbTx="284.1344357" lbTx="284.1344842" tId="0" fbRx="284.1344908" lbRx="0" />
<p fId="2" fbTx="284.1344357" lbTx="284.1344842" tId="1" fbRx="284.1344908" lbRx="0" />
<p fId="2" fbTx="284.1344942" lbTx="284.1345426" tId="0" fbRx="284.1345492" lbRx="0" />
<p fId="2" fbTx="284.1344942" lbTx="284.1345426" tId="0" fbRx="284.1345492" lbRx="0" />
<p fId="2" fbTx="284.1344942" lbTx="284.1345426" tId="1" fbRx="284.1345492" lbRx="0" />
<p fId="2" fbTx="284.1345506" lbTx="284.1345991" tId="0" fbRx="284.1346056" lbRx="0" />
<p fId="2" fbTx="284.1345506" lbTx="284.1345991" tId="0" fbRx="284.1346056" lbRx="0" />
<p fId="2" fbTx="284.1345506" lbTx="284.1345991" tId="1" fbRx="284.1346056" lbRx="0" />
<p fId="2" fbTx="284.134609" lbTx="284.1346575" tId="0" fbRx="284.1346641" lbRx="0" />
<p fId="2" fbTx="284.134609" lbTx="284.1346575" tId="0" fbRx="284.1346641" lbRx="0" />
<p fId="2" fbTx="284.134609" lbTx="284.1346575" tId="1" fbRx="284.1346641" lbRx="0" />
<p fId="2" fbTx="284.1346665" lbTx="284.134715" tId="0" fbRx="284.1347215" lbRx="0" />
<p fId="2" fbTx="284.1346665" lbTx="284.134715" tId="0" fbRx="284.1347215" lbRx="0" />
<p fId="2" fbTx="284.1346665" lbTx="284.134715" tId="1" fbRx="284.1347215" lbRx="0" />
<p fId="2" fbTx="284.1347219" lbTx="284.1347704" tId="0" fbRx="284.134777" lbRx="0" />
<p fId="2" fbTx="284.1347219" lbTx="284.1347704" tId="0" fbRx="284.134777" lbRx="0" />
<p fId="2" fbTx="284.1347219" lbTx="284.1347704" tId="1" fbRx="284.134777" lbRx="0" />
<p fId="2" fbTx="284.1347794" lbTx="284.1348278" tId="0" fbRx="284.1348344" lbRx="0" />
<p fId="2" fbTx="284.1347794" lbTx="284.1348278" tId="0" fbRx="284.1348344" lbRx="0" />
<p fId="2" fbTx="284.1347794" lbTx="284.1348278" tId="1" fbRx="284.1348344" lbRx="0" />
<p fId="2" fbTx="284.1348358" lbTx="284.1348843" tId="0" fbRx="284.1348908" lbRx="0" />
<p fId="2" fbTx="284.1348358" lbTx="284.1348843" tId="0" fbRx="284.1348908" lbRx="0" />
<p fId="2" fbTx="284.1348358" lbTx="284.1348843" tId="1" fbRx="284.1348908" lbRx="0" />
<p fId="2" fbTx="284.1349022" lbTx="284.1349507" tId="0" fbRx="284.1349573" lbRx="0" />
<p fId="2" fbTx="284.1349022" lbTx="284.1349507" tId="0" fbRx="284.1349573" lbRx="0" />
<p fId="2" fbTx="284.1349022" lbTx="284.1349507" tId="1" fbRx="284.1349573" lbRx="0" />
<p fId="2" fbTx="284.1349587" lbTx="284.1350072" tId="0" fbRx="284.1350137" lbRx="0" />
<p fId="2" fbTx="284.1349587" lbTx="284.1350072" tId="0" fbRx="284.1350137" lbRx="0" />
<p fId="2" fbTx="284.1349587" lbTx="284.1350072" tId="1" fbRx="284.1350137" lbRx="0" />
<p fId="2" fbTx="284.1350161" lbTx="284.1350646" tId="0" fbRx="284.1350712" lbRx="0" />
<p fId="2" fbTx="284.1350161" lbTx="284.1350646" tId="0" fbRx="284.1350712" lbRx="0" />
<p fId="2" fbTx="284.1350161" lbTx="284.1350646" tId="1" fbRx="284.1350712" lbRx="0" />
<p fId="2" fbTx="284.1350726" lbTx="284.135121" tId="0" fbRx="284.1351276" lbRx="0" />
<p fId="2" fbTx="284.1350726" lbTx="284.135121" tId="0" fbRx="284.1351276" lbRx="0" />
<p fId="2" fbTx="284.1350726" lbTx="284.135121" tId="1" fbRx="284.1351276" lbRx="0" />
<p fId="2" fbTx="284.13513" lbTx="284.1351785" tId="0" fbRx="284.135185" lbRx="0" />
<p fId="2" fbTx="284.13513" lbTx="284.1351785" tId="0" fbRx="284.135185" lbRx="0" />
<p fId="2" fbTx="284.13513" lbTx="284.1351785" tId="1" fbRx="284.135185" lbRx="0" />
<p fId="2" fbTx="284.1351864" lbTx="284.1352349" tId="0" fbRx="284.1352415" lbRx="0" />
<p fId="2" fbTx="284.1351864" lbTx="284.1352349" tId="0" fbRx="284.1352415" lbRx="0" />
<p fId="2" fbTx="284.1351864" lbTx="284.1352349" tId="1" fbRx="284.1352415" lbRx="0" />
<p fId="2" fbTx="284.1352439" lbTx="284.1352924" tId="0" fbRx="284.1352989" lbRx="0" />
<p fId="2" fbTx="284.1352439" lbTx="284.1352924" tId="0" fbRx="284.1352989" lbRx="0" />
<p fId="2" fbTx="284.1352439" lbTx="284.1352924" tId="1" fbRx="284.1352989" lbRx="0" />
<p fId="2" fbTx="284.1352993" lbTx="284.1353478" tId="0" fbRx="284.1353544" lbRx="0" />
<p fId="2" fbTx="284.1352993" lbTx="284.1353478" tId="0" fbRx="284.1353544" lbRx="0" />
<p fId="2" fbTx="284.1352993" lbTx="284.1353478" tId="1" fbRx="284.1353544" lbRx="0" />
<p fId="2" fbTx="284.1353608" lbTx="284.1354092" tId="0" fbRx="284.1354158" lbRx="0" />
<p fId="2" fbTx="284.1353608" lbTx="284.1354092" tId="0" fbRx="284.1354158" lbRx="0" />
<p fId="2" fbTx="284.1353608" lbTx="284.1354092" tId="1" fbRx="284.1354158" lbRx="0" />
<p fId="2" fbTx="284.1354252" lbTx="284.1354737" tId="0" fbRx="284.1354802" lbRx="0" />
<p fId="2" fbTx="284.1354252" lbTx="284.1354737" tId="0" fbRx="284.1354802" lbRx="0" />
<p fId="2" fbTx="284.1354252" lbTx="284.1354737" tId="1" fbRx="284.1354802" lbRx="0" />
<p fId="2" fbTx="284.1354826" lbTx="284.1355311" tId="0" fbRx="284.1355377" lbRx="0" />
<p fId="2" fbTx="284.1354826" lbTx="284.1355311" tId="0" fbRx="284.1355377" lbRx="0" />
<p fId="2" fbTx="284.1354826" lbTx="284.1355311" tId="1" fbRx="284.1355377" lbRx="0" />
<p fId="2" fbTx="284.1355401" lbTx="284.1355886" tId="0" fbRx="284.1355951" lbRx="0" />
<p fId="2" fbTx="284.1355401" lbTx="284.1355886" tId="0" fbRx="284.1355951" lbRx="0" />
<p fId="2" fbTx="284.1355401" lbTx="284.1355886" tId="1" fbRx="284.1355951" lbRx="0" />
<p fId="2" fbTx="284.1356065" lbTx="284.135655" tId="0" fbRx="284.1356616" lbRx="0" />
<p fId="2" fbTx="284.1356065" lbTx="284.135655" tId="0" fbRx="284.1356616" lbRx="0" />
<p fId="2" fbTx="284.1356065" lbTx="284.135655" tId="1" fbRx="284.1356616" lbRx="0" />
<p fId="2" fbTx="284.135663" lbTx="284.1357114" tId="0" fbRx="284.135718" lbRx="0" />
<p fId="2" fbTx="284.135663" lbTx="284.1357114" tId="0" fbRx="284.135718" lbRx="0" />
<p fId="2" fbTx="284.135663" lbTx="284.1357114" tId="1" fbRx="284.135718" lbRx="0" />
<p fId="2" fbTx="284.1357184" lbTx="284.1357669" tId="0" fbRx="284.1357734" lbRx="0" />
<p fId="2" fbTx="284.1357184" lbTx="284.1357669" tId="0" fbRx="284.1357734" lbRx="0" />
<p fId="2" fbTx="284.1357184" lbTx="284.1357669" tId="1" fbRx="284.1357734" lbRx="0" />
<p fId="2" fbTx="284.1357788" lbTx="284.1358273" tId="0" fbRx="284.1358339" lbRx="0" />
<p fId="2" fbTx="284.1357788" lbTx="284.1358273" tId="0" fbRx="284.1358339" lbRx="0" />
<p fId="2" fbTx="284.1357788" lbTx="284.1358273" tId="1" fbRx="284.1358339" lbRx="0" />
<p fId="2" fbTx="284.1358393" lbTx="284.1358878" tId="0" fbRx="284.1358943" lbRx="0" />
<p fId="2" fbTx="284.1358393" lbTx="284.1358878" tId="0" fbRx="284.1358943" lbRx="0" />
<p fId="2" fbTx="284.1358393" lbTx="284.1358878" tId="1" fbRx="284.1358943" lbRx="0" />
<p fId="2" fbTx="284.1358957" lbTx="284.1359442" tId="0" fbRx="284.1359508" lbRx="0" />
<p fId="2" fbTx="284.1358957" lbTx="284.1359442" tId="0" fbRx="284.1359508" lbRx="0" />
<p fId="2" fbTx="284.1358957" lbTx="284.1359442" tId="1" fbRx="284.1359508" lbRx="0" />
<p fId="2" fbTx="284.1359522" lbTx="284.1360006" tId="0" fbRx="284.1360072" lbRx="0" />
<p fId="2" fbTx="284.1359522" lbTx="284.1360006" tId="0" fbRx="284.1360072" lbRx="0" />
<p fId="2" fbTx="284.1359522" lbTx="284.1360006" tId="1" fbRx="284.1360072" lbRx="0" />
<p fId="2" fbTx="284.1360156" lbTx="284.1360641" tId="0" fbRx="284.1360706" lbRx="0" />
<p fId="2" fbTx="284.1360156" lbTx="284.1360641" tId="0" fbRx="284.1360706" lbRx="0" />
<p fId="2" fbTx="284.1360156" lbTx="284.1360641" tId="1" fbRx="284.1360706" lbRx="0" />
<p fId="2" fbTx="284.136072" lbTx="284.1361205" tId="0" fbRx="284.1361271" lbRx="0" />
<p fId="2" fbTx="284.136072" lbTx="284.1361205" tId="0" fbRx="284.1361271" lbRx="0" />
<p fId="2" fbTx="284.136072" lbTx="284.1361205" tId="1" fbRx="284.1361271" lbRx="0" />
<p fId="2" fbTx="284.1361315" lbTx="284.13618" tId="0" fbRx="284.1361865" lbRx="0" />
<p fId="2" fbTx="284.1361315" lbTx="284.13618" tId="0" fbRx="284.1361865" lbRx="0" />
<p fId="2" fbTx="284.1361315" lbTx="284.13618" tId="1" fbRx="284.1361865" lbRx="0" />
<p fId="2" fbTx="284.1361879" lbTx="284.1362364" tId="0" fbRx="284.136243" lbRx="0" />
<p fId="2" fbTx="284.1361879" lbTx="284.1362364" tId="0" fbRx="284.136243" lbRx="0" />
<p fId="2" fbTx="284.1361879" lbTx="284.1362364" tId="1" fbRx="284.136243" lbRx="0" />
<p fId="2" fbTx="284.1362444" lbTx="284.1362928" tId="0" fbRx="284.1362994" lbRx="0" />
<p fId="2" fbTx="284.1362444" lbTx="284.1362928" tId="0" fbRx="284.1362994" lbRx="0" />
<p fId="2" fbTx="284.1362444" lbTx="284.1362928" tId="1" fbRx="284.1362994" lbRx="0" />
<p fId="2" fbTx="284.1362998" lbTx="284.1363483" tId="0" fbRx="284.1363548" lbRx="0" />
<p fId="2" fbTx="284.1362998" lbTx="284.1363483" tId="0" fbRx="284.1363548" lbRx="0" />
<p fId="2" fbTx="284.1362998" lbTx="284.1363483" tId="1" fbRx="284.1363548" lbRx="0" />
<p fId="2" fbTx="284.1363662" lbTx="284.1364147" tId="0" fbRx="284.1364213" lbRx="0" />
<p fId="2" fbTx="284.1363662" lbTx="284.1364147" tId="0" fbRx="284.1364213" lbRx="0" />
<p fId="2" fbTx="284.1363662" lbTx="284.1364147" tId="1" fbRx="284.1364213" lbRx="0" />
<p fId="2" fbTx="284.1364237" lbTx="284.1364722" tId="0" fbRx="284.1364787" lbRx="0" />
<p fId="2" fbTx="284.1364237" lbTx="284.1364722" tId="0" fbRx="284.1364787" lbRx="0" />
<p fId="2" fbTx="284.1364237" lbTx="284.1364722" tId="1" fbRx="284.1364787" lbRx="0" />
<p fId="2" fbTx="284.1364801" lbTx="284.1365286" tId="0" fbRx="284.1365352" lbRx="0" />
<p fId="2" fbTx="284.1364801" lbTx="284.1365286" tId="0" fbRx="284.1365352" lbRx="0" />
<p fId="2" fbTx="284.1364801" lbTx="284.1365286" tId="1" fbRx="284.1365352" lbRx="0" />
<p fId="2" fbTx="284.1365356" lbTx="284.136584" tId="0" fbRx="284.1365906" lbRx="0" />
<p fId="2" fbTx="284.1365356" lbTx="284.136584" tId="0" fbRx="284.1365906" lbRx="0" />
<p fId="2" fbTx="284.1365356" lbTx="284.136584" tId="1" fbRx="284.1365906" lbRx="0" />
<p fId="2" fbTx="284.136605" lbTx="284.1366535" tId="0" fbRx="284.13666" lbRx="0" />
<p fId="2" fbTx="284.136605" lbTx="284.1366535" tId="0" fbRx="284.13666" lbRx="0" />
<p fId="2" fbTx="284.136605" lbTx="284.1366535" tId="1" fbRx="284.13666" lbRx="0" />
<p fId="2" fbTx="284.1366654" lbTx="284.1367139" tId="0" fbRx="284.1367205" lbRx="0" />
<p fId="2" fbTx="284.1366654" lbTx="284.1367139" tId="0" fbRx="284.1367205" lbRx="0" />
<p fId="2" fbTx="284.1366654" lbTx="284.1367139" tId="1" fbRx="284.1367205" lbRx="0" />
<p fId="2" fbTx="284.1367219" lbTx="284.1367704" tId="0" fbRx="284.1367769" lbRx="0" />
<p fId="2" fbTx="284.1367219" lbTx="284.1367704" tId="0" fbRx="284.1367769" lbRx="0" />
<p fId="2" fbTx="284.1367219" lbTx="284.1367704" tId="1" fbRx="284.1367769" lbRx="0" />
<p fId="2" fbTx="284.1367793" lbTx="284.1368278" tId="0" fbRx="284.1368344" lbRx="0" />
<p fId="2" fbTx="284.1367793" lbTx="284.1368278" tId="0" fbRx="284.1368344" lbRx="0" />
<p fId="2" fbTx="284.1367793" lbTx="284.1368278" tId="1" fbRx="284.1368344" lbRx="0" />
<p fId="2" fbTx="284.1368448" lbTx="284.1368932" tId="0" fbRx="284.1368998" lbRx="0" />
<p fId="2" fbTx="284.1368448" lbTx="284.1368932" tId="0" fbRx="284.1368998" lbRx="0" />
<p fId="2" fbTx="284.1368448" lbTx="284.1368932" tId="1" fbRx="284.1368998" lbRx="0" />
<p fId="2" fbTx="284.1369022" lbTx="284.1369507" tId="0" fbRx="284.1369572" lbRx="0" />
<p fId="2" fbTx="284.1369022" lbTx="284.1369507" tId="0" fbRx="284.1369572" lbRx="0" />
<p fId="2" fbTx="284.1369022" lbTx="284.1369507" tId="1" fbRx="284.1369572" lbRx="0" />
<p fId="2" fbTx="284.1369576" lbTx="284.1370061" tId="0" fbRx="284.1370127" lbRx="0" />
<p fId="2" fbTx="284.1369576" lbTx="284.1370061" tId="0" fbRx="284.1370127" lbRx="0" />
<p fId="2" fbTx="284.1369576" lbTx="284.1370061" tId="1" fbRx="284.1370127" lbRx="0" />
<p fId="2" fbTx="284.1370131" lbTx="284.1370616" tId="0" fbRx="284.1370681" lbRx="0" />
<p fId="2" fbTx="284.1370131" lbTx="284.1370616" tId="0" fbRx="284.1370681" lbRx="0" />
<p fId="2" fbTx="284.1370131" lbTx="284.1370616" tId="1" fbRx="284.1370681" lbRx="0" />
<p fId="2" fbTx="284.1370765" lbTx="284.137125" tId="0" fbRx="284.1371316" lbRx="0" />
<p fId="2" fbTx="284.1370765" lbTx="284.137125" tId="0" fbRx="284.1371316" lbRx="0" />
<p fId="2" fbTx="284.1370765" lbTx="284.137125" tId="1" fbRx="284.1371316" lbRx="0" />
<p fId="2" fbTx="284.137134" lbTx="284.1371824" tId="0" fbRx="284.137189" lbRx="0" />
<p fId="2" fbTx="284.137134" lbTx="284.1371824" tId="0" fbRx="284.137189" lbRx="0" />
<p fId="2" fbTx="284.137134" lbTx="284.1371824" tId="1" fbRx="284.137189" lbRx="0" />
<p fId="2" fbTx="284.1371914" lbTx="284.1372399" tId="0" fbRx="284.1372464" lbRx="0" />
<p fId="2" fbTx="284.1371914" lbTx="284.1372399" tId="0" fbRx="284.1372464" lbRx="0" />
<p fId="2" fbTx="284.1371914" lbTx="284.1372399" tId="1" fbRx="284.1372464" lbRx="0" />
<p fId="2" fbTx="284.1372468" lbTx="284.1372953" tId="0" fbRx="284.1373019" lbRx="0" />
<p fId="2" fbTx="284.1372468" lbTx="284.1372953" tId="0" fbRx="284.1373019" lbRx="0" />
<p fId="2" fbTx="284.1372468" lbTx="284.1372953" tId="1" fbRx="284.1373019" lbRx="0" />
<p fId="2" fbTx="284.1373033" lbTx="284.1373518" tId="0" fbRx="284.1373583" lbRx="0" />
<p fId="2" fbTx="284.1373033" lbTx="284.1373518" tId="0" fbRx="284.1373583" lbRx="0" />
<p fId="2" fbTx="284.1373033" lbTx="284.1373518" tId="1" fbRx="284.1373583" lbRx="0" />
<p fId="2" fbTx="284.1373617" lbTx="284.1374102" tId="0" fbRx="284.1374168" lbRx="0" />
<p fId="2" fbTx="284.1373617" lbTx="284.1374102" tId="0" fbRx="284.1374168" lbRx="0" />
<p fId="2" fbTx="284.1373617" lbTx="284.1374102" tId="1" fbRx="284.1374168" lbRx="0" />
<p fId="2" fbTx="284.1374172" lbTx="284.1374656" tId="0" fbRx="284.1374722" lbRx="0" />
<p fId="2" fbTx="284.1374172" lbTx="284.1374656" tId="0" fbRx="284.1374722" lbRx="0" />
<p fId="2" fbTx="284.1374172" lbTx="284.1374656" tId="1" fbRx="284.1374722" lbRx="0" />
<p fId="2" fbTx="284.1374746" lbTx="284.1375231" tId="0" fbRx="284.1375296" lbRx="0" />
<p fId="2" fbTx="284.1374746" lbTx="284.1375231" tId="0" fbRx="284.1375296" lbRx="0" />
<p fId="2" fbTx="284.1374746" lbTx="284.1375231" tId="1" fbRx="284.1375296" lbRx="0" />
<p fId="2" fbTx="284.137533" lbTx="284.1375815" tId="0" fbRx="284.1375881" lbRx="0" />
<p fId="2" fbTx="284.137533" lbTx="284.1375815" tId="0" fbRx="284.1375881" lbRx="0" />
<p fId="2" fbTx="284.137533" lbTx="284.1375815" tId="1" fbRx="284.1375881" lbRx="0" />
<p fId="2" fbTx="284.1375885" lbTx="284.137637" tId="0" fbRx="284.1376435" lbRx="0" />
<p fId="2" fbTx="284.1375885" lbTx="284.137637" tId="0" fbRx="284.1376435" lbRx="0" />
<p fId="2" fbTx="284.1375885" lbTx="284.137637" tId="1" fbRx="284.1376435" lbRx="0" />
<p fId="2" fbTx="284.1376519" lbTx="284.1377004" tId="0" fbRx="284.137707" lbRx="0" />
<p fId="2" fbTx="284.1376519" lbTx="284.1377004" tId="0" fbRx="284.137707" lbRx="0" />
<p fId="2" fbTx="284.1376519" lbTx="284.1377004" tId="1" fbRx="284.137707" lbRx="0" />
<p fId="2" fbTx="284.1377184" lbTx="284.1377668" tId="0" fbRx="284.1377734" lbRx="0" />
<p fId="2" fbTx="284.1377184" lbTx="284.1377668" tId="0" fbRx="284.1377734" lbRx="0" />
<p fId="2" fbTx="284.1377184" lbTx="284.1377668" tId="1" fbRx="284.1377734" lbRx="0" />
<p fId="2" fbTx="284.1377768" lbTx="284.1378253" tId="0" fbRx="284.1378318" lbRx="0" />
<p fId="2" fbTx="284.1377768" lbTx="284.1378253" tId="0" fbRx="284.1378318" lbRx="0" />
<p fId="2" fbTx="284.1377768" lbTx="284.1378253" tId="1" fbRx="284.1378318" lbRx="0" />
<p fId="2" fbTx="284.1378342" lbTx="284.1378827" tId="0" fbRx="284.1378893" lbRx="0" />
<p fId="2" fbTx="284.1378342" lbTx="284.1378827" tId="0" fbRx="284.1378893" lbRx="0" />
<p fId="2" fbTx="284.1378342" lbTx="284.1378827" tId="1" fbRx="284.1378893" lbRx="0" />
<p fId="2" fbTx="284.1378907" lbTx="284.1379392" tId="0" fbRx="284.1379457" lbRx="0" />
<p fId="2" fbTx="284.1378907" lbTx="284.1379392" tId="0" fbRx="284.1379457" lbRx="0" />
<p fId="2" fbTx="284.1378907" lbTx="284.1379392" tId="1" fbRx="284.1379457" lbRx="0" />
<p fId="2" fbTx="284.1379471" lbTx="284.1379956" tId="0" fbRx="284.1380022" lbRx="0" />
<p fId="2" fbTx="284.1379471" lbTx="284.1379956" tId="0" fbRx="284.1380022" lbRx="0" />
<p fId="2" fbTx="284.1379471" lbTx="284.1379956" tId="1" fbRx="284.1380022" lbRx="0" />
<p fId="2" fbTx="284.1380046" lbTx="284.138053" tId="0" fbRx="284.1380596" lbRx="0" />
<p fId="2" fbTx="284.1380046" lbTx="284.138053" tId="0" fbRx="284.1380596" lbRx="0" />
<p fId="2" fbTx="284.1380046" lbTx="284.138053" tId="1" fbRx="284.1380596" lbRx="0" />
<p fId="2" fbTx="284.138063" lbTx="284.1381115" tId="0" fbRx="284.138118" lbRx="0" />
<p fId="2" fbTx="284.138063" lbTx="284.1381115" tId="0" fbRx="284.138118" lbRx="0" />
<p fId="2" fbTx="284.138063" lbTx="284.1381115" tId="1" fbRx="284.138118" lbRx="0" />
<p fId="2" fbTx="284.1381454" lbTx="284.1381939" tId="0" fbRx="284.1382005" lbRx="0" />
<p fId="2" fbTx="284.1381454" lbTx="284.1381939" tId="0" fbRx="284.1382005" lbRx="0" />
<p fId="2" fbTx="284.1381454" lbTx="284.1381939" tId="1" fbRx="284.1382005" lbRx="0" />
<p fId="2" fbTx="284.1382009" lbTx="284.1382494" tId="0" fbRx="284.1382559" lbRx="0" />
<p fId="2" fbTx="284.1382009" lbTx="284.1382494" tId="0" fbRx="284.1382559" lbRx="0" />
<p fId="2" fbTx="284.1382009" lbTx="284.1382494" tId="1" fbRx="284.1382559" lbRx="0" />
<p fId="2" fbTx="284.1382633" lbTx="284.1383118" tId="0" fbRx="284.1383184" lbRx="0" />
<p fId="2" fbTx="284.1382633" lbTx="284.1383118" tId="0" fbRx="284.1383184" lbRx="0" />
<p fId="2" fbTx="284.1382633" lbTx="284.1383118" tId="1" fbRx="284.1383184" lbRx="0" />
<p fId="2" fbTx="284.1383228" lbTx="284.1383712" tId="0" fbRx="284.1383778" lbRx="0" />
<p fId="2" fbTx="284.1383228" lbTx="284.1383712" tId="0" fbRx="284.1383778" lbRx="0" />
<p fId="2" fbTx="284.1383228" lbTx="284.1383712" tId="1" fbRx="284.1383778" lbRx="0" />
<p fId="2" fbTx="284.1383782" lbTx="284.1384267" tId="0" fbRx="284.1384332" lbRx="0" />
<p fId="2" fbTx="284.1383782" lbTx="284.1384267" tId="0" fbRx="284.1384332" lbRx="0" />
<p fId="2" fbTx="284.1383782" lbTx="284.1384267" tId="1" fbRx="284.1384332" lbRx="0" />
<p fId="2" fbTx="284.1384376" lbTx="284.1384861" tId="0" fbRx="284.1384927" lbRx="0" />
<p fId="2" fbTx="284.1384376" lbTx="284.1384861" tId="0" fbRx="284.1384927" lbRx="0" />
<p fId="2" fbTx="284.1384376" lbTx="284.1384861" tId="1" fbRx="284.1384927" lbRx="0" />
<p fId="2" fbTx="284.1385011" lbTx="284.1385496" tId="0" fbRx="284.1385561" lbRx="0" />
<p fId="2" fbTx="284.1385011" lbTx="284.1385496" tId="0" fbRx="284.1385561" lbRx="0" />
<p fId="2" fbTx="284.1385011" lbTx="284.1385496" tId="1" fbRx="284.1385561" lbRx="0" />
<p fId="2" fbTx="284.1385585" lbTx="284.138607" tId="0" fbRx="284.1386136" lbRx="0" />
<p fId="2" fbTx="284.1385585" lbTx="284.138607" tId="0" fbRx="284.1386136" lbRx="0" />
<p fId="2" fbTx="284.1385585" lbTx="284.138607" tId="1" fbRx="284.1386136" lbRx="0" />
<p fId="2" fbTx="284.138616" lbTx="284.1386644" tId="0" fbRx="284.138671" lbRx="0" />
<p fId="2" fbTx="284.138616" lbTx="284.1386644" tId="0" fbRx="284.138671" lbRx="0" />
<p fId="2" fbTx="284.138616" lbTx="284.1386644" tId="1" fbRx="284.138671" lbRx="0" />
<p fId="2" fbTx="284.1386884" lbTx="284.1387369" tId="0" fbRx="284.1387434" lbRx="0" />
<p fId="2" fbTx="284.1386884" lbTx="284.1387369" tId="0" fbRx="284.1387434" lbRx="0" />
<p fId="2" fbTx="284.1386884" lbTx="284.1387369" tId="1" fbRx="284.1387434" lbRx="0" />
<p fId="2" fbTx="284.1387468" lbTx="284.1387953" tId="0" fbRx="284.1388019" lbRx="0" />
<p fId="2" fbTx="284.1387468" lbTx="284.1387953" tId="0" fbRx="284.1388019" lbRx="0" />
<p fId="2" fbTx="284.1387468" lbTx="284.1387953" tId="1" fbRx="284.1388019" lbRx="0" />
<p fId="2" fbTx="284.1388043" lbTx="284.1388528" tId="0" fbRx="284.1388593" lbRx="0" />
<p fId="2" fbTx="284.1388043" lbTx="284.1388528" tId="0" fbRx="284.1388593" lbRx="0" />
<p fId="2" fbTx="284.1388043" lbTx="284.1388528" tId="1" fbRx="284.1388593" lbRx="0" />
<p fId="2" fbTx="284.1388617" lbTx="284.1389102" tId="0" fbRx="284.1389168" lbRx="0" />
<p fId="2" fbTx="284.1388617" lbTx="284.1389102" tId="0" fbRx="284.1389168" lbRx="0" />
<p fId="2" fbTx="284.1388617" lbTx="284.1389102" tId="1" fbRx="284.1389168" lbRx="0" />
<p fId="2" fbTx="284.1389202" lbTx="284.1389686" tId="0" fbRx="284.1389752" lbRx="0" />
<p fId="2" fbTx="284.1389202" lbTx="284.1389686" tId="0" fbRx="284.1389752" lbRx="0" />
<p fId="2" fbTx="284.1389202" lbTx="284.1389686" tId="1" fbRx="284.1389752" lbRx="0" />
<p fId="2" fbTx="284.1389756" lbTx="284.1390241" tId="0" fbRx="284.1390306" lbRx="0" />
<p fId="2" fbTx="284.1389756" lbTx="284.1390241" tId="0" fbRx="284.1390306" lbRx="0" />
<p fId="2" fbTx="284.1389756" lbTx="284.1390241" tId="1" fbRx="284.1390306" lbRx="0" />
<p fId="2" fbTx="284.139033" lbTx="284.1390815" tId="0" fbRx="284.1390881" lbRx="0" />
<p fId="2" fbTx="284.139033" lbTx="284.1390815" tId="0" fbRx="284.1390881" lbRx="0" />
<p fId="2" fbTx="284.139033" lbTx="284.1390815" tId="1" fbRx="284.1390881" lbRx="0" />
<p fId="2" fbTx="284.1390955" lbTx="284.139144" tId="0" fbRx="284.1391505" lbRx="0" />
<p fId="2" fbTx="284.1390955" lbTx="284.139144" tId="0" fbRx="284.1391505" lbRx="0" />
<p fId="2" fbTx="284.1390955" lbTx="284.139144" tId="1" fbRx="284.1391505" lbRx="0" />
<p fId="2" fbTx="284.1391589" lbTx="284.1392074" tId="0" fbRx="284.139214" lbRx="0" />
<p fId="2" fbTx="284.1391589" lbTx="284.1392074" tId="0" fbRx="284.139214" lbRx="0" />
<p fId="2" fbTx="284.1391589" lbTx="284.1392074" tId="1" fbRx="284.139214" lbRx="0" />
<p fId="2" fbTx="284.1392144" lbTx="284.1392628" tId="0" fbRx="284.1392694" lbRx="0" />
<p fId="2" fbTx="284.1392144" lbTx="284.1392628" tId="0" fbRx="284.1392694" lbRx="0" />
<p fId="2" fbTx="284.1392144" lbTx="284.1392628" tId="1" fbRx="284.1392694" lbRx="0" />
<p fId="2" fbTx="284.1392718" lbTx="284.1393203" tId="0" fbRx="284.1393268" lbRx="0" />
<p fId="2" fbTx="284.1392718" lbTx="284.1393203" tId="0" fbRx="284.1393268" lbRx="0" />
<p fId="2" fbTx="284.1392718" lbTx="284.1393203" tId="1" fbRx="284.1393268" lbRx="0" />
<p fId="2" fbTx="284.1393382" lbTx="284.1393867" tId="0" fbRx="284.1393933" lbRx="0" />
<p fId="2" fbTx="284.1393382" lbTx="284.1393867" tId="0" fbRx="284.1393933" lbRx="0" />
<p fId="2" fbTx="284.1393382" lbTx="284.1393867" tId="1" fbRx="284.1393933" lbRx="0" />
<p fId="2" fbTx="284.1393947" lbTx="284.1394432" tId="0" fbRx="284.1394497" lbRx="0" />
<p fId="2" fbTx="284.1393947" lbTx="284.1394432" tId="0" fbRx="284.1394497" lbRx="0" />
<p fId="2" fbTx="284.1393947" lbTx="284.1394432" tId="1" fbRx="284.1394497" lbRx="0" />
<p fId="2" fbTx="284.1394511" lbTx="284.1394996" tId="0" fbRx="284.1395062" lbRx="0" />
<p fId="2" fbTx="284.1394511" lbTx="284.1394996" tId="0" fbRx="284.1395062" lbRx="0" />
<p fId="2" fbTx="284.1394511" lbTx="284.1394996" tId="1" fbRx="284.1395062" lbRx="0" />
<p fId="2" fbTx="284.1395126" lbTx="284.139561" tId="0" fbRx="284.1395676" lbRx="0" />
<p fId="2" fbTx="284.1395126" lbTx="284.139561" tId="0" fbRx="284.1395676" lbRx="0" />
<p fId="2" fbTx="284.1395126" lbTx="284.139561" tId="1" fbRx="284.1395676" lbRx="0" />
<p fId="2" fbTx="284.139572" lbTx="284.1396205" tId="0" fbRx="284.139627" lbRx="0" />
<p fId="2" fbTx="284.139572" lbTx="284.1396205" tId="0" fbRx="284.139627" lbRx="0" />
<p fId="2" fbTx="284.139572" lbTx="284.1396205" tId="1" fbRx="284.139627" lbRx="0" />
<p fId="2" fbTx="284.1396324" lbTx="284.1396809" tId="0" fbRx="284.1396875" lbRx="0" />
<p fId="2" fbTx="284.1396324" lbTx="284.1396809" tId="0" fbRx="284.1396875" lbRx="0" />
<p fId="2" fbTx="284.1396324" lbTx="284.1396809" tId="1" fbRx="284.1396875" lbRx="0" />
<p fId="2" fbTx="284.1396879" lbTx="284.1397364" tId="0" fbRx="284.1397429" lbRx="0" />
<p fId="2" fbTx="284.1396879" lbTx="284.1397364" tId="0" fbRx="284.1397429" lbRx="0" />
<p fId="2" fbTx="284.1396879" lbTx="284.1397364" tId="1" fbRx="284.1397429" lbRx="0" />
<p fId="2" fbTx="284.1397523" lbTx="284.1398008" tId="0" fbRx="284.1398074" lbRx="0" />
<p fId="2" fbTx="284.1397523" lbTx="284.1398008" tId="0" fbRx="284.1398074" lbRx="0" />
<p fId="2" fbTx="284.1397523" lbTx="284.1398008" tId="1" fbRx="284.1398074" lbRx="0" />
<p fId="2" fbTx="284.1398098" lbTx="284.1398582" tId="0" fbRx="284.1398648" lbRx="0" />
<p fId="2" fbTx="284.1398098" lbTx="284.1398582" tId="0" fbRx="284.1398648" lbRx="0" />
<p fId="2" fbTx="284.1398098" lbTx="284.1398582" tId="1" fbRx="284.1398648" lbRx="0" />
<p fId="2" fbTx="284.1398722" lbTx="284.1399207" tId="0" fbRx="284.1399272" lbRx="0" />
<p fId="2" fbTx="284.1398722" lbTx="284.1399207" tId="0" fbRx="284.1399272" lbRx="0" />
<p fId="2" fbTx="284.1398722" lbTx="284.1399207" tId="1" fbRx="284.1399272" lbRx="0" />
<p fId="2" fbTx="284.1399366" lbTx="284.1399851" tId="0" fbRx="284.1399917" lbRx="0" />
<p fId="2" fbTx="284.1399366" lbTx="284.1399851" tId="0" fbRx="284.1399917" lbRx="0" />
<p fId="2" fbTx="284.1399366" lbTx="284.1399851" tId="1" fbRx="284.1399917" lbRx="0" />
<p fId="2" fbTx="284.1399921" lbTx="284.1400406" tId="0" fbRx="284.1400471" lbRx="0" />
<p fId="2" fbTx="284.1399921" lbTx="284.1400406" tId="0" fbRx="284.1400471" lbRx="0" />
<p fId="2" fbTx="284.1399921" lbTx="284.1400406" tId="1" fbRx="284.1400471" lbRx="0" />
<p fId="2" fbTx="284.1400485" lbTx="284.140097" tId="0" fbRx="284.1401036" lbRx="0" />
<p fId="2" fbTx="284.1400485" lbTx="284.140097" tId="0" fbRx="284.1401036" lbRx="0" />
<p fId="2" fbTx="284.1400485" lbTx="284.140097" tId="1" fbRx="284.1401036" lbRx="0" />
<p fId="2" fbTx="284.140108" lbTx="284.1401564" tId="0" fbRx="284.140163" lbRx="0" />
<p fId="2" fbTx="284.140108" lbTx="284.1401564" tId="0" fbRx="284.140163" lbRx="0" />
<p fId="2" fbTx="284.140108" lbTx="284.1401564" tId="1" fbRx="284.140163" lbRx="0" />
<p fId="2" fbTx="284.1401704" lbTx="284.1402189" tId="0" fbRx="284.1402254" lbRx="0" />
<p fId="2" fbTx="284.1401704" lbTx="284.1402189" tId="0" fbRx="284.1402254" lbRx="0" />
<p fId="2" fbTx="284.1401704" lbTx="284.1402189" tId="1" fbRx="284.1402254" lbRx="0" />
<p fId="2" fbTx="284.1402258" lbTx="284.1402743" tId="0" fbRx="284.1402809" lbRx="0" />
<p fId="2" fbTx="284.1402258" lbTx="284.1402743" tId="0" fbRx="284.1402809" lbRx="0" />
<p fId="2" fbTx="284.1402258" lbTx="284.1402743" tId="1" fbRx="284.1402809" lbRx="0" />
<p fId="2" fbTx="284.1402823" lbTx="284.1403308" tId="0" fbRx="284.1403373" lbRx="0" />
<p fId="2" fbTx="284.1402823" lbTx="284.1403308" tId="0" fbRx="284.1403373" lbRx="0" />
<p fId="2" fbTx="284.1402823" lbTx="284.1403308" tId="1" fbRx="284.1403373" lbRx="0" />
<p fId="2" fbTx="284.1403457" lbTx="284.1403942" tId="0" fbRx="284.1404008" lbRx="0" />
<p fId="2" fbTx="284.1403457" lbTx="284.1403942" tId="0" fbRx="284.1404008" lbRx="0" />
<p fId="2" fbTx="284.1403457" lbTx="284.1403942" tId="1" fbRx="284.1404008" lbRx="0" />
<p fId="2" fbTx="284.1404022" lbTx="284.1404506" tId="0" fbRx="284.1404572" lbRx="0" />
<p fId="2" fbTx="284.1404022" lbTx="284.1404506" tId="0" fbRx="284.1404572" lbRx="0" />
<p fId="2" fbTx="284.1404022" lbTx="284.1404506" tId="1" fbRx="284.1404572" lbRx="0" />
<p fId="2" fbTx="284.1404586" lbTx="284.1405071" tId="0" fbRx="284.1405136" lbRx="0" />
<p fId="2" fbTx="284.1404586" lbTx="284.1405071" tId="0" fbRx="284.1405136" lbRx="0" />
<p fId="2" fbTx="284.1404586" lbTx="284.1405071" tId="1" fbRx="284.1405136" lbRx="0" />
<p fId="2" fbTx="284.140515" lbTx="284.1405635" tId="0" fbRx="284.1405701" lbRx="0" />
<p fId="2" fbTx="284.140515" lbTx="284.1405635" tId="0" fbRx="284.1405701" lbRx="0" />
<p fId="2" fbTx="284.140515" lbTx="284.1405635" tId="1" fbRx="284.1405701" lbRx="0" />
<p fId="2" fbTx="284.1405725" lbTx="284.140621" tId="0" fbRx="284.1406275" lbRx="0" />
<p fId="2" fbTx="284.1405725" lbTx="284.140621" tId="0" fbRx="284.1406275" lbRx="0" />
<p fId="2" fbTx="284.1405725" lbTx="284.140621" tId="1" fbRx="284.1406275" lbRx="0" />
<p fId="2" fbTx="284.1406309" lbTx="284.1406794" tId="0" fbRx="284.140686" lbRx="0" />
<p fId="2" fbTx="284.1406309" lbTx="284.1406794" tId="0" fbRx="284.140686" lbRx="0" />
<p fId="2" fbTx="284.1406309" lbTx="284.1406794" tId="1" fbRx="284.140686" lbRx="0" />
<p fId="2" fbTx="284.1406984" lbTx="284.1407468" tId="0" fbRx="284.1407534" lbRx="0" />
<p fId="2" fbTx="284.1406984" lbTx="284.1407468" tId="0" fbRx="284.1407534" lbRx="0" />
<p fId="2" fbTx="284.1406984" lbTx="284.1407468" tId="1" fbRx="284.1407534" lbRx="0" />
<p fId="2" fbTx="284.1407538" lbTx="284.1408023" tId="0" fbRx="284.1408088" lbRx="0" />
<p fId="2" fbTx="284.1407538" lbTx="284.1408023" tId="0" fbRx="284.1408088" lbRx="0" />
<p fId="2" fbTx="284.1407538" lbTx="284.1408023" tId="1" fbRx="284.1408088" lbRx="0" />
<p fId="2" fbTx="284.1408092" lbTx="284.1408577" tId="0" fbRx="284.1408643" lbRx="0" />
<p fId="2" fbTx="284.1408092" lbTx="284.1408577" tId="0" fbRx="284.1408643" lbRx="0" />
<p fId="2" fbTx="284.1408092" lbTx="284.1408577" tId="1" fbRx="284.1408643" lbRx="0" />
<p fId="2" fbTx="284.1408667" lbTx="284.1409152" tId="0" fbRx="284.1409217" lbRx="0" />
<p fId="2" fbTx="284.1408667" lbTx="284.1409152" tId="0" fbRx="284.1409217" lbRx="0" />
<p fId="2" fbTx="284.1408667" lbTx="284.1409152" tId="1" fbRx="284.1409217" lbRx="0" />
<p fId="2" fbTx="284.1409231" lbTx="284.1409716" tId="0" fbRx="284.1409782" lbRx="0" />
<p fId="2" fbTx="284.1409231" lbTx="284.1409716" tId="0" fbRx="284.1409782" lbRx="0" />
<p fId="2" fbTx="284.1409231" lbTx="284.1409716" tId="1" fbRx="284.1409782" lbRx="0" />
<p fId="2" fbTx="284.1409876" lbTx="284.141036" tId="0" fbRx="284.1410426" lbRx="0" />
<p fId="2" fbTx="284.1409876" lbTx="284.141036" tId="0" fbRx="284.1410426" lbRx="0" />
<p fId="2" fbTx="284.1409876" lbTx="284.141036" tId="1" fbRx="284.1410426" lbRx="0" />
<p fId="2" fbTx="284.141044" lbTx="284.1410925" tId="0" fbRx="284.141099" lbRx="0" />
<p fId="2" fbTx="284.141044" lbTx="284.1410925" tId="0" fbRx="284.141099" lbRx="0" />
<p fId="2" fbTx="284.141044" lbTx="284.1410925" tId="1" fbRx="284.141099" lbRx="0" />
<p fId="2" fbTx="284.1411124" lbTx="284.1411609" tId="0" fbRx="284.1411675" lbRx="0" />
<p fId="2" fbTx="284.1411124" lbTx="284.1411609" tId="0" fbRx="284.1411675" lbRx="0" />
<p fId="2" fbTx="284.1411124" lbTx="284.1411609" tId="1" fbRx="284.1411675" lbRx="0" />
<p fId="2" fbTx="284.1411799" lbTx="284.1412284" tId="0" fbRx="284.1412349" lbRx="0" />
<p fId="2" fbTx="284.1411799" lbTx="284.1412284" tId="0" fbRx="284.1412349" lbRx="0" />
<p fId="2" fbTx="284.1411799" lbTx="284.1412284" tId="1" fbRx="284.1412349" lbRx="0" />
<p fId="2" fbTx="284.1412383" lbTx="284.1412868" tId="0" fbRx="284.1412934" lbRx="0" />
<p fId="2" fbTx="284.1412383" lbTx="284.1412868" tId="0" fbRx="284.1412934" lbRx="0" />
<p fId="2" fbTx="284.1412383" lbTx="284.1412868" tId="1" fbRx="284.1412934" lbRx="0" />
<p fId="2" fbTx="284.1412938" lbTx="284.1413422" tId="0" fbRx="284.1413488" lbRx="0" />
<p fId="2" fbTx="284.1412938" lbTx="284.1413422" tId="0" fbRx="284.1413488" lbRx="0" />
<p fId="2" fbTx="284.1412938" lbTx="284.1413422" tId="1" fbRx="284.1413488" lbRx="0" />
<p fId="2" fbTx="284.1413532" lbTx="284.1414017" tId="0" fbRx="284.1414082" lbRx="0" />
<p fId="2" fbTx="284.1413532" lbTx="284.1414017" tId="0" fbRx="284.1414082" lbRx="0" />
<p fId="2" fbTx="284.1413532" lbTx="284.1414017" tId="1" fbRx="284.1414082" lbRx="0" />
<p fId="2" fbTx="284.1414106" lbTx="284.1414591" tId="0" fbRx="284.1414657" lbRx="0" />
<p fId="2" fbTx="284.1414106" lbTx="284.1414591" tId="0" fbRx="284.1414657" lbRx="0" />
<p fId="2" fbTx="284.1414106" lbTx="284.1414591" tId="1" fbRx="284.1414657" lbRx="0" />
<p fId="2" fbTx="284.1414661" lbTx="284.1415146" tId="0" fbRx="284.1415211" lbRx="0" />
<p fId="2" fbTx="284.1414661" lbTx="284.1415146" tId="0" fbRx="284.1415211" lbRx="0" />
<p fId="2" fbTx="284.1414661" lbTx="284.1415146" tId="1" fbRx="284.1415211" lbRx="0" />
<p fId="2" fbTx="284.1415285" lbTx="284.141577" tId="0" fbRx="284.1415836" lbRx="0" />
<p fId="2" fbTx="284.1415285" lbTx="284.141577" tId="0" fbRx="284.1415836" lbRx="0" />
<p fId="2" fbTx="284.1415285" lbTx="284.141577" tId="1" fbRx="284.1415836" lbRx="0" />
<p fId="2" fbTx="284.141596" lbTx="284.1416444" tId="0" fbRx="284.141651" lbRx="0" />
<p fId="2" fbTx="284.141596" lbTx="284.1416444" tId="0" fbRx="284.141651" lbRx="0" />
<p fId="2" fbTx="284.141596" lbTx="284.1416444" tId="1" fbRx="284.141651" lbRx="0" />
<p fId="2" fbTx="284.1416534" lbTx="284.1417019" tId="0" fbRx="284.1417084" lbRx="0" />
<p fId="2" fbTx="284.1416534" lbTx="284.1417019" tId="0" fbRx="284.1417084" lbRx="0" />
<p fId="2" fbTx="284.1416534" lbTx="284.1417019" tId="1" fbRx="284.1417084" lbRx="0" />
<p fId="2" fbTx="284.1417188" lbTx="284.1417673" tId="0" fbRx="284.1417739" lbRx="0" />
<p fId="2" fbTx="284.1417188" lbTx="284.1417673" tId="0" fbRx="284.1417739" lbRx="0" />
<p fId="2" fbTx="284.1417188" lbTx="284.1417673" tId="1" fbRx="284.1417739" lbRx="0" />
<p fId="2" fbTx="284.1417763" lbTx="284.1418248" tId="0" fbRx="284.1418313" lbRx="0" />
<p fId="2" fbTx="284.1417763" lbTx="284.1418248" tId="0" fbRx="284.1418313" lbRx="0" />
<p fId="2" fbTx="284.1417763" lbTx="284.1418248" tId="1" fbRx="284.1418313" lbRx="0" />
<p fId="2" fbTx="284.1418327" lbTx="284.1418812" tId="0" fbRx="284.1418878" lbRx="0" />
<p fId="2" fbTx="284.1418327" lbTx="284.1418812" tId="0" fbRx="284.1418878" lbRx="0" />
<p fId="2" fbTx="284.1418327" lbTx="284.1418812" tId="1" fbRx="284.1418878" lbRx="0" />
<p fId="2" fbTx="284.1418882" lbTx="284.1419366" tId="0" fbRx="284.1419432" lbRx="0" />
<p fId="2" fbTx="284.1418882" lbTx="284.1419366" tId="0" fbRx="284.1419432" lbRx="0" />
<p fId="2" fbTx="284.1418882" lbTx="284.1419366" tId="1" fbRx="284.1419432" lbRx="0" />
<p fId="2" fbTx="284.1419476" lbTx="284.1419961" tId="0" fbRx="284.1420026" lbRx="0" />
<p fId="2" fbTx="284.1419476" lbTx="284.1419961" tId="0" fbRx="284.1420026" lbRx="0" />
<p fId="2" fbTx="284.1419476" lbTx="284.1419961" tId="1" fbRx="284.1420026" lbRx="0" />
<p fId="2" fbTx="284.14201" lbTx="284.1420585" tId="0" fbRx="284.1420651" lbRx="0" />
<p fId="2" fbTx="284.14201" lbTx="284.1420585" tId="0" fbRx="284.1420651" lbRx="0" />
<p fId="2" fbTx="284.14201" lbTx="284.1420585" tId="1" fbRx="284.1420651" lbRx="0" />
<p fId="2" fbTx="284.1420715" lbTx="284.14212" tId="0" fbRx="284.1421265" lbRx="0" />
<p fId="2" fbTx="284.1420715" lbTx="284.14212" tId="0" fbRx="284.1421265" lbRx="0" />
<p fId="2" fbTx="284.1420715" lbTx="284.14212" tId="1" fbRx="284.1421265" lbRx="0" />
<p fId="2" fbTx="284.1421329" lbTx="284.1421814" tId="0" fbRx="284.142188" lbRx="0" />
<p fId="2" fbTx="284.1421329" lbTx="284.1421814" tId="0" fbRx="284.142188" lbRx="0" />
<p fId="2" fbTx="284.1421329" lbTx="284.1421814" tId="1" fbRx="284.142188" lbRx="0" />
<p fId="2" fbTx="284.1421884" lbTx="284.1422368" tId="0" fbRx="284.1422434" lbRx="0" />
<p fId="2" fbTx="284.1421884" lbTx="284.1422368" tId="0" fbRx="284.1422434" lbRx="0" />
<p fId="2" fbTx="284.1421884" lbTx="284.1422368" tId="1" fbRx="284.1422434" lbRx="0" />
<p fId="2" fbTx="284.1422438" lbTx="284.1422923" tId="0" fbRx="284.1422988" lbRx="0" />
<p fId="2" fbTx="284.1422438" lbTx="284.1422923" tId="0" fbRx="284.1422988" lbRx="0" />
<p fId="2" fbTx="284.1422438" lbTx="284.1422923" tId="1" fbRx="284.1422988" lbRx="0" />
<p fId="2" fbTx="284.1423012" lbTx="284.1423497" tId="0" fbRx="284.1423563" lbRx="0" />
<p fId="2" fbTx="284.1423012" lbTx="284.1423497" tId="0" fbRx="284.1423563" lbRx="0" />
<p fId="2" fbTx="284.1423012" lbTx="284.1423497" tId="1" fbRx="284.1423563" lbRx="0" />
<p fId="2" fbTx="284.1423567" lbTx="284.1424052" tId="0" fbRx="284.1424117" lbRx="0" />
<p fId="2" fbTx="284.1423567" lbTx="284.1424052" tId="0" fbRx="284.1424117" lbRx="0" />
<p fId="2" fbTx="284.1423567" lbTx="284.1424052" tId="1" fbRx="284.1424117" lbRx="0" />
<p fId="2" fbTx="284.1424171" lbTx="284.1424656" tId="0" fbRx="284.1424722" lbRx="0" />
<p fId="2" fbTx="284.1424171" lbTx="284.1424656" tId="0" fbRx="284.1424722" lbRx="0" />
<p fId="2" fbTx="284.1424171" lbTx="284.1424656" tId="1" fbRx="284.1424722" lbRx="0" />
<p fId="2" fbTx="284.1424726" lbTx="284.142521" tId="0" fbRx="284.1425276" lbRx="0" />
<p fId="2" fbTx="284.1424726" lbTx="284.142521" tId="0" fbRx="284.1425276" lbRx="0" />
<p fId="2" fbTx="284.1424726" lbTx="284.142521" tId="1" fbRx="284.1425276" lbRx="0" />
<p fId="2" fbTx="284.142531" lbTx="284.1425795" tId="0" fbRx="284.142586" lbRx="0" />
<p fId="2" fbTx="284.142531" lbTx="284.1425795" tId="0" fbRx="284.142586" lbRx="0" />
<p fId="2" fbTx="284.142531" lbTx="284.1425795" tId="1" fbRx="284.142586" lbRx="0" />
<p fId="2" fbTx="284.1425914" lbTx="284.1426399" tId="0" fbRx="284.1426465" lbRx="0" />
<p fId="2" fbTx="284.1425914" lbTx="284.1426399" tId="0" fbRx="284.1426465" lbRx="0" />
<p fId="2" fbTx="284.1425914" lbTx="284.1426399" tId="1" fbRx="284.1426465" lbRx="0" />
<p fId="2" fbTx="284.1426469" lbTx="284.1426954" tId="0" fbRx="284.1427019" lbRx="0" />
<p fId="2" fbTx="284.1426469" lbTx="284.1426954" tId="0" fbRx="284.1427019" lbRx="0" />
<p fId="2" fbTx="284.1426469" lbTx="284.1426954" tId="1" fbRx="284.1427019" lbRx="0" />
<p fId="2" fbTx="284.1427133" lbTx="284.1427618" tId="0" fbRx="284.1427684" lbRx="0" />
<p fId="2" fbTx="284.1427133" lbTx="284.1427618" tId="0" fbRx="284.1427684" lbRx="0" />
<p fId="2" fbTx="284.1427133" lbTx="284.1427618" tId="1" fbRx="284.1427684" lbRx="0" />
<p fId="2" fbTx="284.1427688" lbTx="284.1428172" tId="0" fbRx="284.1428238" lbRx="0" />
<p fId="2" fbTx="284.1427688" lbTx="284.1428172" tId="0" fbRx="284.1428238" lbRx="0" />
<p fId="2" fbTx="284.1427688" lbTx="284.1428172" tId="1" fbRx="284.1428238" lbRx="0" />
<p fId="2" fbTx="284.1428322" lbTx="284.1428807" tId="0" fbRx="284.1428872" lbRx="0" />
<p fId="2" fbTx="284.1428322" lbTx="284.1428807" tId="0" fbRx="284.1428872" lbRx="0" />
<p fId="2" fbTx="284.1428322" lbTx="284.1428807" tId="1" fbRx="284.1428872" lbRx="0" />
<p fId="2" fbTx="284.1428876" lbTx="284.1429361" tId="0" fbRx="284.1429427" lbRx="0" />
<p fId="2" fbTx="284.1428876" lbTx="284.1429361" tId="0" fbRx="284.1429427" lbRx="0" />
<p fId="2" fbTx="284.1428876" lbTx="284.1429361" tId="1" fbRx="284.1429427" lbRx="0" />
<p fId="2" fbTx="284.1429451" lbTx="284.1429936" tId="0" fbRx="284.1430001" lbRx="0" />
<p fId="2" fbTx="284.1429451" lbTx="284.1429936" tId="0" fbRx="284.1430001" lbRx="0" />
<p fId="2" fbTx="284.1429451" lbTx="284.1429936" tId="1" fbRx="284.1430001" lbRx="0" />
<p fId="2" fbTx="284.1430015" lbTx="284.14305" tId="0" fbRx="284.1430566" lbRx="0" />
<p fId="2" fbTx="284.1430015" lbTx="284.14305" tId="0" fbRx="284.1430566" lbRx="0" />
<p fId="2" fbTx="284.1430015" lbTx="284.14305" tId="1" fbRx="284.1430566" lbRx="0" />
<p fId="2" fbTx="284.143059" lbTx="284.1431074" tId="0" fbRx="284.143114" lbRx="0" />
<p fId="2" fbTx="284.143059" lbTx="284.1431074" tId="0" fbRx="284.143114" lbRx="0" />
<p fId="2" fbTx="284.143059" lbTx="284.1431074" tId="1" fbRx="284.143114" lbRx="0" />
<p fId="2" fbTx="284.1431234" lbTx="284.1431719" tId="0" fbRx="284.1431784" lbRx="0" />
<p fId="2" fbTx="284.1431234" lbTx="284.1431719" tId="0" fbRx="284.1431784" lbRx="0" />
<p fId="2" fbTx="284.1431234" lbTx="284.1431719" tId="1" fbRx="284.1431784" lbRx="0" />
<p fId="2" fbTx="284.1431818" lbTx="284.1432303" tId="0" fbRx="284.1432369" lbRx="0" />
<p fId="2" fbTx="284.1431818" lbTx="284.1432303" tId="0" fbRx="284.1432369" lbRx="0" />
<p fId="2" fbTx="284.1431818" lbTx="284.1432303" tId="1" fbRx="284.1432369" lbRx="0" />
<p fId="2" fbTx="284.1432393" lbTx="284.1432878" tId="0" fbRx="284.1432943" lbRx="0" />
<p fId="2" fbTx="284.1432393" lbTx="284.1432878" tId="0" fbRx="284.1432943" lbRx="0" />
<p fId="2" fbTx="284.1432393" lbTx="284.1432878" tId="1" fbRx="284.1432943" lbRx="0" />
<p fId="2" fbTx="284.1432947" lbTx="284.1433432" tId="0" fbRx="284.1433498" lbRx="0" />
<p fId="2" fbTx="284.1432947" lbTx="284.1433432" tId="0" fbRx="284.1433498" lbRx="0" />
<p fId="2" fbTx="284.1432947" lbTx="284.1433432" tId="1" fbRx="284.1433498" lbRx="0" />
<p fId="2" fbTx="284.1433522" lbTx="284.1434006" tId="0" fbRx="284.1434072" lbRx="0" />
<p fId="2" fbTx="284.1433522" lbTx="284.1434006" tId="0" fbRx="284.1434072" lbRx="0" />
<p fId="2" fbTx="284.1433522" lbTx="284.1434006" tId="1" fbRx="284.1434072" lbRx="0" />
<p fId="2" fbTx="284.1434176" lbTx="284.1434661" tId="0" fbRx="284.1434726" lbRx="0" />
<p fId="2" fbTx="284.1434176" lbTx="284.1434661" tId="0" fbRx="284.1434726" lbRx="0" />
<p fId="2" fbTx="284.1434176" lbTx="284.1434661" tId="1" fbRx="284.1434726" lbRx="0" />
<p fId="2" fbTx="284.143474" lbTx="284.1435225" tId="0" fbRx="284.1435291" lbRx="0" />
<p fId="2" fbTx="284.143474" lbTx="284.1435225" tId="0" fbRx="284.1435291" lbRx="0" />
<p fId="2" fbTx="284.143474" lbTx="284.1435225" tId="1" fbRx="284.1435291" lbRx="0" />
<p fId="2" fbTx="284.1435305" lbTx="284.143579" tId="0" fbRx="284.1435855" lbRx="0" />
<p fId="2" fbTx="284.1435305" lbTx="284.143579" tId="0" fbRx="284.1435855" lbRx="0" />
<p fId="2" fbTx="284.1435305" lbTx="284.143579" tId="1" fbRx="284.1435855" lbRx="0" />
<p fId="2" fbTx="284.1435889" lbTx="284.1436374" tId="0" fbRx="284.143644" lbRx="0" />
<p fId="2" fbTx="284.1435889" lbTx="284.1436374" tId="0" fbRx="284.143644" lbRx="0" />
<p fId="2" fbTx="284.1435889" lbTx="284.1436374" tId="1" fbRx="284.143644" lbRx="0" />
<p fId="2" fbTx="284.1436464" lbTx="284.1436948" tId="0" fbRx="284.1437014" lbRx="0" />
<p fId="2" fbTx="284.1436464" lbTx="284.1436948" tId="0" fbRx="284.1437014" lbRx="0" />
<p fId="2" fbTx="284.1436464" lbTx="284.1436948" tId="1" fbRx="284.1437014" lbRx="0" />
<p fId="2" fbTx="284.1437018" lbTx="284.1437503" tId="0" fbRx="284.1437568" lbRx="0" />
<p fId="2" fbTx="284.1437018" lbTx="284.1437503" tId="0" fbRx="284.1437568" lbRx="0" />
<p fId="2" fbTx="284.1437018" lbTx="284.1437503" tId="1" fbRx="284.1437568" lbRx="0" />
<p fId="2" fbTx="284.1437602" lbTx="284.1438087" tId="0" fbRx="284.1438153" lbRx="0" />
<p fId="2" fbTx="284.1437602" lbTx="284.1438087" tId="0" fbRx="284.1438153" lbRx="0" />
<p fId="2" fbTx="284.1437602" lbTx="284.1438087" tId="1" fbRx="284.1438153" lbRx="0" />
<p fId="2" fbTx="284.1438277" lbTx="284.1438762" tId="0" fbRx="284.1438827" lbRx="0" />
<p fId="2" fbTx="284.1438277" lbTx="284.1438762" tId="0" fbRx="284.1438827" lbRx="0" />
<p fId="2" fbTx="284.1438277" lbTx="284.1438762" tId="1" fbRx="284.1438827" lbRx="0" />
<p fId="2" fbTx="284.1438861" lbTx="284.1439346" tId="0" fbRx="284.1439412" lbRx="0" />
<p fId="2" fbTx="284.1438861" lbTx="284.1439346" tId="0" fbRx="284.1439412" lbRx="0" />
<p fId="2" fbTx="284.1438861" lbTx="284.1439346" tId="1" fbRx="284.1439412" lbRx="0" />
<p fId="2" fbTx="284.1439446" lbTx="284.143993" tId="0" fbRx="284.1439996" lbRx="0" />
<p fId="2" fbTx="284.1439446" lbTx="284.143993" tId="0" fbRx="284.1439996" lbRx="0" />
<p fId="2" fbTx="284.1439446" lbTx="284.143993" tId="1" fbRx="284.1439996" lbRx="0" />
<p fId="2" fbTx="284.144002" lbTx="284.1440505" tId="0" fbRx="284.144057" lbRx="0" />
<p fId="2" fbTx="284.144002" lbTx="284.1440505" tId="0" fbRx="284.144057" lbRx="0" />
<p fId="2" fbTx="284.144002" lbTx="284.1440505" tId="1" fbRx="284.144057" lbRx="0" />
<p fId="2" fbTx="284.1440664" lbTx="284.1441149" tId="0" fbRx="284.1441215" lbRx="0" />
<p fId="2" fbTx="284.1440664" lbTx="284.1441149" tId="0" fbRx="284.1441215" lbRx="0" />
<p fId="2" fbTx="284.1440664" lbTx="284.1441149" tId="1" fbRx="284.1441215" lbRx="0" />
<p fId="2" fbTx="284.1441279" lbTx="284.1441764" tId="0" fbRx="284.1441829" lbRx="0" />
<p fId="2" fbTx="284.1441279" lbTx="284.1441764" tId="0" fbRx="284.1441829" lbRx="0" />
<p fId="2" fbTx="284.1441279" lbTx="284.1441764" tId="1" fbRx="284.1441829" lbRx="0" />
<p fId="2" fbTx="284.1441913" lbTx="284.1442398" tId="0" fbRx="284.1442464" lbRx="0" />
<p fId="2" fbTx="284.1441913" lbTx="284.1442398" tId="0" fbRx="284.1442464" lbRx="0" />
<p fId="2" fbTx="284.1441913" lbTx="284.1442398" tId="1" fbRx="284.1442464" lbRx="0" />
<p fId="2" fbTx="284.1442488" lbTx="284.1442774" tId="0" fbRx="284.144284" lbRx="0" />
<p fId="2" fbTx="284.1442488" lbTx="284.1442774" tId="0" fbRx="284.144284" lbRx="0" />
<p fId="2" fbTx="284.1442488" lbTx="284.1442774" tId="1" fbRx="284.144284" lbRx="0" />
<p fId="2" fbTx="284.1442874" lbTx="284.1443358" tId="0" fbRx="284.1443424" lbRx="0" />
<p fId="2" fbTx="284.1442874" lbTx="284.1443358" tId="0" fbRx="284.1443424" lbRx="0" />
<p fId="2" fbTx="284.1442874" lbTx="284.1443358" tId="1" fbRx="284.1443424" lbRx="0" />
<p fId="2" fbTx="284.1443528" lbTx="284.1443995" tId="0" fbRx="284.1444061" lbRx="0" />
<p fId="2" fbTx="284.1443528" lbTx="284.1443995" tId="0" fbRx="284.1444061" lbRx="0" />
<p fId="2" fbTx="284.1443528" lbTx="284.1443995" tId="1" fbRx="284.1444061" lbRx="0" />
<p fId="2" fbTx="284.1444075" lbTx="284.144456" tId="0" fbRx="284.1444625" lbRx="0" />
<p fId="2" fbTx="284.1444075" lbTx="284.144456" tId="0" fbRx="284.1444625" lbRx="0" />
<p fId="2" fbTx="284.1444075" lbTx="284.144456" tId="1" fbRx="284.1444625" lbRx="0" />
<p fId="2" fbTx="284.1444639" lbTx="284.1445124" tId="0" fbRx="284.144519" lbRx="0" />
<p fId="2" fbTx="284.1444639" lbTx="284.1445124" tId="0" fbRx="284.144519" lbRx="0" />
<p fId="2" fbTx="284.1444639" lbTx="284.1445124" tId="1" fbRx="284.144519" lbRx="0" />
<p fId="2" fbTx="284.1445204" lbTx="284.1445688" tId="0" fbRx="284.1445754" lbRx="0" />
<p fId="2" fbTx="284.1445204" lbTx="284.1445688" tId="0" fbRx="284.1445754" lbRx="0" />
<p fId="2" fbTx="284.1445204" lbTx="284.1445688" tId="1" fbRx="284.1445754" lbRx="0" />
<p fId="2" fbTx="284.1445798" lbTx="284.1446283" tId="0" fbRx="284.1446348" lbRx="0" />
<p fId="2" fbTx="284.1445798" lbTx="284.1446283" tId="0" fbRx="284.1446348" lbRx="0" />
<p fId="2" fbTx="284.1445798" lbTx="284.1446283" tId="1" fbRx="284.1446348" lbRx="0" />
<p fId="0" fbTx="284.1454495" lbTx="284.1454551" tId="1" fbRx="284.1454617" lbRx="0" />
<p fId="0" fbTx="284.1454495" lbTx="284.1454551" tId="2" fbRx="284.1454617" lbRx="0" />
<p fId="0" fbTx="284.1454495" lbTx="284.1454551" tId="2" fbRx="284.1454617" lbRx="0" />
<p fId="0" fbTx="284.1454621" lbTx="284.1454677" tId="1" fbRx="284.1454742" lbRx="0" />
<p fId="0" fbTx="284.1454621" lbTx="284.1454677" tId="2" fbRx="284.1454742" lbRx="0" />
<p fId="0" fbTx="284.1454621" lbTx="284.1454677" tId="2" fbRx="284.1454742" lbRx="0" />
<p fId="2" fbTx="284.1454797" lbTx="284.1455282" tId="0" fbRx="284.1455347" lbRx="0" />
<p fId="2" fbTx="284.1454797" lbTx="284.1455282" tId="0" fbRx="284.1455347" lbRx="0" />
<p fId="2" fbTx="284.1454797" lbTx="284.1455282" tId="1" fbRx="284.1455347" lbRx="0" />
<p fId="0" fbTx="284.1455356" lbTx="284.1455412" tId="1" fbRx="284.1455478" lbRx="0" />
<p fId="0" fbTx="284.1455356" lbTx="284.1455412" tId="2" fbRx="284.1455478" lbRx="0" />
<p fId="0" fbTx="284.1455356" lbTx="284.1455412" tId="2" fbRx="284.1455478" lbRx="0" />
<p fId="0" fbTx="284.1455612" lbTx="284.1455668" tId="1" fbRx="284.1455734" lbRx="0" />
<p fId="0" fbTx="284.1455612" lbTx="284.1455668" tId="2" fbRx="284.1455734" lbRx="0" />
<p fId="0" fbTx="284.1455612" lbTx="284.1455668" tId="2" fbRx="284.1455734" lbRx="0" />
<p fId="0" fbTx="284.1455768" lbTx="284.1455824" tId="1" fbRx="284.1455889" lbRx="0" />
<p fId="0" fbTx="284.1455768" lbTx="284.1455824" tId="2" fbRx="284.1455889" lbRx="0" />
<p fId="0" fbTx="284.1455768" lbTx="284.1455824" tId="2" fbRx="284.1455889" lbRx="0" />
<p fId="2" fbTx="284.1455911" lbTx="284.1456396" tId="0" fbRx="284.1456462" lbRx="0" />
<p fId="2" fbTx="284.1455911" lbTx="284.1456396" tId="0" fbRx="284.1456462" lbRx="0" />
<p fId="2" fbTx="284.1455911" lbTx="284.1456396" tId="1" fbRx="284.1456462" lbRx="0" />
<p fId="2" fbTx="284.1456476" lbTx="284.145696" tId="0" fbRx="284.1457026" lbRx="0" />
<p fId="2" fbTx="284.1456476" lbTx="284.145696" tId="0" fbRx="284.1457026" lbRx="0" />
<p fId="2" fbTx="284.1456476" lbTx="284.145696" tId="1" fbRx="284.1457026" lbRx="0" />
<p fId="2" fbTx="284.145705" lbTx="284.1457535" tId="0" fbRx="284.14576" lbRx="0" />
<p fId="2" fbTx="284.145705" lbTx="284.1457535" tId="0" fbRx="284.14576" lbRx="0" />
<p fId="2" fbTx="284.145705" lbTx="284.1457535" tId="1" fbRx="284.14576" lbRx="0" />
<p fId="2" fbTx="284.1457664" lbTx="284.1458149" tId="0" fbRx="284.1458215" lbRx="0" />
<p fId="2" fbTx="284.1457664" lbTx="284.1458149" tId="0" fbRx="284.1458215" lbRx="0" />
<p fId="2" fbTx="284.1457664" lbTx="284.1458149" tId="1" fbRx="284.1458215" lbRx="0" />
<p fId="2" fbTx="284.1458229" lbTx="284.1458714" tId="0" fbRx="284.1458779" lbRx="0" />
<p fId="2" fbTx="284.1458229" lbTx="284.1458714" tId="0" fbRx="284.1458779" lbRx="0" />
<p fId="2" fbTx="284.1458229" lbTx="284.1458714" tId="1" fbRx="284.1458779" lbRx="0" />
<p fId="2" fbTx="284.1458803" lbTx="284.1459288" tId="0" fbRx="284.1459354" lbRx="0" />
<p fId="2" fbTx="284.1458803" lbTx="284.1459288" tId="0" fbRx="284.1459354" lbRx="0" />
<p fId="2" fbTx="284.1458803" lbTx="284.1459288" tId="1" fbRx="284.1459354" lbRx="0" />
<p fId="2" fbTx="284.1459368" lbTx="284.1459852" tId="0" fbRx="284.1459918" lbRx="0" />
<p fId="2" fbTx="284.1459368" lbTx="284.1459852" tId="0" fbRx="284.1459918" lbRx="0" />
<p fId="2" fbTx="284.1459368" lbTx="284.1459852" tId="1" fbRx="284.1459918" lbRx="0" />
<p fId="2" fbTx="284.1459922" lbTx="284.1460407" tId="0" fbRx="284.1460472" lbRx="0" />
<p fId="2" fbTx="284.1459922" lbTx="284.1460407" tId="0" fbRx="284.1460472" lbRx="0" />
<p fId="2" fbTx="284.1459922" lbTx="284.1460407" tId="1" fbRx="284.1460472" lbRx="0" />
<p fId="2" fbTx="284.1460476" lbTx="284.1460961" tId="0" fbRx="284.1461027" lbRx="0" />
<p fId="2" fbTx="284.1460476" lbTx="284.1460961" tId="0" fbRx="284.1461027" lbRx="0" />
<p fId="2" fbTx="284.1460476" lbTx="284.1460961" tId="1" fbRx="284.1461027" lbRx="0" />
<p fId="0" fbTx="284.1461293" lbTx="284.1461349" tId="1" fbRx="284.1461415" lbRx="0" />
<p fId="0" fbTx="284.1461293" lbTx="284.1461349" tId="2" fbRx="284.1461415" lbRx="0" />
<p fId="0" fbTx="284.1461293" lbTx="284.1461349" tId="2" fbRx="284.1461415" lbRx="0" />
<p fId="2" fbTx="284.1461425" lbTx="284.146191" tId="0" fbRx="284.1461975" lbRx="0" />
<p fId="2" fbTx="284.1461425" lbTx="284.146191" tId="0" fbRx="284.1461975" lbRx="0" />
<p fId="2" fbTx="284.1461425" lbTx="284.146191" tId="1" fbRx="284.1461975" lbRx="0" />
<p fId="2" fbTx="284.1461989" lbTx="284.1462474" tId="0" fbRx="284.146254" lbRx="0" />
<p fId="2" fbTx="284.1461989" lbTx="284.1462474" tId="0" fbRx="284.146254" lbRx="0" />
<p fId="2" fbTx="284.1461989" lbTx="284.1462474" tId="1" fbRx="284.146254" lbRx="0" />
<p fId="0" fbTx="284.1462789" lbTx="284.1462845" tId="1" fbRx="284.146291" lbRx="0" />
<p fId="0" fbTx="284.1462789" lbTx="284.1462845" tId="2" fbRx="284.146291" lbRx="0" />
<p fId="0" fbTx="284.1462789" lbTx="284.1462845" tId="2" fbRx="284.146291" lbRx="0" />
<p fId="0" fbTx="284.1462914" lbTx="284.146297" tId="1" fbRx="284.1463036" lbRx="0" />
<p fId="0" fbTx="284.1462914" lbTx="284.146297" tId="2" fbRx="284.1463036" lbRx="0" />
<p fId="0" fbTx="284.1462914" lbTx="284.146297" tId="2" fbRx="284.1463036" lbRx="0" />
<p fId="0" fbTx="284.146304" lbTx="284.1463096" tId="1" fbRx="284.1463162" lbRx="0" />
<p fId="0" fbTx="284.146304" lbTx="284.1463096" tId="2" fbRx="284.1463162" lbRx="0" />
<p fId="0" fbTx="284.146304" lbTx="284.1463096" tId="2" fbRx="284.1463162" lbRx="0" />
<p fId="2" fbTx="284.146318" lbTx="284.1463665" tId="0" fbRx="284.1463731" lbRx="0" />
<p fId="2" fbTx="284.146318" lbTx="284.1463665" tId="0" fbRx="284.1463731" lbRx="0" />
<p fId="2" fbTx="284.146318" lbTx="284.1463665" tId="1" fbRx="284.1463731" lbRx="0" />
<p fId="2" fbTx="284.1463745" lbTx="284.146423" tId="0" fbRx="284.1464295" lbRx="0" />
<p fId="2" fbTx="284.1463745" lbTx="284.146423" tId="0" fbRx="284.1464295" lbRx="0" />
<p fId="2" fbTx="284.1463745" lbTx="284.146423" tId="1" fbRx="284.1464295" lbRx="0" />
<p fId="2" fbTx="284.1464309" lbTx="284.1464794" tId="0" fbRx="284.146486" lbRx="0" />
<p fId="2" fbTx="284.1464309" lbTx="284.1464794" tId="0" fbRx="284.146486" lbRx="0" />
<p fId="2" fbTx="284.1464309" lbTx="284.1464794" tId="1" fbRx="284.146486" lbRx="0" />
<p fId="2" fbTx="284.1464924" lbTx="284.1465408" tId="0" fbRx="284.1465474" lbRx="0" />
<p fId="2" fbTx="284.1464924" lbTx="284.1465408" tId="0" fbRx="284.1465474" lbRx="0" />
<p fId="2" fbTx="284.1464924" lbTx="284.1465408" tId="1" fbRx="284.1465474" lbRx="0" />
<p fId="2" fbTx="284.1465488" lbTx="284.1465973" tId="0" fbRx="284.1466038" lbRx="0" />
<p fId="2" fbTx="284.1465488" lbTx="284.1465973" tId="0" fbRx="284.1466038" lbRx="0" />
<p fId="2" fbTx="284.1465488" lbTx="284.1465973" tId="1" fbRx="284.1466038" lbRx="0" />
<p fId="2" fbTx="284.1466042" lbTx="284.1466527" tId="0" fbRx="284.1466593" lbRx="0" />
<p fId="2" fbTx="284.1466042" lbTx="284.1466527" tId="0" fbRx="284.1466593" lbRx="0" />
<p fId="2" fbTx="284.1466042" lbTx="284.1466527" tId="1" fbRx="284.1466593" lbRx="0" />
<p fId="0" fbTx="284.1469706" lbTx="284.1469762" tId="1" fbRx="284.1469827" lbRx="0" />
<p fId="0" fbTx="284.1469706" lbTx="284.1469762" tId="2" fbRx="284.1469827" lbRx="0" />
<p fId="0" fbTx="284.1469706" lbTx="284.1469762" tId="2" fbRx="284.1469827" lbRx="0" />
<p fId="2" fbTx="284.1469837" lbTx="284.1470322" tId="0" fbRx="284.1470388" lbRx="0" />
<p fId="2" fbTx="284.1469837" lbTx="284.1470322" tId="0" fbRx="284.1470388" lbRx="0" />
<p fId="2" fbTx="284.1469837" lbTx="284.1470322" tId="1" fbRx="284.1470388" lbRx="0" />
<p fId="2" fbTx="284.1470392" lbTx="284.1470876" tId="0" fbRx="284.1470942" lbRx="0" />
<p fId="2" fbTx="284.1470392" lbTx="284.1470876" tId="0" fbRx="284.1470942" lbRx="0" />
<p fId="2" fbTx="284.1470392" lbTx="284.1470876" tId="1" fbRx="284.1470942" lbRx="0" />
<p fId="0" fbTx="284.1471751" lbTx="284.1471807" tId="1" fbRx="284.1471873" lbRx="0" />
<p fId="0" fbTx="284.1471751" lbTx="284.1471807" tId="2" fbRx="284.1471873" lbRx="0" />
<p fId="0" fbTx="284.1471751" lbTx="284.1471807" tId="2" fbRx="284.1471873" lbRx="0" />
<p fId="2" fbTx="284.1471883" lbTx="284.1472368" tId="0" fbRx="284.1472433" lbRx="0" />
<p fId="2" fbTx="284.1471883" lbTx="284.1472368" tId="0" fbRx="284.1472433" lbRx="0" />
<p fId="2" fbTx="284.1471883" lbTx="284.1472368" tId="1" fbRx="284.1472433" lbRx="0" />
<p fId="2" fbTx="284.1472457" lbTx="284.1472942" tId="0" fbRx="284.1473008" lbRx="0" />
<p fId="2" fbTx="284.1472457" lbTx="284.1472942" tId="0" fbRx="284.1473008" lbRx="0" />
<p fId="2" fbTx="284.1472457" lbTx="284.1472942" tId="1" fbRx="284.1473008" lbRx="0" />
<p fId="0" fbTx="284.1473457" lbTx="284.1473513" tId="1" fbRx="284.1473578" lbRx="0" />
<p fId="0" fbTx="284.1473457" lbTx="284.1473513" tId="2" fbRx="284.1473578" lbRx="0" />
<p fId="0" fbTx="284.1473457" lbTx="284.1473513" tId="2" fbRx="284.1473578" lbRx="0" />
<p fId="2" fbTx="284.1473588" lbTx="284.1474073" tId="0" fbRx="284.1474139" lbRx="0" />
<p fId="2" fbTx="284.1473588" lbTx="284.1474073" tId="0" fbRx="284.1474139" lbRx="0" />
<p fId="2" fbTx="284.1473588" lbTx="284.1474073" tId="1" fbRx="284.1474139" lbRx="0" />
<p fId="2" fbTx="284.1474143" lbTx="284.1474628" tId="0" fbRx="284.1474693" lbRx="0" />
<p fId="2" fbTx="284.1474143" lbTx="284.1474628" tId="0" fbRx="284.1474693" lbRx="0" />
<p fId="2" fbTx="284.1474143" lbTx="284.1474628" tId="1" fbRx="284.1474693" lbRx="0" />
<p fId="0" fbTx="284.1476342" lbTx="284.1476398" tId="1" fbRx="284.1476464" lbRx="0" />
<p fId="0" fbTx="284.1476342" lbTx="284.1476398" tId="2" fbRx="284.1476464" lbRx="0" />
<p fId="0" fbTx="284.1476342" lbTx="284.1476398" tId="2" fbRx="284.1476464" lbRx="0" />
<p fId="2" fbTx="284.1476474" lbTx="284.1476959" tId="0" fbRx="284.1477024" lbRx="0" />
<p fId="2" fbTx="284.1476474" lbTx="284.1476959" tId="0" fbRx="284.1477024" lbRx="0" />
<p fId="2" fbTx="284.1476474" lbTx="284.1476959" tId="1" fbRx="284.1477024" lbRx="0" />
<p fId="2" fbTx="284.1477118" lbTx="284.1477603" tId="0" fbRx="284.1477669" lbRx="0" />
<p fId="2" fbTx="284.1477118" lbTx="284.1477603" tId="0" fbRx="284.1477669" lbRx="0" />
<p fId="2" fbTx="284.1477118" lbTx="284.1477603" tId="1" fbRx="284.1477669" lbRx="0" />
<p fId="0" fbTx="284.1478048" lbTx="284.1478104" tId="1" fbRx="284.147817" lbRx="0" />
<p fId="0" fbTx="284.1478048" lbTx="284.1478104" tId="2" fbRx="284.147817" lbRx="0" />
<p fId="0" fbTx="284.1478048" lbTx="284.1478104" tId="2" fbRx="284.147817" lbRx="0" />
<p fId="2" fbTx="284.147818" lbTx="284.1478472" tId="0" fbRx="284.1478537" lbRx="0" />
<p fId="2" fbTx="284.147818" lbTx="284.1478472" tId="0" fbRx="284.1478537" lbRx="0" />
<p fId="2" fbTx="284.147818" lbTx="284.1478472" tId="1" fbRx="284.1478537" lbRx="0" />
<p fId="0" fbTx="284.1478724" lbTx="284.147878" tId="1" fbRx="284.1478845" lbRx="0" />
<p fId="0" fbTx="284.1478724" lbTx="284.147878" tId="2" fbRx="284.1478845" lbRx="0" />
<p fId="0" fbTx="284.1478724" lbTx="284.147878" tId="2" fbRx="284.1478845" lbRx="0" />
<p fId="0" fbTx="284.1478849" lbTx="284.1478905" tId="1" fbRx="284.1478971" lbRx="0" />
<p fId="0" fbTx="284.1478849" lbTx="284.1478905" tId="2" fbRx="284.1478971" lbRx="0" />
<p fId="0" fbTx="284.1478849" lbTx="284.1478905" tId="2" fbRx="284.1478971" lbRx="0" />
<p fId="0" fbTx="284.1478995" lbTx="284.1479051" tId="1" fbRx="284.1479116" lbRx="0" />
<p fId="0" fbTx="284.1478995" lbTx="284.1479051" tId="2" fbRx="284.1479116" lbRx="0" />
<p fId="0" fbTx="284.1478995" lbTx="284.1479051" tId="2" fbRx="284.1479116" lbRx="0" />
<p fId="0" fbTx="284.147918" lbTx="284.1479236" tId="1" fbRx="284.1479302" lbRx="0" />
<p fId="0" fbTx="284.147918" lbTx="284.1479236" tId="2" fbRx="284.1479302" lbRx="0" />
<p fId="0" fbTx="284.147918" lbTx="284.1479236" tId="2" fbRx="284.1479302" lbRx="0" />
<p fId="0" fbTx="284.1479326" lbTx="284.1479382" tId="1" fbRx="284.1479448" lbRx="0" />
<p fId="0" fbTx="284.1479326" lbTx="284.1479382" tId="2" fbRx="284.1479448" lbRx="0" />
<p fId="0" fbTx="284.1479326" lbTx="284.1479382" tId="2" fbRx="284.1479448" lbRx="0" />
<p fId="0" fbTx="284.1479462" lbTx="284.1479518" tId="1" fbRx="284.1479583" lbRx="0" />
<p fId="0" fbTx="284.1479462" lbTx="284.1479518" tId="2" fbRx="284.1479583" lbRx="0" />
<p fId="0" fbTx="284.1479462" lbTx="284.1479518" tId="2" fbRx="284.1479583" lbRx="0" />
<p fId="0" fbTx="284.1479607" lbTx="284.1479663" tId="1" fbRx="284.1479729" lbRx="0" />
<p fId="0" fbTx="284.1479607" lbTx="284.1479663" tId="2" fbRx="284.1479729" lbRx="0" />
<p fId="0" fbTx="284.1479607" lbTx="284.1479663" tId="2" fbRx="284.1479729" lbRx="0" />
<p fId="0" fbTx="284.1479753" lbTx="284.1479809" tId="1" fbRx="284.1479874" lbRx="0" />
<p fId="0" fbTx="284.1479753" lbTx="284.1479809" tId="2" fbRx="284.1479874" lbRx="0" />
<p fId="0" fbTx="284.1479753" lbTx="284.1479809" tId="2" fbRx="284.1479874" lbRx="0" />
<p fId="0" fbTx="284.1479948" lbTx="284.1480004" tId="1" fbRx="284.148007" lbRx="0" />
<p fId="0" fbTx="284.1479948" lbTx="284.1480004" tId="2" fbRx="284.148007" lbRx="0" />
<p fId="0" fbTx="284.1479948" lbTx="284.1480004" tId="2" fbRx="284.148007" lbRx="0" />
<p fId="0" fbTx="284.1480074" lbTx="284.148013" tId="1" fbRx="284.1480196" lbRx="0" />
<p fId="0" fbTx="284.1480074" lbTx="284.148013" tId="2" fbRx="284.1480196" lbRx="0" />
<p fId="0" fbTx="284.1480074" lbTx="284.148013" tId="2" fbRx="284.1480196" lbRx="0" />
<p fId="0" fbTx="284.148021" lbTx="284.1480266" tId="1" fbRx="284.1480331" lbRx="0" />
<p fId="0" fbTx="284.148021" lbTx="284.1480266" tId="2" fbRx="284.1480331" lbRx="0" />
<p fId="0" fbTx="284.148021" lbTx="284.1480266" tId="2" fbRx="284.1480331" lbRx="0" />
<p fId="0" fbTx="284.1480345" lbTx="284.1480401" tId="1" fbRx="284.1480467" lbRx="0" />
<p fId="0" fbTx="284.1480345" lbTx="284.1480401" tId="2" fbRx="284.1480467" lbRx="0" />
<p fId="0" fbTx="284.1480345" lbTx="284.1480401" tId="2" fbRx="284.1480467" lbRx="0" />
<p fId="0" fbTx="284.1480471" lbTx="284.1480527" tId="1" fbRx="284.1480592" lbRx="0" />
<p fId="0" fbTx="284.1480471" lbTx="284.1480527" tId="2" fbRx="284.1480592" lbRx="0" />
<p fId="0" fbTx="284.1480471" lbTx="284.1480527" tId="2" fbRx="284.1480592" lbRx="0" />
<p fId="0" fbTx="284.1480626" lbTx="284.1480682" tId="1" fbRx="284.1480748" lbRx="0" />
<p fId="0" fbTx="284.1480626" lbTx="284.1480682" tId="2" fbRx="284.1480748" lbRx="0" />
<p fId="0" fbTx="284.1480626" lbTx="284.1480682" tId="2" fbRx="284.1480748" lbRx="0" />
<p fId="0" fbTx="284.1480762" lbTx="284.1480818" tId="1" fbRx="284.1480884" lbRx="0" />
<p fId="0" fbTx="284.1480762" lbTx="284.1480818" tId="2" fbRx="284.1480884" lbRx="0" />
<p fId="0" fbTx="284.1480762" lbTx="284.1480818" tId="2" fbRx="284.1480884" lbRx="0" />
<p fId="0" fbTx="284.1480888" lbTx="284.1480944" tId="1" fbRx="284.1481009" lbRx="0" />
<p fId="0" fbTx="284.1480888" lbTx="284.1480944" tId="2" fbRx="284.1481009" lbRx="0" />
<p fId="0" fbTx="284.1480888" lbTx="284.1480944" tId="2" fbRx="284.1481009" lbRx="0" />
<p fId="0" fbTx="284.1481013" lbTx="284.1481069" tId="1" fbRx="284.1481135" lbRx="0" />
<p fId="0" fbTx="284.1481013" lbTx="284.1481069" tId="2" fbRx="284.1481135" lbRx="0" />
<p fId="0" fbTx="284.1481013" lbTx="284.1481069" tId="2" fbRx="284.1481135" lbRx="0" />
<p fId="0" fbTx="284.1481139" lbTx="284.1481195" tId="1" fbRx="284.148126" lbRx="0" />
<p fId="0" fbTx="284.1481139" lbTx="284.1481195" tId="2" fbRx="284.148126" lbRx="0" />
<p fId="0" fbTx="284.1481139" lbTx="284.1481195" tId="2" fbRx="284.148126" lbRx="0" />
<p fId="0" fbTx="284.1481344" lbTx="284.14814" tId="1" fbRx="284.1481466" lbRx="0" />
<p fId="0" fbTx="284.1481344" lbTx="284.14814" tId="2" fbRx="284.1481466" lbRx="0" />
<p fId="0" fbTx="284.1481344" lbTx="284.14814" tId="2" fbRx="284.1481466" lbRx="0" />
<p fId="0" fbTx="284.14815" lbTx="284.1481556" tId="1" fbRx="284.1481622" lbRx="0" />
<p fId="0" fbTx="284.14815" lbTx="284.1481556" tId="2" fbRx="284.1481622" lbRx="0" />
<p fId="0" fbTx="284.14815" lbTx="284.1481556" tId="2" fbRx="284.1481622" lbRx="0" />
<p fId="0" fbTx="284.1481636" lbTx="284.1481692" tId="1" fbRx="284.1481757" lbRx="0" />
<p fId="0" fbTx="284.1481636" lbTx="284.1481692" tId="2" fbRx="284.1481757" lbRx="0" />
<p fId="0" fbTx="284.1481636" lbTx="284.1481692" tId="2" fbRx="284.1481757" lbRx="0" />
<p fId="0" fbTx="284.1481781" lbTx="284.1481837" tId="1" fbRx="284.1481903" lbRx="0" />
<p fId="0" fbTx="284.1481781" lbTx="284.1481837" tId="2" fbRx="284.1481903" lbRx="0" />
<p fId="0" fbTx="284.1481781" lbTx="284.1481837" tId="2" fbRx="284.1481903" lbRx="0" />
<p fId="0" fbTx="284.1481907" lbTx="284.1481963" tId="1" fbRx="284.1482028" lbRx="0" />
<p fId="0" fbTx="284.1481907" lbTx="284.1481963" tId="2" fbRx="284.1482028" lbRx="0" />
<p fId="0" fbTx="284.1481907" lbTx="284.1481963" tId="2" fbRx="284.1482028" lbRx="0" />
<p fId="0" fbTx="284.1482042" lbTx="284.1482098" tId="1" fbRx="284.1482164" lbRx="0" />
<p fId="0" fbTx="284.1482042" lbTx="284.1482098" tId="2" fbRx="284.1482164" lbRx="0" />
<p fId="0" fbTx="284.1482042" lbTx="284.1482098" tId="2" fbRx="284.1482164" lbRx="0" />
<p fId="0" fbTx="284.1482218" lbTx="284.1482274" tId="1" fbRx="284.148234" lbRx="0" />
<p fId="0" fbTx="284.1482218" lbTx="284.1482274" tId="2" fbRx="284.148234" lbRx="0" />
<p fId="0" fbTx="284.1482218" lbTx="284.1482274" tId="2" fbRx="284.148234" lbRx="0" />
<p fId="0" fbTx="284.1482354" lbTx="284.148241" tId="1" fbRx="284.1482475" lbRx="0" />
<p fId="0" fbTx="284.1482354" lbTx="284.148241" tId="2" fbRx="284.1482475" lbRx="0" />
<p fId="0" fbTx="284.1482354" lbTx="284.148241" tId="2" fbRx="284.1482475" lbRx="0" />
<p fId="0" fbTx="284.1482479" lbTx="284.1482535" tId="1" fbRx="284.1482601" lbRx="0" />
<p fId="0" fbTx="284.1482479" lbTx="284.1482535" tId="2" fbRx="284.1482601" lbRx="0" />
<p fId="0" fbTx="284.1482479" lbTx="284.1482535" tId="2" fbRx="284.1482601" lbRx="0" />
<p fId="0" fbTx="284.1482625" lbTx="284.1482681" tId="1" fbRx="284.1482746" lbRx="0" />
<p fId="0" fbTx="284.1482625" lbTx="284.1482681" tId="2" fbRx="284.1482746" lbRx="0" />
<p fId="0" fbTx="284.1482625" lbTx="284.1482681" tId="2" fbRx="284.1482746" lbRx="0" />
<p fId="0" fbTx="284.14828" lbTx="284.1482856" tId="1" fbRx="284.1482922" lbRx="0" />
<p fId="0" fbTx="284.14828" lbTx="284.1482856" tId="2" fbRx="284.1482922" lbRx="0" />
<p fId="0" fbTx="284.14828" lbTx="284.1482856" tId="2" fbRx="284.1482922" lbRx="0" />
<p fId="0" fbTx="284.1482936" lbTx="284.1482992" tId="1" fbRx="284.1483058" lbRx="0" />
<p fId="0" fbTx="284.1482936" lbTx="284.1482992" tId="2" fbRx="284.1483058" lbRx="0" />
<p fId="0" fbTx="284.1482936" lbTx="284.1482992" tId="2" fbRx="284.1483058" lbRx="0" />
<p fId="0" fbTx="284.1483092" lbTx="284.1483148" tId="1" fbRx="284.1483213" lbRx="0" />
<p fId="0" fbTx="284.1483092" lbTx="284.1483148" tId="2" fbRx="284.1483213" lbRx="0" />
<p fId="0" fbTx="284.1483092" lbTx="284.1483148" tId="2" fbRx="284.1483213" lbRx="0" />
<p fId="0" fbTx="284.1483257" lbTx="284.1483313" tId="1" fbRx="284.1483379" lbRx="0" />
<p fId="0" fbTx="284.1483257" lbTx="284.1483313" tId="2" fbRx="284.1483379" lbRx="0" />
<p fId="0" fbTx="284.1483257" lbTx="284.1483313" tId="2" fbRx="284.1483379" lbRx="0" />
<p fId="0" fbTx="284.1483463" lbTx="284.1483519" tId="1" fbRx="284.1483584" lbRx="0" />
<p fId="0" fbTx="284.1483463" lbTx="284.1483519" tId="2" fbRx="284.1483584" lbRx="0" />
<p fId="0" fbTx="284.1483463" lbTx="284.1483519" tId="2" fbRx="284.1483584" lbRx="0" />
<p fId="0" fbTx="284.1483638" lbTx="284.1483694" tId="1" fbRx="284.148376" lbRx="0" />
<p fId="0" fbTx="284.1483638" lbTx="284.1483694" tId="2" fbRx="284.148376" lbRx="0" />
<p fId="0" fbTx="284.1483638" lbTx="284.1483694" tId="2" fbRx="284.148376" lbRx="0" />
<p fId="0" fbTx="284.1483764" lbTx="284.148382" tId="1" fbRx="284.1483886" lbRx="0" />
<p fId="0" fbTx="284.1483764" lbTx="284.148382" tId="2" fbRx="284.1483886" lbRx="0" />
<p fId="0" fbTx="284.1483764" lbTx="284.148382" tId="2" fbRx="284.1483886" lbRx="0" />
<p fId="0" fbTx="284.148391" lbTx="284.1483966" tId="1" fbRx="284.1484031" lbRx="0" />
<p fId="0" fbTx="284.148391" lbTx="284.1483966" tId="2" fbRx="284.1484031" lbRx="0" />
<p fId="0" fbTx="284.148391" lbTx="284.1483966" tId="2" fbRx="284.1484031" lbRx="0" />
<p fId="0" fbTx="284.1484035" lbTx="284.1484091" tId="1" fbRx="284.1484157" lbRx="0" />
<p fId="0" fbTx="284.1484035" lbTx="284.1484091" tId="2" fbRx="284.1484157" lbRx="0" />
<p fId="0" fbTx="284.1484035" lbTx="284.1484091" tId="2" fbRx="284.1484157" lbRx="0" />
<p fId="0" fbTx="284.1484171" lbTx="284.1484227" tId="1" fbRx="284.1484292" lbRx="0" />
<p fId="0" fbTx="284.1484171" lbTx="284.1484227" tId="2" fbRx="284.1484292" lbRx="0" />
<p fId="0" fbTx="284.1484171" lbTx="284.1484227" tId="2" fbRx="284.1484292" lbRx="0" />
<p fId="0" fbTx="284.1484316" lbTx="284.1484372" tId="1" fbRx="284.1484438" lbRx="0" />
<p fId="0" fbTx="284.1484316" lbTx="284.1484372" tId="2" fbRx="284.1484438" lbRx="0" />
<p fId="0" fbTx="284.1484316" lbTx="284.1484372" tId="2" fbRx="284.1484438" lbRx="0" />
<p fId="0" fbTx="284.1484482" lbTx="284.1484538" tId="1" fbRx="284.1484604" lbRx="0" />
<p fId="0" fbTx="284.1484482" lbTx="284.1484538" tId="2" fbRx="284.1484604" lbRx="0" />
<p fId="0" fbTx="284.1484482" lbTx="284.1484538" tId="2" fbRx="284.1484604" lbRx="0" />
<p fId="0" fbTx="284.1484738" lbTx="284.1484794" tId="1" fbRx="284.1484859" lbRx="0" />
<p fId="0" fbTx="284.1484738" lbTx="284.1484794" tId="2" fbRx="284.1484859" lbRx="0" />
<p fId="0" fbTx="284.1484738" lbTx="284.1484794" tId="2" fbRx="284.1484859" lbRx="0" />
<p fId="0" fbTx="284.1484863" lbTx="284.1484919" tId="1" fbRx="284.1484985" lbRx="0" />
<p fId="0" fbTx="284.1484863" lbTx="284.1484919" tId="2" fbRx="284.1484985" lbRx="0" />
<p fId="0" fbTx="284.1484863" lbTx="284.1484919" tId="2" fbRx="284.1484985" lbRx="0" />
<p fId="0" fbTx="284.1485059" lbTx="284.1485115" tId="1" fbRx="284.148518" lbRx="0" />
<p fId="0" fbTx="284.1485059" lbTx="284.1485115" tId="2" fbRx="284.148518" lbRx="0" />
<p fId="0" fbTx="284.1485059" lbTx="284.1485115" tId="2" fbRx="284.148518" lbRx="0" />
<p fId="0" fbTx="284.1485194" lbTx="284.148525" tId="1" fbRx="284.1485316" lbRx="0" />
<p fId="0" fbTx="284.1485194" lbTx="284.148525" tId="2" fbRx="284.1485316" lbRx="0" />
<p fId="0" fbTx="284.1485194" lbTx="284.148525" tId="2" fbRx="284.1485316" lbRx="0" />
<p fId="0" fbTx="284.148539" lbTx="284.1485446" tId="1" fbRx="284.1485512" lbRx="0" />
<p fId="0" fbTx="284.148539" lbTx="284.1485446" tId="2" fbRx="284.1485512" lbRx="0" />
<p fId="0" fbTx="284.148539" lbTx="284.1485446" tId="2" fbRx="284.1485512" lbRx="0" />
<p fId="0" fbTx="284.1485536" lbTx="284.1485592" tId="1" fbRx="284.1485657" lbRx="0" />
<p fId="0" fbTx="284.1485536" lbTx="284.1485592" tId="2" fbRx="284.1485657" lbRx="0" />
<p fId="0" fbTx="284.1485536" lbTx="284.1485592" tId="2" fbRx="284.1485657" lbRx="0" />
<p fId="0" fbTx="284.1485661" lbTx="284.1485717" tId="1" fbRx="284.1485783" lbRx="0" />
<p fId="0" fbTx="284.1485661" lbTx="284.1485717" tId="2" fbRx="284.1485783" lbRx="0" />
<p fId="0" fbTx="284.1485661" lbTx="284.1485717" tId="2" fbRx="284.1485783" lbRx="0" />
<p fId="0" fbTx="284.1485797" lbTx="284.1485853" tId="1" fbRx="284.1485918" lbRx="0" />
<p fId="0" fbTx="284.1485797" lbTx="284.1485853" tId="2" fbRx="284.1485918" lbRx="0" />
<p fId="0" fbTx="284.1485797" lbTx="284.1485853" tId="2" fbRx="284.1485918" lbRx="0" />
<p fId="0" fbTx="284.1485922" lbTx="284.1485978" tId="1" fbRx="284.1486044" lbRx="0" />
<p fId="0" fbTx="284.1485922" lbTx="284.1485978" tId="2" fbRx="284.1486044" lbRx="0" />
<p fId="0" fbTx="284.1485922" lbTx="284.1485978" tId="2" fbRx="284.1486044" lbRx="0" />
<p fId="0" fbTx="284.1486308" lbTx="284.1486364" tId="1" fbRx="284.148643" lbRx="0" />
<p fId="0" fbTx="284.1486308" lbTx="284.1486364" tId="2" fbRx="284.148643" lbRx="0" />
<p fId="0" fbTx="284.1486308" lbTx="284.1486364" tId="2" fbRx="284.148643" lbRx="0" />
<p fId="0" fbTx="284.1486454" lbTx="284.148651" tId="1" fbRx="284.1486575" lbRx="0" />
<p fId="0" fbTx="284.1486454" lbTx="284.148651" tId="2" fbRx="284.1486575" lbRx="0" />
<p fId="0" fbTx="284.1486454" lbTx="284.148651" tId="2" fbRx="284.1486575" lbRx="0" />
<p fId="0" fbTx="284.1486639" lbTx="284.1486695" tId="1" fbRx="284.1486761" lbRx="0" />
<p fId="0" fbTx="284.1486639" lbTx="284.1486695" tId="2" fbRx="284.1486761" lbRx="0" />
<p fId="0" fbTx="284.1486639" lbTx="284.1486695" tId="2" fbRx="284.1486761" lbRx="0" />
<p fId="0" fbTx="284.1486875" lbTx="284.1486931" tId="1" fbRx="284.1486996" lbRx="0" />
<p fId="0" fbTx="284.1486875" lbTx="284.1486931" tId="2" fbRx="284.1486996" lbRx="0" />
<p fId="0" fbTx="284.1486875" lbTx="284.1486931" tId="2" fbRx="284.1486996" lbRx="0" />
<p fId="0" fbTx="284.148702" lbTx="284.1487076" tId="1" fbRx="284.1487142" lbRx="0" />
<p fId="0" fbTx="284.148702" lbTx="284.1487076" tId="2" fbRx="284.1487142" lbRx="0" />
<p fId="0" fbTx="284.148702" lbTx="284.1487076" tId="2" fbRx="284.1487142" lbRx="0" />
<p fId="0" fbTx="284.1487196" lbTx="284.1487252" tId="1" fbRx="284.1487318" lbRx="0" />
<p fId="0" fbTx="284.1487196" lbTx="284.1487252" tId="2" fbRx="284.1487318" lbRx="0" />
<p fId="0" fbTx="284.1487196" lbTx="284.1487252" tId="2" fbRx="284.1487318" lbRx="0" />
<p fId="0" fbTx="284.1487342" lbTx="284.1487398" tId="1" fbRx="284.1487463" lbRx="0" />
<p fId="0" fbTx="284.1487342" lbTx="284.1487398" tId="2" fbRx="284.1487463" lbRx="0" />
<p fId="0" fbTx="284.1487342" lbTx="284.1487398" tId="2" fbRx="284.1487463" lbRx="0" />
<p fId="0" fbTx="284.1487467" lbTx="284.1487523" tId="1" fbRx="284.1487589" lbRx="0" />
<p fId="0" fbTx="284.1487467" lbTx="284.1487523" tId="2" fbRx="284.1487589" lbRx="0" />
<p fId="0" fbTx="284.1487467" lbTx="284.1487523" tId="2" fbRx="284.1487589" lbRx="0" />
<p fId="0" fbTx="284.1487623" lbTx="284.1487679" tId="1" fbRx="284.1487744" lbRx="0" />
<p fId="0" fbTx="284.1487623" lbTx="284.1487679" tId="2" fbRx="284.1487744" lbRx="0" />
<p fId="0" fbTx="284.1487623" lbTx="284.1487679" tId="2" fbRx="284.1487744" lbRx="0" />
<p fId="0" fbTx="284.1487848" lbTx="284.1487904" tId="1" fbRx="284.148797" lbRx="0" />
<p fId="0" fbTx="284.1487848" lbTx="284.1487904" tId="2" fbRx="284.148797" lbRx="0" />
<p fId="0" fbTx="284.1487848" lbTx="284.1487904" tId="2" fbRx="284.148797" lbRx="0" />
<p fId="0" fbTx="284.1488044" lbTx="284.14881" tId="1" fbRx="284.1488166" lbRx="0" />
<p fId="0" fbTx="284.1488044" lbTx="284.14881" tId="2" fbRx="284.1488166" lbRx="0" />
<p fId="0" fbTx="284.1488044" lbTx="284.14881" tId="2" fbRx="284.1488166" lbRx="0" />
<p fId="0" fbTx="284.148824" lbTx="284.1488296" tId="1" fbRx="284.1488361" lbRx="0" />
<p fId="0" fbTx="284.148824" lbTx="284.1488296" tId="2" fbRx="284.1488361" lbRx="0" />
<p fId="0" fbTx="284.148824" lbTx="284.1488296" tId="2" fbRx="284.1488361" lbRx="0" />
<p fId="0" fbTx="284.1488395" lbTx="284.1488451" tId="1" fbRx="284.1488517" lbRx="0" />
<p fId="0" fbTx="284.1488395" lbTx="284.1488451" tId="2" fbRx="284.1488517" lbRx="0" />
<p fId="0" fbTx="284.1488395" lbTx="284.1488451" tId="2" fbRx="284.1488517" lbRx="0" />
<p fId="0" fbTx="284.1488521" lbTx="284.1488577" tId="1" fbRx="284.1488642" lbRx="0" />
<p fId="0" fbTx="284.1488521" lbTx="284.1488577" tId="2" fbRx="284.1488642" lbRx="0" />
<p fId="0" fbTx="284.1488521" lbTx="284.1488577" tId="2" fbRx="284.1488642" lbRx="0" />
<p fId="0" fbTx="284.1488656" lbTx="284.1488712" tId="1" fbRx="284.1488778" lbRx="0" />
<p fId="0" fbTx="284.1488656" lbTx="284.1488712" tId="2" fbRx="284.1488778" lbRx="0" />
<p fId="0" fbTx="284.1488656" lbTx="284.1488712" tId="2" fbRx="284.1488778" lbRx="0" />
<p fId="0" fbTx="284.1488782" lbTx="284.1488838" tId="1" fbRx="284.1488904" lbRx="0" />
<p fId="0" fbTx="284.1488782" lbTx="284.1488838" tId="2" fbRx="284.1488904" lbRx="0" />
<p fId="0" fbTx="284.1488782" lbTx="284.1488838" tId="2" fbRx="284.1488904" lbRx="0" />
<p fId="0" fbTx="284.1488908" lbTx="284.1488964" tId="1" fbRx="284.1489029" lbRx="0" />
<p fId="0" fbTx="284.1488908" lbTx="284.1488964" tId="2" fbRx="284.1489029" lbRx="0" />
<p fId="0" fbTx="284.1488908" lbTx="284.1488964" tId="2" fbRx="284.1489029" lbRx="0" />
<p fId="0" fbTx="284.1489153" lbTx="284.1489209" tId="1" fbRx="284.1489275" lbRx="0" />
<p fId="0" fbTx="284.1489153" lbTx="284.1489209" tId="2" fbRx="284.1489275" lbRx="0" />
<p fId="0" fbTx="284.1489153" lbTx="284.1489209" tId="2" fbRx="284.1489275" lbRx="0" />
<p fId="0" fbTx="284.1489279" lbTx="284.1489335" tId="1" fbRx="284.14894" lbRx="0" />
<p fId="0" fbTx="284.1489279" lbTx="284.1489335" tId="2" fbRx="284.14894" lbRx="0" />
<p fId="0" fbTx="284.1489279" lbTx="284.1489335" tId="2" fbRx="284.14894" lbRx="0" />
<p fId="0" fbTx="284.1489414" lbTx="284.148947" tId="1" fbRx="284.1489536" lbRx="0" />
<p fId="0" fbTx="284.1489414" lbTx="284.148947" tId="2" fbRx="284.1489536" lbRx="0" />
<p fId="0" fbTx="284.1489414" lbTx="284.148947" tId="2" fbRx="284.1489536" lbRx="0" />
<p fId="0" fbTx="284.148958" lbTx="284.1489636" tId="1" fbRx="284.1489702" lbRx="0" />
<p fId="0" fbTx="284.148958" lbTx="284.1489636" tId="2" fbRx="284.1489702" lbRx="0" />
<p fId="0" fbTx="284.148958" lbTx="284.1489636" tId="2" fbRx="284.1489702" lbRx="0" />
<p fId="0" fbTx="284.1489736" lbTx="284.1489792" tId="1" fbRx="284.1489857" lbRx="0" />
<p fId="0" fbTx="284.1489736" lbTx="284.1489792" tId="2" fbRx="284.1489857" lbRx="0" />
<p fId="0" fbTx="284.1489736" lbTx="284.1489792" tId="2" fbRx="284.1489857" lbRx="0" />
<p fId="0" fbTx="284.1489871" lbTx="284.1489927" tId="1" fbRx="284.1489993" lbRx="0" />
<p fId="0" fbTx="284.1489871" lbTx="284.1489927" tId="2" fbRx="284.1489993" lbRx="0" />
<p fId="0" fbTx="284.1489871" lbTx="284.1489927" tId="2" fbRx="284.1489993" lbRx="0" />
<p fId="0" fbTx="284.1490017" lbTx="284.1490073" tId="1" fbRx="284.1490138" lbRx="0" />
<p fId="0" fbTx="284.1490017" lbTx="284.1490073" tId="2" fbRx="284.1490138" lbRx="0" />
<p fId="0" fbTx="284.1490017" lbTx="284.1490073" tId="2" fbRx="284.1490138" lbRx="0" />
<p fId="0" fbTx="284.1490212" lbTx="284.1490268" tId="1" fbRx="284.1490334" lbRx="0" />
<p fId="0" fbTx="284.1490212" lbTx="284.1490268" tId="2" fbRx="284.1490334" lbRx="0" />
<p fId="0" fbTx="284.1490212" lbTx="284.1490268" tId="2" fbRx="284.1490334" lbRx="0" />
<p fId="0" fbTx="284.1490358" lbTx="284.1490414" tId="1" fbRx="284.149048" lbRx="0" />
<p fId="0" fbTx="284.1490358" lbTx="284.1490414" tId="2" fbRx="284.149048" lbRx="0" />
<p fId="0" fbTx="284.1490358" lbTx="284.1490414" tId="2" fbRx="284.149048" lbRx="0" />
<p fId="0" fbTx="284.1490484" lbTx="284.149054" tId="1" fbRx="284.1490605" lbRx="0" />
<p fId="0" fbTx="284.1490484" lbTx="284.149054" tId="2" fbRx="284.1490605" lbRx="0" />
<p fId="0" fbTx="284.1490484" lbTx="284.149054" tId="2" fbRx="284.1490605" lbRx="0" />
<p fId="0" fbTx="284.1490889" lbTx="284.1490945" tId="1" fbRx="284.1491011" lbRx="0" />
<p fId="0" fbTx="284.1490889" lbTx="284.1490945" tId="2" fbRx="284.1491011" lbRx="0" />
<p fId="0" fbTx="284.1490889" lbTx="284.1490945" tId="2" fbRx="284.1491011" lbRx="0" />
<p fId="0" fbTx="284.1491035" lbTx="284.1491091" tId="1" fbRx="284.1491156" lbRx="0" />
<p fId="0" fbTx="284.1491035" lbTx="284.1491091" tId="2" fbRx="284.1491156" lbRx="0" />
<p fId="0" fbTx="284.1491035" lbTx="284.1491091" tId="2" fbRx="284.1491156" lbRx="0" />
<p fId="0" fbTx="284.149119" lbTx="284.1491246" tId="1" fbRx="284.1491312" lbRx="0" />
<p fId="0" fbTx="284.149119" lbTx="284.1491246" tId="2" fbRx="284.1491312" lbRx="0" />
<p fId="0" fbTx="284.149119" lbTx="284.1491246" tId="2" fbRx="284.1491312" lbRx="0" />
<p fId="0" fbTx="284.1491336" lbTx="284.1491392" tId="1" fbRx="284.1491458" lbRx="0" />
<p fId="0" fbTx="284.1491336" lbTx="284.1491392" tId="2" fbRx="284.1491458" lbRx="0" />
<p fId="0" fbTx="284.1491336" lbTx="284.1491392" tId="2" fbRx="284.1491458" lbRx="0" />
<p fId="0" fbTx="284.1491532" lbTx="284.1491588" tId="1" fbRx="284.1491653" lbRx="0" />
<p fId="0" fbTx="284.1491532" lbTx="284.1491588" tId="2" fbRx="284.1491653" lbRx="0" />
<p fId="0" fbTx="284.1491532" lbTx="284.1491588" tId="2" fbRx="284.1491653" lbRx="0" />
<p fId="0" fbTx="284.1491657" lbTx="284.1491713" tId="1" fbRx="284.1491779" lbRx="0" />
<p fId="0" fbTx="284.1491657" lbTx="284.1491713" tId="2" fbRx="284.1491779" lbRx="0" />
<p fId="0" fbTx="284.1491657" lbTx="284.1491713" tId="2" fbRx="284.1491779" lbRx="0" />
<p fId="0" fbTx="284.1491793" lbTx="284.1491849" tId="1" fbRx="284.1491914" lbRx="0" />
<p fId="0" fbTx="284.1491793" lbTx="284.1491849" tId="2" fbRx="284.1491914" lbRx="0" />
<p fId="0" fbTx="284.1491793" lbTx="284.1491849" tId="2" fbRx="284.1491914" lbRx="0" />
<p fId="0" fbTx="284.1491918" lbTx="284.1491974" tId="1" fbRx="284.149204" lbRx="0" />
<p fId="0" fbTx="284.1491918" lbTx="284.1491974" tId="2" fbRx="284.149204" lbRx="0" />
<p fId="0" fbTx="284.1491918" lbTx="284.1491974" tId="2" fbRx="284.149204" lbRx="0" />
<p fId="0" fbTx="284.1492044" lbTx="284.14921" tId="1" fbRx="284.1492166" lbRx="0" />
<p fId="0" fbTx="284.1492044" lbTx="284.14921" tId="2" fbRx="284.1492166" lbRx="0" />
<p fId="0" fbTx="284.1492044" lbTx="284.14921" tId="2" fbRx="284.1492166" lbRx="0" />
<p fId="0" fbTx="284.14924" lbTx="284.1492456" tId="1" fbRx="284.1492521" lbRx="0" />
<p fId="0" fbTx="284.14924" lbTx="284.1492456" tId="2" fbRx="284.1492521" lbRx="0" />
<p fId="0" fbTx="284.14924" lbTx="284.1492456" tId="2" fbRx="284.1492521" lbRx="0" />
<p fId="0" fbTx="284.1492525" lbTx="284.1492581" tId="1" fbRx="284.1492647" lbRx="0" />
<p fId="0" fbTx="284.1492525" lbTx="284.1492581" tId="2" fbRx="284.1492647" lbRx="0" />
<p fId="0" fbTx="284.1492525" lbTx="284.1492581" tId="2" fbRx="284.1492647" lbRx="0" />
<p fId="0" fbTx="284.1492661" lbTx="284.1492717" tId="1" fbRx="284.1492782" lbRx="0" />
<p fId="0" fbTx="284.1492661" lbTx="284.1492717" tId="2" fbRx="284.1492782" lbRx="0" />
<p fId="0" fbTx="284.1492661" lbTx="284.1492717" tId="2" fbRx="284.1492782" lbRx="0" />
<p fId="0" fbTx="284.1492816" lbTx="284.1492872" tId="1" fbRx="284.1492938" lbRx="0" />
<p fId="0" fbTx="284.1492816" lbTx="284.1492872" tId="2" fbRx="284.1492938" lbRx="0" />
<p fId="0" fbTx="284.1492816" lbTx="284.1492872" tId="2" fbRx="284.1492938" lbRx="0" />
<p fId="0" fbTx="284.1492972" lbTx="284.1493028" tId="1" fbRx="284.1493094" lbRx="0" />
<p fId="0" fbTx="284.1492972" lbTx="284.1493028" tId="2" fbRx="284.1493094" lbRx="0" />
<p fId="0" fbTx="284.1492972" lbTx="284.1493028" tId="2" fbRx="284.1493094" lbRx="0" />
<p fId="0" fbTx="284.1493098" lbTx="284.1493154" tId="1" fbRx="284.1493219" lbRx="0" />
<p fId="0" fbTx="284.1493098" lbTx="284.1493154" tId="2" fbRx="284.1493219" lbRx="0" />
<p fId="0" fbTx="284.1493098" lbTx="284.1493154" tId="2" fbRx="284.1493219" lbRx="0" />
<p fId="0" fbTx="284.1493253" lbTx="284.1493309" tId="1" fbRx="284.1493375" lbRx="0" />
<p fId="0" fbTx="284.1493253" lbTx="284.1493309" tId="2" fbRx="284.1493375" lbRx="0" />
<p fId="0" fbTx="284.1493253" lbTx="284.1493309" tId="2" fbRx="284.1493375" lbRx="0" />
<p fId="0" fbTx="284.1493379" lbTx="284.1493435" tId="1" fbRx="284.14935" lbRx="0" />
<p fId="0" fbTx="284.1493379" lbTx="284.1493435" tId="2" fbRx="284.14935" lbRx="0" />
<p fId="0" fbTx="284.1493379" lbTx="284.1493435" tId="2" fbRx="284.14935" lbRx="0" />
<p fId="0" fbTx="284.1493534" lbTx="284.149359" tId="1" fbRx="284.1493656" lbRx="0" />
<p fId="0" fbTx="284.1493534" lbTx="284.149359" tId="2" fbRx="284.1493656" lbRx="0" />
<p fId="0" fbTx="284.1493534" lbTx="284.149359" tId="2" fbRx="284.1493656" lbRx="0" />
<p fId="0" fbTx="284.149366" lbTx="284.1493716" tId="1" fbRx="284.1493782" lbRx="0" />
<p fId="0" fbTx="284.149366" lbTx="284.1493716" tId="2" fbRx="284.1493782" lbRx="0" />
<p fId="0" fbTx="284.149366" lbTx="284.1493716" tId="2" fbRx="284.1493782" lbRx="0" />
<p fId="0" fbTx="284.1493826" lbTx="284.1493882" tId="1" fbRx="284.1493947" lbRx="0" />
<p fId="0" fbTx="284.1493826" lbTx="284.1493882" tId="2" fbRx="284.1493947" lbRx="0" />
<p fId="0" fbTx="284.1493826" lbTx="284.1493882" tId="2" fbRx="284.1493947" lbRx="0" />
<p fId="0" fbTx="284.1493951" lbTx="284.1494007" tId="1" fbRx="284.1494073" lbRx="0" />
<p fId="0" fbTx="284.1493951" lbTx="284.1494007" tId="2" fbRx="284.1494073" lbRx="0" />
<p fId="0" fbTx="284.1493951" lbTx="284.1494007" tId="2" fbRx="284.1494073" lbRx="0" />
<p fId="0" fbTx="284.1494097" lbTx="284.1494153" tId="1" fbRx="284.1494218" lbRx="0" />
<p fId="0" fbTx="284.1494097" lbTx="284.1494153" tId="2" fbRx="284.1494218" lbRx="0" />
<p fId="0" fbTx="284.1494097" lbTx="284.1494153" tId="2" fbRx="284.1494218" lbRx="0" />
<p fId="0" fbTx="284.1494222" lbTx="284.1494278" tId="1" fbRx="284.1494344" lbRx="0" />
<p fId="0" fbTx="284.1494222" lbTx="284.1494278" tId="2" fbRx="284.1494344" lbRx="0" />
<p fId="0" fbTx="284.1494222" lbTx="284.1494278" tId="2" fbRx="284.1494344" lbRx="0" />
<p fId="0" fbTx="284.1494358" lbTx="284.1494414" tId="1" fbRx="284.149448" lbRx="0" />
<p fId="0" fbTx="284.1494358" lbTx="284.1494414" tId="2" fbRx="284.149448" lbRx="0" />
<p fId="0" fbTx="284.1494358" lbTx="284.1494414" tId="2" fbRx="284.149448" lbRx="0" />
<p fId="0" fbTx="284.1494494" lbTx="284.149455" tId="1" fbRx="284.1494615" lbRx="0" />
<p fId="0" fbTx="284.1494494" lbTx="284.149455" tId="2" fbRx="284.1494615" lbRx="0" />
<p fId="0" fbTx="284.1494494" lbTx="284.149455" tId="2" fbRx="284.1494615" lbRx="0" />
<p fId="0" fbTx="284.1494659" lbTx="284.1494715" tId="1" fbRx="284.1494781" lbRx="0" />
<p fId="0" fbTx="284.1494659" lbTx="284.1494715" tId="2" fbRx="284.1494781" lbRx="0" />
<p fId="0" fbTx="284.1494659" lbTx="284.1494715" tId="2" fbRx="284.1494781" lbRx="0" />
<p fId="0" fbTx="284.1494795" lbTx="284.1494851" tId="1" fbRx="284.1494916" lbRx="0" />
<p fId="0" fbTx="284.1494795" lbTx="284.1494851" tId="2" fbRx="284.1494916" lbRx="0" />
<p fId="0" fbTx="284.1494795" lbTx="284.1494851" tId="2" fbRx="284.1494916" lbRx="0" />
<p fId="0" fbTx="284.149492" lbTx="284.1494976" tId="1" fbRx="284.1495042" lbRx="0" />
<p fId="0" fbTx="284.149492" lbTx="284.1494976" tId="2" fbRx="284.1495042" lbRx="0" />
<p fId="0" fbTx="284.149492" lbTx="284.1494976" tId="2" fbRx="284.1495042" lbRx="0" />
<p fId="0" fbTx="284.1495126" lbTx="284.1495182" tId="1" fbRx="284.1495248" lbRx="0" />
<p fId="0" fbTx="284.1495126" lbTx="284.1495182" tId="2" fbRx="284.1495248" lbRx="0" />
<p fId="0" fbTx="284.1495126" lbTx="284.1495182" tId="2" fbRx="284.1495248" lbRx="0" />
<p fId="0" fbTx="284.1495432" lbTx="284.1495488" tId="1" fbRx="284.1495553" lbRx="0" />
<p fId="0" fbTx="284.1495432" lbTx="284.1495488" tId="2" fbRx="284.1495553" lbRx="0" />
<p fId="0" fbTx="284.1495432" lbTx="284.1495488" tId="2" fbRx="284.1495553" lbRx="0" />
<p fId="0" fbTx="284.1495657" lbTx="284.1495713" tId="1" fbRx="284.1495779" lbRx="0" />
<p fId="0" fbTx="284.1495657" lbTx="284.1495713" tId="2" fbRx="284.1495779" lbRx="0" />
<p fId="0" fbTx="284.1495657" lbTx="284.1495713" tId="2" fbRx="284.1495779" lbRx="0" />
<p fId="0" fbTx="284.1495783" lbTx="284.1495839" tId="1" fbRx="284.1495904" lbRx="0" />
<p fId="0" fbTx="284.1495783" lbTx="284.1495839" tId="2" fbRx="284.1495904" lbRx="0" />
<p fId="0" fbTx="284.1495783" lbTx="284.1495839" tId="2" fbRx="284.1495904" lbRx="0" />
<p fId="0" fbTx="284.1496008" lbTx="284.1496064" tId="1" fbRx="284.149613" lbRx="0" />
<p fId="0" fbTx="284.1496008" lbTx="284.1496064" tId="2" fbRx="284.149613" lbRx="0" />
<p fId="0" fbTx="284.1496008" lbTx="284.1496064" tId="2" fbRx="284.149613" lbRx="0" />
<p fId="0" fbTx="284.1496194" lbTx="284.149625" tId="1" fbRx="284.1496316" lbRx="0" />
<p fId="0" fbTx="284.1496194" lbTx="284.149625" tId="2" fbRx="284.1496316" lbRx="0" />
<p fId="0" fbTx="284.1496194" lbTx="284.149625" tId="2" fbRx="284.1496316" lbRx="0" />
<p fId="0" fbTx="284.149632" lbTx="284.1496376" tId="1" fbRx="284.1496441" lbRx="0" />
<p fId="0" fbTx="284.149632" lbTx="284.1496376" tId="2" fbRx="284.1496441" lbRx="0" />
<p fId="0" fbTx="284.149632" lbTx="284.1496376" tId="2" fbRx="284.1496441" lbRx="0" />
<p fId="0" fbTx="284.1496545" lbTx="284.1496601" tId="1" fbRx="284.1496667" lbRx="0" />
<p fId="0" fbTx="284.1496545" lbTx="284.1496601" tId="2" fbRx="284.1496667" lbRx="0" />
<p fId="0" fbTx="284.1496545" lbTx="284.1496601" tId="2" fbRx="284.1496667" lbRx="0" />
<p fId="0" fbTx="284.1496711" lbTx="284.1496767" tId="1" fbRx="284.1496832" lbRx="0" />
<p fId="0" fbTx="284.1496711" lbTx="284.1496767" tId="2" fbRx="284.1496832" lbRx="0" />
<p fId="0" fbTx="284.1496711" lbTx="284.1496767" tId="2" fbRx="284.1496832" lbRx="0" />
<p fId="0" fbTx="284.1496936" lbTx="284.1496992" tId="1" fbRx="284.1497058" lbRx="0" />
<p fId="0" fbTx="284.1496936" lbTx="284.1496992" tId="2" fbRx="284.1497058" lbRx="0" />
<p fId="0" fbTx="284.1496936" lbTx="284.1496992" tId="2" fbRx="284.1497058" lbRx="0" />
<p fId="0" fbTx="284.1497172" lbTx="284.1497228" tId="1" fbRx="284.1497294" lbRx="0" />
<p fId="0" fbTx="284.1497172" lbTx="284.1497228" tId="2" fbRx="284.1497294" lbRx="0" />
<p fId="0" fbTx="284.1497172" lbTx="284.1497228" tId="2" fbRx="284.1497294" lbRx="0" />
<p fId="0" fbTx="284.1497298" lbTx="284.1497354" tId="1" fbRx="284.1497419" lbRx="0" />
<p fId="0" fbTx="284.1497298" lbTx="284.1497354" tId="2" fbRx="284.1497419" lbRx="0" />
<p fId="0" fbTx="284.1497298" lbTx="284.1497354" tId="2" fbRx="284.1497419" lbRx="0" />
<p fId="0" fbTx="284.1497423" lbTx="284.1497479" tId="1" fbRx="284.1497545" lbRx="0" />
<p fId="0" fbTx="284.1497423" lbTx="284.1497479" tId="2" fbRx="284.1497545" lbRx="0" />
<p fId="0" fbTx="284.1497423" lbTx="284.1497479" tId="2" fbRx="284.1497545" lbRx="0" />
<p fId="0" fbTx="284.1497559" lbTx="284.1497615" tId="1" fbRx="284.149768" lbRx="0" />
<p fId="0" fbTx="284.1497559" lbTx="284.1497615" tId="2" fbRx="284.149768" lbRx="0" />
<p fId="0" fbTx="284.1497559" lbTx="284.1497615" tId="2" fbRx="284.149768" lbRx="0" />
<p fId="0" fbTx="284.1497744" lbTx="284.14978" tId="1" fbRx="284.1497866" lbRx="0" />
<p fId="0" fbTx="284.1497744" lbTx="284.14978" tId="2" fbRx="284.1497866" lbRx="0" />
<p fId="0" fbTx="284.1497744" lbTx="284.14978" tId="2" fbRx="284.1497866" lbRx="0" />
<p fId="0" fbTx="284.149794" lbTx="284.1497996" tId="1" fbRx="284.1498062" lbRx="0" />
<p fId="0" fbTx="284.149794" lbTx="284.1497996" tId="2" fbRx="284.1498062" lbRx="0" />
<p fId="0" fbTx="284.149794" lbTx="284.1497996" tId="2" fbRx="284.1498062" lbRx="0" />
<p fId="0" fbTx="284.1498086" lbTx="284.1498142" tId="1" fbRx="284.1498207" lbRx="0" />
<p fId="0" fbTx="284.1498086" lbTx="284.1498142" tId="2" fbRx="284.1498207" lbRx="0" />
<p fId="0" fbTx="284.1498086" lbTx="284.1498142" tId="2" fbRx="284.1498207" lbRx="0" />
<p fId="0" fbTx="284.1498321" lbTx="284.1498377" tId="1" fbRx="284.1498443" lbRx="0" />
<p fId="0" fbTx="284.1498321" lbTx="284.1498377" tId="2" fbRx="284.1498443" lbRx="0" />
<p fId="0" fbTx="284.1498321" lbTx="284.1498377" tId="2" fbRx="284.1498443" lbRx="0" />
<p fId="0" fbTx="284.2007586" lbTx="284.2007922" tId="1" fbRx="284.2007987" lbRx="0" />
<p fId="0" fbTx="284.2007586" lbTx="284.2007922" tId="2" fbRx="284.2007987" lbRx="0" />
<p fId="0" fbTx="284.2007586" lbTx="284.2007922" tId="2" fbRx="284.2007987" lbRx="0" />
<p fId="2" fbTx="284.2007987" lbTx="284.2008472" tId="0" fbRx="284.2008538" lbRx="0" />
<p fId="2" fbTx="284.2007987" lbTx="284.2008472" tId="0" fbRx="284.2008538" lbRx="0" />
<p fId="2" fbTx="284.2007987" lbTx="284.2008472" tId="1" fbRx="284.2008538" lbRx="0" />
<p fId="2" fbTx="284.2008572" lbTx="284.2008716" tId="0" fbRx="284.2008781" lbRx="0" />
<p fId="2" fbTx="284.2008572" lbTx="284.2008716" tId="0" fbRx="284.2008781" lbRx="0" />
<p fId="2" fbTx="284.2008572" lbTx="284.2008716" tId="1" fbRx="284.2008781" lbRx="0" />
<p fId="0" fbTx="284.2008791" lbTx="284.2008847" tId="1" fbRx="284.2008913" lbRx="0" />
<p fId="0" fbTx="284.2008791" lbTx="284.2008847" tId="2" fbRx="284.2008913" lbRx="0" />
<p fId="0" fbTx="284.2008791" lbTx="284.2008847" tId="2" fbRx="284.2008913" lbRx="0" />
<p fId="0" fbTx="284.2009007" lbTx="284.2009343" tId="1" fbRx="284.2009408" lbRx="0" />
<p fId="0" fbTx="284.2009007" lbTx="284.2009343" tId="2" fbRx="284.2009408" lbRx="0" />
<p fId="0" fbTx="284.2009007" lbTx="284.2009343" tId="2" fbRx="284.2009408" lbRx="0" />
<p fId="2" fbTx="284.2009408" lbTx="284.2009893" tId="0" fbRx="284.2009959" lbRx="0" />
<p fId="2" fbTx="284.2009408" lbTx="284.2009893" tId="0" fbRx="284.2009959" lbRx="0" />
<p fId="2" fbTx="284.2009408" lbTx="284.2009893" tId="1" fbRx="284.2009959" lbRx="0" />
<p fId="2" fbTx="284.2010013" lbTx="284.2010498" tId="0" fbRx="284.2010563" lbRx="0" />
<p fId="2" fbTx="284.2010013" lbTx="284.2010498" tId="0" fbRx="284.2010563" lbRx="0" />
<p fId="2" fbTx="284.2010013" lbTx="284.2010498" tId="1" fbRx="284.2010563" lbRx="0" />
<p fId="2" fbTx="284.2010567" lbTx="284.2011052" tId="0" fbRx="284.2011118" lbRx="0" />
<p fId="2" fbTx="284.2010567" lbTx="284.2011052" tId="0" fbRx="284.2011118" lbRx="0" />
<p fId="2" fbTx="284.2010567" lbTx="284.2011052" tId="1" fbRx="284.2011118" lbRx="0" />
<p fId="2" fbTx="284.2011142" lbTx="284.2011626" tId="0" fbRx="284.2011692" lbRx="0" />
<p fId="2" fbTx="284.2011142" lbTx="284.2011626" tId="0" fbRx="284.2011692" lbRx="0" />
<p fId="2" fbTx="284.2011142" lbTx="284.2011626" tId="1" fbRx="284.2011692" lbRx="0" />
<p fId="2" fbTx="284.2011716" lbTx="284.2012201" tId="0" fbRx="284.2012266" lbRx="0" />
<p fId="2" fbTx="284.2011716" lbTx="284.2012201" tId="0" fbRx="284.2012266" lbRx="0" />
<p fId="2" fbTx="284.2011716" lbTx="284.2012201" tId="1" fbRx="284.2012266" lbRx="0" />
<p fId="2" fbTx="284.201229" lbTx="284.2012775" tId="0" fbRx="284.2012841" lbRx="0" />
<p fId="2" fbTx="284.201229" lbTx="284.2012775" tId="0" fbRx="284.2012841" lbRx="0" />
<p fId="2" fbTx="284.201229" lbTx="284.2012775" tId="1" fbRx="284.2012841" lbRx="0" />
<p fId="2" fbTx="284.2012865" lbTx="284.201335" tId="0" fbRx="284.2013415" lbRx="0" />
<p fId="2" fbTx="284.2012865" lbTx="284.201335" tId="0" fbRx="284.2013415" lbRx="0" />
<p fId="2" fbTx="284.2012865" lbTx="284.201335" tId="1" fbRx="284.2013415" lbRx="0" />
<p fId="2" fbTx="284.2013509" lbTx="284.2013683" tId="0" fbRx="284.2013748" lbRx="0" />
<p fId="2" fbTx="284.2013509" lbTx="284.2013683" tId="0" fbRx="284.2013748" lbRx="0" />
<p fId="2" fbTx="284.2013509" lbTx="284.2013683" tId="1" fbRx="284.2013748" lbRx="0" />
<p fId="0" fbTx="284.2013953" lbTx="284.2014009" tId="1" fbRx="284.2014075" lbRx="0" />
<p fId="0" fbTx="284.2013953" lbTx="284.2014009" tId="2" fbRx="284.2014075" lbRx="0" />
<p fId="0" fbTx="284.2013953" lbTx="284.2014009" tId="2" fbRx="284.2014075" lbRx="0" />
<p fId="0" fbTx="284.2014079" lbTx="284.2014135" tId="1" fbRx="284.20142" lbRx="0" />
<p fId="0" fbTx="284.2014079" lbTx="284.2014135" tId="2" fbRx="284.20142" lbRx="0" />
<p fId="0" fbTx="284.2014079" lbTx="284.2014135" tId="2" fbRx="284.20142" lbRx="0" />
<p fId="0" fbTx="284.2014214" lbTx="284.201427" tId="1" fbRx="284.2014336" lbRx="0" />
<p fId="0" fbTx="284.2014214" lbTx="284.201427" tId="2" fbRx="284.2014336" lbRx="0" />
<p fId="0" fbTx="284.2014214" lbTx="284.201427" tId="2" fbRx="284.2014336" lbRx="0" />
<p fId="0" fbTx="284.201445" lbTx="284.2014506" tId="1" fbRx="284.2014572" lbRx="0" />
<p fId="0" fbTx="284.201445" lbTx="284.2014506" tId="2" fbRx="284.2014572" lbRx="0" />
<p fId="0" fbTx="284.201445" lbTx="284.2014506" tId="2" fbRx="284.2014572" lbRx="0" />
<p fId="0" fbTx="284.2014696" lbTx="284.2015032" tId="1" fbRx="284.2015097" lbRx="0" />
<p fId="0" fbTx="284.2014696" lbTx="284.2015032" tId="2" fbRx="284.2015097" lbRx="0" />
<p fId="0" fbTx="284.2014696" lbTx="284.2015032" tId="2" fbRx="284.2015097" lbRx="0" />
<p fId="2" fbTx="284.2015097" lbTx="284.2015582" tId="0" fbRx="284.2015648" lbRx="0" />
<p fId="2" fbTx="284.2015097" lbTx="284.2015582" tId="0" fbRx="284.2015648" lbRx="0" />
<p fId="2" fbTx="284.2015097" lbTx="284.2015582" tId="1" fbRx="284.2015648" lbRx="0" />
<p fId="2" fbTx="284.2015752" lbTx="284.2016236" tId="0" fbRx="284.2016302" lbRx="0" />
<p fId="2" fbTx="284.2015752" lbTx="284.2016236" tId="0" fbRx="284.2016302" lbRx="0" />
<p fId="2" fbTx="284.2015752" lbTx="284.2016236" tId="1" fbRx="284.2016302" lbRx="0" />
<p fId="0" fbTx="284.2016312" lbTx="284.2016368" tId="1" fbRx="284.2016434" lbRx="0" />
<p fId="0" fbTx="284.2016312" lbTx="284.2016368" tId="2" fbRx="284.2016434" lbRx="0" />
<p fId="0" fbTx="284.2016312" lbTx="284.2016368" tId="2" fbRx="284.2016434" lbRx="0" />
<p fId="2" fbTx="284.2016576" lbTx="284.2017061" tId="0" fbRx="284.2017126" lbRx="0" />
<p fId="2" fbTx="284.2016576" lbTx="284.2017061" tId="0" fbRx="284.2017126" lbRx="0" />
<p fId="2" fbTx="284.2016576" lbTx="284.2017061" tId="1" fbRx="284.2017126" lbRx="0" />
<p fId="2" fbTx="284.201713" lbTx="284.2017615" tId="0" fbRx="284.2017681" lbRx="0" />
<p fId="2" fbTx="284.201713" lbTx="284.2017615" tId="0" fbRx="284.2017681" lbRx="0" />
<p fId="2" fbTx="284.201713" lbTx="284.2017615" tId="1" fbRx="284.2017681" lbRx="0" />
<p fId="0" fbTx="284.2017691" lbTx="284.2017747" tId="1" fbRx="284.2017812" lbRx="0" />
<p fId="0" fbTx="284.2017691" lbTx="284.2017747" tId="2" fbRx="284.2017812" lbRx="0" />
<p fId="0" fbTx="284.2017691" lbTx="284.2017747" tId="2" fbRx="284.2017812" lbRx="0" />
<p fId="2" fbTx="284.2017835" lbTx="284.201832" tId="0" fbRx="284.2018385" lbRx="0" />
<p fId="2" fbTx="284.2017835" lbTx="284.201832" tId="0" fbRx="284.2018385" lbRx="0" />
<p fId="2" fbTx="284.2017835" lbTx="284.201832" tId="1" fbRx="284.2018385" lbRx="0" />
<p fId="2" fbTx="284.2018469" lbTx="284.201862" tId="0" fbRx="284.2018685" lbRx="0" />
<p fId="2" fbTx="284.2018469" lbTx="284.201862" tId="0" fbRx="284.2018685" lbRx="0" />
<p fId="2" fbTx="284.2018469" lbTx="284.201862" tId="1" fbRx="284.2018685" lbRx="0" />
<p fId="0" fbTx="284.2018695" lbTx="284.2018751" tId="1" fbRx="284.2018817" lbRx="0" />
<p fId="0" fbTx="284.2018695" lbTx="284.2018751" tId="2" fbRx="284.2018817" lbRx="0" />
<p fId="0" fbTx="284.2018695" lbTx="284.2018751" tId="2" fbRx="284.2018817" lbRx="0" />
<p fId="0" fbTx="284.2018831" lbTx="284.2019167" tId="1" fbRx="284.2019232" lbRx="0" />
<p fId="0" fbTx="284.2018831" lbTx="284.2019167" tId="2" fbRx="284.2019232" lbRx="0" />
<p fId="0" fbTx="284.2018831" lbTx="284.2019167" tId="2" fbRx="284.2019232" lbRx="0" />
<p fId="2" fbTx="284.2019232" lbTx="284.2019717" tId="0" fbRx="284.2019783" lbRx="0" />
<p fId="2" fbTx="284.2019232" lbTx="284.2019717" tId="0" fbRx="284.2019783" lbRx="0" />
<p fId="2" fbTx="284.2019232" lbTx="284.2019717" tId="1" fbRx="284.2019783" lbRx="0" />
<p fId="2" fbTx="284.2019807" lbTx="284.2020292" tId="0" fbRx="284.2020357" lbRx="0" />
<p fId="2" fbTx="284.2019807" lbTx="284.2020292" tId="0" fbRx="284.2020357" lbRx="0" />
<p fId="2" fbTx="284.2019807" lbTx="284.2020292" tId="1" fbRx="284.2020357" lbRx="0" />
<p fId="0" fbTx="284.2020367" lbTx="284.2020423" tId="1" fbRx="284.2020489" lbRx="0" />
<p fId="0" fbTx="284.2020367" lbTx="284.2020423" tId="2" fbRx="284.2020489" lbRx="0" />
<p fId="0" fbTx="284.2020367" lbTx="284.2020423" tId="2" fbRx="284.2020489" lbRx="0" />
<p fId="2" fbTx="284.2020521" lbTx="284.2021006" tId="0" fbRx="284.2021072" lbRx="0" />
<p fId="2" fbTx="284.2020521" lbTx="284.2021006" tId="0" fbRx="284.2021072" lbRx="0" />
<p fId="2" fbTx="284.2020521" lbTx="284.2021006" tId="1" fbRx="284.2021072" lbRx="0" />
<p fId="2" fbTx="284.2021076" lbTx="284.202156" tId="0" fbRx="284.2021626" lbRx="0" />
<p fId="2" fbTx="284.2021076" lbTx="284.202156" tId="0" fbRx="284.2021626" lbRx="0" />
<p fId="2" fbTx="284.2021076" lbTx="284.202156" tId="1" fbRx="284.2021626" lbRx="0" />
<p fId="2" fbTx="284.202163" lbTx="284.2022115" tId="0" fbRx="284.202218" lbRx="0" />
<p fId="2" fbTx="284.202163" lbTx="284.2022115" tId="0" fbRx="284.202218" lbRx="0" />
<p fId="2" fbTx="284.202163" lbTx="284.2022115" tId="1" fbRx="284.202218" lbRx="0" />
<p fId="2" fbTx="284.2022194" lbTx="284.2022679" tId="0" fbRx="284.2022745" lbRx="0" />
<p fId="2" fbTx="284.2022194" lbTx="284.2022679" tId="0" fbRx="284.2022745" lbRx="0" />
<p fId="2" fbTx="284.2022194" lbTx="284.2022679" tId="1" fbRx="284.2022745" lbRx="0" />
<p fId="2" fbTx="284.2022749" lbTx="284.2023234" tId="0" fbRx="284.2023299" lbRx="0" />
<p fId="2" fbTx="284.2022749" lbTx="284.2023234" tId="0" fbRx="284.2023299" lbRx="0" />
<p fId="2" fbTx="284.2022749" lbTx="284.2023234" tId="1" fbRx="284.2023299" lbRx="0" />
<p fId="2" fbTx="284.2023303" lbTx="284.2023788" tId="0" fbRx="284.2023854" lbRx="0" />
<p fId="2" fbTx="284.2023303" lbTx="284.2023788" tId="0" fbRx="284.2023854" lbRx="0" />
<p fId="2" fbTx="284.2023303" lbTx="284.2023788" tId="1" fbRx="284.2023854" lbRx="0" />
<p fId="2" fbTx="284.2023878" lbTx="284.2024362" tId="0" fbRx="284.2024428" lbRx="0" />
<p fId="2" fbTx="284.2023878" lbTx="284.2024362" tId="0" fbRx="284.2024428" lbRx="0" />
<p fId="2" fbTx="284.2023878" lbTx="284.2024362" tId="1" fbRx="284.2024428" lbRx="0" />
<p fId="2" fbTx="284.2024462" lbTx="284.2024947" tId="0" fbRx="284.2025012" lbRx="0" />
<p fId="2" fbTx="284.2024462" lbTx="284.2024947" tId="0" fbRx="284.2025012" lbRx="0" />
<p fId="2" fbTx="284.2024462" lbTx="284.2024947" tId="1" fbRx="284.2025012" lbRx="0" />
<p fId="2" fbTx="284.2025086" lbTx="284.2025571" tId="0" fbRx="284.2025637" lbRx="0" />
<p fId="2" fbTx="284.2025086" lbTx="284.2025571" tId="0" fbRx="284.2025637" lbRx="0" />
<p fId="2" fbTx="284.2025086" lbTx="284.2025571" tId="1" fbRx="284.2025637" lbRx="0" />
<p fId="2" fbTx="284.2025801" lbTx="284.2026286" tId="0" fbRx="284.2026351" lbRx="0" />
<p fId="2" fbTx="284.2025801" lbTx="284.2026286" tId="0" fbRx="284.2026351" lbRx="0" />
<p fId="2" fbTx="284.2025801" lbTx="284.2026286" tId="1" fbRx="284.2026351" lbRx="0" />
<p fId="2" fbTx="284.2026435" lbTx="284.202692" tId="0" fbRx="284.2026986" lbRx="0" />
<p fId="2" fbTx="284.2026435" lbTx="284.202692" tId="0" fbRx="284.2026986" lbRx="0" />
<p fId="2" fbTx="284.2026435" lbTx="284.202692" tId="1" fbRx="284.2026986" lbRx="0" />
<p fId="2" fbTx="284.202701" lbTx="284.2027494" tId="0" fbRx="284.202756" lbRx="0" />
<p fId="2" fbTx="284.202701" lbTx="284.2027494" tId="0" fbRx="284.202756" lbRx="0" />
<p fId="2" fbTx="284.202701" lbTx="284.2027494" tId="1" fbRx="284.202756" lbRx="0" />
<p fId="2" fbTx="284.2027594" lbTx="284.2028079" tId="0" fbRx="284.2028144" lbRx="0" />
<p fId="2" fbTx="284.2027594" lbTx="284.2028079" tId="0" fbRx="284.2028144" lbRx="0" />
<p fId="2" fbTx="284.2027594" lbTx="284.2028079" tId="1" fbRx="284.2028144" lbRx="0" />
<p fId="2" fbTx="284.2028428" lbTx="284.2028913" tId="0" fbRx="284.2028979" lbRx="0" />
<p fId="2" fbTx="284.2028428" lbTx="284.2028913" tId="0" fbRx="284.2028979" lbRx="0" />
<p fId="2" fbTx="284.2028428" lbTx="284.2028913" tId="1" fbRx="284.2028979" lbRx="0" />
<p fId="2" fbTx="284.2028993" lbTx="284.2029478" tId="0" fbRx="284.2029543" lbRx="0" />
<p fId="2" fbTx="284.2028993" lbTx="284.2029478" tId="0" fbRx="284.2029543" lbRx="0" />
<p fId="2" fbTx="284.2028993" lbTx="284.2029478" tId="1" fbRx="284.2029543" lbRx="0" />
<p fId="2" fbTx="284.2029577" lbTx="284.2029885" tId="0" fbRx="284.2029951" lbRx="0" />
<p fId="2" fbTx="284.2029577" lbTx="284.2029885" tId="0" fbRx="284.2029951" lbRx="0" />
<p fId="2" fbTx="284.2029577" lbTx="284.2029885" tId="1" fbRx="284.2029951" lbRx="0" />
<p fId="0" fbTx="284.2038496" lbTx="284.2038552" tId="1" fbRx="284.2038618" lbRx="0" />
<p fId="0" fbTx="284.2038496" lbTx="284.2038552" tId="2" fbRx="284.2038618" lbRx="0" />
<p fId="0" fbTx="284.2038496" lbTx="284.2038552" tId="2" fbRx="284.2038618" lbRx="0" />
<p fId="0" fbTx="284.2038632" lbTx="284.2038688" tId="1" fbRx="284.2038753" lbRx="0" />
<p fId="0" fbTx="284.2038632" lbTx="284.2038688" tId="2" fbRx="284.2038753" lbRx="0" />
<p fId="0" fbTx="284.2038632" lbTx="284.2038688" tId="2" fbRx="284.2038753" lbRx="0" />
<p fId="0" fbTx="284.2038777" lbTx="284.2038833" tId="1" fbRx="284.2038899" lbRx="0" />
<p fId="0" fbTx="284.2038777" lbTx="284.2038833" tId="2" fbRx="284.2038899" lbRx="0" />
<p fId="0" fbTx="284.2038777" lbTx="284.2038833" tId="2" fbRx="284.2038899" lbRx="0" />
<p fId="0" fbTx="284.2038903" lbTx="284.2038959" tId="1" fbRx="284.2039024" lbRx="0" />
<p fId="0" fbTx="284.2038903" lbTx="284.2038959" tId="2" fbRx="284.2039024" lbRx="0" />
<p fId="0" fbTx="284.2038903" lbTx="284.2038959" tId="2" fbRx="284.2039024" lbRx="0" />
<p fId="0" fbTx="284.2039048" lbTx="284.2039104" tId="1" fbRx="284.203917" lbRx="0" />
<p fId="0" fbTx="284.2039048" lbTx="284.2039104" tId="2" fbRx="284.203917" lbRx="0" />
<p fId="0" fbTx="284.2039048" lbTx="284.2039104" tId="2" fbRx="284.203917" lbRx="0" />
<p fId="0" fbTx="284.2039234" lbTx="284.203929" tId="1" fbRx="284.2039356" lbRx="0" />
<p fId="0" fbTx="284.2039234" lbTx="284.203929" tId="2" fbRx="284.2039356" lbRx="0" />
<p fId="0" fbTx="284.2039234" lbTx="284.203929" tId="2" fbRx="284.2039356" lbRx="0" />
<p fId="0" fbTx="284.203939" lbTx="284.2039446" tId="1" fbRx="284.2039511" lbRx="0" />
<p fId="0" fbTx="284.203939" lbTx="284.2039446" tId="2" fbRx="284.2039511" lbRx="0" />
<p fId="0" fbTx="284.203939" lbTx="284.2039446" tId="2" fbRx="284.2039511" lbRx="0" />
<p fId="0" fbTx="284.2039585" lbTx="284.2039641" tId="1" fbRx="284.2039707" lbRx="0" />
<p fId="0" fbTx="284.2039585" lbTx="284.2039641" tId="2" fbRx="284.2039707" lbRx="0" />
<p fId="0" fbTx="284.2039585" lbTx="284.2039641" tId="2" fbRx="284.2039707" lbRx="0" />
<p fId="0" fbTx="284.2039721" lbTx="284.2040057" tId="1" fbRx="284.2040122" lbRx="0" />
<p fId="0" fbTx="284.2039721" lbTx="284.2040057" tId="2" fbRx="284.2040122" lbRx="0" />
<p fId="0" fbTx="284.2039721" lbTx="284.2040057" tId="2" fbRx="284.2040122" lbRx="0" />
<p fId="2" fbTx="284.2040122" lbTx="284.204026" tId="0" fbRx="284.2040326" lbRx="0" />
<p fId="2" fbTx="284.2040122" lbTx="284.204026" tId="0" fbRx="284.2040326" lbRx="0" />
<p fId="2" fbTx="284.2040122" lbTx="284.204026" tId="1" fbRx="284.2040326" lbRx="0" />
<p fId="0" fbTx="284.2040326" lbTx="284.2040662" tId="1" fbRx="284.2040727" lbRx="0" />
<p fId="0" fbTx="284.2040326" lbTx="284.2040662" tId="2" fbRx="284.2040727" lbRx="0" />
<p fId="0" fbTx="284.2040326" lbTx="284.2040662" tId="2" fbRx="284.2040727" lbRx="0" />
<p fId="2" fbTx="284.2040727" lbTx="284.2041212" tId="0" fbRx="284.2041278" lbRx="0" />
<p fId="2" fbTx="284.2040727" lbTx="284.2041212" tId="0" fbRx="284.2041278" lbRx="0" />
<p fId="2" fbTx="284.2040727" lbTx="284.2041212" tId="1" fbRx="284.2041278" lbRx="0" />
<p fId="2" fbTx="284.2041332" lbTx="284.2041816" tId="0" fbRx="284.2041882" lbRx="0" />
<p fId="2" fbTx="284.2041332" lbTx="284.2041816" tId="0" fbRx="284.2041882" lbRx="0" />
<p fId="2" fbTx="284.2041332" lbTx="284.2041816" tId="1" fbRx="284.2041882" lbRx="0" />
<p fId="0" fbTx="284.2041892" lbTx="284.2041948" tId="1" fbRx="284.2042014" lbRx="0" />
<p fId="0" fbTx="284.2041892" lbTx="284.2041948" tId="2" fbRx="284.2042014" lbRx="0" />
<p fId="0" fbTx="284.2041892" lbTx="284.2041948" tId="2" fbRx="284.2042014" lbRx="0" />
<p fId="2" fbTx="284.2042116" lbTx="284.2042601" tId="0" fbRx="284.2042666" lbRx="0" />
<p fId="2" fbTx="284.2042116" lbTx="284.2042601" tId="0" fbRx="284.2042666" lbRx="0" />
<p fId="2" fbTx="284.2042116" lbTx="284.2042601" tId="1" fbRx="284.2042666" lbRx="0" />
<p fId="2" fbTx="284.204274" lbTx="284.2043225" tId="0" fbRx="284.2043291" lbRx="0" />
<p fId="2" fbTx="284.204274" lbTx="284.2043225" tId="0" fbRx="284.2043291" lbRx="0" />
<p fId="2" fbTx="284.204274" lbTx="284.2043225" tId="1" fbRx="284.2043291" lbRx="0" />
<p fId="0" fbTx="284.2043301" lbTx="284.2043357" tId="1" fbRx="284.2043422" lbRx="0" />
<p fId="0" fbTx="284.2043301" lbTx="284.2043357" tId="2" fbRx="284.2043422" lbRx="0" />
<p fId="0" fbTx="284.2043301" lbTx="284.2043357" tId="2" fbRx="284.2043422" lbRx="0" />
<p fId="2" fbTx="284.2043605" lbTx="284.204409" tId="0" fbRx="284.2044155" lbRx="0" />
<p fId="2" fbTx="284.2043605" lbTx="284.204409" tId="0" fbRx="284.2044155" lbRx="0" />
<p fId="2" fbTx="284.2043605" lbTx="284.204409" tId="1" fbRx="284.2044155" lbRx="0" />
<p fId="2" fbTx="284.2044159" lbTx="284.2044392" tId="0" fbRx="284.2044458" lbRx="0" />
<p fId="2" fbTx="284.2044159" lbTx="284.2044392" tId="0" fbRx="284.2044458" lbRx="0" />
<p fId="2" fbTx="284.2044159" lbTx="284.2044392" tId="1" fbRx="284.2044458" lbRx="0" />
<p fId="0" fbTx="284.2044468" lbTx="284.2044524" tId="1" fbRx="284.2044589" lbRx="0" />
<p fId="0" fbTx="284.2044468" lbTx="284.2044524" tId="2" fbRx="284.2044589" lbRx="0" />
<p fId="0" fbTx="284.2044468" lbTx="284.2044524" tId="2" fbRx="284.2044589" lbRx="0" />
<p fId="0" fbTx="284.2044703" lbTx="284.2045039" tId="1" fbRx="284.2045105" lbRx="0" />
<p fId="0" fbTx="284.2044703" lbTx="284.2045039" tId="2" fbRx="284.2045105" lbRx="0" />
<p fId="0" fbTx="284.2044703" lbTx="284.2045039" tId="2" fbRx="284.2045105" lbRx="0" />
<p fId="2" fbTx="284.2045105" lbTx="284.2045412" tId="0" fbRx="284.2045478" lbRx="0" />
<p fId="2" fbTx="284.2045105" lbTx="284.2045412" tId="0" fbRx="284.2045478" lbRx="0" />
<p fId="2" fbTx="284.2045105" lbTx="284.2045412" tId="1" fbRx="284.2045478" lbRx="0" />
<p fId="0" fbTx="284.2045478" lbTx="284.2045814" tId="1" fbRx="284.2045879" lbRx="0" />
<p fId="0" fbTx="284.2045478" lbTx="284.2045814" tId="2" fbRx="284.2045879" lbRx="0" />
<p fId="0" fbTx="284.2045478" lbTx="284.2045814" tId="2" fbRx="284.2045879" lbRx="0" />
<p fId="2" fbTx="284.2045879" lbTx="284.2046364" tId="0" fbRx="284.204643" lbRx="0" />
<p fId="2" fbTx="284.2045879" lbTx="284.2046364" tId="0" fbRx="284.204643" lbRx="0" />
<p fId="2" fbTx="284.2045879" lbTx="284.2046364" tId="1" fbRx="284.204643" lbRx="0" />
<p fId="2" fbTx="284.2046454" lbTx="284.2046938" tId="0" fbRx="284.2047004" lbRx="0" />
<p fId="2" fbTx="284.2046454" lbTx="284.2046938" tId="0" fbRx="284.2047004" lbRx="0" />
<p fId="2" fbTx="284.2046454" lbTx="284.2046938" tId="1" fbRx="284.2047004" lbRx="0" />
<p fId="0" fbTx="284.2047014" lbTx="284.204707" tId="1" fbRx="284.2047136" lbRx="0" />
<p fId="0" fbTx="284.2047014" lbTx="284.204707" tId="2" fbRx="284.2047136" lbRx="0" />
<p fId="0" fbTx="284.2047014" lbTx="284.204707" tId="2" fbRx="284.2047136" lbRx="0" />
<p fId="2" fbTx="284.2047348" lbTx="284.2047833" tId="0" fbRx="284.2047898" lbRx="0" />
<p fId="2" fbTx="284.2047348" lbTx="284.2047833" tId="0" fbRx="284.2047898" lbRx="0" />
<p fId="2" fbTx="284.2047348" lbTx="284.2047833" tId="1" fbRx="284.2047898" lbRx="0" />
<p fId="2" fbTx="284.2047922" lbTx="284.2048407" tId="0" fbRx="284.2048473" lbRx="0" />
<p fId="2" fbTx="284.2047922" lbTx="284.2048407" tId="0" fbRx="284.2048473" lbRx="0" />
<p fId="2" fbTx="284.2047922" lbTx="284.2048407" tId="1" fbRx="284.2048473" lbRx="0" />
<p fId="0" fbTx="284.2048483" lbTx="284.2048539" tId="1" fbRx="284.2048604" lbRx="0" />
<p fId="0" fbTx="284.2048483" lbTx="284.2048539" tId="2" fbRx="284.2048604" lbRx="0" />
<p fId="0" fbTx="284.2048483" lbTx="284.2048539" tId="2" fbRx="284.2048604" lbRx="0" />
<p fId="2" fbTx="284.2048657" lbTx="284.2049142" tId="0" fbRx="284.2049207" lbRx="0" />
<p fId="2" fbTx="284.2048657" lbTx="284.2049142" tId="0" fbRx="284.2049207" lbRx="0" />
<p fId="2" fbTx="284.2048657" lbTx="284.2049142" tId="1" fbRx="284.2049207" lbRx="0" />
<p fId="2" fbTx="284.2049321" lbTx="284.2049806" tId="0" fbRx="284.2049872" lbRx="0" />
<p fId="2" fbTx="284.2049321" lbTx="284.2049806" tId="0" fbRx="284.2049872" lbRx="0" />
<p fId="2" fbTx="284.2049321" lbTx="284.2049806" tId="1" fbRx="284.2049872" lbRx="0" />
<p fId="0" fbTx="284.2049882" lbTx="284.2049938" tId="1" fbRx="284.2050003" lbRx="0" />
<p fId="0" fbTx="284.2049882" lbTx="284.2049938" tId="2" fbRx="284.2050003" lbRx="0" />
<p fId="0" fbTx="284.2049882" lbTx="284.2049938" tId="2" fbRx="284.2050003" lbRx="0" />
<p fId="2" fbTx="284.2050016" lbTx="284.20505" tId="0" fbRx="284.2050566" lbRx="0" />
<p fId="2" fbTx="284.2050016" lbTx="284.20505" tId="0" fbRx="284.2050566" lbRx="0" />
<p fId="2" fbTx="284.2050016" lbTx="284.20505" tId="1" fbRx="284.2050566" lbRx="0" />
<p fId="2" fbTx="284.20507" lbTx="284.2051185" tId="0" fbRx="284.205125" lbRx="0" />
<p fId="2" fbTx="284.20507" lbTx="284.2051185" tId="0" fbRx="284.205125" lbRx="0" />
<p fId="2" fbTx="284.20507" lbTx="284.2051185" tId="1" fbRx="284.205125" lbRx="0" />
<p fId="0" fbTx="284.205126" lbTx="284.2051316" tId="1" fbRx="284.2051382" lbRx="0" />
<p fId="0" fbTx="284.205126" lbTx="284.2051316" tId="2" fbRx="284.2051382" lbRx="0" />
<p fId="0" fbTx="284.205126" lbTx="284.2051316" tId="2" fbRx="284.2051382" lbRx="0" />
<p fId="2" fbTx="284.2051544" lbTx="284.2052029" tId="0" fbRx="284.2052095" lbRx="0" />
<p fId="2" fbTx="284.2051544" lbTx="284.2052029" tId="0" fbRx="284.2052095" lbRx="0" />
<p fId="2" fbTx="284.2051544" lbTx="284.2052029" tId="1" fbRx="284.2052095" lbRx="0" />
<p fId="2" fbTx="284.2052109" lbTx="284.2052594" tId="0" fbRx="284.2052659" lbRx="0" />
<p fId="2" fbTx="284.2052109" lbTx="284.2052594" tId="0" fbRx="284.2052659" lbRx="0" />
<p fId="2" fbTx="284.2052109" lbTx="284.2052594" tId="1" fbRx="284.2052659" lbRx="0" />
<p fId="0" fbTx="284.2052669" lbTx="284.2052725" tId="1" fbRx="284.2052791" lbRx="0" />
<p fId="0" fbTx="284.2052669" lbTx="284.2052725" tId="2" fbRx="284.2052791" lbRx="0" />
<p fId="0" fbTx="284.2052669" lbTx="284.2052725" tId="2" fbRx="284.2052791" lbRx="0" />
<p fId="2" fbTx="284.2052863" lbTx="284.2053348" tId="0" fbRx="284.2053414" lbRx="0" />
<p fId="2" fbTx="284.2052863" lbTx="284.2053348" tId="0" fbRx="284.2053414" lbRx="0" />
<p fId="2" fbTx="284.2052863" lbTx="284.2053348" tId="1" fbRx="284.2053414" lbRx="0" />
<p fId="2" fbTx="284.2053438" lbTx="284.2053922" tId="0" fbRx="284.2053988" lbRx="0" />
<p fId="2" fbTx="284.2053438" lbTx="284.2053922" tId="0" fbRx="284.2053988" lbRx="0" />
<p fId="2" fbTx="284.2053438" lbTx="284.2053922" tId="1" fbRx="284.2053988" lbRx="0" />
<p fId="0" fbTx="284.2053998" lbTx="284.2054054" tId="1" fbRx="284.205412" lbRx="0" />
<p fId="0" fbTx="284.2053998" lbTx="284.2054054" tId="2" fbRx="284.205412" lbRx="0" />
<p fId="0" fbTx="284.2053998" lbTx="284.2054054" tId="2" fbRx="284.205412" lbRx="0" />
<p fId="2" fbTx="284.2054272" lbTx="284.2054757" tId="0" fbRx="284.2054822" lbRx="0" />
<p fId="2" fbTx="284.2054272" lbTx="284.2054757" tId="0" fbRx="284.2054822" lbRx="0" />
<p fId="2" fbTx="284.2054272" lbTx="284.2054757" tId="1" fbRx="284.2054822" lbRx="0" />
<p fId="2" fbTx="284.2054836" lbTx="284.2055321" tId="0" fbRx="284.2055387" lbRx="0" />
<p fId="2" fbTx="284.2054836" lbTx="284.2055321" tId="0" fbRx="284.2055387" lbRx="0" />
<p fId="2" fbTx="284.2054836" lbTx="284.2055321" tId="1" fbRx="284.2055387" lbRx="0" />
<p fId="0" fbTx="284.2055397" lbTx="284.2055453" tId="1" fbRx="284.2055518" lbRx="0" />
<p fId="0" fbTx="284.2055397" lbTx="284.2055453" tId="2" fbRx="284.2055518" lbRx="0" />
<p fId="0" fbTx="284.2055397" lbTx="284.2055453" tId="2" fbRx="284.2055518" lbRx="0" />
<p fId="2" fbTx="284.2055581" lbTx="284.2056066" tId="0" fbRx="284.2056131" lbRx="0" />
<p fId="2" fbTx="284.2055581" lbTx="284.2056066" tId="0" fbRx="284.2056131" lbRx="0" />
<p fId="2" fbTx="284.2055581" lbTx="284.2056066" tId="1" fbRx="284.2056131" lbRx="0" />
<p fId="2" fbTx="284.2056135" lbTx="284.205662" tId="0" fbRx="284.2056686" lbRx="0" />
<p fId="2" fbTx="284.2056135" lbTx="284.205662" tId="0" fbRx="284.2056686" lbRx="0" />
<p fId="2" fbTx="284.2056135" lbTx="284.205662" tId="1" fbRx="284.2056686" lbRx="0" />
<p fId="0" fbTx="284.2056696" lbTx="284.2056752" tId="1" fbRx="284.2056817" lbRx="0" />
<p fId="0" fbTx="284.2056696" lbTx="284.2056752" tId="2" fbRx="284.2056817" lbRx="0" />
<p fId="0" fbTx="284.2056696" lbTx="284.2056752" tId="2" fbRx="284.2056817" lbRx="0" />
<p fId="2" fbTx="284.205694" lbTx="284.2057424" tId="0" fbRx="284.205749" lbRx="0" />
<p fId="2" fbTx="284.205694" lbTx="284.2057424" tId="0" fbRx="284.205749" lbRx="0" />
<p fId="2" fbTx="284.205694" lbTx="284.2057424" tId="1" fbRx="284.205749" lbRx="0" />
<p fId="2" fbTx="284.2057494" lbTx="284.2057979" tId="0" fbRx="284.2058044" lbRx="0" />
<p fId="2" fbTx="284.2057494" lbTx="284.2057979" tId="0" fbRx="284.2058044" lbRx="0" />
<p fId="2" fbTx="284.2057494" lbTx="284.2057979" tId="1" fbRx="284.2058044" lbRx="0" />
<p fId="0" fbTx="284.2058054" lbTx="284.205811" tId="1" fbRx="284.2058176" lbRx="0" />
<p fId="0" fbTx="284.2058054" lbTx="284.205811" tId="2" fbRx="284.2058176" lbRx="0" />
<p fId="0" fbTx="284.2058054" lbTx="284.205811" tId="2" fbRx="284.2058176" lbRx="0" />
<p fId="2" fbTx="284.2058398" lbTx="284.2058883" tId="0" fbRx="284.2058949" lbRx="0" />
<p fId="2" fbTx="284.2058398" lbTx="284.2058883" tId="0" fbRx="284.2058949" lbRx="0" />
<p fId="2" fbTx="284.2058398" lbTx="284.2058883" tId="1" fbRx="284.2058949" lbRx="0" />
<p fId="2" fbTx="284.2058983" lbTx="284.2059468" tId="0" fbRx="284.2059533" lbRx="0" />
<p fId="2" fbTx="284.2058983" lbTx="284.2059468" tId="0" fbRx="284.2059533" lbRx="0" />
<p fId="2" fbTx="284.2058983" lbTx="284.2059468" tId="1" fbRx="284.2059533" lbRx="0" />
<p fId="0" fbTx="284.2059543" lbTx="284.2059599" tId="1" fbRx="284.2059665" lbRx="0" />
<p fId="0" fbTx="284.2059543" lbTx="284.2059599" tId="2" fbRx="284.2059665" lbRx="0" />
<p fId="0" fbTx="284.2059543" lbTx="284.2059599" tId="2" fbRx="284.2059665" lbRx="0" />
<p fId="2" fbTx="284.2059677" lbTx="284.2060162" tId="0" fbRx="284.2060228" lbRx="0" />
<p fId="2" fbTx="284.2059677" lbTx="284.2060162" tId="0" fbRx="284.2060228" lbRx="0" />
<p fId="2" fbTx="284.2059677" lbTx="284.2060162" tId="1" fbRx="284.2060228" lbRx="0" />
<p fId="2" fbTx="284.2060252" lbTx="284.2060736" tId="0" fbRx="284.2060802" lbRx="0" />
<p fId="2" fbTx="284.2060252" lbTx="284.2060736" tId="0" fbRx="284.2060802" lbRx="0" />
<p fId="2" fbTx="284.2060252" lbTx="284.2060736" tId="1" fbRx="284.2060802" lbRx="0" />
<p fId="0" fbTx="284.2060812" lbTx="284.2060868" tId="1" fbRx="284.2060934" lbRx="0" />
<p fId="0" fbTx="284.2060812" lbTx="284.2060868" tId="2" fbRx="284.2060934" lbRx="0" />
<p fId="0" fbTx="284.2060812" lbTx="284.2060868" tId="2" fbRx="284.2060934" lbRx="0" />
<p fId="2" fbTx="284.2061156" lbTx="284.2061641" tId="0" fbRx="284.2061706" lbRx="0" />
<p fId="2" fbTx="284.2061156" lbTx="284.2061641" tId="0" fbRx="284.2061706" lbRx="0" />
<p fId="2" fbTx="284.2061156" lbTx="284.2061641" tId="1" fbRx="284.2061706" lbRx="0" />
<p fId="2" fbTx="284.206172" lbTx="284.2062205" tId="0" fbRx="284.2062271" lbRx="0" />
<p fId="2" fbTx="284.206172" lbTx="284.2062205" tId="0" fbRx="284.2062271" lbRx="0" />
<p fId="2" fbTx="284.206172" lbTx="284.2062205" tId="1" fbRx="284.2062271" lbRx="0" />
<p fId="0" fbTx="284.2062281" lbTx="284.2062337" tId="1" fbRx="284.2062402" lbRx="0" />
<p fId="0" fbTx="284.2062281" lbTx="284.2062337" tId="2" fbRx="284.2062402" lbRx="0" />
<p fId="0" fbTx="284.2062281" lbTx="284.2062337" tId="2" fbRx="284.2062402" lbRx="0" />
<p fId="2" fbTx="284.2062455" lbTx="284.206294" tId="0" fbRx="284.2063005" lbRx="0" />
<p fId="2" fbTx="284.2062455" lbTx="284.206294" tId="0" fbRx="284.2063005" lbRx="0" />
<p fId="2" fbTx="284.2062455" lbTx="284.206294" tId="1" fbRx="284.2063005" lbRx="0" />
<p fId="2" fbTx="284.2063029" lbTx="284.2063514" tId="0" fbRx="284.206358" lbRx="0" />
<p fId="2" fbTx="284.2063029" lbTx="284.2063514" tId="0" fbRx="284.206358" lbRx="0" />
<p fId="2" fbTx="284.2063029" lbTx="284.2063514" tId="1" fbRx="284.206358" lbRx="0" />
<p fId="0" fbTx="284.206359" lbTx="284.2063646" tId="1" fbRx="284.2063711" lbRx="0" />
<p fId="0" fbTx="284.206359" lbTx="284.2063646" tId="2" fbRx="284.2063711" lbRx="0" />
<p fId="0" fbTx="284.206359" lbTx="284.2063646" tId="2" fbRx="284.2063711" lbRx="0" />
<p fId="2" fbTx="284.2063774" lbTx="284.2064258" tId="0" fbRx="284.2064324" lbRx="0" />
<p fId="2" fbTx="284.2063774" lbTx="284.2064258" tId="0" fbRx="284.2064324" lbRx="0" />
<p fId="2" fbTx="284.2063774" lbTx="284.2064258" tId="1" fbRx="284.2064324" lbRx="0" />
<p fId="2" fbTx="284.2064418" lbTx="284.2064903" tId="0" fbRx="284.2064968" lbRx="0" />
<p fId="2" fbTx="284.2064418" lbTx="284.2064903" tId="0" fbRx="284.2064968" lbRx="0" />
<p fId="2" fbTx="284.2064418" lbTx="284.2064903" tId="1" fbRx="284.2064968" lbRx="0" />
<p fId="0" fbTx="284.2064978" lbTx="284.2065034" tId="1" fbRx="284.20651" lbRx="0" />
<p fId="0" fbTx="284.2064978" lbTx="284.2065034" tId="2" fbRx="284.20651" lbRx="0" />
<p fId="0" fbTx="284.2064978" lbTx="284.2065034" tId="2" fbRx="284.20651" lbRx="0" />
<p fId="2" fbTx="284.2065382" lbTx="284.2065867" tId="0" fbRx="284.2065933" lbRx="0" />
<p fId="2" fbTx="284.2065382" lbTx="284.2065867" tId="0" fbRx="284.2065933" lbRx="0" />
<p fId="2" fbTx="284.2065382" lbTx="284.2065867" tId="1" fbRx="284.2065933" lbRx="0" />
<p fId="2" fbTx="284.2065967" lbTx="284.2066452" tId="0" fbRx="284.2066517" lbRx="0" />
<p fId="2" fbTx="284.2065967" lbTx="284.2066452" tId="0" fbRx="284.2066517" lbRx="0" />
<p fId="2" fbTx="284.2065967" lbTx="284.2066452" tId="1" fbRx="284.2066517" lbRx="0" />
<p fId="2" fbTx="284.2066521" lbTx="284.2067006" tId="0" fbRx="284.2067072" lbRx="0" />
<p fId="2" fbTx="284.2066521" lbTx="284.2067006" tId="0" fbRx="284.2067072" lbRx="0" />
<p fId="2" fbTx="284.2066521" lbTx="284.2067006" tId="1" fbRx="284.2067072" lbRx="0" />
<p fId="2" fbTx="284.2067076" lbTx="284.206756" tId="0" fbRx="284.2067626" lbRx="0" />
<p fId="2" fbTx="284.2067076" lbTx="284.206756" tId="0" fbRx="284.2067626" lbRx="0" />
<p fId="2" fbTx="284.2067076" lbTx="284.206756" tId="1" fbRx="284.2067626" lbRx="0" />
<p fId="2" fbTx="284.206763" lbTx="284.2067976" tId="0" fbRx="284.2068042" lbRx="0" />
<p fId="2" fbTx="284.206763" lbTx="284.2067976" tId="0" fbRx="284.2068042" lbRx="0" />
<p fId="2" fbTx="284.206763" lbTx="284.2067976" tId="1" fbRx="284.2068042" lbRx="0" />
<p fId="0" fbTx="284.2072927" lbTx="284.2072983" tId="1" fbRx="284.2073049" lbRx="0" />
<p fId="0" fbTx="284.2072927" lbTx="284.2072983" tId="2" fbRx="284.2073049" lbRx="0" />
<p fId="0" fbTx="284.2072927" lbTx="284.2072983" tId="2" fbRx="284.2073049" lbRx="0" />
<p fId="0" fbTx="284.2073123" lbTx="284.2073179" tId="1" fbRx="284.2073244" lbRx="0" />
<p fId="0" fbTx="284.2073123" lbTx="284.2073179" tId="2" fbRx="284.2073244" lbRx="0" />
<p fId="0" fbTx="284.2073123" lbTx="284.2073179" tId="2" fbRx="284.2073244" lbRx="0" />
<p fId="0" fbTx="284.2073368" lbTx="284.2073704" tId="1" fbRx="284.207377" lbRx="0" />
<p fId="0" fbTx="284.2073368" lbTx="284.2073704" tId="2" fbRx="284.207377" lbRx="0" />
<p fId="0" fbTx="284.2073368" lbTx="284.2073704" tId="2" fbRx="284.207377" lbRx="0" />
<p fId="2" fbTx="284.207377" lbTx="284.2074255" tId="0" fbRx="284.207432" lbRx="0" />
<p fId="2" fbTx="284.207377" lbTx="284.2074255" tId="0" fbRx="284.207432" lbRx="0" />
<p fId="2" fbTx="284.207377" lbTx="284.2074255" tId="1" fbRx="284.207432" lbRx="0" />
<p fId="2" fbTx="284.2074404" lbTx="284.2074889" tId="0" fbRx="284.2074955" lbRx="0" />
<p fId="2" fbTx="284.2074404" lbTx="284.2074889" tId="0" fbRx="284.2074955" lbRx="0" />
<p fId="2" fbTx="284.2074404" lbTx="284.2074889" tId="1" fbRx="284.2074955" lbRx="0" />
<p fId="0" fbTx="284.2074965" lbTx="284.2075021" tId="1" fbRx="284.2075086" lbRx="0" />
<p fId="0" fbTx="284.2074965" lbTx="284.2075021" tId="2" fbRx="284.2075086" lbRx="0" />
<p fId="0" fbTx="284.2074965" lbTx="284.2075021" tId="2" fbRx="284.2075086" lbRx="0" />
<p fId="2" fbTx="284.2075449" lbTx="284.2075934" tId="0" fbRx="284.2075999" lbRx="0" />
<p fId="2" fbTx="284.2075449" lbTx="284.2075934" tId="0" fbRx="284.2075999" lbRx="0" />
<p fId="2" fbTx="284.2075449" lbTx="284.2075934" tId="1" fbRx="284.2075999" lbRx="0" />
<p fId="2" fbTx="284.2076113" lbTx="284.2076598" tId="0" fbRx="284.2076664" lbRx="0" />
<p fId="2" fbTx="284.2076113" lbTx="284.2076598" tId="0" fbRx="284.2076664" lbRx="0" />
<p fId="2" fbTx="284.2076113" lbTx="284.2076598" tId="1" fbRx="284.2076664" lbRx="0" />
<p fId="0" fbTx="284.2076674" lbTx="284.207673" tId="1" fbRx="284.2076795" lbRx="0" />
<p fId="0" fbTx="284.2076674" lbTx="284.207673" tId="2" fbRx="284.2076795" lbRx="0" />
<p fId="0" fbTx="284.2076674" lbTx="284.207673" tId="2" fbRx="284.2076795" lbRx="0" />
<p fId="2" fbTx="284.2076808" lbTx="284.2077292" tId="0" fbRx="284.2077358" lbRx="0" />
<p fId="2" fbTx="284.2076808" lbTx="284.2077292" tId="0" fbRx="284.2077358" lbRx="0" />
<p fId="2" fbTx="284.2076808" lbTx="284.2077292" tId="1" fbRx="284.2077358" lbRx="0" />
<p fId="2" fbTx="284.2077382" lbTx="284.2077867" tId="0" fbRx="284.2077932" lbRx="0" />
<p fId="2" fbTx="284.2077382" lbTx="284.2077867" tId="0" fbRx="284.2077932" lbRx="0" />
<p fId="2" fbTx="284.2077382" lbTx="284.2077867" tId="1" fbRx="284.2077932" lbRx="0" />
<p fId="0" fbTx="284.2077942" lbTx="284.2077998" tId="1" fbRx="284.2078064" lbRx="0" />
<p fId="0" fbTx="284.2077942" lbTx="284.2077998" tId="2" fbRx="284.2078064" lbRx="0" />
<p fId="0" fbTx="284.2077942" lbTx="284.2077998" tId="2" fbRx="284.2078064" lbRx="0" />
<p fId="2" fbTx="284.2078166" lbTx="284.2078651" tId="0" fbRx="284.2078717" lbRx="0" />
<p fId="2" fbTx="284.2078166" lbTx="284.2078651" tId="0" fbRx="284.2078717" lbRx="0" />
<p fId="2" fbTx="284.2078166" lbTx="284.2078651" tId="1" fbRx="284.2078717" lbRx="0" />
<p fId="2" fbTx="284.2078731" lbTx="284.2079216" tId="0" fbRx="284.2079281" lbRx="0" />
<p fId="2" fbTx="284.2078731" lbTx="284.2079216" tId="0" fbRx="284.2079281" lbRx="0" />
<p fId="2" fbTx="284.2078731" lbTx="284.2079216" tId="1" fbRx="284.2079281" lbRx="0" />
<p fId="0" fbTx="284.2079291" lbTx="284.2079347" tId="1" fbRx="284.2079413" lbRx="0" />
<p fId="0" fbTx="284.2079291" lbTx="284.2079347" tId="2" fbRx="284.2079413" lbRx="0" />
<p fId="0" fbTx="284.2079291" lbTx="284.2079347" tId="2" fbRx="284.2079413" lbRx="0" />
<p fId="2" fbTx="284.2079575" lbTx="284.208006" tId="0" fbRx="284.2080126" lbRx="0" />
<p fId="2" fbTx="284.2079575" lbTx="284.208006" tId="0" fbRx="284.2080126" lbRx="0" />
<p fId="2" fbTx="284.2079575" lbTx="284.208006" tId="1" fbRx="284.2080126" lbRx="0" />
<p fId="2" fbTx="284.208015" lbTx="284.2080634" tId="0" fbRx="284.20807" lbRx="0" />
<p fId="2" fbTx="284.208015" lbTx="284.2080634" tId="0" fbRx="284.20807" lbRx="0" />
<p fId="2" fbTx="284.208015" lbTx="284.2080634" tId="1" fbRx="284.20807" lbRx="0" />
<p fId="2" fbTx="284.2080704" lbTx="284.2081189" tId="0" fbRx="284.2081254" lbRx="0" />
<p fId="2" fbTx="284.2080704" lbTx="284.2081189" tId="0" fbRx="284.2081254" lbRx="0" />
<p fId="2" fbTx="284.2080704" lbTx="284.2081189" tId="1" fbRx="284.2081254" lbRx="0" />
<p fId="2" fbTx="284.2081308" lbTx="284.2081793" tId="0" fbRx="284.2081859" lbRx="0" />
<p fId="2" fbTx="284.2081308" lbTx="284.2081793" tId="0" fbRx="284.2081859" lbRx="0" />
<p fId="2" fbTx="284.2081308" lbTx="284.2081793" tId="1" fbRx="284.2081859" lbRx="0" />
<p fId="2" fbTx="284.2081863" lbTx="284.2082348" tId="0" fbRx="284.2082413" lbRx="0" />
<p fId="2" fbTx="284.2081863" lbTx="284.2082348" tId="0" fbRx="284.2082413" lbRx="0" />
<p fId="2" fbTx="284.2081863" lbTx="284.2082348" tId="1" fbRx="284.2082413" lbRx="0" />
<p fId="2" fbTx="284.2082447" lbTx="284.2082932" tId="0" fbRx="284.2082998" lbRx="0" />
<p fId="2" fbTx="284.2082447" lbTx="284.2082932" tId="0" fbRx="284.2082998" lbRx="0" />
<p fId="2" fbTx="284.2082447" lbTx="284.2082932" tId="1" fbRx="284.2082998" lbRx="0" />
<p fId="2" fbTx="284.2083032" lbTx="284.2083516" tId="0" fbRx="284.2083582" lbRx="0" />
<p fId="2" fbTx="284.2083032" lbTx="284.2083516" tId="0" fbRx="284.2083582" lbRx="0" />
<p fId="2" fbTx="284.2083032" lbTx="284.2083516" tId="1" fbRx="284.2083582" lbRx="0" />
<p fId="2" fbTx="284.2083586" lbTx="284.2084071" tId="0" fbRx="284.2084136" lbRx="0" />
<p fId="2" fbTx="284.2083586" lbTx="284.2084071" tId="0" fbRx="284.2084136" lbRx="0" />
<p fId="2" fbTx="284.2083586" lbTx="284.2084071" tId="1" fbRx="284.2084136" lbRx="0" />
<p fId="2" fbTx="284.208416" lbTx="284.2084645" tId="0" fbRx="284.2084711" lbRx="0" />
<p fId="2" fbTx="284.208416" lbTx="284.2084645" tId="0" fbRx="284.2084711" lbRx="0" />
<p fId="2" fbTx="284.208416" lbTx="284.2084645" tId="1" fbRx="284.2084711" lbRx="0" />
<p fId="2" fbTx="284.2084815" lbTx="284.20853" tId="0" fbRx="284.2085365" lbRx="0" />
<p fId="2" fbTx="284.2084815" lbTx="284.20853" tId="0" fbRx="284.2085365" lbRx="0" />
<p fId="2" fbTx="284.2084815" lbTx="284.20853" tId="1" fbRx="284.2085365" lbRx="0" />
<p fId="2" fbTx="284.2085369" lbTx="284.2085854" tId="0" fbRx="284.208592" lbRx="0" />
<p fId="2" fbTx="284.2085369" lbTx="284.2085854" tId="0" fbRx="284.208592" lbRx="0" />
<p fId="2" fbTx="284.2085369" lbTx="284.2085854" tId="1" fbRx="284.208592" lbRx="0" />
<p fId="2" fbTx="284.2085924" lbTx="284.2086408" tId="0" fbRx="284.2086474" lbRx="0" />
<p fId="2" fbTx="284.2085924" lbTx="284.2086408" tId="0" fbRx="284.2086474" lbRx="0" />
<p fId="2" fbTx="284.2085924" lbTx="284.2086408" tId="1" fbRx="284.2086474" lbRx="0" />
<p fId="2" fbTx="284.2086558" lbTx="284.2087043" tId="0" fbRx="284.2087108" lbRx="0" />
<p fId="2" fbTx="284.2086558" lbTx="284.2087043" tId="0" fbRx="284.2087108" lbRx="0" />
<p fId="2" fbTx="284.2086558" lbTx="284.2087043" tId="1" fbRx="284.2087108" lbRx="0" />
<p fId="2" fbTx="284.2087142" lbTx="284.2087627" tId="0" fbRx="284.2087693" lbRx="0" />
<p fId="2" fbTx="284.2087142" lbTx="284.2087627" tId="0" fbRx="284.2087693" lbRx="0" />
<p fId="2" fbTx="284.2087142" lbTx="284.2087627" tId="1" fbRx="284.2087693" lbRx="0" />
<p fId="2" fbTx="284.2087727" lbTx="284.2088212" tId="0" fbRx="284.2088277" lbRx="0" />
<p fId="2" fbTx="284.2087727" lbTx="284.2088212" tId="0" fbRx="284.2088277" lbRx="0" />
<p fId="2" fbTx="284.2087727" lbTx="284.2088212" tId="1" fbRx="284.2088277" lbRx="0" />
<p fId="2" fbTx="284.2088301" lbTx="284.2088786" tId="0" fbRx="284.2088852" lbRx="0" />
<p fId="2" fbTx="284.2088301" lbTx="284.2088786" tId="0" fbRx="284.2088852" lbRx="0" />
<p fId="2" fbTx="284.2088301" lbTx="284.2088786" tId="1" fbRx="284.2088852" lbRx="0" />
<p fId="2" fbTx="284.2088986" lbTx="284.208947" tId="0" fbRx="284.2089536" lbRx="0" />
<p fId="2" fbTx="284.2088986" lbTx="284.208947" tId="0" fbRx="284.2089536" lbRx="0" />
<p fId="2" fbTx="284.2088986" lbTx="284.208947" tId="1" fbRx="284.2089536" lbRx="0" />
<p fId="2" fbTx="284.208964" lbTx="284.2090125" tId="0" fbRx="284.209019" lbRx="0" />
<p fId="2" fbTx="284.208964" lbTx="284.2090125" tId="0" fbRx="284.209019" lbRx="0" />
<p fId="2" fbTx="284.208964" lbTx="284.2090125" tId="1" fbRx="284.209019" lbRx="0" />
<p fId="2" fbTx="284.2090194" lbTx="284.2090679" tId="0" fbRx="284.2090745" lbRx="0" />
<p fId="2" fbTx="284.2090194" lbTx="284.2090679" tId="0" fbRx="284.2090745" lbRx="0" />
<p fId="2" fbTx="284.2090194" lbTx="284.2090679" tId="1" fbRx="284.2090745" lbRx="0" />
<p fId="2" fbTx="284.2090769" lbTx="284.2091254" tId="0" fbRx="284.2091319" lbRx="0" />
<p fId="2" fbTx="284.2090769" lbTx="284.2091254" tId="0" fbRx="284.2091319" lbRx="0" />
<p fId="2" fbTx="284.2090769" lbTx="284.2091254" tId="1" fbRx="284.2091319" lbRx="0" />
<p fId="2" fbTx="284.2091343" lbTx="284.2091828" tId="0" fbRx="284.2091894" lbRx="0" />
<p fId="2" fbTx="284.2091343" lbTx="284.2091828" tId="0" fbRx="284.2091894" lbRx="0" />
<p fId="2" fbTx="284.2091343" lbTx="284.2091828" tId="1" fbRx="284.2091894" lbRx="0" />
<p fId="2" fbTx="284.2091898" lbTx="284.2092382" tId="0" fbRx="284.2092448" lbRx="0" />
<p fId="2" fbTx="284.2091898" lbTx="284.2092382" tId="0" fbRx="284.2092448" lbRx="0" />
<p fId="2" fbTx="284.2091898" lbTx="284.2092382" tId="1" fbRx="284.2092448" lbRx="0" />
<p fId="2" fbTx="284.2092472" lbTx="284.2092957" tId="0" fbRx="284.2093022" lbRx="0" />
<p fId="2" fbTx="284.2092472" lbTx="284.2092957" tId="0" fbRx="284.2093022" lbRx="0" />
<p fId="2" fbTx="284.2092472" lbTx="284.2092957" tId="1" fbRx="284.2093022" lbRx="0" />
<p fId="2" fbTx="284.2093046" lbTx="284.2093531" tId="0" fbRx="284.2093597" lbRx="0" />
<p fId="2" fbTx="284.2093046" lbTx="284.2093531" tId="0" fbRx="284.2093597" lbRx="0" />
<p fId="2" fbTx="284.2093046" lbTx="284.2093531" tId="1" fbRx="284.2093597" lbRx="0" />
<p fId="2" fbTx="284.2093611" lbTx="284.2094096" tId="0" fbRx="284.2094161" lbRx="0" />
<p fId="2" fbTx="284.2093611" lbTx="284.2094096" tId="0" fbRx="284.2094161" lbRx="0" />
<p fId="2" fbTx="284.2093611" lbTx="284.2094096" tId="1" fbRx="284.2094161" lbRx="0" />
<p fId="2" fbTx="284.2094185" lbTx="284.209467" tId="0" fbRx="284.2094736" lbRx="0" />
<p fId="2" fbTx="284.2094185" lbTx="284.209467" tId="0" fbRx="284.2094736" lbRx="0" />
<p fId="2" fbTx="284.2094185" lbTx="284.209467" tId="1" fbRx="284.2094736" lbRx="0" />
<p fId="2" fbTx="284.209477" lbTx="284.2095062" tId="0" fbRx="284.2095127" lbRx="0" />
<p fId="2" fbTx="284.209477" lbTx="284.2095062" tId="0" fbRx="284.2095127" lbRx="0" />
<p fId="2" fbTx="284.209477" lbTx="284.2095062" tId="1" fbRx="284.2095127" lbRx="0" />
<p fId="0" fbTx="284.210197" lbTx="284.2102026" tId="1" fbRx="284.2102092" lbRx="0" />
<p fId="0" fbTx="284.210197" lbTx="284.2102026" tId="2" fbRx="284.2102092" lbRx="0" />
<p fId="0" fbTx="284.210197" lbTx="284.2102026" tId="2" fbRx="284.2102092" lbRx="0" />
<p fId="0" fbTx="284.2102116" lbTx="284.2102172" tId="1" fbRx="284.2102237" lbRx="0" />
<p fId="0" fbTx="284.2102116" lbTx="284.2102172" tId="2" fbRx="284.2102237" lbRx="0" />
<p fId="0" fbTx="284.2102116" lbTx="284.2102172" tId="2" fbRx="284.2102237" lbRx="0" />
<p fId="0" fbTx="284.2102251" lbTx="284.2102307" tId="1" fbRx="284.2102373" lbRx="0" />
<p fId="0" fbTx="284.2102251" lbTx="284.2102307" tId="2" fbRx="284.2102373" lbRx="0" />
<p fId="0" fbTx="284.2102251" lbTx="284.2102307" tId="2" fbRx="284.2102373" lbRx="0" />
<p fId="0" fbTx="284.2102377" lbTx="284.2102433" tId="1" fbRx="284.2102498" lbRx="0" />
<p fId="0" fbTx="284.2102377" lbTx="284.2102433" tId="2" fbRx="284.2102498" lbRx="0" />
<p fId="0" fbTx="284.2102377" lbTx="284.2102433" tId="2" fbRx="284.2102498" lbRx="0" />
<p fId="0" fbTx="284.2102502" lbTx="284.2102558" tId="1" fbRx="284.2102624" lbRx="0" />
<p fId="0" fbTx="284.2102502" lbTx="284.2102558" tId="2" fbRx="284.2102624" lbRx="0" />
<p fId="0" fbTx="284.2102502" lbTx="284.2102558" tId="2" fbRx="284.2102624" lbRx="0" />
<p fId="0" fbTx="284.2102638" lbTx="284.2102694" tId="1" fbRx="284.210276" lbRx="0" />
<p fId="0" fbTx="284.2102638" lbTx="284.2102694" tId="2" fbRx="284.210276" lbRx="0" />
<p fId="0" fbTx="284.2102638" lbTx="284.2102694" tId="2" fbRx="284.210276" lbRx="0" />
<p fId="0" fbTx="284.2102784" lbTx="284.210284" tId="1" fbRx="284.2102905" lbRx="0" />
<p fId="0" fbTx="284.2102784" lbTx="284.210284" tId="2" fbRx="284.2102905" lbRx="0" />
<p fId="0" fbTx="284.2102784" lbTx="284.210284" tId="2" fbRx="284.2102905" lbRx="0" />
<p fId="0" fbTx="284.2102909" lbTx="284.2102965" tId="1" fbRx="284.2103031" lbRx="0" />
<p fId="0" fbTx="284.2102909" lbTx="284.2102965" tId="2" fbRx="284.2103031" lbRx="0" />
<p fId="0" fbTx="284.2102909" lbTx="284.2102965" tId="2" fbRx="284.2103031" lbRx="0" />
<p fId="0" fbTx="284.2103125" lbTx="284.2103181" tId="1" fbRx="284.2103246" lbRx="0" />
<p fId="0" fbTx="284.2103125" lbTx="284.2103181" tId="2" fbRx="284.2103246" lbRx="0" />
<p fId="0" fbTx="284.2103125" lbTx="284.2103181" tId="2" fbRx="284.2103246" lbRx="0" />
<p fId="0" fbTx="284.210327" lbTx="284.2103326" tId="1" fbRx="284.2103392" lbRx="0" />
<p fId="0" fbTx="284.210327" lbTx="284.2103326" tId="2" fbRx="284.2103392" lbRx="0" />
<p fId="0" fbTx="284.210327" lbTx="284.2103326" tId="2" fbRx="284.2103392" lbRx="0" />
<p fId="0" fbTx="284.2103406" lbTx="284.2103462" tId="1" fbRx="284.2103528" lbRx="0" />
<p fId="0" fbTx="284.2103406" lbTx="284.2103462" tId="2" fbRx="284.2103528" lbRx="0" />
<p fId="0" fbTx="284.2103406" lbTx="284.2103462" tId="2" fbRx="284.2103528" lbRx="0" />
<p fId="0" fbTx="284.2103622" lbTx="284.2103678" tId="1" fbRx="284.2103743" lbRx="0" />
<p fId="0" fbTx="284.2103622" lbTx="284.2103678" tId="2" fbRx="284.2103743" lbRx="0" />
<p fId="0" fbTx="284.2103622" lbTx="284.2103678" tId="2" fbRx="284.2103743" lbRx="0" />
<p fId="0" fbTx="284.2103777" lbTx="284.2103833" tId="1" fbRx="284.2103899" lbRx="0" />
<p fId="0" fbTx="284.2103777" lbTx="284.2103833" tId="2" fbRx="284.2103899" lbRx="0" />
<p fId="0" fbTx="284.2103777" lbTx="284.2103833" tId="2" fbRx="284.2103899" lbRx="0" />
<p fId="0" fbTx="284.2104083" lbTx="284.2104419" tId="1" fbRx="284.2104484" lbRx="0" />
<p fId="0" fbTx="284.2104083" lbTx="284.2104419" tId="2" fbRx="284.2104484" lbRx="0" />
<p fId="0" fbTx="284.2104083" lbTx="284.2104419" tId="2" fbRx="284.2104484" lbRx="0" />
<p fId="2" fbTx="284.2104484" lbTx="284.210474" tId="0" fbRx="284.2104805" lbRx="0" />
<p fId="2" fbTx="284.2104484" lbTx="284.210474" tId="0" fbRx="284.2104805" lbRx="0" />
<p fId="2" fbTx="284.2104484" lbTx="284.210474" tId="1" fbRx="284.2104805" lbRx="0" />
<p fId="0" fbTx="284.2104805" lbTx="284.2105141" tId="1" fbRx="284.2105207" lbRx="0" />
<p fId="0" fbTx="284.2104805" lbTx="284.2105141" tId="2" fbRx="284.2105207" lbRx="0" />
<p fId="0" fbTx="284.2104805" lbTx="284.2105141" tId="2" fbRx="284.2105207" lbRx="0" />
<p fId="2" fbTx="284.2105207" lbTx="284.2105692" tId="0" fbRx="284.2105757" lbRx="0" />
<p fId="2" fbTx="284.2105207" lbTx="284.2105692" tId="0" fbRx="284.2105757" lbRx="0" />
<p fId="2" fbTx="284.2105207" lbTx="284.2105692" tId="1" fbRx="284.2105757" lbRx="0" />
<p fId="2" fbTx="284.2105801" lbTx="284.2106286" tId="0" fbRx="284.2106352" lbRx="0" />
<p fId="2" fbTx="284.2105801" lbTx="284.2106286" tId="0" fbRx="284.2106352" lbRx="0" />
<p fId="2" fbTx="284.2105801" lbTx="284.2106286" tId="1" fbRx="284.2106352" lbRx="0" />
<p fId="0" fbTx="284.2106362" lbTx="284.2106418" tId="1" fbRx="284.2106483" lbRx="0" />
<p fId="0" fbTx="284.2106362" lbTx="284.2106418" tId="2" fbRx="284.2106483" lbRx="0" />
<p fId="0" fbTx="284.2106362" lbTx="284.2106418" tId="2" fbRx="284.2106483" lbRx="0" />
<p fId="2" fbTx="284.2106506" lbTx="284.2106991" tId="0" fbRx="284.2107056" lbRx="0" />
<p fId="2" fbTx="284.2106506" lbTx="284.2106991" tId="0" fbRx="284.2107056" lbRx="0" />
<p fId="2" fbTx="284.2106506" lbTx="284.2106991" tId="1" fbRx="284.2107056" lbRx="0" />
<p fId="2" fbTx="284.210706" lbTx="284.2107545" tId="0" fbRx="284.210761" lbRx="0" />
<p fId="2" fbTx="284.210706" lbTx="284.2107545" tId="0" fbRx="284.210761" lbRx="0" />
<p fId="2" fbTx="284.210706" lbTx="284.2107545" tId="1" fbRx="284.210761" lbRx="0" />
<p fId="0" fbTx="284.2107621" lbTx="284.2107676" tId="1" fbRx="284.2107742" lbRx="0" />
<p fId="0" fbTx="284.2107621" lbTx="284.2107676" tId="2" fbRx="284.2107742" lbRx="0" />
<p fId="0" fbTx="284.2107621" lbTx="284.2107676" tId="2" fbRx="284.2107742" lbRx="0" />
<p fId="2" fbTx="284.2107815" lbTx="284.2108299" tId="0" fbRx="284.2108365" lbRx="0" />
<p fId="2" fbTx="284.2107815" lbTx="284.2108299" tId="0" fbRx="284.2108365" lbRx="0" />
<p fId="2" fbTx="284.2107815" lbTx="284.2108299" tId="1" fbRx="284.2108365" lbRx="0" />
<p fId="2" fbTx="284.2108469" lbTx="284.2108954" tId="0" fbRx="284.2109019" lbRx="0" />
<p fId="2" fbTx="284.2108469" lbTx="284.2108954" tId="0" fbRx="284.2109019" lbRx="0" />
<p fId="2" fbTx="284.2108469" lbTx="284.2108954" tId="1" fbRx="284.2109019" lbRx="0" />
<p fId="2" fbTx="284.2109023" lbTx="284.2109508" tId="0" fbRx="284.2109574" lbRx="0" />
<p fId="2" fbTx="284.2109023" lbTx="284.2109508" tId="0" fbRx="284.2109574" lbRx="0" />
<p fId="2" fbTx="284.2109023" lbTx="284.2109508" tId="1" fbRx="284.2109574" lbRx="0" />
<p fId="2" fbTx="284.2109638" lbTx="284.2110123" tId="0" fbRx="284.2110188" lbRx="0" />
<p fId="2" fbTx="284.2109638" lbTx="284.2110123" tId="0" fbRx="284.2110188" lbRx="0" />
<p fId="2" fbTx="284.2109638" lbTx="284.2110123" tId="1" fbRx="284.2110188" lbRx="0" />
<p fId="2" fbTx="284.2110192" lbTx="284.2110677" tId="0" fbRx="284.2110743" lbRx="0" />
<p fId="2" fbTx="284.2110192" lbTx="284.2110677" tId="0" fbRx="284.2110743" lbRx="0" />
<p fId="2" fbTx="284.2110192" lbTx="284.2110677" tId="1" fbRx="284.2110743" lbRx="0" />
<p fId="2" fbTx="284.2110776" lbTx="284.2111261" tId="0" fbRx="284.2111327" lbRx="0" />
<p fId="2" fbTx="284.2110776" lbTx="284.2111261" tId="0" fbRx="284.2111327" lbRx="0" />
<p fId="2" fbTx="284.2110776" lbTx="284.2111261" tId="1" fbRx="284.2111327" lbRx="0" />
<p fId="2" fbTx="284.2111351" lbTx="284.2111836" tId="0" fbRx="284.2111901" lbRx="0" />
<p fId="2" fbTx="284.2111351" lbTx="284.2111836" tId="0" fbRx="284.2111901" lbRx="0" />
<p fId="2" fbTx="284.2111351" lbTx="284.2111836" tId="1" fbRx="284.2111901" lbRx="0" />
<p fId="2" fbTx="284.2111915" lbTx="284.21124" tId="0" fbRx="284.2112466" lbRx="0" />
<p fId="2" fbTx="284.2111915" lbTx="284.21124" tId="0" fbRx="284.2112466" lbRx="0" />
<p fId="2" fbTx="284.2111915" lbTx="284.21124" tId="1" fbRx="284.2112466" lbRx="0" />
<p fId="2" fbTx="284.211247" lbTx="284.2112955" tId="0" fbRx="284.211302" lbRx="0" />
<p fId="2" fbTx="284.211247" lbTx="284.2112955" tId="0" fbRx="284.211302" lbRx="0" />
<p fId="2" fbTx="284.211247" lbTx="284.2112955" tId="1" fbRx="284.211302" lbRx="0" />
<p fId="2" fbTx="284.2113044" lbTx="284.2113529" tId="0" fbRx="284.2113594" lbRx="0" />
<p fId="2" fbTx="284.2113044" lbTx="284.2113529" tId="0" fbRx="284.2113594" lbRx="0" />
<p fId="2" fbTx="284.2113044" lbTx="284.2113529" tId="1" fbRx="284.2113594" lbRx="0" />
<p fId="2" fbTx="284.2113599" lbTx="284.2114083" tId="0" fbRx="284.2114149" lbRx="0" />
<p fId="2" fbTx="284.2113599" lbTx="284.2114083" tId="0" fbRx="284.2114149" lbRx="0" />
<p fId="2" fbTx="284.2113599" lbTx="284.2114083" tId="1" fbRx="284.2114149" lbRx="0" />
<p fId="2" fbTx="284.2114223" lbTx="284.2114708" tId="0" fbRx="284.2114773" lbRx="0" />
<p fId="2" fbTx="284.2114223" lbTx="284.2114708" tId="0" fbRx="284.2114773" lbRx="0" />
<p fId="2" fbTx="284.2114223" lbTx="284.2114708" tId="1" fbRx="284.2114773" lbRx="0" />
<p fId="2" fbTx="284.2114777" lbTx="284.2115262" tId="0" fbRx="284.2115328" lbRx="0" />
<p fId="2" fbTx="284.2114777" lbTx="284.2115262" tId="0" fbRx="284.2115328" lbRx="0" />
<p fId="2" fbTx="284.2114777" lbTx="284.2115262" tId="1" fbRx="284.2115328" lbRx="0" />
<p fId="2" fbTx="284.2115352" lbTx="284.2115837" tId="0" fbRx="284.2115902" lbRx="0" />
<p fId="2" fbTx="284.2115352" lbTx="284.2115837" tId="0" fbRx="284.2115902" lbRx="0" />
<p fId="2" fbTx="284.2115352" lbTx="284.2115837" tId="1" fbRx="284.2115902" lbRx="0" />
<p fId="2" fbTx="284.2115926" lbTx="284.2116411" tId="0" fbRx="284.2116476" lbRx="0" />
<p fId="2" fbTx="284.2115926" lbTx="284.2116411" tId="0" fbRx="284.2116476" lbRx="0" />
<p fId="2" fbTx="284.2115926" lbTx="284.2116411" tId="1" fbRx="284.2116476" lbRx="0" />
<p fId="2" fbTx="284.2116491" lbTx="284.2116975" tId="0" fbRx="284.2117041" lbRx="0" />
<p fId="2" fbTx="284.2116491" lbTx="284.2116975" tId="0" fbRx="284.2117041" lbRx="0" />
<p fId="2" fbTx="284.2116491" lbTx="284.2116975" tId="1" fbRx="284.2117041" lbRx="0" />
<p fId="2" fbTx="284.2117065" lbTx="284.211755" tId="0" fbRx="284.2117615" lbRx="0" />
<p fId="2" fbTx="284.2117065" lbTx="284.211755" tId="0" fbRx="284.2117615" lbRx="0" />
<p fId="2" fbTx="284.2117065" lbTx="284.211755" tId="1" fbRx="284.2117615" lbRx="0" />
<p fId="2" fbTx="284.2117689" lbTx="284.2118174" tId="0" fbRx="284.211824" lbRx="0" />
<p fId="2" fbTx="284.2117689" lbTx="284.2118174" tId="0" fbRx="284.211824" lbRx="0" />
<p fId="2" fbTx="284.2117689" lbTx="284.2118174" tId="1" fbRx="284.211824" lbRx="0" />
<p fId="2" fbTx="284.2118244" lbTx="284.2118729" tId="0" fbRx="284.2118794" lbRx="0" />
<p fId="2" fbTx="284.2118244" lbTx="284.2118729" tId="0" fbRx="284.2118794" lbRx="0" />
<p fId="2" fbTx="284.2118244" lbTx="284.2118729" tId="1" fbRx="284.2118794" lbRx="0" />
<p fId="2" fbTx="284.2118818" lbTx="284.2119303" tId="0" fbRx="284.2119368" lbRx="0" />
<p fId="2" fbTx="284.2118818" lbTx="284.2119303" tId="0" fbRx="284.2119368" lbRx="0" />
<p fId="2" fbTx="284.2118818" lbTx="284.2119303" tId="1" fbRx="284.2119368" lbRx="0" />
<p fId="2" fbTx="284.2119393" lbTx="284.2119877" tId="0" fbRx="284.2119943" lbRx="0" />
<p fId="2" fbTx="284.2119393" lbTx="284.2119877" tId="0" fbRx="284.2119943" lbRx="0" />
<p fId="2" fbTx="284.2119393" lbTx="284.2119877" tId="1" fbRx="284.2119943" lbRx="0" />
<p fId="2" fbTx="284.2119967" lbTx="284.2120452" tId="0" fbRx="284.2120517" lbRx="0" />
<p fId="2" fbTx="284.2119967" lbTx="284.2120452" tId="0" fbRx="284.2120517" lbRx="0" />
<p fId="2" fbTx="284.2119967" lbTx="284.2120452" tId="1" fbRx="284.2120517" lbRx="0" />
<p fId="2" fbTx="284.2120551" lbTx="284.2121036" tId="0" fbRx="284.2121102" lbRx="0" />
<p fId="2" fbTx="284.2120551" lbTx="284.2121036" tId="0" fbRx="284.2121102" lbRx="0" />
<p fId="2" fbTx="284.2120551" lbTx="284.2121036" tId="1" fbRx="284.2121102" lbRx="0" />
<p fId="2" fbTx="284.2121146" lbTx="284.2121631" tId="0" fbRx="284.2121696" lbRx="0" />
<p fId="2" fbTx="284.2121146" lbTx="284.2121631" tId="0" fbRx="284.2121696" lbRx="0" />
<p fId="2" fbTx="284.2121146" lbTx="284.2121631" tId="1" fbRx="284.2121696" lbRx="0" />
<p fId="2" fbTx="284.212174" lbTx="284.2122225" tId="0" fbRx="284.2122291" lbRx="0" />
<p fId="2" fbTx="284.212174" lbTx="284.2122225" tId="0" fbRx="284.2122291" lbRx="0" />
<p fId="2" fbTx="284.212174" lbTx="284.2122225" tId="1" fbRx="284.2122291" lbRx="0" />
<p fId="2" fbTx="284.2122294" lbTx="284.2122779" tId="0" fbRx="284.2122845" lbRx="0" />
<p fId="2" fbTx="284.2122294" lbTx="284.2122779" tId="0" fbRx="284.2122845" lbRx="0" />
<p fId="2" fbTx="284.2122294" lbTx="284.2122779" tId="1" fbRx="284.2122845" lbRx="0" />
<p fId="2" fbTx="284.2122879" lbTx="284.2123364" tId="0" fbRx="284.2123429" lbRx="0" />
<p fId="2" fbTx="284.2122879" lbTx="284.2123364" tId="0" fbRx="284.2123429" lbRx="0" />
<p fId="2" fbTx="284.2122879" lbTx="284.2123364" tId="1" fbRx="284.2123429" lbRx="0" />
<p fId="2" fbTx="284.2123433" lbTx="284.2123918" tId="0" fbRx="284.2123984" lbRx="0" />
<p fId="2" fbTx="284.2123433" lbTx="284.2123918" tId="0" fbRx="284.2123984" lbRx="0" />
<p fId="2" fbTx="284.2123433" lbTx="284.2123918" tId="1" fbRx="284.2123984" lbRx="0" />
<p fId="2" fbTx="284.2124068" lbTx="284.2124553" tId="0" fbRx="284.2124618" lbRx="0" />
<p fId="2" fbTx="284.2124068" lbTx="284.2124553" tId="0" fbRx="284.2124618" lbRx="0" />
<p fId="2" fbTx="284.2124068" lbTx="284.2124553" tId="1" fbRx="284.2124618" lbRx="0" />
<p fId="2" fbTx="284.2124742" lbTx="284.2125227" tId="0" fbRx="284.2125292" lbRx="0" />
<p fId="2" fbTx="284.2124742" lbTx="284.2125227" tId="0" fbRx="284.2125292" lbRx="0" />
<p fId="2" fbTx="284.2124742" lbTx="284.2125227" tId="1" fbRx="284.2125292" lbRx="0" />
<p fId="2" fbTx="284.2125357" lbTx="284.2125841" tId="0" fbRx="284.2125907" lbRx="0" />
<p fId="2" fbTx="284.2125357" lbTx="284.2125841" tId="0" fbRx="284.2125907" lbRx="0" />
<p fId="2" fbTx="284.2125357" lbTx="284.2125841" tId="1" fbRx="284.2125907" lbRx="0" />
<p fId="2" fbTx="284.2125931" lbTx="284.2126416" tId="0" fbRx="284.2126481" lbRx="0" />
<p fId="2" fbTx="284.2125931" lbTx="284.2126416" tId="0" fbRx="284.2126481" lbRx="0" />
<p fId="2" fbTx="284.2125931" lbTx="284.2126416" tId="1" fbRx="284.2126481" lbRx="0" />
<p fId="2" fbTx="284.2126575" lbTx="284.212706" tId="0" fbRx="284.2127126" lbRx="0" />
<p fId="2" fbTx="284.2126575" lbTx="284.212706" tId="0" fbRx="284.2127126" lbRx="0" />
<p fId="2" fbTx="284.2126575" lbTx="284.212706" tId="1" fbRx="284.2127126" lbRx="0" />
<p fId="2" fbTx="284.212715" lbTx="284.2127635" tId="0" fbRx="284.21277" lbRx="0" />
<p fId="2" fbTx="284.212715" lbTx="284.2127635" tId="0" fbRx="284.21277" lbRx="0" />
<p fId="2" fbTx="284.212715" lbTx="284.2127635" tId="1" fbRx="284.21277" lbRx="0" />
<p fId="2" fbTx="284.2127764" lbTx="284.2128249" tId="0" fbRx="284.2128315" lbRx="0" />
<p fId="2" fbTx="284.2127764" lbTx="284.2128249" tId="0" fbRx="284.2128315" lbRx="0" />
<p fId="2" fbTx="284.2127764" lbTx="284.2128249" tId="1" fbRx="284.2128315" lbRx="0" />
<p fId="2" fbTx="284.2128419" lbTx="284.2128903" tId="0" fbRx="284.2128969" lbRx="0" />
<p fId="2" fbTx="284.2128419" lbTx="284.2128903" tId="0" fbRx="284.2128969" lbRx="0" />
<p fId="2" fbTx="284.2128419" lbTx="284.2128903" tId="1" fbRx="284.2128969" lbRx="0" />
<p fId="2" fbTx="284.2128993" lbTx="284.2129478" tId="0" fbRx="284.2129543" lbRx="0" />
<p fId="2" fbTx="284.2128993" lbTx="284.2129478" tId="0" fbRx="284.2129543" lbRx="0" />
<p fId="2" fbTx="284.2128993" lbTx="284.2129478" tId="1" fbRx="284.2129543" lbRx="0" />
<p fId="2" fbTx="284.2129637" lbTx="284.2130122" tId="0" fbRx="284.2130188" lbRx="0" />
<p fId="2" fbTx="284.2129637" lbTx="284.2130122" tId="0" fbRx="284.2130188" lbRx="0" />
<p fId="2" fbTx="284.2129637" lbTx="284.2130122" tId="1" fbRx="284.2130188" lbRx="0" />
<p fId="2" fbTx="284.2130212" lbTx="284.2130697" tId="0" fbRx="284.2130762" lbRx="0" />
<p fId="2" fbTx="284.2130212" lbTx="284.2130697" tId="0" fbRx="284.2130762" lbRx="0" />
<p fId="2" fbTx="284.2130212" lbTx="284.2130697" tId="1" fbRx="284.2130762" lbRx="0" />
<p fId="2" fbTx="284.2130776" lbTx="284.2131261" tId="0" fbRx="284.2131326" lbRx="0" />
<p fId="2" fbTx="284.2130776" lbTx="284.2131261" tId="0" fbRx="284.2131326" lbRx="0" />
<p fId="2" fbTx="284.2130776" lbTx="284.2131261" tId="1" fbRx="284.2131326" lbRx="0" />
<p fId="2" fbTx="284.2131341" lbTx="284.2131825" tId="0" fbRx="284.2131891" lbRx="0" />
<p fId="2" fbTx="284.2131341" lbTx="284.2131825" tId="0" fbRx="284.2131891" lbRx="0" />
<p fId="2" fbTx="284.2131341" lbTx="284.2131825" tId="1" fbRx="284.2131891" lbRx="0" />
<p fId="2" fbTx="284.2131905" lbTx="284.213239" tId="0" fbRx="284.2132455" lbRx="0" />
<p fId="2" fbTx="284.2131905" lbTx="284.213239" tId="0" fbRx="284.2132455" lbRx="0" />
<p fId="2" fbTx="284.2131905" lbTx="284.213239" tId="1" fbRx="284.2132455" lbRx="0" />
<p fId="2" fbTx="284.2132459" lbTx="284.2132944" tId="0" fbRx="284.213301" lbRx="0" />
<p fId="2" fbTx="284.2132459" lbTx="284.2132944" tId="0" fbRx="284.213301" lbRx="0" />
<p fId="2" fbTx="284.2132459" lbTx="284.2132944" tId="1" fbRx="284.213301" lbRx="0" />
<p fId="2" fbTx="284.2133074" lbTx="284.2133559" tId="0" fbRx="284.2133624" lbRx="0" />
<p fId="2" fbTx="284.2133074" lbTx="284.2133559" tId="0" fbRx="284.2133624" lbRx="0" />
<p fId="2" fbTx="284.2133074" lbTx="284.2133559" tId="1" fbRx="284.2133624" lbRx="0" />
<p fId="2" fbTx="284.2133668" lbTx="284.2134153" tId="0" fbRx="284.2134218" lbRx="0" />
<p fId="2" fbTx="284.2133668" lbTx="284.2134153" tId="0" fbRx="284.2134218" lbRx="0" />
<p fId="2" fbTx="284.2133668" lbTx="284.2134153" tId="1" fbRx="284.2134218" lbRx="0" />
<p fId="2" fbTx="284.2134233" lbTx="284.2134717" tId="0" fbRx="284.2134783" lbRx="0" />
<p fId="2" fbTx="284.2134233" lbTx="284.2134717" tId="0" fbRx="284.2134783" lbRx="0" />
<p fId="2" fbTx="284.2134233" lbTx="284.2134717" tId="1" fbRx="284.2134783" lbRx="0" />
<p fId="2" fbTx="284.2134817" lbTx="284.2135302" tId="0" fbRx="284.2135367" lbRx="0" />
<p fId="2" fbTx="284.2134817" lbTx="284.2135302" tId="0" fbRx="284.2135367" lbRx="0" />
<p fId="2" fbTx="284.2134817" lbTx="284.2135302" tId="1" fbRx="284.2135367" lbRx="0" />
<p fId="2" fbTx="284.2135411" lbTx="284.2135896" tId="0" fbRx="284.2135962" lbRx="0" />
<p fId="2" fbTx="284.2135411" lbTx="284.2135896" tId="0" fbRx="284.2135962" lbRx="0" />
<p fId="2" fbTx="284.2135411" lbTx="284.2135896" tId="1" fbRx="284.2135962" lbRx="0" />
<p fId="2" fbTx="284.2135966" lbTx="284.2136451" tId="0" fbRx="284.2136516" lbRx="0" />
<p fId="2" fbTx="284.2135966" lbTx="284.2136451" tId="0" fbRx="284.2136516" lbRx="0" />
<p fId="2" fbTx="284.2135966" lbTx="284.2136451" tId="1" fbRx="284.2136516" lbRx="0" />
<p fId="2" fbTx="284.213659" lbTx="284.2137075" tId="0" fbRx="284.2137141" lbRx="0" />
<p fId="2" fbTx="284.213659" lbTx="284.2137075" tId="0" fbRx="284.2137141" lbRx="0" />
<p fId="2" fbTx="284.213659" lbTx="284.2137075" tId="1" fbRx="284.2137141" lbRx="0" />
<p fId="2" fbTx="284.2137154" lbTx="284.2137639" tId="0" fbRx="284.2137705" lbRx="0" />
<p fId="2" fbTx="284.2137154" lbTx="284.2137639" tId="0" fbRx="284.2137705" lbRx="0" />
<p fId="2" fbTx="284.2137154" lbTx="284.2137639" tId="1" fbRx="284.2137705" lbRx="0" />
<p fId="2" fbTx="284.2137729" lbTx="284.2138214" tId="0" fbRx="284.2138279" lbRx="0" />
<p fId="2" fbTx="284.2137729" lbTx="284.2138214" tId="0" fbRx="284.2138279" lbRx="0" />
<p fId="2" fbTx="284.2137729" lbTx="284.2138214" tId="1" fbRx="284.2138279" lbRx="0" />
<p fId="2" fbTx="284.2138363" lbTx="284.2138848" tId="0" fbRx="284.2138914" lbRx="0" />
<p fId="2" fbTx="284.2138363" lbTx="284.2138848" tId="0" fbRx="284.2138914" lbRx="0" />
<p fId="2" fbTx="284.2138363" lbTx="284.2138848" tId="1" fbRx="284.2138914" lbRx="0" />
<p fId="2" fbTx="284.2138918" lbTx="284.2139403" tId="0" fbRx="284.2139468" lbRx="0" />
<p fId="2" fbTx="284.2138918" lbTx="284.2139403" tId="0" fbRx="284.2139468" lbRx="0" />
<p fId="2" fbTx="284.2138918" lbTx="284.2139403" tId="1" fbRx="284.2139468" lbRx="0" />
<p fId="2" fbTx="284.2139552" lbTx="284.2140037" tId="0" fbRx="284.2140103" lbRx="0" />
<p fId="2" fbTx="284.2139552" lbTx="284.2140037" tId="0" fbRx="284.2140103" lbRx="0" />
<p fId="2" fbTx="284.2139552" lbTx="284.2140037" tId="1" fbRx="284.2140103" lbRx="0" />
<p fId="2" fbTx="284.2140126" lbTx="284.2140611" tId="0" fbRx="284.2140677" lbRx="0" />
<p fId="2" fbTx="284.2140126" lbTx="284.2140611" tId="0" fbRx="284.2140677" lbRx="0" />
<p fId="2" fbTx="284.2140126" lbTx="284.2140611" tId="1" fbRx="284.2140677" lbRx="0" />
<p fId="2" fbTx="284.2140701" lbTx="284.2141186" tId="0" fbRx="284.2141251" lbRx="0" />
<p fId="2" fbTx="284.2140701" lbTx="284.2141186" tId="0" fbRx="284.2141251" lbRx="0" />
<p fId="2" fbTx="284.2140701" lbTx="284.2141186" tId="1" fbRx="284.2141251" lbRx="0" />
<p fId="2" fbTx="284.2141275" lbTx="284.214176" tId="0" fbRx="284.2141826" lbRx="0" />
<p fId="2" fbTx="284.2141275" lbTx="284.214176" tId="0" fbRx="284.2141826" lbRx="0" />
<p fId="2" fbTx="284.2141275" lbTx="284.214176" tId="1" fbRx="284.2141826" lbRx="0" />
<p fId="2" fbTx="284.214194" lbTx="284.2142424" tId="0" fbRx="284.214249" lbRx="0" />
<p fId="2" fbTx="284.214194" lbTx="284.2142424" tId="0" fbRx="284.214249" lbRx="0" />
<p fId="2" fbTx="284.214194" lbTx="284.2142424" tId="1" fbRx="284.214249" lbRx="0" />
<p fId="2" fbTx="284.2142514" lbTx="284.2142999" tId="0" fbRx="284.2143064" lbRx="0" />
<p fId="2" fbTx="284.2142514" lbTx="284.2142999" tId="0" fbRx="284.2143064" lbRx="0" />
<p fId="2" fbTx="284.2142514" lbTx="284.2142999" tId="1" fbRx="284.2143064" lbRx="0" />
<p fId="2" fbTx="284.2143069" lbTx="284.2143553" tId="0" fbRx="284.2143619" lbRx="0" />
<p fId="2" fbTx="284.2143069" lbTx="284.2143553" tId="0" fbRx="284.2143619" lbRx="0" />
<p fId="2" fbTx="284.2143069" lbTx="284.2143553" tId="1" fbRx="284.2143619" lbRx="0" />
<p fId="2" fbTx="284.2143703" lbTx="284.2144188" tId="0" fbRx="284.2144253" lbRx="0" />
<p fId="2" fbTx="284.2143703" lbTx="284.2144188" tId="0" fbRx="284.2144253" lbRx="0" />
<p fId="2" fbTx="284.2143703" lbTx="284.2144188" tId="1" fbRx="284.2144253" lbRx="0" />
<p fId="2" fbTx="284.2144277" lbTx="284.2144762" tId="0" fbRx="284.2144828" lbRx="0" />
<p fId="2" fbTx="284.2144277" lbTx="284.2144762" tId="0" fbRx="284.2144828" lbRx="0" />
<p fId="2" fbTx="284.2144277" lbTx="284.2144762" tId="1" fbRx="284.2144828" lbRx="0" />
<p fId="2" fbTx="284.2144852" lbTx="284.2145337" tId="0" fbRx="284.2145402" lbRx="0" />
<p fId="2" fbTx="284.2144852" lbTx="284.2145337" tId="0" fbRx="284.2145402" lbRx="0" />
<p fId="2" fbTx="284.2144852" lbTx="284.2145337" tId="1" fbRx="284.2145402" lbRx="0" />
<p fId="2" fbTx="284.2145426" lbTx="284.2145911" tId="0" fbRx="284.2145976" lbRx="0" />
<p fId="2" fbTx="284.2145426" lbTx="284.2145911" tId="0" fbRx="284.2145976" lbRx="0" />
<p fId="2" fbTx="284.2145426" lbTx="284.2145911" tId="1" fbRx="284.2145976" lbRx="0" />
<p fId="2" fbTx="284.214609" lbTx="284.2146575" tId="0" fbRx="284.2146641" lbRx="0" />
<p fId="2" fbTx="284.214609" lbTx="284.2146575" tId="0" fbRx="284.2146641" lbRx="0" />
<p fId="2" fbTx="284.214609" lbTx="284.2146575" tId="1" fbRx="284.2146641" lbRx="0" />
<p fId="2" fbTx="284.2146675" lbTx="284.214716" tId="0" fbRx="284.2147225" lbRx="0" />
<p fId="2" fbTx="284.2146675" lbTx="284.214716" tId="0" fbRx="284.2147225" lbRx="0" />
<p fId="2" fbTx="284.2146675" lbTx="284.214716" tId="1" fbRx="284.2147225" lbRx="0" />
<p fId="2" fbTx="284.2147319" lbTx="284.2147804" tId="0" fbRx="284.214787" lbRx="0" />
<p fId="2" fbTx="284.2147319" lbTx="284.2147804" tId="0" fbRx="284.214787" lbRx="0" />
<p fId="2" fbTx="284.2147319" lbTx="284.2147804" tId="1" fbRx="284.214787" lbRx="0" />
<p fId="2" fbTx="284.2147984" lbTx="284.2148469" tId="0" fbRx="284.2148534" lbRx="0" />
<p fId="2" fbTx="284.2147984" lbTx="284.2148469" tId="0" fbRx="284.2148534" lbRx="0" />
<p fId="2" fbTx="284.2147984" lbTx="284.2148469" tId="1" fbRx="284.2148534" lbRx="0" />
<p fId="2" fbTx="284.2148558" lbTx="284.2149043" tId="0" fbRx="284.2149109" lbRx="0" />
<p fId="2" fbTx="284.2148558" lbTx="284.2149043" tId="0" fbRx="284.2149109" lbRx="0" />
<p fId="2" fbTx="284.2148558" lbTx="284.2149043" tId="1" fbRx="284.2149109" lbRx="0" />
<p fId="2" fbTx="284.2149212" lbTx="284.2149697" tId="0" fbRx="284.2149763" lbRx="0" />
<p fId="2" fbTx="284.2149212" lbTx="284.2149697" tId="0" fbRx="284.2149763" lbRx="0" />
<p fId="2" fbTx="284.2149212" lbTx="284.2149697" tId="1" fbRx="284.2149763" lbRx="0" />
<p fId="2" fbTx="284.2149847" lbTx="284.2150332" tId="0" fbRx="284.2150397" lbRx="0" />
<p fId="2" fbTx="284.2149847" lbTx="284.2150332" tId="0" fbRx="284.2150397" lbRx="0" />
<p fId="2" fbTx="284.2149847" lbTx="284.2150332" tId="1" fbRx="284.2150397" lbRx="0" />
<p fId="2" fbTx="284.2150421" lbTx="284.2150906" tId="0" fbRx="284.2150972" lbRx="0" />
<p fId="2" fbTx="284.2150421" lbTx="284.2150906" tId="0" fbRx="284.2150972" lbRx="0" />
<p fId="2" fbTx="284.2150421" lbTx="284.2150906" tId="1" fbRx="284.2150972" lbRx="0" />
<p fId="2" fbTx="284.2150976" lbTx="284.215146" tId="0" fbRx="284.2151526" lbRx="0" />
<p fId="2" fbTx="284.2150976" lbTx="284.215146" tId="0" fbRx="284.2151526" lbRx="0" />
<p fId="2" fbTx="284.2150976" lbTx="284.215146" tId="1" fbRx="284.2151526" lbRx="0" />
<p fId="2" fbTx="284.215155" lbTx="284.2152035" tId="0" fbRx="284.21521" lbRx="0" />
<p fId="2" fbTx="284.215155" lbTx="284.2152035" tId="0" fbRx="284.21521" lbRx="0" />
<p fId="2" fbTx="284.215155" lbTx="284.2152035" tId="1" fbRx="284.21521" lbRx="0" />
<p fId="2" fbTx="284.2152234" lbTx="284.2152719" tId="0" fbRx="284.2152785" lbRx="0" />
<p fId="2" fbTx="284.2152234" lbTx="284.2152719" tId="0" fbRx="284.2152785" lbRx="0" />
<p fId="2" fbTx="284.2152234" lbTx="284.2152719" tId="1" fbRx="284.2152785" lbRx="0" />
<p fId="2" fbTx="284.2152799" lbTx="284.2153284" tId="0" fbRx="284.2153349" lbRx="0" />
<p fId="2" fbTx="284.2152799" lbTx="284.2153284" tId="0" fbRx="284.2153349" lbRx="0" />
<p fId="2" fbTx="284.2152799" lbTx="284.2153284" tId="1" fbRx="284.2153349" lbRx="0" />
<p fId="2" fbTx="284.2153363" lbTx="284.2153848" tId="0" fbRx="284.2153914" lbRx="0" />
<p fId="2" fbTx="284.2153363" lbTx="284.2153848" tId="0" fbRx="284.2153914" lbRx="0" />
<p fId="2" fbTx="284.2153363" lbTx="284.2153848" tId="1" fbRx="284.2153914" lbRx="0" />
<p fId="2" fbTx="284.2153918" lbTx="284.2154402" tId="0" fbRx="284.2154468" lbRx="0" />
<p fId="2" fbTx="284.2153918" lbTx="284.2154402" tId="0" fbRx="284.2154468" lbRx="0" />
<p fId="2" fbTx="284.2153918" lbTx="284.2154402" tId="1" fbRx="284.2154468" lbRx="0" />
<p fId="2" fbTx="284.2154482" lbTx="284.2154967" tId="0" fbRx="284.2155032" lbRx="0" />
<p fId="2" fbTx="284.2154482" lbTx="284.2154967" tId="0" fbRx="284.2155032" lbRx="0" />
<p fId="2" fbTx="284.2154482" lbTx="284.2154967" tId="1" fbRx="284.2155032" lbRx="0" />
<p fId="2" fbTx="284.2155047" lbTx="284.2155531" tId="0" fbRx="284.2155597" lbRx="0" />
<p fId="2" fbTx="284.2155047" lbTx="284.2155531" tId="0" fbRx="284.2155597" lbRx="0" />
<p fId="2" fbTx="284.2155047" lbTx="284.2155531" tId="1" fbRx="284.2155597" lbRx="0" />
<p fId="2" fbTx="284.2155641" lbTx="284.2156126" tId="0" fbRx="284.2156191" lbRx="0" />
<p fId="2" fbTx="284.2155641" lbTx="284.2156126" tId="0" fbRx="284.2156191" lbRx="0" />
<p fId="2" fbTx="284.2155641" lbTx="284.2156126" tId="1" fbRx="284.2156191" lbRx="0" />
<p fId="2" fbTx="284.2156195" lbTx="284.215668" tId="0" fbRx="284.2156746" lbRx="0" />
<p fId="2" fbTx="284.2156195" lbTx="284.215668" tId="0" fbRx="284.2156746" lbRx="0" />
<p fId="2" fbTx="284.2156195" lbTx="284.215668" tId="1" fbRx="284.2156746" lbRx="0" />
<p fId="2" fbTx="284.215676" lbTx="284.2157244" tId="0" fbRx="284.215731" lbRx="0" />
<p fId="2" fbTx="284.215676" lbTx="284.2157244" tId="0" fbRx="284.215731" lbRx="0" />
<p fId="2" fbTx="284.215676" lbTx="284.2157244" tId="1" fbRx="284.215731" lbRx="0" />
<p fId="2" fbTx="284.2157334" lbTx="284.2157819" tId="0" fbRx="284.2157884" lbRx="0" />
<p fId="2" fbTx="284.2157334" lbTx="284.2157819" tId="0" fbRx="284.2157884" lbRx="0" />
<p fId="2" fbTx="284.2157334" lbTx="284.2157819" tId="1" fbRx="284.2157884" lbRx="0" />
<p fId="2" fbTx="284.2157909" lbTx="284.2158393" tId="0" fbRx="284.2158459" lbRx="0" />
<p fId="2" fbTx="284.2157909" lbTx="284.2158393" tId="0" fbRx="284.2158459" lbRx="0" />
<p fId="2" fbTx="284.2157909" lbTx="284.2158393" tId="1" fbRx="284.2158459" lbRx="0" />
<p fId="2" fbTx="284.2158483" lbTx="284.2158968" tId="0" fbRx="284.2159033" lbRx="0" />
<p fId="2" fbTx="284.2158483" lbTx="284.2158968" tId="0" fbRx="284.2159033" lbRx="0" />
<p fId="2" fbTx="284.2158483" lbTx="284.2158968" tId="1" fbRx="284.2159033" lbRx="0" />
<p fId="2" fbTx="284.2159047" lbTx="284.2159532" tId="0" fbRx="284.2159598" lbRx="0" />
<p fId="2" fbTx="284.2159047" lbTx="284.2159532" tId="0" fbRx="284.2159598" lbRx="0" />
<p fId="2" fbTx="284.2159047" lbTx="284.2159532" tId="1" fbRx="284.2159598" lbRx="0" />
<p fId="2" fbTx="284.2159612" lbTx="284.2160096" tId="0" fbRx="284.2160162" lbRx="0" />
<p fId="2" fbTx="284.2159612" lbTx="284.2160096" tId="0" fbRx="284.2160162" lbRx="0" />
<p fId="2" fbTx="284.2159612" lbTx="284.2160096" tId="1" fbRx="284.2160162" lbRx="0" />
<p fId="2" fbTx="284.2160186" lbTx="284.216042" tId="0" fbRx="284.2160485" lbRx="0" />
<p fId="2" fbTx="284.2160186" lbTx="284.216042" tId="0" fbRx="284.2160485" lbRx="0" />
<p fId="2" fbTx="284.2160186" lbTx="284.216042" tId="1" fbRx="284.2160485" lbRx="0" />
<p fId="0" fbTx="284.2161879" lbTx="284.2161935" tId="1" fbRx="284.2162001" lbRx="0" />
<p fId="0" fbTx="284.2161879" lbTx="284.2161935" tId="2" fbRx="284.2162001" lbRx="0" />
<p fId="0" fbTx="284.2161879" lbTx="284.2161935" tId="2" fbRx="284.2162001" lbRx="0" />
<p fId="0" fbTx="284.2162015" lbTx="284.2162071" tId="1" fbRx="284.2162136" lbRx="0" />
<p fId="0" fbTx="284.2162015" lbTx="284.2162071" tId="2" fbRx="284.2162136" lbRx="0" />
<p fId="0" fbTx="284.2162015" lbTx="284.2162071" tId="2" fbRx="284.2162136" lbRx="0" />
<p fId="0" fbTx="284.2162161" lbTx="284.2162217" tId="1" fbRx="284.2162282" lbRx="0" />
<p fId="0" fbTx="284.2162161" lbTx="284.2162217" tId="2" fbRx="284.2162282" lbRx="0" />
<p fId="0" fbTx="284.2162161" lbTx="284.2162217" tId="2" fbRx="284.2162282" lbRx="0" />
<p fId="0" fbTx="284.2162286" lbTx="284.2162342" tId="1" fbRx="284.2162408" lbRx="0" />
<p fId="0" fbTx="284.2162286" lbTx="284.2162342" tId="2" fbRx="284.2162408" lbRx="0" />
<p fId="0" fbTx="284.2162286" lbTx="284.2162342" tId="2" fbRx="284.2162408" lbRx="0" />
<p fId="0" fbTx="284.2162442" lbTx="284.2162498" tId="1" fbRx="284.2162563" lbRx="0" />
<p fId="0" fbTx="284.2162442" lbTx="284.2162498" tId="2" fbRx="284.2162563" lbRx="0" />
<p fId="0" fbTx="284.2162442" lbTx="284.2162498" tId="2" fbRx="284.2162563" lbRx="0" />
<p fId="0" fbTx="284.2162617" lbTx="284.2162673" tId="1" fbRx="284.2162739" lbRx="0" />
<p fId="0" fbTx="284.2162617" lbTx="284.2162673" tId="2" fbRx="284.2162739" lbRx="0" />
<p fId="0" fbTx="284.2162617" lbTx="284.2162673" tId="2" fbRx="284.2162739" lbRx="0" />
<p fId="0" fbTx="284.2162783" lbTx="284.2162839" tId="1" fbRx="284.2162904" lbRx="0" />
<p fId="0" fbTx="284.2162783" lbTx="284.2162839" tId="2" fbRx="284.2162904" lbRx="0" />
<p fId="0" fbTx="284.2162783" lbTx="284.2162839" tId="2" fbRx="284.2162904" lbRx="0" />
<p fId="0" fbTx="284.2162938" lbTx="284.2162995" tId="1" fbRx="284.216306" lbRx="0" />
<p fId="0" fbTx="284.2162938" lbTx="284.2162995" tId="2" fbRx="284.216306" lbRx="0" />
<p fId="0" fbTx="284.2162938" lbTx="284.2162995" tId="2" fbRx="284.216306" lbRx="0" />
<p fId="0" fbTx="284.2163074" lbTx="284.216313" tId="1" fbRx="284.2163196" lbRx="0" />
<p fId="0" fbTx="284.2163074" lbTx="284.216313" tId="2" fbRx="284.2163196" lbRx="0" />
<p fId="0" fbTx="284.2163074" lbTx="284.216313" tId="2" fbRx="284.2163196" lbRx="0" />
<p fId="0" fbTx="284.216324" lbTx="284.2163296" tId="1" fbRx="284.2163361" lbRx="0" />
<p fId="0" fbTx="284.216324" lbTx="284.2163296" tId="2" fbRx="284.2163361" lbRx="0" />
<p fId="0" fbTx="284.216324" lbTx="284.2163296" tId="2" fbRx="284.2163361" lbRx="0" />
<p fId="0" fbTx="284.2163445" lbTx="284.2163501" tId="1" fbRx="284.2163567" lbRx="0" />
<p fId="0" fbTx="284.2163445" lbTx="284.2163501" tId="2" fbRx="284.2163567" lbRx="0" />
<p fId="0" fbTx="284.2163445" lbTx="284.2163501" tId="2" fbRx="284.2163567" lbRx="0" />
<p fId="0" fbTx="284.2163601" lbTx="284.2163657" tId="1" fbRx="284.2163723" lbRx="0" />
<p fId="0" fbTx="284.2163601" lbTx="284.2163657" tId="2" fbRx="284.2163723" lbRx="0" />
<p fId="0" fbTx="284.2163601" lbTx="284.2163657" tId="2" fbRx="284.2163723" lbRx="0" />
<p fId="0" fbTx="284.2163797" lbTx="284.2163852" tId="1" fbRx="284.2163918" lbRx="0" />
<p fId="0" fbTx="284.2163797" lbTx="284.2163852" tId="2" fbRx="284.2163918" lbRx="0" />
<p fId="0" fbTx="284.2163797" lbTx="284.2163852" tId="2" fbRx="284.2163918" lbRx="0" />
<p fId="0" fbTx="284.2164022" lbTx="284.2164078" tId="1" fbRx="284.2164144" lbRx="0" />
<p fId="0" fbTx="284.2164022" lbTx="284.2164078" tId="2" fbRx="284.2164144" lbRx="0" />
<p fId="0" fbTx="284.2164022" lbTx="284.2164078" tId="2" fbRx="284.2164144" lbRx="0" />
<p fId="0" fbTx="284.2164228" lbTx="284.2164284" tId="1" fbRx="284.2164349" lbRx="0" />
<p fId="0" fbTx="284.2164228" lbTx="284.2164284" tId="2" fbRx="284.2164349" lbRx="0" />
<p fId="0" fbTx="284.2164228" lbTx="284.2164284" tId="2" fbRx="284.2164349" lbRx="0" />
<p fId="0" fbTx="284.2164393" lbTx="284.2164449" tId="1" fbRx="284.2164515" lbRx="0" />
<p fId="0" fbTx="284.2164393" lbTx="284.2164449" tId="2" fbRx="284.2164515" lbRx="0" />
<p fId="0" fbTx="284.2164393" lbTx="284.2164449" tId="2" fbRx="284.2164515" lbRx="0" />
<p fId="0" fbTx="284.2164529" lbTx="284.2164585" tId="1" fbRx="284.2164651" lbRx="0" />
<p fId="0" fbTx="284.2164529" lbTx="284.2164585" tId="2" fbRx="284.2164651" lbRx="0" />
<p fId="0" fbTx="284.2164529" lbTx="284.2164585" tId="2" fbRx="284.2164651" lbRx="0" />
<p fId="0" fbTx="284.2164684" lbTx="284.216474" tId="1" fbRx="284.2164806" lbRx="0" />
<p fId="0" fbTx="284.2164684" lbTx="284.216474" tId="2" fbRx="284.2164806" lbRx="0" />
<p fId="0" fbTx="284.2164684" lbTx="284.216474" tId="2" fbRx="284.2164806" lbRx="0" />
<p fId="0" fbTx="284.216481" lbTx="284.2164866" tId="1" fbRx="284.2164932" lbRx="0" />
<p fId="0" fbTx="284.216481" lbTx="284.2164866" tId="2" fbRx="284.2164932" lbRx="0" />
<p fId="0" fbTx="284.216481" lbTx="284.2164866" tId="2" fbRx="284.2164932" lbRx="0" />
<p fId="0" fbTx="284.2165056" lbTx="284.2165112" tId="1" fbRx="284.2165177" lbRx="0" />
<p fId="0" fbTx="284.2165056" lbTx="284.2165112" tId="2" fbRx="284.2165177" lbRx="0" />
<p fId="0" fbTx="284.2165056" lbTx="284.2165112" tId="2" fbRx="284.2165177" lbRx="0" />
<p fId="0" fbTx="284.2165281" lbTx="284.2165337" tId="1" fbRx="284.2165403" lbRx="0" />
<p fId="0" fbTx="284.2165281" lbTx="284.2165337" tId="2" fbRx="284.2165403" lbRx="0" />
<p fId="0" fbTx="284.2165281" lbTx="284.2165337" tId="2" fbRx="284.2165403" lbRx="0" />
<p fId="0" fbTx="284.2165417" lbTx="284.2165473" tId="1" fbRx="284.2165539" lbRx="0" />
<p fId="0" fbTx="284.2165417" lbTx="284.2165473" tId="2" fbRx="284.2165539" lbRx="0" />
<p fId="0" fbTx="284.2165417" lbTx="284.2165473" tId="2" fbRx="284.2165539" lbRx="0" />
<p fId="0" fbTx="284.2165652" lbTx="284.2165708" tId="1" fbRx="284.2165774" lbRx="0" />
<p fId="0" fbTx="284.2165652" lbTx="284.2165708" tId="2" fbRx="284.2165774" lbRx="0" />
<p fId="0" fbTx="284.2165652" lbTx="284.2165708" tId="2" fbRx="284.2165774" lbRx="0" />
<p fId="0" fbTx="284.2165798" lbTx="284.2165854" tId="1" fbRx="284.216592" lbRx="0" />
<p fId="0" fbTx="284.2165798" lbTx="284.2165854" tId="2" fbRx="284.216592" lbRx="0" />
<p fId="0" fbTx="284.2165798" lbTx="284.2165854" tId="2" fbRx="284.216592" lbRx="0" />
<p fId="0" fbTx="284.2166034" lbTx="284.216609" tId="1" fbRx="284.2166155" lbRx="0" />
<p fId="0" fbTx="284.2166034" lbTx="284.216609" tId="2" fbRx="284.2166155" lbRx="0" />
<p fId="0" fbTx="284.2166034" lbTx="284.216609" tId="2" fbRx="284.2166155" lbRx="0" />
<p fId="0" fbTx="284.2166189" lbTx="284.2166245" tId="1" fbRx="284.2166311" lbRx="0" />
<p fId="0" fbTx="284.2166189" lbTx="284.2166245" tId="2" fbRx="284.2166311" lbRx="0" />
<p fId="0" fbTx="284.2166189" lbTx="284.2166245" tId="2" fbRx="284.2166311" lbRx="0" />
<p fId="0" fbTx="284.2166345" lbTx="284.2166401" tId="1" fbRx="284.2166466" lbRx="0" />
<p fId="0" fbTx="284.2166345" lbTx="284.2166401" tId="2" fbRx="284.2166466" lbRx="0" />
<p fId="0" fbTx="284.2166345" lbTx="284.2166401" tId="2" fbRx="284.2166466" lbRx="0" />
<p fId="0" fbTx="284.21665" lbTx="284.2166557" tId="1" fbRx="284.2166622" lbRx="0" />
<p fId="0" fbTx="284.21665" lbTx="284.2166557" tId="2" fbRx="284.2166622" lbRx="0" />
<p fId="0" fbTx="284.21665" lbTx="284.2166557" tId="2" fbRx="284.2166622" lbRx="0" />
<p fId="0" fbTx="284.2166646" lbTx="284.2166702" tId="1" fbRx="284.2166768" lbRx="0" />
<p fId="0" fbTx="284.2166646" lbTx="284.2166702" tId="2" fbRx="284.2166768" lbRx="0" />
<p fId="0" fbTx="284.2166646" lbTx="284.2166702" tId="2" fbRx="284.2166768" lbRx="0" />
<p fId="0" fbTx="284.2166782" lbTx="284.2166838" tId="1" fbRx="284.2166903" lbRx="0" />
<p fId="0" fbTx="284.2166782" lbTx="284.2166838" tId="2" fbRx="284.2166903" lbRx="0" />
<p fId="0" fbTx="284.2166782" lbTx="284.2166838" tId="2" fbRx="284.2166903" lbRx="0" />
<p fId="0" fbTx="284.2167007" lbTx="284.2167063" tId="1" fbRx="284.2167129" lbRx="0" />
<p fId="0" fbTx="284.2167007" lbTx="284.2167063" tId="2" fbRx="284.2167129" lbRx="0" />
<p fId="0" fbTx="284.2167007" lbTx="284.2167063" tId="2" fbRx="284.2167129" lbRx="0" />
<p fId="0" fbTx="284.2167133" lbTx="284.2167189" tId="1" fbRx="284.2167255" lbRx="0" />
<p fId="0" fbTx="284.2167133" lbTx="284.2167189" tId="2" fbRx="284.2167255" lbRx="0" />
<p fId="0" fbTx="284.2167133" lbTx="284.2167189" tId="2" fbRx="284.2167255" lbRx="0" />
<p fId="0" fbTx="284.2167278" lbTx="284.2167334" tId="1" fbRx="284.21674" lbRx="0" />
<p fId="0" fbTx="284.2167278" lbTx="284.2167334" tId="2" fbRx="284.21674" lbRx="0" />
<p fId="0" fbTx="284.2167278" lbTx="284.2167334" tId="2" fbRx="284.21674" lbRx="0" />
<p fId="0" fbTx="284.2167434" lbTx="284.216749" tId="1" fbRx="284.2167556" lbRx="0" />
<p fId="0" fbTx="284.2167434" lbTx="284.216749" tId="2" fbRx="284.2167556" lbRx="0" />
<p fId="0" fbTx="284.2167434" lbTx="284.216749" tId="2" fbRx="284.2167556" lbRx="0" />
<p fId="0" fbTx="284.216759" lbTx="284.2167646" tId="1" fbRx="284.2167711" lbRx="0" />
<p fId="0" fbTx="284.216759" lbTx="284.2167646" tId="2" fbRx="284.2167711" lbRx="0" />
<p fId="0" fbTx="284.216759" lbTx="284.2167646" tId="2" fbRx="284.2167711" lbRx="0" />
<p fId="0" fbTx="284.2167765" lbTx="284.2167821" tId="1" fbRx="284.2167887" lbRx="0" />
<p fId="0" fbTx="284.2167765" lbTx="284.2167821" tId="2" fbRx="284.2167887" lbRx="0" />
<p fId="0" fbTx="284.2167765" lbTx="284.2167821" tId="2" fbRx="284.2167887" lbRx="0" />
<p fId="0" fbTx="284.2167911" lbTx="284.2167967" tId="1" fbRx="284.2168032" lbRx="0" />
<p fId="0" fbTx="284.2167911" lbTx="284.2167967" tId="2" fbRx="284.2168032" lbRx="0" />
<p fId="0" fbTx="284.2167911" lbTx="284.2167967" tId="2" fbRx="284.2168032" lbRx="0" />
<p fId="0" fbTx="284.2168137" lbTx="284.2168193" tId="1" fbRx="284.2168258" lbRx="0" />
<p fId="0" fbTx="284.2168137" lbTx="284.2168193" tId="2" fbRx="284.2168258" lbRx="0" />
<p fId="0" fbTx="284.2168137" lbTx="284.2168193" tId="2" fbRx="284.2168258" lbRx="0" />
<p fId="0" fbTx="284.2168262" lbTx="284.2168318" tId="1" fbRx="284.2168384" lbRx="0" />
<p fId="0" fbTx="284.2168262" lbTx="284.2168318" tId="2" fbRx="284.2168384" lbRx="0" />
<p fId="0" fbTx="284.2168262" lbTx="284.2168318" tId="2" fbRx="284.2168384" lbRx="0" />
<p fId="0" fbTx="284.2168408" lbTx="284.2168464" tId="1" fbRx="284.2168529" lbRx="0" />
<p fId="0" fbTx="284.2168408" lbTx="284.2168464" tId="2" fbRx="284.2168529" lbRx="0" />
<p fId="0" fbTx="284.2168408" lbTx="284.2168464" tId="2" fbRx="284.2168529" lbRx="0" />
<p fId="0" fbTx="284.2168533" lbTx="284.2168589" tId="1" fbRx="284.2168655" lbRx="0" />
<p fId="0" fbTx="284.2168533" lbTx="284.2168589" tId="2" fbRx="284.2168655" lbRx="0" />
<p fId="0" fbTx="284.2168533" lbTx="284.2168589" tId="2" fbRx="284.2168655" lbRx="0" />
<p fId="0" fbTx="284.2168669" lbTx="284.2168725" tId="1" fbRx="284.216879" lbRx="0" />
<p fId="0" fbTx="284.2168669" lbTx="284.2168725" tId="2" fbRx="284.216879" lbRx="0" />
<p fId="0" fbTx="284.2168669" lbTx="284.2168725" tId="2" fbRx="284.216879" lbRx="0" />
<p fId="0" fbTx="284.2168815" lbTx="284.2168871" tId="1" fbRx="284.2168936" lbRx="0" />
<p fId="0" fbTx="284.2168815" lbTx="284.2168871" tId="2" fbRx="284.2168936" lbRx="0" />
<p fId="0" fbTx="284.2168815" lbTx="284.2168871" tId="2" fbRx="284.2168936" lbRx="0" />
<p fId="0" fbTx="284.216905" lbTx="284.2169106" tId="1" fbRx="284.2169172" lbRx="0" />
<p fId="0" fbTx="284.216905" lbTx="284.2169106" tId="2" fbRx="284.2169172" lbRx="0" />
<p fId="0" fbTx="284.216905" lbTx="284.2169106" tId="2" fbRx="284.2169172" lbRx="0" />
<p fId="0" fbTx="284.2169176" lbTx="284.2169232" tId="1" fbRx="284.2169297" lbRx="0" />
<p fId="0" fbTx="284.2169176" lbTx="284.2169232" tId="2" fbRx="284.2169297" lbRx="0" />
<p fId="0" fbTx="284.2169176" lbTx="284.2169232" tId="2" fbRx="284.2169297" lbRx="0" />
<p fId="0" fbTx="284.2169311" lbTx="284.2169647" tId="1" fbRx="284.2169713" lbRx="0" />
<p fId="0" fbTx="284.2169311" lbTx="284.2169647" tId="2" fbRx="284.2169713" lbRx="0" />
<p fId="0" fbTx="284.2169311" lbTx="284.2169647" tId="2" fbRx="284.2169713" lbRx="0" />
<p fId="2" fbTx="284.2169713" lbTx="284.2170181" tId="0" fbRx="284.2170247" lbRx="0" />
<p fId="2" fbTx="284.2169713" lbTx="284.2170181" tId="0" fbRx="284.2170247" lbRx="0" />
<p fId="2" fbTx="284.2169713" lbTx="284.2170181" tId="1" fbRx="284.2170247" lbRx="0" />
<p fId="0" fbTx="284.4170247" lbTx="284.4170303" tId="1" fbRx="284.4170368" lbRx="0" />
<p fId="0" fbTx="284.4170247" lbTx="284.4170303" tId="2" fbRx="284.4170368" lbRx="0" />
<p fId="0" fbTx="284.4170247" lbTx="284.4170303" tId="2" fbRx="284.4170368" lbRx="0" />
<p fId="0" fbTx="296.786385" lbTx="296.7864186" tId="1" fbRx="296.7864251" lbRx="0" />
<p fId="0" fbTx="296.786385" lbTx="296.7864186" tId="2" fbRx="296.7864251" lbRx="0" />
<p fId="0" fbTx="296.786385" lbTx="296.7864186" tId="2" fbRx="296.7864251" lbRx="0" />
<p fId="2" fbTx="296.7864251" lbTx="296.7864736" tId="0" fbRx="296.7864802" lbRx="0" />
<p fId="2" fbTx="296.7864251" lbTx="296.7864736" tId="0" fbRx="296.7864802" lbRx="0" />
<p fId="2" fbTx="296.7864251" lbTx="296.7864736" tId="1" fbRx="296.7864802" lbRx="0" />
<p fId="2" fbTx="296.7864806" lbTx="296.786529" tId="0" fbRx="296.7865356" lbRx="0" />
<p fId="2" fbTx="296.7864806" lbTx="296.786529" tId="0" fbRx="296.7865356" lbRx="0" />
<p fId="2" fbTx="296.7864806" lbTx="296.786529" tId="1" fbRx="296.7865356" lbRx="0" />
<p fId="2" fbTx="296.786536" lbTx="296.7865845" tId="0" fbRx="296.786591" lbRx="0" />
<p fId="2" fbTx="296.786536" lbTx="296.7865845" tId="0" fbRx="296.786591" lbRx="0" />
<p fId="2" fbTx="296.786536" lbTx="296.7865845" tId="1" fbRx="296.786591" lbRx="0" />
<p fId="2" fbTx="296.7865924" lbTx="296.7866409" tId="0" fbRx="296.7866475" lbRx="0" />
<p fId="2" fbTx="296.7865924" lbTx="296.7866409" tId="0" fbRx="296.7866475" lbRx="0" />
<p fId="2" fbTx="296.7865924" lbTx="296.7866409" tId="1" fbRx="296.7866475" lbRx="0" />
<p fId="2" fbTx="296.7866489" lbTx="296.7866974" tId="0" fbRx="296.7867039" lbRx="0" />
<p fId="2" fbTx="296.7866489" lbTx="296.7866974" tId="0" fbRx="296.7867039" lbRx="0" />
<p fId="2" fbTx="296.7866489" lbTx="296.7866974" tId="1" fbRx="296.7867039" lbRx="0" />
<p fId="2" fbTx="296.7867063" lbTx="296.7867548" tId="0" fbRx="296.7867614" lbRx="0" />
<p fId="2" fbTx="296.7867063" lbTx="296.7867548" tId="0" fbRx="296.7867614" lbRx="0" />
<p fId="2" fbTx="296.7867063" lbTx="296.7867548" tId="1" fbRx="296.7867614" lbRx="0" />
<p fId="0" fbTx="296.7867646" lbTx="296.7867702" tId="1" fbRx="296.7867768" lbRx="0" />
<p fId="0" fbTx="296.7867646" lbTx="296.7867702" tId="2" fbRx="296.7867768" lbRx="0" />
<p fId="0" fbTx="296.7867646" lbTx="296.7867702" tId="2" fbRx="296.7867768" lbRx="0" />
<p fId="0" fbTx="296.7867772" lbTx="296.7867828" tId="1" fbRx="296.7867893" lbRx="0" />
<p fId="0" fbTx="296.7867772" lbTx="296.7867828" tId="2" fbRx="296.7867893" lbRx="0" />
<p fId="0" fbTx="296.7867772" lbTx="296.7867828" tId="2" fbRx="296.7867893" lbRx="0" />
<p fId="0" fbTx="296.7867897" lbTx="296.7867953" tId="1" fbRx="296.7868019" lbRx="0" />
<p fId="0" fbTx="296.7867897" lbTx="296.7867953" tId="2" fbRx="296.7868019" lbRx="0" />
<p fId="0" fbTx="296.7867897" lbTx="296.7867953" tId="2" fbRx="296.7868019" lbRx="0" />
<p fId="2" fbTx="296.7868168" lbTx="296.7868652" tId="0" fbRx="296.7868718" lbRx="0" />
<p fId="2" fbTx="296.7868168" lbTx="296.7868652" tId="0" fbRx="296.7868718" lbRx="0" />
<p fId="2" fbTx="296.7868168" lbTx="296.7868652" tId="1" fbRx="296.7868718" lbRx="0" />
<p fId="2" fbTx="296.7868722" lbTx="296.7869207" tId="0" fbRx="296.7869272" lbRx="0" />
<p fId="2" fbTx="296.7868722" lbTx="296.7869207" tId="0" fbRx="296.7869272" lbRx="0" />
<p fId="2" fbTx="296.7868722" lbTx="296.7869207" tId="1" fbRx="296.7869272" lbRx="0" />
<p fId="0" fbTx="296.7869282" lbTx="296.7869338" tId="1" fbRx="296.7869404" lbRx="0" />
<p fId="0" fbTx="296.7869282" lbTx="296.7869338" tId="2" fbRx="296.7869404" lbRx="0" />
<p fId="0" fbTx="296.7869282" lbTx="296.7869338" tId="2" fbRx="296.7869404" lbRx="0" />
<p fId="2" fbTx="296.7869466" lbTx="296.7869951" tId="0" fbRx="296.7870017" lbRx="0" />
<p fId="2" fbTx="296.7869466" lbTx="296.7869951" tId="0" fbRx="296.7870017" lbRx="0" />
<p fId="2" fbTx="296.7869466" lbTx="296.7869951" tId="1" fbRx="296.7870017" lbRx="0" />
<p fId="2" fbTx="296.7870031" lbTx="296.7870516" tId="0" fbRx="296.7870581" lbRx="0" />
<p fId="2" fbTx="296.7870031" lbTx="296.7870516" tId="0" fbRx="296.7870581" lbRx="0" />
<p fId="2" fbTx="296.7870031" lbTx="296.7870516" tId="1" fbRx="296.7870581" lbRx="0" />
<p fId="2" fbTx="296.7870585" lbTx="296.787107" tId="0" fbRx="296.7871136" lbRx="0" />
<p fId="2" fbTx="296.7870585" lbTx="296.787107" tId="0" fbRx="296.7871136" lbRx="0" />
<p fId="2" fbTx="296.7870585" lbTx="296.787107" tId="1" fbRx="296.7871136" lbRx="0" />
<p fId="2" fbTx="296.787116" lbTx="296.7871644" tId="0" fbRx="296.787171" lbRx="0" />
<p fId="2" fbTx="296.787116" lbTx="296.7871644" tId="0" fbRx="296.787171" lbRx="0" />
<p fId="2" fbTx="296.787116" lbTx="296.7871644" tId="1" fbRx="296.787171" lbRx="0" />
<p fId="2" fbTx="296.7871734" lbTx="296.7872219" tId="0" fbRx="296.7872284" lbRx="0" />
<p fId="2" fbTx="296.7871734" lbTx="296.7872219" tId="0" fbRx="296.7872284" lbRx="0" />
<p fId="2" fbTx="296.7871734" lbTx="296.7872219" tId="1" fbRx="296.7872284" lbRx="0" />
<p fId="2" fbTx="296.7872358" lbTx="296.7872843" tId="0" fbRx="296.7872909" lbRx="0" />
<p fId="2" fbTx="296.7872358" lbTx="296.7872843" tId="0" fbRx="296.7872909" lbRx="0" />
<p fId="2" fbTx="296.7872358" lbTx="296.7872843" tId="1" fbRx="296.7872909" lbRx="0" />
<p fId="2" fbTx="296.7872913" lbTx="296.7873398" tId="0" fbRx="296.7873463" lbRx="0" />
<p fId="2" fbTx="296.7872913" lbTx="296.7873398" tId="0" fbRx="296.7873463" lbRx="0" />
<p fId="2" fbTx="296.7872913" lbTx="296.7873398" tId="1" fbRx="296.7873463" lbRx="0" />
<p fId="2" fbTx="296.7873567" lbTx="296.7874052" tId="0" fbRx="296.7874118" lbRx="0" />
<p fId="2" fbTx="296.7873567" lbTx="296.7874052" tId="0" fbRx="296.7874118" lbRx="0" />
<p fId="2" fbTx="296.7873567" lbTx="296.7874052" tId="1" fbRx="296.7874118" lbRx="0" />
<p fId="2" fbTx="296.7874142" lbTx="296.7874626" tId="0" fbRx="296.7874692" lbRx="0" />
<p fId="2" fbTx="296.7874142" lbTx="296.7874626" tId="0" fbRx="296.7874692" lbRx="0" />
<p fId="2" fbTx="296.7874142" lbTx="296.7874626" tId="1" fbRx="296.7874692" lbRx="0" />
<p fId="2" fbTx="296.7874706" lbTx="296.7875191" tId="0" fbRx="296.7875256" lbRx="0" />
<p fId="2" fbTx="296.7874706" lbTx="296.7875191" tId="0" fbRx="296.7875256" lbRx="0" />
<p fId="2" fbTx="296.7874706" lbTx="296.7875191" tId="1" fbRx="296.7875256" lbRx="0" />
<p fId="2" fbTx="296.787535" lbTx="296.7875835" tId="0" fbRx="296.7875901" lbRx="0" />
<p fId="2" fbTx="296.787535" lbTx="296.7875835" tId="0" fbRx="296.7875901" lbRx="0" />
<p fId="2" fbTx="296.787535" lbTx="296.7875835" tId="1" fbRx="296.7875901" lbRx="0" />
<p fId="2" fbTx="296.7875955" lbTx="296.787644" tId="0" fbRx="296.7876505" lbRx="0" />
<p fId="2" fbTx="296.7875955" lbTx="296.787644" tId="0" fbRx="296.7876505" lbRx="0" />
<p fId="2" fbTx="296.7875955" lbTx="296.787644" tId="1" fbRx="296.7876505" lbRx="0" />
<p fId="2" fbTx="296.7876549" lbTx="296.7877034" tId="0" fbRx="296.78771" lbRx="0" />
<p fId="2" fbTx="296.7876549" lbTx="296.7877034" tId="0" fbRx="296.78771" lbRx="0" />
<p fId="2" fbTx="296.7876549" lbTx="296.7877034" tId="1" fbRx="296.78771" lbRx="0" />
<p fId="2" fbTx="296.7877114" lbTx="296.7877598" tId="0" fbRx="296.7877664" lbRx="0" />
<p fId="2" fbTx="296.7877114" lbTx="296.7877598" tId="0" fbRx="296.7877664" lbRx="0" />
<p fId="2" fbTx="296.7877114" lbTx="296.7877598" tId="1" fbRx="296.7877664" lbRx="0" />
<p fId="2" fbTx="296.7877668" lbTx="296.7878153" tId="0" fbRx="296.7878218" lbRx="0" />
<p fId="2" fbTx="296.7877668" lbTx="296.7878153" tId="0" fbRx="296.7878218" lbRx="0" />
<p fId="2" fbTx="296.7877668" lbTx="296.7878153" tId="1" fbRx="296.7878218" lbRx="0" />
<p fId="2" fbTx="296.7878242" lbTx="296.7878727" tId="0" fbRx="296.7878793" lbRx="0" />
<p fId="2" fbTx="296.7878242" lbTx="296.7878727" tId="0" fbRx="296.7878793" lbRx="0" />
<p fId="2" fbTx="296.7878242" lbTx="296.7878727" tId="1" fbRx="296.7878793" lbRx="0" />
<p fId="2" fbTx="296.7878797" lbTx="296.7879282" tId="0" fbRx="296.7879347" lbRx="0" />
<p fId="2" fbTx="296.7878797" lbTx="296.7879282" tId="0" fbRx="296.7879347" lbRx="0" />
<p fId="2" fbTx="296.7878797" lbTx="296.7879282" tId="1" fbRx="296.7879347" lbRx="0" />
<p fId="2" fbTx="296.7879351" lbTx="296.7879836" tId="0" fbRx="296.7879902" lbRx="0" />
<p fId="2" fbTx="296.7879351" lbTx="296.7879836" tId="0" fbRx="296.7879902" lbRx="0" />
<p fId="2" fbTx="296.7879351" lbTx="296.7879836" tId="1" fbRx="296.7879902" lbRx="0" />
<p fId="2" fbTx="296.7879906" lbTx="296.788039" tId="0" fbRx="296.7880456" lbRx="0" />
<p fId="2" fbTx="296.7879906" lbTx="296.788039" tId="0" fbRx="296.7880456" lbRx="0" />
<p fId="2" fbTx="296.7879906" lbTx="296.788039" tId="1" fbRx="296.7880456" lbRx="0" />
<p fId="2" fbTx="296.788051" lbTx="296.7880995" tId="0" fbRx="296.788106" lbRx="0" />
<p fId="2" fbTx="296.788051" lbTx="296.7880995" tId="0" fbRx="296.788106" lbRx="0" />
<p fId="2" fbTx="296.788051" lbTx="296.7880995" tId="1" fbRx="296.788106" lbRx="0" />
<p fId="2" fbTx="296.7881064" lbTx="296.7881549" tId="0" fbRx="296.7881615" lbRx="0" />
<p fId="2" fbTx="296.7881064" lbTx="296.7881549" tId="0" fbRx="296.7881615" lbRx="0" />
<p fId="2" fbTx="296.7881064" lbTx="296.7881549" tId="1" fbRx="296.7881615" lbRx="0" />
<p fId="2" fbTx="296.7881619" lbTx="296.7882104" tId="0" fbRx="296.7882169" lbRx="0" />
<p fId="2" fbTx="296.7881619" lbTx="296.7882104" tId="0" fbRx="296.7882169" lbRx="0" />
<p fId="2" fbTx="296.7881619" lbTx="296.7882104" tId="1" fbRx="296.7882169" lbRx="0" />
<p fId="2" fbTx="296.7882193" lbTx="296.7882678" tId="0" fbRx="296.7882744" lbRx="0" />
<p fId="2" fbTx="296.7882193" lbTx="296.7882678" tId="0" fbRx="296.7882744" lbRx="0" />
<p fId="2" fbTx="296.7882193" lbTx="296.7882678" tId="1" fbRx="296.7882744" lbRx="0" />
<p fId="2" fbTx="296.7882758" lbTx="296.7883242" tId="0" fbRx="296.7883308" lbRx="0" />
<p fId="2" fbTx="296.7882758" lbTx="296.7883242" tId="0" fbRx="296.7883308" lbRx="0" />
<p fId="2" fbTx="296.7882758" lbTx="296.7883242" tId="1" fbRx="296.7883308" lbRx="0" />
<p fId="2" fbTx="296.7883322" lbTx="296.7883807" tId="0" fbRx="296.7883872" lbRx="0" />
<p fId="2" fbTx="296.7883322" lbTx="296.7883807" tId="0" fbRx="296.7883872" lbRx="0" />
<p fId="2" fbTx="296.7883322" lbTx="296.7883807" tId="1" fbRx="296.7883872" lbRx="0" />
<p fId="2" fbTx="296.7884106" lbTx="296.7884591" tId="0" fbRx="296.7884657" lbRx="0" />
<p fId="2" fbTx="296.7884106" lbTx="296.7884591" tId="0" fbRx="296.7884657" lbRx="0" />
<p fId="2" fbTx="296.7884106" lbTx="296.7884591" tId="1" fbRx="296.7884657" lbRx="0" />
<p fId="2" fbTx="296.7884711" lbTx="296.7885196" tId="0" fbRx="296.7885261" lbRx="0" />
<p fId="2" fbTx="296.7884711" lbTx="296.7885196" tId="0" fbRx="296.7885261" lbRx="0" />
<p fId="2" fbTx="296.7884711" lbTx="296.7885196" tId="1" fbRx="296.7885261" lbRx="0" />
<p fId="2" fbTx="296.7885275" lbTx="296.788576" tId="0" fbRx="296.7885826" lbRx="0" />
<p fId="2" fbTx="296.7885275" lbTx="296.788576" tId="0" fbRx="296.7885826" lbRx="0" />
<p fId="2" fbTx="296.7885275" lbTx="296.788576" tId="1" fbRx="296.7885826" lbRx="0" />
<p fId="2" fbTx="296.788589" lbTx="296.7886374" tId="0" fbRx="296.788644" lbRx="0" />
<p fId="2" fbTx="296.788589" lbTx="296.7886374" tId="0" fbRx="296.788644" lbRx="0" />
<p fId="2" fbTx="296.788589" lbTx="296.7886374" tId="1" fbRx="296.788644" lbRx="0" />
<p fId="2" fbTx="296.7886494" lbTx="296.7886979" tId="0" fbRx="296.7887044" lbRx="0" />
<p fId="2" fbTx="296.7886494" lbTx="296.7886979" tId="0" fbRx="296.7887044" lbRx="0" />
<p fId="2" fbTx="296.7886494" lbTx="296.7886979" tId="1" fbRx="296.7887044" lbRx="0" />
<p fId="2" fbTx="296.7887088" lbTx="296.7887573" tId="0" fbRx="296.7887639" lbRx="0" />
<p fId="2" fbTx="296.7887088" lbTx="296.7887573" tId="0" fbRx="296.7887639" lbRx="0" />
<p fId="2" fbTx="296.7887088" lbTx="296.7887573" tId="1" fbRx="296.7887639" lbRx="0" />
<p fId="2" fbTx="296.7887643" lbTx="296.7888128" tId="0" fbRx="296.7888193" lbRx="0" />
<p fId="2" fbTx="296.7887643" lbTx="296.7888128" tId="0" fbRx="296.7888193" lbRx="0" />
<p fId="2" fbTx="296.7887643" lbTx="296.7888128" tId="1" fbRx="296.7888193" lbRx="0" />
<p fId="2" fbTx="296.7888227" lbTx="296.7888712" tId="0" fbRx="296.7888778" lbRx="0" />
<p fId="2" fbTx="296.7888227" lbTx="296.7888712" tId="0" fbRx="296.7888778" lbRx="0" />
<p fId="2" fbTx="296.7888227" lbTx="296.7888712" tId="1" fbRx="296.7888778" lbRx="0" />
<p fId="2" fbTx="296.7888782" lbTx="296.7889266" tId="0" fbRx="296.7889332" lbRx="0" />
<p fId="2" fbTx="296.7888782" lbTx="296.7889266" tId="0" fbRx="296.7889332" lbRx="0" />
<p fId="2" fbTx="296.7888782" lbTx="296.7889266" tId="1" fbRx="296.7889332" lbRx="0" />
<p fId="2" fbTx="296.7889366" lbTx="296.7889851" tId="0" fbRx="296.7889916" lbRx="0" />
<p fId="2" fbTx="296.7889366" lbTx="296.7889851" tId="0" fbRx="296.7889916" lbRx="0" />
<p fId="2" fbTx="296.7889366" lbTx="296.7889851" tId="1" fbRx="296.7889916" lbRx="0" />
<p fId="2" fbTx="296.788997" lbTx="296.7890455" tId="0" fbRx="296.7890521" lbRx="0" />
<p fId="2" fbTx="296.788997" lbTx="296.7890455" tId="0" fbRx="296.7890521" lbRx="0" />
<p fId="2" fbTx="296.788997" lbTx="296.7890455" tId="1" fbRx="296.7890521" lbRx="0" />
<p fId="2" fbTx="296.7890635" lbTx="296.789112" tId="0" fbRx="296.7891185" lbRx="0" />
<p fId="2" fbTx="296.7890635" lbTx="296.789112" tId="0" fbRx="296.7891185" lbRx="0" />
<p fId="2" fbTx="296.7890635" lbTx="296.789112" tId="1" fbRx="296.7891185" lbRx="0" />
<p fId="2" fbTx="296.7891259" lbTx="296.7891744" tId="0" fbRx="296.789181" lbRx="0" />
<p fId="2" fbTx="296.7891259" lbTx="296.7891744" tId="0" fbRx="296.789181" lbRx="0" />
<p fId="2" fbTx="296.7891259" lbTx="296.7891744" tId="1" fbRx="296.789181" lbRx="0" />
<p fId="2" fbTx="296.7891844" lbTx="296.7892328" tId="0" fbRx="296.7892394" lbRx="0" />
<p fId="2" fbTx="296.7891844" lbTx="296.7892328" tId="0" fbRx="296.7892394" lbRx="0" />
<p fId="2" fbTx="296.7891844" lbTx="296.7892328" tId="1" fbRx="296.7892394" lbRx="0" />
<p fId="2" fbTx="296.7892398" lbTx="296.7892883" tId="0" fbRx="296.7892948" lbRx="0" />
<p fId="2" fbTx="296.7892398" lbTx="296.7892883" tId="0" fbRx="296.7892948" lbRx="0" />
<p fId="2" fbTx="296.7892398" lbTx="296.7892883" tId="1" fbRx="296.7892948" lbRx="0" />
<p fId="2" fbTx="296.7892982" lbTx="296.7893467" tId="0" fbRx="296.7893533" lbRx="0" />
<p fId="2" fbTx="296.7892982" lbTx="296.7893467" tId="0" fbRx="296.7893533" lbRx="0" />
<p fId="2" fbTx="296.7892982" lbTx="296.7893467" tId="1" fbRx="296.7893533" lbRx="0" />
<p fId="2" fbTx="296.7893557" lbTx="296.7894042" tId="0" fbRx="296.7894107" lbRx="0" />
<p fId="2" fbTx="296.7893557" lbTx="296.7894042" tId="0" fbRx="296.7894107" lbRx="0" />
<p fId="2" fbTx="296.7893557" lbTx="296.7894042" tId="1" fbRx="296.7894107" lbRx="0" />
<p fId="2" fbTx="296.7894141" lbTx="296.7894626" tId="0" fbRx="296.7894692" lbRx="0" />
<p fId="2" fbTx="296.7894141" lbTx="296.7894626" tId="0" fbRx="296.7894692" lbRx="0" />
<p fId="2" fbTx="296.7894141" lbTx="296.7894626" tId="1" fbRx="296.7894692" lbRx="0" />
<p fId="2" fbTx="296.7894696" lbTx="296.789518" tId="0" fbRx="296.7895246" lbRx="0" />
<p fId="2" fbTx="296.7894696" lbTx="296.789518" tId="0" fbRx="296.7895246" lbRx="0" />
<p fId="2" fbTx="296.7894696" lbTx="296.789518" tId="1" fbRx="296.7895246" lbRx="0" />
<p fId="2" fbTx="296.789526" lbTx="296.7895745" tId="0" fbRx="296.789581" lbRx="0" />
<p fId="2" fbTx="296.789526" lbTx="296.7895745" tId="0" fbRx="296.789581" lbRx="0" />
<p fId="2" fbTx="296.789526" lbTx="296.7895745" tId="1" fbRx="296.789581" lbRx="0" />
<p fId="2" fbTx="296.7895884" lbTx="296.7896369" tId="0" fbRx="296.7896435" lbRx="0" />
<p fId="2" fbTx="296.7895884" lbTx="296.7896369" tId="0" fbRx="296.7896435" lbRx="0" />
<p fId="2" fbTx="296.7895884" lbTx="296.7896369" tId="1" fbRx="296.7896435" lbRx="0" />
<p fId="2" fbTx="296.7896459" lbTx="296.7896944" tId="0" fbRx="296.7897009" lbRx="0" />
<p fId="2" fbTx="296.7896459" lbTx="296.7896944" tId="0" fbRx="296.7897009" lbRx="0" />
<p fId="2" fbTx="296.7896459" lbTx="296.7896944" tId="1" fbRx="296.7897009" lbRx="0" />
<p fId="2" fbTx="296.7897183" lbTx="296.7897668" tId="0" fbRx="296.7897734" lbRx="0" />
<p fId="2" fbTx="296.7897183" lbTx="296.7897668" tId="0" fbRx="296.7897734" lbRx="0" />
<p fId="2" fbTx="296.7897183" lbTx="296.7897668" tId="1" fbRx="296.7897734" lbRx="0" />
<p fId="2" fbTx="296.7897748" lbTx="296.7898232" tId="0" fbRx="296.7898298" lbRx="0" />
<p fId="2" fbTx="296.7897748" lbTx="296.7898232" tId="0" fbRx="296.7898298" lbRx="0" />
<p fId="2" fbTx="296.7897748" lbTx="296.7898232" tId="1" fbRx="296.7898298" lbRx="0" />
<p fId="2" fbTx="296.7898322" lbTx="296.7898807" tId="0" fbRx="296.7898872" lbRx="0" />
<p fId="2" fbTx="296.7898322" lbTx="296.7898807" tId="0" fbRx="296.7898872" lbRx="0" />
<p fId="2" fbTx="296.7898322" lbTx="296.7898807" tId="1" fbRx="296.7898872" lbRx="0" />
<p fId="2" fbTx="296.7898956" lbTx="296.7899441" tId="0" fbRx="296.7899507" lbRx="0" />
<p fId="2" fbTx="296.7898956" lbTx="296.7899441" tId="0" fbRx="296.7899507" lbRx="0" />
<p fId="2" fbTx="296.7898956" lbTx="296.7899441" tId="1" fbRx="296.7899507" lbRx="0" />
<p fId="2" fbTx="296.7899581" lbTx="296.7900066" tId="0" fbRx="296.7900131" lbRx="0" />
<p fId="2" fbTx="296.7899581" lbTx="296.7900066" tId="0" fbRx="296.7900131" lbRx="0" />
<p fId="2" fbTx="296.7899581" lbTx="296.7900066" tId="1" fbRx="296.7900131" lbRx="0" />
<p fId="2" fbTx="296.7900135" lbTx="296.790062" tId="0" fbRx="296.7900686" lbRx="0" />
<p fId="2" fbTx="296.7900135" lbTx="296.790062" tId="0" fbRx="296.7900686" lbRx="0" />
<p fId="2" fbTx="296.7900135" lbTx="296.790062" tId="1" fbRx="296.7900686" lbRx="0" />
<p fId="2" fbTx="296.790069" lbTx="296.7901174" tId="0" fbRx="296.790124" lbRx="0" />
<p fId="2" fbTx="296.790069" lbTx="296.7901174" tId="0" fbRx="296.790124" lbRx="0" />
<p fId="2" fbTx="296.790069" lbTx="296.7901174" tId="1" fbRx="296.790124" lbRx="0" />
<p fId="2" fbTx="296.7901264" lbTx="296.7901749" tId="0" fbRx="296.7901814" lbRx="0" />
<p fId="2" fbTx="296.7901264" lbTx="296.7901749" tId="0" fbRx="296.7901814" lbRx="0" />
<p fId="2" fbTx="296.7901264" lbTx="296.7901749" tId="1" fbRx="296.7901814" lbRx="0" />
<p fId="2" fbTx="296.7901818" lbTx="296.7902303" tId="0" fbRx="296.7902369" lbRx="0" />
<p fId="2" fbTx="296.7901818" lbTx="296.7902303" tId="0" fbRx="296.7902369" lbRx="0" />
<p fId="2" fbTx="296.7901818" lbTx="296.7902303" tId="1" fbRx="296.7902369" lbRx="0" />
<p fId="2" fbTx="296.7902393" lbTx="296.7902878" tId="0" fbRx="296.7902943" lbRx="0" />
<p fId="2" fbTx="296.7902393" lbTx="296.7902878" tId="0" fbRx="296.7902943" lbRx="0" />
<p fId="2" fbTx="296.7902393" lbTx="296.7902878" tId="1" fbRx="296.7902943" lbRx="0" />
<p fId="2" fbTx="296.7902997" lbTx="296.7903482" tId="0" fbRx="296.7903548" lbRx="0" />
<p fId="2" fbTx="296.7902997" lbTx="296.7903482" tId="0" fbRx="296.7903548" lbRx="0" />
<p fId="2" fbTx="296.7902997" lbTx="296.7903482" tId="1" fbRx="296.7903548" lbRx="0" />
<p fId="2" fbTx="296.7903582" lbTx="296.7904066" tId="0" fbRx="296.7904132" lbRx="0" />
<p fId="2" fbTx="296.7903582" lbTx="296.7904066" tId="0" fbRx="296.7904132" lbRx="0" />
<p fId="2" fbTx="296.7903582" lbTx="296.7904066" tId="1" fbRx="296.7904132" lbRx="0" />
<p fId="2" fbTx="296.7904146" lbTx="296.7904631" tId="0" fbRx="296.7904696" lbRx="0" />
<p fId="2" fbTx="296.7904146" lbTx="296.7904631" tId="0" fbRx="296.7904696" lbRx="0" />
<p fId="2" fbTx="296.7904146" lbTx="296.7904631" tId="1" fbRx="296.7904696" lbRx="0" />
<p fId="2" fbTx="296.790471" lbTx="296.7905195" tId="0" fbRx="296.7905261" lbRx="0" />
<p fId="2" fbTx="296.790471" lbTx="296.7905195" tId="0" fbRx="296.7905261" lbRx="0" />
<p fId="2" fbTx="296.790471" lbTx="296.7905195" tId="1" fbRx="296.7905261" lbRx="0" />
<p fId="2" fbTx="296.7905295" lbTx="296.790578" tId="0" fbRx="296.7905845" lbRx="0" />
<p fId="2" fbTx="296.7905295" lbTx="296.790578" tId="0" fbRx="296.7905845" lbRx="0" />
<p fId="2" fbTx="296.7905295" lbTx="296.790578" tId="1" fbRx="296.7905845" lbRx="0" />
<p fId="2" fbTx="296.7905849" lbTx="296.7906334" tId="0" fbRx="296.79064" lbRx="0" />
<p fId="2" fbTx="296.7905849" lbTx="296.7906334" tId="0" fbRx="296.79064" lbRx="0" />
<p fId="2" fbTx="296.7905849" lbTx="296.7906334" tId="1" fbRx="296.79064" lbRx="0" />
<p fId="2" fbTx="296.7906424" lbTx="296.7906908" tId="0" fbRx="296.7906974" lbRx="0" />
<p fId="2" fbTx="296.7906424" lbTx="296.7906908" tId="0" fbRx="296.7906974" lbRx="0" />
<p fId="2" fbTx="296.7906424" lbTx="296.7906908" tId="1" fbRx="296.7906974" lbRx="0" />
<p fId="2" fbTx="296.7907018" lbTx="296.7907503" tId="0" fbRx="296.7907568" lbRx="0" />
<p fId="2" fbTx="296.7907018" lbTx="296.7907503" tId="0" fbRx="296.7907568" lbRx="0" />
<p fId="2" fbTx="296.7907018" lbTx="296.7907503" tId="1" fbRx="296.7907568" lbRx="0" />
<p fId="2" fbTx="296.7907632" lbTx="296.7908117" tId="0" fbRx="296.7908183" lbRx="0" />
<p fId="2" fbTx="296.7907632" lbTx="296.7908117" tId="0" fbRx="296.7908183" lbRx="0" />
<p fId="2" fbTx="296.7907632" lbTx="296.7908117" tId="1" fbRx="296.7908183" lbRx="0" />
<p fId="2" fbTx="296.7908207" lbTx="296.7908692" tId="0" fbRx="296.7908757" lbRx="0" />
<p fId="2" fbTx="296.7908207" lbTx="296.7908692" tId="0" fbRx="296.7908757" lbRx="0" />
<p fId="2" fbTx="296.7908207" lbTx="296.7908692" tId="1" fbRx="296.7908757" lbRx="0" />
<p fId="2" fbTx="296.7908771" lbTx="296.7909256" tId="0" fbRx="296.7909322" lbRx="0" />
<p fId="2" fbTx="296.7908771" lbTx="296.7909256" tId="0" fbRx="296.7909322" lbRx="0" />
<p fId="2" fbTx="296.7908771" lbTx="296.7909256" tId="1" fbRx="296.7909322" lbRx="0" />
<p fId="2" fbTx="296.7909326" lbTx="296.790981" tId="0" fbRx="296.7909876" lbRx="0" />
<p fId="2" fbTx="296.7909326" lbTx="296.790981" tId="0" fbRx="296.7909876" lbRx="0" />
<p fId="2" fbTx="296.7909326" lbTx="296.790981" tId="1" fbRx="296.7909876" lbRx="0" />
<p fId="2" fbTx="296.79099" lbTx="296.7910385" tId="0" fbRx="296.791045" lbRx="0" />
<p fId="2" fbTx="296.79099" lbTx="296.7910385" tId="0" fbRx="296.791045" lbRx="0" />
<p fId="2" fbTx="296.79099" lbTx="296.7910385" tId="1" fbRx="296.791045" lbRx="0" />
<p fId="2" fbTx="296.7910464" lbTx="296.7910949" tId="0" fbRx="296.7911015" lbRx="0" />
<p fId="2" fbTx="296.7910464" lbTx="296.7910949" tId="0" fbRx="296.7911015" lbRx="0" />
<p fId="2" fbTx="296.7910464" lbTx="296.7910949" tId="1" fbRx="296.7911015" lbRx="0" />
<p fId="2" fbTx="296.7911029" lbTx="296.7911514" tId="0" fbRx="296.7911579" lbRx="0" />
<p fId="2" fbTx="296.7911029" lbTx="296.7911514" tId="0" fbRx="296.7911579" lbRx="0" />
<p fId="2" fbTx="296.7911029" lbTx="296.7911514" tId="1" fbRx="296.7911579" lbRx="0" />
<p fId="2" fbTx="296.7911623" lbTx="296.7912108" tId="0" fbRx="296.7912174" lbRx="0" />
<p fId="2" fbTx="296.7911623" lbTx="296.7912108" tId="0" fbRx="296.7912174" lbRx="0" />
<p fId="2" fbTx="296.7911623" lbTx="296.7912108" tId="1" fbRx="296.7912174" lbRx="0" />
<p fId="2" fbTx="296.7912208" lbTx="296.7912692" tId="0" fbRx="296.7912758" lbRx="0" />
<p fId="2" fbTx="296.7912208" lbTx="296.7912692" tId="0" fbRx="296.7912758" lbRx="0" />
<p fId="2" fbTx="296.7912208" lbTx="296.7912692" tId="1" fbRx="296.7912758" lbRx="0" />
<p fId="2" fbTx="296.7912762" lbTx="296.7913247" tId="0" fbRx="296.7913312" lbRx="0" />
<p fId="2" fbTx="296.7912762" lbTx="296.7913247" tId="0" fbRx="296.7913312" lbRx="0" />
<p fId="2" fbTx="296.7912762" lbTx="296.7913247" tId="1" fbRx="296.7913312" lbRx="0" />
<p fId="2" fbTx="296.7913316" lbTx="296.7913801" tId="0" fbRx="296.7913867" lbRx="0" />
<p fId="2" fbTx="296.7913316" lbTx="296.7913801" tId="0" fbRx="296.7913867" lbRx="0" />
<p fId="2" fbTx="296.7913316" lbTx="296.7913801" tId="1" fbRx="296.7913867" lbRx="0" />
<p fId="2" fbTx="296.7913881" lbTx="296.7914366" tId="0" fbRx="296.7914431" lbRx="0" />
<p fId="2" fbTx="296.7913881" lbTx="296.7914366" tId="0" fbRx="296.7914431" lbRx="0" />
<p fId="2" fbTx="296.7913881" lbTx="296.7914366" tId="1" fbRx="296.7914431" lbRx="0" />
<p fId="2" fbTx="296.7914445" lbTx="296.791493" tId="0" fbRx="296.7914996" lbRx="0" />
<p fId="2" fbTx="296.7914445" lbTx="296.791493" tId="0" fbRx="296.7914996" lbRx="0" />
<p fId="2" fbTx="296.7914445" lbTx="296.791493" tId="1" fbRx="296.7914996" lbRx="0" />
<p fId="2" fbTx="296.7915" lbTx="296.7915484" tId="0" fbRx="296.791555" lbRx="0" />
<p fId="2" fbTx="296.7915" lbTx="296.7915484" tId="0" fbRx="296.791555" lbRx="0" />
<p fId="2" fbTx="296.7915" lbTx="296.7915484" tId="1" fbRx="296.791555" lbRx="0" />
<p fId="2" fbTx="296.7915584" lbTx="296.7916069" tId="0" fbRx="296.7916134" lbRx="0" />
<p fId="2" fbTx="296.7915584" lbTx="296.7916069" tId="0" fbRx="296.7916134" lbRx="0" />
<p fId="2" fbTx="296.7915584" lbTx="296.7916069" tId="1" fbRx="296.7916134" lbRx="0" />
<p fId="2" fbTx="296.7916138" lbTx="296.7916623" tId="0" fbRx="296.7916689" lbRx="0" />
<p fId="2" fbTx="296.7916138" lbTx="296.7916623" tId="0" fbRx="296.7916689" lbRx="0" />
<p fId="2" fbTx="296.7916138" lbTx="296.7916623" tId="1" fbRx="296.7916689" lbRx="0" />
<p fId="2" fbTx="296.7916713" lbTx="296.7917198" tId="0" fbRx="296.7917263" lbRx="0" />
<p fId="2" fbTx="296.7916713" lbTx="296.7917198" tId="0" fbRx="296.7917263" lbRx="0" />
<p fId="2" fbTx="296.7916713" lbTx="296.7917198" tId="1" fbRx="296.7917263" lbRx="0" />
<p fId="2" fbTx="296.7917397" lbTx="296.7917882" tId="0" fbRx="296.7917948" lbRx="0" />
<p fId="2" fbTx="296.7917397" lbTx="296.7917882" tId="0" fbRx="296.7917948" lbRx="0" />
<p fId="2" fbTx="296.7917397" lbTx="296.7917882" tId="1" fbRx="296.7917948" lbRx="0" />
<p fId="2" fbTx="296.7917972" lbTx="296.7918456" tId="0" fbRx="296.7918522" lbRx="0" />
<p fId="2" fbTx="296.7917972" lbTx="296.7918456" tId="0" fbRx="296.7918522" lbRx="0" />
<p fId="2" fbTx="296.7917972" lbTx="296.7918456" tId="1" fbRx="296.7918522" lbRx="0" />
<p fId="2" fbTx="296.7918556" lbTx="296.7919041" tId="0" fbRx="296.7919106" lbRx="0" />
<p fId="2" fbTx="296.7918556" lbTx="296.7919041" tId="0" fbRx="296.7919106" lbRx="0" />
<p fId="2" fbTx="296.7918556" lbTx="296.7919041" tId="1" fbRx="296.7919106" lbRx="0" />
<p fId="2" fbTx="296.791912" lbTx="296.7919605" tId="0" fbRx="296.7919671" lbRx="0" />
<p fId="2" fbTx="296.791912" lbTx="296.7919605" tId="0" fbRx="296.7919671" lbRx="0" />
<p fId="2" fbTx="296.791912" lbTx="296.7919605" tId="1" fbRx="296.7919671" lbRx="0" />
<p fId="2" fbTx="296.7919685" lbTx="296.792017" tId="0" fbRx="296.7920235" lbRx="0" />
<p fId="2" fbTx="296.7919685" lbTx="296.792017" tId="0" fbRx="296.7920235" lbRx="0" />
<p fId="2" fbTx="296.7919685" lbTx="296.792017" tId="1" fbRx="296.7920235" lbRx="0" />
<p fId="2" fbTx="296.7920269" lbTx="296.7920754" tId="0" fbRx="296.792082" lbRx="0" />
<p fId="2" fbTx="296.7920269" lbTx="296.7920754" tId="0" fbRx="296.792082" lbRx="0" />
<p fId="2" fbTx="296.7920269" lbTx="296.7920754" tId="1" fbRx="296.792082" lbRx="0" />
<p fId="2" fbTx="296.7920854" lbTx="296.7921338" tId="0" fbRx="296.7921404" lbRx="0" />
<p fId="2" fbTx="296.7920854" lbTx="296.7921338" tId="0" fbRx="296.7921404" lbRx="0" />
<p fId="2" fbTx="296.7920854" lbTx="296.7921338" tId="1" fbRx="296.7921404" lbRx="0" />
<p fId="2" fbTx="296.7921408" lbTx="296.7921893" tId="0" fbRx="296.7921958" lbRx="0" />
<p fId="2" fbTx="296.7921408" lbTx="296.7921893" tId="0" fbRx="296.7921958" lbRx="0" />
<p fId="2" fbTx="296.7921408" lbTx="296.7921893" tId="1" fbRx="296.7921958" lbRx="0" />
<p fId="2" fbTx="296.7921962" lbTx="296.7922447" tId="0" fbRx="296.7922513" lbRx="0" />
<p fId="2" fbTx="296.7921962" lbTx="296.7922447" tId="0" fbRx="296.7922513" lbRx="0" />
<p fId="2" fbTx="296.7921962" lbTx="296.7922447" tId="1" fbRx="296.7922513" lbRx="0" />
<p fId="2" fbTx="296.7922537" lbTx="296.7923022" tId="0" fbRx="296.7923087" lbRx="0" />
<p fId="2" fbTx="296.7922537" lbTx="296.7923022" tId="0" fbRx="296.7923087" lbRx="0" />
<p fId="2" fbTx="296.7922537" lbTx="296.7923022" tId="1" fbRx="296.7923087" lbRx="0" />
<p fId="2" fbTx="296.7923091" lbTx="296.7923576" tId="0" fbRx="296.7923642" lbRx="0" />
<p fId="2" fbTx="296.7923091" lbTx="296.7923576" tId="0" fbRx="296.7923642" lbRx="0" />
<p fId="2" fbTx="296.7923091" lbTx="296.7923576" tId="1" fbRx="296.7923642" lbRx="0" />
<p fId="2" fbTx="296.7923646" lbTx="296.792413" tId="0" fbRx="296.7924196" lbRx="0" />
<p fId="2" fbTx="296.7923646" lbTx="296.792413" tId="0" fbRx="296.7924196" lbRx="0" />
<p fId="2" fbTx="296.7923646" lbTx="296.792413" tId="1" fbRx="296.7924196" lbRx="0" />
<p fId="2" fbTx="296.79242" lbTx="296.7924685" tId="0" fbRx="296.792475" lbRx="0" />
<p fId="2" fbTx="296.79242" lbTx="296.7924685" tId="0" fbRx="296.792475" lbRx="0" />
<p fId="2" fbTx="296.79242" lbTx="296.7924685" tId="1" fbRx="296.792475" lbRx="0" />
<p fId="2" fbTx="296.7924864" lbTx="296.7925349" tId="0" fbRx="296.7925415" lbRx="0" />
<p fId="2" fbTx="296.7924864" lbTx="296.7925349" tId="0" fbRx="296.7925415" lbRx="0" />
<p fId="2" fbTx="296.7924864" lbTx="296.7925349" tId="1" fbRx="296.7925415" lbRx="0" />
<p fId="2" fbTx="296.7925429" lbTx="296.7925914" tId="0" fbRx="296.7925979" lbRx="0" />
<p fId="2" fbTx="296.7925429" lbTx="296.7925914" tId="0" fbRx="296.7925979" lbRx="0" />
<p fId="2" fbTx="296.7925429" lbTx="296.7925914" tId="1" fbRx="296.7925979" lbRx="0" />
<p fId="2" fbTx="296.7926063" lbTx="296.7926548" tId="0" fbRx="296.7926614" lbRx="0" />
<p fId="2" fbTx="296.7926063" lbTx="296.7926548" tId="0" fbRx="296.7926614" lbRx="0" />
<p fId="2" fbTx="296.7926063" lbTx="296.7926548" tId="1" fbRx="296.7926614" lbRx="0" />
<p fId="2" fbTx="296.7926628" lbTx="296.7927112" tId="0" fbRx="296.7927178" lbRx="0" />
<p fId="2" fbTx="296.7926628" lbTx="296.7927112" tId="0" fbRx="296.7927178" lbRx="0" />
<p fId="2" fbTx="296.7926628" lbTx="296.7927112" tId="1" fbRx="296.7927178" lbRx="0" />
<p fId="2" fbTx="296.7927212" lbTx="296.7927697" tId="0" fbRx="296.7927762" lbRx="0" />
<p fId="2" fbTx="296.7927212" lbTx="296.7927697" tId="0" fbRx="296.7927762" lbRx="0" />
<p fId="2" fbTx="296.7927212" lbTx="296.7927697" tId="1" fbRx="296.7927762" lbRx="0" />
<p fId="2" fbTx="296.7927766" lbTx="296.7928251" tId="0" fbRx="296.7928317" lbRx="0" />
<p fId="2" fbTx="296.7927766" lbTx="296.7928251" tId="0" fbRx="296.7928317" lbRx="0" />
<p fId="2" fbTx="296.7927766" lbTx="296.7928251" tId="1" fbRx="296.7928317" lbRx="0" />
<p fId="2" fbTx="296.7928331" lbTx="296.7928816" tId="0" fbRx="296.7928881" lbRx="0" />
<p fId="2" fbTx="296.7928331" lbTx="296.7928816" tId="0" fbRx="296.7928881" lbRx="0" />
<p fId="2" fbTx="296.7928331" lbTx="296.7928816" tId="1" fbRx="296.7928881" lbRx="0" />
<p fId="2" fbTx="296.7928905" lbTx="296.792939" tId="0" fbRx="296.7929456" lbRx="0" />
<p fId="2" fbTx="296.7928905" lbTx="296.792939" tId="0" fbRx="296.7929456" lbRx="0" />
<p fId="2" fbTx="296.7928905" lbTx="296.792939" tId="1" fbRx="296.7929456" lbRx="0" />
<p fId="2" fbTx="296.792949" lbTx="296.7929974" tId="0" fbRx="296.793004" lbRx="0" />
<p fId="2" fbTx="296.792949" lbTx="296.7929974" tId="0" fbRx="296.793004" lbRx="0" />
<p fId="2" fbTx="296.792949" lbTx="296.7929974" tId="1" fbRx="296.793004" lbRx="0" />
<p fId="2" fbTx="296.7930084" lbTx="296.7930569" tId="0" fbRx="296.7930634" lbRx="0" />
<p fId="2" fbTx="296.7930084" lbTx="296.7930569" tId="0" fbRx="296.7930634" lbRx="0" />
<p fId="2" fbTx="296.7930084" lbTx="296.7930569" tId="1" fbRx="296.7930634" lbRx="0" />
<p fId="2" fbTx="296.7930638" lbTx="296.7931123" tId="0" fbRx="296.7931189" lbRx="0" />
<p fId="2" fbTx="296.7930638" lbTx="296.7931123" tId="0" fbRx="296.7931189" lbRx="0" />
<p fId="2" fbTx="296.7930638" lbTx="296.7931123" tId="1" fbRx="296.7931189" lbRx="0" />
<p fId="2" fbTx="296.7931223" lbTx="296.7931708" tId="0" fbRx="296.7931773" lbRx="0" />
<p fId="2" fbTx="296.7931223" lbTx="296.7931708" tId="0" fbRx="296.7931773" lbRx="0" />
<p fId="2" fbTx="296.7931223" lbTx="296.7931708" tId="1" fbRx="296.7931773" lbRx="0" />
<p fId="2" fbTx="296.7931787" lbTx="296.7932272" tId="0" fbRx="296.7932338" lbRx="0" />
<p fId="2" fbTx="296.7931787" lbTx="296.7932272" tId="0" fbRx="296.7932338" lbRx="0" />
<p fId="2" fbTx="296.7931787" lbTx="296.7932272" tId="1" fbRx="296.7932338" lbRx="0" />
<p fId="2" fbTx="296.7932342" lbTx="296.7932826" tId="0" fbRx="296.7932892" lbRx="0" />
<p fId="2" fbTx="296.7932342" lbTx="296.7932826" tId="0" fbRx="296.7932892" lbRx="0" />
<p fId="2" fbTx="296.7932342" lbTx="296.7932826" tId="1" fbRx="296.7932892" lbRx="0" />
<p fId="2" fbTx="296.7932926" lbTx="296.7933411" tId="0" fbRx="296.7933476" lbRx="0" />
<p fId="2" fbTx="296.7932926" lbTx="296.7933411" tId="0" fbRx="296.7933476" lbRx="0" />
<p fId="2" fbTx="296.7932926" lbTx="296.7933411" tId="1" fbRx="296.7933476" lbRx="0" />
<p fId="2" fbTx="296.79335" lbTx="296.7933985" tId="0" fbRx="296.7934051" lbRx="0" />
<p fId="2" fbTx="296.79335" lbTx="296.7933985" tId="0" fbRx="296.7934051" lbRx="0" />
<p fId="2" fbTx="296.79335" lbTx="296.7933985" tId="1" fbRx="296.7934051" lbRx="0" />
<p fId="2" fbTx="296.7934075" lbTx="296.793456" tId="0" fbRx="296.7934625" lbRx="0" />
<p fId="2" fbTx="296.7934075" lbTx="296.793456" tId="0" fbRx="296.7934625" lbRx="0" />
<p fId="2" fbTx="296.7934075" lbTx="296.793456" tId="1" fbRx="296.7934625" lbRx="0" />
<p fId="2" fbTx="296.7934639" lbTx="296.7935096" tId="0" fbRx="296.7935162" lbRx="0" />
<p fId="2" fbTx="296.7934639" lbTx="296.7935096" tId="0" fbRx="296.7935162" lbRx="0" />
<p fId="2" fbTx="296.7934639" lbTx="296.7935096" tId="1" fbRx="296.7935162" lbRx="0" />
<p fId="0" fbTx="296.7936891" lbTx="296.7936947" tId="1" fbRx="296.7937013" lbRx="0" />
<p fId="0" fbTx="296.7936891" lbTx="296.7936947" tId="2" fbRx="296.7937013" lbRx="0" />
<p fId="0" fbTx="296.7936891" lbTx="296.7936947" tId="2" fbRx="296.7937013" lbRx="0" />
<p fId="0" fbTx="296.7937027" lbTx="296.7937083" tId="1" fbRx="296.7937148" lbRx="0" />
<p fId="0" fbTx="296.7937027" lbTx="296.7937083" tId="2" fbRx="296.7937148" lbRx="0" />
<p fId="0" fbTx="296.7937027" lbTx="296.7937083" tId="2" fbRx="296.7937148" lbRx="0" />
<p fId="0" fbTx="296.7937172" lbTx="296.7937228" tId="1" fbRx="296.7937294" lbRx="0" />
<p fId="0" fbTx="296.7937172" lbTx="296.7937228" tId="2" fbRx="296.7937294" lbRx="0" />
<p fId="0" fbTx="296.7937172" lbTx="296.7937228" tId="2" fbRx="296.7937294" lbRx="0" />
<p fId="0" fbTx="296.7937318" lbTx="296.7937374" tId="1" fbRx="296.793744" lbRx="0" />
<p fId="0" fbTx="296.7937318" lbTx="296.7937374" tId="2" fbRx="296.793744" lbRx="0" />
<p fId="0" fbTx="296.7937318" lbTx="296.7937374" tId="2" fbRx="296.793744" lbRx="0" />
<p fId="0" fbTx="296.7937444" lbTx="296.79375" tId="1" fbRx="296.7937565" lbRx="0" />
<p fId="0" fbTx="296.7937444" lbTx="296.79375" tId="2" fbRx="296.7937565" lbRx="0" />
<p fId="0" fbTx="296.7937444" lbTx="296.79375" tId="2" fbRx="296.7937565" lbRx="0" />
<p fId="0" fbTx="296.7937569" lbTx="296.7937625" tId="1" fbRx="296.7937691" lbRx="0" />
<p fId="0" fbTx="296.7937569" lbTx="296.7937625" tId="2" fbRx="296.7937691" lbRx="0" />
<p fId="0" fbTx="296.7937569" lbTx="296.7937625" tId="2" fbRx="296.7937691" lbRx="0" />
<p fId="0" fbTx="296.7937785" lbTx="296.7937841" tId="1" fbRx="296.7937906" lbRx="0" />
<p fId="0" fbTx="296.7937785" lbTx="296.7937841" tId="2" fbRx="296.7937906" lbRx="0" />
<p fId="0" fbTx="296.7937785" lbTx="296.7937841" tId="2" fbRx="296.7937906" lbRx="0" />
<p fId="0" fbTx="296.793791" lbTx="296.7937966" tId="1" fbRx="296.7938032" lbRx="0" />
<p fId="0" fbTx="296.793791" lbTx="296.7937966" tId="2" fbRx="296.7938032" lbRx="0" />
<p fId="0" fbTx="296.793791" lbTx="296.7937966" tId="2" fbRx="296.7938032" lbRx="0" />
<p fId="0" fbTx="296.7938036" lbTx="296.7938092" tId="1" fbRx="296.7938158" lbRx="0" />
<p fId="0" fbTx="296.7938036" lbTx="296.7938092" tId="2" fbRx="296.7938158" lbRx="0" />
<p fId="0" fbTx="296.7938036" lbTx="296.7938092" tId="2" fbRx="296.7938158" lbRx="0" />
<p fId="0" fbTx="296.7938162" lbTx="296.7938218" tId="1" fbRx="296.7938283" lbRx="0" />
<p fId="0" fbTx="296.7938162" lbTx="296.7938218" tId="2" fbRx="296.7938283" lbRx="0" />
<p fId="0" fbTx="296.7938162" lbTx="296.7938218" tId="2" fbRx="296.7938283" lbRx="0" />
<p fId="0" fbTx="296.7938317" lbTx="296.7938373" tId="1" fbRx="296.7938439" lbRx="0" />
<p fId="0" fbTx="296.7938317" lbTx="296.7938373" tId="2" fbRx="296.7938439" lbRx="0" />
<p fId="0" fbTx="296.7938317" lbTx="296.7938373" tId="2" fbRx="296.7938439" lbRx="0" />
<p fId="0" fbTx="296.7938453" lbTx="296.7938509" tId="1" fbRx="296.7938574" lbRx="0" />
<p fId="0" fbTx="296.7938453" lbTx="296.7938509" tId="2" fbRx="296.7938574" lbRx="0" />
<p fId="0" fbTx="296.7938453" lbTx="296.7938509" tId="2" fbRx="296.7938574" lbRx="0" />
<p fId="0" fbTx="296.7938588" lbTx="296.7938644" tId="1" fbRx="296.793871" lbRx="0" />
<p fId="0" fbTx="296.7938588" lbTx="296.7938644" tId="2" fbRx="296.793871" lbRx="0" />
<p fId="0" fbTx="296.7938588" lbTx="296.7938644" tId="2" fbRx="296.793871" lbRx="0" />
<p fId="0" fbTx="296.7938834" lbTx="296.793889" tId="1" fbRx="296.7938956" lbRx="0" />
<p fId="0" fbTx="296.7938834" lbTx="296.793889" tId="2" fbRx="296.7938956" lbRx="0" />
<p fId="0" fbTx="296.7938834" lbTx="296.793889" tId="2" fbRx="296.7938956" lbRx="0" />
<p fId="0" fbTx="296.793902" lbTx="296.7939076" tId="1" fbRx="296.7939141" lbRx="0" />
<p fId="0" fbTx="296.793902" lbTx="296.7939076" tId="2" fbRx="296.7939141" lbRx="0" />
<p fId="0" fbTx="296.793902" lbTx="296.7939076" tId="2" fbRx="296.7939141" lbRx="0" />
<p fId="0" fbTx="296.7939165" lbTx="296.7939221" tId="1" fbRx="296.7939287" lbRx="0" />
<p fId="0" fbTx="296.7939165" lbTx="296.7939221" tId="2" fbRx="296.7939287" lbRx="0" />
<p fId="0" fbTx="296.7939165" lbTx="296.7939221" tId="2" fbRx="296.7939287" lbRx="0" />
<p fId="0" fbTx="296.7939331" lbTx="296.7939387" tId="1" fbRx="296.7939452" lbRx="0" />
<p fId="0" fbTx="296.7939331" lbTx="296.7939387" tId="2" fbRx="296.7939452" lbRx="0" />
<p fId="0" fbTx="296.7939331" lbTx="296.7939387" tId="2" fbRx="296.7939452" lbRx="0" />
<p fId="0" fbTx="296.7939456" lbTx="296.7939512" tId="1" fbRx="296.7939578" lbRx="0" />
<p fId="0" fbTx="296.7939456" lbTx="296.7939512" tId="2" fbRx="296.7939578" lbRx="0" />
<p fId="0" fbTx="296.7939456" lbTx="296.7939512" tId="2" fbRx="296.7939578" lbRx="0" />
<p fId="0" fbTx="296.7939592" lbTx="296.7939648" tId="1" fbRx="296.7939714" lbRx="0" />
<p fId="0" fbTx="296.7939592" lbTx="296.7939648" tId="2" fbRx="296.7939714" lbRx="0" />
<p fId="0" fbTx="296.7939592" lbTx="296.7939648" tId="2" fbRx="296.7939714" lbRx="0" />
<p fId="0" fbTx="296.7939768" lbTx="296.7939824" tId="1" fbRx="296.7939889" lbRx="0" />
<p fId="0" fbTx="296.7939768" lbTx="296.7939824" tId="2" fbRx="296.7939889" lbRx="0" />
<p fId="0" fbTx="296.7939768" lbTx="296.7939824" tId="2" fbRx="296.7939889" lbRx="0" />
<p fId="0" fbTx="296.7939903" lbTx="296.7939959" tId="1" fbRx="296.7940025" lbRx="0" />
<p fId="0" fbTx="296.7939903" lbTx="296.7939959" tId="2" fbRx="296.7940025" lbRx="0" />
<p fId="0" fbTx="296.7939903" lbTx="296.7939959" tId="2" fbRx="296.7940025" lbRx="0" />
<p fId="0" fbTx="296.7940029" lbTx="296.7940085" tId="1" fbRx="296.794015" lbRx="0" />
<p fId="0" fbTx="296.7940029" lbTx="296.7940085" tId="2" fbRx="296.794015" lbRx="0" />
<p fId="0" fbTx="296.7940029" lbTx="296.7940085" tId="2" fbRx="296.794015" lbRx="0" />
<p fId="0" fbTx="296.7940284" lbTx="296.794034" tId="1" fbRx="296.7940406" lbRx="0" />
<p fId="0" fbTx="296.7940284" lbTx="296.794034" tId="2" fbRx="296.7940406" lbRx="0" />
<p fId="0" fbTx="296.7940284" lbTx="296.794034" tId="2" fbRx="296.7940406" lbRx="0" />
<p fId="0" fbTx="296.794043" lbTx="296.7940486" tId="1" fbRx="296.7940552" lbRx="0" />
<p fId="0" fbTx="296.794043" lbTx="296.7940486" tId="2" fbRx="296.7940552" lbRx="0" />
<p fId="0" fbTx="296.794043" lbTx="296.7940486" tId="2" fbRx="296.7940552" lbRx="0" />
<p fId="0" fbTx="296.7940556" lbTx="296.7940612" tId="1" fbRx="296.7940677" lbRx="0" />
<p fId="0" fbTx="296.7940556" lbTx="296.7940612" tId="2" fbRx="296.7940677" lbRx="0" />
<p fId="0" fbTx="296.7940556" lbTx="296.7940612" tId="2" fbRx="296.7940677" lbRx="0" />
<p fId="0" fbTx="296.7940701" lbTx="296.7940757" tId="1" fbRx="296.7940823" lbRx="0" />
<p fId="0" fbTx="296.7940701" lbTx="296.7940757" tId="2" fbRx="296.7940823" lbRx="0" />
<p fId="0" fbTx="296.7940701" lbTx="296.7940757" tId="2" fbRx="296.7940823" lbRx="0" />
<p fId="0" fbTx="296.7940847" lbTx="296.7940903" tId="1" fbRx="296.7940968" lbRx="0" />
<p fId="0" fbTx="296.7940847" lbTx="296.7940903" tId="2" fbRx="296.7940968" lbRx="0" />
<p fId="0" fbTx="296.7940847" lbTx="296.7940903" tId="2" fbRx="296.7940968" lbRx="0" />
<p fId="0" fbTx="296.7940982" lbTx="296.7941038" tId="1" fbRx="296.7941104" lbRx="0" />
<p fId="0" fbTx="296.7940982" lbTx="296.7941038" tId="2" fbRx="296.7941104" lbRx="0" />
<p fId="0" fbTx="296.7940982" lbTx="296.7941038" tId="2" fbRx="296.7941104" lbRx="0" />
<p fId="0" fbTx="296.7941138" lbTx="296.7941194" tId="1" fbRx="296.794126" lbRx="0" />
<p fId="0" fbTx="296.7941138" lbTx="296.7941194" tId="2" fbRx="296.794126" lbRx="0" />
<p fId="0" fbTx="296.7941138" lbTx="296.7941194" tId="2" fbRx="296.794126" lbRx="0" />
<p fId="0" fbTx="296.7941264" lbTx="296.794132" tId="1" fbRx="296.7941385" lbRx="0" />
<p fId="0" fbTx="296.7941264" lbTx="296.794132" tId="2" fbRx="296.7941385" lbRx="0" />
<p fId="0" fbTx="296.7941264" lbTx="296.794132" tId="2" fbRx="296.7941385" lbRx="0" />
<p fId="0" fbTx="296.7941419" lbTx="296.7941475" tId="1" fbRx="296.7941541" lbRx="0" />
<p fId="0" fbTx="296.7941419" lbTx="296.7941475" tId="2" fbRx="296.7941541" lbRx="0" />
<p fId="0" fbTx="296.7941419" lbTx="296.7941475" tId="2" fbRx="296.7941541" lbRx="0" />
<p fId="0" fbTx="296.7941675" lbTx="296.7941731" tId="1" fbRx="296.7941796" lbRx="0" />
<p fId="0" fbTx="296.7941675" lbTx="296.7941731" tId="2" fbRx="296.7941796" lbRx="0" />
<p fId="0" fbTx="296.7941675" lbTx="296.7941731" tId="2" fbRx="296.7941796" lbRx="0" />
<p fId="0" fbTx="296.79418" lbTx="296.7941856" tId="1" fbRx="296.7941922" lbRx="0" />
<p fId="0" fbTx="296.79418" lbTx="296.7941856" tId="2" fbRx="296.7941922" lbRx="0" />
<p fId="0" fbTx="296.79418" lbTx="296.7941856" tId="2" fbRx="296.7941922" lbRx="0" />
<p fId="0" fbTx="296.7941936" lbTx="296.7941992" tId="1" fbRx="296.7942058" lbRx="0" />
<p fId="0" fbTx="296.7941936" lbTx="296.7941992" tId="2" fbRx="296.7942058" lbRx="0" />
<p fId="0" fbTx="296.7941936" lbTx="296.7941992" tId="2" fbRx="296.7942058" lbRx="0" />
<p fId="0" fbTx="296.7942072" lbTx="296.7942128" tId="1" fbRx="296.7942193" lbRx="0" />
<p fId="0" fbTx="296.7942072" lbTx="296.7942128" tId="2" fbRx="296.7942193" lbRx="0" />
<p fId="0" fbTx="296.7942072" lbTx="296.7942128" tId="2" fbRx="296.7942193" lbRx="0" />
<p fId="0" fbTx="296.7942207" lbTx="296.7942263" tId="1" fbRx="296.7942329" lbRx="0" />
<p fId="0" fbTx="296.7942207" lbTx="296.7942263" tId="2" fbRx="296.7942329" lbRx="0" />
<p fId="0" fbTx="296.7942207" lbTx="296.7942263" tId="2" fbRx="296.7942329" lbRx="0" />
<p fId="0" fbTx="296.7942363" lbTx="296.7942419" tId="1" fbRx="296.7942484" lbRx="0" />
<p fId="0" fbTx="296.7942363" lbTx="296.7942419" tId="2" fbRx="296.7942484" lbRx="0" />
<p fId="0" fbTx="296.7942363" lbTx="296.7942419" tId="2" fbRx="296.7942484" lbRx="0" />
<p fId="0" fbTx="296.7942508" lbTx="296.7942564" tId="1" fbRx="296.794263" lbRx="0" />
<p fId="0" fbTx="296.7942508" lbTx="296.7942564" tId="2" fbRx="296.794263" lbRx="0" />
<p fId="0" fbTx="296.7942508" lbTx="296.7942564" tId="2" fbRx="296.794263" lbRx="0" />
<p fId="0" fbTx="296.7942634" lbTx="296.794269" tId="1" fbRx="296.7942756" lbRx="0" />
<p fId="0" fbTx="296.7942634" lbTx="296.794269" tId="2" fbRx="296.7942756" lbRx="0" />
<p fId="0" fbTx="296.7942634" lbTx="296.794269" tId="2" fbRx="296.7942756" lbRx="0" />
<p fId="0" fbTx="296.794278" lbTx="296.7942836" tId="1" fbRx="296.7942901" lbRx="0" />
<p fId="0" fbTx="296.794278" lbTx="296.7942836" tId="2" fbRx="296.7942901" lbRx="0" />
<p fId="0" fbTx="296.794278" lbTx="296.7942836" tId="2" fbRx="296.7942901" lbRx="0" />
<p fId="0" fbTx="296.7942905" lbTx="296.7942961" tId="1" fbRx="296.7943027" lbRx="0" />
<p fId="0" fbTx="296.7942905" lbTx="296.7942961" tId="2" fbRx="296.7943027" lbRx="0" />
<p fId="0" fbTx="296.7942905" lbTx="296.7942961" tId="2" fbRx="296.7943027" lbRx="0" />
<p fId="0" fbTx="296.7943181" lbTx="296.7943237" tId="1" fbRx="296.7943302" lbRx="0" />
<p fId="0" fbTx="296.7943181" lbTx="296.7943237" tId="2" fbRx="296.7943302" lbRx="0" />
<p fId="0" fbTx="296.7943181" lbTx="296.7943237" tId="2" fbRx="296.7943302" lbRx="0" />
<p fId="0" fbTx="296.7943306" lbTx="296.7943362" tId="1" fbRx="296.7943428" lbRx="0" />
<p fId="0" fbTx="296.7943306" lbTx="296.7943362" tId="2" fbRx="296.7943428" lbRx="0" />
<p fId="0" fbTx="296.7943306" lbTx="296.7943362" tId="2" fbRx="296.7943428" lbRx="0" />
<p fId="0" fbTx="296.7943472" lbTx="296.7943528" tId="1" fbRx="296.7943594" lbRx="0" />
<p fId="0" fbTx="296.7943472" lbTx="296.7943528" tId="2" fbRx="296.7943594" lbRx="0" />
<p fId="0" fbTx="296.7943472" lbTx="296.7943528" tId="2" fbRx="296.7943594" lbRx="0" />
<p fId="0" fbTx="296.7943668" lbTx="296.7943724" tId="1" fbRx="296.7943789" lbRx="0" />
<p fId="0" fbTx="296.7943668" lbTx="296.7943724" tId="2" fbRx="296.7943789" lbRx="0" />
<p fId="0" fbTx="296.7943668" lbTx="296.7943724" tId="2" fbRx="296.7943789" lbRx="0" />
<p fId="0" fbTx="296.7943823" lbTx="296.7943879" tId="1" fbRx="296.7943945" lbRx="0" />
<p fId="0" fbTx="296.7943823" lbTx="296.7943879" tId="2" fbRx="296.7943945" lbRx="0" />
<p fId="0" fbTx="296.7943823" lbTx="296.7943879" tId="2" fbRx="296.7943945" lbRx="0" />
<p fId="0" fbTx="296.7943959" lbTx="296.7944015" tId="1" fbRx="296.794408" lbRx="0" />
<p fId="0" fbTx="296.7943959" lbTx="296.7944015" tId="2" fbRx="296.794408" lbRx="0" />
<p fId="0" fbTx="296.7943959" lbTx="296.7944015" tId="2" fbRx="296.794408" lbRx="0" />
<p fId="0" fbTx="296.7944094" lbTx="296.794415" tId="1" fbRx="296.7944216" lbRx="0" />
<p fId="0" fbTx="296.7944094" lbTx="296.794415" tId="2" fbRx="296.7944216" lbRx="0" />
<p fId="0" fbTx="296.7944094" lbTx="296.794415" tId="2" fbRx="296.7944216" lbRx="0" />
<p fId="0" fbTx="296.794424" lbTx="296.7944296" tId="1" fbRx="296.7944362" lbRx="0" />
<p fId="0" fbTx="296.794424" lbTx="296.7944296" tId="2" fbRx="296.7944362" lbRx="0" />
<p fId="0" fbTx="296.794424" lbTx="296.7944296" tId="2" fbRx="296.7944362" lbRx="0" />
<p fId="0" fbTx="296.7944376" lbTx="296.7944432" tId="1" fbRx="296.7944497" lbRx="0" />
<p fId="0" fbTx="296.7944376" lbTx="296.7944432" tId="2" fbRx="296.7944497" lbRx="0" />
<p fId="0" fbTx="296.7944376" lbTx="296.7944432" tId="2" fbRx="296.7944497" lbRx="0" />
<p fId="0" fbTx="296.7944541" lbTx="296.7944597" tId="1" fbRx="296.7944663" lbRx="0" />
<p fId="0" fbTx="296.7944541" lbTx="296.7944597" tId="2" fbRx="296.7944663" lbRx="0" />
<p fId="0" fbTx="296.7944541" lbTx="296.7944597" tId="2" fbRx="296.7944663" lbRx="0" />
<p fId="0" fbTx="296.7944667" lbTx="296.7944723" tId="1" fbRx="296.7944788" lbRx="0" />
<p fId="0" fbTx="296.7944667" lbTx="296.7944723" tId="2" fbRx="296.7944788" lbRx="0" />
<p fId="0" fbTx="296.7944667" lbTx="296.7944723" tId="2" fbRx="296.7944788" lbRx="0" />
<p fId="0" fbTx="296.7944822" lbTx="296.7944878" tId="1" fbRx="296.7944944" lbRx="0" />
<p fId="0" fbTx="296.7944822" lbTx="296.7944878" tId="2" fbRx="296.7944944" lbRx="0" />
<p fId="0" fbTx="296.7944822" lbTx="296.7944878" tId="2" fbRx="296.7944944" lbRx="0" />
<p fId="0" fbTx="296.7945038" lbTx="296.7945094" tId="1" fbRx="296.794516" lbRx="0" />
<p fId="0" fbTx="296.7945038" lbTx="296.7945094" tId="2" fbRx="296.794516" lbRx="0" />
<p fId="0" fbTx="296.7945038" lbTx="296.7945094" tId="2" fbRx="296.794516" lbRx="0" />
<p fId="0" fbTx="296.7945254" lbTx="296.794531" tId="1" fbRx="296.7945375" lbRx="0" />
<p fId="0" fbTx="296.7945254" lbTx="296.794531" tId="2" fbRx="296.7945375" lbRx="0" />
<p fId="0" fbTx="296.7945254" lbTx="296.794531" tId="2" fbRx="296.7945375" lbRx="0" />
<p fId="0" fbTx="296.7945379" lbTx="296.7945435" tId="1" fbRx="296.7945501" lbRx="0" />
<p fId="0" fbTx="296.7945379" lbTx="296.7945435" tId="2" fbRx="296.7945501" lbRx="0" />
<p fId="0" fbTx="296.7945379" lbTx="296.7945435" tId="2" fbRx="296.7945501" lbRx="0" />
<p fId="0" fbTx="296.9935162" lbTx="296.9935218" tId="1" fbRx="296.9935283" lbRx="0" />
<p fId="0" fbTx="296.9935162" lbTx="296.9935218" tId="2" fbRx="296.9935283" lbRx="0" />
<p fId="0" fbTx="296.9935162" lbTx="296.9935218" tId="2" fbRx="296.9935283" lbRx="0" />
<p fId="0" fbTx="300" lbTx="300.0000056" tId="1" fbRx="300.0000122" lbRx="0" />
<p fId="0" fbTx="300" lbTx="300.0000056" tId="2" fbRx="300.0000122" lbRx="0" />
<p fId="0" fbTx="300" lbTx="300.0000056" tId="2" fbRx="300.0000122" lbRx="0" />
<p fId="2" fbTx="300.0000132" lbTx="300.0000188" tId="0" fbRx="300.0000253" lbRx="0" />
<p fId="2" fbTx="300.0000132" lbTx="300.0000188" tId="0" fbRx="300.0000253" lbRx="0" />
<p fId="2" fbTx="300.0000132" lbTx="300.0000188" tId="1" fbRx="300.0000253" lbRx="0" />
<p fId="0" fbTx="300.0000263" lbTx="300.0000319" tId="1" fbRx="300.0000385" lbRx="0" />
<p fId="0" fbTx="300.0000263" lbTx="300.0000319" tId="2" fbRx="300.0000385" lbRx="0" />
<p fId="0" fbTx="300.0000263" lbTx="300.0000319" tId="2" fbRx="300.0000385" lbRx="0" />
<p fId="1" fbTx="300.000062" lbTx="300.0000676" tId="0" fbRx="300.0000742" lbRx="0" />
<p fId="1" fbTx="300.000062" lbTx="300.0000676" tId="2" fbRx="300.0000742" lbRx="0" />
<p fId="1" fbTx="300.000062" lbTx="300.0000676" tId="2" fbRx="300.0000742" lbRx="0" />
<p fId="2" fbTx="300.0000752" lbTx="300.0000808" tId="0" fbRx="300.0000873" lbRx="0" />
<p fId="2" fbTx="300.0000752" lbTx="300.0000808" tId="1" fbRx="300.0000873" lbRx="0" />
<p fId="2" fbTx="300.0000752" lbTx="300.0000808" tId="1" fbRx="300.0000873" lbRx="0" />
<p fId="1" fbTx="300.0000883" lbTx="300.0000939" tId="0" fbRx="300.0001005" lbRx="0" />
<p fId="1" fbTx="300.0000883" lbTx="300.0000939" tId="2" fbRx="300.0001005" lbRx="0" />
<p fId="1" fbTx="300.0000883" lbTx="300.0000939" tId="2" fbRx="300.0001005" lbRx="0" />
</anim>
